<?xml version="1.0" encoding="UTF-8"?>
<testsuites name="Regress 5" time="2680.23" tests="10" failures="3" errors="0">
   <testsuite name="Regress 5" tests="10" failures="3" errors="0" time="2680.23" skipped="0" timestamp="2022-07-14 13:11:40" hostname="a00139272 - localhost" id="Test Suites/Regress 5">
      <properties>
         <property name="deviceName" value="Xiaomi 21061119AG (Android 11)"/>
         <property name="devicePlatform" value=""/>
         <property name="logFolder" value="/Users/a00139272/git/MAE-BAU-MY/Reports/20220714_131130/Regress 5/20220714_131130"/>
         <property name="logFiles" value="/Users/a00139272/git/MAE-BAU-MY/Reports/20220714_131130/Regress 5/20220714_131130/execution0.log, /Users/a00139272/git/MAE-BAU-MY/Reports/20220714_131130/Regress 5/20220714_131130/appium.log"/>
         <property name="attachments" value="/Users/a00139272/Desktop/Screenshot/asnbTransfer.png, /Users/a00139272/Desktop/Screenshot/instantThirdParty.png, /Users/a00139272/Desktop/Screenshot/thirdPartyFuture.png, /Users/a00139272/Desktop/Screenshot/thirdPartySetFav.png, /Users/a00139272/Desktop/Screenshot/thirdPartyFav.png, /Users/a00139272/git/MAEAutomation2/Duitnow/1.png, /Users/a00139272/git/MAEAutomation2/Duitnow/2.png, /Users/a00139272/git/MAEAutomation2/Duitnow/3.png, /Users/a00139272/git/MAEAutomation2/Duitnow/1.png, /Users/a00139272/Desktop/Screenshot/duitNowMobile.png, /Users/a00139272/Desktop/Screenshot/duitNowRecurring.png, /Users/a00139272/Desktop/Screenshot/duitNowAddFav.png, /Users/a00139272/Desktop/Screenshot/duitNowFav.png"/>
         <property name="hostName" value="a00139272 - localhost"/>
         <property name="os" value="Mac OS X 64bit"/>
         <property name="appiumServerStatus" value="{&quot;value&quot;:{&quot;build&quot;:{&quot;version&quot;:&quot;1.22.1&quot;}},&quot;sessionId&quot;:null,&quot;status&quot;:0}"/>
         <property name="katalonVersion" value="8.3.5.208"/>
         <property name="deviceOS" value="Android"/>
         <property name="appiumVersion" value="1.22.1"/>
         <property name="deviceModel" value="21061119AG"/>
         <property name="hostAddress" value="127.0.0.1"/>
         <property name="deviceManufacturer" value="Xiaomi"/>
         <property name="deviceId" value="002b9cc60508"/>
         <property name="deviceName" value="Xiaomi 21061119AG (Android 11)"/>
         <property name="deviceOSVersion" value="11"/>
      </properties>
      <testcase name="Test Cases/Transfer/asnb_asnbTransfer" time="542.77" classname="Test Cases/Transfer/asnb_asnbTransfer" status="PASSED">
         <system-out><![CDATA[2022-07-14 13:11:40 - [TEST_CASE][PASSED] - Test Cases/Transfer/asnb_asnbTransfer: Test Cases/Transfer/asnb_asnbTransfer

2022-07-14 13:11:41 - [TEST_STEP][PASSED] - setMobileDriverPreferencesProperty("appPackage", "com.maybank2u.life.sit"): null

2022-07-14 13:11:41 - [TEST_STEP][PASSED] - setMobileDriverPreferencesProperty("appActivity", "com.maybank2u.life.MainActivity"): null

2022-07-14 13:11:41 - [TEST_STEP][PASSED] - startApplication("/Users/a00139272/Katalon Studio/MAE/androidapp/app-sit-universal-release-copy.apk", false): Started app at: '/Users/a00139272/Katalon Studio/MAE/androidapp/app-sit-universal-release-copy.apk'

2022-07-14 13:11:41 - [MESSAGE][INFO] - User set preference: ['appWaitActivity', '*']

2022-07-14 13:11:41 - [MESSAGE][INFO] - User set preference: ['deviceId', '002b9cc60508']

2022-07-14 13:11:41 - [MESSAGE][INFO] - User set preference: ['appPackage', 'com.maybank2u.life.sit']

2022-07-14 13:11:41 - [MESSAGE][INFO] - User set preference: ['appActivity', 'com.maybank2u.life.MainActivity']

2022-07-14 13:11:41 - [MESSAGE][INFO] - Detected NodeJS location: "/usr/local/Cellar/node/17.0.1/bin/node"

2022-07-14 13:11:42 - [MESSAGE][INFO] - Appium server started on port 54,221

2022-07-14 13:11:56 - [MESSAGE][PASSED] - Started app at: '/Users/a00139272/Katalon Studio/MAE/androidapp/app-sit-universal-release-copy.apk'

2022-07-14 13:11:56 - [TEST_STEP][PASSED] - delay(5): Delayed 5 second(s)

2022-07-14 13:12:01 - [MESSAGE][PASSED] - Delayed 5 second(s)

2022-07-14 13:12:01 - [TEST_STEP][PASSED] - device_Height = getDeviceHeight(): Current device physical height is 2167

2022-07-14 13:12:01 - [MESSAGE][PASSED] - Current device physical height is 2167

2022-07-14 13:12:01 - [TEST_STEP][PASSED] - device_Width = getDeviceWidth(): Current device physical width is 1080

2022-07-14 13:12:01 - [MESSAGE][PASSED] - Current device physical width is 1080

2022-07-14 13:12:01 - [TEST_STEP][PASSED] - startX = device_Width / 3: null

2022-07-14 13:12:01 - [TEST_STEP][PASSED] - startY = device_Height * 0.97: null

2022-07-14 13:12:01 - [TEST_STEP][PASSED] - tapAtPosition(startX, startY): Tapped at [360, 2,101]

2022-07-14 13:12:02 - [MESSAGE][PASSED] - Tapped at [360, 2,101]

2022-07-14 13:12:02 - [TEST_STEP][PASSED] - if (verifyElementVisible(findTestObject("Main/mainEnterPINMessage"), 0, OPTIONAL)): null

2022-07-14 13:12:02 - [MESSAGE][WARNING] - Timeout '0' is invalid. Using default page load timeout: '40'

2022-07-14 13:12:03 - [MESSAGE][PASSED] - Element 'Object Repository/Main/mainEnterPINMessage' is visible

2022-07-14 13:12:03 - [TEST_STEP][PASSED] - tap(findTestObject("Login Onboarding/PIN1"), 0): Tapped on element 'Object Repository/Login Onboarding/PIN1'

2022-07-14 13:12:03 - [MESSAGE][WARNING] - Timeout '0' is invalid. Using default page load timeout: '40'

2022-07-14 13:12:04 - [MESSAGE][PASSED] - Tapped on element 'Object Repository/Login Onboarding/PIN1'

2022-07-14 13:12:04 - [TEST_STEP][PASSED] - tap(findTestObject("Login Onboarding/PIN1"), 0): Tapped on element 'Object Repository/Login Onboarding/PIN1'

2022-07-14 13:12:04 - [MESSAGE][WARNING] - Timeout '0' is invalid. Using default page load timeout: '40'

2022-07-14 13:12:06 - [MESSAGE][PASSED] - Tapped on element 'Object Repository/Login Onboarding/PIN1'

2022-07-14 13:12:06 - [TEST_STEP][PASSED] - tap(findTestObject("Login Onboarding/PIN1"), 0): Tapped on element 'Object Repository/Login Onboarding/PIN1'

2022-07-14 13:12:06 - [MESSAGE][WARNING] - Timeout '0' is invalid. Using default page load timeout: '40'

2022-07-14 13:12:08 - [MESSAGE][PASSED] - Tapped on element 'Object Repository/Login Onboarding/PIN1'

2022-07-14 13:12:08 - [TEST_STEP][PASSED] - tap(findTestObject("Login Onboarding/PIN1"), 0): Tapped on element 'Object Repository/Login Onboarding/PIN1'

2022-07-14 13:12:08 - [MESSAGE][WARNING] - Timeout '0' is invalid. Using default page load timeout: '40'

2022-07-14 13:12:09 - [MESSAGE][PASSED] - Tapped on element 'Object Repository/Login Onboarding/PIN1'

2022-07-14 13:12:09 - [TEST_STEP][PASSED] - tap(findTestObject("Login Onboarding/PIN1"), 0): Tapped on element 'Object Repository/Login Onboarding/PIN1'

2022-07-14 13:12:09 - [MESSAGE][WARNING] - Timeout '0' is invalid. Using default page load timeout: '40'

2022-07-14 13:12:12 - [MESSAGE][PASSED] - Tapped on element 'Object Repository/Login Onboarding/PIN1'

2022-07-14 13:12:12 - [TEST_STEP][PASSED] - tap(findTestObject("Login Onboarding/PIN2"), 0): Tapped on element 'Object Repository/Login Onboarding/PIN2'

2022-07-14 13:12:12 - [MESSAGE][WARNING] - Timeout '0' is invalid. Using default page load timeout: '40'

2022-07-14 13:12:13 - [MESSAGE][PASSED] - Tapped on element 'Object Repository/Login Onboarding/PIN2'

2022-07-14 13:12:13 - [TEST_STEP][PASSED] - delay(2): Delayed 2 second(s)

2022-07-14 13:12:15 - [MESSAGE][PASSED] - Delayed 2 second(s)

2022-07-14 13:12:15 - [TEST_STEP][PASSED] - verifyElementVisible(findTestObject("Banking/m2uAccountTypeSelection", ["text":"MAE"]), 0): Element 'Object Repository/Banking/m2uAccountTypeSelection' is visible

2022-07-14 13:12:16 - [MESSAGE][WARNING] - Timeout '0' is invalid. Using default page load timeout: '40'

2022-07-14 13:12:23 - [MESSAGE][PASSED] - Element 'Object Repository/Banking/m2uAccountTypeSelection' is visible

2022-07-14 13:12:23 - [TEST_STEP][PASSED] - tap(findTestObject("Banking/m2uAccountTypeSelection", ["text":"MAE"]), 0): Tapped on element 'Object Repository/Banking/m2uAccountTypeSelection'

2022-07-14 13:12:23 - [MESSAGE][WARNING] - Timeout '0' is invalid. Using default page load timeout: '40'

2022-07-14 13:12:23 - [MESSAGE][PASSED] - Tapped on element 'Object Repository/Banking/m2uAccountTypeSelection'

2022-07-14 13:12:23 - [TEST_STEP][PASSED] - delay(5): Delayed 5 second(s)

2022-07-14 13:12:28 - [MESSAGE][PASSED] - Delayed 5 second(s)

2022-07-14 13:12:28 - [TEST_STEP][PASSED] - tap(findTestObject("Banking/m2uAccountTransferIconSelect"), 0): Tapped on element 'Object Repository/Banking/m2uAccountTransferIconSelect'

2022-07-14 13:12:28 - [MESSAGE][WARNING] - Timeout '0' is invalid. Using default page load timeout: '40'

2022-07-14 13:12:29 - [MESSAGE][PASSED] - Tapped on element 'Object Repository/Banking/m2uAccountTransferIconSelect'

2022-07-14 13:12:29 - [TEST_STEP][PASSED] - delay(3): Delayed 3 second(s)

2022-07-14 13:12:32 - [MESSAGE][PASSED] - Delayed 3 second(s)

2022-07-14 13:12:32 - [TEST_STEP][PASSED] - if (verifyElementVisible(findTestObject("Tabung/tabungEnterPasswordTxt"), 0, OPTIONAL)): null

2022-07-14 13:12:32 - [MESSAGE][WARNING] - Timeout '0' is invalid. Using default page load timeout: '40'

2022-07-14 13:13:22 - [MESSAGE][PASSED] - Element 'Object Repository/Tabung/tabungEnterPasswordTxt' is visible

2022-07-14 13:13:22 - [TEST_STEP][PASSED] - setText(findTestObject("Tabung/tabungSignInInputPasswordField"), Password, 0): Text 'pass1234' has been set to element 'Object Repository/Tabung/tabungSignInInputPasswordField'

2022-07-14 13:13:22 - [MESSAGE][WARNING] - Timeout '0' is invalid. Using default page load timeout: '40'

2022-07-14 13:15:13 - [MESSAGE][PASSED] - Text 'pass1234' has been set to element 'Object Repository/Tabung/tabungSignInInputPasswordField'

2022-07-14 13:15:13 - [TEST_STEP][PASSED] - hideKeyboard(): Keyboard is hidden

2022-07-14 13:15:18 - [MESSAGE][PASSED] - Keyboard is hidden

2022-07-14 13:15:18 - [TEST_STEP][PASSED] - tap(findTestObject("Tabung/tabungSignInContinueBtn"), 0): Tapped on element 'Object Repository/Tabung/tabungSignInContinueBtn'

2022-07-14 13:15:18 - [MESSAGE][WARNING] - Timeout '0' is invalid. Using default page load timeout: '40'

2022-07-14 13:16:19 - [MESSAGE][PASSED] - Tapped on element 'Object Repository/Tabung/tabungSignInContinueBtn'

2022-07-14 13:16:19 - [TEST_STEP][PASSED] - delay(3): Delayed 3 second(s)

2022-07-14 13:16:22 - [MESSAGE][PASSED] - Delayed 3 second(s)

2022-07-14 13:16:22 - [TEST_STEP][PASSED] - tap(findTestObject("ASNB/transferASNBTopBtn"), 0): Tapped on element 'Object Repository/ASNB/transferASNBTopBtn'

2022-07-14 13:16:22 - [MESSAGE][WARNING] - Timeout '0' is invalid. Using default page load timeout: '40'

2022-07-14 13:17:23 - [MESSAGE][PASSED] - Tapped on element 'Object Repository/ASNB/transferASNBTopBtn'

2022-07-14 13:17:23 - [TEST_STEP][PASSED] - tap(findTestObject("ASNB/asnbTransferBtn"), 0): Tapped on element 'Object Repository/ASNB/asnbTransferBtn'

2022-07-14 13:17:23 - [MESSAGE][WARNING] - Timeout '0' is invalid. Using default page load timeout: '40'

2022-07-14 13:18:16 - [MESSAGE][PASSED] - Tapped on element 'Object Repository/ASNB/asnbTransferBtn'

2022-07-14 13:18:16 - [TEST_STEP][PASSED] - verifyElementExist(findTestObject("ASNB/transferASNBProductNameTitleTxt"), 0): Element 'Object Repository/ASNB/transferASNBProductNameTitleTxt' is exist

2022-07-14 13:18:16 - [MESSAGE][WARNING] - Timeout '0' is invalid. Using default page load timeout: '40'

2022-07-14 13:18:16 - [MESSAGE][PASSED] - Element 'Object Repository/ASNB/transferASNBProductNameTitleTxt' is exist

2022-07-14 13:18:16 - [TEST_STEP][PASSED] - verifyElementExist(findTestObject("ASNB/transferASNBProductNameSelectTxt", ["productName":productNameInitial]), 0): Element 'Object Repository/ASNB/transferASNBProductNameSelectTxt' is exist

2022-07-14 13:18:16 - [MESSAGE][WARNING] - Timeout '0' is invalid. Using default page load timeout: '40'

2022-07-14 13:18:16 - [MESSAGE][PASSED] - Element 'Object Repository/ASNB/transferASNBProductNameSelectTxt' is exist

2022-07-14 13:18:16 - [TEST_STEP][PASSED] - tap(findTestObject("ASNB/asnbSelectProductDropdown"), 0): Tapped on element 'Object Repository/ASNB/asnbSelectProductDropdown'

2022-07-14 13:18:16 - [MESSAGE][WARNING] - Timeout '0' is invalid. Using default page load timeout: '40'

2022-07-14 13:18:16 - [MESSAGE][PASSED] - Tapped on element 'Object Repository/ASNB/asnbSelectProductDropdown'

2022-07-14 13:18:16 - [TEST_STEP][PASSED] - verifyElementText(findTestObject("ASNB/asnbProductEquity3DropdownSelection", ["productType":productType]), productType): Actual text and expected text of test object 'Object Repository/ASNB/asnbProductEquity3DropdownSelection' are matched.

2022-07-14 13:18:18 - [MESSAGE][PASSED] - Actual text and expected text of test object 'Object Repository/ASNB/asnbProductEquity3DropdownSelection' are matched.

2022-07-14 13:18:18 - [TEST_STEP][PASSED] - tap(findTestObject("ASNB/asnbProductEquity3DropdownSelection", ["productType":productType]), 0): Tapped on element 'Object Repository/ASNB/asnbProductEquity3DropdownSelection'

2022-07-14 13:18:18 - [MESSAGE][WARNING] - Timeout '0' is invalid. Using default page load timeout: '40'

2022-07-14 13:18:18 - [MESSAGE][PASSED] - Tapped on element 'Object Repository/ASNB/asnbProductEquity3DropdownSelection'

2022-07-14 13:18:18 - [TEST_STEP][PASSED] - tap(findTestObject("Main/mainCalenderPickerDoneBtn"), 0): Tapped on element 'Object Repository/Main/mainCalenderPickerDoneBtn'

2022-07-14 13:18:18 - [MESSAGE][WARNING] - Timeout '0' is invalid. Using default page load timeout: '40'

2022-07-14 13:18:19 - [MESSAGE][PASSED] - Tapped on element 'Object Repository/Main/mainCalenderPickerDoneBtn'

2022-07-14 13:18:19 - [TEST_STEP][PASSED] - verifyElementText(findTestObject("ASNB/transferASNBProductNameSelectTxt", ["productName":productType]), productType): Actual text and expected text of test object 'Object Repository/ASNB/transferASNBProductNameSelectTxt' are matched.

2022-07-14 13:18:20 - [MESSAGE][PASSED] - Actual text and expected text of test object 'Object Repository/ASNB/transferASNBProductNameSelectTxt' are matched.

2022-07-14 13:18:20 - [TEST_STEP][PASSED] - verifyElementExist(findTestObject("ASNB/SelectASNBMember", ["idSelectType":productNameInitial]), 0): Element 'Object Repository/ASNB/SelectASNBMember' is exist

2022-07-14 13:18:20 - [MESSAGE][WARNING] - Timeout '0' is invalid. Using default page load timeout: '40'

2022-07-14 13:18:20 - [MESSAGE][PASSED] - Element 'Object Repository/ASNB/SelectASNBMember' is exist

2022-07-14 13:18:20 - [TEST_STEP][PASSED] - verifyElementExist(findTestObject("ASNB/transferASNBIDTypeTitleTxt"), 0): Element 'Object Repository/ASNB/transferASNBIDTypeTitleTxt' is exist

2022-07-14 13:18:20 - [MESSAGE][WARNING] - Timeout '0' is invalid. Using default page load timeout: '40'

2022-07-14 13:18:20 - [MESSAGE][PASSED] - Element 'Object Repository/ASNB/transferASNBIDTypeTitleTxt' is exist

2022-07-14 13:18:20 - [TEST_STEP][PASSED] - tap(findTestObject("Object Repository/ASNB/SelectASNBMember", ["idSelectType":productNameInitial]), 0): Tapped on element 'Object Repository/ASNB/SelectASNBMember'

2022-07-14 13:18:20 - [MESSAGE][WARNING] - Timeout '0' is invalid. Using default page load timeout: '40'

2022-07-14 13:18:21 - [MESSAGE][PASSED] - Tapped on element 'Object Repository/ASNB/SelectASNBMember'

2022-07-14 13:18:21 - [TEST_STEP][PASSED] - verifyElementText(findTestObject("ASNB/asnbIDTypeDropdown", ["idType":idType]), idType): Actual text and expected text of test object 'Object Repository/ASNB/asnbIDTypeDropdown' are matched.

2022-07-14 13:18:22 - [MESSAGE][PASSED] - Actual text and expected text of test object 'Object Repository/ASNB/asnbIDTypeDropdown' are matched.

2022-07-14 13:18:22 - [TEST_STEP][PASSED] - tap(findTestObject("ASNB/asnbIDTypeDropdown", ["idType":idType]), 0): Tapped on element 'Object Repository/ASNB/asnbIDTypeDropdown'

2022-07-14 13:18:22 - [MESSAGE][WARNING] - Timeout '0' is invalid. Using default page load timeout: '40'

2022-07-14 13:18:22 - [MESSAGE][PASSED] - Tapped on element 'Object Repository/ASNB/asnbIDTypeDropdown'

2022-07-14 13:18:22 - [TEST_STEP][PASSED] - tap(findTestObject("Main/mainCalenderPickerDoneBtn"), 0): Tapped on element 'Object Repository/Main/mainCalenderPickerDoneBtn'

2022-07-14 13:18:22 - [MESSAGE][WARNING] - Timeout '0' is invalid. Using default page load timeout: '40'

2022-07-14 13:18:22 - [MESSAGE][PASSED] - Tapped on element 'Object Repository/Main/mainCalenderPickerDoneBtn'

2022-07-14 13:18:22 - [TEST_STEP][PASSED] - verifyElementText(findTestObject("ASNB/SelectASNBMember", ["idSelectType":idType]), idType): Actual text and expected text of test object 'Object Repository/ASNB/SelectASNBMember' are matched.

2022-07-14 13:18:23 - [MESSAGE][PASSED] - Actual text and expected text of test object 'Object Repository/ASNB/SelectASNBMember' are matched.

2022-07-14 13:18:23 - [TEST_STEP][PASSED] - verifyElementExist(findTestObject("ASNB/transferASNBIDNumberTitleTxt"), 0): Element 'Object Repository/ASNB/transferASNBIDNumberTitleTxt' is exist

2022-07-14 13:18:23 - [MESSAGE][WARNING] - Timeout '0' is invalid. Using default page load timeout: '40'

2022-07-14 13:18:23 - [MESSAGE][PASSED] - Element 'Object Repository/ASNB/transferASNBIDNumberTitleTxt' is exist

2022-07-14 13:18:23 - [TEST_STEP][PASSED] - verifyElementExist(findTestObject("ASNB/transferASNBIDNumberPlaceholderTxt", ["id":idPlaceholder]), 0): Element 'Object Repository/ASNB/transferASNBIDNumberPlaceholderTxt' is exist

2022-07-14 13:18:23 - [MESSAGE][WARNING] - Timeout '0' is invalid. Using default page load timeout: '40'

2022-07-14 13:18:24 - [MESSAGE][PASSED] - Element 'Object Repository/ASNB/transferASNBIDNumberPlaceholderTxt' is exist

2022-07-14 13:18:24 - [TEST_STEP][PASSED] - setText(findTestObject("ASNB/asnbIDNumberInputField"), idNo, 0): Text '060225010993' has been set to element 'Object Repository/ASNB/asnbIDNumberInputField'

2022-07-14 13:18:24 - [MESSAGE][WARNING] - Timeout '0' is invalid. Using default page load timeout: '40'

2022-07-14 13:18:24 - [MESSAGE][PASSED] - Text '060225010993' has been set to element 'Object Repository/ASNB/asnbIDNumberInputField'

2022-07-14 13:18:24 - [TEST_STEP][PASSED] - hideKeyboard(): Keyboard is hidden

2022-07-14 13:18:26 - [MESSAGE][PASSED] - Keyboard is hidden

2022-07-14 13:18:26 - [TEST_STEP][PASSED] - verifyElementText(findTestObject("ASNB/transferASNBIDNumberPlaceholderTxt", ["id":idNo]), idNo): Actual text and expected text of test object 'Object Repository/ASNB/transferASNBIDNumberPlaceholderTxt' are matched.

2022-07-14 13:18:26 - [MESSAGE][PASSED] - Actual text and expected text of test object 'Object Repository/ASNB/transferASNBIDNumberPlaceholderTxt' are matched.

2022-07-14 13:18:26 - [TEST_STEP][PASSED] - verifyElementExist(findTestObject("ASNB/transferASNBMemberNumberTitleTxt"), 0): Element 'Object Repository/ASNB/transferASNBMemberNumberTitleTxt' is exist

2022-07-14 13:18:26 - [MESSAGE][WARNING] - Timeout '0' is invalid. Using default page load timeout: '40'

2022-07-14 13:18:26 - [MESSAGE][PASSED] - Element 'Object Repository/ASNB/transferASNBMemberNumberTitleTxt' is exist

2022-07-14 13:18:26 - [TEST_STEP][PASSED] - verifyElementExist(findTestObject("ASNB/transferASNBMemberNumberPlaceholderTxt", ["member":memberNoPlaceholder]), 0): Element 'Object Repository/ASNB/transferASNBMemberNumberPlaceholderTxt' is exist

2022-07-14 13:18:26 - [MESSAGE][WARNING] - Timeout '0' is invalid. Using default page load timeout: '40'

2022-07-14 13:18:27 - [MESSAGE][PASSED] - Element 'Object Repository/ASNB/transferASNBMemberNumberPlaceholderTxt' is exist

2022-07-14 13:18:27 - [TEST_STEP][PASSED] - setText(findTestObject("ASNB/asnbMembershipNoInputField"), asnbMemberNo, 0): Text '000010023320' has been set to element 'Object Repository/ASNB/asnbMembershipNoInputField'

2022-07-14 13:18:27 - [MESSAGE][WARNING] - Timeout '0' is invalid. Using default page load timeout: '40'

2022-07-14 13:18:28 - [MESSAGE][PASSED] - Text '000010023320' has been set to element 'Object Repository/ASNB/asnbMembershipNoInputField'

2022-07-14 13:18:28 - [TEST_STEP][PASSED] - hideKeyboard(): Keyboard is hidden

2022-07-14 13:18:29 - [MESSAGE][PASSED] - Keyboard is hidden

2022-07-14 13:18:29 - [TEST_STEP][PASSED] - verifyElementText(findTestObject("ASNB/transferASNBMemberNumberPlaceholderTxt", ["member":accNo]), accNo): Actual text and expected text of test object 'Object Repository/ASNB/transferASNBMemberNumberPlaceholderTxt' are matched.

2022-07-14 13:18:29 - [MESSAGE][PASSED] - Actual text and expected text of test object 'Object Repository/ASNB/transferASNBMemberNumberPlaceholderTxt' are matched.

2022-07-14 13:18:29 - [TEST_STEP][PASSED] - verifyElementExist(findTestObject("ASNB/transferASNBRelationshipTitleTxt"), 0): Element 'Object Repository/ASNB/transferASNBRelationshipTitleTxt' is exist

2022-07-14 13:18:29 - [MESSAGE][WARNING] - Timeout '0' is invalid. Using default page load timeout: '40'

2022-07-14 13:18:30 - [MESSAGE][PASSED] - Element 'Object Repository/ASNB/transferASNBRelationshipTitleTxt' is exist

2022-07-14 13:18:30 - [TEST_STEP][PASSED] - verifyElementExist(findTestObject("ASNB/transferASNBRelationshipSelectTxt", ["relationship":productNameInitial]), 0): Element 'Object Repository/ASNB/transferASNBRelationshipSelectTxt' is exist

2022-07-14 13:18:30 - [MESSAGE][WARNING] - Timeout '0' is invalid. Using default page load timeout: '40'

2022-07-14 13:18:30 - [MESSAGE][PASSED] - Element 'Object Repository/ASNB/transferASNBRelationshipSelectTxt' is exist

2022-07-14 13:18:30 - [TEST_STEP][PASSED] - tap(findTestObject("ASNB/asnbRelationshipDropdownSelection"), 0): Tapped on element 'Object Repository/ASNB/asnbRelationshipDropdownSelection'

2022-07-14 13:18:30 - [MESSAGE][WARNING] - Timeout '0' is invalid. Using default page load timeout: '40'

2022-07-14 13:18:30 - [MESSAGE][PASSED] - Tapped on element 'Object Repository/ASNB/asnbRelationshipDropdownSelection'

2022-07-14 13:18:30 - [TEST_STEP][PASSED] - verifyElementText(findTestObject("ASNB/asnbRelationParentDropdownSelection", ["relationships":relationship]), relationship): Actual text and expected text of test object 'Object Repository/ASNB/asnbRelationParentDropdownSelection' are matched.

2022-07-14 13:18:31 - [MESSAGE][PASSED] - Actual text and expected text of test object 'Object Repository/ASNB/asnbRelationParentDropdownSelection' are matched.

2022-07-14 13:18:31 - [TEST_STEP][PASSED] - tap(findTestObject("ASNB/asnbRelationParentDropdownSelection", ["relationships":relationship]), 0): Tapped on element 'Object Repository/ASNB/asnbRelationParentDropdownSelection'

2022-07-14 13:18:31 - [MESSAGE][WARNING] - Timeout '0' is invalid. Using default page load timeout: '40'

2022-07-14 13:18:32 - [MESSAGE][PASSED] - Tapped on element 'Object Repository/ASNB/asnbRelationParentDropdownSelection'

2022-07-14 13:18:32 - [TEST_STEP][PASSED] - tap(findTestObject("Main/mainCalenderPickerDoneBtn"), 0): Tapped on element 'Object Repository/Main/mainCalenderPickerDoneBtn'

2022-07-14 13:18:32 - [MESSAGE][WARNING] - Timeout '0' is invalid. Using default page load timeout: '40'

2022-07-14 13:18:32 - [MESSAGE][PASSED] - Tapped on element 'Object Repository/Main/mainCalenderPickerDoneBtn'

2022-07-14 13:18:32 - [TEST_STEP][PASSED] - verifyElementText(findTestObject("ASNB/transferASNBRelationshipSelectTxt", ["relationship":relationship]), relationship): Actual text and expected text of test object 'Object Repository/ASNB/transferASNBRelationshipSelectTxt' are matched.

2022-07-14 13:18:33 - [MESSAGE][PASSED] - Actual text and expected text of test object 'Object Repository/ASNB/transferASNBRelationshipSelectTxt' are matched.

2022-07-14 13:18:33 - [TEST_STEP][PASSED] - verifyElementExist(findTestObject("ASNB/transferASNBPurposeTitleTxt"), 0): Element 'Object Repository/ASNB/transferASNBPurposeTitleTxt' is exist

2022-07-14 13:18:33 - [MESSAGE][WARNING] - Timeout '0' is invalid. Using default page load timeout: '40'

2022-07-14 13:18:33 - [MESSAGE][PASSED] - Element 'Object Repository/ASNB/transferASNBPurposeTitleTxt' is exist

2022-07-14 13:18:33 - [TEST_STEP][PASSED] - verifyElementExist(findTestObject("ASNB/transferASNBPurposeSelectTxt", ["purpose":productNameInitial]), 0): Element 'Object Repository/ASNB/transferASNBPurposeSelectTxt' is exist

2022-07-14 13:18:33 - [MESSAGE][WARNING] - Timeout '0' is invalid. Using default page load timeout: '40'

2022-07-14 13:18:33 - [MESSAGE][PASSED] - Element 'Object Repository/ASNB/transferASNBPurposeSelectTxt' is exist

2022-07-14 13:18:33 - [TEST_STEP][PASSED] - tap(findTestObject("ASNB/asnbPurposeDropdownSelection"), 0): Tapped on element 'Object Repository/ASNB/asnbPurposeDropdownSelection'

2022-07-14 13:18:33 - [MESSAGE][WARNING] - Timeout '0' is invalid. Using default page load timeout: '40'

2022-07-14 13:18:34 - [MESSAGE][PASSED] - Tapped on element 'Object Repository/ASNB/asnbPurposeDropdownSelection'

2022-07-14 13:18:34 - [TEST_STEP][PASSED] - verifyElementText(findTestObject("ASNB/asnbPurposeSavingDropdownSelection", ["purposes":purpose]), purpose): Actual text and expected text of test object 'Object Repository/ASNB/asnbPurposeSavingDropdownSelection' are matched.

2022-07-14 13:18:35 - [MESSAGE][PASSED] - Actual text and expected text of test object 'Object Repository/ASNB/asnbPurposeSavingDropdownSelection' are matched.

2022-07-14 13:18:35 - [TEST_STEP][PASSED] - tap(findTestObject("ASNB/asnbPurposeSavingDropdownSelection", ["purposes":purpose]), 0): Tapped on element 'Object Repository/ASNB/asnbPurposeSavingDropdownSelection'

2022-07-14 13:18:35 - [MESSAGE][WARNING] - Timeout '0' is invalid. Using default page load timeout: '40'

2022-07-14 13:18:35 - [MESSAGE][PASSED] - Tapped on element 'Object Repository/ASNB/asnbPurposeSavingDropdownSelection'

2022-07-14 13:18:35 - [TEST_STEP][PASSED] - tap(findTestObject("Main/mainCalenderPickerDoneBtn"), 0): Tapped on element 'Object Repository/Main/mainCalenderPickerDoneBtn'

2022-07-14 13:18:35 - [MESSAGE][WARNING] - Timeout '0' is invalid. Using default page load timeout: '40'

2022-07-14 13:18:35 - [MESSAGE][PASSED] - Tapped on element 'Object Repository/Main/mainCalenderPickerDoneBtn'

2022-07-14 13:18:35 - [TEST_STEP][PASSED] - verifyElementText(findTestObject("ASNB/transferASNBPurposeSelectTxt", ["purpose":purpose]), purpose): Actual text and expected text of test object 'Object Repository/ASNB/transferASNBPurposeSelectTxt' are matched.

2022-07-14 13:18:36 - [MESSAGE][PASSED] - Actual text and expected text of test object 'Object Repository/ASNB/transferASNBPurposeSelectTxt' are matched.

2022-07-14 13:18:36 - [TEST_STEP][PASSED] - tap(findTestObject("ASNB/asnbContinueBtn"), 0): Tapped on element 'Object Repository/ASNB/asnbContinueBtn'

2022-07-14 13:18:36 - [MESSAGE][WARNING] - Timeout '0' is invalid. Using default page load timeout: '40'

2022-07-14 13:18:36 - [MESSAGE][PASSED] - Tapped on element 'Object Repository/ASNB/asnbContinueBtn'

2022-07-14 13:18:36 - [TEST_STEP][PASSED] - delay(2): Delayed 2 second(s)

2022-07-14 13:18:38 - [MESSAGE][PASSED] - Delayed 2 second(s)

2022-07-14 13:18:38 - [TEST_STEP][PASSED] - verifyElementText(findTestObject("ASNB/transferASNBAmountAccountNameTxt"), accName): Actual text and expected text of test object 'Object Repository/ASNB/transferASNBAmountAccountNameTxt' are matched.

2022-07-14 13:18:41 - [MESSAGE][PASSED] - Actual text and expected text of test object 'Object Repository/ASNB/transferASNBAmountAccountNameTxt' are matched.

2022-07-14 13:18:41 - [TEST_STEP][PASSED] - verifyElementText(findTestObject("ASNB/transferASNBAmountAccountNoTxt", ["accNo":accNo]), accNo): Actual text and expected text of test object 'Object Repository/ASNB/transferASNBAmountAccountNoTxt' are matched.

2022-07-14 13:18:41 - [MESSAGE][PASSED] - Actual text and expected text of test object 'Object Repository/ASNB/transferASNBAmountAccountNoTxt' are matched.

2022-07-14 13:18:41 - [TEST_STEP][PASSED] - verifyElementText(findTestObject("ASNB/transferASNBAmountAccountTypeTxt", ["accType":productType]), productType): Actual text and expected text of test object 'Object Repository/ASNB/transferASNBAmountAccountTypeTxt' are matched.

2022-07-14 13:18:42 - [MESSAGE][PASSED] - Actual text and expected text of test object 'Object Repository/ASNB/transferASNBAmountAccountTypeTxt' are matched.

2022-07-14 13:18:42 - [TEST_STEP][PASSED] - verifyElementExist(findTestObject("ASNB/transferASNBAmountCurrencyTxt"), 0): Element 'Object Repository/ASNB/transferASNBAmountCurrencyTxt' is exist

2022-07-14 13:18:42 - [MESSAGE][WARNING] - Timeout '0' is invalid. Using default page load timeout: '40'

2022-07-14 13:18:42 - [MESSAGE][PASSED] - Element 'Object Repository/ASNB/transferASNBAmountCurrencyTxt' is exist

2022-07-14 13:18:42 - [TEST_STEP][PASSED] - verifyElementExist(findTestObject("ASNB/transferASNBAmountEnterAmountTitleTxt"), 0): Element 'Object Repository/ASNB/transferASNBAmountEnterAmountTitleTxt' is exist

2022-07-14 13:18:42 - [MESSAGE][WARNING] - Timeout '0' is invalid. Using default page load timeout: '40'

2022-07-14 13:18:43 - [MESSAGE][PASSED] - Element 'Object Repository/ASNB/transferASNBAmountEnterAmountTitleTxt' is exist

2022-07-14 13:18:43 - [TEST_STEP][PASSED] - verifyElementExist(findTestObject("ASNB/transferASNBAmountValueTxt", ["value":initialValue]), 0): Element 'Object Repository/ASNB/transferASNBAmountValueTxt' is exist

2022-07-14 13:18:43 - [MESSAGE][WARNING] - Timeout '0' is invalid. Using default page load timeout: '40'

2022-07-14 13:18:43 - [MESSAGE][PASSED] - Element 'Object Repository/ASNB/transferASNBAmountValueTxt' is exist

2022-07-14 13:18:43 - [TEST_STEP][PASSED] - tap(findTestObject("Login Onboarding/PIN4"), 0): Tapped on element 'Object Repository/Login Onboarding/PIN4'

2022-07-14 13:18:43 - [MESSAGE][WARNING] - Timeout '0' is invalid. Using default page load timeout: '40'

2022-07-14 13:18:43 - [MESSAGE][PASSED] - Tapped on element 'Object Repository/Login Onboarding/PIN4'

2022-07-14 13:18:43 - [TEST_STEP][PASSED] - delay(2): Delayed 2 second(s)

2022-07-14 13:18:45 - [MESSAGE][PASSED] - Delayed 2 second(s)

2022-07-14 13:18:45 - [TEST_STEP][PASSED] - verifyElementText(findTestObject("ASNB/transferASNBAmountValueTxt", ["value":value]), value): Actual text and expected text of test object 'Object Repository/ASNB/transferASNBAmountValueTxt' are matched.

2022-07-14 13:18:47 - [MESSAGE][PASSED] - Actual text and expected text of test object 'Object Repository/ASNB/transferASNBAmountValueTxt' are matched.

2022-07-14 13:18:47 - [TEST_STEP][PASSED] - tap(findTestObject("ASNB/asnbAmountTickBtn"), 0): Tapped on element 'Object Repository/ASNB/asnbAmountTickBtn'

2022-07-14 13:18:47 - [MESSAGE][WARNING] - Timeout '0' is invalid. Using default page load timeout: '40'

2022-07-14 13:18:47 - [MESSAGE][PASSED] - Tapped on element 'Object Repository/ASNB/asnbAmountTickBtn'

2022-07-14 13:18:47 - [TEST_STEP][PASSED] - delay(2): Delayed 2 second(s)

2022-07-14 13:18:49 - [MESSAGE][PASSED] - Delayed 2 second(s)

2022-07-14 13:18:49 - [TEST_STEP][PASSED] - verifyElementText(findTestObject("ASNB/transferASNBConfirmationAccountNameTxt"), accName): Actual text and expected text of test object 'Object Repository/ASNB/transferASNBConfirmationAccountNameTxt' are matched.

2022-07-14 13:18:50 - [MESSAGE][PASSED] - Actual text and expected text of test object 'Object Repository/ASNB/transferASNBConfirmationAccountNameTxt' are matched.

2022-07-14 13:18:50 - [TEST_STEP][PASSED] - verifyElementText(findTestObject("ASNB/transferASNBConfirmationAccountNoTxt", ["accNoC":accNo]), accNo): Actual text and expected text of test object 'Object Repository/ASNB/transferASNBConfirmationAccountNoTxt' are matched.

2022-07-14 13:18:50 - [MESSAGE][PASSED] - Actual text and expected text of test object 'Object Repository/ASNB/transferASNBConfirmationAccountNoTxt' are matched.

2022-07-14 13:18:50 - [TEST_STEP][PASSED] - verifyElementText(findTestObject("ASNB/transferASNBConfirmationAmountTxt", ["amount":amount]), amount): Actual text and expected text of test object 'Object Repository/ASNB/transferASNBConfirmationAmountTxt' are matched.

2022-07-14 13:18:51 - [MESSAGE][PASSED] - Actual text and expected text of test object 'Object Repository/ASNB/transferASNBConfirmationAmountTxt' are matched.

2022-07-14 13:18:51 - [TEST_STEP][PASSED] - verifyElementExist(findTestObject("ASNB/transferASNBConfirmationDateTitleTxt"), 0): Element 'Object Repository/ASNB/transferASNBConfirmationDateTitleTxt' is exist

2022-07-14 13:18:51 - [MESSAGE][WARNING] - Timeout '0' is invalid. Using default page load timeout: '40'

2022-07-14 13:18:51 - [MESSAGE][PASSED] - Element 'Object Repository/ASNB/transferASNBConfirmationDateTitleTxt' is exist

2022-07-14 13:18:51 - [TEST_STEP][PASSED] - verifyElementExist(findTestObject("ASNB/transferASNBConfirmationProductNameTitleTxt"), 0): Element 'Object Repository/ASNB/transferASNBConfirmationProductNameTitleTxt' is exist

2022-07-14 13:18:51 - [MESSAGE][WARNING] - Timeout '0' is invalid. Using default page load timeout: '40'

2022-07-14 13:18:52 - [MESSAGE][PASSED] - Element 'Object Repository/ASNB/transferASNBConfirmationProductNameTitleTxt' is exist

2022-07-14 13:18:52 - [TEST_STEP][PASSED] - verifyElementExist(findTestObject("ASNB/transferASNBConfirmationPurposeTitleTxt"), 0): Element 'Object Repository/ASNB/transferASNBConfirmationPurposeTitleTxt' is exist

2022-07-14 13:18:52 - [MESSAGE][WARNING] - Timeout '0' is invalid. Using default page load timeout: '40'

2022-07-14 13:18:52 - [MESSAGE][PASSED] - Element 'Object Repository/ASNB/transferASNBConfirmationPurposeTitleTxt' is exist

2022-07-14 13:18:52 - [TEST_STEP][PASSED] - verifyElementExist(findTestObject("ASNB/transferASNBConfirmationRelationshipTitleTxt"), 0): Element 'Object Repository/ASNB/transferASNBConfirmationRelationshipTitleTxt' is exist

2022-07-14 13:18:52 - [MESSAGE][WARNING] - Timeout '0' is invalid. Using default page load timeout: '40'

2022-07-14 13:18:52 - [MESSAGE][PASSED] - Element 'Object Repository/ASNB/transferASNBConfirmationRelationshipTitleTxt' is exist

2022-07-14 13:18:52 - [TEST_STEP][PASSED] - verifyElementExist(findTestObject("ASNB/transferASNBConfirmationTransferTypeTitleTxt"), 0): Element 'Object Repository/ASNB/transferASNBConfirmationTransferTypeTitleTxt' is exist

2022-07-14 13:18:52 - [MESSAGE][WARNING] - Timeout '0' is invalid. Using default page load timeout: '40'

2022-07-14 13:18:53 - [MESSAGE][PASSED] - Element 'Object Repository/ASNB/transferASNBConfirmationTransferTypeTitleTxt' is exist

2022-07-14 13:18:53 - [TEST_STEP][PASSED] - verifyElementText(findTestObject("ASNB/transferASNBConfirmationTransferTypeTxt", ["transferType":transferType]), transferType): Actual text and expected text of test object 'Object Repository/ASNB/transferASNBConfirmationTransferTypeTxt' are matched.

2022-07-14 13:18:53 - [MESSAGE][PASSED] - Actual text and expected text of test object 'Object Repository/ASNB/transferASNBConfirmationTransferTypeTxt' are matched.

2022-07-14 13:18:53 - [TEST_STEP][PASSED] - verifyElementText(findTestObject("ASNB/transferASNBConfirmationRelationshipTxt", ["relationshipC":relationship]), relationship): Actual text and expected text of test object 'Object Repository/ASNB/transferASNBConfirmationRelationshipTxt' are matched.

2022-07-14 13:18:53 - [MESSAGE][PASSED] - Actual text and expected text of test object 'Object Repository/ASNB/transferASNBConfirmationRelationshipTxt' are matched.

2022-07-14 13:18:53 - [TEST_STEP][PASSED] - verifyElementText(findTestObject("ASNB/transferASNBConfirmationPurposeTxt", ["purposeC":purpose]), purpose): Actual text and expected text of test object 'Object Repository/ASNB/transferASNBConfirmationPurposeTxt' are matched.

2022-07-14 13:18:54 - [MESSAGE][PASSED] - Actual text and expected text of test object 'Object Repository/ASNB/transferASNBConfirmationPurposeTxt' are matched.

2022-07-14 13:18:54 - [TEST_STEP][PASSED] - verifyElementText(findTestObject("ASNB/transferASNBConfirmationProductNameTxt", ["productTypeC":productType]), productType): Actual text and expected text of test object 'Object Repository/ASNB/transferASNBConfirmationProductNameTxt' are matched.

2022-07-14 13:18:54 - [MESSAGE][PASSED] - Actual text and expected text of test object 'Object Repository/ASNB/transferASNBConfirmationProductNameTxt' are matched.

2022-07-14 13:18:54 - [TEST_STEP][PASSED] - verifyElementText(findTestObject("ASNB/transferASNBConfirmationDateTxt", ["date":date]), date): Actual text and expected text of test object 'Object Repository/ASNB/transferASNBConfirmationDateTxt' are matched.

2022-07-14 13:18:55 - [MESSAGE][PASSED] - Actual text and expected text of test object 'Object Repository/ASNB/transferASNBConfirmationDateTxt' are matched.

2022-07-14 13:18:55 - [TEST_STEP][PASSED] - device_Height_2 = getDeviceHeight(): Current device physical height is 2167

2022-07-14 13:18:55 - [MESSAGE][PASSED] - Current device physical height is 2167

2022-07-14 13:18:55 - [TEST_STEP][PASSED] - device_Width_2 = getDeviceWidth(): Current device physical width is 1080

2022-07-14 13:18:55 - [MESSAGE][PASSED] - Current device physical width is 1080

2022-07-14 13:18:55 - [TEST_STEP][PASSED] - startX_2 = device_Width_2 / 2: null

2022-07-14 13:18:55 - [TEST_STEP][PASSED] - endX_2 = startX_2: null

2022-07-14 13:18:55 - [TEST_STEP][PASSED] - startY_2 = device_Height_2 * 0.30: null

2022-07-14 13:18:55 - [TEST_STEP][PASSED] - endY_2 = device_Height_2 * 0.70: null

2022-07-14 13:18:55 - [TEST_STEP][PASSED] - swipe(startX_2, endY_2, endX_2, startY_2): Swiped from 540,1,516 to 540,650

2022-07-14 13:18:56 - [MESSAGE][PASSED] - Swiped from 540,1,516 to 540,650

2022-07-14 13:18:56 - [TEST_STEP][PASSED] - verifyElementExist(findTestObject("ASNB/transferASNBConfirmationNoteTitleTxt"), 0): Element 'Object Repository/ASNB/transferASNBConfirmationNoteTitleTxt' is exist

2022-07-14 13:18:56 - [MESSAGE][WARNING] - Timeout '0' is invalid. Using default page load timeout: '40'

2022-07-14 13:18:57 - [MESSAGE][PASSED] - Element 'Object Repository/ASNB/transferASNBConfirmationNoteTitleTxt' is exist

2022-07-14 13:18:57 - [TEST_STEP][PASSED] - verifyElementExist(findTestObject("ASNB/transferASNBConfirmationNote1Txt"), 0): Element 'Object Repository/ASNB/transferASNBConfirmationNote1Txt' is exist

2022-07-14 13:18:57 - [MESSAGE][WARNING] - Timeout '0' is invalid. Using default page load timeout: '40'

2022-07-14 13:18:57 - [MESSAGE][PASSED] - Element 'Object Repository/ASNB/transferASNBConfirmationNote1Txt' is exist

2022-07-14 13:18:57 - [TEST_STEP][PASSED] - verifyElementExist(findTestObject("ASNB/transferASNBConfirmationNote1ContentTxt"), 0): Element 'Object Repository/ASNB/transferASNBConfirmationNote1ContentTxt' is exist

2022-07-14 13:18:57 - [MESSAGE][WARNING] - Timeout '0' is invalid. Using default page load timeout: '40'

2022-07-14 13:18:57 - [MESSAGE][PASSED] - Element 'Object Repository/ASNB/transferASNBConfirmationNote1ContentTxt' is exist

2022-07-14 13:18:57 - [TEST_STEP][PASSED] - verifyElementExist(findTestObject("ASNB/transferASNBConfirmationNote2Txt"), 0): Element 'Object Repository/ASNB/transferASNBConfirmationNote2Txt' is exist

2022-07-14 13:18:57 - [MESSAGE][WARNING] - Timeout '0' is invalid. Using default page load timeout: '40'

2022-07-14 13:18:58 - [MESSAGE][PASSED] - Element 'Object Repository/ASNB/transferASNBConfirmationNote2Txt' is exist

2022-07-14 13:18:58 - [TEST_STEP][PASSED] - verifyElementExist(findTestObject("ASNB/transferASNBConfirmationNote2ContentTxt"), 0): Element 'Object Repository/ASNB/transferASNBConfirmationNote2ContentTxt' is exist

2022-07-14 13:18:58 - [MESSAGE][WARNING] - Timeout '0' is invalid. Using default page load timeout: '40'

2022-07-14 13:18:58 - [MESSAGE][PASSED] - Element 'Object Repository/ASNB/transferASNBConfirmationNote2ContentTxt' is exist

2022-07-14 13:18:58 - [TEST_STEP][PASSED] - verifyElementExist(findTestObject("ASNB/transferASNBConfirmationNote3Txt"), 0): Element 'Object Repository/ASNB/transferASNBConfirmationNote3Txt' is exist

2022-07-14 13:18:58 - [MESSAGE][WARNING] - Timeout '0' is invalid. Using default page load timeout: '40'

2022-07-14 13:18:58 - [MESSAGE][PASSED] - Element 'Object Repository/ASNB/transferASNBConfirmationNote3Txt' is exist

2022-07-14 13:18:58 - [TEST_STEP][PASSED] - verifyElementExist(findTestObject("ASNB/transferASNBConfirmationNote3ContentTxt"), 0): Element 'Object Repository/ASNB/transferASNBConfirmationNote3ContentTxt' is exist

2022-07-14 13:18:58 - [MESSAGE][WARNING] - Timeout '0' is invalid. Using default page load timeout: '40'

2022-07-14 13:18:59 - [MESSAGE][PASSED] - Element 'Object Repository/ASNB/transferASNBConfirmationNote3ContentTxt' is exist

2022-07-14 13:18:59 - [TEST_STEP][PASSED] - verifyElementText(findTestObject("Transfer/transferConfirmationFromAccTypeTxt", ["accType":accType]), accType): Actual text and expected text of test object 'Object Repository/Transfer/transferConfirmationFromAccTypeTxt' are matched.

2022-07-14 13:18:59 - [MESSAGE][PASSED] - Actual text and expected text of test object 'Object Repository/Transfer/transferConfirmationFromAccTypeTxt' are matched.

2022-07-14 13:18:59 - [TEST_STEP][PASSED] - verifyElementText(findTestObject("Transfer/transferConfirmationFromAccNoTxt", ["accNoFrom":accNoFrom]), accNoFrom): Actual text and expected text of test object 'Object Repository/Transfer/transferConfirmationFromAccNoTxt' are matched.

2022-07-14 13:18:59 - [MESSAGE][PASSED] - Actual text and expected text of test object 'Object Repository/Transfer/transferConfirmationFromAccNoTxt' are matched.

2022-07-14 13:18:59 - [TEST_STEP][PASSED] - verifyElementExist(findTestObject("Transfer/transferConfirmationFromAccBalanceTxt"), 0): Element 'Object Repository/Transfer/transferConfirmationFromAccBalanceTxt' is exist

2022-07-14 13:18:59 - [MESSAGE][WARNING] - Timeout '0' is invalid. Using default page load timeout: '40'

2022-07-14 13:19:00 - [MESSAGE][PASSED] - Element 'Object Repository/Transfer/transferConfirmationFromAccBalanceTxt' is exist

2022-07-14 13:19:00 - [TEST_STEP][PASSED] - accountBalance = getText(findTestObject("Transfer/transferConfirmationFromAccBalanceTxt"), 0): Text of element 'Object Repository/Transfer/transferConfirmationFromAccBalanceTxt' is: 'RM 4,705.88'

2022-07-14 13:19:00 - [MESSAGE][WARNING] - Timeout '0' is invalid. Using default page load timeout: '40'

2022-07-14 13:19:00 - [MESSAGE][PASSED] - Text of element 'Object Repository/Transfer/transferConfirmationFromAccBalanceTxt' is: 'RM 4,705.88'

2022-07-14 13:19:00 - [TEST_STEP][PASSED] - println(accountBalance): null

2022-07-14 13:19:00 - [TEST_STEP][PASSED] - tap(findTestObject("ASNB/asnbTransferNowBtn"), 0): Tapped on element 'Object Repository/ASNB/asnbTransferNowBtn'

2022-07-14 13:19:00 - [MESSAGE][WARNING] - Timeout '0' is invalid. Using default page load timeout: '40'

2022-07-14 13:19:00 - [MESSAGE][PASSED] - Tapped on element 'Object Repository/ASNB/asnbTransferNowBtn'

2022-07-14 13:19:00 - [TEST_STEP][PASSED] - if (verifyElementVisible(findTestObject("Main/mainTACNumberTxt"), 10, OPTIONAL)): Element 'Object Repository/Main/mainTACNumberTxt' not found

2022-07-14 13:19:11 - [MESSAGE][WARNING] - Element 'Object Repository/Main/mainTACNumberTxt' not found

2022-07-14 13:19:11 - [TEST_STEP][PASSED] - else: Tapped on element 'Object Repository/Main/mainS2UApproveBtn'

2022-07-14 13:19:11 - [TEST_STEP][PASSED] - delay(5): Delayed 5 second(s)

2022-07-14 13:19:16 - [MESSAGE][PASSED] - Delayed 5 second(s)

2022-07-14 13:19:16 - [TEST_STEP][PASSED] - verifyElementVisible(findTestObject("Main/mainS2UApproveBtn"), 10): Element 'Object Repository/Main/mainS2UApproveBtn' is visible

2022-07-14 13:19:16 - [MESSAGE][PASSED] - Element 'Object Repository/Main/mainS2UApproveBtn' is visible

2022-07-14 13:19:16 - [TEST_STEP][PASSED] - tap(findTestObject("Main/mainS2UApproveBtn"), 0): Tapped on element 'Object Repository/Main/mainS2UApproveBtn'

2022-07-14 13:19:16 - [MESSAGE][WARNING] - Timeout '0' is invalid. Using default page load timeout: '40'

2022-07-14 13:19:16 - [MESSAGE][PASSED] - Tapped on element 'Object Repository/Main/mainS2UApproveBtn'

2022-07-14 13:19:16 - [TEST_STEP][PASSED] - delay(10): Delayed 10 second(s)

2022-07-14 13:19:26 - [MESSAGE][PASSED] - Delayed 10 second(s)

2022-07-14 13:19:26 - [TEST_STEP][PASSED] - verifyElementExist(findTestObject("Festive Season/returnAngpaoStatusMessageTxt"), 0): Element 'Object Repository/Festive Season/returnAngpaoStatusMessageTxt' is exist

2022-07-14 13:19:26 - [MESSAGE][WARNING] - Timeout '0' is invalid. Using default page load timeout: '40'

2022-07-14 13:19:27 - [MESSAGE][PASSED] - Element 'Object Repository/Festive Season/returnAngpaoStatusMessageTxt' is exist

2022-07-14 13:19:27 - [TEST_STEP][PASSED] - message = getText(findTestObject("Festive Season/returnAngpaoStatusMessageTxt"), 10): Text of element 'Object Repository/Festive Season/returnAngpaoStatusMessageTxt' is: 'Transfer Successful'

2022-07-14 13:19:27 - [MESSAGE][PASSED] - Text of element 'Object Repository/Festive Season/returnAngpaoStatusMessageTxt' is: 'Transfer Successful'

2022-07-14 13:19:27 - [TEST_STEP][PASSED] - println(message): null

2022-07-14 13:19:27 - [TEST_STEP][PASSED] - assert message == successTransactionMessage: null

2022-07-14 13:19:27 - [TEST_STEP][PASSED] - delay(5): Delayed 5 second(s)

2022-07-14 13:19:32 - [MESSAGE][PASSED] - Delayed 5 second(s)

2022-07-14 13:19:32 - [TEST_STEP][PASSED] - verifyElementExist(findTestObject("Duit Now/duitNowSummaryDateTimeTitleTxt"), 0): Element 'Object Repository/Duit Now/duitNowSummaryDateTimeTitleTxt' is exist

2022-07-14 13:19:32 - [MESSAGE][WARNING] - Timeout '0' is invalid. Using default page load timeout: '40'

2022-07-14 13:19:33 - [MESSAGE][PASSED] - Element 'Object Repository/Duit Now/duitNowSummaryDateTimeTitleTxt' is exist

2022-07-14 13:19:33 - [TEST_STEP][PASSED] - verifyElementExist(findTestObject("Duit Now/duitNowSummaryRefernceIDTitleTxt"), 0): Element 'Object Repository/Duit Now/duitNowSummaryRefernceIDTitleTxt' is exist

2022-07-14 13:19:33 - [MESSAGE][WARNING] - Timeout '0' is invalid. Using default page load timeout: '40'

2022-07-14 13:19:33 - [MESSAGE][PASSED] - Element 'Object Repository/Duit Now/duitNowSummaryRefernceIDTitleTxt' is exist

2022-07-14 13:19:33 - [TEST_STEP][PASSED] - verifyElementExist(findTestObject("Transfer/transferSummaryShareReceiptBtn"), 0): Element 'Object Repository/Transfer/transferSummaryShareReceiptBtn' is exist

2022-07-14 13:19:33 - [MESSAGE][WARNING] - Timeout '0' is invalid. Using default page load timeout: '40'

2022-07-14 13:19:33 - [MESSAGE][PASSED] - Element 'Object Repository/Transfer/transferSummaryShareReceiptBtn' is exist

2022-07-14 13:19:33 - [TEST_STEP][PASSED] - delay(5): Delayed 5 second(s)

2022-07-14 13:19:38 - [MESSAGE][PASSED] - Delayed 5 second(s)

2022-07-14 13:19:38 - [TEST_STEP][PASSED] - referenceID = getText(findTestObject("Send Request Money/requestMoneyPaySummaryRefIDTxt"), 0): Text of element 'Object Repository/Send Request Money/requestMoneyPaySummaryRefIDTxt' is: '181678468M'

2022-07-14 13:19:38 - [MESSAGE][WARNING] - Timeout '0' is invalid. Using default page load timeout: '40'

2022-07-14 13:19:38 - [MESSAGE][PASSED] - Text of element 'Object Repository/Send Request Money/requestMoneyPaySummaryRefIDTxt' is: '181678468M'

2022-07-14 13:19:38 - [TEST_STEP][PASSED] - println(referenceID): null

2022-07-14 13:19:38 - [TEST_STEP][PASSED] - test = dataFolder: null

2022-07-14 13:19:38 - [TEST_STEP][PASSED] - sheetName = "Sheet1": null

2022-07-14 13:19:38 - [TEST_STEP][PASSED] - file1 = new java.io.File(test): null

2022-07-14 13:19:38 - [TEST_STEP][PASSED] - assert file1.exists() == true: null

2022-07-14 13:19:38 - [TEST_STEP][PASSED] - woorkbook1 = getWorkbook(test): null

2022-07-14 13:19:39 - [TEST_STEP][PASSED] - sheet1 = getExcelSheet(woorkbook1, sheetName): null

2022-07-14 13:19:39 - [TEST_STEP][PASSED] - setValueToCellByIndex(sheet1, 4, 1, referenceID): null

2022-07-14 13:19:39 - [TEST_STEP][PASSED] - saveWorkbook(test, woorkbook1): null

2022-07-14 13:19:39 - [TEST_STEP][PASSED] - delay(3): Delayed 3 second(s)

2022-07-14 13:19:42 - [MESSAGE][PASSED] - Delayed 3 second(s)

2022-07-14 13:19:42 - [TEST_STEP][PASSED] - verifyElementVisible(findTestObject("Main/mainDoneBtn"), 0): Element 'Object Repository/Main/mainDoneBtn' is visible

2022-07-14 13:19:42 - [MESSAGE][WARNING] - Timeout '0' is invalid. Using default page load timeout: '40'

2022-07-14 13:19:42 - [MESSAGE][PASSED] - Element 'Object Repository/Main/mainDoneBtn' is visible

2022-07-14 13:19:42 - [TEST_STEP][PASSED] - takeScreenshot("/Users/a00139272/Desktop/Screenshot/asnbTransfer.png"): Screenshot is taken

2022-07-14 13:19:43 - [MESSAGE][PASSED] - Screenshot is taken
[[ATTACHMENT|/Users/a00139272/Desktop/Screenshot/asnbTransfer.png]]

2022-07-14 13:19:43 - [TEST_STEP][PASSED] - tap(findTestObject("Main/mainDoneBtn"), 0): Tapped on element 'Object Repository/Main/mainDoneBtn'

2022-07-14 13:19:43 - [MESSAGE][WARNING] - Timeout '0' is invalid. Using default page load timeout: '40'

2022-07-14 13:19:43 - [MESSAGE][PASSED] - Tapped on element 'Object Repository/Main/mainDoneBtn'

2022-07-14 13:19:43 - [TEST_STEP][PASSED] - delay(5): Delayed 5 second(s)

2022-07-14 13:19:48 - [MESSAGE][PASSED] - Delayed 5 second(s)

2022-07-14 13:19:48 - [TEST_STEP][PASSED] - tap(findTestObject("Main/mainTopLeftBackButton"), 0): Tapped on element 'Object Repository/Main/mainTopLeftBackButton'

2022-07-14 13:19:48 - [MESSAGE][WARNING] - Timeout '0' is invalid. Using default page load timeout: '40'

2022-07-14 13:20:40 - [MESSAGE][PASSED] - Tapped on element 'Object Repository/Main/mainTopLeftBackButton'

2022-07-14 13:20:40 - [TEST_STEP][PASSED] - delay(3): Delayed 3 second(s)

2022-07-14 13:20:43 - [MESSAGE][PASSED] - Delayed 3 second(s)]]></system-out>
         <system-err><![CDATA[]]></system-err>
      </testcase>
      <testcase name="Test Cases/Transfer/transfer_thirdPartyToday" time="135.674" classname="Test Cases/Transfer/transfer_thirdPartyToday" status="FAILED">
         <failure type="FAILED" message="Test Cases/Transfer/transfer_thirdPartyToday FAILED.
Reason:
Assertion failed: 

assert newBalance.round(2) == newAfterBalanceF
       |          |        |  |
       4701.84    4701.84  |  4701.88
                           false

	at transfer_thirdPartyToday.run(transfer_thirdPartyToday:342)
	at com.kms.katalon.core.main.ScriptEngine.run(ScriptEngine.java:194)
	at com.kms.katalon.core.main.ScriptEngine.runScriptAsRawText(ScriptEngine.java:119)
	at com.kms.katalon.core.main.TestCaseExecutor.runScript(TestCaseExecutor.java:445)
	at com.kms.katalon.core.main.TestCaseExecutor.doExecute(TestCaseExecutor.java:436)
	at com.kms.katalon.core.main.TestCaseExecutor.processExecutionPhase(TestCaseExecutor.java:415)
	at com.kms.katalon.core.main.TestCaseExecutor.accessMainPhase(TestCaseExecutor.java:407)
	at com.kms.katalon.core.main.TestCaseExecutor.execute(TestCaseExecutor.java:284)
	at com.kms.katalon.core.common.CommonExecutor.accessTestCaseMainPhase(CommonExecutor.java:65)
	at com.kms.katalon.core.main.TestSuiteExecutor.accessTestSuiteMainPhase(TestSuiteExecutor.java:144)
	at com.kms.katalon.core.main.TestSuiteExecutor.execute(TestSuiteExecutor.java:106)
	at com.kms.katalon.core.main.TestCaseMain.startTestSuite(TestCaseMain.java:185)
	at com.kms.katalon.core.main.TestCaseMain$startTestSuite$0.call(Unknown Source)
	at TempTestSuite1657775490909.run(TempTestSuite1657775490909.groovy:36)
"/>
         <system-out><![CDATA[2022-07-14 13:20:43 - [TEST_CASE][FAILED] - Test Cases/Transfer/transfer_thirdPartyToday: Test Cases/Transfer/transfer_thirdPartyToday FAILED.
Reason:
Assertion failed: 

assert newBalance.round(2) == newAfterBalanceF
       |          |        |  |
       4701.84    4701.84  |  4701.88
                           false

	at transfer_thirdPartyToday.run(transfer_thirdPartyToday:342)
	at com.kms.katalon.core.main.ScriptEngine.run(ScriptEngine.java:194)
	at com.kms.katalon.core.main.ScriptEngine.runScriptAsRawText(ScriptEngine.java:119)
	at com.kms.katalon.core.main.TestCaseExecutor.runScript(TestCaseExecutor.java:445)
	at com.kms.katalon.core.main.TestCaseExecutor.doExecute(TestCaseExecutor.java:436)
	at com.kms.katalon.core.main.TestCaseExecutor.processExecutionPhase(TestCaseExecutor.java:415)
	at com.kms.katalon.core.main.TestCaseExecutor.accessMainPhase(TestCaseExecutor.java:407)
	at com.kms.katalon.core.main.TestCaseExecutor.execute(TestCaseExecutor.java:284)
	at com.kms.katalon.core.common.CommonExecutor.accessTestCaseMainPhase(CommonExecutor.java:65)
	at com.kms.katalon.core.main.TestSuiteExecutor.accessTestSuiteMainPhase(TestSuiteExecutor.java:144)
	at com.kms.katalon.core.main.TestSuiteExecutor.execute(TestSuiteExecutor.java:106)
	at com.kms.katalon.core.main.TestCaseMain.startTestSuite(TestCaseMain.java:185)
	at com.kms.katalon.core.main.TestCaseMain$startTestSuite$0.call(Unknown Source)
	at TempTestSuite1657775490909.run(TempTestSuite1657775490909.groovy:36)


2022-07-14 13:20:43 - [TEST_STEP][PASSED] - delay(5): Delayed 5 second(s)

2022-07-14 13:20:48 - [MESSAGE][PASSED] - Delayed 5 second(s)

2022-07-14 13:20:48 - [TEST_STEP][PASSED] - device_Height = getDeviceHeight(): Current device physical height is 2167

2022-07-14 13:20:49 - [MESSAGE][PASSED] - Current device physical height is 2167

2022-07-14 13:20:49 - [TEST_STEP][PASSED] - device_Width = getDeviceWidth(): Current device physical width is 1080

2022-07-14 13:20:49 - [MESSAGE][PASSED] - Current device physical width is 1080

2022-07-14 13:20:49 - [TEST_STEP][PASSED] - startX = device_Width / 3: null

2022-07-14 13:20:49 - [TEST_STEP][PASSED] - startY = device_Height * 0.97: null

2022-07-14 13:20:49 - [TEST_STEP][PASSED] - verifyElementVisible(findTestObject("Banking/m2uAccountTransferIconSelect"), 0): Element 'Object Repository/Banking/m2uAccountTransferIconSelect' is visible

2022-07-14 13:20:49 - [MESSAGE][WARNING] - Timeout '0' is invalid. Using default page load timeout: '40'

2022-07-14 13:20:49 - [MESSAGE][PASSED] - Element 'Object Repository/Banking/m2uAccountTransferIconSelect' is visible

2022-07-14 13:20:49 - [TEST_STEP][PASSED] - tap(findTestObject("Banking/m2uAccountTransferIconSelect"), 0): Tapped on element 'Object Repository/Banking/m2uAccountTransferIconSelect'

2022-07-14 13:20:49 - [MESSAGE][WARNING] - Timeout '0' is invalid. Using default page load timeout: '40'

2022-07-14 13:20:50 - [MESSAGE][PASSED] - Tapped on element 'Object Repository/Banking/m2uAccountTransferIconSelect'

2022-07-14 13:20:50 - [TEST_STEP][PASSED] - delay(5): Delayed 5 second(s)

2022-07-14 13:20:55 - [MESSAGE][PASSED] - Delayed 5 second(s)

2022-07-14 13:20:55 - [TEST_STEP][PASSED] - tap(findTestObject("Banking/transferOthersTopMenuSelect"), 0): Tapped on element 'Object Repository/Banking/transferOthersTopMenuSelect'

2022-07-14 13:20:55 - [MESSAGE][WARNING] - Timeout '0' is invalid. Using default page load timeout: '40'

2022-07-14 13:21:32 - [MESSAGE][PASSED] - Tapped on element 'Object Repository/Banking/transferOthersTopMenuSelect'

2022-07-14 13:21:32 - [TEST_STEP][PASSED] - tap(findTestObject("Banking/transferBanksIconSelect"), 0): Tapped on element 'Object Repository/Banking/transferBanksIconSelect'

2022-07-14 13:21:32 - [MESSAGE][WARNING] - Timeout '0' is invalid. Using default page load timeout: '40'

2022-07-14 13:21:33 - [MESSAGE][PASSED] - Tapped on element 'Object Repository/Banking/transferBanksIconSelect'

2022-07-14 13:21:33 - [TEST_STEP][PASSED] - tap(findTestObject("Banking/transferToMaybankSelect"), 0): Tapped on element 'Object Repository/Banking/transferToMaybankSelect'

2022-07-14 13:21:33 - [MESSAGE][WARNING] - Timeout '0' is invalid. Using default page load timeout: '40'

2022-07-14 13:21:36 - [MESSAGE][PASSED] - Tapped on element 'Object Repository/Banking/transferToMaybankSelect'

2022-07-14 13:21:36 - [TEST_STEP][PASSED] - delay(3): Delayed 3 second(s)

2022-07-14 13:21:39 - [MESSAGE][PASSED] - Delayed 3 second(s)

2022-07-14 13:21:39 - [TEST_STEP][PASSED] - verifyElementExist(findTestObject("Banking/transferAccountNoInputField"), 0): Element 'Object Repository/Banking/transferAccountNoInputField' is exist

2022-07-14 13:21:39 - [MESSAGE][WARNING] - Timeout '0' is invalid. Using default page load timeout: '40'

2022-07-14 13:21:39 - [MESSAGE][PASSED] - Element 'Object Repository/Banking/transferAccountNoInputField' is exist

2022-07-14 13:21:39 - [TEST_STEP][PASSED] - setText(findTestObject("Banking/transferAccountNoInputField"), accountNum, 0): Text '514012082699' has been set to element 'Object Repository/Banking/transferAccountNoInputField'

2022-07-14 13:21:39 - [MESSAGE][WARNING] - Timeout '0' is invalid. Using default page load timeout: '40'

2022-07-14 13:21:40 - [MESSAGE][PASSED] - Text '514012082699' has been set to element 'Object Repository/Banking/transferAccountNoInputField'

2022-07-14 13:21:40 - [TEST_STEP][PASSED] - hideKeyboard(): Keyboard is hidden

2022-07-14 13:21:45 - [MESSAGE][PASSED] - Keyboard is hidden

2022-07-14 13:21:45 - [TEST_STEP][PASSED] - tap(findTestObject("Login Onboarding/loginExistingContinueBtn"), 0): Tapped on element 'Object Repository/Login Onboarding/loginExistingContinueBtn'

2022-07-14 13:21:45 - [MESSAGE][WARNING] - Timeout '0' is invalid. Using default page load timeout: '40'

2022-07-14 13:21:46 - [MESSAGE][PASSED] - Tapped on element 'Object Repository/Login Onboarding/loginExistingContinueBtn'

2022-07-14 13:21:46 - [TEST_STEP][PASSED] - verifyElementText(findTestObject("Transfer/transferAmounttAccNameTxt", ["accName":accName]), accName): Actual text and expected text of test object 'Object Repository/Transfer/transferAmounttAccNameTxt' are matched.

2022-07-14 13:21:49 - [MESSAGE][PASSED] - Actual text and expected text of test object 'Object Repository/Transfer/transferAmounttAccNameTxt' are matched.

2022-07-14 13:21:49 - [TEST_STEP][PASSED] - verifyElementText(findTestObject("Transfer/transferAmounttAccNoTxt", ["accNo":accNo]), accNo): Actual text and expected text of test object 'Object Repository/Transfer/transferAmounttAccNoTxt' are matched.

2022-07-14 13:21:49 - [MESSAGE][PASSED] - Actual text and expected text of test object 'Object Repository/Transfer/transferAmounttAccNoTxt' are matched.

2022-07-14 13:21:49 - [TEST_STEP][PASSED] - verifyElementText(findTestObject("Transfer/transferAmounttAccBankTxt", ["accBank":accBank]), accBank): Actual text and expected text of test object 'Object Repository/Transfer/transferAmounttAccBankTxt' are matched.

2022-07-14 13:21:50 - [MESSAGE][PASSED] - Actual text and expected text of test object 'Object Repository/Transfer/transferAmounttAccBankTxt' are matched.

2022-07-14 13:21:50 - [TEST_STEP][PASSED] - verifyElementExist(findTestObject("Transfer/transferAmountRMTxt"), 0): Element 'Object Repository/Transfer/transferAmountRMTxt' is exist

2022-07-14 13:21:50 - [MESSAGE][WARNING] - Timeout '0' is invalid. Using default page load timeout: '40'

2022-07-14 13:21:50 - [MESSAGE][PASSED] - Element 'Object Repository/Transfer/transferAmountRMTxt' is exist

2022-07-14 13:21:50 - [TEST_STEP][PASSED] - verifyElementExist(findTestObject("Transfer/transferAmountEnterAmountTitleTxt"), 0): Element 'Object Repository/Transfer/transferAmountEnterAmountTitleTxt' is exist

2022-07-14 13:21:50 - [MESSAGE][WARNING] - Timeout '0' is invalid. Using default page load timeout: '40'

2022-07-14 13:21:51 - [MESSAGE][PASSED] - Element 'Object Repository/Transfer/transferAmountEnterAmountTitleTxt' is exist

2022-07-14 13:21:51 - [TEST_STEP][PASSED] - verifyElementExist(findTestObject("Login Onboarding/PIN4"), 0): Element 'Object Repository/Login Onboarding/PIN4' is exist

2022-07-14 13:21:51 - [MESSAGE][WARNING] - Timeout '0' is invalid. Using default page load timeout: '40'

2022-07-14 13:21:51 - [MESSAGE][PASSED] - Element 'Object Repository/Login Onboarding/PIN4' is exist

2022-07-14 13:21:51 - [TEST_STEP][PASSED] - tap(findTestObject("Login Onboarding/PIN4"), 0): Tapped on element 'Object Repository/Login Onboarding/PIN4'

2022-07-14 13:21:51 - [MESSAGE][WARNING] - Timeout '0' is invalid. Using default page load timeout: '40'

2022-07-14 13:21:51 - [MESSAGE][PASSED] - Tapped on element 'Object Repository/Login Onboarding/PIN4'

2022-07-14 13:21:51 - [TEST_STEP][PASSED] - verifyElementText(findTestObject("Transfer/transferAmountInputValueTxt", ["value":checkValue]), checkValue): Actual text and expected text of test object 'Object Repository/Transfer/transferAmountInputValueTxt' are matched.

2022-07-14 13:21:52 - [MESSAGE][PASSED] - Actual text and expected text of test object 'Object Repository/Transfer/transferAmountInputValueTxt' are matched.

2022-07-14 13:21:52 - [TEST_STEP][PASSED] - delay(3): Delayed 3 second(s)

2022-07-14 13:21:55 - [MESSAGE][PASSED] - Delayed 3 second(s)

2022-07-14 13:21:55 - [TEST_STEP][PASSED] - tap(findTestObject("Login Onboarding/loginPinTickBtn"), 0): Tapped on element 'Object Repository/Login Onboarding/loginPinTickBtn'

2022-07-14 13:21:55 - [MESSAGE][WARNING] - Timeout '0' is invalid. Using default page load timeout: '40'

2022-07-14 13:21:55 - [MESSAGE][PASSED] - Tapped on element 'Object Repository/Login Onboarding/loginPinTickBtn'

2022-07-14 13:21:55 - [TEST_STEP][PASSED] - verifyElementText(findTestObject("Transfer/transferReferenceAccNameTxt", ["accName":accName]), accName): Actual text and expected text of test object 'Object Repository/Transfer/transferReferenceAccNameTxt' are matched.

2022-07-14 13:21:57 - [MESSAGE][PASSED] - Actual text and expected text of test object 'Object Repository/Transfer/transferReferenceAccNameTxt' are matched.

2022-07-14 13:21:57 - [TEST_STEP][PASSED] - verifyElementText(findTestObject("Transfer/transferReferenceAccNoTxt", ["accNo":accNo]), accNo): Actual text and expected text of test object 'Object Repository/Transfer/transferReferenceAccNoTxt' are matched.

2022-07-14 13:21:58 - [MESSAGE][PASSED] - Actual text and expected text of test object 'Object Repository/Transfer/transferReferenceAccNoTxt' are matched.

2022-07-14 13:21:58 - [TEST_STEP][PASSED] - verifyElementText(findTestObject("Transfer/transferReferenceAccBankTxt", ["accBank":accBank]), accBank): Actual text and expected text of test object 'Object Repository/Transfer/transferReferenceAccBankTxt' are matched.

2022-07-14 13:21:58 - [MESSAGE][PASSED] - Actual text and expected text of test object 'Object Repository/Transfer/transferReferenceAccBankTxt' are matched.

2022-07-14 13:21:58 - [TEST_STEP][PASSED] - verifyElementExist(findTestObject("Transfer/transferReferenceInputField"), 0): Element 'Object Repository/Transfer/transferReferenceInputField' is exist

2022-07-14 13:21:58 - [MESSAGE][WARNING] - Timeout '0' is invalid. Using default page load timeout: '40'

2022-07-14 13:21:58 - [MESSAGE][PASSED] - Element 'Object Repository/Transfer/transferReferenceInputField' is exist

2022-07-14 13:21:58 - [TEST_STEP][PASSED] - setText(findTestObject("Banking/transferReferenceInputField"), reference, 0): Text 'MBBTransfer' has been set to element 'Object Repository/Banking/transferReferenceInputField'

2022-07-14 13:21:58 - [MESSAGE][WARNING] - Timeout '0' is invalid. Using default page load timeout: '40'

2022-07-14 13:21:59 - [MESSAGE][PASSED] - Text 'MBBTransfer' has been set to element 'Object Repository/Banking/transferReferenceInputField'

2022-07-14 13:21:59 - [TEST_STEP][PASSED] - hideKeyboard(): Keyboard is hidden

2022-07-14 13:22:02 - [MESSAGE][PASSED] - Keyboard is hidden

2022-07-14 13:22:02 - [TEST_STEP][PASSED] - verifyElementText(findTestObject("Transfer/transferReferenceInputFieldAfter", ["reference":reference]), reference): Actual text and expected text of test object 'Object Repository/Transfer/transferReferenceInputFieldAfter' are matched.

2022-07-14 13:22:02 - [MESSAGE][PASSED] - Actual text and expected text of test object 'Object Repository/Transfer/transferReferenceInputFieldAfter' are matched.

2022-07-14 13:22:02 - [TEST_STEP][PASSED] - tap(findTestObject("Login Onboarding/loginExistingContinueBtn"), 0): Tapped on element 'Object Repository/Login Onboarding/loginExistingContinueBtn'

2022-07-14 13:22:02 - [MESSAGE][WARNING] - Timeout '0' is invalid. Using default page load timeout: '40'

2022-07-14 13:22:02 - [MESSAGE][PASSED] - Tapped on element 'Object Repository/Login Onboarding/loginExistingContinueBtn'

2022-07-14 13:22:02 - [TEST_STEP][PASSED] - verifyElementText(findTestObject("Transfer/transferConfirmationAccountNameTxt", ["accName":accName]), accName): Actual text and expected text of test object 'Object Repository/Transfer/transferConfirmationAccountNameTxt' are matched.

2022-07-14 13:22:02 - [MESSAGE][PASSED] - Actual text and expected text of test object 'Object Repository/Transfer/transferConfirmationAccountNameTxt' are matched.

2022-07-14 13:22:02 - [TEST_STEP][PASSED] - verifyElementText(findTestObject("Transfer/transferConfirmationAccountNoTxt", ["accNo":accNo]), accNo): Actual text and expected text of test object 'Object Repository/Transfer/transferConfirmationAccountNoTxt' are matched.

2022-07-14 13:22:03 - [MESSAGE][PASSED] - Actual text and expected text of test object 'Object Repository/Transfer/transferConfirmationAccountNoTxt' are matched.

2022-07-14 13:22:03 - [TEST_STEP][PASSED] - verifyElementText(findTestObject("Transfer/transferConfirmationAmountTxt", ["amount":amount]), amount): Actual text and expected text of test object 'Object Repository/Transfer/transferConfirmationAmountTxt' are matched.

2022-07-14 13:22:05 - [MESSAGE][PASSED] - Actual text and expected text of test object 'Object Repository/Transfer/transferConfirmationAmountTxt' are matched.

2022-07-14 13:22:05 - [TEST_STEP][PASSED] - verifyElementText(findTestObject("Transfer/transferConfirmationTransactionDateTxt"), "Today"): Actual text and expected text of test object 'Object Repository/Transfer/transferConfirmationTransactionDateTxt' are matched.

2022-07-14 13:22:07 - [MESSAGE][PASSED] - Actual text and expected text of test object 'Object Repository/Transfer/transferConfirmationTransactionDateTxt' are matched.

2022-07-14 13:22:07 - [TEST_STEP][PASSED] - verifyElementText(findTestObject("Transfer/transferConfirmationTransactionRecRefTxt", ["reference":reference]), reference): Actual text and expected text of test object 'Object Repository/Transfer/transferConfirmationTransactionRecRefTxt' are matched.

2022-07-14 13:22:07 - [MESSAGE][PASSED] - Actual text and expected text of test object 'Object Repository/Transfer/transferConfirmationTransactionRecRefTxt' are matched.

2022-07-14 13:22:07 - [TEST_STEP][PASSED] - verifyElementText(findTestObject("Transfer/transferConfirmationTransactionBankTxt", ["accBank":accBank]), accBank): Actual text and expected text of test object 'Object Repository/Transfer/transferConfirmationTransactionBankTxt' are matched.

2022-07-14 13:22:08 - [MESSAGE][PASSED] - Actual text and expected text of test object 'Object Repository/Transfer/transferConfirmationTransactionBankTxt' are matched.

2022-07-14 13:22:08 - [TEST_STEP][PASSED] - verifyElementText(findTestObject("Transfer/transferConfirmationOptionalGreyWordTxt"), "Optional"): Actual text and expected text of test object 'Object Repository/Transfer/transferConfirmationOptionalGreyWordTxt' are matched.

2022-07-14 13:22:08 - [MESSAGE][PASSED] - Actual text and expected text of test object 'Object Repository/Transfer/transferConfirmationOptionalGreyWordTxt' are matched.

2022-07-14 13:22:08 - [TEST_STEP][PASSED] - verifyElementExist(findTestObject("Transfer/transferConfirmationBankNameTitleTxt"), 0): Element 'Object Repository/Transfer/transferConfirmationBankNameTitleTxt' is exist

2022-07-14 13:22:08 - [MESSAGE][WARNING] - Timeout '0' is invalid. Using default page load timeout: '40'

2022-07-14 13:22:08 - [MESSAGE][PASSED] - Element 'Object Repository/Transfer/transferConfirmationBankNameTitleTxt' is exist

2022-07-14 13:22:08 - [TEST_STEP][PASSED] - verifyElementExist(findTestObject("Transfer/transferConfirmationDateTitleTxt"), 0): Element 'Object Repository/Transfer/transferConfirmationDateTitleTxt' is exist

2022-07-14 13:22:08 - [MESSAGE][WARNING] - Timeout '0' is invalid. Using default page load timeout: '40'

2022-07-14 13:22:09 - [MESSAGE][PASSED] - Element 'Object Repository/Transfer/transferConfirmationDateTitleTxt' is exist

2022-07-14 13:22:09 - [TEST_STEP][PASSED] - verifyElementExist(findTestObject("Transfer/transferConfirmationFTransferFromTitleTxt"), 0): Element 'Object Repository/Transfer/transferConfirmationFTransferFromTitleTxt' is exist

2022-07-14 13:22:09 - [MESSAGE][WARNING] - Timeout '0' is invalid. Using default page load timeout: '40'

2022-07-14 13:22:09 - [MESSAGE][PASSED] - Element 'Object Repository/Transfer/transferConfirmationFTransferFromTitleTxt' is exist

2022-07-14 13:22:09 - [TEST_STEP][PASSED] - verifyElementExist(findTestObject("Transfer/transferConfirmationRecRefTitleTxt"), 0): Element 'Object Repository/Transfer/transferConfirmationRecRefTitleTxt' is exist

2022-07-14 13:22:09 - [MESSAGE][WARNING] - Timeout '0' is invalid. Using default page load timeout: '40'

2022-07-14 13:22:09 - [MESSAGE][PASSED] - Element 'Object Repository/Transfer/transferConfirmationRecRefTitleTxt' is exist

2022-07-14 13:22:09 - [TEST_STEP][PASSED] - verifyElementExist(findTestObject("Transfer/transferConfirmationPaymentDetailsTitleTxt"), 0): Element 'Object Repository/Transfer/transferConfirmationPaymentDetailsTitleTxt' is exist

2022-07-14 13:22:09 - [MESSAGE][WARNING] - Timeout '0' is invalid. Using default page load timeout: '40'

2022-07-14 13:22:09 - [MESSAGE][PASSED] - Element 'Object Repository/Transfer/transferConfirmationPaymentDetailsTitleTxt' is exist

2022-07-14 13:22:09 - [TEST_STEP][PASSED] - verifyElementExist(findTestObject("Transfer/transferConfirmationNoteTitleTxt"), 0): Element 'Object Repository/Transfer/transferConfirmationNoteTitleTxt' is exist

2022-07-14 13:22:09 - [MESSAGE][WARNING] - Timeout '0' is invalid. Using default page load timeout: '40'

2022-07-14 13:22:10 - [MESSAGE][PASSED] - Element 'Object Repository/Transfer/transferConfirmationNoteTitleTxt' is exist

2022-07-14 13:22:10 - [TEST_STEP][PASSED] - verifyElementExist(findTestObject("Transfer/transferConfirmationNoteContentTxt"), 0): Element 'Object Repository/Transfer/transferConfirmationNoteContentTxt' is exist

2022-07-14 13:22:10 - [MESSAGE][WARNING] - Timeout '0' is invalid. Using default page load timeout: '40'

2022-07-14 13:22:10 - [MESSAGE][PASSED] - Element 'Object Repository/Transfer/transferConfirmationNoteContentTxt' is exist

2022-07-14 13:22:10 - [TEST_STEP][PASSED] - tap(findTestObject("Transfer/transferConfirmationOptionalGreyWordTxt"), 0): Tapped on element 'Object Repository/Transfer/transferConfirmationOptionalGreyWordTxt'

2022-07-14 13:22:10 - [MESSAGE][WARNING] - Timeout '0' is invalid. Using default page load timeout: '40'

2022-07-14 13:22:10 - [MESSAGE][PASSED] - Tapped on element 'Object Repository/Transfer/transferConfirmationOptionalGreyWordTxt'

2022-07-14 13:22:10 - [TEST_STEP][PASSED] - setText(findTestObject("Transfer/transferConfirmationDetailsInputField"), referenceC, 0): Text 'Test Transfer' has been set to element 'Object Repository/Transfer/transferConfirmationDetailsInputField'

2022-07-14 13:22:10 - [MESSAGE][WARNING] - Timeout '0' is invalid. Using default page load timeout: '40'

2022-07-14 13:22:14 - [MESSAGE][PASSED] - Text 'Test Transfer' has been set to element 'Object Repository/Transfer/transferConfirmationDetailsInputField'

2022-07-14 13:22:14 - [TEST_STEP][PASSED] - hideKeyboard(): Keyboard is hidden

2022-07-14 13:22:16 - [MESSAGE][PASSED] - Keyboard is hidden

2022-07-14 13:22:16 - [TEST_STEP][PASSED] - verifyElementText(findTestObject("Transfer/transferConfirmationOptionalGreyWordTxt"), referenceC): Actual text and expected text of test object 'Object Repository/Transfer/transferConfirmationOptionalGreyWordTxt' are matched.

2022-07-14 13:22:16 - [MESSAGE][PASSED] - Actual text and expected text of test object 'Object Repository/Transfer/transferConfirmationOptionalGreyWordTxt' are matched.

2022-07-14 13:22:16 - [TEST_STEP][PASSED] - device_Height_2 = getDeviceHeight(): Current device physical height is 2167

2022-07-14 13:22:16 - [MESSAGE][PASSED] - Current device physical height is 2167

2022-07-14 13:22:16 - [TEST_STEP][PASSED] - device_Width_2 = getDeviceWidth(): Current device physical width is 1080

2022-07-14 13:22:16 - [MESSAGE][PASSED] - Current device physical width is 1080

2022-07-14 13:22:16 - [TEST_STEP][PASSED] - startX_2 = device_Width_2 / 2: null

2022-07-14 13:22:16 - [TEST_STEP][PASSED] - endX_2 = startX_2: null

2022-07-14 13:22:16 - [TEST_STEP][PASSED] - startY_2 = device_Height_2 * 0.30: null

2022-07-14 13:22:16 - [TEST_STEP][PASSED] - endY_2 = device_Height_2 * 0.70: null

2022-07-14 13:22:16 - [TEST_STEP][PASSED] - swipe(startX_2, endY_2, endX_2, startY_2): Swiped from 540,1,516 to 540,650

2022-07-14 13:22:17 - [MESSAGE][PASSED] - Swiped from 540,1,516 to 540,650

2022-07-14 13:22:17 - [TEST_STEP][PASSED] - verifyElementText(findTestObject("Transfer/transferConfirmationFromAccTypeTxt", ["accType":accType]), accType): Actual text and expected text of test object 'Object Repository/Transfer/transferConfirmationFromAccTypeTxt' are matched.

2022-07-14 13:22:18 - [MESSAGE][PASSED] - Actual text and expected text of test object 'Object Repository/Transfer/transferConfirmationFromAccTypeTxt' are matched.

2022-07-14 13:22:18 - [TEST_STEP][PASSED] - verifyElementText(findTestObject("Transfer/transferConfirmationFromAccNoTxt", ["accNoFrom":accNoFrom]), accNoFrom): Actual text and expected text of test object 'Object Repository/Transfer/transferConfirmationFromAccNoTxt' are matched.

2022-07-14 13:22:18 - [MESSAGE][PASSED] - Actual text and expected text of test object 'Object Repository/Transfer/transferConfirmationFromAccNoTxt' are matched.

2022-07-14 13:22:18 - [TEST_STEP][PASSED] - verifyElementExist(findTestObject("Transfer/transferConfirmationFromAccBalanceTxt"), 0): Element 'Object Repository/Transfer/transferConfirmationFromAccBalanceTxt' is exist

2022-07-14 13:22:18 - [MESSAGE][WARNING] - Timeout '0' is invalid. Using default page load timeout: '40'

2022-07-14 13:22:18 - [MESSAGE][PASSED] - Element 'Object Repository/Transfer/transferConfirmationFromAccBalanceTxt' is exist

2022-07-14 13:22:18 - [TEST_STEP][PASSED] - accountBalance = getText(findTestObject("Transfer/transferConfirmationFromAccBalanceTxt"), 0): Text of element 'Object Repository/Transfer/transferConfirmationFromAccBalanceTxt' is: 'RM 4,701.88'

2022-07-14 13:22:18 - [MESSAGE][WARNING] - Timeout '0' is invalid. Using default page load timeout: '40'

2022-07-14 13:22:18 - [MESSAGE][PASSED] - Text of element 'Object Repository/Transfer/transferConfirmationFromAccBalanceTxt' is: 'RM 4,701.88'

2022-07-14 13:22:18 - [TEST_STEP][PASSED] - println(accountBalance): null

2022-07-14 13:22:18 - [TEST_STEP][PASSED] - tap(findTestObject("Main/mainTransferNowBtn"), 0): Tapped on element 'Object Repository/Main/mainTransferNowBtn'

2022-07-14 13:22:18 - [MESSAGE][WARNING] - Timeout '0' is invalid. Using default page load timeout: '40'

2022-07-14 13:22:19 - [MESSAGE][PASSED] - Tapped on element 'Object Repository/Main/mainTransferNowBtn'

2022-07-14 13:22:19 - [TEST_STEP][PASSED] - if (verifyElementVisible(findTestObject("Festive Season/seasonalGreetingAngpaoTACNoTxt"), 5, OPTIONAL)): Element 'Object Repository/Festive Season/seasonalGreetingAngpaoTACNoTxt' not found

2022-07-14 13:22:24 - [MESSAGE][WARNING] - Element 'Object Repository/Festive Season/seasonalGreetingAngpaoTACNoTxt' not found

2022-07-14 13:22:24 - [TEST_STEP][PASSED] - else: Tapped on element 'Object Repository/Main/mainS2UApproveBtn'

2022-07-14 13:22:24 - [TEST_STEP][PASSED] - delay(5): Delayed 5 second(s)

2022-07-14 13:22:29 - [MESSAGE][PASSED] - Delayed 5 second(s)

2022-07-14 13:22:29 - [TEST_STEP][PASSED] - verifyElementVisible(findTestObject("Main/mainS2UApproveBtn"), 0): Element 'Object Repository/Main/mainS2UApproveBtn' is visible

2022-07-14 13:22:29 - [MESSAGE][WARNING] - Timeout '0' is invalid. Using default page load timeout: '40'

2022-07-14 13:22:29 - [MESSAGE][PASSED] - Element 'Object Repository/Main/mainS2UApproveBtn' is visible

2022-07-14 13:22:29 - [TEST_STEP][PASSED] - tap(findTestObject("Main/mainS2UApproveBtn"), 0): Tapped on element 'Object Repository/Main/mainS2UApproveBtn'

2022-07-14 13:22:29 - [MESSAGE][WARNING] - Timeout '0' is invalid. Using default page load timeout: '40'

2022-07-14 13:22:29 - [MESSAGE][PASSED] - Tapped on element 'Object Repository/Main/mainS2UApproveBtn'

2022-07-14 13:22:29 - [TEST_STEP][PASSED] - delay(5): Delayed 5 second(s)

2022-07-14 13:22:34 - [MESSAGE][PASSED] - Delayed 5 second(s)

2022-07-14 13:22:34 - [TEST_STEP][PASSED] - verifyElementExist(findTestObject("Festive Season/returnAngpaoStatusMessageTxt"), 0): Element 'Object Repository/Festive Season/returnAngpaoStatusMessageTxt' is exist

2022-07-14 13:22:35 - [MESSAGE][WARNING] - Timeout '0' is invalid. Using default page load timeout: '40'

2022-07-14 13:22:35 - [MESSAGE][PASSED] - Element 'Object Repository/Festive Season/returnAngpaoStatusMessageTxt' is exist

2022-07-14 13:22:35 - [TEST_STEP][PASSED] - message = getText(findTestObject("Festive Season/returnAngpaoStatusMessageTxt"), 10): Text of element 'Object Repository/Festive Season/returnAngpaoStatusMessageTxt' is: 'Transfer successful'

2022-07-14 13:22:35 - [MESSAGE][PASSED] - Text of element 'Object Repository/Festive Season/returnAngpaoStatusMessageTxt' is: 'Transfer successful'

2022-07-14 13:22:35 - [TEST_STEP][PASSED] - println(message): null

2022-07-14 13:22:35 - [TEST_STEP][PASSED] - assert message == successTransactionMessage: null

2022-07-14 13:22:35 - [TEST_STEP][PASSED] - verifyElementExist(findTestObject("Transfer/transferSummaryDateTimeTitleTxt"), 0): Element 'Object Repository/Transfer/transferSummaryDateTimeTitleTxt' is exist

2022-07-14 13:22:35 - [MESSAGE][WARNING] - Timeout '0' is invalid. Using default page load timeout: '40'

2022-07-14 13:22:35 - [MESSAGE][PASSED] - Element 'Object Repository/Transfer/transferSummaryDateTimeTitleTxt' is exist

2022-07-14 13:22:35 - [TEST_STEP][PASSED] - verifyElementExist(findTestObject("Transfer/transferSummaryRefIDTitleTxt"), 0): Element 'Object Repository/Transfer/transferSummaryRefIDTitleTxt' is exist

2022-07-14 13:22:36 - [MESSAGE][WARNING] - Timeout '0' is invalid. Using default page load timeout: '40'

2022-07-14 13:22:36 - [MESSAGE][PASSED] - Element 'Object Repository/Transfer/transferSummaryRefIDTitleTxt' is exist

2022-07-14 13:22:36 - [TEST_STEP][PASSED] - verifyElementExist(findTestObject("Transfer/transferSummaryShareReceiptBtn"), 0): Element 'Object Repository/Transfer/transferSummaryShareReceiptBtn' is exist

2022-07-14 13:22:36 - [MESSAGE][WARNING] - Timeout '0' is invalid. Using default page load timeout: '40'

2022-07-14 13:22:36 - [MESSAGE][PASSED] - Element 'Object Repository/Transfer/transferSummaryShareReceiptBtn' is exist

2022-07-14 13:22:36 - [TEST_STEP][PASSED] - delay(5): Delayed 5 second(s)

2022-07-14 13:22:41 - [MESSAGE][PASSED] - Delayed 5 second(s)

2022-07-14 13:22:41 - [TEST_STEP][PASSED] - referenceID = getText(findTestObject("Send Request Money/requestMoneyPaySummaryRefIDTxt"), 0): Text of element 'Object Repository/Send Request Money/requestMoneyPaySummaryRefIDTxt' is: '181678479M'

2022-07-14 13:22:41 - [MESSAGE][WARNING] - Timeout '0' is invalid. Using default page load timeout: '40'

2022-07-14 13:22:41 - [MESSAGE][PASSED] - Text of element 'Object Repository/Send Request Money/requestMoneyPaySummaryRefIDTxt' is: '181678479M'

2022-07-14 13:22:41 - [TEST_STEP][PASSED] - println(referenceID): null

2022-07-14 13:22:41 - [TEST_STEP][PASSED] - test = "/Users/a00139272/git/MAEAutomation2/Performance.xlsx": null

2022-07-14 13:22:41 - [TEST_STEP][PASSED] - sheetName = "Sheet1": null

2022-07-14 13:22:41 - [TEST_STEP][PASSED] - file1 = new java.io.File(test): null

2022-07-14 13:22:41 - [TEST_STEP][PASSED] - assert file1.exists() == true: null

2022-07-14 13:22:41 - [TEST_STEP][PASSED] - woorkbook1 = getWorkbook(test): null

2022-07-14 13:22:41 - [TEST_STEP][PASSED] - sheet1 = getExcelSheet(woorkbook1, sheetName): null

2022-07-14 13:22:41 - [TEST_STEP][PASSED] - setValueToCellByIndex(sheet1, 3, 1, referenceID): null

2022-07-14 13:22:41 - [TEST_STEP][PASSED] - saveWorkbook(test, woorkbook1): null

2022-07-14 13:22:41 - [TEST_STEP][PASSED] - delay(3): Delayed 3 second(s)

2022-07-14 13:22:44 - [MESSAGE][PASSED] - Delayed 3 second(s)

2022-07-14 13:22:44 - [TEST_STEP][PASSED] - takeScreenshot("/Users/a00139272/Desktop/Screenshot/instantThirdParty.png"): Screenshot is taken

2022-07-14 13:22:45 - [MESSAGE][PASSED] - Screenshot is taken
[[ATTACHMENT|/Users/a00139272/Desktop/Screenshot/instantThirdParty.png]]

2022-07-14 13:22:45 - [TEST_STEP][PASSED] - verifyElementVisible(findTestObject("Main/mainDoneBtn"), 0): Element 'Object Repository/Main/mainDoneBtn' is visible

2022-07-14 13:22:45 - [MESSAGE][WARNING] - Timeout '0' is invalid. Using default page load timeout: '40'

2022-07-14 13:22:45 - [MESSAGE][PASSED] - Element 'Object Repository/Main/mainDoneBtn' is visible

2022-07-14 13:22:45 - [TEST_STEP][PASSED] - tap(findTestObject("Main/mainDoneBtn"), 0): Tapped on element 'Object Repository/Main/mainDoneBtn'

2022-07-14 13:22:45 - [MESSAGE][WARNING] - Timeout '0' is invalid. Using default page load timeout: '40'

2022-07-14 13:22:45 - [MESSAGE][PASSED] - Tapped on element 'Object Repository/Main/mainDoneBtn'

2022-07-14 13:22:46 - [TEST_STEP][PASSED] - delay(5): Delayed 5 second(s)

2022-07-14 13:22:51 - [MESSAGE][PASSED] - Delayed 5 second(s)

2022-07-14 13:22:51 - [TEST_STEP][PASSED] - tap(findTestObject("Main/mainTopLeftBackButton"), 0): Tapped on element 'Object Repository/Main/mainTopLeftBackButton'

2022-07-14 13:22:51 - [MESSAGE][WARNING] - Timeout '0' is invalid. Using default page load timeout: '40'

2022-07-14 13:22:51 - [MESSAGE][PASSED] - Tapped on element 'Object Repository/Main/mainTopLeftBackButton'

2022-07-14 13:22:51 - [TEST_STEP][PASSED] - verifyElementVisible(findTestObject("Banking/m2uAccountTypeSelection", ["text":"MAE"]), 0): Element 'Object Repository/Banking/m2uAccountTypeSelection' is visible

2022-07-14 13:22:51 - [MESSAGE][WARNING] - Timeout '0' is invalid. Using default page load timeout: '40'

2022-07-14 13:22:53 - [MESSAGE][PASSED] - Element 'Object Repository/Banking/m2uAccountTypeSelection' is visible

2022-07-14 13:22:53 - [TEST_STEP][PASSED] - tap(findTestObject("Banking/m2uAccountTypeSelection", ["text":"MAE"]), 10): Tapped on element 'Object Repository/Banking/m2uAccountTypeSelection'

2022-07-14 13:22:53 - [MESSAGE][PASSED] - Tapped on element 'Object Repository/Banking/m2uAccountTypeSelection'

2022-07-14 13:22:53 - [TEST_STEP][PASSED] - delay(5): Delayed 5 second(s)

2022-07-14 13:22:58 - [MESSAGE][PASSED] - Delayed 5 second(s)

2022-07-14 13:22:58 - [TEST_STEP][PASSED] - afterBalance = getText(findTestObject("Main/mainAccountsBalanceTxt"), 0): Text of element 'Object Repository/Main/mainAccountsBalanceTxt' is: 'RM 4,701.88'

2022-07-14 13:22:58 - [MESSAGE][WARNING] - Timeout '0' is invalid. Using default page load timeout: '40'

2022-07-14 13:22:59 - [MESSAGE][PASSED] - Text of element 'Object Repository/Main/mainAccountsBalanceTxt' is: 'RM 4,701.88'

2022-07-14 13:22:59 - [TEST_STEP][PASSED] - newAfterBalance = afterBalance.replaceAll("[^0-9.]", ""): null

2022-07-14 13:22:59 - [TEST_STEP][PASSED] - newAccountBalance = accountBalance.replaceAll("[^0-9.]", ""): null

2022-07-14 13:22:59 - [TEST_STEP][PASSED] - newAfterBalanceF = Float.parseFloat(newAfterBalance): null

2022-07-14 13:22:59 - [TEST_STEP][PASSED] - newAccountBalanceF = Float.parseFloat(newAccountBalance): null

2022-07-14 13:22:59 - [TEST_STEP][PASSED] - println(afterBalance): null

2022-07-14 13:22:59 - [TEST_STEP][PASSED] - println(accountBalance): null

2022-07-14 13:22:59 - [TEST_STEP][PASSED] - println(newAfterBalance): null

2022-07-14 13:22:59 - [TEST_STEP][PASSED] - println(newAccountBalance): null

2022-07-14 13:22:59 - [TEST_STEP][PASSED] - value_1 = checkValue: null

2022-07-14 13:22:59 - [TEST_STEP][PASSED] - value_2 = value_1.replaceAll("[^0-9.]", ""): null

2022-07-14 13:22:59 - [TEST_STEP][PASSED] - newValue = Float.parseFloat(value_2): null

2022-07-14 13:22:59 - [TEST_STEP][PASSED] - newBalance = newAccountBalanceF - newValue: null

2022-07-14 13:22:59 - [TEST_STEP][PASSED] - println(newBalance): null

2022-07-14 13:22:59 - [TEST_STEP][FAILED] - assert newBalance.round(2) == newAfterBalanceF: Test Cases/Transfer/transfer_thirdPartyToday FAILED.
Reason:
Assertion failed: 

assert newBalance.round(2) == newAfterBalanceF
       |          |        |  |
       4701.84    4701.84  |  4701.88
                           false

	at transfer_thirdPartyToday.run(transfer_thirdPartyToday:342)
	at com.kms.katalon.core.main.ScriptEngine.run(ScriptEngine.java:194)
	at com.kms.katalon.core.main.ScriptEngine.runScriptAsRawText(ScriptEngine.java:119)
	at com.kms.katalon.core.main.TestCaseExecutor.runScript(TestCaseExecutor.java:445)
	at com.kms.katalon.core.main.TestCaseExecutor.doExecute(TestCaseExecutor.java:436)
	at com.kms.katalon.core.main.TestCaseExecutor.processExecutionPhase(TestCaseExecutor.java:415)
	at com.kms.katalon.core.main.TestCaseExecutor.accessMainPhase(TestCaseExecutor.java:407)
	at com.kms.katalon.core.main.TestCaseExecutor.execute(TestCaseExecutor.java:284)
	at com.kms.katalon.core.common.CommonExecutor.accessTestCaseMainPhase(CommonExecutor.java:65)
	at com.kms.katalon.core.main.TestSuiteExecutor.accessTestSuiteMainPhase(TestSuiteExecutor.java:144)
	at com.kms.katalon.core.main.TestSuiteExecutor.execute(TestSuiteExecutor.java:106)
	at com.kms.katalon.core.main.TestCaseMain.startTestSuite(TestCaseMain.java:185)
	at com.kms.katalon.core.main.TestCaseMain$startTestSuite$0.call(Unknown Source)
	at TempTestSuite1657775490909.run(TempTestSuite1657775490909.groovy:36)


2022-07-14 13:22:59 - [MESSAGE][FAILED] - Test Cases/Transfer/transfer_thirdPartyToday FAILED.
Reason:
Assertion failed: 

assert newBalance.round(2) == newAfterBalanceF
       |          |        |  |
       4701.84    4701.84  |  4701.88
                           false

	at transfer_thirdPartyToday.run(transfer_thirdPartyToday:342)
	at com.kms.katalon.core.main.ScriptEngine.run(ScriptEngine.java:194)
	at com.kms.katalon.core.main.ScriptEngine.runScriptAsRawText(ScriptEngine.java:119)
	at com.kms.katalon.core.main.TestCaseExecutor.runScript(TestCaseExecutor.java:445)
	at com.kms.katalon.core.main.TestCaseExecutor.doExecute(TestCaseExecutor.java:436)
	at com.kms.katalon.core.main.TestCaseExecutor.processExecutionPhase(TestCaseExecutor.java:415)
	at com.kms.katalon.core.main.TestCaseExecutor.accessMainPhase(TestCaseExecutor.java:407)
	at com.kms.katalon.core.main.TestCaseExecutor.execute(TestCaseExecutor.java:284)
	at com.kms.katalon.core.common.CommonExecutor.accessTestCaseMainPhase(CommonExecutor.java:65)
	at com.kms.katalon.core.main.TestSuiteExecutor.accessTestSuiteMainPhase(TestSuiteExecutor.java:144)
	at com.kms.katalon.core.main.TestSuiteExecutor.execute(TestSuiteExecutor.java:106)
	at com.kms.katalon.core.main.TestCaseMain.startTestSuite(TestCaseMain.java:185)
	at com.kms.katalon.core.main.TestCaseMain$startTestSuite$0.call(Unknown Source)
	at TempTestSuite1657775490909.run(TempTestSuite1657775490909.groovy:36)]]></system-out>
         <system-err><![CDATA[2022-07-14 13:20:43 - [TEST_CASE][FAILED] - Test Cases/Transfer/transfer_thirdPartyToday: Test Cases/Transfer/transfer_thirdPartyToday FAILED.
Reason:
Assertion failed: 

assert newBalance.round(2) == newAfterBalanceF
       |          |        |  |
       4701.84    4701.84  |  4701.88
                           false

	at transfer_thirdPartyToday.run(transfer_thirdPartyToday:342)
	at com.kms.katalon.core.main.ScriptEngine.run(ScriptEngine.java:194)
	at com.kms.katalon.core.main.ScriptEngine.runScriptAsRawText(ScriptEngine.java:119)
	at com.kms.katalon.core.main.TestCaseExecutor.runScript(TestCaseExecutor.java:445)
	at com.kms.katalon.core.main.TestCaseExecutor.doExecute(TestCaseExecutor.java:436)
	at com.kms.katalon.core.main.TestCaseExecutor.processExecutionPhase(TestCaseExecutor.java:415)
	at com.kms.katalon.core.main.TestCaseExecutor.accessMainPhase(TestCaseExecutor.java:407)
	at com.kms.katalon.core.main.TestCaseExecutor.execute(TestCaseExecutor.java:284)
	at com.kms.katalon.core.common.CommonExecutor.accessTestCaseMainPhase(CommonExecutor.java:65)
	at com.kms.katalon.core.main.TestSuiteExecutor.accessTestSuiteMainPhase(TestSuiteExecutor.java:144)
	at com.kms.katalon.core.main.TestSuiteExecutor.execute(TestSuiteExecutor.java:106)
	at com.kms.katalon.core.main.TestCaseMain.startTestSuite(TestCaseMain.java:185)
	at com.kms.katalon.core.main.TestCaseMain$startTestSuite$0.call(Unknown Source)
	at TempTestSuite1657775490909.run(TempTestSuite1657775490909.groovy:36)]]></system-err>
      </testcase>
      <testcase name="Test Cases/Transfer/transfer_thirdPartyFuture" time="230.455" classname="Test Cases/Transfer/transfer_thirdPartyFuture" status="PASSED">
         <system-out><![CDATA[2022-07-14 13:22:59 - [TEST_CASE][PASSED] - Test Cases/Transfer/transfer_thirdPartyFuture: Test Cases/Transfer/transfer_thirdPartyFuture

2022-07-14 13:22:59 - [TEST_STEP][PASSED] - start = "Starts": null

2022-07-14 13:22:59 - [TEST_STEP][PASSED] - println(start): null

2022-07-14 13:22:59 - [TEST_STEP][PASSED] - delay(5): Delayed 5 second(s)

2022-07-14 13:23:04 - [MESSAGE][PASSED] - Delayed 5 second(s)

2022-07-14 13:23:04 - [TEST_STEP][PASSED] - verifyElementVisible(findTestObject("Banking/m2uAccountTransferIconSelect"), 0): Element 'Object Repository/Banking/m2uAccountTransferIconSelect' is visible

2022-07-14 13:23:04 - [MESSAGE][WARNING] - Timeout '0' is invalid. Using default page load timeout: '40'

2022-07-14 13:23:04 - [MESSAGE][PASSED] - Element 'Object Repository/Banking/m2uAccountTransferIconSelect' is visible

2022-07-14 13:23:04 - [TEST_STEP][PASSED] - tap(findTestObject("Banking/m2uAccountTransferIconSelect"), 0): Tapped on element 'Object Repository/Banking/m2uAccountTransferIconSelect'

2022-07-14 13:23:04 - [MESSAGE][WARNING] - Timeout '0' is invalid. Using default page load timeout: '40'

2022-07-14 13:23:05 - [MESSAGE][PASSED] - Tapped on element 'Object Repository/Banking/m2uAccountTransferIconSelect'

2022-07-14 13:23:05 - [TEST_STEP][PASSED] - delay(5): Delayed 5 second(s)

2022-07-14 13:23:10 - [MESSAGE][PASSED] - Delayed 5 second(s)

2022-07-14 13:23:10 - [TEST_STEP][PASSED] - tap(findTestObject("Banking/transferOthersTopMenuSelect"), 0): Tapped on element 'Object Repository/Banking/transferOthersTopMenuSelect'

2022-07-14 13:23:10 - [MESSAGE][WARNING] - Timeout '0' is invalid. Using default page load timeout: '40'

2022-07-14 13:24:10 - [MESSAGE][PASSED] - Tapped on element 'Object Repository/Banking/transferOthersTopMenuSelect'

2022-07-14 13:24:10 - [TEST_STEP][PASSED] - verifyElementVisible(findTestObject("Banking/transferBanksIconSelect"), 0): Element 'Object Repository/Banking/transferBanksIconSelect' is visible

2022-07-14 13:24:11 - [MESSAGE][WARNING] - Timeout '0' is invalid. Using default page load timeout: '40'

2022-07-14 13:25:02 - [MESSAGE][PASSED] - Element 'Object Repository/Banking/transferBanksIconSelect' is visible

2022-07-14 13:25:02 - [TEST_STEP][PASSED] - tap(findTestObject("Banking/transferBanksIconSelect"), 0): Tapped on element 'Object Repository/Banking/transferBanksIconSelect'

2022-07-14 13:25:02 - [MESSAGE][WARNING] - Timeout '0' is invalid. Using default page load timeout: '40'

2022-07-14 13:25:55 - [MESSAGE][PASSED] - Tapped on element 'Object Repository/Banking/transferBanksIconSelect'

2022-07-14 13:25:55 - [TEST_STEP][PASSED] - tap(findTestObject("Banking/transferToMaybankSelect"), 0): Tapped on element 'Object Repository/Banking/transferToMaybankSelect'

2022-07-14 13:25:55 - [MESSAGE][WARNING] - Timeout '0' is invalid. Using default page load timeout: '40'

2022-07-14 13:25:55 - [MESSAGE][PASSED] - Tapped on element 'Object Repository/Banking/transferToMaybankSelect'

2022-07-14 13:25:55 - [TEST_STEP][PASSED] - setText(findTestObject("Banking/transferAccountNoInputField"), "514012082699", 0): Text '514012082699' has been set to element 'Object Repository/Banking/transferAccountNoInputField'

2022-07-14 13:25:56 - [MESSAGE][WARNING] - Timeout '0' is invalid. Using default page load timeout: '40'

2022-07-14 13:25:58 - [MESSAGE][PASSED] - Text '514012082699' has been set to element 'Object Repository/Banking/transferAccountNoInputField'

2022-07-14 13:25:58 - [TEST_STEP][PASSED] - hideKeyboard(): Keyboard is hidden

2022-07-14 13:26:02 - [MESSAGE][PASSED] - Keyboard is hidden

2022-07-14 13:26:02 - [TEST_STEP][PASSED] - tap(findTestObject("Login Onboarding/loginExistingContinueBtn"), 0): Tapped on element 'Object Repository/Login Onboarding/loginExistingContinueBtn'

2022-07-14 13:26:02 - [MESSAGE][WARNING] - Timeout '0' is invalid. Using default page load timeout: '40'

2022-07-14 13:26:03 - [MESSAGE][PASSED] - Tapped on element 'Object Repository/Login Onboarding/loginExistingContinueBtn'

2022-07-14 13:26:03 - [TEST_STEP][PASSED] - tap(findTestObject("Login Onboarding/PIN4"), 0): Tapped on element 'Object Repository/Login Onboarding/PIN4'

2022-07-14 13:26:03 - [MESSAGE][WARNING] - Timeout '0' is invalid. Using default page load timeout: '40'

2022-07-14 13:26:06 - [MESSAGE][PASSED] - Tapped on element 'Object Repository/Login Onboarding/PIN4'

2022-07-14 13:26:06 - [TEST_STEP][PASSED] - delay(3): Delayed 3 second(s)

2022-07-14 13:26:09 - [MESSAGE][PASSED] - Delayed 3 second(s)

2022-07-14 13:26:09 - [TEST_STEP][PASSED] - tap(findTestObject("Login Onboarding/loginPinTickBtn"), 0): Tapped on element 'Object Repository/Login Onboarding/loginPinTickBtn'

2022-07-14 13:26:09 - [MESSAGE][WARNING] - Timeout '0' is invalid. Using default page load timeout: '40'

2022-07-14 13:26:09 - [MESSAGE][PASSED] - Tapped on element 'Object Repository/Login Onboarding/loginPinTickBtn'

2022-07-14 13:26:09 - [TEST_STEP][PASSED] - setText(findTestObject("Banking/transferReferenceInputField"), "AmountTranser", 0): Text 'AmountTranser' has been set to element 'Object Repository/Banking/transferReferenceInputField'

2022-07-14 13:26:09 - [MESSAGE][WARNING] - Timeout '0' is invalid. Using default page load timeout: '40'

2022-07-14 13:26:12 - [MESSAGE][PASSED] - Text 'AmountTranser' has been set to element 'Object Repository/Banking/transferReferenceInputField'

2022-07-14 13:26:12 - [TEST_STEP][PASSED] - hideKeyboard(): Keyboard is hidden

2022-07-14 13:26:14 - [MESSAGE][PASSED] - Keyboard is hidden

2022-07-14 13:26:14 - [TEST_STEP][PASSED] - tap(findTestObject("Login Onboarding/loginExistingContinueBtn"), 0): Tapped on element 'Object Repository/Login Onboarding/loginExistingContinueBtn'

2022-07-14 13:26:14 - [MESSAGE][WARNING] - Timeout '0' is invalid. Using default page load timeout: '40'

2022-07-14 13:26:14 - [MESSAGE][PASSED] - Tapped on element 'Object Repository/Login Onboarding/loginExistingContinueBtn'

2022-07-14 13:26:14 - [TEST_STEP][PASSED] - tap(findTestObject("Main/mainDatePickerTodaySelect"), 0): Tapped on element 'Object Repository/Main/mainDatePickerTodaySelect'

2022-07-14 13:26:14 - [MESSAGE][WARNING] - Timeout '0' is invalid. Using default page load timeout: '40'

2022-07-14 13:26:16 - [MESSAGE][PASSED] - Tapped on element 'Object Repository/Main/mainDatePickerTodaySelect'

2022-07-14 13:26:17 - [TEST_STEP][PASSED] - tap(findTestObject("Main/mainCalenderPickerNextBtn"), 0): Tapped on element 'Object Repository/Main/mainCalenderPickerNextBtn'

2022-07-14 13:26:17 - [MESSAGE][WARNING] - Timeout '0' is invalid. Using default page load timeout: '40'

2022-07-14 13:26:19 - [MESSAGE][PASSED] - Tapped on element 'Object Repository/Main/mainCalenderPickerNextBtn'

2022-07-14 13:26:19 - [TEST_STEP][PASSED] - delay(3): Delayed 3 second(s)

2022-07-14 13:26:22 - [MESSAGE][PASSED] - Delayed 3 second(s)

2022-07-14 13:26:22 - [TEST_STEP][PASSED] - tap(findTestObject("Main/mainDatePicker1"), 0): Tapped on element 'Object Repository/Main/mainDatePicker1'

2022-07-14 13:26:22 - [MESSAGE][WARNING] - Timeout '0' is invalid. Using default page load timeout: '40'

2022-07-14 13:26:22 - [MESSAGE][PASSED] - Tapped on element 'Object Repository/Main/mainDatePicker1'

2022-07-14 13:26:22 - [TEST_STEP][PASSED] - tap(findTestObject("Main/mainCalenderPickerDoneBtn"), 0): Tapped on element 'Object Repository/Main/mainCalenderPickerDoneBtn'

2022-07-14 13:26:22 - [MESSAGE][WARNING] - Timeout '0' is invalid. Using default page load timeout: '40'

2022-07-14 13:26:23 - [MESSAGE][PASSED] - Tapped on element 'Object Repository/Main/mainCalenderPickerDoneBtn'

2022-07-14 13:26:23 - [TEST_STEP][PASSED] - date = getText(findTestObject("Main/mainGetTransactionDateTxt"), 10): Text of element 'Object Repository/Main/mainGetTransactionDateTxt' is: '4 Aug 2022'

2022-07-14 13:26:24 - [MESSAGE][PASSED] - Text of element 'Object Repository/Main/mainGetTransactionDateTxt' is: '4 Aug 2022'

2022-07-14 13:26:24 - [TEST_STEP][PASSED] - println("Date is " + date): null

2022-07-14 13:26:24 - [TEST_STEP][PASSED] - tap(findTestObject("Main/mainTransferNowBtn"), 0): Tapped on element 'Object Repository/Main/mainTransferNowBtn'

2022-07-14 13:26:24 - [MESSAGE][WARNING] - Timeout '0' is invalid. Using default page load timeout: '40'

2022-07-14 13:26:24 - [MESSAGE][PASSED] - Tapped on element 'Object Repository/Main/mainTransferNowBtn'

2022-07-14 13:26:24 - [TEST_STEP][PASSED] - if (verifyElementVisible(findTestObject("Festive Season/seasonalGreetingAngpaoTACNoTxt"), 10, OPTIONAL)): Element 'Object Repository/Festive Season/seasonalGreetingAngpaoTACNoTxt' not found

2022-07-14 13:26:34 - [MESSAGE][WARNING] - Element 'Object Repository/Festive Season/seasonalGreetingAngpaoTACNoTxt' not found

2022-07-14 13:26:34 - [TEST_STEP][PASSED] - else: Tapped on element 'Object Repository/Main/mainS2UApproveBtn'

2022-07-14 13:26:34 - [TEST_STEP][PASSED] - delay(5): Delayed 5 second(s)

2022-07-14 13:26:39 - [MESSAGE][PASSED] - Delayed 5 second(s)

2022-07-14 13:26:39 - [TEST_STEP][PASSED] - verifyElementVisible(findTestObject("Main/mainS2UApproveBtn"), 3): Element 'Object Repository/Main/mainS2UApproveBtn' is visible

2022-07-14 13:26:39 - [MESSAGE][PASSED] - Element 'Object Repository/Main/mainS2UApproveBtn' is visible

2022-07-14 13:26:39 - [TEST_STEP][PASSED] - tap(findTestObject("Main/mainS2UApproveBtn"), 0): Tapped on element 'Object Repository/Main/mainS2UApproveBtn'

2022-07-14 13:26:39 - [MESSAGE][WARNING] - Timeout '0' is invalid. Using default page load timeout: '40'

2022-07-14 13:26:39 - [MESSAGE][PASSED] - Tapped on element 'Object Repository/Main/mainS2UApproveBtn'

2022-07-14 13:26:39 - [TEST_STEP][PASSED] - delay(2): Delayed 2 second(s)

2022-07-14 13:26:41 - [MESSAGE][PASSED] - Delayed 2 second(s)

2022-07-14 13:26:41 - [TEST_STEP][PASSED] - RefID = getText(findTestObject("Transfer/transferTransactionRefIDTxt"), 10): Text of element 'Object Repository/Transfer/transferTransactionRefIDTxt' is: 'Date & time'

2022-07-14 13:26:43 - [MESSAGE][PASSED] - Text of element 'Object Repository/Transfer/transferTransactionRefIDTxt' is: 'Date & time'

2022-07-14 13:26:43 - [TEST_STEP][PASSED] - println("Reference ID is" + RefID): null

2022-07-14 13:26:43 - [TEST_STEP][PASSED] - takeScreenshot("/Users/a00139272/Desktop/Screenshot/thirdPartyFuture.png"): Screenshot is taken

2022-07-14 13:26:44 - [MESSAGE][PASSED] - Screenshot is taken
[[ATTACHMENT|/Users/a00139272/Desktop/Screenshot/thirdPartyFuture.png]]

2022-07-14 13:26:44 - [TEST_STEP][PASSED] - verifyElementVisible(findTestObject("Main/mainDoneBtn"), 3): Element 'Object Repository/Main/mainDoneBtn' is visible

2022-07-14 13:26:44 - [MESSAGE][PASSED] - Element 'Object Repository/Main/mainDoneBtn' is visible

2022-07-14 13:26:44 - [TEST_STEP][PASSED] - tap(findTestObject("Main/mainDoneBtn"), 0): Tapped on element 'Object Repository/Main/mainDoneBtn'

2022-07-14 13:26:44 - [MESSAGE][WARNING] - Timeout '0' is invalid. Using default page load timeout: '40'

2022-07-14 13:26:44 - [MESSAGE][PASSED] - Tapped on element 'Object Repository/Main/mainDoneBtn'

2022-07-14 13:26:44 - [TEST_STEP][PASSED] - println("Payment Scheduled Test Case Completed"): null

2022-07-14 13:26:44 - [TEST_STEP][PASSED] - delay(5): Delayed 5 second(s)

2022-07-14 13:26:49 - [MESSAGE][PASSED] - Delayed 5 second(s)]]></system-out>
         <system-err><![CDATA[]]></system-err>
      </testcase>
      <testcase name="Test Cases/Transfer/transfer_thirdPartySetFav" time="208.742" classname="Test Cases/Transfer/transfer_thirdPartySetFav" status="PASSED">
         <system-out><![CDATA[2022-07-14 13:26:49 - [TEST_CASE][PASSED] - Test Cases/Transfer/transfer_thirdPartySetFav: Test Cases/Transfer/transfer_thirdPartySetFav

2022-07-14 13:26:49 - [TEST_STEP][PASSED] - delay(5): Delayed 5 second(s)

2022-07-14 13:26:54 - [MESSAGE][PASSED] - Delayed 5 second(s)

2022-07-14 13:26:54 - [TEST_STEP][PASSED] - device_Height = getDeviceHeight(): Current device physical height is 2167

2022-07-14 13:26:55 - [MESSAGE][PASSED] - Current device physical height is 2167

2022-07-14 13:26:55 - [TEST_STEP][PASSED] - device_Width = getDeviceWidth(): Current device physical width is 1080

2022-07-14 13:26:55 - [MESSAGE][PASSED] - Current device physical width is 1080

2022-07-14 13:26:55 - [TEST_STEP][PASSED] - startX = device_Width / 3: null

2022-07-14 13:26:55 - [TEST_STEP][PASSED] - startY = device_Height * 0.97: null

2022-07-14 13:26:55 - [TEST_STEP][PASSED] - verifyElementVisible(findTestObject("Banking/m2uAccountTransferIconSelect"), 0): Element 'Object Repository/Banking/m2uAccountTransferIconSelect' is visible

2022-07-14 13:26:55 - [MESSAGE][WARNING] - Timeout '0' is invalid. Using default page load timeout: '40'

2022-07-14 13:26:55 - [MESSAGE][PASSED] - Element 'Object Repository/Banking/m2uAccountTransferIconSelect' is visible

2022-07-14 13:26:55 - [TEST_STEP][PASSED] - tap(findTestObject("Banking/m2uAccountTransferIconSelect"), 0): Tapped on element 'Object Repository/Banking/m2uAccountTransferIconSelect'

2022-07-14 13:26:55 - [MESSAGE][WARNING] - Timeout '0' is invalid. Using default page load timeout: '40'

2022-07-14 13:26:56 - [MESSAGE][PASSED] - Tapped on element 'Object Repository/Banking/m2uAccountTransferIconSelect'

2022-07-14 13:26:56 - [TEST_STEP][PASSED] - delay(5): Delayed 5 second(s)

2022-07-14 13:27:01 - [MESSAGE][PASSED] - Delayed 5 second(s)

2022-07-14 13:27:01 - [TEST_STEP][PASSED] - tap(findTestObject("Banking/transferOthersTopMenuSelect"), 0): Tapped on element 'Object Repository/Banking/transferOthersTopMenuSelect'

2022-07-14 13:27:01 - [MESSAGE][WARNING] - Timeout '0' is invalid. Using default page load timeout: '40'

2022-07-14 13:28:02 - [MESSAGE][PASSED] - Tapped on element 'Object Repository/Banking/transferOthersTopMenuSelect'

2022-07-14 13:28:02 - [TEST_STEP][PASSED] - delay(3): Delayed 3 second(s)

2022-07-14 13:28:05 - [MESSAGE][PASSED] - Delayed 3 second(s)

2022-07-14 13:28:05 - [TEST_STEP][PASSED] - tap(findTestObject("Banking/transferBanksIconSelect"), 0): Tapped on element 'Object Repository/Banking/transferBanksIconSelect'

2022-07-14 13:28:05 - [MESSAGE][WARNING] - Timeout '0' is invalid. Using default page load timeout: '40'

2022-07-14 13:29:19 - [MESSAGE][PASSED] - Tapped on element 'Object Repository/Banking/transferBanksIconSelect'

2022-07-14 13:29:19 - [TEST_STEP][PASSED] - verifyElementVisible(findTestObject("Banking/transferToMaybankSelect"), 0): Element 'Object Repository/Banking/transferToMaybankSelect' is visible

2022-07-14 13:29:19 - [MESSAGE][WARNING] - Timeout '0' is invalid. Using default page load timeout: '40'

2022-07-14 13:29:19 - [MESSAGE][PASSED] - Element 'Object Repository/Banking/transferToMaybankSelect' is visible

2022-07-14 13:29:19 - [TEST_STEP][PASSED] - tap(findTestObject("Banking/transferToMaybankSelect"), 0): Tapped on element 'Object Repository/Banking/transferToMaybankSelect'

2022-07-14 13:29:19 - [MESSAGE][WARNING] - Timeout '0' is invalid. Using default page load timeout: '40'

2022-07-14 13:29:20 - [MESSAGE][PASSED] - Tapped on element 'Object Repository/Banking/transferToMaybankSelect'

2022-07-14 13:29:20 - [TEST_STEP][PASSED] - setText(findTestObject("Banking/transferAccountNoInputField"), accountNumFav, 0): Text '514012987769' has been set to element 'Object Repository/Banking/transferAccountNoInputField'

2022-07-14 13:29:20 - [MESSAGE][WARNING] - Timeout '0' is invalid. Using default page load timeout: '40'

2022-07-14 13:29:22 - [MESSAGE][PASSED] - Text '514012987769' has been set to element 'Object Repository/Banking/transferAccountNoInputField'

2022-07-14 13:29:22 - [TEST_STEP][PASSED] - hideKeyboard(): Keyboard is hidden

2022-07-14 13:29:27 - [MESSAGE][PASSED] - Keyboard is hidden

2022-07-14 13:29:27 - [TEST_STEP][PASSED] - tap(findTestObject("Login Onboarding/loginExistingContinueBtn"), 0): Tapped on element 'Object Repository/Login Onboarding/loginExistingContinueBtn'

2022-07-14 13:29:27 - [MESSAGE][WARNING] - Timeout '0' is invalid. Using default page load timeout: '40'

2022-07-14 13:29:27 - [MESSAGE][PASSED] - Tapped on element 'Object Repository/Login Onboarding/loginExistingContinueBtn'

2022-07-14 13:29:27 - [TEST_STEP][PASSED] - tap(findTestObject("Login Onboarding/PIN4"), 0): Tapped on element 'Object Repository/Login Onboarding/PIN4'

2022-07-14 13:29:27 - [MESSAGE][WARNING] - Timeout '0' is invalid. Using default page load timeout: '40'

2022-07-14 13:29:31 - [MESSAGE][PASSED] - Tapped on element 'Object Repository/Login Onboarding/PIN4'

2022-07-14 13:29:31 - [TEST_STEP][PASSED] - delay(3): Delayed 3 second(s)

2022-07-14 13:29:34 - [MESSAGE][PASSED] - Delayed 3 second(s)

2022-07-14 13:29:34 - [TEST_STEP][PASSED] - tap(findTestObject("Login Onboarding/loginPinTickBtn"), 0): Tapped on element 'Object Repository/Login Onboarding/loginPinTickBtn'

2022-07-14 13:29:34 - [MESSAGE][WARNING] - Timeout '0' is invalid. Using default page load timeout: '40'

2022-07-14 13:29:34 - [MESSAGE][PASSED] - Tapped on element 'Object Repository/Login Onboarding/loginPinTickBtn'

2022-07-14 13:29:34 - [TEST_STEP][PASSED] - setText(findTestObject("Banking/transferReferenceInputField"), "MBBTransfer", 0): Text 'MBBTransfer' has been set to element 'Object Repository/Banking/transferReferenceInputField'

2022-07-14 13:29:34 - [MESSAGE][WARNING] - Timeout '0' is invalid. Using default page load timeout: '40'

2022-07-14 13:29:36 - [MESSAGE][PASSED] - Text 'MBBTransfer' has been set to element 'Object Repository/Banking/transferReferenceInputField'

2022-07-14 13:29:36 - [TEST_STEP][PASSED] - hideKeyboard(): Keyboard is hidden

2022-07-14 13:29:38 - [MESSAGE][PASSED] - Keyboard is hidden

2022-07-14 13:29:38 - [TEST_STEP][PASSED] - tap(findTestObject("Login Onboarding/loginExistingContinueBtn"), 0): Tapped on element 'Object Repository/Login Onboarding/loginExistingContinueBtn'

2022-07-14 13:29:38 - [MESSAGE][WARNING] - Timeout '0' is invalid. Using default page load timeout: '40'

2022-07-14 13:29:38 - [MESSAGE][PASSED] - Tapped on element 'Object Repository/Login Onboarding/loginExistingContinueBtn'

2022-07-14 13:29:38 - [TEST_STEP][PASSED] - tap(findTestObject("Main/mainTransferNowBtn"), 0): Tapped on element 'Object Repository/Main/mainTransferNowBtn'

2022-07-14 13:29:38 - [MESSAGE][WARNING] - Timeout '0' is invalid. Using default page load timeout: '40'

2022-07-14 13:29:42 - [MESSAGE][PASSED] - Tapped on element 'Object Repository/Main/mainTransferNowBtn'

2022-07-14 13:29:42 - [TEST_STEP][PASSED] - if (verifyElementVisible(findTestObject("Festive Season/seasonalGreetingAngpaoTACNoTxt"), 5, OPTIONAL)): Element 'Object Repository/Festive Season/seasonalGreetingAngpaoTACNoTxt' not found

2022-07-14 13:29:47 - [MESSAGE][WARNING] - Element 'Object Repository/Festive Season/seasonalGreetingAngpaoTACNoTxt' not found

2022-07-14 13:29:47 - [TEST_STEP][PASSED] - else: Tapped on element 'Object Repository/Main/mainS2UApproveBtn'

2022-07-14 13:29:47 - [TEST_STEP][PASSED] - delay(3): Delayed 3 second(s)

2022-07-14 13:29:50 - [MESSAGE][PASSED] - Delayed 3 second(s)

2022-07-14 13:29:50 - [TEST_STEP][PASSED] - verifyElementVisible(findTestObject("Main/mainS2UApproveBtn"), 0): Element 'Object Repository/Main/mainS2UApproveBtn' is visible

2022-07-14 13:29:50 - [MESSAGE][WARNING] - Timeout '0' is invalid. Using default page load timeout: '40'

2022-07-14 13:29:50 - [MESSAGE][PASSED] - Element 'Object Repository/Main/mainS2UApproveBtn' is visible

2022-07-14 13:29:50 - [TEST_STEP][PASSED] - tap(findTestObject("Main/mainS2UApproveBtn"), 0): Tapped on element 'Object Repository/Main/mainS2UApproveBtn'

2022-07-14 13:29:50 - [MESSAGE][WARNING] - Timeout '0' is invalid. Using default page load timeout: '40'

2022-07-14 13:29:50 - [MESSAGE][PASSED] - Tapped on element 'Object Repository/Main/mainS2UApproveBtn'

2022-07-14 13:29:50 - [TEST_STEP][PASSED] - message = getText(findTestObject("Main/mainTransactionStatusMessageTxt"), 10): Text of element 'Object Repository/Main/mainTransactionStatusMessageTxt' is: 'Transfer successful'

2022-07-14 13:29:55 - [MESSAGE][PASSED] - Text of element 'Object Repository/Main/mainTransactionStatusMessageTxt' is: 'Transfer successful'

2022-07-14 13:29:55 - [TEST_STEP][PASSED] - println(message): null

2022-07-14 13:29:55 - [TEST_STEP][PASSED] - delay(5): Delayed 5 second(s)

2022-07-14 13:30:00 - [MESSAGE][PASSED] - Delayed 5 second(s)

2022-07-14 13:30:00 - [TEST_STEP][PASSED] - referenceID = getText(findTestObject("Send Request Money/requestMoneyPaySummaryRefIDTxt"), 0): Text of element 'Object Repository/Send Request Money/requestMoneyPaySummaryRefIDTxt' is: '181678511M'

2022-07-14 13:30:00 - [MESSAGE][WARNING] - Timeout '0' is invalid. Using default page load timeout: '40'

2022-07-14 13:30:01 - [MESSAGE][PASSED] - Text of element 'Object Repository/Send Request Money/requestMoneyPaySummaryRefIDTxt' is: '181678511M'

2022-07-14 13:30:01 - [TEST_STEP][PASSED] - println(referenceID): null

2022-07-14 13:30:01 - [TEST_STEP][PASSED] - test = dataFolder: null

2022-07-14 13:30:01 - [TEST_STEP][PASSED] - sheetName = "Sheet1": null

2022-07-14 13:30:01 - [TEST_STEP][PASSED] - file1 = new java.io.File(test): null

2022-07-14 13:30:01 - [TEST_STEP][PASSED] - assert file1.exists() == true: null

2022-07-14 13:30:01 - [TEST_STEP][PASSED] - woorkbook1 = getWorkbook(test): null

2022-07-14 13:30:01 - [TEST_STEP][PASSED] - sheet1 = getExcelSheet(woorkbook1, sheetName): null

2022-07-14 13:30:01 - [TEST_STEP][PASSED] - setValueToCellByIndex(sheet1, 3, 1, referenceID): null

2022-07-14 13:30:01 - [TEST_STEP][PASSED] - saveWorkbook(test, woorkbook1): null

2022-07-14 13:30:01 - [TEST_STEP][PASSED] - tap(findTestObject("Main/mainAddToFavBtn"), 0): Tapped on element 'Object Repository/Main/mainAddToFavBtn'

2022-07-14 13:30:01 - [MESSAGE][WARNING] - Timeout '0' is invalid. Using default page load timeout: '40'

2022-07-14 13:30:02 - [MESSAGE][PASSED] - Tapped on element 'Object Repository/Main/mainAddToFavBtn'

2022-07-14 13:30:02 - [TEST_STEP][PASSED] - delay(2): Delayed 2 second(s)

2022-07-14 13:30:04 - [MESSAGE][PASSED] - Delayed 2 second(s)

2022-07-14 13:30:04 - [TEST_STEP][PASSED] - tap(findTestObject("Main/mainAddToFavBtn"), 0): Tapped on element 'Object Repository/Main/mainAddToFavBtn'

2022-07-14 13:30:04 - [MESSAGE][WARNING] - Timeout '0' is invalid. Using default page load timeout: '40'

2022-07-14 13:30:04 - [MESSAGE][PASSED] - Tapped on element 'Object Repository/Main/mainAddToFavBtn'

2022-07-14 13:30:04 - [TEST_STEP][PASSED] - delay(2): Delayed 2 second(s)

2022-07-14 13:30:06 - [MESSAGE][PASSED] - Delayed 2 second(s)

2022-07-14 13:30:06 - [TEST_STEP][PASSED] - tap(findTestObject("Main/mainCloseFavPopUpBtn"), 0): Tapped on element 'Object Repository/Main/mainCloseFavPopUpBtn'

2022-07-14 13:30:06 - [MESSAGE][WARNING] - Timeout '0' is invalid. Using default page load timeout: '40'

2022-07-14 13:30:09 - [MESSAGE][PASSED] - Tapped on element 'Object Repository/Main/mainCloseFavPopUpBtn'

2022-07-14 13:30:09 - [TEST_STEP][PASSED] - delay(3): Delayed 3 second(s)

2022-07-14 13:30:12 - [MESSAGE][PASSED] - Delayed 3 second(s)

2022-07-14 13:30:12 - [TEST_STEP][PASSED] - takeScreenshot("/Users/a00139272/Desktop/Screenshot/thirdPartySetFav.png"): Screenshot is taken

2022-07-14 13:30:13 - [MESSAGE][PASSED] - Screenshot is taken
[[ATTACHMENT|/Users/a00139272/Desktop/Screenshot/thirdPartySetFav.png]]

2022-07-14 13:30:13 - [TEST_STEP][PASSED] - verifyElementVisible(findTestObject("Main/mainDoneBtn"), 0): Element 'Object Repository/Main/mainDoneBtn' is visible

2022-07-14 13:30:13 - [MESSAGE][WARNING] - Timeout '0' is invalid. Using default page load timeout: '40'

2022-07-14 13:30:13 - [MESSAGE][PASSED] - Element 'Object Repository/Main/mainDoneBtn' is visible

2022-07-14 13:30:13 - [TEST_STEP][PASSED] - tap(findTestObject("Main/mainDoneBtn"), 0): Tapped on element 'Object Repository/Main/mainDoneBtn'

2022-07-14 13:30:13 - [MESSAGE][WARNING] - Timeout '0' is invalid. Using default page load timeout: '40'

2022-07-14 13:30:13 - [MESSAGE][PASSED] - Tapped on element 'Object Repository/Main/mainDoneBtn'

2022-07-14 13:30:13 - [TEST_STEP][PASSED] - delay(5): Delayed 5 second(s)

2022-07-14 13:30:18 - [MESSAGE][PASSED] - Delayed 5 second(s)]]></system-out>
         <system-err><![CDATA[]]></system-err>
      </testcase>
      <testcase name="Test Cases/Transfer/transfer_thirdPartyFav" time="333.824" classname="Test Cases/Transfer/transfer_thirdPartyFav" status="FAILED">
         <failure type="FAILED" message="Test Cases/Transfer/transfer_thirdPartyFav FAILED.
Reason:
Assertion failed: 

assert newBalance.round(2) == newAfterBalanceF
       |          |        |  |
       4701.76    4701.76  |  4701.8
                           false

	at transfer_thirdPartyFav.run(transfer_thirdPartyFav:286)
	at com.kms.katalon.core.main.ScriptEngine.run(ScriptEngine.java:194)
	at com.kms.katalon.core.main.ScriptEngine.runScriptAsRawText(ScriptEngine.java:119)
	at com.kms.katalon.core.main.TestCaseExecutor.runScript(TestCaseExecutor.java:445)
	at com.kms.katalon.core.main.TestCaseExecutor.doExecute(TestCaseExecutor.java:436)
	at com.kms.katalon.core.main.TestCaseExecutor.processExecutionPhase(TestCaseExecutor.java:415)
	at com.kms.katalon.core.main.TestCaseExecutor.accessMainPhase(TestCaseExecutor.java:407)
	at com.kms.katalon.core.main.TestCaseExecutor.execute(TestCaseExecutor.java:284)
	at com.kms.katalon.core.common.CommonExecutor.accessTestCaseMainPhase(CommonExecutor.java:65)
	at com.kms.katalon.core.main.TestSuiteExecutor.accessTestSuiteMainPhase(TestSuiteExecutor.java:144)
	at com.kms.katalon.core.main.TestSuiteExecutor.execute(TestSuiteExecutor.java:106)
	at com.kms.katalon.core.main.TestCaseMain.startTestSuite(TestCaseMain.java:185)
	at com.kms.katalon.core.main.TestCaseMain$startTestSuite$0.call(Unknown Source)
	at TempTestSuite1657775490909.run(TempTestSuite1657775490909.groovy:36)
"/>
         <system-out><![CDATA[2022-07-14 13:30:18 - [TEST_CASE][FAILED] - Test Cases/Transfer/transfer_thirdPartyFav: Test Cases/Transfer/transfer_thirdPartyFav FAILED.
Reason:
Assertion failed: 

assert newBalance.round(2) == newAfterBalanceF
       |          |        |  |
       4701.76    4701.76  |  4701.8
                           false

	at transfer_thirdPartyFav.run(transfer_thirdPartyFav:286)
	at com.kms.katalon.core.main.ScriptEngine.run(ScriptEngine.java:194)
	at com.kms.katalon.core.main.ScriptEngine.runScriptAsRawText(ScriptEngine.java:119)
	at com.kms.katalon.core.main.TestCaseExecutor.runScript(TestCaseExecutor.java:445)
	at com.kms.katalon.core.main.TestCaseExecutor.doExecute(TestCaseExecutor.java:436)
	at com.kms.katalon.core.main.TestCaseExecutor.processExecutionPhase(TestCaseExecutor.java:415)
	at com.kms.katalon.core.main.TestCaseExecutor.accessMainPhase(TestCaseExecutor.java:407)
	at com.kms.katalon.core.main.TestCaseExecutor.execute(TestCaseExecutor.java:284)
	at com.kms.katalon.core.common.CommonExecutor.accessTestCaseMainPhase(CommonExecutor.java:65)
	at com.kms.katalon.core.main.TestSuiteExecutor.accessTestSuiteMainPhase(TestSuiteExecutor.java:144)
	at com.kms.katalon.core.main.TestSuiteExecutor.execute(TestSuiteExecutor.java:106)
	at com.kms.katalon.core.main.TestCaseMain.startTestSuite(TestCaseMain.java:185)
	at com.kms.katalon.core.main.TestCaseMain$startTestSuite$0.call(Unknown Source)
	at TempTestSuite1657775490909.run(TempTestSuite1657775490909.groovy:36)


2022-07-14 13:30:18 - [TEST_STEP][PASSED] - delay(5): Delayed 5 second(s)

2022-07-14 13:30:23 - [MESSAGE][PASSED] - Delayed 5 second(s)

2022-07-14 13:30:23 - [TEST_STEP][PASSED] - device_Height = getDeviceHeight(): Current device physical height is 2167

2022-07-14 13:30:23 - [MESSAGE][PASSED] - Current device physical height is 2167

2022-07-14 13:30:23 - [TEST_STEP][PASSED] - device_Width = getDeviceWidth(): Current device physical width is 1080

2022-07-14 13:30:24 - [MESSAGE][PASSED] - Current device physical width is 1080

2022-07-14 13:30:24 - [TEST_STEP][PASSED] - startX = device_Width / 3: null

2022-07-14 13:30:24 - [TEST_STEP][PASSED] - startY = device_Height * 0.97: null

2022-07-14 13:30:24 - [TEST_STEP][PASSED] - verifyElementVisible(findTestObject("Banking/m2uAccountTransferIconSelect"), 0): Element 'Object Repository/Banking/m2uAccountTransferIconSelect' is visible

2022-07-14 13:30:24 - [MESSAGE][WARNING] - Timeout '0' is invalid. Using default page load timeout: '40'

2022-07-14 13:30:24 - [MESSAGE][PASSED] - Element 'Object Repository/Banking/m2uAccountTransferIconSelect' is visible

2022-07-14 13:30:24 - [TEST_STEP][PASSED] - tap(findTestObject("Banking/m2uAccountTransferIconSelect"), 0): Tapped on element 'Object Repository/Banking/m2uAccountTransferIconSelect'

2022-07-14 13:30:24 - [MESSAGE][WARNING] - Timeout '0' is invalid. Using default page load timeout: '40'

2022-07-14 13:30:24 - [MESSAGE][PASSED] - Tapped on element 'Object Repository/Banking/m2uAccountTransferIconSelect'

2022-07-14 13:30:24 - [TEST_STEP][PASSED] - tap(findTestObject("Banking/transferOthersTopMenuSelect"), 0): Tapped on element 'Object Repository/Banking/transferOthersTopMenuSelect'

2022-07-14 13:30:24 - [MESSAGE][WARNING] - Timeout '0' is invalid. Using default page load timeout: '40'

2022-07-14 13:31:25 - [MESSAGE][PASSED] - Tapped on element 'Object Repository/Banking/transferOthersTopMenuSelect'

2022-07-14 13:31:25 - [TEST_STEP][PASSED] - delay(3): Delayed 3 second(s)

2022-07-14 13:31:28 - [MESSAGE][PASSED] - Delayed 3 second(s)

2022-07-14 13:31:28 - [TEST_STEP][PASSED] - verifyElementText(findTestObject("Transfer/transferFavListAccNameTxt", ["accName":accName]), accName): Actual text and expected text of test object 'Object Repository/Transfer/transferFavListAccNameTxt' are matched.

2022-07-14 13:32:19 - [MESSAGE][PASSED] - Actual text and expected text of test object 'Object Repository/Transfer/transferFavListAccNameTxt' are matched.

2022-07-14 13:32:19 - [TEST_STEP][PASSED] - verifyElementText(findTestObject("Transfer/transferFavListAccNoTxt", ["accNo":accNo]), accNo): Actual text and expected text of test object 'Object Repository/Transfer/transferFavListAccNoTxt' are matched.

2022-07-14 13:33:09 - [MESSAGE][PASSED] - Actual text and expected text of test object 'Object Repository/Transfer/transferFavListAccNoTxt' are matched.

2022-07-14 13:33:09 - [TEST_STEP][PASSED] - verifyElementText(findTestObject("Transfer/transferFavListAccBankTxt", ["accBank":accBank]), accBank): Actual text and expected text of test object 'Object Repository/Transfer/transferFavListAccBankTxt' are matched.

2022-07-14 13:34:00 - [MESSAGE][PASSED] - Actual text and expected text of test object 'Object Repository/Transfer/transferFavListAccBankTxt' are matched.

2022-07-14 13:34:00 - [TEST_STEP][PASSED] - tap(findTestObject("Transfer/transferFavListAccNameTxt", ["accName":accName]), 0): Tapped on element 'Object Repository/Transfer/transferFavListAccNameTxt'

2022-07-14 13:34:00 - [MESSAGE][WARNING] - Timeout '0' is invalid. Using default page load timeout: '40'

2022-07-14 13:34:52 - [MESSAGE][PASSED] - Tapped on element 'Object Repository/Transfer/transferFavListAccNameTxt'

2022-07-14 13:34:52 - [TEST_STEP][PASSED] - delay(3): Delayed 3 second(s)

2022-07-14 13:34:55 - [MESSAGE][PASSED] - Delayed 3 second(s)

2022-07-14 13:34:55 - [TEST_STEP][PASSED] - verifyElementText(findTestObject("Transfer/transferAmounttAccNameTxt", ["accName":accName]), accName): Actual text and expected text of test object 'Object Repository/Transfer/transferAmounttAccNameTxt' are matched.

2022-07-14 13:34:55 - [MESSAGE][PASSED] - Actual text and expected text of test object 'Object Repository/Transfer/transferAmounttAccNameTxt' are matched.

2022-07-14 13:34:55 - [TEST_STEP][PASSED] - verifyElementText(findTestObject("Transfer/transferAmounttAccNoTxt", ["accNo":accNo]), accNo): Actual text and expected text of test object 'Object Repository/Transfer/transferAmounttAccNoTxt' are matched.

2022-07-14 13:34:56 - [MESSAGE][PASSED] - Actual text and expected text of test object 'Object Repository/Transfer/transferAmounttAccNoTxt' are matched.

2022-07-14 13:34:56 - [TEST_STEP][PASSED] - verifyElementText(findTestObject("Transfer/transferAmounttAccBankTxt", ["accBank":accBank]), accBank): Actual text and expected text of test object 'Object Repository/Transfer/transferAmounttAccBankTxt' are matched.

2022-07-14 13:34:56 - [MESSAGE][PASSED] - Actual text and expected text of test object 'Object Repository/Transfer/transferAmounttAccBankTxt' are matched.

2022-07-14 13:34:56 - [TEST_STEP][PASSED] - verifyElementExist(findTestObject("Transfer/transferAmountRMTxt"), 0): Element 'Object Repository/Transfer/transferAmountRMTxt' is exist

2022-07-14 13:34:56 - [MESSAGE][WARNING] - Timeout '0' is invalid. Using default page load timeout: '40'

2022-07-14 13:34:56 - [MESSAGE][PASSED] - Element 'Object Repository/Transfer/transferAmountRMTxt' is exist

2022-07-14 13:34:56 - [TEST_STEP][PASSED] - verifyElementExist(findTestObject("Transfer/transferAmountEnterAmountTitleTxt"), 0): Element 'Object Repository/Transfer/transferAmountEnterAmountTitleTxt' is exist

2022-07-14 13:34:56 - [MESSAGE][WARNING] - Timeout '0' is invalid. Using default page load timeout: '40'

2022-07-14 13:34:56 - [MESSAGE][PASSED] - Element 'Object Repository/Transfer/transferAmountEnterAmountTitleTxt' is exist

2022-07-14 13:34:56 - [TEST_STEP][PASSED] - verifyElementExist(findTestObject("Login Onboarding/PIN4"), 0): Element 'Object Repository/Login Onboarding/PIN4' is exist

2022-07-14 13:34:56 - [MESSAGE][WARNING] - Timeout '0' is invalid. Using default page load timeout: '40'

2022-07-14 13:34:56 - [MESSAGE][PASSED] - Element 'Object Repository/Login Onboarding/PIN4' is exist

2022-07-14 13:34:56 - [TEST_STEP][PASSED] - tap(findTestObject("Login Onboarding/PIN4"), 0): Tapped on element 'Object Repository/Login Onboarding/PIN4'

2022-07-14 13:34:56 - [MESSAGE][WARNING] - Timeout '0' is invalid. Using default page load timeout: '40'

2022-07-14 13:34:57 - [MESSAGE][PASSED] - Tapped on element 'Object Repository/Login Onboarding/PIN4'

2022-07-14 13:34:57 - [TEST_STEP][PASSED] - verifyElementText(findTestObject("Transfer/transferAmountInputValueTxt", ["value":checkValue]), checkValue): Actual text and expected text of test object 'Object Repository/Transfer/transferAmountInputValueTxt' are matched.

2022-07-14 13:34:57 - [MESSAGE][PASSED] - Actual text and expected text of test object 'Object Repository/Transfer/transferAmountInputValueTxt' are matched.

2022-07-14 13:34:57 - [TEST_STEP][PASSED] - delay(3): Delayed 3 second(s)

2022-07-14 13:35:00 - [MESSAGE][PASSED] - Delayed 3 second(s)

2022-07-14 13:35:00 - [TEST_STEP][PASSED] - tap(findTestObject("Login Onboarding/loginPinTickBtn"), 0): Tapped on element 'Object Repository/Login Onboarding/loginPinTickBtn'

2022-07-14 13:35:01 - [MESSAGE][WARNING] - Timeout '0' is invalid. Using default page load timeout: '40'

2022-07-14 13:35:01 - [MESSAGE][PASSED] - Tapped on element 'Object Repository/Login Onboarding/loginPinTickBtn'

2022-07-14 13:35:01 - [TEST_STEP][PASSED] - verifyElementText(findTestObject("Transfer/transferReferenceAccNameTxt", ["accName":accName]), accName): Actual text and expected text of test object 'Object Repository/Transfer/transferReferenceAccNameTxt' are matched.

2022-07-14 13:35:03 - [MESSAGE][PASSED] - Actual text and expected text of test object 'Object Repository/Transfer/transferReferenceAccNameTxt' are matched.

2022-07-14 13:35:03 - [TEST_STEP][PASSED] - verifyElementText(findTestObject("Transfer/transferReferenceAccNoTxt", ["accNo":accNo]), accNo): Actual text and expected text of test object 'Object Repository/Transfer/transferReferenceAccNoTxt' are matched.

2022-07-14 13:35:03 - [MESSAGE][PASSED] - Actual text and expected text of test object 'Object Repository/Transfer/transferReferenceAccNoTxt' are matched.

2022-07-14 13:35:03 - [TEST_STEP][PASSED] - verifyElementText(findTestObject("Transfer/transferReferenceAccBankTxt", ["accBank":accBank]), accBank): Actual text and expected text of test object 'Object Repository/Transfer/transferReferenceAccBankTxt' are matched.

2022-07-14 13:35:03 - [MESSAGE][PASSED] - Actual text and expected text of test object 'Object Repository/Transfer/transferReferenceAccBankTxt' are matched.

2022-07-14 13:35:03 - [TEST_STEP][PASSED] - verifyElementExist(findTestObject("Transfer/transferReferenceInputField"), 0): Element 'Object Repository/Transfer/transferReferenceInputField' is exist

2022-07-14 13:35:03 - [MESSAGE][WARNING] - Timeout '0' is invalid. Using default page load timeout: '40'

2022-07-14 13:35:03 - [MESSAGE][PASSED] - Element 'Object Repository/Transfer/transferReferenceInputField' is exist

2022-07-14 13:35:03 - [TEST_STEP][PASSED] - setText(findTestObject("Banking/transferReferenceInputField"), reference, 0): Text 'MBBTransfer' has been set to element 'Object Repository/Banking/transferReferenceInputField'

2022-07-14 13:35:03 - [MESSAGE][WARNING] - Timeout '0' is invalid. Using default page load timeout: '40'

2022-07-14 13:35:04 - [MESSAGE][PASSED] - Text 'MBBTransfer' has been set to element 'Object Repository/Banking/transferReferenceInputField'

2022-07-14 13:35:04 - [TEST_STEP][PASSED] - hideKeyboard(): Keyboard is hidden

2022-07-14 13:35:06 - [MESSAGE][PASSED] - Keyboard is hidden

2022-07-14 13:35:06 - [TEST_STEP][PASSED] - verifyElementText(findTestObject("Transfer/transferReferenceInputFieldAfter", ["reference":reference]), reference): Actual text and expected text of test object 'Object Repository/Transfer/transferReferenceInputFieldAfter' are matched.

2022-07-14 13:35:06 - [MESSAGE][PASSED] - Actual text and expected text of test object 'Object Repository/Transfer/transferReferenceInputFieldAfter' are matched.

2022-07-14 13:35:06 - [TEST_STEP][PASSED] - tap(findTestObject("Login Onboarding/loginExistingContinueBtn"), 0): Tapped on element 'Object Repository/Login Onboarding/loginExistingContinueBtn'

2022-07-14 13:35:06 - [MESSAGE][WARNING] - Timeout '0' is invalid. Using default page load timeout: '40'

2022-07-14 13:35:06 - [MESSAGE][PASSED] - Tapped on element 'Object Repository/Login Onboarding/loginExistingContinueBtn'

2022-07-14 13:35:06 - [TEST_STEP][PASSED] - verifyElementText(findTestObject("Transfer/transferConfirmationAccountNameTxt", ["accName":accName]), accName): Actual text and expected text of test object 'Object Repository/Transfer/transferConfirmationAccountNameTxt' are matched.

2022-07-14 13:35:07 - [MESSAGE][PASSED] - Actual text and expected text of test object 'Object Repository/Transfer/transferConfirmationAccountNameTxt' are matched.

2022-07-14 13:35:07 - [TEST_STEP][PASSED] - verifyElementText(findTestObject("Transfer/transferConfirmationAccountNoTxt", ["accNo":accNo]), accNo): Actual text and expected text of test object 'Object Repository/Transfer/transferConfirmationAccountNoTxt' are matched.

2022-07-14 13:35:07 - [MESSAGE][PASSED] - Actual text and expected text of test object 'Object Repository/Transfer/transferConfirmationAccountNoTxt' are matched.

2022-07-14 13:35:07 - [TEST_STEP][PASSED] - verifyElementText(findTestObject("Transfer/transferConfirmationAmountTxt", ["amount":amount]), amount): Actual text and expected text of test object 'Object Repository/Transfer/transferConfirmationAmountTxt' are matched.

2022-07-14 13:35:09 - [MESSAGE][PASSED] - Actual text and expected text of test object 'Object Repository/Transfer/transferConfirmationAmountTxt' are matched.

2022-07-14 13:35:09 - [TEST_STEP][PASSED] - verifyElementText(findTestObject("Transfer/transferConfirmationTransactionDateTxt"), "Today"): Actual text and expected text of test object 'Object Repository/Transfer/transferConfirmationTransactionDateTxt' are matched.

2022-07-14 13:35:10 - [MESSAGE][PASSED] - Actual text and expected text of test object 'Object Repository/Transfer/transferConfirmationTransactionDateTxt' are matched.

2022-07-14 13:35:10 - [TEST_STEP][PASSED] - verifyElementText(findTestObject("Transfer/transferConfirmationTransactionRecRefTxt", ["reference":reference]), reference): Actual text and expected text of test object 'Object Repository/Transfer/transferConfirmationTransactionRecRefTxt' are matched.

2022-07-14 13:35:10 - [MESSAGE][PASSED] - Actual text and expected text of test object 'Object Repository/Transfer/transferConfirmationTransactionRecRefTxt' are matched.

2022-07-14 13:35:10 - [TEST_STEP][PASSED] - verifyElementText(findTestObject("Transfer/transferConfirmationTransactionBankTxt", ["accBank":accBank]), accBank): Actual text and expected text of test object 'Object Repository/Transfer/transferConfirmationTransactionBankTxt' are matched.

2022-07-14 13:35:10 - [MESSAGE][PASSED] - Actual text and expected text of test object 'Object Repository/Transfer/transferConfirmationTransactionBankTxt' are matched.

2022-07-14 13:35:10 - [TEST_STEP][PASSED] - verifyElementText(findTestObject("Transfer/transferConfirmationOptionalGreyWordTxt"), "Optional"): Actual text and expected text of test object 'Object Repository/Transfer/transferConfirmationOptionalGreyWordTxt' are matched.

2022-07-14 13:35:10 - [MESSAGE][PASSED] - Actual text and expected text of test object 'Object Repository/Transfer/transferConfirmationOptionalGreyWordTxt' are matched.

2022-07-14 13:35:10 - [TEST_STEP][PASSED] - verifyElementExist(findTestObject("Transfer/transferConfirmationBankNameTitleTxt"), 0): Element 'Object Repository/Transfer/transferConfirmationBankNameTitleTxt' is exist

2022-07-14 13:35:10 - [MESSAGE][WARNING] - Timeout '0' is invalid. Using default page load timeout: '40'

2022-07-14 13:35:10 - [MESSAGE][PASSED] - Element 'Object Repository/Transfer/transferConfirmationBankNameTitleTxt' is exist

2022-07-14 13:35:10 - [TEST_STEP][PASSED] - verifyElementExist(findTestObject("Transfer/transferConfirmationDateTitleTxt"), 0): Element 'Object Repository/Transfer/transferConfirmationDateTitleTxt' is exist

2022-07-14 13:35:10 - [MESSAGE][WARNING] - Timeout '0' is invalid. Using default page load timeout: '40'

2022-07-14 13:35:11 - [MESSAGE][PASSED] - Element 'Object Repository/Transfer/transferConfirmationDateTitleTxt' is exist

2022-07-14 13:35:11 - [TEST_STEP][PASSED] - verifyElementExist(findTestObject("Transfer/transferConfirmationFTransferFromTitleTxt"), 0): Element 'Object Repository/Transfer/transferConfirmationFTransferFromTitleTxt' is exist

2022-07-14 13:35:11 - [MESSAGE][WARNING] - Timeout '0' is invalid. Using default page load timeout: '40'

2022-07-14 13:35:11 - [MESSAGE][PASSED] - Element 'Object Repository/Transfer/transferConfirmationFTransferFromTitleTxt' is exist

2022-07-14 13:35:11 - [TEST_STEP][PASSED] - verifyElementExist(findTestObject("Transfer/transferConfirmationRecRefTitleTxt"), 0): Element 'Object Repository/Transfer/transferConfirmationRecRefTitleTxt' is exist

2022-07-14 13:35:11 - [MESSAGE][WARNING] - Timeout '0' is invalid. Using default page load timeout: '40'

2022-07-14 13:35:11 - [MESSAGE][PASSED] - Element 'Object Repository/Transfer/transferConfirmationRecRefTitleTxt' is exist

2022-07-14 13:35:11 - [TEST_STEP][PASSED] - verifyElementExist(findTestObject("Transfer/transferConfirmationPaymentDetailsTitleTxt"), 0): Element 'Object Repository/Transfer/transferConfirmationPaymentDetailsTitleTxt' is exist

2022-07-14 13:35:11 - [MESSAGE][WARNING] - Timeout '0' is invalid. Using default page load timeout: '40'

2022-07-14 13:35:11 - [MESSAGE][PASSED] - Element 'Object Repository/Transfer/transferConfirmationPaymentDetailsTitleTxt' is exist

2022-07-14 13:35:11 - [TEST_STEP][PASSED] - verifyElementExist(findTestObject("Transfer/transferConfirmationNoteTitleTxt"), 0): Element 'Object Repository/Transfer/transferConfirmationNoteTitleTxt' is exist

2022-07-14 13:35:11 - [MESSAGE][WARNING] - Timeout '0' is invalid. Using default page load timeout: '40'

2022-07-14 13:35:11 - [MESSAGE][PASSED] - Element 'Object Repository/Transfer/transferConfirmationNoteTitleTxt' is exist

2022-07-14 13:35:11 - [TEST_STEP][PASSED] - verifyElementExist(findTestObject("Transfer/transferConfirmationNoteContentTxt"), 0): Element 'Object Repository/Transfer/transferConfirmationNoteContentTxt' is exist

2022-07-14 13:35:11 - [MESSAGE][WARNING] - Timeout '0' is invalid. Using default page load timeout: '40'

2022-07-14 13:35:12 - [MESSAGE][PASSED] - Element 'Object Repository/Transfer/transferConfirmationNoteContentTxt' is exist

2022-07-14 13:35:12 - [TEST_STEP][PASSED] - tap(findTestObject("Transfer/transferConfirmationOptionalGreyWordTxt"), 0): Tapped on element 'Object Repository/Transfer/transferConfirmationOptionalGreyWordTxt'

2022-07-14 13:35:12 - [MESSAGE][WARNING] - Timeout '0' is invalid. Using default page load timeout: '40'

2022-07-14 13:35:12 - [MESSAGE][PASSED] - Tapped on element 'Object Repository/Transfer/transferConfirmationOptionalGreyWordTxt'

2022-07-14 13:35:12 - [TEST_STEP][PASSED] - setText(findTestObject("Transfer/transferConfirmationDetailsInputField"), referenceC, 0): Text 'Test Transfer' has been set to element 'Object Repository/Transfer/transferConfirmationDetailsInputField'

2022-07-14 13:35:12 - [MESSAGE][WARNING] - Timeout '0' is invalid. Using default page load timeout: '40'

2022-07-14 13:35:14 - [MESSAGE][PASSED] - Text 'Test Transfer' has been set to element 'Object Repository/Transfer/transferConfirmationDetailsInputField'

2022-07-14 13:35:14 - [TEST_STEP][PASSED] - hideKeyboard(): Keyboard is hidden

2022-07-14 13:35:16 - [MESSAGE][PASSED] - Keyboard is hidden

2022-07-14 13:35:16 - [TEST_STEP][PASSED] - verifyElementText(findTestObject("Transfer/transferConfirmationOptionalGreyWordTxt"), referenceC): Actual text and expected text of test object 'Object Repository/Transfer/transferConfirmationOptionalGreyWordTxt' are matched.

2022-07-14 13:35:16 - [MESSAGE][PASSED] - Actual text and expected text of test object 'Object Repository/Transfer/transferConfirmationOptionalGreyWordTxt' are matched.

2022-07-14 13:35:16 - [TEST_STEP][PASSED] - device_Height_2 = getDeviceHeight(): Current device physical height is 2167

2022-07-14 13:35:17 - [MESSAGE][PASSED] - Current device physical height is 2167

2022-07-14 13:35:17 - [TEST_STEP][PASSED] - device_Width_2 = getDeviceWidth(): Current device physical width is 1080

2022-07-14 13:35:17 - [MESSAGE][PASSED] - Current device physical width is 1080

2022-07-14 13:35:17 - [TEST_STEP][PASSED] - startX_2 = device_Width_2 / 2: null

2022-07-14 13:35:17 - [TEST_STEP][PASSED] - endX_2 = startX_2: null

2022-07-14 13:35:17 - [TEST_STEP][PASSED] - startY_2 = device_Height_2 * 0.30: null

2022-07-14 13:35:17 - [TEST_STEP][PASSED] - endY_2 = device_Height_2 * 0.70: null

2022-07-14 13:35:17 - [TEST_STEP][PASSED] - swipe(startX_2, endY_2, endX_2, startY_2): Swiped from 540,1,516 to 540,650

2022-07-14 13:35:18 - [MESSAGE][PASSED] - Swiped from 540,1,516 to 540,650

2022-07-14 13:35:18 - [TEST_STEP][PASSED] - verifyElementText(findTestObject("Transfer/transferConfirmationFromAccTypeTxt", ["accType":accType]), accType): Actual text and expected text of test object 'Object Repository/Transfer/transferConfirmationFromAccTypeTxt' are matched.

2022-07-14 13:35:18 - [MESSAGE][PASSED] - Actual text and expected text of test object 'Object Repository/Transfer/transferConfirmationFromAccTypeTxt' are matched.

2022-07-14 13:35:18 - [TEST_STEP][PASSED] - verifyElementText(findTestObject("Transfer/transferConfirmationFromAccNoTxt", ["accNoFrom":accNoFrom]), accNoFrom): Actual text and expected text of test object 'Object Repository/Transfer/transferConfirmationFromAccNoTxt' are matched.

2022-07-14 13:35:19 - [MESSAGE][PASSED] - Actual text and expected text of test object 'Object Repository/Transfer/transferConfirmationFromAccNoTxt' are matched.

2022-07-14 13:35:19 - [TEST_STEP][PASSED] - verifyElementExist(findTestObject("Transfer/transferConfirmationFromAccBalanceTxt"), 0): Element 'Object Repository/Transfer/transferConfirmationFromAccBalanceTxt' is exist

2022-07-14 13:35:19 - [MESSAGE][WARNING] - Timeout '0' is invalid. Using default page load timeout: '40'

2022-07-14 13:35:19 - [MESSAGE][PASSED] - Element 'Object Repository/Transfer/transferConfirmationFromAccBalanceTxt' is exist

2022-07-14 13:35:19 - [TEST_STEP][PASSED] - accountBalance = getText(findTestObject("Transfer/transferConfirmationFromAccBalanceTxt"), 0): Text of element 'Object Repository/Transfer/transferConfirmationFromAccBalanceTxt' is: 'RM 4,701.80'

2022-07-14 13:35:19 - [MESSAGE][WARNING] - Timeout '0' is invalid. Using default page load timeout: '40'

2022-07-14 13:35:19 - [MESSAGE][PASSED] - Text of element 'Object Repository/Transfer/transferConfirmationFromAccBalanceTxt' is: 'RM 4,701.80'

2022-07-14 13:35:19 - [TEST_STEP][PASSED] - println(accountBalance): null

2022-07-14 13:35:19 - [TEST_STEP][PASSED] - tap(findTestObject("Main/mainTransferNowBtn"), 0): Tapped on element 'Object Repository/Main/mainTransferNowBtn'

2022-07-14 13:35:19 - [MESSAGE][WARNING] - Timeout '0' is invalid. Using default page load timeout: '40'

2022-07-14 13:35:19 - [MESSAGE][PASSED] - Tapped on element 'Object Repository/Main/mainTransferNowBtn'

2022-07-14 13:35:19 - [TEST_STEP][PASSED] - delay(5): Delayed 5 second(s)

2022-07-14 13:35:24 - [MESSAGE][PASSED] - Delayed 5 second(s)

2022-07-14 13:35:24 - [TEST_STEP][PASSED] - verifyElementExist(findTestObject("Festive Season/returnAngpaoStatusMessageTxt"), 0): Element 'Object Repository/Festive Season/returnAngpaoStatusMessageTxt' is exist

2022-07-14 13:35:24 - [MESSAGE][WARNING] - Timeout '0' is invalid. Using default page load timeout: '40'

2022-07-14 13:35:25 - [MESSAGE][PASSED] - Element 'Object Repository/Festive Season/returnAngpaoStatusMessageTxt' is exist

2022-07-14 13:35:25 - [TEST_STEP][PASSED] - message = getText(findTestObject("Festive Season/returnAngpaoStatusMessageTxt"), 10): Text of element 'Object Repository/Festive Season/returnAngpaoStatusMessageTxt' is: 'Transfer successful'

2022-07-14 13:35:25 - [MESSAGE][PASSED] - Text of element 'Object Repository/Festive Season/returnAngpaoStatusMessageTxt' is: 'Transfer successful'

2022-07-14 13:35:25 - [TEST_STEP][PASSED] - println(message): null

2022-07-14 13:35:25 - [TEST_STEP][PASSED] - assert message == successTransactionMessage: null

2022-07-14 13:35:25 - [TEST_STEP][PASSED] - verifyElementExist(findTestObject("Transfer/transferSummaryDateTimeTitleTxt"), 0): Element 'Object Repository/Transfer/transferSummaryDateTimeTitleTxt' is exist

2022-07-14 13:35:25 - [MESSAGE][WARNING] - Timeout '0' is invalid. Using default page load timeout: '40'

2022-07-14 13:35:25 - [MESSAGE][PASSED] - Element 'Object Repository/Transfer/transferSummaryDateTimeTitleTxt' is exist

2022-07-14 13:35:25 - [TEST_STEP][PASSED] - verifyElementExist(findTestObject("Transfer/transferSummaryRefIDTitleTxt"), 0): Element 'Object Repository/Transfer/transferSummaryRefIDTitleTxt' is exist

2022-07-14 13:35:25 - [MESSAGE][WARNING] - Timeout '0' is invalid. Using default page load timeout: '40'

2022-07-14 13:35:25 - [MESSAGE][PASSED] - Element 'Object Repository/Transfer/transferSummaryRefIDTitleTxt' is exist

2022-07-14 13:35:25 - [TEST_STEP][PASSED] - verifyElementExist(findTestObject("Transfer/transferSummaryShareReceiptBtn"), 0): Element 'Object Repository/Transfer/transferSummaryShareReceiptBtn' is exist

2022-07-14 13:35:25 - [MESSAGE][WARNING] - Timeout '0' is invalid. Using default page load timeout: '40'

2022-07-14 13:35:26 - [MESSAGE][PASSED] - Element 'Object Repository/Transfer/transferSummaryShareReceiptBtn' is exist

2022-07-14 13:35:26 - [TEST_STEP][PASSED] - delay(5): Delayed 5 second(s)

2022-07-14 13:35:31 - [MESSAGE][PASSED] - Delayed 5 second(s)

2022-07-14 13:35:31 - [TEST_STEP][PASSED] - referenceID = getText(findTestObject("Send Request Money/requestMoneyPaySummaryRefIDTxt"), 0): Text of element 'Object Repository/Send Request Money/requestMoneyPaySummaryRefIDTxt' is: '181678524M'

2022-07-14 13:35:31 - [MESSAGE][WARNING] - Timeout '0' is invalid. Using default page load timeout: '40'

2022-07-14 13:35:31 - [MESSAGE][PASSED] - Text of element 'Object Repository/Send Request Money/requestMoneyPaySummaryRefIDTxt' is: '181678524M'

2022-07-14 13:35:31 - [TEST_STEP][PASSED] - println(referenceID): null

2022-07-14 13:35:31 - [TEST_STEP][PASSED] - test = dataFolder: null

2022-07-14 13:35:31 - [TEST_STEP][PASSED] - sheetName = "Sheet1": null

2022-07-14 13:35:31 - [TEST_STEP][PASSED] - file1 = new java.io.File(test): null

2022-07-14 13:35:31 - [TEST_STEP][PASSED] - assert file1.exists() == true: null

2022-07-14 13:35:31 - [TEST_STEP][PASSED] - woorkbook1 = getWorkbook(test): null

2022-07-14 13:35:31 - [TEST_STEP][PASSED] - sheet1 = getExcelSheet(woorkbook1, sheetName): null

2022-07-14 13:35:31 - [TEST_STEP][PASSED] - setValueToCellByIndex(sheet1, 3, 1, referenceID): null

2022-07-14 13:35:31 - [TEST_STEP][PASSED] - saveWorkbook(test, woorkbook1): null

2022-07-14 13:35:31 - [TEST_STEP][PASSED] - delay(3): Delayed 3 second(s)

2022-07-14 13:35:34 - [MESSAGE][PASSED] - Delayed 3 second(s)

2022-07-14 13:35:34 - [TEST_STEP][PASSED] - takeScreenshot("/Users/a00139272/Desktop/Screenshot/thirdPartyFav.png"): Screenshot is taken

2022-07-14 13:35:35 - [MESSAGE][PASSED] - Screenshot is taken
[[ATTACHMENT|/Users/a00139272/Desktop/Screenshot/thirdPartyFav.png]]

2022-07-14 13:35:35 - [TEST_STEP][PASSED] - verifyElementVisible(findTestObject("Main/mainDoneBtn"), 0): Element 'Object Repository/Main/mainDoneBtn' is visible

2022-07-14 13:35:35 - [MESSAGE][WARNING] - Timeout '0' is invalid. Using default page load timeout: '40'

2022-07-14 13:35:35 - [MESSAGE][PASSED] - Element 'Object Repository/Main/mainDoneBtn' is visible

2022-07-14 13:35:35 - [TEST_STEP][PASSED] - tap(findTestObject("Main/mainDoneBtn"), 0): Tapped on element 'Object Repository/Main/mainDoneBtn'

2022-07-14 13:35:35 - [MESSAGE][WARNING] - Timeout '0' is invalid. Using default page load timeout: '40'

2022-07-14 13:35:35 - [MESSAGE][PASSED] - Tapped on element 'Object Repository/Main/mainDoneBtn'

2022-07-14 13:35:35 - [TEST_STEP][PASSED] - delay(5): Delayed 5 second(s)

2022-07-14 13:35:40 - [MESSAGE][PASSED] - Delayed 5 second(s)

2022-07-14 13:35:40 - [TEST_STEP][PASSED] - tap(findTestObject("Main/mainTopLeftBackButton"), 0): Tapped on element 'Object Repository/Main/mainTopLeftBackButton'

2022-07-14 13:35:40 - [MESSAGE][WARNING] - Timeout '0' is invalid. Using default page load timeout: '40'

2022-07-14 13:35:40 - [MESSAGE][PASSED] - Tapped on element 'Object Repository/Main/mainTopLeftBackButton'

2022-07-14 13:35:40 - [TEST_STEP][PASSED] - delay(5): Delayed 5 second(s)

2022-07-14 13:35:45 - [MESSAGE][PASSED] - Delayed 5 second(s)

2022-07-14 13:35:45 - [TEST_STEP][PASSED] - verifyElementVisible(findTestObject("Banking/m2uAccountTypeSelection", ["text":accType]), 0): Element 'Object Repository/Banking/m2uAccountTypeSelection' is visible

2022-07-14 13:35:46 - [MESSAGE][WARNING] - Timeout '0' is invalid. Using default page load timeout: '40'

2022-07-14 13:35:46 - [MESSAGE][PASSED] - Element 'Object Repository/Banking/m2uAccountTypeSelection' is visible

2022-07-14 13:35:46 - [TEST_STEP][PASSED] - tap(findTestObject("Banking/m2uAccountTypeSelection", ["text":accType]), 10): Tapped on element 'Object Repository/Banking/m2uAccountTypeSelection'

2022-07-14 13:35:47 - [MESSAGE][PASSED] - Tapped on element 'Object Repository/Banking/m2uAccountTypeSelection'

2022-07-14 13:35:47 - [TEST_STEP][PASSED] - delay(5): Delayed 5 second(s)

2022-07-14 13:35:52 - [MESSAGE][PASSED] - Delayed 5 second(s)

2022-07-14 13:35:52 - [TEST_STEP][PASSED] - afterBalance = getText(findTestObject("Main/mainAccountsBalanceTxt"), 0): Text of element 'Object Repository/Main/mainAccountsBalanceTxt' is: 'RM 4,701.80'

2022-07-14 13:35:52 - [MESSAGE][WARNING] - Timeout '0' is invalid. Using default page load timeout: '40'

2022-07-14 13:35:52 - [MESSAGE][PASSED] - Text of element 'Object Repository/Main/mainAccountsBalanceTxt' is: 'RM 4,701.80'

2022-07-14 13:35:52 - [TEST_STEP][PASSED] - newAfterBalance = afterBalance.replaceAll("[^0-9.]", ""): null

2022-07-14 13:35:52 - [TEST_STEP][PASSED] - newAccountBalance = accountBalance.replaceAll("[^0-9.]", ""): null

2022-07-14 13:35:52 - [TEST_STEP][PASSED] - newAfterBalanceF = Float.parseFloat(newAfterBalance): null

2022-07-14 13:35:52 - [TEST_STEP][PASSED] - newAccountBalanceF = Float.parseFloat(newAccountBalance): null

2022-07-14 13:35:52 - [TEST_STEP][PASSED] - println(afterBalance): null

2022-07-14 13:35:52 - [TEST_STEP][PASSED] - println(accountBalance): null

2022-07-14 13:35:52 - [TEST_STEP][PASSED] - println(newAfterBalance): null

2022-07-14 13:35:52 - [TEST_STEP][PASSED] - println(newAccountBalance): null

2022-07-14 13:35:52 - [TEST_STEP][PASSED] - value_1 = checkValue: null

2022-07-14 13:35:52 - [TEST_STEP][PASSED] - value_2 = value_1.replaceAll("[^0-9.]", ""): null

2022-07-14 13:35:52 - [TEST_STEP][PASSED] - newValue = Float.parseFloat(value_2): null

2022-07-14 13:35:52 - [TEST_STEP][PASSED] - newBalance = newAccountBalanceF - newValue: null

2022-07-14 13:35:52 - [TEST_STEP][PASSED] - println(newBalance): null

2022-07-14 13:35:52 - [TEST_STEP][FAILED] - assert newBalance.round(2) == newAfterBalanceF: Test Cases/Transfer/transfer_thirdPartyFav FAILED.
Reason:
Assertion failed: 

assert newBalance.round(2) == newAfterBalanceF
       |          |        |  |
       4701.76    4701.76  |  4701.8
                           false

	at transfer_thirdPartyFav.run(transfer_thirdPartyFav:286)
	at com.kms.katalon.core.main.ScriptEngine.run(ScriptEngine.java:194)
	at com.kms.katalon.core.main.ScriptEngine.runScriptAsRawText(ScriptEngine.java:119)
	at com.kms.katalon.core.main.TestCaseExecutor.runScript(TestCaseExecutor.java:445)
	at com.kms.katalon.core.main.TestCaseExecutor.doExecute(TestCaseExecutor.java:436)
	at com.kms.katalon.core.main.TestCaseExecutor.processExecutionPhase(TestCaseExecutor.java:415)
	at com.kms.katalon.core.main.TestCaseExecutor.accessMainPhase(TestCaseExecutor.java:407)
	at com.kms.katalon.core.main.TestCaseExecutor.execute(TestCaseExecutor.java:284)
	at com.kms.katalon.core.common.CommonExecutor.accessTestCaseMainPhase(CommonExecutor.java:65)
	at com.kms.katalon.core.main.TestSuiteExecutor.accessTestSuiteMainPhase(TestSuiteExecutor.java:144)
	at com.kms.katalon.core.main.TestSuiteExecutor.execute(TestSuiteExecutor.java:106)
	at com.kms.katalon.core.main.TestCaseMain.startTestSuite(TestCaseMain.java:185)
	at com.kms.katalon.core.main.TestCaseMain$startTestSuite$0.call(Unknown Source)
	at TempTestSuite1657775490909.run(TempTestSuite1657775490909.groovy:36)


2022-07-14 13:35:52 - [MESSAGE][FAILED] - Test Cases/Transfer/transfer_thirdPartyFav FAILED.
Reason:
Assertion failed: 

assert newBalance.round(2) == newAfterBalanceF
       |          |        |  |
       4701.76    4701.76  |  4701.8
                           false

	at transfer_thirdPartyFav.run(transfer_thirdPartyFav:286)
	at com.kms.katalon.core.main.ScriptEngine.run(ScriptEngine.java:194)
	at com.kms.katalon.core.main.ScriptEngine.runScriptAsRawText(ScriptEngine.java:119)
	at com.kms.katalon.core.main.TestCaseExecutor.runScript(TestCaseExecutor.java:445)
	at com.kms.katalon.core.main.TestCaseExecutor.doExecute(TestCaseExecutor.java:436)
	at com.kms.katalon.core.main.TestCaseExecutor.processExecutionPhase(TestCaseExecutor.java:415)
	at com.kms.katalon.core.main.TestCaseExecutor.accessMainPhase(TestCaseExecutor.java:407)
	at com.kms.katalon.core.main.TestCaseExecutor.execute(TestCaseExecutor.java:284)
	at com.kms.katalon.core.common.CommonExecutor.accessTestCaseMainPhase(CommonExecutor.java:65)
	at com.kms.katalon.core.main.TestSuiteExecutor.accessTestSuiteMainPhase(TestSuiteExecutor.java:144)
	at com.kms.katalon.core.main.TestSuiteExecutor.execute(TestSuiteExecutor.java:106)
	at com.kms.katalon.core.main.TestCaseMain.startTestSuite(TestCaseMain.java:185)
	at com.kms.katalon.core.main.TestCaseMain$startTestSuite$0.call(Unknown Source)
	at TempTestSuite1657775490909.run(TempTestSuite1657775490909.groovy:36)]]></system-out>
         <system-err><![CDATA[2022-07-14 13:30:18 - [TEST_CASE][FAILED] - Test Cases/Transfer/transfer_thirdPartyFav: Test Cases/Transfer/transfer_thirdPartyFav FAILED.
Reason:
Assertion failed: 

assert newBalance.round(2) == newAfterBalanceF
       |          |        |  |
       4701.76    4701.76  |  4701.8
                           false

	at transfer_thirdPartyFav.run(transfer_thirdPartyFav:286)
	at com.kms.katalon.core.main.ScriptEngine.run(ScriptEngine.java:194)
	at com.kms.katalon.core.main.ScriptEngine.runScriptAsRawText(ScriptEngine.java:119)
	at com.kms.katalon.core.main.TestCaseExecutor.runScript(TestCaseExecutor.java:445)
	at com.kms.katalon.core.main.TestCaseExecutor.doExecute(TestCaseExecutor.java:436)
	at com.kms.katalon.core.main.TestCaseExecutor.processExecutionPhase(TestCaseExecutor.java:415)
	at com.kms.katalon.core.main.TestCaseExecutor.accessMainPhase(TestCaseExecutor.java:407)
	at com.kms.katalon.core.main.TestCaseExecutor.execute(TestCaseExecutor.java:284)
	at com.kms.katalon.core.common.CommonExecutor.accessTestCaseMainPhase(CommonExecutor.java:65)
	at com.kms.katalon.core.main.TestSuiteExecutor.accessTestSuiteMainPhase(TestSuiteExecutor.java:144)
	at com.kms.katalon.core.main.TestSuiteExecutor.execute(TestSuiteExecutor.java:106)
	at com.kms.katalon.core.main.TestCaseMain.startTestSuite(TestCaseMain.java:185)
	at com.kms.katalon.core.main.TestCaseMain$startTestSuite$0.call(Unknown Source)
	at TempTestSuite1657775490909.run(TempTestSuite1657775490909.groovy:36)]]></system-err>
      </testcase>
      <testcase name="Test Cases/DuitNow/duitNow_mobileNumberTransaction" time="272.954" classname="Test Cases/DuitNow/duitNow_mobileNumberTransaction" status="PASSED">
         <system-out><![CDATA[2022-07-14 13:35:52 - [TEST_CASE][PASSED] - Test Cases/DuitNow/duitNow_mobileNumberTransaction: Test Cases/DuitNow/duitNow_mobileNumberTransaction

2022-07-14 13:35:52 - [TEST_STEP][PASSED] - delay(5): Delayed 5 second(s)

2022-07-14 13:35:57 - [MESSAGE][PASSED] - Delayed 5 second(s)

2022-07-14 13:35:57 - [TEST_STEP][PASSED] - device_Height = getDeviceHeight(): Current device physical height is 2167

2022-07-14 13:35:57 - [MESSAGE][PASSED] - Current device physical height is 2167

2022-07-14 13:35:57 - [TEST_STEP][PASSED] - device_Width = getDeviceWidth(): Current device physical width is 1080

2022-07-14 13:35:58 - [MESSAGE][PASSED] - Current device physical width is 1080

2022-07-14 13:35:58 - [TEST_STEP][PASSED] - startX = device_Width / 3: null

2022-07-14 13:35:58 - [TEST_STEP][PASSED] - startY = device_Height * 0.97: null

2022-07-14 13:35:58 - [TEST_STEP][PASSED] - delay(3): Delayed 3 second(s)

2022-07-14 13:36:01 - [MESSAGE][PASSED] - Delayed 3 second(s)

2022-07-14 13:36:01 - [TEST_STEP][PASSED] - verifyElementVisible(findTestObject("Banking/m2uAccountTransferIconSelect"), 0): Element 'Object Repository/Banking/m2uAccountTransferIconSelect' is visible

2022-07-14 13:36:01 - [MESSAGE][WARNING] - Timeout '0' is invalid. Using default page load timeout: '40'

2022-07-14 13:36:01 - [MESSAGE][PASSED] - Element 'Object Repository/Banking/m2uAccountTransferIconSelect' is visible

2022-07-14 13:36:01 - [TEST_STEP][PASSED] - tap(findTestObject("Banking/m2uAccountTransferIconSelect"), 0): Tapped on element 'Object Repository/Banking/m2uAccountTransferIconSelect'

2022-07-14 13:36:01 - [MESSAGE][WARNING] - Timeout '0' is invalid. Using default page load timeout: '40'

2022-07-14 13:36:01 - [MESSAGE][PASSED] - Tapped on element 'Object Repository/Banking/m2uAccountTransferIconSelect'

2022-07-14 13:36:01 - [TEST_STEP][PASSED] - verifyElementVisible(findTestObject("Banking/transferDuitNowTopMenuSelect"), 5): Element 'Object Repository/Banking/transferDuitNowTopMenuSelect' is visible

2022-07-14 13:36:52 - [MESSAGE][PASSED] - Element 'Object Repository/Banking/transferDuitNowTopMenuSelect' is visible

2022-07-14 13:36:52 - [TEST_STEP][PASSED] - tap(findTestObject("Banking/transferDuitNowTopMenuSelect"), 0): Tapped on element 'Object Repository/Banking/transferDuitNowTopMenuSelect'

2022-07-14 13:36:52 - [MESSAGE][WARNING] - Timeout '0' is invalid. Using default page load timeout: '40'

2022-07-14 13:37:53 - [MESSAGE][PASSED] - Tapped on element 'Object Repository/Banking/transferDuitNowTopMenuSelect'

2022-07-14 13:37:53 - [TEST_STEP][PASSED] - delay(3): Delayed 3 second(s)

2022-07-14 13:37:56 - [MESSAGE][PASSED] - Delayed 3 second(s)

2022-07-14 13:37:56 - [TEST_STEP][PASSED] - tap(findTestObject("Banking/duitNowOtherIconSelect"), 0): Tapped on element 'Object Repository/Banking/duitNowOtherIconSelect'

2022-07-14 13:37:56 - [MESSAGE][WARNING] - Timeout '0' is invalid. Using default page load timeout: '40'

2022-07-14 13:38:48 - [MESSAGE][PASSED] - Tapped on element 'Object Repository/Banking/duitNowOtherIconSelect'

2022-07-14 13:38:48 - [TEST_STEP][PASSED] - delay(3): Delayed 3 second(s)

2022-07-14 13:38:51 - [MESSAGE][PASSED] - Delayed 3 second(s)

2022-07-14 13:38:51 - [TEST_STEP][PASSED] - verifyElementExist(findTestObject("Banking/duitNowIDTypeDropdownSelect"), 0): Element 'Object Repository/Banking/duitNowIDTypeDropdownSelect' is exist

2022-07-14 13:38:51 - [MESSAGE][WARNING] - Timeout '0' is invalid. Using default page load timeout: '40'

2022-07-14 13:38:52 - [MESSAGE][PASSED] - Element 'Object Repository/Banking/duitNowIDTypeDropdownSelect' is exist

2022-07-14 13:38:52 - [TEST_STEP][PASSED] - tap(findTestObject("Banking/duitNowIDTypeDropdownSelect"), 0): Tapped on element 'Object Repository/Banking/duitNowIDTypeDropdownSelect'

2022-07-14 13:38:52 - [MESSAGE][WARNING] - Timeout '0' is invalid. Using default page load timeout: '40'

2022-07-14 13:38:52 - [MESSAGE][PASSED] - Tapped on element 'Object Repository/Banking/duitNowIDTypeDropdownSelect'

2022-07-14 13:38:52 - [TEST_STEP][PASSED] - delay(3): Delayed 3 second(s)

2022-07-14 13:38:55 - [MESSAGE][PASSED] - Delayed 3 second(s)

2022-07-14 13:38:55 - [TEST_STEP][PASSED] - verifyElementExist(findTestObject("Banking/duitNowBusinessRegIDTypeDropdown", ["proxy":proxy]), 0): Element 'Object Repository/Banking/duitNowBusinessRegIDTypeDropdown' is exist

2022-07-14 13:38:55 - [MESSAGE][WARNING] - Timeout '0' is invalid. Using default page load timeout: '40'

2022-07-14 13:38:55 - [MESSAGE][PASSED] - Element 'Object Repository/Banking/duitNowBusinessRegIDTypeDropdown' is exist

2022-07-14 13:38:55 - [TEST_STEP][PASSED] - tap(findTestObject("Banking/duitNowBusinessRegIDTypeDropdown", ["proxy":proxy]), 0): Tapped on element 'Object Repository/Banking/duitNowBusinessRegIDTypeDropdown'

2022-07-14 13:38:55 - [MESSAGE][WARNING] - Timeout '0' is invalid. Using default page load timeout: '40'

2022-07-14 13:38:55 - [MESSAGE][PASSED] - Tapped on element 'Object Repository/Banking/duitNowBusinessRegIDTypeDropdown'

2022-07-14 13:38:55 - [TEST_STEP][PASSED] - tap(findTestObject("Main/mainCalenderPickerDoneBtn"), 0): Tapped on element 'Object Repository/Main/mainCalenderPickerDoneBtn'

2022-07-14 13:38:55 - [MESSAGE][WARNING] - Timeout '0' is invalid. Using default page load timeout: '40'

2022-07-14 13:38:55 - [MESSAGE][PASSED] - Tapped on element 'Object Repository/Main/mainCalenderPickerDoneBtn'

2022-07-14 13:38:55 - [TEST_STEP][PASSED] - delay(3): Delayed 3 second(s)

2022-07-14 13:38:58 - [MESSAGE][PASSED] - Delayed 3 second(s)

2022-07-14 13:38:58 - [TEST_STEP][PASSED] - verifyElementExist(findTestObject("Banking/duitNowBusinessRegNoInputField", ["proxyPlaceholder":proxyPlaceholder]), 0): Element 'Object Repository/Banking/duitNowBusinessRegNoInputField' is exist

2022-07-14 13:38:58 - [MESSAGE][WARNING] - Timeout '0' is invalid. Using default page load timeout: '40'

2022-07-14 13:38:59 - [MESSAGE][PASSED] - Element 'Object Repository/Banking/duitNowBusinessRegNoInputField' is exist

2022-07-14 13:38:59 - [TEST_STEP][PASSED] - setText(findTestObject("Banking/duitNowBusinessRegNoInputField", ["proxyPlaceholder":proxyPlaceholder]), phoneNum, 0): Text '01122334455' has been set to element 'Object Repository/Banking/duitNowBusinessRegNoInputField'

2022-07-14 13:38:59 - [MESSAGE][WARNING] - Timeout '0' is invalid. Using default page load timeout: '40'

2022-07-14 13:39:00 - [MESSAGE][PASSED] - Text '01122334455' has been set to element 'Object Repository/Banking/duitNowBusinessRegNoInputField'

2022-07-14 13:39:00 - [TEST_STEP][PASSED] - hideKeyboard(): Keyboard is hidden

2022-07-14 13:39:00 - [MESSAGE][PASSED] - Keyboard is hidden

2022-07-14 13:39:00 - [TEST_STEP][PASSED] - tap(findTestObject("Login Onboarding/loginExistingContinueBtn"), 0): Tapped on element 'Object Repository/Login Onboarding/loginExistingContinueBtn'

2022-07-14 13:39:00 - [MESSAGE][WARNING] - Timeout '0' is invalid. Using default page load timeout: '40'

2022-07-14 13:39:01 - [MESSAGE][PASSED] - Tapped on element 'Object Repository/Login Onboarding/loginExistingContinueBtn'

2022-07-14 13:39:01 - [TEST_STEP][PASSED] - delay(3): Delayed 3 second(s)

2022-07-14 13:39:04 - [MESSAGE][PASSED] - Delayed 3 second(s)

2022-07-14 13:39:04 - [TEST_STEP][PASSED] - verifyElementText(findTestObject("Duit Now/duitNowAmountProxyNumberTxt", ["proxyNumber":proxyNumber]), proxyNumber): Actual text and expected text of test object 'Object Repository/Duit Now/duitNowAmountProxyNumberTxt' are matched.

2022-07-14 13:39:05 - [MESSAGE][PASSED] - Actual text and expected text of test object 'Object Repository/Duit Now/duitNowAmountProxyNumberTxt' are matched.

2022-07-14 13:39:05 - [TEST_STEP][PASSED] - receipientName = getText(findTestObject("Duit Now/duitNowAmountReceipientNameTxt2", ["recName":recName]), 0): Text of element 'Object Repository/Duit Now/duitNowAmountReceipientNameTxt2' is: 'CAPTAIN AMERICA'

2022-07-14 13:39:05 - [MESSAGE][WARNING] - Timeout '0' is invalid. Using default page load timeout: '40'

2022-07-14 13:39:05 - [MESSAGE][PASSED] - Text of element 'Object Repository/Duit Now/duitNowAmountReceipientNameTxt2' is: 'CAPTAIN AMERICA'

2022-07-14 13:39:05 - [TEST_STEP][PASSED] - recName_1 = recName: null

2022-07-14 13:39:05 - [TEST_STEP][PASSED] - recName_2 = recName2: null

2022-07-14 13:39:05 - [TEST_STEP][PASSED] - privName_1 = privName: null

2022-07-14 13:39:05 - [TEST_STEP][PASSED] - checker = verifyMatch(receipientName, $recName_1||$privName_1, true): Actual text 'CAPTAIN AMERICA' and expected text 'CAPTAIN AMERICA||XXXXXXX XXXXXXX' are matched  using regular expression

2022-07-14 13:39:05 - [MESSAGE][PASSED] - Actual text 'CAPTAIN AMERICA' and expected text 'CAPTAIN AMERICA||XXXXXXX XXXXXXX' are matched  using regular expression

2022-07-14 13:39:05 - [TEST_STEP][PASSED] - verifyElementText(findTestObject("Duit Now/duitNowAmountProxyTypeTxt", ["proxyType":proxyType]), proxyType): Actual text and expected text of test object 'Object Repository/Duit Now/duitNowAmountProxyTypeTxt' are matched.

2022-07-14 13:39:05 - [MESSAGE][PASSED] - Actual text and expected text of test object 'Object Repository/Duit Now/duitNowAmountProxyTypeTxt' are matched.

2022-07-14 13:39:05 - [TEST_STEP][PASSED] - verifyElementExist(findTestObject("Duit Now/duitNowAmountCurrencyTypeTxt"), 0): Element 'Object Repository/Duit Now/duitNowAmountCurrencyTypeTxt' is exist

2022-07-14 13:39:05 - [MESSAGE][WARNING] - Timeout '0' is invalid. Using default page load timeout: '40'

2022-07-14 13:39:06 - [MESSAGE][PASSED] - Element 'Object Repository/Duit Now/duitNowAmountCurrencyTypeTxt' is exist

2022-07-14 13:39:06 - [TEST_STEP][PASSED] - verifyElementExist(findTestObject("Duit Now/duitNowAmountEnterAmountTitleTxt"), 0): Element 'Object Repository/Duit Now/duitNowAmountEnterAmountTitleTxt' is exist

2022-07-14 13:39:06 - [MESSAGE][WARNING] - Timeout '0' is invalid. Using default page load timeout: '40'

2022-07-14 13:39:06 - [MESSAGE][PASSED] - Element 'Object Repository/Duit Now/duitNowAmountEnterAmountTitleTxt' is exist

2022-07-14 13:39:06 - [TEST_STEP][PASSED] - verifyElementExist(findTestObject("Duit Now/duitNowAmountInitialValueTxt"), 0): Element 'Object Repository/Duit Now/duitNowAmountInitialValueTxt' is exist

2022-07-14 13:39:06 - [MESSAGE][WARNING] - Timeout '0' is invalid. Using default page load timeout: '40'

2022-07-14 13:39:06 - [MESSAGE][PASSED] - Element 'Object Repository/Duit Now/duitNowAmountInitialValueTxt' is exist

2022-07-14 13:39:06 - [TEST_STEP][PASSED] - trxAmount = value: null

2022-07-14 13:39:06 - [TEST_STEP][PASSED] - length = trxAmount.length(): null

2022-07-14 13:39:06 - [TEST_STEP][PASSED] - delay(5): Delayed 5 second(s)

2022-07-14 13:39:11 - [MESSAGE][PASSED] - Delayed 5 second(s)

2022-07-14 13:39:11 - [TEST_STEP][PASSED] - tapAtPosition(startX, startY): Tapped at [360, 2,101]

2022-07-14 13:39:11 - [MESSAGE][PASSED] - Tapped at [360, 2,101]

2022-07-14 13:39:11 - [TEST_STEP][PASSED] - for ([i = 0, i < length, (i++)]): null

2022-07-14 13:39:11 - [TEST_STEP][PASSED] - if (trxAmount[i] == "0"): null

2022-07-14 13:39:11 - [TEST_STEP][PASSED] - if (trxAmount[i] == "1"): null

2022-07-14 13:39:11 - [TEST_STEP][PASSED] - if (trxAmount[i] == "2"): Tapped on element 'Object Repository/Login Onboarding/PIN2'

2022-07-14 13:39:11 - [TEST_STEP][PASSED] - tap(findTestObject("Login Onboarding/PIN2"), 0): Tapped on element 'Object Repository/Login Onboarding/PIN2'

2022-07-14 13:39:12 - [MESSAGE][WARNING] - Timeout '0' is invalid. Using default page load timeout: '40'

2022-07-14 13:39:13 - [MESSAGE][PASSED] - Tapped on element 'Object Repository/Login Onboarding/PIN2'

2022-07-14 13:39:13 - [TEST_STEP][PASSED] - if (trxAmount[i] == "3"): null

2022-07-14 13:39:13 - [TEST_STEP][PASSED] - if (trxAmount[i] == "4"): null

2022-07-14 13:39:13 - [TEST_STEP][PASSED] - if (trxAmount[i] == "5"): null

2022-07-14 13:39:13 - [TEST_STEP][PASSED] - if (trxAmount[i] == "6"): null

2022-07-14 13:39:13 - [TEST_STEP][PASSED] - if (trxAmount[i] == "7"): null

2022-07-14 13:39:13 - [TEST_STEP][PASSED] - if (trxAmount[i] == "8"): null

2022-07-14 13:39:13 - [TEST_STEP][PASSED] - if (trxAmount[i] == "9"): null

2022-07-14 13:39:13 - [TEST_STEP][PASSED] - if (trxAmount[i] == "0"): Tapped on element 'Object Repository/Login Onboarding/PIN0'

2022-07-14 13:39:13 - [TEST_STEP][PASSED] - tap(findTestObject("Login Onboarding/PIN0"), 0): Tapped on element 'Object Repository/Login Onboarding/PIN0'

2022-07-14 13:39:13 - [MESSAGE][WARNING] - Timeout '0' is invalid. Using default page load timeout: '40'

2022-07-14 13:39:14 - [MESSAGE][PASSED] - Tapped on element 'Object Repository/Login Onboarding/PIN0'

2022-07-14 13:39:14 - [TEST_STEP][PASSED] - if (trxAmount[i] == "1"): null

2022-07-14 13:39:14 - [TEST_STEP][PASSED] - if (trxAmount[i] == "2"): null

2022-07-14 13:39:14 - [TEST_STEP][PASSED] - if (trxAmount[i] == "3"): null

2022-07-14 13:39:14 - [TEST_STEP][PASSED] - if (trxAmount[i] == "4"): null

2022-07-14 13:39:14 - [TEST_STEP][PASSED] - if (trxAmount[i] == "5"): null

2022-07-14 13:39:14 - [TEST_STEP][PASSED] - if (trxAmount[i] == "6"): null

2022-07-14 13:39:14 - [TEST_STEP][PASSED] - if (trxAmount[i] == "7"): null

2022-07-14 13:39:14 - [TEST_STEP][PASSED] - if (trxAmount[i] == "8"): null

2022-07-14 13:39:14 - [TEST_STEP][PASSED] - if (trxAmount[i] == "9"): null

2022-07-14 13:39:14 - [TEST_STEP][PASSED] - if (trxAmount[i] == "0"): Tapped on element 'Object Repository/Login Onboarding/PIN0'

2022-07-14 13:39:14 - [TEST_STEP][PASSED] - tap(findTestObject("Login Onboarding/PIN0"), 0): Tapped on element 'Object Repository/Login Onboarding/PIN0'

2022-07-14 13:39:15 - [MESSAGE][WARNING] - Timeout '0' is invalid. Using default page load timeout: '40'

2022-07-14 13:39:15 - [MESSAGE][PASSED] - Tapped on element 'Object Repository/Login Onboarding/PIN0'

2022-07-14 13:39:15 - [TEST_STEP][PASSED] - if (trxAmount[i] == "1"): null

2022-07-14 13:39:15 - [TEST_STEP][PASSED] - if (trxAmount[i] == "2"): null

2022-07-14 13:39:15 - [TEST_STEP][PASSED] - if (trxAmount[i] == "3"): null

2022-07-14 13:39:15 - [TEST_STEP][PASSED] - if (trxAmount[i] == "4"): null

2022-07-14 13:39:15 - [TEST_STEP][PASSED] - if (trxAmount[i] == "5"): null

2022-07-14 13:39:15 - [TEST_STEP][PASSED] - if (trxAmount[i] == "6"): null

2022-07-14 13:39:15 - [TEST_STEP][PASSED] - if (trxAmount[i] == "7"): null

2022-07-14 13:39:15 - [TEST_STEP][PASSED] - if (trxAmount[i] == "8"): null

2022-07-14 13:39:15 - [TEST_STEP][PASSED] - if (trxAmount[i] == "9"): null

2022-07-14 13:39:15 - [TEST_STEP][PASSED] - delay(5): Delayed 5 second(s)

2022-07-14 13:39:20 - [MESSAGE][PASSED] - Delayed 5 second(s)

2022-07-14 13:39:20 - [TEST_STEP][PASSED] - verifyElementText(findTestObject("Duit Now/duitNowAmountValueTxt", ["value":checkValue]), checkValue): Actual text and expected text of test object 'Object Repository/Duit Now/duitNowAmountValueTxt' are matched.

2022-07-14 13:39:21 - [MESSAGE][PASSED] - Actual text and expected text of test object 'Object Repository/Duit Now/duitNowAmountValueTxt' are matched.

2022-07-14 13:39:21 - [TEST_STEP][PASSED] - verifyElementVisible(findTestObject("Login Onboarding/loginPinTickBtn"), 5): Element 'Object Repository/Login Onboarding/loginPinTickBtn' is visible

2022-07-14 13:39:21 - [MESSAGE][PASSED] - Element 'Object Repository/Login Onboarding/loginPinTickBtn' is visible

2022-07-14 13:39:21 - [TEST_STEP][PASSED] - tap(findTestObject("Login Onboarding/loginPinTickBtn"), 0): Tapped on element 'Object Repository/Login Onboarding/loginPinTickBtn'

2022-07-14 13:39:21 - [MESSAGE][WARNING] - Timeout '0' is invalid. Using default page load timeout: '40'

2022-07-14 13:39:21 - [MESSAGE][PASSED] - Tapped on element 'Object Repository/Login Onboarding/loginPinTickBtn'

2022-07-14 13:39:21 - [TEST_STEP][PASSED] - delay(3): Delayed 3 second(s)

2022-07-14 13:39:24 - [MESSAGE][PASSED] - Delayed 3 second(s)

2022-07-14 13:39:24 - [TEST_STEP][PASSED] - verifyElementText(findTestObject("Duit Now/duitNowReferenceProxyNumberTxt", ["proxyNumber":proxyNumber]), proxyNumber): Actual text and expected text of test object 'Object Repository/Duit Now/duitNowReferenceProxyNumberTxt' are matched.

2022-07-14 13:39:25 - [MESSAGE][PASSED] - Actual text and expected text of test object 'Object Repository/Duit Now/duitNowReferenceProxyNumberTxt' are matched.

2022-07-14 13:39:25 - [TEST_STEP][PASSED] - verifyElementText(findTestObject("Duit Now/duitNowReferenceProxyTypeTxt", ["proxyType":proxyType]), proxyType): Actual text and expected text of test object 'Object Repository/Duit Now/duitNowReferenceProxyTypeTxt' are matched.

2022-07-14 13:39:25 - [MESSAGE][PASSED] - Actual text and expected text of test object 'Object Repository/Duit Now/duitNowReferenceProxyTypeTxt' are matched.

2022-07-14 13:39:25 - [TEST_STEP][PASSED] - receipientName_2 = getText(findTestObject("Duit Now/duitNowReferenceReceipientNameTxt2", ["recName":recName]), 0): Text of element 'Object Repository/Duit Now/duitNowReferenceReceipientNameTxt2' is: 'CAPTAIN AMERICA'

2022-07-14 13:39:25 - [MESSAGE][WARNING] - Timeout '0' is invalid. Using default page load timeout: '40'

2022-07-14 13:39:25 - [MESSAGE][PASSED] - Text of element 'Object Repository/Duit Now/duitNowReferenceReceipientNameTxt2' is: 'CAPTAIN AMERICA'

2022-07-14 13:39:25 - [TEST_STEP][PASSED] - verifyMatch(receipientName_2, $recName_1||$privName_1, true): Actual text 'CAPTAIN AMERICA' and expected text 'CAPTAIN AMERICA||XXXXXXX XXXXXXX' are matched  using regular expression

2022-07-14 13:39:25 - [MESSAGE][PASSED] - Actual text 'CAPTAIN AMERICA' and expected text 'CAPTAIN AMERICA||XXXXXXX XXXXXXX' are matched  using regular expression

2022-07-14 13:39:25 - [TEST_STEP][PASSED] - verifyElementExist(findTestObject("Duit Now/duitNowReferenceEnterTitleTxt"), 0): Element 'Object Repository/Duit Now/duitNowReferenceEnterTitleTxt' is exist

2022-07-14 13:39:25 - [MESSAGE][WARNING] - Timeout '0' is invalid. Using default page load timeout: '40'

2022-07-14 13:39:25 - [MESSAGE][PASSED] - Element 'Object Repository/Duit Now/duitNowReferenceEnterTitleTxt' is exist

2022-07-14 13:39:25 - [TEST_STEP][PASSED] - setText(findTestObject("Banking/duitNowReferenceInputField"), reference, 0): Text 'DuitNowMobileTransf' has been set to element 'Object Repository/Banking/duitNowReferenceInputField'

2022-07-14 13:39:25 - [MESSAGE][WARNING] - Timeout '0' is invalid. Using default page load timeout: '40'

2022-07-14 13:39:26 - [MESSAGE][PASSED] - Text 'DuitNowMobileTransf' has been set to element 'Object Repository/Banking/duitNowReferenceInputField'

2022-07-14 13:39:26 - [TEST_STEP][PASSED] - hideKeyboard(): Keyboard is hidden

2022-07-14 13:39:28 - [MESSAGE][PASSED] - Keyboard is hidden

2022-07-14 13:39:28 - [TEST_STEP][PASSED] - verifyElementText(findTestObject("Duit Now/duitNowReferenceContentTxt", ["reference":reference]), reference): Actual text and expected text of test object 'Object Repository/Duit Now/duitNowReferenceContentTxt' are matched.

2022-07-14 13:39:28 - [MESSAGE][PASSED] - Actual text and expected text of test object 'Object Repository/Duit Now/duitNowReferenceContentTxt' are matched.

2022-07-14 13:39:28 - [TEST_STEP][PASSED] - tap(findTestObject("Login Onboarding/loginExistingContinueBtn"), 0): Tapped on element 'Object Repository/Login Onboarding/loginExistingContinueBtn'

2022-07-14 13:39:28 - [MESSAGE][WARNING] - Timeout '0' is invalid. Using default page load timeout: '40'

2022-07-14 13:39:28 - [MESSAGE][PASSED] - Tapped on element 'Object Repository/Login Onboarding/loginExistingContinueBtn'

2022-07-14 13:39:28 - [TEST_STEP][PASSED] - delay(3): Delayed 3 second(s)

2022-07-14 13:39:31 - [MESSAGE][PASSED] - Delayed 3 second(s)

2022-07-14 13:39:31 - [TEST_STEP][PASSED] - if (checker == true): Actual text 'CAPTAIN AMERICA' and expected text 'CAPTAIN AMERICA||XXXXXXX XXXXXXX' are matched  using regular expression

2022-07-14 13:39:31 - [TEST_STEP][PASSED] - receipientName_3 = getText(findTestObject("Duit Now/duitNowConfirmationReceipientNameTxt2", ["recName":recName2]), 0): Text of element 'Object Repository/Duit Now/duitNowConfirmationReceipientNameTxt2' is: 'CAPTAIN AMERICA'

2022-07-14 13:39:32 - [MESSAGE][WARNING] - Timeout '0' is invalid. Using default page load timeout: '40'

2022-07-14 13:39:32 - [MESSAGE][PASSED] - Text of element 'Object Repository/Duit Now/duitNowConfirmationReceipientNameTxt2' is: 'CAPTAIN AMERICA'

2022-07-14 13:39:32 - [TEST_STEP][PASSED] - verifyMatch(receipientName_3, $recName_2||$privName_1, true): Actual text 'CAPTAIN AMERICA' and expected text 'CAPTAIN AMERICA||XXXXXXX XXXXXXX' are matched  using regular expression

2022-07-14 13:39:32 - [MESSAGE][PASSED] - Actual text 'CAPTAIN AMERICA' and expected text 'CAPTAIN AMERICA||XXXXXXX XXXXXXX' are matched  using regular expression

2022-07-14 13:39:32 - [TEST_STEP][PASSED] - verifyElementText(findTestObject("Duit Now/duitNowConfirmationReceipientProxyNumTxt", ["proxyNumber":proxyNumber]), proxyNumber): Actual text and expected text of test object 'Object Repository/Duit Now/duitNowConfirmationReceipientProxyNumTxt' are matched.

2022-07-14 13:39:32 - [MESSAGE][PASSED] - Actual text and expected text of test object 'Object Repository/Duit Now/duitNowConfirmationReceipientProxyNumTxt' are matched.

2022-07-14 13:39:32 - [TEST_STEP][PASSED] - verifyElementText(findTestObject("Duit Now/duitNowConfirmationAmountTxt", ["amount":amount]), amount): Actual text and expected text of test object 'Object Repository/Duit Now/duitNowConfirmationAmountTxt' are matched.

2022-07-14 13:39:33 - [MESSAGE][PASSED] - Actual text and expected text of test object 'Object Repository/Duit Now/duitNowConfirmationAmountTxt' are matched.

2022-07-14 13:39:33 - [TEST_STEP][PASSED] - verifyElementExist(findTestObject("Duit Now/duitNowConfirmationDateTitleTxt"), 0): Element 'Object Repository/Duit Now/duitNowConfirmationDateTitleTxt' is exist

2022-07-14 13:39:33 - [MESSAGE][WARNING] - Timeout '0' is invalid. Using default page load timeout: '40'

2022-07-14 13:39:33 - [MESSAGE][PASSED] - Element 'Object Repository/Duit Now/duitNowConfirmationDateTitleTxt' is exist

2022-07-14 13:39:33 - [TEST_STEP][PASSED] - verifyElementExist(findTestObject("Duit Now/duitNowConfirmationIDTypeTitleTxt"), 0): Element 'Object Repository/Duit Now/duitNowConfirmationIDTypeTitleTxt' is exist

2022-07-14 13:39:33 - [MESSAGE][WARNING] - Timeout '0' is invalid. Using default page load timeout: '40'

2022-07-14 13:39:33 - [MESSAGE][PASSED] - Element 'Object Repository/Duit Now/duitNowConfirmationIDTypeTitleTxt' is exist

2022-07-14 13:39:33 - [TEST_STEP][PASSED] - verifyElementExist(findTestObject("Duit Now/duitNowConfirmationTransferTypeTitleTxt"), 0): Element 'Object Repository/Duit Now/duitNowConfirmationTransferTypeTitleTxt' is exist

2022-07-14 13:39:33 - [MESSAGE][WARNING] - Timeout '0' is invalid. Using default page load timeout: '40'

2022-07-14 13:39:34 - [MESSAGE][PASSED] - Element 'Object Repository/Duit Now/duitNowConfirmationTransferTypeTitleTxt' is exist

2022-07-14 13:39:34 - [TEST_STEP][PASSED] - verifyElementExist(findTestObject("Duit Now/duitNowConfirmationPaymentDetailsTitleTxt"), 0): Element 'Object Repository/Duit Now/duitNowConfirmationPaymentDetailsTitleTxt' is exist

2022-07-14 13:39:34 - [MESSAGE][WARNING] - Timeout '0' is invalid. Using default page load timeout: '40'

2022-07-14 13:39:34 - [MESSAGE][PASSED] - Element 'Object Repository/Duit Now/duitNowConfirmationPaymentDetailsTitleTxt' is exist

2022-07-14 13:39:34 - [TEST_STEP][PASSED] - verifyElementExist(findTestObject("Duit Now/duitNowConfirmationReferenceTitleTxt"), 0): Element 'Object Repository/Duit Now/duitNowConfirmationReferenceTitleTxt' is exist

2022-07-14 13:39:34 - [MESSAGE][WARNING] - Timeout '0' is invalid. Using default page load timeout: '40'

2022-07-14 13:39:34 - [MESSAGE][PASSED] - Element 'Object Repository/Duit Now/duitNowConfirmationReferenceTitleTxt' is exist

2022-07-14 13:39:34 - [TEST_STEP][PASSED] - verifyElementExist(findTestObject("Duit Now/duitNowConfirmationServiceFeeTitleTxt"), 0): Element 'Object Repository/Duit Now/duitNowConfirmationServiceFeeTitleTxt' is exist

2022-07-14 13:39:34 - [MESSAGE][WARNING] - Timeout '0' is invalid. Using default page load timeout: '40'

2022-07-14 13:39:34 - [MESSAGE][PASSED] - Element 'Object Repository/Duit Now/duitNowConfirmationServiceFeeTitleTxt' is exist

2022-07-14 13:39:34 - [TEST_STEP][PASSED] - verifyElementText(findTestObject("Duit Now/duitNowConfirmationIDTypeTxt", ["proxy":proxy]), proxy): Actual text and expected text of test object 'Object Repository/Duit Now/duitNowConfirmationIDTypeTxt' are matched.

2022-07-14 13:39:35 - [MESSAGE][PASSED] - Actual text and expected text of test object 'Object Repository/Duit Now/duitNowConfirmationIDTypeTxt' are matched.

2022-07-14 13:39:35 - [TEST_STEP][PASSED] - verifyElementText(findTestObject("Duit Now/duitNowConfirmationReceiveDateTxt"), "Today"): Actual text and expected text of test object 'Object Repository/Duit Now/duitNowConfirmationReceiveDateTxt' are matched.

2022-07-14 13:39:35 - [MESSAGE][PASSED] - Actual text and expected text of test object 'Object Repository/Duit Now/duitNowConfirmationReceiveDateTxt' are matched.

2022-07-14 13:39:35 - [TEST_STEP][PASSED] - verifyElementText(findTestObject("Duit Now/duitNowConfirmationReferenceTxt", ["reference":reference]), reference): Actual text and expected text of test object 'Object Repository/Duit Now/duitNowConfirmationReferenceTxt' are matched.

2022-07-14 13:39:35 - [MESSAGE][PASSED] - Actual text and expected text of test object 'Object Repository/Duit Now/duitNowConfirmationReferenceTxt' are matched.

2022-07-14 13:39:35 - [TEST_STEP][PASSED] - verifyElementText(findTestObject("Duit Now/duitNowConfirmationServiceFeeAmountTxt"), "RM 0.00"): Actual text and expected text of test object 'Object Repository/Duit Now/duitNowConfirmationServiceFeeAmountTxt' are matched.

2022-07-14 13:39:35 - [MESSAGE][PASSED] - Actual text and expected text of test object 'Object Repository/Duit Now/duitNowConfirmationServiceFeeAmountTxt' are matched.

2022-07-14 13:39:35 - [TEST_STEP][PASSED] - tap(findTestObject("Duit Now/duitNowConfirmationPaymentDetailsGreyWordTxt"), 0): Tapped on element 'Object Repository/Duit Now/duitNowConfirmationPaymentDetailsGreyWordTxt'

2022-07-14 13:39:36 - [MESSAGE][WARNING] - Timeout '0' is invalid. Using default page load timeout: '40'

2022-07-14 13:39:36 - [MESSAGE][PASSED] - Tapped on element 'Object Repository/Duit Now/duitNowConfirmationPaymentDetailsGreyWordTxt'

2022-07-14 13:39:36 - [TEST_STEP][PASSED] - setText(findTestObject("Duit Now/duitNowConfirmationPaymentDetailsGreyWordTxt"), details, 0): Text 'Test Mo' has been set to element 'Object Repository/Duit Now/duitNowConfirmationPaymentDetailsGreyWordTxt'

2022-07-14 13:39:36 - [MESSAGE][WARNING] - Timeout '0' is invalid. Using default page load timeout: '40'

2022-07-14 13:39:39 - [MESSAGE][PASSED] - Text 'Test Mo' has been set to element 'Object Repository/Duit Now/duitNowConfirmationPaymentDetailsGreyWordTxt'

2022-07-14 13:39:39 - [TEST_STEP][PASSED] - hideKeyboard(): Keyboard is hidden

2022-07-14 13:39:41 - [MESSAGE][PASSED] - Keyboard is hidden

2022-07-14 13:39:41 - [TEST_STEP][PASSED] - verifyElementText(findTestObject("Duit Now/duitNowConfirmationPaymentDetailsInputtedTxt", ["details":details]), details): Actual text and expected text of test object 'Object Repository/Duit Now/duitNowConfirmationPaymentDetailsInputtedTxt' are matched.

2022-07-14 13:39:41 - [MESSAGE][PASSED] - Actual text and expected text of test object 'Object Repository/Duit Now/duitNowConfirmationPaymentDetailsInputtedTxt' are matched.

2022-07-14 13:39:41 - [TEST_STEP][PASSED] - takeScreenshot("/Users/a00139272/git/MAEAutomation2/Duitnow/1.png"): Screenshot is taken

2022-07-14 13:39:42 - [MESSAGE][PASSED] - Screenshot is taken
[[ATTACHMENT|/Users/a00139272/git/MAEAutomation2/Duitnow/1.png]]

2022-07-14 13:39:42 - [TEST_STEP][PASSED] - device_Height_2 = getDeviceHeight(): Current device physical height is 2167

2022-07-14 13:39:42 - [MESSAGE][PASSED] - Current device physical height is 2167

2022-07-14 13:39:42 - [TEST_STEP][PASSED] - device_Width_2 = getDeviceWidth(): Current device physical width is 1080

2022-07-14 13:39:42 - [MESSAGE][PASSED] - Current device physical width is 1080

2022-07-14 13:39:42 - [TEST_STEP][PASSED] - startX_2 = device_Width_2 / 2: null

2022-07-14 13:39:42 - [TEST_STEP][PASSED] - endX_2 = startX_2: null

2022-07-14 13:39:42 - [TEST_STEP][PASSED] - startY_2 = device_Height_2 * 0.30: null

2022-07-14 13:39:42 - [TEST_STEP][PASSED] - endY_2 = device_Height_2 * 0.70: null

2022-07-14 13:39:42 - [TEST_STEP][PASSED] - swipe(startX_2, endY_2, endX_2, startY_2): Swiped from 540,1,516 to 540,650

2022-07-14 13:39:43 - [MESSAGE][PASSED] - Swiped from 540,1,516 to 540,650

2022-07-14 13:39:43 - [TEST_STEP][PASSED] - verifyElementExist(findTestObject("Transfer/transferConfirmationFTransferFromTitleTxt"), 0): Element 'Object Repository/Transfer/transferConfirmationFTransferFromTitleTxt' is exist

2022-07-14 13:39:43 - [MESSAGE][WARNING] - Timeout '0' is invalid. Using default page load timeout: '40'

2022-07-14 13:39:43 - [MESSAGE][PASSED] - Element 'Object Repository/Transfer/transferConfirmationFTransferFromTitleTxt' is exist

2022-07-14 13:39:43 - [TEST_STEP][PASSED] - verifyElementExist(findTestObject("Duit Now/duitNowConfirmationNoteTitleTxt"), 0): Element 'Object Repository/Duit Now/duitNowConfirmationNoteTitleTxt' is exist

2022-07-14 13:39:43 - [MESSAGE][WARNING] - Timeout '0' is invalid. Using default page load timeout: '40'

2022-07-14 13:39:44 - [MESSAGE][PASSED] - Element 'Object Repository/Duit Now/duitNowConfirmationNoteTitleTxt' is exist

2022-07-14 13:39:44 - [TEST_STEP][PASSED] - verifyElementExist(findTestObject("Duit Now/duitNowConfirmationDeclarationTitleTxt"), 0): Element 'Object Repository/Duit Now/duitNowConfirmationDeclarationTitleTxt' is exist

2022-07-14 13:39:44 - [MESSAGE][WARNING] - Timeout '0' is invalid. Using default page load timeout: '40'

2022-07-14 13:39:45 - [MESSAGE][PASSED] - Element 'Object Repository/Duit Now/duitNowConfirmationDeclarationTitleTxt' is exist

2022-07-14 13:39:45 - [TEST_STEP][PASSED] - verifyElementExist(findTestObject("Duit Now/duitNowConfirmationTnCTitleTxt"), 0): Element 'Object Repository/Duit Now/duitNowConfirmationTnCTitleTxt' is exist

2022-07-14 13:39:45 - [MESSAGE][WARNING] - Timeout '0' is invalid. Using default page load timeout: '40'

2022-07-14 13:39:45 - [MESSAGE][PASSED] - Element 'Object Repository/Duit Now/duitNowConfirmationTnCTitleTxt' is exist

2022-07-14 13:39:45 - [TEST_STEP][PASSED] - verifyElementExist(findTestObject("Duit Now/duitNowConfirmationNoteContentTxt"), 0): Element 'Object Repository/Duit Now/duitNowConfirmationNoteContentTxt' is exist

2022-07-14 13:39:45 - [MESSAGE][WARNING] - Timeout '0' is invalid. Using default page load timeout: '40'

2022-07-14 13:39:45 - [MESSAGE][PASSED] - Element 'Object Repository/Duit Now/duitNowConfirmationNoteContentTxt' is exist

2022-07-14 13:39:45 - [TEST_STEP][PASSED] - verifyElementExist(findTestObject("Duit Now/duitNowConfirmationDeclarationContentTxt"), 0): Element 'Object Repository/Duit Now/duitNowConfirmationDeclarationContentTxt' is exist

2022-07-14 13:39:45 - [MESSAGE][WARNING] - Timeout '0' is invalid. Using default page load timeout: '40'

2022-07-14 13:39:45 - [MESSAGE][PASSED] - Element 'Object Repository/Duit Now/duitNowConfirmationDeclarationContentTxt' is exist

2022-07-14 13:39:45 - [TEST_STEP][PASSED] - verifyElementText(findTestObject("Transfer/transferConfirmationFromAccTypeTxt", ["accType":accType]), accType): Actual text and expected text of test object 'Object Repository/Transfer/transferConfirmationFromAccTypeTxt' are matched.

2022-07-14 13:39:46 - [MESSAGE][PASSED] - Actual text and expected text of test object 'Object Repository/Transfer/transferConfirmationFromAccTypeTxt' are matched.

2022-07-14 13:39:46 - [TEST_STEP][PASSED] - verifyElementText(findTestObject("Transfer/transferConfirmationFromAccNoTxt", ["accNoFrom":accNoFrom]), accNoFrom): Actual text and expected text of test object 'Object Repository/Transfer/transferConfirmationFromAccNoTxt' are matched.

2022-07-14 13:39:46 - [MESSAGE][PASSED] - Actual text and expected text of test object 'Object Repository/Transfer/transferConfirmationFromAccNoTxt' are matched.

2022-07-14 13:39:46 - [TEST_STEP][PASSED] - verifyElementExist(findTestObject("Transfer/transferConfirmationFromAccBalanceTxt"), 0): Element 'Object Repository/Transfer/transferConfirmationFromAccBalanceTxt' is exist

2022-07-14 13:39:46 - [MESSAGE][WARNING] - Timeout '0' is invalid. Using default page load timeout: '40'

2022-07-14 13:39:46 - [MESSAGE][PASSED] - Element 'Object Repository/Transfer/transferConfirmationFromAccBalanceTxt' is exist

2022-07-14 13:39:46 - [TEST_STEP][PASSED] - accountBalance = getText(findTestObject("Transfer/transferConfirmationFromAccBalanceTxt"), 0): Text of element 'Object Repository/Transfer/transferConfirmationFromAccBalanceTxt' is: 'RM 4,701.76'

2022-07-14 13:39:46 - [MESSAGE][WARNING] - Timeout '0' is invalid. Using default page load timeout: '40'

2022-07-14 13:39:47 - [MESSAGE][PASSED] - Text of element 'Object Repository/Transfer/transferConfirmationFromAccBalanceTxt' is: 'RM 4,701.76'

2022-07-14 13:39:47 - [TEST_STEP][PASSED] - println(accountBalance): null

2022-07-14 13:39:47 - [TEST_STEP][PASSED] - tap(findTestObject("Main/mainTransferNowBtn"), 0): Tapped on element 'Object Repository/Main/mainTransferNowBtn'

2022-07-14 13:39:47 - [MESSAGE][WARNING] - Timeout '0' is invalid. Using default page load timeout: '40'

2022-07-14 13:39:47 - [MESSAGE][PASSED] - Tapped on element 'Object Repository/Main/mainTransferNowBtn'

2022-07-14 13:39:47 - [TEST_STEP][PASSED] - if (value <= limit): Tapped on element 'Object Repository/Main/mainS2UApproveBtn'

2022-07-14 13:39:47 - [TEST_STEP][PASSED] - if (verifyElementVisible(findTestObject("Festive Season/festiveReturnAngpaoTACNoTxt"), 10, OPTIONAL)): Element 'Object Repository/Festive Season/festiveReturnAngpaoTACNoTxt' not found

2022-07-14 13:39:57 - [MESSAGE][WARNING] - Element 'Object Repository/Festive Season/festiveReturnAngpaoTACNoTxt' not found

2022-07-14 13:39:57 - [TEST_STEP][PASSED] - else: Tapped on element 'Object Repository/Main/mainS2UApproveBtn'

2022-07-14 13:39:57 - [TEST_STEP][PASSED] - delay(3): Delayed 3 second(s)

2022-07-14 13:40:00 - [MESSAGE][PASSED] - Delayed 3 second(s)

2022-07-14 13:40:00 - [TEST_STEP][PASSED] - takeScreenshot("/Users/a00139272/git/MAEAutomation2/Duitnow/2.png"): Screenshot is taken

2022-07-14 13:40:01 - [MESSAGE][PASSED] - Screenshot is taken
[[ATTACHMENT|/Users/a00139272/git/MAEAutomation2/Duitnow/2.png]]

2022-07-14 13:40:01 - [TEST_STEP][PASSED] - verifyElementVisible(findTestObject("Main/mainS2UApproveBtn"), 10): Element 'Object Repository/Main/mainS2UApproveBtn' is visible

2022-07-14 13:40:01 - [MESSAGE][PASSED] - Element 'Object Repository/Main/mainS2UApproveBtn' is visible

2022-07-14 13:40:01 - [TEST_STEP][PASSED] - tap(findTestObject("Main/mainS2UApproveBtn"), 0): Tapped on element 'Object Repository/Main/mainS2UApproveBtn'

2022-07-14 13:40:01 - [MESSAGE][WARNING] - Timeout '0' is invalid. Using default page load timeout: '40'

2022-07-14 13:40:01 - [MESSAGE][PASSED] - Tapped on element 'Object Repository/Main/mainS2UApproveBtn'

2022-07-14 13:40:01 - [TEST_STEP][PASSED] - delay(3): Delayed 3 second(s)

2022-07-14 13:40:04 - [MESSAGE][PASSED] - Delayed 3 second(s)

2022-07-14 13:40:04 - [TEST_STEP][PASSED] - verifyElementExist(findTestObject("Festive Season/returnAngpaoStatusMessageTxt"), 0): Element 'Object Repository/Festive Season/returnAngpaoStatusMessageTxt' is exist

2022-07-14 13:40:04 - [MESSAGE][WARNING] - Timeout '0' is invalid. Using default page load timeout: '40'

2022-07-14 13:40:07 - [MESSAGE][PASSED] - Element 'Object Repository/Festive Season/returnAngpaoStatusMessageTxt' is exist

2022-07-14 13:40:07 - [TEST_STEP][PASSED] - takeScreenshot("/Users/a00139272/git/MAEAutomation2/Duitnow/3.png"): Screenshot is taken

2022-07-14 13:40:08 - [MESSAGE][PASSED] - Screenshot is taken
[[ATTACHMENT|/Users/a00139272/git/MAEAutomation2/Duitnow/3.png]]

2022-07-14 13:40:08 - [TEST_STEP][PASSED] - message = getText(findTestObject("Festive Season/returnAngpaoStatusMessageTxt"), 10): Text of element 'Object Repository/Festive Season/returnAngpaoStatusMessageTxt' is: 'Transfer successful'

2022-07-14 13:40:08 - [MESSAGE][PASSED] - Text of element 'Object Repository/Festive Season/returnAngpaoStatusMessageTxt' is: 'Transfer successful'

2022-07-14 13:40:08 - [TEST_STEP][PASSED] - println(message): null

2022-07-14 13:40:08 - [TEST_STEP][PASSED] - takeScreenshot("/Users/a00139272/git/MAEAutomation2/Duitnow/1.png"): Screenshot is taken

2022-07-14 13:40:09 - [MESSAGE][PASSED] - Screenshot is taken
[[ATTACHMENT|/Users/a00139272/git/MAEAutomation2/Duitnow/1.png]]

2022-07-14 13:40:09 - [TEST_STEP][PASSED] - assert message == successTransactionMessage: null

2022-07-14 13:40:09 - [TEST_STEP][PASSED] - delay(5): Delayed 5 second(s)

2022-07-14 13:40:14 - [MESSAGE][PASSED] - Delayed 5 second(s)

2022-07-14 13:40:14 - [TEST_STEP][PASSED] - if (value > limit): null

2022-07-14 13:40:14 - [TEST_STEP][PASSED] - else: Element 'Object Repository/Transfer/transferSummaryShareReceiptBtn' is exist

2022-07-14 13:40:14 - [TEST_STEP][PASSED] - verifyElementExist(findTestObject("Duit Now/duitNowSummaryDateTimeTitleTxt"), 0): Element 'Object Repository/Duit Now/duitNowSummaryDateTimeTitleTxt' is exist

2022-07-14 13:40:14 - [MESSAGE][WARNING] - Timeout '0' is invalid. Using default page load timeout: '40'

2022-07-14 13:40:15 - [MESSAGE][PASSED] - Element 'Object Repository/Duit Now/duitNowSummaryDateTimeTitleTxt' is exist

2022-07-14 13:40:15 - [TEST_STEP][PASSED] - verifyElementExist(findTestObject("Duit Now/duitNowSummaryRefernceIDTitleTxt"), 0): Element 'Object Repository/Duit Now/duitNowSummaryRefernceIDTitleTxt' is exist

2022-07-14 13:40:15 - [MESSAGE][WARNING] - Timeout '0' is invalid. Using default page load timeout: '40'

2022-07-14 13:40:15 - [MESSAGE][PASSED] - Element 'Object Repository/Duit Now/duitNowSummaryRefernceIDTitleTxt' is exist

2022-07-14 13:40:15 - [TEST_STEP][PASSED] - verifyElementExist(findTestObject("Transfer/transferSummaryShareReceiptBtn"), 0): Element 'Object Repository/Transfer/transferSummaryShareReceiptBtn' is exist

2022-07-14 13:40:15 - [MESSAGE][WARNING] - Timeout '0' is invalid. Using default page load timeout: '40'

2022-07-14 13:40:15 - [MESSAGE][PASSED] - Element 'Object Repository/Transfer/transferSummaryShareReceiptBtn' is exist

2022-07-14 13:40:15 - [TEST_STEP][PASSED] - delay(5): Delayed 5 second(s)

2022-07-14 13:40:20 - [MESSAGE][PASSED] - Delayed 5 second(s)

2022-07-14 13:40:20 - [TEST_STEP][PASSED] - referenceID = getText(findTestObject("Send Request Money/requestMoneyPaySummaryRefIDTxt"), 0): Text of element 'Object Repository/Send Request Money/requestMoneyPaySummaryRefIDTxt' is: '181678569M'

2022-07-14 13:40:20 - [MESSAGE][WARNING] - Timeout '0' is invalid. Using default page load timeout: '40'

2022-07-14 13:40:20 - [MESSAGE][PASSED] - Text of element 'Object Repository/Send Request Money/requestMoneyPaySummaryRefIDTxt' is: '181678569M'

2022-07-14 13:40:20 - [TEST_STEP][PASSED] - println(referenceID): null

2022-07-14 13:40:20 - [TEST_STEP][PASSED] - test = dataFolder: null

2022-07-14 13:40:20 - [TEST_STEP][PASSED] - sheetName = "Sheet1": null

2022-07-14 13:40:20 - [TEST_STEP][PASSED] - file1 = new java.io.File(test): null

2022-07-14 13:40:20 - [TEST_STEP][PASSED] - assert file1.exists() == true: null

2022-07-14 13:40:20 - [TEST_STEP][PASSED] - woorkbook1 = getWorkbook(test): null

2022-07-14 13:40:20 - [TEST_STEP][PASSED] - sheet1 = getExcelSheet(woorkbook1, sheetName): null

2022-07-14 13:40:20 - [TEST_STEP][PASSED] - setValueToCellByIndex(sheet1, 4, 1, referenceID): null

2022-07-14 13:40:20 - [TEST_STEP][PASSED] - saveWorkbook(test, woorkbook1): null

2022-07-14 13:40:20 - [TEST_STEP][PASSED] - delay(3): Delayed 3 second(s)

2022-07-14 13:40:24 - [MESSAGE][PASSED] - Delayed 3 second(s)

2022-07-14 13:40:24 - [TEST_STEP][PASSED] - takeScreenshot("/Users/a00139272/Desktop/Screenshot/duitNowMobile.png"): Screenshot is taken

2022-07-14 13:40:24 - [MESSAGE][PASSED] - Screenshot is taken
[[ATTACHMENT|/Users/a00139272/Desktop/Screenshot/duitNowMobile.png]]

2022-07-14 13:40:24 - [TEST_STEP][PASSED] - verifyElementVisible(findTestObject("Main/mainDoneBtn"), 0): Element 'Object Repository/Main/mainDoneBtn' is visible

2022-07-14 13:40:24 - [MESSAGE][WARNING] - Timeout '0' is invalid. Using default page load timeout: '40'

2022-07-14 13:40:25 - [MESSAGE][PASSED] - Element 'Object Repository/Main/mainDoneBtn' is visible

2022-07-14 13:40:25 - [TEST_STEP][PASSED] - tap(findTestObject("Main/mainDoneBtn"), 0): Tapped on element 'Object Repository/Main/mainDoneBtn'

2022-07-14 13:40:25 - [MESSAGE][WARNING] - Timeout '0' is invalid. Using default page load timeout: '40'

2022-07-14 13:40:25 - [MESSAGE][PASSED] - Tapped on element 'Object Repository/Main/mainDoneBtn']]></system-out>
         <system-err><![CDATA[]]></system-err>
      </testcase>
      <testcase name="Test Cases/DuitNow/duitNow_businessRegNumberTransaction" time="189.796" classname="Test Cases/DuitNow/duitNow_businessRegNumberTransaction" status="FAILED">
         <failure type="FAILED" message="Test Cases/DuitNow/duitNow_businessRegNumberTransaction FAILED.
Reason:
Assertion failed: 

assert message == successTransactionMessage
       |       |  |
       |       |  Transfer successful
       |       false
       Transfer accepted

	at duitNow_businessRegNumberTransaction.run(duitNow_businessRegNumberTransaction:315)
	at com.kms.katalon.core.main.ScriptEngine.run(ScriptEngine.java:194)
	at com.kms.katalon.core.main.ScriptEngine.runScriptAsRawText(ScriptEngine.java:119)
	at com.kms.katalon.core.main.TestCaseExecutor.runScript(TestCaseExecutor.java:445)
	at com.kms.katalon.core.main.TestCaseExecutor.doExecute(TestCaseExecutor.java:436)
	at com.kms.katalon.core.main.TestCaseExecutor.processExecutionPhase(TestCaseExecutor.java:415)
	at com.kms.katalon.core.main.TestCaseExecutor.accessMainPhase(TestCaseExecutor.java:407)
	at com.kms.katalon.core.main.TestCaseExecutor.execute(TestCaseExecutor.java:284)
	at com.kms.katalon.core.common.CommonExecutor.accessTestCaseMainPhase(CommonExecutor.java:65)
	at com.kms.katalon.core.main.TestSuiteExecutor.accessTestSuiteMainPhase(TestSuiteExecutor.java:144)
	at com.kms.katalon.core.main.TestSuiteExecutor.execute(TestSuiteExecutor.java:106)
	at com.kms.katalon.core.main.TestCaseMain.startTestSuite(TestCaseMain.java:185)
	at com.kms.katalon.core.main.TestCaseMain$startTestSuite$0.call(Unknown Source)
	at TempTestSuite1657775490909.run(TempTestSuite1657775490909.groovy:36)
"/>
         <system-out><![CDATA[2022-07-14 13:40:25 - [TEST_CASE][FAILED] - Test Cases/DuitNow/duitNow_businessRegNumberTransaction: Test Cases/DuitNow/duitNow_businessRegNumberTransaction FAILED.
Reason:
Assertion failed: 

assert message == successTransactionMessage
       |       |  |
       |       |  Transfer successful
       |       false
       Transfer accepted

	at duitNow_businessRegNumberTransaction.run(duitNow_businessRegNumberTransaction:315)
	at com.kms.katalon.core.main.ScriptEngine.run(ScriptEngine.java:194)
	at com.kms.katalon.core.main.ScriptEngine.runScriptAsRawText(ScriptEngine.java:119)
	at com.kms.katalon.core.main.TestCaseExecutor.runScript(TestCaseExecutor.java:445)
	at com.kms.katalon.core.main.TestCaseExecutor.doExecute(TestCaseExecutor.java:436)
	at com.kms.katalon.core.main.TestCaseExecutor.processExecutionPhase(TestCaseExecutor.java:415)
	at com.kms.katalon.core.main.TestCaseExecutor.accessMainPhase(TestCaseExecutor.java:407)
	at com.kms.katalon.core.main.TestCaseExecutor.execute(TestCaseExecutor.java:284)
	at com.kms.katalon.core.common.CommonExecutor.accessTestCaseMainPhase(CommonExecutor.java:65)
	at com.kms.katalon.core.main.TestSuiteExecutor.accessTestSuiteMainPhase(TestSuiteExecutor.java:144)
	at com.kms.katalon.core.main.TestSuiteExecutor.execute(TestSuiteExecutor.java:106)
	at com.kms.katalon.core.main.TestCaseMain.startTestSuite(TestCaseMain.java:185)
	at com.kms.katalon.core.main.TestCaseMain$startTestSuite$0.call(Unknown Source)
	at TempTestSuite1657775490909.run(TempTestSuite1657775490909.groovy:36)


2022-07-14 13:40:25 - [TEST_STEP][PASSED] - delay(5): Delayed 5 second(s)

2022-07-14 13:40:30 - [MESSAGE][PASSED] - Delayed 5 second(s)

2022-07-14 13:40:30 - [TEST_STEP][PASSED] - device_Height = getDeviceHeight(): Current device physical height is 2167

2022-07-14 13:40:30 - [MESSAGE][PASSED] - Current device physical height is 2167

2022-07-14 13:40:30 - [TEST_STEP][PASSED] - device_Width = getDeviceWidth(): Current device physical width is 1080

2022-07-14 13:40:30 - [MESSAGE][PASSED] - Current device physical width is 1080

2022-07-14 13:40:30 - [TEST_STEP][PASSED] - startX = device_Width / 3: null

2022-07-14 13:40:30 - [TEST_STEP][PASSED] - startY = device_Height * 0.97: null

2022-07-14 13:40:30 - [TEST_STEP][PASSED] - delay(3): Delayed 3 second(s)

2022-07-14 13:40:33 - [MESSAGE][PASSED] - Delayed 3 second(s)

2022-07-14 13:40:33 - [TEST_STEP][PASSED] - verifyElementVisible(findTestObject("Banking/m2uAccountTransferIconSelect"), 10): Element 'Object Repository/Banking/m2uAccountTransferIconSelect' is visible

2022-07-14 13:40:34 - [MESSAGE][PASSED] - Element 'Object Repository/Banking/m2uAccountTransferIconSelect' is visible

2022-07-14 13:40:34 - [TEST_STEP][PASSED] - tap(findTestObject("Banking/m2uAccountTransferIconSelect"), 0): Tapped on element 'Object Repository/Banking/m2uAccountTransferIconSelect'

2022-07-14 13:40:34 - [MESSAGE][WARNING] - Timeout '0' is invalid. Using default page load timeout: '40'

2022-07-14 13:40:34 - [MESSAGE][PASSED] - Tapped on element 'Object Repository/Banking/m2uAccountTransferIconSelect'

2022-07-14 13:40:34 - [TEST_STEP][PASSED] - verifyElementVisible(findTestObject("Banking/transferDuitNowTopMenuSelect"), 5): Element 'Object Repository/Banking/transferDuitNowTopMenuSelect' is visible

2022-07-14 13:41:12 - [MESSAGE][PASSED] - Element 'Object Repository/Banking/transferDuitNowTopMenuSelect' is visible

2022-07-14 13:41:12 - [TEST_STEP][PASSED] - tap(findTestObject("Banking/transferDuitNowTopMenuSelect"), 0): Tapped on element 'Object Repository/Banking/transferDuitNowTopMenuSelect'

2022-07-14 13:41:12 - [MESSAGE][WARNING] - Timeout '0' is invalid. Using default page load timeout: '40'

2022-07-14 13:41:12 - [MESSAGE][PASSED] - Tapped on element 'Object Repository/Banking/transferDuitNowTopMenuSelect'

2022-07-14 13:41:12 - [TEST_STEP][PASSED] - delay(3): Delayed 3 second(s)

2022-07-14 13:41:15 - [MESSAGE][PASSED] - Delayed 3 second(s)

2022-07-14 13:41:15 - [TEST_STEP][PASSED] - tap(findTestObject("Banking/duitNowOtherIconSelect"), 0): Tapped on element 'Object Repository/Banking/duitNowOtherIconSelect'

2022-07-14 13:41:15 - [MESSAGE][WARNING] - Timeout '0' is invalid. Using default page load timeout: '40'

2022-07-14 13:42:09 - [MESSAGE][PASSED] - Tapped on element 'Object Repository/Banking/duitNowOtherIconSelect'

2022-07-14 13:42:09 - [TEST_STEP][PASSED] - delay(5): Delayed 5 second(s)

2022-07-14 13:42:14 - [MESSAGE][PASSED] - Delayed 5 second(s)

2022-07-14 13:42:14 - [TEST_STEP][PASSED] - verifyElementExist(findTestObject("Banking/duitNowIDTypeDropdownSelect"), 0): Element 'Object Repository/Banking/duitNowIDTypeDropdownSelect' is exist

2022-07-14 13:42:14 - [MESSAGE][WARNING] - Timeout '0' is invalid. Using default page load timeout: '40'

2022-07-14 13:42:14 - [MESSAGE][PASSED] - Element 'Object Repository/Banking/duitNowIDTypeDropdownSelect' is exist

2022-07-14 13:42:14 - [TEST_STEP][PASSED] - tap(findTestObject("Banking/duitNowIDTypeDropdownSelect"), 0): Tapped on element 'Object Repository/Banking/duitNowIDTypeDropdownSelect'

2022-07-14 13:42:14 - [MESSAGE][WARNING] - Timeout '0' is invalid. Using default page load timeout: '40'

2022-07-14 13:42:15 - [MESSAGE][PASSED] - Tapped on element 'Object Repository/Banking/duitNowIDTypeDropdownSelect'

2022-07-14 13:42:15 - [TEST_STEP][PASSED] - if (proxyType): Scrolling to text 'Business Registration Number' successfully

2022-07-14 13:42:15 - [TEST_STEP][PASSED] - delay(3): Delayed 3 second(s)

2022-07-14 13:42:18 - [MESSAGE][PASSED] - Delayed 3 second(s)

2022-07-14 13:42:18 - [TEST_STEP][PASSED] - scrollToText(proxyType): Scrolling to text 'Business Registration Number' successfully

2022-07-14 13:42:21 - [MESSAGE][PASSED] - Scrolling to text 'Business Registration Number' successfully

2022-07-14 13:42:21 - [TEST_STEP][PASSED] - verifyElementExist(findTestObject("Banking/duitNowBusinessRegIDTypeDropdown", ["proxy":proxyType]), 0): Element 'Object Repository/Banking/duitNowBusinessRegIDTypeDropdown' is exist

2022-07-14 13:42:21 - [MESSAGE][WARNING] - Timeout '0' is invalid. Using default page load timeout: '40'

2022-07-14 13:42:21 - [MESSAGE][PASSED] - Element 'Object Repository/Banking/duitNowBusinessRegIDTypeDropdown' is exist

2022-07-14 13:42:21 - [TEST_STEP][PASSED] - tap(findTestObject("Banking/duitNowBusinessRegIDTypeDropdown", ["proxy":proxyType]), 0): Tapped on element 'Object Repository/Banking/duitNowBusinessRegIDTypeDropdown'

2022-07-14 13:42:21 - [MESSAGE][WARNING] - Timeout '0' is invalid. Using default page load timeout: '40'

2022-07-14 13:42:21 - [MESSAGE][PASSED] - Tapped on element 'Object Repository/Banking/duitNowBusinessRegIDTypeDropdown'

2022-07-14 13:42:21 - [TEST_STEP][PASSED] - tap(findTestObject("Main/mainCalenderPickerDoneBtn"), 0): Tapped on element 'Object Repository/Main/mainCalenderPickerDoneBtn'

2022-07-14 13:42:21 - [MESSAGE][WARNING] - Timeout '0' is invalid. Using default page load timeout: '40'

2022-07-14 13:42:21 - [MESSAGE][PASSED] - Tapped on element 'Object Repository/Main/mainCalenderPickerDoneBtn'

2022-07-14 13:42:21 - [TEST_STEP][PASSED] - delay(3): Delayed 3 second(s)

2022-07-14 13:42:24 - [MESSAGE][PASSED] - Delayed 3 second(s)

2022-07-14 13:42:24 - [TEST_STEP][PASSED] - verifyElementExist(findTestObject("Banking/duitNowBusinessRegNoInputField", ["proxyPlaceholder":proxyPlaceholder]), 0): Element 'Object Repository/Banking/duitNowBusinessRegNoInputField' is exist

2022-07-14 13:42:25 - [MESSAGE][WARNING] - Timeout '0' is invalid. Using default page load timeout: '40'

2022-07-14 13:42:25 - [MESSAGE][PASSED] - Element 'Object Repository/Banking/duitNowBusinessRegNoInputField' is exist

2022-07-14 13:42:25 - [TEST_STEP][PASSED] - setText(findTestObject("Banking/duitNowBusinessRegNoInputField", ["proxyPlaceholder":proxyPlaceholder]), proxyNumber, 0): Text 'aa9876543a' has been set to element 'Object Repository/Banking/duitNowBusinessRegNoInputField'

2022-07-14 13:42:25 - [MESSAGE][WARNING] - Timeout '0' is invalid. Using default page load timeout: '40'

2022-07-14 13:42:26 - [MESSAGE][PASSED] - Text 'aa9876543a' has been set to element 'Object Repository/Banking/duitNowBusinessRegNoInputField'

2022-07-14 13:42:26 - [TEST_STEP][PASSED] - hideKeyboard(): Keyboard is hidden

2022-07-14 13:42:29 - [MESSAGE][PASSED] - Keyboard is hidden

2022-07-14 13:42:29 - [TEST_STEP][PASSED] - if (proxy == "Passport Number"): null

2022-07-14 13:42:29 - [TEST_STEP][PASSED] - tap(findTestObject("Login Onboarding/loginExistingContinueBtn"), 0): Tapped on element 'Object Repository/Login Onboarding/loginExistingContinueBtn'

2022-07-14 13:42:29 - [MESSAGE][WARNING] - Timeout '0' is invalid. Using default page load timeout: '40'

2022-07-14 13:42:29 - [MESSAGE][PASSED] - Tapped on element 'Object Repository/Login Onboarding/loginExistingContinueBtn'

2022-07-14 13:42:29 - [TEST_STEP][PASSED] - delay(3): Delayed 3 second(s)

2022-07-14 13:42:32 - [MESSAGE][PASSED] - Delayed 3 second(s)

2022-07-14 13:42:32 - [TEST_STEP][PASSED] - verifyElementText(findTestObject("Duit Now/duitNowAmountProxyNumberTxt", ["proxyNumber":proxyNumber]), proxyNumber): Actual text and expected text of test object 'Object Repository/Duit Now/duitNowAmountProxyNumberTxt' are matched.

2022-07-14 13:42:32 - [MESSAGE][PASSED] - Actual text and expected text of test object 'Object Repository/Duit Now/duitNowAmountProxyNumberTxt' are matched.

2022-07-14 13:42:32 - [TEST_STEP][PASSED] - verifyElementText(findTestObject("Duit Now/duitNowAmountReceipientNameTxt", ["recName":recName]), recName): Actual text and expected text of test object 'Object Repository/Duit Now/duitNowAmountReceipientNameTxt' are matched.

2022-07-14 13:42:33 - [MESSAGE][PASSED] - Actual text and expected text of test object 'Object Repository/Duit Now/duitNowAmountReceipientNameTxt' are matched.

2022-07-14 13:42:33 - [TEST_STEP][PASSED] - verifyElementText(findTestObject("Duit Now/duitNowAmountProxyTypeTxt", ["proxyType":proxyType]), proxyType): Actual text and expected text of test object 'Object Repository/Duit Now/duitNowAmountProxyTypeTxt' are matched.

2022-07-14 13:42:33 - [MESSAGE][PASSED] - Actual text and expected text of test object 'Object Repository/Duit Now/duitNowAmountProxyTypeTxt' are matched.

2022-07-14 13:42:33 - [TEST_STEP][PASSED] - verifyElementExist(findTestObject("Duit Now/duitNowAmountCurrencyTypeTxt"), 0): Element 'Object Repository/Duit Now/duitNowAmountCurrencyTypeTxt' is exist

2022-07-14 13:42:33 - [MESSAGE][WARNING] - Timeout '0' is invalid. Using default page load timeout: '40'

2022-07-14 13:42:33 - [MESSAGE][PASSED] - Element 'Object Repository/Duit Now/duitNowAmountCurrencyTypeTxt' is exist

2022-07-14 13:42:33 - [TEST_STEP][PASSED] - verifyElementExist(findTestObject("Duit Now/duitNowAmountEnterAmountTitleTxt"), 0): Element 'Object Repository/Duit Now/duitNowAmountEnterAmountTitleTxt' is exist

2022-07-14 13:42:33 - [MESSAGE][WARNING] - Timeout '0' is invalid. Using default page load timeout: '40'

2022-07-14 13:42:34 - [MESSAGE][PASSED] - Element 'Object Repository/Duit Now/duitNowAmountEnterAmountTitleTxt' is exist

2022-07-14 13:42:34 - [TEST_STEP][PASSED] - verifyElementExist(findTestObject("Duit Now/duitNowAmountInitialValueTxt"), 0): Element 'Object Repository/Duit Now/duitNowAmountInitialValueTxt' is exist

2022-07-14 13:42:34 - [MESSAGE][WARNING] - Timeout '0' is invalid. Using default page load timeout: '40'

2022-07-14 13:42:34 - [MESSAGE][PASSED] - Element 'Object Repository/Duit Now/duitNowAmountInitialValueTxt' is exist

2022-07-14 13:42:34 - [TEST_STEP][PASSED] - tap(findTestObject("Login Onboarding/PIN4"), 0): Tapped on element 'Object Repository/Login Onboarding/PIN4'

2022-07-14 13:42:34 - [MESSAGE][WARNING] - Timeout '0' is invalid. Using default page load timeout: '40'

2022-07-14 13:42:34 - [MESSAGE][PASSED] - Tapped on element 'Object Repository/Login Onboarding/PIN4'

2022-07-14 13:42:34 - [TEST_STEP][PASSED] - delay(5): Delayed 5 second(s)

2022-07-14 13:42:39 - [MESSAGE][PASSED] - Delayed 5 second(s)

2022-07-14 13:42:39 - [TEST_STEP][PASSED] - verifyElementText(findTestObject("Duit Now/duitNowAmountValueTxt", ["value":"0.04"]), "0.04"): Actual text and expected text of test object 'Object Repository/Duit Now/duitNowAmountValueTxt' are matched.

2022-07-14 13:42:39 - [MESSAGE][PASSED] - Actual text and expected text of test object 'Object Repository/Duit Now/duitNowAmountValueTxt' are matched.

2022-07-14 13:42:39 - [TEST_STEP][PASSED] - verifyElementVisible(findTestObject("Login Onboarding/loginPinTickBtn"), 5): Element 'Object Repository/Login Onboarding/loginPinTickBtn' is visible

2022-07-14 13:42:40 - [MESSAGE][PASSED] - Element 'Object Repository/Login Onboarding/loginPinTickBtn' is visible

2022-07-14 13:42:40 - [TEST_STEP][PASSED] - tap(findTestObject("Login Onboarding/loginPinTickBtn"), 0): Tapped on element 'Object Repository/Login Onboarding/loginPinTickBtn'

2022-07-14 13:42:40 - [MESSAGE][WARNING] - Timeout '0' is invalid. Using default page load timeout: '40'

2022-07-14 13:42:40 - [MESSAGE][PASSED] - Tapped on element 'Object Repository/Login Onboarding/loginPinTickBtn'

2022-07-14 13:42:40 - [TEST_STEP][PASSED] - delay(3): Delayed 3 second(s)

2022-07-14 13:42:43 - [MESSAGE][PASSED] - Delayed 3 second(s)

2022-07-14 13:42:43 - [TEST_STEP][PASSED] - verifyElementText(findTestObject("Duit Now/duitNowReferenceProxyNumberTxt", ["proxyNumber":proxyNumber]), proxyNumber): Actual text and expected text of test object 'Object Repository/Duit Now/duitNowReferenceProxyNumberTxt' are matched.

2022-07-14 13:42:43 - [MESSAGE][PASSED] - Actual text and expected text of test object 'Object Repository/Duit Now/duitNowReferenceProxyNumberTxt' are matched.

2022-07-14 13:42:43 - [TEST_STEP][PASSED] - verifyElementText(findTestObject("Duit Now/duitNowReferenceProxyTypeTxt", ["proxyType":proxyType]), proxyType): Actual text and expected text of test object 'Object Repository/Duit Now/duitNowReferenceProxyTypeTxt' are matched.

2022-07-14 13:42:43 - [MESSAGE][PASSED] - Actual text and expected text of test object 'Object Repository/Duit Now/duitNowReferenceProxyTypeTxt' are matched.

2022-07-14 13:42:43 - [TEST_STEP][PASSED] - verifyElementText(findTestObject("Duit Now/duitNowReferenceReceipientNameTxt", ["recName":recName]), recName): Actual text and expected text of test object 'Object Repository/Duit Now/duitNowReferenceReceipientNameTxt' are matched.

2022-07-14 13:42:44 - [MESSAGE][PASSED] - Actual text and expected text of test object 'Object Repository/Duit Now/duitNowReferenceReceipientNameTxt' are matched.

2022-07-14 13:42:44 - [TEST_STEP][PASSED] - verifyElementExist(findTestObject("Duit Now/duitNowReferenceEnterTitleTxt"), 0): Element 'Object Repository/Duit Now/duitNowReferenceEnterTitleTxt' is exist

2022-07-14 13:42:44 - [MESSAGE][WARNING] - Timeout '0' is invalid. Using default page load timeout: '40'

2022-07-14 13:42:44 - [MESSAGE][PASSED] - Element 'Object Repository/Duit Now/duitNowReferenceEnterTitleTxt' is exist

2022-07-14 13:42:44 - [TEST_STEP][PASSED] - setText(findTestObject("Banking/duitNowReferenceInputField"), reference, 0): Text 'DuitNowBRegTransfer' has been set to element 'Object Repository/Banking/duitNowReferenceInputField'

2022-07-14 13:42:44 - [MESSAGE][WARNING] - Timeout '0' is invalid. Using default page load timeout: '40'

2022-07-14 13:42:45 - [MESSAGE][PASSED] - Text 'DuitNowBRegTransfer' has been set to element 'Object Repository/Banking/duitNowReferenceInputField'

2022-07-14 13:42:45 - [TEST_STEP][PASSED] - hideKeyboard(): Keyboard is hidden

2022-07-14 13:42:46 - [MESSAGE][PASSED] - Keyboard is hidden

2022-07-14 13:42:46 - [TEST_STEP][PASSED] - verifyElementText(findTestObject("Duit Now/duitNowReferenceContentTxt", ["reference":reference]), reference): Actual text and expected text of test object 'Object Repository/Duit Now/duitNowReferenceContentTxt' are matched.

2022-07-14 13:42:47 - [MESSAGE][PASSED] - Actual text and expected text of test object 'Object Repository/Duit Now/duitNowReferenceContentTxt' are matched.

2022-07-14 13:42:47 - [TEST_STEP][PASSED] - tap(findTestObject("Login Onboarding/loginExistingContinueBtn"), 0): Tapped on element 'Object Repository/Login Onboarding/loginExistingContinueBtn'

2022-07-14 13:42:47 - [MESSAGE][WARNING] - Timeout '0' is invalid. Using default page load timeout: '40'

2022-07-14 13:42:47 - [MESSAGE][PASSED] - Tapped on element 'Object Repository/Login Onboarding/loginExistingContinueBtn'

2022-07-14 13:42:47 - [TEST_STEP][PASSED] - verifyElementText(findTestObject("Duit Now/duitNowConfirmationReceipientNameTxt", ["recName":recName]), recName): Actual text and expected text of test object 'Object Repository/Duit Now/duitNowConfirmationReceipientNameTxt' are matched.

2022-07-14 13:42:47 - [MESSAGE][PASSED] - Actual text and expected text of test object 'Object Repository/Duit Now/duitNowConfirmationReceipientNameTxt' are matched.

2022-07-14 13:42:47 - [TEST_STEP][PASSED] - verifyElementText(findTestObject("Duit Now/duitNowConfirmationReceipientProxyNumTxt", ["proxyNumber":proxyNumber]), proxyNumber): Actual text and expected text of test object 'Object Repository/Duit Now/duitNowConfirmationReceipientProxyNumTxt' are matched.

2022-07-14 13:42:47 - [MESSAGE][PASSED] - Actual text and expected text of test object 'Object Repository/Duit Now/duitNowConfirmationReceipientProxyNumTxt' are matched.

2022-07-14 13:42:47 - [TEST_STEP][PASSED] - verifyElementText(findTestObject("Duit Now/duitNowConfirmationAmountTxt", ["amount":"RM 0.04"]), "RM 0.04"): Actual text and expected text of test object 'Object Repository/Duit Now/duitNowConfirmationAmountTxt' are matched.

2022-07-14 13:42:50 - [MESSAGE][PASSED] - Actual text and expected text of test object 'Object Repository/Duit Now/duitNowConfirmationAmountTxt' are matched.

2022-07-14 13:42:50 - [TEST_STEP][PASSED] - verifyElementExist(findTestObject("Duit Now/duitNowConfirmationDateTitleTxt"), 0): Element 'Object Repository/Duit Now/duitNowConfirmationDateTitleTxt' is exist

2022-07-14 13:42:50 - [MESSAGE][WARNING] - Timeout '0' is invalid. Using default page load timeout: '40'

2022-07-14 13:42:50 - [MESSAGE][PASSED] - Element 'Object Repository/Duit Now/duitNowConfirmationDateTitleTxt' is exist

2022-07-14 13:42:50 - [TEST_STEP][PASSED] - verifyElementExist(findTestObject("Duit Now/duitNowConfirmationIDTypeTitleTxt"), 0): Element 'Object Repository/Duit Now/duitNowConfirmationIDTypeTitleTxt' is exist

2022-07-14 13:42:50 - [MESSAGE][WARNING] - Timeout '0' is invalid. Using default page load timeout: '40'

2022-07-14 13:42:51 - [MESSAGE][PASSED] - Element 'Object Repository/Duit Now/duitNowConfirmationIDTypeTitleTxt' is exist

2022-07-14 13:42:51 - [TEST_STEP][PASSED] - verifyElementExist(findTestObject("Duit Now/duitNowConfirmationTransferTypeTitleTxt"), 0): Element 'Object Repository/Duit Now/duitNowConfirmationTransferTypeTitleTxt' is exist

2022-07-14 13:42:51 - [MESSAGE][WARNING] - Timeout '0' is invalid. Using default page load timeout: '40'

2022-07-14 13:42:51 - [MESSAGE][PASSED] - Element 'Object Repository/Duit Now/duitNowConfirmationTransferTypeTitleTxt' is exist

2022-07-14 13:42:51 - [TEST_STEP][PASSED] - verifyElementExist(findTestObject("Duit Now/duitNowConfirmationPaymentDetailsTitleTxt"), 0): Element 'Object Repository/Duit Now/duitNowConfirmationPaymentDetailsTitleTxt' is exist

2022-07-14 13:42:51 - [MESSAGE][WARNING] - Timeout '0' is invalid. Using default page load timeout: '40'

2022-07-14 13:42:51 - [MESSAGE][PASSED] - Element 'Object Repository/Duit Now/duitNowConfirmationPaymentDetailsTitleTxt' is exist

2022-07-14 13:42:51 - [TEST_STEP][PASSED] - verifyElementExist(findTestObject("Duit Now/duitNowConfirmationReferenceTitleTxt"), 0): Element 'Object Repository/Duit Now/duitNowConfirmationReferenceTitleTxt' is exist

2022-07-14 13:42:51 - [MESSAGE][WARNING] - Timeout '0' is invalid. Using default page load timeout: '40'

2022-07-14 13:42:52 - [MESSAGE][PASSED] - Element 'Object Repository/Duit Now/duitNowConfirmationReferenceTitleTxt' is exist

2022-07-14 13:42:52 - [TEST_STEP][PASSED] - verifyElementExist(findTestObject("Duit Now/duitNowConfirmationServiceFeeTitleTxt"), 0): Element 'Object Repository/Duit Now/duitNowConfirmationServiceFeeTitleTxt' is exist

2022-07-14 13:42:52 - [MESSAGE][WARNING] - Timeout '0' is invalid. Using default page load timeout: '40'

2022-07-14 13:42:52 - [MESSAGE][PASSED] - Element 'Object Repository/Duit Now/duitNowConfirmationServiceFeeTitleTxt' is exist

2022-07-14 13:42:52 - [TEST_STEP][PASSED] - verifyElementText(findTestObject("Duit Now/duitNowConfirmationIDTypeTxt", ["proxy":proxy]), proxy): Actual text and expected text of test object 'Object Repository/Duit Now/duitNowConfirmationIDTypeTxt' are matched.

2022-07-14 13:42:52 - [MESSAGE][PASSED] - Actual text and expected text of test object 'Object Repository/Duit Now/duitNowConfirmationIDTypeTxt' are matched.

2022-07-14 13:42:52 - [TEST_STEP][PASSED] - verifyElementText(findTestObject("Duit Now/duitNowConfirmationReceiveDateTxt"), "Today"): Actual text and expected text of test object 'Object Repository/Duit Now/duitNowConfirmationReceiveDateTxt' are matched.

2022-07-14 13:42:52 - [MESSAGE][PASSED] - Actual text and expected text of test object 'Object Repository/Duit Now/duitNowConfirmationReceiveDateTxt' are matched.

2022-07-14 13:42:52 - [TEST_STEP][PASSED] - verifyElementText(findTestObject("Duit Now/duitNowConfirmationReferenceTxt", ["reference":reference]), reference): Actual text and expected text of test object 'Object Repository/Duit Now/duitNowConfirmationReferenceTxt' are matched.

2022-07-14 13:42:53 - [MESSAGE][PASSED] - Actual text and expected text of test object 'Object Repository/Duit Now/duitNowConfirmationReferenceTxt' are matched.

2022-07-14 13:42:53 - [TEST_STEP][PASSED] - verifyElementText(findTestObject("Duit Now/duitNowConfirmationServiceFeeAmountTxt"), "RM 0.00"): Actual text and expected text of test object 'Object Repository/Duit Now/duitNowConfirmationServiceFeeAmountTxt' are matched.

2022-07-14 13:42:53 - [MESSAGE][PASSED] - Actual text and expected text of test object 'Object Repository/Duit Now/duitNowConfirmationServiceFeeAmountTxt' are matched.

2022-07-14 13:42:53 - [TEST_STEP][PASSED] - tap(findTestObject("Duit Now/duitNowConfirmationPaymentDetailsGreyWordTxt"), 0): Tapped on element 'Object Repository/Duit Now/duitNowConfirmationPaymentDetailsGreyWordTxt'

2022-07-14 13:42:53 - [MESSAGE][WARNING] - Timeout '0' is invalid. Using default page load timeout: '40'

2022-07-14 13:42:53 - [MESSAGE][PASSED] - Tapped on element 'Object Repository/Duit Now/duitNowConfirmationPaymentDetailsGreyWordTxt'

2022-07-14 13:42:53 - [TEST_STEP][PASSED] - setText(findTestObject("Duit Now/duitNowConfirmationPaymentDetailsGreyWordTxt"), details, 0): Text 'Test B Reg' has been set to element 'Object Repository/Duit Now/duitNowConfirmationPaymentDetailsGreyWordTxt'

2022-07-14 13:42:53 - [MESSAGE][WARNING] - Timeout '0' is invalid. Using default page load timeout: '40'

2022-07-14 13:42:56 - [MESSAGE][PASSED] - Text 'Test B Reg' has been set to element 'Object Repository/Duit Now/duitNowConfirmationPaymentDetailsGreyWordTxt'

2022-07-14 13:42:56 - [TEST_STEP][PASSED] - hideKeyboard(): Keyboard is hidden

2022-07-14 13:42:58 - [MESSAGE][PASSED] - Keyboard is hidden

2022-07-14 13:42:58 - [TEST_STEP][PASSED] - verifyElementText(findTestObject("Duit Now/duitNowConfirmationPaymentDetailsInputtedTxt", ["details":details]), details): Actual text and expected text of test object 'Object Repository/Duit Now/duitNowConfirmationPaymentDetailsInputtedTxt' are matched.

2022-07-14 13:42:59 - [MESSAGE][PASSED] - Actual text and expected text of test object 'Object Repository/Duit Now/duitNowConfirmationPaymentDetailsInputtedTxt' are matched.

2022-07-14 13:42:59 - [TEST_STEP][PASSED] - device_Height_2 = getDeviceHeight(): Current device physical height is 2167

2022-07-14 13:42:59 - [MESSAGE][PASSED] - Current device physical height is 2167

2022-07-14 13:42:59 - [TEST_STEP][PASSED] - device_Width_2 = getDeviceWidth(): Current device physical width is 1080

2022-07-14 13:42:59 - [MESSAGE][PASSED] - Current device physical width is 1080

2022-07-14 13:42:59 - [TEST_STEP][PASSED] - startX_2 = device_Width_2 / 2: null

2022-07-14 13:42:59 - [TEST_STEP][PASSED] - endX_2 = startX_2: null

2022-07-14 13:42:59 - [TEST_STEP][PASSED] - startY_2 = device_Height_2 * 0.30: null

2022-07-14 13:42:59 - [TEST_STEP][PASSED] - endY_2 = device_Height_2 * 0.70: null

2022-07-14 13:42:59 - [TEST_STEP][PASSED] - swipe(startX_2, endY_2, endX_2, startY_2): Swiped from 540,1,516 to 540,650

2022-07-14 13:43:00 - [MESSAGE][PASSED] - Swiped from 540,1,516 to 540,650

2022-07-14 13:43:00 - [TEST_STEP][PASSED] - verifyElementExist(findTestObject("Transfer/transferConfirmationFTransferFromTitleTxt"), 0): Element 'Object Repository/Transfer/transferConfirmationFTransferFromTitleTxt' is exist

2022-07-14 13:43:00 - [MESSAGE][WARNING] - Timeout '0' is invalid. Using default page load timeout: '40'

2022-07-14 13:43:00 - [MESSAGE][PASSED] - Element 'Object Repository/Transfer/transferConfirmationFTransferFromTitleTxt' is exist

2022-07-14 13:43:00 - [TEST_STEP][PASSED] - verifyElementExist(findTestObject("Duit Now/duitNowConfirmationNoteTitleTxt"), 0): Element 'Object Repository/Duit Now/duitNowConfirmationNoteTitleTxt' is exist

2022-07-14 13:43:00 - [MESSAGE][WARNING] - Timeout '0' is invalid. Using default page load timeout: '40'

2022-07-14 13:43:01 - [MESSAGE][PASSED] - Element 'Object Repository/Duit Now/duitNowConfirmationNoteTitleTxt' is exist

2022-07-14 13:43:01 - [TEST_STEP][PASSED] - verifyElementExist(findTestObject("Duit Now/duitNowConfirmationDeclarationTitleTxt"), 0): Element 'Object Repository/Duit Now/duitNowConfirmationDeclarationTitleTxt' is exist

2022-07-14 13:43:01 - [MESSAGE][WARNING] - Timeout '0' is invalid. Using default page load timeout: '40'

2022-07-14 13:43:01 - [MESSAGE][PASSED] - Element 'Object Repository/Duit Now/duitNowConfirmationDeclarationTitleTxt' is exist

2022-07-14 13:43:01 - [TEST_STEP][PASSED] - verifyElementExist(findTestObject("Duit Now/duitNowConfirmationTnCTitleTxt"), 0): Element 'Object Repository/Duit Now/duitNowConfirmationTnCTitleTxt' is exist

2022-07-14 13:43:01 - [MESSAGE][WARNING] - Timeout '0' is invalid. Using default page load timeout: '40'

2022-07-14 13:43:01 - [MESSAGE][PASSED] - Element 'Object Repository/Duit Now/duitNowConfirmationTnCTitleTxt' is exist

2022-07-14 13:43:01 - [TEST_STEP][PASSED] - verifyElementExist(findTestObject("Duit Now/duitNowConfirmationNoteContentTxt"), 0): Element 'Object Repository/Duit Now/duitNowConfirmationNoteContentTxt' is exist

2022-07-14 13:43:01 - [MESSAGE][WARNING] - Timeout '0' is invalid. Using default page load timeout: '40'

2022-07-14 13:43:02 - [MESSAGE][PASSED] - Element 'Object Repository/Duit Now/duitNowConfirmationNoteContentTxt' is exist

2022-07-14 13:43:02 - [TEST_STEP][PASSED] - verifyElementExist(findTestObject("Duit Now/duitNowConfirmationDeclarationContentTxt"), 0): Element 'Object Repository/Duit Now/duitNowConfirmationDeclarationContentTxt' is exist

2022-07-14 13:43:02 - [MESSAGE][WARNING] - Timeout '0' is invalid. Using default page load timeout: '40'

2022-07-14 13:43:02 - [MESSAGE][PASSED] - Element 'Object Repository/Duit Now/duitNowConfirmationDeclarationContentTxt' is exist

2022-07-14 13:43:02 - [TEST_STEP][PASSED] - verifyElementText(findTestObject("Transfer/transferConfirmationFromAccTypeTxt", ["accType":accType]), accType): Actual text and expected text of test object 'Object Repository/Transfer/transferConfirmationFromAccTypeTxt' are matched.

2022-07-14 13:43:03 - [MESSAGE][PASSED] - Actual text and expected text of test object 'Object Repository/Transfer/transferConfirmationFromAccTypeTxt' are matched.

2022-07-14 13:43:03 - [TEST_STEP][PASSED] - verifyElementText(findTestObject("Transfer/transferConfirmationFromAccNoTxt", ["accNoFrom":accNoFrom]), accNoFrom): Actual text and expected text of test object 'Object Repository/Transfer/transferConfirmationFromAccNoTxt' are matched.

2022-07-14 13:43:03 - [MESSAGE][PASSED] - Actual text and expected text of test object 'Object Repository/Transfer/transferConfirmationFromAccNoTxt' are matched.

2022-07-14 13:43:03 - [TEST_STEP][PASSED] - verifyElementExist(findTestObject("Transfer/transferConfirmationFromAccBalanceTxt"), 0): Element 'Object Repository/Transfer/transferConfirmationFromAccBalanceTxt' is exist

2022-07-14 13:43:03 - [MESSAGE][WARNING] - Timeout '0' is invalid. Using default page load timeout: '40'

2022-07-14 13:43:03 - [MESSAGE][PASSED] - Element 'Object Repository/Transfer/transferConfirmationFromAccBalanceTxt' is exist

2022-07-14 13:43:03 - [TEST_STEP][PASSED] - accountBalance = getText(findTestObject("Transfer/transferConfirmationFromAccBalanceTxt"), 0): Text of element 'Object Repository/Transfer/transferConfirmationFromAccBalanceTxt' is: 'RM 4,699.76'

2022-07-14 13:43:03 - [MESSAGE][WARNING] - Timeout '0' is invalid. Using default page load timeout: '40'

2022-07-14 13:43:03 - [MESSAGE][PASSED] - Text of element 'Object Repository/Transfer/transferConfirmationFromAccBalanceTxt' is: 'RM 4,699.76'

2022-07-14 13:43:03 - [TEST_STEP][PASSED] - println(accountBalance): null

2022-07-14 13:43:03 - [TEST_STEP][PASSED] - tap(findTestObject("Main/mainTransferNowBtn"), 0): Tapped on element 'Object Repository/Main/mainTransferNowBtn'

2022-07-14 13:43:03 - [MESSAGE][WARNING] - Timeout '0' is invalid. Using default page load timeout: '40'

2022-07-14 13:43:04 - [MESSAGE][PASSED] - Tapped on element 'Object Repository/Main/mainTransferNowBtn'

2022-07-14 13:43:04 - [TEST_STEP][PASSED] - if (verifyElementVisible(findTestObject("Festive Season/festiveReturnAngpaoTACNoTxt"), 10, OPTIONAL)): Element 'Object Repository/Festive Season/festiveReturnAngpaoTACNoTxt' not found

2022-07-14 13:43:14 - [MESSAGE][WARNING] - Element 'Object Repository/Festive Season/festiveReturnAngpaoTACNoTxt' not found

2022-07-14 13:43:14 - [TEST_STEP][PASSED] - else: Tapped on element 'Object Repository/Main/mainS2UApproveBtn'

2022-07-14 13:43:14 - [TEST_STEP][PASSED] - delay(5): Delayed 5 second(s)

2022-07-14 13:43:19 - [MESSAGE][PASSED] - Delayed 5 second(s)

2022-07-14 13:43:19 - [TEST_STEP][PASSED] - verifyElementVisible(findTestObject("Main/mainS2UApproveBtn"), 10): Element 'Object Repository/Main/mainS2UApproveBtn' is visible

2022-07-14 13:43:19 - [MESSAGE][PASSED] - Element 'Object Repository/Main/mainS2UApproveBtn' is visible

2022-07-14 13:43:19 - [TEST_STEP][PASSED] - tap(findTestObject("Main/mainS2UApproveBtn"), 0): Tapped on element 'Object Repository/Main/mainS2UApproveBtn'

2022-07-14 13:43:19 - [MESSAGE][WARNING] - Timeout '0' is invalid. Using default page load timeout: '40'

2022-07-14 13:43:19 - [MESSAGE][PASSED] - Tapped on element 'Object Repository/Main/mainS2UApproveBtn'

2022-07-14 13:43:19 - [TEST_STEP][PASSED] - delay(10): Delayed 10 second(s)

2022-07-14 13:43:29 - [MESSAGE][PASSED] - Delayed 10 second(s)

2022-07-14 13:43:29 - [TEST_STEP][PASSED] - verifyElementExist(findTestObject("Festive Season/returnAngpaoStatusMessageTxt"), 0): Element 'Object Repository/Festive Season/returnAngpaoStatusMessageTxt' is exist

2022-07-14 13:43:29 - [MESSAGE][WARNING] - Timeout '0' is invalid. Using default page load timeout: '40'

2022-07-14 13:43:34 - [MESSAGE][PASSED] - Element 'Object Repository/Festive Season/returnAngpaoStatusMessageTxt' is exist

2022-07-14 13:43:34 - [TEST_STEP][PASSED] - message = getText(findTestObject("Festive Season/returnAngpaoStatusMessageTxt"), 10): Text of element 'Object Repository/Festive Season/returnAngpaoStatusMessageTxt' is: 'Transfer accepted'

2022-07-14 13:43:35 - [MESSAGE][PASSED] - Text of element 'Object Repository/Festive Season/returnAngpaoStatusMessageTxt' is: 'Transfer accepted'

2022-07-14 13:43:35 - [TEST_STEP][PASSED] - println(message): null

2022-07-14 13:43:35 - [TEST_STEP][FAILED] - assert message == successTransactionMessage: Test Cases/DuitNow/duitNow_businessRegNumberTransaction FAILED.
Reason:
Assertion failed: 

assert message == successTransactionMessage
       |       |  |
       |       |  Transfer successful
       |       false
       Transfer accepted

	at duitNow_businessRegNumberTransaction.run(duitNow_businessRegNumberTransaction:315)
	at com.kms.katalon.core.main.ScriptEngine.run(ScriptEngine.java:194)
	at com.kms.katalon.core.main.ScriptEngine.runScriptAsRawText(ScriptEngine.java:119)
	at com.kms.katalon.core.main.TestCaseExecutor.runScript(TestCaseExecutor.java:445)
	at com.kms.katalon.core.main.TestCaseExecutor.doExecute(TestCaseExecutor.java:436)
	at com.kms.katalon.core.main.TestCaseExecutor.processExecutionPhase(TestCaseExecutor.java:415)
	at com.kms.katalon.core.main.TestCaseExecutor.accessMainPhase(TestCaseExecutor.java:407)
	at com.kms.katalon.core.main.TestCaseExecutor.execute(TestCaseExecutor.java:284)
	at com.kms.katalon.core.common.CommonExecutor.accessTestCaseMainPhase(CommonExecutor.java:65)
	at com.kms.katalon.core.main.TestSuiteExecutor.accessTestSuiteMainPhase(TestSuiteExecutor.java:144)
	at com.kms.katalon.core.main.TestSuiteExecutor.execute(TestSuiteExecutor.java:106)
	at com.kms.katalon.core.main.TestCaseMain.startTestSuite(TestCaseMain.java:185)
	at com.kms.katalon.core.main.TestCaseMain$startTestSuite$0.call(Unknown Source)
	at TempTestSuite1657775490909.run(TempTestSuite1657775490909.groovy:36)


2022-07-14 13:43:35 - [MESSAGE][FAILED] - Test Cases/DuitNow/duitNow_businessRegNumberTransaction FAILED.
Reason:
Assertion failed: 

assert message == successTransactionMessage
       |       |  |
       |       |  Transfer successful
       |       false
       Transfer accepted

	at duitNow_businessRegNumberTransaction.run(duitNow_businessRegNumberTransaction:315)
	at com.kms.katalon.core.main.ScriptEngine.run(ScriptEngine.java:194)
	at com.kms.katalon.core.main.ScriptEngine.runScriptAsRawText(ScriptEngine.java:119)
	at com.kms.katalon.core.main.TestCaseExecutor.runScript(TestCaseExecutor.java:445)
	at com.kms.katalon.core.main.TestCaseExecutor.doExecute(TestCaseExecutor.java:436)
	at com.kms.katalon.core.main.TestCaseExecutor.processExecutionPhase(TestCaseExecutor.java:415)
	at com.kms.katalon.core.main.TestCaseExecutor.accessMainPhase(TestCaseExecutor.java:407)
	at com.kms.katalon.core.main.TestCaseExecutor.execute(TestCaseExecutor.java:284)
	at com.kms.katalon.core.common.CommonExecutor.accessTestCaseMainPhase(CommonExecutor.java:65)
	at com.kms.katalon.core.main.TestSuiteExecutor.accessTestSuiteMainPhase(TestSuiteExecutor.java:144)
	at com.kms.katalon.core.main.TestSuiteExecutor.execute(TestSuiteExecutor.java:106)
	at com.kms.katalon.core.main.TestCaseMain.startTestSuite(TestCaseMain.java:185)
	at com.kms.katalon.core.main.TestCaseMain$startTestSuite$0.call(Unknown Source)
	at TempTestSuite1657775490909.run(TempTestSuite1657775490909.groovy:36)]]></system-out>
         <system-err><![CDATA[2022-07-14 13:40:25 - [TEST_CASE][FAILED] - Test Cases/DuitNow/duitNow_businessRegNumberTransaction: Test Cases/DuitNow/duitNow_businessRegNumberTransaction FAILED.
Reason:
Assertion failed: 

assert message == successTransactionMessage
       |       |  |
       |       |  Transfer successful
       |       false
       Transfer accepted

	at duitNow_businessRegNumberTransaction.run(duitNow_businessRegNumberTransaction:315)
	at com.kms.katalon.core.main.ScriptEngine.run(ScriptEngine.java:194)
	at com.kms.katalon.core.main.ScriptEngine.runScriptAsRawText(ScriptEngine.java:119)
	at com.kms.katalon.core.main.TestCaseExecutor.runScript(TestCaseExecutor.java:445)
	at com.kms.katalon.core.main.TestCaseExecutor.doExecute(TestCaseExecutor.java:436)
	at com.kms.katalon.core.main.TestCaseExecutor.processExecutionPhase(TestCaseExecutor.java:415)
	at com.kms.katalon.core.main.TestCaseExecutor.accessMainPhase(TestCaseExecutor.java:407)
	at com.kms.katalon.core.main.TestCaseExecutor.execute(TestCaseExecutor.java:284)
	at com.kms.katalon.core.common.CommonExecutor.accessTestCaseMainPhase(CommonExecutor.java:65)
	at com.kms.katalon.core.main.TestSuiteExecutor.accessTestSuiteMainPhase(TestSuiteExecutor.java:144)
	at com.kms.katalon.core.main.TestSuiteExecutor.execute(TestSuiteExecutor.java:106)
	at com.kms.katalon.core.main.TestCaseMain.startTestSuite(TestCaseMain.java:185)
	at com.kms.katalon.core.main.TestCaseMain$startTestSuite$0.call(Unknown Source)
	at TempTestSuite1657775490909.run(TempTestSuite1657775490909.groovy:36)]]></system-err>
      </testcase>
      <testcase name="Test Cases/DuitNow/duitNow_recurringTransferTransaction" time="182.366" classname="Test Cases/DuitNow/duitNow_recurringTransferTransaction" status="PASSED">
         <system-out><![CDATA[2022-07-14 13:43:35 - [TEST_CASE][PASSED] - Test Cases/DuitNow/duitNow_recurringTransferTransaction: Test Cases/DuitNow/duitNow_recurringTransferTransaction

2022-07-14 13:43:35 - [TEST_STEP][PASSED] - delay(3): Delayed 3 second(s)

2022-07-14 13:43:38 - [MESSAGE][PASSED] - Delayed 3 second(s)

2022-07-14 13:43:38 - [TEST_STEP][PASSED] - tap(findTestObject("Banking/m2uAccountTransferIconSelect"), 0): Tapped on element 'Object Repository/Banking/m2uAccountTransferIconSelect'

2022-07-14 13:43:38 - [MESSAGE][WARNING] - Timeout '0' is invalid. Using default page load timeout: '40'

2022-07-14 13:43:50 - [MESSAGE][PASSED] - Tapped on element 'Object Repository/Banking/m2uAccountTransferIconSelect'

2022-07-14 13:43:50 - [TEST_STEP][PASSED] - tap(findTestObject("Banking/transferDuitNowTopMenuSelect"), 10): Tapped on element 'Object Repository/Banking/transferDuitNowTopMenuSelect'

2022-07-14 13:44:51 - [MESSAGE][PASSED] - Tapped on element 'Object Repository/Banking/transferDuitNowTopMenuSelect'

2022-07-14 13:44:51 - [TEST_STEP][PASSED] - tap(findTestObject("Banking/duitNowOtherIconSelect"), 10): Tapped on element 'Object Repository/Banking/duitNowOtherIconSelect'

2022-07-14 13:45:44 - [MESSAGE][PASSED] - Tapped on element 'Object Repository/Banking/duitNowOtherIconSelect'

2022-07-14 13:45:44 - [TEST_STEP][PASSED] - setText(findTestObject("Banking/duitNowMobileInputField"), "01122334455", 0): Text '01122334455' has been set to element 'Object Repository/Banking/duitNowMobileInputField'

2022-07-14 13:45:44 - [MESSAGE][WARNING] - Timeout '0' is invalid. Using default page load timeout: '40'

2022-07-14 13:45:44 - [MESSAGE][PASSED] - Text '01122334455' has been set to element 'Object Repository/Banking/duitNowMobileInputField'

2022-07-14 13:45:44 - [TEST_STEP][PASSED] - hideKeyboard(): Keyboard is hidden

2022-07-14 13:45:46 - [MESSAGE][PASSED] - Keyboard is hidden

2022-07-14 13:45:46 - [TEST_STEP][PASSED] - tap(findTestObject("Login Onboarding/loginExistingContinueBtn"), 0): Tapped on element 'Object Repository/Login Onboarding/loginExistingContinueBtn'

2022-07-14 13:45:46 - [MESSAGE][WARNING] - Timeout '0' is invalid. Using default page load timeout: '40'

2022-07-14 13:45:46 - [MESSAGE][PASSED] - Tapped on element 'Object Repository/Login Onboarding/loginExistingContinueBtn'

2022-07-14 13:45:46 - [TEST_STEP][PASSED] - tap(findTestObject("Login Onboarding/PIN4"), 0): Tapped on element 'Object Repository/Login Onboarding/PIN4'

2022-07-14 13:45:46 - [MESSAGE][WARNING] - Timeout '0' is invalid. Using default page load timeout: '40'

2022-07-14 13:45:49 - [MESSAGE][PASSED] - Tapped on element 'Object Repository/Login Onboarding/PIN4'

2022-07-14 13:45:49 - [TEST_STEP][PASSED] - delay(2): Delayed 2 second(s)

2022-07-14 13:45:51 - [MESSAGE][PASSED] - Delayed 2 second(s)

2022-07-14 13:45:51 - [TEST_STEP][PASSED] - tap(findTestObject("Login Onboarding/loginPinTickBtn"), 0): Tapped on element 'Object Repository/Login Onboarding/loginPinTickBtn'

2022-07-14 13:45:51 - [MESSAGE][WARNING] - Timeout '0' is invalid. Using default page load timeout: '40'

2022-07-14 13:45:51 - [MESSAGE][PASSED] - Tapped on element 'Object Repository/Login Onboarding/loginPinTickBtn'

2022-07-14 13:45:51 - [TEST_STEP][PASSED] - setText(findTestObject("Banking/duitNowReferenceInputField"), "DuitTransferTranser", 0): Text 'DuitTransferTranser' has been set to element 'Object Repository/Banking/duitNowReferenceInputField'

2022-07-14 13:45:51 - [MESSAGE][WARNING] - Timeout '0' is invalid. Using default page load timeout: '40'

2022-07-14 13:45:54 - [MESSAGE][PASSED] - Text 'DuitTransferTranser' has been set to element 'Object Repository/Banking/duitNowReferenceInputField'

2022-07-14 13:45:54 - [TEST_STEP][PASSED] - hideKeyboard(): Keyboard is hidden

2022-07-14 13:45:56 - [MESSAGE][PASSED] - Keyboard is hidden

2022-07-14 13:45:56 - [TEST_STEP][PASSED] - tap(findTestObject("Login Onboarding/loginExistingContinueBtn"), 0): Tapped on element 'Object Repository/Login Onboarding/loginExistingContinueBtn'

2022-07-14 13:45:56 - [MESSAGE][WARNING] - Timeout '0' is invalid. Using default page load timeout: '40'

2022-07-14 13:45:56 - [MESSAGE][PASSED] - Tapped on element 'Object Repository/Login Onboarding/loginExistingContinueBtn'

2022-07-14 13:45:56 - [TEST_STEP][PASSED] - tap(findTestObject("Banking/duitNowSummaryOneOffTxt"), 0): Tapped on element 'Object Repository/Banking/duitNowSummaryOneOffTxt'

2022-07-14 13:45:56 - [MESSAGE][WARNING] - Timeout '0' is invalid. Using default page load timeout: '40'

2022-07-14 13:46:00 - [MESSAGE][PASSED] - Tapped on element 'Object Repository/Banking/duitNowSummaryOneOffTxt'

2022-07-14 13:46:00 - [TEST_STEP][PASSED] - tap(findTestObject("Banking/duitNowRecurringDropdownSelection"), 0): Tapped on element 'Object Repository/Banking/duitNowRecurringDropdownSelection'

2022-07-14 13:46:00 - [MESSAGE][WARNING] - Timeout '0' is invalid. Using default page load timeout: '40'

2022-07-14 13:46:01 - [MESSAGE][PASSED] - Tapped on element 'Object Repository/Banking/duitNowRecurringDropdownSelection'

2022-07-14 13:46:01 - [TEST_STEP][PASSED] - tap(findTestObject("Main/mainCalenderPickerDoneBtn"), 0): Tapped on element 'Object Repository/Main/mainCalenderPickerDoneBtn'

2022-07-14 13:46:01 - [MESSAGE][WARNING] - Timeout '0' is invalid. Using default page load timeout: '40'

2022-07-14 13:46:02 - [MESSAGE][PASSED] - Tapped on element 'Object Repository/Main/mainCalenderPickerDoneBtn'

2022-07-14 13:46:02 - [TEST_STEP][PASSED] - delay(2): Delayed 2 second(s)

2022-07-14 13:46:04 - [MESSAGE][PASSED] - Delayed 2 second(s)

2022-07-14 13:46:04 - [TEST_STEP][PASSED] - tap(findTestObject("Main/mainTransferNowBtn"), 0): Tapped on element 'Object Repository/Main/mainTransferNowBtn'

2022-07-14 13:46:04 - [MESSAGE][WARNING] - Timeout '0' is invalid. Using default page load timeout: '40'

2022-07-14 13:46:04 - [MESSAGE][PASSED] - Tapped on element 'Object Repository/Main/mainTransferNowBtn'

2022-07-14 13:46:04 - [TEST_STEP][PASSED] - delay(2): Delayed 2 second(s)

2022-07-14 13:46:06 - [MESSAGE][PASSED] - Delayed 2 second(s)

2022-07-14 13:46:06 - [TEST_STEP][PASSED] - if (verifyElementVisible(findTestObject("Main/mainTACNumberTxt"), 10, OPTIONAL)): null

2022-07-14 13:46:08 - [MESSAGE][PASSED] - Element 'Object Repository/Main/mainTACNumberTxt' is visible

2022-07-14 13:46:08 - [TEST_STEP][PASSED] - OTP1 = getText(findTestObject("Transfer/duitNowTACNumber"), 0): Text of element 'Object Repository/Transfer/duitNowTACNumber' is: 'Your TAC no. is 966738'

2022-07-14 13:46:08 - [MESSAGE][WARNING] - Timeout '0' is invalid. Using default page load timeout: '40'

2022-07-14 13:46:09 - [MESSAGE][PASSED] - Text of element 'Object Repository/Transfer/duitNowTACNumber' is: 'Your TAC no. is 966738'

2022-07-14 13:46:09 - [TEST_STEP][PASSED] - for ([i = 16, i <= 21, (i++)]): null

2022-07-14 13:46:09 - [TEST_STEP][PASSED] - if (OTP1[i] == "0"): null

2022-07-14 13:46:09 - [TEST_STEP][PASSED] - if (OTP1[i] == "1"): null

2022-07-14 13:46:09 - [TEST_STEP][PASSED] - if (OTP1[i] == "2"): null

2022-07-14 13:46:09 - [TEST_STEP][PASSED] - if (OTP1[i] == "3"): null

2022-07-14 13:46:09 - [TEST_STEP][PASSED] - if (OTP1[i] == "4"): null

2022-07-14 13:46:09 - [TEST_STEP][PASSED] - if (OTP1[i] == "5"): null

2022-07-14 13:46:09 - [TEST_STEP][PASSED] - if (OTP1[i] == "6"): null

2022-07-14 13:46:09 - [TEST_STEP][PASSED] - if (OTP1[i] == "7"): null

2022-07-14 13:46:09 - [TEST_STEP][PASSED] - if (OTP1[i] == "8"): null

2022-07-14 13:46:09 - [TEST_STEP][PASSED] - if (OTP1[i] == "9"): Tapped on element 'Object Repository/Login Onboarding/PIN9'

2022-07-14 13:46:09 - [TEST_STEP][PASSED] - tap(findTestObject("Login Onboarding/PIN9"), 0): Tapped on element 'Object Repository/Login Onboarding/PIN9'

2022-07-14 13:46:09 - [MESSAGE][WARNING] - Timeout '0' is invalid. Using default page load timeout: '40'

2022-07-14 13:46:09 - [MESSAGE][PASSED] - Tapped on element 'Object Repository/Login Onboarding/PIN9'

2022-07-14 13:46:09 - [TEST_STEP][PASSED] - if (OTP1[i] == "0"): null

2022-07-14 13:46:09 - [TEST_STEP][PASSED] - if (OTP1[i] == "1"): null

2022-07-14 13:46:09 - [TEST_STEP][PASSED] - if (OTP1[i] == "2"): null

2022-07-14 13:46:09 - [TEST_STEP][PASSED] - if (OTP1[i] == "3"): null

2022-07-14 13:46:09 - [TEST_STEP][PASSED] - if (OTP1[i] == "4"): null

2022-07-14 13:46:09 - [TEST_STEP][PASSED] - if (OTP1[i] == "5"): null

2022-07-14 13:46:09 - [TEST_STEP][PASSED] - if (OTP1[i] == "6"): Tapped on element 'Object Repository/Login Onboarding/PIN6'

2022-07-14 13:46:09 - [TEST_STEP][PASSED] - tap(findTestObject("Login Onboarding/PIN6"), 0): Tapped on element 'Object Repository/Login Onboarding/PIN6'

2022-07-14 13:46:09 - [MESSAGE][WARNING] - Timeout '0' is invalid. Using default page load timeout: '40'

2022-07-14 13:46:11 - [MESSAGE][PASSED] - Tapped on element 'Object Repository/Login Onboarding/PIN6'

2022-07-14 13:46:11 - [TEST_STEP][PASSED] - if (OTP1[i] == "7"): null

2022-07-14 13:46:11 - [TEST_STEP][PASSED] - if (OTP1[i] == "8"): null

2022-07-14 13:46:11 - [TEST_STEP][PASSED] - if (OTP1[i] == "9"): null

2022-07-14 13:46:11 - [TEST_STEP][PASSED] - if (OTP1[i] == "0"): null

2022-07-14 13:46:11 - [TEST_STEP][PASSED] - if (OTP1[i] == "1"): null

2022-07-14 13:46:11 - [TEST_STEP][PASSED] - if (OTP1[i] == "2"): null

2022-07-14 13:46:11 - [TEST_STEP][PASSED] - if (OTP1[i] == "3"): null

2022-07-14 13:46:11 - [TEST_STEP][PASSED] - if (OTP1[i] == "4"): null

2022-07-14 13:46:11 - [TEST_STEP][PASSED] - if (OTP1[i] == "5"): null

2022-07-14 13:46:11 - [TEST_STEP][PASSED] - if (OTP1[i] == "6"): Tapped on element 'Object Repository/Login Onboarding/PIN6'

2022-07-14 13:46:11 - [TEST_STEP][PASSED] - tap(findTestObject("Login Onboarding/PIN6"), 0): Tapped on element 'Object Repository/Login Onboarding/PIN6'

2022-07-14 13:46:11 - [MESSAGE][WARNING] - Timeout '0' is invalid. Using default page load timeout: '40'

2022-07-14 13:46:13 - [MESSAGE][PASSED] - Tapped on element 'Object Repository/Login Onboarding/PIN6'

2022-07-14 13:46:13 - [TEST_STEP][PASSED] - if (OTP1[i] == "7"): null

2022-07-14 13:46:13 - [TEST_STEP][PASSED] - if (OTP1[i] == "8"): null

2022-07-14 13:46:13 - [TEST_STEP][PASSED] - if (OTP1[i] == "9"): null

2022-07-14 13:46:13 - [TEST_STEP][PASSED] - if (OTP1[i] == "0"): null

2022-07-14 13:46:13 - [TEST_STEP][PASSED] - if (OTP1[i] == "1"): null

2022-07-14 13:46:13 - [TEST_STEP][PASSED] - if (OTP1[i] == "2"): null

2022-07-14 13:46:13 - [TEST_STEP][PASSED] - if (OTP1[i] == "3"): null

2022-07-14 13:46:13 - [TEST_STEP][PASSED] - if (OTP1[i] == "4"): null

2022-07-14 13:46:13 - [TEST_STEP][PASSED] - if (OTP1[i] == "5"): null

2022-07-14 13:46:13 - [TEST_STEP][PASSED] - if (OTP1[i] == "6"): null

2022-07-14 13:46:13 - [TEST_STEP][PASSED] - if (OTP1[i] == "7"): Tapped on element 'Object Repository/Login Onboarding/PIN7'

2022-07-14 13:46:13 - [TEST_STEP][PASSED] - tap(findTestObject("Login Onboarding/PIN7"), 0): Tapped on element 'Object Repository/Login Onboarding/PIN7'

2022-07-14 13:46:13 - [MESSAGE][WARNING] - Timeout '0' is invalid. Using default page load timeout: '40'

2022-07-14 13:46:15 - [MESSAGE][PASSED] - Tapped on element 'Object Repository/Login Onboarding/PIN7'

2022-07-14 13:46:15 - [TEST_STEP][PASSED] - if (OTP1[i] == "8"): null

2022-07-14 13:46:15 - [TEST_STEP][PASSED] - if (OTP1[i] == "9"): null

2022-07-14 13:46:15 - [TEST_STEP][PASSED] - if (OTP1[i] == "0"): null

2022-07-14 13:46:15 - [TEST_STEP][PASSED] - if (OTP1[i] == "1"): null

2022-07-14 13:46:15 - [TEST_STEP][PASSED] - if (OTP1[i] == "2"): null

2022-07-14 13:46:15 - [TEST_STEP][PASSED] - if (OTP1[i] == "3"): Tapped on element 'Object Repository/Login Onboarding/PIN3'

2022-07-14 13:46:15 - [TEST_STEP][PASSED] - tap(findTestObject("Login Onboarding/PIN3"), 0): Tapped on element 'Object Repository/Login Onboarding/PIN3'

2022-07-14 13:46:15 - [MESSAGE][WARNING] - Timeout '0' is invalid. Using default page load timeout: '40'

2022-07-14 13:46:17 - [MESSAGE][PASSED] - Tapped on element 'Object Repository/Login Onboarding/PIN3'

2022-07-14 13:46:17 - [TEST_STEP][PASSED] - if (OTP1[i] == "4"): null

2022-07-14 13:46:17 - [TEST_STEP][PASSED] - if (OTP1[i] == "5"): null

2022-07-14 13:46:17 - [TEST_STEP][PASSED] - if (OTP1[i] == "6"): null

2022-07-14 13:46:17 - [TEST_STEP][PASSED] - if (OTP1[i] == "7"): null

2022-07-14 13:46:17 - [TEST_STEP][PASSED] - if (OTP1[i] == "8"): null

2022-07-14 13:46:17 - [TEST_STEP][PASSED] - if (OTP1[i] == "9"): null

2022-07-14 13:46:17 - [TEST_STEP][PASSED] - if (OTP1[i] == "0"): null

2022-07-14 13:46:17 - [TEST_STEP][PASSED] - if (OTP1[i] == "1"): null

2022-07-14 13:46:17 - [TEST_STEP][PASSED] - if (OTP1[i] == "2"): null

2022-07-14 13:46:17 - [TEST_STEP][PASSED] - if (OTP1[i] == "3"): null

2022-07-14 13:46:17 - [TEST_STEP][PASSED] - if (OTP1[i] == "4"): null

2022-07-14 13:46:17 - [TEST_STEP][PASSED] - if (OTP1[i] == "5"): null

2022-07-14 13:46:17 - [TEST_STEP][PASSED] - if (OTP1[i] == "6"): null

2022-07-14 13:46:17 - [TEST_STEP][PASSED] - if (OTP1[i] == "7"): null

2022-07-14 13:46:17 - [TEST_STEP][PASSED] - if (OTP1[i] == "8"): Tapped on element 'Object Repository/Login Onboarding/PIN8'

2022-07-14 13:46:17 - [TEST_STEP][PASSED] - tap(findTestObject("Login Onboarding/PIN8"), 0): Tapped on element 'Object Repository/Login Onboarding/PIN8'

2022-07-14 13:46:17 - [MESSAGE][WARNING] - Timeout '0' is invalid. Using default page load timeout: '40'

2022-07-14 13:46:19 - [MESSAGE][PASSED] - Tapped on element 'Object Repository/Login Onboarding/PIN8'

2022-07-14 13:46:19 - [TEST_STEP][PASSED] - if (OTP1[i] == "9"): null

2022-07-14 13:46:19 - [TEST_STEP][PASSED] - delay(3): Delayed 3 second(s)

2022-07-14 13:46:22 - [MESSAGE][PASSED] - Delayed 3 second(s)

2022-07-14 13:46:22 - [TEST_STEP][PASSED] - tap(findTestObject("Festive Season/festiveSendGreetingAngpaoTACTickBtn"), 0): Tapped on element 'Object Repository/Festive Season/festiveSendGreetingAngpaoTACTickBtn'

2022-07-14 13:46:22 - [MESSAGE][WARNING] - Timeout '0' is invalid. Using default page load timeout: '40'

2022-07-14 13:46:22 - [MESSAGE][PASSED] - Tapped on element 'Object Repository/Festive Season/festiveSendGreetingAngpaoTACTickBtn'

2022-07-14 13:46:22 - [TEST_STEP][PASSED] - delay(5): Delayed 5 second(s)

2022-07-14 13:46:27 - [MESSAGE][PASSED] - Delayed 5 second(s)

2022-07-14 13:46:27 - [TEST_STEP][PASSED] - delay(3): Delayed 3 second(s)

2022-07-14 13:46:30 - [MESSAGE][PASSED] - Delayed 3 second(s)

2022-07-14 13:46:30 - [TEST_STEP][PASSED] - takeScreenshot("/Users/a00139272/Desktop/Screenshot/duitNowRecurring.png"): Screenshot is taken

2022-07-14 13:46:31 - [MESSAGE][PASSED] - Screenshot is taken
[[ATTACHMENT|/Users/a00139272/Desktop/Screenshot/duitNowRecurring.png]]

2022-07-14 13:46:31 - [TEST_STEP][PASSED] - verifyElementVisible(findTestObject("Main/mainDoneBtn"), 0): Element 'Object Repository/Main/mainDoneBtn' is visible

2022-07-14 13:46:31 - [MESSAGE][WARNING] - Timeout '0' is invalid. Using default page load timeout: '40'

2022-07-14 13:46:31 - [MESSAGE][PASSED] - Element 'Object Repository/Main/mainDoneBtn' is visible

2022-07-14 13:46:31 - [TEST_STEP][PASSED] - tap(findTestObject("Main/mainDoneBtn"), 0): Tapped on element 'Object Repository/Main/mainDoneBtn'

2022-07-14 13:46:31 - [MESSAGE][WARNING] - Timeout '0' is invalid. Using default page load timeout: '40'

2022-07-14 13:46:32 - [MESSAGE][PASSED] - Tapped on element 'Object Repository/Main/mainDoneBtn'

2022-07-14 13:46:32 - [TEST_STEP][PASSED] - delay(5): Delayed 5 second(s)

2022-07-14 13:46:37 - [MESSAGE][PASSED] - Delayed 5 second(s)]]></system-out>
         <system-err><![CDATA[]]></system-err>
      </testcase>
      <testcase name="Test Cases/DuitNow/duitNow_addFavoriteTransaction" time="178.879" classname="Test Cases/DuitNow/duitNow_addFavoriteTransaction" status="PASSED">
         <system-out><![CDATA[2022-07-14 13:46:37 - [TEST_CASE][PASSED] - Test Cases/DuitNow/duitNow_addFavoriteTransaction: Test Cases/DuitNow/duitNow_addFavoriteTransaction

2022-07-14 13:46:37 - [TEST_STEP][PASSED] - delay(3): Delayed 3 second(s)

2022-07-14 13:46:40 - [MESSAGE][PASSED] - Delayed 3 second(s)

2022-07-14 13:46:40 - [TEST_STEP][PASSED] - tap(findTestObject("Banking/m2uAccountTransferIconSelect"), 0): Tapped on element 'Object Repository/Banking/m2uAccountTransferIconSelect'

2022-07-14 13:46:40 - [MESSAGE][WARNING] - Timeout '0' is invalid. Using default page load timeout: '40'

2022-07-14 13:46:41 - [MESSAGE][PASSED] - Tapped on element 'Object Repository/Banking/m2uAccountTransferIconSelect'

2022-07-14 13:46:41 - [TEST_STEP][PASSED] - tap(findTestObject("Banking/transferDuitNowTopMenuSelect"), 10): Tapped on element 'Object Repository/Banking/transferDuitNowTopMenuSelect'

2022-07-14 13:47:41 - [MESSAGE][PASSED] - Tapped on element 'Object Repository/Banking/transferDuitNowTopMenuSelect'

2022-07-14 13:47:41 - [TEST_STEP][PASSED] - tap(findTestObject("Banking/duitNowOtherIconSelect"), 10): Tapped on element 'Object Repository/Banking/duitNowOtherIconSelect'

2022-07-14 13:48:34 - [MESSAGE][PASSED] - Tapped on element 'Object Repository/Banking/duitNowOtherIconSelect'

2022-07-14 13:48:34 - [TEST_STEP][PASSED] - tap(findTestObject("Banking/duitNowIDTypeDropdownSelect"), 0): Tapped on element 'Object Repository/Banking/duitNowIDTypeDropdownSelect'

2022-07-14 13:48:34 - [MESSAGE][WARNING] - Timeout '0' is invalid. Using default page load timeout: '40'

2022-07-14 13:48:34 - [MESSAGE][PASSED] - Tapped on element 'Object Repository/Banking/duitNowIDTypeDropdownSelect'

2022-07-14 13:48:34 - [TEST_STEP][PASSED] - scrollToText("Mobile Number", STOP_ON_FAILURE): Scrolling to text 'Mobile Number' successfully

2022-07-14 13:48:35 - [MESSAGE][PASSED] - Scrolling to text 'Mobile Number' successfully

2022-07-14 13:48:35 - [TEST_STEP][PASSED] - tap(findTestObject("Banking/duitNowBusinessRegIDTypeDropdown", ["proxy":"Mobile Number"]), 0): Tapped on element 'Object Repository/Banking/duitNowBusinessRegIDTypeDropdown'

2022-07-14 13:48:35 - [MESSAGE][WARNING] - Timeout '0' is invalid. Using default page load timeout: '40'

2022-07-14 13:48:35 - [MESSAGE][PASSED] - Tapped on element 'Object Repository/Banking/duitNowBusinessRegIDTypeDropdown'

2022-07-14 13:48:35 - [TEST_STEP][PASSED] - tap(findTestObject("Main/mainCalenderPickerDoneBtn"), 0): Tapped on element 'Object Repository/Main/mainCalenderPickerDoneBtn'

2022-07-14 13:48:35 - [MESSAGE][WARNING] - Timeout '0' is invalid. Using default page load timeout: '40'

2022-07-14 13:48:36 - [MESSAGE][PASSED] - Tapped on element 'Object Repository/Main/mainCalenderPickerDoneBtn'

2022-07-14 13:48:36 - [TEST_STEP][PASSED] - setText(findTestObject("Banking/duitNowBusinessRegNoInputField", ["proxyPlaceholder":""]), "01122334455", 0): Text '01122334455' has been set to element 'Object Repository/Banking/duitNowBusinessRegNoInputField'

2022-07-14 13:48:36 - [MESSAGE][WARNING] - Timeout '0' is invalid. Using default page load timeout: '40'

2022-07-14 13:48:37 - [MESSAGE][PASSED] - Text '01122334455' has been set to element 'Object Repository/Banking/duitNowBusinessRegNoInputField'

2022-07-14 13:48:37 - [TEST_STEP][PASSED] - hideKeyboard(): Keyboard is hidden

2022-07-14 13:48:38 - [MESSAGE][PASSED] - Keyboard is hidden

2022-07-14 13:48:38 - [TEST_STEP][PASSED] - tap(findTestObject("Login Onboarding/loginExistingContinueBtn"), 0): Tapped on element 'Object Repository/Login Onboarding/loginExistingContinueBtn'

2022-07-14 13:48:38 - [MESSAGE][WARNING] - Timeout '0' is invalid. Using default page load timeout: '40'

2022-07-14 13:48:38 - [MESSAGE][PASSED] - Tapped on element 'Object Repository/Login Onboarding/loginExistingContinueBtn'

2022-07-14 13:48:38 - [TEST_STEP][PASSED] - tap(findTestObject("Login Onboarding/PIN4"), 0): Tapped on element 'Object Repository/Login Onboarding/PIN4'

2022-07-14 13:48:38 - [MESSAGE][WARNING] - Timeout '0' is invalid. Using default page load timeout: '40'

2022-07-14 13:48:41 - [MESSAGE][PASSED] - Tapped on element 'Object Repository/Login Onboarding/PIN4'

2022-07-14 13:48:41 - [TEST_STEP][PASSED] - delay(2): Delayed 2 second(s)

2022-07-14 13:48:43 - [MESSAGE][PASSED] - Delayed 2 second(s)

2022-07-14 13:48:43 - [TEST_STEP][PASSED] - tap(findTestObject("Login Onboarding/loginPinTickBtn"), 0): Tapped on element 'Object Repository/Login Onboarding/loginPinTickBtn'

2022-07-14 13:48:43 - [MESSAGE][WARNING] - Timeout '0' is invalid. Using default page load timeout: '40'

2022-07-14 13:48:44 - [MESSAGE][PASSED] - Tapped on element 'Object Repository/Login Onboarding/loginPinTickBtn'

2022-07-14 13:48:44 - [TEST_STEP][PASSED] - setText(findTestObject("Banking/duitNowReferenceInputField"), "Duit 0n off Transer", 0): Text 'Duit 0n off Transer' has been set to element 'Object Repository/Banking/duitNowReferenceInputField'

2022-07-14 13:48:44 - [MESSAGE][WARNING] - Timeout '0' is invalid. Using default page load timeout: '40'

2022-07-14 13:48:46 - [MESSAGE][PASSED] - Text 'Duit 0n off Transer' has been set to element 'Object Repository/Banking/duitNowReferenceInputField'

2022-07-14 13:48:46 - [TEST_STEP][PASSED] - hideKeyboard(): Keyboard is hidden

2022-07-14 13:48:48 - [MESSAGE][PASSED] - Keyboard is hidden

2022-07-14 13:48:48 - [TEST_STEP][PASSED] - tap(findTestObject("Login Onboarding/loginExistingContinueBtn"), 0): Tapped on element 'Object Repository/Login Onboarding/loginExistingContinueBtn'

2022-07-14 13:48:48 - [MESSAGE][WARNING] - Timeout '0' is invalid. Using default page load timeout: '40'

2022-07-14 13:48:48 - [MESSAGE][PASSED] - Tapped on element 'Object Repository/Login Onboarding/loginExistingContinueBtn'

2022-07-14 13:48:48 - [TEST_STEP][PASSED] - tap(findTestObject("Banking/duitNowSummaryAmountTxt"), 0): Tapped on element 'Object Repository/Banking/duitNowSummaryAmountTxt'

2022-07-14 13:48:49 - [MESSAGE][WARNING] - Timeout '0' is invalid. Using default page load timeout: '40'

2022-07-14 13:48:52 - [MESSAGE][PASSED] - Tapped on element 'Object Repository/Banking/duitNowSummaryAmountTxt'

2022-07-14 13:48:52 - [TEST_STEP][PASSED] - tap(findTestObject("Login Onboarding/PIN1"), 0): Tapped on element 'Object Repository/Login Onboarding/PIN1'

2022-07-14 13:48:52 - [MESSAGE][WARNING] - Timeout '0' is invalid. Using default page load timeout: '40'

2022-07-14 13:48:53 - [MESSAGE][PASSED] - Tapped on element 'Object Repository/Login Onboarding/PIN1'

2022-07-14 13:48:53 - [TEST_STEP][PASSED] - tap(findTestObject("Login Onboarding/loginPinTickBtn"), 0): Tapped on element 'Object Repository/Login Onboarding/loginPinTickBtn'

2022-07-14 13:48:53 - [MESSAGE][WARNING] - Timeout '0' is invalid. Using default page load timeout: '40'

2022-07-14 13:48:54 - [MESSAGE][PASSED] - Tapped on element 'Object Repository/Login Onboarding/loginPinTickBtn'

2022-07-14 13:48:54 - [TEST_STEP][PASSED] - delay(2): Delayed 2 second(s)

2022-07-14 13:48:56 - [MESSAGE][PASSED] - Delayed 2 second(s)

2022-07-14 13:48:56 - [TEST_STEP][PASSED] - tap(findTestObject("Main/mainTransferNowBtn"), 0): Tapped on element 'Object Repository/Main/mainTransferNowBtn'

2022-07-14 13:48:56 - [MESSAGE][WARNING] - Timeout '0' is invalid. Using default page load timeout: '40'

2022-07-14 13:48:56 - [MESSAGE][PASSED] - Tapped on element 'Object Repository/Main/mainTransferNowBtn'

2022-07-14 13:48:56 - [TEST_STEP][PASSED] - delay(2): Delayed 2 second(s)

2022-07-14 13:48:58 - [MESSAGE][PASSED] - Delayed 2 second(s)

2022-07-14 13:48:58 - [TEST_STEP][PASSED] - if (verifyElementVisible(findTestObject("Main/mainTACNumberTxt"), 10, OPTIONAL)): Element 'Object Repository/Main/mainTACNumberTxt' not found

2022-07-14 13:49:08 - [MESSAGE][WARNING] - Element 'Object Repository/Main/mainTACNumberTxt' not found

2022-07-14 13:49:08 - [TEST_STEP][PASSED] - else: Tapped on element 'Object Repository/Main/mainS2UApproveBtn'

2022-07-14 13:49:08 - [TEST_STEP][PASSED] - delay(5): Delayed 5 second(s)

2022-07-14 13:49:13 - [MESSAGE][PASSED] - Delayed 5 second(s)

2022-07-14 13:49:13 - [TEST_STEP][PASSED] - verifyElementVisible(findTestObject("Main/mainS2UApproveBtn"), 0): Element 'Object Repository/Main/mainS2UApproveBtn' is visible

2022-07-14 13:49:13 - [MESSAGE][WARNING] - Timeout '0' is invalid. Using default page load timeout: '40'

2022-07-14 13:49:14 - [MESSAGE][PASSED] - Element 'Object Repository/Main/mainS2UApproveBtn' is visible

2022-07-14 13:49:14 - [TEST_STEP][PASSED] - tap(findTestObject("Main/mainS2UApproveBtn"), 0): Tapped on element 'Object Repository/Main/mainS2UApproveBtn'

2022-07-14 13:49:14 - [MESSAGE][WARNING] - Timeout '0' is invalid. Using default page load timeout: '40'

2022-07-14 13:49:14 - [MESSAGE][PASSED] - Tapped on element 'Object Repository/Main/mainS2UApproveBtn'

2022-07-14 13:49:14 - [TEST_STEP][PASSED] - delay(5): Delayed 5 second(s)

2022-07-14 13:49:19 - [MESSAGE][PASSED] - Delayed 5 second(s)

2022-07-14 13:49:19 - [TEST_STEP][PASSED] - Trasnferstatus1 = getText(findTestObject("Main/mainTransactionStatusMessageTxt"), 10): Text of element 'Object Repository/Main/mainTransactionStatusMessageTxt' is: 'Transfer successful'

2022-07-14 13:49:20 - [MESSAGE][PASSED] - Text of element 'Object Repository/Main/mainTransactionStatusMessageTxt' is: 'Transfer successful'

2022-07-14 13:49:20 - [TEST_STEP][PASSED] - println("Transaction Status" + Trasnferstatus1): null

2022-07-14 13:49:20 - [TEST_STEP][PASSED] - delay(2): Delayed 2 second(s)

2022-07-14 13:49:22 - [MESSAGE][PASSED] - Delayed 2 second(s)

2022-07-14 13:49:22 - [TEST_STEP][PASSED] - tap(findTestObject("Main/mainAddToFavBtn"), 0): Tapped on element 'Object Repository/Main/mainAddToFavBtn'

2022-07-14 13:49:22 - [MESSAGE][WARNING] - Timeout '0' is invalid. Using default page load timeout: '40'

2022-07-14 13:49:22 - [MESSAGE][PASSED] - Tapped on element 'Object Repository/Main/mainAddToFavBtn'

2022-07-14 13:49:22 - [TEST_STEP][PASSED] - delay(2): Delayed 2 second(s)

2022-07-14 13:49:24 - [MESSAGE][PASSED] - Delayed 2 second(s)

2022-07-14 13:49:24 - [TEST_STEP][PASSED] - tap(findTestObject("Main/mainAddToFavBtn"), 0): Tapped on element 'Object Repository/Main/mainAddToFavBtn'

2022-07-14 13:49:24 - [MESSAGE][WARNING] - Timeout '0' is invalid. Using default page load timeout: '40'

2022-07-14 13:49:24 - [MESSAGE][PASSED] - Tapped on element 'Object Repository/Main/mainAddToFavBtn'

2022-07-14 13:49:24 - [TEST_STEP][PASSED] - delay(2): Delayed 2 second(s)

2022-07-14 13:49:26 - [MESSAGE][PASSED] - Delayed 2 second(s)

2022-07-14 13:49:26 - [TEST_STEP][PASSED] - tap(findTestObject("Main/mainCloseFavPopUpBtn"), 0): Tapped on element 'Object Repository/Main/mainCloseFavPopUpBtn'

2022-07-14 13:49:26 - [MESSAGE][WARNING] - Timeout '0' is invalid. Using default page load timeout: '40'

2022-07-14 13:49:27 - [MESSAGE][PASSED] - Tapped on element 'Object Repository/Main/mainCloseFavPopUpBtn'

2022-07-14 13:49:27 - [TEST_STEP][PASSED] - delay(3): Delayed 3 second(s)

2022-07-14 13:49:30 - [MESSAGE][PASSED] - Delayed 3 second(s)

2022-07-14 13:49:30 - [TEST_STEP][PASSED] - takeScreenshot("/Users/a00139272/Desktop/Screenshot/duitNowAddFav.png"): Screenshot is taken

2022-07-14 13:49:30 - [MESSAGE][PASSED] - Screenshot is taken
[[ATTACHMENT|/Users/a00139272/Desktop/Screenshot/duitNowAddFav.png]]

2022-07-14 13:49:30 - [TEST_STEP][PASSED] - verifyElementVisible(findTestObject("Main/mainDoneBtn"), 0): Element 'Object Repository/Main/mainDoneBtn' is visible

2022-07-14 13:49:30 - [MESSAGE][WARNING] - Timeout '0' is invalid. Using default page load timeout: '40'

2022-07-14 13:49:31 - [MESSAGE][PASSED] - Element 'Object Repository/Main/mainDoneBtn' is visible

2022-07-14 13:49:31 - [TEST_STEP][PASSED] - tap(findTestObject("Main/mainDoneBtn"), 0): Tapped on element 'Object Repository/Main/mainDoneBtn'

2022-07-14 13:49:31 - [MESSAGE][WARNING] - Timeout '0' is invalid. Using default page load timeout: '40'

2022-07-14 13:49:31 - [MESSAGE][PASSED] - Tapped on element 'Object Repository/Main/mainDoneBtn'

2022-07-14 13:49:31 - [TEST_STEP][PASSED] - delay(5): Delayed 5 second(s)

2022-07-14 13:49:36 - [MESSAGE][PASSED] - Delayed 5 second(s)]]></system-out>
         <system-err><![CDATA[]]></system-err>
      </testcase>
      <testcase name="Test Cases/DuitNow/duitNow_mobileNumberFavTransaction" time="404.512" classname="Test Cases/DuitNow/duitNow_mobileNumberFavTransaction" status="PASSED">
         <system-out><![CDATA[2022-07-14 13:49:36 - [TEST_CASE][PASSED] - Test Cases/DuitNow/duitNow_mobileNumberFavTransaction: Test Cases/DuitNow/duitNow_mobileNumberFavTransaction

2022-07-14 13:49:36 - [TEST_STEP][PASSED] - delay(5): Delayed 5 second(s)

2022-07-14 13:49:41 - [MESSAGE][PASSED] - Delayed 5 second(s)

2022-07-14 13:49:41 - [TEST_STEP][PASSED] - device_Height = getDeviceHeight(): Current device physical height is 2167

2022-07-14 13:49:41 - [MESSAGE][PASSED] - Current device physical height is 2167

2022-07-14 13:49:41 - [TEST_STEP][PASSED] - device_Width = getDeviceWidth(): Current device physical width is 1080

2022-07-14 13:49:41 - [MESSAGE][PASSED] - Current device physical width is 1080

2022-07-14 13:49:41 - [TEST_STEP][PASSED] - startX = device_Width / 3: null

2022-07-14 13:49:41 - [TEST_STEP][PASSED] - startY = device_Height * 0.97: null

2022-07-14 13:49:41 - [TEST_STEP][PASSED] - verifyElementVisible(findTestObject("Banking/m2uAccountTransferIconSelect"), 0): Element 'Object Repository/Banking/m2uAccountTransferIconSelect' is visible

2022-07-14 13:49:42 - [MESSAGE][WARNING] - Timeout '0' is invalid. Using default page load timeout: '40'

2022-07-14 13:49:42 - [MESSAGE][PASSED] - Element 'Object Repository/Banking/m2uAccountTransferIconSelect' is visible

2022-07-14 13:49:42 - [TEST_STEP][PASSED] - tap(findTestObject("Banking/m2uAccountTransferIconSelect"), 0): Tapped on element 'Object Repository/Banking/m2uAccountTransferIconSelect'

2022-07-14 13:49:42 - [MESSAGE][WARNING] - Timeout '0' is invalid. Using default page load timeout: '40'

2022-07-14 13:49:42 - [MESSAGE][PASSED] - Tapped on element 'Object Repository/Banking/m2uAccountTransferIconSelect'

2022-07-14 13:49:42 - [TEST_STEP][PASSED] - verifyElementVisible(findTestObject("Banking/transferDuitNowTopMenuSelect"), 5): Element 'Object Repository/Banking/transferDuitNowTopMenuSelect' is visible

2022-07-14 13:50:33 - [MESSAGE][PASSED] - Element 'Object Repository/Banking/transferDuitNowTopMenuSelect' is visible

2022-07-14 13:50:33 - [TEST_STEP][PASSED] - tap(findTestObject("Banking/transferDuitNowTopMenuSelect"), 10): Tapped on element 'Object Repository/Banking/transferDuitNowTopMenuSelect'

2022-07-14 13:51:34 - [MESSAGE][PASSED] - Tapped on element 'Object Repository/Banking/transferDuitNowTopMenuSelect'

2022-07-14 13:51:34 - [TEST_STEP][PASSED] - delay(3): Delayed 3 second(s)

2022-07-14 13:51:37 - [MESSAGE][PASSED] - Delayed 3 second(s)

2022-07-14 13:51:37 - [TEST_STEP][PASSED] - verifyElementText(findTestObject("Transfer/transferFavListAccNameTxt", ["accName":recName3]), recName3): Actual text and expected text of test object 'Object Repository/Transfer/transferFavListAccNameTxt' are matched.

2022-07-14 13:52:28 - [MESSAGE][PASSED] - Actual text and expected text of test object 'Object Repository/Transfer/transferFavListAccNameTxt' are matched.

2022-07-14 13:52:28 - [TEST_STEP][PASSED] - verifyElementText(findTestObject("Transfer/transferFavListAccNoTxt", ["accNo":proxyNumber]), proxyNumber): Actual text and expected text of test object 'Object Repository/Transfer/transferFavListAccNoTxt' are matched.

2022-07-14 13:53:18 - [MESSAGE][PASSED] - Actual text and expected text of test object 'Object Repository/Transfer/transferFavListAccNoTxt' are matched.

2022-07-14 13:53:18 - [TEST_STEP][PASSED] - verifyElementText(findTestObject("Transfer/transferFavListAccBankTxt", ["accBank":proxyType]), proxyType): Actual text and expected text of test object 'Object Repository/Transfer/transferFavListAccBankTxt' are matched.

2022-07-14 13:54:09 - [MESSAGE][PASSED] - Actual text and expected text of test object 'Object Repository/Transfer/transferFavListAccBankTxt' are matched.

2022-07-14 13:54:09 - [TEST_STEP][PASSED] - tap(findTestObject("Transfer/transferFavListAccNameTxt", ["accName":recName3]), 0): Tapped on element 'Object Repository/Transfer/transferFavListAccNameTxt'

2022-07-14 13:54:09 - [MESSAGE][WARNING] - Timeout '0' is invalid. Using default page load timeout: '40'

2022-07-14 13:55:02 - [MESSAGE][PASSED] - Tapped on element 'Object Repository/Transfer/transferFavListAccNameTxt'

2022-07-14 13:55:02 - [TEST_STEP][PASSED] - delay(3): Delayed 3 second(s)

2022-07-14 13:55:05 - [MESSAGE][PASSED] - Delayed 3 second(s)

2022-07-14 13:55:05 - [TEST_STEP][PASSED] - verifyElementText(findTestObject("Duit Now/duitNowAmountProxyNumberTxt", ["proxyNumber":proxyNumber]), proxyNumber): Actual text and expected text of test object 'Object Repository/Duit Now/duitNowAmountProxyNumberTxt' are matched.

2022-07-14 13:55:05 - [MESSAGE][PASSED] - Actual text and expected text of test object 'Object Repository/Duit Now/duitNowAmountProxyNumberTxt' are matched.

2022-07-14 13:55:05 - [TEST_STEP][PASSED] - receipientName = getText(findTestObject("Duit Now/duitNowAmountReceipientNameTxt", ["recName":recName]), 0): Text of element 'Object Repository/Duit Now/duitNowAmountReceipientNameTxt' is: 'CAPTAIN AMERICA'

2022-07-14 13:55:05 - [MESSAGE][WARNING] - Timeout '0' is invalid. Using default page load timeout: '40'

2022-07-14 13:55:05 - [MESSAGE][PASSED] - Text of element 'Object Repository/Duit Now/duitNowAmountReceipientNameTxt' is: 'CAPTAIN AMERICA'

2022-07-14 13:55:05 - [TEST_STEP][PASSED] - recName_1 = recName: null

2022-07-14 13:55:05 - [TEST_STEP][PASSED] - recName_2 = recName2: null

2022-07-14 13:55:05 - [TEST_STEP][PASSED] - privName_1 = privName: null

2022-07-14 13:55:05 - [TEST_STEP][PASSED] - checker = verifyMatch(receipientName, $recName_1||$privName_1, true): Actual text 'CAPTAIN AMERICA' and expected text 'CAPTAIN AMERICA||XXXXXXX XXXXXXXXX' are matched  using regular expression

2022-07-14 13:55:05 - [MESSAGE][PASSED] - Actual text 'CAPTAIN AMERICA' and expected text 'CAPTAIN AMERICA||XXXXXXX XXXXXXXXX' are matched  using regular expression

2022-07-14 13:55:05 - [TEST_STEP][PASSED] - verifyElementText(findTestObject("Duit Now/duitNowAmountProxyTypeTxt", ["proxyType":proxyType]), proxyType): Actual text and expected text of test object 'Object Repository/Duit Now/duitNowAmountProxyTypeTxt' are matched.

2022-07-14 13:55:06 - [MESSAGE][PASSED] - Actual text and expected text of test object 'Object Repository/Duit Now/duitNowAmountProxyTypeTxt' are matched.

2022-07-14 13:55:06 - [TEST_STEP][PASSED] - verifyElementExist(findTestObject("Duit Now/duitNowAmountCurrencyTypeTxt"), 0): Element 'Object Repository/Duit Now/duitNowAmountCurrencyTypeTxt' is exist

2022-07-14 13:55:06 - [MESSAGE][WARNING] - Timeout '0' is invalid. Using default page load timeout: '40'

2022-07-14 13:55:06 - [MESSAGE][PASSED] - Element 'Object Repository/Duit Now/duitNowAmountCurrencyTypeTxt' is exist

2022-07-14 13:55:06 - [TEST_STEP][PASSED] - verifyElementExist(findTestObject("Duit Now/duitNowAmountEnterAmountTitleTxt"), 0): Element 'Object Repository/Duit Now/duitNowAmountEnterAmountTitleTxt' is exist

2022-07-14 13:55:06 - [MESSAGE][WARNING] - Timeout '0' is invalid. Using default page load timeout: '40'

2022-07-14 13:55:06 - [MESSAGE][PASSED] - Element 'Object Repository/Duit Now/duitNowAmountEnterAmountTitleTxt' is exist

2022-07-14 13:55:06 - [TEST_STEP][PASSED] - verifyElementExist(findTestObject("Duit Now/duitNowAmountInitialValueTxt"), 0): Element 'Object Repository/Duit Now/duitNowAmountInitialValueTxt' is exist

2022-07-14 13:55:06 - [MESSAGE][WARNING] - Timeout '0' is invalid. Using default page load timeout: '40'

2022-07-14 13:55:06 - [MESSAGE][PASSED] - Element 'Object Repository/Duit Now/duitNowAmountInitialValueTxt' is exist

2022-07-14 13:55:06 - [TEST_STEP][PASSED] - trxAmount = value: null

2022-07-14 13:55:06 - [TEST_STEP][PASSED] - length = trxAmount.length(): null

2022-07-14 13:55:06 - [TEST_STEP][PASSED] - delay(5): Delayed 5 second(s)

2022-07-14 13:55:11 - [MESSAGE][PASSED] - Delayed 5 second(s)

2022-07-14 13:55:11 - [TEST_STEP][PASSED] - tapAtPosition(startX, startY): Tapped at [360, 2,101]

2022-07-14 13:55:12 - [MESSAGE][PASSED] - Tapped at [360, 2,101]

2022-07-14 13:55:12 - [TEST_STEP][PASSED] - for ([i = 0, i < length, (i++)]): null

2022-07-14 13:55:12 - [TEST_STEP][PASSED] - if (trxAmount[i] == "0"): null

2022-07-14 13:55:12 - [TEST_STEP][PASSED] - if (trxAmount[i] == "1"): null

2022-07-14 13:55:12 - [TEST_STEP][PASSED] - if (trxAmount[i] == "2"): Tapped on element 'Object Repository/Login Onboarding/PIN2'

2022-07-14 13:55:12 - [TEST_STEP][PASSED] - tap(findTestObject("Login Onboarding/PIN2"), 0): Tapped on element 'Object Repository/Login Onboarding/PIN2'

2022-07-14 13:55:12 - [MESSAGE][WARNING] - Timeout '0' is invalid. Using default page load timeout: '40'

2022-07-14 13:55:13 - [MESSAGE][PASSED] - Tapped on element 'Object Repository/Login Onboarding/PIN2'

2022-07-14 13:55:13 - [TEST_STEP][PASSED] - if (trxAmount[i] == "3"): null

2022-07-14 13:55:13 - [TEST_STEP][PASSED] - if (trxAmount[i] == "4"): null

2022-07-14 13:55:13 - [TEST_STEP][PASSED] - if (trxAmount[i] == "5"): null

2022-07-14 13:55:13 - [TEST_STEP][PASSED] - if (trxAmount[i] == "6"): null

2022-07-14 13:55:13 - [TEST_STEP][PASSED] - if (trxAmount[i] == "7"): null

2022-07-14 13:55:13 - [TEST_STEP][PASSED] - if (trxAmount[i] == "8"): null

2022-07-14 13:55:13 - [TEST_STEP][PASSED] - if (trxAmount[i] == "9"): null

2022-07-14 13:55:13 - [TEST_STEP][PASSED] - if (trxAmount[i] == "0"): Tapped on element 'Object Repository/Login Onboarding/PIN0'

2022-07-14 13:55:13 - [TEST_STEP][PASSED] - tap(findTestObject("Login Onboarding/PIN0"), 0): Tapped on element 'Object Repository/Login Onboarding/PIN0'

2022-07-14 13:55:13 - [MESSAGE][WARNING] - Timeout '0' is invalid. Using default page load timeout: '40'

2022-07-14 13:55:14 - [MESSAGE][PASSED] - Tapped on element 'Object Repository/Login Onboarding/PIN0'

2022-07-14 13:55:14 - [TEST_STEP][PASSED] - if (trxAmount[i] == "1"): null

2022-07-14 13:55:14 - [TEST_STEP][PASSED] - if (trxAmount[i] == "2"): null

2022-07-14 13:55:14 - [TEST_STEP][PASSED] - if (trxAmount[i] == "3"): null

2022-07-14 13:55:14 - [TEST_STEP][PASSED] - if (trxAmount[i] == "4"): null

2022-07-14 13:55:14 - [TEST_STEP][PASSED] - if (trxAmount[i] == "5"): null

2022-07-14 13:55:14 - [TEST_STEP][PASSED] - if (trxAmount[i] == "6"): null

2022-07-14 13:55:14 - [TEST_STEP][PASSED] - if (trxAmount[i] == "7"): null

2022-07-14 13:55:14 - [TEST_STEP][PASSED] - if (trxAmount[i] == "8"): null

2022-07-14 13:55:14 - [TEST_STEP][PASSED] - if (trxAmount[i] == "9"): null

2022-07-14 13:55:14 - [TEST_STEP][PASSED] - if (trxAmount[i] == "0"): Tapped on element 'Object Repository/Login Onboarding/PIN0'

2022-07-14 13:55:14 - [TEST_STEP][PASSED] - tap(findTestObject("Login Onboarding/PIN0"), 0): Tapped on element 'Object Repository/Login Onboarding/PIN0'

2022-07-14 13:55:14 - [MESSAGE][WARNING] - Timeout '0' is invalid. Using default page load timeout: '40'

2022-07-14 13:55:14 - [MESSAGE][PASSED] - Tapped on element 'Object Repository/Login Onboarding/PIN0'

2022-07-14 13:55:14 - [TEST_STEP][PASSED] - if (trxAmount[i] == "1"): null

2022-07-14 13:55:14 - [TEST_STEP][PASSED] - if (trxAmount[i] == "2"): null

2022-07-14 13:55:14 - [TEST_STEP][PASSED] - if (trxAmount[i] == "3"): null

2022-07-14 13:55:14 - [TEST_STEP][PASSED] - if (trxAmount[i] == "4"): null

2022-07-14 13:55:14 - [TEST_STEP][PASSED] - if (trxAmount[i] == "5"): null

2022-07-14 13:55:14 - [TEST_STEP][PASSED] - if (trxAmount[i] == "6"): null

2022-07-14 13:55:14 - [TEST_STEP][PASSED] - if (trxAmount[i] == "7"): null

2022-07-14 13:55:14 - [TEST_STEP][PASSED] - if (trxAmount[i] == "8"): null

2022-07-14 13:55:14 - [TEST_STEP][PASSED] - if (trxAmount[i] == "9"): null

2022-07-14 13:55:14 - [TEST_STEP][PASSED] - delay(5): Delayed 5 second(s)

2022-07-14 13:55:19 - [MESSAGE][PASSED] - Delayed 5 second(s)

2022-07-14 13:55:19 - [TEST_STEP][PASSED] - verifyElementText(findTestObject("Duit Now/duitNowAmountValueTxt", ["value":checkValue]), checkValue): Actual text and expected text of test object 'Object Repository/Duit Now/duitNowAmountValueTxt' are matched.

2022-07-14 13:55:20 - [MESSAGE][PASSED] - Actual text and expected text of test object 'Object Repository/Duit Now/duitNowAmountValueTxt' are matched.

2022-07-14 13:55:20 - [TEST_STEP][PASSED] - verifyElementVisible(findTestObject("Login Onboarding/loginPinTickBtn"), 5): Element 'Object Repository/Login Onboarding/loginPinTickBtn' is visible

2022-07-14 13:55:20 - [MESSAGE][PASSED] - Element 'Object Repository/Login Onboarding/loginPinTickBtn' is visible

2022-07-14 13:55:20 - [TEST_STEP][PASSED] - tap(findTestObject("Login Onboarding/loginPinTickBtn"), 0): Tapped on element 'Object Repository/Login Onboarding/loginPinTickBtn'

2022-07-14 13:55:20 - [MESSAGE][WARNING] - Timeout '0' is invalid. Using default page load timeout: '40'

2022-07-14 13:55:20 - [MESSAGE][PASSED] - Tapped on element 'Object Repository/Login Onboarding/loginPinTickBtn'

2022-07-14 13:55:20 - [TEST_STEP][PASSED] - delay(3): Delayed 3 second(s)

2022-07-14 13:55:23 - [MESSAGE][PASSED] - Delayed 3 second(s)

2022-07-14 13:55:23 - [TEST_STEP][PASSED] - verifyElementText(findTestObject("Duit Now/duitNowReferenceProxyNumberTxt", ["proxyNumber":proxyNumber]), proxyNumber): Actual text and expected text of test object 'Object Repository/Duit Now/duitNowReferenceProxyNumberTxt' are matched.

2022-07-14 13:55:24 - [MESSAGE][PASSED] - Actual text and expected text of test object 'Object Repository/Duit Now/duitNowReferenceProxyNumberTxt' are matched.

2022-07-14 13:55:24 - [TEST_STEP][PASSED] - verifyElementText(findTestObject("Duit Now/duitNowReferenceProxyTypeTxt", ["proxyType":proxyType]), proxyType): Actual text and expected text of test object 'Object Repository/Duit Now/duitNowReferenceProxyTypeTxt' are matched.

2022-07-14 13:55:24 - [MESSAGE][PASSED] - Actual text and expected text of test object 'Object Repository/Duit Now/duitNowReferenceProxyTypeTxt' are matched.

2022-07-14 13:55:24 - [TEST_STEP][PASSED] - receipientName_2 = getText(findTestObject("Duit Now/duitNowAmountReceipientNameTxt", ["recName":recName]), 0): Text of element 'Object Repository/Duit Now/duitNowAmountReceipientNameTxt' is: 'CAPTAIN AMERICA'

2022-07-14 13:55:24 - [MESSAGE][WARNING] - Timeout '0' is invalid. Using default page load timeout: '40'

2022-07-14 13:55:24 - [MESSAGE][PASSED] - Text of element 'Object Repository/Duit Now/duitNowAmountReceipientNameTxt' is: 'CAPTAIN AMERICA'

2022-07-14 13:55:24 - [TEST_STEP][PASSED] - verifyMatch(receipientName_2, $recName_1||$privName_1, true): Actual text 'CAPTAIN AMERICA' and expected text 'CAPTAIN AMERICA||XXXXXXX XXXXXXXXX' are matched  using regular expression

2022-07-14 13:55:24 - [MESSAGE][PASSED] - Actual text 'CAPTAIN AMERICA' and expected text 'CAPTAIN AMERICA||XXXXXXX XXXXXXXXX' are matched  using regular expression

2022-07-14 13:55:24 - [TEST_STEP][PASSED] - verifyElementExist(findTestObject("Duit Now/duitNowReferenceEnterTitleTxt"), 0): Element 'Object Repository/Duit Now/duitNowReferenceEnterTitleTxt' is exist

2022-07-14 13:55:24 - [MESSAGE][WARNING] - Timeout '0' is invalid. Using default page load timeout: '40'

2022-07-14 13:55:24 - [MESSAGE][PASSED] - Element 'Object Repository/Duit Now/duitNowReferenceEnterTitleTxt' is exist

2022-07-14 13:55:24 - [TEST_STEP][PASSED] - setText(findTestObject("Banking/duitNowReferenceInputField"), reference, 0): Text 'DuitNowMobileTransf' has been set to element 'Object Repository/Banking/duitNowReferenceInputField'

2022-07-14 13:55:24 - [MESSAGE][WARNING] - Timeout '0' is invalid. Using default page load timeout: '40'

2022-07-14 13:55:25 - [MESSAGE][PASSED] - Text 'DuitNowMobileTransf' has been set to element 'Object Repository/Banking/duitNowReferenceInputField'

2022-07-14 13:55:25 - [TEST_STEP][PASSED] - hideKeyboard(): Keyboard is hidden

2022-07-14 13:55:27 - [MESSAGE][PASSED] - Keyboard is hidden

2022-07-14 13:55:27 - [TEST_STEP][PASSED] - verifyElementText(findTestObject("Duit Now/duitNowReferenceContentTxt", ["reference":reference]), reference): Actual text and expected text of test object 'Object Repository/Duit Now/duitNowReferenceContentTxt' are matched.

2022-07-14 13:55:28 - [MESSAGE][PASSED] - Actual text and expected text of test object 'Object Repository/Duit Now/duitNowReferenceContentTxt' are matched.

2022-07-14 13:55:28 - [TEST_STEP][PASSED] - tap(findTestObject("Login Onboarding/loginExistingContinueBtn"), 0): Tapped on element 'Object Repository/Login Onboarding/loginExistingContinueBtn'

2022-07-14 13:55:28 - [MESSAGE][WARNING] - Timeout '0' is invalid. Using default page load timeout: '40'

2022-07-14 13:55:28 - [MESSAGE][PASSED] - Tapped on element 'Object Repository/Login Onboarding/loginExistingContinueBtn'

2022-07-14 13:55:28 - [TEST_STEP][PASSED] - delay(3): Delayed 3 second(s)

2022-07-14 13:55:31 - [MESSAGE][PASSED] - Delayed 3 second(s)

2022-07-14 13:55:31 - [TEST_STEP][PASSED] - if (checker == true): Actual text 'CAPTAIN AMERICA' and expected text 'CAPTAIN AMERICA||XXXXXXX XXXXXXXXX' are matched  using regular expression

2022-07-14 13:55:31 - [TEST_STEP][PASSED] - receipientName_3 = getText(findTestObject("Duit Now/duitNowConfirmationReceipientNameTxt2", ["recName":recName2]), 0): Text of element 'Object Repository/Duit Now/duitNowConfirmationReceipientNameTxt2' is: 'CAPTAIN AMERICA'

2022-07-14 13:55:31 - [MESSAGE][WARNING] - Timeout '0' is invalid. Using default page load timeout: '40'

2022-07-14 13:55:32 - [MESSAGE][PASSED] - Text of element 'Object Repository/Duit Now/duitNowConfirmationReceipientNameTxt2' is: 'CAPTAIN AMERICA'

2022-07-14 13:55:32 - [TEST_STEP][PASSED] - verifyMatch(receipientName_3, $recName_2||$privName_1, true): Actual text 'CAPTAIN AMERICA' and expected text 'CAPTAIN AMERICA||XXXXXXX XXXXXXXXX' are matched  using regular expression

2022-07-14 13:55:32 - [MESSAGE][PASSED] - Actual text 'CAPTAIN AMERICA' and expected text 'CAPTAIN AMERICA||XXXXXXX XXXXXXXXX' are matched  using regular expression

2022-07-14 13:55:32 - [TEST_STEP][PASSED] - verifyElementText(findTestObject("Duit Now/duitNowConfirmationReceipientProxyNumTxt", ["proxyNumber":proxyNumber]), proxyNumber): Actual text and expected text of test object 'Object Repository/Duit Now/duitNowConfirmationReceipientProxyNumTxt' are matched.

2022-07-14 13:55:32 - [MESSAGE][PASSED] - Actual text and expected text of test object 'Object Repository/Duit Now/duitNowConfirmationReceipientProxyNumTxt' are matched.

2022-07-14 13:55:32 - [TEST_STEP][PASSED] - verifyElementText(findTestObject("Duit Now/duitNowConfirmationAmountTxt", ["amount":amount]), amount): Actual text and expected text of test object 'Object Repository/Duit Now/duitNowConfirmationAmountTxt' are matched.

2022-07-14 13:55:32 - [MESSAGE][PASSED] - Actual text and expected text of test object 'Object Repository/Duit Now/duitNowConfirmationAmountTxt' are matched.

2022-07-14 13:55:32 - [TEST_STEP][PASSED] - verifyElementExist(findTestObject("Duit Now/duitNowConfirmationDateTitleTxt"), 0): Element 'Object Repository/Duit Now/duitNowConfirmationDateTitleTxt' is exist

2022-07-14 13:55:32 - [MESSAGE][WARNING] - Timeout '0' is invalid. Using default page load timeout: '40'

2022-07-14 13:55:32 - [MESSAGE][PASSED] - Element 'Object Repository/Duit Now/duitNowConfirmationDateTitleTxt' is exist

2022-07-14 13:55:32 - [TEST_STEP][PASSED] - verifyElementExist(findTestObject("Duit Now/duitNowConfirmationIDTypeTitleTxt"), 0): Element 'Object Repository/Duit Now/duitNowConfirmationIDTypeTitleTxt' is exist

2022-07-14 13:55:32 - [MESSAGE][WARNING] - Timeout '0' is invalid. Using default page load timeout: '40'

2022-07-14 13:55:33 - [MESSAGE][PASSED] - Element 'Object Repository/Duit Now/duitNowConfirmationIDTypeTitleTxt' is exist

2022-07-14 13:55:33 - [TEST_STEP][PASSED] - verifyElementExist(findTestObject("Duit Now/duitNowConfirmationTransferTypeTitleTxt"), 0): Element 'Object Repository/Duit Now/duitNowConfirmationTransferTypeTitleTxt' is exist

2022-07-14 13:55:33 - [MESSAGE][WARNING] - Timeout '0' is invalid. Using default page load timeout: '40'

2022-07-14 13:55:33 - [MESSAGE][PASSED] - Element 'Object Repository/Duit Now/duitNowConfirmationTransferTypeTitleTxt' is exist

2022-07-14 13:55:33 - [TEST_STEP][PASSED] - verifyElementExist(findTestObject("Duit Now/duitNowConfirmationPaymentDetailsTitleTxt"), 0): Element 'Object Repository/Duit Now/duitNowConfirmationPaymentDetailsTitleTxt' is exist

2022-07-14 13:55:33 - [MESSAGE][WARNING] - Timeout '0' is invalid. Using default page load timeout: '40'

2022-07-14 13:55:33 - [MESSAGE][PASSED] - Element 'Object Repository/Duit Now/duitNowConfirmationPaymentDetailsTitleTxt' is exist

2022-07-14 13:55:33 - [TEST_STEP][PASSED] - verifyElementExist(findTestObject("Duit Now/duitNowConfirmationReferenceTitleTxt"), 0): Element 'Object Repository/Duit Now/duitNowConfirmationReferenceTitleTxt' is exist

2022-07-14 13:55:33 - [MESSAGE][WARNING] - Timeout '0' is invalid. Using default page load timeout: '40'

2022-07-14 13:55:33 - [MESSAGE][PASSED] - Element 'Object Repository/Duit Now/duitNowConfirmationReferenceTitleTxt' is exist

2022-07-14 13:55:33 - [TEST_STEP][PASSED] - verifyElementExist(findTestObject("Duit Now/duitNowConfirmationServiceFeeTitleTxt"), 0): Element 'Object Repository/Duit Now/duitNowConfirmationServiceFeeTitleTxt' is exist

2022-07-14 13:55:33 - [MESSAGE][WARNING] - Timeout '0' is invalid. Using default page load timeout: '40'

2022-07-14 13:55:34 - [MESSAGE][PASSED] - Element 'Object Repository/Duit Now/duitNowConfirmationServiceFeeTitleTxt' is exist

2022-07-14 13:55:34 - [TEST_STEP][PASSED] - verifyElementText(findTestObject("Duit Now/duitNowConfirmationIDTypeTxt", ["proxy":proxy]), proxy): Actual text and expected text of test object 'Object Repository/Duit Now/duitNowConfirmationIDTypeTxt' are matched.

2022-07-14 13:55:34 - [MESSAGE][PASSED] - Actual text and expected text of test object 'Object Repository/Duit Now/duitNowConfirmationIDTypeTxt' are matched.

2022-07-14 13:55:34 - [TEST_STEP][PASSED] - verifyElementText(findTestObject("Duit Now/duitNowConfirmationReceiveDateTxt"), "Today"): Actual text and expected text of test object 'Object Repository/Duit Now/duitNowConfirmationReceiveDateTxt' are matched.

2022-07-14 13:55:34 - [MESSAGE][PASSED] - Actual text and expected text of test object 'Object Repository/Duit Now/duitNowConfirmationReceiveDateTxt' are matched.

2022-07-14 13:55:34 - [TEST_STEP][PASSED] - verifyElementText(findTestObject("Duit Now/duitNowConfirmationReferenceTxt", ["reference":reference]), reference): Actual text and expected text of test object 'Object Repository/Duit Now/duitNowConfirmationReferenceTxt' are matched.

2022-07-14 13:55:35 - [MESSAGE][PASSED] - Actual text and expected text of test object 'Object Repository/Duit Now/duitNowConfirmationReferenceTxt' are matched.

2022-07-14 13:55:35 - [TEST_STEP][PASSED] - verifyElementText(findTestObject("Duit Now/duitNowConfirmationServiceFeeAmountTxt"), "RM 0.00"): Actual text and expected text of test object 'Object Repository/Duit Now/duitNowConfirmationServiceFeeAmountTxt' are matched.

2022-07-14 13:55:35 - [MESSAGE][PASSED] - Actual text and expected text of test object 'Object Repository/Duit Now/duitNowConfirmationServiceFeeAmountTxt' are matched.

2022-07-14 13:55:35 - [TEST_STEP][PASSED] - tap(findTestObject("Duit Now/duitNowConfirmationPaymentDetailsGreyWordTxt"), 0): Tapped on element 'Object Repository/Duit Now/duitNowConfirmationPaymentDetailsGreyWordTxt'

2022-07-14 13:55:35 - [MESSAGE][WARNING] - Timeout '0' is invalid. Using default page load timeout: '40'

2022-07-14 13:55:35 - [MESSAGE][PASSED] - Tapped on element 'Object Repository/Duit Now/duitNowConfirmationPaymentDetailsGreyWordTxt'

2022-07-14 13:55:35 - [TEST_STEP][PASSED] - setText(findTestObject("Duit Now/duitNowConfirmationPaymentDetailsGreyWordTxt"), details, 0): Text 'Test Mo' has been set to element 'Object Repository/Duit Now/duitNowConfirmationPaymentDetailsGreyWordTxt'

2022-07-14 13:55:35 - [MESSAGE][WARNING] - Timeout '0' is invalid. Using default page load timeout: '40'

2022-07-14 13:55:38 - [MESSAGE][PASSED] - Text 'Test Mo' has been set to element 'Object Repository/Duit Now/duitNowConfirmationPaymentDetailsGreyWordTxt'

2022-07-14 13:55:38 - [TEST_STEP][PASSED] - hideKeyboard(): Keyboard is hidden

2022-07-14 13:55:40 - [MESSAGE][PASSED] - Keyboard is hidden

2022-07-14 13:55:40 - [TEST_STEP][PASSED] - verifyElementText(findTestObject("Duit Now/duitNowConfirmationPaymentDetailsInputtedTxt", ["details":details]), details): Actual text and expected text of test object 'Object Repository/Duit Now/duitNowConfirmationPaymentDetailsInputtedTxt' are matched.

2022-07-14 13:55:40 - [MESSAGE][PASSED] - Actual text and expected text of test object 'Object Repository/Duit Now/duitNowConfirmationPaymentDetailsInputtedTxt' are matched.

2022-07-14 13:55:40 - [TEST_STEP][PASSED] - device_Height_2 = getDeviceHeight(): Current device physical height is 2167

2022-07-14 13:55:40 - [MESSAGE][PASSED] - Current device physical height is 2167

2022-07-14 13:55:40 - [TEST_STEP][PASSED] - device_Width_2 = getDeviceWidth(): Current device physical width is 1080

2022-07-14 13:55:40 - [MESSAGE][PASSED] - Current device physical width is 1080

2022-07-14 13:55:40 - [TEST_STEP][PASSED] - startX_2 = device_Width_2 / 2: null

2022-07-14 13:55:40 - [TEST_STEP][PASSED] - endX_2 = startX_2: null

2022-07-14 13:55:40 - [TEST_STEP][PASSED] - startY_2 = device_Height_2 * 0.30: null

2022-07-14 13:55:40 - [TEST_STEP][PASSED] - endY_2 = device_Height_2 * 0.70: null

2022-07-14 13:55:40 - [TEST_STEP][PASSED] - swipe(startX_2, endY_2, endX_2, startY_2): Swiped from 540,1,516 to 540,650

2022-07-14 13:55:42 - [MESSAGE][PASSED] - Swiped from 540,1,516 to 540,650

2022-07-14 13:55:42 - [TEST_STEP][PASSED] - verifyElementExist(findTestObject("Transfer/transferConfirmationFTransferFromTitleTxt"), 0): Element 'Object Repository/Transfer/transferConfirmationFTransferFromTitleTxt' is exist

2022-07-14 13:55:42 - [MESSAGE][WARNING] - Timeout '0' is invalid. Using default page load timeout: '40'

2022-07-14 13:55:42 - [MESSAGE][PASSED] - Element 'Object Repository/Transfer/transferConfirmationFTransferFromTitleTxt' is exist

2022-07-14 13:55:42 - [TEST_STEP][PASSED] - verifyElementExist(findTestObject("Duit Now/duitNowConfirmationNoteTitleTxt"), 0): Element 'Object Repository/Duit Now/duitNowConfirmationNoteTitleTxt' is exist

2022-07-14 13:55:42 - [MESSAGE][WARNING] - Timeout '0' is invalid. Using default page load timeout: '40'

2022-07-14 13:55:43 - [MESSAGE][PASSED] - Element 'Object Repository/Duit Now/duitNowConfirmationNoteTitleTxt' is exist

2022-07-14 13:55:43 - [TEST_STEP][PASSED] - verifyElementExist(findTestObject("Duit Now/duitNowConfirmationDeclarationTitleTxt"), 0): Element 'Object Repository/Duit Now/duitNowConfirmationDeclarationTitleTxt' is exist

2022-07-14 13:55:43 - [MESSAGE][WARNING] - Timeout '0' is invalid. Using default page load timeout: '40'

2022-07-14 13:55:43 - [MESSAGE][PASSED] - Element 'Object Repository/Duit Now/duitNowConfirmationDeclarationTitleTxt' is exist

2022-07-14 13:55:43 - [TEST_STEP][PASSED] - verifyElementExist(findTestObject("Duit Now/duitNowConfirmationTnCTitleTxt"), 0): Element 'Object Repository/Duit Now/duitNowConfirmationTnCTitleTxt' is exist

2022-07-14 13:55:43 - [MESSAGE][WARNING] - Timeout '0' is invalid. Using default page load timeout: '40'

2022-07-14 13:55:43 - [MESSAGE][PASSED] - Element 'Object Repository/Duit Now/duitNowConfirmationTnCTitleTxt' is exist

2022-07-14 13:55:43 - [TEST_STEP][PASSED] - verifyElementExist(findTestObject("Duit Now/duitNowConfirmationNoteContentTxt"), 0): Element 'Object Repository/Duit Now/duitNowConfirmationNoteContentTxt' is exist

2022-07-14 13:55:43 - [MESSAGE][WARNING] - Timeout '0' is invalid. Using default page load timeout: '40'

2022-07-14 13:55:43 - [MESSAGE][PASSED] - Element 'Object Repository/Duit Now/duitNowConfirmationNoteContentTxt' is exist

2022-07-14 13:55:43 - [TEST_STEP][PASSED] - verifyElementExist(findTestObject("Duit Now/duitNowConfirmationDeclarationContentTxt"), 0): Element 'Object Repository/Duit Now/duitNowConfirmationDeclarationContentTxt' is exist

2022-07-14 13:55:43 - [MESSAGE][WARNING] - Timeout '0' is invalid. Using default page load timeout: '40'

2022-07-14 13:55:44 - [MESSAGE][PASSED] - Element 'Object Repository/Duit Now/duitNowConfirmationDeclarationContentTxt' is exist

2022-07-14 13:55:44 - [TEST_STEP][PASSED] - verifyElementText(findTestObject("Transfer/transferConfirmationFromAccTypeTxt", ["accType":accType]), accType): Actual text and expected text of test object 'Object Repository/Transfer/transferConfirmationFromAccTypeTxt' are matched.

2022-07-14 13:55:44 - [MESSAGE][PASSED] - Actual text and expected text of test object 'Object Repository/Transfer/transferConfirmationFromAccTypeTxt' are matched.

2022-07-14 13:55:44 - [TEST_STEP][PASSED] - verifyElementText(findTestObject("Transfer/transferConfirmationFromAccNoTxt", ["accNoFrom":accNoFrom]), accNoFrom): Actual text and expected text of test object 'Object Repository/Transfer/transferConfirmationFromAccNoTxt' are matched.

2022-07-14 13:55:44 - [MESSAGE][PASSED] - Actual text and expected text of test object 'Object Repository/Transfer/transferConfirmationFromAccNoTxt' are matched.

2022-07-14 13:55:44 - [TEST_STEP][PASSED] - verifyElementExist(findTestObject("Transfer/transferConfirmationFromAccBalanceTxt"), 0): Element 'Object Repository/Transfer/transferConfirmationFromAccBalanceTxt' is exist

2022-07-14 13:55:44 - [MESSAGE][WARNING] - Timeout '0' is invalid. Using default page load timeout: '40'

2022-07-14 13:55:45 - [MESSAGE][PASSED] - Element 'Object Repository/Transfer/transferConfirmationFromAccBalanceTxt' is exist

2022-07-14 13:55:45 - [TEST_STEP][PASSED] - accountBalance = getText(findTestObject("Transfer/transferConfirmationFromAccBalanceTxt"), 0): Text of element 'Object Repository/Transfer/transferConfirmationFromAccBalanceTxt' is: 'RM 4,699.31'

2022-07-14 13:55:45 - [MESSAGE][WARNING] - Timeout '0' is invalid. Using default page load timeout: '40'

2022-07-14 13:55:45 - [MESSAGE][PASSED] - Text of element 'Object Repository/Transfer/transferConfirmationFromAccBalanceTxt' is: 'RM 4,699.31'

2022-07-14 13:55:45 - [TEST_STEP][PASSED] - println(accountBalance): null

2022-07-14 13:55:45 - [TEST_STEP][PASSED] - tap(findTestObject("Main/mainTransferNowBtn"), 0): Tapped on element 'Object Repository/Main/mainTransferNowBtn'

2022-07-14 13:55:45 - [MESSAGE][WARNING] - Timeout '0' is invalid. Using default page load timeout: '40'

2022-07-14 13:55:45 - [MESSAGE][PASSED] - Tapped on element 'Object Repository/Main/mainTransferNowBtn'

2022-07-14 13:55:45 - [TEST_STEP][PASSED] - if (verifyElementVisible(findTestObject("Main/mainS2UApproveBtn"), 5, OPTIONAL)): Element 'Object Repository/Festive Season/festiveReturnAngpaoTACNoTxt' not found

2022-07-14 13:55:52 - [MESSAGE][WARNING] - Element 'Object Repository/Main/mainS2UApproveBtn' not found

2022-07-14 13:56:02 - [MESSAGE][WARNING] - Element 'Object Repository/Festive Season/festiveReturnAngpaoTACNoTxt' not found

2022-07-14 13:56:02 - [TEST_STEP][PASSED] - delay(3): Delayed 3 second(s)

2022-07-14 13:56:05 - [MESSAGE][PASSED] - Delayed 3 second(s)

2022-07-14 13:56:05 - [TEST_STEP][PASSED] - verifyElementExist(findTestObject("Festive Season/returnAngpaoStatusMessageTxt"), 0): Element 'Object Repository/Festive Season/returnAngpaoStatusMessageTxt' is exist

2022-07-14 13:56:05 - [MESSAGE][WARNING] - Timeout '0' is invalid. Using default page load timeout: '40'

2022-07-14 13:56:05 - [MESSAGE][PASSED] - Element 'Object Repository/Festive Season/returnAngpaoStatusMessageTxt' is exist

2022-07-14 13:56:05 - [TEST_STEP][PASSED] - message = getText(findTestObject("Festive Season/returnAngpaoStatusMessageTxt"), 10): Text of element 'Object Repository/Festive Season/returnAngpaoStatusMessageTxt' is: 'Transfer successful'

2022-07-14 13:56:05 - [MESSAGE][PASSED] - Text of element 'Object Repository/Festive Season/returnAngpaoStatusMessageTxt' is: 'Transfer successful'

2022-07-14 13:56:05 - [TEST_STEP][PASSED] - println(message): null

2022-07-14 13:56:05 - [TEST_STEP][PASSED] - assert message == successTransactionMessage: null

2022-07-14 13:56:05 - [TEST_STEP][PASSED] - delay(5): Delayed 5 second(s)

2022-07-14 13:56:10 - [MESSAGE][PASSED] - Delayed 5 second(s)

2022-07-14 13:56:10 - [TEST_STEP][PASSED] - if (value > limit): null

2022-07-14 13:56:10 - [TEST_STEP][PASSED] - else: Element 'Object Repository/Transfer/transferSummaryShareReceiptBtn' is exist

2022-07-14 13:56:10 - [TEST_STEP][PASSED] - verifyElementExist(findTestObject("Duit Now/duitNowSummaryDateTimeTitleTxt"), 0): Element 'Object Repository/Duit Now/duitNowSummaryDateTimeTitleTxt' is exist

2022-07-14 13:56:10 - [MESSAGE][WARNING] - Timeout '0' is invalid. Using default page load timeout: '40'

2022-07-14 13:56:11 - [MESSAGE][PASSED] - Element 'Object Repository/Duit Now/duitNowSummaryDateTimeTitleTxt' is exist

2022-07-14 13:56:11 - [TEST_STEP][PASSED] - verifyElementExist(findTestObject("Duit Now/duitNowSummaryRefernceIDTitleTxt"), 0): Element 'Object Repository/Duit Now/duitNowSummaryRefernceIDTitleTxt' is exist

2022-07-14 13:56:11 - [MESSAGE][WARNING] - Timeout '0' is invalid. Using default page load timeout: '40'

2022-07-14 13:56:11 - [MESSAGE][PASSED] - Element 'Object Repository/Duit Now/duitNowSummaryRefernceIDTitleTxt' is exist

2022-07-14 13:56:11 - [TEST_STEP][PASSED] - verifyElementExist(findTestObject("Transfer/transferSummaryShareReceiptBtn"), 0): Element 'Object Repository/Transfer/transferSummaryShareReceiptBtn' is exist

2022-07-14 13:56:11 - [MESSAGE][WARNING] - Timeout '0' is invalid. Using default page load timeout: '40'

2022-07-14 13:56:11 - [MESSAGE][PASSED] - Element 'Object Repository/Transfer/transferSummaryShareReceiptBtn' is exist

2022-07-14 13:56:11 - [TEST_STEP][PASSED] - delay(5): Delayed 5 second(s)

2022-07-14 13:56:16 - [MESSAGE][PASSED] - Delayed 5 second(s)

2022-07-14 13:56:16 - [TEST_STEP][PASSED] - referenceID = getText(findTestObject("Send Request Money/requestMoneyPaySummaryRefIDTxt"), 0): Text of element 'Object Repository/Send Request Money/requestMoneyPaySummaryRefIDTxt' is: '181678659M'

2022-07-14 13:56:16 - [MESSAGE][WARNING] - Timeout '0' is invalid. Using default page load timeout: '40'

2022-07-14 13:56:16 - [MESSAGE][PASSED] - Text of element 'Object Repository/Send Request Money/requestMoneyPaySummaryRefIDTxt' is: '181678659M'

2022-07-14 13:56:16 - [TEST_STEP][PASSED] - println(referenceID): null

2022-07-14 13:56:16 - [TEST_STEP][PASSED] - test = dataFolder: null

2022-07-14 13:56:16 - [TEST_STEP][PASSED] - sheetName = "Sheet1": null

2022-07-14 13:56:16 - [TEST_STEP][PASSED] - file1 = new java.io.File(test): null

2022-07-14 13:56:16 - [TEST_STEP][PASSED] - assert file1.exists() == true: null

2022-07-14 13:56:16 - [TEST_STEP][PASSED] - woorkbook1 = getWorkbook(test): null

2022-07-14 13:56:16 - [TEST_STEP][PASSED] - sheet1 = getExcelSheet(woorkbook1, sheetName): null

2022-07-14 13:56:16 - [TEST_STEP][PASSED] - setValueToCellByIndex(sheet1, 4, 1, referenceID): null

2022-07-14 13:56:16 - [TEST_STEP][PASSED] - saveWorkbook(test, woorkbook1): null

2022-07-14 13:56:16 - [TEST_STEP][PASSED] - delay(3): Delayed 3 second(s)

2022-07-14 13:56:19 - [MESSAGE][PASSED] - Delayed 3 second(s)

2022-07-14 13:56:19 - [TEST_STEP][PASSED] - takeScreenshot("/Users/a00139272/Desktop/Screenshot/duitNowFav.png"): Screenshot is taken

2022-07-14 13:56:20 - [MESSAGE][PASSED] - Screenshot is taken
[[ATTACHMENT|/Users/a00139272/Desktop/Screenshot/duitNowFav.png]]

2022-07-14 13:56:20 - [TEST_STEP][PASSED] - verifyElementVisible(findTestObject("Main/mainDoneBtn"), 0): Element 'Object Repository/Main/mainDoneBtn' is visible

2022-07-14 13:56:20 - [MESSAGE][WARNING] - Timeout '0' is invalid. Using default page load timeout: '40'

2022-07-14 13:56:20 - [MESSAGE][PASSED] - Element 'Object Repository/Main/mainDoneBtn' is visible

2022-07-14 13:56:20 - [TEST_STEP][PASSED] - tap(findTestObject("Main/mainDoneBtn"), 0): Tapped on element 'Object Repository/Main/mainDoneBtn'

2022-07-14 13:56:20 - [MESSAGE][WARNING] - Timeout '0' is invalid. Using default page load timeout: '40'

2022-07-14 13:56:20 - [MESSAGE][PASSED] - Tapped on element 'Object Repository/Main/mainDoneBtn']]></system-out>
         <system-err><![CDATA[]]></system-err>
      </testcase>
      <system-out><![CDATA[2022-07-14 13:11:40 - [TEST_SUITE][FAILED] - Regress 5: Test Cases/Transfer/transfer_thirdPartyToday FAILED.
Reason:
Assertion failed: 

assert newBalance.round(2) == newAfterBalanceF
       |          |        |  |
       4701.84    4701.84  |  4701.88
                           false

	at transfer_thirdPartyToday.run(transfer_thirdPartyToday:342)
	at com.kms.katalon.core.main.ScriptEngine.run(ScriptEngine.java:194)
	at com.kms.katalon.core.main.ScriptEngine.runScriptAsRawText(ScriptEngine.java:119)
	at com.kms.katalon.core.main.TestCaseExecutor.runScript(TestCaseExecutor.java:445)
	at com.kms.katalon.core.main.TestCaseExecutor.doExecute(TestCaseExecutor.java:436)
	at com.kms.katalon.core.main.TestCaseExecutor.processExecutionPhase(TestCaseExecutor.java:415)
	at com.kms.katalon.core.main.TestCaseExecutor.accessMainPhase(TestCaseExecutor.java:407)
	at com.kms.katalon.core.main.TestCaseExecutor.execute(TestCaseExecutor.java:284)
	at com.kms.katalon.core.common.CommonExecutor.accessTestCaseMainPhase(CommonExecutor.java:65)
	at com.kms.katalon.core.main.TestSuiteExecutor.accessTestSuiteMainPhase(TestSuiteExecutor.java:144)
	at com.kms.katalon.core.main.TestSuiteExecutor.execute(TestSuiteExecutor.java:106)
	at com.kms.katalon.core.main.TestCaseMain.startTestSuite(TestCaseMain.java:185)
	at com.kms.katalon.core.main.TestCaseMain$startTestSuite$0.call(Unknown Source)
	at TempTestSuite1657775490909.run(TempTestSuite1657775490909.groovy:36)]]></system-out>
      <system-err><![CDATA[2022-07-14 13:11:40 - [TEST_SUITE][FAILED] - Regress 5: Test Cases/Transfer/transfer_thirdPartyToday FAILED.
Reason:
Assertion failed: 

assert newBalance.round(2) == newAfterBalanceF
       |          |        |  |
       4701.84    4701.84  |  4701.88
                           false

	at transfer_thirdPartyToday.run(transfer_thirdPartyToday:342)
	at com.kms.katalon.core.main.ScriptEngine.run(ScriptEngine.java:194)
	at com.kms.katalon.core.main.ScriptEngine.runScriptAsRawText(ScriptEngine.java:119)
	at com.kms.katalon.core.main.TestCaseExecutor.runScript(TestCaseExecutor.java:445)
	at com.kms.katalon.core.main.TestCaseExecutor.doExecute(TestCaseExecutor.java:436)
	at com.kms.katalon.core.main.TestCaseExecutor.processExecutionPhase(TestCaseExecutor.java:415)
	at com.kms.katalon.core.main.TestCaseExecutor.accessMainPhase(TestCaseExecutor.java:407)
	at com.kms.katalon.core.main.TestCaseExecutor.execute(TestCaseExecutor.java:284)
	at com.kms.katalon.core.common.CommonExecutor.accessTestCaseMainPhase(CommonExecutor.java:65)
	at com.kms.katalon.core.main.TestSuiteExecutor.accessTestSuiteMainPhase(TestSuiteExecutor.java:144)
	at com.kms.katalon.core.main.TestSuiteExecutor.execute(TestSuiteExecutor.java:106)
	at com.kms.katalon.core.main.TestCaseMain.startTestSuite(TestCaseMain.java:185)
	at com.kms.katalon.core.main.TestCaseMain$startTestSuite$0.call(Unknown Source)
	at TempTestSuite1657775490909.run(TempTestSuite1657775490909.groovy:36)]]></system-err>
   </testsuite>
</testsuites>
