<?xml version="1.0" encoding="UTF-8"?>
<testsuites name="MAE" time="224.841" tests="2" failures="0" errors="0">
   <testsuite name="MAE" tests="2" failures="0" errors="0" time="224.841" skipped="0" timestamp="2022-02-09 08:12:43" hostname="a00139272 - 192.168.0.189" id="Test Suites/MAE">
      <properties>
         <property name="deviceName" value="samsung SM-G965F (Android 10)"/>
         <property name="devicePlatform" value=""/>
         <property name="logFolder" value="/Users/a00139272/Katalon Studio/MAEAutomation2/Reports/20220209_081233/MAE/20220209_081233"/>
         <property name="logFiles" value="/Users/a00139272/Katalon Studio/MAEAutomation2/Reports/20220209_081233/MAE/20220209_081233/execution0.log, /Users/a00139272/Katalon Studio/MAEAutomation2/Reports/20220209_081233/MAE/20220209_081233/appium.log"/>
         <property name="attachments" value=""/>
         <property name="hostName" value="a00139272 - 192.168.0.189"/>
         <property name="os" value="Mac OS X 64bit"/>
         <property name="appiumServerStatus" value="{&quot;value&quot;:{&quot;build&quot;:{&quot;version&quot;:&quot;1.22.1&quot;}},&quot;sessionId&quot;:null,&quot;status&quot;:0}"/>
         <property name="katalonVersion" value="8.2.0.208"/>
         <property name="deviceOS" value="Android"/>
         <property name="appiumVersion" value="1.22.1"/>
         <property name="deviceModel" value="SM-G965F"/>
         <property name="hostAddress" value="192.168.0.189"/>
         <property name="deviceManufacturer" value="samsung"/>
         <property name="deviceId" value="2252c030550d7ece"/>
         <property name="deviceName" value="samsung SM-G965F (Android 10)"/>
         <property name="deviceOSVersion" value="10"/>
      </properties>
      <testcase name="Test Cases/PayBill/payBills_todayTransaction" time="114.591" classname="Test Cases/PayBill/payBills_todayTransaction" status="PASSED">
         <system-out><![CDATA[2022-02-09 08:12:43 - [TEST_CASE][PASSED] - Test Cases/PayBill/payBills_todayTransaction: Test Cases/PayBill/payBills_todayTransaction

2022-02-09 08:12:44 - [TEST_STEP][PASSED] - startApplication(appPath, false): Started app at: '/Users/a00139272/Katalon Studio/MAE/androidapp/app-dev-universal-release.apk'

2022-02-09 08:12:44 - [MESSAGE][INFO] - User set preference: ['appWaitActivity', '*']

2022-02-09 08:12:44 - [MESSAGE][INFO] - User set preference: ['deviceId', '2252c030550d7ece']

2022-02-09 08:12:45 - [MESSAGE][INFO] - Appium server started on port 61,116

2022-02-09 08:12:58 - [MESSAGE][PASSED] - Started app at: '/Users/a00139272/Katalon Studio/MAE/androidapp/app-dev-universal-release.apk'

2022-02-09 08:12:58 - [TEST_STEP][PASSED] - setMobileDriverPreferencesProperty("appPackage", "com.maybank2u.life.dev"): null

2022-02-09 08:12:58 - [TEST_STEP][PASSED] - setMobileDriverPreferencesProperty("appActivity", "com.maybank2u.life.MainActivity"): null

2022-02-09 08:12:58 - [TEST_STEP][PASSED] - delay(5): Delayed 5 second(s)

2022-02-09 08:13:03 - [MESSAGE][PASSED] - Delayed 5 second(s)

2022-02-09 08:13:03 - [TEST_STEP][PASSED] - if (getDeviceManufacturer() == "samsung"): null

2022-02-09 08:13:03 - [MESSAGE][PASSED] - Device manufacturer is: 'samsung'

2022-02-09 08:13:03 - [TEST_STEP][PASSED] - tapAtPosition(470, 2694): Tapped at [470, 2,694]

2022-02-09 08:13:03 - [MESSAGE][PASSED] - Tapped at [470, 2,694]

2022-02-09 08:13:03 - [TEST_STEP][PASSED] - if (verifyElementVisible(findTestObject("Main/mainEnterPINMessage"), 0, OPTIONAL)): null

2022-02-09 08:13:03 - [MESSAGE][WARNING] - Timeout '0' is invalid. Using default page load timeout: '20'

2022-02-09 08:13:05 - [MESSAGE][PASSED] - Element 'Object Repository/Main/mainEnterPINMessage' is visible

2022-02-09 08:13:05 - [TEST_STEP][PASSED] - tap(findTestObject("Login Onboarding/PIN1"), 0): Tapped on element 'Object Repository/Login Onboarding/PIN1'

2022-02-09 08:13:05 - [MESSAGE][WARNING] - Timeout '0' is invalid. Using default page load timeout: '20'

2022-02-09 08:13:05 - [MESSAGE][PASSED] - Tapped on element 'Object Repository/Login Onboarding/PIN1'

2022-02-09 08:13:05 - [TEST_STEP][PASSED] - tap(findTestObject("Login Onboarding/PIN1"), 0): Tapped on element 'Object Repository/Login Onboarding/PIN1'

2022-02-09 08:13:05 - [MESSAGE][WARNING] - Timeout '0' is invalid. Using default page load timeout: '20'

2022-02-09 08:13:07 - [MESSAGE][PASSED] - Tapped on element 'Object Repository/Login Onboarding/PIN1'

2022-02-09 08:13:07 - [TEST_STEP][PASSED] - tap(findTestObject("Login Onboarding/PIN1"), 0): Tapped on element 'Object Repository/Login Onboarding/PIN1'

2022-02-09 08:13:07 - [MESSAGE][WARNING] - Timeout '0' is invalid. Using default page load timeout: '20'

2022-02-09 08:13:09 - [MESSAGE][PASSED] - Tapped on element 'Object Repository/Login Onboarding/PIN1'

2022-02-09 08:13:09 - [TEST_STEP][PASSED] - tap(findTestObject("Login Onboarding/PIN1"), 0): Tapped on element 'Object Repository/Login Onboarding/PIN1'

2022-02-09 08:13:09 - [MESSAGE][WARNING] - Timeout '0' is invalid. Using default page load timeout: '20'

2022-02-09 08:13:11 - [MESSAGE][PASSED] - Tapped on element 'Object Repository/Login Onboarding/PIN1'

2022-02-09 08:13:11 - [TEST_STEP][PASSED] - tap(findTestObject("Login Onboarding/PIN1"), 0): Tapped on element 'Object Repository/Login Onboarding/PIN1'

2022-02-09 08:13:11 - [MESSAGE][WARNING] - Timeout '0' is invalid. Using default page load timeout: '20'

2022-02-09 08:13:13 - [MESSAGE][PASSED] - Tapped on element 'Object Repository/Login Onboarding/PIN1'

2022-02-09 08:13:13 - [TEST_STEP][PASSED] - tap(findTestObject("Login Onboarding/PIN2"), 0): Tapped on element 'Object Repository/Login Onboarding/PIN2'

2022-02-09 08:13:13 - [MESSAGE][WARNING] - Timeout '0' is invalid. Using default page load timeout: '20'

2022-02-09 08:13:15 - [MESSAGE][PASSED] - Tapped on element 'Object Repository/Login Onboarding/PIN2'

2022-02-09 08:13:15 - [TEST_STEP][PASSED] - delay(2): Delayed 2 second(s)

2022-02-09 08:13:17 - [MESSAGE][PASSED] - Delayed 2 second(s)

2022-02-09 08:13:17 - [TEST_STEP][PASSED] - tap(findTestObject("Banking/m2uAccountTypeSelection", ["text":"Personal Current Account"]), 10): Tapped on element 'Object Repository/Banking/m2uAccountTypeSelection'

2022-02-09 08:13:20 - [MESSAGE][PASSED] - Tapped on element 'Object Repository/Banking/m2uAccountTypeSelection'

2022-02-09 08:13:20 - [TEST_STEP][PASSED] - tap(findTestObject("Banking/m2uAccountPayBillsIconSelect"), 0): Tapped on element 'Object Repository/Banking/m2uAccountPayBillsIconSelect'

2022-02-09 08:13:20 - [MESSAGE][WARNING] - Timeout '0' is invalid. Using default page load timeout: '20'

2022-02-09 08:13:24 - [MESSAGE][PASSED] - Tapped on element 'Object Repository/Banking/m2uAccountPayBillsIconSelect'

2022-02-09 08:13:24 - [TEST_STEP][PASSED] - if (verifyElementVisible(findTestObject("Login Onboarding/loginEnterPasswordMessage"), 0, OPTIONAL)): null

2022-02-09 08:13:24 - [MESSAGE][WARNING] - Timeout '0' is invalid. Using default page load timeout: '20'

2022-02-09 08:13:25 - [MESSAGE][PASSED] - Element 'Object Repository/Login Onboarding/loginEnterPasswordMessage' is visible

2022-02-09 08:13:25 - [TEST_STEP][PASSED] - setText(findTestObject("Login Onboarding/loginPasswordInputField"), Password, 0): Text 'Maybank@1' has been set to element 'Object Repository/Login Onboarding/loginPasswordInputField'

2022-02-09 08:13:25 - [MESSAGE][WARNING] - Timeout '0' is invalid. Using default page load timeout: '20'

2022-02-09 08:13:26 - [MESSAGE][PASSED] - Text 'Maybank@1' has been set to element 'Object Repository/Login Onboarding/loginPasswordInputField'

2022-02-09 08:13:26 - [TEST_STEP][PASSED] - hideKeyboard(): Keyboard is hidden

2022-02-09 08:13:27 - [MESSAGE][PASSED] - Keyboard is hidden

2022-02-09 08:13:27 - [TEST_STEP][PASSED] - tap(findTestObject("Login Onboarding/loginExistingContinueBtn"), 0): Tapped on element 'Object Repository/Login Onboarding/loginExistingContinueBtn'

2022-02-09 08:13:27 - [MESSAGE][WARNING] - Timeout '0' is invalid. Using default page load timeout: '20'

2022-02-09 08:13:27 - [MESSAGE][PASSED] - Tapped on element 'Object Repository/Login Onboarding/loginExistingContinueBtn'

2022-02-09 08:13:27 - [TEST_STEP][PASSED] - waitForElementPresent(findTestObject("Paybill/payBillsIconSelect"), 0): Element 'Object Repository/Paybill/payBillsIconSelect' is present

2022-02-09 08:13:27 - [MESSAGE][WARNING] - Timeout '0' is invalid. Using default page load timeout: '20'

2022-02-09 08:13:32 - [MESSAGE][PASSED] - Element 'Object Repository/Paybill/payBillsIconSelect' is present

2022-02-09 08:13:32 - [TEST_STEP][PASSED] - tap(findTestObject("Paybill/payBillsIconSelect"), 0): Tapped on element 'Object Repository/Paybill/payBillsIconSelect'

2022-02-09 08:13:32 - [MESSAGE][WARNING] - Timeout '0' is invalid. Using default page load timeout: '20'

2022-02-09 08:13:33 - [MESSAGE][PASSED] - Tapped on element 'Object Repository/Paybill/payBillsIconSelect'

2022-02-09 08:13:33 - [TEST_STEP][PASSED] - tap(findTestObject("Paybill/payBillSearchBillerInputField"), 0): Tapped on element 'Object Repository/Paybill/payBillSearchBillerInputField'

2022-02-09 08:13:33 - [MESSAGE][WARNING] - Timeout '0' is invalid. Using default page load timeout: '20'

2022-02-09 08:13:36 - [MESSAGE][PASSED] - Tapped on element 'Object Repository/Paybill/payBillSearchBillerInputField'

2022-02-09 08:13:36 - [TEST_STEP][PASSED] - setText(findTestObject("Paybill/payBillBillerNameInputField"), "Maxis", 0): Text 'Maxis' has been set to element 'Object Repository/Paybill/payBillBillerNameInputField'

2022-02-09 08:13:36 - [MESSAGE][WARNING] - Timeout '0' is invalid. Using default page load timeout: '20'

2022-02-09 08:13:38 - [MESSAGE][PASSED] - Text 'Maxis' has been set to element 'Object Repository/Paybill/payBillBillerNameInputField'

2022-02-09 08:13:38 - [TEST_STEP][PASSED] - delay(3): Delayed 3 second(s)

2022-02-09 08:13:41 - [MESSAGE][PASSED] - Delayed 3 second(s)

2022-02-09 08:13:41 - [TEST_STEP][PASSED] - tap(findTestObject("Paybill/payBillBillerSelect", ["text":"Maxis Mobile Sdn Bhd"]), 10): Tapped on element 'Object Repository/Paybill/payBillBillerSelect'

2022-02-09 08:13:41 - [MESSAGE][PASSED] - Tapped on element 'Object Repository/Paybill/payBillBillerSelect'

2022-02-09 08:13:41 - [TEST_STEP][PASSED] - tap(findTestObject("Paybill/payBillBillerSelect", ["text":"Maxis Mobile Sdn Bhd"]), 10): Tapped on element 'Object Repository/Paybill/payBillBillerSelect'

2022-02-09 08:13:42 - [MESSAGE][PASSED] - Tapped on element 'Object Repository/Paybill/payBillBillerSelect'

2022-02-09 08:13:42 - [TEST_STEP][PASSED] - setText(findTestObject("Paybill/PayBillAccountNumberInputField"), "1544054651", 0): Text '1544054651' has been set to element 'Object Repository/Paybill/PayBillAccountNumberInputField'

2022-02-09 08:13:42 - [MESSAGE][WARNING] - Timeout '0' is invalid. Using default page load timeout: '20'

2022-02-09 08:13:45 - [MESSAGE][PASSED] - Text '1544054651' has been set to element 'Object Repository/Paybill/PayBillAccountNumberInputField'

2022-02-09 08:13:45 - [TEST_STEP][PASSED] - hideKeyboard(): Keyboard is hidden

2022-02-09 08:13:46 - [MESSAGE][PASSED] - Keyboard is hidden

2022-02-09 08:13:46 - [TEST_STEP][PASSED] - tap(findTestObject("Login Onboarding/loginExistingContinueBtn"), 0): Tapped on element 'Object Repository/Login Onboarding/loginExistingContinueBtn'

2022-02-09 08:13:46 - [MESSAGE][WARNING] - Timeout '0' is invalid. Using default page load timeout: '20'

2022-02-09 08:13:46 - [MESSAGE][PASSED] - Tapped on element 'Object Repository/Login Onboarding/loginExistingContinueBtn'

2022-02-09 08:13:46 - [TEST_STEP][PASSED] - tap(findTestObject("Login Onboarding/PIN1"), 0): Tapped on element 'Object Repository/Login Onboarding/PIN1'

2022-02-09 08:13:46 - [MESSAGE][WARNING] - Timeout '0' is invalid. Using default page load timeout: '20'

2022-02-09 08:13:48 - [MESSAGE][PASSED] - Tapped on element 'Object Repository/Login Onboarding/PIN1'

2022-02-09 08:13:48 - [TEST_STEP][PASSED] - tap(findTestObject("Login Onboarding/PIN4"), 0): Tapped on element 'Object Repository/Login Onboarding/PIN4'

2022-02-09 08:13:48 - [MESSAGE][WARNING] - Timeout '0' is invalid. Using default page load timeout: '20'

2022-02-09 08:13:49 - [MESSAGE][PASSED] - Tapped on element 'Object Repository/Login Onboarding/PIN4'

2022-02-09 08:13:49 - [TEST_STEP][PASSED] - delay(3): Delayed 3 second(s)

2022-02-09 08:13:52 - [MESSAGE][PASSED] - Delayed 3 second(s)

2022-02-09 08:13:52 - [TEST_STEP][PASSED] - tap(findTestObject("Main/mainAmountTickBtn"), 0): Tapped on element 'Object Repository/Main/mainAmountTickBtn'

2022-02-09 08:13:52 - [MESSAGE][WARNING] - Timeout '0' is invalid. Using default page load timeout: '20'

2022-02-09 08:13:53 - [MESSAGE][PASSED] - Tapped on element 'Object Repository/Main/mainAmountTickBtn'

2022-02-09 08:13:53 - [TEST_STEP][PASSED] - delay(5): Delayed 5 second(s)

2022-02-09 08:13:58 - [MESSAGE][PASSED] - Delayed 5 second(s)

2022-02-09 08:13:58 - [TEST_STEP][PASSED] - waitForElementPresent(findTestObject("Main/mainPayNowBtn"), 5): Element 'Object Repository/Main/mainPayNowBtn' is present

2022-02-09 08:13:58 - [MESSAGE][PASSED] - Element 'Object Repository/Main/mainPayNowBtn' is present

2022-02-09 08:13:58 - [TEST_STEP][PASSED] - tap(findTestObject("Main/mainPayNowBtn"), 0): Tapped on element 'Object Repository/Main/mainPayNowBtn'

2022-02-09 08:13:58 - [MESSAGE][WARNING] - Timeout '0' is invalid. Using default page load timeout: '20'

2022-02-09 08:13:59 - [MESSAGE][PASSED] - Tapped on element 'Object Repository/Main/mainPayNowBtn'

2022-02-09 08:13:59 - [TEST_STEP][PASSED] - if (verifyElementVisible(findTestObject("Festive Season/festiveReturnAngpaoTACNoTxt"), 0, OPTIONAL)): null

2022-02-09 08:13:59 - [MESSAGE][WARNING] - Timeout '0' is invalid. Using default page load timeout: '20'

2022-02-09 08:14:11 - [MESSAGE][PASSED] - Element 'Object Repository/Festive Season/festiveReturnAngpaoTACNoTxt' is visible

2022-02-09 08:14:11 - [TEST_STEP][PASSED] - OTP = getText(findTestObject("Festive Season/festiveReturnAngpaoTACNoTxt"), 0): Text of element 'Object Repository/Festive Season/festiveReturnAngpaoTACNoTxt' is: 'Your TAC no. is 698290'

2022-02-09 08:14:11 - [MESSAGE][WARNING] - Timeout '0' is invalid. Using default page load timeout: '20'

2022-02-09 08:14:11 - [MESSAGE][PASSED] - Text of element 'Object Repository/Festive Season/festiveReturnAngpaoTACNoTxt' is: 'Your TAC no. is 698290'

2022-02-09 08:14:11 - [TEST_STEP][PASSED] - for ([i = 16, i <= 21, (i++)]): null

2022-02-09 08:14:11 - [TEST_STEP][PASSED] - if (OTP[i] == "0"): null

2022-02-09 08:14:11 - [TEST_STEP][PASSED] - if (OTP[i] == "1"): null

2022-02-09 08:14:11 - [TEST_STEP][PASSED] - if (OTP[i] == "2"): null

2022-02-09 08:14:11 - [TEST_STEP][PASSED] - if (OTP[i] == "3"): null

2022-02-09 08:14:11 - [TEST_STEP][PASSED] - if (OTP[i] == "4"): null

2022-02-09 08:14:11 - [TEST_STEP][PASSED] - if (OTP[i] == "5"): null

2022-02-09 08:14:11 - [TEST_STEP][PASSED] - if (OTP[i] == "6"): Tapped on element 'Object Repository/Login Onboarding/PIN6'

2022-02-09 08:14:11 - [TEST_STEP][PASSED] - tap(findTestObject("Login Onboarding/PIN6"), 0): Tapped on element 'Object Repository/Login Onboarding/PIN6'

2022-02-09 08:14:11 - [MESSAGE][WARNING] - Timeout '0' is invalid. Using default page load timeout: '20'

2022-02-09 08:14:12 - [MESSAGE][PASSED] - Tapped on element 'Object Repository/Login Onboarding/PIN6'

2022-02-09 08:14:12 - [TEST_STEP][PASSED] - if (OTP[i] == "7"): null

2022-02-09 08:14:12 - [TEST_STEP][PASSED] - if (OTP[i] == "8"): null

2022-02-09 08:14:12 - [TEST_STEP][PASSED] - if (OTP[i] == "9"): null

2022-02-09 08:14:12 - [TEST_STEP][PASSED] - if (OTP[i] == "0"): null

2022-02-09 08:14:12 - [TEST_STEP][PASSED] - if (OTP[i] == "1"): null

2022-02-09 08:14:12 - [TEST_STEP][PASSED] - if (OTP[i] == "2"): null

2022-02-09 08:14:12 - [TEST_STEP][PASSED] - if (OTP[i] == "3"): null

2022-02-09 08:14:12 - [TEST_STEP][PASSED] - if (OTP[i] == "4"): null

2022-02-09 08:14:12 - [TEST_STEP][PASSED] - if (OTP[i] == "5"): null

2022-02-09 08:14:12 - [TEST_STEP][PASSED] - if (OTP[i] == "6"): null

2022-02-09 08:14:12 - [TEST_STEP][PASSED] - if (OTP[i] == "7"): null

2022-02-09 08:14:12 - [TEST_STEP][PASSED] - if (OTP[i] == "8"): null

2022-02-09 08:14:12 - [TEST_STEP][PASSED] - if (OTP[i] == "9"): Tapped on element 'Object Repository/Login Onboarding/PIN9'

2022-02-09 08:14:12 - [TEST_STEP][PASSED] - tap(findTestObject("Login Onboarding/PIN9"), 0): Tapped on element 'Object Repository/Login Onboarding/PIN9'

2022-02-09 08:14:12 - [MESSAGE][WARNING] - Timeout '0' is invalid. Using default page load timeout: '20'

2022-02-09 08:14:14 - [MESSAGE][PASSED] - Tapped on element 'Object Repository/Login Onboarding/PIN9'

2022-02-09 08:14:14 - [TEST_STEP][PASSED] - if (OTP[i] == "0"): null

2022-02-09 08:14:14 - [TEST_STEP][PASSED] - if (OTP[i] == "1"): null

2022-02-09 08:14:14 - [TEST_STEP][PASSED] - if (OTP[i] == "2"): null

2022-02-09 08:14:14 - [TEST_STEP][PASSED] - if (OTP[i] == "3"): null

2022-02-09 08:14:14 - [TEST_STEP][PASSED] - if (OTP[i] == "4"): null

2022-02-09 08:14:14 - [TEST_STEP][PASSED] - if (OTP[i] == "5"): null

2022-02-09 08:14:14 - [TEST_STEP][PASSED] - if (OTP[i] == "6"): null

2022-02-09 08:14:14 - [TEST_STEP][PASSED] - if (OTP[i] == "7"): null

2022-02-09 08:14:14 - [TEST_STEP][PASSED] - if (OTP[i] == "8"): Tapped on element 'Object Repository/Login Onboarding/PIN8'

2022-02-09 08:14:14 - [TEST_STEP][PASSED] - tap(findTestObject("Login Onboarding/PIN8"), 0): Tapped on element 'Object Repository/Login Onboarding/PIN8'

2022-02-09 08:14:14 - [MESSAGE][WARNING] - Timeout '0' is invalid. Using default page load timeout: '20'

2022-02-09 08:14:17 - [MESSAGE][PASSED] - Tapped on element 'Object Repository/Login Onboarding/PIN8'

2022-02-09 08:14:17 - [TEST_STEP][PASSED] - if (OTP[i] == "9"): null

2022-02-09 08:14:17 - [TEST_STEP][PASSED] - if (OTP[i] == "0"): null

2022-02-09 08:14:17 - [TEST_STEP][PASSED] - if (OTP[i] == "1"): null

2022-02-09 08:14:17 - [TEST_STEP][PASSED] - if (OTP[i] == "2"): Tapped on element 'Object Repository/Login Onboarding/PIN2'

2022-02-09 08:14:17 - [TEST_STEP][PASSED] - tap(findTestObject("Login Onboarding/PIN2"), 0): Tapped on element 'Object Repository/Login Onboarding/PIN2'

2022-02-09 08:14:17 - [MESSAGE][WARNING] - Timeout '0' is invalid. Using default page load timeout: '20'

2022-02-09 08:14:19 - [MESSAGE][PASSED] - Tapped on element 'Object Repository/Login Onboarding/PIN2'

2022-02-09 08:14:19 - [TEST_STEP][PASSED] - if (OTP[i] == "3"): null

2022-02-09 08:14:19 - [TEST_STEP][PASSED] - if (OTP[i] == "4"): null

2022-02-09 08:14:19 - [TEST_STEP][PASSED] - if (OTP[i] == "5"): null

2022-02-09 08:14:19 - [TEST_STEP][PASSED] - if (OTP[i] == "6"): null

2022-02-09 08:14:19 - [TEST_STEP][PASSED] - if (OTP[i] == "7"): null

2022-02-09 08:14:19 - [TEST_STEP][PASSED] - if (OTP[i] == "8"): null

2022-02-09 08:14:19 - [TEST_STEP][PASSED] - if (OTP[i] == "9"): null

2022-02-09 08:14:19 - [TEST_STEP][PASSED] - if (OTP[i] == "0"): null

2022-02-09 08:14:19 - [TEST_STEP][PASSED] - if (OTP[i] == "1"): null

2022-02-09 08:14:19 - [TEST_STEP][PASSED] - if (OTP[i] == "2"): null

2022-02-09 08:14:19 - [TEST_STEP][PASSED] - if (OTP[i] == "3"): null

2022-02-09 08:14:19 - [TEST_STEP][PASSED] - if (OTP[i] == "4"): null

2022-02-09 08:14:19 - [TEST_STEP][PASSED] - if (OTP[i] == "5"): null

2022-02-09 08:14:19 - [TEST_STEP][PASSED] - if (OTP[i] == "6"): null

2022-02-09 08:14:19 - [TEST_STEP][PASSED] - if (OTP[i] == "7"): null

2022-02-09 08:14:19 - [TEST_STEP][PASSED] - if (OTP[i] == "8"): null

2022-02-09 08:14:19 - [TEST_STEP][PASSED] - if (OTP[i] == "9"): Tapped on element 'Object Repository/Login Onboarding/PIN9'

2022-02-09 08:14:19 - [TEST_STEP][PASSED] - tap(findTestObject("Login Onboarding/PIN9"), 0): Tapped on element 'Object Repository/Login Onboarding/PIN9'

2022-02-09 08:14:19 - [MESSAGE][WARNING] - Timeout '0' is invalid. Using default page load timeout: '20'

2022-02-09 08:14:21 - [MESSAGE][PASSED] - Tapped on element 'Object Repository/Login Onboarding/PIN9'

2022-02-09 08:14:21 - [TEST_STEP][PASSED] - if (OTP[i] == "0"): Tapped on element 'Object Repository/Login Onboarding/PIN0'

2022-02-09 08:14:21 - [TEST_STEP][PASSED] - tap(findTestObject("Login Onboarding/PIN0"), 0): Tapped on element 'Object Repository/Login Onboarding/PIN0'

2022-02-09 08:14:21 - [MESSAGE][WARNING] - Timeout '0' is invalid. Using default page load timeout: '20'

2022-02-09 08:14:23 - [MESSAGE][PASSED] - Tapped on element 'Object Repository/Login Onboarding/PIN0'

2022-02-09 08:14:23 - [TEST_STEP][PASSED] - if (OTP[i] == "1"): null

2022-02-09 08:14:23 - [TEST_STEP][PASSED] - if (OTP[i] == "2"): null

2022-02-09 08:14:23 - [TEST_STEP][PASSED] - if (OTP[i] == "3"): null

2022-02-09 08:14:23 - [TEST_STEP][PASSED] - if (OTP[i] == "4"): null

2022-02-09 08:14:23 - [TEST_STEP][PASSED] - if (OTP[i] == "5"): null

2022-02-09 08:14:23 - [TEST_STEP][PASSED] - if (OTP[i] == "6"): null

2022-02-09 08:14:23 - [TEST_STEP][PASSED] - if (OTP[i] == "7"): null

2022-02-09 08:14:23 - [TEST_STEP][PASSED] - if (OTP[i] == "8"): null

2022-02-09 08:14:23 - [TEST_STEP][PASSED] - if (OTP[i] == "9"): null

2022-02-09 08:14:23 - [TEST_STEP][PASSED] - delay(3): Delayed 3 second(s)

2022-02-09 08:14:26 - [MESSAGE][PASSED] - Delayed 3 second(s)

2022-02-09 08:14:26 - [TEST_STEP][PASSED] - tap(findTestObject("Festive Season/festiveReturnAngpaoTickBtn"), 0): Tapped on element 'Object Repository/Festive Season/festiveReturnAngpaoTickBtn'

2022-02-09 08:14:26 - [MESSAGE][WARNING] - Timeout '0' is invalid. Using default page load timeout: '20'

2022-02-09 08:14:27 - [MESSAGE][PASSED] - Tapped on element 'Object Repository/Festive Season/festiveReturnAngpaoTickBtn'

2022-02-09 08:14:27 - [TEST_STEP][PASSED] - message = getText(findTestObject("Main/mainTransactionStatusMessageTxt"), 10): Text of element 'Object Repository/Main/mainTransactionStatusMessageTxt' is: 'Payment successful'

2022-02-09 08:14:32 - [MESSAGE][PASSED] - Text of element 'Object Repository/Main/mainTransactionStatusMessageTxt' is: 'Payment successful'

2022-02-09 08:14:32 - [TEST_STEP][PASSED] - println(message): null

2022-02-09 08:14:32 - [TEST_STEP][PASSED] - verifyElementVisible(findTestObject("Main/mainDoneBtn"), 0): Element 'Object Repository/Main/mainDoneBtn' is visible

2022-02-09 08:14:32 - [MESSAGE][WARNING] - Timeout '0' is invalid. Using default page load timeout: '20'

2022-02-09 08:14:33 - [MESSAGE][PASSED] - Element 'Object Repository/Main/mainDoneBtn' is visible

2022-02-09 08:14:33 - [TEST_STEP][PASSED] - tap(findTestObject("Main/mainDoneBtn"), 0): Tapped on element 'Object Repository/Main/mainDoneBtn'

2022-02-09 08:14:33 - [MESSAGE][WARNING] - Timeout '0' is invalid. Using default page load timeout: '20'

2022-02-09 08:14:33 - [MESSAGE][PASSED] - Tapped on element 'Object Repository/Main/mainDoneBtn'

2022-02-09 08:14:33 - [TEST_STEP][PASSED] - delay(5): Delayed 5 second(s)

2022-02-09 08:14:38 - [MESSAGE][PASSED] - Delayed 5 second(s)]]></system-out>
         <system-err><![CDATA[]]></system-err>
      </testcase>
      <testcase name="Test Cases/Others/ticketing_buyKLIATicket" time="110.02" classname="Test Cases/Others/ticketing_buyKLIATicket" status="PASSED">
         <system-out><![CDATA[2022-02-09 08:14:38 - [TEST_CASE][PASSED] - Test Cases/Others/ticketing_buyKLIATicket: Test Cases/Others/ticketing_buyKLIATicket

2022-02-09 08:14:38 - [TEST_STEP][PASSED] - waitForElementPresent(findTestObject("Banking/m2uAccountPayBillsIconSelect"), 0): Element 'Object Repository/Banking/m2uAccountPayBillsIconSelect' is present

2022-02-09 08:14:38 - [MESSAGE][WARNING] - Timeout '0' is invalid. Using default page load timeout: '20'

2022-02-09 08:14:39 - [MESSAGE][PASSED] - Element 'Object Repository/Banking/m2uAccountPayBillsIconSelect' is present

2022-02-09 08:14:39 - [TEST_STEP][PASSED] - if (getDeviceManufacturer() == "samsung"): null

2022-02-09 08:14:39 - [MESSAGE][PASSED] - Device manufacturer is: 'samsung'

2022-02-09 08:14:39 - [TEST_STEP][PASSED] - swipe(1109, 1700, 323, 1700): Swiped from 1,109,1,700 to 323,1,700

2022-02-09 08:14:40 - [MESSAGE][PASSED] - Swiped from 1,109,1,700 to 323,1,700

2022-02-09 08:14:40 - [TEST_STEP][PASSED] - waitForElementPresent(findTestObject("Banking/m2uAccountERLIconSelect"), 0): Element 'Object Repository/Banking/m2uAccountERLIconSelect' is present

2022-02-09 08:14:40 - [MESSAGE][WARNING] - Timeout '0' is invalid. Using default page load timeout: '20'

2022-02-09 08:14:40 - [MESSAGE][PASSED] - Element 'Object Repository/Banking/m2uAccountERLIconSelect' is present

2022-02-09 08:14:40 - [TEST_STEP][PASSED] - tap(findTestObject("Banking/m2uAccountERLIconSelect"), 0): Tapped on element 'Object Repository/Banking/m2uAccountERLIconSelect'

2022-02-09 08:14:40 - [MESSAGE][WARNING] - Timeout '0' is invalid. Using default page load timeout: '20'

2022-02-09 08:14:42 - [MESSAGE][PASSED] - Tapped on element 'Object Repository/Banking/m2uAccountERLIconSelect'

2022-02-09 08:14:42 - [TEST_STEP][PASSED] - delay(3, CONTINUE_ON_FAILURE): Delayed 3 second(s)

2022-02-09 08:14:45 - [MESSAGE][PASSED] - Delayed 3 second(s)

2022-02-09 08:14:45 - [TEST_STEP][PASSED] - waitForElementPresent(findTestObject("KLIA/kliaExpressBuyTicketBtn"), 0): Element 'Object Repository/KLIA/kliaExpressBuyTicketBtn' is present

2022-02-09 08:14:45 - [MESSAGE][WARNING] - Timeout '0' is invalid. Using default page load timeout: '20'

2022-02-09 08:14:45 - [MESSAGE][PASSED] - Element 'Object Repository/KLIA/kliaExpressBuyTicketBtn' is present

2022-02-09 08:14:45 - [TEST_STEP][PASSED] - tap(findTestObject("KLIA/kliaExpressBuyTicketBtn"), 0): Tapped on element 'Object Repository/KLIA/kliaExpressBuyTicketBtn'

2022-02-09 08:14:45 - [MESSAGE][WARNING] - Timeout '0' is invalid. Using default page load timeout: '20'

2022-02-09 08:14:46 - [MESSAGE][PASSED] - Tapped on element 'Object Repository/KLIA/kliaExpressBuyTicketBtn'

2022-02-09 08:14:46 - [TEST_STEP][PASSED] - waitForElementPresent(findTestObject("KLIA/kliaExpressFromDropdownSelect"), 0): Element 'Object Repository/KLIA/kliaExpressFromDropdownSelect' is present

2022-02-09 08:14:46 - [MESSAGE][WARNING] - Timeout '0' is invalid. Using default page load timeout: '20'

2022-02-09 08:14:47 - [MESSAGE][PASSED] - Element 'Object Repository/KLIA/kliaExpressFromDropdownSelect' is present

2022-02-09 08:14:47 - [TEST_STEP][PASSED] - tap(findTestObject("KLIA/kliaExpressFromDropdownSelect"), 0): Tapped on element 'Object Repository/KLIA/kliaExpressFromDropdownSelect'

2022-02-09 08:14:47 - [MESSAGE][WARNING] - Timeout '0' is invalid. Using default page load timeout: '20'

2022-02-09 08:14:47 - [MESSAGE][PASSED] - Tapped on element 'Object Repository/KLIA/kliaExpressFromDropdownSelect'

2022-02-09 08:14:47 - [TEST_STEP][PASSED] - waitForElementPresent(findTestObject("KLIA/kliaExpressFromDropdownSelectKLIA"), 0): Element 'Object Repository/KLIA/kliaExpressFromDropdownSelectKLIA' is present

2022-02-09 08:14:47 - [MESSAGE][WARNING] - Timeout '0' is invalid. Using default page load timeout: '20'

2022-02-09 08:14:49 - [MESSAGE][PASSED] - Element 'Object Repository/KLIA/kliaExpressFromDropdownSelectKLIA' is present

2022-02-09 08:14:49 - [TEST_STEP][PASSED] - tap(findTestObject("KLIA/kliaExpressFromDropdownSelectKLIA"), 0): Tapped on element 'Object Repository/KLIA/kliaExpressFromDropdownSelectKLIA'

2022-02-09 08:14:49 - [MESSAGE][WARNING] - Timeout '0' is invalid. Using default page load timeout: '20'

2022-02-09 08:14:49 - [MESSAGE][PASSED] - Tapped on element 'Object Repository/KLIA/kliaExpressFromDropdownSelectKLIA'

2022-02-09 08:14:49 - [TEST_STEP][PASSED] - waitForElementPresent(findTestObject("Main/mainCalenderPickerDoneBtn"), 0): Element 'Object Repository/Main/mainCalenderPickerDoneBtn' is present

2022-02-09 08:14:49 - [MESSAGE][WARNING] - Timeout '0' is invalid. Using default page load timeout: '20'

2022-02-09 08:14:50 - [MESSAGE][PASSED] - Element 'Object Repository/Main/mainCalenderPickerDoneBtn' is present

2022-02-09 08:14:50 - [TEST_STEP][PASSED] - tap(findTestObject("Main/mainCalenderPickerDoneBtn"), 10): Tapped on element 'Object Repository/Main/mainCalenderPickerDoneBtn'

2022-02-09 08:14:50 - [MESSAGE][PASSED] - Tapped on element 'Object Repository/Main/mainCalenderPickerDoneBtn'

2022-02-09 08:14:50 - [TEST_STEP][PASSED] - waitForElementPresent(findTestObject("KLIA/kliaExpressToDropdownSelect"), 0): Element 'Object Repository/KLIA/kliaExpressToDropdownSelect' is present

2022-02-09 08:14:50 - [MESSAGE][WARNING] - Timeout '0' is invalid. Using default page load timeout: '20'

2022-02-09 08:14:51 - [MESSAGE][PASSED] - Element 'Object Repository/KLIA/kliaExpressToDropdownSelect' is present

2022-02-09 08:14:51 - [TEST_STEP][PASSED] - tap(findTestObject("KLIA/kliaExpressToDropdownSelect"), 0): Tapped on element 'Object Repository/KLIA/kliaExpressToDropdownSelect'

2022-02-09 08:14:51 - [MESSAGE][WARNING] - Timeout '0' is invalid. Using default page load timeout: '20'

2022-02-09 08:14:51 - [MESSAGE][PASSED] - Tapped on element 'Object Repository/KLIA/kliaExpressToDropdownSelect'

2022-02-09 08:14:51 - [TEST_STEP][PASSED] - delay(3): Delayed 3 second(s)

2022-02-09 08:14:54 - [MESSAGE][PASSED] - Delayed 3 second(s)

2022-02-09 08:14:54 - [TEST_STEP][PASSED] - waitForElementPresent(findTestObject("KLIA/kliaExpressToDropdownSelectKLSentral"), 0): Element 'Object Repository/KLIA/kliaExpressToDropdownSelectKLSentral' is present

2022-02-09 08:14:54 - [MESSAGE][WARNING] - Timeout '0' is invalid. Using default page load timeout: '20'

2022-02-09 08:14:55 - [MESSAGE][PASSED] - Element 'Object Repository/KLIA/kliaExpressToDropdownSelectKLSentral' is present

2022-02-09 08:14:55 - [TEST_STEP][PASSED] - tap(findTestObject("KLIA/kliaExpressToDropdownSelectKLSentral"), 0): Tapped on element 'Object Repository/KLIA/kliaExpressToDropdownSelectKLSentral'

2022-02-09 08:14:55 - [MESSAGE][WARNING] - Timeout '0' is invalid. Using default page load timeout: '20'

2022-02-09 08:14:55 - [MESSAGE][PASSED] - Tapped on element 'Object Repository/KLIA/kliaExpressToDropdownSelectKLSentral'

2022-02-09 08:14:55 - [TEST_STEP][PASSED] - waitForElementPresent(findTestObject("Main/mainCalenderPickerDoneBtn"), 0): Element 'Object Repository/Main/mainCalenderPickerDoneBtn' is present

2022-02-09 08:14:55 - [MESSAGE][WARNING] - Timeout '0' is invalid. Using default page load timeout: '20'

2022-02-09 08:14:55 - [MESSAGE][PASSED] - Element 'Object Repository/Main/mainCalenderPickerDoneBtn' is present

2022-02-09 08:14:55 - [TEST_STEP][PASSED] - tap(findTestObject("Main/mainCalenderPickerDoneBtn"), 10): Tapped on element 'Object Repository/Main/mainCalenderPickerDoneBtn'

2022-02-09 08:14:55 - [MESSAGE][PASSED] - Tapped on element 'Object Repository/Main/mainCalenderPickerDoneBtn'

2022-02-09 08:14:55 - [TEST_STEP][PASSED] - waitForElementPresent(findTestObject("Login Onboarding/loginExistingContinueBtn"), 0): Element 'Object Repository/Login Onboarding/loginExistingContinueBtn' is present

2022-02-09 08:14:55 - [MESSAGE][WARNING] - Timeout '0' is invalid. Using default page load timeout: '20'

2022-02-09 08:14:56 - [MESSAGE][PASSED] - Element 'Object Repository/Login Onboarding/loginExistingContinueBtn' is present

2022-02-09 08:14:56 - [TEST_STEP][PASSED] - tap(findTestObject("Login Onboarding/loginExistingContinueBtn"), 0): Tapped on element 'Object Repository/Login Onboarding/loginExistingContinueBtn'

2022-02-09 08:14:56 - [MESSAGE][WARNING] - Timeout '0' is invalid. Using default page load timeout: '20'

2022-02-09 08:14:57 - [MESSAGE][PASSED] - Tapped on element 'Object Repository/Login Onboarding/loginExistingContinueBtn'

2022-02-09 08:14:57 - [TEST_STEP][PASSED] - waitForElementPresent(findTestObject("KLIA/kliaExpressEnterDateSelectField"), 0): Element 'Object Repository/KLIA/kliaExpressEnterDateSelectField' is present

2022-02-09 08:14:57 - [MESSAGE][WARNING] - Timeout '0' is invalid. Using default page load timeout: '20'

2022-02-09 08:14:58 - [MESSAGE][PASSED] - Element 'Object Repository/KLIA/kliaExpressEnterDateSelectField' is present

2022-02-09 08:14:58 - [TEST_STEP][PASSED] - tap(findTestObject("KLIA/kliaExpressEnterDateSelectField"), 10): Tapped on element 'Object Repository/KLIA/kliaExpressEnterDateSelectField'

2022-02-09 08:14:59 - [MESSAGE][PASSED] - Tapped on element 'Object Repository/KLIA/kliaExpressEnterDateSelectField'

2022-02-09 08:14:59 - [TEST_STEP][PASSED] - waitForElementPresent(findTestObject("Main/mainCalenderPickerNextBtn"), 0): Element 'Object Repository/Main/mainCalenderPickerNextBtn' is present

2022-02-09 08:14:59 - [MESSAGE][WARNING] - Timeout '0' is invalid. Using default page load timeout: '20'

2022-02-09 08:15:01 - [MESSAGE][PASSED] - Element 'Object Repository/Main/mainCalenderPickerNextBtn' is present

2022-02-09 08:15:01 - [TEST_STEP][PASSED] - tap(findTestObject("Main/mainCalenderPickerNextBtn"), 0): Tapped on element 'Object Repository/Main/mainCalenderPickerNextBtn'

2022-02-09 08:15:01 - [MESSAGE][WARNING] - Timeout '0' is invalid. Using default page load timeout: '20'

2022-02-09 08:15:02 - [MESSAGE][PASSED] - Tapped on element 'Object Repository/Main/mainCalenderPickerNextBtn'

2022-02-09 08:15:02 - [TEST_STEP][PASSED] - delay(3): Delayed 3 second(s)

2022-02-09 08:15:05 - [MESSAGE][PASSED] - Delayed 3 second(s)

2022-02-09 08:15:05 - [TEST_STEP][PASSED] - waitForElementPresent(findTestObject("Main/mainDatePicker1"), 0): Element 'Object Repository/Main/mainDatePicker1' is present

2022-02-09 08:15:05 - [MESSAGE][WARNING] - Timeout '0' is invalid. Using default page load timeout: '20'

2022-02-09 08:15:05 - [MESSAGE][PASSED] - Element 'Object Repository/Main/mainDatePicker1' is present

2022-02-09 08:15:05 - [TEST_STEP][PASSED] - tap(findTestObject("Main/mainDatePicker1"), 0): Tapped on element 'Object Repository/Main/mainDatePicker1'

2022-02-09 08:15:05 - [MESSAGE][WARNING] - Timeout '0' is invalid. Using default page load timeout: '20'

2022-02-09 08:15:06 - [MESSAGE][PASSED] - Tapped on element 'Object Repository/Main/mainDatePicker1'

2022-02-09 08:15:06 - [TEST_STEP][PASSED] - waitForElementPresent(findTestObject("Main/mainCalenderPickerDoneBtn"), 0): Element 'Object Repository/Main/mainCalenderPickerDoneBtn' is present

2022-02-09 08:15:06 - [MESSAGE][WARNING] - Timeout '0' is invalid. Using default page load timeout: '20'

2022-02-09 08:15:07 - [MESSAGE][PASSED] - Element 'Object Repository/Main/mainCalenderPickerDoneBtn' is present

2022-02-09 08:15:07 - [TEST_STEP][PASSED] - tap(findTestObject("Main/mainCalenderPickerDoneBtn"), 0): Tapped on element 'Object Repository/Main/mainCalenderPickerDoneBtn'

2022-02-09 08:15:07 - [MESSAGE][WARNING] - Timeout '0' is invalid. Using default page load timeout: '20'

2022-02-09 08:15:08 - [MESSAGE][PASSED] - Tapped on element 'Object Repository/Main/mainCalenderPickerDoneBtn'

2022-02-09 08:15:08 - [TEST_STEP][PASSED] - delay(3): Delayed 3 second(s)

2022-02-09 08:15:11 - [MESSAGE][PASSED] - Delayed 3 second(s)

2022-02-09 08:15:11 - [TEST_STEP][PASSED] - scrollToText("Return Trip", STOP_ON_FAILURE): Scrolling to text 'Return Trip' successfully

2022-02-09 08:15:14 - [MESSAGE][PASSED] - Scrolling to text 'Return Trip' successfully

2022-02-09 08:15:14 - [TEST_STEP][PASSED] - tap(findTestObject("KLIA/kliaExpressSingleTripSelect"), 0): Tapped on element 'Object Repository/KLIA/kliaExpressSingleTripSelect'

2022-02-09 08:15:14 - [MESSAGE][WARNING] - Timeout '0' is invalid. Using default page load timeout: '20'

2022-02-09 08:15:14 - [MESSAGE][PASSED] - Tapped on element 'Object Repository/KLIA/kliaExpressSingleTripSelect'

2022-02-09 08:15:14 - [TEST_STEP][PASSED] - tap(findTestObject("Login Onboarding/loginExistingContinueBtn"), 0): Tapped on element 'Object Repository/Login Onboarding/loginExistingContinueBtn'

2022-02-09 08:15:14 - [MESSAGE][WARNING] - Timeout '0' is invalid. Using default page load timeout: '20'

2022-02-09 08:15:15 - [MESSAGE][PASSED] - Tapped on element 'Object Repository/Login Onboarding/loginExistingContinueBtn'

2022-02-09 08:15:15 - [TEST_STEP][PASSED] - delay(3): Delayed 3 second(s)

2022-02-09 08:15:18 - [MESSAGE][PASSED] - Delayed 3 second(s)

2022-02-09 08:15:18 - [TEST_STEP][PASSED] - tap(findTestObject("Login Onboarding/loginExistingContinueBtn"), 0): Tapped on element 'Object Repository/Login Onboarding/loginExistingContinueBtn'

2022-02-09 08:15:18 - [MESSAGE][WARNING] - Timeout '0' is invalid. Using default page load timeout: '20'

2022-02-09 08:15:19 - [MESSAGE][PASSED] - Tapped on element 'Object Repository/Login Onboarding/loginExistingContinueBtn'

2022-02-09 08:15:19 - [TEST_STEP][PASSED] - if (verifyElementVisible(findTestObject("KLIA/ticketingEnterPasswordTxt"), 0, OPTIONAL)): Element 'Object Repository/KLIA/ticketingEnterPasswordTxt' not found

2022-02-09 08:15:19 - [MESSAGE][WARNING] - Timeout '0' is invalid. Using default page load timeout: '20'

2022-02-09 08:15:39 - [MESSAGE][WARNING] - Element 'Object Repository/KLIA/ticketingEnterPasswordTxt' not found

2022-02-09 08:15:39 - [TEST_STEP][PASSED] - delay(10): Delayed 10 second(s)

2022-02-09 08:15:49 - [MESSAGE][PASSED] - Delayed 10 second(s)

2022-02-09 08:15:49 - [TEST_STEP][PASSED] - waitForElementPresent(findTestObject("KLIA/kliaExpressPayNowBtn"), 0): Element 'Object Repository/KLIA/kliaExpressPayNowBtn' is present

2022-02-09 08:15:49 - [MESSAGE][WARNING] - Timeout '0' is invalid. Using default page load timeout: '20'

2022-02-09 08:15:49 - [MESSAGE][PASSED] - Element 'Object Repository/KLIA/kliaExpressPayNowBtn' is present

2022-02-09 08:15:49 - [TEST_STEP][PASSED] - tap(findTestObject("KLIA/kliaExpressPayNowBtn"), 0): Tapped on element 'Object Repository/KLIA/kliaExpressPayNowBtn'

2022-02-09 08:15:49 - [MESSAGE][WARNING] - Timeout '0' is invalid. Using default page load timeout: '20'

2022-02-09 08:15:50 - [MESSAGE][PASSED] - Tapped on element 'Object Repository/KLIA/kliaExpressPayNowBtn'

2022-02-09 08:15:50 - [TEST_STEP][PASSED] - delay(2): Delayed 2 second(s)

2022-02-09 08:15:52 - [MESSAGE][PASSED] - Delayed 2 second(s)

2022-02-09 08:15:52 - [TEST_STEP][PASSED] - if (verifyElementVisible(findTestObject("Festive Season/festiveReturnAngpaoTACNoTxt"), 0, OPTIONAL)): null

2022-02-09 08:15:52 - [MESSAGE][WARNING] - Timeout '0' is invalid. Using default page load timeout: '20'

2022-02-09 08:15:54 - [MESSAGE][PASSED] - Element 'Object Repository/Festive Season/festiveReturnAngpaoTACNoTxt' is visible

2022-02-09 08:15:54 - [TEST_STEP][PASSED] - OTP = getText(findTestObject("Festive Season/festiveReturnAngpaoTACNoTxt"), 0): Text of element 'Object Repository/Festive Season/festiveReturnAngpaoTACNoTxt' is: 'Your TAC no. is 909770'

2022-02-09 08:15:54 - [MESSAGE][WARNING] - Timeout '0' is invalid. Using default page load timeout: '20'

2022-02-09 08:15:54 - [MESSAGE][PASSED] - Text of element 'Object Repository/Festive Season/festiveReturnAngpaoTACNoTxt' is: 'Your TAC no. is 909770'

2022-02-09 08:15:54 - [TEST_STEP][PASSED] - for ([i = 16, i <= 21, (i++)]): null

2022-02-09 08:15:54 - [TEST_STEP][PASSED] - if (OTP[i] == "0"): null

2022-02-09 08:15:54 - [TEST_STEP][PASSED] - if (OTP[i] == "1"): null

2022-02-09 08:15:54 - [TEST_STEP][PASSED] - if (OTP[i] == "2"): null

2022-02-09 08:15:54 - [TEST_STEP][PASSED] - if (OTP[i] == "3"): null

2022-02-09 08:15:54 - [TEST_STEP][PASSED] - if (OTP[i] == "4"): null

2022-02-09 08:15:54 - [TEST_STEP][PASSED] - if (OTP[i] == "5"): null

2022-02-09 08:15:54 - [TEST_STEP][PASSED] - if (OTP[i] == "6"): null

2022-02-09 08:15:54 - [TEST_STEP][PASSED] - if (OTP[i] == "7"): null

2022-02-09 08:15:54 - [TEST_STEP][PASSED] - if (OTP[i] == "8"): null

2022-02-09 08:15:54 - [TEST_STEP][PASSED] - if (OTP[i] == "9"): Tapped on element 'Object Repository/Login Onboarding/PIN9'

2022-02-09 08:15:54 - [TEST_STEP][PASSED] - tap(findTestObject("Login Onboarding/PIN9"), 0): Tapped on element 'Object Repository/Login Onboarding/PIN9'

2022-02-09 08:15:54 - [MESSAGE][WARNING] - Timeout '0' is invalid. Using default page load timeout: '20'

2022-02-09 08:15:55 - [MESSAGE][PASSED] - Tapped on element 'Object Repository/Login Onboarding/PIN9'

2022-02-09 08:15:55 - [TEST_STEP][PASSED] - if (OTP[i] == "0"): Tapped on element 'Object Repository/Login Onboarding/PIN0'

2022-02-09 08:15:55 - [TEST_STEP][PASSED] - tap(findTestObject("Login Onboarding/PIN0"), 0): Tapped on element 'Object Repository/Login Onboarding/PIN0'

2022-02-09 08:15:55 - [MESSAGE][WARNING] - Timeout '0' is invalid. Using default page load timeout: '20'

2022-02-09 08:15:56 - [MESSAGE][PASSED] - Tapped on element 'Object Repository/Login Onboarding/PIN0'

2022-02-09 08:15:56 - [TEST_STEP][PASSED] - if (OTP[i] == "1"): null

2022-02-09 08:15:56 - [TEST_STEP][PASSED] - if (OTP[i] == "2"): null

2022-02-09 08:15:56 - [TEST_STEP][PASSED] - if (OTP[i] == "3"): null

2022-02-09 08:15:56 - [TEST_STEP][PASSED] - if (OTP[i] == "4"): null

2022-02-09 08:15:56 - [TEST_STEP][PASSED] - if (OTP[i] == "5"): null

2022-02-09 08:15:56 - [TEST_STEP][PASSED] - if (OTP[i] == "6"): null

2022-02-09 08:15:56 - [TEST_STEP][PASSED] - if (OTP[i] == "7"): null

2022-02-09 08:15:56 - [TEST_STEP][PASSED] - if (OTP[i] == "8"): null

2022-02-09 08:15:56 - [TEST_STEP][PASSED] - if (OTP[i] == "9"): null

2022-02-09 08:15:56 - [TEST_STEP][PASSED] - if (OTP[i] == "0"): null

2022-02-09 08:15:56 - [TEST_STEP][PASSED] - if (OTP[i] == "1"): null

2022-02-09 08:15:56 - [TEST_STEP][PASSED] - if (OTP[i] == "2"): null

2022-02-09 08:15:56 - [TEST_STEP][PASSED] - if (OTP[i] == "3"): null

2022-02-09 08:15:56 - [TEST_STEP][PASSED] - if (OTP[i] == "4"): null

2022-02-09 08:15:56 - [TEST_STEP][PASSED] - if (OTP[i] == "5"): null

2022-02-09 08:15:56 - [TEST_STEP][PASSED] - if (OTP[i] == "6"): null

2022-02-09 08:15:56 - [TEST_STEP][PASSED] - if (OTP[i] == "7"): null

2022-02-09 08:15:56 - [TEST_STEP][PASSED] - if (OTP[i] == "8"): null

2022-02-09 08:15:56 - [TEST_STEP][PASSED] - if (OTP[i] == "9"): Tapped on element 'Object Repository/Login Onboarding/PIN9'

2022-02-09 08:15:56 - [TEST_STEP][PASSED] - tap(findTestObject("Login Onboarding/PIN9"), 0): Tapped on element 'Object Repository/Login Onboarding/PIN9'

2022-02-09 08:15:56 - [MESSAGE][WARNING] - Timeout '0' is invalid. Using default page load timeout: '20'

2022-02-09 08:15:58 - [MESSAGE][PASSED] - Tapped on element 'Object Repository/Login Onboarding/PIN9'

2022-02-09 08:15:58 - [TEST_STEP][PASSED] - if (OTP[i] == "0"): null

2022-02-09 08:15:58 - [TEST_STEP][PASSED] - if (OTP[i] == "1"): null

2022-02-09 08:15:58 - [TEST_STEP][PASSED] - if (OTP[i] == "2"): null

2022-02-09 08:15:58 - [TEST_STEP][PASSED] - if (OTP[i] == "3"): null

2022-02-09 08:15:58 - [TEST_STEP][PASSED] - if (OTP[i] == "4"): null

2022-02-09 08:15:58 - [TEST_STEP][PASSED] - if (OTP[i] == "5"): null

2022-02-09 08:15:58 - [TEST_STEP][PASSED] - if (OTP[i] == "6"): null

2022-02-09 08:15:58 - [TEST_STEP][PASSED] - if (OTP[i] == "7"): Tapped on element 'Object Repository/Login Onboarding/PIN7'

2022-02-09 08:15:58 - [TEST_STEP][PASSED] - tap(findTestObject("Login Onboarding/PIN7"), 0): Tapped on element 'Object Repository/Login Onboarding/PIN7'

2022-02-09 08:15:58 - [MESSAGE][WARNING] - Timeout '0' is invalid. Using default page load timeout: '20'

2022-02-09 08:16:00 - [MESSAGE][PASSED] - Tapped on element 'Object Repository/Login Onboarding/PIN7'

2022-02-09 08:16:00 - [TEST_STEP][PASSED] - if (OTP[i] == "8"): null

2022-02-09 08:16:00 - [TEST_STEP][PASSED] - if (OTP[i] == "9"): null

2022-02-09 08:16:00 - [TEST_STEP][PASSED] - if (OTP[i] == "0"): null

2022-02-09 08:16:00 - [TEST_STEP][PASSED] - if (OTP[i] == "1"): null

2022-02-09 08:16:00 - [TEST_STEP][PASSED] - if (OTP[i] == "2"): null

2022-02-09 08:16:00 - [TEST_STEP][PASSED] - if (OTP[i] == "3"): null

2022-02-09 08:16:00 - [TEST_STEP][PASSED] - if (OTP[i] == "4"): null

2022-02-09 08:16:00 - [TEST_STEP][PASSED] - if (OTP[i] == "5"): null

2022-02-09 08:16:00 - [TEST_STEP][PASSED] - if (OTP[i] == "6"): null

2022-02-09 08:16:00 - [TEST_STEP][PASSED] - if (OTP[i] == "7"): Tapped on element 'Object Repository/Login Onboarding/PIN7'

2022-02-09 08:16:00 - [TEST_STEP][PASSED] - tap(findTestObject("Login Onboarding/PIN7"), 0): Tapped on element 'Object Repository/Login Onboarding/PIN7'

2022-02-09 08:16:00 - [MESSAGE][WARNING] - Timeout '0' is invalid. Using default page load timeout: '20'

2022-02-09 08:16:03 - [MESSAGE][PASSED] - Tapped on element 'Object Repository/Login Onboarding/PIN7'

2022-02-09 08:16:03 - [TEST_STEP][PASSED] - if (OTP[i] == "8"): null

2022-02-09 08:16:03 - [TEST_STEP][PASSED] - if (OTP[i] == "9"): null

2022-02-09 08:16:03 - [TEST_STEP][PASSED] - if (OTP[i] == "0"): Tapped on element 'Object Repository/Login Onboarding/PIN0'

2022-02-09 08:16:03 - [TEST_STEP][PASSED] - tap(findTestObject("Login Onboarding/PIN0"), 0): Tapped on element 'Object Repository/Login Onboarding/PIN0'

2022-02-09 08:16:03 - [MESSAGE][WARNING] - Timeout '0' is invalid. Using default page load timeout: '20'

2022-02-09 08:16:04 - [MESSAGE][PASSED] - Tapped on element 'Object Repository/Login Onboarding/PIN0'

2022-02-09 08:16:04 - [TEST_STEP][PASSED] - if (OTP[i] == "1"): null

2022-02-09 08:16:04 - [TEST_STEP][PASSED] - if (OTP[i] == "2"): null

2022-02-09 08:16:04 - [TEST_STEP][PASSED] - if (OTP[i] == "3"): null

2022-02-09 08:16:04 - [TEST_STEP][PASSED] - if (OTP[i] == "4"): null

2022-02-09 08:16:04 - [TEST_STEP][PASSED] - if (OTP[i] == "5"): null

2022-02-09 08:16:04 - [TEST_STEP][PASSED] - if (OTP[i] == "6"): null

2022-02-09 08:16:04 - [TEST_STEP][PASSED] - if (OTP[i] == "7"): null

2022-02-09 08:16:04 - [TEST_STEP][PASSED] - if (OTP[i] == "8"): null

2022-02-09 08:16:04 - [TEST_STEP][PASSED] - if (OTP[i] == "9"): null

2022-02-09 08:16:04 - [TEST_STEP][PASSED] - delay(3): Delayed 3 second(s)

2022-02-09 08:16:07 - [MESSAGE][PASSED] - Delayed 3 second(s)

2022-02-09 08:16:07 - [TEST_STEP][PASSED] - tap(findTestObject("Festive Season/festiveReturnAngpaoTickBtn"), 0): Tapped on element 'Object Repository/Festive Season/festiveReturnAngpaoTickBtn'

2022-02-09 08:16:07 - [MESSAGE][WARNING] - Timeout '0' is invalid. Using default page load timeout: '20'

2022-02-09 08:16:08 - [MESSAGE][PASSED] - Tapped on element 'Object Repository/Festive Season/festiveReturnAngpaoTickBtn'

2022-02-09 08:16:08 - [TEST_STEP][PASSED] - delay(2): Delayed 2 second(s)

2022-02-09 08:16:10 - [MESSAGE][PASSED] - Delayed 2 second(s)

2022-02-09 08:16:10 - [TEST_STEP][PASSED] - tap(findTestObject("Main/mainDoneBtn"), 0): Tapped on element 'Object Repository/Main/mainDoneBtn'

2022-02-09 08:16:10 - [MESSAGE][WARNING] - Timeout '0' is invalid. Using default page load timeout: '20'

2022-02-09 08:16:23 - [MESSAGE][PASSED] - Tapped on element 'Object Repository/Main/mainDoneBtn'

2022-02-09 08:16:23 - [TEST_STEP][PASSED] - delay(5): Delayed 5 second(s)

2022-02-09 08:16:28 - [MESSAGE][PASSED] - Delayed 5 second(s)]]></system-out>
         <system-err><![CDATA[]]></system-err>
      </testcase>
      <system-out><![CDATA[2022-02-09 08:12:43 - [TEST_SUITE][PASSED] - MAE: Test Cases/Others/ticketing_buyKLIATicket]]></system-out>
      <system-err><![CDATA[]]></system-err>
   </testsuite>
</testsuites>
