<?xml version="1.0" encoding="UTF-8"?>
<testsuites name="Regress 3" time="2040.965" tests="6" failures="3" errors="0">
   <testsuite name="Regress 3" tests="6" failures="3" errors="0" time="2040.965" skipped="0" timestamp="2022-06-24 14:39:10" hostname="a00139272 - localhost" id="Test Suites/Regress 3">
      <properties>
         <property name="deviceName" value="Xiaomi 21061119AG (Android 11)"/>
         <property name="devicePlatform" value=""/>
         <property name="logFolder" value="/Users/a00139272/git/MAE-BAU-MY/Reports/20220624_143901/Regress 3/20220624_143901"/>
         <property name="logFiles" value="/Users/a00139272/git/MAE-BAU-MY/Reports/20220624_143901/Regress 3/20220624_143901/execution0.log, /Users/a00139272/git/MAE-BAU-MY/Reports/20220624_143901/Regress 3/20220624_143901/appium.log"/>
         <property name="attachments" value="/Users/a00139272/Desktop/Screenshot/instantIBFT.png, /Users/a00139272/Desktop/Screenshot/instantSchedule.png, /Users/a00139272/Desktop/Screenshot/instantSetFav.png, /Users/a00139272/Desktop/Screenshot/instantIBFTFav.png"/>
         <property name="hostName" value="a00139272 - localhost"/>
         <property name="os" value="Mac OS X 64bit"/>
         <property name="appiumServerStatus" value="{&quot;value&quot;:{&quot;build&quot;:{&quot;version&quot;:&quot;1.22.1&quot;}},&quot;sessionId&quot;:null,&quot;status&quot;:0}"/>
         <property name="katalonVersion" value="8.3.5.208"/>
         <property name="deviceOS" value="Android"/>
         <property name="appiumVersion" value="1.22.1"/>
         <property name="deviceModel" value="21061119AG"/>
         <property name="hostAddress" value="127.0.0.1"/>
         <property name="deviceManufacturer" value="Xiaomi"/>
         <property name="deviceId" value="002b9cc60508"/>
         <property name="deviceName" value="Xiaomi 21061119AG (Android 11)"/>
         <property name="deviceOSVersion" value="11"/>
      </properties>
      <testcase name="Test Cases/Transfer/transfer_instantTransferIBFT" time="563.167" classname="Test Cases/Transfer/transfer_instantTransferIBFT" status="PASSED">
         <system-out><![CDATA[2022-06-24 14:39:11 - [TEST_CASE][PASSED] - Test Cases/Transfer/transfer_instantTransferIBFT: Test Cases/Transfer/transfer_instantTransferIBFT

2022-06-24 14:39:11 - [TEST_STEP][PASSED] - setMobileDriverPreferencesProperty("appPackage", "com.maybank2u.life.sit"): null

2022-06-24 14:39:11 - [TEST_STEP][PASSED] - setMobileDriverPreferencesProperty("appActivity", "com.maybank2u.life.MainActivity"): null

2022-06-24 14:39:11 - [TEST_STEP][PASSED] - startApplication(appPath, false): Started app at: '/Users/a00139272/Katalon Studio/MAE/androidapp/app-dev-universal-release (1).apk'

2022-06-24 14:39:12 - [MESSAGE][INFO] - User set preference: ['appWaitActivity', '*']

2022-06-24 14:39:12 - [MESSAGE][INFO] - User set preference: ['deviceId', '002b9cc60508']

2022-06-24 14:39:12 - [MESSAGE][INFO] - User set preference: ['appPackage', 'com.maybank2u.life.sit']

2022-06-24 14:39:12 - [MESSAGE][INFO] - User set preference: ['appActivity', 'com.maybank2u.life.MainActivity']

2022-06-24 14:39:12 - [MESSAGE][INFO] - Detected NodeJS location: "/usr/local/Cellar/node/17.0.1/bin/node"

2022-06-24 14:39:13 - [MESSAGE][INFO] - Appium server started on port 51,653

2022-06-24 14:39:26 - [MESSAGE][PASSED] - Started app at: '/Users/a00139272/Katalon Studio/MAE/androidapp/app-dev-universal-release (1).apk'

2022-06-24 14:39:26 - [TEST_STEP][PASSED] - start = "Starts": null

2022-06-24 14:39:26 - [TEST_STEP][PASSED] - println(start): null

2022-06-24 14:39:26 - [TEST_STEP][PASSED] - delay(5): Delayed 5 second(s)

2022-06-24 14:39:31 - [MESSAGE][PASSED] - Delayed 5 second(s)

2022-06-24 14:39:31 - [TEST_STEP][PASSED] - device_Height = getDeviceHeight(): Current device physical height is 2167

2022-06-24 14:39:32 - [MESSAGE][PASSED] - Current device physical height is 2167

2022-06-24 14:39:32 - [TEST_STEP][PASSED] - device_Width = getDeviceWidth(): Current device physical width is 1080

2022-06-24 14:39:32 - [MESSAGE][PASSED] - Current device physical width is 1080

2022-06-24 14:39:32 - [TEST_STEP][PASSED] - startX = device_Width / 3: null

2022-06-24 14:39:32 - [TEST_STEP][PASSED] - startY = device_Height * 0.97: null

2022-06-24 14:39:32 - [TEST_STEP][PASSED] - tapAtPosition(startX, startY): Tapped at [360, 2,101]

2022-06-24 14:39:32 - [MESSAGE][PASSED] - Tapped at [360, 2,101]

2022-06-24 14:39:32 - [TEST_STEP][PASSED] - if (verifyElementVisible(findTestObject("Main/mainEnterPINMessage"), 0, OPTIONAL)): null

2022-06-24 14:39:32 - [MESSAGE][WARNING] - Timeout '0' is invalid. Using default page load timeout: '40'

2022-06-24 14:39:34 - [MESSAGE][PASSED] - Element 'Object Repository/Main/mainEnterPINMessage' is visible

2022-06-24 14:39:34 - [TEST_STEP][PASSED] - tap(findTestObject("Login Onboarding/PIN1"), 0): Tapped on element 'Object Repository/Login Onboarding/PIN1'

2022-06-24 14:39:34 - [MESSAGE][WARNING] - Timeout '0' is invalid. Using default page load timeout: '40'

2022-06-24 14:39:35 - [MESSAGE][PASSED] - Tapped on element 'Object Repository/Login Onboarding/PIN1'

2022-06-24 14:39:35 - [TEST_STEP][PASSED] - tap(findTestObject("Login Onboarding/PIN1"), 0): Tapped on element 'Object Repository/Login Onboarding/PIN1'

2022-06-24 14:39:35 - [MESSAGE][WARNING] - Timeout '0' is invalid. Using default page load timeout: '40'

2022-06-24 14:39:37 - [MESSAGE][PASSED] - Tapped on element 'Object Repository/Login Onboarding/PIN1'

2022-06-24 14:39:37 - [TEST_STEP][PASSED] - tap(findTestObject("Login Onboarding/PIN1"), 0): Tapped on element 'Object Repository/Login Onboarding/PIN1'

2022-06-24 14:39:37 - [MESSAGE][WARNING] - Timeout '0' is invalid. Using default page load timeout: '40'

2022-06-24 14:39:38 - [MESSAGE][PASSED] - Tapped on element 'Object Repository/Login Onboarding/PIN1'

2022-06-24 14:39:38 - [TEST_STEP][PASSED] - tap(findTestObject("Login Onboarding/PIN1"), 0): Tapped on element 'Object Repository/Login Onboarding/PIN1'

2022-06-24 14:39:38 - [MESSAGE][WARNING] - Timeout '0' is invalid. Using default page load timeout: '40'

2022-06-24 14:39:40 - [MESSAGE][PASSED] - Tapped on element 'Object Repository/Login Onboarding/PIN1'

2022-06-24 14:39:40 - [TEST_STEP][PASSED] - tap(findTestObject("Login Onboarding/PIN1"), 0): Tapped on element 'Object Repository/Login Onboarding/PIN1'

2022-06-24 14:39:40 - [MESSAGE][WARNING] - Timeout '0' is invalid. Using default page load timeout: '40'

2022-06-24 14:39:42 - [MESSAGE][PASSED] - Tapped on element 'Object Repository/Login Onboarding/PIN1'

2022-06-24 14:39:42 - [TEST_STEP][PASSED] - tap(findTestObject("Login Onboarding/PIN2"), 0): Tapped on element 'Object Repository/Login Onboarding/PIN2'

2022-06-24 14:39:42 - [MESSAGE][WARNING] - Timeout '0' is invalid. Using default page load timeout: '40'

2022-06-24 14:39:44 - [MESSAGE][PASSED] - Tapped on element 'Object Repository/Login Onboarding/PIN2'

2022-06-24 14:39:44 - [TEST_STEP][PASSED] - delay(2): Delayed 2 second(s)

2022-06-24 14:39:46 - [MESSAGE][PASSED] - Delayed 2 second(s)

2022-06-24 14:39:46 - [TEST_STEP][PASSED] - verifyElementVisible(findTestObject("Banking/m2uAccountTypeSelection", ["text":accType]), 0): Element 'Object Repository/Banking/m2uAccountTypeSelection' is visible

2022-06-24 14:39:46 - [MESSAGE][WARNING] - Timeout '0' is invalid. Using default page load timeout: '40'

2022-06-24 14:39:55 - [MESSAGE][PASSED] - Element 'Object Repository/Banking/m2uAccountTypeSelection' is visible

2022-06-24 14:39:55 - [TEST_STEP][PASSED] - tap(findTestObject("Banking/m2uAccountTypeSelection", ["text":accType]), 0): Tapped on element 'Object Repository/Banking/m2uAccountTypeSelection'

2022-06-24 14:39:55 - [MESSAGE][WARNING] - Timeout '0' is invalid. Using default page load timeout: '40'

2022-06-24 14:39:55 - [MESSAGE][PASSED] - Tapped on element 'Object Repository/Banking/m2uAccountTypeSelection'

2022-06-24 14:39:55 - [TEST_STEP][PASSED] - delay(5): Delayed 5 second(s)

2022-06-24 14:40:00 - [MESSAGE][PASSED] - Delayed 5 second(s)

2022-06-24 14:40:00 - [TEST_STEP][PASSED] - verifyElementVisible(findTestObject("Banking/m2uAccountTransferIconSelect"), 0): Element 'Object Repository/Banking/m2uAccountTransferIconSelect' is visible

2022-06-24 14:40:00 - [MESSAGE][WARNING] - Timeout '0' is invalid. Using default page load timeout: '40'

2022-06-24 14:40:01 - [MESSAGE][PASSED] - Element 'Object Repository/Banking/m2uAccountTransferIconSelect' is visible

2022-06-24 14:40:01 - [TEST_STEP][PASSED] - tap(findTestObject("Banking/m2uAccountTransferIconSelect"), 0): Tapped on element 'Object Repository/Banking/m2uAccountTransferIconSelect'

2022-06-24 14:40:01 - [MESSAGE][WARNING] - Timeout '0' is invalid. Using default page load timeout: '40'

2022-06-24 14:40:02 - [MESSAGE][PASSED] - Tapped on element 'Object Repository/Banking/m2uAccountTransferIconSelect'

2022-06-24 14:40:02 - [TEST_STEP][PASSED] - delay(5): Delayed 5 second(s)

2022-06-24 14:40:07 - [MESSAGE][PASSED] - Delayed 5 second(s)

2022-06-24 14:40:07 - [TEST_STEP][PASSED] - if (verifyElementVisible(findTestObject("Tabung/tabungEnterPasswordTxt"), 0, OPTIONAL)): null

2022-06-24 14:40:07 - [MESSAGE][WARNING] - Timeout '0' is invalid. Using default page load timeout: '40'

2022-06-24 14:40:57 - [MESSAGE][PASSED] - Element 'Object Repository/Tabung/tabungEnterPasswordTxt' is visible

2022-06-24 14:40:57 - [TEST_STEP][PASSED] - setText(findTestObject("Tabung/tabungSignInInputPasswordField"), Password, 0): Text 'pass1234' has been set to element 'Object Repository/Tabung/tabungSignInInputPasswordField'

2022-06-24 14:40:57 - [MESSAGE][WARNING] - Timeout '0' is invalid. Using default page load timeout: '40'

2022-06-24 14:42:48 - [MESSAGE][PASSED] - Text 'pass1234' has been set to element 'Object Repository/Tabung/tabungSignInInputPasswordField'

2022-06-24 14:42:48 - [TEST_STEP][PASSED] - hideKeyboard(): Keyboard is hidden

2022-06-24 14:42:53 - [MESSAGE][PASSED] - Keyboard is hidden

2022-06-24 14:42:53 - [TEST_STEP][PASSED] - tap(findTestObject("Tabung/tabungSignInContinueBtn"), 0): Tapped on element 'Object Repository/Tabung/tabungSignInContinueBtn'

2022-06-24 14:42:53 - [MESSAGE][WARNING] - Timeout '0' is invalid. Using default page load timeout: '40'

2022-06-24 14:43:54 - [MESSAGE][PASSED] - Tapped on element 'Object Repository/Tabung/tabungSignInContinueBtn'

2022-06-24 14:43:54 - [TEST_STEP][PASSED] - println("InterBank Test Case Started"): null

2022-06-24 14:43:54 - [TEST_STEP][PASSED] - verifyElementExist(findTestObject("Banking/transferOthersTopMenuSelect"), 0): Element 'Object Repository/Banking/transferOthersTopMenuSelect' is exist

2022-06-24 14:43:54 - [MESSAGE][WARNING] - Timeout '0' is invalid. Using default page load timeout: '40'

2022-06-24 14:44:24 - [MESSAGE][PASSED] - Element 'Object Repository/Banking/transferOthersTopMenuSelect' is exist

2022-06-24 14:44:24 - [TEST_STEP][PASSED] - tap(findTestObject("Banking/transferOthersTopMenuSelect"), 0): Tapped on element 'Object Repository/Banking/transferOthersTopMenuSelect'

2022-06-24 14:44:24 - [MESSAGE][WARNING] - Timeout '0' is invalid. Using default page load timeout: '40'

2022-06-24 14:45:25 - [MESSAGE][PASSED] - Tapped on element 'Object Repository/Banking/transferOthersTopMenuSelect'

2022-06-24 14:45:25 - [TEST_STEP][PASSED] - tap(findTestObject("Banking/transferBanksIconSelect"), 0): Tapped on element 'Object Repository/Banking/transferBanksIconSelect'

2022-06-24 14:45:25 - [MESSAGE][WARNING] - Timeout '0' is invalid. Using default page load timeout: '40'

2022-06-24 14:46:18 - [MESSAGE][PASSED] - Tapped on element 'Object Repository/Banking/transferBanksIconSelect'

2022-06-24 14:46:18 - [TEST_STEP][PASSED] - scrollToText(accBank, STOP_ON_FAILURE): Scrolling to text 'PUBLIC BANK' successfully

2022-06-24 14:46:30 - [MESSAGE][PASSED] - Scrolling to text 'PUBLIC BANK' successfully

2022-06-24 14:46:30 - [TEST_STEP][PASSED] - tap(findTestObject("Banking/transferBankSelection", ["text":accBank]), 10): Tapped on element 'Object Repository/Banking/transferBankSelection'

2022-06-24 14:46:32 - [MESSAGE][PASSED] - Tapped on element 'Object Repository/Banking/transferBankSelection'

2022-06-24 14:46:32 - [TEST_STEP][PASSED] - setText(findTestObject("Banking/transferAccountNoInputField"), accountNum, 0): Text '3099117112' has been set to element 'Object Repository/Banking/transferAccountNoInputField'

2022-06-24 14:46:32 - [MESSAGE][WARNING] - Timeout '0' is invalid. Using default page load timeout: '40'

2022-06-24 14:46:34 - [MESSAGE][PASSED] - Text '3099117112' has been set to element 'Object Repository/Banking/transferAccountNoInputField'

2022-06-24 14:46:34 - [TEST_STEP][PASSED] - hideKeyboard(): Keyboard is hidden

2022-06-24 14:46:39 - [MESSAGE][PASSED] - Keyboard is hidden

2022-06-24 14:46:39 - [TEST_STEP][PASSED] - tap(findTestObject("Login Onboarding/loginExistingContinueBtn"), 0): Tapped on element 'Object Repository/Login Onboarding/loginExistingContinueBtn'

2022-06-24 14:46:39 - [MESSAGE][WARNING] - Timeout '0' is invalid. Using default page load timeout: '40'

2022-06-24 14:46:40 - [MESSAGE][PASSED] - Tapped on element 'Object Repository/Login Onboarding/loginExistingContinueBtn'

2022-06-24 14:46:40 - [TEST_STEP][PASSED] - verifyElementText(findTestObject("Transfer/transferAmounttAccNoTxt", ["accNo":accNo]), accNo): Actual text and expected text of test object 'Object Repository/Transfer/transferAmounttAccNoTxt' are matched.

2022-06-24 14:46:41 - [MESSAGE][PASSED] - Actual text and expected text of test object 'Object Repository/Transfer/transferAmounttAccNoTxt' are matched.

2022-06-24 14:46:41 - [TEST_STEP][PASSED] - verifyElementText(findTestObject("Transfer/transferAmounttAccBankTxt", ["accBank":accBank]), accBank): Actual text and expected text of test object 'Object Repository/Transfer/transferAmounttAccBankTxt' are matched.

2022-06-24 14:46:41 - [MESSAGE][PASSED] - Actual text and expected text of test object 'Object Repository/Transfer/transferAmounttAccBankTxt' are matched.

2022-06-24 14:46:41 - [TEST_STEP][PASSED] - verifyElementExist(findTestObject("Transfer/transferAmountRMTxt"), 0): Element 'Object Repository/Transfer/transferAmountRMTxt' is exist

2022-06-24 14:46:41 - [MESSAGE][WARNING] - Timeout '0' is invalid. Using default page load timeout: '40'

2022-06-24 14:46:42 - [MESSAGE][PASSED] - Element 'Object Repository/Transfer/transferAmountRMTxt' is exist

2022-06-24 14:46:42 - [TEST_STEP][PASSED] - verifyElementExist(findTestObject("Duit Now/duitNowAmountInitialValueTxt"), 0): Element 'Object Repository/Duit Now/duitNowAmountInitialValueTxt' is exist

2022-06-24 14:46:42 - [MESSAGE][WARNING] - Timeout '0' is invalid. Using default page load timeout: '40'

2022-06-24 14:46:42 - [MESSAGE][PASSED] - Element 'Object Repository/Duit Now/duitNowAmountInitialValueTxt' is exist

2022-06-24 14:46:42 - [TEST_STEP][PASSED] - verifyElementExist(findTestObject("Transfer/transferAmountEnterAmountTitleTxt"), 0): Element 'Object Repository/Transfer/transferAmountEnterAmountTitleTxt' is exist

2022-06-24 14:46:42 - [MESSAGE][WARNING] - Timeout '0' is invalid. Using default page load timeout: '40'

2022-06-24 14:46:42 - [MESSAGE][PASSED] - Element 'Object Repository/Transfer/transferAmountEnterAmountTitleTxt' is exist

2022-06-24 14:46:42 - [TEST_STEP][PASSED] - trxAmount = value: null

2022-06-24 14:46:42 - [TEST_STEP][PASSED] - length = trxAmount.length(): null

2022-06-24 14:46:42 - [TEST_STEP][PASSED] - delay(3): Delayed 3 second(s)

2022-06-24 14:46:45 - [MESSAGE][PASSED] - Delayed 3 second(s)

2022-06-24 14:46:45 - [TEST_STEP][PASSED] - tapAtPosition(startX, startY): Tapped at [360, 2,101]

2022-06-24 14:46:45 - [MESSAGE][PASSED] - Tapped at [360, 2,101]

2022-06-24 14:46:45 - [TEST_STEP][PASSED] - for ([i = 0, i < length, (i++)]): null

2022-06-24 14:46:45 - [TEST_STEP][PASSED] - if (trxAmount[i] == "0"): null

2022-06-24 14:46:45 - [TEST_STEP][PASSED] - if (trxAmount[i] == "1"): null

2022-06-24 14:46:45 - [TEST_STEP][PASSED] - if (trxAmount[i] == "2"): null

2022-06-24 14:46:45 - [TEST_STEP][PASSED] - if (trxAmount[i] == "3"): Tapped on element 'Object Repository/Login Onboarding/PIN3'

2022-06-24 14:46:45 - [TEST_STEP][PASSED] - tap(findTestObject("Login Onboarding/PIN3"), 0): Tapped on element 'Object Repository/Login Onboarding/PIN3'

2022-06-24 14:46:45 - [MESSAGE][WARNING] - Timeout '0' is invalid. Using default page load timeout: '40'

2022-06-24 14:46:46 - [MESSAGE][PASSED] - Tapped on element 'Object Repository/Login Onboarding/PIN3'

2022-06-24 14:46:46 - [TEST_STEP][PASSED] - if (trxAmount[i] == "4"): null

2022-06-24 14:46:46 - [TEST_STEP][PASSED] - if (trxAmount[i] == "5"): null

2022-06-24 14:46:46 - [TEST_STEP][PASSED] - if (trxAmount[i] == "6"): null

2022-06-24 14:46:46 - [TEST_STEP][PASSED] - if (trxAmount[i] == "7"): null

2022-06-24 14:46:46 - [TEST_STEP][PASSED] - if (trxAmount[i] == "8"): null

2022-06-24 14:46:46 - [TEST_STEP][PASSED] - if (trxAmount[i] == "9"): null

2022-06-24 14:46:46 - [TEST_STEP][PASSED] - if (trxAmount[i] == "0"): Tapped on element 'Object Repository/Login Onboarding/PIN0'

2022-06-24 14:46:46 - [TEST_STEP][PASSED] - tap(findTestObject("Login Onboarding/PIN0"), 0): Tapped on element 'Object Repository/Login Onboarding/PIN0'

2022-06-24 14:46:46 - [MESSAGE][WARNING] - Timeout '0' is invalid. Using default page load timeout: '40'

2022-06-24 14:46:47 - [MESSAGE][PASSED] - Tapped on element 'Object Repository/Login Onboarding/PIN0'

2022-06-24 14:46:47 - [TEST_STEP][PASSED] - if (trxAmount[i] == "1"): null

2022-06-24 14:46:47 - [TEST_STEP][PASSED] - if (trxAmount[i] == "2"): null

2022-06-24 14:46:47 - [TEST_STEP][PASSED] - if (trxAmount[i] == "3"): null

2022-06-24 14:46:47 - [TEST_STEP][PASSED] - if (trxAmount[i] == "4"): null

2022-06-24 14:46:47 - [TEST_STEP][PASSED] - if (trxAmount[i] == "5"): null

2022-06-24 14:46:47 - [TEST_STEP][PASSED] - if (trxAmount[i] == "6"): null

2022-06-24 14:46:47 - [TEST_STEP][PASSED] - if (trxAmount[i] == "7"): null

2022-06-24 14:46:47 - [TEST_STEP][PASSED] - if (trxAmount[i] == "8"): null

2022-06-24 14:46:47 - [TEST_STEP][PASSED] - if (trxAmount[i] == "9"): null

2022-06-24 14:46:47 - [TEST_STEP][PASSED] - if (trxAmount[i] == "0"): Tapped on element 'Object Repository/Login Onboarding/PIN0'

2022-06-24 14:46:47 - [TEST_STEP][PASSED] - tap(findTestObject("Login Onboarding/PIN0"), 0): Tapped on element 'Object Repository/Login Onboarding/PIN0'

2022-06-24 14:46:47 - [MESSAGE][WARNING] - Timeout '0' is invalid. Using default page load timeout: '40'

2022-06-24 14:46:48 - [MESSAGE][PASSED] - Tapped on element 'Object Repository/Login Onboarding/PIN0'

2022-06-24 14:46:48 - [TEST_STEP][PASSED] - if (trxAmount[i] == "1"): null

2022-06-24 14:46:48 - [TEST_STEP][PASSED] - if (trxAmount[i] == "2"): null

2022-06-24 14:46:48 - [TEST_STEP][PASSED] - if (trxAmount[i] == "3"): null

2022-06-24 14:46:48 - [TEST_STEP][PASSED] - if (trxAmount[i] == "4"): null

2022-06-24 14:46:48 - [TEST_STEP][PASSED] - if (trxAmount[i] == "5"): null

2022-06-24 14:46:48 - [TEST_STEP][PASSED] - if (trxAmount[i] == "6"): null

2022-06-24 14:46:48 - [TEST_STEP][PASSED] - if (trxAmount[i] == "7"): null

2022-06-24 14:46:48 - [TEST_STEP][PASSED] - if (trxAmount[i] == "8"): null

2022-06-24 14:46:48 - [TEST_STEP][PASSED] - if (trxAmount[i] == "9"): null

2022-06-24 14:46:48 - [TEST_STEP][PASSED] - delay(3): Delayed 3 second(s)

2022-06-24 14:46:51 - [MESSAGE][PASSED] - Delayed 3 second(s)

2022-06-24 14:46:51 - [TEST_STEP][PASSED] - verifyElementText(findTestObject("Transfer/transferAmountInputValueTxt", ["value":checkValue]), checkValue): Actual text and expected text of test object 'Object Repository/Transfer/transferAmountInputValueTxt' are matched.

2022-06-24 14:46:51 - [MESSAGE][PASSED] - Actual text and expected text of test object 'Object Repository/Transfer/transferAmountInputValueTxt' are matched.

2022-06-24 14:46:51 - [TEST_STEP][PASSED] - delay(3): Delayed 3 second(s)

2022-06-24 14:46:54 - [MESSAGE][PASSED] - Delayed 3 second(s)

2022-06-24 14:46:54 - [TEST_STEP][PASSED] - tap(findTestObject("Login Onboarding/loginPinTickBtn"), 0): Tapped on element 'Object Repository/Login Onboarding/loginPinTickBtn'

2022-06-24 14:46:54 - [MESSAGE][WARNING] - Timeout '0' is invalid. Using default page load timeout: '40'

2022-06-24 14:46:55 - [MESSAGE][PASSED] - Tapped on element 'Object Repository/Login Onboarding/loginPinTickBtn'

2022-06-24 14:46:55 - [TEST_STEP][PASSED] - delay(3): Delayed 3 second(s)

2022-06-24 14:46:58 - [MESSAGE][PASSED] - Delayed 3 second(s)

2022-06-24 14:46:58 - [TEST_STEP][PASSED] - verifyElementText(findTestObject("Transfer/transferReferenceAccNoTxt", ["accNo":accNo]), accNo): Actual text and expected text of test object 'Object Repository/Transfer/transferReferenceAccNoTxt' are matched.

2022-06-24 14:46:58 - [MESSAGE][PASSED] - Actual text and expected text of test object 'Object Repository/Transfer/transferReferenceAccNoTxt' are matched.

2022-06-24 14:46:58 - [TEST_STEP][PASSED] - verifyElementText(findTestObject("Transfer/transferReferenceAccBankTxt", ["accBank":accBank]), accBank): Actual text and expected text of test object 'Object Repository/Transfer/transferReferenceAccBankTxt' are matched.

2022-06-24 14:46:59 - [MESSAGE][PASSED] - Actual text and expected text of test object 'Object Repository/Transfer/transferReferenceAccBankTxt' are matched.

2022-06-24 14:46:59 - [TEST_STEP][PASSED] - verifyElementExist(findTestObject("Transfer/transferReferenceInputField"), 0): Element 'Object Repository/Transfer/transferReferenceInputField' is exist

2022-06-24 14:46:59 - [MESSAGE][WARNING] - Timeout '0' is invalid. Using default page load timeout: '40'

2022-06-24 14:46:59 - [MESSAGE][PASSED] - Element 'Object Repository/Transfer/transferReferenceInputField' is exist

2022-06-24 14:46:59 - [TEST_STEP][PASSED] - setText(findTestObject("Banking/transferReferenceInputField"), reference, 0): Text 'IBFTInstantTransfer' has been set to element 'Object Repository/Banking/transferReferenceInputField'

2022-06-24 14:46:59 - [MESSAGE][WARNING] - Timeout '0' is invalid. Using default page load timeout: '40'

2022-06-24 14:47:00 - [MESSAGE][PASSED] - Text 'IBFTInstantTransfer' has been set to element 'Object Repository/Banking/transferReferenceInputField'

2022-06-24 14:47:00 - [TEST_STEP][PASSED] - hideKeyboard(): Keyboard is hidden

2022-06-24 14:47:02 - [MESSAGE][PASSED] - Keyboard is hidden

2022-06-24 14:47:02 - [TEST_STEP][PASSED] - verifyElementText(findTestObject("Transfer/transferReferenceInputFieldAfter", ["reference":reference]), reference): Actual text and expected text of test object 'Object Repository/Transfer/transferReferenceInputFieldAfter' are matched.

2022-06-24 14:47:02 - [MESSAGE][PASSED] - Actual text and expected text of test object 'Object Repository/Transfer/transferReferenceInputFieldAfter' are matched.

2022-06-24 14:47:02 - [TEST_STEP][PASSED] - tap(findTestObject("Login Onboarding/loginExistingContinueBtn"), 0): Tapped on element 'Object Repository/Login Onboarding/loginExistingContinueBtn'

2022-06-24 14:47:02 - [MESSAGE][WARNING] - Timeout '0' is invalid. Using default page load timeout: '40'

2022-06-24 14:47:02 - [MESSAGE][PASSED] - Tapped on element 'Object Repository/Login Onboarding/loginExistingContinueBtn'

2022-06-24 14:47:02 - [TEST_STEP][PASSED] - verifyElementText(findTestObject("Transfer/transferReferenceAccNoTxt", ["accNo":accNo]), accNo): Actual text and expected text of test object 'Object Repository/Transfer/transferReferenceAccNoTxt' are matched.

2022-06-24 14:47:02 - [MESSAGE][PASSED] - Actual text and expected text of test object 'Object Repository/Transfer/transferReferenceAccNoTxt' are matched.

2022-06-24 14:47:02 - [TEST_STEP][PASSED] - verifyElementText(findTestObject("Transfer/transferReferenceAccBankTxt", ["accBank":accBank]), accBank): Actual text and expected text of test object 'Object Repository/Transfer/transferReferenceAccBankTxt' are matched.

2022-06-24 14:47:02 - [MESSAGE][PASSED] - Actual text and expected text of test object 'Object Repository/Transfer/transferReferenceAccBankTxt' are matched.

2022-06-24 14:47:02 - [TEST_STEP][PASSED] - delay(3): Delayed 3 second(s)

2022-06-24 14:47:05 - [MESSAGE][PASSED] - Delayed 3 second(s)

2022-06-24 14:47:05 - [TEST_STEP][PASSED] - tap(findTestObject("Banking/transferTypeDropdownSelection"), 0): Tapped on element 'Object Repository/Banking/transferTypeDropdownSelection'

2022-06-24 14:47:05 - [MESSAGE][WARNING] - Timeout '0' is invalid. Using default page load timeout: '40'

2022-06-24 14:47:06 - [MESSAGE][PASSED] - Tapped on element 'Object Repository/Banking/transferTypeDropdownSelection'

2022-06-24 14:47:06 - [TEST_STEP][PASSED] - scrollToText("Fund Transfer", STOP_ON_FAILURE): Scrolling to text 'Fund Transfer' successfully

2022-06-24 14:47:10 - [MESSAGE][PASSED] - Scrolling to text 'Fund Transfer' successfully

2022-06-24 14:47:10 - [TEST_STEP][PASSED] - tap(findTestObject("Banking/tansferTypeFundDropdownSelection"), 0): Tapped on element 'Object Repository/Banking/tansferTypeFundDropdownSelection'

2022-06-24 14:47:10 - [MESSAGE][WARNING] - Timeout '0' is invalid. Using default page load timeout: '40'

2022-06-24 14:47:10 - [MESSAGE][PASSED] - Tapped on element 'Object Repository/Banking/tansferTypeFundDropdownSelection'

2022-06-24 14:47:10 - [TEST_STEP][PASSED] - tap(findTestObject("Banking/transferModeDropdownDoneBtn"), 0): Tapped on element 'Object Repository/Banking/transferModeDropdownDoneBtn'

2022-06-24 14:47:10 - [MESSAGE][WARNING] - Timeout '0' is invalid. Using default page load timeout: '40'

2022-06-24 14:47:10 - [MESSAGE][PASSED] - Tapped on element 'Object Repository/Banking/transferModeDropdownDoneBtn'

2022-06-24 14:47:10 - [TEST_STEP][PASSED] - delay(3): Delayed 3 second(s)

2022-06-24 14:47:13 - [MESSAGE][PASSED] - Delayed 3 second(s)

2022-06-24 14:47:13 - [TEST_STEP][PASSED] - verifyElementExist(findTestObject("Transfer/instantTransferModeDuitTxt", ["mode":initialMode]), 0): Element 'Object Repository/Transfer/instantTransferModeDuitTxt' is exist

2022-06-24 14:47:13 - [MESSAGE][WARNING] - Timeout '0' is invalid. Using default page load timeout: '40'

2022-06-24 14:47:13 - [MESSAGE][PASSED] - Element 'Object Repository/Transfer/instantTransferModeDuitTxt' is exist

2022-06-24 14:47:13 - [TEST_STEP][PASSED] - verifyElementExist(findTestObject("Transfer/instantTransferModeTitleTxt"), 0): Element 'Object Repository/Transfer/instantTransferModeTitleTxt' is exist

2022-06-24 14:47:13 - [MESSAGE][WARNING] - Timeout '0' is invalid. Using default page load timeout: '40'

2022-06-24 14:47:13 - [MESSAGE][PASSED] - Element 'Object Repository/Transfer/instantTransferModeTitleTxt' is exist

2022-06-24 14:47:13 - [TEST_STEP][PASSED] - verifyElementExist(findTestObject("Transfer/instantTransferTypeFundTxt"), 0): Element 'Object Repository/Transfer/instantTransferTypeFundTxt' is exist

2022-06-24 14:47:13 - [MESSAGE][WARNING] - Timeout '0' is invalid. Using default page load timeout: '40'

2022-06-24 14:47:14 - [MESSAGE][PASSED] - Element 'Object Repository/Transfer/instantTransferTypeFundTxt' is exist

2022-06-24 14:47:14 - [TEST_STEP][PASSED] - verifyElementExist(findTestObject("Transfer/instantTransferTypeTitleTxt"), 0): Element 'Object Repository/Transfer/instantTransferTypeTitleTxt' is exist

2022-06-24 14:47:14 - [MESSAGE][WARNING] - Timeout '0' is invalid. Using default page load timeout: '40'

2022-06-24 14:47:14 - [MESSAGE][PASSED] - Element 'Object Repository/Transfer/instantTransferTypeTitleTxt' is exist

2022-06-24 14:47:14 - [TEST_STEP][PASSED] - tap(findTestObject("Login Onboarding/loginExistingContinueBtn"), 0): Tapped on element 'Object Repository/Login Onboarding/loginExistingContinueBtn'

2022-06-24 14:47:14 - [MESSAGE][WARNING] - Timeout '0' is invalid. Using default page load timeout: '40'

2022-06-24 14:47:14 - [MESSAGE][PASSED] - Tapped on element 'Object Repository/Login Onboarding/loginExistingContinueBtn'

2022-06-24 14:47:14 - [TEST_STEP][PASSED] - verifyElementText(findTestObject("Transfer/transferConfirmationTransactionDateTxt"), trxDate): Actual text and expected text of test object 'Object Repository/Transfer/transferConfirmationTransactionDateTxt' are matched.

2022-06-24 14:47:22 - [MESSAGE][PASSED] - Actual text and expected text of test object 'Object Repository/Transfer/transferConfirmationTransactionDateTxt' are matched.

2022-06-24 14:47:22 - [TEST_STEP][PASSED] - verifyElementText(findTestObject("Transfer/transferConfirmationAccountNameTxt", ["accName":accName]), accName): Actual text and expected text of test object 'Object Repository/Transfer/transferConfirmationAccountNameTxt' are matched.

2022-06-24 14:47:22 - [MESSAGE][PASSED] - Actual text and expected text of test object 'Object Repository/Transfer/transferConfirmationAccountNameTxt' are matched.

2022-06-24 14:47:22 - [TEST_STEP][PASSED] - verifyElementText(findTestObject("Transfer/transferConfirmationAccountNoTxt", ["accNo":accNo]), accNo): Actual text and expected text of test object 'Object Repository/Transfer/transferConfirmationAccountNoTxt' are matched.

2022-06-24 14:47:22 - [MESSAGE][PASSED] - Actual text and expected text of test object 'Object Repository/Transfer/transferConfirmationAccountNoTxt' are matched.

2022-06-24 14:47:22 - [TEST_STEP][PASSED] - verifyElementText(findTestObject("Transfer/transferConfirmationAmountTxt", ["amount":amount]), amount): Actual text and expected text of test object 'Object Repository/Transfer/transferConfirmationAmountTxt' are matched.

2022-06-24 14:47:23 - [MESSAGE][PASSED] - Actual text and expected text of test object 'Object Repository/Transfer/transferConfirmationAmountTxt' are matched.

2022-06-24 14:47:23 - [TEST_STEP][PASSED] - verifyElementText(findTestObject("Transfer/transferConfirmationTransactionRecRefTxt", ["reference":reference]), reference): Actual text and expected text of test object 'Object Repository/Transfer/transferConfirmationTransactionRecRefTxt' are matched.

2022-06-24 14:47:23 - [MESSAGE][PASSED] - Actual text and expected text of test object 'Object Repository/Transfer/transferConfirmationTransactionRecRefTxt' are matched.

2022-06-24 14:47:23 - [TEST_STEP][PASSED] - verifyElementText(findTestObject("Transfer/transferConfirmationTransactionBankTxt", ["accBank":accBank]), accBank): Actual text and expected text of test object 'Object Repository/Transfer/transferConfirmationTransactionBankTxt' are matched.

2022-06-24 14:47:23 - [MESSAGE][PASSED] - Actual text and expected text of test object 'Object Repository/Transfer/transferConfirmationTransactionBankTxt' are matched.

2022-06-24 14:47:23 - [TEST_STEP][PASSED] - verifyElementText(findTestObject("Transfer/transferConfirmationOptionalGreyWordTxt"), "Optional"): Actual text and expected text of test object 'Object Repository/Transfer/transferConfirmationOptionalGreyWordTxt' are matched.

2022-06-24 14:47:23 - [MESSAGE][PASSED] - Actual text and expected text of test object 'Object Repository/Transfer/transferConfirmationOptionalGreyWordTxt' are matched.

2022-06-24 14:47:23 - [TEST_STEP][PASSED] - verifyElementText(findTestObject("Transfer/instantTransferConfirmationTransactionTypeTxt"), trxType): Actual text and expected text of test object 'Object Repository/Transfer/instantTransferConfirmationTransactionTypeTxt' are matched.

2022-06-24 14:47:24 - [MESSAGE][PASSED] - Actual text and expected text of test object 'Object Repository/Transfer/instantTransferConfirmationTransactionTypeTxt' are matched.

2022-06-24 14:47:24 - [TEST_STEP][PASSED] - verifyElementText(findTestObject("Transfer/instantTransferConfirmationTransactionModeTxt", ["modeC":initialMode]), initialMode): Actual text and expected text of test object 'Object Repository/Transfer/instantTransferConfirmationTransactionModeTxt' are matched.

2022-06-24 14:47:24 - [MESSAGE][PASSED] - Actual text and expected text of test object 'Object Repository/Transfer/instantTransferConfirmationTransactionModeTxt' are matched.

2022-06-24 14:47:24 - [TEST_STEP][PASSED] - verifyElementText(findTestObject("Transfer/instantTransferConfirmationTransactionServiceTxt"), "RM 0.00"): Actual text and expected text of test object 'Object Repository/Transfer/instantTransferConfirmationTransactionServiceTxt' are matched.

2022-06-24 14:47:24 - [MESSAGE][PASSED] - Actual text and expected text of test object 'Object Repository/Transfer/instantTransferConfirmationTransactionServiceTxt' are matched.

2022-06-24 14:47:24 - [TEST_STEP][PASSED] - verifyElementExist(findTestObject("Transfer/transferConfirmationBankNameTitleTxt"), 0): Element 'Object Repository/Transfer/transferConfirmationBankNameTitleTxt' is exist

2022-06-24 14:47:24 - [MESSAGE][WARNING] - Timeout '0' is invalid. Using default page load timeout: '40'

2022-06-24 14:47:24 - [MESSAGE][PASSED] - Element 'Object Repository/Transfer/transferConfirmationBankNameTitleTxt' is exist

2022-06-24 14:47:24 - [TEST_STEP][PASSED] - verifyElementExist(findTestObject("Transfer/transferConfirmationDateTitleTxt"), 0): Element 'Object Repository/Transfer/transferConfirmationDateTitleTxt' is exist

2022-06-24 14:47:24 - [MESSAGE][WARNING] - Timeout '0' is invalid. Using default page load timeout: '40'

2022-06-24 14:47:24 - [MESSAGE][PASSED] - Element 'Object Repository/Transfer/transferConfirmationDateTitleTxt' is exist

2022-06-24 14:47:24 - [TEST_STEP][PASSED] - verifyElementExist(findTestObject("Transfer/transferConfirmationRecRefTitleTxt"), 0): Element 'Object Repository/Transfer/transferConfirmationRecRefTitleTxt' is exist

2022-06-24 14:47:24 - [MESSAGE][WARNING] - Timeout '0' is invalid. Using default page load timeout: '40'

2022-06-24 14:47:25 - [MESSAGE][PASSED] - Element 'Object Repository/Transfer/transferConfirmationRecRefTitleTxt' is exist

2022-06-24 14:47:25 - [TEST_STEP][PASSED] - verifyElementExist(findTestObject("Transfer/transferConfirmationPaymentDetailsTitleTxt"), 0): Element 'Object Repository/Transfer/transferConfirmationPaymentDetailsTitleTxt' is exist

2022-06-24 14:47:25 - [MESSAGE][WARNING] - Timeout '0' is invalid. Using default page load timeout: '40'

2022-06-24 14:47:25 - [MESSAGE][PASSED] - Element 'Object Repository/Transfer/transferConfirmationPaymentDetailsTitleTxt' is exist

2022-06-24 14:47:25 - [TEST_STEP][PASSED] - verifyElementExist(findTestObject("Transfer/instantTransferConfirmationModeTitleTxt"), 0): Element 'Object Repository/Transfer/instantTransferConfirmationModeTitleTxt' is exist

2022-06-24 14:47:25 - [MESSAGE][WARNING] - Timeout '0' is invalid. Using default page load timeout: '40'

2022-06-24 14:47:25 - [MESSAGE][PASSED] - Element 'Object Repository/Transfer/instantTransferConfirmationModeTitleTxt' is exist

2022-06-24 14:47:25 - [TEST_STEP][PASSED] - verifyElementExist(findTestObject("Transfer/instantTransferConfirmationServiceFeeTitleTxt"), 0): Element 'Object Repository/Transfer/instantTransferConfirmationServiceFeeTitleTxt' is exist

2022-06-24 14:47:25 - [MESSAGE][WARNING] - Timeout '0' is invalid. Using default page load timeout: '40'

2022-06-24 14:47:25 - [MESSAGE][PASSED] - Element 'Object Repository/Transfer/instantTransferConfirmationServiceFeeTitleTxt' is exist

2022-06-24 14:47:25 - [TEST_STEP][PASSED] - verifyElementExist(findTestObject("Transfer/instantTransferConfirmationTypeTitleTxt"), 0): Element 'Object Repository/Transfer/instantTransferConfirmationTypeTitleTxt' is exist

2022-06-24 14:47:25 - [MESSAGE][WARNING] - Timeout '0' is invalid. Using default page load timeout: '40'

2022-06-24 14:47:25 - [MESSAGE][PASSED] - Element 'Object Repository/Transfer/instantTransferConfirmationTypeTitleTxt' is exist

2022-06-24 14:47:25 - [TEST_STEP][PASSED] - verifyElementExist(findTestObject("Transfer/transferConfirmationNoteTitleTxt"), 0): Element 'Object Repository/Transfer/transferConfirmationNoteTitleTxt' is exist

2022-06-24 14:47:26 - [MESSAGE][WARNING] - Timeout '0' is invalid. Using default page load timeout: '40'

2022-06-24 14:47:26 - [MESSAGE][PASSED] - Element 'Object Repository/Transfer/transferConfirmationNoteTitleTxt' is exist

2022-06-24 14:47:26 - [TEST_STEP][PASSED] - tap(findTestObject("Transfer/transferConfirmationOptionalGreyWordTxt"), 0): Tapped on element 'Object Repository/Transfer/transferConfirmationOptionalGreyWordTxt'

2022-06-24 14:47:26 - [MESSAGE][WARNING] - Timeout '0' is invalid. Using default page load timeout: '40'

2022-06-24 14:47:26 - [MESSAGE][PASSED] - Tapped on element 'Object Repository/Transfer/transferConfirmationOptionalGreyWordTxt'

2022-06-24 14:47:26 - [TEST_STEP][PASSED] - setText(findTestObject("Transfer/transferConfirmationDetailsInputField"), details, 0): Text 'Test' has been set to element 'Object Repository/Transfer/transferConfirmationDetailsInputField'

2022-06-24 14:47:26 - [MESSAGE][WARNING] - Timeout '0' is invalid. Using default page load timeout: '40'

2022-06-24 14:47:29 - [MESSAGE][PASSED] - Text 'Test' has been set to element 'Object Repository/Transfer/transferConfirmationDetailsInputField'

2022-06-24 14:47:29 - [TEST_STEP][PASSED] - hideKeyboard(): Keyboard is hidden

2022-06-24 14:47:31 - [MESSAGE][PASSED] - Keyboard is hidden

2022-06-24 14:47:31 - [TEST_STEP][PASSED] - verifyElementText(findTestObject("Transfer/transferConfirmationOptionalGreyWordTxt"), details): Actual text and expected text of test object 'Object Repository/Transfer/transferConfirmationOptionalGreyWordTxt' are matched.

2022-06-24 14:47:31 - [MESSAGE][PASSED] - Actual text and expected text of test object 'Object Repository/Transfer/transferConfirmationOptionalGreyWordTxt' are matched.

2022-06-24 14:47:31 - [TEST_STEP][PASSED] - device_Height_2 = getDeviceHeight(): Current device physical height is 2167

2022-06-24 14:47:31 - [MESSAGE][PASSED] - Current device physical height is 2167

2022-06-24 14:47:31 - [TEST_STEP][PASSED] - device_Width_2 = getDeviceWidth(): Current device physical width is 1080

2022-06-24 14:47:32 - [MESSAGE][PASSED] - Current device physical width is 1080

2022-06-24 14:47:32 - [TEST_STEP][PASSED] - startX_2 = device_Width_2 / 2: null

2022-06-24 14:47:32 - [TEST_STEP][PASSED] - endX_2 = startX_2: null

2022-06-24 14:47:32 - [TEST_STEP][PASSED] - startY_2 = device_Height_2 * 0.30: null

2022-06-24 14:47:32 - [TEST_STEP][PASSED] - endY_2 = device_Height_2 * 0.70: null

2022-06-24 14:47:32 - [TEST_STEP][PASSED] - swipe(startX_2, endY_2, endX_2, startY_2): Swiped from 540,1,516 to 540,650

2022-06-24 14:47:33 - [MESSAGE][PASSED] - Swiped from 540,1,516 to 540,650

2022-06-24 14:47:33 - [TEST_STEP][PASSED] - verifyElementExist(findTestObject("Transfer/instantTransferConfirmationNotes1Txt"), 0): Element 'Object Repository/Transfer/instantTransferConfirmationNotes1Txt' is exist

2022-06-24 14:47:33 - [MESSAGE][WARNING] - Timeout '0' is invalid. Using default page load timeout: '40'

2022-06-24 14:47:34 - [MESSAGE][PASSED] - Element 'Object Repository/Transfer/instantTransferConfirmationNotes1Txt' is exist

2022-06-24 14:47:34 - [TEST_STEP][PASSED] - verifyElementExist(findTestObject("Transfer/transferConfirmationFTransferFromTitleTxt"), 0): Element 'Object Repository/Transfer/transferConfirmationFTransferFromTitleTxt' is exist

2022-06-24 14:47:34 - [MESSAGE][WARNING] - Timeout '0' is invalid. Using default page load timeout: '40'

2022-06-24 14:47:34 - [MESSAGE][PASSED] - Element 'Object Repository/Transfer/transferConfirmationFTransferFromTitleTxt' is exist

2022-06-24 14:47:34 - [TEST_STEP][PASSED] - verifyElementExist(findTestObject("Transfer/instantTransferConfirmationNotes2Txt"), 0): Element 'Object Repository/Transfer/instantTransferConfirmationNotes2Txt' is exist

2022-06-24 14:47:34 - [MESSAGE][WARNING] - Timeout '0' is invalid. Using default page load timeout: '40'

2022-06-24 14:47:34 - [MESSAGE][PASSED] - Element 'Object Repository/Transfer/instantTransferConfirmationNotes2Txt' is exist

2022-06-24 14:47:34 - [TEST_STEP][PASSED] - verifyElementText(findTestObject("Transfer/transferConfirmationFromAccTypeTxt", ["accType":accType]), accType): Actual text and expected text of test object 'Object Repository/Transfer/transferConfirmationFromAccTypeTxt' are matched.

2022-06-24 14:47:34 - [MESSAGE][PASSED] - Actual text and expected text of test object 'Object Repository/Transfer/transferConfirmationFromAccTypeTxt' are matched.

2022-06-24 14:47:34 - [TEST_STEP][PASSED] - verifyElementText(findTestObject("Transfer/transferConfirmationFromAccNoTxt", ["accNoFrom":accNoFrom]), accNoFrom): Actual text and expected text of test object 'Object Repository/Transfer/transferConfirmationFromAccNoTxt' are matched.

2022-06-24 14:47:34 - [MESSAGE][PASSED] - Actual text and expected text of test object 'Object Repository/Transfer/transferConfirmationFromAccNoTxt' are matched.

2022-06-24 14:47:34 - [TEST_STEP][PASSED] - verifyElementExist(findTestObject("Transfer/transferConfirmationFromAccBalanceTxt"), 0): Element 'Object Repository/Transfer/transferConfirmationFromAccBalanceTxt' is exist

2022-06-24 14:47:34 - [MESSAGE][WARNING] - Timeout '0' is invalid. Using default page load timeout: '40'

2022-06-24 14:47:35 - [MESSAGE][PASSED] - Element 'Object Repository/Transfer/transferConfirmationFromAccBalanceTxt' is exist

2022-06-24 14:47:35 - [TEST_STEP][PASSED] - accountBalance = getText(findTestObject("Transfer/transferConfirmationFromAccBalanceTxt"), 0): Text of element 'Object Repository/Transfer/transferConfirmationFromAccBalanceTxt' is: 'RM 2,018.97'

2022-06-24 14:47:35 - [MESSAGE][WARNING] - Timeout '0' is invalid. Using default page load timeout: '40'

2022-06-24 14:47:35 - [MESSAGE][PASSED] - Text of element 'Object Repository/Transfer/transferConfirmationFromAccBalanceTxt' is: 'RM 2,018.97'

2022-06-24 14:47:35 - [TEST_STEP][PASSED] - println(accountBalance): null

2022-06-24 14:47:35 - [TEST_STEP][PASSED] - tap(findTestObject("Main/mainTransferNowBtn"), 0): Tapped on element 'Object Repository/Main/mainTransferNowBtn'

2022-06-24 14:47:35 - [MESSAGE][WARNING] - Timeout '0' is invalid. Using default page load timeout: '40'

2022-06-24 14:47:35 - [MESSAGE][PASSED] - Tapped on element 'Object Repository/Main/mainTransferNowBtn'

2022-06-24 14:47:35 - [TEST_STEP][PASSED] - if (value <= limit): Tapped on element 'Object Repository/Main/mainS2UApproveBtn'

2022-06-24 14:47:35 - [TEST_STEP][PASSED] - if (verifyElementVisible(findTestObject("Festive Season/seasonalGreetingAngpaoTACNoTxt"), 10, OPTIONAL)): Element 'Object Repository/Festive Season/seasonalGreetingAngpaoTACNoTxt' not found

2022-06-24 14:47:45 - [MESSAGE][WARNING] - Element 'Object Repository/Festive Season/seasonalGreetingAngpaoTACNoTxt' not found

2022-06-24 14:47:45 - [TEST_STEP][PASSED] - else: Tapped on element 'Object Repository/Main/mainS2UApproveBtn'

2022-06-24 14:47:45 - [TEST_STEP][PASSED] - delay(3): Delayed 3 second(s)

2022-06-24 14:47:48 - [MESSAGE][PASSED] - Delayed 3 second(s)

2022-06-24 14:47:48 - [TEST_STEP][PASSED] - verifyElementVisible(findTestObject("Main/mainS2UApproveBtn"), 0): Element 'Object Repository/Main/mainS2UApproveBtn' is visible

2022-06-24 14:47:48 - [MESSAGE][WARNING] - Timeout '0' is invalid. Using default page load timeout: '40'

2022-06-24 14:47:49 - [MESSAGE][PASSED] - Element 'Object Repository/Main/mainS2UApproveBtn' is visible

2022-06-24 14:47:49 - [TEST_STEP][PASSED] - tap(findTestObject("Main/mainS2UApproveBtn"), 0): Tapped on element 'Object Repository/Main/mainS2UApproveBtn'

2022-06-24 14:47:49 - [MESSAGE][WARNING] - Timeout '0' is invalid. Using default page load timeout: '40'

2022-06-24 14:47:49 - [MESSAGE][PASSED] - Tapped on element 'Object Repository/Main/mainS2UApproveBtn'

2022-06-24 14:47:49 - [TEST_STEP][PASSED] - delay(5): Delayed 5 second(s)

2022-06-24 14:47:54 - [MESSAGE][PASSED] - Delayed 5 second(s)

2022-06-24 14:47:54 - [TEST_STEP][PASSED] - verifyElementExist(findTestObject("Festive Season/returnAngpaoStatusMessageTxt"), 0): Element 'Object Repository/Festive Season/returnAngpaoStatusMessageTxt' is exist

2022-06-24 14:47:54 - [MESSAGE][WARNING] - Timeout '0' is invalid. Using default page load timeout: '40'

2022-06-24 14:47:57 - [MESSAGE][PASSED] - Element 'Object Repository/Festive Season/returnAngpaoStatusMessageTxt' is exist

2022-06-24 14:47:57 - [TEST_STEP][PASSED] - message = getText(findTestObject("Festive Season/returnAngpaoStatusMessageTxt"), 10): Text of element 'Object Repository/Festive Season/returnAngpaoStatusMessageTxt' is: 'Transfer successful'

2022-06-24 14:47:57 - [MESSAGE][PASSED] - Text of element 'Object Repository/Festive Season/returnAngpaoStatusMessageTxt' is: 'Transfer successful'

2022-06-24 14:47:57 - [TEST_STEP][PASSED] - println(message): null

2022-06-24 14:47:57 - [TEST_STEP][PASSED] - delay(5): Delayed 5 second(s)

2022-06-24 14:48:02 - [MESSAGE][PASSED] - Delayed 5 second(s)

2022-06-24 14:48:02 - [TEST_STEP][PASSED] - if (value > limit): null

2022-06-24 14:48:02 - [TEST_STEP][PASSED] - else: Element 'Object Repository/Transfer/transferSummaryShareReceiptBtn' is exist

2022-06-24 14:48:02 - [TEST_STEP][PASSED] - verifyElementExist(findTestObject("Transfer/transferSummaryDateTimeTitleTxt"), 0): Element 'Object Repository/Transfer/transferSummaryDateTimeTitleTxt' is exist

2022-06-24 14:48:02 - [MESSAGE][WARNING] - Timeout '0' is invalid. Using default page load timeout: '40'

2022-06-24 14:48:02 - [MESSAGE][PASSED] - Element 'Object Repository/Transfer/transferSummaryDateTimeTitleTxt' is exist

2022-06-24 14:48:02 - [TEST_STEP][PASSED] - verifyElementExist(findTestObject("Transfer/transferSummaryRefIDTitleTxt"), 0): Element 'Object Repository/Transfer/transferSummaryRefIDTitleTxt' is exist

2022-06-24 14:48:02 - [MESSAGE][WARNING] - Timeout '0' is invalid. Using default page load timeout: '40'

2022-06-24 14:48:02 - [MESSAGE][PASSED] - Element 'Object Repository/Transfer/transferSummaryRefIDTitleTxt' is exist

2022-06-24 14:48:02 - [TEST_STEP][PASSED] - verifyElementExist(findTestObject("Transfer/transferSummaryShareReceiptBtn"), 0): Element 'Object Repository/Transfer/transferSummaryShareReceiptBtn' is exist

2022-06-24 14:48:02 - [MESSAGE][WARNING] - Timeout '0' is invalid. Using default page load timeout: '40'

2022-06-24 14:48:03 - [MESSAGE][PASSED] - Element 'Object Repository/Transfer/transferSummaryShareReceiptBtn' is exist

2022-06-24 14:48:03 - [TEST_STEP][PASSED] - delay(5): Delayed 5 second(s)

2022-06-24 14:48:08 - [MESSAGE][PASSED] - Delayed 5 second(s)

2022-06-24 14:48:08 - [TEST_STEP][PASSED] - referenceID = getText(findTestObject("Send Request Money/requestMoneyPaySummaryRefIDTxt"), 0): Text of element 'Object Repository/Send Request Money/requestMoneyPaySummaryRefIDTxt' is: '181591095M'

2022-06-24 14:48:08 - [MESSAGE][WARNING] - Timeout '0' is invalid. Using default page load timeout: '40'

2022-06-24 14:48:08 - [MESSAGE][PASSED] - Text of element 'Object Repository/Send Request Money/requestMoneyPaySummaryRefIDTxt' is: '181591095M'

2022-06-24 14:48:08 - [TEST_STEP][PASSED] - println(referenceID): null

2022-06-24 14:48:08 - [TEST_STEP][PASSED] - test = dataFolder: null

2022-06-24 14:48:08 - [TEST_STEP][PASSED] - sheetName = "Sheet1": null

2022-06-24 14:48:08 - [TEST_STEP][PASSED] - file1 = new java.io.File(test): null

2022-06-24 14:48:08 - [TEST_STEP][PASSED] - assert file1.exists() == true: null

2022-06-24 14:48:08 - [TEST_STEP][PASSED] - woorkbook1 = getWorkbook(test): null

2022-06-24 14:48:08 - [TEST_STEP][PASSED] - sheet1 = getExcelSheet(woorkbook1, sheetName): null

2022-06-24 14:48:08 - [TEST_STEP][PASSED] - setValueToCellByIndex(sheet1, 3, 1, referenceID): null

2022-06-24 14:48:08 - [TEST_STEP][PASSED] - saveWorkbook(test, woorkbook1): null

2022-06-24 14:48:08 - [TEST_STEP][PASSED] - delay(3): Delayed 3 second(s)

2022-06-24 14:48:11 - [MESSAGE][PASSED] - Delayed 3 second(s)

2022-06-24 14:48:11 - [TEST_STEP][PASSED] - verifyElementVisible(findTestObject("Main/mainDoneBtn"), 0): Element 'Object Repository/Main/mainDoneBtn' is visible

2022-06-24 14:48:11 - [MESSAGE][WARNING] - Timeout '0' is invalid. Using default page load timeout: '40'

2022-06-24 14:48:11 - [MESSAGE][PASSED] - Element 'Object Repository/Main/mainDoneBtn' is visible

2022-06-24 14:48:11 - [TEST_STEP][PASSED] - takeScreenshot("/Users/a00139272/Desktop/Screenshot/instantIBFT.png"): Screenshot is taken

2022-06-24 14:48:12 - [MESSAGE][PASSED] - Screenshot is taken
[[ATTACHMENT|/Users/a00139272/Desktop/Screenshot/instantIBFT.png]]

2022-06-24 14:48:12 - [TEST_STEP][PASSED] - tap(findTestObject("Main/mainDoneBtn"), 0): Tapped on element 'Object Repository/Main/mainDoneBtn'

2022-06-24 14:48:12 - [MESSAGE][WARNING] - Timeout '0' is invalid. Using default page load timeout: '40'

2022-06-24 14:48:13 - [MESSAGE][PASSED] - Tapped on element 'Object Repository/Main/mainDoneBtn'

2022-06-24 14:48:13 - [TEST_STEP][PASSED] - if (value < limit): Delayed 5 second(s)

2022-06-24 14:48:13 - [TEST_STEP][PASSED] - delay(5): Delayed 5 second(s)

2022-06-24 14:48:18 - [MESSAGE][PASSED] - Delayed 5 second(s)

2022-06-24 14:48:18 - [TEST_STEP][PASSED] - tap(findTestObject("Main/mainTopLeftBackButton"), 0): Tapped on element 'Object Repository/Main/mainTopLeftBackButton'

2022-06-24 14:48:18 - [MESSAGE][WARNING] - Timeout '0' is invalid. Using default page load timeout: '40'

2022-06-24 14:48:18 - [MESSAGE][PASSED] - Tapped on element 'Object Repository/Main/mainTopLeftBackButton'

2022-06-24 14:48:18 - [TEST_STEP][PASSED] - delay(5): Delayed 5 second(s)

2022-06-24 14:48:23 - [MESSAGE][PASSED] - Delayed 5 second(s)

2022-06-24 14:48:23 - [TEST_STEP][PASSED] - verifyElementVisible(findTestObject("Banking/m2uAccountTypeSelection", ["text":accType]), 0): Element 'Object Repository/Banking/m2uAccountTypeSelection' is visible

2022-06-24 14:48:23 - [MESSAGE][WARNING] - Timeout '0' is invalid. Using default page load timeout: '40'

2022-06-24 14:48:23 - [MESSAGE][PASSED] - Element 'Object Repository/Banking/m2uAccountTypeSelection' is visible

2022-06-24 14:48:23 - [TEST_STEP][PASSED] - tap(findTestObject("Banking/m2uAccountTypeSelection", ["text":accType]), 10): Tapped on element 'Object Repository/Banking/m2uAccountTypeSelection'

2022-06-24 14:48:24 - [MESSAGE][PASSED] - Tapped on element 'Object Repository/Banking/m2uAccountTypeSelection'

2022-06-24 14:48:24 - [TEST_STEP][PASSED] - delay(5): Delayed 5 second(s)

2022-06-24 14:48:29 - [MESSAGE][PASSED] - Delayed 5 second(s)

2022-06-24 14:48:29 - [TEST_STEP][PASSED] - afterBalance = getText(findTestObject("Main/mainAccountsBalanceTxt"), 0): Text of element 'Object Repository/Main/mainAccountsBalanceTxt' is: 'RM 2,015.97'

2022-06-24 14:48:29 - [MESSAGE][WARNING] - Timeout '0' is invalid. Using default page load timeout: '40'

2022-06-24 14:48:29 - [MESSAGE][PASSED] - Text of element 'Object Repository/Main/mainAccountsBalanceTxt' is: 'RM 2,015.97'

2022-06-24 14:48:29 - [TEST_STEP][PASSED] - newAfterBalance = afterBalance.replaceAll("[^0-9.]", ""): null

2022-06-24 14:48:29 - [TEST_STEP][PASSED] - newAccountBalance = accountBalance.replaceAll("[^0-9.]", ""): null

2022-06-24 14:48:29 - [TEST_STEP][PASSED] - newAfterBalanceF = Float.parseFloat(newAfterBalance): null

2022-06-24 14:48:29 - [TEST_STEP][PASSED] - newAccountBalanceF = Float.parseFloat(newAccountBalance): null

2022-06-24 14:48:29 - [TEST_STEP][PASSED] - println(afterBalance): null

2022-06-24 14:48:29 - [TEST_STEP][PASSED] - println(accountBalance): null

2022-06-24 14:48:29 - [TEST_STEP][PASSED] - println(newAfterBalance): null

2022-06-24 14:48:29 - [TEST_STEP][PASSED] - println(newAccountBalance): null

2022-06-24 14:48:29 - [TEST_STEP][PASSED] - value_1 = checkValue: null

2022-06-24 14:48:29 - [TEST_STEP][PASSED] - value_2 = value_1.replaceAll("[^0-9.]", ""): null

2022-06-24 14:48:29 - [TEST_STEP][PASSED] - newValue = Float.parseFloat(value_2): null

2022-06-24 14:48:29 - [TEST_STEP][PASSED] - newBalance = newAccountBalanceF - newValue: null

2022-06-24 14:48:29 - [TEST_STEP][PASSED] - println(newBalance): null

2022-06-24 14:48:29 - [TEST_STEP][PASSED] - assert newBalance.round(2) == newAfterBalanceF: null

2022-06-24 14:48:29 - [TEST_STEP][PASSED] - delay(5): Delayed 5 second(s)

2022-06-24 14:48:34 - [MESSAGE][PASSED] - Delayed 5 second(s)]]></system-out>
         <system-err><![CDATA[]]></system-err>
      </testcase>
      <testcase name="Test Cases/Transfer/transfer_instantTransferIBG" time="268.0" classname="Test Cases/Transfer/transfer_instantTransferIBG" status="FAILED">
         <failure type="FAILED" message="Test Cases/Transfer/transfer_instantTransferIBG FAILED.
Reason:
Assertion failed: 

assert message == successTransactionMessage
       |       |  |
       |       |  Transfer accepted
       |       false
       Transfer failed

	at transfer_instantTransferIBG.run(transfer_instantTransferIBG:396)
	at com.kms.katalon.core.main.ScriptEngine.run(ScriptEngine.java:194)
	at com.kms.katalon.core.main.ScriptEngine.runScriptAsRawText(ScriptEngine.java:119)
	at com.kms.katalon.core.main.TestCaseExecutor.runScript(TestCaseExecutor.java:445)
	at com.kms.katalon.core.main.TestCaseExecutor.doExecute(TestCaseExecutor.java:436)
	at com.kms.katalon.core.main.TestCaseExecutor.processExecutionPhase(TestCaseExecutor.java:415)
	at com.kms.katalon.core.main.TestCaseExecutor.accessMainPhase(TestCaseExecutor.java:407)
	at com.kms.katalon.core.main.TestCaseExecutor.execute(TestCaseExecutor.java:284)
	at com.kms.katalon.core.common.CommonExecutor.accessTestCaseMainPhase(CommonExecutor.java:65)
	at com.kms.katalon.core.main.TestSuiteExecutor.accessTestSuiteMainPhase(TestSuiteExecutor.java:144)
	at com.kms.katalon.core.main.TestSuiteExecutor.execute(TestSuiteExecutor.java:106)
	at com.kms.katalon.core.main.TestCaseMain.startTestSuite(TestCaseMain.java:185)
	at com.kms.katalon.core.main.TestCaseMain$startTestSuite$0.call(Unknown Source)
	at TempTestSuite1656052741094.run(TempTestSuite1656052741094.groovy:36)
"/>
         <system-out><![CDATA[2022-06-24 14:48:34 - [TEST_CASE][FAILED] - Test Cases/Transfer/transfer_instantTransferIBG: Test Cases/Transfer/transfer_instantTransferIBG FAILED.
Reason:
Assertion failed: 

assert message == successTransactionMessage
       |       |  |
       |       |  Transfer accepted
       |       false
       Transfer failed

	at transfer_instantTransferIBG.run(transfer_instantTransferIBG:396)
	at com.kms.katalon.core.main.ScriptEngine.run(ScriptEngine.java:194)
	at com.kms.katalon.core.main.ScriptEngine.runScriptAsRawText(ScriptEngine.java:119)
	at com.kms.katalon.core.main.TestCaseExecutor.runScript(TestCaseExecutor.java:445)
	at com.kms.katalon.core.main.TestCaseExecutor.doExecute(TestCaseExecutor.java:436)
	at com.kms.katalon.core.main.TestCaseExecutor.processExecutionPhase(TestCaseExecutor.java:415)
	at com.kms.katalon.core.main.TestCaseExecutor.accessMainPhase(TestCaseExecutor.java:407)
	at com.kms.katalon.core.main.TestCaseExecutor.execute(TestCaseExecutor.java:284)
	at com.kms.katalon.core.common.CommonExecutor.accessTestCaseMainPhase(CommonExecutor.java:65)
	at com.kms.katalon.core.main.TestSuiteExecutor.accessTestSuiteMainPhase(TestSuiteExecutor.java:144)
	at com.kms.katalon.core.main.TestSuiteExecutor.execute(TestSuiteExecutor.java:106)
	at com.kms.katalon.core.main.TestCaseMain.startTestSuite(TestCaseMain.java:185)
	at com.kms.katalon.core.main.TestCaseMain$startTestSuite$0.call(Unknown Source)
	at TempTestSuite1656052741094.run(TempTestSuite1656052741094.groovy:36)


2022-06-24 14:48:34 - [TEST_STEP][PASSED] - delay(5): Delayed 5 second(s)

2022-06-24 14:48:39 - [MESSAGE][PASSED] - Delayed 5 second(s)

2022-06-24 14:48:39 - [TEST_STEP][PASSED] - device_Height = getDeviceHeight(): Current device physical height is 2167

2022-06-24 14:48:39 - [MESSAGE][PASSED] - Current device physical height is 2167

2022-06-24 14:48:39 - [TEST_STEP][PASSED] - device_Width = getDeviceWidth(): Current device physical width is 1080

2022-06-24 14:48:40 - [MESSAGE][PASSED] - Current device physical width is 1080

2022-06-24 14:48:40 - [TEST_STEP][PASSED] - startX = device_Width / 3: null

2022-06-24 14:48:40 - [TEST_STEP][PASSED] - startY = device_Height * 0.97: null

2022-06-24 14:48:40 - [TEST_STEP][PASSED] - verifyElementVisible(findTestObject("Banking/m2uAccountTransferIconSelect"), 0): Element 'Object Repository/Banking/m2uAccountTransferIconSelect' is visible

2022-06-24 14:48:40 - [MESSAGE][WARNING] - Timeout '0' is invalid. Using default page load timeout: '40'

2022-06-24 14:48:41 - [MESSAGE][PASSED] - Element 'Object Repository/Banking/m2uAccountTransferIconSelect' is visible

2022-06-24 14:48:41 - [TEST_STEP][PASSED] - tap(findTestObject("Banking/m2uAccountTransferIconSelect"), 0): Tapped on element 'Object Repository/Banking/m2uAccountTransferIconSelect'

2022-06-24 14:48:41 - [MESSAGE][WARNING] - Timeout '0' is invalid. Using default page load timeout: '40'

2022-06-24 14:48:41 - [MESSAGE][PASSED] - Tapped on element 'Object Repository/Banking/m2uAccountTransferIconSelect'

2022-06-24 14:48:41 - [TEST_STEP][PASSED] - delay(5): Delayed 5 second(s)

2022-06-24 14:48:46 - [MESSAGE][PASSED] - Delayed 5 second(s)

2022-06-24 14:48:46 - [TEST_STEP][PASSED] - println("InterBank Test Case Started"): null

2022-06-24 14:48:46 - [TEST_STEP][PASSED] - verifyElementExist(findTestObject("Banking/transferOthersTopMenuSelect"), 0): Element 'Object Repository/Banking/transferOthersTopMenuSelect' is exist

2022-06-24 14:48:46 - [MESSAGE][WARNING] - Timeout '0' is invalid. Using default page load timeout: '40'

2022-06-24 14:49:16 - [MESSAGE][PASSED] - Element 'Object Repository/Banking/transferOthersTopMenuSelect' is exist

2022-06-24 14:49:16 - [TEST_STEP][PASSED] - tap(findTestObject("Banking/transferOthersTopMenuSelect"), 0): Tapped on element 'Object Repository/Banking/transferOthersTopMenuSelect'

2022-06-24 14:49:16 - [MESSAGE][WARNING] - Timeout '0' is invalid. Using default page load timeout: '40'

2022-06-24 14:50:17 - [MESSAGE][PASSED] - Tapped on element 'Object Repository/Banking/transferOthersTopMenuSelect'

2022-06-24 14:50:17 - [TEST_STEP][PASSED] - tap(findTestObject("Banking/transferBanksIconSelect"), 0): Tapped on element 'Object Repository/Banking/transferBanksIconSelect'

2022-06-24 14:50:17 - [MESSAGE][WARNING] - Timeout '0' is invalid. Using default page load timeout: '40'

2022-06-24 14:51:10 - [MESSAGE][PASSED] - Tapped on element 'Object Repository/Banking/transferBanksIconSelect'

2022-06-24 14:51:10 - [TEST_STEP][PASSED] - scrollToText("PUBLIC BANK", STOP_ON_FAILURE): Scrolling to text 'PUBLIC BANK' successfully

2022-06-24 14:51:22 - [MESSAGE][PASSED] - Scrolling to text 'PUBLIC BANK' successfully

2022-06-24 14:51:22 - [TEST_STEP][PASSED] - tap(findTestObject("Banking/transferBankSelection", ["text":accBank]), 10): Tapped on element 'Object Repository/Banking/transferBankSelection'

2022-06-24 14:51:23 - [MESSAGE][PASSED] - Tapped on element 'Object Repository/Banking/transferBankSelection'

2022-06-24 14:51:23 - [TEST_STEP][PASSED] - setText(findTestObject("Banking/transferAccountNoInputField"), accountNum, 0): Text '3099117112' has been set to element 'Object Repository/Banking/transferAccountNoInputField'

2022-06-24 14:51:23 - [MESSAGE][WARNING] - Timeout '0' is invalid. Using default page load timeout: '40'

2022-06-24 14:51:25 - [MESSAGE][PASSED] - Text '3099117112' has been set to element 'Object Repository/Banking/transferAccountNoInputField'

2022-06-24 14:51:25 - [TEST_STEP][PASSED] - hideKeyboard(): Keyboard is hidden

2022-06-24 14:51:29 - [MESSAGE][PASSED] - Keyboard is hidden

2022-06-24 14:51:29 - [TEST_STEP][PASSED] - tap(findTestObject("Login Onboarding/loginExistingContinueBtn"), 0): Tapped on element 'Object Repository/Login Onboarding/loginExistingContinueBtn'

2022-06-24 14:51:29 - [MESSAGE][WARNING] - Timeout '0' is invalid. Using default page load timeout: '40'

2022-06-24 14:51:30 - [MESSAGE][PASSED] - Tapped on element 'Object Repository/Login Onboarding/loginExistingContinueBtn'

2022-06-24 14:51:30 - [TEST_STEP][PASSED] - verifyElementText(findTestObject("Transfer/transferAmounttAccNoTxt", ["accNo":accNo]), accNo): Actual text and expected text of test object 'Object Repository/Transfer/transferAmounttAccNoTxt' are matched.

2022-06-24 14:51:31 - [MESSAGE][PASSED] - Actual text and expected text of test object 'Object Repository/Transfer/transferAmounttAccNoTxt' are matched.

2022-06-24 14:51:31 - [TEST_STEP][PASSED] - verifyElementText(findTestObject("Transfer/transferAmounttAccBankTxt", ["accBank":accBank]), accBank): Actual text and expected text of test object 'Object Repository/Transfer/transferAmounttAccBankTxt' are matched.

2022-06-24 14:51:31 - [MESSAGE][PASSED] - Actual text and expected text of test object 'Object Repository/Transfer/transferAmounttAccBankTxt' are matched.

2022-06-24 14:51:31 - [TEST_STEP][PASSED] - verifyElementExist(findTestObject("Transfer/transferAmountRMTxt"), 0): Element 'Object Repository/Transfer/transferAmountRMTxt' is exist

2022-06-24 14:51:31 - [MESSAGE][WARNING] - Timeout '0' is invalid. Using default page load timeout: '40'

2022-06-24 14:51:31 - [MESSAGE][PASSED] - Element 'Object Repository/Transfer/transferAmountRMTxt' is exist

2022-06-24 14:51:31 - [TEST_STEP][PASSED] - verifyElementExist(findTestObject("Duit Now/duitNowAmountInitialValueTxt"), 0): Element 'Object Repository/Duit Now/duitNowAmountInitialValueTxt' is exist

2022-06-24 14:51:32 - [MESSAGE][WARNING] - Timeout '0' is invalid. Using default page load timeout: '40'

2022-06-24 14:51:32 - [MESSAGE][PASSED] - Element 'Object Repository/Duit Now/duitNowAmountInitialValueTxt' is exist

2022-06-24 14:51:32 - [TEST_STEP][PASSED] - verifyElementExist(findTestObject("Transfer/transferAmountEnterAmountTitleTxt"), 0): Element 'Object Repository/Transfer/transferAmountEnterAmountTitleTxt' is exist

2022-06-24 14:51:32 - [MESSAGE][WARNING] - Timeout '0' is invalid. Using default page load timeout: '40'

2022-06-24 14:51:32 - [MESSAGE][PASSED] - Element 'Object Repository/Transfer/transferAmountEnterAmountTitleTxt' is exist

2022-06-24 14:51:32 - [TEST_STEP][PASSED] - trxAmount = value: null

2022-06-24 14:51:32 - [TEST_STEP][PASSED] - length = trxAmount.length(): null

2022-06-24 14:51:32 - [TEST_STEP][PASSED] - delay(5): Delayed 5 second(s)

2022-06-24 14:51:37 - [MESSAGE][PASSED] - Delayed 5 second(s)

2022-06-24 14:51:37 - [TEST_STEP][PASSED] - tapAtPosition(startX, startY): Tapped at [360, 2,101]

2022-06-24 14:51:37 - [MESSAGE][PASSED] - Tapped at [360, 2,101]

2022-06-24 14:51:37 - [TEST_STEP][PASSED] - for ([i = 0, i < length, (i++)]): null

2022-06-24 14:51:37 - [TEST_STEP][PASSED] - if (trxAmount[i] == "0"): null

2022-06-24 14:51:37 - [TEST_STEP][PASSED] - if (trxAmount[i] == "1"): null

2022-06-24 14:51:37 - [TEST_STEP][PASSED] - if (trxAmount[i] == "2"): Tapped on element 'Object Repository/Login Onboarding/PIN2'

2022-06-24 14:51:37 - [TEST_STEP][PASSED] - tap(findTestObject("Login Onboarding/PIN2"), 0): Tapped on element 'Object Repository/Login Onboarding/PIN2'

2022-06-24 14:51:37 - [MESSAGE][WARNING] - Timeout '0' is invalid. Using default page load timeout: '40'

2022-06-24 14:51:38 - [MESSAGE][PASSED] - Tapped on element 'Object Repository/Login Onboarding/PIN2'

2022-06-24 14:51:38 - [TEST_STEP][PASSED] - if (trxAmount[i] == "3"): null

2022-06-24 14:51:38 - [TEST_STEP][PASSED] - if (trxAmount[i] == "4"): null

2022-06-24 14:51:38 - [TEST_STEP][PASSED] - if (trxAmount[i] == "5"): null

2022-06-24 14:51:38 - [TEST_STEP][PASSED] - if (trxAmount[i] == "6"): null

2022-06-24 14:51:38 - [TEST_STEP][PASSED] - if (trxAmount[i] == "7"): null

2022-06-24 14:51:38 - [TEST_STEP][PASSED] - if (trxAmount[i] == "8"): null

2022-06-24 14:51:38 - [TEST_STEP][PASSED] - if (trxAmount[i] == "9"): null

2022-06-24 14:51:38 - [TEST_STEP][PASSED] - if (trxAmount[i] == "0"): Tapped on element 'Object Repository/Login Onboarding/PIN0'

2022-06-24 14:51:38 - [TEST_STEP][PASSED] - tap(findTestObject("Login Onboarding/PIN0"), 0): Tapped on element 'Object Repository/Login Onboarding/PIN0'

2022-06-24 14:51:38 - [MESSAGE][WARNING] - Timeout '0' is invalid. Using default page load timeout: '40'

2022-06-24 14:51:39 - [MESSAGE][PASSED] - Tapped on element 'Object Repository/Login Onboarding/PIN0'

2022-06-24 14:51:39 - [TEST_STEP][PASSED] - if (trxAmount[i] == "1"): null

2022-06-24 14:51:39 - [TEST_STEP][PASSED] - if (trxAmount[i] == "2"): null

2022-06-24 14:51:39 - [TEST_STEP][PASSED] - if (trxAmount[i] == "3"): null

2022-06-24 14:51:39 - [TEST_STEP][PASSED] - if (trxAmount[i] == "4"): null

2022-06-24 14:51:39 - [TEST_STEP][PASSED] - if (trxAmount[i] == "5"): null

2022-06-24 14:51:39 - [TEST_STEP][PASSED] - if (trxAmount[i] == "6"): null

2022-06-24 14:51:39 - [TEST_STEP][PASSED] - if (trxAmount[i] == "7"): null

2022-06-24 14:51:39 - [TEST_STEP][PASSED] - if (trxAmount[i] == "8"): null

2022-06-24 14:51:39 - [TEST_STEP][PASSED] - if (trxAmount[i] == "9"): null

2022-06-24 14:51:39 - [TEST_STEP][PASSED] - if (trxAmount[i] == "0"): Tapped on element 'Object Repository/Login Onboarding/PIN0'

2022-06-24 14:51:39 - [TEST_STEP][PASSED] - tap(findTestObject("Login Onboarding/PIN0"), 0): Tapped on element 'Object Repository/Login Onboarding/PIN0'

2022-06-24 14:51:39 - [MESSAGE][WARNING] - Timeout '0' is invalid. Using default page load timeout: '40'

2022-06-24 14:51:40 - [MESSAGE][PASSED] - Tapped on element 'Object Repository/Login Onboarding/PIN0'

2022-06-24 14:51:40 - [TEST_STEP][PASSED] - if (trxAmount[i] == "1"): null

2022-06-24 14:51:40 - [TEST_STEP][PASSED] - if (trxAmount[i] == "2"): null

2022-06-24 14:51:40 - [TEST_STEP][PASSED] - if (trxAmount[i] == "3"): null

2022-06-24 14:51:40 - [TEST_STEP][PASSED] - if (trxAmount[i] == "4"): null

2022-06-24 14:51:40 - [TEST_STEP][PASSED] - if (trxAmount[i] == "5"): null

2022-06-24 14:51:40 - [TEST_STEP][PASSED] - if (trxAmount[i] == "6"): null

2022-06-24 14:51:40 - [TEST_STEP][PASSED] - if (trxAmount[i] == "7"): null

2022-06-24 14:51:40 - [TEST_STEP][PASSED] - if (trxAmount[i] == "8"): null

2022-06-24 14:51:40 - [TEST_STEP][PASSED] - if (trxAmount[i] == "9"): null

2022-06-24 14:51:40 - [TEST_STEP][PASSED] - delay(3): Delayed 3 second(s)

2022-06-24 14:51:43 - [MESSAGE][PASSED] - Delayed 3 second(s)

2022-06-24 14:51:43 - [TEST_STEP][PASSED] - verifyElementText(findTestObject("Transfer/transferAmountInputValueTxt", ["value":checkValue]), checkValue): Actual text and expected text of test object 'Object Repository/Transfer/transferAmountInputValueTxt' are matched.

2022-06-24 14:51:43 - [MESSAGE][PASSED] - Actual text and expected text of test object 'Object Repository/Transfer/transferAmountInputValueTxt' are matched.

2022-06-24 14:51:43 - [TEST_STEP][PASSED] - delay(3): Delayed 3 second(s)

2022-06-24 14:51:46 - [MESSAGE][PASSED] - Delayed 3 second(s)

2022-06-24 14:51:46 - [TEST_STEP][PASSED] - tap(findTestObject("Login Onboarding/loginPinTickBtn"), 0): Tapped on element 'Object Repository/Login Onboarding/loginPinTickBtn'

2022-06-24 14:51:46 - [MESSAGE][WARNING] - Timeout '0' is invalid. Using default page load timeout: '40'

2022-06-24 14:51:47 - [MESSAGE][PASSED] - Tapped on element 'Object Repository/Login Onboarding/loginPinTickBtn'

2022-06-24 14:51:47 - [TEST_STEP][PASSED] - delay(3): Delayed 3 second(s)

2022-06-24 14:51:50 - [MESSAGE][PASSED] - Delayed 3 second(s)

2022-06-24 14:51:50 - [TEST_STEP][PASSED] - verifyElementText(findTestObject("Transfer/transferReferenceAccNoTxt", ["accNo":accNo]), accNo): Actual text and expected text of test object 'Object Repository/Transfer/transferReferenceAccNoTxt' are matched.

2022-06-24 14:51:50 - [MESSAGE][PASSED] - Actual text and expected text of test object 'Object Repository/Transfer/transferReferenceAccNoTxt' are matched.

2022-06-24 14:51:50 - [TEST_STEP][PASSED] - verifyElementText(findTestObject("Transfer/transferReferenceAccBankTxt", ["accBank":accBank]), accBank): Actual text and expected text of test object 'Object Repository/Transfer/transferReferenceAccBankTxt' are matched.

2022-06-24 14:51:50 - [MESSAGE][PASSED] - Actual text and expected text of test object 'Object Repository/Transfer/transferReferenceAccBankTxt' are matched.

2022-06-24 14:51:50 - [TEST_STEP][PASSED] - verifyElementExist(findTestObject("Transfer/transferReferenceInputField"), 0): Element 'Object Repository/Transfer/transferReferenceInputField' is exist

2022-06-24 14:51:50 - [MESSAGE][WARNING] - Timeout '0' is invalid. Using default page load timeout: '40'

2022-06-24 14:51:50 - [MESSAGE][PASSED] - Element 'Object Repository/Transfer/transferReferenceInputField' is exist

2022-06-24 14:51:50 - [TEST_STEP][PASSED] - setText(findTestObject("Banking/transferReferenceInputField"), reference, 0): Text 'IBGInstantTransfer' has been set to element 'Object Repository/Banking/transferReferenceInputField'

2022-06-24 14:51:50 - [MESSAGE][WARNING] - Timeout '0' is invalid. Using default page load timeout: '40'

2022-06-24 14:51:51 - [MESSAGE][PASSED] - Text 'IBGInstantTransfer' has been set to element 'Object Repository/Banking/transferReferenceInputField'

2022-06-24 14:51:51 - [TEST_STEP][PASSED] - hideKeyboard(): Keyboard is hidden

2022-06-24 14:51:53 - [MESSAGE][PASSED] - Keyboard is hidden

2022-06-24 14:51:53 - [TEST_STEP][PASSED] - verifyElementText(findTestObject("Transfer/transferReferenceInputFieldAfter", ["reference":reference]), reference): Actual text and expected text of test object 'Object Repository/Transfer/transferReferenceInputFieldAfter' are matched.

2022-06-24 14:51:53 - [MESSAGE][PASSED] - Actual text and expected text of test object 'Object Repository/Transfer/transferReferenceInputFieldAfter' are matched.

2022-06-24 14:51:53 - [TEST_STEP][PASSED] - tap(findTestObject("Login Onboarding/loginExistingContinueBtn"), 0): Tapped on element 'Object Repository/Login Onboarding/loginExistingContinueBtn'

2022-06-24 14:51:53 - [MESSAGE][WARNING] - Timeout '0' is invalid. Using default page load timeout: '40'

2022-06-24 14:51:53 - [MESSAGE][PASSED] - Tapped on element 'Object Repository/Login Onboarding/loginExistingContinueBtn'

2022-06-24 14:51:53 - [TEST_STEP][PASSED] - verifyElementText(findTestObject("Transfer/transferReferenceAccNoTxt", ["accNo":accNo]), accNo): Actual text and expected text of test object 'Object Repository/Transfer/transferReferenceAccNoTxt' are matched.

2022-06-24 14:51:53 - [MESSAGE][PASSED] - Actual text and expected text of test object 'Object Repository/Transfer/transferReferenceAccNoTxt' are matched.

2022-06-24 14:51:53 - [TEST_STEP][PASSED] - verifyElementText(findTestObject("Transfer/transferReferenceAccBankTxt", ["accBank":accBank]), accBank): Actual text and expected text of test object 'Object Repository/Transfer/transferReferenceAccBankTxt' are matched.

2022-06-24 14:51:54 - [MESSAGE][PASSED] - Actual text and expected text of test object 'Object Repository/Transfer/transferReferenceAccBankTxt' are matched.

2022-06-24 14:51:54 - [TEST_STEP][PASSED] - tap(findTestObject("Banking/transferTypeDropdownSelection"), 0): Tapped on element 'Object Repository/Banking/transferTypeDropdownSelection'

2022-06-24 14:51:54 - [MESSAGE][WARNING] - Timeout '0' is invalid. Using default page load timeout: '40'

2022-06-24 14:51:57 - [MESSAGE][PASSED] - Tapped on element 'Object Repository/Banking/transferTypeDropdownSelection'

2022-06-24 14:51:57 - [TEST_STEP][PASSED] - scrollToText("Fund Transfer", STOP_ON_FAILURE): Scrolling to text 'Fund Transfer' successfully

2022-06-24 14:52:01 - [MESSAGE][PASSED] - Scrolling to text 'Fund Transfer' successfully

2022-06-24 14:52:01 - [TEST_STEP][PASSED] - tap(findTestObject("Banking/tansferTypeFundDropdownSelection"), 0): Tapped on element 'Object Repository/Banking/tansferTypeFundDropdownSelection'

2022-06-24 14:52:01 - [MESSAGE][WARNING] - Timeout '0' is invalid. Using default page load timeout: '40'

2022-06-24 14:52:01 - [MESSAGE][PASSED] - Tapped on element 'Object Repository/Banking/tansferTypeFundDropdownSelection'

2022-06-24 14:52:01 - [TEST_STEP][PASSED] - tap(findTestObject("Banking/transferModeDropdownDoneBtn"), 0): Tapped on element 'Object Repository/Banking/transferModeDropdownDoneBtn'

2022-06-24 14:52:01 - [MESSAGE][WARNING] - Timeout '0' is invalid. Using default page load timeout: '40'

2022-06-24 14:52:01 - [MESSAGE][PASSED] - Tapped on element 'Object Repository/Banking/transferModeDropdownDoneBtn'

2022-06-24 14:52:01 - [TEST_STEP][PASSED] - delay(3): Delayed 3 second(s)

2022-06-24 14:52:04 - [MESSAGE][PASSED] - Delayed 3 second(s)

2022-06-24 14:52:04 - [TEST_STEP][PASSED] - verifyElementExist(findTestObject("Transfer/instantTransferModeDuitTxt", ["mode":initialMode]), 0): Element 'Object Repository/Transfer/instantTransferModeDuitTxt' is exist

2022-06-24 14:52:04 - [MESSAGE][WARNING] - Timeout '0' is invalid. Using default page load timeout: '40'

2022-06-24 14:52:04 - [MESSAGE][PASSED] - Element 'Object Repository/Transfer/instantTransferModeDuitTxt' is exist

2022-06-24 14:52:04 - [TEST_STEP][PASSED] - tap(findTestObject("Transfer/instantTransferModeDuitTxt", ["mode":initialMode]), 0): Tapped on element 'Object Repository/Transfer/instantTransferModeDuitTxt'

2022-06-24 14:52:04 - [MESSAGE][WARNING] - Timeout '0' is invalid. Using default page load timeout: '40'

2022-06-24 14:52:04 - [MESSAGE][PASSED] - Tapped on element 'Object Repository/Transfer/instantTransferModeDuitTxt'

2022-06-24 14:52:04 - [TEST_STEP][PASSED] - delay(3): Delayed 3 second(s)

2022-06-24 14:52:07 - [MESSAGE][PASSED] - Delayed 3 second(s)

2022-06-24 14:52:07 - [TEST_STEP][PASSED] - scrollToText(selectedMode, STOP_ON_FAILURE): Scrolling to text 'GIRO' successfully

2022-06-24 14:52:08 - [MESSAGE][PASSED] - Scrolling to text 'GIRO' successfully

2022-06-24 14:52:08 - [TEST_STEP][PASSED] - tap(findTestObject("Transfer/instantTransferModeDropdownSelect", ["modeS":selectedMode]), 0): Tapped on element 'Object Repository/Transfer/instantTransferModeDropdownSelect'

2022-06-24 14:52:08 - [MESSAGE][WARNING] - Timeout '0' is invalid. Using default page load timeout: '40'

2022-06-24 14:52:08 - [MESSAGE][PASSED] - Tapped on element 'Object Repository/Transfer/instantTransferModeDropdownSelect'

2022-06-24 14:52:08 - [TEST_STEP][PASSED] - delay(3): Delayed 3 second(s)

2022-06-24 14:52:11 - [MESSAGE][PASSED] - Delayed 3 second(s)

2022-06-24 14:52:11 - [TEST_STEP][PASSED] - tap(findTestObject("Banking/transferModeDropdownDoneBtn"), 0): Tapped on element 'Object Repository/Banking/transferModeDropdownDoneBtn'

2022-06-24 14:52:12 - [MESSAGE][WARNING] - Timeout '0' is invalid. Using default page load timeout: '40'

2022-06-24 14:52:12 - [MESSAGE][PASSED] - Tapped on element 'Object Repository/Banking/transferModeDropdownDoneBtn'

2022-06-24 14:52:12 - [TEST_STEP][PASSED] - delay(3): Delayed 3 second(s)

2022-06-24 14:52:15 - [MESSAGE][PASSED] - Delayed 3 second(s)

2022-06-24 14:52:15 - [TEST_STEP][PASSED] - verifyElementExist(findTestObject("Transfer/instantTransferModeDuitTxt", ["mode":selectedMode]), 0): Element 'Object Repository/Transfer/instantTransferModeDuitTxt' is exist

2022-06-24 14:52:15 - [MESSAGE][WARNING] - Timeout '0' is invalid. Using default page load timeout: '40'

2022-06-24 14:52:15 - [MESSAGE][PASSED] - Element 'Object Repository/Transfer/instantTransferModeDuitTxt' is exist

2022-06-24 14:52:15 - [TEST_STEP][PASSED] - verifyElementExist(findTestObject("Transfer/instantTransferModeTitleTxt"), 0): Element 'Object Repository/Transfer/instantTransferModeTitleTxt' is exist

2022-06-24 14:52:15 - [MESSAGE][WARNING] - Timeout '0' is invalid. Using default page load timeout: '40'

2022-06-24 14:52:15 - [MESSAGE][PASSED] - Element 'Object Repository/Transfer/instantTransferModeTitleTxt' is exist

2022-06-24 14:52:15 - [TEST_STEP][PASSED] - verifyElementExist(findTestObject("Transfer/instantTransferTypeFundTxt"), 0): Element 'Object Repository/Transfer/instantTransferTypeFundTxt' is exist

2022-06-24 14:52:15 - [MESSAGE][WARNING] - Timeout '0' is invalid. Using default page load timeout: '40'

2022-06-24 14:52:15 - [MESSAGE][PASSED] - Element 'Object Repository/Transfer/instantTransferTypeFundTxt' is exist

2022-06-24 14:52:15 - [TEST_STEP][PASSED] - verifyElementExist(findTestObject("Transfer/instantTransferTypeTitleTxt"), 0): Element 'Object Repository/Transfer/instantTransferTypeTitleTxt' is exist

2022-06-24 14:52:15 - [MESSAGE][WARNING] - Timeout '0' is invalid. Using default page load timeout: '40'

2022-06-24 14:52:15 - [MESSAGE][PASSED] - Element 'Object Repository/Transfer/instantTransferTypeTitleTxt' is exist

2022-06-24 14:52:15 - [TEST_STEP][PASSED] - tap(findTestObject("Login Onboarding/loginExistingContinueBtn"), 0): Tapped on element 'Object Repository/Login Onboarding/loginExistingContinueBtn'

2022-06-24 14:52:15 - [MESSAGE][WARNING] - Timeout '0' is invalid. Using default page load timeout: '40'

2022-06-24 14:52:15 - [MESSAGE][PASSED] - Tapped on element 'Object Repository/Login Onboarding/loginExistingContinueBtn'

2022-06-24 14:52:15 - [TEST_STEP][PASSED] - delay(5): Delayed 5 second(s)

2022-06-24 14:52:20 - [MESSAGE][PASSED] - Delayed 5 second(s)

2022-06-24 14:52:20 - [TEST_STEP][PASSED] - verifyElementText(findTestObject("Transfer/instantIBGNameAccountNoTxt", ["accNo":accNo]), accNo): Actual text and expected text of test object 'Object Repository/Transfer/instantIBGNameAccountNoTxt' are matched.

2022-06-24 14:52:21 - [MESSAGE][PASSED] - Actual text and expected text of test object 'Object Repository/Transfer/instantIBGNameAccountNoTxt' are matched.

2022-06-24 14:52:21 - [TEST_STEP][PASSED] - verifyElementText(findTestObject("Transfer/instantIBGNameAccountBankTxt", ["accBank":accBank]), accBank): Actual text and expected text of test object 'Object Repository/Transfer/instantIBGNameAccountBankTxt' are matched.

2022-06-24 14:52:21 - [MESSAGE][PASSED] - Actual text and expected text of test object 'Object Repository/Transfer/instantIBGNameAccountBankTxt' are matched.

2022-06-24 14:52:21 - [TEST_STEP][PASSED] - verifyElementExist(findTestObject("Transfer/instantIBGNameEnterNameTitleTxt"), 0): Element 'Object Repository/Transfer/instantIBGNameEnterNameTitleTxt' is exist

2022-06-24 14:52:21 - [MESSAGE][WARNING] - Timeout '0' is invalid. Using default page load timeout: '40'

2022-06-24 14:52:21 - [MESSAGE][PASSED] - Element 'Object Repository/Transfer/instantIBGNameEnterNameTitleTxt' is exist

2022-06-24 14:52:21 - [TEST_STEP][PASSED] - setText(findTestObject("Banking/transferReferenceInputField"), accName, 0): Text 'RANBEER SINGH' has been set to element 'Object Repository/Banking/transferReferenceInputField'

2022-06-24 14:52:21 - [MESSAGE][WARNING] - Timeout '0' is invalid. Using default page load timeout: '40'

2022-06-24 14:52:22 - [MESSAGE][PASSED] - Text 'RANBEER SINGH' has been set to element 'Object Repository/Banking/transferReferenceInputField'

2022-06-24 14:52:22 - [TEST_STEP][PASSED] - hideKeyboard(): Keyboard is hidden

2022-06-24 14:52:24 - [MESSAGE][PASSED] - Keyboard is hidden

2022-06-24 14:52:24 - [TEST_STEP][PASSED] - verifyElementText(findTestObject("Transfer/instantIBGNameInputtedNameTxt", ["accName":accName]), accName): Actual text and expected text of test object 'Object Repository/Transfer/instantIBGNameInputtedNameTxt' are matched.

2022-06-24 14:52:24 - [MESSAGE][PASSED] - Actual text and expected text of test object 'Object Repository/Transfer/instantIBGNameInputtedNameTxt' are matched.

2022-06-24 14:52:24 - [TEST_STEP][PASSED] - tap(findTestObject("Login Onboarding/loginExistingContinueBtn"), 0): Tapped on element 'Object Repository/Login Onboarding/loginExistingContinueBtn'

2022-06-24 14:52:24 - [MESSAGE][WARNING] - Timeout '0' is invalid. Using default page load timeout: '40'

2022-06-24 14:52:24 - [MESSAGE][PASSED] - Tapped on element 'Object Repository/Login Onboarding/loginExistingContinueBtn'

2022-06-24 14:52:24 - [TEST_STEP][PASSED] - delay(5): Delayed 5 second(s)

2022-06-24 14:52:29 - [MESSAGE][PASSED] - Delayed 5 second(s)

2022-06-24 14:52:29 - [TEST_STEP][PASSED] - verifyElementText(findTestObject("Transfer/transferConfirmationTransactionDateTxt"), trxDate): Actual text and expected text of test object 'Object Repository/Transfer/transferConfirmationTransactionDateTxt' are matched.

2022-06-24 14:52:29 - [MESSAGE][PASSED] - Actual text and expected text of test object 'Object Repository/Transfer/transferConfirmationTransactionDateTxt' are matched.

2022-06-24 14:52:29 - [TEST_STEP][PASSED] - verifyElementText(findTestObject("Transfer/transferConfirmationAccountNameTxt", ["accName":accName]), accName): Actual text and expected text of test object 'Object Repository/Transfer/transferConfirmationAccountNameTxt' are matched.

2022-06-24 14:52:30 - [MESSAGE][PASSED] - Actual text and expected text of test object 'Object Repository/Transfer/transferConfirmationAccountNameTxt' are matched.

2022-06-24 14:52:30 - [TEST_STEP][PASSED] - verifyElementText(findTestObject("Transfer/transferConfirmationAccountNoTxt", ["accNo":accNo]), accNo): Actual text and expected text of test object 'Object Repository/Transfer/transferConfirmationAccountNoTxt' are matched.

2022-06-24 14:52:30 - [MESSAGE][PASSED] - Actual text and expected text of test object 'Object Repository/Transfer/transferConfirmationAccountNoTxt' are matched.

2022-06-24 14:52:30 - [TEST_STEP][PASSED] - verifyElementText(findTestObject("Transfer/transferConfirmationAmountTxt", ["amount":amount]), amount): Actual text and expected text of test object 'Object Repository/Transfer/transferConfirmationAmountTxt' are matched.

2022-06-24 14:52:30 - [MESSAGE][PASSED] - Actual text and expected text of test object 'Object Repository/Transfer/transferConfirmationAmountTxt' are matched.

2022-06-24 14:52:30 - [TEST_STEP][PASSED] - verifyElementText(findTestObject("Transfer/transferConfirmationTransactionRecRefTxt", ["reference":reference]), reference): Actual text and expected text of test object 'Object Repository/Transfer/transferConfirmationTransactionRecRefTxt' are matched.

2022-06-24 14:52:30 - [MESSAGE][PASSED] - Actual text and expected text of test object 'Object Repository/Transfer/transferConfirmationTransactionRecRefTxt' are matched.

2022-06-24 14:52:30 - [TEST_STEP][PASSED] - verifyElementText(findTestObject("Transfer/transferConfirmationTransactionBankTxt", ["accBank":accBank]), accBank): Actual text and expected text of test object 'Object Repository/Transfer/transferConfirmationTransactionBankTxt' are matched.

2022-06-24 14:52:31 - [MESSAGE][PASSED] - Actual text and expected text of test object 'Object Repository/Transfer/transferConfirmationTransactionBankTxt' are matched.

2022-06-24 14:52:31 - [TEST_STEP][PASSED] - verifyElementText(findTestObject("Transfer/transferConfirmationOptionalGreyWordTxt"), "Optional"): Actual text and expected text of test object 'Object Repository/Transfer/transferConfirmationOptionalGreyWordTxt' are matched.

2022-06-24 14:52:31 - [MESSAGE][PASSED] - Actual text and expected text of test object 'Object Repository/Transfer/transferConfirmationOptionalGreyWordTxt' are matched.

2022-06-24 14:52:31 - [TEST_STEP][PASSED] - verifyElementText(findTestObject("Transfer/instantTransferConfirmationTransactionTypeTxt"), trxType): Actual text and expected text of test object 'Object Repository/Transfer/instantTransferConfirmationTransactionTypeTxt' are matched.

2022-06-24 14:52:31 - [MESSAGE][PASSED] - Actual text and expected text of test object 'Object Repository/Transfer/instantTransferConfirmationTransactionTypeTxt' are matched.

2022-06-24 14:52:31 - [TEST_STEP][PASSED] - verifyElementText(findTestObject("Transfer/instantTransferConfirmationTransactionModeTxt", ["modeC":selectedMode]), selectedMode): Actual text and expected text of test object 'Object Repository/Transfer/instantTransferConfirmationTransactionModeTxt' are matched.

2022-06-24 14:52:31 - [MESSAGE][PASSED] - Actual text and expected text of test object 'Object Repository/Transfer/instantTransferConfirmationTransactionModeTxt' are matched.

2022-06-24 14:52:31 - [TEST_STEP][PASSED] - verifyElementText(findTestObject("Transfer/instantTransferConfirmationTransactionServiceTxt"), "RM 0.00"): Actual text and expected text of test object 'Object Repository/Transfer/instantTransferConfirmationTransactionServiceTxt' are matched.

2022-06-24 14:52:31 - [MESSAGE][PASSED] - Actual text and expected text of test object 'Object Repository/Transfer/instantTransferConfirmationTransactionServiceTxt' are matched.

2022-06-24 14:52:31 - [TEST_STEP][PASSED] - verifyElementExist(findTestObject("Transfer/transferConfirmationBankNameTitleTxt"), 0): Element 'Object Repository/Transfer/transferConfirmationBankNameTitleTxt' is exist

2022-06-24 14:52:32 - [MESSAGE][WARNING] - Timeout '0' is invalid. Using default page load timeout: '40'

2022-06-24 14:52:32 - [MESSAGE][PASSED] - Element 'Object Repository/Transfer/transferConfirmationBankNameTitleTxt' is exist

2022-06-24 14:52:32 - [TEST_STEP][PASSED] - verifyElementExist(findTestObject("Transfer/transferConfirmationDateTitleTxt"), 0): Element 'Object Repository/Transfer/transferConfirmationDateTitleTxt' is exist

2022-06-24 14:52:32 - [MESSAGE][WARNING] - Timeout '0' is invalid. Using default page load timeout: '40'

2022-06-24 14:52:32 - [MESSAGE][PASSED] - Element 'Object Repository/Transfer/transferConfirmationDateTitleTxt' is exist

2022-06-24 14:52:32 - [TEST_STEP][PASSED] - verifyElementExist(findTestObject("Transfer/transferConfirmationRecRefTitleTxt"), 0): Element 'Object Repository/Transfer/transferConfirmationRecRefTitleTxt' is exist

2022-06-24 14:52:32 - [MESSAGE][WARNING] - Timeout '0' is invalid. Using default page load timeout: '40'

2022-06-24 14:52:32 - [MESSAGE][PASSED] - Element 'Object Repository/Transfer/transferConfirmationRecRefTitleTxt' is exist

2022-06-24 14:52:32 - [TEST_STEP][PASSED] - verifyElementExist(findTestObject("Transfer/transferConfirmationPaymentDetailsTitleTxt"), 0): Element 'Object Repository/Transfer/transferConfirmationPaymentDetailsTitleTxt' is exist

2022-06-24 14:52:32 - [MESSAGE][WARNING] - Timeout '0' is invalid. Using default page load timeout: '40'

2022-06-24 14:52:32 - [MESSAGE][PASSED] - Element 'Object Repository/Transfer/transferConfirmationPaymentDetailsTitleTxt' is exist

2022-06-24 14:52:32 - [TEST_STEP][PASSED] - verifyElementExist(findTestObject("Transfer/instantTransferConfirmationModeTitleTxt"), 0): Element 'Object Repository/Transfer/instantTransferConfirmationModeTitleTxt' is exist

2022-06-24 14:52:32 - [MESSAGE][WARNING] - Timeout '0' is invalid. Using default page load timeout: '40'

2022-06-24 14:52:33 - [MESSAGE][PASSED] - Element 'Object Repository/Transfer/instantTransferConfirmationModeTitleTxt' is exist

2022-06-24 14:52:33 - [TEST_STEP][PASSED] - verifyElementExist(findTestObject("Transfer/instantTransferConfirmationServiceFeeTitleTxt"), 0): Element 'Object Repository/Transfer/instantTransferConfirmationServiceFeeTitleTxt' is exist

2022-06-24 14:52:33 - [MESSAGE][WARNING] - Timeout '0' is invalid. Using default page load timeout: '40'

2022-06-24 14:52:33 - [MESSAGE][PASSED] - Element 'Object Repository/Transfer/instantTransferConfirmationServiceFeeTitleTxt' is exist

2022-06-24 14:52:33 - [TEST_STEP][PASSED] - verifyElementExist(findTestObject("Transfer/instantTransferConfirmationTypeTitleTxt"), 0): Element 'Object Repository/Transfer/instantTransferConfirmationTypeTitleTxt' is exist

2022-06-24 14:52:33 - [MESSAGE][WARNING] - Timeout '0' is invalid. Using default page load timeout: '40'

2022-06-24 14:52:33 - [MESSAGE][PASSED] - Element 'Object Repository/Transfer/instantTransferConfirmationTypeTitleTxt' is exist

2022-06-24 14:52:33 - [TEST_STEP][PASSED] - verifyElementExist(findTestObject("Transfer/transferConfirmationNoteTitleTxt"), 0): Element 'Object Repository/Transfer/transferConfirmationNoteTitleTxt' is exist

2022-06-24 14:52:33 - [MESSAGE][WARNING] - Timeout '0' is invalid. Using default page load timeout: '40'

2022-06-24 14:52:33 - [MESSAGE][PASSED] - Element 'Object Repository/Transfer/transferConfirmationNoteTitleTxt' is exist

2022-06-24 14:52:33 - [TEST_STEP][PASSED] - tap(findTestObject("Transfer/transferConfirmationOptionalGreyWordTxt"), 0): Tapped on element 'Object Repository/Transfer/transferConfirmationOptionalGreyWordTxt'

2022-06-24 14:52:33 - [MESSAGE][WARNING] - Timeout '0' is invalid. Using default page load timeout: '40'

2022-06-24 14:52:33 - [MESSAGE][PASSED] - Tapped on element 'Object Repository/Transfer/transferConfirmationOptionalGreyWordTxt'

2022-06-24 14:52:33 - [TEST_STEP][PASSED] - setText(findTestObject("Transfer/transferConfirmationDetailsInputField"), details, 0): Text 'Test' has been set to element 'Object Repository/Transfer/transferConfirmationDetailsInputField'

2022-06-24 14:52:33 - [MESSAGE][WARNING] - Timeout '0' is invalid. Using default page load timeout: '40'

2022-06-24 14:52:36 - [MESSAGE][PASSED] - Text 'Test' has been set to element 'Object Repository/Transfer/transferConfirmationDetailsInputField'

2022-06-24 14:52:36 - [TEST_STEP][PASSED] - hideKeyboard(): Keyboard is hidden

2022-06-24 14:52:38 - [MESSAGE][PASSED] - Keyboard is hidden

2022-06-24 14:52:38 - [TEST_STEP][PASSED] - verifyElementText(findTestObject("Transfer/transferConfirmationOptionalGreyWordTxt"), details): Actual text and expected text of test object 'Object Repository/Transfer/transferConfirmationOptionalGreyWordTxt' are matched.

2022-06-24 14:52:38 - [MESSAGE][PASSED] - Actual text and expected text of test object 'Object Repository/Transfer/transferConfirmationOptionalGreyWordTxt' are matched.

2022-06-24 14:52:38 - [TEST_STEP][PASSED] - device_Height_2 = getDeviceHeight(): Current device physical height is 2167

2022-06-24 14:52:39 - [MESSAGE][PASSED] - Current device physical height is 2167

2022-06-24 14:52:39 - [TEST_STEP][PASSED] - device_Width_2 = getDeviceWidth(): Current device physical width is 1080

2022-06-24 14:52:39 - [MESSAGE][PASSED] - Current device physical width is 1080

2022-06-24 14:52:39 - [TEST_STEP][PASSED] - startX_2 = device_Width_2 / 2: null

2022-06-24 14:52:39 - [TEST_STEP][PASSED] - endX_2 = startX_2: null

2022-06-24 14:52:39 - [TEST_STEP][PASSED] - startY_2 = device_Height_2 * 0.30: null

2022-06-24 14:52:39 - [TEST_STEP][PASSED] - endY_2 = device_Height_2 * 0.70: null

2022-06-24 14:52:39 - [TEST_STEP][PASSED] - swipe(startX_2, endY_2, endX_2, startY_2): Swiped from 540,1,516 to 540,650

2022-06-24 14:52:40 - [MESSAGE][PASSED] - Swiped from 540,1,516 to 540,650

2022-06-24 14:52:40 - [TEST_STEP][PASSED] - verifyElementExist(findTestObject("Transfer/instantTransferConfirmationNotes1Txt"), 0): Element 'Object Repository/Transfer/instantTransferConfirmationNotes1Txt' is exist

2022-06-24 14:52:40 - [MESSAGE][WARNING] - Timeout '0' is invalid. Using default page load timeout: '40'

2022-06-24 14:52:41 - [MESSAGE][PASSED] - Element 'Object Repository/Transfer/instantTransferConfirmationNotes1Txt' is exist

2022-06-24 14:52:41 - [TEST_STEP][PASSED] - verifyElementExist(findTestObject("Transfer/transferConfirmationFTransferFromTitleTxt"), 0): Element 'Object Repository/Transfer/transferConfirmationFTransferFromTitleTxt' is exist

2022-06-24 14:52:41 - [MESSAGE][WARNING] - Timeout '0' is invalid. Using default page load timeout: '40'

2022-06-24 14:52:41 - [MESSAGE][PASSED] - Element 'Object Repository/Transfer/transferConfirmationFTransferFromTitleTxt' is exist

2022-06-24 14:52:41 - [TEST_STEP][PASSED] - verifyElementExist(findTestObject("Transfer/instantTransferConfirmationNotes2Txt"), 0): Element 'Object Repository/Transfer/instantTransferConfirmationNotes2Txt' is exist

2022-06-24 14:52:41 - [MESSAGE][WARNING] - Timeout '0' is invalid. Using default page load timeout: '40'

2022-06-24 14:52:41 - [MESSAGE][PASSED] - Element 'Object Repository/Transfer/instantTransferConfirmationNotes2Txt' is exist

2022-06-24 14:52:41 - [TEST_STEP][PASSED] - verifyElementText(findTestObject("Transfer/transferConfirmationFromAccTypeTxt", ["accType":accType]), accType): Actual text and expected text of test object 'Object Repository/Transfer/transferConfirmationFromAccTypeTxt' are matched.

2022-06-24 14:52:41 - [MESSAGE][PASSED] - Actual text and expected text of test object 'Object Repository/Transfer/transferConfirmationFromAccTypeTxt' are matched.

2022-06-24 14:52:41 - [TEST_STEP][PASSED] - verifyElementText(findTestObject("Transfer/transferConfirmationFromAccNoTxt", ["accNoFrom":accNoFrom]), accNoFrom): Actual text and expected text of test object 'Object Repository/Transfer/transferConfirmationFromAccNoTxt' are matched.

2022-06-24 14:52:42 - [MESSAGE][PASSED] - Actual text and expected text of test object 'Object Repository/Transfer/transferConfirmationFromAccNoTxt' are matched.

2022-06-24 14:52:42 - [TEST_STEP][PASSED] - verifyElementExist(findTestObject("Transfer/transferConfirmationFromAccBalanceTxt"), 0): Element 'Object Repository/Transfer/transferConfirmationFromAccBalanceTxt' is exist

2022-06-24 14:52:42 - [MESSAGE][WARNING] - Timeout '0' is invalid. Using default page load timeout: '40'

2022-06-24 14:52:42 - [MESSAGE][PASSED] - Element 'Object Repository/Transfer/transferConfirmationFromAccBalanceTxt' is exist

2022-06-24 14:52:42 - [TEST_STEP][PASSED] - accountBalance = getText(findTestObject("Transfer/transferConfirmationFromAccBalanceTxt"), 0): Text of element 'Object Repository/Transfer/transferConfirmationFromAccBalanceTxt' is: 'RM 2,015.97'

2022-06-24 14:52:42 - [MESSAGE][WARNING] - Timeout '0' is invalid. Using default page load timeout: '40'

2022-06-24 14:52:42 - [MESSAGE][PASSED] - Text of element 'Object Repository/Transfer/transferConfirmationFromAccBalanceTxt' is: 'RM 2,015.97'

2022-06-24 14:52:42 - [TEST_STEP][PASSED] - println(accountBalance): null

2022-06-24 14:52:42 - [TEST_STEP][PASSED] - tap(findTestObject("Main/mainTransferNowBtn"), 0): Tapped on element 'Object Repository/Main/mainTransferNowBtn'

2022-06-24 14:52:42 - [MESSAGE][WARNING] - Timeout '0' is invalid. Using default page load timeout: '40'

2022-06-24 14:52:43 - [MESSAGE][PASSED] - Tapped on element 'Object Repository/Main/mainTransferNowBtn'

2022-06-24 14:52:43 - [TEST_STEP][PASSED] - if (value <= limit): Tapped on element 'Object Repository/Main/mainS2UApproveBtn'

2022-06-24 14:52:43 - [TEST_STEP][PASSED] - if (verifyElementVisible(findTestObject("Festive Season/seasonalGreetingAngpaoTACNoTxt"), 10, OPTIONAL)): Element 'Object Repository/Festive Season/seasonalGreetingAngpaoTACNoTxt' not found

2022-06-24 14:52:53 - [MESSAGE][WARNING] - Element 'Object Repository/Festive Season/seasonalGreetingAngpaoTACNoTxt' not found

2022-06-24 14:52:53 - [TEST_STEP][PASSED] - else: Tapped on element 'Object Repository/Main/mainS2UApproveBtn'

2022-06-24 14:52:53 - [TEST_STEP][PASSED] - delay(3): Delayed 3 second(s)

2022-06-24 14:52:56 - [MESSAGE][PASSED] - Delayed 3 second(s)

2022-06-24 14:52:56 - [TEST_STEP][PASSED] - verifyElementVisible(findTestObject("Main/mainS2UApproveBtn"), 0): Element 'Object Repository/Main/mainS2UApproveBtn' is visible

2022-06-24 14:52:56 - [MESSAGE][WARNING] - Timeout '0' is invalid. Using default page load timeout: '40'

2022-06-24 14:52:56 - [MESSAGE][PASSED] - Element 'Object Repository/Main/mainS2UApproveBtn' is visible

2022-06-24 14:52:56 - [TEST_STEP][PASSED] - tap(findTestObject("Main/mainS2UApproveBtn"), 0): Tapped on element 'Object Repository/Main/mainS2UApproveBtn'

2022-06-24 14:52:56 - [MESSAGE][WARNING] - Timeout '0' is invalid. Using default page load timeout: '40'

2022-06-24 14:52:56 - [MESSAGE][PASSED] - Tapped on element 'Object Repository/Main/mainS2UApproveBtn'

2022-06-24 14:52:56 - [TEST_STEP][PASSED] - delay(5): Delayed 5 second(s)

2022-06-24 14:53:01 - [MESSAGE][PASSED] - Delayed 5 second(s)

2022-06-24 14:53:01 - [TEST_STEP][PASSED] - verifyElementExist(findTestObject("Festive Season/returnAngpaoStatusMessageTxt"), 0): Element 'Object Repository/Festive Season/returnAngpaoStatusMessageTxt' is exist

2022-06-24 14:53:01 - [MESSAGE][WARNING] - Timeout '0' is invalid. Using default page load timeout: '40'

2022-06-24 14:53:02 - [MESSAGE][PASSED] - Element 'Object Repository/Festive Season/returnAngpaoStatusMessageTxt' is exist

2022-06-24 14:53:02 - [TEST_STEP][PASSED] - message = getText(findTestObject("Festive Season/returnAngpaoStatusMessageTxt"), 10): Text of element 'Object Repository/Festive Season/returnAngpaoStatusMessageTxt' is: 'Transfer failed'

2022-06-24 14:53:02 - [MESSAGE][PASSED] - Text of element 'Object Repository/Festive Season/returnAngpaoStatusMessageTxt' is: 'Transfer failed'

2022-06-24 14:53:02 - [TEST_STEP][PASSED] - println(message): null

2022-06-24 14:53:02 - [TEST_STEP][FAILED] - assert message == successTransactionMessage: Test Cases/Transfer/transfer_instantTransferIBG FAILED.
Reason:
Assertion failed: 

assert message == successTransactionMessage
       |       |  |
       |       |  Transfer accepted
       |       false
       Transfer failed

	at transfer_instantTransferIBG.run(transfer_instantTransferIBG:396)
	at com.kms.katalon.core.main.ScriptEngine.run(ScriptEngine.java:194)
	at com.kms.katalon.core.main.ScriptEngine.runScriptAsRawText(ScriptEngine.java:119)
	at com.kms.katalon.core.main.TestCaseExecutor.runScript(TestCaseExecutor.java:445)
	at com.kms.katalon.core.main.TestCaseExecutor.doExecute(TestCaseExecutor.java:436)
	at com.kms.katalon.core.main.TestCaseExecutor.processExecutionPhase(TestCaseExecutor.java:415)
	at com.kms.katalon.core.main.TestCaseExecutor.accessMainPhase(TestCaseExecutor.java:407)
	at com.kms.katalon.core.main.TestCaseExecutor.execute(TestCaseExecutor.java:284)
	at com.kms.katalon.core.common.CommonExecutor.accessTestCaseMainPhase(CommonExecutor.java:65)
	at com.kms.katalon.core.main.TestSuiteExecutor.accessTestSuiteMainPhase(TestSuiteExecutor.java:144)
	at com.kms.katalon.core.main.TestSuiteExecutor.execute(TestSuiteExecutor.java:106)
	at com.kms.katalon.core.main.TestCaseMain.startTestSuite(TestCaseMain.java:185)
	at com.kms.katalon.core.main.TestCaseMain$startTestSuite$0.call(Unknown Source)
	at TempTestSuite1656052741094.run(TempTestSuite1656052741094.groovy:36)


2022-06-24 14:53:02 - [MESSAGE][FAILED] - Test Cases/Transfer/transfer_instantTransferIBG FAILED.
Reason:
Assertion failed: 

assert message == successTransactionMessage
       |       |  |
       |       |  Transfer accepted
       |       false
       Transfer failed

	at transfer_instantTransferIBG.run(transfer_instantTransferIBG:396)
	at com.kms.katalon.core.main.ScriptEngine.run(ScriptEngine.java:194)
	at com.kms.katalon.core.main.ScriptEngine.runScriptAsRawText(ScriptEngine.java:119)
	at com.kms.katalon.core.main.TestCaseExecutor.runScript(TestCaseExecutor.java:445)
	at com.kms.katalon.core.main.TestCaseExecutor.doExecute(TestCaseExecutor.java:436)
	at com.kms.katalon.core.main.TestCaseExecutor.processExecutionPhase(TestCaseExecutor.java:415)
	at com.kms.katalon.core.main.TestCaseExecutor.accessMainPhase(TestCaseExecutor.java:407)
	at com.kms.katalon.core.main.TestCaseExecutor.execute(TestCaseExecutor.java:284)
	at com.kms.katalon.core.common.CommonExecutor.accessTestCaseMainPhase(CommonExecutor.java:65)
	at com.kms.katalon.core.main.TestSuiteExecutor.accessTestSuiteMainPhase(TestSuiteExecutor.java:144)
	at com.kms.katalon.core.main.TestSuiteExecutor.execute(TestSuiteExecutor.java:106)
	at com.kms.katalon.core.main.TestCaseMain.startTestSuite(TestCaseMain.java:185)
	at com.kms.katalon.core.main.TestCaseMain$startTestSuite$0.call(Unknown Source)
	at TempTestSuite1656052741094.run(TempTestSuite1656052741094.groovy:36)]]></system-out>
         <system-err><![CDATA[2022-06-24 14:48:34 - [TEST_CASE][FAILED] - Test Cases/Transfer/transfer_instantTransferIBG: Test Cases/Transfer/transfer_instantTransferIBG FAILED.
Reason:
Assertion failed: 

assert message == successTransactionMessage
       |       |  |
       |       |  Transfer accepted
       |       false
       Transfer failed

	at transfer_instantTransferIBG.run(transfer_instantTransferIBG:396)
	at com.kms.katalon.core.main.ScriptEngine.run(ScriptEngine.java:194)
	at com.kms.katalon.core.main.ScriptEngine.runScriptAsRawText(ScriptEngine.java:119)
	at com.kms.katalon.core.main.TestCaseExecutor.runScript(TestCaseExecutor.java:445)
	at com.kms.katalon.core.main.TestCaseExecutor.doExecute(TestCaseExecutor.java:436)
	at com.kms.katalon.core.main.TestCaseExecutor.processExecutionPhase(TestCaseExecutor.java:415)
	at com.kms.katalon.core.main.TestCaseExecutor.accessMainPhase(TestCaseExecutor.java:407)
	at com.kms.katalon.core.main.TestCaseExecutor.execute(TestCaseExecutor.java:284)
	at com.kms.katalon.core.common.CommonExecutor.accessTestCaseMainPhase(CommonExecutor.java:65)
	at com.kms.katalon.core.main.TestSuiteExecutor.accessTestSuiteMainPhase(TestSuiteExecutor.java:144)
	at com.kms.katalon.core.main.TestSuiteExecutor.execute(TestSuiteExecutor.java:106)
	at com.kms.katalon.core.main.TestCaseMain.startTestSuite(TestCaseMain.java:185)
	at com.kms.katalon.core.main.TestCaseMain$startTestSuite$0.call(Unknown Source)
	at TempTestSuite1656052741094.run(TempTestSuite1656052741094.groovy:36)]]></system-err>
      </testcase>
      <testcase name="Test Cases/Transfer/transfer_instantTransferSchedule" time="267.175" classname="Test Cases/Transfer/transfer_instantTransferSchedule" status="PASSED">
         <system-out><![CDATA[2022-06-24 14:53:02 - [TEST_CASE][PASSED] - Test Cases/Transfer/transfer_instantTransferSchedule: Test Cases/Transfer/transfer_instantTransferSchedule

2022-06-24 14:53:02 - [TEST_STEP][PASSED] - delay(5): Delayed 5 second(s)

2022-06-24 14:53:07 - [MESSAGE][PASSED] - Delayed 5 second(s)

2022-06-24 14:53:07 - [TEST_STEP][PASSED] - device_Height = getDeviceHeight(): Current device physical height is 2167

2022-06-24 14:53:07 - [MESSAGE][PASSED] - Current device physical height is 2167

2022-06-24 14:53:07 - [TEST_STEP][PASSED] - device_Width = getDeviceWidth(): Current device physical width is 1080

2022-06-24 14:53:08 - [MESSAGE][PASSED] - Current device physical width is 1080

2022-06-24 14:53:08 - [TEST_STEP][PASSED] - startX = device_Width / 3: null

2022-06-24 14:53:08 - [TEST_STEP][PASSED] - startY = device_Height * 0.97: null

2022-06-24 14:53:08 - [TEST_STEP][PASSED] - verifyElementVisible(findTestObject("Banking/m2uAccountTransferIconSelect"), 0): Element 'Object Repository/Banking/m2uAccountTransferIconSelect' is visible

2022-06-24 14:53:08 - [MESSAGE][WARNING] - Timeout '0' is invalid. Using default page load timeout: '40'

2022-06-24 14:53:19 - [MESSAGE][PASSED] - Element 'Object Repository/Banking/m2uAccountTransferIconSelect' is visible

2022-06-24 14:53:19 - [TEST_STEP][PASSED] - tap(findTestObject("Banking/m2uAccountTransferIconSelect"), 0): Tapped on element 'Object Repository/Banking/m2uAccountTransferIconSelect'

2022-06-24 14:53:19 - [MESSAGE][WARNING] - Timeout '0' is invalid. Using default page load timeout: '40'

2022-06-24 14:53:20 - [MESSAGE][PASSED] - Tapped on element 'Object Repository/Banking/m2uAccountTransferIconSelect'

2022-06-24 14:53:20 - [TEST_STEP][PASSED] - delay(5): Delayed 5 second(s)

2022-06-24 14:53:25 - [MESSAGE][PASSED] - Delayed 5 second(s)

2022-06-24 14:53:25 - [TEST_STEP][PASSED] - println("InterBank Test Case Started"): null

2022-06-24 14:53:25 - [TEST_STEP][PASSED] - tap(findTestObject("Banking/transferOthersTopMenuSelect"), 0): Tapped on element 'Object Repository/Banking/transferOthersTopMenuSelect'

2022-06-24 14:53:25 - [MESSAGE][WARNING] - Timeout '0' is invalid. Using default page load timeout: '40'

2022-06-24 14:54:25 - [MESSAGE][PASSED] - Tapped on element 'Object Repository/Banking/transferOthersTopMenuSelect'

2022-06-24 14:54:25 - [TEST_STEP][PASSED] - tap(findTestObject("Banking/transferBanksIconSelect"), 0): Tapped on element 'Object Repository/Banking/transferBanksIconSelect'

2022-06-24 14:54:25 - [MESSAGE][WARNING] - Timeout '0' is invalid. Using default page load timeout: '40'

2022-06-24 14:55:19 - [MESSAGE][PASSED] - Tapped on element 'Object Repository/Banking/transferBanksIconSelect'

2022-06-24 14:55:19 - [TEST_STEP][PASSED] - scrollToText("PUBLIC BANK", STOP_ON_FAILURE): Scrolling to text 'PUBLIC BANK' successfully

2022-06-24 14:55:30 - [MESSAGE][PASSED] - Scrolling to text 'PUBLIC BANK' successfully

2022-06-24 14:55:30 - [TEST_STEP][PASSED] - tap(findTestObject("Banking/transferBankSelection", ["text":"PUBLIC BANK"]), 10): Tapped on element 'Object Repository/Banking/transferBankSelection'

2022-06-24 14:55:30 - [MESSAGE][PASSED] - Tapped on element 'Object Repository/Banking/transferBankSelection'

2022-06-24 14:55:30 - [TEST_STEP][PASSED] - setText(findTestObject("Banking/transferAccountNoInputField"), accountNum, 0): Text '3099117112' has been set to element 'Object Repository/Banking/transferAccountNoInputField'

2022-06-24 14:55:30 - [MESSAGE][WARNING] - Timeout '0' is invalid. Using default page load timeout: '40'

2022-06-24 14:55:33 - [MESSAGE][PASSED] - Text '3099117112' has been set to element 'Object Repository/Banking/transferAccountNoInputField'

2022-06-24 14:55:33 - [TEST_STEP][PASSED] - hideKeyboard(): Keyboard is hidden

2022-06-24 14:55:38 - [MESSAGE][PASSED] - Keyboard is hidden

2022-06-24 14:55:38 - [TEST_STEP][PASSED] - tap(findTestObject("Login Onboarding/loginExistingContinueBtn"), 0): Tapped on element 'Object Repository/Login Onboarding/loginExistingContinueBtn'

2022-06-24 14:55:38 - [MESSAGE][WARNING] - Timeout '0' is invalid. Using default page load timeout: '40'

2022-06-24 14:55:38 - [MESSAGE][PASSED] - Tapped on element 'Object Repository/Login Onboarding/loginExistingContinueBtn'

2022-06-24 14:55:38 - [TEST_STEP][PASSED] - delay(5): Delayed 5 second(s)

2022-06-24 14:55:43 - [MESSAGE][PASSED] - Delayed 5 second(s)

2022-06-24 14:55:43 - [TEST_STEP][PASSED] - verifyElementText(findTestObject("Transfer/transferAmounttAccNoTxt", ["accNo":accNo]), accNo): Actual text and expected text of test object 'Object Repository/Transfer/transferAmounttAccNoTxt' are matched.

2022-06-24 14:55:43 - [MESSAGE][PASSED] - Actual text and expected text of test object 'Object Repository/Transfer/transferAmounttAccNoTxt' are matched.

2022-06-24 14:55:43 - [TEST_STEP][PASSED] - verifyElementText(findTestObject("Transfer/transferAmounttAccBankTxt", ["accBank":accBank]), accBank): Actual text and expected text of test object 'Object Repository/Transfer/transferAmounttAccBankTxt' are matched.

2022-06-24 14:55:43 - [MESSAGE][PASSED] - Actual text and expected text of test object 'Object Repository/Transfer/transferAmounttAccBankTxt' are matched.

2022-06-24 14:55:43 - [TEST_STEP][PASSED] - verifyElementExist(findTestObject("Transfer/transferAmountRMTxt"), 0): Element 'Object Repository/Transfer/transferAmountRMTxt' is exist

2022-06-24 14:55:43 - [MESSAGE][WARNING] - Timeout '0' is invalid. Using default page load timeout: '40'

2022-06-24 14:55:44 - [MESSAGE][PASSED] - Element 'Object Repository/Transfer/transferAmountRMTxt' is exist

2022-06-24 14:55:44 - [TEST_STEP][PASSED] - verifyElementExist(findTestObject("Transfer/transferAmountEnterAmountTitleTxt"), 0): Element 'Object Repository/Transfer/transferAmountEnterAmountTitleTxt' is exist

2022-06-24 14:55:44 - [MESSAGE][WARNING] - Timeout '0' is invalid. Using default page load timeout: '40'

2022-06-24 14:55:44 - [MESSAGE][PASSED] - Element 'Object Repository/Transfer/transferAmountEnterAmountTitleTxt' is exist

2022-06-24 14:55:44 - [TEST_STEP][PASSED] - verifyElementExist(findTestObject("Login Onboarding/PIN4"), 0): Element 'Object Repository/Login Onboarding/PIN4' is exist

2022-06-24 14:55:44 - [MESSAGE][WARNING] - Timeout '0' is invalid. Using default page load timeout: '40'

2022-06-24 14:55:44 - [MESSAGE][PASSED] - Element 'Object Repository/Login Onboarding/PIN4' is exist

2022-06-24 14:55:44 - [TEST_STEP][PASSED] - tap(findTestObject("Login Onboarding/PIN4"), 0): Tapped on element 'Object Repository/Login Onboarding/PIN4'

2022-06-24 14:55:44 - [MESSAGE][WARNING] - Timeout '0' is invalid. Using default page load timeout: '40'

2022-06-24 14:55:45 - [MESSAGE][PASSED] - Tapped on element 'Object Repository/Login Onboarding/PIN4'

2022-06-24 14:55:45 - [TEST_STEP][PASSED] - delay(3): Delayed 3 second(s)

2022-06-24 14:55:48 - [MESSAGE][PASSED] - Delayed 3 second(s)

2022-06-24 14:55:48 - [TEST_STEP][PASSED] - verifyElementText(findTestObject("Transfer/transferAmountInputValueTxt", ["value":"0.04"]), "0.04"): Actual text and expected text of test object 'Object Repository/Transfer/transferAmountInputValueTxt' are matched.

2022-06-24 14:55:48 - [MESSAGE][PASSED] - Actual text and expected text of test object 'Object Repository/Transfer/transferAmountInputValueTxt' are matched.

2022-06-24 14:55:48 - [TEST_STEP][PASSED] - delay(3): Delayed 3 second(s)

2022-06-24 14:55:51 - [MESSAGE][PASSED] - Delayed 3 second(s)

2022-06-24 14:55:51 - [TEST_STEP][PASSED] - tap(findTestObject("Login Onboarding/loginPinTickBtn"), 0): Tapped on element 'Object Repository/Login Onboarding/loginPinTickBtn'

2022-06-24 14:55:51 - [MESSAGE][WARNING] - Timeout '0' is invalid. Using default page load timeout: '40'

2022-06-24 14:55:51 - [MESSAGE][PASSED] - Tapped on element 'Object Repository/Login Onboarding/loginPinTickBtn'

2022-06-24 14:55:51 - [TEST_STEP][PASSED] - delay(3): Delayed 3 second(s)

2022-06-24 14:55:54 - [MESSAGE][PASSED] - Delayed 3 second(s)

2022-06-24 14:55:54 - [TEST_STEP][PASSED] - verifyElementText(findTestObject("Transfer/transferReferenceAccNoTxt", ["accNo":accNo]), accNo): Actual text and expected text of test object 'Object Repository/Transfer/transferReferenceAccNoTxt' are matched.

2022-06-24 14:55:54 - [MESSAGE][PASSED] - Actual text and expected text of test object 'Object Repository/Transfer/transferReferenceAccNoTxt' are matched.

2022-06-24 14:55:54 - [TEST_STEP][PASSED] - verifyElementText(findTestObject("Transfer/transferReferenceAccBankTxt", ["accBank":accBank]), accBank): Actual text and expected text of test object 'Object Repository/Transfer/transferReferenceAccBankTxt' are matched.

2022-06-24 14:55:55 - [MESSAGE][PASSED] - Actual text and expected text of test object 'Object Repository/Transfer/transferReferenceAccBankTxt' are matched.

2022-06-24 14:55:55 - [TEST_STEP][PASSED] - verifyElementExist(findTestObject("Transfer/transferReferenceInputField"), 0): Element 'Object Repository/Transfer/transferReferenceInputField' is exist

2022-06-24 14:55:55 - [MESSAGE][WARNING] - Timeout '0' is invalid. Using default page load timeout: '40'

2022-06-24 14:55:55 - [MESSAGE][PASSED] - Element 'Object Repository/Transfer/transferReferenceInputField' is exist

2022-06-24 14:55:55 - [TEST_STEP][PASSED] - setText(findTestObject("Banking/transferReferenceInputField"), "InstantTransferSched", 0): Text 'InstantTransferSched' has been set to element 'Object Repository/Banking/transferReferenceInputField'

2022-06-24 14:55:55 - [MESSAGE][WARNING] - Timeout '0' is invalid. Using default page load timeout: '40'

2022-06-24 14:55:56 - [MESSAGE][PASSED] - Text 'InstantTransferSched' has been set to element 'Object Repository/Banking/transferReferenceInputField'

2022-06-24 14:55:56 - [TEST_STEP][PASSED] - hideKeyboard(): Keyboard is hidden

2022-06-24 14:55:58 - [MESSAGE][PASSED] - Keyboard is hidden

2022-06-24 14:55:58 - [TEST_STEP][PASSED] - verifyElementText(findTestObject("Transfer/transferReferenceInputFieldAfter", ["reference":"InstantTransferSched"]), "InstantTransferSched"): Actual text and expected text of test object 'Object Repository/Transfer/transferReferenceInputFieldAfter' are matched.

2022-06-24 14:55:58 - [MESSAGE][PASSED] - Actual text and expected text of test object 'Object Repository/Transfer/transferReferenceInputFieldAfter' are matched.

2022-06-24 14:55:58 - [TEST_STEP][PASSED] - tap(findTestObject("Login Onboarding/loginExistingContinueBtn"), 0): Tapped on element 'Object Repository/Login Onboarding/loginExistingContinueBtn'

2022-06-24 14:55:58 - [MESSAGE][WARNING] - Timeout '0' is invalid. Using default page load timeout: '40'

2022-06-24 14:55:59 - [MESSAGE][PASSED] - Tapped on element 'Object Repository/Login Onboarding/loginExistingContinueBtn'

2022-06-24 14:55:59 - [TEST_STEP][PASSED] - verifyElementText(findTestObject("Transfer/transferReferenceAccNoTxt", ["accNo":accNo]), accNo): Actual text and expected text of test object 'Object Repository/Transfer/transferReferenceAccNoTxt' are matched.

2022-06-24 14:55:59 - [MESSAGE][PASSED] - Actual text and expected text of test object 'Object Repository/Transfer/transferReferenceAccNoTxt' are matched.

2022-06-24 14:55:59 - [TEST_STEP][PASSED] - verifyElementText(findTestObject("Transfer/transferReferenceAccBankTxt", ["accBank":accBank]), accBank): Actual text and expected text of test object 'Object Repository/Transfer/transferReferenceAccBankTxt' are matched.

2022-06-24 14:55:59 - [MESSAGE][PASSED] - Actual text and expected text of test object 'Object Repository/Transfer/transferReferenceAccBankTxt' are matched.

2022-06-24 14:55:59 - [TEST_STEP][PASSED] - tap(findTestObject("Banking/transferTypeDropdownSelection"), 0): Tapped on element 'Object Repository/Banking/transferTypeDropdownSelection'

2022-06-24 14:55:59 - [MESSAGE][WARNING] - Timeout '0' is invalid. Using default page load timeout: '40'

2022-06-24 14:56:03 - [MESSAGE][PASSED] - Tapped on element 'Object Repository/Banking/transferTypeDropdownSelection'

2022-06-24 14:56:03 - [TEST_STEP][PASSED] - scrollToText("Fund Transfer", STOP_ON_FAILURE): Scrolling to text 'Fund Transfer' successfully

2022-06-24 14:56:06 - [MESSAGE][PASSED] - Scrolling to text 'Fund Transfer' successfully

2022-06-24 14:56:06 - [TEST_STEP][PASSED] - tap(findTestObject("Banking/tansferTypeFundDropdownSelection"), 0): Tapped on element 'Object Repository/Banking/tansferTypeFundDropdownSelection'

2022-06-24 14:56:06 - [MESSAGE][WARNING] - Timeout '0' is invalid. Using default page load timeout: '40'

2022-06-24 14:56:06 - [MESSAGE][PASSED] - Tapped on element 'Object Repository/Banking/tansferTypeFundDropdownSelection'

2022-06-24 14:56:06 - [TEST_STEP][PASSED] - tap(findTestObject("Banking/transferModeDropdownDoneBtn"), 0): Tapped on element 'Object Repository/Banking/transferModeDropdownDoneBtn'

2022-06-24 14:56:06 - [MESSAGE][WARNING] - Timeout '0' is invalid. Using default page load timeout: '40'

2022-06-24 14:56:07 - [MESSAGE][PASSED] - Tapped on element 'Object Repository/Banking/transferModeDropdownDoneBtn'

2022-06-24 14:56:07 - [TEST_STEP][PASSED] - delay(3): Delayed 3 second(s)

2022-06-24 14:56:10 - [MESSAGE][PASSED] - Delayed 3 second(s)

2022-06-24 14:56:10 - [TEST_STEP][PASSED] - verifyElementExist(findTestObject("Transfer/instantTransferModeDuitTxt", ["mode":"DuitNow Transfer"]), 0): Element 'Object Repository/Transfer/instantTransferModeDuitTxt' is exist

2022-06-24 14:56:10 - [MESSAGE][WARNING] - Timeout '0' is invalid. Using default page load timeout: '40'

2022-06-24 14:56:10 - [MESSAGE][PASSED] - Element 'Object Repository/Transfer/instantTransferModeDuitTxt' is exist

2022-06-24 14:56:10 - [TEST_STEP][PASSED] - verifyElementExist(findTestObject("Transfer/instantTransferModeTitleTxt"), 0): Element 'Object Repository/Transfer/instantTransferModeTitleTxt' is exist

2022-06-24 14:56:10 - [MESSAGE][WARNING] - Timeout '0' is invalid. Using default page load timeout: '40'

2022-06-24 14:56:10 - [MESSAGE][PASSED] - Element 'Object Repository/Transfer/instantTransferModeTitleTxt' is exist

2022-06-24 14:56:10 - [TEST_STEP][PASSED] - verifyElementExist(findTestObject("Transfer/instantTransferTypeFundTxt"), 0): Element 'Object Repository/Transfer/instantTransferTypeFundTxt' is exist

2022-06-24 14:56:10 - [MESSAGE][WARNING] - Timeout '0' is invalid. Using default page load timeout: '40'

2022-06-24 14:56:10 - [MESSAGE][PASSED] - Element 'Object Repository/Transfer/instantTransferTypeFundTxt' is exist

2022-06-24 14:56:10 - [TEST_STEP][PASSED] - verifyElementExist(findTestObject("Transfer/instantTransferTypeTitleTxt"), 0): Element 'Object Repository/Transfer/instantTransferTypeTitleTxt' is exist

2022-06-24 14:56:10 - [MESSAGE][WARNING] - Timeout '0' is invalid. Using default page load timeout: '40'

2022-06-24 14:56:10 - [MESSAGE][PASSED] - Element 'Object Repository/Transfer/instantTransferTypeTitleTxt' is exist

2022-06-24 14:56:10 - [TEST_STEP][PASSED] - tap(findTestObject("Login Onboarding/loginExistingContinueBtn"), 0): Tapped on element 'Object Repository/Login Onboarding/loginExistingContinueBtn'

2022-06-24 14:56:10 - [MESSAGE][WARNING] - Timeout '0' is invalid. Using default page load timeout: '40'

2022-06-24 14:56:10 - [MESSAGE][PASSED] - Tapped on element 'Object Repository/Login Onboarding/loginExistingContinueBtn'

2022-06-24 14:56:10 - [TEST_STEP][PASSED] - verifyElementText(findTestObject("Transfer/transferConfirmationTransactionDateTxt"), "Today"): Actual text and expected text of test object 'Object Repository/Transfer/transferConfirmationTransactionDateTxt' are matched.

2022-06-24 14:56:19 - [MESSAGE][PASSED] - Actual text and expected text of test object 'Object Repository/Transfer/transferConfirmationTransactionDateTxt' are matched.

2022-06-24 14:56:19 - [TEST_STEP][PASSED] - tap(findTestObject("Transfer/transferConfirmationTransactionDateTxt"), 0): Tapped on element 'Object Repository/Transfer/transferConfirmationTransactionDateTxt'

2022-06-24 14:56:19 - [MESSAGE][WARNING] - Timeout '0' is invalid. Using default page load timeout: '40'

2022-06-24 14:56:19 - [MESSAGE][PASSED] - Tapped on element 'Object Repository/Transfer/transferConfirmationTransactionDateTxt'

2022-06-24 14:56:19 - [TEST_STEP][PASSED] - tap(findTestObject("Main/mainCalenderPickerNextBtn"), 0): Tapped on element 'Object Repository/Main/mainCalenderPickerNextBtn'

2022-06-24 14:56:19 - [MESSAGE][WARNING] - Timeout '0' is invalid. Using default page load timeout: '40'

2022-06-24 14:56:21 - [MESSAGE][PASSED] - Tapped on element 'Object Repository/Main/mainCalenderPickerNextBtn'

2022-06-24 14:56:21 - [TEST_STEP][PASSED] - delay(3): Delayed 3 second(s)

2022-06-24 14:56:24 - [MESSAGE][PASSED] - Delayed 3 second(s)

2022-06-24 14:56:24 - [TEST_STEP][PASSED] - tap(findTestObject("Main/mainDatePicker1"), 0): Tapped on element 'Object Repository/Main/mainDatePicker1'

2022-06-24 14:56:24 - [MESSAGE][WARNING] - Timeout '0' is invalid. Using default page load timeout: '40'

2022-06-24 14:56:25 - [MESSAGE][PASSED] - Tapped on element 'Object Repository/Main/mainDatePicker1'

2022-06-24 14:56:25 - [TEST_STEP][PASSED] - tap(findTestObject("Main/mainCalenderPickerDoneBtn"), 0): Tapped on element 'Object Repository/Main/mainCalenderPickerDoneBtn'

2022-06-24 14:56:25 - [MESSAGE][WARNING] - Timeout '0' is invalid. Using default page load timeout: '40'

2022-06-24 14:56:26 - [MESSAGE][PASSED] - Tapped on element 'Object Repository/Main/mainCalenderPickerDoneBtn'

2022-06-24 14:56:26 - [TEST_STEP][PASSED] - verifyElementText(findTestObject("Transfer/transferConfirmationAccountNameTxt", ["accName":accName]), accName): Actual text and expected text of test object 'Object Repository/Transfer/transferConfirmationAccountNameTxt' are matched.

2022-06-24 14:56:26 - [MESSAGE][PASSED] - Actual text and expected text of test object 'Object Repository/Transfer/transferConfirmationAccountNameTxt' are matched.

2022-06-24 14:56:26 - [TEST_STEP][PASSED] - verifyElementText(findTestObject("Transfer/transferConfirmationAccountNoTxt", ["accNo":accNo]), accNo): Actual text and expected text of test object 'Object Repository/Transfer/transferConfirmationAccountNoTxt' are matched.

2022-06-24 14:56:27 - [MESSAGE][PASSED] - Actual text and expected text of test object 'Object Repository/Transfer/transferConfirmationAccountNoTxt' are matched.

2022-06-24 14:56:27 - [TEST_STEP][PASSED] - verifyElementText(findTestObject("Transfer/transferConfirmationAmountTxt", ["amount":"RM 0.04"]), "RM 0.04"): Actual text and expected text of test object 'Object Repository/Transfer/transferConfirmationAmountTxt' are matched.

2022-06-24 14:56:27 - [MESSAGE][PASSED] - Actual text and expected text of test object 'Object Repository/Transfer/transferConfirmationAmountTxt' are matched.

2022-06-24 14:56:27 - [TEST_STEP][PASSED] - verifyElementText(findTestObject("Transfer/transferConfirmationTransactionRecRefTxt", ["reference":"InstantTransferSched"]), "InstantTransferSched"): Actual text and expected text of test object 'Object Repository/Transfer/transferConfirmationTransactionRecRefTxt' are matched.

2022-06-24 14:56:27 - [MESSAGE][PASSED] - Actual text and expected text of test object 'Object Repository/Transfer/transferConfirmationTransactionRecRefTxt' are matched.

2022-06-24 14:56:27 - [TEST_STEP][PASSED] - verifyElementText(findTestObject("Transfer/transferConfirmationTransactionBankTxt", ["accBank":accBank]), accBank): Actual text and expected text of test object 'Object Repository/Transfer/transferConfirmationTransactionBankTxt' are matched.

2022-06-24 14:56:27 - [MESSAGE][PASSED] - Actual text and expected text of test object 'Object Repository/Transfer/transferConfirmationTransactionBankTxt' are matched.

2022-06-24 14:56:27 - [TEST_STEP][PASSED] - verifyElementText(findTestObject("Transfer/transferConfirmationOptionalGreyWordTxt"), "Optional"): Actual text and expected text of test object 'Object Repository/Transfer/transferConfirmationOptionalGreyWordTxt' are matched.

2022-06-24 14:56:27 - [MESSAGE][PASSED] - Actual text and expected text of test object 'Object Repository/Transfer/transferConfirmationOptionalGreyWordTxt' are matched.

2022-06-24 14:56:27 - [TEST_STEP][PASSED] - verifyElementText(findTestObject("Transfer/instantTransferConfirmationTransactionTypeTxt"), "Fund Transfer"): Actual text and expected text of test object 'Object Repository/Transfer/instantTransferConfirmationTransactionTypeTxt' are matched.

2022-06-24 14:56:28 - [MESSAGE][PASSED] - Actual text and expected text of test object 'Object Repository/Transfer/instantTransferConfirmationTransactionTypeTxt' are matched.

2022-06-24 14:56:28 - [TEST_STEP][PASSED] - verifyElementText(findTestObject("Transfer/instantTransferConfirmationTransactionModeTxt", ["modeC":"DuitNow Transfer"]), "DuitNow Transfer"): Actual text and expected text of test object 'Object Repository/Transfer/instantTransferConfirmationTransactionModeTxt' are matched.

2022-06-24 14:56:28 - [MESSAGE][PASSED] - Actual text and expected text of test object 'Object Repository/Transfer/instantTransferConfirmationTransactionModeTxt' are matched.

2022-06-24 14:56:28 - [TEST_STEP][PASSED] - verifyElementText(findTestObject("Transfer/instantTransferConfirmationTransactionServiceTxt"), "RM 0.00"): Actual text and expected text of test object 'Object Repository/Transfer/instantTransferConfirmationTransactionServiceTxt' are matched.

2022-06-24 14:56:28 - [MESSAGE][PASSED] - Actual text and expected text of test object 'Object Repository/Transfer/instantTransferConfirmationTransactionServiceTxt' are matched.

2022-06-24 14:56:28 - [TEST_STEP][PASSED] - verifyElementExist(findTestObject("Transfer/transferConfirmationBankNameTitleTxt"), 0): Element 'Object Repository/Transfer/transferConfirmationBankNameTitleTxt' is exist

2022-06-24 14:56:28 - [MESSAGE][WARNING] - Timeout '0' is invalid. Using default page load timeout: '40'

2022-06-24 14:56:28 - [MESSAGE][PASSED] - Element 'Object Repository/Transfer/transferConfirmationBankNameTitleTxt' is exist

2022-06-24 14:56:28 - [TEST_STEP][PASSED] - verifyElementExist(findTestObject("Transfer/transferConfirmationDateTitleTxt"), 0): Element 'Object Repository/Transfer/transferConfirmationDateTitleTxt' is exist

2022-06-24 14:56:28 - [MESSAGE][WARNING] - Timeout '0' is invalid. Using default page load timeout: '40'

2022-06-24 14:56:28 - [MESSAGE][PASSED] - Element 'Object Repository/Transfer/transferConfirmationDateTitleTxt' is exist

2022-06-24 14:56:28 - [TEST_STEP][PASSED] - verifyElementExist(findTestObject("Transfer/transferConfirmationRecRefTitleTxt"), 0): Element 'Object Repository/Transfer/transferConfirmationRecRefTitleTxt' is exist

2022-06-24 14:56:28 - [MESSAGE][WARNING] - Timeout '0' is invalid. Using default page load timeout: '40'

2022-06-24 14:56:29 - [MESSAGE][PASSED] - Element 'Object Repository/Transfer/transferConfirmationRecRefTitleTxt' is exist

2022-06-24 14:56:29 - [TEST_STEP][PASSED] - verifyElementExist(findTestObject("Transfer/transferConfirmationPaymentDetailsTitleTxt"), 0): Element 'Object Repository/Transfer/transferConfirmationPaymentDetailsTitleTxt' is exist

2022-06-24 14:56:29 - [MESSAGE][WARNING] - Timeout '0' is invalid. Using default page load timeout: '40'

2022-06-24 14:56:29 - [MESSAGE][PASSED] - Element 'Object Repository/Transfer/transferConfirmationPaymentDetailsTitleTxt' is exist

2022-06-24 14:56:29 - [TEST_STEP][PASSED] - verifyElementExist(findTestObject("Transfer/instantTransferConfirmationModeTitleTxt"), 0): Element 'Object Repository/Transfer/instantTransferConfirmationModeTitleTxt' is exist

2022-06-24 14:56:29 - [MESSAGE][WARNING] - Timeout '0' is invalid. Using default page load timeout: '40'

2022-06-24 14:56:29 - [MESSAGE][PASSED] - Element 'Object Repository/Transfer/instantTransferConfirmationModeTitleTxt' is exist

2022-06-24 14:56:29 - [TEST_STEP][PASSED] - verifyElementExist(findTestObject("Transfer/instantTransferConfirmationServiceFeeTitleTxt"), 0): Element 'Object Repository/Transfer/instantTransferConfirmationServiceFeeTitleTxt' is exist

2022-06-24 14:56:29 - [MESSAGE][WARNING] - Timeout '0' is invalid. Using default page load timeout: '40'

2022-06-24 14:56:29 - [MESSAGE][PASSED] - Element 'Object Repository/Transfer/instantTransferConfirmationServiceFeeTitleTxt' is exist

2022-06-24 14:56:29 - [TEST_STEP][PASSED] - verifyElementExist(findTestObject("Transfer/instantTransferConfirmationTypeTitleTxt"), 0): Element 'Object Repository/Transfer/instantTransferConfirmationTypeTitleTxt' is exist

2022-06-24 14:56:29 - [MESSAGE][WARNING] - Timeout '0' is invalid. Using default page load timeout: '40'

2022-06-24 14:56:29 - [MESSAGE][PASSED] - Element 'Object Repository/Transfer/instantTransferConfirmationTypeTitleTxt' is exist

2022-06-24 14:56:29 - [TEST_STEP][PASSED] - verifyElementExist(findTestObject("Transfer/transferConfirmationNoteTitleTxt"), 0): Element 'Object Repository/Transfer/transferConfirmationNoteTitleTxt' is exist

2022-06-24 14:56:29 - [MESSAGE][WARNING] - Timeout '0' is invalid. Using default page load timeout: '40'

2022-06-24 14:56:30 - [MESSAGE][PASSED] - Element 'Object Repository/Transfer/transferConfirmationNoteTitleTxt' is exist

2022-06-24 14:56:30 - [TEST_STEP][PASSED] - tap(findTestObject("Transfer/transferConfirmationOptionalGreyWordTxt"), 0): Tapped on element 'Object Repository/Transfer/transferConfirmationOptionalGreyWordTxt'

2022-06-24 14:56:30 - [MESSAGE][WARNING] - Timeout '0' is invalid. Using default page load timeout: '40'

2022-06-24 14:56:30 - [MESSAGE][PASSED] - Tapped on element 'Object Repository/Transfer/transferConfirmationOptionalGreyWordTxt'

2022-06-24 14:56:30 - [TEST_STEP][PASSED] - setText(findTestObject("Transfer/transferConfirmationDetailsInputField"), "Test Fav", 0): Text 'Test Fav' has been set to element 'Object Repository/Transfer/transferConfirmationDetailsInputField'

2022-06-24 14:56:30 - [MESSAGE][WARNING] - Timeout '0' is invalid. Using default page load timeout: '40'

2022-06-24 14:56:32 - [MESSAGE][PASSED] - Text 'Test Fav' has been set to element 'Object Repository/Transfer/transferConfirmationDetailsInputField'

2022-06-24 14:56:32 - [TEST_STEP][PASSED] - hideKeyboard(): Keyboard is hidden

2022-06-24 14:56:34 - [MESSAGE][PASSED] - Keyboard is hidden

2022-06-24 14:56:34 - [TEST_STEP][PASSED] - verifyElementText(findTestObject("Transfer/transferConfirmationOptionalGreyWordTxt"), "Test Fav"): Actual text and expected text of test object 'Object Repository/Transfer/transferConfirmationOptionalGreyWordTxt' are matched.

2022-06-24 14:56:35 - [MESSAGE][PASSED] - Actual text and expected text of test object 'Object Repository/Transfer/transferConfirmationOptionalGreyWordTxt' are matched.

2022-06-24 14:56:35 - [TEST_STEP][PASSED] - device_Height_2 = getDeviceHeight(): Current device physical height is 2167

2022-06-24 14:56:35 - [MESSAGE][PASSED] - Current device physical height is 2167

2022-06-24 14:56:35 - [TEST_STEP][PASSED] - device_Width_2 = getDeviceWidth(): Current device physical width is 1080

2022-06-24 14:56:35 - [MESSAGE][PASSED] - Current device physical width is 1080

2022-06-24 14:56:35 - [TEST_STEP][PASSED] - startX_2 = device_Width_2 / 2: null

2022-06-24 14:56:35 - [TEST_STEP][PASSED] - endX_2 = startX_2: null

2022-06-24 14:56:35 - [TEST_STEP][PASSED] - startY_2 = device_Height_2 * 0.30: null

2022-06-24 14:56:35 - [TEST_STEP][PASSED] - endY_2 = device_Height_2 * 0.70: null

2022-06-24 14:56:35 - [TEST_STEP][PASSED] - swipe(startX_2, endY_2, endX_2, startY_2): Swiped from 540,1,516 to 540,650

2022-06-24 14:56:37 - [MESSAGE][PASSED] - Swiped from 540,1,516 to 540,650

2022-06-24 14:56:37 - [TEST_STEP][PASSED] - verifyElementExist(findTestObject("Transfer/instantTransferConfirmationNotes1Txt"), 0): Element 'Object Repository/Transfer/instantTransferConfirmationNotes1Txt' is exist

2022-06-24 14:56:37 - [MESSAGE][WARNING] - Timeout '0' is invalid. Using default page load timeout: '40'

2022-06-24 14:56:37 - [MESSAGE][PASSED] - Element 'Object Repository/Transfer/instantTransferConfirmationNotes1Txt' is exist

2022-06-24 14:56:37 - [TEST_STEP][PASSED] - verifyElementExist(findTestObject("Transfer/transferConfirmationFTransferFromTitleTxt"), 0): Element 'Object Repository/Transfer/transferConfirmationFTransferFromTitleTxt' is exist

2022-06-24 14:56:37 - [MESSAGE][WARNING] - Timeout '0' is invalid. Using default page load timeout: '40'

2022-06-24 14:56:37 - [MESSAGE][PASSED] - Element 'Object Repository/Transfer/transferConfirmationFTransferFromTitleTxt' is exist

2022-06-24 14:56:37 - [TEST_STEP][PASSED] - verifyElementExist(findTestObject("Transfer/instantTransferConfirmationNotes2Txt"), 0): Element 'Object Repository/Transfer/instantTransferConfirmationNotes2Txt' is exist

2022-06-24 14:56:37 - [MESSAGE][WARNING] - Timeout '0' is invalid. Using default page load timeout: '40'

2022-06-24 14:56:37 - [MESSAGE][PASSED] - Element 'Object Repository/Transfer/instantTransferConfirmationNotes2Txt' is exist

2022-06-24 14:56:37 - [TEST_STEP][PASSED] - verifyElementText(findTestObject("Transfer/transferConfirmationFromAccTypeTxt", ["accType":accType]), accType): Actual text and expected text of test object 'Object Repository/Transfer/transferConfirmationFromAccTypeTxt' are matched.

2022-06-24 14:56:38 - [MESSAGE][PASSED] - Actual text and expected text of test object 'Object Repository/Transfer/transferConfirmationFromAccTypeTxt' are matched.

2022-06-24 14:56:38 - [TEST_STEP][PASSED] - verifyElementText(findTestObject("Transfer/transferConfirmationFromAccNoTxt", ["accNoFrom":accNoFrom]), accNoFrom): Actual text and expected text of test object 'Object Repository/Transfer/transferConfirmationFromAccNoTxt' are matched.

2022-06-24 14:56:38 - [MESSAGE][PASSED] - Actual text and expected text of test object 'Object Repository/Transfer/transferConfirmationFromAccNoTxt' are matched.

2022-06-24 14:56:38 - [TEST_STEP][PASSED] - verifyElementExist(findTestObject("Transfer/transferConfirmationFromAccBalanceTxt"), 0): Element 'Object Repository/Transfer/transferConfirmationFromAccBalanceTxt' is exist

2022-06-24 14:56:38 - [MESSAGE][WARNING] - Timeout '0' is invalid. Using default page load timeout: '40'

2022-06-24 14:56:38 - [MESSAGE][PASSED] - Element 'Object Repository/Transfer/transferConfirmationFromAccBalanceTxt' is exist

2022-06-24 14:56:38 - [TEST_STEP][PASSED] - accountBalance = getText(findTestObject("Transfer/transferConfirmationFromAccBalanceTxt"), 0): Text of element 'Object Repository/Transfer/transferConfirmationFromAccBalanceTxt' is: 'RM 2,015.97'

2022-06-24 14:56:38 - [MESSAGE][WARNING] - Timeout '0' is invalid. Using default page load timeout: '40'

2022-06-24 14:56:39 - [MESSAGE][PASSED] - Text of element 'Object Repository/Transfer/transferConfirmationFromAccBalanceTxt' is: 'RM 2,015.97'

2022-06-24 14:56:39 - [TEST_STEP][PASSED] - println(accountBalance): null

2022-06-24 14:56:39 - [TEST_STEP][PASSED] - tap(findTestObject("Main/mainTransferNowBtn"), 0): Tapped on element 'Object Repository/Main/mainTransferNowBtn'

2022-06-24 14:56:39 - [MESSAGE][WARNING] - Timeout '0' is invalid. Using default page load timeout: '40'

2022-06-24 14:56:39 - [MESSAGE][PASSED] - Tapped on element 'Object Repository/Main/mainTransferNowBtn'

2022-06-24 14:56:39 - [TEST_STEP][PASSED] - if (verifyElementVisible(findTestObject("Festive Season/seasonalGreetingAngpaoTACNoTxt"), 10, OPTIONAL)): Element 'Object Repository/Festive Season/seasonalGreetingAngpaoTACNoTxt' not found

2022-06-24 14:56:49 - [MESSAGE][WARNING] - Element 'Object Repository/Festive Season/seasonalGreetingAngpaoTACNoTxt' not found

2022-06-24 14:56:49 - [TEST_STEP][PASSED] - else: Tapped on element 'Object Repository/Main/mainS2UApproveBtn'

2022-06-24 14:56:49 - [TEST_STEP][PASSED] - delay(3): Delayed 3 second(s)

2022-06-24 14:56:52 - [MESSAGE][PASSED] - Delayed 3 second(s)

2022-06-24 14:56:52 - [TEST_STEP][PASSED] - verifyElementVisible(findTestObject("Main/mainS2UApproveBtn"), 0): Element 'Object Repository/Main/mainS2UApproveBtn' is visible

2022-06-24 14:56:52 - [MESSAGE][WARNING] - Timeout '0' is invalid. Using default page load timeout: '40'

2022-06-24 14:56:52 - [MESSAGE][PASSED] - Element 'Object Repository/Main/mainS2UApproveBtn' is visible

2022-06-24 14:56:52 - [TEST_STEP][PASSED] - tap(findTestObject("Main/mainS2UApproveBtn"), 0): Tapped on element 'Object Repository/Main/mainS2UApproveBtn'

2022-06-24 14:56:52 - [MESSAGE][WARNING] - Timeout '0' is invalid. Using default page load timeout: '40'

2022-06-24 14:56:53 - [MESSAGE][PASSED] - Tapped on element 'Object Repository/Main/mainS2UApproveBtn'

2022-06-24 14:56:53 - [TEST_STEP][PASSED] - delay(5): Delayed 5 second(s)

2022-06-24 14:56:58 - [MESSAGE][PASSED] - Delayed 5 second(s)

2022-06-24 14:56:58 - [TEST_STEP][PASSED] - verifyElementExist(findTestObject("Festive Season/returnAngpaoStatusMessageTxt"), 0): Element 'Object Repository/Festive Season/returnAngpaoStatusMessageTxt' is exist

2022-06-24 14:56:58 - [MESSAGE][WARNING] - Timeout '0' is invalid. Using default page load timeout: '40'

2022-06-24 14:56:58 - [MESSAGE][PASSED] - Element 'Object Repository/Festive Season/returnAngpaoStatusMessageTxt' is exist

2022-06-24 14:56:58 - [TEST_STEP][PASSED] - message = getText(findTestObject("Festive Season/returnAngpaoStatusMessageTxt"), 10): Text of element 'Object Repository/Festive Season/returnAngpaoStatusMessageTxt' is: 'Transfer scheduled'

2022-06-24 14:56:58 - [MESSAGE][PASSED] - Text of element 'Object Repository/Festive Season/returnAngpaoStatusMessageTxt' is: 'Transfer scheduled'

2022-06-24 14:56:58 - [TEST_STEP][PASSED] - println(message): null

2022-06-24 14:56:58 - [TEST_STEP][PASSED] - assert message == successTransactionMessage: null

2022-06-24 14:56:58 - [TEST_STEP][PASSED] - verifyElementExist(findTestObject("Transfer/transferSummaryDateTimeTitleTxt"), 0): Element 'Object Repository/Transfer/transferSummaryDateTimeTitleTxt' is exist

2022-06-24 14:56:58 - [MESSAGE][WARNING] - Timeout '0' is invalid. Using default page load timeout: '40'

2022-06-24 14:56:58 - [MESSAGE][PASSED] - Element 'Object Repository/Transfer/transferSummaryDateTimeTitleTxt' is exist

2022-06-24 14:56:58 - [TEST_STEP][PASSED] - verifyElementExist(findTestObject("Transfer/transferSummaryRefIDTitleTxt"), 0): Element 'Object Repository/Transfer/transferSummaryRefIDTitleTxt' is exist

2022-06-24 14:56:58 - [MESSAGE][WARNING] - Timeout '0' is invalid. Using default page load timeout: '40'

2022-06-24 14:56:58 - [MESSAGE][PASSED] - Element 'Object Repository/Transfer/transferSummaryRefIDTitleTxt' is exist

2022-06-24 14:56:58 - [TEST_STEP][PASSED] - verifyElementExist(findTestObject("Transfer/transferSummaryShareReceiptBtn"), 0): Element 'Object Repository/Transfer/transferSummaryShareReceiptBtn' is exist

2022-06-24 14:56:58 - [MESSAGE][WARNING] - Timeout '0' is invalid. Using default page load timeout: '40'

2022-06-24 14:56:58 - [MESSAGE][PASSED] - Element 'Object Repository/Transfer/transferSummaryShareReceiptBtn' is exist

2022-06-24 14:56:58 - [TEST_STEP][PASSED] - delay(5): Delayed 5 second(s)

2022-06-24 14:57:03 - [MESSAGE][PASSED] - Delayed 5 second(s)

2022-06-24 14:57:03 - [TEST_STEP][PASSED] - referenceID = getText(findTestObject("Send Request Money/requestMoneyPaySummaryRefIDTxt"), 0): Text of element 'Object Repository/Send Request Money/requestMoneyPaySummaryRefIDTxt' is: '181591211M'

2022-06-24 14:57:03 - [MESSAGE][WARNING] - Timeout '0' is invalid. Using default page load timeout: '40'

2022-06-24 14:57:03 - [MESSAGE][PASSED] - Text of element 'Object Repository/Send Request Money/requestMoneyPaySummaryRefIDTxt' is: '181591211M'

2022-06-24 14:57:03 - [TEST_STEP][PASSED] - println(referenceID): null

2022-06-24 14:57:03 - [TEST_STEP][PASSED] - test = dataFolder: null

2022-06-24 14:57:03 - [TEST_STEP][PASSED] - sheetName = "Sheet1": null

2022-06-24 14:57:03 - [TEST_STEP][PASSED] - file1 = new java.io.File(test): null

2022-06-24 14:57:03 - [TEST_STEP][PASSED] - assert file1.exists() == true: null

2022-06-24 14:57:03 - [TEST_STEP][PASSED] - woorkbook1 = getWorkbook(test): null

2022-06-24 14:57:03 - [TEST_STEP][PASSED] - sheet1 = getExcelSheet(woorkbook1, sheetName): null

2022-06-24 14:57:03 - [TEST_STEP][PASSED] - setValueToCellByIndex(sheet1, 3, 1, referenceID): null

2022-06-24 14:57:03 - [TEST_STEP][PASSED] - saveWorkbook(test, woorkbook1): null

2022-06-24 14:57:03 - [TEST_STEP][PASSED] - delay(3): Delayed 3 second(s)

2022-06-24 14:57:06 - [MESSAGE][PASSED] - Delayed 3 second(s)

2022-06-24 14:57:06 - [TEST_STEP][PASSED] - takeScreenshot("/Users/a00139272/Desktop/Screenshot/instantSchedule.png"): Screenshot is taken

2022-06-24 14:57:08 - [MESSAGE][PASSED] - Screenshot is taken
[[ATTACHMENT|/Users/a00139272/Desktop/Screenshot/instantSchedule.png]]

2022-06-24 14:57:08 - [TEST_STEP][PASSED] - verifyElementVisible(findTestObject("Main/mainDoneBtn"), 0): Element 'Object Repository/Main/mainDoneBtn' is visible

2022-06-24 14:57:08 - [MESSAGE][WARNING] - Timeout '0' is invalid. Using default page load timeout: '40'

2022-06-24 14:57:08 - [MESSAGE][PASSED] - Element 'Object Repository/Main/mainDoneBtn' is visible

2022-06-24 14:57:08 - [TEST_STEP][PASSED] - tap(findTestObject("Main/mainDoneBtn"), 0): Tapped on element 'Object Repository/Main/mainDoneBtn'

2022-06-24 14:57:08 - [MESSAGE][WARNING] - Timeout '0' is invalid. Using default page load timeout: '40'

2022-06-24 14:57:08 - [MESSAGE][PASSED] - Tapped on element 'Object Repository/Main/mainDoneBtn'

2022-06-24 14:57:08 - [TEST_STEP][PASSED] - delay(5): Delayed 5 second(s)

2022-06-24 14:57:13 - [MESSAGE][PASSED] - Delayed 5 second(s)

2022-06-24 14:57:13 - [TEST_STEP][PASSED] - tap(findTestObject("Main/mainTopLeftBackButton"), 0): Tapped on element 'Object Repository/Main/mainTopLeftBackButton'

2022-06-24 14:57:13 - [MESSAGE][WARNING] - Timeout '0' is invalid. Using default page load timeout: '40'

2022-06-24 14:57:13 - [MESSAGE][PASSED] - Tapped on element 'Object Repository/Main/mainTopLeftBackButton'

2022-06-24 14:57:13 - [TEST_STEP][PASSED] - delay(5): Delayed 5 second(s)

2022-06-24 14:57:18 - [MESSAGE][PASSED] - Delayed 5 second(s)

2022-06-24 14:57:18 - [TEST_STEP][PASSED] - verifyElementVisible(findTestObject("Banking/m2uAccountTypeSelection", ["text":"MAE"]), 0): Element 'Object Repository/Banking/m2uAccountTypeSelection' is visible

2022-06-24 14:57:18 - [MESSAGE][WARNING] - Timeout '0' is invalid. Using default page load timeout: '40'

2022-06-24 14:57:18 - [MESSAGE][PASSED] - Element 'Object Repository/Banking/m2uAccountTypeSelection' is visible

2022-06-24 14:57:18 - [TEST_STEP][PASSED] - tap(findTestObject("Banking/m2uAccountTypeSelection", ["text":"MAE"]), 10): Tapped on element 'Object Repository/Banking/m2uAccountTypeSelection'

2022-06-24 14:57:19 - [MESSAGE][PASSED] - Tapped on element 'Object Repository/Banking/m2uAccountTypeSelection'

2022-06-24 14:57:19 - [TEST_STEP][PASSED] - delay(5): Delayed 5 second(s)

2022-06-24 14:57:24 - [MESSAGE][PASSED] - Delayed 5 second(s)

2022-06-24 14:57:24 - [TEST_STEP][PASSED] - afterBalance = getText(findTestObject("Main/mainAccountsBalanceTxt"), 0): Text of element 'Object Repository/Main/mainAccountsBalanceTxt' is: 'RM 2,015.97'

2022-06-24 14:57:24 - [MESSAGE][WARNING] - Timeout '0' is invalid. Using default page load timeout: '40'

2022-06-24 14:57:24 - [MESSAGE][PASSED] - Text of element 'Object Repository/Main/mainAccountsBalanceTxt' is: 'RM 2,015.97'

2022-06-24 14:57:24 - [TEST_STEP][PASSED] - newAfterBalance = afterBalance.replaceAll("[^0-9.]", ""): null

2022-06-24 14:57:24 - [TEST_STEP][PASSED] - newAccountBalance = accountBalance.replaceAll("[^0-9.]", ""): null

2022-06-24 14:57:24 - [TEST_STEP][PASSED] - newAfterBalanceF = Float.parseFloat(newAfterBalance): null

2022-06-24 14:57:24 - [TEST_STEP][PASSED] - newAccountBalanceF = Float.parseFloat(newAccountBalance): null

2022-06-24 14:57:24 - [TEST_STEP][PASSED] - println(afterBalance): null

2022-06-24 14:57:24 - [TEST_STEP][PASSED] - println(accountBalance): null

2022-06-24 14:57:24 - [TEST_STEP][PASSED] - println(newAfterBalance): null

2022-06-24 14:57:24 - [TEST_STEP][PASSED] - println(newAccountBalance): null

2022-06-24 14:57:24 - [TEST_STEP][PASSED] - newBalance = newAccountBalanceF - 0.04: null

2022-06-24 14:57:24 - [TEST_STEP][PASSED] - println(newBalance): null

2022-06-24 14:57:24 - [TEST_STEP][PASSED] - delay(5): Delayed 5 second(s)

2022-06-24 14:57:29 - [MESSAGE][PASSED] - Delayed 5 second(s)]]></system-out>
         <system-err><![CDATA[]]></system-err>
      </testcase>
      <testcase name="Test Cases/Transfer/transfer_instantTransferSetFav" time="208.747" classname="Test Cases/Transfer/transfer_instantTransferSetFav" status="PASSED">
         <system-out><![CDATA[2022-06-24 14:57:29 - [TEST_CASE][PASSED] - Test Cases/Transfer/transfer_instantTransferSetFav: Test Cases/Transfer/transfer_instantTransferSetFav

2022-06-24 14:57:29 - [TEST_STEP][PASSED] - delay(5): Delayed 5 second(s)

2022-06-24 14:57:34 - [MESSAGE][PASSED] - Delayed 5 second(s)

2022-06-24 14:57:34 - [TEST_STEP][PASSED] - device_Height = getDeviceHeight(): Current device physical height is 2167

2022-06-24 14:57:35 - [MESSAGE][PASSED] - Current device physical height is 2167

2022-06-24 14:57:35 - [TEST_STEP][PASSED] - device_Width = getDeviceWidth(): Current device physical width is 1080

2022-06-24 14:57:35 - [MESSAGE][PASSED] - Current device physical width is 1080

2022-06-24 14:57:35 - [TEST_STEP][PASSED] - startX = device_Width / 3: null

2022-06-24 14:57:35 - [TEST_STEP][PASSED] - startY = device_Height * 0.97: null

2022-06-24 14:57:35 - [TEST_STEP][PASSED] - verifyElementVisible(findTestObject("Banking/m2uAccountTransferIconSelect"), 0): Element 'Object Repository/Banking/m2uAccountTransferIconSelect' is visible

2022-06-24 14:57:35 - [MESSAGE][WARNING] - Timeout '0' is invalid. Using default page load timeout: '40'

2022-06-24 14:57:35 - [MESSAGE][PASSED] - Element 'Object Repository/Banking/m2uAccountTransferIconSelect' is visible

2022-06-24 14:57:35 - [TEST_STEP][PASSED] - tap(findTestObject("Banking/m2uAccountTransferIconSelect"), 0): Tapped on element 'Object Repository/Banking/m2uAccountTransferIconSelect'

2022-06-24 14:57:35 - [MESSAGE][WARNING] - Timeout '0' is invalid. Using default page load timeout: '40'

2022-06-24 14:57:35 - [MESSAGE][PASSED] - Tapped on element 'Object Repository/Banking/m2uAccountTransferIconSelect'

2022-06-24 14:57:35 - [TEST_STEP][PASSED] - delay(5): Delayed 5 second(s)

2022-06-24 14:57:40 - [MESSAGE][PASSED] - Delayed 5 second(s)

2022-06-24 14:57:40 - [TEST_STEP][PASSED] - println("InterBank Test Case Started"): null

2022-06-24 14:57:40 - [TEST_STEP][PASSED] - tap(findTestObject("Banking/transferOthersTopMenuSelect"), 0): Tapped on element 'Object Repository/Banking/transferOthersTopMenuSelect'

2022-06-24 14:57:41 - [MESSAGE][WARNING] - Timeout '0' is invalid. Using default page load timeout: '40'

2022-06-24 14:58:41 - [MESSAGE][PASSED] - Tapped on element 'Object Repository/Banking/transferOthersTopMenuSelect'

2022-06-24 14:58:41 - [TEST_STEP][PASSED] - tap(findTestObject("Banking/transferBanksIconSelect"), 0): Tapped on element 'Object Repository/Banking/transferBanksIconSelect'

2022-06-24 14:58:41 - [MESSAGE][WARNING] - Timeout '0' is invalid. Using default page load timeout: '40'

2022-06-24 14:59:35 - [MESSAGE][PASSED] - Tapped on element 'Object Repository/Banking/transferBanksIconSelect'

2022-06-24 14:59:35 - [TEST_STEP][PASSED] - scrollToText("PUBLIC BANK", STOP_ON_FAILURE): Scrolling to text 'PUBLIC BANK' successfully

2022-06-24 14:59:47 - [MESSAGE][PASSED] - Scrolling to text 'PUBLIC BANK' successfully

2022-06-24 14:59:47 - [TEST_STEP][PASSED] - tap(findTestObject("Banking/transferBankSelection", ["text":"PUBLIC BANK"]), 10): Tapped on element 'Object Repository/Banking/transferBankSelection'

2022-06-24 14:59:47 - [MESSAGE][PASSED] - Tapped on element 'Object Repository/Banking/transferBankSelection'

2022-06-24 14:59:47 - [TEST_STEP][PASSED] - setText(findTestObject("Banking/transferAccountNoInputField"), accountNum, 0): Text '3099117112' has been set to element 'Object Repository/Banking/transferAccountNoInputField'

2022-06-24 14:59:47 - [MESSAGE][WARNING] - Timeout '0' is invalid. Using default page load timeout: '40'

2022-06-24 14:59:49 - [MESSAGE][PASSED] - Text '3099117112' has been set to element 'Object Repository/Banking/transferAccountNoInputField'

2022-06-24 14:59:49 - [TEST_STEP][PASSED] - hideKeyboard(): Keyboard is hidden

2022-06-24 14:59:54 - [MESSAGE][PASSED] - Keyboard is hidden

2022-06-24 14:59:54 - [TEST_STEP][PASSED] - tap(findTestObject("Login Onboarding/loginExistingContinueBtn"), 0): Tapped on element 'Object Repository/Login Onboarding/loginExistingContinueBtn'

2022-06-24 14:59:54 - [MESSAGE][WARNING] - Timeout '0' is invalid. Using default page load timeout: '40'

2022-06-24 14:59:54 - [MESSAGE][PASSED] - Tapped on element 'Object Repository/Login Onboarding/loginExistingContinueBtn'

2022-06-24 14:59:54 - [TEST_STEP][PASSED] - tap(findTestObject("Login Onboarding/PIN4"), 0): Tapped on element 'Object Repository/Login Onboarding/PIN4'

2022-06-24 14:59:54 - [MESSAGE][WARNING] - Timeout '0' is invalid. Using default page load timeout: '40'

2022-06-24 14:59:55 - [MESSAGE][PASSED] - Tapped on element 'Object Repository/Login Onboarding/PIN4'

2022-06-24 14:59:55 - [TEST_STEP][PASSED] - delay(3): Delayed 3 second(s)

2022-06-24 14:59:58 - [MESSAGE][PASSED] - Delayed 3 second(s)

2022-06-24 14:59:58 - [TEST_STEP][PASSED] - tap(findTestObject("Login Onboarding/loginPinTickBtn"), 0): Tapped on element 'Object Repository/Login Onboarding/loginPinTickBtn'

2022-06-24 14:59:58 - [MESSAGE][WARNING] - Timeout '0' is invalid. Using default page load timeout: '40'

2022-06-24 14:59:59 - [MESSAGE][PASSED] - Tapped on element 'Object Repository/Login Onboarding/loginPinTickBtn'

2022-06-24 14:59:59 - [TEST_STEP][PASSED] - setText(findTestObject("Banking/transferReferenceInputField"), "AmountTransfer", 0): Text 'AmountTransfer' has been set to element 'Object Repository/Banking/transferReferenceInputField'

2022-06-24 14:59:59 - [MESSAGE][WARNING] - Timeout '0' is invalid. Using default page load timeout: '40'

2022-06-24 15:00:02 - [MESSAGE][PASSED] - Text 'AmountTransfer' has been set to element 'Object Repository/Banking/transferReferenceInputField'

2022-06-24 15:00:02 - [TEST_STEP][PASSED] - hideKeyboard(): Keyboard is hidden

2022-06-24 15:00:03 - [MESSAGE][PASSED] - Keyboard is hidden

2022-06-24 15:00:03 - [TEST_STEP][PASSED] - tap(findTestObject("Login Onboarding/loginExistingContinueBtn"), 0): Tapped on element 'Object Repository/Login Onboarding/loginExistingContinueBtn'

2022-06-24 15:00:04 - [MESSAGE][WARNING] - Timeout '0' is invalid. Using default page load timeout: '40'

2022-06-24 15:00:04 - [MESSAGE][PASSED] - Tapped on element 'Object Repository/Login Onboarding/loginExistingContinueBtn'

2022-06-24 15:00:04 - [TEST_STEP][PASSED] - delay(5): Delayed 5 second(s)

2022-06-24 15:00:09 - [MESSAGE][PASSED] - Delayed 5 second(s)

2022-06-24 15:00:09 - [TEST_STEP][PASSED] - tap(findTestObject("Banking/transferTypeDropdownSelection"), 0): Tapped on element 'Object Repository/Banking/transferTypeDropdownSelection'

2022-06-24 15:00:09 - [MESSAGE][WARNING] - Timeout '0' is invalid. Using default page load timeout: '40'

2022-06-24 15:00:09 - [MESSAGE][PASSED] - Tapped on element 'Object Repository/Banking/transferTypeDropdownSelection'

2022-06-24 15:00:09 - [TEST_STEP][PASSED] - scrollToText("Fund Transfer", STOP_ON_FAILURE): Scrolling to text 'Fund Transfer' successfully

2022-06-24 15:00:13 - [MESSAGE][PASSED] - Scrolling to text 'Fund Transfer' successfully

2022-06-24 15:00:13 - [TEST_STEP][PASSED] - tap(findTestObject("Banking/tansferTypeFundDropdownSelection"), 0): Tapped on element 'Object Repository/Banking/tansferTypeFundDropdownSelection'

2022-06-24 15:00:13 - [MESSAGE][WARNING] - Timeout '0' is invalid. Using default page load timeout: '40'

2022-06-24 15:00:13 - [MESSAGE][PASSED] - Tapped on element 'Object Repository/Banking/tansferTypeFundDropdownSelection'

2022-06-24 15:00:13 - [TEST_STEP][PASSED] - tap(findTestObject("Banking/transferModeDropdownDoneBtn"), 0): Tapped on element 'Object Repository/Banking/transferModeDropdownDoneBtn'

2022-06-24 15:00:13 - [MESSAGE][WARNING] - Timeout '0' is invalid. Using default page load timeout: '40'

2022-06-24 15:00:13 - [MESSAGE][PASSED] - Tapped on element 'Object Repository/Banking/transferModeDropdownDoneBtn'

2022-06-24 15:00:13 - [TEST_STEP][PASSED] - tap(findTestObject("Login Onboarding/loginExistingContinueBtn"), 0): Tapped on element 'Object Repository/Login Onboarding/loginExistingContinueBtn'

2022-06-24 15:00:13 - [MESSAGE][WARNING] - Timeout '0' is invalid. Using default page load timeout: '40'

2022-06-24 15:00:14 - [MESSAGE][PASSED] - Tapped on element 'Object Repository/Login Onboarding/loginExistingContinueBtn'

2022-06-24 15:00:14 - [TEST_STEP][PASSED] - delay(5): Delayed 5 second(s)

2022-06-24 15:00:19 - [MESSAGE][PASSED] - Delayed 5 second(s)

2022-06-24 15:00:19 - [TEST_STEP][PASSED] - verifyElementVisible(findTestObject("Main/mainTransferNowBtn"), 0): Element 'Object Repository/Main/mainTransferNowBtn' is visible

2022-06-24 15:00:19 - [MESSAGE][WARNING] - Timeout '0' is invalid. Using default page load timeout: '40'

2022-06-24 15:00:20 - [MESSAGE][PASSED] - Element 'Object Repository/Main/mainTransferNowBtn' is visible

2022-06-24 15:00:20 - [TEST_STEP][PASSED] - tap(findTestObject("Main/mainTransferNowBtn"), 0): Tapped on element 'Object Repository/Main/mainTransferNowBtn'

2022-06-24 15:00:20 - [MESSAGE][WARNING] - Timeout '0' is invalid. Using default page load timeout: '40'

2022-06-24 15:00:21 - [MESSAGE][PASSED] - Tapped on element 'Object Repository/Main/mainTransferNowBtn'

2022-06-24 15:00:21 - [TEST_STEP][PASSED] - if (verifyElementVisible(findTestObject("Festive Season/seasonalGreetingAngpaoTACNoTxt"), 5, OPTIONAL)): Element 'Object Repository/Festive Season/seasonalGreetingAngpaoTACNoTxt' not found

2022-06-24 15:00:26 - [MESSAGE][WARNING] - Element 'Object Repository/Festive Season/seasonalGreetingAngpaoTACNoTxt' not found

2022-06-24 15:00:26 - [TEST_STEP][PASSED] - else: Tapped on element 'Object Repository/Main/mainS2UApproveBtn'

2022-06-24 15:00:26 - [TEST_STEP][PASSED] - delay(5): Delayed 5 second(s)

2022-06-24 15:00:31 - [MESSAGE][PASSED] - Delayed 5 second(s)

2022-06-24 15:00:31 - [TEST_STEP][PASSED] - verifyElementVisible(findTestObject("Main/mainS2UApproveBtn"), 3): Element 'Object Repository/Main/mainS2UApproveBtn' is visible

2022-06-24 15:00:31 - [MESSAGE][PASSED] - Element 'Object Repository/Main/mainS2UApproveBtn' is visible

2022-06-24 15:00:31 - [TEST_STEP][PASSED] - tap(findTestObject("Main/mainS2UApproveBtn"), 0): Tapped on element 'Object Repository/Main/mainS2UApproveBtn'

2022-06-24 15:00:31 - [MESSAGE][WARNING] - Timeout '0' is invalid. Using default page load timeout: '40'

2022-06-24 15:00:31 - [MESSAGE][PASSED] - Tapped on element 'Object Repository/Main/mainS2UApproveBtn'

2022-06-24 15:00:31 - [TEST_STEP][PASSED] - println("Interbank Test Case Completed"): null

2022-06-24 15:00:31 - [TEST_STEP][PASSED] - delay(5): Delayed 5 second(s)

2022-06-24 15:00:36 - [MESSAGE][PASSED] - Delayed 5 second(s)

2022-06-24 15:00:36 - [TEST_STEP][PASSED] - referenceID = getText(findTestObject("Send Request Money/requestMoneyPaySummaryRefIDTxt"), 0): Text of element 'Object Repository/Send Request Money/requestMoneyPaySummaryRefIDTxt' is: '181591258M'

2022-06-24 15:00:36 - [MESSAGE][WARNING] - Timeout '0' is invalid. Using default page load timeout: '40'

2022-06-24 15:00:39 - [MESSAGE][PASSED] - Text of element 'Object Repository/Send Request Money/requestMoneyPaySummaryRefIDTxt' is: '181591258M'

2022-06-24 15:00:39 - [TEST_STEP][PASSED] - println(referenceID): null

2022-06-24 15:00:39 - [TEST_STEP][PASSED] - test = dataFolder: null

2022-06-24 15:00:39 - [TEST_STEP][PASSED] - sheetName = "Sheet1": null

2022-06-24 15:00:39 - [TEST_STEP][PASSED] - file1 = new java.io.File(test): null

2022-06-24 15:00:39 - [TEST_STEP][PASSED] - assert file1.exists() == true: null

2022-06-24 15:00:39 - [TEST_STEP][PASSED] - woorkbook1 = getWorkbook(test): null

2022-06-24 15:00:39 - [TEST_STEP][PASSED] - sheet1 = getExcelSheet(woorkbook1, sheetName): null

2022-06-24 15:00:39 - [TEST_STEP][PASSED] - setValueToCellByIndex(sheet1, 2, 1, referenceID): null

2022-06-24 15:00:39 - [TEST_STEP][PASSED] - saveWorkbook(test, woorkbook1): null

2022-06-24 15:00:39 - [TEST_STEP][PASSED] - delay(3): Delayed 3 second(s)

2022-06-24 15:00:42 - [MESSAGE][PASSED] - Delayed 3 second(s)

2022-06-24 15:00:42 - [TEST_STEP][PASSED] - tap(findTestObject("Main/mainAddToFavBtn"), 0): Tapped on element 'Object Repository/Main/mainAddToFavBtn'

2022-06-24 15:00:42 - [MESSAGE][WARNING] - Timeout '0' is invalid. Using default page load timeout: '40'

2022-06-24 15:00:42 - [MESSAGE][PASSED] - Tapped on element 'Object Repository/Main/mainAddToFavBtn'

2022-06-24 15:00:42 - [TEST_STEP][PASSED] - delay(2): Delayed 2 second(s)

2022-06-24 15:00:44 - [MESSAGE][PASSED] - Delayed 2 second(s)

2022-06-24 15:00:44 - [TEST_STEP][PASSED] - tap(findTestObject("Main/mainAddToFavBtn"), 0): Tapped on element 'Object Repository/Main/mainAddToFavBtn'

2022-06-24 15:00:44 - [MESSAGE][WARNING] - Timeout '0' is invalid. Using default page load timeout: '40'

2022-06-24 15:00:44 - [MESSAGE][PASSED] - Tapped on element 'Object Repository/Main/mainAddToFavBtn'

2022-06-24 15:00:44 - [TEST_STEP][PASSED] - delay(2): Delayed 2 second(s)

2022-06-24 15:00:46 - [MESSAGE][PASSED] - Delayed 2 second(s)

2022-06-24 15:00:46 - [TEST_STEP][PASSED] - tap(findTestObject("Main/mainCloseFavPopUpBtn"), 0): Tapped on element 'Object Repository/Main/mainCloseFavPopUpBtn'

2022-06-24 15:00:46 - [MESSAGE][WARNING] - Timeout '0' is invalid. Using default page load timeout: '40'

2022-06-24 15:00:48 - [MESSAGE][PASSED] - Tapped on element 'Object Repository/Main/mainCloseFavPopUpBtn'

2022-06-24 15:00:48 - [TEST_STEP][PASSED] - delay(3): Delayed 3 second(s)

2022-06-24 15:00:51 - [MESSAGE][PASSED] - Delayed 3 second(s)

2022-06-24 15:00:51 - [TEST_STEP][PASSED] - takeScreenshot("/Users/a00139272/Desktop/Screenshot/instantSetFav.png"): Screenshot is taken

2022-06-24 15:00:52 - [MESSAGE][PASSED] - Screenshot is taken
[[ATTACHMENT|/Users/a00139272/Desktop/Screenshot/instantSetFav.png]]

2022-06-24 15:00:52 - [TEST_STEP][PASSED] - verifyElementVisible(findTestObject("Main/mainDoneBtn"), 3): Element 'Object Repository/Main/mainDoneBtn' is visible

2022-06-24 15:00:52 - [MESSAGE][PASSED] - Element 'Object Repository/Main/mainDoneBtn' is visible

2022-06-24 15:00:52 - [TEST_STEP][PASSED] - tap(findTestObject("Main/mainDoneBtn"), 0): Tapped on element 'Object Repository/Main/mainDoneBtn'

2022-06-24 15:00:53 - [MESSAGE][WARNING] - Timeout '0' is invalid. Using default page load timeout: '40'

2022-06-24 15:00:53 - [MESSAGE][PASSED] - Tapped on element 'Object Repository/Main/mainDoneBtn'

2022-06-24 15:00:53 - [TEST_STEP][PASSED] - delay(5): Delayed 5 second(s)

2022-06-24 15:00:58 - [MESSAGE][PASSED] - Delayed 5 second(s)]]></system-out>
         <system-err><![CDATA[]]></system-err>
      </testcase>
      <testcase name="Test Cases/Transfer/transfer_instantIBFTFav" time="345.665" classname="Test Cases/Transfer/transfer_instantIBFTFav" status="FAILED">
         <failure type="FAILED" message="Test Cases/Transfer/transfer_instantIBFTFav FAILED.
Reason:
com.kms.katalon.core.exception.StepFailedException: Element 'Object Repository/Transfer/transferFavListAccNameTxt' not found
	at com.kms.katalon.core.keyword.internal.KeywordMain.stepFailed(KeywordMain.groovy:39)
	at com.kms.katalon.core.mobile.keyword.internal.MobileKeywordMain.stepFailed(MobileKeywordMain.groovy:40)
	at com.kms.katalon.core.mobile.keyword.builtin.VerifyElementTextKeyword$_verifyElementText_closure1.doCall(VerifyElementTextKeyword.groovy:49)
	at com.kms.katalon.core.mobile.keyword.builtin.VerifyElementTextKeyword$_verifyElementText_closure1.call(VerifyElementTextKeyword.groovy)
	at com.kms.katalon.core.mobile.keyword.internal.MobileKeywordMain.runKeyword(MobileKeywordMain.groovy:21)
	at com.kms.katalon.core.mobile.keyword.builtin.VerifyElementTextKeyword.verifyElementText(VerifyElementTextKeyword.groovy:62)
	at com.kms.katalon.core.mobile.keyword.builtin.VerifyElementTextKeyword.execute(VerifyElementTextKeyword.groovy:39)
	at com.kms.katalon.core.keyword.internal.KeywordExecutor.executeKeywordForPlatform(KeywordExecutor.groovy:74)
	at com.kms.katalon.core.mobile.keyword.MobileBuiltInKeywords.verifyElementText(MobileBuiltInKeywords.groovy:2901)
	at com.kms.katalon.core.mobile.keyword.MobileBuiltInKeywords$verifyElementText$10.call(Unknown Source)
	at transfer_instantIBFTFav.run(transfer_instantIBFTFav:90)
	at com.kms.katalon.core.main.ScriptEngine.run(ScriptEngine.java:194)
	at com.kms.katalon.core.main.ScriptEngine.runScriptAsRawText(ScriptEngine.java:119)
	at com.kms.katalon.core.main.TestCaseExecutor.runScript(TestCaseExecutor.java:445)
	at com.kms.katalon.core.main.TestCaseExecutor.doExecute(TestCaseExecutor.java:436)
	at com.kms.katalon.core.main.TestCaseExecutor.processExecutionPhase(TestCaseExecutor.java:415)
	at com.kms.katalon.core.main.TestCaseExecutor.accessMainPhase(TestCaseExecutor.java:407)
	at com.kms.katalon.core.main.TestCaseExecutor.execute(TestCaseExecutor.java:284)
	at com.kms.katalon.core.common.CommonExecutor.accessTestCaseMainPhase(CommonExecutor.java:65)
	at com.kms.katalon.core.main.TestSuiteExecutor.accessTestSuiteMainPhase(TestSuiteExecutor.java:144)
	at com.kms.katalon.core.main.TestSuiteExecutor.execute(TestSuiteExecutor.java:106)
	at com.kms.katalon.core.main.TestCaseMain.startTestSuite(TestCaseMain.java:185)
	at com.kms.katalon.core.main.TestCaseMain$startTestSuite$0.call(Unknown Source)
	at TempTestSuite1656052741094.run(TempTestSuite1656052741094.groovy:36)
"/>
         <system-out><![CDATA[2022-06-24 15:00:58 - [TEST_CASE][FAILED] - Test Cases/Transfer/transfer_instantIBFTFav: Test Cases/Transfer/transfer_instantIBFTFav FAILED.
Reason:
com.kms.katalon.core.exception.StepFailedException: Element 'Object Repository/Transfer/transferFavListAccNameTxt' not found
	at com.kms.katalon.core.keyword.internal.KeywordMain.stepFailed(KeywordMain.groovy:39)
	at com.kms.katalon.core.mobile.keyword.internal.MobileKeywordMain.stepFailed(MobileKeywordMain.groovy:40)
	at com.kms.katalon.core.mobile.keyword.builtin.VerifyElementTextKeyword$_verifyElementText_closure1.doCall(VerifyElementTextKeyword.groovy:49)
	at com.kms.katalon.core.mobile.keyword.builtin.VerifyElementTextKeyword$_verifyElementText_closure1.call(VerifyElementTextKeyword.groovy)
	at com.kms.katalon.core.mobile.keyword.internal.MobileKeywordMain.runKeyword(MobileKeywordMain.groovy:21)
	at com.kms.katalon.core.mobile.keyword.builtin.VerifyElementTextKeyword.verifyElementText(VerifyElementTextKeyword.groovy:62)
	at com.kms.katalon.core.mobile.keyword.builtin.VerifyElementTextKeyword.execute(VerifyElementTextKeyword.groovy:39)
	at com.kms.katalon.core.keyword.internal.KeywordExecutor.executeKeywordForPlatform(KeywordExecutor.groovy:74)
	at com.kms.katalon.core.mobile.keyword.MobileBuiltInKeywords.verifyElementText(MobileBuiltInKeywords.groovy:2901)
	at com.kms.katalon.core.mobile.keyword.MobileBuiltInKeywords$verifyElementText$10.call(Unknown Source)
	at transfer_instantIBFTFav.run(transfer_instantIBFTFav:90)
	at com.kms.katalon.core.main.ScriptEngine.run(ScriptEngine.java:194)
	at com.kms.katalon.core.main.ScriptEngine.runScriptAsRawText(ScriptEngine.java:119)
	at com.kms.katalon.core.main.TestCaseExecutor.runScript(TestCaseExecutor.java:445)
	at com.kms.katalon.core.main.TestCaseExecutor.doExecute(TestCaseExecutor.java:436)
	at com.kms.katalon.core.main.TestCaseExecutor.processExecutionPhase(TestCaseExecutor.java:415)
	at com.kms.katalon.core.main.TestCaseExecutor.accessMainPhase(TestCaseExecutor.java:407)
	at com.kms.katalon.core.main.TestCaseExecutor.execute(TestCaseExecutor.java:284)
	at com.kms.katalon.core.common.CommonExecutor.accessTestCaseMainPhase(CommonExecutor.java:65)
	at com.kms.katalon.core.main.TestSuiteExecutor.accessTestSuiteMainPhase(TestSuiteExecutor.java:144)
	at com.kms.katalon.core.main.TestSuiteExecutor.execute(TestSuiteExecutor.java:106)
	at com.kms.katalon.core.main.TestCaseMain.startTestSuite(TestCaseMain.java:185)
	at com.kms.katalon.core.main.TestCaseMain$startTestSuite$0.call(Unknown Source)
	at TempTestSuite1656052741094.run(TempTestSuite1656052741094.groovy:36)


2022-06-24 15:00:58 - [TEST_STEP][PASSED] - device_Height = getDeviceHeight(): Current device physical height is 2167

2022-06-24 15:00:58 - [MESSAGE][PASSED] - Current device physical height is 2167

2022-06-24 15:00:58 - [TEST_STEP][PASSED] - device_Width = getDeviceWidth(): Current device physical width is 1080

2022-06-24 15:00:59 - [MESSAGE][PASSED] - Current device physical width is 1080

2022-06-24 15:00:59 - [TEST_STEP][PASSED] - startX = device_Width / 3: null

2022-06-24 15:00:59 - [TEST_STEP][PASSED] - startY = device_Height * 0.97: null

2022-06-24 15:00:59 - [TEST_STEP][PASSED] - delay(5): Delayed 5 second(s)

2022-06-24 15:01:04 - [MESSAGE][PASSED] - Delayed 5 second(s)

2022-06-24 15:01:04 - [TEST_STEP][PASSED] - verifyElementVisible(findTestObject("Banking/m2uAccountTransferIconSelect"), 0): Element 'Object Repository/Banking/m2uAccountTransferIconSelect' is visible

2022-06-24 15:01:04 - [MESSAGE][WARNING] - Timeout '0' is invalid. Using default page load timeout: '40'

2022-06-24 15:01:04 - [MESSAGE][PASSED] - Element 'Object Repository/Banking/m2uAccountTransferIconSelect' is visible

2022-06-24 15:01:04 - [TEST_STEP][PASSED] - tap(findTestObject("Banking/m2uAccountTransferIconSelect"), 0): Tapped on element 'Object Repository/Banking/m2uAccountTransferIconSelect'

2022-06-24 15:01:04 - [MESSAGE][WARNING] - Timeout '0' is invalid. Using default page load timeout: '40'

2022-06-24 15:01:04 - [MESSAGE][PASSED] - Tapped on element 'Object Repository/Banking/m2uAccountTransferIconSelect'

2022-06-24 15:01:04 - [TEST_STEP][PASSED] - tap(findTestObject("Banking/transferOthersTopMenuSelect"), 0): Tapped on element 'Object Repository/Banking/transferOthersTopMenuSelect'

2022-06-24 15:01:04 - [MESSAGE][WARNING] - Timeout '0' is invalid. Using default page load timeout: '40'

2022-06-24 15:02:05 - [MESSAGE][PASSED] - Tapped on element 'Object Repository/Banking/transferOthersTopMenuSelect'

2022-06-24 15:02:05 - [TEST_STEP][PASSED] - delay(3): Delayed 3 second(s)

2022-06-24 15:02:08 - [MESSAGE][PASSED] - Delayed 3 second(s)

2022-06-24 15:02:08 - [TEST_STEP][FAILED] - verifyElementText(findTestObject("Transfer/transferFavListAccNameTxt", ["accName":accName]), accName): Element 'Object Repository/Transfer/transferFavListAccNameTxt' not found

2022-06-24 15:02:51 - [MESSAGE][FAILED] - Element 'Object Repository/Transfer/transferFavListAccNameTxt' not found

2022-06-24 15:02:51 - [TEST_STEP][FAILED] - verifyElementText(findTestObject("Transfer/transferFavListAccNoTxt", ["accNo":accNo]), accNo): Element 'Object Repository/Transfer/transferFavListAccNoTxt' not found

2022-06-24 15:03:32 - [MESSAGE][FAILED] - Element 'Object Repository/Transfer/transferFavListAccNoTxt' not found

2022-06-24 15:03:32 - [TEST_STEP][FAILED] - verifyElementText(findTestObject("Transfer/transferFavListAccBankTxt", ["accBank":accBank]), accBank): Element 'Object Repository/Transfer/transferFavListAccBankTxt' not found

2022-06-24 15:04:13 - [MESSAGE][FAILED] - Element 'Object Repository/Transfer/transferFavListAccBankTxt' not found

2022-06-24 15:04:13 - [TEST_STEP][PASSED] - tap(findTestObject("Transfer/transferFavListAccNameTxt", ["accName":accName]), 0): Tapped on element 'Object Repository/Transfer/transferFavListAccNameTxt'

2022-06-24 15:04:13 - [MESSAGE][WARNING] - Timeout '0' is invalid. Using default page load timeout: '40'

2022-06-24 15:05:04 - [MESSAGE][PASSED] - Tapped on element 'Object Repository/Transfer/transferFavListAccNameTxt'

2022-06-24 15:05:04 - [TEST_STEP][PASSED] - delay(3): Delayed 3 second(s)

2022-06-24 15:05:07 - [MESSAGE][PASSED] - Delayed 3 second(s)

2022-06-24 15:05:07 - [TEST_STEP][PASSED] - verifyElementText(findTestObject("Transfer/transferAmounttAccNameTxt", ["accName":accName]), accName): Actual text and expected text of test object 'Object Repository/Transfer/transferAmounttAccNameTxt' are matched.

2022-06-24 15:05:08 - [MESSAGE][PASSED] - Actual text and expected text of test object 'Object Repository/Transfer/transferAmounttAccNameTxt' are matched.

2022-06-24 15:05:08 - [TEST_STEP][PASSED] - verifyElementText(findTestObject("Transfer/transferAmounttAccNoTxt", ["accNo":accNo]), accNo): Actual text and expected text of test object 'Object Repository/Transfer/transferAmounttAccNoTxt' are matched.

2022-06-24 15:05:08 - [MESSAGE][PASSED] - Actual text and expected text of test object 'Object Repository/Transfer/transferAmounttAccNoTxt' are matched.

2022-06-24 15:05:08 - [TEST_STEP][PASSED] - verifyElementText(findTestObject("Transfer/transferAmounttAccBankTxt", ["accBank":accBank]), accBank): Actual text and expected text of test object 'Object Repository/Transfer/transferAmounttAccBankTxt' are matched.

2022-06-24 15:05:08 - [MESSAGE][PASSED] - Actual text and expected text of test object 'Object Repository/Transfer/transferAmounttAccBankTxt' are matched.

2022-06-24 15:05:08 - [TEST_STEP][PASSED] - verifyElementExist(findTestObject("Transfer/transferAmountRMTxt"), 0): Element 'Object Repository/Transfer/transferAmountRMTxt' is exist

2022-06-24 15:05:08 - [MESSAGE][WARNING] - Timeout '0' is invalid. Using default page load timeout: '40'

2022-06-24 15:05:08 - [MESSAGE][PASSED] - Element 'Object Repository/Transfer/transferAmountRMTxt' is exist

2022-06-24 15:05:08 - [TEST_STEP][PASSED] - verifyElementExist(findTestObject("Transfer/transferAmountEnterAmountTitleTxt"), 0): Element 'Object Repository/Transfer/transferAmountEnterAmountTitleTxt' is exist

2022-06-24 15:05:08 - [MESSAGE][WARNING] - Timeout '0' is invalid. Using default page load timeout: '40'

2022-06-24 15:05:08 - [MESSAGE][PASSED] - Element 'Object Repository/Transfer/transferAmountEnterAmountTitleTxt' is exist

2022-06-24 15:05:08 - [TEST_STEP][PASSED] - trxAmount = value: null

2022-06-24 15:05:08 - [TEST_STEP][PASSED] - length = trxAmount.length(): null

2022-06-24 15:05:08 - [TEST_STEP][PASSED] - delay(5): Delayed 5 second(s)

2022-06-24 15:05:13 - [MESSAGE][PASSED] - Delayed 5 second(s)

2022-06-24 15:05:13 - [TEST_STEP][PASSED] - tapAtPosition(startX, startY): Tapped at [360, 2,101]

2022-06-24 15:05:14 - [MESSAGE][PASSED] - Tapped at [360, 2,101]

2022-06-24 15:05:14 - [TEST_STEP][PASSED] - for ([i = 0, i < length, (i++)]): null

2022-06-24 15:05:14 - [TEST_STEP][PASSED] - if (trxAmount[i] == "0"): null

2022-06-24 15:05:14 - [TEST_STEP][PASSED] - if (trxAmount[i] == "1"): null

2022-06-24 15:05:14 - [TEST_STEP][PASSED] - if (trxAmount[i] == "2"): null

2022-06-24 15:05:14 - [TEST_STEP][PASSED] - if (trxAmount[i] == "3"): Tapped on element 'Object Repository/Login Onboarding/PIN3'

2022-06-24 15:05:14 - [TEST_STEP][PASSED] - tap(findTestObject("Login Onboarding/PIN3"), 0): Tapped on element 'Object Repository/Login Onboarding/PIN3'

2022-06-24 15:05:14 - [MESSAGE][WARNING] - Timeout '0' is invalid. Using default page load timeout: '40'

2022-06-24 15:05:14 - [MESSAGE][PASSED] - Tapped on element 'Object Repository/Login Onboarding/PIN3'

2022-06-24 15:05:14 - [TEST_STEP][PASSED] - if (trxAmount[i] == "4"): null

2022-06-24 15:05:14 - [TEST_STEP][PASSED] - if (trxAmount[i] == "5"): null

2022-06-24 15:05:14 - [TEST_STEP][PASSED] - if (trxAmount[i] == "6"): null

2022-06-24 15:05:14 - [TEST_STEP][PASSED] - if (trxAmount[i] == "7"): null

2022-06-24 15:05:14 - [TEST_STEP][PASSED] - if (trxAmount[i] == "8"): null

2022-06-24 15:05:14 - [TEST_STEP][PASSED] - if (trxAmount[i] == "9"): null

2022-06-24 15:05:14 - [TEST_STEP][PASSED] - if (trxAmount[i] == "0"): Tapped on element 'Object Repository/Login Onboarding/PIN0'

2022-06-24 15:05:14 - [TEST_STEP][PASSED] - tap(findTestObject("Login Onboarding/PIN0"), 0): Tapped on element 'Object Repository/Login Onboarding/PIN0'

2022-06-24 15:05:14 - [MESSAGE][WARNING] - Timeout '0' is invalid. Using default page load timeout: '40'

2022-06-24 15:05:15 - [MESSAGE][PASSED] - Tapped on element 'Object Repository/Login Onboarding/PIN0'

2022-06-24 15:05:15 - [TEST_STEP][PASSED] - if (trxAmount[i] == "1"): null

2022-06-24 15:05:15 - [TEST_STEP][PASSED] - if (trxAmount[i] == "2"): null

2022-06-24 15:05:15 - [TEST_STEP][PASSED] - if (trxAmount[i] == "3"): null

2022-06-24 15:05:15 - [TEST_STEP][PASSED] - if (trxAmount[i] == "4"): null

2022-06-24 15:05:15 - [TEST_STEP][PASSED] - if (trxAmount[i] == "5"): null

2022-06-24 15:05:15 - [TEST_STEP][PASSED] - if (trxAmount[i] == "6"): null

2022-06-24 15:05:15 - [TEST_STEP][PASSED] - if (trxAmount[i] == "7"): null

2022-06-24 15:05:15 - [TEST_STEP][PASSED] - if (trxAmount[i] == "8"): null

2022-06-24 15:05:15 - [TEST_STEP][PASSED] - if (trxAmount[i] == "9"): null

2022-06-24 15:05:15 - [TEST_STEP][PASSED] - if (trxAmount[i] == "0"): Tapped on element 'Object Repository/Login Onboarding/PIN0'

2022-06-24 15:05:15 - [TEST_STEP][PASSED] - tap(findTestObject("Login Onboarding/PIN0"), 0): Tapped on element 'Object Repository/Login Onboarding/PIN0'

2022-06-24 15:05:15 - [MESSAGE][WARNING] - Timeout '0' is invalid. Using default page load timeout: '40'

2022-06-24 15:05:16 - [MESSAGE][PASSED] - Tapped on element 'Object Repository/Login Onboarding/PIN0'

2022-06-24 15:05:16 - [TEST_STEP][PASSED] - if (trxAmount[i] == "1"): null

2022-06-24 15:05:16 - [TEST_STEP][PASSED] - if (trxAmount[i] == "2"): null

2022-06-24 15:05:16 - [TEST_STEP][PASSED] - if (trxAmount[i] == "3"): null

2022-06-24 15:05:16 - [TEST_STEP][PASSED] - if (trxAmount[i] == "4"): null

2022-06-24 15:05:16 - [TEST_STEP][PASSED] - if (trxAmount[i] == "5"): null

2022-06-24 15:05:16 - [TEST_STEP][PASSED] - if (trxAmount[i] == "6"): null

2022-06-24 15:05:16 - [TEST_STEP][PASSED] - if (trxAmount[i] == "7"): null

2022-06-24 15:05:16 - [TEST_STEP][PASSED] - if (trxAmount[i] == "8"): null

2022-06-24 15:05:16 - [TEST_STEP][PASSED] - if (trxAmount[i] == "9"): null

2022-06-24 15:05:16 - [TEST_STEP][PASSED] - delay(3): Delayed 3 second(s)

2022-06-24 15:05:19 - [MESSAGE][PASSED] - Delayed 3 second(s)

2022-06-24 15:05:19 - [TEST_STEP][PASSED] - verifyElementText(findTestObject("Transfer/transferAmountInputValueTxt", ["value":checkValue]), checkValue): Actual text and expected text of test object 'Object Repository/Transfer/transferAmountInputValueTxt' are matched.

2022-06-24 15:05:20 - [MESSAGE][PASSED] - Actual text and expected text of test object 'Object Repository/Transfer/transferAmountInputValueTxt' are matched.

2022-06-24 15:05:20 - [TEST_STEP][PASSED] - delay(3): Delayed 3 second(s)

2022-06-24 15:05:23 - [MESSAGE][PASSED] - Delayed 3 second(s)

2022-06-24 15:05:23 - [TEST_STEP][PASSED] - tap(findTestObject("Login Onboarding/loginPinTickBtn"), 0): Tapped on element 'Object Repository/Login Onboarding/loginPinTickBtn'

2022-06-24 15:05:23 - [MESSAGE][WARNING] - Timeout '0' is invalid. Using default page load timeout: '40'

2022-06-24 15:05:23 - [MESSAGE][PASSED] - Tapped on element 'Object Repository/Login Onboarding/loginPinTickBtn'

2022-06-24 15:05:23 - [TEST_STEP][PASSED] - delay(3): Delayed 3 second(s)

2022-06-24 15:05:26 - [MESSAGE][PASSED] - Delayed 3 second(s)

2022-06-24 15:05:26 - [TEST_STEP][PASSED] - verifyElementText(findTestObject("Transfer/transferReferenceAccNameTxt", ["accName":accName]), accName): Actual text and expected text of test object 'Object Repository/Transfer/transferReferenceAccNameTxt' are matched.

2022-06-24 15:05:26 - [MESSAGE][PASSED] - Actual text and expected text of test object 'Object Repository/Transfer/transferReferenceAccNameTxt' are matched.

2022-06-24 15:05:26 - [TEST_STEP][PASSED] - verifyElementText(findTestObject("Transfer/transferReferenceAccNoTxt", ["accNo":accNo]), accNo): Actual text and expected text of test object 'Object Repository/Transfer/transferReferenceAccNoTxt' are matched.

2022-06-24 15:05:26 - [MESSAGE][PASSED] - Actual text and expected text of test object 'Object Repository/Transfer/transferReferenceAccNoTxt' are matched.

2022-06-24 15:05:26 - [TEST_STEP][PASSED] - verifyElementText(findTestObject("Transfer/transferReferenceAccBankTxt", ["accBank":accBank]), accBank): Actual text and expected text of test object 'Object Repository/Transfer/transferReferenceAccBankTxt' are matched.

2022-06-24 15:05:27 - [MESSAGE][PASSED] - Actual text and expected text of test object 'Object Repository/Transfer/transferReferenceAccBankTxt' are matched.

2022-06-24 15:05:27 - [TEST_STEP][PASSED] - verifyElementExist(findTestObject("Transfer/transferReferenceInputField"), 0): Element 'Object Repository/Transfer/transferReferenceInputField' is exist

2022-06-24 15:05:27 - [MESSAGE][WARNING] - Timeout '0' is invalid. Using default page load timeout: '40'

2022-06-24 15:05:27 - [MESSAGE][PASSED] - Element 'Object Repository/Transfer/transferReferenceInputField' is exist

2022-06-24 15:05:27 - [TEST_STEP][PASSED] - setText(findTestObject("Banking/transferReferenceInputField"), reference, 0): Text 'IBFTInstantFav' has been set to element 'Object Repository/Banking/transferReferenceInputField'

2022-06-24 15:05:27 - [MESSAGE][WARNING] - Timeout '0' is invalid. Using default page load timeout: '40'

2022-06-24 15:05:28 - [MESSAGE][PASSED] - Text 'IBFTInstantFav' has been set to element 'Object Repository/Banking/transferReferenceInputField'

2022-06-24 15:05:28 - [TEST_STEP][PASSED] - hideKeyboard(): Keyboard is hidden

2022-06-24 15:05:30 - [MESSAGE][PASSED] - Keyboard is hidden

2022-06-24 15:05:30 - [TEST_STEP][PASSED] - verifyElementText(findTestObject("Transfer/transferReferenceInputFieldAfter", ["reference":reference]), reference): Actual text and expected text of test object 'Object Repository/Transfer/transferReferenceInputFieldAfter' are matched.

2022-06-24 15:05:30 - [MESSAGE][PASSED] - Actual text and expected text of test object 'Object Repository/Transfer/transferReferenceInputFieldAfter' are matched.

2022-06-24 15:05:30 - [TEST_STEP][PASSED] - tap(findTestObject("Login Onboarding/loginExistingContinueBtn"), 0): Tapped on element 'Object Repository/Login Onboarding/loginExistingContinueBtn'

2022-06-24 15:05:30 - [MESSAGE][WARNING] - Timeout '0' is invalid. Using default page load timeout: '40'

2022-06-24 15:05:30 - [MESSAGE][PASSED] - Tapped on element 'Object Repository/Login Onboarding/loginExistingContinueBtn'

2022-06-24 15:05:30 - [TEST_STEP][PASSED] - verifyElementText(findTestObject("Transfer/transferReferenceAccNameTxt", ["accName":accName]), accName): Actual text and expected text of test object 'Object Repository/Transfer/transferReferenceAccNameTxt' are matched.

2022-06-24 15:05:30 - [MESSAGE][PASSED] - Actual text and expected text of test object 'Object Repository/Transfer/transferReferenceAccNameTxt' are matched.

2022-06-24 15:05:30 - [TEST_STEP][PASSED] - verifyElementText(findTestObject("Transfer/transferReferenceAccNoTxt", ["accNo":accNo]), accNo): Actual text and expected text of test object 'Object Repository/Transfer/transferReferenceAccNoTxt' are matched.

2022-06-24 15:05:31 - [MESSAGE][PASSED] - Actual text and expected text of test object 'Object Repository/Transfer/transferReferenceAccNoTxt' are matched.

2022-06-24 15:05:31 - [TEST_STEP][PASSED] - verifyElementText(findTestObject("Transfer/transferReferenceAccBankTxt", ["accBank":accBank]), accBank): Actual text and expected text of test object 'Object Repository/Transfer/transferReferenceAccBankTxt' are matched.

2022-06-24 15:05:31 - [MESSAGE][PASSED] - Actual text and expected text of test object 'Object Repository/Transfer/transferReferenceAccBankTxt' are matched.

2022-06-24 15:05:31 - [TEST_STEP][PASSED] - verifyElementExist(findTestObject("Transfer/instantTransferModeDuitTxt", ["mode":initialMode]), 0): Element 'Object Repository/Transfer/instantTransferModeDuitTxt' is exist

2022-06-24 15:05:31 - [MESSAGE][WARNING] - Timeout '0' is invalid. Using default page load timeout: '40'

2022-06-24 15:05:33 - [MESSAGE][PASSED] - Element 'Object Repository/Transfer/instantTransferModeDuitTxt' is exist

2022-06-24 15:05:33 - [TEST_STEP][PASSED] - verifyElementExist(findTestObject("Transfer/instantTransferModeTitleTxt"), 0): Element 'Object Repository/Transfer/instantTransferModeTitleTxt' is exist

2022-06-24 15:05:33 - [MESSAGE][WARNING] - Timeout '0' is invalid. Using default page load timeout: '40'

2022-06-24 15:05:34 - [MESSAGE][PASSED] - Element 'Object Repository/Transfer/instantTransferModeTitleTxt' is exist

2022-06-24 15:05:34 - [TEST_STEP][PASSED] - verifyElementExist(findTestObject("Transfer/instantTransferTypeFundTxt"), 0): Element 'Object Repository/Transfer/instantTransferTypeFundTxt' is exist

2022-06-24 15:05:34 - [MESSAGE][WARNING] - Timeout '0' is invalid. Using default page load timeout: '40'

2022-06-24 15:05:34 - [MESSAGE][PASSED] - Element 'Object Repository/Transfer/instantTransferTypeFundTxt' is exist

2022-06-24 15:05:34 - [TEST_STEP][PASSED] - verifyElementExist(findTestObject("Transfer/instantTransferTypeTitleTxt"), 0): Element 'Object Repository/Transfer/instantTransferTypeTitleTxt' is exist

2022-06-24 15:05:34 - [MESSAGE][WARNING] - Timeout '0' is invalid. Using default page load timeout: '40'

2022-06-24 15:05:34 - [MESSAGE][PASSED] - Element 'Object Repository/Transfer/instantTransferTypeTitleTxt' is exist

2022-06-24 15:05:34 - [TEST_STEP][PASSED] - tap(findTestObject("Login Onboarding/loginExistingContinueBtn"), 0): Tapped on element 'Object Repository/Login Onboarding/loginExistingContinueBtn'

2022-06-24 15:05:34 - [MESSAGE][WARNING] - Timeout '0' is invalid. Using default page load timeout: '40'

2022-06-24 15:05:34 - [MESSAGE][PASSED] - Tapped on element 'Object Repository/Login Onboarding/loginExistingContinueBtn'

2022-06-24 15:05:34 - [TEST_STEP][PASSED] - verifyElementText(findTestObject("Transfer/transferConfirmationTransactionDateTxt"), trxDate): Actual text and expected text of test object 'Object Repository/Transfer/transferConfirmationTransactionDateTxt' are matched.

2022-06-24 15:05:39 - [MESSAGE][PASSED] - Actual text and expected text of test object 'Object Repository/Transfer/transferConfirmationTransactionDateTxt' are matched.

2022-06-24 15:05:39 - [TEST_STEP][PASSED] - verifyElementText(findTestObject("Transfer/transferConfirmationAccountNameTxt", ["accName":accName]), accName): Actual text and expected text of test object 'Object Repository/Transfer/transferConfirmationAccountNameTxt' are matched.

2022-06-24 15:05:40 - [MESSAGE][PASSED] - Actual text and expected text of test object 'Object Repository/Transfer/transferConfirmationAccountNameTxt' are matched.

2022-06-24 15:05:40 - [TEST_STEP][PASSED] - verifyElementText(findTestObject("Transfer/transferConfirmationAccountNoTxt", ["accNo":accNo]), accNo): Actual text and expected text of test object 'Object Repository/Transfer/transferConfirmationAccountNoTxt' are matched.

2022-06-24 15:05:40 - [MESSAGE][PASSED] - Actual text and expected text of test object 'Object Repository/Transfer/transferConfirmationAccountNoTxt' are matched.

2022-06-24 15:05:40 - [TEST_STEP][PASSED] - verifyElementText(findTestObject("Transfer/transferConfirmationAmountTxt", ["amount":amount]), amount): Actual text and expected text of test object 'Object Repository/Transfer/transferConfirmationAmountTxt' are matched.

2022-06-24 15:05:40 - [MESSAGE][PASSED] - Actual text and expected text of test object 'Object Repository/Transfer/transferConfirmationAmountTxt' are matched.

2022-06-24 15:05:40 - [TEST_STEP][PASSED] - verifyElementText(findTestObject("Transfer/transferConfirmationTransactionRecRefTxt", ["reference":reference]), reference): Actual text and expected text of test object 'Object Repository/Transfer/transferConfirmationTransactionRecRefTxt' are matched.

2022-06-24 15:05:40 - [MESSAGE][PASSED] - Actual text and expected text of test object 'Object Repository/Transfer/transferConfirmationTransactionRecRefTxt' are matched.

2022-06-24 15:05:40 - [TEST_STEP][PASSED] - verifyElementText(findTestObject("Transfer/transferConfirmationTransactionBankTxt", ["accBank":accBank]), accBank): Actual text and expected text of test object 'Object Repository/Transfer/transferConfirmationTransactionBankTxt' are matched.

2022-06-24 15:05:41 - [MESSAGE][PASSED] - Actual text and expected text of test object 'Object Repository/Transfer/transferConfirmationTransactionBankTxt' are matched.

2022-06-24 15:05:41 - [TEST_STEP][PASSED] - verifyElementText(findTestObject("Transfer/transferConfirmationOptionalGreyWordTxt"), "Optional"): Actual text and expected text of test object 'Object Repository/Transfer/transferConfirmationOptionalGreyWordTxt' are matched.

2022-06-24 15:05:41 - [MESSAGE][PASSED] - Actual text and expected text of test object 'Object Repository/Transfer/transferConfirmationOptionalGreyWordTxt' are matched.

2022-06-24 15:05:41 - [TEST_STEP][PASSED] - verifyElementText(findTestObject("Transfer/instantTransferConfirmationTransactionTypeTxt"), trxType): Actual text and expected text of test object 'Object Repository/Transfer/instantTransferConfirmationTransactionTypeTxt' are matched.

2022-06-24 15:05:41 - [MESSAGE][PASSED] - Actual text and expected text of test object 'Object Repository/Transfer/instantTransferConfirmationTransactionTypeTxt' are matched.

2022-06-24 15:05:41 - [TEST_STEP][PASSED] - verifyElementText(findTestObject("Transfer/instantTransferConfirmationTransactionModeTxt", ["modeC":initialMode]), initialMode): Actual text and expected text of test object 'Object Repository/Transfer/instantTransferConfirmationTransactionModeTxt' are matched.

2022-06-24 15:05:42 - [MESSAGE][PASSED] - Actual text and expected text of test object 'Object Repository/Transfer/instantTransferConfirmationTransactionModeTxt' are matched.

2022-06-24 15:05:42 - [TEST_STEP][PASSED] - verifyElementText(findTestObject("Transfer/instantTransferConfirmationTransactionServiceTxt"), "RM 0.00"): Actual text and expected text of test object 'Object Repository/Transfer/instantTransferConfirmationTransactionServiceTxt' are matched.

2022-06-24 15:05:42 - [MESSAGE][PASSED] - Actual text and expected text of test object 'Object Repository/Transfer/instantTransferConfirmationTransactionServiceTxt' are matched.

2022-06-24 15:05:42 - [TEST_STEP][PASSED] - verifyElementExist(findTestObject("Transfer/transferConfirmationBankNameTitleTxt"), 0): Element 'Object Repository/Transfer/transferConfirmationBankNameTitleTxt' is exist

2022-06-24 15:05:42 - [MESSAGE][WARNING] - Timeout '0' is invalid. Using default page load timeout: '40'

2022-06-24 15:05:42 - [MESSAGE][PASSED] - Element 'Object Repository/Transfer/transferConfirmationBankNameTitleTxt' is exist

2022-06-24 15:05:42 - [TEST_STEP][PASSED] - verifyElementExist(findTestObject("Transfer/transferConfirmationDateTitleTxt"), 0): Element 'Object Repository/Transfer/transferConfirmationDateTitleTxt' is exist

2022-06-24 15:05:42 - [MESSAGE][WARNING] - Timeout '0' is invalid. Using default page load timeout: '40'

2022-06-24 15:05:42 - [MESSAGE][PASSED] - Element 'Object Repository/Transfer/transferConfirmationDateTitleTxt' is exist

2022-06-24 15:05:42 - [TEST_STEP][PASSED] - verifyElementExist(findTestObject("Transfer/transferConfirmationRecRefTitleTxt"), 0): Element 'Object Repository/Transfer/transferConfirmationRecRefTitleTxt' is exist

2022-06-24 15:05:42 - [MESSAGE][WARNING] - Timeout '0' is invalid. Using default page load timeout: '40'

2022-06-24 15:05:42 - [MESSAGE][PASSED] - Element 'Object Repository/Transfer/transferConfirmationRecRefTitleTxt' is exist

2022-06-24 15:05:42 - [TEST_STEP][PASSED] - verifyElementExist(findTestObject("Transfer/transferConfirmationPaymentDetailsTitleTxt"), 0): Element 'Object Repository/Transfer/transferConfirmationPaymentDetailsTitleTxt' is exist

2022-06-24 15:05:42 - [MESSAGE][WARNING] - Timeout '0' is invalid. Using default page load timeout: '40'

2022-06-24 15:05:43 - [MESSAGE][PASSED] - Element 'Object Repository/Transfer/transferConfirmationPaymentDetailsTitleTxt' is exist

2022-06-24 15:05:43 - [TEST_STEP][PASSED] - verifyElementExist(findTestObject("Transfer/instantTransferConfirmationModeTitleTxt"), 0): Element 'Object Repository/Transfer/instantTransferConfirmationModeTitleTxt' is exist

2022-06-24 15:05:43 - [MESSAGE][WARNING] - Timeout '0' is invalid. Using default page load timeout: '40'

2022-06-24 15:05:43 - [MESSAGE][PASSED] - Element 'Object Repository/Transfer/instantTransferConfirmationModeTitleTxt' is exist

2022-06-24 15:05:43 - [TEST_STEP][PASSED] - verifyElementExist(findTestObject("Transfer/instantTransferConfirmationServiceFeeTitleTxt"), 0): Element 'Object Repository/Transfer/instantTransferConfirmationServiceFeeTitleTxt' is exist

2022-06-24 15:05:43 - [MESSAGE][WARNING] - Timeout '0' is invalid. Using default page load timeout: '40'

2022-06-24 15:05:43 - [MESSAGE][PASSED] - Element 'Object Repository/Transfer/instantTransferConfirmationServiceFeeTitleTxt' is exist

2022-06-24 15:05:43 - [TEST_STEP][PASSED] - verifyElementExist(findTestObject("Transfer/instantTransferConfirmationTypeTitleTxt"), 0): Element 'Object Repository/Transfer/instantTransferConfirmationTypeTitleTxt' is exist

2022-06-24 15:05:43 - [MESSAGE][WARNING] - Timeout '0' is invalid. Using default page load timeout: '40'

2022-06-24 15:05:43 - [MESSAGE][PASSED] - Element 'Object Repository/Transfer/instantTransferConfirmationTypeTitleTxt' is exist

2022-06-24 15:05:43 - [TEST_STEP][PASSED] - verifyElementExist(findTestObject("Transfer/transferConfirmationNoteTitleTxt"), 0): Element 'Object Repository/Transfer/transferConfirmationNoteTitleTxt' is exist

2022-06-24 15:05:43 - [MESSAGE][WARNING] - Timeout '0' is invalid. Using default page load timeout: '40'

2022-06-24 15:05:43 - [MESSAGE][PASSED] - Element 'Object Repository/Transfer/transferConfirmationNoteTitleTxt' is exist

2022-06-24 15:05:43 - [TEST_STEP][PASSED] - tap(findTestObject("Transfer/transferConfirmationOptionalGreyWordTxt"), 0): Tapped on element 'Object Repository/Transfer/transferConfirmationOptionalGreyWordTxt'

2022-06-24 15:05:43 - [MESSAGE][WARNING] - Timeout '0' is invalid. Using default page load timeout: '40'

2022-06-24 15:05:43 - [MESSAGE][PASSED] - Tapped on element 'Object Repository/Transfer/transferConfirmationOptionalGreyWordTxt'

2022-06-24 15:05:43 - [TEST_STEP][PASSED] - setText(findTestObject("Transfer/transferConfirmationDetailsInputField"), details, 0): Text 'Test Fav' has been set to element 'Object Repository/Transfer/transferConfirmationDetailsInputField'

2022-06-24 15:05:44 - [MESSAGE][WARNING] - Timeout '0' is invalid. Using default page load timeout: '40'

2022-06-24 15:05:46 - [MESSAGE][PASSED] - Text 'Test Fav' has been set to element 'Object Repository/Transfer/transferConfirmationDetailsInputField'

2022-06-24 15:05:46 - [TEST_STEP][PASSED] - hideKeyboard(): Keyboard is hidden

2022-06-24 15:05:48 - [MESSAGE][PASSED] - Keyboard is hidden

2022-06-24 15:05:48 - [TEST_STEP][PASSED] - verifyElementText(findTestObject("Transfer/transferConfirmationOptionalGreyWordTxt"), details): Actual text and expected text of test object 'Object Repository/Transfer/transferConfirmationOptionalGreyWordTxt' are matched.

2022-06-24 15:05:48 - [MESSAGE][PASSED] - Actual text and expected text of test object 'Object Repository/Transfer/transferConfirmationOptionalGreyWordTxt' are matched.

2022-06-24 15:05:48 - [TEST_STEP][PASSED] - device_Height_2 = getDeviceHeight(): Current device physical height is 2167

2022-06-24 15:05:48 - [MESSAGE][PASSED] - Current device physical height is 2167

2022-06-24 15:05:48 - [TEST_STEP][PASSED] - device_Width_2 = getDeviceWidth(): Current device physical width is 1080

2022-06-24 15:05:49 - [MESSAGE][PASSED] - Current device physical width is 1080

2022-06-24 15:05:49 - [TEST_STEP][PASSED] - startX_2 = device_Width_2 / 2: null

2022-06-24 15:05:49 - [TEST_STEP][PASSED] - endX_2 = startX_2: null

2022-06-24 15:05:49 - [TEST_STEP][PASSED] - startY_2 = device_Height_2 * 0.30: null

2022-06-24 15:05:49 - [TEST_STEP][PASSED] - endY_2 = device_Height_2 * 0.70: null

2022-06-24 15:05:49 - [TEST_STEP][PASSED] - swipe(startX_2, endY_2, endX_2, startY_2): Swiped from 540,1,516 to 540,650

2022-06-24 15:05:50 - [MESSAGE][PASSED] - Swiped from 540,1,516 to 540,650

2022-06-24 15:05:50 - [TEST_STEP][PASSED] - verifyElementExist(findTestObject("Transfer/instantTransferConfirmationNotes1Txt"), 0): Element 'Object Repository/Transfer/instantTransferConfirmationNotes1Txt' is exist

2022-06-24 15:05:50 - [MESSAGE][WARNING] - Timeout '0' is invalid. Using default page load timeout: '40'

2022-06-24 15:05:50 - [MESSAGE][PASSED] - Element 'Object Repository/Transfer/instantTransferConfirmationNotes1Txt' is exist

2022-06-24 15:05:50 - [TEST_STEP][PASSED] - verifyElementExist(findTestObject("Transfer/transferConfirmationFTransferFromTitleTxt"), 0): Element 'Object Repository/Transfer/transferConfirmationFTransferFromTitleTxt' is exist

2022-06-24 15:05:50 - [MESSAGE][WARNING] - Timeout '0' is invalid. Using default page load timeout: '40'

2022-06-24 15:05:51 - [MESSAGE][PASSED] - Element 'Object Repository/Transfer/transferConfirmationFTransferFromTitleTxt' is exist

2022-06-24 15:05:51 - [TEST_STEP][PASSED] - verifyElementExist(findTestObject("Transfer/instantTransferConfirmationNotes2Txt"), 0): Element 'Object Repository/Transfer/instantTransferConfirmationNotes2Txt' is exist

2022-06-24 15:05:51 - [MESSAGE][WARNING] - Timeout '0' is invalid. Using default page load timeout: '40'

2022-06-24 15:05:51 - [MESSAGE][PASSED] - Element 'Object Repository/Transfer/instantTransferConfirmationNotes2Txt' is exist

2022-06-24 15:05:51 - [TEST_STEP][PASSED] - verifyElementText(findTestObject("Transfer/transferConfirmationFromAccTypeTxt", ["accType":accType]), accType): Actual text and expected text of test object 'Object Repository/Transfer/transferConfirmationFromAccTypeTxt' are matched.

2022-06-24 15:05:51 - [MESSAGE][PASSED] - Actual text and expected text of test object 'Object Repository/Transfer/transferConfirmationFromAccTypeTxt' are matched.

2022-06-24 15:05:51 - [TEST_STEP][PASSED] - verifyElementText(findTestObject("Transfer/transferConfirmationFromAccNoTxt", ["accNoFrom":accNoFrom]), accNoFrom): Actual text and expected text of test object 'Object Repository/Transfer/transferConfirmationFromAccNoTxt' are matched.

2022-06-24 15:05:51 - [MESSAGE][PASSED] - Actual text and expected text of test object 'Object Repository/Transfer/transferConfirmationFromAccNoTxt' are matched.

2022-06-24 15:05:51 - [TEST_STEP][PASSED] - verifyElementExist(findTestObject("Transfer/transferConfirmationFromAccBalanceTxt"), 0): Element 'Object Repository/Transfer/transferConfirmationFromAccBalanceTxt' is exist

2022-06-24 15:05:51 - [MESSAGE][WARNING] - Timeout '0' is invalid. Using default page load timeout: '40'

2022-06-24 15:05:52 - [MESSAGE][PASSED] - Element 'Object Repository/Transfer/transferConfirmationFromAccBalanceTxt' is exist

2022-06-24 15:05:52 - [TEST_STEP][PASSED] - accountBalance = getText(findTestObject("Transfer/transferConfirmationFromAccBalanceTxt"), 0): Text of element 'Object Repository/Transfer/transferConfirmationFromAccBalanceTxt' is: 'RM 2,015.93'

2022-06-24 15:05:52 - [MESSAGE][WARNING] - Timeout '0' is invalid. Using default page load timeout: '40'

2022-06-24 15:05:52 - [MESSAGE][PASSED] - Text of element 'Object Repository/Transfer/transferConfirmationFromAccBalanceTxt' is: 'RM 2,015.93'

2022-06-24 15:05:52 - [TEST_STEP][PASSED] - println(accountBalance): null

2022-06-24 15:05:52 - [TEST_STEP][PASSED] - tap(findTestObject("Main/mainTransferNowBtn"), 0): Tapped on element 'Object Repository/Main/mainTransferNowBtn'

2022-06-24 15:05:52 - [MESSAGE][WARNING] - Timeout '0' is invalid. Using default page load timeout: '40'

2022-06-24 15:05:52 - [MESSAGE][PASSED] - Tapped on element 'Object Repository/Main/mainTransferNowBtn'

2022-06-24 15:05:52 - [TEST_STEP][PASSED] - delay(10): Delayed 10 second(s)

2022-06-24 15:06:02 - [MESSAGE][PASSED] - Delayed 10 second(s)

2022-06-24 15:06:02 - [TEST_STEP][PASSED] - verifyElementVisible(findTestObject("Festive Season/returnAngpaoStatusMessageTxt"), 0): Element 'Object Repository/Festive Season/returnAngpaoStatusMessageTxt' is visible

2022-06-24 15:06:02 - [MESSAGE][WARNING] - Timeout '0' is invalid. Using default page load timeout: '40'

2022-06-24 15:06:02 - [MESSAGE][PASSED] - Element 'Object Repository/Festive Season/returnAngpaoStatusMessageTxt' is visible

2022-06-24 15:06:02 - [TEST_STEP][PASSED] - delay(5): Delayed 5 second(s)

2022-06-24 15:06:07 - [MESSAGE][PASSED] - Delayed 5 second(s)

2022-06-24 15:06:07 - [TEST_STEP][PASSED] - message = getText(findTestObject("Festive Season/returnAngpaoStatusMessageTxt"), 0): Text of element 'Object Repository/Festive Season/returnAngpaoStatusMessageTxt' is: 'Transfer successful'

2022-06-24 15:06:07 - [MESSAGE][WARNING] - Timeout '0' is invalid. Using default page load timeout: '40'

2022-06-24 15:06:07 - [MESSAGE][PASSED] - Text of element 'Object Repository/Festive Season/returnAngpaoStatusMessageTxt' is: 'Transfer successful'

2022-06-24 15:06:07 - [TEST_STEP][PASSED] - println(message): null

2022-06-24 15:06:07 - [TEST_STEP][PASSED] - assert message == successTransactionMessage: null

2022-06-24 15:06:07 - [TEST_STEP][PASSED] - delay(5): Delayed 5 second(s)

2022-06-24 15:06:12 - [MESSAGE][PASSED] - Delayed 5 second(s)

2022-06-24 15:06:12 - [TEST_STEP][PASSED] - if (value > limit): null

2022-06-24 15:06:12 - [TEST_STEP][PASSED] - else: Element 'Object Repository/Transfer/transferSummaryShareReceiptBtn' is exist

2022-06-24 15:06:12 - [TEST_STEP][PASSED] - verifyElementExist(findTestObject("Transfer/transferSummaryDateTimeTitleTxt"), 0): Element 'Object Repository/Transfer/transferSummaryDateTimeTitleTxt' is exist

2022-06-24 15:06:12 - [MESSAGE][WARNING] - Timeout '0' is invalid. Using default page load timeout: '40'

2022-06-24 15:06:12 - [MESSAGE][PASSED] - Element 'Object Repository/Transfer/transferSummaryDateTimeTitleTxt' is exist

2022-06-24 15:06:12 - [TEST_STEP][PASSED] - verifyElementExist(findTestObject("Transfer/transferSummaryRefIDTitleTxt"), 0): Element 'Object Repository/Transfer/transferSummaryRefIDTitleTxt' is exist

2022-06-24 15:06:12 - [MESSAGE][WARNING] - Timeout '0' is invalid. Using default page load timeout: '40'

2022-06-24 15:06:13 - [MESSAGE][PASSED] - Element 'Object Repository/Transfer/transferSummaryRefIDTitleTxt' is exist

2022-06-24 15:06:13 - [TEST_STEP][PASSED] - verifyElementExist(findTestObject("Transfer/transferSummaryShareReceiptBtn"), 0): Element 'Object Repository/Transfer/transferSummaryShareReceiptBtn' is exist

2022-06-24 15:06:13 - [MESSAGE][WARNING] - Timeout '0' is invalid. Using default page load timeout: '40'

2022-06-24 15:06:13 - [MESSAGE][PASSED] - Element 'Object Repository/Transfer/transferSummaryShareReceiptBtn' is exist

2022-06-24 15:06:13 - [TEST_STEP][PASSED] - delay(5): Delayed 5 second(s)

2022-06-24 15:06:18 - [MESSAGE][PASSED] - Delayed 5 second(s)

2022-06-24 15:06:18 - [TEST_STEP][PASSED] - referenceID = getText(findTestObject("Send Request Money/requestMoneyPaySummaryRefIDTxt"), 0): Text of element 'Object Repository/Send Request Money/requestMoneyPaySummaryRefIDTxt' is: '181591322M'

2022-06-24 15:06:18 - [MESSAGE][WARNING] - Timeout '0' is invalid. Using default page load timeout: '40'

2022-06-24 15:06:18 - [MESSAGE][PASSED] - Text of element 'Object Repository/Send Request Money/requestMoneyPaySummaryRefIDTxt' is: '181591322M'

2022-06-24 15:06:18 - [TEST_STEP][PASSED] - println(referenceID): null

2022-06-24 15:06:18 - [TEST_STEP][PASSED] - test = dataFolder: null

2022-06-24 15:06:18 - [TEST_STEP][PASSED] - sheetName = "Sheet1": null

2022-06-24 15:06:18 - [TEST_STEP][PASSED] - file1 = new java.io.File(test): null

2022-06-24 15:06:18 - [TEST_STEP][PASSED] - assert file1.exists() == true: null

2022-06-24 15:06:18 - [TEST_STEP][PASSED] - woorkbook1 = getWorkbook(test): null

2022-06-24 15:06:18 - [TEST_STEP][PASSED] - sheet1 = getExcelSheet(woorkbook1, sheetName): null

2022-06-24 15:06:18 - [TEST_STEP][PASSED] - setValueToCellByIndex(sheet1, 3, 1, referenceID): null

2022-06-24 15:06:18 - [TEST_STEP][PASSED] - saveWorkbook(test, woorkbook1): null

2022-06-24 15:06:18 - [TEST_STEP][PASSED] - delay(3): Delayed 3 second(s)

2022-06-24 15:06:21 - [MESSAGE][PASSED] - Delayed 3 second(s)

2022-06-24 15:06:21 - [TEST_STEP][PASSED] - verifyElementVisible(findTestObject("Main/mainDoneBtn"), 0): Element 'Object Repository/Main/mainDoneBtn' is visible

2022-06-24 15:06:21 - [MESSAGE][WARNING] - Timeout '0' is invalid. Using default page load timeout: '40'

2022-06-24 15:06:21 - [MESSAGE][PASSED] - Element 'Object Repository/Main/mainDoneBtn' is visible

2022-06-24 15:06:21 - [TEST_STEP][PASSED] - takeScreenshot("/Users/a00139272/Desktop/Screenshot/instantIBFTFav.png"): Screenshot is taken

2022-06-24 15:06:22 - [MESSAGE][PASSED] - Screenshot is taken
[[ATTACHMENT|/Users/a00139272/Desktop/Screenshot/instantIBFTFav.png]]

2022-06-24 15:06:22 - [TEST_STEP][PASSED] - tap(findTestObject("Main/mainDoneBtn"), 0): Tapped on element 'Object Repository/Main/mainDoneBtn'

2022-06-24 15:06:22 - [MESSAGE][WARNING] - Timeout '0' is invalid. Using default page load timeout: '40'

2022-06-24 15:06:22 - [MESSAGE][PASSED] - Tapped on element 'Object Repository/Main/mainDoneBtn'

2022-06-24 15:06:22 - [TEST_STEP][PASSED] - if (value < limit): Delayed 5 second(s)

2022-06-24 15:06:22 - [TEST_STEP][PASSED] - delay(5): Delayed 5 second(s)

2022-06-24 15:06:27 - [MESSAGE][PASSED] - Delayed 5 second(s)

2022-06-24 15:06:27 - [TEST_STEP][PASSED] - tap(findTestObject("Main/mainTopLeftBackButton"), 0): Tapped on element 'Object Repository/Main/mainTopLeftBackButton'

2022-06-24 15:06:27 - [MESSAGE][WARNING] - Timeout '0' is invalid. Using default page load timeout: '40'

2022-06-24 15:06:27 - [MESSAGE][PASSED] - Tapped on element 'Object Repository/Main/mainTopLeftBackButton'

2022-06-24 15:06:27 - [TEST_STEP][PASSED] - delay(5): Delayed 5 second(s)

2022-06-24 15:06:32 - [MESSAGE][PASSED] - Delayed 5 second(s)

2022-06-24 15:06:32 - [TEST_STEP][PASSED] - verifyElementVisible(findTestObject("Banking/m2uAccountTypeSelection", ["text":accType]), 10): Element 'Object Repository/Banking/m2uAccountTypeSelection' is visible

2022-06-24 15:06:33 - [MESSAGE][PASSED] - Element 'Object Repository/Banking/m2uAccountTypeSelection' is visible

2022-06-24 15:06:33 - [TEST_STEP][PASSED] - tap(findTestObject("Banking/m2uAccountTypeSelection", ["text":accType]), 10): Tapped on element 'Object Repository/Banking/m2uAccountTypeSelection'

2022-06-24 15:06:33 - [MESSAGE][PASSED] - Tapped on element 'Object Repository/Banking/m2uAccountTypeSelection'

2022-06-24 15:06:33 - [TEST_STEP][PASSED] - delay(5): Delayed 5 second(s)

2022-06-24 15:06:38 - [MESSAGE][PASSED] - Delayed 5 second(s)

2022-06-24 15:06:38 - [TEST_STEP][PASSED] - afterBalance = getText(findTestObject("Main/mainAccountsBalanceTxt"), 0): Text of element 'Object Repository/Main/mainAccountsBalanceTxt' is: 'RM 2,012.93'

2022-06-24 15:06:38 - [MESSAGE][WARNING] - Timeout '0' is invalid. Using default page load timeout: '40'

2022-06-24 15:06:38 - [MESSAGE][PASSED] - Text of element 'Object Repository/Main/mainAccountsBalanceTxt' is: 'RM 2,012.93'

2022-06-24 15:06:38 - [TEST_STEP][PASSED] - newAfterBalance = afterBalance.replaceAll("[^0-9.]", ""): null

2022-06-24 15:06:38 - [TEST_STEP][PASSED] - newAccountBalance = accountBalance.replaceAll("[^0-9.]", ""): null

2022-06-24 15:06:38 - [TEST_STEP][PASSED] - newAfterBalanceF = Float.parseFloat(newAfterBalance): null

2022-06-24 15:06:38 - [TEST_STEP][PASSED] - newAccountBalanceF = Float.parseFloat(newAccountBalance): null

2022-06-24 15:06:38 - [TEST_STEP][PASSED] - println(afterBalance): null

2022-06-24 15:06:38 - [TEST_STEP][PASSED] - println(accountBalance): null

2022-06-24 15:06:38 - [TEST_STEP][PASSED] - println(newAfterBalance): null

2022-06-24 15:06:38 - [TEST_STEP][PASSED] - println(newAccountBalance): null

2022-06-24 15:06:38 - [TEST_STEP][PASSED] - value_1 = checkValue: null

2022-06-24 15:06:38 - [TEST_STEP][PASSED] - value_2 = value_1.replaceAll("[^0-9.]", ""): null

2022-06-24 15:06:38 - [TEST_STEP][PASSED] - newValue = Float.parseFloat(value_2): null

2022-06-24 15:06:38 - [TEST_STEP][PASSED] - newBalance = newAccountBalanceF - newValue: null

2022-06-24 15:06:38 - [TEST_STEP][PASSED] - println(newBalance): null

2022-06-24 15:06:38 - [TEST_STEP][PASSED] - assert newBalance.round(2) == newAfterBalanceF: null

2022-06-24 15:06:38 - [TEST_STEP][PASSED] - delay(5): Delayed 5 second(s)

2022-06-24 15:06:43 - [MESSAGE][PASSED] - Delayed 5 second(s)]]></system-out>
         <system-err><![CDATA[2022-06-24 15:00:58 - [TEST_CASE][FAILED] - Test Cases/Transfer/transfer_instantIBFTFav: Test Cases/Transfer/transfer_instantIBFTFav FAILED.
Reason:
com.kms.katalon.core.exception.StepFailedException: Element 'Object Repository/Transfer/transferFavListAccNameTxt' not found
	at com.kms.katalon.core.keyword.internal.KeywordMain.stepFailed(KeywordMain.groovy:39)
	at com.kms.katalon.core.mobile.keyword.internal.MobileKeywordMain.stepFailed(MobileKeywordMain.groovy:40)
	at com.kms.katalon.core.mobile.keyword.builtin.VerifyElementTextKeyword$_verifyElementText_closure1.doCall(VerifyElementTextKeyword.groovy:49)
	at com.kms.katalon.core.mobile.keyword.builtin.VerifyElementTextKeyword$_verifyElementText_closure1.call(VerifyElementTextKeyword.groovy)
	at com.kms.katalon.core.mobile.keyword.internal.MobileKeywordMain.runKeyword(MobileKeywordMain.groovy:21)
	at com.kms.katalon.core.mobile.keyword.builtin.VerifyElementTextKeyword.verifyElementText(VerifyElementTextKeyword.groovy:62)
	at com.kms.katalon.core.mobile.keyword.builtin.VerifyElementTextKeyword.execute(VerifyElementTextKeyword.groovy:39)
	at com.kms.katalon.core.keyword.internal.KeywordExecutor.executeKeywordForPlatform(KeywordExecutor.groovy:74)
	at com.kms.katalon.core.mobile.keyword.MobileBuiltInKeywords.verifyElementText(MobileBuiltInKeywords.groovy:2901)
	at com.kms.katalon.core.mobile.keyword.MobileBuiltInKeywords$verifyElementText$10.call(Unknown Source)
	at transfer_instantIBFTFav.run(transfer_instantIBFTFav:90)
	at com.kms.katalon.core.main.ScriptEngine.run(ScriptEngine.java:194)
	at com.kms.katalon.core.main.ScriptEngine.runScriptAsRawText(ScriptEngine.java:119)
	at com.kms.katalon.core.main.TestCaseExecutor.runScript(TestCaseExecutor.java:445)
	at com.kms.katalon.core.main.TestCaseExecutor.doExecute(TestCaseExecutor.java:436)
	at com.kms.katalon.core.main.TestCaseExecutor.processExecutionPhase(TestCaseExecutor.java:415)
	at com.kms.katalon.core.main.TestCaseExecutor.accessMainPhase(TestCaseExecutor.java:407)
	at com.kms.katalon.core.main.TestCaseExecutor.execute(TestCaseExecutor.java:284)
	at com.kms.katalon.core.common.CommonExecutor.accessTestCaseMainPhase(CommonExecutor.java:65)
	at com.kms.katalon.core.main.TestSuiteExecutor.accessTestSuiteMainPhase(TestSuiteExecutor.java:144)
	at com.kms.katalon.core.main.TestSuiteExecutor.execute(TestSuiteExecutor.java:106)
	at com.kms.katalon.core.main.TestCaseMain.startTestSuite(TestCaseMain.java:185)
	at com.kms.katalon.core.main.TestCaseMain$startTestSuite$0.call(Unknown Source)
	at TempTestSuite1656052741094.run(TempTestSuite1656052741094.groovy:36)]]></system-err>
      </testcase>
      <testcase name="Test Cases/Transfer/transfer_instantIBGFav" time="387.943" classname="Test Cases/Transfer/transfer_instantIBGFav" status="FAILED">
         <failure type="FAILED" message="Test Cases/Transfer/transfer_instantIBGFav FAILED.
Reason:
Assertion failed: 

assert message == successTransactionMessage
       |       |  |
       |       |  Transfer accepted
       |       false
       Transfer failed

	at transfer_instantIBGFav.run(transfer_instantIBGFav:368)
	at com.kms.katalon.core.main.ScriptEngine.run(ScriptEngine.java:194)
	at com.kms.katalon.core.main.ScriptEngine.runScriptAsRawText(ScriptEngine.java:119)
	at com.kms.katalon.core.main.TestCaseExecutor.runScript(TestCaseExecutor.java:445)
	at com.kms.katalon.core.main.TestCaseExecutor.doExecute(TestCaseExecutor.java:436)
	at com.kms.katalon.core.main.TestCaseExecutor.processExecutionPhase(TestCaseExecutor.java:415)
	at com.kms.katalon.core.main.TestCaseExecutor.accessMainPhase(TestCaseExecutor.java:407)
	at com.kms.katalon.core.main.TestCaseExecutor.execute(TestCaseExecutor.java:284)
	at com.kms.katalon.core.common.CommonExecutor.accessTestCaseMainPhase(CommonExecutor.java:65)
	at com.kms.katalon.core.main.TestSuiteExecutor.accessTestSuiteMainPhase(TestSuiteExecutor.java:144)
	at com.kms.katalon.core.main.TestSuiteExecutor.execute(TestSuiteExecutor.java:106)
	at com.kms.katalon.core.main.TestCaseMain.startTestSuite(TestCaseMain.java:185)
	at com.kms.katalon.core.main.TestCaseMain$startTestSuite$0.call(Unknown Source)
	at TempTestSuite1656052741094.run(TempTestSuite1656052741094.groovy:36)
"/>
         <system-out><![CDATA[2022-06-24 15:06:43 - [TEST_CASE][FAILED] - Test Cases/Transfer/transfer_instantIBGFav: Test Cases/Transfer/transfer_instantIBGFav FAILED.
Reason:
Assertion failed: 

assert message == successTransactionMessage
       |       |  |
       |       |  Transfer accepted
       |       false
       Transfer failed

	at transfer_instantIBGFav.run(transfer_instantIBGFav:368)
	at com.kms.katalon.core.main.ScriptEngine.run(ScriptEngine.java:194)
	at com.kms.katalon.core.main.ScriptEngine.runScriptAsRawText(ScriptEngine.java:119)
	at com.kms.katalon.core.main.TestCaseExecutor.runScript(TestCaseExecutor.java:445)
	at com.kms.katalon.core.main.TestCaseExecutor.doExecute(TestCaseExecutor.java:436)
	at com.kms.katalon.core.main.TestCaseExecutor.processExecutionPhase(TestCaseExecutor.java:415)
	at com.kms.katalon.core.main.TestCaseExecutor.accessMainPhase(TestCaseExecutor.java:407)
	at com.kms.katalon.core.main.TestCaseExecutor.execute(TestCaseExecutor.java:284)
	at com.kms.katalon.core.common.CommonExecutor.accessTestCaseMainPhase(CommonExecutor.java:65)
	at com.kms.katalon.core.main.TestSuiteExecutor.accessTestSuiteMainPhase(TestSuiteExecutor.java:144)
	at com.kms.katalon.core.main.TestSuiteExecutor.execute(TestSuiteExecutor.java:106)
	at com.kms.katalon.core.main.TestCaseMain.startTestSuite(TestCaseMain.java:185)
	at com.kms.katalon.core.main.TestCaseMain$startTestSuite$0.call(Unknown Source)
	at TempTestSuite1656052741094.run(TempTestSuite1656052741094.groovy:36)


2022-06-24 15:06:44 - [TEST_STEP][PASSED] - delay(5): Delayed 5 second(s)

2022-06-24 15:06:49 - [MESSAGE][PASSED] - Delayed 5 second(s)

2022-06-24 15:06:49 - [TEST_STEP][PASSED] - device_Height = getDeviceHeight(): Current device physical height is 2167

2022-06-24 15:06:49 - [MESSAGE][PASSED] - Current device physical height is 2167

2022-06-24 15:06:49 - [TEST_STEP][PASSED] - device_Width = getDeviceWidth(): Current device physical width is 1080

2022-06-24 15:06:50 - [MESSAGE][PASSED] - Current device physical width is 1080

2022-06-24 15:06:50 - [TEST_STEP][PASSED] - startX = device_Width / 3: null

2022-06-24 15:06:50 - [TEST_STEP][PASSED] - startY = device_Height * 0.97: null

2022-06-24 15:06:50 - [TEST_STEP][PASSED] - verifyElementVisible(findTestObject("Banking/m2uAccountTransferIconSelect"), 0): Element 'Object Repository/Banking/m2uAccountTransferIconSelect' is visible

2022-06-24 15:06:50 - [MESSAGE][WARNING] - Timeout '0' is invalid. Using default page load timeout: '40'

2022-06-24 15:06:50 - [MESSAGE][PASSED] - Element 'Object Repository/Banking/m2uAccountTransferIconSelect' is visible

2022-06-24 15:06:50 - [TEST_STEP][PASSED] - tap(findTestObject("Banking/m2uAccountTransferIconSelect"), 0): Tapped on element 'Object Repository/Banking/m2uAccountTransferIconSelect'

2022-06-24 15:06:50 - [MESSAGE][WARNING] - Timeout '0' is invalid. Using default page load timeout: '40'

2022-06-24 15:06:50 - [MESSAGE][PASSED] - Tapped on element 'Object Repository/Banking/m2uAccountTransferIconSelect'

2022-06-24 15:06:50 - [TEST_STEP][PASSED] - delay(5): Delayed 5 second(s)

2022-06-24 15:06:55 - [MESSAGE][PASSED] - Delayed 5 second(s)

2022-06-24 15:06:55 - [TEST_STEP][PASSED] - tap(findTestObject("Banking/transferOthersTopMenuSelect"), 0): Tapped on element 'Object Repository/Banking/transferOthersTopMenuSelect'

2022-06-24 15:06:55 - [MESSAGE][WARNING] - Timeout '0' is invalid. Using default page load timeout: '40'

2022-06-24 15:07:56 - [MESSAGE][PASSED] - Tapped on element 'Object Repository/Banking/transferOthersTopMenuSelect'

2022-06-24 15:07:56 - [TEST_STEP][PASSED] - delay(3): Delayed 3 second(s)

2022-06-24 15:07:59 - [MESSAGE][PASSED] - Delayed 3 second(s)

2022-06-24 15:07:59 - [TEST_STEP][PASSED] - verifyElementText(findTestObject("Transfer/transferFavListAccNameTxt", ["accName":accName]), accName): Actual text and expected text of test object 'Object Repository/Transfer/transferFavListAccNameTxt' are matched.

2022-06-24 15:09:11 - [MESSAGE][PASSED] - Actual text and expected text of test object 'Object Repository/Transfer/transferFavListAccNameTxt' are matched.

2022-06-24 15:09:11 - [TEST_STEP][PASSED] - verifyElementText(findTestObject("Transfer/transferFavListAccNoTxt", ["accNo":accNo]), accNo): Actual text and expected text of test object 'Object Repository/Transfer/transferFavListAccNoTxt' are matched.

2022-06-24 15:10:02 - [MESSAGE][PASSED] - Actual text and expected text of test object 'Object Repository/Transfer/transferFavListAccNoTxt' are matched.

2022-06-24 15:10:02 - [TEST_STEP][PASSED] - verifyElementText(findTestObject("Transfer/transferFavListAccBankTxt", ["accBank":accBank]), accBank): Actual text and expected text of test object 'Object Repository/Transfer/transferFavListAccBankTxt' are matched.

2022-06-24 15:10:52 - [MESSAGE][PASSED] - Actual text and expected text of test object 'Object Repository/Transfer/transferFavListAccBankTxt' are matched.

2022-06-24 15:10:52 - [TEST_STEP][PASSED] - tap(findTestObject("Transfer/transferFavListAccNameTxt", ["accName":accName]), 0): Tapped on element 'Object Repository/Transfer/transferFavListAccNameTxt'

2022-06-24 15:10:52 - [MESSAGE][WARNING] - Timeout '0' is invalid. Using default page load timeout: '40'

2022-06-24 15:11:44 - [MESSAGE][PASSED] - Tapped on element 'Object Repository/Transfer/transferFavListAccNameTxt'

2022-06-24 15:11:44 - [TEST_STEP][PASSED] - delay(3): Delayed 3 second(s)

2022-06-24 15:11:47 - [MESSAGE][PASSED] - Delayed 3 second(s)

2022-06-24 15:11:47 - [TEST_STEP][PASSED] - verifyElementText(findTestObject("Transfer/transferAmounttAccNameTxt", ["accName":accName]), accName): Actual text and expected text of test object 'Object Repository/Transfer/transferAmounttAccNameTxt' are matched.

2022-06-24 15:11:47 - [MESSAGE][PASSED] - Actual text and expected text of test object 'Object Repository/Transfer/transferAmounttAccNameTxt' are matched.

2022-06-24 15:11:47 - [TEST_STEP][PASSED] - verifyElementText(findTestObject("Transfer/transferAmounttAccNoTxt", ["accNo":accNo]), accNo): Actual text and expected text of test object 'Object Repository/Transfer/transferAmounttAccNoTxt' are matched.

2022-06-24 15:11:47 - [MESSAGE][PASSED] - Actual text and expected text of test object 'Object Repository/Transfer/transferAmounttAccNoTxt' are matched.

2022-06-24 15:11:47 - [TEST_STEP][PASSED] - verifyElementText(findTestObject("Transfer/transferAmounttAccBankTxt", ["accBank":accBank]), accBank): Actual text and expected text of test object 'Object Repository/Transfer/transferAmounttAccBankTxt' are matched.

2022-06-24 15:11:48 - [MESSAGE][PASSED] - Actual text and expected text of test object 'Object Repository/Transfer/transferAmounttAccBankTxt' are matched.

2022-06-24 15:11:48 - [TEST_STEP][PASSED] - verifyElementExist(findTestObject("Transfer/transferAmountRMTxt"), 0): Element 'Object Repository/Transfer/transferAmountRMTxt' is exist

2022-06-24 15:11:48 - [MESSAGE][WARNING] - Timeout '0' is invalid. Using default page load timeout: '40'

2022-06-24 15:11:48 - [MESSAGE][PASSED] - Element 'Object Repository/Transfer/transferAmountRMTxt' is exist

2022-06-24 15:11:48 - [TEST_STEP][PASSED] - verifyElementExist(findTestObject("Transfer/transferAmountEnterAmountTitleTxt"), 0): Element 'Object Repository/Transfer/transferAmountEnterAmountTitleTxt' is exist

2022-06-24 15:11:48 - [MESSAGE][WARNING] - Timeout '0' is invalid. Using default page load timeout: '40'

2022-06-24 15:11:48 - [MESSAGE][PASSED] - Element 'Object Repository/Transfer/transferAmountEnterAmountTitleTxt' is exist

2022-06-24 15:11:48 - [TEST_STEP][PASSED] - trxAmount = value: null

2022-06-24 15:11:48 - [TEST_STEP][PASSED] - length = trxAmount.length(): null

2022-06-24 15:11:48 - [TEST_STEP][PASSED] - delay(5): Delayed 5 second(s)

2022-06-24 15:11:53 - [MESSAGE][PASSED] - Delayed 5 second(s)

2022-06-24 15:11:53 - [TEST_STEP][PASSED] - tapAtPosition(startX, startY): Tapped at [360, 2,101]

2022-06-24 15:11:53 - [MESSAGE][PASSED] - Tapped at [360, 2,101]

2022-06-24 15:11:53 - [TEST_STEP][PASSED] - for ([i = 0, i < length, (i++)]): null

2022-06-24 15:11:53 - [TEST_STEP][PASSED] - if (trxAmount[i] == "0"): null

2022-06-24 15:11:53 - [TEST_STEP][PASSED] - if (trxAmount[i] == "1"): null

2022-06-24 15:11:53 - [TEST_STEP][PASSED] - if (trxAmount[i] == "2"): Tapped on element 'Object Repository/Login Onboarding/PIN2'

2022-06-24 15:11:53 - [TEST_STEP][PASSED] - tap(findTestObject("Login Onboarding/PIN2"), 0): Tapped on element 'Object Repository/Login Onboarding/PIN2'

2022-06-24 15:11:53 - [MESSAGE][WARNING] - Timeout '0' is invalid. Using default page load timeout: '40'

2022-06-24 15:11:54 - [MESSAGE][PASSED] - Tapped on element 'Object Repository/Login Onboarding/PIN2'

2022-06-24 15:11:54 - [TEST_STEP][PASSED] - if (trxAmount[i] == "3"): null

2022-06-24 15:11:54 - [TEST_STEP][PASSED] - if (trxAmount[i] == "4"): null

2022-06-24 15:11:54 - [TEST_STEP][PASSED] - if (trxAmount[i] == "5"): null

2022-06-24 15:11:54 - [TEST_STEP][PASSED] - if (trxAmount[i] == "6"): null

2022-06-24 15:11:54 - [TEST_STEP][PASSED] - if (trxAmount[i] == "7"): null

2022-06-24 15:11:54 - [TEST_STEP][PASSED] - if (trxAmount[i] == "8"): null

2022-06-24 15:11:54 - [TEST_STEP][PASSED] - if (trxAmount[i] == "9"): null

2022-06-24 15:11:54 - [TEST_STEP][PASSED] - if (trxAmount[i] == "0"): Tapped on element 'Object Repository/Login Onboarding/PIN0'

2022-06-24 15:11:54 - [TEST_STEP][PASSED] - tap(findTestObject("Login Onboarding/PIN0"), 0): Tapped on element 'Object Repository/Login Onboarding/PIN0'

2022-06-24 15:11:54 - [MESSAGE][WARNING] - Timeout '0' is invalid. Using default page load timeout: '40'

2022-06-24 15:11:55 - [MESSAGE][PASSED] - Tapped on element 'Object Repository/Login Onboarding/PIN0'

2022-06-24 15:11:55 - [TEST_STEP][PASSED] - if (trxAmount[i] == "1"): null

2022-06-24 15:11:55 - [TEST_STEP][PASSED] - if (trxAmount[i] == "2"): null

2022-06-24 15:11:55 - [TEST_STEP][PASSED] - if (trxAmount[i] == "3"): null

2022-06-24 15:11:55 - [TEST_STEP][PASSED] - if (trxAmount[i] == "4"): null

2022-06-24 15:11:55 - [TEST_STEP][PASSED] - if (trxAmount[i] == "5"): null

2022-06-24 15:11:55 - [TEST_STEP][PASSED] - if (trxAmount[i] == "6"): null

2022-06-24 15:11:55 - [TEST_STEP][PASSED] - if (trxAmount[i] == "7"): null

2022-06-24 15:11:55 - [TEST_STEP][PASSED] - if (trxAmount[i] == "8"): null

2022-06-24 15:11:55 - [TEST_STEP][PASSED] - if (trxAmount[i] == "9"): null

2022-06-24 15:11:55 - [TEST_STEP][PASSED] - if (trxAmount[i] == "0"): Tapped on element 'Object Repository/Login Onboarding/PIN0'

2022-06-24 15:11:55 - [TEST_STEP][PASSED] - tap(findTestObject("Login Onboarding/PIN0"), 0): Tapped on element 'Object Repository/Login Onboarding/PIN0'

2022-06-24 15:11:55 - [MESSAGE][WARNING] - Timeout '0' is invalid. Using default page load timeout: '40'

2022-06-24 15:11:56 - [MESSAGE][PASSED] - Tapped on element 'Object Repository/Login Onboarding/PIN0'

2022-06-24 15:11:56 - [TEST_STEP][PASSED] - if (trxAmount[i] == "1"): null

2022-06-24 15:11:56 - [TEST_STEP][PASSED] - if (trxAmount[i] == "2"): null

2022-06-24 15:11:56 - [TEST_STEP][PASSED] - if (trxAmount[i] == "3"): null

2022-06-24 15:11:56 - [TEST_STEP][PASSED] - if (trxAmount[i] == "4"): null

2022-06-24 15:11:56 - [TEST_STEP][PASSED] - if (trxAmount[i] == "5"): null

2022-06-24 15:11:56 - [TEST_STEP][PASSED] - if (trxAmount[i] == "6"): null

2022-06-24 15:11:56 - [TEST_STEP][PASSED] - if (trxAmount[i] == "7"): null

2022-06-24 15:11:56 - [TEST_STEP][PASSED] - if (trxAmount[i] == "8"): null

2022-06-24 15:11:56 - [TEST_STEP][PASSED] - if (trxAmount[i] == "9"): null

2022-06-24 15:11:56 - [TEST_STEP][PASSED] - delay(3): Delayed 3 second(s)

2022-06-24 15:11:59 - [MESSAGE][PASSED] - Delayed 3 second(s)

2022-06-24 15:11:59 - [TEST_STEP][PASSED] - verifyElementText(findTestObject("Transfer/transferAmountInputValueTxt", ["value":checkValue]), checkValue): Actual text and expected text of test object 'Object Repository/Transfer/transferAmountInputValueTxt' are matched.

2022-06-24 15:11:59 - [MESSAGE][PASSED] - Actual text and expected text of test object 'Object Repository/Transfer/transferAmountInputValueTxt' are matched.

2022-06-24 15:11:59 - [TEST_STEP][PASSED] - delay(3): Delayed 3 second(s)

2022-06-24 15:12:02 - [MESSAGE][PASSED] - Delayed 3 second(s)

2022-06-24 15:12:02 - [TEST_STEP][PASSED] - tap(findTestObject("Login Onboarding/loginPinTickBtn"), 0): Tapped on element 'Object Repository/Login Onboarding/loginPinTickBtn'

2022-06-24 15:12:02 - [MESSAGE][WARNING] - Timeout '0' is invalid. Using default page load timeout: '40'

2022-06-24 15:12:02 - [MESSAGE][PASSED] - Tapped on element 'Object Repository/Login Onboarding/loginPinTickBtn'

2022-06-24 15:12:02 - [TEST_STEP][PASSED] - delay(3): Delayed 3 second(s)

2022-06-24 15:12:05 - [MESSAGE][PASSED] - Delayed 3 second(s)

2022-06-24 15:12:05 - [TEST_STEP][PASSED] - verifyElementText(findTestObject("Transfer/transferReferenceAccNameTxt", ["accName":accName]), accName): Actual text and expected text of test object 'Object Repository/Transfer/transferReferenceAccNameTxt' are matched.

2022-06-24 15:12:05 - [MESSAGE][PASSED] - Actual text and expected text of test object 'Object Repository/Transfer/transferReferenceAccNameTxt' are matched.

2022-06-24 15:12:05 - [TEST_STEP][PASSED] - verifyElementText(findTestObject("Transfer/transferReferenceAccNoTxt", ["accNo":accNo]), accNo): Actual text and expected text of test object 'Object Repository/Transfer/transferReferenceAccNoTxt' are matched.

2022-06-24 15:12:05 - [MESSAGE][PASSED] - Actual text and expected text of test object 'Object Repository/Transfer/transferReferenceAccNoTxt' are matched.

2022-06-24 15:12:05 - [TEST_STEP][PASSED] - verifyElementText(findTestObject("Transfer/transferReferenceAccBankTxt", ["accBank":accBank]), accBank): Actual text and expected text of test object 'Object Repository/Transfer/transferReferenceAccBankTxt' are matched.

2022-06-24 15:12:05 - [MESSAGE][PASSED] - Actual text and expected text of test object 'Object Repository/Transfer/transferReferenceAccBankTxt' are matched.

2022-06-24 15:12:05 - [TEST_STEP][PASSED] - verifyElementExist(findTestObject("Transfer/transferReferenceInputField"), 0): Element 'Object Repository/Transfer/transferReferenceInputField' is exist

2022-06-24 15:12:06 - [MESSAGE][WARNING] - Timeout '0' is invalid. Using default page load timeout: '40'

2022-06-24 15:12:06 - [MESSAGE][PASSED] - Element 'Object Repository/Transfer/transferReferenceInputField' is exist

2022-06-24 15:12:06 - [TEST_STEP][PASSED] - setText(findTestObject("Banking/transferReferenceInputField"), reference, 0): Text 'IBGInstantFav' has been set to element 'Object Repository/Banking/transferReferenceInputField'

2022-06-24 15:12:06 - [MESSAGE][WARNING] - Timeout '0' is invalid. Using default page load timeout: '40'

2022-06-24 15:12:06 - [MESSAGE][PASSED] - Text 'IBGInstantFav' has been set to element 'Object Repository/Banking/transferReferenceInputField'

2022-06-24 15:12:06 - [TEST_STEP][PASSED] - hideKeyboard(): Keyboard is hidden

2022-06-24 15:12:09 - [MESSAGE][PASSED] - Keyboard is hidden

2022-06-24 15:12:09 - [TEST_STEP][PASSED] - verifyElementText(findTestObject("Transfer/transferReferenceInputFieldAfter", ["reference":reference]), reference): Actual text and expected text of test object 'Object Repository/Transfer/transferReferenceInputFieldAfter' are matched.

2022-06-24 15:12:09 - [MESSAGE][PASSED] - Actual text and expected text of test object 'Object Repository/Transfer/transferReferenceInputFieldAfter' are matched.

2022-06-24 15:12:09 - [TEST_STEP][PASSED] - tap(findTestObject("Login Onboarding/loginExistingContinueBtn"), 0): Tapped on element 'Object Repository/Login Onboarding/loginExistingContinueBtn'

2022-06-24 15:12:09 - [MESSAGE][WARNING] - Timeout '0' is invalid. Using default page load timeout: '40'

2022-06-24 15:12:10 - [MESSAGE][PASSED] - Tapped on element 'Object Repository/Login Onboarding/loginExistingContinueBtn'

2022-06-24 15:12:10 - [TEST_STEP][PASSED] - verifyElementText(findTestObject("Transfer/transferReferenceAccNameTxt", ["accName":accName]), accName): Actual text and expected text of test object 'Object Repository/Transfer/transferReferenceAccNameTxt' are matched.

2022-06-24 15:12:10 - [MESSAGE][PASSED] - Actual text and expected text of test object 'Object Repository/Transfer/transferReferenceAccNameTxt' are matched.

2022-06-24 15:12:10 - [TEST_STEP][PASSED] - verifyElementText(findTestObject("Transfer/transferReferenceAccNoTxt", ["accNo":accNo]), accNo): Actual text and expected text of test object 'Object Repository/Transfer/transferReferenceAccNoTxt' are matched.

2022-06-24 15:12:10 - [MESSAGE][PASSED] - Actual text and expected text of test object 'Object Repository/Transfer/transferReferenceAccNoTxt' are matched.

2022-06-24 15:12:10 - [TEST_STEP][PASSED] - verifyElementText(findTestObject("Transfer/transferReferenceAccBankTxt", ["accBank":accBank]), accBank): Actual text and expected text of test object 'Object Repository/Transfer/transferReferenceAccBankTxt' are matched.

2022-06-24 15:12:10 - [MESSAGE][PASSED] - Actual text and expected text of test object 'Object Repository/Transfer/transferReferenceAccBankTxt' are matched.

2022-06-24 15:12:10 - [TEST_STEP][PASSED] - delay(3): Delayed 3 second(s)

2022-06-24 15:12:13 - [MESSAGE][PASSED] - Delayed 3 second(s)

2022-06-24 15:12:13 - [TEST_STEP][PASSED] - verifyElementExist(findTestObject("Transfer/instantTransferModeDuitTxt", ["mode":initialMode]), 0): Element 'Object Repository/Transfer/instantTransferModeDuitTxt' is exist

2022-06-24 15:12:13 - [MESSAGE][WARNING] - Timeout '0' is invalid. Using default page load timeout: '40'

2022-06-24 15:12:13 - [MESSAGE][PASSED] - Element 'Object Repository/Transfer/instantTransferModeDuitTxt' is exist

2022-06-24 15:12:13 - [TEST_STEP][PASSED] - tap(findTestObject("Transfer/instantTransferModeDuitTxt", ["mode":initialMode]), 0): Tapped on element 'Object Repository/Transfer/instantTransferModeDuitTxt'

2022-06-24 15:12:13 - [MESSAGE][WARNING] - Timeout '0' is invalid. Using default page load timeout: '40'

2022-06-24 15:12:13 - [MESSAGE][PASSED] - Tapped on element 'Object Repository/Transfer/instantTransferModeDuitTxt'

2022-06-24 15:12:13 - [TEST_STEP][PASSED] - delay(3): Delayed 3 second(s)

2022-06-24 15:12:16 - [MESSAGE][PASSED] - Delayed 3 second(s)

2022-06-24 15:12:16 - [TEST_STEP][PASSED] - scrollToText(selectedMode, STOP_ON_FAILURE): Scrolling to text 'GIRO' successfully

2022-06-24 15:12:17 - [MESSAGE][PASSED] - Scrolling to text 'GIRO' successfully

2022-06-24 15:12:17 - [TEST_STEP][PASSED] - tap(findTestObject("Transfer/instantTransferModeDropdownSelect", ["modeS":selectedMode]), 0): Tapped on element 'Object Repository/Transfer/instantTransferModeDropdownSelect'

2022-06-24 15:12:17 - [MESSAGE][WARNING] - Timeout '0' is invalid. Using default page load timeout: '40'

2022-06-24 15:12:17 - [MESSAGE][PASSED] - Tapped on element 'Object Repository/Transfer/instantTransferModeDropdownSelect'

2022-06-24 15:12:17 - [TEST_STEP][PASSED] - delay(3): Delayed 3 second(s)

2022-06-24 15:12:20 - [MESSAGE][PASSED] - Delayed 3 second(s)

2022-06-24 15:12:20 - [TEST_STEP][PASSED] - tap(findTestObject("Banking/transferModeDropdownDoneBtn"), 0): Tapped on element 'Object Repository/Banking/transferModeDropdownDoneBtn'

2022-06-24 15:12:20 - [MESSAGE][WARNING] - Timeout '0' is invalid. Using default page load timeout: '40'

2022-06-24 15:12:21 - [MESSAGE][PASSED] - Tapped on element 'Object Repository/Banking/transferModeDropdownDoneBtn'

2022-06-24 15:12:21 - [TEST_STEP][PASSED] - delay(3): Delayed 3 second(s)

2022-06-24 15:12:24 - [MESSAGE][PASSED] - Delayed 3 second(s)

2022-06-24 15:12:24 - [TEST_STEP][PASSED] - verifyElementExist(findTestObject("Transfer/instantTransferModeDuitTxt", ["mode":selectedMode]), 0): Element 'Object Repository/Transfer/instantTransferModeDuitTxt' is exist

2022-06-24 15:12:24 - [MESSAGE][WARNING] - Timeout '0' is invalid. Using default page load timeout: '40'

2022-06-24 15:12:24 - [MESSAGE][PASSED] - Element 'Object Repository/Transfer/instantTransferModeDuitTxt' is exist

2022-06-24 15:12:24 - [TEST_STEP][PASSED] - verifyElementExist(findTestObject("Transfer/instantTransferModeTitleTxt"), 0): Element 'Object Repository/Transfer/instantTransferModeTitleTxt' is exist

2022-06-24 15:12:24 - [MESSAGE][WARNING] - Timeout '0' is invalid. Using default page load timeout: '40'

2022-06-24 15:12:24 - [MESSAGE][PASSED] - Element 'Object Repository/Transfer/instantTransferModeTitleTxt' is exist

2022-06-24 15:12:24 - [TEST_STEP][PASSED] - verifyElementExist(findTestObject("Transfer/instantTransferTypeFundTxt"), 0): Element 'Object Repository/Transfer/instantTransferTypeFundTxt' is exist

2022-06-24 15:12:24 - [MESSAGE][WARNING] - Timeout '0' is invalid. Using default page load timeout: '40'

2022-06-24 15:12:24 - [MESSAGE][PASSED] - Element 'Object Repository/Transfer/instantTransferTypeFundTxt' is exist

2022-06-24 15:12:24 - [TEST_STEP][PASSED] - verifyElementExist(findTestObject("Transfer/instantTransferTypeTitleTxt"), 0): Element 'Object Repository/Transfer/instantTransferTypeTitleTxt' is exist

2022-06-24 15:12:24 - [MESSAGE][WARNING] - Timeout '0' is invalid. Using default page load timeout: '40'

2022-06-24 15:12:24 - [MESSAGE][PASSED] - Element 'Object Repository/Transfer/instantTransferTypeTitleTxt' is exist

2022-06-24 15:12:24 - [TEST_STEP][PASSED] - tap(findTestObject("Login Onboarding/loginExistingContinueBtn"), 0): Tapped on element 'Object Repository/Login Onboarding/loginExistingContinueBtn'

2022-06-24 15:12:24 - [MESSAGE][WARNING] - Timeout '0' is invalid. Using default page load timeout: '40'

2022-06-24 15:12:24 - [MESSAGE][PASSED] - Tapped on element 'Object Repository/Login Onboarding/loginExistingContinueBtn'

2022-06-24 15:12:24 - [TEST_STEP][PASSED] - verifyElementText(findTestObject("Transfer/transferConfirmationTransactionDateTxt"), trxDate): Actual text and expected text of test object 'Object Repository/Transfer/transferConfirmationTransactionDateTxt' are matched.

2022-06-24 15:12:28 - [MESSAGE][PASSED] - Actual text and expected text of test object 'Object Repository/Transfer/transferConfirmationTransactionDateTxt' are matched.

2022-06-24 15:12:28 - [TEST_STEP][PASSED] - verifyElementText(findTestObject("Transfer/transferConfirmationAccountNameTxt", ["accName":accName]), accName): Actual text and expected text of test object 'Object Repository/Transfer/transferConfirmationAccountNameTxt' are matched.

2022-06-24 15:12:28 - [MESSAGE][PASSED] - Actual text and expected text of test object 'Object Repository/Transfer/transferConfirmationAccountNameTxt' are matched.

2022-06-24 15:12:28 - [TEST_STEP][PASSED] - verifyElementText(findTestObject("Transfer/transferConfirmationAccountNoTxt", ["accNo":accNo]), accNo): Actual text and expected text of test object 'Object Repository/Transfer/transferConfirmationAccountNoTxt' are matched.

2022-06-24 15:12:29 - [MESSAGE][PASSED] - Actual text and expected text of test object 'Object Repository/Transfer/transferConfirmationAccountNoTxt' are matched.

2022-06-24 15:12:29 - [TEST_STEP][PASSED] - verifyElementText(findTestObject("Transfer/transferConfirmationAmountTxt", ["amount":amount]), amount): Actual text and expected text of test object 'Object Repository/Transfer/transferConfirmationAmountTxt' are matched.

2022-06-24 15:12:30 - [MESSAGE][PASSED] - Actual text and expected text of test object 'Object Repository/Transfer/transferConfirmationAmountTxt' are matched.

2022-06-24 15:12:30 - [TEST_STEP][PASSED] - verifyElementText(findTestObject("Transfer/transferConfirmationTransactionRecRefTxt", ["reference":reference]), reference): Actual text and expected text of test object 'Object Repository/Transfer/transferConfirmationTransactionRecRefTxt' are matched.

2022-06-24 15:12:30 - [MESSAGE][PASSED] - Actual text and expected text of test object 'Object Repository/Transfer/transferConfirmationTransactionRecRefTxt' are matched.

2022-06-24 15:12:30 - [TEST_STEP][PASSED] - verifyElementText(findTestObject("Transfer/transferConfirmationTransactionBankTxt", ["accBank":accBank]), accBank): Actual text and expected text of test object 'Object Repository/Transfer/transferConfirmationTransactionBankTxt' are matched.

2022-06-24 15:12:30 - [MESSAGE][PASSED] - Actual text and expected text of test object 'Object Repository/Transfer/transferConfirmationTransactionBankTxt' are matched.

2022-06-24 15:12:30 - [TEST_STEP][PASSED] - verifyElementText(findTestObject("Transfer/transferConfirmationOptionalGreyWordTxt"), "Optional"): Actual text and expected text of test object 'Object Repository/Transfer/transferConfirmationOptionalGreyWordTxt' are matched.

2022-06-24 15:12:30 - [MESSAGE][PASSED] - Actual text and expected text of test object 'Object Repository/Transfer/transferConfirmationOptionalGreyWordTxt' are matched.

2022-06-24 15:12:30 - [TEST_STEP][PASSED] - verifyElementText(findTestObject("Transfer/instantTransferConfirmationTransactionTypeTxt"), "Fund Transfer"): Actual text and expected text of test object 'Object Repository/Transfer/instantTransferConfirmationTransactionTypeTxt' are matched.

2022-06-24 15:12:30 - [MESSAGE][PASSED] - Actual text and expected text of test object 'Object Repository/Transfer/instantTransferConfirmationTransactionTypeTxt' are matched.

2022-06-24 15:12:30 - [TEST_STEP][PASSED] - verifyElementText(findTestObject("Transfer/instantTransferConfirmationTransactionModeTxt", ["modeC":selectedMode]), selectedMode): Actual text and expected text of test object 'Object Repository/Transfer/instantTransferConfirmationTransactionModeTxt' are matched.

2022-06-24 15:12:31 - [MESSAGE][PASSED] - Actual text and expected text of test object 'Object Repository/Transfer/instantTransferConfirmationTransactionModeTxt' are matched.

2022-06-24 15:12:31 - [TEST_STEP][PASSED] - verifyElementText(findTestObject("Transfer/instantTransferConfirmationTransactionServiceTxt"), "RM 0.00"): Actual text and expected text of test object 'Object Repository/Transfer/instantTransferConfirmationTransactionServiceTxt' are matched.

2022-06-24 15:12:31 - [MESSAGE][PASSED] - Actual text and expected text of test object 'Object Repository/Transfer/instantTransferConfirmationTransactionServiceTxt' are matched.

2022-06-24 15:12:31 - [TEST_STEP][PASSED] - verifyElementExist(findTestObject("Transfer/transferConfirmationBankNameTitleTxt"), 0): Element 'Object Repository/Transfer/transferConfirmationBankNameTitleTxt' is exist

2022-06-24 15:12:31 - [MESSAGE][WARNING] - Timeout '0' is invalid. Using default page load timeout: '40'

2022-06-24 15:12:31 - [MESSAGE][PASSED] - Element 'Object Repository/Transfer/transferConfirmationBankNameTitleTxt' is exist

2022-06-24 15:12:31 - [TEST_STEP][PASSED] - verifyElementExist(findTestObject("Transfer/transferConfirmationDateTitleTxt"), 0): Element 'Object Repository/Transfer/transferConfirmationDateTitleTxt' is exist

2022-06-24 15:12:31 - [MESSAGE][WARNING] - Timeout '0' is invalid. Using default page load timeout: '40'

2022-06-24 15:12:31 - [MESSAGE][PASSED] - Element 'Object Repository/Transfer/transferConfirmationDateTitleTxt' is exist

2022-06-24 15:12:31 - [TEST_STEP][PASSED] - verifyElementExist(findTestObject("Transfer/transferConfirmationRecRefTitleTxt"), 0): Element 'Object Repository/Transfer/transferConfirmationRecRefTitleTxt' is exist

2022-06-24 15:12:31 - [MESSAGE][WARNING] - Timeout '0' is invalid. Using default page load timeout: '40'

2022-06-24 15:12:31 - [MESSAGE][PASSED] - Element 'Object Repository/Transfer/transferConfirmationRecRefTitleTxt' is exist

2022-06-24 15:12:31 - [TEST_STEP][PASSED] - verifyElementExist(findTestObject("Transfer/transferConfirmationPaymentDetailsTitleTxt"), 0): Element 'Object Repository/Transfer/transferConfirmationPaymentDetailsTitleTxt' is exist

2022-06-24 15:12:31 - [MESSAGE][WARNING] - Timeout '0' is invalid. Using default page load timeout: '40'

2022-06-24 15:12:31 - [MESSAGE][PASSED] - Element 'Object Repository/Transfer/transferConfirmationPaymentDetailsTitleTxt' is exist

2022-06-24 15:12:31 - [TEST_STEP][PASSED] - verifyElementExist(findTestObject("Transfer/instantTransferConfirmationModeTitleTxt"), 0): Element 'Object Repository/Transfer/instantTransferConfirmationModeTitleTxt' is exist

2022-06-24 15:12:31 - [MESSAGE][WARNING] - Timeout '0' is invalid. Using default page load timeout: '40'

2022-06-24 15:12:32 - [MESSAGE][PASSED] - Element 'Object Repository/Transfer/instantTransferConfirmationModeTitleTxt' is exist

2022-06-24 15:12:32 - [TEST_STEP][PASSED] - verifyElementExist(findTestObject("Transfer/instantTransferConfirmationServiceFeeTitleTxt"), 0): Element 'Object Repository/Transfer/instantTransferConfirmationServiceFeeTitleTxt' is exist

2022-06-24 15:12:32 - [MESSAGE][WARNING] - Timeout '0' is invalid. Using default page load timeout: '40'

2022-06-24 15:12:32 - [MESSAGE][PASSED] - Element 'Object Repository/Transfer/instantTransferConfirmationServiceFeeTitleTxt' is exist

2022-06-24 15:12:32 - [TEST_STEP][PASSED] - verifyElementExist(findTestObject("Transfer/instantTransferConfirmationTypeTitleTxt"), 0): Element 'Object Repository/Transfer/instantTransferConfirmationTypeTitleTxt' is exist

2022-06-24 15:12:32 - [MESSAGE][WARNING] - Timeout '0' is invalid. Using default page load timeout: '40'

2022-06-24 15:12:32 - [MESSAGE][PASSED] - Element 'Object Repository/Transfer/instantTransferConfirmationTypeTitleTxt' is exist

2022-06-24 15:12:32 - [TEST_STEP][PASSED] - verifyElementExist(findTestObject("Transfer/transferConfirmationNoteTitleTxt"), 0): Element 'Object Repository/Transfer/transferConfirmationNoteTitleTxt' is exist

2022-06-24 15:12:32 - [MESSAGE][WARNING] - Timeout '0' is invalid. Using default page load timeout: '40'

2022-06-24 15:12:32 - [MESSAGE][PASSED] - Element 'Object Repository/Transfer/transferConfirmationNoteTitleTxt' is exist

2022-06-24 15:12:32 - [TEST_STEP][PASSED] - tap(findTestObject("Transfer/transferConfirmationOptionalGreyWordTxt"), 0): Tapped on element 'Object Repository/Transfer/transferConfirmationOptionalGreyWordTxt'

2022-06-24 15:12:32 - [MESSAGE][WARNING] - Timeout '0' is invalid. Using default page load timeout: '40'

2022-06-24 15:12:32 - [MESSAGE][PASSED] - Tapped on element 'Object Repository/Transfer/transferConfirmationOptionalGreyWordTxt'

2022-06-24 15:12:32 - [TEST_STEP][PASSED] - setText(findTestObject("Transfer/transferConfirmationDetailsInputField"), "Test Fav", 0): Text 'Test Fav' has been set to element 'Object Repository/Transfer/transferConfirmationDetailsInputField'

2022-06-24 15:12:32 - [MESSAGE][WARNING] - Timeout '0' is invalid. Using default page load timeout: '40'

2022-06-24 15:12:35 - [MESSAGE][PASSED] - Text 'Test Fav' has been set to element 'Object Repository/Transfer/transferConfirmationDetailsInputField'

2022-06-24 15:12:35 - [TEST_STEP][PASSED] - hideKeyboard(): Keyboard is hidden

2022-06-24 15:12:37 - [MESSAGE][PASSED] - Keyboard is hidden

2022-06-24 15:12:37 - [TEST_STEP][PASSED] - verifyElementText(findTestObject("Transfer/transferConfirmationOptionalGreyWordTxt"), "Test Fav"): Actual text and expected text of test object 'Object Repository/Transfer/transferConfirmationOptionalGreyWordTxt' are matched.

2022-06-24 15:12:37 - [MESSAGE][PASSED] - Actual text and expected text of test object 'Object Repository/Transfer/transferConfirmationOptionalGreyWordTxt' are matched.

2022-06-24 15:12:37 - [TEST_STEP][PASSED] - device_Height_2 = getDeviceHeight(): Current device physical height is 2167

2022-06-24 15:12:37 - [MESSAGE][PASSED] - Current device physical height is 2167

2022-06-24 15:12:37 - [TEST_STEP][PASSED] - device_Width_2 = getDeviceWidth(): Current device physical width is 1080

2022-06-24 15:12:38 - [MESSAGE][PASSED] - Current device physical width is 1080

2022-06-24 15:12:38 - [TEST_STEP][PASSED] - startX_2 = device_Width_2 / 2: null

2022-06-24 15:12:38 - [TEST_STEP][PASSED] - endX_2 = startX_2: null

2022-06-24 15:12:38 - [TEST_STEP][PASSED] - startY_2 = device_Height_2 * 0.30: null

2022-06-24 15:12:38 - [TEST_STEP][PASSED] - endY_2 = device_Height_2 * 0.70: null

2022-06-24 15:12:38 - [TEST_STEP][PASSED] - swipe(startX_2, endY_2, endX_2, startY_2): Swiped from 540,1,516 to 540,650

2022-06-24 15:12:39 - [MESSAGE][PASSED] - Swiped from 540,1,516 to 540,650

2022-06-24 15:12:39 - [TEST_STEP][PASSED] - verifyElementExist(findTestObject("Transfer/instantTransferConfirmationNotes1Txt"), 0): Element 'Object Repository/Transfer/instantTransferConfirmationNotes1Txt' is exist

2022-06-24 15:12:39 - [MESSAGE][WARNING] - Timeout '0' is invalid. Using default page load timeout: '40'

2022-06-24 15:12:39 - [MESSAGE][PASSED] - Element 'Object Repository/Transfer/instantTransferConfirmationNotes1Txt' is exist

2022-06-24 15:12:39 - [TEST_STEP][PASSED] - verifyElementExist(findTestObject("Transfer/transferConfirmationFTransferFromTitleTxt"), 0): Element 'Object Repository/Transfer/transferConfirmationFTransferFromTitleTxt' is exist

2022-06-24 15:12:40 - [MESSAGE][WARNING] - Timeout '0' is invalid. Using default page load timeout: '40'

2022-06-24 15:12:40 - [MESSAGE][PASSED] - Element 'Object Repository/Transfer/transferConfirmationFTransferFromTitleTxt' is exist

2022-06-24 15:12:40 - [TEST_STEP][PASSED] - verifyElementExist(findTestObject("Transfer/instantTransferConfirmationNotes2Txt"), 0): Element 'Object Repository/Transfer/instantTransferConfirmationNotes2Txt' is exist

2022-06-24 15:12:40 - [MESSAGE][WARNING] - Timeout '0' is invalid. Using default page load timeout: '40'

2022-06-24 15:12:40 - [MESSAGE][PASSED] - Element 'Object Repository/Transfer/instantTransferConfirmationNotes2Txt' is exist

2022-06-24 15:12:40 - [TEST_STEP][PASSED] - verifyElementText(findTestObject("Transfer/transferConfirmationFromAccTypeTxt", ["accType":accType]), accType): Actual text and expected text of test object 'Object Repository/Transfer/transferConfirmationFromAccTypeTxt' are matched.

2022-06-24 15:12:40 - [MESSAGE][PASSED] - Actual text and expected text of test object 'Object Repository/Transfer/transferConfirmationFromAccTypeTxt' are matched.

2022-06-24 15:12:40 - [TEST_STEP][PASSED] - verifyElementText(findTestObject("Transfer/transferConfirmationFromAccNoTxt", ["accNoFrom":accNoFrom]), accNoFrom): Actual text and expected text of test object 'Object Repository/Transfer/transferConfirmationFromAccNoTxt' are matched.

2022-06-24 15:12:40 - [MESSAGE][PASSED] - Actual text and expected text of test object 'Object Repository/Transfer/transferConfirmationFromAccNoTxt' are matched.

2022-06-24 15:12:40 - [TEST_STEP][PASSED] - verifyElementExist(findTestObject("Transfer/transferConfirmationFromAccBalanceTxt"), 0): Element 'Object Repository/Transfer/transferConfirmationFromAccBalanceTxt' is exist

2022-06-24 15:12:40 - [MESSAGE][WARNING] - Timeout '0' is invalid. Using default page load timeout: '40'

2022-06-24 15:12:41 - [MESSAGE][PASSED] - Element 'Object Repository/Transfer/transferConfirmationFromAccBalanceTxt' is exist

2022-06-24 15:12:41 - [TEST_STEP][PASSED] - accountBalance = getText(findTestObject("Transfer/transferConfirmationFromAccBalanceTxt"), 0): Text of element 'Object Repository/Transfer/transferConfirmationFromAccBalanceTxt' is: 'RM 2,012.93'

2022-06-24 15:12:41 - [MESSAGE][WARNING] - Timeout '0' is invalid. Using default page load timeout: '40'

2022-06-24 15:12:41 - [MESSAGE][PASSED] - Text of element 'Object Repository/Transfer/transferConfirmationFromAccBalanceTxt' is: 'RM 2,012.93'

2022-06-24 15:12:41 - [TEST_STEP][PASSED] - println(accountBalance): null

2022-06-24 15:12:41 - [TEST_STEP][PASSED] - tap(findTestObject("Main/mainTransferNowBtn"), 0): Tapped on element 'Object Repository/Main/mainTransferNowBtn'

2022-06-24 15:12:41 - [MESSAGE][WARNING] - Timeout '0' is invalid. Using default page load timeout: '40'

2022-06-24 15:12:41 - [MESSAGE][PASSED] - Tapped on element 'Object Repository/Main/mainTransferNowBtn'

2022-06-24 15:12:41 - [TEST_STEP][PASSED] - if (verifyElementVisible(findTestObject("Festive Season/seasonalGreetingAngpaoTACNoTxt"), 10, OPTIONAL)): Element 'Object Repository/Main/mainS2UApproveBtn' not found

2022-06-24 15:12:51 - [MESSAGE][WARNING] - Element 'Object Repository/Festive Season/seasonalGreetingAngpaoTACNoTxt' not found

2022-06-24 15:13:01 - [MESSAGE][WARNING] - Element 'Object Repository/Main/mainS2UApproveBtn' not found

2022-06-24 15:13:01 - [TEST_STEP][PASSED] - delay(10): Delayed 10 second(s)

2022-06-24 15:13:11 - [MESSAGE][PASSED] - Delayed 10 second(s)

2022-06-24 15:13:11 - [TEST_STEP][PASSED] - verifyElementExist(findTestObject("Festive Season/returnAngpaoStatusMessageTxt"), 0): Element 'Object Repository/Festive Season/returnAngpaoStatusMessageTxt' is exist

2022-06-24 15:13:11 - [MESSAGE][WARNING] - Timeout '0' is invalid. Using default page load timeout: '40'

2022-06-24 15:13:11 - [MESSAGE][PASSED] - Element 'Object Repository/Festive Season/returnAngpaoStatusMessageTxt' is exist

2022-06-24 15:13:11 - [TEST_STEP][PASSED] - message = getText(findTestObject("Festive Season/returnAngpaoStatusMessageTxt"), 0): Text of element 'Object Repository/Festive Season/returnAngpaoStatusMessageTxt' is: 'Transfer failed'

2022-06-24 15:13:11 - [MESSAGE][WARNING] - Timeout '0' is invalid. Using default page load timeout: '40'

2022-06-24 15:13:11 - [MESSAGE][PASSED] - Text of element 'Object Repository/Festive Season/returnAngpaoStatusMessageTxt' is: 'Transfer failed'

2022-06-24 15:13:11 - [TEST_STEP][PASSED] - println(message): null

2022-06-24 15:13:11 - [TEST_STEP][FAILED] - assert message == successTransactionMessage: Test Cases/Transfer/transfer_instantIBGFav FAILED.
Reason:
Assertion failed: 

assert message == successTransactionMessage
       |       |  |
       |       |  Transfer accepted
       |       false
       Transfer failed

	at transfer_instantIBGFav.run(transfer_instantIBGFav:368)
	at com.kms.katalon.core.main.ScriptEngine.run(ScriptEngine.java:194)
	at com.kms.katalon.core.main.ScriptEngine.runScriptAsRawText(ScriptEngine.java:119)
	at com.kms.katalon.core.main.TestCaseExecutor.runScript(TestCaseExecutor.java:445)
	at com.kms.katalon.core.main.TestCaseExecutor.doExecute(TestCaseExecutor.java:436)
	at com.kms.katalon.core.main.TestCaseExecutor.processExecutionPhase(TestCaseExecutor.java:415)
	at com.kms.katalon.core.main.TestCaseExecutor.accessMainPhase(TestCaseExecutor.java:407)
	at com.kms.katalon.core.main.TestCaseExecutor.execute(TestCaseExecutor.java:284)
	at com.kms.katalon.core.common.CommonExecutor.accessTestCaseMainPhase(CommonExecutor.java:65)
	at com.kms.katalon.core.main.TestSuiteExecutor.accessTestSuiteMainPhase(TestSuiteExecutor.java:144)
	at com.kms.katalon.core.main.TestSuiteExecutor.execute(TestSuiteExecutor.java:106)
	at com.kms.katalon.core.main.TestCaseMain.startTestSuite(TestCaseMain.java:185)
	at com.kms.katalon.core.main.TestCaseMain$startTestSuite$0.call(Unknown Source)
	at TempTestSuite1656052741094.run(TempTestSuite1656052741094.groovy:36)


2022-06-24 15:13:11 - [MESSAGE][FAILED] - Test Cases/Transfer/transfer_instantIBGFav FAILED.
Reason:
Assertion failed: 

assert message == successTransactionMessage
       |       |  |
       |       |  Transfer accepted
       |       false
       Transfer failed

	at transfer_instantIBGFav.run(transfer_instantIBGFav:368)
	at com.kms.katalon.core.main.ScriptEngine.run(ScriptEngine.java:194)
	at com.kms.katalon.core.main.ScriptEngine.runScriptAsRawText(ScriptEngine.java:119)
	at com.kms.katalon.core.main.TestCaseExecutor.runScript(TestCaseExecutor.java:445)
	at com.kms.katalon.core.main.TestCaseExecutor.doExecute(TestCaseExecutor.java:436)
	at com.kms.katalon.core.main.TestCaseExecutor.processExecutionPhase(TestCaseExecutor.java:415)
	at com.kms.katalon.core.main.TestCaseExecutor.accessMainPhase(TestCaseExecutor.java:407)
	at com.kms.katalon.core.main.TestCaseExecutor.execute(TestCaseExecutor.java:284)
	at com.kms.katalon.core.common.CommonExecutor.accessTestCaseMainPhase(CommonExecutor.java:65)
	at com.kms.katalon.core.main.TestSuiteExecutor.accessTestSuiteMainPhase(TestSuiteExecutor.java:144)
	at com.kms.katalon.core.main.TestSuiteExecutor.execute(TestSuiteExecutor.java:106)
	at com.kms.katalon.core.main.TestCaseMain.startTestSuite(TestCaseMain.java:185)
	at com.kms.katalon.core.main.TestCaseMain$startTestSuite$0.call(Unknown Source)
	at TempTestSuite1656052741094.run(TempTestSuite1656052741094.groovy:36)]]></system-out>
         <system-err><![CDATA[2022-06-24 15:06:43 - [TEST_CASE][FAILED] - Test Cases/Transfer/transfer_instantIBGFav: Test Cases/Transfer/transfer_instantIBGFav FAILED.
Reason:
Assertion failed: 

assert message == successTransactionMessage
       |       |  |
       |       |  Transfer accepted
       |       false
       Transfer failed

	at transfer_instantIBGFav.run(transfer_instantIBGFav:368)
	at com.kms.katalon.core.main.ScriptEngine.run(ScriptEngine.java:194)
	at com.kms.katalon.core.main.ScriptEngine.runScriptAsRawText(ScriptEngine.java:119)
	at com.kms.katalon.core.main.TestCaseExecutor.runScript(TestCaseExecutor.java:445)
	at com.kms.katalon.core.main.TestCaseExecutor.doExecute(TestCaseExecutor.java:436)
	at com.kms.katalon.core.main.TestCaseExecutor.processExecutionPhase(TestCaseExecutor.java:415)
	at com.kms.katalon.core.main.TestCaseExecutor.accessMainPhase(TestCaseExecutor.java:407)
	at com.kms.katalon.core.main.TestCaseExecutor.execute(TestCaseExecutor.java:284)
	at com.kms.katalon.core.common.CommonExecutor.accessTestCaseMainPhase(CommonExecutor.java:65)
	at com.kms.katalon.core.main.TestSuiteExecutor.accessTestSuiteMainPhase(TestSuiteExecutor.java:144)
	at com.kms.katalon.core.main.TestSuiteExecutor.execute(TestSuiteExecutor.java:106)
	at com.kms.katalon.core.main.TestCaseMain.startTestSuite(TestCaseMain.java:185)
	at com.kms.katalon.core.main.TestCaseMain$startTestSuite$0.call(Unknown Source)
	at TempTestSuite1656052741094.run(TempTestSuite1656052741094.groovy:36)]]></system-err>
      </testcase>
      <system-out><![CDATA[2022-06-24 14:39:10 - [TEST_SUITE][FAILED] - Regress 3: Test Cases/Transfer/transfer_instantTransferIBG FAILED.
Reason:
Assertion failed: 

assert message == successTransactionMessage
       |       |  |
       |       |  Transfer accepted
       |       false
       Transfer failed

	at transfer_instantTransferIBG.run(transfer_instantTransferIBG:396)
	at com.kms.katalon.core.main.ScriptEngine.run(ScriptEngine.java:194)
	at com.kms.katalon.core.main.ScriptEngine.runScriptAsRawText(ScriptEngine.java:119)
	at com.kms.katalon.core.main.TestCaseExecutor.runScript(TestCaseExecutor.java:445)
	at com.kms.katalon.core.main.TestCaseExecutor.doExecute(TestCaseExecutor.java:436)
	at com.kms.katalon.core.main.TestCaseExecutor.processExecutionPhase(TestCaseExecutor.java:415)
	at com.kms.katalon.core.main.TestCaseExecutor.accessMainPhase(TestCaseExecutor.java:407)
	at com.kms.katalon.core.main.TestCaseExecutor.execute(TestCaseExecutor.java:284)
	at com.kms.katalon.core.common.CommonExecutor.accessTestCaseMainPhase(CommonExecutor.java:65)
	at com.kms.katalon.core.main.TestSuiteExecutor.accessTestSuiteMainPhase(TestSuiteExecutor.java:144)
	at com.kms.katalon.core.main.TestSuiteExecutor.execute(TestSuiteExecutor.java:106)
	at com.kms.katalon.core.main.TestCaseMain.startTestSuite(TestCaseMain.java:185)
	at com.kms.katalon.core.main.TestCaseMain$startTestSuite$0.call(Unknown Source)
	at TempTestSuite1656052741094.run(TempTestSuite1656052741094.groovy:36)]]></system-out>
      <system-err><![CDATA[2022-06-24 14:39:10 - [TEST_SUITE][FAILED] - Regress 3: Test Cases/Transfer/transfer_instantTransferIBG FAILED.
Reason:
Assertion failed: 

assert message == successTransactionMessage
       |       |  |
       |       |  Transfer accepted
       |       false
       Transfer failed

	at transfer_instantTransferIBG.run(transfer_instantTransferIBG:396)
	at com.kms.katalon.core.main.ScriptEngine.run(ScriptEngine.java:194)
	at com.kms.katalon.core.main.ScriptEngine.runScriptAsRawText(ScriptEngine.java:119)
	at com.kms.katalon.core.main.TestCaseExecutor.runScript(TestCaseExecutor.java:445)
	at com.kms.katalon.core.main.TestCaseExecutor.doExecute(TestCaseExecutor.java:436)
	at com.kms.katalon.core.main.TestCaseExecutor.processExecutionPhase(TestCaseExecutor.java:415)
	at com.kms.katalon.core.main.TestCaseExecutor.accessMainPhase(TestCaseExecutor.java:407)
	at com.kms.katalon.core.main.TestCaseExecutor.execute(TestCaseExecutor.java:284)
	at com.kms.katalon.core.common.CommonExecutor.accessTestCaseMainPhase(CommonExecutor.java:65)
	at com.kms.katalon.core.main.TestSuiteExecutor.accessTestSuiteMainPhase(TestSuiteExecutor.java:144)
	at com.kms.katalon.core.main.TestSuiteExecutor.execute(TestSuiteExecutor.java:106)
	at com.kms.katalon.core.main.TestCaseMain.startTestSuite(TestCaseMain.java:185)
	at com.kms.katalon.core.main.TestCaseMain$startTestSuite$0.call(Unknown Source)
	at TempTestSuite1656052741094.run(TempTestSuite1656052741094.groovy:36)]]></system-err>
   </testsuite>
</testsuites>
