<?xml version="1.0" encoding="UTF-8"?>
<testsuites name="Regress 5" time="3031.808" tests="10" failures="4" errors="0">
   <testsuite name="Regress 5" tests="10" failures="4" errors="0" time="3031.808" skipped="0" timestamp="2022-06-27 13:05:45" hostname="a00139272 - localhost" id="Test Suites/Regress 5">
      <properties>
         <property name="deviceName" value="Xiaomi 21061119AG (Android 11)"/>
         <property name="devicePlatform" value=""/>
         <property name="logFolder" value="/Users/a00139272/git/MAE-BAU-MY/Reports/20220627_130535/Regress 5/20220627_130535"/>
         <property name="logFiles" value="/Users/a00139272/git/MAE-BAU-MY/Reports/20220627_130535/Regress 5/20220627_130535/execution0.log, /Users/a00139272/git/MAE-BAU-MY/Reports/20220627_130535/Regress 5/20220627_130535/appium.log"/>
         <property name="attachments" value="/Users/a00139272/Desktop/Screenshot/asnbTransfer.png, /Users/a00139272/Desktop/Screenshot/instantThirdParty.png, /Users/a00139272/Desktop/Screenshot/thirdPartyFuture.png, /Users/a00139272/Desktop/Screenshot/thirdPartySetFav.png, /Users/a00139272/Desktop/Screenshot/thirdPartyFav.png, /Users/a00139272/git/MAEAutomation2/Duitnow/1.png, /Users/a00139272/git/MAEAutomation2/Duitnow/2.png, /Users/a00139272/git/MAEAutomation2/Duitnow/3.png, /Users/a00139272/git/MAEAutomation2/Duitnow/1.png, /Users/a00139272/Desktop/Screenshot/duitNowMobile.png, /Users/a00139272/Desktop/Screenshot/duitNowBReg.png, /Users/a00139272/Desktop/Screenshot/duitNowRecurring.png, /Users/a00139272/Desktop/Screenshot/duitNowAddFav.png, /Users/a00139272/Desktop/Screenshot/duitNowFav.png"/>
         <property name="hostName" value="a00139272 - localhost"/>
         <property name="os" value="Mac OS X 64bit"/>
         <property name="appiumServerStatus" value="{&quot;value&quot;:{&quot;build&quot;:{&quot;version&quot;:&quot;1.22.1&quot;}},&quot;sessionId&quot;:null,&quot;status&quot;:0}"/>
         <property name="katalonVersion" value="8.3.5.208"/>
         <property name="deviceOS" value="Android"/>
         <property name="appiumVersion" value="1.22.1"/>
         <property name="deviceModel" value="21061119AG"/>
         <property name="hostAddress" value="127.0.0.1"/>
         <property name="deviceManufacturer" value="Xiaomi"/>
         <property name="deviceId" value="002b9cc60508"/>
         <property name="deviceName" value="Xiaomi 21061119AG (Android 11)"/>
         <property name="deviceOSVersion" value="11"/>
      </properties>
      <testcase name="Test Cases/Transfer/asnb_asnbTransfer" time="549.249" classname="Test Cases/Transfer/asnb_asnbTransfer" status="PASSED">
         <system-out><![CDATA[2022-06-27 13:05:46 - [TEST_CASE][PASSED] - Test Cases/Transfer/asnb_asnbTransfer: Test Cases/Transfer/asnb_asnbTransfer

2022-06-27 13:05:46 - [TEST_STEP][PASSED] - setMobileDriverPreferencesProperty("appPackage", "com.maybank2u.life.sit"): null

2022-06-27 13:05:46 - [TEST_STEP][PASSED] - setMobileDriverPreferencesProperty("appActivity", "com.maybank2u.life.MainActivity"): null

2022-06-27 13:05:46 - [TEST_STEP][PASSED] - startApplication("/Users/a00139272/Katalon Studio/MAE/androidapp/app-sit-universal-release-copy.apk", false): Started app at: '/Users/a00139272/Katalon Studio/MAE/androidapp/app-sit-universal-release-copy.apk'

2022-06-27 13:05:46 - [MESSAGE][INFO] - User set preference: ['appWaitActivity', '*']

2022-06-27 13:05:46 - [MESSAGE][INFO] - User set preference: ['deviceId', '002b9cc60508']

2022-06-27 13:05:46 - [MESSAGE][INFO] - User set preference: ['appPackage', 'com.maybank2u.life.sit']

2022-06-27 13:05:46 - [MESSAGE][INFO] - User set preference: ['appActivity', 'com.maybank2u.life.MainActivity']

2022-06-27 13:05:47 - [MESSAGE][INFO] - Detected NodeJS location: "/usr/local/Cellar/node/17.0.1/bin/node"

2022-06-27 13:05:48 - [MESSAGE][INFO] - Appium server started on port 58,908

2022-06-27 13:06:01 - [MESSAGE][PASSED] - Started app at: '/Users/a00139272/Katalon Studio/MAE/androidapp/app-sit-universal-release-copy.apk'

2022-06-27 13:06:01 - [TEST_STEP][PASSED] - delay(5): Delayed 5 second(s)

2022-06-27 13:06:06 - [MESSAGE][PASSED] - Delayed 5 second(s)

2022-06-27 13:06:06 - [TEST_STEP][PASSED] - device_Height = getDeviceHeight(): Current device physical height is 2167

2022-06-27 13:06:06 - [MESSAGE][PASSED] - Current device physical height is 2167

2022-06-27 13:06:06 - [TEST_STEP][PASSED] - device_Width = getDeviceWidth(): Current device physical width is 1080

2022-06-27 13:06:06 - [MESSAGE][PASSED] - Current device physical width is 1080

2022-06-27 13:06:06 - [TEST_STEP][PASSED] - startX = device_Width / 3: null

2022-06-27 13:06:06 - [TEST_STEP][PASSED] - startY = device_Height * 0.97: null

2022-06-27 13:06:06 - [TEST_STEP][PASSED] - tapAtPosition(startX, startY): Tapped at [360, 2,101]

2022-06-27 13:06:07 - [MESSAGE][PASSED] - Tapped at [360, 2,101]

2022-06-27 13:06:07 - [TEST_STEP][PASSED] - if (verifyElementVisible(findTestObject("Main/mainEnterPINMessage"), 0, OPTIONAL)): null

2022-06-27 13:06:07 - [MESSAGE][WARNING] - Timeout '0' is invalid. Using default page load timeout: '40'

2022-06-27 13:06:08 - [MESSAGE][PASSED] - Element 'Object Repository/Main/mainEnterPINMessage' is visible

2022-06-27 13:06:08 - [TEST_STEP][PASSED] - tap(findTestObject("Login Onboarding/PIN1"), 0): Tapped on element 'Object Repository/Login Onboarding/PIN1'

2022-06-27 13:06:08 - [MESSAGE][WARNING] - Timeout '0' is invalid. Using default page load timeout: '40'

2022-06-27 13:06:09 - [MESSAGE][PASSED] - Tapped on element 'Object Repository/Login Onboarding/PIN1'

2022-06-27 13:06:09 - [TEST_STEP][PASSED] - tap(findTestObject("Login Onboarding/PIN1"), 0): Tapped on element 'Object Repository/Login Onboarding/PIN1'

2022-06-27 13:06:09 - [MESSAGE][WARNING] - Timeout '0' is invalid. Using default page load timeout: '40'

2022-06-27 13:06:11 - [MESSAGE][PASSED] - Tapped on element 'Object Repository/Login Onboarding/PIN1'

2022-06-27 13:06:11 - [TEST_STEP][PASSED] - tap(findTestObject("Login Onboarding/PIN1"), 0): Tapped on element 'Object Repository/Login Onboarding/PIN1'

2022-06-27 13:06:11 - [MESSAGE][WARNING] - Timeout '0' is invalid. Using default page load timeout: '40'

2022-06-27 13:06:13 - [MESSAGE][PASSED] - Tapped on element 'Object Repository/Login Onboarding/PIN1'

2022-06-27 13:06:13 - [TEST_STEP][PASSED] - tap(findTestObject("Login Onboarding/PIN1"), 0): Tapped on element 'Object Repository/Login Onboarding/PIN1'

2022-06-27 13:06:13 - [MESSAGE][WARNING] - Timeout '0' is invalid. Using default page load timeout: '40'

2022-06-27 13:06:14 - [MESSAGE][PASSED] - Tapped on element 'Object Repository/Login Onboarding/PIN1'

2022-06-27 13:06:14 - [TEST_STEP][PASSED] - tap(findTestObject("Login Onboarding/PIN1"), 0): Tapped on element 'Object Repository/Login Onboarding/PIN1'

2022-06-27 13:06:15 - [MESSAGE][WARNING] - Timeout '0' is invalid. Using default page load timeout: '40'

2022-06-27 13:06:16 - [MESSAGE][PASSED] - Tapped on element 'Object Repository/Login Onboarding/PIN1'

2022-06-27 13:06:16 - [TEST_STEP][PASSED] - tap(findTestObject("Login Onboarding/PIN2"), 0): Tapped on element 'Object Repository/Login Onboarding/PIN2'

2022-06-27 13:06:16 - [MESSAGE][WARNING] - Timeout '0' is invalid. Using default page load timeout: '40'

2022-06-27 13:06:18 - [MESSAGE][PASSED] - Tapped on element 'Object Repository/Login Onboarding/PIN2'

2022-06-27 13:06:18 - [TEST_STEP][PASSED] - delay(2): Delayed 2 second(s)

2022-06-27 13:06:20 - [MESSAGE][PASSED] - Delayed 2 second(s)

2022-06-27 13:06:20 - [TEST_STEP][PASSED] - verifyElementVisible(findTestObject("Banking/m2uAccountTypeSelection", ["text":"MAE"]), 10): Element 'Object Repository/Banking/m2uAccountTypeSelection' is visible

2022-06-27 13:06:27 - [MESSAGE][PASSED] - Element 'Object Repository/Banking/m2uAccountTypeSelection' is visible

2022-06-27 13:06:27 - [TEST_STEP][PASSED] - tap(findTestObject("Banking/m2uAccountTypeSelection", ["text":"MAE"]), 10): Tapped on element 'Object Repository/Banking/m2uAccountTypeSelection'

2022-06-27 13:06:27 - [MESSAGE][PASSED] - Tapped on element 'Object Repository/Banking/m2uAccountTypeSelection'

2022-06-27 13:06:27 - [TEST_STEP][PASSED] - delay(5): Delayed 5 second(s)

2022-06-27 13:06:32 - [MESSAGE][PASSED] - Delayed 5 second(s)

2022-06-27 13:06:32 - [TEST_STEP][PASSED] - tap(findTestObject("Banking/m2uAccountTransferIconSelect"), 0): Tapped on element 'Object Repository/Banking/m2uAccountTransferIconSelect'

2022-06-27 13:06:32 - [MESSAGE][WARNING] - Timeout '0' is invalid. Using default page load timeout: '40'

2022-06-27 13:06:33 - [MESSAGE][PASSED] - Tapped on element 'Object Repository/Banking/m2uAccountTransferIconSelect'

2022-06-27 13:06:33 - [TEST_STEP][PASSED] - delay(3): Delayed 3 second(s)

2022-06-27 13:06:36 - [MESSAGE][PASSED] - Delayed 3 second(s)

2022-06-27 13:06:36 - [TEST_STEP][PASSED] - if (verifyElementVisible(findTestObject("Tabung/tabungEnterPasswordTxt"), 0, OPTIONAL)): null

2022-06-27 13:06:36 - [MESSAGE][WARNING] - Timeout '0' is invalid. Using default page load timeout: '40'

2022-06-27 13:07:26 - [MESSAGE][PASSED] - Element 'Object Repository/Tabung/tabungEnterPasswordTxt' is visible

2022-06-27 13:07:26 - [TEST_STEP][PASSED] - setText(findTestObject("Tabung/tabungSignInInputPasswordField"), Password, 0): Text 'pass1234' has been set to element 'Object Repository/Tabung/tabungSignInInputPasswordField'

2022-06-27 13:07:26 - [MESSAGE][WARNING] - Timeout '0' is invalid. Using default page load timeout: '40'

2022-06-27 13:09:17 - [MESSAGE][PASSED] - Text 'pass1234' has been set to element 'Object Repository/Tabung/tabungSignInInputPasswordField'

2022-06-27 13:09:17 - [TEST_STEP][PASSED] - hideKeyboard(): Keyboard is hidden

2022-06-27 13:09:21 - [MESSAGE][PASSED] - Keyboard is hidden

2022-06-27 13:09:21 - [TEST_STEP][PASSED] - tap(findTestObject("Tabung/tabungSignInContinueBtn"), 0): Tapped on element 'Object Repository/Tabung/tabungSignInContinueBtn'

2022-06-27 13:09:21 - [MESSAGE][WARNING] - Timeout '0' is invalid. Using default page load timeout: '40'

2022-06-27 13:10:22 - [MESSAGE][PASSED] - Tapped on element 'Object Repository/Tabung/tabungSignInContinueBtn'

2022-06-27 13:10:22 - [TEST_STEP][PASSED] - delay(3): Delayed 3 second(s)

2022-06-27 13:10:25 - [MESSAGE][PASSED] - Delayed 3 second(s)

2022-06-27 13:10:25 - [TEST_STEP][PASSED] - tap(findTestObject("ASNB/transferASNBTopBtn"), 0): Tapped on element 'Object Repository/ASNB/transferASNBTopBtn'

2022-06-27 13:10:25 - [MESSAGE][WARNING] - Timeout '0' is invalid. Using default page load timeout: '40'

2022-06-27 13:11:26 - [MESSAGE][PASSED] - Tapped on element 'Object Repository/ASNB/transferASNBTopBtn'

2022-06-27 13:11:26 - [TEST_STEP][PASSED] - tap(findTestObject("ASNB/asnbTransferBtn"), 0): Tapped on element 'Object Repository/ASNB/asnbTransferBtn'

2022-06-27 13:11:26 - [MESSAGE][WARNING] - Timeout '0' is invalid. Using default page load timeout: '40'

2022-06-27 13:12:19 - [MESSAGE][PASSED] - Tapped on element 'Object Repository/ASNB/asnbTransferBtn'

2022-06-27 13:12:19 - [TEST_STEP][PASSED] - verifyElementExist(findTestObject("ASNB/transferASNBProductNameTitleTxt"), 0): Element 'Object Repository/ASNB/transferASNBProductNameTitleTxt' is exist

2022-06-27 13:12:19 - [MESSAGE][WARNING] - Timeout '0' is invalid. Using default page load timeout: '40'

2022-06-27 13:12:19 - [MESSAGE][PASSED] - Element 'Object Repository/ASNB/transferASNBProductNameTitleTxt' is exist

2022-06-27 13:12:19 - [TEST_STEP][PASSED] - verifyElementExist(findTestObject("ASNB/transferASNBProductNameSelectTxt", ["productName":productNameInitial]), 0): Element 'Object Repository/ASNB/transferASNBProductNameSelectTxt' is exist

2022-06-27 13:12:19 - [MESSAGE][WARNING] - Timeout '0' is invalid. Using default page load timeout: '40'

2022-06-27 13:12:19 - [MESSAGE][PASSED] - Element 'Object Repository/ASNB/transferASNBProductNameSelectTxt' is exist

2022-06-27 13:12:19 - [TEST_STEP][PASSED] - tap(findTestObject("ASNB/asnbSelectProductDropdown"), 0): Tapped on element 'Object Repository/ASNB/asnbSelectProductDropdown'

2022-06-27 13:12:19 - [MESSAGE][WARNING] - Timeout '0' is invalid. Using default page load timeout: '40'

2022-06-27 13:12:20 - [MESSAGE][PASSED] - Tapped on element 'Object Repository/ASNB/asnbSelectProductDropdown'

2022-06-27 13:12:20 - [TEST_STEP][PASSED] - verifyElementText(findTestObject("ASNB/asnbProductEquity3DropdownSelection", ["productType":productType]), productType): Actual text and expected text of test object 'Object Repository/ASNB/asnbProductEquity3DropdownSelection' are matched.

2022-06-27 13:12:21 - [MESSAGE][PASSED] - Actual text and expected text of test object 'Object Repository/ASNB/asnbProductEquity3DropdownSelection' are matched.

2022-06-27 13:12:21 - [TEST_STEP][PASSED] - tap(findTestObject("ASNB/asnbProductEquity3DropdownSelection", ["productType":productType]), 0): Tapped on element 'Object Repository/ASNB/asnbProductEquity3DropdownSelection'

2022-06-27 13:12:21 - [MESSAGE][WARNING] - Timeout '0' is invalid. Using default page load timeout: '40'

2022-06-27 13:12:21 - [MESSAGE][PASSED] - Tapped on element 'Object Repository/ASNB/asnbProductEquity3DropdownSelection'

2022-06-27 13:12:21 - [TEST_STEP][PASSED] - tap(findTestObject("Main/mainCalenderPickerDoneBtn"), 0): Tapped on element 'Object Repository/Main/mainCalenderPickerDoneBtn'

2022-06-27 13:12:21 - [MESSAGE][WARNING] - Timeout '0' is invalid. Using default page load timeout: '40'

2022-06-27 13:12:22 - [MESSAGE][PASSED] - Tapped on element 'Object Repository/Main/mainCalenderPickerDoneBtn'

2022-06-27 13:12:22 - [TEST_STEP][PASSED] - verifyElementText(findTestObject("ASNB/transferASNBProductNameSelectTxt", ["productName":productType]), productType): Actual text and expected text of test object 'Object Repository/ASNB/transferASNBProductNameSelectTxt' are matched.

2022-06-27 13:12:23 - [MESSAGE][PASSED] - Actual text and expected text of test object 'Object Repository/ASNB/transferASNBProductNameSelectTxt' are matched.

2022-06-27 13:12:23 - [TEST_STEP][PASSED] - verifyElementExist(findTestObject("ASNB/SelectASNBMember", ["idSelectType":productNameInitial]), 0): Element 'Object Repository/ASNB/SelectASNBMember' is exist

2022-06-27 13:12:23 - [MESSAGE][WARNING] - Timeout '0' is invalid. Using default page load timeout: '40'

2022-06-27 13:12:23 - [MESSAGE][PASSED] - Element 'Object Repository/ASNB/SelectASNBMember' is exist

2022-06-27 13:12:23 - [TEST_STEP][PASSED] - verifyElementExist(findTestObject("ASNB/transferASNBIDTypeTitleTxt"), 0): Element 'Object Repository/ASNB/transferASNBIDTypeTitleTxt' is exist

2022-06-27 13:12:23 - [MESSAGE][WARNING] - Timeout '0' is invalid. Using default page load timeout: '40'

2022-06-27 13:12:23 - [MESSAGE][PASSED] - Element 'Object Repository/ASNB/transferASNBIDTypeTitleTxt' is exist

2022-06-27 13:12:23 - [TEST_STEP][PASSED] - tap(findTestObject("Object Repository/ASNB/SelectASNBMember", ["idSelectType":productNameInitial]), 0): Tapped on element 'Object Repository/ASNB/SelectASNBMember'

2022-06-27 13:12:23 - [MESSAGE][WARNING] - Timeout '0' is invalid. Using default page load timeout: '40'

2022-06-27 13:12:24 - [MESSAGE][PASSED] - Tapped on element 'Object Repository/ASNB/SelectASNBMember'

2022-06-27 13:12:24 - [TEST_STEP][PASSED] - verifyElementText(findTestObject("ASNB/asnbIDTypeDropdown", ["idType":idType]), idType): Actual text and expected text of test object 'Object Repository/ASNB/asnbIDTypeDropdown' are matched.

2022-06-27 13:12:25 - [MESSAGE][PASSED] - Actual text and expected text of test object 'Object Repository/ASNB/asnbIDTypeDropdown' are matched.

2022-06-27 13:12:25 - [TEST_STEP][PASSED] - tap(findTestObject("ASNB/asnbIDTypeDropdown", ["idType":idType]), 0): Tapped on element 'Object Repository/ASNB/asnbIDTypeDropdown'

2022-06-27 13:12:25 - [MESSAGE][WARNING] - Timeout '0' is invalid. Using default page load timeout: '40'

2022-06-27 13:12:26 - [MESSAGE][PASSED] - Tapped on element 'Object Repository/ASNB/asnbIDTypeDropdown'

2022-06-27 13:12:26 - [TEST_STEP][PASSED] - tap(findTestObject("Main/mainCalenderPickerDoneBtn"), 0): Tapped on element 'Object Repository/Main/mainCalenderPickerDoneBtn'

2022-06-27 13:12:26 - [MESSAGE][WARNING] - Timeout '0' is invalid. Using default page load timeout: '40'

2022-06-27 13:12:26 - [MESSAGE][PASSED] - Tapped on element 'Object Repository/Main/mainCalenderPickerDoneBtn'

2022-06-27 13:12:26 - [TEST_STEP][PASSED] - verifyElementText(findTestObject("ASNB/SelectASNBMember", ["idSelectType":idType]), idType): Actual text and expected text of test object 'Object Repository/ASNB/SelectASNBMember' are matched.

2022-06-27 13:12:27 - [MESSAGE][PASSED] - Actual text and expected text of test object 'Object Repository/ASNB/SelectASNBMember' are matched.

2022-06-27 13:12:27 - [TEST_STEP][PASSED] - verifyElementExist(findTestObject("ASNB/transferASNBIDNumberTitleTxt"), 0): Element 'Object Repository/ASNB/transferASNBIDNumberTitleTxt' is exist

2022-06-27 13:12:27 - [MESSAGE][WARNING] - Timeout '0' is invalid. Using default page load timeout: '40'

2022-06-27 13:12:27 - [MESSAGE][PASSED] - Element 'Object Repository/ASNB/transferASNBIDNumberTitleTxt' is exist

2022-06-27 13:12:27 - [TEST_STEP][PASSED] - verifyElementExist(findTestObject("ASNB/transferASNBIDNumberPlaceholderTxt", ["id":idPlaceholder]), 0): Element 'Object Repository/ASNB/transferASNBIDNumberPlaceholderTxt' is exist

2022-06-27 13:12:27 - [MESSAGE][WARNING] - Timeout '0' is invalid. Using default page load timeout: '40'

2022-06-27 13:12:27 - [MESSAGE][PASSED] - Element 'Object Repository/ASNB/transferASNBIDNumberPlaceholderTxt' is exist

2022-06-27 13:12:27 - [TEST_STEP][PASSED] - setText(findTestObject("ASNB/asnbIDNumberInputField"), idNo, 0): Text '060225010993' has been set to element 'Object Repository/ASNB/asnbIDNumberInputField'

2022-06-27 13:12:27 - [MESSAGE][WARNING] - Timeout '0' is invalid. Using default page load timeout: '40'

2022-06-27 13:12:28 - [MESSAGE][PASSED] - Text '060225010993' has been set to element 'Object Repository/ASNB/asnbIDNumberInputField'

2022-06-27 13:12:28 - [TEST_STEP][PASSED] - hideKeyboard(): Keyboard is hidden

2022-06-27 13:12:29 - [MESSAGE][PASSED] - Keyboard is hidden

2022-06-27 13:12:29 - [TEST_STEP][PASSED] - verifyElementText(findTestObject("ASNB/transferASNBIDNumberPlaceholderTxt", ["id":idNo]), idNo): Actual text and expected text of test object 'Object Repository/ASNB/transferASNBIDNumberPlaceholderTxt' are matched.

2022-06-27 13:12:30 - [MESSAGE][PASSED] - Actual text and expected text of test object 'Object Repository/ASNB/transferASNBIDNumberPlaceholderTxt' are matched.

2022-06-27 13:12:30 - [TEST_STEP][PASSED] - verifyElementExist(findTestObject("ASNB/transferASNBMemberNumberTitleTxt"), 0): Element 'Object Repository/ASNB/transferASNBMemberNumberTitleTxt' is exist

2022-06-27 13:12:30 - [MESSAGE][WARNING] - Timeout '0' is invalid. Using default page load timeout: '40'

2022-06-27 13:12:30 - [MESSAGE][PASSED] - Element 'Object Repository/ASNB/transferASNBMemberNumberTitleTxt' is exist

2022-06-27 13:12:30 - [TEST_STEP][PASSED] - verifyElementExist(findTestObject("ASNB/transferASNBMemberNumberPlaceholderTxt", ["member":memberNoPlaceholder]), 0): Element 'Object Repository/ASNB/transferASNBMemberNumberPlaceholderTxt' is exist

2022-06-27 13:12:30 - [MESSAGE][WARNING] - Timeout '0' is invalid. Using default page load timeout: '40'

2022-06-27 13:12:30 - [MESSAGE][PASSED] - Element 'Object Repository/ASNB/transferASNBMemberNumberPlaceholderTxt' is exist

2022-06-27 13:12:30 - [TEST_STEP][PASSED] - setText(findTestObject("ASNB/asnbMembershipNoInputField"), asnbMemberNo, 0): Text '000010023320' has been set to element 'Object Repository/ASNB/asnbMembershipNoInputField'

2022-06-27 13:12:30 - [MESSAGE][WARNING] - Timeout '0' is invalid. Using default page load timeout: '40'

2022-06-27 13:12:32 - [MESSAGE][PASSED] - Text '000010023320' has been set to element 'Object Repository/ASNB/asnbMembershipNoInputField'

2022-06-27 13:12:32 - [TEST_STEP][PASSED] - hideKeyboard(): Keyboard is hidden

2022-06-27 13:12:32 - [MESSAGE][PASSED] - Keyboard is hidden

2022-06-27 13:12:32 - [TEST_STEP][PASSED] - verifyElementText(findTestObject("ASNB/transferASNBMemberNumberPlaceholderTxt", ["member":accNo]), accNo): Actual text and expected text of test object 'Object Repository/ASNB/transferASNBMemberNumberPlaceholderTxt' are matched.

2022-06-27 13:12:33 - [MESSAGE][PASSED] - Actual text and expected text of test object 'Object Repository/ASNB/transferASNBMemberNumberPlaceholderTxt' are matched.

2022-06-27 13:12:33 - [TEST_STEP][PASSED] - verifyElementExist(findTestObject("ASNB/transferASNBRelationshipTitleTxt"), 0): Element 'Object Repository/ASNB/transferASNBRelationshipTitleTxt' is exist

2022-06-27 13:12:33 - [MESSAGE][WARNING] - Timeout '0' is invalid. Using default page load timeout: '40'

2022-06-27 13:12:33 - [MESSAGE][PASSED] - Element 'Object Repository/ASNB/transferASNBRelationshipTitleTxt' is exist

2022-06-27 13:12:33 - [TEST_STEP][PASSED] - verifyElementExist(findTestObject("ASNB/transferASNBRelationshipSelectTxt", ["relationship":productNameInitial]), 0): Element 'Object Repository/ASNB/transferASNBRelationshipSelectTxt' is exist

2022-06-27 13:12:33 - [MESSAGE][WARNING] - Timeout '0' is invalid. Using default page load timeout: '40'

2022-06-27 13:12:34 - [MESSAGE][PASSED] - Element 'Object Repository/ASNB/transferASNBRelationshipSelectTxt' is exist

2022-06-27 13:12:34 - [TEST_STEP][PASSED] - tap(findTestObject("ASNB/asnbRelationshipDropdownSelection"), 0): Tapped on element 'Object Repository/ASNB/asnbRelationshipDropdownSelection'

2022-06-27 13:12:34 - [MESSAGE][WARNING] - Timeout '0' is invalid. Using default page load timeout: '40'

2022-06-27 13:12:34 - [MESSAGE][PASSED] - Tapped on element 'Object Repository/ASNB/asnbRelationshipDropdownSelection'

2022-06-27 13:12:34 - [TEST_STEP][PASSED] - verifyElementText(findTestObject("ASNB/asnbRelationParentDropdownSelection", ["relationships":relationship]), relationship): Actual text and expected text of test object 'Object Repository/ASNB/asnbRelationParentDropdownSelection' are matched.

2022-06-27 13:12:35 - [MESSAGE][PASSED] - Actual text and expected text of test object 'Object Repository/ASNB/asnbRelationParentDropdownSelection' are matched.

2022-06-27 13:12:35 - [TEST_STEP][PASSED] - tap(findTestObject("ASNB/asnbRelationParentDropdownSelection", ["relationships":relationship]), 0): Tapped on element 'Object Repository/ASNB/asnbRelationParentDropdownSelection'

2022-06-27 13:12:35 - [MESSAGE][WARNING] - Timeout '0' is invalid. Using default page load timeout: '40'

2022-06-27 13:12:35 - [MESSAGE][PASSED] - Tapped on element 'Object Repository/ASNB/asnbRelationParentDropdownSelection'

2022-06-27 13:12:35 - [TEST_STEP][PASSED] - tap(findTestObject("Main/mainCalenderPickerDoneBtn"), 0): Tapped on element 'Object Repository/Main/mainCalenderPickerDoneBtn'

2022-06-27 13:12:35 - [MESSAGE][WARNING] - Timeout '0' is invalid. Using default page load timeout: '40'

2022-06-27 13:12:35 - [MESSAGE][PASSED] - Tapped on element 'Object Repository/Main/mainCalenderPickerDoneBtn'

2022-06-27 13:12:35 - [TEST_STEP][PASSED] - verifyElementText(findTestObject("ASNB/transferASNBRelationshipSelectTxt", ["relationship":relationship]), relationship): Actual text and expected text of test object 'Object Repository/ASNB/transferASNBRelationshipSelectTxt' are matched.

2022-06-27 13:12:36 - [MESSAGE][PASSED] - Actual text and expected text of test object 'Object Repository/ASNB/transferASNBRelationshipSelectTxt' are matched.

2022-06-27 13:12:36 - [TEST_STEP][PASSED] - verifyElementExist(findTestObject("ASNB/transferASNBPurposeTitleTxt"), 0): Element 'Object Repository/ASNB/transferASNBPurposeTitleTxt' is exist

2022-06-27 13:12:36 - [MESSAGE][WARNING] - Timeout '0' is invalid. Using default page load timeout: '40'

2022-06-27 13:12:37 - [MESSAGE][PASSED] - Element 'Object Repository/ASNB/transferASNBPurposeTitleTxt' is exist

2022-06-27 13:12:37 - [TEST_STEP][PASSED] - verifyElementExist(findTestObject("ASNB/transferASNBPurposeSelectTxt", ["purpose":productNameInitial]), 0): Element 'Object Repository/ASNB/transferASNBPurposeSelectTxt' is exist

2022-06-27 13:12:37 - [MESSAGE][WARNING] - Timeout '0' is invalid. Using default page load timeout: '40'

2022-06-27 13:12:37 - [MESSAGE][PASSED] - Element 'Object Repository/ASNB/transferASNBPurposeSelectTxt' is exist

2022-06-27 13:12:37 - [TEST_STEP][PASSED] - tap(findTestObject("ASNB/asnbPurposeDropdownSelection"), 0): Tapped on element 'Object Repository/ASNB/asnbPurposeDropdownSelection'

2022-06-27 13:12:37 - [MESSAGE][WARNING] - Timeout '0' is invalid. Using default page load timeout: '40'

2022-06-27 13:12:37 - [MESSAGE][PASSED] - Tapped on element 'Object Repository/ASNB/asnbPurposeDropdownSelection'

2022-06-27 13:12:37 - [TEST_STEP][PASSED] - verifyElementText(findTestObject("ASNB/asnbPurposeSavingDropdownSelection", ["purposes":purpose]), purpose): Actual text and expected text of test object 'Object Repository/ASNB/asnbPurposeSavingDropdownSelection' are matched.

2022-06-27 13:12:39 - [MESSAGE][PASSED] - Actual text and expected text of test object 'Object Repository/ASNB/asnbPurposeSavingDropdownSelection' are matched.

2022-06-27 13:12:39 - [TEST_STEP][PASSED] - tap(findTestObject("ASNB/asnbPurposeSavingDropdownSelection", ["purposes":purpose]), 0): Tapped on element 'Object Repository/ASNB/asnbPurposeSavingDropdownSelection'

2022-06-27 13:12:39 - [MESSAGE][WARNING] - Timeout '0' is invalid. Using default page load timeout: '40'

2022-06-27 13:12:39 - [MESSAGE][PASSED] - Tapped on element 'Object Repository/ASNB/asnbPurposeSavingDropdownSelection'

2022-06-27 13:12:39 - [TEST_STEP][PASSED] - tap(findTestObject("Main/mainCalenderPickerDoneBtn"), 0): Tapped on element 'Object Repository/Main/mainCalenderPickerDoneBtn'

2022-06-27 13:12:39 - [MESSAGE][WARNING] - Timeout '0' is invalid. Using default page load timeout: '40'

2022-06-27 13:12:39 - [MESSAGE][PASSED] - Tapped on element 'Object Repository/Main/mainCalenderPickerDoneBtn'

2022-06-27 13:12:39 - [TEST_STEP][PASSED] - verifyElementText(findTestObject("ASNB/transferASNBPurposeSelectTxt", ["purpose":purpose]), purpose): Actual text and expected text of test object 'Object Repository/ASNB/transferASNBPurposeSelectTxt' are matched.

2022-06-27 13:12:40 - [MESSAGE][PASSED] - Actual text and expected text of test object 'Object Repository/ASNB/transferASNBPurposeSelectTxt' are matched.

2022-06-27 13:12:40 - [TEST_STEP][PASSED] - tap(findTestObject("ASNB/asnbContinueBtn"), 0): Tapped on element 'Object Repository/ASNB/asnbContinueBtn'

2022-06-27 13:12:40 - [MESSAGE][WARNING] - Timeout '0' is invalid. Using default page load timeout: '40'

2022-06-27 13:12:40 - [MESSAGE][PASSED] - Tapped on element 'Object Repository/ASNB/asnbContinueBtn'

2022-06-27 13:12:40 - [TEST_STEP][PASSED] - delay(2): Delayed 2 second(s)

2022-06-27 13:12:42 - [MESSAGE][PASSED] - Delayed 2 second(s)

2022-06-27 13:12:42 - [TEST_STEP][PASSED] - verifyElementText(findTestObject("ASNB/transferASNBAmountAccountNameTxt"), accName): Actual text and expected text of test object 'Object Repository/ASNB/transferASNBAmountAccountNameTxt' are matched.

2022-06-27 13:12:55 - [MESSAGE][PASSED] - Actual text and expected text of test object 'Object Repository/ASNB/transferASNBAmountAccountNameTxt' are matched.

2022-06-27 13:12:55 - [TEST_STEP][PASSED] - verifyElementText(findTestObject("ASNB/transferASNBAmountAccountNoTxt", ["accNo":accNo]), accNo): Actual text and expected text of test object 'Object Repository/ASNB/transferASNBAmountAccountNoTxt' are matched.

2022-06-27 13:12:55 - [MESSAGE][PASSED] - Actual text and expected text of test object 'Object Repository/ASNB/transferASNBAmountAccountNoTxt' are matched.

2022-06-27 13:12:55 - [TEST_STEP][PASSED] - verifyElementText(findTestObject("ASNB/transferASNBAmountAccountTypeTxt", ["accType":productType]), productType): Actual text and expected text of test object 'Object Repository/ASNB/transferASNBAmountAccountTypeTxt' are matched.

2022-06-27 13:12:55 - [MESSAGE][PASSED] - Actual text and expected text of test object 'Object Repository/ASNB/transferASNBAmountAccountTypeTxt' are matched.

2022-06-27 13:12:55 - [TEST_STEP][PASSED] - verifyElementExist(findTestObject("ASNB/transferASNBAmountCurrencyTxt"), 0): Element 'Object Repository/ASNB/transferASNBAmountCurrencyTxt' is exist

2022-06-27 13:12:55 - [MESSAGE][WARNING] - Timeout '0' is invalid. Using default page load timeout: '40'

2022-06-27 13:12:56 - [MESSAGE][PASSED] - Element 'Object Repository/ASNB/transferASNBAmountCurrencyTxt' is exist

2022-06-27 13:12:56 - [TEST_STEP][PASSED] - verifyElementExist(findTestObject("ASNB/transferASNBAmountEnterAmountTitleTxt"), 0): Element 'Object Repository/ASNB/transferASNBAmountEnterAmountTitleTxt' is exist

2022-06-27 13:12:56 - [MESSAGE][WARNING] - Timeout '0' is invalid. Using default page load timeout: '40'

2022-06-27 13:12:56 - [MESSAGE][PASSED] - Element 'Object Repository/ASNB/transferASNBAmountEnterAmountTitleTxt' is exist

2022-06-27 13:12:56 - [TEST_STEP][PASSED] - verifyElementExist(findTestObject("ASNB/transferASNBAmountValueTxt", ["value":initialValue]), 0): Element 'Object Repository/ASNB/transferASNBAmountValueTxt' is exist

2022-06-27 13:12:56 - [MESSAGE][WARNING] - Timeout '0' is invalid. Using default page load timeout: '40'

2022-06-27 13:12:56 - [MESSAGE][PASSED] - Element 'Object Repository/ASNB/transferASNBAmountValueTxt' is exist

2022-06-27 13:12:56 - [TEST_STEP][PASSED] - tap(findTestObject("Login Onboarding/PIN4"), 0): Tapped on element 'Object Repository/Login Onboarding/PIN4'

2022-06-27 13:12:56 - [MESSAGE][WARNING] - Timeout '0' is invalid. Using default page load timeout: '40'

2022-06-27 13:12:57 - [MESSAGE][PASSED] - Tapped on element 'Object Repository/Login Onboarding/PIN4'

2022-06-27 13:12:57 - [TEST_STEP][PASSED] - delay(2): Delayed 2 second(s)

2022-06-27 13:12:59 - [MESSAGE][PASSED] - Delayed 2 second(s)

2022-06-27 13:12:59 - [TEST_STEP][PASSED] - verifyElementText(findTestObject("ASNB/transferASNBAmountValueTxt", ["value":value]), value): Actual text and expected text of test object 'Object Repository/ASNB/transferASNBAmountValueTxt' are matched.

2022-06-27 13:12:59 - [MESSAGE][PASSED] - Actual text and expected text of test object 'Object Repository/ASNB/transferASNBAmountValueTxt' are matched.

2022-06-27 13:12:59 - [TEST_STEP][PASSED] - tap(findTestObject("ASNB/asnbAmountTickBtn"), 0): Tapped on element 'Object Repository/ASNB/asnbAmountTickBtn'

2022-06-27 13:12:59 - [MESSAGE][WARNING] - Timeout '0' is invalid. Using default page load timeout: '40'

2022-06-27 13:12:59 - [MESSAGE][PASSED] - Tapped on element 'Object Repository/ASNB/asnbAmountTickBtn'

2022-06-27 13:12:59 - [TEST_STEP][PASSED] - delay(2): Delayed 2 second(s)

2022-06-27 13:13:01 - [MESSAGE][PASSED] - Delayed 2 second(s)

2022-06-27 13:13:01 - [TEST_STEP][PASSED] - verifyElementText(findTestObject("ASNB/transferASNBConfirmationAccountNameTxt"), accName): Actual text and expected text of test object 'Object Repository/ASNB/transferASNBConfirmationAccountNameTxt' are matched.

2022-06-27 13:13:02 - [MESSAGE][PASSED] - Actual text and expected text of test object 'Object Repository/ASNB/transferASNBConfirmationAccountNameTxt' are matched.

2022-06-27 13:13:02 - [TEST_STEP][PASSED] - verifyElementText(findTestObject("ASNB/transferASNBConfirmationAccountNoTxt", ["accNoC":accNo]), accNo): Actual text and expected text of test object 'Object Repository/ASNB/transferASNBConfirmationAccountNoTxt' are matched.

2022-06-27 13:13:03 - [MESSAGE][PASSED] - Actual text and expected text of test object 'Object Repository/ASNB/transferASNBConfirmationAccountNoTxt' are matched.

2022-06-27 13:13:03 - [TEST_STEP][PASSED] - verifyElementText(findTestObject("ASNB/transferASNBConfirmationAmountTxt", ["amount":amount]), amount): Actual text and expected text of test object 'Object Repository/ASNB/transferASNBConfirmationAmountTxt' are matched.

2022-06-27 13:13:03 - [MESSAGE][PASSED] - Actual text and expected text of test object 'Object Repository/ASNB/transferASNBConfirmationAmountTxt' are matched.

2022-06-27 13:13:03 - [TEST_STEP][PASSED] - verifyElementExist(findTestObject("ASNB/transferASNBConfirmationDateTitleTxt"), 0): Element 'Object Repository/ASNB/transferASNBConfirmationDateTitleTxt' is exist

2022-06-27 13:13:03 - [MESSAGE][WARNING] - Timeout '0' is invalid. Using default page load timeout: '40'

2022-06-27 13:13:04 - [MESSAGE][PASSED] - Element 'Object Repository/ASNB/transferASNBConfirmationDateTitleTxt' is exist

2022-06-27 13:13:04 - [TEST_STEP][PASSED] - verifyElementExist(findTestObject("ASNB/transferASNBConfirmationProductNameTitleTxt"), 0): Element 'Object Repository/ASNB/transferASNBConfirmationProductNameTitleTxt' is exist

2022-06-27 13:13:04 - [MESSAGE][WARNING] - Timeout '0' is invalid. Using default page load timeout: '40'

2022-06-27 13:13:04 - [MESSAGE][PASSED] - Element 'Object Repository/ASNB/transferASNBConfirmationProductNameTitleTxt' is exist

2022-06-27 13:13:04 - [TEST_STEP][PASSED] - verifyElementExist(findTestObject("ASNB/transferASNBConfirmationPurposeTitleTxt"), 0): Element 'Object Repository/ASNB/transferASNBConfirmationPurposeTitleTxt' is exist

2022-06-27 13:13:04 - [MESSAGE][WARNING] - Timeout '0' is invalid. Using default page load timeout: '40'

2022-06-27 13:13:04 - [MESSAGE][PASSED] - Element 'Object Repository/ASNB/transferASNBConfirmationPurposeTitleTxt' is exist

2022-06-27 13:13:04 - [TEST_STEP][PASSED] - verifyElementExist(findTestObject("ASNB/transferASNBConfirmationRelationshipTitleTxt"), 0): Element 'Object Repository/ASNB/transferASNBConfirmationRelationshipTitleTxt' is exist

2022-06-27 13:13:04 - [MESSAGE][WARNING] - Timeout '0' is invalid. Using default page load timeout: '40'

2022-06-27 13:13:05 - [MESSAGE][PASSED] - Element 'Object Repository/ASNB/transferASNBConfirmationRelationshipTitleTxt' is exist

2022-06-27 13:13:05 - [TEST_STEP][PASSED] - verifyElementExist(findTestObject("ASNB/transferASNBConfirmationTransferTypeTitleTxt"), 0): Element 'Object Repository/ASNB/transferASNBConfirmationTransferTypeTitleTxt' is exist

2022-06-27 13:13:05 - [MESSAGE][WARNING] - Timeout '0' is invalid. Using default page load timeout: '40'

2022-06-27 13:13:05 - [MESSAGE][PASSED] - Element 'Object Repository/ASNB/transferASNBConfirmationTransferTypeTitleTxt' is exist

2022-06-27 13:13:05 - [TEST_STEP][PASSED] - verifyElementText(findTestObject("ASNB/transferASNBConfirmationTransferTypeTxt", ["transferType":transferType]), transferType): Actual text and expected text of test object 'Object Repository/ASNB/transferASNBConfirmationTransferTypeTxt' are matched.

2022-06-27 13:13:05 - [MESSAGE][PASSED] - Actual text and expected text of test object 'Object Repository/ASNB/transferASNBConfirmationTransferTypeTxt' are matched.

2022-06-27 13:13:05 - [TEST_STEP][PASSED] - verifyElementText(findTestObject("ASNB/transferASNBConfirmationRelationshipTxt", ["relationshipC":relationship]), relationship): Actual text and expected text of test object 'Object Repository/ASNB/transferASNBConfirmationRelationshipTxt' are matched.

2022-06-27 13:13:06 - [MESSAGE][PASSED] - Actual text and expected text of test object 'Object Repository/ASNB/transferASNBConfirmationRelationshipTxt' are matched.

2022-06-27 13:13:06 - [TEST_STEP][PASSED] - verifyElementText(findTestObject("ASNB/transferASNBConfirmationPurposeTxt", ["purposeC":purpose]), purpose): Actual text and expected text of test object 'Object Repository/ASNB/transferASNBConfirmationPurposeTxt' are matched.

2022-06-27 13:13:06 - [MESSAGE][PASSED] - Actual text and expected text of test object 'Object Repository/ASNB/transferASNBConfirmationPurposeTxt' are matched.

2022-06-27 13:13:06 - [TEST_STEP][PASSED] - verifyElementText(findTestObject("ASNB/transferASNBConfirmationProductNameTxt", ["productTypeC":productType]), productType): Actual text and expected text of test object 'Object Repository/ASNB/transferASNBConfirmationProductNameTxt' are matched.

2022-06-27 13:13:06 - [MESSAGE][PASSED] - Actual text and expected text of test object 'Object Repository/ASNB/transferASNBConfirmationProductNameTxt' are matched.

2022-06-27 13:13:06 - [TEST_STEP][PASSED] - verifyElementText(findTestObject("ASNB/transferASNBConfirmationDateTxt", ["date":date]), date): Actual text and expected text of test object 'Object Repository/ASNB/transferASNBConfirmationDateTxt' are matched.

2022-06-27 13:13:07 - [MESSAGE][PASSED] - Actual text and expected text of test object 'Object Repository/ASNB/transferASNBConfirmationDateTxt' are matched.

2022-06-27 13:13:07 - [TEST_STEP][PASSED] - device_Height_2 = getDeviceHeight(): Current device physical height is 2167

2022-06-27 13:13:07 - [MESSAGE][PASSED] - Current device physical height is 2167

2022-06-27 13:13:07 - [TEST_STEP][PASSED] - device_Width_2 = getDeviceWidth(): Current device physical width is 1080

2022-06-27 13:13:07 - [MESSAGE][PASSED] - Current device physical width is 1080

2022-06-27 13:13:07 - [TEST_STEP][PASSED] - startX_2 = device_Width_2 / 2: null

2022-06-27 13:13:07 - [TEST_STEP][PASSED] - endX_2 = startX_2: null

2022-06-27 13:13:07 - [TEST_STEP][PASSED] - startY_2 = device_Height_2 * 0.30: null

2022-06-27 13:13:07 - [TEST_STEP][PASSED] - endY_2 = device_Height_2 * 0.70: null

2022-06-27 13:13:07 - [TEST_STEP][PASSED] - swipe(startX_2, endY_2, endX_2, startY_2): Swiped from 540,1,516 to 540,650

2022-06-27 13:13:08 - [MESSAGE][PASSED] - Swiped from 540,1,516 to 540,650

2022-06-27 13:13:08 - [TEST_STEP][PASSED] - verifyElementExist(findTestObject("ASNB/transferASNBConfirmationNoteTitleTxt"), 0): Element 'Object Repository/ASNB/transferASNBConfirmationNoteTitleTxt' is exist

2022-06-27 13:13:08 - [MESSAGE][WARNING] - Timeout '0' is invalid. Using default page load timeout: '40'

2022-06-27 13:13:08 - [MESSAGE][PASSED] - Element 'Object Repository/ASNB/transferASNBConfirmationNoteTitleTxt' is exist

2022-06-27 13:13:08 - [TEST_STEP][PASSED] - verifyElementExist(findTestObject("ASNB/transferASNBConfirmationNote1Txt"), 0): Element 'Object Repository/ASNB/transferASNBConfirmationNote1Txt' is exist

2022-06-27 13:13:08 - [MESSAGE][WARNING] - Timeout '0' is invalid. Using default page load timeout: '40'

2022-06-27 13:13:09 - [MESSAGE][PASSED] - Element 'Object Repository/ASNB/transferASNBConfirmationNote1Txt' is exist

2022-06-27 13:13:09 - [TEST_STEP][PASSED] - verifyElementExist(findTestObject("ASNB/transferASNBConfirmationNote1ContentTxt"), 0): Element 'Object Repository/ASNB/transferASNBConfirmationNote1ContentTxt' is exist

2022-06-27 13:13:09 - [MESSAGE][WARNING] - Timeout '0' is invalid. Using default page load timeout: '40'

2022-06-27 13:13:09 - [MESSAGE][PASSED] - Element 'Object Repository/ASNB/transferASNBConfirmationNote1ContentTxt' is exist

2022-06-27 13:13:09 - [TEST_STEP][PASSED] - verifyElementExist(findTestObject("ASNB/transferASNBConfirmationNote2Txt"), 0): Element 'Object Repository/ASNB/transferASNBConfirmationNote2Txt' is exist

2022-06-27 13:13:09 - [MESSAGE][WARNING] - Timeout '0' is invalid. Using default page load timeout: '40'

2022-06-27 13:13:10 - [MESSAGE][PASSED] - Element 'Object Repository/ASNB/transferASNBConfirmationNote2Txt' is exist

2022-06-27 13:13:10 - [TEST_STEP][PASSED] - verifyElementExist(findTestObject("ASNB/transferASNBConfirmationNote2ContentTxt"), 0): Element 'Object Repository/ASNB/transferASNBConfirmationNote2ContentTxt' is exist

2022-06-27 13:13:10 - [MESSAGE][WARNING] - Timeout '0' is invalid. Using default page load timeout: '40'

2022-06-27 13:13:10 - [MESSAGE][PASSED] - Element 'Object Repository/ASNB/transferASNBConfirmationNote2ContentTxt' is exist

2022-06-27 13:13:10 - [TEST_STEP][PASSED] - verifyElementExist(findTestObject("ASNB/transferASNBConfirmationNote3Txt"), 0): Element 'Object Repository/ASNB/transferASNBConfirmationNote3Txt' is exist

2022-06-27 13:13:10 - [MESSAGE][WARNING] - Timeout '0' is invalid. Using default page load timeout: '40'

2022-06-27 13:13:10 - [MESSAGE][PASSED] - Element 'Object Repository/ASNB/transferASNBConfirmationNote3Txt' is exist

2022-06-27 13:13:10 - [TEST_STEP][PASSED] - verifyElementExist(findTestObject("ASNB/transferASNBConfirmationNote3ContentTxt"), 0): Element 'Object Repository/ASNB/transferASNBConfirmationNote3ContentTxt' is exist

2022-06-27 13:13:10 - [MESSAGE][WARNING] - Timeout '0' is invalid. Using default page load timeout: '40'

2022-06-27 13:13:11 - [MESSAGE][PASSED] - Element 'Object Repository/ASNB/transferASNBConfirmationNote3ContentTxt' is exist

2022-06-27 13:13:11 - [TEST_STEP][PASSED] - verifyElementText(findTestObject("Transfer/transferConfirmationFromAccTypeTxt", ["accType":accType]), accType): Actual text and expected text of test object 'Object Repository/Transfer/transferConfirmationFromAccTypeTxt' are matched.

2022-06-27 13:13:11 - [MESSAGE][PASSED] - Actual text and expected text of test object 'Object Repository/Transfer/transferConfirmationFromAccTypeTxt' are matched.

2022-06-27 13:13:11 - [TEST_STEP][PASSED] - verifyElementText(findTestObject("Transfer/transferConfirmationFromAccNoTxt", ["accNoFrom":accNoFrom]), accNoFrom): Actual text and expected text of test object 'Object Repository/Transfer/transferConfirmationFromAccNoTxt' are matched.

2022-06-27 13:13:11 - [MESSAGE][PASSED] - Actual text and expected text of test object 'Object Repository/Transfer/transferConfirmationFromAccNoTxt' are matched.

2022-06-27 13:13:11 - [TEST_STEP][PASSED] - verifyElementExist(findTestObject("Transfer/transferConfirmationFromAccBalanceTxt"), 0): Element 'Object Repository/Transfer/transferConfirmationFromAccBalanceTxt' is exist

2022-06-27 13:13:11 - [MESSAGE][WARNING] - Timeout '0' is invalid. Using default page load timeout: '40'

2022-06-27 13:13:12 - [MESSAGE][PASSED] - Element 'Object Repository/Transfer/transferConfirmationFromAccBalanceTxt' is exist

2022-06-27 13:13:12 - [TEST_STEP][PASSED] - accountBalance = getText(findTestObject("Transfer/transferConfirmationFromAccBalanceTxt"), 0): Text of element 'Object Repository/Transfer/transferConfirmationFromAccBalanceTxt' is: 'RM 1,938.90'

2022-06-27 13:13:12 - [MESSAGE][WARNING] - Timeout '0' is invalid. Using default page load timeout: '40'

2022-06-27 13:13:12 - [MESSAGE][PASSED] - Text of element 'Object Repository/Transfer/transferConfirmationFromAccBalanceTxt' is: 'RM 1,938.90'

2022-06-27 13:13:12 - [TEST_STEP][PASSED] - println(accountBalance): null

2022-06-27 13:13:12 - [TEST_STEP][PASSED] - tap(findTestObject("ASNB/asnbTransferNowBtn"), 0): Tapped on element 'Object Repository/ASNB/asnbTransferNowBtn'

2022-06-27 13:13:12 - [MESSAGE][WARNING] - Timeout '0' is invalid. Using default page load timeout: '40'

2022-06-27 13:13:12 - [MESSAGE][PASSED] - Tapped on element 'Object Repository/ASNB/asnbTransferNowBtn'

2022-06-27 13:13:12 - [TEST_STEP][PASSED] - if (verifyElementVisible(findTestObject("Main/mainTACNumberTxt"), 10, OPTIONAL)): Element 'Object Repository/Main/mainTACNumberTxt' not found

2022-06-27 13:13:22 - [MESSAGE][WARNING] - Element 'Object Repository/Main/mainTACNumberTxt' not found

2022-06-27 13:13:22 - [TEST_STEP][PASSED] - else: Tapped on element 'Object Repository/Main/mainS2UApproveBtn'

2022-06-27 13:13:22 - [TEST_STEP][PASSED] - delay(5): Delayed 5 second(s)

2022-06-27 13:13:27 - [MESSAGE][PASSED] - Delayed 5 second(s)

2022-06-27 13:13:27 - [TEST_STEP][PASSED] - verifyElementVisible(findTestObject("Main/mainS2UApproveBtn"), 10): Element 'Object Repository/Main/mainS2UApproveBtn' is visible

2022-06-27 13:13:28 - [MESSAGE][PASSED] - Element 'Object Repository/Main/mainS2UApproveBtn' is visible

2022-06-27 13:13:28 - [TEST_STEP][PASSED] - tap(findTestObject("Main/mainS2UApproveBtn"), 0): Tapped on element 'Object Repository/Main/mainS2UApproveBtn'

2022-06-27 13:13:28 - [MESSAGE][WARNING] - Timeout '0' is invalid. Using default page load timeout: '40'

2022-06-27 13:13:28 - [MESSAGE][PASSED] - Tapped on element 'Object Repository/Main/mainS2UApproveBtn'

2022-06-27 13:13:28 - [TEST_STEP][PASSED] - delay(10): Delayed 10 second(s)

2022-06-27 13:13:38 - [MESSAGE][PASSED] - Delayed 10 second(s)

2022-06-27 13:13:38 - [TEST_STEP][PASSED] - verifyElementExist(findTestObject("Festive Season/returnAngpaoStatusMessageTxt"), 0): Element 'Object Repository/Festive Season/returnAngpaoStatusMessageTxt' is exist

2022-06-27 13:13:38 - [MESSAGE][WARNING] - Timeout '0' is invalid. Using default page load timeout: '40'

2022-06-27 13:13:39 - [MESSAGE][PASSED] - Element 'Object Repository/Festive Season/returnAngpaoStatusMessageTxt' is exist

2022-06-27 13:13:39 - [TEST_STEP][PASSED] - message = getText(findTestObject("Festive Season/returnAngpaoStatusMessageTxt"), 10): Text of element 'Object Repository/Festive Season/returnAngpaoStatusMessageTxt' is: 'Transfer Successful'

2022-06-27 13:13:39 - [MESSAGE][PASSED] - Text of element 'Object Repository/Festive Season/returnAngpaoStatusMessageTxt' is: 'Transfer Successful'

2022-06-27 13:13:39 - [TEST_STEP][PASSED] - println(message): null

2022-06-27 13:13:39 - [TEST_STEP][PASSED] - assert message == successTransactionMessage: null

2022-06-27 13:13:39 - [TEST_STEP][PASSED] - delay(5): Delayed 5 second(s)

2022-06-27 13:13:44 - [MESSAGE][PASSED] - Delayed 5 second(s)

2022-06-27 13:13:44 - [TEST_STEP][PASSED] - verifyElementExist(findTestObject("Duit Now/duitNowSummaryDateTimeTitleTxt"), 0): Element 'Object Repository/Duit Now/duitNowSummaryDateTimeTitleTxt' is exist

2022-06-27 13:13:44 - [MESSAGE][WARNING] - Timeout '0' is invalid. Using default page load timeout: '40'

2022-06-27 13:13:44 - [MESSAGE][PASSED] - Element 'Object Repository/Duit Now/duitNowSummaryDateTimeTitleTxt' is exist

2022-06-27 13:13:44 - [TEST_STEP][PASSED] - verifyElementExist(findTestObject("Duit Now/duitNowSummaryRefernceIDTitleTxt"), 0): Element 'Object Repository/Duit Now/duitNowSummaryRefernceIDTitleTxt' is exist

2022-06-27 13:13:44 - [MESSAGE][WARNING] - Timeout '0' is invalid. Using default page load timeout: '40'

2022-06-27 13:13:45 - [MESSAGE][PASSED] - Element 'Object Repository/Duit Now/duitNowSummaryRefernceIDTitleTxt' is exist

2022-06-27 13:13:45 - [TEST_STEP][PASSED] - verifyElementExist(findTestObject("Transfer/transferSummaryShareReceiptBtn"), 0): Element 'Object Repository/Transfer/transferSummaryShareReceiptBtn' is exist

2022-06-27 13:13:45 - [MESSAGE][WARNING] - Timeout '0' is invalid. Using default page load timeout: '40'

2022-06-27 13:13:45 - [MESSAGE][PASSED] - Element 'Object Repository/Transfer/transferSummaryShareReceiptBtn' is exist

2022-06-27 13:13:45 - [TEST_STEP][PASSED] - delay(5): Delayed 5 second(s)

2022-06-27 13:13:50 - [MESSAGE][PASSED] - Delayed 5 second(s)

2022-06-27 13:13:50 - [TEST_STEP][PASSED] - referenceID = getText(findTestObject("Send Request Money/requestMoneyPaySummaryRefIDTxt"), 0): Text of element 'Object Repository/Send Request Money/requestMoneyPaySummaryRefIDTxt' is: '181599034M'

2022-06-27 13:13:50 - [MESSAGE][WARNING] - Timeout '0' is invalid. Using default page load timeout: '40'

2022-06-27 13:13:50 - [MESSAGE][PASSED] - Text of element 'Object Repository/Send Request Money/requestMoneyPaySummaryRefIDTxt' is: '181599034M'

2022-06-27 13:13:50 - [TEST_STEP][PASSED] - println(referenceID): null

2022-06-27 13:13:50 - [TEST_STEP][PASSED] - test = dataFolder: null

2022-06-27 13:13:50 - [TEST_STEP][PASSED] - sheetName = "Sheet1": null

2022-06-27 13:13:50 - [TEST_STEP][PASSED] - file1 = new java.io.File(test): null

2022-06-27 13:13:50 - [TEST_STEP][PASSED] - assert file1.exists() == true: null

2022-06-27 13:13:50 - [TEST_STEP][PASSED] - woorkbook1 = getWorkbook(test): null

2022-06-27 13:13:50 - [TEST_STEP][PASSED] - sheet1 = getExcelSheet(woorkbook1, sheetName): null

2022-06-27 13:13:50 - [TEST_STEP][PASSED] - setValueToCellByIndex(sheet1, 4, 1, referenceID): null

2022-06-27 13:13:50 - [TEST_STEP][PASSED] - saveWorkbook(test, woorkbook1): null

2022-06-27 13:13:51 - [TEST_STEP][PASSED] - delay(3): Delayed 3 second(s)

2022-06-27 13:13:54 - [MESSAGE][PASSED] - Delayed 3 second(s)

2022-06-27 13:13:54 - [TEST_STEP][PASSED] - verifyElementVisible(findTestObject("Main/mainDoneBtn"), 0): Element 'Object Repository/Main/mainDoneBtn' is visible

2022-06-27 13:13:54 - [MESSAGE][WARNING] - Timeout '0' is invalid. Using default page load timeout: '40'

2022-06-27 13:13:54 - [MESSAGE][PASSED] - Element 'Object Repository/Main/mainDoneBtn' is visible

2022-06-27 13:13:54 - [TEST_STEP][PASSED] - takeScreenshot("/Users/a00139272/Desktop/Screenshot/asnbTransfer.png"): Screenshot is taken

2022-06-27 13:13:55 - [MESSAGE][PASSED] - Screenshot is taken
[[ATTACHMENT|/Users/a00139272/Desktop/Screenshot/asnbTransfer.png]]

2022-06-27 13:13:55 - [TEST_STEP][PASSED] - tap(findTestObject("Main/mainDoneBtn"), 0): Tapped on element 'Object Repository/Main/mainDoneBtn'

2022-06-27 13:13:55 - [MESSAGE][WARNING] - Timeout '0' is invalid. Using default page load timeout: '40'

2022-06-27 13:13:55 - [MESSAGE][PASSED] - Tapped on element 'Object Repository/Main/mainDoneBtn'

2022-06-27 13:13:55 - [TEST_STEP][PASSED] - delay(5): Delayed 5 second(s)

2022-06-27 13:14:00 - [MESSAGE][PASSED] - Delayed 5 second(s)

2022-06-27 13:14:00 - [TEST_STEP][PASSED] - tap(findTestObject("Main/mainTopLeftBackButton"), 0): Tapped on element 'Object Repository/Main/mainTopLeftBackButton'

2022-06-27 13:14:00 - [MESSAGE][WARNING] - Timeout '0' is invalid. Using default page load timeout: '40'

2022-06-27 13:14:52 - [MESSAGE][PASSED] - Tapped on element 'Object Repository/Main/mainTopLeftBackButton'

2022-06-27 13:14:52 - [TEST_STEP][PASSED] - delay(3): Delayed 3 second(s)

2022-06-27 13:14:55 - [MESSAGE][PASSED] - Delayed 3 second(s)]]></system-out>
         <system-err><![CDATA[]]></system-err>
      </testcase>
      <testcase name="Test Cases/Transfer/transfer_thirdPartyToday" time="203.669" classname="Test Cases/Transfer/transfer_thirdPartyToday" status="FAILED">
         <failure type="FAILED" message="Test Cases/Transfer/transfer_thirdPartyToday FAILED.
Reason:
Assertion failed: 

assert newBalance.round(2) == newAfterBalanceF
       |          |        |  |
       1934.86    1934.86  |  1934.9
                           false

	at transfer_thirdPartyToday.run(transfer_thirdPartyToday:342)
	at com.kms.katalon.core.main.ScriptEngine.run(ScriptEngine.java:194)
	at com.kms.katalon.core.main.ScriptEngine.runScriptAsRawText(ScriptEngine.java:119)
	at com.kms.katalon.core.main.TestCaseExecutor.runScript(TestCaseExecutor.java:445)
	at com.kms.katalon.core.main.TestCaseExecutor.doExecute(TestCaseExecutor.java:436)
	at com.kms.katalon.core.main.TestCaseExecutor.processExecutionPhase(TestCaseExecutor.java:415)
	at com.kms.katalon.core.main.TestCaseExecutor.accessMainPhase(TestCaseExecutor.java:407)
	at com.kms.katalon.core.main.TestCaseExecutor.execute(TestCaseExecutor.java:284)
	at com.kms.katalon.core.common.CommonExecutor.accessTestCaseMainPhase(CommonExecutor.java:65)
	at com.kms.katalon.core.main.TestSuiteExecutor.accessTestSuiteMainPhase(TestSuiteExecutor.java:144)
	at com.kms.katalon.core.main.TestSuiteExecutor.execute(TestSuiteExecutor.java:106)
	at com.kms.katalon.core.main.TestCaseMain.startTestSuite(TestCaseMain.java:185)
	at com.kms.katalon.core.main.TestCaseMain$startTestSuite$0.call(Unknown Source)
	at TempTestSuite1656306335392.run(TempTestSuite1656306335392.groovy:36)
"/>
         <system-out><![CDATA[2022-06-27 13:14:55 - [TEST_CASE][FAILED] - Test Cases/Transfer/transfer_thirdPartyToday: Test Cases/Transfer/transfer_thirdPartyToday FAILED.
Reason:
Assertion failed: 

assert newBalance.round(2) == newAfterBalanceF
       |          |        |  |
       1934.86    1934.86  |  1934.9
                           false

	at transfer_thirdPartyToday.run(transfer_thirdPartyToday:342)
	at com.kms.katalon.core.main.ScriptEngine.run(ScriptEngine.java:194)
	at com.kms.katalon.core.main.ScriptEngine.runScriptAsRawText(ScriptEngine.java:119)
	at com.kms.katalon.core.main.TestCaseExecutor.runScript(TestCaseExecutor.java:445)
	at com.kms.katalon.core.main.TestCaseExecutor.doExecute(TestCaseExecutor.java:436)
	at com.kms.katalon.core.main.TestCaseExecutor.processExecutionPhase(TestCaseExecutor.java:415)
	at com.kms.katalon.core.main.TestCaseExecutor.accessMainPhase(TestCaseExecutor.java:407)
	at com.kms.katalon.core.main.TestCaseExecutor.execute(TestCaseExecutor.java:284)
	at com.kms.katalon.core.common.CommonExecutor.accessTestCaseMainPhase(CommonExecutor.java:65)
	at com.kms.katalon.core.main.TestSuiteExecutor.accessTestSuiteMainPhase(TestSuiteExecutor.java:144)
	at com.kms.katalon.core.main.TestSuiteExecutor.execute(TestSuiteExecutor.java:106)
	at com.kms.katalon.core.main.TestCaseMain.startTestSuite(TestCaseMain.java:185)
	at com.kms.katalon.core.main.TestCaseMain$startTestSuite$0.call(Unknown Source)
	at TempTestSuite1656306335392.run(TempTestSuite1656306335392.groovy:36)


2022-06-27 13:14:55 - [TEST_STEP][PASSED] - delay(5): Delayed 5 second(s)

2022-06-27 13:15:00 - [MESSAGE][PASSED] - Delayed 5 second(s)

2022-06-27 13:15:00 - [TEST_STEP][PASSED] - device_Height = getDeviceHeight(): Current device physical height is 2167

2022-06-27 13:15:00 - [MESSAGE][PASSED] - Current device physical height is 2167

2022-06-27 13:15:00 - [TEST_STEP][PASSED] - device_Width = getDeviceWidth(): Current device physical width is 1080

2022-06-27 13:15:00 - [MESSAGE][PASSED] - Current device physical width is 1080

2022-06-27 13:15:00 - [TEST_STEP][PASSED] - startX = device_Width / 3: null

2022-06-27 13:15:00 - [TEST_STEP][PASSED] - startY = device_Height * 0.97: null

2022-06-27 13:15:00 - [TEST_STEP][PASSED] - delay(5): Delayed 5 second(s)

2022-06-27 13:15:05 - [MESSAGE][PASSED] - Delayed 5 second(s)

2022-06-27 13:15:05 - [TEST_STEP][PASSED] - verifyElementVisible(findTestObject("Banking/m2uAccountTransferIconSelect"), 0): Element 'Object Repository/Banking/m2uAccountTransferIconSelect' is visible

2022-06-27 13:15:06 - [MESSAGE][WARNING] - Timeout '0' is invalid. Using default page load timeout: '40'

2022-06-27 13:15:06 - [MESSAGE][PASSED] - Element 'Object Repository/Banking/m2uAccountTransferIconSelect' is visible

2022-06-27 13:15:06 - [TEST_STEP][PASSED] - tap(findTestObject("Banking/m2uAccountTransferIconSelect"), 0): Tapped on element 'Object Repository/Banking/m2uAccountTransferIconSelect'

2022-06-27 13:15:06 - [MESSAGE][WARNING] - Timeout '0' is invalid. Using default page load timeout: '40'

2022-06-27 13:15:06 - [MESSAGE][PASSED] - Tapped on element 'Object Repository/Banking/m2uAccountTransferIconSelect'

2022-06-27 13:15:06 - [TEST_STEP][PASSED] - tap(findTestObject("Banking/transferOthersTopMenuSelect"), 0): Tapped on element 'Object Repository/Banking/transferOthersTopMenuSelect'

2022-06-27 13:15:06 - [MESSAGE][WARNING] - Timeout '0' is invalid. Using default page load timeout: '40'

2022-06-27 13:16:07 - [MESSAGE][PASSED] - Tapped on element 'Object Repository/Banking/transferOthersTopMenuSelect'

2022-06-27 13:16:07 - [TEST_STEP][PASSED] - tap(findTestObject("Banking/transferBanksIconSelect"), 0): Tapped on element 'Object Repository/Banking/transferBanksIconSelect'

2022-06-27 13:16:07 - [MESSAGE][WARNING] - Timeout '0' is invalid. Using default page load timeout: '40'

2022-06-27 13:17:00 - [MESSAGE][PASSED] - Tapped on element 'Object Repository/Banking/transferBanksIconSelect'

2022-06-27 13:17:00 - [TEST_STEP][PASSED] - tap(findTestObject("Banking/transferToMaybankSelect"), 0): Tapped on element 'Object Repository/Banking/transferToMaybankSelect'

2022-06-27 13:17:00 - [MESSAGE][WARNING] - Timeout '0' is invalid. Using default page load timeout: '40'

2022-06-27 13:17:02 - [MESSAGE][PASSED] - Tapped on element 'Object Repository/Banking/transferToMaybankSelect'

2022-06-27 13:17:02 - [TEST_STEP][PASSED] - delay(3): Delayed 3 second(s)

2022-06-27 13:17:05 - [MESSAGE][PASSED] - Delayed 3 second(s)

2022-06-27 13:17:05 - [TEST_STEP][PASSED] - verifyElementExist(findTestObject("Banking/transferAccountNoInputField"), 0): Element 'Object Repository/Banking/transferAccountNoInputField' is exist

2022-06-27 13:17:05 - [MESSAGE][WARNING] - Timeout '0' is invalid. Using default page load timeout: '40'

2022-06-27 13:17:05 - [MESSAGE][PASSED] - Element 'Object Repository/Banking/transferAccountNoInputField' is exist

2022-06-27 13:17:05 - [TEST_STEP][PASSED] - setText(findTestObject("Banking/transferAccountNoInputField"), accountNum, 0): Text '514012082699' has been set to element 'Object Repository/Banking/transferAccountNoInputField'

2022-06-27 13:17:05 - [MESSAGE][WARNING] - Timeout '0' is invalid. Using default page load timeout: '40'

2022-06-27 13:17:06 - [MESSAGE][PASSED] - Text '514012082699' has been set to element 'Object Repository/Banking/transferAccountNoInputField'

2022-06-27 13:17:06 - [TEST_STEP][PASSED] - hideKeyboard(): Keyboard is hidden

2022-06-27 13:17:10 - [MESSAGE][PASSED] - Keyboard is hidden

2022-06-27 13:17:10 - [TEST_STEP][PASSED] - tap(findTestObject("Login Onboarding/loginExistingContinueBtn"), 0): Tapped on element 'Object Repository/Login Onboarding/loginExistingContinueBtn'

2022-06-27 13:17:10 - [MESSAGE][WARNING] - Timeout '0' is invalid. Using default page load timeout: '40'

2022-06-27 13:17:10 - [MESSAGE][PASSED] - Tapped on element 'Object Repository/Login Onboarding/loginExistingContinueBtn'

2022-06-27 13:17:10 - [TEST_STEP][PASSED] - verifyElementText(findTestObject("Transfer/transferAmounttAccNameTxt", ["accName":accName]), accName): Actual text and expected text of test object 'Object Repository/Transfer/transferAmounttAccNameTxt' are matched.

2022-06-27 13:17:14 - [MESSAGE][PASSED] - Actual text and expected text of test object 'Object Repository/Transfer/transferAmounttAccNameTxt' are matched.

2022-06-27 13:17:14 - [TEST_STEP][PASSED] - verifyElementText(findTestObject("Transfer/transferAmounttAccNoTxt", ["accNo":accNo]), accNo): Actual text and expected text of test object 'Object Repository/Transfer/transferAmounttAccNoTxt' are matched.

2022-06-27 13:17:14 - [MESSAGE][PASSED] - Actual text and expected text of test object 'Object Repository/Transfer/transferAmounttAccNoTxt' are matched.

2022-06-27 13:17:14 - [TEST_STEP][PASSED] - verifyElementText(findTestObject("Transfer/transferAmounttAccBankTxt", ["accBank":accBank]), accBank): Actual text and expected text of test object 'Object Repository/Transfer/transferAmounttAccBankTxt' are matched.

2022-06-27 13:17:14 - [MESSAGE][PASSED] - Actual text and expected text of test object 'Object Repository/Transfer/transferAmounttAccBankTxt' are matched.

2022-06-27 13:17:14 - [TEST_STEP][PASSED] - verifyElementExist(findTestObject("Transfer/transferAmountRMTxt"), 0): Element 'Object Repository/Transfer/transferAmountRMTxt' is exist

2022-06-27 13:17:14 - [MESSAGE][WARNING] - Timeout '0' is invalid. Using default page load timeout: '40'

2022-06-27 13:17:15 - [MESSAGE][PASSED] - Element 'Object Repository/Transfer/transferAmountRMTxt' is exist

2022-06-27 13:17:15 - [TEST_STEP][PASSED] - verifyElementExist(findTestObject("Transfer/transferAmountEnterAmountTitleTxt"), 0): Element 'Object Repository/Transfer/transferAmountEnterAmountTitleTxt' is exist

2022-06-27 13:17:15 - [MESSAGE][WARNING] - Timeout '0' is invalid. Using default page load timeout: '40'

2022-06-27 13:17:15 - [MESSAGE][PASSED] - Element 'Object Repository/Transfer/transferAmountEnterAmountTitleTxt' is exist

2022-06-27 13:17:15 - [TEST_STEP][PASSED] - verifyElementExist(findTestObject("Login Onboarding/PIN4"), 0): Element 'Object Repository/Login Onboarding/PIN4' is exist

2022-06-27 13:17:15 - [MESSAGE][WARNING] - Timeout '0' is invalid. Using default page load timeout: '40'

2022-06-27 13:17:15 - [MESSAGE][PASSED] - Element 'Object Repository/Login Onboarding/PIN4' is exist

2022-06-27 13:17:15 - [TEST_STEP][PASSED] - tap(findTestObject("Login Onboarding/PIN4"), 0): Tapped on element 'Object Repository/Login Onboarding/PIN4'

2022-06-27 13:17:15 - [MESSAGE][WARNING] - Timeout '0' is invalid. Using default page load timeout: '40'

2022-06-27 13:17:16 - [MESSAGE][PASSED] - Tapped on element 'Object Repository/Login Onboarding/PIN4'

2022-06-27 13:17:16 - [TEST_STEP][PASSED] - verifyElementText(findTestObject("Transfer/transferAmountInputValueTxt", ["value":checkValue]), checkValue): Actual text and expected text of test object 'Object Repository/Transfer/transferAmountInputValueTxt' are matched.

2022-06-27 13:17:17 - [MESSAGE][PASSED] - Actual text and expected text of test object 'Object Repository/Transfer/transferAmountInputValueTxt' are matched.

2022-06-27 13:17:17 - [TEST_STEP][PASSED] - delay(3): Delayed 3 second(s)

2022-06-27 13:17:20 - [MESSAGE][PASSED] - Delayed 3 second(s)

2022-06-27 13:17:20 - [TEST_STEP][PASSED] - tap(findTestObject("Login Onboarding/loginPinTickBtn"), 0): Tapped on element 'Object Repository/Login Onboarding/loginPinTickBtn'

2022-06-27 13:17:20 - [MESSAGE][WARNING] - Timeout '0' is invalid. Using default page load timeout: '40'

2022-06-27 13:17:20 - [MESSAGE][PASSED] - Tapped on element 'Object Repository/Login Onboarding/loginPinTickBtn'

2022-06-27 13:17:20 - [TEST_STEP][PASSED] - verifyElementText(findTestObject("Transfer/transferReferenceAccNameTxt", ["accName":accName]), accName): Actual text and expected text of test object 'Object Repository/Transfer/transferReferenceAccNameTxt' are matched.

2022-06-27 13:17:22 - [MESSAGE][PASSED] - Actual text and expected text of test object 'Object Repository/Transfer/transferReferenceAccNameTxt' are matched.

2022-06-27 13:17:22 - [TEST_STEP][PASSED] - verifyElementText(findTestObject("Transfer/transferReferenceAccNoTxt", ["accNo":accNo]), accNo): Actual text and expected text of test object 'Object Repository/Transfer/transferReferenceAccNoTxt' are matched.

2022-06-27 13:17:22 - [MESSAGE][PASSED] - Actual text and expected text of test object 'Object Repository/Transfer/transferReferenceAccNoTxt' are matched.

2022-06-27 13:17:22 - [TEST_STEP][PASSED] - verifyElementText(findTestObject("Transfer/transferReferenceAccBankTxt", ["accBank":accBank]), accBank): Actual text and expected text of test object 'Object Repository/Transfer/transferReferenceAccBankTxt' are matched.

2022-06-27 13:17:23 - [MESSAGE][PASSED] - Actual text and expected text of test object 'Object Repository/Transfer/transferReferenceAccBankTxt' are matched.

2022-06-27 13:17:23 - [TEST_STEP][PASSED] - verifyElementExist(findTestObject("Transfer/transferReferenceInputField"), 0): Element 'Object Repository/Transfer/transferReferenceInputField' is exist

2022-06-27 13:17:23 - [MESSAGE][WARNING] - Timeout '0' is invalid. Using default page load timeout: '40'

2022-06-27 13:17:23 - [MESSAGE][PASSED] - Element 'Object Repository/Transfer/transferReferenceInputField' is exist

2022-06-27 13:17:23 - [TEST_STEP][PASSED] - setText(findTestObject("Banking/transferReferenceInputField"), reference, 0): Text 'MBBTransfer' has been set to element 'Object Repository/Banking/transferReferenceInputField'

2022-06-27 13:17:23 - [MESSAGE][WARNING] - Timeout '0' is invalid. Using default page load timeout: '40'

2022-06-27 13:17:24 - [MESSAGE][PASSED] - Text 'MBBTransfer' has been set to element 'Object Repository/Banking/transferReferenceInputField'

2022-06-27 13:17:24 - [TEST_STEP][PASSED] - hideKeyboard(): Keyboard is hidden

2022-06-27 13:17:26 - [MESSAGE][PASSED] - Keyboard is hidden

2022-06-27 13:17:26 - [TEST_STEP][PASSED] - verifyElementText(findTestObject("Transfer/transferReferenceInputFieldAfter", ["reference":reference]), reference): Actual text and expected text of test object 'Object Repository/Transfer/transferReferenceInputFieldAfter' are matched.

2022-06-27 13:17:26 - [MESSAGE][PASSED] - Actual text and expected text of test object 'Object Repository/Transfer/transferReferenceInputFieldAfter' are matched.

2022-06-27 13:17:26 - [TEST_STEP][PASSED] - tap(findTestObject("Login Onboarding/loginExistingContinueBtn"), 0): Tapped on element 'Object Repository/Login Onboarding/loginExistingContinueBtn'

2022-06-27 13:17:26 - [MESSAGE][WARNING] - Timeout '0' is invalid. Using default page load timeout: '40'

2022-06-27 13:17:26 - [MESSAGE][PASSED] - Tapped on element 'Object Repository/Login Onboarding/loginExistingContinueBtn'

2022-06-27 13:17:26 - [TEST_STEP][PASSED] - verifyElementText(findTestObject("Transfer/transferConfirmationAccountNameTxt", ["accName":accName]), accName): Actual text and expected text of test object 'Object Repository/Transfer/transferConfirmationAccountNameTxt' are matched.

2022-06-27 13:17:26 - [MESSAGE][PASSED] - Actual text and expected text of test object 'Object Repository/Transfer/transferConfirmationAccountNameTxt' are matched.

2022-06-27 13:17:26 - [TEST_STEP][PASSED] - verifyElementText(findTestObject("Transfer/transferConfirmationAccountNoTxt", ["accNo":accNo]), accNo): Actual text and expected text of test object 'Object Repository/Transfer/transferConfirmationAccountNoTxt' are matched.

2022-06-27 13:17:26 - [MESSAGE][PASSED] - Actual text and expected text of test object 'Object Repository/Transfer/transferConfirmationAccountNoTxt' are matched.

2022-06-27 13:17:26 - [TEST_STEP][PASSED] - verifyElementText(findTestObject("Transfer/transferConfirmationAmountTxt", ["amount":amount]), amount): Actual text and expected text of test object 'Object Repository/Transfer/transferConfirmationAmountTxt' are matched.

2022-06-27 13:17:29 - [MESSAGE][PASSED] - Actual text and expected text of test object 'Object Repository/Transfer/transferConfirmationAmountTxt' are matched.

2022-06-27 13:17:29 - [TEST_STEP][PASSED] - verifyElementText(findTestObject("Transfer/transferConfirmationTransactionDateTxt"), "Today"): Actual text and expected text of test object 'Object Repository/Transfer/transferConfirmationTransactionDateTxt' are matched.

2022-06-27 13:17:29 - [MESSAGE][PASSED] - Actual text and expected text of test object 'Object Repository/Transfer/transferConfirmationTransactionDateTxt' are matched.

2022-06-27 13:17:29 - [TEST_STEP][PASSED] - verifyElementText(findTestObject("Transfer/transferConfirmationTransactionRecRefTxt", ["reference":reference]), reference): Actual text and expected text of test object 'Object Repository/Transfer/transferConfirmationTransactionRecRefTxt' are matched.

2022-06-27 13:17:29 - [MESSAGE][PASSED] - Actual text and expected text of test object 'Object Repository/Transfer/transferConfirmationTransactionRecRefTxt' are matched.

2022-06-27 13:17:29 - [TEST_STEP][PASSED] - verifyElementText(findTestObject("Transfer/transferConfirmationTransactionBankTxt", ["accBank":accBank]), accBank): Actual text and expected text of test object 'Object Repository/Transfer/transferConfirmationTransactionBankTxt' are matched.

2022-06-27 13:17:30 - [MESSAGE][PASSED] - Actual text and expected text of test object 'Object Repository/Transfer/transferConfirmationTransactionBankTxt' are matched.

2022-06-27 13:17:30 - [TEST_STEP][PASSED] - verifyElementText(findTestObject("Transfer/transferConfirmationOptionalGreyWordTxt"), "Optional"): Actual text and expected text of test object 'Object Repository/Transfer/transferConfirmationOptionalGreyWordTxt' are matched.

2022-06-27 13:17:30 - [MESSAGE][PASSED] - Actual text and expected text of test object 'Object Repository/Transfer/transferConfirmationOptionalGreyWordTxt' are matched.

2022-06-27 13:17:30 - [TEST_STEP][PASSED] - verifyElementExist(findTestObject("Transfer/transferConfirmationBankNameTitleTxt"), 0): Element 'Object Repository/Transfer/transferConfirmationBankNameTitleTxt' is exist

2022-06-27 13:17:30 - [MESSAGE][WARNING] - Timeout '0' is invalid. Using default page load timeout: '40'

2022-06-27 13:17:30 - [MESSAGE][PASSED] - Element 'Object Repository/Transfer/transferConfirmationBankNameTitleTxt' is exist

2022-06-27 13:17:30 - [TEST_STEP][PASSED] - verifyElementExist(findTestObject("Transfer/transferConfirmationDateTitleTxt"), 0): Element 'Object Repository/Transfer/transferConfirmationDateTitleTxt' is exist

2022-06-27 13:17:30 - [MESSAGE][WARNING] - Timeout '0' is invalid. Using default page load timeout: '40'

2022-06-27 13:17:30 - [MESSAGE][PASSED] - Element 'Object Repository/Transfer/transferConfirmationDateTitleTxt' is exist

2022-06-27 13:17:30 - [TEST_STEP][PASSED] - verifyElementExist(findTestObject("Transfer/transferConfirmationFTransferFromTitleTxt"), 0): Element 'Object Repository/Transfer/transferConfirmationFTransferFromTitleTxt' is exist

2022-06-27 13:17:30 - [MESSAGE][WARNING] - Timeout '0' is invalid. Using default page load timeout: '40'

2022-06-27 13:17:31 - [MESSAGE][PASSED] - Element 'Object Repository/Transfer/transferConfirmationFTransferFromTitleTxt' is exist

2022-06-27 13:17:31 - [TEST_STEP][PASSED] - verifyElementExist(findTestObject("Transfer/transferConfirmationRecRefTitleTxt"), 0): Element 'Object Repository/Transfer/transferConfirmationRecRefTitleTxt' is exist

2022-06-27 13:17:31 - [MESSAGE][WARNING] - Timeout '0' is invalid. Using default page load timeout: '40'

2022-06-27 13:17:31 - [MESSAGE][PASSED] - Element 'Object Repository/Transfer/transferConfirmationRecRefTitleTxt' is exist

2022-06-27 13:17:31 - [TEST_STEP][PASSED] - verifyElementExist(findTestObject("Transfer/transferConfirmationPaymentDetailsTitleTxt"), 0): Element 'Object Repository/Transfer/transferConfirmationPaymentDetailsTitleTxt' is exist

2022-06-27 13:17:31 - [MESSAGE][WARNING] - Timeout '0' is invalid. Using default page load timeout: '40'

2022-06-27 13:17:31 - [MESSAGE][PASSED] - Element 'Object Repository/Transfer/transferConfirmationPaymentDetailsTitleTxt' is exist

2022-06-27 13:17:31 - [TEST_STEP][PASSED] - verifyElementExist(findTestObject("Transfer/transferConfirmationNoteTitleTxt"), 0): Element 'Object Repository/Transfer/transferConfirmationNoteTitleTxt' is exist

2022-06-27 13:17:31 - [MESSAGE][WARNING] - Timeout '0' is invalid. Using default page load timeout: '40'

2022-06-27 13:17:31 - [MESSAGE][PASSED] - Element 'Object Repository/Transfer/transferConfirmationNoteTitleTxt' is exist

2022-06-27 13:17:31 - [TEST_STEP][PASSED] - verifyElementExist(findTestObject("Transfer/transferConfirmationNoteContentTxt"), 0): Element 'Object Repository/Transfer/transferConfirmationNoteContentTxt' is exist

2022-06-27 13:17:31 - [MESSAGE][WARNING] - Timeout '0' is invalid. Using default page load timeout: '40'

2022-06-27 13:17:32 - [MESSAGE][PASSED] - Element 'Object Repository/Transfer/transferConfirmationNoteContentTxt' is exist

2022-06-27 13:17:32 - [TEST_STEP][PASSED] - tap(findTestObject("Transfer/transferConfirmationOptionalGreyWordTxt"), 0): Tapped on element 'Object Repository/Transfer/transferConfirmationOptionalGreyWordTxt'

2022-06-27 13:17:32 - [MESSAGE][WARNING] - Timeout '0' is invalid. Using default page load timeout: '40'

2022-06-27 13:17:32 - [MESSAGE][PASSED] - Tapped on element 'Object Repository/Transfer/transferConfirmationOptionalGreyWordTxt'

2022-06-27 13:17:32 - [TEST_STEP][PASSED] - setText(findTestObject("Transfer/transferConfirmationDetailsInputField"), referenceC, 0): Text 'Test Transfer' has been set to element 'Object Repository/Transfer/transferConfirmationDetailsInputField'

2022-06-27 13:17:32 - [MESSAGE][WARNING] - Timeout '0' is invalid. Using default page load timeout: '40'

2022-06-27 13:17:34 - [MESSAGE][PASSED] - Text 'Test Transfer' has been set to element 'Object Repository/Transfer/transferConfirmationDetailsInputField'

2022-06-27 13:17:34 - [TEST_STEP][PASSED] - hideKeyboard(): Keyboard is hidden

2022-06-27 13:17:36 - [MESSAGE][PASSED] - Keyboard is hidden

2022-06-27 13:17:36 - [TEST_STEP][PASSED] - verifyElementText(findTestObject("Transfer/transferConfirmationOptionalGreyWordTxt"), referenceC): Actual text and expected text of test object 'Object Repository/Transfer/transferConfirmationOptionalGreyWordTxt' are matched.

2022-06-27 13:17:37 - [MESSAGE][PASSED] - Actual text and expected text of test object 'Object Repository/Transfer/transferConfirmationOptionalGreyWordTxt' are matched.

2022-06-27 13:17:37 - [TEST_STEP][PASSED] - device_Height_2 = getDeviceHeight(): Current device physical height is 2167

2022-06-27 13:17:37 - [MESSAGE][PASSED] - Current device physical height is 2167

2022-06-27 13:17:37 - [TEST_STEP][PASSED] - device_Width_2 = getDeviceWidth(): Current device physical width is 1080

2022-06-27 13:17:37 - [MESSAGE][PASSED] - Current device physical width is 1080

2022-06-27 13:17:37 - [TEST_STEP][PASSED] - startX_2 = device_Width_2 / 2: null

2022-06-27 13:17:37 - [TEST_STEP][PASSED] - endX_2 = startX_2: null

2022-06-27 13:17:37 - [TEST_STEP][PASSED] - startY_2 = device_Height_2 * 0.30: null

2022-06-27 13:17:37 - [TEST_STEP][PASSED] - endY_2 = device_Height_2 * 0.70: null

2022-06-27 13:17:37 - [TEST_STEP][PASSED] - swipe(startX_2, endY_2, endX_2, startY_2): Swiped from 540,1,516 to 540,650

2022-06-27 13:17:38 - [MESSAGE][PASSED] - Swiped from 540,1,516 to 540,650

2022-06-27 13:17:38 - [TEST_STEP][PASSED] - verifyElementText(findTestObject("Transfer/transferConfirmationFromAccTypeTxt", ["accType":accType]), accType): Actual text and expected text of test object 'Object Repository/Transfer/transferConfirmationFromAccTypeTxt' are matched.

2022-06-27 13:17:38 - [MESSAGE][PASSED] - Actual text and expected text of test object 'Object Repository/Transfer/transferConfirmationFromAccTypeTxt' are matched.

2022-06-27 13:17:38 - [TEST_STEP][PASSED] - verifyElementText(findTestObject("Transfer/transferConfirmationFromAccNoTxt", ["accNoFrom":accNoFrom]), accNoFrom): Actual text and expected text of test object 'Object Repository/Transfer/transferConfirmationFromAccNoTxt' are matched.

2022-06-27 13:17:39 - [MESSAGE][PASSED] - Actual text and expected text of test object 'Object Repository/Transfer/transferConfirmationFromAccNoTxt' are matched.

2022-06-27 13:17:39 - [TEST_STEP][PASSED] - verifyElementExist(findTestObject("Transfer/transferConfirmationFromAccBalanceTxt"), 0): Element 'Object Repository/Transfer/transferConfirmationFromAccBalanceTxt' is exist

2022-06-27 13:17:39 - [MESSAGE][WARNING] - Timeout '0' is invalid. Using default page load timeout: '40'

2022-06-27 13:17:39 - [MESSAGE][PASSED] - Element 'Object Repository/Transfer/transferConfirmationFromAccBalanceTxt' is exist

2022-06-27 13:17:39 - [TEST_STEP][PASSED] - accountBalance = getText(findTestObject("Transfer/transferConfirmationFromAccBalanceTxt"), 0): Text of element 'Object Repository/Transfer/transferConfirmationFromAccBalanceTxt' is: 'RM 1,934.90'

2022-06-27 13:17:39 - [MESSAGE][WARNING] - Timeout '0' is invalid. Using default page load timeout: '40'

2022-06-27 13:17:39 - [MESSAGE][PASSED] - Text of element 'Object Repository/Transfer/transferConfirmationFromAccBalanceTxt' is: 'RM 1,934.90'

2022-06-27 13:17:39 - [TEST_STEP][PASSED] - println(accountBalance): null

2022-06-27 13:17:39 - [TEST_STEP][PASSED] - tap(findTestObject("Main/mainTransferNowBtn"), 0): Tapped on element 'Object Repository/Main/mainTransferNowBtn'

2022-06-27 13:17:39 - [MESSAGE][WARNING] - Timeout '0' is invalid. Using default page load timeout: '40'

2022-06-27 13:17:39 - [MESSAGE][PASSED] - Tapped on element 'Object Repository/Main/mainTransferNowBtn'

2022-06-27 13:17:39 - [TEST_STEP][PASSED] - if (verifyElementVisible(findTestObject("Festive Season/seasonalGreetingAngpaoTACNoTxt"), 5, OPTIONAL)): Element 'Object Repository/Festive Season/seasonalGreetingAngpaoTACNoTxt' not found

2022-06-27 13:17:45 - [MESSAGE][WARNING] - Element 'Object Repository/Festive Season/seasonalGreetingAngpaoTACNoTxt' not found

2022-06-27 13:17:45 - [TEST_STEP][PASSED] - else: Tapped on element 'Object Repository/Main/mainS2UApproveBtn'

2022-06-27 13:17:45 - [TEST_STEP][PASSED] - delay(5): Delayed 5 second(s)

2022-06-27 13:17:50 - [MESSAGE][PASSED] - Delayed 5 second(s)

2022-06-27 13:17:50 - [TEST_STEP][PASSED] - verifyElementVisible(findTestObject("Main/mainS2UApproveBtn"), 0): Element 'Object Repository/Main/mainS2UApproveBtn' is visible

2022-06-27 13:17:50 - [MESSAGE][WARNING] - Timeout '0' is invalid. Using default page load timeout: '40'

2022-06-27 13:17:50 - [MESSAGE][PASSED] - Element 'Object Repository/Main/mainS2UApproveBtn' is visible

2022-06-27 13:17:50 - [TEST_STEP][PASSED] - tap(findTestObject("Main/mainS2UApproveBtn"), 0): Tapped on element 'Object Repository/Main/mainS2UApproveBtn'

2022-06-27 13:17:50 - [MESSAGE][WARNING] - Timeout '0' is invalid. Using default page load timeout: '40'

2022-06-27 13:17:50 - [MESSAGE][PASSED] - Tapped on element 'Object Repository/Main/mainS2UApproveBtn'

2022-06-27 13:17:50 - [TEST_STEP][PASSED] - delay(5): Delayed 5 second(s)

2022-06-27 13:17:55 - [MESSAGE][PASSED] - Delayed 5 second(s)

2022-06-27 13:17:55 - [TEST_STEP][PASSED] - verifyElementExist(findTestObject("Festive Season/returnAngpaoStatusMessageTxt"), 0): Element 'Object Repository/Festive Season/returnAngpaoStatusMessageTxt' is exist

2022-06-27 13:17:55 - [MESSAGE][WARNING] - Timeout '0' is invalid. Using default page load timeout: '40'

2022-06-27 13:17:55 - [MESSAGE][PASSED] - Element 'Object Repository/Festive Season/returnAngpaoStatusMessageTxt' is exist

2022-06-27 13:17:55 - [TEST_STEP][PASSED] - message = getText(findTestObject("Festive Season/returnAngpaoStatusMessageTxt"), 10): Text of element 'Object Repository/Festive Season/returnAngpaoStatusMessageTxt' is: 'Transfer successful'

2022-06-27 13:17:55 - [MESSAGE][PASSED] - Text of element 'Object Repository/Festive Season/returnAngpaoStatusMessageTxt' is: 'Transfer successful'

2022-06-27 13:17:55 - [TEST_STEP][PASSED] - println(message): null

2022-06-27 13:17:55 - [TEST_STEP][PASSED] - assert message == successTransactionMessage: null

2022-06-27 13:17:55 - [TEST_STEP][PASSED] - verifyElementExist(findTestObject("Transfer/transferSummaryDateTimeTitleTxt"), 0): Element 'Object Repository/Transfer/transferSummaryDateTimeTitleTxt' is exist

2022-06-27 13:17:55 - [MESSAGE][WARNING] - Timeout '0' is invalid. Using default page load timeout: '40'

2022-06-27 13:17:55 - [MESSAGE][PASSED] - Element 'Object Repository/Transfer/transferSummaryDateTimeTitleTxt' is exist

2022-06-27 13:17:55 - [TEST_STEP][PASSED] - verifyElementExist(findTestObject("Transfer/transferSummaryRefIDTitleTxt"), 0): Element 'Object Repository/Transfer/transferSummaryRefIDTitleTxt' is exist

2022-06-27 13:17:55 - [MESSAGE][WARNING] - Timeout '0' is invalid. Using default page load timeout: '40'

2022-06-27 13:17:56 - [MESSAGE][PASSED] - Element 'Object Repository/Transfer/transferSummaryRefIDTitleTxt' is exist

2022-06-27 13:17:56 - [TEST_STEP][PASSED] - verifyElementExist(findTestObject("Transfer/transferSummaryShareReceiptBtn"), 0): Element 'Object Repository/Transfer/transferSummaryShareReceiptBtn' is exist

2022-06-27 13:17:56 - [MESSAGE][WARNING] - Timeout '0' is invalid. Using default page load timeout: '40'

2022-06-27 13:17:56 - [MESSAGE][PASSED] - Element 'Object Repository/Transfer/transferSummaryShareReceiptBtn' is exist

2022-06-27 13:17:56 - [TEST_STEP][PASSED] - delay(5): Delayed 5 second(s)

2022-06-27 13:18:01 - [MESSAGE][PASSED] - Delayed 5 second(s)

2022-06-27 13:18:01 - [TEST_STEP][PASSED] - referenceID = getText(findTestObject("Send Request Money/requestMoneyPaySummaryRefIDTxt"), 0): Text of element 'Object Repository/Send Request Money/requestMoneyPaySummaryRefIDTxt' is: '181599064M'

2022-06-27 13:18:01 - [MESSAGE][WARNING] - Timeout '0' is invalid. Using default page load timeout: '40'

2022-06-27 13:18:01 - [MESSAGE][PASSED] - Text of element 'Object Repository/Send Request Money/requestMoneyPaySummaryRefIDTxt' is: '181599064M'

2022-06-27 13:18:01 - [TEST_STEP][PASSED] - println(referenceID): null

2022-06-27 13:18:01 - [TEST_STEP][PASSED] - test = "/Users/a00139272/git/MAEAutomation2/Performance.xlsx": null

2022-06-27 13:18:01 - [TEST_STEP][PASSED] - sheetName = "Sheet1": null

2022-06-27 13:18:01 - [TEST_STEP][PASSED] - file1 = new java.io.File(test): null

2022-06-27 13:18:01 - [TEST_STEP][PASSED] - assert file1.exists() == true: null

2022-06-27 13:18:01 - [TEST_STEP][PASSED] - woorkbook1 = getWorkbook(test): null

2022-06-27 13:18:01 - [TEST_STEP][PASSED] - sheet1 = getExcelSheet(woorkbook1, sheetName): null

2022-06-27 13:18:01 - [TEST_STEP][PASSED] - setValueToCellByIndex(sheet1, 3, 1, referenceID): null

2022-06-27 13:18:01 - [TEST_STEP][PASSED] - saveWorkbook(test, woorkbook1): null

2022-06-27 13:18:01 - [TEST_STEP][PASSED] - delay(3): Delayed 3 second(s)

2022-06-27 13:18:04 - [MESSAGE][PASSED] - Delayed 3 second(s)

2022-06-27 13:18:04 - [TEST_STEP][PASSED] - takeScreenshot("/Users/a00139272/Desktop/Screenshot/instantThirdParty.png"): Screenshot is taken

2022-06-27 13:18:05 - [MESSAGE][PASSED] - Screenshot is taken
[[ATTACHMENT|/Users/a00139272/Desktop/Screenshot/instantThirdParty.png]]

2022-06-27 13:18:05 - [TEST_STEP][PASSED] - verifyElementVisible(findTestObject("Main/mainDoneBtn"), 0): Element 'Object Repository/Main/mainDoneBtn' is visible

2022-06-27 13:18:05 - [MESSAGE][WARNING] - Timeout '0' is invalid. Using default page load timeout: '40'

2022-06-27 13:18:05 - [MESSAGE][PASSED] - Element 'Object Repository/Main/mainDoneBtn' is visible

2022-06-27 13:18:05 - [TEST_STEP][PASSED] - tap(findTestObject("Main/mainDoneBtn"), 0): Tapped on element 'Object Repository/Main/mainDoneBtn'

2022-06-27 13:18:05 - [MESSAGE][WARNING] - Timeout '0' is invalid. Using default page load timeout: '40'

2022-06-27 13:18:05 - [MESSAGE][PASSED] - Tapped on element 'Object Repository/Main/mainDoneBtn'

2022-06-27 13:18:05 - [TEST_STEP][PASSED] - delay(5): Delayed 5 second(s)

2022-06-27 13:18:10 - [MESSAGE][PASSED] - Delayed 5 second(s)

2022-06-27 13:18:10 - [TEST_STEP][PASSED] - tap(findTestObject("Main/mainTopLeftBackButton"), 0): Tapped on element 'Object Repository/Main/mainTopLeftBackButton'

2022-06-27 13:18:10 - [MESSAGE][WARNING] - Timeout '0' is invalid. Using default page load timeout: '40'

2022-06-27 13:18:11 - [MESSAGE][PASSED] - Tapped on element 'Object Repository/Main/mainTopLeftBackButton'

2022-06-27 13:18:11 - [TEST_STEP][PASSED] - verifyElementVisible(findTestObject("Banking/m2uAccountTypeSelection", ["text":"MAE"]), 0): Element 'Object Repository/Banking/m2uAccountTypeSelection' is visible

2022-06-27 13:18:11 - [MESSAGE][WARNING] - Timeout '0' is invalid. Using default page load timeout: '40'

2022-06-27 13:18:13 - [MESSAGE][PASSED] - Element 'Object Repository/Banking/m2uAccountTypeSelection' is visible

2022-06-27 13:18:13 - [TEST_STEP][PASSED] - tap(findTestObject("Banking/m2uAccountTypeSelection", ["text":"MAE"]), 10): Tapped on element 'Object Repository/Banking/m2uAccountTypeSelection'

2022-06-27 13:18:13 - [MESSAGE][PASSED] - Tapped on element 'Object Repository/Banking/m2uAccountTypeSelection'

2022-06-27 13:18:13 - [TEST_STEP][PASSED] - delay(5): Delayed 5 second(s)

2022-06-27 13:18:18 - [MESSAGE][PASSED] - Delayed 5 second(s)

2022-06-27 13:18:18 - [TEST_STEP][PASSED] - afterBalance = getText(findTestObject("Main/mainAccountsBalanceTxt"), 0): Text of element 'Object Repository/Main/mainAccountsBalanceTxt' is: 'RM 1,934.90'

2022-06-27 13:18:18 - [MESSAGE][WARNING] - Timeout '0' is invalid. Using default page load timeout: '40'

2022-06-27 13:18:19 - [MESSAGE][PASSED] - Text of element 'Object Repository/Main/mainAccountsBalanceTxt' is: 'RM 1,934.90'

2022-06-27 13:18:19 - [TEST_STEP][PASSED] - newAfterBalance = afterBalance.replaceAll("[^0-9.]", ""): null

2022-06-27 13:18:19 - [TEST_STEP][PASSED] - newAccountBalance = accountBalance.replaceAll("[^0-9.]", ""): null

2022-06-27 13:18:19 - [TEST_STEP][PASSED] - newAfterBalanceF = Float.parseFloat(newAfterBalance): null

2022-06-27 13:18:19 - [TEST_STEP][PASSED] - newAccountBalanceF = Float.parseFloat(newAccountBalance): null

2022-06-27 13:18:19 - [TEST_STEP][PASSED] - println(afterBalance): null

2022-06-27 13:18:19 - [TEST_STEP][PASSED] - println(accountBalance): null

2022-06-27 13:18:19 - [TEST_STEP][PASSED] - println(newAfterBalance): null

2022-06-27 13:18:19 - [TEST_STEP][PASSED] - println(newAccountBalance): null

2022-06-27 13:18:19 - [TEST_STEP][PASSED] - value_1 = checkValue: null

2022-06-27 13:18:19 - [TEST_STEP][PASSED] - value_2 = value_1.replaceAll("[^0-9.]", ""): null

2022-06-27 13:18:19 - [TEST_STEP][PASSED] - newValue = Float.parseFloat(value_2): null

2022-06-27 13:18:19 - [TEST_STEP][PASSED] - newBalance = newAccountBalanceF - newValue: null

2022-06-27 13:18:19 - [TEST_STEP][PASSED] - println(newBalance): null

2022-06-27 13:18:19 - [TEST_STEP][FAILED] - assert newBalance.round(2) == newAfterBalanceF: Test Cases/Transfer/transfer_thirdPartyToday FAILED.
Reason:
Assertion failed: 

assert newBalance.round(2) == newAfterBalanceF
       |          |        |  |
       1934.86    1934.86  |  1934.9
                           false

	at transfer_thirdPartyToday.run(transfer_thirdPartyToday:342)
	at com.kms.katalon.core.main.ScriptEngine.run(ScriptEngine.java:194)
	at com.kms.katalon.core.main.ScriptEngine.runScriptAsRawText(ScriptEngine.java:119)
	at com.kms.katalon.core.main.TestCaseExecutor.runScript(TestCaseExecutor.java:445)
	at com.kms.katalon.core.main.TestCaseExecutor.doExecute(TestCaseExecutor.java:436)
	at com.kms.katalon.core.main.TestCaseExecutor.processExecutionPhase(TestCaseExecutor.java:415)
	at com.kms.katalon.core.main.TestCaseExecutor.accessMainPhase(TestCaseExecutor.java:407)
	at com.kms.katalon.core.main.TestCaseExecutor.execute(TestCaseExecutor.java:284)
	at com.kms.katalon.core.common.CommonExecutor.accessTestCaseMainPhase(CommonExecutor.java:65)
	at com.kms.katalon.core.main.TestSuiteExecutor.accessTestSuiteMainPhase(TestSuiteExecutor.java:144)
	at com.kms.katalon.core.main.TestSuiteExecutor.execute(TestSuiteExecutor.java:106)
	at com.kms.katalon.core.main.TestCaseMain.startTestSuite(TestCaseMain.java:185)
	at com.kms.katalon.core.main.TestCaseMain$startTestSuite$0.call(Unknown Source)
	at TempTestSuite1656306335392.run(TempTestSuite1656306335392.groovy:36)


2022-06-27 13:18:19 - [MESSAGE][FAILED] - Test Cases/Transfer/transfer_thirdPartyToday FAILED.
Reason:
Assertion failed: 

assert newBalance.round(2) == newAfterBalanceF
       |          |        |  |
       1934.86    1934.86  |  1934.9
                           false

	at transfer_thirdPartyToday.run(transfer_thirdPartyToday:342)
	at com.kms.katalon.core.main.ScriptEngine.run(ScriptEngine.java:194)
	at com.kms.katalon.core.main.ScriptEngine.runScriptAsRawText(ScriptEngine.java:119)
	at com.kms.katalon.core.main.TestCaseExecutor.runScript(TestCaseExecutor.java:445)
	at com.kms.katalon.core.main.TestCaseExecutor.doExecute(TestCaseExecutor.java:436)
	at com.kms.katalon.core.main.TestCaseExecutor.processExecutionPhase(TestCaseExecutor.java:415)
	at com.kms.katalon.core.main.TestCaseExecutor.accessMainPhase(TestCaseExecutor.java:407)
	at com.kms.katalon.core.main.TestCaseExecutor.execute(TestCaseExecutor.java:284)
	at com.kms.katalon.core.common.CommonExecutor.accessTestCaseMainPhase(CommonExecutor.java:65)
	at com.kms.katalon.core.main.TestSuiteExecutor.accessTestSuiteMainPhase(TestSuiteExecutor.java:144)
	at com.kms.katalon.core.main.TestSuiteExecutor.execute(TestSuiteExecutor.java:106)
	at com.kms.katalon.core.main.TestCaseMain.startTestSuite(TestCaseMain.java:185)
	at com.kms.katalon.core.main.TestCaseMain$startTestSuite$0.call(Unknown Source)
	at TempTestSuite1656306335392.run(TempTestSuite1656306335392.groovy:36)]]></system-out>
         <system-err><![CDATA[2022-06-27 13:14:55 - [TEST_CASE][FAILED] - Test Cases/Transfer/transfer_thirdPartyToday: Test Cases/Transfer/transfer_thirdPartyToday FAILED.
Reason:
Assertion failed: 

assert newBalance.round(2) == newAfterBalanceF
       |          |        |  |
       1934.86    1934.86  |  1934.9
                           false

	at transfer_thirdPartyToday.run(transfer_thirdPartyToday:342)
	at com.kms.katalon.core.main.ScriptEngine.run(ScriptEngine.java:194)
	at com.kms.katalon.core.main.ScriptEngine.runScriptAsRawText(ScriptEngine.java:119)
	at com.kms.katalon.core.main.TestCaseExecutor.runScript(TestCaseExecutor.java:445)
	at com.kms.katalon.core.main.TestCaseExecutor.doExecute(TestCaseExecutor.java:436)
	at com.kms.katalon.core.main.TestCaseExecutor.processExecutionPhase(TestCaseExecutor.java:415)
	at com.kms.katalon.core.main.TestCaseExecutor.accessMainPhase(TestCaseExecutor.java:407)
	at com.kms.katalon.core.main.TestCaseExecutor.execute(TestCaseExecutor.java:284)
	at com.kms.katalon.core.common.CommonExecutor.accessTestCaseMainPhase(CommonExecutor.java:65)
	at com.kms.katalon.core.main.TestSuiteExecutor.accessTestSuiteMainPhase(TestSuiteExecutor.java:144)
	at com.kms.katalon.core.main.TestSuiteExecutor.execute(TestSuiteExecutor.java:106)
	at com.kms.katalon.core.main.TestCaseMain.startTestSuite(TestCaseMain.java:185)
	at com.kms.katalon.core.main.TestCaseMain$startTestSuite$0.call(Unknown Source)
	at TempTestSuite1656306335392.run(TempTestSuite1656306335392.groovy:36)]]></system-err>
      </testcase>
      <testcase name="Test Cases/Transfer/transfer_thirdPartyFuture" time="232.826" classname="Test Cases/Transfer/transfer_thirdPartyFuture" status="PASSED">
         <system-out><![CDATA[2022-06-27 13:18:19 - [TEST_CASE][PASSED] - Test Cases/Transfer/transfer_thirdPartyFuture: Test Cases/Transfer/transfer_thirdPartyFuture

2022-06-27 13:18:19 - [TEST_STEP][PASSED] - start = "Starts": null

2022-06-27 13:18:19 - [TEST_STEP][PASSED] - println(start): null

2022-06-27 13:18:19 - [TEST_STEP][PASSED] - delay(5): Delayed 5 second(s)

2022-06-27 13:18:24 - [MESSAGE][PASSED] - Delayed 5 second(s)

2022-06-27 13:18:24 - [TEST_STEP][PASSED] - verifyElementVisible(findTestObject("Banking/m2uAccountTransferIconSelect"), 0): Element 'Object Repository/Banking/m2uAccountTransferIconSelect' is visible

2022-06-27 13:18:24 - [MESSAGE][WARNING] - Timeout '0' is invalid. Using default page load timeout: '40'

2022-06-27 13:18:24 - [MESSAGE][PASSED] - Element 'Object Repository/Banking/m2uAccountTransferIconSelect' is visible

2022-06-27 13:18:24 - [TEST_STEP][PASSED] - tap(findTestObject("Banking/m2uAccountTransferIconSelect"), 0): Tapped on element 'Object Repository/Banking/m2uAccountTransferIconSelect'

2022-06-27 13:18:24 - [MESSAGE][WARNING] - Timeout '0' is invalid. Using default page load timeout: '40'

2022-06-27 13:18:25 - [MESSAGE][PASSED] - Tapped on element 'Object Repository/Banking/m2uAccountTransferIconSelect'

2022-06-27 13:18:25 - [TEST_STEP][PASSED] - delay(5): Delayed 5 second(s)

2022-06-27 13:18:30 - [MESSAGE][PASSED] - Delayed 5 second(s)

2022-06-27 13:18:30 - [TEST_STEP][PASSED] - tap(findTestObject("Banking/transferOthersTopMenuSelect"), 0): Tapped on element 'Object Repository/Banking/transferOthersTopMenuSelect'

2022-06-27 13:18:30 - [MESSAGE][WARNING] - Timeout '0' is invalid. Using default page load timeout: '40'

2022-06-27 13:19:31 - [MESSAGE][PASSED] - Tapped on element 'Object Repository/Banking/transferOthersTopMenuSelect'

2022-06-27 13:19:31 - [TEST_STEP][PASSED] - verifyElementVisible(findTestObject("Banking/transferBanksIconSelect"), 0): Element 'Object Repository/Banking/transferBanksIconSelect' is visible

2022-06-27 13:19:31 - [MESSAGE][WARNING] - Timeout '0' is invalid. Using default page load timeout: '40'

2022-06-27 13:20:22 - [MESSAGE][PASSED] - Element 'Object Repository/Banking/transferBanksIconSelect' is visible

2022-06-27 13:20:22 - [TEST_STEP][PASSED] - tap(findTestObject("Banking/transferBanksIconSelect"), 0): Tapped on element 'Object Repository/Banking/transferBanksIconSelect'

2022-06-27 13:20:22 - [MESSAGE][WARNING] - Timeout '0' is invalid. Using default page load timeout: '40'

2022-06-27 13:21:15 - [MESSAGE][PASSED] - Tapped on element 'Object Repository/Banking/transferBanksIconSelect'

2022-06-27 13:21:15 - [TEST_STEP][PASSED] - tap(findTestObject("Banking/transferToMaybankSelect"), 0): Tapped on element 'Object Repository/Banking/transferToMaybankSelect'

2022-06-27 13:21:15 - [MESSAGE][WARNING] - Timeout '0' is invalid. Using default page load timeout: '40'

2022-06-27 13:21:16 - [MESSAGE][PASSED] - Tapped on element 'Object Repository/Banking/transferToMaybankSelect'

2022-06-27 13:21:16 - [TEST_STEP][PASSED] - setText(findTestObject("Banking/transferAccountNoInputField"), "514012082699", 0): Text '514012082699' has been set to element 'Object Repository/Banking/transferAccountNoInputField'

2022-06-27 13:21:16 - [MESSAGE][WARNING] - Timeout '0' is invalid. Using default page load timeout: '40'

2022-06-27 13:21:19 - [MESSAGE][PASSED] - Text '514012082699' has been set to element 'Object Repository/Banking/transferAccountNoInputField'

2022-06-27 13:21:19 - [TEST_STEP][PASSED] - hideKeyboard(): Keyboard is hidden

2022-06-27 13:21:23 - [MESSAGE][PASSED] - Keyboard is hidden

2022-06-27 13:21:23 - [TEST_STEP][PASSED] - tap(findTestObject("Login Onboarding/loginExistingContinueBtn"), 0): Tapped on element 'Object Repository/Login Onboarding/loginExistingContinueBtn'

2022-06-27 13:21:23 - [MESSAGE][WARNING] - Timeout '0' is invalid. Using default page load timeout: '40'

2022-06-27 13:21:23 - [MESSAGE][PASSED] - Tapped on element 'Object Repository/Login Onboarding/loginExistingContinueBtn'

2022-06-27 13:21:23 - [TEST_STEP][PASSED] - tap(findTestObject("Login Onboarding/PIN4"), 0): Tapped on element 'Object Repository/Login Onboarding/PIN4'

2022-06-27 13:21:23 - [MESSAGE][WARNING] - Timeout '0' is invalid. Using default page load timeout: '40'

2022-06-27 13:21:27 - [MESSAGE][PASSED] - Tapped on element 'Object Repository/Login Onboarding/PIN4'

2022-06-27 13:21:27 - [TEST_STEP][PASSED] - delay(3): Delayed 3 second(s)

2022-06-27 13:21:30 - [MESSAGE][PASSED] - Delayed 3 second(s)

2022-06-27 13:21:30 - [TEST_STEP][PASSED] - tap(findTestObject("Login Onboarding/loginPinTickBtn"), 0): Tapped on element 'Object Repository/Login Onboarding/loginPinTickBtn'

2022-06-27 13:21:30 - [MESSAGE][WARNING] - Timeout '0' is invalid. Using default page load timeout: '40'

2022-06-27 13:21:30 - [MESSAGE][PASSED] - Tapped on element 'Object Repository/Login Onboarding/loginPinTickBtn'

2022-06-27 13:21:30 - [TEST_STEP][PASSED] - setText(findTestObject("Banking/transferReferenceInputField"), "AmountTranser", 0): Text 'AmountTranser' has been set to element 'Object Repository/Banking/transferReferenceInputField'

2022-06-27 13:21:30 - [MESSAGE][WARNING] - Timeout '0' is invalid. Using default page load timeout: '40'

2022-06-27 13:21:33 - [MESSAGE][PASSED] - Text 'AmountTranser' has been set to element 'Object Repository/Banking/transferReferenceInputField'

2022-06-27 13:21:33 - [TEST_STEP][PASSED] - hideKeyboard(): Keyboard is hidden

2022-06-27 13:21:35 - [MESSAGE][PASSED] - Keyboard is hidden

2022-06-27 13:21:35 - [TEST_STEP][PASSED] - tap(findTestObject("Login Onboarding/loginExistingContinueBtn"), 0): Tapped on element 'Object Repository/Login Onboarding/loginExistingContinueBtn'

2022-06-27 13:21:35 - [MESSAGE][WARNING] - Timeout '0' is invalid. Using default page load timeout: '40'

2022-06-27 13:21:35 - [MESSAGE][PASSED] - Tapped on element 'Object Repository/Login Onboarding/loginExistingContinueBtn'

2022-06-27 13:21:35 - [TEST_STEP][PASSED] - tap(findTestObject("Main/mainDatePickerTodaySelect"), 0): Tapped on element 'Object Repository/Main/mainDatePickerTodaySelect'

2022-06-27 13:21:35 - [MESSAGE][WARNING] - Timeout '0' is invalid. Using default page load timeout: '40'

2022-06-27 13:21:38 - [MESSAGE][PASSED] - Tapped on element 'Object Repository/Main/mainDatePickerTodaySelect'

2022-06-27 13:21:38 - [TEST_STEP][PASSED] - tap(findTestObject("Main/mainCalenderPickerNextBtn"), 0): Tapped on element 'Object Repository/Main/mainCalenderPickerNextBtn'

2022-06-27 13:21:38 - [MESSAGE][WARNING] - Timeout '0' is invalid. Using default page load timeout: '40'

2022-06-27 13:21:40 - [MESSAGE][PASSED] - Tapped on element 'Object Repository/Main/mainCalenderPickerNextBtn'

2022-06-27 13:21:40 - [TEST_STEP][PASSED] - delay(3): Delayed 3 second(s)

2022-06-27 13:21:43 - [MESSAGE][PASSED] - Delayed 3 second(s)

2022-06-27 13:21:43 - [TEST_STEP][PASSED] - tap(findTestObject("Main/mainDatePicker1"), 0): Tapped on element 'Object Repository/Main/mainDatePicker1'

2022-06-27 13:21:43 - [MESSAGE][WARNING] - Timeout '0' is invalid. Using default page load timeout: '40'

2022-06-27 13:21:43 - [MESSAGE][PASSED] - Tapped on element 'Object Repository/Main/mainDatePicker1'

2022-06-27 13:21:43 - [TEST_STEP][PASSED] - tap(findTestObject("Main/mainCalenderPickerDoneBtn"), 0): Tapped on element 'Object Repository/Main/mainCalenderPickerDoneBtn'

2022-06-27 13:21:43 - [MESSAGE][WARNING] - Timeout '0' is invalid. Using default page load timeout: '40'

2022-06-27 13:21:44 - [MESSAGE][PASSED] - Tapped on element 'Object Repository/Main/mainCalenderPickerDoneBtn'

2022-06-27 13:21:44 - [TEST_STEP][PASSED] - date = getText(findTestObject("Main/mainGetTransactionDateTxt"), 10): Text of element 'Object Repository/Main/mainGetTransactionDateTxt' is: '25 Jul 2022'

2022-06-27 13:21:45 - [MESSAGE][PASSED] - Text of element 'Object Repository/Main/mainGetTransactionDateTxt' is: '25 Jul 2022'

2022-06-27 13:21:45 - [TEST_STEP][PASSED] - println("Date is " + date): null

2022-06-27 13:21:45 - [TEST_STEP][PASSED] - tap(findTestObject("Main/mainTransferNowBtn"), 0): Tapped on element 'Object Repository/Main/mainTransferNowBtn'

2022-06-27 13:21:45 - [MESSAGE][WARNING] - Timeout '0' is invalid. Using default page load timeout: '40'

2022-06-27 13:21:45 - [MESSAGE][PASSED] - Tapped on element 'Object Repository/Main/mainTransferNowBtn'

2022-06-27 13:21:45 - [TEST_STEP][PASSED] - if (verifyElementVisible(findTestObject("Festive Season/seasonalGreetingAngpaoTACNoTxt"), 10, OPTIONAL)): Element 'Object Repository/Festive Season/seasonalGreetingAngpaoTACNoTxt' not found

2022-06-27 13:21:55 - [MESSAGE][WARNING] - Element 'Object Repository/Festive Season/seasonalGreetingAngpaoTACNoTxt' not found

2022-06-27 13:21:55 - [TEST_STEP][PASSED] - else: Tapped on element 'Object Repository/Main/mainS2UApproveBtn'

2022-06-27 13:21:55 - [TEST_STEP][PASSED] - delay(5): Delayed 5 second(s)

2022-06-27 13:22:00 - [MESSAGE][PASSED] - Delayed 5 second(s)

2022-06-27 13:22:00 - [TEST_STEP][PASSED] - verifyElementVisible(findTestObject("Main/mainS2UApproveBtn"), 3): Element 'Object Repository/Main/mainS2UApproveBtn' is visible

2022-06-27 13:22:01 - [MESSAGE][PASSED] - Element 'Object Repository/Main/mainS2UApproveBtn' is visible

2022-06-27 13:22:01 - [TEST_STEP][PASSED] - tap(findTestObject("Main/mainS2UApproveBtn"), 0): Tapped on element 'Object Repository/Main/mainS2UApproveBtn'

2022-06-27 13:22:01 - [MESSAGE][WARNING] - Timeout '0' is invalid. Using default page load timeout: '40'

2022-06-27 13:22:01 - [MESSAGE][PASSED] - Tapped on element 'Object Repository/Main/mainS2UApproveBtn'

2022-06-27 13:22:01 - [TEST_STEP][PASSED] - delay(2): Delayed 2 second(s)

2022-06-27 13:22:03 - [MESSAGE][PASSED] - Delayed 2 second(s)

2022-06-27 13:22:03 - [TEST_STEP][PASSED] - RefID = getText(findTestObject("Transfer/transferTransactionRefIDTxt"), 10): Text of element 'Object Repository/Transfer/transferTransactionRefIDTxt' is: 'Date & time'

2022-06-27 13:22:05 - [MESSAGE][PASSED] - Text of element 'Object Repository/Transfer/transferTransactionRefIDTxt' is: 'Date & time'

2022-06-27 13:22:05 - [TEST_STEP][PASSED] - println("Reference ID is" + RefID): null

2022-06-27 13:22:05 - [TEST_STEP][PASSED] - takeScreenshot("/Users/a00139272/Desktop/Screenshot/thirdPartyFuture.png"): Screenshot is taken

2022-06-27 13:22:06 - [MESSAGE][PASSED] - Screenshot is taken
[[ATTACHMENT|/Users/a00139272/Desktop/Screenshot/thirdPartyFuture.png]]

2022-06-27 13:22:06 - [TEST_STEP][PASSED] - verifyElementVisible(findTestObject("Main/mainDoneBtn"), 3): Element 'Object Repository/Main/mainDoneBtn' is visible

2022-06-27 13:22:06 - [MESSAGE][PASSED] - Element 'Object Repository/Main/mainDoneBtn' is visible

2022-06-27 13:22:06 - [TEST_STEP][PASSED] - tap(findTestObject("Main/mainDoneBtn"), 0): Tapped on element 'Object Repository/Main/mainDoneBtn'

2022-06-27 13:22:06 - [MESSAGE][WARNING] - Timeout '0' is invalid. Using default page load timeout: '40'

2022-06-27 13:22:06 - [MESSAGE][PASSED] - Tapped on element 'Object Repository/Main/mainDoneBtn'

2022-06-27 13:22:06 - [TEST_STEP][PASSED] - println("Payment Scheduled Test Case Completed"): null

2022-06-27 13:22:06 - [TEST_STEP][PASSED] - delay(5): Delayed 5 second(s)

2022-06-27 13:22:11 - [MESSAGE][PASSED] - Delayed 5 second(s)]]></system-out>
         <system-err><![CDATA[]]></system-err>
      </testcase>
      <testcase name="Test Cases/Transfer/transfer_thirdPartySetFav" time="184.63" classname="Test Cases/Transfer/transfer_thirdPartySetFav" status="PASSED">
         <system-out><![CDATA[2022-06-27 13:22:11 - [TEST_CASE][PASSED] - Test Cases/Transfer/transfer_thirdPartySetFav: Test Cases/Transfer/transfer_thirdPartySetFav

2022-06-27 13:22:12 - [TEST_STEP][PASSED] - delay(5): Delayed 5 second(s)

2022-06-27 13:22:17 - [MESSAGE][PASSED] - Delayed 5 second(s)

2022-06-27 13:22:17 - [TEST_STEP][PASSED] - device_Height = getDeviceHeight(): Current device physical height is 2167

2022-06-27 13:22:17 - [MESSAGE][PASSED] - Current device physical height is 2167

2022-06-27 13:22:17 - [TEST_STEP][PASSED] - device_Width = getDeviceWidth(): Current device physical width is 1080

2022-06-27 13:22:17 - [MESSAGE][PASSED] - Current device physical width is 1080

2022-06-27 13:22:17 - [TEST_STEP][PASSED] - startX = device_Width / 3: null

2022-06-27 13:22:17 - [TEST_STEP][PASSED] - startY = device_Height * 0.97: null

2022-06-27 13:22:17 - [TEST_STEP][PASSED] - verifyElementVisible(findTestObject("Banking/m2uAccountTransferIconSelect"), 0): Element 'Object Repository/Banking/m2uAccountTransferIconSelect' is visible

2022-06-27 13:22:17 - [MESSAGE][WARNING] - Timeout '0' is invalid. Using default page load timeout: '40'

2022-06-27 13:22:17 - [MESSAGE][PASSED] - Element 'Object Repository/Banking/m2uAccountTransferIconSelect' is visible

2022-06-27 13:22:17 - [TEST_STEP][PASSED] - tap(findTestObject("Banking/m2uAccountTransferIconSelect"), 0): Tapped on element 'Object Repository/Banking/m2uAccountTransferIconSelect'

2022-06-27 13:22:17 - [MESSAGE][WARNING] - Timeout '0' is invalid. Using default page load timeout: '40'

2022-06-27 13:22:18 - [MESSAGE][PASSED] - Tapped on element 'Object Repository/Banking/m2uAccountTransferIconSelect'

2022-06-27 13:22:18 - [TEST_STEP][PASSED] - delay(5): Delayed 5 second(s)

2022-06-27 13:22:23 - [MESSAGE][PASSED] - Delayed 5 second(s)

2022-06-27 13:22:23 - [TEST_STEP][PASSED] - tap(findTestObject("Banking/transferOthersTopMenuSelect"), 0): Tapped on element 'Object Repository/Banking/transferOthersTopMenuSelect'

2022-06-27 13:22:23 - [MESSAGE][WARNING] - Timeout '0' is invalid. Using default page load timeout: '40'

2022-06-27 13:23:24 - [MESSAGE][PASSED] - Tapped on element 'Object Repository/Banking/transferOthersTopMenuSelect'

2022-06-27 13:23:24 - [TEST_STEP][PASSED] - delay(3): Delayed 3 second(s)

2022-06-27 13:23:27 - [MESSAGE][PASSED] - Delayed 3 second(s)

2022-06-27 13:23:27 - [TEST_STEP][PASSED] - tap(findTestObject("Banking/transferBanksIconSelect"), 0): Tapped on element 'Object Repository/Banking/transferBanksIconSelect'

2022-06-27 13:23:27 - [MESSAGE][WARNING] - Timeout '0' is invalid. Using default page load timeout: '40'

2022-06-27 13:24:20 - [MESSAGE][PASSED] - Tapped on element 'Object Repository/Banking/transferBanksIconSelect'

2022-06-27 13:24:20 - [TEST_STEP][PASSED] - verifyElementVisible(findTestObject("Banking/transferToMaybankSelect"), 0): Element 'Object Repository/Banking/transferToMaybankSelect' is visible

2022-06-27 13:24:20 - [MESSAGE][WARNING] - Timeout '0' is invalid. Using default page load timeout: '40'

2022-06-27 13:24:20 - [MESSAGE][PASSED] - Element 'Object Repository/Banking/transferToMaybankSelect' is visible

2022-06-27 13:24:20 - [TEST_STEP][PASSED] - tap(findTestObject("Banking/transferToMaybankSelect"), 0): Tapped on element 'Object Repository/Banking/transferToMaybankSelect'

2022-06-27 13:24:20 - [MESSAGE][WARNING] - Timeout '0' is invalid. Using default page load timeout: '40'

2022-06-27 13:24:21 - [MESSAGE][PASSED] - Tapped on element 'Object Repository/Banking/transferToMaybankSelect'

2022-06-27 13:24:21 - [TEST_STEP][PASSED] - setText(findTestObject("Banking/transferAccountNoInputField"), accountNumFav, 0): Text '514012987769' has been set to element 'Object Repository/Banking/transferAccountNoInputField'

2022-06-27 13:24:21 - [MESSAGE][WARNING] - Timeout '0' is invalid. Using default page load timeout: '40'

2022-06-27 13:24:23 - [MESSAGE][PASSED] - Text '514012987769' has been set to element 'Object Repository/Banking/transferAccountNoInputField'

2022-06-27 13:24:23 - [TEST_STEP][PASSED] - hideKeyboard(): Keyboard is hidden

2022-06-27 13:24:28 - [MESSAGE][PASSED] - Keyboard is hidden

2022-06-27 13:24:28 - [TEST_STEP][PASSED] - tap(findTestObject("Login Onboarding/loginExistingContinueBtn"), 0): Tapped on element 'Object Repository/Login Onboarding/loginExistingContinueBtn'

2022-06-27 13:24:28 - [MESSAGE][WARNING] - Timeout '0' is invalid. Using default page load timeout: '40'

2022-06-27 13:24:28 - [MESSAGE][PASSED] - Tapped on element 'Object Repository/Login Onboarding/loginExistingContinueBtn'

2022-06-27 13:24:28 - [TEST_STEP][PASSED] - tap(findTestObject("Login Onboarding/PIN4"), 0): Tapped on element 'Object Repository/Login Onboarding/PIN4'

2022-06-27 13:24:28 - [MESSAGE][WARNING] - Timeout '0' is invalid. Using default page load timeout: '40'

2022-06-27 13:24:32 - [MESSAGE][PASSED] - Tapped on element 'Object Repository/Login Onboarding/PIN4'

2022-06-27 13:24:32 - [TEST_STEP][PASSED] - delay(3): Delayed 3 second(s)

2022-06-27 13:24:35 - [MESSAGE][PASSED] - Delayed 3 second(s)

2022-06-27 13:24:35 - [TEST_STEP][PASSED] - tap(findTestObject("Login Onboarding/loginPinTickBtn"), 0): Tapped on element 'Object Repository/Login Onboarding/loginPinTickBtn'

2022-06-27 13:24:35 - [MESSAGE][WARNING] - Timeout '0' is invalid. Using default page load timeout: '40'

2022-06-27 13:24:35 - [MESSAGE][PASSED] - Tapped on element 'Object Repository/Login Onboarding/loginPinTickBtn'

2022-06-27 13:24:35 - [TEST_STEP][PASSED] - setText(findTestObject("Banking/transferReferenceInputField"), "MBBTransfer", 0): Text 'MBBTransfer' has been set to element 'Object Repository/Banking/transferReferenceInputField'

2022-06-27 13:24:35 - [MESSAGE][WARNING] - Timeout '0' is invalid. Using default page load timeout: '40'

2022-06-27 13:24:38 - [MESSAGE][PASSED] - Text 'MBBTransfer' has been set to element 'Object Repository/Banking/transferReferenceInputField'

2022-06-27 13:24:38 - [TEST_STEP][PASSED] - hideKeyboard(): Keyboard is hidden

2022-06-27 13:24:40 - [MESSAGE][PASSED] - Keyboard is hidden

2022-06-27 13:24:40 - [TEST_STEP][PASSED] - tap(findTestObject("Login Onboarding/loginExistingContinueBtn"), 0): Tapped on element 'Object Repository/Login Onboarding/loginExistingContinueBtn'

2022-06-27 13:24:40 - [MESSAGE][WARNING] - Timeout '0' is invalid. Using default page load timeout: '40'

2022-06-27 13:24:40 - [MESSAGE][PASSED] - Tapped on element 'Object Repository/Login Onboarding/loginExistingContinueBtn'

2022-06-27 13:24:40 - [TEST_STEP][PASSED] - tap(findTestObject("Main/mainTransferNowBtn"), 0): Tapped on element 'Object Repository/Main/mainTransferNowBtn'

2022-06-27 13:24:40 - [MESSAGE][WARNING] - Timeout '0' is invalid. Using default page load timeout: '40'

2022-06-27 13:24:43 - [MESSAGE][PASSED] - Tapped on element 'Object Repository/Main/mainTransferNowBtn'

2022-06-27 13:24:43 - [TEST_STEP][PASSED] - if (verifyElementVisible(findTestObject("Festive Season/seasonalGreetingAngpaoTACNoTxt"), 5, OPTIONAL)): Element 'Object Repository/Festive Season/seasonalGreetingAngpaoTACNoTxt' not found

2022-06-27 13:24:48 - [MESSAGE][WARNING] - Element 'Object Repository/Festive Season/seasonalGreetingAngpaoTACNoTxt' not found

2022-06-27 13:24:48 - [TEST_STEP][PASSED] - else: Tapped on element 'Object Repository/Main/mainS2UApproveBtn'

2022-06-27 13:24:48 - [TEST_STEP][PASSED] - delay(3): Delayed 3 second(s)

2022-06-27 13:24:51 - [MESSAGE][PASSED] - Delayed 3 second(s)

2022-06-27 13:24:51 - [TEST_STEP][PASSED] - verifyElementVisible(findTestObject("Main/mainS2UApproveBtn"), 0): Element 'Object Repository/Main/mainS2UApproveBtn' is visible

2022-06-27 13:24:51 - [MESSAGE][WARNING] - Timeout '0' is invalid. Using default page load timeout: '40'

2022-06-27 13:24:51 - [MESSAGE][PASSED] - Element 'Object Repository/Main/mainS2UApproveBtn' is visible

2022-06-27 13:24:51 - [TEST_STEP][PASSED] - tap(findTestObject("Main/mainS2UApproveBtn"), 0): Tapped on element 'Object Repository/Main/mainS2UApproveBtn'

2022-06-27 13:24:51 - [MESSAGE][WARNING] - Timeout '0' is invalid. Using default page load timeout: '40'

2022-06-27 13:24:51 - [MESSAGE][PASSED] - Tapped on element 'Object Repository/Main/mainS2UApproveBtn'

2022-06-27 13:24:51 - [TEST_STEP][PASSED] - message = getText(findTestObject("Main/mainTransactionStatusMessageTxt"), 10): Text of element 'Object Repository/Main/mainTransactionStatusMessageTxt' is: 'Transfer successful'

2022-06-27 13:24:55 - [MESSAGE][PASSED] - Text of element 'Object Repository/Main/mainTransactionStatusMessageTxt' is: 'Transfer successful'

2022-06-27 13:24:55 - [TEST_STEP][PASSED] - println(message): null

2022-06-27 13:24:55 - [TEST_STEP][PASSED] - delay(5): Delayed 5 second(s)

2022-06-27 13:25:00 - [MESSAGE][PASSED] - Delayed 5 second(s)

2022-06-27 13:25:00 - [TEST_STEP][PASSED] - referenceID = getText(findTestObject("Send Request Money/requestMoneyPaySummaryRefIDTxt"), 0): Text of element 'Object Repository/Send Request Money/requestMoneyPaySummaryRefIDTxt' is: '181599106M'

2022-06-27 13:25:00 - [MESSAGE][WARNING] - Timeout '0' is invalid. Using default page load timeout: '40'

2022-06-27 13:25:00 - [MESSAGE][PASSED] - Text of element 'Object Repository/Send Request Money/requestMoneyPaySummaryRefIDTxt' is: '181599106M'

2022-06-27 13:25:00 - [TEST_STEP][PASSED] - println(referenceID): null

2022-06-27 13:25:00 - [TEST_STEP][PASSED] - test = dataFolder: null

2022-06-27 13:25:00 - [TEST_STEP][PASSED] - sheetName = "Sheet1": null

2022-06-27 13:25:00 - [TEST_STEP][PASSED] - file1 = new java.io.File(test): null

2022-06-27 13:25:00 - [TEST_STEP][PASSED] - assert file1.exists() == true: null

2022-06-27 13:25:00 - [TEST_STEP][PASSED] - woorkbook1 = getWorkbook(test): null

2022-06-27 13:25:01 - [TEST_STEP][PASSED] - sheet1 = getExcelSheet(woorkbook1, sheetName): null

2022-06-27 13:25:01 - [TEST_STEP][PASSED] - setValueToCellByIndex(sheet1, 3, 1, referenceID): null

2022-06-27 13:25:01 - [TEST_STEP][PASSED] - saveWorkbook(test, woorkbook1): null

2022-06-27 13:25:01 - [TEST_STEP][PASSED] - tap(findTestObject("Main/mainAddToFavBtn"), 0): Tapped on element 'Object Repository/Main/mainAddToFavBtn'

2022-06-27 13:25:01 - [MESSAGE][WARNING] - Timeout '0' is invalid. Using default page load timeout: '40'

2022-06-27 13:25:01 - [MESSAGE][PASSED] - Tapped on element 'Object Repository/Main/mainAddToFavBtn'

2022-06-27 13:25:01 - [TEST_STEP][PASSED] - delay(2): Delayed 2 second(s)

2022-06-27 13:25:03 - [MESSAGE][PASSED] - Delayed 2 second(s)

2022-06-27 13:25:03 - [TEST_STEP][PASSED] - tap(findTestObject("Main/mainAddToFavBtn"), 0): Tapped on element 'Object Repository/Main/mainAddToFavBtn'

2022-06-27 13:25:03 - [MESSAGE][WARNING] - Timeout '0' is invalid. Using default page load timeout: '40'

2022-06-27 13:25:03 - [MESSAGE][PASSED] - Tapped on element 'Object Repository/Main/mainAddToFavBtn'

2022-06-27 13:25:03 - [TEST_STEP][PASSED] - delay(2): Delayed 2 second(s)

2022-06-27 13:25:05 - [MESSAGE][PASSED] - Delayed 2 second(s)

2022-06-27 13:25:05 - [TEST_STEP][PASSED] - tap(findTestObject("Main/mainCloseFavPopUpBtn"), 0): Tapped on element 'Object Repository/Main/mainCloseFavPopUpBtn'

2022-06-27 13:25:05 - [MESSAGE][WARNING] - Timeout '0' is invalid. Using default page load timeout: '40'

2022-06-27 13:25:07 - [MESSAGE][PASSED] - Tapped on element 'Object Repository/Main/mainCloseFavPopUpBtn'

2022-06-27 13:25:07 - [TEST_STEP][PASSED] - delay(3): Delayed 3 second(s)

2022-06-27 13:25:10 - [MESSAGE][PASSED] - Delayed 3 second(s)

2022-06-27 13:25:10 - [TEST_STEP][PASSED] - takeScreenshot("/Users/a00139272/Desktop/Screenshot/thirdPartySetFav.png"): Screenshot is taken

2022-06-27 13:25:11 - [MESSAGE][PASSED] - Screenshot is taken
[[ATTACHMENT|/Users/a00139272/Desktop/Screenshot/thirdPartySetFav.png]]

2022-06-27 13:25:11 - [TEST_STEP][PASSED] - verifyElementVisible(findTestObject("Main/mainDoneBtn"), 0): Element 'Object Repository/Main/mainDoneBtn' is visible

2022-06-27 13:25:11 - [MESSAGE][WARNING] - Timeout '0' is invalid. Using default page load timeout: '40'

2022-06-27 13:25:11 - [MESSAGE][PASSED] - Element 'Object Repository/Main/mainDoneBtn' is visible

2022-06-27 13:25:11 - [TEST_STEP][PASSED] - tap(findTestObject("Main/mainDoneBtn"), 0): Tapped on element 'Object Repository/Main/mainDoneBtn'

2022-06-27 13:25:11 - [MESSAGE][WARNING] - Timeout '0' is invalid. Using default page load timeout: '40'

2022-06-27 13:25:11 - [MESSAGE][PASSED] - Tapped on element 'Object Repository/Main/mainDoneBtn'

2022-06-27 13:25:11 - [TEST_STEP][PASSED] - delay(5): Delayed 5 second(s)

2022-06-27 13:25:16 - [MESSAGE][PASSED] - Delayed 5 second(s)]]></system-out>
         <system-err><![CDATA[]]></system-err>
      </testcase>
      <testcase name="Test Cases/Transfer/transfer_thirdPartyFav" time="353.319" classname="Test Cases/Transfer/transfer_thirdPartyFav" status="FAILED">
         <failure type="FAILED" message="Test Cases/Transfer/transfer_thirdPartyFav FAILED.
Reason:
Assertion failed: 

assert newBalance.round(2) == newAfterBalanceF
       |          |        |  |
       1934.7799  1934.78  |  1934.82
                           false

	at transfer_thirdPartyFav.run(transfer_thirdPartyFav:286)
	at com.kms.katalon.core.main.ScriptEngine.run(ScriptEngine.java:194)
	at com.kms.katalon.core.main.ScriptEngine.runScriptAsRawText(ScriptEngine.java:119)
	at com.kms.katalon.core.main.TestCaseExecutor.runScript(TestCaseExecutor.java:445)
	at com.kms.katalon.core.main.TestCaseExecutor.doExecute(TestCaseExecutor.java:436)
	at com.kms.katalon.core.main.TestCaseExecutor.processExecutionPhase(TestCaseExecutor.java:415)
	at com.kms.katalon.core.main.TestCaseExecutor.accessMainPhase(TestCaseExecutor.java:407)
	at com.kms.katalon.core.main.TestCaseExecutor.execute(TestCaseExecutor.java:284)
	at com.kms.katalon.core.common.CommonExecutor.accessTestCaseMainPhase(CommonExecutor.java:65)
	at com.kms.katalon.core.main.TestSuiteExecutor.accessTestSuiteMainPhase(TestSuiteExecutor.java:144)
	at com.kms.katalon.core.main.TestSuiteExecutor.execute(TestSuiteExecutor.java:106)
	at com.kms.katalon.core.main.TestCaseMain.startTestSuite(TestCaseMain.java:185)
	at com.kms.katalon.core.main.TestCaseMain$startTestSuite$0.call(Unknown Source)
	at TempTestSuite1656306335392.run(TempTestSuite1656306335392.groovy:36)
"/>
         <system-out><![CDATA[2022-06-27 13:25:16 - [TEST_CASE][FAILED] - Test Cases/Transfer/transfer_thirdPartyFav: Test Cases/Transfer/transfer_thirdPartyFav FAILED.
Reason:
Assertion failed: 

assert newBalance.round(2) == newAfterBalanceF
       |          |        |  |
       1934.7799  1934.78  |  1934.82
                           false

	at transfer_thirdPartyFav.run(transfer_thirdPartyFav:286)
	at com.kms.katalon.core.main.ScriptEngine.run(ScriptEngine.java:194)
	at com.kms.katalon.core.main.ScriptEngine.runScriptAsRawText(ScriptEngine.java:119)
	at com.kms.katalon.core.main.TestCaseExecutor.runScript(TestCaseExecutor.java:445)
	at com.kms.katalon.core.main.TestCaseExecutor.doExecute(TestCaseExecutor.java:436)
	at com.kms.katalon.core.main.TestCaseExecutor.processExecutionPhase(TestCaseExecutor.java:415)
	at com.kms.katalon.core.main.TestCaseExecutor.accessMainPhase(TestCaseExecutor.java:407)
	at com.kms.katalon.core.main.TestCaseExecutor.execute(TestCaseExecutor.java:284)
	at com.kms.katalon.core.common.CommonExecutor.accessTestCaseMainPhase(CommonExecutor.java:65)
	at com.kms.katalon.core.main.TestSuiteExecutor.accessTestSuiteMainPhase(TestSuiteExecutor.java:144)
	at com.kms.katalon.core.main.TestSuiteExecutor.execute(TestSuiteExecutor.java:106)
	at com.kms.katalon.core.main.TestCaseMain.startTestSuite(TestCaseMain.java:185)
	at com.kms.katalon.core.main.TestCaseMain$startTestSuite$0.call(Unknown Source)
	at TempTestSuite1656306335392.run(TempTestSuite1656306335392.groovy:36)


2022-06-27 13:25:16 - [TEST_STEP][PASSED] - delay(5): Delayed 5 second(s)

2022-06-27 13:25:21 - [MESSAGE][PASSED] - Delayed 5 second(s)

2022-06-27 13:25:21 - [TEST_STEP][PASSED] - device_Height = getDeviceHeight(): Current device physical height is 2167

2022-06-27 13:25:21 - [MESSAGE][PASSED] - Current device physical height is 2167

2022-06-27 13:25:21 - [TEST_STEP][PASSED] - device_Width = getDeviceWidth(): Current device physical width is 1080

2022-06-27 13:25:22 - [MESSAGE][PASSED] - Current device physical width is 1080

2022-06-27 13:25:22 - [TEST_STEP][PASSED] - startX = device_Width / 3: null

2022-06-27 13:25:22 - [TEST_STEP][PASSED] - startY = device_Height * 0.97: null

2022-06-27 13:25:22 - [TEST_STEP][PASSED] - verifyElementVisible(findTestObject("Banking/m2uAccountTransferIconSelect"), 0): Element 'Object Repository/Banking/m2uAccountTransferIconSelect' is visible

2022-06-27 13:25:22 - [MESSAGE][WARNING] - Timeout '0' is invalid. Using default page load timeout: '40'

2022-06-27 13:25:22 - [MESSAGE][PASSED] - Element 'Object Repository/Banking/m2uAccountTransferIconSelect' is visible

2022-06-27 13:25:22 - [TEST_STEP][PASSED] - tap(findTestObject("Banking/m2uAccountTransferIconSelect"), 0): Tapped on element 'Object Repository/Banking/m2uAccountTransferIconSelect'

2022-06-27 13:25:22 - [MESSAGE][WARNING] - Timeout '0' is invalid. Using default page load timeout: '40'

2022-06-27 13:25:22 - [MESSAGE][PASSED] - Tapped on element 'Object Repository/Banking/m2uAccountTransferIconSelect'

2022-06-27 13:25:22 - [TEST_STEP][PASSED] - tap(findTestObject("Banking/transferOthersTopMenuSelect"), 0): Tapped on element 'Object Repository/Banking/transferOthersTopMenuSelect'

2022-06-27 13:25:22 - [MESSAGE][WARNING] - Timeout '0' is invalid. Using default page load timeout: '40'

2022-06-27 13:26:23 - [MESSAGE][PASSED] - Tapped on element 'Object Repository/Banking/transferOthersTopMenuSelect'

2022-06-27 13:26:23 - [TEST_STEP][PASSED] - delay(3): Delayed 3 second(s)

2022-06-27 13:26:26 - [MESSAGE][PASSED] - Delayed 3 second(s)

2022-06-27 13:26:26 - [TEST_STEP][PASSED] - verifyElementText(findTestObject("Transfer/transferFavListAccNameTxt", ["accName":accName]), accName): Actual text and expected text of test object 'Object Repository/Transfer/transferFavListAccNameTxt' are matched.

2022-06-27 13:27:39 - [MESSAGE][PASSED] - Actual text and expected text of test object 'Object Repository/Transfer/transferFavListAccNameTxt' are matched.

2022-06-27 13:27:39 - [TEST_STEP][PASSED] - verifyElementText(findTestObject("Transfer/transferFavListAccNoTxt", ["accNo":accNo]), accNo): Actual text and expected text of test object 'Object Repository/Transfer/transferFavListAccNoTxt' are matched.

2022-06-27 13:28:29 - [MESSAGE][PASSED] - Actual text and expected text of test object 'Object Repository/Transfer/transferFavListAccNoTxt' are matched.

2022-06-27 13:28:29 - [TEST_STEP][PASSED] - verifyElementText(findTestObject("Transfer/transferFavListAccBankTxt", ["accBank":accBank]), accBank): Actual text and expected text of test object 'Object Repository/Transfer/transferFavListAccBankTxt' are matched.

2022-06-27 13:29:20 - [MESSAGE][PASSED] - Actual text and expected text of test object 'Object Repository/Transfer/transferFavListAccBankTxt' are matched.

2022-06-27 13:29:20 - [TEST_STEP][PASSED] - tap(findTestObject("Transfer/transferFavListAccNameTxt", ["accName":accName]), 0): Tapped on element 'Object Repository/Transfer/transferFavListAccNameTxt'

2022-06-27 13:29:20 - [MESSAGE][WARNING] - Timeout '0' is invalid. Using default page load timeout: '40'

2022-06-27 13:30:12 - [MESSAGE][PASSED] - Tapped on element 'Object Repository/Transfer/transferFavListAccNameTxt'

2022-06-27 13:30:12 - [TEST_STEP][PASSED] - delay(3): Delayed 3 second(s)

2022-06-27 13:30:15 - [MESSAGE][PASSED] - Delayed 3 second(s)

2022-06-27 13:30:15 - [TEST_STEP][PASSED] - verifyElementText(findTestObject("Transfer/transferAmounttAccNameTxt", ["accName":accName]), accName): Actual text and expected text of test object 'Object Repository/Transfer/transferAmounttAccNameTxt' are matched.

2022-06-27 13:30:15 - [MESSAGE][PASSED] - Actual text and expected text of test object 'Object Repository/Transfer/transferAmounttAccNameTxt' are matched.

2022-06-27 13:30:15 - [TEST_STEP][PASSED] - verifyElementText(findTestObject("Transfer/transferAmounttAccNoTxt", ["accNo":accNo]), accNo): Actual text and expected text of test object 'Object Repository/Transfer/transferAmounttAccNoTxt' are matched.

2022-06-27 13:30:16 - [MESSAGE][PASSED] - Actual text and expected text of test object 'Object Repository/Transfer/transferAmounttAccNoTxt' are matched.

2022-06-27 13:30:16 - [TEST_STEP][PASSED] - verifyElementText(findTestObject("Transfer/transferAmounttAccBankTxt", ["accBank":accBank]), accBank): Actual text and expected text of test object 'Object Repository/Transfer/transferAmounttAccBankTxt' are matched.

2022-06-27 13:30:16 - [MESSAGE][PASSED] - Actual text and expected text of test object 'Object Repository/Transfer/transferAmounttAccBankTxt' are matched.

2022-06-27 13:30:16 - [TEST_STEP][PASSED] - verifyElementExist(findTestObject("Transfer/transferAmountRMTxt"), 0): Element 'Object Repository/Transfer/transferAmountRMTxt' is exist

2022-06-27 13:30:16 - [MESSAGE][WARNING] - Timeout '0' is invalid. Using default page load timeout: '40'

2022-06-27 13:30:16 - [MESSAGE][PASSED] - Element 'Object Repository/Transfer/transferAmountRMTxt' is exist

2022-06-27 13:30:16 - [TEST_STEP][PASSED] - verifyElementExist(findTestObject("Transfer/transferAmountEnterAmountTitleTxt"), 0): Element 'Object Repository/Transfer/transferAmountEnterAmountTitleTxt' is exist

2022-06-27 13:30:16 - [MESSAGE][WARNING] - Timeout '0' is invalid. Using default page load timeout: '40'

2022-06-27 13:30:17 - [MESSAGE][PASSED] - Element 'Object Repository/Transfer/transferAmountEnterAmountTitleTxt' is exist

2022-06-27 13:30:17 - [TEST_STEP][PASSED] - verifyElementExist(findTestObject("Login Onboarding/PIN4"), 0): Element 'Object Repository/Login Onboarding/PIN4' is exist

2022-06-27 13:30:17 - [MESSAGE][WARNING] - Timeout '0' is invalid. Using default page load timeout: '40'

2022-06-27 13:30:17 - [MESSAGE][PASSED] - Element 'Object Repository/Login Onboarding/PIN4' is exist

2022-06-27 13:30:17 - [TEST_STEP][PASSED] - tap(findTestObject("Login Onboarding/PIN4"), 0): Tapped on element 'Object Repository/Login Onboarding/PIN4'

2022-06-27 13:30:17 - [MESSAGE][WARNING] - Timeout '0' is invalid. Using default page load timeout: '40'

2022-06-27 13:30:17 - [MESSAGE][PASSED] - Tapped on element 'Object Repository/Login Onboarding/PIN4'

2022-06-27 13:30:17 - [TEST_STEP][PASSED] - verifyElementText(findTestObject("Transfer/transferAmountInputValueTxt", ["value":checkValue]), checkValue): Actual text and expected text of test object 'Object Repository/Transfer/transferAmountInputValueTxt' are matched.

2022-06-27 13:30:18 - [MESSAGE][PASSED] - Actual text and expected text of test object 'Object Repository/Transfer/transferAmountInputValueTxt' are matched.

2022-06-27 13:30:18 - [TEST_STEP][PASSED] - delay(3): Delayed 3 second(s)

2022-06-27 13:30:21 - [MESSAGE][PASSED] - Delayed 3 second(s)

2022-06-27 13:30:21 - [TEST_STEP][PASSED] - tap(findTestObject("Login Onboarding/loginPinTickBtn"), 0): Tapped on element 'Object Repository/Login Onboarding/loginPinTickBtn'

2022-06-27 13:30:21 - [MESSAGE][WARNING] - Timeout '0' is invalid. Using default page load timeout: '40'

2022-06-27 13:30:21 - [MESSAGE][PASSED] - Tapped on element 'Object Repository/Login Onboarding/loginPinTickBtn'

2022-06-27 13:30:21 - [TEST_STEP][PASSED] - verifyElementText(findTestObject("Transfer/transferReferenceAccNameTxt", ["accName":accName]), accName): Actual text and expected text of test object 'Object Repository/Transfer/transferReferenceAccNameTxt' are matched.

2022-06-27 13:30:23 - [MESSAGE][PASSED] - Actual text and expected text of test object 'Object Repository/Transfer/transferReferenceAccNameTxt' are matched.

2022-06-27 13:30:23 - [TEST_STEP][PASSED] - verifyElementText(findTestObject("Transfer/transferReferenceAccNoTxt", ["accNo":accNo]), accNo): Actual text and expected text of test object 'Object Repository/Transfer/transferReferenceAccNoTxt' are matched.

2022-06-27 13:30:23 - [MESSAGE][PASSED] - Actual text and expected text of test object 'Object Repository/Transfer/transferReferenceAccNoTxt' are matched.

2022-06-27 13:30:23 - [TEST_STEP][PASSED] - verifyElementText(findTestObject("Transfer/transferReferenceAccBankTxt", ["accBank":accBank]), accBank): Actual text and expected text of test object 'Object Repository/Transfer/transferReferenceAccBankTxt' are matched.

2022-06-27 13:30:24 - [MESSAGE][PASSED] - Actual text and expected text of test object 'Object Repository/Transfer/transferReferenceAccBankTxt' are matched.

2022-06-27 13:30:24 - [TEST_STEP][PASSED] - verifyElementExist(findTestObject("Transfer/transferReferenceInputField"), 0): Element 'Object Repository/Transfer/transferReferenceInputField' is exist

2022-06-27 13:30:24 - [MESSAGE][WARNING] - Timeout '0' is invalid. Using default page load timeout: '40'

2022-06-27 13:30:24 - [MESSAGE][PASSED] - Element 'Object Repository/Transfer/transferReferenceInputField' is exist

2022-06-27 13:30:24 - [TEST_STEP][PASSED] - setText(findTestObject("Banking/transferReferenceInputField"), reference, 0): Text 'MBBTransfer' has been set to element 'Object Repository/Banking/transferReferenceInputField'

2022-06-27 13:30:24 - [MESSAGE][WARNING] - Timeout '0' is invalid. Using default page load timeout: '40'

2022-06-27 13:30:24 - [MESSAGE][PASSED] - Text 'MBBTransfer' has been set to element 'Object Repository/Banking/transferReferenceInputField'

2022-06-27 13:30:24 - [TEST_STEP][PASSED] - hideKeyboard(): Keyboard is hidden

2022-06-27 13:30:26 - [MESSAGE][PASSED] - Keyboard is hidden

2022-06-27 13:30:26 - [TEST_STEP][PASSED] - verifyElementText(findTestObject("Transfer/transferReferenceInputFieldAfter", ["reference":reference]), reference): Actual text and expected text of test object 'Object Repository/Transfer/transferReferenceInputFieldAfter' are matched.

2022-06-27 13:30:27 - [MESSAGE][PASSED] - Actual text and expected text of test object 'Object Repository/Transfer/transferReferenceInputFieldAfter' are matched.

2022-06-27 13:30:27 - [TEST_STEP][PASSED] - tap(findTestObject("Login Onboarding/loginExistingContinueBtn"), 0): Tapped on element 'Object Repository/Login Onboarding/loginExistingContinueBtn'

2022-06-27 13:30:27 - [MESSAGE][WARNING] - Timeout '0' is invalid. Using default page load timeout: '40'

2022-06-27 13:30:27 - [MESSAGE][PASSED] - Tapped on element 'Object Repository/Login Onboarding/loginExistingContinueBtn'

2022-06-27 13:30:27 - [TEST_STEP][PASSED] - verifyElementText(findTestObject("Transfer/transferConfirmationAccountNameTxt", ["accName":accName]), accName): Actual text and expected text of test object 'Object Repository/Transfer/transferConfirmationAccountNameTxt' are matched.

2022-06-27 13:30:27 - [MESSAGE][PASSED] - Actual text and expected text of test object 'Object Repository/Transfer/transferConfirmationAccountNameTxt' are matched.

2022-06-27 13:30:27 - [TEST_STEP][PASSED] - verifyElementText(findTestObject("Transfer/transferConfirmationAccountNoTxt", ["accNo":accNo]), accNo): Actual text and expected text of test object 'Object Repository/Transfer/transferConfirmationAccountNoTxt' are matched.

2022-06-27 13:30:27 - [MESSAGE][PASSED] - Actual text and expected text of test object 'Object Repository/Transfer/transferConfirmationAccountNoTxt' are matched.

2022-06-27 13:30:27 - [TEST_STEP][PASSED] - verifyElementText(findTestObject("Transfer/transferConfirmationAmountTxt", ["amount":amount]), amount): Actual text and expected text of test object 'Object Repository/Transfer/transferConfirmationAmountTxt' are matched.

2022-06-27 13:30:30 - [MESSAGE][PASSED] - Actual text and expected text of test object 'Object Repository/Transfer/transferConfirmationAmountTxt' are matched.

2022-06-27 13:30:30 - [TEST_STEP][PASSED] - verifyElementText(findTestObject("Transfer/transferConfirmationTransactionDateTxt"), "Today"): Actual text and expected text of test object 'Object Repository/Transfer/transferConfirmationTransactionDateTxt' are matched.

2022-06-27 13:30:30 - [MESSAGE][PASSED] - Actual text and expected text of test object 'Object Repository/Transfer/transferConfirmationTransactionDateTxt' are matched.

2022-06-27 13:30:30 - [TEST_STEP][PASSED] - verifyElementText(findTestObject("Transfer/transferConfirmationTransactionRecRefTxt", ["reference":reference]), reference): Actual text and expected text of test object 'Object Repository/Transfer/transferConfirmationTransactionRecRefTxt' are matched.

2022-06-27 13:30:30 - [MESSAGE][PASSED] - Actual text and expected text of test object 'Object Repository/Transfer/transferConfirmationTransactionRecRefTxt' are matched.

2022-06-27 13:30:30 - [TEST_STEP][PASSED] - verifyElementText(findTestObject("Transfer/transferConfirmationTransactionBankTxt", ["accBank":accBank]), accBank): Actual text and expected text of test object 'Object Repository/Transfer/transferConfirmationTransactionBankTxt' are matched.

2022-06-27 13:30:30 - [MESSAGE][PASSED] - Actual text and expected text of test object 'Object Repository/Transfer/transferConfirmationTransactionBankTxt' are matched.

2022-06-27 13:30:30 - [TEST_STEP][PASSED] - verifyElementText(findTestObject("Transfer/transferConfirmationOptionalGreyWordTxt"), "Optional"): Actual text and expected text of test object 'Object Repository/Transfer/transferConfirmationOptionalGreyWordTxt' are matched.

2022-06-27 13:30:30 - [MESSAGE][PASSED] - Actual text and expected text of test object 'Object Repository/Transfer/transferConfirmationOptionalGreyWordTxt' are matched.

2022-06-27 13:30:30 - [TEST_STEP][PASSED] - verifyElementExist(findTestObject("Transfer/transferConfirmationBankNameTitleTxt"), 0): Element 'Object Repository/Transfer/transferConfirmationBankNameTitleTxt' is exist

2022-06-27 13:30:30 - [MESSAGE][WARNING] - Timeout '0' is invalid. Using default page load timeout: '40'

2022-06-27 13:30:31 - [MESSAGE][PASSED] - Element 'Object Repository/Transfer/transferConfirmationBankNameTitleTxt' is exist

2022-06-27 13:30:31 - [TEST_STEP][PASSED] - verifyElementExist(findTestObject("Transfer/transferConfirmationDateTitleTxt"), 0): Element 'Object Repository/Transfer/transferConfirmationDateTitleTxt' is exist

2022-06-27 13:30:31 - [MESSAGE][WARNING] - Timeout '0' is invalid. Using default page load timeout: '40'

2022-06-27 13:30:31 - [MESSAGE][PASSED] - Element 'Object Repository/Transfer/transferConfirmationDateTitleTxt' is exist

2022-06-27 13:30:31 - [TEST_STEP][PASSED] - verifyElementExist(findTestObject("Transfer/transferConfirmationFTransferFromTitleTxt"), 0): Element 'Object Repository/Transfer/transferConfirmationFTransferFromTitleTxt' is exist

2022-06-27 13:30:31 - [MESSAGE][WARNING] - Timeout '0' is invalid. Using default page load timeout: '40'

2022-06-27 13:30:31 - [MESSAGE][PASSED] - Element 'Object Repository/Transfer/transferConfirmationFTransferFromTitleTxt' is exist

2022-06-27 13:30:31 - [TEST_STEP][PASSED] - verifyElementExist(findTestObject("Transfer/transferConfirmationRecRefTitleTxt"), 0): Element 'Object Repository/Transfer/transferConfirmationRecRefTitleTxt' is exist

2022-06-27 13:30:31 - [MESSAGE][WARNING] - Timeout '0' is invalid. Using default page load timeout: '40'

2022-06-27 13:30:31 - [MESSAGE][PASSED] - Element 'Object Repository/Transfer/transferConfirmationRecRefTitleTxt' is exist

2022-06-27 13:30:31 - [TEST_STEP][PASSED] - verifyElementExist(findTestObject("Transfer/transferConfirmationPaymentDetailsTitleTxt"), 0): Element 'Object Repository/Transfer/transferConfirmationPaymentDetailsTitleTxt' is exist

2022-06-27 13:30:31 - [MESSAGE][WARNING] - Timeout '0' is invalid. Using default page load timeout: '40'

2022-06-27 13:30:31 - [MESSAGE][PASSED] - Element 'Object Repository/Transfer/transferConfirmationPaymentDetailsTitleTxt' is exist

2022-06-27 13:30:31 - [TEST_STEP][PASSED] - verifyElementExist(findTestObject("Transfer/transferConfirmationNoteTitleTxt"), 0): Element 'Object Repository/Transfer/transferConfirmationNoteTitleTxt' is exist

2022-06-27 13:30:31 - [MESSAGE][WARNING] - Timeout '0' is invalid. Using default page load timeout: '40'

2022-06-27 13:30:32 - [MESSAGE][PASSED] - Element 'Object Repository/Transfer/transferConfirmationNoteTitleTxt' is exist

2022-06-27 13:30:32 - [TEST_STEP][PASSED] - verifyElementExist(findTestObject("Transfer/transferConfirmationNoteContentTxt"), 0): Element 'Object Repository/Transfer/transferConfirmationNoteContentTxt' is exist

2022-06-27 13:30:32 - [MESSAGE][WARNING] - Timeout '0' is invalid. Using default page load timeout: '40'

2022-06-27 13:30:32 - [MESSAGE][PASSED] - Element 'Object Repository/Transfer/transferConfirmationNoteContentTxt' is exist

2022-06-27 13:30:32 - [TEST_STEP][PASSED] - tap(findTestObject("Transfer/transferConfirmationOptionalGreyWordTxt"), 0): Tapped on element 'Object Repository/Transfer/transferConfirmationOptionalGreyWordTxt'

2022-06-27 13:30:32 - [MESSAGE][WARNING] - Timeout '0' is invalid. Using default page load timeout: '40'

2022-06-27 13:30:32 - [MESSAGE][PASSED] - Tapped on element 'Object Repository/Transfer/transferConfirmationOptionalGreyWordTxt'

2022-06-27 13:30:32 - [TEST_STEP][PASSED] - setText(findTestObject("Transfer/transferConfirmationDetailsInputField"), referenceC, 0): Text 'Test Transfer' has been set to element 'Object Repository/Transfer/transferConfirmationDetailsInputField'

2022-06-27 13:30:32 - [MESSAGE][WARNING] - Timeout '0' is invalid. Using default page load timeout: '40'

2022-06-27 13:30:34 - [MESSAGE][PASSED] - Text 'Test Transfer' has been set to element 'Object Repository/Transfer/transferConfirmationDetailsInputField'

2022-06-27 13:30:34 - [TEST_STEP][PASSED] - hideKeyboard(): Keyboard is hidden

2022-06-27 13:30:36 - [MESSAGE][PASSED] - Keyboard is hidden

2022-06-27 13:30:36 - [TEST_STEP][PASSED] - verifyElementText(findTestObject("Transfer/transferConfirmationOptionalGreyWordTxt"), referenceC): Actual text and expected text of test object 'Object Repository/Transfer/transferConfirmationOptionalGreyWordTxt' are matched.

2022-06-27 13:30:36 - [MESSAGE][PASSED] - Actual text and expected text of test object 'Object Repository/Transfer/transferConfirmationOptionalGreyWordTxt' are matched.

2022-06-27 13:30:36 - [TEST_STEP][PASSED] - device_Height_2 = getDeviceHeight(): Current device physical height is 2167

2022-06-27 13:30:36 - [MESSAGE][PASSED] - Current device physical height is 2167

2022-06-27 13:30:36 - [TEST_STEP][PASSED] - device_Width_2 = getDeviceWidth(): Current device physical width is 1080

2022-06-27 13:30:37 - [MESSAGE][PASSED] - Current device physical width is 1080

2022-06-27 13:30:37 - [TEST_STEP][PASSED] - startX_2 = device_Width_2 / 2: null

2022-06-27 13:30:37 - [TEST_STEP][PASSED] - endX_2 = startX_2: null

2022-06-27 13:30:37 - [TEST_STEP][PASSED] - startY_2 = device_Height_2 * 0.30: null

2022-06-27 13:30:37 - [TEST_STEP][PASSED] - endY_2 = device_Height_2 * 0.70: null

2022-06-27 13:30:37 - [TEST_STEP][PASSED] - swipe(startX_2, endY_2, endX_2, startY_2): Swiped from 540,1,516 to 540,650

2022-06-27 13:30:38 - [MESSAGE][PASSED] - Swiped from 540,1,516 to 540,650

2022-06-27 13:30:38 - [TEST_STEP][PASSED] - verifyElementText(findTestObject("Transfer/transferConfirmationFromAccTypeTxt", ["accType":accType]), accType): Actual text and expected text of test object 'Object Repository/Transfer/transferConfirmationFromAccTypeTxt' are matched.

2022-06-27 13:30:38 - [MESSAGE][PASSED] - Actual text and expected text of test object 'Object Repository/Transfer/transferConfirmationFromAccTypeTxt' are matched.

2022-06-27 13:30:38 - [TEST_STEP][PASSED] - verifyElementText(findTestObject("Transfer/transferConfirmationFromAccNoTxt", ["accNoFrom":accNoFrom]), accNoFrom): Actual text and expected text of test object 'Object Repository/Transfer/transferConfirmationFromAccNoTxt' are matched.

2022-06-27 13:30:38 - [MESSAGE][PASSED] - Actual text and expected text of test object 'Object Repository/Transfer/transferConfirmationFromAccNoTxt' are matched.

2022-06-27 13:30:38 - [TEST_STEP][PASSED] - verifyElementExist(findTestObject("Transfer/transferConfirmationFromAccBalanceTxt"), 0): Element 'Object Repository/Transfer/transferConfirmationFromAccBalanceTxt' is exist

2022-06-27 13:30:38 - [MESSAGE][WARNING] - Timeout '0' is invalid. Using default page load timeout: '40'

2022-06-27 13:30:38 - [MESSAGE][PASSED] - Element 'Object Repository/Transfer/transferConfirmationFromAccBalanceTxt' is exist

2022-06-27 13:30:38 - [TEST_STEP][PASSED] - accountBalance = getText(findTestObject("Transfer/transferConfirmationFromAccBalanceTxt"), 0): Text of element 'Object Repository/Transfer/transferConfirmationFromAccBalanceTxt' is: 'RM 1,934.82'

2022-06-27 13:30:38 - [MESSAGE][WARNING] - Timeout '0' is invalid. Using default page load timeout: '40'

2022-06-27 13:30:38 - [MESSAGE][PASSED] - Text of element 'Object Repository/Transfer/transferConfirmationFromAccBalanceTxt' is: 'RM 1,934.82'

2022-06-27 13:30:38 - [TEST_STEP][PASSED] - println(accountBalance): null

2022-06-27 13:30:38 - [TEST_STEP][PASSED] - tap(findTestObject("Main/mainTransferNowBtn"), 0): Tapped on element 'Object Repository/Main/mainTransferNowBtn'

2022-06-27 13:30:38 - [MESSAGE][WARNING] - Timeout '0' is invalid. Using default page load timeout: '40'

2022-06-27 13:30:39 - [MESSAGE][PASSED] - Tapped on element 'Object Repository/Main/mainTransferNowBtn'

2022-06-27 13:30:39 - [TEST_STEP][PASSED] - delay(5): Delayed 5 second(s)

2022-06-27 13:30:44 - [MESSAGE][PASSED] - Delayed 5 second(s)

2022-06-27 13:30:44 - [TEST_STEP][PASSED] - verifyElementExist(findTestObject("Festive Season/returnAngpaoStatusMessageTxt"), 0): Element 'Object Repository/Festive Season/returnAngpaoStatusMessageTxt' is exist

2022-06-27 13:30:44 - [MESSAGE][WARNING] - Timeout '0' is invalid. Using default page load timeout: '40'

2022-06-27 13:30:44 - [MESSAGE][PASSED] - Element 'Object Repository/Festive Season/returnAngpaoStatusMessageTxt' is exist

2022-06-27 13:30:44 - [TEST_STEP][PASSED] - message = getText(findTestObject("Festive Season/returnAngpaoStatusMessageTxt"), 10): Text of element 'Object Repository/Festive Season/returnAngpaoStatusMessageTxt' is: 'Transfer successful'

2022-06-27 13:30:44 - [MESSAGE][PASSED] - Text of element 'Object Repository/Festive Season/returnAngpaoStatusMessageTxt' is: 'Transfer successful'

2022-06-27 13:30:44 - [TEST_STEP][PASSED] - println(message): null

2022-06-27 13:30:44 - [TEST_STEP][PASSED] - assert message == successTransactionMessage: null

2022-06-27 13:30:44 - [TEST_STEP][PASSED] - verifyElementExist(findTestObject("Transfer/transferSummaryDateTimeTitleTxt"), 0): Element 'Object Repository/Transfer/transferSummaryDateTimeTitleTxt' is exist

2022-06-27 13:30:44 - [MESSAGE][WARNING] - Timeout '0' is invalid. Using default page load timeout: '40'

2022-06-27 13:30:44 - [MESSAGE][PASSED] - Element 'Object Repository/Transfer/transferSummaryDateTimeTitleTxt' is exist

2022-06-27 13:30:44 - [TEST_STEP][PASSED] - verifyElementExist(findTestObject("Transfer/transferSummaryRefIDTitleTxt"), 0): Element 'Object Repository/Transfer/transferSummaryRefIDTitleTxt' is exist

2022-06-27 13:30:44 - [MESSAGE][WARNING] - Timeout '0' is invalid. Using default page load timeout: '40'

2022-06-27 13:30:44 - [MESSAGE][PASSED] - Element 'Object Repository/Transfer/transferSummaryRefIDTitleTxt' is exist

2022-06-27 13:30:44 - [TEST_STEP][PASSED] - verifyElementExist(findTestObject("Transfer/transferSummaryShareReceiptBtn"), 0): Element 'Object Repository/Transfer/transferSummaryShareReceiptBtn' is exist

2022-06-27 13:30:44 - [MESSAGE][WARNING] - Timeout '0' is invalid. Using default page load timeout: '40'

2022-06-27 13:30:44 - [MESSAGE][PASSED] - Element 'Object Repository/Transfer/transferSummaryShareReceiptBtn' is exist

2022-06-27 13:30:44 - [TEST_STEP][PASSED] - delay(5): Delayed 5 second(s)

2022-06-27 13:30:49 - [MESSAGE][PASSED] - Delayed 5 second(s)

2022-06-27 13:30:49 - [TEST_STEP][PASSED] - referenceID = getText(findTestObject("Send Request Money/requestMoneyPaySummaryRefIDTxt"), 0): Text of element 'Object Repository/Send Request Money/requestMoneyPaySummaryRefIDTxt' is: '181599120M'

2022-06-27 13:30:49 - [MESSAGE][WARNING] - Timeout '0' is invalid. Using default page load timeout: '40'

2022-06-27 13:30:49 - [MESSAGE][PASSED] - Text of element 'Object Repository/Send Request Money/requestMoneyPaySummaryRefIDTxt' is: '181599120M'

2022-06-27 13:30:49 - [TEST_STEP][PASSED] - println(referenceID): null

2022-06-27 13:30:49 - [TEST_STEP][PASSED] - test = dataFolder: null

2022-06-27 13:30:49 - [TEST_STEP][PASSED] - sheetName = "Sheet1": null

2022-06-27 13:30:49 - [TEST_STEP][PASSED] - file1 = new java.io.File(test): null

2022-06-27 13:30:49 - [TEST_STEP][PASSED] - assert file1.exists() == true: null

2022-06-27 13:30:49 - [TEST_STEP][PASSED] - woorkbook1 = getWorkbook(test): null

2022-06-27 13:30:49 - [TEST_STEP][PASSED] - sheet1 = getExcelSheet(woorkbook1, sheetName): null

2022-06-27 13:30:49 - [TEST_STEP][PASSED] - setValueToCellByIndex(sheet1, 3, 1, referenceID): null

2022-06-27 13:30:49 - [TEST_STEP][PASSED] - saveWorkbook(test, woorkbook1): null

2022-06-27 13:30:49 - [TEST_STEP][PASSED] - delay(3): Delayed 3 second(s)

2022-06-27 13:30:52 - [MESSAGE][PASSED] - Delayed 3 second(s)

2022-06-27 13:30:52 - [TEST_STEP][PASSED] - takeScreenshot("/Users/a00139272/Desktop/Screenshot/thirdPartyFav.png"): Screenshot is taken

2022-06-27 13:30:53 - [MESSAGE][PASSED] - Screenshot is taken
[[ATTACHMENT|/Users/a00139272/Desktop/Screenshot/thirdPartyFav.png]]

2022-06-27 13:30:53 - [TEST_STEP][PASSED] - verifyElementVisible(findTestObject("Main/mainDoneBtn"), 0): Element 'Object Repository/Main/mainDoneBtn' is visible

2022-06-27 13:30:53 - [MESSAGE][WARNING] - Timeout '0' is invalid. Using default page load timeout: '40'

2022-06-27 13:30:53 - [MESSAGE][PASSED] - Element 'Object Repository/Main/mainDoneBtn' is visible

2022-06-27 13:30:53 - [TEST_STEP][PASSED] - tap(findTestObject("Main/mainDoneBtn"), 0): Tapped on element 'Object Repository/Main/mainDoneBtn'

2022-06-27 13:30:53 - [MESSAGE][WARNING] - Timeout '0' is invalid. Using default page load timeout: '40'

2022-06-27 13:30:53 - [MESSAGE][PASSED] - Tapped on element 'Object Repository/Main/mainDoneBtn'

2022-06-27 13:30:53 - [TEST_STEP][PASSED] - delay(5): Delayed 5 second(s)

2022-06-27 13:30:58 - [MESSAGE][PASSED] - Delayed 5 second(s)

2022-06-27 13:30:58 - [TEST_STEP][PASSED] - tap(findTestObject("Main/mainTopLeftBackButton"), 0): Tapped on element 'Object Repository/Main/mainTopLeftBackButton'

2022-06-27 13:30:58 - [MESSAGE][WARNING] - Timeout '0' is invalid. Using default page load timeout: '40'

2022-06-27 13:30:59 - [MESSAGE][PASSED] - Tapped on element 'Object Repository/Main/mainTopLeftBackButton'

2022-06-27 13:30:59 - [TEST_STEP][PASSED] - delay(5): Delayed 5 second(s)

2022-06-27 13:31:04 - [MESSAGE][PASSED] - Delayed 5 second(s)

2022-06-27 13:31:04 - [TEST_STEP][PASSED] - verifyElementVisible(findTestObject("Banking/m2uAccountTypeSelection", ["text":accType]), 0): Element 'Object Repository/Banking/m2uAccountTypeSelection' is visible

2022-06-27 13:31:04 - [MESSAGE][WARNING] - Timeout '0' is invalid. Using default page load timeout: '40'

2022-06-27 13:31:04 - [MESSAGE][PASSED] - Element 'Object Repository/Banking/m2uAccountTypeSelection' is visible

2022-06-27 13:31:04 - [TEST_STEP][PASSED] - tap(findTestObject("Banking/m2uAccountTypeSelection", ["text":accType]), 10): Tapped on element 'Object Repository/Banking/m2uAccountTypeSelection'

2022-06-27 13:31:04 - [MESSAGE][PASSED] - Tapped on element 'Object Repository/Banking/m2uAccountTypeSelection'

2022-06-27 13:31:04 - [TEST_STEP][PASSED] - delay(5): Delayed 5 second(s)

2022-06-27 13:31:09 - [MESSAGE][PASSED] - Delayed 5 second(s)

2022-06-27 13:31:09 - [TEST_STEP][PASSED] - afterBalance = getText(findTestObject("Main/mainAccountsBalanceTxt"), 0): Text of element 'Object Repository/Main/mainAccountsBalanceTxt' is: 'RM 1,934.82'

2022-06-27 13:31:09 - [MESSAGE][WARNING] - Timeout '0' is invalid. Using default page load timeout: '40'

2022-06-27 13:31:09 - [MESSAGE][PASSED] - Text of element 'Object Repository/Main/mainAccountsBalanceTxt' is: 'RM 1,934.82'

2022-06-27 13:31:09 - [TEST_STEP][PASSED] - newAfterBalance = afterBalance.replaceAll("[^0-9.]", ""): null

2022-06-27 13:31:09 - [TEST_STEP][PASSED] - newAccountBalance = accountBalance.replaceAll("[^0-9.]", ""): null

2022-06-27 13:31:09 - [TEST_STEP][PASSED] - newAfterBalanceF = Float.parseFloat(newAfterBalance): null

2022-06-27 13:31:09 - [TEST_STEP][PASSED] - newAccountBalanceF = Float.parseFloat(newAccountBalance): null

2022-06-27 13:31:09 - [TEST_STEP][PASSED] - println(afterBalance): null

2022-06-27 13:31:09 - [TEST_STEP][PASSED] - println(accountBalance): null

2022-06-27 13:31:09 - [TEST_STEP][PASSED] - println(newAfterBalance): null

2022-06-27 13:31:09 - [TEST_STEP][PASSED] - println(newAccountBalance): null

2022-06-27 13:31:09 - [TEST_STEP][PASSED] - value_1 = checkValue: null

2022-06-27 13:31:09 - [TEST_STEP][PASSED] - value_2 = value_1.replaceAll("[^0-9.]", ""): null

2022-06-27 13:31:09 - [TEST_STEP][PASSED] - newValue = Float.parseFloat(value_2): null

2022-06-27 13:31:09 - [TEST_STEP][PASSED] - newBalance = newAccountBalanceF - newValue: null

2022-06-27 13:31:09 - [TEST_STEP][PASSED] - println(newBalance): null

2022-06-27 13:31:09 - [TEST_STEP][FAILED] - assert newBalance.round(2) == newAfterBalanceF: Test Cases/Transfer/transfer_thirdPartyFav FAILED.
Reason:
Assertion failed: 

assert newBalance.round(2) == newAfterBalanceF
       |          |        |  |
       1934.7799  1934.78  |  1934.82
                           false

	at transfer_thirdPartyFav.run(transfer_thirdPartyFav:286)
	at com.kms.katalon.core.main.ScriptEngine.run(ScriptEngine.java:194)
	at com.kms.katalon.core.main.ScriptEngine.runScriptAsRawText(ScriptEngine.java:119)
	at com.kms.katalon.core.main.TestCaseExecutor.runScript(TestCaseExecutor.java:445)
	at com.kms.katalon.core.main.TestCaseExecutor.doExecute(TestCaseExecutor.java:436)
	at com.kms.katalon.core.main.TestCaseExecutor.processExecutionPhase(TestCaseExecutor.java:415)
	at com.kms.katalon.core.main.TestCaseExecutor.accessMainPhase(TestCaseExecutor.java:407)
	at com.kms.katalon.core.main.TestCaseExecutor.execute(TestCaseExecutor.java:284)
	at com.kms.katalon.core.common.CommonExecutor.accessTestCaseMainPhase(CommonExecutor.java:65)
	at com.kms.katalon.core.main.TestSuiteExecutor.accessTestSuiteMainPhase(TestSuiteExecutor.java:144)
	at com.kms.katalon.core.main.TestSuiteExecutor.execute(TestSuiteExecutor.java:106)
	at com.kms.katalon.core.main.TestCaseMain.startTestSuite(TestCaseMain.java:185)
	at com.kms.katalon.core.main.TestCaseMain$startTestSuite$0.call(Unknown Source)
	at TempTestSuite1656306335392.run(TempTestSuite1656306335392.groovy:36)


2022-06-27 13:31:09 - [MESSAGE][FAILED] - Test Cases/Transfer/transfer_thirdPartyFav FAILED.
Reason:
Assertion failed: 

assert newBalance.round(2) == newAfterBalanceF
       |          |        |  |
       1934.7799  1934.78  |  1934.82
                           false

	at transfer_thirdPartyFav.run(transfer_thirdPartyFav:286)
	at com.kms.katalon.core.main.ScriptEngine.run(ScriptEngine.java:194)
	at com.kms.katalon.core.main.ScriptEngine.runScriptAsRawText(ScriptEngine.java:119)
	at com.kms.katalon.core.main.TestCaseExecutor.runScript(TestCaseExecutor.java:445)
	at com.kms.katalon.core.main.TestCaseExecutor.doExecute(TestCaseExecutor.java:436)
	at com.kms.katalon.core.main.TestCaseExecutor.processExecutionPhase(TestCaseExecutor.java:415)
	at com.kms.katalon.core.main.TestCaseExecutor.accessMainPhase(TestCaseExecutor.java:407)
	at com.kms.katalon.core.main.TestCaseExecutor.execute(TestCaseExecutor.java:284)
	at com.kms.katalon.core.common.CommonExecutor.accessTestCaseMainPhase(CommonExecutor.java:65)
	at com.kms.katalon.core.main.TestSuiteExecutor.accessTestSuiteMainPhase(TestSuiteExecutor.java:144)
	at com.kms.katalon.core.main.TestSuiteExecutor.execute(TestSuiteExecutor.java:106)
	at com.kms.katalon.core.main.TestCaseMain.startTestSuite(TestCaseMain.java:185)
	at com.kms.katalon.core.main.TestCaseMain$startTestSuite$0.call(Unknown Source)
	at TempTestSuite1656306335392.run(TempTestSuite1656306335392.groovy:36)]]></system-out>
         <system-err><![CDATA[2022-06-27 13:25:16 - [TEST_CASE][FAILED] - Test Cases/Transfer/transfer_thirdPartyFav: Test Cases/Transfer/transfer_thirdPartyFav FAILED.
Reason:
Assertion failed: 

assert newBalance.round(2) == newAfterBalanceF
       |          |        |  |
       1934.7799  1934.78  |  1934.82
                           false

	at transfer_thirdPartyFav.run(transfer_thirdPartyFav:286)
	at com.kms.katalon.core.main.ScriptEngine.run(ScriptEngine.java:194)
	at com.kms.katalon.core.main.ScriptEngine.runScriptAsRawText(ScriptEngine.java:119)
	at com.kms.katalon.core.main.TestCaseExecutor.runScript(TestCaseExecutor.java:445)
	at com.kms.katalon.core.main.TestCaseExecutor.doExecute(TestCaseExecutor.java:436)
	at com.kms.katalon.core.main.TestCaseExecutor.processExecutionPhase(TestCaseExecutor.java:415)
	at com.kms.katalon.core.main.TestCaseExecutor.accessMainPhase(TestCaseExecutor.java:407)
	at com.kms.katalon.core.main.TestCaseExecutor.execute(TestCaseExecutor.java:284)
	at com.kms.katalon.core.common.CommonExecutor.accessTestCaseMainPhase(CommonExecutor.java:65)
	at com.kms.katalon.core.main.TestSuiteExecutor.accessTestSuiteMainPhase(TestSuiteExecutor.java:144)
	at com.kms.katalon.core.main.TestSuiteExecutor.execute(TestSuiteExecutor.java:106)
	at com.kms.katalon.core.main.TestCaseMain.startTestSuite(TestCaseMain.java:185)
	at com.kms.katalon.core.main.TestCaseMain$startTestSuite$0.call(Unknown Source)
	at TempTestSuite1656306335392.run(TempTestSuite1656306335392.groovy:36)]]></system-err>
      </testcase>
      <testcase name="Test Cases/DuitNow/duitNow_mobileNumberTransaction" time="334.298" classname="Test Cases/DuitNow/duitNow_mobileNumberTransaction" status="FAILED">
         <failure type="FAILED" message="Test Cases/DuitNow/duitNow_mobileNumberTransaction FAILED.
Reason:
com.kms.katalon.core.exception.StepFailedException: Element 'Object Repository/Transfer/transferConfirmationFromAccTypeTxt' not found
	at com.kms.katalon.core.keyword.internal.KeywordMain.stepFailed(KeywordMain.groovy:39)
	at com.kms.katalon.core.mobile.keyword.internal.MobileKeywordMain.stepFailed(MobileKeywordMain.groovy:40)
	at com.kms.katalon.core.mobile.keyword.builtin.VerifyElementTextKeyword$_verifyElementText_closure1.doCall(VerifyElementTextKeyword.groovy:49)
	at com.kms.katalon.core.mobile.keyword.builtin.VerifyElementTextKeyword$_verifyElementText_closure1.call(VerifyElementTextKeyword.groovy)
	at com.kms.katalon.core.mobile.keyword.internal.MobileKeywordMain.runKeyword(MobileKeywordMain.groovy:21)
	at com.kms.katalon.core.mobile.keyword.builtin.VerifyElementTextKeyword.verifyElementText(VerifyElementTextKeyword.groovy:62)
	at com.kms.katalon.core.mobile.keyword.builtin.VerifyElementTextKeyword.execute(VerifyElementTextKeyword.groovy:39)
	at com.kms.katalon.core.keyword.internal.KeywordExecutor.executeKeywordForPlatform(KeywordExecutor.groovy:74)
	at com.kms.katalon.core.mobile.keyword.MobileBuiltInKeywords.verifyElementText(MobileBuiltInKeywords.groovy:2901)
	at com.kms.katalon.core.mobile.keyword.MobileBuiltInKeywords$verifyElementText$9.call(Unknown Source)
	at duitNow_mobileNumberTransaction.run(duitNow_mobileNumberTransaction:294)
	at com.kms.katalon.core.main.ScriptEngine.run(ScriptEngine.java:194)
	at com.kms.katalon.core.main.ScriptEngine.runScriptAsRawText(ScriptEngine.java:119)
	at com.kms.katalon.core.main.TestCaseExecutor.runScript(TestCaseExecutor.java:445)
	at com.kms.katalon.core.main.TestCaseExecutor.doExecute(TestCaseExecutor.java:436)
	at com.kms.katalon.core.main.TestCaseExecutor.processExecutionPhase(TestCaseExecutor.java:415)
	at com.kms.katalon.core.main.TestCaseExecutor.accessMainPhase(TestCaseExecutor.java:407)
	at com.kms.katalon.core.main.TestCaseExecutor.execute(TestCaseExecutor.java:284)
	at com.kms.katalon.core.common.CommonExecutor.accessTestCaseMainPhase(CommonExecutor.java:65)
	at com.kms.katalon.core.main.TestSuiteExecutor.accessTestSuiteMainPhase(TestSuiteExecutor.java:144)
	at com.kms.katalon.core.main.TestSuiteExecutor.execute(TestSuiteExecutor.java:106)
	at com.kms.katalon.core.main.TestCaseMain.startTestSuite(TestCaseMain.java:185)
	at com.kms.katalon.core.main.TestCaseMain$startTestSuite$0.call(Unknown Source)
	at TempTestSuite1656306335392.run(TempTestSuite1656306335392.groovy:36)
"/>
         <system-out><![CDATA[2022-06-27 13:31:09 - [TEST_CASE][FAILED] - Test Cases/DuitNow/duitNow_mobileNumberTransaction: Test Cases/DuitNow/duitNow_mobileNumberTransaction FAILED.
Reason:
com.kms.katalon.core.exception.StepFailedException: Element 'Object Repository/Transfer/transferConfirmationFromAccTypeTxt' not found
	at com.kms.katalon.core.keyword.internal.KeywordMain.stepFailed(KeywordMain.groovy:39)
	at com.kms.katalon.core.mobile.keyword.internal.MobileKeywordMain.stepFailed(MobileKeywordMain.groovy:40)
	at com.kms.katalon.core.mobile.keyword.builtin.VerifyElementTextKeyword$_verifyElementText_closure1.doCall(VerifyElementTextKeyword.groovy:49)
	at com.kms.katalon.core.mobile.keyword.builtin.VerifyElementTextKeyword$_verifyElementText_closure1.call(VerifyElementTextKeyword.groovy)
	at com.kms.katalon.core.mobile.keyword.internal.MobileKeywordMain.runKeyword(MobileKeywordMain.groovy:21)
	at com.kms.katalon.core.mobile.keyword.builtin.VerifyElementTextKeyword.verifyElementText(VerifyElementTextKeyword.groovy:62)
	at com.kms.katalon.core.mobile.keyword.builtin.VerifyElementTextKeyword.execute(VerifyElementTextKeyword.groovy:39)
	at com.kms.katalon.core.keyword.internal.KeywordExecutor.executeKeywordForPlatform(KeywordExecutor.groovy:74)
	at com.kms.katalon.core.mobile.keyword.MobileBuiltInKeywords.verifyElementText(MobileBuiltInKeywords.groovy:2901)
	at com.kms.katalon.core.mobile.keyword.MobileBuiltInKeywords$verifyElementText$9.call(Unknown Source)
	at duitNow_mobileNumberTransaction.run(duitNow_mobileNumberTransaction:294)
	at com.kms.katalon.core.main.ScriptEngine.run(ScriptEngine.java:194)
	at com.kms.katalon.core.main.ScriptEngine.runScriptAsRawText(ScriptEngine.java:119)
	at com.kms.katalon.core.main.TestCaseExecutor.runScript(TestCaseExecutor.java:445)
	at com.kms.katalon.core.main.TestCaseExecutor.doExecute(TestCaseExecutor.java:436)
	at com.kms.katalon.core.main.TestCaseExecutor.processExecutionPhase(TestCaseExecutor.java:415)
	at com.kms.katalon.core.main.TestCaseExecutor.accessMainPhase(TestCaseExecutor.java:407)
	at com.kms.katalon.core.main.TestCaseExecutor.execute(TestCaseExecutor.java:284)
	at com.kms.katalon.core.common.CommonExecutor.accessTestCaseMainPhase(CommonExecutor.java:65)
	at com.kms.katalon.core.main.TestSuiteExecutor.accessTestSuiteMainPhase(TestSuiteExecutor.java:144)
	at com.kms.katalon.core.main.TestSuiteExecutor.execute(TestSuiteExecutor.java:106)
	at com.kms.katalon.core.main.TestCaseMain.startTestSuite(TestCaseMain.java:185)
	at com.kms.katalon.core.main.TestCaseMain$startTestSuite$0.call(Unknown Source)
	at TempTestSuite1656306335392.run(TempTestSuite1656306335392.groovy:36)


2022-06-27 13:31:10 - [TEST_STEP][PASSED] - delay(5): Delayed 5 second(s)

2022-06-27 13:31:15 - [MESSAGE][PASSED] - Delayed 5 second(s)

2022-06-27 13:31:15 - [TEST_STEP][PASSED] - device_Height = getDeviceHeight(): Current device physical height is 2167

2022-06-27 13:31:15 - [MESSAGE][PASSED] - Current device physical height is 2167

2022-06-27 13:31:15 - [TEST_STEP][PASSED] - device_Width = getDeviceWidth(): Current device physical width is 1080

2022-06-27 13:31:15 - [MESSAGE][PASSED] - Current device physical width is 1080

2022-06-27 13:31:15 - [TEST_STEP][PASSED] - startX = device_Width / 3: null

2022-06-27 13:31:15 - [TEST_STEP][PASSED] - startY = device_Height * 0.97: null

2022-06-27 13:31:15 - [TEST_STEP][PASSED] - delay(3): Delayed 3 second(s)

2022-06-27 13:31:18 - [MESSAGE][PASSED] - Delayed 3 second(s)

2022-06-27 13:31:18 - [TEST_STEP][PASSED] - verifyElementVisible(findTestObject("Banking/m2uAccountTransferIconSelect"), 0): Element 'Object Repository/Banking/m2uAccountTransferIconSelect' is visible

2022-06-27 13:31:18 - [MESSAGE][WARNING] - Timeout '0' is invalid. Using default page load timeout: '40'

2022-06-27 13:31:18 - [MESSAGE][PASSED] - Element 'Object Repository/Banking/m2uAccountTransferIconSelect' is visible

2022-06-27 13:31:18 - [TEST_STEP][PASSED] - tap(findTestObject("Banking/m2uAccountTransferIconSelect"), 0): Tapped on element 'Object Repository/Banking/m2uAccountTransferIconSelect'

2022-06-27 13:31:18 - [MESSAGE][WARNING] - Timeout '0' is invalid. Using default page load timeout: '40'

2022-06-27 13:31:18 - [MESSAGE][PASSED] - Tapped on element 'Object Repository/Banking/m2uAccountTransferIconSelect'

2022-06-27 13:31:18 - [TEST_STEP][PASSED] - verifyElementVisible(findTestObject("Banking/transferDuitNowTopMenuSelect"), 5): Element 'Object Repository/Banking/transferDuitNowTopMenuSelect' is visible

2022-06-27 13:32:09 - [MESSAGE][PASSED] - Element 'Object Repository/Banking/transferDuitNowTopMenuSelect' is visible

2022-06-27 13:32:09 - [TEST_STEP][PASSED] - tap(findTestObject("Banking/transferDuitNowTopMenuSelect"), 0): Tapped on element 'Object Repository/Banking/transferDuitNowTopMenuSelect'

2022-06-27 13:32:09 - [MESSAGE][WARNING] - Timeout '0' is invalid. Using default page load timeout: '40'

2022-06-27 13:33:10 - [MESSAGE][PASSED] - Tapped on element 'Object Repository/Banking/transferDuitNowTopMenuSelect'

2022-06-27 13:33:10 - [TEST_STEP][PASSED] - delay(3): Delayed 3 second(s)

2022-06-27 13:33:13 - [MESSAGE][PASSED] - Delayed 3 second(s)

2022-06-27 13:33:13 - [TEST_STEP][PASSED] - tap(findTestObject("Banking/duitNowOtherIconSelect"), 0): Tapped on element 'Object Repository/Banking/duitNowOtherIconSelect'

2022-06-27 13:33:13 - [MESSAGE][WARNING] - Timeout '0' is invalid. Using default page load timeout: '40'

2022-06-27 13:34:06 - [MESSAGE][PASSED] - Tapped on element 'Object Repository/Banking/duitNowOtherIconSelect'

2022-06-27 13:34:06 - [TEST_STEP][PASSED] - delay(3): Delayed 3 second(s)

2022-06-27 13:34:09 - [MESSAGE][PASSED] - Delayed 3 second(s)

2022-06-27 13:34:09 - [TEST_STEP][PASSED] - verifyElementExist(findTestObject("Banking/duitNowIDTypeDropdownSelect"), 0): Element 'Object Repository/Banking/duitNowIDTypeDropdownSelect' is exist

2022-06-27 13:34:09 - [MESSAGE][WARNING] - Timeout '0' is invalid. Using default page load timeout: '40'

2022-06-27 13:34:09 - [MESSAGE][PASSED] - Element 'Object Repository/Banking/duitNowIDTypeDropdownSelect' is exist

2022-06-27 13:34:09 - [TEST_STEP][PASSED] - tap(findTestObject("Banking/duitNowIDTypeDropdownSelect"), 0): Tapped on element 'Object Repository/Banking/duitNowIDTypeDropdownSelect'

2022-06-27 13:34:09 - [MESSAGE][WARNING] - Timeout '0' is invalid. Using default page load timeout: '40'

2022-06-27 13:34:09 - [MESSAGE][PASSED] - Tapped on element 'Object Repository/Banking/duitNowIDTypeDropdownSelect'

2022-06-27 13:34:09 - [TEST_STEP][PASSED] - delay(3): Delayed 3 second(s)

2022-06-27 13:34:12 - [MESSAGE][PASSED] - Delayed 3 second(s)

2022-06-27 13:34:12 - [TEST_STEP][PASSED] - verifyElementExist(findTestObject("Banking/duitNowBusinessRegIDTypeDropdown", ["proxy":proxy]), 0): Element 'Object Repository/Banking/duitNowBusinessRegIDTypeDropdown' is exist

2022-06-27 13:34:12 - [MESSAGE][WARNING] - Timeout '0' is invalid. Using default page load timeout: '40'

2022-06-27 13:34:12 - [MESSAGE][PASSED] - Element 'Object Repository/Banking/duitNowBusinessRegIDTypeDropdown' is exist

2022-06-27 13:34:12 - [TEST_STEP][PASSED] - tap(findTestObject("Banking/duitNowBusinessRegIDTypeDropdown", ["proxy":proxy]), 0): Tapped on element 'Object Repository/Banking/duitNowBusinessRegIDTypeDropdown'

2022-06-27 13:34:12 - [MESSAGE][WARNING] - Timeout '0' is invalid. Using default page load timeout: '40'

2022-06-27 13:34:13 - [MESSAGE][PASSED] - Tapped on element 'Object Repository/Banking/duitNowBusinessRegIDTypeDropdown'

2022-06-27 13:34:13 - [TEST_STEP][PASSED] - tap(findTestObject("Main/mainCalenderPickerDoneBtn"), 0): Tapped on element 'Object Repository/Main/mainCalenderPickerDoneBtn'

2022-06-27 13:34:13 - [MESSAGE][WARNING] - Timeout '0' is invalid. Using default page load timeout: '40'

2022-06-27 13:34:13 - [MESSAGE][PASSED] - Tapped on element 'Object Repository/Main/mainCalenderPickerDoneBtn'

2022-06-27 13:34:13 - [TEST_STEP][PASSED] - delay(3): Delayed 3 second(s)

2022-06-27 13:34:16 - [MESSAGE][PASSED] - Delayed 3 second(s)

2022-06-27 13:34:16 - [TEST_STEP][PASSED] - verifyElementExist(findTestObject("Banking/duitNowBusinessRegNoInputField", ["proxyPlaceholder":proxyPlaceholder]), 0): Element 'Object Repository/Banking/duitNowBusinessRegNoInputField' is exist

2022-06-27 13:34:16 - [MESSAGE][WARNING] - Timeout '0' is invalid. Using default page load timeout: '40'

2022-06-27 13:34:16 - [MESSAGE][PASSED] - Element 'Object Repository/Banking/duitNowBusinessRegNoInputField' is exist

2022-06-27 13:34:16 - [TEST_STEP][PASSED] - setText(findTestObject("Banking/duitNowBusinessRegNoInputField", ["proxyPlaceholder":proxyPlaceholder]), phoneNum, 0): Text '01122334455' has been set to element 'Object Repository/Banking/duitNowBusinessRegNoInputField'

2022-06-27 13:34:16 - [MESSAGE][WARNING] - Timeout '0' is invalid. Using default page load timeout: '40'

2022-06-27 13:34:17 - [MESSAGE][PASSED] - Text '01122334455' has been set to element 'Object Repository/Banking/duitNowBusinessRegNoInputField'

2022-06-27 13:34:17 - [TEST_STEP][PASSED] - hideKeyboard(): Keyboard is hidden

2022-06-27 13:34:18 - [MESSAGE][PASSED] - Keyboard is hidden

2022-06-27 13:34:18 - [TEST_STEP][PASSED] - tap(findTestObject("Login Onboarding/loginExistingContinueBtn"), 0): Tapped on element 'Object Repository/Login Onboarding/loginExistingContinueBtn'

2022-06-27 13:34:18 - [MESSAGE][WARNING] - Timeout '0' is invalid. Using default page load timeout: '40'

2022-06-27 13:34:18 - [MESSAGE][PASSED] - Tapped on element 'Object Repository/Login Onboarding/loginExistingContinueBtn'

2022-06-27 13:34:18 - [TEST_STEP][PASSED] - delay(3): Delayed 3 second(s)

2022-06-27 13:34:21 - [MESSAGE][PASSED] - Delayed 3 second(s)

2022-06-27 13:34:21 - [TEST_STEP][PASSED] - verifyElementText(findTestObject("Duit Now/duitNowAmountProxyNumberTxt", ["proxyNumber":proxyNumber]), proxyNumber): Actual text and expected text of test object 'Object Repository/Duit Now/duitNowAmountProxyNumberTxt' are matched.

2022-06-27 13:34:21 - [MESSAGE][PASSED] - Actual text and expected text of test object 'Object Repository/Duit Now/duitNowAmountProxyNumberTxt' are matched.

2022-06-27 13:34:21 - [TEST_STEP][PASSED] - receipientName = getText(findTestObject("Duit Now/duitNowAmountReceipientNameTxt2", ["recName":recName]), 0): Text of element 'Object Repository/Duit Now/duitNowAmountReceipientNameTxt2' is: 'CAPTAIN AMERICA'

2022-06-27 13:34:21 - [MESSAGE][WARNING] - Timeout '0' is invalid. Using default page load timeout: '40'

2022-06-27 13:34:22 - [MESSAGE][PASSED] - Text of element 'Object Repository/Duit Now/duitNowAmountReceipientNameTxt2' is: 'CAPTAIN AMERICA'

2022-06-27 13:34:22 - [TEST_STEP][PASSED] - recName_1 = recName: null

2022-06-27 13:34:22 - [TEST_STEP][PASSED] - recName_2 = recName2: null

2022-06-27 13:34:22 - [TEST_STEP][PASSED] - privName_1 = privName: null

2022-06-27 13:34:22 - [TEST_STEP][PASSED] - checker = verifyMatch(receipientName, $recName_1||$privName_1, true): Actual text 'CAPTAIN AMERICA' and expected text 'CAPTAIN AMERICA||XXXXXXX XXXXXXX' are matched  using regular expression

2022-06-27 13:34:22 - [MESSAGE][PASSED] - Actual text 'CAPTAIN AMERICA' and expected text 'CAPTAIN AMERICA||XXXXXXX XXXXXXX' are matched  using regular expression

2022-06-27 13:34:22 - [TEST_STEP][PASSED] - verifyElementText(findTestObject("Duit Now/duitNowAmountProxyTypeTxt", ["proxyType":proxyType]), proxyType): Actual text and expected text of test object 'Object Repository/Duit Now/duitNowAmountProxyTypeTxt' are matched.

2022-06-27 13:34:22 - [MESSAGE][PASSED] - Actual text and expected text of test object 'Object Repository/Duit Now/duitNowAmountProxyTypeTxt' are matched.

2022-06-27 13:34:22 - [TEST_STEP][PASSED] - verifyElementExist(findTestObject("Duit Now/duitNowAmountCurrencyTypeTxt"), 0): Element 'Object Repository/Duit Now/duitNowAmountCurrencyTypeTxt' is exist

2022-06-27 13:34:22 - [MESSAGE][WARNING] - Timeout '0' is invalid. Using default page load timeout: '40'

2022-06-27 13:34:22 - [MESSAGE][PASSED] - Element 'Object Repository/Duit Now/duitNowAmountCurrencyTypeTxt' is exist

2022-06-27 13:34:22 - [TEST_STEP][PASSED] - verifyElementExist(findTestObject("Duit Now/duitNowAmountEnterAmountTitleTxt"), 0): Element 'Object Repository/Duit Now/duitNowAmountEnterAmountTitleTxt' is exist

2022-06-27 13:34:22 - [MESSAGE][WARNING] - Timeout '0' is invalid. Using default page load timeout: '40'

2022-06-27 13:34:23 - [MESSAGE][PASSED] - Element 'Object Repository/Duit Now/duitNowAmountEnterAmountTitleTxt' is exist

2022-06-27 13:34:23 - [TEST_STEP][PASSED] - verifyElementExist(findTestObject("Duit Now/duitNowAmountInitialValueTxt"), 0): Element 'Object Repository/Duit Now/duitNowAmountInitialValueTxt' is exist

2022-06-27 13:34:23 - [MESSAGE][WARNING] - Timeout '0' is invalid. Using default page load timeout: '40'

2022-06-27 13:34:23 - [MESSAGE][PASSED] - Element 'Object Repository/Duit Now/duitNowAmountInitialValueTxt' is exist

2022-06-27 13:34:23 - [TEST_STEP][PASSED] - trxAmount = value: null

2022-06-27 13:34:23 - [TEST_STEP][PASSED] - length = trxAmount.length(): null

2022-06-27 13:34:23 - [TEST_STEP][PASSED] - delay(5): Delayed 5 second(s)

2022-06-27 13:34:28 - [MESSAGE][PASSED] - Delayed 5 second(s)

2022-06-27 13:34:28 - [TEST_STEP][PASSED] - tapAtPosition(startX, startY): Tapped at [360, 2,101]

2022-06-27 13:34:28 - [MESSAGE][PASSED] - Tapped at [360, 2,101]

2022-06-27 13:34:28 - [TEST_STEP][PASSED] - for ([i = 0, i < length, (i++)]): null

2022-06-27 13:34:28 - [TEST_STEP][PASSED] - if (trxAmount[i] == "0"): null

2022-06-27 13:34:28 - [TEST_STEP][PASSED] - if (trxAmount[i] == "1"): null

2022-06-27 13:34:28 - [TEST_STEP][PASSED] - if (trxAmount[i] == "2"): Tapped on element 'Object Repository/Login Onboarding/PIN2'

2022-06-27 13:34:28 - [TEST_STEP][PASSED] - tap(findTestObject("Login Onboarding/PIN2"), 0): Tapped on element 'Object Repository/Login Onboarding/PIN2'

2022-06-27 13:34:28 - [MESSAGE][WARNING] - Timeout '0' is invalid. Using default page load timeout: '40'

2022-06-27 13:34:29 - [MESSAGE][PASSED] - Tapped on element 'Object Repository/Login Onboarding/PIN2'

2022-06-27 13:34:29 - [TEST_STEP][PASSED] - if (trxAmount[i] == "3"): null

2022-06-27 13:34:29 - [TEST_STEP][PASSED] - if (trxAmount[i] == "4"): null

2022-06-27 13:34:29 - [TEST_STEP][PASSED] - if (trxAmount[i] == "5"): null

2022-06-27 13:34:29 - [TEST_STEP][PASSED] - if (trxAmount[i] == "6"): null

2022-06-27 13:34:29 - [TEST_STEP][PASSED] - if (trxAmount[i] == "7"): null

2022-06-27 13:34:29 - [TEST_STEP][PASSED] - if (trxAmount[i] == "8"): null

2022-06-27 13:34:29 - [TEST_STEP][PASSED] - if (trxAmount[i] == "9"): null

2022-06-27 13:34:29 - [TEST_STEP][PASSED] - if (trxAmount[i] == "0"): Tapped on element 'Object Repository/Login Onboarding/PIN0'

2022-06-27 13:34:29 - [TEST_STEP][PASSED] - tap(findTestObject("Login Onboarding/PIN0"), 0): Tapped on element 'Object Repository/Login Onboarding/PIN0'

2022-06-27 13:34:29 - [MESSAGE][WARNING] - Timeout '0' is invalid. Using default page load timeout: '40'

2022-06-27 13:34:30 - [MESSAGE][PASSED] - Tapped on element 'Object Repository/Login Onboarding/PIN0'

2022-06-27 13:34:30 - [TEST_STEP][PASSED] - if (trxAmount[i] == "1"): null

2022-06-27 13:34:30 - [TEST_STEP][PASSED] - if (trxAmount[i] == "2"): null

2022-06-27 13:34:30 - [TEST_STEP][PASSED] - if (trxAmount[i] == "3"): null

2022-06-27 13:34:30 - [TEST_STEP][PASSED] - if (trxAmount[i] == "4"): null

2022-06-27 13:34:30 - [TEST_STEP][PASSED] - if (trxAmount[i] == "5"): null

2022-06-27 13:34:30 - [TEST_STEP][PASSED] - if (trxAmount[i] == "6"): null

2022-06-27 13:34:30 - [TEST_STEP][PASSED] - if (trxAmount[i] == "7"): null

2022-06-27 13:34:30 - [TEST_STEP][PASSED] - if (trxAmount[i] == "8"): null

2022-06-27 13:34:30 - [TEST_STEP][PASSED] - if (trxAmount[i] == "9"): null

2022-06-27 13:34:30 - [TEST_STEP][PASSED] - if (trxAmount[i] == "0"): Tapped on element 'Object Repository/Login Onboarding/PIN0'

2022-06-27 13:34:30 - [TEST_STEP][PASSED] - tap(findTestObject("Login Onboarding/PIN0"), 0): Tapped on element 'Object Repository/Login Onboarding/PIN0'

2022-06-27 13:34:30 - [MESSAGE][WARNING] - Timeout '0' is invalid. Using default page load timeout: '40'

2022-06-27 13:34:31 - [MESSAGE][PASSED] - Tapped on element 'Object Repository/Login Onboarding/PIN0'

2022-06-27 13:34:31 - [TEST_STEP][PASSED] - if (trxAmount[i] == "1"): null

2022-06-27 13:34:31 - [TEST_STEP][PASSED] - if (trxAmount[i] == "2"): null

2022-06-27 13:34:31 - [TEST_STEP][PASSED] - if (trxAmount[i] == "3"): null

2022-06-27 13:34:31 - [TEST_STEP][PASSED] - if (trxAmount[i] == "4"): null

2022-06-27 13:34:31 - [TEST_STEP][PASSED] - if (trxAmount[i] == "5"): null

2022-06-27 13:34:31 - [TEST_STEP][PASSED] - if (trxAmount[i] == "6"): null

2022-06-27 13:34:31 - [TEST_STEP][PASSED] - if (trxAmount[i] == "7"): null

2022-06-27 13:34:31 - [TEST_STEP][PASSED] - if (trxAmount[i] == "8"): null

2022-06-27 13:34:31 - [TEST_STEP][PASSED] - if (trxAmount[i] == "9"): null

2022-06-27 13:34:31 - [TEST_STEP][PASSED] - delay(5): Delayed 5 second(s)

2022-06-27 13:34:36 - [MESSAGE][PASSED] - Delayed 5 second(s)

2022-06-27 13:34:36 - [TEST_STEP][PASSED] - verifyElementText(findTestObject("Duit Now/duitNowAmountValueTxt", ["value":checkValue]), checkValue): Actual text and expected text of test object 'Object Repository/Duit Now/duitNowAmountValueTxt' are matched.

2022-06-27 13:34:36 - [MESSAGE][PASSED] - Actual text and expected text of test object 'Object Repository/Duit Now/duitNowAmountValueTxt' are matched.

2022-06-27 13:34:36 - [TEST_STEP][PASSED] - verifyElementVisible(findTestObject("Login Onboarding/loginPinTickBtn"), 5): Element 'Object Repository/Login Onboarding/loginPinTickBtn' is visible

2022-06-27 13:34:36 - [MESSAGE][PASSED] - Element 'Object Repository/Login Onboarding/loginPinTickBtn' is visible

2022-06-27 13:34:36 - [TEST_STEP][PASSED] - tap(findTestObject("Login Onboarding/loginPinTickBtn"), 0): Tapped on element 'Object Repository/Login Onboarding/loginPinTickBtn'

2022-06-27 13:34:36 - [MESSAGE][WARNING] - Timeout '0' is invalid. Using default page load timeout: '40'

2022-06-27 13:34:37 - [MESSAGE][PASSED] - Tapped on element 'Object Repository/Login Onboarding/loginPinTickBtn'

2022-06-27 13:34:37 - [TEST_STEP][PASSED] - delay(3): Delayed 3 second(s)

2022-06-27 13:34:40 - [MESSAGE][PASSED] - Delayed 3 second(s)

2022-06-27 13:34:40 - [TEST_STEP][PASSED] - verifyElementText(findTestObject("Duit Now/duitNowReferenceProxyNumberTxt", ["proxyNumber":proxyNumber]), proxyNumber): Actual text and expected text of test object 'Object Repository/Duit Now/duitNowReferenceProxyNumberTxt' are matched.

2022-06-27 13:34:40 - [MESSAGE][PASSED] - Actual text and expected text of test object 'Object Repository/Duit Now/duitNowReferenceProxyNumberTxt' are matched.

2022-06-27 13:34:40 - [TEST_STEP][PASSED] - verifyElementText(findTestObject("Duit Now/duitNowReferenceProxyTypeTxt", ["proxyType":proxyType]), proxyType): Actual text and expected text of test object 'Object Repository/Duit Now/duitNowReferenceProxyTypeTxt' are matched.

2022-06-27 13:34:40 - [MESSAGE][PASSED] - Actual text and expected text of test object 'Object Repository/Duit Now/duitNowReferenceProxyTypeTxt' are matched.

2022-06-27 13:34:40 - [TEST_STEP][PASSED] - receipientName_2 = getText(findTestObject("Duit Now/duitNowReferenceReceipientNameTxt2", ["recName":recName]), 0): Text of element 'Object Repository/Duit Now/duitNowReferenceReceipientNameTxt2' is: 'CAPTAIN AMERICA'

2022-06-27 13:34:40 - [MESSAGE][WARNING] - Timeout '0' is invalid. Using default page load timeout: '40'

2022-06-27 13:34:40 - [MESSAGE][PASSED] - Text of element 'Object Repository/Duit Now/duitNowReferenceReceipientNameTxt2' is: 'CAPTAIN AMERICA'

2022-06-27 13:34:40 - [TEST_STEP][PASSED] - verifyMatch(receipientName_2, $recName_1||$privName_1, true): Actual text 'CAPTAIN AMERICA' and expected text 'CAPTAIN AMERICA||XXXXXXX XXXXXXX' are matched  using regular expression

2022-06-27 13:34:40 - [MESSAGE][PASSED] - Actual text 'CAPTAIN AMERICA' and expected text 'CAPTAIN AMERICA||XXXXXXX XXXXXXX' are matched  using regular expression

2022-06-27 13:34:40 - [TEST_STEP][PASSED] - verifyElementExist(findTestObject("Duit Now/duitNowReferenceEnterTitleTxt"), 0): Element 'Object Repository/Duit Now/duitNowReferenceEnterTitleTxt' is exist

2022-06-27 13:34:40 - [MESSAGE][WARNING] - Timeout '0' is invalid. Using default page load timeout: '40'

2022-06-27 13:34:40 - [MESSAGE][PASSED] - Element 'Object Repository/Duit Now/duitNowReferenceEnterTitleTxt' is exist

2022-06-27 13:34:40 - [TEST_STEP][PASSED] - setText(findTestObject("Banking/duitNowReferenceInputField"), reference, 0): Text 'DuitNowMobileTransf' has been set to element 'Object Repository/Banking/duitNowReferenceInputField'

2022-06-27 13:34:41 - [MESSAGE][WARNING] - Timeout '0' is invalid. Using default page load timeout: '40'

2022-06-27 13:34:41 - [MESSAGE][PASSED] - Text 'DuitNowMobileTransf' has been set to element 'Object Repository/Banking/duitNowReferenceInputField'

2022-06-27 13:34:41 - [TEST_STEP][PASSED] - hideKeyboard(): Keyboard is hidden

2022-06-27 13:34:43 - [MESSAGE][PASSED] - Keyboard is hidden

2022-06-27 13:34:43 - [TEST_STEP][PASSED] - verifyElementText(findTestObject("Duit Now/duitNowReferenceContentTxt", ["reference":reference]), reference): Actual text and expected text of test object 'Object Repository/Duit Now/duitNowReferenceContentTxt' are matched.

2022-06-27 13:34:43 - [MESSAGE][PASSED] - Actual text and expected text of test object 'Object Repository/Duit Now/duitNowReferenceContentTxt' are matched.

2022-06-27 13:34:43 - [TEST_STEP][PASSED] - tap(findTestObject("Login Onboarding/loginExistingContinueBtn"), 0): Tapped on element 'Object Repository/Login Onboarding/loginExistingContinueBtn'

2022-06-27 13:34:43 - [MESSAGE][WARNING] - Timeout '0' is invalid. Using default page load timeout: '40'

2022-06-27 13:34:43 - [MESSAGE][PASSED] - Tapped on element 'Object Repository/Login Onboarding/loginExistingContinueBtn'

2022-06-27 13:34:43 - [TEST_STEP][PASSED] - delay(3): Delayed 3 second(s)

2022-06-27 13:34:46 - [MESSAGE][PASSED] - Delayed 3 second(s)

2022-06-27 13:34:46 - [TEST_STEP][PASSED] - if (checker == true): Actual text 'CAPTAIN AMERICA' and expected text 'CAPTAIN AMERICA||XXXXXXX XXXXXXX' are matched  using regular expression

2022-06-27 13:34:46 - [TEST_STEP][PASSED] - receipientName_3 = getText(findTestObject("Duit Now/duitNowConfirmationReceipientNameTxt2", ["recName":recName2]), 0): Text of element 'Object Repository/Duit Now/duitNowConfirmationReceipientNameTxt2' is: 'CAPTAIN AMERICA'

2022-06-27 13:34:47 - [MESSAGE][WARNING] - Timeout '0' is invalid. Using default page load timeout: '40'

2022-06-27 13:34:47 - [MESSAGE][PASSED] - Text of element 'Object Repository/Duit Now/duitNowConfirmationReceipientNameTxt2' is: 'CAPTAIN AMERICA'

2022-06-27 13:34:47 - [TEST_STEP][PASSED] - verifyMatch(receipientName_3, $recName_2||$privName_1, true): Actual text 'CAPTAIN AMERICA' and expected text 'CAPTAIN AMERICA||XXXXXXX XXXXXXX' are matched  using regular expression

2022-06-27 13:34:47 - [MESSAGE][PASSED] - Actual text 'CAPTAIN AMERICA' and expected text 'CAPTAIN AMERICA||XXXXXXX XXXXXXX' are matched  using regular expression

2022-06-27 13:34:47 - [TEST_STEP][PASSED] - verifyElementText(findTestObject("Duit Now/duitNowConfirmationReceipientProxyNumTxt", ["proxyNumber":proxyNumber]), proxyNumber): Actual text and expected text of test object 'Object Repository/Duit Now/duitNowConfirmationReceipientProxyNumTxt' are matched.

2022-06-27 13:34:48 - [MESSAGE][PASSED] - Actual text and expected text of test object 'Object Repository/Duit Now/duitNowConfirmationReceipientProxyNumTxt' are matched.

2022-06-27 13:34:48 - [TEST_STEP][PASSED] - verifyElementText(findTestObject("Duit Now/duitNowConfirmationAmountTxt", ["amount":amount]), amount): Actual text and expected text of test object 'Object Repository/Duit Now/duitNowConfirmationAmountTxt' are matched.

2022-06-27 13:34:48 - [MESSAGE][PASSED] - Actual text and expected text of test object 'Object Repository/Duit Now/duitNowConfirmationAmountTxt' are matched.

2022-06-27 13:34:48 - [TEST_STEP][PASSED] - verifyElementExist(findTestObject("Duit Now/duitNowConfirmationDateTitleTxt"), 0): Element 'Object Repository/Duit Now/duitNowConfirmationDateTitleTxt' is exist

2022-06-27 13:34:48 - [MESSAGE][WARNING] - Timeout '0' is invalid. Using default page load timeout: '40'

2022-06-27 13:34:48 - [MESSAGE][PASSED] - Element 'Object Repository/Duit Now/duitNowConfirmationDateTitleTxt' is exist

2022-06-27 13:34:48 - [TEST_STEP][PASSED] - verifyElementExist(findTestObject("Duit Now/duitNowConfirmationIDTypeTitleTxt"), 0): Element 'Object Repository/Duit Now/duitNowConfirmationIDTypeTitleTxt' is exist

2022-06-27 13:34:48 - [MESSAGE][WARNING] - Timeout '0' is invalid. Using default page load timeout: '40'

2022-06-27 13:34:48 - [MESSAGE][PASSED] - Element 'Object Repository/Duit Now/duitNowConfirmationIDTypeTitleTxt' is exist

2022-06-27 13:34:48 - [TEST_STEP][PASSED] - verifyElementExist(findTestObject("Duit Now/duitNowConfirmationTransferTypeTitleTxt"), 0): Element 'Object Repository/Duit Now/duitNowConfirmationTransferTypeTitleTxt' is exist

2022-06-27 13:34:48 - [MESSAGE][WARNING] - Timeout '0' is invalid. Using default page load timeout: '40'

2022-06-27 13:34:49 - [MESSAGE][PASSED] - Element 'Object Repository/Duit Now/duitNowConfirmationTransferTypeTitleTxt' is exist

2022-06-27 13:34:49 - [TEST_STEP][PASSED] - verifyElementExist(findTestObject("Duit Now/duitNowConfirmationPaymentDetailsTitleTxt"), 0): Element 'Object Repository/Duit Now/duitNowConfirmationPaymentDetailsTitleTxt' is exist

2022-06-27 13:34:49 - [MESSAGE][WARNING] - Timeout '0' is invalid. Using default page load timeout: '40'

2022-06-27 13:34:49 - [MESSAGE][PASSED] - Element 'Object Repository/Duit Now/duitNowConfirmationPaymentDetailsTitleTxt' is exist

2022-06-27 13:34:49 - [TEST_STEP][PASSED] - verifyElementExist(findTestObject("Duit Now/duitNowConfirmationReferenceTitleTxt"), 0): Element 'Object Repository/Duit Now/duitNowConfirmationReferenceTitleTxt' is exist

2022-06-27 13:34:49 - [MESSAGE][WARNING] - Timeout '0' is invalid. Using default page load timeout: '40'

2022-06-27 13:34:49 - [MESSAGE][PASSED] - Element 'Object Repository/Duit Now/duitNowConfirmationReferenceTitleTxt' is exist

2022-06-27 13:34:49 - [TEST_STEP][PASSED] - verifyElementExist(findTestObject("Duit Now/duitNowConfirmationServiceFeeTitleTxt"), 0): Element 'Object Repository/Duit Now/duitNowConfirmationServiceFeeTitleTxt' is exist

2022-06-27 13:34:49 - [MESSAGE][WARNING] - Timeout '0' is invalid. Using default page load timeout: '40'

2022-06-27 13:34:49 - [MESSAGE][PASSED] - Element 'Object Repository/Duit Now/duitNowConfirmationServiceFeeTitleTxt' is exist

2022-06-27 13:34:49 - [TEST_STEP][PASSED] - verifyElementText(findTestObject("Duit Now/duitNowConfirmationIDTypeTxt", ["proxy":proxy]), proxy): Actual text and expected text of test object 'Object Repository/Duit Now/duitNowConfirmationIDTypeTxt' are matched.

2022-06-27 13:34:50 - [MESSAGE][PASSED] - Actual text and expected text of test object 'Object Repository/Duit Now/duitNowConfirmationIDTypeTxt' are matched.

2022-06-27 13:34:50 - [TEST_STEP][PASSED] - verifyElementText(findTestObject("Duit Now/duitNowConfirmationReceiveDateTxt"), "Today"): Actual text and expected text of test object 'Object Repository/Duit Now/duitNowConfirmationReceiveDateTxt' are matched.

2022-06-27 13:34:50 - [MESSAGE][PASSED] - Actual text and expected text of test object 'Object Repository/Duit Now/duitNowConfirmationReceiveDateTxt' are matched.

2022-06-27 13:34:50 - [TEST_STEP][PASSED] - verifyElementText(findTestObject("Duit Now/duitNowConfirmationReferenceTxt", ["reference":reference]), reference): Actual text and expected text of test object 'Object Repository/Duit Now/duitNowConfirmationReferenceTxt' are matched.

2022-06-27 13:34:51 - [MESSAGE][PASSED] - Actual text and expected text of test object 'Object Repository/Duit Now/duitNowConfirmationReferenceTxt' are matched.

2022-06-27 13:34:51 - [TEST_STEP][PASSED] - verifyElementText(findTestObject("Duit Now/duitNowConfirmationServiceFeeAmountTxt"), "RM 0.00"): Actual text and expected text of test object 'Object Repository/Duit Now/duitNowConfirmationServiceFeeAmountTxt' are matched.

2022-06-27 13:34:51 - [MESSAGE][PASSED] - Actual text and expected text of test object 'Object Repository/Duit Now/duitNowConfirmationServiceFeeAmountTxt' are matched.

2022-06-27 13:34:51 - [TEST_STEP][PASSED] - tap(findTestObject("Duit Now/duitNowConfirmationPaymentDetailsGreyWordTxt"), 0): Tapped on element 'Object Repository/Duit Now/duitNowConfirmationPaymentDetailsGreyWordTxt'

2022-06-27 13:34:51 - [MESSAGE][WARNING] - Timeout '0' is invalid. Using default page load timeout: '40'

2022-06-27 13:34:52 - [MESSAGE][PASSED] - Tapped on element 'Object Repository/Duit Now/duitNowConfirmationPaymentDetailsGreyWordTxt'

2022-06-27 13:34:52 - [TEST_STEP][PASSED] - setText(findTestObject("Duit Now/duitNowConfirmationPaymentDetailsGreyWordTxt"), details, 0): Text 'Test Mo' has been set to element 'Object Repository/Duit Now/duitNowConfirmationPaymentDetailsGreyWordTxt'

2022-06-27 13:34:52 - [MESSAGE][WARNING] - Timeout '0' is invalid. Using default page load timeout: '40'

2022-06-27 13:34:55 - [MESSAGE][PASSED] - Text 'Test Mo' has been set to element 'Object Repository/Duit Now/duitNowConfirmationPaymentDetailsGreyWordTxt'

2022-06-27 13:34:55 - [TEST_STEP][PASSED] - hideKeyboard(): Keyboard is hidden

2022-06-27 13:34:56 - [MESSAGE][PASSED] - Keyboard is hidden

2022-06-27 13:34:56 - [TEST_STEP][PASSED] - verifyElementText(findTestObject("Duit Now/duitNowConfirmationPaymentDetailsInputtedTxt", ["details":details]), details): Actual text and expected text of test object 'Object Repository/Duit Now/duitNowConfirmationPaymentDetailsInputtedTxt' are matched.

2022-06-27 13:34:56 - [MESSAGE][PASSED] - Actual text and expected text of test object 'Object Repository/Duit Now/duitNowConfirmationPaymentDetailsInputtedTxt' are matched.

2022-06-27 13:34:56 - [TEST_STEP][PASSED] - takeScreenshot("/Users/a00139272/git/MAEAutomation2/Duitnow/1.png"): Screenshot is taken

2022-06-27 13:34:57 - [MESSAGE][PASSED] - Screenshot is taken
[[ATTACHMENT|/Users/a00139272/git/MAEAutomation2/Duitnow/1.png]]

2022-06-27 13:34:57 - [TEST_STEP][PASSED] - device_Height_2 = getDeviceHeight(): Current device physical height is 2167

2022-06-27 13:34:57 - [MESSAGE][PASSED] - Current device physical height is 2167

2022-06-27 13:34:57 - [TEST_STEP][PASSED] - device_Width_2 = getDeviceWidth(): Current device physical width is 1080

2022-06-27 13:34:57 - [MESSAGE][PASSED] - Current device physical width is 1080

2022-06-27 13:34:57 - [TEST_STEP][PASSED] - startX_2 = device_Width_2 / 2: null

2022-06-27 13:34:57 - [TEST_STEP][PASSED] - endX_2 = startX_2: null

2022-06-27 13:34:57 - [TEST_STEP][PASSED] - startY_2 = device_Height_2 * 0.30: null

2022-06-27 13:34:57 - [TEST_STEP][PASSED] - endY_2 = device_Height_2 * 0.70: null

2022-06-27 13:34:57 - [TEST_STEP][PASSED] - swipe(startX_2, endY_2, endX_2, startY_2): Swiped from 540,1,516 to 540,650

2022-06-27 13:34:58 - [MESSAGE][PASSED] - Swiped from 540,1,516 to 540,650

2022-06-27 13:34:58 - [TEST_STEP][PASSED] - verifyElementExist(findTestObject("Transfer/transferConfirmationFTransferFromTitleTxt"), 0): Element 'Object Repository/Transfer/transferConfirmationFTransferFromTitleTxt' is exist

2022-06-27 13:34:58 - [MESSAGE][WARNING] - Timeout '0' is invalid. Using default page load timeout: '40'

2022-06-27 13:34:59 - [MESSAGE][PASSED] - Element 'Object Repository/Transfer/transferConfirmationFTransferFromTitleTxt' is exist

2022-06-27 13:34:59 - [TEST_STEP][PASSED] - verifyElementExist(findTestObject("Duit Now/duitNowConfirmationNoteTitleTxt"), 0): Element 'Object Repository/Duit Now/duitNowConfirmationNoteTitleTxt' is exist

2022-06-27 13:34:59 - [MESSAGE][WARNING] - Timeout '0' is invalid. Using default page load timeout: '40'

2022-06-27 13:34:59 - [MESSAGE][PASSED] - Element 'Object Repository/Duit Now/duitNowConfirmationNoteTitleTxt' is exist

2022-06-27 13:34:59 - [TEST_STEP][PASSED] - verifyElementExist(findTestObject("Duit Now/duitNowConfirmationDeclarationTitleTxt"), 0): Element 'Object Repository/Duit Now/duitNowConfirmationDeclarationTitleTxt' is exist

2022-06-27 13:34:59 - [MESSAGE][WARNING] - Timeout '0' is invalid. Using default page load timeout: '40'

2022-06-27 13:34:59 - [MESSAGE][PASSED] - Element 'Object Repository/Duit Now/duitNowConfirmationDeclarationTitleTxt' is exist

2022-06-27 13:34:59 - [TEST_STEP][PASSED] - verifyElementExist(findTestObject("Duit Now/duitNowConfirmationTnCTitleTxt"), 0): Element 'Object Repository/Duit Now/duitNowConfirmationTnCTitleTxt' is exist

2022-06-27 13:34:59 - [MESSAGE][WARNING] - Timeout '0' is invalid. Using default page load timeout: '40'

2022-06-27 13:34:59 - [MESSAGE][PASSED] - Element 'Object Repository/Duit Now/duitNowConfirmationTnCTitleTxt' is exist

2022-06-27 13:34:59 - [TEST_STEP][PASSED] - verifyElementExist(findTestObject("Duit Now/duitNowConfirmationNoteContentTxt"), 0): Element 'Object Repository/Duit Now/duitNowConfirmationNoteContentTxt' is exist

2022-06-27 13:34:59 - [MESSAGE][WARNING] - Timeout '0' is invalid. Using default page load timeout: '40'

2022-06-27 13:35:00 - [MESSAGE][PASSED] - Element 'Object Repository/Duit Now/duitNowConfirmationNoteContentTxt' is exist

2022-06-27 13:35:00 - [TEST_STEP][PASSED] - verifyElementExist(findTestObject("Duit Now/duitNowConfirmationDeclarationContentTxt"), 0): Element 'Object Repository/Duit Now/duitNowConfirmationDeclarationContentTxt' is exist

2022-06-27 13:35:00 - [MESSAGE][WARNING] - Timeout '0' is invalid. Using default page load timeout: '40'

2022-06-27 13:35:00 - [MESSAGE][PASSED] - Element 'Object Repository/Duit Now/duitNowConfirmationDeclarationContentTxt' is exist

2022-06-27 13:35:00 - [TEST_STEP][FAILED] - verifyElementText(findTestObject("Transfer/transferConfirmationFromAccTypeTxt", ["accType":accType]), accType): Element 'Object Repository/Transfer/transferConfirmationFromAccTypeTxt' not found

2022-06-27 13:35:40 - [MESSAGE][FAILED] - Element 'Object Repository/Transfer/transferConfirmationFromAccTypeTxt' not found

2022-06-27 13:35:40 - [TEST_STEP][PASSED] - verifyElementText(findTestObject("Transfer/transferConfirmationFromAccNoTxt", ["accNoFrom":accNoFrom]), accNoFrom): Actual text and expected text of test object 'Object Repository/Transfer/transferConfirmationFromAccNoTxt' are matched.

2022-06-27 13:36:07 - [MESSAGE][PASSED] - Actual text and expected text of test object 'Object Repository/Transfer/transferConfirmationFromAccNoTxt' are matched.

2022-06-27 13:36:07 - [TEST_STEP][PASSED] - verifyElementExist(findTestObject("Transfer/transferConfirmationFromAccBalanceTxt"), 0): Element 'Object Repository/Transfer/transferConfirmationFromAccBalanceTxt' is exist

2022-06-27 13:36:07 - [MESSAGE][WARNING] - Timeout '0' is invalid. Using default page load timeout: '40'

2022-06-27 13:36:08 - [MESSAGE][PASSED] - Element 'Object Repository/Transfer/transferConfirmationFromAccBalanceTxt' is exist

2022-06-27 13:36:08 - [TEST_STEP][PASSED] - accountBalance = getText(findTestObject("Transfer/transferConfirmationFromAccBalanceTxt"), 0): Text of element 'Object Repository/Transfer/transferConfirmationFromAccBalanceTxt' is: 'RM 1,934.78'

2022-06-27 13:36:08 - [MESSAGE][WARNING] - Timeout '0' is invalid. Using default page load timeout: '40'

2022-06-27 13:36:08 - [MESSAGE][PASSED] - Text of element 'Object Repository/Transfer/transferConfirmationFromAccBalanceTxt' is: 'RM 1,934.78'

2022-06-27 13:36:08 - [TEST_STEP][PASSED] - println(accountBalance): null

2022-06-27 13:36:08 - [TEST_STEP][PASSED] - tap(findTestObject("Main/mainTransferNowBtn"), 0): Tapped on element 'Object Repository/Main/mainTransferNowBtn'

2022-06-27 13:36:08 - [MESSAGE][WARNING] - Timeout '0' is invalid. Using default page load timeout: '40'

2022-06-27 13:36:08 - [MESSAGE][PASSED] - Tapped on element 'Object Repository/Main/mainTransferNowBtn'

2022-06-27 13:36:08 - [TEST_STEP][PASSED] - if (value <= limit): Tapped on element 'Object Repository/Main/mainS2UApproveBtn'

2022-06-27 13:36:08 - [TEST_STEP][PASSED] - if (verifyElementVisible(findTestObject("Festive Season/festiveReturnAngpaoTACNoTxt"), 10, OPTIONAL)): Element 'Object Repository/Festive Season/festiveReturnAngpaoTACNoTxt' not found

2022-06-27 13:36:18 - [MESSAGE][WARNING] - Element 'Object Repository/Festive Season/festiveReturnAngpaoTACNoTxt' not found

2022-06-27 13:36:18 - [TEST_STEP][PASSED] - else: Tapped on element 'Object Repository/Main/mainS2UApproveBtn'

2022-06-27 13:36:18 - [TEST_STEP][PASSED] - delay(3): Delayed 3 second(s)

2022-06-27 13:36:21 - [MESSAGE][PASSED] - Delayed 3 second(s)

2022-06-27 13:36:21 - [TEST_STEP][PASSED] - takeScreenshot("/Users/a00139272/git/MAEAutomation2/Duitnow/2.png"): Screenshot is taken

2022-06-27 13:36:22 - [MESSAGE][PASSED] - Screenshot is taken
[[ATTACHMENT|/Users/a00139272/git/MAEAutomation2/Duitnow/2.png]]

2022-06-27 13:36:22 - [TEST_STEP][PASSED] - verifyElementVisible(findTestObject("Main/mainS2UApproveBtn"), 10): Element 'Object Repository/Main/mainS2UApproveBtn' is visible

2022-06-27 13:36:22 - [MESSAGE][PASSED] - Element 'Object Repository/Main/mainS2UApproveBtn' is visible

2022-06-27 13:36:22 - [TEST_STEP][PASSED] - tap(findTestObject("Main/mainS2UApproveBtn"), 0): Tapped on element 'Object Repository/Main/mainS2UApproveBtn'

2022-06-27 13:36:22 - [MESSAGE][WARNING] - Timeout '0' is invalid. Using default page load timeout: '40'

2022-06-27 13:36:22 - [MESSAGE][PASSED] - Tapped on element 'Object Repository/Main/mainS2UApproveBtn'

2022-06-27 13:36:22 - [TEST_STEP][PASSED] - delay(3): Delayed 3 second(s)

2022-06-27 13:36:25 - [MESSAGE][PASSED] - Delayed 3 second(s)

2022-06-27 13:36:25 - [TEST_STEP][PASSED] - verifyElementExist(findTestObject("Festive Season/returnAngpaoStatusMessageTxt"), 0): Element 'Object Repository/Festive Season/returnAngpaoStatusMessageTxt' is exist

2022-06-27 13:36:25 - [MESSAGE][WARNING] - Timeout '0' is invalid. Using default page load timeout: '40'

2022-06-27 13:36:27 - [MESSAGE][PASSED] - Element 'Object Repository/Festive Season/returnAngpaoStatusMessageTxt' is exist

2022-06-27 13:36:27 - [TEST_STEP][PASSED] - takeScreenshot("/Users/a00139272/git/MAEAutomation2/Duitnow/3.png"): Screenshot is taken

2022-06-27 13:36:28 - [MESSAGE][PASSED] - Screenshot is taken
[[ATTACHMENT|/Users/a00139272/git/MAEAutomation2/Duitnow/3.png]]

2022-06-27 13:36:28 - [TEST_STEP][PASSED] - message = getText(findTestObject("Festive Season/returnAngpaoStatusMessageTxt"), 10): Text of element 'Object Repository/Festive Season/returnAngpaoStatusMessageTxt' is: 'Transfer successful'

2022-06-27 13:36:28 - [MESSAGE][PASSED] - Text of element 'Object Repository/Festive Season/returnAngpaoStatusMessageTxt' is: 'Transfer successful'

2022-06-27 13:36:28 - [TEST_STEP][PASSED] - println(message): null

2022-06-27 13:36:28 - [TEST_STEP][PASSED] - takeScreenshot("/Users/a00139272/git/MAEAutomation2/Duitnow/1.png"): Screenshot is taken

2022-06-27 13:36:29 - [MESSAGE][PASSED] - Screenshot is taken
[[ATTACHMENT|/Users/a00139272/git/MAEAutomation2/Duitnow/1.png]]

2022-06-27 13:36:29 - [TEST_STEP][PASSED] - assert message == successTransactionMessage: null

2022-06-27 13:36:29 - [TEST_STEP][PASSED] - delay(5): Delayed 5 second(s)

2022-06-27 13:36:34 - [MESSAGE][PASSED] - Delayed 5 second(s)

2022-06-27 13:36:34 - [TEST_STEP][PASSED] - if (value > limit): null

2022-06-27 13:36:34 - [TEST_STEP][PASSED] - else: Element 'Object Repository/Transfer/transferSummaryShareReceiptBtn' is exist

2022-06-27 13:36:34 - [TEST_STEP][PASSED] - verifyElementExist(findTestObject("Duit Now/duitNowSummaryDateTimeTitleTxt"), 0): Element 'Object Repository/Duit Now/duitNowSummaryDateTimeTitleTxt' is exist

2022-06-27 13:36:34 - [MESSAGE][WARNING] - Timeout '0' is invalid. Using default page load timeout: '40'

2022-06-27 13:36:34 - [MESSAGE][PASSED] - Element 'Object Repository/Duit Now/duitNowSummaryDateTimeTitleTxt' is exist

2022-06-27 13:36:34 - [TEST_STEP][PASSED] - verifyElementExist(findTestObject("Duit Now/duitNowSummaryRefernceIDTitleTxt"), 0): Element 'Object Repository/Duit Now/duitNowSummaryRefernceIDTitleTxt' is exist

2022-06-27 13:36:34 - [MESSAGE][WARNING] - Timeout '0' is invalid. Using default page load timeout: '40'

2022-06-27 13:36:34 - [MESSAGE][PASSED] - Element 'Object Repository/Duit Now/duitNowSummaryRefernceIDTitleTxt' is exist

2022-06-27 13:36:34 - [TEST_STEP][PASSED] - verifyElementExist(findTestObject("Transfer/transferSummaryShareReceiptBtn"), 0): Element 'Object Repository/Transfer/transferSummaryShareReceiptBtn' is exist

2022-06-27 13:36:34 - [MESSAGE][WARNING] - Timeout '0' is invalid. Using default page load timeout: '40'

2022-06-27 13:36:34 - [MESSAGE][PASSED] - Element 'Object Repository/Transfer/transferSummaryShareReceiptBtn' is exist

2022-06-27 13:36:34 - [TEST_STEP][PASSED] - delay(5): Delayed 5 second(s)

2022-06-27 13:36:39 - [MESSAGE][PASSED] - Delayed 5 second(s)

2022-06-27 13:36:39 - [TEST_STEP][PASSED] - referenceID = getText(findTestObject("Send Request Money/requestMoneyPaySummaryRefIDTxt"), 0): Text of element 'Object Repository/Send Request Money/requestMoneyPaySummaryRefIDTxt' is: '181599142M'

2022-06-27 13:36:39 - [MESSAGE][WARNING] - Timeout '0' is invalid. Using default page load timeout: '40'

2022-06-27 13:36:40 - [MESSAGE][PASSED] - Text of element 'Object Repository/Send Request Money/requestMoneyPaySummaryRefIDTxt' is: '181599142M'

2022-06-27 13:36:40 - [TEST_STEP][PASSED] - println(referenceID): null

2022-06-27 13:36:40 - [TEST_STEP][PASSED] - test = dataFolder: null

2022-06-27 13:36:40 - [TEST_STEP][PASSED] - sheetName = "Sheet1": null

2022-06-27 13:36:40 - [TEST_STEP][PASSED] - file1 = new java.io.File(test): null

2022-06-27 13:36:40 - [TEST_STEP][PASSED] - assert file1.exists() == true: null

2022-06-27 13:36:40 - [TEST_STEP][PASSED] - woorkbook1 = getWorkbook(test): null

2022-06-27 13:36:40 - [TEST_STEP][PASSED] - sheet1 = getExcelSheet(woorkbook1, sheetName): null

2022-06-27 13:36:40 - [TEST_STEP][PASSED] - setValueToCellByIndex(sheet1, 4, 1, referenceID): null

2022-06-27 13:36:40 - [TEST_STEP][PASSED] - saveWorkbook(test, woorkbook1): null

2022-06-27 13:36:40 - [TEST_STEP][PASSED] - delay(3): Delayed 3 second(s)

2022-06-27 13:36:43 - [MESSAGE][PASSED] - Delayed 3 second(s)

2022-06-27 13:36:43 - [TEST_STEP][PASSED] - takeScreenshot("/Users/a00139272/Desktop/Screenshot/duitNowMobile.png"): Screenshot is taken

2022-06-27 13:36:43 - [MESSAGE][PASSED] - Screenshot is taken
[[ATTACHMENT|/Users/a00139272/Desktop/Screenshot/duitNowMobile.png]]

2022-06-27 13:36:43 - [TEST_STEP][PASSED] - verifyElementVisible(findTestObject("Main/mainDoneBtn"), 0): Element 'Object Repository/Main/mainDoneBtn' is visible

2022-06-27 13:36:43 - [MESSAGE][WARNING] - Timeout '0' is invalid. Using default page load timeout: '40'

2022-06-27 13:36:44 - [MESSAGE][PASSED] - Element 'Object Repository/Main/mainDoneBtn' is visible

2022-06-27 13:36:44 - [TEST_STEP][PASSED] - tap(findTestObject("Main/mainDoneBtn"), 0): Tapped on element 'Object Repository/Main/mainDoneBtn'

2022-06-27 13:36:44 - [MESSAGE][WARNING] - Timeout '0' is invalid. Using default page load timeout: '40'

2022-06-27 13:36:44 - [MESSAGE][PASSED] - Tapped on element 'Object Repository/Main/mainDoneBtn']]></system-out>
         <system-err><![CDATA[2022-06-27 13:31:09 - [TEST_CASE][FAILED] - Test Cases/DuitNow/duitNow_mobileNumberTransaction: Test Cases/DuitNow/duitNow_mobileNumberTransaction FAILED.
Reason:
com.kms.katalon.core.exception.StepFailedException: Element 'Object Repository/Transfer/transferConfirmationFromAccTypeTxt' not found
	at com.kms.katalon.core.keyword.internal.KeywordMain.stepFailed(KeywordMain.groovy:39)
	at com.kms.katalon.core.mobile.keyword.internal.MobileKeywordMain.stepFailed(MobileKeywordMain.groovy:40)
	at com.kms.katalon.core.mobile.keyword.builtin.VerifyElementTextKeyword$_verifyElementText_closure1.doCall(VerifyElementTextKeyword.groovy:49)
	at com.kms.katalon.core.mobile.keyword.builtin.VerifyElementTextKeyword$_verifyElementText_closure1.call(VerifyElementTextKeyword.groovy)
	at com.kms.katalon.core.mobile.keyword.internal.MobileKeywordMain.runKeyword(MobileKeywordMain.groovy:21)
	at com.kms.katalon.core.mobile.keyword.builtin.VerifyElementTextKeyword.verifyElementText(VerifyElementTextKeyword.groovy:62)
	at com.kms.katalon.core.mobile.keyword.builtin.VerifyElementTextKeyword.execute(VerifyElementTextKeyword.groovy:39)
	at com.kms.katalon.core.keyword.internal.KeywordExecutor.executeKeywordForPlatform(KeywordExecutor.groovy:74)
	at com.kms.katalon.core.mobile.keyword.MobileBuiltInKeywords.verifyElementText(MobileBuiltInKeywords.groovy:2901)
	at com.kms.katalon.core.mobile.keyword.MobileBuiltInKeywords$verifyElementText$9.call(Unknown Source)
	at duitNow_mobileNumberTransaction.run(duitNow_mobileNumberTransaction:294)
	at com.kms.katalon.core.main.ScriptEngine.run(ScriptEngine.java:194)
	at com.kms.katalon.core.main.ScriptEngine.runScriptAsRawText(ScriptEngine.java:119)
	at com.kms.katalon.core.main.TestCaseExecutor.runScript(TestCaseExecutor.java:445)
	at com.kms.katalon.core.main.TestCaseExecutor.doExecute(TestCaseExecutor.java:436)
	at com.kms.katalon.core.main.TestCaseExecutor.processExecutionPhase(TestCaseExecutor.java:415)
	at com.kms.katalon.core.main.TestCaseExecutor.accessMainPhase(TestCaseExecutor.java:407)
	at com.kms.katalon.core.main.TestCaseExecutor.execute(TestCaseExecutor.java:284)
	at com.kms.katalon.core.common.CommonExecutor.accessTestCaseMainPhase(CommonExecutor.java:65)
	at com.kms.katalon.core.main.TestSuiteExecutor.accessTestSuiteMainPhase(TestSuiteExecutor.java:144)
	at com.kms.katalon.core.main.TestSuiteExecutor.execute(TestSuiteExecutor.java:106)
	at com.kms.katalon.core.main.TestCaseMain.startTestSuite(TestCaseMain.java:185)
	at com.kms.katalon.core.main.TestCaseMain$startTestSuite$0.call(Unknown Source)
	at TempTestSuite1656306335392.run(TempTestSuite1656306335392.groovy:36)]]></system-err>
      </testcase>
      <testcase name="Test Cases/DuitNow/duitNow_businessRegNumberTransaction" time="411.124" classname="Test Cases/DuitNow/duitNow_businessRegNumberTransaction" status="FAILED">
         <failure type="FAILED" message="Test Cases/DuitNow/duitNow_businessRegNumberTransaction FAILED.
Reason:
com.kms.katalon.core.exception.StepFailedException: Element 'Object Repository/Duit Now/duitNowAmountReceipientNameTxt' not found
	at com.kms.katalon.core.keyword.internal.KeywordMain.stepFailed(KeywordMain.groovy:39)
	at com.kms.katalon.core.mobile.keyword.internal.MobileKeywordMain.stepFailed(MobileKeywordMain.groovy:40)
	at com.kms.katalon.core.mobile.keyword.builtin.VerifyElementTextKeyword$_verifyElementText_closure1.doCall(VerifyElementTextKeyword.groovy:49)
	at com.kms.katalon.core.mobile.keyword.builtin.VerifyElementTextKeyword$_verifyElementText_closure1.call(VerifyElementTextKeyword.groovy)
	at com.kms.katalon.core.mobile.keyword.internal.MobileKeywordMain.runKeyword(MobileKeywordMain.groovy:21)
	at com.kms.katalon.core.mobile.keyword.builtin.VerifyElementTextKeyword.verifyElementText(VerifyElementTextKeyword.groovy:62)
	at com.kms.katalon.core.mobile.keyword.builtin.VerifyElementTextKeyword.execute(VerifyElementTextKeyword.groovy:39)
	at com.kms.katalon.core.keyword.internal.KeywordExecutor.executeKeywordForPlatform(KeywordExecutor.groovy:74)
	at com.kms.katalon.core.mobile.keyword.MobileBuiltInKeywords.verifyElementText(MobileBuiltInKeywords.groovy:2901)
	at com.kms.katalon.core.mobile.keyword.MobileBuiltInKeywords$verifyElementText$9.call(Unknown Source)
	at duitNow_businessRegNumberTransaction.run(duitNow_businessRegNumberTransaction:135)
	at com.kms.katalon.core.main.ScriptEngine.run(ScriptEngine.java:194)
	at com.kms.katalon.core.main.ScriptEngine.runScriptAsRawText(ScriptEngine.java:119)
	at com.kms.katalon.core.main.TestCaseExecutor.runScript(TestCaseExecutor.java:445)
	at com.kms.katalon.core.main.TestCaseExecutor.doExecute(TestCaseExecutor.java:436)
	at com.kms.katalon.core.main.TestCaseExecutor.processExecutionPhase(TestCaseExecutor.java:415)
	at com.kms.katalon.core.main.TestCaseExecutor.accessMainPhase(TestCaseExecutor.java:407)
	at com.kms.katalon.core.main.TestCaseExecutor.execute(TestCaseExecutor.java:284)
	at com.kms.katalon.core.common.CommonExecutor.accessTestCaseMainPhase(CommonExecutor.java:65)
	at com.kms.katalon.core.main.TestSuiteExecutor.accessTestSuiteMainPhase(TestSuiteExecutor.java:144)
	at com.kms.katalon.core.main.TestSuiteExecutor.execute(TestSuiteExecutor.java:106)
	at com.kms.katalon.core.main.TestCaseMain.startTestSuite(TestCaseMain.java:185)
	at com.kms.katalon.core.main.TestCaseMain$startTestSuite$0.call(Unknown Source)
	at TempTestSuite1656306335392.run(TempTestSuite1656306335392.groovy:36)
"/>
         <system-out><![CDATA[2022-06-27 13:36:44 - [TEST_CASE][FAILED] - Test Cases/DuitNow/duitNow_businessRegNumberTransaction: Test Cases/DuitNow/duitNow_businessRegNumberTransaction FAILED.
Reason:
com.kms.katalon.core.exception.StepFailedException: Element 'Object Repository/Duit Now/duitNowAmountReceipientNameTxt' not found
	at com.kms.katalon.core.keyword.internal.KeywordMain.stepFailed(KeywordMain.groovy:39)
	at com.kms.katalon.core.mobile.keyword.internal.MobileKeywordMain.stepFailed(MobileKeywordMain.groovy:40)
	at com.kms.katalon.core.mobile.keyword.builtin.VerifyElementTextKeyword$_verifyElementText_closure1.doCall(VerifyElementTextKeyword.groovy:49)
	at com.kms.katalon.core.mobile.keyword.builtin.VerifyElementTextKeyword$_verifyElementText_closure1.call(VerifyElementTextKeyword.groovy)
	at com.kms.katalon.core.mobile.keyword.internal.MobileKeywordMain.runKeyword(MobileKeywordMain.groovy:21)
	at com.kms.katalon.core.mobile.keyword.builtin.VerifyElementTextKeyword.verifyElementText(VerifyElementTextKeyword.groovy:62)
	at com.kms.katalon.core.mobile.keyword.builtin.VerifyElementTextKeyword.execute(VerifyElementTextKeyword.groovy:39)
	at com.kms.katalon.core.keyword.internal.KeywordExecutor.executeKeywordForPlatform(KeywordExecutor.groovy:74)
	at com.kms.katalon.core.mobile.keyword.MobileBuiltInKeywords.verifyElementText(MobileBuiltInKeywords.groovy:2901)
	at com.kms.katalon.core.mobile.keyword.MobileBuiltInKeywords$verifyElementText$9.call(Unknown Source)
	at duitNow_businessRegNumberTransaction.run(duitNow_businessRegNumberTransaction:135)
	at com.kms.katalon.core.main.ScriptEngine.run(ScriptEngine.java:194)
	at com.kms.katalon.core.main.ScriptEngine.runScriptAsRawText(ScriptEngine.java:119)
	at com.kms.katalon.core.main.TestCaseExecutor.runScript(TestCaseExecutor.java:445)
	at com.kms.katalon.core.main.TestCaseExecutor.doExecute(TestCaseExecutor.java:436)
	at com.kms.katalon.core.main.TestCaseExecutor.processExecutionPhase(TestCaseExecutor.java:415)
	at com.kms.katalon.core.main.TestCaseExecutor.accessMainPhase(TestCaseExecutor.java:407)
	at com.kms.katalon.core.main.TestCaseExecutor.execute(TestCaseExecutor.java:284)
	at com.kms.katalon.core.common.CommonExecutor.accessTestCaseMainPhase(CommonExecutor.java:65)
	at com.kms.katalon.core.main.TestSuiteExecutor.accessTestSuiteMainPhase(TestSuiteExecutor.java:144)
	at com.kms.katalon.core.main.TestSuiteExecutor.execute(TestSuiteExecutor.java:106)
	at com.kms.katalon.core.main.TestCaseMain.startTestSuite(TestCaseMain.java:185)
	at com.kms.katalon.core.main.TestCaseMain$startTestSuite$0.call(Unknown Source)
	at TempTestSuite1656306335392.run(TempTestSuite1656306335392.groovy:36)


2022-06-27 13:36:44 - [TEST_STEP][PASSED] - delay(5): Delayed 5 second(s)

2022-06-27 13:36:49 - [MESSAGE][PASSED] - Delayed 5 second(s)

2022-06-27 13:36:49 - [TEST_STEP][PASSED] - device_Height = getDeviceHeight(): Current device physical height is 2167

2022-06-27 13:36:49 - [MESSAGE][PASSED] - Current device physical height is 2167

2022-06-27 13:36:49 - [TEST_STEP][PASSED] - device_Width = getDeviceWidth(): Current device physical width is 1080

2022-06-27 13:36:49 - [MESSAGE][PASSED] - Current device physical width is 1080

2022-06-27 13:36:49 - [TEST_STEP][PASSED] - startX = device_Width / 3: null

2022-06-27 13:36:49 - [TEST_STEP][PASSED] - startY = device_Height * 0.97: null

2022-06-27 13:36:49 - [TEST_STEP][PASSED] - delay(3): Delayed 3 second(s)

2022-06-27 13:36:52 - [MESSAGE][PASSED] - Delayed 3 second(s)

2022-06-27 13:36:52 - [TEST_STEP][PASSED] - verifyElementVisible(findTestObject("Banking/m2uAccountTransferIconSelect"), 10): Element 'Object Repository/Banking/m2uAccountTransferIconSelect' is visible

2022-06-27 13:36:53 - [MESSAGE][PASSED] - Element 'Object Repository/Banking/m2uAccountTransferIconSelect' is visible

2022-06-27 13:36:53 - [TEST_STEP][PASSED] - tap(findTestObject("Banking/m2uAccountTransferIconSelect"), 0): Tapped on element 'Object Repository/Banking/m2uAccountTransferIconSelect'

2022-06-27 13:36:53 - [MESSAGE][WARNING] - Timeout '0' is invalid. Using default page load timeout: '40'

2022-06-27 13:36:53 - [MESSAGE][PASSED] - Tapped on element 'Object Repository/Banking/m2uAccountTransferIconSelect'

2022-06-27 13:36:53 - [TEST_STEP][PASSED] - verifyElementVisible(findTestObject("Banking/transferDuitNowTopMenuSelect"), 5): Element 'Object Repository/Banking/transferDuitNowTopMenuSelect' is visible

2022-06-27 13:37:44 - [MESSAGE][PASSED] - Element 'Object Repository/Banking/transferDuitNowTopMenuSelect' is visible

2022-06-27 13:37:44 - [TEST_STEP][PASSED] - tap(findTestObject("Banking/transferDuitNowTopMenuSelect"), 0): Tapped on element 'Object Repository/Banking/transferDuitNowTopMenuSelect'

2022-06-27 13:37:44 - [MESSAGE][WARNING] - Timeout '0' is invalid. Using default page load timeout: '40'

2022-06-27 13:38:45 - [MESSAGE][PASSED] - Tapped on element 'Object Repository/Banking/transferDuitNowTopMenuSelect'

2022-06-27 13:38:45 - [TEST_STEP][PASSED] - delay(3): Delayed 3 second(s)

2022-06-27 13:38:48 - [MESSAGE][PASSED] - Delayed 3 second(s)

2022-06-27 13:38:48 - [TEST_STEP][PASSED] - tap(findTestObject("Banking/duitNowOtherIconSelect"), 0): Tapped on element 'Object Repository/Banking/duitNowOtherIconSelect'

2022-06-27 13:38:48 - [MESSAGE][WARNING] - Timeout '0' is invalid. Using default page load timeout: '40'

2022-06-27 13:39:41 - [MESSAGE][PASSED] - Tapped on element 'Object Repository/Banking/duitNowOtherIconSelect'

2022-06-27 13:39:41 - [TEST_STEP][PASSED] - delay(5): Delayed 5 second(s)

2022-06-27 13:39:46 - [MESSAGE][PASSED] - Delayed 5 second(s)

2022-06-27 13:39:46 - [TEST_STEP][PASSED] - verifyElementExist(findTestObject("Banking/duitNowIDTypeDropdownSelect"), 0): Element 'Object Repository/Banking/duitNowIDTypeDropdownSelect' is exist

2022-06-27 13:39:46 - [MESSAGE][WARNING] - Timeout '0' is invalid. Using default page load timeout: '40'

2022-06-27 13:39:46 - [MESSAGE][PASSED] - Element 'Object Repository/Banking/duitNowIDTypeDropdownSelect' is exist

2022-06-27 13:39:46 - [TEST_STEP][PASSED] - tap(findTestObject("Banking/duitNowIDTypeDropdownSelect"), 0): Tapped on element 'Object Repository/Banking/duitNowIDTypeDropdownSelect'

2022-06-27 13:39:46 - [MESSAGE][WARNING] - Timeout '0' is invalid. Using default page load timeout: '40'

2022-06-27 13:39:46 - [MESSAGE][PASSED] - Tapped on element 'Object Repository/Banking/duitNowIDTypeDropdownSelect'

2022-06-27 13:39:46 - [TEST_STEP][PASSED] - if (proxyType): Scrolling to text 'Business Registration Number' successfully

2022-06-27 13:39:46 - [TEST_STEP][PASSED] - delay(3): Delayed 3 second(s)

2022-06-27 13:39:49 - [MESSAGE][PASSED] - Delayed 3 second(s)

2022-06-27 13:39:49 - [TEST_STEP][PASSED] - scrollToText(proxyType): Scrolling to text 'Business Registration Number' successfully

2022-06-27 13:39:53 - [MESSAGE][PASSED] - Scrolling to text 'Business Registration Number' successfully

2022-06-27 13:39:53 - [TEST_STEP][PASSED] - verifyElementExist(findTestObject("Banking/duitNowBusinessRegIDTypeDropdown", ["proxy":proxyType]), 0): Element 'Object Repository/Banking/duitNowBusinessRegIDTypeDropdown' is exist

2022-06-27 13:39:53 - [MESSAGE][WARNING] - Timeout '0' is invalid. Using default page load timeout: '40'

2022-06-27 13:39:53 - [MESSAGE][PASSED] - Element 'Object Repository/Banking/duitNowBusinessRegIDTypeDropdown' is exist

2022-06-27 13:39:53 - [TEST_STEP][PASSED] - tap(findTestObject("Banking/duitNowBusinessRegIDTypeDropdown", ["proxy":proxyType]), 0): Tapped on element 'Object Repository/Banking/duitNowBusinessRegIDTypeDropdown'

2022-06-27 13:39:53 - [MESSAGE][WARNING] - Timeout '0' is invalid. Using default page load timeout: '40'

2022-06-27 13:39:53 - [MESSAGE][PASSED] - Tapped on element 'Object Repository/Banking/duitNowBusinessRegIDTypeDropdown'

2022-06-27 13:39:53 - [TEST_STEP][PASSED] - tap(findTestObject("Main/mainCalenderPickerDoneBtn"), 0): Tapped on element 'Object Repository/Main/mainCalenderPickerDoneBtn'

2022-06-27 13:39:53 - [MESSAGE][WARNING] - Timeout '0' is invalid. Using default page load timeout: '40'

2022-06-27 13:39:53 - [MESSAGE][PASSED] - Tapped on element 'Object Repository/Main/mainCalenderPickerDoneBtn'

2022-06-27 13:39:53 - [TEST_STEP][PASSED] - delay(3): Delayed 3 second(s)

2022-06-27 13:39:56 - [MESSAGE][PASSED] - Delayed 3 second(s)

2022-06-27 13:39:56 - [TEST_STEP][PASSED] - verifyElementExist(findTestObject("Banking/duitNowBusinessRegNoInputField", ["proxyPlaceholder":proxyPlaceholder]), 0): Element 'Object Repository/Banking/duitNowBusinessRegNoInputField' is exist

2022-06-27 13:39:56 - [MESSAGE][WARNING] - Timeout '0' is invalid. Using default page load timeout: '40'

2022-06-27 13:39:56 - [MESSAGE][PASSED] - Element 'Object Repository/Banking/duitNowBusinessRegNoInputField' is exist

2022-06-27 13:39:56 - [TEST_STEP][PASSED] - setText(findTestObject("Banking/duitNowBusinessRegNoInputField", ["proxyPlaceholder":proxyPlaceholder]), proxyNumber, 0): Text 'aa9876543a' has been set to element 'Object Repository/Banking/duitNowBusinessRegNoInputField'

2022-06-27 13:39:56 - [MESSAGE][WARNING] - Timeout '0' is invalid. Using default page load timeout: '40'

2022-06-27 13:39:58 - [MESSAGE][PASSED] - Text 'aa9876543a' has been set to element 'Object Repository/Banking/duitNowBusinessRegNoInputField'

2022-06-27 13:39:58 - [TEST_STEP][PASSED] - hideKeyboard(): Keyboard is hidden

2022-06-27 13:40:00 - [MESSAGE][PASSED] - Keyboard is hidden

2022-06-27 13:40:00 - [TEST_STEP][PASSED] - if (proxy == "Passport Number"): null

2022-06-27 13:40:00 - [TEST_STEP][PASSED] - tap(findTestObject("Login Onboarding/loginExistingContinueBtn"), 0): Tapped on element 'Object Repository/Login Onboarding/loginExistingContinueBtn'

2022-06-27 13:40:00 - [MESSAGE][WARNING] - Timeout '0' is invalid. Using default page load timeout: '40'

2022-06-27 13:40:00 - [MESSAGE][PASSED] - Tapped on element 'Object Repository/Login Onboarding/loginExistingContinueBtn'

2022-06-27 13:40:00 - [TEST_STEP][PASSED] - delay(3): Delayed 3 second(s)

2022-06-27 13:40:03 - [MESSAGE][PASSED] - Delayed 3 second(s)

2022-06-27 13:40:03 - [TEST_STEP][PASSED] - verifyElementText(findTestObject("Duit Now/duitNowAmountProxyNumberTxt", ["proxyNumber":proxyNumber]), proxyNumber): Actual text and expected text of test object 'Object Repository/Duit Now/duitNowAmountProxyNumberTxt' are matched.

2022-06-27 13:40:05 - [MESSAGE][PASSED] - Actual text and expected text of test object 'Object Repository/Duit Now/duitNowAmountProxyNumberTxt' are matched.

2022-06-27 13:40:05 - [TEST_STEP][FAILED] - verifyElementText(findTestObject("Duit Now/duitNowAmountReceipientNameTxt", ["recName":recName]), recName): Element 'Object Repository/Duit Now/duitNowAmountReceipientNameTxt' not found

2022-06-27 13:40:45 - [MESSAGE][FAILED] - Element 'Object Repository/Duit Now/duitNowAmountReceipientNameTxt' not found

2022-06-27 13:40:45 - [TEST_STEP][PASSED] - verifyElementText(findTestObject("Duit Now/duitNowAmountProxyTypeTxt", ["proxyType":proxyType]), proxyType): Actual text and expected text of test object 'Object Repository/Duit Now/duitNowAmountProxyTypeTxt' are matched.

2022-06-27 13:40:45 - [MESSAGE][PASSED] - Actual text and expected text of test object 'Object Repository/Duit Now/duitNowAmountProxyTypeTxt' are matched.

2022-06-27 13:40:45 - [TEST_STEP][PASSED] - verifyElementExist(findTestObject("Duit Now/duitNowAmountCurrencyTypeTxt"), 0): Element 'Object Repository/Duit Now/duitNowAmountCurrencyTypeTxt' is exist

2022-06-27 13:40:45 - [MESSAGE][WARNING] - Timeout '0' is invalid. Using default page load timeout: '40'

2022-06-27 13:40:46 - [MESSAGE][PASSED] - Element 'Object Repository/Duit Now/duitNowAmountCurrencyTypeTxt' is exist

2022-06-27 13:40:46 - [TEST_STEP][PASSED] - verifyElementExist(findTestObject("Duit Now/duitNowAmountEnterAmountTitleTxt"), 0): Element 'Object Repository/Duit Now/duitNowAmountEnterAmountTitleTxt' is exist

2022-06-27 13:40:46 - [MESSAGE][WARNING] - Timeout '0' is invalid. Using default page load timeout: '40'

2022-06-27 13:40:46 - [MESSAGE][PASSED] - Element 'Object Repository/Duit Now/duitNowAmountEnterAmountTitleTxt' is exist

2022-06-27 13:40:46 - [TEST_STEP][PASSED] - verifyElementExist(findTestObject("Duit Now/duitNowAmountInitialValueTxt"), 0): Element 'Object Repository/Duit Now/duitNowAmountInitialValueTxt' is exist

2022-06-27 13:40:46 - [MESSAGE][WARNING] - Timeout '0' is invalid. Using default page load timeout: '40'

2022-06-27 13:40:46 - [MESSAGE][PASSED] - Element 'Object Repository/Duit Now/duitNowAmountInitialValueTxt' is exist

2022-06-27 13:40:46 - [TEST_STEP][PASSED] - tap(findTestObject("Login Onboarding/PIN4"), 0): Tapped on element 'Object Repository/Login Onboarding/PIN4'

2022-06-27 13:40:46 - [MESSAGE][WARNING] - Timeout '0' is invalid. Using default page load timeout: '40'

2022-06-27 13:40:47 - [MESSAGE][PASSED] - Tapped on element 'Object Repository/Login Onboarding/PIN4'

2022-06-27 13:40:47 - [TEST_STEP][PASSED] - delay(5): Delayed 5 second(s)

2022-06-27 13:40:52 - [MESSAGE][PASSED] - Delayed 5 second(s)

2022-06-27 13:40:52 - [TEST_STEP][PASSED] - verifyElementText(findTestObject("Duit Now/duitNowAmountValueTxt", ["value":"0.04"]), "0.04"): Actual text and expected text of test object 'Object Repository/Duit Now/duitNowAmountValueTxt' are matched.

2022-06-27 13:40:52 - [MESSAGE][PASSED] - Actual text and expected text of test object 'Object Repository/Duit Now/duitNowAmountValueTxt' are matched.

2022-06-27 13:40:52 - [TEST_STEP][PASSED] - verifyElementVisible(findTestObject("Login Onboarding/loginPinTickBtn"), 5): Element 'Object Repository/Login Onboarding/loginPinTickBtn' is visible

2022-06-27 13:40:52 - [MESSAGE][PASSED] - Element 'Object Repository/Login Onboarding/loginPinTickBtn' is visible

2022-06-27 13:40:52 - [TEST_STEP][PASSED] - tap(findTestObject("Login Onboarding/loginPinTickBtn"), 0): Tapped on element 'Object Repository/Login Onboarding/loginPinTickBtn'

2022-06-27 13:40:52 - [MESSAGE][WARNING] - Timeout '0' is invalid. Using default page load timeout: '40'

2022-06-27 13:40:52 - [MESSAGE][PASSED] - Tapped on element 'Object Repository/Login Onboarding/loginPinTickBtn'

2022-06-27 13:40:52 - [TEST_STEP][PASSED] - delay(3): Delayed 3 second(s)

2022-06-27 13:40:55 - [MESSAGE][PASSED] - Delayed 3 second(s)

2022-06-27 13:40:55 - [TEST_STEP][PASSED] - verifyElementText(findTestObject("Duit Now/duitNowReferenceProxyNumberTxt", ["proxyNumber":proxyNumber]), proxyNumber): Actual text and expected text of test object 'Object Repository/Duit Now/duitNowReferenceProxyNumberTxt' are matched.

2022-06-27 13:40:56 - [MESSAGE][PASSED] - Actual text and expected text of test object 'Object Repository/Duit Now/duitNowReferenceProxyNumberTxt' are matched.

2022-06-27 13:40:56 - [TEST_STEP][PASSED] - verifyElementText(findTestObject("Duit Now/duitNowReferenceProxyTypeTxt", ["proxyType":proxyType]), proxyType): Actual text and expected text of test object 'Object Repository/Duit Now/duitNowReferenceProxyTypeTxt' are matched.

2022-06-27 13:40:56 - [MESSAGE][PASSED] - Actual text and expected text of test object 'Object Repository/Duit Now/duitNowReferenceProxyTypeTxt' are matched.

2022-06-27 13:40:56 - [TEST_STEP][FAILED] - verifyElementText(findTestObject("Duit Now/duitNowReferenceReceipientNameTxt", ["recName":recName]), recName): Element 'Object Repository/Duit Now/duitNowReferenceReceipientNameTxt' not found

2022-06-27 13:41:36 - [MESSAGE][FAILED] - Element 'Object Repository/Duit Now/duitNowReferenceReceipientNameTxt' not found

2022-06-27 13:41:36 - [TEST_STEP][PASSED] - verifyElementExist(findTestObject("Duit Now/duitNowReferenceEnterTitleTxt"), 0): Element 'Object Repository/Duit Now/duitNowReferenceEnterTitleTxt' is exist

2022-06-27 13:41:36 - [MESSAGE][WARNING] - Timeout '0' is invalid. Using default page load timeout: '40'

2022-06-27 13:41:36 - [MESSAGE][PASSED] - Element 'Object Repository/Duit Now/duitNowReferenceEnterTitleTxt' is exist

2022-06-27 13:41:36 - [TEST_STEP][PASSED] - setText(findTestObject("Banking/duitNowReferenceInputField"), reference, 0): Text 'DuitNowBRegTransfer' has been set to element 'Object Repository/Banking/duitNowReferenceInputField'

2022-06-27 13:41:36 - [MESSAGE][WARNING] - Timeout '0' is invalid. Using default page load timeout: '40'

2022-06-27 13:41:37 - [MESSAGE][PASSED] - Text 'DuitNowBRegTransfer' has been set to element 'Object Repository/Banking/duitNowReferenceInputField'

2022-06-27 13:41:37 - [TEST_STEP][PASSED] - hideKeyboard(): Keyboard is hidden

2022-06-27 13:41:38 - [MESSAGE][PASSED] - Keyboard is hidden

2022-06-27 13:41:39 - [TEST_STEP][PASSED] - verifyElementText(findTestObject("Duit Now/duitNowReferenceContentTxt", ["reference":reference]), reference): Actual text and expected text of test object 'Object Repository/Duit Now/duitNowReferenceContentTxt' are matched.

2022-06-27 13:41:39 - [MESSAGE][PASSED] - Actual text and expected text of test object 'Object Repository/Duit Now/duitNowReferenceContentTxt' are matched.

2022-06-27 13:41:39 - [TEST_STEP][PASSED] - tap(findTestObject("Login Onboarding/loginExistingContinueBtn"), 0): Tapped on element 'Object Repository/Login Onboarding/loginExistingContinueBtn'

2022-06-27 13:41:39 - [MESSAGE][WARNING] - Timeout '0' is invalid. Using default page load timeout: '40'

2022-06-27 13:41:39 - [MESSAGE][PASSED] - Tapped on element 'Object Repository/Login Onboarding/loginExistingContinueBtn'

2022-06-27 13:41:39 - [TEST_STEP][FAILED] - verifyElementText(findTestObject("Duit Now/duitNowConfirmationReceipientNameTxt", ["recName":recName]), recName): Element 'Object Repository/Duit Now/duitNowConfirmationReceipientNameTxt' not found

2022-06-27 13:42:19 - [MESSAGE][FAILED] - Element 'Object Repository/Duit Now/duitNowConfirmationReceipientNameTxt' not found

2022-06-27 13:42:19 - [TEST_STEP][PASSED] - verifyElementText(findTestObject("Duit Now/duitNowConfirmationReceipientProxyNumTxt", ["proxyNumber":proxyNumber]), proxyNumber): Actual text and expected text of test object 'Object Repository/Duit Now/duitNowConfirmationReceipientProxyNumTxt' are matched.

2022-06-27 13:42:19 - [MESSAGE][PASSED] - Actual text and expected text of test object 'Object Repository/Duit Now/duitNowConfirmationReceipientProxyNumTxt' are matched.

2022-06-27 13:42:19 - [TEST_STEP][PASSED] - verifyElementText(findTestObject("Duit Now/duitNowConfirmationAmountTxt", ["amount":"RM 0.04"]), "RM 0.04"): Actual text and expected text of test object 'Object Repository/Duit Now/duitNowConfirmationAmountTxt' are matched.

2022-06-27 13:42:20 - [MESSAGE][PASSED] - Actual text and expected text of test object 'Object Repository/Duit Now/duitNowConfirmationAmountTxt' are matched.

2022-06-27 13:42:20 - [TEST_STEP][PASSED] - verifyElementExist(findTestObject("Duit Now/duitNowConfirmationDateTitleTxt"), 0): Element 'Object Repository/Duit Now/duitNowConfirmationDateTitleTxt' is exist

2022-06-27 13:42:20 - [MESSAGE][WARNING] - Timeout '0' is invalid. Using default page load timeout: '40'

2022-06-27 13:42:20 - [MESSAGE][PASSED] - Element 'Object Repository/Duit Now/duitNowConfirmationDateTitleTxt' is exist

2022-06-27 13:42:20 - [TEST_STEP][PASSED] - verifyElementExist(findTestObject("Duit Now/duitNowConfirmationIDTypeTitleTxt"), 0): Element 'Object Repository/Duit Now/duitNowConfirmationIDTypeTitleTxt' is exist

2022-06-27 13:42:20 - [MESSAGE][WARNING] - Timeout '0' is invalid. Using default page load timeout: '40'

2022-06-27 13:42:20 - [MESSAGE][PASSED] - Element 'Object Repository/Duit Now/duitNowConfirmationIDTypeTitleTxt' is exist

2022-06-27 13:42:20 - [TEST_STEP][PASSED] - verifyElementExist(findTestObject("Duit Now/duitNowConfirmationTransferTypeTitleTxt"), 0): Element 'Object Repository/Duit Now/duitNowConfirmationTransferTypeTitleTxt' is exist

2022-06-27 13:42:20 - [MESSAGE][WARNING] - Timeout '0' is invalid. Using default page load timeout: '40'

2022-06-27 13:42:21 - [MESSAGE][PASSED] - Element 'Object Repository/Duit Now/duitNowConfirmationTransferTypeTitleTxt' is exist

2022-06-27 13:42:21 - [TEST_STEP][PASSED] - verifyElementExist(findTestObject("Duit Now/duitNowConfirmationPaymentDetailsTitleTxt"), 0): Element 'Object Repository/Duit Now/duitNowConfirmationPaymentDetailsTitleTxt' is exist

2022-06-27 13:42:21 - [MESSAGE][WARNING] - Timeout '0' is invalid. Using default page load timeout: '40'

2022-06-27 13:42:21 - [MESSAGE][PASSED] - Element 'Object Repository/Duit Now/duitNowConfirmationPaymentDetailsTitleTxt' is exist

2022-06-27 13:42:21 - [TEST_STEP][PASSED] - verifyElementExist(findTestObject("Duit Now/duitNowConfirmationReferenceTitleTxt"), 0): Element 'Object Repository/Duit Now/duitNowConfirmationReferenceTitleTxt' is exist

2022-06-27 13:42:21 - [MESSAGE][WARNING] - Timeout '0' is invalid. Using default page load timeout: '40'

2022-06-27 13:42:21 - [MESSAGE][PASSED] - Element 'Object Repository/Duit Now/duitNowConfirmationReferenceTitleTxt' is exist

2022-06-27 13:42:21 - [TEST_STEP][PASSED] - verifyElementExist(findTestObject("Duit Now/duitNowConfirmationServiceFeeTitleTxt"), 0): Element 'Object Repository/Duit Now/duitNowConfirmationServiceFeeTitleTxt' is exist

2022-06-27 13:42:21 - [MESSAGE][WARNING] - Timeout '0' is invalid. Using default page load timeout: '40'

2022-06-27 13:42:21 - [MESSAGE][PASSED] - Element 'Object Repository/Duit Now/duitNowConfirmationServiceFeeTitleTxt' is exist

2022-06-27 13:42:21 - [TEST_STEP][PASSED] - verifyElementText(findTestObject("Duit Now/duitNowConfirmationIDTypeTxt", ["proxy":proxy]), proxy): Actual text and expected text of test object 'Object Repository/Duit Now/duitNowConfirmationIDTypeTxt' are matched.

2022-06-27 13:42:22 - [MESSAGE][PASSED] - Actual text and expected text of test object 'Object Repository/Duit Now/duitNowConfirmationIDTypeTxt' are matched.

2022-06-27 13:42:22 - [TEST_STEP][PASSED] - verifyElementText(findTestObject("Duit Now/duitNowConfirmationReceiveDateTxt"), "Today"): Actual text and expected text of test object 'Object Repository/Duit Now/duitNowConfirmationReceiveDateTxt' are matched.

2022-06-27 13:42:22 - [MESSAGE][PASSED] - Actual text and expected text of test object 'Object Repository/Duit Now/duitNowConfirmationReceiveDateTxt' are matched.

2022-06-27 13:42:22 - [TEST_STEP][PASSED] - verifyElementText(findTestObject("Duit Now/duitNowConfirmationReferenceTxt", ["reference":reference]), reference): Actual text and expected text of test object 'Object Repository/Duit Now/duitNowConfirmationReferenceTxt' are matched.

2022-06-27 13:42:22 - [MESSAGE][PASSED] - Actual text and expected text of test object 'Object Repository/Duit Now/duitNowConfirmationReferenceTxt' are matched.

2022-06-27 13:42:22 - [TEST_STEP][PASSED] - verifyElementText(findTestObject("Duit Now/duitNowConfirmationServiceFeeAmountTxt"), "RM 0.00"): Actual text and expected text of test object 'Object Repository/Duit Now/duitNowConfirmationServiceFeeAmountTxt' are matched.

2022-06-27 13:42:22 - [MESSAGE][PASSED] - Actual text and expected text of test object 'Object Repository/Duit Now/duitNowConfirmationServiceFeeAmountTxt' are matched.

2022-06-27 13:42:22 - [TEST_STEP][PASSED] - tap(findTestObject("Duit Now/duitNowConfirmationPaymentDetailsGreyWordTxt"), 0): Tapped on element 'Object Repository/Duit Now/duitNowConfirmationPaymentDetailsGreyWordTxt'

2022-06-27 13:42:22 - [MESSAGE][WARNING] - Timeout '0' is invalid. Using default page load timeout: '40'

2022-06-27 13:42:23 - [MESSAGE][PASSED] - Tapped on element 'Object Repository/Duit Now/duitNowConfirmationPaymentDetailsGreyWordTxt'

2022-06-27 13:42:23 - [TEST_STEP][PASSED] - setText(findTestObject("Duit Now/duitNowConfirmationPaymentDetailsGreyWordTxt"), details, 0): Text 'Test B Reg' has been set to element 'Object Repository/Duit Now/duitNowConfirmationPaymentDetailsGreyWordTxt'

2022-06-27 13:42:23 - [MESSAGE][WARNING] - Timeout '0' is invalid. Using default page load timeout: '40'

2022-06-27 13:42:25 - [MESSAGE][PASSED] - Text 'Test B Reg' has been set to element 'Object Repository/Duit Now/duitNowConfirmationPaymentDetailsGreyWordTxt'

2022-06-27 13:42:25 - [TEST_STEP][PASSED] - hideKeyboard(): Keyboard is hidden

2022-06-27 13:42:27 - [MESSAGE][PASSED] - Keyboard is hidden

2022-06-27 13:42:27 - [TEST_STEP][PASSED] - verifyElementText(findTestObject("Duit Now/duitNowConfirmationPaymentDetailsInputtedTxt", ["details":details]), details): Actual text and expected text of test object 'Object Repository/Duit Now/duitNowConfirmationPaymentDetailsInputtedTxt' are matched.

2022-06-27 13:42:27 - [MESSAGE][PASSED] - Actual text and expected text of test object 'Object Repository/Duit Now/duitNowConfirmationPaymentDetailsInputtedTxt' are matched.

2022-06-27 13:42:27 - [TEST_STEP][PASSED] - device_Height_2 = getDeviceHeight(): Current device physical height is 2167

2022-06-27 13:42:27 - [MESSAGE][PASSED] - Current device physical height is 2167

2022-06-27 13:42:27 - [TEST_STEP][PASSED] - device_Width_2 = getDeviceWidth(): Current device physical width is 1080

2022-06-27 13:42:28 - [MESSAGE][PASSED] - Current device physical width is 1080

2022-06-27 13:42:28 - [TEST_STEP][PASSED] - startX_2 = device_Width_2 / 2: null

2022-06-27 13:42:28 - [TEST_STEP][PASSED] - endX_2 = startX_2: null

2022-06-27 13:42:28 - [TEST_STEP][PASSED] - startY_2 = device_Height_2 * 0.30: null

2022-06-27 13:42:28 - [TEST_STEP][PASSED] - endY_2 = device_Height_2 * 0.70: null

2022-06-27 13:42:28 - [TEST_STEP][PASSED] - swipe(startX_2, endY_2, endX_2, startY_2): Swiped from 540,1,516 to 540,650

2022-06-27 13:42:29 - [MESSAGE][PASSED] - Swiped from 540,1,516 to 540,650

2022-06-27 13:42:29 - [TEST_STEP][PASSED] - verifyElementExist(findTestObject("Transfer/transferConfirmationFTransferFromTitleTxt"), 0): Element 'Object Repository/Transfer/transferConfirmationFTransferFromTitleTxt' is exist

2022-06-27 13:42:29 - [MESSAGE][WARNING] - Timeout '0' is invalid. Using default page load timeout: '40'

2022-06-27 13:42:29 - [MESSAGE][PASSED] - Element 'Object Repository/Transfer/transferConfirmationFTransferFromTitleTxt' is exist

2022-06-27 13:42:29 - [TEST_STEP][PASSED] - verifyElementExist(findTestObject("Duit Now/duitNowConfirmationNoteTitleTxt"), 0): Element 'Object Repository/Duit Now/duitNowConfirmationNoteTitleTxt' is exist

2022-06-27 13:42:29 - [MESSAGE][WARNING] - Timeout '0' is invalid. Using default page load timeout: '40'

2022-06-27 13:42:29 - [MESSAGE][PASSED] - Element 'Object Repository/Duit Now/duitNowConfirmationNoteTitleTxt' is exist

2022-06-27 13:42:29 - [TEST_STEP][PASSED] - verifyElementExist(findTestObject("Duit Now/duitNowConfirmationDeclarationTitleTxt"), 0): Element 'Object Repository/Duit Now/duitNowConfirmationDeclarationTitleTxt' is exist

2022-06-27 13:42:29 - [MESSAGE][WARNING] - Timeout '0' is invalid. Using default page load timeout: '40'

2022-06-27 13:42:30 - [MESSAGE][PASSED] - Element 'Object Repository/Duit Now/duitNowConfirmationDeclarationTitleTxt' is exist

2022-06-27 13:42:30 - [TEST_STEP][PASSED] - verifyElementExist(findTestObject("Duit Now/duitNowConfirmationTnCTitleTxt"), 0): Element 'Object Repository/Duit Now/duitNowConfirmationTnCTitleTxt' is exist

2022-06-27 13:42:30 - [MESSAGE][WARNING] - Timeout '0' is invalid. Using default page load timeout: '40'

2022-06-27 13:42:30 - [MESSAGE][PASSED] - Element 'Object Repository/Duit Now/duitNowConfirmationTnCTitleTxt' is exist

2022-06-27 13:42:30 - [TEST_STEP][PASSED] - verifyElementExist(findTestObject("Duit Now/duitNowConfirmationNoteContentTxt"), 0): Element 'Object Repository/Duit Now/duitNowConfirmationNoteContentTxt' is exist

2022-06-27 13:42:30 - [MESSAGE][WARNING] - Timeout '0' is invalid. Using default page load timeout: '40'

2022-06-27 13:42:30 - [MESSAGE][PASSED] - Element 'Object Repository/Duit Now/duitNowConfirmationNoteContentTxt' is exist

2022-06-27 13:42:30 - [TEST_STEP][PASSED] - verifyElementExist(findTestObject("Duit Now/duitNowConfirmationDeclarationContentTxt"), 0): Element 'Object Repository/Duit Now/duitNowConfirmationDeclarationContentTxt' is exist

2022-06-27 13:42:30 - [MESSAGE][WARNING] - Timeout '0' is invalid. Using default page load timeout: '40'

2022-06-27 13:42:30 - [MESSAGE][PASSED] - Element 'Object Repository/Duit Now/duitNowConfirmationDeclarationContentTxt' is exist

2022-06-27 13:42:30 - [TEST_STEP][PASSED] - verifyElementText(findTestObject("Transfer/transferConfirmationFromAccTypeTxt", ["accType":accType]), accType): Actual text and expected text of test object 'Object Repository/Transfer/transferConfirmationFromAccTypeTxt' are matched.

2022-06-27 13:42:30 - [MESSAGE][PASSED] - Actual text and expected text of test object 'Object Repository/Transfer/transferConfirmationFromAccTypeTxt' are matched.

2022-06-27 13:42:30 - [TEST_STEP][PASSED] - verifyElementText(findTestObject("Transfer/transferConfirmationFromAccNoTxt", ["accNoFrom":accNoFrom]), accNoFrom): Actual text and expected text of test object 'Object Repository/Transfer/transferConfirmationFromAccNoTxt' are matched.

2022-06-27 13:42:31 - [MESSAGE][PASSED] - Actual text and expected text of test object 'Object Repository/Transfer/transferConfirmationFromAccNoTxt' are matched.

2022-06-27 13:42:31 - [TEST_STEP][PASSED] - verifyElementExist(findTestObject("Transfer/transferConfirmationFromAccBalanceTxt"), 0): Element 'Object Repository/Transfer/transferConfirmationFromAccBalanceTxt' is exist

2022-06-27 13:42:31 - [MESSAGE][WARNING] - Timeout '0' is invalid. Using default page load timeout: '40'

2022-06-27 13:42:31 - [MESSAGE][PASSED] - Element 'Object Repository/Transfer/transferConfirmationFromAccBalanceTxt' is exist

2022-06-27 13:42:31 - [TEST_STEP][PASSED] - accountBalance = getText(findTestObject("Transfer/transferConfirmationFromAccBalanceTxt"), 0): Text of element 'Object Repository/Transfer/transferConfirmationFromAccBalanceTxt' is: 'RM 1,932.78'

2022-06-27 13:42:31 - [MESSAGE][WARNING] - Timeout '0' is invalid. Using default page load timeout: '40'

2022-06-27 13:42:31 - [MESSAGE][PASSED] - Text of element 'Object Repository/Transfer/transferConfirmationFromAccBalanceTxt' is: 'RM 1,932.78'

2022-06-27 13:42:31 - [TEST_STEP][PASSED] - println(accountBalance): null

2022-06-27 13:42:31 - [TEST_STEP][PASSED] - tap(findTestObject("Main/mainTransferNowBtn"), 0): Tapped on element 'Object Repository/Main/mainTransferNowBtn'

2022-06-27 13:42:31 - [MESSAGE][WARNING] - Timeout '0' is invalid. Using default page load timeout: '40'

2022-06-27 13:42:31 - [MESSAGE][PASSED] - Tapped on element 'Object Repository/Main/mainTransferNowBtn'

2022-06-27 13:42:31 - [TEST_STEP][PASSED] - if (verifyElementVisible(findTestObject("Festive Season/festiveReturnAngpaoTACNoTxt"), 10, OPTIONAL)): Element 'Object Repository/Festive Season/festiveReturnAngpaoTACNoTxt' not found

2022-06-27 13:42:42 - [MESSAGE][WARNING] - Element 'Object Repository/Festive Season/festiveReturnAngpaoTACNoTxt' not found

2022-06-27 13:42:42 - [TEST_STEP][PASSED] - else: Tapped on element 'Object Repository/Main/mainS2UApproveBtn'

2022-06-27 13:42:42 - [TEST_STEP][PASSED] - delay(5): Delayed 5 second(s)

2022-06-27 13:42:47 - [MESSAGE][PASSED] - Delayed 5 second(s)

2022-06-27 13:42:47 - [TEST_STEP][PASSED] - verifyElementVisible(findTestObject("Main/mainS2UApproveBtn"), 10): Element 'Object Repository/Main/mainS2UApproveBtn' is visible

2022-06-27 13:42:47 - [MESSAGE][PASSED] - Element 'Object Repository/Main/mainS2UApproveBtn' is visible

2022-06-27 13:42:47 - [TEST_STEP][PASSED] - tap(findTestObject("Main/mainS2UApproveBtn"), 0): Tapped on element 'Object Repository/Main/mainS2UApproveBtn'

2022-06-27 13:42:47 - [MESSAGE][WARNING] - Timeout '0' is invalid. Using default page load timeout: '40'

2022-06-27 13:42:47 - [MESSAGE][PASSED] - Tapped on element 'Object Repository/Main/mainS2UApproveBtn'

2022-06-27 13:42:47 - [TEST_STEP][PASSED] - delay(10): Delayed 10 second(s)

2022-06-27 13:42:57 - [MESSAGE][PASSED] - Delayed 10 second(s)

2022-06-27 13:42:57 - [TEST_STEP][PASSED] - verifyElementExist(findTestObject("Festive Season/returnAngpaoStatusMessageTxt"), 0): Element 'Object Repository/Festive Season/returnAngpaoStatusMessageTxt' is exist

2022-06-27 13:42:57 - [MESSAGE][WARNING] - Timeout '0' is invalid. Using default page load timeout: '40'

2022-06-27 13:42:57 - [MESSAGE][PASSED] - Element 'Object Repository/Festive Season/returnAngpaoStatusMessageTxt' is exist

2022-06-27 13:42:57 - [TEST_STEP][PASSED] - message = getText(findTestObject("Festive Season/returnAngpaoStatusMessageTxt"), 10): Text of element 'Object Repository/Festive Season/returnAngpaoStatusMessageTxt' is: 'Transfer successful'

2022-06-27 13:42:58 - [MESSAGE][PASSED] - Text of element 'Object Repository/Festive Season/returnAngpaoStatusMessageTxt' is: 'Transfer successful'

2022-06-27 13:42:58 - [TEST_STEP][PASSED] - println(message): null

2022-06-27 13:42:58 - [TEST_STEP][PASSED] - assert message == successTransactionMessage: null

2022-06-27 13:42:58 - [TEST_STEP][PASSED] - delay(5): Delayed 5 second(s)

2022-06-27 13:43:03 - [MESSAGE][PASSED] - Delayed 5 second(s)

2022-06-27 13:43:03 - [TEST_STEP][PASSED] - verifyElementExist(findTestObject("Duit Now/duitNowSummaryDateTimeTitleTxt"), 0): Element 'Object Repository/Duit Now/duitNowSummaryDateTimeTitleTxt' is exist

2022-06-27 13:43:03 - [MESSAGE][WARNING] - Timeout '0' is invalid. Using default page load timeout: '40'

2022-06-27 13:43:03 - [MESSAGE][PASSED] - Element 'Object Repository/Duit Now/duitNowSummaryDateTimeTitleTxt' is exist

2022-06-27 13:43:03 - [TEST_STEP][PASSED] - verifyElementExist(findTestObject("Duit Now/duitNowSummaryRefernceIDTitleTxt"), 0): Element 'Object Repository/Duit Now/duitNowSummaryRefernceIDTitleTxt' is exist

2022-06-27 13:43:03 - [MESSAGE][WARNING] - Timeout '0' is invalid. Using default page load timeout: '40'

2022-06-27 13:43:04 - [MESSAGE][PASSED] - Element 'Object Repository/Duit Now/duitNowSummaryRefernceIDTitleTxt' is exist

2022-06-27 13:43:04 - [TEST_STEP][PASSED] - verifyElementExist(findTestObject("Transfer/transferSummaryShareReceiptBtn"), 0): Element 'Object Repository/Transfer/transferSummaryShareReceiptBtn' is exist

2022-06-27 13:43:04 - [MESSAGE][WARNING] - Timeout '0' is invalid. Using default page load timeout: '40'

2022-06-27 13:43:04 - [MESSAGE][PASSED] - Element 'Object Repository/Transfer/transferSummaryShareReceiptBtn' is exist

2022-06-27 13:43:04 - [TEST_STEP][PASSED] - delay(5): Delayed 5 second(s)

2022-06-27 13:43:09 - [MESSAGE][PASSED] - Delayed 5 second(s)

2022-06-27 13:43:09 - [TEST_STEP][PASSED] - referenceID = getText(findTestObject("Send Request Money/requestMoneyPaySummaryRefIDTxt"), 0): Text of element 'Object Repository/Send Request Money/requestMoneyPaySummaryRefIDTxt' is: '181599195M'

2022-06-27 13:43:09 - [MESSAGE][WARNING] - Timeout '0' is invalid. Using default page load timeout: '40'

2022-06-27 13:43:09 - [MESSAGE][PASSED] - Text of element 'Object Repository/Send Request Money/requestMoneyPaySummaryRefIDTxt' is: '181599195M'

2022-06-27 13:43:09 - [TEST_STEP][PASSED] - println(referenceID): null

2022-06-27 13:43:09 - [TEST_STEP][PASSED] - test = dataFolder: null

2022-06-27 13:43:09 - [TEST_STEP][PASSED] - sheetName = "Sheet1": null

2022-06-27 13:43:09 - [TEST_STEP][PASSED] - file1 = new java.io.File(test): null

2022-06-27 13:43:09 - [TEST_STEP][PASSED] - assert file1.exists() == true: null

2022-06-27 13:43:09 - [TEST_STEP][PASSED] - woorkbook1 = getWorkbook(test): null

2022-06-27 13:43:09 - [TEST_STEP][PASSED] - sheet1 = getExcelSheet(woorkbook1, sheetName): null

2022-06-27 13:43:09 - [TEST_STEP][PASSED] - setValueToCellByIndex(sheet1, 4, 1, referenceID): null

2022-06-27 13:43:09 - [TEST_STEP][PASSED] - saveWorkbook(test, woorkbook1): null

2022-06-27 13:43:09 - [TEST_STEP][PASSED] - delay(3): Delayed 3 second(s)

2022-06-27 13:43:12 - [MESSAGE][PASSED] - Delayed 3 second(s)

2022-06-27 13:43:12 - [TEST_STEP][PASSED] - takeScreenshot("/Users/a00139272/Desktop/Screenshot/duitNowBReg.png"): Screenshot is taken

2022-06-27 13:43:13 - [MESSAGE][PASSED] - Screenshot is taken
[[ATTACHMENT|/Users/a00139272/Desktop/Screenshot/duitNowBReg.png]]

2022-06-27 13:43:13 - [TEST_STEP][PASSED] - verifyElementVisible(findTestObject("Main/mainDoneBtn"), 0): Element 'Object Repository/Main/mainDoneBtn' is visible

2022-06-27 13:43:13 - [MESSAGE][WARNING] - Timeout '0' is invalid. Using default page load timeout: '40'

2022-06-27 13:43:13 - [MESSAGE][PASSED] - Element 'Object Repository/Main/mainDoneBtn' is visible

2022-06-27 13:43:13 - [TEST_STEP][PASSED] - tap(findTestObject("Main/mainDoneBtn"), 0): Tapped on element 'Object Repository/Main/mainDoneBtn'

2022-06-27 13:43:13 - [MESSAGE][WARNING] - Timeout '0' is invalid. Using default page load timeout: '40'

2022-06-27 13:43:13 - [MESSAGE][PASSED] - Tapped on element 'Object Repository/Main/mainDoneBtn'

2022-06-27 13:43:13 - [TEST_STEP][PASSED] - delay(5): Delayed 5 second(s)

2022-06-27 13:43:18 - [MESSAGE][PASSED] - Delayed 5 second(s)

2022-06-27 13:43:18 - [TEST_STEP][PASSED] - tap(findTestObject("Main/mainTopLeftBackButton"), 0): Tapped on element 'Object Repository/Main/mainTopLeftBackButton'

2022-06-27 13:43:18 - [MESSAGE][WARNING] - Timeout '0' is invalid. Using default page load timeout: '40'

2022-06-27 13:43:18 - [MESSAGE][PASSED] - Tapped on element 'Object Repository/Main/mainTopLeftBackButton'

2022-06-27 13:43:18 - [TEST_STEP][PASSED] - delay(5): Delayed 5 second(s)

2022-06-27 13:43:23 - [MESSAGE][PASSED] - Delayed 5 second(s)

2022-06-27 13:43:23 - [TEST_STEP][PASSED] - verifyElementVisible(findTestObject("Banking/m2uAccountTypeSelection", ["text":"MAE"]), 0): Element 'Object Repository/Banking/m2uAccountTypeSelection' is visible

2022-06-27 13:43:24 - [MESSAGE][WARNING] - Timeout '0' is invalid. Using default page load timeout: '40'

2022-06-27 13:43:24 - [MESSAGE][PASSED] - Element 'Object Repository/Banking/m2uAccountTypeSelection' is visible

2022-06-27 13:43:24 - [TEST_STEP][PASSED] - tap(findTestObject("Banking/m2uAccountTypeSelection", ["text":"MAE"]), 10): Tapped on element 'Object Repository/Banking/m2uAccountTypeSelection'

2022-06-27 13:43:25 - [MESSAGE][PASSED] - Tapped on element 'Object Repository/Banking/m2uAccountTypeSelection'

2022-06-27 13:43:25 - [TEST_STEP][PASSED] - delay(5): Delayed 5 second(s)

2022-06-27 13:43:30 - [MESSAGE][PASSED] - Delayed 5 second(s)

2022-06-27 13:43:30 - [TEST_STEP][PASSED] - afterBalance = getText(findTestObject("Main/mainAccountsBalanceTxt"), 0): Text of element 'Object Repository/Main/mainAccountsBalanceTxt' is: 'RM 1,932.78'

2022-06-27 13:43:30 - [MESSAGE][WARNING] - Timeout '0' is invalid. Using default page load timeout: '40'

2022-06-27 13:43:30 - [MESSAGE][PASSED] - Text of element 'Object Repository/Main/mainAccountsBalanceTxt' is: 'RM 1,932.78'

2022-06-27 13:43:30 - [TEST_STEP][PASSED] - newAfterBalance = afterBalance.replaceAll("[^0-9.]", ""): null

2022-06-27 13:43:30 - [TEST_STEP][PASSED] - newAccountBalance = accountBalance.replaceAll("[^0-9.]", ""): null

2022-06-27 13:43:30 - [TEST_STEP][PASSED] - newAfterBalanceF = Float.parseFloat(newAfterBalance): null

2022-06-27 13:43:30 - [TEST_STEP][PASSED] - newAccountBalanceF = Float.parseFloat(newAccountBalance): null

2022-06-27 13:43:30 - [TEST_STEP][PASSED] - println(afterBalance): null

2022-06-27 13:43:30 - [TEST_STEP][PASSED] - println(accountBalance): null

2022-06-27 13:43:30 - [TEST_STEP][PASSED] - println(newAfterBalance): null

2022-06-27 13:43:30 - [TEST_STEP][PASSED] - println(newAccountBalance): null

2022-06-27 13:43:30 - [TEST_STEP][PASSED] - newBalance = newAccountBalanceF - 0.04: null

2022-06-27 13:43:30 - [TEST_STEP][PASSED] - println(newBalance): null

2022-06-27 13:43:30 - [TEST_STEP][PASSED] - delay(5): Delayed 5 second(s)

2022-06-27 13:43:35 - [MESSAGE][PASSED] - Delayed 5 second(s)]]></system-out>
         <system-err><![CDATA[2022-06-27 13:36:44 - [TEST_CASE][FAILED] - Test Cases/DuitNow/duitNow_businessRegNumberTransaction: Test Cases/DuitNow/duitNow_businessRegNumberTransaction FAILED.
Reason:
com.kms.katalon.core.exception.StepFailedException: Element 'Object Repository/Duit Now/duitNowAmountReceipientNameTxt' not found
	at com.kms.katalon.core.keyword.internal.KeywordMain.stepFailed(KeywordMain.groovy:39)
	at com.kms.katalon.core.mobile.keyword.internal.MobileKeywordMain.stepFailed(MobileKeywordMain.groovy:40)
	at com.kms.katalon.core.mobile.keyword.builtin.VerifyElementTextKeyword$_verifyElementText_closure1.doCall(VerifyElementTextKeyword.groovy:49)
	at com.kms.katalon.core.mobile.keyword.builtin.VerifyElementTextKeyword$_verifyElementText_closure1.call(VerifyElementTextKeyword.groovy)
	at com.kms.katalon.core.mobile.keyword.internal.MobileKeywordMain.runKeyword(MobileKeywordMain.groovy:21)
	at com.kms.katalon.core.mobile.keyword.builtin.VerifyElementTextKeyword.verifyElementText(VerifyElementTextKeyword.groovy:62)
	at com.kms.katalon.core.mobile.keyword.builtin.VerifyElementTextKeyword.execute(VerifyElementTextKeyword.groovy:39)
	at com.kms.katalon.core.keyword.internal.KeywordExecutor.executeKeywordForPlatform(KeywordExecutor.groovy:74)
	at com.kms.katalon.core.mobile.keyword.MobileBuiltInKeywords.verifyElementText(MobileBuiltInKeywords.groovy:2901)
	at com.kms.katalon.core.mobile.keyword.MobileBuiltInKeywords$verifyElementText$9.call(Unknown Source)
	at duitNow_businessRegNumberTransaction.run(duitNow_businessRegNumberTransaction:135)
	at com.kms.katalon.core.main.ScriptEngine.run(ScriptEngine.java:194)
	at com.kms.katalon.core.main.ScriptEngine.runScriptAsRawText(ScriptEngine.java:119)
	at com.kms.katalon.core.main.TestCaseExecutor.runScript(TestCaseExecutor.java:445)
	at com.kms.katalon.core.main.TestCaseExecutor.doExecute(TestCaseExecutor.java:436)
	at com.kms.katalon.core.main.TestCaseExecutor.processExecutionPhase(TestCaseExecutor.java:415)
	at com.kms.katalon.core.main.TestCaseExecutor.accessMainPhase(TestCaseExecutor.java:407)
	at com.kms.katalon.core.main.TestCaseExecutor.execute(TestCaseExecutor.java:284)
	at com.kms.katalon.core.common.CommonExecutor.accessTestCaseMainPhase(CommonExecutor.java:65)
	at com.kms.katalon.core.main.TestSuiteExecutor.accessTestSuiteMainPhase(TestSuiteExecutor.java:144)
	at com.kms.katalon.core.main.TestSuiteExecutor.execute(TestSuiteExecutor.java:106)
	at com.kms.katalon.core.main.TestCaseMain.startTestSuite(TestCaseMain.java:185)
	at com.kms.katalon.core.main.TestCaseMain$startTestSuite$0.call(Unknown Source)
	at TempTestSuite1656306335392.run(TempTestSuite1656306335392.groovy:36)]]></system-err>
      </testcase>
      <testcase name="Test Cases/DuitNow/duitNow_recurringTransferTransaction" time="169.493" classname="Test Cases/DuitNow/duitNow_recurringTransferTransaction" status="PASSED">
         <system-out><![CDATA[2022-06-27 13:43:35 - [TEST_CASE][PASSED] - Test Cases/DuitNow/duitNow_recurringTransferTransaction: Test Cases/DuitNow/duitNow_recurringTransferTransaction

2022-06-27 13:43:35 - [TEST_STEP][PASSED] - delay(3): Delayed 3 second(s)

2022-06-27 13:43:38 - [MESSAGE][PASSED] - Delayed 3 second(s)

2022-06-27 13:43:38 - [TEST_STEP][PASSED] - tap(findTestObject("Banking/m2uAccountTransferIconSelect"), 0): Tapped on element 'Object Repository/Banking/m2uAccountTransferIconSelect'

2022-06-27 13:43:38 - [MESSAGE][WARNING] - Timeout '0' is invalid. Using default page load timeout: '40'

2022-06-27 13:43:38 - [MESSAGE][PASSED] - Tapped on element 'Object Repository/Banking/m2uAccountTransferIconSelect'

2022-06-27 13:43:38 - [TEST_STEP][PASSED] - tap(findTestObject("Banking/transferDuitNowTopMenuSelect"), 10): Tapped on element 'Object Repository/Banking/transferDuitNowTopMenuSelect'

2022-06-27 13:44:39 - [MESSAGE][PASSED] - Tapped on element 'Object Repository/Banking/transferDuitNowTopMenuSelect'

2022-06-27 13:44:39 - [TEST_STEP][PASSED] - tap(findTestObject("Banking/duitNowOtherIconSelect"), 10): Tapped on element 'Object Repository/Banking/duitNowOtherIconSelect'

2022-06-27 13:45:32 - [MESSAGE][PASSED] - Tapped on element 'Object Repository/Banking/duitNowOtherIconSelect'

2022-06-27 13:45:32 - [TEST_STEP][PASSED] - setText(findTestObject("Banking/duitNowMobileInputField"), "01122334455", 0): Text '01122334455' has been set to element 'Object Repository/Banking/duitNowMobileInputField'

2022-06-27 13:45:32 - [MESSAGE][WARNING] - Timeout '0' is invalid. Using default page load timeout: '40'

2022-06-27 13:45:33 - [MESSAGE][PASSED] - Text '01122334455' has been set to element 'Object Repository/Banking/duitNowMobileInputField'

2022-06-27 13:45:33 - [TEST_STEP][PASSED] - hideKeyboard(): Keyboard is hidden

2022-06-27 13:45:34 - [MESSAGE][PASSED] - Keyboard is hidden

2022-06-27 13:45:34 - [TEST_STEP][PASSED] - tap(findTestObject("Login Onboarding/loginExistingContinueBtn"), 0): Tapped on element 'Object Repository/Login Onboarding/loginExistingContinueBtn'

2022-06-27 13:45:34 - [MESSAGE][WARNING] - Timeout '0' is invalid. Using default page load timeout: '40'

2022-06-27 13:45:34 - [MESSAGE][PASSED] - Tapped on element 'Object Repository/Login Onboarding/loginExistingContinueBtn'

2022-06-27 13:45:34 - [TEST_STEP][PASSED] - tap(findTestObject("Login Onboarding/PIN4"), 0): Tapped on element 'Object Repository/Login Onboarding/PIN4'

2022-06-27 13:45:34 - [MESSAGE][WARNING] - Timeout '0' is invalid. Using default page load timeout: '40'

2022-06-27 13:45:37 - [MESSAGE][PASSED] - Tapped on element 'Object Repository/Login Onboarding/PIN4'

2022-06-27 13:45:37 - [TEST_STEP][PASSED] - delay(2): Delayed 2 second(s)

2022-06-27 13:45:39 - [MESSAGE][PASSED] - Delayed 2 second(s)

2022-06-27 13:45:39 - [TEST_STEP][PASSED] - tap(findTestObject("Login Onboarding/loginPinTickBtn"), 0): Tapped on element 'Object Repository/Login Onboarding/loginPinTickBtn'

2022-06-27 13:45:39 - [MESSAGE][WARNING] - Timeout '0' is invalid. Using default page load timeout: '40'

2022-06-27 13:45:40 - [MESSAGE][PASSED] - Tapped on element 'Object Repository/Login Onboarding/loginPinTickBtn'

2022-06-27 13:45:40 - [TEST_STEP][PASSED] - setText(findTestObject("Banking/duitNowReferenceInputField"), "DuitTransferTranser", 0): Text 'DuitTransferTranser' has been set to element 'Object Repository/Banking/duitNowReferenceInputField'

2022-06-27 13:45:40 - [MESSAGE][WARNING] - Timeout '0' is invalid. Using default page load timeout: '40'

2022-06-27 13:45:42 - [MESSAGE][PASSED] - Text 'DuitTransferTranser' has been set to element 'Object Repository/Banking/duitNowReferenceInputField'

2022-06-27 13:45:42 - [TEST_STEP][PASSED] - hideKeyboard(): Keyboard is hidden

2022-06-27 13:45:44 - [MESSAGE][PASSED] - Keyboard is hidden

2022-06-27 13:45:44 - [TEST_STEP][PASSED] - tap(findTestObject("Login Onboarding/loginExistingContinueBtn"), 0): Tapped on element 'Object Repository/Login Onboarding/loginExistingContinueBtn'

2022-06-27 13:45:44 - [MESSAGE][WARNING] - Timeout '0' is invalid. Using default page load timeout: '40'

2022-06-27 13:45:44 - [MESSAGE][PASSED] - Tapped on element 'Object Repository/Login Onboarding/loginExistingContinueBtn'

2022-06-27 13:45:44 - [TEST_STEP][PASSED] - tap(findTestObject("Banking/duitNowSummaryOneOffTxt"), 0): Tapped on element 'Object Repository/Banking/duitNowSummaryOneOffTxt'

2022-06-27 13:45:44 - [MESSAGE][WARNING] - Timeout '0' is invalid. Using default page load timeout: '40'

2022-06-27 13:45:47 - [MESSAGE][PASSED] - Tapped on element 'Object Repository/Banking/duitNowSummaryOneOffTxt'

2022-06-27 13:45:47 - [TEST_STEP][PASSED] - tap(findTestObject("Banking/duitNowRecurringDropdownSelection"), 0): Tapped on element 'Object Repository/Banking/duitNowRecurringDropdownSelection'

2022-06-27 13:45:47 - [MESSAGE][WARNING] - Timeout '0' is invalid. Using default page load timeout: '40'

2022-06-27 13:45:48 - [MESSAGE][PASSED] - Tapped on element 'Object Repository/Banking/duitNowRecurringDropdownSelection'

2022-06-27 13:45:48 - [TEST_STEP][PASSED] - tap(findTestObject("Main/mainCalenderPickerDoneBtn"), 0): Tapped on element 'Object Repository/Main/mainCalenderPickerDoneBtn'

2022-06-27 13:45:48 - [MESSAGE][WARNING] - Timeout '0' is invalid. Using default page load timeout: '40'

2022-06-27 13:45:49 - [MESSAGE][PASSED] - Tapped on element 'Object Repository/Main/mainCalenderPickerDoneBtn'

2022-06-27 13:45:49 - [TEST_STEP][PASSED] - delay(2): Delayed 2 second(s)

2022-06-27 13:45:51 - [MESSAGE][PASSED] - Delayed 2 second(s)

2022-06-27 13:45:51 - [TEST_STEP][PASSED] - tap(findTestObject("Main/mainTransferNowBtn"), 0): Tapped on element 'Object Repository/Main/mainTransferNowBtn'

2022-06-27 13:45:51 - [MESSAGE][WARNING] - Timeout '0' is invalid. Using default page load timeout: '40'

2022-06-27 13:45:52 - [MESSAGE][PASSED] - Tapped on element 'Object Repository/Main/mainTransferNowBtn'

2022-06-27 13:45:52 - [TEST_STEP][PASSED] - delay(2): Delayed 2 second(s)

2022-06-27 13:45:54 - [MESSAGE][PASSED] - Delayed 2 second(s)

2022-06-27 13:45:54 - [TEST_STEP][PASSED] - if (verifyElementVisible(findTestObject("Main/mainTACNumberTxt"), 10, OPTIONAL)): null

2022-06-27 13:45:55 - [MESSAGE][PASSED] - Element 'Object Repository/Main/mainTACNumberTxt' is visible

2022-06-27 13:45:55 - [TEST_STEP][PASSED] - OTP1 = getText(findTestObject("Transfer/duitNowTACNumber"), 0): Text of element 'Object Repository/Transfer/duitNowTACNumber' is: 'Your TAC no. is 499380'

2022-06-27 13:45:55 - [MESSAGE][WARNING] - Timeout '0' is invalid. Using default page load timeout: '40'

2022-06-27 13:45:56 - [MESSAGE][PASSED] - Text of element 'Object Repository/Transfer/duitNowTACNumber' is: 'Your TAC no. is 499380'

2022-06-27 13:45:56 - [TEST_STEP][PASSED] - for ([i = 16, i <= 21, (i++)]): null

2022-06-27 13:45:56 - [TEST_STEP][PASSED] - if (OTP1[i] == "0"): null

2022-06-27 13:45:56 - [TEST_STEP][PASSED] - if (OTP1[i] == "1"): null

2022-06-27 13:45:56 - [TEST_STEP][PASSED] - if (OTP1[i] == "2"): null

2022-06-27 13:45:56 - [TEST_STEP][PASSED] - if (OTP1[i] == "3"): null

2022-06-27 13:45:56 - [TEST_STEP][PASSED] - if (OTP1[i] == "4"): Tapped on element 'Object Repository/Login Onboarding/PIN4'

2022-06-27 13:45:56 - [TEST_STEP][PASSED] - tap(findTestObject("Login Onboarding/PIN4"), 0): Tapped on element 'Object Repository/Login Onboarding/PIN4'

2022-06-27 13:45:56 - [MESSAGE][WARNING] - Timeout '0' is invalid. Using default page load timeout: '40'

2022-06-27 13:45:56 - [MESSAGE][PASSED] - Tapped on element 'Object Repository/Login Onboarding/PIN4'

2022-06-27 13:45:56 - [TEST_STEP][PASSED] - if (OTP1[i] == "5"): null

2022-06-27 13:45:56 - [TEST_STEP][PASSED] - if (OTP1[i] == "6"): null

2022-06-27 13:45:56 - [TEST_STEP][PASSED] - if (OTP1[i] == "7"): null

2022-06-27 13:45:56 - [TEST_STEP][PASSED] - if (OTP1[i] == "8"): null

2022-06-27 13:45:56 - [TEST_STEP][PASSED] - if (OTP1[i] == "9"): null

2022-06-27 13:45:56 - [TEST_STEP][PASSED] - if (OTP1[i] == "0"): null

2022-06-27 13:45:56 - [TEST_STEP][PASSED] - if (OTP1[i] == "1"): null

2022-06-27 13:45:56 - [TEST_STEP][PASSED] - if (OTP1[i] == "2"): null

2022-06-27 13:45:56 - [TEST_STEP][PASSED] - if (OTP1[i] == "3"): null

2022-06-27 13:45:56 - [TEST_STEP][PASSED] - if (OTP1[i] == "4"): null

2022-06-27 13:45:56 - [TEST_STEP][PASSED] - if (OTP1[i] == "5"): null

2022-06-27 13:45:56 - [TEST_STEP][PASSED] - if (OTP1[i] == "6"): null

2022-06-27 13:45:56 - [TEST_STEP][PASSED] - if (OTP1[i] == "7"): null

2022-06-27 13:45:56 - [TEST_STEP][PASSED] - if (OTP1[i] == "8"): null

2022-06-27 13:45:56 - [TEST_STEP][PASSED] - if (OTP1[i] == "9"): Tapped on element 'Object Repository/Login Onboarding/PIN9'

2022-06-27 13:45:56 - [TEST_STEP][PASSED] - tap(findTestObject("Login Onboarding/PIN9"), 0): Tapped on element 'Object Repository/Login Onboarding/PIN9'

2022-06-27 13:45:56 - [MESSAGE][WARNING] - Timeout '0' is invalid. Using default page load timeout: '40'

2022-06-27 13:45:58 - [MESSAGE][PASSED] - Tapped on element 'Object Repository/Login Onboarding/PIN9'

2022-06-27 13:45:58 - [TEST_STEP][PASSED] - if (OTP1[i] == "0"): null

2022-06-27 13:45:58 - [TEST_STEP][PASSED] - if (OTP1[i] == "1"): null

2022-06-27 13:45:58 - [TEST_STEP][PASSED] - if (OTP1[i] == "2"): null

2022-06-27 13:45:58 - [TEST_STEP][PASSED] - if (OTP1[i] == "3"): null

2022-06-27 13:45:58 - [TEST_STEP][PASSED] - if (OTP1[i] == "4"): null

2022-06-27 13:45:58 - [TEST_STEP][PASSED] - if (OTP1[i] == "5"): null

2022-06-27 13:45:58 - [TEST_STEP][PASSED] - if (OTP1[i] == "6"): null

2022-06-27 13:45:58 - [TEST_STEP][PASSED] - if (OTP1[i] == "7"): null

2022-06-27 13:45:58 - [TEST_STEP][PASSED] - if (OTP1[i] == "8"): null

2022-06-27 13:45:58 - [TEST_STEP][PASSED] - if (OTP1[i] == "9"): Tapped on element 'Object Repository/Login Onboarding/PIN9'

2022-06-27 13:45:58 - [TEST_STEP][PASSED] - tap(findTestObject("Login Onboarding/PIN9"), 0): Tapped on element 'Object Repository/Login Onboarding/PIN9'

2022-06-27 13:45:58 - [MESSAGE][WARNING] - Timeout '0' is invalid. Using default page load timeout: '40'

2022-06-27 13:46:00 - [MESSAGE][PASSED] - Tapped on element 'Object Repository/Login Onboarding/PIN9'

2022-06-27 13:46:00 - [TEST_STEP][PASSED] - if (OTP1[i] == "0"): null

2022-06-27 13:46:00 - [TEST_STEP][PASSED] - if (OTP1[i] == "1"): null

2022-06-27 13:46:00 - [TEST_STEP][PASSED] - if (OTP1[i] == "2"): null

2022-06-27 13:46:00 - [TEST_STEP][PASSED] - if (OTP1[i] == "3"): Tapped on element 'Object Repository/Login Onboarding/PIN3'

2022-06-27 13:46:00 - [TEST_STEP][PASSED] - tap(findTestObject("Login Onboarding/PIN3"), 0): Tapped on element 'Object Repository/Login Onboarding/PIN3'

2022-06-27 13:46:00 - [MESSAGE][WARNING] - Timeout '0' is invalid. Using default page load timeout: '40'

2022-06-27 13:46:02 - [MESSAGE][PASSED] - Tapped on element 'Object Repository/Login Onboarding/PIN3'

2022-06-27 13:46:02 - [TEST_STEP][PASSED] - if (OTP1[i] == "4"): null

2022-06-27 13:46:02 - [TEST_STEP][PASSED] - if (OTP1[i] == "5"): null

2022-06-27 13:46:02 - [TEST_STEP][PASSED] - if (OTP1[i] == "6"): null

2022-06-27 13:46:02 - [TEST_STEP][PASSED] - if (OTP1[i] == "7"): null

2022-06-27 13:46:02 - [TEST_STEP][PASSED] - if (OTP1[i] == "8"): null

2022-06-27 13:46:02 - [TEST_STEP][PASSED] - if (OTP1[i] == "9"): null

2022-06-27 13:46:02 - [TEST_STEP][PASSED] - if (OTP1[i] == "0"): null

2022-06-27 13:46:02 - [TEST_STEP][PASSED] - if (OTP1[i] == "1"): null

2022-06-27 13:46:02 - [TEST_STEP][PASSED] - if (OTP1[i] == "2"): null

2022-06-27 13:46:02 - [TEST_STEP][PASSED] - if (OTP1[i] == "3"): null

2022-06-27 13:46:02 - [TEST_STEP][PASSED] - if (OTP1[i] == "4"): null

2022-06-27 13:46:02 - [TEST_STEP][PASSED] - if (OTP1[i] == "5"): null

2022-06-27 13:46:02 - [TEST_STEP][PASSED] - if (OTP1[i] == "6"): null

2022-06-27 13:46:02 - [TEST_STEP][PASSED] - if (OTP1[i] == "7"): null

2022-06-27 13:46:02 - [TEST_STEP][PASSED] - if (OTP1[i] == "8"): Tapped on element 'Object Repository/Login Onboarding/PIN8'

2022-06-27 13:46:02 - [TEST_STEP][PASSED] - tap(findTestObject("Login Onboarding/PIN8"), 0): Tapped on element 'Object Repository/Login Onboarding/PIN8'

2022-06-27 13:46:02 - [MESSAGE][WARNING] - Timeout '0' is invalid. Using default page load timeout: '40'

2022-06-27 13:46:04 - [MESSAGE][PASSED] - Tapped on element 'Object Repository/Login Onboarding/PIN8'

2022-06-27 13:46:04 - [TEST_STEP][PASSED] - if (OTP1[i] == "9"): null

2022-06-27 13:46:04 - [TEST_STEP][PASSED] - if (OTP1[i] == "0"): Tapped on element 'Object Repository/Login Onboarding/PIN0'

2022-06-27 13:46:04 - [TEST_STEP][PASSED] - tap(findTestObject("Login Onboarding/PIN0"), 0): Tapped on element 'Object Repository/Login Onboarding/PIN0'

2022-06-27 13:46:04 - [MESSAGE][WARNING] - Timeout '0' is invalid. Using default page load timeout: '40'

2022-06-27 13:46:07 - [MESSAGE][PASSED] - Tapped on element 'Object Repository/Login Onboarding/PIN0'

2022-06-27 13:46:07 - [TEST_STEP][PASSED] - if (OTP1[i] == "1"): null

2022-06-27 13:46:07 - [TEST_STEP][PASSED] - if (OTP1[i] == "2"): null

2022-06-27 13:46:07 - [TEST_STEP][PASSED] - if (OTP1[i] == "3"): null

2022-06-27 13:46:07 - [TEST_STEP][PASSED] - if (OTP1[i] == "4"): null

2022-06-27 13:46:07 - [TEST_STEP][PASSED] - if (OTP1[i] == "5"): null

2022-06-27 13:46:07 - [TEST_STEP][PASSED] - if (OTP1[i] == "6"): null

2022-06-27 13:46:07 - [TEST_STEP][PASSED] - if (OTP1[i] == "7"): null

2022-06-27 13:46:07 - [TEST_STEP][PASSED] - if (OTP1[i] == "8"): null

2022-06-27 13:46:07 - [TEST_STEP][PASSED] - if (OTP1[i] == "9"): null

2022-06-27 13:46:07 - [TEST_STEP][PASSED] - delay(3): Delayed 3 second(s)

2022-06-27 13:46:10 - [MESSAGE][PASSED] - Delayed 3 second(s)

2022-06-27 13:46:10 - [TEST_STEP][PASSED] - tap(findTestObject("Festive Season/festiveSendGreetingAngpaoTACTickBtn"), 0): Tapped on element 'Object Repository/Festive Season/festiveSendGreetingAngpaoTACTickBtn'

2022-06-27 13:46:10 - [MESSAGE][WARNING] - Timeout '0' is invalid. Using default page load timeout: '40'

2022-06-27 13:46:10 - [MESSAGE][PASSED] - Tapped on element 'Object Repository/Festive Season/festiveSendGreetingAngpaoTACTickBtn'

2022-06-27 13:46:10 - [TEST_STEP][PASSED] - delay(5): Delayed 5 second(s)

2022-06-27 13:46:15 - [MESSAGE][PASSED] - Delayed 5 second(s)

2022-06-27 13:46:15 - [TEST_STEP][PASSED] - delay(3): Delayed 3 second(s)

2022-06-27 13:46:18 - [MESSAGE][PASSED] - Delayed 3 second(s)

2022-06-27 13:46:18 - [TEST_STEP][PASSED] - takeScreenshot("/Users/a00139272/Desktop/Screenshot/duitNowRecurring.png"): Screenshot is taken

2022-06-27 13:46:19 - [MESSAGE][PASSED] - Screenshot is taken
[[ATTACHMENT|/Users/a00139272/Desktop/Screenshot/duitNowRecurring.png]]

2022-06-27 13:46:19 - [TEST_STEP][PASSED] - verifyElementVisible(findTestObject("Main/mainDoneBtn"), 0): Element 'Object Repository/Main/mainDoneBtn' is visible

2022-06-27 13:46:19 - [MESSAGE][WARNING] - Timeout '0' is invalid. Using default page load timeout: '40'

2022-06-27 13:46:19 - [MESSAGE][PASSED] - Element 'Object Repository/Main/mainDoneBtn' is visible

2022-06-27 13:46:19 - [TEST_STEP][PASSED] - tap(findTestObject("Main/mainDoneBtn"), 0): Tapped on element 'Object Repository/Main/mainDoneBtn'

2022-06-27 13:46:19 - [MESSAGE][WARNING] - Timeout '0' is invalid. Using default page load timeout: '40'

2022-06-27 13:46:19 - [MESSAGE][PASSED] - Tapped on element 'Object Repository/Main/mainDoneBtn'

2022-06-27 13:46:19 - [TEST_STEP][PASSED] - delay(5): Delayed 5 second(s)

2022-06-27 13:46:24 - [MESSAGE][PASSED] - Delayed 5 second(s)]]></system-out>
         <system-err><![CDATA[]]></system-err>
      </testcase>
      <testcase name="Test Cases/DuitNow/duitNow_addFavoriteTransaction" time="178.981" classname="Test Cases/DuitNow/duitNow_addFavoriteTransaction" status="PASSED">
         <system-out><![CDATA[2022-06-27 13:46:24 - [TEST_CASE][PASSED] - Test Cases/DuitNow/duitNow_addFavoriteTransaction: Test Cases/DuitNow/duitNow_addFavoriteTransaction

2022-06-27 13:46:25 - [TEST_STEP][PASSED] - delay(3): Delayed 3 second(s)

2022-06-27 13:46:28 - [MESSAGE][PASSED] - Delayed 3 second(s)

2022-06-27 13:46:28 - [TEST_STEP][PASSED] - tap(findTestObject("Banking/m2uAccountTransferIconSelect"), 0): Tapped on element 'Object Repository/Banking/m2uAccountTransferIconSelect'

2022-06-27 13:46:28 - [MESSAGE][WARNING] - Timeout '0' is invalid. Using default page load timeout: '40'

2022-06-27 13:46:28 - [MESSAGE][PASSED] - Tapped on element 'Object Repository/Banking/m2uAccountTransferIconSelect'

2022-06-27 13:46:28 - [TEST_STEP][PASSED] - tap(findTestObject("Banking/transferDuitNowTopMenuSelect"), 10): Tapped on element 'Object Repository/Banking/transferDuitNowTopMenuSelect'

2022-06-27 13:47:29 - [MESSAGE][PASSED] - Tapped on element 'Object Repository/Banking/transferDuitNowTopMenuSelect'

2022-06-27 13:47:29 - [TEST_STEP][PASSED] - tap(findTestObject("Banking/duitNowOtherIconSelect"), 10): Tapped on element 'Object Repository/Banking/duitNowOtherIconSelect'

2022-06-27 13:48:22 - [MESSAGE][PASSED] - Tapped on element 'Object Repository/Banking/duitNowOtherIconSelect'

2022-06-27 13:48:22 - [TEST_STEP][PASSED] - tap(findTestObject("Banking/duitNowIDTypeDropdownSelect"), 0): Tapped on element 'Object Repository/Banking/duitNowIDTypeDropdownSelect'

2022-06-27 13:48:22 - [MESSAGE][WARNING] - Timeout '0' is invalid. Using default page load timeout: '40'

2022-06-27 13:48:22 - [MESSAGE][PASSED] - Tapped on element 'Object Repository/Banking/duitNowIDTypeDropdownSelect'

2022-06-27 13:48:22 - [TEST_STEP][PASSED] - scrollToText("Mobile Number", STOP_ON_FAILURE): Scrolling to text 'Mobile Number' successfully

2022-06-27 13:48:23 - [MESSAGE][PASSED] - Scrolling to text 'Mobile Number' successfully

2022-06-27 13:48:23 - [TEST_STEP][PASSED] - tap(findTestObject("Banking/duitNowBusinessRegIDTypeDropdown", ["proxy":"Mobile Number"]), 0): Tapped on element 'Object Repository/Banking/duitNowBusinessRegIDTypeDropdown'

2022-06-27 13:48:23 - [MESSAGE][WARNING] - Timeout '0' is invalid. Using default page load timeout: '40'

2022-06-27 13:48:23 - [MESSAGE][PASSED] - Tapped on element 'Object Repository/Banking/duitNowBusinessRegIDTypeDropdown'

2022-06-27 13:48:23 - [TEST_STEP][PASSED] - tap(findTestObject("Main/mainCalenderPickerDoneBtn"), 0): Tapped on element 'Object Repository/Main/mainCalenderPickerDoneBtn'

2022-06-27 13:48:23 - [MESSAGE][WARNING] - Timeout '0' is invalid. Using default page load timeout: '40'

2022-06-27 13:48:23 - [MESSAGE][PASSED] - Tapped on element 'Object Repository/Main/mainCalenderPickerDoneBtn'

2022-06-27 13:48:23 - [TEST_STEP][PASSED] - setText(findTestObject("Banking/duitNowBusinessRegNoInputField", ["proxyPlaceholder":""]), "01122334455", 0): Text '01122334455' has been set to element 'Object Repository/Banking/duitNowBusinessRegNoInputField'

2022-06-27 13:48:23 - [MESSAGE][WARNING] - Timeout '0' is invalid. Using default page load timeout: '40'

2022-06-27 13:48:25 - [MESSAGE][PASSED] - Text '01122334455' has been set to element 'Object Repository/Banking/duitNowBusinessRegNoInputField'

2022-06-27 13:48:25 - [TEST_STEP][PASSED] - hideKeyboard(): Keyboard is hidden

2022-06-27 13:48:25 - [MESSAGE][PASSED] - Keyboard is hidden

2022-06-27 13:48:25 - [TEST_STEP][PASSED] - tap(findTestObject("Login Onboarding/loginExistingContinueBtn"), 0): Tapped on element 'Object Repository/Login Onboarding/loginExistingContinueBtn'

2022-06-27 13:48:25 - [MESSAGE][WARNING] - Timeout '0' is invalid. Using default page load timeout: '40'

2022-06-27 13:48:26 - [MESSAGE][PASSED] - Tapped on element 'Object Repository/Login Onboarding/loginExistingContinueBtn'

2022-06-27 13:48:26 - [TEST_STEP][PASSED] - tap(findTestObject("Login Onboarding/PIN4"), 0): Tapped on element 'Object Repository/Login Onboarding/PIN4'

2022-06-27 13:48:26 - [MESSAGE][WARNING] - Timeout '0' is invalid. Using default page load timeout: '40'

2022-06-27 13:48:29 - [MESSAGE][PASSED] - Tapped on element 'Object Repository/Login Onboarding/PIN4'

2022-06-27 13:48:29 - [TEST_STEP][PASSED] - delay(2): Delayed 2 second(s)

2022-06-27 13:48:31 - [MESSAGE][PASSED] - Delayed 2 second(s)

2022-06-27 13:48:31 - [TEST_STEP][PASSED] - tap(findTestObject("Login Onboarding/loginPinTickBtn"), 0): Tapped on element 'Object Repository/Login Onboarding/loginPinTickBtn'

2022-06-27 13:48:31 - [MESSAGE][WARNING] - Timeout '0' is invalid. Using default page load timeout: '40'

2022-06-27 13:48:32 - [MESSAGE][PASSED] - Tapped on element 'Object Repository/Login Onboarding/loginPinTickBtn'

2022-06-27 13:48:32 - [TEST_STEP][PASSED] - setText(findTestObject("Banking/duitNowReferenceInputField"), "Duit 0n off Transer", 0): Text 'Duit 0n off Transer' has been set to element 'Object Repository/Banking/duitNowReferenceInputField'

2022-06-27 13:48:32 - [MESSAGE][WARNING] - Timeout '0' is invalid. Using default page load timeout: '40'

2022-06-27 13:48:34 - [MESSAGE][PASSED] - Text 'Duit 0n off Transer' has been set to element 'Object Repository/Banking/duitNowReferenceInputField'

2022-06-27 13:48:34 - [TEST_STEP][PASSED] - hideKeyboard(): Keyboard is hidden

2022-06-27 13:48:36 - [MESSAGE][PASSED] - Keyboard is hidden

2022-06-27 13:48:36 - [TEST_STEP][PASSED] - tap(findTestObject("Login Onboarding/loginExistingContinueBtn"), 0): Tapped on element 'Object Repository/Login Onboarding/loginExistingContinueBtn'

2022-06-27 13:48:36 - [MESSAGE][WARNING] - Timeout '0' is invalid. Using default page load timeout: '40'

2022-06-27 13:48:36 - [MESSAGE][PASSED] - Tapped on element 'Object Repository/Login Onboarding/loginExistingContinueBtn'

2022-06-27 13:48:36 - [TEST_STEP][PASSED] - tap(findTestObject("Banking/duitNowSummaryAmountTxt"), 0): Tapped on element 'Object Repository/Banking/duitNowSummaryAmountTxt'

2022-06-27 13:48:36 - [MESSAGE][WARNING] - Timeout '0' is invalid. Using default page load timeout: '40'

2022-06-27 13:48:38 - [MESSAGE][PASSED] - Tapped on element 'Object Repository/Banking/duitNowSummaryAmountTxt'

2022-06-27 13:48:38 - [TEST_STEP][PASSED] - tap(findTestObject("Login Onboarding/PIN1"), 0): Tapped on element 'Object Repository/Login Onboarding/PIN1'

2022-06-27 13:48:39 - [MESSAGE][WARNING] - Timeout '0' is invalid. Using default page load timeout: '40'

2022-06-27 13:48:40 - [MESSAGE][PASSED] - Tapped on element 'Object Repository/Login Onboarding/PIN1'

2022-06-27 13:48:40 - [TEST_STEP][PASSED] - tap(findTestObject("Login Onboarding/loginPinTickBtn"), 0): Tapped on element 'Object Repository/Login Onboarding/loginPinTickBtn'

2022-06-27 13:48:40 - [MESSAGE][WARNING] - Timeout '0' is invalid. Using default page load timeout: '40'

2022-06-27 13:48:41 - [MESSAGE][PASSED] - Tapped on element 'Object Repository/Login Onboarding/loginPinTickBtn'

2022-06-27 13:48:41 - [TEST_STEP][PASSED] - delay(2): Delayed 2 second(s)

2022-06-27 13:48:43 - [MESSAGE][PASSED] - Delayed 2 second(s)

2022-06-27 13:48:43 - [TEST_STEP][PASSED] - tap(findTestObject("Main/mainTransferNowBtn"), 0): Tapped on element 'Object Repository/Main/mainTransferNowBtn'

2022-06-27 13:48:43 - [MESSAGE][WARNING] - Timeout '0' is invalid. Using default page load timeout: '40'

2022-06-27 13:48:43 - [MESSAGE][PASSED] - Tapped on element 'Object Repository/Main/mainTransferNowBtn'

2022-06-27 13:48:43 - [TEST_STEP][PASSED] - delay(2): Delayed 2 second(s)

2022-06-27 13:48:45 - [MESSAGE][PASSED] - Delayed 2 second(s)

2022-06-27 13:48:45 - [TEST_STEP][PASSED] - if (verifyElementVisible(findTestObject("Main/mainTACNumberTxt"), 10, OPTIONAL)): Element 'Object Repository/Main/mainTACNumberTxt' not found

2022-06-27 13:48:55 - [MESSAGE][WARNING] - Element 'Object Repository/Main/mainTACNumberTxt' not found

2022-06-27 13:48:55 - [TEST_STEP][PASSED] - else: Tapped on element 'Object Repository/Main/mainS2UApproveBtn'

2022-06-27 13:48:55 - [TEST_STEP][PASSED] - delay(5): Delayed 5 second(s)

2022-06-27 13:49:00 - [MESSAGE][PASSED] - Delayed 5 second(s)

2022-06-27 13:49:00 - [TEST_STEP][PASSED] - verifyElementVisible(findTestObject("Main/mainS2UApproveBtn"), 0): Element 'Object Repository/Main/mainS2UApproveBtn' is visible

2022-06-27 13:49:00 - [MESSAGE][WARNING] - Timeout '0' is invalid. Using default page load timeout: '40'

2022-06-27 13:49:00 - [MESSAGE][PASSED] - Element 'Object Repository/Main/mainS2UApproveBtn' is visible

2022-06-27 13:49:00 - [TEST_STEP][PASSED] - tap(findTestObject("Main/mainS2UApproveBtn"), 0): Tapped on element 'Object Repository/Main/mainS2UApproveBtn'

2022-06-27 13:49:00 - [MESSAGE][WARNING] - Timeout '0' is invalid. Using default page load timeout: '40'

2022-06-27 13:49:01 - [MESSAGE][PASSED] - Tapped on element 'Object Repository/Main/mainS2UApproveBtn'

2022-06-27 13:49:01 - [TEST_STEP][PASSED] - delay(5): Delayed 5 second(s)

2022-06-27 13:49:06 - [MESSAGE][PASSED] - Delayed 5 second(s)

2022-06-27 13:49:06 - [TEST_STEP][PASSED] - Trasnferstatus1 = getText(findTestObject("Main/mainTransactionStatusMessageTxt"), 10): Text of element 'Object Repository/Main/mainTransactionStatusMessageTxt' is: 'Transfer successful'

2022-06-27 13:49:07 - [MESSAGE][PASSED] - Text of element 'Object Repository/Main/mainTransactionStatusMessageTxt' is: 'Transfer successful'

2022-06-27 13:49:07 - [TEST_STEP][PASSED] - println("Transaction Status" + Trasnferstatus1): null

2022-06-27 13:49:07 - [TEST_STEP][PASSED] - delay(2): Delayed 2 second(s)

2022-06-27 13:49:09 - [MESSAGE][PASSED] - Delayed 2 second(s)

2022-06-27 13:49:09 - [TEST_STEP][PASSED] - tap(findTestObject("Main/mainAddToFavBtn"), 0): Tapped on element 'Object Repository/Main/mainAddToFavBtn'

2022-06-27 13:49:09 - [MESSAGE][WARNING] - Timeout '0' is invalid. Using default page load timeout: '40'

2022-06-27 13:49:09 - [MESSAGE][PASSED] - Tapped on element 'Object Repository/Main/mainAddToFavBtn'

2022-06-27 13:49:09 - [TEST_STEP][PASSED] - delay(2): Delayed 2 second(s)

2022-06-27 13:49:11 - [MESSAGE][PASSED] - Delayed 2 second(s)

2022-06-27 13:49:11 - [TEST_STEP][PASSED] - tap(findTestObject("Main/mainAddToFavBtn"), 0): Tapped on element 'Object Repository/Main/mainAddToFavBtn'

2022-06-27 13:49:11 - [MESSAGE][WARNING] - Timeout '0' is invalid. Using default page load timeout: '40'

2022-06-27 13:49:12 - [MESSAGE][PASSED] - Tapped on element 'Object Repository/Main/mainAddToFavBtn'

2022-06-27 13:49:12 - [TEST_STEP][PASSED] - delay(2): Delayed 2 second(s)

2022-06-27 13:49:14 - [MESSAGE][PASSED] - Delayed 2 second(s)

2022-06-27 13:49:14 - [TEST_STEP][PASSED] - tap(findTestObject("Main/mainCloseFavPopUpBtn"), 0): Tapped on element 'Object Repository/Main/mainCloseFavPopUpBtn'

2022-06-27 13:49:14 - [MESSAGE][WARNING] - Timeout '0' is invalid. Using default page load timeout: '40'

2022-06-27 13:49:14 - [MESSAGE][PASSED] - Tapped on element 'Object Repository/Main/mainCloseFavPopUpBtn'

2022-06-27 13:49:14 - [TEST_STEP][PASSED] - delay(3): Delayed 3 second(s)

2022-06-27 13:49:17 - [MESSAGE][PASSED] - Delayed 3 second(s)

2022-06-27 13:49:17 - [TEST_STEP][PASSED] - takeScreenshot("/Users/a00139272/Desktop/Screenshot/duitNowAddFav.png"): Screenshot is taken

2022-06-27 13:49:18 - [MESSAGE][PASSED] - Screenshot is taken
[[ATTACHMENT|/Users/a00139272/Desktop/Screenshot/duitNowAddFav.png]]

2022-06-27 13:49:18 - [TEST_STEP][PASSED] - verifyElementVisible(findTestObject("Main/mainDoneBtn"), 0): Element 'Object Repository/Main/mainDoneBtn' is visible

2022-06-27 13:49:18 - [MESSAGE][WARNING] - Timeout '0' is invalid. Using default page load timeout: '40'

2022-06-27 13:49:18 - [MESSAGE][PASSED] - Element 'Object Repository/Main/mainDoneBtn' is visible

2022-06-27 13:49:18 - [TEST_STEP][PASSED] - tap(findTestObject("Main/mainDoneBtn"), 0): Tapped on element 'Object Repository/Main/mainDoneBtn'

2022-06-27 13:49:18 - [MESSAGE][WARNING] - Timeout '0' is invalid. Using default page load timeout: '40'

2022-06-27 13:49:18 - [MESSAGE][PASSED] - Tapped on element 'Object Repository/Main/mainDoneBtn'

2022-06-27 13:49:18 - [TEST_STEP][PASSED] - delay(5): Delayed 5 second(s)

2022-06-27 13:49:23 - [MESSAGE][PASSED] - Delayed 5 second(s)]]></system-out>
         <system-err><![CDATA[]]></system-err>
      </testcase>
      <testcase name="Test Cases/DuitNow/duitNow_mobileNumberFavTransaction" time="413.952" classname="Test Cases/DuitNow/duitNow_mobileNumberFavTransaction" status="PASSED">
         <system-out><![CDATA[2022-06-27 13:49:23 - [TEST_CASE][PASSED] - Test Cases/DuitNow/duitNow_mobileNumberFavTransaction: Test Cases/DuitNow/duitNow_mobileNumberFavTransaction

2022-06-27 13:49:24 - [TEST_STEP][PASSED] - delay(5): Delayed 5 second(s)

2022-06-27 13:49:29 - [MESSAGE][PASSED] - Delayed 5 second(s)

2022-06-27 13:49:29 - [TEST_STEP][PASSED] - device_Height = getDeviceHeight(): Current device physical height is 2167

2022-06-27 13:49:29 - [MESSAGE][PASSED] - Current device physical height is 2167

2022-06-27 13:49:29 - [TEST_STEP][PASSED] - device_Width = getDeviceWidth(): Current device physical width is 1080

2022-06-27 13:49:29 - [MESSAGE][PASSED] - Current device physical width is 1080

2022-06-27 13:49:29 - [TEST_STEP][PASSED] - startX = device_Width / 3: null

2022-06-27 13:49:29 - [TEST_STEP][PASSED] - startY = device_Height * 0.97: null

2022-06-27 13:49:29 - [TEST_STEP][PASSED] - verifyElementVisible(findTestObject("Banking/m2uAccountTransferIconSelect"), 0): Element 'Object Repository/Banking/m2uAccountTransferIconSelect' is visible

2022-06-27 13:49:29 - [MESSAGE][WARNING] - Timeout '0' is invalid. Using default page load timeout: '40'

2022-06-27 13:49:29 - [MESSAGE][PASSED] - Element 'Object Repository/Banking/m2uAccountTransferIconSelect' is visible

2022-06-27 13:49:29 - [TEST_STEP][PASSED] - tap(findTestObject("Banking/m2uAccountTransferIconSelect"), 0): Tapped on element 'Object Repository/Banking/m2uAccountTransferIconSelect'

2022-06-27 13:49:29 - [MESSAGE][WARNING] - Timeout '0' is invalid. Using default page load timeout: '40'

2022-06-27 13:49:30 - [MESSAGE][PASSED] - Tapped on element 'Object Repository/Banking/m2uAccountTransferIconSelect'

2022-06-27 13:49:30 - [TEST_STEP][PASSED] - verifyElementVisible(findTestObject("Banking/transferDuitNowTopMenuSelect"), 5): Element 'Object Repository/Banking/transferDuitNowTopMenuSelect' is visible

2022-06-27 13:50:20 - [MESSAGE][PASSED] - Element 'Object Repository/Banking/transferDuitNowTopMenuSelect' is visible

2022-06-27 13:50:20 - [TEST_STEP][PASSED] - tap(findTestObject("Banking/transferDuitNowTopMenuSelect"), 10): Tapped on element 'Object Repository/Banking/transferDuitNowTopMenuSelect'

2022-06-27 13:51:21 - [MESSAGE][PASSED] - Tapped on element 'Object Repository/Banking/transferDuitNowTopMenuSelect'

2022-06-27 13:51:21 - [TEST_STEP][PASSED] - delay(3): Delayed 3 second(s)

2022-06-27 13:51:24 - [MESSAGE][PASSED] - Delayed 3 second(s)

2022-06-27 13:51:24 - [TEST_STEP][PASSED] - verifyElementText(findTestObject("Transfer/transferFavListAccNameTxt", ["accName":recName3]), recName3): Actual text and expected text of test object 'Object Repository/Transfer/transferFavListAccNameTxt' are matched.

2022-06-27 13:52:25 - [MESSAGE][PASSED] - Actual text and expected text of test object 'Object Repository/Transfer/transferFavListAccNameTxt' are matched.

2022-06-27 13:52:25 - [TEST_STEP][PASSED] - verifyElementText(findTestObject("Transfer/transferFavListAccNoTxt", ["accNo":proxyNumber]), proxyNumber): Actual text and expected text of test object 'Object Repository/Transfer/transferFavListAccNoTxt' are matched.

2022-06-27 13:53:16 - [MESSAGE][PASSED] - Actual text and expected text of test object 'Object Repository/Transfer/transferFavListAccNoTxt' are matched.

2022-06-27 13:53:16 - [TEST_STEP][PASSED] - verifyElementText(findTestObject("Transfer/transferFavListAccBankTxt", ["accBank":proxyType]), proxyType): Actual text and expected text of test object 'Object Repository/Transfer/transferFavListAccBankTxt' are matched.

2022-06-27 13:54:07 - [MESSAGE][PASSED] - Actual text and expected text of test object 'Object Repository/Transfer/transferFavListAccBankTxt' are matched.

2022-06-27 13:54:07 - [TEST_STEP][PASSED] - tap(findTestObject("Transfer/transferFavListAccNameTxt", ["accName":recName3]), 0): Tapped on element 'Object Repository/Transfer/transferFavListAccNameTxt'

2022-06-27 13:54:07 - [MESSAGE][WARNING] - Timeout '0' is invalid. Using default page load timeout: '40'

2022-06-27 13:55:00 - [MESSAGE][PASSED] - Tapped on element 'Object Repository/Transfer/transferFavListAccNameTxt'

2022-06-27 13:55:00 - [TEST_STEP][PASSED] - delay(3): Delayed 3 second(s)

2022-06-27 13:55:03 - [MESSAGE][PASSED] - Delayed 3 second(s)

2022-06-27 13:55:03 - [TEST_STEP][PASSED] - verifyElementText(findTestObject("Duit Now/duitNowAmountProxyNumberTxt", ["proxyNumber":proxyNumber]), proxyNumber): Actual text and expected text of test object 'Object Repository/Duit Now/duitNowAmountProxyNumberTxt' are matched.

2022-06-27 13:55:04 - [MESSAGE][PASSED] - Actual text and expected text of test object 'Object Repository/Duit Now/duitNowAmountProxyNumberTxt' are matched.

2022-06-27 13:55:04 - [TEST_STEP][PASSED] - receipientName = getText(findTestObject("Duit Now/duitNowAmountReceipientNameTxt", ["recName":recName]), 0): Text of element 'Object Repository/Duit Now/duitNowAmountReceipientNameTxt' is: 'CAPTAIN AMERICA'

2022-06-27 13:55:04 - [MESSAGE][WARNING] - Timeout '0' is invalid. Using default page load timeout: '40'

2022-06-27 13:55:04 - [MESSAGE][PASSED] - Text of element 'Object Repository/Duit Now/duitNowAmountReceipientNameTxt' is: 'CAPTAIN AMERICA'

2022-06-27 13:55:04 - [TEST_STEP][PASSED] - recName_1 = recName: null

2022-06-27 13:55:04 - [TEST_STEP][PASSED] - recName_2 = recName2: null

2022-06-27 13:55:04 - [TEST_STEP][PASSED] - privName_1 = privName: null

2022-06-27 13:55:04 - [TEST_STEP][PASSED] - checker = verifyMatch(receipientName, $recName_1||$privName_1, true): Actual text 'CAPTAIN AMERICA' and expected text 'CAPTAIN AMERICA||XXXXXXX XXXXXXXXX' are matched  using regular expression

2022-06-27 13:55:04 - [MESSAGE][PASSED] - Actual text 'CAPTAIN AMERICA' and expected text 'CAPTAIN AMERICA||XXXXXXX XXXXXXXXX' are matched  using regular expression

2022-06-27 13:55:04 - [TEST_STEP][PASSED] - verifyElementText(findTestObject("Duit Now/duitNowAmountProxyTypeTxt", ["proxyType":proxyType]), proxyType): Actual text and expected text of test object 'Object Repository/Duit Now/duitNowAmountProxyTypeTxt' are matched.

2022-06-27 13:55:04 - [MESSAGE][PASSED] - Actual text and expected text of test object 'Object Repository/Duit Now/duitNowAmountProxyTypeTxt' are matched.

2022-06-27 13:55:04 - [TEST_STEP][PASSED] - verifyElementExist(findTestObject("Duit Now/duitNowAmountCurrencyTypeTxt"), 0): Element 'Object Repository/Duit Now/duitNowAmountCurrencyTypeTxt' is exist

2022-06-27 13:55:04 - [MESSAGE][WARNING] - Timeout '0' is invalid. Using default page load timeout: '40'

2022-06-27 13:55:04 - [MESSAGE][PASSED] - Element 'Object Repository/Duit Now/duitNowAmountCurrencyTypeTxt' is exist

2022-06-27 13:55:04 - [TEST_STEP][PASSED] - verifyElementExist(findTestObject("Duit Now/duitNowAmountEnterAmountTitleTxt"), 0): Element 'Object Repository/Duit Now/duitNowAmountEnterAmountTitleTxt' is exist

2022-06-27 13:55:04 - [MESSAGE][WARNING] - Timeout '0' is invalid. Using default page load timeout: '40'

2022-06-27 13:55:05 - [MESSAGE][PASSED] - Element 'Object Repository/Duit Now/duitNowAmountEnterAmountTitleTxt' is exist

2022-06-27 13:55:05 - [TEST_STEP][PASSED] - verifyElementExist(findTestObject("Duit Now/duitNowAmountInitialValueTxt"), 0): Element 'Object Repository/Duit Now/duitNowAmountInitialValueTxt' is exist

2022-06-27 13:55:05 - [MESSAGE][WARNING] - Timeout '0' is invalid. Using default page load timeout: '40'

2022-06-27 13:55:05 - [MESSAGE][PASSED] - Element 'Object Repository/Duit Now/duitNowAmountInitialValueTxt' is exist

2022-06-27 13:55:05 - [TEST_STEP][PASSED] - trxAmount = value: null

2022-06-27 13:55:05 - [TEST_STEP][PASSED] - length = trxAmount.length(): null

2022-06-27 13:55:05 - [TEST_STEP][PASSED] - delay(5): Delayed 5 second(s)

2022-06-27 13:55:10 - [MESSAGE][PASSED] - Delayed 5 second(s)

2022-06-27 13:55:10 - [TEST_STEP][PASSED] - tapAtPosition(startX, startY): Tapped at [360, 2,101]

2022-06-27 13:55:10 - [MESSAGE][PASSED] - Tapped at [360, 2,101]

2022-06-27 13:55:10 - [TEST_STEP][PASSED] - for ([i = 0, i < length, (i++)]): null

2022-06-27 13:55:10 - [TEST_STEP][PASSED] - if (trxAmount[i] == "0"): null

2022-06-27 13:55:10 - [TEST_STEP][PASSED] - if (trxAmount[i] == "1"): null

2022-06-27 13:55:10 - [TEST_STEP][PASSED] - if (trxAmount[i] == "2"): Tapped on element 'Object Repository/Login Onboarding/PIN2'

2022-06-27 13:55:10 - [TEST_STEP][PASSED] - tap(findTestObject("Login Onboarding/PIN2"), 0): Tapped on element 'Object Repository/Login Onboarding/PIN2'

2022-06-27 13:55:10 - [MESSAGE][WARNING] - Timeout '0' is invalid. Using default page load timeout: '40'

2022-06-27 13:55:11 - [MESSAGE][PASSED] - Tapped on element 'Object Repository/Login Onboarding/PIN2'

2022-06-27 13:55:11 - [TEST_STEP][PASSED] - if (trxAmount[i] == "3"): null

2022-06-27 13:55:11 - [TEST_STEP][PASSED] - if (trxAmount[i] == "4"): null

2022-06-27 13:55:11 - [TEST_STEP][PASSED] - if (trxAmount[i] == "5"): null

2022-06-27 13:55:11 - [TEST_STEP][PASSED] - if (trxAmount[i] == "6"): null

2022-06-27 13:55:11 - [TEST_STEP][PASSED] - if (trxAmount[i] == "7"): null

2022-06-27 13:55:11 - [TEST_STEP][PASSED] - if (trxAmount[i] == "8"): null

2022-06-27 13:55:11 - [TEST_STEP][PASSED] - if (trxAmount[i] == "9"): null

2022-06-27 13:55:11 - [TEST_STEP][PASSED] - if (trxAmount[i] == "0"): Tapped on element 'Object Repository/Login Onboarding/PIN0'

2022-06-27 13:55:11 - [TEST_STEP][PASSED] - tap(findTestObject("Login Onboarding/PIN0"), 0): Tapped on element 'Object Repository/Login Onboarding/PIN0'

2022-06-27 13:55:11 - [MESSAGE][WARNING] - Timeout '0' is invalid. Using default page load timeout: '40'

2022-06-27 13:55:12 - [MESSAGE][PASSED] - Tapped on element 'Object Repository/Login Onboarding/PIN0'

2022-06-27 13:55:12 - [TEST_STEP][PASSED] - if (trxAmount[i] == "1"): null

2022-06-27 13:55:12 - [TEST_STEP][PASSED] - if (trxAmount[i] == "2"): null

2022-06-27 13:55:12 - [TEST_STEP][PASSED] - if (trxAmount[i] == "3"): null

2022-06-27 13:55:12 - [TEST_STEP][PASSED] - if (trxAmount[i] == "4"): null

2022-06-27 13:55:12 - [TEST_STEP][PASSED] - if (trxAmount[i] == "5"): null

2022-06-27 13:55:12 - [TEST_STEP][PASSED] - if (trxAmount[i] == "6"): null

2022-06-27 13:55:12 - [TEST_STEP][PASSED] - if (trxAmount[i] == "7"): null

2022-06-27 13:55:12 - [TEST_STEP][PASSED] - if (trxAmount[i] == "8"): null

2022-06-27 13:55:12 - [TEST_STEP][PASSED] - if (trxAmount[i] == "9"): null

2022-06-27 13:55:12 - [TEST_STEP][PASSED] - if (trxAmount[i] == "0"): Tapped on element 'Object Repository/Login Onboarding/PIN0'

2022-06-27 13:55:12 - [TEST_STEP][PASSED] - tap(findTestObject("Login Onboarding/PIN0"), 0): Tapped on element 'Object Repository/Login Onboarding/PIN0'

2022-06-27 13:55:12 - [MESSAGE][WARNING] - Timeout '0' is invalid. Using default page load timeout: '40'

2022-06-27 13:55:13 - [MESSAGE][PASSED] - Tapped on element 'Object Repository/Login Onboarding/PIN0'

2022-06-27 13:55:13 - [TEST_STEP][PASSED] - if (trxAmount[i] == "1"): null

2022-06-27 13:55:13 - [TEST_STEP][PASSED] - if (trxAmount[i] == "2"): null

2022-06-27 13:55:13 - [TEST_STEP][PASSED] - if (trxAmount[i] == "3"): null

2022-06-27 13:55:13 - [TEST_STEP][PASSED] - if (trxAmount[i] == "4"): null

2022-06-27 13:55:13 - [TEST_STEP][PASSED] - if (trxAmount[i] == "5"): null

2022-06-27 13:55:13 - [TEST_STEP][PASSED] - if (trxAmount[i] == "6"): null

2022-06-27 13:55:13 - [TEST_STEP][PASSED] - if (trxAmount[i] == "7"): null

2022-06-27 13:55:13 - [TEST_STEP][PASSED] - if (trxAmount[i] == "8"): null

2022-06-27 13:55:13 - [TEST_STEP][PASSED] - if (trxAmount[i] == "9"): null

2022-06-27 13:55:13 - [TEST_STEP][PASSED] - delay(5): Delayed 5 second(s)

2022-06-27 13:55:18 - [MESSAGE][PASSED] - Delayed 5 second(s)

2022-06-27 13:55:18 - [TEST_STEP][PASSED] - verifyElementText(findTestObject("Duit Now/duitNowAmountValueTxt", ["value":checkValue]), checkValue): Actual text and expected text of test object 'Object Repository/Duit Now/duitNowAmountValueTxt' are matched.

2022-06-27 13:55:18 - [MESSAGE][PASSED] - Actual text and expected text of test object 'Object Repository/Duit Now/duitNowAmountValueTxt' are matched.

2022-06-27 13:55:18 - [TEST_STEP][PASSED] - verifyElementVisible(findTestObject("Login Onboarding/loginPinTickBtn"), 5): Element 'Object Repository/Login Onboarding/loginPinTickBtn' is visible

2022-06-27 13:55:18 - [MESSAGE][PASSED] - Element 'Object Repository/Login Onboarding/loginPinTickBtn' is visible

2022-06-27 13:55:18 - [TEST_STEP][PASSED] - tap(findTestObject("Login Onboarding/loginPinTickBtn"), 0): Tapped on element 'Object Repository/Login Onboarding/loginPinTickBtn'

2022-06-27 13:55:18 - [MESSAGE][WARNING] - Timeout '0' is invalid. Using default page load timeout: '40'

2022-06-27 13:55:19 - [MESSAGE][PASSED] - Tapped on element 'Object Repository/Login Onboarding/loginPinTickBtn'

2022-06-27 13:55:19 - [TEST_STEP][PASSED] - delay(3): Delayed 3 second(s)

2022-06-27 13:55:22 - [MESSAGE][PASSED] - Delayed 3 second(s)

2022-06-27 13:55:22 - [TEST_STEP][PASSED] - verifyElementText(findTestObject("Duit Now/duitNowReferenceProxyNumberTxt", ["proxyNumber":proxyNumber]), proxyNumber): Actual text and expected text of test object 'Object Repository/Duit Now/duitNowReferenceProxyNumberTxt' are matched.

2022-06-27 13:55:22 - [MESSAGE][PASSED] - Actual text and expected text of test object 'Object Repository/Duit Now/duitNowReferenceProxyNumberTxt' are matched.

2022-06-27 13:55:22 - [TEST_STEP][PASSED] - verifyElementText(findTestObject("Duit Now/duitNowReferenceProxyTypeTxt", ["proxyType":proxyType]), proxyType): Actual text and expected text of test object 'Object Repository/Duit Now/duitNowReferenceProxyTypeTxt' are matched.

2022-06-27 13:55:22 - [MESSAGE][PASSED] - Actual text and expected text of test object 'Object Repository/Duit Now/duitNowReferenceProxyTypeTxt' are matched.

2022-06-27 13:55:22 - [TEST_STEP][PASSED] - receipientName_2 = getText(findTestObject("Duit Now/duitNowAmountReceipientNameTxt", ["recName":recName]), 0): Text of element 'Object Repository/Duit Now/duitNowAmountReceipientNameTxt' is: 'CAPTAIN AMERICA'

2022-06-27 13:55:22 - [MESSAGE][WARNING] - Timeout '0' is invalid. Using default page load timeout: '40'

2022-06-27 13:55:22 - [MESSAGE][PASSED] - Text of element 'Object Repository/Duit Now/duitNowAmountReceipientNameTxt' is: 'CAPTAIN AMERICA'

2022-06-27 13:55:22 - [TEST_STEP][PASSED] - verifyMatch(receipientName_2, $recName_1||$privName_1, true): Actual text 'CAPTAIN AMERICA' and expected text 'CAPTAIN AMERICA||XXXXXXX XXXXXXXXX' are matched  using regular expression

2022-06-27 13:55:22 - [MESSAGE][PASSED] - Actual text 'CAPTAIN AMERICA' and expected text 'CAPTAIN AMERICA||XXXXXXX XXXXXXXXX' are matched  using regular expression

2022-06-27 13:55:22 - [TEST_STEP][PASSED] - verifyElementExist(findTestObject("Duit Now/duitNowReferenceEnterTitleTxt"), 0): Element 'Object Repository/Duit Now/duitNowReferenceEnterTitleTxt' is exist

2022-06-27 13:55:22 - [MESSAGE][WARNING] - Timeout '0' is invalid. Using default page load timeout: '40'

2022-06-27 13:55:23 - [MESSAGE][PASSED] - Element 'Object Repository/Duit Now/duitNowReferenceEnterTitleTxt' is exist

2022-06-27 13:55:23 - [TEST_STEP][PASSED] - setText(findTestObject("Banking/duitNowReferenceInputField"), reference, 0): Text 'DuitNowMobileTransf' has been set to element 'Object Repository/Banking/duitNowReferenceInputField'

2022-06-27 13:55:23 - [MESSAGE][WARNING] - Timeout '0' is invalid. Using default page load timeout: '40'

2022-06-27 13:55:23 - [MESSAGE][PASSED] - Text 'DuitNowMobileTransf' has been set to element 'Object Repository/Banking/duitNowReferenceInputField'

2022-06-27 13:55:23 - [TEST_STEP][PASSED] - hideKeyboard(): Keyboard is hidden

2022-06-27 13:55:25 - [MESSAGE][PASSED] - Keyboard is hidden

2022-06-27 13:55:25 - [TEST_STEP][PASSED] - verifyElementText(findTestObject("Duit Now/duitNowReferenceContentTxt", ["reference":reference]), reference): Actual text and expected text of test object 'Object Repository/Duit Now/duitNowReferenceContentTxt' are matched.

2022-06-27 13:55:25 - [MESSAGE][PASSED] - Actual text and expected text of test object 'Object Repository/Duit Now/duitNowReferenceContentTxt' are matched.

2022-06-27 13:55:25 - [TEST_STEP][PASSED] - tap(findTestObject("Login Onboarding/loginExistingContinueBtn"), 0): Tapped on element 'Object Repository/Login Onboarding/loginExistingContinueBtn'

2022-06-27 13:55:25 - [MESSAGE][WARNING] - Timeout '0' is invalid. Using default page load timeout: '40'

2022-06-27 13:55:25 - [MESSAGE][PASSED] - Tapped on element 'Object Repository/Login Onboarding/loginExistingContinueBtn'

2022-06-27 13:55:25 - [TEST_STEP][PASSED] - delay(3): Delayed 3 second(s)

2022-06-27 13:55:28 - [MESSAGE][PASSED] - Delayed 3 second(s)

2022-06-27 13:55:28 - [TEST_STEP][PASSED] - if (checker == true): Actual text 'CAPTAIN AMERICA' and expected text 'CAPTAIN AMERICA||XXXXXXX XXXXXXXXX' are matched  using regular expression

2022-06-27 13:55:28 - [TEST_STEP][PASSED] - receipientName_3 = getText(findTestObject("Duit Now/duitNowConfirmationReceipientNameTxt2", ["recName":recName2]), 0): Text of element 'Object Repository/Duit Now/duitNowConfirmationReceipientNameTxt2' is: 'CAPTAIN AMERICA'

2022-06-27 13:55:28 - [MESSAGE][WARNING] - Timeout '0' is invalid. Using default page load timeout: '40'

2022-06-27 13:55:29 - [MESSAGE][PASSED] - Text of element 'Object Repository/Duit Now/duitNowConfirmationReceipientNameTxt2' is: 'CAPTAIN AMERICA'

2022-06-27 13:55:29 - [TEST_STEP][PASSED] - verifyMatch(receipientName_3, $recName_2||$privName_1, true): Actual text 'CAPTAIN AMERICA' and expected text 'CAPTAIN AMERICA||XXXXXXX XXXXXXXXX' are matched  using regular expression

2022-06-27 13:55:29 - [MESSAGE][PASSED] - Actual text 'CAPTAIN AMERICA' and expected text 'CAPTAIN AMERICA||XXXXXXX XXXXXXXXX' are matched  using regular expression

2022-06-27 13:55:29 - [TEST_STEP][PASSED] - verifyElementText(findTestObject("Duit Now/duitNowConfirmationReceipientProxyNumTxt", ["proxyNumber":proxyNumber]), proxyNumber): Actual text and expected text of test object 'Object Repository/Duit Now/duitNowConfirmationReceipientProxyNumTxt' are matched.

2022-06-27 13:55:29 - [MESSAGE][PASSED] - Actual text and expected text of test object 'Object Repository/Duit Now/duitNowConfirmationReceipientProxyNumTxt' are matched.

2022-06-27 13:55:29 - [TEST_STEP][PASSED] - verifyElementText(findTestObject("Duit Now/duitNowConfirmationAmountTxt", ["amount":amount]), amount): Actual text and expected text of test object 'Object Repository/Duit Now/duitNowConfirmationAmountTxt' are matched.

2022-06-27 13:55:29 - [MESSAGE][PASSED] - Actual text and expected text of test object 'Object Repository/Duit Now/duitNowConfirmationAmountTxt' are matched.

2022-06-27 13:55:29 - [TEST_STEP][PASSED] - verifyElementExist(findTestObject("Duit Now/duitNowConfirmationDateTitleTxt"), 0): Element 'Object Repository/Duit Now/duitNowConfirmationDateTitleTxt' is exist

2022-06-27 13:55:29 - [MESSAGE][WARNING] - Timeout '0' is invalid. Using default page load timeout: '40'

2022-06-27 13:55:30 - [MESSAGE][PASSED] - Element 'Object Repository/Duit Now/duitNowConfirmationDateTitleTxt' is exist

2022-06-27 13:55:30 - [TEST_STEP][PASSED] - verifyElementExist(findTestObject("Duit Now/duitNowConfirmationIDTypeTitleTxt"), 0): Element 'Object Repository/Duit Now/duitNowConfirmationIDTypeTitleTxt' is exist

2022-06-27 13:55:30 - [MESSAGE][WARNING] - Timeout '0' is invalid. Using default page load timeout: '40'

2022-06-27 13:55:30 - [MESSAGE][PASSED] - Element 'Object Repository/Duit Now/duitNowConfirmationIDTypeTitleTxt' is exist

2022-06-27 13:55:30 - [TEST_STEP][PASSED] - verifyElementExist(findTestObject("Duit Now/duitNowConfirmationTransferTypeTitleTxt"), 0): Element 'Object Repository/Duit Now/duitNowConfirmationTransferTypeTitleTxt' is exist

2022-06-27 13:55:30 - [MESSAGE][WARNING] - Timeout '0' is invalid. Using default page load timeout: '40'

2022-06-27 13:55:30 - [MESSAGE][PASSED] - Element 'Object Repository/Duit Now/duitNowConfirmationTransferTypeTitleTxt' is exist

2022-06-27 13:55:30 - [TEST_STEP][PASSED] - verifyElementExist(findTestObject("Duit Now/duitNowConfirmationPaymentDetailsTitleTxt"), 0): Element 'Object Repository/Duit Now/duitNowConfirmationPaymentDetailsTitleTxt' is exist

2022-06-27 13:55:30 - [MESSAGE][WARNING] - Timeout '0' is invalid. Using default page load timeout: '40'

2022-06-27 13:55:30 - [MESSAGE][PASSED] - Element 'Object Repository/Duit Now/duitNowConfirmationPaymentDetailsTitleTxt' is exist

2022-06-27 13:55:30 - [TEST_STEP][PASSED] - verifyElementExist(findTestObject("Duit Now/duitNowConfirmationReferenceTitleTxt"), 0): Element 'Object Repository/Duit Now/duitNowConfirmationReferenceTitleTxt' is exist

2022-06-27 13:55:30 - [MESSAGE][WARNING] - Timeout '0' is invalid. Using default page load timeout: '40'

2022-06-27 13:55:31 - [MESSAGE][PASSED] - Element 'Object Repository/Duit Now/duitNowConfirmationReferenceTitleTxt' is exist

2022-06-27 13:55:31 - [TEST_STEP][PASSED] - verifyElementExist(findTestObject("Duit Now/duitNowConfirmationServiceFeeTitleTxt"), 0): Element 'Object Repository/Duit Now/duitNowConfirmationServiceFeeTitleTxt' is exist

2022-06-27 13:55:31 - [MESSAGE][WARNING] - Timeout '0' is invalid. Using default page load timeout: '40'

2022-06-27 13:55:31 - [MESSAGE][PASSED] - Element 'Object Repository/Duit Now/duitNowConfirmationServiceFeeTitleTxt' is exist

2022-06-27 13:55:31 - [TEST_STEP][PASSED] - verifyElementText(findTestObject("Duit Now/duitNowConfirmationIDTypeTxt", ["proxy":proxy]), proxy): Actual text and expected text of test object 'Object Repository/Duit Now/duitNowConfirmationIDTypeTxt' are matched.

2022-06-27 13:55:31 - [MESSAGE][PASSED] - Actual text and expected text of test object 'Object Repository/Duit Now/duitNowConfirmationIDTypeTxt' are matched.

2022-06-27 13:55:31 - [TEST_STEP][PASSED] - verifyElementText(findTestObject("Duit Now/duitNowConfirmationReceiveDateTxt"), "Today"): Actual text and expected text of test object 'Object Repository/Duit Now/duitNowConfirmationReceiveDateTxt' are matched.

2022-06-27 13:55:32 - [MESSAGE][PASSED] - Actual text and expected text of test object 'Object Repository/Duit Now/duitNowConfirmationReceiveDateTxt' are matched.

2022-06-27 13:55:32 - [TEST_STEP][PASSED] - verifyElementText(findTestObject("Duit Now/duitNowConfirmationReferenceTxt", ["reference":reference]), reference): Actual text and expected text of test object 'Object Repository/Duit Now/duitNowConfirmationReferenceTxt' are matched.

2022-06-27 13:55:32 - [MESSAGE][PASSED] - Actual text and expected text of test object 'Object Repository/Duit Now/duitNowConfirmationReferenceTxt' are matched.

2022-06-27 13:55:32 - [TEST_STEP][PASSED] - verifyElementText(findTestObject("Duit Now/duitNowConfirmationServiceFeeAmountTxt"), "RM 0.00"): Actual text and expected text of test object 'Object Repository/Duit Now/duitNowConfirmationServiceFeeAmountTxt' are matched.

2022-06-27 13:55:32 - [MESSAGE][PASSED] - Actual text and expected text of test object 'Object Repository/Duit Now/duitNowConfirmationServiceFeeAmountTxt' are matched.

2022-06-27 13:55:32 - [TEST_STEP][PASSED] - tap(findTestObject("Duit Now/duitNowConfirmationPaymentDetailsGreyWordTxt"), 0): Tapped on element 'Object Repository/Duit Now/duitNowConfirmationPaymentDetailsGreyWordTxt'

2022-06-27 13:55:32 - [MESSAGE][WARNING] - Timeout '0' is invalid. Using default page load timeout: '40'

2022-06-27 13:55:33 - [MESSAGE][PASSED] - Tapped on element 'Object Repository/Duit Now/duitNowConfirmationPaymentDetailsGreyWordTxt'

2022-06-27 13:55:33 - [TEST_STEP][PASSED] - setText(findTestObject("Duit Now/duitNowConfirmationPaymentDetailsGreyWordTxt"), details, 0): Text 'Test Mo' has been set to element 'Object Repository/Duit Now/duitNowConfirmationPaymentDetailsGreyWordTxt'

2022-06-27 13:55:33 - [MESSAGE][WARNING] - Timeout '0' is invalid. Using default page load timeout: '40'

2022-06-27 13:55:35 - [MESSAGE][PASSED] - Text 'Test Mo' has been set to element 'Object Repository/Duit Now/duitNowConfirmationPaymentDetailsGreyWordTxt'

2022-06-27 13:55:35 - [TEST_STEP][PASSED] - hideKeyboard(): Keyboard is hidden

2022-06-27 13:55:37 - [MESSAGE][PASSED] - Keyboard is hidden

2022-06-27 13:55:37 - [TEST_STEP][PASSED] - verifyElementText(findTestObject("Duit Now/duitNowConfirmationPaymentDetailsInputtedTxt", ["details":details]), details): Actual text and expected text of test object 'Object Repository/Duit Now/duitNowConfirmationPaymentDetailsInputtedTxt' are matched.

2022-06-27 13:55:37 - [MESSAGE][PASSED] - Actual text and expected text of test object 'Object Repository/Duit Now/duitNowConfirmationPaymentDetailsInputtedTxt' are matched.

2022-06-27 13:55:37 - [TEST_STEP][PASSED] - device_Height_2 = getDeviceHeight(): Current device physical height is 2167

2022-06-27 13:55:37 - [MESSAGE][PASSED] - Current device physical height is 2167

2022-06-27 13:55:37 - [TEST_STEP][PASSED] - device_Width_2 = getDeviceWidth(): Current device physical width is 1080

2022-06-27 13:55:37 - [MESSAGE][PASSED] - Current device physical width is 1080

2022-06-27 13:55:37 - [TEST_STEP][PASSED] - startX_2 = device_Width_2 / 2: null

2022-06-27 13:55:37 - [TEST_STEP][PASSED] - endX_2 = startX_2: null

2022-06-27 13:55:37 - [TEST_STEP][PASSED] - startY_2 = device_Height_2 * 0.30: null

2022-06-27 13:55:37 - [TEST_STEP][PASSED] - endY_2 = device_Height_2 * 0.70: null

2022-06-27 13:55:37 - [TEST_STEP][PASSED] - swipe(startX_2, endY_2, endX_2, startY_2): Swiped from 540,1,516 to 540,650

2022-06-27 13:55:38 - [MESSAGE][PASSED] - Swiped from 540,1,516 to 540,650

2022-06-27 13:55:38 - [TEST_STEP][PASSED] - verifyElementExist(findTestObject("Transfer/transferConfirmationFTransferFromTitleTxt"), 0): Element 'Object Repository/Transfer/transferConfirmationFTransferFromTitleTxt' is exist

2022-06-27 13:55:39 - [MESSAGE][WARNING] - Timeout '0' is invalid. Using default page load timeout: '40'

2022-06-27 13:55:39 - [MESSAGE][PASSED] - Element 'Object Repository/Transfer/transferConfirmationFTransferFromTitleTxt' is exist

2022-06-27 13:55:39 - [TEST_STEP][PASSED] - verifyElementExist(findTestObject("Duit Now/duitNowConfirmationNoteTitleTxt"), 0): Element 'Object Repository/Duit Now/duitNowConfirmationNoteTitleTxt' is exist

2022-06-27 13:55:39 - [MESSAGE][WARNING] - Timeout '0' is invalid. Using default page load timeout: '40'

2022-06-27 13:55:39 - [MESSAGE][PASSED] - Element 'Object Repository/Duit Now/duitNowConfirmationNoteTitleTxt' is exist

2022-06-27 13:55:39 - [TEST_STEP][PASSED] - verifyElementExist(findTestObject("Duit Now/duitNowConfirmationDeclarationTitleTxt"), 0): Element 'Object Repository/Duit Now/duitNowConfirmationDeclarationTitleTxt' is exist

2022-06-27 13:55:39 - [MESSAGE][WARNING] - Timeout '0' is invalid. Using default page load timeout: '40'

2022-06-27 13:55:39 - [MESSAGE][PASSED] - Element 'Object Repository/Duit Now/duitNowConfirmationDeclarationTitleTxt' is exist

2022-06-27 13:55:39 - [TEST_STEP][PASSED] - verifyElementExist(findTestObject("Duit Now/duitNowConfirmationTnCTitleTxt"), 0): Element 'Object Repository/Duit Now/duitNowConfirmationTnCTitleTxt' is exist

2022-06-27 13:55:39 - [MESSAGE][WARNING] - Timeout '0' is invalid. Using default page load timeout: '40'

2022-06-27 13:55:40 - [MESSAGE][PASSED] - Element 'Object Repository/Duit Now/duitNowConfirmationTnCTitleTxt' is exist

2022-06-27 13:55:40 - [TEST_STEP][PASSED] - verifyElementExist(findTestObject("Duit Now/duitNowConfirmationNoteContentTxt"), 0): Element 'Object Repository/Duit Now/duitNowConfirmationNoteContentTxt' is exist

2022-06-27 13:55:40 - [MESSAGE][WARNING] - Timeout '0' is invalid. Using default page load timeout: '40'

2022-06-27 13:55:40 - [MESSAGE][PASSED] - Element 'Object Repository/Duit Now/duitNowConfirmationNoteContentTxt' is exist

2022-06-27 13:55:40 - [TEST_STEP][PASSED] - verifyElementExist(findTestObject("Duit Now/duitNowConfirmationDeclarationContentTxt"), 0): Element 'Object Repository/Duit Now/duitNowConfirmationDeclarationContentTxt' is exist

2022-06-27 13:55:40 - [MESSAGE][WARNING] - Timeout '0' is invalid. Using default page load timeout: '40'

2022-06-27 13:55:40 - [MESSAGE][PASSED] - Element 'Object Repository/Duit Now/duitNowConfirmationDeclarationContentTxt' is exist

2022-06-27 13:55:40 - [TEST_STEP][PASSED] - verifyElementText(findTestObject("Transfer/transferConfirmationFromAccTypeTxt", ["accType":accType]), accType): Actual text and expected text of test object 'Object Repository/Transfer/transferConfirmationFromAccTypeTxt' are matched.

2022-06-27 13:55:41 - [MESSAGE][PASSED] - Actual text and expected text of test object 'Object Repository/Transfer/transferConfirmationFromAccTypeTxt' are matched.

2022-06-27 13:55:41 - [TEST_STEP][PASSED] - verifyElementText(findTestObject("Transfer/transferConfirmationFromAccNoTxt", ["accNoFrom":accNoFrom]), accNoFrom): Actual text and expected text of test object 'Object Repository/Transfer/transferConfirmationFromAccNoTxt' are matched.

2022-06-27 13:55:41 - [MESSAGE][PASSED] - Actual text and expected text of test object 'Object Repository/Transfer/transferConfirmationFromAccNoTxt' are matched.

2022-06-27 13:55:41 - [TEST_STEP][PASSED] - verifyElementExist(findTestObject("Transfer/transferConfirmationFromAccBalanceTxt"), 0): Element 'Object Repository/Transfer/transferConfirmationFromAccBalanceTxt' is exist

2022-06-27 13:55:41 - [MESSAGE][WARNING] - Timeout '0' is invalid. Using default page load timeout: '40'

2022-06-27 13:55:41 - [MESSAGE][PASSED] - Element 'Object Repository/Transfer/transferConfirmationFromAccBalanceTxt' is exist

2022-06-27 13:55:41 - [TEST_STEP][PASSED] - accountBalance = getText(findTestObject("Transfer/transferConfirmationFromAccBalanceTxt"), 0): Text of element 'Object Repository/Transfer/transferConfirmationFromAccBalanceTxt' is: 'RM 1,932.33'

2022-06-27 13:55:41 - [MESSAGE][WARNING] - Timeout '0' is invalid. Using default page load timeout: '40'

2022-06-27 13:55:42 - [MESSAGE][PASSED] - Text of element 'Object Repository/Transfer/transferConfirmationFromAccBalanceTxt' is: 'RM 1,932.33'

2022-06-27 13:55:42 - [TEST_STEP][PASSED] - println(accountBalance): null

2022-06-27 13:55:42 - [TEST_STEP][PASSED] - tap(findTestObject("Main/mainTransferNowBtn"), 0): Tapped on element 'Object Repository/Main/mainTransferNowBtn'

2022-06-27 13:55:42 - [MESSAGE][WARNING] - Timeout '0' is invalid. Using default page load timeout: '40'

2022-06-27 13:55:42 - [MESSAGE][PASSED] - Tapped on element 'Object Repository/Main/mainTransferNowBtn'

2022-06-27 13:55:42 - [TEST_STEP][PASSED] - if (verifyElementVisible(findTestObject("Main/mainS2UApproveBtn"), 5, OPTIONAL)): Element 'Object Repository/Festive Season/festiveReturnAngpaoTACNoTxt' not found

2022-06-27 13:55:48 - [MESSAGE][WARNING] - Element 'Object Repository/Main/mainS2UApproveBtn' not found

2022-06-27 13:55:58 - [MESSAGE][WARNING] - Element 'Object Repository/Festive Season/festiveReturnAngpaoTACNoTxt' not found

2022-06-27 13:55:58 - [TEST_STEP][PASSED] - delay(3): Delayed 3 second(s)

2022-06-27 13:56:01 - [MESSAGE][PASSED] - Delayed 3 second(s)

2022-06-27 13:56:01 - [TEST_STEP][PASSED] - verifyElementExist(findTestObject("Festive Season/returnAngpaoStatusMessageTxt"), 0): Element 'Object Repository/Festive Season/returnAngpaoStatusMessageTxt' is exist

2022-06-27 13:56:01 - [MESSAGE][WARNING] - Timeout '0' is invalid. Using default page load timeout: '40'

2022-06-27 13:56:02 - [MESSAGE][PASSED] - Element 'Object Repository/Festive Season/returnAngpaoStatusMessageTxt' is exist

2022-06-27 13:56:02 - [TEST_STEP][PASSED] - message = getText(findTestObject("Festive Season/returnAngpaoStatusMessageTxt"), 10): Text of element 'Object Repository/Festive Season/returnAngpaoStatusMessageTxt' is: 'Transfer successful'

2022-06-27 13:56:02 - [MESSAGE][PASSED] - Text of element 'Object Repository/Festive Season/returnAngpaoStatusMessageTxt' is: 'Transfer successful'

2022-06-27 13:56:02 - [TEST_STEP][PASSED] - println(message): null

2022-06-27 13:56:02 - [TEST_STEP][PASSED] - assert message == successTransactionMessage: null

2022-06-27 13:56:02 - [TEST_STEP][PASSED] - delay(5): Delayed 5 second(s)

2022-06-27 13:56:07 - [MESSAGE][PASSED] - Delayed 5 second(s)

2022-06-27 13:56:07 - [TEST_STEP][PASSED] - if (value > limit): null

2022-06-27 13:56:07 - [TEST_STEP][PASSED] - else: Element 'Object Repository/Transfer/transferSummaryShareReceiptBtn' is exist

2022-06-27 13:56:07 - [TEST_STEP][PASSED] - verifyElementExist(findTestObject("Duit Now/duitNowSummaryDateTimeTitleTxt"), 0): Element 'Object Repository/Duit Now/duitNowSummaryDateTimeTitleTxt' is exist

2022-06-27 13:56:07 - [MESSAGE][WARNING] - Timeout '0' is invalid. Using default page load timeout: '40'

2022-06-27 13:56:07 - [MESSAGE][PASSED] - Element 'Object Repository/Duit Now/duitNowSummaryDateTimeTitleTxt' is exist

2022-06-27 13:56:07 - [TEST_STEP][PASSED] - verifyElementExist(findTestObject("Duit Now/duitNowSummaryRefernceIDTitleTxt"), 0): Element 'Object Repository/Duit Now/duitNowSummaryRefernceIDTitleTxt' is exist

2022-06-27 13:56:07 - [MESSAGE][WARNING] - Timeout '0' is invalid. Using default page load timeout: '40'

2022-06-27 13:56:07 - [MESSAGE][PASSED] - Element 'Object Repository/Duit Now/duitNowSummaryRefernceIDTitleTxt' is exist

2022-06-27 13:56:07 - [TEST_STEP][PASSED] - verifyElementExist(findTestObject("Transfer/transferSummaryShareReceiptBtn"), 0): Element 'Object Repository/Transfer/transferSummaryShareReceiptBtn' is exist

2022-06-27 13:56:07 - [MESSAGE][WARNING] - Timeout '0' is invalid. Using default page load timeout: '40'

2022-06-27 13:56:07 - [MESSAGE][PASSED] - Element 'Object Repository/Transfer/transferSummaryShareReceiptBtn' is exist

2022-06-27 13:56:07 - [TEST_STEP][PASSED] - delay(5): Delayed 5 second(s)

2022-06-27 13:56:12 - [MESSAGE][PASSED] - Delayed 5 second(s)

2022-06-27 13:56:12 - [TEST_STEP][PASSED] - referenceID = getText(findTestObject("Send Request Money/requestMoneyPaySummaryRefIDTxt"), 0): Text of element 'Object Repository/Send Request Money/requestMoneyPaySummaryRefIDTxt' is: '181599305M'

2022-06-27 13:56:12 - [MESSAGE][WARNING] - Timeout '0' is invalid. Using default page load timeout: '40'

2022-06-27 13:56:13 - [MESSAGE][PASSED] - Text of element 'Object Repository/Send Request Money/requestMoneyPaySummaryRefIDTxt' is: '181599305M'

2022-06-27 13:56:13 - [TEST_STEP][PASSED] - println(referenceID): null

2022-06-27 13:56:13 - [TEST_STEP][PASSED] - test = dataFolder: null

2022-06-27 13:56:13 - [TEST_STEP][PASSED] - sheetName = "Sheet1": null

2022-06-27 13:56:13 - [TEST_STEP][PASSED] - file1 = new java.io.File(test): null

2022-06-27 13:56:13 - [TEST_STEP][PASSED] - assert file1.exists() == true: null

2022-06-27 13:56:13 - [TEST_STEP][PASSED] - woorkbook1 = getWorkbook(test): null

2022-06-27 13:56:13 - [TEST_STEP][PASSED] - sheet1 = getExcelSheet(woorkbook1, sheetName): null

2022-06-27 13:56:13 - [TEST_STEP][PASSED] - setValueToCellByIndex(sheet1, 4, 1, referenceID): null

2022-06-27 13:56:13 - [TEST_STEP][PASSED] - saveWorkbook(test, woorkbook1): null

2022-06-27 13:56:13 - [TEST_STEP][PASSED] - delay(3): Delayed 3 second(s)

2022-06-27 13:56:16 - [MESSAGE][PASSED] - Delayed 3 second(s)

2022-06-27 13:56:16 - [TEST_STEP][PASSED] - takeScreenshot("/Users/a00139272/Desktop/Screenshot/duitNowFav.png"): Screenshot is taken

2022-06-27 13:56:17 - [MESSAGE][PASSED] - Screenshot is taken
[[ATTACHMENT|/Users/a00139272/Desktop/Screenshot/duitNowFav.png]]

2022-06-27 13:56:17 - [TEST_STEP][PASSED] - verifyElementVisible(findTestObject("Main/mainDoneBtn"), 0): Element 'Object Repository/Main/mainDoneBtn' is visible

2022-06-27 13:56:17 - [MESSAGE][WARNING] - Timeout '0' is invalid. Using default page load timeout: '40'

2022-06-27 13:56:17 - [MESSAGE][PASSED] - Element 'Object Repository/Main/mainDoneBtn' is visible

2022-06-27 13:56:17 - [TEST_STEP][PASSED] - tap(findTestObject("Main/mainDoneBtn"), 0): Tapped on element 'Object Repository/Main/mainDoneBtn'

2022-06-27 13:56:17 - [MESSAGE][WARNING] - Timeout '0' is invalid. Using default page load timeout: '40'

2022-06-27 13:56:17 - [MESSAGE][PASSED] - Tapped on element 'Object Repository/Main/mainDoneBtn']]></system-out>
         <system-err><![CDATA[]]></system-err>
      </testcase>
      <system-out><![CDATA[2022-06-27 13:05:45 - [TEST_SUITE][FAILED] - Regress 5: Test Cases/Transfer/transfer_thirdPartyToday FAILED.
Reason:
Assertion failed: 

assert newBalance.round(2) == newAfterBalanceF
       |          |        |  |
       1934.86    1934.86  |  1934.9
                           false

	at transfer_thirdPartyToday.run(transfer_thirdPartyToday:342)
	at com.kms.katalon.core.main.ScriptEngine.run(ScriptEngine.java:194)
	at com.kms.katalon.core.main.ScriptEngine.runScriptAsRawText(ScriptEngine.java:119)
	at com.kms.katalon.core.main.TestCaseExecutor.runScript(TestCaseExecutor.java:445)
	at com.kms.katalon.core.main.TestCaseExecutor.doExecute(TestCaseExecutor.java:436)
	at com.kms.katalon.core.main.TestCaseExecutor.processExecutionPhase(TestCaseExecutor.java:415)
	at com.kms.katalon.core.main.TestCaseExecutor.accessMainPhase(TestCaseExecutor.java:407)
	at com.kms.katalon.core.main.TestCaseExecutor.execute(TestCaseExecutor.java:284)
	at com.kms.katalon.core.common.CommonExecutor.accessTestCaseMainPhase(CommonExecutor.java:65)
	at com.kms.katalon.core.main.TestSuiteExecutor.accessTestSuiteMainPhase(TestSuiteExecutor.java:144)
	at com.kms.katalon.core.main.TestSuiteExecutor.execute(TestSuiteExecutor.java:106)
	at com.kms.katalon.core.main.TestCaseMain.startTestSuite(TestCaseMain.java:185)
	at com.kms.katalon.core.main.TestCaseMain$startTestSuite$0.call(Unknown Source)
	at TempTestSuite1656306335392.run(TempTestSuite1656306335392.groovy:36)]]></system-out>
      <system-err><![CDATA[2022-06-27 13:05:45 - [TEST_SUITE][FAILED] - Regress 5: Test Cases/Transfer/transfer_thirdPartyToday FAILED.
Reason:
Assertion failed: 

assert newBalance.round(2) == newAfterBalanceF
       |          |        |  |
       1934.86    1934.86  |  1934.9
                           false

	at transfer_thirdPartyToday.run(transfer_thirdPartyToday:342)
	at com.kms.katalon.core.main.ScriptEngine.run(ScriptEngine.java:194)
	at com.kms.katalon.core.main.ScriptEngine.runScriptAsRawText(ScriptEngine.java:119)
	at com.kms.katalon.core.main.TestCaseExecutor.runScript(TestCaseExecutor.java:445)
	at com.kms.katalon.core.main.TestCaseExecutor.doExecute(TestCaseExecutor.java:436)
	at com.kms.katalon.core.main.TestCaseExecutor.processExecutionPhase(TestCaseExecutor.java:415)
	at com.kms.katalon.core.main.TestCaseExecutor.accessMainPhase(TestCaseExecutor.java:407)
	at com.kms.katalon.core.main.TestCaseExecutor.execute(TestCaseExecutor.java:284)
	at com.kms.katalon.core.common.CommonExecutor.accessTestCaseMainPhase(CommonExecutor.java:65)
	at com.kms.katalon.core.main.TestSuiteExecutor.accessTestSuiteMainPhase(TestSuiteExecutor.java:144)
	at com.kms.katalon.core.main.TestSuiteExecutor.execute(TestSuiteExecutor.java:106)
	at com.kms.katalon.core.main.TestCaseMain.startTestSuite(TestCaseMain.java:185)
	at com.kms.katalon.core.main.TestCaseMain$startTestSuite$0.call(Unknown Source)
	at TempTestSuite1656306335392.run(TempTestSuite1656306335392.groovy:36)]]></system-err>
   </testsuite>
</testsuites>
