<?xml version="1.0" encoding="UTF-8"?>
<testsuites name="Regress 1" time="1191.688" tests="13" failures="0" errors="0">
   <testsuite name="Regress 1" tests="13" failures="0" errors="0" time="1191.688" skipped="0" timestamp="2022-06-23 14:35:22" hostname="a00139272 - localhost" id="Test Suites/Regress 1">
      <properties>
         <property name="deviceName" value="Xiaomi 21061119AG (Android 11)"/>
         <property name="devicePlatform" value=""/>
         <property name="logFolder" value="/Users/a00139272/git/MAE-BAU-MY/Reports/20220623_143513/Regress 1/20220623_143513"/>
         <property name="logFiles" value="/Users/a00139272/git/MAE-BAU-MY/Reports/20220623_143513/Regress 1/20220623_143513/execution0.log, /Users/a00139272/git/MAE-BAU-MY/Reports/20220623_143513/Regress 1/20220623_143513/appium.log"/>
         <property name="attachments" value="/Users/a00139272/Desktop/Screenshot/Onboard.png, /Users/a00139272/Desktop/Screenshot/s2u.png, /Users/a00139272/Desktop/Screenshot/payBillsInstant.png, /Users/a00139272/Desktop/Screenshot/payBillsSchedule.png, /Users/a00139272/Desktop/Screenshot/payBillsAddFav.png, /Users/a00139272/Desktop/Screenshot/payBillsFav.png, /Users/a00139272/Desktop/Screenshot/jomPayInstant.png, /Users/a00139272/Desktop/Screenshot/jomPaySchedule.png, /Users/a00139272/Desktop/Screenshot/jomPayAddFav.png, /Users/a00139272/Desktop/Screenshot/jomPayFav.png, /Users/a00139272/Desktop/Screenshot/zakatInstant.png, /Users/a00139272/Desktop/Screenshot/zakatAddFav.png, /Users/a00139272/Desktop/Screenshot/zakatFav.png"/>
         <property name="hostName" value="a00139272 - localhost"/>
         <property name="os" value="Mac OS X 64bit"/>
         <property name="appiumServerStatus" value="{&quot;value&quot;:{&quot;build&quot;:{&quot;version&quot;:&quot;1.22.1&quot;}},&quot;sessionId&quot;:null,&quot;status&quot;:0}"/>
         <property name="katalonVersion" value="8.3.5.208"/>
         <property name="deviceOS" value="Android"/>
         <property name="appiumVersion" value="1.22.1"/>
         <property name="deviceModel" value="21061119AG"/>
         <property name="hostAddress" value="127.0.0.1"/>
         <property name="deviceManufacturer" value="Xiaomi"/>
         <property name="deviceId" value="002b9cc60508"/>
         <property name="deviceName" value="Xiaomi 21061119AG (Android 11)"/>
         <property name="deviceOSVersion" value="11"/>
      </properties>
      <testcase name="Test Cases/Login Onboard/onboard_onboardIntoMAE" time="156.497" classname="Test Cases/Login Onboard/onboard_onboardIntoMAE" status="PASSED">
         <system-out><![CDATA[2022-06-23 14:35:22 - [TEST_CASE][PASSED] - Test Cases/Login Onboard/onboard_onboardIntoMAE: Test Cases/Login Onboard/onboard_onboardIntoMAE

2022-06-23 14:35:23 - [TEST_STEP][PASSED] - setMobileDriverPreferencesProperty("appPackage", "com.maybank2u.life.sit"): null

2022-06-23 14:35:23 - [TEST_STEP][PASSED] - setMobileDriverPreferencesProperty("appActivity", "com.maybank2u.life.MainActivity"): null

2022-06-23 14:35:23 - [TEST_STEP][PASSED] - startApplication(appPath, false): Started app at: '/Users/a00139272/Katalon Studio/MAE/androidapp/app-dev-universal-release (1).apk'

2022-06-23 14:35:23 - [MESSAGE][INFO] - User set preference: ['appWaitActivity', '*']

2022-06-23 14:35:23 - [MESSAGE][INFO] - User set preference: ['deviceId', '002b9cc60508']

2022-06-23 14:35:23 - [MESSAGE][INFO] - User set preference: ['appPackage', 'com.maybank2u.life.sit']

2022-06-23 14:35:23 - [MESSAGE][INFO] - User set preference: ['appActivity', 'com.maybank2u.life.MainActivity']

2022-06-23 14:35:23 - [MESSAGE][INFO] - Detected NodeJS location: "/usr/local/Cellar/node/17.0.1/bin/node"

2022-06-23 14:35:24 - [MESSAGE][INFO] - Appium server started on port 59,531

2022-06-23 14:35:37 - [MESSAGE][PASSED] - Started app at: '/Users/a00139272/Katalon Studio/MAE/androidapp/app-dev-universal-release (1).apk'

2022-06-23 14:35:37 - [TEST_STEP][PASSED] - if (verifyElementVisible(findTestObject("Login Onboarding/onboardWelcomeSkipBtn"), 0, OPTIONAL)): null

2022-06-23 14:35:37 - [MESSAGE][WARNING] - Timeout '0' is invalid. Using default page load timeout: '40'

2022-06-23 14:35:39 - [MESSAGE][PASSED] - Element 'Object Repository/Login Onboarding/onboardWelcomeSkipBtn' is visible

2022-06-23 14:35:39 - [TEST_STEP][PASSED] - waitForElementPresent(findTestObject("Login Onboarding/onboardWelcomeSkipBtn"), 3000): Element 'Object Repository/Login Onboarding/onboardWelcomeSkipBtn' is present

2022-06-23 14:35:39 - [MESSAGE][PASSED] - Element 'Object Repository/Login Onboarding/onboardWelcomeSkipBtn' is present

2022-06-23 14:35:39 - [TEST_STEP][PASSED] - tap(findTestObject("Login Onboarding/onboardWelcomeSkipBtn"), 0): Tapped on element 'Object Repository/Login Onboarding/onboardWelcomeSkipBtn'

2022-06-23 14:35:39 - [MESSAGE][WARNING] - Timeout '0' is invalid. Using default page load timeout: '40'

2022-06-23 14:35:40 - [MESSAGE][PASSED] - Tapped on element 'Object Repository/Login Onboarding/onboardWelcomeSkipBtn'

2022-06-23 14:35:40 - [TEST_STEP][PASSED] - tap(findTestObject("Login Onboarding/onboardTNCAgreeBtn"), 0): Tapped on element 'Object Repository/Login Onboarding/onboardTNCAgreeBtn'

2022-06-23 14:35:40 - [MESSAGE][WARNING] - Timeout '0' is invalid. Using default page load timeout: '40'

2022-06-23 14:35:40 - [MESSAGE][PASSED] - Tapped on element 'Object Repository/Login Onboarding/onboardTNCAgreeBtn'

2022-06-23 14:35:40 - [TEST_STEP][PASSED] - tap(findTestObject("Dashboard/dashboardSetUpWalletIcon"), 0): Tapped on element 'Object Repository/Dashboard/dashboardSetUpWalletIcon'

2022-06-23 14:35:41 - [MESSAGE][WARNING] - Timeout '0' is invalid. Using default page load timeout: '40'

2022-06-23 14:35:43 - [MESSAGE][PASSED] - Tapped on element 'Object Repository/Dashboard/dashboardSetUpWalletIcon'

2022-06-23 14:35:43 - [TEST_STEP][PASSED] - tap(findTestObject("Login Onboarding/getStartedExistingUserBtn"), 0): Tapped on element 'Object Repository/Login Onboarding/getStartedExistingUserBtn'

2022-06-23 14:35:44 - [MESSAGE][WARNING] - Timeout '0' is invalid. Using default page load timeout: '40'

2022-06-23 14:35:45 - [MESSAGE][PASSED] - Tapped on element 'Object Repository/Login Onboarding/getStartedExistingUserBtn'

2022-06-23 14:35:45 - [TEST_STEP][PASSED] - setText(findTestObject("Login Onboarding/loginExistingUsernameInputField"), Username, 0): Text 'kachu89' has been set to element 'Object Repository/Login Onboarding/loginExistingUsernameInputField'

2022-06-23 14:35:46 - [MESSAGE][WARNING] - Timeout '0' is invalid. Using default page load timeout: '40'

2022-06-23 14:35:48 - [MESSAGE][PASSED] - Text 'kachu89' has been set to element 'Object Repository/Login Onboarding/loginExistingUsernameInputField'

2022-06-23 14:35:48 - [TEST_STEP][PASSED] - hideKeyboard(): Keyboard is hidden

2022-06-23 14:35:50 - [MESSAGE][PASSED] - Keyboard is hidden

2022-06-23 14:35:50 - [TEST_STEP][PASSED] - tap(findTestObject("Login Onboarding/loginExistingContinueBtn"), 0): Tapped on element 'Object Repository/Login Onboarding/loginExistingContinueBtn'

2022-06-23 14:35:50 - [MESSAGE][WARNING] - Timeout '0' is invalid. Using default page load timeout: '40'

2022-06-23 14:35:50 - [MESSAGE][PASSED] - Tapped on element 'Object Repository/Login Onboarding/loginExistingContinueBtn'

2022-06-23 14:35:50 - [TEST_STEP][PASSED] - waitForElementPresent(findTestObject("Login Onboarding/loginExistingMineConfirmationBtn"), 50): Element 'Object Repository/Login Onboarding/loginExistingMineConfirmationBtn' is present

2022-06-23 14:35:52 - [MESSAGE][PASSED] - Element 'Object Repository/Login Onboarding/loginExistingMineConfirmationBtn' is present

2022-06-23 14:35:52 - [TEST_STEP][PASSED] - tap(findTestObject("Login Onboarding/loginExistingMineConfirmationBtn"), 0): Tapped on element 'Object Repository/Login Onboarding/loginExistingMineConfirmationBtn'

2022-06-23 14:35:52 - [MESSAGE][WARNING] - Timeout '0' is invalid. Using default page load timeout: '40'

2022-06-23 14:35:52 - [MESSAGE][PASSED] - Tapped on element 'Object Repository/Login Onboarding/loginExistingMineConfirmationBtn'

2022-06-23 14:35:52 - [TEST_STEP][PASSED] - setText(findTestObject("Login Onboarding/loginPasswordInputField"), Password, 0): Text 'pass1234' has been set to element 'Object Repository/Login Onboarding/loginPasswordInputField'

2022-06-23 14:35:52 - [MESSAGE][WARNING] - Timeout '0' is invalid. Using default page load timeout: '40'

2022-06-23 14:35:55 - [MESSAGE][PASSED] - Text 'pass1234' has been set to element 'Object Repository/Login Onboarding/loginPasswordInputField'

2022-06-23 14:35:55 - [TEST_STEP][PASSED] - hideKeyboard(): Keyboard is hidden

2022-06-23 14:35:59 - [MESSAGE][PASSED] - Keyboard is hidden

2022-06-23 14:35:59 - [TEST_STEP][PASSED] - tap(findTestObject("Login Onboarding/loginExistingContinueBtn"), 0): Tapped on element 'Object Repository/Login Onboarding/loginExistingContinueBtn'

2022-06-23 14:35:59 - [MESSAGE][WARNING] - Timeout '0' is invalid. Using default page load timeout: '40'

2022-06-23 14:35:59 - [MESSAGE][PASSED] - Tapped on element 'Object Repository/Login Onboarding/loginExistingContinueBtn'

2022-06-23 14:35:59 - [TEST_STEP][PASSED] - if (verifyElementVisible(findTestObject("Login Onboarding/Proceed"), 3, OPTIONAL)): Element 'Object Repository/Login Onboarding/Proceed' not found

2022-06-23 14:36:02 - [MESSAGE][WARNING] - Element 'Object Repository/Login Onboarding/Proceed' not found

2022-06-23 14:36:02 - [TEST_STEP][PASSED] - else: null

2022-06-23 14:36:02 - [TEST_STEP][PASSED] - tap(findTestObject("Login Onboarding/PIN1"), 0): Tapped on element 'Object Repository/Login Onboarding/PIN1'

2022-06-23 14:36:02 - [MESSAGE][WARNING] - Timeout '0' is invalid. Using default page load timeout: '40'

2022-06-23 14:36:12 - [MESSAGE][PASSED] - Tapped on element 'Object Repository/Login Onboarding/PIN1'

2022-06-23 14:36:12 - [TEST_STEP][PASSED] - tap(findTestObject("Login Onboarding/PIN1"), 0): Tapped on element 'Object Repository/Login Onboarding/PIN1'

2022-06-23 14:36:12 - [MESSAGE][WARNING] - Timeout '0' is invalid. Using default page load timeout: '40'

2022-06-23 14:36:14 - [MESSAGE][PASSED] - Tapped on element 'Object Repository/Login Onboarding/PIN1'

2022-06-23 14:36:14 - [TEST_STEP][PASSED] - tap(findTestObject("Login Onboarding/PIN1"), 0): Tapped on element 'Object Repository/Login Onboarding/PIN1'

2022-06-23 14:36:14 - [MESSAGE][WARNING] - Timeout '0' is invalid. Using default page load timeout: '40'

2022-06-23 14:36:15 - [MESSAGE][PASSED] - Tapped on element 'Object Repository/Login Onboarding/PIN1'

2022-06-23 14:36:15 - [TEST_STEP][PASSED] - tap(findTestObject("Login Onboarding/PIN1"), 0): Tapped on element 'Object Repository/Login Onboarding/PIN1'

2022-06-23 14:36:15 - [MESSAGE][WARNING] - Timeout '0' is invalid. Using default page load timeout: '40'

2022-06-23 14:36:17 - [MESSAGE][PASSED] - Tapped on element 'Object Repository/Login Onboarding/PIN1'

2022-06-23 14:36:17 - [TEST_STEP][PASSED] - tap(findTestObject("Login Onboarding/PIN1"), 0): Tapped on element 'Object Repository/Login Onboarding/PIN1'

2022-06-23 14:36:17 - [MESSAGE][WARNING] - Timeout '0' is invalid. Using default page load timeout: '40'

2022-06-23 14:36:19 - [MESSAGE][PASSED] - Tapped on element 'Object Repository/Login Onboarding/PIN1'

2022-06-23 14:36:19 - [TEST_STEP][PASSED] - tap(findTestObject("Login Onboarding/PIN2"), 0): Tapped on element 'Object Repository/Login Onboarding/PIN2'

2022-06-23 14:36:19 - [MESSAGE][WARNING] - Timeout '0' is invalid. Using default page load timeout: '40'

2022-06-23 14:36:21 - [MESSAGE][PASSED] - Tapped on element 'Object Repository/Login Onboarding/PIN2'

2022-06-23 14:36:21 - [TEST_STEP][PASSED] - tap(findTestObject("Login Onboarding/loginPinTickBtn"), 0): Tapped on element 'Object Repository/Login Onboarding/loginPinTickBtn'

2022-06-23 14:36:21 - [MESSAGE][WARNING] - Timeout '0' is invalid. Using default page load timeout: '40'

2022-06-23 14:36:23 - [MESSAGE][PASSED] - Tapped on element 'Object Repository/Login Onboarding/loginPinTickBtn'

2022-06-23 14:36:23 - [TEST_STEP][PASSED] - delay(2): Delayed 2 second(s)

2022-06-23 14:36:25 - [MESSAGE][PASSED] - Delayed 2 second(s)

2022-06-23 14:36:25 - [TEST_STEP][PASSED] - tap(findTestObject("Login Onboarding/PIN1"), 0): Tapped on element 'Object Repository/Login Onboarding/PIN1'

2022-06-23 14:36:25 - [MESSAGE][WARNING] - Timeout '0' is invalid. Using default page load timeout: '40'

2022-06-23 14:36:25 - [MESSAGE][PASSED] - Tapped on element 'Object Repository/Login Onboarding/PIN1'

2022-06-23 14:36:25 - [TEST_STEP][PASSED] - tap(findTestObject("Login Onboarding/PIN1"), 0): Tapped on element 'Object Repository/Login Onboarding/PIN1'

2022-06-23 14:36:26 - [MESSAGE][WARNING] - Timeout '0' is invalid. Using default page load timeout: '40'

2022-06-23 14:36:27 - [MESSAGE][PASSED] - Tapped on element 'Object Repository/Login Onboarding/PIN1'

2022-06-23 14:36:27 - [TEST_STEP][PASSED] - tap(findTestObject("Login Onboarding/PIN1"), 0): Tapped on element 'Object Repository/Login Onboarding/PIN1'

2022-06-23 14:36:27 - [MESSAGE][WARNING] - Timeout '0' is invalid. Using default page load timeout: '40'

2022-06-23 14:36:29 - [MESSAGE][PASSED] - Tapped on element 'Object Repository/Login Onboarding/PIN1'

2022-06-23 14:36:29 - [TEST_STEP][PASSED] - tap(findTestObject("Login Onboarding/PIN1"), 0): Tapped on element 'Object Repository/Login Onboarding/PIN1'

2022-06-23 14:36:29 - [MESSAGE][WARNING] - Timeout '0' is invalid. Using default page load timeout: '40'

2022-06-23 14:36:31 - [MESSAGE][PASSED] - Tapped on element 'Object Repository/Login Onboarding/PIN1'

2022-06-23 14:36:31 - [TEST_STEP][PASSED] - tap(findTestObject("Login Onboarding/PIN1"), 0): Tapped on element 'Object Repository/Login Onboarding/PIN1'

2022-06-23 14:36:31 - [MESSAGE][WARNING] - Timeout '0' is invalid. Using default page load timeout: '40'

2022-06-23 14:36:33 - [MESSAGE][PASSED] - Tapped on element 'Object Repository/Login Onboarding/PIN1'

2022-06-23 14:36:33 - [TEST_STEP][PASSED] - tap(findTestObject("Login Onboarding/PIN2"), 0): Tapped on element 'Object Repository/Login Onboarding/PIN2'

2022-06-23 14:36:33 - [MESSAGE][WARNING] - Timeout '0' is invalid. Using default page load timeout: '40'

2022-06-23 14:36:35 - [MESSAGE][PASSED] - Tapped on element 'Object Repository/Login Onboarding/PIN2'

2022-06-23 14:36:35 - [TEST_STEP][PASSED] - delay(2): Delayed 2 second(s)

2022-06-23 14:36:37 - [MESSAGE][PASSED] - Delayed 2 second(s)

2022-06-23 14:36:37 - [TEST_STEP][PASSED] - tap(findTestObject("Login Onboarding/loginPinTickBtn"), 0): Tapped on element 'Object Repository/Login Onboarding/loginPinTickBtn'

2022-06-23 14:36:37 - [MESSAGE][WARNING] - Timeout '0' is invalid. Using default page load timeout: '40'

2022-06-23 14:36:38 - [MESSAGE][PASSED] - Tapped on element 'Object Repository/Login Onboarding/loginPinTickBtn'

2022-06-23 14:36:38 - [TEST_STEP][PASSED] - tap(findTestObject("Login Onboarding/loginTouchIDSetUpLaterBtn"), 0): Tapped on element 'Object Repository/Login Onboarding/loginTouchIDSetUpLaterBtn'

2022-06-23 14:36:38 - [MESSAGE][WARNING] - Timeout '0' is invalid. Using default page load timeout: '40'

2022-06-23 14:36:40 - [MESSAGE][PASSED] - Tapped on element 'Object Repository/Login Onboarding/loginTouchIDSetUpLaterBtn'

2022-06-23 14:36:40 - [TEST_STEP][PASSED] - tap(findTestObject("Login Onboarding/loginVerifyNumberYesProceedBtn"), 0): Tapped on element 'Object Repository/Login Onboarding/loginVerifyNumberYesProceedBtn'

2022-06-23 14:36:40 - [MESSAGE][WARNING] - Timeout '0' is invalid. Using default page load timeout: '40'

2022-06-23 14:36:41 - [MESSAGE][PASSED] - Tapped on element 'Object Repository/Login Onboarding/loginVerifyNumberYesProceedBtn'

2022-06-23 14:36:41 - [TEST_STEP][PASSED] - OTP = getText(findTestObject("Login Onboarding/secureGetOTPTxt"), 0): Text of element 'Object Repository/Login Onboarding/secureGetOTPTxt' is: 'Your OTP no. is 401085'

2022-06-23 14:36:41 - [MESSAGE][WARNING] - Timeout '0' is invalid. Using default page load timeout: '40'

2022-06-23 14:36:52 - [MESSAGE][PASSED] - Text of element 'Object Repository/Login Onboarding/secureGetOTPTxt' is: 'Your OTP no. is 401085'

2022-06-23 14:36:52 - [TEST_STEP][PASSED] - for ([i = 16, i <= 21, (i++)]): null

2022-06-23 14:36:52 - [TEST_STEP][PASSED] - if (OTP[i] == "0"): null

2022-06-23 14:36:52 - [TEST_STEP][PASSED] - if (OTP[i] == "1"): null

2022-06-23 14:36:52 - [TEST_STEP][PASSED] - if (OTP[i] == "2"): null

2022-06-23 14:36:52 - [TEST_STEP][PASSED] - if (OTP[i] == "3"): null

2022-06-23 14:36:53 - [TEST_STEP][PASSED] - if (OTP[i] == "4"): Tapped on element 'Object Repository/Login Onboarding/PIN4'

2022-06-23 14:36:53 - [TEST_STEP][PASSED] - tap(findTestObject("Login Onboarding/PIN4"), 0): Tapped on element 'Object Repository/Login Onboarding/PIN4'

2022-06-23 14:36:53 - [MESSAGE][WARNING] - Timeout '0' is invalid. Using default page load timeout: '40'

2022-06-23 14:36:53 - [MESSAGE][PASSED] - Tapped on element 'Object Repository/Login Onboarding/PIN4'

2022-06-23 14:36:53 - [TEST_STEP][PASSED] - if (OTP[i] == "5"): null

2022-06-23 14:36:53 - [TEST_STEP][PASSED] - if (OTP[i] == "6"): null

2022-06-23 14:36:53 - [TEST_STEP][PASSED] - if (OTP[i] == "7"): null

2022-06-23 14:36:53 - [TEST_STEP][PASSED] - if (OTP[i] == "8"): null

2022-06-23 14:36:53 - [TEST_STEP][PASSED] - if (OTP[i] == "9"): null

2022-06-23 14:36:53 - [TEST_STEP][PASSED] - if (OTP[i] == "0"): Tapped on element 'Object Repository/Login Onboarding/PIN0'

2022-06-23 14:36:53 - [TEST_STEP][PASSED] - tap(findTestObject("Login Onboarding/PIN0"), 0): Tapped on element 'Object Repository/Login Onboarding/PIN0'

2022-06-23 14:36:53 - [MESSAGE][WARNING] - Timeout '0' is invalid. Using default page load timeout: '40'

2022-06-23 14:36:55 - [MESSAGE][PASSED] - Tapped on element 'Object Repository/Login Onboarding/PIN0'

2022-06-23 14:36:55 - [TEST_STEP][PASSED] - if (OTP[i] == "1"): null

2022-06-23 14:36:55 - [TEST_STEP][PASSED] - if (OTP[i] == "2"): null

2022-06-23 14:36:55 - [TEST_STEP][PASSED] - if (OTP[i] == "3"): null

2022-06-23 14:36:55 - [TEST_STEP][PASSED] - if (OTP[i] == "4"): null

2022-06-23 14:36:55 - [TEST_STEP][PASSED] - if (OTP[i] == "5"): null

2022-06-23 14:36:55 - [TEST_STEP][PASSED] - if (OTP[i] == "6"): null

2022-06-23 14:36:55 - [TEST_STEP][PASSED] - if (OTP[i] == "7"): null

2022-06-23 14:36:55 - [TEST_STEP][PASSED] - if (OTP[i] == "8"): null

2022-06-23 14:36:55 - [TEST_STEP][PASSED] - if (OTP[i] == "9"): null

2022-06-23 14:36:55 - [TEST_STEP][PASSED] - if (OTP[i] == "0"): null

2022-06-23 14:36:55 - [TEST_STEP][PASSED] - if (OTP[i] == "1"): Tapped on element 'Object Repository/Login Onboarding/PIN1'

2022-06-23 14:36:55 - [TEST_STEP][PASSED] - tap(findTestObject("Login Onboarding/PIN1"), 0): Tapped on element 'Object Repository/Login Onboarding/PIN1'

2022-06-23 14:36:55 - [MESSAGE][WARNING] - Timeout '0' is invalid. Using default page load timeout: '40'

2022-06-23 14:36:57 - [MESSAGE][PASSED] - Tapped on element 'Object Repository/Login Onboarding/PIN1'

2022-06-23 14:36:57 - [TEST_STEP][PASSED] - if (OTP[i] == "2"): null

2022-06-23 14:36:57 - [TEST_STEP][PASSED] - if (OTP[i] == "3"): null

2022-06-23 14:36:57 - [TEST_STEP][PASSED] - if (OTP[i] == "4"): null

2022-06-23 14:36:57 - [TEST_STEP][PASSED] - if (OTP[i] == "5"): null

2022-06-23 14:36:57 - [TEST_STEP][PASSED] - if (OTP[i] == "6"): null

2022-06-23 14:36:57 - [TEST_STEP][PASSED] - if (OTP[i] == "7"): null

2022-06-23 14:36:57 - [TEST_STEP][PASSED] - if (OTP[i] == "8"): null

2022-06-23 14:36:57 - [TEST_STEP][PASSED] - if (OTP[i] == "9"): null

2022-06-23 14:36:57 - [TEST_STEP][PASSED] - if (OTP[i] == "0"): Tapped on element 'Object Repository/Login Onboarding/PIN0'

2022-06-23 14:36:57 - [TEST_STEP][PASSED] - tap(findTestObject("Login Onboarding/PIN0"), 0): Tapped on element 'Object Repository/Login Onboarding/PIN0'

2022-06-23 14:36:57 - [MESSAGE][WARNING] - Timeout '0' is invalid. Using default page load timeout: '40'

2022-06-23 14:36:59 - [MESSAGE][PASSED] - Tapped on element 'Object Repository/Login Onboarding/PIN0'

2022-06-23 14:36:59 - [TEST_STEP][PASSED] - if (OTP[i] == "1"): null

2022-06-23 14:36:59 - [TEST_STEP][PASSED] - if (OTP[i] == "2"): null

2022-06-23 14:36:59 - [TEST_STEP][PASSED] - if (OTP[i] == "3"): null

2022-06-23 14:36:59 - [TEST_STEP][PASSED] - if (OTP[i] == "4"): null

2022-06-23 14:36:59 - [TEST_STEP][PASSED] - if (OTP[i] == "5"): null

2022-06-23 14:36:59 - [TEST_STEP][PASSED] - if (OTP[i] == "6"): null

2022-06-23 14:36:59 - [TEST_STEP][PASSED] - if (OTP[i] == "7"): null

2022-06-23 14:36:59 - [TEST_STEP][PASSED] - if (OTP[i] == "8"): null

2022-06-23 14:36:59 - [TEST_STEP][PASSED] - if (OTP[i] == "9"): null

2022-06-23 14:36:59 - [TEST_STEP][PASSED] - if (OTP[i] == "0"): null

2022-06-23 14:36:59 - [TEST_STEP][PASSED] - if (OTP[i] == "1"): null

2022-06-23 14:36:59 - [TEST_STEP][PASSED] - if (OTP[i] == "2"): null

2022-06-23 14:36:59 - [TEST_STEP][PASSED] - if (OTP[i] == "3"): null

2022-06-23 14:36:59 - [TEST_STEP][PASSED] - if (OTP[i] == "4"): null

2022-06-23 14:36:59 - [TEST_STEP][PASSED] - if (OTP[i] == "5"): null

2022-06-23 14:36:59 - [TEST_STEP][PASSED] - if (OTP[i] == "6"): null

2022-06-23 14:36:59 - [TEST_STEP][PASSED] - if (OTP[i] == "7"): null

2022-06-23 14:36:59 - [TEST_STEP][PASSED] - if (OTP[i] == "8"): Tapped on element 'Object Repository/Login Onboarding/PIN8'

2022-06-23 14:36:59 - [TEST_STEP][PASSED] - tap(findTestObject("Login Onboarding/PIN8"), 0): Tapped on element 'Object Repository/Login Onboarding/PIN8'

2022-06-23 14:36:59 - [MESSAGE][WARNING] - Timeout '0' is invalid. Using default page load timeout: '40'

2022-06-23 14:37:01 - [MESSAGE][PASSED] - Tapped on element 'Object Repository/Login Onboarding/PIN8'

2022-06-23 14:37:01 - [TEST_STEP][PASSED] - if (OTP[i] == "9"): null

2022-06-23 14:37:01 - [TEST_STEP][PASSED] - if (OTP[i] == "0"): null

2022-06-23 14:37:01 - [TEST_STEP][PASSED] - if (OTP[i] == "1"): null

2022-06-23 14:37:01 - [TEST_STEP][PASSED] - if (OTP[i] == "2"): null

2022-06-23 14:37:01 - [TEST_STEP][PASSED] - if (OTP[i] == "3"): null

2022-06-23 14:37:01 - [TEST_STEP][PASSED] - if (OTP[i] == "4"): null

2022-06-23 14:37:01 - [TEST_STEP][PASSED] - if (OTP[i] == "5"): Tapped on element 'Object Repository/Login Onboarding/PIN5'

2022-06-23 14:37:01 - [TEST_STEP][PASSED] - tap(findTestObject("Login Onboarding/PIN5"), 0): Tapped on element 'Object Repository/Login Onboarding/PIN5'

2022-06-23 14:37:01 - [MESSAGE][WARNING] - Timeout '0' is invalid. Using default page load timeout: '40'

2022-06-23 14:37:03 - [MESSAGE][PASSED] - Tapped on element 'Object Repository/Login Onboarding/PIN5'

2022-06-23 14:37:03 - [TEST_STEP][PASSED] - if (OTP[i] == "6"): null

2022-06-23 14:37:03 - [TEST_STEP][PASSED] - if (OTP[i] == "7"): null

2022-06-23 14:37:03 - [TEST_STEP][PASSED] - if (OTP[i] == "8"): null

2022-06-23 14:37:03 - [TEST_STEP][PASSED] - if (OTP[i] == "9"): null

2022-06-23 14:37:03 - [TEST_STEP][PASSED] - delay(3): Delayed 3 second(s)

2022-06-23 14:37:06 - [MESSAGE][PASSED] - Delayed 3 second(s)

2022-06-23 14:37:06 - [TEST_STEP][PASSED] - tap(findTestObject("Login Onboarding/TickOTP"), 0): Tapped on element 'Object Repository/Login Onboarding/TickOTP'

2022-06-23 14:37:06 - [MESSAGE][WARNING] - Timeout '0' is invalid. Using default page load timeout: '40'

2022-06-23 14:37:07 - [MESSAGE][PASSED] - Tapped on element 'Object Repository/Login Onboarding/TickOTP'

2022-06-23 14:37:07 - [TEST_STEP][PASSED] - waitForElementPresent(findTestObject("Login Onboarding/onboardNameInputField"), 30): Object Object Repository/Login Onboarding/onboardNameInputField not found

2022-06-23 14:37:37 - [MESSAGE][WARNING] - Object Object Repository/Login Onboarding/onboardNameInputField not found

2022-06-23 14:37:37 - [TEST_STEP][PASSED] - setText(findTestObject("Login Onboarding/onboardNameInputField"), "kachu", 0): Text 'kachu' has been set to element 'Object Repository/Login Onboarding/onboardNameInputField'

2022-06-23 14:37:37 - [MESSAGE][WARNING] - Timeout '0' is invalid. Using default page load timeout: '40'

2022-06-23 14:37:39 - [MESSAGE][PASSED] - Text 'kachu' has been set to element 'Object Repository/Login Onboarding/onboardNameInputField'

2022-06-23 14:37:39 - [TEST_STEP][PASSED] - hideKeyboard(): Keyboard is hidden

2022-06-23 14:37:40 - [MESSAGE][PASSED] - Keyboard is hidden

2022-06-23 14:37:40 - [TEST_STEP][PASSED] - delay(2): Delayed 2 second(s)

2022-06-23 14:37:42 - [MESSAGE][PASSED] - Delayed 2 second(s)

2022-06-23 14:37:42 - [TEST_STEP][PASSED] - tap(findTestObject("Login Onboarding/loginExistingContinueBtn"), 0): Tapped on element 'Object Repository/Login Onboarding/loginExistingContinueBtn'

2022-06-23 14:37:42 - [MESSAGE][WARNING] - Timeout '0' is invalid. Using default page load timeout: '40'

2022-06-23 14:37:42 - [MESSAGE][PASSED] - Tapped on element 'Object Repository/Login Onboarding/loginExistingContinueBtn'

2022-06-23 14:37:42 - [TEST_STEP][PASSED] - delay(2): Delayed 2 second(s)

2022-06-23 14:37:44 - [MESSAGE][PASSED] - Delayed 2 second(s)

2022-06-23 14:37:44 - [TEST_STEP][PASSED] - driver = getDriver(): null

2022-06-23 14:37:44 - [TEST_STEP][PASSED] - tap(findTestObject("Login Onboarding/loginExistingContinueBtn"), 0): Tapped on element 'Object Repository/Login Onboarding/loginExistingContinueBtn'

2022-06-23 14:37:44 - [MESSAGE][WARNING] - Timeout '0' is invalid. Using default page load timeout: '40'

2022-06-23 14:37:45 - [MESSAGE][PASSED] - Tapped on element 'Object Repository/Login Onboarding/loginExistingContinueBtn'

2022-06-23 14:37:45 - [TEST_STEP][PASSED] - tap(findTestObject("Login Onboarding/onboardReferSkipBtn"), 0): Tapped on element 'Object Repository/Login Onboarding/onboardReferSkipBtn'

2022-06-23 14:37:45 - [MESSAGE][WARNING] - Timeout '0' is invalid. Using default page load timeout: '40'

2022-06-23 14:37:50 - [MESSAGE][PASSED] - Tapped on element 'Object Repository/Login Onboarding/onboardReferSkipBtn'

2022-06-23 14:37:50 - [TEST_STEP][PASSED] - delay(2): Delayed 2 second(s)

2022-06-23 14:37:52 - [MESSAGE][PASSED] - Delayed 2 second(s)

2022-06-23 14:37:52 - [TEST_STEP][PASSED] - takeScreenshot("/Users/a00139272/Desktop/Screenshot/Onboard.png"): Screenshot is taken

2022-06-23 14:37:54 - [MESSAGE][PASSED] - Screenshot is taken
[[ATTACHMENT|/Users/a00139272/Desktop/Screenshot/Onboard.png]]

2022-06-23 14:37:54 - [TEST_STEP][PASSED] - tap(findTestObject("Main/mainDoneBtn"), 0): Tapped on element 'Object Repository/Main/mainDoneBtn'

2022-06-23 14:37:54 - [MESSAGE][WARNING] - Timeout '0' is invalid. Using default page load timeout: '40'

2022-06-23 14:37:54 - [MESSAGE][PASSED] - Tapped on element 'Object Repository/Main/mainDoneBtn'

2022-06-23 14:37:54 - [TEST_STEP][PASSED] - delay(5): Delayed 5 second(s)

2022-06-23 14:37:59 - [MESSAGE][PASSED] - Delayed 5 second(s)]]></system-out>
         <system-err><![CDATA[]]></system-err>
      </testcase>
      <testcase name="Test Cases/Settings/settings_secure2uRegistration" time="89.714" classname="Test Cases/Settings/settings_secure2uRegistration" status="PASSED">
         <system-out><![CDATA[2022-06-23 14:37:59 - [TEST_CASE][PASSED] - Test Cases/Settings/settings_secure2uRegistration: Test Cases/Settings/settings_secure2uRegistration

2022-06-23 14:37:59 - [TEST_STEP][PASSED] - setMobileDriverPreferencesProperty("appPackage", "com.maybank2u.life.sit"): null

2022-06-23 14:37:59 - [TEST_STEP][PASSED] - setMobileDriverPreferencesProperty("appActivity", "com.maybank2u.life.MainActivity"): null

2022-06-23 14:37:59 - [TEST_STEP][PASSED] - startApplication(appPath, false): Started app at: '/Users/a00139272/Katalon Studio/MAE/androidapp/app-dev-universal-release (1).apk'

2022-06-23 14:37:59 - [MESSAGE][INFO] - User set preference: ['appWaitActivity', '*']

2022-06-23 14:37:59 - [MESSAGE][INFO] - User set preference: ['deviceId', '002b9cc60508']

2022-06-23 14:37:59 - [MESSAGE][INFO] - User set preference: ['appPackage', 'com.maybank2u.life.sit']

2022-06-23 14:37:59 - [MESSAGE][INFO] - User set preference: ['appActivity', 'com.maybank2u.life.MainActivity']

2022-06-23 14:38:08 - [MESSAGE][PASSED] - Started app at: '/Users/a00139272/Katalon Studio/MAE/androidapp/app-dev-universal-release (1).apk'

2022-06-23 14:38:08 - [TEST_STEP][PASSED] - delay(3): Delayed 3 second(s)

2022-06-23 14:38:11 - [MESSAGE][PASSED] - Delayed 3 second(s)

2022-06-23 14:38:11 - [TEST_STEP][PASSED] - device_Height = getDeviceHeight(): Current device physical height is 2167

2022-06-23 14:38:11 - [MESSAGE][PASSED] - Current device physical height is 2167

2022-06-23 14:38:11 - [TEST_STEP][PASSED] - device_Width = getDeviceWidth(): Current device physical width is 1080

2022-06-23 14:38:11 - [MESSAGE][PASSED] - Current device physical width is 1080

2022-06-23 14:38:11 - [TEST_STEP][PASSED] - startX = device_Width / 1.25: null

2022-06-23 14:38:11 - [TEST_STEP][PASSED] - startY = device_Height * 0.97: null

2022-06-23 14:38:11 - [TEST_STEP][PASSED] - tapAtPosition(startX, startY): Tapped at [864, 2,101]

2022-06-23 14:38:14 - [MESSAGE][PASSED] - Tapped at [864, 2,101]

2022-06-23 14:38:14 - [TEST_STEP][PASSED] - tap(findTestObject("Main/mainSettingsBtn"), 0): Tapped on element 'Object Repository/Main/mainSettingsBtn'

2022-06-23 14:38:14 - [MESSAGE][WARNING] - Timeout '0' is invalid. Using default page load timeout: '40'

2022-06-23 14:38:15 - [MESSAGE][PASSED] - Tapped on element 'Object Repository/Main/mainSettingsBtn'

2022-06-23 14:38:15 - [TEST_STEP][PASSED] - tap(findTestObject("Settings/settingsMaybank2UBtn"), 0): Tapped on element 'Object Repository/Settings/settingsMaybank2UBtn'

2022-06-23 14:38:15 - [MESSAGE][WARNING] - Timeout '0' is invalid. Using default page load timeout: '40'

2022-06-23 14:38:17 - [MESSAGE][PASSED] - Tapped on element 'Object Repository/Settings/settingsMaybank2UBtn'

2022-06-23 14:38:17 - [TEST_STEP][PASSED] - if (verifyElementVisible(findTestObject("Login Onboarding/loginEnterPasswordMessage"), 0, OPTIONAL)): null

2022-06-23 14:38:17 - [MESSAGE][WARNING] - Timeout '0' is invalid. Using default page load timeout: '40'

2022-06-23 14:38:22 - [MESSAGE][PASSED] - Element 'Object Repository/Login Onboarding/loginEnterPasswordMessage' is visible

2022-06-23 14:38:22 - [TEST_STEP][PASSED] - setText(findTestObject("Login Onboarding/loginPasswordInputField"), Password, 0): Text 'pass1234' has been set to element 'Object Repository/Login Onboarding/loginPasswordInputField'

2022-06-23 14:38:22 - [MESSAGE][WARNING] - Timeout '0' is invalid. Using default page load timeout: '40'

2022-06-23 14:38:23 - [MESSAGE][PASSED] - Text 'pass1234' has been set to element 'Object Repository/Login Onboarding/loginPasswordInputField'

2022-06-23 14:38:23 - [TEST_STEP][PASSED] - hideKeyboard(): Keyboard is hidden

2022-06-23 14:38:27 - [MESSAGE][PASSED] - Keyboard is hidden

2022-06-23 14:38:27 - [TEST_STEP][PASSED] - tap(findTestObject("Login Onboarding/loginExistingContinueBtn"), 0): Tapped on element 'Object Repository/Login Onboarding/loginExistingContinueBtn'

2022-06-23 14:38:27 - [MESSAGE][WARNING] - Timeout '0' is invalid. Using default page load timeout: '40'

2022-06-23 14:38:28 - [MESSAGE][PASSED] - Tapped on element 'Object Repository/Login Onboarding/loginExistingContinueBtn'

2022-06-23 14:38:28 - [TEST_STEP][PASSED] - delay(5): Delayed 5 second(s)

2022-06-23 14:38:33 - [MESSAGE][PASSED] - Delayed 5 second(s)

2022-06-23 14:38:33 - [TEST_STEP][PASSED] - verifyElementExist(findTestObject("Settings/settingS2UToggle"), 0): Element 'Object Repository/Settings/settingS2UToggle' is exist

2022-06-23 14:38:33 - [MESSAGE][WARNING] - Timeout '0' is invalid. Using default page load timeout: '40'

2022-06-23 14:38:48 - [MESSAGE][PASSED] - Element 'Object Repository/Settings/settingS2UToggle' is exist

2022-06-23 14:38:48 - [TEST_STEP][PASSED] - tap(findTestObject("Settings/settingS2UToggle"), 0): Tapped on element 'Object Repository/Settings/settingS2UToggle'

2022-06-23 14:38:48 - [MESSAGE][WARNING] - Timeout '0' is invalid. Using default page load timeout: '40'

2022-06-23 14:38:49 - [MESSAGE][PASSED] - Tapped on element 'Object Repository/Settings/settingS2UToggle'

2022-06-23 14:38:49 - [TEST_STEP][PASSED] - tap(findTestObject("Banking/s2UActivateNowBtn"), 0): Tapped on element 'Object Repository/Banking/s2UActivateNowBtn'

2022-06-23 14:38:49 - [MESSAGE][WARNING] - Timeout '0' is invalid. Using default page load timeout: '40'

2022-06-23 14:38:52 - [MESSAGE][PASSED] - Tapped on element 'Object Repository/Banking/s2UActivateNowBtn'

2022-06-23 14:38:52 - [TEST_STEP][PASSED] - tap(findTestObject("Banking/s2UConfirmBtn"), 0): Tapped on element 'Object Repository/Banking/s2UConfirmBtn'

2022-06-23 14:38:52 - [MESSAGE][WARNING] - Timeout '0' is invalid. Using default page load timeout: '40'

2022-06-23 14:38:54 - [MESSAGE][PASSED] - Tapped on element 'Object Repository/Banking/s2UConfirmBtn'

2022-06-23 14:38:54 - [TEST_STEP][PASSED] - OTP = getText(findTestObject("Login Onboarding/secureGetOTPTxt"), 0): Text of element 'Object Repository/Login Onboarding/secureGetOTPTxt' is: 'Your OTP no. is 755786'

2022-06-23 14:38:54 - [MESSAGE][WARNING] - Timeout '0' is invalid. Using default page load timeout: '40'

2022-06-23 14:38:58 - [MESSAGE][PASSED] - Text of element 'Object Repository/Login Onboarding/secureGetOTPTxt' is: 'Your OTP no. is 755786'

2022-06-23 14:38:58 - [TEST_STEP][PASSED] - for ([i = 16, i <= 21, (i++)]): null

2022-06-23 14:38:58 - [TEST_STEP][PASSED] - if (OTP[i] == "0"): null

2022-06-23 14:38:58 - [TEST_STEP][PASSED] - if (OTP[i] == "1"): null

2022-06-23 14:38:58 - [TEST_STEP][PASSED] - if (OTP[i] == "2"): null

2022-06-23 14:38:58 - [TEST_STEP][PASSED] - if (OTP[i] == "3"): null

2022-06-23 14:38:58 - [TEST_STEP][PASSED] - if (OTP[i] == "4"): null

2022-06-23 14:38:58 - [TEST_STEP][PASSED] - if (OTP[i] == "5"): null

2022-06-23 14:38:58 - [TEST_STEP][PASSED] - if (OTP[i] == "6"): null

2022-06-23 14:38:58 - [TEST_STEP][PASSED] - if (OTP[i] == "7"): Tapped on element 'Object Repository/Login Onboarding/PIN7'

2022-06-23 14:38:58 - [TEST_STEP][PASSED] - tap(findTestObject("Login Onboarding/PIN7"), 0): Tapped on element 'Object Repository/Login Onboarding/PIN7'

2022-06-23 14:38:58 - [MESSAGE][WARNING] - Timeout '0' is invalid. Using default page load timeout: '40'

2022-06-23 14:38:58 - [MESSAGE][PASSED] - Tapped on element 'Object Repository/Login Onboarding/PIN7'

2022-06-23 14:38:58 - [TEST_STEP][PASSED] - if (OTP[i] == "8"): null

2022-06-23 14:38:58 - [TEST_STEP][PASSED] - if (OTP[i] == "9"): null

2022-06-23 14:38:58 - [TEST_STEP][PASSED] - if (OTP[i] == "0"): null

2022-06-23 14:38:58 - [TEST_STEP][PASSED] - if (OTP[i] == "1"): null

2022-06-23 14:38:58 - [TEST_STEP][PASSED] - if (OTP[i] == "2"): null

2022-06-23 14:38:58 - [TEST_STEP][PASSED] - if (OTP[i] == "3"): null

2022-06-23 14:38:58 - [TEST_STEP][PASSED] - if (OTP[i] == "4"): null

2022-06-23 14:38:58 - [TEST_STEP][PASSED] - if (OTP[i] == "5"): Tapped on element 'Object Repository/Login Onboarding/PIN5'

2022-06-23 14:38:58 - [TEST_STEP][PASSED] - tap(findTestObject("Login Onboarding/PIN5"), 0): Tapped on element 'Object Repository/Login Onboarding/PIN5'

2022-06-23 14:38:58 - [MESSAGE][WARNING] - Timeout '0' is invalid. Using default page load timeout: '40'

2022-06-23 14:39:00 - [MESSAGE][PASSED] - Tapped on element 'Object Repository/Login Onboarding/PIN5'

2022-06-23 14:39:00 - [TEST_STEP][PASSED] - if (OTP[i] == "6"): null

2022-06-23 14:39:00 - [TEST_STEP][PASSED] - if (OTP[i] == "7"): null

2022-06-23 14:39:00 - [TEST_STEP][PASSED] - if (OTP[i] == "8"): null

2022-06-23 14:39:00 - [TEST_STEP][PASSED] - if (OTP[i] == "9"): null

2022-06-23 14:39:00 - [TEST_STEP][PASSED] - if (OTP[i] == "0"): null

2022-06-23 14:39:00 - [TEST_STEP][PASSED] - if (OTP[i] == "1"): null

2022-06-23 14:39:00 - [TEST_STEP][PASSED] - if (OTP[i] == "2"): null

2022-06-23 14:39:00 - [TEST_STEP][PASSED] - if (OTP[i] == "3"): null

2022-06-23 14:39:00 - [TEST_STEP][PASSED] - if (OTP[i] == "4"): null

2022-06-23 14:39:00 - [TEST_STEP][PASSED] - if (OTP[i] == "5"): Tapped on element 'Object Repository/Login Onboarding/PIN5'

2022-06-23 14:39:00 - [TEST_STEP][PASSED] - tap(findTestObject("Login Onboarding/PIN5"), 0): Tapped on element 'Object Repository/Login Onboarding/PIN5'

2022-06-23 14:39:00 - [MESSAGE][WARNING] - Timeout '0' is invalid. Using default page load timeout: '40'

2022-06-23 14:39:02 - [MESSAGE][PASSED] - Tapped on element 'Object Repository/Login Onboarding/PIN5'

2022-06-23 14:39:02 - [TEST_STEP][PASSED] - if (OTP[i] == "6"): null

2022-06-23 14:39:02 - [TEST_STEP][PASSED] - if (OTP[i] == "7"): null

2022-06-23 14:39:02 - [TEST_STEP][PASSED] - if (OTP[i] == "8"): null

2022-06-23 14:39:02 - [TEST_STEP][PASSED] - if (OTP[i] == "9"): null

2022-06-23 14:39:02 - [TEST_STEP][PASSED] - if (OTP[i] == "0"): null

2022-06-23 14:39:02 - [TEST_STEP][PASSED] - if (OTP[i] == "1"): null

2022-06-23 14:39:02 - [TEST_STEP][PASSED] - if (OTP[i] == "2"): null

2022-06-23 14:39:02 - [TEST_STEP][PASSED] - if (OTP[i] == "3"): null

2022-06-23 14:39:02 - [TEST_STEP][PASSED] - if (OTP[i] == "4"): null

2022-06-23 14:39:02 - [TEST_STEP][PASSED] - if (OTP[i] == "5"): null

2022-06-23 14:39:02 - [TEST_STEP][PASSED] - if (OTP[i] == "6"): null

2022-06-23 14:39:02 - [TEST_STEP][PASSED] - if (OTP[i] == "7"): Tapped on element 'Object Repository/Login Onboarding/PIN7'

2022-06-23 14:39:02 - [TEST_STEP][PASSED] - tap(findTestObject("Login Onboarding/PIN7"), 0): Tapped on element 'Object Repository/Login Onboarding/PIN7'

2022-06-23 14:39:02 - [MESSAGE][WARNING] - Timeout '0' is invalid. Using default page load timeout: '40'

2022-06-23 14:39:04 - [MESSAGE][PASSED] - Tapped on element 'Object Repository/Login Onboarding/PIN7'

2022-06-23 14:39:04 - [TEST_STEP][PASSED] - if (OTP[i] == "8"): null

2022-06-23 14:39:04 - [TEST_STEP][PASSED] - if (OTP[i] == "9"): null

2022-06-23 14:39:04 - [TEST_STEP][PASSED] - if (OTP[i] == "0"): null

2022-06-23 14:39:04 - [TEST_STEP][PASSED] - if (OTP[i] == "1"): null

2022-06-23 14:39:04 - [TEST_STEP][PASSED] - if (OTP[i] == "2"): null

2022-06-23 14:39:04 - [TEST_STEP][PASSED] - if (OTP[i] == "3"): null

2022-06-23 14:39:04 - [TEST_STEP][PASSED] - if (OTP[i] == "4"): null

2022-06-23 14:39:04 - [TEST_STEP][PASSED] - if (OTP[i] == "5"): null

2022-06-23 14:39:04 - [TEST_STEP][PASSED] - if (OTP[i] == "6"): null

2022-06-23 14:39:04 - [TEST_STEP][PASSED] - if (OTP[i] == "7"): null

2022-06-23 14:39:04 - [TEST_STEP][PASSED] - if (OTP[i] == "8"): Tapped on element 'Object Repository/Login Onboarding/PIN8'

2022-06-23 14:39:04 - [TEST_STEP][PASSED] - tap(findTestObject("Login Onboarding/PIN8"), 0): Tapped on element 'Object Repository/Login Onboarding/PIN8'

2022-06-23 14:39:04 - [MESSAGE][WARNING] - Timeout '0' is invalid. Using default page load timeout: '40'

2022-06-23 14:39:07 - [MESSAGE][PASSED] - Tapped on element 'Object Repository/Login Onboarding/PIN8'

2022-06-23 14:39:07 - [TEST_STEP][PASSED] - if (OTP[i] == "9"): null

2022-06-23 14:39:07 - [TEST_STEP][PASSED] - if (OTP[i] == "0"): null

2022-06-23 14:39:07 - [TEST_STEP][PASSED] - if (OTP[i] == "1"): null

2022-06-23 14:39:07 - [TEST_STEP][PASSED] - if (OTP[i] == "2"): null

2022-06-23 14:39:07 - [TEST_STEP][PASSED] - if (OTP[i] == "3"): null

2022-06-23 14:39:07 - [TEST_STEP][PASSED] - if (OTP[i] == "4"): null

2022-06-23 14:39:07 - [TEST_STEP][PASSED] - if (OTP[i] == "5"): null

2022-06-23 14:39:07 - [TEST_STEP][PASSED] - if (OTP[i] == "6"): Tapped on element 'Object Repository/Login Onboarding/PIN6'

2022-06-23 14:39:07 - [TEST_STEP][PASSED] - tap(findTestObject("Login Onboarding/PIN6"), 0): Tapped on element 'Object Repository/Login Onboarding/PIN6'

2022-06-23 14:39:07 - [MESSAGE][WARNING] - Timeout '0' is invalid. Using default page load timeout: '40'

2022-06-23 14:39:08 - [MESSAGE][PASSED] - Tapped on element 'Object Repository/Login Onboarding/PIN6'

2022-06-23 14:39:08 - [TEST_STEP][PASSED] - if (OTP[i] == "7"): null

2022-06-23 14:39:08 - [TEST_STEP][PASSED] - if (OTP[i] == "8"): null

2022-06-23 14:39:08 - [TEST_STEP][PASSED] - if (OTP[i] == "9"): null

2022-06-23 14:39:08 - [TEST_STEP][PASSED] - delay(3): Delayed 3 second(s)

2022-06-23 14:39:11 - [MESSAGE][PASSED] - Delayed 3 second(s)

2022-06-23 14:39:11 - [TEST_STEP][PASSED] - tap(findTestObject("Login Onboarding/TickOTP"), 0): Tapped on element 'Object Repository/Login Onboarding/TickOTP'

2022-06-23 14:39:12 - [MESSAGE][WARNING] - Timeout '0' is invalid. Using default page load timeout: '40'

2022-06-23 14:39:12 - [MESSAGE][PASSED] - Tapped on element 'Object Repository/Login Onboarding/TickOTP'

2022-06-23 14:39:12 - [TEST_STEP][PASSED] - setText(findTestObject("Banking/s2UIDNumberInputField"), S2U_ID, 0): Text '680912085142' has been set to element 'Object Repository/Banking/s2UIDNumberInputField'

2022-06-23 14:39:12 - [MESSAGE][WARNING] - Timeout '0' is invalid. Using default page load timeout: '40'

2022-06-23 14:39:18 - [MESSAGE][PASSED] - Text '680912085142' has been set to element 'Object Repository/Banking/s2UIDNumberInputField'

2022-06-23 14:39:18 - [TEST_STEP][PASSED] - hideKeyboard(): Keyboard is hidden

2022-06-23 14:39:20 - [MESSAGE][PASSED] - Keyboard is hidden

2022-06-23 14:39:20 - [TEST_STEP][PASSED] - tap(findTestObject("Login Onboarding/loginExistingContinueBtn"), 0): Tapped on element 'Object Repository/Login Onboarding/loginExistingContinueBtn'

2022-06-23 14:39:20 - [MESSAGE][WARNING] - Timeout '0' is invalid. Using default page load timeout: '40'

2022-06-23 14:39:20 - [MESSAGE][PASSED] - Tapped on element 'Object Repository/Login Onboarding/loginExistingContinueBtn'

2022-06-23 14:39:20 - [TEST_STEP][PASSED] - delay(3): Delayed 3 second(s)

2022-06-23 14:39:23 - [MESSAGE][PASSED] - Delayed 3 second(s)

2022-06-23 14:39:23 - [TEST_STEP][PASSED] - hideKeyboard(): Keyboard is hidden

2022-06-23 14:39:24 - [MESSAGE][PASSED] - Keyboard is hidden

2022-06-23 14:39:24 - [TEST_STEP][PASSED] - takeScreenshot("/Users/a00139272/Desktop/Screenshot/s2u.png"): Screenshot is taken

2022-06-23 14:39:24 - [MESSAGE][PASSED] - Screenshot is taken
[[ATTACHMENT|/Users/a00139272/Desktop/Screenshot/s2u.png]]

2022-06-23 14:39:24 - [TEST_STEP][PASSED] - tap(findTestObject("Login Onboarding/loginExistingContinueBtn"), 0): Tapped on element 'Object Repository/Login Onboarding/loginExistingContinueBtn'

2022-06-23 14:39:24 - [MESSAGE][WARNING] - Timeout '0' is invalid. Using default page load timeout: '40'

2022-06-23 14:39:26 - [MESSAGE][PASSED] - Tapped on element 'Object Repository/Login Onboarding/loginExistingContinueBtn'

2022-06-23 14:39:26 - [TEST_STEP][PASSED] - delay(3): Delayed 3 second(s)

2022-06-23 14:39:29 - [MESSAGE][PASSED] - Delayed 3 second(s)]]></system-out>
         <system-err><![CDATA[]]></system-err>
      </testcase>
      <testcase name="Test Cases/PayBill/payBills_todayTransaction" time="102.383" classname="Test Cases/PayBill/payBills_todayTransaction" status="PASSED">
         <system-out><![CDATA[2022-06-23 14:39:29 - [TEST_CASE][PASSED] - Test Cases/PayBill/payBills_todayTransaction: Test Cases/PayBill/payBills_todayTransaction

2022-06-23 14:39:29 - [TEST_STEP][PASSED] - delay(5): Delayed 5 second(s)

2022-06-23 14:39:34 - [MESSAGE][PASSED] - Delayed 5 second(s)

2022-06-23 14:39:34 - [TEST_STEP][PASSED] - device_Height = getDeviceHeight(): Current device physical height is 2167

2022-06-23 14:39:34 - [MESSAGE][PASSED] - Current device physical height is 2167

2022-06-23 14:39:34 - [TEST_STEP][PASSED] - device_Width = getDeviceWidth(): Current device physical width is 1080

2022-06-23 14:39:34 - [MESSAGE][PASSED] - Current device physical width is 1080

2022-06-23 14:39:34 - [TEST_STEP][PASSED] - startX = device_Width / 3: null

2022-06-23 14:39:34 - [TEST_STEP][PASSED] - startY = device_Height * 0.97: null

2022-06-23 14:39:34 - [TEST_STEP][PASSED] - tap(findTestObject("Banking/m2uAccountTypeSelection", ["text":accType]), 10): Tapped on element 'Object Repository/Banking/m2uAccountTypeSelection'

2022-06-23 14:39:46 - [MESSAGE][PASSED] - Tapped on element 'Object Repository/Banking/m2uAccountTypeSelection'

2022-06-23 14:39:46 - [TEST_STEP][PASSED] - tap(findTestObject("Banking/m2uAccountPayBillsIconSelect"), 0): Tapped on element 'Object Repository/Banking/m2uAccountPayBillsIconSelect'

2022-06-23 14:39:46 - [MESSAGE][WARNING] - Timeout '0' is invalid. Using default page load timeout: '40'

2022-06-23 14:39:50 - [MESSAGE][PASSED] - Tapped on element 'Object Repository/Banking/m2uAccountPayBillsIconSelect'

2022-06-23 14:39:50 - [TEST_STEP][PASSED] - verifyElementExist(findTestObject("Paybill/payBillsIconSelect"), 40): Element 'Object Repository/Paybill/payBillsIconSelect' is exist

2022-06-23 14:39:57 - [MESSAGE][PASSED] - Element 'Object Repository/Paybill/payBillsIconSelect' is exist

2022-06-23 14:39:57 - [TEST_STEP][PASSED] - tap(findTestObject("Paybill/payBillsIconSelect"), 0): Tapped on element 'Object Repository/Paybill/payBillsIconSelect'

2022-06-23 14:39:57 - [MESSAGE][WARNING] - Timeout '0' is invalid. Using default page load timeout: '40'

2022-06-23 14:39:57 - [MESSAGE][PASSED] - Tapped on element 'Object Repository/Paybill/payBillsIconSelect'

2022-06-23 14:39:57 - [TEST_STEP][PASSED] - tap(findTestObject("Paybill/payBillSearchBillerInputField"), 0): Tapped on element 'Object Repository/Paybill/payBillSearchBillerInputField'

2022-06-23 14:39:57 - [MESSAGE][WARNING] - Timeout '0' is invalid. Using default page load timeout: '40'

2022-06-23 14:40:03 - [MESSAGE][PASSED] - Tapped on element 'Object Repository/Paybill/payBillSearchBillerInputField'

2022-06-23 14:40:03 - [TEST_STEP][PASSED] - setText(findTestObject("Paybill/payBillBillerNameInputField"), payeeName, 0): Text '21st Century' has been set to element 'Object Repository/Paybill/payBillBillerNameInputField'

2022-06-23 14:40:03 - [MESSAGE][WARNING] - Timeout '0' is invalid. Using default page load timeout: '40'

2022-06-23 14:40:05 - [MESSAGE][PASSED] - Text '21st Century' has been set to element 'Object Repository/Paybill/payBillBillerNameInputField'

2022-06-23 14:40:05 - [TEST_STEP][PASSED] - delay(3): Delayed 3 second(s)

2022-06-23 14:40:08 - [MESSAGE][PASSED] - Delayed 3 second(s)

2022-06-23 14:40:08 - [TEST_STEP][PASSED] - tap(findTestObject("Paybill/payBillBillerSelect", ["payeeName":payeeName]), 10): Tapped on element 'Object Repository/Paybill/payBillBillerSelect'

2022-06-23 14:40:08 - [MESSAGE][PASSED] - Tapped on element 'Object Repository/Paybill/payBillBillerSelect'

2022-06-23 14:40:08 - [TEST_STEP][PASSED] - tap(findTestObject("Paybill/payBillBillerSelect", ["payeeName":payeeName]), 10): Tapped on element 'Object Repository/Paybill/payBillBillerSelect'

2022-06-23 14:40:09 - [MESSAGE][PASSED] - Tapped on element 'Object Repository/Paybill/payBillBillerSelect'

2022-06-23 14:40:09 - [TEST_STEP][PASSED] - delay(3): Delayed 3 second(s)

2022-06-23 14:40:12 - [MESSAGE][PASSED] - Delayed 3 second(s)

2022-06-23 14:40:12 - [TEST_STEP][PASSED] - verifyElementText(findTestObject("Paybill/payBillsAccountPayeeNameTxt", ["payee":payeeName]), payeeName): Actual text and expected text of test object 'Object Repository/Paybill/payBillsAccountPayeeNameTxt' are matched.

2022-06-23 14:40:12 - [MESSAGE][PASSED] - Actual text and expected text of test object 'Object Repository/Paybill/payBillsAccountPayeeNameTxt' are matched.

2022-06-23 14:40:12 - [TEST_STEP][PASSED] - verifyElementExist(findTestObject("Paybill/payBillsAccountNumberTitleTxt"), 0): Element 'Object Repository/Paybill/payBillsAccountNumberTitleTxt' is exist

2022-06-23 14:40:12 - [MESSAGE][WARNING] - Timeout '0' is invalid. Using default page load timeout: '40'

2022-06-23 14:40:12 - [MESSAGE][PASSED] - Element 'Object Repository/Paybill/payBillsAccountNumberTitleTxt' is exist

2022-06-23 14:40:12 - [TEST_STEP][PASSED] - setText(findTestObject("Paybill/PayBillAccountNumberInputField"), AccountNo, 0): Text '12299292' has been set to element 'Object Repository/Paybill/PayBillAccountNumberInputField'

2022-06-23 14:40:12 - [MESSAGE][WARNING] - Timeout '0' is invalid. Using default page load timeout: '40'

2022-06-23 14:40:13 - [MESSAGE][PASSED] - Text '12299292' has been set to element 'Object Repository/Paybill/PayBillAccountNumberInputField'

2022-06-23 14:40:13 - [TEST_STEP][PASSED] - hideKeyboard(): Keyboard is hidden

2022-06-23 14:40:15 - [MESSAGE][PASSED] - Keyboard is hidden

2022-06-23 14:40:15 - [TEST_STEP][PASSED] - verifyElementText(findTestObject("Paybill/payBillsAccountNumberInputtedTxt", ["AccountNo":AccountNo]), AccountNo): Actual text and expected text of test object 'Object Repository/Paybill/payBillsAccountNumberInputtedTxt' are matched.

2022-06-23 14:40:15 - [MESSAGE][PASSED] - Actual text and expected text of test object 'Object Repository/Paybill/payBillsAccountNumberInputtedTxt' are matched.

2022-06-23 14:40:15 - [TEST_STEP][PASSED] - tap(findTestObject("Login Onboarding/loginExistingContinueBtn"), 0): Tapped on element 'Object Repository/Login Onboarding/loginExistingContinueBtn'

2022-06-23 14:40:15 - [MESSAGE][WARNING] - Timeout '0' is invalid. Using default page load timeout: '40'

2022-06-23 14:40:15 - [MESSAGE][PASSED] - Tapped on element 'Object Repository/Login Onboarding/loginExistingContinueBtn'

2022-06-23 14:40:15 - [TEST_STEP][PASSED] - delay(3): Delayed 3 second(s)

2022-06-23 14:40:18 - [MESSAGE][PASSED] - Delayed 3 second(s)

2022-06-23 14:40:18 - [TEST_STEP][PASSED] - verifyElementText(findTestObject("Paybill/payBillsAmountPayeeNameTxt", ["payee":payeeName]), payeeName): Actual text and expected text of test object 'Object Repository/Paybill/payBillsAmountPayeeNameTxt' are matched.

2022-06-23 14:40:18 - [MESSAGE][PASSED] - Actual text and expected text of test object 'Object Repository/Paybill/payBillsAmountPayeeNameTxt' are matched.

2022-06-23 14:40:18 - [TEST_STEP][PASSED] - verifyElementText(findTestObject("Paybill/payBillsAmountPayeeAccountNoTxt", ["accNo":accNo]), accNo): Actual text and expected text of test object 'Object Repository/Paybill/payBillsAmountPayeeAccountNoTxt' are matched.

2022-06-23 14:40:19 - [MESSAGE][PASSED] - Actual text and expected text of test object 'Object Repository/Paybill/payBillsAmountPayeeAccountNoTxt' are matched.

2022-06-23 14:40:19 - [TEST_STEP][PASSED] - verifyElementExist(findTestObject("Paybill/payBillsAmountInitialTxt"), 0): Element 'Object Repository/Paybill/payBillsAmountInitialTxt' is exist

2022-06-23 14:40:19 - [MESSAGE][WARNING] - Timeout '0' is invalid. Using default page load timeout: '40'

2022-06-23 14:40:19 - [MESSAGE][PASSED] - Element 'Object Repository/Paybill/payBillsAmountInitialTxt' is exist

2022-06-23 14:40:19 - [TEST_STEP][PASSED] - verifyElementExist(findTestObject("Paybill/payBillsAmountCurrencyTxt"), 0): Element 'Object Repository/Paybill/payBillsAmountCurrencyTxt' is exist

2022-06-23 14:40:19 - [MESSAGE][WARNING] - Timeout '0' is invalid. Using default page load timeout: '40'

2022-06-23 14:40:19 - [MESSAGE][PASSED] - Element 'Object Repository/Paybill/payBillsAmountCurrencyTxt' is exist

2022-06-23 14:40:19 - [TEST_STEP][PASSED] - verifyElementExist(findTestObject("Paybill/payBillsAmountEnterTitleTxt"), 0): Element 'Object Repository/Paybill/payBillsAmountEnterTitleTxt' is exist

2022-06-23 14:40:19 - [MESSAGE][WARNING] - Timeout '0' is invalid. Using default page load timeout: '40'

2022-06-23 14:40:19 - [MESSAGE][PASSED] - Element 'Object Repository/Paybill/payBillsAmountEnterTitleTxt' is exist

2022-06-23 14:40:19 - [TEST_STEP][PASSED] - tap(findTestObject("Login Onboarding/PIN5"), 0): Tapped on element 'Object Repository/Login Onboarding/PIN5'

2022-06-23 14:40:19 - [MESSAGE][WARNING] - Timeout '0' is invalid. Using default page load timeout: '40'

2022-06-23 14:40:19 - [MESSAGE][PASSED] - Tapped on element 'Object Repository/Login Onboarding/PIN5'

2022-06-23 14:40:19 - [TEST_STEP][PASSED] - tap(findTestObject("Login Onboarding/PIN0"), 0): Tapped on element 'Object Repository/Login Onboarding/PIN0'

2022-06-23 14:40:19 - [MESSAGE][WARNING] - Timeout '0' is invalid. Using default page load timeout: '40'

2022-06-23 14:40:20 - [MESSAGE][PASSED] - Tapped on element 'Object Repository/Login Onboarding/PIN0'

2022-06-23 14:40:20 - [TEST_STEP][PASSED] - tap(findTestObject("Login Onboarding/PIN0"), 0): Tapped on element 'Object Repository/Login Onboarding/PIN0'

2022-06-23 14:40:20 - [MESSAGE][WARNING] - Timeout '0' is invalid. Using default page load timeout: '40'

2022-06-23 14:40:20 - [MESSAGE][PASSED] - Tapped on element 'Object Repository/Login Onboarding/PIN0'

2022-06-23 14:40:20 - [TEST_STEP][PASSED] - tap(findTestObject("Login Onboarding/PIN0"), 0): Tapped on element 'Object Repository/Login Onboarding/PIN0'

2022-06-23 14:40:20 - [MESSAGE][WARNING] - Timeout '0' is invalid. Using default page load timeout: '40'

2022-06-23 14:40:20 - [MESSAGE][PASSED] - Tapped on element 'Object Repository/Login Onboarding/PIN0'

2022-06-23 14:40:20 - [TEST_STEP][PASSED] - delay(3): Delayed 3 second(s)

2022-06-23 14:40:23 - [MESSAGE][PASSED] - Delayed 3 second(s)

2022-06-23 14:40:23 - [TEST_STEP][PASSED] - verifyElementText(findTestObject("Paybill/payBillsAmountInputtedTxt", ["value":values]), values): Actual text and expected text of test object 'Object Repository/Paybill/payBillsAmountInputtedTxt' are matched.

2022-06-23 14:40:23 - [MESSAGE][PASSED] - Actual text and expected text of test object 'Object Repository/Paybill/payBillsAmountInputtedTxt' are matched.

2022-06-23 14:40:23 - [TEST_STEP][PASSED] - tap(findTestObject("Main/mainAmountTickBtn"), 0): Tapped on element 'Object Repository/Main/mainAmountTickBtn'

2022-06-23 14:40:23 - [MESSAGE][WARNING] - Timeout '0' is invalid. Using default page load timeout: '40'

2022-06-23 14:40:24 - [MESSAGE][PASSED] - Tapped on element 'Object Repository/Main/mainAmountTickBtn'

2022-06-23 14:40:24 - [TEST_STEP][PASSED] - delay(5): Delayed 5 second(s)

2022-06-23 14:40:29 - [MESSAGE][PASSED] - Delayed 5 second(s)

2022-06-23 14:40:29 - [TEST_STEP][PASSED] - verifyElementText(findTestObject("Paybill/payBillsConfirmPayeeNameTxt", ["payeeName":payeeName]), payeeName): Actual text and expected text of test object 'Object Repository/Paybill/payBillsConfirmPayeeNameTxt' are matched.

2022-06-23 14:40:29 - [MESSAGE][PASSED] - Actual text and expected text of test object 'Object Repository/Paybill/payBillsConfirmPayeeNameTxt' are matched.

2022-06-23 14:40:29 - [TEST_STEP][PASSED] - verifyElementText(findTestObject("Paybill/payBillsConfirmPayeeAccountNoTxt", ["accNo":accNo]), accNo): Actual text and expected text of test object 'Object Repository/Paybill/payBillsConfirmPayeeAccountNoTxt' are matched.

2022-06-23 14:40:29 - [MESSAGE][PASSED] - Actual text and expected text of test object 'Object Repository/Paybill/payBillsConfirmPayeeAccountNoTxt' are matched.

2022-06-23 14:40:29 - [TEST_STEP][PASSED] - verifyElementText(findTestObject("Paybill/payBillsConfirmAmountTxt", ["amount":amount]), amount): Actual text and expected text of test object 'Object Repository/Paybill/payBillsConfirmAmountTxt' are matched.

2022-06-23 14:40:29 - [MESSAGE][PASSED] - Actual text and expected text of test object 'Object Repository/Paybill/payBillsConfirmAmountTxt' are matched.

2022-06-23 14:40:29 - [TEST_STEP][PASSED] - verifyElementExist(findTestObject("Paybill/payBillsConfirmDateTitleTxt"), 0): Element 'Object Repository/Paybill/payBillsConfirmDateTitleTxt' is exist

2022-06-23 14:40:29 - [MESSAGE][WARNING] - Timeout '0' is invalid. Using default page load timeout: '40'

2022-06-23 14:40:29 - [MESSAGE][PASSED] - Element 'Object Repository/Paybill/payBillsConfirmDateTitleTxt' is exist

2022-06-23 14:40:29 - [TEST_STEP][PASSED] - verifyElementText(findTestObject("Paybill/payBillsConfirmDateTxt", ["trxDate":trxDate]), trxDate): Actual text and expected text of test object 'Object Repository/Paybill/payBillsConfirmDateTxt' are matched.

2022-06-23 14:40:29 - [MESSAGE][PASSED] - Actual text and expected text of test object 'Object Repository/Paybill/payBillsConfirmDateTxt' are matched.

2022-06-23 14:40:29 - [TEST_STEP][PASSED] - verifyElementExist(findTestObject("Paybill/payBillsConfirmPayFromTxt"), 0): Element 'Object Repository/Paybill/payBillsConfirmPayFromTxt' is exist

2022-06-23 14:40:29 - [MESSAGE][WARNING] - Timeout '0' is invalid. Using default page load timeout: '40'

2022-06-23 14:40:30 - [MESSAGE][PASSED] - Element 'Object Repository/Paybill/payBillsConfirmPayFromTxt' is exist

2022-06-23 14:40:30 - [TEST_STEP][PASSED] - verifyElementText(findTestObject("Transfer/transferConfirmationFromAccTypeTxt", ["accType":accType]), accType): Actual text and expected text of test object 'Object Repository/Transfer/transferConfirmationFromAccTypeTxt' are matched.

2022-06-23 14:40:30 - [MESSAGE][PASSED] - Actual text and expected text of test object 'Object Repository/Transfer/transferConfirmationFromAccTypeTxt' are matched.

2022-06-23 14:40:30 - [TEST_STEP][PASSED] - verifyElementText(findTestObject("Transfer/transferConfirmationFromAccNoTxt", ["accNoFrom":accNoFrom]), accNoFrom): Actual text and expected text of test object 'Object Repository/Transfer/transferConfirmationFromAccNoTxt' are matched.

2022-06-23 14:40:31 - [MESSAGE][PASSED] - Actual text and expected text of test object 'Object Repository/Transfer/transferConfirmationFromAccNoTxt' are matched.

2022-06-23 14:40:31 - [TEST_STEP][PASSED] - verifyElementExist(findTestObject("Transfer/transferConfirmationFromAccBalanceTxt"), 0): Element 'Object Repository/Transfer/transferConfirmationFromAccBalanceTxt' is exist

2022-06-23 14:40:31 - [MESSAGE][WARNING] - Timeout '0' is invalid. Using default page load timeout: '40'

2022-06-23 14:40:31 - [MESSAGE][PASSED] - Element 'Object Repository/Transfer/transferConfirmationFromAccBalanceTxt' is exist

2022-06-23 14:40:31 - [TEST_STEP][PASSED] - accountBalance = getText(findTestObject("Transfer/transferConfirmationFromAccBalanceTxt"), 0): Text of element 'Object Repository/Transfer/transferConfirmationFromAccBalanceTxt' is: 'RM 2,402.04'

2022-06-23 14:40:31 - [MESSAGE][WARNING] - Timeout '0' is invalid. Using default page load timeout: '40'

2022-06-23 14:40:31 - [MESSAGE][PASSED] - Text of element 'Object Repository/Transfer/transferConfirmationFromAccBalanceTxt' is: 'RM 2,402.04'

2022-06-23 14:40:31 - [TEST_STEP][PASSED] - println(accountBalance): null

2022-06-23 14:40:31 - [TEST_STEP][PASSED] - waitForElementPresent(findTestObject("Main/mainPayNowBtn"), 5): Element 'Object Repository/Main/mainPayNowBtn' is present

2022-06-23 14:40:31 - [MESSAGE][PASSED] - Element 'Object Repository/Main/mainPayNowBtn' is present

2022-06-23 14:40:31 - [TEST_STEP][PASSED] - tap(findTestObject("Main/mainPayNowBtn"), 0): Tapped on element 'Object Repository/Main/mainPayNowBtn'

2022-06-23 14:40:31 - [MESSAGE][WARNING] - Timeout '0' is invalid. Using default page load timeout: '40'

2022-06-23 14:40:32 - [MESSAGE][PASSED] - Tapped on element 'Object Repository/Main/mainPayNowBtn'

2022-06-23 14:40:32 - [TEST_STEP][PASSED] - if (verifyElementVisible(findTestObject("Festive Season/festiveReturnAngpaoTACNoTxt"), 10, OPTIONAL)): Element 'Object Repository/Festive Season/festiveReturnAngpaoTACNoTxt' not found

2022-06-23 14:40:42 - [MESSAGE][WARNING] - Element 'Object Repository/Festive Season/festiveReturnAngpaoTACNoTxt' not found

2022-06-23 14:40:42 - [TEST_STEP][PASSED] - else: Tapped on element 'Object Repository/Main/mainS2UApproveBtn'

2022-06-23 14:40:42 - [TEST_STEP][PASSED] - delay(5): Delayed 5 second(s)

2022-06-23 14:40:47 - [MESSAGE][PASSED] - Delayed 5 second(s)

2022-06-23 14:40:47 - [TEST_STEP][PASSED] - verifyElementVisible(findTestObject("Main/mainS2UApproveBtn"), 10): Element 'Object Repository/Main/mainS2UApproveBtn' is visible

2022-06-23 14:40:47 - [MESSAGE][PASSED] - Element 'Object Repository/Main/mainS2UApproveBtn' is visible

2022-06-23 14:40:47 - [TEST_STEP][PASSED] - tap(findTestObject("Main/mainS2UApproveBtn"), 0): Tapped on element 'Object Repository/Main/mainS2UApproveBtn'

2022-06-23 14:40:47 - [MESSAGE][WARNING] - Timeout '0' is invalid. Using default page load timeout: '40'

2022-06-23 14:40:47 - [MESSAGE][PASSED] - Tapped on element 'Object Repository/Main/mainS2UApproveBtn'

2022-06-23 14:40:47 - [TEST_STEP][PASSED] - verifyElementExist(findTestObject("Festive Season/returnAngpaoStatusMessageTxt"), 0): Element 'Object Repository/Festive Season/returnAngpaoStatusMessageTxt' is exist

2022-06-23 14:40:47 - [MESSAGE][WARNING] - Timeout '0' is invalid. Using default page load timeout: '40'

2022-06-23 14:40:52 - [MESSAGE][PASSED] - Element 'Object Repository/Festive Season/returnAngpaoStatusMessageTxt' is exist

2022-06-23 14:40:52 - [TEST_STEP][PASSED] - message = getText(findTestObject("Festive Season/returnAngpaoStatusMessageTxt"), 10): Text of element 'Object Repository/Festive Season/returnAngpaoStatusMessageTxt' is: 'Payment successful'

2022-06-23 14:40:53 - [MESSAGE][PASSED] - Text of element 'Object Repository/Festive Season/returnAngpaoStatusMessageTxt' is: 'Payment successful'

2022-06-23 14:40:53 - [TEST_STEP][PASSED] - println(message): null

2022-06-23 14:40:53 - [TEST_STEP][PASSED] - assert message == successTransactionMessage: null

2022-06-23 14:40:53 - [TEST_STEP][PASSED] - delay(5): Delayed 5 second(s)

2022-06-23 14:40:58 - [MESSAGE][PASSED] - Delayed 5 second(s)

2022-06-23 14:40:58 - [TEST_STEP][PASSED] - verifyElementExist(findTestObject("Paybill/payBillsSummaryDateTimeTitleTxt"), 0): Element 'Object Repository/Paybill/payBillsSummaryDateTimeTitleTxt' is exist

2022-06-23 14:40:58 - [MESSAGE][WARNING] - Timeout '0' is invalid. Using default page load timeout: '40'

2022-06-23 14:40:58 - [MESSAGE][PASSED] - Element 'Object Repository/Paybill/payBillsSummaryDateTimeTitleTxt' is exist

2022-06-23 14:40:58 - [TEST_STEP][PASSED] - verifyElementExist(findTestObject("Duit Now/duitNowSummaryRefernceIDTitleTxt"), 0): Element 'Object Repository/Duit Now/duitNowSummaryRefernceIDTitleTxt' is exist

2022-06-23 14:40:58 - [MESSAGE][WARNING] - Timeout '0' is invalid. Using default page load timeout: '40'

2022-06-23 14:40:58 - [MESSAGE][PASSED] - Element 'Object Repository/Duit Now/duitNowSummaryRefernceIDTitleTxt' is exist

2022-06-23 14:40:58 - [TEST_STEP][PASSED] - verifyElementExist(findTestObject("Transfer/transferSummaryShareReceiptBtn"), 0): Element 'Object Repository/Transfer/transferSummaryShareReceiptBtn' is exist

2022-06-23 14:40:58 - [MESSAGE][WARNING] - Timeout '0' is invalid. Using default page load timeout: '40'

2022-06-23 14:40:58 - [MESSAGE][PASSED] - Element 'Object Repository/Transfer/transferSummaryShareReceiptBtn' is exist

2022-06-23 14:40:58 - [TEST_STEP][PASSED] - delay(5): Delayed 5 second(s)

2022-06-23 14:41:03 - [MESSAGE][PASSED] - Delayed 5 second(s)

2022-06-23 14:41:03 - [TEST_STEP][PASSED] - referenceID = getText(findTestObject("Send Request Money/requestMoneyPaySummaryRefIDTxt"), 0): Text of element 'Object Repository/Send Request Money/requestMoneyPaySummaryRefIDTxt' is: 'Reference ID'

2022-06-23 14:41:03 - [MESSAGE][WARNING] - Timeout '0' is invalid. Using default page load timeout: '40'

2022-06-23 14:41:03 - [MESSAGE][PASSED] - Text of element 'Object Repository/Send Request Money/requestMoneyPaySummaryRefIDTxt' is: 'Reference ID'

2022-06-23 14:41:03 - [TEST_STEP][PASSED] - println(referenceID): null

2022-06-23 14:41:03 - [TEST_STEP][PASSED] - test = dataFolder: null

2022-06-23 14:41:03 - [TEST_STEP][PASSED] - sheetName = "Sheet1": null

2022-06-23 14:41:03 - [TEST_STEP][PASSED] - file1 = new java.io.File(test): null

2022-06-23 14:41:03 - [TEST_STEP][PASSED] - assert file1.exists() == true: null

2022-06-23 14:41:03 - [TEST_STEP][PASSED] - woorkbook1 = getWorkbook(test): null

2022-06-23 14:41:04 - [TEST_STEP][PASSED] - sheet1 = getExcelSheet(woorkbook1, sheetName): null

2022-06-23 14:41:04 - [TEST_STEP][PASSED] - setValueToCellByIndex(sheet1, 4, 1, referenceID): null

2022-06-23 14:41:04 - [TEST_STEP][PASSED] - saveWorkbook(test, woorkbook1): null

2022-06-23 14:41:04 - [TEST_STEP][PASSED] - delay(3): Delayed 3 second(s)

2022-06-23 14:41:07 - [MESSAGE][PASSED] - Delayed 3 second(s)

2022-06-23 14:41:07 - [TEST_STEP][PASSED] - verifyElementVisible(findTestObject("Object Repository/Transfer/transferSummaryShareReceiptBtn"), 0): Element 'Object Repository/Transfer/transferSummaryShareReceiptBtn' is visible

2022-06-23 14:41:07 - [MESSAGE][WARNING] - Timeout '0' is invalid. Using default page load timeout: '40'

2022-06-23 14:41:07 - [MESSAGE][PASSED] - Element 'Object Repository/Transfer/transferSummaryShareReceiptBtn' is visible

2022-06-23 14:41:07 - [TEST_STEP][PASSED] - verifyElementVisible(findTestObject("Main/mainDoneBtn"), 0): Element 'Object Repository/Main/mainDoneBtn' is visible

2022-06-23 14:41:07 - [MESSAGE][WARNING] - Timeout '0' is invalid. Using default page load timeout: '40'

2022-06-23 14:41:07 - [MESSAGE][PASSED] - Element 'Object Repository/Main/mainDoneBtn' is visible

2022-06-23 14:41:07 - [TEST_STEP][PASSED] - takeScreenshot("/Users/a00139272/Desktop/Screenshot/payBillsInstant.png"): Screenshot is taken

2022-06-23 14:41:08 - [MESSAGE][PASSED] - Screenshot is taken
[[ATTACHMENT|/Users/a00139272/Desktop/Screenshot/payBillsInstant.png]]

2022-06-23 14:41:08 - [TEST_STEP][PASSED] - tap(findTestObject("Main/mainDoneBtn"), 0): Tapped on element 'Object Repository/Main/mainDoneBtn'

2022-06-23 14:41:08 - [MESSAGE][WARNING] - Timeout '0' is invalid. Using default page load timeout: '40'

2022-06-23 14:41:08 - [MESSAGE][PASSED] - Tapped on element 'Object Repository/Main/mainDoneBtn'

2022-06-23 14:41:08 - [TEST_STEP][PASSED] - delay(3): Delayed 3 second(s)

2022-06-23 14:41:11 - [MESSAGE][PASSED] - Delayed 3 second(s)]]></system-out>
         <system-err><![CDATA[]]></system-err>
      </testcase>
      <testcase name="Test Cases/PayBill/payBills_scheduleTransaction" time="134.877" classname="Test Cases/PayBill/payBills_scheduleTransaction" status="PASSED">
         <system-out><![CDATA[2022-06-23 14:41:11 - [TEST_CASE][PASSED] - Test Cases/PayBill/payBills_scheduleTransaction: Test Cases/PayBill/payBills_scheduleTransaction

2022-06-23 14:41:11 - [TEST_STEP][PASSED] - device_Height = getDeviceHeight(): Current device physical height is 2167

2022-06-23 14:41:11 - [MESSAGE][PASSED] - Current device physical height is 2167

2022-06-23 14:41:11 - [TEST_STEP][PASSED] - device_Width = getDeviceWidth(): Current device physical width is 1080

2022-06-23 14:41:11 - [MESSAGE][PASSED] - Current device physical width is 1080

2022-06-23 14:41:11 - [TEST_STEP][PASSED] - startX = device_Width / 3: null

2022-06-23 14:41:11 - [TEST_STEP][PASSED] - startY = device_Height * 0.97: null

2022-06-23 14:41:11 - [TEST_STEP][PASSED] - tap(findTestObject("Banking/m2uAccountPayBillsIconSelect"), 0): Tapped on element 'Object Repository/Banking/m2uAccountPayBillsIconSelect'

2022-06-23 14:41:11 - [MESSAGE][WARNING] - Timeout '0' is invalid. Using default page load timeout: '40'

2022-06-23 14:41:12 - [MESSAGE][PASSED] - Tapped on element 'Object Repository/Banking/m2uAccountPayBillsIconSelect'

2022-06-23 14:41:12 - [TEST_STEP][PASSED] - waitForElementPresent(findTestObject("Paybill/payBillsIconSelect"), 0): Element 'Object Repository/Paybill/payBillsIconSelect' is present

2022-06-23 14:41:12 - [MESSAGE][WARNING] - Timeout '0' is invalid. Using default page load timeout: '40'

2022-06-23 14:41:20 - [MESSAGE][PASSED] - Element 'Object Repository/Paybill/payBillsIconSelect' is present

2022-06-23 14:41:20 - [TEST_STEP][PASSED] - tap(findTestObject("Paybill/payBillsIconSelect"), 0): Tapped on element 'Object Repository/Paybill/payBillsIconSelect'

2022-06-23 14:41:20 - [MESSAGE][WARNING] - Timeout '0' is invalid. Using default page load timeout: '40'

2022-06-23 14:41:20 - [MESSAGE][PASSED] - Tapped on element 'Object Repository/Paybill/payBillsIconSelect'

2022-06-23 14:41:20 - [TEST_STEP][PASSED] - tap(findTestObject("Paybill/payBillSearchBillerInputField"), 0): Tapped on element 'Object Repository/Paybill/payBillSearchBillerInputField'

2022-06-23 14:41:20 - [MESSAGE][WARNING] - Timeout '0' is invalid. Using default page load timeout: '40'

2022-06-23 14:41:24 - [MESSAGE][PASSED] - Tapped on element 'Object Repository/Paybill/payBillSearchBillerInputField'

2022-06-23 14:41:24 - [TEST_STEP][PASSED] - setText(findTestObject("Paybill/payBillBillerNameInputField"), payeeName, 0): Text '21st Century' has been set to element 'Object Repository/Paybill/payBillBillerNameInputField'

2022-06-23 14:41:24 - [MESSAGE][WARNING] - Timeout '0' is invalid. Using default page load timeout: '40'

2022-06-23 14:41:26 - [MESSAGE][PASSED] - Text '21st Century' has been set to element 'Object Repository/Paybill/payBillBillerNameInputField'

2022-06-23 14:41:26 - [TEST_STEP][PASSED] - delay(3): Delayed 3 second(s)

2022-06-23 14:41:29 - [MESSAGE][PASSED] - Delayed 3 second(s)

2022-06-23 14:41:29 - [TEST_STEP][PASSED] - tap(findTestObject("Paybill/payBillBillerSelect", ["payeeName":payeeName]), 10): Tapped on element 'Object Repository/Paybill/payBillBillerSelect'

2022-06-23 14:41:29 - [MESSAGE][PASSED] - Tapped on element 'Object Repository/Paybill/payBillBillerSelect'

2022-06-23 14:41:29 - [TEST_STEP][PASSED] - tap(findTestObject("Paybill/payBillBillerSelect", ["payeeName":payeeName]), 10): Tapped on element 'Object Repository/Paybill/payBillBillerSelect'

2022-06-23 14:41:30 - [MESSAGE][PASSED] - Tapped on element 'Object Repository/Paybill/payBillBillerSelect'

2022-06-23 14:41:30 - [TEST_STEP][PASSED] - delay(3): Delayed 3 second(s)

2022-06-23 14:41:33 - [MESSAGE][PASSED] - Delayed 3 second(s)

2022-06-23 14:41:33 - [TEST_STEP][PASSED] - verifyElementText(findTestObject("Paybill/payBillsAccountPayeeNameTxt", ["payee":payeeName]), payeeName): Actual text and expected text of test object 'Object Repository/Paybill/payBillsAccountPayeeNameTxt' are matched.

2022-06-23 14:41:33 - [MESSAGE][PASSED] - Actual text and expected text of test object 'Object Repository/Paybill/payBillsAccountPayeeNameTxt' are matched.

2022-06-23 14:41:33 - [TEST_STEP][PASSED] - verifyElementExist(findTestObject("Paybill/payBillsAccountNumberTitleTxt"), 0): Element 'Object Repository/Paybill/payBillsAccountNumberTitleTxt' is exist

2022-06-23 14:41:33 - [MESSAGE][WARNING] - Timeout '0' is invalid. Using default page load timeout: '40'

2022-06-23 14:41:33 - [MESSAGE][PASSED] - Element 'Object Repository/Paybill/payBillsAccountNumberTitleTxt' is exist

2022-06-23 14:41:33 - [TEST_STEP][PASSED] - setText(findTestObject("Paybill/PayBillAccountNumberInputField"), AccountNo, 0): Text '12299292' has been set to element 'Object Repository/Paybill/PayBillAccountNumberInputField'

2022-06-23 14:41:33 - [MESSAGE][WARNING] - Timeout '0' is invalid. Using default page load timeout: '40'

2022-06-23 14:41:34 - [MESSAGE][PASSED] - Text '12299292' has been set to element 'Object Repository/Paybill/PayBillAccountNumberInputField'

2022-06-23 14:41:34 - [TEST_STEP][PASSED] - hideKeyboard(): Keyboard is hidden

2022-06-23 14:41:36 - [MESSAGE][PASSED] - Keyboard is hidden

2022-06-23 14:41:36 - [TEST_STEP][PASSED] - verifyElementText(findTestObject("Paybill/payBillsAccountNumberInputtedTxt", ["AccountNo":AccountNo]), AccountNo): Actual text and expected text of test object 'Object Repository/Paybill/payBillsAccountNumberInputtedTxt' are matched.

2022-06-23 14:41:36 - [MESSAGE][PASSED] - Actual text and expected text of test object 'Object Repository/Paybill/payBillsAccountNumberInputtedTxt' are matched.

2022-06-23 14:41:36 - [TEST_STEP][PASSED] - tap(findTestObject("Login Onboarding/loginExistingContinueBtn"), 0): Tapped on element 'Object Repository/Login Onboarding/loginExistingContinueBtn'

2022-06-23 14:41:36 - [MESSAGE][WARNING] - Timeout '0' is invalid. Using default page load timeout: '40'

2022-06-23 14:41:36 - [MESSAGE][PASSED] - Tapped on element 'Object Repository/Login Onboarding/loginExistingContinueBtn'

2022-06-23 14:41:36 - [TEST_STEP][PASSED] - delay(3): Delayed 3 second(s)

2022-06-23 14:41:39 - [MESSAGE][PASSED] - Delayed 3 second(s)

2022-06-23 14:41:39 - [TEST_STEP][PASSED] - verifyElementText(findTestObject("Paybill/payBillsAmountPayeeNameTxt", ["payee":payeeName]), payeeName): Actual text and expected text of test object 'Object Repository/Paybill/payBillsAmountPayeeNameTxt' are matched.

2022-06-23 14:41:40 - [MESSAGE][PASSED] - Actual text and expected text of test object 'Object Repository/Paybill/payBillsAmountPayeeNameTxt' are matched.

2022-06-23 14:41:40 - [TEST_STEP][PASSED] - verifyElementText(findTestObject("Paybill/payBillsAmountPayeeAccountNoTxt", ["accNo":accNo]), accNo): Actual text and expected text of test object 'Object Repository/Paybill/payBillsAmountPayeeAccountNoTxt' are matched.

2022-06-23 14:41:40 - [MESSAGE][PASSED] - Actual text and expected text of test object 'Object Repository/Paybill/payBillsAmountPayeeAccountNoTxt' are matched.

2022-06-23 14:41:40 - [TEST_STEP][PASSED] - verifyElementExist(findTestObject("Paybill/payBillsAmountInitialTxt"), 0): Element 'Object Repository/Paybill/payBillsAmountInitialTxt' is exist

2022-06-23 14:41:40 - [MESSAGE][WARNING] - Timeout '0' is invalid. Using default page load timeout: '40'

2022-06-23 14:41:40 - [MESSAGE][PASSED] - Element 'Object Repository/Paybill/payBillsAmountInitialTxt' is exist

2022-06-23 14:41:40 - [TEST_STEP][PASSED] - verifyElementExist(findTestObject("Paybill/payBillsAmountCurrencyTxt"), 0): Element 'Object Repository/Paybill/payBillsAmountCurrencyTxt' is exist

2022-06-23 14:41:40 - [MESSAGE][WARNING] - Timeout '0' is invalid. Using default page load timeout: '40'

2022-06-23 14:41:40 - [MESSAGE][PASSED] - Element 'Object Repository/Paybill/payBillsAmountCurrencyTxt' is exist

2022-06-23 14:41:40 - [TEST_STEP][PASSED] - verifyElementExist(findTestObject("Paybill/payBillsAmountEnterTitleTxt"), 0): Element 'Object Repository/Paybill/payBillsAmountEnterTitleTxt' is exist

2022-06-23 14:41:40 - [MESSAGE][WARNING] - Timeout '0' is invalid. Using default page load timeout: '40'

2022-06-23 14:41:41 - [MESSAGE][PASSED] - Element 'Object Repository/Paybill/payBillsAmountEnterTitleTxt' is exist

2022-06-23 14:41:41 - [TEST_STEP][PASSED] - tap(findTestObject("Login Onboarding/PIN5"), 0): Tapped on element 'Object Repository/Login Onboarding/PIN5'

2022-06-23 14:41:41 - [MESSAGE][WARNING] - Timeout '0' is invalid. Using default page load timeout: '40'

2022-06-23 14:41:41 - [MESSAGE][PASSED] - Tapped on element 'Object Repository/Login Onboarding/PIN5'

2022-06-23 14:41:41 - [TEST_STEP][PASSED] - tap(findTestObject("Login Onboarding/PIN0"), 0): Tapped on element 'Object Repository/Login Onboarding/PIN0'

2022-06-23 14:41:41 - [MESSAGE][WARNING] - Timeout '0' is invalid. Using default page load timeout: '40'

2022-06-23 14:41:41 - [MESSAGE][PASSED] - Tapped on element 'Object Repository/Login Onboarding/PIN0'

2022-06-23 14:41:41 - [TEST_STEP][PASSED] - tap(findTestObject("Login Onboarding/PIN0"), 0): Tapped on element 'Object Repository/Login Onboarding/PIN0'

2022-06-23 14:41:41 - [MESSAGE][WARNING] - Timeout '0' is invalid. Using default page load timeout: '40'

2022-06-23 14:41:41 - [MESSAGE][PASSED] - Tapped on element 'Object Repository/Login Onboarding/PIN0'

2022-06-23 14:41:41 - [TEST_STEP][PASSED] - tap(findTestObject("Login Onboarding/PIN0"), 0): Tapped on element 'Object Repository/Login Onboarding/PIN0'

2022-06-23 14:41:41 - [MESSAGE][WARNING] - Timeout '0' is invalid. Using default page load timeout: '40'

2022-06-23 14:41:42 - [MESSAGE][PASSED] - Tapped on element 'Object Repository/Login Onboarding/PIN0'

2022-06-23 14:41:42 - [TEST_STEP][PASSED] - delay(3): Delayed 3 second(s)

2022-06-23 14:41:45 - [MESSAGE][PASSED] - Delayed 3 second(s)

2022-06-23 14:41:45 - [TEST_STEP][PASSED] - verifyElementText(findTestObject("Paybill/payBillsAmountInputtedTxt", ["value":values]), values): Actual text and expected text of test object 'Object Repository/Paybill/payBillsAmountInputtedTxt' are matched.

2022-06-23 14:41:45 - [MESSAGE][PASSED] - Actual text and expected text of test object 'Object Repository/Paybill/payBillsAmountInputtedTxt' are matched.

2022-06-23 14:41:45 - [TEST_STEP][PASSED] - tap(findTestObject("Main/mainAmountTickBtn"), 0): Tapped on element 'Object Repository/Main/mainAmountTickBtn'

2022-06-23 14:41:45 - [MESSAGE][WARNING] - Timeout '0' is invalid. Using default page load timeout: '40'

2022-06-23 14:41:45 - [MESSAGE][PASSED] - Tapped on element 'Object Repository/Main/mainAmountTickBtn'

2022-06-23 14:41:45 - [TEST_STEP][PASSED] - delay(5): Delayed 5 second(s)

2022-06-23 14:41:50 - [MESSAGE][PASSED] - Delayed 5 second(s)

2022-06-23 14:41:50 - [TEST_STEP][PASSED] - tap(findTestObject("Main/mainDatePickerTodaySelect"), 0): Tapped on element 'Object Repository/Main/mainDatePickerTodaySelect'

2022-06-23 14:41:50 - [MESSAGE][WARNING] - Timeout '0' is invalid. Using default page load timeout: '40'

2022-06-23 14:41:51 - [MESSAGE][PASSED] - Tapped on element 'Object Repository/Main/mainDatePickerTodaySelect'

2022-06-23 14:41:51 - [TEST_STEP][PASSED] - tap(findTestObject("Main/mainCalenderPickerNextBtn"), 0): Tapped on element 'Object Repository/Main/mainCalenderPickerNextBtn'

2022-06-23 14:41:51 - [MESSAGE][WARNING] - Timeout '0' is invalid. Using default page load timeout: '40'

2022-06-23 14:41:52 - [MESSAGE][PASSED] - Tapped on element 'Object Repository/Main/mainCalenderPickerNextBtn'

2022-06-23 14:41:52 - [TEST_STEP][PASSED] - delay(3): Delayed 3 second(s)

2022-06-23 14:41:55 - [MESSAGE][PASSED] - Delayed 3 second(s)

2022-06-23 14:41:55 - [TEST_STEP][PASSED] - tap(findTestObject("Main/mainDatePicker1"), 0): Tapped on element 'Object Repository/Main/mainDatePicker1'

2022-06-23 14:41:55 - [MESSAGE][WARNING] - Timeout '0' is invalid. Using default page load timeout: '40'

2022-06-23 14:41:56 - [MESSAGE][PASSED] - Tapped on element 'Object Repository/Main/mainDatePicker1'

2022-06-23 14:41:56 - [TEST_STEP][PASSED] - tap(findTestObject("Main/mainCalenderPickerDoneBtn"), 0): Tapped on element 'Object Repository/Main/mainCalenderPickerDoneBtn'

2022-06-23 14:41:56 - [MESSAGE][WARNING] - Timeout '0' is invalid. Using default page load timeout: '40'

2022-06-23 14:41:56 - [MESSAGE][PASSED] - Tapped on element 'Object Repository/Main/mainCalenderPickerDoneBtn'

2022-06-23 14:41:56 - [TEST_STEP][PASSED] - delay(3): Delayed 3 second(s)

2022-06-23 14:41:59 - [MESSAGE][PASSED] - Delayed 3 second(s)

2022-06-23 14:41:59 - [TEST_STEP][PASSED] - verifyElementText(findTestObject("Paybill/payBillsConfirmPayeeNameTxt", ["payeeName":payeeName]), payeeName): Actual text and expected text of test object 'Object Repository/Paybill/payBillsConfirmPayeeNameTxt' are matched.

2022-06-23 14:41:59 - [MESSAGE][PASSED] - Actual text and expected text of test object 'Object Repository/Paybill/payBillsConfirmPayeeNameTxt' are matched.

2022-06-23 14:41:59 - [TEST_STEP][PASSED] - verifyElementText(findTestObject("Paybill/payBillsConfirmPayeeAccountNoTxt", ["accNo":accNo]), accNo): Actual text and expected text of test object 'Object Repository/Paybill/payBillsConfirmPayeeAccountNoTxt' are matched.

2022-06-23 14:42:00 - [MESSAGE][PASSED] - Actual text and expected text of test object 'Object Repository/Paybill/payBillsConfirmPayeeAccountNoTxt' are matched.

2022-06-23 14:42:00 - [TEST_STEP][PASSED] - verifyElementText(findTestObject("Paybill/payBillsConfirmAmountTxt", ["amount":amount]), amount): Actual text and expected text of test object 'Object Repository/Paybill/payBillsConfirmAmountTxt' are matched.

2022-06-23 14:42:00 - [MESSAGE][PASSED] - Actual text and expected text of test object 'Object Repository/Paybill/payBillsConfirmAmountTxt' are matched.

2022-06-23 14:42:00 - [TEST_STEP][PASSED] - verifyElementExist(findTestObject("Paybill/payBillsConfirmDateTitleTxt"), 0): Element 'Object Repository/Paybill/payBillsConfirmDateTitleTxt' is exist

2022-06-23 14:42:00 - [MESSAGE][WARNING] - Timeout '0' is invalid. Using default page load timeout: '40'

2022-06-23 14:42:00 - [MESSAGE][PASSED] - Element 'Object Repository/Paybill/payBillsConfirmDateTitleTxt' is exist

2022-06-23 14:42:00 - [TEST_STEP][PASSED] - verifyElementNotExist(findTestObject("Paybill/payBillsConfirmDateTxt", ["trxDate":trxDate]), 0): Element 'Object Repository/Paybill/payBillsConfirmDateTxt' not found

2022-06-23 14:42:00 - [MESSAGE][WARNING] - Timeout '0' is invalid. Using default page load timeout: '40'

2022-06-23 14:42:40 - [MESSAGE][PASSED] - Element 'Object Repository/Paybill/payBillsConfirmDateTxt' not found

2022-06-23 14:42:40 - [TEST_STEP][PASSED] - verifyElementExist(findTestObject("Paybill/payBillsConfirmPayFromTxt"), 0): Element 'Object Repository/Paybill/payBillsConfirmPayFromTxt' is exist

2022-06-23 14:42:40 - [MESSAGE][WARNING] - Timeout '0' is invalid. Using default page load timeout: '40'

2022-06-23 14:42:40 - [MESSAGE][PASSED] - Element 'Object Repository/Paybill/payBillsConfirmPayFromTxt' is exist

2022-06-23 14:42:40 - [TEST_STEP][PASSED] - verifyElementText(findTestObject("Transfer/transferConfirmationFromAccTypeTxt", ["accType":accType]), accType): Actual text and expected text of test object 'Object Repository/Transfer/transferConfirmationFromAccTypeTxt' are matched.

2022-06-23 14:42:40 - [MESSAGE][PASSED] - Actual text and expected text of test object 'Object Repository/Transfer/transferConfirmationFromAccTypeTxt' are matched.

2022-06-23 14:42:40 - [TEST_STEP][PASSED] - verifyElementText(findTestObject("Transfer/transferConfirmationFromAccNoTxt", ["accNoFrom":accNoFrom]), accNoFrom): Actual text and expected text of test object 'Object Repository/Transfer/transferConfirmationFromAccNoTxt' are matched.

2022-06-23 14:42:41 - [MESSAGE][PASSED] - Actual text and expected text of test object 'Object Repository/Transfer/transferConfirmationFromAccNoTxt' are matched.

2022-06-23 14:42:41 - [TEST_STEP][PASSED] - verifyElementExist(findTestObject("Transfer/transferConfirmationFromAccBalanceTxt"), 0): Element 'Object Repository/Transfer/transferConfirmationFromAccBalanceTxt' is exist

2022-06-23 14:42:41 - [MESSAGE][WARNING] - Timeout '0' is invalid. Using default page load timeout: '40'

2022-06-23 14:42:41 - [MESSAGE][PASSED] - Element 'Object Repository/Transfer/transferConfirmationFromAccBalanceTxt' is exist

2022-06-23 14:42:41 - [TEST_STEP][PASSED] - accountBalance = getText(findTestObject("Transfer/transferConfirmationFromAccBalanceTxt"), 0): Text of element 'Object Repository/Transfer/transferConfirmationFromAccBalanceTxt' is: 'RM 2,352.04'

2022-06-23 14:42:41 - [MESSAGE][WARNING] - Timeout '0' is invalid. Using default page load timeout: '40'

2022-06-23 14:42:41 - [MESSAGE][PASSED] - Text of element 'Object Repository/Transfer/transferConfirmationFromAccBalanceTxt' is: 'RM 2,352.04'

2022-06-23 14:42:41 - [TEST_STEP][PASSED] - println(accountBalance): null

2022-06-23 14:42:41 - [TEST_STEP][PASSED] - waitForElementPresent(findTestObject("Main/mainPayNowBtn"), 5): Element 'Object Repository/Main/mainPayNowBtn' is present

2022-06-23 14:42:41 - [MESSAGE][PASSED] - Element 'Object Repository/Main/mainPayNowBtn' is present

2022-06-23 14:42:41 - [TEST_STEP][PASSED] - tap(findTestObject("Main/mainPayNowBtn"), 0): Tapped on element 'Object Repository/Main/mainPayNowBtn'

2022-06-23 14:42:41 - [MESSAGE][WARNING] - Timeout '0' is invalid. Using default page load timeout: '40'

2022-06-23 14:42:42 - [MESSAGE][PASSED] - Tapped on element 'Object Repository/Main/mainPayNowBtn'

2022-06-23 14:42:42 - [TEST_STEP][PASSED] - if (verifyElementVisible(findTestObject("Festive Season/festiveReturnAngpaoTACNoTxt"), 10, OPTIONAL)): Element 'Object Repository/Festive Season/festiveReturnAngpaoTACNoTxt' not found

2022-06-23 14:42:52 - [MESSAGE][WARNING] - Element 'Object Repository/Festive Season/festiveReturnAngpaoTACNoTxt' not found

2022-06-23 14:42:52 - [TEST_STEP][PASSED] - else: Tapped on element 'Object Repository/Main/mainS2UApproveBtn'

2022-06-23 14:42:52 - [TEST_STEP][PASSED] - delay(5): Delayed 5 second(s)

2022-06-23 14:42:57 - [MESSAGE][PASSED] - Delayed 5 second(s)

2022-06-23 14:42:57 - [TEST_STEP][PASSED] - verifyElementVisible(findTestObject("Main/mainS2UApproveBtn"), 10): Element 'Object Repository/Main/mainS2UApproveBtn' is visible

2022-06-23 14:42:57 - [MESSAGE][PASSED] - Element 'Object Repository/Main/mainS2UApproveBtn' is visible

2022-06-23 14:42:57 - [TEST_STEP][PASSED] - tap(findTestObject("Main/mainS2UApproveBtn"), 0): Tapped on element 'Object Repository/Main/mainS2UApproveBtn'

2022-06-23 14:42:57 - [MESSAGE][WARNING] - Timeout '0' is invalid. Using default page load timeout: '40'

2022-06-23 14:42:57 - [MESSAGE][PASSED] - Tapped on element 'Object Repository/Main/mainS2UApproveBtn'

2022-06-23 14:42:57 - [TEST_STEP][PASSED] - delay(10): Delayed 10 second(s)

2022-06-23 14:43:07 - [MESSAGE][PASSED] - Delayed 10 second(s)

2022-06-23 14:43:07 - [TEST_STEP][PASSED] - verifyElementExist(findTestObject("Festive Season/returnAngpaoStatusMessageTxt"), 0): Element 'Object Repository/Festive Season/returnAngpaoStatusMessageTxt' is exist

2022-06-23 14:43:07 - [MESSAGE][WARNING] - Timeout '0' is invalid. Using default page load timeout: '40'

2022-06-23 14:43:07 - [MESSAGE][PASSED] - Element 'Object Repository/Festive Season/returnAngpaoStatusMessageTxt' is exist

2022-06-23 14:43:07 - [TEST_STEP][PASSED] - message = getText(findTestObject("Festive Season/returnAngpaoStatusMessageTxt"), 10): Text of element 'Object Repository/Festive Season/returnAngpaoStatusMessageTxt' is: 'Payment scheduled'

2022-06-23 14:43:07 - [MESSAGE][PASSED] - Text of element 'Object Repository/Festive Season/returnAngpaoStatusMessageTxt' is: 'Payment scheduled'

2022-06-23 14:43:07 - [TEST_STEP][PASSED] - println(message): null

2022-06-23 14:43:07 - [TEST_STEP][PASSED] - assert message == successTransactionMessage: null

2022-06-23 14:43:07 - [TEST_STEP][PASSED] - delay(5): Delayed 5 second(s)

2022-06-23 14:43:12 - [MESSAGE][PASSED] - Delayed 5 second(s)

2022-06-23 14:43:12 - [TEST_STEP][PASSED] - verifyElementExist(findTestObject("Paybill/payBillsSummaryDateTimeTitleTxt"), 0): Element 'Object Repository/Paybill/payBillsSummaryDateTimeTitleTxt' is exist

2022-06-23 14:43:12 - [MESSAGE][WARNING] - Timeout '0' is invalid. Using default page load timeout: '40'

2022-06-23 14:43:12 - [MESSAGE][PASSED] - Element 'Object Repository/Paybill/payBillsSummaryDateTimeTitleTxt' is exist

2022-06-23 14:43:12 - [TEST_STEP][PASSED] - verifyElementExist(findTestObject("Duit Now/duitNowSummaryRefernceIDTitleTxt"), 0): Element 'Object Repository/Duit Now/duitNowSummaryRefernceIDTitleTxt' is exist

2022-06-23 14:43:12 - [MESSAGE][WARNING] - Timeout '0' is invalid. Using default page load timeout: '40'

2022-06-23 14:43:13 - [MESSAGE][PASSED] - Element 'Object Repository/Duit Now/duitNowSummaryRefernceIDTitleTxt' is exist

2022-06-23 14:43:13 - [TEST_STEP][PASSED] - verifyElementExist(findTestObject("Transfer/transferSummaryShareReceiptBtn"), 0): Element 'Object Repository/Transfer/transferSummaryShareReceiptBtn' is exist

2022-06-23 14:43:13 - [MESSAGE][WARNING] - Timeout '0' is invalid. Using default page load timeout: '40'

2022-06-23 14:43:13 - [MESSAGE][PASSED] - Element 'Object Repository/Transfer/transferSummaryShareReceiptBtn' is exist

2022-06-23 14:43:13 - [TEST_STEP][PASSED] - delay(5): Delayed 5 second(s)

2022-06-23 14:43:18 - [MESSAGE][PASSED] - Delayed 5 second(s)

2022-06-23 14:43:18 - [TEST_STEP][PASSED] - referenceID = getText(findTestObject("Send Request Money/requestMoneyPaySummaryRefIDTxt"), 0): Text of element 'Object Repository/Send Request Money/requestMoneyPaySummaryRefIDTxt' is: 'Reference ID'

2022-06-23 14:43:18 - [MESSAGE][WARNING] - Timeout '0' is invalid. Using default page load timeout: '40'

2022-06-23 14:43:18 - [MESSAGE][PASSED] - Text of element 'Object Repository/Send Request Money/requestMoneyPaySummaryRefIDTxt' is: 'Reference ID'

2022-06-23 14:43:18 - [TEST_STEP][PASSED] - println(referenceID): null

2022-06-23 14:43:18 - [TEST_STEP][PASSED] - test = dataFolder: null

2022-06-23 14:43:18 - [TEST_STEP][PASSED] - sheetName = "Sheet1": null

2022-06-23 14:43:18 - [TEST_STEP][PASSED] - file1 = new java.io.File(test): null

2022-06-23 14:43:18 - [TEST_STEP][PASSED] - assert file1.exists() == true: null

2022-06-23 14:43:18 - [TEST_STEP][PASSED] - woorkbook1 = getWorkbook(test): null

2022-06-23 14:43:18 - [TEST_STEP][PASSED] - sheet1 = getExcelSheet(woorkbook1, sheetName): null

2022-06-23 14:43:18 - [TEST_STEP][PASSED] - setValueToCellByIndex(sheet1, 4, 1, referenceID): null

2022-06-23 14:43:18 - [TEST_STEP][PASSED] - saveWorkbook(test, woorkbook1): null

2022-06-23 14:43:18 - [TEST_STEP][PASSED] - delay(3): Delayed 3 second(s)

2022-06-23 14:43:21 - [MESSAGE][PASSED] - Delayed 3 second(s)

2022-06-23 14:43:21 - [TEST_STEP][PASSED] - takeScreenshot("/Users/a00139272/Desktop/Screenshot/payBillsSchedule.png"): Screenshot is taken

2022-06-23 14:43:22 - [MESSAGE][PASSED] - Screenshot is taken
[[ATTACHMENT|/Users/a00139272/Desktop/Screenshot/payBillsSchedule.png]]

2022-06-23 14:43:22 - [TEST_STEP][PASSED] - verifyElementVisible(findTestObject("Main/mainDoneBtn"), 0): Element 'Object Repository/Main/mainDoneBtn' is visible

2022-06-23 14:43:22 - [MESSAGE][WARNING] - Timeout '0' is invalid. Using default page load timeout: '40'

2022-06-23 14:43:23 - [MESSAGE][PASSED] - Element 'Object Repository/Main/mainDoneBtn' is visible

2022-06-23 14:43:23 - [TEST_STEP][PASSED] - tap(findTestObject("Main/mainDoneBtn"), 0): Tapped on element 'Object Repository/Main/mainDoneBtn'

2022-06-23 14:43:23 - [MESSAGE][WARNING] - Timeout '0' is invalid. Using default page load timeout: '40'

2022-06-23 14:43:23 - [MESSAGE][PASSED] - Tapped on element 'Object Repository/Main/mainDoneBtn'

2022-06-23 14:43:23 - [TEST_STEP][PASSED] - delay(3): Delayed 3 second(s)

2022-06-23 14:43:26 - [MESSAGE][PASSED] - Delayed 3 second(s)]]></system-out>
         <system-err><![CDATA[]]></system-err>
      </testcase>
      <testcase name="Test Cases/PayBill/payBills_addFavoriteTransaction" time="107.005" classname="Test Cases/PayBill/payBills_addFavoriteTransaction" status="PASSED">
         <system-out><![CDATA[2022-06-23 14:43:26 - [TEST_CASE][PASSED] - Test Cases/PayBill/payBills_addFavoriteTransaction: Test Cases/PayBill/payBills_addFavoriteTransaction

2022-06-23 14:43:26 - [TEST_STEP][PASSED] - delay(5): Delayed 5 second(s)

2022-06-23 14:43:31 - [MESSAGE][PASSED] - Delayed 5 second(s)

2022-06-23 14:43:31 - [TEST_STEP][PASSED] - device_Height = getDeviceHeight(): Current device physical height is 2167

2022-06-23 14:43:31 - [MESSAGE][PASSED] - Current device physical height is 2167

2022-06-23 14:43:31 - [TEST_STEP][PASSED] - device_Width = getDeviceWidth(): Current device physical width is 1080

2022-06-23 14:43:31 - [MESSAGE][PASSED] - Current device physical width is 1080

2022-06-23 14:43:31 - [TEST_STEP][PASSED] - startX = device_Width / 3: null

2022-06-23 14:43:31 - [TEST_STEP][PASSED] - startY = device_Height * 0.97: null

2022-06-23 14:43:31 - [TEST_STEP][PASSED] - tap(findTestObject("Banking/m2uAccountPayBillsIconSelect"), 0): Tapped on element 'Object Repository/Banking/m2uAccountPayBillsIconSelect'

2022-06-23 14:43:31 - [MESSAGE][WARNING] - Timeout '0' is invalid. Using default page load timeout: '40'

2022-06-23 14:43:31 - [MESSAGE][PASSED] - Tapped on element 'Object Repository/Banking/m2uAccountPayBillsIconSelect'

2022-06-23 14:43:31 - [TEST_STEP][PASSED] - waitForElementPresent(findTestObject("Paybill/payBillsIconSelect"), 0): Element 'Object Repository/Paybill/payBillsIconSelect' is present

2022-06-23 14:43:32 - [MESSAGE][WARNING] - Timeout '0' is invalid. Using default page load timeout: '40'

2022-06-23 14:43:37 - [MESSAGE][PASSED] - Element 'Object Repository/Paybill/payBillsIconSelect' is present

2022-06-23 14:43:37 - [TEST_STEP][PASSED] - tap(findTestObject("Paybill/payBillsIconSelect"), 0): Tapped on element 'Object Repository/Paybill/payBillsIconSelect'

2022-06-23 14:43:37 - [MESSAGE][WARNING] - Timeout '0' is invalid. Using default page load timeout: '40'

2022-06-23 14:43:37 - [MESSAGE][PASSED] - Tapped on element 'Object Repository/Paybill/payBillsIconSelect'

2022-06-23 14:43:37 - [TEST_STEP][PASSED] - tap(findTestObject("Paybill/payBillSearchBillerInputField"), 0): Tapped on element 'Object Repository/Paybill/payBillSearchBillerInputField'

2022-06-23 14:43:37 - [MESSAGE][WARNING] - Timeout '0' is invalid. Using default page load timeout: '40'

2022-06-23 14:43:42 - [MESSAGE][PASSED] - Tapped on element 'Object Repository/Paybill/payBillSearchBillerInputField'

2022-06-23 14:43:42 - [TEST_STEP][PASSED] - setText(findTestObject("Paybill/payBillBillerNameInputField"), payeeName, 0): Text '21st Century' has been set to element 'Object Repository/Paybill/payBillBillerNameInputField'

2022-06-23 14:43:42 - [MESSAGE][WARNING] - Timeout '0' is invalid. Using default page load timeout: '40'

2022-06-23 14:43:44 - [MESSAGE][PASSED] - Text '21st Century' has been set to element 'Object Repository/Paybill/payBillBillerNameInputField'

2022-06-23 14:43:44 - [TEST_STEP][PASSED] - delay(3): Delayed 3 second(s)

2022-06-23 14:43:47 - [MESSAGE][PASSED] - Delayed 3 second(s)

2022-06-23 14:43:47 - [TEST_STEP][PASSED] - tap(findTestObject("Paybill/payBillBillerSelect", ["payeeName":payeeName]), 10): Tapped on element 'Object Repository/Paybill/payBillBillerSelect'

2022-06-23 14:43:47 - [MESSAGE][PASSED] - Tapped on element 'Object Repository/Paybill/payBillBillerSelect'

2022-06-23 14:43:47 - [TEST_STEP][PASSED] - tap(findTestObject("Paybill/payBillBillerSelect", ["payeeName":payeeName]), 10): Tapped on element 'Object Repository/Paybill/payBillBillerSelect'

2022-06-23 14:43:48 - [MESSAGE][PASSED] - Tapped on element 'Object Repository/Paybill/payBillBillerSelect'

2022-06-23 14:43:48 - [TEST_STEP][PASSED] - delay(3): Delayed 3 second(s)

2022-06-23 14:43:51 - [MESSAGE][PASSED] - Delayed 3 second(s)

2022-06-23 14:43:51 - [TEST_STEP][PASSED] - verifyElementText(findTestObject("Paybill/payBillsAccountPayeeNameTxt", ["payee":payeeName]), payeeName): Actual text and expected text of test object 'Object Repository/Paybill/payBillsAccountPayeeNameTxt' are matched.

2022-06-23 14:43:51 - [MESSAGE][PASSED] - Actual text and expected text of test object 'Object Repository/Paybill/payBillsAccountPayeeNameTxt' are matched.

2022-06-23 14:43:51 - [TEST_STEP][PASSED] - verifyElementExist(findTestObject("Paybill/payBillsAccountNumberTitleTxt"), 0): Element 'Object Repository/Paybill/payBillsAccountNumberTitleTxt' is exist

2022-06-23 14:43:51 - [MESSAGE][WARNING] - Timeout '0' is invalid. Using default page load timeout: '40'

2022-06-23 14:43:51 - [MESSAGE][PASSED] - Element 'Object Repository/Paybill/payBillsAccountNumberTitleTxt' is exist

2022-06-23 14:43:51 - [TEST_STEP][PASSED] - setText(findTestObject("Paybill/PayBillAccountNumberInputField"), AccountNo, 0): Text '12299292' has been set to element 'Object Repository/Paybill/PayBillAccountNumberInputField'

2022-06-23 14:43:51 - [MESSAGE][WARNING] - Timeout '0' is invalid. Using default page load timeout: '40'

2022-06-23 14:43:52 - [MESSAGE][PASSED] - Text '12299292' has been set to element 'Object Repository/Paybill/PayBillAccountNumberInputField'

2022-06-23 14:43:52 - [TEST_STEP][PASSED] - hideKeyboard(): Keyboard is hidden

2022-06-23 14:43:53 - [MESSAGE][PASSED] - Keyboard is hidden

2022-06-23 14:43:53 - [TEST_STEP][PASSED] - verifyElementText(findTestObject("Paybill/payBillsAccountNumberInputtedTxt", ["AccountNo":AccountNo]), AccountNo): Actual text and expected text of test object 'Object Repository/Paybill/payBillsAccountNumberInputtedTxt' are matched.

2022-06-23 14:43:54 - [MESSAGE][PASSED] - Actual text and expected text of test object 'Object Repository/Paybill/payBillsAccountNumberInputtedTxt' are matched.

2022-06-23 14:43:54 - [TEST_STEP][PASSED] - tap(findTestObject("Login Onboarding/loginExistingContinueBtn"), 0): Tapped on element 'Object Repository/Login Onboarding/loginExistingContinueBtn'

2022-06-23 14:43:54 - [MESSAGE][WARNING] - Timeout '0' is invalid. Using default page load timeout: '40'

2022-06-23 14:43:54 - [MESSAGE][PASSED] - Tapped on element 'Object Repository/Login Onboarding/loginExistingContinueBtn'

2022-06-23 14:43:54 - [TEST_STEP][PASSED] - delay(3): Delayed 3 second(s)

2022-06-23 14:43:57 - [MESSAGE][PASSED] - Delayed 3 second(s)

2022-06-23 14:43:57 - [TEST_STEP][PASSED] - verifyElementText(findTestObject("Paybill/payBillsAmountPayeeNameTxt", ["payee":payeeName]), payeeName): Actual text and expected text of test object 'Object Repository/Paybill/payBillsAmountPayeeNameTxt' are matched.

2022-06-23 14:43:57 - [MESSAGE][PASSED] - Actual text and expected text of test object 'Object Repository/Paybill/payBillsAmountPayeeNameTxt' are matched.

2022-06-23 14:43:57 - [TEST_STEP][PASSED] - verifyElementText(findTestObject("Paybill/payBillsAmountPayeeAccountNoTxt", ["accNo":accNo]), accNo): Actual text and expected text of test object 'Object Repository/Paybill/payBillsAmountPayeeAccountNoTxt' are matched.

2022-06-23 14:43:57 - [MESSAGE][PASSED] - Actual text and expected text of test object 'Object Repository/Paybill/payBillsAmountPayeeAccountNoTxt' are matched.

2022-06-23 14:43:57 - [TEST_STEP][PASSED] - verifyElementExist(findTestObject("Paybill/payBillsAmountInitialTxt"), 0): Element 'Object Repository/Paybill/payBillsAmountInitialTxt' is exist

2022-06-23 14:43:57 - [MESSAGE][WARNING] - Timeout '0' is invalid. Using default page load timeout: '40'

2022-06-23 14:43:57 - [MESSAGE][PASSED] - Element 'Object Repository/Paybill/payBillsAmountInitialTxt' is exist

2022-06-23 14:43:57 - [TEST_STEP][PASSED] - verifyElementExist(findTestObject("Paybill/payBillsAmountCurrencyTxt"), 0): Element 'Object Repository/Paybill/payBillsAmountCurrencyTxt' is exist

2022-06-23 14:43:57 - [MESSAGE][WARNING] - Timeout '0' is invalid. Using default page load timeout: '40'

2022-06-23 14:43:58 - [MESSAGE][PASSED] - Element 'Object Repository/Paybill/payBillsAmountCurrencyTxt' is exist

2022-06-23 14:43:58 - [TEST_STEP][PASSED] - verifyElementExist(findTestObject("Paybill/payBillsAmountEnterTitleTxt"), 0): Element 'Object Repository/Paybill/payBillsAmountEnterTitleTxt' is exist

2022-06-23 14:43:58 - [MESSAGE][WARNING] - Timeout '0' is invalid. Using default page load timeout: '40'

2022-06-23 14:43:58 - [MESSAGE][PASSED] - Element 'Object Repository/Paybill/payBillsAmountEnterTitleTxt' is exist

2022-06-23 14:43:58 - [TEST_STEP][PASSED] - tap(findTestObject("Login Onboarding/PIN5"), 0): Tapped on element 'Object Repository/Login Onboarding/PIN5'

2022-06-23 14:43:58 - [MESSAGE][WARNING] - Timeout '0' is invalid. Using default page load timeout: '40'

2022-06-23 14:43:58 - [MESSAGE][PASSED] - Tapped on element 'Object Repository/Login Onboarding/PIN5'

2022-06-23 14:43:58 - [TEST_STEP][PASSED] - tap(findTestObject("Login Onboarding/PIN0"), 0): Tapped on element 'Object Repository/Login Onboarding/PIN0'

2022-06-23 14:43:58 - [MESSAGE][WARNING] - Timeout '0' is invalid. Using default page load timeout: '40'

2022-06-23 14:43:58 - [MESSAGE][PASSED] - Tapped on element 'Object Repository/Login Onboarding/PIN0'

2022-06-23 14:43:58 - [TEST_STEP][PASSED] - tap(findTestObject("Login Onboarding/PIN0"), 0): Tapped on element 'Object Repository/Login Onboarding/PIN0'

2022-06-23 14:43:58 - [MESSAGE][WARNING] - Timeout '0' is invalid. Using default page load timeout: '40'

2022-06-23 14:43:59 - [MESSAGE][PASSED] - Tapped on element 'Object Repository/Login Onboarding/PIN0'

2022-06-23 14:43:59 - [TEST_STEP][PASSED] - tap(findTestObject("Login Onboarding/PIN0"), 0): Tapped on element 'Object Repository/Login Onboarding/PIN0'

2022-06-23 14:43:59 - [MESSAGE][WARNING] - Timeout '0' is invalid. Using default page load timeout: '40'

2022-06-23 14:43:59 - [MESSAGE][PASSED] - Tapped on element 'Object Repository/Login Onboarding/PIN0'

2022-06-23 14:43:59 - [TEST_STEP][PASSED] - delay(3): Delayed 3 second(s)

2022-06-23 14:44:02 - [MESSAGE][PASSED] - Delayed 3 second(s)

2022-06-23 14:44:02 - [TEST_STEP][PASSED] - verifyElementText(findTestObject("Paybill/payBillsAmountInputtedTxt", ["value":values]), values): Actual text and expected text of test object 'Object Repository/Paybill/payBillsAmountInputtedTxt' are matched.

2022-06-23 14:44:02 - [MESSAGE][PASSED] - Actual text and expected text of test object 'Object Repository/Paybill/payBillsAmountInputtedTxt' are matched.

2022-06-23 14:44:02 - [TEST_STEP][PASSED] - tap(findTestObject("Main/mainAmountTickBtn"), 0): Tapped on element 'Object Repository/Main/mainAmountTickBtn'

2022-06-23 14:44:02 - [MESSAGE][WARNING] - Timeout '0' is invalid. Using default page load timeout: '40'

2022-06-23 14:44:02 - [MESSAGE][PASSED] - Tapped on element 'Object Repository/Main/mainAmountTickBtn'

2022-06-23 14:44:02 - [TEST_STEP][PASSED] - delay(5): Delayed 5 second(s)

2022-06-23 14:44:07 - [MESSAGE][PASSED] - Delayed 5 second(s)

2022-06-23 14:44:07 - [TEST_STEP][PASSED] - verifyElementText(findTestObject("Paybill/payBillsConfirmPayeeNameTxt", ["payeeName":payeeName]), payeeName): Actual text and expected text of test object 'Object Repository/Paybill/payBillsConfirmPayeeNameTxt' are matched.

2022-06-23 14:44:08 - [MESSAGE][PASSED] - Actual text and expected text of test object 'Object Repository/Paybill/payBillsConfirmPayeeNameTxt' are matched.

2022-06-23 14:44:08 - [TEST_STEP][PASSED] - verifyElementText(findTestObject("Paybill/payBillsConfirmPayeeAccountNoTxt", ["accNo":accNo]), accNo): Actual text and expected text of test object 'Object Repository/Paybill/payBillsConfirmPayeeAccountNoTxt' are matched.

2022-06-23 14:44:08 - [MESSAGE][PASSED] - Actual text and expected text of test object 'Object Repository/Paybill/payBillsConfirmPayeeAccountNoTxt' are matched.

2022-06-23 14:44:08 - [TEST_STEP][PASSED] - verifyElementText(findTestObject("Paybill/payBillsConfirmAmountTxt", ["amount":amount]), amount): Actual text and expected text of test object 'Object Repository/Paybill/payBillsConfirmAmountTxt' are matched.

2022-06-23 14:44:08 - [MESSAGE][PASSED] - Actual text and expected text of test object 'Object Repository/Paybill/payBillsConfirmAmountTxt' are matched.

2022-06-23 14:44:08 - [TEST_STEP][PASSED] - verifyElementExist(findTestObject("Paybill/payBillsConfirmDateTitleTxt"), 0): Element 'Object Repository/Paybill/payBillsConfirmDateTitleTxt' is exist

2022-06-23 14:44:08 - [MESSAGE][WARNING] - Timeout '0' is invalid. Using default page load timeout: '40'

2022-06-23 14:44:08 - [MESSAGE][PASSED] - Element 'Object Repository/Paybill/payBillsConfirmDateTitleTxt' is exist

2022-06-23 14:44:08 - [TEST_STEP][PASSED] - verifyElementText(findTestObject("Paybill/payBillsConfirmDateTxt", ["trxDate":trxDate]), trxDate): Actual text and expected text of test object 'Object Repository/Paybill/payBillsConfirmDateTxt' are matched.

2022-06-23 14:44:08 - [MESSAGE][PASSED] - Actual text and expected text of test object 'Object Repository/Paybill/payBillsConfirmDateTxt' are matched.

2022-06-23 14:44:08 - [TEST_STEP][PASSED] - verifyElementExist(findTestObject("Paybill/payBillsConfirmPayFromTxt"), 0): Element 'Object Repository/Paybill/payBillsConfirmPayFromTxt' is exist

2022-06-23 14:44:08 - [MESSAGE][WARNING] - Timeout '0' is invalid. Using default page load timeout: '40'

2022-06-23 14:44:09 - [MESSAGE][PASSED] - Element 'Object Repository/Paybill/payBillsConfirmPayFromTxt' is exist

2022-06-23 14:44:09 - [TEST_STEP][PASSED] - verifyElementText(findTestObject("Transfer/transferConfirmationFromAccTypeTxt", ["accType":accType]), accType): Actual text and expected text of test object 'Object Repository/Transfer/transferConfirmationFromAccTypeTxt' are matched.

2022-06-23 14:44:18 - [MESSAGE][PASSED] - Actual text and expected text of test object 'Object Repository/Transfer/transferConfirmationFromAccTypeTxt' are matched.

2022-06-23 14:44:18 - [TEST_STEP][PASSED] - verifyElementText(findTestObject("Transfer/transferConfirmationFromAccNoTxt", ["accNoFrom":accNoFrom]), accNoFrom): Actual text and expected text of test object 'Object Repository/Transfer/transferConfirmationFromAccNoTxt' are matched.

2022-06-23 14:44:18 - [MESSAGE][PASSED] - Actual text and expected text of test object 'Object Repository/Transfer/transferConfirmationFromAccNoTxt' are matched.

2022-06-23 14:44:18 - [TEST_STEP][PASSED] - verifyElementExist(findTestObject("Transfer/transferConfirmationFromAccBalanceTxt"), 0): Element 'Object Repository/Transfer/transferConfirmationFromAccBalanceTxt' is exist

2022-06-23 14:44:18 - [MESSAGE][WARNING] - Timeout '0' is invalid. Using default page load timeout: '40'

2022-06-23 14:44:18 - [MESSAGE][PASSED] - Element 'Object Repository/Transfer/transferConfirmationFromAccBalanceTxt' is exist

2022-06-23 14:44:18 - [TEST_STEP][PASSED] - accountBalance = getText(findTestObject("Transfer/transferConfirmationFromAccBalanceTxt"), 0): Text of element 'Object Repository/Transfer/transferConfirmationFromAccBalanceTxt' is: 'RM 2,352.04'

2022-06-23 14:44:18 - [MESSAGE][WARNING] - Timeout '0' is invalid. Using default page load timeout: '40'

2022-06-23 14:44:18 - [MESSAGE][PASSED] - Text of element 'Object Repository/Transfer/transferConfirmationFromAccBalanceTxt' is: 'RM 2,352.04'

2022-06-23 14:44:18 - [TEST_STEP][PASSED] - println(accountBalance): null

2022-06-23 14:44:18 - [TEST_STEP][PASSED] - waitForElementPresent(findTestObject("Main/mainPayNowBtn"), 5): Element 'Object Repository/Main/mainPayNowBtn' is present

2022-06-23 14:44:19 - [MESSAGE][PASSED] - Element 'Object Repository/Main/mainPayNowBtn' is present

2022-06-23 14:44:19 - [TEST_STEP][PASSED] - tap(findTestObject("Main/mainPayNowBtn"), 0): Tapped on element 'Object Repository/Main/mainPayNowBtn'

2022-06-23 14:44:19 - [MESSAGE][WARNING] - Timeout '0' is invalid. Using default page load timeout: '40'

2022-06-23 14:44:19 - [MESSAGE][PASSED] - Tapped on element 'Object Repository/Main/mainPayNowBtn'

2022-06-23 14:44:19 - [TEST_STEP][PASSED] - if (verifyElementVisible(findTestObject("Festive Season/festiveReturnAngpaoTACNoTxt"), 10, OPTIONAL)): Element 'Object Repository/Festive Season/festiveReturnAngpaoTACNoTxt' not found

2022-06-23 14:44:29 - [MESSAGE][WARNING] - Element 'Object Repository/Festive Season/festiveReturnAngpaoTACNoTxt' not found

2022-06-23 14:44:29 - [TEST_STEP][PASSED] - else: Delayed 5 second(s)

2022-06-23 14:44:29 - [TEST_STEP][PASSED] - delay(5): Delayed 5 second(s)

2022-06-23 14:44:34 - [MESSAGE][PASSED] - Delayed 5 second(s)

2022-06-23 14:44:34 - [TEST_STEP][PASSED] - verifyElementVisible(findTestObject("Main/mainS2UApproveBtn"), 10): Element 'Object Repository/Main/mainS2UApproveBtn' is visible

2022-06-23 14:44:34 - [MESSAGE][PASSED] - Element 'Object Repository/Main/mainS2UApproveBtn' is visible

2022-06-23 14:44:34 - [TEST_STEP][PASSED] - tap(findTestObject("Main/mainS2UApproveBtn"), 0): Tapped on element 'Object Repository/Main/mainS2UApproveBtn'

2022-06-23 14:44:34 - [MESSAGE][WARNING] - Timeout '0' is invalid. Using default page load timeout: '40'

2022-06-23 14:44:34 - [MESSAGE][PASSED] - Tapped on element 'Object Repository/Main/mainS2UApproveBtn'

2022-06-23 14:44:34 - [TEST_STEP][PASSED] - delay(5): Delayed 5 second(s)

2022-06-23 14:44:39 - [MESSAGE][PASSED] - Delayed 5 second(s)

2022-06-23 14:44:39 - [TEST_STEP][PASSED] - verifyElementExist(findTestObject("Festive Season/returnAngpaoStatusMessageTxt"), 0): Element 'Object Repository/Festive Season/returnAngpaoStatusMessageTxt' is exist

2022-06-23 14:44:39 - [MESSAGE][WARNING] - Timeout '0' is invalid. Using default page load timeout: '40'

2022-06-23 14:44:39 - [MESSAGE][PASSED] - Element 'Object Repository/Festive Season/returnAngpaoStatusMessageTxt' is exist

2022-06-23 14:44:39 - [TEST_STEP][PASSED] - message = getText(findTestObject("Festive Season/returnAngpaoStatusMessageTxt"), 10): Text of element 'Object Repository/Festive Season/returnAngpaoStatusMessageTxt' is: 'Payment successful'

2022-06-23 14:44:40 - [MESSAGE][PASSED] - Text of element 'Object Repository/Festive Season/returnAngpaoStatusMessageTxt' is: 'Payment successful'

2022-06-23 14:44:40 - [TEST_STEP][PASSED] - println(message): null

2022-06-23 14:44:40 - [TEST_STEP][PASSED] - assert message == successTransactionMessage: null

2022-06-23 14:44:40 - [TEST_STEP][PASSED] - delay(5): Delayed 5 second(s)

2022-06-23 14:44:45 - [MESSAGE][PASSED] - Delayed 5 second(s)

2022-06-23 14:44:45 - [TEST_STEP][PASSED] - verifyElementExist(findTestObject("Paybill/payBillsSummaryDateTimeTitleTxt"), 0): Element 'Object Repository/Paybill/payBillsSummaryDateTimeTitleTxt' is exist

2022-06-23 14:44:45 - [MESSAGE][WARNING] - Timeout '0' is invalid. Using default page load timeout: '40'

2022-06-23 14:44:45 - [MESSAGE][PASSED] - Element 'Object Repository/Paybill/payBillsSummaryDateTimeTitleTxt' is exist

2022-06-23 14:44:45 - [TEST_STEP][PASSED] - verifyElementExist(findTestObject("Duit Now/duitNowSummaryRefernceIDTitleTxt"), 0): Element 'Object Repository/Duit Now/duitNowSummaryRefernceIDTitleTxt' is exist

2022-06-23 14:44:45 - [MESSAGE][WARNING] - Timeout '0' is invalid. Using default page load timeout: '40'

2022-06-23 14:44:45 - [MESSAGE][PASSED] - Element 'Object Repository/Duit Now/duitNowSummaryRefernceIDTitleTxt' is exist

2022-06-23 14:44:45 - [TEST_STEP][PASSED] - verifyElementExist(findTestObject("Transfer/transferSummaryShareReceiptBtn"), 0): Element 'Object Repository/Transfer/transferSummaryShareReceiptBtn' is exist

2022-06-23 14:44:45 - [MESSAGE][WARNING] - Timeout '0' is invalid. Using default page load timeout: '40'

2022-06-23 14:44:45 - [MESSAGE][PASSED] - Element 'Object Repository/Transfer/transferSummaryShareReceiptBtn' is exist

2022-06-23 14:44:45 - [TEST_STEP][PASSED] - delay(5): Delayed 5 second(s)

2022-06-23 14:44:50 - [MESSAGE][PASSED] - Delayed 5 second(s)

2022-06-23 14:44:50 - [TEST_STEP][PASSED] - referenceID = getText(findTestObject("Send Request Money/requestMoneyPaySummaryRefIDTxt"), 0): Text of element 'Object Repository/Send Request Money/requestMoneyPaySummaryRefIDTxt' is: 'Reference ID'

2022-06-23 14:44:50 - [MESSAGE][WARNING] - Timeout '0' is invalid. Using default page load timeout: '40'

2022-06-23 14:44:50 - [MESSAGE][PASSED] - Text of element 'Object Repository/Send Request Money/requestMoneyPaySummaryRefIDTxt' is: 'Reference ID'

2022-06-23 14:44:50 - [TEST_STEP][PASSED] - println(referenceID): null

2022-06-23 14:44:50 - [TEST_STEP][PASSED] - test = dataFolder: null

2022-06-23 14:44:50 - [TEST_STEP][PASSED] - sheetName = "Sheet1": null

2022-06-23 14:44:50 - [TEST_STEP][PASSED] - file1 = new java.io.File(test): null

2022-06-23 14:44:50 - [TEST_STEP][PASSED] - assert file1.exists() == true: null

2022-06-23 14:44:50 - [TEST_STEP][PASSED] - woorkbook1 = getWorkbook(test): null

2022-06-23 14:44:50 - [TEST_STEP][PASSED] - sheet1 = getExcelSheet(woorkbook1, sheetName): null

2022-06-23 14:44:50 - [TEST_STEP][PASSED] - setValueToCellByIndex(sheet1, 4, 1, referenceID): null

2022-06-23 14:44:50 - [TEST_STEP][PASSED] - saveWorkbook(test, woorkbook1): null

2022-06-23 14:44:50 - [TEST_STEP][PASSED] - delay(2): Delayed 2 second(s)

2022-06-23 14:44:52 - [MESSAGE][PASSED] - Delayed 2 second(s)

2022-06-23 14:44:52 - [TEST_STEP][PASSED] - tap(findTestObject("Main/mainAddToFavBtn"), 0): Tapped on element 'Object Repository/Main/mainAddToFavBtn'

2022-06-23 14:44:52 - [MESSAGE][WARNING] - Timeout '0' is invalid. Using default page load timeout: '40'

2022-06-23 14:44:52 - [MESSAGE][PASSED] - Tapped on element 'Object Repository/Main/mainAddToFavBtn'

2022-06-23 14:44:52 - [TEST_STEP][PASSED] - delay(2): Delayed 2 second(s)

2022-06-23 14:44:54 - [MESSAGE][PASSED] - Delayed 2 second(s)

2022-06-23 14:44:54 - [TEST_STEP][PASSED] - tap(findTestObject("Main/mainAddToFavBtn"), 0): Tapped on element 'Object Repository/Main/mainAddToFavBtn'

2022-06-23 14:44:54 - [MESSAGE][WARNING] - Timeout '0' is invalid. Using default page load timeout: '40'

2022-06-23 14:44:55 - [MESSAGE][PASSED] - Tapped on element 'Object Repository/Main/mainAddToFavBtn'

2022-06-23 14:44:55 - [TEST_STEP][PASSED] - delay(2): Delayed 2 second(s)

2022-06-23 14:44:57 - [MESSAGE][PASSED] - Delayed 2 second(s)

2022-06-23 14:44:57 - [TEST_STEP][PASSED] - tap(findTestObject("Main/mainCloseFavPopUpBtn"), 0): Tapped on element 'Object Repository/Main/mainCloseFavPopUpBtn'

2022-06-23 14:44:57 - [MESSAGE][WARNING] - Timeout '0' is invalid. Using default page load timeout: '40'

2022-06-23 14:45:00 - [MESSAGE][PASSED] - Tapped on element 'Object Repository/Main/mainCloseFavPopUpBtn'

2022-06-23 14:45:00 - [TEST_STEP][PASSED] - delay(3): Delayed 3 second(s)

2022-06-23 14:45:03 - [MESSAGE][PASSED] - Delayed 3 second(s)

2022-06-23 14:45:03 - [TEST_STEP][PASSED] - verifyElementVisible(findTestObject("Main/mainDoneBtn"), 0): Element 'Object Repository/Main/mainDoneBtn' is visible

2022-06-23 14:45:03 - [MESSAGE][WARNING] - Timeout '0' is invalid. Using default page load timeout: '40'

2022-06-23 14:45:03 - [MESSAGE][PASSED] - Element 'Object Repository/Main/mainDoneBtn' is visible

2022-06-23 14:45:03 - [TEST_STEP][PASSED] - takeScreenshot("/Users/a00139272/Desktop/Screenshot/payBillsAddFav.png"): Screenshot is taken

2022-06-23 14:45:04 - [MESSAGE][PASSED] - Screenshot is taken
[[ATTACHMENT|/Users/a00139272/Desktop/Screenshot/payBillsAddFav.png]]

2022-06-23 14:45:04 - [TEST_STEP][PASSED] - tap(findTestObject("Main/mainDoneBtn"), 0): Tapped on element 'Object Repository/Main/mainDoneBtn'

2022-06-23 14:45:04 - [MESSAGE][WARNING] - Timeout '0' is invalid. Using default page load timeout: '40'

2022-06-23 14:45:05 - [MESSAGE][PASSED] - Tapped on element 'Object Repository/Main/mainDoneBtn'

2022-06-23 14:45:05 - [TEST_STEP][PASSED] - delay(5): Delayed 5 second(s)

2022-06-23 14:45:10 - [MESSAGE][PASSED] - Delayed 5 second(s)

2022-06-23 14:45:10 - [TEST_STEP][PASSED] - delay(3): Delayed 3 second(s)

2022-06-23 14:45:13 - [MESSAGE][PASSED] - Delayed 3 second(s)]]></system-out>
         <system-err><![CDATA[]]></system-err>
      </testcase>
      <testcase name="Test Cases/PayBill/payBills_favoriteTransaction" time="63.381" classname="Test Cases/PayBill/payBills_favoriteTransaction" status="PASSED">
         <system-out><![CDATA[2022-06-23 14:45:13 - [TEST_CASE][PASSED] - Test Cases/PayBill/payBills_favoriteTransaction: Test Cases/PayBill/payBills_favoriteTransaction

2022-06-23 14:45:13 - [TEST_STEP][PASSED] - device_Height = getDeviceHeight(): Current device physical height is 2167

2022-06-23 14:45:13 - [MESSAGE][PASSED] - Current device physical height is 2167

2022-06-23 14:45:13 - [TEST_STEP][PASSED] - device_Width = getDeviceWidth(): Current device physical width is 1080

2022-06-23 14:45:13 - [MESSAGE][PASSED] - Current device physical width is 1080

2022-06-23 14:45:13 - [TEST_STEP][PASSED] - startX = device_Width / 3: null

2022-06-23 14:45:13 - [TEST_STEP][PASSED] - startY = device_Height * 0.97: null

2022-06-23 14:45:13 - [TEST_STEP][PASSED] - tap(findTestObject("Banking/m2uAccountPayBillsIconSelect"), 0): Tapped on element 'Object Repository/Banking/m2uAccountPayBillsIconSelect'

2022-06-23 14:45:13 - [MESSAGE][WARNING] - Timeout '0' is invalid. Using default page load timeout: '40'

2022-06-23 14:45:13 - [MESSAGE][PASSED] - Tapped on element 'Object Repository/Banking/m2uAccountPayBillsIconSelect'

2022-06-23 14:45:13 - [TEST_STEP][PASSED] - verifyElementExist(findTestObject("Paybill/payBillsIconSelect"), 0): Element 'Object Repository/Paybill/payBillsIconSelect' is exist

2022-06-23 14:45:13 - [MESSAGE][WARNING] - Timeout '0' is invalid. Using default page load timeout: '40'

2022-06-23 14:45:20 - [MESSAGE][PASSED] - Element 'Object Repository/Paybill/payBillsIconSelect' is exist

2022-06-23 14:45:20 - [TEST_STEP][PASSED] - verifyElementText(findTestObject("Transfer/transferFavListAccNameTxt", ["accName":payeeName]), payeeName): Actual text and expected text of test object 'Object Repository/Transfer/transferFavListAccNameTxt' are matched.

2022-06-23 14:45:20 - [MESSAGE][PASSED] - Actual text and expected text of test object 'Object Repository/Transfer/transferFavListAccNameTxt' are matched.

2022-06-23 14:45:20 - [TEST_STEP][PASSED] - verifyElementText(findTestObject("Transfer/transferFavListAccNoTxt", ["accNo":AccountNo]), AccountNo): Actual text and expected text of test object 'Object Repository/Transfer/transferFavListAccNoTxt' are matched.

2022-06-23 14:45:21 - [MESSAGE][PASSED] - Actual text and expected text of test object 'Object Repository/Transfer/transferFavListAccNoTxt' are matched.

2022-06-23 14:45:21 - [TEST_STEP][PASSED] - verifyElementText(findTestObject("Transfer/transferFavListAccBankTxt", ["accBank":payeeName]), payeeName): Actual text and expected text of test object 'Object Repository/Transfer/transferFavListAccBankTxt' are matched.

2022-06-23 14:45:21 - [MESSAGE][PASSED] - Actual text and expected text of test object 'Object Repository/Transfer/transferFavListAccBankTxt' are matched.

2022-06-23 14:45:21 - [TEST_STEP][PASSED] - tap(findTestObject("Transfer/transferFavListAccNameTxt", ["accName":payeeName]), 0): Tapped on element 'Object Repository/Transfer/transferFavListAccNameTxt'

2022-06-23 14:45:21 - [MESSAGE][WARNING] - Timeout '0' is invalid. Using default page load timeout: '40'

2022-06-23 14:45:21 - [MESSAGE][PASSED] - Tapped on element 'Object Repository/Transfer/transferFavListAccNameTxt'

2022-06-23 14:45:21 - [TEST_STEP][PASSED] - delay(3): Delayed 3 second(s)

2022-06-23 14:45:24 - [MESSAGE][PASSED] - Delayed 3 second(s)

2022-06-23 14:45:24 - [TEST_STEP][PASSED] - verifyElementText(findTestObject("Paybill/payBillsAmountPayeeNameTxt", ["payee":payeeName]), payeeName): Actual text and expected text of test object 'Object Repository/Paybill/payBillsAmountPayeeNameTxt' are matched.

2022-06-23 14:45:24 - [MESSAGE][PASSED] - Actual text and expected text of test object 'Object Repository/Paybill/payBillsAmountPayeeNameTxt' are matched.

2022-06-23 14:45:24 - [TEST_STEP][PASSED] - verifyElementText(findTestObject("Paybill/payBillsAmountPayeeAccountNoTxt", ["accNo":accNo]), accNo): Actual text and expected text of test object 'Object Repository/Paybill/payBillsAmountPayeeAccountNoTxt' are matched.

2022-06-23 14:45:25 - [MESSAGE][PASSED] - Actual text and expected text of test object 'Object Repository/Paybill/payBillsAmountPayeeAccountNoTxt' are matched.

2022-06-23 14:45:25 - [TEST_STEP][PASSED] - verifyElementExist(findTestObject("Paybill/payBillsAmountInitialTxt"), 0): Element 'Object Repository/Paybill/payBillsAmountInitialTxt' is exist

2022-06-23 14:45:25 - [MESSAGE][WARNING] - Timeout '0' is invalid. Using default page load timeout: '40'

2022-06-23 14:45:25 - [MESSAGE][PASSED] - Element 'Object Repository/Paybill/payBillsAmountInitialTxt' is exist

2022-06-23 14:45:25 - [TEST_STEP][PASSED] - verifyElementExist(findTestObject("Paybill/payBillsAmountCurrencyTxt"), 0): Element 'Object Repository/Paybill/payBillsAmountCurrencyTxt' is exist

2022-06-23 14:45:25 - [MESSAGE][WARNING] - Timeout '0' is invalid. Using default page load timeout: '40'

2022-06-23 14:45:25 - [MESSAGE][PASSED] - Element 'Object Repository/Paybill/payBillsAmountCurrencyTxt' is exist

2022-06-23 14:45:25 - [TEST_STEP][PASSED] - verifyElementExist(findTestObject("Paybill/payBillsAmountEnterTitleTxt"), 0): Element 'Object Repository/Paybill/payBillsAmountEnterTitleTxt' is exist

2022-06-23 14:45:25 - [MESSAGE][WARNING] - Timeout '0' is invalid. Using default page load timeout: '40'

2022-06-23 14:45:25 - [MESSAGE][PASSED] - Element 'Object Repository/Paybill/payBillsAmountEnterTitleTxt' is exist

2022-06-23 14:45:25 - [TEST_STEP][PASSED] - tap(findTestObject("Login Onboarding/PIN5"), 0): Tapped on element 'Object Repository/Login Onboarding/PIN5'

2022-06-23 14:45:25 - [MESSAGE][WARNING] - Timeout '0' is invalid. Using default page load timeout: '40'

2022-06-23 14:45:26 - [MESSAGE][PASSED] - Tapped on element 'Object Repository/Login Onboarding/PIN5'

2022-06-23 14:45:26 - [TEST_STEP][PASSED] - tap(findTestObject("Login Onboarding/PIN0"), 0): Tapped on element 'Object Repository/Login Onboarding/PIN0'

2022-06-23 14:45:26 - [MESSAGE][WARNING] - Timeout '0' is invalid. Using default page load timeout: '40'

2022-06-23 14:45:26 - [MESSAGE][PASSED] - Tapped on element 'Object Repository/Login Onboarding/PIN0'

2022-06-23 14:45:26 - [TEST_STEP][PASSED] - tap(findTestObject("Login Onboarding/PIN0"), 0): Tapped on element 'Object Repository/Login Onboarding/PIN0'

2022-06-23 14:45:26 - [MESSAGE][WARNING] - Timeout '0' is invalid. Using default page load timeout: '40'

2022-06-23 14:45:26 - [MESSAGE][PASSED] - Tapped on element 'Object Repository/Login Onboarding/PIN0'

2022-06-23 14:45:26 - [TEST_STEP][PASSED] - tap(findTestObject("Login Onboarding/PIN0"), 0): Tapped on element 'Object Repository/Login Onboarding/PIN0'

2022-06-23 14:45:26 - [MESSAGE][WARNING] - Timeout '0' is invalid. Using default page load timeout: '40'

2022-06-23 14:45:26 - [MESSAGE][PASSED] - Tapped on element 'Object Repository/Login Onboarding/PIN0'

2022-06-23 14:45:26 - [TEST_STEP][PASSED] - delay(3): Delayed 3 second(s)

2022-06-23 14:45:29 - [MESSAGE][PASSED] - Delayed 3 second(s)

2022-06-23 14:45:29 - [TEST_STEP][PASSED] - verifyElementText(findTestObject("Paybill/payBillsAmountInputtedTxt", ["value":values]), values): Actual text and expected text of test object 'Object Repository/Paybill/payBillsAmountInputtedTxt' are matched.

2022-06-23 14:45:30 - [MESSAGE][PASSED] - Actual text and expected text of test object 'Object Repository/Paybill/payBillsAmountInputtedTxt' are matched.

2022-06-23 14:45:30 - [TEST_STEP][PASSED] - tap(findTestObject("Main/mainAmountTickBtn"), 0): Tapped on element 'Object Repository/Main/mainAmountTickBtn'

2022-06-23 14:45:30 - [MESSAGE][WARNING] - Timeout '0' is invalid. Using default page load timeout: '40'

2022-06-23 14:45:30 - [MESSAGE][PASSED] - Tapped on element 'Object Repository/Main/mainAmountTickBtn'

2022-06-23 14:45:30 - [TEST_STEP][PASSED] - delay(5): Delayed 5 second(s)

2022-06-23 14:45:35 - [MESSAGE][PASSED] - Delayed 5 second(s)

2022-06-23 14:45:35 - [TEST_STEP][PASSED] - verifyElementText(findTestObject("Paybill/payBillsConfirmPayeeNameTxt", ["payeeName":payeeName]), payeeName): Actual text and expected text of test object 'Object Repository/Paybill/payBillsConfirmPayeeNameTxt' are matched.

2022-06-23 14:45:35 - [MESSAGE][PASSED] - Actual text and expected text of test object 'Object Repository/Paybill/payBillsConfirmPayeeNameTxt' are matched.

2022-06-23 14:45:35 - [TEST_STEP][PASSED] - verifyElementText(findTestObject("Paybill/payBillsConfirmPayeeAccountNoTxt", ["accNo":accNo]), accNo): Actual text and expected text of test object 'Object Repository/Paybill/payBillsConfirmPayeeAccountNoTxt' are matched.

2022-06-23 14:45:35 - [MESSAGE][PASSED] - Actual text and expected text of test object 'Object Repository/Paybill/payBillsConfirmPayeeAccountNoTxt' are matched.

2022-06-23 14:45:35 - [TEST_STEP][PASSED] - verifyElementText(findTestObject("Paybill/payBillsConfirmAmountTxt", ["amount":amount]), amount): Actual text and expected text of test object 'Object Repository/Paybill/payBillsConfirmAmountTxt' are matched.

2022-06-23 14:45:36 - [MESSAGE][PASSED] - Actual text and expected text of test object 'Object Repository/Paybill/payBillsConfirmAmountTxt' are matched.

2022-06-23 14:45:36 - [TEST_STEP][PASSED] - verifyElementExist(findTestObject("Paybill/payBillsConfirmDateTitleTxt"), 0): Element 'Object Repository/Paybill/payBillsConfirmDateTitleTxt' is exist

2022-06-23 14:45:36 - [MESSAGE][WARNING] - Timeout '0' is invalid. Using default page load timeout: '40'

2022-06-23 14:45:36 - [MESSAGE][PASSED] - Element 'Object Repository/Paybill/payBillsConfirmDateTitleTxt' is exist

2022-06-23 14:45:36 - [TEST_STEP][PASSED] - verifyElementText(findTestObject("Paybill/payBillsConfirmDateTxt", ["trxDate":trxDate]), trxDate): Actual text and expected text of test object 'Object Repository/Paybill/payBillsConfirmDateTxt' are matched.

2022-06-23 14:45:36 - [MESSAGE][PASSED] - Actual text and expected text of test object 'Object Repository/Paybill/payBillsConfirmDateTxt' are matched.

2022-06-23 14:45:36 - [TEST_STEP][PASSED] - verifyElementExist(findTestObject("Paybill/payBillsConfirmPayFromTxt"), 0): Element 'Object Repository/Paybill/payBillsConfirmPayFromTxt' is exist

2022-06-23 14:45:37 - [MESSAGE][WARNING] - Timeout '0' is invalid. Using default page load timeout: '40'

2022-06-23 14:45:37 - [MESSAGE][PASSED] - Element 'Object Repository/Paybill/payBillsConfirmPayFromTxt' is exist

2022-06-23 14:45:37 - [TEST_STEP][PASSED] - verifyElementText(findTestObject("Transfer/transferConfirmationFromAccTypeTxt", ["accType":accType]), accType): Actual text and expected text of test object 'Object Repository/Transfer/transferConfirmationFromAccTypeTxt' are matched.

2022-06-23 14:45:37 - [MESSAGE][PASSED] - Actual text and expected text of test object 'Object Repository/Transfer/transferConfirmationFromAccTypeTxt' are matched.

2022-06-23 14:45:37 - [TEST_STEP][PASSED] - verifyElementText(findTestObject("Transfer/transferConfirmationFromAccNoTxt", ["accNoFrom":accNoFrom]), accNoFrom): Actual text and expected text of test object 'Object Repository/Transfer/transferConfirmationFromAccNoTxt' are matched.

2022-06-23 14:45:37 - [MESSAGE][PASSED] - Actual text and expected text of test object 'Object Repository/Transfer/transferConfirmationFromAccNoTxt' are matched.

2022-06-23 14:45:37 - [TEST_STEP][PASSED] - verifyElementExist(findTestObject("Transfer/transferConfirmationFromAccBalanceTxt"), 0): Element 'Object Repository/Transfer/transferConfirmationFromAccBalanceTxt' is exist

2022-06-23 14:45:37 - [MESSAGE][WARNING] - Timeout '0' is invalid. Using default page load timeout: '40'

2022-06-23 14:45:37 - [MESSAGE][PASSED] - Element 'Object Repository/Transfer/transferConfirmationFromAccBalanceTxt' is exist

2022-06-23 14:45:37 - [TEST_STEP][PASSED] - accountBalance = getText(findTestObject("Transfer/transferConfirmationFromAccBalanceTxt"), 0): Text of element 'Object Repository/Transfer/transferConfirmationFromAccBalanceTxt' is: 'RM 2,302.04'

2022-06-23 14:45:37 - [MESSAGE][WARNING] - Timeout '0' is invalid. Using default page load timeout: '40'

2022-06-23 14:45:37 - [MESSAGE][PASSED] - Text of element 'Object Repository/Transfer/transferConfirmationFromAccBalanceTxt' is: 'RM 2,302.04'

2022-06-23 14:45:37 - [TEST_STEP][PASSED] - println(accountBalance): null

2022-06-23 14:45:37 - [TEST_STEP][PASSED] - waitForElementPresent(findTestObject("Main/mainPayNowBtn"), 5): Element 'Object Repository/Main/mainPayNowBtn' is present

2022-06-23 14:45:37 - [MESSAGE][PASSED] - Element 'Object Repository/Main/mainPayNowBtn' is present

2022-06-23 14:45:37 - [TEST_STEP][PASSED] - tap(findTestObject("Main/mainPayNowBtn"), 0): Tapped on element 'Object Repository/Main/mainPayNowBtn'

2022-06-23 14:45:37 - [MESSAGE][WARNING] - Timeout '0' is invalid. Using default page load timeout: '40'

2022-06-23 14:45:38 - [MESSAGE][PASSED] - Tapped on element 'Object Repository/Main/mainPayNowBtn'

2022-06-23 14:45:38 - [TEST_STEP][PASSED] - if (verifyElementVisible(findTestObject("Festive Season/festiveReturnAngpaoTACNoTxt"), 10, OPTIONAL)): Element 'Object Repository/Main/mainS2UApproveBtn' not found

2022-06-23 14:45:48 - [MESSAGE][WARNING] - Element 'Object Repository/Festive Season/festiveReturnAngpaoTACNoTxt' not found

2022-06-23 14:45:58 - [MESSAGE][WARNING] - Element 'Object Repository/Main/mainS2UApproveBtn' not found

2022-06-23 14:45:58 - [TEST_STEP][PASSED] - verifyElementExist(findTestObject("Festive Season/returnAngpaoStatusMessageTxt"), 0): Element 'Object Repository/Festive Season/returnAngpaoStatusMessageTxt' is exist

2022-06-23 14:45:58 - [MESSAGE][WARNING] - Timeout '0' is invalid. Using default page load timeout: '40'

2022-06-23 14:45:58 - [MESSAGE][PASSED] - Element 'Object Repository/Festive Season/returnAngpaoStatusMessageTxt' is exist

2022-06-23 14:45:58 - [TEST_STEP][PASSED] - message = getText(findTestObject("Festive Season/returnAngpaoStatusMessageTxt"), 10): Text of element 'Object Repository/Festive Season/returnAngpaoStatusMessageTxt' is: 'Payment successful'

2022-06-23 14:45:58 - [MESSAGE][PASSED] - Text of element 'Object Repository/Festive Season/returnAngpaoStatusMessageTxt' is: 'Payment successful'

2022-06-23 14:45:58 - [TEST_STEP][PASSED] - println(message): null

2022-06-23 14:45:58 - [TEST_STEP][PASSED] - assert message == successTransactionMessage: null

2022-06-23 14:45:58 - [TEST_STEP][PASSED] - delay(5): Delayed 5 second(s)

2022-06-23 14:46:03 - [MESSAGE][PASSED] - Delayed 5 second(s)

2022-06-23 14:46:03 - [TEST_STEP][PASSED] - verifyElementExist(findTestObject("Paybill/payBillsSummaryDateTimeTitleTxt"), 0): Element 'Object Repository/Paybill/payBillsSummaryDateTimeTitleTxt' is exist

2022-06-23 14:46:03 - [MESSAGE][WARNING] - Timeout '0' is invalid. Using default page load timeout: '40'

2022-06-23 14:46:03 - [MESSAGE][PASSED] - Element 'Object Repository/Paybill/payBillsSummaryDateTimeTitleTxt' is exist

2022-06-23 14:46:03 - [TEST_STEP][PASSED] - verifyElementExist(findTestObject("Duit Now/duitNowSummaryRefernceIDTitleTxt"), 0): Element 'Object Repository/Duit Now/duitNowSummaryRefernceIDTitleTxt' is exist

2022-06-23 14:46:03 - [MESSAGE][WARNING] - Timeout '0' is invalid. Using default page load timeout: '40'

2022-06-23 14:46:03 - [MESSAGE][PASSED] - Element 'Object Repository/Duit Now/duitNowSummaryRefernceIDTitleTxt' is exist

2022-06-23 14:46:03 - [TEST_STEP][PASSED] - verifyElementExist(findTestObject("Transfer/transferSummaryShareReceiptBtn"), 0): Element 'Object Repository/Transfer/transferSummaryShareReceiptBtn' is exist

2022-06-23 14:46:03 - [MESSAGE][WARNING] - Timeout '0' is invalid. Using default page load timeout: '40'

2022-06-23 14:46:04 - [MESSAGE][PASSED] - Element 'Object Repository/Transfer/transferSummaryShareReceiptBtn' is exist

2022-06-23 14:46:04 - [TEST_STEP][PASSED] - delay(5): Delayed 5 second(s)

2022-06-23 14:46:09 - [MESSAGE][PASSED] - Delayed 5 second(s)

2022-06-23 14:46:09 - [TEST_STEP][PASSED] - referenceID = getText(findTestObject("Send Request Money/requestMoneyPaySummaryRefIDTxt"), 0): Text of element 'Object Repository/Send Request Money/requestMoneyPaySummaryRefIDTxt' is: 'Reference ID'

2022-06-23 14:46:09 - [MESSAGE][WARNING] - Timeout '0' is invalid. Using default page load timeout: '40'

2022-06-23 14:46:09 - [MESSAGE][PASSED] - Text of element 'Object Repository/Send Request Money/requestMoneyPaySummaryRefIDTxt' is: 'Reference ID'

2022-06-23 14:46:09 - [TEST_STEP][PASSED] - println(referenceID): null

2022-06-23 14:46:09 - [TEST_STEP][PASSED] - test = dataFolder: null

2022-06-23 14:46:09 - [TEST_STEP][PASSED] - sheetName = "Sheet1": null

2022-06-23 14:46:09 - [TEST_STEP][PASSED] - file1 = new java.io.File(test): null

2022-06-23 14:46:09 - [TEST_STEP][PASSED] - assert file1.exists() == true: null

2022-06-23 14:46:09 - [TEST_STEP][PASSED] - woorkbook1 = getWorkbook(test): null

2022-06-23 14:46:09 - [TEST_STEP][PASSED] - sheet1 = getExcelSheet(woorkbook1, sheetName): null

2022-06-23 14:46:09 - [TEST_STEP][PASSED] - setValueToCellByIndex(sheet1, 4, 1, referenceID): null

2022-06-23 14:46:09 - [TEST_STEP][PASSED] - saveWorkbook(test, woorkbook1): null

2022-06-23 14:46:09 - [TEST_STEP][PASSED] - delay(3): Delayed 3 second(s)

2022-06-23 14:46:12 - [MESSAGE][PASSED] - Delayed 3 second(s)

2022-06-23 14:46:12 - [TEST_STEP][PASSED] - verifyElementVisible(findTestObject("Main/mainDoneBtn"), 0): Element 'Object Repository/Main/mainDoneBtn' is visible

2022-06-23 14:46:12 - [MESSAGE][WARNING] - Timeout '0' is invalid. Using default page load timeout: '40'

2022-06-23 14:46:12 - [MESSAGE][PASSED] - Element 'Object Repository/Main/mainDoneBtn' is visible

2022-06-23 14:46:12 - [TEST_STEP][PASSED] - takeScreenshot("/Users/a00139272/Desktop/Screenshot/payBillsFav.png"): Screenshot is taken

2022-06-23 14:46:13 - [MESSAGE][PASSED] - Screenshot is taken
[[ATTACHMENT|/Users/a00139272/Desktop/Screenshot/payBillsFav.png]]

2022-06-23 14:46:13 - [TEST_STEP][PASSED] - tap(findTestObject("Main/mainDoneBtn"), 0): Tapped on element 'Object Repository/Main/mainDoneBtn'

2022-06-23 14:46:13 - [MESSAGE][WARNING] - Timeout '0' is invalid. Using default page load timeout: '40'

2022-06-23 14:46:13 - [MESSAGE][PASSED] - Tapped on element 'Object Repository/Main/mainDoneBtn'

2022-06-23 14:46:13 - [TEST_STEP][PASSED] - delay(3): Delayed 3 second(s)

2022-06-23 14:46:16 - [MESSAGE][PASSED] - Delayed 3 second(s)]]></system-out>
         <system-err><![CDATA[]]></system-err>
      </testcase>
      <testcase name="Test Cases/JomPay/jomPay_todayTransaction" time="78.468" classname="Test Cases/JomPay/jomPay_todayTransaction" status="PASSED">
         <system-out><![CDATA[2022-06-23 14:46:16 - [TEST_CASE][PASSED] - Test Cases/JomPay/jomPay_todayTransaction: Test Cases/JomPay/jomPay_todayTransaction

2022-06-23 14:46:16 - [TEST_STEP][PASSED] - device_Height = getDeviceHeight(): Current device physical height is 2167

2022-06-23 14:46:17 - [MESSAGE][PASSED] - Current device physical height is 2167

2022-06-23 14:46:17 - [TEST_STEP][PASSED] - device_Width = getDeviceWidth(): Current device physical width is 1080

2022-06-23 14:46:17 - [MESSAGE][PASSED] - Current device physical width is 1080

2022-06-23 14:46:17 - [TEST_STEP][PASSED] - startX = device_Width / 3: null

2022-06-23 14:46:17 - [TEST_STEP][PASSED] - startY = device_Height * 0.97: null

2022-06-23 14:46:17 - [TEST_STEP][PASSED] - verifyElementExist(findTestObject("Banking/m2uAccountPayBillsIconSelect"), 0): Element 'Object Repository/Banking/m2uAccountPayBillsIconSelect' is exist

2022-06-23 14:46:17 - [MESSAGE][WARNING] - Timeout '0' is invalid. Using default page load timeout: '40'

2022-06-23 14:46:17 - [MESSAGE][PASSED] - Element 'Object Repository/Banking/m2uAccountPayBillsIconSelect' is exist

2022-06-23 14:46:17 - [TEST_STEP][PASSED] - tap(findTestObject("Banking/m2uAccountPayBillsIconSelect"), 0): Tapped on element 'Object Repository/Banking/m2uAccountPayBillsIconSelect'

2022-06-23 14:46:17 - [MESSAGE][WARNING] - Timeout '0' is invalid. Using default page load timeout: '40'

2022-06-23 14:46:18 - [MESSAGE][PASSED] - Tapped on element 'Object Repository/Banking/m2uAccountPayBillsIconSelect'

2022-06-23 14:46:18 - [TEST_STEP][PASSED] - println("JOMPAY OFF US"): null

2022-06-23 14:46:18 - [TEST_STEP][PASSED] - verifyElementExist(findTestObject("JomPay/payBillsJomPayTopMenuSelect"), 0): Element 'Object Repository/JomPay/payBillsJomPayTopMenuSelect' is exist

2022-06-23 14:46:18 - [MESSAGE][WARNING] - Timeout '0' is invalid. Using default page load timeout: '40'

2022-06-23 14:46:23 - [MESSAGE][PASSED] - Element 'Object Repository/JomPay/payBillsJomPayTopMenuSelect' is exist

2022-06-23 14:46:23 - [TEST_STEP][PASSED] - tap(findTestObject("JomPay/payBillsJomPayTopMenuSelect"), 0): Tapped on element 'Object Repository/JomPay/payBillsJomPayTopMenuSelect'

2022-06-23 14:46:23 - [MESSAGE][WARNING] - Timeout '0' is invalid. Using default page load timeout: '40'

2022-06-23 14:46:23 - [MESSAGE][PASSED] - Tapped on element 'Object Repository/JomPay/payBillsJomPayTopMenuSelect'

2022-06-23 14:46:23 - [TEST_STEP][PASSED] - verifyElementExist(findTestObject("JomPay/jomPayIconSelect"), 0): Element 'Object Repository/JomPay/jomPayIconSelect' is exist

2022-06-23 14:46:23 - [MESSAGE][WARNING] - Timeout '0' is invalid. Using default page load timeout: '40'

2022-06-23 14:46:24 - [MESSAGE][PASSED] - Element 'Object Repository/JomPay/jomPayIconSelect' is exist

2022-06-23 14:46:24 - [TEST_STEP][PASSED] - tap(findTestObject("JomPay/jomPayIconSelect"), 0): Tapped on element 'Object Repository/JomPay/jomPayIconSelect'

2022-06-23 14:46:24 - [MESSAGE][WARNING] - Timeout '0' is invalid. Using default page load timeout: '40'

2022-06-23 14:46:25 - [MESSAGE][PASSED] - Tapped on element 'Object Repository/JomPay/jomPayIconSelect'

2022-06-23 14:46:25 - [TEST_STEP][PASSED] - delay(3): Delayed 3 second(s)

2022-06-23 14:46:28 - [MESSAGE][PASSED] - Delayed 3 second(s)

2022-06-23 14:46:28 - [TEST_STEP][PASSED] - verifyElementExist(findTestObject("Object Repository/JomPay/jomPayHeaderTxt"), 0): Element 'Object Repository/JomPay/jomPayHeaderTxt' is exist

2022-06-23 14:46:28 - [MESSAGE][WARNING] - Timeout '0' is invalid. Using default page load timeout: '40'

2022-06-23 14:46:28 - [MESSAGE][PASSED] - Element 'Object Repository/JomPay/jomPayHeaderTxt' is exist

2022-06-23 14:46:28 - [TEST_STEP][PASSED] - verifyElementExist(findTestObject("Object Repository/JomPay/jomPayBillerCodeTitleTxt"), 0): Element 'Object Repository/JomPay/jomPayBillerCodeTitleTxt' is exist

2022-06-23 14:46:28 - [MESSAGE][WARNING] - Timeout '0' is invalid. Using default page load timeout: '40'

2022-06-23 14:46:28 - [MESSAGE][PASSED] - Element 'Object Repository/JomPay/jomPayBillerCodeTitleTxt' is exist

2022-06-23 14:46:28 - [TEST_STEP][PASSED] - verifyElementExist(findTestObject("Object Repository/JomPay/jomPayReference1TitleTxt"), 0): Element 'Object Repository/JomPay/jomPayReference1TitleTxt' is exist

2022-06-23 14:46:28 - [MESSAGE][WARNING] - Timeout '0' is invalid. Using default page load timeout: '40'

2022-06-23 14:46:28 - [MESSAGE][PASSED] - Element 'Object Repository/JomPay/jomPayReference1TitleTxt' is exist

2022-06-23 14:46:28 - [TEST_STEP][PASSED] - verifyElementExist(findTestObject("Object Repository/JomPay/jomPayReference2TitleTxt"), 0): Element 'Object Repository/JomPay/jomPayReference2TitleTxt' is exist

2022-06-23 14:46:28 - [MESSAGE][WARNING] - Timeout '0' is invalid. Using default page load timeout: '40'

2022-06-23 14:46:28 - [MESSAGE][PASSED] - Element 'Object Repository/JomPay/jomPayReference2TitleTxt' is exist

2022-06-23 14:46:28 - [TEST_STEP][PASSED] - setText(findTestObject("JomPay/jomPayBillerInputField"), findTestData("TestData").getValue(8, 1), 0): Text '3657' has been set to element 'Object Repository/JomPay/jomPayBillerInputField'

2022-06-23 14:46:28 - [MESSAGE][WARNING] - Timeout '0' is invalid. Using default page load timeout: '40'

2022-06-23 14:46:29 - [MESSAGE][PASSED] - Text '3657' has been set to element 'Object Repository/JomPay/jomPayBillerInputField'

2022-06-23 14:46:29 - [TEST_STEP][PASSED] - setText(findTestObject("JomPay/jomPayBillerRefInputField"), findTestData("TestData").getValue(9, 1), 0): Text '568964' has been set to element 'Object Repository/JomPay/jomPayBillerRefInputField'

2022-06-23 14:46:29 - [MESSAGE][WARNING] - Timeout '0' is invalid. Using default page load timeout: '40'

2022-06-23 14:46:30 - [MESSAGE][PASSED] - Text '568964' has been set to element 'Object Repository/JomPay/jomPayBillerRefInputField'

2022-06-23 14:46:30 - [TEST_STEP][PASSED] - hideKeyboard(): Keyboard is hidden

2022-06-23 14:46:31 - [MESSAGE][PASSED] - Keyboard is hidden

2022-06-23 14:46:31 - [TEST_STEP][PASSED] - tap(findTestObject("Login Onboarding/loginExistingContinueBtn"), 0): Tapped on element 'Object Repository/Login Onboarding/loginExistingContinueBtn'

2022-06-23 14:46:31 - [MESSAGE][WARNING] - Timeout '0' is invalid. Using default page load timeout: '40'

2022-06-23 14:46:31 - [MESSAGE][PASSED] - Tapped on element 'Object Repository/Login Onboarding/loginExistingContinueBtn'

2022-06-23 14:46:31 - [TEST_STEP][PASSED] - verifyElementExist(findTestObject("JomPay/jomPayBillerCodeTxt", ["billerCode":findTestData("TestData").getValue(8, 1)]), 0): Element 'Object Repository/JomPay/jomPayBillerCodeTxt' is exist

2022-06-23 14:46:31 - [MESSAGE][WARNING] - Timeout '0' is invalid. Using default page load timeout: '40'

2022-06-23 14:46:35 - [MESSAGE][PASSED] - Element 'Object Repository/JomPay/jomPayBillerCodeTxt' is exist

2022-06-23 14:46:35 - [TEST_STEP][PASSED] - verifyElementExist(findTestObject("JomPay/jomPayBillerRefTxt", ["refNum":findTestData("TestData").getValue(9, 1)]), 0): Element 'Object Repository/JomPay/jomPayBillerRefTxt' is exist

2022-06-23 14:46:35 - [MESSAGE][WARNING] - Timeout '0' is invalid. Using default page load timeout: '40'

2022-06-23 14:46:36 - [MESSAGE][PASSED] - Element 'Object Repository/JomPay/jomPayBillerRefTxt' is exist

2022-06-23 14:46:36 - [TEST_STEP][PASSED] - verifyElementExist(findTestObject("Object Repository/JomPay/jomPayAmountEnterAmountTitleTxt"), 0): Element 'Object Repository/JomPay/jomPayAmountEnterAmountTitleTxt' is exist

2022-06-23 14:46:36 - [MESSAGE][WARNING] - Timeout '0' is invalid. Using default page load timeout: '40'

2022-06-23 14:46:36 - [MESSAGE][PASSED] - Element 'Object Repository/JomPay/jomPayAmountEnterAmountTitleTxt' is exist

2022-06-23 14:46:36 - [TEST_STEP][PASSED] - verifyElementExist(findTestObject("Object Repository/JomPay/jomPayAmountInitialTxt"), 0): Element 'Object Repository/JomPay/jomPayAmountInitialTxt' is exist

2022-06-23 14:46:36 - [MESSAGE][WARNING] - Timeout '0' is invalid. Using default page load timeout: '40'

2022-06-23 14:46:36 - [MESSAGE][PASSED] - Element 'Object Repository/JomPay/jomPayAmountInitialTxt' is exist

2022-06-23 14:46:36 - [TEST_STEP][PASSED] - verifyElementExist(findTestObject("Object Repository/JomPay/jomPayAmountEnterAmountTitleTxt"), 0): Element 'Object Repository/JomPay/jomPayAmountEnterAmountTitleTxt' is exist

2022-06-23 14:46:36 - [MESSAGE][WARNING] - Timeout '0' is invalid. Using default page load timeout: '40'

2022-06-23 14:46:36 - [MESSAGE][PASSED] - Element 'Object Repository/JomPay/jomPayAmountEnterAmountTitleTxt' is exist

2022-06-23 14:46:36 - [TEST_STEP][PASSED] - trxAmount = findTestData("TestData").getValue(3, 1): null

2022-06-23 14:46:37 - [TEST_STEP][PASSED] - length = trxAmount.length(): null

2022-06-23 14:46:37 - [TEST_STEP][PASSED] - delay(5): Delayed 5 second(s)

2022-06-23 14:46:42 - [MESSAGE][PASSED] - Delayed 5 second(s)

2022-06-23 14:46:42 - [TEST_STEP][PASSED] - tapAtPosition(startX, startY): Tapped at [360, 2,101]

2022-06-23 14:46:42 - [MESSAGE][PASSED] - Tapped at [360, 2,101]

2022-06-23 14:46:42 - [TEST_STEP][PASSED] - for ([i = 0, i < length, (i++)]): null

2022-06-23 14:46:42 - [TEST_STEP][PASSED] - if (trxAmount[i] == "0"): null

2022-06-23 14:46:42 - [TEST_STEP][PASSED] - if (trxAmount[i] == "1"): Tapped on element 'Object Repository/Login Onboarding/PIN1'

2022-06-23 14:46:42 - [TEST_STEP][PASSED] - tap(findTestObject("Login Onboarding/PIN1"), 0): Tapped on element 'Object Repository/Login Onboarding/PIN1'

2022-06-23 14:46:42 - [MESSAGE][WARNING] - Timeout '0' is invalid. Using default page load timeout: '40'

2022-06-23 14:46:42 - [MESSAGE][PASSED] - Tapped on element 'Object Repository/Login Onboarding/PIN1'

2022-06-23 14:46:42 - [TEST_STEP][PASSED] - if (trxAmount[i] == "2"): null

2022-06-23 14:46:42 - [TEST_STEP][PASSED] - if (trxAmount[i] == "3"): null

2022-06-23 14:46:42 - [TEST_STEP][PASSED] - if (trxAmount[i] == "4"): null

2022-06-23 14:46:42 - [TEST_STEP][PASSED] - if (trxAmount[i] == "5"): null

2022-06-23 14:46:42 - [TEST_STEP][PASSED] - if (trxAmount[i] == "6"): null

2022-06-23 14:46:42 - [TEST_STEP][PASSED] - if (trxAmount[i] == "7"): null

2022-06-23 14:46:42 - [TEST_STEP][PASSED] - if (trxAmount[i] == "8"): null

2022-06-23 14:46:42 - [TEST_STEP][PASSED] - if (trxAmount[i] == "9"): null

2022-06-23 14:46:42 - [TEST_STEP][PASSED] - if (trxAmount[i] == "0"): Tapped on element 'Object Repository/Login Onboarding/PIN0'

2022-06-23 14:46:42 - [TEST_STEP][PASSED] - tap(findTestObject("Login Onboarding/PIN0"), 0): Tapped on element 'Object Repository/Login Onboarding/PIN0'

2022-06-23 14:46:42 - [MESSAGE][WARNING] - Timeout '0' is invalid. Using default page load timeout: '40'

2022-06-23 14:46:42 - [MESSAGE][PASSED] - Tapped on element 'Object Repository/Login Onboarding/PIN0'

2022-06-23 14:46:42 - [TEST_STEP][PASSED] - if (trxAmount[i] == "1"): null

2022-06-23 14:46:42 - [TEST_STEP][PASSED] - if (trxAmount[i] == "2"): null

2022-06-23 14:46:42 - [TEST_STEP][PASSED] - if (trxAmount[i] == "3"): null

2022-06-23 14:46:42 - [TEST_STEP][PASSED] - if (trxAmount[i] == "4"): null

2022-06-23 14:46:42 - [TEST_STEP][PASSED] - if (trxAmount[i] == "5"): null

2022-06-23 14:46:42 - [TEST_STEP][PASSED] - if (trxAmount[i] == "6"): null

2022-06-23 14:46:42 - [TEST_STEP][PASSED] - if (trxAmount[i] == "7"): null

2022-06-23 14:46:42 - [TEST_STEP][PASSED] - if (trxAmount[i] == "8"): null

2022-06-23 14:46:42 - [TEST_STEP][PASSED] - if (trxAmount[i] == "9"): null

2022-06-23 14:46:42 - [TEST_STEP][PASSED] - if (trxAmount[i] == "0"): Tapped on element 'Object Repository/Login Onboarding/PIN0'

2022-06-23 14:46:42 - [TEST_STEP][PASSED] - tap(findTestObject("Login Onboarding/PIN0"), 0): Tapped on element 'Object Repository/Login Onboarding/PIN0'

2022-06-23 14:46:42 - [MESSAGE][WARNING] - Timeout '0' is invalid. Using default page load timeout: '40'

2022-06-23 14:46:42 - [MESSAGE][PASSED] - Tapped on element 'Object Repository/Login Onboarding/PIN0'

2022-06-23 14:46:42 - [TEST_STEP][PASSED] - if (trxAmount[i] == "1"): null

2022-06-23 14:46:42 - [TEST_STEP][PASSED] - if (trxAmount[i] == "2"): null

2022-06-23 14:46:42 - [TEST_STEP][PASSED] - if (trxAmount[i] == "3"): null

2022-06-23 14:46:42 - [TEST_STEP][PASSED] - if (trxAmount[i] == "4"): null

2022-06-23 14:46:42 - [TEST_STEP][PASSED] - if (trxAmount[i] == "5"): null

2022-06-23 14:46:42 - [TEST_STEP][PASSED] - if (trxAmount[i] == "6"): null

2022-06-23 14:46:42 - [TEST_STEP][PASSED] - if (trxAmount[i] == "7"): null

2022-06-23 14:46:42 - [TEST_STEP][PASSED] - if (trxAmount[i] == "8"): null

2022-06-23 14:46:42 - [TEST_STEP][PASSED] - if (trxAmount[i] == "9"): null

2022-06-23 14:46:42 - [TEST_STEP][PASSED] - delay(5): Delayed 5 second(s)

2022-06-23 14:46:47 - [MESSAGE][PASSED] - Delayed 5 second(s)

2022-06-23 14:46:47 - [TEST_STEP][PASSED] - tap(findTestObject("JomPay/jomPayAmountTickBtn"), 0): Tapped on element 'Object Repository/JomPay/jomPayAmountTickBtn'

2022-06-23 14:46:47 - [MESSAGE][WARNING] - Timeout '0' is invalid. Using default page load timeout: '40'

2022-06-23 14:46:48 - [MESSAGE][PASSED] - Tapped on element 'Object Repository/JomPay/jomPayAmountTickBtn'

2022-06-23 14:46:48 - [TEST_STEP][PASSED] - verifyElementExist(findTestObject("JomPay/jomPayConfirmationAmountTxt", ["amount":findTestData("TestData").getValue(4, 1)]), 0): Element 'Object Repository/JomPay/jomPayConfirmationAmountTxt' is exist

2022-06-23 14:46:48 - [MESSAGE][WARNING] - Timeout '0' is invalid. Using default page load timeout: '40'

2022-06-23 14:46:55 - [MESSAGE][PASSED] - Element 'Object Repository/JomPay/jomPayConfirmationAmountTxt' is exist

2022-06-23 14:46:55 - [TEST_STEP][PASSED] - verifyElementExist(findTestObject("Object Repository/JomPay/jomPayConfirmationBillerCodeTxt", ["billerCode":findTestData("TestData").getValue(8, 2)]), 0): Element 'Object Repository/JomPay/jomPayConfirmationBillerCodeTxt' is exist

2022-06-23 14:46:55 - [MESSAGE][WARNING] - Timeout '0' is invalid. Using default page load timeout: '40'

2022-06-23 14:46:55 - [MESSAGE][PASSED] - Element 'Object Repository/JomPay/jomPayConfirmationBillerCodeTxt' is exist

2022-06-23 14:46:55 - [TEST_STEP][PASSED] - verifyElementExist(findTestObject("JomPay/jomPayConfirmationBillerRefTxt", ["billRef":findTestData("TestData").getValue(10, 1)]), 0): Element 'Object Repository/JomPay/jomPayConfirmationBillerRefTxt' is exist

2022-06-23 14:46:55 - [MESSAGE][WARNING] - Timeout '0' is invalid. Using default page load timeout: '40'

2022-06-23 14:46:55 - [MESSAGE][PASSED] - Element 'Object Repository/JomPay/jomPayConfirmationBillerRefTxt' is exist

2022-06-23 14:46:55 - [TEST_STEP][PASSED] - verifyElementExist(findTestObject("Object Repository/JomPay/jomPayConfirmationDateTxt"), 0): Element 'Object Repository/JomPay/jomPayConfirmationDateTxt' is exist

2022-06-23 14:46:55 - [MESSAGE][WARNING] - Timeout '0' is invalid. Using default page load timeout: '40'

2022-06-23 14:46:55 - [MESSAGE][PASSED] - Element 'Object Repository/JomPay/jomPayConfirmationDateTxt' is exist

2022-06-23 14:46:55 - [TEST_STEP][PASSED] - verifyElementExist(findTestObject("Object Repository/JomPay/jomPayConfirmationDateTitleTxt"), 0): Element 'Object Repository/JomPay/jomPayConfirmationDateTitleTxt' is exist

2022-06-23 14:46:55 - [MESSAGE][WARNING] - Timeout '0' is invalid. Using default page load timeout: '40'

2022-06-23 14:46:55 - [MESSAGE][PASSED] - Element 'Object Repository/JomPay/jomPayConfirmationDateTitleTxt' is exist

2022-06-23 14:46:55 - [TEST_STEP][PASSED] - verifyElementExist(findTestObject("Object Repository/JomPay/jomPayConfirmationDeclarationTitleTxt"), 0): Element 'Object Repository/JomPay/jomPayConfirmationDeclarationTitleTxt' is exist

2022-06-23 14:46:55 - [MESSAGE][WARNING] - Timeout '0' is invalid. Using default page load timeout: '40'

2022-06-23 14:46:56 - [MESSAGE][PASSED] - Element 'Object Repository/JomPay/jomPayConfirmationDeclarationTitleTxt' is exist

2022-06-23 14:46:56 - [TEST_STEP][PASSED] - verifyElementExist(findTestObject("Object Repository/JomPay/jomPayConfirmationDeclarationNotesTxt"), 0): Element 'Object Repository/JomPay/jomPayConfirmationDeclarationNotesTxt' is exist

2022-06-23 14:46:56 - [MESSAGE][WARNING] - Timeout '0' is invalid. Using default page load timeout: '40'

2022-06-23 14:46:56 - [MESSAGE][PASSED] - Element 'Object Repository/JomPay/jomPayConfirmationDeclarationNotesTxt' is exist

2022-06-23 14:46:56 - [TEST_STEP][PASSED] - verifyElementExist(findTestObject("Object Repository/JomPay/jomPayConfirmationRef2TitleTxt"), 0): Element 'Object Repository/JomPay/jomPayConfirmationRef2TitleTxt' is exist

2022-06-23 14:46:56 - [MESSAGE][WARNING] - Timeout '0' is invalid. Using default page load timeout: '40'

2022-06-23 14:46:56 - [MESSAGE][PASSED] - Element 'Object Repository/JomPay/jomPayConfirmationRef2TitleTxt' is exist

2022-06-23 14:46:56 - [TEST_STEP][PASSED] - verifyElementExist(findTestObject("Object Repository/JomPay/jomPayConfirmationTnCTitleTxt"), 0): Element 'Object Repository/JomPay/jomPayConfirmationTnCTitleTxt' is exist

2022-06-23 14:46:57 - [MESSAGE][WARNING] - Timeout '0' is invalid. Using default page load timeout: '40'

2022-06-23 14:46:57 - [MESSAGE][PASSED] - Element 'Object Repository/JomPay/jomPayConfirmationTnCTitleTxt' is exist

2022-06-23 14:46:57 - [TEST_STEP][PASSED] - verifyElementText(findTestObject("Transfer/transferConfirmationFromAccTypeTxt", ["accType":findTestData("TestData").getValue(5, 1)]), findTestData("TestData").getValue(5, 1)): Actual text and expected text of test object 'Object Repository/Transfer/transferConfirmationFromAccTypeTxt' are matched.

2022-06-23 14:46:57 - [MESSAGE][PASSED] - Actual text and expected text of test object 'Object Repository/Transfer/transferConfirmationFromAccTypeTxt' are matched.

2022-06-23 14:46:57 - [TEST_STEP][PASSED] - verifyElementText(findTestObject("Transfer/transferConfirmationFromAccNoTxt", ["accNoFrom":findTestData("TestData").getValue(6, 1)]), findTestData("TestData").getValue(6, 1)): Actual text and expected text of test object 'Object Repository/Transfer/transferConfirmationFromAccNoTxt' are matched.

2022-06-23 14:46:58 - [MESSAGE][PASSED] - Actual text and expected text of test object 'Object Repository/Transfer/transferConfirmationFromAccNoTxt' are matched.

2022-06-23 14:46:58 - [TEST_STEP][PASSED] - verifyElementExist(findTestObject("Transfer/transferConfirmationFromAccBalanceTxt"), 0): Element 'Object Repository/Transfer/transferConfirmationFromAccBalanceTxt' is exist

2022-06-23 14:46:58 - [MESSAGE][WARNING] - Timeout '0' is invalid. Using default page load timeout: '40'

2022-06-23 14:46:58 - [MESSAGE][PASSED] - Element 'Object Repository/Transfer/transferConfirmationFromAccBalanceTxt' is exist

2022-06-23 14:46:58 - [TEST_STEP][PASSED] - accountBalance = getText(findTestObject("Transfer/transferConfirmationFromAccBalanceTxt"), 0): Text of element 'Object Repository/Transfer/transferConfirmationFromAccBalanceTxt' is: 'RM 2,302.04'

2022-06-23 14:46:58 - [MESSAGE][WARNING] - Timeout '0' is invalid. Using default page load timeout: '40'

2022-06-23 14:46:58 - [MESSAGE][PASSED] - Text of element 'Object Repository/Transfer/transferConfirmationFromAccBalanceTxt' is: 'RM 2,302.04'

2022-06-23 14:46:58 - [TEST_STEP][PASSED] - println(accountBalance): null

2022-06-23 14:46:58 - [TEST_STEP][PASSED] - verifyElementExist(findTestObject("Main/mainPayNowBtn"), 0): Element 'Object Repository/Main/mainPayNowBtn' is exist

2022-06-23 14:46:58 - [MESSAGE][WARNING] - Timeout '0' is invalid. Using default page load timeout: '40'

2022-06-23 14:46:58 - [MESSAGE][PASSED] - Element 'Object Repository/Main/mainPayNowBtn' is exist

2022-06-23 14:46:58 - [TEST_STEP][PASSED] - verifyElementExist(findTestObject("Main/mainPayNowBtn"), 0): Element 'Object Repository/Main/mainPayNowBtn' is exist

2022-06-23 14:46:58 - [MESSAGE][WARNING] - Timeout '0' is invalid. Using default page load timeout: '40'

2022-06-23 14:46:59 - [MESSAGE][PASSED] - Element 'Object Repository/Main/mainPayNowBtn' is exist

2022-06-23 14:46:59 - [TEST_STEP][PASSED] - tap(findTestObject("Main/mainPayNowBtn"), 0): Tapped on element 'Object Repository/Main/mainPayNowBtn'

2022-06-23 14:46:59 - [MESSAGE][WARNING] - Timeout '0' is invalid. Using default page load timeout: '40'

2022-06-23 14:46:59 - [MESSAGE][PASSED] - Tapped on element 'Object Repository/Main/mainPayNowBtn'

2022-06-23 14:46:59 - [TEST_STEP][PASSED] - delay(3): Delayed 3 second(s)

2022-06-23 14:47:02 - [MESSAGE][PASSED] - Delayed 3 second(s)

2022-06-23 14:47:02 - [TEST_STEP][PASSED] - if (verifyElementVisible(findTestObject("Festive Season/festiveReturnAngpaoTACNoTxt"), 10, OPTIONAL)): Element 'Object Repository/Festive Season/festiveReturnAngpaoTACNoTxt' not found

2022-06-23 14:47:12 - [MESSAGE][WARNING] - Element 'Object Repository/Festive Season/festiveReturnAngpaoTACNoTxt' not found

2022-06-23 14:47:12 - [TEST_STEP][PASSED] - else: Tapped on element 'Object Repository/Main/mainS2UApproveBtn'

2022-06-23 14:47:12 - [TEST_STEP][PASSED] - delay(5): Delayed 5 second(s)

2022-06-23 14:47:17 - [MESSAGE][PASSED] - Delayed 5 second(s)

2022-06-23 14:47:17 - [TEST_STEP][PASSED] - verifyElementVisible(findTestObject("Main/mainS2UApproveBtn"), 10): Element 'Object Repository/Main/mainS2UApproveBtn' is visible

2022-06-23 14:47:17 - [MESSAGE][PASSED] - Element 'Object Repository/Main/mainS2UApproveBtn' is visible

2022-06-23 14:47:17 - [TEST_STEP][PASSED] - tap(findTestObject("Main/mainS2UApproveBtn"), 0): Tapped on element 'Object Repository/Main/mainS2UApproveBtn'

2022-06-23 14:47:17 - [MESSAGE][WARNING] - Timeout '0' is invalid. Using default page load timeout: '40'

2022-06-23 14:47:17 - [MESSAGE][PASSED] - Tapped on element 'Object Repository/Main/mainS2UApproveBtn'

2022-06-23 14:47:17 - [TEST_STEP][PASSED] - delay(5): Delayed 5 second(s)

2022-06-23 14:47:22 - [MESSAGE][PASSED] - Delayed 5 second(s)

2022-06-23 14:47:22 - [TEST_STEP][PASSED] - verifyElementText(findTestObject("JomPay/jomPaySummarySuccesfulTxt"), findTestData("TestData").getValue(7, 1)): Actual text and expected text of test object 'Object Repository/JomPay/jomPaySummarySuccesfulTxt' are matched.

2022-06-23 14:47:23 - [MESSAGE][PASSED] - Actual text and expected text of test object 'Object Repository/JomPay/jomPaySummarySuccesfulTxt' are matched.

2022-06-23 14:47:23 - [TEST_STEP][PASSED] - verifyElementExist(findTestObject("Object Repository/JomPay/jomPaySummaryDateTimeTitleTxt"), 0): Element 'Object Repository/JomPay/jomPaySummaryDateTimeTitleTxt' is exist

2022-06-23 14:47:23 - [MESSAGE][WARNING] - Timeout '0' is invalid. Using default page load timeout: '40'

2022-06-23 14:47:24 - [MESSAGE][PASSED] - Element 'Object Repository/JomPay/jomPaySummaryDateTimeTitleTxt' is exist

2022-06-23 14:47:24 - [TEST_STEP][PASSED] - verifyElementExist(findTestObject("Duit Now/duitNowSummaryRefernceIDTitleTxt"), 0): Element 'Object Repository/Duit Now/duitNowSummaryRefernceIDTitleTxt' is exist

2022-06-23 14:47:24 - [MESSAGE][WARNING] - Timeout '0' is invalid. Using default page load timeout: '40'

2022-06-23 14:47:24 - [MESSAGE][PASSED] - Element 'Object Repository/Duit Now/duitNowSummaryRefernceIDTitleTxt' is exist

2022-06-23 14:47:24 - [TEST_STEP][PASSED] - verifyElementExist(findTestObject("Transfer/transferSummaryShareReceiptBtn"), 0): Element 'Object Repository/Transfer/transferSummaryShareReceiptBtn' is exist

2022-06-23 14:47:24 - [MESSAGE][WARNING] - Timeout '0' is invalid. Using default page load timeout: '40'

2022-06-23 14:47:25 - [MESSAGE][PASSED] - Element 'Object Repository/Transfer/transferSummaryShareReceiptBtn' is exist

2022-06-23 14:47:25 - [TEST_STEP][PASSED] - referenceID = getText(findTestObject("Send Request Money/requestMoneyPaySummaryRefIDTxt"), 0): Text of element 'Object Repository/Send Request Money/requestMoneyPaySummaryRefIDTxt' is: 'Reference ID'

2022-06-23 14:47:25 - [MESSAGE][WARNING] - Timeout '0' is invalid. Using default page load timeout: '40'

2022-06-23 14:47:26 - [MESSAGE][PASSED] - Text of element 'Object Repository/Send Request Money/requestMoneyPaySummaryRefIDTxt' is: 'Reference ID'

2022-06-23 14:47:26 - [TEST_STEP][PASSED] - println(referenceID): null

2022-06-23 14:47:26 - [TEST_STEP][PASSED] - test = dataFolder: null

2022-06-23 14:47:26 - [TEST_STEP][PASSED] - sheetName = "Sheet1": null

2022-06-23 14:47:26 - [TEST_STEP][PASSED] - file1 = new java.io.File(test): null

2022-06-23 14:47:26 - [TEST_STEP][PASSED] - assert file1.exists() == true: null

2022-06-23 14:47:26 - [TEST_STEP][PASSED] - woorkbook1 = getWorkbook(test): null

2022-06-23 14:47:26 - [TEST_STEP][PASSED] - sheet1 = getExcelSheet(woorkbook1, sheetName): null

2022-06-23 14:47:26 - [TEST_STEP][PASSED] - setValueToCellByIndex(sheet1, 4, 1, referenceID): null

2022-06-23 14:47:26 - [TEST_STEP][PASSED] - saveWorkbook(test, woorkbook1): null

2022-06-23 14:47:26 - [TEST_STEP][PASSED] - delay(3): Delayed 3 second(s)

2022-06-23 14:47:29 - [MESSAGE][PASSED] - Delayed 3 second(s)

2022-06-23 14:47:29 - [TEST_STEP][PASSED] - takeScreenshot("/Users/a00139272/Desktop/Screenshot/jomPayInstant.png"): Screenshot is taken

2022-06-23 14:47:29 - [MESSAGE][PASSED] - Screenshot is taken
[[ATTACHMENT|/Users/a00139272/Desktop/Screenshot/jomPayInstant.png]]

2022-06-23 14:47:29 - [TEST_STEP][PASSED] - verifyElementVisible(findTestObject("Main/mainDoneBtn"), 0): Element 'Object Repository/Main/mainDoneBtn' is visible

2022-06-23 14:47:29 - [MESSAGE][WARNING] - Timeout '0' is invalid. Using default page load timeout: '40'

2022-06-23 14:47:30 - [MESSAGE][PASSED] - Element 'Object Repository/Main/mainDoneBtn' is visible

2022-06-23 14:47:30 - [TEST_STEP][PASSED] - tap(findTestObject("Main/mainDoneBtn"), 0): Tapped on element 'Object Repository/Main/mainDoneBtn'

2022-06-23 14:47:30 - [MESSAGE][WARNING] - Timeout '0' is invalid. Using default page load timeout: '40'

2022-06-23 14:47:30 - [MESSAGE][PASSED] - Tapped on element 'Object Repository/Main/mainDoneBtn'

2022-06-23 14:47:30 - [TEST_STEP][PASSED] - delay(5): Delayed 5 second(s)

2022-06-23 14:47:35 - [MESSAGE][PASSED] - Delayed 5 second(s)]]></system-out>
         <system-err><![CDATA[]]></system-err>
      </testcase>
      <testcase name="Test Cases/JomPay/jomPay_scheduleTransaction" time="62.092" classname="Test Cases/JomPay/jomPay_scheduleTransaction" status="PASSED">
         <system-out><![CDATA[2022-06-23 14:47:35 - [TEST_CASE][PASSED] - Test Cases/JomPay/jomPay_scheduleTransaction: Test Cases/JomPay/jomPay_scheduleTransaction

2022-06-23 14:47:35 - [TEST_STEP][PASSED] - device_Height = getDeviceHeight(): Current device physical height is 2167

2022-06-23 14:47:35 - [MESSAGE][PASSED] - Current device physical height is 2167

2022-06-23 14:47:35 - [TEST_STEP][PASSED] - device_Width = getDeviceWidth(): Current device physical width is 1080

2022-06-23 14:47:35 - [MESSAGE][PASSED] - Current device physical width is 1080

2022-06-23 14:47:35 - [TEST_STEP][PASSED] - startX = device_Width / 3: null

2022-06-23 14:47:35 - [TEST_STEP][PASSED] - startY = device_Height * 0.97: null

2022-06-23 14:47:35 - [TEST_STEP][PASSED] - verifyElementExist(findTestObject("Banking/m2uAccountPayBillsIconSelect"), 0): Element 'Object Repository/Banking/m2uAccountPayBillsIconSelect' is exist

2022-06-23 14:47:35 - [MESSAGE][WARNING] - Timeout '0' is invalid. Using default page load timeout: '40'

2022-06-23 14:47:35 - [MESSAGE][PASSED] - Element 'Object Repository/Banking/m2uAccountPayBillsIconSelect' is exist

2022-06-23 14:47:35 - [TEST_STEP][PASSED] - tap(findTestObject("Banking/m2uAccountPayBillsIconSelect"), 0): Tapped on element 'Object Repository/Banking/m2uAccountPayBillsIconSelect'

2022-06-23 14:47:35 - [MESSAGE][WARNING] - Timeout '0' is invalid. Using default page load timeout: '40'

2022-06-23 14:47:36 - [MESSAGE][PASSED] - Tapped on element 'Object Repository/Banking/m2uAccountPayBillsIconSelect'

2022-06-23 14:47:36 - [TEST_STEP][PASSED] - println("JOMPAY Future Transaction"): null

2022-06-23 14:47:36 - [TEST_STEP][PASSED] - tap(findTestObject("JomPay/payBillsJomPayTopMenuSelect"), 30): Tapped on element 'Object Repository/JomPay/payBillsJomPayTopMenuSelect'

2022-06-23 14:47:40 - [MESSAGE][PASSED] - Tapped on element 'Object Repository/JomPay/payBillsJomPayTopMenuSelect'

2022-06-23 14:47:40 - [TEST_STEP][PASSED] - tap(findTestObject("JomPay/jomPayIconSelect"), 0): Tapped on element 'Object Repository/JomPay/jomPayIconSelect'

2022-06-23 14:47:41 - [MESSAGE][WARNING] - Timeout '0' is invalid. Using default page load timeout: '40'

2022-06-23 14:47:42 - [MESSAGE][PASSED] - Tapped on element 'Object Repository/JomPay/jomPayIconSelect'

2022-06-23 14:47:42 - [TEST_STEP][PASSED] - setText(findTestObject("JomPay/jomPayBillerInputField"), findTestData("TestData").getValue(8, 1), 0): Text '3657' has been set to element 'Object Repository/JomPay/jomPayBillerInputField'

2022-06-23 14:47:42 - [MESSAGE][WARNING] - Timeout '0' is invalid. Using default page load timeout: '40'

2022-06-23 14:47:43 - [MESSAGE][PASSED] - Text '3657' has been set to element 'Object Repository/JomPay/jomPayBillerInputField'

2022-06-23 14:47:43 - [TEST_STEP][PASSED] - setText(findTestObject("JomPay/jomPayBillerRefInputField"), findTestData("TestData").getValue(9, 1), 0): Text '568964' has been set to element 'Object Repository/JomPay/jomPayBillerRefInputField'

2022-06-23 14:47:43 - [MESSAGE][WARNING] - Timeout '0' is invalid. Using default page load timeout: '40'

2022-06-23 14:47:45 - [MESSAGE][PASSED] - Text '568964' has been set to element 'Object Repository/JomPay/jomPayBillerRefInputField'

2022-06-23 14:47:45 - [TEST_STEP][PASSED] - hideKeyboard(): Keyboard is hidden

2022-06-23 14:47:45 - [MESSAGE][PASSED] - Keyboard is hidden

2022-06-23 14:47:45 - [TEST_STEP][PASSED] - tap(findTestObject("Login Onboarding/loginExistingContinueBtn"), 0): Tapped on element 'Object Repository/Login Onboarding/loginExistingContinueBtn'

2022-06-23 14:47:45 - [MESSAGE][WARNING] - Timeout '0' is invalid. Using default page load timeout: '40'

2022-06-23 14:47:46 - [MESSAGE][PASSED] - Tapped on element 'Object Repository/Login Onboarding/loginExistingContinueBtn'

2022-06-23 14:47:46 - [TEST_STEP][PASSED] - tap(findTestObject("Login Onboarding/PIN1"), 0): Tapped on element 'Object Repository/Login Onboarding/PIN1'

2022-06-23 14:47:46 - [MESSAGE][WARNING] - Timeout '0' is invalid. Using default page load timeout: '40'

2022-06-23 14:47:49 - [MESSAGE][PASSED] - Tapped on element 'Object Repository/Login Onboarding/PIN1'

2022-06-23 14:47:49 - [TEST_STEP][PASSED] - tap(findTestObject("Login Onboarding/PIN0"), 0): Tapped on element 'Object Repository/Login Onboarding/PIN0'

2022-06-23 14:47:49 - [MESSAGE][WARNING] - Timeout '0' is invalid. Using default page load timeout: '40'

2022-06-23 14:47:49 - [MESSAGE][PASSED] - Tapped on element 'Object Repository/Login Onboarding/PIN0'

2022-06-23 14:47:49 - [TEST_STEP][PASSED] - tap(findTestObject("Login Onboarding/PIN0"), 0): Tapped on element 'Object Repository/Login Onboarding/PIN0'

2022-06-23 14:47:49 - [MESSAGE][WARNING] - Timeout '0' is invalid. Using default page load timeout: '40'

2022-06-23 14:47:49 - [MESSAGE][PASSED] - Tapped on element 'Object Repository/Login Onboarding/PIN0'

2022-06-23 14:47:49 - [TEST_STEP][PASSED] - tap(findTestObject("JomPay/jomPayAmountTickBtn"), 0): Tapped on element 'Object Repository/JomPay/jomPayAmountTickBtn'

2022-06-23 14:47:49 - [MESSAGE][WARNING] - Timeout '0' is invalid. Using default page load timeout: '40'

2022-06-23 14:47:50 - [MESSAGE][PASSED] - Tapped on element 'Object Repository/JomPay/jomPayAmountTickBtn'

2022-06-23 14:47:50 - [TEST_STEP][PASSED] - tap(findTestObject("Main/mainDatePickerTodaySelect"), 0): Tapped on element 'Object Repository/Main/mainDatePickerTodaySelect'

2022-06-23 14:47:50 - [MESSAGE][WARNING] - Timeout '0' is invalid. Using default page load timeout: '40'

2022-06-23 14:47:55 - [MESSAGE][PASSED] - Tapped on element 'Object Repository/Main/mainDatePickerTodaySelect'

2022-06-23 14:47:55 - [TEST_STEP][PASSED] - tap(findTestObject("Main/mainCalenderPickerNextBtn"), 0): Tapped on element 'Object Repository/Main/mainCalenderPickerNextBtn'

2022-06-23 14:47:55 - [MESSAGE][WARNING] - Timeout '0' is invalid. Using default page load timeout: '40'

2022-06-23 14:47:58 - [MESSAGE][PASSED] - Tapped on element 'Object Repository/Main/mainCalenderPickerNextBtn'

2022-06-23 14:47:58 - [TEST_STEP][PASSED] - delay(3): Delayed 3 second(s)

2022-06-23 14:48:01 - [MESSAGE][PASSED] - Delayed 3 second(s)

2022-06-23 14:48:01 - [TEST_STEP][PASSED] - tap(findTestObject("Main/mainDatePicker1"), 0): Tapped on element 'Object Repository/Main/mainDatePicker1'

2022-06-23 14:48:01 - [MESSAGE][WARNING] - Timeout '0' is invalid. Using default page load timeout: '40'

2022-06-23 14:48:02 - [MESSAGE][PASSED] - Tapped on element 'Object Repository/Main/mainDatePicker1'

2022-06-23 14:48:02 - [TEST_STEP][PASSED] - tap(findTestObject("Main/mainCalenderPickerDoneBtn"), 0): Tapped on element 'Object Repository/Main/mainCalenderPickerDoneBtn'

2022-06-23 14:48:02 - [MESSAGE][WARNING] - Timeout '0' is invalid. Using default page load timeout: '40'

2022-06-23 14:48:02 - [MESSAGE][PASSED] - Tapped on element 'Object Repository/Main/mainCalenderPickerDoneBtn'

2022-06-23 14:48:02 - [TEST_STEP][PASSED] - delay(3): Delayed 3 second(s)

2022-06-23 14:48:05 - [MESSAGE][PASSED] - Delayed 3 second(s)

2022-06-23 14:48:05 - [TEST_STEP][PASSED] - tap(findTestObject("Main/mainPayNowBtn"), 0): Tapped on element 'Object Repository/Main/mainPayNowBtn'

2022-06-23 14:48:05 - [MESSAGE][WARNING] - Timeout '0' is invalid. Using default page load timeout: '40'

2022-06-23 14:48:05 - [MESSAGE][PASSED] - Tapped on element 'Object Repository/Main/mainPayNowBtn'

2022-06-23 14:48:05 - [TEST_STEP][PASSED] - delay(5): Delayed 5 second(s)

2022-06-23 14:48:10 - [MESSAGE][PASSED] - Delayed 5 second(s)

2022-06-23 14:48:10 - [TEST_STEP][PASSED] - if (verifyElementVisible(findTestObject("Festive Season/festiveReturnAngpaoTACNoTxt"), 10, OPTIONAL)): Element 'Object Repository/Festive Season/festiveReturnAngpaoTACNoTxt' not found

2022-06-23 14:48:21 - [MESSAGE][WARNING] - Element 'Object Repository/Festive Season/festiveReturnAngpaoTACNoTxt' not found

2022-06-23 14:48:21 - [TEST_STEP][PASSED] - else: Tapped on element 'Object Repository/Main/mainS2UApproveBtn'

2022-06-23 14:48:21 - [TEST_STEP][PASSED] - delay(5): Delayed 5 second(s)

2022-06-23 14:48:26 - [MESSAGE][PASSED] - Delayed 5 second(s)

2022-06-23 14:48:26 - [TEST_STEP][PASSED] - verifyElementVisible(findTestObject("Main/mainS2UApproveBtn"), 10): Element 'Object Repository/Main/mainS2UApproveBtn' is visible

2022-06-23 14:48:26 - [MESSAGE][PASSED] - Element 'Object Repository/Main/mainS2UApproveBtn' is visible

2022-06-23 14:48:26 - [TEST_STEP][PASSED] - tap(findTestObject("Main/mainS2UApproveBtn"), 0): Tapped on element 'Object Repository/Main/mainS2UApproveBtn'

2022-06-23 14:48:26 - [MESSAGE][WARNING] - Timeout '0' is invalid. Using default page load timeout: '40'

2022-06-23 14:48:26 - [MESSAGE][PASSED] - Tapped on element 'Object Repository/Main/mainS2UApproveBtn'

2022-06-23 14:48:26 - [TEST_STEP][PASSED] - delay(3): Delayed 3 second(s)

2022-06-23 14:48:29 - [MESSAGE][PASSED] - Delayed 3 second(s)

2022-06-23 14:48:29 - [TEST_STEP][PASSED] - verifyElementText(findTestObject("JomPay/jomPaySummaryScheduledTxt"), findTestData("TestData").getValue(7, 2)): Actual text and expected text of test object 'Object Repository/JomPay/jomPaySummaryScheduledTxt' are matched.

2022-06-23 14:48:30 - [MESSAGE][PASSED] - Actual text and expected text of test object 'Object Repository/JomPay/jomPaySummaryScheduledTxt' are matched.

2022-06-23 14:48:30 - [TEST_STEP][PASSED] - takeScreenshot("/Users/a00139272/Desktop/Screenshot/jomPaySchedule.png"): Screenshot is taken

2022-06-23 14:48:31 - [MESSAGE][PASSED] - Screenshot is taken
[[ATTACHMENT|/Users/a00139272/Desktop/Screenshot/jomPaySchedule.png]]

2022-06-23 14:48:31 - [TEST_STEP][PASSED] - verifyElementVisible(findTestObject("Main/mainDoneBtn"), 0): Element 'Object Repository/Main/mainDoneBtn' is visible

2022-06-23 14:48:31 - [MESSAGE][WARNING] - Timeout '0' is invalid. Using default page load timeout: '40'

2022-06-23 14:48:31 - [MESSAGE][PASSED] - Element 'Object Repository/Main/mainDoneBtn' is visible

2022-06-23 14:48:31 - [TEST_STEP][PASSED] - tap(findTestObject("Main/mainDoneBtn"), 0): Tapped on element 'Object Repository/Main/mainDoneBtn'

2022-06-23 14:48:31 - [MESSAGE][WARNING] - Timeout '0' is invalid. Using default page load timeout: '40'

2022-06-23 14:48:32 - [MESSAGE][PASSED] - Tapped on element 'Object Repository/Main/mainDoneBtn'

2022-06-23 14:48:32 - [TEST_STEP][PASSED] - delay(5): Delayed 5 second(s)

2022-06-23 14:48:37 - [MESSAGE][PASSED] - Delayed 5 second(s)]]></system-out>
         <system-err><![CDATA[]]></system-err>
      </testcase>
      <testcase name="Test Cases/JomPay/JomPay Add Favorite" time="114.316" classname="Test Cases/JomPay/JomPay Add Favorite" status="PASSED">
         <system-out><![CDATA[2022-06-23 14:48:37 - [TEST_CASE][PASSED] - Test Cases/JomPay/JomPay Add Favorite: Test Cases/JomPay/JomPay Add Favorite

2022-06-23 14:48:37 - [TEST_STEP][PASSED] - delay(5): Delayed 5 second(s)

2022-06-23 14:48:42 - [MESSAGE][PASSED] - Delayed 5 second(s)

2022-06-23 14:48:42 - [TEST_STEP][PASSED] - device_Height = getDeviceHeight(): Current device physical height is 2167

2022-06-23 14:48:42 - [MESSAGE][PASSED] - Current device physical height is 2167

2022-06-23 14:48:42 - [TEST_STEP][PASSED] - device_Width = getDeviceWidth(): Current device physical width is 1080

2022-06-23 14:48:42 - [MESSAGE][PASSED] - Current device physical width is 1080

2022-06-23 14:48:42 - [TEST_STEP][PASSED] - startX = device_Width / 3: null

2022-06-23 14:48:42 - [TEST_STEP][PASSED] - startY = device_Height * 0.97: null

2022-06-23 14:48:42 - [TEST_STEP][PASSED] - delay(5): Delayed 5 second(s)

2022-06-23 14:48:47 - [MESSAGE][PASSED] - Delayed 5 second(s)

2022-06-23 14:48:47 - [TEST_STEP][PASSED] - tap(findTestObject("Banking/m2uAccountPayBillsIconSelect"), 0): Tapped on element 'Object Repository/Banking/m2uAccountPayBillsIconSelect'

2022-06-23 14:48:47 - [MESSAGE][WARNING] - Timeout '0' is invalid. Using default page load timeout: '40'

2022-06-23 14:48:47 - [MESSAGE][PASSED] - Tapped on element 'Object Repository/Banking/m2uAccountPayBillsIconSelect'

2022-06-23 14:48:47 - [TEST_STEP][PASSED] - if (verifyElementVisible(findTestObject("Paybill/payBillsEnterPasswordTxt"), 0, OPTIONAL)): Element 'Object Repository/Paybill/payBillsEnterPasswordTxt' not found

2022-06-23 14:48:48 - [MESSAGE][WARNING] - Timeout '0' is invalid. Using default page load timeout: '40'

2022-06-23 14:49:28 - [MESSAGE][WARNING] - Element 'Object Repository/Paybill/payBillsEnterPasswordTxt' not found

2022-06-23 14:49:28 - [TEST_STEP][PASSED] - tap(findTestObject("Banking/m2uAccountPayBillsIconSelect"), 40): Tapped on element 'Object Repository/Banking/m2uAccountPayBillsIconSelect'

2022-06-23 14:49:28 - [MESSAGE][PASSED] - Tapped on element 'Object Repository/Banking/m2uAccountPayBillsIconSelect'

2022-06-23 14:49:28 - [TEST_STEP][PASSED] - tap(findTestObject("JomPay/payBillsJomPayTopMenuSelect"), 0): Tapped on element 'Object Repository/JomPay/payBillsJomPayTopMenuSelect'

2022-06-23 14:49:28 - [MESSAGE][WARNING] - Timeout '0' is invalid. Using default page load timeout: '40'

2022-06-23 14:49:28 - [MESSAGE][PASSED] - Tapped on element 'Object Repository/JomPay/payBillsJomPayTopMenuSelect'

2022-06-23 14:49:28 - [TEST_STEP][PASSED] - tap(findTestObject("JomPay/jomPayIconSelect"), 0): Tapped on element 'Object Repository/JomPay/jomPayIconSelect'

2022-06-23 14:49:28 - [MESSAGE][WARNING] - Timeout '0' is invalid. Using default page load timeout: '40'

2022-06-23 14:49:30 - [MESSAGE][PASSED] - Tapped on element 'Object Repository/JomPay/jomPayIconSelect'

2022-06-23 14:49:30 - [TEST_STEP][PASSED] - setText(findTestObject("JomPay/jomPayBillerInputField"), findTestData("TestData").getValue(8, 1), 0): Text '3657' has been set to element 'Object Repository/JomPay/jomPayBillerInputField'

2022-06-23 14:49:30 - [MESSAGE][WARNING] - Timeout '0' is invalid. Using default page load timeout: '40'

2022-06-23 14:49:31 - [MESSAGE][PASSED] - Text '3657' has been set to element 'Object Repository/JomPay/jomPayBillerInputField'

2022-06-23 14:49:31 - [TEST_STEP][PASSED] - setText(findTestObject("JomPay/jomPayBillerRefInputField"), findTestData("TestData").getValue(9, 1), 0): Text '568964' has been set to element 'Object Repository/JomPay/jomPayBillerRefInputField'

2022-06-23 14:49:31 - [MESSAGE][WARNING] - Timeout '0' is invalid. Using default page load timeout: '40'

2022-06-23 14:49:32 - [MESSAGE][PASSED] - Text '568964' has been set to element 'Object Repository/JomPay/jomPayBillerRefInputField'

2022-06-23 14:49:32 - [TEST_STEP][PASSED] - hideKeyboard(): Keyboard is hidden

2022-06-23 14:49:33 - [MESSAGE][PASSED] - Keyboard is hidden

2022-06-23 14:49:33 - [TEST_STEP][PASSED] - tap(findTestObject("Login Onboarding/loginExistingContinueBtn"), 0): Tapped on element 'Object Repository/Login Onboarding/loginExistingContinueBtn'

2022-06-23 14:49:33 - [MESSAGE][WARNING] - Timeout '0' is invalid. Using default page load timeout: '40'

2022-06-23 14:49:33 - [MESSAGE][PASSED] - Tapped on element 'Object Repository/Login Onboarding/loginExistingContinueBtn'

2022-06-23 14:49:33 - [TEST_STEP][PASSED] - tap(findTestObject("Login Onboarding/PIN1"), 0): Tapped on element 'Object Repository/Login Onboarding/PIN1'

2022-06-23 14:49:33 - [MESSAGE][WARNING] - Timeout '0' is invalid. Using default page load timeout: '40'

2022-06-23 14:49:37 - [MESSAGE][PASSED] - Tapped on element 'Object Repository/Login Onboarding/PIN1'

2022-06-23 14:49:37 - [TEST_STEP][PASSED] - tap(findTestObject("Login Onboarding/PIN0"), 0): Tapped on element 'Object Repository/Login Onboarding/PIN0'

2022-06-23 14:49:37 - [MESSAGE][WARNING] - Timeout '0' is invalid. Using default page load timeout: '40'

2022-06-23 14:49:38 - [MESSAGE][PASSED] - Tapped on element 'Object Repository/Login Onboarding/PIN0'

2022-06-23 14:49:38 - [TEST_STEP][PASSED] - tap(findTestObject("Login Onboarding/PIN0"), 0): Tapped on element 'Object Repository/Login Onboarding/PIN0'

2022-06-23 14:49:38 - [MESSAGE][WARNING] - Timeout '0' is invalid. Using default page load timeout: '40'

2022-06-23 14:49:38 - [MESSAGE][PASSED] - Tapped on element 'Object Repository/Login Onboarding/PIN0'

2022-06-23 14:49:38 - [TEST_STEP][PASSED] - tap(findTestObject("JomPay/jomPayAmountTickBtn"), 0): Tapped on element 'Object Repository/JomPay/jomPayAmountTickBtn'

2022-06-23 14:49:38 - [MESSAGE][WARNING] - Timeout '0' is invalid. Using default page load timeout: '40'

2022-06-23 14:49:38 - [MESSAGE][PASSED] - Tapped on element 'Object Repository/JomPay/jomPayAmountTickBtn'

2022-06-23 14:49:38 - [TEST_STEP][PASSED] - delay(10): Delayed 10 second(s)

2022-06-23 14:49:48 - [MESSAGE][PASSED] - Delayed 10 second(s)

2022-06-23 14:49:48 - [TEST_STEP][PASSED] - verifyElementText(findTestObject("Transfer/transferConfirmationFromAccTypeTxt", ["accType":accType]), accType): Actual text and expected text of test object 'Object Repository/Transfer/transferConfirmationFromAccTypeTxt' are matched.

2022-06-23 14:49:48 - [MESSAGE][PASSED] - Actual text and expected text of test object 'Object Repository/Transfer/transferConfirmationFromAccTypeTxt' are matched.

2022-06-23 14:49:48 - [TEST_STEP][PASSED] - verifyElementText(findTestObject("Transfer/transferConfirmationFromAccNoTxt", ["accNoFrom":accNoFrom]), accNoFrom): Actual text and expected text of test object 'Object Repository/Transfer/transferConfirmationFromAccNoTxt' are matched.

2022-06-23 14:49:48 - [MESSAGE][PASSED] - Actual text and expected text of test object 'Object Repository/Transfer/transferConfirmationFromAccNoTxt' are matched.

2022-06-23 14:49:48 - [TEST_STEP][PASSED] - verifyElementExist(findTestObject("Main/mainPayNowBtn"), 0): Element 'Object Repository/Main/mainPayNowBtn' is exist

2022-06-23 14:49:48 - [MESSAGE][WARNING] - Timeout '0' is invalid. Using default page load timeout: '40'

2022-06-23 14:49:49 - [MESSAGE][PASSED] - Element 'Object Repository/Main/mainPayNowBtn' is exist

2022-06-23 14:49:49 - [TEST_STEP][PASSED] - tap(findTestObject("Main/mainPayNowBtn"), 0): Tapped on element 'Object Repository/Main/mainPayNowBtn'

2022-06-23 14:49:49 - [MESSAGE][WARNING] - Timeout '0' is invalid. Using default page load timeout: '40'

2022-06-23 14:49:49 - [MESSAGE][PASSED] - Tapped on element 'Object Repository/Main/mainPayNowBtn'

2022-06-23 14:49:49 - [TEST_STEP][PASSED] - delay(3): Delayed 3 second(s)

2022-06-23 14:49:52 - [MESSAGE][PASSED] - Delayed 3 second(s)

2022-06-23 14:49:52 - [TEST_STEP][PASSED] - if (verifyElementVisible(findTestObject("Festive Season/festiveReturnAngpaoTACNoTxt"), 10, OPTIONAL)): Element 'Object Repository/Festive Season/festiveReturnAngpaoTACNoTxt' not found

2022-06-23 14:50:02 - [MESSAGE][WARNING] - Element 'Object Repository/Festive Season/festiveReturnAngpaoTACNoTxt' not found

2022-06-23 14:50:02 - [TEST_STEP][PASSED] - else: Tapped on element 'Object Repository/Main/mainS2UApproveBtn'

2022-06-23 14:50:02 - [TEST_STEP][PASSED] - delay(5): Delayed 5 second(s)

2022-06-23 14:50:07 - [MESSAGE][PASSED] - Delayed 5 second(s)

2022-06-23 14:50:07 - [TEST_STEP][PASSED] - verifyElementVisible(findTestObject("Main/mainS2UApproveBtn"), 10): Element 'Object Repository/Main/mainS2UApproveBtn' is visible

2022-06-23 14:50:07 - [MESSAGE][PASSED] - Element 'Object Repository/Main/mainS2UApproveBtn' is visible

2022-06-23 14:50:07 - [TEST_STEP][PASSED] - tap(findTestObject("Main/mainS2UApproveBtn"), 0): Tapped on element 'Object Repository/Main/mainS2UApproveBtn'

2022-06-23 14:50:07 - [MESSAGE][WARNING] - Timeout '0' is invalid. Using default page load timeout: '40'

2022-06-23 14:50:07 - [MESSAGE][PASSED] - Tapped on element 'Object Repository/Main/mainS2UApproveBtn'

2022-06-23 14:50:07 - [TEST_STEP][PASSED] - delay(3): Delayed 3 second(s)

2022-06-23 14:50:10 - [MESSAGE][PASSED] - Delayed 3 second(s)

2022-06-23 14:50:10 - [TEST_STEP][PASSED] - verifyElementText(findTestObject("JomPay/jomPaySummarySuccesfulTxt"), findTestData("TestData").getValue(7, 1)): Actual text and expected text of test object 'Object Repository/JomPay/jomPaySummarySuccesfulTxt' are matched.

2022-06-23 14:50:11 - [MESSAGE][PASSED] - Actual text and expected text of test object 'Object Repository/JomPay/jomPaySummarySuccesfulTxt' are matched.

2022-06-23 14:50:11 - [TEST_STEP][PASSED] - tap(findTestObject("Main/mainAddToFavBtn"), 0): Tapped on element 'Object Repository/Main/mainAddToFavBtn'

2022-06-23 14:50:11 - [MESSAGE][WARNING] - Timeout '0' is invalid. Using default page load timeout: '40'

2022-06-23 14:50:12 - [MESSAGE][PASSED] - Tapped on element 'Object Repository/Main/mainAddToFavBtn'

2022-06-23 14:50:12 - [TEST_STEP][PASSED] - delay(5): Delayed 5 second(s)

2022-06-23 14:50:17 - [MESSAGE][PASSED] - Delayed 5 second(s)

2022-06-23 14:50:17 - [TEST_STEP][PASSED] - verifyElementVisible(findTestObject("Main/mainAddToFavBtn"), 0): Element 'Object Repository/Main/mainAddToFavBtn' is visible

2022-06-23 14:50:17 - [MESSAGE][WARNING] - Timeout '0' is invalid. Using default page load timeout: '40'

2022-06-23 14:50:17 - [MESSAGE][PASSED] - Element 'Object Repository/Main/mainAddToFavBtn' is visible

2022-06-23 14:50:17 - [TEST_STEP][PASSED] - tap(findTestObject("Main/mainAddToFavBtn"), 0): Tapped on element 'Object Repository/Main/mainAddToFavBtn'

2022-06-23 14:50:17 - [MESSAGE][WARNING] - Timeout '0' is invalid. Using default page load timeout: '40'

2022-06-23 14:50:17 - [MESSAGE][PASSED] - Tapped on element 'Object Repository/Main/mainAddToFavBtn'

2022-06-23 14:50:17 - [TEST_STEP][PASSED] - delay(2): Delayed 2 second(s)

2022-06-23 14:50:19 - [MESSAGE][PASSED] - Delayed 2 second(s)

2022-06-23 14:50:19 - [TEST_STEP][PASSED] - tap(findTestObject("Main/mainCloseFavPopUpBtn"), 0): Tapped on element 'Object Repository/Main/mainCloseFavPopUpBtn'

2022-06-23 14:50:19 - [MESSAGE][WARNING] - Timeout '0' is invalid. Using default page load timeout: '40'

2022-06-23 14:50:23 - [MESSAGE][PASSED] - Tapped on element 'Object Repository/Main/mainCloseFavPopUpBtn'

2022-06-23 14:50:23 - [TEST_STEP][PASSED] - delay(2): Delayed 2 second(s)

2022-06-23 14:50:25 - [MESSAGE][PASSED] - Delayed 2 second(s)

2022-06-23 14:50:25 - [TEST_STEP][PASSED] - takeScreenshot("/Users/a00139272/Desktop/Screenshot/jomPayAddFav.png"): Screenshot is taken

2022-06-23 14:50:26 - [MESSAGE][PASSED] - Screenshot is taken
[[ATTACHMENT|/Users/a00139272/Desktop/Screenshot/jomPayAddFav.png]]

2022-06-23 14:50:26 - [TEST_STEP][PASSED] - verifyElementVisible(findTestObject("Main/mainDoneBtn"), 0): Element 'Object Repository/Main/mainDoneBtn' is visible

2022-06-23 14:50:26 - [MESSAGE][WARNING] - Timeout '0' is invalid. Using default page load timeout: '40'

2022-06-23 14:50:26 - [MESSAGE][PASSED] - Element 'Object Repository/Main/mainDoneBtn' is visible

2022-06-23 14:50:26 - [TEST_STEP][PASSED] - tap(findTestObject("Main/mainDoneBtn"), 0): Tapped on element 'Object Repository/Main/mainDoneBtn'

2022-06-23 14:50:26 - [MESSAGE][WARNING] - Timeout '0' is invalid. Using default page load timeout: '40'

2022-06-23 14:50:26 - [MESSAGE][PASSED] - Tapped on element 'Object Repository/Main/mainDoneBtn'

2022-06-23 14:50:26 - [TEST_STEP][PASSED] - delay(5): Delayed 5 second(s)

2022-06-23 14:50:31 - [MESSAGE][PASSED] - Delayed 5 second(s)]]></system-out>
         <system-err><![CDATA[]]></system-err>
      </testcase>
      <testcase name="Test Cases/JomPay/JomPay Favorite Transaction" time="40.574" classname="Test Cases/JomPay/JomPay Favorite Transaction" status="PASSED">
         <system-out><![CDATA[2022-06-23 14:50:31 - [TEST_CASE][PASSED] - Test Cases/JomPay/JomPay Favorite Transaction: Test Cases/JomPay/JomPay Favorite Transaction

2022-06-23 14:50:31 - [TEST_STEP][PASSED] - device_Height = getDeviceHeight(): Current device physical height is 2167

2022-06-23 14:50:31 - [MESSAGE][PASSED] - Current device physical height is 2167

2022-06-23 14:50:31 - [TEST_STEP][PASSED] - device_Width = getDeviceWidth(): Current device physical width is 1080

2022-06-23 14:50:31 - [MESSAGE][PASSED] - Current device physical width is 1080

2022-06-23 14:50:31 - [TEST_STEP][PASSED] - startX = device_Width / 3: null

2022-06-23 14:50:31 - [TEST_STEP][PASSED] - startY = device_Height * 0.97: null

2022-06-23 14:50:31 - [TEST_STEP][PASSED] - delay(5): Delayed 5 second(s)

2022-06-23 14:50:36 - [MESSAGE][PASSED] - Delayed 5 second(s)

2022-06-23 14:50:36 - [TEST_STEP][PASSED] - tap(findTestObject("Banking/m2uAccountPayBillsIconSelect"), 0): Tapped on element 'Object Repository/Banking/m2uAccountPayBillsIconSelect'

2022-06-23 14:50:37 - [MESSAGE][WARNING] - Timeout '0' is invalid. Using default page load timeout: '40'

2022-06-23 14:50:37 - [MESSAGE][PASSED] - Tapped on element 'Object Repository/Banking/m2uAccountPayBillsIconSelect'

2022-06-23 14:50:37 - [TEST_STEP][PASSED] - println("JOMPAY Fav Transaction"): null

2022-06-23 14:50:37 - [TEST_STEP][PASSED] - tap(findTestObject("JomPay/payBillsJomPayTopMenuSelect"), 40): Tapped on element 'Object Repository/JomPay/payBillsJomPayTopMenuSelect'

2022-06-23 14:50:43 - [MESSAGE][PASSED] - Tapped on element 'Object Repository/JomPay/payBillsJomPayTopMenuSelect'

2022-06-23 14:50:43 - [TEST_STEP][PASSED] - tap(findTestObject("Main/mainFavBodySelect"), 0): Tapped on element 'Object Repository/Main/mainFavBodySelect'

2022-06-23 14:50:44 - [MESSAGE][WARNING] - Timeout '0' is invalid. Using default page load timeout: '40'

2022-06-23 14:50:45 - [MESSAGE][PASSED] - Tapped on element 'Object Repository/Main/mainFavBodySelect'

2022-06-23 14:50:45 - [TEST_STEP][PASSED] - tap(findTestObject("Login Onboarding/PIN1"), 0): Tapped on element 'Object Repository/Login Onboarding/PIN1'

2022-06-23 14:50:45 - [MESSAGE][WARNING] - Timeout '0' is invalid. Using default page load timeout: '40'

2022-06-23 14:50:47 - [MESSAGE][PASSED] - Tapped on element 'Object Repository/Login Onboarding/PIN1'

2022-06-23 14:50:47 - [TEST_STEP][PASSED] - tap(findTestObject("Login Onboarding/PIN0"), 0): Tapped on element 'Object Repository/Login Onboarding/PIN0'

2022-06-23 14:50:47 - [MESSAGE][WARNING] - Timeout '0' is invalid. Using default page load timeout: '40'

2022-06-23 14:50:47 - [MESSAGE][PASSED] - Tapped on element 'Object Repository/Login Onboarding/PIN0'

2022-06-23 14:50:47 - [TEST_STEP][PASSED] - tap(findTestObject("Login Onboarding/PIN0"), 0): Tapped on element 'Object Repository/Login Onboarding/PIN0'

2022-06-23 14:50:47 - [MESSAGE][WARNING] - Timeout '0' is invalid. Using default page load timeout: '40'

2022-06-23 14:50:47 - [MESSAGE][PASSED] - Tapped on element 'Object Repository/Login Onboarding/PIN0'

2022-06-23 14:50:47 - [TEST_STEP][PASSED] - tap(findTestObject("JomPay/jomPayAmountTickBtn"), 0): Tapped on element 'Object Repository/JomPay/jomPayAmountTickBtn'

2022-06-23 14:50:47 - [MESSAGE][WARNING] - Timeout '0' is invalid. Using default page load timeout: '40'

2022-06-23 14:50:47 - [MESSAGE][PASSED] - Tapped on element 'Object Repository/JomPay/jomPayAmountTickBtn'

2022-06-23 14:50:47 - [TEST_STEP][PASSED] - delay(5): Delayed 5 second(s)

2022-06-23 14:50:52 - [MESSAGE][PASSED] - Delayed 5 second(s)

2022-06-23 14:50:52 - [TEST_STEP][PASSED] - verifyElementText(findTestObject("Transfer/transferConfirmationFromAccTypeTxt", ["accType":accType]), accType): Actual text and expected text of test object 'Object Repository/Transfer/transferConfirmationFromAccTypeTxt' are matched.

2022-06-23 14:50:57 - [MESSAGE][PASSED] - Actual text and expected text of test object 'Object Repository/Transfer/transferConfirmationFromAccTypeTxt' are matched.

2022-06-23 14:50:57 - [TEST_STEP][PASSED] - verifyElementText(findTestObject("Transfer/transferConfirmationFromAccNoTxt", ["accNoFrom":accNoFrom]), accNoFrom): Actual text and expected text of test object 'Object Repository/Transfer/transferConfirmationFromAccNoTxt' are matched.

2022-06-23 14:50:57 - [MESSAGE][PASSED] - Actual text and expected text of test object 'Object Repository/Transfer/transferConfirmationFromAccNoTxt' are matched.

2022-06-23 14:50:57 - [TEST_STEP][PASSED] - verifyElementVisible(findTestObject("Main/mainPayNowBtn"), 0): Element 'Object Repository/Main/mainPayNowBtn' is visible

2022-06-23 14:50:57 - [MESSAGE][WARNING] - Timeout '0' is invalid. Using default page load timeout: '40'

2022-06-23 14:50:57 - [MESSAGE][PASSED] - Element 'Object Repository/Main/mainPayNowBtn' is visible

2022-06-23 14:50:57 - [TEST_STEP][PASSED] - tap(findTestObject("Main/mainPayNowBtn"), 0): Tapped on element 'Object Repository/Main/mainPayNowBtn'

2022-06-23 14:50:57 - [MESSAGE][WARNING] - Timeout '0' is invalid. Using default page load timeout: '40'

2022-06-23 14:50:58 - [MESSAGE][PASSED] - Tapped on element 'Object Repository/Main/mainPayNowBtn'

2022-06-23 14:50:58 - [TEST_STEP][PASSED] - delay(5): Delayed 5 second(s)

2022-06-23 14:51:03 - [MESSAGE][PASSED] - Delayed 5 second(s)

2022-06-23 14:51:03 - [TEST_STEP][PASSED] - verifyElementVisible(findTestObject("Object Repository/Transfer/transferSummaryShareReceiptBtn"), 0): Element 'Object Repository/Transfer/transferSummaryShareReceiptBtn' is visible

2022-06-23 14:51:03 - [MESSAGE][WARNING] - Timeout '0' is invalid. Using default page load timeout: '40'

2022-06-23 14:51:05 - [MESSAGE][PASSED] - Element 'Object Repository/Transfer/transferSummaryShareReceiptBtn' is visible

2022-06-23 14:51:05 - [TEST_STEP][PASSED] - verifyElementVisible(findTestObject("Main/mainDoneBtn"), 0): Element 'Object Repository/Main/mainDoneBtn' is visible

2022-06-23 14:51:05 - [MESSAGE][WARNING] - Timeout '0' is invalid. Using default page load timeout: '40'

2022-06-23 14:51:05 - [MESSAGE][PASSED] - Element 'Object Repository/Main/mainDoneBtn' is visible

2022-06-23 14:51:05 - [TEST_STEP][PASSED] - takeScreenshot("/Users/a00139272/Desktop/Screenshot/jomPayFav.png"): Screenshot is taken

2022-06-23 14:51:06 - [MESSAGE][PASSED] - Screenshot is taken
[[ATTACHMENT|/Users/a00139272/Desktop/Screenshot/jomPayFav.png]]

2022-06-23 14:51:06 - [TEST_STEP][PASSED] - tap(findTestObject("Main/mainDoneBtn"), 0): Tapped on element 'Object Repository/Main/mainDoneBtn'

2022-06-23 14:51:06 - [MESSAGE][WARNING] - Timeout '0' is invalid. Using default page load timeout: '40'

2022-06-23 14:51:07 - [MESSAGE][PASSED] - Tapped on element 'Object Repository/Main/mainDoneBtn'

2022-06-23 14:51:07 - [TEST_STEP][PASSED] - delay(5): Delayed 5 second(s)

2022-06-23 14:51:12 - [MESSAGE][PASSED] - Delayed 5 second(s)]]></system-out>
         <system-err><![CDATA[]]></system-err>
      </testcase>
      <testcase name="Test Cases/Zakat/zakat_zakatPayment" time="61.191" classname="Test Cases/Zakat/zakat_zakatPayment" status="PASSED">
         <system-out><![CDATA[2022-06-23 14:51:12 - [TEST_CASE][PASSED] - Test Cases/Zakat/zakat_zakatPayment: Test Cases/Zakat/zakat_zakatPayment

2022-06-23 14:51:12 - [TEST_STEP][PASSED] - device_Height = getDeviceHeight(): Current device physical height is 2167

2022-06-23 14:51:12 - [MESSAGE][PASSED] - Current device physical height is 2167

2022-06-23 14:51:12 - [TEST_STEP][PASSED] - device_Width = getDeviceWidth(): Current device physical width is 1080

2022-06-23 14:51:12 - [MESSAGE][PASSED] - Current device physical width is 1080

2022-06-23 14:51:12 - [TEST_STEP][PASSED] - startX = device_Width / 3: null

2022-06-23 14:51:12 - [TEST_STEP][PASSED] - startY = device_Height * 0.97: null

2022-06-23 14:51:12 - [TEST_STEP][PASSED] - tap(findTestObject("Banking/m2uAccountPayBillsIconSelect"), 0): Tapped on element 'Object Repository/Banking/m2uAccountPayBillsIconSelect'

2022-06-23 14:51:12 - [MESSAGE][WARNING] - Timeout '0' is invalid. Using default page load timeout: '40'

2022-06-23 14:51:12 - [MESSAGE][PASSED] - Tapped on element 'Object Repository/Banking/m2uAccountPayBillsIconSelect'

2022-06-23 14:51:12 - [TEST_STEP][PASSED] - tap(findTestObject("zakat/payBillZakatTopMenuSelect"), 40): Tapped on element 'Object Repository/zakat/payBillZakatTopMenuSelect'

2022-06-23 14:51:18 - [MESSAGE][PASSED] - Tapped on element 'Object Repository/zakat/payBillZakatTopMenuSelect'

2022-06-23 14:51:18 - [TEST_STEP][PASSED] - delay(2): Delayed 2 second(s)

2022-06-23 14:51:20 - [MESSAGE][PASSED] - Delayed 2 second(s)

2022-06-23 14:51:20 - [TEST_STEP][PASSED] - tap(findTestObject("zakat/zakatIconSelect"), 0): Tapped on element 'Object Repository/zakat/zakatIconSelect'

2022-06-23 14:51:20 - [MESSAGE][WARNING] - Timeout '0' is invalid. Using default page load timeout: '40'

2022-06-23 14:51:21 - [MESSAGE][PASSED] - Tapped on element 'Object Repository/zakat/zakatIconSelect'

2022-06-23 14:51:21 - [TEST_STEP][PASSED] - delay(2): Delayed 2 second(s)

2022-06-23 14:51:23 - [MESSAGE][PASSED] - Delayed 2 second(s)

2022-06-23 14:51:23 - [TEST_STEP][PASSED] - tap(findTestObject("zakat/zakatBodyDropdownSelectBoxx"), 0): Tapped on element 'Object Repository/zakat/zakatBodyDropdownSelectBoxx'

2022-06-23 14:51:23 - [MESSAGE][WARNING] - Timeout '0' is invalid. Using default page load timeout: '40'

2022-06-23 14:51:23 - [MESSAGE][PASSED] - Tapped on element 'Object Repository/zakat/zakatBodyDropdownSelectBoxx'

2022-06-23 14:51:23 - [TEST_STEP][PASSED] - tap(findTestObject("zakat/zakatBaitulmalPerlisDropdownSelect"), 0): Tapped on element 'Object Repository/zakat/zakatBaitulmalPerlisDropdownSelect'

2022-06-23 14:51:23 - [MESSAGE][WARNING] - Timeout '0' is invalid. Using default page load timeout: '40'

2022-06-23 14:51:24 - [MESSAGE][PASSED] - Tapped on element 'Object Repository/zakat/zakatBaitulmalPerlisDropdownSelect'

2022-06-23 14:51:24 - [TEST_STEP][PASSED] - tap(findTestObject("Main/mainCalenderPickerDoneBtn"), 0): Tapped on element 'Object Repository/Main/mainCalenderPickerDoneBtn'

2022-06-23 14:51:24 - [MESSAGE][WARNING] - Timeout '0' is invalid. Using default page load timeout: '40'

2022-06-23 14:51:24 - [MESSAGE][PASSED] - Tapped on element 'Object Repository/Main/mainCalenderPickerDoneBtn'

2022-06-23 14:51:24 - [TEST_STEP][PASSED] - delay(3): Delayed 3 second(s)

2022-06-23 14:51:27 - [MESSAGE][PASSED] - Delayed 3 second(s)

2022-06-23 14:51:27 - [TEST_STEP][PASSED] - tap(findTestObject("zakat/zakatTypeDropdownSelectBox"), 0): Tapped on element 'Object Repository/zakat/zakatTypeDropdownSelectBox'

2022-06-23 14:51:27 - [MESSAGE][WARNING] - Timeout '0' is invalid. Using default page load timeout: '40'

2022-06-23 14:51:28 - [MESSAGE][PASSED] - Tapped on element 'Object Repository/zakat/zakatTypeDropdownSelectBox'

2022-06-23 14:51:28 - [TEST_STEP][PASSED] - tap(findTestObject("zakat/zakatTypeZakatEmasDropdownSelect"), 0): Tapped on element 'Object Repository/zakat/zakatTypeZakatEmasDropdownSelect'

2022-06-23 14:51:28 - [MESSAGE][WARNING] - Timeout '0' is invalid. Using default page load timeout: '40'

2022-06-23 14:51:29 - [MESSAGE][PASSED] - Tapped on element 'Object Repository/zakat/zakatTypeZakatEmasDropdownSelect'

2022-06-23 14:51:29 - [TEST_STEP][PASSED] - tap(findTestObject("Main/mainCalenderPickerDoneBtn"), 0): Tapped on element 'Object Repository/Main/mainCalenderPickerDoneBtn'

2022-06-23 14:51:29 - [MESSAGE][WARNING] - Timeout '0' is invalid. Using default page load timeout: '40'

2022-06-23 14:51:29 - [MESSAGE][PASSED] - Tapped on element 'Object Repository/Main/mainCalenderPickerDoneBtn'

2022-06-23 14:51:29 - [TEST_STEP][PASSED] - tap(findTestObject("Login Onboarding/loginExistingContinueBtn"), 0): Tapped on element 'Object Repository/Login Onboarding/loginExistingContinueBtn'

2022-06-23 14:51:29 - [MESSAGE][WARNING] - Timeout '0' is invalid. Using default page load timeout: '40'

2022-06-23 14:51:29 - [MESSAGE][PASSED] - Tapped on element 'Object Repository/Login Onboarding/loginExistingContinueBtn'

2022-06-23 14:51:29 - [TEST_STEP][PASSED] - setText(findTestObject("zakat/zakatMobileNoInputField"), "181610161", 0): Text '181610161' has been set to element 'Object Repository/zakat/zakatMobileNoInputField'

2022-06-23 14:51:29 - [MESSAGE][WARNING] - Timeout '0' is invalid. Using default page load timeout: '40'

2022-06-23 14:51:32 - [MESSAGE][PASSED] - Text '181610161' has been set to element 'Object Repository/zakat/zakatMobileNoInputField'

2022-06-23 14:51:32 - [TEST_STEP][PASSED] - hideKeyboard(): Keyboard is hidden

2022-06-23 14:51:36 - [MESSAGE][PASSED] - Keyboard is hidden

2022-06-23 14:51:36 - [TEST_STEP][PASSED] - tap(findTestObject("Login Onboarding/loginExistingContinueBtn"), 0): Tapped on element 'Object Repository/Login Onboarding/loginExistingContinueBtn'

2022-06-23 14:51:36 - [MESSAGE][WARNING] - Timeout '0' is invalid. Using default page load timeout: '40'

2022-06-23 14:51:36 - [MESSAGE][PASSED] - Tapped on element 'Object Repository/Login Onboarding/loginExistingContinueBtn'

2022-06-23 14:51:36 - [TEST_STEP][PASSED] - tap(findTestObject("Login Onboarding/PIN1"), 0): Tapped on element 'Object Repository/Login Onboarding/PIN1'

2022-06-23 14:51:36 - [MESSAGE][WARNING] - Timeout '0' is invalid. Using default page load timeout: '40'

2022-06-23 14:51:38 - [MESSAGE][PASSED] - Tapped on element 'Object Repository/Login Onboarding/PIN1'

2022-06-23 14:51:38 - [TEST_STEP][PASSED] - tap(findTestObject("zakat/zakatAmountTickBtn"), 0): Tapped on element 'Object Repository/zakat/zakatAmountTickBtn'

2022-06-23 14:51:38 - [MESSAGE][WARNING] - Timeout '0' is invalid. Using default page load timeout: '40'

2022-06-23 14:51:38 - [MESSAGE][PASSED] - Tapped on element 'Object Repository/zakat/zakatAmountTickBtn'

2022-06-23 14:51:38 - [TEST_STEP][PASSED] - verifyElementText(findTestObject("Transfer/transferConfirmationFromAccTypeTxt", ["accType":accType]), accType): Actual text and expected text of test object 'Object Repository/Transfer/transferConfirmationFromAccTypeTxt' are matched.

2022-06-23 14:51:43 - [MESSAGE][PASSED] - Actual text and expected text of test object 'Object Repository/Transfer/transferConfirmationFromAccTypeTxt' are matched.

2022-06-23 14:51:43 - [TEST_STEP][PASSED] - verifyElementText(findTestObject("Transfer/transferConfirmationFromAccNoTxt", ["accNoFrom":accNoFrom]), accNoFrom): Actual text and expected text of test object 'Object Repository/Transfer/transferConfirmationFromAccNoTxt' are matched.

2022-06-23 14:51:43 - [MESSAGE][PASSED] - Actual text and expected text of test object 'Object Repository/Transfer/transferConfirmationFromAccNoTxt' are matched.

2022-06-23 14:51:43 - [TEST_STEP][PASSED] - verifyElementVisible(findTestObject("Main/mainPayNowBtn"), 0): Element 'Object Repository/Main/mainPayNowBtn' is visible

2022-06-23 14:51:43 - [MESSAGE][WARNING] - Timeout '0' is invalid. Using default page load timeout: '40'

2022-06-23 14:51:43 - [MESSAGE][PASSED] - Element 'Object Repository/Main/mainPayNowBtn' is visible

2022-06-23 14:51:43 - [TEST_STEP][PASSED] - tap(findTestObject("Main/mainPayNowBtn"), 0): Tapped on element 'Object Repository/Main/mainPayNowBtn'

2022-06-23 14:51:43 - [MESSAGE][WARNING] - Timeout '0' is invalid. Using default page load timeout: '40'

2022-06-23 14:51:43 - [MESSAGE][PASSED] - Tapped on element 'Object Repository/Main/mainPayNowBtn'

2022-06-23 14:51:43 - [TEST_STEP][PASSED] - delay(3): Delayed 3 second(s)

2022-06-23 14:51:46 - [MESSAGE][PASSED] - Delayed 3 second(s)

2022-06-23 14:51:46 - [TEST_STEP][PASSED] - if (verifyElementVisible(findTestObject("Festive Season/festiveReturnAngpaoTACNoTxt"), 10, OPTIONAL)): Element 'Object Repository/Festive Season/festiveReturnAngpaoTACNoTxt' not found

2022-06-23 14:51:56 - [MESSAGE][WARNING] - Element 'Object Repository/Festive Season/festiveReturnAngpaoTACNoTxt' not found

2022-06-23 14:51:56 - [TEST_STEP][PASSED] - else: Tapped on element 'Object Repository/Main/mainS2UApproveBtn'

2022-06-23 14:51:56 - [TEST_STEP][PASSED] - delay(5): Delayed 5 second(s)

2022-06-23 14:52:01 - [MESSAGE][PASSED] - Delayed 5 second(s)

2022-06-23 14:52:01 - [TEST_STEP][PASSED] - verifyElementVisible(findTestObject("Main/mainS2UApproveBtn"), 10): Element 'Object Repository/Main/mainS2UApproveBtn' is visible

2022-06-23 14:52:02 - [MESSAGE][PASSED] - Element 'Object Repository/Main/mainS2UApproveBtn' is visible

2022-06-23 14:52:02 - [TEST_STEP][PASSED] - tap(findTestObject("Main/mainS2UApproveBtn"), 0): Tapped on element 'Object Repository/Main/mainS2UApproveBtn'

2022-06-23 14:52:02 - [MESSAGE][WARNING] - Timeout '0' is invalid. Using default page load timeout: '40'

2022-06-23 14:52:02 - [MESSAGE][PASSED] - Tapped on element 'Object Repository/Main/mainS2UApproveBtn'

2022-06-23 14:52:02 - [TEST_STEP][PASSED] - delay(5): Delayed 5 second(s)

2022-06-23 14:52:07 - [MESSAGE][PASSED] - Delayed 5 second(s)

2022-06-23 14:52:07 - [TEST_STEP][PASSED] - takeScreenshot("/Users/a00139272/Desktop/Screenshot/zakatInstant.png"): Screenshot is taken

2022-06-23 14:52:07 - [MESSAGE][PASSED] - Screenshot is taken
[[ATTACHMENT|/Users/a00139272/Desktop/Screenshot/zakatInstant.png]]

2022-06-23 14:52:07 - [TEST_STEP][PASSED] - verifyElementVisible(findTestObject("Main/mainDoneBtn"), 0): Element 'Object Repository/Main/mainDoneBtn' is visible

2022-06-23 14:52:07 - [MESSAGE][WARNING] - Timeout '0' is invalid. Using default page load timeout: '40'

2022-06-23 14:52:08 - [MESSAGE][PASSED] - Element 'Object Repository/Main/mainDoneBtn' is visible

2022-06-23 14:52:08 - [TEST_STEP][PASSED] - tap(findTestObject("Main/mainDoneBtn"), 0): Tapped on element 'Object Repository/Main/mainDoneBtn'

2022-06-23 14:52:08 - [MESSAGE][WARNING] - Timeout '0' is invalid. Using default page load timeout: '40'

2022-06-23 14:52:08 - [MESSAGE][PASSED] - Tapped on element 'Object Repository/Main/mainDoneBtn'

2022-06-23 14:52:08 - [TEST_STEP][PASSED] - delay(5): Delayed 5 second(s)

2022-06-23 14:52:13 - [MESSAGE][PASSED] - Delayed 5 second(s)]]></system-out>
         <system-err><![CDATA[]]></system-err>
      </testcase>
      <testcase name="Test Cases/Zakat/zakat_zakatPaymentAddFavorite" time="136.435" classname="Test Cases/Zakat/zakat_zakatPaymentAddFavorite" status="PASSED">
         <system-out><![CDATA[2022-06-23 14:52:13 - [TEST_CASE][PASSED] - Test Cases/Zakat/zakat_zakatPaymentAddFavorite: Test Cases/Zakat/zakat_zakatPaymentAddFavorite

2022-06-23 14:52:13 - [TEST_STEP][PASSED] - device_Height = getDeviceHeight(): Current device physical height is 2167

2022-06-23 14:52:13 - [MESSAGE][PASSED] - Current device physical height is 2167

2022-06-23 14:52:13 - [TEST_STEP][PASSED] - device_Width = getDeviceWidth(): Current device physical width is 1080

2022-06-23 14:52:13 - [MESSAGE][PASSED] - Current device physical width is 1080

2022-06-23 14:52:13 - [TEST_STEP][PASSED] - startX = device_Width / 3: null

2022-06-23 14:52:13 - [TEST_STEP][PASSED] - startY = device_Height * 0.97: null

2022-06-23 14:52:13 - [TEST_STEP][PASSED] - tap(findTestObject("Banking/m2uAccountPayBillsIconSelect"), 0): Tapped on element 'Object Repository/Banking/m2uAccountPayBillsIconSelect'

2022-06-23 14:52:13 - [MESSAGE][WARNING] - Timeout '0' is invalid. Using default page load timeout: '40'

2022-06-23 14:52:14 - [MESSAGE][PASSED] - Tapped on element 'Object Repository/Banking/m2uAccountPayBillsIconSelect'

2022-06-23 14:52:14 - [TEST_STEP][PASSED] - tap(findTestObject("zakat/payBillZakatTopMenuSelect"), 40): Tapped on element 'Object Repository/zakat/payBillZakatTopMenuSelect'

2022-06-23 14:52:19 - [MESSAGE][PASSED] - Tapped on element 'Object Repository/zakat/payBillZakatTopMenuSelect'

2022-06-23 14:52:19 - [TEST_STEP][PASSED] - delay(2): Delayed 2 second(s)

2022-06-23 14:52:21 - [MESSAGE][PASSED] - Delayed 2 second(s)

2022-06-23 14:52:21 - [TEST_STEP][PASSED] - tap(findTestObject("zakat/zakatIconSelect"), 0): Tapped on element 'Object Repository/zakat/zakatIconSelect'

2022-06-23 14:52:21 - [MESSAGE][WARNING] - Timeout '0' is invalid. Using default page load timeout: '40'

2022-06-23 14:52:22 - [MESSAGE][PASSED] - Tapped on element 'Object Repository/zakat/zakatIconSelect'

2022-06-23 14:52:22 - [TEST_STEP][PASSED] - delay(2): Delayed 2 second(s)

2022-06-23 14:52:24 - [MESSAGE][PASSED] - Delayed 2 second(s)

2022-06-23 14:52:24 - [TEST_STEP][PASSED] - tap(findTestObject("zakat/zakatBodyDropdownSelectBoxx"), 0): Tapped on element 'Object Repository/zakat/zakatBodyDropdownSelectBoxx'

2022-06-23 14:52:24 - [MESSAGE][WARNING] - Timeout '0' is invalid. Using default page load timeout: '40'

2022-06-23 14:52:24 - [MESSAGE][PASSED] - Tapped on element 'Object Repository/zakat/zakatBodyDropdownSelectBoxx'

2022-06-23 14:52:24 - [TEST_STEP][PASSED] - tap(findTestObject("zakat/zakatBaitulmalPerlisDropdownSelect"), 0): Tapped on element 'Object Repository/zakat/zakatBaitulmalPerlisDropdownSelect'

2022-06-23 14:52:24 - [MESSAGE][WARNING] - Timeout '0' is invalid. Using default page load timeout: '40'

2022-06-23 14:52:24 - [MESSAGE][PASSED] - Tapped on element 'Object Repository/zakat/zakatBaitulmalPerlisDropdownSelect'

2022-06-23 14:52:24 - [TEST_STEP][PASSED] - tap(findTestObject("Main/mainCalenderPickerDoneBtn"), 0): Tapped on element 'Object Repository/Main/mainCalenderPickerDoneBtn'

2022-06-23 14:52:24 - [MESSAGE][WARNING] - Timeout '0' is invalid. Using default page load timeout: '40'

2022-06-23 14:52:46 - [MESSAGE][PASSED] - Tapped on element 'Object Repository/Main/mainCalenderPickerDoneBtn'

2022-06-23 14:52:46 - [TEST_STEP][PASSED] - delay(3): Delayed 3 second(s)

2022-06-23 14:52:49 - [MESSAGE][PASSED] - Delayed 3 second(s)

2022-06-23 14:52:49 - [TEST_STEP][PASSED] - tap(findTestObject("zakat/zakatTypeDropdownSelectBox"), 0): Tapped on element 'Object Repository/zakat/zakatTypeDropdownSelectBox'

2022-06-23 14:52:49 - [MESSAGE][WARNING] - Timeout '0' is invalid. Using default page load timeout: '40'

2022-06-23 14:53:30 - [MESSAGE][PASSED] - Tapped on element 'Object Repository/zakat/zakatTypeDropdownSelectBox'

2022-06-23 14:53:30 - [TEST_STEP][PASSED] - tap(findTestObject("zakat/zakatTypeZakatEmasDropdownSelect"), 0): Tapped on element 'Object Repository/zakat/zakatTypeZakatEmasDropdownSelect'

2022-06-23 14:53:30 - [MESSAGE][WARNING] - Timeout '0' is invalid. Using default page load timeout: '40'

2022-06-23 14:53:37 - [MESSAGE][PASSED] - Tapped on element 'Object Repository/zakat/zakatTypeZakatEmasDropdownSelect'

2022-06-23 14:53:37 - [TEST_STEP][PASSED] - tap(findTestObject("Main/mainCalenderPickerDoneBtn"), 0): Tapped on element 'Object Repository/Main/mainCalenderPickerDoneBtn'

2022-06-23 14:53:37 - [MESSAGE][WARNING] - Timeout '0' is invalid. Using default page load timeout: '40'

2022-06-23 14:53:37 - [MESSAGE][PASSED] - Tapped on element 'Object Repository/Main/mainCalenderPickerDoneBtn'

2022-06-23 14:53:37 - [TEST_STEP][PASSED] - tap(findTestObject("Login Onboarding/loginExistingContinueBtn"), 0): Tapped on element 'Object Repository/Login Onboarding/loginExistingContinueBtn'

2022-06-23 14:53:37 - [MESSAGE][WARNING] - Timeout '0' is invalid. Using default page load timeout: '40'

2022-06-23 14:53:38 - [MESSAGE][PASSED] - Tapped on element 'Object Repository/Login Onboarding/loginExistingContinueBtn'

2022-06-23 14:53:38 - [TEST_STEP][PASSED] - setText(findTestObject("zakat/zakatMobileNoInputField"), "181610161", 0): Text '181610161' has been set to element 'Object Repository/zakat/zakatMobileNoInputField'

2022-06-23 14:53:38 - [MESSAGE][WARNING] - Timeout '0' is invalid. Using default page load timeout: '40'

2022-06-23 14:53:40 - [MESSAGE][PASSED] - Text '181610161' has been set to element 'Object Repository/zakat/zakatMobileNoInputField'

2022-06-23 14:53:40 - [TEST_STEP][PASSED] - hideKeyboard(): Keyboard is hidden

2022-06-23 14:53:44 - [MESSAGE][PASSED] - Keyboard is hidden

2022-06-23 14:53:44 - [TEST_STEP][PASSED] - tap(findTestObject("Login Onboarding/loginExistingContinueBtn"), 0): Tapped on element 'Object Repository/Login Onboarding/loginExistingContinueBtn'

2022-06-23 14:53:44 - [MESSAGE][WARNING] - Timeout '0' is invalid. Using default page load timeout: '40'

2022-06-23 14:53:44 - [MESSAGE][PASSED] - Tapped on element 'Object Repository/Login Onboarding/loginExistingContinueBtn'

2022-06-23 14:53:44 - [TEST_STEP][PASSED] - tap(findTestObject("Login Onboarding/PIN1"), 0): Tapped on element 'Object Repository/Login Onboarding/PIN1'

2022-06-23 14:53:44 - [MESSAGE][WARNING] - Timeout '0' is invalid. Using default page load timeout: '40'

2022-06-23 14:53:46 - [MESSAGE][PASSED] - Tapped on element 'Object Repository/Login Onboarding/PIN1'

2022-06-23 14:53:46 - [TEST_STEP][PASSED] - tap(findTestObject("zakat/zakatAmountTickBtn"), 0): Tapped on element 'Object Repository/zakat/zakatAmountTickBtn'

2022-06-23 14:53:46 - [MESSAGE][WARNING] - Timeout '0' is invalid. Using default page load timeout: '40'

2022-06-23 14:53:46 - [MESSAGE][PASSED] - Tapped on element 'Object Repository/zakat/zakatAmountTickBtn'

2022-06-23 14:53:46 - [TEST_STEP][PASSED] - delay(5): Delayed 5 second(s)

2022-06-23 14:53:51 - [MESSAGE][PASSED] - Delayed 5 second(s)

2022-06-23 14:53:51 - [TEST_STEP][PASSED] - verifyElementText(findTestObject("Transfer/transferConfirmationFromAccTypeTxt", ["accType":accType]), accType): Actual text and expected text of test object 'Object Repository/Transfer/transferConfirmationFromAccTypeTxt' are matched.

2022-06-23 14:53:51 - [MESSAGE][PASSED] - Actual text and expected text of test object 'Object Repository/Transfer/transferConfirmationFromAccTypeTxt' are matched.

2022-06-23 14:53:51 - [TEST_STEP][PASSED] - verifyElementText(findTestObject("Transfer/transferConfirmationFromAccNoTxt", ["accNoFrom":accNoFrom]), accNoFrom): Actual text and expected text of test object 'Object Repository/Transfer/transferConfirmationFromAccNoTxt' are matched.

2022-06-23 14:53:51 - [MESSAGE][PASSED] - Actual text and expected text of test object 'Object Repository/Transfer/transferConfirmationFromAccNoTxt' are matched.

2022-06-23 14:53:51 - [TEST_STEP][PASSED] - verifyElementVisible(findTestObject("Main/mainPayNowBtn"), 0): Element 'Object Repository/Main/mainPayNowBtn' is visible

2022-06-23 14:53:51 - [MESSAGE][WARNING] - Timeout '0' is invalid. Using default page load timeout: '40'

2022-06-23 14:53:52 - [MESSAGE][PASSED] - Element 'Object Repository/Main/mainPayNowBtn' is visible

2022-06-23 14:53:52 - [TEST_STEP][PASSED] - tap(findTestObject("Main/mainPayNowBtn"), 0): Tapped on element 'Object Repository/Main/mainPayNowBtn'

2022-06-23 14:53:52 - [MESSAGE][WARNING] - Timeout '0' is invalid. Using default page load timeout: '40'

2022-06-23 14:53:52 - [MESSAGE][PASSED] - Tapped on element 'Object Repository/Main/mainPayNowBtn'

2022-06-23 14:53:52 - [TEST_STEP][PASSED] - delay(3): Delayed 3 second(s)

2022-06-23 14:53:55 - [MESSAGE][PASSED] - Delayed 3 second(s)

2022-06-23 14:53:55 - [TEST_STEP][PASSED] - if (verifyElementVisible(findTestObject("Festive Season/festiveReturnAngpaoTACNoTxt"), 10, OPTIONAL)): Element 'Object Repository/Festive Season/festiveReturnAngpaoTACNoTxt' not found

2022-06-23 14:54:05 - [MESSAGE][WARNING] - Element 'Object Repository/Festive Season/festiveReturnAngpaoTACNoTxt' not found

2022-06-23 14:54:05 - [TEST_STEP][PASSED] - else: Delayed 3 second(s)

2022-06-23 14:54:05 - [TEST_STEP][PASSED] - delay(5): Delayed 5 second(s)

2022-06-23 14:54:10 - [MESSAGE][PASSED] - Delayed 5 second(s)

2022-06-23 14:54:10 - [TEST_STEP][PASSED] - verifyElementVisible(findTestObject("Main/mainS2UApproveBtn"), 10): Element 'Object Repository/Main/mainS2UApproveBtn' is visible

2022-06-23 14:54:10 - [MESSAGE][PASSED] - Element 'Object Repository/Main/mainS2UApproveBtn' is visible

2022-06-23 14:54:10 - [TEST_STEP][PASSED] - tap(findTestObject("Main/mainS2UApproveBtn"), 0): Tapped on element 'Object Repository/Main/mainS2UApproveBtn'

2022-06-23 14:54:10 - [MESSAGE][WARNING] - Timeout '0' is invalid. Using default page load timeout: '40'

2022-06-23 14:54:10 - [MESSAGE][PASSED] - Tapped on element 'Object Repository/Main/mainS2UApproveBtn'

2022-06-23 14:54:10 - [TEST_STEP][PASSED] - delay(3): Delayed 3 second(s)

2022-06-23 14:54:13 - [MESSAGE][PASSED] - Delayed 3 second(s)

2022-06-23 14:54:13 - [TEST_STEP][PASSED] - waitForElementPresent(findTestObject("Main/mainAddToFavBtn"), 0): Element 'Object Repository/Main/mainAddToFavBtn' is present

2022-06-23 14:54:13 - [MESSAGE][WARNING] - Timeout '0' is invalid. Using default page load timeout: '40'

2022-06-23 14:54:14 - [MESSAGE][PASSED] - Element 'Object Repository/Main/mainAddToFavBtn' is present

2022-06-23 14:54:14 - [TEST_STEP][PASSED] - tap(findTestObject("Main/mainAddToFavBtn"), 0): Tapped on element 'Object Repository/Main/mainAddToFavBtn'

2022-06-23 14:54:14 - [MESSAGE][WARNING] - Timeout '0' is invalid. Using default page load timeout: '40'

2022-06-23 14:54:15 - [MESSAGE][PASSED] - Tapped on element 'Object Repository/Main/mainAddToFavBtn'

2022-06-23 14:54:15 - [TEST_STEP][PASSED] - delay(2): Delayed 2 second(s)

2022-06-23 14:54:17 - [MESSAGE][PASSED] - Delayed 2 second(s)

2022-06-23 14:54:17 - [TEST_STEP][PASSED] - waitForElementPresent(findTestObject("Main/mainAddToFavBtn"), 0): Element 'Object Repository/Main/mainAddToFavBtn' is present

2022-06-23 14:54:17 - [MESSAGE][WARNING] - Timeout '0' is invalid. Using default page load timeout: '40'

2022-06-23 14:54:17 - [MESSAGE][PASSED] - Element 'Object Repository/Main/mainAddToFavBtn' is present

2022-06-23 14:54:17 - [TEST_STEP][PASSED] - tap(findTestObject("Main/mainAddToFavBtn"), 0): Tapped on element 'Object Repository/Main/mainAddToFavBtn'

2022-06-23 14:54:17 - [MESSAGE][WARNING] - Timeout '0' is invalid. Using default page load timeout: '40'

2022-06-23 14:54:17 - [MESSAGE][PASSED] - Tapped on element 'Object Repository/Main/mainAddToFavBtn'

2022-06-23 14:54:17 - [TEST_STEP][PASSED] - delay(2): Delayed 2 second(s)

2022-06-23 14:54:19 - [MESSAGE][PASSED] - Delayed 2 second(s)

2022-06-23 14:54:19 - [TEST_STEP][PASSED] - tap(findTestObject("Main/mainCloseFavPopUpBtn"), 0): Tapped on element 'Object Repository/Main/mainCloseFavPopUpBtn'

2022-06-23 14:54:19 - [MESSAGE][WARNING] - Timeout '0' is invalid. Using default page load timeout: '40'

2022-06-23 14:54:21 - [MESSAGE][PASSED] - Tapped on element 'Object Repository/Main/mainCloseFavPopUpBtn'

2022-06-23 14:54:21 - [TEST_STEP][PASSED] - delay(2): Delayed 2 second(s)

2022-06-23 14:54:23 - [MESSAGE][PASSED] - Delayed 2 second(s)

2022-06-23 14:54:23 - [TEST_STEP][PASSED] - verifyElementVisible(findTestObject("Object Repository/Transfer/transferSummaryShareReceiptBtn"), 0): Element 'Object Repository/Transfer/transferSummaryShareReceiptBtn' is visible

2022-06-23 14:54:23 - [MESSAGE][WARNING] - Timeout '0' is invalid. Using default page load timeout: '40'

2022-06-23 14:54:23 - [MESSAGE][PASSED] - Element 'Object Repository/Transfer/transferSummaryShareReceiptBtn' is visible

2022-06-23 14:54:23 - [TEST_STEP][PASSED] - verifyElementVisible(findTestObject("Main/mainDoneBtn"), 0): Element 'Object Repository/Main/mainDoneBtn' is visible

2022-06-23 14:54:23 - [MESSAGE][WARNING] - Timeout '0' is invalid. Using default page load timeout: '40'

2022-06-23 14:54:23 - [MESSAGE][PASSED] - Element 'Object Repository/Main/mainDoneBtn' is visible

2022-06-23 14:54:23 - [TEST_STEP][PASSED] - takeScreenshot("/Users/a00139272/Desktop/Screenshot/zakatAddFav.png"): Screenshot is taken

2022-06-23 14:54:24 - [MESSAGE][PASSED] - Screenshot is taken
[[ATTACHMENT|/Users/a00139272/Desktop/Screenshot/zakatAddFav.png]]

2022-06-23 14:54:24 - [TEST_STEP][PASSED] - tap(findTestObject("Main/mainDoneBtn"), 0): Tapped on element 'Object Repository/Main/mainDoneBtn'

2022-06-23 14:54:24 - [MESSAGE][WARNING] - Timeout '0' is invalid. Using default page load timeout: '40'

2022-06-23 14:54:24 - [MESSAGE][PASSED] - Tapped on element 'Object Repository/Main/mainDoneBtn'

2022-06-23 14:54:24 - [TEST_STEP][PASSED] - delay(5): Delayed 5 second(s)

2022-06-23 14:54:29 - [MESSAGE][PASSED] - Delayed 5 second(s)]]></system-out>
         <system-err><![CDATA[]]></system-err>
      </testcase>
      <testcase name="Test Cases/Zakat/zakat_zakatPaymentFavoriteTransaction" time="44.474" classname="Test Cases/Zakat/zakat_zakatPaymentFavoriteTransaction" status="PASSED">
         <system-out><![CDATA[2022-06-23 14:54:29 - [TEST_CASE][PASSED] - Test Cases/Zakat/zakat_zakatPaymentFavoriteTransaction: Test Cases/Zakat/zakat_zakatPaymentFavoriteTransaction

2022-06-23 14:54:30 - [TEST_STEP][PASSED] - device_Height = getDeviceHeight(): Current device physical height is 2167

2022-06-23 14:54:30 - [MESSAGE][PASSED] - Current device physical height is 2167

2022-06-23 14:54:30 - [TEST_STEP][PASSED] - device_Width = getDeviceWidth(): Current device physical width is 1080

2022-06-23 14:54:30 - [MESSAGE][PASSED] - Current device physical width is 1080

2022-06-23 14:54:30 - [TEST_STEP][PASSED] - startX = device_Width / 3: null

2022-06-23 14:54:30 - [TEST_STEP][PASSED] - startY = device_Height * 0.97: null

2022-06-23 14:54:30 - [TEST_STEP][PASSED] - tap(findTestObject("Banking/m2uAccountPayBillsIconSelect"), 0): Tapped on element 'Object Repository/Banking/m2uAccountPayBillsIconSelect'

2022-06-23 14:54:30 - [MESSAGE][WARNING] - Timeout '0' is invalid. Using default page load timeout: '40'

2022-06-23 14:54:30 - [MESSAGE][PASSED] - Tapped on element 'Object Repository/Banking/m2uAccountPayBillsIconSelect'

2022-06-23 14:54:30 - [TEST_STEP][PASSED] - tap(findTestObject("zakat/payBillZakatTopMenuSelect"), 40): Tapped on element 'Object Repository/zakat/payBillZakatTopMenuSelect'

2022-06-23 14:54:36 - [MESSAGE][PASSED] - Tapped on element 'Object Repository/zakat/payBillZakatTopMenuSelect'

2022-06-23 14:54:36 - [TEST_STEP][PASSED] - delay(5): Delayed 5 second(s)

2022-06-23 14:54:41 - [MESSAGE][PASSED] - Delayed 5 second(s)

2022-06-23 14:54:41 - [TEST_STEP][PASSED] - waitForElementPresent(findTestObject("Main/mainFavBodySelect"), 0): Element 'Object Repository/Main/mainFavBodySelect' is present

2022-06-23 14:54:41 - [MESSAGE][WARNING] - Timeout '0' is invalid. Using default page load timeout: '40'

2022-06-23 14:54:41 - [MESSAGE][PASSED] - Element 'Object Repository/Main/mainFavBodySelect' is present

2022-06-23 14:54:41 - [TEST_STEP][PASSED] - tap(findTestObject("Main/mainFavBodySelect"), 0): Tapped on element 'Object Repository/Main/mainFavBodySelect'

2022-06-23 14:54:41 - [MESSAGE][WARNING] - Timeout '0' is invalid. Using default page load timeout: '40'

2022-06-23 14:54:41 - [MESSAGE][PASSED] - Tapped on element 'Object Repository/Main/mainFavBodySelect'

2022-06-23 14:54:41 - [TEST_STEP][PASSED] - delay(5): Delayed 5 second(s)

2022-06-23 14:54:46 - [MESSAGE][PASSED] - Delayed 5 second(s)

2022-06-23 14:54:46 - [TEST_STEP][PASSED] - waitForElementPresent(findTestObject("zakat/zakatTypeDropdownSelectBox"), 0): Element 'Object Repository/zakat/zakatTypeDropdownSelectBox' is present

2022-06-23 14:54:46 - [MESSAGE][WARNING] - Timeout '0' is invalid. Using default page load timeout: '40'

2022-06-23 14:54:46 - [MESSAGE][PASSED] - Element 'Object Repository/zakat/zakatTypeDropdownSelectBox' is present

2022-06-23 14:54:46 - [TEST_STEP][PASSED] - tap(findTestObject("zakat/zakatTypeDropdownSelectBox"), 0): Tapped on element 'Object Repository/zakat/zakatTypeDropdownSelectBox'

2022-06-23 14:54:46 - [MESSAGE][WARNING] - Timeout '0' is invalid. Using default page load timeout: '40'

2022-06-23 14:54:46 - [MESSAGE][PASSED] - Tapped on element 'Object Repository/zakat/zakatTypeDropdownSelectBox'

2022-06-23 14:54:46 - [TEST_STEP][PASSED] - tap(findTestObject("zakat/zakatTypeZakatEmasDropdownSelect"), 0): Tapped on element 'Object Repository/zakat/zakatTypeZakatEmasDropdownSelect'

2022-06-23 14:54:46 - [MESSAGE][WARNING] - Timeout '0' is invalid. Using default page load timeout: '40'

2022-06-23 14:54:47 - [MESSAGE][PASSED] - Tapped on element 'Object Repository/zakat/zakatTypeZakatEmasDropdownSelect'

2022-06-23 14:54:47 - [TEST_STEP][PASSED] - tap(findTestObject("Main/mainCalenderPickerDoneBtn"), 0): Tapped on element 'Object Repository/Main/mainCalenderPickerDoneBtn'

2022-06-23 14:54:47 - [MESSAGE][WARNING] - Timeout '0' is invalid. Using default page load timeout: '40'

2022-06-23 14:54:47 - [MESSAGE][PASSED] - Tapped on element 'Object Repository/Main/mainCalenderPickerDoneBtn'

2022-06-23 14:54:47 - [TEST_STEP][PASSED] - tap(findTestObject("Login Onboarding/loginExistingContinueBtn"), 0): Tapped on element 'Object Repository/Login Onboarding/loginExistingContinueBtn'

2022-06-23 14:54:47 - [MESSAGE][WARNING] - Timeout '0' is invalid. Using default page load timeout: '40'

2022-06-23 14:54:48 - [MESSAGE][PASSED] - Tapped on element 'Object Repository/Login Onboarding/loginExistingContinueBtn'

2022-06-23 14:54:48 - [TEST_STEP][PASSED] - tap(findTestObject("Login Onboarding/PIN1"), 0): Tapped on element 'Object Repository/Login Onboarding/PIN1'

2022-06-23 14:54:48 - [MESSAGE][WARNING] - Timeout '0' is invalid. Using default page load timeout: '40'

2022-06-23 14:54:50 - [MESSAGE][PASSED] - Tapped on element 'Object Repository/Login Onboarding/PIN1'

2022-06-23 14:54:50 - [TEST_STEP][PASSED] - tap(findTestObject("Login Onboarding/PIN0"), 0): Tapped on element 'Object Repository/Login Onboarding/PIN0'

2022-06-23 14:54:50 - [MESSAGE][WARNING] - Timeout '0' is invalid. Using default page load timeout: '40'

2022-06-23 14:54:50 - [MESSAGE][PASSED] - Tapped on element 'Object Repository/Login Onboarding/PIN0'

2022-06-23 14:54:50 - [TEST_STEP][PASSED] - tap(findTestObject("JomPay/jomPayAmountTickBtn"), 0): Tapped on element 'Object Repository/JomPay/jomPayAmountTickBtn'

2022-06-23 14:54:50 - [MESSAGE][WARNING] - Timeout '0' is invalid. Using default page load timeout: '40'

2022-06-23 14:54:50 - [MESSAGE][PASSED] - Tapped on element 'Object Repository/JomPay/jomPayAmountTickBtn'

2022-06-23 14:54:50 - [TEST_STEP][PASSED] - delay(5): Delayed 5 second(s)

2022-06-23 14:54:55 - [MESSAGE][PASSED] - Delayed 5 second(s)

2022-06-23 14:54:55 - [TEST_STEP][PASSED] - verifyElementText(findTestObject("Transfer/transferConfirmationFromAccTypeTxt", ["accType":accType]), accType): Actual text and expected text of test object 'Object Repository/Transfer/transferConfirmationFromAccTypeTxt' are matched.

2022-06-23 14:54:57 - [MESSAGE][PASSED] - Actual text and expected text of test object 'Object Repository/Transfer/transferConfirmationFromAccTypeTxt' are matched.

2022-06-23 14:54:57 - [TEST_STEP][PASSED] - verifyElementText(findTestObject("Transfer/transferConfirmationFromAccNoTxt", ["accNoFrom":accNoFrom]), accNoFrom): Actual text and expected text of test object 'Object Repository/Transfer/transferConfirmationFromAccNoTxt' are matched.

2022-06-23 14:54:57 - [MESSAGE][PASSED] - Actual text and expected text of test object 'Object Repository/Transfer/transferConfirmationFromAccNoTxt' are matched.

2022-06-23 14:54:57 - [TEST_STEP][PASSED] - verifyElementVisible(findTestObject("Main/mainPayNowBtn"), 0): Element 'Object Repository/Main/mainPayNowBtn' is visible

2022-06-23 14:54:57 - [MESSAGE][WARNING] - Timeout '0' is invalid. Using default page load timeout: '40'

2022-06-23 14:54:57 - [MESSAGE][PASSED] - Element 'Object Repository/Main/mainPayNowBtn' is visible

2022-06-23 14:54:57 - [TEST_STEP][PASSED] - tap(findTestObject("Main/mainPayNowBtn"), 0): Tapped on element 'Object Repository/Main/mainPayNowBtn'

2022-06-23 14:54:57 - [MESSAGE][WARNING] - Timeout '0' is invalid. Using default page load timeout: '40'

2022-06-23 14:54:58 - [MESSAGE][PASSED] - Tapped on element 'Object Repository/Main/mainPayNowBtn'

2022-06-23 14:54:58 - [TEST_STEP][PASSED] - delay(5): Delayed 5 second(s)

2022-06-23 14:55:03 - [MESSAGE][PASSED] - Delayed 5 second(s)

2022-06-23 14:55:03 - [TEST_STEP][PASSED] - verifyElementVisible(findTestObject("Object Repository/Transfer/transferSummaryShareReceiptBtn"), 0): Element 'Object Repository/Transfer/transferSummaryShareReceiptBtn' is visible

2022-06-23 14:55:03 - [MESSAGE][WARNING] - Timeout '0' is invalid. Using default page load timeout: '40'

2022-06-23 14:55:08 - [MESSAGE][PASSED] - Element 'Object Repository/Transfer/transferSummaryShareReceiptBtn' is visible

2022-06-23 14:55:08 - [TEST_STEP][PASSED] - verifyElementVisible(findTestObject("Main/mainDoneBtn"), 0): Element 'Object Repository/Main/mainDoneBtn' is visible

2022-06-23 14:55:08 - [MESSAGE][WARNING] - Timeout '0' is invalid. Using default page load timeout: '40'

2022-06-23 14:55:08 - [MESSAGE][PASSED] - Element 'Object Repository/Main/mainDoneBtn' is visible

2022-06-23 14:55:08 - [TEST_STEP][PASSED] - takeScreenshot("/Users/a00139272/Desktop/Screenshot/zakatFav.png"): Screenshot is taken

2022-06-23 14:55:09 - [MESSAGE][PASSED] - Screenshot is taken
[[ATTACHMENT|/Users/a00139272/Desktop/Screenshot/zakatFav.png]]

2022-06-23 14:55:09 - [TEST_STEP][PASSED] - tap(findTestObject("Main/mainDoneBtn"), 0): Tapped on element 'Object Repository/Main/mainDoneBtn'

2022-06-23 14:55:09 - [MESSAGE][WARNING] - Timeout '0' is invalid. Using default page load timeout: '40'

2022-06-23 14:55:09 - [MESSAGE][PASSED] - Tapped on element 'Object Repository/Main/mainDoneBtn'

2022-06-23 14:55:09 - [TEST_STEP][PASSED] - delay(5): Delayed 5 second(s)

2022-06-23 14:55:14 - [MESSAGE][PASSED] - Delayed 5 second(s)]]></system-out>
         <system-err><![CDATA[]]></system-err>
      </testcase>
      <system-out><![CDATA[2022-06-23 14:35:22 - [TEST_SUITE][PASSED] - Regress 1: Test Cases/Zakat/zakat_zakatPaymentFavoriteTransaction]]></system-out>
      <system-err><![CDATA[]]></system-err>
   </testsuite>
</testsuites>
