<?xml version="1.0" encoding="UTF-8"?>
<testsuites name="Regress 5" time="3368.401" tests="10" failures="4" errors="0">
   <testsuite name="Regress 5" tests="10" failures="4" errors="0" time="3368.401" skipped="0" timestamp="2022-06-21 14:51:12" hostname="a00139272 - 192.168.0.176" id="Test Suites/Regress 5">
      <properties>
         <property name="deviceName" value="Xiaomi 21061119AG (Android 11)"/>
         <property name="devicePlatform" value=""/>
         <property name="logFolder" value="/Users/a00139272/git/MAE-BAU-MY/Reports/20220621_145102/Regress 5/20220621_145102"/>
         <property name="logFiles" value="/Users/a00139272/git/MAE-BAU-MY/Reports/20220621_145102/Regress 5/20220621_145102/execution0.log, /Users/a00139272/git/MAE-BAU-MY/Reports/20220621_145102/Regress 5/20220621_145102/appium.log"/>
         <property name="attachments" value="/Users/a00139272/Desktop/Screenshot/asnbTransfer.png, /Users/a00139272/Desktop/Screenshot/instantThirdParty.png, /Users/a00139272/Desktop/Screenshot/thirdPartyFuture.png, /Users/a00139272/Desktop/Screenshot/thirdPartySetFav.png, /Users/a00139272/Desktop/Screenshot/thirdPartyFav.png, /Users/a00139272/git/MAEAutomation2/Duitnow/1.png, /Users/a00139272/git/MAEAutomation2/Duitnow/2.png, /Users/a00139272/git/MAEAutomation2/Duitnow/3.png, /Users/a00139272/git/MAEAutomation2/Duitnow/1.png, /Users/a00139272/Desktop/Screenshot/duitNowBReg.png, /Users/a00139272/Desktop/Screenshot/duitNowRecurring.png, /Users/a00139272/Desktop/Screenshot/duitNowAddFav.png"/>
         <property name="hostName" value="a00139272 - 192.168.0.176"/>
         <property name="os" value="Mac OS X 64bit"/>
         <property name="appiumServerStatus" value="{&quot;value&quot;:{&quot;build&quot;:{&quot;version&quot;:&quot;1.22.1&quot;}},&quot;sessionId&quot;:null,&quot;status&quot;:0}"/>
         <property name="katalonVersion" value="8.3.5.208"/>
         <property name="deviceOS" value="Android"/>
         <property name="appiumVersion" value="1.22.1"/>
         <property name="deviceModel" value="21061119AG"/>
         <property name="hostAddress" value="192.168.0.176"/>
         <property name="deviceManufacturer" value="Xiaomi"/>
         <property name="deviceId" value="002b9cc60508"/>
         <property name="deviceName" value="Xiaomi 21061119AG (Android 11)"/>
         <property name="deviceOSVersion" value="11"/>
      </properties>
      <testcase name="Test Cases/Transfer/asnb_asnbTransfer" time="575.421" classname="Test Cases/Transfer/asnb_asnbTransfer" status="FAILED">
         <failure type="FAILED" message="Test Cases/Transfer/asnb_asnbTransfer FAILED.
Reason:
com.kms.katalon.core.exception.StepFailedException: Element 'Object Repository/ASNB/transferASNBConfirmationDateTxt' not found
	at com.kms.katalon.core.keyword.internal.KeywordMain.stepFailed(KeywordMain.groovy:39)
	at com.kms.katalon.core.mobile.keyword.internal.MobileKeywordMain.stepFailed(MobileKeywordMain.groovy:40)
	at com.kms.katalon.core.mobile.keyword.builtin.VerifyElementTextKeyword$_verifyElementText_closure1.doCall(VerifyElementTextKeyword.groovy:49)
	at com.kms.katalon.core.mobile.keyword.builtin.VerifyElementTextKeyword$_verifyElementText_closure1.call(VerifyElementTextKeyword.groovy)
	at com.kms.katalon.core.mobile.keyword.internal.MobileKeywordMain.runKeyword(MobileKeywordMain.groovy:21)
	at com.kms.katalon.core.mobile.keyword.builtin.VerifyElementTextKeyword.verifyElementText(VerifyElementTextKeyword.groovy:62)
	at com.kms.katalon.core.mobile.keyword.builtin.VerifyElementTextKeyword.execute(VerifyElementTextKeyword.groovy:39)
	at com.kms.katalon.core.keyword.internal.KeywordExecutor.executeKeywordForPlatform(KeywordExecutor.groovy:74)
	at com.kms.katalon.core.mobile.keyword.MobileBuiltInKeywords.verifyElementText(MobileBuiltInKeywords.groovy:2901)
	at com.kms.katalon.core.mobile.keyword.MobileBuiltInKeywords$verifyElementText$9.call(Unknown Source)
	at asnb_asnbTransfer.run(asnb_asnbTransfer:218)
	at com.kms.katalon.core.main.ScriptEngine.run(ScriptEngine.java:194)
	at com.kms.katalon.core.main.ScriptEngine.runScriptAsRawText(ScriptEngine.java:119)
	at com.kms.katalon.core.main.TestCaseExecutor.runScript(TestCaseExecutor.java:445)
	at com.kms.katalon.core.main.TestCaseExecutor.doExecute(TestCaseExecutor.java:436)
	at com.kms.katalon.core.main.TestCaseExecutor.processExecutionPhase(TestCaseExecutor.java:415)
	at com.kms.katalon.core.main.TestCaseExecutor.accessMainPhase(TestCaseExecutor.java:407)
	at com.kms.katalon.core.main.TestCaseExecutor.execute(TestCaseExecutor.java:284)
	at com.kms.katalon.core.common.CommonExecutor.accessTestCaseMainPhase(CommonExecutor.java:65)
	at com.kms.katalon.core.main.TestSuiteExecutor.accessTestSuiteMainPhase(TestSuiteExecutor.java:144)
	at com.kms.katalon.core.main.TestSuiteExecutor.execute(TestSuiteExecutor.java:106)
	at com.kms.katalon.core.main.TestCaseMain.startTestSuite(TestCaseMain.java:185)
	at com.kms.katalon.core.main.TestCaseMain$startTestSuite$0.call(Unknown Source)
	at TempTestSuite1655794262003.run(TempTestSuite1655794262003.groovy:36)
"/>
         <system-out><![CDATA[2022-06-21 14:51:12 - [TEST_CASE][FAILED] - Test Cases/Transfer/asnb_asnbTransfer: Test Cases/Transfer/asnb_asnbTransfer FAILED.
Reason:
com.kms.katalon.core.exception.StepFailedException: Element 'Object Repository/ASNB/transferASNBConfirmationDateTxt' not found
	at com.kms.katalon.core.keyword.internal.KeywordMain.stepFailed(KeywordMain.groovy:39)
	at com.kms.katalon.core.mobile.keyword.internal.MobileKeywordMain.stepFailed(MobileKeywordMain.groovy:40)
	at com.kms.katalon.core.mobile.keyword.builtin.VerifyElementTextKeyword$_verifyElementText_closure1.doCall(VerifyElementTextKeyword.groovy:49)
	at com.kms.katalon.core.mobile.keyword.builtin.VerifyElementTextKeyword$_verifyElementText_closure1.call(VerifyElementTextKeyword.groovy)
	at com.kms.katalon.core.mobile.keyword.internal.MobileKeywordMain.runKeyword(MobileKeywordMain.groovy:21)
	at com.kms.katalon.core.mobile.keyword.builtin.VerifyElementTextKeyword.verifyElementText(VerifyElementTextKeyword.groovy:62)
	at com.kms.katalon.core.mobile.keyword.builtin.VerifyElementTextKeyword.execute(VerifyElementTextKeyword.groovy:39)
	at com.kms.katalon.core.keyword.internal.KeywordExecutor.executeKeywordForPlatform(KeywordExecutor.groovy:74)
	at com.kms.katalon.core.mobile.keyword.MobileBuiltInKeywords.verifyElementText(MobileBuiltInKeywords.groovy:2901)
	at com.kms.katalon.core.mobile.keyword.MobileBuiltInKeywords$verifyElementText$9.call(Unknown Source)
	at asnb_asnbTransfer.run(asnb_asnbTransfer:218)
	at com.kms.katalon.core.main.ScriptEngine.run(ScriptEngine.java:194)
	at com.kms.katalon.core.main.ScriptEngine.runScriptAsRawText(ScriptEngine.java:119)
	at com.kms.katalon.core.main.TestCaseExecutor.runScript(TestCaseExecutor.java:445)
	at com.kms.katalon.core.main.TestCaseExecutor.doExecute(TestCaseExecutor.java:436)
	at com.kms.katalon.core.main.TestCaseExecutor.processExecutionPhase(TestCaseExecutor.java:415)
	at com.kms.katalon.core.main.TestCaseExecutor.accessMainPhase(TestCaseExecutor.java:407)
	at com.kms.katalon.core.main.TestCaseExecutor.execute(TestCaseExecutor.java:284)
	at com.kms.katalon.core.common.CommonExecutor.accessTestCaseMainPhase(CommonExecutor.java:65)
	at com.kms.katalon.core.main.TestSuiteExecutor.accessTestSuiteMainPhase(TestSuiteExecutor.java:144)
	at com.kms.katalon.core.main.TestSuiteExecutor.execute(TestSuiteExecutor.java:106)
	at com.kms.katalon.core.main.TestCaseMain.startTestSuite(TestCaseMain.java:185)
	at com.kms.katalon.core.main.TestCaseMain$startTestSuite$0.call(Unknown Source)
	at TempTestSuite1655794262003.run(TempTestSuite1655794262003.groovy:36)


2022-06-21 14:51:12 - [TEST_STEP][PASSED] - setMobileDriverPreferencesProperty("appPackage", "com.maybank2u.life.sit"): null

2022-06-21 14:51:12 - [TEST_STEP][PASSED] - setMobileDriverPreferencesProperty("appActivity", "com.maybank2u.life.MainActivity"): null

2022-06-21 14:51:12 - [TEST_STEP][PASSED] - startApplication("/Users/a00139272/Katalon Studio/MAE/androidapp/app-sit-universal-release-copy.apk", false): Started app at: '/Users/a00139272/Katalon Studio/MAE/androidapp/app-sit-universal-release-copy.apk'

2022-06-21 14:51:13 - [MESSAGE][INFO] - User set preference: ['appWaitActivity', '*']

2022-06-21 14:51:13 - [MESSAGE][INFO] - User set preference: ['deviceId', '002b9cc60508']

2022-06-21 14:51:13 - [MESSAGE][INFO] - User set preference: ['appPackage', 'com.maybank2u.life.sit']

2022-06-21 14:51:13 - [MESSAGE][INFO] - User set preference: ['appActivity', 'com.maybank2u.life.MainActivity']

2022-06-21 14:51:13 - [MESSAGE][INFO] - Detected NodeJS location: "/usr/local/Cellar/node/17.0.1/bin/node"

2022-06-21 14:51:14 - [MESSAGE][INFO] - Appium server started on port 58,887

2022-06-21 14:51:26 - [MESSAGE][PASSED] - Started app at: '/Users/a00139272/Katalon Studio/MAE/androidapp/app-sit-universal-release-copy.apk'

2022-06-21 14:51:26 - [TEST_STEP][PASSED] - delay(5): Delayed 5 second(s)

2022-06-21 14:51:31 - [MESSAGE][PASSED] - Delayed 5 second(s)

2022-06-21 14:51:31 - [TEST_STEP][PASSED] - device_Height = getDeviceHeight(): Current device physical height is 2167

2022-06-21 14:51:31 - [MESSAGE][PASSED] - Current device physical height is 2167

2022-06-21 14:51:31 - [TEST_STEP][PASSED] - device_Width = getDeviceWidth(): Current device physical width is 1080

2022-06-21 14:51:31 - [MESSAGE][PASSED] - Current device physical width is 1080

2022-06-21 14:51:31 - [TEST_STEP][PASSED] - startX = device_Width / 3: null

2022-06-21 14:51:31 - [TEST_STEP][PASSED] - startY = device_Height * 0.97: null

2022-06-21 14:51:31 - [TEST_STEP][PASSED] - tapAtPosition(startX, startY): Tapped at [360, 2,101]

2022-06-21 14:51:32 - [MESSAGE][PASSED] - Tapped at [360, 2,101]

2022-06-21 14:51:32 - [TEST_STEP][PASSED] - if (verifyElementVisible(findTestObject("Main/mainEnterPINMessage"), 0, OPTIONAL)): null

2022-06-21 14:51:32 - [MESSAGE][WARNING] - Timeout '0' is invalid. Using default page load timeout: '40'

2022-06-21 14:51:33 - [MESSAGE][PASSED] - Element 'Object Repository/Main/mainEnterPINMessage' is visible

2022-06-21 14:51:33 - [TEST_STEP][PASSED] - tap(findTestObject("Login Onboarding/PIN1"), 0): Tapped on element 'Object Repository/Login Onboarding/PIN1'

2022-06-21 14:51:33 - [MESSAGE][WARNING] - Timeout '0' is invalid. Using default page load timeout: '40'

2022-06-21 14:51:34 - [MESSAGE][PASSED] - Tapped on element 'Object Repository/Login Onboarding/PIN1'

2022-06-21 14:51:34 - [TEST_STEP][PASSED] - tap(findTestObject("Login Onboarding/PIN1"), 0): Tapped on element 'Object Repository/Login Onboarding/PIN1'

2022-06-21 14:51:34 - [MESSAGE][WARNING] - Timeout '0' is invalid. Using default page load timeout: '40'

2022-06-21 14:51:36 - [MESSAGE][PASSED] - Tapped on element 'Object Repository/Login Onboarding/PIN1'

2022-06-21 14:51:36 - [TEST_STEP][PASSED] - tap(findTestObject("Login Onboarding/PIN1"), 0): Tapped on element 'Object Repository/Login Onboarding/PIN1'

2022-06-21 14:51:36 - [MESSAGE][WARNING] - Timeout '0' is invalid. Using default page load timeout: '40'

2022-06-21 14:51:38 - [MESSAGE][PASSED] - Tapped on element 'Object Repository/Login Onboarding/PIN1'

2022-06-21 14:51:38 - [TEST_STEP][PASSED] - tap(findTestObject("Login Onboarding/PIN1"), 0): Tapped on element 'Object Repository/Login Onboarding/PIN1'

2022-06-21 14:51:38 - [MESSAGE][WARNING] - Timeout '0' is invalid. Using default page load timeout: '40'

2022-06-21 14:51:41 - [MESSAGE][PASSED] - Tapped on element 'Object Repository/Login Onboarding/PIN1'

2022-06-21 14:51:41 - [TEST_STEP][PASSED] - tap(findTestObject("Login Onboarding/PIN1"), 0): Tapped on element 'Object Repository/Login Onboarding/PIN1'

2022-06-21 14:51:41 - [MESSAGE][WARNING] - Timeout '0' is invalid. Using default page load timeout: '40'

2022-06-21 14:51:41 - [MESSAGE][PASSED] - Tapped on element 'Object Repository/Login Onboarding/PIN1'

2022-06-21 14:51:41 - [TEST_STEP][PASSED] - tap(findTestObject("Login Onboarding/PIN2"), 0): Tapped on element 'Object Repository/Login Onboarding/PIN2'

2022-06-21 14:51:41 - [MESSAGE][WARNING] - Timeout '0' is invalid. Using default page load timeout: '40'

2022-06-21 14:51:43 - [MESSAGE][PASSED] - Tapped on element 'Object Repository/Login Onboarding/PIN2'

2022-06-21 14:51:43 - [TEST_STEP][PASSED] - delay(2): Delayed 2 second(s)

2022-06-21 14:51:45 - [MESSAGE][PASSED] - Delayed 2 second(s)

2022-06-21 14:51:45 - [TEST_STEP][PASSED] - verifyElementVisible(findTestObject("Banking/m2uAccountTypeSelection", ["text":"MAE"]), 10): Element 'Object Repository/Banking/m2uAccountTypeSelection' is visible

2022-06-21 14:51:56 - [MESSAGE][PASSED] - Element 'Object Repository/Banking/m2uAccountTypeSelection' is visible

2022-06-21 14:51:56 - [TEST_STEP][PASSED] - tap(findTestObject("Banking/m2uAccountTypeSelection", ["text":"MAE"]), 10): Tapped on element 'Object Repository/Banking/m2uAccountTypeSelection'

2022-06-21 14:51:57 - [MESSAGE][PASSED] - Tapped on element 'Object Repository/Banking/m2uAccountTypeSelection'

2022-06-21 14:51:57 - [TEST_STEP][PASSED] - delay(5): Delayed 5 second(s)

2022-06-21 14:52:02 - [MESSAGE][PASSED] - Delayed 5 second(s)

2022-06-21 14:52:02 - [TEST_STEP][PASSED] - tap(findTestObject("Banking/m2uAccountTransferIconSelect"), 0): Tapped on element 'Object Repository/Banking/m2uAccountTransferIconSelect'

2022-06-21 14:52:02 - [MESSAGE][WARNING] - Timeout '0' is invalid. Using default page load timeout: '40'

2022-06-21 14:52:02 - [MESSAGE][PASSED] - Tapped on element 'Object Repository/Banking/m2uAccountTransferIconSelect'

2022-06-21 14:52:02 - [TEST_STEP][PASSED] - delay(3): Delayed 3 second(s)

2022-06-21 14:52:05 - [MESSAGE][PASSED] - Delayed 3 second(s)

2022-06-21 14:52:05 - [TEST_STEP][PASSED] - if (verifyElementVisible(findTestObject("Tabung/tabungEnterPasswordTxt"), 0, OPTIONAL)): null

2022-06-21 14:52:05 - [MESSAGE][WARNING] - Timeout '0' is invalid. Using default page load timeout: '40'

2022-06-21 14:52:55 - [MESSAGE][PASSED] - Element 'Object Repository/Tabung/tabungEnterPasswordTxt' is visible

2022-06-21 14:52:55 - [TEST_STEP][PASSED] - setText(findTestObject("Tabung/tabungSignInInputPasswordField"), Password, 0): Text 'pass1234' has been set to element 'Object Repository/Tabung/tabungSignInInputPasswordField'

2022-06-21 14:52:56 - [MESSAGE][WARNING] - Timeout '0' is invalid. Using default page load timeout: '40'

2022-06-21 14:54:46 - [MESSAGE][PASSED] - Text 'pass1234' has been set to element 'Object Repository/Tabung/tabungSignInInputPasswordField'

2022-06-21 14:54:46 - [TEST_STEP][PASSED] - hideKeyboard(): Keyboard is hidden

2022-06-21 14:54:51 - [MESSAGE][PASSED] - Keyboard is hidden

2022-06-21 14:54:51 - [TEST_STEP][PASSED] - tap(findTestObject("Tabung/tabungSignInContinueBtn"), 0): Tapped on element 'Object Repository/Tabung/tabungSignInContinueBtn'

2022-06-21 14:54:51 - [MESSAGE][WARNING] - Timeout '0' is invalid. Using default page load timeout: '40'

2022-06-21 14:55:52 - [MESSAGE][PASSED] - Tapped on element 'Object Repository/Tabung/tabungSignInContinueBtn'

2022-06-21 14:55:52 - [TEST_STEP][PASSED] - delay(3): Delayed 3 second(s)

2022-06-21 14:55:55 - [MESSAGE][PASSED] - Delayed 3 second(s)

2022-06-21 14:55:55 - [TEST_STEP][PASSED] - tap(findTestObject("ASNB/transferASNBTopBtn"), 0): Tapped on element 'Object Repository/ASNB/transferASNBTopBtn'

2022-06-21 14:55:55 - [MESSAGE][WARNING] - Timeout '0' is invalid. Using default page load timeout: '40'

2022-06-21 14:56:56 - [MESSAGE][PASSED] - Tapped on element 'Object Repository/ASNB/transferASNBTopBtn'

2022-06-21 14:56:56 - [TEST_STEP][PASSED] - tap(findTestObject("ASNB/asnbTransferBtn"), 0): Tapped on element 'Object Repository/ASNB/asnbTransferBtn'

2022-06-21 14:56:56 - [MESSAGE][WARNING] - Timeout '0' is invalid. Using default page load timeout: '40'

2022-06-21 14:57:48 - [MESSAGE][PASSED] - Tapped on element 'Object Repository/ASNB/asnbTransferBtn'

2022-06-21 14:57:48 - [TEST_STEP][PASSED] - verifyElementExist(findTestObject("ASNB/transferASNBProductNameTitleTxt"), 0): Element 'Object Repository/ASNB/transferASNBProductNameTitleTxt' is exist

2022-06-21 14:57:48 - [MESSAGE][WARNING] - Timeout '0' is invalid. Using default page load timeout: '40'

2022-06-21 14:57:49 - [MESSAGE][PASSED] - Element 'Object Repository/ASNB/transferASNBProductNameTitleTxt' is exist

2022-06-21 14:57:49 - [TEST_STEP][PASSED] - verifyElementExist(findTestObject("ASNB/transferASNBProductNameSelectTxt", ["productName":productNameInitial]), 0): Element 'Object Repository/ASNB/transferASNBProductNameSelectTxt' is exist

2022-06-21 14:57:49 - [MESSAGE][WARNING] - Timeout '0' is invalid. Using default page load timeout: '40'

2022-06-21 14:57:49 - [MESSAGE][PASSED] - Element 'Object Repository/ASNB/transferASNBProductNameSelectTxt' is exist

2022-06-21 14:57:49 - [TEST_STEP][PASSED] - tap(findTestObject("ASNB/asnbSelectProductDropdown"), 0): Tapped on element 'Object Repository/ASNB/asnbSelectProductDropdown'

2022-06-21 14:57:49 - [MESSAGE][WARNING] - Timeout '0' is invalid. Using default page load timeout: '40'

2022-06-21 14:57:49 - [MESSAGE][PASSED] - Tapped on element 'Object Repository/ASNB/asnbSelectProductDropdown'

2022-06-21 14:57:49 - [TEST_STEP][PASSED] - verifyElementText(findTestObject("ASNB/asnbProductEquity3DropdownSelection", ["productType":productType]), productType): Actual text and expected text of test object 'Object Repository/ASNB/asnbProductEquity3DropdownSelection' are matched.

2022-06-21 14:57:50 - [MESSAGE][PASSED] - Actual text and expected text of test object 'Object Repository/ASNB/asnbProductEquity3DropdownSelection' are matched.

2022-06-21 14:57:50 - [TEST_STEP][PASSED] - tap(findTestObject("ASNB/asnbProductEquity3DropdownSelection", ["productType":productType]), 0): Tapped on element 'Object Repository/ASNB/asnbProductEquity3DropdownSelection'

2022-06-21 14:57:50 - [MESSAGE][WARNING] - Timeout '0' is invalid. Using default page load timeout: '40'

2022-06-21 14:57:51 - [MESSAGE][PASSED] - Tapped on element 'Object Repository/ASNB/asnbProductEquity3DropdownSelection'

2022-06-21 14:57:51 - [TEST_STEP][PASSED] - tap(findTestObject("Main/mainCalenderPickerDoneBtn"), 0): Tapped on element 'Object Repository/Main/mainCalenderPickerDoneBtn'

2022-06-21 14:57:51 - [MESSAGE][WARNING] - Timeout '0' is invalid. Using default page load timeout: '40'

2022-06-21 14:57:51 - [MESSAGE][PASSED] - Tapped on element 'Object Repository/Main/mainCalenderPickerDoneBtn'

2022-06-21 14:57:51 - [TEST_STEP][PASSED] - verifyElementText(findTestObject("ASNB/transferASNBProductNameSelectTxt", ["productName":productType]), productType): Actual text and expected text of test object 'Object Repository/ASNB/transferASNBProductNameSelectTxt' are matched.

2022-06-21 14:57:52 - [MESSAGE][PASSED] - Actual text and expected text of test object 'Object Repository/ASNB/transferASNBProductNameSelectTxt' are matched.

2022-06-21 14:57:52 - [TEST_STEP][PASSED] - verifyElementExist(findTestObject("ASNB/SelectASNBMember", ["idSelectType":productNameInitial]), 0): Element 'Object Repository/ASNB/SelectASNBMember' is exist

2022-06-21 14:57:52 - [MESSAGE][WARNING] - Timeout '0' is invalid. Using default page load timeout: '40'

2022-06-21 14:57:52 - [MESSAGE][PASSED] - Element 'Object Repository/ASNB/SelectASNBMember' is exist

2022-06-21 14:57:52 - [TEST_STEP][PASSED] - verifyElementExist(findTestObject("ASNB/transferASNBIDTypeTitleTxt"), 0): Element 'Object Repository/ASNB/transferASNBIDTypeTitleTxt' is exist

2022-06-21 14:57:52 - [MESSAGE][WARNING] - Timeout '0' is invalid. Using default page load timeout: '40'

2022-06-21 14:57:53 - [MESSAGE][PASSED] - Element 'Object Repository/ASNB/transferASNBIDTypeTitleTxt' is exist

2022-06-21 14:57:53 - [TEST_STEP][PASSED] - tap(findTestObject("Object Repository/ASNB/SelectASNBMember", ["idSelectType":productNameInitial]), 0): Tapped on element 'Object Repository/ASNB/SelectASNBMember'

2022-06-21 14:57:53 - [MESSAGE][WARNING] - Timeout '0' is invalid. Using default page load timeout: '40'

2022-06-21 14:57:53 - [MESSAGE][PASSED] - Tapped on element 'Object Repository/ASNB/SelectASNBMember'

2022-06-21 14:57:53 - [TEST_STEP][PASSED] - verifyElementText(findTestObject("ASNB/asnbIDTypeDropdown", ["idType":idType]), idType): Actual text and expected text of test object 'Object Repository/ASNB/asnbIDTypeDropdown' are matched.

2022-06-21 14:57:54 - [MESSAGE][PASSED] - Actual text and expected text of test object 'Object Repository/ASNB/asnbIDTypeDropdown' are matched.

2022-06-21 14:57:54 - [TEST_STEP][PASSED] - tap(findTestObject("ASNB/asnbIDTypeDropdown", ["idType":idType]), 0): Tapped on element 'Object Repository/ASNB/asnbIDTypeDropdown'

2022-06-21 14:57:54 - [MESSAGE][WARNING] - Timeout '0' is invalid. Using default page load timeout: '40'

2022-06-21 14:57:54 - [MESSAGE][PASSED] - Tapped on element 'Object Repository/ASNB/asnbIDTypeDropdown'

2022-06-21 14:57:54 - [TEST_STEP][PASSED] - tap(findTestObject("Main/mainCalenderPickerDoneBtn"), 0): Tapped on element 'Object Repository/Main/mainCalenderPickerDoneBtn'

2022-06-21 14:57:54 - [MESSAGE][WARNING] - Timeout '0' is invalid. Using default page load timeout: '40'

2022-06-21 14:57:54 - [MESSAGE][PASSED] - Tapped on element 'Object Repository/Main/mainCalenderPickerDoneBtn'

2022-06-21 14:57:54 - [TEST_STEP][PASSED] - verifyElementText(findTestObject("ASNB/SelectASNBMember", ["idSelectType":idType]), idType): Actual text and expected text of test object 'Object Repository/ASNB/SelectASNBMember' are matched.

2022-06-21 14:57:55 - [MESSAGE][PASSED] - Actual text and expected text of test object 'Object Repository/ASNB/SelectASNBMember' are matched.

2022-06-21 14:57:55 - [TEST_STEP][PASSED] - verifyElementExist(findTestObject("ASNB/transferASNBIDNumberTitleTxt"), 0): Element 'Object Repository/ASNB/transferASNBIDNumberTitleTxt' is exist

2022-06-21 14:57:55 - [MESSAGE][WARNING] - Timeout '0' is invalid. Using default page load timeout: '40'

2022-06-21 14:57:55 - [MESSAGE][PASSED] - Element 'Object Repository/ASNB/transferASNBIDNumberTitleTxt' is exist

2022-06-21 14:57:55 - [TEST_STEP][PASSED] - verifyElementExist(findTestObject("ASNB/transferASNBIDNumberPlaceholderTxt", ["id":idPlaceholder]), 0): Element 'Object Repository/ASNB/transferASNBIDNumberPlaceholderTxt' is exist

2022-06-21 14:57:55 - [MESSAGE][WARNING] - Timeout '0' is invalid. Using default page load timeout: '40'

2022-06-21 14:57:55 - [MESSAGE][PASSED] - Element 'Object Repository/ASNB/transferASNBIDNumberPlaceholderTxt' is exist

2022-06-21 14:57:55 - [TEST_STEP][PASSED] - setText(findTestObject("ASNB/asnbIDNumberInputField"), idNo, 0): Text '060225010993' has been set to element 'Object Repository/ASNB/asnbIDNumberInputField'

2022-06-21 14:57:55 - [MESSAGE][WARNING] - Timeout '0' is invalid. Using default page load timeout: '40'

2022-06-21 14:57:56 - [MESSAGE][PASSED] - Text '060225010993' has been set to element 'Object Repository/ASNB/asnbIDNumberInputField'

2022-06-21 14:57:56 - [TEST_STEP][PASSED] - hideKeyboard(): Keyboard is hidden

2022-06-21 14:57:57 - [MESSAGE][PASSED] - Keyboard is hidden

2022-06-21 14:57:57 - [TEST_STEP][PASSED] - verifyElementText(findTestObject("ASNB/transferASNBIDNumberPlaceholderTxt", ["id":idNo]), idNo): Actual text and expected text of test object 'Object Repository/ASNB/transferASNBIDNumberPlaceholderTxt' are matched.

2022-06-21 14:57:57 - [MESSAGE][PASSED] - Actual text and expected text of test object 'Object Repository/ASNB/transferASNBIDNumberPlaceholderTxt' are matched.

2022-06-21 14:57:57 - [TEST_STEP][PASSED] - verifyElementExist(findTestObject("ASNB/transferASNBMemberNumberTitleTxt"), 0): Element 'Object Repository/ASNB/transferASNBMemberNumberTitleTxt' is exist

2022-06-21 14:57:57 - [MESSAGE][WARNING] - Timeout '0' is invalid. Using default page load timeout: '40'

2022-06-21 14:57:57 - [MESSAGE][PASSED] - Element 'Object Repository/ASNB/transferASNBMemberNumberTitleTxt' is exist

2022-06-21 14:57:57 - [TEST_STEP][PASSED] - verifyElementExist(findTestObject("ASNB/transferASNBMemberNumberPlaceholderTxt", ["member":memberNoPlaceholder]), 0): Element 'Object Repository/ASNB/transferASNBMemberNumberPlaceholderTxt' is exist

2022-06-21 14:57:57 - [MESSAGE][WARNING] - Timeout '0' is invalid. Using default page load timeout: '40'

2022-06-21 14:57:57 - [MESSAGE][PASSED] - Element 'Object Repository/ASNB/transferASNBMemberNumberPlaceholderTxt' is exist

2022-06-21 14:57:57 - [TEST_STEP][PASSED] - setText(findTestObject("ASNB/asnbMembershipNoInputField"), asnbMemberNo, 0): Text '000010023320' has been set to element 'Object Repository/ASNB/asnbMembershipNoInputField'

2022-06-21 14:57:57 - [MESSAGE][WARNING] - Timeout '0' is invalid. Using default page load timeout: '40'

2022-06-21 14:57:58 - [MESSAGE][PASSED] - Text '000010023320' has been set to element 'Object Repository/ASNB/asnbMembershipNoInputField'

2022-06-21 14:57:58 - [TEST_STEP][PASSED] - hideKeyboard(): Keyboard is hidden

2022-06-21 14:57:59 - [MESSAGE][PASSED] - Keyboard is hidden

2022-06-21 14:57:59 - [TEST_STEP][PASSED] - verifyElementText(findTestObject("ASNB/transferASNBMemberNumberPlaceholderTxt", ["member":accNo]), accNo): Actual text and expected text of test object 'Object Repository/ASNB/transferASNBMemberNumberPlaceholderTxt' are matched.

2022-06-21 14:57:59 - [MESSAGE][PASSED] - Actual text and expected text of test object 'Object Repository/ASNB/transferASNBMemberNumberPlaceholderTxt' are matched.

2022-06-21 14:57:59 - [TEST_STEP][PASSED] - verifyElementExist(findTestObject("ASNB/transferASNBRelationshipTitleTxt"), 0): Element 'Object Repository/ASNB/transferASNBRelationshipTitleTxt' is exist

2022-06-21 14:57:59 - [MESSAGE][WARNING] - Timeout '0' is invalid. Using default page load timeout: '40'

2022-06-21 14:58:00 - [MESSAGE][PASSED] - Element 'Object Repository/ASNB/transferASNBRelationshipTitleTxt' is exist

2022-06-21 14:58:00 - [TEST_STEP][PASSED] - verifyElementExist(findTestObject("ASNB/transferASNBRelationshipSelectTxt", ["relationship":productNameInitial]), 0): Element 'Object Repository/ASNB/transferASNBRelationshipSelectTxt' is exist

2022-06-21 14:58:00 - [MESSAGE][WARNING] - Timeout '0' is invalid. Using default page load timeout: '40'

2022-06-21 14:58:00 - [MESSAGE][PASSED] - Element 'Object Repository/ASNB/transferASNBRelationshipSelectTxt' is exist

2022-06-21 14:58:00 - [TEST_STEP][PASSED] - tap(findTestObject("ASNB/asnbRelationshipDropdownSelection"), 0): Tapped on element 'Object Repository/ASNB/asnbRelationshipDropdownSelection'

2022-06-21 14:58:00 - [MESSAGE][WARNING] - Timeout '0' is invalid. Using default page load timeout: '40'

2022-06-21 14:58:00 - [MESSAGE][PASSED] - Tapped on element 'Object Repository/ASNB/asnbRelationshipDropdownSelection'

2022-06-21 14:58:00 - [TEST_STEP][PASSED] - verifyElementText(findTestObject("ASNB/asnbRelationParentDropdownSelection", ["relationships":relationship]), relationship): Actual text and expected text of test object 'Object Repository/ASNB/asnbRelationParentDropdownSelection' are matched.

2022-06-21 14:58:02 - [MESSAGE][PASSED] - Actual text and expected text of test object 'Object Repository/ASNB/asnbRelationParentDropdownSelection' are matched.

2022-06-21 14:58:02 - [TEST_STEP][PASSED] - tap(findTestObject("ASNB/asnbRelationParentDropdownSelection", ["relationships":relationship]), 0): Tapped on element 'Object Repository/ASNB/asnbRelationParentDropdownSelection'

2022-06-21 14:58:02 - [MESSAGE][WARNING] - Timeout '0' is invalid. Using default page load timeout: '40'

2022-06-21 14:58:02 - [MESSAGE][PASSED] - Tapped on element 'Object Repository/ASNB/asnbRelationParentDropdownSelection'

2022-06-21 14:58:02 - [TEST_STEP][PASSED] - tap(findTestObject("Main/mainCalenderPickerDoneBtn"), 0): Tapped on element 'Object Repository/Main/mainCalenderPickerDoneBtn'

2022-06-21 14:58:02 - [MESSAGE][WARNING] - Timeout '0' is invalid. Using default page load timeout: '40'

2022-06-21 14:58:02 - [MESSAGE][PASSED] - Tapped on element 'Object Repository/Main/mainCalenderPickerDoneBtn'

2022-06-21 14:58:02 - [TEST_STEP][PASSED] - verifyElementText(findTestObject("ASNB/transferASNBRelationshipSelectTxt", ["relationship":relationship]), relationship): Actual text and expected text of test object 'Object Repository/ASNB/transferASNBRelationshipSelectTxt' are matched.

2022-06-21 14:58:03 - [MESSAGE][PASSED] - Actual text and expected text of test object 'Object Repository/ASNB/transferASNBRelationshipSelectTxt' are matched.

2022-06-21 14:58:03 - [TEST_STEP][PASSED] - verifyElementExist(findTestObject("ASNB/transferASNBPurposeTitleTxt"), 0): Element 'Object Repository/ASNB/transferASNBPurposeTitleTxt' is exist

2022-06-21 14:58:03 - [MESSAGE][WARNING] - Timeout '0' is invalid. Using default page load timeout: '40'

2022-06-21 14:58:03 - [MESSAGE][PASSED] - Element 'Object Repository/ASNB/transferASNBPurposeTitleTxt' is exist

2022-06-21 14:58:03 - [TEST_STEP][PASSED] - verifyElementExist(findTestObject("ASNB/transferASNBPurposeSelectTxt", ["purpose":productNameInitial]), 0): Element 'Object Repository/ASNB/transferASNBPurposeSelectTxt' is exist

2022-06-21 14:58:03 - [MESSAGE][WARNING] - Timeout '0' is invalid. Using default page load timeout: '40'

2022-06-21 14:58:03 - [MESSAGE][PASSED] - Element 'Object Repository/ASNB/transferASNBPurposeSelectTxt' is exist

2022-06-21 14:58:03 - [TEST_STEP][PASSED] - tap(findTestObject("ASNB/asnbPurposeDropdownSelection"), 0): Tapped on element 'Object Repository/ASNB/asnbPurposeDropdownSelection'

2022-06-21 14:58:03 - [MESSAGE][WARNING] - Timeout '0' is invalid. Using default page load timeout: '40'

2022-06-21 14:58:03 - [MESSAGE][PASSED] - Tapped on element 'Object Repository/ASNB/asnbPurposeDropdownSelection'

2022-06-21 14:58:03 - [TEST_STEP][PASSED] - verifyElementText(findTestObject("ASNB/asnbPurposeSavingDropdownSelection", ["purposes":purpose]), purpose): Actual text and expected text of test object 'Object Repository/ASNB/asnbPurposeSavingDropdownSelection' are matched.

2022-06-21 14:58:04 - [MESSAGE][PASSED] - Actual text and expected text of test object 'Object Repository/ASNB/asnbPurposeSavingDropdownSelection' are matched.

2022-06-21 14:58:04 - [TEST_STEP][PASSED] - tap(findTestObject("ASNB/asnbPurposeSavingDropdownSelection", ["purposes":purpose]), 0): Tapped on element 'Object Repository/ASNB/asnbPurposeSavingDropdownSelection'

2022-06-21 14:58:04 - [MESSAGE][WARNING] - Timeout '0' is invalid. Using default page load timeout: '40'

2022-06-21 14:58:05 - [MESSAGE][PASSED] - Tapped on element 'Object Repository/ASNB/asnbPurposeSavingDropdownSelection'

2022-06-21 14:58:05 - [TEST_STEP][PASSED] - tap(findTestObject("Main/mainCalenderPickerDoneBtn"), 0): Tapped on element 'Object Repository/Main/mainCalenderPickerDoneBtn'

2022-06-21 14:58:05 - [MESSAGE][WARNING] - Timeout '0' is invalid. Using default page load timeout: '40'

2022-06-21 14:58:05 - [MESSAGE][PASSED] - Tapped on element 'Object Repository/Main/mainCalenderPickerDoneBtn'

2022-06-21 14:58:05 - [TEST_STEP][PASSED] - verifyElementText(findTestObject("ASNB/transferASNBPurposeSelectTxt", ["purpose":purpose]), purpose): Actual text and expected text of test object 'Object Repository/ASNB/transferASNBPurposeSelectTxt' are matched.

2022-06-21 14:58:06 - [MESSAGE][PASSED] - Actual text and expected text of test object 'Object Repository/ASNB/transferASNBPurposeSelectTxt' are matched.

2022-06-21 14:58:06 - [TEST_STEP][PASSED] - tap(findTestObject("ASNB/asnbContinueBtn"), 0): Tapped on element 'Object Repository/ASNB/asnbContinueBtn'

2022-06-21 14:58:06 - [MESSAGE][WARNING] - Timeout '0' is invalid. Using default page load timeout: '40'

2022-06-21 14:58:06 - [MESSAGE][PASSED] - Tapped on element 'Object Repository/ASNB/asnbContinueBtn'

2022-06-21 14:58:06 - [TEST_STEP][PASSED] - delay(2): Delayed 2 second(s)

2022-06-21 14:58:08 - [MESSAGE][PASSED] - Delayed 2 second(s)

2022-06-21 14:58:08 - [TEST_STEP][PASSED] - verifyElementText(findTestObject("ASNB/transferASNBAmountAccountNameTxt"), accName): Actual text and expected text of test object 'Object Repository/ASNB/transferASNBAmountAccountNameTxt' are matched.

2022-06-21 14:58:10 - [MESSAGE][PASSED] - Actual text and expected text of test object 'Object Repository/ASNB/transferASNBAmountAccountNameTxt' are matched.

2022-06-21 14:58:10 - [TEST_STEP][PASSED] - verifyElementText(findTestObject("ASNB/transferASNBAmountAccountNoTxt", ["accNo":accNo]), accNo): Actual text and expected text of test object 'Object Repository/ASNB/transferASNBAmountAccountNoTxt' are matched.

2022-06-21 14:58:11 - [MESSAGE][PASSED] - Actual text and expected text of test object 'Object Repository/ASNB/transferASNBAmountAccountNoTxt' are matched.

2022-06-21 14:58:11 - [TEST_STEP][PASSED] - verifyElementText(findTestObject("ASNB/transferASNBAmountAccountTypeTxt", ["accType":productType]), productType): Actual text and expected text of test object 'Object Repository/ASNB/transferASNBAmountAccountTypeTxt' are matched.

2022-06-21 14:58:11 - [MESSAGE][PASSED] - Actual text and expected text of test object 'Object Repository/ASNB/transferASNBAmountAccountTypeTxt' are matched.

2022-06-21 14:58:11 - [TEST_STEP][PASSED] - verifyElementExist(findTestObject("ASNB/transferASNBAmountCurrencyTxt"), 0): Element 'Object Repository/ASNB/transferASNBAmountCurrencyTxt' is exist

2022-06-21 14:58:11 - [MESSAGE][WARNING] - Timeout '0' is invalid. Using default page load timeout: '40'

2022-06-21 14:58:11 - [MESSAGE][PASSED] - Element 'Object Repository/ASNB/transferASNBAmountCurrencyTxt' is exist

2022-06-21 14:58:11 - [TEST_STEP][PASSED] - verifyElementExist(findTestObject("ASNB/transferASNBAmountEnterAmountTitleTxt"), 0): Element 'Object Repository/ASNB/transferASNBAmountEnterAmountTitleTxt' is exist

2022-06-21 14:58:11 - [MESSAGE][WARNING] - Timeout '0' is invalid. Using default page load timeout: '40'

2022-06-21 14:58:12 - [MESSAGE][PASSED] - Element 'Object Repository/ASNB/transferASNBAmountEnterAmountTitleTxt' is exist

2022-06-21 14:58:12 - [TEST_STEP][PASSED] - verifyElementExist(findTestObject("ASNB/transferASNBAmountValueTxt", ["value":initialValue]), 0): Element 'Object Repository/ASNB/transferASNBAmountValueTxt' is exist

2022-06-21 14:58:12 - [MESSAGE][WARNING] - Timeout '0' is invalid. Using default page load timeout: '40'

2022-06-21 14:58:12 - [MESSAGE][PASSED] - Element 'Object Repository/ASNB/transferASNBAmountValueTxt' is exist

2022-06-21 14:58:12 - [TEST_STEP][PASSED] - tap(findTestObject("Login Onboarding/PIN4"), 0): Tapped on element 'Object Repository/Login Onboarding/PIN4'

2022-06-21 14:58:12 - [MESSAGE][WARNING] - Timeout '0' is invalid. Using default page load timeout: '40'

2022-06-21 14:58:12 - [MESSAGE][PASSED] - Tapped on element 'Object Repository/Login Onboarding/PIN4'

2022-06-21 14:58:12 - [TEST_STEP][PASSED] - delay(2): Delayed 2 second(s)

2022-06-21 14:58:14 - [MESSAGE][PASSED] - Delayed 2 second(s)

2022-06-21 14:58:14 - [TEST_STEP][PASSED] - verifyElementText(findTestObject("ASNB/transferASNBAmountValueTxt", ["value":value]), value): Actual text and expected text of test object 'Object Repository/ASNB/transferASNBAmountValueTxt' are matched.

2022-06-21 14:58:14 - [MESSAGE][PASSED] - Actual text and expected text of test object 'Object Repository/ASNB/transferASNBAmountValueTxt' are matched.

2022-06-21 14:58:14 - [TEST_STEP][PASSED] - tap(findTestObject("ASNB/asnbAmountTickBtn"), 0): Tapped on element 'Object Repository/ASNB/asnbAmountTickBtn'

2022-06-21 14:58:14 - [MESSAGE][WARNING] - Timeout '0' is invalid. Using default page load timeout: '40'

2022-06-21 14:58:15 - [MESSAGE][PASSED] - Tapped on element 'Object Repository/ASNB/asnbAmountTickBtn'

2022-06-21 14:58:15 - [TEST_STEP][PASSED] - delay(2): Delayed 2 second(s)

2022-06-21 14:58:17 - [MESSAGE][PASSED] - Delayed 2 second(s)

2022-06-21 14:58:17 - [TEST_STEP][PASSED] - verifyElementText(findTestObject("ASNB/transferASNBConfirmationAccountNameTxt"), accName): Actual text and expected text of test object 'Object Repository/ASNB/transferASNBConfirmationAccountNameTxt' are matched.

2022-06-21 14:58:18 - [MESSAGE][PASSED] - Actual text and expected text of test object 'Object Repository/ASNB/transferASNBConfirmationAccountNameTxt' are matched.

2022-06-21 14:58:18 - [TEST_STEP][PASSED] - verifyElementText(findTestObject("ASNB/transferASNBConfirmationAccountNoTxt", ["accNoC":accNo]), accNo): Actual text and expected text of test object 'Object Repository/ASNB/transferASNBConfirmationAccountNoTxt' are matched.

2022-06-21 14:58:19 - [MESSAGE][PASSED] - Actual text and expected text of test object 'Object Repository/ASNB/transferASNBConfirmationAccountNoTxt' are matched.

2022-06-21 14:58:19 - [TEST_STEP][PASSED] - verifyElementText(findTestObject("ASNB/transferASNBConfirmationAmountTxt", ["amount":amount]), amount): Actual text and expected text of test object 'Object Repository/ASNB/transferASNBConfirmationAmountTxt' are matched.

2022-06-21 14:58:19 - [MESSAGE][PASSED] - Actual text and expected text of test object 'Object Repository/ASNB/transferASNBConfirmationAmountTxt' are matched.

2022-06-21 14:58:19 - [TEST_STEP][PASSED] - verifyElementExist(findTestObject("ASNB/transferASNBConfirmationDateTitleTxt"), 0): Element 'Object Repository/ASNB/transferASNBConfirmationDateTitleTxt' is exist

2022-06-21 14:58:19 - [MESSAGE][WARNING] - Timeout '0' is invalid. Using default page load timeout: '40'

2022-06-21 14:58:19 - [MESSAGE][PASSED] - Element 'Object Repository/ASNB/transferASNBConfirmationDateTitleTxt' is exist

2022-06-21 14:58:19 - [TEST_STEP][PASSED] - verifyElementExist(findTestObject("ASNB/transferASNBConfirmationProductNameTitleTxt"), 0): Element 'Object Repository/ASNB/transferASNBConfirmationProductNameTitleTxt' is exist

2022-06-21 14:58:19 - [MESSAGE][WARNING] - Timeout '0' is invalid. Using default page load timeout: '40'

2022-06-21 14:58:19 - [MESSAGE][PASSED] - Element 'Object Repository/ASNB/transferASNBConfirmationProductNameTitleTxt' is exist

2022-06-21 14:58:19 - [TEST_STEP][PASSED] - verifyElementExist(findTestObject("ASNB/transferASNBConfirmationPurposeTitleTxt"), 0): Element 'Object Repository/ASNB/transferASNBConfirmationPurposeTitleTxt' is exist

2022-06-21 14:58:19 - [MESSAGE][WARNING] - Timeout '0' is invalid. Using default page load timeout: '40'

2022-06-21 14:58:20 - [MESSAGE][PASSED] - Element 'Object Repository/ASNB/transferASNBConfirmationPurposeTitleTxt' is exist

2022-06-21 14:58:20 - [TEST_STEP][PASSED] - verifyElementExist(findTestObject("ASNB/transferASNBConfirmationRelationshipTitleTxt"), 0): Element 'Object Repository/ASNB/transferASNBConfirmationRelationshipTitleTxt' is exist

2022-06-21 14:58:20 - [MESSAGE][WARNING] - Timeout '0' is invalid. Using default page load timeout: '40'

2022-06-21 14:58:20 - [MESSAGE][PASSED] - Element 'Object Repository/ASNB/transferASNBConfirmationRelationshipTitleTxt' is exist

2022-06-21 14:58:20 - [TEST_STEP][PASSED] - verifyElementExist(findTestObject("ASNB/transferASNBConfirmationTransferTypeTitleTxt"), 0): Element 'Object Repository/ASNB/transferASNBConfirmationTransferTypeTitleTxt' is exist

2022-06-21 14:58:20 - [MESSAGE][WARNING] - Timeout '0' is invalid. Using default page load timeout: '40'

2022-06-21 14:58:20 - [MESSAGE][PASSED] - Element 'Object Repository/ASNB/transferASNBConfirmationTransferTypeTitleTxt' is exist

2022-06-21 14:58:20 - [TEST_STEP][PASSED] - verifyElementText(findTestObject("ASNB/transferASNBConfirmationTransferTypeTxt", ["transferType":transferType]), transferType): Actual text and expected text of test object 'Object Repository/ASNB/transferASNBConfirmationTransferTypeTxt' are matched.

2022-06-21 14:58:20 - [MESSAGE][PASSED] - Actual text and expected text of test object 'Object Repository/ASNB/transferASNBConfirmationTransferTypeTxt' are matched.

2022-06-21 14:58:20 - [TEST_STEP][PASSED] - verifyElementText(findTestObject("ASNB/transferASNBConfirmationRelationshipTxt", ["relationshipC":relationship]), relationship): Actual text and expected text of test object 'Object Repository/ASNB/transferASNBConfirmationRelationshipTxt' are matched.

2022-06-21 14:58:21 - [MESSAGE][PASSED] - Actual text and expected text of test object 'Object Repository/ASNB/transferASNBConfirmationRelationshipTxt' are matched.

2022-06-21 14:58:21 - [TEST_STEP][PASSED] - verifyElementText(findTestObject("ASNB/transferASNBConfirmationPurposeTxt", ["purposeC":purpose]), purpose): Actual text and expected text of test object 'Object Repository/ASNB/transferASNBConfirmationPurposeTxt' are matched.

2022-06-21 14:58:21 - [MESSAGE][PASSED] - Actual text and expected text of test object 'Object Repository/ASNB/transferASNBConfirmationPurposeTxt' are matched.

2022-06-21 14:58:21 - [TEST_STEP][PASSED] - verifyElementText(findTestObject("ASNB/transferASNBConfirmationProductNameTxt", ["productTypeC":productType]), productType): Actual text and expected text of test object 'Object Repository/ASNB/transferASNBConfirmationProductNameTxt' are matched.

2022-06-21 14:58:21 - [MESSAGE][PASSED] - Actual text and expected text of test object 'Object Repository/ASNB/transferASNBConfirmationProductNameTxt' are matched.

2022-06-21 14:58:21 - [TEST_STEP][FAILED] - verifyElementText(findTestObject("ASNB/transferASNBConfirmationDateTxt", ["date":date]), date): Element 'Object Repository/ASNB/transferASNBConfirmationDateTxt' not found

2022-06-21 14:59:02 - [MESSAGE][FAILED] - Element 'Object Repository/ASNB/transferASNBConfirmationDateTxt' not found

2022-06-21 14:59:02 - [TEST_STEP][PASSED] - device_Height_2 = getDeviceHeight(): Current device physical height is 2167

2022-06-21 14:59:02 - [MESSAGE][PASSED] - Current device physical height is 2167

2022-06-21 14:59:02 - [TEST_STEP][PASSED] - device_Width_2 = getDeviceWidth(): Current device physical width is 1080

2022-06-21 14:59:02 - [MESSAGE][PASSED] - Current device physical width is 1080

2022-06-21 14:59:02 - [TEST_STEP][PASSED] - startX_2 = device_Width_2 / 2: null

2022-06-21 14:59:02 - [TEST_STEP][PASSED] - endX_2 = startX_2: null

2022-06-21 14:59:02 - [TEST_STEP][PASSED] - startY_2 = device_Height_2 * 0.30: null

2022-06-21 14:59:02 - [TEST_STEP][PASSED] - endY_2 = device_Height_2 * 0.70: null

2022-06-21 14:59:02 - [TEST_STEP][PASSED] - swipe(startX_2, endY_2, endX_2, startY_2): Swiped from 540,1,516 to 540,650

2022-06-21 14:59:03 - [MESSAGE][PASSED] - Swiped from 540,1,516 to 540,650

2022-06-21 14:59:03 - [TEST_STEP][PASSED] - verifyElementExist(findTestObject("ASNB/transferASNBConfirmationNoteTitleTxt"), 0): Element 'Object Repository/ASNB/transferASNBConfirmationNoteTitleTxt' is exist

2022-06-21 14:59:03 - [MESSAGE][WARNING] - Timeout '0' is invalid. Using default page load timeout: '40'

2022-06-21 14:59:03 - [MESSAGE][PASSED] - Element 'Object Repository/ASNB/transferASNBConfirmationNoteTitleTxt' is exist

2022-06-21 14:59:03 - [TEST_STEP][PASSED] - verifyElementExist(findTestObject("ASNB/transferASNBConfirmationNote1Txt"), 0): Element 'Object Repository/ASNB/transferASNBConfirmationNote1Txt' is exist

2022-06-21 14:59:03 - [MESSAGE][WARNING] - Timeout '0' is invalid. Using default page load timeout: '40'

2022-06-21 14:59:03 - [MESSAGE][PASSED] - Element 'Object Repository/ASNB/transferASNBConfirmationNote1Txt' is exist

2022-06-21 14:59:03 - [TEST_STEP][PASSED] - verifyElementExist(findTestObject("ASNB/transferASNBConfirmationNote1ContentTxt"), 0): Element 'Object Repository/ASNB/transferASNBConfirmationNote1ContentTxt' is exist

2022-06-21 14:59:03 - [MESSAGE][WARNING] - Timeout '0' is invalid. Using default page load timeout: '40'

2022-06-21 14:59:04 - [MESSAGE][PASSED] - Element 'Object Repository/ASNB/transferASNBConfirmationNote1ContentTxt' is exist

2022-06-21 14:59:04 - [TEST_STEP][PASSED] - verifyElementExist(findTestObject("ASNB/transferASNBConfirmationNote2Txt"), 0): Element 'Object Repository/ASNB/transferASNBConfirmationNote2Txt' is exist

2022-06-21 14:59:04 - [MESSAGE][WARNING] - Timeout '0' is invalid. Using default page load timeout: '40'

2022-06-21 14:59:04 - [MESSAGE][PASSED] - Element 'Object Repository/ASNB/transferASNBConfirmationNote2Txt' is exist

2022-06-21 14:59:04 - [TEST_STEP][PASSED] - verifyElementExist(findTestObject("ASNB/transferASNBConfirmationNote2ContentTxt"), 0): Element 'Object Repository/ASNB/transferASNBConfirmationNote2ContentTxt' is exist

2022-06-21 14:59:04 - [MESSAGE][WARNING] - Timeout '0' is invalid. Using default page load timeout: '40'

2022-06-21 14:59:04 - [MESSAGE][PASSED] - Element 'Object Repository/ASNB/transferASNBConfirmationNote2ContentTxt' is exist

2022-06-21 14:59:04 - [TEST_STEP][PASSED] - verifyElementExist(findTestObject("ASNB/transferASNBConfirmationNote3Txt"), 0): Element 'Object Repository/ASNB/transferASNBConfirmationNote3Txt' is exist

2022-06-21 14:59:04 - [MESSAGE][WARNING] - Timeout '0' is invalid. Using default page load timeout: '40'

2022-06-21 14:59:04 - [MESSAGE][PASSED] - Element 'Object Repository/ASNB/transferASNBConfirmationNote3Txt' is exist

2022-06-21 14:59:04 - [TEST_STEP][PASSED] - verifyElementExist(findTestObject("ASNB/transferASNBConfirmationNote3ContentTxt"), 0): Element 'Object Repository/ASNB/transferASNBConfirmationNote3ContentTxt' is exist

2022-06-21 14:59:04 - [MESSAGE][WARNING] - Timeout '0' is invalid. Using default page load timeout: '40'

2022-06-21 14:59:05 - [MESSAGE][PASSED] - Element 'Object Repository/ASNB/transferASNBConfirmationNote3ContentTxt' is exist

2022-06-21 14:59:05 - [TEST_STEP][PASSED] - verifyElementText(findTestObject("Transfer/transferConfirmationFromAccTypeTxt", ["accType":accType]), accType): Actual text and expected text of test object 'Object Repository/Transfer/transferConfirmationFromAccTypeTxt' are matched.

2022-06-21 14:59:05 - [MESSAGE][PASSED] - Actual text and expected text of test object 'Object Repository/Transfer/transferConfirmationFromAccTypeTxt' are matched.

2022-06-21 14:59:05 - [TEST_STEP][PASSED] - verifyElementText(findTestObject("Transfer/transferConfirmationFromAccNoTxt", ["accNoFrom":accNoFrom]), accNoFrom): Actual text and expected text of test object 'Object Repository/Transfer/transferConfirmationFromAccNoTxt' are matched.

2022-06-21 14:59:05 - [MESSAGE][PASSED] - Actual text and expected text of test object 'Object Repository/Transfer/transferConfirmationFromAccNoTxt' are matched.

2022-06-21 14:59:05 - [TEST_STEP][PASSED] - verifyElementExist(findTestObject("Transfer/transferConfirmationFromAccBalanceTxt"), 0): Element 'Object Repository/Transfer/transferConfirmationFromAccBalanceTxt' is exist

2022-06-21 14:59:05 - [MESSAGE][WARNING] - Timeout '0' is invalid. Using default page load timeout: '40'

2022-06-21 14:59:05 - [MESSAGE][PASSED] - Element 'Object Repository/Transfer/transferConfirmationFromAccBalanceTxt' is exist

2022-06-21 14:59:05 - [TEST_STEP][PASSED] - accountBalance = getText(findTestObject("Transfer/transferConfirmationFromAccBalanceTxt"), 0): Text of element 'Object Repository/Transfer/transferConfirmationFromAccBalanceTxt' is: 'RM 1,384.03'

2022-06-21 14:59:05 - [MESSAGE][WARNING] - Timeout '0' is invalid. Using default page load timeout: '40'

2022-06-21 14:59:06 - [MESSAGE][PASSED] - Text of element 'Object Repository/Transfer/transferConfirmationFromAccBalanceTxt' is: 'RM 1,384.03'

2022-06-21 14:59:06 - [TEST_STEP][PASSED] - println(accountBalance): null

2022-06-21 14:59:06 - [TEST_STEP][PASSED] - tap(findTestObject("ASNB/asnbTransferNowBtn"), 0): Tapped on element 'Object Repository/ASNB/asnbTransferNowBtn'

2022-06-21 14:59:06 - [MESSAGE][WARNING] - Timeout '0' is invalid. Using default page load timeout: '40'

2022-06-21 14:59:06 - [MESSAGE][PASSED] - Tapped on element 'Object Repository/ASNB/asnbTransferNowBtn'

2022-06-21 14:59:06 - [TEST_STEP][PASSED] - if (verifyElementVisible(findTestObject("Main/mainTACNumberTxt"), 10, OPTIONAL)): Element 'Object Repository/Main/mainTACNumberTxt' not found

2022-06-21 14:59:16 - [MESSAGE][WARNING] - Element 'Object Repository/Main/mainTACNumberTxt' not found

2022-06-21 14:59:16 - [TEST_STEP][PASSED] - else: Tapped on element 'Object Repository/Main/mainS2UApproveBtn'

2022-06-21 14:59:16 - [TEST_STEP][PASSED] - delay(5): Delayed 5 second(s)

2022-06-21 14:59:21 - [MESSAGE][PASSED] - Delayed 5 second(s)

2022-06-21 14:59:21 - [TEST_STEP][PASSED] - verifyElementVisible(findTestObject("Main/mainS2UApproveBtn"), 10): Element 'Object Repository/Main/mainS2UApproveBtn' is visible

2022-06-21 14:59:21 - [MESSAGE][PASSED] - Element 'Object Repository/Main/mainS2UApproveBtn' is visible

2022-06-21 14:59:21 - [TEST_STEP][PASSED] - tap(findTestObject("Main/mainS2UApproveBtn"), 0): Tapped on element 'Object Repository/Main/mainS2UApproveBtn'

2022-06-21 14:59:21 - [MESSAGE][WARNING] - Timeout '0' is invalid. Using default page load timeout: '40'

2022-06-21 14:59:21 - [MESSAGE][PASSED] - Tapped on element 'Object Repository/Main/mainS2UApproveBtn'

2022-06-21 14:59:21 - [TEST_STEP][PASSED] - delay(10): Delayed 10 second(s)

2022-06-21 14:59:31 - [MESSAGE][PASSED] - Delayed 10 second(s)

2022-06-21 14:59:31 - [TEST_STEP][PASSED] - verifyElementExist(findTestObject("Festive Season/returnAngpaoStatusMessageTxt"), 0): Element 'Object Repository/Festive Season/returnAngpaoStatusMessageTxt' is exist

2022-06-21 14:59:31 - [MESSAGE][WARNING] - Timeout '0' is invalid. Using default page load timeout: '40'

2022-06-21 14:59:32 - [MESSAGE][PASSED] - Element 'Object Repository/Festive Season/returnAngpaoStatusMessageTxt' is exist

2022-06-21 14:59:32 - [TEST_STEP][PASSED] - message = getText(findTestObject("Festive Season/returnAngpaoStatusMessageTxt"), 10): Text of element 'Object Repository/Festive Season/returnAngpaoStatusMessageTxt' is: 'Transfer Successful'

2022-06-21 14:59:32 - [MESSAGE][PASSED] - Text of element 'Object Repository/Festive Season/returnAngpaoStatusMessageTxt' is: 'Transfer Successful'

2022-06-21 14:59:32 - [TEST_STEP][PASSED] - println(message): null

2022-06-21 14:59:32 - [TEST_STEP][PASSED] - assert message == successTransactionMessage: null

2022-06-21 14:59:32 - [TEST_STEP][PASSED] - delay(5): Delayed 5 second(s)

2022-06-21 14:59:37 - [MESSAGE][PASSED] - Delayed 5 second(s)

2022-06-21 14:59:37 - [TEST_STEP][PASSED] - verifyElementExist(findTestObject("Duit Now/duitNowSummaryDateTimeTitleTxt"), 0): Element 'Object Repository/Duit Now/duitNowSummaryDateTimeTitleTxt' is exist

2022-06-21 14:59:37 - [MESSAGE][WARNING] - Timeout '0' is invalid. Using default page load timeout: '40'

2022-06-21 14:59:38 - [MESSAGE][PASSED] - Element 'Object Repository/Duit Now/duitNowSummaryDateTimeTitleTxt' is exist

2022-06-21 14:59:38 - [TEST_STEP][PASSED] - verifyElementExist(findTestObject("Duit Now/duitNowSummaryRefernceIDTitleTxt"), 0): Element 'Object Repository/Duit Now/duitNowSummaryRefernceIDTitleTxt' is exist

2022-06-21 14:59:38 - [MESSAGE][WARNING] - Timeout '0' is invalid. Using default page load timeout: '40'

2022-06-21 14:59:38 - [MESSAGE][PASSED] - Element 'Object Repository/Duit Now/duitNowSummaryRefernceIDTitleTxt' is exist

2022-06-21 14:59:38 - [TEST_STEP][PASSED] - verifyElementExist(findTestObject("Transfer/transferSummaryShareReceiptBtn"), 0): Element 'Object Repository/Transfer/transferSummaryShareReceiptBtn' is exist

2022-06-21 14:59:38 - [MESSAGE][WARNING] - Timeout '0' is invalid. Using default page load timeout: '40'

2022-06-21 14:59:38 - [MESSAGE][PASSED] - Element 'Object Repository/Transfer/transferSummaryShareReceiptBtn' is exist

2022-06-21 14:59:38 - [TEST_STEP][PASSED] - delay(5): Delayed 5 second(s)

2022-06-21 14:59:43 - [MESSAGE][PASSED] - Delayed 5 second(s)

2022-06-21 14:59:43 - [TEST_STEP][PASSED] - referenceID = getText(findTestObject("Send Request Money/requestMoneyPaySummaryRefIDTxt"), 0): Text of element 'Object Repository/Send Request Money/requestMoneyPaySummaryRefIDTxt' is: '181567710M'

2022-06-21 14:59:43 - [MESSAGE][WARNING] - Timeout '0' is invalid. Using default page load timeout: '40'

2022-06-21 14:59:43 - [MESSAGE][PASSED] - Text of element 'Object Repository/Send Request Money/requestMoneyPaySummaryRefIDTxt' is: '181567710M'

2022-06-21 14:59:43 - [TEST_STEP][PASSED] - println(referenceID): null

2022-06-21 14:59:43 - [TEST_STEP][PASSED] - test = dataFolder: null

2022-06-21 14:59:43 - [TEST_STEP][PASSED] - sheetName = "Sheet1": null

2022-06-21 14:59:43 - [TEST_STEP][PASSED] - file1 = new java.io.File(test): null

2022-06-21 14:59:43 - [TEST_STEP][PASSED] - assert file1.exists() == true: null

2022-06-21 14:59:43 - [TEST_STEP][PASSED] - woorkbook1 = getWorkbook(test): null

2022-06-21 14:59:43 - [TEST_STEP][PASSED] - sheet1 = getExcelSheet(woorkbook1, sheetName): null

2022-06-21 14:59:43 - [TEST_STEP][PASSED] - setValueToCellByIndex(sheet1, 4, 1, referenceID): null

2022-06-21 14:59:43 - [TEST_STEP][PASSED] - saveWorkbook(test, woorkbook1): null

2022-06-21 14:59:43 - [TEST_STEP][PASSED] - delay(3): Delayed 3 second(s)

2022-06-21 14:59:46 - [MESSAGE][PASSED] - Delayed 3 second(s)

2022-06-21 14:59:46 - [TEST_STEP][PASSED] - verifyElementVisible(findTestObject("Main/mainDoneBtn"), 0): Element 'Object Repository/Main/mainDoneBtn' is visible

2022-06-21 14:59:47 - [MESSAGE][WARNING] - Timeout '0' is invalid. Using default page load timeout: '40'

2022-06-21 14:59:47 - [MESSAGE][PASSED] - Element 'Object Repository/Main/mainDoneBtn' is visible

2022-06-21 14:59:47 - [TEST_STEP][PASSED] - takeScreenshot("/Users/a00139272/Desktop/Screenshot/asnbTransfer.png"): Screenshot is taken

2022-06-21 14:59:47 - [MESSAGE][PASSED] - Screenshot is taken
[[ATTACHMENT|/Users/a00139272/Desktop/Screenshot/asnbTransfer.png]]

2022-06-21 14:59:47 - [TEST_STEP][PASSED] - tap(findTestObject("Main/mainDoneBtn"), 0): Tapped on element 'Object Repository/Main/mainDoneBtn'

2022-06-21 14:59:47 - [MESSAGE][WARNING] - Timeout '0' is invalid. Using default page load timeout: '40'

2022-06-21 14:59:48 - [MESSAGE][PASSED] - Tapped on element 'Object Repository/Main/mainDoneBtn'

2022-06-21 14:59:48 - [TEST_STEP][PASSED] - delay(5): Delayed 5 second(s)

2022-06-21 14:59:53 - [MESSAGE][PASSED] - Delayed 5 second(s)

2022-06-21 14:59:53 - [TEST_STEP][PASSED] - tap(findTestObject("Main/mainTopLeftBackButton"), 0): Tapped on element 'Object Repository/Main/mainTopLeftBackButton'

2022-06-21 14:59:53 - [MESSAGE][WARNING] - Timeout '0' is invalid. Using default page load timeout: '40'

2022-06-21 15:00:44 - [MESSAGE][PASSED] - Tapped on element 'Object Repository/Main/mainTopLeftBackButton'

2022-06-21 15:00:44 - [TEST_STEP][PASSED] - delay(3): Delayed 3 second(s)

2022-06-21 15:00:47 - [MESSAGE][PASSED] - Delayed 3 second(s)]]></system-out>
         <system-err><![CDATA[2022-06-21 14:51:12 - [TEST_CASE][FAILED] - Test Cases/Transfer/asnb_asnbTransfer: Test Cases/Transfer/asnb_asnbTransfer FAILED.
Reason:
com.kms.katalon.core.exception.StepFailedException: Element 'Object Repository/ASNB/transferASNBConfirmationDateTxt' not found
	at com.kms.katalon.core.keyword.internal.KeywordMain.stepFailed(KeywordMain.groovy:39)
	at com.kms.katalon.core.mobile.keyword.internal.MobileKeywordMain.stepFailed(MobileKeywordMain.groovy:40)
	at com.kms.katalon.core.mobile.keyword.builtin.VerifyElementTextKeyword$_verifyElementText_closure1.doCall(VerifyElementTextKeyword.groovy:49)
	at com.kms.katalon.core.mobile.keyword.builtin.VerifyElementTextKeyword$_verifyElementText_closure1.call(VerifyElementTextKeyword.groovy)
	at com.kms.katalon.core.mobile.keyword.internal.MobileKeywordMain.runKeyword(MobileKeywordMain.groovy:21)
	at com.kms.katalon.core.mobile.keyword.builtin.VerifyElementTextKeyword.verifyElementText(VerifyElementTextKeyword.groovy:62)
	at com.kms.katalon.core.mobile.keyword.builtin.VerifyElementTextKeyword.execute(VerifyElementTextKeyword.groovy:39)
	at com.kms.katalon.core.keyword.internal.KeywordExecutor.executeKeywordForPlatform(KeywordExecutor.groovy:74)
	at com.kms.katalon.core.mobile.keyword.MobileBuiltInKeywords.verifyElementText(MobileBuiltInKeywords.groovy:2901)
	at com.kms.katalon.core.mobile.keyword.MobileBuiltInKeywords$verifyElementText$9.call(Unknown Source)
	at asnb_asnbTransfer.run(asnb_asnbTransfer:218)
	at com.kms.katalon.core.main.ScriptEngine.run(ScriptEngine.java:194)
	at com.kms.katalon.core.main.ScriptEngine.runScriptAsRawText(ScriptEngine.java:119)
	at com.kms.katalon.core.main.TestCaseExecutor.runScript(TestCaseExecutor.java:445)
	at com.kms.katalon.core.main.TestCaseExecutor.doExecute(TestCaseExecutor.java:436)
	at com.kms.katalon.core.main.TestCaseExecutor.processExecutionPhase(TestCaseExecutor.java:415)
	at com.kms.katalon.core.main.TestCaseExecutor.accessMainPhase(TestCaseExecutor.java:407)
	at com.kms.katalon.core.main.TestCaseExecutor.execute(TestCaseExecutor.java:284)
	at com.kms.katalon.core.common.CommonExecutor.accessTestCaseMainPhase(CommonExecutor.java:65)
	at com.kms.katalon.core.main.TestSuiteExecutor.accessTestSuiteMainPhase(TestSuiteExecutor.java:144)
	at com.kms.katalon.core.main.TestSuiteExecutor.execute(TestSuiteExecutor.java:106)
	at com.kms.katalon.core.main.TestCaseMain.startTestSuite(TestCaseMain.java:185)
	at com.kms.katalon.core.main.TestCaseMain$startTestSuite$0.call(Unknown Source)
	at TempTestSuite1655794262003.run(TempTestSuite1655794262003.groovy:36)]]></system-err>
      </testcase>
      <testcase name="Test Cases/Transfer/transfer_thirdPartyToday" time="208.899" classname="Test Cases/Transfer/transfer_thirdPartyToday" status="PASSED">
         <system-out><![CDATA[2022-06-21 15:00:47 - [TEST_CASE][PASSED] - Test Cases/Transfer/transfer_thirdPartyToday: Test Cases/Transfer/transfer_thirdPartyToday

2022-06-21 15:00:48 - [TEST_STEP][PASSED] - delay(5): Delayed 5 second(s)

2022-06-21 15:00:53 - [MESSAGE][PASSED] - Delayed 5 second(s)

2022-06-21 15:00:53 - [TEST_STEP][PASSED] - device_Height = getDeviceHeight(): Current device physical height is 2167

2022-06-21 15:00:53 - [MESSAGE][PASSED] - Current device physical height is 2167

2022-06-21 15:00:53 - [TEST_STEP][PASSED] - device_Width = getDeviceWidth(): Current device physical width is 1080

2022-06-21 15:00:53 - [MESSAGE][PASSED] - Current device physical width is 1080

2022-06-21 15:00:53 - [TEST_STEP][PASSED] - startX = device_Width / 3: null

2022-06-21 15:00:53 - [TEST_STEP][PASSED] - startY = device_Height * 0.97: null

2022-06-21 15:00:53 - [TEST_STEP][PASSED] - verifyElementVisible(findTestObject("Banking/m2uAccountTransferIconSelect"), 0): Element 'Object Repository/Banking/m2uAccountTransferIconSelect' is visible

2022-06-21 15:00:53 - [MESSAGE][WARNING] - Timeout '0' is invalid. Using default page load timeout: '40'

2022-06-21 15:00:53 - [MESSAGE][PASSED] - Element 'Object Repository/Banking/m2uAccountTransferIconSelect' is visible

2022-06-21 15:00:53 - [TEST_STEP][PASSED] - tap(findTestObject("Banking/m2uAccountTransferIconSelect"), 0): Tapped on element 'Object Repository/Banking/m2uAccountTransferIconSelect'

2022-06-21 15:00:53 - [MESSAGE][WARNING] - Timeout '0' is invalid. Using default page load timeout: '40'

2022-06-21 15:00:53 - [MESSAGE][PASSED] - Tapped on element 'Object Repository/Banking/m2uAccountTransferIconSelect'

2022-06-21 15:00:53 - [TEST_STEP][PASSED] - tap(findTestObject("Banking/transferOthersTopMenuSelect"), 0): Tapped on element 'Object Repository/Banking/transferOthersTopMenuSelect'

2022-06-21 15:00:53 - [MESSAGE][WARNING] - Timeout '0' is invalid. Using default page load timeout: '40'

2022-06-21 15:01:54 - [MESSAGE][PASSED] - Tapped on element 'Object Repository/Banking/transferOthersTopMenuSelect'

2022-06-21 15:01:54 - [TEST_STEP][PASSED] - tap(findTestObject("Banking/transferBanksIconSelect"), 0): Tapped on element 'Object Repository/Banking/transferBanksIconSelect'

2022-06-21 15:01:54 - [MESSAGE][WARNING] - Timeout '0' is invalid. Using default page load timeout: '40'

2022-06-21 15:02:47 - [MESSAGE][PASSED] - Tapped on element 'Object Repository/Banking/transferBanksIconSelect'

2022-06-21 15:02:47 - [TEST_STEP][PASSED] - tap(findTestObject("Banking/transferToMaybankSelect"), 0): Tapped on element 'Object Repository/Banking/transferToMaybankSelect'

2022-06-21 15:02:47 - [MESSAGE][WARNING] - Timeout '0' is invalid. Using default page load timeout: '40'

2022-06-21 15:02:53 - [MESSAGE][PASSED] - Tapped on element 'Object Repository/Banking/transferToMaybankSelect'

2022-06-21 15:02:53 - [TEST_STEP][PASSED] - delay(3): Delayed 3 second(s)

2022-06-21 15:02:56 - [MESSAGE][PASSED] - Delayed 3 second(s)

2022-06-21 15:02:56 - [TEST_STEP][PASSED] - verifyElementExist(findTestObject("Banking/transferAccountNoInputField"), 0): Element 'Object Repository/Banking/transferAccountNoInputField' is exist

2022-06-21 15:02:56 - [MESSAGE][WARNING] - Timeout '0' is invalid. Using default page load timeout: '40'

2022-06-21 15:02:56 - [MESSAGE][PASSED] - Element 'Object Repository/Banking/transferAccountNoInputField' is exist

2022-06-21 15:02:56 - [TEST_STEP][PASSED] - setText(findTestObject("Banking/transferAccountNoInputField"), accountNum, 0): Text '514012082699' has been set to element 'Object Repository/Banking/transferAccountNoInputField'

2022-06-21 15:02:56 - [MESSAGE][WARNING] - Timeout '0' is invalid. Using default page load timeout: '40'

2022-06-21 15:02:57 - [MESSAGE][PASSED] - Text '514012082699' has been set to element 'Object Repository/Banking/transferAccountNoInputField'

2022-06-21 15:02:57 - [TEST_STEP][PASSED] - hideKeyboard(): Keyboard is hidden

2022-06-21 15:03:01 - [MESSAGE][PASSED] - Keyboard is hidden

2022-06-21 15:03:01 - [TEST_STEP][PASSED] - tap(findTestObject("Login Onboarding/loginExistingContinueBtn"), 0): Tapped on element 'Object Repository/Login Onboarding/loginExistingContinueBtn'

2022-06-21 15:03:02 - [MESSAGE][WARNING] - Timeout '0' is invalid. Using default page load timeout: '40'

2022-06-21 15:03:02 - [MESSAGE][PASSED] - Tapped on element 'Object Repository/Login Onboarding/loginExistingContinueBtn'

2022-06-21 15:03:02 - [TEST_STEP][PASSED] - verifyElementText(findTestObject("Transfer/transferAmounttAccNameTxt", ["accName":accName]), accName): Actual text and expected text of test object 'Object Repository/Transfer/transferAmounttAccNameTxt' are matched.

2022-06-21 15:03:06 - [MESSAGE][PASSED] - Actual text and expected text of test object 'Object Repository/Transfer/transferAmounttAccNameTxt' are matched.

2022-06-21 15:03:06 - [TEST_STEP][PASSED] - verifyElementText(findTestObject("Transfer/transferAmounttAccNoTxt", ["accNo":accNo]), accNo): Actual text and expected text of test object 'Object Repository/Transfer/transferAmounttAccNoTxt' are matched.

2022-06-21 15:03:06 - [MESSAGE][PASSED] - Actual text and expected text of test object 'Object Repository/Transfer/transferAmounttAccNoTxt' are matched.

2022-06-21 15:03:06 - [TEST_STEP][PASSED] - verifyElementText(findTestObject("Transfer/transferAmounttAccBankTxt", ["accBank":accBank]), accBank): Actual text and expected text of test object 'Object Repository/Transfer/transferAmounttAccBankTxt' are matched.

2022-06-21 15:03:07 - [MESSAGE][PASSED] - Actual text and expected text of test object 'Object Repository/Transfer/transferAmounttAccBankTxt' are matched.

2022-06-21 15:03:07 - [TEST_STEP][PASSED] - verifyElementExist(findTestObject("Transfer/transferAmountRMTxt"), 0): Element 'Object Repository/Transfer/transferAmountRMTxt' is exist

2022-06-21 15:03:07 - [MESSAGE][WARNING] - Timeout '0' is invalid. Using default page load timeout: '40'

2022-06-21 15:03:07 - [MESSAGE][PASSED] - Element 'Object Repository/Transfer/transferAmountRMTxt' is exist

2022-06-21 15:03:07 - [TEST_STEP][PASSED] - verifyElementExist(findTestObject("Transfer/transferAmountEnterAmountTitleTxt"), 0): Element 'Object Repository/Transfer/transferAmountEnterAmountTitleTxt' is exist

2022-06-21 15:03:08 - [MESSAGE][WARNING] - Timeout '0' is invalid. Using default page load timeout: '40'

2022-06-21 15:03:08 - [MESSAGE][PASSED] - Element 'Object Repository/Transfer/transferAmountEnterAmountTitleTxt' is exist

2022-06-21 15:03:08 - [TEST_STEP][PASSED] - verifyElementExist(findTestObject("Login Onboarding/PIN4"), 0): Element 'Object Repository/Login Onboarding/PIN4' is exist

2022-06-21 15:03:08 - [MESSAGE][WARNING] - Timeout '0' is invalid. Using default page load timeout: '40'

2022-06-21 15:03:08 - [MESSAGE][PASSED] - Element 'Object Repository/Login Onboarding/PIN4' is exist

2022-06-21 15:03:08 - [TEST_STEP][PASSED] - tap(findTestObject("Login Onboarding/PIN4"), 0): Tapped on element 'Object Repository/Login Onboarding/PIN4'

2022-06-21 15:03:08 - [MESSAGE][WARNING] - Timeout '0' is invalid. Using default page load timeout: '40'

2022-06-21 15:03:08 - [MESSAGE][PASSED] - Tapped on element 'Object Repository/Login Onboarding/PIN4'

2022-06-21 15:03:08 - [TEST_STEP][PASSED] - verifyElementText(findTestObject("Transfer/transferAmountInputValueTxt", ["value":checkValue]), checkValue): Actual text and expected text of test object 'Object Repository/Transfer/transferAmountInputValueTxt' are matched.

2022-06-21 15:03:09 - [MESSAGE][PASSED] - Actual text and expected text of test object 'Object Repository/Transfer/transferAmountInputValueTxt' are matched.

2022-06-21 15:03:09 - [TEST_STEP][PASSED] - delay(3): Delayed 3 second(s)

2022-06-21 15:03:12 - [MESSAGE][PASSED] - Delayed 3 second(s)

2022-06-21 15:03:12 - [TEST_STEP][PASSED] - tap(findTestObject("Login Onboarding/loginPinTickBtn"), 0): Tapped on element 'Object Repository/Login Onboarding/loginPinTickBtn'

2022-06-21 15:03:12 - [MESSAGE][WARNING] - Timeout '0' is invalid. Using default page load timeout: '40'

2022-06-21 15:03:12 - [MESSAGE][PASSED] - Tapped on element 'Object Repository/Login Onboarding/loginPinTickBtn'

2022-06-21 15:03:12 - [TEST_STEP][PASSED] - verifyElementText(findTestObject("Transfer/transferReferenceAccNameTxt", ["accName":accName]), accName): Actual text and expected text of test object 'Object Repository/Transfer/transferReferenceAccNameTxt' are matched.

2022-06-21 15:03:14 - [MESSAGE][PASSED] - Actual text and expected text of test object 'Object Repository/Transfer/transferReferenceAccNameTxt' are matched.

2022-06-21 15:03:14 - [TEST_STEP][PASSED] - verifyElementText(findTestObject("Transfer/transferReferenceAccNoTxt", ["accNo":accNo]), accNo): Actual text and expected text of test object 'Object Repository/Transfer/transferReferenceAccNoTxt' are matched.

2022-06-21 15:03:14 - [MESSAGE][PASSED] - Actual text and expected text of test object 'Object Repository/Transfer/transferReferenceAccNoTxt' are matched.

2022-06-21 15:03:14 - [TEST_STEP][PASSED] - verifyElementText(findTestObject("Transfer/transferReferenceAccBankTxt", ["accBank":accBank]), accBank): Actual text and expected text of test object 'Object Repository/Transfer/transferReferenceAccBankTxt' are matched.

2022-06-21 15:03:15 - [MESSAGE][PASSED] - Actual text and expected text of test object 'Object Repository/Transfer/transferReferenceAccBankTxt' are matched.

2022-06-21 15:03:15 - [TEST_STEP][PASSED] - verifyElementExist(findTestObject("Transfer/transferReferenceInputField"), 0): Element 'Object Repository/Transfer/transferReferenceInputField' is exist

2022-06-21 15:03:15 - [MESSAGE][WARNING] - Timeout '0' is invalid. Using default page load timeout: '40'

2022-06-21 15:03:15 - [MESSAGE][PASSED] - Element 'Object Repository/Transfer/transferReferenceInputField' is exist

2022-06-21 15:03:15 - [TEST_STEP][PASSED] - setText(findTestObject("Banking/transferReferenceInputField"), reference, 0): Text 'MBBTransfer' has been set to element 'Object Repository/Banking/transferReferenceInputField'

2022-06-21 15:03:15 - [MESSAGE][WARNING] - Timeout '0' is invalid. Using default page load timeout: '40'

2022-06-21 15:03:16 - [MESSAGE][PASSED] - Text 'MBBTransfer' has been set to element 'Object Repository/Banking/transferReferenceInputField'

2022-06-21 15:03:16 - [TEST_STEP][PASSED] - hideKeyboard(): Keyboard is hidden

2022-06-21 15:03:17 - [MESSAGE][PASSED] - Keyboard is hidden

2022-06-21 15:03:17 - [TEST_STEP][PASSED] - verifyElementText(findTestObject("Transfer/transferReferenceInputFieldAfter", ["reference":reference]), reference): Actual text and expected text of test object 'Object Repository/Transfer/transferReferenceInputFieldAfter' are matched.

2022-06-21 15:03:17 - [MESSAGE][PASSED] - Actual text and expected text of test object 'Object Repository/Transfer/transferReferenceInputFieldAfter' are matched.

2022-06-21 15:03:17 - [TEST_STEP][PASSED] - tap(findTestObject("Login Onboarding/loginExistingContinueBtn"), 0): Tapped on element 'Object Repository/Login Onboarding/loginExistingContinueBtn'

2022-06-21 15:03:17 - [MESSAGE][WARNING] - Timeout '0' is invalid. Using default page load timeout: '40'

2022-06-21 15:03:18 - [MESSAGE][PASSED] - Tapped on element 'Object Repository/Login Onboarding/loginExistingContinueBtn'

2022-06-21 15:03:18 - [TEST_STEP][PASSED] - verifyElementText(findTestObject("Transfer/transferConfirmationAccountNameTxt", ["accName":accName]), accName): Actual text and expected text of test object 'Object Repository/Transfer/transferConfirmationAccountNameTxt' are matched.

2022-06-21 15:03:18 - [MESSAGE][PASSED] - Actual text and expected text of test object 'Object Repository/Transfer/transferConfirmationAccountNameTxt' are matched.

2022-06-21 15:03:18 - [TEST_STEP][PASSED] - verifyElementText(findTestObject("Transfer/transferConfirmationAccountNoTxt", ["accNo":accNo]), accNo): Actual text and expected text of test object 'Object Repository/Transfer/transferConfirmationAccountNoTxt' are matched.

2022-06-21 15:03:18 - [MESSAGE][PASSED] - Actual text and expected text of test object 'Object Repository/Transfer/transferConfirmationAccountNoTxt' are matched.

2022-06-21 15:03:18 - [TEST_STEP][PASSED] - verifyElementText(findTestObject("Transfer/transferConfirmationAmountTxt", ["amount":amount]), amount): Actual text and expected text of test object 'Object Repository/Transfer/transferConfirmationAmountTxt' are matched.

2022-06-21 15:03:20 - [MESSAGE][PASSED] - Actual text and expected text of test object 'Object Repository/Transfer/transferConfirmationAmountTxt' are matched.

2022-06-21 15:03:20 - [TEST_STEP][PASSED] - verifyElementText(findTestObject("Transfer/transferConfirmationTransactionDateTxt"), "Today"): Actual text and expected text of test object 'Object Repository/Transfer/transferConfirmationTransactionDateTxt' are matched.

2022-06-21 15:03:21 - [MESSAGE][PASSED] - Actual text and expected text of test object 'Object Repository/Transfer/transferConfirmationTransactionDateTxt' are matched.

2022-06-21 15:03:21 - [TEST_STEP][PASSED] - verifyElementText(findTestObject("Transfer/transferConfirmationTransactionRecRefTxt", ["reference":reference]), reference): Actual text and expected text of test object 'Object Repository/Transfer/transferConfirmationTransactionRecRefTxt' are matched.

2022-06-21 15:03:22 - [MESSAGE][PASSED] - Actual text and expected text of test object 'Object Repository/Transfer/transferConfirmationTransactionRecRefTxt' are matched.

2022-06-21 15:03:22 - [TEST_STEP][PASSED] - verifyElementText(findTestObject("Transfer/transferConfirmationTransactionBankTxt", ["accBank":accBank]), accBank): Actual text and expected text of test object 'Object Repository/Transfer/transferConfirmationTransactionBankTxt' are matched.

2022-06-21 15:03:23 - [MESSAGE][PASSED] - Actual text and expected text of test object 'Object Repository/Transfer/transferConfirmationTransactionBankTxt' are matched.

2022-06-21 15:03:23 - [TEST_STEP][PASSED] - verifyElementText(findTestObject("Transfer/transferConfirmationOptionalGreyWordTxt"), "Optional"): Actual text and expected text of test object 'Object Repository/Transfer/transferConfirmationOptionalGreyWordTxt' are matched.

2022-06-21 15:03:23 - [MESSAGE][PASSED] - Actual text and expected text of test object 'Object Repository/Transfer/transferConfirmationOptionalGreyWordTxt' are matched.

2022-06-21 15:03:23 - [TEST_STEP][PASSED] - verifyElementExist(findTestObject("Transfer/transferConfirmationBankNameTitleTxt"), 0): Element 'Object Repository/Transfer/transferConfirmationBankNameTitleTxt' is exist

2022-06-21 15:03:23 - [MESSAGE][WARNING] - Timeout '0' is invalid. Using default page load timeout: '40'

2022-06-21 15:03:23 - [MESSAGE][PASSED] - Element 'Object Repository/Transfer/transferConfirmationBankNameTitleTxt' is exist

2022-06-21 15:03:23 - [TEST_STEP][PASSED] - verifyElementExist(findTestObject("Transfer/transferConfirmationDateTitleTxt"), 0): Element 'Object Repository/Transfer/transferConfirmationDateTitleTxt' is exist

2022-06-21 15:03:23 - [MESSAGE][WARNING] - Timeout '0' is invalid. Using default page load timeout: '40'

2022-06-21 15:03:23 - [MESSAGE][PASSED] - Element 'Object Repository/Transfer/transferConfirmationDateTitleTxt' is exist

2022-06-21 15:03:23 - [TEST_STEP][PASSED] - verifyElementExist(findTestObject("Transfer/transferConfirmationFTransferFromTitleTxt"), 0): Element 'Object Repository/Transfer/transferConfirmationFTransferFromTitleTxt' is exist

2022-06-21 15:03:23 - [MESSAGE][WARNING] - Timeout '0' is invalid. Using default page load timeout: '40'

2022-06-21 15:03:23 - [MESSAGE][PASSED] - Element 'Object Repository/Transfer/transferConfirmationFTransferFromTitleTxt' is exist

2022-06-21 15:03:23 - [TEST_STEP][PASSED] - verifyElementExist(findTestObject("Transfer/transferConfirmationRecRefTitleTxt"), 0): Element 'Object Repository/Transfer/transferConfirmationRecRefTitleTxt' is exist

2022-06-21 15:03:23 - [MESSAGE][WARNING] - Timeout '0' is invalid. Using default page load timeout: '40'

2022-06-21 15:03:23 - [MESSAGE][PASSED] - Element 'Object Repository/Transfer/transferConfirmationRecRefTitleTxt' is exist

2022-06-21 15:03:23 - [TEST_STEP][PASSED] - verifyElementExist(findTestObject("Transfer/transferConfirmationPaymentDetailsTitleTxt"), 0): Element 'Object Repository/Transfer/transferConfirmationPaymentDetailsTitleTxt' is exist

2022-06-21 15:03:23 - [MESSAGE][WARNING] - Timeout '0' is invalid. Using default page load timeout: '40'

2022-06-21 15:03:24 - [MESSAGE][PASSED] - Element 'Object Repository/Transfer/transferConfirmationPaymentDetailsTitleTxt' is exist

2022-06-21 15:03:24 - [TEST_STEP][PASSED] - verifyElementExist(findTestObject("Transfer/transferConfirmationNoteTitleTxt"), 0): Element 'Object Repository/Transfer/transferConfirmationNoteTitleTxt' is exist

2022-06-21 15:03:24 - [MESSAGE][WARNING] - Timeout '0' is invalid. Using default page load timeout: '40'

2022-06-21 15:03:24 - [MESSAGE][PASSED] - Element 'Object Repository/Transfer/transferConfirmationNoteTitleTxt' is exist

2022-06-21 15:03:24 - [TEST_STEP][PASSED] - verifyElementExist(findTestObject("Transfer/transferConfirmationNoteContentTxt"), 0): Element 'Object Repository/Transfer/transferConfirmationNoteContentTxt' is exist

2022-06-21 15:03:24 - [MESSAGE][WARNING] - Timeout '0' is invalid. Using default page load timeout: '40'

2022-06-21 15:03:24 - [MESSAGE][PASSED] - Element 'Object Repository/Transfer/transferConfirmationNoteContentTxt' is exist

2022-06-21 15:03:24 - [TEST_STEP][PASSED] - tap(findTestObject("Transfer/transferConfirmationOptionalGreyWordTxt"), 0): Tapped on element 'Object Repository/Transfer/transferConfirmationOptionalGreyWordTxt'

2022-06-21 15:03:24 - [MESSAGE][WARNING] - Timeout '0' is invalid. Using default page load timeout: '40'

2022-06-21 15:03:24 - [MESSAGE][PASSED] - Tapped on element 'Object Repository/Transfer/transferConfirmationOptionalGreyWordTxt'

2022-06-21 15:03:24 - [TEST_STEP][PASSED] - setText(findTestObject("Transfer/transferConfirmationDetailsInputField"), referenceC, 0): Text 'Test Transfer' has been set to element 'Object Repository/Transfer/transferConfirmationDetailsInputField'

2022-06-21 15:03:24 - [MESSAGE][WARNING] - Timeout '0' is invalid. Using default page load timeout: '40'

2022-06-21 15:03:27 - [MESSAGE][PASSED] - Text 'Test Transfer' has been set to element 'Object Repository/Transfer/transferConfirmationDetailsInputField'

2022-06-21 15:03:27 - [TEST_STEP][PASSED] - hideKeyboard(): Keyboard is hidden

2022-06-21 15:03:28 - [MESSAGE][PASSED] - Keyboard is hidden

2022-06-21 15:03:28 - [TEST_STEP][PASSED] - verifyElementText(findTestObject("Transfer/transferConfirmationOptionalGreyWordTxt"), referenceC): Actual text and expected text of test object 'Object Repository/Transfer/transferConfirmationOptionalGreyWordTxt' are matched.

2022-06-21 15:03:28 - [MESSAGE][PASSED] - Actual text and expected text of test object 'Object Repository/Transfer/transferConfirmationOptionalGreyWordTxt' are matched.

2022-06-21 15:03:28 - [TEST_STEP][PASSED] - device_Height_2 = getDeviceHeight(): Current device physical height is 2167

2022-06-21 15:03:28 - [MESSAGE][PASSED] - Current device physical height is 2167

2022-06-21 15:03:28 - [TEST_STEP][PASSED] - device_Width_2 = getDeviceWidth(): Current device physical width is 1080

2022-06-21 15:03:28 - [MESSAGE][PASSED] - Current device physical width is 1080

2022-06-21 15:03:28 - [TEST_STEP][PASSED] - startX_2 = device_Width_2 / 2: null

2022-06-21 15:03:28 - [TEST_STEP][PASSED] - endX_2 = startX_2: null

2022-06-21 15:03:28 - [TEST_STEP][PASSED] - startY_2 = device_Height_2 * 0.30: null

2022-06-21 15:03:28 - [TEST_STEP][PASSED] - endY_2 = device_Height_2 * 0.70: null

2022-06-21 15:03:28 - [TEST_STEP][PASSED] - swipe(startX_2, endY_2, endX_2, startY_2): Swiped from 540,1,516 to 540,650

2022-06-21 15:03:30 - [MESSAGE][PASSED] - Swiped from 540,1,516 to 540,650

2022-06-21 15:03:30 - [TEST_STEP][PASSED] - verifyElementText(findTestObject("Transfer/transferConfirmationFromAccTypeTxt", ["accType":accType]), accType): Actual text and expected text of test object 'Object Repository/Transfer/transferConfirmationFromAccTypeTxt' are matched.

2022-06-21 15:03:30 - [MESSAGE][PASSED] - Actual text and expected text of test object 'Object Repository/Transfer/transferConfirmationFromAccTypeTxt' are matched.

2022-06-21 15:03:30 - [TEST_STEP][PASSED] - verifyElementText(findTestObject("Transfer/transferConfirmationFromAccNoTxt", ["accNoFrom":accNoFrom]), accNoFrom): Actual text and expected text of test object 'Object Repository/Transfer/transferConfirmationFromAccNoTxt' are matched.

2022-06-21 15:03:30 - [MESSAGE][PASSED] - Actual text and expected text of test object 'Object Repository/Transfer/transferConfirmationFromAccNoTxt' are matched.

2022-06-21 15:03:30 - [TEST_STEP][PASSED] - verifyElementExist(findTestObject("Transfer/transferConfirmationFromAccBalanceTxt"), 0): Element 'Object Repository/Transfer/transferConfirmationFromAccBalanceTxt' is exist

2022-06-21 15:03:30 - [MESSAGE][WARNING] - Timeout '0' is invalid. Using default page load timeout: '40'

2022-06-21 15:03:30 - [MESSAGE][PASSED] - Element 'Object Repository/Transfer/transferConfirmationFromAccBalanceTxt' is exist

2022-06-21 15:03:30 - [TEST_STEP][PASSED] - accountBalance = getText(findTestObject("Transfer/transferConfirmationFromAccBalanceTxt"), 0): Text of element 'Object Repository/Transfer/transferConfirmationFromAccBalanceTxt' is: 'RM 1,380.03'

2022-06-21 15:03:30 - [MESSAGE][WARNING] - Timeout '0' is invalid. Using default page load timeout: '40'

2022-06-21 15:03:30 - [MESSAGE][PASSED] - Text of element 'Object Repository/Transfer/transferConfirmationFromAccBalanceTxt' is: 'RM 1,380.03'

2022-06-21 15:03:30 - [TEST_STEP][PASSED] - println(accountBalance): null

2022-06-21 15:03:30 - [TEST_STEP][PASSED] - tap(findTestObject("Main/mainTransferNowBtn"), 0): Tapped on element 'Object Repository/Main/mainTransferNowBtn'

2022-06-21 15:03:30 - [MESSAGE][WARNING] - Timeout '0' is invalid. Using default page load timeout: '40'

2022-06-21 15:03:31 - [MESSAGE][PASSED] - Tapped on element 'Object Repository/Main/mainTransferNowBtn'

2022-06-21 15:03:31 - [TEST_STEP][PASSED] - if (verifyElementVisible(findTestObject("Festive Season/seasonalGreetingAngpaoTACNoTxt"), 5, OPTIONAL)): Element 'Object Repository/Festive Season/seasonalGreetingAngpaoTACNoTxt' not found

2022-06-21 15:03:36 - [MESSAGE][WARNING] - Element 'Object Repository/Festive Season/seasonalGreetingAngpaoTACNoTxt' not found

2022-06-21 15:03:36 - [TEST_STEP][PASSED] - else: Tapped on element 'Object Repository/Main/mainS2UApproveBtn'

2022-06-21 15:03:36 - [TEST_STEP][PASSED] - delay(5): Delayed 5 second(s)

2022-06-21 15:03:41 - [MESSAGE][PASSED] - Delayed 5 second(s)

2022-06-21 15:03:41 - [TEST_STEP][PASSED] - verifyElementVisible(findTestObject("Main/mainS2UApproveBtn"), 0): Element 'Object Repository/Main/mainS2UApproveBtn' is visible

2022-06-21 15:03:41 - [MESSAGE][WARNING] - Timeout '0' is invalid. Using default page load timeout: '40'

2022-06-21 15:03:41 - [MESSAGE][PASSED] - Element 'Object Repository/Main/mainS2UApproveBtn' is visible

2022-06-21 15:03:41 - [TEST_STEP][PASSED] - tap(findTestObject("Main/mainS2UApproveBtn"), 0): Tapped on element 'Object Repository/Main/mainS2UApproveBtn'

2022-06-21 15:03:41 - [MESSAGE][WARNING] - Timeout '0' is invalid. Using default page load timeout: '40'

2022-06-21 15:03:41 - [MESSAGE][PASSED] - Tapped on element 'Object Repository/Main/mainS2UApproveBtn'

2022-06-21 15:03:41 - [TEST_STEP][PASSED] - delay(5): Delayed 5 second(s)

2022-06-21 15:03:46 - [MESSAGE][PASSED] - Delayed 5 second(s)

2022-06-21 15:03:46 - [TEST_STEP][PASSED] - verifyElementExist(findTestObject("Festive Season/returnAngpaoStatusMessageTxt"), 0): Element 'Object Repository/Festive Season/returnAngpaoStatusMessageTxt' is exist

2022-06-21 15:03:46 - [MESSAGE][WARNING] - Timeout '0' is invalid. Using default page load timeout: '40'

2022-06-21 15:03:46 - [MESSAGE][PASSED] - Element 'Object Repository/Festive Season/returnAngpaoStatusMessageTxt' is exist

2022-06-21 15:03:46 - [TEST_STEP][PASSED] - message = getText(findTestObject("Festive Season/returnAngpaoStatusMessageTxt"), 10): Text of element 'Object Repository/Festive Season/returnAngpaoStatusMessageTxt' is: 'Transfer successful'

2022-06-21 15:03:46 - [MESSAGE][PASSED] - Text of element 'Object Repository/Festive Season/returnAngpaoStatusMessageTxt' is: 'Transfer successful'

2022-06-21 15:03:46 - [TEST_STEP][PASSED] - println(message): null

2022-06-21 15:03:46 - [TEST_STEP][PASSED] - assert message == successTransactionMessage: null

2022-06-21 15:03:46 - [TEST_STEP][PASSED] - verifyElementExist(findTestObject("Transfer/transferSummaryDateTimeTitleTxt"), 0): Element 'Object Repository/Transfer/transferSummaryDateTimeTitleTxt' is exist

2022-06-21 15:03:46 - [MESSAGE][WARNING] - Timeout '0' is invalid. Using default page load timeout: '40'

2022-06-21 15:03:47 - [MESSAGE][PASSED] - Element 'Object Repository/Transfer/transferSummaryDateTimeTitleTxt' is exist

2022-06-21 15:03:47 - [TEST_STEP][PASSED] - verifyElementExist(findTestObject("Transfer/transferSummaryRefIDTitleTxt"), 0): Element 'Object Repository/Transfer/transferSummaryRefIDTitleTxt' is exist

2022-06-21 15:03:47 - [MESSAGE][WARNING] - Timeout '0' is invalid. Using default page load timeout: '40'

2022-06-21 15:03:47 - [MESSAGE][PASSED] - Element 'Object Repository/Transfer/transferSummaryRefIDTitleTxt' is exist

2022-06-21 15:03:47 - [TEST_STEP][PASSED] - verifyElementExist(findTestObject("Transfer/transferSummaryShareReceiptBtn"), 0): Element 'Object Repository/Transfer/transferSummaryShareReceiptBtn' is exist

2022-06-21 15:03:47 - [MESSAGE][WARNING] - Timeout '0' is invalid. Using default page load timeout: '40'

2022-06-21 15:03:47 - [MESSAGE][PASSED] - Element 'Object Repository/Transfer/transferSummaryShareReceiptBtn' is exist

2022-06-21 15:03:47 - [TEST_STEP][PASSED] - delay(5): Delayed 5 second(s)

2022-06-21 15:03:52 - [MESSAGE][PASSED] - Delayed 5 second(s)

2022-06-21 15:03:52 - [TEST_STEP][PASSED] - referenceID = getText(findTestObject("Send Request Money/requestMoneyPaySummaryRefIDTxt"), 0): Text of element 'Object Repository/Send Request Money/requestMoneyPaySummaryRefIDTxt' is: '181567806M'

2022-06-21 15:03:52 - [MESSAGE][WARNING] - Timeout '0' is invalid. Using default page load timeout: '40'

2022-06-21 15:03:52 - [MESSAGE][PASSED] - Text of element 'Object Repository/Send Request Money/requestMoneyPaySummaryRefIDTxt' is: '181567806M'

2022-06-21 15:03:52 - [TEST_STEP][PASSED] - println(referenceID): null

2022-06-21 15:03:52 - [TEST_STEP][PASSED] - test = dataFolder: null

2022-06-21 15:03:52 - [TEST_STEP][PASSED] - sheetName = "Sheet1": null

2022-06-21 15:03:52 - [TEST_STEP][PASSED] - file1 = new java.io.File(test): null

2022-06-21 15:03:52 - [TEST_STEP][PASSED] - assert file1.exists() == true: null

2022-06-21 15:03:52 - [TEST_STEP][PASSED] - woorkbook1 = getWorkbook(test): null

2022-06-21 15:03:52 - [TEST_STEP][PASSED] - sheet1 = getExcelSheet(woorkbook1, sheetName): null

2022-06-21 15:03:52 - [TEST_STEP][PASSED] - setValueToCellByIndex(sheet1, 3, 1, referenceID): null

2022-06-21 15:03:52 - [TEST_STEP][PASSED] - saveWorkbook(test, woorkbook1): null

2022-06-21 15:03:52 - [TEST_STEP][PASSED] - delay(3): Delayed 3 second(s)

2022-06-21 15:03:55 - [MESSAGE][PASSED] - Delayed 3 second(s)

2022-06-21 15:03:55 - [TEST_STEP][PASSED] - takeScreenshot("/Users/a00139272/Desktop/Screenshot/instantThirdParty.png"): Screenshot is taken

2022-06-21 15:03:56 - [MESSAGE][PASSED] - Screenshot is taken
[[ATTACHMENT|/Users/a00139272/Desktop/Screenshot/instantThirdParty.png]]

2022-06-21 15:03:56 - [TEST_STEP][PASSED] - verifyElementVisible(findTestObject("Main/mainDoneBtn"), 0): Element 'Object Repository/Main/mainDoneBtn' is visible

2022-06-21 15:03:56 - [MESSAGE][WARNING] - Timeout '0' is invalid. Using default page load timeout: '40'

2022-06-21 15:03:56 - [MESSAGE][PASSED] - Element 'Object Repository/Main/mainDoneBtn' is visible

2022-06-21 15:03:56 - [TEST_STEP][PASSED] - tap(findTestObject("Main/mainDoneBtn"), 0): Tapped on element 'Object Repository/Main/mainDoneBtn'

2022-06-21 15:03:56 - [MESSAGE][WARNING] - Timeout '0' is invalid. Using default page load timeout: '40'

2022-06-21 15:03:56 - [MESSAGE][PASSED] - Tapped on element 'Object Repository/Main/mainDoneBtn'

2022-06-21 15:03:56 - [TEST_STEP][PASSED] - delay(5): Delayed 5 second(s)

2022-06-21 15:04:01 - [MESSAGE][PASSED] - Delayed 5 second(s)

2022-06-21 15:04:01 - [TEST_STEP][PASSED] - tap(findTestObject("Main/mainTopLeftBackButton"), 0): Tapped on element 'Object Repository/Main/mainTopLeftBackButton'

2022-06-21 15:04:01 - [MESSAGE][WARNING] - Timeout '0' is invalid. Using default page load timeout: '40'

2022-06-21 15:04:02 - [MESSAGE][PASSED] - Tapped on element 'Object Repository/Main/mainTopLeftBackButton'

2022-06-21 15:04:02 - [TEST_STEP][PASSED] - verifyElementVisible(findTestObject("Banking/m2uAccountTypeSelection", ["text":"MAE"]), 0): Element 'Object Repository/Banking/m2uAccountTypeSelection' is visible

2022-06-21 15:04:02 - [MESSAGE][WARNING] - Timeout '0' is invalid. Using default page load timeout: '40'

2022-06-21 15:04:06 - [MESSAGE][PASSED] - Element 'Object Repository/Banking/m2uAccountTypeSelection' is visible

2022-06-21 15:04:06 - [TEST_STEP][PASSED] - tap(findTestObject("Banking/m2uAccountTypeSelection", ["text":"MAE"]), 10): Tapped on element 'Object Repository/Banking/m2uAccountTypeSelection'

2022-06-21 15:04:06 - [MESSAGE][PASSED] - Tapped on element 'Object Repository/Banking/m2uAccountTypeSelection'

2022-06-21 15:04:06 - [TEST_STEP][PASSED] - delay(5): Delayed 5 second(s)

2022-06-21 15:04:11 - [MESSAGE][PASSED] - Delayed 5 second(s)

2022-06-21 15:04:11 - [TEST_STEP][PASSED] - afterBalance = getText(findTestObject("Main/mainAccountsBalanceTxt"), 0): Text of element 'Object Repository/Main/mainAccountsBalanceTxt' is: 'RM 1,379.99'

2022-06-21 15:04:11 - [MESSAGE][WARNING] - Timeout '0' is invalid. Using default page load timeout: '40'

2022-06-21 15:04:11 - [MESSAGE][PASSED] - Text of element 'Object Repository/Main/mainAccountsBalanceTxt' is: 'RM 1,379.99'

2022-06-21 15:04:11 - [TEST_STEP][PASSED] - newAfterBalance = afterBalance.replaceAll("[^0-9.]", ""): null

2022-06-21 15:04:11 - [TEST_STEP][PASSED] - newAccountBalance = accountBalance.replaceAll("[^0-9.]", ""): null

2022-06-21 15:04:11 - [TEST_STEP][PASSED] - newAfterBalanceF = Float.parseFloat(newAfterBalance): null

2022-06-21 15:04:11 - [TEST_STEP][PASSED] - newAccountBalanceF = Float.parseFloat(newAccountBalance): null

2022-06-21 15:04:11 - [TEST_STEP][PASSED] - println(afterBalance): null

2022-06-21 15:04:11 - [TEST_STEP][PASSED] - println(accountBalance): null

2022-06-21 15:04:11 - [TEST_STEP][PASSED] - println(newAfterBalance): null

2022-06-21 15:04:11 - [TEST_STEP][PASSED] - println(newAccountBalance): null

2022-06-21 15:04:11 - [TEST_STEP][PASSED] - value_1 = checkValue: null

2022-06-21 15:04:11 - [TEST_STEP][PASSED] - value_2 = value_1.replaceAll("[^0-9.]", ""): null

2022-06-21 15:04:11 - [TEST_STEP][PASSED] - newValue = Float.parseFloat(value_2): null

2022-06-21 15:04:11 - [TEST_STEP][PASSED] - newBalance = newAccountBalanceF - newValue: null

2022-06-21 15:04:11 - [TEST_STEP][PASSED] - println(newBalance): null

2022-06-21 15:04:11 - [TEST_STEP][PASSED] - assert newBalance.round(2) == newAfterBalanceF: null

2022-06-21 15:04:11 - [TEST_STEP][PASSED] - delay(5): Delayed 5 second(s)

2022-06-21 15:04:16 - [MESSAGE][PASSED] - Delayed 5 second(s)]]></system-out>
         <system-err><![CDATA[]]></system-err>
      </testcase>
      <testcase name="Test Cases/Transfer/transfer_thirdPartyFuture" time="231.9" classname="Test Cases/Transfer/transfer_thirdPartyFuture" status="PASSED">
         <system-out><![CDATA[2022-06-21 15:04:16 - [TEST_CASE][PASSED] - Test Cases/Transfer/transfer_thirdPartyFuture: Test Cases/Transfer/transfer_thirdPartyFuture

2022-06-21 15:04:16 - [TEST_STEP][PASSED] - start = "Starts": null

2022-06-21 15:04:16 - [TEST_STEP][PASSED] - println(start): null

2022-06-21 15:04:16 - [TEST_STEP][PASSED] - delay(5): Delayed 5 second(s)

2022-06-21 15:04:21 - [MESSAGE][PASSED] - Delayed 5 second(s)

2022-06-21 15:04:21 - [TEST_STEP][PASSED] - verifyElementVisible(findTestObject("Banking/m2uAccountTransferIconSelect"), 0): Element 'Object Repository/Banking/m2uAccountTransferIconSelect' is visible

2022-06-21 15:04:21 - [MESSAGE][WARNING] - Timeout '0' is invalid. Using default page load timeout: '40'

2022-06-21 15:04:22 - [MESSAGE][PASSED] - Element 'Object Repository/Banking/m2uAccountTransferIconSelect' is visible

2022-06-21 15:04:22 - [TEST_STEP][PASSED] - tap(findTestObject("Banking/m2uAccountTransferIconSelect"), 0): Tapped on element 'Object Repository/Banking/m2uAccountTransferIconSelect'

2022-06-21 15:04:22 - [MESSAGE][WARNING] - Timeout '0' is invalid. Using default page load timeout: '40'

2022-06-21 15:04:22 - [MESSAGE][PASSED] - Tapped on element 'Object Repository/Banking/m2uAccountTransferIconSelect'

2022-06-21 15:04:22 - [TEST_STEP][PASSED] - delay(5): Delayed 5 second(s)

2022-06-21 15:04:27 - [MESSAGE][PASSED] - Delayed 5 second(s)

2022-06-21 15:04:27 - [TEST_STEP][PASSED] - tap(findTestObject("Banking/transferOthersTopMenuSelect"), 0): Tapped on element 'Object Repository/Banking/transferOthersTopMenuSelect'

2022-06-21 15:04:27 - [MESSAGE][WARNING] - Timeout '0' is invalid. Using default page load timeout: '40'

2022-06-21 15:05:28 - [MESSAGE][PASSED] - Tapped on element 'Object Repository/Banking/transferOthersTopMenuSelect'

2022-06-21 15:05:28 - [TEST_STEP][PASSED] - verifyElementVisible(findTestObject("Banking/transferBanksIconSelect"), 0): Element 'Object Repository/Banking/transferBanksIconSelect' is visible

2022-06-21 15:05:28 - [MESSAGE][WARNING] - Timeout '0' is invalid. Using default page load timeout: '40'

2022-06-21 15:06:19 - [MESSAGE][PASSED] - Element 'Object Repository/Banking/transferBanksIconSelect' is visible

2022-06-21 15:06:19 - [TEST_STEP][PASSED] - tap(findTestObject("Banking/transferBanksIconSelect"), 0): Tapped on element 'Object Repository/Banking/transferBanksIconSelect'

2022-06-21 15:06:19 - [MESSAGE][WARNING] - Timeout '0' is invalid. Using default page load timeout: '40'

2022-06-21 15:07:12 - [MESSAGE][PASSED] - Tapped on element 'Object Repository/Banking/transferBanksIconSelect'

2022-06-21 15:07:12 - [TEST_STEP][PASSED] - tap(findTestObject("Banking/transferToMaybankSelect"), 0): Tapped on element 'Object Repository/Banking/transferToMaybankSelect'

2022-06-21 15:07:12 - [MESSAGE][WARNING] - Timeout '0' is invalid. Using default page load timeout: '40'

2022-06-21 15:07:13 - [MESSAGE][PASSED] - Tapped on element 'Object Repository/Banking/transferToMaybankSelect'

2022-06-21 15:07:13 - [TEST_STEP][PASSED] - setText(findTestObject("Banking/transferAccountNoInputField"), "514012082699", 0): Text '514012082699' has been set to element 'Object Repository/Banking/transferAccountNoInputField'

2022-06-21 15:07:13 - [MESSAGE][WARNING] - Timeout '0' is invalid. Using default page load timeout: '40'

2022-06-21 15:07:15 - [MESSAGE][PASSED] - Text '514012082699' has been set to element 'Object Repository/Banking/transferAccountNoInputField'

2022-06-21 15:07:15 - [TEST_STEP][PASSED] - hideKeyboard(): Keyboard is hidden

2022-06-21 15:07:20 - [MESSAGE][PASSED] - Keyboard is hidden

2022-06-21 15:07:20 - [TEST_STEP][PASSED] - tap(findTestObject("Login Onboarding/loginExistingContinueBtn"), 0): Tapped on element 'Object Repository/Login Onboarding/loginExistingContinueBtn'

2022-06-21 15:07:20 - [MESSAGE][WARNING] - Timeout '0' is invalid. Using default page load timeout: '40'

2022-06-21 15:07:20 - [MESSAGE][PASSED] - Tapped on element 'Object Repository/Login Onboarding/loginExistingContinueBtn'

2022-06-21 15:07:20 - [TEST_STEP][PASSED] - tap(findTestObject("Login Onboarding/PIN4"), 0): Tapped on element 'Object Repository/Login Onboarding/PIN4'

2022-06-21 15:07:20 - [MESSAGE][WARNING] - Timeout '0' is invalid. Using default page load timeout: '40'

2022-06-21 15:07:24 - [MESSAGE][PASSED] - Tapped on element 'Object Repository/Login Onboarding/PIN4'

2022-06-21 15:07:24 - [TEST_STEP][PASSED] - delay(3): Delayed 3 second(s)

2022-06-21 15:07:27 - [MESSAGE][PASSED] - Delayed 3 second(s)

2022-06-21 15:07:27 - [TEST_STEP][PASSED] - tap(findTestObject("Login Onboarding/loginPinTickBtn"), 0): Tapped on element 'Object Repository/Login Onboarding/loginPinTickBtn'

2022-06-21 15:07:27 - [MESSAGE][WARNING] - Timeout '0' is invalid. Using default page load timeout: '40'

2022-06-21 15:07:28 - [MESSAGE][PASSED] - Tapped on element 'Object Repository/Login Onboarding/loginPinTickBtn'

2022-06-21 15:07:28 - [TEST_STEP][PASSED] - setText(findTestObject("Banking/transferReferenceInputField"), "AmountTranser", 0): Text 'AmountTranser' has been set to element 'Object Repository/Banking/transferReferenceInputField'

2022-06-21 15:07:28 - [MESSAGE][WARNING] - Timeout '0' is invalid. Using default page load timeout: '40'

2022-06-21 15:07:30 - [MESSAGE][PASSED] - Text 'AmountTranser' has been set to element 'Object Repository/Banking/transferReferenceInputField'

2022-06-21 15:07:30 - [TEST_STEP][PASSED] - hideKeyboard(): Keyboard is hidden

2022-06-21 15:07:32 - [MESSAGE][PASSED] - Keyboard is hidden

2022-06-21 15:07:32 - [TEST_STEP][PASSED] - tap(findTestObject("Login Onboarding/loginExistingContinueBtn"), 0): Tapped on element 'Object Repository/Login Onboarding/loginExistingContinueBtn'

2022-06-21 15:07:32 - [MESSAGE][WARNING] - Timeout '0' is invalid. Using default page load timeout: '40'

2022-06-21 15:07:32 - [MESSAGE][PASSED] - Tapped on element 'Object Repository/Login Onboarding/loginExistingContinueBtn'

2022-06-21 15:07:32 - [TEST_STEP][PASSED] - tap(findTestObject("Main/mainDatePickerTodaySelect"), 0): Tapped on element 'Object Repository/Main/mainDatePickerTodaySelect'

2022-06-21 15:07:32 - [MESSAGE][WARNING] - Timeout '0' is invalid. Using default page load timeout: '40'

2022-06-21 15:07:35 - [MESSAGE][PASSED] - Tapped on element 'Object Repository/Main/mainDatePickerTodaySelect'

2022-06-21 15:07:35 - [TEST_STEP][PASSED] - tap(findTestObject("Main/mainCalenderPickerNextBtn"), 0): Tapped on element 'Object Repository/Main/mainCalenderPickerNextBtn'

2022-06-21 15:07:35 - [MESSAGE][WARNING] - Timeout '0' is invalid. Using default page load timeout: '40'

2022-06-21 15:07:37 - [MESSAGE][PASSED] - Tapped on element 'Object Repository/Main/mainCalenderPickerNextBtn'

2022-06-21 15:07:37 - [TEST_STEP][PASSED] - delay(3): Delayed 3 second(s)

2022-06-21 15:07:40 - [MESSAGE][PASSED] - Delayed 3 second(s)

2022-06-21 15:07:40 - [TEST_STEP][PASSED] - tap(findTestObject("Main/mainDatePicker1"), 0): Tapped on element 'Object Repository/Main/mainDatePicker1'

2022-06-21 15:07:40 - [MESSAGE][WARNING] - Timeout '0' is invalid. Using default page load timeout: '40'

2022-06-21 15:07:41 - [MESSAGE][PASSED] - Tapped on element 'Object Repository/Main/mainDatePicker1'

2022-06-21 15:07:41 - [TEST_STEP][PASSED] - tap(findTestObject("Main/mainCalenderPickerDoneBtn"), 0): Tapped on element 'Object Repository/Main/mainCalenderPickerDoneBtn'

2022-06-21 15:07:41 - [MESSAGE][WARNING] - Timeout '0' is invalid. Using default page load timeout: '40'

2022-06-21 15:07:41 - [MESSAGE][PASSED] - Tapped on element 'Object Repository/Main/mainCalenderPickerDoneBtn'

2022-06-21 15:07:41 - [TEST_STEP][PASSED] - date = getText(findTestObject("Main/mainGetTransactionDateTxt"), 10): Text of element 'Object Repository/Main/mainGetTransactionDateTxt' is: '19 Jul 2022'

2022-06-21 15:07:42 - [MESSAGE][PASSED] - Text of element 'Object Repository/Main/mainGetTransactionDateTxt' is: '19 Jul 2022'

2022-06-21 15:07:42 - [TEST_STEP][PASSED] - println("Date is " + date): null

2022-06-21 15:07:42 - [TEST_STEP][PASSED] - tap(findTestObject("Main/mainTransferNowBtn"), 0): Tapped on element 'Object Repository/Main/mainTransferNowBtn'

2022-06-21 15:07:42 - [MESSAGE][WARNING] - Timeout '0' is invalid. Using default page load timeout: '40'

2022-06-21 15:07:42 - [MESSAGE][PASSED] - Tapped on element 'Object Repository/Main/mainTransferNowBtn'

2022-06-21 15:07:42 - [TEST_STEP][PASSED] - if (verifyElementVisible(findTestObject("Festive Season/seasonalGreetingAngpaoTACNoTxt"), 10, OPTIONAL)): Element 'Object Repository/Festive Season/seasonalGreetingAngpaoTACNoTxt' not found

2022-06-21 15:07:52 - [MESSAGE][WARNING] - Element 'Object Repository/Festive Season/seasonalGreetingAngpaoTACNoTxt' not found

2022-06-21 15:07:52 - [TEST_STEP][PASSED] - else: Tapped on element 'Object Repository/Main/mainS2UApproveBtn'

2022-06-21 15:07:52 - [TEST_STEP][PASSED] - delay(5): Delayed 5 second(s)

2022-06-21 15:07:57 - [MESSAGE][PASSED] - Delayed 5 second(s)

2022-06-21 15:07:57 - [TEST_STEP][PASSED] - verifyElementVisible(findTestObject("Main/mainS2UApproveBtn"), 3): Element 'Object Repository/Main/mainS2UApproveBtn' is visible

2022-06-21 15:07:57 - [MESSAGE][PASSED] - Element 'Object Repository/Main/mainS2UApproveBtn' is visible

2022-06-21 15:07:57 - [TEST_STEP][PASSED] - tap(findTestObject("Main/mainS2UApproveBtn"), 0): Tapped on element 'Object Repository/Main/mainS2UApproveBtn'

2022-06-21 15:07:57 - [MESSAGE][WARNING] - Timeout '0' is invalid. Using default page load timeout: '40'

2022-06-21 15:07:57 - [MESSAGE][PASSED] - Tapped on element 'Object Repository/Main/mainS2UApproveBtn'

2022-06-21 15:07:57 - [TEST_STEP][PASSED] - delay(2): Delayed 2 second(s)

2022-06-21 15:07:59 - [MESSAGE][PASSED] - Delayed 2 second(s)

2022-06-21 15:08:00 - [TEST_STEP][PASSED] - RefID = getText(findTestObject("Transfer/transferTransactionRefIDTxt"), 10): Text of element 'Object Repository/Transfer/transferTransactionRefIDTxt' is: 'Date & time'

2022-06-21 15:08:02 - [MESSAGE][PASSED] - Text of element 'Object Repository/Transfer/transferTransactionRefIDTxt' is: 'Date & time'

2022-06-21 15:08:02 - [TEST_STEP][PASSED] - println("Reference ID is" + RefID): null

2022-06-21 15:08:02 - [TEST_STEP][PASSED] - takeScreenshot("/Users/a00139272/Desktop/Screenshot/thirdPartyFuture.png"): Screenshot is taken

2022-06-21 15:08:03 - [MESSAGE][PASSED] - Screenshot is taken
[[ATTACHMENT|/Users/a00139272/Desktop/Screenshot/thirdPartyFuture.png]]

2022-06-21 15:08:03 - [TEST_STEP][PASSED] - verifyElementVisible(findTestObject("Main/mainDoneBtn"), 3): Element 'Object Repository/Main/mainDoneBtn' is visible

2022-06-21 15:08:03 - [MESSAGE][PASSED] - Element 'Object Repository/Main/mainDoneBtn' is visible

2022-06-21 15:08:03 - [TEST_STEP][PASSED] - tap(findTestObject("Main/mainDoneBtn"), 0): Tapped on element 'Object Repository/Main/mainDoneBtn'

2022-06-21 15:08:03 - [MESSAGE][WARNING] - Timeout '0' is invalid. Using default page load timeout: '40'

2022-06-21 15:08:03 - [MESSAGE][PASSED] - Tapped on element 'Object Repository/Main/mainDoneBtn'

2022-06-21 15:08:03 - [TEST_STEP][PASSED] - println("Payment Scheduled Test Case Completed"): null

2022-06-21 15:08:03 - [TEST_STEP][PASSED] - delay(5): Delayed 5 second(s)

2022-06-21 15:08:08 - [MESSAGE][PASSED] - Delayed 5 second(s)]]></system-out>
         <system-err><![CDATA[]]></system-err>
      </testcase>
      <testcase name="Test Cases/Transfer/transfer_thirdPartySetFav" time="183.809" classname="Test Cases/Transfer/transfer_thirdPartySetFav" status="PASSED">
         <system-out><![CDATA[2022-06-21 15:08:08 - [TEST_CASE][PASSED] - Test Cases/Transfer/transfer_thirdPartySetFav: Test Cases/Transfer/transfer_thirdPartySetFav

2022-06-21 15:08:08 - [TEST_STEP][PASSED] - delay(5): Delayed 5 second(s)

2022-06-21 15:08:13 - [MESSAGE][PASSED] - Delayed 5 second(s)

2022-06-21 15:08:13 - [TEST_STEP][PASSED] - device_Height = getDeviceHeight(): Current device physical height is 2167

2022-06-21 15:08:13 - [MESSAGE][PASSED] - Current device physical height is 2167

2022-06-21 15:08:13 - [TEST_STEP][PASSED] - device_Width = getDeviceWidth(): Current device physical width is 1080

2022-06-21 15:08:14 - [MESSAGE][PASSED] - Current device physical width is 1080

2022-06-21 15:08:14 - [TEST_STEP][PASSED] - startX = device_Width / 3: null

2022-06-21 15:08:14 - [TEST_STEP][PASSED] - startY = device_Height * 0.97: null

2022-06-21 15:08:14 - [TEST_STEP][PASSED] - verifyElementVisible(findTestObject("Banking/m2uAccountTransferIconSelect"), 0): Element 'Object Repository/Banking/m2uAccountTransferIconSelect' is visible

2022-06-21 15:08:14 - [MESSAGE][WARNING] - Timeout '0' is invalid. Using default page load timeout: '40'

2022-06-21 15:08:14 - [MESSAGE][PASSED] - Element 'Object Repository/Banking/m2uAccountTransferIconSelect' is visible

2022-06-21 15:08:14 - [TEST_STEP][PASSED] - tap(findTestObject("Banking/m2uAccountTransferIconSelect"), 0): Tapped on element 'Object Repository/Banking/m2uAccountTransferIconSelect'

2022-06-21 15:08:14 - [MESSAGE][WARNING] - Timeout '0' is invalid. Using default page load timeout: '40'

2022-06-21 15:08:14 - [MESSAGE][PASSED] - Tapped on element 'Object Repository/Banking/m2uAccountTransferIconSelect'

2022-06-21 15:08:14 - [TEST_STEP][PASSED] - delay(5): Delayed 5 second(s)

2022-06-21 15:08:19 - [MESSAGE][PASSED] - Delayed 5 second(s)

2022-06-21 15:08:19 - [TEST_STEP][PASSED] - tap(findTestObject("Banking/transferOthersTopMenuSelect"), 0): Tapped on element 'Object Repository/Banking/transferOthersTopMenuSelect'

2022-06-21 15:08:19 - [MESSAGE][WARNING] - Timeout '0' is invalid. Using default page load timeout: '40'

2022-06-21 15:09:20 - [MESSAGE][PASSED] - Tapped on element 'Object Repository/Banking/transferOthersTopMenuSelect'

2022-06-21 15:09:20 - [TEST_STEP][PASSED] - delay(3): Delayed 3 second(s)

2022-06-21 15:09:23 - [MESSAGE][PASSED] - Delayed 3 second(s)

2022-06-21 15:09:23 - [TEST_STEP][PASSED] - tap(findTestObject("Banking/transferBanksIconSelect"), 0): Tapped on element 'Object Repository/Banking/transferBanksIconSelect'

2022-06-21 15:09:23 - [MESSAGE][WARNING] - Timeout '0' is invalid. Using default page load timeout: '40'

2022-06-21 15:10:16 - [MESSAGE][PASSED] - Tapped on element 'Object Repository/Banking/transferBanksIconSelect'

2022-06-21 15:10:16 - [TEST_STEP][PASSED] - verifyElementVisible(findTestObject("Banking/transferToMaybankSelect"), 0): Element 'Object Repository/Banking/transferToMaybankSelect' is visible

2022-06-21 15:10:16 - [MESSAGE][WARNING] - Timeout '0' is invalid. Using default page load timeout: '40'

2022-06-21 15:10:17 - [MESSAGE][PASSED] - Element 'Object Repository/Banking/transferToMaybankSelect' is visible

2022-06-21 15:10:17 - [TEST_STEP][PASSED] - tap(findTestObject("Banking/transferToMaybankSelect"), 0): Tapped on element 'Object Repository/Banking/transferToMaybankSelect'

2022-06-21 15:10:17 - [MESSAGE][WARNING] - Timeout '0' is invalid. Using default page load timeout: '40'

2022-06-21 15:10:17 - [MESSAGE][PASSED] - Tapped on element 'Object Repository/Banking/transferToMaybankSelect'

2022-06-21 15:10:17 - [TEST_STEP][PASSED] - setText(findTestObject("Banking/transferAccountNoInputField"), accountNumFav, 0): Text '514012987769' has been set to element 'Object Repository/Banking/transferAccountNoInputField'

2022-06-21 15:10:17 - [MESSAGE][WARNING] - Timeout '0' is invalid. Using default page load timeout: '40'

2022-06-21 15:10:20 - [MESSAGE][PASSED] - Text '514012987769' has been set to element 'Object Repository/Banking/transferAccountNoInputField'

2022-06-21 15:10:20 - [TEST_STEP][PASSED] - hideKeyboard(): Keyboard is hidden

2022-06-21 15:10:23 - [MESSAGE][PASSED] - Keyboard is hidden

2022-06-21 15:10:23 - [TEST_STEP][PASSED] - tap(findTestObject("Login Onboarding/loginExistingContinueBtn"), 0): Tapped on element 'Object Repository/Login Onboarding/loginExistingContinueBtn'

2022-06-21 15:10:23 - [MESSAGE][WARNING] - Timeout '0' is invalid. Using default page load timeout: '40'

2022-06-21 15:10:24 - [MESSAGE][PASSED] - Tapped on element 'Object Repository/Login Onboarding/loginExistingContinueBtn'

2022-06-21 15:10:24 - [TEST_STEP][PASSED] - tap(findTestObject("Login Onboarding/PIN4"), 0): Tapped on element 'Object Repository/Login Onboarding/PIN4'

2022-06-21 15:10:24 - [MESSAGE][WARNING] - Timeout '0' is invalid. Using default page load timeout: '40'

2022-06-21 15:10:29 - [MESSAGE][PASSED] - Tapped on element 'Object Repository/Login Onboarding/PIN4'

2022-06-21 15:10:29 - [TEST_STEP][PASSED] - delay(3): Delayed 3 second(s)

2022-06-21 15:10:32 - [MESSAGE][PASSED] - Delayed 3 second(s)

2022-06-21 15:10:32 - [TEST_STEP][PASSED] - tap(findTestObject("Login Onboarding/loginPinTickBtn"), 0): Tapped on element 'Object Repository/Login Onboarding/loginPinTickBtn'

2022-06-21 15:10:32 - [MESSAGE][WARNING] - Timeout '0' is invalid. Using default page load timeout: '40'

2022-06-21 15:10:32 - [MESSAGE][PASSED] - Tapped on element 'Object Repository/Login Onboarding/loginPinTickBtn'

2022-06-21 15:10:32 - [TEST_STEP][PASSED] - setText(findTestObject("Banking/transferReferenceInputField"), "MBBTransfer", 0): Text 'MBBTransfer' has been set to element 'Object Repository/Banking/transferReferenceInputField'

2022-06-21 15:10:32 - [MESSAGE][WARNING] - Timeout '0' is invalid. Using default page load timeout: '40'

2022-06-21 15:10:34 - [MESSAGE][PASSED] - Text 'MBBTransfer' has been set to element 'Object Repository/Banking/transferReferenceInputField'

2022-06-21 15:10:34 - [TEST_STEP][PASSED] - hideKeyboard(): Keyboard is hidden

2022-06-21 15:10:36 - [MESSAGE][PASSED] - Keyboard is hidden

2022-06-21 15:10:36 - [TEST_STEP][PASSED] - tap(findTestObject("Login Onboarding/loginExistingContinueBtn"), 0): Tapped on element 'Object Repository/Login Onboarding/loginExistingContinueBtn'

2022-06-21 15:10:36 - [MESSAGE][WARNING] - Timeout '0' is invalid. Using default page load timeout: '40'

2022-06-21 15:10:36 - [MESSAGE][PASSED] - Tapped on element 'Object Repository/Login Onboarding/loginExistingContinueBtn'

2022-06-21 15:10:36 - [TEST_STEP][PASSED] - tap(findTestObject("Main/mainTransferNowBtn"), 0): Tapped on element 'Object Repository/Main/mainTransferNowBtn'

2022-06-21 15:10:36 - [MESSAGE][WARNING] - Timeout '0' is invalid. Using default page load timeout: '40'

2022-06-21 15:10:39 - [MESSAGE][PASSED] - Tapped on element 'Object Repository/Main/mainTransferNowBtn'

2022-06-21 15:10:39 - [TEST_STEP][PASSED] - if (verifyElementVisible(findTestObject("Festive Season/seasonalGreetingAngpaoTACNoTxt"), 5, OPTIONAL)): Element 'Object Repository/Festive Season/seasonalGreetingAngpaoTACNoTxt' not found

2022-06-21 15:10:44 - [MESSAGE][WARNING] - Element 'Object Repository/Festive Season/seasonalGreetingAngpaoTACNoTxt' not found

2022-06-21 15:10:44 - [TEST_STEP][PASSED] - else: Tapped on element 'Object Repository/Main/mainS2UApproveBtn'

2022-06-21 15:10:44 - [TEST_STEP][PASSED] - delay(3): Delayed 3 second(s)

2022-06-21 15:10:47 - [MESSAGE][PASSED] - Delayed 3 second(s)

2022-06-21 15:10:47 - [TEST_STEP][PASSED] - verifyElementVisible(findTestObject("Main/mainS2UApproveBtn"), 0): Element 'Object Repository/Main/mainS2UApproveBtn' is visible

2022-06-21 15:10:47 - [MESSAGE][WARNING] - Timeout '0' is invalid. Using default page load timeout: '40'

2022-06-21 15:10:47 - [MESSAGE][PASSED] - Element 'Object Repository/Main/mainS2UApproveBtn' is visible

2022-06-21 15:10:47 - [TEST_STEP][PASSED] - tap(findTestObject("Main/mainS2UApproveBtn"), 0): Tapped on element 'Object Repository/Main/mainS2UApproveBtn'

2022-06-21 15:10:47 - [MESSAGE][WARNING] - Timeout '0' is invalid. Using default page load timeout: '40'

2022-06-21 15:10:47 - [MESSAGE][PASSED] - Tapped on element 'Object Repository/Main/mainS2UApproveBtn'

2022-06-21 15:10:47 - [TEST_STEP][PASSED] - message = getText(findTestObject("Main/mainTransactionStatusMessageTxt"), 10): Text of element 'Object Repository/Main/mainTransactionStatusMessageTxt' is: 'Transfer successful'

2022-06-21 15:10:51 - [MESSAGE][PASSED] - Text of element 'Object Repository/Main/mainTransactionStatusMessageTxt' is: 'Transfer successful'

2022-06-21 15:10:51 - [TEST_STEP][PASSED] - println(message): null

2022-06-21 15:10:51 - [TEST_STEP][PASSED] - delay(5): Delayed 5 second(s)

2022-06-21 15:10:56 - [MESSAGE][PASSED] - Delayed 5 second(s)

2022-06-21 15:10:56 - [TEST_STEP][PASSED] - referenceID = getText(findTestObject("Send Request Money/requestMoneyPaySummaryRefIDTxt"), 0): Text of element 'Object Repository/Send Request Money/requestMoneyPaySummaryRefIDTxt' is: '181567964M'

2022-06-21 15:10:56 - [MESSAGE][WARNING] - Timeout '0' is invalid. Using default page load timeout: '40'

2022-06-21 15:10:56 - [MESSAGE][PASSED] - Text of element 'Object Repository/Send Request Money/requestMoneyPaySummaryRefIDTxt' is: '181567964M'

2022-06-21 15:10:56 - [TEST_STEP][PASSED] - println(referenceID): null

2022-06-21 15:10:56 - [TEST_STEP][PASSED] - test = dataFolder: null

2022-06-21 15:10:56 - [TEST_STEP][PASSED] - sheetName = "Sheet1": null

2022-06-21 15:10:56 - [TEST_STEP][PASSED] - file1 = new java.io.File(test): null

2022-06-21 15:10:56 - [TEST_STEP][PASSED] - assert file1.exists() == true: null

2022-06-21 15:10:56 - [TEST_STEP][PASSED] - woorkbook1 = getWorkbook(test): null

2022-06-21 15:10:56 - [TEST_STEP][PASSED] - sheet1 = getExcelSheet(woorkbook1, sheetName): null

2022-06-21 15:10:56 - [TEST_STEP][PASSED] - setValueToCellByIndex(sheet1, 3, 1, referenceID): null

2022-06-21 15:10:56 - [TEST_STEP][PASSED] - saveWorkbook(test, woorkbook1): null

2022-06-21 15:10:56 - [TEST_STEP][PASSED] - tap(findTestObject("Main/mainAddToFavBtn"), 0): Tapped on element 'Object Repository/Main/mainAddToFavBtn'

2022-06-21 15:10:56 - [MESSAGE][WARNING] - Timeout '0' is invalid. Using default page load timeout: '40'

2022-06-21 15:10:56 - [MESSAGE][PASSED] - Tapped on element 'Object Repository/Main/mainAddToFavBtn'

2022-06-21 15:10:56 - [TEST_STEP][PASSED] - delay(2): Delayed 2 second(s)

2022-06-21 15:10:58 - [MESSAGE][PASSED] - Delayed 2 second(s)

2022-06-21 15:10:58 - [TEST_STEP][PASSED] - tap(findTestObject("Main/mainAddToFavBtn"), 0): Tapped on element 'Object Repository/Main/mainAddToFavBtn'

2022-06-21 15:10:58 - [MESSAGE][WARNING] - Timeout '0' is invalid. Using default page load timeout: '40'

2022-06-21 15:10:59 - [MESSAGE][PASSED] - Tapped on element 'Object Repository/Main/mainAddToFavBtn'

2022-06-21 15:10:59 - [TEST_STEP][PASSED] - delay(2): Delayed 2 second(s)

2022-06-21 15:11:01 - [MESSAGE][PASSED] - Delayed 2 second(s)

2022-06-21 15:11:01 - [TEST_STEP][PASSED] - tap(findTestObject("Main/mainCloseFavPopUpBtn"), 0): Tapped on element 'Object Repository/Main/mainCloseFavPopUpBtn'

2022-06-21 15:11:01 - [MESSAGE][WARNING] - Timeout '0' is invalid. Using default page load timeout: '40'

2022-06-21 15:11:03 - [MESSAGE][PASSED] - Tapped on element 'Object Repository/Main/mainCloseFavPopUpBtn'

2022-06-21 15:11:03 - [TEST_STEP][PASSED] - delay(3): Delayed 3 second(s)

2022-06-21 15:11:06 - [MESSAGE][PASSED] - Delayed 3 second(s)

2022-06-21 15:11:06 - [TEST_STEP][PASSED] - takeScreenshot("/Users/a00139272/Desktop/Screenshot/thirdPartySetFav.png"): Screenshot is taken

2022-06-21 15:11:07 - [MESSAGE][PASSED] - Screenshot is taken
[[ATTACHMENT|/Users/a00139272/Desktop/Screenshot/thirdPartySetFav.png]]

2022-06-21 15:11:07 - [TEST_STEP][PASSED] - verifyElementVisible(findTestObject("Main/mainDoneBtn"), 0): Element 'Object Repository/Main/mainDoneBtn' is visible

2022-06-21 15:11:07 - [MESSAGE][WARNING] - Timeout '0' is invalid. Using default page load timeout: '40'

2022-06-21 15:11:07 - [MESSAGE][PASSED] - Element 'Object Repository/Main/mainDoneBtn' is visible

2022-06-21 15:11:07 - [TEST_STEP][PASSED] - tap(findTestObject("Main/mainDoneBtn"), 0): Tapped on element 'Object Repository/Main/mainDoneBtn'

2022-06-21 15:11:07 - [MESSAGE][WARNING] - Timeout '0' is invalid. Using default page load timeout: '40'

2022-06-21 15:11:07 - [MESSAGE][PASSED] - Tapped on element 'Object Repository/Main/mainDoneBtn'

2022-06-21 15:11:07 - [TEST_STEP][PASSED] - delay(5): Delayed 5 second(s)

2022-06-21 15:11:12 - [MESSAGE][PASSED] - Delayed 5 second(s)]]></system-out>
         <system-err><![CDATA[]]></system-err>
      </testcase>
      <testcase name="Test Cases/Transfer/transfer_thirdPartyFav" time="339.181" classname="Test Cases/Transfer/transfer_thirdPartyFav" status="PASSED">
         <system-out><![CDATA[2022-06-21 15:11:12 - [TEST_CASE][PASSED] - Test Cases/Transfer/transfer_thirdPartyFav: Test Cases/Transfer/transfer_thirdPartyFav

2022-06-21 15:11:12 - [TEST_STEP][PASSED] - delay(5): Delayed 5 second(s)

2022-06-21 15:11:17 - [MESSAGE][PASSED] - Delayed 5 second(s)

2022-06-21 15:11:17 - [TEST_STEP][PASSED] - device_Height = getDeviceHeight(): Current device physical height is 2167

2022-06-21 15:11:17 - [MESSAGE][PASSED] - Current device physical height is 2167

2022-06-21 15:11:17 - [TEST_STEP][PASSED] - device_Width = getDeviceWidth(): Current device physical width is 1080

2022-06-21 15:11:17 - [MESSAGE][PASSED] - Current device physical width is 1080

2022-06-21 15:11:17 - [TEST_STEP][PASSED] - startX = device_Width / 3: null

2022-06-21 15:11:17 - [TEST_STEP][PASSED] - startY = device_Height * 0.97: null

2022-06-21 15:11:17 - [TEST_STEP][PASSED] - verifyElementVisible(findTestObject("Banking/m2uAccountTransferIconSelect"), 0): Element 'Object Repository/Banking/m2uAccountTransferIconSelect' is visible

2022-06-21 15:11:17 - [MESSAGE][WARNING] - Timeout '0' is invalid. Using default page load timeout: '40'

2022-06-21 15:11:18 - [MESSAGE][PASSED] - Element 'Object Repository/Banking/m2uAccountTransferIconSelect' is visible

2022-06-21 15:11:18 - [TEST_STEP][PASSED] - tap(findTestObject("Banking/m2uAccountTransferIconSelect"), 0): Tapped on element 'Object Repository/Banking/m2uAccountTransferIconSelect'

2022-06-21 15:11:18 - [MESSAGE][WARNING] - Timeout '0' is invalid. Using default page load timeout: '40'

2022-06-21 15:11:18 - [MESSAGE][PASSED] - Tapped on element 'Object Repository/Banking/m2uAccountTransferIconSelect'

2022-06-21 15:11:18 - [TEST_STEP][PASSED] - tap(findTestObject("Banking/transferOthersTopMenuSelect"), 0): Tapped on element 'Object Repository/Banking/transferOthersTopMenuSelect'

2022-06-21 15:11:18 - [MESSAGE][WARNING] - Timeout '0' is invalid. Using default page load timeout: '40'

2022-06-21 15:12:19 - [MESSAGE][PASSED] - Tapped on element 'Object Repository/Banking/transferOthersTopMenuSelect'

2022-06-21 15:12:19 - [TEST_STEP][PASSED] - delay(3): Delayed 3 second(s)

2022-06-21 15:12:22 - [MESSAGE][PASSED] - Delayed 3 second(s)

2022-06-21 15:12:22 - [TEST_STEP][PASSED] - verifyElementText(findTestObject("Transfer/transferFavListAccNameTxt", ["accName":accName]), accName): Actual text and expected text of test object 'Object Repository/Transfer/transferFavListAccNameTxt' are matched.

2022-06-21 15:13:12 - [MESSAGE][PASSED] - Actual text and expected text of test object 'Object Repository/Transfer/transferFavListAccNameTxt' are matched.

2022-06-21 15:13:12 - [TEST_STEP][PASSED] - verifyElementText(findTestObject("Transfer/transferFavListAccNoTxt", ["accNo":accNo]), accNo): Actual text and expected text of test object 'Object Repository/Transfer/transferFavListAccNoTxt' are matched.

2022-06-21 15:14:03 - [MESSAGE][PASSED] - Actual text and expected text of test object 'Object Repository/Transfer/transferFavListAccNoTxt' are matched.

2022-06-21 15:14:03 - [TEST_STEP][PASSED] - verifyElementText(findTestObject("Transfer/transferFavListAccBankTxt", ["accBank":accBank]), accBank): Actual text and expected text of test object 'Object Repository/Transfer/transferFavListAccBankTxt' are matched.

2022-06-21 15:14:53 - [MESSAGE][PASSED] - Actual text and expected text of test object 'Object Repository/Transfer/transferFavListAccBankTxt' are matched.

2022-06-21 15:14:53 - [TEST_STEP][PASSED] - tap(findTestObject("Transfer/transferFavListAccNameTxt", ["accName":accName]), 0): Tapped on element 'Object Repository/Transfer/transferFavListAccNameTxt'

2022-06-21 15:14:53 - [MESSAGE][WARNING] - Timeout '0' is invalid. Using default page load timeout: '40'

2022-06-21 15:15:45 - [MESSAGE][PASSED] - Tapped on element 'Object Repository/Transfer/transferFavListAccNameTxt'

2022-06-21 15:15:45 - [TEST_STEP][PASSED] - delay(3): Delayed 3 second(s)

2022-06-21 15:15:48 - [MESSAGE][PASSED] - Delayed 3 second(s)

2022-06-21 15:15:48 - [TEST_STEP][PASSED] - verifyElementText(findTestObject("Transfer/transferAmounttAccNameTxt", ["accName":accName]), accName): Actual text and expected text of test object 'Object Repository/Transfer/transferAmounttAccNameTxt' are matched.

2022-06-21 15:15:49 - [MESSAGE][PASSED] - Actual text and expected text of test object 'Object Repository/Transfer/transferAmounttAccNameTxt' are matched.

2022-06-21 15:15:49 - [TEST_STEP][PASSED] - verifyElementText(findTestObject("Transfer/transferAmounttAccNoTxt", ["accNo":accNo]), accNo): Actual text and expected text of test object 'Object Repository/Transfer/transferAmounttAccNoTxt' are matched.

2022-06-21 15:15:49 - [MESSAGE][PASSED] - Actual text and expected text of test object 'Object Repository/Transfer/transferAmounttAccNoTxt' are matched.

2022-06-21 15:15:49 - [TEST_STEP][PASSED] - verifyElementText(findTestObject("Transfer/transferAmounttAccBankTxt", ["accBank":accBank]), accBank): Actual text and expected text of test object 'Object Repository/Transfer/transferAmounttAccBankTxt' are matched.

2022-06-21 15:15:49 - [MESSAGE][PASSED] - Actual text and expected text of test object 'Object Repository/Transfer/transferAmounttAccBankTxt' are matched.

2022-06-21 15:15:49 - [TEST_STEP][PASSED] - verifyElementExist(findTestObject("Transfer/transferAmountRMTxt"), 0): Element 'Object Repository/Transfer/transferAmountRMTxt' is exist

2022-06-21 15:15:49 - [MESSAGE][WARNING] - Timeout '0' is invalid. Using default page load timeout: '40'

2022-06-21 15:15:49 - [MESSAGE][PASSED] - Element 'Object Repository/Transfer/transferAmountRMTxt' is exist

2022-06-21 15:15:49 - [TEST_STEP][PASSED] - verifyElementExist(findTestObject("Transfer/transferAmountEnterAmountTitleTxt"), 0): Element 'Object Repository/Transfer/transferAmountEnterAmountTitleTxt' is exist

2022-06-21 15:15:49 - [MESSAGE][WARNING] - Timeout '0' is invalid. Using default page load timeout: '40'

2022-06-21 15:15:49 - [MESSAGE][PASSED] - Element 'Object Repository/Transfer/transferAmountEnterAmountTitleTxt' is exist

2022-06-21 15:15:49 - [TEST_STEP][PASSED] - verifyElementExist(findTestObject("Login Onboarding/PIN4"), 0): Element 'Object Repository/Login Onboarding/PIN4' is exist

2022-06-21 15:15:49 - [MESSAGE][WARNING] - Timeout '0' is invalid. Using default page load timeout: '40'

2022-06-21 15:15:50 - [MESSAGE][PASSED] - Element 'Object Repository/Login Onboarding/PIN4' is exist

2022-06-21 15:15:50 - [TEST_STEP][PASSED] - tap(findTestObject("Login Onboarding/PIN4"), 0): Tapped on element 'Object Repository/Login Onboarding/PIN4'

2022-06-21 15:15:50 - [MESSAGE][WARNING] - Timeout '0' is invalid. Using default page load timeout: '40'

2022-06-21 15:15:50 - [MESSAGE][PASSED] - Tapped on element 'Object Repository/Login Onboarding/PIN4'

2022-06-21 15:15:50 - [TEST_STEP][PASSED] - verifyElementText(findTestObject("Transfer/transferAmountInputValueTxt", ["value":checkValue]), checkValue): Actual text and expected text of test object 'Object Repository/Transfer/transferAmountInputValueTxt' are matched.

2022-06-21 15:15:51 - [MESSAGE][PASSED] - Actual text and expected text of test object 'Object Repository/Transfer/transferAmountInputValueTxt' are matched.

2022-06-21 15:15:51 - [TEST_STEP][PASSED] - delay(3): Delayed 3 second(s)

2022-06-21 15:15:54 - [MESSAGE][PASSED] - Delayed 3 second(s)

2022-06-21 15:15:54 - [TEST_STEP][PASSED] - tap(findTestObject("Login Onboarding/loginPinTickBtn"), 0): Tapped on element 'Object Repository/Login Onboarding/loginPinTickBtn'

2022-06-21 15:15:54 - [MESSAGE][WARNING] - Timeout '0' is invalid. Using default page load timeout: '40'

2022-06-21 15:15:54 - [MESSAGE][PASSED] - Tapped on element 'Object Repository/Login Onboarding/loginPinTickBtn'

2022-06-21 15:15:54 - [TEST_STEP][PASSED] - verifyElementText(findTestObject("Transfer/transferReferenceAccNameTxt", ["accName":accName]), accName): Actual text and expected text of test object 'Object Repository/Transfer/transferReferenceAccNameTxt' are matched.

2022-06-21 15:15:56 - [MESSAGE][PASSED] - Actual text and expected text of test object 'Object Repository/Transfer/transferReferenceAccNameTxt' are matched.

2022-06-21 15:15:56 - [TEST_STEP][PASSED] - verifyElementText(findTestObject("Transfer/transferReferenceAccNoTxt", ["accNo":accNo]), accNo): Actual text and expected text of test object 'Object Repository/Transfer/transferReferenceAccNoTxt' are matched.

2022-06-21 15:15:56 - [MESSAGE][PASSED] - Actual text and expected text of test object 'Object Repository/Transfer/transferReferenceAccNoTxt' are matched.

2022-06-21 15:15:56 - [TEST_STEP][PASSED] - verifyElementText(findTestObject("Transfer/transferReferenceAccBankTxt", ["accBank":accBank]), accBank): Actual text and expected text of test object 'Object Repository/Transfer/transferReferenceAccBankTxt' are matched.

2022-06-21 15:15:56 - [MESSAGE][PASSED] - Actual text and expected text of test object 'Object Repository/Transfer/transferReferenceAccBankTxt' are matched.

2022-06-21 15:15:56 - [TEST_STEP][PASSED] - verifyElementExist(findTestObject("Transfer/transferReferenceInputField"), 0): Element 'Object Repository/Transfer/transferReferenceInputField' is exist

2022-06-21 15:15:56 - [MESSAGE][WARNING] - Timeout '0' is invalid. Using default page load timeout: '40'

2022-06-21 15:15:56 - [MESSAGE][PASSED] - Element 'Object Repository/Transfer/transferReferenceInputField' is exist

2022-06-21 15:15:56 - [TEST_STEP][PASSED] - setText(findTestObject("Banking/transferReferenceInputField"), reference, 0): Text 'MBBTransfer' has been set to element 'Object Repository/Banking/transferReferenceInputField'

2022-06-21 15:15:56 - [MESSAGE][WARNING] - Timeout '0' is invalid. Using default page load timeout: '40'

2022-06-21 15:15:57 - [MESSAGE][PASSED] - Text 'MBBTransfer' has been set to element 'Object Repository/Banking/transferReferenceInputField'

2022-06-21 15:15:57 - [TEST_STEP][PASSED] - hideKeyboard(): Keyboard is hidden

2022-06-21 15:15:59 - [MESSAGE][PASSED] - Keyboard is hidden

2022-06-21 15:15:59 - [TEST_STEP][PASSED] - verifyElementText(findTestObject("Transfer/transferReferenceInputFieldAfter", ["reference":reference]), reference): Actual text and expected text of test object 'Object Repository/Transfer/transferReferenceInputFieldAfter' are matched.

2022-06-21 15:15:59 - [MESSAGE][PASSED] - Actual text and expected text of test object 'Object Repository/Transfer/transferReferenceInputFieldAfter' are matched.

2022-06-21 15:15:59 - [TEST_STEP][PASSED] - tap(findTestObject("Login Onboarding/loginExistingContinueBtn"), 0): Tapped on element 'Object Repository/Login Onboarding/loginExistingContinueBtn'

2022-06-21 15:15:59 - [MESSAGE][WARNING] - Timeout '0' is invalid. Using default page load timeout: '40'

2022-06-21 15:15:59 - [MESSAGE][PASSED] - Tapped on element 'Object Repository/Login Onboarding/loginExistingContinueBtn'

2022-06-21 15:15:59 - [TEST_STEP][PASSED] - verifyElementText(findTestObject("Transfer/transferConfirmationAccountNameTxt", ["accName":accName]), accName): Actual text and expected text of test object 'Object Repository/Transfer/transferConfirmationAccountNameTxt' are matched.

2022-06-21 15:15:59 - [MESSAGE][PASSED] - Actual text and expected text of test object 'Object Repository/Transfer/transferConfirmationAccountNameTxt' are matched.

2022-06-21 15:15:59 - [TEST_STEP][PASSED] - verifyElementText(findTestObject("Transfer/transferConfirmationAccountNoTxt", ["accNo":accNo]), accNo): Actual text and expected text of test object 'Object Repository/Transfer/transferConfirmationAccountNoTxt' are matched.

2022-06-21 15:15:59 - [MESSAGE][PASSED] - Actual text and expected text of test object 'Object Repository/Transfer/transferConfirmationAccountNoTxt' are matched.

2022-06-21 15:15:59 - [TEST_STEP][PASSED] - verifyElementText(findTestObject("Transfer/transferConfirmationAmountTxt", ["amount":amount]), amount): Actual text and expected text of test object 'Object Repository/Transfer/transferConfirmationAmountTxt' are matched.

2022-06-21 15:16:02 - [MESSAGE][PASSED] - Actual text and expected text of test object 'Object Repository/Transfer/transferConfirmationAmountTxt' are matched.

2022-06-21 15:16:02 - [TEST_STEP][PASSED] - verifyElementText(findTestObject("Transfer/transferConfirmationTransactionDateTxt"), "Today"): Actual text and expected text of test object 'Object Repository/Transfer/transferConfirmationTransactionDateTxt' are matched.

2022-06-21 15:16:02 - [MESSAGE][PASSED] - Actual text and expected text of test object 'Object Repository/Transfer/transferConfirmationTransactionDateTxt' are matched.

2022-06-21 15:16:02 - [TEST_STEP][PASSED] - verifyElementText(findTestObject("Transfer/transferConfirmationTransactionRecRefTxt", ["reference":reference]), reference): Actual text and expected text of test object 'Object Repository/Transfer/transferConfirmationTransactionRecRefTxt' are matched.

2022-06-21 15:16:02 - [MESSAGE][PASSED] - Actual text and expected text of test object 'Object Repository/Transfer/transferConfirmationTransactionRecRefTxt' are matched.

2022-06-21 15:16:02 - [TEST_STEP][PASSED] - verifyElementText(findTestObject("Transfer/transferConfirmationTransactionBankTxt", ["accBank":accBank]), accBank): Actual text and expected text of test object 'Object Repository/Transfer/transferConfirmationTransactionBankTxt' are matched.

2022-06-21 15:16:02 - [MESSAGE][PASSED] - Actual text and expected text of test object 'Object Repository/Transfer/transferConfirmationTransactionBankTxt' are matched.

2022-06-21 15:16:02 - [TEST_STEP][PASSED] - verifyElementText(findTestObject("Transfer/transferConfirmationOptionalGreyWordTxt"), "Optional"): Actual text and expected text of test object 'Object Repository/Transfer/transferConfirmationOptionalGreyWordTxt' are matched.

2022-06-21 15:16:02 - [MESSAGE][PASSED] - Actual text and expected text of test object 'Object Repository/Transfer/transferConfirmationOptionalGreyWordTxt' are matched.

2022-06-21 15:16:02 - [TEST_STEP][PASSED] - verifyElementExist(findTestObject("Transfer/transferConfirmationBankNameTitleTxt"), 0): Element 'Object Repository/Transfer/transferConfirmationBankNameTitleTxt' is exist

2022-06-21 15:16:02 - [MESSAGE][WARNING] - Timeout '0' is invalid. Using default page load timeout: '40'

2022-06-21 15:16:03 - [MESSAGE][PASSED] - Element 'Object Repository/Transfer/transferConfirmationBankNameTitleTxt' is exist

2022-06-21 15:16:03 - [TEST_STEP][PASSED] - verifyElementExist(findTestObject("Transfer/transferConfirmationDateTitleTxt"), 0): Element 'Object Repository/Transfer/transferConfirmationDateTitleTxt' is exist

2022-06-21 15:16:03 - [MESSAGE][WARNING] - Timeout '0' is invalid. Using default page load timeout: '40'

2022-06-21 15:16:03 - [MESSAGE][PASSED] - Element 'Object Repository/Transfer/transferConfirmationDateTitleTxt' is exist

2022-06-21 15:16:03 - [TEST_STEP][PASSED] - verifyElementExist(findTestObject("Transfer/transferConfirmationFTransferFromTitleTxt"), 0): Element 'Object Repository/Transfer/transferConfirmationFTransferFromTitleTxt' is exist

2022-06-21 15:16:03 - [MESSAGE][WARNING] - Timeout '0' is invalid. Using default page load timeout: '40'

2022-06-21 15:16:03 - [MESSAGE][PASSED] - Element 'Object Repository/Transfer/transferConfirmationFTransferFromTitleTxt' is exist

2022-06-21 15:16:03 - [TEST_STEP][PASSED] - verifyElementExist(findTestObject("Transfer/transferConfirmationRecRefTitleTxt"), 0): Element 'Object Repository/Transfer/transferConfirmationRecRefTitleTxt' is exist

2022-06-21 15:16:03 - [MESSAGE][WARNING] - Timeout '0' is invalid. Using default page load timeout: '40'

2022-06-21 15:16:03 - [MESSAGE][PASSED] - Element 'Object Repository/Transfer/transferConfirmationRecRefTitleTxt' is exist

2022-06-21 15:16:03 - [TEST_STEP][PASSED] - verifyElementExist(findTestObject("Transfer/transferConfirmationPaymentDetailsTitleTxt"), 0): Element 'Object Repository/Transfer/transferConfirmationPaymentDetailsTitleTxt' is exist

2022-06-21 15:16:03 - [MESSAGE][WARNING] - Timeout '0' is invalid. Using default page load timeout: '40'

2022-06-21 15:16:04 - [MESSAGE][PASSED] - Element 'Object Repository/Transfer/transferConfirmationPaymentDetailsTitleTxt' is exist

2022-06-21 15:16:04 - [TEST_STEP][PASSED] - verifyElementExist(findTestObject("Transfer/transferConfirmationNoteTitleTxt"), 0): Element 'Object Repository/Transfer/transferConfirmationNoteTitleTxt' is exist

2022-06-21 15:16:04 - [MESSAGE][WARNING] - Timeout '0' is invalid. Using default page load timeout: '40'

2022-06-21 15:16:04 - [MESSAGE][PASSED] - Element 'Object Repository/Transfer/transferConfirmationNoteTitleTxt' is exist

2022-06-21 15:16:04 - [TEST_STEP][PASSED] - verifyElementExist(findTestObject("Transfer/transferConfirmationNoteContentTxt"), 0): Element 'Object Repository/Transfer/transferConfirmationNoteContentTxt' is exist

2022-06-21 15:16:04 - [MESSAGE][WARNING] - Timeout '0' is invalid. Using default page load timeout: '40'

2022-06-21 15:16:04 - [MESSAGE][PASSED] - Element 'Object Repository/Transfer/transferConfirmationNoteContentTxt' is exist

2022-06-21 15:16:04 - [TEST_STEP][PASSED] - tap(findTestObject("Transfer/transferConfirmationOptionalGreyWordTxt"), 0): Tapped on element 'Object Repository/Transfer/transferConfirmationOptionalGreyWordTxt'

2022-06-21 15:16:04 - [MESSAGE][WARNING] - Timeout '0' is invalid. Using default page load timeout: '40'

2022-06-21 15:16:04 - [MESSAGE][PASSED] - Tapped on element 'Object Repository/Transfer/transferConfirmationOptionalGreyWordTxt'

2022-06-21 15:16:04 - [TEST_STEP][PASSED] - setText(findTestObject("Transfer/transferConfirmationDetailsInputField"), referenceC, 0): Text 'Test Transfer' has been set to element 'Object Repository/Transfer/transferConfirmationDetailsInputField'

2022-06-21 15:16:05 - [MESSAGE][WARNING] - Timeout '0' is invalid. Using default page load timeout: '40'

2022-06-21 15:16:07 - [MESSAGE][PASSED] - Text 'Test Transfer' has been set to element 'Object Repository/Transfer/transferConfirmationDetailsInputField'

2022-06-21 15:16:07 - [TEST_STEP][PASSED] - hideKeyboard(): Keyboard is hidden

2022-06-21 15:16:08 - [MESSAGE][PASSED] - Keyboard is hidden

2022-06-21 15:16:08 - [TEST_STEP][PASSED] - verifyElementText(findTestObject("Transfer/transferConfirmationOptionalGreyWordTxt"), referenceC): Actual text and expected text of test object 'Object Repository/Transfer/transferConfirmationOptionalGreyWordTxt' are matched.

2022-06-21 15:16:09 - [MESSAGE][PASSED] - Actual text and expected text of test object 'Object Repository/Transfer/transferConfirmationOptionalGreyWordTxt' are matched.

2022-06-21 15:16:09 - [TEST_STEP][PASSED] - device_Height_2 = getDeviceHeight(): Current device physical height is 2167

2022-06-21 15:16:09 - [MESSAGE][PASSED] - Current device physical height is 2167

2022-06-21 15:16:09 - [TEST_STEP][PASSED] - device_Width_2 = getDeviceWidth(): Current device physical width is 1080

2022-06-21 15:16:09 - [MESSAGE][PASSED] - Current device physical width is 1080

2022-06-21 15:16:09 - [TEST_STEP][PASSED] - startX_2 = device_Width_2 / 2: null

2022-06-21 15:16:09 - [TEST_STEP][PASSED] - endX_2 = startX_2: null

2022-06-21 15:16:09 - [TEST_STEP][PASSED] - startY_2 = device_Height_2 * 0.30: null

2022-06-21 15:16:09 - [TEST_STEP][PASSED] - endY_2 = device_Height_2 * 0.70: null

2022-06-21 15:16:09 - [TEST_STEP][PASSED] - swipe(startX_2, endY_2, endX_2, startY_2): Swiped from 540,1,516 to 540,650

2022-06-21 15:16:10 - [MESSAGE][PASSED] - Swiped from 540,1,516 to 540,650

2022-06-21 15:16:10 - [TEST_STEP][PASSED] - verifyElementText(findTestObject("Transfer/transferConfirmationFromAccTypeTxt", ["accType":accType]), accType): Actual text and expected text of test object 'Object Repository/Transfer/transferConfirmationFromAccTypeTxt' are matched.

2022-06-21 15:16:10 - [MESSAGE][PASSED] - Actual text and expected text of test object 'Object Repository/Transfer/transferConfirmationFromAccTypeTxt' are matched.

2022-06-21 15:16:10 - [TEST_STEP][PASSED] - verifyElementText(findTestObject("Transfer/transferConfirmationFromAccNoTxt", ["accNoFrom":accNoFrom]), accNoFrom): Actual text and expected text of test object 'Object Repository/Transfer/transferConfirmationFromAccNoTxt' are matched.

2022-06-21 15:16:10 - [MESSAGE][PASSED] - Actual text and expected text of test object 'Object Repository/Transfer/transferConfirmationFromAccNoTxt' are matched.

2022-06-21 15:16:10 - [TEST_STEP][PASSED] - verifyElementExist(findTestObject("Transfer/transferConfirmationFromAccBalanceTxt"), 0): Element 'Object Repository/Transfer/transferConfirmationFromAccBalanceTxt' is exist

2022-06-21 15:16:10 - [MESSAGE][WARNING] - Timeout '0' is invalid. Using default page load timeout: '40'

2022-06-21 15:16:10 - [MESSAGE][PASSED] - Element 'Object Repository/Transfer/transferConfirmationFromAccBalanceTxt' is exist

2022-06-21 15:16:10 - [TEST_STEP][PASSED] - accountBalance = getText(findTestObject("Transfer/transferConfirmationFromAccBalanceTxt"), 0): Text of element 'Object Repository/Transfer/transferConfirmationFromAccBalanceTxt' is: 'RM 1,379.95'

2022-06-21 15:16:10 - [MESSAGE][WARNING] - Timeout '0' is invalid. Using default page load timeout: '40'

2022-06-21 15:16:10 - [MESSAGE][PASSED] - Text of element 'Object Repository/Transfer/transferConfirmationFromAccBalanceTxt' is: 'RM 1,379.95'

2022-06-21 15:16:10 - [TEST_STEP][PASSED] - println(accountBalance): null

2022-06-21 15:16:10 - [TEST_STEP][PASSED] - tap(findTestObject("Main/mainTransferNowBtn"), 0): Tapped on element 'Object Repository/Main/mainTransferNowBtn'

2022-06-21 15:16:10 - [MESSAGE][WARNING] - Timeout '0' is invalid. Using default page load timeout: '40'

2022-06-21 15:16:11 - [MESSAGE][PASSED] - Tapped on element 'Object Repository/Main/mainTransferNowBtn'

2022-06-21 15:16:11 - [TEST_STEP][PASSED] - delay(5): Delayed 5 second(s)

2022-06-21 15:16:16 - [MESSAGE][PASSED] - Delayed 5 second(s)

2022-06-21 15:16:16 - [TEST_STEP][PASSED] - verifyElementExist(findTestObject("Festive Season/returnAngpaoStatusMessageTxt"), 0): Element 'Object Repository/Festive Season/returnAngpaoStatusMessageTxt' is exist

2022-06-21 15:16:16 - [MESSAGE][WARNING] - Timeout '0' is invalid. Using default page load timeout: '40'

2022-06-21 15:16:16 - [MESSAGE][PASSED] - Element 'Object Repository/Festive Season/returnAngpaoStatusMessageTxt' is exist

2022-06-21 15:16:16 - [TEST_STEP][PASSED] - message = getText(findTestObject("Festive Season/returnAngpaoStatusMessageTxt"), 10): Text of element 'Object Repository/Festive Season/returnAngpaoStatusMessageTxt' is: 'Transfer successful'

2022-06-21 15:16:16 - [MESSAGE][PASSED] - Text of element 'Object Repository/Festive Season/returnAngpaoStatusMessageTxt' is: 'Transfer successful'

2022-06-21 15:16:16 - [TEST_STEP][PASSED] - println(message): null

2022-06-21 15:16:16 - [TEST_STEP][PASSED] - assert message == successTransactionMessage: null

2022-06-21 15:16:16 - [TEST_STEP][PASSED] - verifyElementExist(findTestObject("Transfer/transferSummaryDateTimeTitleTxt"), 0): Element 'Object Repository/Transfer/transferSummaryDateTimeTitleTxt' is exist

2022-06-21 15:16:16 - [MESSAGE][WARNING] - Timeout '0' is invalid. Using default page load timeout: '40'

2022-06-21 15:16:16 - [MESSAGE][PASSED] - Element 'Object Repository/Transfer/transferSummaryDateTimeTitleTxt' is exist

2022-06-21 15:16:16 - [TEST_STEP][PASSED] - verifyElementExist(findTestObject("Transfer/transferSummaryRefIDTitleTxt"), 0): Element 'Object Repository/Transfer/transferSummaryRefIDTitleTxt' is exist

2022-06-21 15:16:16 - [MESSAGE][WARNING] - Timeout '0' is invalid. Using default page load timeout: '40'

2022-06-21 15:16:16 - [MESSAGE][PASSED] - Element 'Object Repository/Transfer/transferSummaryRefIDTitleTxt' is exist

2022-06-21 15:16:16 - [TEST_STEP][PASSED] - verifyElementExist(findTestObject("Transfer/transferSummaryShareReceiptBtn"), 0): Element 'Object Repository/Transfer/transferSummaryShareReceiptBtn' is exist

2022-06-21 15:16:16 - [MESSAGE][WARNING] - Timeout '0' is invalid. Using default page load timeout: '40'

2022-06-21 15:16:16 - [MESSAGE][PASSED] - Element 'Object Repository/Transfer/transferSummaryShareReceiptBtn' is exist

2022-06-21 15:16:16 - [TEST_STEP][PASSED] - delay(5): Delayed 5 second(s)

2022-06-21 15:16:21 - [MESSAGE][PASSED] - Delayed 5 second(s)

2022-06-21 15:16:21 - [TEST_STEP][PASSED] - referenceID = getText(findTestObject("Send Request Money/requestMoneyPaySummaryRefIDTxt"), 0): Text of element 'Object Repository/Send Request Money/requestMoneyPaySummaryRefIDTxt' is: '181568017M'

2022-06-21 15:16:21 - [MESSAGE][WARNING] - Timeout '0' is invalid. Using default page load timeout: '40'

2022-06-21 15:16:21 - [MESSAGE][PASSED] - Text of element 'Object Repository/Send Request Money/requestMoneyPaySummaryRefIDTxt' is: '181568017M'

2022-06-21 15:16:21 - [TEST_STEP][PASSED] - println(referenceID): null

2022-06-21 15:16:21 - [TEST_STEP][PASSED] - test = dataFolder: null

2022-06-21 15:16:21 - [TEST_STEP][PASSED] - sheetName = "Sheet1": null

2022-06-21 15:16:21 - [TEST_STEP][PASSED] - file1 = new java.io.File(test): null

2022-06-21 15:16:21 - [TEST_STEP][PASSED] - assert file1.exists() == true: null

2022-06-21 15:16:21 - [TEST_STEP][PASSED] - woorkbook1 = getWorkbook(test): null

2022-06-21 15:16:21 - [TEST_STEP][PASSED] - sheet1 = getExcelSheet(woorkbook1, sheetName): null

2022-06-21 15:16:21 - [TEST_STEP][PASSED] - setValueToCellByIndex(sheet1, 3, 1, referenceID): null

2022-06-21 15:16:21 - [TEST_STEP][PASSED] - saveWorkbook(test, woorkbook1): null

2022-06-21 15:16:21 - [TEST_STEP][PASSED] - delay(3): Delayed 3 second(s)

2022-06-21 15:16:24 - [MESSAGE][PASSED] - Delayed 3 second(s)

2022-06-21 15:16:24 - [TEST_STEP][PASSED] - takeScreenshot("/Users/a00139272/Desktop/Screenshot/thirdPartyFav.png"): Screenshot is taken

2022-06-21 15:16:25 - [MESSAGE][PASSED] - Screenshot is taken
[[ATTACHMENT|/Users/a00139272/Desktop/Screenshot/thirdPartyFav.png]]

2022-06-21 15:16:25 - [TEST_STEP][PASSED] - verifyElementVisible(findTestObject("Main/mainDoneBtn"), 0): Element 'Object Repository/Main/mainDoneBtn' is visible

2022-06-21 15:16:25 - [MESSAGE][WARNING] - Timeout '0' is invalid. Using default page load timeout: '40'

2022-06-21 15:16:25 - [MESSAGE][PASSED] - Element 'Object Repository/Main/mainDoneBtn' is visible

2022-06-21 15:16:25 - [TEST_STEP][PASSED] - tap(findTestObject("Main/mainDoneBtn"), 0): Tapped on element 'Object Repository/Main/mainDoneBtn'

2022-06-21 15:16:25 - [MESSAGE][WARNING] - Timeout '0' is invalid. Using default page load timeout: '40'

2022-06-21 15:16:25 - [MESSAGE][PASSED] - Tapped on element 'Object Repository/Main/mainDoneBtn'

2022-06-21 15:16:25 - [TEST_STEP][PASSED] - delay(5): Delayed 5 second(s)

2022-06-21 15:16:30 - [MESSAGE][PASSED] - Delayed 5 second(s)

2022-06-21 15:16:30 - [TEST_STEP][PASSED] - tap(findTestObject("Main/mainTopLeftBackButton"), 0): Tapped on element 'Object Repository/Main/mainTopLeftBackButton'

2022-06-21 15:16:30 - [MESSAGE][WARNING] - Timeout '0' is invalid. Using default page load timeout: '40'

2022-06-21 15:16:31 - [MESSAGE][PASSED] - Tapped on element 'Object Repository/Main/mainTopLeftBackButton'

2022-06-21 15:16:31 - [TEST_STEP][PASSED] - delay(5): Delayed 5 second(s)

2022-06-21 15:16:36 - [MESSAGE][PASSED] - Delayed 5 second(s)

2022-06-21 15:16:36 - [TEST_STEP][PASSED] - verifyElementVisible(findTestObject("Banking/m2uAccountTypeSelection", ["text":accType]), 0): Element 'Object Repository/Banking/m2uAccountTypeSelection' is visible

2022-06-21 15:16:36 - [MESSAGE][WARNING] - Timeout '0' is invalid. Using default page load timeout: '40'

2022-06-21 15:16:36 - [MESSAGE][PASSED] - Element 'Object Repository/Banking/m2uAccountTypeSelection' is visible

2022-06-21 15:16:36 - [TEST_STEP][PASSED] - tap(findTestObject("Banking/m2uAccountTypeSelection", ["text":accType]), 10): Tapped on element 'Object Repository/Banking/m2uAccountTypeSelection'

2022-06-21 15:16:36 - [MESSAGE][PASSED] - Tapped on element 'Object Repository/Banking/m2uAccountTypeSelection'

2022-06-21 15:16:36 - [TEST_STEP][PASSED] - delay(5): Delayed 5 second(s)

2022-06-21 15:16:41 - [MESSAGE][PASSED] - Delayed 5 second(s)

2022-06-21 15:16:41 - [TEST_STEP][PASSED] - afterBalance = getText(findTestObject("Main/mainAccountsBalanceTxt"), 0): Text of element 'Object Repository/Main/mainAccountsBalanceTxt' is: 'RM 1,379.91'

2022-06-21 15:16:41 - [MESSAGE][WARNING] - Timeout '0' is invalid. Using default page load timeout: '40'

2022-06-21 15:16:46 - [MESSAGE][PASSED] - Text of element 'Object Repository/Main/mainAccountsBalanceTxt' is: 'RM 1,379.91'

2022-06-21 15:16:46 - [TEST_STEP][PASSED] - newAfterBalance = afterBalance.replaceAll("[^0-9.]", ""): null

2022-06-21 15:16:46 - [TEST_STEP][PASSED] - newAccountBalance = accountBalance.replaceAll("[^0-9.]", ""): null

2022-06-21 15:16:46 - [TEST_STEP][PASSED] - newAfterBalanceF = Float.parseFloat(newAfterBalance): null

2022-06-21 15:16:46 - [TEST_STEP][PASSED] - newAccountBalanceF = Float.parseFloat(newAccountBalance): null

2022-06-21 15:16:46 - [TEST_STEP][PASSED] - println(afterBalance): null

2022-06-21 15:16:46 - [TEST_STEP][PASSED] - println(accountBalance): null

2022-06-21 15:16:46 - [TEST_STEP][PASSED] - println(newAfterBalance): null

2022-06-21 15:16:46 - [TEST_STEP][PASSED] - println(newAccountBalance): null

2022-06-21 15:16:46 - [TEST_STEP][PASSED] - value_1 = checkValue: null

2022-06-21 15:16:46 - [TEST_STEP][PASSED] - value_2 = value_1.replaceAll("[^0-9.]", ""): null

2022-06-21 15:16:46 - [TEST_STEP][PASSED] - newValue = Float.parseFloat(value_2): null

2022-06-21 15:16:46 - [TEST_STEP][PASSED] - newBalance = newAccountBalanceF - newValue: null

2022-06-21 15:16:46 - [TEST_STEP][PASSED] - println(newBalance): null

2022-06-21 15:16:46 - [TEST_STEP][PASSED] - assert newBalance.round(2) == newAfterBalanceF: null

2022-06-21 15:16:46 - [TEST_STEP][PASSED] - delay(5): Delayed 5 second(s)

2022-06-21 15:16:51 - [MESSAGE][PASSED] - Delayed 5 second(s)]]></system-out>
         <system-err><![CDATA[]]></system-err>
      </testcase>
      <testcase name="Test Cases/DuitNow/duitNow_mobileNumberTransaction" time="301.476" classname="Test Cases/DuitNow/duitNow_mobileNumberTransaction" status="FAILED">
         <failure type="FAILED" message="Test Cases/DuitNow/duitNow_mobileNumberTransaction FAILED.
Reason:
com.kms.katalon.core.exception.StepFailedException: Element 'Object Repository/Main/mainS2UApproveBtn' not found
	at com.kms.katalon.core.keyword.internal.KeywordMain.stepFailed(KeywordMain.groovy:39)
	at com.kms.katalon.core.mobile.keyword.internal.MobileKeywordMain.stepFailed(MobileKeywordMain.groovy:40)
	at com.kms.katalon.core.mobile.keyword.builtin.VerifyElementVisibleKeyword$_verifyElementVisible_closure1.doCall(VerifyElementVisibleKeyword.groovy:82)
	at com.kms.katalon.core.mobile.keyword.builtin.VerifyElementVisibleKeyword$_verifyElementVisible_closure1.call(VerifyElementVisibleKeyword.groovy)
	at com.kms.katalon.core.mobile.keyword.internal.MobileKeywordMain.runKeyword(MobileKeywordMain.groovy:21)
	at com.kms.katalon.core.mobile.keyword.builtin.VerifyElementVisibleKeyword.verifyElementVisible(VerifyElementVisibleKeyword.groovy:85)
	at com.kms.katalon.core.mobile.keyword.builtin.VerifyElementVisibleKeyword.execute(VerifyElementVisibleKeyword.groovy:64)
	at com.kms.katalon.core.keyword.internal.KeywordExecutor.executeKeywordForPlatform(KeywordExecutor.groovy:74)
	at com.kms.katalon.core.mobile.keyword.MobileBuiltInKeywords.verifyElementVisible(MobileBuiltInKeywords.groovy:2031)
	at com.kms.katalon.core.mobile.keyword.MobileBuiltInKeywords$verifyElementVisible$5.call(Unknown Source)
	at duitNow_mobileNumberTransaction.run(duitNow_mobileNumberTransaction:364)
	at com.kms.katalon.core.main.ScriptEngine.run(ScriptEngine.java:194)
	at com.kms.katalon.core.main.ScriptEngine.runScriptAsRawText(ScriptEngine.java:119)
	at com.kms.katalon.core.main.TestCaseExecutor.runScript(TestCaseExecutor.java:445)
	at com.kms.katalon.core.main.TestCaseExecutor.doExecute(TestCaseExecutor.java:436)
	at com.kms.katalon.core.main.TestCaseExecutor.processExecutionPhase(TestCaseExecutor.java:415)
	at com.kms.katalon.core.main.TestCaseExecutor.accessMainPhase(TestCaseExecutor.java:407)
	at com.kms.katalon.core.main.TestCaseExecutor.execute(TestCaseExecutor.java:284)
	at com.kms.katalon.core.common.CommonExecutor.accessTestCaseMainPhase(CommonExecutor.java:65)
	at com.kms.katalon.core.main.TestSuiteExecutor.accessTestSuiteMainPhase(TestSuiteExecutor.java:144)
	at com.kms.katalon.core.main.TestSuiteExecutor.execute(TestSuiteExecutor.java:106)
	at com.kms.katalon.core.main.TestCaseMain.startTestSuite(TestCaseMain.java:185)
	at com.kms.katalon.core.main.TestCaseMain$startTestSuite$0.call(Unknown Source)
	at TempTestSuite1655794262003.run(TempTestSuite1655794262003.groovy:36)
"/>
         <system-out><![CDATA[2022-06-21 15:16:51 - [TEST_CASE][FAILED] - Test Cases/DuitNow/duitNow_mobileNumberTransaction: Test Cases/DuitNow/duitNow_mobileNumberTransaction FAILED.
Reason:
com.kms.katalon.core.exception.StepFailedException: Element 'Object Repository/Main/mainS2UApproveBtn' not found
	at com.kms.katalon.core.keyword.internal.KeywordMain.stepFailed(KeywordMain.groovy:39)
	at com.kms.katalon.core.mobile.keyword.internal.MobileKeywordMain.stepFailed(MobileKeywordMain.groovy:40)
	at com.kms.katalon.core.mobile.keyword.builtin.VerifyElementVisibleKeyword$_verifyElementVisible_closure1.doCall(VerifyElementVisibleKeyword.groovy:82)
	at com.kms.katalon.core.mobile.keyword.builtin.VerifyElementVisibleKeyword$_verifyElementVisible_closure1.call(VerifyElementVisibleKeyword.groovy)
	at com.kms.katalon.core.mobile.keyword.internal.MobileKeywordMain.runKeyword(MobileKeywordMain.groovy:21)
	at com.kms.katalon.core.mobile.keyword.builtin.VerifyElementVisibleKeyword.verifyElementVisible(VerifyElementVisibleKeyword.groovy:85)
	at com.kms.katalon.core.mobile.keyword.builtin.VerifyElementVisibleKeyword.execute(VerifyElementVisibleKeyword.groovy:64)
	at com.kms.katalon.core.keyword.internal.KeywordExecutor.executeKeywordForPlatform(KeywordExecutor.groovy:74)
	at com.kms.katalon.core.mobile.keyword.MobileBuiltInKeywords.verifyElementVisible(MobileBuiltInKeywords.groovy:2031)
	at com.kms.katalon.core.mobile.keyword.MobileBuiltInKeywords$verifyElementVisible$5.call(Unknown Source)
	at duitNow_mobileNumberTransaction.run(duitNow_mobileNumberTransaction:364)
	at com.kms.katalon.core.main.ScriptEngine.run(ScriptEngine.java:194)
	at com.kms.katalon.core.main.ScriptEngine.runScriptAsRawText(ScriptEngine.java:119)
	at com.kms.katalon.core.main.TestCaseExecutor.runScript(TestCaseExecutor.java:445)
	at com.kms.katalon.core.main.TestCaseExecutor.doExecute(TestCaseExecutor.java:436)
	at com.kms.katalon.core.main.TestCaseExecutor.processExecutionPhase(TestCaseExecutor.java:415)
	at com.kms.katalon.core.main.TestCaseExecutor.accessMainPhase(TestCaseExecutor.java:407)
	at com.kms.katalon.core.main.TestCaseExecutor.execute(TestCaseExecutor.java:284)
	at com.kms.katalon.core.common.CommonExecutor.accessTestCaseMainPhase(CommonExecutor.java:65)
	at com.kms.katalon.core.main.TestSuiteExecutor.accessTestSuiteMainPhase(TestSuiteExecutor.java:144)
	at com.kms.katalon.core.main.TestSuiteExecutor.execute(TestSuiteExecutor.java:106)
	at com.kms.katalon.core.main.TestCaseMain.startTestSuite(TestCaseMain.java:185)
	at com.kms.katalon.core.main.TestCaseMain$startTestSuite$0.call(Unknown Source)
	at TempTestSuite1655794262003.run(TempTestSuite1655794262003.groovy:36)


2022-06-21 15:16:52 - [TEST_STEP][PASSED] - delay(5): Delayed 5 second(s)

2022-06-21 15:16:57 - [MESSAGE][PASSED] - Delayed 5 second(s)

2022-06-21 15:16:57 - [TEST_STEP][PASSED] - device_Height = getDeviceHeight(): Current device physical height is 2167

2022-06-21 15:16:57 - [MESSAGE][PASSED] - Current device physical height is 2167

2022-06-21 15:16:57 - [TEST_STEP][PASSED] - device_Width = getDeviceWidth(): Current device physical width is 1080

2022-06-21 15:16:57 - [MESSAGE][PASSED] - Current device physical width is 1080

2022-06-21 15:16:57 - [TEST_STEP][PASSED] - startX = device_Width / 3: null

2022-06-21 15:16:57 - [TEST_STEP][PASSED] - startY = device_Height * 0.97: null

2022-06-21 15:16:57 - [TEST_STEP][PASSED] - delay(3): Delayed 3 second(s)

2022-06-21 15:17:00 - [MESSAGE][PASSED] - Delayed 3 second(s)

2022-06-21 15:17:00 - [TEST_STEP][PASSED] - verifyElementVisible(findTestObject("Banking/m2uAccountTransferIconSelect"), 0): Element 'Object Repository/Banking/m2uAccountTransferIconSelect' is visible

2022-06-21 15:17:00 - [MESSAGE][WARNING] - Timeout '0' is invalid. Using default page load timeout: '40'

2022-06-21 15:17:00 - [MESSAGE][PASSED] - Element 'Object Repository/Banking/m2uAccountTransferIconSelect' is visible

2022-06-21 15:17:00 - [TEST_STEP][PASSED] - tap(findTestObject("Banking/m2uAccountTransferIconSelect"), 0): Tapped on element 'Object Repository/Banking/m2uAccountTransferIconSelect'

2022-06-21 15:17:00 - [MESSAGE][WARNING] - Timeout '0' is invalid. Using default page load timeout: '40'

2022-06-21 15:17:00 - [MESSAGE][PASSED] - Tapped on element 'Object Repository/Banking/m2uAccountTransferIconSelect'

2022-06-21 15:17:00 - [TEST_STEP][PASSED] - verifyElementVisible(findTestObject("Banking/transferDuitNowTopMenuSelect"), 5): Element 'Object Repository/Banking/transferDuitNowTopMenuSelect' is visible

2022-06-21 15:17:51 - [MESSAGE][PASSED] - Element 'Object Repository/Banking/transferDuitNowTopMenuSelect' is visible

2022-06-21 15:17:51 - [TEST_STEP][PASSED] - tap(findTestObject("Banking/transferDuitNowTopMenuSelect"), 0): Tapped on element 'Object Repository/Banking/transferDuitNowTopMenuSelect'

2022-06-21 15:17:51 - [MESSAGE][WARNING] - Timeout '0' is invalid. Using default page load timeout: '40'

2022-06-21 15:18:51 - [MESSAGE][PASSED] - Tapped on element 'Object Repository/Banking/transferDuitNowTopMenuSelect'

2022-06-21 15:18:51 - [TEST_STEP][PASSED] - delay(3): Delayed 3 second(s)

2022-06-21 15:18:54 - [MESSAGE][PASSED] - Delayed 3 second(s)

2022-06-21 15:18:54 - [TEST_STEP][PASSED] - tap(findTestObject("Banking/duitNowOtherIconSelect"), 0): Tapped on element 'Object Repository/Banking/duitNowOtherIconSelect'

2022-06-21 15:18:54 - [MESSAGE][WARNING] - Timeout '0' is invalid. Using default page load timeout: '40'

2022-06-21 15:19:48 - [MESSAGE][PASSED] - Tapped on element 'Object Repository/Banking/duitNowOtherIconSelect'

2022-06-21 15:19:48 - [TEST_STEP][PASSED] - delay(3): Delayed 3 second(s)

2022-06-21 15:19:51 - [MESSAGE][PASSED] - Delayed 3 second(s)

2022-06-21 15:19:51 - [TEST_STEP][PASSED] - verifyElementExist(findTestObject("Banking/duitNowIDTypeDropdownSelect"), 0): Element 'Object Repository/Banking/duitNowIDTypeDropdownSelect' is exist

2022-06-21 15:19:51 - [MESSAGE][WARNING] - Timeout '0' is invalid. Using default page load timeout: '40'

2022-06-21 15:19:51 - [MESSAGE][PASSED] - Element 'Object Repository/Banking/duitNowIDTypeDropdownSelect' is exist

2022-06-21 15:19:51 - [TEST_STEP][PASSED] - tap(findTestObject("Banking/duitNowIDTypeDropdownSelect"), 0): Tapped on element 'Object Repository/Banking/duitNowIDTypeDropdownSelect'

2022-06-21 15:19:51 - [MESSAGE][WARNING] - Timeout '0' is invalid. Using default page load timeout: '40'

2022-06-21 15:19:51 - [MESSAGE][PASSED] - Tapped on element 'Object Repository/Banking/duitNowIDTypeDropdownSelect'

2022-06-21 15:19:51 - [TEST_STEP][PASSED] - delay(3): Delayed 3 second(s)

2022-06-21 15:19:54 - [MESSAGE][PASSED] - Delayed 3 second(s)

2022-06-21 15:19:54 - [TEST_STEP][PASSED] - verifyElementExist(findTestObject("Banking/duitNowBusinessRegIDTypeDropdown", ["proxy":proxy]), 0): Element 'Object Repository/Banking/duitNowBusinessRegIDTypeDropdown' is exist

2022-06-21 15:19:54 - [MESSAGE][WARNING] - Timeout '0' is invalid. Using default page load timeout: '40'

2022-06-21 15:19:54 - [MESSAGE][PASSED] - Element 'Object Repository/Banking/duitNowBusinessRegIDTypeDropdown' is exist

2022-06-21 15:19:54 - [TEST_STEP][PASSED] - tap(findTestObject("Banking/duitNowBusinessRegIDTypeDropdown", ["proxy":proxy]), 0): Tapped on element 'Object Repository/Banking/duitNowBusinessRegIDTypeDropdown'

2022-06-21 15:19:54 - [MESSAGE][WARNING] - Timeout '0' is invalid. Using default page load timeout: '40'

2022-06-21 15:19:54 - [MESSAGE][PASSED] - Tapped on element 'Object Repository/Banking/duitNowBusinessRegIDTypeDropdown'

2022-06-21 15:19:54 - [TEST_STEP][PASSED] - tap(findTestObject("Main/mainCalenderPickerDoneBtn"), 0): Tapped on element 'Object Repository/Main/mainCalenderPickerDoneBtn'

2022-06-21 15:19:54 - [MESSAGE][WARNING] - Timeout '0' is invalid. Using default page load timeout: '40'

2022-06-21 15:19:54 - [MESSAGE][PASSED] - Tapped on element 'Object Repository/Main/mainCalenderPickerDoneBtn'

2022-06-21 15:19:54 - [TEST_STEP][PASSED] - delay(3): Delayed 3 second(s)

2022-06-21 15:19:57 - [MESSAGE][PASSED] - Delayed 3 second(s)

2022-06-21 15:19:57 - [TEST_STEP][PASSED] - verifyElementExist(findTestObject("Banking/duitNowBusinessRegNoInputField", ["proxyPlaceholder":proxyPlaceholder]), 0): Element 'Object Repository/Banking/duitNowBusinessRegNoInputField' is exist

2022-06-21 15:19:57 - [MESSAGE][WARNING] - Timeout '0' is invalid. Using default page load timeout: '40'

2022-06-21 15:19:58 - [MESSAGE][PASSED] - Element 'Object Repository/Banking/duitNowBusinessRegNoInputField' is exist

2022-06-21 15:19:58 - [TEST_STEP][PASSED] - setText(findTestObject("Banking/duitNowBusinessRegNoInputField", ["proxyPlaceholder":proxyPlaceholder]), phoneNum, 0): Text '01122334455' has been set to element 'Object Repository/Banking/duitNowBusinessRegNoInputField'

2022-06-21 15:19:58 - [MESSAGE][WARNING] - Timeout '0' is invalid. Using default page load timeout: '40'

2022-06-21 15:19:58 - [MESSAGE][PASSED] - Text '01122334455' has been set to element 'Object Repository/Banking/duitNowBusinessRegNoInputField'

2022-06-21 15:19:58 - [TEST_STEP][PASSED] - hideKeyboard(): Keyboard is hidden

2022-06-21 15:19:59 - [MESSAGE][PASSED] - Keyboard is hidden

2022-06-21 15:19:59 - [TEST_STEP][PASSED] - tap(findTestObject("Login Onboarding/loginExistingContinueBtn"), 0): Tapped on element 'Object Repository/Login Onboarding/loginExistingContinueBtn'

2022-06-21 15:19:59 - [MESSAGE][WARNING] - Timeout '0' is invalid. Using default page load timeout: '40'

2022-06-21 15:19:59 - [MESSAGE][PASSED] - Tapped on element 'Object Repository/Login Onboarding/loginExistingContinueBtn'

2022-06-21 15:19:59 - [TEST_STEP][PASSED] - delay(3): Delayed 3 second(s)

2022-06-21 15:20:02 - [MESSAGE][PASSED] - Delayed 3 second(s)

2022-06-21 15:20:02 - [TEST_STEP][PASSED] - verifyElementText(findTestObject("Duit Now/duitNowAmountProxyNumberTxt", ["proxyNumber":proxyNumber]), proxyNumber): Actual text and expected text of test object 'Object Repository/Duit Now/duitNowAmountProxyNumberTxt' are matched.

2022-06-21 15:20:08 - [MESSAGE][PASSED] - Actual text and expected text of test object 'Object Repository/Duit Now/duitNowAmountProxyNumberTxt' are matched.

2022-06-21 15:20:08 - [TEST_STEP][PASSED] - receipientName = getText(findTestObject("Duit Now/duitNowAmountReceipientNameTxt2", ["recName":recName]), 0): Text of element 'Object Repository/Duit Now/duitNowAmountReceipientNameTxt2' is: 'CAPTAIN AMERICA'

2022-06-21 15:20:09 - [MESSAGE][WARNING] - Timeout '0' is invalid. Using default page load timeout: '40'

2022-06-21 15:20:09 - [MESSAGE][PASSED] - Text of element 'Object Repository/Duit Now/duitNowAmountReceipientNameTxt2' is: 'CAPTAIN AMERICA'

2022-06-21 15:20:09 - [TEST_STEP][PASSED] - recName_1 = recName: null

2022-06-21 15:20:09 - [TEST_STEP][PASSED] - recName_2 = recName2: null

2022-06-21 15:20:09 - [TEST_STEP][PASSED] - privName_1 = privName: null

2022-06-21 15:20:09 - [TEST_STEP][PASSED] - checker = verifyMatch(receipientName, $recName_1||$privName_1, true): Actual text 'CAPTAIN AMERICA' and expected text 'CAPTAIN AMERICA||XXXXXXX XXXXXXX' are matched  using regular expression

2022-06-21 15:20:09 - [MESSAGE][PASSED] - Actual text 'CAPTAIN AMERICA' and expected text 'CAPTAIN AMERICA||XXXXXXX XXXXXXX' are matched  using regular expression

2022-06-21 15:20:09 - [TEST_STEP][PASSED] - verifyElementText(findTestObject("Duit Now/duitNowAmountProxyTypeTxt", ["proxyType":proxyType]), proxyType): Actual text and expected text of test object 'Object Repository/Duit Now/duitNowAmountProxyTypeTxt' are matched.

2022-06-21 15:20:09 - [MESSAGE][PASSED] - Actual text and expected text of test object 'Object Repository/Duit Now/duitNowAmountProxyTypeTxt' are matched.

2022-06-21 15:20:09 - [TEST_STEP][PASSED] - verifyElementExist(findTestObject("Duit Now/duitNowAmountCurrencyTypeTxt"), 0): Element 'Object Repository/Duit Now/duitNowAmountCurrencyTypeTxt' is exist

2022-06-21 15:20:09 - [MESSAGE][WARNING] - Timeout '0' is invalid. Using default page load timeout: '40'

2022-06-21 15:20:09 - [MESSAGE][PASSED] - Element 'Object Repository/Duit Now/duitNowAmountCurrencyTypeTxt' is exist

2022-06-21 15:20:09 - [TEST_STEP][PASSED] - verifyElementExist(findTestObject("Duit Now/duitNowAmountEnterAmountTitleTxt"), 0): Element 'Object Repository/Duit Now/duitNowAmountEnterAmountTitleTxt' is exist

2022-06-21 15:20:09 - [MESSAGE][WARNING] - Timeout '0' is invalid. Using default page load timeout: '40'

2022-06-21 15:20:09 - [MESSAGE][PASSED] - Element 'Object Repository/Duit Now/duitNowAmountEnterAmountTitleTxt' is exist

2022-06-21 15:20:09 - [TEST_STEP][PASSED] - verifyElementExist(findTestObject("Duit Now/duitNowAmountInitialValueTxt"), 0): Element 'Object Repository/Duit Now/duitNowAmountInitialValueTxt' is exist

2022-06-21 15:20:09 - [MESSAGE][WARNING] - Timeout '0' is invalid. Using default page load timeout: '40'

2022-06-21 15:20:10 - [MESSAGE][PASSED] - Element 'Object Repository/Duit Now/duitNowAmountInitialValueTxt' is exist

2022-06-21 15:20:10 - [TEST_STEP][PASSED] - trxAmount = value: null

2022-06-21 15:20:10 - [TEST_STEP][PASSED] - length = trxAmount.length(): null

2022-06-21 15:20:10 - [TEST_STEP][PASSED] - delay(5): Delayed 5 second(s)

2022-06-21 15:20:15 - [MESSAGE][PASSED] - Delayed 5 second(s)

2022-06-21 15:20:15 - [TEST_STEP][PASSED] - tapAtPosition(startX, startY): Tapped at [360, 2,101]

2022-06-21 15:20:15 - [MESSAGE][PASSED] - Tapped at [360, 2,101]

2022-06-21 15:20:15 - [TEST_STEP][PASSED] - for ([i = 0, i < length, (i++)]): null

2022-06-21 15:20:15 - [TEST_STEP][PASSED] - if (trxAmount[i] == "0"): null

2022-06-21 15:20:15 - [TEST_STEP][PASSED] - if (trxAmount[i] == "1"): null

2022-06-21 15:20:15 - [TEST_STEP][PASSED] - if (trxAmount[i] == "2"): Tapped on element 'Object Repository/Login Onboarding/PIN2'

2022-06-21 15:20:15 - [TEST_STEP][PASSED] - tap(findTestObject("Login Onboarding/PIN2"), 0): Tapped on element 'Object Repository/Login Onboarding/PIN2'

2022-06-21 15:20:15 - [MESSAGE][WARNING] - Timeout '0' is invalid. Using default page load timeout: '40'

2022-06-21 15:20:16 - [MESSAGE][PASSED] - Tapped on element 'Object Repository/Login Onboarding/PIN2'

2022-06-21 15:20:16 - [TEST_STEP][PASSED] - if (trxAmount[i] == "3"): null

2022-06-21 15:20:16 - [TEST_STEP][PASSED] - if (trxAmount[i] == "4"): null

2022-06-21 15:20:16 - [TEST_STEP][PASSED] - if (trxAmount[i] == "5"): null

2022-06-21 15:20:16 - [TEST_STEP][PASSED] - if (trxAmount[i] == "6"): null

2022-06-21 15:20:16 - [TEST_STEP][PASSED] - if (trxAmount[i] == "7"): null

2022-06-21 15:20:16 - [TEST_STEP][PASSED] - if (trxAmount[i] == "8"): null

2022-06-21 15:20:16 - [TEST_STEP][PASSED] - if (trxAmount[i] == "9"): null

2022-06-21 15:20:16 - [TEST_STEP][PASSED] - if (trxAmount[i] == "0"): Tapped on element 'Object Repository/Login Onboarding/PIN0'

2022-06-21 15:20:16 - [TEST_STEP][PASSED] - tap(findTestObject("Login Onboarding/PIN0"), 0): Tapped on element 'Object Repository/Login Onboarding/PIN0'

2022-06-21 15:20:16 - [MESSAGE][WARNING] - Timeout '0' is invalid. Using default page load timeout: '40'

2022-06-21 15:20:16 - [MESSAGE][PASSED] - Tapped on element 'Object Repository/Login Onboarding/PIN0'

2022-06-21 15:20:16 - [TEST_STEP][PASSED] - if (trxAmount[i] == "1"): null

2022-06-21 15:20:16 - [TEST_STEP][PASSED] - if (trxAmount[i] == "2"): null

2022-06-21 15:20:16 - [TEST_STEP][PASSED] - if (trxAmount[i] == "3"): null

2022-06-21 15:20:16 - [TEST_STEP][PASSED] - if (trxAmount[i] == "4"): null

2022-06-21 15:20:16 - [TEST_STEP][PASSED] - if (trxAmount[i] == "5"): null

2022-06-21 15:20:16 - [TEST_STEP][PASSED] - if (trxAmount[i] == "6"): null

2022-06-21 15:20:16 - [TEST_STEP][PASSED] - if (trxAmount[i] == "7"): null

2022-06-21 15:20:16 - [TEST_STEP][PASSED] - if (trxAmount[i] == "8"): null

2022-06-21 15:20:16 - [TEST_STEP][PASSED] - if (trxAmount[i] == "9"): null

2022-06-21 15:20:16 - [TEST_STEP][PASSED] - if (trxAmount[i] == "0"): Tapped on element 'Object Repository/Login Onboarding/PIN0'

2022-06-21 15:20:16 - [TEST_STEP][PASSED] - tap(findTestObject("Login Onboarding/PIN0"), 0): Tapped on element 'Object Repository/Login Onboarding/PIN0'

2022-06-21 15:20:16 - [MESSAGE][WARNING] - Timeout '0' is invalid. Using default page load timeout: '40'

2022-06-21 15:20:17 - [MESSAGE][PASSED] - Tapped on element 'Object Repository/Login Onboarding/PIN0'

2022-06-21 15:20:17 - [TEST_STEP][PASSED] - if (trxAmount[i] == "1"): null

2022-06-21 15:20:17 - [TEST_STEP][PASSED] - if (trxAmount[i] == "2"): null

2022-06-21 15:20:17 - [TEST_STEP][PASSED] - if (trxAmount[i] == "3"): null

2022-06-21 15:20:17 - [TEST_STEP][PASSED] - if (trxAmount[i] == "4"): null

2022-06-21 15:20:17 - [TEST_STEP][PASSED] - if (trxAmount[i] == "5"): null

2022-06-21 15:20:17 - [TEST_STEP][PASSED] - if (trxAmount[i] == "6"): null

2022-06-21 15:20:17 - [TEST_STEP][PASSED] - if (trxAmount[i] == "7"): null

2022-06-21 15:20:17 - [TEST_STEP][PASSED] - if (trxAmount[i] == "8"): null

2022-06-21 15:20:17 - [TEST_STEP][PASSED] - if (trxAmount[i] == "9"): null

2022-06-21 15:20:17 - [TEST_STEP][PASSED] - delay(5): Delayed 5 second(s)

2022-06-21 15:20:22 - [MESSAGE][PASSED] - Delayed 5 second(s)

2022-06-21 15:20:22 - [TEST_STEP][PASSED] - verifyElementText(findTestObject("Duit Now/duitNowAmountValueTxt", ["value":checkValue]), checkValue): Actual text and expected text of test object 'Object Repository/Duit Now/duitNowAmountValueTxt' are matched.

2022-06-21 15:20:22 - [MESSAGE][PASSED] - Actual text and expected text of test object 'Object Repository/Duit Now/duitNowAmountValueTxt' are matched.

2022-06-21 15:20:22 - [TEST_STEP][PASSED] - verifyElementVisible(findTestObject("Login Onboarding/loginPinTickBtn"), 5): Element 'Object Repository/Login Onboarding/loginPinTickBtn' is visible

2022-06-21 15:20:23 - [MESSAGE][PASSED] - Element 'Object Repository/Login Onboarding/loginPinTickBtn' is visible

2022-06-21 15:20:23 - [TEST_STEP][PASSED] - tap(findTestObject("Login Onboarding/loginPinTickBtn"), 0): Tapped on element 'Object Repository/Login Onboarding/loginPinTickBtn'

2022-06-21 15:20:23 - [MESSAGE][WARNING] - Timeout '0' is invalid. Using default page load timeout: '40'

2022-06-21 15:20:23 - [MESSAGE][PASSED] - Tapped on element 'Object Repository/Login Onboarding/loginPinTickBtn'

2022-06-21 15:20:23 - [TEST_STEP][PASSED] - delay(3): Delayed 3 second(s)

2022-06-21 15:20:26 - [MESSAGE][PASSED] - Delayed 3 second(s)

2022-06-21 15:20:26 - [TEST_STEP][PASSED] - verifyElementText(findTestObject("Duit Now/duitNowReferenceProxyNumberTxt", ["proxyNumber":proxyNumber]), proxyNumber): Actual text and expected text of test object 'Object Repository/Duit Now/duitNowReferenceProxyNumberTxt' are matched.

2022-06-21 15:20:26 - [MESSAGE][PASSED] - Actual text and expected text of test object 'Object Repository/Duit Now/duitNowReferenceProxyNumberTxt' are matched.

2022-06-21 15:20:26 - [TEST_STEP][PASSED] - verifyElementText(findTestObject("Duit Now/duitNowReferenceProxyTypeTxt", ["proxyType":proxyType]), proxyType): Actual text and expected text of test object 'Object Repository/Duit Now/duitNowReferenceProxyTypeTxt' are matched.

2022-06-21 15:20:26 - [MESSAGE][PASSED] - Actual text and expected text of test object 'Object Repository/Duit Now/duitNowReferenceProxyTypeTxt' are matched.

2022-06-21 15:20:26 - [TEST_STEP][PASSED] - receipientName_2 = getText(findTestObject("Duit Now/duitNowReferenceReceipientNameTxt2", ["recName":recName]), 0): Text of element 'Object Repository/Duit Now/duitNowReferenceReceipientNameTxt2' is: 'CAPTAIN AMERICA'

2022-06-21 15:20:26 - [MESSAGE][WARNING] - Timeout '0' is invalid. Using default page load timeout: '40'

2022-06-21 15:20:26 - [MESSAGE][PASSED] - Text of element 'Object Repository/Duit Now/duitNowReferenceReceipientNameTxt2' is: 'CAPTAIN AMERICA'

2022-06-21 15:20:26 - [TEST_STEP][PASSED] - verifyMatch(receipientName_2, $recName_1||$privName_1, true): Actual text 'CAPTAIN AMERICA' and expected text 'CAPTAIN AMERICA||XXXXXXX XXXXXXX' are matched  using regular expression

2022-06-21 15:20:26 - [MESSAGE][PASSED] - Actual text 'CAPTAIN AMERICA' and expected text 'CAPTAIN AMERICA||XXXXXXX XXXXXXX' are matched  using regular expression

2022-06-21 15:20:26 - [TEST_STEP][PASSED] - verifyElementExist(findTestObject("Duit Now/duitNowReferenceEnterTitleTxt"), 0): Element 'Object Repository/Duit Now/duitNowReferenceEnterTitleTxt' is exist

2022-06-21 15:20:26 - [MESSAGE][WARNING] - Timeout '0' is invalid. Using default page load timeout: '40'

2022-06-21 15:20:27 - [MESSAGE][PASSED] - Element 'Object Repository/Duit Now/duitNowReferenceEnterTitleTxt' is exist

2022-06-21 15:20:27 - [TEST_STEP][PASSED] - setText(findTestObject("Banking/duitNowReferenceInputField"), reference, 0): Text 'DuitNowMobileTransf' has been set to element 'Object Repository/Banking/duitNowReferenceInputField'

2022-06-21 15:20:27 - [MESSAGE][WARNING] - Timeout '0' is invalid. Using default page load timeout: '40'

2022-06-21 15:20:27 - [MESSAGE][PASSED] - Text 'DuitNowMobileTransf' has been set to element 'Object Repository/Banking/duitNowReferenceInputField'

2022-06-21 15:20:27 - [TEST_STEP][PASSED] - hideKeyboard(): Keyboard is hidden

2022-06-21 15:20:29 - [MESSAGE][PASSED] - Keyboard is hidden

2022-06-21 15:20:29 - [TEST_STEP][PASSED] - verifyElementText(findTestObject("Duit Now/duitNowReferenceContentTxt", ["reference":reference]), reference): Actual text and expected text of test object 'Object Repository/Duit Now/duitNowReferenceContentTxt' are matched.

2022-06-21 15:20:29 - [MESSAGE][PASSED] - Actual text and expected text of test object 'Object Repository/Duit Now/duitNowReferenceContentTxt' are matched.

2022-06-21 15:20:29 - [TEST_STEP][PASSED] - tap(findTestObject("Login Onboarding/loginExistingContinueBtn"), 0): Tapped on element 'Object Repository/Login Onboarding/loginExistingContinueBtn'

2022-06-21 15:20:29 - [MESSAGE][WARNING] - Timeout '0' is invalid. Using default page load timeout: '40'

2022-06-21 15:20:29 - [MESSAGE][PASSED] - Tapped on element 'Object Repository/Login Onboarding/loginExistingContinueBtn'

2022-06-21 15:20:29 - [TEST_STEP][PASSED] - delay(3): Delayed 3 second(s)

2022-06-21 15:20:32 - [MESSAGE][PASSED] - Delayed 3 second(s)

2022-06-21 15:20:32 - [TEST_STEP][PASSED] - if (checker == true): Actual text 'CAPTAIN AMERICA' and expected text 'CAPTAIN AMERICA||XXXXXXX XXXXXXX' are matched  using regular expression

2022-06-21 15:20:32 - [TEST_STEP][PASSED] - receipientName_3 = getText(findTestObject("Duit Now/duitNowConfirmationReceipientNameTxt2", ["recName":recName2]), 0): Text of element 'Object Repository/Duit Now/duitNowConfirmationReceipientNameTxt2' is: 'CAPTAIN AMERICA'

2022-06-21 15:20:32 - [MESSAGE][WARNING] - Timeout '0' is invalid. Using default page load timeout: '40'

2022-06-21 15:20:33 - [MESSAGE][PASSED] - Text of element 'Object Repository/Duit Now/duitNowConfirmationReceipientNameTxt2' is: 'CAPTAIN AMERICA'

2022-06-21 15:20:33 - [TEST_STEP][PASSED] - verifyMatch(receipientName_3, $recName_2||$privName_1, true): Actual text 'CAPTAIN AMERICA' and expected text 'CAPTAIN AMERICA||XXXXXXX XXXXXXX' are matched  using regular expression

2022-06-21 15:20:33 - [MESSAGE][PASSED] - Actual text 'CAPTAIN AMERICA' and expected text 'CAPTAIN AMERICA||XXXXXXX XXXXXXX' are matched  using regular expression

2022-06-21 15:20:33 - [TEST_STEP][PASSED] - verifyElementText(findTestObject("Duit Now/duitNowConfirmationReceipientProxyNumTxt", ["proxyNumber":proxyNumber]), proxyNumber): Actual text and expected text of test object 'Object Repository/Duit Now/duitNowConfirmationReceipientProxyNumTxt' are matched.

2022-06-21 15:20:33 - [MESSAGE][PASSED] - Actual text and expected text of test object 'Object Repository/Duit Now/duitNowConfirmationReceipientProxyNumTxt' are matched.

2022-06-21 15:20:33 - [TEST_STEP][PASSED] - verifyElementText(findTestObject("Duit Now/duitNowConfirmationAmountTxt", ["amount":amount]), amount): Actual text and expected text of test object 'Object Repository/Duit Now/duitNowConfirmationAmountTxt' are matched.

2022-06-21 15:20:33 - [MESSAGE][PASSED] - Actual text and expected text of test object 'Object Repository/Duit Now/duitNowConfirmationAmountTxt' are matched.

2022-06-21 15:20:33 - [TEST_STEP][PASSED] - verifyElementExist(findTestObject("Duit Now/duitNowConfirmationDateTitleTxt"), 0): Element 'Object Repository/Duit Now/duitNowConfirmationDateTitleTxt' is exist

2022-06-21 15:20:33 - [MESSAGE][WARNING] - Timeout '0' is invalid. Using default page load timeout: '40'

2022-06-21 15:20:33 - [MESSAGE][PASSED] - Element 'Object Repository/Duit Now/duitNowConfirmationDateTitleTxt' is exist

2022-06-21 15:20:33 - [TEST_STEP][PASSED] - verifyElementExist(findTestObject("Duit Now/duitNowConfirmationIDTypeTitleTxt"), 0): Element 'Object Repository/Duit Now/duitNowConfirmationIDTypeTitleTxt' is exist

2022-06-21 15:20:33 - [MESSAGE][WARNING] - Timeout '0' is invalid. Using default page load timeout: '40'

2022-06-21 15:20:33 - [MESSAGE][PASSED] - Element 'Object Repository/Duit Now/duitNowConfirmationIDTypeTitleTxt' is exist

2022-06-21 15:20:33 - [TEST_STEP][PASSED] - verifyElementExist(findTestObject("Duit Now/duitNowConfirmationTransferTypeTitleTxt"), 0): Element 'Object Repository/Duit Now/duitNowConfirmationTransferTypeTitleTxt' is exist

2022-06-21 15:20:33 - [MESSAGE][WARNING] - Timeout '0' is invalid. Using default page load timeout: '40'

2022-06-21 15:20:34 - [MESSAGE][PASSED] - Element 'Object Repository/Duit Now/duitNowConfirmationTransferTypeTitleTxt' is exist

2022-06-21 15:20:34 - [TEST_STEP][PASSED] - verifyElementExist(findTestObject("Duit Now/duitNowConfirmationPaymentDetailsTitleTxt"), 0): Element 'Object Repository/Duit Now/duitNowConfirmationPaymentDetailsTitleTxt' is exist

2022-06-21 15:20:34 - [MESSAGE][WARNING] - Timeout '0' is invalid. Using default page load timeout: '40'

2022-06-21 15:20:34 - [MESSAGE][PASSED] - Element 'Object Repository/Duit Now/duitNowConfirmationPaymentDetailsTitleTxt' is exist

2022-06-21 15:20:34 - [TEST_STEP][PASSED] - verifyElementExist(findTestObject("Duit Now/duitNowConfirmationReferenceTitleTxt"), 0): Element 'Object Repository/Duit Now/duitNowConfirmationReferenceTitleTxt' is exist

2022-06-21 15:20:34 - [MESSAGE][WARNING] - Timeout '0' is invalid. Using default page load timeout: '40'

2022-06-21 15:20:34 - [MESSAGE][PASSED] - Element 'Object Repository/Duit Now/duitNowConfirmationReferenceTitleTxt' is exist

2022-06-21 15:20:34 - [TEST_STEP][PASSED] - verifyElementExist(findTestObject("Duit Now/duitNowConfirmationServiceFeeTitleTxt"), 0): Element 'Object Repository/Duit Now/duitNowConfirmationServiceFeeTitleTxt' is exist

2022-06-21 15:20:34 - [MESSAGE][WARNING] - Timeout '0' is invalid. Using default page load timeout: '40'

2022-06-21 15:20:34 - [MESSAGE][PASSED] - Element 'Object Repository/Duit Now/duitNowConfirmationServiceFeeTitleTxt' is exist

2022-06-21 15:20:34 - [TEST_STEP][PASSED] - verifyElementText(findTestObject("Duit Now/duitNowConfirmationIDTypeTxt", ["proxy":proxy]), proxy): Actual text and expected text of test object 'Object Repository/Duit Now/duitNowConfirmationIDTypeTxt' are matched.

2022-06-21 15:20:34 - [MESSAGE][PASSED] - Actual text and expected text of test object 'Object Repository/Duit Now/duitNowConfirmationIDTypeTxt' are matched.

2022-06-21 15:20:34 - [TEST_STEP][PASSED] - verifyElementText(findTestObject("Duit Now/duitNowConfirmationReceiveDateTxt"), "Today"): Actual text and expected text of test object 'Object Repository/Duit Now/duitNowConfirmationReceiveDateTxt' are matched.

2022-06-21 15:20:35 - [MESSAGE][PASSED] - Actual text and expected text of test object 'Object Repository/Duit Now/duitNowConfirmationReceiveDateTxt' are matched.

2022-06-21 15:20:35 - [TEST_STEP][PASSED] - verifyElementText(findTestObject("Duit Now/duitNowConfirmationReferenceTxt", ["reference":reference]), reference): Actual text and expected text of test object 'Object Repository/Duit Now/duitNowConfirmationReferenceTxt' are matched.

2022-06-21 15:20:35 - [MESSAGE][PASSED] - Actual text and expected text of test object 'Object Repository/Duit Now/duitNowConfirmationReferenceTxt' are matched.

2022-06-21 15:20:35 - [TEST_STEP][PASSED] - verifyElementText(findTestObject("Duit Now/duitNowConfirmationServiceFeeAmountTxt"), "RM 0.00"): Actual text and expected text of test object 'Object Repository/Duit Now/duitNowConfirmationServiceFeeAmountTxt' are matched.

2022-06-21 15:20:35 - [MESSAGE][PASSED] - Actual text and expected text of test object 'Object Repository/Duit Now/duitNowConfirmationServiceFeeAmountTxt' are matched.

2022-06-21 15:20:35 - [TEST_STEP][PASSED] - tap(findTestObject("Duit Now/duitNowConfirmationPaymentDetailsGreyWordTxt"), 0): Tapped on element 'Object Repository/Duit Now/duitNowConfirmationPaymentDetailsGreyWordTxt'

2022-06-21 15:20:35 - [MESSAGE][WARNING] - Timeout '0' is invalid. Using default page load timeout: '40'

2022-06-21 15:20:35 - [MESSAGE][PASSED] - Tapped on element 'Object Repository/Duit Now/duitNowConfirmationPaymentDetailsGreyWordTxt'

2022-06-21 15:20:35 - [TEST_STEP][PASSED] - setText(findTestObject("Duit Now/duitNowConfirmationPaymentDetailsGreyWordTxt"), details, 0): Text 'Test Mo' has been set to element 'Object Repository/Duit Now/duitNowConfirmationPaymentDetailsGreyWordTxt'

2022-06-21 15:20:35 - [MESSAGE][WARNING] - Timeout '0' is invalid. Using default page load timeout: '40'

2022-06-21 15:20:38 - [MESSAGE][PASSED] - Text 'Test Mo' has been set to element 'Object Repository/Duit Now/duitNowConfirmationPaymentDetailsGreyWordTxt'

2022-06-21 15:20:38 - [TEST_STEP][PASSED] - hideKeyboard(): Keyboard is hidden

2022-06-21 15:20:39 - [MESSAGE][PASSED] - Keyboard is hidden

2022-06-21 15:20:39 - [TEST_STEP][PASSED] - verifyElementText(findTestObject("Duit Now/duitNowConfirmationPaymentDetailsInputtedTxt", ["details":details]), details): Actual text and expected text of test object 'Object Repository/Duit Now/duitNowConfirmationPaymentDetailsInputtedTxt' are matched.

2022-06-21 15:20:39 - [MESSAGE][PASSED] - Actual text and expected text of test object 'Object Repository/Duit Now/duitNowConfirmationPaymentDetailsInputtedTxt' are matched.

2022-06-21 15:20:39 - [TEST_STEP][PASSED] - takeScreenshot("/Users/a00139272/git/MAEAutomation2/Duitnow/1.png"): Screenshot is taken

2022-06-21 15:20:40 - [MESSAGE][PASSED] - Screenshot is taken
[[ATTACHMENT|/Users/a00139272/git/MAEAutomation2/Duitnow/1.png]]

2022-06-21 15:20:40 - [TEST_STEP][PASSED] - device_Height_2 = getDeviceHeight(): Current device physical height is 2167

2022-06-21 15:20:40 - [MESSAGE][PASSED] - Current device physical height is 2167

2022-06-21 15:20:40 - [TEST_STEP][PASSED] - device_Width_2 = getDeviceWidth(): Current device physical width is 1080

2022-06-21 15:20:40 - [MESSAGE][PASSED] - Current device physical width is 1080

2022-06-21 15:20:40 - [TEST_STEP][PASSED] - startX_2 = device_Width_2 / 2: null

2022-06-21 15:20:40 - [TEST_STEP][PASSED] - endX_2 = startX_2: null

2022-06-21 15:20:40 - [TEST_STEP][PASSED] - startY_2 = device_Height_2 * 0.30: null

2022-06-21 15:20:40 - [TEST_STEP][PASSED] - endY_2 = device_Height_2 * 0.70: null

2022-06-21 15:20:40 - [TEST_STEP][PASSED] - swipe(startX_2, endY_2, endX_2, startY_2): Swiped from 540,1,516 to 540,650

2022-06-21 15:20:41 - [MESSAGE][PASSED] - Swiped from 540,1,516 to 540,650

2022-06-21 15:20:41 - [TEST_STEP][PASSED] - verifyElementExist(findTestObject("Transfer/transferConfirmationFTransferFromTitleTxt"), 0): Element 'Object Repository/Transfer/transferConfirmationFTransferFromTitleTxt' is exist

2022-06-21 15:20:41 - [MESSAGE][WARNING] - Timeout '0' is invalid. Using default page load timeout: '40'

2022-06-21 15:20:42 - [MESSAGE][PASSED] - Element 'Object Repository/Transfer/transferConfirmationFTransferFromTitleTxt' is exist

2022-06-21 15:20:42 - [TEST_STEP][PASSED] - verifyElementExist(findTestObject("Duit Now/duitNowConfirmationNoteTitleTxt"), 0): Element 'Object Repository/Duit Now/duitNowConfirmationNoteTitleTxt' is exist

2022-06-21 15:20:42 - [MESSAGE][WARNING] - Timeout '0' is invalid. Using default page load timeout: '40'

2022-06-21 15:20:42 - [MESSAGE][PASSED] - Element 'Object Repository/Duit Now/duitNowConfirmationNoteTitleTxt' is exist

2022-06-21 15:20:42 - [TEST_STEP][PASSED] - verifyElementExist(findTestObject("Duit Now/duitNowConfirmationDeclarationTitleTxt"), 0): Element 'Object Repository/Duit Now/duitNowConfirmationDeclarationTitleTxt' is exist

2022-06-21 15:20:42 - [MESSAGE][WARNING] - Timeout '0' is invalid. Using default page load timeout: '40'

2022-06-21 15:20:42 - [MESSAGE][PASSED] - Element 'Object Repository/Duit Now/duitNowConfirmationDeclarationTitleTxt' is exist

2022-06-21 15:20:42 - [TEST_STEP][PASSED] - verifyElementExist(findTestObject("Duit Now/duitNowConfirmationTnCTitleTxt"), 0): Element 'Object Repository/Duit Now/duitNowConfirmationTnCTitleTxt' is exist

2022-06-21 15:20:42 - [MESSAGE][WARNING] - Timeout '0' is invalid. Using default page load timeout: '40'

2022-06-21 15:20:42 - [MESSAGE][PASSED] - Element 'Object Repository/Duit Now/duitNowConfirmationTnCTitleTxt' is exist

2022-06-21 15:20:42 - [TEST_STEP][PASSED] - verifyElementExist(findTestObject("Duit Now/duitNowConfirmationNoteContentTxt"), 0): Element 'Object Repository/Duit Now/duitNowConfirmationNoteContentTxt' is exist

2022-06-21 15:20:42 - [MESSAGE][WARNING] - Timeout '0' is invalid. Using default page load timeout: '40'

2022-06-21 15:20:43 - [MESSAGE][PASSED] - Element 'Object Repository/Duit Now/duitNowConfirmationNoteContentTxt' is exist

2022-06-21 15:20:43 - [TEST_STEP][PASSED] - verifyElementExist(findTestObject("Duit Now/duitNowConfirmationDeclarationContentTxt"), 0): Element 'Object Repository/Duit Now/duitNowConfirmationDeclarationContentTxt' is exist

2022-06-21 15:20:43 - [MESSAGE][WARNING] - Timeout '0' is invalid. Using default page load timeout: '40'

2022-06-21 15:20:43 - [MESSAGE][PASSED] - Element 'Object Repository/Duit Now/duitNowConfirmationDeclarationContentTxt' is exist

2022-06-21 15:20:43 - [TEST_STEP][PASSED] - verifyElementText(findTestObject("Transfer/transferConfirmationFromAccTypeTxt", ["accType":accType]), accType): Actual text and expected text of test object 'Object Repository/Transfer/transferConfirmationFromAccTypeTxt' are matched.

2022-06-21 15:20:43 - [MESSAGE][PASSED] - Actual text and expected text of test object 'Object Repository/Transfer/transferConfirmationFromAccTypeTxt' are matched.

2022-06-21 15:20:43 - [TEST_STEP][PASSED] - verifyElementText(findTestObject("Transfer/transferConfirmationFromAccNoTxt", ["accNoFrom":accNoFrom]), accNoFrom): Actual text and expected text of test object 'Object Repository/Transfer/transferConfirmationFromAccNoTxt' are matched.

2022-06-21 15:20:43 - [MESSAGE][PASSED] - Actual text and expected text of test object 'Object Repository/Transfer/transferConfirmationFromAccNoTxt' are matched.

2022-06-21 15:20:43 - [TEST_STEP][PASSED] - verifyElementExist(findTestObject("Transfer/transferConfirmationFromAccBalanceTxt"), 0): Element 'Object Repository/Transfer/transferConfirmationFromAccBalanceTxt' is exist

2022-06-21 15:20:43 - [MESSAGE][WARNING] - Timeout '0' is invalid. Using default page load timeout: '40'

2022-06-21 15:20:44 - [MESSAGE][PASSED] - Element 'Object Repository/Transfer/transferConfirmationFromAccBalanceTxt' is exist

2022-06-21 15:20:44 - [TEST_STEP][PASSED] - accountBalance = getText(findTestObject("Transfer/transferConfirmationFromAccBalanceTxt"), 0): Text of element 'Object Repository/Transfer/transferConfirmationFromAccBalanceTxt' is: 'RM 1,379.91'

2022-06-21 15:20:44 - [MESSAGE][WARNING] - Timeout '0' is invalid. Using default page load timeout: '40'

2022-06-21 15:20:44 - [MESSAGE][PASSED] - Text of element 'Object Repository/Transfer/transferConfirmationFromAccBalanceTxt' is: 'RM 1,379.91'

2022-06-21 15:20:44 - [TEST_STEP][PASSED] - println(accountBalance): null

2022-06-21 15:20:44 - [TEST_STEP][PASSED] - tap(findTestObject("Main/mainTransferNowBtn"), 0): Tapped on element 'Object Repository/Main/mainTransferNowBtn'

2022-06-21 15:20:44 - [MESSAGE][WARNING] - Timeout '0' is invalid. Using default page load timeout: '40'

2022-06-21 15:20:44 - [MESSAGE][PASSED] - Tapped on element 'Object Repository/Main/mainTransferNowBtn'

2022-06-21 15:20:44 - [TEST_STEP][FAILED] - if (value <= limit): null

2022-06-21 15:20:44 - [TEST_STEP][PASSED] - if (verifyElementVisible(findTestObject("Festive Season/festiveReturnAngpaoTACNoTxt"), 10, OPTIONAL)): Element 'Object Repository/Festive Season/festiveReturnAngpaoTACNoTxt' not found

2022-06-21 15:20:54 - [MESSAGE][WARNING] - Element 'Object Repository/Festive Season/festiveReturnAngpaoTACNoTxt' not found

2022-06-21 15:20:54 - [TEST_STEP][FAILED] - else: null

2022-06-21 15:20:54 - [TEST_STEP][PASSED] - delay(3): Delayed 3 second(s)

2022-06-21 15:20:57 - [MESSAGE][PASSED] - Delayed 3 second(s)

2022-06-21 15:20:57 - [TEST_STEP][PASSED] - takeScreenshot("/Users/a00139272/git/MAEAutomation2/Duitnow/2.png"): Screenshot is taken

2022-06-21 15:20:58 - [MESSAGE][PASSED] - Screenshot is taken
[[ATTACHMENT|/Users/a00139272/git/MAEAutomation2/Duitnow/2.png]]

2022-06-21 15:20:58 - [TEST_STEP][FAILED] - verifyElementVisible(findTestObject("Main/mainS2UApproveBtn"), 10): Element 'Object Repository/Main/mainS2UApproveBtn' not found

2022-06-21 15:21:08 - [MESSAGE][FAILED] - Element 'Object Repository/Main/mainS2UApproveBtn' not found

2022-06-21 15:21:08 - [TEST_STEP][FAILED] - tap(findTestObject("Main/mainS2UApproveBtn"), 0): Object Object Repository/Main/mainS2UApproveBtn not found

2022-06-21 15:21:08 - [MESSAGE][WARNING] - Timeout '0' is invalid. Using default page load timeout: '40'

2022-06-21 15:21:48 - [MESSAGE][FAILED] - Object Object Repository/Main/mainS2UApproveBtn not found

2022-06-21 15:21:48 - [TEST_STEP][PASSED] - delay(3): Delayed 3 second(s)

2022-06-21 15:21:51 - [MESSAGE][PASSED] - Delayed 3 second(s)

2022-06-21 15:21:51 - [TEST_STEP][PASSED] - verifyElementExist(findTestObject("Festive Season/returnAngpaoStatusMessageTxt"), 0): Element 'Object Repository/Festive Season/returnAngpaoStatusMessageTxt' is exist

2022-06-21 15:21:51 - [MESSAGE][WARNING] - Timeout '0' is invalid. Using default page load timeout: '40'

2022-06-21 15:21:51 - [MESSAGE][PASSED] - Element 'Object Repository/Festive Season/returnAngpaoStatusMessageTxt' is exist

2022-06-21 15:21:51 - [TEST_STEP][PASSED] - takeScreenshot("/Users/a00139272/git/MAEAutomation2/Duitnow/3.png"): Screenshot is taken

2022-06-21 15:21:52 - [MESSAGE][PASSED] - Screenshot is taken
[[ATTACHMENT|/Users/a00139272/git/MAEAutomation2/Duitnow/3.png]]

2022-06-21 15:21:52 - [TEST_STEP][PASSED] - message = getText(findTestObject("Festive Season/returnAngpaoStatusMessageTxt"), 10): Text of element 'Object Repository/Festive Season/returnAngpaoStatusMessageTxt' is: 'Transfer failed'

2022-06-21 15:21:52 - [MESSAGE][PASSED] - Text of element 'Object Repository/Festive Season/returnAngpaoStatusMessageTxt' is: 'Transfer failed'

2022-06-21 15:21:52 - [TEST_STEP][PASSED] - println(message): null

2022-06-21 15:21:52 - [TEST_STEP][PASSED] - takeScreenshot("/Users/a00139272/git/MAEAutomation2/Duitnow/1.png"): Screenshot is taken

2022-06-21 15:21:53 - [MESSAGE][PASSED] - Screenshot is taken
[[ATTACHMENT|/Users/a00139272/git/MAEAutomation2/Duitnow/1.png]]

2022-06-21 15:21:53 - [TEST_STEP][FAILED] - assert message == successTransactionMessage: Test Cases/DuitNow/duitNow_mobileNumberTransaction FAILED.
Reason:
Assertion failed: 

assert message == successTransactionMessage
       |       |  |
       |       |  Transfer successful
       |       false
       Transfer failed

	at duitNow_mobileNumberTransaction.run(duitNow_mobileNumberTransaction:382)
	at com.kms.katalon.core.main.ScriptEngine.run(ScriptEngine.java:194)
	at com.kms.katalon.core.main.ScriptEngine.runScriptAsRawText(ScriptEngine.java:119)
	at com.kms.katalon.core.main.TestCaseExecutor.runScript(TestCaseExecutor.java:445)
	at com.kms.katalon.core.main.TestCaseExecutor.doExecute(TestCaseExecutor.java:436)
	at com.kms.katalon.core.main.TestCaseExecutor.processExecutionPhase(TestCaseExecutor.java:415)
	at com.kms.katalon.core.main.TestCaseExecutor.accessMainPhase(TestCaseExecutor.java:407)
	at com.kms.katalon.core.main.TestCaseExecutor.execute(TestCaseExecutor.java:284)
	at com.kms.katalon.core.common.CommonExecutor.accessTestCaseMainPhase(CommonExecutor.java:65)
	at com.kms.katalon.core.main.TestSuiteExecutor.accessTestSuiteMainPhase(TestSuiteExecutor.java:144)
	at com.kms.katalon.core.main.TestSuiteExecutor.execute(TestSuiteExecutor.java:106)
	at com.kms.katalon.core.main.TestCaseMain.startTestSuite(TestCaseMain.java:185)
	at com.kms.katalon.core.main.TestCaseMain$startTestSuite$0.call(Unknown Source)
	at TempTestSuite1655794262003.run(TempTestSuite1655794262003.groovy:36)


2022-06-21 15:21:53 - [MESSAGE][FAILED] - Test Cases/DuitNow/duitNow_mobileNumberTransaction FAILED.
Reason:
Assertion failed: 

assert message == successTransactionMessage
       |       |  |
       |       |  Transfer successful
       |       false
       Transfer failed

	at duitNow_mobileNumberTransaction.run(duitNow_mobileNumberTransaction:382)
	at com.kms.katalon.core.main.ScriptEngine.run(ScriptEngine.java:194)
	at com.kms.katalon.core.main.ScriptEngine.runScriptAsRawText(ScriptEngine.java:119)
	at com.kms.katalon.core.main.TestCaseExecutor.runScript(TestCaseExecutor.java:445)
	at com.kms.katalon.core.main.TestCaseExecutor.doExecute(TestCaseExecutor.java:436)
	at com.kms.katalon.core.main.TestCaseExecutor.processExecutionPhase(TestCaseExecutor.java:415)
	at com.kms.katalon.core.main.TestCaseExecutor.accessMainPhase(TestCaseExecutor.java:407)
	at com.kms.katalon.core.main.TestCaseExecutor.execute(TestCaseExecutor.java:284)
	at com.kms.katalon.core.common.CommonExecutor.accessTestCaseMainPhase(CommonExecutor.java:65)
	at com.kms.katalon.core.main.TestSuiteExecutor.accessTestSuiteMainPhase(TestSuiteExecutor.java:144)
	at com.kms.katalon.core.main.TestSuiteExecutor.execute(TestSuiteExecutor.java:106)
	at com.kms.katalon.core.main.TestCaseMain.startTestSuite(TestCaseMain.java:185)
	at com.kms.katalon.core.main.TestCaseMain$startTestSuite$0.call(Unknown Source)
	at TempTestSuite1655794262003.run(TempTestSuite1655794262003.groovy:36)]]></system-out>
         <system-err><![CDATA[2022-06-21 15:16:51 - [TEST_CASE][FAILED] - Test Cases/DuitNow/duitNow_mobileNumberTransaction: Test Cases/DuitNow/duitNow_mobileNumberTransaction FAILED.
Reason:
com.kms.katalon.core.exception.StepFailedException: Element 'Object Repository/Main/mainS2UApproveBtn' not found
	at com.kms.katalon.core.keyword.internal.KeywordMain.stepFailed(KeywordMain.groovy:39)
	at com.kms.katalon.core.mobile.keyword.internal.MobileKeywordMain.stepFailed(MobileKeywordMain.groovy:40)
	at com.kms.katalon.core.mobile.keyword.builtin.VerifyElementVisibleKeyword$_verifyElementVisible_closure1.doCall(VerifyElementVisibleKeyword.groovy:82)
	at com.kms.katalon.core.mobile.keyword.builtin.VerifyElementVisibleKeyword$_verifyElementVisible_closure1.call(VerifyElementVisibleKeyword.groovy)
	at com.kms.katalon.core.mobile.keyword.internal.MobileKeywordMain.runKeyword(MobileKeywordMain.groovy:21)
	at com.kms.katalon.core.mobile.keyword.builtin.VerifyElementVisibleKeyword.verifyElementVisible(VerifyElementVisibleKeyword.groovy:85)
	at com.kms.katalon.core.mobile.keyword.builtin.VerifyElementVisibleKeyword.execute(VerifyElementVisibleKeyword.groovy:64)
	at com.kms.katalon.core.keyword.internal.KeywordExecutor.executeKeywordForPlatform(KeywordExecutor.groovy:74)
	at com.kms.katalon.core.mobile.keyword.MobileBuiltInKeywords.verifyElementVisible(MobileBuiltInKeywords.groovy:2031)
	at com.kms.katalon.core.mobile.keyword.MobileBuiltInKeywords$verifyElementVisible$5.call(Unknown Source)
	at duitNow_mobileNumberTransaction.run(duitNow_mobileNumberTransaction:364)
	at com.kms.katalon.core.main.ScriptEngine.run(ScriptEngine.java:194)
	at com.kms.katalon.core.main.ScriptEngine.runScriptAsRawText(ScriptEngine.java:119)
	at com.kms.katalon.core.main.TestCaseExecutor.runScript(TestCaseExecutor.java:445)
	at com.kms.katalon.core.main.TestCaseExecutor.doExecute(TestCaseExecutor.java:436)
	at com.kms.katalon.core.main.TestCaseExecutor.processExecutionPhase(TestCaseExecutor.java:415)
	at com.kms.katalon.core.main.TestCaseExecutor.accessMainPhase(TestCaseExecutor.java:407)
	at com.kms.katalon.core.main.TestCaseExecutor.execute(TestCaseExecutor.java:284)
	at com.kms.katalon.core.common.CommonExecutor.accessTestCaseMainPhase(CommonExecutor.java:65)
	at com.kms.katalon.core.main.TestSuiteExecutor.accessTestSuiteMainPhase(TestSuiteExecutor.java:144)
	at com.kms.katalon.core.main.TestSuiteExecutor.execute(TestSuiteExecutor.java:106)
	at com.kms.katalon.core.main.TestCaseMain.startTestSuite(TestCaseMain.java:185)
	at com.kms.katalon.core.main.TestCaseMain$startTestSuite$0.call(Unknown Source)
	at TempTestSuite1655794262003.run(TempTestSuite1655794262003.groovy:36)]]></system-err>
      </testcase>
      <testcase name="Test Cases/DuitNow/duitNow_businessRegNumberTransaction" time="287.578" classname="Test Cases/DuitNow/duitNow_businessRegNumberTransaction" status="PASSED">
         <system-out><![CDATA[2022-06-21 15:21:53 - [TEST_CASE][PASSED] - Test Cases/DuitNow/duitNow_businessRegNumberTransaction: Test Cases/DuitNow/duitNow_businessRegNumberTransaction

2022-06-21 15:21:53 - [TEST_STEP][PASSED] - delay(5): Delayed 5 second(s)

2022-06-21 15:21:58 - [MESSAGE][PASSED] - Delayed 5 second(s)

2022-06-21 15:21:58 - [TEST_STEP][PASSED] - device_Height = getDeviceHeight(): Current device physical height is 2167

2022-06-21 15:21:58 - [MESSAGE][PASSED] - Current device physical height is 2167

2022-06-21 15:21:58 - [TEST_STEP][PASSED] - device_Width = getDeviceWidth(): Current device physical width is 1080

2022-06-21 15:21:58 - [MESSAGE][PASSED] - Current device physical width is 1080

2022-06-21 15:21:58 - [TEST_STEP][PASSED] - startX = device_Width / 3: null

2022-06-21 15:21:58 - [TEST_STEP][PASSED] - startY = device_Height * 0.97: null

2022-06-21 15:21:58 - [TEST_STEP][PASSED] - delay(3): Delayed 3 second(s)

2022-06-21 15:22:01 - [MESSAGE][PASSED] - Delayed 3 second(s)

2022-06-21 15:22:01 - [TEST_STEP][PASSED] - verifyElementVisible(findTestObject("Banking/m2uAccountTransferIconSelect"), 10): Element 'Object Repository/Banking/m2uAccountTransferIconSelect' is visible

2022-06-21 15:22:02 - [MESSAGE][PASSED] - Element 'Object Repository/Banking/m2uAccountTransferIconSelect' is visible

2022-06-21 15:22:02 - [TEST_STEP][PASSED] - tap(findTestObject("Banking/m2uAccountTransferIconSelect"), 0): Tapped on element 'Object Repository/Banking/m2uAccountTransferIconSelect'

2022-06-21 15:22:02 - [MESSAGE][WARNING] - Timeout '0' is invalid. Using default page load timeout: '40'

2022-06-21 15:22:02 - [MESSAGE][PASSED] - Tapped on element 'Object Repository/Banking/m2uAccountTransferIconSelect'

2022-06-21 15:22:02 - [TEST_STEP][PASSED] - verifyElementVisible(findTestObject("Banking/transferDuitNowTopMenuSelect"), 5): Element 'Object Repository/Banking/transferDuitNowTopMenuSelect' is visible

2022-06-21 15:22:53 - [MESSAGE][PASSED] - Element 'Object Repository/Banking/transferDuitNowTopMenuSelect' is visible

2022-06-21 15:22:53 - [TEST_STEP][PASSED] - tap(findTestObject("Banking/transferDuitNowTopMenuSelect"), 0): Tapped on element 'Object Repository/Banking/transferDuitNowTopMenuSelect'

2022-06-21 15:22:53 - [MESSAGE][WARNING] - Timeout '0' is invalid. Using default page load timeout: '40'

2022-06-21 15:23:54 - [MESSAGE][PASSED] - Tapped on element 'Object Repository/Banking/transferDuitNowTopMenuSelect'

2022-06-21 15:23:54 - [TEST_STEP][PASSED] - delay(3): Delayed 3 second(s)

2022-06-21 15:23:57 - [MESSAGE][PASSED] - Delayed 3 second(s)

2022-06-21 15:23:57 - [TEST_STEP][PASSED] - tap(findTestObject("Banking/duitNowOtherIconSelect"), 0): Tapped on element 'Object Repository/Banking/duitNowOtherIconSelect'

2022-06-21 15:23:57 - [MESSAGE][WARNING] - Timeout '0' is invalid. Using default page load timeout: '40'

2022-06-21 15:24:49 - [MESSAGE][PASSED] - Tapped on element 'Object Repository/Banking/duitNowOtherIconSelect'

2022-06-21 15:24:49 - [TEST_STEP][PASSED] - delay(5): Delayed 5 second(s)

2022-06-21 15:24:54 - [MESSAGE][PASSED] - Delayed 5 second(s)

2022-06-21 15:24:54 - [TEST_STEP][PASSED] - verifyElementExist(findTestObject("Banking/duitNowIDTypeDropdownSelect"), 0): Element 'Object Repository/Banking/duitNowIDTypeDropdownSelect' is exist

2022-06-21 15:24:54 - [MESSAGE][WARNING] - Timeout '0' is invalid. Using default page load timeout: '40'

2022-06-21 15:24:54 - [MESSAGE][PASSED] - Element 'Object Repository/Banking/duitNowIDTypeDropdownSelect' is exist

2022-06-21 15:24:54 - [TEST_STEP][PASSED] - tap(findTestObject("Banking/duitNowIDTypeDropdownSelect"), 0): Tapped on element 'Object Repository/Banking/duitNowIDTypeDropdownSelect'

2022-06-21 15:24:54 - [MESSAGE][WARNING] - Timeout '0' is invalid. Using default page load timeout: '40'

2022-06-21 15:24:55 - [MESSAGE][PASSED] - Tapped on element 'Object Repository/Banking/duitNowIDTypeDropdownSelect'

2022-06-21 15:24:55 - [TEST_STEP][PASSED] - if (proxyType): Scrolling to text 'Business Registration Number' successfully

2022-06-21 15:24:55 - [TEST_STEP][PASSED] - delay(3): Delayed 3 second(s)

2022-06-21 15:24:58 - [MESSAGE][PASSED] - Delayed 3 second(s)

2022-06-21 15:24:58 - [TEST_STEP][PASSED] - scrollToText(proxyType): Scrolling to text 'Business Registration Number' successfully

2022-06-21 15:25:01 - [MESSAGE][PASSED] - Scrolling to text 'Business Registration Number' successfully

2022-06-21 15:25:01 - [TEST_STEP][PASSED] - verifyElementExist(findTestObject("Banking/duitNowBusinessRegIDTypeDropdown", ["proxy":proxyType]), 0): Element 'Object Repository/Banking/duitNowBusinessRegIDTypeDropdown' is exist

2022-06-21 15:25:01 - [MESSAGE][WARNING] - Timeout '0' is invalid. Using default page load timeout: '40'

2022-06-21 15:25:02 - [MESSAGE][PASSED] - Element 'Object Repository/Banking/duitNowBusinessRegIDTypeDropdown' is exist

2022-06-21 15:25:02 - [TEST_STEP][PASSED] - tap(findTestObject("Banking/duitNowBusinessRegIDTypeDropdown", ["proxy":proxyType]), 0): Tapped on element 'Object Repository/Banking/duitNowBusinessRegIDTypeDropdown'

2022-06-21 15:25:02 - [MESSAGE][WARNING] - Timeout '0' is invalid. Using default page load timeout: '40'

2022-06-21 15:25:02 - [MESSAGE][PASSED] - Tapped on element 'Object Repository/Banking/duitNowBusinessRegIDTypeDropdown'

2022-06-21 15:25:02 - [TEST_STEP][PASSED] - tap(findTestObject("Main/mainCalenderPickerDoneBtn"), 0): Tapped on element 'Object Repository/Main/mainCalenderPickerDoneBtn'

2022-06-21 15:25:02 - [MESSAGE][WARNING] - Timeout '0' is invalid. Using default page load timeout: '40'

2022-06-21 15:25:02 - [MESSAGE][PASSED] - Tapped on element 'Object Repository/Main/mainCalenderPickerDoneBtn'

2022-06-21 15:25:02 - [TEST_STEP][PASSED] - delay(3): Delayed 3 second(s)

2022-06-21 15:25:05 - [MESSAGE][PASSED] - Delayed 3 second(s)

2022-06-21 15:25:05 - [TEST_STEP][PASSED] - verifyElementExist(findTestObject("Banking/duitNowBusinessRegNoInputField", ["proxyPlaceholder":proxyPlaceholder]), 0): Element 'Object Repository/Banking/duitNowBusinessRegNoInputField' is exist

2022-06-21 15:25:05 - [MESSAGE][WARNING] - Timeout '0' is invalid. Using default page load timeout: '40'

2022-06-21 15:25:05 - [MESSAGE][PASSED] - Element 'Object Repository/Banking/duitNowBusinessRegNoInputField' is exist

2022-06-21 15:25:05 - [TEST_STEP][PASSED] - setText(findTestObject("Banking/duitNowBusinessRegNoInputField", ["proxyPlaceholder":proxyPlaceholder]), proxyNumber, 0): Text 'aa9876543a' has been set to element 'Object Repository/Banking/duitNowBusinessRegNoInputField'

2022-06-21 15:25:05 - [MESSAGE][WARNING] - Timeout '0' is invalid. Using default page load timeout: '40'

2022-06-21 15:25:06 - [MESSAGE][PASSED] - Text 'aa9876543a' has been set to element 'Object Repository/Banking/duitNowBusinessRegNoInputField'

2022-06-21 15:25:06 - [TEST_STEP][PASSED] - hideKeyboard(): Keyboard is hidden

2022-06-21 15:25:08 - [MESSAGE][PASSED] - Keyboard is hidden

2022-06-21 15:25:08 - [TEST_STEP][PASSED] - if (proxy == "Passport Number"): null

2022-06-21 15:25:08 - [TEST_STEP][PASSED] - tap(findTestObject("Login Onboarding/loginExistingContinueBtn"), 0): Tapped on element 'Object Repository/Login Onboarding/loginExistingContinueBtn'

2022-06-21 15:25:08 - [MESSAGE][WARNING] - Timeout '0' is invalid. Using default page load timeout: '40'

2022-06-21 15:25:08 - [MESSAGE][PASSED] - Tapped on element 'Object Repository/Login Onboarding/loginExistingContinueBtn'

2022-06-21 15:25:08 - [TEST_STEP][PASSED] - delay(3): Delayed 3 second(s)

2022-06-21 15:25:11 - [MESSAGE][PASSED] - Delayed 3 second(s)

2022-06-21 15:25:11 - [TEST_STEP][PASSED] - verifyElementText(findTestObject("Duit Now/duitNowAmountProxyNumberTxt", ["proxyNumber":proxyNumber]), proxyNumber): Actual text and expected text of test object 'Object Repository/Duit Now/duitNowAmountProxyNumberTxt' are matched.

2022-06-21 15:25:12 - [MESSAGE][PASSED] - Actual text and expected text of test object 'Object Repository/Duit Now/duitNowAmountProxyNumberTxt' are matched.

2022-06-21 15:25:12 - [TEST_STEP][PASSED] - verifyElementText(findTestObject("Duit Now/duitNowAmountReceipientNameTxt", ["recName":recName]), recName): Actual text and expected text of test object 'Object Repository/Duit Now/duitNowAmountReceipientNameTxt' are matched.

2022-06-21 15:25:12 - [MESSAGE][PASSED] - Actual text and expected text of test object 'Object Repository/Duit Now/duitNowAmountReceipientNameTxt' are matched.

2022-06-21 15:25:12 - [TEST_STEP][PASSED] - verifyElementText(findTestObject("Duit Now/duitNowAmountProxyTypeTxt", ["proxyType":proxyType]), proxyType): Actual text and expected text of test object 'Object Repository/Duit Now/duitNowAmountProxyTypeTxt' are matched.

2022-06-21 15:25:12 - [MESSAGE][PASSED] - Actual text and expected text of test object 'Object Repository/Duit Now/duitNowAmountProxyTypeTxt' are matched.

2022-06-21 15:25:12 - [TEST_STEP][PASSED] - verifyElementExist(findTestObject("Duit Now/duitNowAmountCurrencyTypeTxt"), 0): Element 'Object Repository/Duit Now/duitNowAmountCurrencyTypeTxt' is exist

2022-06-21 15:25:12 - [MESSAGE][WARNING] - Timeout '0' is invalid. Using default page load timeout: '40'

2022-06-21 15:25:12 - [MESSAGE][PASSED] - Element 'Object Repository/Duit Now/duitNowAmountCurrencyTypeTxt' is exist

2022-06-21 15:25:12 - [TEST_STEP][PASSED] - verifyElementExist(findTestObject("Duit Now/duitNowAmountEnterAmountTitleTxt"), 0): Element 'Object Repository/Duit Now/duitNowAmountEnterAmountTitleTxt' is exist

2022-06-21 15:25:12 - [MESSAGE][WARNING] - Timeout '0' is invalid. Using default page load timeout: '40'

2022-06-21 15:25:13 - [MESSAGE][PASSED] - Element 'Object Repository/Duit Now/duitNowAmountEnterAmountTitleTxt' is exist

2022-06-21 15:25:13 - [TEST_STEP][PASSED] - verifyElementExist(findTestObject("Duit Now/duitNowAmountInitialValueTxt"), 0): Element 'Object Repository/Duit Now/duitNowAmountInitialValueTxt' is exist

2022-06-21 15:25:13 - [MESSAGE][WARNING] - Timeout '0' is invalid. Using default page load timeout: '40'

2022-06-21 15:25:13 - [MESSAGE][PASSED] - Element 'Object Repository/Duit Now/duitNowAmountInitialValueTxt' is exist

2022-06-21 15:25:13 - [TEST_STEP][PASSED] - tap(findTestObject("Login Onboarding/PIN4"), 0): Tapped on element 'Object Repository/Login Onboarding/PIN4'

2022-06-21 15:25:13 - [MESSAGE][WARNING] - Timeout '0' is invalid. Using default page load timeout: '40'

2022-06-21 15:25:13 - [MESSAGE][PASSED] - Tapped on element 'Object Repository/Login Onboarding/PIN4'

2022-06-21 15:25:13 - [TEST_STEP][PASSED] - delay(5): Delayed 5 second(s)

2022-06-21 15:25:18 - [MESSAGE][PASSED] - Delayed 5 second(s)

2022-06-21 15:25:18 - [TEST_STEP][PASSED] - verifyElementText(findTestObject("Duit Now/duitNowAmountValueTxt", ["value":"0.04"]), "0.04"): Actual text and expected text of test object 'Object Repository/Duit Now/duitNowAmountValueTxt' are matched.

2022-06-21 15:25:19 - [MESSAGE][PASSED] - Actual text and expected text of test object 'Object Repository/Duit Now/duitNowAmountValueTxt' are matched.

2022-06-21 15:25:19 - [TEST_STEP][PASSED] - verifyElementVisible(findTestObject("Login Onboarding/loginPinTickBtn"), 5): Element 'Object Repository/Login Onboarding/loginPinTickBtn' is visible

2022-06-21 15:25:19 - [MESSAGE][PASSED] - Element 'Object Repository/Login Onboarding/loginPinTickBtn' is visible

2022-06-21 15:25:19 - [TEST_STEP][PASSED] - tap(findTestObject("Login Onboarding/loginPinTickBtn"), 0): Tapped on element 'Object Repository/Login Onboarding/loginPinTickBtn'

2022-06-21 15:25:19 - [MESSAGE][WARNING] - Timeout '0' is invalid. Using default page load timeout: '40'

2022-06-21 15:25:19 - [MESSAGE][PASSED] - Tapped on element 'Object Repository/Login Onboarding/loginPinTickBtn'

2022-06-21 15:25:19 - [TEST_STEP][PASSED] - delay(3): Delayed 3 second(s)

2022-06-21 15:25:22 - [MESSAGE][PASSED] - Delayed 3 second(s)

2022-06-21 15:25:22 - [TEST_STEP][PASSED] - verifyElementText(findTestObject("Duit Now/duitNowReferenceProxyNumberTxt", ["proxyNumber":proxyNumber]), proxyNumber): Actual text and expected text of test object 'Object Repository/Duit Now/duitNowReferenceProxyNumberTxt' are matched.

2022-06-21 15:25:22 - [MESSAGE][PASSED] - Actual text and expected text of test object 'Object Repository/Duit Now/duitNowReferenceProxyNumberTxt' are matched.

2022-06-21 15:25:22 - [TEST_STEP][PASSED] - verifyElementText(findTestObject("Duit Now/duitNowReferenceProxyTypeTxt", ["proxyType":proxyType]), proxyType): Actual text and expected text of test object 'Object Repository/Duit Now/duitNowReferenceProxyTypeTxt' are matched.

2022-06-21 15:25:22 - [MESSAGE][PASSED] - Actual text and expected text of test object 'Object Repository/Duit Now/duitNowReferenceProxyTypeTxt' are matched.

2022-06-21 15:25:22 - [TEST_STEP][PASSED] - verifyElementText(findTestObject("Duit Now/duitNowReferenceReceipientNameTxt", ["recName":recName]), recName): Actual text and expected text of test object 'Object Repository/Duit Now/duitNowReferenceReceipientNameTxt' are matched.

2022-06-21 15:25:22 - [MESSAGE][PASSED] - Actual text and expected text of test object 'Object Repository/Duit Now/duitNowReferenceReceipientNameTxt' are matched.

2022-06-21 15:25:22 - [TEST_STEP][PASSED] - verifyElementExist(findTestObject("Duit Now/duitNowReferenceEnterTitleTxt"), 0): Element 'Object Repository/Duit Now/duitNowReferenceEnterTitleTxt' is exist

2022-06-21 15:25:22 - [MESSAGE][WARNING] - Timeout '0' is invalid. Using default page load timeout: '40'

2022-06-21 15:25:23 - [MESSAGE][PASSED] - Element 'Object Repository/Duit Now/duitNowReferenceEnterTitleTxt' is exist

2022-06-21 15:25:23 - [TEST_STEP][PASSED] - setText(findTestObject("Banking/duitNowReferenceInputField"), reference, 0): Text 'DuitNowBRegTransfer' has been set to element 'Object Repository/Banking/duitNowReferenceInputField'

2022-06-21 15:25:23 - [MESSAGE][WARNING] - Timeout '0' is invalid. Using default page load timeout: '40'

2022-06-21 15:25:24 - [MESSAGE][PASSED] - Text 'DuitNowBRegTransfer' has been set to element 'Object Repository/Banking/duitNowReferenceInputField'

2022-06-21 15:25:24 - [TEST_STEP][PASSED] - hideKeyboard(): Keyboard is hidden

2022-06-21 15:25:25 - [MESSAGE][PASSED] - Keyboard is hidden

2022-06-21 15:25:25 - [TEST_STEP][PASSED] - verifyElementText(findTestObject("Duit Now/duitNowReferenceContentTxt", ["reference":reference]), reference): Actual text and expected text of test object 'Object Repository/Duit Now/duitNowReferenceContentTxt' are matched.

2022-06-21 15:25:25 - [MESSAGE][PASSED] - Actual text and expected text of test object 'Object Repository/Duit Now/duitNowReferenceContentTxt' are matched.

2022-06-21 15:25:25 - [TEST_STEP][PASSED] - tap(findTestObject("Login Onboarding/loginExistingContinueBtn"), 0): Tapped on element 'Object Repository/Login Onboarding/loginExistingContinueBtn'

2022-06-21 15:25:25 - [MESSAGE][WARNING] - Timeout '0' is invalid. Using default page load timeout: '40'

2022-06-21 15:25:25 - [MESSAGE][PASSED] - Tapped on element 'Object Repository/Login Onboarding/loginExistingContinueBtn'

2022-06-21 15:25:25 - [TEST_STEP][PASSED] - verifyElementText(findTestObject("Duit Now/duitNowConfirmationReceipientNameTxt", ["recName":recName]), recName): Actual text and expected text of test object 'Object Repository/Duit Now/duitNowConfirmationReceipientNameTxt' are matched.

2022-06-21 15:25:26 - [MESSAGE][PASSED] - Actual text and expected text of test object 'Object Repository/Duit Now/duitNowConfirmationReceipientNameTxt' are matched.

2022-06-21 15:25:26 - [TEST_STEP][PASSED] - verifyElementText(findTestObject("Duit Now/duitNowConfirmationReceipientProxyNumTxt", ["proxyNumber":proxyNumber]), proxyNumber): Actual text and expected text of test object 'Object Repository/Duit Now/duitNowConfirmationReceipientProxyNumTxt' are matched.

2022-06-21 15:25:26 - [MESSAGE][PASSED] - Actual text and expected text of test object 'Object Repository/Duit Now/duitNowConfirmationReceipientProxyNumTxt' are matched.

2022-06-21 15:25:26 - [TEST_STEP][PASSED] - verifyElementText(findTestObject("Duit Now/duitNowConfirmationAmountTxt", ["amount":"RM 0.04"]), "RM 0.04"): Actual text and expected text of test object 'Object Repository/Duit Now/duitNowConfirmationAmountTxt' are matched.

2022-06-21 15:25:28 - [MESSAGE][PASSED] - Actual text and expected text of test object 'Object Repository/Duit Now/duitNowConfirmationAmountTxt' are matched.

2022-06-21 15:25:28 - [TEST_STEP][PASSED] - verifyElementExist(findTestObject("Duit Now/duitNowConfirmationDateTitleTxt"), 0): Element 'Object Repository/Duit Now/duitNowConfirmationDateTitleTxt' is exist

2022-06-21 15:25:28 - [MESSAGE][WARNING] - Timeout '0' is invalid. Using default page load timeout: '40'

2022-06-21 15:25:29 - [MESSAGE][PASSED] - Element 'Object Repository/Duit Now/duitNowConfirmationDateTitleTxt' is exist

2022-06-21 15:25:29 - [TEST_STEP][PASSED] - verifyElementExist(findTestObject("Duit Now/duitNowConfirmationIDTypeTitleTxt"), 0): Element 'Object Repository/Duit Now/duitNowConfirmationIDTypeTitleTxt' is exist

2022-06-21 15:25:29 - [MESSAGE][WARNING] - Timeout '0' is invalid. Using default page load timeout: '40'

2022-06-21 15:25:29 - [MESSAGE][PASSED] - Element 'Object Repository/Duit Now/duitNowConfirmationIDTypeTitleTxt' is exist

2022-06-21 15:25:29 - [TEST_STEP][PASSED] - verifyElementExist(findTestObject("Duit Now/duitNowConfirmationTransferTypeTitleTxt"), 0): Element 'Object Repository/Duit Now/duitNowConfirmationTransferTypeTitleTxt' is exist

2022-06-21 15:25:29 - [MESSAGE][WARNING] - Timeout '0' is invalid. Using default page load timeout: '40'

2022-06-21 15:25:29 - [MESSAGE][PASSED] - Element 'Object Repository/Duit Now/duitNowConfirmationTransferTypeTitleTxt' is exist

2022-06-21 15:25:29 - [TEST_STEP][PASSED] - verifyElementExist(findTestObject("Duit Now/duitNowConfirmationPaymentDetailsTitleTxt"), 0): Element 'Object Repository/Duit Now/duitNowConfirmationPaymentDetailsTitleTxt' is exist

2022-06-21 15:25:29 - [MESSAGE][WARNING] - Timeout '0' is invalid. Using default page load timeout: '40'

2022-06-21 15:25:29 - [MESSAGE][PASSED] - Element 'Object Repository/Duit Now/duitNowConfirmationPaymentDetailsTitleTxt' is exist

2022-06-21 15:25:29 - [TEST_STEP][PASSED] - verifyElementExist(findTestObject("Duit Now/duitNowConfirmationReferenceTitleTxt"), 0): Element 'Object Repository/Duit Now/duitNowConfirmationReferenceTitleTxt' is exist

2022-06-21 15:25:29 - [MESSAGE][WARNING] - Timeout '0' is invalid. Using default page load timeout: '40'

2022-06-21 15:25:30 - [MESSAGE][PASSED] - Element 'Object Repository/Duit Now/duitNowConfirmationReferenceTitleTxt' is exist

2022-06-21 15:25:30 - [TEST_STEP][PASSED] - verifyElementExist(findTestObject("Duit Now/duitNowConfirmationServiceFeeTitleTxt"), 0): Element 'Object Repository/Duit Now/duitNowConfirmationServiceFeeTitleTxt' is exist

2022-06-21 15:25:30 - [MESSAGE][WARNING] - Timeout '0' is invalid. Using default page load timeout: '40'

2022-06-21 15:25:30 - [MESSAGE][PASSED] - Element 'Object Repository/Duit Now/duitNowConfirmationServiceFeeTitleTxt' is exist

2022-06-21 15:25:30 - [TEST_STEP][PASSED] - verifyElementText(findTestObject("Duit Now/duitNowConfirmationIDTypeTxt", ["proxy":proxy]), proxy): Actual text and expected text of test object 'Object Repository/Duit Now/duitNowConfirmationIDTypeTxt' are matched.

2022-06-21 15:25:30 - [MESSAGE][PASSED] - Actual text and expected text of test object 'Object Repository/Duit Now/duitNowConfirmationIDTypeTxt' are matched.

2022-06-21 15:25:30 - [TEST_STEP][PASSED] - verifyElementText(findTestObject("Duit Now/duitNowConfirmationReceiveDateTxt"), "Today"): Actual text and expected text of test object 'Object Repository/Duit Now/duitNowConfirmationReceiveDateTxt' are matched.

2022-06-21 15:25:30 - [MESSAGE][PASSED] - Actual text and expected text of test object 'Object Repository/Duit Now/duitNowConfirmationReceiveDateTxt' are matched.

2022-06-21 15:25:30 - [TEST_STEP][PASSED] - verifyElementText(findTestObject("Duit Now/duitNowConfirmationReferenceTxt", ["reference":reference]), reference): Actual text and expected text of test object 'Object Repository/Duit Now/duitNowConfirmationReferenceTxt' are matched.

2022-06-21 15:25:30 - [MESSAGE][PASSED] - Actual text and expected text of test object 'Object Repository/Duit Now/duitNowConfirmationReferenceTxt' are matched.

2022-06-21 15:25:30 - [TEST_STEP][PASSED] - verifyElementText(findTestObject("Duit Now/duitNowConfirmationServiceFeeAmountTxt"), "RM 0.00"): Actual text and expected text of test object 'Object Repository/Duit Now/duitNowConfirmationServiceFeeAmountTxt' are matched.

2022-06-21 15:25:31 - [MESSAGE][PASSED] - Actual text and expected text of test object 'Object Repository/Duit Now/duitNowConfirmationServiceFeeAmountTxt' are matched.

2022-06-21 15:25:31 - [TEST_STEP][PASSED] - tap(findTestObject("Duit Now/duitNowConfirmationPaymentDetailsGreyWordTxt"), 0): Tapped on element 'Object Repository/Duit Now/duitNowConfirmationPaymentDetailsGreyWordTxt'

2022-06-21 15:25:31 - [MESSAGE][WARNING] - Timeout '0' is invalid. Using default page load timeout: '40'

2022-06-21 15:25:31 - [MESSAGE][PASSED] - Tapped on element 'Object Repository/Duit Now/duitNowConfirmationPaymentDetailsGreyWordTxt'

2022-06-21 15:25:31 - [TEST_STEP][PASSED] - setText(findTestObject("Duit Now/duitNowConfirmationPaymentDetailsGreyWordTxt"), details, 0): Text 'Test B Reg' has been set to element 'Object Repository/Duit Now/duitNowConfirmationPaymentDetailsGreyWordTxt'

2022-06-21 15:25:31 - [MESSAGE][WARNING] - Timeout '0' is invalid. Using default page load timeout: '40'

2022-06-21 15:25:33 - [MESSAGE][PASSED] - Text 'Test B Reg' has been set to element 'Object Repository/Duit Now/duitNowConfirmationPaymentDetailsGreyWordTxt'

2022-06-21 15:25:33 - [TEST_STEP][PASSED] - hideKeyboard(): Keyboard is hidden

2022-06-21 15:25:35 - [MESSAGE][PASSED] - Keyboard is hidden

2022-06-21 15:25:35 - [TEST_STEP][PASSED] - verifyElementText(findTestObject("Duit Now/duitNowConfirmationPaymentDetailsInputtedTxt", ["details":details]), details): Actual text and expected text of test object 'Object Repository/Duit Now/duitNowConfirmationPaymentDetailsInputtedTxt' are matched.

2022-06-21 15:25:35 - [MESSAGE][PASSED] - Actual text and expected text of test object 'Object Repository/Duit Now/duitNowConfirmationPaymentDetailsInputtedTxt' are matched.

2022-06-21 15:25:35 - [TEST_STEP][PASSED] - device_Height_2 = getDeviceHeight(): Current device physical height is 2167

2022-06-21 15:25:35 - [MESSAGE][PASSED] - Current device physical height is 2167

2022-06-21 15:25:35 - [TEST_STEP][PASSED] - device_Width_2 = getDeviceWidth(): Current device physical width is 1080

2022-06-21 15:25:35 - [MESSAGE][PASSED] - Current device physical width is 1080

2022-06-21 15:25:35 - [TEST_STEP][PASSED] - startX_2 = device_Width_2 / 2: null

2022-06-21 15:25:35 - [TEST_STEP][PASSED] - endX_2 = startX_2: null

2022-06-21 15:25:35 - [TEST_STEP][PASSED] - startY_2 = device_Height_2 * 0.30: null

2022-06-21 15:25:35 - [TEST_STEP][PASSED] - endY_2 = device_Height_2 * 0.70: null

2022-06-21 15:25:35 - [TEST_STEP][PASSED] - swipe(startX_2, endY_2, endX_2, startY_2): Swiped from 540,1,516 to 540,650

2022-06-21 15:25:36 - [MESSAGE][PASSED] - Swiped from 540,1,516 to 540,650

2022-06-21 15:25:36 - [TEST_STEP][PASSED] - verifyElementExist(findTestObject("Transfer/transferConfirmationFTransferFromTitleTxt"), 0): Element 'Object Repository/Transfer/transferConfirmationFTransferFromTitleTxt' is exist

2022-06-21 15:25:36 - [MESSAGE][WARNING] - Timeout '0' is invalid. Using default page load timeout: '40'

2022-06-21 15:25:36 - [MESSAGE][PASSED] - Element 'Object Repository/Transfer/transferConfirmationFTransferFromTitleTxt' is exist

2022-06-21 15:25:36 - [TEST_STEP][PASSED] - verifyElementExist(findTestObject("Duit Now/duitNowConfirmationNoteTitleTxt"), 0): Element 'Object Repository/Duit Now/duitNowConfirmationNoteTitleTxt' is exist

2022-06-21 15:25:36 - [MESSAGE][WARNING] - Timeout '0' is invalid. Using default page load timeout: '40'

2022-06-21 15:25:37 - [MESSAGE][PASSED] - Element 'Object Repository/Duit Now/duitNowConfirmationNoteTitleTxt' is exist

2022-06-21 15:25:37 - [TEST_STEP][PASSED] - verifyElementExist(findTestObject("Duit Now/duitNowConfirmationDeclarationTitleTxt"), 0): Element 'Object Repository/Duit Now/duitNowConfirmationDeclarationTitleTxt' is exist

2022-06-21 15:25:37 - [MESSAGE][WARNING] - Timeout '0' is invalid. Using default page load timeout: '40'

2022-06-21 15:25:37 - [MESSAGE][PASSED] - Element 'Object Repository/Duit Now/duitNowConfirmationDeclarationTitleTxt' is exist

2022-06-21 15:25:37 - [TEST_STEP][PASSED] - verifyElementExist(findTestObject("Duit Now/duitNowConfirmationTnCTitleTxt"), 0): Element 'Object Repository/Duit Now/duitNowConfirmationTnCTitleTxt' is exist

2022-06-21 15:25:37 - [MESSAGE][WARNING] - Timeout '0' is invalid. Using default page load timeout: '40'

2022-06-21 15:25:37 - [MESSAGE][PASSED] - Element 'Object Repository/Duit Now/duitNowConfirmationTnCTitleTxt' is exist

2022-06-21 15:25:37 - [TEST_STEP][PASSED] - verifyElementExist(findTestObject("Duit Now/duitNowConfirmationNoteContentTxt"), 0): Element 'Object Repository/Duit Now/duitNowConfirmationNoteContentTxt' is exist

2022-06-21 15:25:37 - [MESSAGE][WARNING] - Timeout '0' is invalid. Using default page load timeout: '40'

2022-06-21 15:25:37 - [MESSAGE][PASSED] - Element 'Object Repository/Duit Now/duitNowConfirmationNoteContentTxt' is exist

2022-06-21 15:25:37 - [TEST_STEP][PASSED] - verifyElementExist(findTestObject("Duit Now/duitNowConfirmationDeclarationContentTxt"), 0): Element 'Object Repository/Duit Now/duitNowConfirmationDeclarationContentTxt' is exist

2022-06-21 15:25:37 - [MESSAGE][WARNING] - Timeout '0' is invalid. Using default page load timeout: '40'

2022-06-21 15:25:37 - [MESSAGE][PASSED] - Element 'Object Repository/Duit Now/duitNowConfirmationDeclarationContentTxt' is exist

2022-06-21 15:25:37 - [TEST_STEP][PASSED] - verifyElementText(findTestObject("Transfer/transferConfirmationFromAccTypeTxt", ["accType":accType]), accType): Actual text and expected text of test object 'Object Repository/Transfer/transferConfirmationFromAccTypeTxt' are matched.

2022-06-21 15:25:37 - [MESSAGE][PASSED] - Actual text and expected text of test object 'Object Repository/Transfer/transferConfirmationFromAccTypeTxt' are matched.

2022-06-21 15:25:37 - [TEST_STEP][PASSED] - verifyElementText(findTestObject("Transfer/transferConfirmationFromAccNoTxt", ["accNoFrom":accNoFrom]), accNoFrom): Actual text and expected text of test object 'Object Repository/Transfer/transferConfirmationFromAccNoTxt' are matched.

2022-06-21 15:25:38 - [MESSAGE][PASSED] - Actual text and expected text of test object 'Object Repository/Transfer/transferConfirmationFromAccNoTxt' are matched.

2022-06-21 15:25:38 - [TEST_STEP][PASSED] - verifyElementExist(findTestObject("Transfer/transferConfirmationFromAccBalanceTxt"), 0): Element 'Object Repository/Transfer/transferConfirmationFromAccBalanceTxt' is exist

2022-06-21 15:25:38 - [MESSAGE][WARNING] - Timeout '0' is invalid. Using default page load timeout: '40'

2022-06-21 15:25:38 - [MESSAGE][PASSED] - Element 'Object Repository/Transfer/transferConfirmationFromAccBalanceTxt' is exist

2022-06-21 15:25:38 - [TEST_STEP][PASSED] - accountBalance = getText(findTestObject("Transfer/transferConfirmationFromAccBalanceTxt"), 0): Text of element 'Object Repository/Transfer/transferConfirmationFromAccBalanceTxt' is: 'RM 1,379.91'

2022-06-21 15:25:38 - [MESSAGE][WARNING] - Timeout '0' is invalid. Using default page load timeout: '40'

2022-06-21 15:25:38 - [MESSAGE][PASSED] - Text of element 'Object Repository/Transfer/transferConfirmationFromAccBalanceTxt' is: 'RM 1,379.91'

2022-06-21 15:25:38 - [TEST_STEP][PASSED] - println(accountBalance): null

2022-06-21 15:25:38 - [TEST_STEP][PASSED] - tap(findTestObject("Main/mainTransferNowBtn"), 0): Tapped on element 'Object Repository/Main/mainTransferNowBtn'

2022-06-21 15:25:38 - [MESSAGE][WARNING] - Timeout '0' is invalid. Using default page load timeout: '40'

2022-06-21 15:25:38 - [MESSAGE][PASSED] - Tapped on element 'Object Repository/Main/mainTransferNowBtn'

2022-06-21 15:25:38 - [TEST_STEP][PASSED] - if (verifyElementVisible(findTestObject("Festive Season/festiveReturnAngpaoTACNoTxt"), 10, OPTIONAL)): Element 'Object Repository/Festive Season/festiveReturnAngpaoTACNoTxt' not found

2022-06-21 15:25:48 - [MESSAGE][WARNING] - Element 'Object Repository/Festive Season/festiveReturnAngpaoTACNoTxt' not found

2022-06-21 15:25:48 - [TEST_STEP][PASSED] - else: Tapped on element 'Object Repository/Main/mainS2UApproveBtn'

2022-06-21 15:25:48 - [TEST_STEP][PASSED] - delay(5): Delayed 5 second(s)

2022-06-21 15:25:53 - [MESSAGE][PASSED] - Delayed 5 second(s)

2022-06-21 15:25:53 - [TEST_STEP][PASSED] - verifyElementVisible(findTestObject("Main/mainS2UApproveBtn"), 10): Element 'Object Repository/Main/mainS2UApproveBtn' is visible

2022-06-21 15:25:53 - [MESSAGE][PASSED] - Element 'Object Repository/Main/mainS2UApproveBtn' is visible

2022-06-21 15:25:53 - [TEST_STEP][PASSED] - tap(findTestObject("Main/mainS2UApproveBtn"), 0): Tapped on element 'Object Repository/Main/mainS2UApproveBtn'

2022-06-21 15:25:53 - [MESSAGE][WARNING] - Timeout '0' is invalid. Using default page load timeout: '40'

2022-06-21 15:25:53 - [MESSAGE][PASSED] - Tapped on element 'Object Repository/Main/mainS2UApproveBtn'

2022-06-21 15:25:53 - [TEST_STEP][PASSED] - delay(10): Delayed 10 second(s)

2022-06-21 15:26:03 - [MESSAGE][PASSED] - Delayed 10 second(s)

2022-06-21 15:26:03 - [TEST_STEP][PASSED] - verifyElementExist(findTestObject("Festive Season/returnAngpaoStatusMessageTxt"), 0): Element 'Object Repository/Festive Season/returnAngpaoStatusMessageTxt' is exist

2022-06-21 15:26:04 - [MESSAGE][WARNING] - Timeout '0' is invalid. Using default page load timeout: '40'

2022-06-21 15:26:04 - [MESSAGE][PASSED] - Element 'Object Repository/Festive Season/returnAngpaoStatusMessageTxt' is exist

2022-06-21 15:26:04 - [TEST_STEP][PASSED] - message = getText(findTestObject("Festive Season/returnAngpaoStatusMessageTxt"), 10): Text of element 'Object Repository/Festive Season/returnAngpaoStatusMessageTxt' is: 'Transfer successful'

2022-06-21 15:26:04 - [MESSAGE][PASSED] - Text of element 'Object Repository/Festive Season/returnAngpaoStatusMessageTxt' is: 'Transfer successful'

2022-06-21 15:26:04 - [TEST_STEP][PASSED] - println(message): null

2022-06-21 15:26:04 - [TEST_STEP][PASSED] - assert message == successTransactionMessage: null

2022-06-21 15:26:04 - [TEST_STEP][PASSED] - delay(5): Delayed 5 second(s)

2022-06-21 15:26:09 - [MESSAGE][PASSED] - Delayed 5 second(s)

2022-06-21 15:26:09 - [TEST_STEP][PASSED] - verifyElementExist(findTestObject("Duit Now/duitNowSummaryDateTimeTitleTxt"), 0): Element 'Object Repository/Duit Now/duitNowSummaryDateTimeTitleTxt' is exist

2022-06-21 15:26:09 - [MESSAGE][WARNING] - Timeout '0' is invalid. Using default page load timeout: '40'

2022-06-21 15:26:09 - [MESSAGE][PASSED] - Element 'Object Repository/Duit Now/duitNowSummaryDateTimeTitleTxt' is exist

2022-06-21 15:26:10 - [TEST_STEP][PASSED] - verifyElementExist(findTestObject("Duit Now/duitNowSummaryRefernceIDTitleTxt"), 0): Element 'Object Repository/Duit Now/duitNowSummaryRefernceIDTitleTxt' is exist

2022-06-21 15:26:10 - [MESSAGE][WARNING] - Timeout '0' is invalid. Using default page load timeout: '40'

2022-06-21 15:26:10 - [MESSAGE][PASSED] - Element 'Object Repository/Duit Now/duitNowSummaryRefernceIDTitleTxt' is exist

2022-06-21 15:26:10 - [TEST_STEP][PASSED] - verifyElementExist(findTestObject("Transfer/transferSummaryShareReceiptBtn"), 0): Element 'Object Repository/Transfer/transferSummaryShareReceiptBtn' is exist

2022-06-21 15:26:10 - [MESSAGE][WARNING] - Timeout '0' is invalid. Using default page load timeout: '40'

2022-06-21 15:26:10 - [MESSAGE][PASSED] - Element 'Object Repository/Transfer/transferSummaryShareReceiptBtn' is exist

2022-06-21 15:26:10 - [TEST_STEP][PASSED] - delay(5): Delayed 5 second(s)

2022-06-21 15:26:15 - [MESSAGE][PASSED] - Delayed 5 second(s)

2022-06-21 15:26:15 - [TEST_STEP][PASSED] - referenceID = getText(findTestObject("Send Request Money/requestMoneyPaySummaryRefIDTxt"), 0): Text of element 'Object Repository/Send Request Money/requestMoneyPaySummaryRefIDTxt' is: '181568172M'

2022-06-21 15:26:15 - [MESSAGE][WARNING] - Timeout '0' is invalid. Using default page load timeout: '40'

2022-06-21 15:26:15 - [MESSAGE][PASSED] - Text of element 'Object Repository/Send Request Money/requestMoneyPaySummaryRefIDTxt' is: '181568172M'

2022-06-21 15:26:15 - [TEST_STEP][PASSED] - println(referenceID): null

2022-06-21 15:26:15 - [TEST_STEP][PASSED] - test = dataFolder: null

2022-06-21 15:26:15 - [TEST_STEP][PASSED] - sheetName = "Sheet1": null

2022-06-21 15:26:15 - [TEST_STEP][PASSED] - file1 = new java.io.File(test): null

2022-06-21 15:26:15 - [TEST_STEP][PASSED] - assert file1.exists() == true: null

2022-06-21 15:26:15 - [TEST_STEP][PASSED] - woorkbook1 = getWorkbook(test): null

2022-06-21 15:26:15 - [TEST_STEP][PASSED] - sheet1 = getExcelSheet(woorkbook1, sheetName): null

2022-06-21 15:26:15 - [TEST_STEP][PASSED] - setValueToCellByIndex(sheet1, 4, 1, referenceID): null

2022-06-21 15:26:15 - [TEST_STEP][PASSED] - saveWorkbook(test, woorkbook1): null

2022-06-21 15:26:15 - [TEST_STEP][PASSED] - delay(3): Delayed 3 second(s)

2022-06-21 15:26:18 - [MESSAGE][PASSED] - Delayed 3 second(s)

2022-06-21 15:26:18 - [TEST_STEP][PASSED] - takeScreenshot("/Users/a00139272/Desktop/Screenshot/duitNowBReg.png"): Screenshot is taken

2022-06-21 15:26:19 - [MESSAGE][PASSED] - Screenshot is taken
[[ATTACHMENT|/Users/a00139272/Desktop/Screenshot/duitNowBReg.png]]

2022-06-21 15:26:19 - [TEST_STEP][PASSED] - verifyElementVisible(findTestObject("Main/mainDoneBtn"), 0): Element 'Object Repository/Main/mainDoneBtn' is visible

2022-06-21 15:26:19 - [MESSAGE][WARNING] - Timeout '0' is invalid. Using default page load timeout: '40'

2022-06-21 15:26:19 - [MESSAGE][PASSED] - Element 'Object Repository/Main/mainDoneBtn' is visible

2022-06-21 15:26:19 - [TEST_STEP][PASSED] - tap(findTestObject("Main/mainDoneBtn"), 0): Tapped on element 'Object Repository/Main/mainDoneBtn'

2022-06-21 15:26:19 - [MESSAGE][WARNING] - Timeout '0' is invalid. Using default page load timeout: '40'

2022-06-21 15:26:19 - [MESSAGE][PASSED] - Tapped on element 'Object Repository/Main/mainDoneBtn'

2022-06-21 15:26:19 - [TEST_STEP][PASSED] - delay(5): Delayed 5 second(s)

2022-06-21 15:26:24 - [MESSAGE][PASSED] - Delayed 5 second(s)

2022-06-21 15:26:24 - [TEST_STEP][PASSED] - tap(findTestObject("Main/mainTopLeftBackButton"), 0): Tapped on element 'Object Repository/Main/mainTopLeftBackButton'

2022-06-21 15:26:24 - [MESSAGE][WARNING] - Timeout '0' is invalid. Using default page load timeout: '40'

2022-06-21 15:26:24 - [MESSAGE][PASSED] - Tapped on element 'Object Repository/Main/mainTopLeftBackButton'

2022-06-21 15:26:24 - [TEST_STEP][PASSED] - delay(5): Delayed 5 second(s)

2022-06-21 15:26:29 - [MESSAGE][PASSED] - Delayed 5 second(s)

2022-06-21 15:26:29 - [TEST_STEP][PASSED] - verifyElementVisible(findTestObject("Banking/m2uAccountTypeSelection", ["text":"MAE"]), 0): Element 'Object Repository/Banking/m2uAccountTypeSelection' is visible

2022-06-21 15:26:29 - [MESSAGE][WARNING] - Timeout '0' is invalid. Using default page load timeout: '40'

2022-06-21 15:26:30 - [MESSAGE][PASSED] - Element 'Object Repository/Banking/m2uAccountTypeSelection' is visible

2022-06-21 15:26:30 - [TEST_STEP][PASSED] - tap(findTestObject("Banking/m2uAccountTypeSelection", ["text":"MAE"]), 10): Tapped on element 'Object Repository/Banking/m2uAccountTypeSelection'

2022-06-21 15:26:30 - [MESSAGE][PASSED] - Tapped on element 'Object Repository/Banking/m2uAccountTypeSelection'

2022-06-21 15:26:30 - [TEST_STEP][PASSED] - delay(5): Delayed 5 second(s)

2022-06-21 15:26:35 - [MESSAGE][PASSED] - Delayed 5 second(s)

2022-06-21 15:26:35 - [TEST_STEP][PASSED] - afterBalance = getText(findTestObject("Main/mainAccountsBalanceTxt"), 0): Text of element 'Object Repository/Main/mainAccountsBalanceTxt' is: 'RM 1,379.27'

2022-06-21 15:26:35 - [MESSAGE][WARNING] - Timeout '0' is invalid. Using default page load timeout: '40'

2022-06-21 15:26:35 - [MESSAGE][PASSED] - Text of element 'Object Repository/Main/mainAccountsBalanceTxt' is: 'RM 1,379.27'

2022-06-21 15:26:35 - [TEST_STEP][PASSED] - newAfterBalance = afterBalance.replaceAll("[^0-9.]", ""): null

2022-06-21 15:26:35 - [TEST_STEP][PASSED] - newAccountBalance = accountBalance.replaceAll("[^0-9.]", ""): null

2022-06-21 15:26:35 - [TEST_STEP][PASSED] - newAfterBalanceF = Float.parseFloat(newAfterBalance): null

2022-06-21 15:26:35 - [TEST_STEP][PASSED] - newAccountBalanceF = Float.parseFloat(newAccountBalance): null

2022-06-21 15:26:35 - [TEST_STEP][PASSED] - println(afterBalance): null

2022-06-21 15:26:35 - [TEST_STEP][PASSED] - println(accountBalance): null

2022-06-21 15:26:35 - [TEST_STEP][PASSED] - println(newAfterBalance): null

2022-06-21 15:26:35 - [TEST_STEP][PASSED] - println(newAccountBalance): null

2022-06-21 15:26:35 - [TEST_STEP][PASSED] - newBalance = newAccountBalanceF - 0.04: null

2022-06-21 15:26:35 - [TEST_STEP][PASSED] - println(newBalance): null

2022-06-21 15:26:35 - [TEST_STEP][PASSED] - delay(5): Delayed 5 second(s)

2022-06-21 15:26:40 - [MESSAGE][PASSED] - Delayed 5 second(s)]]></system-out>
         <system-err><![CDATA[]]></system-err>
      </testcase>
      <testcase name="Test Cases/DuitNow/duitNow_recurringTransferTransaction" time="167.026" classname="Test Cases/DuitNow/duitNow_recurringTransferTransaction" status="PASSED">
         <system-out><![CDATA[2022-06-21 15:26:40 - [TEST_CASE][PASSED] - Test Cases/DuitNow/duitNow_recurringTransferTransaction: Test Cases/DuitNow/duitNow_recurringTransferTransaction

2022-06-21 15:26:40 - [TEST_STEP][PASSED] - delay(3): Delayed 3 second(s)

2022-06-21 15:26:43 - [MESSAGE][PASSED] - Delayed 3 second(s)

2022-06-21 15:26:43 - [TEST_STEP][PASSED] - tap(findTestObject("Banking/m2uAccountTransferIconSelect"), 0): Tapped on element 'Object Repository/Banking/m2uAccountTransferIconSelect'

2022-06-21 15:26:43 - [MESSAGE][WARNING] - Timeout '0' is invalid. Using default page load timeout: '40'

2022-06-21 15:26:44 - [MESSAGE][PASSED] - Tapped on element 'Object Repository/Banking/m2uAccountTransferIconSelect'

2022-06-21 15:26:44 - [TEST_STEP][PASSED] - tap(findTestObject("Banking/transferDuitNowTopMenuSelect"), 10): Tapped on element 'Object Repository/Banking/transferDuitNowTopMenuSelect'

2022-06-21 15:27:44 - [MESSAGE][PASSED] - Tapped on element 'Object Repository/Banking/transferDuitNowTopMenuSelect'

2022-06-21 15:27:44 - [TEST_STEP][PASSED] - tap(findTestObject("Banking/duitNowOtherIconSelect"), 10): Tapped on element 'Object Repository/Banking/duitNowOtherIconSelect'

2022-06-21 15:28:37 - [MESSAGE][PASSED] - Tapped on element 'Object Repository/Banking/duitNowOtherIconSelect'

2022-06-21 15:28:37 - [TEST_STEP][PASSED] - setText(findTestObject("Banking/duitNowMobileInputField"), "01122334455", 0): Text '01122334455' has been set to element 'Object Repository/Banking/duitNowMobileInputField'

2022-06-21 15:28:37 - [MESSAGE][WARNING] - Timeout '0' is invalid. Using default page load timeout: '40'

2022-06-21 15:28:38 - [MESSAGE][PASSED] - Text '01122334455' has been set to element 'Object Repository/Banking/duitNowMobileInputField'

2022-06-21 15:28:38 - [TEST_STEP][PASSED] - hideKeyboard(): Keyboard is hidden

2022-06-21 15:28:39 - [MESSAGE][PASSED] - Keyboard is hidden

2022-06-21 15:28:39 - [TEST_STEP][PASSED] - tap(findTestObject("Login Onboarding/loginExistingContinueBtn"), 0): Tapped on element 'Object Repository/Login Onboarding/loginExistingContinueBtn'

2022-06-21 15:28:39 - [MESSAGE][WARNING] - Timeout '0' is invalid. Using default page load timeout: '40'

2022-06-21 15:28:39 - [MESSAGE][PASSED] - Tapped on element 'Object Repository/Login Onboarding/loginExistingContinueBtn'

2022-06-21 15:28:39 - [TEST_STEP][PASSED] - tap(findTestObject("Login Onboarding/PIN4"), 0): Tapped on element 'Object Repository/Login Onboarding/PIN4'

2022-06-21 15:28:39 - [MESSAGE][WARNING] - Timeout '0' is invalid. Using default page load timeout: '40'

2022-06-21 15:28:42 - [MESSAGE][PASSED] - Tapped on element 'Object Repository/Login Onboarding/PIN4'

2022-06-21 15:28:42 - [TEST_STEP][PASSED] - delay(2): Delayed 2 second(s)

2022-06-21 15:28:44 - [MESSAGE][PASSED] - Delayed 2 second(s)

2022-06-21 15:28:44 - [TEST_STEP][PASSED] - tap(findTestObject("Login Onboarding/loginPinTickBtn"), 0): Tapped on element 'Object Repository/Login Onboarding/loginPinTickBtn'

2022-06-21 15:28:44 - [MESSAGE][WARNING] - Timeout '0' is invalid. Using default page load timeout: '40'

2022-06-21 15:28:45 - [MESSAGE][PASSED] - Tapped on element 'Object Repository/Login Onboarding/loginPinTickBtn'

2022-06-21 15:28:45 - [TEST_STEP][PASSED] - setText(findTestObject("Banking/duitNowReferenceInputField"), "DuitTransferTranser", 0): Text 'DuitTransferTranser' has been set to element 'Object Repository/Banking/duitNowReferenceInputField'

2022-06-21 15:28:45 - [MESSAGE][WARNING] - Timeout '0' is invalid. Using default page load timeout: '40'

2022-06-21 15:28:47 - [MESSAGE][PASSED] - Text 'DuitTransferTranser' has been set to element 'Object Repository/Banking/duitNowReferenceInputField'

2022-06-21 15:28:47 - [TEST_STEP][PASSED] - hideKeyboard(): Keyboard is hidden

2022-06-21 15:28:49 - [MESSAGE][PASSED] - Keyboard is hidden

2022-06-21 15:28:49 - [TEST_STEP][PASSED] - tap(findTestObject("Login Onboarding/loginExistingContinueBtn"), 0): Tapped on element 'Object Repository/Login Onboarding/loginExistingContinueBtn'

2022-06-21 15:28:49 - [MESSAGE][WARNING] - Timeout '0' is invalid. Using default page load timeout: '40'

2022-06-21 15:28:49 - [MESSAGE][PASSED] - Tapped on element 'Object Repository/Login Onboarding/loginExistingContinueBtn'

2022-06-21 15:28:49 - [TEST_STEP][PASSED] - tap(findTestObject("Banking/duitNowSummaryOneOffTxt"), 0): Tapped on element 'Object Repository/Banking/duitNowSummaryOneOffTxt'

2022-06-21 15:28:49 - [MESSAGE][WARNING] - Timeout '0' is invalid. Using default page load timeout: '40'

2022-06-21 15:28:51 - [MESSAGE][PASSED] - Tapped on element 'Object Repository/Banking/duitNowSummaryOneOffTxt'

2022-06-21 15:28:51 - [TEST_STEP][PASSED] - tap(findTestObject("Banking/duitNowRecurringDropdownSelection"), 0): Tapped on element 'Object Repository/Banking/duitNowRecurringDropdownSelection'

2022-06-21 15:28:51 - [MESSAGE][WARNING] - Timeout '0' is invalid. Using default page load timeout: '40'

2022-06-21 15:28:52 - [MESSAGE][PASSED] - Tapped on element 'Object Repository/Banking/duitNowRecurringDropdownSelection'

2022-06-21 15:28:52 - [TEST_STEP][PASSED] - tap(findTestObject("Main/mainCalenderPickerDoneBtn"), 0): Tapped on element 'Object Repository/Main/mainCalenderPickerDoneBtn'

2022-06-21 15:28:53 - [MESSAGE][WARNING] - Timeout '0' is invalid. Using default page load timeout: '40'

2022-06-21 15:28:53 - [MESSAGE][PASSED] - Tapped on element 'Object Repository/Main/mainCalenderPickerDoneBtn'

2022-06-21 15:28:53 - [TEST_STEP][PASSED] - delay(2): Delayed 2 second(s)

2022-06-21 15:28:55 - [MESSAGE][PASSED] - Delayed 2 second(s)

2022-06-21 15:28:55 - [TEST_STEP][PASSED] - tap(findTestObject("Main/mainTransferNowBtn"), 0): Tapped on element 'Object Repository/Main/mainTransferNowBtn'

2022-06-21 15:28:55 - [MESSAGE][WARNING] - Timeout '0' is invalid. Using default page load timeout: '40'

2022-06-21 15:28:56 - [MESSAGE][PASSED] - Tapped on element 'Object Repository/Main/mainTransferNowBtn'

2022-06-21 15:28:56 - [TEST_STEP][PASSED] - delay(2): Delayed 2 second(s)

2022-06-21 15:28:58 - [MESSAGE][PASSED] - Delayed 2 second(s)

2022-06-21 15:28:58 - [TEST_STEP][PASSED] - if (verifyElementVisible(findTestObject("Main/mainTACNumberTxt"), 10, OPTIONAL)): null

2022-06-21 15:28:59 - [MESSAGE][PASSED] - Element 'Object Repository/Main/mainTACNumberTxt' is visible

2022-06-21 15:28:59 - [TEST_STEP][PASSED] - OTP1 = getText(findTestObject("Transfer/duitNowTACNumber"), 0): Text of element 'Object Repository/Transfer/duitNowTACNumber' is: 'Your TAC no. is 896738'

2022-06-21 15:28:59 - [MESSAGE][WARNING] - Timeout '0' is invalid. Using default page load timeout: '40'

2022-06-21 15:28:59 - [MESSAGE][PASSED] - Text of element 'Object Repository/Transfer/duitNowTACNumber' is: 'Your TAC no. is 896738'

2022-06-21 15:28:59 - [TEST_STEP][PASSED] - for ([i = 16, i <= 21, (i++)]): null

2022-06-21 15:28:59 - [TEST_STEP][PASSED] - if (OTP1[i] == "0"): null

2022-06-21 15:28:59 - [TEST_STEP][PASSED] - if (OTP1[i] == "1"): null

2022-06-21 15:28:59 - [TEST_STEP][PASSED] - if (OTP1[i] == "2"): null

2022-06-21 15:28:59 - [TEST_STEP][PASSED] - if (OTP1[i] == "3"): null

2022-06-21 15:28:59 - [TEST_STEP][PASSED] - if (OTP1[i] == "4"): null

2022-06-21 15:28:59 - [TEST_STEP][PASSED] - if (OTP1[i] == "5"): null

2022-06-21 15:28:59 - [TEST_STEP][PASSED] - if (OTP1[i] == "6"): null

2022-06-21 15:28:59 - [TEST_STEP][PASSED] - if (OTP1[i] == "7"): null

2022-06-21 15:28:59 - [TEST_STEP][PASSED] - if (OTP1[i] == "8"): Tapped on element 'Object Repository/Login Onboarding/PIN8'

2022-06-21 15:28:59 - [TEST_STEP][PASSED] - tap(findTestObject("Login Onboarding/PIN8"), 0): Tapped on element 'Object Repository/Login Onboarding/PIN8'

2022-06-21 15:28:59 - [MESSAGE][WARNING] - Timeout '0' is invalid. Using default page load timeout: '40'

2022-06-21 15:29:00 - [MESSAGE][PASSED] - Tapped on element 'Object Repository/Login Onboarding/PIN8'

2022-06-21 15:29:00 - [TEST_STEP][PASSED] - if (OTP1[i] == "9"): null

2022-06-21 15:29:00 - [TEST_STEP][PASSED] - if (OTP1[i] == "0"): null

2022-06-21 15:29:00 - [TEST_STEP][PASSED] - if (OTP1[i] == "1"): null

2022-06-21 15:29:00 - [TEST_STEP][PASSED] - if (OTP1[i] == "2"): null

2022-06-21 15:29:00 - [TEST_STEP][PASSED] - if (OTP1[i] == "3"): null

2022-06-21 15:29:00 - [TEST_STEP][PASSED] - if (OTP1[i] == "4"): null

2022-06-21 15:29:00 - [TEST_STEP][PASSED] - if (OTP1[i] == "5"): null

2022-06-21 15:29:00 - [TEST_STEP][PASSED] - if (OTP1[i] == "6"): null

2022-06-21 15:29:00 - [TEST_STEP][PASSED] - if (OTP1[i] == "7"): null

2022-06-21 15:29:00 - [TEST_STEP][PASSED] - if (OTP1[i] == "8"): null

2022-06-21 15:29:00 - [TEST_STEP][PASSED] - if (OTP1[i] == "9"): Tapped on element 'Object Repository/Login Onboarding/PIN9'

2022-06-21 15:29:00 - [TEST_STEP][PASSED] - tap(findTestObject("Login Onboarding/PIN9"), 0): Tapped on element 'Object Repository/Login Onboarding/PIN9'

2022-06-21 15:29:00 - [MESSAGE][WARNING] - Timeout '0' is invalid. Using default page load timeout: '40'

2022-06-21 15:29:02 - [MESSAGE][PASSED] - Tapped on element 'Object Repository/Login Onboarding/PIN9'

2022-06-21 15:29:02 - [TEST_STEP][PASSED] - if (OTP1[i] == "0"): null

2022-06-21 15:29:02 - [TEST_STEP][PASSED] - if (OTP1[i] == "1"): null

2022-06-21 15:29:02 - [TEST_STEP][PASSED] - if (OTP1[i] == "2"): null

2022-06-21 15:29:02 - [TEST_STEP][PASSED] - if (OTP1[i] == "3"): null

2022-06-21 15:29:02 - [TEST_STEP][PASSED] - if (OTP1[i] == "4"): null

2022-06-21 15:29:02 - [TEST_STEP][PASSED] - if (OTP1[i] == "5"): null

2022-06-21 15:29:02 - [TEST_STEP][PASSED] - if (OTP1[i] == "6"): Tapped on element 'Object Repository/Login Onboarding/PIN6'

2022-06-21 15:29:02 - [TEST_STEP][PASSED] - tap(findTestObject("Login Onboarding/PIN6"), 0): Tapped on element 'Object Repository/Login Onboarding/PIN6'

2022-06-21 15:29:02 - [MESSAGE][WARNING] - Timeout '0' is invalid. Using default page load timeout: '40'

2022-06-21 15:29:04 - [MESSAGE][PASSED] - Tapped on element 'Object Repository/Login Onboarding/PIN6'

2022-06-21 15:29:04 - [TEST_STEP][PASSED] - if (OTP1[i] == "7"): null

2022-06-21 15:29:04 - [TEST_STEP][PASSED] - if (OTP1[i] == "8"): null

2022-06-21 15:29:04 - [TEST_STEP][PASSED] - if (OTP1[i] == "9"): null

2022-06-21 15:29:04 - [TEST_STEP][PASSED] - if (OTP1[i] == "0"): null

2022-06-21 15:29:04 - [TEST_STEP][PASSED] - if (OTP1[i] == "1"): null

2022-06-21 15:29:04 - [TEST_STEP][PASSED] - if (OTP1[i] == "2"): null

2022-06-21 15:29:04 - [TEST_STEP][PASSED] - if (OTP1[i] == "3"): null

2022-06-21 15:29:04 - [TEST_STEP][PASSED] - if (OTP1[i] == "4"): null

2022-06-21 15:29:04 - [TEST_STEP][PASSED] - if (OTP1[i] == "5"): null

2022-06-21 15:29:04 - [TEST_STEP][PASSED] - if (OTP1[i] == "6"): null

2022-06-21 15:29:04 - [TEST_STEP][PASSED] - if (OTP1[i] == "7"): Tapped on element 'Object Repository/Login Onboarding/PIN7'

2022-06-21 15:29:04 - [TEST_STEP][PASSED] - tap(findTestObject("Login Onboarding/PIN7"), 0): Tapped on element 'Object Repository/Login Onboarding/PIN7'

2022-06-21 15:29:04 - [MESSAGE][WARNING] - Timeout '0' is invalid. Using default page load timeout: '40'

2022-06-21 15:29:06 - [MESSAGE][PASSED] - Tapped on element 'Object Repository/Login Onboarding/PIN7'

2022-06-21 15:29:06 - [TEST_STEP][PASSED] - if (OTP1[i] == "8"): null

2022-06-21 15:29:06 - [TEST_STEP][PASSED] - if (OTP1[i] == "9"): null

2022-06-21 15:29:06 - [TEST_STEP][PASSED] - if (OTP1[i] == "0"): null

2022-06-21 15:29:06 - [TEST_STEP][PASSED] - if (OTP1[i] == "1"): null

2022-06-21 15:29:06 - [TEST_STEP][PASSED] - if (OTP1[i] == "2"): null

2022-06-21 15:29:06 - [TEST_STEP][PASSED] - if (OTP1[i] == "3"): Tapped on element 'Object Repository/Login Onboarding/PIN3'

2022-06-21 15:29:06 - [TEST_STEP][PASSED] - tap(findTestObject("Login Onboarding/PIN3"), 0): Tapped on element 'Object Repository/Login Onboarding/PIN3'

2022-06-21 15:29:06 - [MESSAGE][WARNING] - Timeout '0' is invalid. Using default page load timeout: '40'

2022-06-21 15:29:08 - [MESSAGE][PASSED] - Tapped on element 'Object Repository/Login Onboarding/PIN3'

2022-06-21 15:29:08 - [TEST_STEP][PASSED] - if (OTP1[i] == "4"): null

2022-06-21 15:29:08 - [TEST_STEP][PASSED] - if (OTP1[i] == "5"): null

2022-06-21 15:29:08 - [TEST_STEP][PASSED] - if (OTP1[i] == "6"): null

2022-06-21 15:29:08 - [TEST_STEP][PASSED] - if (OTP1[i] == "7"): null

2022-06-21 15:29:08 - [TEST_STEP][PASSED] - if (OTP1[i] == "8"): null

2022-06-21 15:29:08 - [TEST_STEP][PASSED] - if (OTP1[i] == "9"): null

2022-06-21 15:29:08 - [TEST_STEP][PASSED] - if (OTP1[i] == "0"): null

2022-06-21 15:29:08 - [TEST_STEP][PASSED] - if (OTP1[i] == "1"): null

2022-06-21 15:29:08 - [TEST_STEP][PASSED] - if (OTP1[i] == "2"): null

2022-06-21 15:29:08 - [TEST_STEP][PASSED] - if (OTP1[i] == "3"): null

2022-06-21 15:29:08 - [TEST_STEP][PASSED] - if (OTP1[i] == "4"): null

2022-06-21 15:29:08 - [TEST_STEP][PASSED] - if (OTP1[i] == "5"): null

2022-06-21 15:29:08 - [TEST_STEP][PASSED] - if (OTP1[i] == "6"): null

2022-06-21 15:29:08 - [TEST_STEP][PASSED] - if (OTP1[i] == "7"): null

2022-06-21 15:29:08 - [TEST_STEP][PASSED] - if (OTP1[i] == "8"): Tapped on element 'Object Repository/Login Onboarding/PIN8'

2022-06-21 15:29:08 - [TEST_STEP][PASSED] - tap(findTestObject("Login Onboarding/PIN8"), 0): Tapped on element 'Object Repository/Login Onboarding/PIN8'

2022-06-21 15:29:08 - [MESSAGE][WARNING] - Timeout '0' is invalid. Using default page load timeout: '40'

2022-06-21 15:29:10 - [MESSAGE][PASSED] - Tapped on element 'Object Repository/Login Onboarding/PIN8'

2022-06-21 15:29:10 - [TEST_STEP][PASSED] - if (OTP1[i] == "9"): null

2022-06-21 15:29:10 - [TEST_STEP][PASSED] - delay(3): Delayed 3 second(s)

2022-06-21 15:29:13 - [MESSAGE][PASSED] - Delayed 3 second(s)

2022-06-21 15:29:13 - [TEST_STEP][PASSED] - tap(findTestObject("Main/mainTACTickBtn"), 0): Tapped on element 'Object Repository/Main/mainTACTickBtn'

2022-06-21 15:29:13 - [MESSAGE][WARNING] - Timeout '0' is invalid. Using default page load timeout: '40'

2022-06-21 15:29:13 - [MESSAGE][PASSED] - Tapped on element 'Object Repository/Main/mainTACTickBtn'

2022-06-21 15:29:13 - [TEST_STEP][PASSED] - delay(5): Delayed 5 second(s)

2022-06-21 15:29:18 - [MESSAGE][PASSED] - Delayed 5 second(s)

2022-06-21 15:29:18 - [TEST_STEP][PASSED] - delay(3): Delayed 3 second(s)

2022-06-21 15:29:21 - [MESSAGE][PASSED] - Delayed 3 second(s)

2022-06-21 15:29:21 - [TEST_STEP][PASSED] - takeScreenshot("/Users/a00139272/Desktop/Screenshot/duitNowRecurring.png"): Screenshot is taken

2022-06-21 15:29:22 - [MESSAGE][PASSED] - Screenshot is taken
[[ATTACHMENT|/Users/a00139272/Desktop/Screenshot/duitNowRecurring.png]]

2022-06-21 15:29:22 - [TEST_STEP][PASSED] - verifyElementVisible(findTestObject("Main/mainDoneBtn"), 0): Element 'Object Repository/Main/mainDoneBtn' is visible

2022-06-21 15:29:22 - [MESSAGE][WARNING] - Timeout '0' is invalid. Using default page load timeout: '40'

2022-06-21 15:29:22 - [MESSAGE][PASSED] - Element 'Object Repository/Main/mainDoneBtn' is visible

2022-06-21 15:29:22 - [TEST_STEP][PASSED] - tap(findTestObject("Main/mainDoneBtn"), 0): Tapped on element 'Object Repository/Main/mainDoneBtn'

2022-06-21 15:29:22 - [MESSAGE][WARNING] - Timeout '0' is invalid. Using default page load timeout: '40'

2022-06-21 15:29:22 - [MESSAGE][PASSED] - Tapped on element 'Object Repository/Main/mainDoneBtn'

2022-06-21 15:29:22 - [TEST_STEP][PASSED] - delay(5): Delayed 5 second(s)

2022-06-21 15:29:27 - [MESSAGE][PASSED] - Delayed 5 second(s)]]></system-out>
         <system-err><![CDATA[]]></system-err>
      </testcase>
      <testcase name="Test Cases/DuitNow/duitNow_addFavoriteTransaction" time="414.592" classname="Test Cases/DuitNow/duitNow_addFavoriteTransaction" status="FAILED">
         <failure type="FAILED" message="Test Cases/DuitNow/duitNow_addFavoriteTransaction FAILED.
Reason:
com.kms.katalon.core.exception.StepFailedException: Object Object Repository/Main/mainCalenderPickerDoneBtn not found
	at com.kms.katalon.core.keyword.internal.KeywordMain.stepFailed(KeywordMain.groovy:39)
	at com.kms.katalon.core.mobile.keyword.internal.MobileKeywordMain.stepFailed(MobileKeywordMain.groovy:40)
	at com.kms.katalon.core.mobile.keyword.builtin.TapKeyword$_tap_closure1.doCall(TapKeyword.groovy:79)
	at com.kms.katalon.core.mobile.keyword.builtin.TapKeyword$_tap_closure1.call(TapKeyword.groovy)
	at com.kms.katalon.core.mobile.keyword.internal.MobileKeywordMain.runKeyword(MobileKeywordMain.groovy:21)
	at com.kms.katalon.core.mobile.keyword.builtin.TapKeyword.tap(TapKeyword.groovy:84)
	at com.kms.katalon.core.mobile.keyword.builtin.TapKeyword.execute(TapKeyword.groovy:68)
	at com.kms.katalon.core.keyword.internal.KeywordExecutor.executeKeywordForPlatform(KeywordExecutor.groovy:74)
	at com.kms.katalon.core.mobile.keyword.MobileBuiltInKeywords.tap(MobileBuiltInKeywords.groovy:1490)
	at com.kms.katalon.core.mobile.keyword.MobileBuiltInKeywords$tap$4.call(Unknown Source)
	at duitNow_addFavoriteTransaction.run(duitNow_addFavoriteTransaction:76)
	at com.kms.katalon.core.main.ScriptEngine.run(ScriptEngine.java:194)
	at com.kms.katalon.core.main.ScriptEngine.runScriptAsRawText(ScriptEngine.java:119)
	at com.kms.katalon.core.main.TestCaseExecutor.runScript(TestCaseExecutor.java:445)
	at com.kms.katalon.core.main.TestCaseExecutor.doExecute(TestCaseExecutor.java:436)
	at com.kms.katalon.core.main.TestCaseExecutor.processExecutionPhase(TestCaseExecutor.java:415)
	at com.kms.katalon.core.main.TestCaseExecutor.accessMainPhase(TestCaseExecutor.java:407)
	at com.kms.katalon.core.main.TestCaseExecutor.execute(TestCaseExecutor.java:284)
	at com.kms.katalon.core.common.CommonExecutor.accessTestCaseMainPhase(CommonExecutor.java:65)
	at com.kms.katalon.core.main.TestSuiteExecutor.accessTestSuiteMainPhase(TestSuiteExecutor.java:144)
	at com.kms.katalon.core.main.TestSuiteExecutor.execute(TestSuiteExecutor.java:106)
	at com.kms.katalon.core.main.TestCaseMain.startTestSuite(TestCaseMain.java:185)
	at com.kms.katalon.core.main.TestCaseMain$startTestSuite$0.call(Unknown Source)
	at TempTestSuite1655794262003.run(TempTestSuite1655794262003.groovy:36)
"/>
         <system-out><![CDATA[2022-06-21 15:29:27 - [TEST_CASE][FAILED] - Test Cases/DuitNow/duitNow_addFavoriteTransaction: Test Cases/DuitNow/duitNow_addFavoriteTransaction FAILED.
Reason:
com.kms.katalon.core.exception.StepFailedException: Object Object Repository/Main/mainCalenderPickerDoneBtn not found
	at com.kms.katalon.core.keyword.internal.KeywordMain.stepFailed(KeywordMain.groovy:39)
	at com.kms.katalon.core.mobile.keyword.internal.MobileKeywordMain.stepFailed(MobileKeywordMain.groovy:40)
	at com.kms.katalon.core.mobile.keyword.builtin.TapKeyword$_tap_closure1.doCall(TapKeyword.groovy:79)
	at com.kms.katalon.core.mobile.keyword.builtin.TapKeyword$_tap_closure1.call(TapKeyword.groovy)
	at com.kms.katalon.core.mobile.keyword.internal.MobileKeywordMain.runKeyword(MobileKeywordMain.groovy:21)
	at com.kms.katalon.core.mobile.keyword.builtin.TapKeyword.tap(TapKeyword.groovy:84)
	at com.kms.katalon.core.mobile.keyword.builtin.TapKeyword.execute(TapKeyword.groovy:68)
	at com.kms.katalon.core.keyword.internal.KeywordExecutor.executeKeywordForPlatform(KeywordExecutor.groovy:74)
	at com.kms.katalon.core.mobile.keyword.MobileBuiltInKeywords.tap(MobileBuiltInKeywords.groovy:1490)
	at com.kms.katalon.core.mobile.keyword.MobileBuiltInKeywords$tap$4.call(Unknown Source)
	at duitNow_addFavoriteTransaction.run(duitNow_addFavoriteTransaction:76)
	at com.kms.katalon.core.main.ScriptEngine.run(ScriptEngine.java:194)
	at com.kms.katalon.core.main.ScriptEngine.runScriptAsRawText(ScriptEngine.java:119)
	at com.kms.katalon.core.main.TestCaseExecutor.runScript(TestCaseExecutor.java:445)
	at com.kms.katalon.core.main.TestCaseExecutor.doExecute(TestCaseExecutor.java:436)
	at com.kms.katalon.core.main.TestCaseExecutor.processExecutionPhase(TestCaseExecutor.java:415)
	at com.kms.katalon.core.main.TestCaseExecutor.accessMainPhase(TestCaseExecutor.java:407)
	at com.kms.katalon.core.main.TestCaseExecutor.execute(TestCaseExecutor.java:284)
	at com.kms.katalon.core.common.CommonExecutor.accessTestCaseMainPhase(CommonExecutor.java:65)
	at com.kms.katalon.core.main.TestSuiteExecutor.accessTestSuiteMainPhase(TestSuiteExecutor.java:144)
	at com.kms.katalon.core.main.TestSuiteExecutor.execute(TestSuiteExecutor.java:106)
	at com.kms.katalon.core.main.TestCaseMain.startTestSuite(TestCaseMain.java:185)
	at com.kms.katalon.core.main.TestCaseMain$startTestSuite$0.call(Unknown Source)
	at TempTestSuite1655794262003.run(TempTestSuite1655794262003.groovy:36)


2022-06-21 15:29:27 - [TEST_STEP][PASSED] - delay(3): Delayed 3 second(s)

2022-06-21 15:29:30 - [MESSAGE][PASSED] - Delayed 3 second(s)

2022-06-21 15:29:30 - [TEST_STEP][PASSED] - tap(findTestObject("Banking/m2uAccountTransferIconSelect"), 0): Tapped on element 'Object Repository/Banking/m2uAccountTransferIconSelect'

2022-06-21 15:29:30 - [MESSAGE][WARNING] - Timeout '0' is invalid. Using default page load timeout: '40'

2022-06-21 15:29:31 - [MESSAGE][PASSED] - Tapped on element 'Object Repository/Banking/m2uAccountTransferIconSelect'

2022-06-21 15:29:31 - [TEST_STEP][PASSED] - tap(findTestObject("Banking/transferDuitNowTopMenuSelect"), 10): Tapped on element 'Object Repository/Banking/transferDuitNowTopMenuSelect'

2022-06-21 15:30:31 - [MESSAGE][PASSED] - Tapped on element 'Object Repository/Banking/transferDuitNowTopMenuSelect'

2022-06-21 15:30:31 - [TEST_STEP][PASSED] - tap(findTestObject("Banking/duitNowOtherIconSelect"), 10): Tapped on element 'Object Repository/Banking/duitNowOtherIconSelect'

2022-06-21 15:31:24 - [MESSAGE][PASSED] - Tapped on element 'Object Repository/Banking/duitNowOtherIconSelect'

2022-06-21 15:31:24 - [TEST_STEP][PASSED] - tap(findTestObject("Banking/duitNowIDTypeDropdownSelect"), 0): Tapped on element 'Object Repository/Banking/duitNowIDTypeDropdownSelect'

2022-06-21 15:31:24 - [MESSAGE][WARNING] - Timeout '0' is invalid. Using default page load timeout: '40'

2022-06-21 15:31:24 - [MESSAGE][PASSED] - Tapped on element 'Object Repository/Banking/duitNowIDTypeDropdownSelect'

2022-06-21 15:31:24 - [TEST_STEP][PASSED] - scrollToText("Mobile Number", STOP_ON_FAILURE): Scrolling to text 'Mobile Number' successfully

2022-06-21 15:31:25 - [MESSAGE][PASSED] - Scrolling to text 'Mobile Number' successfully

2022-06-21 15:31:25 - [TEST_STEP][PASSED] - tap(findTestObject("Banking/duitNowBusinessRegIDTypeDropdown", ["proxy":"Mobile Number"]), 0): Tapped on element 'Object Repository/Banking/duitNowBusinessRegIDTypeDropdown'

2022-06-21 15:31:25 - [MESSAGE][WARNING] - Timeout '0' is invalid. Using default page load timeout: '40'

2022-06-21 15:31:25 - [MESSAGE][PASSED] - Tapped on element 'Object Repository/Banking/duitNowBusinessRegIDTypeDropdown'

2022-06-21 15:31:25 - [TEST_STEP][FAILED] - tap(findTestObject("Main/mainCalenderPickerDoneBtn"), 0): Object Object Repository/Main/mainCalenderPickerDoneBtn not found

2022-06-21 15:31:25 - [MESSAGE][WARNING] - Timeout '0' is invalid. Using default page load timeout: '40'

2022-06-21 15:32:05 - [MESSAGE][FAILED] - Object Object Repository/Main/mainCalenderPickerDoneBtn not found

2022-06-21 15:32:05 - [TEST_STEP][PASSED] - setText(findTestObject("Banking/duitNowBusinessRegNoInputField", ["proxyPlaceholder":""]), "01122334455", 0): Text '01122334455' has been set to element 'Object Repository/Banking/duitNowBusinessRegNoInputField'

2022-06-21 15:32:05 - [MESSAGE][WARNING] - Timeout '0' is invalid. Using default page load timeout: '40'

2022-06-21 15:32:06 - [MESSAGE][PASSED] - Text '01122334455' has been set to element 'Object Repository/Banking/duitNowBusinessRegNoInputField'

2022-06-21 15:32:06 - [TEST_STEP][PASSED] - hideKeyboard(): Keyboard is hidden

2022-06-21 15:32:07 - [MESSAGE][PASSED] - Keyboard is hidden

2022-06-21 15:32:07 - [TEST_STEP][PASSED] - tap(findTestObject("Login Onboarding/loginExistingContinueBtn"), 0): Tapped on element 'Object Repository/Login Onboarding/loginExistingContinueBtn'

2022-06-21 15:32:07 - [MESSAGE][WARNING] - Timeout '0' is invalid. Using default page load timeout: '40'

2022-06-21 15:32:07 - [MESSAGE][PASSED] - Tapped on element 'Object Repository/Login Onboarding/loginExistingContinueBtn'

2022-06-21 15:32:07 - [TEST_STEP][PASSED] - tap(findTestObject("Login Onboarding/PIN4"), 0): Tapped on element 'Object Repository/Login Onboarding/PIN4'

2022-06-21 15:32:07 - [MESSAGE][WARNING] - Timeout '0' is invalid. Using default page load timeout: '40'

2022-06-21 15:32:10 - [MESSAGE][PASSED] - Tapped on element 'Object Repository/Login Onboarding/PIN4'

2022-06-21 15:32:10 - [TEST_STEP][PASSED] - delay(2): Delayed 2 second(s)

2022-06-21 15:32:12 - [MESSAGE][PASSED] - Delayed 2 second(s)

2022-06-21 15:32:12 - [TEST_STEP][PASSED] - tap(findTestObject("Login Onboarding/loginPinTickBtn"), 0): Tapped on element 'Object Repository/Login Onboarding/loginPinTickBtn'

2022-06-21 15:32:12 - [MESSAGE][WARNING] - Timeout '0' is invalid. Using default page load timeout: '40'

2022-06-21 15:32:13 - [MESSAGE][PASSED] - Tapped on element 'Object Repository/Login Onboarding/loginPinTickBtn'

2022-06-21 15:32:13 - [TEST_STEP][PASSED] - setText(findTestObject("Banking/duitNowReferenceInputField"), "Duit 0n off Transer", 0): Text 'Duit 0n off Transer' has been set to element 'Object Repository/Banking/duitNowReferenceInputField'

2022-06-21 15:32:13 - [MESSAGE][WARNING] - Timeout '0' is invalid. Using default page load timeout: '40'

2022-06-21 15:32:15 - [MESSAGE][PASSED] - Text 'Duit 0n off Transer' has been set to element 'Object Repository/Banking/duitNowReferenceInputField'

2022-06-21 15:32:15 - [TEST_STEP][PASSED] - hideKeyboard(): Keyboard is hidden

2022-06-21 15:32:17 - [MESSAGE][PASSED] - Keyboard is hidden

2022-06-21 15:32:17 - [TEST_STEP][PASSED] - tap(findTestObject("Login Onboarding/loginExistingContinueBtn"), 0): Tapped on element 'Object Repository/Login Onboarding/loginExistingContinueBtn'

2022-06-21 15:32:17 - [MESSAGE][WARNING] - Timeout '0' is invalid. Using default page load timeout: '40'

2022-06-21 15:32:17 - [MESSAGE][PASSED] - Tapped on element 'Object Repository/Login Onboarding/loginExistingContinueBtn'

2022-06-21 15:32:17 - [TEST_STEP][PASSED] - tap(findTestObject("Banking/duitNowSummaryAmountTxt"), 0): Tapped on element 'Object Repository/Banking/duitNowSummaryAmountTxt'

2022-06-21 15:32:17 - [MESSAGE][WARNING] - Timeout '0' is invalid. Using default page load timeout: '40'

2022-06-21 15:32:19 - [MESSAGE][PASSED] - Tapped on element 'Object Repository/Banking/duitNowSummaryAmountTxt'

2022-06-21 15:32:19 - [TEST_STEP][PASSED] - tap(findTestObject("Login Onboarding/PIN1"), 0): Tapped on element 'Object Repository/Login Onboarding/PIN1'

2022-06-21 15:32:19 - [MESSAGE][WARNING] - Timeout '0' is invalid. Using default page load timeout: '40'

2022-06-21 15:32:21 - [MESSAGE][PASSED] - Tapped on element 'Object Repository/Login Onboarding/PIN1'

2022-06-21 15:32:21 - [TEST_STEP][PASSED] - tap(findTestObject("Login Onboarding/loginPinTickBtn"), 0): Tapped on element 'Object Repository/Login Onboarding/loginPinTickBtn'

2022-06-21 15:32:21 - [MESSAGE][WARNING] - Timeout '0' is invalid. Using default page load timeout: '40'

2022-06-21 15:32:22 - [MESSAGE][PASSED] - Tapped on element 'Object Repository/Login Onboarding/loginPinTickBtn'

2022-06-21 15:32:22 - [TEST_STEP][PASSED] - delay(2): Delayed 2 second(s)

2022-06-21 15:32:24 - [MESSAGE][PASSED] - Delayed 2 second(s)

2022-06-21 15:32:24 - [TEST_STEP][PASSED] - tap(findTestObject("Main/mainTransferNowBtn"), 0): Tapped on element 'Object Repository/Main/mainTransferNowBtn'

2022-06-21 15:32:24 - [MESSAGE][WARNING] - Timeout '0' is invalid. Using default page load timeout: '40'

2022-06-21 15:32:24 - [MESSAGE][PASSED] - Tapped on element 'Object Repository/Main/mainTransferNowBtn'

2022-06-21 15:32:24 - [TEST_STEP][PASSED] - delay(2): Delayed 2 second(s)

2022-06-21 15:32:26 - [MESSAGE][PASSED] - Delayed 2 second(s)

2022-06-21 15:32:26 - [TEST_STEP][PASSED] - if (verifyElementVisible(findTestObject("Main/mainTACNumberTxt"), 10, OPTIONAL)): Element 'Object Repository/Main/mainTACNumberTxt' not found

2022-06-21 15:32:36 - [MESSAGE][WARNING] - Element 'Object Repository/Main/mainTACNumberTxt' not found

2022-06-21 15:32:36 - [TEST_STEP][FAILED] - else: null

2022-06-21 15:32:36 - [TEST_STEP][PASSED] - delay(5): Delayed 5 second(s)

2022-06-21 15:32:41 - [MESSAGE][PASSED] - Delayed 5 second(s)

2022-06-21 15:32:41 - [TEST_STEP][FAILED] - verifyElementVisible(findTestObject("Main/mainS2UApproveBtn"), 0): Element 'Object Repository/Main/mainS2UApproveBtn' not found

2022-06-21 15:32:41 - [MESSAGE][WARNING] - Timeout '0' is invalid. Using default page load timeout: '40'

2022-06-21 15:33:21 - [MESSAGE][FAILED] - Element 'Object Repository/Main/mainS2UApproveBtn' not found

2022-06-21 15:33:21 - [TEST_STEP][FAILED] - tap(findTestObject("Main/mainS2UApproveBtn"), 0): Object Object Repository/Main/mainS2UApproveBtn not found

2022-06-21 15:33:21 - [MESSAGE][WARNING] - Timeout '0' is invalid. Using default page load timeout: '40'

2022-06-21 15:34:02 - [MESSAGE][FAILED] - Object Object Repository/Main/mainS2UApproveBtn not found

2022-06-21 15:34:02 - [TEST_STEP][PASSED] - delay(5): Delayed 5 second(s)

2022-06-21 15:34:07 - [MESSAGE][PASSED] - Delayed 5 second(s)

2022-06-21 15:34:07 - [TEST_STEP][PASSED] - Trasnferstatus1 = getText(findTestObject("Main/mainTransactionStatusMessageTxt"), 10): Text of element 'Object Repository/Main/mainTransactionStatusMessageTxt' is: 'Transfer failed'

2022-06-21 15:34:07 - [MESSAGE][PASSED] - Text of element 'Object Repository/Main/mainTransactionStatusMessageTxt' is: 'Transfer failed'

2022-06-21 15:34:07 - [TEST_STEP][PASSED] - println("Transaction Status" + Trasnferstatus1): null

2022-06-21 15:34:07 - [TEST_STEP][PASSED] - delay(2): Delayed 2 second(s)

2022-06-21 15:34:09 - [MESSAGE][PASSED] - Delayed 2 second(s)

2022-06-21 15:34:09 - [TEST_STEP][FAILED] - tap(findTestObject("Main/mainAddToFavBtn"), 0): Object Object Repository/Main/mainAddToFavBtn not found

2022-06-21 15:34:09 - [MESSAGE][WARNING] - Timeout '0' is invalid. Using default page load timeout: '40'

2022-06-21 15:34:49 - [MESSAGE][FAILED] - Object Object Repository/Main/mainAddToFavBtn not found

2022-06-21 15:34:49 - [TEST_STEP][PASSED] - delay(2): Delayed 2 second(s)

2022-06-21 15:34:51 - [MESSAGE][PASSED] - Delayed 2 second(s)

2022-06-21 15:34:51 - [TEST_STEP][FAILED] - tap(findTestObject("Main/mainAddToFavBtn"), 0): Object Object Repository/Main/mainAddToFavBtn not found

2022-06-21 15:34:51 - [MESSAGE][WARNING] - Timeout '0' is invalid. Using default page load timeout: '40'

2022-06-21 15:35:31 - [MESSAGE][FAILED] - Object Object Repository/Main/mainAddToFavBtn not found

2022-06-21 15:35:31 - [TEST_STEP][PASSED] - delay(2): Delayed 2 second(s)

2022-06-21 15:35:33 - [MESSAGE][PASSED] - Delayed 2 second(s)

2022-06-21 15:35:33 - [TEST_STEP][FAILED] - tap(findTestObject("Main/mainCloseFavPopUpBtn"), 0): Object Object Repository/Main/mainCloseFavPopUpBtn not found

2022-06-21 15:35:33 - [MESSAGE][WARNING] - Timeout '0' is invalid. Using default page load timeout: '40'

2022-06-21 15:36:13 - [MESSAGE][FAILED] - Object Object Repository/Main/mainCloseFavPopUpBtn not found

2022-06-21 15:36:13 - [TEST_STEP][PASSED] - delay(3): Delayed 3 second(s)

2022-06-21 15:36:16 - [MESSAGE][PASSED] - Delayed 3 second(s)

2022-06-21 15:36:16 - [TEST_STEP][PASSED] - takeScreenshot("/Users/a00139272/Desktop/Screenshot/duitNowAddFav.png"): Screenshot is taken

2022-06-21 15:36:17 - [MESSAGE][PASSED] - Screenshot is taken
[[ATTACHMENT|/Users/a00139272/Desktop/Screenshot/duitNowAddFav.png]]

2022-06-21 15:36:17 - [TEST_STEP][PASSED] - verifyElementVisible(findTestObject("Main/mainDoneBtn"), 0): Element 'Object Repository/Main/mainDoneBtn' is visible

2022-06-21 15:36:17 - [MESSAGE][WARNING] - Timeout '0' is invalid. Using default page load timeout: '40'

2022-06-21 15:36:17 - [MESSAGE][PASSED] - Element 'Object Repository/Main/mainDoneBtn' is visible

2022-06-21 15:36:17 - [TEST_STEP][PASSED] - tap(findTestObject("Main/mainDoneBtn"), 0): Tapped on element 'Object Repository/Main/mainDoneBtn'

2022-06-21 15:36:17 - [MESSAGE][WARNING] - Timeout '0' is invalid. Using default page load timeout: '40'

2022-06-21 15:36:17 - [MESSAGE][PASSED] - Tapped on element 'Object Repository/Main/mainDoneBtn'

2022-06-21 15:36:17 - [TEST_STEP][PASSED] - delay(5): Delayed 5 second(s)

2022-06-21 15:36:22 - [MESSAGE][PASSED] - Delayed 5 second(s)]]></system-out>
         <system-err><![CDATA[2022-06-21 15:29:27 - [TEST_CASE][FAILED] - Test Cases/DuitNow/duitNow_addFavoriteTransaction: Test Cases/DuitNow/duitNow_addFavoriteTransaction FAILED.
Reason:
com.kms.katalon.core.exception.StepFailedException: Object Object Repository/Main/mainCalenderPickerDoneBtn not found
	at com.kms.katalon.core.keyword.internal.KeywordMain.stepFailed(KeywordMain.groovy:39)
	at com.kms.katalon.core.mobile.keyword.internal.MobileKeywordMain.stepFailed(MobileKeywordMain.groovy:40)
	at com.kms.katalon.core.mobile.keyword.builtin.TapKeyword$_tap_closure1.doCall(TapKeyword.groovy:79)
	at com.kms.katalon.core.mobile.keyword.builtin.TapKeyword$_tap_closure1.call(TapKeyword.groovy)
	at com.kms.katalon.core.mobile.keyword.internal.MobileKeywordMain.runKeyword(MobileKeywordMain.groovy:21)
	at com.kms.katalon.core.mobile.keyword.builtin.TapKeyword.tap(TapKeyword.groovy:84)
	at com.kms.katalon.core.mobile.keyword.builtin.TapKeyword.execute(TapKeyword.groovy:68)
	at com.kms.katalon.core.keyword.internal.KeywordExecutor.executeKeywordForPlatform(KeywordExecutor.groovy:74)
	at com.kms.katalon.core.mobile.keyword.MobileBuiltInKeywords.tap(MobileBuiltInKeywords.groovy:1490)
	at com.kms.katalon.core.mobile.keyword.MobileBuiltInKeywords$tap$4.call(Unknown Source)
	at duitNow_addFavoriteTransaction.run(duitNow_addFavoriteTransaction:76)
	at com.kms.katalon.core.main.ScriptEngine.run(ScriptEngine.java:194)
	at com.kms.katalon.core.main.ScriptEngine.runScriptAsRawText(ScriptEngine.java:119)
	at com.kms.katalon.core.main.TestCaseExecutor.runScript(TestCaseExecutor.java:445)
	at com.kms.katalon.core.main.TestCaseExecutor.doExecute(TestCaseExecutor.java:436)
	at com.kms.katalon.core.main.TestCaseExecutor.processExecutionPhase(TestCaseExecutor.java:415)
	at com.kms.katalon.core.main.TestCaseExecutor.accessMainPhase(TestCaseExecutor.java:407)
	at com.kms.katalon.core.main.TestCaseExecutor.execute(TestCaseExecutor.java:284)
	at com.kms.katalon.core.common.CommonExecutor.accessTestCaseMainPhase(CommonExecutor.java:65)
	at com.kms.katalon.core.main.TestSuiteExecutor.accessTestSuiteMainPhase(TestSuiteExecutor.java:144)
	at com.kms.katalon.core.main.TestSuiteExecutor.execute(TestSuiteExecutor.java:106)
	at com.kms.katalon.core.main.TestCaseMain.startTestSuite(TestCaseMain.java:185)
	at com.kms.katalon.core.main.TestCaseMain$startTestSuite$0.call(Unknown Source)
	at TempTestSuite1655794262003.run(TempTestSuite1655794262003.groovy:36)]]></system-err>
      </testcase>
      <testcase name="Test Cases/DuitNow/duitNow_mobileNumberFavTransaction" time="658.277" classname="Test Cases/DuitNow/duitNow_mobileNumberFavTransaction" status="FAILED">
         <failure type="FAILED" message="Test Cases/DuitNow/duitNow_mobileNumberFavTransaction FAILED.
Reason:
com.kms.katalon.core.exception.StepFailedException: Failed to tap on element 'Object Repository/Banking/m2uAccountTransferIconSelect' (Root cause: org.openqa.selenium.StaleElementReferenceException: Cached elements 'By.xpath: //*[@class = 'android.widget.TextView' and (@text = 'Transfer' or . = 'Transfer')]' do not exist in DOM anymore
For documentation on this error, please visit: https://www.seleniumhq.org/exceptions/stale_element_reference.html
Build info: version: '3.141.59', revision: 'e82be7d358', time: '2018-11-14T08:25:53'
System info: host: '00139272s-MacBook-Pro.local', ip: '2001:e68:6167:4601:85f6:f1eb:65d1:8553%en0', os.name: 'Mac OS X', os.arch: 'x86_64', os.version: '10.16', java.version: '1.8.0_275'
Driver info: com.kms.katalon.core.appium.driver.SwipeableAndroidDriver
Capabilities {app: /Users/a00139272/Katalon St..., appActivity: com.maybank2u.life.MainActi..., appPackage: com.maybank2u.life.sit, appWaitActivity: *, autoGrantPermissions: true, automationName: uiautomator2, chromedriverPort: 58888, databaseEnabled: false, desired: {app: /Users/a00139272/Katalon St..., appActivity: com.maybank2u.life.MainActi..., appPackage: com.maybank2u.life.sit, appWaitActivity: *, autoGrantPermissions: true, automationName: uiautomator2, chromedriverPort: 58888, deviceId: 002b9cc60508, deviceName: Xiaomi 21061119AG (Android 11), fullReset: false, newCommandTimeout: 1800, noReset: true, platform: ANDROID, platformName: android, platformVersion: 11, systemPort: 58886, udid: 002b9cc60508}, deviceApiLevel: 30, deviceId: 002b9cc60508, deviceManufacturer: Xiaomi, deviceModel: 21061119AG, deviceName: 002b9cc60508, deviceScreenDensity: 440, deviceScreenSize: 1080x2400, deviceUDID: 002b9cc60508, fullReset: false, javascriptEnabled: true, locationContextEnabled: false, networkConnectionEnabled: true, newCommandTimeout: 1800, noReset: true, pixelRatio: 2.75, platform: ANDROID, platformName: Android, platformVersion: 11, statBarHeight: 103, systemPort: 58886, takesScreenshot: true, udid: 002b9cc60508, viewportRect: {height: 2064, left: 0, top: 103, width: 1080}, warnings: {}, webStorageEnabled: false}
Session ID: 5fc04fe1-5498-4b3a-814a-182076c98f18
	at org.openqa.selenium.remote.http.W3CHttpResponseCodec.createException(W3CHttpResponseCodec.java:187)
	at org.openqa.selenium.remote.http.W3CHttpResponseCodec.decode(W3CHttpResponseCodec.java:122)
	at org.openqa.selenium.remote.http.W3CHttpResponseCodec.decode(W3CHttpResponseCodec.java:49)
	at org.openqa.selenium.remote.HttpCommandExecutor.execute(HttpCommandExecutor.java:158)
	at io.appium.java_client.remote.AppiumCommandExecutor.execute(AppiumCommandExecutor.java:239)
	at org.openqa.selenium.remote.RemoteWebDriver.execute(RemoteWebDriver.java:552)
	at io.appium.java_client.DefaultGenericMobileDriver.execute(DefaultGenericMobileDriver.java:42)
	at io.appium.java_client.AppiumDriver.execute(AppiumDriver.java:1)
	at io.appium.java_client.android.AndroidDriver.execute(AndroidDriver.java:1)
	at com.kms.katalon.core.appium.driver.SwipeableAndroidDriver.execute(SwipeableAndroidDriver.java:1)
	at org.openqa.selenium.remote.RemoteWebElement.execute(RemoteWebElement.java:285)
	at io.appium.java_client.DefaultGenericMobileElement.execute(DefaultGenericMobileElement.java:45)
	at io.appium.java_client.MobileElement.execute(MobileElement.java:1)
	at io.appium.java_client.android.AndroidElement.execute(AndroidElement.java:1)
	at org.openqa.selenium.remote.RemoteWebElement.getLocation(RemoteWebElement.java:337)
	at org.openqa.selenium.WebElement$getLocation.call(Unknown Source)
	at com.kms.katalon.core.mobile.keyword.internal.MobileAbstractKeyword.findElement(MobileAbstractKeyword.groovy:86)
	at com.kms.katalon.core.mobile.keyword.builtin.TapKeyword.access$1(TapKeyword.groovy)
	at com.kms.katalon.core.mobile.keyword.builtin.TapKeyword$_tap_closure1.doCall(TapKeyword.groovy:76)
	at com.kms.katalon.core.mobile.keyword.builtin.TapKeyword$_tap_closure1.call(TapKeyword.groovy)
	at com.kms.katalon.core.mobile.keyword.internal.MobileKeywordMain.runKeyword(MobileKeywordMain.groovy:21)
	at com.kms.katalon.core.mobile.keyword.builtin.TapKeyword.tap(TapKeyword.groovy:84)
	at com.kms.katalon.core.mobile.keyword.builtin.TapKeyword.execute(TapKeyword.groovy:68)
	at com.kms.katalon.core.keyword.internal.KeywordExecutor.executeKeywordForPlatform(KeywordExecutor.groovy:74)
	at com.kms.katalon.core.mobile.keyword.MobileBuiltInKeywords.tap(MobileBuiltInKeywords.groovy:1490)
	at com.kms.katalon.core.mobile.keyword.MobileBuiltInKeywords$tap$4.call(Unknown Source)
	at duitNow_mobileNumberFavTransaction.run(duitNow_mobileNumberFavTransaction:74)
	at com.kms.katalon.core.main.ScriptEngine.run(ScriptEngine.java:194)
	at com.kms.katalon.core.main.ScriptEngine.runScriptAsRawText(ScriptEngine.java:119)
	at com.kms.katalon.core.main.TestCaseExecutor.runScript(TestCaseExecutor.java:445)
	at com.kms.katalon.core.main.TestCaseExecutor.doExecute(TestCaseExecutor.java:436)
	at com.kms.katalon.core.main.TestCaseExecutor.processExecutionPhase(TestCaseExecutor.java:415)
	at com.kms.katalon.core.main.TestCaseExecutor.accessMainPhase(TestCaseExecutor.java:407)
	at com.kms.katalon.core.main.TestCaseExecutor.execute(TestCaseExecutor.java:284)
	at com.kms.katalon.core.common.CommonExecutor.accessTestCaseMainPhase(CommonExecutor.java:65)
	at com.kms.katalon.core.main.TestSuiteExecutor.accessTestSuiteMainPhase(TestSuiteExecutor.java:144)
	at com.kms.katalon.core.main.TestSuiteExecutor.execute(TestSuiteExecutor.java:106)
	at com.kms.katalon.core.main.TestCaseMain.startTestSuite(TestCaseMain.java:185)
	at com.kms.katalon.core.main.TestCaseMain$startTestSuite$0.call(Unknown Source)
	at TempTestSuite1655794262003.run(TempTestSuite1655794262003.groovy:36)
)
	at com.kms.katalon.core.keyword.internal.KeywordMain.stepFailed(KeywordMain.groovy:39)
	at com.kms.katalon.core.mobile.keyword.internal.MobileKeywordMain.stepFailed(MobileKeywordMain.groovy:40)
	at com.kms.katalon.core.mobile.keyword.internal.MobileKeywordMain.runKeyword(MobileKeywordMain.groovy:23)
	at com.kms.katalon.core.mobile.keyword.builtin.TapKeyword.tap(TapKeyword.groovy:84)
	at com.kms.katalon.core.mobile.keyword.builtin.TapKeyword.execute(TapKeyword.groovy:68)
	at com.kms.katalon.core.keyword.internal.KeywordExecutor.executeKeywordForPlatform(KeywordExecutor.groovy:74)
	at com.kms.katalon.core.mobile.keyword.MobileBuiltInKeywords.tap(MobileBuiltInKeywords.groovy:1490)
	at com.kms.katalon.core.mobile.keyword.MobileBuiltInKeywords$tap$4.call(Unknown Source)
	at duitNow_mobileNumberFavTransaction.run(duitNow_mobileNumberFavTransaction:74)
	at com.kms.katalon.core.main.ScriptEngine.run(ScriptEngine.java:194)
	at com.kms.katalon.core.main.ScriptEngine.runScriptAsRawText(ScriptEngine.java:119)
	at com.kms.katalon.core.main.TestCaseExecutor.runScript(TestCaseExecutor.java:445)
	at com.kms.katalon.core.main.TestCaseExecutor.doExecute(TestCaseExecutor.java:436)
	at com.kms.katalon.core.main.TestCaseExecutor.processExecutionPhase(TestCaseExecutor.java:415)
	at com.kms.katalon.core.main.TestCaseExecutor.accessMainPhase(TestCaseExecutor.java:407)
	at com.kms.katalon.core.main.TestCaseExecutor.execute(TestCaseExecutor.java:284)
	at com.kms.katalon.core.common.CommonExecutor.accessTestCaseMainPhase(CommonExecutor.java:65)
	at com.kms.katalon.core.main.TestSuiteExecutor.accessTestSuiteMainPhase(TestSuiteExecutor.java:144)
	at com.kms.katalon.core.main.TestSuiteExecutor.execute(TestSuiteExecutor.java:106)
	at com.kms.katalon.core.main.TestCaseMain.startTestSuite(TestCaseMain.java:185)
	at com.kms.katalon.core.main.TestCaseMain$startTestSuite$0.call(Unknown Source)
	at TempTestSuite1655794262003.run(TempTestSuite1655794262003.groovy:36)
Caused by: org.openqa.selenium.StaleElementReferenceException: Cached elements 'By.xpath: //*[@class = 'android.widget.TextView' and (@text = 'Transfer' or . = 'Transfer')]' do not exist in DOM anymore
For documentation on this error, please visit: https://www.seleniumhq.org/exceptions/stale_element_reference.html
Build info: version: '3.141.59', revision: 'e82be7d358', time: '2018-11-14T08:25:53'
System info: host: '00139272s-MacBook-Pro.local', ip: '2001:e68:6167:4601:85f6:f1eb:65d1:8553%en0', os.name: 'Mac OS X', os.arch: 'x86_64', os.version: '10.16', java.version: '1.8.0_275'
Driver info: com.kms.katalon.core.appium.driver.SwipeableAndroidDriver
Capabilities {app: /Users/a00139272/Katalon St..., appActivity: com.maybank2u.life.MainActi..., appPackage: com.maybank2u.life.sit, appWaitActivity: *, autoGrantPermissions: true, automationName: uiautomator2, chromedriverPort: 58888, databaseEnabled: false, desired: {app: /Users/a00139272/Katalon St..., appActivity: com.maybank2u.life.MainActi..., appPackage: com.maybank2u.life.sit, appWaitActivity: *, autoGrantPermissions: true, automationName: uiautomator2, chromedriverPort: 58888, deviceId: 002b9cc60508, deviceName: Xiaomi 21061119AG (Android 11), fullReset: false, newCommandTimeout: 1800, noReset: true, platform: ANDROID, platformName: android, platformVersion: 11, systemPort: 58886, udid: 002b9cc60508}, deviceApiLevel: 30, deviceId: 002b9cc60508, deviceManufacturer: Xiaomi, deviceModel: 21061119AG, deviceName: 002b9cc60508, deviceScreenDensity: 440, deviceScreenSize: 1080x2400, deviceUDID: 002b9cc60508, fullReset: false, javascriptEnabled: true, locationContextEnabled: false, networkConnectionEnabled: true, newCommandTimeout: 1800, noReset: true, pixelRatio: 2.75, platform: ANDROID, platformName: Android, platformVersion: 11, statBarHeight: 103, systemPort: 58886, takesScreenshot: true, udid: 002b9cc60508, viewportRect: {height: 2064, left: 0, top: 103, width: 1080}, warnings: {}, webStorageEnabled: false}
Session ID: 5fc04fe1-5498-4b3a-814a-182076c98f18
	at org.openqa.selenium.remote.http.W3CHttpResponseCodec.createException(W3CHttpResponseCodec.java:187)
	at org.openqa.selenium.remote.http.W3CHttpResponseCodec.decode(W3CHttpResponseCodec.java:122)
	at org.openqa.selenium.remote.http.W3CHttpResponseCodec.decode(W3CHttpResponseCodec.java:49)
	at org.openqa.selenium.remote.HttpCommandExecutor.execute(HttpCommandExecutor.java:158)
	at io.appium.java_client.remote.AppiumCommandExecutor.execute(AppiumCommandExecutor.java:239)
	at org.openqa.selenium.remote.RemoteWebDriver.execute(RemoteWebDriver.java:552)
	at io.appium.java_client.DefaultGenericMobileDriver.execute(DefaultGenericMobileDriver.java:42)
	at io.appium.java_client.AppiumDriver.execute(AppiumDriver.java:1)
	at io.appium.java_client.android.AndroidDriver.execute(AndroidDriver.java:1)
	at com.kms.katalon.core.appium.driver.SwipeableAndroidDriver.execute(SwipeableAndroidDriver.java:1)
	at org.openqa.selenium.remote.RemoteWebElement.execute(RemoteWebElement.java:285)
	at io.appium.java_client.DefaultGenericMobileElement.execute(DefaultGenericMobileElement.java:45)
	at io.appium.java_client.MobileElement.execute(MobileElement.java:1)
	at io.appium.java_client.android.AndroidElement.execute(AndroidElement.java:1)
	at org.openqa.selenium.remote.RemoteWebElement.getLocation(RemoteWebElement.java:337)
	at org.openqa.selenium.WebElement$getLocation.call(Unknown Source)
	at com.kms.katalon.core.mobile.keyword.internal.MobileAbstractKeyword.findElement(MobileAbstractKeyword.groovy:86)
	at com.kms.katalon.core.mobile.keyword.builtin.TapKeyword.access$1(TapKeyword.groovy)
	at com.kms.katalon.core.mobile.keyword.builtin.TapKeyword$_tap_closure1.doCall(TapKeyword.groovy:76)
	at com.kms.katalon.core.mobile.keyword.builtin.TapKeyword$_tap_closure1.call(TapKeyword.groovy)
	at com.kms.katalon.core.mobile.keyword.internal.MobileKeywordMain.runKeyword(MobileKeywordMain.groovy:21)
	... 19 more
"/>
         <system-out><![CDATA[2022-06-21 15:36:22 - [TEST_CASE][FAILED] - Test Cases/DuitNow/duitNow_mobileNumberFavTransaction: Test Cases/DuitNow/duitNow_mobileNumberFavTransaction FAILED.
Reason:
com.kms.katalon.core.exception.StepFailedException: Failed to tap on element 'Object Repository/Banking/m2uAccountTransferIconSelect' (Root cause: org.openqa.selenium.StaleElementReferenceException: Cached elements 'By.xpath: //*[@class = 'android.widget.TextView' and (@text = 'Transfer' or . = 'Transfer')]' do not exist in DOM anymore
For documentation on this error, please visit: https://www.seleniumhq.org/exceptions/stale_element_reference.html
Build info: version: '3.141.59', revision: 'e82be7d358', time: '2018-11-14T08:25:53'
System info: host: '00139272s-MacBook-Pro.local', ip: '2001:e68:6167:4601:85f6:f1eb:65d1:8553%en0', os.name: 'Mac OS X', os.arch: 'x86_64', os.version: '10.16', java.version: '1.8.0_275'
Driver info: com.kms.katalon.core.appium.driver.SwipeableAndroidDriver
Capabilities {app: /Users/a00139272/Katalon St..., appActivity: com.maybank2u.life.MainActi..., appPackage: com.maybank2u.life.sit, appWaitActivity: *, autoGrantPermissions: true, automationName: uiautomator2, chromedriverPort: 58888, databaseEnabled: false, desired: {app: /Users/a00139272/Katalon St..., appActivity: com.maybank2u.life.MainActi..., appPackage: com.maybank2u.life.sit, appWaitActivity: *, autoGrantPermissions: true, automationName: uiautomator2, chromedriverPort: 58888, deviceId: 002b9cc60508, deviceName: Xiaomi 21061119AG (Android 11), fullReset: false, newCommandTimeout: 1800, noReset: true, platform: ANDROID, platformName: android, platformVersion: 11, systemPort: 58886, udid: 002b9cc60508}, deviceApiLevel: 30, deviceId: 002b9cc60508, deviceManufacturer: Xiaomi, deviceModel: 21061119AG, deviceName: 002b9cc60508, deviceScreenDensity: 440, deviceScreenSize: 1080x2400, deviceUDID: 002b9cc60508, fullReset: false, javascriptEnabled: true, locationContextEnabled: false, networkConnectionEnabled: true, newCommandTimeout: 1800, noReset: true, pixelRatio: 2.75, platform: ANDROID, platformName: Android, platformVersion: 11, statBarHeight: 103, systemPort: 58886, takesScreenshot: true, udid: 002b9cc60508, viewportRect: {height: 2064, left: 0, top: 103, width: 1080}, warnings: {}, webStorageEnabled: false}
Session ID: 5fc04fe1-5498-4b3a-814a-182076c98f18
	at org.openqa.selenium.remote.http.W3CHttpResponseCodec.createException(W3CHttpResponseCodec.java:187)
	at org.openqa.selenium.remote.http.W3CHttpResponseCodec.decode(W3CHttpResponseCodec.java:122)
	at org.openqa.selenium.remote.http.W3CHttpResponseCodec.decode(W3CHttpResponseCodec.java:49)
	at org.openqa.selenium.remote.HttpCommandExecutor.execute(HttpCommandExecutor.java:158)
	at io.appium.java_client.remote.AppiumCommandExecutor.execute(AppiumCommandExecutor.java:239)
	at org.openqa.selenium.remote.RemoteWebDriver.execute(RemoteWebDriver.java:552)
	at io.appium.java_client.DefaultGenericMobileDriver.execute(DefaultGenericMobileDriver.java:42)
	at io.appium.java_client.AppiumDriver.execute(AppiumDriver.java:1)
	at io.appium.java_client.android.AndroidDriver.execute(AndroidDriver.java:1)
	at com.kms.katalon.core.appium.driver.SwipeableAndroidDriver.execute(SwipeableAndroidDriver.java:1)
	at org.openqa.selenium.remote.RemoteWebElement.execute(RemoteWebElement.java:285)
	at io.appium.java_client.DefaultGenericMobileElement.execute(DefaultGenericMobileElement.java:45)
	at io.appium.java_client.MobileElement.execute(MobileElement.java:1)
	at io.appium.java_client.android.AndroidElement.execute(AndroidElement.java:1)
	at org.openqa.selenium.remote.RemoteWebElement.getLocation(RemoteWebElement.java:337)
	at org.openqa.selenium.WebElement$getLocation.call(Unknown Source)
	at com.kms.katalon.core.mobile.keyword.internal.MobileAbstractKeyword.findElement(MobileAbstractKeyword.groovy:86)
	at com.kms.katalon.core.mobile.keyword.builtin.TapKeyword.access$1(TapKeyword.groovy)
	at com.kms.katalon.core.mobile.keyword.builtin.TapKeyword$_tap_closure1.doCall(TapKeyword.groovy:76)
	at com.kms.katalon.core.mobile.keyword.builtin.TapKeyword$_tap_closure1.call(TapKeyword.groovy)
	at com.kms.katalon.core.mobile.keyword.internal.MobileKeywordMain.runKeyword(MobileKeywordMain.groovy:21)
	at com.kms.katalon.core.mobile.keyword.builtin.TapKeyword.tap(TapKeyword.groovy:84)
	at com.kms.katalon.core.mobile.keyword.builtin.TapKeyword.execute(TapKeyword.groovy:68)
	at com.kms.katalon.core.keyword.internal.KeywordExecutor.executeKeywordForPlatform(KeywordExecutor.groovy:74)
	at com.kms.katalon.core.mobile.keyword.MobileBuiltInKeywords.tap(MobileBuiltInKeywords.groovy:1490)
	at com.kms.katalon.core.mobile.keyword.MobileBuiltInKeywords$tap$4.call(Unknown Source)
	at duitNow_mobileNumberFavTransaction.run(duitNow_mobileNumberFavTransaction:74)
	at com.kms.katalon.core.main.ScriptEngine.run(ScriptEngine.java:194)
	at com.kms.katalon.core.main.ScriptEngine.runScriptAsRawText(ScriptEngine.java:119)
	at com.kms.katalon.core.main.TestCaseExecutor.runScript(TestCaseExecutor.java:445)
	at com.kms.katalon.core.main.TestCaseExecutor.doExecute(TestCaseExecutor.java:436)
	at com.kms.katalon.core.main.TestCaseExecutor.processExecutionPhase(TestCaseExecutor.java:415)
	at com.kms.katalon.core.main.TestCaseExecutor.accessMainPhase(TestCaseExecutor.java:407)
	at com.kms.katalon.core.main.TestCaseExecutor.execute(TestCaseExecutor.java:284)
	at com.kms.katalon.core.common.CommonExecutor.accessTestCaseMainPhase(CommonExecutor.java:65)
	at com.kms.katalon.core.main.TestSuiteExecutor.accessTestSuiteMainPhase(TestSuiteExecutor.java:144)
	at com.kms.katalon.core.main.TestSuiteExecutor.execute(TestSuiteExecutor.java:106)
	at com.kms.katalon.core.main.TestCaseMain.startTestSuite(TestCaseMain.java:185)
	at com.kms.katalon.core.main.TestCaseMain$startTestSuite$0.call(Unknown Source)
	at TempTestSuite1655794262003.run(TempTestSuite1655794262003.groovy:36)
)
	at com.kms.katalon.core.keyword.internal.KeywordMain.stepFailed(KeywordMain.groovy:39)
	at com.kms.katalon.core.mobile.keyword.internal.MobileKeywordMain.stepFailed(MobileKeywordMain.groovy:40)
	at com.kms.katalon.core.mobile.keyword.internal.MobileKeywordMain.runKeyword(MobileKeywordMain.groovy:23)
	at com.kms.katalon.core.mobile.keyword.builtin.TapKeyword.tap(TapKeyword.groovy:84)
	at com.kms.katalon.core.mobile.keyword.builtin.TapKeyword.execute(TapKeyword.groovy:68)
	at com.kms.katalon.core.keyword.internal.KeywordExecutor.executeKeywordForPlatform(KeywordExecutor.groovy:74)
	at com.kms.katalon.core.mobile.keyword.MobileBuiltInKeywords.tap(MobileBuiltInKeywords.groovy:1490)
	at com.kms.katalon.core.mobile.keyword.MobileBuiltInKeywords$tap$4.call(Unknown Source)
	at duitNow_mobileNumberFavTransaction.run(duitNow_mobileNumberFavTransaction:74)
	at com.kms.katalon.core.main.ScriptEngine.run(ScriptEngine.java:194)
	at com.kms.katalon.core.main.ScriptEngine.runScriptAsRawText(ScriptEngine.java:119)
	at com.kms.katalon.core.main.TestCaseExecutor.runScript(TestCaseExecutor.java:445)
	at com.kms.katalon.core.main.TestCaseExecutor.doExecute(TestCaseExecutor.java:436)
	at com.kms.katalon.core.main.TestCaseExecutor.processExecutionPhase(TestCaseExecutor.java:415)
	at com.kms.katalon.core.main.TestCaseExecutor.accessMainPhase(TestCaseExecutor.java:407)
	at com.kms.katalon.core.main.TestCaseExecutor.execute(TestCaseExecutor.java:284)
	at com.kms.katalon.core.common.CommonExecutor.accessTestCaseMainPhase(CommonExecutor.java:65)
	at com.kms.katalon.core.main.TestSuiteExecutor.accessTestSuiteMainPhase(TestSuiteExecutor.java:144)
	at com.kms.katalon.core.main.TestSuiteExecutor.execute(TestSuiteExecutor.java:106)
	at com.kms.katalon.core.main.TestCaseMain.startTestSuite(TestCaseMain.java:185)
	at com.kms.katalon.core.main.TestCaseMain$startTestSuite$0.call(Unknown Source)
	at TempTestSuite1655794262003.run(TempTestSuite1655794262003.groovy:36)
Caused by: org.openqa.selenium.StaleElementReferenceException: Cached elements 'By.xpath: //*[@class = 'android.widget.TextView' and (@text = 'Transfer' or . = 'Transfer')]' do not exist in DOM anymore
For documentation on this error, please visit: https://www.seleniumhq.org/exceptions/stale_element_reference.html
Build info: version: '3.141.59', revision: 'e82be7d358', time: '2018-11-14T08:25:53'
System info: host: '00139272s-MacBook-Pro.local', ip: '2001:e68:6167:4601:85f6:f1eb:65d1:8553%en0', os.name: 'Mac OS X', os.arch: 'x86_64', os.version: '10.16', java.version: '1.8.0_275'
Driver info: com.kms.katalon.core.appium.driver.SwipeableAndroidDriver
Capabilities {app: /Users/a00139272/Katalon St..., appActivity: com.maybank2u.life.MainActi..., appPackage: com.maybank2u.life.sit, appWaitActivity: *, autoGrantPermissions: true, automationName: uiautomator2, chromedriverPort: 58888, databaseEnabled: false, desired: {app: /Users/a00139272/Katalon St..., appActivity: com.maybank2u.life.MainActi..., appPackage: com.maybank2u.life.sit, appWaitActivity: *, autoGrantPermissions: true, automationName: uiautomator2, chromedriverPort: 58888, deviceId: 002b9cc60508, deviceName: Xiaomi 21061119AG (Android 11), fullReset: false, newCommandTimeout: 1800, noReset: true, platform: ANDROID, platformName: android, platformVersion: 11, systemPort: 58886, udid: 002b9cc60508}, deviceApiLevel: 30, deviceId: 002b9cc60508, deviceManufacturer: Xiaomi, deviceModel: 21061119AG, deviceName: 002b9cc60508, deviceScreenDensity: 440, deviceScreenSize: 1080x2400, deviceUDID: 002b9cc60508, fullReset: false, javascriptEnabled: true, locationContextEnabled: false, networkConnectionEnabled: true, newCommandTimeout: 1800, noReset: true, pixelRatio: 2.75, platform: ANDROID, platformName: Android, platformVersion: 11, statBarHeight: 103, systemPort: 58886, takesScreenshot: true, udid: 002b9cc60508, viewportRect: {height: 2064, left: 0, top: 103, width: 1080}, warnings: {}, webStorageEnabled: false}
Session ID: 5fc04fe1-5498-4b3a-814a-182076c98f18
	at org.openqa.selenium.remote.http.W3CHttpResponseCodec.createException(W3CHttpResponseCodec.java:187)
	at org.openqa.selenium.remote.http.W3CHttpResponseCodec.decode(W3CHttpResponseCodec.java:122)
	at org.openqa.selenium.remote.http.W3CHttpResponseCodec.decode(W3CHttpResponseCodec.java:49)
	at org.openqa.selenium.remote.HttpCommandExecutor.execute(HttpCommandExecutor.java:158)
	at io.appium.java_client.remote.AppiumCommandExecutor.execute(AppiumCommandExecutor.java:239)
	at org.openqa.selenium.remote.RemoteWebDriver.execute(RemoteWebDriver.java:552)
	at io.appium.java_client.DefaultGenericMobileDriver.execute(DefaultGenericMobileDriver.java:42)
	at io.appium.java_client.AppiumDriver.execute(AppiumDriver.java:1)
	at io.appium.java_client.android.AndroidDriver.execute(AndroidDriver.java:1)
	at com.kms.katalon.core.appium.driver.SwipeableAndroidDriver.execute(SwipeableAndroidDriver.java:1)
	at org.openqa.selenium.remote.RemoteWebElement.execute(RemoteWebElement.java:285)
	at io.appium.java_client.DefaultGenericMobileElement.execute(DefaultGenericMobileElement.java:45)
	at io.appium.java_client.MobileElement.execute(MobileElement.java:1)
	at io.appium.java_client.android.AndroidElement.execute(AndroidElement.java:1)
	at org.openqa.selenium.remote.RemoteWebElement.getLocation(RemoteWebElement.java:337)
	at org.openqa.selenium.WebElement$getLocation.call(Unknown Source)
	at com.kms.katalon.core.mobile.keyword.internal.MobileAbstractKeyword.findElement(MobileAbstractKeyword.groovy:86)
	at com.kms.katalon.core.mobile.keyword.builtin.TapKeyword.access$1(TapKeyword.groovy)
	at com.kms.katalon.core.mobile.keyword.builtin.TapKeyword$_tap_closure1.doCall(TapKeyword.groovy:76)
	at com.kms.katalon.core.mobile.keyword.builtin.TapKeyword$_tap_closure1.call(TapKeyword.groovy)
	at com.kms.katalon.core.mobile.keyword.internal.MobileKeywordMain.runKeyword(MobileKeywordMain.groovy:21)
	... 19 more


2022-06-21 15:36:22 - [TEST_STEP][PASSED] - delay(5): Delayed 5 second(s)

2022-06-21 15:36:27 - [MESSAGE][PASSED] - Delayed 5 second(s)

2022-06-21 15:36:27 - [TEST_STEP][PASSED] - device_Height = getDeviceHeight(): Current device physical height is 2167

2022-06-21 15:36:27 - [MESSAGE][PASSED] - Current device physical height is 2167

2022-06-21 15:36:27 - [TEST_STEP][PASSED] - device_Width = getDeviceWidth(): Current device physical width is 1080

2022-06-21 15:36:27 - [MESSAGE][PASSED] - Current device physical width is 1080

2022-06-21 15:36:27 - [TEST_STEP][PASSED] - startX = device_Width / 3: null

2022-06-21 15:36:27 - [TEST_STEP][PASSED] - startY = device_Height * 0.97: null

2022-06-21 15:36:27 - [TEST_STEP][PASSED] - verifyElementVisible(findTestObject("Banking/m2uAccountTransferIconSelect"), 0): Element 'Object Repository/Banking/m2uAccountTransferIconSelect' is visible

2022-06-21 15:36:27 - [MESSAGE][WARNING] - Timeout '0' is invalid. Using default page load timeout: '40'

2022-06-21 15:36:50 - [MESSAGE][PASSED] - Element 'Object Repository/Banking/m2uAccountTransferIconSelect' is visible

2022-06-21 15:36:50 - [TEST_STEP][FAILED] - tap(findTestObject("Banking/m2uAccountTransferIconSelect"), 0): Failed to tap on element 'Object Repository/Banking/m2uAccountTransferIconSelect' (Root cause: org.openqa.selenium.StaleElementReferenceException: Cached elements 'By.xpath: //*[@class = 'android.widget.TextView' and (@text = 'Transfer' or . = 'Transfer')]' do not exist in DOM anymore
For documentation on this error, please visit: https://www.seleniumhq.org/exceptions/stale_element_reference.html
Build info: version: '3.141.59', revision: 'e82be7d358', time: '2018-11-14T08:25:53'
System info: host: '00139272s-MacBook-Pro.local', ip: '2001:e68:6167:4601:85f6:f1eb:65d1:8553%en0', os.name: 'Mac OS X', os.arch: 'x86_64', os.version: '10.16', java.version: '1.8.0_275'
Driver info: com.kms.katalon.core.appium.driver.SwipeableAndroidDriver
Capabilities {app: /Users/a00139272/Katalon St..., appActivity: com.maybank2u.life.MainActi..., appPackage: com.maybank2u.life.sit, appWaitActivity: *, autoGrantPermissions: true, automationName: uiautomator2, chromedriverPort: 58888, databaseEnabled: false, desired: {app: /Users/a00139272/Katalon St..., appActivity: com.maybank2u.life.MainActi..., appPackage: com.maybank2u.life.sit, appWaitActivity: *, autoGrantPermissions: true, automationName: uiautomator2, chromedriverPort: 58888, deviceId: 002b9cc60508, deviceName: Xiaomi 21061119AG (Android 11), fullReset: false, newCommandTimeout: 1800, noReset: true, platform: ANDROID, platformName: android, platformVersion: 11, systemPort: 58886, udid: 002b9cc60508}, deviceApiLevel: 30, deviceId: 002b9cc60508, deviceManufacturer: Xiaomi, deviceModel: 21061119AG, deviceName: 002b9cc60508, deviceScreenDensity: 440, deviceScreenSize: 1080x2400, deviceUDID: 002b9cc60508, fullReset: false, javascriptEnabled: true, locationContextEnabled: false, networkConnectionEnabled: true, newCommandTimeout: 1800, noReset: true, pixelRatio: 2.75, platform: ANDROID, platformName: Android, platformVersion: 11, statBarHeight: 103, systemPort: 58886, takesScreenshot: true, udid: 002b9cc60508, viewportRect: {height: 2064, left: 0, top: 103, width: 1080}, warnings: {}, webStorageEnabled: false}
Session ID: 5fc04fe1-5498-4b3a-814a-182076c98f18
	at org.openqa.selenium.remote.http.W3CHttpResponseCodec.createException(W3CHttpResponseCodec.java:187)
	at org.openqa.selenium.remote.http.W3CHttpResponseCodec.decode(W3CHttpResponseCodec.java:122)
	at org.openqa.selenium.remote.http.W3CHttpResponseCodec.decode(W3CHttpResponseCodec.java:49)
	at org.openqa.selenium.remote.HttpCommandExecutor.execute(HttpCommandExecutor.java:158)
	at io.appium.java_client.remote.AppiumCommandExecutor.execute(AppiumCommandExecutor.java:239)
	at org.openqa.selenium.remote.RemoteWebDriver.execute(RemoteWebDriver.java:552)
	at io.appium.java_client.DefaultGenericMobileDriver.execute(DefaultGenericMobileDriver.java:42)
	at io.appium.java_client.AppiumDriver.execute(AppiumDriver.java:1)
	at io.appium.java_client.android.AndroidDriver.execute(AndroidDriver.java:1)
	at com.kms.katalon.core.appium.driver.SwipeableAndroidDriver.execute(SwipeableAndroidDriver.java:1)
	at org.openqa.selenium.remote.RemoteWebElement.execute(RemoteWebElement.java:285)
	at io.appium.java_client.DefaultGenericMobileElement.execute(DefaultGenericMobileElement.java:45)
	at io.appium.java_client.MobileElement.execute(MobileElement.java:1)
	at io.appium.java_client.android.AndroidElement.execute(AndroidElement.java:1)
	at org.openqa.selenium.remote.RemoteWebElement.getLocation(RemoteWebElement.java:337)
	at org.openqa.selenium.WebElement$getLocation.call(Unknown Source)
	at com.kms.katalon.core.mobile.keyword.internal.MobileAbstractKeyword.findElement(MobileAbstractKeyword.groovy:86)
	at com.kms.katalon.core.mobile.keyword.builtin.TapKeyword.access$1(TapKeyword.groovy)
	at com.kms.katalon.core.mobile.keyword.builtin.TapKeyword$_tap_closure1.doCall(TapKeyword.groovy:76)
	at com.kms.katalon.core.mobile.keyword.builtin.TapKeyword$_tap_closure1.call(TapKeyword.groovy)
	at com.kms.katalon.core.mobile.keyword.internal.MobileKeywordMain.runKeyword(MobileKeywordMain.groovy:21)
	at com.kms.katalon.core.mobile.keyword.builtin.TapKeyword.tap(TapKeyword.groovy:84)
	at com.kms.katalon.core.mobile.keyword.builtin.TapKeyword.execute(TapKeyword.groovy:68)
	at com.kms.katalon.core.keyword.internal.KeywordExecutor.executeKeywordForPlatform(KeywordExecutor.groovy:74)
	at com.kms.katalon.core.mobile.keyword.MobileBuiltInKeywords.tap(MobileBuiltInKeywords.groovy:1490)
	at com.kms.katalon.core.mobile.keyword.MobileBuiltInKeywords$tap$4.call(Unknown Source)
	at duitNow_mobileNumberFavTransaction.run(duitNow_mobileNumberFavTransaction:74)
	at com.kms.katalon.core.main.ScriptEngine.run(ScriptEngine.java:194)
	at com.kms.katalon.core.main.ScriptEngine.runScriptAsRawText(ScriptEngine.java:119)
	at com.kms.katalon.core.main.TestCaseExecutor.runScript(TestCaseExecutor.java:445)
	at com.kms.katalon.core.main.TestCaseExecutor.doExecute(TestCaseExecutor.java:436)
	at com.kms.katalon.core.main.TestCaseExecutor.processExecutionPhase(TestCaseExecutor.java:415)
	at com.kms.katalon.core.main.TestCaseExecutor.accessMainPhase(TestCaseExecutor.java:407)
	at com.kms.katalon.core.main.TestCaseExecutor.execute(TestCaseExecutor.java:284)
	at com.kms.katalon.core.common.CommonExecutor.accessTestCaseMainPhase(CommonExecutor.java:65)
	at com.kms.katalon.core.main.TestSuiteExecutor.accessTestSuiteMainPhase(TestSuiteExecutor.java:144)
	at com.kms.katalon.core.main.TestSuiteExecutor.execute(TestSuiteExecutor.java:106)
	at com.kms.katalon.core.main.TestCaseMain.startTestSuite(TestCaseMain.java:185)
	at com.kms.katalon.core.main.TestCaseMain$startTestSuite$0.call(Unknown Source)
	at TempTestSuite1655794262003.run(TempTestSuite1655794262003.groovy:36)
)

2022-06-21 15:36:50 - [MESSAGE][WARNING] - Timeout '0' is invalid. Using default page load timeout: '40'

2022-06-21 15:36:56 - [MESSAGE][FAILED] - Failed to tap on element 'Object Repository/Banking/m2uAccountTransferIconSelect' (Root cause: org.openqa.selenium.StaleElementReferenceException: Cached elements 'By.xpath: //*[@class = 'android.widget.TextView' and (@text = 'Transfer' or . = 'Transfer')]' do not exist in DOM anymore
For documentation on this error, please visit: https://www.seleniumhq.org/exceptions/stale_element_reference.html
Build info: version: '3.141.59', revision: 'e82be7d358', time: '2018-11-14T08:25:53'
System info: host: '00139272s-MacBook-Pro.local', ip: '2001:e68:6167:4601:85f6:f1eb:65d1:8553%en0', os.name: 'Mac OS X', os.arch: 'x86_64', os.version: '10.16', java.version: '1.8.0_275'
Driver info: com.kms.katalon.core.appium.driver.SwipeableAndroidDriver
Capabilities {app: /Users/a00139272/Katalon St..., appActivity: com.maybank2u.life.MainActi..., appPackage: com.maybank2u.life.sit, appWaitActivity: *, autoGrantPermissions: true, automationName: uiautomator2, chromedriverPort: 58888, databaseEnabled: false, desired: {app: /Users/a00139272/Katalon St..., appActivity: com.maybank2u.life.MainActi..., appPackage: com.maybank2u.life.sit, appWaitActivity: *, autoGrantPermissions: true, automationName: uiautomator2, chromedriverPort: 58888, deviceId: 002b9cc60508, deviceName: Xiaomi 21061119AG (Android 11), fullReset: false, newCommandTimeout: 1800, noReset: true, platform: ANDROID, platformName: android, platformVersion: 11, systemPort: 58886, udid: 002b9cc60508}, deviceApiLevel: 30, deviceId: 002b9cc60508, deviceManufacturer: Xiaomi, deviceModel: 21061119AG, deviceName: 002b9cc60508, deviceScreenDensity: 440, deviceScreenSize: 1080x2400, deviceUDID: 002b9cc60508, fullReset: false, javascriptEnabled: true, locationContextEnabled: false, networkConnectionEnabled: true, newCommandTimeout: 1800, noReset: true, pixelRatio: 2.75, platform: ANDROID, platformName: Android, platformVersion: 11, statBarHeight: 103, systemPort: 58886, takesScreenshot: true, udid: 002b9cc60508, viewportRect: {height: 2064, left: 0, top: 103, width: 1080}, warnings: {}, webStorageEnabled: false}
Session ID: 5fc04fe1-5498-4b3a-814a-182076c98f18
	at org.openqa.selenium.remote.http.W3CHttpResponseCodec.createException(W3CHttpResponseCodec.java:187)
	at org.openqa.selenium.remote.http.W3CHttpResponseCodec.decode(W3CHttpResponseCodec.java:122)
	at org.openqa.selenium.remote.http.W3CHttpResponseCodec.decode(W3CHttpResponseCodec.java:49)
	at org.openqa.selenium.remote.HttpCommandExecutor.execute(HttpCommandExecutor.java:158)
	at io.appium.java_client.remote.AppiumCommandExecutor.execute(AppiumCommandExecutor.java:239)
	at org.openqa.selenium.remote.RemoteWebDriver.execute(RemoteWebDriver.java:552)
	at io.appium.java_client.DefaultGenericMobileDriver.execute(DefaultGenericMobileDriver.java:42)
	at io.appium.java_client.AppiumDriver.execute(AppiumDriver.java:1)
	at io.appium.java_client.android.AndroidDriver.execute(AndroidDriver.java:1)
	at com.kms.katalon.core.appium.driver.SwipeableAndroidDriver.execute(SwipeableAndroidDriver.java:1)
	at org.openqa.selenium.remote.RemoteWebElement.execute(RemoteWebElement.java:285)
	at io.appium.java_client.DefaultGenericMobileElement.execute(DefaultGenericMobileElement.java:45)
	at io.appium.java_client.MobileElement.execute(MobileElement.java:1)
	at io.appium.java_client.android.AndroidElement.execute(AndroidElement.java:1)
	at org.openqa.selenium.remote.RemoteWebElement.getLocation(RemoteWebElement.java:337)
	at org.openqa.selenium.WebElement$getLocation.call(Unknown Source)
	at com.kms.katalon.core.mobile.keyword.internal.MobileAbstractKeyword.findElement(MobileAbstractKeyword.groovy:86)
	at com.kms.katalon.core.mobile.keyword.builtin.TapKeyword.access$1(TapKeyword.groovy)
	at com.kms.katalon.core.mobile.keyword.builtin.TapKeyword$_tap_closure1.doCall(TapKeyword.groovy:76)
	at com.kms.katalon.core.mobile.keyword.builtin.TapKeyword$_tap_closure1.call(TapKeyword.groovy)
	at com.kms.katalon.core.mobile.keyword.internal.MobileKeywordMain.runKeyword(MobileKeywordMain.groovy:21)
	at com.kms.katalon.core.mobile.keyword.builtin.TapKeyword.tap(TapKeyword.groovy:84)
	at com.kms.katalon.core.mobile.keyword.builtin.TapKeyword.execute(TapKeyword.groovy:68)
	at com.kms.katalon.core.keyword.internal.KeywordExecutor.executeKeywordForPlatform(KeywordExecutor.groovy:74)
	at com.kms.katalon.core.mobile.keyword.MobileBuiltInKeywords.tap(MobileBuiltInKeywords.groovy:1490)
	at com.kms.katalon.core.mobile.keyword.MobileBuiltInKeywords$tap$4.call(Unknown Source)
	at duitNow_mobileNumberFavTransaction.run(duitNow_mobileNumberFavTransaction:74)
	at com.kms.katalon.core.main.ScriptEngine.run(ScriptEngine.java:194)
	at com.kms.katalon.core.main.ScriptEngine.runScriptAsRawText(ScriptEngine.java:119)
	at com.kms.katalon.core.main.TestCaseExecutor.runScript(TestCaseExecutor.java:445)
	at com.kms.katalon.core.main.TestCaseExecutor.doExecute(TestCaseExecutor.java:436)
	at com.kms.katalon.core.main.TestCaseExecutor.processExecutionPhase(TestCaseExecutor.java:415)
	at com.kms.katalon.core.main.TestCaseExecutor.accessMainPhase(TestCaseExecutor.java:407)
	at com.kms.katalon.core.main.TestCaseExecutor.execute(TestCaseExecutor.java:284)
	at com.kms.katalon.core.common.CommonExecutor.accessTestCaseMainPhase(CommonExecutor.java:65)
	at com.kms.katalon.core.main.TestSuiteExecutor.accessTestSuiteMainPhase(TestSuiteExecutor.java:144)
	at com.kms.katalon.core.main.TestSuiteExecutor.execute(TestSuiteExecutor.java:106)
	at com.kms.katalon.core.main.TestCaseMain.startTestSuite(TestCaseMain.java:185)
	at com.kms.katalon.core.main.TestCaseMain$startTestSuite$0.call(Unknown Source)
	at TempTestSuite1655794262003.run(TempTestSuite1655794262003.groovy:36)
)

2022-06-21 15:36:56 - [TEST_STEP][FAILED] - verifyElementVisible(findTestObject("Banking/transferDuitNowTopMenuSelect"), 5): Element 'Object Repository/Banking/transferDuitNowTopMenuSelect' not found

2022-06-21 15:37:02 - [MESSAGE][FAILED] - Element 'Object Repository/Banking/transferDuitNowTopMenuSelect' not found

2022-06-21 15:37:02 - [TEST_STEP][FAILED] - tap(findTestObject("Banking/transferDuitNowTopMenuSelect"), 10): Object Object Repository/Banking/transferDuitNowTopMenuSelect not found

2022-06-21 15:37:12 - [MESSAGE][FAILED] - Object Object Repository/Banking/transferDuitNowTopMenuSelect not found

2022-06-21 15:37:12 - [TEST_STEP][PASSED] - delay(3): Delayed 3 second(s)

2022-06-21 15:37:15 - [MESSAGE][PASSED] - Delayed 3 second(s)

2022-06-21 15:37:15 - [TEST_STEP][FAILED] - verifyElementText(findTestObject("Transfer/transferFavListAccNameTxt", ["accName":recName3]), recName3): Element 'Object Repository/Transfer/transferFavListAccNameTxt' not found

2022-06-21 15:37:55 - [MESSAGE][FAILED] - Element 'Object Repository/Transfer/transferFavListAccNameTxt' not found

2022-06-21 15:37:55 - [TEST_STEP][FAILED] - verifyElementText(findTestObject("Transfer/transferFavListAccNoTxt", ["accNo":proxyNumber]), proxyNumber): Element 'Object Repository/Transfer/transferFavListAccNoTxt' not found

2022-06-21 15:38:35 - [MESSAGE][FAILED] - Element 'Object Repository/Transfer/transferFavListAccNoTxt' not found

2022-06-21 15:38:35 - [TEST_STEP][FAILED] - verifyElementText(findTestObject("Transfer/transferFavListAccBankTxt", ["accBank":proxyType]), proxyType): Element 'Object Repository/Transfer/transferFavListAccBankTxt' not found

2022-06-21 15:39:15 - [MESSAGE][FAILED] - Element 'Object Repository/Transfer/transferFavListAccBankTxt' not found

2022-06-21 15:39:15 - [TEST_STEP][FAILED] - tap(findTestObject("Transfer/transferFavListAccNameTxt", ["accName":recName3]), 0): Object Object Repository/Transfer/transferFavListAccNameTxt not found

2022-06-21 15:39:15 - [MESSAGE][WARNING] - Timeout '0' is invalid. Using default page load timeout: '40'

2022-06-21 15:39:55 - [MESSAGE][FAILED] - Object Object Repository/Transfer/transferFavListAccNameTxt not found

2022-06-21 15:39:55 - [TEST_STEP][PASSED] - delay(3): Delayed 3 second(s)

2022-06-21 15:39:58 - [MESSAGE][PASSED] - Delayed 3 second(s)

2022-06-21 15:39:58 - [TEST_STEP][FAILED] - verifyElementText(findTestObject("Duit Now/duitNowAmountProxyNumberTxt", ["proxyNumber":proxyNumber]), proxyNumber): Element 'Object Repository/Duit Now/duitNowAmountProxyNumberTxt' not found

2022-06-21 15:40:39 - [MESSAGE][FAILED] - Element 'Object Repository/Duit Now/duitNowAmountProxyNumberTxt' not found

2022-06-21 15:40:39 - [TEST_STEP][FAILED] - receipientName = getText(findTestObject("Duit Now/duitNowAmountReceipientNameTxt", ["recName":recName]), 0): Object Object Repository/Duit Now/duitNowAmountReceipientNameTxt not found

2022-06-21 15:40:39 - [MESSAGE][WARNING] - Timeout '0' is invalid. Using default page load timeout: '40'

2022-06-21 15:41:19 - [MESSAGE][FAILED] - Object Object Repository/Duit Now/duitNowAmountReceipientNameTxt not found

2022-06-21 15:41:19 - [TEST_STEP][PASSED] - recName_1 = recName: null

2022-06-21 15:41:19 - [TEST_STEP][PASSED] - recName_2 = recName2: null

2022-06-21 15:41:19 - [TEST_STEP][PASSED] - privName_1 = privName: null

2022-06-21 15:41:19 - [TEST_STEP][FAILED] - checker = verifyMatch(receipientName, $recName_1||$privName_1, true): Unable to verify match between actual text 'null' and expected text 'CAPTAIN AMERICA||XXXXXXX XXXXXXXXX' using regular expression (Root cause: java.lang.NullPointerException
	at com.kms.katalon.core.helper.KeywordHelper.match(KeywordHelper.java:23)
	at com.kms.katalon.core.keyword.builtin.VerifyMatchKeyword$_verifyMatch_closure1.doCall(VerifyMatchKeyword.groovy:53)
	at com.kms.katalon.core.keyword.builtin.VerifyMatchKeyword$_verifyMatch_closure1.call(VerifyMatchKeyword.groovy)
	at com.kms.katalon.core.keyword.internal.KeywordMain.runKeyword(KeywordMain.groovy:74)
	at com.kms.katalon.core.keyword.builtin.VerifyMatchKeyword.verifyMatch(VerifyMatchKeyword.groovy:60)
	at com.kms.katalon.core.keyword.builtin.VerifyMatchKeyword.execute(VerifyMatchKeyword.groovy:45)
	at com.kms.katalon.core.keyword.internal.KeywordExecutor.executeKeywordForPlatform(KeywordExecutor.groovy:74)
	at com.kms.katalon.core.keyword.BuiltinKeywords.verifyMatch(BuiltinKeywords.groovy:73)
	at duitNow_mobileNumberFavTransaction.run(duitNow_mobileNumberFavTransaction:112)
	at com.kms.katalon.core.main.ScriptEngine.run(ScriptEngine.java:194)
	at com.kms.katalon.core.main.ScriptEngine.runScriptAsRawText(ScriptEngine.java:119)
	at com.kms.katalon.core.main.TestCaseExecutor.runScript(TestCaseExecutor.java:445)
	at com.kms.katalon.core.main.TestCaseExecutor.doExecute(TestCaseExecutor.java:436)
	at com.kms.katalon.core.main.TestCaseExecutor.processExecutionPhase(TestCaseExecutor.java:415)
	at com.kms.katalon.core.main.TestCaseExecutor.accessMainPhase(TestCaseExecutor.java:407)
	at com.kms.katalon.core.main.TestCaseExecutor.execute(TestCaseExecutor.java:284)
	at com.kms.katalon.core.common.CommonExecutor.accessTestCaseMainPhase(CommonExecutor.java:65)
	at com.kms.katalon.core.main.TestSuiteExecutor.accessTestSuiteMainPhase(TestSuiteExecutor.java:144)
	at com.kms.katalon.core.main.TestSuiteExecutor.execute(TestSuiteExecutor.java:106)
	at com.kms.katalon.core.main.TestCaseMain.startTestSuite(TestCaseMain.java:185)
	at com.kms.katalon.core.main.TestCaseMain$startTestSuite$0.call(Unknown Source)
	at TempTestSuite1655794262003.run(TempTestSuite1655794262003.groovy:36)
)

2022-06-21 15:41:19 - [MESSAGE][FAILED] - Unable to verify match between actual text 'null' and expected text 'CAPTAIN AMERICA||XXXXXXX XXXXXXXXX' using regular expression (Root cause: java.lang.NullPointerException
	at com.kms.katalon.core.helper.KeywordHelper.match(KeywordHelper.java:23)
	at com.kms.katalon.core.keyword.builtin.VerifyMatchKeyword$_verifyMatch_closure1.doCall(VerifyMatchKeyword.groovy:53)
	at com.kms.katalon.core.keyword.builtin.VerifyMatchKeyword$_verifyMatch_closure1.call(VerifyMatchKeyword.groovy)
	at com.kms.katalon.core.keyword.internal.KeywordMain.runKeyword(KeywordMain.groovy:74)
	at com.kms.katalon.core.keyword.builtin.VerifyMatchKeyword.verifyMatch(VerifyMatchKeyword.groovy:60)
	at com.kms.katalon.core.keyword.builtin.VerifyMatchKeyword.execute(VerifyMatchKeyword.groovy:45)
	at com.kms.katalon.core.keyword.internal.KeywordExecutor.executeKeywordForPlatform(KeywordExecutor.groovy:74)
	at com.kms.katalon.core.keyword.BuiltinKeywords.verifyMatch(BuiltinKeywords.groovy:73)
	at duitNow_mobileNumberFavTransaction.run(duitNow_mobileNumberFavTransaction:112)
	at com.kms.katalon.core.main.ScriptEngine.run(ScriptEngine.java:194)
	at com.kms.katalon.core.main.ScriptEngine.runScriptAsRawText(ScriptEngine.java:119)
	at com.kms.katalon.core.main.TestCaseExecutor.runScript(TestCaseExecutor.java:445)
	at com.kms.katalon.core.main.TestCaseExecutor.doExecute(TestCaseExecutor.java:436)
	at com.kms.katalon.core.main.TestCaseExecutor.processExecutionPhase(TestCaseExecutor.java:415)
	at com.kms.katalon.core.main.TestCaseExecutor.accessMainPhase(TestCaseExecutor.java:407)
	at com.kms.katalon.core.main.TestCaseExecutor.execute(TestCaseExecutor.java:284)
	at com.kms.katalon.core.common.CommonExecutor.accessTestCaseMainPhase(CommonExecutor.java:65)
	at com.kms.katalon.core.main.TestSuiteExecutor.accessTestSuiteMainPhase(TestSuiteExecutor.java:144)
	at com.kms.katalon.core.main.TestSuiteExecutor.execute(TestSuiteExecutor.java:106)
	at com.kms.katalon.core.main.TestCaseMain.startTestSuite(TestCaseMain.java:185)
	at com.kms.katalon.core.main.TestCaseMain$startTestSuite$0.call(Unknown Source)
	at TempTestSuite1655794262003.run(TempTestSuite1655794262003.groovy:36)
)

2022-06-21 15:41:19 - [TEST_STEP][FAILED] - verifyElementText(findTestObject("Duit Now/duitNowAmountProxyTypeTxt", ["proxyType":proxyType]), proxyType): Element 'Object Repository/Duit Now/duitNowAmountProxyTypeTxt' not found

2022-06-21 15:41:59 - [MESSAGE][FAILED] - Element 'Object Repository/Duit Now/duitNowAmountProxyTypeTxt' not found

2022-06-21 15:41:59 - [TEST_STEP][FAILED] - verifyElementExist(findTestObject("Duit Now/duitNowAmountCurrencyTypeTxt"), 0): Element 'Object Repository/Duit Now/duitNowAmountCurrencyTypeTxt' not found

2022-06-21 15:41:59 - [MESSAGE][WARNING] - Timeout '0' is invalid. Using default page load timeout: '40'

2022-06-21 15:42:39 - [MESSAGE][FAILED] - Element 'Object Repository/Duit Now/duitNowAmountCurrencyTypeTxt' not found

2022-06-21 15:42:39 - [TEST_STEP][FAILED] - verifyElementExist(findTestObject("Duit Now/duitNowAmountEnterAmountTitleTxt"), 0): Element 'Object Repository/Duit Now/duitNowAmountEnterAmountTitleTxt' not found

2022-06-21 15:42:39 - [MESSAGE][WARNING] - Timeout '0' is invalid. Using default page load timeout: '40'

2022-06-21 15:43:19 - [MESSAGE][FAILED] - Element 'Object Repository/Duit Now/duitNowAmountEnterAmountTitleTxt' not found

2022-06-21 15:43:19 - [TEST_STEP][FAILED] - verifyElementExist(findTestObject("Duit Now/duitNowAmountInitialValueTxt"), 0): Element 'Object Repository/Duit Now/duitNowAmountInitialValueTxt' not found

2022-06-21 15:43:20 - [MESSAGE][WARNING] - Timeout '0' is invalid. Using default page load timeout: '40'

2022-06-21 15:44:00 - [MESSAGE][FAILED] - Element 'Object Repository/Duit Now/duitNowAmountInitialValueTxt' not found

2022-06-21 15:44:00 - [TEST_STEP][PASSED] - trxAmount = value: null

2022-06-21 15:44:00 - [TEST_STEP][PASSED] - length = trxAmount.length(): null

2022-06-21 15:44:00 - [TEST_STEP][PASSED] - delay(5): Delayed 5 second(s)

2022-06-21 15:44:05 - [MESSAGE][PASSED] - Delayed 5 second(s)

2022-06-21 15:44:05 - [TEST_STEP][PASSED] - tapAtPosition(startX, startY): Tapped at [360, 2,101]

2022-06-21 15:44:08 - [MESSAGE][PASSED] - Tapped at [360, 2,101]

2022-06-21 15:44:08 - [TEST_STEP][PASSED] - for ([i = 0, i < length, (i++)]): null

2022-06-21 15:44:08 - [TEST_STEP][PASSED] - if (trxAmount[i] == "0"): null

2022-06-21 15:44:08 - [TEST_STEP][PASSED] - if (trxAmount[i] == "1"): null

2022-06-21 15:44:08 - [TEST_STEP][PASSED] - if (trxAmount[i] == "2"): Tapped on element 'Object Repository/Login Onboarding/PIN2'

2022-06-21 15:44:08 - [TEST_STEP][PASSED] - tap(findTestObject("Login Onboarding/PIN2"), 0): Tapped on element 'Object Repository/Login Onboarding/PIN2'

2022-06-21 15:44:08 - [MESSAGE][WARNING] - Timeout '0' is invalid. Using default page load timeout: '40'

2022-06-21 15:44:08 - [MESSAGE][PASSED] - Tapped on element 'Object Repository/Login Onboarding/PIN2'

2022-06-21 15:44:08 - [TEST_STEP][PASSED] - if (trxAmount[i] == "3"): null

2022-06-21 15:44:08 - [TEST_STEP][PASSED] - if (trxAmount[i] == "4"): null

2022-06-21 15:44:08 - [TEST_STEP][PASSED] - if (trxAmount[i] == "5"): null

2022-06-21 15:44:08 - [TEST_STEP][PASSED] - if (trxAmount[i] == "6"): null

2022-06-21 15:44:08 - [TEST_STEP][PASSED] - if (trxAmount[i] == "7"): null

2022-06-21 15:44:08 - [TEST_STEP][PASSED] - if (trxAmount[i] == "8"): null

2022-06-21 15:44:08 - [TEST_STEP][PASSED] - if (trxAmount[i] == "9"): null

2022-06-21 15:44:08 - [TEST_STEP][PASSED] - if (trxAmount[i] == "0"): Tapped on element 'Object Repository/Login Onboarding/PIN0'

2022-06-21 15:44:08 - [TEST_STEP][PASSED] - tap(findTestObject("Login Onboarding/PIN0"), 0): Tapped on element 'Object Repository/Login Onboarding/PIN0'

2022-06-21 15:44:08 - [MESSAGE][WARNING] - Timeout '0' is invalid. Using default page load timeout: '40'

2022-06-21 15:44:10 - [MESSAGE][PASSED] - Tapped on element 'Object Repository/Login Onboarding/PIN0'

2022-06-21 15:44:10 - [TEST_STEP][PASSED] - if (trxAmount[i] == "1"): null

2022-06-21 15:44:10 - [TEST_STEP][PASSED] - if (trxAmount[i] == "2"): null

2022-06-21 15:44:10 - [TEST_STEP][PASSED] - if (trxAmount[i] == "3"): null

2022-06-21 15:44:10 - [TEST_STEP][PASSED] - if (trxAmount[i] == "4"): null

2022-06-21 15:44:10 - [TEST_STEP][PASSED] - if (trxAmount[i] == "5"): null

2022-06-21 15:44:10 - [TEST_STEP][PASSED] - if (trxAmount[i] == "6"): null

2022-06-21 15:44:10 - [TEST_STEP][PASSED] - if (trxAmount[i] == "7"): null

2022-06-21 15:44:10 - [TEST_STEP][PASSED] - if (trxAmount[i] == "8"): null

2022-06-21 15:44:10 - [TEST_STEP][PASSED] - if (trxAmount[i] == "9"): null

2022-06-21 15:44:10 - [TEST_STEP][PASSED] - if (trxAmount[i] == "0"): Tapped on element 'Object Repository/Login Onboarding/PIN0'

2022-06-21 15:44:10 - [TEST_STEP][PASSED] - tap(findTestObject("Login Onboarding/PIN0"), 0): Tapped on element 'Object Repository/Login Onboarding/PIN0'

2022-06-21 15:44:10 - [MESSAGE][WARNING] - Timeout '0' is invalid. Using default page load timeout: '40'

2022-06-21 15:44:11 - [MESSAGE][PASSED] - Tapped on element 'Object Repository/Login Onboarding/PIN0'

2022-06-21 15:44:11 - [TEST_STEP][PASSED] - if (trxAmount[i] == "1"): null

2022-06-21 15:44:11 - [TEST_STEP][PASSED] - if (trxAmount[i] == "2"): null

2022-06-21 15:44:11 - [TEST_STEP][PASSED] - if (trxAmount[i] == "3"): null

2022-06-21 15:44:11 - [TEST_STEP][PASSED] - if (trxAmount[i] == "4"): null

2022-06-21 15:44:11 - [TEST_STEP][PASSED] - if (trxAmount[i] == "5"): null

2022-06-21 15:44:11 - [TEST_STEP][PASSED] - if (trxAmount[i] == "6"): null

2022-06-21 15:44:11 - [TEST_STEP][PASSED] - if (trxAmount[i] == "7"): null

2022-06-21 15:44:11 - [TEST_STEP][PASSED] - if (trxAmount[i] == "8"): null

2022-06-21 15:44:11 - [TEST_STEP][PASSED] - if (trxAmount[i] == "9"): null

2022-06-21 15:44:11 - [TEST_STEP][PASSED] - delay(5): Delayed 5 second(s)

2022-06-21 15:44:16 - [MESSAGE][PASSED] - Delayed 5 second(s)

2022-06-21 15:44:16 - [TEST_STEP][FAILED] - verifyElementText(findTestObject("Duit Now/duitNowAmountValueTxt", ["value":checkValue]), checkValue): Element 'Object Repository/Duit Now/duitNowAmountValueTxt' not found

2022-06-21 15:44:59 - [MESSAGE][FAILED] - Element 'Object Repository/Duit Now/duitNowAmountValueTxt' not found

2022-06-21 15:44:59 - [TEST_STEP][FAILED] - verifyElementVisible(findTestObject("Login Onboarding/loginPinTickBtn"), 5): Element 'Object Repository/Login Onboarding/loginPinTickBtn' not found

2022-06-21 15:45:04 - [MESSAGE][FAILED] - Element 'Object Repository/Login Onboarding/loginPinTickBtn' not found

2022-06-21 15:45:04 - [TEST_STEP][FAILED] - tap(findTestObject("Login Onboarding/loginPinTickBtn"), 0): Object Object Repository/Login Onboarding/loginPinTickBtn not found

2022-06-21 15:45:04 - [MESSAGE][WARNING] - Timeout '0' is invalid. Using default page load timeout: '40'

2022-06-21 15:45:44 - [MESSAGE][FAILED] - Object Object Repository/Login Onboarding/loginPinTickBtn not found

2022-06-21 15:45:44 - [TEST_STEP][PASSED] - delay(3): Delayed 3 second(s)

2022-06-21 15:45:47 - [MESSAGE][PASSED] - Delayed 3 second(s)

2022-06-21 15:45:47 - [TEST_STEP][FAILED] - verifyElementText(findTestObject("Duit Now/duitNowReferenceProxyNumberTxt", ["proxyNumber":proxyNumber]), proxyNumber): Element 'Object Repository/Duit Now/duitNowReferenceProxyNumberTxt' not found

2022-06-21 15:46:27 - [MESSAGE][FAILED] - Element 'Object Repository/Duit Now/duitNowReferenceProxyNumberTxt' not found

2022-06-21 15:46:27 - [TEST_STEP][FAILED] - verifyElementText(findTestObject("Duit Now/duitNowReferenceProxyTypeTxt", ["proxyType":proxyType]), proxyType): Verify element text of test object 'Object Repository/Duit Now/duitNowReferenceProxyTypeTxt' FAILED. (Root cause: org.openqa.selenium.WebDriverException: An unknown server-side error occurred while processing the command. Original error: Could not proxy command to the remote server. Original error: socket hang up
Build info: version: '3.141.59', revision: 'e82be7d358', time: '2018-11-14T08:25:53'
System info: host: '00139272s-MacBook-Pro.local', ip: '2001:e68:6167:4601:85f6:f1eb:65d1:8553%en0', os.name: 'Mac OS X', os.arch: 'x86_64', os.version: '10.16', java.version: '1.8.0_275'
Driver info: com.kms.katalon.core.appium.driver.SwipeableAndroidDriver
Capabilities {app: /Users/a00139272/Katalon St..., appActivity: com.maybank2u.life.MainActi..., appPackage: com.maybank2u.life.sit, appWaitActivity: *, autoGrantPermissions: true, automationName: uiautomator2, chromedriverPort: 58888, databaseEnabled: false, desired: {app: /Users/a00139272/Katalon St..., appActivity: com.maybank2u.life.MainActi..., appPackage: com.maybank2u.life.sit, appWaitActivity: *, autoGrantPermissions: true, automationName: uiautomator2, chromedriverPort: 58888, deviceId: 002b9cc60508, deviceName: Xiaomi 21061119AG (Android 11), fullReset: false, newCommandTimeout: 1800, noReset: true, platform: ANDROID, platformName: android, platformVersion: 11, systemPort: 58886, udid: 002b9cc60508}, deviceApiLevel: 30, deviceId: 002b9cc60508, deviceManufacturer: Xiaomi, deviceModel: 21061119AG, deviceName: 002b9cc60508, deviceScreenDensity: 440, deviceScreenSize: 1080x2400, deviceUDID: 002b9cc60508, fullReset: false, javascriptEnabled: true, locationContextEnabled: false, networkConnectionEnabled: true, newCommandTimeout: 1800, noReset: true, pixelRatio: 2.75, platform: ANDROID, platformName: Android, platformVersion: 11, statBarHeight: 103, systemPort: 58886, takesScreenshot: true, udid: 002b9cc60508, viewportRect: {height: 2064, left: 0, top: 103, width: 1080}, warnings: {}, webStorageEnabled: false}
Session ID: 5fc04fe1-5498-4b3a-814a-182076c98f18
*** Element info: {Using=xpath, value=//*[@class = 'android.widget.TextView' and (@text = 'Mobile Number' or . = 'Mobile Number')]}
	at org.openqa.selenium.remote.http.W3CHttpResponseCodec.createException(W3CHttpResponseCodec.java:187)
	at org.openqa.selenium.remote.http.W3CHttpResponseCodec.decode(W3CHttpResponseCodec.java:122)
	at org.openqa.selenium.remote.http.W3CHttpResponseCodec.decode(W3CHttpResponseCodec.java:49)
	at org.openqa.selenium.remote.HttpCommandExecutor.execute(HttpCommandExecutor.java:158)
	at io.appium.java_client.remote.AppiumCommandExecutor.execute(AppiumCommandExecutor.java:239)
	at org.openqa.selenium.remote.RemoteWebDriver.execute(RemoteWebDriver.java:552)
	at io.appium.java_client.DefaultGenericMobileDriver.execute(DefaultGenericMobileDriver.java:42)
	at io.appium.java_client.AppiumDriver.execute(AppiumDriver.java:1)
	at io.appium.java_client.android.AndroidDriver.execute(AndroidDriver.java:1)
	at com.kms.katalon.core.appium.driver.SwipeableAndroidDriver.execute(SwipeableAndroidDriver.java:1)
	at org.openqa.selenium.remote.RemoteWebDriver.findElements(RemoteWebDriver.java:353)
	at io.appium.java_client.DefaultGenericMobileDriver.findElements(DefaultGenericMobileDriver.java:54)
	at io.appium.java_client.AppiumDriver.findElements(AppiumDriver.java:152)
	at org.openqa.selenium.remote.RemoteWebDriver.findElementsByXPath(RemoteWebDriver.java:432)
	at io.appium.java_client.DefaultGenericMobileDriver.findElementsByXPath(DefaultGenericMobileDriver.java:156)
	at io.appium.java_client.AppiumDriver.findElementsByXPath(AppiumDriver.java:184)
	at org.openqa.selenium.By$ByXPath.findElements(By.java:348)
	at org.openqa.selenium.remote.RemoteWebDriver.findElements(RemoteWebDriver.java:311)
	at io.appium.java_client.DefaultGenericMobileDriver.findElements(DefaultGenericMobileDriver.java:50)
	at io.appium.java_client.AppiumDriver.findElements(AppiumDriver.java:148)
	at com.kms.katalon.core.mobile.keyword.internal.MobileSearchEngine.findElementsByMobileLocator(MobileSearchEngine.java:636)
	at com.kms.katalon.core.mobile.keyword.internal.MobileSearchEngine.findWebElement(MobileSearchEngine.java:542)
	at com.kms.katalon.core.mobile.keyword.internal.MobileSearchEngine$findWebElement.call(Unknown Source)
	at com.kms.katalon.core.mobile.keyword.internal.MobileAbstractKeyword.findElement(MobileAbstractKeyword.groovy:84)
	at com.kms.katalon.core.mobile.keyword.builtin.VerifyElementTextKeyword.access$1(VerifyElementTextKeyword.groovy)
	at com.kms.katalon.core.mobile.keyword.builtin.VerifyElementTextKeyword$_verifyElementText_closure1.doCall(VerifyElementTextKeyword.groovy:47)
	at com.kms.katalon.core.mobile.keyword.builtin.VerifyElementTextKeyword$_verifyElementText_closure1.call(VerifyElementTextKeyword.groovy)
	at com.kms.katalon.core.mobile.keyword.internal.MobileKeywordMain.runKeyword(MobileKeywordMain.groovy:21)
	at com.kms.katalon.core.mobile.keyword.builtin.VerifyElementTextKeyword.verifyElementText(VerifyElementTextKeyword.groovy:62)
	at com.kms.katalon.core.mobile.keyword.builtin.VerifyElementTextKeyword.execute(VerifyElementTextKeyword.groovy:39)
	at com.kms.katalon.core.keyword.internal.KeywordExecutor.executeKeywordForPlatform(KeywordExecutor.groovy:74)
	at com.kms.katalon.core.mobile.keyword.MobileBuiltInKeywords.verifyElementText(MobileBuiltInKeywords.groovy:2901)
	at com.kms.katalon.core.mobile.keyword.MobileBuiltInKeywords$verifyElementText$9.call(Unknown Source)
	at duitNow_mobileNumberFavTransaction.run(duitNow_mobileNumberFavTransaction:185)
	at com.kms.katalon.core.main.ScriptEngine.run(ScriptEngine.java:194)
	at com.kms.katalon.core.main.ScriptEngine.runScriptAsRawText(ScriptEngine.java:119)
	at com.kms.katalon.core.main.TestCaseExecutor.runScript(TestCaseExecutor.java:445)
	at com.kms.katalon.core.main.TestCaseExecutor.doExecute(TestCaseExecutor.java:436)
	at com.kms.katalon.core.main.TestCaseExecutor.processExecutionPhase(TestCaseExecutor.java:415)
	at com.kms.katalon.core.main.TestCaseExecutor.accessMainPhase(TestCaseExecutor.java:407)
	at com.kms.katalon.core.main.TestCaseExecutor.execute(TestCaseExecutor.java:284)
	at com.kms.katalon.core.common.CommonExecutor.accessTestCaseMainPhase(CommonExecutor.java:65)
	at com.kms.katalon.core.main.TestSuiteExecutor.accessTestSuiteMainPhase(TestSuiteExecutor.java:144)
	at com.kms.katalon.core.main.TestSuiteExecutor.execute(TestSuiteExecutor.java:106)
	at com.kms.katalon.core.main.TestCaseMain.startTestSuite(TestCaseMain.java:185)
	at com.kms.katalon.core.main.TestCaseMain$startTestSuite$0.call(Unknown Source)
	at TempTestSuite1655794262003.run(TempTestSuite1655794262003.groovy:36)
)

2022-06-21 15:46:54 - [MESSAGE][FAILED] - Verify element text of test object 'Object Repository/Duit Now/duitNowReferenceProxyTypeTxt' FAILED. (Root cause: org.openqa.selenium.WebDriverException: An unknown server-side error occurred while processing the command. Original error: Could not proxy command to the remote server. Original error: socket hang up
Build info: version: '3.141.59', revision: 'e82be7d358', time: '2018-11-14T08:25:53'
System info: host: '00139272s-MacBook-Pro.local', ip: '2001:e68:6167:4601:85f6:f1eb:65d1:8553%en0', os.name: 'Mac OS X', os.arch: 'x86_64', os.version: '10.16', java.version: '1.8.0_275'
Driver info: com.kms.katalon.core.appium.driver.SwipeableAndroidDriver
Capabilities {app: /Users/a00139272/Katalon St..., appActivity: com.maybank2u.life.MainActi..., appPackage: com.maybank2u.life.sit, appWaitActivity: *, autoGrantPermissions: true, automationName: uiautomator2, chromedriverPort: 58888, databaseEnabled: false, desired: {app: /Users/a00139272/Katalon St..., appActivity: com.maybank2u.life.MainActi..., appPackage: com.maybank2u.life.sit, appWaitActivity: *, autoGrantPermissions: true, automationName: uiautomator2, chromedriverPort: 58888, deviceId: 002b9cc60508, deviceName: Xiaomi 21061119AG (Android 11), fullReset: false, newCommandTimeout: 1800, noReset: true, platform: ANDROID, platformName: android, platformVersion: 11, systemPort: 58886, udid: 002b9cc60508}, deviceApiLevel: 30, deviceId: 002b9cc60508, deviceManufacturer: Xiaomi, deviceModel: 21061119AG, deviceName: 002b9cc60508, deviceScreenDensity: 440, deviceScreenSize: 1080x2400, deviceUDID: 002b9cc60508, fullReset: false, javascriptEnabled: true, locationContextEnabled: false, networkConnectionEnabled: true, newCommandTimeout: 1800, noReset: true, pixelRatio: 2.75, platform: ANDROID, platformName: Android, platformVersion: 11, statBarHeight: 103, systemPort: 58886, takesScreenshot: true, udid: 002b9cc60508, viewportRect: {height: 2064, left: 0, top: 103, width: 1080}, warnings: {}, webStorageEnabled: false}
Session ID: 5fc04fe1-5498-4b3a-814a-182076c98f18
*** Element info: {Using=xpath, value=//*[@class = 'android.widget.TextView' and (@text = 'Mobile Number' or . = 'Mobile Number')]}
	at org.openqa.selenium.remote.http.W3CHttpResponseCodec.createException(W3CHttpResponseCodec.java:187)
	at org.openqa.selenium.remote.http.W3CHttpResponseCodec.decode(W3CHttpResponseCodec.java:122)
	at org.openqa.selenium.remote.http.W3CHttpResponseCodec.decode(W3CHttpResponseCodec.java:49)
	at org.openqa.selenium.remote.HttpCommandExecutor.execute(HttpCommandExecutor.java:158)
	at io.appium.java_client.remote.AppiumCommandExecutor.execute(AppiumCommandExecutor.java:239)
	at org.openqa.selenium.remote.RemoteWebDriver.execute(RemoteWebDriver.java:552)
	at io.appium.java_client.DefaultGenericMobileDriver.execute(DefaultGenericMobileDriver.java:42)
	at io.appium.java_client.AppiumDriver.execute(AppiumDriver.java:1)
	at io.appium.java_client.android.AndroidDriver.execute(AndroidDriver.java:1)
	at com.kms.katalon.core.appium.driver.SwipeableAndroidDriver.execute(SwipeableAndroidDriver.java:1)
	at org.openqa.selenium.remote.RemoteWebDriver.findElements(RemoteWebDriver.java:353)
	at io.appium.java_client.DefaultGenericMobileDriver.findElements(DefaultGenericMobileDriver.java:54)
	at io.appium.java_client.AppiumDriver.findElements(AppiumDriver.java:152)
	at org.openqa.selenium.remote.RemoteWebDriver.findElementsByXPath(RemoteWebDriver.java:432)
	at io.appium.java_client.DefaultGenericMobileDriver.findElementsByXPath(DefaultGenericMobileDriver.java:156)
	at io.appium.java_client.AppiumDriver.findElementsByXPath(AppiumDriver.java:184)
	at org.openqa.selenium.By$ByXPath.findElements(By.java:348)
	at org.openqa.selenium.remote.RemoteWebDriver.findElements(RemoteWebDriver.java:311)
	at io.appium.java_client.DefaultGenericMobileDriver.findElements(DefaultGenericMobileDriver.java:50)
	at io.appium.java_client.AppiumDriver.findElements(AppiumDriver.java:148)
	at com.kms.katalon.core.mobile.keyword.internal.MobileSearchEngine.findElementsByMobileLocator(MobileSearchEngine.java:636)
	at com.kms.katalon.core.mobile.keyword.internal.MobileSearchEngine.findWebElement(MobileSearchEngine.java:542)
	at com.kms.katalon.core.mobile.keyword.internal.MobileSearchEngine$findWebElement.call(Unknown Source)
	at com.kms.katalon.core.mobile.keyword.internal.MobileAbstractKeyword.findElement(MobileAbstractKeyword.groovy:84)
	at com.kms.katalon.core.mobile.keyword.builtin.VerifyElementTextKeyword.access$1(VerifyElementTextKeyword.groovy)
	at com.kms.katalon.core.mobile.keyword.builtin.VerifyElementTextKeyword$_verifyElementText_closure1.doCall(VerifyElementTextKeyword.groovy:47)
	at com.kms.katalon.core.mobile.keyword.builtin.VerifyElementTextKeyword$_verifyElementText_closure1.call(VerifyElementTextKeyword.groovy)
	at com.kms.katalon.core.mobile.keyword.internal.MobileKeywordMain.runKeyword(MobileKeywordMain.groovy:21)
	at com.kms.katalon.core.mobile.keyword.builtin.VerifyElementTextKeyword.verifyElementText(VerifyElementTextKeyword.groovy:62)
	at com.kms.katalon.core.mobile.keyword.builtin.VerifyElementTextKeyword.execute(VerifyElementTextKeyword.groovy:39)
	at com.kms.katalon.core.keyword.internal.KeywordExecutor.executeKeywordForPlatform(KeywordExecutor.groovy:74)
	at com.kms.katalon.core.mobile.keyword.MobileBuiltInKeywords.verifyElementText(MobileBuiltInKeywords.groovy:2901)
	at com.kms.katalon.core.mobile.keyword.MobileBuiltInKeywords$verifyElementText$9.call(Unknown Source)
	at duitNow_mobileNumberFavTransaction.run(duitNow_mobileNumberFavTransaction:185)
	at com.kms.katalon.core.main.ScriptEngine.run(ScriptEngine.java:194)
	at com.kms.katalon.core.main.ScriptEngine.runScriptAsRawText(ScriptEngine.java:119)
	at com.kms.katalon.core.main.TestCaseExecutor.runScript(TestCaseExecutor.java:445)
	at com.kms.katalon.core.main.TestCaseExecutor.doExecute(TestCaseExecutor.java:436)
	at com.kms.katalon.core.main.TestCaseExecutor.processExecutionPhase(TestCaseExecutor.java:415)
	at com.kms.katalon.core.main.TestCaseExecutor.accessMainPhase(TestCaseExecutor.java:407)
	at com.kms.katalon.core.main.TestCaseExecutor.execute(TestCaseExecutor.java:284)
	at com.kms.katalon.core.common.CommonExecutor.accessTestCaseMainPhase(CommonExecutor.java:65)
	at com.kms.katalon.core.main.TestSuiteExecutor.accessTestSuiteMainPhase(TestSuiteExecutor.java:144)
	at com.kms.katalon.core.main.TestSuiteExecutor.execute(TestSuiteExecutor.java:106)
	at com.kms.katalon.core.main.TestCaseMain.startTestSuite(TestCaseMain.java:185)
	at com.kms.katalon.core.main.TestCaseMain$startTestSuite$0.call(Unknown Source)
	at TempTestSuite1655794262003.run(TempTestSuite1655794262003.groovy:36)
)

2022-06-21 15:46:54 - [TEST_STEP][FAILED] - receipientName_2 = getText(findTestObject("Duit Now/duitNowAmountReceipientNameTxt", ["recName":recName]), 0): Failed to get text from element (Root cause: org.openqa.selenium.WebDriverException: An unknown server-side error occurred while processing the command. Original error: 'GET /window/current/size' cannot be proxied to UiAutomator2 server because the instrumentation process is not running (probably crashed). Check the server log and/or the logcat output for more details
Build info: version: '3.141.59', revision: 'e82be7d358', time: '2018-11-14T08:25:53'
System info: host: '00139272s-MacBook-Pro.local', ip: '2001:e68:6167:4601:85f6:f1eb:65d1:8553%en0', os.name: 'Mac OS X', os.arch: 'x86_64', os.version: '10.16', java.version: '1.8.0_275'
Driver info: com.kms.katalon.core.appium.driver.SwipeableAndroidDriver
Capabilities {app: /Users/a00139272/Katalon St..., appActivity: com.maybank2u.life.MainActi..., appPackage: com.maybank2u.life.sit, appWaitActivity: *, autoGrantPermissions: true, automationName: uiautomator2, chromedriverPort: 58888, databaseEnabled: false, desired: {app: /Users/a00139272/Katalon St..., appActivity: com.maybank2u.life.MainActi..., appPackage: com.maybank2u.life.sit, appWaitActivity: *, autoGrantPermissions: true, automationName: uiautomator2, chromedriverPort: 58888, deviceId: 002b9cc60508, deviceName: Xiaomi 21061119AG (Android 11), fullReset: false, newCommandTimeout: 1800, noReset: true, platform: ANDROID, platformName: android, platformVersion: 11, systemPort: 58886, udid: 002b9cc60508}, deviceApiLevel: 30, deviceId: 002b9cc60508, deviceManufacturer: Xiaomi, deviceModel: 21061119AG, deviceName: 002b9cc60508, deviceScreenDensity: 440, deviceScreenSize: 1080x2400, deviceUDID: 002b9cc60508, fullReset: false, javascriptEnabled: true, locationContextEnabled: false, networkConnectionEnabled: true, newCommandTimeout: 1800, noReset: true, pixelRatio: 2.75, platform: ANDROID, platformName: Android, platformVersion: 11, statBarHeight: 103, systemPort: 58886, takesScreenshot: true, udid: 002b9cc60508, viewportRect: {height: 2064, left: 0, top: 103, width: 1080}, warnings: {}, webStorageEnabled: false}
Session ID: 5fc04fe1-5498-4b3a-814a-182076c98f18
	at org.openqa.selenium.remote.http.W3CHttpResponseCodec.createException(W3CHttpResponseCodec.java:187)
	at org.openqa.selenium.remote.http.W3CHttpResponseCodec.decode(W3CHttpResponseCodec.java:122)
	at org.openqa.selenium.remote.http.W3CHttpResponseCodec.decode(W3CHttpResponseCodec.java:49)
	at org.openqa.selenium.remote.HttpCommandExecutor.execute(HttpCommandExecutor.java:158)
	at io.appium.java_client.remote.AppiumCommandExecutor.execute(AppiumCommandExecutor.java:239)
	at org.openqa.selenium.remote.RemoteWebDriver.execute(RemoteWebDriver.java:552)
	at io.appium.java_client.DefaultGenericMobileDriver.execute(DefaultGenericMobileDriver.java:46)
	at io.appium.java_client.AppiumDriver.execute(AppiumDriver.java:1)
	at io.appium.java_client.android.AndroidDriver.execute(AndroidDriver.java:1)
	at com.kms.katalon.core.appium.driver.SwipeableAndroidDriver.execute(SwipeableAndroidDriver.java:1)
	at org.openqa.selenium.remote.RemoteWebDriver$RemoteWebDriverOptions$RemoteWindow.getSize(RemoteWebDriver.java:813)
	at org.openqa.selenium.WebDriver$Window$getSize.call(Unknown Source)
	at com.kms.katalon.core.mobile.keyword.internal.MobileAbstractKeyword.findElement(MobileAbstractKeyword.groovy:81)
	at com.kms.katalon.core.mobile.keyword.builtin.GetTextKeyword.access$1(GetTextKeyword.groovy)
	at com.kms.katalon.core.mobile.keyword.builtin.GetTextKeyword$_getText_closure1.doCall(GetTextKeyword.groovy:72)
	at com.kms.katalon.core.mobile.keyword.builtin.GetTextKeyword$_getText_closure1.call(GetTextKeyword.groovy)
	at com.kms.katalon.core.mobile.keyword.internal.MobileKeywordMain.runKeyword(MobileKeywordMain.groovy:21)
	at com.kms.katalon.core.mobile.keyword.builtin.GetTextKeyword.getText(GetTextKeyword.groovy:80)
	at com.kms.katalon.core.mobile.keyword.builtin.GetTextKeyword.execute(GetTextKeyword.groovy:64)
	at com.kms.katalon.core.keyword.internal.KeywordExecutor.executeKeywordForPlatform(KeywordExecutor.groovy:74)
	at com.kms.katalon.core.mobile.keyword.MobileBuiltInKeywords.getText(MobileBuiltInKeywords.groovy:1274)
	at com.kms.katalon.core.mobile.keyword.MobileBuiltInKeywords$getText$11.call(Unknown Source)
	at duitNow_mobileNumberFavTransaction.run(duitNow_mobileNumberFavTransaction:187)
	at com.kms.katalon.core.main.ScriptEngine.run(ScriptEngine.java:194)
	at com.kms.katalon.core.main.ScriptEngine.runScriptAsRawText(ScriptEngine.java:119)
	at com.kms.katalon.core.main.TestCaseExecutor.runScript(TestCaseExecutor.java:445)
	at com.kms.katalon.core.main.TestCaseExecutor.doExecute(TestCaseExecutor.java:436)
	at com.kms.katalon.core.main.TestCaseExecutor.processExecutionPhase(TestCaseExecutor.java:415)
	at com.kms.katalon.core.main.TestCaseExecutor.accessMainPhase(TestCaseExecutor.java:407)
	at com.kms.katalon.core.main.TestCaseExecutor.execute(TestCaseExecutor.java:284)
	at com.kms.katalon.core.common.CommonExecutor.accessTestCaseMainPhase(CommonExecutor.java:65)
	at com.kms.katalon.core.main.TestSuiteExecutor.accessTestSuiteMainPhase(TestSuiteExecutor.java:144)
	at com.kms.katalon.core.main.TestSuiteExecutor.execute(TestSuiteExecutor.java:106)
	at com.kms.katalon.core.main.TestCaseMain.startTestSuite(TestCaseMain.java:185)
	at com.kms.katalon.core.main.TestCaseMain$startTestSuite$0.call(Unknown Source)
	at TempTestSuite1655794262003.run(TempTestSuite1655794262003.groovy:36)
)

2022-06-21 15:46:54 - [MESSAGE][WARNING] - Timeout '0' is invalid. Using default page load timeout: '40'

2022-06-21 15:46:54 - [MESSAGE][FAILED] - Failed to get text from element (Root cause: org.openqa.selenium.WebDriverException: An unknown server-side error occurred while processing the command. Original error: 'GET /window/current/size' cannot be proxied to UiAutomator2 server because the instrumentation process is not running (probably crashed). Check the server log and/or the logcat output for more details
Build info: version: '3.141.59', revision: 'e82be7d358', time: '2018-11-14T08:25:53'
System info: host: '00139272s-MacBook-Pro.local', ip: '2001:e68:6167:4601:85f6:f1eb:65d1:8553%en0', os.name: 'Mac OS X', os.arch: 'x86_64', os.version: '10.16', java.version: '1.8.0_275'
Driver info: com.kms.katalon.core.appium.driver.SwipeableAndroidDriver
Capabilities {app: /Users/a00139272/Katalon St..., appActivity: com.maybank2u.life.MainActi..., appPackage: com.maybank2u.life.sit, appWaitActivity: *, autoGrantPermissions: true, automationName: uiautomator2, chromedriverPort: 58888, databaseEnabled: false, desired: {app: /Users/a00139272/Katalon St..., appActivity: com.maybank2u.life.MainActi..., appPackage: com.maybank2u.life.sit, appWaitActivity: *, autoGrantPermissions: true, automationName: uiautomator2, chromedriverPort: 58888, deviceId: 002b9cc60508, deviceName: Xiaomi 21061119AG (Android 11), fullReset: false, newCommandTimeout: 1800, noReset: true, platform: ANDROID, platformName: android, platformVersion: 11, systemPort: 58886, udid: 002b9cc60508}, deviceApiLevel: 30, deviceId: 002b9cc60508, deviceManufacturer: Xiaomi, deviceModel: 21061119AG, deviceName: 002b9cc60508, deviceScreenDensity: 440, deviceScreenSize: 1080x2400, deviceUDID: 002b9cc60508, fullReset: false, javascriptEnabled: true, locationContextEnabled: false, networkConnectionEnabled: true, newCommandTimeout: 1800, noReset: true, pixelRatio: 2.75, platform: ANDROID, platformName: Android, platformVersion: 11, statBarHeight: 103, systemPort: 58886, takesScreenshot: true, udid: 002b9cc60508, viewportRect: {height: 2064, left: 0, top: 103, width: 1080}, warnings: {}, webStorageEnabled: false}
Session ID: 5fc04fe1-5498-4b3a-814a-182076c98f18
	at org.openqa.selenium.remote.http.W3CHttpResponseCodec.createException(W3CHttpResponseCodec.java:187)
	at org.openqa.selenium.remote.http.W3CHttpResponseCodec.decode(W3CHttpResponseCodec.java:122)
	at org.openqa.selenium.remote.http.W3CHttpResponseCodec.decode(W3CHttpResponseCodec.java:49)
	at org.openqa.selenium.remote.HttpCommandExecutor.execute(HttpCommandExecutor.java:158)
	at io.appium.java_client.remote.AppiumCommandExecutor.execute(AppiumCommandExecutor.java:239)
	at org.openqa.selenium.remote.RemoteWebDriver.execute(RemoteWebDriver.java:552)
	at io.appium.java_client.DefaultGenericMobileDriver.execute(DefaultGenericMobileDriver.java:46)
	at io.appium.java_client.AppiumDriver.execute(AppiumDriver.java:1)
	at io.appium.java_client.android.AndroidDriver.execute(AndroidDriver.java:1)
	at com.kms.katalon.core.appium.driver.SwipeableAndroidDriver.execute(SwipeableAndroidDriver.java:1)
	at org.openqa.selenium.remote.RemoteWebDriver$RemoteWebDriverOptions$RemoteWindow.getSize(RemoteWebDriver.java:813)
	at org.openqa.selenium.WebDriver$Window$getSize.call(Unknown Source)
	at com.kms.katalon.core.mobile.keyword.internal.MobileAbstractKeyword.findElement(MobileAbstractKeyword.groovy:81)
	at com.kms.katalon.core.mobile.keyword.builtin.GetTextKeyword.access$1(GetTextKeyword.groovy)
	at com.kms.katalon.core.mobile.keyword.builtin.GetTextKeyword$_getText_closure1.doCall(GetTextKeyword.groovy:72)
	at com.kms.katalon.core.mobile.keyword.builtin.GetTextKeyword$_getText_closure1.call(GetTextKeyword.groovy)
	at com.kms.katalon.core.mobile.keyword.internal.MobileKeywordMain.runKeyword(MobileKeywordMain.groovy:21)
	at com.kms.katalon.core.mobile.keyword.builtin.GetTextKeyword.getText(GetTextKeyword.groovy:80)
	at com.kms.katalon.core.mobile.keyword.builtin.GetTextKeyword.execute(GetTextKeyword.groovy:64)
	at com.kms.katalon.core.keyword.internal.KeywordExecutor.executeKeywordForPlatform(KeywordExecutor.groovy:74)
	at com.kms.katalon.core.mobile.keyword.MobileBuiltInKeywords.getText(MobileBuiltInKeywords.groovy:1274)
	at com.kms.katalon.core.mobile.keyword.MobileBuiltInKeywords$getText$11.call(Unknown Source)
	at duitNow_mobileNumberFavTransaction.run(duitNow_mobileNumberFavTransaction:187)
	at com.kms.katalon.core.main.ScriptEngine.run(ScriptEngine.java:194)
	at com.kms.katalon.core.main.ScriptEngine.runScriptAsRawText(ScriptEngine.java:119)
	at com.kms.katalon.core.main.TestCaseExecutor.runScript(TestCaseExecutor.java:445)
	at com.kms.katalon.core.main.TestCaseExecutor.doExecute(TestCaseExecutor.java:436)
	at com.kms.katalon.core.main.TestCaseExecutor.processExecutionPhase(TestCaseExecutor.java:415)
	at com.kms.katalon.core.main.TestCaseExecutor.accessMainPhase(TestCaseExecutor.java:407)
	at com.kms.katalon.core.main.TestCaseExecutor.execute(TestCaseExecutor.java:284)
	at com.kms.katalon.core.common.CommonExecutor.accessTestCaseMainPhase(CommonExecutor.java:65)
	at com.kms.katalon.core.main.TestSuiteExecutor.accessTestSuiteMainPhase(TestSuiteExecutor.java:144)
	at com.kms.katalon.core.main.TestSuiteExecutor.execute(TestSuiteExecutor.java:106)
	at com.kms.katalon.core.main.TestCaseMain.startTestSuite(TestCaseMain.java:185)
	at com.kms.katalon.core.main.TestCaseMain$startTestSuite$0.call(Unknown Source)
	at TempTestSuite1655794262003.run(TempTestSuite1655794262003.groovy:36)
)

2022-06-21 15:46:54 - [TEST_STEP][FAILED] - verifyMatch(receipientName_2, $recName_1||$privName_1, true): Unable to verify match between actual text 'null' and expected text 'CAPTAIN AMERICA||XXXXXXX XXXXXXXXX' using regular expression (Root cause: java.lang.NullPointerException
	at com.kms.katalon.core.helper.KeywordHelper.match(KeywordHelper.java:23)
	at com.kms.katalon.core.keyword.builtin.VerifyMatchKeyword$_verifyMatch_closure1.doCall(VerifyMatchKeyword.groovy:53)
	at com.kms.katalon.core.keyword.builtin.VerifyMatchKeyword$_verifyMatch_closure1.call(VerifyMatchKeyword.groovy)
	at com.kms.katalon.core.keyword.internal.KeywordMain.runKeyword(KeywordMain.groovy:74)
	at com.kms.katalon.core.keyword.builtin.VerifyMatchKeyword.verifyMatch(VerifyMatchKeyword.groovy:60)
	at com.kms.katalon.core.keyword.builtin.VerifyMatchKeyword.execute(VerifyMatchKeyword.groovy:45)
	at com.kms.katalon.core.keyword.internal.KeywordExecutor.executeKeywordForPlatform(KeywordExecutor.groovy:74)
	at com.kms.katalon.core.keyword.BuiltinKeywords.verifyMatch(BuiltinKeywords.groovy:73)
	at duitNow_mobileNumberFavTransaction.run(duitNow_mobileNumberFavTransaction:189)
	at com.kms.katalon.core.main.ScriptEngine.run(ScriptEngine.java:194)
	at com.kms.katalon.core.main.ScriptEngine.runScriptAsRawText(ScriptEngine.java:119)
	at com.kms.katalon.core.main.TestCaseExecutor.runScript(TestCaseExecutor.java:445)
	at com.kms.katalon.core.main.TestCaseExecutor.doExecute(TestCaseExecutor.java:436)
	at com.kms.katalon.core.main.TestCaseExecutor.processExecutionPhase(TestCaseExecutor.java:415)
	at com.kms.katalon.core.main.TestCaseExecutor.accessMainPhase(TestCaseExecutor.java:407)
	at com.kms.katalon.core.main.TestCaseExecutor.execute(TestCaseExecutor.java:284)
	at com.kms.katalon.core.common.CommonExecutor.accessTestCaseMainPhase(CommonExecutor.java:65)
	at com.kms.katalon.core.main.TestSuiteExecutor.accessTestSuiteMainPhase(TestSuiteExecutor.java:144)
	at com.kms.katalon.core.main.TestSuiteExecutor.execute(TestSuiteExecutor.java:106)
	at com.kms.katalon.core.main.TestCaseMain.startTestSuite(TestCaseMain.java:185)
	at com.kms.katalon.core.main.TestCaseMain$startTestSuite$0.call(Unknown Source)
	at TempTestSuite1655794262003.run(TempTestSuite1655794262003.groovy:36)
)

2022-06-21 15:46:54 - [MESSAGE][FAILED] - Unable to verify match between actual text 'null' and expected text 'CAPTAIN AMERICA||XXXXXXX XXXXXXXXX' using regular expression (Root cause: java.lang.NullPointerException
	at com.kms.katalon.core.helper.KeywordHelper.match(KeywordHelper.java:23)
	at com.kms.katalon.core.keyword.builtin.VerifyMatchKeyword$_verifyMatch_closure1.doCall(VerifyMatchKeyword.groovy:53)
	at com.kms.katalon.core.keyword.builtin.VerifyMatchKeyword$_verifyMatch_closure1.call(VerifyMatchKeyword.groovy)
	at com.kms.katalon.core.keyword.internal.KeywordMain.runKeyword(KeywordMain.groovy:74)
	at com.kms.katalon.core.keyword.builtin.VerifyMatchKeyword.verifyMatch(VerifyMatchKeyword.groovy:60)
	at com.kms.katalon.core.keyword.builtin.VerifyMatchKeyword.execute(VerifyMatchKeyword.groovy:45)
	at com.kms.katalon.core.keyword.internal.KeywordExecutor.executeKeywordForPlatform(KeywordExecutor.groovy:74)
	at com.kms.katalon.core.keyword.BuiltinKeywords.verifyMatch(BuiltinKeywords.groovy:73)
	at duitNow_mobileNumberFavTransaction.run(duitNow_mobileNumberFavTransaction:189)
	at com.kms.katalon.core.main.ScriptEngine.run(ScriptEngine.java:194)
	at com.kms.katalon.core.main.ScriptEngine.runScriptAsRawText(ScriptEngine.java:119)
	at com.kms.katalon.core.main.TestCaseExecutor.runScript(TestCaseExecutor.java:445)
	at com.kms.katalon.core.main.TestCaseExecutor.doExecute(TestCaseExecutor.java:436)
	at com.kms.katalon.core.main.TestCaseExecutor.processExecutionPhase(TestCaseExecutor.java:415)
	at com.kms.katalon.core.main.TestCaseExecutor.accessMainPhase(TestCaseExecutor.java:407)
	at com.kms.katalon.core.main.TestCaseExecutor.execute(TestCaseExecutor.java:284)
	at com.kms.katalon.core.common.CommonExecutor.accessTestCaseMainPhase(CommonExecutor.java:65)
	at com.kms.katalon.core.main.TestSuiteExecutor.accessTestSuiteMainPhase(TestSuiteExecutor.java:144)
	at com.kms.katalon.core.main.TestSuiteExecutor.execute(TestSuiteExecutor.java:106)
	at com.kms.katalon.core.main.TestCaseMain.startTestSuite(TestCaseMain.java:185)
	at com.kms.katalon.core.main.TestCaseMain$startTestSuite$0.call(Unknown Source)
	at TempTestSuite1655794262003.run(TempTestSuite1655794262003.groovy:36)
)

2022-06-21 15:46:54 - [TEST_STEP][FAILED] - verifyElementExist(findTestObject("Duit Now/duitNowReferenceEnterTitleTxt"), 0): Failed to check for element 'Object Repository/Duit Now/duitNowReferenceEnterTitleTxt' exist (Root cause: org.openqa.selenium.WebDriverException: An unknown server-side error occurred while processing the command. Original error: 'GET /window/current/size' cannot be proxied to UiAutomator2 server because the instrumentation process is not running (probably crashed). Check the server log and/or the logcat output for more details
Build info: version: '3.141.59', revision: 'e82be7d358', time: '2018-11-14T08:25:53'
System info: host: '00139272s-MacBook-Pro.local', ip: '2001:e68:6167:4601:85f6:f1eb:65d1:8553%en0', os.name: 'Mac OS X', os.arch: 'x86_64', os.version: '10.16', java.version: '1.8.0_275'
Driver info: com.kms.katalon.core.appium.driver.SwipeableAndroidDriver
Capabilities {app: /Users/a00139272/Katalon St..., appActivity: com.maybank2u.life.MainActi..., appPackage: com.maybank2u.life.sit, appWaitActivity: *, autoGrantPermissions: true, automationName: uiautomator2, chromedriverPort: 58888, databaseEnabled: false, desired: {app: /Users/a00139272/Katalon St..., appActivity: com.maybank2u.life.MainActi..., appPackage: com.maybank2u.life.sit, appWaitActivity: *, autoGrantPermissions: true, automationName: uiautomator2, chromedriverPort: 58888, deviceId: 002b9cc60508, deviceName: Xiaomi 21061119AG (Android 11), fullReset: false, newCommandTimeout: 1800, noReset: true, platform: ANDROID, platformName: android, platformVersion: 11, systemPort: 58886, udid: 002b9cc60508}, deviceApiLevel: 30, deviceId: 002b9cc60508, deviceManufacturer: Xiaomi, deviceModel: 21061119AG, deviceName: 002b9cc60508, deviceScreenDensity: 440, deviceScreenSize: 1080x2400, deviceUDID: 002b9cc60508, fullReset: false, javascriptEnabled: true, locationContextEnabled: false, networkConnectionEnabled: true, newCommandTimeout: 1800, noReset: true, pixelRatio: 2.75, platform: ANDROID, platformName: Android, platformVersion: 11, statBarHeight: 103, systemPort: 58886, takesScreenshot: true, udid: 002b9cc60508, viewportRect: {height: 2064, left: 0, top: 103, width: 1080}, warnings: {}, webStorageEnabled: false}
Session ID: 5fc04fe1-5498-4b3a-814a-182076c98f18
	at org.openqa.selenium.remote.http.W3CHttpResponseCodec.createException(W3CHttpResponseCodec.java:187)
	at org.openqa.selenium.remote.http.W3CHttpResponseCodec.decode(W3CHttpResponseCodec.java:122)
	at org.openqa.selenium.remote.http.W3CHttpResponseCodec.decode(W3CHttpResponseCodec.java:49)
	at org.openqa.selenium.remote.HttpCommandExecutor.execute(HttpCommandExecutor.java:158)
	at io.appium.java_client.remote.AppiumCommandExecutor.execute(AppiumCommandExecutor.java:239)
	at org.openqa.selenium.remote.RemoteWebDriver.execute(RemoteWebDriver.java:552)
	at io.appium.java_client.DefaultGenericMobileDriver.execute(DefaultGenericMobileDriver.java:46)
	at io.appium.java_client.AppiumDriver.execute(AppiumDriver.java:1)
	at io.appium.java_client.android.AndroidDriver.execute(AndroidDriver.java:1)
	at com.kms.katalon.core.appium.driver.SwipeableAndroidDriver.execute(SwipeableAndroidDriver.java:1)
	at org.openqa.selenium.remote.RemoteWebDriver$RemoteWebDriverOptions$RemoteWindow.getSize(RemoteWebDriver.java:813)
	at org.openqa.selenium.WebDriver$Window$getSize.call(Unknown Source)
	at com.kms.katalon.core.mobile.keyword.internal.MobileAbstractKeyword.findElement(MobileAbstractKeyword.groovy:81)
	at com.kms.katalon.core.mobile.keyword.builtin.VerifyElementExistKeyword.access$1(VerifyElementExistKeyword.groovy)
	at com.kms.katalon.core.mobile.keyword.builtin.VerifyElementExistKeyword$_verifyElementExist_closure1.doCall(VerifyElementExistKeyword.groovy:72)
	at com.kms.katalon.core.mobile.keyword.builtin.VerifyElementExistKeyword$_verifyElementExist_closure1.call(VerifyElementExistKeyword.groovy)
	at com.kms.katalon.core.mobile.keyword.internal.MobileKeywordMain.runKeyword(MobileKeywordMain.groovy:21)
	at com.kms.katalon.core.mobile.keyword.builtin.VerifyElementExistKeyword.verifyElementExist(VerifyElementExistKeyword.groovy:80)
	at com.kms.katalon.core.mobile.keyword.builtin.VerifyElementExistKeyword.execute(VerifyElementExistKeyword.groovy:64)
	at com.kms.katalon.core.keyword.internal.KeywordExecutor.executeKeywordForPlatform(KeywordExecutor.groovy:74)
	at com.kms.katalon.core.mobile.keyword.MobileBuiltInKeywords.verifyElementExist(MobileBuiltInKeywords.groovy:1755)
	at com.kms.katalon.core.mobile.keyword.MobileBuiltInKeywords$verifyElementExist$8.call(Unknown Source)
	at duitNow_mobileNumberFavTransaction.run(duitNow_mobileNumberFavTransaction:192)
	at com.kms.katalon.core.main.ScriptEngine.run(ScriptEngine.java:194)
	at com.kms.katalon.core.main.ScriptEngine.runScriptAsRawText(ScriptEngine.java:119)
	at com.kms.katalon.core.main.TestCaseExecutor.runScript(TestCaseExecutor.java:445)
	at com.kms.katalon.core.main.TestCaseExecutor.doExecute(TestCaseExecutor.java:436)
	at com.kms.katalon.core.main.TestCaseExecutor.processExecutionPhase(TestCaseExecutor.java:415)
	at com.kms.katalon.core.main.TestCaseExecutor.accessMainPhase(TestCaseExecutor.java:407)
	at com.kms.katalon.core.main.TestCaseExecutor.execute(TestCaseExecutor.java:284)
	at com.kms.katalon.core.common.CommonExecutor.accessTestCaseMainPhase(CommonExecutor.java:65)
	at com.kms.katalon.core.main.TestSuiteExecutor.accessTestSuiteMainPhase(TestSuiteExecutor.java:144)
	at com.kms.katalon.core.main.TestSuiteExecutor.execute(TestSuiteExecutor.java:106)
	at com.kms.katalon.core.main.TestCaseMain.startTestSuite(TestCaseMain.java:185)
	at com.kms.katalon.core.main.TestCaseMain$startTestSuite$0.call(Unknown Source)
	at TempTestSuite1655794262003.run(TempTestSuite1655794262003.groovy:36)
)

2022-06-21 15:46:54 - [MESSAGE][WARNING] - Timeout '0' is invalid. Using default page load timeout: '40'

2022-06-21 15:46:54 - [MESSAGE][FAILED] - Failed to check for element 'Object Repository/Duit Now/duitNowReferenceEnterTitleTxt' exist (Root cause: org.openqa.selenium.WebDriverException: An unknown server-side error occurred while processing the command. Original error: 'GET /window/current/size' cannot be proxied to UiAutomator2 server because the instrumentation process is not running (probably crashed). Check the server log and/or the logcat output for more details
Build info: version: '3.141.59', revision: 'e82be7d358', time: '2018-11-14T08:25:53'
System info: host: '00139272s-MacBook-Pro.local', ip: '2001:e68:6167:4601:85f6:f1eb:65d1:8553%en0', os.name: 'Mac OS X', os.arch: 'x86_64', os.version: '10.16', java.version: '1.8.0_275'
Driver info: com.kms.katalon.core.appium.driver.SwipeableAndroidDriver
Capabilities {app: /Users/a00139272/Katalon St..., appActivity: com.maybank2u.life.MainActi..., appPackage: com.maybank2u.life.sit, appWaitActivity: *, autoGrantPermissions: true, automationName: uiautomator2, chromedriverPort: 58888, databaseEnabled: false, desired: {app: /Users/a00139272/Katalon St..., appActivity: com.maybank2u.life.MainActi..., appPackage: com.maybank2u.life.sit, appWaitActivity: *, autoGrantPermissions: true, automationName: uiautomator2, chromedriverPort: 58888, deviceId: 002b9cc60508, deviceName: Xiaomi 21061119AG (Android 11), fullReset: false, newCommandTimeout: 1800, noReset: true, platform: ANDROID, platformName: android, platformVersion: 11, systemPort: 58886, udid: 002b9cc60508}, deviceApiLevel: 30, deviceId: 002b9cc60508, deviceManufacturer: Xiaomi, deviceModel: 21061119AG, deviceName: 002b9cc60508, deviceScreenDensity: 440, deviceScreenSize: 1080x2400, deviceUDID: 002b9cc60508, fullReset: false, javascriptEnabled: true, locationContextEnabled: false, networkConnectionEnabled: true, newCommandTimeout: 1800, noReset: true, pixelRatio: 2.75, platform: ANDROID, platformName: Android, platformVersion: 11, statBarHeight: 103, systemPort: 58886, takesScreenshot: true, udid: 002b9cc60508, viewportRect: {height: 2064, left: 0, top: 103, width: 1080}, warnings: {}, webStorageEnabled: false}
Session ID: 5fc04fe1-5498-4b3a-814a-182076c98f18
	at org.openqa.selenium.remote.http.W3CHttpResponseCodec.createException(W3CHttpResponseCodec.java:187)
	at org.openqa.selenium.remote.http.W3CHttpResponseCodec.decode(W3CHttpResponseCodec.java:122)
	at org.openqa.selenium.remote.http.W3CHttpResponseCodec.decode(W3CHttpResponseCodec.java:49)
	at org.openqa.selenium.remote.HttpCommandExecutor.execute(HttpCommandExecutor.java:158)
	at io.appium.java_client.remote.AppiumCommandExecutor.execute(AppiumCommandExecutor.java:239)
	at org.openqa.selenium.remote.RemoteWebDriver.execute(RemoteWebDriver.java:552)
	at io.appium.java_client.DefaultGenericMobileDriver.execute(DefaultGenericMobileDriver.java:46)
	at io.appium.java_client.AppiumDriver.execute(AppiumDriver.java:1)
	at io.appium.java_client.android.AndroidDriver.execute(AndroidDriver.java:1)
	at com.kms.katalon.core.appium.driver.SwipeableAndroidDriver.execute(SwipeableAndroidDriver.java:1)
	at org.openqa.selenium.remote.RemoteWebDriver$RemoteWebDriverOptions$RemoteWindow.getSize(RemoteWebDriver.java:813)
	at org.openqa.selenium.WebDriver$Window$getSize.call(Unknown Source)
	at com.kms.katalon.core.mobile.keyword.internal.MobileAbstractKeyword.findElement(MobileAbstractKeyword.groovy:81)
	at com.kms.katalon.core.mobile.keyword.builtin.VerifyElementExistKeyword.access$1(VerifyElementExistKeyword.groovy)
	at com.kms.katalon.core.mobile.keyword.builtin.VerifyElementExistKeyword$_verifyElementExist_closure1.doCall(VerifyElementExistKeyword.groovy:72)
	at com.kms.katalon.core.mobile.keyword.builtin.VerifyElementExistKeyword$_verifyElementExist_closure1.call(VerifyElementExistKeyword.groovy)
	at com.kms.katalon.core.mobile.keyword.internal.MobileKeywordMain.runKeyword(MobileKeywordMain.groovy:21)
	at com.kms.katalon.core.mobile.keyword.builtin.VerifyElementExistKeyword.verifyElementExist(VerifyElementExistKeyword.groovy:80)
	at com.kms.katalon.core.mobile.keyword.builtin.VerifyElementExistKeyword.execute(VerifyElementExistKeyword.groovy:64)
	at com.kms.katalon.core.keyword.internal.KeywordExecutor.executeKeywordForPlatform(KeywordExecutor.groovy:74)
	at com.kms.katalon.core.mobile.keyword.MobileBuiltInKeywords.verifyElementExist(MobileBuiltInKeywords.groovy:1755)
	at com.kms.katalon.core.mobile.keyword.MobileBuiltInKeywords$verifyElementExist$8.call(Unknown Source)
	at duitNow_mobileNumberFavTransaction.run(duitNow_mobileNumberFavTransaction:192)
	at com.kms.katalon.core.main.ScriptEngine.run(ScriptEngine.java:194)
	at com.kms.katalon.core.main.ScriptEngine.runScriptAsRawText(ScriptEngine.java:119)
	at com.kms.katalon.core.main.TestCaseExecutor.runScript(TestCaseExecutor.java:445)
	at com.kms.katalon.core.main.TestCaseExecutor.doExecute(TestCaseExecutor.java:436)
	at com.kms.katalon.core.main.TestCaseExecutor.processExecutionPhase(TestCaseExecutor.java:415)
	at com.kms.katalon.core.main.TestCaseExecutor.accessMainPhase(TestCaseExecutor.java:407)
	at com.kms.katalon.core.main.TestCaseExecutor.execute(TestCaseExecutor.java:284)
	at com.kms.katalon.core.common.CommonExecutor.accessTestCaseMainPhase(CommonExecutor.java:65)
	at com.kms.katalon.core.main.TestSuiteExecutor.accessTestSuiteMainPhase(TestSuiteExecutor.java:144)
	at com.kms.katalon.core.main.TestSuiteExecutor.execute(TestSuiteExecutor.java:106)
	at com.kms.katalon.core.main.TestCaseMain.startTestSuite(TestCaseMain.java:185)
	at com.kms.katalon.core.main.TestCaseMain$startTestSuite$0.call(Unknown Source)
	at TempTestSuite1655794262003.run(TempTestSuite1655794262003.groovy:36)
)

2022-06-21 15:46:54 - [TEST_STEP][FAILED] - setText(findTestObject("Banking/duitNowReferenceInputField"), reference, 0): Failed to set text into element (Root cause: org.openqa.selenium.WebDriverException: An unknown server-side error occurred while processing the command. Original error: 'GET /window/current/size' cannot be proxied to UiAutomator2 server because the instrumentation process is not running (probably crashed). Check the server log and/or the logcat output for more details
Build info: version: '3.141.59', revision: 'e82be7d358', time: '2018-11-14T08:25:53'
System info: host: '00139272s-MacBook-Pro.local', ip: '2001:e68:6167:4601:85f6:f1eb:65d1:8553%en0', os.name: 'Mac OS X', os.arch: 'x86_64', os.version: '10.16', java.version: '1.8.0_275'
Driver info: com.kms.katalon.core.appium.driver.SwipeableAndroidDriver
Capabilities {app: /Users/a00139272/Katalon St..., appActivity: com.maybank2u.life.MainActi..., appPackage: com.maybank2u.life.sit, appWaitActivity: *, autoGrantPermissions: true, automationName: uiautomator2, chromedriverPort: 58888, databaseEnabled: false, desired: {app: /Users/a00139272/Katalon St..., appActivity: com.maybank2u.life.MainActi..., appPackage: com.maybank2u.life.sit, appWaitActivity: *, autoGrantPermissions: true, automationName: uiautomator2, chromedriverPort: 58888, deviceId: 002b9cc60508, deviceName: Xiaomi 21061119AG (Android 11), fullReset: false, newCommandTimeout: 1800, noReset: true, platform: ANDROID, platformName: android, platformVersion: 11, systemPort: 58886, udid: 002b9cc60508}, deviceApiLevel: 30, deviceId: 002b9cc60508, deviceManufacturer: Xiaomi, deviceModel: 21061119AG, deviceName: 002b9cc60508, deviceScreenDensity: 440, deviceScreenSize: 1080x2400, deviceUDID: 002b9cc60508, fullReset: false, javascriptEnabled: true, locationContextEnabled: false, networkConnectionEnabled: true, newCommandTimeout: 1800, noReset: true, pixelRatio: 2.75, platform: ANDROID, platformName: Android, platformVersion: 11, statBarHeight: 103, systemPort: 58886, takesScreenshot: true, udid: 002b9cc60508, viewportRect: {height: 2064, left: 0, top: 103, width: 1080}, warnings: {}, webStorageEnabled: false}
Session ID: 5fc04fe1-5498-4b3a-814a-182076c98f18
	at org.openqa.selenium.remote.http.W3CHttpResponseCodec.createException(W3CHttpResponseCodec.java:187)
	at org.openqa.selenium.remote.http.W3CHttpResponseCodec.decode(W3CHttpResponseCodec.java:122)
	at org.openqa.selenium.remote.http.W3CHttpResponseCodec.decode(W3CHttpResponseCodec.java:49)
	at org.openqa.selenium.remote.HttpCommandExecutor.execute(HttpCommandExecutor.java:158)
	at io.appium.java_client.remote.AppiumCommandExecutor.execute(AppiumCommandExecutor.java:239)
	at org.openqa.selenium.remote.RemoteWebDriver.execute(RemoteWebDriver.java:552)
	at io.appium.java_client.DefaultGenericMobileDriver.execute(DefaultGenericMobileDriver.java:46)
	at io.appium.java_client.AppiumDriver.execute(AppiumDriver.java:1)
	at io.appium.java_client.android.AndroidDriver.execute(AndroidDriver.java:1)
	at com.kms.katalon.core.appium.driver.SwipeableAndroidDriver.execute(SwipeableAndroidDriver.java:1)
	at org.openqa.selenium.remote.RemoteWebDriver$RemoteWebDriverOptions$RemoteWindow.getSize(RemoteWebDriver.java:813)
	at org.openqa.selenium.WebDriver$Window$getSize.call(Unknown Source)
	at com.kms.katalon.core.mobile.keyword.internal.MobileAbstractKeyword.findElement(MobileAbstractKeyword.groovy:81)
	at com.kms.katalon.core.mobile.keyword.builtin.SetTextKeyword.access$1(SetTextKeyword.groovy)
	at com.kms.katalon.core.mobile.keyword.builtin.SetTextKeyword$_setText_closure1.doCall(SetTextKeyword.groovy:74)
	at com.kms.katalon.core.mobile.keyword.builtin.SetTextKeyword$_setText_closure1.call(SetTextKeyword.groovy)
	at com.kms.katalon.core.mobile.keyword.internal.MobileKeywordMain.runKeyword(MobileKeywordMain.groovy:21)
	at com.kms.katalon.core.mobile.keyword.builtin.SetTextKeyword.setText(SetTextKeyword.groovy:83)
	at com.kms.katalon.core.mobile.keyword.builtin.SetTextKeyword.execute(SetTextKeyword.groovy:66)
	at com.kms.katalon.core.keyword.internal.KeywordExecutor.executeKeywordForPlatform(KeywordExecutor.groovy:74)
	at com.kms.katalon.core.mobile.keyword.MobileBuiltInKeywords.setText(MobileBuiltInKeywords.groovy:1307)
	at com.kms.katalon.core.mobile.keyword.MobileBuiltInKeywords$setText$6.call(Unknown Source)
	at duitNow_mobileNumberFavTransaction.run(duitNow_mobileNumberFavTransaction:194)
	at com.kms.katalon.core.main.ScriptEngine.run(ScriptEngine.java:194)
	at com.kms.katalon.core.main.ScriptEngine.runScriptAsRawText(ScriptEngine.java:119)
	at com.kms.katalon.core.main.TestCaseExecutor.runScript(TestCaseExecutor.java:445)
	at com.kms.katalon.core.main.TestCaseExecutor.doExecute(TestCaseExecutor.java:436)
	at com.kms.katalon.core.main.TestCaseExecutor.processExecutionPhase(TestCaseExecutor.java:415)
	at com.kms.katalon.core.main.TestCaseExecutor.accessMainPhase(TestCaseExecutor.java:407)
	at com.kms.katalon.core.main.TestCaseExecutor.execute(TestCaseExecutor.java:284)
	at com.kms.katalon.core.common.CommonExecutor.accessTestCaseMainPhase(CommonExecutor.java:65)
	at com.kms.katalon.core.main.TestSuiteExecutor.accessTestSuiteMainPhase(TestSuiteExecutor.java:144)
	at com.kms.katalon.core.main.TestSuiteExecutor.execute(TestSuiteExecutor.java:106)
	at com.kms.katalon.core.main.TestCaseMain.startTestSuite(TestCaseMain.java:185)
	at com.kms.katalon.core.main.TestCaseMain$startTestSuite$0.call(Unknown Source)
	at TempTestSuite1655794262003.run(TempTestSuite1655794262003.groovy:36)
)

2022-06-21 15:46:54 - [MESSAGE][WARNING] - Timeout '0' is invalid. Using default page load timeout: '40'

2022-06-21 15:46:54 - [MESSAGE][FAILED] - Failed to set text into element (Root cause: org.openqa.selenium.WebDriverException: An unknown server-side error occurred while processing the command. Original error: 'GET /window/current/size' cannot be proxied to UiAutomator2 server because the instrumentation process is not running (probably crashed). Check the server log and/or the logcat output for more details
Build info: version: '3.141.59', revision: 'e82be7d358', time: '2018-11-14T08:25:53'
System info: host: '00139272s-MacBook-Pro.local', ip: '2001:e68:6167:4601:85f6:f1eb:65d1:8553%en0', os.name: 'Mac OS X', os.arch: 'x86_64', os.version: '10.16', java.version: '1.8.0_275'
Driver info: com.kms.katalon.core.appium.driver.SwipeableAndroidDriver
Capabilities {app: /Users/a00139272/Katalon St..., appActivity: com.maybank2u.life.MainActi..., appPackage: com.maybank2u.life.sit, appWaitActivity: *, autoGrantPermissions: true, automationName: uiautomator2, chromedriverPort: 58888, databaseEnabled: false, desired: {app: /Users/a00139272/Katalon St..., appActivity: com.maybank2u.life.MainActi..., appPackage: com.maybank2u.life.sit, appWaitActivity: *, autoGrantPermissions: true, automationName: uiautomator2, chromedriverPort: 58888, deviceId: 002b9cc60508, deviceName: Xiaomi 21061119AG (Android 11), fullReset: false, newCommandTimeout: 1800, noReset: true, platform: ANDROID, platformName: android, platformVersion: 11, systemPort: 58886, udid: 002b9cc60508}, deviceApiLevel: 30, deviceId: 002b9cc60508, deviceManufacturer: Xiaomi, deviceModel: 21061119AG, deviceName: 002b9cc60508, deviceScreenDensity: 440, deviceScreenSize: 1080x2400, deviceUDID: 002b9cc60508, fullReset: false, javascriptEnabled: true, locationContextEnabled: false, networkConnectionEnabled: true, newCommandTimeout: 1800, noReset: true, pixelRatio: 2.75, platform: ANDROID, platformName: Android, platformVersion: 11, statBarHeight: 103, systemPort: 58886, takesScreenshot: true, udid: 002b9cc60508, viewportRect: {height: 2064, left: 0, top: 103, width: 1080}, warnings: {}, webStorageEnabled: false}
Session ID: 5fc04fe1-5498-4b3a-814a-182076c98f18
	at org.openqa.selenium.remote.http.W3CHttpResponseCodec.createException(W3CHttpResponseCodec.java:187)
	at org.openqa.selenium.remote.http.W3CHttpResponseCodec.decode(W3CHttpResponseCodec.java:122)
	at org.openqa.selenium.remote.http.W3CHttpResponseCodec.decode(W3CHttpResponseCodec.java:49)
	at org.openqa.selenium.remote.HttpCommandExecutor.execute(HttpCommandExecutor.java:158)
	at io.appium.java_client.remote.AppiumCommandExecutor.execute(AppiumCommandExecutor.java:239)
	at org.openqa.selenium.remote.RemoteWebDriver.execute(RemoteWebDriver.java:552)
	at io.appium.java_client.DefaultGenericMobileDriver.execute(DefaultGenericMobileDriver.java:46)
	at io.appium.java_client.AppiumDriver.execute(AppiumDriver.java:1)
	at io.appium.java_client.android.AndroidDriver.execute(AndroidDriver.java:1)
	at com.kms.katalon.core.appium.driver.SwipeableAndroidDriver.execute(SwipeableAndroidDriver.java:1)
	at org.openqa.selenium.remote.RemoteWebDriver$RemoteWebDriverOptions$RemoteWindow.getSize(RemoteWebDriver.java:813)
	at org.openqa.selenium.WebDriver$Window$getSize.call(Unknown Source)
	at com.kms.katalon.core.mobile.keyword.internal.MobileAbstractKeyword.findElement(MobileAbstractKeyword.groovy:81)
	at com.kms.katalon.core.mobile.keyword.builtin.SetTextKeyword.access$1(SetTextKeyword.groovy)
	at com.kms.katalon.core.mobile.keyword.builtin.SetTextKeyword$_setText_closure1.doCall(SetTextKeyword.groovy:74)
	at com.kms.katalon.core.mobile.keyword.builtin.SetTextKeyword$_setText_closure1.call(SetTextKeyword.groovy)
	at com.kms.katalon.core.mobile.keyword.internal.MobileKeywordMain.runKeyword(MobileKeywordMain.groovy:21)
	at com.kms.katalon.core.mobile.keyword.builtin.SetTextKeyword.setText(SetTextKeyword.groovy:83)
	at com.kms.katalon.core.mobile.keyword.builtin.SetTextKeyword.execute(SetTextKeyword.groovy:66)
	at com.kms.katalon.core.keyword.internal.KeywordExecutor.executeKeywordForPlatform(KeywordExecutor.groovy:74)
	at com.kms.katalon.core.mobile.keyword.MobileBuiltInKeywords.setText(MobileBuiltInKeywords.groovy:1307)
	at com.kms.katalon.core.mobile.keyword.MobileBuiltInKeywords$setText$6.call(Unknown Source)
	at duitNow_mobileNumberFavTransaction.run(duitNow_mobileNumberFavTransaction:194)
	at com.kms.katalon.core.main.ScriptEngine.run(ScriptEngine.java:194)
	at com.kms.katalon.core.main.ScriptEngine.runScriptAsRawText(ScriptEngine.java:119)
	at com.kms.katalon.core.main.TestCaseExecutor.runScript(TestCaseExecutor.java:445)
	at com.kms.katalon.core.main.TestCaseExecutor.doExecute(TestCaseExecutor.java:436)
	at com.kms.katalon.core.main.TestCaseExecutor.processExecutionPhase(TestCaseExecutor.java:415)
	at com.kms.katalon.core.main.TestCaseExecutor.accessMainPhase(TestCaseExecutor.java:407)
	at com.kms.katalon.core.main.TestCaseExecutor.execute(TestCaseExecutor.java:284)
	at com.kms.katalon.core.common.CommonExecutor.accessTestCaseMainPhase(CommonExecutor.java:65)
	at com.kms.katalon.core.main.TestSuiteExecutor.accessTestSuiteMainPhase(TestSuiteExecutor.java:144)
	at com.kms.katalon.core.main.TestSuiteExecutor.execute(TestSuiteExecutor.java:106)
	at com.kms.katalon.core.main.TestCaseMain.startTestSuite(TestCaseMain.java:185)
	at com.kms.katalon.core.main.TestCaseMain$startTestSuite$0.call(Unknown Source)
	at TempTestSuite1655794262003.run(TempTestSuite1655794262003.groovy:36)
)

2022-06-21 15:46:54 - [TEST_STEP][PASSED] - hideKeyboard(): Keyboard is hidden

2022-06-21 15:47:12 - [MESSAGE][PASSED] - Keyboard is hidden

2022-06-21 15:47:12 - [TEST_STEP][FAILED] - verifyElementText(findTestObject("Duit Now/duitNowReferenceContentTxt", ["reference":reference]), reference): Verify element text of test object 'Object Repository/Duit Now/duitNowReferenceContentTxt' FAILED. (Root cause: org.openqa.selenium.WebDriverException: An unknown server-side error occurred while processing the command. Original error: 'GET /window/current/size' cannot be proxied to UiAutomator2 server because the instrumentation process is not running (probably crashed). Check the server log and/or the logcat output for more details
Build info: version: '3.141.59', revision: 'e82be7d358', time: '2018-11-14T08:25:53'
System info: host: '00139272s-MacBook-Pro.local', ip: '2001:e68:6167:4601:85f6:f1eb:65d1:8553%en0', os.name: 'Mac OS X', os.arch: 'x86_64', os.version: '10.16', java.version: '1.8.0_275'
Driver info: com.kms.katalon.core.appium.driver.SwipeableAndroidDriver
Capabilities {app: /Users/a00139272/Katalon St..., appActivity: com.maybank2u.life.MainActi..., appPackage: com.maybank2u.life.sit, appWaitActivity: *, autoGrantPermissions: true, automationName: uiautomator2, chromedriverPort: 58888, databaseEnabled: false, desired: {app: /Users/a00139272/Katalon St..., appActivity: com.maybank2u.life.MainActi..., appPackage: com.maybank2u.life.sit, appWaitActivity: *, autoGrantPermissions: true, automationName: uiautomator2, chromedriverPort: 58888, deviceId: 002b9cc60508, deviceName: Xiaomi 21061119AG (Android 11), fullReset: false, newCommandTimeout: 1800, noReset: true, platform: ANDROID, platformName: android, platformVersion: 11, systemPort: 58886, udid: 002b9cc60508}, deviceApiLevel: 30, deviceId: 002b9cc60508, deviceManufacturer: Xiaomi, deviceModel: 21061119AG, deviceName: 002b9cc60508, deviceScreenDensity: 440, deviceScreenSize: 1080x2400, deviceUDID: 002b9cc60508, fullReset: false, javascriptEnabled: true, locationContextEnabled: false, networkConnectionEnabled: true, newCommandTimeout: 1800, noReset: true, pixelRatio: 2.75, platform: ANDROID, platformName: Android, platformVersion: 11, statBarHeight: 103, systemPort: 58886, takesScreenshot: true, udid: 002b9cc60508, viewportRect: {height: 2064, left: 0, top: 103, width: 1080}, warnings: {}, webStorageEnabled: false}
Session ID: 5fc04fe1-5498-4b3a-814a-182076c98f18
	at org.openqa.selenium.remote.http.W3CHttpResponseCodec.createException(W3CHttpResponseCodec.java:187)
	at org.openqa.selenium.remote.http.W3CHttpResponseCodec.decode(W3CHttpResponseCodec.java:122)
	at org.openqa.selenium.remote.http.W3CHttpResponseCodec.decode(W3CHttpResponseCodec.java:49)
	at org.openqa.selenium.remote.HttpCommandExecutor.execute(HttpCommandExecutor.java:158)
	at io.appium.java_client.remote.AppiumCommandExecutor.execute(AppiumCommandExecutor.java:239)
	at org.openqa.selenium.remote.RemoteWebDriver.execute(RemoteWebDriver.java:552)
	at io.appium.java_client.DefaultGenericMobileDriver.execute(DefaultGenericMobileDriver.java:46)
	at io.appium.java_client.AppiumDriver.execute(AppiumDriver.java:1)
	at io.appium.java_client.android.AndroidDriver.execute(AndroidDriver.java:1)
	at com.kms.katalon.core.appium.driver.SwipeableAndroidDriver.execute(SwipeableAndroidDriver.java:1)
	at org.openqa.selenium.remote.RemoteWebDriver$RemoteWebDriverOptions$RemoteWindow.getSize(RemoteWebDriver.java:813)
	at org.openqa.selenium.WebDriver$Window$getSize.call(Unknown Source)
	at com.kms.katalon.core.mobile.keyword.internal.MobileAbstractKeyword.findElement(MobileAbstractKeyword.groovy:81)
	at com.kms.katalon.core.mobile.keyword.builtin.VerifyElementTextKeyword.access$1(VerifyElementTextKeyword.groovy)
	at com.kms.katalon.core.mobile.keyword.builtin.VerifyElementTextKeyword$_verifyElementText_closure1.doCall(VerifyElementTextKeyword.groovy:47)
	at com.kms.katalon.core.mobile.keyword.builtin.VerifyElementTextKeyword$_verifyElementText_closure1.call(VerifyElementTextKeyword.groovy)
	at com.kms.katalon.core.mobile.keyword.internal.MobileKeywordMain.runKeyword(MobileKeywordMain.groovy:21)
	at com.kms.katalon.core.mobile.keyword.builtin.VerifyElementTextKeyword.verifyElementText(VerifyElementTextKeyword.groovy:62)
	at com.kms.katalon.core.mobile.keyword.builtin.VerifyElementTextKeyword.execute(VerifyElementTextKeyword.groovy:39)
	at com.kms.katalon.core.keyword.internal.KeywordExecutor.executeKeywordForPlatform(KeywordExecutor.groovy:74)
	at com.kms.katalon.core.mobile.keyword.MobileBuiltInKeywords.verifyElementText(MobileBuiltInKeywords.groovy:2901)
	at com.kms.katalon.core.mobile.keyword.MobileBuiltInKeywords$verifyElementText$9.call(Unknown Source)
	at duitNow_mobileNumberFavTransaction.run(duitNow_mobileNumberFavTransaction:198)
	at com.kms.katalon.core.main.ScriptEngine.run(ScriptEngine.java:194)
	at com.kms.katalon.core.main.ScriptEngine.runScriptAsRawText(ScriptEngine.java:119)
	at com.kms.katalon.core.main.TestCaseExecutor.runScript(TestCaseExecutor.java:445)
	at com.kms.katalon.core.main.TestCaseExecutor.doExecute(TestCaseExecutor.java:436)
	at com.kms.katalon.core.main.TestCaseExecutor.processExecutionPhase(TestCaseExecutor.java:415)
	at com.kms.katalon.core.main.TestCaseExecutor.accessMainPhase(TestCaseExecutor.java:407)
	at com.kms.katalon.core.main.TestCaseExecutor.execute(TestCaseExecutor.java:284)
	at com.kms.katalon.core.common.CommonExecutor.accessTestCaseMainPhase(CommonExecutor.java:65)
	at com.kms.katalon.core.main.TestSuiteExecutor.accessTestSuiteMainPhase(TestSuiteExecutor.java:144)
	at com.kms.katalon.core.main.TestSuiteExecutor.execute(TestSuiteExecutor.java:106)
	at com.kms.katalon.core.main.TestCaseMain.startTestSuite(TestCaseMain.java:185)
	at com.kms.katalon.core.main.TestCaseMain$startTestSuite$0.call(Unknown Source)
	at TempTestSuite1655794262003.run(TempTestSuite1655794262003.groovy:36)
)

2022-06-21 15:47:12 - [MESSAGE][FAILED] - Verify element text of test object 'Object Repository/Duit Now/duitNowReferenceContentTxt' FAILED. (Root cause: org.openqa.selenium.WebDriverException: An unknown server-side error occurred while processing the command. Original error: 'GET /window/current/size' cannot be proxied to UiAutomator2 server because the instrumentation process is not running (probably crashed). Check the server log and/or the logcat output for more details
Build info: version: '3.141.59', revision: 'e82be7d358', time: '2018-11-14T08:25:53'
System info: host: '00139272s-MacBook-Pro.local', ip: '2001:e68:6167:4601:85f6:f1eb:65d1:8553%en0', os.name: 'Mac OS X', os.arch: 'x86_64', os.version: '10.16', java.version: '1.8.0_275'
Driver info: com.kms.katalon.core.appium.driver.SwipeableAndroidDriver
Capabilities {app: /Users/a00139272/Katalon St..., appActivity: com.maybank2u.life.MainActi..., appPackage: com.maybank2u.life.sit, appWaitActivity: *, autoGrantPermissions: true, automationName: uiautomator2, chromedriverPort: 58888, databaseEnabled: false, desired: {app: /Users/a00139272/Katalon St..., appActivity: com.maybank2u.life.MainActi..., appPackage: com.maybank2u.life.sit, appWaitActivity: *, autoGrantPermissions: true, automationName: uiautomator2, chromedriverPort: 58888, deviceId: 002b9cc60508, deviceName: Xiaomi 21061119AG (Android 11), fullReset: false, newCommandTimeout: 1800, noReset: true, platform: ANDROID, platformName: android, platformVersion: 11, systemPort: 58886, udid: 002b9cc60508}, deviceApiLevel: 30, deviceId: 002b9cc60508, deviceManufacturer: Xiaomi, deviceModel: 21061119AG, deviceName: 002b9cc60508, deviceScreenDensity: 440, deviceScreenSize: 1080x2400, deviceUDID: 002b9cc60508, fullReset: false, javascriptEnabled: true, locationContextEnabled: false, networkConnectionEnabled: true, newCommandTimeout: 1800, noReset: true, pixelRatio: 2.75, platform: ANDROID, platformName: Android, platformVersion: 11, statBarHeight: 103, systemPort: 58886, takesScreenshot: true, udid: 002b9cc60508, viewportRect: {height: 2064, left: 0, top: 103, width: 1080}, warnings: {}, webStorageEnabled: false}
Session ID: 5fc04fe1-5498-4b3a-814a-182076c98f18
	at org.openqa.selenium.remote.http.W3CHttpResponseCodec.createException(W3CHttpResponseCodec.java:187)
	at org.openqa.selenium.remote.http.W3CHttpResponseCodec.decode(W3CHttpResponseCodec.java:122)
	at org.openqa.selenium.remote.http.W3CHttpResponseCodec.decode(W3CHttpResponseCodec.java:49)
	at org.openqa.selenium.remote.HttpCommandExecutor.execute(HttpCommandExecutor.java:158)
	at io.appium.java_client.remote.AppiumCommandExecutor.execute(AppiumCommandExecutor.java:239)
	at org.openqa.selenium.remote.RemoteWebDriver.execute(RemoteWebDriver.java:552)
	at io.appium.java_client.DefaultGenericMobileDriver.execute(DefaultGenericMobileDriver.java:46)
	at io.appium.java_client.AppiumDriver.execute(AppiumDriver.java:1)
	at io.appium.java_client.android.AndroidDriver.execute(AndroidDriver.java:1)
	at com.kms.katalon.core.appium.driver.SwipeableAndroidDriver.execute(SwipeableAndroidDriver.java:1)
	at org.openqa.selenium.remote.RemoteWebDriver$RemoteWebDriverOptions$RemoteWindow.getSize(RemoteWebDriver.java:813)
	at org.openqa.selenium.WebDriver$Window$getSize.call(Unknown Source)
	at com.kms.katalon.core.mobile.keyword.internal.MobileAbstractKeyword.findElement(MobileAbstractKeyword.groovy:81)
	at com.kms.katalon.core.mobile.keyword.builtin.VerifyElementTextKeyword.access$1(VerifyElementTextKeyword.groovy)
	at com.kms.katalon.core.mobile.keyword.builtin.VerifyElementTextKeyword$_verifyElementText_closure1.doCall(VerifyElementTextKeyword.groovy:47)
	at com.kms.katalon.core.mobile.keyword.builtin.VerifyElementTextKeyword$_verifyElementText_closure1.call(VerifyElementTextKeyword.groovy)
	at com.kms.katalon.core.mobile.keyword.internal.MobileKeywordMain.runKeyword(MobileKeywordMain.groovy:21)
	at com.kms.katalon.core.mobile.keyword.builtin.VerifyElementTextKeyword.verifyElementText(VerifyElementTextKeyword.groovy:62)
	at com.kms.katalon.core.mobile.keyword.builtin.VerifyElementTextKeyword.execute(VerifyElementTextKeyword.groovy:39)
	at com.kms.katalon.core.keyword.internal.KeywordExecutor.executeKeywordForPlatform(KeywordExecutor.groovy:74)
	at com.kms.katalon.core.mobile.keyword.MobileBuiltInKeywords.verifyElementText(MobileBuiltInKeywords.groovy:2901)
	at com.kms.katalon.core.mobile.keyword.MobileBuiltInKeywords$verifyElementText$9.call(Unknown Source)
	at duitNow_mobileNumberFavTransaction.run(duitNow_mobileNumberFavTransaction:198)
	at com.kms.katalon.core.main.ScriptEngine.run(ScriptEngine.java:194)
	at com.kms.katalon.core.main.ScriptEngine.runScriptAsRawText(ScriptEngine.java:119)
	at com.kms.katalon.core.main.TestCaseExecutor.runScript(TestCaseExecutor.java:445)
	at com.kms.katalon.core.main.TestCaseExecutor.doExecute(TestCaseExecutor.java:436)
	at com.kms.katalon.core.main.TestCaseExecutor.processExecutionPhase(TestCaseExecutor.java:415)
	at com.kms.katalon.core.main.TestCaseExecutor.accessMainPhase(TestCaseExecutor.java:407)
	at com.kms.katalon.core.main.TestCaseExecutor.execute(TestCaseExecutor.java:284)
	at com.kms.katalon.core.common.CommonExecutor.accessTestCaseMainPhase(CommonExecutor.java:65)
	at com.kms.katalon.core.main.TestSuiteExecutor.accessTestSuiteMainPhase(TestSuiteExecutor.java:144)
	at com.kms.katalon.core.main.TestSuiteExecutor.execute(TestSuiteExecutor.java:106)
	at com.kms.katalon.core.main.TestCaseMain.startTestSuite(TestCaseMain.java:185)
	at com.kms.katalon.core.main.TestCaseMain$startTestSuite$0.call(Unknown Source)
	at TempTestSuite1655794262003.run(TempTestSuite1655794262003.groovy:36)
)

2022-06-21 15:47:12 - [TEST_STEP][FAILED] - tap(findTestObject("Login Onboarding/loginExistingContinueBtn"), 0): Failed to tap on element 'Object Repository/Login Onboarding/loginExistingContinueBtn' (Root cause: org.openqa.selenium.WebDriverException: An unknown server-side error occurred while processing the command. Original error: 'GET /window/current/size' cannot be proxied to UiAutomator2 server because the instrumentation process is not running (probably crashed). Check the server log and/or the logcat output for more details
Build info: version: '3.141.59', revision: 'e82be7d358', time: '2018-11-14T08:25:53'
System info: host: '00139272s-MacBook-Pro.local', ip: '2001:e68:6167:4601:85f6:f1eb:65d1:8553%en0', os.name: 'Mac OS X', os.arch: 'x86_64', os.version: '10.16', java.version: '1.8.0_275'
Driver info: com.kms.katalon.core.appium.driver.SwipeableAndroidDriver
Capabilities {app: /Users/a00139272/Katalon St..., appActivity: com.maybank2u.life.MainActi..., appPackage: com.maybank2u.life.sit, appWaitActivity: *, autoGrantPermissions: true, automationName: uiautomator2, chromedriverPort: 58888, databaseEnabled: false, desired: {app: /Users/a00139272/Katalon St..., appActivity: com.maybank2u.life.MainActi..., appPackage: com.maybank2u.life.sit, appWaitActivity: *, autoGrantPermissions: true, automationName: uiautomator2, chromedriverPort: 58888, deviceId: 002b9cc60508, deviceName: Xiaomi 21061119AG (Android 11), fullReset: false, newCommandTimeout: 1800, noReset: true, platform: ANDROID, platformName: android, platformVersion: 11, systemPort: 58886, udid: 002b9cc60508}, deviceApiLevel: 30, deviceId: 002b9cc60508, deviceManufacturer: Xiaomi, deviceModel: 21061119AG, deviceName: 002b9cc60508, deviceScreenDensity: 440, deviceScreenSize: 1080x2400, deviceUDID: 002b9cc60508, fullReset: false, javascriptEnabled: true, locationContextEnabled: false, networkConnectionEnabled: true, newCommandTimeout: 1800, noReset: true, pixelRatio: 2.75, platform: ANDROID, platformName: Android, platformVersion: 11, statBarHeight: 103, systemPort: 58886, takesScreenshot: true, udid: 002b9cc60508, viewportRect: {height: 2064, left: 0, top: 103, width: 1080}, warnings: {}, webStorageEnabled: false}
Session ID: 5fc04fe1-5498-4b3a-814a-182076c98f18
	at org.openqa.selenium.remote.http.W3CHttpResponseCodec.createException(W3CHttpResponseCodec.java:187)
	at org.openqa.selenium.remote.http.W3CHttpResponseCodec.decode(W3CHttpResponseCodec.java:122)
	at org.openqa.selenium.remote.http.W3CHttpResponseCodec.decode(W3CHttpResponseCodec.java:49)
	at org.openqa.selenium.remote.HttpCommandExecutor.execute(HttpCommandExecutor.java:158)
	at io.appium.java_client.remote.AppiumCommandExecutor.execute(AppiumCommandExecutor.java:239)
	at org.openqa.selenium.remote.RemoteWebDriver.execute(RemoteWebDriver.java:552)
	at io.appium.java_client.DefaultGenericMobileDriver.execute(DefaultGenericMobileDriver.java:46)
	at io.appium.java_client.AppiumDriver.execute(AppiumDriver.java:1)
	at io.appium.java_client.android.AndroidDriver.execute(AndroidDriver.java:1)
	at com.kms.katalon.core.appium.driver.SwipeableAndroidDriver.execute(SwipeableAndroidDriver.java:1)
	at org.openqa.selenium.remote.RemoteWebDriver$RemoteWebDriverOptions$RemoteWindow.getSize(RemoteWebDriver.java:813)
	at org.openqa.selenium.WebDriver$Window$getSize.call(Unknown Source)
	at com.kms.katalon.core.mobile.keyword.internal.MobileAbstractKeyword.findElement(MobileAbstractKeyword.groovy:81)
	at com.kms.katalon.core.mobile.keyword.builtin.TapKeyword.access$1(TapKeyword.groovy)
	at com.kms.katalon.core.mobile.keyword.builtin.TapKeyword$_tap_closure1.doCall(TapKeyword.groovy:76)
	at com.kms.katalon.core.mobile.keyword.builtin.TapKeyword$_tap_closure1.call(TapKeyword.groovy)
	at com.kms.katalon.core.mobile.keyword.internal.MobileKeywordMain.runKeyword(MobileKeywordMain.groovy:21)
	at com.kms.katalon.core.mobile.keyword.builtin.TapKeyword.tap(TapKeyword.groovy:84)
	at com.kms.katalon.core.mobile.keyword.builtin.TapKeyword.execute(TapKeyword.groovy:68)
	at com.kms.katalon.core.keyword.internal.KeywordExecutor.executeKeywordForPlatform(KeywordExecutor.groovy:74)
	at com.kms.katalon.core.mobile.keyword.MobileBuiltInKeywords.tap(MobileBuiltInKeywords.groovy:1490)
	at com.kms.katalon.core.mobile.keyword.MobileBuiltInKeywords$tap$4.call(Unknown Source)
	at duitNow_mobileNumberFavTransaction.run(duitNow_mobileNumberFavTransaction:200)
	at com.kms.katalon.core.main.ScriptEngine.run(ScriptEngine.java:194)
	at com.kms.katalon.core.main.ScriptEngine.runScriptAsRawText(ScriptEngine.java:119)
	at com.kms.katalon.core.main.TestCaseExecutor.runScript(TestCaseExecutor.java:445)
	at com.kms.katalon.core.main.TestCaseExecutor.doExecute(TestCaseExecutor.java:436)
	at com.kms.katalon.core.main.TestCaseExecutor.processExecutionPhase(TestCaseExecutor.java:415)
	at com.kms.katalon.core.main.TestCaseExecutor.accessMainPhase(TestCaseExecutor.java:407)
	at com.kms.katalon.core.main.TestCaseExecutor.execute(TestCaseExecutor.java:284)
	at com.kms.katalon.core.common.CommonExecutor.accessTestCaseMainPhase(CommonExecutor.java:65)
	at com.kms.katalon.core.main.TestSuiteExecutor.accessTestSuiteMainPhase(TestSuiteExecutor.java:144)
	at com.kms.katalon.core.main.TestSuiteExecutor.execute(TestSuiteExecutor.java:106)
	at com.kms.katalon.core.main.TestCaseMain.startTestSuite(TestCaseMain.java:185)
	at com.kms.katalon.core.main.TestCaseMain$startTestSuite$0.call(Unknown Source)
	at TempTestSuite1655794262003.run(TempTestSuite1655794262003.groovy:36)
)

2022-06-21 15:47:12 - [MESSAGE][WARNING] - Timeout '0' is invalid. Using default page load timeout: '40'

2022-06-21 15:47:12 - [MESSAGE][FAILED] - Failed to tap on element 'Object Repository/Login Onboarding/loginExistingContinueBtn' (Root cause: org.openqa.selenium.WebDriverException: An unknown server-side error occurred while processing the command. Original error: 'GET /window/current/size' cannot be proxied to UiAutomator2 server because the instrumentation process is not running (probably crashed). Check the server log and/or the logcat output for more details
Build info: version: '3.141.59', revision: 'e82be7d358', time: '2018-11-14T08:25:53'
System info: host: '00139272s-MacBook-Pro.local', ip: '2001:e68:6167:4601:85f6:f1eb:65d1:8553%en0', os.name: 'Mac OS X', os.arch: 'x86_64', os.version: '10.16', java.version: '1.8.0_275'
Driver info: com.kms.katalon.core.appium.driver.SwipeableAndroidDriver
Capabilities {app: /Users/a00139272/Katalon St..., appActivity: com.maybank2u.life.MainActi..., appPackage: com.maybank2u.life.sit, appWaitActivity: *, autoGrantPermissions: true, automationName: uiautomator2, chromedriverPort: 58888, databaseEnabled: false, desired: {app: /Users/a00139272/Katalon St..., appActivity: com.maybank2u.life.MainActi..., appPackage: com.maybank2u.life.sit, appWaitActivity: *, autoGrantPermissions: true, automationName: uiautomator2, chromedriverPort: 58888, deviceId: 002b9cc60508, deviceName: Xiaomi 21061119AG (Android 11), fullReset: false, newCommandTimeout: 1800, noReset: true, platform: ANDROID, platformName: android, platformVersion: 11, systemPort: 58886, udid: 002b9cc60508}, deviceApiLevel: 30, deviceId: 002b9cc60508, deviceManufacturer: Xiaomi, deviceModel: 21061119AG, deviceName: 002b9cc60508, deviceScreenDensity: 440, deviceScreenSize: 1080x2400, deviceUDID: 002b9cc60508, fullReset: false, javascriptEnabled: true, locationContextEnabled: false, networkConnectionEnabled: true, newCommandTimeout: 1800, noReset: true, pixelRatio: 2.75, platform: ANDROID, platformName: Android, platformVersion: 11, statBarHeight: 103, systemPort: 58886, takesScreenshot: true, udid: 002b9cc60508, viewportRect: {height: 2064, left: 0, top: 103, width: 1080}, warnings: {}, webStorageEnabled: false}
Session ID: 5fc04fe1-5498-4b3a-814a-182076c98f18
	at org.openqa.selenium.remote.http.W3CHttpResponseCodec.createException(W3CHttpResponseCodec.java:187)
	at org.openqa.selenium.remote.http.W3CHttpResponseCodec.decode(W3CHttpResponseCodec.java:122)
	at org.openqa.selenium.remote.http.W3CHttpResponseCodec.decode(W3CHttpResponseCodec.java:49)
	at org.openqa.selenium.remote.HttpCommandExecutor.execute(HttpCommandExecutor.java:158)
	at io.appium.java_client.remote.AppiumCommandExecutor.execute(AppiumCommandExecutor.java:239)
	at org.openqa.selenium.remote.RemoteWebDriver.execute(RemoteWebDriver.java:552)
	at io.appium.java_client.DefaultGenericMobileDriver.execute(DefaultGenericMobileDriver.java:46)
	at io.appium.java_client.AppiumDriver.execute(AppiumDriver.java:1)
	at io.appium.java_client.android.AndroidDriver.execute(AndroidDriver.java:1)
	at com.kms.katalon.core.appium.driver.SwipeableAndroidDriver.execute(SwipeableAndroidDriver.java:1)
	at org.openqa.selenium.remote.RemoteWebDriver$RemoteWebDriverOptions$RemoteWindow.getSize(RemoteWebDriver.java:813)
	at org.openqa.selenium.WebDriver$Window$getSize.call(Unknown Source)
	at com.kms.katalon.core.mobile.keyword.internal.MobileAbstractKeyword.findElement(MobileAbstractKeyword.groovy:81)
	at com.kms.katalon.core.mobile.keyword.builtin.TapKeyword.access$1(TapKeyword.groovy)
	at com.kms.katalon.core.mobile.keyword.builtin.TapKeyword$_tap_closure1.doCall(TapKeyword.groovy:76)
	at com.kms.katalon.core.mobile.keyword.builtin.TapKeyword$_tap_closure1.call(TapKeyword.groovy)
	at com.kms.katalon.core.mobile.keyword.internal.MobileKeywordMain.runKeyword(MobileKeywordMain.groovy:21)
	at com.kms.katalon.core.mobile.keyword.builtin.TapKeyword.tap(TapKeyword.groovy:84)
	at com.kms.katalon.core.mobile.keyword.builtin.TapKeyword.execute(TapKeyword.groovy:68)
	at com.kms.katalon.core.keyword.internal.KeywordExecutor.executeKeywordForPlatform(KeywordExecutor.groovy:74)
	at com.kms.katalon.core.mobile.keyword.MobileBuiltInKeywords.tap(MobileBuiltInKeywords.groovy:1490)
	at com.kms.katalon.core.mobile.keyword.MobileBuiltInKeywords$tap$4.call(Unknown Source)
	at duitNow_mobileNumberFavTransaction.run(duitNow_mobileNumberFavTransaction:200)
	at com.kms.katalon.core.main.ScriptEngine.run(ScriptEngine.java:194)
	at com.kms.katalon.core.main.ScriptEngine.runScriptAsRawText(ScriptEngine.java:119)
	at com.kms.katalon.core.main.TestCaseExecutor.runScript(TestCaseExecutor.java:445)
	at com.kms.katalon.core.main.TestCaseExecutor.doExecute(TestCaseExecutor.java:436)
	at com.kms.katalon.core.main.TestCaseExecutor.processExecutionPhase(TestCaseExecutor.java:415)
	at com.kms.katalon.core.main.TestCaseExecutor.accessMainPhase(TestCaseExecutor.java:407)
	at com.kms.katalon.core.main.TestCaseExecutor.execute(TestCaseExecutor.java:284)
	at com.kms.katalon.core.common.CommonExecutor.accessTestCaseMainPhase(CommonExecutor.java:65)
	at com.kms.katalon.core.main.TestSuiteExecutor.accessTestSuiteMainPhase(TestSuiteExecutor.java:144)
	at com.kms.katalon.core.main.TestSuiteExecutor.execute(TestSuiteExecutor.java:106)
	at com.kms.katalon.core.main.TestCaseMain.startTestSuite(TestCaseMain.java:185)
	at com.kms.katalon.core.main.TestCaseMain$startTestSuite$0.call(Unknown Source)
	at TempTestSuite1655794262003.run(TempTestSuite1655794262003.groovy:36)
)

2022-06-21 15:47:12 - [TEST_STEP][PASSED] - delay(3): Delayed 3 second(s)

2022-06-21 15:47:15 - [MESSAGE][PASSED] - Delayed 3 second(s)

2022-06-21 15:47:15 - [TEST_STEP][PASSED] - if (checker == true): null

2022-06-21 15:47:15 - [TEST_STEP][FAILED] - verifyElementText(findTestObject("Duit Now/duitNowConfirmationReceipientProxyNumTxt", ["proxyNumber":proxyNumber]), proxyNumber): Verify element text of test object 'Object Repository/Duit Now/duitNowConfirmationReceipientProxyNumTxt' FAILED. (Root cause: org.openqa.selenium.WebDriverException: An unknown server-side error occurred while processing the command. Original error: 'GET /window/current/size' cannot be proxied to UiAutomator2 server because the instrumentation process is not running (probably crashed). Check the server log and/or the logcat output for more details
Build info: version: '3.141.59', revision: 'e82be7d358', time: '2018-11-14T08:25:53'
System info: host: '00139272s-MacBook-Pro.local', ip: '2001:e68:6167:4601:85f6:f1eb:65d1:8553%en0', os.name: 'Mac OS X', os.arch: 'x86_64', os.version: '10.16', java.version: '1.8.0_275'
Driver info: com.kms.katalon.core.appium.driver.SwipeableAndroidDriver
Capabilities {app: /Users/a00139272/Katalon St..., appActivity: com.maybank2u.life.MainActi..., appPackage: com.maybank2u.life.sit, appWaitActivity: *, autoGrantPermissions: true, automationName: uiautomator2, chromedriverPort: 58888, databaseEnabled: false, desired: {app: /Users/a00139272/Katalon St..., appActivity: com.maybank2u.life.MainActi..., appPackage: com.maybank2u.life.sit, appWaitActivity: *, autoGrantPermissions: true, automationName: uiautomator2, chromedriverPort: 58888, deviceId: 002b9cc60508, deviceName: Xiaomi 21061119AG (Android 11), fullReset: false, newCommandTimeout: 1800, noReset: true, platform: ANDROID, platformName: android, platformVersion: 11, systemPort: 58886, udid: 002b9cc60508}, deviceApiLevel: 30, deviceId: 002b9cc60508, deviceManufacturer: Xiaomi, deviceModel: 21061119AG, deviceName: 002b9cc60508, deviceScreenDensity: 440, deviceScreenSize: 1080x2400, deviceUDID: 002b9cc60508, fullReset: false, javascriptEnabled: true, locationContextEnabled: false, networkConnectionEnabled: true, newCommandTimeout: 1800, noReset: true, pixelRatio: 2.75, platform: ANDROID, platformName: Android, platformVersion: 11, statBarHeight: 103, systemPort: 58886, takesScreenshot: true, udid: 002b9cc60508, viewportRect: {height: 2064, left: 0, top: 103, width: 1080}, warnings: {}, webStorageEnabled: false}
Session ID: 5fc04fe1-5498-4b3a-814a-182076c98f18
	at org.openqa.selenium.remote.http.W3CHttpResponseCodec.createException(W3CHttpResponseCodec.java:187)
	at org.openqa.selenium.remote.http.W3CHttpResponseCodec.decode(W3CHttpResponseCodec.java:122)
	at org.openqa.selenium.remote.http.W3CHttpResponseCodec.decode(W3CHttpResponseCodec.java:49)
	at org.openqa.selenium.remote.HttpCommandExecutor.execute(HttpCommandExecutor.java:158)
	at io.appium.java_client.remote.AppiumCommandExecutor.execute(AppiumCommandExecutor.java:239)
	at org.openqa.selenium.remote.RemoteWebDriver.execute(RemoteWebDriver.java:552)
	at io.appium.java_client.DefaultGenericMobileDriver.execute(DefaultGenericMobileDriver.java:46)
	at io.appium.java_client.AppiumDriver.execute(AppiumDriver.java:1)
	at io.appium.java_client.android.AndroidDriver.execute(AndroidDriver.java:1)
	at com.kms.katalon.core.appium.driver.SwipeableAndroidDriver.execute(SwipeableAndroidDriver.java:1)
	at org.openqa.selenium.remote.RemoteWebDriver$RemoteWebDriverOptions$RemoteWindow.getSize(RemoteWebDriver.java:813)
	at org.openqa.selenium.WebDriver$Window$getSize.call(Unknown Source)
	at com.kms.katalon.core.mobile.keyword.internal.MobileAbstractKeyword.findElement(MobileAbstractKeyword.groovy:81)
	at com.kms.katalon.core.mobile.keyword.builtin.VerifyElementTextKeyword.access$1(VerifyElementTextKeyword.groovy)
	at com.kms.katalon.core.mobile.keyword.builtin.VerifyElementTextKeyword$_verifyElementText_closure1.doCall(VerifyElementTextKeyword.groovy:47)
	at com.kms.katalon.core.mobile.keyword.builtin.VerifyElementTextKeyword$_verifyElementText_closure1.call(VerifyElementTextKeyword.groovy)
	at com.kms.katalon.core.mobile.keyword.internal.MobileKeywordMain.runKeyword(MobileKeywordMain.groovy:21)
	at com.kms.katalon.core.mobile.keyword.builtin.VerifyElementTextKeyword.verifyElementText(VerifyElementTextKeyword.groovy:62)
	at com.kms.katalon.core.mobile.keyword.builtin.VerifyElementTextKeyword.execute(VerifyElementTextKeyword.groovy:39)
	at com.kms.katalon.core.keyword.internal.KeywordExecutor.executeKeywordForPlatform(KeywordExecutor.groovy:74)
	at com.kms.katalon.core.mobile.keyword.MobileBuiltInKeywords.verifyElementText(MobileBuiltInKeywords.groovy:2901)
	at com.kms.katalon.core.mobile.keyword.MobileBuiltInKeywords$verifyElementText$9.call(Unknown Source)
	at duitNow_mobileNumberFavTransaction.run(duitNow_mobileNumberFavTransaction:214)
	at com.kms.katalon.core.main.ScriptEngine.run(ScriptEngine.java:194)
	at com.kms.katalon.core.main.ScriptEngine.runScriptAsRawText(ScriptEngine.java:119)
	at com.kms.katalon.core.main.TestCaseExecutor.runScript(TestCaseExecutor.java:445)
	at com.kms.katalon.core.main.TestCaseExecutor.doExecute(TestCaseExecutor.java:436)
	at com.kms.katalon.core.main.TestCaseExecutor.processExecutionPhase(TestCaseExecutor.java:415)
	at com.kms.katalon.core.main.TestCaseExecutor.accessMainPhase(TestCaseExecutor.java:407)
	at com.kms.katalon.core.main.TestCaseExecutor.execute(TestCaseExecutor.java:284)
	at com.kms.katalon.core.common.CommonExecutor.accessTestCaseMainPhase(CommonExecutor.java:65)
	at com.kms.katalon.core.main.TestSuiteExecutor.accessTestSuiteMainPhase(TestSuiteExecutor.java:144)
	at com.kms.katalon.core.main.TestSuiteExecutor.execute(TestSuiteExecutor.java:106)
	at com.kms.katalon.core.main.TestCaseMain.startTestSuite(TestCaseMain.java:185)
	at com.kms.katalon.core.main.TestCaseMain$startTestSuite$0.call(Unknown Source)
	at TempTestSuite1655794262003.run(TempTestSuite1655794262003.groovy:36)
)

2022-06-21 15:47:15 - [MESSAGE][FAILED] - Verify element text of test object 'Object Repository/Duit Now/duitNowConfirmationReceipientProxyNumTxt' FAILED. (Root cause: org.openqa.selenium.WebDriverException: An unknown server-side error occurred while processing the command. Original error: 'GET /window/current/size' cannot be proxied to UiAutomator2 server because the instrumentation process is not running (probably crashed). Check the server log and/or the logcat output for more details
Build info: version: '3.141.59', revision: 'e82be7d358', time: '2018-11-14T08:25:53'
System info: host: '00139272s-MacBook-Pro.local', ip: '2001:e68:6167:4601:85f6:f1eb:65d1:8553%en0', os.name: 'Mac OS X', os.arch: 'x86_64', os.version: '10.16', java.version: '1.8.0_275'
Driver info: com.kms.katalon.core.appium.driver.SwipeableAndroidDriver
Capabilities {app: /Users/a00139272/Katalon St..., appActivity: com.maybank2u.life.MainActi..., appPackage: com.maybank2u.life.sit, appWaitActivity: *, autoGrantPermissions: true, automationName: uiautomator2, chromedriverPort: 58888, databaseEnabled: false, desired: {app: /Users/a00139272/Katalon St..., appActivity: com.maybank2u.life.MainActi..., appPackage: com.maybank2u.life.sit, appWaitActivity: *, autoGrantPermissions: true, automationName: uiautomator2, chromedriverPort: 58888, deviceId: 002b9cc60508, deviceName: Xiaomi 21061119AG (Android 11), fullReset: false, newCommandTimeout: 1800, noReset: true, platform: ANDROID, platformName: android, platformVersion: 11, systemPort: 58886, udid: 002b9cc60508}, deviceApiLevel: 30, deviceId: 002b9cc60508, deviceManufacturer: Xiaomi, deviceModel: 21061119AG, deviceName: 002b9cc60508, deviceScreenDensity: 440, deviceScreenSize: 1080x2400, deviceUDID: 002b9cc60508, fullReset: false, javascriptEnabled: true, locationContextEnabled: false, networkConnectionEnabled: true, newCommandTimeout: 1800, noReset: true, pixelRatio: 2.75, platform: ANDROID, platformName: Android, platformVersion: 11, statBarHeight: 103, systemPort: 58886, takesScreenshot: true, udid: 002b9cc60508, viewportRect: {height: 2064, left: 0, top: 103, width: 1080}, warnings: {}, webStorageEnabled: false}
Session ID: 5fc04fe1-5498-4b3a-814a-182076c98f18
	at org.openqa.selenium.remote.http.W3CHttpResponseCodec.createException(W3CHttpResponseCodec.java:187)
	at org.openqa.selenium.remote.http.W3CHttpResponseCodec.decode(W3CHttpResponseCodec.java:122)
	at org.openqa.selenium.remote.http.W3CHttpResponseCodec.decode(W3CHttpResponseCodec.java:49)
	at org.openqa.selenium.remote.HttpCommandExecutor.execute(HttpCommandExecutor.java:158)
	at io.appium.java_client.remote.AppiumCommandExecutor.execute(AppiumCommandExecutor.java:239)
	at org.openqa.selenium.remote.RemoteWebDriver.execute(RemoteWebDriver.java:552)
	at io.appium.java_client.DefaultGenericMobileDriver.execute(DefaultGenericMobileDriver.java:46)
	at io.appium.java_client.AppiumDriver.execute(AppiumDriver.java:1)
	at io.appium.java_client.android.AndroidDriver.execute(AndroidDriver.java:1)
	at com.kms.katalon.core.appium.driver.SwipeableAndroidDriver.execute(SwipeableAndroidDriver.java:1)
	at org.openqa.selenium.remote.RemoteWebDriver$RemoteWebDriverOptions$RemoteWindow.getSize(RemoteWebDriver.java:813)
	at org.openqa.selenium.WebDriver$Window$getSize.call(Unknown Source)
	at com.kms.katalon.core.mobile.keyword.internal.MobileAbstractKeyword.findElement(MobileAbstractKeyword.groovy:81)
	at com.kms.katalon.core.mobile.keyword.builtin.VerifyElementTextKeyword.access$1(VerifyElementTextKeyword.groovy)
	at com.kms.katalon.core.mobile.keyword.builtin.VerifyElementTextKeyword$_verifyElementText_closure1.doCall(VerifyElementTextKeyword.groovy:47)
	at com.kms.katalon.core.mobile.keyword.builtin.VerifyElementTextKeyword$_verifyElementText_closure1.call(VerifyElementTextKeyword.groovy)
	at com.kms.katalon.core.mobile.keyword.internal.MobileKeywordMain.runKeyword(MobileKeywordMain.groovy:21)
	at com.kms.katalon.core.mobile.keyword.builtin.VerifyElementTextKeyword.verifyElementText(VerifyElementTextKeyword.groovy:62)
	at com.kms.katalon.core.mobile.keyword.builtin.VerifyElementTextKeyword.execute(VerifyElementTextKeyword.groovy:39)
	at com.kms.katalon.core.keyword.internal.KeywordExecutor.executeKeywordForPlatform(KeywordExecutor.groovy:74)
	at com.kms.katalon.core.mobile.keyword.MobileBuiltInKeywords.verifyElementText(MobileBuiltInKeywords.groovy:2901)
	at com.kms.katalon.core.mobile.keyword.MobileBuiltInKeywords$verifyElementText$9.call(Unknown Source)
	at duitNow_mobileNumberFavTransaction.run(duitNow_mobileNumberFavTransaction:214)
	at com.kms.katalon.core.main.ScriptEngine.run(ScriptEngine.java:194)
	at com.kms.katalon.core.main.ScriptEngine.runScriptAsRawText(ScriptEngine.java:119)
	at com.kms.katalon.core.main.TestCaseExecutor.runScript(TestCaseExecutor.java:445)
	at com.kms.katalon.core.main.TestCaseExecutor.doExecute(TestCaseExecutor.java:436)
	at com.kms.katalon.core.main.TestCaseExecutor.processExecutionPhase(TestCaseExecutor.java:415)
	at com.kms.katalon.core.main.TestCaseExecutor.accessMainPhase(TestCaseExecutor.java:407)
	at com.kms.katalon.core.main.TestCaseExecutor.execute(TestCaseExecutor.java:284)
	at com.kms.katalon.core.common.CommonExecutor.accessTestCaseMainPhase(CommonExecutor.java:65)
	at com.kms.katalon.core.main.TestSuiteExecutor.accessTestSuiteMainPhase(TestSuiteExecutor.java:144)
	at com.kms.katalon.core.main.TestSuiteExecutor.execute(TestSuiteExecutor.java:106)
	at com.kms.katalon.core.main.TestCaseMain.startTestSuite(TestCaseMain.java:185)
	at com.kms.katalon.core.main.TestCaseMain$startTestSuite$0.call(Unknown Source)
	at TempTestSuite1655794262003.run(TempTestSuite1655794262003.groovy:36)
)

2022-06-21 15:47:15 - [TEST_STEP][FAILED] - verifyElementText(findTestObject("Duit Now/duitNowConfirmationAmountTxt", ["amount":amount]), amount): Verify element text of test object 'Object Repository/Duit Now/duitNowConfirmationAmountTxt' FAILED. (Root cause: org.openqa.selenium.WebDriverException: An unknown server-side error occurred while processing the command. Original error: 'GET /window/current/size' cannot be proxied to UiAutomator2 server because the instrumentation process is not running (probably crashed). Check the server log and/or the logcat output for more details
Build info: version: '3.141.59', revision: 'e82be7d358', time: '2018-11-14T08:25:53'
System info: host: '00139272s-MacBook-Pro.local', ip: '2001:e68:6167:4601:85f6:f1eb:65d1:8553%en0', os.name: 'Mac OS X', os.arch: 'x86_64', os.version: '10.16', java.version: '1.8.0_275'
Driver info: com.kms.katalon.core.appium.driver.SwipeableAndroidDriver
Capabilities {app: /Users/a00139272/Katalon St..., appActivity: com.maybank2u.life.MainActi..., appPackage: com.maybank2u.life.sit, appWaitActivity: *, autoGrantPermissions: true, automationName: uiautomator2, chromedriverPort: 58888, databaseEnabled: false, desired: {app: /Users/a00139272/Katalon St..., appActivity: com.maybank2u.life.MainActi..., appPackage: com.maybank2u.life.sit, appWaitActivity: *, autoGrantPermissions: true, automationName: uiautomator2, chromedriverPort: 58888, deviceId: 002b9cc60508, deviceName: Xiaomi 21061119AG (Android 11), fullReset: false, newCommandTimeout: 1800, noReset: true, platform: ANDROID, platformName: android, platformVersion: 11, systemPort: 58886, udid: 002b9cc60508}, deviceApiLevel: 30, deviceId: 002b9cc60508, deviceManufacturer: Xiaomi, deviceModel: 21061119AG, deviceName: 002b9cc60508, deviceScreenDensity: 440, deviceScreenSize: 1080x2400, deviceUDID: 002b9cc60508, fullReset: false, javascriptEnabled: true, locationContextEnabled: false, networkConnectionEnabled: true, newCommandTimeout: 1800, noReset: true, pixelRatio: 2.75, platform: ANDROID, platformName: Android, platformVersion: 11, statBarHeight: 103, systemPort: 58886, takesScreenshot: true, udid: 002b9cc60508, viewportRect: {height: 2064, left: 0, top: 103, width: 1080}, warnings: {}, webStorageEnabled: false}
Session ID: 5fc04fe1-5498-4b3a-814a-182076c98f18
	at org.openqa.selenium.remote.http.W3CHttpResponseCodec.createException(W3CHttpResponseCodec.java:187)
	at org.openqa.selenium.remote.http.W3CHttpResponseCodec.decode(W3CHttpResponseCodec.java:122)
	at org.openqa.selenium.remote.http.W3CHttpResponseCodec.decode(W3CHttpResponseCodec.java:49)
	at org.openqa.selenium.remote.HttpCommandExecutor.execute(HttpCommandExecutor.java:158)
	at io.appium.java_client.remote.AppiumCommandExecutor.execute(AppiumCommandExecutor.java:239)
	at org.openqa.selenium.remote.RemoteWebDriver.execute(RemoteWebDriver.java:552)
	at io.appium.java_client.DefaultGenericMobileDriver.execute(DefaultGenericMobileDriver.java:46)
	at io.appium.java_client.AppiumDriver.execute(AppiumDriver.java:1)
	at io.appium.java_client.android.AndroidDriver.execute(AndroidDriver.java:1)
	at com.kms.katalon.core.appium.driver.SwipeableAndroidDriver.execute(SwipeableAndroidDriver.java:1)
	at org.openqa.selenium.remote.RemoteWebDriver$RemoteWebDriverOptions$RemoteWindow.getSize(RemoteWebDriver.java:813)
	at org.openqa.selenium.WebDriver$Window$getSize.call(Unknown Source)
	at com.kms.katalon.core.mobile.keyword.internal.MobileAbstractKeyword.findElement(MobileAbstractKeyword.groovy:81)
	at com.kms.katalon.core.mobile.keyword.builtin.VerifyElementTextKeyword.access$1(VerifyElementTextKeyword.groovy)
	at com.kms.katalon.core.mobile.keyword.builtin.VerifyElementTextKeyword$_verifyElementText_closure1.doCall(VerifyElementTextKeyword.groovy:47)
	at com.kms.katalon.core.mobile.keyword.builtin.VerifyElementTextKeyword$_verifyElementText_closure1.call(VerifyElementTextKeyword.groovy)
	at com.kms.katalon.core.mobile.keyword.internal.MobileKeywordMain.runKeyword(MobileKeywordMain.groovy:21)
	at com.kms.katalon.core.mobile.keyword.builtin.VerifyElementTextKeyword.verifyElementText(VerifyElementTextKeyword.groovy:62)
	at com.kms.katalon.core.mobile.keyword.builtin.VerifyElementTextKeyword.execute(VerifyElementTextKeyword.groovy:39)
	at com.kms.katalon.core.keyword.internal.KeywordExecutor.executeKeywordForPlatform(KeywordExecutor.groovy:74)
	at com.kms.katalon.core.mobile.keyword.MobileBuiltInKeywords.verifyElementText(MobileBuiltInKeywords.groovy:2901)
	at com.kms.katalon.core.mobile.keyword.MobileBuiltInKeywords$verifyElementText$9.call(Unknown Source)
	at duitNow_mobileNumberFavTransaction.run(duitNow_mobileNumberFavTransaction:217)
	at com.kms.katalon.core.main.ScriptEngine.run(ScriptEngine.java:194)
	at com.kms.katalon.core.main.ScriptEngine.runScriptAsRawText(ScriptEngine.java:119)
	at com.kms.katalon.core.main.TestCaseExecutor.runScript(TestCaseExecutor.java:445)
	at com.kms.katalon.core.main.TestCaseExecutor.doExecute(TestCaseExecutor.java:436)
	at com.kms.katalon.core.main.TestCaseExecutor.processExecutionPhase(TestCaseExecutor.java:415)
	at com.kms.katalon.core.main.TestCaseExecutor.accessMainPhase(TestCaseExecutor.java:407)
	at com.kms.katalon.core.main.TestCaseExecutor.execute(TestCaseExecutor.java:284)
	at com.kms.katalon.core.common.CommonExecutor.accessTestCaseMainPhase(CommonExecutor.java:65)
	at com.kms.katalon.core.main.TestSuiteExecutor.accessTestSuiteMainPhase(TestSuiteExecutor.java:144)
	at com.kms.katalon.core.main.TestSuiteExecutor.execute(TestSuiteExecutor.java:106)
	at com.kms.katalon.core.main.TestCaseMain.startTestSuite(TestCaseMain.java:185)
	at com.kms.katalon.core.main.TestCaseMain$startTestSuite$0.call(Unknown Source)
	at TempTestSuite1655794262003.run(TempTestSuite1655794262003.groovy:36)
)

2022-06-21 15:47:15 - [MESSAGE][FAILED] - Verify element text of test object 'Object Repository/Duit Now/duitNowConfirmationAmountTxt' FAILED. (Root cause: org.openqa.selenium.WebDriverException: An unknown server-side error occurred while processing the command. Original error: 'GET /window/current/size' cannot be proxied to UiAutomator2 server because the instrumentation process is not running (probably crashed). Check the server log and/or the logcat output for more details
Build info: version: '3.141.59', revision: 'e82be7d358', time: '2018-11-14T08:25:53'
System info: host: '00139272s-MacBook-Pro.local', ip: '2001:e68:6167:4601:85f6:f1eb:65d1:8553%en0', os.name: 'Mac OS X', os.arch: 'x86_64', os.version: '10.16', java.version: '1.8.0_275'
Driver info: com.kms.katalon.core.appium.driver.SwipeableAndroidDriver
Capabilities {app: /Users/a00139272/Katalon St..., appActivity: com.maybank2u.life.MainActi..., appPackage: com.maybank2u.life.sit, appWaitActivity: *, autoGrantPermissions: true, automationName: uiautomator2, chromedriverPort: 58888, databaseEnabled: false, desired: {app: /Users/a00139272/Katalon St..., appActivity: com.maybank2u.life.MainActi..., appPackage: com.maybank2u.life.sit, appWaitActivity: *, autoGrantPermissions: true, automationName: uiautomator2, chromedriverPort: 58888, deviceId: 002b9cc60508, deviceName: Xiaomi 21061119AG (Android 11), fullReset: false, newCommandTimeout: 1800, noReset: true, platform: ANDROID, platformName: android, platformVersion: 11, systemPort: 58886, udid: 002b9cc60508}, deviceApiLevel: 30, deviceId: 002b9cc60508, deviceManufacturer: Xiaomi, deviceModel: 21061119AG, deviceName: 002b9cc60508, deviceScreenDensity: 440, deviceScreenSize: 1080x2400, deviceUDID: 002b9cc60508, fullReset: false, javascriptEnabled: true, locationContextEnabled: false, networkConnectionEnabled: true, newCommandTimeout: 1800, noReset: true, pixelRatio: 2.75, platform: ANDROID, platformName: Android, platformVersion: 11, statBarHeight: 103, systemPort: 58886, takesScreenshot: true, udid: 002b9cc60508, viewportRect: {height: 2064, left: 0, top: 103, width: 1080}, warnings: {}, webStorageEnabled: false}
Session ID: 5fc04fe1-5498-4b3a-814a-182076c98f18
	at org.openqa.selenium.remote.http.W3CHttpResponseCodec.createException(W3CHttpResponseCodec.java:187)
	at org.openqa.selenium.remote.http.W3CHttpResponseCodec.decode(W3CHttpResponseCodec.java:122)
	at org.openqa.selenium.remote.http.W3CHttpResponseCodec.decode(W3CHttpResponseCodec.java:49)
	at org.openqa.selenium.remote.HttpCommandExecutor.execute(HttpCommandExecutor.java:158)
	at io.appium.java_client.remote.AppiumCommandExecutor.execute(AppiumCommandExecutor.java:239)
	at org.openqa.selenium.remote.RemoteWebDriver.execute(RemoteWebDriver.java:552)
	at io.appium.java_client.DefaultGenericMobileDriver.execute(DefaultGenericMobileDriver.java:46)
	at io.appium.java_client.AppiumDriver.execute(AppiumDriver.java:1)
	at io.appium.java_client.android.AndroidDriver.execute(AndroidDriver.java:1)
	at com.kms.katalon.core.appium.driver.SwipeableAndroidDriver.execute(SwipeableAndroidDriver.java:1)
	at org.openqa.selenium.remote.RemoteWebDriver$RemoteWebDriverOptions$RemoteWindow.getSize(RemoteWebDriver.java:813)
	at org.openqa.selenium.WebDriver$Window$getSize.call(Unknown Source)
	at com.kms.katalon.core.mobile.keyword.internal.MobileAbstractKeyword.findElement(MobileAbstractKeyword.groovy:81)
	at com.kms.katalon.core.mobile.keyword.builtin.VerifyElementTextKeyword.access$1(VerifyElementTextKeyword.groovy)
	at com.kms.katalon.core.mobile.keyword.builtin.VerifyElementTextKeyword$_verifyElementText_closure1.doCall(VerifyElementTextKeyword.groovy:47)
	at com.kms.katalon.core.mobile.keyword.builtin.VerifyElementTextKeyword$_verifyElementText_closure1.call(VerifyElementTextKeyword.groovy)
	at com.kms.katalon.core.mobile.keyword.internal.MobileKeywordMain.runKeyword(MobileKeywordMain.groovy:21)
	at com.kms.katalon.core.mobile.keyword.builtin.VerifyElementTextKeyword.verifyElementText(VerifyElementTextKeyword.groovy:62)
	at com.kms.katalon.core.mobile.keyword.builtin.VerifyElementTextKeyword.execute(VerifyElementTextKeyword.groovy:39)
	at com.kms.katalon.core.keyword.internal.KeywordExecutor.executeKeywordForPlatform(KeywordExecutor.groovy:74)
	at com.kms.katalon.core.mobile.keyword.MobileBuiltInKeywords.verifyElementText(MobileBuiltInKeywords.groovy:2901)
	at com.kms.katalon.core.mobile.keyword.MobileBuiltInKeywords$verifyElementText$9.call(Unknown Source)
	at duitNow_mobileNumberFavTransaction.run(duitNow_mobileNumberFavTransaction:217)
	at com.kms.katalon.core.main.ScriptEngine.run(ScriptEngine.java:194)
	at com.kms.katalon.core.main.ScriptEngine.runScriptAsRawText(ScriptEngine.java:119)
	at com.kms.katalon.core.main.TestCaseExecutor.runScript(TestCaseExecutor.java:445)
	at com.kms.katalon.core.main.TestCaseExecutor.doExecute(TestCaseExecutor.java:436)
	at com.kms.katalon.core.main.TestCaseExecutor.processExecutionPhase(TestCaseExecutor.java:415)
	at com.kms.katalon.core.main.TestCaseExecutor.accessMainPhase(TestCaseExecutor.java:407)
	at com.kms.katalon.core.main.TestCaseExecutor.execute(TestCaseExecutor.java:284)
	at com.kms.katalon.core.common.CommonExecutor.accessTestCaseMainPhase(CommonExecutor.java:65)
	at com.kms.katalon.core.main.TestSuiteExecutor.accessTestSuiteMainPhase(TestSuiteExecutor.java:144)
	at com.kms.katalon.core.main.TestSuiteExecutor.execute(TestSuiteExecutor.java:106)
	at com.kms.katalon.core.main.TestCaseMain.startTestSuite(TestCaseMain.java:185)
	at com.kms.katalon.core.main.TestCaseMain$startTestSuite$0.call(Unknown Source)
	at TempTestSuite1655794262003.run(TempTestSuite1655794262003.groovy:36)
)

2022-06-21 15:47:15 - [TEST_STEP][FAILED] - verifyElementExist(findTestObject("Duit Now/duitNowConfirmationDateTitleTxt"), 0): Failed to check for element 'Object Repository/Duit Now/duitNowConfirmationDateTitleTxt' exist (Root cause: org.openqa.selenium.WebDriverException: An unknown server-side error occurred while processing the command. Original error: 'GET /window/current/size' cannot be proxied to UiAutomator2 server because the instrumentation process is not running (probably crashed). Check the server log and/or the logcat output for more details
Build info: version: '3.141.59', revision: 'e82be7d358', time: '2018-11-14T08:25:53'
System info: host: '00139272s-MacBook-Pro.local', ip: '2001:e68:6167:4601:85f6:f1eb:65d1:8553%en0', os.name: 'Mac OS X', os.arch: 'x86_64', os.version: '10.16', java.version: '1.8.0_275'
Driver info: com.kms.katalon.core.appium.driver.SwipeableAndroidDriver
Capabilities {app: /Users/a00139272/Katalon St..., appActivity: com.maybank2u.life.MainActi..., appPackage: com.maybank2u.life.sit, appWaitActivity: *, autoGrantPermissions: true, automationName: uiautomator2, chromedriverPort: 58888, databaseEnabled: false, desired: {app: /Users/a00139272/Katalon St..., appActivity: com.maybank2u.life.MainActi..., appPackage: com.maybank2u.life.sit, appWaitActivity: *, autoGrantPermissions: true, automationName: uiautomator2, chromedriverPort: 58888, deviceId: 002b9cc60508, deviceName: Xiaomi 21061119AG (Android 11), fullReset: false, newCommandTimeout: 1800, noReset: true, platform: ANDROID, platformName: android, platformVersion: 11, systemPort: 58886, udid: 002b9cc60508}, deviceApiLevel: 30, deviceId: 002b9cc60508, deviceManufacturer: Xiaomi, deviceModel: 21061119AG, deviceName: 002b9cc60508, deviceScreenDensity: 440, deviceScreenSize: 1080x2400, deviceUDID: 002b9cc60508, fullReset: false, javascriptEnabled: true, locationContextEnabled: false, networkConnectionEnabled: true, newCommandTimeout: 1800, noReset: true, pixelRatio: 2.75, platform: ANDROID, platformName: Android, platformVersion: 11, statBarHeight: 103, systemPort: 58886, takesScreenshot: true, udid: 002b9cc60508, viewportRect: {height: 2064, left: 0, top: 103, width: 1080}, warnings: {}, webStorageEnabled: false}
Session ID: 5fc04fe1-5498-4b3a-814a-182076c98f18
	at org.openqa.selenium.remote.http.W3CHttpResponseCodec.createException(W3CHttpResponseCodec.java:187)
	at org.openqa.selenium.remote.http.W3CHttpResponseCodec.decode(W3CHttpResponseCodec.java:122)
	at org.openqa.selenium.remote.http.W3CHttpResponseCodec.decode(W3CHttpResponseCodec.java:49)
	at org.openqa.selenium.remote.HttpCommandExecutor.execute(HttpCommandExecutor.java:158)
	at io.appium.java_client.remote.AppiumCommandExecutor.execute(AppiumCommandExecutor.java:239)
	at org.openqa.selenium.remote.RemoteWebDriver.execute(RemoteWebDriver.java:552)
	at io.appium.java_client.DefaultGenericMobileDriver.execute(DefaultGenericMobileDriver.java:46)
	at io.appium.java_client.AppiumDriver.execute(AppiumDriver.java:1)
	at io.appium.java_client.android.AndroidDriver.execute(AndroidDriver.java:1)
	at com.kms.katalon.core.appium.driver.SwipeableAndroidDriver.execute(SwipeableAndroidDriver.java:1)
	at org.openqa.selenium.remote.RemoteWebDriver$RemoteWebDriverOptions$RemoteWindow.getSize(RemoteWebDriver.java:813)
	at org.openqa.selenium.WebDriver$Window$getSize.call(Unknown Source)
	at com.kms.katalon.core.mobile.keyword.internal.MobileAbstractKeyword.findElement(MobileAbstractKeyword.groovy:81)
	at com.kms.katalon.core.mobile.keyword.builtin.VerifyElementExistKeyword.access$1(VerifyElementExistKeyword.groovy)
	at com.kms.katalon.core.mobile.keyword.builtin.VerifyElementExistKeyword$_verifyElementExist_closure1.doCall(VerifyElementExistKeyword.groovy:72)
	at com.kms.katalon.core.mobile.keyword.builtin.VerifyElementExistKeyword$_verifyElementExist_closure1.call(VerifyElementExistKeyword.groovy)
	at com.kms.katalon.core.mobile.keyword.internal.MobileKeywordMain.runKeyword(MobileKeywordMain.groovy:21)
	at com.kms.katalon.core.mobile.keyword.builtin.VerifyElementExistKeyword.verifyElementExist(VerifyElementExistKeyword.groovy:80)
	at com.kms.katalon.core.mobile.keyword.builtin.VerifyElementExistKeyword.execute(VerifyElementExistKeyword.groovy:64)
	at com.kms.katalon.core.keyword.internal.KeywordExecutor.executeKeywordForPlatform(KeywordExecutor.groovy:74)
	at com.kms.katalon.core.mobile.keyword.MobileBuiltInKeywords.verifyElementExist(MobileBuiltInKeywords.groovy:1755)
	at com.kms.katalon.core.mobile.keyword.MobileBuiltInKeywords$verifyElementExist$8.call(Unknown Source)
	at duitNow_mobileNumberFavTransaction.run(duitNow_mobileNumberFavTransaction:219)
	at com.kms.katalon.core.main.ScriptEngine.run(ScriptEngine.java:194)
	at com.kms.katalon.core.main.ScriptEngine.runScriptAsRawText(ScriptEngine.java:119)
	at com.kms.katalon.core.main.TestCaseExecutor.runScript(TestCaseExecutor.java:445)
	at com.kms.katalon.core.main.TestCaseExecutor.doExecute(TestCaseExecutor.java:436)
	at com.kms.katalon.core.main.TestCaseExecutor.processExecutionPhase(TestCaseExecutor.java:415)
	at com.kms.katalon.core.main.TestCaseExecutor.accessMainPhase(TestCaseExecutor.java:407)
	at com.kms.katalon.core.main.TestCaseExecutor.execute(TestCaseExecutor.java:284)
	at com.kms.katalon.core.common.CommonExecutor.accessTestCaseMainPhase(CommonExecutor.java:65)
	at com.kms.katalon.core.main.TestSuiteExecutor.accessTestSuiteMainPhase(TestSuiteExecutor.java:144)
	at com.kms.katalon.core.main.TestSuiteExecutor.execute(TestSuiteExecutor.java:106)
	at com.kms.katalon.core.main.TestCaseMain.startTestSuite(TestCaseMain.java:185)
	at com.kms.katalon.core.main.TestCaseMain$startTestSuite$0.call(Unknown Source)
	at TempTestSuite1655794262003.run(TempTestSuite1655794262003.groovy:36)
)

2022-06-21 15:47:15 - [MESSAGE][WARNING] - Timeout '0' is invalid. Using default page load timeout: '40'

2022-06-21 15:47:15 - [MESSAGE][FAILED] - Failed to check for element 'Object Repository/Duit Now/duitNowConfirmationDateTitleTxt' exist (Root cause: org.openqa.selenium.WebDriverException: An unknown server-side error occurred while processing the command. Original error: 'GET /window/current/size' cannot be proxied to UiAutomator2 server because the instrumentation process is not running (probably crashed). Check the server log and/or the logcat output for more details
Build info: version: '3.141.59', revision: 'e82be7d358', time: '2018-11-14T08:25:53'
System info: host: '00139272s-MacBook-Pro.local', ip: '2001:e68:6167:4601:85f6:f1eb:65d1:8553%en0', os.name: 'Mac OS X', os.arch: 'x86_64', os.version: '10.16', java.version: '1.8.0_275'
Driver info: com.kms.katalon.core.appium.driver.SwipeableAndroidDriver
Capabilities {app: /Users/a00139272/Katalon St..., appActivity: com.maybank2u.life.MainActi..., appPackage: com.maybank2u.life.sit, appWaitActivity: *, autoGrantPermissions: true, automationName: uiautomator2, chromedriverPort: 58888, databaseEnabled: false, desired: {app: /Users/a00139272/Katalon St..., appActivity: com.maybank2u.life.MainActi..., appPackage: com.maybank2u.life.sit, appWaitActivity: *, autoGrantPermissions: true, automationName: uiautomator2, chromedriverPort: 58888, deviceId: 002b9cc60508, deviceName: Xiaomi 21061119AG (Android 11), fullReset: false, newCommandTimeout: 1800, noReset: true, platform: ANDROID, platformName: android, platformVersion: 11, systemPort: 58886, udid: 002b9cc60508}, deviceApiLevel: 30, deviceId: 002b9cc60508, deviceManufacturer: Xiaomi, deviceModel: 21061119AG, deviceName: 002b9cc60508, deviceScreenDensity: 440, deviceScreenSize: 1080x2400, deviceUDID: 002b9cc60508, fullReset: false, javascriptEnabled: true, locationContextEnabled: false, networkConnectionEnabled: true, newCommandTimeout: 1800, noReset: true, pixelRatio: 2.75, platform: ANDROID, platformName: Android, platformVersion: 11, statBarHeight: 103, systemPort: 58886, takesScreenshot: true, udid: 002b9cc60508, viewportRect: {height: 2064, left: 0, top: 103, width: 1080}, warnings: {}, webStorageEnabled: false}
Session ID: 5fc04fe1-5498-4b3a-814a-182076c98f18
	at org.openqa.selenium.remote.http.W3CHttpResponseCodec.createException(W3CHttpResponseCodec.java:187)
	at org.openqa.selenium.remote.http.W3CHttpResponseCodec.decode(W3CHttpResponseCodec.java:122)
	at org.openqa.selenium.remote.http.W3CHttpResponseCodec.decode(W3CHttpResponseCodec.java:49)
	at org.openqa.selenium.remote.HttpCommandExecutor.execute(HttpCommandExecutor.java:158)
	at io.appium.java_client.remote.AppiumCommandExecutor.execute(AppiumCommandExecutor.java:239)
	at org.openqa.selenium.remote.RemoteWebDriver.execute(RemoteWebDriver.java:552)
	at io.appium.java_client.DefaultGenericMobileDriver.execute(DefaultGenericMobileDriver.java:46)
	at io.appium.java_client.AppiumDriver.execute(AppiumDriver.java:1)
	at io.appium.java_client.android.AndroidDriver.execute(AndroidDriver.java:1)
	at com.kms.katalon.core.appium.driver.SwipeableAndroidDriver.execute(SwipeableAndroidDriver.java:1)
	at org.openqa.selenium.remote.RemoteWebDriver$RemoteWebDriverOptions$RemoteWindow.getSize(RemoteWebDriver.java:813)
	at org.openqa.selenium.WebDriver$Window$getSize.call(Unknown Source)
	at com.kms.katalon.core.mobile.keyword.internal.MobileAbstractKeyword.findElement(MobileAbstractKeyword.groovy:81)
	at com.kms.katalon.core.mobile.keyword.builtin.VerifyElementExistKeyword.access$1(VerifyElementExistKeyword.groovy)
	at com.kms.katalon.core.mobile.keyword.builtin.VerifyElementExistKeyword$_verifyElementExist_closure1.doCall(VerifyElementExistKeyword.groovy:72)
	at com.kms.katalon.core.mobile.keyword.builtin.VerifyElementExistKeyword$_verifyElementExist_closure1.call(VerifyElementExistKeyword.groovy)
	at com.kms.katalon.core.mobile.keyword.internal.MobileKeywordMain.runKeyword(MobileKeywordMain.groovy:21)
	at com.kms.katalon.core.mobile.keyword.builtin.VerifyElementExistKeyword.verifyElementExist(VerifyElementExistKeyword.groovy:80)
	at com.kms.katalon.core.mobile.keyword.builtin.VerifyElementExistKeyword.execute(VerifyElementExistKeyword.groovy:64)
	at com.kms.katalon.core.keyword.internal.KeywordExecutor.executeKeywordForPlatform(KeywordExecutor.groovy:74)
	at com.kms.katalon.core.mobile.keyword.MobileBuiltInKeywords.verifyElementExist(MobileBuiltInKeywords.groovy:1755)
	at com.kms.katalon.core.mobile.keyword.MobileBuiltInKeywords$verifyElementExist$8.call(Unknown Source)
	at duitNow_mobileNumberFavTransaction.run(duitNow_mobileNumberFavTransaction:219)
	at com.kms.katalon.core.main.ScriptEngine.run(ScriptEngine.java:194)
	at com.kms.katalon.core.main.ScriptEngine.runScriptAsRawText(ScriptEngine.java:119)
	at com.kms.katalon.core.main.TestCaseExecutor.runScript(TestCaseExecutor.java:445)
	at com.kms.katalon.core.main.TestCaseExecutor.doExecute(TestCaseExecutor.java:436)
	at com.kms.katalon.core.main.TestCaseExecutor.processExecutionPhase(TestCaseExecutor.java:415)
	at com.kms.katalon.core.main.TestCaseExecutor.accessMainPhase(TestCaseExecutor.java:407)
	at com.kms.katalon.core.main.TestCaseExecutor.execute(TestCaseExecutor.java:284)
	at com.kms.katalon.core.common.CommonExecutor.accessTestCaseMainPhase(CommonExecutor.java:65)
	at com.kms.katalon.core.main.TestSuiteExecutor.accessTestSuiteMainPhase(TestSuiteExecutor.java:144)
	at com.kms.katalon.core.main.TestSuiteExecutor.execute(TestSuiteExecutor.java:106)
	at com.kms.katalon.core.main.TestCaseMain.startTestSuite(TestCaseMain.java:185)
	at com.kms.katalon.core.main.TestCaseMain$startTestSuite$0.call(Unknown Source)
	at TempTestSuite1655794262003.run(TempTestSuite1655794262003.groovy:36)
)

2022-06-21 15:47:15 - [TEST_STEP][FAILED] - verifyElementExist(findTestObject("Duit Now/duitNowConfirmationIDTypeTitleTxt"), 0): Failed to check for element 'Object Repository/Duit Now/duitNowConfirmationIDTypeTitleTxt' exist (Root cause: org.openqa.selenium.WebDriverException: An unknown server-side error occurred while processing the command. Original error: 'GET /window/current/size' cannot be proxied to UiAutomator2 server because the instrumentation process is not running (probably crashed). Check the server log and/or the logcat output for more details
Build info: version: '3.141.59', revision: 'e82be7d358', time: '2018-11-14T08:25:53'
System info: host: '00139272s-MacBook-Pro.local', ip: '2001:e68:6167:4601:85f6:f1eb:65d1:8553%en0', os.name: 'Mac OS X', os.arch: 'x86_64', os.version: '10.16', java.version: '1.8.0_275'
Driver info: com.kms.katalon.core.appium.driver.SwipeableAndroidDriver
Capabilities {app: /Users/a00139272/Katalon St..., appActivity: com.maybank2u.life.MainActi..., appPackage: com.maybank2u.life.sit, appWaitActivity: *, autoGrantPermissions: true, automationName: uiautomator2, chromedriverPort: 58888, databaseEnabled: false, desired: {app: /Users/a00139272/Katalon St..., appActivity: com.maybank2u.life.MainActi..., appPackage: com.maybank2u.life.sit, appWaitActivity: *, autoGrantPermissions: true, automationName: uiautomator2, chromedriverPort: 58888, deviceId: 002b9cc60508, deviceName: Xiaomi 21061119AG (Android 11), fullReset: false, newCommandTimeout: 1800, noReset: true, platform: ANDROID, platformName: android, platformVersion: 11, systemPort: 58886, udid: 002b9cc60508}, deviceApiLevel: 30, deviceId: 002b9cc60508, deviceManufacturer: Xiaomi, deviceModel: 21061119AG, deviceName: 002b9cc60508, deviceScreenDensity: 440, deviceScreenSize: 1080x2400, deviceUDID: 002b9cc60508, fullReset: false, javascriptEnabled: true, locationContextEnabled: false, networkConnectionEnabled: true, newCommandTimeout: 1800, noReset: true, pixelRatio: 2.75, platform: ANDROID, platformName: Android, platformVersion: 11, statBarHeight: 103, systemPort: 58886, takesScreenshot: true, udid: 002b9cc60508, viewportRect: {height: 2064, left: 0, top: 103, width: 1080}, warnings: {}, webStorageEnabled: false}
Session ID: 5fc04fe1-5498-4b3a-814a-182076c98f18
	at org.openqa.selenium.remote.http.W3CHttpResponseCodec.createException(W3CHttpResponseCodec.java:187)
	at org.openqa.selenium.remote.http.W3CHttpResponseCodec.decode(W3CHttpResponseCodec.java:122)
	at org.openqa.selenium.remote.http.W3CHttpResponseCodec.decode(W3CHttpResponseCodec.java:49)
	at org.openqa.selenium.remote.HttpCommandExecutor.execute(HttpCommandExecutor.java:158)
	at io.appium.java_client.remote.AppiumCommandExecutor.execute(AppiumCommandExecutor.java:239)
	at org.openqa.selenium.remote.RemoteWebDriver.execute(RemoteWebDriver.java:552)
	at io.appium.java_client.DefaultGenericMobileDriver.execute(DefaultGenericMobileDriver.java:46)
	at io.appium.java_client.AppiumDriver.execute(AppiumDriver.java:1)
	at io.appium.java_client.android.AndroidDriver.execute(AndroidDriver.java:1)
	at com.kms.katalon.core.appium.driver.SwipeableAndroidDriver.execute(SwipeableAndroidDriver.java:1)
	at org.openqa.selenium.remote.RemoteWebDriver$RemoteWebDriverOptions$RemoteWindow.getSize(RemoteWebDriver.java:813)
	at org.openqa.selenium.WebDriver$Window$getSize.call(Unknown Source)
	at com.kms.katalon.core.mobile.keyword.internal.MobileAbstractKeyword.findElement(MobileAbstractKeyword.groovy:81)
	at com.kms.katalon.core.mobile.keyword.builtin.VerifyElementExistKeyword.access$1(VerifyElementExistKeyword.groovy)
	at com.kms.katalon.core.mobile.keyword.builtin.VerifyElementExistKeyword$_verifyElementExist_closure1.doCall(VerifyElementExistKeyword.groovy:72)
	at com.kms.katalon.core.mobile.keyword.builtin.VerifyElementExistKeyword$_verifyElementExist_closure1.call(VerifyElementExistKeyword.groovy)
	at com.kms.katalon.core.mobile.keyword.internal.MobileKeywordMain.runKeyword(MobileKeywordMain.groovy:21)
	at com.kms.katalon.core.mobile.keyword.builtin.VerifyElementExistKeyword.verifyElementExist(VerifyElementExistKeyword.groovy:80)
	at com.kms.katalon.core.mobile.keyword.builtin.VerifyElementExistKeyword.execute(VerifyElementExistKeyword.groovy:64)
	at com.kms.katalon.core.keyword.internal.KeywordExecutor.executeKeywordForPlatform(KeywordExecutor.groovy:74)
	at com.kms.katalon.core.mobile.keyword.MobileBuiltInKeywords.verifyElementExist(MobileBuiltInKeywords.groovy:1755)
	at com.kms.katalon.core.mobile.keyword.MobileBuiltInKeywords$verifyElementExist$8.call(Unknown Source)
	at duitNow_mobileNumberFavTransaction.run(duitNow_mobileNumberFavTransaction:221)
	at com.kms.katalon.core.main.ScriptEngine.run(ScriptEngine.java:194)
	at com.kms.katalon.core.main.ScriptEngine.runScriptAsRawText(ScriptEngine.java:119)
	at com.kms.katalon.core.main.TestCaseExecutor.runScript(TestCaseExecutor.java:445)
	at com.kms.katalon.core.main.TestCaseExecutor.doExecute(TestCaseExecutor.java:436)
	at com.kms.katalon.core.main.TestCaseExecutor.processExecutionPhase(TestCaseExecutor.java:415)
	at com.kms.katalon.core.main.TestCaseExecutor.accessMainPhase(TestCaseExecutor.java:407)
	at com.kms.katalon.core.main.TestCaseExecutor.execute(TestCaseExecutor.java:284)
	at com.kms.katalon.core.common.CommonExecutor.accessTestCaseMainPhase(CommonExecutor.java:65)
	at com.kms.katalon.core.main.TestSuiteExecutor.accessTestSuiteMainPhase(TestSuiteExecutor.java:144)
	at com.kms.katalon.core.main.TestSuiteExecutor.execute(TestSuiteExecutor.java:106)
	at com.kms.katalon.core.main.TestCaseMain.startTestSuite(TestCaseMain.java:185)
	at com.kms.katalon.core.main.TestCaseMain$startTestSuite$0.call(Unknown Source)
	at TempTestSuite1655794262003.run(TempTestSuite1655794262003.groovy:36)
)

2022-06-21 15:47:16 - [MESSAGE][WARNING] - Timeout '0' is invalid. Using default page load timeout: '40'

2022-06-21 15:47:16 - [MESSAGE][FAILED] - Failed to check for element 'Object Repository/Duit Now/duitNowConfirmationIDTypeTitleTxt' exist (Root cause: org.openqa.selenium.WebDriverException: An unknown server-side error occurred while processing the command. Original error: 'GET /window/current/size' cannot be proxied to UiAutomator2 server because the instrumentation process is not running (probably crashed). Check the server log and/or the logcat output for more details
Build info: version: '3.141.59', revision: 'e82be7d358', time: '2018-11-14T08:25:53'
System info: host: '00139272s-MacBook-Pro.local', ip: '2001:e68:6167:4601:85f6:f1eb:65d1:8553%en0', os.name: 'Mac OS X', os.arch: 'x86_64', os.version: '10.16', java.version: '1.8.0_275'
Driver info: com.kms.katalon.core.appium.driver.SwipeableAndroidDriver
Capabilities {app: /Users/a00139272/Katalon St..., appActivity: com.maybank2u.life.MainActi..., appPackage: com.maybank2u.life.sit, appWaitActivity: *, autoGrantPermissions: true, automationName: uiautomator2, chromedriverPort: 58888, databaseEnabled: false, desired: {app: /Users/a00139272/Katalon St..., appActivity: com.maybank2u.life.MainActi..., appPackage: com.maybank2u.life.sit, appWaitActivity: *, autoGrantPermissions: true, automationName: uiautomator2, chromedriverPort: 58888, deviceId: 002b9cc60508, deviceName: Xiaomi 21061119AG (Android 11), fullReset: false, newCommandTimeout: 1800, noReset: true, platform: ANDROID, platformName: android, platformVersion: 11, systemPort: 58886, udid: 002b9cc60508}, deviceApiLevel: 30, deviceId: 002b9cc60508, deviceManufacturer: Xiaomi, deviceModel: 21061119AG, deviceName: 002b9cc60508, deviceScreenDensity: 440, deviceScreenSize: 1080x2400, deviceUDID: 002b9cc60508, fullReset: false, javascriptEnabled: true, locationContextEnabled: false, networkConnectionEnabled: true, newCommandTimeout: 1800, noReset: true, pixelRatio: 2.75, platform: ANDROID, platformName: Android, platformVersion: 11, statBarHeight: 103, systemPort: 58886, takesScreenshot: true, udid: 002b9cc60508, viewportRect: {height: 2064, left: 0, top: 103, width: 1080}, warnings: {}, webStorageEnabled: false}
Session ID: 5fc04fe1-5498-4b3a-814a-182076c98f18
	at org.openqa.selenium.remote.http.W3CHttpResponseCodec.createException(W3CHttpResponseCodec.java:187)
	at org.openqa.selenium.remote.http.W3CHttpResponseCodec.decode(W3CHttpResponseCodec.java:122)
	at org.openqa.selenium.remote.http.W3CHttpResponseCodec.decode(W3CHttpResponseCodec.java:49)
	at org.openqa.selenium.remote.HttpCommandExecutor.execute(HttpCommandExecutor.java:158)
	at io.appium.java_client.remote.AppiumCommandExecutor.execute(AppiumCommandExecutor.java:239)
	at org.openqa.selenium.remote.RemoteWebDriver.execute(RemoteWebDriver.java:552)
	at io.appium.java_client.DefaultGenericMobileDriver.execute(DefaultGenericMobileDriver.java:46)
	at io.appium.java_client.AppiumDriver.execute(AppiumDriver.java:1)
	at io.appium.java_client.android.AndroidDriver.execute(AndroidDriver.java:1)
	at com.kms.katalon.core.appium.driver.SwipeableAndroidDriver.execute(SwipeableAndroidDriver.java:1)
	at org.openqa.selenium.remote.RemoteWebDriver$RemoteWebDriverOptions$RemoteWindow.getSize(RemoteWebDriver.java:813)
	at org.openqa.selenium.WebDriver$Window$getSize.call(Unknown Source)
	at com.kms.katalon.core.mobile.keyword.internal.MobileAbstractKeyword.findElement(MobileAbstractKeyword.groovy:81)
	at com.kms.katalon.core.mobile.keyword.builtin.VerifyElementExistKeyword.access$1(VerifyElementExistKeyword.groovy)
	at com.kms.katalon.core.mobile.keyword.builtin.VerifyElementExistKeyword$_verifyElementExist_closure1.doCall(VerifyElementExistKeyword.groovy:72)
	at com.kms.katalon.core.mobile.keyword.builtin.VerifyElementExistKeyword$_verifyElementExist_closure1.call(VerifyElementExistKeyword.groovy)
	at com.kms.katalon.core.mobile.keyword.internal.MobileKeywordMain.runKeyword(MobileKeywordMain.groovy:21)
	at com.kms.katalon.core.mobile.keyword.builtin.VerifyElementExistKeyword.verifyElementExist(VerifyElementExistKeyword.groovy:80)
	at com.kms.katalon.core.mobile.keyword.builtin.VerifyElementExistKeyword.execute(VerifyElementExistKeyword.groovy:64)
	at com.kms.katalon.core.keyword.internal.KeywordExecutor.executeKeywordForPlatform(KeywordExecutor.groovy:74)
	at com.kms.katalon.core.mobile.keyword.MobileBuiltInKeywords.verifyElementExist(MobileBuiltInKeywords.groovy:1755)
	at com.kms.katalon.core.mobile.keyword.MobileBuiltInKeywords$verifyElementExist$8.call(Unknown Source)
	at duitNow_mobileNumberFavTransaction.run(duitNow_mobileNumberFavTransaction:221)
	at com.kms.katalon.core.main.ScriptEngine.run(ScriptEngine.java:194)
	at com.kms.katalon.core.main.ScriptEngine.runScriptAsRawText(ScriptEngine.java:119)
	at com.kms.katalon.core.main.TestCaseExecutor.runScript(TestCaseExecutor.java:445)
	at com.kms.katalon.core.main.TestCaseExecutor.doExecute(TestCaseExecutor.java:436)
	at com.kms.katalon.core.main.TestCaseExecutor.processExecutionPhase(TestCaseExecutor.java:415)
	at com.kms.katalon.core.main.TestCaseExecutor.accessMainPhase(TestCaseExecutor.java:407)
	at com.kms.katalon.core.main.TestCaseExecutor.execute(TestCaseExecutor.java:284)
	at com.kms.katalon.core.common.CommonExecutor.accessTestCaseMainPhase(CommonExecutor.java:65)
	at com.kms.katalon.core.main.TestSuiteExecutor.accessTestSuiteMainPhase(TestSuiteExecutor.java:144)
	at com.kms.katalon.core.main.TestSuiteExecutor.execute(TestSuiteExecutor.java:106)
	at com.kms.katalon.core.main.TestCaseMain.startTestSuite(TestCaseMain.java:185)
	at com.kms.katalon.core.main.TestCaseMain$startTestSuite$0.call(Unknown Source)
	at TempTestSuite1655794262003.run(TempTestSuite1655794262003.groovy:36)
)

2022-06-21 15:47:16 - [TEST_STEP][FAILED] - verifyElementExist(findTestObject("Duit Now/duitNowConfirmationTransferTypeTitleTxt"), 0): Failed to check for element 'Object Repository/Duit Now/duitNowConfirmationTransferTypeTitleTxt' exist (Root cause: org.openqa.selenium.WebDriverException: An unknown server-side error occurred while processing the command. Original error: 'GET /window/current/size' cannot be proxied to UiAutomator2 server because the instrumentation process is not running (probably crashed). Check the server log and/or the logcat output for more details
Build info: version: '3.141.59', revision: 'e82be7d358', time: '2018-11-14T08:25:53'
System info: host: '00139272s-MacBook-Pro.local', ip: '2001:e68:6167:4601:85f6:f1eb:65d1:8553%en0', os.name: 'Mac OS X', os.arch: 'x86_64', os.version: '10.16', java.version: '1.8.0_275'
Driver info: com.kms.katalon.core.appium.driver.SwipeableAndroidDriver
Capabilities {app: /Users/a00139272/Katalon St..., appActivity: com.maybank2u.life.MainActi..., appPackage: com.maybank2u.life.sit, appWaitActivity: *, autoGrantPermissions: true, automationName: uiautomator2, chromedriverPort: 58888, databaseEnabled: false, desired: {app: /Users/a00139272/Katalon St..., appActivity: com.maybank2u.life.MainActi..., appPackage: com.maybank2u.life.sit, appWaitActivity: *, autoGrantPermissions: true, automationName: uiautomator2, chromedriverPort: 58888, deviceId: 002b9cc60508, deviceName: Xiaomi 21061119AG (Android 11), fullReset: false, newCommandTimeout: 1800, noReset: true, platform: ANDROID, platformName: android, platformVersion: 11, systemPort: 58886, udid: 002b9cc60508}, deviceApiLevel: 30, deviceId: 002b9cc60508, deviceManufacturer: Xiaomi, deviceModel: 21061119AG, deviceName: 002b9cc60508, deviceScreenDensity: 440, deviceScreenSize: 1080x2400, deviceUDID: 002b9cc60508, fullReset: false, javascriptEnabled: true, locationContextEnabled: false, networkConnectionEnabled: true, newCommandTimeout: 1800, noReset: true, pixelRatio: 2.75, platform: ANDROID, platformName: Android, platformVersion: 11, statBarHeight: 103, systemPort: 58886, takesScreenshot: true, udid: 002b9cc60508, viewportRect: {height: 2064, left: 0, top: 103, width: 1080}, warnings: {}, webStorageEnabled: false}
Session ID: 5fc04fe1-5498-4b3a-814a-182076c98f18
	at org.openqa.selenium.remote.http.W3CHttpResponseCodec.createException(W3CHttpResponseCodec.java:187)
	at org.openqa.selenium.remote.http.W3CHttpResponseCodec.decode(W3CHttpResponseCodec.java:122)
	at org.openqa.selenium.remote.http.W3CHttpResponseCodec.decode(W3CHttpResponseCodec.java:49)
	at org.openqa.selenium.remote.HttpCommandExecutor.execute(HttpCommandExecutor.java:158)
	at io.appium.java_client.remote.AppiumCommandExecutor.execute(AppiumCommandExecutor.java:239)
	at org.openqa.selenium.remote.RemoteWebDriver.execute(RemoteWebDriver.java:552)
	at io.appium.java_client.DefaultGenericMobileDriver.execute(DefaultGenericMobileDriver.java:46)
	at io.appium.java_client.AppiumDriver.execute(AppiumDriver.java:1)
	at io.appium.java_client.android.AndroidDriver.execute(AndroidDriver.java:1)
	at com.kms.katalon.core.appium.driver.SwipeableAndroidDriver.execute(SwipeableAndroidDriver.java:1)
	at org.openqa.selenium.remote.RemoteWebDriver$RemoteWebDriverOptions$RemoteWindow.getSize(RemoteWebDriver.java:813)
	at org.openqa.selenium.WebDriver$Window$getSize.call(Unknown Source)
	at com.kms.katalon.core.mobile.keyword.internal.MobileAbstractKeyword.findElement(MobileAbstractKeyword.groovy:81)
	at com.kms.katalon.core.mobile.keyword.builtin.VerifyElementExistKeyword.access$1(VerifyElementExistKeyword.groovy)
	at com.kms.katalon.core.mobile.keyword.builtin.VerifyElementExistKeyword$_verifyElementExist_closure1.doCall(VerifyElementExistKeyword.groovy:72)
	at com.kms.katalon.core.mobile.keyword.builtin.VerifyElementExistKeyword$_verifyElementExist_closure1.call(VerifyElementExistKeyword.groovy)
	at com.kms.katalon.core.mobile.keyword.internal.MobileKeywordMain.runKeyword(MobileKeywordMain.groovy:21)
	at com.kms.katalon.core.mobile.keyword.builtin.VerifyElementExistKeyword.verifyElementExist(VerifyElementExistKeyword.groovy:80)
	at com.kms.katalon.core.mobile.keyword.builtin.VerifyElementExistKeyword.execute(VerifyElementExistKeyword.groovy:64)
	at com.kms.katalon.core.keyword.internal.KeywordExecutor.executeKeywordForPlatform(KeywordExecutor.groovy:74)
	at com.kms.katalon.core.mobile.keyword.MobileBuiltInKeywords.verifyElementExist(MobileBuiltInKeywords.groovy:1755)
	at com.kms.katalon.core.mobile.keyword.MobileBuiltInKeywords$verifyElementExist$8.call(Unknown Source)
	at duitNow_mobileNumberFavTransaction.run(duitNow_mobileNumberFavTransaction:223)
	at com.kms.katalon.core.main.ScriptEngine.run(ScriptEngine.java:194)
	at com.kms.katalon.core.main.ScriptEngine.runScriptAsRawText(ScriptEngine.java:119)
	at com.kms.katalon.core.main.TestCaseExecutor.runScript(TestCaseExecutor.java:445)
	at com.kms.katalon.core.main.TestCaseExecutor.doExecute(TestCaseExecutor.java:436)
	at com.kms.katalon.core.main.TestCaseExecutor.processExecutionPhase(TestCaseExecutor.java:415)
	at com.kms.katalon.core.main.TestCaseExecutor.accessMainPhase(TestCaseExecutor.java:407)
	at com.kms.katalon.core.main.TestCaseExecutor.execute(TestCaseExecutor.java:284)
	at com.kms.katalon.core.common.CommonExecutor.accessTestCaseMainPhase(CommonExecutor.java:65)
	at com.kms.katalon.core.main.TestSuiteExecutor.accessTestSuiteMainPhase(TestSuiteExecutor.java:144)
	at com.kms.katalon.core.main.TestSuiteExecutor.execute(TestSuiteExecutor.java:106)
	at com.kms.katalon.core.main.TestCaseMain.startTestSuite(TestCaseMain.java:185)
	at com.kms.katalon.core.main.TestCaseMain$startTestSuite$0.call(Unknown Source)
	at TempTestSuite1655794262003.run(TempTestSuite1655794262003.groovy:36)
)

2022-06-21 15:47:16 - [MESSAGE][WARNING] - Timeout '0' is invalid. Using default page load timeout: '40'

2022-06-21 15:47:16 - [MESSAGE][FAILED] - Failed to check for element 'Object Repository/Duit Now/duitNowConfirmationTransferTypeTitleTxt' exist (Root cause: org.openqa.selenium.WebDriverException: An unknown server-side error occurred while processing the command. Original error: 'GET /window/current/size' cannot be proxied to UiAutomator2 server because the instrumentation process is not running (probably crashed). Check the server log and/or the logcat output for more details
Build info: version: '3.141.59', revision: 'e82be7d358', time: '2018-11-14T08:25:53'
System info: host: '00139272s-MacBook-Pro.local', ip: '2001:e68:6167:4601:85f6:f1eb:65d1:8553%en0', os.name: 'Mac OS X', os.arch: 'x86_64', os.version: '10.16', java.version: '1.8.0_275'
Driver info: com.kms.katalon.core.appium.driver.SwipeableAndroidDriver
Capabilities {app: /Users/a00139272/Katalon St..., appActivity: com.maybank2u.life.MainActi..., appPackage: com.maybank2u.life.sit, appWaitActivity: *, autoGrantPermissions: true, automationName: uiautomator2, chromedriverPort: 58888, databaseEnabled: false, desired: {app: /Users/a00139272/Katalon St..., appActivity: com.maybank2u.life.MainActi..., appPackage: com.maybank2u.life.sit, appWaitActivity: *, autoGrantPermissions: true, automationName: uiautomator2, chromedriverPort: 58888, deviceId: 002b9cc60508, deviceName: Xiaomi 21061119AG (Android 11), fullReset: false, newCommandTimeout: 1800, noReset: true, platform: ANDROID, platformName: android, platformVersion: 11, systemPort: 58886, udid: 002b9cc60508}, deviceApiLevel: 30, deviceId: 002b9cc60508, deviceManufacturer: Xiaomi, deviceModel: 21061119AG, deviceName: 002b9cc60508, deviceScreenDensity: 440, deviceScreenSize: 1080x2400, deviceUDID: 002b9cc60508, fullReset: false, javascriptEnabled: true, locationContextEnabled: false, networkConnectionEnabled: true, newCommandTimeout: 1800, noReset: true, pixelRatio: 2.75, platform: ANDROID, platformName: Android, platformVersion: 11, statBarHeight: 103, systemPort: 58886, takesScreenshot: true, udid: 002b9cc60508, viewportRect: {height: 2064, left: 0, top: 103, width: 1080}, warnings: {}, webStorageEnabled: false}
Session ID: 5fc04fe1-5498-4b3a-814a-182076c98f18
	at org.openqa.selenium.remote.http.W3CHttpResponseCodec.createException(W3CHttpResponseCodec.java:187)
	at org.openqa.selenium.remote.http.W3CHttpResponseCodec.decode(W3CHttpResponseCodec.java:122)
	at org.openqa.selenium.remote.http.W3CHttpResponseCodec.decode(W3CHttpResponseCodec.java:49)
	at org.openqa.selenium.remote.HttpCommandExecutor.execute(HttpCommandExecutor.java:158)
	at io.appium.java_client.remote.AppiumCommandExecutor.execute(AppiumCommandExecutor.java:239)
	at org.openqa.selenium.remote.RemoteWebDriver.execute(RemoteWebDriver.java:552)
	at io.appium.java_client.DefaultGenericMobileDriver.execute(DefaultGenericMobileDriver.java:46)
	at io.appium.java_client.AppiumDriver.execute(AppiumDriver.java:1)
	at io.appium.java_client.android.AndroidDriver.execute(AndroidDriver.java:1)
	at com.kms.katalon.core.appium.driver.SwipeableAndroidDriver.execute(SwipeableAndroidDriver.java:1)
	at org.openqa.selenium.remote.RemoteWebDriver$RemoteWebDriverOptions$RemoteWindow.getSize(RemoteWebDriver.java:813)
	at org.openqa.selenium.WebDriver$Window$getSize.call(Unknown Source)
	at com.kms.katalon.core.mobile.keyword.internal.MobileAbstractKeyword.findElement(MobileAbstractKeyword.groovy:81)
	at com.kms.katalon.core.mobile.keyword.builtin.VerifyElementExistKeyword.access$1(VerifyElementExistKeyword.groovy)
	at com.kms.katalon.core.mobile.keyword.builtin.VerifyElementExistKeyword$_verifyElementExist_closure1.doCall(VerifyElementExistKeyword.groovy:72)
	at com.kms.katalon.core.mobile.keyword.builtin.VerifyElementExistKeyword$_verifyElementExist_closure1.call(VerifyElementExistKeyword.groovy)
	at com.kms.katalon.core.mobile.keyword.internal.MobileKeywordMain.runKeyword(MobileKeywordMain.groovy:21)
	at com.kms.katalon.core.mobile.keyword.builtin.VerifyElementExistKeyword.verifyElementExist(VerifyElementExistKeyword.groovy:80)
	at com.kms.katalon.core.mobile.keyword.builtin.VerifyElementExistKeyword.execute(VerifyElementExistKeyword.groovy:64)
	at com.kms.katalon.core.keyword.internal.KeywordExecutor.executeKeywordForPlatform(KeywordExecutor.groovy:74)
	at com.kms.katalon.core.mobile.keyword.MobileBuiltInKeywords.verifyElementExist(MobileBuiltInKeywords.groovy:1755)
	at com.kms.katalon.core.mobile.keyword.MobileBuiltInKeywords$verifyElementExist$8.call(Unknown Source)
	at duitNow_mobileNumberFavTransaction.run(duitNow_mobileNumberFavTransaction:223)
	at com.kms.katalon.core.main.ScriptEngine.run(ScriptEngine.java:194)
	at com.kms.katalon.core.main.ScriptEngine.runScriptAsRawText(ScriptEngine.java:119)
	at com.kms.katalon.core.main.TestCaseExecutor.runScript(TestCaseExecutor.java:445)
	at com.kms.katalon.core.main.TestCaseExecutor.doExecute(TestCaseExecutor.java:436)
	at com.kms.katalon.core.main.TestCaseExecutor.processExecutionPhase(TestCaseExecutor.java:415)
	at com.kms.katalon.core.main.TestCaseExecutor.accessMainPhase(TestCaseExecutor.java:407)
	at com.kms.katalon.core.main.TestCaseExecutor.execute(TestCaseExecutor.java:284)
	at com.kms.katalon.core.common.CommonExecutor.accessTestCaseMainPhase(CommonExecutor.java:65)
	at com.kms.katalon.core.main.TestSuiteExecutor.accessTestSuiteMainPhase(TestSuiteExecutor.java:144)
	at com.kms.katalon.core.main.TestSuiteExecutor.execute(TestSuiteExecutor.java:106)
	at com.kms.katalon.core.main.TestCaseMain.startTestSuite(TestCaseMain.java:185)
	at com.kms.katalon.core.main.TestCaseMain$startTestSuite$0.call(Unknown Source)
	at TempTestSuite1655794262003.run(TempTestSuite1655794262003.groovy:36)
)

2022-06-21 15:47:16 - [TEST_STEP][FAILED] - verifyElementExist(findTestObject("Duit Now/duitNowConfirmationPaymentDetailsTitleTxt"), 0): Failed to check for element 'Object Repository/Duit Now/duitNowConfirmationPaymentDetailsTitleTxt' exist (Root cause: org.openqa.selenium.WebDriverException: An unknown server-side error occurred while processing the command. Original error: 'GET /window/current/size' cannot be proxied to UiAutomator2 server because the instrumentation process is not running (probably crashed). Check the server log and/or the logcat output for more details
Build info: version: '3.141.59', revision: 'e82be7d358', time: '2018-11-14T08:25:53'
System info: host: '00139272s-MacBook-Pro.local', ip: '2001:e68:6167:4601:85f6:f1eb:65d1:8553%en0', os.name: 'Mac OS X', os.arch: 'x86_64', os.version: '10.16', java.version: '1.8.0_275'
Driver info: com.kms.katalon.core.appium.driver.SwipeableAndroidDriver
Capabilities {app: /Users/a00139272/Katalon St..., appActivity: com.maybank2u.life.MainActi..., appPackage: com.maybank2u.life.sit, appWaitActivity: *, autoGrantPermissions: true, automationName: uiautomator2, chromedriverPort: 58888, databaseEnabled: false, desired: {app: /Users/a00139272/Katalon St..., appActivity: com.maybank2u.life.MainActi..., appPackage: com.maybank2u.life.sit, appWaitActivity: *, autoGrantPermissions: true, automationName: uiautomator2, chromedriverPort: 58888, deviceId: 002b9cc60508, deviceName: Xiaomi 21061119AG (Android 11), fullReset: false, newCommandTimeout: 1800, noReset: true, platform: ANDROID, platformName: android, platformVersion: 11, systemPort: 58886, udid: 002b9cc60508}, deviceApiLevel: 30, deviceId: 002b9cc60508, deviceManufacturer: Xiaomi, deviceModel: 21061119AG, deviceName: 002b9cc60508, deviceScreenDensity: 440, deviceScreenSize: 1080x2400, deviceUDID: 002b9cc60508, fullReset: false, javascriptEnabled: true, locationContextEnabled: false, networkConnectionEnabled: true, newCommandTimeout: 1800, noReset: true, pixelRatio: 2.75, platform: ANDROID, platformName: Android, platformVersion: 11, statBarHeight: 103, systemPort: 58886, takesScreenshot: true, udid: 002b9cc60508, viewportRect: {height: 2064, left: 0, top: 103, width: 1080}, warnings: {}, webStorageEnabled: false}
Session ID: 5fc04fe1-5498-4b3a-814a-182076c98f18
	at org.openqa.selenium.remote.http.W3CHttpResponseCodec.createException(W3CHttpResponseCodec.java:187)
	at org.openqa.selenium.remote.http.W3CHttpResponseCodec.decode(W3CHttpResponseCodec.java:122)
	at org.openqa.selenium.remote.http.W3CHttpResponseCodec.decode(W3CHttpResponseCodec.java:49)
	at org.openqa.selenium.remote.HttpCommandExecutor.execute(HttpCommandExecutor.java:158)
	at io.appium.java_client.remote.AppiumCommandExecutor.execute(AppiumCommandExecutor.java:239)
	at org.openqa.selenium.remote.RemoteWebDriver.execute(RemoteWebDriver.java:552)
	at io.appium.java_client.DefaultGenericMobileDriver.execute(DefaultGenericMobileDriver.java:46)
	at io.appium.java_client.AppiumDriver.execute(AppiumDriver.java:1)
	at io.appium.java_client.android.AndroidDriver.execute(AndroidDriver.java:1)
	at com.kms.katalon.core.appium.driver.SwipeableAndroidDriver.execute(SwipeableAndroidDriver.java:1)
	at org.openqa.selenium.remote.RemoteWebDriver$RemoteWebDriverOptions$RemoteWindow.getSize(RemoteWebDriver.java:813)
	at org.openqa.selenium.WebDriver$Window$getSize.call(Unknown Source)
	at com.kms.katalon.core.mobile.keyword.internal.MobileAbstractKeyword.findElement(MobileAbstractKeyword.groovy:81)
	at com.kms.katalon.core.mobile.keyword.builtin.VerifyElementExistKeyword.access$1(VerifyElementExistKeyword.groovy)
	at com.kms.katalon.core.mobile.keyword.builtin.VerifyElementExistKeyword$_verifyElementExist_closure1.doCall(VerifyElementExistKeyword.groovy:72)
	at com.kms.katalon.core.mobile.keyword.builtin.VerifyElementExistKeyword$_verifyElementExist_closure1.call(VerifyElementExistKeyword.groovy)
	at com.kms.katalon.core.mobile.keyword.internal.MobileKeywordMain.runKeyword(MobileKeywordMain.groovy:21)
	at com.kms.katalon.core.mobile.keyword.builtin.VerifyElementExistKeyword.verifyElementExist(VerifyElementExistKeyword.groovy:80)
	at com.kms.katalon.core.mobile.keyword.builtin.VerifyElementExistKeyword.execute(VerifyElementExistKeyword.groovy:64)
	at com.kms.katalon.core.keyword.internal.KeywordExecutor.executeKeywordForPlatform(KeywordExecutor.groovy:74)
	at com.kms.katalon.core.mobile.keyword.MobileBuiltInKeywords.verifyElementExist(MobileBuiltInKeywords.groovy:1755)
	at com.kms.katalon.core.mobile.keyword.MobileBuiltInKeywords$verifyElementExist$8.call(Unknown Source)
	at duitNow_mobileNumberFavTransaction.run(duitNow_mobileNumberFavTransaction:225)
	at com.kms.katalon.core.main.ScriptEngine.run(ScriptEngine.java:194)
	at com.kms.katalon.core.main.ScriptEngine.runScriptAsRawText(ScriptEngine.java:119)
	at com.kms.katalon.core.main.TestCaseExecutor.runScript(TestCaseExecutor.java:445)
	at com.kms.katalon.core.main.TestCaseExecutor.doExecute(TestCaseExecutor.java:436)
	at com.kms.katalon.core.main.TestCaseExecutor.processExecutionPhase(TestCaseExecutor.java:415)
	at com.kms.katalon.core.main.TestCaseExecutor.accessMainPhase(TestCaseExecutor.java:407)
	at com.kms.katalon.core.main.TestCaseExecutor.execute(TestCaseExecutor.java:284)
	at com.kms.katalon.core.common.CommonExecutor.accessTestCaseMainPhase(CommonExecutor.java:65)
	at com.kms.katalon.core.main.TestSuiteExecutor.accessTestSuiteMainPhase(TestSuiteExecutor.java:144)
	at com.kms.katalon.core.main.TestSuiteExecutor.execute(TestSuiteExecutor.java:106)
	at com.kms.katalon.core.main.TestCaseMain.startTestSuite(TestCaseMain.java:185)
	at com.kms.katalon.core.main.TestCaseMain$startTestSuite$0.call(Unknown Source)
	at TempTestSuite1655794262003.run(TempTestSuite1655794262003.groovy:36)
)

2022-06-21 15:47:16 - [MESSAGE][WARNING] - Timeout '0' is invalid. Using default page load timeout: '40'

2022-06-21 15:47:16 - [MESSAGE][FAILED] - Failed to check for element 'Object Repository/Duit Now/duitNowConfirmationPaymentDetailsTitleTxt' exist (Root cause: org.openqa.selenium.WebDriverException: An unknown server-side error occurred while processing the command. Original error: 'GET /window/current/size' cannot be proxied to UiAutomator2 server because the instrumentation process is not running (probably crashed). Check the server log and/or the logcat output for more details
Build info: version: '3.141.59', revision: 'e82be7d358', time: '2018-11-14T08:25:53'
System info: host: '00139272s-MacBook-Pro.local', ip: '2001:e68:6167:4601:85f6:f1eb:65d1:8553%en0', os.name: 'Mac OS X', os.arch: 'x86_64', os.version: '10.16', java.version: '1.8.0_275'
Driver info: com.kms.katalon.core.appium.driver.SwipeableAndroidDriver
Capabilities {app: /Users/a00139272/Katalon St..., appActivity: com.maybank2u.life.MainActi..., appPackage: com.maybank2u.life.sit, appWaitActivity: *, autoGrantPermissions: true, automationName: uiautomator2, chromedriverPort: 58888, databaseEnabled: false, desired: {app: /Users/a00139272/Katalon St..., appActivity: com.maybank2u.life.MainActi..., appPackage: com.maybank2u.life.sit, appWaitActivity: *, autoGrantPermissions: true, automationName: uiautomator2, chromedriverPort: 58888, deviceId: 002b9cc60508, deviceName: Xiaomi 21061119AG (Android 11), fullReset: false, newCommandTimeout: 1800, noReset: true, platform: ANDROID, platformName: android, platformVersion: 11, systemPort: 58886, udid: 002b9cc60508}, deviceApiLevel: 30, deviceId: 002b9cc60508, deviceManufacturer: Xiaomi, deviceModel: 21061119AG, deviceName: 002b9cc60508, deviceScreenDensity: 440, deviceScreenSize: 1080x2400, deviceUDID: 002b9cc60508, fullReset: false, javascriptEnabled: true, locationContextEnabled: false, networkConnectionEnabled: true, newCommandTimeout: 1800, noReset: true, pixelRatio: 2.75, platform: ANDROID, platformName: Android, platformVersion: 11, statBarHeight: 103, systemPort: 58886, takesScreenshot: true, udid: 002b9cc60508, viewportRect: {height: 2064, left: 0, top: 103, width: 1080}, warnings: {}, webStorageEnabled: false}
Session ID: 5fc04fe1-5498-4b3a-814a-182076c98f18
	at org.openqa.selenium.remote.http.W3CHttpResponseCodec.createException(W3CHttpResponseCodec.java:187)
	at org.openqa.selenium.remote.http.W3CHttpResponseCodec.decode(W3CHttpResponseCodec.java:122)
	at org.openqa.selenium.remote.http.W3CHttpResponseCodec.decode(W3CHttpResponseCodec.java:49)
	at org.openqa.selenium.remote.HttpCommandExecutor.execute(HttpCommandExecutor.java:158)
	at io.appium.java_client.remote.AppiumCommandExecutor.execute(AppiumCommandExecutor.java:239)
	at org.openqa.selenium.remote.RemoteWebDriver.execute(RemoteWebDriver.java:552)
	at io.appium.java_client.DefaultGenericMobileDriver.execute(DefaultGenericMobileDriver.java:46)
	at io.appium.java_client.AppiumDriver.execute(AppiumDriver.java:1)
	at io.appium.java_client.android.AndroidDriver.execute(AndroidDriver.java:1)
	at com.kms.katalon.core.appium.driver.SwipeableAndroidDriver.execute(SwipeableAndroidDriver.java:1)
	at org.openqa.selenium.remote.RemoteWebDriver$RemoteWebDriverOptions$RemoteWindow.getSize(RemoteWebDriver.java:813)
	at org.openqa.selenium.WebDriver$Window$getSize.call(Unknown Source)
	at com.kms.katalon.core.mobile.keyword.internal.MobileAbstractKeyword.findElement(MobileAbstractKeyword.groovy:81)
	at com.kms.katalon.core.mobile.keyword.builtin.VerifyElementExistKeyword.access$1(VerifyElementExistKeyword.groovy)
	at com.kms.katalon.core.mobile.keyword.builtin.VerifyElementExistKeyword$_verifyElementExist_closure1.doCall(VerifyElementExistKeyword.groovy:72)
	at com.kms.katalon.core.mobile.keyword.builtin.VerifyElementExistKeyword$_verifyElementExist_closure1.call(VerifyElementExistKeyword.groovy)
	at com.kms.katalon.core.mobile.keyword.internal.MobileKeywordMain.runKeyword(MobileKeywordMain.groovy:21)
	at com.kms.katalon.core.mobile.keyword.builtin.VerifyElementExistKeyword.verifyElementExist(VerifyElementExistKeyword.groovy:80)
	at com.kms.katalon.core.mobile.keyword.builtin.VerifyElementExistKeyword.execute(VerifyElementExistKeyword.groovy:64)
	at com.kms.katalon.core.keyword.internal.KeywordExecutor.executeKeywordForPlatform(KeywordExecutor.groovy:74)
	at com.kms.katalon.core.mobile.keyword.MobileBuiltInKeywords.verifyElementExist(MobileBuiltInKeywords.groovy:1755)
	at com.kms.katalon.core.mobile.keyword.MobileBuiltInKeywords$verifyElementExist$8.call(Unknown Source)
	at duitNow_mobileNumberFavTransaction.run(duitNow_mobileNumberFavTransaction:225)
	at com.kms.katalon.core.main.ScriptEngine.run(ScriptEngine.java:194)
	at com.kms.katalon.core.main.ScriptEngine.runScriptAsRawText(ScriptEngine.java:119)
	at com.kms.katalon.core.main.TestCaseExecutor.runScript(TestCaseExecutor.java:445)
	at com.kms.katalon.core.main.TestCaseExecutor.doExecute(TestCaseExecutor.java:436)
	at com.kms.katalon.core.main.TestCaseExecutor.processExecutionPhase(TestCaseExecutor.java:415)
	at com.kms.katalon.core.main.TestCaseExecutor.accessMainPhase(TestCaseExecutor.java:407)
	at com.kms.katalon.core.main.TestCaseExecutor.execute(TestCaseExecutor.java:284)
	at com.kms.katalon.core.common.CommonExecutor.accessTestCaseMainPhase(CommonExecutor.java:65)
	at com.kms.katalon.core.main.TestSuiteExecutor.accessTestSuiteMainPhase(TestSuiteExecutor.java:144)
	at com.kms.katalon.core.main.TestSuiteExecutor.execute(TestSuiteExecutor.java:106)
	at com.kms.katalon.core.main.TestCaseMain.startTestSuite(TestCaseMain.java:185)
	at com.kms.katalon.core.main.TestCaseMain$startTestSuite$0.call(Unknown Source)
	at TempTestSuite1655794262003.run(TempTestSuite1655794262003.groovy:36)
)

2022-06-21 15:47:16 - [TEST_STEP][FAILED] - verifyElementExist(findTestObject("Duit Now/duitNowConfirmationReferenceTitleTxt"), 0): Failed to check for element 'Object Repository/Duit Now/duitNowConfirmationReferenceTitleTxt' exist (Root cause: org.openqa.selenium.WebDriverException: An unknown server-side error occurred while processing the command. Original error: 'GET /window/current/size' cannot be proxied to UiAutomator2 server because the instrumentation process is not running (probably crashed). Check the server log and/or the logcat output for more details
Build info: version: '3.141.59', revision: 'e82be7d358', time: '2018-11-14T08:25:53'
System info: host: '00139272s-MacBook-Pro.local', ip: '2001:e68:6167:4601:85f6:f1eb:65d1:8553%en0', os.name: 'Mac OS X', os.arch: 'x86_64', os.version: '10.16', java.version: '1.8.0_275'
Driver info: com.kms.katalon.core.appium.driver.SwipeableAndroidDriver
Capabilities {app: /Users/a00139272/Katalon St..., appActivity: com.maybank2u.life.MainActi..., appPackage: com.maybank2u.life.sit, appWaitActivity: *, autoGrantPermissions: true, automationName: uiautomator2, chromedriverPort: 58888, databaseEnabled: false, desired: {app: /Users/a00139272/Katalon St..., appActivity: com.maybank2u.life.MainActi..., appPackage: com.maybank2u.life.sit, appWaitActivity: *, autoGrantPermissions: true, automationName: uiautomator2, chromedriverPort: 58888, deviceId: 002b9cc60508, deviceName: Xiaomi 21061119AG (Android 11), fullReset: false, newCommandTimeout: 1800, noReset: true, platform: ANDROID, platformName: android, platformVersion: 11, systemPort: 58886, udid: 002b9cc60508}, deviceApiLevel: 30, deviceId: 002b9cc60508, deviceManufacturer: Xiaomi, deviceModel: 21061119AG, deviceName: 002b9cc60508, deviceScreenDensity: 440, deviceScreenSize: 1080x2400, deviceUDID: 002b9cc60508, fullReset: false, javascriptEnabled: true, locationContextEnabled: false, networkConnectionEnabled: true, newCommandTimeout: 1800, noReset: true, pixelRatio: 2.75, platform: ANDROID, platformName: Android, platformVersion: 11, statBarHeight: 103, systemPort: 58886, takesScreenshot: true, udid: 002b9cc60508, viewportRect: {height: 2064, left: 0, top: 103, width: 1080}, warnings: {}, webStorageEnabled: false}
Session ID: 5fc04fe1-5498-4b3a-814a-182076c98f18
	at org.openqa.selenium.remote.http.W3CHttpResponseCodec.createException(W3CHttpResponseCodec.java:187)
	at org.openqa.selenium.remote.http.W3CHttpResponseCodec.decode(W3CHttpResponseCodec.java:122)
	at org.openqa.selenium.remote.http.W3CHttpResponseCodec.decode(W3CHttpResponseCodec.java:49)
	at org.openqa.selenium.remote.HttpCommandExecutor.execute(HttpCommandExecutor.java:158)
	at io.appium.java_client.remote.AppiumCommandExecutor.execute(AppiumCommandExecutor.java:239)
	at org.openqa.selenium.remote.RemoteWebDriver.execute(RemoteWebDriver.java:552)
	at io.appium.java_client.DefaultGenericMobileDriver.execute(DefaultGenericMobileDriver.java:46)
	at io.appium.java_client.AppiumDriver.execute(AppiumDriver.java:1)
	at io.appium.java_client.android.AndroidDriver.execute(AndroidDriver.java:1)
	at com.kms.katalon.core.appium.driver.SwipeableAndroidDriver.execute(SwipeableAndroidDriver.java:1)
	at org.openqa.selenium.remote.RemoteWebDriver$RemoteWebDriverOptions$RemoteWindow.getSize(RemoteWebDriver.java:813)
	at org.openqa.selenium.WebDriver$Window$getSize.call(Unknown Source)
	at com.kms.katalon.core.mobile.keyword.internal.MobileAbstractKeyword.findElement(MobileAbstractKeyword.groovy:81)
	at com.kms.katalon.core.mobile.keyword.builtin.VerifyElementExistKeyword.access$1(VerifyElementExistKeyword.groovy)
	at com.kms.katalon.core.mobile.keyword.builtin.VerifyElementExistKeyword$_verifyElementExist_closure1.doCall(VerifyElementExistKeyword.groovy:72)
	at com.kms.katalon.core.mobile.keyword.builtin.VerifyElementExistKeyword$_verifyElementExist_closure1.call(VerifyElementExistKeyword.groovy)
	at com.kms.katalon.core.mobile.keyword.internal.MobileKeywordMain.runKeyword(MobileKeywordMain.groovy:21)
	at com.kms.katalon.core.mobile.keyword.builtin.VerifyElementExistKeyword.verifyElementExist(VerifyElementExistKeyword.groovy:80)
	at com.kms.katalon.core.mobile.keyword.builtin.VerifyElementExistKeyword.execute(VerifyElementExistKeyword.groovy:64)
	at com.kms.katalon.core.keyword.internal.KeywordExecutor.executeKeywordForPlatform(KeywordExecutor.groovy:74)
	at com.kms.katalon.core.mobile.keyword.MobileBuiltInKeywords.verifyElementExist(MobileBuiltInKeywords.groovy:1755)
	at com.kms.katalon.core.mobile.keyword.MobileBuiltInKeywords$verifyElementExist$8.call(Unknown Source)
	at duitNow_mobileNumberFavTransaction.run(duitNow_mobileNumberFavTransaction:227)
	at com.kms.katalon.core.main.ScriptEngine.run(ScriptEngine.java:194)
	at com.kms.katalon.core.main.ScriptEngine.runScriptAsRawText(ScriptEngine.java:119)
	at com.kms.katalon.core.main.TestCaseExecutor.runScript(TestCaseExecutor.java:445)
	at com.kms.katalon.core.main.TestCaseExecutor.doExecute(TestCaseExecutor.java:436)
	at com.kms.katalon.core.main.TestCaseExecutor.processExecutionPhase(TestCaseExecutor.java:415)
	at com.kms.katalon.core.main.TestCaseExecutor.accessMainPhase(TestCaseExecutor.java:407)
	at com.kms.katalon.core.main.TestCaseExecutor.execute(TestCaseExecutor.java:284)
	at com.kms.katalon.core.common.CommonExecutor.accessTestCaseMainPhase(CommonExecutor.java:65)
	at com.kms.katalon.core.main.TestSuiteExecutor.accessTestSuiteMainPhase(TestSuiteExecutor.java:144)
	at com.kms.katalon.core.main.TestSuiteExecutor.execute(TestSuiteExecutor.java:106)
	at com.kms.katalon.core.main.TestCaseMain.startTestSuite(TestCaseMain.java:185)
	at com.kms.katalon.core.main.TestCaseMain$startTestSuite$0.call(Unknown Source)
	at TempTestSuite1655794262003.run(TempTestSuite1655794262003.groovy:36)
)

2022-06-21 15:47:16 - [MESSAGE][WARNING] - Timeout '0' is invalid. Using default page load timeout: '40'

2022-06-21 15:47:16 - [MESSAGE][FAILED] - Failed to check for element 'Object Repository/Duit Now/duitNowConfirmationReferenceTitleTxt' exist (Root cause: org.openqa.selenium.WebDriverException: An unknown server-side error occurred while processing the command. Original error: 'GET /window/current/size' cannot be proxied to UiAutomator2 server because the instrumentation process is not running (probably crashed). Check the server log and/or the logcat output for more details
Build info: version: '3.141.59', revision: 'e82be7d358', time: '2018-11-14T08:25:53'
System info: host: '00139272s-MacBook-Pro.local', ip: '2001:e68:6167:4601:85f6:f1eb:65d1:8553%en0', os.name: 'Mac OS X', os.arch: 'x86_64', os.version: '10.16', java.version: '1.8.0_275'
Driver info: com.kms.katalon.core.appium.driver.SwipeableAndroidDriver
Capabilities {app: /Users/a00139272/Katalon St..., appActivity: com.maybank2u.life.MainActi..., appPackage: com.maybank2u.life.sit, appWaitActivity: *, autoGrantPermissions: true, automationName: uiautomator2, chromedriverPort: 58888, databaseEnabled: false, desired: {app: /Users/a00139272/Katalon St..., appActivity: com.maybank2u.life.MainActi..., appPackage: com.maybank2u.life.sit, appWaitActivity: *, autoGrantPermissions: true, automationName: uiautomator2, chromedriverPort: 58888, deviceId: 002b9cc60508, deviceName: Xiaomi 21061119AG (Android 11), fullReset: false, newCommandTimeout: 1800, noReset: true, platform: ANDROID, platformName: android, platformVersion: 11, systemPort: 58886, udid: 002b9cc60508}, deviceApiLevel: 30, deviceId: 002b9cc60508, deviceManufacturer: Xiaomi, deviceModel: 21061119AG, deviceName: 002b9cc60508, deviceScreenDensity: 440, deviceScreenSize: 1080x2400, deviceUDID: 002b9cc60508, fullReset: false, javascriptEnabled: true, locationContextEnabled: false, networkConnectionEnabled: true, newCommandTimeout: 1800, noReset: true, pixelRatio: 2.75, platform: ANDROID, platformName: Android, platformVersion: 11, statBarHeight: 103, systemPort: 58886, takesScreenshot: true, udid: 002b9cc60508, viewportRect: {height: 2064, left: 0, top: 103, width: 1080}, warnings: {}, webStorageEnabled: false}
Session ID: 5fc04fe1-5498-4b3a-814a-182076c98f18
	at org.openqa.selenium.remote.http.W3CHttpResponseCodec.createException(W3CHttpResponseCodec.java:187)
	at org.openqa.selenium.remote.http.W3CHttpResponseCodec.decode(W3CHttpResponseCodec.java:122)
	at org.openqa.selenium.remote.http.W3CHttpResponseCodec.decode(W3CHttpResponseCodec.java:49)
	at org.openqa.selenium.remote.HttpCommandExecutor.execute(HttpCommandExecutor.java:158)
	at io.appium.java_client.remote.AppiumCommandExecutor.execute(AppiumCommandExecutor.java:239)
	at org.openqa.selenium.remote.RemoteWebDriver.execute(RemoteWebDriver.java:552)
	at io.appium.java_client.DefaultGenericMobileDriver.execute(DefaultGenericMobileDriver.java:46)
	at io.appium.java_client.AppiumDriver.execute(AppiumDriver.java:1)
	at io.appium.java_client.android.AndroidDriver.execute(AndroidDriver.java:1)
	at com.kms.katalon.core.appium.driver.SwipeableAndroidDriver.execute(SwipeableAndroidDriver.java:1)
	at org.openqa.selenium.remote.RemoteWebDriver$RemoteWebDriverOptions$RemoteWindow.getSize(RemoteWebDriver.java:813)
	at org.openqa.selenium.WebDriver$Window$getSize.call(Unknown Source)
	at com.kms.katalon.core.mobile.keyword.internal.MobileAbstractKeyword.findElement(MobileAbstractKeyword.groovy:81)
	at com.kms.katalon.core.mobile.keyword.builtin.VerifyElementExistKeyword.access$1(VerifyElementExistKeyword.groovy)
	at com.kms.katalon.core.mobile.keyword.builtin.VerifyElementExistKeyword$_verifyElementExist_closure1.doCall(VerifyElementExistKeyword.groovy:72)
	at com.kms.katalon.core.mobile.keyword.builtin.VerifyElementExistKeyword$_verifyElementExist_closure1.call(VerifyElementExistKeyword.groovy)
	at com.kms.katalon.core.mobile.keyword.internal.MobileKeywordMain.runKeyword(MobileKeywordMain.groovy:21)
	at com.kms.katalon.core.mobile.keyword.builtin.VerifyElementExistKeyword.verifyElementExist(VerifyElementExistKeyword.groovy:80)
	at com.kms.katalon.core.mobile.keyword.builtin.VerifyElementExistKeyword.execute(VerifyElementExistKeyword.groovy:64)
	at com.kms.katalon.core.keyword.internal.KeywordExecutor.executeKeywordForPlatform(KeywordExecutor.groovy:74)
	at com.kms.katalon.core.mobile.keyword.MobileBuiltInKeywords.verifyElementExist(MobileBuiltInKeywords.groovy:1755)
	at com.kms.katalon.core.mobile.keyword.MobileBuiltInKeywords$verifyElementExist$8.call(Unknown Source)
	at duitNow_mobileNumberFavTransaction.run(duitNow_mobileNumberFavTransaction:227)
	at com.kms.katalon.core.main.ScriptEngine.run(ScriptEngine.java:194)
	at com.kms.katalon.core.main.ScriptEngine.runScriptAsRawText(ScriptEngine.java:119)
	at com.kms.katalon.core.main.TestCaseExecutor.runScript(TestCaseExecutor.java:445)
	at com.kms.katalon.core.main.TestCaseExecutor.doExecute(TestCaseExecutor.java:436)
	at com.kms.katalon.core.main.TestCaseExecutor.processExecutionPhase(TestCaseExecutor.java:415)
	at com.kms.katalon.core.main.TestCaseExecutor.accessMainPhase(TestCaseExecutor.java:407)
	at com.kms.katalon.core.main.TestCaseExecutor.execute(TestCaseExecutor.java:284)
	at com.kms.katalon.core.common.CommonExecutor.accessTestCaseMainPhase(CommonExecutor.java:65)
	at com.kms.katalon.core.main.TestSuiteExecutor.accessTestSuiteMainPhase(TestSuiteExecutor.java:144)
	at com.kms.katalon.core.main.TestSuiteExecutor.execute(TestSuiteExecutor.java:106)
	at com.kms.katalon.core.main.TestCaseMain.startTestSuite(TestCaseMain.java:185)
	at com.kms.katalon.core.main.TestCaseMain$startTestSuite$0.call(Unknown Source)
	at TempTestSuite1655794262003.run(TempTestSuite1655794262003.groovy:36)
)

2022-06-21 15:47:16 - [TEST_STEP][FAILED] - verifyElementExist(findTestObject("Duit Now/duitNowConfirmationServiceFeeTitleTxt"), 0): Failed to check for element 'Object Repository/Duit Now/duitNowConfirmationServiceFeeTitleTxt' exist (Root cause: org.openqa.selenium.WebDriverException: An unknown server-side error occurred while processing the command. Original error: 'GET /window/current/size' cannot be proxied to UiAutomator2 server because the instrumentation process is not running (probably crashed). Check the server log and/or the logcat output for more details
Build info: version: '3.141.59', revision: 'e82be7d358', time: '2018-11-14T08:25:53'
System info: host: '00139272s-MacBook-Pro.local', ip: '2001:e68:6167:4601:85f6:f1eb:65d1:8553%en0', os.name: 'Mac OS X', os.arch: 'x86_64', os.version: '10.16', java.version: '1.8.0_275'
Driver info: com.kms.katalon.core.appium.driver.SwipeableAndroidDriver
Capabilities {app: /Users/a00139272/Katalon St..., appActivity: com.maybank2u.life.MainActi..., appPackage: com.maybank2u.life.sit, appWaitActivity: *, autoGrantPermissions: true, automationName: uiautomator2, chromedriverPort: 58888, databaseEnabled: false, desired: {app: /Users/a00139272/Katalon St..., appActivity: com.maybank2u.life.MainActi..., appPackage: com.maybank2u.life.sit, appWaitActivity: *, autoGrantPermissions: true, automationName: uiautomator2, chromedriverPort: 58888, deviceId: 002b9cc60508, deviceName: Xiaomi 21061119AG (Android 11), fullReset: false, newCommandTimeout: 1800, noReset: true, platform: ANDROID, platformName: android, platformVersion: 11, systemPort: 58886, udid: 002b9cc60508}, deviceApiLevel: 30, deviceId: 002b9cc60508, deviceManufacturer: Xiaomi, deviceModel: 21061119AG, deviceName: 002b9cc60508, deviceScreenDensity: 440, deviceScreenSize: 1080x2400, deviceUDID: 002b9cc60508, fullReset: false, javascriptEnabled: true, locationContextEnabled: false, networkConnectionEnabled: true, newCommandTimeout: 1800, noReset: true, pixelRatio: 2.75, platform: ANDROID, platformName: Android, platformVersion: 11, statBarHeight: 103, systemPort: 58886, takesScreenshot: true, udid: 002b9cc60508, viewportRect: {height: 2064, left: 0, top: 103, width: 1080}, warnings: {}, webStorageEnabled: false}
Session ID: 5fc04fe1-5498-4b3a-814a-182076c98f18
	at org.openqa.selenium.remote.http.W3CHttpResponseCodec.createException(W3CHttpResponseCodec.java:187)
	at org.openqa.selenium.remote.http.W3CHttpResponseCodec.decode(W3CHttpResponseCodec.java:122)
	at org.openqa.selenium.remote.http.W3CHttpResponseCodec.decode(W3CHttpResponseCodec.java:49)
	at org.openqa.selenium.remote.HttpCommandExecutor.execute(HttpCommandExecutor.java:158)
	at io.appium.java_client.remote.AppiumCommandExecutor.execute(AppiumCommandExecutor.java:239)
	at org.openqa.selenium.remote.RemoteWebDriver.execute(RemoteWebDriver.java:552)
	at io.appium.java_client.DefaultGenericMobileDriver.execute(DefaultGenericMobileDriver.java:46)
	at io.appium.java_client.AppiumDriver.execute(AppiumDriver.java:1)
	at io.appium.java_client.android.AndroidDriver.execute(AndroidDriver.java:1)
	at com.kms.katalon.core.appium.driver.SwipeableAndroidDriver.execute(SwipeableAndroidDriver.java:1)
	at org.openqa.selenium.remote.RemoteWebDriver$RemoteWebDriverOptions$RemoteWindow.getSize(RemoteWebDriver.java:813)
	at org.openqa.selenium.WebDriver$Window$getSize.call(Unknown Source)
	at com.kms.katalon.core.mobile.keyword.internal.MobileAbstractKeyword.findElement(MobileAbstractKeyword.groovy:81)
	at com.kms.katalon.core.mobile.keyword.builtin.VerifyElementExistKeyword.access$1(VerifyElementExistKeyword.groovy)
	at com.kms.katalon.core.mobile.keyword.builtin.VerifyElementExistKeyword$_verifyElementExist_closure1.doCall(VerifyElementExistKeyword.groovy:72)
	at com.kms.katalon.core.mobile.keyword.builtin.VerifyElementExistKeyword$_verifyElementExist_closure1.call(VerifyElementExistKeyword.groovy)
	at com.kms.katalon.core.mobile.keyword.internal.MobileKeywordMain.runKeyword(MobileKeywordMain.groovy:21)
	at com.kms.katalon.core.mobile.keyword.builtin.VerifyElementExistKeyword.verifyElementExist(VerifyElementExistKeyword.groovy:80)
	at com.kms.katalon.core.mobile.keyword.builtin.VerifyElementExistKeyword.execute(VerifyElementExistKeyword.groovy:64)
	at com.kms.katalon.core.keyword.internal.KeywordExecutor.executeKeywordForPlatform(KeywordExecutor.groovy:74)
	at com.kms.katalon.core.mobile.keyword.MobileBuiltInKeywords.verifyElementExist(MobileBuiltInKeywords.groovy:1755)
	at com.kms.katalon.core.mobile.keyword.MobileBuiltInKeywords$verifyElementExist$8.call(Unknown Source)
	at duitNow_mobileNumberFavTransaction.run(duitNow_mobileNumberFavTransaction:229)
	at com.kms.katalon.core.main.ScriptEngine.run(ScriptEngine.java:194)
	at com.kms.katalon.core.main.ScriptEngine.runScriptAsRawText(ScriptEngine.java:119)
	at com.kms.katalon.core.main.TestCaseExecutor.runScript(TestCaseExecutor.java:445)
	at com.kms.katalon.core.main.TestCaseExecutor.doExecute(TestCaseExecutor.java:436)
	at com.kms.katalon.core.main.TestCaseExecutor.processExecutionPhase(TestCaseExecutor.java:415)
	at com.kms.katalon.core.main.TestCaseExecutor.accessMainPhase(TestCaseExecutor.java:407)
	at com.kms.katalon.core.main.TestCaseExecutor.execute(TestCaseExecutor.java:284)
	at com.kms.katalon.core.common.CommonExecutor.accessTestCaseMainPhase(CommonExecutor.java:65)
	at com.kms.katalon.core.main.TestSuiteExecutor.accessTestSuiteMainPhase(TestSuiteExecutor.java:144)
	at com.kms.katalon.core.main.TestSuiteExecutor.execute(TestSuiteExecutor.java:106)
	at com.kms.katalon.core.main.TestCaseMain.startTestSuite(TestCaseMain.java:185)
	at com.kms.katalon.core.main.TestCaseMain$startTestSuite$0.call(Unknown Source)
	at TempTestSuite1655794262003.run(TempTestSuite1655794262003.groovy:36)
)

2022-06-21 15:47:16 - [MESSAGE][WARNING] - Timeout '0' is invalid. Using default page load timeout: '40'

2022-06-21 15:47:16 - [MESSAGE][FAILED] - Failed to check for element 'Object Repository/Duit Now/duitNowConfirmationServiceFeeTitleTxt' exist (Root cause: org.openqa.selenium.WebDriverException: An unknown server-side error occurred while processing the command. Original error: 'GET /window/current/size' cannot be proxied to UiAutomator2 server because the instrumentation process is not running (probably crashed). Check the server log and/or the logcat output for more details
Build info: version: '3.141.59', revision: 'e82be7d358', time: '2018-11-14T08:25:53'
System info: host: '00139272s-MacBook-Pro.local', ip: '2001:e68:6167:4601:85f6:f1eb:65d1:8553%en0', os.name: 'Mac OS X', os.arch: 'x86_64', os.version: '10.16', java.version: '1.8.0_275'
Driver info: com.kms.katalon.core.appium.driver.SwipeableAndroidDriver
Capabilities {app: /Users/a00139272/Katalon St..., appActivity: com.maybank2u.life.MainActi..., appPackage: com.maybank2u.life.sit, appWaitActivity: *, autoGrantPermissions: true, automationName: uiautomator2, chromedriverPort: 58888, databaseEnabled: false, desired: {app: /Users/a00139272/Katalon St..., appActivity: com.maybank2u.life.MainActi..., appPackage: com.maybank2u.life.sit, appWaitActivity: *, autoGrantPermissions: true, automationName: uiautomator2, chromedriverPort: 58888, deviceId: 002b9cc60508, deviceName: Xiaomi 21061119AG (Android 11), fullReset: false, newCommandTimeout: 1800, noReset: true, platform: ANDROID, platformName: android, platformVersion: 11, systemPort: 58886, udid: 002b9cc60508}, deviceApiLevel: 30, deviceId: 002b9cc60508, deviceManufacturer: Xiaomi, deviceModel: 21061119AG, deviceName: 002b9cc60508, deviceScreenDensity: 440, deviceScreenSize: 1080x2400, deviceUDID: 002b9cc60508, fullReset: false, javascriptEnabled: true, locationContextEnabled: false, networkConnectionEnabled: true, newCommandTimeout: 1800, noReset: true, pixelRatio: 2.75, platform: ANDROID, platformName: Android, platformVersion: 11, statBarHeight: 103, systemPort: 58886, takesScreenshot: true, udid: 002b9cc60508, viewportRect: {height: 2064, left: 0, top: 103, width: 1080}, warnings: {}, webStorageEnabled: false}
Session ID: 5fc04fe1-5498-4b3a-814a-182076c98f18
	at org.openqa.selenium.remote.http.W3CHttpResponseCodec.createException(W3CHttpResponseCodec.java:187)
	at org.openqa.selenium.remote.http.W3CHttpResponseCodec.decode(W3CHttpResponseCodec.java:122)
	at org.openqa.selenium.remote.http.W3CHttpResponseCodec.decode(W3CHttpResponseCodec.java:49)
	at org.openqa.selenium.remote.HttpCommandExecutor.execute(HttpCommandExecutor.java:158)
	at io.appium.java_client.remote.AppiumCommandExecutor.execute(AppiumCommandExecutor.java:239)
	at org.openqa.selenium.remote.RemoteWebDriver.execute(RemoteWebDriver.java:552)
	at io.appium.java_client.DefaultGenericMobileDriver.execute(DefaultGenericMobileDriver.java:46)
	at io.appium.java_client.AppiumDriver.execute(AppiumDriver.java:1)
	at io.appium.java_client.android.AndroidDriver.execute(AndroidDriver.java:1)
	at com.kms.katalon.core.appium.driver.SwipeableAndroidDriver.execute(SwipeableAndroidDriver.java:1)
	at org.openqa.selenium.remote.RemoteWebDriver$RemoteWebDriverOptions$RemoteWindow.getSize(RemoteWebDriver.java:813)
	at org.openqa.selenium.WebDriver$Window$getSize.call(Unknown Source)
	at com.kms.katalon.core.mobile.keyword.internal.MobileAbstractKeyword.findElement(MobileAbstractKeyword.groovy:81)
	at com.kms.katalon.core.mobile.keyword.builtin.VerifyElementExistKeyword.access$1(VerifyElementExistKeyword.groovy)
	at com.kms.katalon.core.mobile.keyword.builtin.VerifyElementExistKeyword$_verifyElementExist_closure1.doCall(VerifyElementExistKeyword.groovy:72)
	at com.kms.katalon.core.mobile.keyword.builtin.VerifyElementExistKeyword$_verifyElementExist_closure1.call(VerifyElementExistKeyword.groovy)
	at com.kms.katalon.core.mobile.keyword.internal.MobileKeywordMain.runKeyword(MobileKeywordMain.groovy:21)
	at com.kms.katalon.core.mobile.keyword.builtin.VerifyElementExistKeyword.verifyElementExist(VerifyElementExistKeyword.groovy:80)
	at com.kms.katalon.core.mobile.keyword.builtin.VerifyElementExistKeyword.execute(VerifyElementExistKeyword.groovy:64)
	at com.kms.katalon.core.keyword.internal.KeywordExecutor.executeKeywordForPlatform(KeywordExecutor.groovy:74)
	at com.kms.katalon.core.mobile.keyword.MobileBuiltInKeywords.verifyElementExist(MobileBuiltInKeywords.groovy:1755)
	at com.kms.katalon.core.mobile.keyword.MobileBuiltInKeywords$verifyElementExist$8.call(Unknown Source)
	at duitNow_mobileNumberFavTransaction.run(duitNow_mobileNumberFavTransaction:229)
	at com.kms.katalon.core.main.ScriptEngine.run(ScriptEngine.java:194)
	at com.kms.katalon.core.main.ScriptEngine.runScriptAsRawText(ScriptEngine.java:119)
	at com.kms.katalon.core.main.TestCaseExecutor.runScript(TestCaseExecutor.java:445)
	at com.kms.katalon.core.main.TestCaseExecutor.doExecute(TestCaseExecutor.java:436)
	at com.kms.katalon.core.main.TestCaseExecutor.processExecutionPhase(TestCaseExecutor.java:415)
	at com.kms.katalon.core.main.TestCaseExecutor.accessMainPhase(TestCaseExecutor.java:407)
	at com.kms.katalon.core.main.TestCaseExecutor.execute(TestCaseExecutor.java:284)
	at com.kms.katalon.core.common.CommonExecutor.accessTestCaseMainPhase(CommonExecutor.java:65)
	at com.kms.katalon.core.main.TestSuiteExecutor.accessTestSuiteMainPhase(TestSuiteExecutor.java:144)
	at com.kms.katalon.core.main.TestSuiteExecutor.execute(TestSuiteExecutor.java:106)
	at com.kms.katalon.core.main.TestCaseMain.startTestSuite(TestCaseMain.java:185)
	at com.kms.katalon.core.main.TestCaseMain$startTestSuite$0.call(Unknown Source)
	at TempTestSuite1655794262003.run(TempTestSuite1655794262003.groovy:36)
)

2022-06-21 15:47:16 - [TEST_STEP][FAILED] - verifyElementText(findTestObject("Duit Now/duitNowConfirmationIDTypeTxt", ["proxy":proxy]), proxy): Verify element text of test object 'Object Repository/Duit Now/duitNowConfirmationIDTypeTxt' FAILED. (Root cause: org.openqa.selenium.WebDriverException: An unknown server-side error occurred while processing the command. Original error: 'GET /window/current/size' cannot be proxied to UiAutomator2 server because the instrumentation process is not running (probably crashed). Check the server log and/or the logcat output for more details
Build info: version: '3.141.59', revision: 'e82be7d358', time: '2018-11-14T08:25:53'
System info: host: '00139272s-MacBook-Pro.local', ip: '2001:e68:6167:4601:85f6:f1eb:65d1:8553%en0', os.name: 'Mac OS X', os.arch: 'x86_64', os.version: '10.16', java.version: '1.8.0_275'
Driver info: com.kms.katalon.core.appium.driver.SwipeableAndroidDriver
Capabilities {app: /Users/a00139272/Katalon St..., appActivity: com.maybank2u.life.MainActi..., appPackage: com.maybank2u.life.sit, appWaitActivity: *, autoGrantPermissions: true, automationName: uiautomator2, chromedriverPort: 58888, databaseEnabled: false, desired: {app: /Users/a00139272/Katalon St..., appActivity: com.maybank2u.life.MainActi..., appPackage: com.maybank2u.life.sit, appWaitActivity: *, autoGrantPermissions: true, automationName: uiautomator2, chromedriverPort: 58888, deviceId: 002b9cc60508, deviceName: Xiaomi 21061119AG (Android 11), fullReset: false, newCommandTimeout: 1800, noReset: true, platform: ANDROID, platformName: android, platformVersion: 11, systemPort: 58886, udid: 002b9cc60508}, deviceApiLevel: 30, deviceId: 002b9cc60508, deviceManufacturer: Xiaomi, deviceModel: 21061119AG, deviceName: 002b9cc60508, deviceScreenDensity: 440, deviceScreenSize: 1080x2400, deviceUDID: 002b9cc60508, fullReset: false, javascriptEnabled: true, locationContextEnabled: false, networkConnectionEnabled: true, newCommandTimeout: 1800, noReset: true, pixelRatio: 2.75, platform: ANDROID, platformName: Android, platformVersion: 11, statBarHeight: 103, systemPort: 58886, takesScreenshot: true, udid: 002b9cc60508, viewportRect: {height: 2064, left: 0, top: 103, width: 1080}, warnings: {}, webStorageEnabled: false}
Session ID: 5fc04fe1-5498-4b3a-814a-182076c98f18
	at org.openqa.selenium.remote.http.W3CHttpResponseCodec.createException(W3CHttpResponseCodec.java:187)
	at org.openqa.selenium.remote.http.W3CHttpResponseCodec.decode(W3CHttpResponseCodec.java:122)
	at org.openqa.selenium.remote.http.W3CHttpResponseCodec.decode(W3CHttpResponseCodec.java:49)
	at org.openqa.selenium.remote.HttpCommandExecutor.execute(HttpCommandExecutor.java:158)
	at io.appium.java_client.remote.AppiumCommandExecutor.execute(AppiumCommandExecutor.java:239)
	at org.openqa.selenium.remote.RemoteWebDriver.execute(RemoteWebDriver.java:552)
	at io.appium.java_client.DefaultGenericMobileDriver.execute(DefaultGenericMobileDriver.java:46)
	at io.appium.java_client.AppiumDriver.execute(AppiumDriver.java:1)
	at io.appium.java_client.android.AndroidDriver.execute(AndroidDriver.java:1)
	at com.kms.katalon.core.appium.driver.SwipeableAndroidDriver.execute(SwipeableAndroidDriver.java:1)
	at org.openqa.selenium.remote.RemoteWebDriver$RemoteWebDriverOptions$RemoteWindow.getSize(RemoteWebDriver.java:813)
	at org.openqa.selenium.WebDriver$Window$getSize.call(Unknown Source)
	at com.kms.katalon.core.mobile.keyword.internal.MobileAbstractKeyword.findElement(MobileAbstractKeyword.groovy:81)
	at com.kms.katalon.core.mobile.keyword.builtin.VerifyElementTextKeyword.access$1(VerifyElementTextKeyword.groovy)
	at com.kms.katalon.core.mobile.keyword.builtin.VerifyElementTextKeyword$_verifyElementText_closure1.doCall(VerifyElementTextKeyword.groovy:47)
	at com.kms.katalon.core.mobile.keyword.builtin.VerifyElementTextKeyword$_verifyElementText_closure1.call(VerifyElementTextKeyword.groovy)
	at com.kms.katalon.core.mobile.keyword.internal.MobileKeywordMain.runKeyword(MobileKeywordMain.groovy:21)
	at com.kms.katalon.core.mobile.keyword.builtin.VerifyElementTextKeyword.verifyElementText(VerifyElementTextKeyword.groovy:62)
	at com.kms.katalon.core.mobile.keyword.builtin.VerifyElementTextKeyword.execute(VerifyElementTextKeyword.groovy:39)
	at com.kms.katalon.core.keyword.internal.KeywordExecutor.executeKeywordForPlatform(KeywordExecutor.groovy:74)
	at com.kms.katalon.core.mobile.keyword.MobileBuiltInKeywords.verifyElementText(MobileBuiltInKeywords.groovy:2901)
	at com.kms.katalon.core.mobile.keyword.MobileBuiltInKeywords$verifyElementText$9.call(Unknown Source)
	at duitNow_mobileNumberFavTransaction.run(duitNow_mobileNumberFavTransaction:231)
	at com.kms.katalon.core.main.ScriptEngine.run(ScriptEngine.java:194)
	at com.kms.katalon.core.main.ScriptEngine.runScriptAsRawText(ScriptEngine.java:119)
	at com.kms.katalon.core.main.TestCaseExecutor.runScript(TestCaseExecutor.java:445)
	at com.kms.katalon.core.main.TestCaseExecutor.doExecute(TestCaseExecutor.java:436)
	at com.kms.katalon.core.main.TestCaseExecutor.processExecutionPhase(TestCaseExecutor.java:415)
	at com.kms.katalon.core.main.TestCaseExecutor.accessMainPhase(TestCaseExecutor.java:407)
	at com.kms.katalon.core.main.TestCaseExecutor.execute(TestCaseExecutor.java:284)
	at com.kms.katalon.core.common.CommonExecutor.accessTestCaseMainPhase(CommonExecutor.java:65)
	at com.kms.katalon.core.main.TestSuiteExecutor.accessTestSuiteMainPhase(TestSuiteExecutor.java:144)
	at com.kms.katalon.core.main.TestSuiteExecutor.execute(TestSuiteExecutor.java:106)
	at com.kms.katalon.core.main.TestCaseMain.startTestSuite(TestCaseMain.java:185)
	at com.kms.katalon.core.main.TestCaseMain$startTestSuite$0.call(Unknown Source)
	at TempTestSuite1655794262003.run(TempTestSuite1655794262003.groovy:36)
)

2022-06-21 15:47:16 - [MESSAGE][FAILED] - Verify element text of test object 'Object Repository/Duit Now/duitNowConfirmationIDTypeTxt' FAILED. (Root cause: org.openqa.selenium.WebDriverException: An unknown server-side error occurred while processing the command. Original error: 'GET /window/current/size' cannot be proxied to UiAutomator2 server because the instrumentation process is not running (probably crashed). Check the server log and/or the logcat output for more details
Build info: version: '3.141.59', revision: 'e82be7d358', time: '2018-11-14T08:25:53'
System info: host: '00139272s-MacBook-Pro.local', ip: '2001:e68:6167:4601:85f6:f1eb:65d1:8553%en0', os.name: 'Mac OS X', os.arch: 'x86_64', os.version: '10.16', java.version: '1.8.0_275'
Driver info: com.kms.katalon.core.appium.driver.SwipeableAndroidDriver
Capabilities {app: /Users/a00139272/Katalon St..., appActivity: com.maybank2u.life.MainActi..., appPackage: com.maybank2u.life.sit, appWaitActivity: *, autoGrantPermissions: true, automationName: uiautomator2, chromedriverPort: 58888, databaseEnabled: false, desired: {app: /Users/a00139272/Katalon St..., appActivity: com.maybank2u.life.MainActi..., appPackage: com.maybank2u.life.sit, appWaitActivity: *, autoGrantPermissions: true, automationName: uiautomator2, chromedriverPort: 58888, deviceId: 002b9cc60508, deviceName: Xiaomi 21061119AG (Android 11), fullReset: false, newCommandTimeout: 1800, noReset: true, platform: ANDROID, platformName: android, platformVersion: 11, systemPort: 58886, udid: 002b9cc60508}, deviceApiLevel: 30, deviceId: 002b9cc60508, deviceManufacturer: Xiaomi, deviceModel: 21061119AG, deviceName: 002b9cc60508, deviceScreenDensity: 440, deviceScreenSize: 1080x2400, deviceUDID: 002b9cc60508, fullReset: false, javascriptEnabled: true, locationContextEnabled: false, networkConnectionEnabled: true, newCommandTimeout: 1800, noReset: true, pixelRatio: 2.75, platform: ANDROID, platformName: Android, platformVersion: 11, statBarHeight: 103, systemPort: 58886, takesScreenshot: true, udid: 002b9cc60508, viewportRect: {height: 2064, left: 0, top: 103, width: 1080}, warnings: {}, webStorageEnabled: false}
Session ID: 5fc04fe1-5498-4b3a-814a-182076c98f18
	at org.openqa.selenium.remote.http.W3CHttpResponseCodec.createException(W3CHttpResponseCodec.java:187)
	at org.openqa.selenium.remote.http.W3CHttpResponseCodec.decode(W3CHttpResponseCodec.java:122)
	at org.openqa.selenium.remote.http.W3CHttpResponseCodec.decode(W3CHttpResponseCodec.java:49)
	at org.openqa.selenium.remote.HttpCommandExecutor.execute(HttpCommandExecutor.java:158)
	at io.appium.java_client.remote.AppiumCommandExecutor.execute(AppiumCommandExecutor.java:239)
	at org.openqa.selenium.remote.RemoteWebDriver.execute(RemoteWebDriver.java:552)
	at io.appium.java_client.DefaultGenericMobileDriver.execute(DefaultGenericMobileDriver.java:46)
	at io.appium.java_client.AppiumDriver.execute(AppiumDriver.java:1)
	at io.appium.java_client.android.AndroidDriver.execute(AndroidDriver.java:1)
	at com.kms.katalon.core.appium.driver.SwipeableAndroidDriver.execute(SwipeableAndroidDriver.java:1)
	at org.openqa.selenium.remote.RemoteWebDriver$RemoteWebDriverOptions$RemoteWindow.getSize(RemoteWebDriver.java:813)
	at org.openqa.selenium.WebDriver$Window$getSize.call(Unknown Source)
	at com.kms.katalon.core.mobile.keyword.internal.MobileAbstractKeyword.findElement(MobileAbstractKeyword.groovy:81)
	at com.kms.katalon.core.mobile.keyword.builtin.VerifyElementTextKeyword.access$1(VerifyElementTextKeyword.groovy)
	at com.kms.katalon.core.mobile.keyword.builtin.VerifyElementTextKeyword$_verifyElementText_closure1.doCall(VerifyElementTextKeyword.groovy:47)
	at com.kms.katalon.core.mobile.keyword.builtin.VerifyElementTextKeyword$_verifyElementText_closure1.call(VerifyElementTextKeyword.groovy)
	at com.kms.katalon.core.mobile.keyword.internal.MobileKeywordMain.runKeyword(MobileKeywordMain.groovy:21)
	at com.kms.katalon.core.mobile.keyword.builtin.VerifyElementTextKeyword.verifyElementText(VerifyElementTextKeyword.groovy:62)
	at com.kms.katalon.core.mobile.keyword.builtin.VerifyElementTextKeyword.execute(VerifyElementTextKeyword.groovy:39)
	at com.kms.katalon.core.keyword.internal.KeywordExecutor.executeKeywordForPlatform(KeywordExecutor.groovy:74)
	at com.kms.katalon.core.mobile.keyword.MobileBuiltInKeywords.verifyElementText(MobileBuiltInKeywords.groovy:2901)
	at com.kms.katalon.core.mobile.keyword.MobileBuiltInKeywords$verifyElementText$9.call(Unknown Source)
	at duitNow_mobileNumberFavTransaction.run(duitNow_mobileNumberFavTransaction:231)
	at com.kms.katalon.core.main.ScriptEngine.run(ScriptEngine.java:194)
	at com.kms.katalon.core.main.ScriptEngine.runScriptAsRawText(ScriptEngine.java:119)
	at com.kms.katalon.core.main.TestCaseExecutor.runScript(TestCaseExecutor.java:445)
	at com.kms.katalon.core.main.TestCaseExecutor.doExecute(TestCaseExecutor.java:436)
	at com.kms.katalon.core.main.TestCaseExecutor.processExecutionPhase(TestCaseExecutor.java:415)
	at com.kms.katalon.core.main.TestCaseExecutor.accessMainPhase(TestCaseExecutor.java:407)
	at com.kms.katalon.core.main.TestCaseExecutor.execute(TestCaseExecutor.java:284)
	at com.kms.katalon.core.common.CommonExecutor.accessTestCaseMainPhase(CommonExecutor.java:65)
	at com.kms.katalon.core.main.TestSuiteExecutor.accessTestSuiteMainPhase(TestSuiteExecutor.java:144)
	at com.kms.katalon.core.main.TestSuiteExecutor.execute(TestSuiteExecutor.java:106)
	at com.kms.katalon.core.main.TestCaseMain.startTestSuite(TestCaseMain.java:185)
	at com.kms.katalon.core.main.TestCaseMain$startTestSuite$0.call(Unknown Source)
	at TempTestSuite1655794262003.run(TempTestSuite1655794262003.groovy:36)
)

2022-06-21 15:47:16 - [TEST_STEP][FAILED] - verifyElementText(findTestObject("Duit Now/duitNowConfirmationReceiveDateTxt"), "Today"): Verify element text of test object 'Object Repository/Duit Now/duitNowConfirmationReceiveDateTxt' FAILED. (Root cause: org.openqa.selenium.WebDriverException: An unknown server-side error occurred while processing the command. Original error: 'GET /window/current/size' cannot be proxied to UiAutomator2 server because the instrumentation process is not running (probably crashed). Check the server log and/or the logcat output for more details
Build info: version: '3.141.59', revision: 'e82be7d358', time: '2018-11-14T08:25:53'
System info: host: '00139272s-MacBook-Pro.local', ip: '2001:e68:6167:4601:85f6:f1eb:65d1:8553%en0', os.name: 'Mac OS X', os.arch: 'x86_64', os.version: '10.16', java.version: '1.8.0_275'
Driver info: com.kms.katalon.core.appium.driver.SwipeableAndroidDriver
Capabilities {app: /Users/a00139272/Katalon St..., appActivity: com.maybank2u.life.MainActi..., appPackage: com.maybank2u.life.sit, appWaitActivity: *, autoGrantPermissions: true, automationName: uiautomator2, chromedriverPort: 58888, databaseEnabled: false, desired: {app: /Users/a00139272/Katalon St..., appActivity: com.maybank2u.life.MainActi..., appPackage: com.maybank2u.life.sit, appWaitActivity: *, autoGrantPermissions: true, automationName: uiautomator2, chromedriverPort: 58888, deviceId: 002b9cc60508, deviceName: Xiaomi 21061119AG (Android 11), fullReset: false, newCommandTimeout: 1800, noReset: true, platform: ANDROID, platformName: android, platformVersion: 11, systemPort: 58886, udid: 002b9cc60508}, deviceApiLevel: 30, deviceId: 002b9cc60508, deviceManufacturer: Xiaomi, deviceModel: 21061119AG, deviceName: 002b9cc60508, deviceScreenDensity: 440, deviceScreenSize: 1080x2400, deviceUDID: 002b9cc60508, fullReset: false, javascriptEnabled: true, locationContextEnabled: false, networkConnectionEnabled: true, newCommandTimeout: 1800, noReset: true, pixelRatio: 2.75, platform: ANDROID, platformName: Android, platformVersion: 11, statBarHeight: 103, systemPort: 58886, takesScreenshot: true, udid: 002b9cc60508, viewportRect: {height: 2064, left: 0, top: 103, width: 1080}, warnings: {}, webStorageEnabled: false}
Session ID: 5fc04fe1-5498-4b3a-814a-182076c98f18
	at org.openqa.selenium.remote.http.W3CHttpResponseCodec.createException(W3CHttpResponseCodec.java:187)
	at org.openqa.selenium.remote.http.W3CHttpResponseCodec.decode(W3CHttpResponseCodec.java:122)
	at org.openqa.selenium.remote.http.W3CHttpResponseCodec.decode(W3CHttpResponseCodec.java:49)
	at org.openqa.selenium.remote.HttpCommandExecutor.execute(HttpCommandExecutor.java:158)
	at io.appium.java_client.remote.AppiumCommandExecutor.execute(AppiumCommandExecutor.java:239)
	at org.openqa.selenium.remote.RemoteWebDriver.execute(RemoteWebDriver.java:552)
	at io.appium.java_client.DefaultGenericMobileDriver.execute(DefaultGenericMobileDriver.java:46)
	at io.appium.java_client.AppiumDriver.execute(AppiumDriver.java:1)
	at io.appium.java_client.android.AndroidDriver.execute(AndroidDriver.java:1)
	at com.kms.katalon.core.appium.driver.SwipeableAndroidDriver.execute(SwipeableAndroidDriver.java:1)
	at org.openqa.selenium.remote.RemoteWebDriver$RemoteWebDriverOptions$RemoteWindow.getSize(RemoteWebDriver.java:813)
	at org.openqa.selenium.WebDriver$Window$getSize.call(Unknown Source)
	at com.kms.katalon.core.mobile.keyword.internal.MobileAbstractKeyword.findElement(MobileAbstractKeyword.groovy:81)
	at com.kms.katalon.core.mobile.keyword.builtin.VerifyElementTextKeyword.access$1(VerifyElementTextKeyword.groovy)
	at com.kms.katalon.core.mobile.keyword.builtin.VerifyElementTextKeyword$_verifyElementText_closure1.doCall(VerifyElementTextKeyword.groovy:47)
	at com.kms.katalon.core.mobile.keyword.builtin.VerifyElementTextKeyword$_verifyElementText_closure1.call(VerifyElementTextKeyword.groovy)
	at com.kms.katalon.core.mobile.keyword.internal.MobileKeywordMain.runKeyword(MobileKeywordMain.groovy:21)
	at com.kms.katalon.core.mobile.keyword.builtin.VerifyElementTextKeyword.verifyElementText(VerifyElementTextKeyword.groovy:62)
	at com.kms.katalon.core.mobile.keyword.builtin.VerifyElementTextKeyword.execute(VerifyElementTextKeyword.groovy:39)
	at com.kms.katalon.core.keyword.internal.KeywordExecutor.executeKeywordForPlatform(KeywordExecutor.groovy:74)
	at com.kms.katalon.core.mobile.keyword.MobileBuiltInKeywords.verifyElementText(MobileBuiltInKeywords.groovy:2901)
	at com.kms.katalon.core.mobile.keyword.MobileBuiltInKeywords$verifyElementText$9.call(Unknown Source)
	at duitNow_mobileNumberFavTransaction.run(duitNow_mobileNumberFavTransaction:233)
	at com.kms.katalon.core.main.ScriptEngine.run(ScriptEngine.java:194)
	at com.kms.katalon.core.main.ScriptEngine.runScriptAsRawText(ScriptEngine.java:119)
	at com.kms.katalon.core.main.TestCaseExecutor.runScript(TestCaseExecutor.java:445)
	at com.kms.katalon.core.main.TestCaseExecutor.doExecute(TestCaseExecutor.java:436)
	at com.kms.katalon.core.main.TestCaseExecutor.processExecutionPhase(TestCaseExecutor.java:415)
	at com.kms.katalon.core.main.TestCaseExecutor.accessMainPhase(TestCaseExecutor.java:407)
	at com.kms.katalon.core.main.TestCaseExecutor.execute(TestCaseExecutor.java:284)
	at com.kms.katalon.core.common.CommonExecutor.accessTestCaseMainPhase(CommonExecutor.java:65)
	at com.kms.katalon.core.main.TestSuiteExecutor.accessTestSuiteMainPhase(TestSuiteExecutor.java:144)
	at com.kms.katalon.core.main.TestSuiteExecutor.execute(TestSuiteExecutor.java:106)
	at com.kms.katalon.core.main.TestCaseMain.startTestSuite(TestCaseMain.java:185)
	at com.kms.katalon.core.main.TestCaseMain$startTestSuite$0.call(Unknown Source)
	at TempTestSuite1655794262003.run(TempTestSuite1655794262003.groovy:36)
)

2022-06-21 15:47:16 - [MESSAGE][FAILED] - Verify element text of test object 'Object Repository/Duit Now/duitNowConfirmationReceiveDateTxt' FAILED. (Root cause: org.openqa.selenium.WebDriverException: An unknown server-side error occurred while processing the command. Original error: 'GET /window/current/size' cannot be proxied to UiAutomator2 server because the instrumentation process is not running (probably crashed). Check the server log and/or the logcat output for more details
Build info: version: '3.141.59', revision: 'e82be7d358', time: '2018-11-14T08:25:53'
System info: host: '00139272s-MacBook-Pro.local', ip: '2001:e68:6167:4601:85f6:f1eb:65d1:8553%en0', os.name: 'Mac OS X', os.arch: 'x86_64', os.version: '10.16', java.version: '1.8.0_275'
Driver info: com.kms.katalon.core.appium.driver.SwipeableAndroidDriver
Capabilities {app: /Users/a00139272/Katalon St..., appActivity: com.maybank2u.life.MainActi..., appPackage: com.maybank2u.life.sit, appWaitActivity: *, autoGrantPermissions: true, automationName: uiautomator2, chromedriverPort: 58888, databaseEnabled: false, desired: {app: /Users/a00139272/Katalon St..., appActivity: com.maybank2u.life.MainActi..., appPackage: com.maybank2u.life.sit, appWaitActivity: *, autoGrantPermissions: true, automationName: uiautomator2, chromedriverPort: 58888, deviceId: 002b9cc60508, deviceName: Xiaomi 21061119AG (Android 11), fullReset: false, newCommandTimeout: 1800, noReset: true, platform: ANDROID, platformName: android, platformVersion: 11, systemPort: 58886, udid: 002b9cc60508}, deviceApiLevel: 30, deviceId: 002b9cc60508, deviceManufacturer: Xiaomi, deviceModel: 21061119AG, deviceName: 002b9cc60508, deviceScreenDensity: 440, deviceScreenSize: 1080x2400, deviceUDID: 002b9cc60508, fullReset: false, javascriptEnabled: true, locationContextEnabled: false, networkConnectionEnabled: true, newCommandTimeout: 1800, noReset: true, pixelRatio: 2.75, platform: ANDROID, platformName: Android, platformVersion: 11, statBarHeight: 103, systemPort: 58886, takesScreenshot: true, udid: 002b9cc60508, viewportRect: {height: 2064, left: 0, top: 103, width: 1080}, warnings: {}, webStorageEnabled: false}
Session ID: 5fc04fe1-5498-4b3a-814a-182076c98f18
	at org.openqa.selenium.remote.http.W3CHttpResponseCodec.createException(W3CHttpResponseCodec.java:187)
	at org.openqa.selenium.remote.http.W3CHttpResponseCodec.decode(W3CHttpResponseCodec.java:122)
	at org.openqa.selenium.remote.http.W3CHttpResponseCodec.decode(W3CHttpResponseCodec.java:49)
	at org.openqa.selenium.remote.HttpCommandExecutor.execute(HttpCommandExecutor.java:158)
	at io.appium.java_client.remote.AppiumCommandExecutor.execute(AppiumCommandExecutor.java:239)
	at org.openqa.selenium.remote.RemoteWebDriver.execute(RemoteWebDriver.java:552)
	at io.appium.java_client.DefaultGenericMobileDriver.execute(DefaultGenericMobileDriver.java:46)
	at io.appium.java_client.AppiumDriver.execute(AppiumDriver.java:1)
	at io.appium.java_client.android.AndroidDriver.execute(AndroidDriver.java:1)
	at com.kms.katalon.core.appium.driver.SwipeableAndroidDriver.execute(SwipeableAndroidDriver.java:1)
	at org.openqa.selenium.remote.RemoteWebDriver$RemoteWebDriverOptions$RemoteWindow.getSize(RemoteWebDriver.java:813)
	at org.openqa.selenium.WebDriver$Window$getSize.call(Unknown Source)
	at com.kms.katalon.core.mobile.keyword.internal.MobileAbstractKeyword.findElement(MobileAbstractKeyword.groovy:81)
	at com.kms.katalon.core.mobile.keyword.builtin.VerifyElementTextKeyword.access$1(VerifyElementTextKeyword.groovy)
	at com.kms.katalon.core.mobile.keyword.builtin.VerifyElementTextKeyword$_verifyElementText_closure1.doCall(VerifyElementTextKeyword.groovy:47)
	at com.kms.katalon.core.mobile.keyword.builtin.VerifyElementTextKeyword$_verifyElementText_closure1.call(VerifyElementTextKeyword.groovy)
	at com.kms.katalon.core.mobile.keyword.internal.MobileKeywordMain.runKeyword(MobileKeywordMain.groovy:21)
	at com.kms.katalon.core.mobile.keyword.builtin.VerifyElementTextKeyword.verifyElementText(VerifyElementTextKeyword.groovy:62)
	at com.kms.katalon.core.mobile.keyword.builtin.VerifyElementTextKeyword.execute(VerifyElementTextKeyword.groovy:39)
	at com.kms.katalon.core.keyword.internal.KeywordExecutor.executeKeywordForPlatform(KeywordExecutor.groovy:74)
	at com.kms.katalon.core.mobile.keyword.MobileBuiltInKeywords.verifyElementText(MobileBuiltInKeywords.groovy:2901)
	at com.kms.katalon.core.mobile.keyword.MobileBuiltInKeywords$verifyElementText$9.call(Unknown Source)
	at duitNow_mobileNumberFavTransaction.run(duitNow_mobileNumberFavTransaction:233)
	at com.kms.katalon.core.main.ScriptEngine.run(ScriptEngine.java:194)
	at com.kms.katalon.core.main.ScriptEngine.runScriptAsRawText(ScriptEngine.java:119)
	at com.kms.katalon.core.main.TestCaseExecutor.runScript(TestCaseExecutor.java:445)
	at com.kms.katalon.core.main.TestCaseExecutor.doExecute(TestCaseExecutor.java:436)
	at com.kms.katalon.core.main.TestCaseExecutor.processExecutionPhase(TestCaseExecutor.java:415)
	at com.kms.katalon.core.main.TestCaseExecutor.accessMainPhase(TestCaseExecutor.java:407)
	at com.kms.katalon.core.main.TestCaseExecutor.execute(TestCaseExecutor.java:284)
	at com.kms.katalon.core.common.CommonExecutor.accessTestCaseMainPhase(CommonExecutor.java:65)
	at com.kms.katalon.core.main.TestSuiteExecutor.accessTestSuiteMainPhase(TestSuiteExecutor.java:144)
	at com.kms.katalon.core.main.TestSuiteExecutor.execute(TestSuiteExecutor.java:106)
	at com.kms.katalon.core.main.TestCaseMain.startTestSuite(TestCaseMain.java:185)
	at com.kms.katalon.core.main.TestCaseMain$startTestSuite$0.call(Unknown Source)
	at TempTestSuite1655794262003.run(TempTestSuite1655794262003.groovy:36)
)

2022-06-21 15:47:16 - [TEST_STEP][FAILED] - verifyElementText(findTestObject("Duit Now/duitNowConfirmationReferenceTxt", ["reference":reference]), reference): Verify element text of test object 'Object Repository/Duit Now/duitNowConfirmationReferenceTxt' FAILED. (Root cause: org.openqa.selenium.WebDriverException: An unknown server-side error occurred while processing the command. Original error: 'GET /window/current/size' cannot be proxied to UiAutomator2 server because the instrumentation process is not running (probably crashed). Check the server log and/or the logcat output for more details
Build info: version: '3.141.59', revision: 'e82be7d358', time: '2018-11-14T08:25:53'
System info: host: '00139272s-MacBook-Pro.local', ip: '2001:e68:6167:4601:85f6:f1eb:65d1:8553%en0', os.name: 'Mac OS X', os.arch: 'x86_64', os.version: '10.16', java.version: '1.8.0_275'
Driver info: com.kms.katalon.core.appium.driver.SwipeableAndroidDriver
Capabilities {app: /Users/a00139272/Katalon St..., appActivity: com.maybank2u.life.MainActi..., appPackage: com.maybank2u.life.sit, appWaitActivity: *, autoGrantPermissions: true, automationName: uiautomator2, chromedriverPort: 58888, databaseEnabled: false, desired: {app: /Users/a00139272/Katalon St..., appActivity: com.maybank2u.life.MainActi..., appPackage: com.maybank2u.life.sit, appWaitActivity: *, autoGrantPermissions: true, automationName: uiautomator2, chromedriverPort: 58888, deviceId: 002b9cc60508, deviceName: Xiaomi 21061119AG (Android 11), fullReset: false, newCommandTimeout: 1800, noReset: true, platform: ANDROID, platformName: android, platformVersion: 11, systemPort: 58886, udid: 002b9cc60508}, deviceApiLevel: 30, deviceId: 002b9cc60508, deviceManufacturer: Xiaomi, deviceModel: 21061119AG, deviceName: 002b9cc60508, deviceScreenDensity: 440, deviceScreenSize: 1080x2400, deviceUDID: 002b9cc60508, fullReset: false, javascriptEnabled: true, locationContextEnabled: false, networkConnectionEnabled: true, newCommandTimeout: 1800, noReset: true, pixelRatio: 2.75, platform: ANDROID, platformName: Android, platformVersion: 11, statBarHeight: 103, systemPort: 58886, takesScreenshot: true, udid: 002b9cc60508, viewportRect: {height: 2064, left: 0, top: 103, width: 1080}, warnings: {}, webStorageEnabled: false}
Session ID: 5fc04fe1-5498-4b3a-814a-182076c98f18
	at org.openqa.selenium.remote.http.W3CHttpResponseCodec.createException(W3CHttpResponseCodec.java:187)
	at org.openqa.selenium.remote.http.W3CHttpResponseCodec.decode(W3CHttpResponseCodec.java:122)
	at org.openqa.selenium.remote.http.W3CHttpResponseCodec.decode(W3CHttpResponseCodec.java:49)
	at org.openqa.selenium.remote.HttpCommandExecutor.execute(HttpCommandExecutor.java:158)
	at io.appium.java_client.remote.AppiumCommandExecutor.execute(AppiumCommandExecutor.java:239)
	at org.openqa.selenium.remote.RemoteWebDriver.execute(RemoteWebDriver.java:552)
	at io.appium.java_client.DefaultGenericMobileDriver.execute(DefaultGenericMobileDriver.java:46)
	at io.appium.java_client.AppiumDriver.execute(AppiumDriver.java:1)
	at io.appium.java_client.android.AndroidDriver.execute(AndroidDriver.java:1)
	at com.kms.katalon.core.appium.driver.SwipeableAndroidDriver.execute(SwipeableAndroidDriver.java:1)
	at org.openqa.selenium.remote.RemoteWebDriver$RemoteWebDriverOptions$RemoteWindow.getSize(RemoteWebDriver.java:813)
	at org.openqa.selenium.WebDriver$Window$getSize.call(Unknown Source)
	at com.kms.katalon.core.mobile.keyword.internal.MobileAbstractKeyword.findElement(MobileAbstractKeyword.groovy:81)
	at com.kms.katalon.core.mobile.keyword.builtin.VerifyElementTextKeyword.access$1(VerifyElementTextKeyword.groovy)
	at com.kms.katalon.core.mobile.keyword.builtin.VerifyElementTextKeyword$_verifyElementText_closure1.doCall(VerifyElementTextKeyword.groovy:47)
	at com.kms.katalon.core.mobile.keyword.builtin.VerifyElementTextKeyword$_verifyElementText_closure1.call(VerifyElementTextKeyword.groovy)
	at com.kms.katalon.core.mobile.keyword.internal.MobileKeywordMain.runKeyword(MobileKeywordMain.groovy:21)
	at com.kms.katalon.core.mobile.keyword.builtin.VerifyElementTextKeyword.verifyElementText(VerifyElementTextKeyword.groovy:62)
	at com.kms.katalon.core.mobile.keyword.builtin.VerifyElementTextKeyword.execute(VerifyElementTextKeyword.groovy:39)
	at com.kms.katalon.core.keyword.internal.KeywordExecutor.executeKeywordForPlatform(KeywordExecutor.groovy:74)
	at com.kms.katalon.core.mobile.keyword.MobileBuiltInKeywords.verifyElementText(MobileBuiltInKeywords.groovy:2901)
	at com.kms.katalon.core.mobile.keyword.MobileBuiltInKeywords$verifyElementText$9.call(Unknown Source)
	at duitNow_mobileNumberFavTransaction.run(duitNow_mobileNumberFavTransaction:235)
	at com.kms.katalon.core.main.ScriptEngine.run(ScriptEngine.java:194)
	at com.kms.katalon.core.main.ScriptEngine.runScriptAsRawText(ScriptEngine.java:119)
	at com.kms.katalon.core.main.TestCaseExecutor.runScript(TestCaseExecutor.java:445)
	at com.kms.katalon.core.main.TestCaseExecutor.doExecute(TestCaseExecutor.java:436)
	at com.kms.katalon.core.main.TestCaseExecutor.processExecutionPhase(TestCaseExecutor.java:415)
	at com.kms.katalon.core.main.TestCaseExecutor.accessMainPhase(TestCaseExecutor.java:407)
	at com.kms.katalon.core.main.TestCaseExecutor.execute(TestCaseExecutor.java:284)
	at com.kms.katalon.core.common.CommonExecutor.accessTestCaseMainPhase(CommonExecutor.java:65)
	at com.kms.katalon.core.main.TestSuiteExecutor.accessTestSuiteMainPhase(TestSuiteExecutor.java:144)
	at com.kms.katalon.core.main.TestSuiteExecutor.execute(TestSuiteExecutor.java:106)
	at com.kms.katalon.core.main.TestCaseMain.startTestSuite(TestCaseMain.java:185)
	at com.kms.katalon.core.main.TestCaseMain$startTestSuite$0.call(Unknown Source)
	at TempTestSuite1655794262003.run(TempTestSuite1655794262003.groovy:36)
)

2022-06-21 15:47:16 - [MESSAGE][FAILED] - Verify element text of test object 'Object Repository/Duit Now/duitNowConfirmationReferenceTxt' FAILED. (Root cause: org.openqa.selenium.WebDriverException: An unknown server-side error occurred while processing the command. Original error: 'GET /window/current/size' cannot be proxied to UiAutomator2 server because the instrumentation process is not running (probably crashed). Check the server log and/or the logcat output for more details
Build info: version: '3.141.59', revision: 'e82be7d358', time: '2018-11-14T08:25:53'
System info: host: '00139272s-MacBook-Pro.local', ip: '2001:e68:6167:4601:85f6:f1eb:65d1:8553%en0', os.name: 'Mac OS X', os.arch: 'x86_64', os.version: '10.16', java.version: '1.8.0_275'
Driver info: com.kms.katalon.core.appium.driver.SwipeableAndroidDriver
Capabilities {app: /Users/a00139272/Katalon St..., appActivity: com.maybank2u.life.MainActi..., appPackage: com.maybank2u.life.sit, appWaitActivity: *, autoGrantPermissions: true, automationName: uiautomator2, chromedriverPort: 58888, databaseEnabled: false, desired: {app: /Users/a00139272/Katalon St..., appActivity: com.maybank2u.life.MainActi..., appPackage: com.maybank2u.life.sit, appWaitActivity: *, autoGrantPermissions: true, automationName: uiautomator2, chromedriverPort: 58888, deviceId: 002b9cc60508, deviceName: Xiaomi 21061119AG (Android 11), fullReset: false, newCommandTimeout: 1800, noReset: true, platform: ANDROID, platformName: android, platformVersion: 11, systemPort: 58886, udid: 002b9cc60508}, deviceApiLevel: 30, deviceId: 002b9cc60508, deviceManufacturer: Xiaomi, deviceModel: 21061119AG, deviceName: 002b9cc60508, deviceScreenDensity: 440, deviceScreenSize: 1080x2400, deviceUDID: 002b9cc60508, fullReset: false, javascriptEnabled: true, locationContextEnabled: false, networkConnectionEnabled: true, newCommandTimeout: 1800, noReset: true, pixelRatio: 2.75, platform: ANDROID, platformName: Android, platformVersion: 11, statBarHeight: 103, systemPort: 58886, takesScreenshot: true, udid: 002b9cc60508, viewportRect: {height: 2064, left: 0, top: 103, width: 1080}, warnings: {}, webStorageEnabled: false}
Session ID: 5fc04fe1-5498-4b3a-814a-182076c98f18
	at org.openqa.selenium.remote.http.W3CHttpResponseCodec.createException(W3CHttpResponseCodec.java:187)
	at org.openqa.selenium.remote.http.W3CHttpResponseCodec.decode(W3CHttpResponseCodec.java:122)
	at org.openqa.selenium.remote.http.W3CHttpResponseCodec.decode(W3CHttpResponseCodec.java:49)
	at org.openqa.selenium.remote.HttpCommandExecutor.execute(HttpCommandExecutor.java:158)
	at io.appium.java_client.remote.AppiumCommandExecutor.execute(AppiumCommandExecutor.java:239)
	at org.openqa.selenium.remote.RemoteWebDriver.execute(RemoteWebDriver.java:552)
	at io.appium.java_client.DefaultGenericMobileDriver.execute(DefaultGenericMobileDriver.java:46)
	at io.appium.java_client.AppiumDriver.execute(AppiumDriver.java:1)
	at io.appium.java_client.android.AndroidDriver.execute(AndroidDriver.java:1)
	at com.kms.katalon.core.appium.driver.SwipeableAndroidDriver.execute(SwipeableAndroidDriver.java:1)
	at org.openqa.selenium.remote.RemoteWebDriver$RemoteWebDriverOptions$RemoteWindow.getSize(RemoteWebDriver.java:813)
	at org.openqa.selenium.WebDriver$Window$getSize.call(Unknown Source)
	at com.kms.katalon.core.mobile.keyword.internal.MobileAbstractKeyword.findElement(MobileAbstractKeyword.groovy:81)
	at com.kms.katalon.core.mobile.keyword.builtin.VerifyElementTextKeyword.access$1(VerifyElementTextKeyword.groovy)
	at com.kms.katalon.core.mobile.keyword.builtin.VerifyElementTextKeyword$_verifyElementText_closure1.doCall(VerifyElementTextKeyword.groovy:47)
	at com.kms.katalon.core.mobile.keyword.builtin.VerifyElementTextKeyword$_verifyElementText_closure1.call(VerifyElementTextKeyword.groovy)
	at com.kms.katalon.core.mobile.keyword.internal.MobileKeywordMain.runKeyword(MobileKeywordMain.groovy:21)
	at com.kms.katalon.core.mobile.keyword.builtin.VerifyElementTextKeyword.verifyElementText(VerifyElementTextKeyword.groovy:62)
	at com.kms.katalon.core.mobile.keyword.builtin.VerifyElementTextKeyword.execute(VerifyElementTextKeyword.groovy:39)
	at com.kms.katalon.core.keyword.internal.KeywordExecutor.executeKeywordForPlatform(KeywordExecutor.groovy:74)
	at com.kms.katalon.core.mobile.keyword.MobileBuiltInKeywords.verifyElementText(MobileBuiltInKeywords.groovy:2901)
	at com.kms.katalon.core.mobile.keyword.MobileBuiltInKeywords$verifyElementText$9.call(Unknown Source)
	at duitNow_mobileNumberFavTransaction.run(duitNow_mobileNumberFavTransaction:235)
	at com.kms.katalon.core.main.ScriptEngine.run(ScriptEngine.java:194)
	at com.kms.katalon.core.main.ScriptEngine.runScriptAsRawText(ScriptEngine.java:119)
	at com.kms.katalon.core.main.TestCaseExecutor.runScript(TestCaseExecutor.java:445)
	at com.kms.katalon.core.main.TestCaseExecutor.doExecute(TestCaseExecutor.java:436)
	at com.kms.katalon.core.main.TestCaseExecutor.processExecutionPhase(TestCaseExecutor.java:415)
	at com.kms.katalon.core.main.TestCaseExecutor.accessMainPhase(TestCaseExecutor.java:407)
	at com.kms.katalon.core.main.TestCaseExecutor.execute(TestCaseExecutor.java:284)
	at com.kms.katalon.core.common.CommonExecutor.accessTestCaseMainPhase(CommonExecutor.java:65)
	at com.kms.katalon.core.main.TestSuiteExecutor.accessTestSuiteMainPhase(TestSuiteExecutor.java:144)
	at com.kms.katalon.core.main.TestSuiteExecutor.execute(TestSuiteExecutor.java:106)
	at com.kms.katalon.core.main.TestCaseMain.startTestSuite(TestCaseMain.java:185)
	at com.kms.katalon.core.main.TestCaseMain$startTestSuite$0.call(Unknown Source)
	at TempTestSuite1655794262003.run(TempTestSuite1655794262003.groovy:36)
)

2022-06-21 15:47:16 - [TEST_STEP][FAILED] - verifyElementText(findTestObject("Duit Now/duitNowConfirmationServiceFeeAmountTxt"), "RM 0.00"): Verify element text of test object 'Object Repository/Duit Now/duitNowConfirmationServiceFeeAmountTxt' FAILED. (Root cause: org.openqa.selenium.WebDriverException: An unknown server-side error occurred while processing the command. Original error: 'GET /window/current/size' cannot be proxied to UiAutomator2 server because the instrumentation process is not running (probably crashed). Check the server log and/or the logcat output for more details
Build info: version: '3.141.59', revision: 'e82be7d358', time: '2018-11-14T08:25:53'
System info: host: '00139272s-MacBook-Pro.local', ip: '2001:e68:6167:4601:85f6:f1eb:65d1:8553%en0', os.name: 'Mac OS X', os.arch: 'x86_64', os.version: '10.16', java.version: '1.8.0_275'
Driver info: com.kms.katalon.core.appium.driver.SwipeableAndroidDriver
Capabilities {app: /Users/a00139272/Katalon St..., appActivity: com.maybank2u.life.MainActi..., appPackage: com.maybank2u.life.sit, appWaitActivity: *, autoGrantPermissions: true, automationName: uiautomator2, chromedriverPort: 58888, databaseEnabled: false, desired: {app: /Users/a00139272/Katalon St..., appActivity: com.maybank2u.life.MainActi..., appPackage: com.maybank2u.life.sit, appWaitActivity: *, autoGrantPermissions: true, automationName: uiautomator2, chromedriverPort: 58888, deviceId: 002b9cc60508, deviceName: Xiaomi 21061119AG (Android 11), fullReset: false, newCommandTimeout: 1800, noReset: true, platform: ANDROID, platformName: android, platformVersion: 11, systemPort: 58886, udid: 002b9cc60508}, deviceApiLevel: 30, deviceId: 002b9cc60508, deviceManufacturer: Xiaomi, deviceModel: 21061119AG, deviceName: 002b9cc60508, deviceScreenDensity: 440, deviceScreenSize: 1080x2400, deviceUDID: 002b9cc60508, fullReset: false, javascriptEnabled: true, locationContextEnabled: false, networkConnectionEnabled: true, newCommandTimeout: 1800, noReset: true, pixelRatio: 2.75, platform: ANDROID, platformName: Android, platformVersion: 11, statBarHeight: 103, systemPort: 58886, takesScreenshot: true, udid: 002b9cc60508, viewportRect: {height: 2064, left: 0, top: 103, width: 1080}, warnings: {}, webStorageEnabled: false}
Session ID: 5fc04fe1-5498-4b3a-814a-182076c98f18
	at org.openqa.selenium.remote.http.W3CHttpResponseCodec.createException(W3CHttpResponseCodec.java:187)
	at org.openqa.selenium.remote.http.W3CHttpResponseCodec.decode(W3CHttpResponseCodec.java:122)
	at org.openqa.selenium.remote.http.W3CHttpResponseCodec.decode(W3CHttpResponseCodec.java:49)
	at org.openqa.selenium.remote.HttpCommandExecutor.execute(HttpCommandExecutor.java:158)
	at io.appium.java_client.remote.AppiumCommandExecutor.execute(AppiumCommandExecutor.java:239)
	at org.openqa.selenium.remote.RemoteWebDriver.execute(RemoteWebDriver.java:552)
	at io.appium.java_client.DefaultGenericMobileDriver.execute(DefaultGenericMobileDriver.java:46)
	at io.appium.java_client.AppiumDriver.execute(AppiumDriver.java:1)
	at io.appium.java_client.android.AndroidDriver.execute(AndroidDriver.java:1)
	at com.kms.katalon.core.appium.driver.SwipeableAndroidDriver.execute(SwipeableAndroidDriver.java:1)
	at org.openqa.selenium.remote.RemoteWebDriver$RemoteWebDriverOptions$RemoteWindow.getSize(RemoteWebDriver.java:813)
	at org.openqa.selenium.WebDriver$Window$getSize.call(Unknown Source)
	at com.kms.katalon.core.mobile.keyword.internal.MobileAbstractKeyword.findElement(MobileAbstractKeyword.groovy:81)
	at com.kms.katalon.core.mobile.keyword.builtin.VerifyElementTextKeyword.access$1(VerifyElementTextKeyword.groovy)
	at com.kms.katalon.core.mobile.keyword.builtin.VerifyElementTextKeyword$_verifyElementText_closure1.doCall(VerifyElementTextKeyword.groovy:47)
	at com.kms.katalon.core.mobile.keyword.builtin.VerifyElementTextKeyword$_verifyElementText_closure1.call(VerifyElementTextKeyword.groovy)
	at com.kms.katalon.core.mobile.keyword.internal.MobileKeywordMain.runKeyword(MobileKeywordMain.groovy:21)
	at com.kms.katalon.core.mobile.keyword.builtin.VerifyElementTextKeyword.verifyElementText(VerifyElementTextKeyword.groovy:62)
	at com.kms.katalon.core.mobile.keyword.builtin.VerifyElementTextKeyword.execute(VerifyElementTextKeyword.groovy:39)
	at com.kms.katalon.core.keyword.internal.KeywordExecutor.executeKeywordForPlatform(KeywordExecutor.groovy:74)
	at com.kms.katalon.core.mobile.keyword.MobileBuiltInKeywords.verifyElementText(MobileBuiltInKeywords.groovy:2901)
	at com.kms.katalon.core.mobile.keyword.MobileBuiltInKeywords$verifyElementText$9.call(Unknown Source)
	at duitNow_mobileNumberFavTransaction.run(duitNow_mobileNumberFavTransaction:237)
	at com.kms.katalon.core.main.ScriptEngine.run(ScriptEngine.java:194)
	at com.kms.katalon.core.main.ScriptEngine.runScriptAsRawText(ScriptEngine.java:119)
	at com.kms.katalon.core.main.TestCaseExecutor.runScript(TestCaseExecutor.java:445)
	at com.kms.katalon.core.main.TestCaseExecutor.doExecute(TestCaseExecutor.java:436)
	at com.kms.katalon.core.main.TestCaseExecutor.processExecutionPhase(TestCaseExecutor.java:415)
	at com.kms.katalon.core.main.TestCaseExecutor.accessMainPhase(TestCaseExecutor.java:407)
	at com.kms.katalon.core.main.TestCaseExecutor.execute(TestCaseExecutor.java:284)
	at com.kms.katalon.core.common.CommonExecutor.accessTestCaseMainPhase(CommonExecutor.java:65)
	at com.kms.katalon.core.main.TestSuiteExecutor.accessTestSuiteMainPhase(TestSuiteExecutor.java:144)
	at com.kms.katalon.core.main.TestSuiteExecutor.execute(TestSuiteExecutor.java:106)
	at com.kms.katalon.core.main.TestCaseMain.startTestSuite(TestCaseMain.java:185)
	at com.kms.katalon.core.main.TestCaseMain$startTestSuite$0.call(Unknown Source)
	at TempTestSuite1655794262003.run(TempTestSuite1655794262003.groovy:36)
)

2022-06-21 15:47:16 - [MESSAGE][FAILED] - Verify element text of test object 'Object Repository/Duit Now/duitNowConfirmationServiceFeeAmountTxt' FAILED. (Root cause: org.openqa.selenium.WebDriverException: An unknown server-side error occurred while processing the command. Original error: 'GET /window/current/size' cannot be proxied to UiAutomator2 server because the instrumentation process is not running (probably crashed). Check the server log and/or the logcat output for more details
Build info: version: '3.141.59', revision: 'e82be7d358', time: '2018-11-14T08:25:53'
System info: host: '00139272s-MacBook-Pro.local', ip: '2001:e68:6167:4601:85f6:f1eb:65d1:8553%en0', os.name: 'Mac OS X', os.arch: 'x86_64', os.version: '10.16', java.version: '1.8.0_275'
Driver info: com.kms.katalon.core.appium.driver.SwipeableAndroidDriver
Capabilities {app: /Users/a00139272/Katalon St..., appActivity: com.maybank2u.life.MainActi..., appPackage: com.maybank2u.life.sit, appWaitActivity: *, autoGrantPermissions: true, automationName: uiautomator2, chromedriverPort: 58888, databaseEnabled: false, desired: {app: /Users/a00139272/Katalon St..., appActivity: com.maybank2u.life.MainActi..., appPackage: com.maybank2u.life.sit, appWaitActivity: *, autoGrantPermissions: true, automationName: uiautomator2, chromedriverPort: 58888, deviceId: 002b9cc60508, deviceName: Xiaomi 21061119AG (Android 11), fullReset: false, newCommandTimeout: 1800, noReset: true, platform: ANDROID, platformName: android, platformVersion: 11, systemPort: 58886, udid: 002b9cc60508}, deviceApiLevel: 30, deviceId: 002b9cc60508, deviceManufacturer: Xiaomi, deviceModel: 21061119AG, deviceName: 002b9cc60508, deviceScreenDensity: 440, deviceScreenSize: 1080x2400, deviceUDID: 002b9cc60508, fullReset: false, javascriptEnabled: true, locationContextEnabled: false, networkConnectionEnabled: true, newCommandTimeout: 1800, noReset: true, pixelRatio: 2.75, platform: ANDROID, platformName: Android, platformVersion: 11, statBarHeight: 103, systemPort: 58886, takesScreenshot: true, udid: 002b9cc60508, viewportRect: {height: 2064, left: 0, top: 103, width: 1080}, warnings: {}, webStorageEnabled: false}
Session ID: 5fc04fe1-5498-4b3a-814a-182076c98f18
	at org.openqa.selenium.remote.http.W3CHttpResponseCodec.createException(W3CHttpResponseCodec.java:187)
	at org.openqa.selenium.remote.http.W3CHttpResponseCodec.decode(W3CHttpResponseCodec.java:122)
	at org.openqa.selenium.remote.http.W3CHttpResponseCodec.decode(W3CHttpResponseCodec.java:49)
	at org.openqa.selenium.remote.HttpCommandExecutor.execute(HttpCommandExecutor.java:158)
	at io.appium.java_client.remote.AppiumCommandExecutor.execute(AppiumCommandExecutor.java:239)
	at org.openqa.selenium.remote.RemoteWebDriver.execute(RemoteWebDriver.java:552)
	at io.appium.java_client.DefaultGenericMobileDriver.execute(DefaultGenericMobileDriver.java:46)
	at io.appium.java_client.AppiumDriver.execute(AppiumDriver.java:1)
	at io.appium.java_client.android.AndroidDriver.execute(AndroidDriver.java:1)
	at com.kms.katalon.core.appium.driver.SwipeableAndroidDriver.execute(SwipeableAndroidDriver.java:1)
	at org.openqa.selenium.remote.RemoteWebDriver$RemoteWebDriverOptions$RemoteWindow.getSize(RemoteWebDriver.java:813)
	at org.openqa.selenium.WebDriver$Window$getSize.call(Unknown Source)
	at com.kms.katalon.core.mobile.keyword.internal.MobileAbstractKeyword.findElement(MobileAbstractKeyword.groovy:81)
	at com.kms.katalon.core.mobile.keyword.builtin.VerifyElementTextKeyword.access$1(VerifyElementTextKeyword.groovy)
	at com.kms.katalon.core.mobile.keyword.builtin.VerifyElementTextKeyword$_verifyElementText_closure1.doCall(VerifyElementTextKeyword.groovy:47)
	at com.kms.katalon.core.mobile.keyword.builtin.VerifyElementTextKeyword$_verifyElementText_closure1.call(VerifyElementTextKeyword.groovy)
	at com.kms.katalon.core.mobile.keyword.internal.MobileKeywordMain.runKeyword(MobileKeywordMain.groovy:21)
	at com.kms.katalon.core.mobile.keyword.builtin.VerifyElementTextKeyword.verifyElementText(VerifyElementTextKeyword.groovy:62)
	at com.kms.katalon.core.mobile.keyword.builtin.VerifyElementTextKeyword.execute(VerifyElementTextKeyword.groovy:39)
	at com.kms.katalon.core.keyword.internal.KeywordExecutor.executeKeywordForPlatform(KeywordExecutor.groovy:74)
	at com.kms.katalon.core.mobile.keyword.MobileBuiltInKeywords.verifyElementText(MobileBuiltInKeywords.groovy:2901)
	at com.kms.katalon.core.mobile.keyword.MobileBuiltInKeywords$verifyElementText$9.call(Unknown Source)
	at duitNow_mobileNumberFavTransaction.run(duitNow_mobileNumberFavTransaction:237)
	at com.kms.katalon.core.main.ScriptEngine.run(ScriptEngine.java:194)
	at com.kms.katalon.core.main.ScriptEngine.runScriptAsRawText(ScriptEngine.java:119)
	at com.kms.katalon.core.main.TestCaseExecutor.runScript(TestCaseExecutor.java:445)
	at com.kms.katalon.core.main.TestCaseExecutor.doExecute(TestCaseExecutor.java:436)
	at com.kms.katalon.core.main.TestCaseExecutor.processExecutionPhase(TestCaseExecutor.java:415)
	at com.kms.katalon.core.main.TestCaseExecutor.accessMainPhase(TestCaseExecutor.java:407)
	at com.kms.katalon.core.main.TestCaseExecutor.execute(TestCaseExecutor.java:284)
	at com.kms.katalon.core.common.CommonExecutor.accessTestCaseMainPhase(CommonExecutor.java:65)
	at com.kms.katalon.core.main.TestSuiteExecutor.accessTestSuiteMainPhase(TestSuiteExecutor.java:144)
	at com.kms.katalon.core.main.TestSuiteExecutor.execute(TestSuiteExecutor.java:106)
	at com.kms.katalon.core.main.TestCaseMain.startTestSuite(TestCaseMain.java:185)
	at com.kms.katalon.core.main.TestCaseMain$startTestSuite$0.call(Unknown Source)
	at TempTestSuite1655794262003.run(TempTestSuite1655794262003.groovy:36)
)

2022-06-21 15:47:16 - [TEST_STEP][FAILED] - tap(findTestObject("Duit Now/duitNowConfirmationPaymentDetailsGreyWordTxt"), 0): Failed to tap on element 'Object Repository/Duit Now/duitNowConfirmationPaymentDetailsGreyWordTxt' (Root cause: org.openqa.selenium.WebDriverException: An unknown server-side error occurred while processing the command. Original error: 'GET /window/current/size' cannot be proxied to UiAutomator2 server because the instrumentation process is not running (probably crashed). Check the server log and/or the logcat output for more details
Build info: version: '3.141.59', revision: 'e82be7d358', time: '2018-11-14T08:25:53'
System info: host: '00139272s-MacBook-Pro.local', ip: '2001:e68:6167:4601:85f6:f1eb:65d1:8553%en0', os.name: 'Mac OS X', os.arch: 'x86_64', os.version: '10.16', java.version: '1.8.0_275'
Driver info: com.kms.katalon.core.appium.driver.SwipeableAndroidDriver
Capabilities {app: /Users/a00139272/Katalon St..., appActivity: com.maybank2u.life.MainActi..., appPackage: com.maybank2u.life.sit, appWaitActivity: *, autoGrantPermissions: true, automationName: uiautomator2, chromedriverPort: 58888, databaseEnabled: false, desired: {app: /Users/a00139272/Katalon St..., appActivity: com.maybank2u.life.MainActi..., appPackage: com.maybank2u.life.sit, appWaitActivity: *, autoGrantPermissions: true, automationName: uiautomator2, chromedriverPort: 58888, deviceId: 002b9cc60508, deviceName: Xiaomi 21061119AG (Android 11), fullReset: false, newCommandTimeout: 1800, noReset: true, platform: ANDROID, platformName: android, platformVersion: 11, systemPort: 58886, udid: 002b9cc60508}, deviceApiLevel: 30, deviceId: 002b9cc60508, deviceManufacturer: Xiaomi, deviceModel: 21061119AG, deviceName: 002b9cc60508, deviceScreenDensity: 440, deviceScreenSize: 1080x2400, deviceUDID: 002b9cc60508, fullReset: false, javascriptEnabled: true, locationContextEnabled: false, networkConnectionEnabled: true, newCommandTimeout: 1800, noReset: true, pixelRatio: 2.75, platform: ANDROID, platformName: Android, platformVersion: 11, statBarHeight: 103, systemPort: 58886, takesScreenshot: true, udid: 002b9cc60508, viewportRect: {height: 2064, left: 0, top: 103, width: 1080}, warnings: {}, webStorageEnabled: false}
Session ID: 5fc04fe1-5498-4b3a-814a-182076c98f18
	at org.openqa.selenium.remote.http.W3CHttpResponseCodec.createException(W3CHttpResponseCodec.java:187)
	at org.openqa.selenium.remote.http.W3CHttpResponseCodec.decode(W3CHttpResponseCodec.java:122)
	at org.openqa.selenium.remote.http.W3CHttpResponseCodec.decode(W3CHttpResponseCodec.java:49)
	at org.openqa.selenium.remote.HttpCommandExecutor.execute(HttpCommandExecutor.java:158)
	at io.appium.java_client.remote.AppiumCommandExecutor.execute(AppiumCommandExecutor.java:239)
	at org.openqa.selenium.remote.RemoteWebDriver.execute(RemoteWebDriver.java:552)
	at io.appium.java_client.DefaultGenericMobileDriver.execute(DefaultGenericMobileDriver.java:46)
	at io.appium.java_client.AppiumDriver.execute(AppiumDriver.java:1)
	at io.appium.java_client.android.AndroidDriver.execute(AndroidDriver.java:1)
	at com.kms.katalon.core.appium.driver.SwipeableAndroidDriver.execute(SwipeableAndroidDriver.java:1)
	at org.openqa.selenium.remote.RemoteWebDriver$RemoteWebDriverOptions$RemoteWindow.getSize(RemoteWebDriver.java:813)
	at org.openqa.selenium.WebDriver$Window$getSize.call(Unknown Source)
	at com.kms.katalon.core.mobile.keyword.internal.MobileAbstractKeyword.findElement(MobileAbstractKeyword.groovy:81)
	at com.kms.katalon.core.mobile.keyword.builtin.TapKeyword.access$1(TapKeyword.groovy)
	at com.kms.katalon.core.mobile.keyword.builtin.TapKeyword$_tap_closure1.doCall(TapKeyword.groovy:76)
	at com.kms.katalon.core.mobile.keyword.builtin.TapKeyword$_tap_closure1.call(TapKeyword.groovy)
	at com.kms.katalon.core.mobile.keyword.internal.MobileKeywordMain.runKeyword(MobileKeywordMain.groovy:21)
	at com.kms.katalon.core.mobile.keyword.builtin.TapKeyword.tap(TapKeyword.groovy:84)
	at com.kms.katalon.core.mobile.keyword.builtin.TapKeyword.execute(TapKeyword.groovy:68)
	at com.kms.katalon.core.keyword.internal.KeywordExecutor.executeKeywordForPlatform(KeywordExecutor.groovy:74)
	at com.kms.katalon.core.mobile.keyword.MobileBuiltInKeywords.tap(MobileBuiltInKeywords.groovy:1490)
	at com.kms.katalon.core.mobile.keyword.MobileBuiltInKeywords$tap$4.call(Unknown Source)
	at duitNow_mobileNumberFavTransaction.run(duitNow_mobileNumberFavTransaction:239)
	at com.kms.katalon.core.main.ScriptEngine.run(ScriptEngine.java:194)
	at com.kms.katalon.core.main.ScriptEngine.runScriptAsRawText(ScriptEngine.java:119)
	at com.kms.katalon.core.main.TestCaseExecutor.runScript(TestCaseExecutor.java:445)
	at com.kms.katalon.core.main.TestCaseExecutor.doExecute(TestCaseExecutor.java:436)
	at com.kms.katalon.core.main.TestCaseExecutor.processExecutionPhase(TestCaseExecutor.java:415)
	at com.kms.katalon.core.main.TestCaseExecutor.accessMainPhase(TestCaseExecutor.java:407)
	at com.kms.katalon.core.main.TestCaseExecutor.execute(TestCaseExecutor.java:284)
	at com.kms.katalon.core.common.CommonExecutor.accessTestCaseMainPhase(CommonExecutor.java:65)
	at com.kms.katalon.core.main.TestSuiteExecutor.accessTestSuiteMainPhase(TestSuiteExecutor.java:144)
	at com.kms.katalon.core.main.TestSuiteExecutor.execute(TestSuiteExecutor.java:106)
	at com.kms.katalon.core.main.TestCaseMain.startTestSuite(TestCaseMain.java:185)
	at com.kms.katalon.core.main.TestCaseMain$startTestSuite$0.call(Unknown Source)
	at TempTestSuite1655794262003.run(TempTestSuite1655794262003.groovy:36)
)

2022-06-21 15:47:16 - [MESSAGE][WARNING] - Timeout '0' is invalid. Using default page load timeout: '40'

2022-06-21 15:47:16 - [MESSAGE][FAILED] - Failed to tap on element 'Object Repository/Duit Now/duitNowConfirmationPaymentDetailsGreyWordTxt' (Root cause: org.openqa.selenium.WebDriverException: An unknown server-side error occurred while processing the command. Original error: 'GET /window/current/size' cannot be proxied to UiAutomator2 server because the instrumentation process is not running (probably crashed). Check the server log and/or the logcat output for more details
Build info: version: '3.141.59', revision: 'e82be7d358', time: '2018-11-14T08:25:53'
System info: host: '00139272s-MacBook-Pro.local', ip: '2001:e68:6167:4601:85f6:f1eb:65d1:8553%en0', os.name: 'Mac OS X', os.arch: 'x86_64', os.version: '10.16', java.version: '1.8.0_275'
Driver info: com.kms.katalon.core.appium.driver.SwipeableAndroidDriver
Capabilities {app: /Users/a00139272/Katalon St..., appActivity: com.maybank2u.life.MainActi..., appPackage: com.maybank2u.life.sit, appWaitActivity: *, autoGrantPermissions: true, automationName: uiautomator2, chromedriverPort: 58888, databaseEnabled: false, desired: {app: /Users/a00139272/Katalon St..., appActivity: com.maybank2u.life.MainActi..., appPackage: com.maybank2u.life.sit, appWaitActivity: *, autoGrantPermissions: true, automationName: uiautomator2, chromedriverPort: 58888, deviceId: 002b9cc60508, deviceName: Xiaomi 21061119AG (Android 11), fullReset: false, newCommandTimeout: 1800, noReset: true, platform: ANDROID, platformName: android, platformVersion: 11, systemPort: 58886, udid: 002b9cc60508}, deviceApiLevel: 30, deviceId: 002b9cc60508, deviceManufacturer: Xiaomi, deviceModel: 21061119AG, deviceName: 002b9cc60508, deviceScreenDensity: 440, deviceScreenSize: 1080x2400, deviceUDID: 002b9cc60508, fullReset: false, javascriptEnabled: true, locationContextEnabled: false, networkConnectionEnabled: true, newCommandTimeout: 1800, noReset: true, pixelRatio: 2.75, platform: ANDROID, platformName: Android, platformVersion: 11, statBarHeight: 103, systemPort: 58886, takesScreenshot: true, udid: 002b9cc60508, viewportRect: {height: 2064, left: 0, top: 103, width: 1080}, warnings: {}, webStorageEnabled: false}
Session ID: 5fc04fe1-5498-4b3a-814a-182076c98f18
	at org.openqa.selenium.remote.http.W3CHttpResponseCodec.createException(W3CHttpResponseCodec.java:187)
	at org.openqa.selenium.remote.http.W3CHttpResponseCodec.decode(W3CHttpResponseCodec.java:122)
	at org.openqa.selenium.remote.http.W3CHttpResponseCodec.decode(W3CHttpResponseCodec.java:49)
	at org.openqa.selenium.remote.HttpCommandExecutor.execute(HttpCommandExecutor.java:158)
	at io.appium.java_client.remote.AppiumCommandExecutor.execute(AppiumCommandExecutor.java:239)
	at org.openqa.selenium.remote.RemoteWebDriver.execute(RemoteWebDriver.java:552)
	at io.appium.java_client.DefaultGenericMobileDriver.execute(DefaultGenericMobileDriver.java:46)
	at io.appium.java_client.AppiumDriver.execute(AppiumDriver.java:1)
	at io.appium.java_client.android.AndroidDriver.execute(AndroidDriver.java:1)
	at com.kms.katalon.core.appium.driver.SwipeableAndroidDriver.execute(SwipeableAndroidDriver.java:1)
	at org.openqa.selenium.remote.RemoteWebDriver$RemoteWebDriverOptions$RemoteWindow.getSize(RemoteWebDriver.java:813)
	at org.openqa.selenium.WebDriver$Window$getSize.call(Unknown Source)
	at com.kms.katalon.core.mobile.keyword.internal.MobileAbstractKeyword.findElement(MobileAbstractKeyword.groovy:81)
	at com.kms.katalon.core.mobile.keyword.builtin.TapKeyword.access$1(TapKeyword.groovy)
	at com.kms.katalon.core.mobile.keyword.builtin.TapKeyword$_tap_closure1.doCall(TapKeyword.groovy:76)
	at com.kms.katalon.core.mobile.keyword.builtin.TapKeyword$_tap_closure1.call(TapKeyword.groovy)
	at com.kms.katalon.core.mobile.keyword.internal.MobileKeywordMain.runKeyword(MobileKeywordMain.groovy:21)
	at com.kms.katalon.core.mobile.keyword.builtin.TapKeyword.tap(TapKeyword.groovy:84)
	at com.kms.katalon.core.mobile.keyword.builtin.TapKeyword.execute(TapKeyword.groovy:68)
	at com.kms.katalon.core.keyword.internal.KeywordExecutor.executeKeywordForPlatform(KeywordExecutor.groovy:74)
	at com.kms.katalon.core.mobile.keyword.MobileBuiltInKeywords.tap(MobileBuiltInKeywords.groovy:1490)
	at com.kms.katalon.core.mobile.keyword.MobileBuiltInKeywords$tap$4.call(Unknown Source)
	at duitNow_mobileNumberFavTransaction.run(duitNow_mobileNumberFavTransaction:239)
	at com.kms.katalon.core.main.ScriptEngine.run(ScriptEngine.java:194)
	at com.kms.katalon.core.main.ScriptEngine.runScriptAsRawText(ScriptEngine.java:119)
	at com.kms.katalon.core.main.TestCaseExecutor.runScript(TestCaseExecutor.java:445)
	at com.kms.katalon.core.main.TestCaseExecutor.doExecute(TestCaseExecutor.java:436)
	at com.kms.katalon.core.main.TestCaseExecutor.processExecutionPhase(TestCaseExecutor.java:415)
	at com.kms.katalon.core.main.TestCaseExecutor.accessMainPhase(TestCaseExecutor.java:407)
	at com.kms.katalon.core.main.TestCaseExecutor.execute(TestCaseExecutor.java:284)
	at com.kms.katalon.core.common.CommonExecutor.accessTestCaseMainPhase(CommonExecutor.java:65)
	at com.kms.katalon.core.main.TestSuiteExecutor.accessTestSuiteMainPhase(TestSuiteExecutor.java:144)
	at com.kms.katalon.core.main.TestSuiteExecutor.execute(TestSuiteExecutor.java:106)
	at com.kms.katalon.core.main.TestCaseMain.startTestSuite(TestCaseMain.java:185)
	at com.kms.katalon.core.main.TestCaseMain$startTestSuite$0.call(Unknown Source)
	at TempTestSuite1655794262003.run(TempTestSuite1655794262003.groovy:36)
)

2022-06-21 15:47:16 - [TEST_STEP][FAILED] - setText(findTestObject("Duit Now/duitNowConfirmationPaymentDetailsGreyWordTxt"), details, 0): Failed to set text into element (Root cause: org.openqa.selenium.WebDriverException: An unknown server-side error occurred while processing the command. Original error: 'GET /window/current/size' cannot be proxied to UiAutomator2 server because the instrumentation process is not running (probably crashed). Check the server log and/or the logcat output for more details
Build info: version: '3.141.59', revision: 'e82be7d358', time: '2018-11-14T08:25:53'
System info: host: '00139272s-MacBook-Pro.local', ip: '2001:e68:6167:4601:85f6:f1eb:65d1:8553%en0', os.name: 'Mac OS X', os.arch: 'x86_64', os.version: '10.16', java.version: '1.8.0_275'
Driver info: com.kms.katalon.core.appium.driver.SwipeableAndroidDriver
Capabilities {app: /Users/a00139272/Katalon St..., appActivity: com.maybank2u.life.MainActi..., appPackage: com.maybank2u.life.sit, appWaitActivity: *, autoGrantPermissions: true, automationName: uiautomator2, chromedriverPort: 58888, databaseEnabled: false, desired: {app: /Users/a00139272/Katalon St..., appActivity: com.maybank2u.life.MainActi..., appPackage: com.maybank2u.life.sit, appWaitActivity: *, autoGrantPermissions: true, automationName: uiautomator2, chromedriverPort: 58888, deviceId: 002b9cc60508, deviceName: Xiaomi 21061119AG (Android 11), fullReset: false, newCommandTimeout: 1800, noReset: true, platform: ANDROID, platformName: android, platformVersion: 11, systemPort: 58886, udid: 002b9cc60508}, deviceApiLevel: 30, deviceId: 002b9cc60508, deviceManufacturer: Xiaomi, deviceModel: 21061119AG, deviceName: 002b9cc60508, deviceScreenDensity: 440, deviceScreenSize: 1080x2400, deviceUDID: 002b9cc60508, fullReset: false, javascriptEnabled: true, locationContextEnabled: false, networkConnectionEnabled: true, newCommandTimeout: 1800, noReset: true, pixelRatio: 2.75, platform: ANDROID, platformName: Android, platformVersion: 11, statBarHeight: 103, systemPort: 58886, takesScreenshot: true, udid: 002b9cc60508, viewportRect: {height: 2064, left: 0, top: 103, width: 1080}, warnings: {}, webStorageEnabled: false}
Session ID: 5fc04fe1-5498-4b3a-814a-182076c98f18
	at org.openqa.selenium.remote.http.W3CHttpResponseCodec.createException(W3CHttpResponseCodec.java:187)
	at org.openqa.selenium.remote.http.W3CHttpResponseCodec.decode(W3CHttpResponseCodec.java:122)
	at org.openqa.selenium.remote.http.W3CHttpResponseCodec.decode(W3CHttpResponseCodec.java:49)
	at org.openqa.selenium.remote.HttpCommandExecutor.execute(HttpCommandExecutor.java:158)
	at io.appium.java_client.remote.AppiumCommandExecutor.execute(AppiumCommandExecutor.java:239)
	at org.openqa.selenium.remote.RemoteWebDriver.execute(RemoteWebDriver.java:552)
	at io.appium.java_client.DefaultGenericMobileDriver.execute(DefaultGenericMobileDriver.java:46)
	at io.appium.java_client.AppiumDriver.execute(AppiumDriver.java:1)
	at io.appium.java_client.android.AndroidDriver.execute(AndroidDriver.java:1)
	at com.kms.katalon.core.appium.driver.SwipeableAndroidDriver.execute(SwipeableAndroidDriver.java:1)
	at org.openqa.selenium.remote.RemoteWebDriver$RemoteWebDriverOptions$RemoteWindow.getSize(RemoteWebDriver.java:813)
	at org.openqa.selenium.WebDriver$Window$getSize.call(Unknown Source)
	at com.kms.katalon.core.mobile.keyword.internal.MobileAbstractKeyword.findElement(MobileAbstractKeyword.groovy:81)
	at com.kms.katalon.core.mobile.keyword.builtin.SetTextKeyword.access$1(SetTextKeyword.groovy)
	at com.kms.katalon.core.mobile.keyword.builtin.SetTextKeyword$_setText_closure1.doCall(SetTextKeyword.groovy:74)
	at com.kms.katalon.core.mobile.keyword.builtin.SetTextKeyword$_setText_closure1.call(SetTextKeyword.groovy)
	at com.kms.katalon.core.mobile.keyword.internal.MobileKeywordMain.runKeyword(MobileKeywordMain.groovy:21)
	at com.kms.katalon.core.mobile.keyword.builtin.SetTextKeyword.setText(SetTextKeyword.groovy:83)
	at com.kms.katalon.core.mobile.keyword.builtin.SetTextKeyword.execute(SetTextKeyword.groovy:66)
	at com.kms.katalon.core.keyword.internal.KeywordExecutor.executeKeywordForPlatform(KeywordExecutor.groovy:74)
	at com.kms.katalon.core.mobile.keyword.MobileBuiltInKeywords.setText(MobileBuiltInKeywords.groovy:1307)
	at com.kms.katalon.core.mobile.keyword.MobileBuiltInKeywords$setText$6.call(Unknown Source)
	at duitNow_mobileNumberFavTransaction.run(duitNow_mobileNumberFavTransaction:241)
	at com.kms.katalon.core.main.ScriptEngine.run(ScriptEngine.java:194)
	at com.kms.katalon.core.main.ScriptEngine.runScriptAsRawText(ScriptEngine.java:119)
	at com.kms.katalon.core.main.TestCaseExecutor.runScript(TestCaseExecutor.java:445)
	at com.kms.katalon.core.main.TestCaseExecutor.doExecute(TestCaseExecutor.java:436)
	at com.kms.katalon.core.main.TestCaseExecutor.processExecutionPhase(TestCaseExecutor.java:415)
	at com.kms.katalon.core.main.TestCaseExecutor.accessMainPhase(TestCaseExecutor.java:407)
	at com.kms.katalon.core.main.TestCaseExecutor.execute(TestCaseExecutor.java:284)
	at com.kms.katalon.core.common.CommonExecutor.accessTestCaseMainPhase(CommonExecutor.java:65)
	at com.kms.katalon.core.main.TestSuiteExecutor.accessTestSuiteMainPhase(TestSuiteExecutor.java:144)
	at com.kms.katalon.core.main.TestSuiteExecutor.execute(TestSuiteExecutor.java:106)
	at com.kms.katalon.core.main.TestCaseMain.startTestSuite(TestCaseMain.java:185)
	at com.kms.katalon.core.main.TestCaseMain$startTestSuite$0.call(Unknown Source)
	at TempTestSuite1655794262003.run(TempTestSuite1655794262003.groovy:36)
)

2022-06-21 15:47:16 - [MESSAGE][WARNING] - Timeout '0' is invalid. Using default page load timeout: '40'

2022-06-21 15:47:16 - [MESSAGE][FAILED] - Failed to set text into element (Root cause: org.openqa.selenium.WebDriverException: An unknown server-side error occurred while processing the command. Original error: 'GET /window/current/size' cannot be proxied to UiAutomator2 server because the instrumentation process is not running (probably crashed). Check the server log and/or the logcat output for more details
Build info: version: '3.141.59', revision: 'e82be7d358', time: '2018-11-14T08:25:53'
System info: host: '00139272s-MacBook-Pro.local', ip: '2001:e68:6167:4601:85f6:f1eb:65d1:8553%en0', os.name: 'Mac OS X', os.arch: 'x86_64', os.version: '10.16', java.version: '1.8.0_275'
Driver info: com.kms.katalon.core.appium.driver.SwipeableAndroidDriver
Capabilities {app: /Users/a00139272/Katalon St..., appActivity: com.maybank2u.life.MainActi..., appPackage: com.maybank2u.life.sit, appWaitActivity: *, autoGrantPermissions: true, automationName: uiautomator2, chromedriverPort: 58888, databaseEnabled: false, desired: {app: /Users/a00139272/Katalon St..., appActivity: com.maybank2u.life.MainActi..., appPackage: com.maybank2u.life.sit, appWaitActivity: *, autoGrantPermissions: true, automationName: uiautomator2, chromedriverPort: 58888, deviceId: 002b9cc60508, deviceName: Xiaomi 21061119AG (Android 11), fullReset: false, newCommandTimeout: 1800, noReset: true, platform: ANDROID, platformName: android, platformVersion: 11, systemPort: 58886, udid: 002b9cc60508}, deviceApiLevel: 30, deviceId: 002b9cc60508, deviceManufacturer: Xiaomi, deviceModel: 21061119AG, deviceName: 002b9cc60508, deviceScreenDensity: 440, deviceScreenSize: 1080x2400, deviceUDID: 002b9cc60508, fullReset: false, javascriptEnabled: true, locationContextEnabled: false, networkConnectionEnabled: true, newCommandTimeout: 1800, noReset: true, pixelRatio: 2.75, platform: ANDROID, platformName: Android, platformVersion: 11, statBarHeight: 103, systemPort: 58886, takesScreenshot: true, udid: 002b9cc60508, viewportRect: {height: 2064, left: 0, top: 103, width: 1080}, warnings: {}, webStorageEnabled: false}
Session ID: 5fc04fe1-5498-4b3a-814a-182076c98f18
	at org.openqa.selenium.remote.http.W3CHttpResponseCodec.createException(W3CHttpResponseCodec.java:187)
	at org.openqa.selenium.remote.http.W3CHttpResponseCodec.decode(W3CHttpResponseCodec.java:122)
	at org.openqa.selenium.remote.http.W3CHttpResponseCodec.decode(W3CHttpResponseCodec.java:49)
	at org.openqa.selenium.remote.HttpCommandExecutor.execute(HttpCommandExecutor.java:158)
	at io.appium.java_client.remote.AppiumCommandExecutor.execute(AppiumCommandExecutor.java:239)
	at org.openqa.selenium.remote.RemoteWebDriver.execute(RemoteWebDriver.java:552)
	at io.appium.java_client.DefaultGenericMobileDriver.execute(DefaultGenericMobileDriver.java:46)
	at io.appium.java_client.AppiumDriver.execute(AppiumDriver.java:1)
	at io.appium.java_client.android.AndroidDriver.execute(AndroidDriver.java:1)
	at com.kms.katalon.core.appium.driver.SwipeableAndroidDriver.execute(SwipeableAndroidDriver.java:1)
	at org.openqa.selenium.remote.RemoteWebDriver$RemoteWebDriverOptions$RemoteWindow.getSize(RemoteWebDriver.java:813)
	at org.openqa.selenium.WebDriver$Window$getSize.call(Unknown Source)
	at com.kms.katalon.core.mobile.keyword.internal.MobileAbstractKeyword.findElement(MobileAbstractKeyword.groovy:81)
	at com.kms.katalon.core.mobile.keyword.builtin.SetTextKeyword.access$1(SetTextKeyword.groovy)
	at com.kms.katalon.core.mobile.keyword.builtin.SetTextKeyword$_setText_closure1.doCall(SetTextKeyword.groovy:74)
	at com.kms.katalon.core.mobile.keyword.builtin.SetTextKeyword$_setText_closure1.call(SetTextKeyword.groovy)
	at com.kms.katalon.core.mobile.keyword.internal.MobileKeywordMain.runKeyword(MobileKeywordMain.groovy:21)
	at com.kms.katalon.core.mobile.keyword.builtin.SetTextKeyword.setText(SetTextKeyword.groovy:83)
	at com.kms.katalon.core.mobile.keyword.builtin.SetTextKeyword.execute(SetTextKeyword.groovy:66)
	at com.kms.katalon.core.keyword.internal.KeywordExecutor.executeKeywordForPlatform(KeywordExecutor.groovy:74)
	at com.kms.katalon.core.mobile.keyword.MobileBuiltInKeywords.setText(MobileBuiltInKeywords.groovy:1307)
	at com.kms.katalon.core.mobile.keyword.MobileBuiltInKeywords$setText$6.call(Unknown Source)
	at duitNow_mobileNumberFavTransaction.run(duitNow_mobileNumberFavTransaction:241)
	at com.kms.katalon.core.main.ScriptEngine.run(ScriptEngine.java:194)
	at com.kms.katalon.core.main.ScriptEngine.runScriptAsRawText(ScriptEngine.java:119)
	at com.kms.katalon.core.main.TestCaseExecutor.runScript(TestCaseExecutor.java:445)
	at com.kms.katalon.core.main.TestCaseExecutor.doExecute(TestCaseExecutor.java:436)
	at com.kms.katalon.core.main.TestCaseExecutor.processExecutionPhase(TestCaseExecutor.java:415)
	at com.kms.katalon.core.main.TestCaseExecutor.accessMainPhase(TestCaseExecutor.java:407)
	at com.kms.katalon.core.main.TestCaseExecutor.execute(TestCaseExecutor.java:284)
	at com.kms.katalon.core.common.CommonExecutor.accessTestCaseMainPhase(CommonExecutor.java:65)
	at com.kms.katalon.core.main.TestSuiteExecutor.accessTestSuiteMainPhase(TestSuiteExecutor.java:144)
	at com.kms.katalon.core.main.TestSuiteExecutor.execute(TestSuiteExecutor.java:106)
	at com.kms.katalon.core.main.TestCaseMain.startTestSuite(TestCaseMain.java:185)
	at com.kms.katalon.core.main.TestCaseMain$startTestSuite$0.call(Unknown Source)
	at TempTestSuite1655794262003.run(TempTestSuite1655794262003.groovy:36)
)

2022-06-21 15:47:16 - [TEST_STEP][PASSED] - hideKeyboard(): Keyboard is hidden

2022-06-21 15:47:16 - [MESSAGE][PASSED] - Keyboard is hidden

2022-06-21 15:47:16 - [TEST_STEP][FAILED] - verifyElementText(findTestObject("Duit Now/duitNowConfirmationPaymentDetailsInputtedTxt", ["details":details]), details): Verify element text of test object 'Object Repository/Duit Now/duitNowConfirmationPaymentDetailsInputtedTxt' FAILED. (Root cause: org.openqa.selenium.WebDriverException: An unknown server-side error occurred while processing the command. Original error: 'GET /window/current/size' cannot be proxied to UiAutomator2 server because the instrumentation process is not running (probably crashed). Check the server log and/or the logcat output for more details
Build info: version: '3.141.59', revision: 'e82be7d358', time: '2018-11-14T08:25:53'
System info: host: '00139272s-MacBook-Pro.local', ip: '2001:e68:6167:4601:85f6:f1eb:65d1:8553%en0', os.name: 'Mac OS X', os.arch: 'x86_64', os.version: '10.16', java.version: '1.8.0_275'
Driver info: com.kms.katalon.core.appium.driver.SwipeableAndroidDriver
Capabilities {app: /Users/a00139272/Katalon St..., appActivity: com.maybank2u.life.MainActi..., appPackage: com.maybank2u.life.sit, appWaitActivity: *, autoGrantPermissions: true, automationName: uiautomator2, chromedriverPort: 58888, databaseEnabled: false, desired: {app: /Users/a00139272/Katalon St..., appActivity: com.maybank2u.life.MainActi..., appPackage: com.maybank2u.life.sit, appWaitActivity: *, autoGrantPermissions: true, automationName: uiautomator2, chromedriverPort: 58888, deviceId: 002b9cc60508, deviceName: Xiaomi 21061119AG (Android 11), fullReset: false, newCommandTimeout: 1800, noReset: true, platform: ANDROID, platformName: android, platformVersion: 11, systemPort: 58886, udid: 002b9cc60508}, deviceApiLevel: 30, deviceId: 002b9cc60508, deviceManufacturer: Xiaomi, deviceModel: 21061119AG, deviceName: 002b9cc60508, deviceScreenDensity: 440, deviceScreenSize: 1080x2400, deviceUDID: 002b9cc60508, fullReset: false, javascriptEnabled: true, locationContextEnabled: false, networkConnectionEnabled: true, newCommandTimeout: 1800, noReset: true, pixelRatio: 2.75, platform: ANDROID, platformName: Android, platformVersion: 11, statBarHeight: 103, systemPort: 58886, takesScreenshot: true, udid: 002b9cc60508, viewportRect: {height: 2064, left: 0, top: 103, width: 1080}, warnings: {}, webStorageEnabled: false}
Session ID: 5fc04fe1-5498-4b3a-814a-182076c98f18
	at org.openqa.selenium.remote.http.W3CHttpResponseCodec.createException(W3CHttpResponseCodec.java:187)
	at org.openqa.selenium.remote.http.W3CHttpResponseCodec.decode(W3CHttpResponseCodec.java:122)
	at org.openqa.selenium.remote.http.W3CHttpResponseCodec.decode(W3CHttpResponseCodec.java:49)
	at org.openqa.selenium.remote.HttpCommandExecutor.execute(HttpCommandExecutor.java:158)
	at io.appium.java_client.remote.AppiumCommandExecutor.execute(AppiumCommandExecutor.java:239)
	at org.openqa.selenium.remote.RemoteWebDriver.execute(RemoteWebDriver.java:552)
	at io.appium.java_client.DefaultGenericMobileDriver.execute(DefaultGenericMobileDriver.java:46)
	at io.appium.java_client.AppiumDriver.execute(AppiumDriver.java:1)
	at io.appium.java_client.android.AndroidDriver.execute(AndroidDriver.java:1)
	at com.kms.katalon.core.appium.driver.SwipeableAndroidDriver.execute(SwipeableAndroidDriver.java:1)
	at org.openqa.selenium.remote.RemoteWebDriver$RemoteWebDriverOptions$RemoteWindow.getSize(RemoteWebDriver.java:813)
	at org.openqa.selenium.WebDriver$Window$getSize.call(Unknown Source)
	at com.kms.katalon.core.mobile.keyword.internal.MobileAbstractKeyword.findElement(MobileAbstractKeyword.groovy:81)
	at com.kms.katalon.core.mobile.keyword.builtin.VerifyElementTextKeyword.access$1(VerifyElementTextKeyword.groovy)
	at com.kms.katalon.core.mobile.keyword.builtin.VerifyElementTextKeyword$_verifyElementText_closure1.doCall(VerifyElementTextKeyword.groovy:47)
	at com.kms.katalon.core.mobile.keyword.builtin.VerifyElementTextKeyword$_verifyElementText_closure1.call(VerifyElementTextKeyword.groovy)
	at com.kms.katalon.core.mobile.keyword.internal.MobileKeywordMain.runKeyword(MobileKeywordMain.groovy:21)
	at com.kms.katalon.core.mobile.keyword.builtin.VerifyElementTextKeyword.verifyElementText(VerifyElementTextKeyword.groovy:62)
	at com.kms.katalon.core.mobile.keyword.builtin.VerifyElementTextKeyword.execute(VerifyElementTextKeyword.groovy:39)
	at com.kms.katalon.core.keyword.internal.KeywordExecutor.executeKeywordForPlatform(KeywordExecutor.groovy:74)
	at com.kms.katalon.core.mobile.keyword.MobileBuiltInKeywords.verifyElementText(MobileBuiltInKeywords.groovy:2901)
	at com.kms.katalon.core.mobile.keyword.MobileBuiltInKeywords$verifyElementText$9.call(Unknown Source)
	at duitNow_mobileNumberFavTransaction.run(duitNow_mobileNumberFavTransaction:245)
	at com.kms.katalon.core.main.ScriptEngine.run(ScriptEngine.java:194)
	at com.kms.katalon.core.main.ScriptEngine.runScriptAsRawText(ScriptEngine.java:119)
	at com.kms.katalon.core.main.TestCaseExecutor.runScript(TestCaseExecutor.java:445)
	at com.kms.katalon.core.main.TestCaseExecutor.doExecute(TestCaseExecutor.java:436)
	at com.kms.katalon.core.main.TestCaseExecutor.processExecutionPhase(TestCaseExecutor.java:415)
	at com.kms.katalon.core.main.TestCaseExecutor.accessMainPhase(TestCaseExecutor.java:407)
	at com.kms.katalon.core.main.TestCaseExecutor.execute(TestCaseExecutor.java:284)
	at com.kms.katalon.core.common.CommonExecutor.accessTestCaseMainPhase(CommonExecutor.java:65)
	at com.kms.katalon.core.main.TestSuiteExecutor.accessTestSuiteMainPhase(TestSuiteExecutor.java:144)
	at com.kms.katalon.core.main.TestSuiteExecutor.execute(TestSuiteExecutor.java:106)
	at com.kms.katalon.core.main.TestCaseMain.startTestSuite(TestCaseMain.java:185)
	at com.kms.katalon.core.main.TestCaseMain$startTestSuite$0.call(Unknown Source)
	at TempTestSuite1655794262003.run(TempTestSuite1655794262003.groovy:36)
)

2022-06-21 15:47:16 - [MESSAGE][FAILED] - Verify element text of test object 'Object Repository/Duit Now/duitNowConfirmationPaymentDetailsInputtedTxt' FAILED. (Root cause: org.openqa.selenium.WebDriverException: An unknown server-side error occurred while processing the command. Original error: 'GET /window/current/size' cannot be proxied to UiAutomator2 server because the instrumentation process is not running (probably crashed). Check the server log and/or the logcat output for more details
Build info: version: '3.141.59', revision: 'e82be7d358', time: '2018-11-14T08:25:53'
System info: host: '00139272s-MacBook-Pro.local', ip: '2001:e68:6167:4601:85f6:f1eb:65d1:8553%en0', os.name: 'Mac OS X', os.arch: 'x86_64', os.version: '10.16', java.version: '1.8.0_275'
Driver info: com.kms.katalon.core.appium.driver.SwipeableAndroidDriver
Capabilities {app: /Users/a00139272/Katalon St..., appActivity: com.maybank2u.life.MainActi..., appPackage: com.maybank2u.life.sit, appWaitActivity: *, autoGrantPermissions: true, automationName: uiautomator2, chromedriverPort: 58888, databaseEnabled: false, desired: {app: /Users/a00139272/Katalon St..., appActivity: com.maybank2u.life.MainActi..., appPackage: com.maybank2u.life.sit, appWaitActivity: *, autoGrantPermissions: true, automationName: uiautomator2, chromedriverPort: 58888, deviceId: 002b9cc60508, deviceName: Xiaomi 21061119AG (Android 11), fullReset: false, newCommandTimeout: 1800, noReset: true, platform: ANDROID, platformName: android, platformVersion: 11, systemPort: 58886, udid: 002b9cc60508}, deviceApiLevel: 30, deviceId: 002b9cc60508, deviceManufacturer: Xiaomi, deviceModel: 21061119AG, deviceName: 002b9cc60508, deviceScreenDensity: 440, deviceScreenSize: 1080x2400, deviceUDID: 002b9cc60508, fullReset: false, javascriptEnabled: true, locationContextEnabled: false, networkConnectionEnabled: true, newCommandTimeout: 1800, noReset: true, pixelRatio: 2.75, platform: ANDROID, platformName: Android, platformVersion: 11, statBarHeight: 103, systemPort: 58886, takesScreenshot: true, udid: 002b9cc60508, viewportRect: {height: 2064, left: 0, top: 103, width: 1080}, warnings: {}, webStorageEnabled: false}
Session ID: 5fc04fe1-5498-4b3a-814a-182076c98f18
	at org.openqa.selenium.remote.http.W3CHttpResponseCodec.createException(W3CHttpResponseCodec.java:187)
	at org.openqa.selenium.remote.http.W3CHttpResponseCodec.decode(W3CHttpResponseCodec.java:122)
	at org.openqa.selenium.remote.http.W3CHttpResponseCodec.decode(W3CHttpResponseCodec.java:49)
	at org.openqa.selenium.remote.HttpCommandExecutor.execute(HttpCommandExecutor.java:158)
	at io.appium.java_client.remote.AppiumCommandExecutor.execute(AppiumCommandExecutor.java:239)
	at org.openqa.selenium.remote.RemoteWebDriver.execute(RemoteWebDriver.java:552)
	at io.appium.java_client.DefaultGenericMobileDriver.execute(DefaultGenericMobileDriver.java:46)
	at io.appium.java_client.AppiumDriver.execute(AppiumDriver.java:1)
	at io.appium.java_client.android.AndroidDriver.execute(AndroidDriver.java:1)
	at com.kms.katalon.core.appium.driver.SwipeableAndroidDriver.execute(SwipeableAndroidDriver.java:1)
	at org.openqa.selenium.remote.RemoteWebDriver$RemoteWebDriverOptions$RemoteWindow.getSize(RemoteWebDriver.java:813)
	at org.openqa.selenium.WebDriver$Window$getSize.call(Unknown Source)
	at com.kms.katalon.core.mobile.keyword.internal.MobileAbstractKeyword.findElement(MobileAbstractKeyword.groovy:81)
	at com.kms.katalon.core.mobile.keyword.builtin.VerifyElementTextKeyword.access$1(VerifyElementTextKeyword.groovy)
	at com.kms.katalon.core.mobile.keyword.builtin.VerifyElementTextKeyword$_verifyElementText_closure1.doCall(VerifyElementTextKeyword.groovy:47)
	at com.kms.katalon.core.mobile.keyword.builtin.VerifyElementTextKeyword$_verifyElementText_closure1.call(VerifyElementTextKeyword.groovy)
	at com.kms.katalon.core.mobile.keyword.internal.MobileKeywordMain.runKeyword(MobileKeywordMain.groovy:21)
	at com.kms.katalon.core.mobile.keyword.builtin.VerifyElementTextKeyword.verifyElementText(VerifyElementTextKeyword.groovy:62)
	at com.kms.katalon.core.mobile.keyword.builtin.VerifyElementTextKeyword.execute(VerifyElementTextKeyword.groovy:39)
	at com.kms.katalon.core.keyword.internal.KeywordExecutor.executeKeywordForPlatform(KeywordExecutor.groovy:74)
	at com.kms.katalon.core.mobile.keyword.MobileBuiltInKeywords.verifyElementText(MobileBuiltInKeywords.groovy:2901)
	at com.kms.katalon.core.mobile.keyword.MobileBuiltInKeywords$verifyElementText$9.call(Unknown Source)
	at duitNow_mobileNumberFavTransaction.run(duitNow_mobileNumberFavTransaction:245)
	at com.kms.katalon.core.main.ScriptEngine.run(ScriptEngine.java:194)
	at com.kms.katalon.core.main.ScriptEngine.runScriptAsRawText(ScriptEngine.java:119)
	at com.kms.katalon.core.main.TestCaseExecutor.runScript(TestCaseExecutor.java:445)
	at com.kms.katalon.core.main.TestCaseExecutor.doExecute(TestCaseExecutor.java:436)
	at com.kms.katalon.core.main.TestCaseExecutor.processExecutionPhase(TestCaseExecutor.java:415)
	at com.kms.katalon.core.main.TestCaseExecutor.accessMainPhase(TestCaseExecutor.java:407)
	at com.kms.katalon.core.main.TestCaseExecutor.execute(TestCaseExecutor.java:284)
	at com.kms.katalon.core.common.CommonExecutor.accessTestCaseMainPhase(CommonExecutor.java:65)
	at com.kms.katalon.core.main.TestSuiteExecutor.accessTestSuiteMainPhase(TestSuiteExecutor.java:144)
	at com.kms.katalon.core.main.TestSuiteExecutor.execute(TestSuiteExecutor.java:106)
	at com.kms.katalon.core.main.TestCaseMain.startTestSuite(TestCaseMain.java:185)
	at com.kms.katalon.core.main.TestCaseMain$startTestSuite$0.call(Unknown Source)
	at TempTestSuite1655794262003.run(TempTestSuite1655794262003.groovy:36)
)

2022-06-21 15:47:16 - [TEST_STEP][FAILED] - device_Height_2 = getDeviceHeight(): Unable to get the physical height value of the device (Root cause: org.openqa.selenium.WebDriverException: An unknown server-side error occurred while processing the command. Original error: 'GET /window/current/size' cannot be proxied to UiAutomator2 server because the instrumentation process is not running (probably crashed). Check the server log and/or the logcat output for more details
Build info: version: '3.141.59', revision: 'e82be7d358', time: '2018-11-14T08:25:53'
System info: host: '00139272s-MacBook-Pro.local', ip: '2001:e68:6167:4601:85f6:f1eb:65d1:8553%en0', os.name: 'Mac OS X', os.arch: 'x86_64', os.version: '10.16', java.version: '1.8.0_275'
Driver info: com.kms.katalon.core.appium.driver.SwipeableAndroidDriver
Capabilities {app: /Users/a00139272/Katalon St..., appActivity: com.maybank2u.life.MainActi..., appPackage: com.maybank2u.life.sit, appWaitActivity: *, autoGrantPermissions: true, automationName: uiautomator2, chromedriverPort: 58888, databaseEnabled: false, desired: {app: /Users/a00139272/Katalon St..., appActivity: com.maybank2u.life.MainActi..., appPackage: com.maybank2u.life.sit, appWaitActivity: *, autoGrantPermissions: true, automationName: uiautomator2, chromedriverPort: 58888, deviceId: 002b9cc60508, deviceName: Xiaomi 21061119AG (Android 11), fullReset: false, newCommandTimeout: 1800, noReset: true, platform: ANDROID, platformName: android, platformVersion: 11, systemPort: 58886, udid: 002b9cc60508}, deviceApiLevel: 30, deviceId: 002b9cc60508, deviceManufacturer: Xiaomi, deviceModel: 21061119AG, deviceName: 002b9cc60508, deviceScreenDensity: 440, deviceScreenSize: 1080x2400, deviceUDID: 002b9cc60508, fullReset: false, javascriptEnabled: true, locationContextEnabled: false, networkConnectionEnabled: true, newCommandTimeout: 1800, noReset: true, pixelRatio: 2.75, platform: ANDROID, platformName: Android, platformVersion: 11, statBarHeight: 103, systemPort: 58886, takesScreenshot: true, udid: 002b9cc60508, viewportRect: {height: 2064, left: 0, top: 103, width: 1080}, warnings: {}, webStorageEnabled: false}
Session ID: 5fc04fe1-5498-4b3a-814a-182076c98f18
	at org.openqa.selenium.remote.http.W3CHttpResponseCodec.createException(W3CHttpResponseCodec.java:187)
	at org.openqa.selenium.remote.http.W3CHttpResponseCodec.decode(W3CHttpResponseCodec.java:122)
	at org.openqa.selenium.remote.http.W3CHttpResponseCodec.decode(W3CHttpResponseCodec.java:49)
	at org.openqa.selenium.remote.HttpCommandExecutor.execute(HttpCommandExecutor.java:158)
	at io.appium.java_client.remote.AppiumCommandExecutor.execute(AppiumCommandExecutor.java:239)
	at org.openqa.selenium.remote.RemoteWebDriver.execute(RemoteWebDriver.java:552)
	at io.appium.java_client.DefaultGenericMobileDriver.execute(DefaultGenericMobileDriver.java:46)
	at io.appium.java_client.AppiumDriver.execute(AppiumDriver.java:1)
	at io.appium.java_client.android.AndroidDriver.execute(AndroidDriver.java:1)
	at com.kms.katalon.core.appium.driver.SwipeableAndroidDriver.execute(SwipeableAndroidDriver.java:1)
	at org.openqa.selenium.remote.RemoteWebDriver$RemoteWebDriverOptions$RemoteWindow.getSize(RemoteWebDriver.java:813)
	at com.kms.katalon.core.mobile.keyword.builtin.GetDeviceHeightKeyword$_getDeviceHeight_closure1.doCall(GetDeviceHeightKeyword.groovy:73)
	at com.kms.katalon.core.mobile.keyword.builtin.GetDeviceHeightKeyword$_getDeviceHeight_closure1.call(GetDeviceHeightKeyword.groovy)
	at com.kms.katalon.core.mobile.keyword.internal.MobileKeywordMain.runKeywordAndReturnInt(MobileKeywordMain.groovy:30)
	at com.kms.katalon.core.mobile.keyword.builtin.GetDeviceHeightKeyword.getDeviceHeight(GetDeviceHeightKeyword.groovy:68)
	at com.kms.katalon.core.mobile.keyword.builtin.GetDeviceHeightKeyword.execute(GetDeviceHeightKeyword.groovy:63)
	at com.kms.katalon.core.keyword.internal.KeywordExecutor.executeKeywordForPlatform(KeywordExecutor.groovy:74)
	at com.kms.katalon.core.mobile.keyword.MobileBuiltInKeywords.getDeviceHeight(MobileBuiltInKeywords.groovy:2110)
	at com.kms.katalon.core.mobile.keyword.MobileBuiltInKeywords$getDeviceHeight$0.call(Unknown Source)
	at duitNow_mobileNumberFavTransaction.run(duitNow_mobileNumberFavTransaction:248)
	at com.kms.katalon.core.main.ScriptEngine.run(ScriptEngine.java:194)
	at com.kms.katalon.core.main.ScriptEngine.runScriptAsRawText(ScriptEngine.java:119)
	at com.kms.katalon.core.main.TestCaseExecutor.runScript(TestCaseExecutor.java:445)
	at com.kms.katalon.core.main.TestCaseExecutor.doExecute(TestCaseExecutor.java:436)
	at com.kms.katalon.core.main.TestCaseExecutor.processExecutionPhase(TestCaseExecutor.java:415)
	at com.kms.katalon.core.main.TestCaseExecutor.accessMainPhase(TestCaseExecutor.java:407)
	at com.kms.katalon.core.main.TestCaseExecutor.execute(TestCaseExecutor.java:284)
	at com.kms.katalon.core.common.CommonExecutor.accessTestCaseMainPhase(CommonExecutor.java:65)
	at com.kms.katalon.core.main.TestSuiteExecutor.accessTestSuiteMainPhase(TestSuiteExecutor.java:144)
	at com.kms.katalon.core.main.TestSuiteExecutor.execute(TestSuiteExecutor.java:106)
	at com.kms.katalon.core.main.TestCaseMain.startTestSuite(TestCaseMain.java:185)
	at com.kms.katalon.core.main.TestCaseMain$startTestSuite$0.call(Unknown Source)
	at TempTestSuite1655794262003.run(TempTestSuite1655794262003.groovy:36)
)

2022-06-21 15:47:16 - [MESSAGE][FAILED] - Unable to get the physical height value of the device (Root cause: org.openqa.selenium.WebDriverException: An unknown server-side error occurred while processing the command. Original error: 'GET /window/current/size' cannot be proxied to UiAutomator2 server because the instrumentation process is not running (probably crashed). Check the server log and/or the logcat output for more details
Build info: version: '3.141.59', revision: 'e82be7d358', time: '2018-11-14T08:25:53'
System info: host: '00139272s-MacBook-Pro.local', ip: '2001:e68:6167:4601:85f6:f1eb:65d1:8553%en0', os.name: 'Mac OS X', os.arch: 'x86_64', os.version: '10.16', java.version: '1.8.0_275'
Driver info: com.kms.katalon.core.appium.driver.SwipeableAndroidDriver
Capabilities {app: /Users/a00139272/Katalon St..., appActivity: com.maybank2u.life.MainActi..., appPackage: com.maybank2u.life.sit, appWaitActivity: *, autoGrantPermissions: true, automationName: uiautomator2, chromedriverPort: 58888, databaseEnabled: false, desired: {app: /Users/a00139272/Katalon St..., appActivity: com.maybank2u.life.MainActi..., appPackage: com.maybank2u.life.sit, appWaitActivity: *, autoGrantPermissions: true, automationName: uiautomator2, chromedriverPort: 58888, deviceId: 002b9cc60508, deviceName: Xiaomi 21061119AG (Android 11), fullReset: false, newCommandTimeout: 1800, noReset: true, platform: ANDROID, platformName: android, platformVersion: 11, systemPort: 58886, udid: 002b9cc60508}, deviceApiLevel: 30, deviceId: 002b9cc60508, deviceManufacturer: Xiaomi, deviceModel: 21061119AG, deviceName: 002b9cc60508, deviceScreenDensity: 440, deviceScreenSize: 1080x2400, deviceUDID: 002b9cc60508, fullReset: false, javascriptEnabled: true, locationContextEnabled: false, networkConnectionEnabled: true, newCommandTimeout: 1800, noReset: true, pixelRatio: 2.75, platform: ANDROID, platformName: Android, platformVersion: 11, statBarHeight: 103, systemPort: 58886, takesScreenshot: true, udid: 002b9cc60508, viewportRect: {height: 2064, left: 0, top: 103, width: 1080}, warnings: {}, webStorageEnabled: false}
Session ID: 5fc04fe1-5498-4b3a-814a-182076c98f18
	at org.openqa.selenium.remote.http.W3CHttpResponseCodec.createException(W3CHttpResponseCodec.java:187)
	at org.openqa.selenium.remote.http.W3CHttpResponseCodec.decode(W3CHttpResponseCodec.java:122)
	at org.openqa.selenium.remote.http.W3CHttpResponseCodec.decode(W3CHttpResponseCodec.java:49)
	at org.openqa.selenium.remote.HttpCommandExecutor.execute(HttpCommandExecutor.java:158)
	at io.appium.java_client.remote.AppiumCommandExecutor.execute(AppiumCommandExecutor.java:239)
	at org.openqa.selenium.remote.RemoteWebDriver.execute(RemoteWebDriver.java:552)
	at io.appium.java_client.DefaultGenericMobileDriver.execute(DefaultGenericMobileDriver.java:46)
	at io.appium.java_client.AppiumDriver.execute(AppiumDriver.java:1)
	at io.appium.java_client.android.AndroidDriver.execute(AndroidDriver.java:1)
	at com.kms.katalon.core.appium.driver.SwipeableAndroidDriver.execute(SwipeableAndroidDriver.java:1)
	at org.openqa.selenium.remote.RemoteWebDriver$RemoteWebDriverOptions$RemoteWindow.getSize(RemoteWebDriver.java:813)
	at com.kms.katalon.core.mobile.keyword.builtin.GetDeviceHeightKeyword$_getDeviceHeight_closure1.doCall(GetDeviceHeightKeyword.groovy:73)
	at com.kms.katalon.core.mobile.keyword.builtin.GetDeviceHeightKeyword$_getDeviceHeight_closure1.call(GetDeviceHeightKeyword.groovy)
	at com.kms.katalon.core.mobile.keyword.internal.MobileKeywordMain.runKeywordAndReturnInt(MobileKeywordMain.groovy:30)
	at com.kms.katalon.core.mobile.keyword.builtin.GetDeviceHeightKeyword.getDeviceHeight(GetDeviceHeightKeyword.groovy:68)
	at com.kms.katalon.core.mobile.keyword.builtin.GetDeviceHeightKeyword.execute(GetDeviceHeightKeyword.groovy:63)
	at com.kms.katalon.core.keyword.internal.KeywordExecutor.executeKeywordForPlatform(KeywordExecutor.groovy:74)
	at com.kms.katalon.core.mobile.keyword.MobileBuiltInKeywords.getDeviceHeight(MobileBuiltInKeywords.groovy:2110)
	at com.kms.katalon.core.mobile.keyword.MobileBuiltInKeywords$getDeviceHeight$0.call(Unknown Source)
	at duitNow_mobileNumberFavTransaction.run(duitNow_mobileNumberFavTransaction:248)
	at com.kms.katalon.core.main.ScriptEngine.run(ScriptEngine.java:194)
	at com.kms.katalon.core.main.ScriptEngine.runScriptAsRawText(ScriptEngine.java:119)
	at com.kms.katalon.core.main.TestCaseExecutor.runScript(TestCaseExecutor.java:445)
	at com.kms.katalon.core.main.TestCaseExecutor.doExecute(TestCaseExecutor.java:436)
	at com.kms.katalon.core.main.TestCaseExecutor.processExecutionPhase(TestCaseExecutor.java:415)
	at com.kms.katalon.core.main.TestCaseExecutor.accessMainPhase(TestCaseExecutor.java:407)
	at com.kms.katalon.core.main.TestCaseExecutor.execute(TestCaseExecutor.java:284)
	at com.kms.katalon.core.common.CommonExecutor.accessTestCaseMainPhase(CommonExecutor.java:65)
	at com.kms.katalon.core.main.TestSuiteExecutor.accessTestSuiteMainPhase(TestSuiteExecutor.java:144)
	at com.kms.katalon.core.main.TestSuiteExecutor.execute(TestSuiteExecutor.java:106)
	at com.kms.katalon.core.main.TestCaseMain.startTestSuite(TestCaseMain.java:185)
	at com.kms.katalon.core.main.TestCaseMain$startTestSuite$0.call(Unknown Source)
	at TempTestSuite1655794262003.run(TempTestSuite1655794262003.groovy:36)
)

2022-06-21 15:47:16 - [TEST_STEP][FAILED] - device_Width_2 = getDeviceWidth(): Unable to get the physical width value of the device (Root cause: org.openqa.selenium.WebDriverException: An unknown server-side error occurred while processing the command. Original error: 'GET /window/current/size' cannot be proxied to UiAutomator2 server because the instrumentation process is not running (probably crashed). Check the server log and/or the logcat output for more details
Build info: version: '3.141.59', revision: 'e82be7d358', time: '2018-11-14T08:25:53'
System info: host: '00139272s-MacBook-Pro.local', ip: '2001:e68:6167:4601:85f6:f1eb:65d1:8553%en0', os.name: 'Mac OS X', os.arch: 'x86_64', os.version: '10.16', java.version: '1.8.0_275'
Driver info: com.kms.katalon.core.appium.driver.SwipeableAndroidDriver
Capabilities {app: /Users/a00139272/Katalon St..., appActivity: com.maybank2u.life.MainActi..., appPackage: com.maybank2u.life.sit, appWaitActivity: *, autoGrantPermissions: true, automationName: uiautomator2, chromedriverPort: 58888, databaseEnabled: false, desired: {app: /Users/a00139272/Katalon St..., appActivity: com.maybank2u.life.MainActi..., appPackage: com.maybank2u.life.sit, appWaitActivity: *, autoGrantPermissions: true, automationName: uiautomator2, chromedriverPort: 58888, deviceId: 002b9cc60508, deviceName: Xiaomi 21061119AG (Android 11), fullReset: false, newCommandTimeout: 1800, noReset: true, platform: ANDROID, platformName: android, platformVersion: 11, systemPort: 58886, udid: 002b9cc60508}, deviceApiLevel: 30, deviceId: 002b9cc60508, deviceManufacturer: Xiaomi, deviceModel: 21061119AG, deviceName: 002b9cc60508, deviceScreenDensity: 440, deviceScreenSize: 1080x2400, deviceUDID: 002b9cc60508, fullReset: false, javascriptEnabled: true, locationContextEnabled: false, networkConnectionEnabled: true, newCommandTimeout: 1800, noReset: true, pixelRatio: 2.75, platform: ANDROID, platformName: Android, platformVersion: 11, statBarHeight: 103, systemPort: 58886, takesScreenshot: true, udid: 002b9cc60508, viewportRect: {height: 2064, left: 0, top: 103, width: 1080}, warnings: {}, webStorageEnabled: false}
Session ID: 5fc04fe1-5498-4b3a-814a-182076c98f18
	at org.openqa.selenium.remote.http.W3CHttpResponseCodec.createException(W3CHttpResponseCodec.java:187)
	at org.openqa.selenium.remote.http.W3CHttpResponseCodec.decode(W3CHttpResponseCodec.java:122)
	at org.openqa.selenium.remote.http.W3CHttpResponseCodec.decode(W3CHttpResponseCodec.java:49)
	at org.openqa.selenium.remote.HttpCommandExecutor.execute(HttpCommandExecutor.java:158)
	at io.appium.java_client.remote.AppiumCommandExecutor.execute(AppiumCommandExecutor.java:239)
	at org.openqa.selenium.remote.RemoteWebDriver.execute(RemoteWebDriver.java:552)
	at io.appium.java_client.DefaultGenericMobileDriver.execute(DefaultGenericMobileDriver.java:46)
	at io.appium.java_client.AppiumDriver.execute(AppiumDriver.java:1)
	at io.appium.java_client.android.AndroidDriver.execute(AndroidDriver.java:1)
	at com.kms.katalon.core.appium.driver.SwipeableAndroidDriver.execute(SwipeableAndroidDriver.java:1)
	at org.openqa.selenium.remote.RemoteWebDriver$RemoteWebDriverOptions$RemoteWindow.getSize(RemoteWebDriver.java:813)
	at com.kms.katalon.core.mobile.keyword.builtin.GetDeviceWidthKeyword$_getDeviceWidth_closure1.doCall(GetDeviceWidthKeyword.groovy:72)
	at com.kms.katalon.core.mobile.keyword.builtin.GetDeviceWidthKeyword$_getDeviceWidth_closure1.call(GetDeviceWidthKeyword.groovy)
	at com.kms.katalon.core.mobile.keyword.internal.MobileKeywordMain.runKeywordAndReturnInt(MobileKeywordMain.groovy:30)
	at com.kms.katalon.core.mobile.keyword.builtin.GetDeviceWidthKeyword.getDeviceWidth(GetDeviceWidthKeyword.groovy:67)
	at com.kms.katalon.core.mobile.keyword.builtin.GetDeviceWidthKeyword.execute(GetDeviceWidthKeyword.groovy:62)
	at com.kms.katalon.core.keyword.internal.KeywordExecutor.executeKeywordForPlatform(KeywordExecutor.groovy:74)
	at com.kms.katalon.core.mobile.keyword.MobileBuiltInKeywords.getDeviceWidth(MobileBuiltInKeywords.groovy:2087)
	at com.kms.katalon.core.mobile.keyword.MobileBuiltInKeywords$getDeviceWidth$1.call(Unknown Source)
	at duitNow_mobileNumberFavTransaction.run(duitNow_mobileNumberFavTransaction:250)
	at com.kms.katalon.core.main.ScriptEngine.run(ScriptEngine.java:194)
	at com.kms.katalon.core.main.ScriptEngine.runScriptAsRawText(ScriptEngine.java:119)
	at com.kms.katalon.core.main.TestCaseExecutor.runScript(TestCaseExecutor.java:445)
	at com.kms.katalon.core.main.TestCaseExecutor.doExecute(TestCaseExecutor.java:436)
	at com.kms.katalon.core.main.TestCaseExecutor.processExecutionPhase(TestCaseExecutor.java:415)
	at com.kms.katalon.core.main.TestCaseExecutor.accessMainPhase(TestCaseExecutor.java:407)
	at com.kms.katalon.core.main.TestCaseExecutor.execute(TestCaseExecutor.java:284)
	at com.kms.katalon.core.common.CommonExecutor.accessTestCaseMainPhase(CommonExecutor.java:65)
	at com.kms.katalon.core.main.TestSuiteExecutor.accessTestSuiteMainPhase(TestSuiteExecutor.java:144)
	at com.kms.katalon.core.main.TestSuiteExecutor.execute(TestSuiteExecutor.java:106)
	at com.kms.katalon.core.main.TestCaseMain.startTestSuite(TestCaseMain.java:185)
	at com.kms.katalon.core.main.TestCaseMain$startTestSuite$0.call(Unknown Source)
	at TempTestSuite1655794262003.run(TempTestSuite1655794262003.groovy:36)
)

2022-06-21 15:47:16 - [MESSAGE][FAILED] - Unable to get the physical width value of the device (Root cause: org.openqa.selenium.WebDriverException: An unknown server-side error occurred while processing the command. Original error: 'GET /window/current/size' cannot be proxied to UiAutomator2 server because the instrumentation process is not running (probably crashed). Check the server log and/or the logcat output for more details
Build info: version: '3.141.59', revision: 'e82be7d358', time: '2018-11-14T08:25:53'
System info: host: '00139272s-MacBook-Pro.local', ip: '2001:e68:6167:4601:85f6:f1eb:65d1:8553%en0', os.name: 'Mac OS X', os.arch: 'x86_64', os.version: '10.16', java.version: '1.8.0_275'
Driver info: com.kms.katalon.core.appium.driver.SwipeableAndroidDriver
Capabilities {app: /Users/a00139272/Katalon St..., appActivity: com.maybank2u.life.MainActi..., appPackage: com.maybank2u.life.sit, appWaitActivity: *, autoGrantPermissions: true, automationName: uiautomator2, chromedriverPort: 58888, databaseEnabled: false, desired: {app: /Users/a00139272/Katalon St..., appActivity: com.maybank2u.life.MainActi..., appPackage: com.maybank2u.life.sit, appWaitActivity: *, autoGrantPermissions: true, automationName: uiautomator2, chromedriverPort: 58888, deviceId: 002b9cc60508, deviceName: Xiaomi 21061119AG (Android 11), fullReset: false, newCommandTimeout: 1800, noReset: true, platform: ANDROID, platformName: android, platformVersion: 11, systemPort: 58886, udid: 002b9cc60508}, deviceApiLevel: 30, deviceId: 002b9cc60508, deviceManufacturer: Xiaomi, deviceModel: 21061119AG, deviceName: 002b9cc60508, deviceScreenDensity: 440, deviceScreenSize: 1080x2400, deviceUDID: 002b9cc60508, fullReset: false, javascriptEnabled: true, locationContextEnabled: false, networkConnectionEnabled: true, newCommandTimeout: 1800, noReset: true, pixelRatio: 2.75, platform: ANDROID, platformName: Android, platformVersion: 11, statBarHeight: 103, systemPort: 58886, takesScreenshot: true, udid: 002b9cc60508, viewportRect: {height: 2064, left: 0, top: 103, width: 1080}, warnings: {}, webStorageEnabled: false}
Session ID: 5fc04fe1-5498-4b3a-814a-182076c98f18
	at org.openqa.selenium.remote.http.W3CHttpResponseCodec.createException(W3CHttpResponseCodec.java:187)
	at org.openqa.selenium.remote.http.W3CHttpResponseCodec.decode(W3CHttpResponseCodec.java:122)
	at org.openqa.selenium.remote.http.W3CHttpResponseCodec.decode(W3CHttpResponseCodec.java:49)
	at org.openqa.selenium.remote.HttpCommandExecutor.execute(HttpCommandExecutor.java:158)
	at io.appium.java_client.remote.AppiumCommandExecutor.execute(AppiumCommandExecutor.java:239)
	at org.openqa.selenium.remote.RemoteWebDriver.execute(RemoteWebDriver.java:552)
	at io.appium.java_client.DefaultGenericMobileDriver.execute(DefaultGenericMobileDriver.java:46)
	at io.appium.java_client.AppiumDriver.execute(AppiumDriver.java:1)
	at io.appium.java_client.android.AndroidDriver.execute(AndroidDriver.java:1)
	at com.kms.katalon.core.appium.driver.SwipeableAndroidDriver.execute(SwipeableAndroidDriver.java:1)
	at org.openqa.selenium.remote.RemoteWebDriver$RemoteWebDriverOptions$RemoteWindow.getSize(RemoteWebDriver.java:813)
	at com.kms.katalon.core.mobile.keyword.builtin.GetDeviceWidthKeyword$_getDeviceWidth_closure1.doCall(GetDeviceWidthKeyword.groovy:72)
	at com.kms.katalon.core.mobile.keyword.builtin.GetDeviceWidthKeyword$_getDeviceWidth_closure1.call(GetDeviceWidthKeyword.groovy)
	at com.kms.katalon.core.mobile.keyword.internal.MobileKeywordMain.runKeywordAndReturnInt(MobileKeywordMain.groovy:30)
	at com.kms.katalon.core.mobile.keyword.builtin.GetDeviceWidthKeyword.getDeviceWidth(GetDeviceWidthKeyword.groovy:67)
	at com.kms.katalon.core.mobile.keyword.builtin.GetDeviceWidthKeyword.execute(GetDeviceWidthKeyword.groovy:62)
	at com.kms.katalon.core.keyword.internal.KeywordExecutor.executeKeywordForPlatform(KeywordExecutor.groovy:74)
	at com.kms.katalon.core.mobile.keyword.MobileBuiltInKeywords.getDeviceWidth(MobileBuiltInKeywords.groovy:2087)
	at com.kms.katalon.core.mobile.keyword.MobileBuiltInKeywords$getDeviceWidth$1.call(Unknown Source)
	at duitNow_mobileNumberFavTransaction.run(duitNow_mobileNumberFavTransaction:250)
	at com.kms.katalon.core.main.ScriptEngine.run(ScriptEngine.java:194)
	at com.kms.katalon.core.main.ScriptEngine.runScriptAsRawText(ScriptEngine.java:119)
	at com.kms.katalon.core.main.TestCaseExecutor.runScript(TestCaseExecutor.java:445)
	at com.kms.katalon.core.main.TestCaseExecutor.doExecute(TestCaseExecutor.java:436)
	at com.kms.katalon.core.main.TestCaseExecutor.processExecutionPhase(TestCaseExecutor.java:415)
	at com.kms.katalon.core.main.TestCaseExecutor.accessMainPhase(TestCaseExecutor.java:407)
	at com.kms.katalon.core.main.TestCaseExecutor.execute(TestCaseExecutor.java:284)
	at com.kms.katalon.core.common.CommonExecutor.accessTestCaseMainPhase(CommonExecutor.java:65)
	at com.kms.katalon.core.main.TestSuiteExecutor.accessTestSuiteMainPhase(TestSuiteExecutor.java:144)
	at com.kms.katalon.core.main.TestSuiteExecutor.execute(TestSuiteExecutor.java:106)
	at com.kms.katalon.core.main.TestCaseMain.startTestSuite(TestCaseMain.java:185)
	at com.kms.katalon.core.main.TestCaseMain$startTestSuite$0.call(Unknown Source)
	at TempTestSuite1655794262003.run(TempTestSuite1655794262003.groovy:36)
)

2022-06-21 15:47:16 - [TEST_STEP][PASSED] - startX_2 = device_Width_2 / 2: null

2022-06-21 15:47:16 - [TEST_STEP][PASSED] - endX_2 = startX_2: null

2022-06-21 15:47:16 - [TEST_STEP][PASSED] - startY_2 = device_Height_2 * 0.30: null

2022-06-21 15:47:16 - [TEST_STEP][PASSED] - endY_2 = device_Height_2 * 0.70: null

2022-06-21 15:47:16 - [TEST_STEP][FAILED] - swipe(startX_2, endY_2, endX_2, startY_2): Cannot swipe on device. (Root cause: org.openqa.selenium.WebDriverException: An unknown server-side error occurred while processing the command. Original error: 'POST /touch/perform' cannot be proxied to UiAutomator2 server because the instrumentation process is not running (probably crashed). Check the server log and/or the logcat output for more details
Build info: version: '3.141.59', revision: 'e82be7d358', time: '2018-11-14T08:25:53'
System info: host: '00139272s-MacBook-Pro.local', ip: '2001:e68:6167:4601:85f6:f1eb:65d1:8553%en0', os.name: 'Mac OS X', os.arch: 'x86_64', os.version: '10.16', java.version: '1.8.0_275'
Driver info: com.kms.katalon.core.appium.driver.SwipeableAndroidDriver
Capabilities {app: /Users/a00139272/Katalon St..., appActivity: com.maybank2u.life.MainActi..., appPackage: com.maybank2u.life.sit, appWaitActivity: *, autoGrantPermissions: true, automationName: uiautomator2, chromedriverPort: 58888, databaseEnabled: false, desired: {app: /Users/a00139272/Katalon St..., appActivity: com.maybank2u.life.MainActi..., appPackage: com.maybank2u.life.sit, appWaitActivity: *, autoGrantPermissions: true, automationName: uiautomator2, chromedriverPort: 58888, deviceId: 002b9cc60508, deviceName: Xiaomi 21061119AG (Android 11), fullReset: false, newCommandTimeout: 1800, noReset: true, platform: ANDROID, platformName: android, platformVersion: 11, systemPort: 58886, udid: 002b9cc60508}, deviceApiLevel: 30, deviceId: 002b9cc60508, deviceManufacturer: Xiaomi, deviceModel: 21061119AG, deviceName: 002b9cc60508, deviceScreenDensity: 440, deviceScreenSize: 1080x2400, deviceUDID: 002b9cc60508, fullReset: false, javascriptEnabled: true, locationContextEnabled: false, networkConnectionEnabled: true, newCommandTimeout: 1800, noReset: true, pixelRatio: 2.75, platform: ANDROID, platformName: Android, platformVersion: 11, statBarHeight: 103, systemPort: 58886, takesScreenshot: true, udid: 002b9cc60508, viewportRect: {height: 2064, left: 0, top: 103, width: 1080}, warnings: {}, webStorageEnabled: false}
Session ID: 5fc04fe1-5498-4b3a-814a-182076c98f18
	at org.openqa.selenium.remote.http.W3CHttpResponseCodec.createException(W3CHttpResponseCodec.java:187)
	at org.openqa.selenium.remote.http.W3CHttpResponseCodec.decode(W3CHttpResponseCodec.java:122)
	at org.openqa.selenium.remote.http.W3CHttpResponseCodec.decode(W3CHttpResponseCodec.java:49)
	at org.openqa.selenium.remote.HttpCommandExecutor.execute(HttpCommandExecutor.java:158)
	at io.appium.java_client.remote.AppiumCommandExecutor.execute(AppiumCommandExecutor.java:239)
	at org.openqa.selenium.remote.RemoteWebDriver.execute(RemoteWebDriver.java:552)
	at io.appium.java_client.DefaultGenericMobileDriver.execute(DefaultGenericMobileDriver.java:42)
	at io.appium.java_client.AppiumDriver.execute(AppiumDriver.java:1)
	at io.appium.java_client.android.AndroidDriver.execute(AndroidDriver.java:1)
	at com.kms.katalon.core.appium.driver.SwipeableAndroidDriver.execute(SwipeableAndroidDriver.java:1)
	at io.appium.java_client.PerformsTouchActions.performTouchAction(PerformsTouchActions.java:41)
	at io.appium.java_client.TouchAction.perform(TouchAction.java:187)
	at com.kms.katalon.core.mobile.helper.MobileCommonHelper.swipe(MobileCommonHelper.java:61)
	at com.kms.katalon.core.mobile.keyword.builtin.SwipeKeyword$_swipe_closure1.doCall(SwipeKeyword.groovy:76)
	at com.kms.katalon.core.mobile.keyword.builtin.SwipeKeyword$_swipe_closure1.call(SwipeKeyword.groovy)
	at com.kms.katalon.core.mobile.keyword.internal.MobileKeywordMain.runKeyword(MobileKeywordMain.groovy:21)
	at com.kms.katalon.core.mobile.keyword.builtin.SwipeKeyword.swipe(SwipeKeyword.groovy:71)
	at com.kms.katalon.core.mobile.keyword.builtin.SwipeKeyword.execute(SwipeKeyword.groovy:66)
	at com.kms.katalon.core.keyword.internal.KeywordExecutor.executeKeywordForPlatform(KeywordExecutor.groovy:74)
	at com.kms.katalon.core.mobile.keyword.MobileBuiltInKeywords.swipe(MobileBuiltInKeywords.groovy:192)
	at com.kms.katalon.core.mobile.keyword.MobileBuiltInKeywords$swipe$10.call(Unknown Source)
	at duitNow_mobileNumberFavTransaction.run(duitNow_mobileNumberFavTransaction:260)
	at com.kms.katalon.core.main.ScriptEngine.run(ScriptEngine.java:194)
	at com.kms.katalon.core.main.ScriptEngine.runScriptAsRawText(ScriptEngine.java:119)
	at com.kms.katalon.core.main.TestCaseExecutor.runScript(TestCaseExecutor.java:445)
	at com.kms.katalon.core.main.TestCaseExecutor.doExecute(TestCaseExecutor.java:436)
	at com.kms.katalon.core.main.TestCaseExecutor.processExecutionPhase(TestCaseExecutor.java:415)
	at com.kms.katalon.core.main.TestCaseExecutor.accessMainPhase(TestCaseExecutor.java:407)
	at com.kms.katalon.core.main.TestCaseExecutor.execute(TestCaseExecutor.java:284)
	at com.kms.katalon.core.common.CommonExecutor.accessTestCaseMainPhase(CommonExecutor.java:65)
	at com.kms.katalon.core.main.TestSuiteExecutor.accessTestSuiteMainPhase(TestSuiteExecutor.java:144)
	at com.kms.katalon.core.main.TestSuiteExecutor.execute(TestSuiteExecutor.java:106)
	at com.kms.katalon.core.main.TestCaseMain.startTestSuite(TestCaseMain.java:185)
	at com.kms.katalon.core.main.TestCaseMain$startTestSuite$0.call(Unknown Source)
	at TempTestSuite1655794262003.run(TempTestSuite1655794262003.groovy:36)
)

2022-06-21 15:47:17 - [MESSAGE][FAILED] - Cannot swipe on device. (Root cause: org.openqa.selenium.WebDriverException: An unknown server-side error occurred while processing the command. Original error: 'POST /touch/perform' cannot be proxied to UiAutomator2 server because the instrumentation process is not running (probably crashed). Check the server log and/or the logcat output for more details
Build info: version: '3.141.59', revision: 'e82be7d358', time: '2018-11-14T08:25:53'
System info: host: '00139272s-MacBook-Pro.local', ip: '2001:e68:6167:4601:85f6:f1eb:65d1:8553%en0', os.name: 'Mac OS X', os.arch: 'x86_64', os.version: '10.16', java.version: '1.8.0_275'
Driver info: com.kms.katalon.core.appium.driver.SwipeableAndroidDriver
Capabilities {app: /Users/a00139272/Katalon St..., appActivity: com.maybank2u.life.MainActi..., appPackage: com.maybank2u.life.sit, appWaitActivity: *, autoGrantPermissions: true, automationName: uiautomator2, chromedriverPort: 58888, databaseEnabled: false, desired: {app: /Users/a00139272/Katalon St..., appActivity: com.maybank2u.life.MainActi..., appPackage: com.maybank2u.life.sit, appWaitActivity: *, autoGrantPermissions: true, automationName: uiautomator2, chromedriverPort: 58888, deviceId: 002b9cc60508, deviceName: Xiaomi 21061119AG (Android 11), fullReset: false, newCommandTimeout: 1800, noReset: true, platform: ANDROID, platformName: android, platformVersion: 11, systemPort: 58886, udid: 002b9cc60508}, deviceApiLevel: 30, deviceId: 002b9cc60508, deviceManufacturer: Xiaomi, deviceModel: 21061119AG, deviceName: 002b9cc60508, deviceScreenDensity: 440, deviceScreenSize: 1080x2400, deviceUDID: 002b9cc60508, fullReset: false, javascriptEnabled: true, locationContextEnabled: false, networkConnectionEnabled: true, newCommandTimeout: 1800, noReset: true, pixelRatio: 2.75, platform: ANDROID, platformName: Android, platformVersion: 11, statBarHeight: 103, systemPort: 58886, takesScreenshot: true, udid: 002b9cc60508, viewportRect: {height: 2064, left: 0, top: 103, width: 1080}, warnings: {}, webStorageEnabled: false}
Session ID: 5fc04fe1-5498-4b3a-814a-182076c98f18
	at org.openqa.selenium.remote.http.W3CHttpResponseCodec.createException(W3CHttpResponseCodec.java:187)
	at org.openqa.selenium.remote.http.W3CHttpResponseCodec.decode(W3CHttpResponseCodec.java:122)
	at org.openqa.selenium.remote.http.W3CHttpResponseCodec.decode(W3CHttpResponseCodec.java:49)
	at org.openqa.selenium.remote.HttpCommandExecutor.execute(HttpCommandExecutor.java:158)
	at io.appium.java_client.remote.AppiumCommandExecutor.execute(AppiumCommandExecutor.java:239)
	at org.openqa.selenium.remote.RemoteWebDriver.execute(RemoteWebDriver.java:552)
	at io.appium.java_client.DefaultGenericMobileDriver.execute(DefaultGenericMobileDriver.java:42)
	at io.appium.java_client.AppiumDriver.execute(AppiumDriver.java:1)
	at io.appium.java_client.android.AndroidDriver.execute(AndroidDriver.java:1)
	at com.kms.katalon.core.appium.driver.SwipeableAndroidDriver.execute(SwipeableAndroidDriver.java:1)
	at io.appium.java_client.PerformsTouchActions.performTouchAction(PerformsTouchActions.java:41)
	at io.appium.java_client.TouchAction.perform(TouchAction.java:187)
	at com.kms.katalon.core.mobile.helper.MobileCommonHelper.swipe(MobileCommonHelper.java:61)
	at com.kms.katalon.core.mobile.keyword.builtin.SwipeKeyword$_swipe_closure1.doCall(SwipeKeyword.groovy:76)
	at com.kms.katalon.core.mobile.keyword.builtin.SwipeKeyword$_swipe_closure1.call(SwipeKeyword.groovy)
	at com.kms.katalon.core.mobile.keyword.internal.MobileKeywordMain.runKeyword(MobileKeywordMain.groovy:21)
	at com.kms.katalon.core.mobile.keyword.builtin.SwipeKeyword.swipe(SwipeKeyword.groovy:71)
	at com.kms.katalon.core.mobile.keyword.builtin.SwipeKeyword.execute(SwipeKeyword.groovy:66)
	at com.kms.katalon.core.keyword.internal.KeywordExecutor.executeKeywordForPlatform(KeywordExecutor.groovy:74)
	at com.kms.katalon.core.mobile.keyword.MobileBuiltInKeywords.swipe(MobileBuiltInKeywords.groovy:192)
	at com.kms.katalon.core.mobile.keyword.MobileBuiltInKeywords$swipe$10.call(Unknown Source)
	at duitNow_mobileNumberFavTransaction.run(duitNow_mobileNumberFavTransaction:260)
	at com.kms.katalon.core.main.ScriptEngine.run(ScriptEngine.java:194)
	at com.kms.katalon.core.main.ScriptEngine.runScriptAsRawText(ScriptEngine.java:119)
	at com.kms.katalon.core.main.TestCaseExecutor.runScript(TestCaseExecutor.java:445)
	at com.kms.katalon.core.main.TestCaseExecutor.doExecute(TestCaseExecutor.java:436)
	at com.kms.katalon.core.main.TestCaseExecutor.processExecutionPhase(TestCaseExecutor.java:415)
	at com.kms.katalon.core.main.TestCaseExecutor.accessMainPhase(TestCaseExecutor.java:407)
	at com.kms.katalon.core.main.TestCaseExecutor.execute(TestCaseExecutor.java:284)
	at com.kms.katalon.core.common.CommonExecutor.accessTestCaseMainPhase(CommonExecutor.java:65)
	at com.kms.katalon.core.main.TestSuiteExecutor.accessTestSuiteMainPhase(TestSuiteExecutor.java:144)
	at com.kms.katalon.core.main.TestSuiteExecutor.execute(TestSuiteExecutor.java:106)
	at com.kms.katalon.core.main.TestCaseMain.startTestSuite(TestCaseMain.java:185)
	at com.kms.katalon.core.main.TestCaseMain$startTestSuite$0.call(Unknown Source)
	at TempTestSuite1655794262003.run(TempTestSuite1655794262003.groovy:36)
)

2022-06-21 15:47:17 - [TEST_STEP][FAILED] - verifyElementExist(findTestObject("Transfer/transferConfirmationFTransferFromTitleTxt"), 0): Failed to check for element 'Object Repository/Transfer/transferConfirmationFTransferFromTitleTxt' exist (Root cause: org.openqa.selenium.WebDriverException: An unknown server-side error occurred while processing the command. Original error: 'GET /window/current/size' cannot be proxied to UiAutomator2 server because the instrumentation process is not running (probably crashed). Check the server log and/or the logcat output for more details
Build info: version: '3.141.59', revision: 'e82be7d358', time: '2018-11-14T08:25:53'
System info: host: '00139272s-MacBook-Pro.local', ip: '2001:e68:6167:4601:85f6:f1eb:65d1:8553%en0', os.name: 'Mac OS X', os.arch: 'x86_64', os.version: '10.16', java.version: '1.8.0_275'
Driver info: com.kms.katalon.core.appium.driver.SwipeableAndroidDriver
Capabilities {app: /Users/a00139272/Katalon St..., appActivity: com.maybank2u.life.MainActi..., appPackage: com.maybank2u.life.sit, appWaitActivity: *, autoGrantPermissions: true, automationName: uiautomator2, chromedriverPort: 58888, databaseEnabled: false, desired: {app: /Users/a00139272/Katalon St..., appActivity: com.maybank2u.life.MainActi..., appPackage: com.maybank2u.life.sit, appWaitActivity: *, autoGrantPermissions: true, automationName: uiautomator2, chromedriverPort: 58888, deviceId: 002b9cc60508, deviceName: Xiaomi 21061119AG (Android 11), fullReset: false, newCommandTimeout: 1800, noReset: true, platform: ANDROID, platformName: android, platformVersion: 11, systemPort: 58886, udid: 002b9cc60508}, deviceApiLevel: 30, deviceId: 002b9cc60508, deviceManufacturer: Xiaomi, deviceModel: 21061119AG, deviceName: 002b9cc60508, deviceScreenDensity: 440, deviceScreenSize: 1080x2400, deviceUDID: 002b9cc60508, fullReset: false, javascriptEnabled: true, locationContextEnabled: false, networkConnectionEnabled: true, newCommandTimeout: 1800, noReset: true, pixelRatio: 2.75, platform: ANDROID, platformName: Android, platformVersion: 11, statBarHeight: 103, systemPort: 58886, takesScreenshot: true, udid: 002b9cc60508, viewportRect: {height: 2064, left: 0, top: 103, width: 1080}, warnings: {}, webStorageEnabled: false}
Session ID: 5fc04fe1-5498-4b3a-814a-182076c98f18
	at org.openqa.selenium.remote.http.W3CHttpResponseCodec.createException(W3CHttpResponseCodec.java:187)
	at org.openqa.selenium.remote.http.W3CHttpResponseCodec.decode(W3CHttpResponseCodec.java:122)
	at org.openqa.selenium.remote.http.W3CHttpResponseCodec.decode(W3CHttpResponseCodec.java:49)
	at org.openqa.selenium.remote.HttpCommandExecutor.execute(HttpCommandExecutor.java:158)
	at io.appium.java_client.remote.AppiumCommandExecutor.execute(AppiumCommandExecutor.java:239)
	at org.openqa.selenium.remote.RemoteWebDriver.execute(RemoteWebDriver.java:552)
	at io.appium.java_client.DefaultGenericMobileDriver.execute(DefaultGenericMobileDriver.java:46)
	at io.appium.java_client.AppiumDriver.execute(AppiumDriver.java:1)
	at io.appium.java_client.android.AndroidDriver.execute(AndroidDriver.java:1)
	at com.kms.katalon.core.appium.driver.SwipeableAndroidDriver.execute(SwipeableAndroidDriver.java:1)
	at org.openqa.selenium.remote.RemoteWebDriver$RemoteWebDriverOptions$RemoteWindow.getSize(RemoteWebDriver.java:813)
	at org.openqa.selenium.WebDriver$Window$getSize.call(Unknown Source)
	at com.kms.katalon.core.mobile.keyword.internal.MobileAbstractKeyword.findElement(MobileAbstractKeyword.groovy:81)
	at com.kms.katalon.core.mobile.keyword.builtin.VerifyElementExistKeyword.access$1(VerifyElementExistKeyword.groovy)
	at com.kms.katalon.core.mobile.keyword.builtin.VerifyElementExistKeyword$_verifyElementExist_closure1.doCall(VerifyElementExistKeyword.groovy:72)
	at com.kms.katalon.core.mobile.keyword.builtin.VerifyElementExistKeyword$_verifyElementExist_closure1.call(VerifyElementExistKeyword.groovy)
	at com.kms.katalon.core.mobile.keyword.internal.MobileKeywordMain.runKeyword(MobileKeywordMain.groovy:21)
	at com.kms.katalon.core.mobile.keyword.builtin.VerifyElementExistKeyword.verifyElementExist(VerifyElementExistKeyword.groovy:80)
	at com.kms.katalon.core.mobile.keyword.builtin.VerifyElementExistKeyword.execute(VerifyElementExistKeyword.groovy:64)
	at com.kms.katalon.core.keyword.internal.KeywordExecutor.executeKeywordForPlatform(KeywordExecutor.groovy:74)
	at com.kms.katalon.core.mobile.keyword.MobileBuiltInKeywords.verifyElementExist(MobileBuiltInKeywords.groovy:1755)
	at com.kms.katalon.core.mobile.keyword.MobileBuiltInKeywords$verifyElementExist$8.call(Unknown Source)
	at duitNow_mobileNumberFavTransaction.run(duitNow_mobileNumberFavTransaction:262)
	at com.kms.katalon.core.main.ScriptEngine.run(ScriptEngine.java:194)
	at com.kms.katalon.core.main.ScriptEngine.runScriptAsRawText(ScriptEngine.java:119)
	at com.kms.katalon.core.main.TestCaseExecutor.runScript(TestCaseExecutor.java:445)
	at com.kms.katalon.core.main.TestCaseExecutor.doExecute(TestCaseExecutor.java:436)
	at com.kms.katalon.core.main.TestCaseExecutor.processExecutionPhase(TestCaseExecutor.java:415)
	at com.kms.katalon.core.main.TestCaseExecutor.accessMainPhase(TestCaseExecutor.java:407)
	at com.kms.katalon.core.main.TestCaseExecutor.execute(TestCaseExecutor.java:284)
	at com.kms.katalon.core.common.CommonExecutor.accessTestCaseMainPhase(CommonExecutor.java:65)
	at com.kms.katalon.core.main.TestSuiteExecutor.accessTestSuiteMainPhase(TestSuiteExecutor.java:144)
	at com.kms.katalon.core.main.TestSuiteExecutor.execute(TestSuiteExecutor.java:106)
	at com.kms.katalon.core.main.TestCaseMain.startTestSuite(TestCaseMain.java:185)
	at com.kms.katalon.core.main.TestCaseMain$startTestSuite$0.call(Unknown Source)
	at TempTestSuite1655794262003.run(TempTestSuite1655794262003.groovy:36)
)

2022-06-21 15:47:17 - [MESSAGE][WARNING] - Timeout '0' is invalid. Using default page load timeout: '40'

2022-06-21 15:47:17 - [MESSAGE][FAILED] - Failed to check for element 'Object Repository/Transfer/transferConfirmationFTransferFromTitleTxt' exist (Root cause: org.openqa.selenium.WebDriverException: An unknown server-side error occurred while processing the command. Original error: 'GET /window/current/size' cannot be proxied to UiAutomator2 server because the instrumentation process is not running (probably crashed). Check the server log and/or the logcat output for more details
Build info: version: '3.141.59', revision: 'e82be7d358', time: '2018-11-14T08:25:53'
System info: host: '00139272s-MacBook-Pro.local', ip: '2001:e68:6167:4601:85f6:f1eb:65d1:8553%en0', os.name: 'Mac OS X', os.arch: 'x86_64', os.version: '10.16', java.version: '1.8.0_275'
Driver info: com.kms.katalon.core.appium.driver.SwipeableAndroidDriver
Capabilities {app: /Users/a00139272/Katalon St..., appActivity: com.maybank2u.life.MainActi..., appPackage: com.maybank2u.life.sit, appWaitActivity: *, autoGrantPermissions: true, automationName: uiautomator2, chromedriverPort: 58888, databaseEnabled: false, desired: {app: /Users/a00139272/Katalon St..., appActivity: com.maybank2u.life.MainActi..., appPackage: com.maybank2u.life.sit, appWaitActivity: *, autoGrantPermissions: true, automationName: uiautomator2, chromedriverPort: 58888, deviceId: 002b9cc60508, deviceName: Xiaomi 21061119AG (Android 11), fullReset: false, newCommandTimeout: 1800, noReset: true, platform: ANDROID, platformName: android, platformVersion: 11, systemPort: 58886, udid: 002b9cc60508}, deviceApiLevel: 30, deviceId: 002b9cc60508, deviceManufacturer: Xiaomi, deviceModel: 21061119AG, deviceName: 002b9cc60508, deviceScreenDensity: 440, deviceScreenSize: 1080x2400, deviceUDID: 002b9cc60508, fullReset: false, javascriptEnabled: true, locationContextEnabled: false, networkConnectionEnabled: true, newCommandTimeout: 1800, noReset: true, pixelRatio: 2.75, platform: ANDROID, platformName: Android, platformVersion: 11, statBarHeight: 103, systemPort: 58886, takesScreenshot: true, udid: 002b9cc60508, viewportRect: {height: 2064, left: 0, top: 103, width: 1080}, warnings: {}, webStorageEnabled: false}
Session ID: 5fc04fe1-5498-4b3a-814a-182076c98f18
	at org.openqa.selenium.remote.http.W3CHttpResponseCodec.createException(W3CHttpResponseCodec.java:187)
	at org.openqa.selenium.remote.http.W3CHttpResponseCodec.decode(W3CHttpResponseCodec.java:122)
	at org.openqa.selenium.remote.http.W3CHttpResponseCodec.decode(W3CHttpResponseCodec.java:49)
	at org.openqa.selenium.remote.HttpCommandExecutor.execute(HttpCommandExecutor.java:158)
	at io.appium.java_client.remote.AppiumCommandExecutor.execute(AppiumCommandExecutor.java:239)
	at org.openqa.selenium.remote.RemoteWebDriver.execute(RemoteWebDriver.java:552)
	at io.appium.java_client.DefaultGenericMobileDriver.execute(DefaultGenericMobileDriver.java:46)
	at io.appium.java_client.AppiumDriver.execute(AppiumDriver.java:1)
	at io.appium.java_client.android.AndroidDriver.execute(AndroidDriver.java:1)
	at com.kms.katalon.core.appium.driver.SwipeableAndroidDriver.execute(SwipeableAndroidDriver.java:1)
	at org.openqa.selenium.remote.RemoteWebDriver$RemoteWebDriverOptions$RemoteWindow.getSize(RemoteWebDriver.java:813)
	at org.openqa.selenium.WebDriver$Window$getSize.call(Unknown Source)
	at com.kms.katalon.core.mobile.keyword.internal.MobileAbstractKeyword.findElement(MobileAbstractKeyword.groovy:81)
	at com.kms.katalon.core.mobile.keyword.builtin.VerifyElementExistKeyword.access$1(VerifyElementExistKeyword.groovy)
	at com.kms.katalon.core.mobile.keyword.builtin.VerifyElementExistKeyword$_verifyElementExist_closure1.doCall(VerifyElementExistKeyword.groovy:72)
	at com.kms.katalon.core.mobile.keyword.builtin.VerifyElementExistKeyword$_verifyElementExist_closure1.call(VerifyElementExistKeyword.groovy)
	at com.kms.katalon.core.mobile.keyword.internal.MobileKeywordMain.runKeyword(MobileKeywordMain.groovy:21)
	at com.kms.katalon.core.mobile.keyword.builtin.VerifyElementExistKeyword.verifyElementExist(VerifyElementExistKeyword.groovy:80)
	at com.kms.katalon.core.mobile.keyword.builtin.VerifyElementExistKeyword.execute(VerifyElementExistKeyword.groovy:64)
	at com.kms.katalon.core.keyword.internal.KeywordExecutor.executeKeywordForPlatform(KeywordExecutor.groovy:74)
	at com.kms.katalon.core.mobile.keyword.MobileBuiltInKeywords.verifyElementExist(MobileBuiltInKeywords.groovy:1755)
	at com.kms.katalon.core.mobile.keyword.MobileBuiltInKeywords$verifyElementExist$8.call(Unknown Source)
	at duitNow_mobileNumberFavTransaction.run(duitNow_mobileNumberFavTransaction:262)
	at com.kms.katalon.core.main.ScriptEngine.run(ScriptEngine.java:194)
	at com.kms.katalon.core.main.ScriptEngine.runScriptAsRawText(ScriptEngine.java:119)
	at com.kms.katalon.core.main.TestCaseExecutor.runScript(TestCaseExecutor.java:445)
	at com.kms.katalon.core.main.TestCaseExecutor.doExecute(TestCaseExecutor.java:436)
	at com.kms.katalon.core.main.TestCaseExecutor.processExecutionPhase(TestCaseExecutor.java:415)
	at com.kms.katalon.core.main.TestCaseExecutor.accessMainPhase(TestCaseExecutor.java:407)
	at com.kms.katalon.core.main.TestCaseExecutor.execute(TestCaseExecutor.java:284)
	at com.kms.katalon.core.common.CommonExecutor.accessTestCaseMainPhase(CommonExecutor.java:65)
	at com.kms.katalon.core.main.TestSuiteExecutor.accessTestSuiteMainPhase(TestSuiteExecutor.java:144)
	at com.kms.katalon.core.main.TestSuiteExecutor.execute(TestSuiteExecutor.java:106)
	at com.kms.katalon.core.main.TestCaseMain.startTestSuite(TestCaseMain.java:185)
	at com.kms.katalon.core.main.TestCaseMain$startTestSuite$0.call(Unknown Source)
	at TempTestSuite1655794262003.run(TempTestSuite1655794262003.groovy:36)
)

2022-06-21 15:47:17 - [TEST_STEP][FAILED] - verifyElementExist(findTestObject("Duit Now/duitNowConfirmationNoteTitleTxt"), 0): Failed to check for element 'Object Repository/Duit Now/duitNowConfirmationNoteTitleTxt' exist (Root cause: org.openqa.selenium.WebDriverException: An unknown server-side error occurred while processing the command. Original error: 'GET /window/current/size' cannot be proxied to UiAutomator2 server because the instrumentation process is not running (probably crashed). Check the server log and/or the logcat output for more details
Build info: version: '3.141.59', revision: 'e82be7d358', time: '2018-11-14T08:25:53'
System info: host: '00139272s-MacBook-Pro.local', ip: '2001:e68:6167:4601:85f6:f1eb:65d1:8553%en0', os.name: 'Mac OS X', os.arch: 'x86_64', os.version: '10.16', java.version: '1.8.0_275'
Driver info: com.kms.katalon.core.appium.driver.SwipeableAndroidDriver
Capabilities {app: /Users/a00139272/Katalon St..., appActivity: com.maybank2u.life.MainActi..., appPackage: com.maybank2u.life.sit, appWaitActivity: *, autoGrantPermissions: true, automationName: uiautomator2, chromedriverPort: 58888, databaseEnabled: false, desired: {app: /Users/a00139272/Katalon St..., appActivity: com.maybank2u.life.MainActi..., appPackage: com.maybank2u.life.sit, appWaitActivity: *, autoGrantPermissions: true, automationName: uiautomator2, chromedriverPort: 58888, deviceId: 002b9cc60508, deviceName: Xiaomi 21061119AG (Android 11), fullReset: false, newCommandTimeout: 1800, noReset: true, platform: ANDROID, platformName: android, platformVersion: 11, systemPort: 58886, udid: 002b9cc60508}, deviceApiLevel: 30, deviceId: 002b9cc60508, deviceManufacturer: Xiaomi, deviceModel: 21061119AG, deviceName: 002b9cc60508, deviceScreenDensity: 440, deviceScreenSize: 1080x2400, deviceUDID: 002b9cc60508, fullReset: false, javascriptEnabled: true, locationContextEnabled: false, networkConnectionEnabled: true, newCommandTimeout: 1800, noReset: true, pixelRatio: 2.75, platform: ANDROID, platformName: Android, platformVersion: 11, statBarHeight: 103, systemPort: 58886, takesScreenshot: true, udid: 002b9cc60508, viewportRect: {height: 2064, left: 0, top: 103, width: 1080}, warnings: {}, webStorageEnabled: false}
Session ID: 5fc04fe1-5498-4b3a-814a-182076c98f18
	at org.openqa.selenium.remote.http.W3CHttpResponseCodec.createException(W3CHttpResponseCodec.java:187)
	at org.openqa.selenium.remote.http.W3CHttpResponseCodec.decode(W3CHttpResponseCodec.java:122)
	at org.openqa.selenium.remote.http.W3CHttpResponseCodec.decode(W3CHttpResponseCodec.java:49)
	at org.openqa.selenium.remote.HttpCommandExecutor.execute(HttpCommandExecutor.java:158)
	at io.appium.java_client.remote.AppiumCommandExecutor.execute(AppiumCommandExecutor.java:239)
	at org.openqa.selenium.remote.RemoteWebDriver.execute(RemoteWebDriver.java:552)
	at io.appium.java_client.DefaultGenericMobileDriver.execute(DefaultGenericMobileDriver.java:46)
	at io.appium.java_client.AppiumDriver.execute(AppiumDriver.java:1)
	at io.appium.java_client.android.AndroidDriver.execute(AndroidDriver.java:1)
	at com.kms.katalon.core.appium.driver.SwipeableAndroidDriver.execute(SwipeableAndroidDriver.java:1)
	at org.openqa.selenium.remote.RemoteWebDriver$RemoteWebDriverOptions$RemoteWindow.getSize(RemoteWebDriver.java:813)
	at org.openqa.selenium.WebDriver$Window$getSize.call(Unknown Source)
	at com.kms.katalon.core.mobile.keyword.internal.MobileAbstractKeyword.findElement(MobileAbstractKeyword.groovy:81)
	at com.kms.katalon.core.mobile.keyword.builtin.VerifyElementExistKeyword.access$1(VerifyElementExistKeyword.groovy)
	at com.kms.katalon.core.mobile.keyword.builtin.VerifyElementExistKeyword$_verifyElementExist_closure1.doCall(VerifyElementExistKeyword.groovy:72)
	at com.kms.katalon.core.mobile.keyword.builtin.VerifyElementExistKeyword$_verifyElementExist_closure1.call(VerifyElementExistKeyword.groovy)
	at com.kms.katalon.core.mobile.keyword.internal.MobileKeywordMain.runKeyword(MobileKeywordMain.groovy:21)
	at com.kms.katalon.core.mobile.keyword.builtin.VerifyElementExistKeyword.verifyElementExist(VerifyElementExistKeyword.groovy:80)
	at com.kms.katalon.core.mobile.keyword.builtin.VerifyElementExistKeyword.execute(VerifyElementExistKeyword.groovy:64)
	at com.kms.katalon.core.keyword.internal.KeywordExecutor.executeKeywordForPlatform(KeywordExecutor.groovy:74)
	at com.kms.katalon.core.mobile.keyword.MobileBuiltInKeywords.verifyElementExist(MobileBuiltInKeywords.groovy:1755)
	at com.kms.katalon.core.mobile.keyword.MobileBuiltInKeywords$verifyElementExist$8.call(Unknown Source)
	at duitNow_mobileNumberFavTransaction.run(duitNow_mobileNumberFavTransaction:264)
	at com.kms.katalon.core.main.ScriptEngine.run(ScriptEngine.java:194)
	at com.kms.katalon.core.main.ScriptEngine.runScriptAsRawText(ScriptEngine.java:119)
	at com.kms.katalon.core.main.TestCaseExecutor.runScript(TestCaseExecutor.java:445)
	at com.kms.katalon.core.main.TestCaseExecutor.doExecute(TestCaseExecutor.java:436)
	at com.kms.katalon.core.main.TestCaseExecutor.processExecutionPhase(TestCaseExecutor.java:415)
	at com.kms.katalon.core.main.TestCaseExecutor.accessMainPhase(TestCaseExecutor.java:407)
	at com.kms.katalon.core.main.TestCaseExecutor.execute(TestCaseExecutor.java:284)
	at com.kms.katalon.core.common.CommonExecutor.accessTestCaseMainPhase(CommonExecutor.java:65)
	at com.kms.katalon.core.main.TestSuiteExecutor.accessTestSuiteMainPhase(TestSuiteExecutor.java:144)
	at com.kms.katalon.core.main.TestSuiteExecutor.execute(TestSuiteExecutor.java:106)
	at com.kms.katalon.core.main.TestCaseMain.startTestSuite(TestCaseMain.java:185)
	at com.kms.katalon.core.main.TestCaseMain$startTestSuite$0.call(Unknown Source)
	at TempTestSuite1655794262003.run(TempTestSuite1655794262003.groovy:36)
)

2022-06-21 15:47:17 - [MESSAGE][WARNING] - Timeout '0' is invalid. Using default page load timeout: '40'

2022-06-21 15:47:17 - [MESSAGE][FAILED] - Failed to check for element 'Object Repository/Duit Now/duitNowConfirmationNoteTitleTxt' exist (Root cause: org.openqa.selenium.WebDriverException: An unknown server-side error occurred while processing the command. Original error: 'GET /window/current/size' cannot be proxied to UiAutomator2 server because the instrumentation process is not running (probably crashed). Check the server log and/or the logcat output for more details
Build info: version: '3.141.59', revision: 'e82be7d358', time: '2018-11-14T08:25:53'
System info: host: '00139272s-MacBook-Pro.local', ip: '2001:e68:6167:4601:85f6:f1eb:65d1:8553%en0', os.name: 'Mac OS X', os.arch: 'x86_64', os.version: '10.16', java.version: '1.8.0_275'
Driver info: com.kms.katalon.core.appium.driver.SwipeableAndroidDriver
Capabilities {app: /Users/a00139272/Katalon St..., appActivity: com.maybank2u.life.MainActi..., appPackage: com.maybank2u.life.sit, appWaitActivity: *, autoGrantPermissions: true, automationName: uiautomator2, chromedriverPort: 58888, databaseEnabled: false, desired: {app: /Users/a00139272/Katalon St..., appActivity: com.maybank2u.life.MainActi..., appPackage: com.maybank2u.life.sit, appWaitActivity: *, autoGrantPermissions: true, automationName: uiautomator2, chromedriverPort: 58888, deviceId: 002b9cc60508, deviceName: Xiaomi 21061119AG (Android 11), fullReset: false, newCommandTimeout: 1800, noReset: true, platform: ANDROID, platformName: android, platformVersion: 11, systemPort: 58886, udid: 002b9cc60508}, deviceApiLevel: 30, deviceId: 002b9cc60508, deviceManufacturer: Xiaomi, deviceModel: 21061119AG, deviceName: 002b9cc60508, deviceScreenDensity: 440, deviceScreenSize: 1080x2400, deviceUDID: 002b9cc60508, fullReset: false, javascriptEnabled: true, locationContextEnabled: false, networkConnectionEnabled: true, newCommandTimeout: 1800, noReset: true, pixelRatio: 2.75, platform: ANDROID, platformName: Android, platformVersion: 11, statBarHeight: 103, systemPort: 58886, takesScreenshot: true, udid: 002b9cc60508, viewportRect: {height: 2064, left: 0, top: 103, width: 1080}, warnings: {}, webStorageEnabled: false}
Session ID: 5fc04fe1-5498-4b3a-814a-182076c98f18
	at org.openqa.selenium.remote.http.W3CHttpResponseCodec.createException(W3CHttpResponseCodec.java:187)
	at org.openqa.selenium.remote.http.W3CHttpResponseCodec.decode(W3CHttpResponseCodec.java:122)
	at org.openqa.selenium.remote.http.W3CHttpResponseCodec.decode(W3CHttpResponseCodec.java:49)
	at org.openqa.selenium.remote.HttpCommandExecutor.execute(HttpCommandExecutor.java:158)
	at io.appium.java_client.remote.AppiumCommandExecutor.execute(AppiumCommandExecutor.java:239)
	at org.openqa.selenium.remote.RemoteWebDriver.execute(RemoteWebDriver.java:552)
	at io.appium.java_client.DefaultGenericMobileDriver.execute(DefaultGenericMobileDriver.java:46)
	at io.appium.java_client.AppiumDriver.execute(AppiumDriver.java:1)
	at io.appium.java_client.android.AndroidDriver.execute(AndroidDriver.java:1)
	at com.kms.katalon.core.appium.driver.SwipeableAndroidDriver.execute(SwipeableAndroidDriver.java:1)
	at org.openqa.selenium.remote.RemoteWebDriver$RemoteWebDriverOptions$RemoteWindow.getSize(RemoteWebDriver.java:813)
	at org.openqa.selenium.WebDriver$Window$getSize.call(Unknown Source)
	at com.kms.katalon.core.mobile.keyword.internal.MobileAbstractKeyword.findElement(MobileAbstractKeyword.groovy:81)
	at com.kms.katalon.core.mobile.keyword.builtin.VerifyElementExistKeyword.access$1(VerifyElementExistKeyword.groovy)
	at com.kms.katalon.core.mobile.keyword.builtin.VerifyElementExistKeyword$_verifyElementExist_closure1.doCall(VerifyElementExistKeyword.groovy:72)
	at com.kms.katalon.core.mobile.keyword.builtin.VerifyElementExistKeyword$_verifyElementExist_closure1.call(VerifyElementExistKeyword.groovy)
	at com.kms.katalon.core.mobile.keyword.internal.MobileKeywordMain.runKeyword(MobileKeywordMain.groovy:21)
	at com.kms.katalon.core.mobile.keyword.builtin.VerifyElementExistKeyword.verifyElementExist(VerifyElementExistKeyword.groovy:80)
	at com.kms.katalon.core.mobile.keyword.builtin.VerifyElementExistKeyword.execute(VerifyElementExistKeyword.groovy:64)
	at com.kms.katalon.core.keyword.internal.KeywordExecutor.executeKeywordForPlatform(KeywordExecutor.groovy:74)
	at com.kms.katalon.core.mobile.keyword.MobileBuiltInKeywords.verifyElementExist(MobileBuiltInKeywords.groovy:1755)
	at com.kms.katalon.core.mobile.keyword.MobileBuiltInKeywords$verifyElementExist$8.call(Unknown Source)
	at duitNow_mobileNumberFavTransaction.run(duitNow_mobileNumberFavTransaction:264)
	at com.kms.katalon.core.main.ScriptEngine.run(ScriptEngine.java:194)
	at com.kms.katalon.core.main.ScriptEngine.runScriptAsRawText(ScriptEngine.java:119)
	at com.kms.katalon.core.main.TestCaseExecutor.runScript(TestCaseExecutor.java:445)
	at com.kms.katalon.core.main.TestCaseExecutor.doExecute(TestCaseExecutor.java:436)
	at com.kms.katalon.core.main.TestCaseExecutor.processExecutionPhase(TestCaseExecutor.java:415)
	at com.kms.katalon.core.main.TestCaseExecutor.accessMainPhase(TestCaseExecutor.java:407)
	at com.kms.katalon.core.main.TestCaseExecutor.execute(TestCaseExecutor.java:284)
	at com.kms.katalon.core.common.CommonExecutor.accessTestCaseMainPhase(CommonExecutor.java:65)
	at com.kms.katalon.core.main.TestSuiteExecutor.accessTestSuiteMainPhase(TestSuiteExecutor.java:144)
	at com.kms.katalon.core.main.TestSuiteExecutor.execute(TestSuiteExecutor.java:106)
	at com.kms.katalon.core.main.TestCaseMain.startTestSuite(TestCaseMain.java:185)
	at com.kms.katalon.core.main.TestCaseMain$startTestSuite$0.call(Unknown Source)
	at TempTestSuite1655794262003.run(TempTestSuite1655794262003.groovy:36)
)

2022-06-21 15:47:17 - [TEST_STEP][FAILED] - verifyElementExist(findTestObject("Duit Now/duitNowConfirmationDeclarationTitleTxt"), 0): Failed to check for element 'Object Repository/Duit Now/duitNowConfirmationDeclarationTitleTxt' exist (Root cause: org.openqa.selenium.WebDriverException: An unknown server-side error occurred while processing the command. Original error: 'GET /window/current/size' cannot be proxied to UiAutomator2 server because the instrumentation process is not running (probably crashed). Check the server log and/or the logcat output for more details
Build info: version: '3.141.59', revision: 'e82be7d358', time: '2018-11-14T08:25:53'
System info: host: '00139272s-MacBook-Pro.local', ip: '2001:e68:6167:4601:85f6:f1eb:65d1:8553%en0', os.name: 'Mac OS X', os.arch: 'x86_64', os.version: '10.16', java.version: '1.8.0_275'
Driver info: com.kms.katalon.core.appium.driver.SwipeableAndroidDriver
Capabilities {app: /Users/a00139272/Katalon St..., appActivity: com.maybank2u.life.MainActi..., appPackage: com.maybank2u.life.sit, appWaitActivity: *, autoGrantPermissions: true, automationName: uiautomator2, chromedriverPort: 58888, databaseEnabled: false, desired: {app: /Users/a00139272/Katalon St..., appActivity: com.maybank2u.life.MainActi..., appPackage: com.maybank2u.life.sit, appWaitActivity: *, autoGrantPermissions: true, automationName: uiautomator2, chromedriverPort: 58888, deviceId: 002b9cc60508, deviceName: Xiaomi 21061119AG (Android 11), fullReset: false, newCommandTimeout: 1800, noReset: true, platform: ANDROID, platformName: android, platformVersion: 11, systemPort: 58886, udid: 002b9cc60508}, deviceApiLevel: 30, deviceId: 002b9cc60508, deviceManufacturer: Xiaomi, deviceModel: 21061119AG, deviceName: 002b9cc60508, deviceScreenDensity: 440, deviceScreenSize: 1080x2400, deviceUDID: 002b9cc60508, fullReset: false, javascriptEnabled: true, locationContextEnabled: false, networkConnectionEnabled: true, newCommandTimeout: 1800, noReset: true, pixelRatio: 2.75, platform: ANDROID, platformName: Android, platformVersion: 11, statBarHeight: 103, systemPort: 58886, takesScreenshot: true, udid: 002b9cc60508, viewportRect: {height: 2064, left: 0, top: 103, width: 1080}, warnings: {}, webStorageEnabled: false}
Session ID: 5fc04fe1-5498-4b3a-814a-182076c98f18
	at org.openqa.selenium.remote.http.W3CHttpResponseCodec.createException(W3CHttpResponseCodec.java:187)
	at org.openqa.selenium.remote.http.W3CHttpResponseCodec.decode(W3CHttpResponseCodec.java:122)
	at org.openqa.selenium.remote.http.W3CHttpResponseCodec.decode(W3CHttpResponseCodec.java:49)
	at org.openqa.selenium.remote.HttpCommandExecutor.execute(HttpCommandExecutor.java:158)
	at io.appium.java_client.remote.AppiumCommandExecutor.execute(AppiumCommandExecutor.java:239)
	at org.openqa.selenium.remote.RemoteWebDriver.execute(RemoteWebDriver.java:552)
	at io.appium.java_client.DefaultGenericMobileDriver.execute(DefaultGenericMobileDriver.java:46)
	at io.appium.java_client.AppiumDriver.execute(AppiumDriver.java:1)
	at io.appium.java_client.android.AndroidDriver.execute(AndroidDriver.java:1)
	at com.kms.katalon.core.appium.driver.SwipeableAndroidDriver.execute(SwipeableAndroidDriver.java:1)
	at org.openqa.selenium.remote.RemoteWebDriver$RemoteWebDriverOptions$RemoteWindow.getSize(RemoteWebDriver.java:813)
	at org.openqa.selenium.WebDriver$Window$getSize.call(Unknown Source)
	at com.kms.katalon.core.mobile.keyword.internal.MobileAbstractKeyword.findElement(MobileAbstractKeyword.groovy:81)
	at com.kms.katalon.core.mobile.keyword.builtin.VerifyElementExistKeyword.access$1(VerifyElementExistKeyword.groovy)
	at com.kms.katalon.core.mobile.keyword.builtin.VerifyElementExistKeyword$_verifyElementExist_closure1.doCall(VerifyElementExistKeyword.groovy:72)
	at com.kms.katalon.core.mobile.keyword.builtin.VerifyElementExistKeyword$_verifyElementExist_closure1.call(VerifyElementExistKeyword.groovy)
	at com.kms.katalon.core.mobile.keyword.internal.MobileKeywordMain.runKeyword(MobileKeywordMain.groovy:21)
	at com.kms.katalon.core.mobile.keyword.builtin.VerifyElementExistKeyword.verifyElementExist(VerifyElementExistKeyword.groovy:80)
	at com.kms.katalon.core.mobile.keyword.builtin.VerifyElementExistKeyword.execute(VerifyElementExistKeyword.groovy:64)
	at com.kms.katalon.core.keyword.internal.KeywordExecutor.executeKeywordForPlatform(KeywordExecutor.groovy:74)
	at com.kms.katalon.core.mobile.keyword.MobileBuiltInKeywords.verifyElementExist(MobileBuiltInKeywords.groovy:1755)
	at com.kms.katalon.core.mobile.keyword.MobileBuiltInKeywords$verifyElementExist$8.call(Unknown Source)
	at duitNow_mobileNumberFavTransaction.run(duitNow_mobileNumberFavTransaction:266)
	at com.kms.katalon.core.main.ScriptEngine.run(ScriptEngine.java:194)
	at com.kms.katalon.core.main.ScriptEngine.runScriptAsRawText(ScriptEngine.java:119)
	at com.kms.katalon.core.main.TestCaseExecutor.runScript(TestCaseExecutor.java:445)
	at com.kms.katalon.core.main.TestCaseExecutor.doExecute(TestCaseExecutor.java:436)
	at com.kms.katalon.core.main.TestCaseExecutor.processExecutionPhase(TestCaseExecutor.java:415)
	at com.kms.katalon.core.main.TestCaseExecutor.accessMainPhase(TestCaseExecutor.java:407)
	at com.kms.katalon.core.main.TestCaseExecutor.execute(TestCaseExecutor.java:284)
	at com.kms.katalon.core.common.CommonExecutor.accessTestCaseMainPhase(CommonExecutor.java:65)
	at com.kms.katalon.core.main.TestSuiteExecutor.accessTestSuiteMainPhase(TestSuiteExecutor.java:144)
	at com.kms.katalon.core.main.TestSuiteExecutor.execute(TestSuiteExecutor.java:106)
	at com.kms.katalon.core.main.TestCaseMain.startTestSuite(TestCaseMain.java:185)
	at com.kms.katalon.core.main.TestCaseMain$startTestSuite$0.call(Unknown Source)
	at TempTestSuite1655794262003.run(TempTestSuite1655794262003.groovy:36)
)

2022-06-21 15:47:17 - [MESSAGE][WARNING] - Timeout '0' is invalid. Using default page load timeout: '40'

2022-06-21 15:47:17 - [MESSAGE][FAILED] - Failed to check for element 'Object Repository/Duit Now/duitNowConfirmationDeclarationTitleTxt' exist (Root cause: org.openqa.selenium.WebDriverException: An unknown server-side error occurred while processing the command. Original error: 'GET /window/current/size' cannot be proxied to UiAutomator2 server because the instrumentation process is not running (probably crashed). Check the server log and/or the logcat output for more details
Build info: version: '3.141.59', revision: 'e82be7d358', time: '2018-11-14T08:25:53'
System info: host: '00139272s-MacBook-Pro.local', ip: '2001:e68:6167:4601:85f6:f1eb:65d1:8553%en0', os.name: 'Mac OS X', os.arch: 'x86_64', os.version: '10.16', java.version: '1.8.0_275'
Driver info: com.kms.katalon.core.appium.driver.SwipeableAndroidDriver
Capabilities {app: /Users/a00139272/Katalon St..., appActivity: com.maybank2u.life.MainActi..., appPackage: com.maybank2u.life.sit, appWaitActivity: *, autoGrantPermissions: true, automationName: uiautomator2, chromedriverPort: 58888, databaseEnabled: false, desired: {app: /Users/a00139272/Katalon St..., appActivity: com.maybank2u.life.MainActi..., appPackage: com.maybank2u.life.sit, appWaitActivity: *, autoGrantPermissions: true, automationName: uiautomator2, chromedriverPort: 58888, deviceId: 002b9cc60508, deviceName: Xiaomi 21061119AG (Android 11), fullReset: false, newCommandTimeout: 1800, noReset: true, platform: ANDROID, platformName: android, platformVersion: 11, systemPort: 58886, udid: 002b9cc60508}, deviceApiLevel: 30, deviceId: 002b9cc60508, deviceManufacturer: Xiaomi, deviceModel: 21061119AG, deviceName: 002b9cc60508, deviceScreenDensity: 440, deviceScreenSize: 1080x2400, deviceUDID: 002b9cc60508, fullReset: false, javascriptEnabled: true, locationContextEnabled: false, networkConnectionEnabled: true, newCommandTimeout: 1800, noReset: true, pixelRatio: 2.75, platform: ANDROID, platformName: Android, platformVersion: 11, statBarHeight: 103, systemPort: 58886, takesScreenshot: true, udid: 002b9cc60508, viewportRect: {height: 2064, left: 0, top: 103, width: 1080}, warnings: {}, webStorageEnabled: false}
Session ID: 5fc04fe1-5498-4b3a-814a-182076c98f18
	at org.openqa.selenium.remote.http.W3CHttpResponseCodec.createException(W3CHttpResponseCodec.java:187)
	at org.openqa.selenium.remote.http.W3CHttpResponseCodec.decode(W3CHttpResponseCodec.java:122)
	at org.openqa.selenium.remote.http.W3CHttpResponseCodec.decode(W3CHttpResponseCodec.java:49)
	at org.openqa.selenium.remote.HttpCommandExecutor.execute(HttpCommandExecutor.java:158)
	at io.appium.java_client.remote.AppiumCommandExecutor.execute(AppiumCommandExecutor.java:239)
	at org.openqa.selenium.remote.RemoteWebDriver.execute(RemoteWebDriver.java:552)
	at io.appium.java_client.DefaultGenericMobileDriver.execute(DefaultGenericMobileDriver.java:46)
	at io.appium.java_client.AppiumDriver.execute(AppiumDriver.java:1)
	at io.appium.java_client.android.AndroidDriver.execute(AndroidDriver.java:1)
	at com.kms.katalon.core.appium.driver.SwipeableAndroidDriver.execute(SwipeableAndroidDriver.java:1)
	at org.openqa.selenium.remote.RemoteWebDriver$RemoteWebDriverOptions$RemoteWindow.getSize(RemoteWebDriver.java:813)
	at org.openqa.selenium.WebDriver$Window$getSize.call(Unknown Source)
	at com.kms.katalon.core.mobile.keyword.internal.MobileAbstractKeyword.findElement(MobileAbstractKeyword.groovy:81)
	at com.kms.katalon.core.mobile.keyword.builtin.VerifyElementExistKeyword.access$1(VerifyElementExistKeyword.groovy)
	at com.kms.katalon.core.mobile.keyword.builtin.VerifyElementExistKeyword$_verifyElementExist_closure1.doCall(VerifyElementExistKeyword.groovy:72)
	at com.kms.katalon.core.mobile.keyword.builtin.VerifyElementExistKeyword$_verifyElementExist_closure1.call(VerifyElementExistKeyword.groovy)
	at com.kms.katalon.core.mobile.keyword.internal.MobileKeywordMain.runKeyword(MobileKeywordMain.groovy:21)
	at com.kms.katalon.core.mobile.keyword.builtin.VerifyElementExistKeyword.verifyElementExist(VerifyElementExistKeyword.groovy:80)
	at com.kms.katalon.core.mobile.keyword.builtin.VerifyElementExistKeyword.execute(VerifyElementExistKeyword.groovy:64)
	at com.kms.katalon.core.keyword.internal.KeywordExecutor.executeKeywordForPlatform(KeywordExecutor.groovy:74)
	at com.kms.katalon.core.mobile.keyword.MobileBuiltInKeywords.verifyElementExist(MobileBuiltInKeywords.groovy:1755)
	at com.kms.katalon.core.mobile.keyword.MobileBuiltInKeywords$verifyElementExist$8.call(Unknown Source)
	at duitNow_mobileNumberFavTransaction.run(duitNow_mobileNumberFavTransaction:266)
	at com.kms.katalon.core.main.ScriptEngine.run(ScriptEngine.java:194)
	at com.kms.katalon.core.main.ScriptEngine.runScriptAsRawText(ScriptEngine.java:119)
	at com.kms.katalon.core.main.TestCaseExecutor.runScript(TestCaseExecutor.java:445)
	at com.kms.katalon.core.main.TestCaseExecutor.doExecute(TestCaseExecutor.java:436)
	at com.kms.katalon.core.main.TestCaseExecutor.processExecutionPhase(TestCaseExecutor.java:415)
	at com.kms.katalon.core.main.TestCaseExecutor.accessMainPhase(TestCaseExecutor.java:407)
	at com.kms.katalon.core.main.TestCaseExecutor.execute(TestCaseExecutor.java:284)
	at com.kms.katalon.core.common.CommonExecutor.accessTestCaseMainPhase(CommonExecutor.java:65)
	at com.kms.katalon.core.main.TestSuiteExecutor.accessTestSuiteMainPhase(TestSuiteExecutor.java:144)
	at com.kms.katalon.core.main.TestSuiteExecutor.execute(TestSuiteExecutor.java:106)
	at com.kms.katalon.core.main.TestCaseMain.startTestSuite(TestCaseMain.java:185)
	at com.kms.katalon.core.main.TestCaseMain$startTestSuite$0.call(Unknown Source)
	at TempTestSuite1655794262003.run(TempTestSuite1655794262003.groovy:36)
)

2022-06-21 15:47:17 - [TEST_STEP][FAILED] - verifyElementExist(findTestObject("Duit Now/duitNowConfirmationTnCTitleTxt"), 0): Failed to check for element 'Object Repository/Duit Now/duitNowConfirmationTnCTitleTxt' exist (Root cause: org.openqa.selenium.WebDriverException: An unknown server-side error occurred while processing the command. Original error: 'GET /window/current/size' cannot be proxied to UiAutomator2 server because the instrumentation process is not running (probably crashed). Check the server log and/or the logcat output for more details
Build info: version: '3.141.59', revision: 'e82be7d358', time: '2018-11-14T08:25:53'
System info: host: '00139272s-MacBook-Pro.local', ip: '2001:e68:6167:4601:85f6:f1eb:65d1:8553%en0', os.name: 'Mac OS X', os.arch: 'x86_64', os.version: '10.16', java.version: '1.8.0_275'
Driver info: com.kms.katalon.core.appium.driver.SwipeableAndroidDriver
Capabilities {app: /Users/a00139272/Katalon St..., appActivity: com.maybank2u.life.MainActi..., appPackage: com.maybank2u.life.sit, appWaitActivity: *, autoGrantPermissions: true, automationName: uiautomator2, chromedriverPort: 58888, databaseEnabled: false, desired: {app: /Users/a00139272/Katalon St..., appActivity: com.maybank2u.life.MainActi..., appPackage: com.maybank2u.life.sit, appWaitActivity: *, autoGrantPermissions: true, automationName: uiautomator2, chromedriverPort: 58888, deviceId: 002b9cc60508, deviceName: Xiaomi 21061119AG (Android 11), fullReset: false, newCommandTimeout: 1800, noReset: true, platform: ANDROID, platformName: android, platformVersion: 11, systemPort: 58886, udid: 002b9cc60508}, deviceApiLevel: 30, deviceId: 002b9cc60508, deviceManufacturer: Xiaomi, deviceModel: 21061119AG, deviceName: 002b9cc60508, deviceScreenDensity: 440, deviceScreenSize: 1080x2400, deviceUDID: 002b9cc60508, fullReset: false, javascriptEnabled: true, locationContextEnabled: false, networkConnectionEnabled: true, newCommandTimeout: 1800, noReset: true, pixelRatio: 2.75, platform: ANDROID, platformName: Android, platformVersion: 11, statBarHeight: 103, systemPort: 58886, takesScreenshot: true, udid: 002b9cc60508, viewportRect: {height: 2064, left: 0, top: 103, width: 1080}, warnings: {}, webStorageEnabled: false}
Session ID: 5fc04fe1-5498-4b3a-814a-182076c98f18
	at org.openqa.selenium.remote.http.W3CHttpResponseCodec.createException(W3CHttpResponseCodec.java:187)
	at org.openqa.selenium.remote.http.W3CHttpResponseCodec.decode(W3CHttpResponseCodec.java:122)
	at org.openqa.selenium.remote.http.W3CHttpResponseCodec.decode(W3CHttpResponseCodec.java:49)
	at org.openqa.selenium.remote.HttpCommandExecutor.execute(HttpCommandExecutor.java:158)
	at io.appium.java_client.remote.AppiumCommandExecutor.execute(AppiumCommandExecutor.java:239)
	at org.openqa.selenium.remote.RemoteWebDriver.execute(RemoteWebDriver.java:552)
	at io.appium.java_client.DefaultGenericMobileDriver.execute(DefaultGenericMobileDriver.java:46)
	at io.appium.java_client.AppiumDriver.execute(AppiumDriver.java:1)
	at io.appium.java_client.android.AndroidDriver.execute(AndroidDriver.java:1)
	at com.kms.katalon.core.appium.driver.SwipeableAndroidDriver.execute(SwipeableAndroidDriver.java:1)
	at org.openqa.selenium.remote.RemoteWebDriver$RemoteWebDriverOptions$RemoteWindow.getSize(RemoteWebDriver.java:813)
	at org.openqa.selenium.WebDriver$Window$getSize.call(Unknown Source)
	at com.kms.katalon.core.mobile.keyword.internal.MobileAbstractKeyword.findElement(MobileAbstractKeyword.groovy:81)
	at com.kms.katalon.core.mobile.keyword.builtin.VerifyElementExistKeyword.access$1(VerifyElementExistKeyword.groovy)
	at com.kms.katalon.core.mobile.keyword.builtin.VerifyElementExistKeyword$_verifyElementExist_closure1.doCall(VerifyElementExistKeyword.groovy:72)
	at com.kms.katalon.core.mobile.keyword.builtin.VerifyElementExistKeyword$_verifyElementExist_closure1.call(VerifyElementExistKeyword.groovy)
	at com.kms.katalon.core.mobile.keyword.internal.MobileKeywordMain.runKeyword(MobileKeywordMain.groovy:21)
	at com.kms.katalon.core.mobile.keyword.builtin.VerifyElementExistKeyword.verifyElementExist(VerifyElementExistKeyword.groovy:80)
	at com.kms.katalon.core.mobile.keyword.builtin.VerifyElementExistKeyword.execute(VerifyElementExistKeyword.groovy:64)
	at com.kms.katalon.core.keyword.internal.KeywordExecutor.executeKeywordForPlatform(KeywordExecutor.groovy:74)
	at com.kms.katalon.core.mobile.keyword.MobileBuiltInKeywords.verifyElementExist(MobileBuiltInKeywords.groovy:1755)
	at com.kms.katalon.core.mobile.keyword.MobileBuiltInKeywords$verifyElementExist$8.call(Unknown Source)
	at duitNow_mobileNumberFavTransaction.run(duitNow_mobileNumberFavTransaction:268)
	at com.kms.katalon.core.main.ScriptEngine.run(ScriptEngine.java:194)
	at com.kms.katalon.core.main.ScriptEngine.runScriptAsRawText(ScriptEngine.java:119)
	at com.kms.katalon.core.main.TestCaseExecutor.runScript(TestCaseExecutor.java:445)
	at com.kms.katalon.core.main.TestCaseExecutor.doExecute(TestCaseExecutor.java:436)
	at com.kms.katalon.core.main.TestCaseExecutor.processExecutionPhase(TestCaseExecutor.java:415)
	at com.kms.katalon.core.main.TestCaseExecutor.accessMainPhase(TestCaseExecutor.java:407)
	at com.kms.katalon.core.main.TestCaseExecutor.execute(TestCaseExecutor.java:284)
	at com.kms.katalon.core.common.CommonExecutor.accessTestCaseMainPhase(CommonExecutor.java:65)
	at com.kms.katalon.core.main.TestSuiteExecutor.accessTestSuiteMainPhase(TestSuiteExecutor.java:144)
	at com.kms.katalon.core.main.TestSuiteExecutor.execute(TestSuiteExecutor.java:106)
	at com.kms.katalon.core.main.TestCaseMain.startTestSuite(TestCaseMain.java:185)
	at com.kms.katalon.core.main.TestCaseMain$startTestSuite$0.call(Unknown Source)
	at TempTestSuite1655794262003.run(TempTestSuite1655794262003.groovy:36)
)

2022-06-21 15:47:17 - [MESSAGE][WARNING] - Timeout '0' is invalid. Using default page load timeout: '40'

2022-06-21 15:47:17 - [MESSAGE][FAILED] - Failed to check for element 'Object Repository/Duit Now/duitNowConfirmationTnCTitleTxt' exist (Root cause: org.openqa.selenium.WebDriverException: An unknown server-side error occurred while processing the command. Original error: 'GET /window/current/size' cannot be proxied to UiAutomator2 server because the instrumentation process is not running (probably crashed). Check the server log and/or the logcat output for more details
Build info: version: '3.141.59', revision: 'e82be7d358', time: '2018-11-14T08:25:53'
System info: host: '00139272s-MacBook-Pro.local', ip: '2001:e68:6167:4601:85f6:f1eb:65d1:8553%en0', os.name: 'Mac OS X', os.arch: 'x86_64', os.version: '10.16', java.version: '1.8.0_275'
Driver info: com.kms.katalon.core.appium.driver.SwipeableAndroidDriver
Capabilities {app: /Users/a00139272/Katalon St..., appActivity: com.maybank2u.life.MainActi..., appPackage: com.maybank2u.life.sit, appWaitActivity: *, autoGrantPermissions: true, automationName: uiautomator2, chromedriverPort: 58888, databaseEnabled: false, desired: {app: /Users/a00139272/Katalon St..., appActivity: com.maybank2u.life.MainActi..., appPackage: com.maybank2u.life.sit, appWaitActivity: *, autoGrantPermissions: true, automationName: uiautomator2, chromedriverPort: 58888, deviceId: 002b9cc60508, deviceName: Xiaomi 21061119AG (Android 11), fullReset: false, newCommandTimeout: 1800, noReset: true, platform: ANDROID, platformName: android, platformVersion: 11, systemPort: 58886, udid: 002b9cc60508}, deviceApiLevel: 30, deviceId: 002b9cc60508, deviceManufacturer: Xiaomi, deviceModel: 21061119AG, deviceName: 002b9cc60508, deviceScreenDensity: 440, deviceScreenSize: 1080x2400, deviceUDID: 002b9cc60508, fullReset: false, javascriptEnabled: true, locationContextEnabled: false, networkConnectionEnabled: true, newCommandTimeout: 1800, noReset: true, pixelRatio: 2.75, platform: ANDROID, platformName: Android, platformVersion: 11, statBarHeight: 103, systemPort: 58886, takesScreenshot: true, udid: 002b9cc60508, viewportRect: {height: 2064, left: 0, top: 103, width: 1080}, warnings: {}, webStorageEnabled: false}
Session ID: 5fc04fe1-5498-4b3a-814a-182076c98f18
	at org.openqa.selenium.remote.http.W3CHttpResponseCodec.createException(W3CHttpResponseCodec.java:187)
	at org.openqa.selenium.remote.http.W3CHttpResponseCodec.decode(W3CHttpResponseCodec.java:122)
	at org.openqa.selenium.remote.http.W3CHttpResponseCodec.decode(W3CHttpResponseCodec.java:49)
	at org.openqa.selenium.remote.HttpCommandExecutor.execute(HttpCommandExecutor.java:158)
	at io.appium.java_client.remote.AppiumCommandExecutor.execute(AppiumCommandExecutor.java:239)
	at org.openqa.selenium.remote.RemoteWebDriver.execute(RemoteWebDriver.java:552)
	at io.appium.java_client.DefaultGenericMobileDriver.execute(DefaultGenericMobileDriver.java:46)
	at io.appium.java_client.AppiumDriver.execute(AppiumDriver.java:1)
	at io.appium.java_client.android.AndroidDriver.execute(AndroidDriver.java:1)
	at com.kms.katalon.core.appium.driver.SwipeableAndroidDriver.execute(SwipeableAndroidDriver.java:1)
	at org.openqa.selenium.remote.RemoteWebDriver$RemoteWebDriverOptions$RemoteWindow.getSize(RemoteWebDriver.java:813)
	at org.openqa.selenium.WebDriver$Window$getSize.call(Unknown Source)
	at com.kms.katalon.core.mobile.keyword.internal.MobileAbstractKeyword.findElement(MobileAbstractKeyword.groovy:81)
	at com.kms.katalon.core.mobile.keyword.builtin.VerifyElementExistKeyword.access$1(VerifyElementExistKeyword.groovy)
	at com.kms.katalon.core.mobile.keyword.builtin.VerifyElementExistKeyword$_verifyElementExist_closure1.doCall(VerifyElementExistKeyword.groovy:72)
	at com.kms.katalon.core.mobile.keyword.builtin.VerifyElementExistKeyword$_verifyElementExist_closure1.call(VerifyElementExistKeyword.groovy)
	at com.kms.katalon.core.mobile.keyword.internal.MobileKeywordMain.runKeyword(MobileKeywordMain.groovy:21)
	at com.kms.katalon.core.mobile.keyword.builtin.VerifyElementExistKeyword.verifyElementExist(VerifyElementExistKeyword.groovy:80)
	at com.kms.katalon.core.mobile.keyword.builtin.VerifyElementExistKeyword.execute(VerifyElementExistKeyword.groovy:64)
	at com.kms.katalon.core.keyword.internal.KeywordExecutor.executeKeywordForPlatform(KeywordExecutor.groovy:74)
	at com.kms.katalon.core.mobile.keyword.MobileBuiltInKeywords.verifyElementExist(MobileBuiltInKeywords.groovy:1755)
	at com.kms.katalon.core.mobile.keyword.MobileBuiltInKeywords$verifyElementExist$8.call(Unknown Source)
	at duitNow_mobileNumberFavTransaction.run(duitNow_mobileNumberFavTransaction:268)
	at com.kms.katalon.core.main.ScriptEngine.run(ScriptEngine.java:194)
	at com.kms.katalon.core.main.ScriptEngine.runScriptAsRawText(ScriptEngine.java:119)
	at com.kms.katalon.core.main.TestCaseExecutor.runScript(TestCaseExecutor.java:445)
	at com.kms.katalon.core.main.TestCaseExecutor.doExecute(TestCaseExecutor.java:436)
	at com.kms.katalon.core.main.TestCaseExecutor.processExecutionPhase(TestCaseExecutor.java:415)
	at com.kms.katalon.core.main.TestCaseExecutor.accessMainPhase(TestCaseExecutor.java:407)
	at com.kms.katalon.core.main.TestCaseExecutor.execute(TestCaseExecutor.java:284)
	at com.kms.katalon.core.common.CommonExecutor.accessTestCaseMainPhase(CommonExecutor.java:65)
	at com.kms.katalon.core.main.TestSuiteExecutor.accessTestSuiteMainPhase(TestSuiteExecutor.java:144)
	at com.kms.katalon.core.main.TestSuiteExecutor.execute(TestSuiteExecutor.java:106)
	at com.kms.katalon.core.main.TestCaseMain.startTestSuite(TestCaseMain.java:185)
	at com.kms.katalon.core.main.TestCaseMain$startTestSuite$0.call(Unknown Source)
	at TempTestSuite1655794262003.run(TempTestSuite1655794262003.groovy:36)
)

2022-06-21 15:47:17 - [TEST_STEP][FAILED] - verifyElementExist(findTestObject("Duit Now/duitNowConfirmationNoteContentTxt"), 0): Failed to check for element 'Object Repository/Duit Now/duitNowConfirmationNoteContentTxt' exist (Root cause: org.openqa.selenium.WebDriverException: An unknown server-side error occurred while processing the command. Original error: 'GET /window/current/size' cannot be proxied to UiAutomator2 server because the instrumentation process is not running (probably crashed). Check the server log and/or the logcat output for more details
Build info: version: '3.141.59', revision: 'e82be7d358', time: '2018-11-14T08:25:53'
System info: host: '00139272s-MacBook-Pro.local', ip: '2001:e68:6167:4601:85f6:f1eb:65d1:8553%en0', os.name: 'Mac OS X', os.arch: 'x86_64', os.version: '10.16', java.version: '1.8.0_275'
Driver info: com.kms.katalon.core.appium.driver.SwipeableAndroidDriver
Capabilities {app: /Users/a00139272/Katalon St..., appActivity: com.maybank2u.life.MainActi..., appPackage: com.maybank2u.life.sit, appWaitActivity: *, autoGrantPermissions: true, automationName: uiautomator2, chromedriverPort: 58888, databaseEnabled: false, desired: {app: /Users/a00139272/Katalon St..., appActivity: com.maybank2u.life.MainActi..., appPackage: com.maybank2u.life.sit, appWaitActivity: *, autoGrantPermissions: true, automationName: uiautomator2, chromedriverPort: 58888, deviceId: 002b9cc60508, deviceName: Xiaomi 21061119AG (Android 11), fullReset: false, newCommandTimeout: 1800, noReset: true, platform: ANDROID, platformName: android, platformVersion: 11, systemPort: 58886, udid: 002b9cc60508}, deviceApiLevel: 30, deviceId: 002b9cc60508, deviceManufacturer: Xiaomi, deviceModel: 21061119AG, deviceName: 002b9cc60508, deviceScreenDensity: 440, deviceScreenSize: 1080x2400, deviceUDID: 002b9cc60508, fullReset: false, javascriptEnabled: true, locationContextEnabled: false, networkConnectionEnabled: true, newCommandTimeout: 1800, noReset: true, pixelRatio: 2.75, platform: ANDROID, platformName: Android, platformVersion: 11, statBarHeight: 103, systemPort: 58886, takesScreenshot: true, udid: 002b9cc60508, viewportRect: {height: 2064, left: 0, top: 103, width: 1080}, warnings: {}, webStorageEnabled: false}
Session ID: 5fc04fe1-5498-4b3a-814a-182076c98f18
	at org.openqa.selenium.remote.http.W3CHttpResponseCodec.createException(W3CHttpResponseCodec.java:187)
	at org.openqa.selenium.remote.http.W3CHttpResponseCodec.decode(W3CHttpResponseCodec.java:122)
	at org.openqa.selenium.remote.http.W3CHttpResponseCodec.decode(W3CHttpResponseCodec.java:49)
	at org.openqa.selenium.remote.HttpCommandExecutor.execute(HttpCommandExecutor.java:158)
	at io.appium.java_client.remote.AppiumCommandExecutor.execute(AppiumCommandExecutor.java:239)
	at org.openqa.selenium.remote.RemoteWebDriver.execute(RemoteWebDriver.java:552)
	at io.appium.java_client.DefaultGenericMobileDriver.execute(DefaultGenericMobileDriver.java:46)
	at io.appium.java_client.AppiumDriver.execute(AppiumDriver.java:1)
	at io.appium.java_client.android.AndroidDriver.execute(AndroidDriver.java:1)
	at com.kms.katalon.core.appium.driver.SwipeableAndroidDriver.execute(SwipeableAndroidDriver.java:1)
	at org.openqa.selenium.remote.RemoteWebDriver$RemoteWebDriverOptions$RemoteWindow.getSize(RemoteWebDriver.java:813)
	at org.openqa.selenium.WebDriver$Window$getSize.call(Unknown Source)
	at com.kms.katalon.core.mobile.keyword.internal.MobileAbstractKeyword.findElement(MobileAbstractKeyword.groovy:81)
	at com.kms.katalon.core.mobile.keyword.builtin.VerifyElementExistKeyword.access$1(VerifyElementExistKeyword.groovy)
	at com.kms.katalon.core.mobile.keyword.builtin.VerifyElementExistKeyword$_verifyElementExist_closure1.doCall(VerifyElementExistKeyword.groovy:72)
	at com.kms.katalon.core.mobile.keyword.builtin.VerifyElementExistKeyword$_verifyElementExist_closure1.call(VerifyElementExistKeyword.groovy)
	at com.kms.katalon.core.mobile.keyword.internal.MobileKeywordMain.runKeyword(MobileKeywordMain.groovy:21)
	at com.kms.katalon.core.mobile.keyword.builtin.VerifyElementExistKeyword.verifyElementExist(VerifyElementExistKeyword.groovy:80)
	at com.kms.katalon.core.mobile.keyword.builtin.VerifyElementExistKeyword.execute(VerifyElementExistKeyword.groovy:64)
	at com.kms.katalon.core.keyword.internal.KeywordExecutor.executeKeywordForPlatform(KeywordExecutor.groovy:74)
	at com.kms.katalon.core.mobile.keyword.MobileBuiltInKeywords.verifyElementExist(MobileBuiltInKeywords.groovy:1755)
	at com.kms.katalon.core.mobile.keyword.MobileBuiltInKeywords$verifyElementExist$8.call(Unknown Source)
	at duitNow_mobileNumberFavTransaction.run(duitNow_mobileNumberFavTransaction:270)
	at com.kms.katalon.core.main.ScriptEngine.run(ScriptEngine.java:194)
	at com.kms.katalon.core.main.ScriptEngine.runScriptAsRawText(ScriptEngine.java:119)
	at com.kms.katalon.core.main.TestCaseExecutor.runScript(TestCaseExecutor.java:445)
	at com.kms.katalon.core.main.TestCaseExecutor.doExecute(TestCaseExecutor.java:436)
	at com.kms.katalon.core.main.TestCaseExecutor.processExecutionPhase(TestCaseExecutor.java:415)
	at com.kms.katalon.core.main.TestCaseExecutor.accessMainPhase(TestCaseExecutor.java:407)
	at com.kms.katalon.core.main.TestCaseExecutor.execute(TestCaseExecutor.java:284)
	at com.kms.katalon.core.common.CommonExecutor.accessTestCaseMainPhase(CommonExecutor.java:65)
	at com.kms.katalon.core.main.TestSuiteExecutor.accessTestSuiteMainPhase(TestSuiteExecutor.java:144)
	at com.kms.katalon.core.main.TestSuiteExecutor.execute(TestSuiteExecutor.java:106)
	at com.kms.katalon.core.main.TestCaseMain.startTestSuite(TestCaseMain.java:185)
	at com.kms.katalon.core.main.TestCaseMain$startTestSuite$0.call(Unknown Source)
	at TempTestSuite1655794262003.run(TempTestSuite1655794262003.groovy:36)
)

2022-06-21 15:47:17 - [MESSAGE][WARNING] - Timeout '0' is invalid. Using default page load timeout: '40'

2022-06-21 15:47:17 - [MESSAGE][FAILED] - Failed to check for element 'Object Repository/Duit Now/duitNowConfirmationNoteContentTxt' exist (Root cause: org.openqa.selenium.WebDriverException: An unknown server-side error occurred while processing the command. Original error: 'GET /window/current/size' cannot be proxied to UiAutomator2 server because the instrumentation process is not running (probably crashed). Check the server log and/or the logcat output for more details
Build info: version: '3.141.59', revision: 'e82be7d358', time: '2018-11-14T08:25:53'
System info: host: '00139272s-MacBook-Pro.local', ip: '2001:e68:6167:4601:85f6:f1eb:65d1:8553%en0', os.name: 'Mac OS X', os.arch: 'x86_64', os.version: '10.16', java.version: '1.8.0_275'
Driver info: com.kms.katalon.core.appium.driver.SwipeableAndroidDriver
Capabilities {app: /Users/a00139272/Katalon St..., appActivity: com.maybank2u.life.MainActi..., appPackage: com.maybank2u.life.sit, appWaitActivity: *, autoGrantPermissions: true, automationName: uiautomator2, chromedriverPort: 58888, databaseEnabled: false, desired: {app: /Users/a00139272/Katalon St..., appActivity: com.maybank2u.life.MainActi..., appPackage: com.maybank2u.life.sit, appWaitActivity: *, autoGrantPermissions: true, automationName: uiautomator2, chromedriverPort: 58888, deviceId: 002b9cc60508, deviceName: Xiaomi 21061119AG (Android 11), fullReset: false, newCommandTimeout: 1800, noReset: true, platform: ANDROID, platformName: android, platformVersion: 11, systemPort: 58886, udid: 002b9cc60508}, deviceApiLevel: 30, deviceId: 002b9cc60508, deviceManufacturer: Xiaomi, deviceModel: 21061119AG, deviceName: 002b9cc60508, deviceScreenDensity: 440, deviceScreenSize: 1080x2400, deviceUDID: 002b9cc60508, fullReset: false, javascriptEnabled: true, locationContextEnabled: false, networkConnectionEnabled: true, newCommandTimeout: 1800, noReset: true, pixelRatio: 2.75, platform: ANDROID, platformName: Android, platformVersion: 11, statBarHeight: 103, systemPort: 58886, takesScreenshot: true, udid: 002b9cc60508, viewportRect: {height: 2064, left: 0, top: 103, width: 1080}, warnings: {}, webStorageEnabled: false}
Session ID: 5fc04fe1-5498-4b3a-814a-182076c98f18
	at org.openqa.selenium.remote.http.W3CHttpResponseCodec.createException(W3CHttpResponseCodec.java:187)
	at org.openqa.selenium.remote.http.W3CHttpResponseCodec.decode(W3CHttpResponseCodec.java:122)
	at org.openqa.selenium.remote.http.W3CHttpResponseCodec.decode(W3CHttpResponseCodec.java:49)
	at org.openqa.selenium.remote.HttpCommandExecutor.execute(HttpCommandExecutor.java:158)
	at io.appium.java_client.remote.AppiumCommandExecutor.execute(AppiumCommandExecutor.java:239)
	at org.openqa.selenium.remote.RemoteWebDriver.execute(RemoteWebDriver.java:552)
	at io.appium.java_client.DefaultGenericMobileDriver.execute(DefaultGenericMobileDriver.java:46)
	at io.appium.java_client.AppiumDriver.execute(AppiumDriver.java:1)
	at io.appium.java_client.android.AndroidDriver.execute(AndroidDriver.java:1)
	at com.kms.katalon.core.appium.driver.SwipeableAndroidDriver.execute(SwipeableAndroidDriver.java:1)
	at org.openqa.selenium.remote.RemoteWebDriver$RemoteWebDriverOptions$RemoteWindow.getSize(RemoteWebDriver.java:813)
	at org.openqa.selenium.WebDriver$Window$getSize.call(Unknown Source)
	at com.kms.katalon.core.mobile.keyword.internal.MobileAbstractKeyword.findElement(MobileAbstractKeyword.groovy:81)
	at com.kms.katalon.core.mobile.keyword.builtin.VerifyElementExistKeyword.access$1(VerifyElementExistKeyword.groovy)
	at com.kms.katalon.core.mobile.keyword.builtin.VerifyElementExistKeyword$_verifyElementExist_closure1.doCall(VerifyElementExistKeyword.groovy:72)
	at com.kms.katalon.core.mobile.keyword.builtin.VerifyElementExistKeyword$_verifyElementExist_closure1.call(VerifyElementExistKeyword.groovy)
	at com.kms.katalon.core.mobile.keyword.internal.MobileKeywordMain.runKeyword(MobileKeywordMain.groovy:21)
	at com.kms.katalon.core.mobile.keyword.builtin.VerifyElementExistKeyword.verifyElementExist(VerifyElementExistKeyword.groovy:80)
	at com.kms.katalon.core.mobile.keyword.builtin.VerifyElementExistKeyword.execute(VerifyElementExistKeyword.groovy:64)
	at com.kms.katalon.core.keyword.internal.KeywordExecutor.executeKeywordForPlatform(KeywordExecutor.groovy:74)
	at com.kms.katalon.core.mobile.keyword.MobileBuiltInKeywords.verifyElementExist(MobileBuiltInKeywords.groovy:1755)
	at com.kms.katalon.core.mobile.keyword.MobileBuiltInKeywords$verifyElementExist$8.call(Unknown Source)
	at duitNow_mobileNumberFavTransaction.run(duitNow_mobileNumberFavTransaction:270)
	at com.kms.katalon.core.main.ScriptEngine.run(ScriptEngine.java:194)
	at com.kms.katalon.core.main.ScriptEngine.runScriptAsRawText(ScriptEngine.java:119)
	at com.kms.katalon.core.main.TestCaseExecutor.runScript(TestCaseExecutor.java:445)
	at com.kms.katalon.core.main.TestCaseExecutor.doExecute(TestCaseExecutor.java:436)
	at com.kms.katalon.core.main.TestCaseExecutor.processExecutionPhase(TestCaseExecutor.java:415)
	at com.kms.katalon.core.main.TestCaseExecutor.accessMainPhase(TestCaseExecutor.java:407)
	at com.kms.katalon.core.main.TestCaseExecutor.execute(TestCaseExecutor.java:284)
	at com.kms.katalon.core.common.CommonExecutor.accessTestCaseMainPhase(CommonExecutor.java:65)
	at com.kms.katalon.core.main.TestSuiteExecutor.accessTestSuiteMainPhase(TestSuiteExecutor.java:144)
	at com.kms.katalon.core.main.TestSuiteExecutor.execute(TestSuiteExecutor.java:106)
	at com.kms.katalon.core.main.TestCaseMain.startTestSuite(TestCaseMain.java:185)
	at com.kms.katalon.core.main.TestCaseMain$startTestSuite$0.call(Unknown Source)
	at TempTestSuite1655794262003.run(TempTestSuite1655794262003.groovy:36)
)

2022-06-21 15:47:17 - [TEST_STEP][FAILED] - verifyElementExist(findTestObject("Duit Now/duitNowConfirmationDeclarationContentTxt"), 0): Failed to check for element 'Object Repository/Duit Now/duitNowConfirmationDeclarationContentTxt' exist (Root cause: org.openqa.selenium.WebDriverException: An unknown server-side error occurred while processing the command. Original error: 'GET /window/current/size' cannot be proxied to UiAutomator2 server because the instrumentation process is not running (probably crashed). Check the server log and/or the logcat output for more details
Build info: version: '3.141.59', revision: 'e82be7d358', time: '2018-11-14T08:25:53'
System info: host: '00139272s-MacBook-Pro.local', ip: '2001:e68:6167:4601:85f6:f1eb:65d1:8553%en0', os.name: 'Mac OS X', os.arch: 'x86_64', os.version: '10.16', java.version: '1.8.0_275'
Driver info: com.kms.katalon.core.appium.driver.SwipeableAndroidDriver
Capabilities {app: /Users/a00139272/Katalon St..., appActivity: com.maybank2u.life.MainActi..., appPackage: com.maybank2u.life.sit, appWaitActivity: *, autoGrantPermissions: true, automationName: uiautomator2, chromedriverPort: 58888, databaseEnabled: false, desired: {app: /Users/a00139272/Katalon St..., appActivity: com.maybank2u.life.MainActi..., appPackage: com.maybank2u.life.sit, appWaitActivity: *, autoGrantPermissions: true, automationName: uiautomator2, chromedriverPort: 58888, deviceId: 002b9cc60508, deviceName: Xiaomi 21061119AG (Android 11), fullReset: false, newCommandTimeout: 1800, noReset: true, platform: ANDROID, platformName: android, platformVersion: 11, systemPort: 58886, udid: 002b9cc60508}, deviceApiLevel: 30, deviceId: 002b9cc60508, deviceManufacturer: Xiaomi, deviceModel: 21061119AG, deviceName: 002b9cc60508, deviceScreenDensity: 440, deviceScreenSize: 1080x2400, deviceUDID: 002b9cc60508, fullReset: false, javascriptEnabled: true, locationContextEnabled: false, networkConnectionEnabled: true, newCommandTimeout: 1800, noReset: true, pixelRatio: 2.75, platform: ANDROID, platformName: Android, platformVersion: 11, statBarHeight: 103, systemPort: 58886, takesScreenshot: true, udid: 002b9cc60508, viewportRect: {height: 2064, left: 0, top: 103, width: 1080}, warnings: {}, webStorageEnabled: false}
Session ID: 5fc04fe1-5498-4b3a-814a-182076c98f18
	at org.openqa.selenium.remote.http.W3CHttpResponseCodec.createException(W3CHttpResponseCodec.java:187)
	at org.openqa.selenium.remote.http.W3CHttpResponseCodec.decode(W3CHttpResponseCodec.java:122)
	at org.openqa.selenium.remote.http.W3CHttpResponseCodec.decode(W3CHttpResponseCodec.java:49)
	at org.openqa.selenium.remote.HttpCommandExecutor.execute(HttpCommandExecutor.java:158)
	at io.appium.java_client.remote.AppiumCommandExecutor.execute(AppiumCommandExecutor.java:239)
	at org.openqa.selenium.remote.RemoteWebDriver.execute(RemoteWebDriver.java:552)
	at io.appium.java_client.DefaultGenericMobileDriver.execute(DefaultGenericMobileDriver.java:46)
	at io.appium.java_client.AppiumDriver.execute(AppiumDriver.java:1)
	at io.appium.java_client.android.AndroidDriver.execute(AndroidDriver.java:1)
	at com.kms.katalon.core.appium.driver.SwipeableAndroidDriver.execute(SwipeableAndroidDriver.java:1)
	at org.openqa.selenium.remote.RemoteWebDriver$RemoteWebDriverOptions$RemoteWindow.getSize(RemoteWebDriver.java:813)
	at org.openqa.selenium.WebDriver$Window$getSize.call(Unknown Source)
	at com.kms.katalon.core.mobile.keyword.internal.MobileAbstractKeyword.findElement(MobileAbstractKeyword.groovy:81)
	at com.kms.katalon.core.mobile.keyword.builtin.VerifyElementExistKeyword.access$1(VerifyElementExistKeyword.groovy)
	at com.kms.katalon.core.mobile.keyword.builtin.VerifyElementExistKeyword$_verifyElementExist_closure1.doCall(VerifyElementExistKeyword.groovy:72)
	at com.kms.katalon.core.mobile.keyword.builtin.VerifyElementExistKeyword$_verifyElementExist_closure1.call(VerifyElementExistKeyword.groovy)
	at com.kms.katalon.core.mobile.keyword.internal.MobileKeywordMain.runKeyword(MobileKeywordMain.groovy:21)
	at com.kms.katalon.core.mobile.keyword.builtin.VerifyElementExistKeyword.verifyElementExist(VerifyElementExistKeyword.groovy:80)
	at com.kms.katalon.core.mobile.keyword.builtin.VerifyElementExistKeyword.execute(VerifyElementExistKeyword.groovy:64)
	at com.kms.katalon.core.keyword.internal.KeywordExecutor.executeKeywordForPlatform(KeywordExecutor.groovy:74)
	at com.kms.katalon.core.mobile.keyword.MobileBuiltInKeywords.verifyElementExist(MobileBuiltInKeywords.groovy:1755)
	at com.kms.katalon.core.mobile.keyword.MobileBuiltInKeywords$verifyElementExist$8.call(Unknown Source)
	at duitNow_mobileNumberFavTransaction.run(duitNow_mobileNumberFavTransaction:272)
	at com.kms.katalon.core.main.ScriptEngine.run(ScriptEngine.java:194)
	at com.kms.katalon.core.main.ScriptEngine.runScriptAsRawText(ScriptEngine.java:119)
	at com.kms.katalon.core.main.TestCaseExecutor.runScript(TestCaseExecutor.java:445)
	at com.kms.katalon.core.main.TestCaseExecutor.doExecute(TestCaseExecutor.java:436)
	at com.kms.katalon.core.main.TestCaseExecutor.processExecutionPhase(TestCaseExecutor.java:415)
	at com.kms.katalon.core.main.TestCaseExecutor.accessMainPhase(TestCaseExecutor.java:407)
	at com.kms.katalon.core.main.TestCaseExecutor.execute(TestCaseExecutor.java:284)
	at com.kms.katalon.core.common.CommonExecutor.accessTestCaseMainPhase(CommonExecutor.java:65)
	at com.kms.katalon.core.main.TestSuiteExecutor.accessTestSuiteMainPhase(TestSuiteExecutor.java:144)
	at com.kms.katalon.core.main.TestSuiteExecutor.execute(TestSuiteExecutor.java:106)
	at com.kms.katalon.core.main.TestCaseMain.startTestSuite(TestCaseMain.java:185)
	at com.kms.katalon.core.main.TestCaseMain$startTestSuite$0.call(Unknown Source)
	at TempTestSuite1655794262003.run(TempTestSuite1655794262003.groovy:36)
)

2022-06-21 15:47:17 - [MESSAGE][WARNING] - Timeout '0' is invalid. Using default page load timeout: '40'

2022-06-21 15:47:17 - [MESSAGE][FAILED] - Failed to check for element 'Object Repository/Duit Now/duitNowConfirmationDeclarationContentTxt' exist (Root cause: org.openqa.selenium.WebDriverException: An unknown server-side error occurred while processing the command. Original error: 'GET /window/current/size' cannot be proxied to UiAutomator2 server because the instrumentation process is not running (probably crashed). Check the server log and/or the logcat output for more details
Build info: version: '3.141.59', revision: 'e82be7d358', time: '2018-11-14T08:25:53'
System info: host: '00139272s-MacBook-Pro.local', ip: '2001:e68:6167:4601:85f6:f1eb:65d1:8553%en0', os.name: 'Mac OS X', os.arch: 'x86_64', os.version: '10.16', java.version: '1.8.0_275'
Driver info: com.kms.katalon.core.appium.driver.SwipeableAndroidDriver
Capabilities {app: /Users/a00139272/Katalon St..., appActivity: com.maybank2u.life.MainActi..., appPackage: com.maybank2u.life.sit, appWaitActivity: *, autoGrantPermissions: true, automationName: uiautomator2, chromedriverPort: 58888, databaseEnabled: false, desired: {app: /Users/a00139272/Katalon St..., appActivity: com.maybank2u.life.MainActi..., appPackage: com.maybank2u.life.sit, appWaitActivity: *, autoGrantPermissions: true, automationName: uiautomator2, chromedriverPort: 58888, deviceId: 002b9cc60508, deviceName: Xiaomi 21061119AG (Android 11), fullReset: false, newCommandTimeout: 1800, noReset: true, platform: ANDROID, platformName: android, platformVersion: 11, systemPort: 58886, udid: 002b9cc60508}, deviceApiLevel: 30, deviceId: 002b9cc60508, deviceManufacturer: Xiaomi, deviceModel: 21061119AG, deviceName: 002b9cc60508, deviceScreenDensity: 440, deviceScreenSize: 1080x2400, deviceUDID: 002b9cc60508, fullReset: false, javascriptEnabled: true, locationContextEnabled: false, networkConnectionEnabled: true, newCommandTimeout: 1800, noReset: true, pixelRatio: 2.75, platform: ANDROID, platformName: Android, platformVersion: 11, statBarHeight: 103, systemPort: 58886, takesScreenshot: true, udid: 002b9cc60508, viewportRect: {height: 2064, left: 0, top: 103, width: 1080}, warnings: {}, webStorageEnabled: false}
Session ID: 5fc04fe1-5498-4b3a-814a-182076c98f18
	at org.openqa.selenium.remote.http.W3CHttpResponseCodec.createException(W3CHttpResponseCodec.java:187)
	at org.openqa.selenium.remote.http.W3CHttpResponseCodec.decode(W3CHttpResponseCodec.java:122)
	at org.openqa.selenium.remote.http.W3CHttpResponseCodec.decode(W3CHttpResponseCodec.java:49)
	at org.openqa.selenium.remote.HttpCommandExecutor.execute(HttpCommandExecutor.java:158)
	at io.appium.java_client.remote.AppiumCommandExecutor.execute(AppiumCommandExecutor.java:239)
	at org.openqa.selenium.remote.RemoteWebDriver.execute(RemoteWebDriver.java:552)
	at io.appium.java_client.DefaultGenericMobileDriver.execute(DefaultGenericMobileDriver.java:46)
	at io.appium.java_client.AppiumDriver.execute(AppiumDriver.java:1)
	at io.appium.java_client.android.AndroidDriver.execute(AndroidDriver.java:1)
	at com.kms.katalon.core.appium.driver.SwipeableAndroidDriver.execute(SwipeableAndroidDriver.java:1)
	at org.openqa.selenium.remote.RemoteWebDriver$RemoteWebDriverOptions$RemoteWindow.getSize(RemoteWebDriver.java:813)
	at org.openqa.selenium.WebDriver$Window$getSize.call(Unknown Source)
	at com.kms.katalon.core.mobile.keyword.internal.MobileAbstractKeyword.findElement(MobileAbstractKeyword.groovy:81)
	at com.kms.katalon.core.mobile.keyword.builtin.VerifyElementExistKeyword.access$1(VerifyElementExistKeyword.groovy)
	at com.kms.katalon.core.mobile.keyword.builtin.VerifyElementExistKeyword$_verifyElementExist_closure1.doCall(VerifyElementExistKeyword.groovy:72)
	at com.kms.katalon.core.mobile.keyword.builtin.VerifyElementExistKeyword$_verifyElementExist_closure1.call(VerifyElementExistKeyword.groovy)
	at com.kms.katalon.core.mobile.keyword.internal.MobileKeywordMain.runKeyword(MobileKeywordMain.groovy:21)
	at com.kms.katalon.core.mobile.keyword.builtin.VerifyElementExistKeyword.verifyElementExist(VerifyElementExistKeyword.groovy:80)
	at com.kms.katalon.core.mobile.keyword.builtin.VerifyElementExistKeyword.execute(VerifyElementExistKeyword.groovy:64)
	at com.kms.katalon.core.keyword.internal.KeywordExecutor.executeKeywordForPlatform(KeywordExecutor.groovy:74)
	at com.kms.katalon.core.mobile.keyword.MobileBuiltInKeywords.verifyElementExist(MobileBuiltInKeywords.groovy:1755)
	at com.kms.katalon.core.mobile.keyword.MobileBuiltInKeywords$verifyElementExist$8.call(Unknown Source)
	at duitNow_mobileNumberFavTransaction.run(duitNow_mobileNumberFavTransaction:272)
	at com.kms.katalon.core.main.ScriptEngine.run(ScriptEngine.java:194)
	at com.kms.katalon.core.main.ScriptEngine.runScriptAsRawText(ScriptEngine.java:119)
	at com.kms.katalon.core.main.TestCaseExecutor.runScript(TestCaseExecutor.java:445)
	at com.kms.katalon.core.main.TestCaseExecutor.doExecute(TestCaseExecutor.java:436)
	at com.kms.katalon.core.main.TestCaseExecutor.processExecutionPhase(TestCaseExecutor.java:415)
	at com.kms.katalon.core.main.TestCaseExecutor.accessMainPhase(TestCaseExecutor.java:407)
	at com.kms.katalon.core.main.TestCaseExecutor.execute(TestCaseExecutor.java:284)
	at com.kms.katalon.core.common.CommonExecutor.accessTestCaseMainPhase(CommonExecutor.java:65)
	at com.kms.katalon.core.main.TestSuiteExecutor.accessTestSuiteMainPhase(TestSuiteExecutor.java:144)
	at com.kms.katalon.core.main.TestSuiteExecutor.execute(TestSuiteExecutor.java:106)
	at com.kms.katalon.core.main.TestCaseMain.startTestSuite(TestCaseMain.java:185)
	at com.kms.katalon.core.main.TestCaseMain$startTestSuite$0.call(Unknown Source)
	at TempTestSuite1655794262003.run(TempTestSuite1655794262003.groovy:36)
)

2022-06-21 15:47:17 - [TEST_STEP][FAILED] - verifyElementText(findTestObject("Transfer/transferConfirmationFromAccTypeTxt", ["accType":accType]), accType): Verify element text of test object 'Object Repository/Transfer/transferConfirmationFromAccTypeTxt' FAILED. (Root cause: org.openqa.selenium.WebDriverException: An unknown server-side error occurred while processing the command. Original error: 'GET /window/current/size' cannot be proxied to UiAutomator2 server because the instrumentation process is not running (probably crashed). Check the server log and/or the logcat output for more details
Build info: version: '3.141.59', revision: 'e82be7d358', time: '2018-11-14T08:25:53'
System info: host: '00139272s-MacBook-Pro.local', ip: '2001:e68:6167:4601:85f6:f1eb:65d1:8553%en0', os.name: 'Mac OS X', os.arch: 'x86_64', os.version: '10.16', java.version: '1.8.0_275'
Driver info: com.kms.katalon.core.appium.driver.SwipeableAndroidDriver
Capabilities {app: /Users/a00139272/Katalon St..., appActivity: com.maybank2u.life.MainActi..., appPackage: com.maybank2u.life.sit, appWaitActivity: *, autoGrantPermissions: true, automationName: uiautomator2, chromedriverPort: 58888, databaseEnabled: false, desired: {app: /Users/a00139272/Katalon St..., appActivity: com.maybank2u.life.MainActi..., appPackage: com.maybank2u.life.sit, appWaitActivity: *, autoGrantPermissions: true, automationName: uiautomator2, chromedriverPort: 58888, deviceId: 002b9cc60508, deviceName: Xiaomi 21061119AG (Android 11), fullReset: false, newCommandTimeout: 1800, noReset: true, platform: ANDROID, platformName: android, platformVersion: 11, systemPort: 58886, udid: 002b9cc60508}, deviceApiLevel: 30, deviceId: 002b9cc60508, deviceManufacturer: Xiaomi, deviceModel: 21061119AG, deviceName: 002b9cc60508, deviceScreenDensity: 440, deviceScreenSize: 1080x2400, deviceUDID: 002b9cc60508, fullReset: false, javascriptEnabled: true, locationContextEnabled: false, networkConnectionEnabled: true, newCommandTimeout: 1800, noReset: true, pixelRatio: 2.75, platform: ANDROID, platformName: Android, platformVersion: 11, statBarHeight: 103, systemPort: 58886, takesScreenshot: true, udid: 002b9cc60508, viewportRect: {height: 2064, left: 0, top: 103, width: 1080}, warnings: {}, webStorageEnabled: false}
Session ID: 5fc04fe1-5498-4b3a-814a-182076c98f18
	at org.openqa.selenium.remote.http.W3CHttpResponseCodec.createException(W3CHttpResponseCodec.java:187)
	at org.openqa.selenium.remote.http.W3CHttpResponseCodec.decode(W3CHttpResponseCodec.java:122)
	at org.openqa.selenium.remote.http.W3CHttpResponseCodec.decode(W3CHttpResponseCodec.java:49)
	at org.openqa.selenium.remote.HttpCommandExecutor.execute(HttpCommandExecutor.java:158)
	at io.appium.java_client.remote.AppiumCommandExecutor.execute(AppiumCommandExecutor.java:239)
	at org.openqa.selenium.remote.RemoteWebDriver.execute(RemoteWebDriver.java:552)
	at io.appium.java_client.DefaultGenericMobileDriver.execute(DefaultGenericMobileDriver.java:46)
	at io.appium.java_client.AppiumDriver.execute(AppiumDriver.java:1)
	at io.appium.java_client.android.AndroidDriver.execute(AndroidDriver.java:1)
	at com.kms.katalon.core.appium.driver.SwipeableAndroidDriver.execute(SwipeableAndroidDriver.java:1)
	at org.openqa.selenium.remote.RemoteWebDriver$RemoteWebDriverOptions$RemoteWindow.getSize(RemoteWebDriver.java:813)
	at org.openqa.selenium.WebDriver$Window$getSize.call(Unknown Source)
	at com.kms.katalon.core.mobile.keyword.internal.MobileAbstractKeyword.findElement(MobileAbstractKeyword.groovy:81)
	at com.kms.katalon.core.mobile.keyword.builtin.VerifyElementTextKeyword.access$1(VerifyElementTextKeyword.groovy)
	at com.kms.katalon.core.mobile.keyword.builtin.VerifyElementTextKeyword$_verifyElementText_closure1.doCall(VerifyElementTextKeyword.groovy:47)
	at com.kms.katalon.core.mobile.keyword.builtin.VerifyElementTextKeyword$_verifyElementText_closure1.call(VerifyElementTextKeyword.groovy)
	at com.kms.katalon.core.mobile.keyword.internal.MobileKeywordMain.runKeyword(MobileKeywordMain.groovy:21)
	at com.kms.katalon.core.mobile.keyword.builtin.VerifyElementTextKeyword.verifyElementText(VerifyElementTextKeyword.groovy:62)
	at com.kms.katalon.core.mobile.keyword.builtin.VerifyElementTextKeyword.execute(VerifyElementTextKeyword.groovy:39)
	at com.kms.katalon.core.keyword.internal.KeywordExecutor.executeKeywordForPlatform(KeywordExecutor.groovy:74)
	at com.kms.katalon.core.mobile.keyword.MobileBuiltInKeywords.verifyElementText(MobileBuiltInKeywords.groovy:2901)
	at com.kms.katalon.core.mobile.keyword.MobileBuiltInKeywords$verifyElementText$9.call(Unknown Source)
	at duitNow_mobileNumberFavTransaction.run(duitNow_mobileNumberFavTransaction:274)
	at com.kms.katalon.core.main.ScriptEngine.run(ScriptEngine.java:194)
	at com.kms.katalon.core.main.ScriptEngine.runScriptAsRawText(ScriptEngine.java:119)
	at com.kms.katalon.core.main.TestCaseExecutor.runScript(TestCaseExecutor.java:445)
	at com.kms.katalon.core.main.TestCaseExecutor.doExecute(TestCaseExecutor.java:436)
	at com.kms.katalon.core.main.TestCaseExecutor.processExecutionPhase(TestCaseExecutor.java:415)
	at com.kms.katalon.core.main.TestCaseExecutor.accessMainPhase(TestCaseExecutor.java:407)
	at com.kms.katalon.core.main.TestCaseExecutor.execute(TestCaseExecutor.java:284)
	at com.kms.katalon.core.common.CommonExecutor.accessTestCaseMainPhase(CommonExecutor.java:65)
	at com.kms.katalon.core.main.TestSuiteExecutor.accessTestSuiteMainPhase(TestSuiteExecutor.java:144)
	at com.kms.katalon.core.main.TestSuiteExecutor.execute(TestSuiteExecutor.java:106)
	at com.kms.katalon.core.main.TestCaseMain.startTestSuite(TestCaseMain.java:185)
	at com.kms.katalon.core.main.TestCaseMain$startTestSuite$0.call(Unknown Source)
	at TempTestSuite1655794262003.run(TempTestSuite1655794262003.groovy:36)
)

2022-06-21 15:47:17 - [MESSAGE][FAILED] - Verify element text of test object 'Object Repository/Transfer/transferConfirmationFromAccTypeTxt' FAILED. (Root cause: org.openqa.selenium.WebDriverException: An unknown server-side error occurred while processing the command. Original error: 'GET /window/current/size' cannot be proxied to UiAutomator2 server because the instrumentation process is not running (probably crashed). Check the server log and/or the logcat output for more details
Build info: version: '3.141.59', revision: 'e82be7d358', time: '2018-11-14T08:25:53'
System info: host: '00139272s-MacBook-Pro.local', ip: '2001:e68:6167:4601:85f6:f1eb:65d1:8553%en0', os.name: 'Mac OS X', os.arch: 'x86_64', os.version: '10.16', java.version: '1.8.0_275'
Driver info: com.kms.katalon.core.appium.driver.SwipeableAndroidDriver
Capabilities {app: /Users/a00139272/Katalon St..., appActivity: com.maybank2u.life.MainActi..., appPackage: com.maybank2u.life.sit, appWaitActivity: *, autoGrantPermissions: true, automationName: uiautomator2, chromedriverPort: 58888, databaseEnabled: false, desired: {app: /Users/a00139272/Katalon St..., appActivity: com.maybank2u.life.MainActi..., appPackage: com.maybank2u.life.sit, appWaitActivity: *, autoGrantPermissions: true, automationName: uiautomator2, chromedriverPort: 58888, deviceId: 002b9cc60508, deviceName: Xiaomi 21061119AG (Android 11), fullReset: false, newCommandTimeout: 1800, noReset: true, platform: ANDROID, platformName: android, platformVersion: 11, systemPort: 58886, udid: 002b9cc60508}, deviceApiLevel: 30, deviceId: 002b9cc60508, deviceManufacturer: Xiaomi, deviceModel: 21061119AG, deviceName: 002b9cc60508, deviceScreenDensity: 440, deviceScreenSize: 1080x2400, deviceUDID: 002b9cc60508, fullReset: false, javascriptEnabled: true, locationContextEnabled: false, networkConnectionEnabled: true, newCommandTimeout: 1800, noReset: true, pixelRatio: 2.75, platform: ANDROID, platformName: Android, platformVersion: 11, statBarHeight: 103, systemPort: 58886, takesScreenshot: true, udid: 002b9cc60508, viewportRect: {height: 2064, left: 0, top: 103, width: 1080}, warnings: {}, webStorageEnabled: false}
Session ID: 5fc04fe1-5498-4b3a-814a-182076c98f18
	at org.openqa.selenium.remote.http.W3CHttpResponseCodec.createException(W3CHttpResponseCodec.java:187)
	at org.openqa.selenium.remote.http.W3CHttpResponseCodec.decode(W3CHttpResponseCodec.java:122)
	at org.openqa.selenium.remote.http.W3CHttpResponseCodec.decode(W3CHttpResponseCodec.java:49)
	at org.openqa.selenium.remote.HttpCommandExecutor.execute(HttpCommandExecutor.java:158)
	at io.appium.java_client.remote.AppiumCommandExecutor.execute(AppiumCommandExecutor.java:239)
	at org.openqa.selenium.remote.RemoteWebDriver.execute(RemoteWebDriver.java:552)
	at io.appium.java_client.DefaultGenericMobileDriver.execute(DefaultGenericMobileDriver.java:46)
	at io.appium.java_client.AppiumDriver.execute(AppiumDriver.java:1)
	at io.appium.java_client.android.AndroidDriver.execute(AndroidDriver.java:1)
	at com.kms.katalon.core.appium.driver.SwipeableAndroidDriver.execute(SwipeableAndroidDriver.java:1)
	at org.openqa.selenium.remote.RemoteWebDriver$RemoteWebDriverOptions$RemoteWindow.getSize(RemoteWebDriver.java:813)
	at org.openqa.selenium.WebDriver$Window$getSize.call(Unknown Source)
	at com.kms.katalon.core.mobile.keyword.internal.MobileAbstractKeyword.findElement(MobileAbstractKeyword.groovy:81)
	at com.kms.katalon.core.mobile.keyword.builtin.VerifyElementTextKeyword.access$1(VerifyElementTextKeyword.groovy)
	at com.kms.katalon.core.mobile.keyword.builtin.VerifyElementTextKeyword$_verifyElementText_closure1.doCall(VerifyElementTextKeyword.groovy:47)
	at com.kms.katalon.core.mobile.keyword.builtin.VerifyElementTextKeyword$_verifyElementText_closure1.call(VerifyElementTextKeyword.groovy)
	at com.kms.katalon.core.mobile.keyword.internal.MobileKeywordMain.runKeyword(MobileKeywordMain.groovy:21)
	at com.kms.katalon.core.mobile.keyword.builtin.VerifyElementTextKeyword.verifyElementText(VerifyElementTextKeyword.groovy:62)
	at com.kms.katalon.core.mobile.keyword.builtin.VerifyElementTextKeyword.execute(VerifyElementTextKeyword.groovy:39)
	at com.kms.katalon.core.keyword.internal.KeywordExecutor.executeKeywordForPlatform(KeywordExecutor.groovy:74)
	at com.kms.katalon.core.mobile.keyword.MobileBuiltInKeywords.verifyElementText(MobileBuiltInKeywords.groovy:2901)
	at com.kms.katalon.core.mobile.keyword.MobileBuiltInKeywords$verifyElementText$9.call(Unknown Source)
	at duitNow_mobileNumberFavTransaction.run(duitNow_mobileNumberFavTransaction:274)
	at com.kms.katalon.core.main.ScriptEngine.run(ScriptEngine.java:194)
	at com.kms.katalon.core.main.ScriptEngine.runScriptAsRawText(ScriptEngine.java:119)
	at com.kms.katalon.core.main.TestCaseExecutor.runScript(TestCaseExecutor.java:445)
	at com.kms.katalon.core.main.TestCaseExecutor.doExecute(TestCaseExecutor.java:436)
	at com.kms.katalon.core.main.TestCaseExecutor.processExecutionPhase(TestCaseExecutor.java:415)
	at com.kms.katalon.core.main.TestCaseExecutor.accessMainPhase(TestCaseExecutor.java:407)
	at com.kms.katalon.core.main.TestCaseExecutor.execute(TestCaseExecutor.java:284)
	at com.kms.katalon.core.common.CommonExecutor.accessTestCaseMainPhase(CommonExecutor.java:65)
	at com.kms.katalon.core.main.TestSuiteExecutor.accessTestSuiteMainPhase(TestSuiteExecutor.java:144)
	at com.kms.katalon.core.main.TestSuiteExecutor.execute(TestSuiteExecutor.java:106)
	at com.kms.katalon.core.main.TestCaseMain.startTestSuite(TestCaseMain.java:185)
	at com.kms.katalon.core.main.TestCaseMain$startTestSuite$0.call(Unknown Source)
	at TempTestSuite1655794262003.run(TempTestSuite1655794262003.groovy:36)
)

2022-06-21 15:47:17 - [TEST_STEP][FAILED] - verifyElementText(findTestObject("Transfer/transferConfirmationFromAccNoTxt", ["accNoFrom":accNoFrom]), accNoFrom): Verify element text of test object 'Object Repository/Transfer/transferConfirmationFromAccNoTxt' FAILED. (Root cause: org.openqa.selenium.WebDriverException: An unknown server-side error occurred while processing the command. Original error: 'GET /window/current/size' cannot be proxied to UiAutomator2 server because the instrumentation process is not running (probably crashed). Check the server log and/or the logcat output for more details
Build info: version: '3.141.59', revision: 'e82be7d358', time: '2018-11-14T08:25:53'
System info: host: '00139272s-MacBook-Pro.local', ip: '2001:e68:6167:4601:85f6:f1eb:65d1:8553%en0', os.name: 'Mac OS X', os.arch: 'x86_64', os.version: '10.16', java.version: '1.8.0_275'
Driver info: com.kms.katalon.core.appium.driver.SwipeableAndroidDriver
Capabilities {app: /Users/a00139272/Katalon St..., appActivity: com.maybank2u.life.MainActi..., appPackage: com.maybank2u.life.sit, appWaitActivity: *, autoGrantPermissions: true, automationName: uiautomator2, chromedriverPort: 58888, databaseEnabled: false, desired: {app: /Users/a00139272/Katalon St..., appActivity: com.maybank2u.life.MainActi..., appPackage: com.maybank2u.life.sit, appWaitActivity: *, autoGrantPermissions: true, automationName: uiautomator2, chromedriverPort: 58888, deviceId: 002b9cc60508, deviceName: Xiaomi 21061119AG (Android 11), fullReset: false, newCommandTimeout: 1800, noReset: true, platform: ANDROID, platformName: android, platformVersion: 11, systemPort: 58886, udid: 002b9cc60508}, deviceApiLevel: 30, deviceId: 002b9cc60508, deviceManufacturer: Xiaomi, deviceModel: 21061119AG, deviceName: 002b9cc60508, deviceScreenDensity: 440, deviceScreenSize: 1080x2400, deviceUDID: 002b9cc60508, fullReset: false, javascriptEnabled: true, locationContextEnabled: false, networkConnectionEnabled: true, newCommandTimeout: 1800, noReset: true, pixelRatio: 2.75, platform: ANDROID, platformName: Android, platformVersion: 11, statBarHeight: 103, systemPort: 58886, takesScreenshot: true, udid: 002b9cc60508, viewportRect: {height: 2064, left: 0, top: 103, width: 1080}, warnings: {}, webStorageEnabled: false}
Session ID: 5fc04fe1-5498-4b3a-814a-182076c98f18
	at org.openqa.selenium.remote.http.W3CHttpResponseCodec.createException(W3CHttpResponseCodec.java:187)
	at org.openqa.selenium.remote.http.W3CHttpResponseCodec.decode(W3CHttpResponseCodec.java:122)
	at org.openqa.selenium.remote.http.W3CHttpResponseCodec.decode(W3CHttpResponseCodec.java:49)
	at org.openqa.selenium.remote.HttpCommandExecutor.execute(HttpCommandExecutor.java:158)
	at io.appium.java_client.remote.AppiumCommandExecutor.execute(AppiumCommandExecutor.java:239)
	at org.openqa.selenium.remote.RemoteWebDriver.execute(RemoteWebDriver.java:552)
	at io.appium.java_client.DefaultGenericMobileDriver.execute(DefaultGenericMobileDriver.java:46)
	at io.appium.java_client.AppiumDriver.execute(AppiumDriver.java:1)
	at io.appium.java_client.android.AndroidDriver.execute(AndroidDriver.java:1)
	at com.kms.katalon.core.appium.driver.SwipeableAndroidDriver.execute(SwipeableAndroidDriver.java:1)
	at org.openqa.selenium.remote.RemoteWebDriver$RemoteWebDriverOptions$RemoteWindow.getSize(RemoteWebDriver.java:813)
	at org.openqa.selenium.WebDriver$Window$getSize.call(Unknown Source)
	at com.kms.katalon.core.mobile.keyword.internal.MobileAbstractKeyword.findElement(MobileAbstractKeyword.groovy:81)
	at com.kms.katalon.core.mobile.keyword.builtin.VerifyElementTextKeyword.access$1(VerifyElementTextKeyword.groovy)
	at com.kms.katalon.core.mobile.keyword.builtin.VerifyElementTextKeyword$_verifyElementText_closure1.doCall(VerifyElementTextKeyword.groovy:47)
	at com.kms.katalon.core.mobile.keyword.builtin.VerifyElementTextKeyword$_verifyElementText_closure1.call(VerifyElementTextKeyword.groovy)
	at com.kms.katalon.core.mobile.keyword.internal.MobileKeywordMain.runKeyword(MobileKeywordMain.groovy:21)
	at com.kms.katalon.core.mobile.keyword.builtin.VerifyElementTextKeyword.verifyElementText(VerifyElementTextKeyword.groovy:62)
	at com.kms.katalon.core.mobile.keyword.builtin.VerifyElementTextKeyword.execute(VerifyElementTextKeyword.groovy:39)
	at com.kms.katalon.core.keyword.internal.KeywordExecutor.executeKeywordForPlatform(KeywordExecutor.groovy:74)
	at com.kms.katalon.core.mobile.keyword.MobileBuiltInKeywords.verifyElementText(MobileBuiltInKeywords.groovy:2901)
	at com.kms.katalon.core.mobile.keyword.MobileBuiltInKeywords$verifyElementText$9.call(Unknown Source)
	at duitNow_mobileNumberFavTransaction.run(duitNow_mobileNumberFavTransaction:276)
	at com.kms.katalon.core.main.ScriptEngine.run(ScriptEngine.java:194)
	at com.kms.katalon.core.main.ScriptEngine.runScriptAsRawText(ScriptEngine.java:119)
	at com.kms.katalon.core.main.TestCaseExecutor.runScript(TestCaseExecutor.java:445)
	at com.kms.katalon.core.main.TestCaseExecutor.doExecute(TestCaseExecutor.java:436)
	at com.kms.katalon.core.main.TestCaseExecutor.processExecutionPhase(TestCaseExecutor.java:415)
	at com.kms.katalon.core.main.TestCaseExecutor.accessMainPhase(TestCaseExecutor.java:407)
	at com.kms.katalon.core.main.TestCaseExecutor.execute(TestCaseExecutor.java:284)
	at com.kms.katalon.core.common.CommonExecutor.accessTestCaseMainPhase(CommonExecutor.java:65)
	at com.kms.katalon.core.main.TestSuiteExecutor.accessTestSuiteMainPhase(TestSuiteExecutor.java:144)
	at com.kms.katalon.core.main.TestSuiteExecutor.execute(TestSuiteExecutor.java:106)
	at com.kms.katalon.core.main.TestCaseMain.startTestSuite(TestCaseMain.java:185)
	at com.kms.katalon.core.main.TestCaseMain$startTestSuite$0.call(Unknown Source)
	at TempTestSuite1655794262003.run(TempTestSuite1655794262003.groovy:36)
)

2022-06-21 15:47:17 - [MESSAGE][FAILED] - Verify element text of test object 'Object Repository/Transfer/transferConfirmationFromAccNoTxt' FAILED. (Root cause: org.openqa.selenium.WebDriverException: An unknown server-side error occurred while processing the command. Original error: 'GET /window/current/size' cannot be proxied to UiAutomator2 server because the instrumentation process is not running (probably crashed). Check the server log and/or the logcat output for more details
Build info: version: '3.141.59', revision: 'e82be7d358', time: '2018-11-14T08:25:53'
System info: host: '00139272s-MacBook-Pro.local', ip: '2001:e68:6167:4601:85f6:f1eb:65d1:8553%en0', os.name: 'Mac OS X', os.arch: 'x86_64', os.version: '10.16', java.version: '1.8.0_275'
Driver info: com.kms.katalon.core.appium.driver.SwipeableAndroidDriver
Capabilities {app: /Users/a00139272/Katalon St..., appActivity: com.maybank2u.life.MainActi..., appPackage: com.maybank2u.life.sit, appWaitActivity: *, autoGrantPermissions: true, automationName: uiautomator2, chromedriverPort: 58888, databaseEnabled: false, desired: {app: /Users/a00139272/Katalon St..., appActivity: com.maybank2u.life.MainActi..., appPackage: com.maybank2u.life.sit, appWaitActivity: *, autoGrantPermissions: true, automationName: uiautomator2, chromedriverPort: 58888, deviceId: 002b9cc60508, deviceName: Xiaomi 21061119AG (Android 11), fullReset: false, newCommandTimeout: 1800, noReset: true, platform: ANDROID, platformName: android, platformVersion: 11, systemPort: 58886, udid: 002b9cc60508}, deviceApiLevel: 30, deviceId: 002b9cc60508, deviceManufacturer: Xiaomi, deviceModel: 21061119AG, deviceName: 002b9cc60508, deviceScreenDensity: 440, deviceScreenSize: 1080x2400, deviceUDID: 002b9cc60508, fullReset: false, javascriptEnabled: true, locationContextEnabled: false, networkConnectionEnabled: true, newCommandTimeout: 1800, noReset: true, pixelRatio: 2.75, platform: ANDROID, platformName: Android, platformVersion: 11, statBarHeight: 103, systemPort: 58886, takesScreenshot: true, udid: 002b9cc60508, viewportRect: {height: 2064, left: 0, top: 103, width: 1080}, warnings: {}, webStorageEnabled: false}
Session ID: 5fc04fe1-5498-4b3a-814a-182076c98f18
	at org.openqa.selenium.remote.http.W3CHttpResponseCodec.createException(W3CHttpResponseCodec.java:187)
	at org.openqa.selenium.remote.http.W3CHttpResponseCodec.decode(W3CHttpResponseCodec.java:122)
	at org.openqa.selenium.remote.http.W3CHttpResponseCodec.decode(W3CHttpResponseCodec.java:49)
	at org.openqa.selenium.remote.HttpCommandExecutor.execute(HttpCommandExecutor.java:158)
	at io.appium.java_client.remote.AppiumCommandExecutor.execute(AppiumCommandExecutor.java:239)
	at org.openqa.selenium.remote.RemoteWebDriver.execute(RemoteWebDriver.java:552)
	at io.appium.java_client.DefaultGenericMobileDriver.execute(DefaultGenericMobileDriver.java:46)
	at io.appium.java_client.AppiumDriver.execute(AppiumDriver.java:1)
	at io.appium.java_client.android.AndroidDriver.execute(AndroidDriver.java:1)
	at com.kms.katalon.core.appium.driver.SwipeableAndroidDriver.execute(SwipeableAndroidDriver.java:1)
	at org.openqa.selenium.remote.RemoteWebDriver$RemoteWebDriverOptions$RemoteWindow.getSize(RemoteWebDriver.java:813)
	at org.openqa.selenium.WebDriver$Window$getSize.call(Unknown Source)
	at com.kms.katalon.core.mobile.keyword.internal.MobileAbstractKeyword.findElement(MobileAbstractKeyword.groovy:81)
	at com.kms.katalon.core.mobile.keyword.builtin.VerifyElementTextKeyword.access$1(VerifyElementTextKeyword.groovy)
	at com.kms.katalon.core.mobile.keyword.builtin.VerifyElementTextKeyword$_verifyElementText_closure1.doCall(VerifyElementTextKeyword.groovy:47)
	at com.kms.katalon.core.mobile.keyword.builtin.VerifyElementTextKeyword$_verifyElementText_closure1.call(VerifyElementTextKeyword.groovy)
	at com.kms.katalon.core.mobile.keyword.internal.MobileKeywordMain.runKeyword(MobileKeywordMain.groovy:21)
	at com.kms.katalon.core.mobile.keyword.builtin.VerifyElementTextKeyword.verifyElementText(VerifyElementTextKeyword.groovy:62)
	at com.kms.katalon.core.mobile.keyword.builtin.VerifyElementTextKeyword.execute(VerifyElementTextKeyword.groovy:39)
	at com.kms.katalon.core.keyword.internal.KeywordExecutor.executeKeywordForPlatform(KeywordExecutor.groovy:74)
	at com.kms.katalon.core.mobile.keyword.MobileBuiltInKeywords.verifyElementText(MobileBuiltInKeywords.groovy:2901)
	at com.kms.katalon.core.mobile.keyword.MobileBuiltInKeywords$verifyElementText$9.call(Unknown Source)
	at duitNow_mobileNumberFavTransaction.run(duitNow_mobileNumberFavTransaction:276)
	at com.kms.katalon.core.main.ScriptEngine.run(ScriptEngine.java:194)
	at com.kms.katalon.core.main.ScriptEngine.runScriptAsRawText(ScriptEngine.java:119)
	at com.kms.katalon.core.main.TestCaseExecutor.runScript(TestCaseExecutor.java:445)
	at com.kms.katalon.core.main.TestCaseExecutor.doExecute(TestCaseExecutor.java:436)
	at com.kms.katalon.core.main.TestCaseExecutor.processExecutionPhase(TestCaseExecutor.java:415)
	at com.kms.katalon.core.main.TestCaseExecutor.accessMainPhase(TestCaseExecutor.java:407)
	at com.kms.katalon.core.main.TestCaseExecutor.execute(TestCaseExecutor.java:284)
	at com.kms.katalon.core.common.CommonExecutor.accessTestCaseMainPhase(CommonExecutor.java:65)
	at com.kms.katalon.core.main.TestSuiteExecutor.accessTestSuiteMainPhase(TestSuiteExecutor.java:144)
	at com.kms.katalon.core.main.TestSuiteExecutor.execute(TestSuiteExecutor.java:106)
	at com.kms.katalon.core.main.TestCaseMain.startTestSuite(TestCaseMain.java:185)
	at com.kms.katalon.core.main.TestCaseMain$startTestSuite$0.call(Unknown Source)
	at TempTestSuite1655794262003.run(TempTestSuite1655794262003.groovy:36)
)

2022-06-21 15:47:17 - [TEST_STEP][FAILED] - verifyElementExist(findTestObject("Transfer/transferConfirmationFromAccBalanceTxt"), 0): Failed to check for element 'Object Repository/Transfer/transferConfirmationFromAccBalanceTxt' exist (Root cause: org.openqa.selenium.WebDriverException: An unknown server-side error occurred while processing the command. Original error: 'GET /window/current/size' cannot be proxied to UiAutomator2 server because the instrumentation process is not running (probably crashed). Check the server log and/or the logcat output for more details
Build info: version: '3.141.59', revision: 'e82be7d358', time: '2018-11-14T08:25:53'
System info: host: '00139272s-MacBook-Pro.local', ip: '2001:e68:6167:4601:85f6:f1eb:65d1:8553%en0', os.name: 'Mac OS X', os.arch: 'x86_64', os.version: '10.16', java.version: '1.8.0_275'
Driver info: com.kms.katalon.core.appium.driver.SwipeableAndroidDriver
Capabilities {app: /Users/a00139272/Katalon St..., appActivity: com.maybank2u.life.MainActi..., appPackage: com.maybank2u.life.sit, appWaitActivity: *, autoGrantPermissions: true, automationName: uiautomator2, chromedriverPort: 58888, databaseEnabled: false, desired: {app: /Users/a00139272/Katalon St..., appActivity: com.maybank2u.life.MainActi..., appPackage: com.maybank2u.life.sit, appWaitActivity: *, autoGrantPermissions: true, automationName: uiautomator2, chromedriverPort: 58888, deviceId: 002b9cc60508, deviceName: Xiaomi 21061119AG (Android 11), fullReset: false, newCommandTimeout: 1800, noReset: true, platform: ANDROID, platformName: android, platformVersion: 11, systemPort: 58886, udid: 002b9cc60508}, deviceApiLevel: 30, deviceId: 002b9cc60508, deviceManufacturer: Xiaomi, deviceModel: 21061119AG, deviceName: 002b9cc60508, deviceScreenDensity: 440, deviceScreenSize: 1080x2400, deviceUDID: 002b9cc60508, fullReset: false, javascriptEnabled: true, locationContextEnabled: false, networkConnectionEnabled: true, newCommandTimeout: 1800, noReset: true, pixelRatio: 2.75, platform: ANDROID, platformName: Android, platformVersion: 11, statBarHeight: 103, systemPort: 58886, takesScreenshot: true, udid: 002b9cc60508, viewportRect: {height: 2064, left: 0, top: 103, width: 1080}, warnings: {}, webStorageEnabled: false}
Session ID: 5fc04fe1-5498-4b3a-814a-182076c98f18
	at org.openqa.selenium.remote.http.W3CHttpResponseCodec.createException(W3CHttpResponseCodec.java:187)
	at org.openqa.selenium.remote.http.W3CHttpResponseCodec.decode(W3CHttpResponseCodec.java:122)
	at org.openqa.selenium.remote.http.W3CHttpResponseCodec.decode(W3CHttpResponseCodec.java:49)
	at org.openqa.selenium.remote.HttpCommandExecutor.execute(HttpCommandExecutor.java:158)
	at io.appium.java_client.remote.AppiumCommandExecutor.execute(AppiumCommandExecutor.java:239)
	at org.openqa.selenium.remote.RemoteWebDriver.execute(RemoteWebDriver.java:552)
	at io.appium.java_client.DefaultGenericMobileDriver.execute(DefaultGenericMobileDriver.java:46)
	at io.appium.java_client.AppiumDriver.execute(AppiumDriver.java:1)
	at io.appium.java_client.android.AndroidDriver.execute(AndroidDriver.java:1)
	at com.kms.katalon.core.appium.driver.SwipeableAndroidDriver.execute(SwipeableAndroidDriver.java:1)
	at org.openqa.selenium.remote.RemoteWebDriver$RemoteWebDriverOptions$RemoteWindow.getSize(RemoteWebDriver.java:813)
	at org.openqa.selenium.WebDriver$Window$getSize.call(Unknown Source)
	at com.kms.katalon.core.mobile.keyword.internal.MobileAbstractKeyword.findElement(MobileAbstractKeyword.groovy:81)
	at com.kms.katalon.core.mobile.keyword.builtin.VerifyElementExistKeyword.access$1(VerifyElementExistKeyword.groovy)
	at com.kms.katalon.core.mobile.keyword.builtin.VerifyElementExistKeyword$_verifyElementExist_closure1.doCall(VerifyElementExistKeyword.groovy:72)
	at com.kms.katalon.core.mobile.keyword.builtin.VerifyElementExistKeyword$_verifyElementExist_closure1.call(VerifyElementExistKeyword.groovy)
	at com.kms.katalon.core.mobile.keyword.internal.MobileKeywordMain.runKeyword(MobileKeywordMain.groovy:21)
	at com.kms.katalon.core.mobile.keyword.builtin.VerifyElementExistKeyword.verifyElementExist(VerifyElementExistKeyword.groovy:80)
	at com.kms.katalon.core.mobile.keyword.builtin.VerifyElementExistKeyword.execute(VerifyElementExistKeyword.groovy:64)
	at com.kms.katalon.core.keyword.internal.KeywordExecutor.executeKeywordForPlatform(KeywordExecutor.groovy:74)
	at com.kms.katalon.core.mobile.keyword.MobileBuiltInKeywords.verifyElementExist(MobileBuiltInKeywords.groovy:1755)
	at com.kms.katalon.core.mobile.keyword.MobileBuiltInKeywords$verifyElementExist$8.call(Unknown Source)
	at duitNow_mobileNumberFavTransaction.run(duitNow_mobileNumberFavTransaction:278)
	at com.kms.katalon.core.main.ScriptEngine.run(ScriptEngine.java:194)
	at com.kms.katalon.core.main.ScriptEngine.runScriptAsRawText(ScriptEngine.java:119)
	at com.kms.katalon.core.main.TestCaseExecutor.runScript(TestCaseExecutor.java:445)
	at com.kms.katalon.core.main.TestCaseExecutor.doExecute(TestCaseExecutor.java:436)
	at com.kms.katalon.core.main.TestCaseExecutor.processExecutionPhase(TestCaseExecutor.java:415)
	at com.kms.katalon.core.main.TestCaseExecutor.accessMainPhase(TestCaseExecutor.java:407)
	at com.kms.katalon.core.main.TestCaseExecutor.execute(TestCaseExecutor.java:284)
	at com.kms.katalon.core.common.CommonExecutor.accessTestCaseMainPhase(CommonExecutor.java:65)
	at com.kms.katalon.core.main.TestSuiteExecutor.accessTestSuiteMainPhase(TestSuiteExecutor.java:144)
	at com.kms.katalon.core.main.TestSuiteExecutor.execute(TestSuiteExecutor.java:106)
	at com.kms.katalon.core.main.TestCaseMain.startTestSuite(TestCaseMain.java:185)
	at com.kms.katalon.core.main.TestCaseMain$startTestSuite$0.call(Unknown Source)
	at TempTestSuite1655794262003.run(TempTestSuite1655794262003.groovy:36)
)

2022-06-21 15:47:17 - [MESSAGE][WARNING] - Timeout '0' is invalid. Using default page load timeout: '40'

2022-06-21 15:47:17 - [MESSAGE][FAILED] - Failed to check for element 'Object Repository/Transfer/transferConfirmationFromAccBalanceTxt' exist (Root cause: org.openqa.selenium.WebDriverException: An unknown server-side error occurred while processing the command. Original error: 'GET /window/current/size' cannot be proxied to UiAutomator2 server because the instrumentation process is not running (probably crashed). Check the server log and/or the logcat output for more details
Build info: version: '3.141.59', revision: 'e82be7d358', time: '2018-11-14T08:25:53'
System info: host: '00139272s-MacBook-Pro.local', ip: '2001:e68:6167:4601:85f6:f1eb:65d1:8553%en0', os.name: 'Mac OS X', os.arch: 'x86_64', os.version: '10.16', java.version: '1.8.0_275'
Driver info: com.kms.katalon.core.appium.driver.SwipeableAndroidDriver
Capabilities {app: /Users/a00139272/Katalon St..., appActivity: com.maybank2u.life.MainActi..., appPackage: com.maybank2u.life.sit, appWaitActivity: *, autoGrantPermissions: true, automationName: uiautomator2, chromedriverPort: 58888, databaseEnabled: false, desired: {app: /Users/a00139272/Katalon St..., appActivity: com.maybank2u.life.MainActi..., appPackage: com.maybank2u.life.sit, appWaitActivity: *, autoGrantPermissions: true, automationName: uiautomator2, chromedriverPort: 58888, deviceId: 002b9cc60508, deviceName: Xiaomi 21061119AG (Android 11), fullReset: false, newCommandTimeout: 1800, noReset: true, platform: ANDROID, platformName: android, platformVersion: 11, systemPort: 58886, udid: 002b9cc60508}, deviceApiLevel: 30, deviceId: 002b9cc60508, deviceManufacturer: Xiaomi, deviceModel: 21061119AG, deviceName: 002b9cc60508, deviceScreenDensity: 440, deviceScreenSize: 1080x2400, deviceUDID: 002b9cc60508, fullReset: false, javascriptEnabled: true, locationContextEnabled: false, networkConnectionEnabled: true, newCommandTimeout: 1800, noReset: true, pixelRatio: 2.75, platform: ANDROID, platformName: Android, platformVersion: 11, statBarHeight: 103, systemPort: 58886, takesScreenshot: true, udid: 002b9cc60508, viewportRect: {height: 2064, left: 0, top: 103, width: 1080}, warnings: {}, webStorageEnabled: false}
Session ID: 5fc04fe1-5498-4b3a-814a-182076c98f18
	at org.openqa.selenium.remote.http.W3CHttpResponseCodec.createException(W3CHttpResponseCodec.java:187)
	at org.openqa.selenium.remote.http.W3CHttpResponseCodec.decode(W3CHttpResponseCodec.java:122)
	at org.openqa.selenium.remote.http.W3CHttpResponseCodec.decode(W3CHttpResponseCodec.java:49)
	at org.openqa.selenium.remote.HttpCommandExecutor.execute(HttpCommandExecutor.java:158)
	at io.appium.java_client.remote.AppiumCommandExecutor.execute(AppiumCommandExecutor.java:239)
	at org.openqa.selenium.remote.RemoteWebDriver.execute(RemoteWebDriver.java:552)
	at io.appium.java_client.DefaultGenericMobileDriver.execute(DefaultGenericMobileDriver.java:46)
	at io.appium.java_client.AppiumDriver.execute(AppiumDriver.java:1)
	at io.appium.java_client.android.AndroidDriver.execute(AndroidDriver.java:1)
	at com.kms.katalon.core.appium.driver.SwipeableAndroidDriver.execute(SwipeableAndroidDriver.java:1)
	at org.openqa.selenium.remote.RemoteWebDriver$RemoteWebDriverOptions$RemoteWindow.getSize(RemoteWebDriver.java:813)
	at org.openqa.selenium.WebDriver$Window$getSize.call(Unknown Source)
	at com.kms.katalon.core.mobile.keyword.internal.MobileAbstractKeyword.findElement(MobileAbstractKeyword.groovy:81)
	at com.kms.katalon.core.mobile.keyword.builtin.VerifyElementExistKeyword.access$1(VerifyElementExistKeyword.groovy)
	at com.kms.katalon.core.mobile.keyword.builtin.VerifyElementExistKeyword$_verifyElementExist_closure1.doCall(VerifyElementExistKeyword.groovy:72)
	at com.kms.katalon.core.mobile.keyword.builtin.VerifyElementExistKeyword$_verifyElementExist_closure1.call(VerifyElementExistKeyword.groovy)
	at com.kms.katalon.core.mobile.keyword.internal.MobileKeywordMain.runKeyword(MobileKeywordMain.groovy:21)
	at com.kms.katalon.core.mobile.keyword.builtin.VerifyElementExistKeyword.verifyElementExist(VerifyElementExistKeyword.groovy:80)
	at com.kms.katalon.core.mobile.keyword.builtin.VerifyElementExistKeyword.execute(VerifyElementExistKeyword.groovy:64)
	at com.kms.katalon.core.keyword.internal.KeywordExecutor.executeKeywordForPlatform(KeywordExecutor.groovy:74)
	at com.kms.katalon.core.mobile.keyword.MobileBuiltInKeywords.verifyElementExist(MobileBuiltInKeywords.groovy:1755)
	at com.kms.katalon.core.mobile.keyword.MobileBuiltInKeywords$verifyElementExist$8.call(Unknown Source)
	at duitNow_mobileNumberFavTransaction.run(duitNow_mobileNumberFavTransaction:278)
	at com.kms.katalon.core.main.ScriptEngine.run(ScriptEngine.java:194)
	at com.kms.katalon.core.main.ScriptEngine.runScriptAsRawText(ScriptEngine.java:119)
	at com.kms.katalon.core.main.TestCaseExecutor.runScript(TestCaseExecutor.java:445)
	at com.kms.katalon.core.main.TestCaseExecutor.doExecute(TestCaseExecutor.java:436)
	at com.kms.katalon.core.main.TestCaseExecutor.processExecutionPhase(TestCaseExecutor.java:415)
	at com.kms.katalon.core.main.TestCaseExecutor.accessMainPhase(TestCaseExecutor.java:407)
	at com.kms.katalon.core.main.TestCaseExecutor.execute(TestCaseExecutor.java:284)
	at com.kms.katalon.core.common.CommonExecutor.accessTestCaseMainPhase(CommonExecutor.java:65)
	at com.kms.katalon.core.main.TestSuiteExecutor.accessTestSuiteMainPhase(TestSuiteExecutor.java:144)
	at com.kms.katalon.core.main.TestSuiteExecutor.execute(TestSuiteExecutor.java:106)
	at com.kms.katalon.core.main.TestCaseMain.startTestSuite(TestCaseMain.java:185)
	at com.kms.katalon.core.main.TestCaseMain$startTestSuite$0.call(Unknown Source)
	at TempTestSuite1655794262003.run(TempTestSuite1655794262003.groovy:36)
)

2022-06-21 15:47:17 - [TEST_STEP][FAILED] - accountBalance = getText(findTestObject("Transfer/transferConfirmationFromAccBalanceTxt"), 0): Failed to get text from element (Root cause: org.openqa.selenium.WebDriverException: An unknown server-side error occurred while processing the command. Original error: 'GET /window/current/size' cannot be proxied to UiAutomator2 server because the instrumentation process is not running (probably crashed). Check the server log and/or the logcat output for more details
Build info: version: '3.141.59', revision: 'e82be7d358', time: '2018-11-14T08:25:53'
System info: host: '00139272s-MacBook-Pro.local', ip: '2001:e68:6167:4601:85f6:f1eb:65d1:8553%en0', os.name: 'Mac OS X', os.arch: 'x86_64', os.version: '10.16', java.version: '1.8.0_275'
Driver info: com.kms.katalon.core.appium.driver.SwipeableAndroidDriver
Capabilities {app: /Users/a00139272/Katalon St..., appActivity: com.maybank2u.life.MainActi..., appPackage: com.maybank2u.life.sit, appWaitActivity: *, autoGrantPermissions: true, automationName: uiautomator2, chromedriverPort: 58888, databaseEnabled: false, desired: {app: /Users/a00139272/Katalon St..., appActivity: com.maybank2u.life.MainActi..., appPackage: com.maybank2u.life.sit, appWaitActivity: *, autoGrantPermissions: true, automationName: uiautomator2, chromedriverPort: 58888, deviceId: 002b9cc60508, deviceName: Xiaomi 21061119AG (Android 11), fullReset: false, newCommandTimeout: 1800, noReset: true, platform: ANDROID, platformName: android, platformVersion: 11, systemPort: 58886, udid: 002b9cc60508}, deviceApiLevel: 30, deviceId: 002b9cc60508, deviceManufacturer: Xiaomi, deviceModel: 21061119AG, deviceName: 002b9cc60508, deviceScreenDensity: 440, deviceScreenSize: 1080x2400, deviceUDID: 002b9cc60508, fullReset: false, javascriptEnabled: true, locationContextEnabled: false, networkConnectionEnabled: true, newCommandTimeout: 1800, noReset: true, pixelRatio: 2.75, platform: ANDROID, platformName: Android, platformVersion: 11, statBarHeight: 103, systemPort: 58886, takesScreenshot: true, udid: 002b9cc60508, viewportRect: {height: 2064, left: 0, top: 103, width: 1080}, warnings: {}, webStorageEnabled: false}
Session ID: 5fc04fe1-5498-4b3a-814a-182076c98f18
	at org.openqa.selenium.remote.http.W3CHttpResponseCodec.createException(W3CHttpResponseCodec.java:187)
	at org.openqa.selenium.remote.http.W3CHttpResponseCodec.decode(W3CHttpResponseCodec.java:122)
	at org.openqa.selenium.remote.http.W3CHttpResponseCodec.decode(W3CHttpResponseCodec.java:49)
	at org.openqa.selenium.remote.HttpCommandExecutor.execute(HttpCommandExecutor.java:158)
	at io.appium.java_client.remote.AppiumCommandExecutor.execute(AppiumCommandExecutor.java:239)
	at org.openqa.selenium.remote.RemoteWebDriver.execute(RemoteWebDriver.java:552)
	at io.appium.java_client.DefaultGenericMobileDriver.execute(DefaultGenericMobileDriver.java:46)
	at io.appium.java_client.AppiumDriver.execute(AppiumDriver.java:1)
	at io.appium.java_client.android.AndroidDriver.execute(AndroidDriver.java:1)
	at com.kms.katalon.core.appium.driver.SwipeableAndroidDriver.execute(SwipeableAndroidDriver.java:1)
	at org.openqa.selenium.remote.RemoteWebDriver$RemoteWebDriverOptions$RemoteWindow.getSize(RemoteWebDriver.java:813)
	at org.openqa.selenium.WebDriver$Window$getSize.call(Unknown Source)
	at com.kms.katalon.core.mobile.keyword.internal.MobileAbstractKeyword.findElement(MobileAbstractKeyword.groovy:81)
	at com.kms.katalon.core.mobile.keyword.builtin.GetTextKeyword.access$1(GetTextKeyword.groovy)
	at com.kms.katalon.core.mobile.keyword.builtin.GetTextKeyword$_getText_closure1.doCall(GetTextKeyword.groovy:72)
	at com.kms.katalon.core.mobile.keyword.builtin.GetTextKeyword$_getText_closure1.call(GetTextKeyword.groovy)
	at com.kms.katalon.core.mobile.keyword.internal.MobileKeywordMain.runKeyword(MobileKeywordMain.groovy:21)
	at com.kms.katalon.core.mobile.keyword.builtin.GetTextKeyword.getText(GetTextKeyword.groovy:80)
	at com.kms.katalon.core.mobile.keyword.builtin.GetTextKeyword.execute(GetTextKeyword.groovy:64)
	at com.kms.katalon.core.keyword.internal.KeywordExecutor.executeKeywordForPlatform(KeywordExecutor.groovy:74)
	at com.kms.katalon.core.mobile.keyword.MobileBuiltInKeywords.getText(MobileBuiltInKeywords.groovy:1274)
	at com.kms.katalon.core.mobile.keyword.MobileBuiltInKeywords$getText$11.call(Unknown Source)
	at duitNow_mobileNumberFavTransaction.run(duitNow_mobileNumberFavTransaction:280)
	at com.kms.katalon.core.main.ScriptEngine.run(ScriptEngine.java:194)
	at com.kms.katalon.core.main.ScriptEngine.runScriptAsRawText(ScriptEngine.java:119)
	at com.kms.katalon.core.main.TestCaseExecutor.runScript(TestCaseExecutor.java:445)
	at com.kms.katalon.core.main.TestCaseExecutor.doExecute(TestCaseExecutor.java:436)
	at com.kms.katalon.core.main.TestCaseExecutor.processExecutionPhase(TestCaseExecutor.java:415)
	at com.kms.katalon.core.main.TestCaseExecutor.accessMainPhase(TestCaseExecutor.java:407)
	at com.kms.katalon.core.main.TestCaseExecutor.execute(TestCaseExecutor.java:284)
	at com.kms.katalon.core.common.CommonExecutor.accessTestCaseMainPhase(CommonExecutor.java:65)
	at com.kms.katalon.core.main.TestSuiteExecutor.accessTestSuiteMainPhase(TestSuiteExecutor.java:144)
	at com.kms.katalon.core.main.TestSuiteExecutor.execute(TestSuiteExecutor.java:106)
	at com.kms.katalon.core.main.TestCaseMain.startTestSuite(TestCaseMain.java:185)
	at com.kms.katalon.core.main.TestCaseMain$startTestSuite$0.call(Unknown Source)
	at TempTestSuite1655794262003.run(TempTestSuite1655794262003.groovy:36)
)

2022-06-21 15:47:17 - [MESSAGE][WARNING] - Timeout '0' is invalid. Using default page load timeout: '40'

2022-06-21 15:47:17 - [MESSAGE][FAILED] - Failed to get text from element (Root cause: org.openqa.selenium.WebDriverException: An unknown server-side error occurred while processing the command. Original error: 'GET /window/current/size' cannot be proxied to UiAutomator2 server because the instrumentation process is not running (probably crashed). Check the server log and/or the logcat output for more details
Build info: version: '3.141.59', revision: 'e82be7d358', time: '2018-11-14T08:25:53'
System info: host: '00139272s-MacBook-Pro.local', ip: '2001:e68:6167:4601:85f6:f1eb:65d1:8553%en0', os.name: 'Mac OS X', os.arch: 'x86_64', os.version: '10.16', java.version: '1.8.0_275'
Driver info: com.kms.katalon.core.appium.driver.SwipeableAndroidDriver
Capabilities {app: /Users/a00139272/Katalon St..., appActivity: com.maybank2u.life.MainActi..., appPackage: com.maybank2u.life.sit, appWaitActivity: *, autoGrantPermissions: true, automationName: uiautomator2, chromedriverPort: 58888, databaseEnabled: false, desired: {app: /Users/a00139272/Katalon St..., appActivity: com.maybank2u.life.MainActi..., appPackage: com.maybank2u.life.sit, appWaitActivity: *, autoGrantPermissions: true, automationName: uiautomator2, chromedriverPort: 58888, deviceId: 002b9cc60508, deviceName: Xiaomi 21061119AG (Android 11), fullReset: false, newCommandTimeout: 1800, noReset: true, platform: ANDROID, platformName: android, platformVersion: 11, systemPort: 58886, udid: 002b9cc60508}, deviceApiLevel: 30, deviceId: 002b9cc60508, deviceManufacturer: Xiaomi, deviceModel: 21061119AG, deviceName: 002b9cc60508, deviceScreenDensity: 440, deviceScreenSize: 1080x2400, deviceUDID: 002b9cc60508, fullReset: false, javascriptEnabled: true, locationContextEnabled: false, networkConnectionEnabled: true, newCommandTimeout: 1800, noReset: true, pixelRatio: 2.75, platform: ANDROID, platformName: Android, platformVersion: 11, statBarHeight: 103, systemPort: 58886, takesScreenshot: true, udid: 002b9cc60508, viewportRect: {height: 2064, left: 0, top: 103, width: 1080}, warnings: {}, webStorageEnabled: false}
Session ID: 5fc04fe1-5498-4b3a-814a-182076c98f18
	at org.openqa.selenium.remote.http.W3CHttpResponseCodec.createException(W3CHttpResponseCodec.java:187)
	at org.openqa.selenium.remote.http.W3CHttpResponseCodec.decode(W3CHttpResponseCodec.java:122)
	at org.openqa.selenium.remote.http.W3CHttpResponseCodec.decode(W3CHttpResponseCodec.java:49)
	at org.openqa.selenium.remote.HttpCommandExecutor.execute(HttpCommandExecutor.java:158)
	at io.appium.java_client.remote.AppiumCommandExecutor.execute(AppiumCommandExecutor.java:239)
	at org.openqa.selenium.remote.RemoteWebDriver.execute(RemoteWebDriver.java:552)
	at io.appium.java_client.DefaultGenericMobileDriver.execute(DefaultGenericMobileDriver.java:46)
	at io.appium.java_client.AppiumDriver.execute(AppiumDriver.java:1)
	at io.appium.java_client.android.AndroidDriver.execute(AndroidDriver.java:1)
	at com.kms.katalon.core.appium.driver.SwipeableAndroidDriver.execute(SwipeableAndroidDriver.java:1)
	at org.openqa.selenium.remote.RemoteWebDriver$RemoteWebDriverOptions$RemoteWindow.getSize(RemoteWebDriver.java:813)
	at org.openqa.selenium.WebDriver$Window$getSize.call(Unknown Source)
	at com.kms.katalon.core.mobile.keyword.internal.MobileAbstractKeyword.findElement(MobileAbstractKeyword.groovy:81)
	at com.kms.katalon.core.mobile.keyword.builtin.GetTextKeyword.access$1(GetTextKeyword.groovy)
	at com.kms.katalon.core.mobile.keyword.builtin.GetTextKeyword$_getText_closure1.doCall(GetTextKeyword.groovy:72)
	at com.kms.katalon.core.mobile.keyword.builtin.GetTextKeyword$_getText_closure1.call(GetTextKeyword.groovy)
	at com.kms.katalon.core.mobile.keyword.internal.MobileKeywordMain.runKeyword(MobileKeywordMain.groovy:21)
	at com.kms.katalon.core.mobile.keyword.builtin.GetTextKeyword.getText(GetTextKeyword.groovy:80)
	at com.kms.katalon.core.mobile.keyword.builtin.GetTextKeyword.execute(GetTextKeyword.groovy:64)
	at com.kms.katalon.core.keyword.internal.KeywordExecutor.executeKeywordForPlatform(KeywordExecutor.groovy:74)
	at com.kms.katalon.core.mobile.keyword.MobileBuiltInKeywords.getText(MobileBuiltInKeywords.groovy:1274)
	at com.kms.katalon.core.mobile.keyword.MobileBuiltInKeywords$getText$11.call(Unknown Source)
	at duitNow_mobileNumberFavTransaction.run(duitNow_mobileNumberFavTransaction:280)
	at com.kms.katalon.core.main.ScriptEngine.run(ScriptEngine.java:194)
	at com.kms.katalon.core.main.ScriptEngine.runScriptAsRawText(ScriptEngine.java:119)
	at com.kms.katalon.core.main.TestCaseExecutor.runScript(TestCaseExecutor.java:445)
	at com.kms.katalon.core.main.TestCaseExecutor.doExecute(TestCaseExecutor.java:436)
	at com.kms.katalon.core.main.TestCaseExecutor.processExecutionPhase(TestCaseExecutor.java:415)
	at com.kms.katalon.core.main.TestCaseExecutor.accessMainPhase(TestCaseExecutor.java:407)
	at com.kms.katalon.core.main.TestCaseExecutor.execute(TestCaseExecutor.java:284)
	at com.kms.katalon.core.common.CommonExecutor.accessTestCaseMainPhase(CommonExecutor.java:65)
	at com.kms.katalon.core.main.TestSuiteExecutor.accessTestSuiteMainPhase(TestSuiteExecutor.java:144)
	at com.kms.katalon.core.main.TestSuiteExecutor.execute(TestSuiteExecutor.java:106)
	at com.kms.katalon.core.main.TestCaseMain.startTestSuite(TestCaseMain.java:185)
	at com.kms.katalon.core.main.TestCaseMain$startTestSuite$0.call(Unknown Source)
	at TempTestSuite1655794262003.run(TempTestSuite1655794262003.groovy:36)
)

2022-06-21 15:47:17 - [TEST_STEP][PASSED] - println(accountBalance): null

2022-06-21 15:47:17 - [TEST_STEP][FAILED] - tap(findTestObject("Main/mainTransferNowBtn"), 0): Failed to tap on element 'Object Repository/Main/mainTransferNowBtn' (Root cause: org.openqa.selenium.WebDriverException: An unknown server-side error occurred while processing the command. Original error: 'GET /window/current/size' cannot be proxied to UiAutomator2 server because the instrumentation process is not running (probably crashed). Check the server log and/or the logcat output for more details
Build info: version: '3.141.59', revision: 'e82be7d358', time: '2018-11-14T08:25:53'
System info: host: '00139272s-MacBook-Pro.local', ip: '2001:e68:6167:4601:85f6:f1eb:65d1:8553%en0', os.name: 'Mac OS X', os.arch: 'x86_64', os.version: '10.16', java.version: '1.8.0_275'
Driver info: com.kms.katalon.core.appium.driver.SwipeableAndroidDriver
Capabilities {app: /Users/a00139272/Katalon St..., appActivity: com.maybank2u.life.MainActi..., appPackage: com.maybank2u.life.sit, appWaitActivity: *, autoGrantPermissions: true, automationName: uiautomator2, chromedriverPort: 58888, databaseEnabled: false, desired: {app: /Users/a00139272/Katalon St..., appActivity: com.maybank2u.life.MainActi..., appPackage: com.maybank2u.life.sit, appWaitActivity: *, autoGrantPermissions: true, automationName: uiautomator2, chromedriverPort: 58888, deviceId: 002b9cc60508, deviceName: Xiaomi 21061119AG (Android 11), fullReset: false, newCommandTimeout: 1800, noReset: true, platform: ANDROID, platformName: android, platformVersion: 11, systemPort: 58886, udid: 002b9cc60508}, deviceApiLevel: 30, deviceId: 002b9cc60508, deviceManufacturer: Xiaomi, deviceModel: 21061119AG, deviceName: 002b9cc60508, deviceScreenDensity: 440, deviceScreenSize: 1080x2400, deviceUDID: 002b9cc60508, fullReset: false, javascriptEnabled: true, locationContextEnabled: false, networkConnectionEnabled: true, newCommandTimeout: 1800, noReset: true, pixelRatio: 2.75, platform: ANDROID, platformName: Android, platformVersion: 11, statBarHeight: 103, systemPort: 58886, takesScreenshot: true, udid: 002b9cc60508, viewportRect: {height: 2064, left: 0, top: 103, width: 1080}, warnings: {}, webStorageEnabled: false}
Session ID: 5fc04fe1-5498-4b3a-814a-182076c98f18
	at org.openqa.selenium.remote.http.W3CHttpResponseCodec.createException(W3CHttpResponseCodec.java:187)
	at org.openqa.selenium.remote.http.W3CHttpResponseCodec.decode(W3CHttpResponseCodec.java:122)
	at org.openqa.selenium.remote.http.W3CHttpResponseCodec.decode(W3CHttpResponseCodec.java:49)
	at org.openqa.selenium.remote.HttpCommandExecutor.execute(HttpCommandExecutor.java:158)
	at io.appium.java_client.remote.AppiumCommandExecutor.execute(AppiumCommandExecutor.java:239)
	at org.openqa.selenium.remote.RemoteWebDriver.execute(RemoteWebDriver.java:552)
	at io.appium.java_client.DefaultGenericMobileDriver.execute(DefaultGenericMobileDriver.java:46)
	at io.appium.java_client.AppiumDriver.execute(AppiumDriver.java:1)
	at io.appium.java_client.android.AndroidDriver.execute(AndroidDriver.java:1)
	at com.kms.katalon.core.appium.driver.SwipeableAndroidDriver.execute(SwipeableAndroidDriver.java:1)
	at org.openqa.selenium.remote.RemoteWebDriver$RemoteWebDriverOptions$RemoteWindow.getSize(RemoteWebDriver.java:813)
	at org.openqa.selenium.WebDriver$Window$getSize.call(Unknown Source)
	at com.kms.katalon.core.mobile.keyword.internal.MobileAbstractKeyword.findElement(MobileAbstractKeyword.groovy:81)
	at com.kms.katalon.core.mobile.keyword.builtin.TapKeyword.access$1(TapKeyword.groovy)
	at com.kms.katalon.core.mobile.keyword.builtin.TapKeyword$_tap_closure1.doCall(TapKeyword.groovy:76)
	at com.kms.katalon.core.mobile.keyword.builtin.TapKeyword$_tap_closure1.call(TapKeyword.groovy)
	at com.kms.katalon.core.mobile.keyword.internal.MobileKeywordMain.runKeyword(MobileKeywordMain.groovy:21)
	at com.kms.katalon.core.mobile.keyword.builtin.TapKeyword.tap(TapKeyword.groovy:84)
	at com.kms.katalon.core.mobile.keyword.builtin.TapKeyword.execute(TapKeyword.groovy:68)
	at com.kms.katalon.core.keyword.internal.KeywordExecutor.executeKeywordForPlatform(KeywordExecutor.groovy:74)
	at com.kms.katalon.core.mobile.keyword.MobileBuiltInKeywords.tap(MobileBuiltInKeywords.groovy:1490)
	at com.kms.katalon.core.mobile.keyword.MobileBuiltInKeywords$tap$4.call(Unknown Source)
	at duitNow_mobileNumberFavTransaction.run(duitNow_mobileNumberFavTransaction:284)
	at com.kms.katalon.core.main.ScriptEngine.run(ScriptEngine.java:194)
	at com.kms.katalon.core.main.ScriptEngine.runScriptAsRawText(ScriptEngine.java:119)
	at com.kms.katalon.core.main.TestCaseExecutor.runScript(TestCaseExecutor.java:445)
	at com.kms.katalon.core.main.TestCaseExecutor.doExecute(TestCaseExecutor.java:436)
	at com.kms.katalon.core.main.TestCaseExecutor.processExecutionPhase(TestCaseExecutor.java:415)
	at com.kms.katalon.core.main.TestCaseExecutor.accessMainPhase(TestCaseExecutor.java:407)
	at com.kms.katalon.core.main.TestCaseExecutor.execute(TestCaseExecutor.java:284)
	at com.kms.katalon.core.common.CommonExecutor.accessTestCaseMainPhase(CommonExecutor.java:65)
	at com.kms.katalon.core.main.TestSuiteExecutor.accessTestSuiteMainPhase(TestSuiteExecutor.java:144)
	at com.kms.katalon.core.main.TestSuiteExecutor.execute(TestSuiteExecutor.java:106)
	at com.kms.katalon.core.main.TestCaseMain.startTestSuite(TestCaseMain.java:185)
	at com.kms.katalon.core.main.TestCaseMain$startTestSuite$0.call(Unknown Source)
	at TempTestSuite1655794262003.run(TempTestSuite1655794262003.groovy:36)
)

2022-06-21 15:47:17 - [MESSAGE][WARNING] - Timeout '0' is invalid. Using default page load timeout: '40'

2022-06-21 15:47:17 - [MESSAGE][FAILED] - Failed to tap on element 'Object Repository/Main/mainTransferNowBtn' (Root cause: org.openqa.selenium.WebDriverException: An unknown server-side error occurred while processing the command. Original error: 'GET /window/current/size' cannot be proxied to UiAutomator2 server because the instrumentation process is not running (probably crashed). Check the server log and/or the logcat output for more details
Build info: version: '3.141.59', revision: 'e82be7d358', time: '2018-11-14T08:25:53'
System info: host: '00139272s-MacBook-Pro.local', ip: '2001:e68:6167:4601:85f6:f1eb:65d1:8553%en0', os.name: 'Mac OS X', os.arch: 'x86_64', os.version: '10.16', java.version: '1.8.0_275'
Driver info: com.kms.katalon.core.appium.driver.SwipeableAndroidDriver
Capabilities {app: /Users/a00139272/Katalon St..., appActivity: com.maybank2u.life.MainActi..., appPackage: com.maybank2u.life.sit, appWaitActivity: *, autoGrantPermissions: true, automationName: uiautomator2, chromedriverPort: 58888, databaseEnabled: false, desired: {app: /Users/a00139272/Katalon St..., appActivity: com.maybank2u.life.MainActi..., appPackage: com.maybank2u.life.sit, appWaitActivity: *, autoGrantPermissions: true, automationName: uiautomator2, chromedriverPort: 58888, deviceId: 002b9cc60508, deviceName: Xiaomi 21061119AG (Android 11), fullReset: false, newCommandTimeout: 1800, noReset: true, platform: ANDROID, platformName: android, platformVersion: 11, systemPort: 58886, udid: 002b9cc60508}, deviceApiLevel: 30, deviceId: 002b9cc60508, deviceManufacturer: Xiaomi, deviceModel: 21061119AG, deviceName: 002b9cc60508, deviceScreenDensity: 440, deviceScreenSize: 1080x2400, deviceUDID: 002b9cc60508, fullReset: false, javascriptEnabled: true, locationContextEnabled: false, networkConnectionEnabled: true, newCommandTimeout: 1800, noReset: true, pixelRatio: 2.75, platform: ANDROID, platformName: Android, platformVersion: 11, statBarHeight: 103, systemPort: 58886, takesScreenshot: true, udid: 002b9cc60508, viewportRect: {height: 2064, left: 0, top: 103, width: 1080}, warnings: {}, webStorageEnabled: false}
Session ID: 5fc04fe1-5498-4b3a-814a-182076c98f18
	at org.openqa.selenium.remote.http.W3CHttpResponseCodec.createException(W3CHttpResponseCodec.java:187)
	at org.openqa.selenium.remote.http.W3CHttpResponseCodec.decode(W3CHttpResponseCodec.java:122)
	at org.openqa.selenium.remote.http.W3CHttpResponseCodec.decode(W3CHttpResponseCodec.java:49)
	at org.openqa.selenium.remote.HttpCommandExecutor.execute(HttpCommandExecutor.java:158)
	at io.appium.java_client.remote.AppiumCommandExecutor.execute(AppiumCommandExecutor.java:239)
	at org.openqa.selenium.remote.RemoteWebDriver.execute(RemoteWebDriver.java:552)
	at io.appium.java_client.DefaultGenericMobileDriver.execute(DefaultGenericMobileDriver.java:46)
	at io.appium.java_client.AppiumDriver.execute(AppiumDriver.java:1)
	at io.appium.java_client.android.AndroidDriver.execute(AndroidDriver.java:1)
	at com.kms.katalon.core.appium.driver.SwipeableAndroidDriver.execute(SwipeableAndroidDriver.java:1)
	at org.openqa.selenium.remote.RemoteWebDriver$RemoteWebDriverOptions$RemoteWindow.getSize(RemoteWebDriver.java:813)
	at org.openqa.selenium.WebDriver$Window$getSize.call(Unknown Source)
	at com.kms.katalon.core.mobile.keyword.internal.MobileAbstractKeyword.findElement(MobileAbstractKeyword.groovy:81)
	at com.kms.katalon.core.mobile.keyword.builtin.TapKeyword.access$1(TapKeyword.groovy)
	at com.kms.katalon.core.mobile.keyword.builtin.TapKeyword$_tap_closure1.doCall(TapKeyword.groovy:76)
	at com.kms.katalon.core.mobile.keyword.builtin.TapKeyword$_tap_closure1.call(TapKeyword.groovy)
	at com.kms.katalon.core.mobile.keyword.internal.MobileKeywordMain.runKeyword(MobileKeywordMain.groovy:21)
	at com.kms.katalon.core.mobile.keyword.builtin.TapKeyword.tap(TapKeyword.groovy:84)
	at com.kms.katalon.core.mobile.keyword.builtin.TapKeyword.execute(TapKeyword.groovy:68)
	at com.kms.katalon.core.keyword.internal.KeywordExecutor.executeKeywordForPlatform(KeywordExecutor.groovy:74)
	at com.kms.katalon.core.mobile.keyword.MobileBuiltInKeywords.tap(MobileBuiltInKeywords.groovy:1490)
	at com.kms.katalon.core.mobile.keyword.MobileBuiltInKeywords$tap$4.call(Unknown Source)
	at duitNow_mobileNumberFavTransaction.run(duitNow_mobileNumberFavTransaction:284)
	at com.kms.katalon.core.main.ScriptEngine.run(ScriptEngine.java:194)
	at com.kms.katalon.core.main.ScriptEngine.runScriptAsRawText(ScriptEngine.java:119)
	at com.kms.katalon.core.main.TestCaseExecutor.runScript(TestCaseExecutor.java:445)
	at com.kms.katalon.core.main.TestCaseExecutor.doExecute(TestCaseExecutor.java:436)
	at com.kms.katalon.core.main.TestCaseExecutor.processExecutionPhase(TestCaseExecutor.java:415)
	at com.kms.katalon.core.main.TestCaseExecutor.accessMainPhase(TestCaseExecutor.java:407)
	at com.kms.katalon.core.main.TestCaseExecutor.execute(TestCaseExecutor.java:284)
	at com.kms.katalon.core.common.CommonExecutor.accessTestCaseMainPhase(CommonExecutor.java:65)
	at com.kms.katalon.core.main.TestSuiteExecutor.accessTestSuiteMainPhase(TestSuiteExecutor.java:144)
	at com.kms.katalon.core.main.TestSuiteExecutor.execute(TestSuiteExecutor.java:106)
	at com.kms.katalon.core.main.TestCaseMain.startTestSuite(TestCaseMain.java:185)
	at com.kms.katalon.core.main.TestCaseMain$startTestSuite$0.call(Unknown Source)
	at TempTestSuite1655794262003.run(TempTestSuite1655794262003.groovy:36)
)

2022-06-21 15:47:17 - [TEST_STEP][PASSED] - if (verifyElementVisible(findTestObject("Main/mainS2UApproveBtn"), 5, OPTIONAL)): Failed to check for element 'Object Repository/Festive Season/festiveReturnAngpaoTACNoTxt' visible (Root cause: org.openqa.selenium.WebDriverException: An unknown server-side error occurred while processing the command. Original error: 'GET /window/current/size' cannot be proxied to UiAutomator2 server because the instrumentation process is not running (probably crashed). Check the server log and/or the logcat output for more details
Build info: version: '3.141.59', revision: 'e82be7d358', time: '2018-11-14T08:25:53'
System info: host: '00139272s-MacBook-Pro.local', ip: '2001:e68:6167:4601:85f6:f1eb:65d1:8553%en0', os.name: 'Mac OS X', os.arch: 'x86_64', os.version: '10.16', java.version: '1.8.0_275'
Driver info: com.kms.katalon.core.appium.driver.SwipeableAndroidDriver
Capabilities {app: /Users/a00139272/Katalon St..., appActivity: com.maybank2u.life.MainActi..., appPackage: com.maybank2u.life.sit, appWaitActivity: *, autoGrantPermissions: true, automationName: uiautomator2, chromedriverPort: 58888, databaseEnabled: false, desired: {app: /Users/a00139272/Katalon St..., appActivity: com.maybank2u.life.MainActi..., appPackage: com.maybank2u.life.sit, appWaitActivity: *, autoGrantPermissions: true, automationName: uiautomator2, chromedriverPort: 58888, deviceId: 002b9cc60508, deviceName: Xiaomi 21061119AG (Android 11), fullReset: false, newCommandTimeout: 1800, noReset: true, platform: ANDROID, platformName: android, platformVersion: 11, systemPort: 58886, udid: 002b9cc60508}, deviceApiLevel: 30, deviceId: 002b9cc60508, deviceManufacturer: Xiaomi, deviceModel: 21061119AG, deviceName: 002b9cc60508, deviceScreenDensity: 440, deviceScreenSize: 1080x2400, deviceUDID: 002b9cc60508, fullReset: false, javascriptEnabled: true, locationContextEnabled: false, networkConnectionEnabled: true, newCommandTimeout: 1800, noReset: true, pixelRatio: 2.75, platform: ANDROID, platformName: Android, platformVersion: 11, statBarHeight: 103, systemPort: 58886, takesScreenshot: true, udid: 002b9cc60508, viewportRect: {height: 2064, left: 0, top: 103, width: 1080}, warnings: {}, webStorageEnabled: false}
Session ID: 5fc04fe1-5498-4b3a-814a-182076c98f18
	at org.openqa.selenium.remote.http.W3CHttpResponseCodec.createException(W3CHttpResponseCodec.java:187)
	at org.openqa.selenium.remote.http.W3CHttpResponseCodec.decode(W3CHttpResponseCodec.java:122)
	at org.openqa.selenium.remote.http.W3CHttpResponseCodec.decode(W3CHttpResponseCodec.java:49)
	at org.openqa.selenium.remote.HttpCommandExecutor.execute(HttpCommandExecutor.java:158)
	at io.appium.java_client.remote.AppiumCommandExecutor.execute(AppiumCommandExecutor.java:239)
	at org.openqa.selenium.remote.RemoteWebDriver.execute(RemoteWebDriver.java:552)
	at io.appium.java_client.DefaultGenericMobileDriver.execute(DefaultGenericMobileDriver.java:46)
	at io.appium.java_client.AppiumDriver.execute(AppiumDriver.java:1)
	at io.appium.java_client.android.AndroidDriver.execute(AndroidDriver.java:1)
	at com.kms.katalon.core.appium.driver.SwipeableAndroidDriver.execute(SwipeableAndroidDriver.java:1)
	at org.openqa.selenium.remote.RemoteWebDriver$RemoteWebDriverOptions$RemoteWindow.getSize(RemoteWebDriver.java:813)
	at org.openqa.selenium.WebDriver$Window$getSize.call(Unknown Source)
	at com.kms.katalon.core.mobile.keyword.internal.MobileAbstractKeyword.findElement(MobileAbstractKeyword.groovy:81)
	at com.kms.katalon.core.mobile.keyword.builtin.VerifyElementVisibleKeyword.access$1(VerifyElementVisibleKeyword.groovy)
	at com.kms.katalon.core.mobile.keyword.builtin.VerifyElementVisibleKeyword$_verifyElementVisible_closure1.doCall(VerifyElementVisibleKeyword.groovy:72)
	at com.kms.katalon.core.mobile.keyword.builtin.VerifyElementVisibleKeyword$_verifyElementVisible_closure1.call(VerifyElementVisibleKeyword.groovy)
	at com.kms.katalon.core.mobile.keyword.internal.MobileKeywordMain.runKeyword(MobileKeywordMain.groovy:21)
	at com.kms.katalon.core.mobile.keyword.builtin.VerifyElementVisibleKeyword.verifyElementVisible(VerifyElementVisibleKeyword.groovy:85)
	at com.kms.katalon.core.mobile.keyword.builtin.VerifyElementVisibleKeyword.execute(VerifyElementVisibleKeyword.groovy:64)
	at com.kms.katalon.core.keyword.internal.KeywordExecutor.executeKeywordForPlatform(KeywordExecutor.groovy:74)
	at com.kms.katalon.core.mobile.keyword.MobileBuiltInKeywords.verifyElementVisible(MobileBuiltInKeywords.groovy:2015)
	at com.kms.katalon.core.mobile.keyword.MobileBuiltInKeywords$verifyElementVisible$3.call(Unknown Source)
	at duitNow_mobileNumberFavTransaction.run(duitNow_mobileNumberFavTransaction:292)
	at com.kms.katalon.core.main.ScriptEngine.run(ScriptEngine.java:194)
	at com.kms.katalon.core.main.ScriptEngine.runScriptAsRawText(ScriptEngine.java:119)
	at com.kms.katalon.core.main.TestCaseExecutor.runScript(TestCaseExecutor.java:445)
	at com.kms.katalon.core.main.TestCaseExecutor.doExecute(TestCaseExecutor.java:436)
	at com.kms.katalon.core.main.TestCaseExecutor.processExecutionPhase(TestCaseExecutor.java:415)
	at com.kms.katalon.core.main.TestCaseExecutor.accessMainPhase(TestCaseExecutor.java:407)
	at com.kms.katalon.core.main.TestCaseExecutor.execute(TestCaseExecutor.java:284)
	at com.kms.katalon.core.common.CommonExecutor.accessTestCaseMainPhase(CommonExecutor.java:65)
	at com.kms.katalon.core.main.TestSuiteExecutor.accessTestSuiteMainPhase(TestSuiteExecutor.java:144)
	at com.kms.katalon.core.main.TestSuiteExecutor.execute(TestSuiteExecutor.java:106)
	at com.kms.katalon.core.main.TestCaseMain.startTestSuite(TestCaseMain.java:185)
	at com.kms.katalon.core.main.TestCaseMain$startTestSuite$0.call(Unknown Source)
	at TempTestSuite1655794262003.run(TempTestSuite1655794262003.groovy:36)
)

2022-06-21 15:47:17 - [MESSAGE][WARNING] - Failed to check for element 'Object Repository/Main/mainS2UApproveBtn' visible (Root cause: org.openqa.selenium.WebDriverException: An unknown server-side error occurred while processing the command. Original error: 'GET /window/current/size' cannot be proxied to UiAutomator2 server because the instrumentation process is not running (probably crashed). Check the server log and/or the logcat output for more details
Build info: version: '3.141.59', revision: 'e82be7d358', time: '2018-11-14T08:25:53'
System info: host: '00139272s-MacBook-Pro.local', ip: '2001:e68:6167:4601:85f6:f1eb:65d1:8553%en0', os.name: 'Mac OS X', os.arch: 'x86_64', os.version: '10.16', java.version: '1.8.0_275'
Driver info: com.kms.katalon.core.appium.driver.SwipeableAndroidDriver
Capabilities {app: /Users/a00139272/Katalon St..., appActivity: com.maybank2u.life.MainActi..., appPackage: com.maybank2u.life.sit, appWaitActivity: *, autoGrantPermissions: true, automationName: uiautomator2, chromedriverPort: 58888, databaseEnabled: false, desired: {app: /Users/a00139272/Katalon St..., appActivity: com.maybank2u.life.MainActi..., appPackage: com.maybank2u.life.sit, appWaitActivity: *, autoGrantPermissions: true, automationName: uiautomator2, chromedriverPort: 58888, deviceId: 002b9cc60508, deviceName: Xiaomi 21061119AG (Android 11), fullReset: false, newCommandTimeout: 1800, noReset: true, platform: ANDROID, platformName: android, platformVersion: 11, systemPort: 58886, udid: 002b9cc60508}, deviceApiLevel: 30, deviceId: 002b9cc60508, deviceManufacturer: Xiaomi, deviceModel: 21061119AG, deviceName: 002b9cc60508, deviceScreenDensity: 440, deviceScreenSize: 1080x2400, deviceUDID: 002b9cc60508, fullReset: false, javascriptEnabled: true, locationContextEnabled: false, networkConnectionEnabled: true, newCommandTimeout: 1800, noReset: true, pixelRatio: 2.75, platform: ANDROID, platformName: Android, platformVersion: 11, statBarHeight: 103, systemPort: 58886, takesScreenshot: true, udid: 002b9cc60508, viewportRect: {height: 2064, left: 0, top: 103, width: 1080}, warnings: {}, webStorageEnabled: false}
Session ID: 5fc04fe1-5498-4b3a-814a-182076c98f18
	at org.openqa.selenium.remote.http.W3CHttpResponseCodec.createException(W3CHttpResponseCodec.java:187)
	at org.openqa.selenium.remote.http.W3CHttpResponseCodec.decode(W3CHttpResponseCodec.java:122)
	at org.openqa.selenium.remote.http.W3CHttpResponseCodec.decode(W3CHttpResponseCodec.java:49)
	at org.openqa.selenium.remote.HttpCommandExecutor.execute(HttpCommandExecutor.java:158)
	at io.appium.java_client.remote.AppiumCommandExecutor.execute(AppiumCommandExecutor.java:239)
	at org.openqa.selenium.remote.RemoteWebDriver.execute(RemoteWebDriver.java:552)
	at io.appium.java_client.DefaultGenericMobileDriver.execute(DefaultGenericMobileDriver.java:46)
	at io.appium.java_client.AppiumDriver.execute(AppiumDriver.java:1)
	at io.appium.java_client.android.AndroidDriver.execute(AndroidDriver.java:1)
	at com.kms.katalon.core.appium.driver.SwipeableAndroidDriver.execute(SwipeableAndroidDriver.java:1)
	at org.openqa.selenium.remote.RemoteWebDriver$RemoteWebDriverOptions$RemoteWindow.getSize(RemoteWebDriver.java:813)
	at org.openqa.selenium.WebDriver$Window$getSize.call(Unknown Source)
	at com.kms.katalon.core.mobile.keyword.internal.MobileAbstractKeyword.findElement(MobileAbstractKeyword.groovy:81)
	at com.kms.katalon.core.mobile.keyword.builtin.VerifyElementVisibleKeyword.access$1(VerifyElementVisibleKeyword.groovy)
	at com.kms.katalon.core.mobile.keyword.builtin.VerifyElementVisibleKeyword$_verifyElementVisible_closure1.doCall(VerifyElementVisibleKeyword.groovy:72)
	at com.kms.katalon.core.mobile.keyword.builtin.VerifyElementVisibleKeyword$_verifyElementVisible_closure1.call(VerifyElementVisibleKeyword.groovy)
	at com.kms.katalon.core.mobile.keyword.internal.MobileKeywordMain.runKeyword(MobileKeywordMain.groovy:21)
	at com.kms.katalon.core.mobile.keyword.builtin.VerifyElementVisibleKeyword.verifyElementVisible(VerifyElementVisibleKeyword.groovy:85)
	at com.kms.katalon.core.mobile.keyword.builtin.VerifyElementVisibleKeyword.execute(VerifyElementVisibleKeyword.groovy:64)
	at com.kms.katalon.core.keyword.internal.KeywordExecutor.executeKeywordForPlatform(KeywordExecutor.groovy:74)
	at com.kms.katalon.core.mobile.keyword.MobileBuiltInKeywords.verifyElementVisible(MobileBuiltInKeywords.groovy:2015)
	at com.kms.katalon.core.mobile.keyword.MobileBuiltInKeywords$verifyElementVisible$3.call(Unknown Source)
	at duitNow_mobileNumberFavTransaction.run(duitNow_mobileNumberFavTransaction:286)
	at com.kms.katalon.core.main.ScriptEngine.run(ScriptEngine.java:194)
	at com.kms.katalon.core.main.ScriptEngine.runScriptAsRawText(ScriptEngine.java:119)
	at com.kms.katalon.core.main.TestCaseExecutor.runScript(TestCaseExecutor.java:445)
	at com.kms.katalon.core.main.TestCaseExecutor.doExecute(TestCaseExecutor.java:436)
	at com.kms.katalon.core.main.TestCaseExecutor.processExecutionPhase(TestCaseExecutor.java:415)
	at com.kms.katalon.core.main.TestCaseExecutor.accessMainPhase(TestCaseExecutor.java:407)
	at com.kms.katalon.core.main.TestCaseExecutor.execute(TestCaseExecutor.java:284)
	at com.kms.katalon.core.common.CommonExecutor.accessTestCaseMainPhase(CommonExecutor.java:65)
	at com.kms.katalon.core.main.TestSuiteExecutor.accessTestSuiteMainPhase(TestSuiteExecutor.java:144)
	at com.kms.katalon.core.main.TestSuiteExecutor.execute(TestSuiteExecutor.java:106)
	at com.kms.katalon.core.main.TestCaseMain.startTestSuite(TestCaseMain.java:185)
	at com.kms.katalon.core.main.TestCaseMain$startTestSuite$0.call(Unknown Source)
	at TempTestSuite1655794262003.run(TempTestSuite1655794262003.groovy:36)
)

2022-06-21 15:47:17 - [MESSAGE][WARNING] - Failed to check for element 'Object Repository/Festive Season/festiveReturnAngpaoTACNoTxt' visible (Root cause: org.openqa.selenium.WebDriverException: An unknown server-side error occurred while processing the command. Original error: 'GET /window/current/size' cannot be proxied to UiAutomator2 server because the instrumentation process is not running (probably crashed). Check the server log and/or the logcat output for more details
Build info: version: '3.141.59', revision: 'e82be7d358', time: '2018-11-14T08:25:53'
System info: host: '00139272s-MacBook-Pro.local', ip: '2001:e68:6167:4601:85f6:f1eb:65d1:8553%en0', os.name: 'Mac OS X', os.arch: 'x86_64', os.version: '10.16', java.version: '1.8.0_275'
Driver info: com.kms.katalon.core.appium.driver.SwipeableAndroidDriver
Capabilities {app: /Users/a00139272/Katalon St..., appActivity: com.maybank2u.life.MainActi..., appPackage: com.maybank2u.life.sit, appWaitActivity: *, autoGrantPermissions: true, automationName: uiautomator2, chromedriverPort: 58888, databaseEnabled: false, desired: {app: /Users/a00139272/Katalon St..., appActivity: com.maybank2u.life.MainActi..., appPackage: com.maybank2u.life.sit, appWaitActivity: *, autoGrantPermissions: true, automationName: uiautomator2, chromedriverPort: 58888, deviceId: 002b9cc60508, deviceName: Xiaomi 21061119AG (Android 11), fullReset: false, newCommandTimeout: 1800, noReset: true, platform: ANDROID, platformName: android, platformVersion: 11, systemPort: 58886, udid: 002b9cc60508}, deviceApiLevel: 30, deviceId: 002b9cc60508, deviceManufacturer: Xiaomi, deviceModel: 21061119AG, deviceName: 002b9cc60508, deviceScreenDensity: 440, deviceScreenSize: 1080x2400, deviceUDID: 002b9cc60508, fullReset: false, javascriptEnabled: true, locationContextEnabled: false, networkConnectionEnabled: true, newCommandTimeout: 1800, noReset: true, pixelRatio: 2.75, platform: ANDROID, platformName: Android, platformVersion: 11, statBarHeight: 103, systemPort: 58886, takesScreenshot: true, udid: 002b9cc60508, viewportRect: {height: 2064, left: 0, top: 103, width: 1080}, warnings: {}, webStorageEnabled: false}
Session ID: 5fc04fe1-5498-4b3a-814a-182076c98f18
	at org.openqa.selenium.remote.http.W3CHttpResponseCodec.createException(W3CHttpResponseCodec.java:187)
	at org.openqa.selenium.remote.http.W3CHttpResponseCodec.decode(W3CHttpResponseCodec.java:122)
	at org.openqa.selenium.remote.http.W3CHttpResponseCodec.decode(W3CHttpResponseCodec.java:49)
	at org.openqa.selenium.remote.HttpCommandExecutor.execute(HttpCommandExecutor.java:158)
	at io.appium.java_client.remote.AppiumCommandExecutor.execute(AppiumCommandExecutor.java:239)
	at org.openqa.selenium.remote.RemoteWebDriver.execute(RemoteWebDriver.java:552)
	at io.appium.java_client.DefaultGenericMobileDriver.execute(DefaultGenericMobileDriver.java:46)
	at io.appium.java_client.AppiumDriver.execute(AppiumDriver.java:1)
	at io.appium.java_client.android.AndroidDriver.execute(AndroidDriver.java:1)
	at com.kms.katalon.core.appium.driver.SwipeableAndroidDriver.execute(SwipeableAndroidDriver.java:1)
	at org.openqa.selenium.remote.RemoteWebDriver$RemoteWebDriverOptions$RemoteWindow.getSize(RemoteWebDriver.java:813)
	at org.openqa.selenium.WebDriver$Window$getSize.call(Unknown Source)
	at com.kms.katalon.core.mobile.keyword.internal.MobileAbstractKeyword.findElement(MobileAbstractKeyword.groovy:81)
	at com.kms.katalon.core.mobile.keyword.builtin.VerifyElementVisibleKeyword.access$1(VerifyElementVisibleKeyword.groovy)
	at com.kms.katalon.core.mobile.keyword.builtin.VerifyElementVisibleKeyword$_verifyElementVisible_closure1.doCall(VerifyElementVisibleKeyword.groovy:72)
	at com.kms.katalon.core.mobile.keyword.builtin.VerifyElementVisibleKeyword$_verifyElementVisible_closure1.call(VerifyElementVisibleKeyword.groovy)
	at com.kms.katalon.core.mobile.keyword.internal.MobileKeywordMain.runKeyword(MobileKeywordMain.groovy:21)
	at com.kms.katalon.core.mobile.keyword.builtin.VerifyElementVisibleKeyword.verifyElementVisible(VerifyElementVisibleKeyword.groovy:85)
	at com.kms.katalon.core.mobile.keyword.builtin.VerifyElementVisibleKeyword.execute(VerifyElementVisibleKeyword.groovy:64)
	at com.kms.katalon.core.keyword.internal.KeywordExecutor.executeKeywordForPlatform(KeywordExecutor.groovy:74)
	at com.kms.katalon.core.mobile.keyword.MobileBuiltInKeywords.verifyElementVisible(MobileBuiltInKeywords.groovy:2015)
	at com.kms.katalon.core.mobile.keyword.MobileBuiltInKeywords$verifyElementVisible$3.call(Unknown Source)
	at duitNow_mobileNumberFavTransaction.run(duitNow_mobileNumberFavTransaction:292)
	at com.kms.katalon.core.main.ScriptEngine.run(ScriptEngine.java:194)
	at com.kms.katalon.core.main.ScriptEngine.runScriptAsRawText(ScriptEngine.java:119)
	at com.kms.katalon.core.main.TestCaseExecutor.runScript(TestCaseExecutor.java:445)
	at com.kms.katalon.core.main.TestCaseExecutor.doExecute(TestCaseExecutor.java:436)
	at com.kms.katalon.core.main.TestCaseExecutor.processExecutionPhase(TestCaseExecutor.java:415)
	at com.kms.katalon.core.main.TestCaseExecutor.accessMainPhase(TestCaseExecutor.java:407)
	at com.kms.katalon.core.main.TestCaseExecutor.execute(TestCaseExecutor.java:284)
	at com.kms.katalon.core.common.CommonExecutor.accessTestCaseMainPhase(CommonExecutor.java:65)
	at com.kms.katalon.core.main.TestSuiteExecutor.accessTestSuiteMainPhase(TestSuiteExecutor.java:144)
	at com.kms.katalon.core.main.TestSuiteExecutor.execute(TestSuiteExecutor.java:106)
	at com.kms.katalon.core.main.TestCaseMain.startTestSuite(TestCaseMain.java:185)
	at com.kms.katalon.core.main.TestCaseMain$startTestSuite$0.call(Unknown Source)
	at TempTestSuite1655794262003.run(TempTestSuite1655794262003.groovy:36)
)

2022-06-21 15:47:17 - [TEST_STEP][PASSED] - delay(3): Delayed 3 second(s)

2022-06-21 15:47:20 - [MESSAGE][PASSED] - Delayed 3 second(s)

2022-06-21 15:47:20 - [TEST_STEP][FAILED] - verifyElementExist(findTestObject("Festive Season/returnAngpaoStatusMessageTxt"), 0): Failed to check for element 'Object Repository/Festive Season/returnAngpaoStatusMessageTxt' exist (Root cause: org.openqa.selenium.WebDriverException: An unknown server-side error occurred while processing the command. Original error: 'GET /window/current/size' cannot be proxied to UiAutomator2 server because the instrumentation process is not running (probably crashed). Check the server log and/or the logcat output for more details
Build info: version: '3.141.59', revision: 'e82be7d358', time: '2018-11-14T08:25:53'
System info: host: '00139272s-MacBook-Pro.local', ip: '2001:e68:6167:4601:85f6:f1eb:65d1:8553%en0', os.name: 'Mac OS X', os.arch: 'x86_64', os.version: '10.16', java.version: '1.8.0_275'
Driver info: com.kms.katalon.core.appium.driver.SwipeableAndroidDriver
Capabilities {app: /Users/a00139272/Katalon St..., appActivity: com.maybank2u.life.MainActi..., appPackage: com.maybank2u.life.sit, appWaitActivity: *, autoGrantPermissions: true, automationName: uiautomator2, chromedriverPort: 58888, databaseEnabled: false, desired: {app: /Users/a00139272/Katalon St..., appActivity: com.maybank2u.life.MainActi..., appPackage: com.maybank2u.life.sit, appWaitActivity: *, autoGrantPermissions: true, automationName: uiautomator2, chromedriverPort: 58888, deviceId: 002b9cc60508, deviceName: Xiaomi 21061119AG (Android 11), fullReset: false, newCommandTimeout: 1800, noReset: true, platform: ANDROID, platformName: android, platformVersion: 11, systemPort: 58886, udid: 002b9cc60508}, deviceApiLevel: 30, deviceId: 002b9cc60508, deviceManufacturer: Xiaomi, deviceModel: 21061119AG, deviceName: 002b9cc60508, deviceScreenDensity: 440, deviceScreenSize: 1080x2400, deviceUDID: 002b9cc60508, fullReset: false, javascriptEnabled: true, locationContextEnabled: false, networkConnectionEnabled: true, newCommandTimeout: 1800, noReset: true, pixelRatio: 2.75, platform: ANDROID, platformName: Android, platformVersion: 11, statBarHeight: 103, systemPort: 58886, takesScreenshot: true, udid: 002b9cc60508, viewportRect: {height: 2064, left: 0, top: 103, width: 1080}, warnings: {}, webStorageEnabled: false}
Session ID: 5fc04fe1-5498-4b3a-814a-182076c98f18
	at org.openqa.selenium.remote.http.W3CHttpResponseCodec.createException(W3CHttpResponseCodec.java:187)
	at org.openqa.selenium.remote.http.W3CHttpResponseCodec.decode(W3CHttpResponseCodec.java:122)
	at org.openqa.selenium.remote.http.W3CHttpResponseCodec.decode(W3CHttpResponseCodec.java:49)
	at org.openqa.selenium.remote.HttpCommandExecutor.execute(HttpCommandExecutor.java:158)
	at io.appium.java_client.remote.AppiumCommandExecutor.execute(AppiumCommandExecutor.java:239)
	at org.openqa.selenium.remote.RemoteWebDriver.execute(RemoteWebDriver.java:552)
	at io.appium.java_client.DefaultGenericMobileDriver.execute(DefaultGenericMobileDriver.java:46)
	at io.appium.java_client.AppiumDriver.execute(AppiumDriver.java:1)
	at io.appium.java_client.android.AndroidDriver.execute(AndroidDriver.java:1)
	at com.kms.katalon.core.appium.driver.SwipeableAndroidDriver.execute(SwipeableAndroidDriver.java:1)
	at org.openqa.selenium.remote.RemoteWebDriver$RemoteWebDriverOptions$RemoteWindow.getSize(RemoteWebDriver.java:813)
	at org.openqa.selenium.WebDriver$Window$getSize.call(Unknown Source)
	at com.kms.katalon.core.mobile.keyword.internal.MobileAbstractKeyword.findElement(MobileAbstractKeyword.groovy:81)
	at com.kms.katalon.core.mobile.keyword.builtin.VerifyElementExistKeyword.access$1(VerifyElementExistKeyword.groovy)
	at com.kms.katalon.core.mobile.keyword.builtin.VerifyElementExistKeyword$_verifyElementExist_closure1.doCall(VerifyElementExistKeyword.groovy:72)
	at com.kms.katalon.core.mobile.keyword.builtin.VerifyElementExistKeyword$_verifyElementExist_closure1.call(VerifyElementExistKeyword.groovy)
	at com.kms.katalon.core.mobile.keyword.internal.MobileKeywordMain.runKeyword(MobileKeywordMain.groovy:21)
	at com.kms.katalon.core.mobile.keyword.builtin.VerifyElementExistKeyword.verifyElementExist(VerifyElementExistKeyword.groovy:80)
	at com.kms.katalon.core.mobile.keyword.builtin.VerifyElementExistKeyword.execute(VerifyElementExistKeyword.groovy:64)
	at com.kms.katalon.core.keyword.internal.KeywordExecutor.executeKeywordForPlatform(KeywordExecutor.groovy:74)
	at com.kms.katalon.core.mobile.keyword.MobileBuiltInKeywords.verifyElementExist(MobileBuiltInKeywords.groovy:1755)
	at com.kms.katalon.core.mobile.keyword.MobileBuiltInKeywords$verifyElementExist$8.call(Unknown Source)
	at duitNow_mobileNumberFavTransaction.run(duitNow_mobileNumberFavTransaction:348)
	at com.kms.katalon.core.main.ScriptEngine.run(ScriptEngine.java:194)
	at com.kms.katalon.core.main.ScriptEngine.runScriptAsRawText(ScriptEngine.java:119)
	at com.kms.katalon.core.main.TestCaseExecutor.runScript(TestCaseExecutor.java:445)
	at com.kms.katalon.core.main.TestCaseExecutor.doExecute(TestCaseExecutor.java:436)
	at com.kms.katalon.core.main.TestCaseExecutor.processExecutionPhase(TestCaseExecutor.java:415)
	at com.kms.katalon.core.main.TestCaseExecutor.accessMainPhase(TestCaseExecutor.java:407)
	at com.kms.katalon.core.main.TestCaseExecutor.execute(TestCaseExecutor.java:284)
	at com.kms.katalon.core.common.CommonExecutor.accessTestCaseMainPhase(CommonExecutor.java:65)
	at com.kms.katalon.core.main.TestSuiteExecutor.accessTestSuiteMainPhase(TestSuiteExecutor.java:144)
	at com.kms.katalon.core.main.TestSuiteExecutor.execute(TestSuiteExecutor.java:106)
	at com.kms.katalon.core.main.TestCaseMain.startTestSuite(TestCaseMain.java:185)
	at com.kms.katalon.core.main.TestCaseMain$startTestSuite$0.call(Unknown Source)
	at TempTestSuite1655794262003.run(TempTestSuite1655794262003.groovy:36)
)

2022-06-21 15:47:20 - [MESSAGE][WARNING] - Timeout '0' is invalid. Using default page load timeout: '40'

2022-06-21 15:47:20 - [MESSAGE][FAILED] - Failed to check for element 'Object Repository/Festive Season/returnAngpaoStatusMessageTxt' exist (Root cause: org.openqa.selenium.WebDriverException: An unknown server-side error occurred while processing the command. Original error: 'GET /window/current/size' cannot be proxied to UiAutomator2 server because the instrumentation process is not running (probably crashed). Check the server log and/or the logcat output for more details
Build info: version: '3.141.59', revision: 'e82be7d358', time: '2018-11-14T08:25:53'
System info: host: '00139272s-MacBook-Pro.local', ip: '2001:e68:6167:4601:85f6:f1eb:65d1:8553%en0', os.name: 'Mac OS X', os.arch: 'x86_64', os.version: '10.16', java.version: '1.8.0_275'
Driver info: com.kms.katalon.core.appium.driver.SwipeableAndroidDriver
Capabilities {app: /Users/a00139272/Katalon St..., appActivity: com.maybank2u.life.MainActi..., appPackage: com.maybank2u.life.sit, appWaitActivity: *, autoGrantPermissions: true, automationName: uiautomator2, chromedriverPort: 58888, databaseEnabled: false, desired: {app: /Users/a00139272/Katalon St..., appActivity: com.maybank2u.life.MainActi..., appPackage: com.maybank2u.life.sit, appWaitActivity: *, autoGrantPermissions: true, automationName: uiautomator2, chromedriverPort: 58888, deviceId: 002b9cc60508, deviceName: Xiaomi 21061119AG (Android 11), fullReset: false, newCommandTimeout: 1800, noReset: true, platform: ANDROID, platformName: android, platformVersion: 11, systemPort: 58886, udid: 002b9cc60508}, deviceApiLevel: 30, deviceId: 002b9cc60508, deviceManufacturer: Xiaomi, deviceModel: 21061119AG, deviceName: 002b9cc60508, deviceScreenDensity: 440, deviceScreenSize: 1080x2400, deviceUDID: 002b9cc60508, fullReset: false, javascriptEnabled: true, locationContextEnabled: false, networkConnectionEnabled: true, newCommandTimeout: 1800, noReset: true, pixelRatio: 2.75, platform: ANDROID, platformName: Android, platformVersion: 11, statBarHeight: 103, systemPort: 58886, takesScreenshot: true, udid: 002b9cc60508, viewportRect: {height: 2064, left: 0, top: 103, width: 1080}, warnings: {}, webStorageEnabled: false}
Session ID: 5fc04fe1-5498-4b3a-814a-182076c98f18
	at org.openqa.selenium.remote.http.W3CHttpResponseCodec.createException(W3CHttpResponseCodec.java:187)
	at org.openqa.selenium.remote.http.W3CHttpResponseCodec.decode(W3CHttpResponseCodec.java:122)
	at org.openqa.selenium.remote.http.W3CHttpResponseCodec.decode(W3CHttpResponseCodec.java:49)
	at org.openqa.selenium.remote.HttpCommandExecutor.execute(HttpCommandExecutor.java:158)
	at io.appium.java_client.remote.AppiumCommandExecutor.execute(AppiumCommandExecutor.java:239)
	at org.openqa.selenium.remote.RemoteWebDriver.execute(RemoteWebDriver.java:552)
	at io.appium.java_client.DefaultGenericMobileDriver.execute(DefaultGenericMobileDriver.java:46)
	at io.appium.java_client.AppiumDriver.execute(AppiumDriver.java:1)
	at io.appium.java_client.android.AndroidDriver.execute(AndroidDriver.java:1)
	at com.kms.katalon.core.appium.driver.SwipeableAndroidDriver.execute(SwipeableAndroidDriver.java:1)
	at org.openqa.selenium.remote.RemoteWebDriver$RemoteWebDriverOptions$RemoteWindow.getSize(RemoteWebDriver.java:813)
	at org.openqa.selenium.WebDriver$Window$getSize.call(Unknown Source)
	at com.kms.katalon.core.mobile.keyword.internal.MobileAbstractKeyword.findElement(MobileAbstractKeyword.groovy:81)
	at com.kms.katalon.core.mobile.keyword.builtin.VerifyElementExistKeyword.access$1(VerifyElementExistKeyword.groovy)
	at com.kms.katalon.core.mobile.keyword.builtin.VerifyElementExistKeyword$_verifyElementExist_closure1.doCall(VerifyElementExistKeyword.groovy:72)
	at com.kms.katalon.core.mobile.keyword.builtin.VerifyElementExistKeyword$_verifyElementExist_closure1.call(VerifyElementExistKeyword.groovy)
	at com.kms.katalon.core.mobile.keyword.internal.MobileKeywordMain.runKeyword(MobileKeywordMain.groovy:21)
	at com.kms.katalon.core.mobile.keyword.builtin.VerifyElementExistKeyword.verifyElementExist(VerifyElementExistKeyword.groovy:80)
	at com.kms.katalon.core.mobile.keyword.builtin.VerifyElementExistKeyword.execute(VerifyElementExistKeyword.groovy:64)
	at com.kms.katalon.core.keyword.internal.KeywordExecutor.executeKeywordForPlatform(KeywordExecutor.groovy:74)
	at com.kms.katalon.core.mobile.keyword.MobileBuiltInKeywords.verifyElementExist(MobileBuiltInKeywords.groovy:1755)
	at com.kms.katalon.core.mobile.keyword.MobileBuiltInKeywords$verifyElementExist$8.call(Unknown Source)
	at duitNow_mobileNumberFavTransaction.run(duitNow_mobileNumberFavTransaction:348)
	at com.kms.katalon.core.main.ScriptEngine.run(ScriptEngine.java:194)
	at com.kms.katalon.core.main.ScriptEngine.runScriptAsRawText(ScriptEngine.java:119)
	at com.kms.katalon.core.main.TestCaseExecutor.runScript(TestCaseExecutor.java:445)
	at com.kms.katalon.core.main.TestCaseExecutor.doExecute(TestCaseExecutor.java:436)
	at com.kms.katalon.core.main.TestCaseExecutor.processExecutionPhase(TestCaseExecutor.java:415)
	at com.kms.katalon.core.main.TestCaseExecutor.accessMainPhase(TestCaseExecutor.java:407)
	at com.kms.katalon.core.main.TestCaseExecutor.execute(TestCaseExecutor.java:284)
	at com.kms.katalon.core.common.CommonExecutor.accessTestCaseMainPhase(CommonExecutor.java:65)
	at com.kms.katalon.core.main.TestSuiteExecutor.accessTestSuiteMainPhase(TestSuiteExecutor.java:144)
	at com.kms.katalon.core.main.TestSuiteExecutor.execute(TestSuiteExecutor.java:106)
	at com.kms.katalon.core.main.TestCaseMain.startTestSuite(TestCaseMain.java:185)
	at com.kms.katalon.core.main.TestCaseMain$startTestSuite$0.call(Unknown Source)
	at TempTestSuite1655794262003.run(TempTestSuite1655794262003.groovy:36)
)

2022-06-21 15:47:20 - [TEST_STEP][FAILED] - message = getText(findTestObject("Festive Season/returnAngpaoStatusMessageTxt"), 10): Failed to get text from element (Root cause: org.openqa.selenium.WebDriverException: An unknown server-side error occurred while processing the command. Original error: 'GET /window/current/size' cannot be proxied to UiAutomator2 server because the instrumentation process is not running (probably crashed). Check the server log and/or the logcat output for more details
Build info: version: '3.141.59', revision: 'e82be7d358', time: '2018-11-14T08:25:53'
System info: host: '00139272s-MacBook-Pro.local', ip: '2001:e68:6167:4601:85f6:f1eb:65d1:8553%en0', os.name: 'Mac OS X', os.arch: 'x86_64', os.version: '10.16', java.version: '1.8.0_275'
Driver info: com.kms.katalon.core.appium.driver.SwipeableAndroidDriver
Capabilities {app: /Users/a00139272/Katalon St..., appActivity: com.maybank2u.life.MainActi..., appPackage: com.maybank2u.life.sit, appWaitActivity: *, autoGrantPermissions: true, automationName: uiautomator2, chromedriverPort: 58888, databaseEnabled: false, desired: {app: /Users/a00139272/Katalon St..., appActivity: com.maybank2u.life.MainActi..., appPackage: com.maybank2u.life.sit, appWaitActivity: *, autoGrantPermissions: true, automationName: uiautomator2, chromedriverPort: 58888, deviceId: 002b9cc60508, deviceName: Xiaomi 21061119AG (Android 11), fullReset: false, newCommandTimeout: 1800, noReset: true, platform: ANDROID, platformName: android, platformVersion: 11, systemPort: 58886, udid: 002b9cc60508}, deviceApiLevel: 30, deviceId: 002b9cc60508, deviceManufacturer: Xiaomi, deviceModel: 21061119AG, deviceName: 002b9cc60508, deviceScreenDensity: 440, deviceScreenSize: 1080x2400, deviceUDID: 002b9cc60508, fullReset: false, javascriptEnabled: true, locationContextEnabled: false, networkConnectionEnabled: true, newCommandTimeout: 1800, noReset: true, pixelRatio: 2.75, platform: ANDROID, platformName: Android, platformVersion: 11, statBarHeight: 103, systemPort: 58886, takesScreenshot: true, udid: 002b9cc60508, viewportRect: {height: 2064, left: 0, top: 103, width: 1080}, warnings: {}, webStorageEnabled: false}
Session ID: 5fc04fe1-5498-4b3a-814a-182076c98f18
	at org.openqa.selenium.remote.http.W3CHttpResponseCodec.createException(W3CHttpResponseCodec.java:187)
	at org.openqa.selenium.remote.http.W3CHttpResponseCodec.decode(W3CHttpResponseCodec.java:122)
	at org.openqa.selenium.remote.http.W3CHttpResponseCodec.decode(W3CHttpResponseCodec.java:49)
	at org.openqa.selenium.remote.HttpCommandExecutor.execute(HttpCommandExecutor.java:158)
	at io.appium.java_client.remote.AppiumCommandExecutor.execute(AppiumCommandExecutor.java:239)
	at org.openqa.selenium.remote.RemoteWebDriver.execute(RemoteWebDriver.java:552)
	at io.appium.java_client.DefaultGenericMobileDriver.execute(DefaultGenericMobileDriver.java:46)
	at io.appium.java_client.AppiumDriver.execute(AppiumDriver.java:1)
	at io.appium.java_client.android.AndroidDriver.execute(AndroidDriver.java:1)
	at com.kms.katalon.core.appium.driver.SwipeableAndroidDriver.execute(SwipeableAndroidDriver.java:1)
	at org.openqa.selenium.remote.RemoteWebDriver$RemoteWebDriverOptions$RemoteWindow.getSize(RemoteWebDriver.java:813)
	at org.openqa.selenium.WebDriver$Window$getSize.call(Unknown Source)
	at com.kms.katalon.core.mobile.keyword.internal.MobileAbstractKeyword.findElement(MobileAbstractKeyword.groovy:81)
	at com.kms.katalon.core.mobile.keyword.builtin.GetTextKeyword.access$1(GetTextKeyword.groovy)
	at com.kms.katalon.core.mobile.keyword.builtin.GetTextKeyword$_getText_closure1.doCall(GetTextKeyword.groovy:72)
	at com.kms.katalon.core.mobile.keyword.builtin.GetTextKeyword$_getText_closure1.call(GetTextKeyword.groovy)
	at com.kms.katalon.core.mobile.keyword.internal.MobileKeywordMain.runKeyword(MobileKeywordMain.groovy:21)
	at com.kms.katalon.core.mobile.keyword.builtin.GetTextKeyword.getText(GetTextKeyword.groovy:80)
	at com.kms.katalon.core.mobile.keyword.builtin.GetTextKeyword.execute(GetTextKeyword.groovy:64)
	at com.kms.katalon.core.keyword.internal.KeywordExecutor.executeKeywordForPlatform(KeywordExecutor.groovy:74)
	at com.kms.katalon.core.mobile.keyword.MobileBuiltInKeywords.getText(MobileBuiltInKeywords.groovy:1274)
	at com.kms.katalon.core.mobile.keyword.MobileBuiltInKeywords$getText$11.call(Unknown Source)
	at duitNow_mobileNumberFavTransaction.run(duitNow_mobileNumberFavTransaction:350)
	at com.kms.katalon.core.main.ScriptEngine.run(ScriptEngine.java:194)
	at com.kms.katalon.core.main.ScriptEngine.runScriptAsRawText(ScriptEngine.java:119)
	at com.kms.katalon.core.main.TestCaseExecutor.runScript(TestCaseExecutor.java:445)
	at com.kms.katalon.core.main.TestCaseExecutor.doExecute(TestCaseExecutor.java:436)
	at com.kms.katalon.core.main.TestCaseExecutor.processExecutionPhase(TestCaseExecutor.java:415)
	at com.kms.katalon.core.main.TestCaseExecutor.accessMainPhase(TestCaseExecutor.java:407)
	at com.kms.katalon.core.main.TestCaseExecutor.execute(TestCaseExecutor.java:284)
	at com.kms.katalon.core.common.CommonExecutor.accessTestCaseMainPhase(CommonExecutor.java:65)
	at com.kms.katalon.core.main.TestSuiteExecutor.accessTestSuiteMainPhase(TestSuiteExecutor.java:144)
	at com.kms.katalon.core.main.TestSuiteExecutor.execute(TestSuiteExecutor.java:106)
	at com.kms.katalon.core.main.TestCaseMain.startTestSuite(TestCaseMain.java:185)
	at com.kms.katalon.core.main.TestCaseMain$startTestSuite$0.call(Unknown Source)
	at TempTestSuite1655794262003.run(TempTestSuite1655794262003.groovy:36)
)

2022-06-21 15:47:20 - [MESSAGE][FAILED] - Failed to get text from element (Root cause: org.openqa.selenium.WebDriverException: An unknown server-side error occurred while processing the command. Original error: 'GET /window/current/size' cannot be proxied to UiAutomator2 server because the instrumentation process is not running (probably crashed). Check the server log and/or the logcat output for more details
Build info: version: '3.141.59', revision: 'e82be7d358', time: '2018-11-14T08:25:53'
System info: host: '00139272s-MacBook-Pro.local', ip: '2001:e68:6167:4601:85f6:f1eb:65d1:8553%en0', os.name: 'Mac OS X', os.arch: 'x86_64', os.version: '10.16', java.version: '1.8.0_275'
Driver info: com.kms.katalon.core.appium.driver.SwipeableAndroidDriver
Capabilities {app: /Users/a00139272/Katalon St..., appActivity: com.maybank2u.life.MainActi..., appPackage: com.maybank2u.life.sit, appWaitActivity: *, autoGrantPermissions: true, automationName: uiautomator2, chromedriverPort: 58888, databaseEnabled: false, desired: {app: /Users/a00139272/Katalon St..., appActivity: com.maybank2u.life.MainActi..., appPackage: com.maybank2u.life.sit, appWaitActivity: *, autoGrantPermissions: true, automationName: uiautomator2, chromedriverPort: 58888, deviceId: 002b9cc60508, deviceName: Xiaomi 21061119AG (Android 11), fullReset: false, newCommandTimeout: 1800, noReset: true, platform: ANDROID, platformName: android, platformVersion: 11, systemPort: 58886, udid: 002b9cc60508}, deviceApiLevel: 30, deviceId: 002b9cc60508, deviceManufacturer: Xiaomi, deviceModel: 21061119AG, deviceName: 002b9cc60508, deviceScreenDensity: 440, deviceScreenSize: 1080x2400, deviceUDID: 002b9cc60508, fullReset: false, javascriptEnabled: true, locationContextEnabled: false, networkConnectionEnabled: true, newCommandTimeout: 1800, noReset: true, pixelRatio: 2.75, platform: ANDROID, platformName: Android, platformVersion: 11, statBarHeight: 103, systemPort: 58886, takesScreenshot: true, udid: 002b9cc60508, viewportRect: {height: 2064, left: 0, top: 103, width: 1080}, warnings: {}, webStorageEnabled: false}
Session ID: 5fc04fe1-5498-4b3a-814a-182076c98f18
	at org.openqa.selenium.remote.http.W3CHttpResponseCodec.createException(W3CHttpResponseCodec.java:187)
	at org.openqa.selenium.remote.http.W3CHttpResponseCodec.decode(W3CHttpResponseCodec.java:122)
	at org.openqa.selenium.remote.http.W3CHttpResponseCodec.decode(W3CHttpResponseCodec.java:49)
	at org.openqa.selenium.remote.HttpCommandExecutor.execute(HttpCommandExecutor.java:158)
	at io.appium.java_client.remote.AppiumCommandExecutor.execute(AppiumCommandExecutor.java:239)
	at org.openqa.selenium.remote.RemoteWebDriver.execute(RemoteWebDriver.java:552)
	at io.appium.java_client.DefaultGenericMobileDriver.execute(DefaultGenericMobileDriver.java:46)
	at io.appium.java_client.AppiumDriver.execute(AppiumDriver.java:1)
	at io.appium.java_client.android.AndroidDriver.execute(AndroidDriver.java:1)
	at com.kms.katalon.core.appium.driver.SwipeableAndroidDriver.execute(SwipeableAndroidDriver.java:1)
	at org.openqa.selenium.remote.RemoteWebDriver$RemoteWebDriverOptions$RemoteWindow.getSize(RemoteWebDriver.java:813)
	at org.openqa.selenium.WebDriver$Window$getSize.call(Unknown Source)
	at com.kms.katalon.core.mobile.keyword.internal.MobileAbstractKeyword.findElement(MobileAbstractKeyword.groovy:81)
	at com.kms.katalon.core.mobile.keyword.builtin.GetTextKeyword.access$1(GetTextKeyword.groovy)
	at com.kms.katalon.core.mobile.keyword.builtin.GetTextKeyword$_getText_closure1.doCall(GetTextKeyword.groovy:72)
	at com.kms.katalon.core.mobile.keyword.builtin.GetTextKeyword$_getText_closure1.call(GetTextKeyword.groovy)
	at com.kms.katalon.core.mobile.keyword.internal.MobileKeywordMain.runKeyword(MobileKeywordMain.groovy:21)
	at com.kms.katalon.core.mobile.keyword.builtin.GetTextKeyword.getText(GetTextKeyword.groovy:80)
	at com.kms.katalon.core.mobile.keyword.builtin.GetTextKeyword.execute(GetTextKeyword.groovy:64)
	at com.kms.katalon.core.keyword.internal.KeywordExecutor.executeKeywordForPlatform(KeywordExecutor.groovy:74)
	at com.kms.katalon.core.mobile.keyword.MobileBuiltInKeywords.getText(MobileBuiltInKeywords.groovy:1274)
	at com.kms.katalon.core.mobile.keyword.MobileBuiltInKeywords$getText$11.call(Unknown Source)
	at duitNow_mobileNumberFavTransaction.run(duitNow_mobileNumberFavTransaction:350)
	at com.kms.katalon.core.main.ScriptEngine.run(ScriptEngine.java:194)
	at com.kms.katalon.core.main.ScriptEngine.runScriptAsRawText(ScriptEngine.java:119)
	at com.kms.katalon.core.main.TestCaseExecutor.runScript(TestCaseExecutor.java:445)
	at com.kms.katalon.core.main.TestCaseExecutor.doExecute(TestCaseExecutor.java:436)
	at com.kms.katalon.core.main.TestCaseExecutor.processExecutionPhase(TestCaseExecutor.java:415)
	at com.kms.katalon.core.main.TestCaseExecutor.accessMainPhase(TestCaseExecutor.java:407)
	at com.kms.katalon.core.main.TestCaseExecutor.execute(TestCaseExecutor.java:284)
	at com.kms.katalon.core.common.CommonExecutor.accessTestCaseMainPhase(CommonExecutor.java:65)
	at com.kms.katalon.core.main.TestSuiteExecutor.accessTestSuiteMainPhase(TestSuiteExecutor.java:144)
	at com.kms.katalon.core.main.TestSuiteExecutor.execute(TestSuiteExecutor.java:106)
	at com.kms.katalon.core.main.TestCaseMain.startTestSuite(TestCaseMain.java:185)
	at com.kms.katalon.core.main.TestCaseMain$startTestSuite$0.call(Unknown Source)
	at TempTestSuite1655794262003.run(TempTestSuite1655794262003.groovy:36)
)

2022-06-21 15:47:20 - [TEST_STEP][PASSED] - println(message): null

2022-06-21 15:47:20 - [TEST_STEP][FAILED] - assert message == successTransactionMessage: Test Cases/DuitNow/duitNow_mobileNumberFavTransaction FAILED.
Reason:
Assertion failed: 

assert message == successTransactionMessage
       |       |  |
       null    |  Transfer successful
               false

	at duitNow_mobileNumberFavTransaction.run(duitNow_mobileNumberFavTransaction:354)
	at com.kms.katalon.core.main.ScriptEngine.run(ScriptEngine.java:194)
	at com.kms.katalon.core.main.ScriptEngine.runScriptAsRawText(ScriptEngine.java:119)
	at com.kms.katalon.core.main.TestCaseExecutor.runScript(TestCaseExecutor.java:445)
	at com.kms.katalon.core.main.TestCaseExecutor.doExecute(TestCaseExecutor.java:436)
	at com.kms.katalon.core.main.TestCaseExecutor.processExecutionPhase(TestCaseExecutor.java:415)
	at com.kms.katalon.core.main.TestCaseExecutor.accessMainPhase(TestCaseExecutor.java:407)
	at com.kms.katalon.core.main.TestCaseExecutor.execute(TestCaseExecutor.java:284)
	at com.kms.katalon.core.common.CommonExecutor.accessTestCaseMainPhase(CommonExecutor.java:65)
	at com.kms.katalon.core.main.TestSuiteExecutor.accessTestSuiteMainPhase(TestSuiteExecutor.java:144)
	at com.kms.katalon.core.main.TestSuiteExecutor.execute(TestSuiteExecutor.java:106)
	at com.kms.katalon.core.main.TestCaseMain.startTestSuite(TestCaseMain.java:185)
	at com.kms.katalon.core.main.TestCaseMain$startTestSuite$0.call(Unknown Source)
	at TempTestSuite1655794262003.run(TempTestSuite1655794262003.groovy:36)


2022-06-21 15:47:20 - [MESSAGE][FAILED] - Test Cases/DuitNow/duitNow_mobileNumberFavTransaction FAILED.
Reason:
Assertion failed: 

assert message == successTransactionMessage
       |       |  |
       null    |  Transfer successful
               false

	at duitNow_mobileNumberFavTransaction.run(duitNow_mobileNumberFavTransaction:354)
	at com.kms.katalon.core.main.ScriptEngine.run(ScriptEngine.java:194)
	at com.kms.katalon.core.main.ScriptEngine.runScriptAsRawText(ScriptEngine.java:119)
	at com.kms.katalon.core.main.TestCaseExecutor.runScript(TestCaseExecutor.java:445)
	at com.kms.katalon.core.main.TestCaseExecutor.doExecute(TestCaseExecutor.java:436)
	at com.kms.katalon.core.main.TestCaseExecutor.processExecutionPhase(TestCaseExecutor.java:415)
	at com.kms.katalon.core.main.TestCaseExecutor.accessMainPhase(TestCaseExecutor.java:407)
	at com.kms.katalon.core.main.TestCaseExecutor.execute(TestCaseExecutor.java:284)
	at com.kms.katalon.core.common.CommonExecutor.accessTestCaseMainPhase(CommonExecutor.java:65)
	at com.kms.katalon.core.main.TestSuiteExecutor.accessTestSuiteMainPhase(TestSuiteExecutor.java:144)
	at com.kms.katalon.core.main.TestSuiteExecutor.execute(TestSuiteExecutor.java:106)
	at com.kms.katalon.core.main.TestCaseMain.startTestSuite(TestCaseMain.java:185)
	at com.kms.katalon.core.main.TestCaseMain$startTestSuite$0.call(Unknown Source)
	at TempTestSuite1655794262003.run(TempTestSuite1655794262003.groovy:36)]]></system-out>
         <system-err><![CDATA[2022-06-21 15:36:22 - [TEST_CASE][FAILED] - Test Cases/DuitNow/duitNow_mobileNumberFavTransaction: Test Cases/DuitNow/duitNow_mobileNumberFavTransaction FAILED.
Reason:
com.kms.katalon.core.exception.StepFailedException: Failed to tap on element 'Object Repository/Banking/m2uAccountTransferIconSelect' (Root cause: org.openqa.selenium.StaleElementReferenceException: Cached elements 'By.xpath: //*[@class = 'android.widget.TextView' and (@text = 'Transfer' or . = 'Transfer')]' do not exist in DOM anymore
For documentation on this error, please visit: https://www.seleniumhq.org/exceptions/stale_element_reference.html
Build info: version: '3.141.59', revision: 'e82be7d358', time: '2018-11-14T08:25:53'
System info: host: '00139272s-MacBook-Pro.local', ip: '2001:e68:6167:4601:85f6:f1eb:65d1:8553%en0', os.name: 'Mac OS X', os.arch: 'x86_64', os.version: '10.16', java.version: '1.8.0_275'
Driver info: com.kms.katalon.core.appium.driver.SwipeableAndroidDriver
Capabilities {app: /Users/a00139272/Katalon St..., appActivity: com.maybank2u.life.MainActi..., appPackage: com.maybank2u.life.sit, appWaitActivity: *, autoGrantPermissions: true, automationName: uiautomator2, chromedriverPort: 58888, databaseEnabled: false, desired: {app: /Users/a00139272/Katalon St..., appActivity: com.maybank2u.life.MainActi..., appPackage: com.maybank2u.life.sit, appWaitActivity: *, autoGrantPermissions: true, automationName: uiautomator2, chromedriverPort: 58888, deviceId: 002b9cc60508, deviceName: Xiaomi 21061119AG (Android 11), fullReset: false, newCommandTimeout: 1800, noReset: true, platform: ANDROID, platformName: android, platformVersion: 11, systemPort: 58886, udid: 002b9cc60508}, deviceApiLevel: 30, deviceId: 002b9cc60508, deviceManufacturer: Xiaomi, deviceModel: 21061119AG, deviceName: 002b9cc60508, deviceScreenDensity: 440, deviceScreenSize: 1080x2400, deviceUDID: 002b9cc60508, fullReset: false, javascriptEnabled: true, locationContextEnabled: false, networkConnectionEnabled: true, newCommandTimeout: 1800, noReset: true, pixelRatio: 2.75, platform: ANDROID, platformName: Android, platformVersion: 11, statBarHeight: 103, systemPort: 58886, takesScreenshot: true, udid: 002b9cc60508, viewportRect: {height: 2064, left: 0, top: 103, width: 1080}, warnings: {}, webStorageEnabled: false}
Session ID: 5fc04fe1-5498-4b3a-814a-182076c98f18
	at org.openqa.selenium.remote.http.W3CHttpResponseCodec.createException(W3CHttpResponseCodec.java:187)
	at org.openqa.selenium.remote.http.W3CHttpResponseCodec.decode(W3CHttpResponseCodec.java:122)
	at org.openqa.selenium.remote.http.W3CHttpResponseCodec.decode(W3CHttpResponseCodec.java:49)
	at org.openqa.selenium.remote.HttpCommandExecutor.execute(HttpCommandExecutor.java:158)
	at io.appium.java_client.remote.AppiumCommandExecutor.execute(AppiumCommandExecutor.java:239)
	at org.openqa.selenium.remote.RemoteWebDriver.execute(RemoteWebDriver.java:552)
	at io.appium.java_client.DefaultGenericMobileDriver.execute(DefaultGenericMobileDriver.java:42)
	at io.appium.java_client.AppiumDriver.execute(AppiumDriver.java:1)
	at io.appium.java_client.android.AndroidDriver.execute(AndroidDriver.java:1)
	at com.kms.katalon.core.appium.driver.SwipeableAndroidDriver.execute(SwipeableAndroidDriver.java:1)
	at org.openqa.selenium.remote.RemoteWebElement.execute(RemoteWebElement.java:285)
	at io.appium.java_client.DefaultGenericMobileElement.execute(DefaultGenericMobileElement.java:45)
	at io.appium.java_client.MobileElement.execute(MobileElement.java:1)
	at io.appium.java_client.android.AndroidElement.execute(AndroidElement.java:1)
	at org.openqa.selenium.remote.RemoteWebElement.getLocation(RemoteWebElement.java:337)
	at org.openqa.selenium.WebElement$getLocation.call(Unknown Source)
	at com.kms.katalon.core.mobile.keyword.internal.MobileAbstractKeyword.findElement(MobileAbstractKeyword.groovy:86)
	at com.kms.katalon.core.mobile.keyword.builtin.TapKeyword.access$1(TapKeyword.groovy)
	at com.kms.katalon.core.mobile.keyword.builtin.TapKeyword$_tap_closure1.doCall(TapKeyword.groovy:76)
	at com.kms.katalon.core.mobile.keyword.builtin.TapKeyword$_tap_closure1.call(TapKeyword.groovy)
	at com.kms.katalon.core.mobile.keyword.internal.MobileKeywordMain.runKeyword(MobileKeywordMain.groovy:21)
	at com.kms.katalon.core.mobile.keyword.builtin.TapKeyword.tap(TapKeyword.groovy:84)
	at com.kms.katalon.core.mobile.keyword.builtin.TapKeyword.execute(TapKeyword.groovy:68)
	at com.kms.katalon.core.keyword.internal.KeywordExecutor.executeKeywordForPlatform(KeywordExecutor.groovy:74)
	at com.kms.katalon.core.mobile.keyword.MobileBuiltInKeywords.tap(MobileBuiltInKeywords.groovy:1490)
	at com.kms.katalon.core.mobile.keyword.MobileBuiltInKeywords$tap$4.call(Unknown Source)
	at duitNow_mobileNumberFavTransaction.run(duitNow_mobileNumberFavTransaction:74)
	at com.kms.katalon.core.main.ScriptEngine.run(ScriptEngine.java:194)
	at com.kms.katalon.core.main.ScriptEngine.runScriptAsRawText(ScriptEngine.java:119)
	at com.kms.katalon.core.main.TestCaseExecutor.runScript(TestCaseExecutor.java:445)
	at com.kms.katalon.core.main.TestCaseExecutor.doExecute(TestCaseExecutor.java:436)
	at com.kms.katalon.core.main.TestCaseExecutor.processExecutionPhase(TestCaseExecutor.java:415)
	at com.kms.katalon.core.main.TestCaseExecutor.accessMainPhase(TestCaseExecutor.java:407)
	at com.kms.katalon.core.main.TestCaseExecutor.execute(TestCaseExecutor.java:284)
	at com.kms.katalon.core.common.CommonExecutor.accessTestCaseMainPhase(CommonExecutor.java:65)
	at com.kms.katalon.core.main.TestSuiteExecutor.accessTestSuiteMainPhase(TestSuiteExecutor.java:144)
	at com.kms.katalon.core.main.TestSuiteExecutor.execute(TestSuiteExecutor.java:106)
	at com.kms.katalon.core.main.TestCaseMain.startTestSuite(TestCaseMain.java:185)
	at com.kms.katalon.core.main.TestCaseMain$startTestSuite$0.call(Unknown Source)
	at TempTestSuite1655794262003.run(TempTestSuite1655794262003.groovy:36)
)
	at com.kms.katalon.core.keyword.internal.KeywordMain.stepFailed(KeywordMain.groovy:39)
	at com.kms.katalon.core.mobile.keyword.internal.MobileKeywordMain.stepFailed(MobileKeywordMain.groovy:40)
	at com.kms.katalon.core.mobile.keyword.internal.MobileKeywordMain.runKeyword(MobileKeywordMain.groovy:23)
	at com.kms.katalon.core.mobile.keyword.builtin.TapKeyword.tap(TapKeyword.groovy:84)
	at com.kms.katalon.core.mobile.keyword.builtin.TapKeyword.execute(TapKeyword.groovy:68)
	at com.kms.katalon.core.keyword.internal.KeywordExecutor.executeKeywordForPlatform(KeywordExecutor.groovy:74)
	at com.kms.katalon.core.mobile.keyword.MobileBuiltInKeywords.tap(MobileBuiltInKeywords.groovy:1490)
	at com.kms.katalon.core.mobile.keyword.MobileBuiltInKeywords$tap$4.call(Unknown Source)
	at duitNow_mobileNumberFavTransaction.run(duitNow_mobileNumberFavTransaction:74)
	at com.kms.katalon.core.main.ScriptEngine.run(ScriptEngine.java:194)
	at com.kms.katalon.core.main.ScriptEngine.runScriptAsRawText(ScriptEngine.java:119)
	at com.kms.katalon.core.main.TestCaseExecutor.runScript(TestCaseExecutor.java:445)
	at com.kms.katalon.core.main.TestCaseExecutor.doExecute(TestCaseExecutor.java:436)
	at com.kms.katalon.core.main.TestCaseExecutor.processExecutionPhase(TestCaseExecutor.java:415)
	at com.kms.katalon.core.main.TestCaseExecutor.accessMainPhase(TestCaseExecutor.java:407)
	at com.kms.katalon.core.main.TestCaseExecutor.execute(TestCaseExecutor.java:284)
	at com.kms.katalon.core.common.CommonExecutor.accessTestCaseMainPhase(CommonExecutor.java:65)
	at com.kms.katalon.core.main.TestSuiteExecutor.accessTestSuiteMainPhase(TestSuiteExecutor.java:144)
	at com.kms.katalon.core.main.TestSuiteExecutor.execute(TestSuiteExecutor.java:106)
	at com.kms.katalon.core.main.TestCaseMain.startTestSuite(TestCaseMain.java:185)
	at com.kms.katalon.core.main.TestCaseMain$startTestSuite$0.call(Unknown Source)
	at TempTestSuite1655794262003.run(TempTestSuite1655794262003.groovy:36)
Caused by: org.openqa.selenium.StaleElementReferenceException: Cached elements 'By.xpath: //*[@class = 'android.widget.TextView' and (@text = 'Transfer' or . = 'Transfer')]' do not exist in DOM anymore
For documentation on this error, please visit: https://www.seleniumhq.org/exceptions/stale_element_reference.html
Build info: version: '3.141.59', revision: 'e82be7d358', time: '2018-11-14T08:25:53'
System info: host: '00139272s-MacBook-Pro.local', ip: '2001:e68:6167:4601:85f6:f1eb:65d1:8553%en0', os.name: 'Mac OS X', os.arch: 'x86_64', os.version: '10.16', java.version: '1.8.0_275'
Driver info: com.kms.katalon.core.appium.driver.SwipeableAndroidDriver
Capabilities {app: /Users/a00139272/Katalon St..., appActivity: com.maybank2u.life.MainActi..., appPackage: com.maybank2u.life.sit, appWaitActivity: *, autoGrantPermissions: true, automationName: uiautomator2, chromedriverPort: 58888, databaseEnabled: false, desired: {app: /Users/a00139272/Katalon St..., appActivity: com.maybank2u.life.MainActi..., appPackage: com.maybank2u.life.sit, appWaitActivity: *, autoGrantPermissions: true, automationName: uiautomator2, chromedriverPort: 58888, deviceId: 002b9cc60508, deviceName: Xiaomi 21061119AG (Android 11), fullReset: false, newCommandTimeout: 1800, noReset: true, platform: ANDROID, platformName: android, platformVersion: 11, systemPort: 58886, udid: 002b9cc60508}, deviceApiLevel: 30, deviceId: 002b9cc60508, deviceManufacturer: Xiaomi, deviceModel: 21061119AG, deviceName: 002b9cc60508, deviceScreenDensity: 440, deviceScreenSize: 1080x2400, deviceUDID: 002b9cc60508, fullReset: false, javascriptEnabled: true, locationContextEnabled: false, networkConnectionEnabled: true, newCommandTimeout: 1800, noReset: true, pixelRatio: 2.75, platform: ANDROID, platformName: Android, platformVersion: 11, statBarHeight: 103, systemPort: 58886, takesScreenshot: true, udid: 002b9cc60508, viewportRect: {height: 2064, left: 0, top: 103, width: 1080}, warnings: {}, webStorageEnabled: false}
Session ID: 5fc04fe1-5498-4b3a-814a-182076c98f18
	at org.openqa.selenium.remote.http.W3CHttpResponseCodec.createException(W3CHttpResponseCodec.java:187)
	at org.openqa.selenium.remote.http.W3CHttpResponseCodec.decode(W3CHttpResponseCodec.java:122)
	at org.openqa.selenium.remote.http.W3CHttpResponseCodec.decode(W3CHttpResponseCodec.java:49)
	at org.openqa.selenium.remote.HttpCommandExecutor.execute(HttpCommandExecutor.java:158)
	at io.appium.java_client.remote.AppiumCommandExecutor.execute(AppiumCommandExecutor.java:239)
	at org.openqa.selenium.remote.RemoteWebDriver.execute(RemoteWebDriver.java:552)
	at io.appium.java_client.DefaultGenericMobileDriver.execute(DefaultGenericMobileDriver.java:42)
	at io.appium.java_client.AppiumDriver.execute(AppiumDriver.java:1)
	at io.appium.java_client.android.AndroidDriver.execute(AndroidDriver.java:1)
	at com.kms.katalon.core.appium.driver.SwipeableAndroidDriver.execute(SwipeableAndroidDriver.java:1)
	at org.openqa.selenium.remote.RemoteWebElement.execute(RemoteWebElement.java:285)
	at io.appium.java_client.DefaultGenericMobileElement.execute(DefaultGenericMobileElement.java:45)
	at io.appium.java_client.MobileElement.execute(MobileElement.java:1)
	at io.appium.java_client.android.AndroidElement.execute(AndroidElement.java:1)
	at org.openqa.selenium.remote.RemoteWebElement.getLocation(RemoteWebElement.java:337)
	at org.openqa.selenium.WebElement$getLocation.call(Unknown Source)
	at com.kms.katalon.core.mobile.keyword.internal.MobileAbstractKeyword.findElement(MobileAbstractKeyword.groovy:86)
	at com.kms.katalon.core.mobile.keyword.builtin.TapKeyword.access$1(TapKeyword.groovy)
	at com.kms.katalon.core.mobile.keyword.builtin.TapKeyword$_tap_closure1.doCall(TapKeyword.groovy:76)
	at com.kms.katalon.core.mobile.keyword.builtin.TapKeyword$_tap_closure1.call(TapKeyword.groovy)
	at com.kms.katalon.core.mobile.keyword.internal.MobileKeywordMain.runKeyword(MobileKeywordMain.groovy:21)
	... 19 more]]></system-err>
      </testcase>
      <system-out><![CDATA[2022-06-21 14:51:12 - [TEST_SUITE][FAILED] - Regress 5: Test Cases/Transfer/asnb_asnbTransfer FAILED.
Reason:
com.kms.katalon.core.exception.StepFailedException: Element 'Object Repository/ASNB/transferASNBConfirmationDateTxt' not found
	at com.kms.katalon.core.keyword.internal.KeywordMain.stepFailed(KeywordMain.groovy:39)
	at com.kms.katalon.core.mobile.keyword.internal.MobileKeywordMain.stepFailed(MobileKeywordMain.groovy:40)
	at com.kms.katalon.core.mobile.keyword.builtin.VerifyElementTextKeyword$_verifyElementText_closure1.doCall(VerifyElementTextKeyword.groovy:49)
	at com.kms.katalon.core.mobile.keyword.builtin.VerifyElementTextKeyword$_verifyElementText_closure1.call(VerifyElementTextKeyword.groovy)
	at com.kms.katalon.core.mobile.keyword.internal.MobileKeywordMain.runKeyword(MobileKeywordMain.groovy:21)
	at com.kms.katalon.core.mobile.keyword.builtin.VerifyElementTextKeyword.verifyElementText(VerifyElementTextKeyword.groovy:62)
	at com.kms.katalon.core.mobile.keyword.builtin.VerifyElementTextKeyword.execute(VerifyElementTextKeyword.groovy:39)
	at com.kms.katalon.core.keyword.internal.KeywordExecutor.executeKeywordForPlatform(KeywordExecutor.groovy:74)
	at com.kms.katalon.core.mobile.keyword.MobileBuiltInKeywords.verifyElementText(MobileBuiltInKeywords.groovy:2901)
	at com.kms.katalon.core.mobile.keyword.MobileBuiltInKeywords$verifyElementText$9.call(Unknown Source)
	at asnb_asnbTransfer.run(asnb_asnbTransfer:218)
	at com.kms.katalon.core.main.ScriptEngine.run(ScriptEngine.java:194)
	at com.kms.katalon.core.main.ScriptEngine.runScriptAsRawText(ScriptEngine.java:119)
	at com.kms.katalon.core.main.TestCaseExecutor.runScript(TestCaseExecutor.java:445)
	at com.kms.katalon.core.main.TestCaseExecutor.doExecute(TestCaseExecutor.java:436)
	at com.kms.katalon.core.main.TestCaseExecutor.processExecutionPhase(TestCaseExecutor.java:415)
	at com.kms.katalon.core.main.TestCaseExecutor.accessMainPhase(TestCaseExecutor.java:407)
	at com.kms.katalon.core.main.TestCaseExecutor.execute(TestCaseExecutor.java:284)
	at com.kms.katalon.core.common.CommonExecutor.accessTestCaseMainPhase(CommonExecutor.java:65)
	at com.kms.katalon.core.main.TestSuiteExecutor.accessTestSuiteMainPhase(TestSuiteExecutor.java:144)
	at com.kms.katalon.core.main.TestSuiteExecutor.execute(TestSuiteExecutor.java:106)
	at com.kms.katalon.core.main.TestCaseMain.startTestSuite(TestCaseMain.java:185)
	at com.kms.katalon.core.main.TestCaseMain$startTestSuite$0.call(Unknown Source)
	at TempTestSuite1655794262003.run(TempTestSuite1655794262003.groovy:36)]]></system-out>
      <system-err><![CDATA[2022-06-21 14:51:12 - [TEST_SUITE][FAILED] - Regress 5: Test Cases/Transfer/asnb_asnbTransfer FAILED.
Reason:
com.kms.katalon.core.exception.StepFailedException: Element 'Object Repository/ASNB/transferASNBConfirmationDateTxt' not found
	at com.kms.katalon.core.keyword.internal.KeywordMain.stepFailed(KeywordMain.groovy:39)
	at com.kms.katalon.core.mobile.keyword.internal.MobileKeywordMain.stepFailed(MobileKeywordMain.groovy:40)
	at com.kms.katalon.core.mobile.keyword.builtin.VerifyElementTextKeyword$_verifyElementText_closure1.doCall(VerifyElementTextKeyword.groovy:49)
	at com.kms.katalon.core.mobile.keyword.builtin.VerifyElementTextKeyword$_verifyElementText_closure1.call(VerifyElementTextKeyword.groovy)
	at com.kms.katalon.core.mobile.keyword.internal.MobileKeywordMain.runKeyword(MobileKeywordMain.groovy:21)
	at com.kms.katalon.core.mobile.keyword.builtin.VerifyElementTextKeyword.verifyElementText(VerifyElementTextKeyword.groovy:62)
	at com.kms.katalon.core.mobile.keyword.builtin.VerifyElementTextKeyword.execute(VerifyElementTextKeyword.groovy:39)
	at com.kms.katalon.core.keyword.internal.KeywordExecutor.executeKeywordForPlatform(KeywordExecutor.groovy:74)
	at com.kms.katalon.core.mobile.keyword.MobileBuiltInKeywords.verifyElementText(MobileBuiltInKeywords.groovy:2901)
	at com.kms.katalon.core.mobile.keyword.MobileBuiltInKeywords$verifyElementText$9.call(Unknown Source)
	at asnb_asnbTransfer.run(asnb_asnbTransfer:218)
	at com.kms.katalon.core.main.ScriptEngine.run(ScriptEngine.java:194)
	at com.kms.katalon.core.main.ScriptEngine.runScriptAsRawText(ScriptEngine.java:119)
	at com.kms.katalon.core.main.TestCaseExecutor.runScript(TestCaseExecutor.java:445)
	at com.kms.katalon.core.main.TestCaseExecutor.doExecute(TestCaseExecutor.java:436)
	at com.kms.katalon.core.main.TestCaseExecutor.processExecutionPhase(TestCaseExecutor.java:415)
	at com.kms.katalon.core.main.TestCaseExecutor.accessMainPhase(TestCaseExecutor.java:407)
	at com.kms.katalon.core.main.TestCaseExecutor.execute(TestCaseExecutor.java:284)
	at com.kms.katalon.core.common.CommonExecutor.accessTestCaseMainPhase(CommonExecutor.java:65)
	at com.kms.katalon.core.main.TestSuiteExecutor.accessTestSuiteMainPhase(TestSuiteExecutor.java:144)
	at com.kms.katalon.core.main.TestSuiteExecutor.execute(TestSuiteExecutor.java:106)
	at com.kms.katalon.core.main.TestCaseMain.startTestSuite(TestCaseMain.java:185)
	at com.kms.katalon.core.main.TestCaseMain$startTestSuite$0.call(Unknown Source)
	at TempTestSuite1655794262003.run(TempTestSuite1655794262003.groovy:36)]]></system-err>
   </testsuite>
</testsuites>
