<?xml version="1.0" encoding="UTF-8"?>
<testsuites name="Regress 5" time="2672.801" tests="9" failures="5" errors="0">
   <testsuite name="Regress 5" tests="9" failures="5" errors="0" time="2672.801" skipped="0" timestamp="2022-06-22 16:05:06" hostname="a00139272 - 192.168.0.176" id="Test Suites/Regress 5">
      <properties>
         <property name="deviceName" value="Xiaomi 21061119AG (Android 11)"/>
         <property name="devicePlatform" value=""/>
         <property name="logFolder" value="/Users/a00139272/git/MAE-BAU-MY/Reports/20220622_160453/Regress 5/20220622_160453"/>
         <property name="logFiles" value="/Users/a00139272/git/MAE-BAU-MY/Reports/20220622_160453/Regress 5/20220622_160453/execution0.log, /Users/a00139272/git/MAE-BAU-MY/Reports/20220622_160453/Regress 5/20220622_160453/appium.log"/>
         <property name="attachments" value="/Users/a00139272/Desktop/Screenshot/instantThirdParty.png, /Users/a00139272/Desktop/Screenshot/thirdPartyFuture.png, /Users/a00139272/Desktop/Screenshot/thirdPartySetFav.png, /Users/a00139272/Desktop/Screenshot/thirdPartyFav.png"/>
         <property name="hostName" value="a00139272 - 192.168.0.176"/>
         <property name="os" value="Mac OS X 64bit"/>
         <property name="appiumServerStatus" value="{&quot;value&quot;:{&quot;build&quot;:{&quot;version&quot;:&quot;1.22.1&quot;}},&quot;sessionId&quot;:null,&quot;status&quot;:0}"/>
         <property name="katalonVersion" value="8.3.5.208"/>
         <property name="deviceOS" value="Android"/>
         <property name="appiumVersion" value="1.22.1"/>
         <property name="deviceModel" value="21061119AG"/>
         <property name="hostAddress" value="192.168.0.176"/>
         <property name="deviceManufacturer" value="Xiaomi"/>
         <property name="deviceId" value="002b9cc60508"/>
         <property name="deviceName" value="Xiaomi 21061119AG (Android 11)"/>
         <property name="deviceOSVersion" value="11"/>
      </properties>
      <testcase name="Test Cases/Transfer/transfer_thirdPartyToday" time="480.91" classname="Test Cases/Transfer/transfer_thirdPartyToday" status="PASSED">
         <system-out><![CDATA[2022-06-22 16:05:06 - [TEST_CASE][PASSED] - Test Cases/Transfer/transfer_thirdPartyToday: Test Cases/Transfer/transfer_thirdPartyToday

2022-06-22 16:05:06 - [TEST_STEP][PASSED] - setMobileDriverPreferencesProperty("appPackage", "com.maybank2u.life.sit"): null

2022-06-22 16:05:06 - [TEST_STEP][PASSED] - setMobileDriverPreferencesProperty("appActivity", "com.maybank2u.life.MainActivity"): null

2022-06-22 16:05:06 - [TEST_STEP][PASSED] - if (isApplicationOpened == false): Started app at: '/Users/a00139272/Katalon Studio/MAE/androidapp/app-dev-universal-release (1).apk'

2022-06-22 16:05:07 - [TEST_STEP][PASSED] - startApplication(appPath, false): Started app at: '/Users/a00139272/Katalon Studio/MAE/androidapp/app-dev-universal-release (1).apk'

2022-06-22 16:05:07 - [MESSAGE][INFO] - User set preference: ['appWaitActivity', '*']

2022-06-22 16:05:07 - [MESSAGE][INFO] - User set preference: ['deviceId', '002b9cc60508']

2022-06-22 16:05:07 - [MESSAGE][INFO] - User set preference: ['appPackage', 'com.maybank2u.life.sit']

2022-06-22 16:05:07 - [MESSAGE][INFO] - User set preference: ['appActivity', 'com.maybank2u.life.MainActivity']

2022-06-22 16:05:07 - [MESSAGE][INFO] - Detected NodeJS location: "/usr/local/Cellar/node/17.0.1/bin/node"

2022-06-22 16:05:08 - [MESSAGE][INFO] - Appium server started on port 52,877

2022-06-22 16:05:21 - [MESSAGE][PASSED] - Started app at: '/Users/a00139272/Katalon Studio/MAE/androidapp/app-dev-universal-release (1).apk'

2022-06-22 16:05:21 - [TEST_STEP][PASSED] - delay(5): Delayed 5 second(s)

2022-06-22 16:05:26 - [MESSAGE][PASSED] - Delayed 5 second(s)

2022-06-22 16:05:26 - [TEST_STEP][PASSED] - device_Height = getDeviceHeight(): Current device physical height is 2167

2022-06-22 16:05:27 - [MESSAGE][PASSED] - Current device physical height is 2167

2022-06-22 16:05:27 - [TEST_STEP][PASSED] - device_Width = getDeviceWidth(): Current device physical width is 1080

2022-06-22 16:05:27 - [MESSAGE][PASSED] - Current device physical width is 1080

2022-06-22 16:05:27 - [TEST_STEP][PASSED] - startX = device_Width / 3: null

2022-06-22 16:05:27 - [TEST_STEP][PASSED] - startY = device_Height * 0.97: null

2022-06-22 16:05:27 - [TEST_STEP][PASSED] - tapAtPosition(startX, startY): Tapped at [360, 2,101]

2022-06-22 16:05:28 - [MESSAGE][PASSED] - Tapped at [360, 2,101]

2022-06-22 16:05:28 - [TEST_STEP][PASSED] - if (verifyElementVisible(findTestObject("Main/mainEnterPINMessage"), 0, OPTIONAL)): null

2022-06-22 16:05:28 - [MESSAGE][WARNING] - Timeout '0' is invalid. Using default page load timeout: '40'

2022-06-22 16:05:29 - [MESSAGE][PASSED] - Element 'Object Repository/Main/mainEnterPINMessage' is visible

2022-06-22 16:05:29 - [TEST_STEP][PASSED] - tap(findTestObject("Login Onboarding/PIN1"), 0): Tapped on element 'Object Repository/Login Onboarding/PIN1'

2022-06-22 16:05:29 - [MESSAGE][WARNING] - Timeout '0' is invalid. Using default page load timeout: '40'

2022-06-22 16:05:29 - [MESSAGE][PASSED] - Tapped on element 'Object Repository/Login Onboarding/PIN1'

2022-06-22 16:05:29 - [TEST_STEP][PASSED] - tap(findTestObject("Login Onboarding/PIN1"), 0): Tapped on element 'Object Repository/Login Onboarding/PIN1'

2022-06-22 16:05:29 - [MESSAGE][WARNING] - Timeout '0' is invalid. Using default page load timeout: '40'

2022-06-22 16:05:31 - [MESSAGE][PASSED] - Tapped on element 'Object Repository/Login Onboarding/PIN1'

2022-06-22 16:05:31 - [TEST_STEP][PASSED] - tap(findTestObject("Login Onboarding/PIN1"), 0): Tapped on element 'Object Repository/Login Onboarding/PIN1'

2022-06-22 16:05:31 - [MESSAGE][WARNING] - Timeout '0' is invalid. Using default page load timeout: '40'

2022-06-22 16:05:33 - [MESSAGE][PASSED] - Tapped on element 'Object Repository/Login Onboarding/PIN1'

2022-06-22 16:05:33 - [TEST_STEP][PASSED] - tap(findTestObject("Login Onboarding/PIN1"), 0): Tapped on element 'Object Repository/Login Onboarding/PIN1'

2022-06-22 16:05:33 - [MESSAGE][WARNING] - Timeout '0' is invalid. Using default page load timeout: '40'

2022-06-22 16:05:35 - [MESSAGE][PASSED] - Tapped on element 'Object Repository/Login Onboarding/PIN1'

2022-06-22 16:05:35 - [TEST_STEP][PASSED] - tap(findTestObject("Login Onboarding/PIN1"), 0): Tapped on element 'Object Repository/Login Onboarding/PIN1'

2022-06-22 16:05:35 - [MESSAGE][WARNING] - Timeout '0' is invalid. Using default page load timeout: '40'

2022-06-22 16:05:37 - [MESSAGE][PASSED] - Tapped on element 'Object Repository/Login Onboarding/PIN1'

2022-06-22 16:05:37 - [TEST_STEP][PASSED] - tap(findTestObject("Login Onboarding/PIN2"), 0): Tapped on element 'Object Repository/Login Onboarding/PIN2'

2022-06-22 16:05:37 - [MESSAGE][WARNING] - Timeout '0' is invalid. Using default page load timeout: '40'

2022-06-22 16:05:39 - [MESSAGE][PASSED] - Tapped on element 'Object Repository/Login Onboarding/PIN2'

2022-06-22 16:05:39 - [TEST_STEP][PASSED] - delay(2): Delayed 2 second(s)

2022-06-22 16:05:41 - [MESSAGE][PASSED] - Delayed 2 second(s)

2022-06-22 16:05:41 - [TEST_STEP][PASSED] - verifyElementVisible(findTestObject("Banking/m2uAccountTypeSelection", ["text":"MAE"]), 10): Element 'Object Repository/Banking/m2uAccountTypeSelection' is visible

2022-06-22 16:05:51 - [MESSAGE][PASSED] - Element 'Object Repository/Banking/m2uAccountTypeSelection' is visible

2022-06-22 16:05:51 - [TEST_STEP][PASSED] - tap(findTestObject("Banking/m2uAccountTypeSelection", ["text":"MAE"]), 10): Tapped on element 'Object Repository/Banking/m2uAccountTypeSelection'

2022-06-22 16:05:51 - [MESSAGE][PASSED] - Tapped on element 'Object Repository/Banking/m2uAccountTypeSelection'

2022-06-22 16:05:51 - [TEST_STEP][PASSED] - delay(5): Delayed 5 second(s)

2022-06-22 16:05:56 - [MESSAGE][PASSED] - Delayed 5 second(s)

2022-06-22 16:05:56 - [TEST_STEP][PASSED] - verifyElementVisible(findTestObject("Banking/m2uAccountTransferIconSelect"), 0): Element 'Object Repository/Banking/m2uAccountTransferIconSelect' is visible

2022-06-22 16:05:56 - [MESSAGE][WARNING] - Timeout '0' is invalid. Using default page load timeout: '40'

2022-06-22 16:05:57 - [MESSAGE][PASSED] - Element 'Object Repository/Banking/m2uAccountTransferIconSelect' is visible

2022-06-22 16:05:57 - [TEST_STEP][PASSED] - tap(findTestObject("Banking/m2uAccountTransferIconSelect"), 0): Tapped on element 'Object Repository/Banking/m2uAccountTransferIconSelect'

2022-06-22 16:05:57 - [MESSAGE][WARNING] - Timeout '0' is invalid. Using default page load timeout: '40'

2022-06-22 16:05:57 - [MESSAGE][PASSED] - Tapped on element 'Object Repository/Banking/m2uAccountTransferIconSelect'

2022-06-22 16:05:57 - [TEST_STEP][PASSED] - delay(5): Delayed 5 second(s)

2022-06-22 16:06:02 - [MESSAGE][PASSED] - Delayed 5 second(s)

2022-06-22 16:06:02 - [TEST_STEP][PASSED] - if (verifyElementVisible(findTestObject("Tabung/tabungEnterPasswordTxt"), 10, OPTIONAL)): null

2022-06-22 16:06:53 - [MESSAGE][PASSED] - Element 'Object Repository/Tabung/tabungEnterPasswordTxt' is visible

2022-06-22 16:06:53 - [TEST_STEP][PASSED] - setText(findTestObject("Tabung/tabungSignInInputPasswordField"), Password, 0): Text 'pass1234' has been set to element 'Object Repository/Tabung/tabungSignInInputPasswordField'

2022-06-22 16:06:53 - [MESSAGE][WARNING] - Timeout '0' is invalid. Using default page load timeout: '40'

2022-06-22 16:08:44 - [MESSAGE][PASSED] - Text 'pass1234' has been set to element 'Object Repository/Tabung/tabungSignInInputPasswordField'

2022-06-22 16:08:44 - [TEST_STEP][PASSED] - hideKeyboard(): Keyboard is hidden

2022-06-22 16:08:49 - [MESSAGE][PASSED] - Keyboard is hidden

2022-06-22 16:08:49 - [TEST_STEP][PASSED] - tap(findTestObject("Tabung/tabungSignInContinueBtn"), 0): Tapped on element 'Object Repository/Tabung/tabungSignInContinueBtn'

2022-06-22 16:08:49 - [MESSAGE][WARNING] - Timeout '0' is invalid. Using default page load timeout: '40'

2022-06-22 16:09:49 - [MESSAGE][PASSED] - Tapped on element 'Object Repository/Tabung/tabungSignInContinueBtn'

2022-06-22 16:09:49 - [TEST_STEP][PASSED] - tap(findTestObject("Banking/transferOthersTopMenuSelect"), 0): Tapped on element 'Object Repository/Banking/transferOthersTopMenuSelect'

2022-06-22 16:09:50 - [MESSAGE][WARNING] - Timeout '0' is invalid. Using default page load timeout: '40'

2022-06-22 16:10:50 - [MESSAGE][PASSED] - Tapped on element 'Object Repository/Banking/transferOthersTopMenuSelect'

2022-06-22 16:10:50 - [TEST_STEP][PASSED] - tap(findTestObject("Banking/transferBanksIconSelect"), 0): Tapped on element 'Object Repository/Banking/transferBanksIconSelect'

2022-06-22 16:10:50 - [MESSAGE][WARNING] - Timeout '0' is invalid. Using default page load timeout: '40'

2022-06-22 16:11:43 - [MESSAGE][PASSED] - Tapped on element 'Object Repository/Banking/transferBanksIconSelect'

2022-06-22 16:11:43 - [TEST_STEP][PASSED] - tap(findTestObject("Banking/transferToMaybankSelect"), 0): Tapped on element 'Object Repository/Banking/transferToMaybankSelect'

2022-06-22 16:11:43 - [MESSAGE][WARNING] - Timeout '0' is invalid. Using default page load timeout: '40'

2022-06-22 16:11:44 - [MESSAGE][PASSED] - Tapped on element 'Object Repository/Banking/transferToMaybankSelect'

2022-06-22 16:11:44 - [TEST_STEP][PASSED] - delay(3): Delayed 3 second(s)

2022-06-22 16:11:47 - [MESSAGE][PASSED] - Delayed 3 second(s)

2022-06-22 16:11:47 - [TEST_STEP][PASSED] - verifyElementExist(findTestObject("Banking/transferAccountNoInputField"), 0): Element 'Object Repository/Banking/transferAccountNoInputField' is exist

2022-06-22 16:11:48 - [MESSAGE][WARNING] - Timeout '0' is invalid. Using default page load timeout: '40'

2022-06-22 16:11:48 - [MESSAGE][PASSED] - Element 'Object Repository/Banking/transferAccountNoInputField' is exist

2022-06-22 16:11:48 - [TEST_STEP][PASSED] - setText(findTestObject("Banking/transferAccountNoInputField"), accountNum, 0): Text '514012082699' has been set to element 'Object Repository/Banking/transferAccountNoInputField'

2022-06-22 16:11:48 - [MESSAGE][WARNING] - Timeout '0' is invalid. Using default page load timeout: '40'

2022-06-22 16:11:48 - [MESSAGE][PASSED] - Text '514012082699' has been set to element 'Object Repository/Banking/transferAccountNoInputField'

2022-06-22 16:11:48 - [TEST_STEP][PASSED] - hideKeyboard(): Keyboard is hidden

2022-06-22 16:11:53 - [MESSAGE][PASSED] - Keyboard is hidden

2022-06-22 16:11:53 - [TEST_STEP][PASSED] - tap(findTestObject("Login Onboarding/loginExistingContinueBtn"), 0): Tapped on element 'Object Repository/Login Onboarding/loginExistingContinueBtn'

2022-06-22 16:11:53 - [MESSAGE][WARNING] - Timeout '0' is invalid. Using default page load timeout: '40'

2022-06-22 16:11:53 - [MESSAGE][PASSED] - Tapped on element 'Object Repository/Login Onboarding/loginExistingContinueBtn'

2022-06-22 16:11:53 - [TEST_STEP][PASSED] - verifyElementText(findTestObject("Transfer/transferAmounttAccNameTxt", ["accName":accName]), accName): Actual text and expected text of test object 'Object Repository/Transfer/transferAmounttAccNameTxt' are matched.

2022-06-22 16:11:58 - [MESSAGE][PASSED] - Actual text and expected text of test object 'Object Repository/Transfer/transferAmounttAccNameTxt' are matched.

2022-06-22 16:11:58 - [TEST_STEP][PASSED] - verifyElementText(findTestObject("Transfer/transferAmounttAccNoTxt", ["accNo":accNo]), accNo): Actual text and expected text of test object 'Object Repository/Transfer/transferAmounttAccNoTxt' are matched.

2022-06-22 16:11:58 - [MESSAGE][PASSED] - Actual text and expected text of test object 'Object Repository/Transfer/transferAmounttAccNoTxt' are matched.

2022-06-22 16:11:58 - [TEST_STEP][PASSED] - verifyElementText(findTestObject("Transfer/transferAmounttAccBankTxt", ["accBank":accBank]), accBank): Actual text and expected text of test object 'Object Repository/Transfer/transferAmounttAccBankTxt' are matched.

2022-06-22 16:11:58 - [MESSAGE][PASSED] - Actual text and expected text of test object 'Object Repository/Transfer/transferAmounttAccBankTxt' are matched.

2022-06-22 16:11:58 - [TEST_STEP][PASSED] - verifyElementExist(findTestObject("Transfer/transferAmountRMTxt"), 0): Element 'Object Repository/Transfer/transferAmountRMTxt' is exist

2022-06-22 16:11:58 - [MESSAGE][WARNING] - Timeout '0' is invalid. Using default page load timeout: '40'

2022-06-22 16:11:58 - [MESSAGE][PASSED] - Element 'Object Repository/Transfer/transferAmountRMTxt' is exist

2022-06-22 16:11:58 - [TEST_STEP][PASSED] - verifyElementExist(findTestObject("Transfer/transferAmountEnterAmountTitleTxt"), 0): Element 'Object Repository/Transfer/transferAmountEnterAmountTitleTxt' is exist

2022-06-22 16:11:58 - [MESSAGE][WARNING] - Timeout '0' is invalid. Using default page load timeout: '40'

2022-06-22 16:11:58 - [MESSAGE][PASSED] - Element 'Object Repository/Transfer/transferAmountEnterAmountTitleTxt' is exist

2022-06-22 16:11:58 - [TEST_STEP][PASSED] - verifyElementExist(findTestObject("Login Onboarding/PIN4"), 0): Element 'Object Repository/Login Onboarding/PIN4' is exist

2022-06-22 16:11:58 - [MESSAGE][WARNING] - Timeout '0' is invalid. Using default page load timeout: '40'

2022-06-22 16:11:59 - [MESSAGE][PASSED] - Element 'Object Repository/Login Onboarding/PIN4' is exist

2022-06-22 16:11:59 - [TEST_STEP][PASSED] - tap(findTestObject("Login Onboarding/PIN4"), 0): Tapped on element 'Object Repository/Login Onboarding/PIN4'

2022-06-22 16:11:59 - [MESSAGE][WARNING] - Timeout '0' is invalid. Using default page load timeout: '40'

2022-06-22 16:11:59 - [MESSAGE][PASSED] - Tapped on element 'Object Repository/Login Onboarding/PIN4'

2022-06-22 16:11:59 - [TEST_STEP][PASSED] - verifyElementText(findTestObject("Transfer/transferAmountInputValueTxt", ["value":checkValue]), checkValue): Actual text and expected text of test object 'Object Repository/Transfer/transferAmountInputValueTxt' are matched.

2022-06-22 16:12:00 - [MESSAGE][PASSED] - Actual text and expected text of test object 'Object Repository/Transfer/transferAmountInputValueTxt' are matched.

2022-06-22 16:12:00 - [TEST_STEP][PASSED] - delay(3): Delayed 3 second(s)

2022-06-22 16:12:03 - [MESSAGE][PASSED] - Delayed 3 second(s)

2022-06-22 16:12:03 - [TEST_STEP][PASSED] - tap(findTestObject("Login Onboarding/loginPinTickBtn"), 0): Tapped on element 'Object Repository/Login Onboarding/loginPinTickBtn'

2022-06-22 16:12:03 - [MESSAGE][WARNING] - Timeout '0' is invalid. Using default page load timeout: '40'

2022-06-22 16:12:03 - [MESSAGE][PASSED] - Tapped on element 'Object Repository/Login Onboarding/loginPinTickBtn'

2022-06-22 16:12:03 - [TEST_STEP][PASSED] - verifyElementText(findTestObject("Transfer/transferReferenceAccNameTxt", ["accName":accName]), accName): Actual text and expected text of test object 'Object Repository/Transfer/transferReferenceAccNameTxt' are matched.

2022-06-22 16:12:05 - [MESSAGE][PASSED] - Actual text and expected text of test object 'Object Repository/Transfer/transferReferenceAccNameTxt' are matched.

2022-06-22 16:12:05 - [TEST_STEP][PASSED] - verifyElementText(findTestObject("Transfer/transferReferenceAccNoTxt", ["accNo":accNo]), accNo): Actual text and expected text of test object 'Object Repository/Transfer/transferReferenceAccNoTxt' are matched.

2022-06-22 16:12:05 - [MESSAGE][PASSED] - Actual text and expected text of test object 'Object Repository/Transfer/transferReferenceAccNoTxt' are matched.

2022-06-22 16:12:05 - [TEST_STEP][PASSED] - verifyElementText(findTestObject("Transfer/transferReferenceAccBankTxt", ["accBank":accBank]), accBank): Actual text and expected text of test object 'Object Repository/Transfer/transferReferenceAccBankTxt' are matched.

2022-06-22 16:12:05 - [MESSAGE][PASSED] - Actual text and expected text of test object 'Object Repository/Transfer/transferReferenceAccBankTxt' are matched.

2022-06-22 16:12:05 - [TEST_STEP][PASSED] - verifyElementExist(findTestObject("Transfer/transferReferenceInputField"), 0): Element 'Object Repository/Transfer/transferReferenceInputField' is exist

2022-06-22 16:12:05 - [MESSAGE][WARNING] - Timeout '0' is invalid. Using default page load timeout: '40'

2022-06-22 16:12:06 - [MESSAGE][PASSED] - Element 'Object Repository/Transfer/transferReferenceInputField' is exist

2022-06-22 16:12:06 - [TEST_STEP][PASSED] - setText(findTestObject("Banking/transferReferenceInputField"), reference, 0): Text 'MBBTransfer' has been set to element 'Object Repository/Banking/transferReferenceInputField'

2022-06-22 16:12:06 - [MESSAGE][WARNING] - Timeout '0' is invalid. Using default page load timeout: '40'

2022-06-22 16:12:06 - [MESSAGE][PASSED] - Text 'MBBTransfer' has been set to element 'Object Repository/Banking/transferReferenceInputField'

2022-06-22 16:12:06 - [TEST_STEP][PASSED] - hideKeyboard(): Keyboard is hidden

2022-06-22 16:12:08 - [MESSAGE][PASSED] - Keyboard is hidden

2022-06-22 16:12:08 - [TEST_STEP][PASSED] - verifyElementText(findTestObject("Transfer/transferReferenceInputFieldAfter", ["reference":reference]), reference): Actual text and expected text of test object 'Object Repository/Transfer/transferReferenceInputFieldAfter' are matched.

2022-06-22 16:12:09 - [MESSAGE][PASSED] - Actual text and expected text of test object 'Object Repository/Transfer/transferReferenceInputFieldAfter' are matched.

2022-06-22 16:12:09 - [TEST_STEP][PASSED] - tap(findTestObject("Login Onboarding/loginExistingContinueBtn"), 0): Tapped on element 'Object Repository/Login Onboarding/loginExistingContinueBtn'

2022-06-22 16:12:09 - [MESSAGE][WARNING] - Timeout '0' is invalid. Using default page load timeout: '40'

2022-06-22 16:12:09 - [MESSAGE][PASSED] - Tapped on element 'Object Repository/Login Onboarding/loginExistingContinueBtn'

2022-06-22 16:12:09 - [TEST_STEP][PASSED] - verifyElementText(findTestObject("Transfer/transferConfirmationAccountNameTxt", ["accName":accName]), accName): Actual text and expected text of test object 'Object Repository/Transfer/transferConfirmationAccountNameTxt' are matched.

2022-06-22 16:12:09 - [MESSAGE][PASSED] - Actual text and expected text of test object 'Object Repository/Transfer/transferConfirmationAccountNameTxt' are matched.

2022-06-22 16:12:09 - [TEST_STEP][PASSED] - verifyElementText(findTestObject("Transfer/transferConfirmationAccountNoTxt", ["accNo":accNo]), accNo): Actual text and expected text of test object 'Object Repository/Transfer/transferConfirmationAccountNoTxt' are matched.

2022-06-22 16:12:09 - [MESSAGE][PASSED] - Actual text and expected text of test object 'Object Repository/Transfer/transferConfirmationAccountNoTxt' are matched.

2022-06-22 16:12:09 - [TEST_STEP][PASSED] - verifyElementText(findTestObject("Transfer/transferConfirmationAmountTxt", ["amount":amount]), amount): Actual text and expected text of test object 'Object Repository/Transfer/transferConfirmationAmountTxt' are matched.

2022-06-22 16:12:11 - [MESSAGE][PASSED] - Actual text and expected text of test object 'Object Repository/Transfer/transferConfirmationAmountTxt' are matched.

2022-06-22 16:12:11 - [TEST_STEP][PASSED] - verifyElementText(findTestObject("Transfer/transferConfirmationTransactionDateTxt"), "Today"): Actual text and expected text of test object 'Object Repository/Transfer/transferConfirmationTransactionDateTxt' are matched.

2022-06-22 16:12:12 - [MESSAGE][PASSED] - Actual text and expected text of test object 'Object Repository/Transfer/transferConfirmationTransactionDateTxt' are matched.

2022-06-22 16:12:12 - [TEST_STEP][PASSED] - verifyElementText(findTestObject("Transfer/transferConfirmationTransactionRecRefTxt", ["reference":reference]), reference): Actual text and expected text of test object 'Object Repository/Transfer/transferConfirmationTransactionRecRefTxt' are matched.

2022-06-22 16:12:12 - [MESSAGE][PASSED] - Actual text and expected text of test object 'Object Repository/Transfer/transferConfirmationTransactionRecRefTxt' are matched.

2022-06-22 16:12:12 - [TEST_STEP][PASSED] - verifyElementText(findTestObject("Transfer/transferConfirmationTransactionBankTxt", ["accBank":accBank]), accBank): Actual text and expected text of test object 'Object Repository/Transfer/transferConfirmationTransactionBankTxt' are matched.

2022-06-22 16:12:13 - [MESSAGE][PASSED] - Actual text and expected text of test object 'Object Repository/Transfer/transferConfirmationTransactionBankTxt' are matched.

2022-06-22 16:12:13 - [TEST_STEP][PASSED] - verifyElementText(findTestObject("Transfer/transferConfirmationOptionalGreyWordTxt"), "Optional"): Actual text and expected text of test object 'Object Repository/Transfer/transferConfirmationOptionalGreyWordTxt' are matched.

2022-06-22 16:12:13 - [MESSAGE][PASSED] - Actual text and expected text of test object 'Object Repository/Transfer/transferConfirmationOptionalGreyWordTxt' are matched.

2022-06-22 16:12:13 - [TEST_STEP][PASSED] - verifyElementExist(findTestObject("Transfer/transferConfirmationBankNameTitleTxt"), 0): Element 'Object Repository/Transfer/transferConfirmationBankNameTitleTxt' is exist

2022-06-22 16:12:13 - [MESSAGE][WARNING] - Timeout '0' is invalid. Using default page load timeout: '40'

2022-06-22 16:12:13 - [MESSAGE][PASSED] - Element 'Object Repository/Transfer/transferConfirmationBankNameTitleTxt' is exist

2022-06-22 16:12:13 - [TEST_STEP][PASSED] - verifyElementExist(findTestObject("Transfer/transferConfirmationDateTitleTxt"), 0): Element 'Object Repository/Transfer/transferConfirmationDateTitleTxt' is exist

2022-06-22 16:12:13 - [MESSAGE][WARNING] - Timeout '0' is invalid. Using default page load timeout: '40'

2022-06-22 16:12:13 - [MESSAGE][PASSED] - Element 'Object Repository/Transfer/transferConfirmationDateTitleTxt' is exist

2022-06-22 16:12:13 - [TEST_STEP][PASSED] - verifyElementExist(findTestObject("Transfer/transferConfirmationFTransferFromTitleTxt"), 0): Element 'Object Repository/Transfer/transferConfirmationFTransferFromTitleTxt' is exist

2022-06-22 16:12:13 - [MESSAGE][WARNING] - Timeout '0' is invalid. Using default page load timeout: '40'

2022-06-22 16:12:13 - [MESSAGE][PASSED] - Element 'Object Repository/Transfer/transferConfirmationFTransferFromTitleTxt' is exist

2022-06-22 16:12:13 - [TEST_STEP][PASSED] - verifyElementExist(findTestObject("Transfer/transferConfirmationRecRefTitleTxt"), 0): Element 'Object Repository/Transfer/transferConfirmationRecRefTitleTxt' is exist

2022-06-22 16:12:13 - [MESSAGE][WARNING] - Timeout '0' is invalid. Using default page load timeout: '40'

2022-06-22 16:12:14 - [MESSAGE][PASSED] - Element 'Object Repository/Transfer/transferConfirmationRecRefTitleTxt' is exist

2022-06-22 16:12:14 - [TEST_STEP][PASSED] - verifyElementExist(findTestObject("Transfer/transferConfirmationPaymentDetailsTitleTxt"), 0): Element 'Object Repository/Transfer/transferConfirmationPaymentDetailsTitleTxt' is exist

2022-06-22 16:12:14 - [MESSAGE][WARNING] - Timeout '0' is invalid. Using default page load timeout: '40'

2022-06-22 16:12:14 - [MESSAGE][PASSED] - Element 'Object Repository/Transfer/transferConfirmationPaymentDetailsTitleTxt' is exist

2022-06-22 16:12:14 - [TEST_STEP][PASSED] - verifyElementExist(findTestObject("Transfer/transferConfirmationNoteTitleTxt"), 0): Element 'Object Repository/Transfer/transferConfirmationNoteTitleTxt' is exist

2022-06-22 16:12:14 - [MESSAGE][WARNING] - Timeout '0' is invalid. Using default page load timeout: '40'

2022-06-22 16:12:14 - [MESSAGE][PASSED] - Element 'Object Repository/Transfer/transferConfirmationNoteTitleTxt' is exist

2022-06-22 16:12:14 - [TEST_STEP][PASSED] - verifyElementExist(findTestObject("Transfer/transferConfirmationNoteContentTxt"), 0): Element 'Object Repository/Transfer/transferConfirmationNoteContentTxt' is exist

2022-06-22 16:12:14 - [MESSAGE][WARNING] - Timeout '0' is invalid. Using default page load timeout: '40'

2022-06-22 16:12:14 - [MESSAGE][PASSED] - Element 'Object Repository/Transfer/transferConfirmationNoteContentTxt' is exist

2022-06-22 16:12:14 - [TEST_STEP][PASSED] - tap(findTestObject("Transfer/transferConfirmationOptionalGreyWordTxt"), 0): Tapped on element 'Object Repository/Transfer/transferConfirmationOptionalGreyWordTxt'

2022-06-22 16:12:14 - [MESSAGE][WARNING] - Timeout '0' is invalid. Using default page load timeout: '40'

2022-06-22 16:12:15 - [MESSAGE][PASSED] - Tapped on element 'Object Repository/Transfer/transferConfirmationOptionalGreyWordTxt'

2022-06-22 16:12:15 - [TEST_STEP][PASSED] - setText(findTestObject("Transfer/transferConfirmationDetailsInputField"), referenceC, 0): Text 'Test Transfer' has been set to element 'Object Repository/Transfer/transferConfirmationDetailsInputField'

2022-06-22 16:12:15 - [MESSAGE][WARNING] - Timeout '0' is invalid. Using default page load timeout: '40'

2022-06-22 16:12:17 - [MESSAGE][PASSED] - Text 'Test Transfer' has been set to element 'Object Repository/Transfer/transferConfirmationDetailsInputField'

2022-06-22 16:12:17 - [TEST_STEP][PASSED] - hideKeyboard(): Keyboard is hidden

2022-06-22 16:12:19 - [MESSAGE][PASSED] - Keyboard is hidden

2022-06-22 16:12:19 - [TEST_STEP][PASSED] - verifyElementText(findTestObject("Transfer/transferConfirmationOptionalGreyWordTxt"), referenceC): Actual text and expected text of test object 'Object Repository/Transfer/transferConfirmationOptionalGreyWordTxt' are matched.

2022-06-22 16:12:19 - [MESSAGE][PASSED] - Actual text and expected text of test object 'Object Repository/Transfer/transferConfirmationOptionalGreyWordTxt' are matched.

2022-06-22 16:12:19 - [TEST_STEP][PASSED] - device_Height_2 = getDeviceHeight(): Current device physical height is 2167

2022-06-22 16:12:20 - [MESSAGE][PASSED] - Current device physical height is 2167

2022-06-22 16:12:20 - [TEST_STEP][PASSED] - device_Width_2 = getDeviceWidth(): Current device physical width is 1080

2022-06-22 16:12:20 - [MESSAGE][PASSED] - Current device physical width is 1080

2022-06-22 16:12:20 - [TEST_STEP][PASSED] - startX_2 = device_Width_2 / 2: null

2022-06-22 16:12:20 - [TEST_STEP][PASSED] - endX_2 = startX_2: null

2022-06-22 16:12:20 - [TEST_STEP][PASSED] - startY_2 = device_Height_2 * 0.30: null

2022-06-22 16:12:20 - [TEST_STEP][PASSED] - endY_2 = device_Height_2 * 0.70: null

2022-06-22 16:12:20 - [TEST_STEP][PASSED] - swipe(startX_2, endY_2, endX_2, startY_2): Swiped from 540,1,516 to 540,650

2022-06-22 16:12:21 - [MESSAGE][PASSED] - Swiped from 540,1,516 to 540,650

2022-06-22 16:12:21 - [TEST_STEP][PASSED] - verifyElementText(findTestObject("Transfer/transferConfirmationFromAccTypeTxt", ["accType":accType]), accType): Actual text and expected text of test object 'Object Repository/Transfer/transferConfirmationFromAccTypeTxt' are matched.

2022-06-22 16:12:21 - [MESSAGE][PASSED] - Actual text and expected text of test object 'Object Repository/Transfer/transferConfirmationFromAccTypeTxt' are matched.

2022-06-22 16:12:21 - [TEST_STEP][PASSED] - verifyElementText(findTestObject("Transfer/transferConfirmationFromAccNoTxt", ["accNoFrom":accNoFrom]), accNoFrom): Actual text and expected text of test object 'Object Repository/Transfer/transferConfirmationFromAccNoTxt' are matched.

2022-06-22 16:12:22 - [MESSAGE][PASSED] - Actual text and expected text of test object 'Object Repository/Transfer/transferConfirmationFromAccNoTxt' are matched.

2022-06-22 16:12:22 - [TEST_STEP][PASSED] - verifyElementExist(findTestObject("Transfer/transferConfirmationFromAccBalanceTxt"), 0): Element 'Object Repository/Transfer/transferConfirmationFromAccBalanceTxt' is exist

2022-06-22 16:12:22 - [MESSAGE][WARNING] - Timeout '0' is invalid. Using default page load timeout: '40'

2022-06-22 16:12:22 - [MESSAGE][PASSED] - Element 'Object Repository/Transfer/transferConfirmationFromAccBalanceTxt' is exist

2022-06-22 16:12:22 - [TEST_STEP][PASSED] - accountBalance = getText(findTestObject("Transfer/transferConfirmationFromAccBalanceTxt"), 0): Text of element 'Object Repository/Transfer/transferConfirmationFromAccBalanceTxt' is: 'RM 1,034.48'

2022-06-22 16:12:22 - [MESSAGE][WARNING] - Timeout '0' is invalid. Using default page load timeout: '40'

2022-06-22 16:12:22 - [MESSAGE][PASSED] - Text of element 'Object Repository/Transfer/transferConfirmationFromAccBalanceTxt' is: 'RM 1,034.48'

2022-06-22 16:12:22 - [TEST_STEP][PASSED] - println(accountBalance): null

2022-06-22 16:12:22 - [TEST_STEP][PASSED] - tap(findTestObject("Main/mainTransferNowBtn"), 0): Tapped on element 'Object Repository/Main/mainTransferNowBtn'

2022-06-22 16:12:22 - [MESSAGE][WARNING] - Timeout '0' is invalid. Using default page load timeout: '40'

2022-06-22 16:12:22 - [MESSAGE][PASSED] - Tapped on element 'Object Repository/Main/mainTransferNowBtn'

2022-06-22 16:12:22 - [TEST_STEP][PASSED] - if (verifyElementVisible(findTestObject("Festive Season/seasonalGreetingAngpaoTACNoTxt"), 5, OPTIONAL)): Element 'Object Repository/Festive Season/seasonalGreetingAngpaoTACNoTxt' not found

2022-06-22 16:12:28 - [MESSAGE][WARNING] - Element 'Object Repository/Festive Season/seasonalGreetingAngpaoTACNoTxt' not found

2022-06-22 16:12:28 - [TEST_STEP][PASSED] - else: Tapped on element 'Object Repository/Main/mainS2UApproveBtn'

2022-06-22 16:12:28 - [TEST_STEP][PASSED] - delay(5): Delayed 5 second(s)

2022-06-22 16:12:33 - [MESSAGE][PASSED] - Delayed 5 second(s)

2022-06-22 16:12:33 - [TEST_STEP][PASSED] - verifyElementVisible(findTestObject("Main/mainS2UApproveBtn"), 0): Element 'Object Repository/Main/mainS2UApproveBtn' is visible

2022-06-22 16:12:33 - [MESSAGE][WARNING] - Timeout '0' is invalid. Using default page load timeout: '40'

2022-06-22 16:12:33 - [MESSAGE][PASSED] - Element 'Object Repository/Main/mainS2UApproveBtn' is visible

2022-06-22 16:12:33 - [TEST_STEP][PASSED] - tap(findTestObject("Main/mainS2UApproveBtn"), 0): Tapped on element 'Object Repository/Main/mainS2UApproveBtn'

2022-06-22 16:12:33 - [MESSAGE][WARNING] - Timeout '0' is invalid. Using default page load timeout: '40'

2022-06-22 16:12:33 - [MESSAGE][PASSED] - Tapped on element 'Object Repository/Main/mainS2UApproveBtn'

2022-06-22 16:12:33 - [TEST_STEP][PASSED] - delay(5): Delayed 5 second(s)

2022-06-22 16:12:38 - [MESSAGE][PASSED] - Delayed 5 second(s)

2022-06-22 16:12:38 - [TEST_STEP][PASSED] - verifyElementExist(findTestObject("Festive Season/returnAngpaoStatusMessageTxt"), 0): Element 'Object Repository/Festive Season/returnAngpaoStatusMessageTxt' is exist

2022-06-22 16:12:38 - [MESSAGE][WARNING] - Timeout '0' is invalid. Using default page load timeout: '40'

2022-06-22 16:12:38 - [MESSAGE][PASSED] - Element 'Object Repository/Festive Season/returnAngpaoStatusMessageTxt' is exist

2022-06-22 16:12:38 - [TEST_STEP][PASSED] - message = getText(findTestObject("Festive Season/returnAngpaoStatusMessageTxt"), 10): Text of element 'Object Repository/Festive Season/returnAngpaoStatusMessageTxt' is: 'Transfer successful'

2022-06-22 16:12:38 - [MESSAGE][PASSED] - Text of element 'Object Repository/Festive Season/returnAngpaoStatusMessageTxt' is: 'Transfer successful'

2022-06-22 16:12:38 - [TEST_STEP][PASSED] - println(message): null

2022-06-22 16:12:38 - [TEST_STEP][PASSED] - assert message == successTransactionMessage: null

2022-06-22 16:12:38 - [TEST_STEP][PASSED] - verifyElementExist(findTestObject("Transfer/transferSummaryDateTimeTitleTxt"), 0): Element 'Object Repository/Transfer/transferSummaryDateTimeTitleTxt' is exist

2022-06-22 16:12:38 - [MESSAGE][WARNING] - Timeout '0' is invalid. Using default page load timeout: '40'

2022-06-22 16:12:39 - [MESSAGE][PASSED] - Element 'Object Repository/Transfer/transferSummaryDateTimeTitleTxt' is exist

2022-06-22 16:12:39 - [TEST_STEP][PASSED] - verifyElementExist(findTestObject("Transfer/transferSummaryRefIDTitleTxt"), 0): Element 'Object Repository/Transfer/transferSummaryRefIDTitleTxt' is exist

2022-06-22 16:12:39 - [MESSAGE][WARNING] - Timeout '0' is invalid. Using default page load timeout: '40'

2022-06-22 16:12:39 - [MESSAGE][PASSED] - Element 'Object Repository/Transfer/transferSummaryRefIDTitleTxt' is exist

2022-06-22 16:12:39 - [TEST_STEP][PASSED] - verifyElementExist(findTestObject("Transfer/transferSummaryShareReceiptBtn"), 0): Element 'Object Repository/Transfer/transferSummaryShareReceiptBtn' is exist

2022-06-22 16:12:39 - [MESSAGE][WARNING] - Timeout '0' is invalid. Using default page load timeout: '40'

2022-06-22 16:12:39 - [MESSAGE][PASSED] - Element 'Object Repository/Transfer/transferSummaryShareReceiptBtn' is exist

2022-06-22 16:12:39 - [TEST_STEP][PASSED] - delay(5): Delayed 5 second(s)

2022-06-22 16:12:44 - [MESSAGE][PASSED] - Delayed 5 second(s)

2022-06-22 16:12:44 - [TEST_STEP][PASSED] - referenceID = getText(findTestObject("Send Request Money/requestMoneyPaySummaryRefIDTxt"), 0): Text of element 'Object Repository/Send Request Money/requestMoneyPaySummaryRefIDTxt' is: '181577884M'

2022-06-22 16:12:44 - [MESSAGE][WARNING] - Timeout '0' is invalid. Using default page load timeout: '40'

2022-06-22 16:12:44 - [MESSAGE][PASSED] - Text of element 'Object Repository/Send Request Money/requestMoneyPaySummaryRefIDTxt' is: '181577884M'

2022-06-22 16:12:44 - [TEST_STEP][PASSED] - println(referenceID): null

2022-06-22 16:12:44 - [TEST_STEP][PASSED] - test = dataFolder: null

2022-06-22 16:12:44 - [TEST_STEP][PASSED] - sheetName = "Sheet1": null

2022-06-22 16:12:44 - [TEST_STEP][PASSED] - file1 = new java.io.File(test): null

2022-06-22 16:12:44 - [TEST_STEP][PASSED] - assert file1.exists() == true: null

2022-06-22 16:12:44 - [TEST_STEP][PASSED] - woorkbook1 = getWorkbook(test): null

2022-06-22 16:12:44 - [TEST_STEP][PASSED] - sheet1 = getExcelSheet(woorkbook1, sheetName): null

2022-06-22 16:12:44 - [TEST_STEP][PASSED] - setValueToCellByIndex(sheet1, 3, 1, referenceID): null

2022-06-22 16:12:44 - [TEST_STEP][PASSED] - saveWorkbook(test, woorkbook1): null

2022-06-22 16:12:44 - [TEST_STEP][PASSED] - delay(3): Delayed 3 second(s)

2022-06-22 16:12:47 - [MESSAGE][PASSED] - Delayed 3 second(s)

2022-06-22 16:12:47 - [TEST_STEP][PASSED] - takeScreenshot("/Users/a00139272/Desktop/Screenshot/instantThirdParty.png"): Screenshot is taken

2022-06-22 16:12:48 - [MESSAGE][PASSED] - Screenshot is taken
[[ATTACHMENT|/Users/a00139272/Desktop/Screenshot/instantThirdParty.png]]

2022-06-22 16:12:48 - [TEST_STEP][PASSED] - verifyElementVisible(findTestObject("Main/mainDoneBtn"), 0): Element 'Object Repository/Main/mainDoneBtn' is visible

2022-06-22 16:12:48 - [MESSAGE][WARNING] - Timeout '0' is invalid. Using default page load timeout: '40'

2022-06-22 16:12:49 - [MESSAGE][PASSED] - Element 'Object Repository/Main/mainDoneBtn' is visible

2022-06-22 16:12:49 - [TEST_STEP][PASSED] - tap(findTestObject("Main/mainDoneBtn"), 0): Tapped on element 'Object Repository/Main/mainDoneBtn'

2022-06-22 16:12:49 - [MESSAGE][WARNING] - Timeout '0' is invalid. Using default page load timeout: '40'

2022-06-22 16:12:49 - [MESSAGE][PASSED] - Tapped on element 'Object Repository/Main/mainDoneBtn'

2022-06-22 16:12:49 - [TEST_STEP][PASSED] - delay(5): Delayed 5 second(s)

2022-06-22 16:12:54 - [MESSAGE][PASSED] - Delayed 5 second(s)

2022-06-22 16:12:54 - [TEST_STEP][PASSED] - tap(findTestObject("Main/mainTopLeftBackButton"), 0): Tapped on element 'Object Repository/Main/mainTopLeftBackButton'

2022-06-22 16:12:54 - [MESSAGE][WARNING] - Timeout '0' is invalid. Using default page load timeout: '40'

2022-06-22 16:12:54 - [MESSAGE][PASSED] - Tapped on element 'Object Repository/Main/mainTopLeftBackButton'

2022-06-22 16:12:54 - [TEST_STEP][PASSED] - verifyElementVisible(findTestObject("Banking/m2uAccountTypeSelection", ["text":"MAE"]), 0): Element 'Object Repository/Banking/m2uAccountTypeSelection' is visible

2022-06-22 16:12:54 - [MESSAGE][WARNING] - Timeout '0' is invalid. Using default page load timeout: '40'

2022-06-22 16:12:56 - [MESSAGE][PASSED] - Element 'Object Repository/Banking/m2uAccountTypeSelection' is visible

2022-06-22 16:12:56 - [TEST_STEP][PASSED] - tap(findTestObject("Banking/m2uAccountTypeSelection", ["text":"MAE"]), 10): Tapped on element 'Object Repository/Banking/m2uAccountTypeSelection'

2022-06-22 16:12:56 - [MESSAGE][PASSED] - Tapped on element 'Object Repository/Banking/m2uAccountTypeSelection'

2022-06-22 16:12:56 - [TEST_STEP][PASSED] - delay(5): Delayed 5 second(s)

2022-06-22 16:13:01 - [MESSAGE][PASSED] - Delayed 5 second(s)

2022-06-22 16:13:01 - [TEST_STEP][PASSED] - afterBalance = getText(findTestObject("Main/mainAccountsBalanceTxt"), 0): Text of element 'Object Repository/Main/mainAccountsBalanceTxt' is: 'RM 1,034.44'

2022-06-22 16:13:01 - [MESSAGE][WARNING] - Timeout '0' is invalid. Using default page load timeout: '40'

2022-06-22 16:13:02 - [MESSAGE][PASSED] - Text of element 'Object Repository/Main/mainAccountsBalanceTxt' is: 'RM 1,034.44'

2022-06-22 16:13:02 - [TEST_STEP][PASSED] - newAfterBalance = afterBalance.replaceAll("[^0-9.]", ""): null

2022-06-22 16:13:02 - [TEST_STEP][PASSED] - newAccountBalance = accountBalance.replaceAll("[^0-9.]", ""): null

2022-06-22 16:13:02 - [TEST_STEP][PASSED] - newAfterBalanceF = Float.parseFloat(newAfterBalance): null

2022-06-22 16:13:02 - [TEST_STEP][PASSED] - newAccountBalanceF = Float.parseFloat(newAccountBalance): null

2022-06-22 16:13:02 - [TEST_STEP][PASSED] - println(afterBalance): null

2022-06-22 16:13:02 - [TEST_STEP][PASSED] - println(accountBalance): null

2022-06-22 16:13:02 - [TEST_STEP][PASSED] - println(newAfterBalance): null

2022-06-22 16:13:02 - [TEST_STEP][PASSED] - println(newAccountBalance): null

2022-06-22 16:13:02 - [TEST_STEP][PASSED] - value_1 = checkValue: null

2022-06-22 16:13:02 - [TEST_STEP][PASSED] - value_2 = value_1.replaceAll("[^0-9.]", ""): null

2022-06-22 16:13:02 - [TEST_STEP][PASSED] - newValue = Float.parseFloat(value_2): null

2022-06-22 16:13:02 - [TEST_STEP][PASSED] - newBalance = newAccountBalanceF - newValue: null

2022-06-22 16:13:02 - [TEST_STEP][PASSED] - println(newBalance): null

2022-06-22 16:13:02 - [TEST_STEP][PASSED] - assert newBalance.round(2) == newAfterBalanceF: null

2022-06-22 16:13:02 - [TEST_STEP][PASSED] - delay(5): Delayed 5 second(s)

2022-06-22 16:13:07 - [MESSAGE][PASSED] - Delayed 5 second(s)]]></system-out>
         <system-err><![CDATA[]]></system-err>
      </testcase>
      <testcase name="Test Cases/Transfer/transfer_thirdPartyFuture" time="229.734" classname="Test Cases/Transfer/transfer_thirdPartyFuture" status="PASSED">
         <system-out><![CDATA[2022-06-22 16:13:07 - [TEST_CASE][PASSED] - Test Cases/Transfer/transfer_thirdPartyFuture: Test Cases/Transfer/transfer_thirdPartyFuture

2022-06-22 16:13:07 - [TEST_STEP][PASSED] - start = "Starts": null

2022-06-22 16:13:07 - [TEST_STEP][PASSED] - println(start): null

2022-06-22 16:13:07 - [TEST_STEP][PASSED] - delay(5): Delayed 5 second(s)

2022-06-22 16:13:12 - [MESSAGE][PASSED] - Delayed 5 second(s)

2022-06-22 16:13:12 - [TEST_STEP][PASSED] - verifyElementVisible(findTestObject("Banking/m2uAccountTransferIconSelect"), 0): Element 'Object Repository/Banking/m2uAccountTransferIconSelect' is visible

2022-06-22 16:13:12 - [MESSAGE][WARNING] - Timeout '0' is invalid. Using default page load timeout: '40'

2022-06-22 16:13:12 - [MESSAGE][PASSED] - Element 'Object Repository/Banking/m2uAccountTransferIconSelect' is visible

2022-06-22 16:13:12 - [TEST_STEP][PASSED] - tap(findTestObject("Banking/m2uAccountTransferIconSelect"), 0): Tapped on element 'Object Repository/Banking/m2uAccountTransferIconSelect'

2022-06-22 16:13:12 - [MESSAGE][WARNING] - Timeout '0' is invalid. Using default page load timeout: '40'

2022-06-22 16:13:12 - [MESSAGE][PASSED] - Tapped on element 'Object Repository/Banking/m2uAccountTransferIconSelect'

2022-06-22 16:13:12 - [TEST_STEP][PASSED] - delay(5): Delayed 5 second(s)

2022-06-22 16:13:17 - [MESSAGE][PASSED] - Delayed 5 second(s)

2022-06-22 16:13:17 - [TEST_STEP][PASSED] - tap(findTestObject("Banking/transferOthersTopMenuSelect"), 0): Tapped on element 'Object Repository/Banking/transferOthersTopMenuSelect'

2022-06-22 16:13:18 - [MESSAGE][WARNING] - Timeout '0' is invalid. Using default page load timeout: '40'

2022-06-22 16:14:18 - [MESSAGE][PASSED] - Tapped on element 'Object Repository/Banking/transferOthersTopMenuSelect'

2022-06-22 16:14:18 - [TEST_STEP][PASSED] - verifyElementVisible(findTestObject("Banking/transferBanksIconSelect"), 0): Element 'Object Repository/Banking/transferBanksIconSelect' is visible

2022-06-22 16:14:18 - [MESSAGE][WARNING] - Timeout '0' is invalid. Using default page load timeout: '40'

2022-06-22 16:15:10 - [MESSAGE][PASSED] - Element 'Object Repository/Banking/transferBanksIconSelect' is visible

2022-06-22 16:15:10 - [TEST_STEP][PASSED] - tap(findTestObject("Banking/transferBanksIconSelect"), 0): Tapped on element 'Object Repository/Banking/transferBanksIconSelect'

2022-06-22 16:15:10 - [MESSAGE][WARNING] - Timeout '0' is invalid. Using default page load timeout: '40'

2022-06-22 16:16:02 - [MESSAGE][PASSED] - Tapped on element 'Object Repository/Banking/transferBanksIconSelect'

2022-06-22 16:16:02 - [TEST_STEP][PASSED] - tap(findTestObject("Banking/transferToMaybankSelect"), 0): Tapped on element 'Object Repository/Banking/transferToMaybankSelect'

2022-06-22 16:16:03 - [MESSAGE][WARNING] - Timeout '0' is invalid. Using default page load timeout: '40'

2022-06-22 16:16:04 - [MESSAGE][PASSED] - Tapped on element 'Object Repository/Banking/transferToMaybankSelect'

2022-06-22 16:16:04 - [TEST_STEP][PASSED] - setText(findTestObject("Banking/transferAccountNoInputField"), "514012082699", 0): Text '514012082699' has been set to element 'Object Repository/Banking/transferAccountNoInputField'

2022-06-22 16:16:04 - [MESSAGE][WARNING] - Timeout '0' is invalid. Using default page load timeout: '40'

2022-06-22 16:16:06 - [MESSAGE][PASSED] - Text '514012082699' has been set to element 'Object Repository/Banking/transferAccountNoInputField'

2022-06-22 16:16:06 - [TEST_STEP][PASSED] - hideKeyboard(): Keyboard is hidden

2022-06-22 16:16:10 - [MESSAGE][PASSED] - Keyboard is hidden

2022-06-22 16:16:10 - [TEST_STEP][PASSED] - tap(findTestObject("Login Onboarding/loginExistingContinueBtn"), 0): Tapped on element 'Object Repository/Login Onboarding/loginExistingContinueBtn'

2022-06-22 16:16:10 - [MESSAGE][WARNING] - Timeout '0' is invalid. Using default page load timeout: '40'

2022-06-22 16:16:10 - [MESSAGE][PASSED] - Tapped on element 'Object Repository/Login Onboarding/loginExistingContinueBtn'

2022-06-22 16:16:10 - [TEST_STEP][PASSED] - tap(findTestObject("Login Onboarding/PIN4"), 0): Tapped on element 'Object Repository/Login Onboarding/PIN4'

2022-06-22 16:16:10 - [MESSAGE][WARNING] - Timeout '0' is invalid. Using default page load timeout: '40'

2022-06-22 16:16:14 - [MESSAGE][PASSED] - Tapped on element 'Object Repository/Login Onboarding/PIN4'

2022-06-22 16:16:14 - [TEST_STEP][PASSED] - delay(3): Delayed 3 second(s)

2022-06-22 16:16:17 - [MESSAGE][PASSED] - Delayed 3 second(s)

2022-06-22 16:16:17 - [TEST_STEP][PASSED] - tap(findTestObject("Login Onboarding/loginPinTickBtn"), 0): Tapped on element 'Object Repository/Login Onboarding/loginPinTickBtn'

2022-06-22 16:16:17 - [MESSAGE][WARNING] - Timeout '0' is invalid. Using default page load timeout: '40'

2022-06-22 16:16:17 - [MESSAGE][PASSED] - Tapped on element 'Object Repository/Login Onboarding/loginPinTickBtn'

2022-06-22 16:16:17 - [TEST_STEP][PASSED] - setText(findTestObject("Banking/transferReferenceInputField"), "AmountTranser", 0): Text 'AmountTranser' has been set to element 'Object Repository/Banking/transferReferenceInputField'

2022-06-22 16:16:17 - [MESSAGE][WARNING] - Timeout '0' is invalid. Using default page load timeout: '40'

2022-06-22 16:16:20 - [MESSAGE][PASSED] - Text 'AmountTranser' has been set to element 'Object Repository/Banking/transferReferenceInputField'

2022-06-22 16:16:20 - [TEST_STEP][PASSED] - hideKeyboard(): Keyboard is hidden

2022-06-22 16:16:22 - [MESSAGE][PASSED] - Keyboard is hidden

2022-06-22 16:16:22 - [TEST_STEP][PASSED] - tap(findTestObject("Login Onboarding/loginExistingContinueBtn"), 0): Tapped on element 'Object Repository/Login Onboarding/loginExistingContinueBtn'

2022-06-22 16:16:22 - [MESSAGE][WARNING] - Timeout '0' is invalid. Using default page load timeout: '40'

2022-06-22 16:16:22 - [MESSAGE][PASSED] - Tapped on element 'Object Repository/Login Onboarding/loginExistingContinueBtn'

2022-06-22 16:16:22 - [TEST_STEP][PASSED] - tap(findTestObject("Main/mainDatePickerTodaySelect"), 0): Tapped on element 'Object Repository/Main/mainDatePickerTodaySelect'

2022-06-22 16:16:22 - [MESSAGE][WARNING] - Timeout '0' is invalid. Using default page load timeout: '40'

2022-06-22 16:16:25 - [MESSAGE][PASSED] - Tapped on element 'Object Repository/Main/mainDatePickerTodaySelect'

2022-06-22 16:16:25 - [TEST_STEP][PASSED] - tap(findTestObject("Main/mainCalenderPickerNextBtn"), 0): Tapped on element 'Object Repository/Main/mainCalenderPickerNextBtn'

2022-06-22 16:16:25 - [MESSAGE][WARNING] - Timeout '0' is invalid. Using default page load timeout: '40'

2022-06-22 16:16:27 - [MESSAGE][PASSED] - Tapped on element 'Object Repository/Main/mainCalenderPickerNextBtn'

2022-06-22 16:16:27 - [TEST_STEP][PASSED] - delay(3): Delayed 3 second(s)

2022-06-22 16:16:30 - [MESSAGE][PASSED] - Delayed 3 second(s)

2022-06-22 16:16:30 - [TEST_STEP][PASSED] - tap(findTestObject("Main/mainDatePicker1"), 0): Tapped on element 'Object Repository/Main/mainDatePicker1'

2022-06-22 16:16:30 - [MESSAGE][WARNING] - Timeout '0' is invalid. Using default page load timeout: '40'

2022-06-22 16:16:30 - [MESSAGE][PASSED] - Tapped on element 'Object Repository/Main/mainDatePicker1'

2022-06-22 16:16:30 - [TEST_STEP][PASSED] - tap(findTestObject("Main/mainCalenderPickerDoneBtn"), 0): Tapped on element 'Object Repository/Main/mainCalenderPickerDoneBtn'

2022-06-22 16:16:30 - [MESSAGE][WARNING] - Timeout '0' is invalid. Using default page load timeout: '40'

2022-06-22 16:16:30 - [MESSAGE][PASSED] - Tapped on element 'Object Repository/Main/mainCalenderPickerDoneBtn'

2022-06-22 16:16:30 - [TEST_STEP][PASSED] - date = getText(findTestObject("Main/mainGetTransactionDateTxt"), 10): Text of element 'Object Repository/Main/mainGetTransactionDateTxt' is: '20 Jul 2022'

2022-06-22 16:16:31 - [MESSAGE][PASSED] - Text of element 'Object Repository/Main/mainGetTransactionDateTxt' is: '20 Jul 2022'

2022-06-22 16:16:31 - [TEST_STEP][PASSED] - println("Date is " + date): null

2022-06-22 16:16:31 - [TEST_STEP][PASSED] - tap(findTestObject("Main/mainTransferNowBtn"), 0): Tapped on element 'Object Repository/Main/mainTransferNowBtn'

2022-06-22 16:16:31 - [MESSAGE][WARNING] - Timeout '0' is invalid. Using default page load timeout: '40'

2022-06-22 16:16:31 - [MESSAGE][PASSED] - Tapped on element 'Object Repository/Main/mainTransferNowBtn'

2022-06-22 16:16:31 - [TEST_STEP][PASSED] - if (verifyElementVisible(findTestObject("Festive Season/seasonalGreetingAngpaoTACNoTxt"), 10, OPTIONAL)): Element 'Object Repository/Festive Season/seasonalGreetingAngpaoTACNoTxt' not found

2022-06-22 16:16:41 - [MESSAGE][WARNING] - Element 'Object Repository/Festive Season/seasonalGreetingAngpaoTACNoTxt' not found

2022-06-22 16:16:41 - [TEST_STEP][PASSED] - else: Tapped on element 'Object Repository/Main/mainS2UApproveBtn'

2022-06-22 16:16:41 - [TEST_STEP][PASSED] - delay(5): Delayed 5 second(s)

2022-06-22 16:16:46 - [MESSAGE][PASSED] - Delayed 5 second(s)

2022-06-22 16:16:46 - [TEST_STEP][PASSED] - verifyElementVisible(findTestObject("Main/mainS2UApproveBtn"), 3): Element 'Object Repository/Main/mainS2UApproveBtn' is visible

2022-06-22 16:16:47 - [MESSAGE][PASSED] - Element 'Object Repository/Main/mainS2UApproveBtn' is visible

2022-06-22 16:16:47 - [TEST_STEP][PASSED] - tap(findTestObject("Main/mainS2UApproveBtn"), 0): Tapped on element 'Object Repository/Main/mainS2UApproveBtn'

2022-06-22 16:16:47 - [MESSAGE][WARNING] - Timeout '0' is invalid. Using default page load timeout: '40'

2022-06-22 16:16:47 - [MESSAGE][PASSED] - Tapped on element 'Object Repository/Main/mainS2UApproveBtn'

2022-06-22 16:16:47 - [TEST_STEP][PASSED] - delay(2): Delayed 2 second(s)

2022-06-22 16:16:49 - [MESSAGE][PASSED] - Delayed 2 second(s)

2022-06-22 16:16:49 - [TEST_STEP][PASSED] - RefID = getText(findTestObject("Transfer/transferTransactionRefIDTxt"), 10): Text of element 'Object Repository/Transfer/transferTransactionRefIDTxt' is: 'Date & time'

2022-06-22 16:16:50 - [MESSAGE][PASSED] - Text of element 'Object Repository/Transfer/transferTransactionRefIDTxt' is: 'Date & time'

2022-06-22 16:16:50 - [TEST_STEP][PASSED] - println("Reference ID is" + RefID): null

2022-06-22 16:16:50 - [TEST_STEP][PASSED] - takeScreenshot("/Users/a00139272/Desktop/Screenshot/thirdPartyFuture.png"): Screenshot is taken

2022-06-22 16:16:51 - [MESSAGE][PASSED] - Screenshot is taken
[[ATTACHMENT|/Users/a00139272/Desktop/Screenshot/thirdPartyFuture.png]]

2022-06-22 16:16:51 - [TEST_STEP][PASSED] - verifyElementVisible(findTestObject("Main/mainDoneBtn"), 3): Element 'Object Repository/Main/mainDoneBtn' is visible

2022-06-22 16:16:51 - [MESSAGE][PASSED] - Element 'Object Repository/Main/mainDoneBtn' is visible

2022-06-22 16:16:51 - [TEST_STEP][PASSED] - tap(findTestObject("Main/mainDoneBtn"), 0): Tapped on element 'Object Repository/Main/mainDoneBtn'

2022-06-22 16:16:51 - [MESSAGE][WARNING] - Timeout '0' is invalid. Using default page load timeout: '40'

2022-06-22 16:16:51 - [MESSAGE][PASSED] - Tapped on element 'Object Repository/Main/mainDoneBtn'

2022-06-22 16:16:51 - [TEST_STEP][PASSED] - println("Payment Scheduled Test Case Completed"): null

2022-06-22 16:16:51 - [TEST_STEP][PASSED] - delay(5): Delayed 5 second(s)

2022-06-22 16:16:56 - [MESSAGE][PASSED] - Delayed 5 second(s)]]></system-out>
         <system-err><![CDATA[]]></system-err>
      </testcase>
      <testcase name="Test Cases/Transfer/transfer_thirdPartySetFav" time="186.298" classname="Test Cases/Transfer/transfer_thirdPartySetFav" status="PASSED">
         <system-out><![CDATA[2022-06-22 16:16:56 - [TEST_CASE][PASSED] - Test Cases/Transfer/transfer_thirdPartySetFav: Test Cases/Transfer/transfer_thirdPartySetFav

2022-06-22 16:16:57 - [TEST_STEP][PASSED] - delay(5): Delayed 5 second(s)

2022-06-22 16:17:02 - [MESSAGE][PASSED] - Delayed 5 second(s)

2022-06-22 16:17:02 - [TEST_STEP][PASSED] - device_Height = getDeviceHeight(): Current device physical height is 2167

2022-06-22 16:17:02 - [MESSAGE][PASSED] - Current device physical height is 2167

2022-06-22 16:17:02 - [TEST_STEP][PASSED] - device_Width = getDeviceWidth(): Current device physical width is 1080

2022-06-22 16:17:03 - [MESSAGE][PASSED] - Current device physical width is 1080

2022-06-22 16:17:03 - [TEST_STEP][PASSED] - startX = device_Width / 3: null

2022-06-22 16:17:03 - [TEST_STEP][PASSED] - startY = device_Height * 0.97: null

2022-06-22 16:17:03 - [TEST_STEP][PASSED] - verifyElementVisible(findTestObject("Banking/m2uAccountTransferIconSelect"), 0): Element 'Object Repository/Banking/m2uAccountTransferIconSelect' is visible

2022-06-22 16:17:03 - [MESSAGE][WARNING] - Timeout '0' is invalid. Using default page load timeout: '40'

2022-06-22 16:17:03 - [MESSAGE][PASSED] - Element 'Object Repository/Banking/m2uAccountTransferIconSelect' is visible

2022-06-22 16:17:03 - [TEST_STEP][PASSED] - tap(findTestObject("Banking/m2uAccountTransferIconSelect"), 0): Tapped on element 'Object Repository/Banking/m2uAccountTransferIconSelect'

2022-06-22 16:17:03 - [MESSAGE][WARNING] - Timeout '0' is invalid. Using default page load timeout: '40'

2022-06-22 16:17:03 - [MESSAGE][PASSED] - Tapped on element 'Object Repository/Banking/m2uAccountTransferIconSelect'

2022-06-22 16:17:03 - [TEST_STEP][PASSED] - delay(5): Delayed 5 second(s)

2022-06-22 16:17:08 - [MESSAGE][PASSED] - Delayed 5 second(s)

2022-06-22 16:17:08 - [TEST_STEP][PASSED] - tap(findTestObject("Banking/transferOthersTopMenuSelect"), 0): Tapped on element 'Object Repository/Banking/transferOthersTopMenuSelect'

2022-06-22 16:17:08 - [MESSAGE][WARNING] - Timeout '0' is invalid. Using default page load timeout: '40'

2022-06-22 16:18:09 - [MESSAGE][PASSED] - Tapped on element 'Object Repository/Banking/transferOthersTopMenuSelect'

2022-06-22 16:18:09 - [TEST_STEP][PASSED] - delay(3): Delayed 3 second(s)

2022-06-22 16:18:12 - [MESSAGE][PASSED] - Delayed 3 second(s)

2022-06-22 16:18:12 - [TEST_STEP][PASSED] - tap(findTestObject("Banking/transferBanksIconSelect"), 0): Tapped on element 'Object Repository/Banking/transferBanksIconSelect'

2022-06-22 16:18:12 - [MESSAGE][WARNING] - Timeout '0' is invalid. Using default page load timeout: '40'

2022-06-22 16:19:05 - [MESSAGE][PASSED] - Tapped on element 'Object Repository/Banking/transferBanksIconSelect'

2022-06-22 16:19:05 - [TEST_STEP][PASSED] - verifyElementVisible(findTestObject("Banking/transferToMaybankSelect"), 0): Element 'Object Repository/Banking/transferToMaybankSelect' is visible

2022-06-22 16:19:05 - [MESSAGE][WARNING] - Timeout '0' is invalid. Using default page load timeout: '40'

2022-06-22 16:19:07 - [MESSAGE][PASSED] - Element 'Object Repository/Banking/transferToMaybankSelect' is visible

2022-06-22 16:19:07 - [TEST_STEP][PASSED] - tap(findTestObject("Banking/transferToMaybankSelect"), 0): Tapped on element 'Object Repository/Banking/transferToMaybankSelect'

2022-06-22 16:19:07 - [MESSAGE][WARNING] - Timeout '0' is invalid. Using default page load timeout: '40'

2022-06-22 16:19:07 - [MESSAGE][PASSED] - Tapped on element 'Object Repository/Banking/transferToMaybankSelect'

2022-06-22 16:19:07 - [TEST_STEP][PASSED] - setText(findTestObject("Banking/transferAccountNoInputField"), accountNumFav, 0): Text '514012987769' has been set to element 'Object Repository/Banking/transferAccountNoInputField'

2022-06-22 16:19:07 - [MESSAGE][WARNING] - Timeout '0' is invalid. Using default page load timeout: '40'

2022-06-22 16:19:10 - [MESSAGE][PASSED] - Text '514012987769' has been set to element 'Object Repository/Banking/transferAccountNoInputField'

2022-06-22 16:19:10 - [TEST_STEP][PASSED] - hideKeyboard(): Keyboard is hidden

2022-06-22 16:19:14 - [MESSAGE][PASSED] - Keyboard is hidden

2022-06-22 16:19:14 - [TEST_STEP][PASSED] - tap(findTestObject("Login Onboarding/loginExistingContinueBtn"), 0): Tapped on element 'Object Repository/Login Onboarding/loginExistingContinueBtn'

2022-06-22 16:19:14 - [MESSAGE][WARNING] - Timeout '0' is invalid. Using default page load timeout: '40'

2022-06-22 16:19:14 - [MESSAGE][PASSED] - Tapped on element 'Object Repository/Login Onboarding/loginExistingContinueBtn'

2022-06-22 16:19:14 - [TEST_STEP][PASSED] - tap(findTestObject("Login Onboarding/PIN4"), 0): Tapped on element 'Object Repository/Login Onboarding/PIN4'

2022-06-22 16:19:14 - [MESSAGE][WARNING] - Timeout '0' is invalid. Using default page load timeout: '40'

2022-06-22 16:19:18 - [MESSAGE][PASSED] - Tapped on element 'Object Repository/Login Onboarding/PIN4'

2022-06-22 16:19:18 - [TEST_STEP][PASSED] - delay(3): Delayed 3 second(s)

2022-06-22 16:19:21 - [MESSAGE][PASSED] - Delayed 3 second(s)

2022-06-22 16:19:21 - [TEST_STEP][PASSED] - tap(findTestObject("Login Onboarding/loginPinTickBtn"), 0): Tapped on element 'Object Repository/Login Onboarding/loginPinTickBtn'

2022-06-22 16:19:21 - [MESSAGE][WARNING] - Timeout '0' is invalid. Using default page load timeout: '40'

2022-06-22 16:19:21 - [MESSAGE][PASSED] - Tapped on element 'Object Repository/Login Onboarding/loginPinTickBtn'

2022-06-22 16:19:21 - [TEST_STEP][PASSED] - setText(findTestObject("Banking/transferReferenceInputField"), "MBBTransfer", 0): Text 'MBBTransfer' has been set to element 'Object Repository/Banking/transferReferenceInputField'

2022-06-22 16:19:21 - [MESSAGE][WARNING] - Timeout '0' is invalid. Using default page load timeout: '40'

2022-06-22 16:19:24 - [MESSAGE][PASSED] - Text 'MBBTransfer' has been set to element 'Object Repository/Banking/transferReferenceInputField'

2022-06-22 16:19:24 - [TEST_STEP][PASSED] - hideKeyboard(): Keyboard is hidden

2022-06-22 16:19:26 - [MESSAGE][PASSED] - Keyboard is hidden

2022-06-22 16:19:26 - [TEST_STEP][PASSED] - tap(findTestObject("Login Onboarding/loginExistingContinueBtn"), 0): Tapped on element 'Object Repository/Login Onboarding/loginExistingContinueBtn'

2022-06-22 16:19:26 - [MESSAGE][WARNING] - Timeout '0' is invalid. Using default page load timeout: '40'

2022-06-22 16:19:26 - [MESSAGE][PASSED] - Tapped on element 'Object Repository/Login Onboarding/loginExistingContinueBtn'

2022-06-22 16:19:26 - [TEST_STEP][PASSED] - tap(findTestObject("Main/mainTransferNowBtn"), 0): Tapped on element 'Object Repository/Main/mainTransferNowBtn'

2022-06-22 16:19:26 - [MESSAGE][WARNING] - Timeout '0' is invalid. Using default page load timeout: '40'

2022-06-22 16:19:29 - [MESSAGE][PASSED] - Tapped on element 'Object Repository/Main/mainTransferNowBtn'

2022-06-22 16:19:29 - [TEST_STEP][PASSED] - if (verifyElementVisible(findTestObject("Festive Season/seasonalGreetingAngpaoTACNoTxt"), 5, OPTIONAL)): Element 'Object Repository/Festive Season/seasonalGreetingAngpaoTACNoTxt' not found

2022-06-22 16:19:34 - [MESSAGE][WARNING] - Element 'Object Repository/Festive Season/seasonalGreetingAngpaoTACNoTxt' not found

2022-06-22 16:19:34 - [TEST_STEP][PASSED] - else: Tapped on element 'Object Repository/Main/mainS2UApproveBtn'

2022-06-22 16:19:34 - [TEST_STEP][PASSED] - delay(3): Delayed 3 second(s)

2022-06-22 16:19:37 - [MESSAGE][PASSED] - Delayed 3 second(s)

2022-06-22 16:19:37 - [TEST_STEP][PASSED] - verifyElementVisible(findTestObject("Main/mainS2UApproveBtn"), 0): Element 'Object Repository/Main/mainS2UApproveBtn' is visible

2022-06-22 16:19:37 - [MESSAGE][WARNING] - Timeout '0' is invalid. Using default page load timeout: '40'

2022-06-22 16:19:37 - [MESSAGE][PASSED] - Element 'Object Repository/Main/mainS2UApproveBtn' is visible

2022-06-22 16:19:37 - [TEST_STEP][PASSED] - tap(findTestObject("Main/mainS2UApproveBtn"), 0): Tapped on element 'Object Repository/Main/mainS2UApproveBtn'

2022-06-22 16:19:37 - [MESSAGE][WARNING] - Timeout '0' is invalid. Using default page load timeout: '40'

2022-06-22 16:19:37 - [MESSAGE][PASSED] - Tapped on element 'Object Repository/Main/mainS2UApproveBtn'

2022-06-22 16:19:37 - [TEST_STEP][PASSED] - message = getText(findTestObject("Main/mainTransactionStatusMessageTxt"), 10): Text of element 'Object Repository/Main/mainTransactionStatusMessageTxt' is: 'Transfer successful'

2022-06-22 16:19:42 - [MESSAGE][PASSED] - Text of element 'Object Repository/Main/mainTransactionStatusMessageTxt' is: 'Transfer successful'

2022-06-22 16:19:42 - [TEST_STEP][PASSED] - println(message): null

2022-06-22 16:19:42 - [TEST_STEP][PASSED] - delay(5): Delayed 5 second(s)

2022-06-22 16:19:47 - [MESSAGE][PASSED] - Delayed 5 second(s)

2022-06-22 16:19:47 - [TEST_STEP][PASSED] - referenceID = getText(findTestObject("Send Request Money/requestMoneyPaySummaryRefIDTxt"), 0): Text of element 'Object Repository/Send Request Money/requestMoneyPaySummaryRefIDTxt' is: '181577947M'

2022-06-22 16:19:47 - [MESSAGE][WARNING] - Timeout '0' is invalid. Using default page load timeout: '40'

2022-06-22 16:19:47 - [MESSAGE][PASSED] - Text of element 'Object Repository/Send Request Money/requestMoneyPaySummaryRefIDTxt' is: '181577947M'

2022-06-22 16:19:47 - [TEST_STEP][PASSED] - println(referenceID): null

2022-06-22 16:19:47 - [TEST_STEP][PASSED] - test = dataFolder: null

2022-06-22 16:19:47 - [TEST_STEP][PASSED] - sheetName = "Sheet1": null

2022-06-22 16:19:47 - [TEST_STEP][PASSED] - file1 = new java.io.File(test): null

2022-06-22 16:19:47 - [TEST_STEP][PASSED] - assert file1.exists() == true: null

2022-06-22 16:19:47 - [TEST_STEP][PASSED] - woorkbook1 = getWorkbook(test): null

2022-06-22 16:19:47 - [TEST_STEP][PASSED] - sheet1 = getExcelSheet(woorkbook1, sheetName): null

2022-06-22 16:19:47 - [TEST_STEP][PASSED] - setValueToCellByIndex(sheet1, 3, 1, referenceID): null

2022-06-22 16:19:47 - [TEST_STEP][PASSED] - saveWorkbook(test, woorkbook1): null

2022-06-22 16:19:47 - [TEST_STEP][PASSED] - tap(findTestObject("Main/mainAddToFavBtn"), 0): Tapped on element 'Object Repository/Main/mainAddToFavBtn'

2022-06-22 16:19:47 - [MESSAGE][WARNING] - Timeout '0' is invalid. Using default page load timeout: '40'

2022-06-22 16:19:47 - [MESSAGE][PASSED] - Tapped on element 'Object Repository/Main/mainAddToFavBtn'

2022-06-22 16:19:47 - [TEST_STEP][PASSED] - delay(2): Delayed 2 second(s)

2022-06-22 16:19:49 - [MESSAGE][PASSED] - Delayed 2 second(s)

2022-06-22 16:19:49 - [TEST_STEP][PASSED] - tap(findTestObject("Main/mainAddToFavBtn"), 0): Tapped on element 'Object Repository/Main/mainAddToFavBtn'

2022-06-22 16:19:49 - [MESSAGE][WARNING] - Timeout '0' is invalid. Using default page load timeout: '40'

2022-06-22 16:19:49 - [MESSAGE][PASSED] - Tapped on element 'Object Repository/Main/mainAddToFavBtn'

2022-06-22 16:19:49 - [TEST_STEP][PASSED] - delay(2): Delayed 2 second(s)

2022-06-22 16:19:51 - [MESSAGE][PASSED] - Delayed 2 second(s)

2022-06-22 16:19:51 - [TEST_STEP][PASSED] - tap(findTestObject("Main/mainCloseFavPopUpBtn"), 0): Tapped on element 'Object Repository/Main/mainCloseFavPopUpBtn'

2022-06-22 16:19:52 - [MESSAGE][WARNING] - Timeout '0' is invalid. Using default page load timeout: '40'

2022-06-22 16:19:53 - [MESSAGE][PASSED] - Tapped on element 'Object Repository/Main/mainCloseFavPopUpBtn'

2022-06-22 16:19:53 - [TEST_STEP][PASSED] - delay(3): Delayed 3 second(s)

2022-06-22 16:19:56 - [MESSAGE][PASSED] - Delayed 3 second(s)

2022-06-22 16:19:56 - [TEST_STEP][PASSED] - takeScreenshot("/Users/a00139272/Desktop/Screenshot/thirdPartySetFav.png"): Screenshot is taken

2022-06-22 16:19:57 - [MESSAGE][PASSED] - Screenshot is taken
[[ATTACHMENT|/Users/a00139272/Desktop/Screenshot/thirdPartySetFav.png]]

2022-06-22 16:19:57 - [TEST_STEP][PASSED] - verifyElementVisible(findTestObject("Main/mainDoneBtn"), 0): Element 'Object Repository/Main/mainDoneBtn' is visible

2022-06-22 16:19:57 - [MESSAGE][WARNING] - Timeout '0' is invalid. Using default page load timeout: '40'

2022-06-22 16:19:58 - [MESSAGE][PASSED] - Element 'Object Repository/Main/mainDoneBtn' is visible

2022-06-22 16:19:58 - [TEST_STEP][PASSED] - tap(findTestObject("Main/mainDoneBtn"), 0): Tapped on element 'Object Repository/Main/mainDoneBtn'

2022-06-22 16:19:58 - [MESSAGE][WARNING] - Timeout '0' is invalid. Using default page load timeout: '40'

2022-06-22 16:19:58 - [MESSAGE][PASSED] - Tapped on element 'Object Repository/Main/mainDoneBtn'

2022-06-22 16:19:58 - [TEST_STEP][PASSED] - delay(5): Delayed 5 second(s)

2022-06-22 16:20:03 - [MESSAGE][PASSED] - Delayed 5 second(s)]]></system-out>
         <system-err><![CDATA[]]></system-err>
      </testcase>
      <testcase name="Test Cases/Transfer/transfer_thirdPartyFav" time="345.102" classname="Test Cases/Transfer/transfer_thirdPartyFav" status="PASSED">
         <system-out><![CDATA[2022-06-22 16:20:03 - [TEST_CASE][PASSED] - Test Cases/Transfer/transfer_thirdPartyFav: Test Cases/Transfer/transfer_thirdPartyFav

2022-06-22 16:20:03 - [TEST_STEP][PASSED] - delay(5): Delayed 5 second(s)

2022-06-22 16:20:08 - [MESSAGE][PASSED] - Delayed 5 second(s)

2022-06-22 16:20:08 - [TEST_STEP][PASSED] - device_Height = getDeviceHeight(): Current device physical height is 2167

2022-06-22 16:20:08 - [MESSAGE][PASSED] - Current device physical height is 2167

2022-06-22 16:20:08 - [TEST_STEP][PASSED] - device_Width = getDeviceWidth(): Current device physical width is 1080

2022-06-22 16:20:09 - [MESSAGE][PASSED] - Current device physical width is 1080

2022-06-22 16:20:09 - [TEST_STEP][PASSED] - startX = device_Width / 3: null

2022-06-22 16:20:09 - [TEST_STEP][PASSED] - startY = device_Height * 0.97: null

2022-06-22 16:20:09 - [TEST_STEP][PASSED] - verifyElementVisible(findTestObject("Banking/m2uAccountTransferIconSelect"), 0): Element 'Object Repository/Banking/m2uAccountTransferIconSelect' is visible

2022-06-22 16:20:09 - [MESSAGE][WARNING] - Timeout '0' is invalid. Using default page load timeout: '40'

2022-06-22 16:20:09 - [MESSAGE][PASSED] - Element 'Object Repository/Banking/m2uAccountTransferIconSelect' is visible

2022-06-22 16:20:09 - [TEST_STEP][PASSED] - tap(findTestObject("Banking/m2uAccountTransferIconSelect"), 0): Tapped on element 'Object Repository/Banking/m2uAccountTransferIconSelect'

2022-06-22 16:20:09 - [MESSAGE][WARNING] - Timeout '0' is invalid. Using default page load timeout: '40'

2022-06-22 16:20:09 - [MESSAGE][PASSED] - Tapped on element 'Object Repository/Banking/m2uAccountTransferIconSelect'

2022-06-22 16:20:09 - [TEST_STEP][PASSED] - tap(findTestObject("Banking/transferOthersTopMenuSelect"), 0): Tapped on element 'Object Repository/Banking/transferOthersTopMenuSelect'

2022-06-22 16:20:09 - [MESSAGE][WARNING] - Timeout '0' is invalid. Using default page load timeout: '40'

2022-06-22 16:21:10 - [MESSAGE][PASSED] - Tapped on element 'Object Repository/Banking/transferOthersTopMenuSelect'

2022-06-22 16:21:10 - [TEST_STEP][PASSED] - delay(3): Delayed 3 second(s)

2022-06-22 16:21:13 - [MESSAGE][PASSED] - Delayed 3 second(s)

2022-06-22 16:21:13 - [TEST_STEP][PASSED] - verifyElementText(findTestObject("Transfer/transferFavListAccNameTxt", ["accName":accName]), accName): Actual text and expected text of test object 'Object Repository/Transfer/transferFavListAccNameTxt' are matched.

2022-06-22 16:22:04 - [MESSAGE][PASSED] - Actual text and expected text of test object 'Object Repository/Transfer/transferFavListAccNameTxt' are matched.

2022-06-22 16:22:04 - [TEST_STEP][PASSED] - verifyElementText(findTestObject("Transfer/transferFavListAccNoTxt", ["accNo":accNo]), accNo): Actual text and expected text of test object 'Object Repository/Transfer/transferFavListAccNoTxt' are matched.

2022-06-22 16:22:54 - [MESSAGE][PASSED] - Actual text and expected text of test object 'Object Repository/Transfer/transferFavListAccNoTxt' are matched.

2022-06-22 16:22:54 - [TEST_STEP][PASSED] - verifyElementText(findTestObject("Transfer/transferFavListAccBankTxt", ["accBank":accBank]), accBank): Actual text and expected text of test object 'Object Repository/Transfer/transferFavListAccBankTxt' are matched.

2022-06-22 16:23:45 - [MESSAGE][PASSED] - Actual text and expected text of test object 'Object Repository/Transfer/transferFavListAccBankTxt' are matched.

2022-06-22 16:23:45 - [TEST_STEP][PASSED] - tap(findTestObject("Transfer/transferFavListAccNameTxt", ["accName":accName]), 0): Tapped on element 'Object Repository/Transfer/transferFavListAccNameTxt'

2022-06-22 16:23:45 - [MESSAGE][WARNING] - Timeout '0' is invalid. Using default page load timeout: '40'

2022-06-22 16:24:37 - [MESSAGE][PASSED] - Tapped on element 'Object Repository/Transfer/transferFavListAccNameTxt'

2022-06-22 16:24:37 - [TEST_STEP][PASSED] - delay(3): Delayed 3 second(s)

2022-06-22 16:24:40 - [MESSAGE][PASSED] - Delayed 3 second(s)

2022-06-22 16:24:40 - [TEST_STEP][PASSED] - verifyElementText(findTestObject("Transfer/transferAmounttAccNameTxt", ["accName":accName]), accName): Actual text and expected text of test object 'Object Repository/Transfer/transferAmounttAccNameTxt' are matched.

2022-06-22 16:24:40 - [MESSAGE][PASSED] - Actual text and expected text of test object 'Object Repository/Transfer/transferAmounttAccNameTxt' are matched.

2022-06-22 16:24:40 - [TEST_STEP][PASSED] - verifyElementText(findTestObject("Transfer/transferAmounttAccNoTxt", ["accNo":accNo]), accNo): Actual text and expected text of test object 'Object Repository/Transfer/transferAmounttAccNoTxt' are matched.

2022-06-22 16:24:40 - [MESSAGE][PASSED] - Actual text and expected text of test object 'Object Repository/Transfer/transferAmounttAccNoTxt' are matched.

2022-06-22 16:24:40 - [TEST_STEP][PASSED] - verifyElementText(findTestObject("Transfer/transferAmounttAccBankTxt", ["accBank":accBank]), accBank): Actual text and expected text of test object 'Object Repository/Transfer/transferAmounttAccBankTxt' are matched.

2022-06-22 16:24:40 - [MESSAGE][PASSED] - Actual text and expected text of test object 'Object Repository/Transfer/transferAmounttAccBankTxt' are matched.

2022-06-22 16:24:40 - [TEST_STEP][PASSED] - verifyElementExist(findTestObject("Transfer/transferAmountRMTxt"), 0): Element 'Object Repository/Transfer/transferAmountRMTxt' is exist

2022-06-22 16:24:40 - [MESSAGE][WARNING] - Timeout '0' is invalid. Using default page load timeout: '40'

2022-06-22 16:24:40 - [MESSAGE][PASSED] - Element 'Object Repository/Transfer/transferAmountRMTxt' is exist

2022-06-22 16:24:40 - [TEST_STEP][PASSED] - verifyElementExist(findTestObject("Transfer/transferAmountEnterAmountTitleTxt"), 0): Element 'Object Repository/Transfer/transferAmountEnterAmountTitleTxt' is exist

2022-06-22 16:24:40 - [MESSAGE][WARNING] - Timeout '0' is invalid. Using default page load timeout: '40'

2022-06-22 16:24:41 - [MESSAGE][PASSED] - Element 'Object Repository/Transfer/transferAmountEnterAmountTitleTxt' is exist

2022-06-22 16:24:41 - [TEST_STEP][PASSED] - verifyElementExist(findTestObject("Login Onboarding/PIN4"), 0): Element 'Object Repository/Login Onboarding/PIN4' is exist

2022-06-22 16:24:41 - [MESSAGE][WARNING] - Timeout '0' is invalid. Using default page load timeout: '40'

2022-06-22 16:24:41 - [MESSAGE][PASSED] - Element 'Object Repository/Login Onboarding/PIN4' is exist

2022-06-22 16:24:41 - [TEST_STEP][PASSED] - tap(findTestObject("Login Onboarding/PIN4"), 0): Tapped on element 'Object Repository/Login Onboarding/PIN4'

2022-06-22 16:24:41 - [MESSAGE][WARNING] - Timeout '0' is invalid. Using default page load timeout: '40'

2022-06-22 16:24:41 - [MESSAGE][PASSED] - Tapped on element 'Object Repository/Login Onboarding/PIN4'

2022-06-22 16:24:41 - [TEST_STEP][PASSED] - verifyElementText(findTestObject("Transfer/transferAmountInputValueTxt", ["value":checkValue]), checkValue): Actual text and expected text of test object 'Object Repository/Transfer/transferAmountInputValueTxt' are matched.

2022-06-22 16:24:42 - [MESSAGE][PASSED] - Actual text and expected text of test object 'Object Repository/Transfer/transferAmountInputValueTxt' are matched.

2022-06-22 16:24:42 - [TEST_STEP][PASSED] - delay(3): Delayed 3 second(s)

2022-06-22 16:24:45 - [MESSAGE][PASSED] - Delayed 3 second(s)

2022-06-22 16:24:45 - [TEST_STEP][PASSED] - tap(findTestObject("Login Onboarding/loginPinTickBtn"), 0): Tapped on element 'Object Repository/Login Onboarding/loginPinTickBtn'

2022-06-22 16:24:45 - [MESSAGE][WARNING] - Timeout '0' is invalid. Using default page load timeout: '40'

2022-06-22 16:24:45 - [MESSAGE][PASSED] - Tapped on element 'Object Repository/Login Onboarding/loginPinTickBtn'

2022-06-22 16:24:45 - [TEST_STEP][PASSED] - verifyElementText(findTestObject("Transfer/transferReferenceAccNameTxt", ["accName":accName]), accName): Actual text and expected text of test object 'Object Repository/Transfer/transferReferenceAccNameTxt' are matched.

2022-06-22 16:24:47 - [MESSAGE][PASSED] - Actual text and expected text of test object 'Object Repository/Transfer/transferReferenceAccNameTxt' are matched.

2022-06-22 16:24:47 - [TEST_STEP][PASSED] - verifyElementText(findTestObject("Transfer/transferReferenceAccNoTxt", ["accNo":accNo]), accNo): Actual text and expected text of test object 'Object Repository/Transfer/transferReferenceAccNoTxt' are matched.

2022-06-22 16:24:47 - [MESSAGE][PASSED] - Actual text and expected text of test object 'Object Repository/Transfer/transferReferenceAccNoTxt' are matched.

2022-06-22 16:24:47 - [TEST_STEP][PASSED] - verifyElementText(findTestObject("Transfer/transferReferenceAccBankTxt", ["accBank":accBank]), accBank): Actual text and expected text of test object 'Object Repository/Transfer/transferReferenceAccBankTxt' are matched.

2022-06-22 16:24:48 - [MESSAGE][PASSED] - Actual text and expected text of test object 'Object Repository/Transfer/transferReferenceAccBankTxt' are matched.

2022-06-22 16:24:48 - [TEST_STEP][PASSED] - verifyElementExist(findTestObject("Transfer/transferReferenceInputField"), 0): Element 'Object Repository/Transfer/transferReferenceInputField' is exist

2022-06-22 16:24:48 - [MESSAGE][WARNING] - Timeout '0' is invalid. Using default page load timeout: '40'

2022-06-22 16:24:48 - [MESSAGE][PASSED] - Element 'Object Repository/Transfer/transferReferenceInputField' is exist

2022-06-22 16:24:48 - [TEST_STEP][PASSED] - setText(findTestObject("Banking/transferReferenceInputField"), reference, 0): Text 'MBBTransfer' has been set to element 'Object Repository/Banking/transferReferenceInputField'

2022-06-22 16:24:48 - [MESSAGE][WARNING] - Timeout '0' is invalid. Using default page load timeout: '40'

2022-06-22 16:24:48 - [MESSAGE][PASSED] - Text 'MBBTransfer' has been set to element 'Object Repository/Banking/transferReferenceInputField'

2022-06-22 16:24:48 - [TEST_STEP][PASSED] - hideKeyboard(): Keyboard is hidden

2022-06-22 16:24:51 - [MESSAGE][PASSED] - Keyboard is hidden

2022-06-22 16:24:51 - [TEST_STEP][PASSED] - verifyElementText(findTestObject("Transfer/transferReferenceInputFieldAfter", ["reference":reference]), reference): Actual text and expected text of test object 'Object Repository/Transfer/transferReferenceInputFieldAfter' are matched.

2022-06-22 16:24:51 - [MESSAGE][PASSED] - Actual text and expected text of test object 'Object Repository/Transfer/transferReferenceInputFieldAfter' are matched.

2022-06-22 16:24:51 - [TEST_STEP][PASSED] - tap(findTestObject("Login Onboarding/loginExistingContinueBtn"), 0): Tapped on element 'Object Repository/Login Onboarding/loginExistingContinueBtn'

2022-06-22 16:24:51 - [MESSAGE][WARNING] - Timeout '0' is invalid. Using default page load timeout: '40'

2022-06-22 16:24:51 - [MESSAGE][PASSED] - Tapped on element 'Object Repository/Login Onboarding/loginExistingContinueBtn'

2022-06-22 16:24:51 - [TEST_STEP][PASSED] - verifyElementText(findTestObject("Transfer/transferConfirmationAccountNameTxt", ["accName":accName]), accName): Actual text and expected text of test object 'Object Repository/Transfer/transferConfirmationAccountNameTxt' are matched.

2022-06-22 16:24:51 - [MESSAGE][PASSED] - Actual text and expected text of test object 'Object Repository/Transfer/transferConfirmationAccountNameTxt' are matched.

2022-06-22 16:24:51 - [TEST_STEP][PASSED] - verifyElementText(findTestObject("Transfer/transferConfirmationAccountNoTxt", ["accNo":accNo]), accNo): Actual text and expected text of test object 'Object Repository/Transfer/transferConfirmationAccountNoTxt' are matched.

2022-06-22 16:24:51 - [MESSAGE][PASSED] - Actual text and expected text of test object 'Object Repository/Transfer/transferConfirmationAccountNoTxt' are matched.

2022-06-22 16:24:51 - [TEST_STEP][PASSED] - verifyElementText(findTestObject("Transfer/transferConfirmationAmountTxt", ["amount":amount]), amount): Actual text and expected text of test object 'Object Repository/Transfer/transferConfirmationAmountTxt' are matched.

2022-06-22 16:24:54 - [MESSAGE][PASSED] - Actual text and expected text of test object 'Object Repository/Transfer/transferConfirmationAmountTxt' are matched.

2022-06-22 16:24:54 - [TEST_STEP][PASSED] - verifyElementText(findTestObject("Transfer/transferConfirmationTransactionDateTxt"), "Today"): Actual text and expected text of test object 'Object Repository/Transfer/transferConfirmationTransactionDateTxt' are matched.

2022-06-22 16:24:54 - [MESSAGE][PASSED] - Actual text and expected text of test object 'Object Repository/Transfer/transferConfirmationTransactionDateTxt' are matched.

2022-06-22 16:24:54 - [TEST_STEP][PASSED] - verifyElementText(findTestObject("Transfer/transferConfirmationTransactionRecRefTxt", ["reference":reference]), reference): Actual text and expected text of test object 'Object Repository/Transfer/transferConfirmationTransactionRecRefTxt' are matched.

2022-06-22 16:24:54 - [MESSAGE][PASSED] - Actual text and expected text of test object 'Object Repository/Transfer/transferConfirmationTransactionRecRefTxt' are matched.

2022-06-22 16:24:54 - [TEST_STEP][PASSED] - verifyElementText(findTestObject("Transfer/transferConfirmationTransactionBankTxt", ["accBank":accBank]), accBank): Actual text and expected text of test object 'Object Repository/Transfer/transferConfirmationTransactionBankTxt' are matched.

2022-06-22 16:24:54 - [MESSAGE][PASSED] - Actual text and expected text of test object 'Object Repository/Transfer/transferConfirmationTransactionBankTxt' are matched.

2022-06-22 16:24:54 - [TEST_STEP][PASSED] - verifyElementText(findTestObject("Transfer/transferConfirmationOptionalGreyWordTxt"), "Optional"): Actual text and expected text of test object 'Object Repository/Transfer/transferConfirmationOptionalGreyWordTxt' are matched.

2022-06-22 16:24:54 - [MESSAGE][PASSED] - Actual text and expected text of test object 'Object Repository/Transfer/transferConfirmationOptionalGreyWordTxt' are matched.

2022-06-22 16:24:54 - [TEST_STEP][PASSED] - verifyElementExist(findTestObject("Transfer/transferConfirmationBankNameTitleTxt"), 0): Element 'Object Repository/Transfer/transferConfirmationBankNameTitleTxt' is exist

2022-06-22 16:24:54 - [MESSAGE][WARNING] - Timeout '0' is invalid. Using default page load timeout: '40'

2022-06-22 16:24:54 - [MESSAGE][PASSED] - Element 'Object Repository/Transfer/transferConfirmationBankNameTitleTxt' is exist

2022-06-22 16:24:54 - [TEST_STEP][PASSED] - verifyElementExist(findTestObject("Transfer/transferConfirmationDateTitleTxt"), 0): Element 'Object Repository/Transfer/transferConfirmationDateTitleTxt' is exist

2022-06-22 16:24:54 - [MESSAGE][WARNING] - Timeout '0' is invalid. Using default page load timeout: '40'

2022-06-22 16:24:55 - [MESSAGE][PASSED] - Element 'Object Repository/Transfer/transferConfirmationDateTitleTxt' is exist

2022-06-22 16:24:55 - [TEST_STEP][PASSED] - verifyElementExist(findTestObject("Transfer/transferConfirmationFTransferFromTitleTxt"), 0): Element 'Object Repository/Transfer/transferConfirmationFTransferFromTitleTxt' is exist

2022-06-22 16:24:55 - [MESSAGE][WARNING] - Timeout '0' is invalid. Using default page load timeout: '40'

2022-06-22 16:24:55 - [MESSAGE][PASSED] - Element 'Object Repository/Transfer/transferConfirmationFTransferFromTitleTxt' is exist

2022-06-22 16:24:55 - [TEST_STEP][PASSED] - verifyElementExist(findTestObject("Transfer/transferConfirmationRecRefTitleTxt"), 0): Element 'Object Repository/Transfer/transferConfirmationRecRefTitleTxt' is exist

2022-06-22 16:24:55 - [MESSAGE][WARNING] - Timeout '0' is invalid. Using default page load timeout: '40'

2022-06-22 16:24:55 - [MESSAGE][PASSED] - Element 'Object Repository/Transfer/transferConfirmationRecRefTitleTxt' is exist

2022-06-22 16:24:55 - [TEST_STEP][PASSED] - verifyElementExist(findTestObject("Transfer/transferConfirmationPaymentDetailsTitleTxt"), 0): Element 'Object Repository/Transfer/transferConfirmationPaymentDetailsTitleTxt' is exist

2022-06-22 16:24:55 - [MESSAGE][WARNING] - Timeout '0' is invalid. Using default page load timeout: '40'

2022-06-22 16:24:56 - [MESSAGE][PASSED] - Element 'Object Repository/Transfer/transferConfirmationPaymentDetailsTitleTxt' is exist

2022-06-22 16:24:56 - [TEST_STEP][PASSED] - verifyElementExist(findTestObject("Transfer/transferConfirmationNoteTitleTxt"), 0): Element 'Object Repository/Transfer/transferConfirmationNoteTitleTxt' is exist

2022-06-22 16:24:56 - [MESSAGE][WARNING] - Timeout '0' is invalid. Using default page load timeout: '40'

2022-06-22 16:24:56 - [MESSAGE][PASSED] - Element 'Object Repository/Transfer/transferConfirmationNoteTitleTxt' is exist

2022-06-22 16:24:56 - [TEST_STEP][PASSED] - verifyElementExist(findTestObject("Transfer/transferConfirmationNoteContentTxt"), 0): Element 'Object Repository/Transfer/transferConfirmationNoteContentTxt' is exist

2022-06-22 16:24:56 - [MESSAGE][WARNING] - Timeout '0' is invalid. Using default page load timeout: '40'

2022-06-22 16:24:56 - [MESSAGE][PASSED] - Element 'Object Repository/Transfer/transferConfirmationNoteContentTxt' is exist

2022-06-22 16:24:56 - [TEST_STEP][PASSED] - tap(findTestObject("Transfer/transferConfirmationOptionalGreyWordTxt"), 0): Tapped on element 'Object Repository/Transfer/transferConfirmationOptionalGreyWordTxt'

2022-06-22 16:24:56 - [MESSAGE][WARNING] - Timeout '0' is invalid. Using default page load timeout: '40'

2022-06-22 16:24:56 - [MESSAGE][PASSED] - Tapped on element 'Object Repository/Transfer/transferConfirmationOptionalGreyWordTxt'

2022-06-22 16:24:56 - [TEST_STEP][PASSED] - setText(findTestObject("Transfer/transferConfirmationDetailsInputField"), referenceC, 0): Text 'Test Transfer' has been set to element 'Object Repository/Transfer/transferConfirmationDetailsInputField'

2022-06-22 16:24:56 - [MESSAGE][WARNING] - Timeout '0' is invalid. Using default page load timeout: '40'

2022-06-22 16:24:59 - [MESSAGE][PASSED] - Text 'Test Transfer' has been set to element 'Object Repository/Transfer/transferConfirmationDetailsInputField'

2022-06-22 16:24:59 - [TEST_STEP][PASSED] - hideKeyboard(): Keyboard is hidden

2022-06-22 16:25:00 - [MESSAGE][PASSED] - Keyboard is hidden

2022-06-22 16:25:00 - [TEST_STEP][PASSED] - verifyElementText(findTestObject("Transfer/transferConfirmationOptionalGreyWordTxt"), referenceC): Actual text and expected text of test object 'Object Repository/Transfer/transferConfirmationOptionalGreyWordTxt' are matched.

2022-06-22 16:25:01 - [MESSAGE][PASSED] - Actual text and expected text of test object 'Object Repository/Transfer/transferConfirmationOptionalGreyWordTxt' are matched.

2022-06-22 16:25:01 - [TEST_STEP][PASSED] - device_Height_2 = getDeviceHeight(): Current device physical height is 2167

2022-06-22 16:25:01 - [MESSAGE][PASSED] - Current device physical height is 2167

2022-06-22 16:25:01 - [TEST_STEP][PASSED] - device_Width_2 = getDeviceWidth(): Current device physical width is 1080

2022-06-22 16:25:01 - [MESSAGE][PASSED] - Current device physical width is 1080

2022-06-22 16:25:01 - [TEST_STEP][PASSED] - startX_2 = device_Width_2 / 2: null

2022-06-22 16:25:01 - [TEST_STEP][PASSED] - endX_2 = startX_2: null

2022-06-22 16:25:01 - [TEST_STEP][PASSED] - startY_2 = device_Height_2 * 0.30: null

2022-06-22 16:25:01 - [TEST_STEP][PASSED] - endY_2 = device_Height_2 * 0.70: null

2022-06-22 16:25:01 - [TEST_STEP][PASSED] - swipe(startX_2, endY_2, endX_2, startY_2): Swiped from 540,1,516 to 540,650

2022-06-22 16:25:03 - [MESSAGE][PASSED] - Swiped from 540,1,516 to 540,650

2022-06-22 16:25:03 - [TEST_STEP][PASSED] - verifyElementText(findTestObject("Transfer/transferConfirmationFromAccTypeTxt", ["accType":accType]), accType): Actual text and expected text of test object 'Object Repository/Transfer/transferConfirmationFromAccTypeTxt' are matched.

2022-06-22 16:25:03 - [MESSAGE][PASSED] - Actual text and expected text of test object 'Object Repository/Transfer/transferConfirmationFromAccTypeTxt' are matched.

2022-06-22 16:25:03 - [TEST_STEP][PASSED] - verifyElementText(findTestObject("Transfer/transferConfirmationFromAccNoTxt", ["accNoFrom":accNoFrom]), accNoFrom): Actual text and expected text of test object 'Object Repository/Transfer/transferConfirmationFromAccNoTxt' are matched.

2022-06-22 16:25:03 - [MESSAGE][PASSED] - Actual text and expected text of test object 'Object Repository/Transfer/transferConfirmationFromAccNoTxt' are matched.

2022-06-22 16:25:03 - [TEST_STEP][PASSED] - verifyElementExist(findTestObject("Transfer/transferConfirmationFromAccBalanceTxt"), 0): Element 'Object Repository/Transfer/transferConfirmationFromAccBalanceTxt' is exist

2022-06-22 16:25:03 - [MESSAGE][WARNING] - Timeout '0' is invalid. Using default page load timeout: '40'

2022-06-22 16:25:03 - [MESSAGE][PASSED] - Element 'Object Repository/Transfer/transferConfirmationFromAccBalanceTxt' is exist

2022-06-22 16:25:03 - [TEST_STEP][PASSED] - accountBalance = getText(findTestObject("Transfer/transferConfirmationFromAccBalanceTxt"), 0): Text of element 'Object Repository/Transfer/transferConfirmationFromAccBalanceTxt' is: 'RM 1,034.40'

2022-06-22 16:25:03 - [MESSAGE][WARNING] - Timeout '0' is invalid. Using default page load timeout: '40'

2022-06-22 16:25:03 - [MESSAGE][PASSED] - Text of element 'Object Repository/Transfer/transferConfirmationFromAccBalanceTxt' is: 'RM 1,034.40'

2022-06-22 16:25:03 - [TEST_STEP][PASSED] - println(accountBalance): null

2022-06-22 16:25:03 - [TEST_STEP][PASSED] - tap(findTestObject("Main/mainTransferNowBtn"), 0): Tapped on element 'Object Repository/Main/mainTransferNowBtn'

2022-06-22 16:25:03 - [MESSAGE][WARNING] - Timeout '0' is invalid. Using default page load timeout: '40'

2022-06-22 16:25:04 - [MESSAGE][PASSED] - Tapped on element 'Object Repository/Main/mainTransferNowBtn'

2022-06-22 16:25:04 - [TEST_STEP][PASSED] - delay(5): Delayed 5 second(s)

2022-06-22 16:25:09 - [MESSAGE][PASSED] - Delayed 5 second(s)

2022-06-22 16:25:09 - [TEST_STEP][PASSED] - verifyElementExist(findTestObject("Festive Season/returnAngpaoStatusMessageTxt"), 0): Element 'Object Repository/Festive Season/returnAngpaoStatusMessageTxt' is exist

2022-06-22 16:25:09 - [MESSAGE][WARNING] - Timeout '0' is invalid. Using default page load timeout: '40'

2022-06-22 16:25:09 - [MESSAGE][PASSED] - Element 'Object Repository/Festive Season/returnAngpaoStatusMessageTxt' is exist

2022-06-22 16:25:09 - [TEST_STEP][PASSED] - message = getText(findTestObject("Festive Season/returnAngpaoStatusMessageTxt"), 10): Text of element 'Object Repository/Festive Season/returnAngpaoStatusMessageTxt' is: 'Transfer successful'

2022-06-22 16:25:09 - [MESSAGE][PASSED] - Text of element 'Object Repository/Festive Season/returnAngpaoStatusMessageTxt' is: 'Transfer successful'

2022-06-22 16:25:09 - [TEST_STEP][PASSED] - println(message): null

2022-06-22 16:25:09 - [TEST_STEP][PASSED] - assert message == successTransactionMessage: null

2022-06-22 16:25:09 - [TEST_STEP][PASSED] - verifyElementExist(findTestObject("Transfer/transferSummaryDateTimeTitleTxt"), 0): Element 'Object Repository/Transfer/transferSummaryDateTimeTitleTxt' is exist

2022-06-22 16:25:09 - [MESSAGE][WARNING] - Timeout '0' is invalid. Using default page load timeout: '40'

2022-06-22 16:25:09 - [MESSAGE][PASSED] - Element 'Object Repository/Transfer/transferSummaryDateTimeTitleTxt' is exist

2022-06-22 16:25:09 - [TEST_STEP][PASSED] - verifyElementExist(findTestObject("Transfer/transferSummaryRefIDTitleTxt"), 0): Element 'Object Repository/Transfer/transferSummaryRefIDTitleTxt' is exist

2022-06-22 16:25:09 - [MESSAGE][WARNING] - Timeout '0' is invalid. Using default page load timeout: '40'

2022-06-22 16:25:09 - [MESSAGE][PASSED] - Element 'Object Repository/Transfer/transferSummaryRefIDTitleTxt' is exist

2022-06-22 16:25:09 - [TEST_STEP][PASSED] - verifyElementExist(findTestObject("Transfer/transferSummaryShareReceiptBtn"), 0): Element 'Object Repository/Transfer/transferSummaryShareReceiptBtn' is exist

2022-06-22 16:25:09 - [MESSAGE][WARNING] - Timeout '0' is invalid. Using default page load timeout: '40'

2022-06-22 16:25:09 - [MESSAGE][PASSED] - Element 'Object Repository/Transfer/transferSummaryShareReceiptBtn' is exist

2022-06-22 16:25:09 - [TEST_STEP][PASSED] - delay(5): Delayed 5 second(s)

2022-06-22 16:25:14 - [MESSAGE][PASSED] - Delayed 5 second(s)

2022-06-22 16:25:14 - [TEST_STEP][PASSED] - referenceID = getText(findTestObject("Send Request Money/requestMoneyPaySummaryRefIDTxt"), 0): Text of element 'Object Repository/Send Request Money/requestMoneyPaySummaryRefIDTxt' is: '181578032M'

2022-06-22 16:25:14 - [MESSAGE][WARNING] - Timeout '0' is invalid. Using default page load timeout: '40'

2022-06-22 16:25:14 - [MESSAGE][PASSED] - Text of element 'Object Repository/Send Request Money/requestMoneyPaySummaryRefIDTxt' is: '181578032M'

2022-06-22 16:25:14 - [TEST_STEP][PASSED] - println(referenceID): null

2022-06-22 16:25:14 - [TEST_STEP][PASSED] - test = dataFolder: null

2022-06-22 16:25:14 - [TEST_STEP][PASSED] - sheetName = "Sheet1": null

2022-06-22 16:25:14 - [TEST_STEP][PASSED] - file1 = new java.io.File(test): null

2022-06-22 16:25:14 - [TEST_STEP][PASSED] - assert file1.exists() == true: null

2022-06-22 16:25:14 - [TEST_STEP][PASSED] - woorkbook1 = getWorkbook(test): null

2022-06-22 16:25:14 - [TEST_STEP][PASSED] - sheet1 = getExcelSheet(woorkbook1, sheetName): null

2022-06-22 16:25:14 - [TEST_STEP][PASSED] - setValueToCellByIndex(sheet1, 3, 1, referenceID): null

2022-06-22 16:25:14 - [TEST_STEP][PASSED] - saveWorkbook(test, woorkbook1): null

2022-06-22 16:25:14 - [TEST_STEP][PASSED] - delay(3): Delayed 3 second(s)

2022-06-22 16:25:17 - [MESSAGE][PASSED] - Delayed 3 second(s)

2022-06-22 16:25:17 - [TEST_STEP][PASSED] - takeScreenshot("/Users/a00139272/Desktop/Screenshot/thirdPartyFav.png"): Screenshot is taken

2022-06-22 16:25:18 - [MESSAGE][PASSED] - Screenshot is taken
[[ATTACHMENT|/Users/a00139272/Desktop/Screenshot/thirdPartyFav.png]]

2022-06-22 16:25:18 - [TEST_STEP][PASSED] - verifyElementVisible(findTestObject("Main/mainDoneBtn"), 0): Element 'Object Repository/Main/mainDoneBtn' is visible

2022-06-22 16:25:18 - [MESSAGE][WARNING] - Timeout '0' is invalid. Using default page load timeout: '40'

2022-06-22 16:25:19 - [MESSAGE][PASSED] - Element 'Object Repository/Main/mainDoneBtn' is visible

2022-06-22 16:25:19 - [TEST_STEP][PASSED] - tap(findTestObject("Main/mainDoneBtn"), 0): Tapped on element 'Object Repository/Main/mainDoneBtn'

2022-06-22 16:25:19 - [MESSAGE][WARNING] - Timeout '0' is invalid. Using default page load timeout: '40'

2022-06-22 16:25:19 - [MESSAGE][PASSED] - Tapped on element 'Object Repository/Main/mainDoneBtn'

2022-06-22 16:25:19 - [TEST_STEP][PASSED] - delay(5): Delayed 5 second(s)

2022-06-22 16:25:24 - [MESSAGE][PASSED] - Delayed 5 second(s)

2022-06-22 16:25:24 - [TEST_STEP][PASSED] - tap(findTestObject("Main/mainTopLeftBackButton"), 0): Tapped on element 'Object Repository/Main/mainTopLeftBackButton'

2022-06-22 16:25:24 - [MESSAGE][WARNING] - Timeout '0' is invalid. Using default page load timeout: '40'

2022-06-22 16:25:24 - [MESSAGE][PASSED] - Tapped on element 'Object Repository/Main/mainTopLeftBackButton'

2022-06-22 16:25:24 - [TEST_STEP][PASSED] - delay(5): Delayed 5 second(s)

2022-06-22 16:25:29 - [MESSAGE][PASSED] - Delayed 5 second(s)

2022-06-22 16:25:29 - [TEST_STEP][PASSED] - verifyElementVisible(findTestObject("Banking/m2uAccountTypeSelection", ["text":accType]), 0): Element 'Object Repository/Banking/m2uAccountTypeSelection' is visible

2022-06-22 16:25:29 - [MESSAGE][WARNING] - Timeout '0' is invalid. Using default page load timeout: '40'

2022-06-22 16:25:29 - [MESSAGE][PASSED] - Element 'Object Repository/Banking/m2uAccountTypeSelection' is visible

2022-06-22 16:25:29 - [TEST_STEP][PASSED] - tap(findTestObject("Banking/m2uAccountTypeSelection", ["text":accType]), 10): Tapped on element 'Object Repository/Banking/m2uAccountTypeSelection'

2022-06-22 16:25:30 - [MESSAGE][PASSED] - Tapped on element 'Object Repository/Banking/m2uAccountTypeSelection'

2022-06-22 16:25:30 - [TEST_STEP][PASSED] - delay(5): Delayed 5 second(s)

2022-06-22 16:25:35 - [MESSAGE][PASSED] - Delayed 5 second(s)

2022-06-22 16:25:35 - [TEST_STEP][PASSED] - afterBalance = getText(findTestObject("Main/mainAccountsBalanceTxt"), 0): Text of element 'Object Repository/Main/mainAccountsBalanceTxt' is: 'RM 1,034.36'

2022-06-22 16:25:35 - [MESSAGE][WARNING] - Timeout '0' is invalid. Using default page load timeout: '40'

2022-06-22 16:25:43 - [MESSAGE][PASSED] - Text of element 'Object Repository/Main/mainAccountsBalanceTxt' is: 'RM 1,034.36'

2022-06-22 16:25:43 - [TEST_STEP][PASSED] - newAfterBalance = afterBalance.replaceAll("[^0-9.]", ""): null

2022-06-22 16:25:43 - [TEST_STEP][PASSED] - newAccountBalance = accountBalance.replaceAll("[^0-9.]", ""): null

2022-06-22 16:25:43 - [TEST_STEP][PASSED] - newAfterBalanceF = Float.parseFloat(newAfterBalance): null

2022-06-22 16:25:43 - [TEST_STEP][PASSED] - newAccountBalanceF = Float.parseFloat(newAccountBalance): null

2022-06-22 16:25:43 - [TEST_STEP][PASSED] - println(afterBalance): null

2022-06-22 16:25:43 - [TEST_STEP][PASSED] - println(accountBalance): null

2022-06-22 16:25:43 - [TEST_STEP][PASSED] - println(newAfterBalance): null

2022-06-22 16:25:43 - [TEST_STEP][PASSED] - println(newAccountBalance): null

2022-06-22 16:25:43 - [TEST_STEP][PASSED] - value_1 = checkValue: null

2022-06-22 16:25:43 - [TEST_STEP][PASSED] - value_2 = value_1.replaceAll("[^0-9.]", ""): null

2022-06-22 16:25:43 - [TEST_STEP][PASSED] - newValue = Float.parseFloat(value_2): null

2022-06-22 16:25:43 - [TEST_STEP][PASSED] - newBalance = newAccountBalanceF - newValue: null

2022-06-22 16:25:43 - [TEST_STEP][PASSED] - println(newBalance): null

2022-06-22 16:25:43 - [TEST_STEP][PASSED] - assert newBalance.round(2) == newAfterBalanceF: null

2022-06-22 16:25:43 - [TEST_STEP][PASSED] - delay(5): Delayed 5 second(s)

2022-06-22 16:25:48 - [MESSAGE][PASSED] - Delayed 5 second(s)]]></system-out>
         <system-err><![CDATA[]]></system-err>
      </testcase>
      <testcase name="Test Cases/DuitNow/duitNow_mobileNumberTransaction" time="1307.459" classname="Test Cases/DuitNow/duitNow_mobileNumberTransaction" status="FAILED">
         <failure type="FAILED" message="Test Cases/DuitNow/duitNow_mobileNumberTransaction FAILED.
Reason:
com.kms.katalon.core.exception.StepFailedException: Element 'Object Repository/Duit Now/duitNowAmountProxyNumberTxt' not found
	at com.kms.katalon.core.keyword.internal.KeywordMain.stepFailed(KeywordMain.groovy:39)
	at com.kms.katalon.core.mobile.keyword.internal.MobileKeywordMain.stepFailed(MobileKeywordMain.groovy:40)
	at com.kms.katalon.core.mobile.keyword.builtin.VerifyElementTextKeyword$_verifyElementText_closure1.doCall(VerifyElementTextKeyword.groovy:49)
	at com.kms.katalon.core.mobile.keyword.builtin.VerifyElementTextKeyword$_verifyElementText_closure1.call(VerifyElementTextKeyword.groovy)
	at com.kms.katalon.core.mobile.keyword.internal.MobileKeywordMain.runKeyword(MobileKeywordMain.groovy:21)
	at com.kms.katalon.core.mobile.keyword.builtin.VerifyElementTextKeyword.verifyElementText(VerifyElementTextKeyword.groovy:62)
	at com.kms.katalon.core.mobile.keyword.builtin.VerifyElementTextKeyword.execute(VerifyElementTextKeyword.groovy:39)
	at com.kms.katalon.core.keyword.internal.KeywordExecutor.executeKeywordForPlatform(KeywordExecutor.groovy:74)
	at com.kms.katalon.core.mobile.keyword.MobileBuiltInKeywords.verifyElementText(MobileBuiltInKeywords.groovy:2901)
	at com.kms.katalon.core.mobile.keyword.MobileBuiltInKeywords$verifyElementText$9.call(Unknown Source)
	at duitNow_mobileNumberTransaction.run(duitNow_mobileNumberTransaction:120)
	at com.kms.katalon.core.main.ScriptEngine.run(ScriptEngine.java:194)
	at com.kms.katalon.core.main.ScriptEngine.runScriptAsRawText(ScriptEngine.java:119)
	at com.kms.katalon.core.main.TestCaseExecutor.runScript(TestCaseExecutor.java:445)
	at com.kms.katalon.core.main.TestCaseExecutor.doExecute(TestCaseExecutor.java:436)
	at com.kms.katalon.core.main.TestCaseExecutor.processExecutionPhase(TestCaseExecutor.java:415)
	at com.kms.katalon.core.main.TestCaseExecutor.accessMainPhase(TestCaseExecutor.java:407)
	at com.kms.katalon.core.main.TestCaseExecutor.execute(TestCaseExecutor.java:284)
	at com.kms.katalon.core.common.CommonExecutor.accessTestCaseMainPhase(CommonExecutor.java:65)
	at com.kms.katalon.core.main.TestSuiteExecutor.accessTestSuiteMainPhase(TestSuiteExecutor.java:144)
	at com.kms.katalon.core.main.TestSuiteExecutor.execute(TestSuiteExecutor.java:106)
	at com.kms.katalon.core.main.TestCaseMain.startTestSuite(TestCaseMain.java:185)
	at com.kms.katalon.core.main.TestCaseMain$startTestSuite$0.call(Unknown Source)
	at TempTestSuite1655885093224.run(TempTestSuite1655885093224.groovy:36)
"/>
         <system-out><![CDATA[2022-06-22 16:25:48 - [TEST_CASE][FAILED] - Test Cases/DuitNow/duitNow_mobileNumberTransaction: Test Cases/DuitNow/duitNow_mobileNumberTransaction FAILED.
Reason:
com.kms.katalon.core.exception.StepFailedException: Element 'Object Repository/Duit Now/duitNowAmountProxyNumberTxt' not found
	at com.kms.katalon.core.keyword.internal.KeywordMain.stepFailed(KeywordMain.groovy:39)
	at com.kms.katalon.core.mobile.keyword.internal.MobileKeywordMain.stepFailed(MobileKeywordMain.groovy:40)
	at com.kms.katalon.core.mobile.keyword.builtin.VerifyElementTextKeyword$_verifyElementText_closure1.doCall(VerifyElementTextKeyword.groovy:49)
	at com.kms.katalon.core.mobile.keyword.builtin.VerifyElementTextKeyword$_verifyElementText_closure1.call(VerifyElementTextKeyword.groovy)
	at com.kms.katalon.core.mobile.keyword.internal.MobileKeywordMain.runKeyword(MobileKeywordMain.groovy:21)
	at com.kms.katalon.core.mobile.keyword.builtin.VerifyElementTextKeyword.verifyElementText(VerifyElementTextKeyword.groovy:62)
	at com.kms.katalon.core.mobile.keyword.builtin.VerifyElementTextKeyword.execute(VerifyElementTextKeyword.groovy:39)
	at com.kms.katalon.core.keyword.internal.KeywordExecutor.executeKeywordForPlatform(KeywordExecutor.groovy:74)
	at com.kms.katalon.core.mobile.keyword.MobileBuiltInKeywords.verifyElementText(MobileBuiltInKeywords.groovy:2901)
	at com.kms.katalon.core.mobile.keyword.MobileBuiltInKeywords$verifyElementText$9.call(Unknown Source)
	at duitNow_mobileNumberTransaction.run(duitNow_mobileNumberTransaction:120)
	at com.kms.katalon.core.main.ScriptEngine.run(ScriptEngine.java:194)
	at com.kms.katalon.core.main.ScriptEngine.runScriptAsRawText(ScriptEngine.java:119)
	at com.kms.katalon.core.main.TestCaseExecutor.runScript(TestCaseExecutor.java:445)
	at com.kms.katalon.core.main.TestCaseExecutor.doExecute(TestCaseExecutor.java:436)
	at com.kms.katalon.core.main.TestCaseExecutor.processExecutionPhase(TestCaseExecutor.java:415)
	at com.kms.katalon.core.main.TestCaseExecutor.accessMainPhase(TestCaseExecutor.java:407)
	at com.kms.katalon.core.main.TestCaseExecutor.execute(TestCaseExecutor.java:284)
	at com.kms.katalon.core.common.CommonExecutor.accessTestCaseMainPhase(CommonExecutor.java:65)
	at com.kms.katalon.core.main.TestSuiteExecutor.accessTestSuiteMainPhase(TestSuiteExecutor.java:144)
	at com.kms.katalon.core.main.TestSuiteExecutor.execute(TestSuiteExecutor.java:106)
	at com.kms.katalon.core.main.TestCaseMain.startTestSuite(TestCaseMain.java:185)
	at com.kms.katalon.core.main.TestCaseMain$startTestSuite$0.call(Unknown Source)
	at TempTestSuite1655885093224.run(TempTestSuite1655885093224.groovy:36)


2022-06-22 16:25:48 - [TEST_STEP][PASSED] - delay(5): Delayed 5 second(s)

2022-06-22 16:25:53 - [MESSAGE][PASSED] - Delayed 5 second(s)

2022-06-22 16:25:53 - [TEST_STEP][PASSED] - device_Height = getDeviceHeight(): Current device physical height is 2167

2022-06-22 16:25:54 - [MESSAGE][PASSED] - Current device physical height is 2167

2022-06-22 16:25:54 - [TEST_STEP][PASSED] - device_Width = getDeviceWidth(): Current device physical width is 1080

2022-06-22 16:25:54 - [MESSAGE][PASSED] - Current device physical width is 1080

2022-06-22 16:25:54 - [TEST_STEP][PASSED] - startX = device_Width / 3: null

2022-06-22 16:25:54 - [TEST_STEP][PASSED] - startY = device_Height * 0.97: null

2022-06-22 16:25:54 - [TEST_STEP][PASSED] - delay(3): Delayed 3 second(s)

2022-06-22 16:25:57 - [MESSAGE][PASSED] - Delayed 3 second(s)

2022-06-22 16:25:57 - [TEST_STEP][PASSED] - verifyElementVisible(findTestObject("Banking/m2uAccountTransferIconSelect"), 0): Element 'Object Repository/Banking/m2uAccountTransferIconSelect' is visible

2022-06-22 16:25:57 - [MESSAGE][WARNING] - Timeout '0' is invalid. Using default page load timeout: '40'

2022-06-22 16:25:57 - [MESSAGE][PASSED] - Element 'Object Repository/Banking/m2uAccountTransferIconSelect' is visible

2022-06-22 16:25:57 - [TEST_STEP][PASSED] - tap(findTestObject("Banking/m2uAccountTransferIconSelect"), 0): Tapped on element 'Object Repository/Banking/m2uAccountTransferIconSelect'

2022-06-22 16:25:57 - [MESSAGE][WARNING] - Timeout '0' is invalid. Using default page load timeout: '40'

2022-06-22 16:25:57 - [MESSAGE][PASSED] - Tapped on element 'Object Repository/Banking/m2uAccountTransferIconSelect'

2022-06-22 16:25:57 - [TEST_STEP][PASSED] - verifyElementVisible(findTestObject("Banking/transferDuitNowTopMenuSelect"), 5): Element 'Object Repository/Banking/transferDuitNowTopMenuSelect' is visible

2022-06-22 16:26:48 - [MESSAGE][PASSED] - Element 'Object Repository/Banking/transferDuitNowTopMenuSelect' is visible

2022-06-22 16:26:48 - [TEST_STEP][PASSED] - tap(findTestObject("Banking/transferDuitNowTopMenuSelect"), 0): Tapped on element 'Object Repository/Banking/transferDuitNowTopMenuSelect'

2022-06-22 16:26:48 - [MESSAGE][WARNING] - Timeout '0' is invalid. Using default page load timeout: '40'

2022-06-22 16:27:49 - [MESSAGE][PASSED] - Tapped on element 'Object Repository/Banking/transferDuitNowTopMenuSelect'

2022-06-22 16:27:49 - [TEST_STEP][PASSED] - delay(3): Delayed 3 second(s)

2022-06-22 16:27:52 - [MESSAGE][PASSED] - Delayed 3 second(s)

2022-06-22 16:27:52 - [TEST_STEP][PASSED] - tap(findTestObject("Banking/duitNowOtherIconSelect"), 0): Tapped on element 'Object Repository/Banking/duitNowOtherIconSelect'

2022-06-22 16:27:52 - [MESSAGE][WARNING] - Timeout '0' is invalid. Using default page load timeout: '40'

2022-06-22 16:28:45 - [MESSAGE][PASSED] - Tapped on element 'Object Repository/Banking/duitNowOtherIconSelect'

2022-06-22 16:28:45 - [TEST_STEP][PASSED] - delay(3): Delayed 3 second(s)

2022-06-22 16:28:48 - [MESSAGE][PASSED] - Delayed 3 second(s)

2022-06-22 16:28:48 - [TEST_STEP][PASSED] - verifyElementExist(findTestObject("Banking/duitNowIDTypeDropdownSelect"), 0): Element 'Object Repository/Banking/duitNowIDTypeDropdownSelect' is exist

2022-06-22 16:28:48 - [MESSAGE][WARNING] - Timeout '0' is invalid. Using default page load timeout: '40'

2022-06-22 16:28:48 - [MESSAGE][PASSED] - Element 'Object Repository/Banking/duitNowIDTypeDropdownSelect' is exist

2022-06-22 16:28:48 - [TEST_STEP][PASSED] - tap(findTestObject("Banking/duitNowIDTypeDropdownSelect"), 0): Tapped on element 'Object Repository/Banking/duitNowIDTypeDropdownSelect'

2022-06-22 16:28:48 - [MESSAGE][WARNING] - Timeout '0' is invalid. Using default page load timeout: '40'

2022-06-22 16:28:48 - [MESSAGE][PASSED] - Tapped on element 'Object Repository/Banking/duitNowIDTypeDropdownSelect'

2022-06-22 16:28:48 - [TEST_STEP][PASSED] - delay(3): Delayed 3 second(s)

2022-06-22 16:28:51 - [MESSAGE][PASSED] - Delayed 3 second(s)

2022-06-22 16:28:51 - [TEST_STEP][PASSED] - verifyElementExist(findTestObject("Banking/duitNowBusinessRegIDTypeDropdown", ["proxy":proxy]), 0): Element 'Object Repository/Banking/duitNowBusinessRegIDTypeDropdown' is exist

2022-06-22 16:28:51 - [MESSAGE][WARNING] - Timeout '0' is invalid. Using default page load timeout: '40'

2022-06-22 16:28:51 - [MESSAGE][PASSED] - Element 'Object Repository/Banking/duitNowBusinessRegIDTypeDropdown' is exist

2022-06-22 16:28:51 - [TEST_STEP][PASSED] - tap(findTestObject("Banking/duitNowBusinessRegIDTypeDropdown", ["proxy":proxy]), 0): Tapped on element 'Object Repository/Banking/duitNowBusinessRegIDTypeDropdown'

2022-06-22 16:28:51 - [MESSAGE][WARNING] - Timeout '0' is invalid. Using default page load timeout: '40'

2022-06-22 16:28:51 - [MESSAGE][PASSED] - Tapped on element 'Object Repository/Banking/duitNowBusinessRegIDTypeDropdown'

2022-06-22 16:28:51 - [TEST_STEP][PASSED] - tap(findTestObject("Main/mainCalenderPickerDoneBtn"), 0): Tapped on element 'Object Repository/Main/mainCalenderPickerDoneBtn'

2022-06-22 16:28:51 - [MESSAGE][WARNING] - Timeout '0' is invalid. Using default page load timeout: '40'

2022-06-22 16:28:52 - [MESSAGE][PASSED] - Tapped on element 'Object Repository/Main/mainCalenderPickerDoneBtn'

2022-06-22 16:28:52 - [TEST_STEP][PASSED] - delay(3): Delayed 3 second(s)

2022-06-22 16:28:55 - [MESSAGE][PASSED] - Delayed 3 second(s)

2022-06-22 16:28:55 - [TEST_STEP][PASSED] - verifyElementExist(findTestObject("Banking/duitNowBusinessRegNoInputField", ["proxyPlaceholder":proxyPlaceholder]), 0): Element 'Object Repository/Banking/duitNowBusinessRegNoInputField' is exist

2022-06-22 16:28:55 - [MESSAGE][WARNING] - Timeout '0' is invalid. Using default page load timeout: '40'

2022-06-22 16:28:55 - [MESSAGE][PASSED] - Element 'Object Repository/Banking/duitNowBusinessRegNoInputField' is exist

2022-06-22 16:28:55 - [TEST_STEP][PASSED] - setText(findTestObject("Banking/duitNowBusinessRegNoInputField", ["proxyPlaceholder":proxyPlaceholder]), phoneNum, 0): Text '01122334455' has been set to element 'Object Repository/Banking/duitNowBusinessRegNoInputField'

2022-06-22 16:28:55 - [MESSAGE][WARNING] - Timeout '0' is invalid. Using default page load timeout: '40'

2022-06-22 16:28:56 - [MESSAGE][PASSED] - Text '01122334455' has been set to element 'Object Repository/Banking/duitNowBusinessRegNoInputField'

2022-06-22 16:28:56 - [TEST_STEP][PASSED] - hideKeyboard(): Keyboard is hidden

2022-06-22 16:28:57 - [MESSAGE][PASSED] - Keyboard is hidden

2022-06-22 16:28:57 - [TEST_STEP][PASSED] - tap(findTestObject("Login Onboarding/loginExistingContinueBtn"), 0): Tapped on element 'Object Repository/Login Onboarding/loginExistingContinueBtn'

2022-06-22 16:28:57 - [MESSAGE][WARNING] - Timeout '0' is invalid. Using default page load timeout: '40'

2022-06-22 16:28:57 - [MESSAGE][PASSED] - Tapped on element 'Object Repository/Login Onboarding/loginExistingContinueBtn'

2022-06-22 16:28:57 - [TEST_STEP][PASSED] - delay(3): Delayed 3 second(s)

2022-06-22 16:29:00 - [MESSAGE][PASSED] - Delayed 3 second(s)

2022-06-22 16:29:00 - [TEST_STEP][FAILED] - verifyElementText(findTestObject("Duit Now/duitNowAmountProxyNumberTxt", ["proxyNumber":proxyNumber]), proxyNumber): Element 'Object Repository/Duit Now/duitNowAmountProxyNumberTxt' not found

2022-06-22 16:29:40 - [MESSAGE][FAILED] - Element 'Object Repository/Duit Now/duitNowAmountProxyNumberTxt' not found

2022-06-22 16:29:40 - [TEST_STEP][FAILED] - receipientName = getText(findTestObject("Duit Now/duitNowAmountReceipientNameTxt2", ["recName":recName]), 0): Object Object Repository/Duit Now/duitNowAmountReceipientNameTxt2 not found

2022-06-22 16:29:40 - [MESSAGE][WARNING] - Timeout '0' is invalid. Using default page load timeout: '40'

2022-06-22 16:30:27 - [MESSAGE][FAILED] - Object Object Repository/Duit Now/duitNowAmountReceipientNameTxt2 not found

2022-06-22 16:30:27 - [TEST_STEP][PASSED] - recName_1 = recName: null

2022-06-22 16:30:27 - [TEST_STEP][PASSED] - recName_2 = recName2: null

2022-06-22 16:30:27 - [TEST_STEP][PASSED] - privName_1 = privName: null

2022-06-22 16:30:27 - [TEST_STEP][FAILED] - checker = verifyMatch(receipientName, $recName_1||$privName_1, true): Unable to verify match between actual text 'null' and expected text 'CAPTAIN AMERICA||XXXXXXX XXXXXXX' using regular expression (Root cause: java.lang.NullPointerException
	at com.kms.katalon.core.helper.KeywordHelper.match(KeywordHelper.java:23)
	at com.kms.katalon.core.keyword.builtin.VerifyMatchKeyword$_verifyMatch_closure1.doCall(VerifyMatchKeyword.groovy:53)
	at com.kms.katalon.core.keyword.builtin.VerifyMatchKeyword$_verifyMatch_closure1.call(VerifyMatchKeyword.groovy)
	at com.kms.katalon.core.keyword.internal.KeywordMain.runKeyword(KeywordMain.groovy:74)
	at com.kms.katalon.core.keyword.builtin.VerifyMatchKeyword.verifyMatch(VerifyMatchKeyword.groovy:60)
	at com.kms.katalon.core.keyword.builtin.VerifyMatchKeyword.execute(VerifyMatchKeyword.groovy:45)
	at com.kms.katalon.core.keyword.internal.KeywordExecutor.executeKeywordForPlatform(KeywordExecutor.groovy:74)
	at com.kms.katalon.core.keyword.BuiltinKeywords.verifyMatch(BuiltinKeywords.groovy:73)
	at duitNow_mobileNumberTransaction.run(duitNow_mobileNumberTransaction:130)
	at com.kms.katalon.core.main.ScriptEngine.run(ScriptEngine.java:194)
	at com.kms.katalon.core.main.ScriptEngine.runScriptAsRawText(ScriptEngine.java:119)
	at com.kms.katalon.core.main.TestCaseExecutor.runScript(TestCaseExecutor.java:445)
	at com.kms.katalon.core.main.TestCaseExecutor.doExecute(TestCaseExecutor.java:436)
	at com.kms.katalon.core.main.TestCaseExecutor.processExecutionPhase(TestCaseExecutor.java:415)
	at com.kms.katalon.core.main.TestCaseExecutor.accessMainPhase(TestCaseExecutor.java:407)
	at com.kms.katalon.core.main.TestCaseExecutor.execute(TestCaseExecutor.java:284)
	at com.kms.katalon.core.common.CommonExecutor.accessTestCaseMainPhase(CommonExecutor.java:65)
	at com.kms.katalon.core.main.TestSuiteExecutor.accessTestSuiteMainPhase(TestSuiteExecutor.java:144)
	at com.kms.katalon.core.main.TestSuiteExecutor.execute(TestSuiteExecutor.java:106)
	at com.kms.katalon.core.main.TestCaseMain.startTestSuite(TestCaseMain.java:185)
	at com.kms.katalon.core.main.TestCaseMain$startTestSuite$0.call(Unknown Source)
	at TempTestSuite1655885093224.run(TempTestSuite1655885093224.groovy:36)
)

2022-06-22 16:30:27 - [MESSAGE][FAILED] - Unable to verify match between actual text 'null' and expected text 'CAPTAIN AMERICA||XXXXXXX XXXXXXX' using regular expression (Root cause: java.lang.NullPointerException
	at com.kms.katalon.core.helper.KeywordHelper.match(KeywordHelper.java:23)
	at com.kms.katalon.core.keyword.builtin.VerifyMatchKeyword$_verifyMatch_closure1.doCall(VerifyMatchKeyword.groovy:53)
	at com.kms.katalon.core.keyword.builtin.VerifyMatchKeyword$_verifyMatch_closure1.call(VerifyMatchKeyword.groovy)
	at com.kms.katalon.core.keyword.internal.KeywordMain.runKeyword(KeywordMain.groovy:74)
	at com.kms.katalon.core.keyword.builtin.VerifyMatchKeyword.verifyMatch(VerifyMatchKeyword.groovy:60)
	at com.kms.katalon.core.keyword.builtin.VerifyMatchKeyword.execute(VerifyMatchKeyword.groovy:45)
	at com.kms.katalon.core.keyword.internal.KeywordExecutor.executeKeywordForPlatform(KeywordExecutor.groovy:74)
	at com.kms.katalon.core.keyword.BuiltinKeywords.verifyMatch(BuiltinKeywords.groovy:73)
	at duitNow_mobileNumberTransaction.run(duitNow_mobileNumberTransaction:130)
	at com.kms.katalon.core.main.ScriptEngine.run(ScriptEngine.java:194)
	at com.kms.katalon.core.main.ScriptEngine.runScriptAsRawText(ScriptEngine.java:119)
	at com.kms.katalon.core.main.TestCaseExecutor.runScript(TestCaseExecutor.java:445)
	at com.kms.katalon.core.main.TestCaseExecutor.doExecute(TestCaseExecutor.java:436)
	at com.kms.katalon.core.main.TestCaseExecutor.processExecutionPhase(TestCaseExecutor.java:415)
	at com.kms.katalon.core.main.TestCaseExecutor.accessMainPhase(TestCaseExecutor.java:407)
	at com.kms.katalon.core.main.TestCaseExecutor.execute(TestCaseExecutor.java:284)
	at com.kms.katalon.core.common.CommonExecutor.accessTestCaseMainPhase(CommonExecutor.java:65)
	at com.kms.katalon.core.main.TestSuiteExecutor.accessTestSuiteMainPhase(TestSuiteExecutor.java:144)
	at com.kms.katalon.core.main.TestSuiteExecutor.execute(TestSuiteExecutor.java:106)
	at com.kms.katalon.core.main.TestCaseMain.startTestSuite(TestCaseMain.java:185)
	at com.kms.katalon.core.main.TestCaseMain$startTestSuite$0.call(Unknown Source)
	at TempTestSuite1655885093224.run(TempTestSuite1655885093224.groovy:36)
)

2022-06-22 16:30:27 - [TEST_STEP][PASSED] - verifyElementText(findTestObject("Duit Now/duitNowAmountProxyTypeTxt", ["proxyType":proxyType]), proxyType): Actual text and expected text of test object 'Object Repository/Duit Now/duitNowAmountProxyTypeTxt' are matched.

2022-06-22 16:31:18 - [MESSAGE][PASSED] - Actual text and expected text of test object 'Object Repository/Duit Now/duitNowAmountProxyTypeTxt' are matched.

2022-06-22 16:31:18 - [TEST_STEP][FAILED] - verifyElementExist(findTestObject("Duit Now/duitNowAmountCurrencyTypeTxt"), 0): Element 'Object Repository/Duit Now/duitNowAmountCurrencyTypeTxt' not found

2022-06-22 16:31:18 - [MESSAGE][WARNING] - Timeout '0' is invalid. Using default page load timeout: '40'

2022-06-22 16:32:01 - [MESSAGE][FAILED] - Element 'Object Repository/Duit Now/duitNowAmountCurrencyTypeTxt' not found

2022-06-22 16:32:01 - [TEST_STEP][FAILED] - verifyElementExist(findTestObject("Duit Now/duitNowAmountEnterAmountTitleTxt"), 0): Element 'Object Repository/Duit Now/duitNowAmountEnterAmountTitleTxt' not found

2022-06-22 16:32:01 - [MESSAGE][WARNING] - Timeout '0' is invalid. Using default page load timeout: '40'

2022-06-22 16:32:43 - [MESSAGE][FAILED] - Element 'Object Repository/Duit Now/duitNowAmountEnterAmountTitleTxt' not found

2022-06-22 16:32:43 - [TEST_STEP][FAILED] - verifyElementExist(findTestObject("Duit Now/duitNowAmountInitialValueTxt"), 0): Element 'Object Repository/Duit Now/duitNowAmountInitialValueTxt' not found

2022-06-22 16:32:43 - [MESSAGE][WARNING] - Timeout '0' is invalid. Using default page load timeout: '40'

2022-06-22 16:33:32 - [MESSAGE][FAILED] - Element 'Object Repository/Duit Now/duitNowAmountInitialValueTxt' not found

2022-06-22 16:33:32 - [TEST_STEP][PASSED] - trxAmount = value: null

2022-06-22 16:33:32 - [TEST_STEP][PASSED] - length = trxAmount.length(): null

2022-06-22 16:33:32 - [TEST_STEP][PASSED] - delay(5): Delayed 5 second(s)

2022-06-22 16:33:37 - [MESSAGE][PASSED] - Delayed 5 second(s)

2022-06-22 16:33:37 - [TEST_STEP][PASSED] - tapAtPosition(startX, startY): Tapped at [360, 2,101]

2022-06-22 16:33:37 - [MESSAGE][PASSED] - Tapped at [360, 2,101]

2022-06-22 16:33:37 - [TEST_STEP][FAILED] - for ([i = 0, i < length, (i++)]): null

2022-06-22 16:33:37 - [TEST_STEP][PASSED] - if (trxAmount[i] == "0"): null

2022-06-22 16:33:37 - [TEST_STEP][PASSED] - if (trxAmount[i] == "1"): null

2022-06-22 16:33:37 - [TEST_STEP][FAILED] - if (trxAmount[i] == "2"): Object Object Repository/Login Onboarding/PIN2 not found

2022-06-22 16:33:37 - [TEST_STEP][FAILED] - tap(findTestObject("Login Onboarding/PIN2"), 0): Object Object Repository/Login Onboarding/PIN2 not found

2022-06-22 16:33:37 - [MESSAGE][WARNING] - Timeout '0' is invalid. Using default page load timeout: '40'

2022-06-22 16:34:19 - [MESSAGE][FAILED] - Object Object Repository/Login Onboarding/PIN2 not found

2022-06-22 16:34:19 - [TEST_STEP][PASSED] - if (trxAmount[i] == "3"): null

2022-06-22 16:34:19 - [TEST_STEP][PASSED] - if (trxAmount[i] == "4"): null

2022-06-22 16:34:19 - [TEST_STEP][PASSED] - if (trxAmount[i] == "5"): null

2022-06-22 16:34:19 - [TEST_STEP][PASSED] - if (trxAmount[i] == "6"): null

2022-06-22 16:34:19 - [TEST_STEP][PASSED] - if (trxAmount[i] == "7"): null

2022-06-22 16:34:19 - [TEST_STEP][PASSED] - if (trxAmount[i] == "8"): null

2022-06-22 16:34:19 - [TEST_STEP][PASSED] - if (trxAmount[i] == "9"): null

2022-06-22 16:34:19 - [TEST_STEP][PASSED] - if (trxAmount[i] == "0"): Tapped on element 'Object Repository/Login Onboarding/PIN0'

2022-06-22 16:34:19 - [TEST_STEP][PASSED] - tap(findTestObject("Login Onboarding/PIN0"), 0): Tapped on element 'Object Repository/Login Onboarding/PIN0'

2022-06-22 16:34:20 - [MESSAGE][WARNING] - Timeout '0' is invalid. Using default page load timeout: '40'

2022-06-22 16:34:59 - [MESSAGE][PASSED] - Tapped on element 'Object Repository/Login Onboarding/PIN0'

2022-06-22 16:34:59 - [TEST_STEP][PASSED] - if (trxAmount[i] == "1"): null

2022-06-22 16:34:59 - [TEST_STEP][PASSED] - if (trxAmount[i] == "2"): null

2022-06-22 16:34:59 - [TEST_STEP][PASSED] - if (trxAmount[i] == "3"): null

2022-06-22 16:34:59 - [TEST_STEP][PASSED] - if (trxAmount[i] == "4"): null

2022-06-22 16:34:59 - [TEST_STEP][PASSED] - if (trxAmount[i] == "5"): null

2022-06-22 16:34:59 - [TEST_STEP][PASSED] - if (trxAmount[i] == "6"): null

2022-06-22 16:34:59 - [TEST_STEP][PASSED] - if (trxAmount[i] == "7"): null

2022-06-22 16:34:59 - [TEST_STEP][PASSED] - if (trxAmount[i] == "8"): null

2022-06-22 16:34:59 - [TEST_STEP][PASSED] - if (trxAmount[i] == "9"): null

2022-06-22 16:34:59 - [TEST_STEP][PASSED] - if (trxAmount[i] == "0"): Tapped on element 'Object Repository/Login Onboarding/PIN0'

2022-06-22 16:34:59 - [TEST_STEP][PASSED] - tap(findTestObject("Login Onboarding/PIN0"), 0): Tapped on element 'Object Repository/Login Onboarding/PIN0'

2022-06-22 16:34:59 - [MESSAGE][WARNING] - Timeout '0' is invalid. Using default page load timeout: '40'

2022-06-22 16:35:02 - [MESSAGE][PASSED] - Tapped on element 'Object Repository/Login Onboarding/PIN0'

2022-06-22 16:35:02 - [TEST_STEP][PASSED] - if (trxAmount[i] == "1"): null

2022-06-22 16:35:02 - [TEST_STEP][PASSED] - if (trxAmount[i] == "2"): null

2022-06-22 16:35:02 - [TEST_STEP][PASSED] - if (trxAmount[i] == "3"): null

2022-06-22 16:35:02 - [TEST_STEP][PASSED] - if (trxAmount[i] == "4"): null

2022-06-22 16:35:02 - [TEST_STEP][PASSED] - if (trxAmount[i] == "5"): null

2022-06-22 16:35:02 - [TEST_STEP][PASSED] - if (trxAmount[i] == "6"): null

2022-06-22 16:35:02 - [TEST_STEP][PASSED] - if (trxAmount[i] == "7"): null

2022-06-22 16:35:02 - [TEST_STEP][PASSED] - if (trxAmount[i] == "8"): null

2022-06-22 16:35:02 - [TEST_STEP][PASSED] - if (trxAmount[i] == "9"): null

2022-06-22 16:35:02 - [TEST_STEP][PASSED] - delay(5): Delayed 5 second(s)

2022-06-22 16:35:07 - [MESSAGE][PASSED] - Delayed 5 second(s)

2022-06-22 16:35:07 - [TEST_STEP][FAILED] - verifyElementText(findTestObject("Duit Now/duitNowAmountValueTxt", ["value":checkValue]), checkValue): Element 'Object Repository/Duit Now/duitNowAmountValueTxt' not found

2022-06-22 16:35:50 - [MESSAGE][FAILED] - Element 'Object Repository/Duit Now/duitNowAmountValueTxt' not found

2022-06-22 16:35:50 - [TEST_STEP][FAILED] - verifyElementVisible(findTestObject("Login Onboarding/loginPinTickBtn"), 5): Element 'Object Repository/Login Onboarding/loginPinTickBtn' not found

2022-06-22 16:36:00 - [MESSAGE][FAILED] - Element 'Object Repository/Login Onboarding/loginPinTickBtn' not found

2022-06-22 16:36:00 - [TEST_STEP][FAILED] - tap(findTestObject("Login Onboarding/loginPinTickBtn"), 0): Object Object Repository/Login Onboarding/loginPinTickBtn not found

2022-06-22 16:36:00 - [MESSAGE][WARNING] - Timeout '0' is invalid. Using default page load timeout: '40'

2022-06-22 16:36:42 - [MESSAGE][FAILED] - Object Object Repository/Login Onboarding/loginPinTickBtn not found

2022-06-22 16:36:42 - [TEST_STEP][PASSED] - delay(3): Delayed 3 second(s)

2022-06-22 16:36:45 - [MESSAGE][PASSED] - Delayed 3 second(s)

2022-06-22 16:36:45 - [TEST_STEP][FAILED] - verifyElementText(findTestObject("Duit Now/duitNowReferenceProxyNumberTxt", ["proxyNumber":proxyNumber]), proxyNumber): Verify element text of test object 'Object Repository/Duit Now/duitNowReferenceProxyNumberTxt' FAILED. (Root cause: org.openqa.selenium.StaleElementReferenceException: Cached elements 'By.xpath: //*[@class = 'android.widget.TextView' and (@text = '011 2233 4455' or . = '011 2233 4455')]' do not exist in DOM anymore
For documentation on this error, please visit: https://www.seleniumhq.org/exceptions/stale_element_reference.html
Build info: version: '3.141.59', revision: 'e82be7d358', time: '2018-11-14T08:25:53'
System info: host: '00139272s-MacBook-Pro.local', ip: '2001:e68:6167:d901:5dd8:2a3:885f:7e34%en0', os.name: 'Mac OS X', os.arch: 'x86_64', os.version: '10.16', java.version: '1.8.0_275'
Driver info: com.kms.katalon.core.appium.driver.SwipeableAndroidDriver
Capabilities {app: /Users/a00139272/Katalon St..., appActivity: com.maybank2u.life.MainActi..., appPackage: com.maybank2u.life.sit, appWaitActivity: *, autoGrantPermissions: true, automationName: uiautomator2, chromedriverPort: 52878, databaseEnabled: false, desired: {app: /Users/a00139272/Katalon St..., appActivity: com.maybank2u.life.MainActi..., appPackage: com.maybank2u.life.sit, appWaitActivity: *, autoGrantPermissions: true, automationName: uiautomator2, chromedriverPort: 52878, deviceId: 002b9cc60508, deviceName: Xiaomi 21061119AG (Android 11), fullReset: false, newCommandTimeout: 1800, noReset: true, platform: ANDROID, platformName: android, platformVersion: 11, systemPort: 52876, udid: 002b9cc60508}, deviceApiLevel: 30, deviceId: 002b9cc60508, deviceManufacturer: Xiaomi, deviceModel: 21061119AG, deviceName: 002b9cc60508, deviceScreenDensity: 440, deviceScreenSize: 1080x2400, deviceUDID: 002b9cc60508, fullReset: false, javascriptEnabled: true, locationContextEnabled: false, networkConnectionEnabled: true, newCommandTimeout: 1800, noReset: true, pixelRatio: 2.75, platform: ANDROID, platformName: Android, platformVersion: 11, statBarHeight: 103, systemPort: 52876, takesScreenshot: true, udid: 002b9cc60508, viewportRect: {height: 2064, left: 0, top: 103, width: 1080}, warnings: {}, webStorageEnabled: false}
Session ID: 07e0a906-f567-4646-abfd-84c6cc800d18
	at org.openqa.selenium.remote.http.W3CHttpResponseCodec.createException(W3CHttpResponseCodec.java:187)
	at org.openqa.selenium.remote.http.W3CHttpResponseCodec.decode(W3CHttpResponseCodec.java:122)
	at org.openqa.selenium.remote.http.W3CHttpResponseCodec.decode(W3CHttpResponseCodec.java:49)
	at org.openqa.selenium.remote.HttpCommandExecutor.execute(HttpCommandExecutor.java:158)
	at io.appium.java_client.remote.AppiumCommandExecutor.execute(AppiumCommandExecutor.java:239)
	at org.openqa.selenium.remote.RemoteWebDriver.execute(RemoteWebDriver.java:552)
	at io.appium.java_client.DefaultGenericMobileDriver.execute(DefaultGenericMobileDriver.java:42)
	at io.appium.java_client.AppiumDriver.execute(AppiumDriver.java:1)
	at io.appium.java_client.android.AndroidDriver.execute(AndroidDriver.java:1)
	at com.kms.katalon.core.appium.driver.SwipeableAndroidDriver.execute(SwipeableAndroidDriver.java:1)
	at org.openqa.selenium.remote.RemoteWebElement.execute(RemoteWebElement.java:285)
	at io.appium.java_client.DefaultGenericMobileElement.execute(DefaultGenericMobileElement.java:45)
	at io.appium.java_client.MobileElement.execute(MobileElement.java:1)
	at io.appium.java_client.android.AndroidElement.execute(AndroidElement.java:1)
	at org.openqa.selenium.remote.RemoteWebElement.getLocation(RemoteWebElement.java:337)
	at org.openqa.selenium.WebElement$getLocation.call(Unknown Source)
	at com.kms.katalon.core.mobile.keyword.internal.MobileAbstractKeyword.findElement(MobileAbstractKeyword.groovy:86)
	at com.kms.katalon.core.mobile.keyword.builtin.VerifyElementTextKeyword.access$1(VerifyElementTextKeyword.groovy)
	at com.kms.katalon.core.mobile.keyword.builtin.VerifyElementTextKeyword$_verifyElementText_closure1.doCall(VerifyElementTextKeyword.groovy:47)
	at com.kms.katalon.core.mobile.keyword.builtin.VerifyElementTextKeyword$_verifyElementText_closure1.call(VerifyElementTextKeyword.groovy)
	at com.kms.katalon.core.mobile.keyword.internal.MobileKeywordMain.runKeyword(MobileKeywordMain.groovy:21)
	at com.kms.katalon.core.mobile.keyword.builtin.VerifyElementTextKeyword.verifyElementText(VerifyElementTextKeyword.groovy:62)
	at com.kms.katalon.core.mobile.keyword.builtin.VerifyElementTextKeyword.execute(VerifyElementTextKeyword.groovy:39)
	at com.kms.katalon.core.keyword.internal.KeywordExecutor.executeKeywordForPlatform(KeywordExecutor.groovy:74)
	at com.kms.katalon.core.mobile.keyword.MobileBuiltInKeywords.verifyElementText(MobileBuiltInKeywords.groovy:2901)
	at com.kms.katalon.core.mobile.keyword.MobileBuiltInKeywords$verifyElementText$9.call(Unknown Source)
	at duitNow_mobileNumberTransaction.run(duitNow_mobileNumberTransaction:201)
	at com.kms.katalon.core.main.ScriptEngine.run(ScriptEngine.java:194)
	at com.kms.katalon.core.main.ScriptEngine.runScriptAsRawText(ScriptEngine.java:119)
	at com.kms.katalon.core.main.TestCaseExecutor.runScript(TestCaseExecutor.java:445)
	at com.kms.katalon.core.main.TestCaseExecutor.doExecute(TestCaseExecutor.java:436)
	at com.kms.katalon.core.main.TestCaseExecutor.processExecutionPhase(TestCaseExecutor.java:415)
	at com.kms.katalon.core.main.TestCaseExecutor.accessMainPhase(TestCaseExecutor.java:407)
	at com.kms.katalon.core.main.TestCaseExecutor.execute(TestCaseExecutor.java:284)
	at com.kms.katalon.core.common.CommonExecutor.accessTestCaseMainPhase(CommonExecutor.java:65)
	at com.kms.katalon.core.main.TestSuiteExecutor.accessTestSuiteMainPhase(TestSuiteExecutor.java:144)
	at com.kms.katalon.core.main.TestSuiteExecutor.execute(TestSuiteExecutor.java:106)
	at com.kms.katalon.core.main.TestCaseMain.startTestSuite(TestCaseMain.java:185)
	at com.kms.katalon.core.main.TestCaseMain$startTestSuite$0.call(Unknown Source)
	at TempTestSuite1655885093224.run(TempTestSuite1655885093224.groovy:36)
)

2022-06-22 16:37:17 - [MESSAGE][FAILED] - Verify element text of test object 'Object Repository/Duit Now/duitNowReferenceProxyNumberTxt' FAILED. (Root cause: org.openqa.selenium.StaleElementReferenceException: Cached elements 'By.xpath: //*[@class = 'android.widget.TextView' and (@text = '011 2233 4455' or . = '011 2233 4455')]' do not exist in DOM anymore
For documentation on this error, please visit: https://www.seleniumhq.org/exceptions/stale_element_reference.html
Build info: version: '3.141.59', revision: 'e82be7d358', time: '2018-11-14T08:25:53'
System info: host: '00139272s-MacBook-Pro.local', ip: '2001:e68:6167:d901:5dd8:2a3:885f:7e34%en0', os.name: 'Mac OS X', os.arch: 'x86_64', os.version: '10.16', java.version: '1.8.0_275'
Driver info: com.kms.katalon.core.appium.driver.SwipeableAndroidDriver
Capabilities {app: /Users/a00139272/Katalon St..., appActivity: com.maybank2u.life.MainActi..., appPackage: com.maybank2u.life.sit, appWaitActivity: *, autoGrantPermissions: true, automationName: uiautomator2, chromedriverPort: 52878, databaseEnabled: false, desired: {app: /Users/a00139272/Katalon St..., appActivity: com.maybank2u.life.MainActi..., appPackage: com.maybank2u.life.sit, appWaitActivity: *, autoGrantPermissions: true, automationName: uiautomator2, chromedriverPort: 52878, deviceId: 002b9cc60508, deviceName: Xiaomi 21061119AG (Android 11), fullReset: false, newCommandTimeout: 1800, noReset: true, platform: ANDROID, platformName: android, platformVersion: 11, systemPort: 52876, udid: 002b9cc60508}, deviceApiLevel: 30, deviceId: 002b9cc60508, deviceManufacturer: Xiaomi, deviceModel: 21061119AG, deviceName: 002b9cc60508, deviceScreenDensity: 440, deviceScreenSize: 1080x2400, deviceUDID: 002b9cc60508, fullReset: false, javascriptEnabled: true, locationContextEnabled: false, networkConnectionEnabled: true, newCommandTimeout: 1800, noReset: true, pixelRatio: 2.75, platform: ANDROID, platformName: Android, platformVersion: 11, statBarHeight: 103, systemPort: 52876, takesScreenshot: true, udid: 002b9cc60508, viewportRect: {height: 2064, left: 0, top: 103, width: 1080}, warnings: {}, webStorageEnabled: false}
Session ID: 07e0a906-f567-4646-abfd-84c6cc800d18
	at org.openqa.selenium.remote.http.W3CHttpResponseCodec.createException(W3CHttpResponseCodec.java:187)
	at org.openqa.selenium.remote.http.W3CHttpResponseCodec.decode(W3CHttpResponseCodec.java:122)
	at org.openqa.selenium.remote.http.W3CHttpResponseCodec.decode(W3CHttpResponseCodec.java:49)
	at org.openqa.selenium.remote.HttpCommandExecutor.execute(HttpCommandExecutor.java:158)
	at io.appium.java_client.remote.AppiumCommandExecutor.execute(AppiumCommandExecutor.java:239)
	at org.openqa.selenium.remote.RemoteWebDriver.execute(RemoteWebDriver.java:552)
	at io.appium.java_client.DefaultGenericMobileDriver.execute(DefaultGenericMobileDriver.java:42)
	at io.appium.java_client.AppiumDriver.execute(AppiumDriver.java:1)
	at io.appium.java_client.android.AndroidDriver.execute(AndroidDriver.java:1)
	at com.kms.katalon.core.appium.driver.SwipeableAndroidDriver.execute(SwipeableAndroidDriver.java:1)
	at org.openqa.selenium.remote.RemoteWebElement.execute(RemoteWebElement.java:285)
	at io.appium.java_client.DefaultGenericMobileElement.execute(DefaultGenericMobileElement.java:45)
	at io.appium.java_client.MobileElement.execute(MobileElement.java:1)
	at io.appium.java_client.android.AndroidElement.execute(AndroidElement.java:1)
	at org.openqa.selenium.remote.RemoteWebElement.getLocation(RemoteWebElement.java:337)
	at org.openqa.selenium.WebElement$getLocation.call(Unknown Source)
	at com.kms.katalon.core.mobile.keyword.internal.MobileAbstractKeyword.findElement(MobileAbstractKeyword.groovy:86)
	at com.kms.katalon.core.mobile.keyword.builtin.VerifyElementTextKeyword.access$1(VerifyElementTextKeyword.groovy)
	at com.kms.katalon.core.mobile.keyword.builtin.VerifyElementTextKeyword$_verifyElementText_closure1.doCall(VerifyElementTextKeyword.groovy:47)
	at com.kms.katalon.core.mobile.keyword.builtin.VerifyElementTextKeyword$_verifyElementText_closure1.call(VerifyElementTextKeyword.groovy)
	at com.kms.katalon.core.mobile.keyword.internal.MobileKeywordMain.runKeyword(MobileKeywordMain.groovy:21)
	at com.kms.katalon.core.mobile.keyword.builtin.VerifyElementTextKeyword.verifyElementText(VerifyElementTextKeyword.groovy:62)
	at com.kms.katalon.core.mobile.keyword.builtin.VerifyElementTextKeyword.execute(VerifyElementTextKeyword.groovy:39)
	at com.kms.katalon.core.keyword.internal.KeywordExecutor.executeKeywordForPlatform(KeywordExecutor.groovy:74)
	at com.kms.katalon.core.mobile.keyword.MobileBuiltInKeywords.verifyElementText(MobileBuiltInKeywords.groovy:2901)
	at com.kms.katalon.core.mobile.keyword.MobileBuiltInKeywords$verifyElementText$9.call(Unknown Source)
	at duitNow_mobileNumberTransaction.run(duitNow_mobileNumberTransaction:201)
	at com.kms.katalon.core.main.ScriptEngine.run(ScriptEngine.java:194)
	at com.kms.katalon.core.main.ScriptEngine.runScriptAsRawText(ScriptEngine.java:119)
	at com.kms.katalon.core.main.TestCaseExecutor.runScript(TestCaseExecutor.java:445)
	at com.kms.katalon.core.main.TestCaseExecutor.doExecute(TestCaseExecutor.java:436)
	at com.kms.katalon.core.main.TestCaseExecutor.processExecutionPhase(TestCaseExecutor.java:415)
	at com.kms.katalon.core.main.TestCaseExecutor.accessMainPhase(TestCaseExecutor.java:407)
	at com.kms.katalon.core.main.TestCaseExecutor.execute(TestCaseExecutor.java:284)
	at com.kms.katalon.core.common.CommonExecutor.accessTestCaseMainPhase(CommonExecutor.java:65)
	at com.kms.katalon.core.main.TestSuiteExecutor.accessTestSuiteMainPhase(TestSuiteExecutor.java:144)
	at com.kms.katalon.core.main.TestSuiteExecutor.execute(TestSuiteExecutor.java:106)
	at com.kms.katalon.core.main.TestCaseMain.startTestSuite(TestCaseMain.java:185)
	at com.kms.katalon.core.main.TestCaseMain$startTestSuite$0.call(Unknown Source)
	at TempTestSuite1655885093224.run(TempTestSuite1655885093224.groovy:36)
)

2022-06-22 16:37:17 - [TEST_STEP][PASSED] - verifyElementText(findTestObject("Duit Now/duitNowReferenceProxyTypeTxt", ["proxyType":proxyType]), proxyType): Actual text and expected text of test object 'Object Repository/Duit Now/duitNowReferenceProxyTypeTxt' are matched.

2022-06-22 16:37:21 - [MESSAGE][PASSED] - Actual text and expected text of test object 'Object Repository/Duit Now/duitNowReferenceProxyTypeTxt' are matched.

2022-06-22 16:37:21 - [TEST_STEP][FAILED] - receipientName_2 = getText(findTestObject("Duit Now/duitNowReferenceReceipientNameTxt2", ["recName":recName]), 0): Object Object Repository/Duit Now/duitNowReferenceReceipientNameTxt2 not found

2022-06-22 16:37:21 - [MESSAGE][WARNING] - Timeout '0' is invalid. Using default page load timeout: '40'

2022-06-22 16:38:01 - [MESSAGE][FAILED] - Object Object Repository/Duit Now/duitNowReferenceReceipientNameTxt2 not found

2022-06-22 16:38:01 - [TEST_STEP][FAILED] - verifyMatch(receipientName_2, $recName_1||$privName_1, true): Unable to verify match between actual text 'null' and expected text 'CAPTAIN AMERICA||XXXXXXX XXXXXXX' using regular expression (Root cause: java.lang.NullPointerException
	at com.kms.katalon.core.helper.KeywordHelper.match(KeywordHelper.java:23)
	at com.kms.katalon.core.keyword.builtin.VerifyMatchKeyword$_verifyMatch_closure1.doCall(VerifyMatchKeyword.groovy:53)
	at com.kms.katalon.core.keyword.builtin.VerifyMatchKeyword$_verifyMatch_closure1.call(VerifyMatchKeyword.groovy)
	at com.kms.katalon.core.keyword.internal.KeywordMain.runKeyword(KeywordMain.groovy:74)
	at com.kms.katalon.core.keyword.builtin.VerifyMatchKeyword.verifyMatch(VerifyMatchKeyword.groovy:60)
	at com.kms.katalon.core.keyword.builtin.VerifyMatchKeyword.execute(VerifyMatchKeyword.groovy:45)
	at com.kms.katalon.core.keyword.internal.KeywordExecutor.executeKeywordForPlatform(KeywordExecutor.groovy:74)
	at com.kms.katalon.core.keyword.BuiltinKeywords.verifyMatch(BuiltinKeywords.groovy:73)
	at duitNow_mobileNumberTransaction.run(duitNow_mobileNumberTransaction:207)
	at com.kms.katalon.core.main.ScriptEngine.run(ScriptEngine.java:194)
	at com.kms.katalon.core.main.ScriptEngine.runScriptAsRawText(ScriptEngine.java:119)
	at com.kms.katalon.core.main.TestCaseExecutor.runScript(TestCaseExecutor.java:445)
	at com.kms.katalon.core.main.TestCaseExecutor.doExecute(TestCaseExecutor.java:436)
	at com.kms.katalon.core.main.TestCaseExecutor.processExecutionPhase(TestCaseExecutor.java:415)
	at com.kms.katalon.core.main.TestCaseExecutor.accessMainPhase(TestCaseExecutor.java:407)
	at com.kms.katalon.core.main.TestCaseExecutor.execute(TestCaseExecutor.java:284)
	at com.kms.katalon.core.common.CommonExecutor.accessTestCaseMainPhase(CommonExecutor.java:65)
	at com.kms.katalon.core.main.TestSuiteExecutor.accessTestSuiteMainPhase(TestSuiteExecutor.java:144)
	at com.kms.katalon.core.main.TestSuiteExecutor.execute(TestSuiteExecutor.java:106)
	at com.kms.katalon.core.main.TestCaseMain.startTestSuite(TestCaseMain.java:185)
	at com.kms.katalon.core.main.TestCaseMain$startTestSuite$0.call(Unknown Source)
	at TempTestSuite1655885093224.run(TempTestSuite1655885093224.groovy:36)
)

2022-06-22 16:38:01 - [MESSAGE][FAILED] - Unable to verify match between actual text 'null' and expected text 'CAPTAIN AMERICA||XXXXXXX XXXXXXX' using regular expression (Root cause: java.lang.NullPointerException
	at com.kms.katalon.core.helper.KeywordHelper.match(KeywordHelper.java:23)
	at com.kms.katalon.core.keyword.builtin.VerifyMatchKeyword$_verifyMatch_closure1.doCall(VerifyMatchKeyword.groovy:53)
	at com.kms.katalon.core.keyword.builtin.VerifyMatchKeyword$_verifyMatch_closure1.call(VerifyMatchKeyword.groovy)
	at com.kms.katalon.core.keyword.internal.KeywordMain.runKeyword(KeywordMain.groovy:74)
	at com.kms.katalon.core.keyword.builtin.VerifyMatchKeyword.verifyMatch(VerifyMatchKeyword.groovy:60)
	at com.kms.katalon.core.keyword.builtin.VerifyMatchKeyword.execute(VerifyMatchKeyword.groovy:45)
	at com.kms.katalon.core.keyword.internal.KeywordExecutor.executeKeywordForPlatform(KeywordExecutor.groovy:74)
	at com.kms.katalon.core.keyword.BuiltinKeywords.verifyMatch(BuiltinKeywords.groovy:73)
	at duitNow_mobileNumberTransaction.run(duitNow_mobileNumberTransaction:207)
	at com.kms.katalon.core.main.ScriptEngine.run(ScriptEngine.java:194)
	at com.kms.katalon.core.main.ScriptEngine.runScriptAsRawText(ScriptEngine.java:119)
	at com.kms.katalon.core.main.TestCaseExecutor.runScript(TestCaseExecutor.java:445)
	at com.kms.katalon.core.main.TestCaseExecutor.doExecute(TestCaseExecutor.java:436)
	at com.kms.katalon.core.main.TestCaseExecutor.processExecutionPhase(TestCaseExecutor.java:415)
	at com.kms.katalon.core.main.TestCaseExecutor.accessMainPhase(TestCaseExecutor.java:407)
	at com.kms.katalon.core.main.TestCaseExecutor.execute(TestCaseExecutor.java:284)
	at com.kms.katalon.core.common.CommonExecutor.accessTestCaseMainPhase(CommonExecutor.java:65)
	at com.kms.katalon.core.main.TestSuiteExecutor.accessTestSuiteMainPhase(TestSuiteExecutor.java:144)
	at com.kms.katalon.core.main.TestSuiteExecutor.execute(TestSuiteExecutor.java:106)
	at com.kms.katalon.core.main.TestCaseMain.startTestSuite(TestCaseMain.java:185)
	at com.kms.katalon.core.main.TestCaseMain$startTestSuite$0.call(Unknown Source)
	at TempTestSuite1655885093224.run(TempTestSuite1655885093224.groovy:36)
)

2022-06-22 16:38:01 - [TEST_STEP][FAILED] - verifyElementExist(findTestObject("Duit Now/duitNowReferenceEnterTitleTxt"), 0): Element 'Object Repository/Duit Now/duitNowReferenceEnterTitleTxt' not found

2022-06-22 16:38:01 - [MESSAGE][WARNING] - Timeout '0' is invalid. Using default page load timeout: '40'

2022-06-22 16:38:50 - [MESSAGE][FAILED] - Element 'Object Repository/Duit Now/duitNowReferenceEnterTitleTxt' not found

2022-06-22 16:38:50 - [TEST_STEP][FAILED] - setText(findTestObject("Banking/duitNowReferenceInputField"), reference, 0): Object Object Repository/Banking/duitNowReferenceInputField not found

2022-06-22 16:38:50 - [MESSAGE][WARNING] - Timeout '0' is invalid. Using default page load timeout: '40'

2022-06-22 16:39:31 - [MESSAGE][FAILED] - Object Object Repository/Banking/duitNowReferenceInputField not found

2022-06-22 16:39:31 - [TEST_STEP][PASSED] - hideKeyboard(): Keyboard is hidden

2022-06-22 16:39:32 - [MESSAGE][PASSED] - Keyboard is hidden

2022-06-22 16:39:32 - [TEST_STEP][FAILED] - verifyElementText(findTestObject("Duit Now/duitNowReferenceContentTxt", ["reference":reference]), reference): Element 'Object Repository/Duit Now/duitNowReferenceContentTxt' not found

2022-06-22 16:40:12 - [MESSAGE][FAILED] - Element 'Object Repository/Duit Now/duitNowReferenceContentTxt' not found

2022-06-22 16:40:12 - [TEST_STEP][PASSED] - tap(findTestObject("Login Onboarding/loginExistingContinueBtn"), 0): Tapped on element 'Object Repository/Login Onboarding/loginExistingContinueBtn'

2022-06-22 16:40:12 - [MESSAGE][WARNING] - Timeout '0' is invalid. Using default page load timeout: '40'

2022-06-22 16:40:26 - [MESSAGE][PASSED] - Tapped on element 'Object Repository/Login Onboarding/loginExistingContinueBtn'

2022-06-22 16:40:26 - [TEST_STEP][PASSED] - delay(3): Delayed 3 second(s)

2022-06-22 16:40:29 - [MESSAGE][PASSED] - Delayed 3 second(s)

2022-06-22 16:40:29 - [TEST_STEP][PASSED] - if (checker == true): null

2022-06-22 16:40:29 - [TEST_STEP][FAILED] - verifyElementText(findTestObject("Duit Now/duitNowConfirmationReceipientProxyNumTxt", ["proxyNumber":proxyNumber]), proxyNumber): Element 'Object Repository/Duit Now/duitNowConfirmationReceipientProxyNumTxt' not found

2022-06-22 16:41:09 - [MESSAGE][FAILED] - Element 'Object Repository/Duit Now/duitNowConfirmationReceipientProxyNumTxt' not found

2022-06-22 16:41:09 - [TEST_STEP][FAILED] - verifyElementText(findTestObject("Duit Now/duitNowConfirmationAmountTxt", ["amount":amount]), amount): Element 'Object Repository/Duit Now/duitNowConfirmationAmountTxt' not found

2022-06-22 16:41:50 - [MESSAGE][FAILED] - Element 'Object Repository/Duit Now/duitNowConfirmationAmountTxt' not found

2022-06-22 16:41:50 - [TEST_STEP][FAILED] - verifyElementExist(findTestObject("Duit Now/duitNowConfirmationDateTitleTxt"), 0): Element 'Object Repository/Duit Now/duitNowConfirmationDateTitleTxt' not found

2022-06-22 16:41:50 - [MESSAGE][WARNING] - Timeout '0' is invalid. Using default page load timeout: '40'

2022-06-22 16:42:30 - [MESSAGE][FAILED] - Element 'Object Repository/Duit Now/duitNowConfirmationDateTitleTxt' not found

2022-06-22 16:42:30 - [TEST_STEP][FAILED] - verifyElementExist(findTestObject("Duit Now/duitNowConfirmationIDTypeTitleTxt"), 0): Element 'Object Repository/Duit Now/duitNowConfirmationIDTypeTitleTxt' not found

2022-06-22 16:42:30 - [MESSAGE][WARNING] - Timeout '0' is invalid. Using default page load timeout: '40'

2022-06-22 16:43:10 - [MESSAGE][FAILED] - Element 'Object Repository/Duit Now/duitNowConfirmationIDTypeTitleTxt' not found

2022-06-22 16:43:10 - [TEST_STEP][FAILED] - verifyElementExist(findTestObject("Duit Now/duitNowConfirmationTransferTypeTitleTxt"), 0): Element 'Object Repository/Duit Now/duitNowConfirmationTransferTypeTitleTxt' not found

2022-06-22 16:43:10 - [MESSAGE][WARNING] - Timeout '0' is invalid. Using default page load timeout: '40'

2022-06-22 16:43:50 - [MESSAGE][FAILED] - Element 'Object Repository/Duit Now/duitNowConfirmationTransferTypeTitleTxt' not found

2022-06-22 16:43:50 - [TEST_STEP][FAILED] - verifyElementExist(findTestObject("Duit Now/duitNowConfirmationPaymentDetailsTitleTxt"), 0): Element 'Object Repository/Duit Now/duitNowConfirmationPaymentDetailsTitleTxt' not found

2022-06-22 16:43:50 - [MESSAGE][WARNING] - Timeout '0' is invalid. Using default page load timeout: '40'

2022-06-22 16:44:30 - [MESSAGE][FAILED] - Element 'Object Repository/Duit Now/duitNowConfirmationPaymentDetailsTitleTxt' not found

2022-06-22 16:44:30 - [TEST_STEP][FAILED] - verifyElementExist(findTestObject("Duit Now/duitNowConfirmationReferenceTitleTxt"), 0): Element 'Object Repository/Duit Now/duitNowConfirmationReferenceTitleTxt' not found

2022-06-22 16:44:30 - [MESSAGE][WARNING] - Timeout '0' is invalid. Using default page load timeout: '40'

2022-06-22 16:45:20 - [MESSAGE][FAILED] - Element 'Object Repository/Duit Now/duitNowConfirmationReferenceTitleTxt' not found

2022-06-22 16:45:20 - [TEST_STEP][FAILED] - verifyElementExist(findTestObject("Duit Now/duitNowConfirmationServiceFeeTitleTxt"), 0): Element 'Object Repository/Duit Now/duitNowConfirmationServiceFeeTitleTxt' not found

2022-06-22 16:45:20 - [MESSAGE][WARNING] - Timeout '0' is invalid. Using default page load timeout: '40'

2022-06-22 16:46:00 - [MESSAGE][FAILED] - Element 'Object Repository/Duit Now/duitNowConfirmationServiceFeeTitleTxt' not found

2022-06-22 16:46:00 - [TEST_STEP][FAILED] - verifyElementText(findTestObject("Duit Now/duitNowConfirmationIDTypeTxt", ["proxy":proxy]), proxy): Element 'Object Repository/Duit Now/duitNowConfirmationIDTypeTxt' not found

2022-06-22 16:46:40 - [MESSAGE][FAILED] - Element 'Object Repository/Duit Now/duitNowConfirmationIDTypeTxt' not found

2022-06-22 16:46:40 - [TEST_STEP][FAILED] - verifyElementText(findTestObject("Duit Now/duitNowConfirmationReceiveDateTxt"), "Today"): Verify element text of test object 'Object Repository/Duit Now/duitNowConfirmationReceiveDateTxt' FAILED. (Root cause: org.openqa.selenium.WebDriverException: An unknown server-side error occurred while processing the command. Original error: Could not proxy command to the remote server. Original error: socket hang up
Build info: version: '3.141.59', revision: 'e82be7d358', time: '2018-11-14T08:25:53'
System info: host: '00139272s-MacBook-Pro.local', ip: '2001:e68:6167:d901:5dd8:2a3:885f:7e34%en0', os.name: 'Mac OS X', os.arch: 'x86_64', os.version: '10.16', java.version: '1.8.0_275'
Driver info: com.kms.katalon.core.appium.driver.SwipeableAndroidDriver
Capabilities {app: /Users/a00139272/Katalon St..., appActivity: com.maybank2u.life.MainActi..., appPackage: com.maybank2u.life.sit, appWaitActivity: *, autoGrantPermissions: true, automationName: uiautomator2, chromedriverPort: 52878, databaseEnabled: false, desired: {app: /Users/a00139272/Katalon St..., appActivity: com.maybank2u.life.MainActi..., appPackage: com.maybank2u.life.sit, appWaitActivity: *, autoGrantPermissions: true, automationName: uiautomator2, chromedriverPort: 52878, deviceId: 002b9cc60508, deviceName: Xiaomi 21061119AG (Android 11), fullReset: false, newCommandTimeout: 1800, noReset: true, platform: ANDROID, platformName: android, platformVersion: 11, systemPort: 52876, udid: 002b9cc60508}, deviceApiLevel: 30, deviceId: 002b9cc60508, deviceManufacturer: Xiaomi, deviceModel: 21061119AG, deviceName: 002b9cc60508, deviceScreenDensity: 440, deviceScreenSize: 1080x2400, deviceUDID: 002b9cc60508, fullReset: false, javascriptEnabled: true, locationContextEnabled: false, networkConnectionEnabled: true, newCommandTimeout: 1800, noReset: true, pixelRatio: 2.75, platform: ANDROID, platformName: Android, platformVersion: 11, statBarHeight: 103, systemPort: 52876, takesScreenshot: true, udid: 002b9cc60508, viewportRect: {height: 2064, left: 0, top: 103, width: 1080}, warnings: {}, webStorageEnabled: false}
Session ID: 07e0a906-f567-4646-abfd-84c6cc800d18
*** Element info: {Using=xpath, value=//*[@class = 'android.widget.TextView' and (@text = 'Today' or . = 'Today')]}
	at org.openqa.selenium.remote.http.W3CHttpResponseCodec.createException(W3CHttpResponseCodec.java:187)
	at org.openqa.selenium.remote.http.W3CHttpResponseCodec.decode(W3CHttpResponseCodec.java:122)
	at org.openqa.selenium.remote.http.W3CHttpResponseCodec.decode(W3CHttpResponseCodec.java:49)
	at org.openqa.selenium.remote.HttpCommandExecutor.execute(HttpCommandExecutor.java:158)
	at io.appium.java_client.remote.AppiumCommandExecutor.execute(AppiumCommandExecutor.java:239)
	at org.openqa.selenium.remote.RemoteWebDriver.execute(RemoteWebDriver.java:552)
	at io.appium.java_client.DefaultGenericMobileDriver.execute(DefaultGenericMobileDriver.java:42)
	at io.appium.java_client.AppiumDriver.execute(AppiumDriver.java:1)
	at io.appium.java_client.android.AndroidDriver.execute(AndroidDriver.java:1)
	at com.kms.katalon.core.appium.driver.SwipeableAndroidDriver.execute(SwipeableAndroidDriver.java:1)
	at org.openqa.selenium.remote.RemoteWebDriver.findElements(RemoteWebDriver.java:353)
	at io.appium.java_client.DefaultGenericMobileDriver.findElements(DefaultGenericMobileDriver.java:54)
	at io.appium.java_client.AppiumDriver.findElements(AppiumDriver.java:152)
	at org.openqa.selenium.remote.RemoteWebDriver.findElementsByXPath(RemoteWebDriver.java:432)
	at io.appium.java_client.DefaultGenericMobileDriver.findElementsByXPath(DefaultGenericMobileDriver.java:156)
	at io.appium.java_client.AppiumDriver.findElementsByXPath(AppiumDriver.java:184)
	at org.openqa.selenium.By$ByXPath.findElements(By.java:348)
	at org.openqa.selenium.remote.RemoteWebDriver.findElements(RemoteWebDriver.java:311)
	at io.appium.java_client.DefaultGenericMobileDriver.findElements(DefaultGenericMobileDriver.java:50)
	at io.appium.java_client.AppiumDriver.findElements(AppiumDriver.java:148)
	at com.kms.katalon.core.mobile.keyword.internal.MobileSearchEngine.findElementsByMobileLocator(MobileSearchEngine.java:636)
	at com.kms.katalon.core.mobile.keyword.internal.MobileSearchEngine.findWebElement(MobileSearchEngine.java:542)
	at com.kms.katalon.core.mobile.keyword.internal.MobileSearchEngine$findWebElement.call(Unknown Source)
	at com.kms.katalon.core.mobile.keyword.internal.MobileAbstractKeyword.findElement(MobileAbstractKeyword.groovy:84)
	at com.kms.katalon.core.mobile.keyword.builtin.VerifyElementTextKeyword.access$1(VerifyElementTextKeyword.groovy)
	at com.kms.katalon.core.mobile.keyword.builtin.VerifyElementTextKeyword$_verifyElementText_closure1.doCall(VerifyElementTextKeyword.groovy:47)
	at com.kms.katalon.core.mobile.keyword.builtin.VerifyElementTextKeyword$_verifyElementText_closure1.call(VerifyElementTextKeyword.groovy)
	at com.kms.katalon.core.mobile.keyword.internal.MobileKeywordMain.runKeyword(MobileKeywordMain.groovy:21)
	at com.kms.katalon.core.mobile.keyword.builtin.VerifyElementTextKeyword.verifyElementText(VerifyElementTextKeyword.groovy:62)
	at com.kms.katalon.core.mobile.keyword.builtin.VerifyElementTextKeyword.execute(VerifyElementTextKeyword.groovy:39)
	at com.kms.katalon.core.keyword.internal.KeywordExecutor.executeKeywordForPlatform(KeywordExecutor.groovy:74)
	at com.kms.katalon.core.mobile.keyword.MobileBuiltInKeywords.verifyElementText(MobileBuiltInKeywords.groovy:2901)
	at com.kms.katalon.core.mobile.keyword.MobileBuiltInKeywords$verifyElementText$9.call(Unknown Source)
	at duitNow_mobileNumberTransaction.run(duitNow_mobileNumberTransaction:251)
	at com.kms.katalon.core.main.ScriptEngine.run(ScriptEngine.java:194)
	at com.kms.katalon.core.main.ScriptEngine.runScriptAsRawText(ScriptEngine.java:119)
	at com.kms.katalon.core.main.TestCaseExecutor.runScript(TestCaseExecutor.java:445)
	at com.kms.katalon.core.main.TestCaseExecutor.doExecute(TestCaseExecutor.java:436)
	at com.kms.katalon.core.main.TestCaseExecutor.processExecutionPhase(TestCaseExecutor.java:415)
	at com.kms.katalon.core.main.TestCaseExecutor.accessMainPhase(TestCaseExecutor.java:407)
	at com.kms.katalon.core.main.TestCaseExecutor.execute(TestCaseExecutor.java:284)
	at com.kms.katalon.core.common.CommonExecutor.accessTestCaseMainPhase(CommonExecutor.java:65)
	at com.kms.katalon.core.main.TestSuiteExecutor.accessTestSuiteMainPhase(TestSuiteExecutor.java:144)
	at com.kms.katalon.core.main.TestSuiteExecutor.execute(TestSuiteExecutor.java:106)
	at com.kms.katalon.core.main.TestCaseMain.startTestSuite(TestCaseMain.java:185)
	at com.kms.katalon.core.main.TestCaseMain$startTestSuite$0.call(Unknown Source)
	at TempTestSuite1655885093224.run(TempTestSuite1655885093224.groovy:36)
)

2022-06-22 16:47:20 - [MESSAGE][FAILED] - Verify element text of test object 'Object Repository/Duit Now/duitNowConfirmationReceiveDateTxt' FAILED. (Root cause: org.openqa.selenium.WebDriverException: An unknown server-side error occurred while processing the command. Original error: Could not proxy command to the remote server. Original error: socket hang up
Build info: version: '3.141.59', revision: 'e82be7d358', time: '2018-11-14T08:25:53'
System info: host: '00139272s-MacBook-Pro.local', ip: '2001:e68:6167:d901:5dd8:2a3:885f:7e34%en0', os.name: 'Mac OS X', os.arch: 'x86_64', os.version: '10.16', java.version: '1.8.0_275'
Driver info: com.kms.katalon.core.appium.driver.SwipeableAndroidDriver
Capabilities {app: /Users/a00139272/Katalon St..., appActivity: com.maybank2u.life.MainActi..., appPackage: com.maybank2u.life.sit, appWaitActivity: *, autoGrantPermissions: true, automationName: uiautomator2, chromedriverPort: 52878, databaseEnabled: false, desired: {app: /Users/a00139272/Katalon St..., appActivity: com.maybank2u.life.MainActi..., appPackage: com.maybank2u.life.sit, appWaitActivity: *, autoGrantPermissions: true, automationName: uiautomator2, chromedriverPort: 52878, deviceId: 002b9cc60508, deviceName: Xiaomi 21061119AG (Android 11), fullReset: false, newCommandTimeout: 1800, noReset: true, platform: ANDROID, platformName: android, platformVersion: 11, systemPort: 52876, udid: 002b9cc60508}, deviceApiLevel: 30, deviceId: 002b9cc60508, deviceManufacturer: Xiaomi, deviceModel: 21061119AG, deviceName: 002b9cc60508, deviceScreenDensity: 440, deviceScreenSize: 1080x2400, deviceUDID: 002b9cc60508, fullReset: false, javascriptEnabled: true, locationContextEnabled: false, networkConnectionEnabled: true, newCommandTimeout: 1800, noReset: true, pixelRatio: 2.75, platform: ANDROID, platformName: Android, platformVersion: 11, statBarHeight: 103, systemPort: 52876, takesScreenshot: true, udid: 002b9cc60508, viewportRect: {height: 2064, left: 0, top: 103, width: 1080}, warnings: {}, webStorageEnabled: false}
Session ID: 07e0a906-f567-4646-abfd-84c6cc800d18
*** Element info: {Using=xpath, value=//*[@class = 'android.widget.TextView' and (@text = 'Today' or . = 'Today')]}
	at org.openqa.selenium.remote.http.W3CHttpResponseCodec.createException(W3CHttpResponseCodec.java:187)
	at org.openqa.selenium.remote.http.W3CHttpResponseCodec.decode(W3CHttpResponseCodec.java:122)
	at org.openqa.selenium.remote.http.W3CHttpResponseCodec.decode(W3CHttpResponseCodec.java:49)
	at org.openqa.selenium.remote.HttpCommandExecutor.execute(HttpCommandExecutor.java:158)
	at io.appium.java_client.remote.AppiumCommandExecutor.execute(AppiumCommandExecutor.java:239)
	at org.openqa.selenium.remote.RemoteWebDriver.execute(RemoteWebDriver.java:552)
	at io.appium.java_client.DefaultGenericMobileDriver.execute(DefaultGenericMobileDriver.java:42)
	at io.appium.java_client.AppiumDriver.execute(AppiumDriver.java:1)
	at io.appium.java_client.android.AndroidDriver.execute(AndroidDriver.java:1)
	at com.kms.katalon.core.appium.driver.SwipeableAndroidDriver.execute(SwipeableAndroidDriver.java:1)
	at org.openqa.selenium.remote.RemoteWebDriver.findElements(RemoteWebDriver.java:353)
	at io.appium.java_client.DefaultGenericMobileDriver.findElements(DefaultGenericMobileDriver.java:54)
	at io.appium.java_client.AppiumDriver.findElements(AppiumDriver.java:152)
	at org.openqa.selenium.remote.RemoteWebDriver.findElementsByXPath(RemoteWebDriver.java:432)
	at io.appium.java_client.DefaultGenericMobileDriver.findElementsByXPath(DefaultGenericMobileDriver.java:156)
	at io.appium.java_client.AppiumDriver.findElementsByXPath(AppiumDriver.java:184)
	at org.openqa.selenium.By$ByXPath.findElements(By.java:348)
	at org.openqa.selenium.remote.RemoteWebDriver.findElements(RemoteWebDriver.java:311)
	at io.appium.java_client.DefaultGenericMobileDriver.findElements(DefaultGenericMobileDriver.java:50)
	at io.appium.java_client.AppiumDriver.findElements(AppiumDriver.java:148)
	at com.kms.katalon.core.mobile.keyword.internal.MobileSearchEngine.findElementsByMobileLocator(MobileSearchEngine.java:636)
	at com.kms.katalon.core.mobile.keyword.internal.MobileSearchEngine.findWebElement(MobileSearchEngine.java:542)
	at com.kms.katalon.core.mobile.keyword.internal.MobileSearchEngine$findWebElement.call(Unknown Source)
	at com.kms.katalon.core.mobile.keyword.internal.MobileAbstractKeyword.findElement(MobileAbstractKeyword.groovy:84)
	at com.kms.katalon.core.mobile.keyword.builtin.VerifyElementTextKeyword.access$1(VerifyElementTextKeyword.groovy)
	at com.kms.katalon.core.mobile.keyword.builtin.VerifyElementTextKeyword$_verifyElementText_closure1.doCall(VerifyElementTextKeyword.groovy:47)
	at com.kms.katalon.core.mobile.keyword.builtin.VerifyElementTextKeyword$_verifyElementText_closure1.call(VerifyElementTextKeyword.groovy)
	at com.kms.katalon.core.mobile.keyword.internal.MobileKeywordMain.runKeyword(MobileKeywordMain.groovy:21)
	at com.kms.katalon.core.mobile.keyword.builtin.VerifyElementTextKeyword.verifyElementText(VerifyElementTextKeyword.groovy:62)
	at com.kms.katalon.core.mobile.keyword.builtin.VerifyElementTextKeyword.execute(VerifyElementTextKeyword.groovy:39)
	at com.kms.katalon.core.keyword.internal.KeywordExecutor.executeKeywordForPlatform(KeywordExecutor.groovy:74)
	at com.kms.katalon.core.mobile.keyword.MobileBuiltInKeywords.verifyElementText(MobileBuiltInKeywords.groovy:2901)
	at com.kms.katalon.core.mobile.keyword.MobileBuiltInKeywords$verifyElementText$9.call(Unknown Source)
	at duitNow_mobileNumberTransaction.run(duitNow_mobileNumberTransaction:251)
	at com.kms.katalon.core.main.ScriptEngine.run(ScriptEngine.java:194)
	at com.kms.katalon.core.main.ScriptEngine.runScriptAsRawText(ScriptEngine.java:119)
	at com.kms.katalon.core.main.TestCaseExecutor.runScript(TestCaseExecutor.java:445)
	at com.kms.katalon.core.main.TestCaseExecutor.doExecute(TestCaseExecutor.java:436)
	at com.kms.katalon.core.main.TestCaseExecutor.processExecutionPhase(TestCaseExecutor.java:415)
	at com.kms.katalon.core.main.TestCaseExecutor.accessMainPhase(TestCaseExecutor.java:407)
	at com.kms.katalon.core.main.TestCaseExecutor.execute(TestCaseExecutor.java:284)
	at com.kms.katalon.core.common.CommonExecutor.accessTestCaseMainPhase(CommonExecutor.java:65)
	at com.kms.katalon.core.main.TestSuiteExecutor.accessTestSuiteMainPhase(TestSuiteExecutor.java:144)
	at com.kms.katalon.core.main.TestSuiteExecutor.execute(TestSuiteExecutor.java:106)
	at com.kms.katalon.core.main.TestCaseMain.startTestSuite(TestCaseMain.java:185)
	at com.kms.katalon.core.main.TestCaseMain$startTestSuite$0.call(Unknown Source)
	at TempTestSuite1655885093224.run(TempTestSuite1655885093224.groovy:36)
)

2022-06-22 16:47:20 - [TEST_STEP][FAILED] - verifyElementText(findTestObject("Duit Now/duitNowConfirmationReferenceTxt", ["reference":reference]), reference): Verify element text of test object 'Object Repository/Duit Now/duitNowConfirmationReferenceTxt' FAILED. (Root cause: org.openqa.selenium.WebDriverException: An unknown server-side error occurred while processing the command. Original error: 'GET /window/current/size' cannot be proxied to UiAutomator2 server because the instrumentation process is not running (probably crashed). Check the server log and/or the logcat output for more details
Build info: version: '3.141.59', revision: 'e82be7d358', time: '2018-11-14T08:25:53'
System info: host: '00139272s-MacBook-Pro.local', ip: '2001:e68:6167:d901:5dd8:2a3:885f:7e34%en0', os.name: 'Mac OS X', os.arch: 'x86_64', os.version: '10.16', java.version: '1.8.0_275'
Driver info: com.kms.katalon.core.appium.driver.SwipeableAndroidDriver
Capabilities {app: /Users/a00139272/Katalon St..., appActivity: com.maybank2u.life.MainActi..., appPackage: com.maybank2u.life.sit, appWaitActivity: *, autoGrantPermissions: true, automationName: uiautomator2, chromedriverPort: 52878, databaseEnabled: false, desired: {app: /Users/a00139272/Katalon St..., appActivity: com.maybank2u.life.MainActi..., appPackage: com.maybank2u.life.sit, appWaitActivity: *, autoGrantPermissions: true, automationName: uiautomator2, chromedriverPort: 52878, deviceId: 002b9cc60508, deviceName: Xiaomi 21061119AG (Android 11), fullReset: false, newCommandTimeout: 1800, noReset: true, platform: ANDROID, platformName: android, platformVersion: 11, systemPort: 52876, udid: 002b9cc60508}, deviceApiLevel: 30, deviceId: 002b9cc60508, deviceManufacturer: Xiaomi, deviceModel: 21061119AG, deviceName: 002b9cc60508, deviceScreenDensity: 440, deviceScreenSize: 1080x2400, deviceUDID: 002b9cc60508, fullReset: false, javascriptEnabled: true, locationContextEnabled: false, networkConnectionEnabled: true, newCommandTimeout: 1800, noReset: true, pixelRatio: 2.75, platform: ANDROID, platformName: Android, platformVersion: 11, statBarHeight: 103, systemPort: 52876, takesScreenshot: true, udid: 002b9cc60508, viewportRect: {height: 2064, left: 0, top: 103, width: 1080}, warnings: {}, webStorageEnabled: false}
Session ID: 07e0a906-f567-4646-abfd-84c6cc800d18
	at org.openqa.selenium.remote.http.W3CHttpResponseCodec.createException(W3CHttpResponseCodec.java:187)
	at org.openqa.selenium.remote.http.W3CHttpResponseCodec.decode(W3CHttpResponseCodec.java:122)
	at org.openqa.selenium.remote.http.W3CHttpResponseCodec.decode(W3CHttpResponseCodec.java:49)
	at org.openqa.selenium.remote.HttpCommandExecutor.execute(HttpCommandExecutor.java:158)
	at io.appium.java_client.remote.AppiumCommandExecutor.execute(AppiumCommandExecutor.java:239)
	at org.openqa.selenium.remote.RemoteWebDriver.execute(RemoteWebDriver.java:552)
	at io.appium.java_client.DefaultGenericMobileDriver.execute(DefaultGenericMobileDriver.java:46)
	at io.appium.java_client.AppiumDriver.execute(AppiumDriver.java:1)
	at io.appium.java_client.android.AndroidDriver.execute(AndroidDriver.java:1)
	at com.kms.katalon.core.appium.driver.SwipeableAndroidDriver.execute(SwipeableAndroidDriver.java:1)
	at org.openqa.selenium.remote.RemoteWebDriver$RemoteWebDriverOptions$RemoteWindow.getSize(RemoteWebDriver.java:813)
	at org.openqa.selenium.WebDriver$Window$getSize.call(Unknown Source)
	at com.kms.katalon.core.mobile.keyword.internal.MobileAbstractKeyword.findElement(MobileAbstractKeyword.groovy:81)
	at com.kms.katalon.core.mobile.keyword.builtin.VerifyElementTextKeyword.access$1(VerifyElementTextKeyword.groovy)
	at com.kms.katalon.core.mobile.keyword.builtin.VerifyElementTextKeyword$_verifyElementText_closure1.doCall(VerifyElementTextKeyword.groovy:47)
	at com.kms.katalon.core.mobile.keyword.builtin.VerifyElementTextKeyword$_verifyElementText_closure1.call(VerifyElementTextKeyword.groovy)
	at com.kms.katalon.core.mobile.keyword.internal.MobileKeywordMain.runKeyword(MobileKeywordMain.groovy:21)
	at com.kms.katalon.core.mobile.keyword.builtin.VerifyElementTextKeyword.verifyElementText(VerifyElementTextKeyword.groovy:62)
	at com.kms.katalon.core.mobile.keyword.builtin.VerifyElementTextKeyword.execute(VerifyElementTextKeyword.groovy:39)
	at com.kms.katalon.core.keyword.internal.KeywordExecutor.executeKeywordForPlatform(KeywordExecutor.groovy:74)
	at com.kms.katalon.core.mobile.keyword.MobileBuiltInKeywords.verifyElementText(MobileBuiltInKeywords.groovy:2901)
	at com.kms.katalon.core.mobile.keyword.MobileBuiltInKeywords$verifyElementText$9.call(Unknown Source)
	at duitNow_mobileNumberTransaction.run(duitNow_mobileNumberTransaction:253)
	at com.kms.katalon.core.main.ScriptEngine.run(ScriptEngine.java:194)
	at com.kms.katalon.core.main.ScriptEngine.runScriptAsRawText(ScriptEngine.java:119)
	at com.kms.katalon.core.main.TestCaseExecutor.runScript(TestCaseExecutor.java:445)
	at com.kms.katalon.core.main.TestCaseExecutor.doExecute(TestCaseExecutor.java:436)
	at com.kms.katalon.core.main.TestCaseExecutor.processExecutionPhase(TestCaseExecutor.java:415)
	at com.kms.katalon.core.main.TestCaseExecutor.accessMainPhase(TestCaseExecutor.java:407)
	at com.kms.katalon.core.main.TestCaseExecutor.execute(TestCaseExecutor.java:284)
	at com.kms.katalon.core.common.CommonExecutor.accessTestCaseMainPhase(CommonExecutor.java:65)
	at com.kms.katalon.core.main.TestSuiteExecutor.accessTestSuiteMainPhase(TestSuiteExecutor.java:144)
	at com.kms.katalon.core.main.TestSuiteExecutor.execute(TestSuiteExecutor.java:106)
	at com.kms.katalon.core.main.TestCaseMain.startTestSuite(TestCaseMain.java:185)
	at com.kms.katalon.core.main.TestCaseMain$startTestSuite$0.call(Unknown Source)
	at TempTestSuite1655885093224.run(TempTestSuite1655885093224.groovy:36)
)

2022-06-22 16:47:20 - [MESSAGE][FAILED] - Verify element text of test object 'Object Repository/Duit Now/duitNowConfirmationReferenceTxt' FAILED. (Root cause: org.openqa.selenium.WebDriverException: An unknown server-side error occurred while processing the command. Original error: 'GET /window/current/size' cannot be proxied to UiAutomator2 server because the instrumentation process is not running (probably crashed). Check the server log and/or the logcat output for more details
Build info: version: '3.141.59', revision: 'e82be7d358', time: '2018-11-14T08:25:53'
System info: host: '00139272s-MacBook-Pro.local', ip: '2001:e68:6167:d901:5dd8:2a3:885f:7e34%en0', os.name: 'Mac OS X', os.arch: 'x86_64', os.version: '10.16', java.version: '1.8.0_275'
Driver info: com.kms.katalon.core.appium.driver.SwipeableAndroidDriver
Capabilities {app: /Users/a00139272/Katalon St..., appActivity: com.maybank2u.life.MainActi..., appPackage: com.maybank2u.life.sit, appWaitActivity: *, autoGrantPermissions: true, automationName: uiautomator2, chromedriverPort: 52878, databaseEnabled: false, desired: {app: /Users/a00139272/Katalon St..., appActivity: com.maybank2u.life.MainActi..., appPackage: com.maybank2u.life.sit, appWaitActivity: *, autoGrantPermissions: true, automationName: uiautomator2, chromedriverPort: 52878, deviceId: 002b9cc60508, deviceName: Xiaomi 21061119AG (Android 11), fullReset: false, newCommandTimeout: 1800, noReset: true, platform: ANDROID, platformName: android, platformVersion: 11, systemPort: 52876, udid: 002b9cc60508}, deviceApiLevel: 30, deviceId: 002b9cc60508, deviceManufacturer: Xiaomi, deviceModel: 21061119AG, deviceName: 002b9cc60508, deviceScreenDensity: 440, deviceScreenSize: 1080x2400, deviceUDID: 002b9cc60508, fullReset: false, javascriptEnabled: true, locationContextEnabled: false, networkConnectionEnabled: true, newCommandTimeout: 1800, noReset: true, pixelRatio: 2.75, platform: ANDROID, platformName: Android, platformVersion: 11, statBarHeight: 103, systemPort: 52876, takesScreenshot: true, udid: 002b9cc60508, viewportRect: {height: 2064, left: 0, top: 103, width: 1080}, warnings: {}, webStorageEnabled: false}
Session ID: 07e0a906-f567-4646-abfd-84c6cc800d18
	at org.openqa.selenium.remote.http.W3CHttpResponseCodec.createException(W3CHttpResponseCodec.java:187)
	at org.openqa.selenium.remote.http.W3CHttpResponseCodec.decode(W3CHttpResponseCodec.java:122)
	at org.openqa.selenium.remote.http.W3CHttpResponseCodec.decode(W3CHttpResponseCodec.java:49)
	at org.openqa.selenium.remote.HttpCommandExecutor.execute(HttpCommandExecutor.java:158)
	at io.appium.java_client.remote.AppiumCommandExecutor.execute(AppiumCommandExecutor.java:239)
	at org.openqa.selenium.remote.RemoteWebDriver.execute(RemoteWebDriver.java:552)
	at io.appium.java_client.DefaultGenericMobileDriver.execute(DefaultGenericMobileDriver.java:46)
	at io.appium.java_client.AppiumDriver.execute(AppiumDriver.java:1)
	at io.appium.java_client.android.AndroidDriver.execute(AndroidDriver.java:1)
	at com.kms.katalon.core.appium.driver.SwipeableAndroidDriver.execute(SwipeableAndroidDriver.java:1)
	at org.openqa.selenium.remote.RemoteWebDriver$RemoteWebDriverOptions$RemoteWindow.getSize(RemoteWebDriver.java:813)
	at org.openqa.selenium.WebDriver$Window$getSize.call(Unknown Source)
	at com.kms.katalon.core.mobile.keyword.internal.MobileAbstractKeyword.findElement(MobileAbstractKeyword.groovy:81)
	at com.kms.katalon.core.mobile.keyword.builtin.VerifyElementTextKeyword.access$1(VerifyElementTextKeyword.groovy)
	at com.kms.katalon.core.mobile.keyword.builtin.VerifyElementTextKeyword$_verifyElementText_closure1.doCall(VerifyElementTextKeyword.groovy:47)
	at com.kms.katalon.core.mobile.keyword.builtin.VerifyElementTextKeyword$_verifyElementText_closure1.call(VerifyElementTextKeyword.groovy)
	at com.kms.katalon.core.mobile.keyword.internal.MobileKeywordMain.runKeyword(MobileKeywordMain.groovy:21)
	at com.kms.katalon.core.mobile.keyword.builtin.VerifyElementTextKeyword.verifyElementText(VerifyElementTextKeyword.groovy:62)
	at com.kms.katalon.core.mobile.keyword.builtin.VerifyElementTextKeyword.execute(VerifyElementTextKeyword.groovy:39)
	at com.kms.katalon.core.keyword.internal.KeywordExecutor.executeKeywordForPlatform(KeywordExecutor.groovy:74)
	at com.kms.katalon.core.mobile.keyword.MobileBuiltInKeywords.verifyElementText(MobileBuiltInKeywords.groovy:2901)
	at com.kms.katalon.core.mobile.keyword.MobileBuiltInKeywords$verifyElementText$9.call(Unknown Source)
	at duitNow_mobileNumberTransaction.run(duitNow_mobileNumberTransaction:253)
	at com.kms.katalon.core.main.ScriptEngine.run(ScriptEngine.java:194)
	at com.kms.katalon.core.main.ScriptEngine.runScriptAsRawText(ScriptEngine.java:119)
	at com.kms.katalon.core.main.TestCaseExecutor.runScript(TestCaseExecutor.java:445)
	at com.kms.katalon.core.main.TestCaseExecutor.doExecute(TestCaseExecutor.java:436)
	at com.kms.katalon.core.main.TestCaseExecutor.processExecutionPhase(TestCaseExecutor.java:415)
	at com.kms.katalon.core.main.TestCaseExecutor.accessMainPhase(TestCaseExecutor.java:407)
	at com.kms.katalon.core.main.TestCaseExecutor.execute(TestCaseExecutor.java:284)
	at com.kms.katalon.core.common.CommonExecutor.accessTestCaseMainPhase(CommonExecutor.java:65)
	at com.kms.katalon.core.main.TestSuiteExecutor.accessTestSuiteMainPhase(TestSuiteExecutor.java:144)
	at com.kms.katalon.core.main.TestSuiteExecutor.execute(TestSuiteExecutor.java:106)
	at com.kms.katalon.core.main.TestCaseMain.startTestSuite(TestCaseMain.java:185)
	at com.kms.katalon.core.main.TestCaseMain$startTestSuite$0.call(Unknown Source)
	at TempTestSuite1655885093224.run(TempTestSuite1655885093224.groovy:36)
)

2022-06-22 16:47:20 - [TEST_STEP][FAILED] - verifyElementText(findTestObject("Duit Now/duitNowConfirmationServiceFeeAmountTxt"), "RM 0.00"): Verify element text of test object 'Object Repository/Duit Now/duitNowConfirmationServiceFeeAmountTxt' FAILED. (Root cause: org.openqa.selenium.WebDriverException: An unknown server-side error occurred while processing the command. Original error: 'GET /window/current/size' cannot be proxied to UiAutomator2 server because the instrumentation process is not running (probably crashed). Check the server log and/or the logcat output for more details
Build info: version: '3.141.59', revision: 'e82be7d358', time: '2018-11-14T08:25:53'
System info: host: '00139272s-MacBook-Pro.local', ip: '2001:e68:6167:d901:5dd8:2a3:885f:7e34%en0', os.name: 'Mac OS X', os.arch: 'x86_64', os.version: '10.16', java.version: '1.8.0_275'
Driver info: com.kms.katalon.core.appium.driver.SwipeableAndroidDriver
Capabilities {app: /Users/a00139272/Katalon St..., appActivity: com.maybank2u.life.MainActi..., appPackage: com.maybank2u.life.sit, appWaitActivity: *, autoGrantPermissions: true, automationName: uiautomator2, chromedriverPort: 52878, databaseEnabled: false, desired: {app: /Users/a00139272/Katalon St..., appActivity: com.maybank2u.life.MainActi..., appPackage: com.maybank2u.life.sit, appWaitActivity: *, autoGrantPermissions: true, automationName: uiautomator2, chromedriverPort: 52878, deviceId: 002b9cc60508, deviceName: Xiaomi 21061119AG (Android 11), fullReset: false, newCommandTimeout: 1800, noReset: true, platform: ANDROID, platformName: android, platformVersion: 11, systemPort: 52876, udid: 002b9cc60508}, deviceApiLevel: 30, deviceId: 002b9cc60508, deviceManufacturer: Xiaomi, deviceModel: 21061119AG, deviceName: 002b9cc60508, deviceScreenDensity: 440, deviceScreenSize: 1080x2400, deviceUDID: 002b9cc60508, fullReset: false, javascriptEnabled: true, locationContextEnabled: false, networkConnectionEnabled: true, newCommandTimeout: 1800, noReset: true, pixelRatio: 2.75, platform: ANDROID, platformName: Android, platformVersion: 11, statBarHeight: 103, systemPort: 52876, takesScreenshot: true, udid: 002b9cc60508, viewportRect: {height: 2064, left: 0, top: 103, width: 1080}, warnings: {}, webStorageEnabled: false}
Session ID: 07e0a906-f567-4646-abfd-84c6cc800d18
	at org.openqa.selenium.remote.http.W3CHttpResponseCodec.createException(W3CHttpResponseCodec.java:187)
	at org.openqa.selenium.remote.http.W3CHttpResponseCodec.decode(W3CHttpResponseCodec.java:122)
	at org.openqa.selenium.remote.http.W3CHttpResponseCodec.decode(W3CHttpResponseCodec.java:49)
	at org.openqa.selenium.remote.HttpCommandExecutor.execute(HttpCommandExecutor.java:158)
	at io.appium.java_client.remote.AppiumCommandExecutor.execute(AppiumCommandExecutor.java:239)
	at org.openqa.selenium.remote.RemoteWebDriver.execute(RemoteWebDriver.java:552)
	at io.appium.java_client.DefaultGenericMobileDriver.execute(DefaultGenericMobileDriver.java:46)
	at io.appium.java_client.AppiumDriver.execute(AppiumDriver.java:1)
	at io.appium.java_client.android.AndroidDriver.execute(AndroidDriver.java:1)
	at com.kms.katalon.core.appium.driver.SwipeableAndroidDriver.execute(SwipeableAndroidDriver.java:1)
	at org.openqa.selenium.remote.RemoteWebDriver$RemoteWebDriverOptions$RemoteWindow.getSize(RemoteWebDriver.java:813)
	at org.openqa.selenium.WebDriver$Window$getSize.call(Unknown Source)
	at com.kms.katalon.core.mobile.keyword.internal.MobileAbstractKeyword.findElement(MobileAbstractKeyword.groovy:81)
	at com.kms.katalon.core.mobile.keyword.builtin.VerifyElementTextKeyword.access$1(VerifyElementTextKeyword.groovy)
	at com.kms.katalon.core.mobile.keyword.builtin.VerifyElementTextKeyword$_verifyElementText_closure1.doCall(VerifyElementTextKeyword.groovy:47)
	at com.kms.katalon.core.mobile.keyword.builtin.VerifyElementTextKeyword$_verifyElementText_closure1.call(VerifyElementTextKeyword.groovy)
	at com.kms.katalon.core.mobile.keyword.internal.MobileKeywordMain.runKeyword(MobileKeywordMain.groovy:21)
	at com.kms.katalon.core.mobile.keyword.builtin.VerifyElementTextKeyword.verifyElementText(VerifyElementTextKeyword.groovy:62)
	at com.kms.katalon.core.mobile.keyword.builtin.VerifyElementTextKeyword.execute(VerifyElementTextKeyword.groovy:39)
	at com.kms.katalon.core.keyword.internal.KeywordExecutor.executeKeywordForPlatform(KeywordExecutor.groovy:74)
	at com.kms.katalon.core.mobile.keyword.MobileBuiltInKeywords.verifyElementText(MobileBuiltInKeywords.groovy:2901)
	at com.kms.katalon.core.mobile.keyword.MobileBuiltInKeywords$verifyElementText$9.call(Unknown Source)
	at duitNow_mobileNumberTransaction.run(duitNow_mobileNumberTransaction:255)
	at com.kms.katalon.core.main.ScriptEngine.run(ScriptEngine.java:194)
	at com.kms.katalon.core.main.ScriptEngine.runScriptAsRawText(ScriptEngine.java:119)
	at com.kms.katalon.core.main.TestCaseExecutor.runScript(TestCaseExecutor.java:445)
	at com.kms.katalon.core.main.TestCaseExecutor.doExecute(TestCaseExecutor.java:436)
	at com.kms.katalon.core.main.TestCaseExecutor.processExecutionPhase(TestCaseExecutor.java:415)
	at com.kms.katalon.core.main.TestCaseExecutor.accessMainPhase(TestCaseExecutor.java:407)
	at com.kms.katalon.core.main.TestCaseExecutor.execute(TestCaseExecutor.java:284)
	at com.kms.katalon.core.common.CommonExecutor.accessTestCaseMainPhase(CommonExecutor.java:65)
	at com.kms.katalon.core.main.TestSuiteExecutor.accessTestSuiteMainPhase(TestSuiteExecutor.java:144)
	at com.kms.katalon.core.main.TestSuiteExecutor.execute(TestSuiteExecutor.java:106)
	at com.kms.katalon.core.main.TestCaseMain.startTestSuite(TestCaseMain.java:185)
	at com.kms.katalon.core.main.TestCaseMain$startTestSuite$0.call(Unknown Source)
	at TempTestSuite1655885093224.run(TempTestSuite1655885093224.groovy:36)
)

2022-06-22 16:47:20 - [MESSAGE][FAILED] - Verify element text of test object 'Object Repository/Duit Now/duitNowConfirmationServiceFeeAmountTxt' FAILED. (Root cause: org.openqa.selenium.WebDriverException: An unknown server-side error occurred while processing the command. Original error: 'GET /window/current/size' cannot be proxied to UiAutomator2 server because the instrumentation process is not running (probably crashed). Check the server log and/or the logcat output for more details
Build info: version: '3.141.59', revision: 'e82be7d358', time: '2018-11-14T08:25:53'
System info: host: '00139272s-MacBook-Pro.local', ip: '2001:e68:6167:d901:5dd8:2a3:885f:7e34%en0', os.name: 'Mac OS X', os.arch: 'x86_64', os.version: '10.16', java.version: '1.8.0_275'
Driver info: com.kms.katalon.core.appium.driver.SwipeableAndroidDriver
Capabilities {app: /Users/a00139272/Katalon St..., appActivity: com.maybank2u.life.MainActi..., appPackage: com.maybank2u.life.sit, appWaitActivity: *, autoGrantPermissions: true, automationName: uiautomator2, chromedriverPort: 52878, databaseEnabled: false, desired: {app: /Users/a00139272/Katalon St..., appActivity: com.maybank2u.life.MainActi..., appPackage: com.maybank2u.life.sit, appWaitActivity: *, autoGrantPermissions: true, automationName: uiautomator2, chromedriverPort: 52878, deviceId: 002b9cc60508, deviceName: Xiaomi 21061119AG (Android 11), fullReset: false, newCommandTimeout: 1800, noReset: true, platform: ANDROID, platformName: android, platformVersion: 11, systemPort: 52876, udid: 002b9cc60508}, deviceApiLevel: 30, deviceId: 002b9cc60508, deviceManufacturer: Xiaomi, deviceModel: 21061119AG, deviceName: 002b9cc60508, deviceScreenDensity: 440, deviceScreenSize: 1080x2400, deviceUDID: 002b9cc60508, fullReset: false, javascriptEnabled: true, locationContextEnabled: false, networkConnectionEnabled: true, newCommandTimeout: 1800, noReset: true, pixelRatio: 2.75, platform: ANDROID, platformName: Android, platformVersion: 11, statBarHeight: 103, systemPort: 52876, takesScreenshot: true, udid: 002b9cc60508, viewportRect: {height: 2064, left: 0, top: 103, width: 1080}, warnings: {}, webStorageEnabled: false}
Session ID: 07e0a906-f567-4646-abfd-84c6cc800d18
	at org.openqa.selenium.remote.http.W3CHttpResponseCodec.createException(W3CHttpResponseCodec.java:187)
	at org.openqa.selenium.remote.http.W3CHttpResponseCodec.decode(W3CHttpResponseCodec.java:122)
	at org.openqa.selenium.remote.http.W3CHttpResponseCodec.decode(W3CHttpResponseCodec.java:49)
	at org.openqa.selenium.remote.HttpCommandExecutor.execute(HttpCommandExecutor.java:158)
	at io.appium.java_client.remote.AppiumCommandExecutor.execute(AppiumCommandExecutor.java:239)
	at org.openqa.selenium.remote.RemoteWebDriver.execute(RemoteWebDriver.java:552)
	at io.appium.java_client.DefaultGenericMobileDriver.execute(DefaultGenericMobileDriver.java:46)
	at io.appium.java_client.AppiumDriver.execute(AppiumDriver.java:1)
	at io.appium.java_client.android.AndroidDriver.execute(AndroidDriver.java:1)
	at com.kms.katalon.core.appium.driver.SwipeableAndroidDriver.execute(SwipeableAndroidDriver.java:1)
	at org.openqa.selenium.remote.RemoteWebDriver$RemoteWebDriverOptions$RemoteWindow.getSize(RemoteWebDriver.java:813)
	at org.openqa.selenium.WebDriver$Window$getSize.call(Unknown Source)
	at com.kms.katalon.core.mobile.keyword.internal.MobileAbstractKeyword.findElement(MobileAbstractKeyword.groovy:81)
	at com.kms.katalon.core.mobile.keyword.builtin.VerifyElementTextKeyword.access$1(VerifyElementTextKeyword.groovy)
	at com.kms.katalon.core.mobile.keyword.builtin.VerifyElementTextKeyword$_verifyElementText_closure1.doCall(VerifyElementTextKeyword.groovy:47)
	at com.kms.katalon.core.mobile.keyword.builtin.VerifyElementTextKeyword$_verifyElementText_closure1.call(VerifyElementTextKeyword.groovy)
	at com.kms.katalon.core.mobile.keyword.internal.MobileKeywordMain.runKeyword(MobileKeywordMain.groovy:21)
	at com.kms.katalon.core.mobile.keyword.builtin.VerifyElementTextKeyword.verifyElementText(VerifyElementTextKeyword.groovy:62)
	at com.kms.katalon.core.mobile.keyword.builtin.VerifyElementTextKeyword.execute(VerifyElementTextKeyword.groovy:39)
	at com.kms.katalon.core.keyword.internal.KeywordExecutor.executeKeywordForPlatform(KeywordExecutor.groovy:74)
	at com.kms.katalon.core.mobile.keyword.MobileBuiltInKeywords.verifyElementText(MobileBuiltInKeywords.groovy:2901)
	at com.kms.katalon.core.mobile.keyword.MobileBuiltInKeywords$verifyElementText$9.call(Unknown Source)
	at duitNow_mobileNumberTransaction.run(duitNow_mobileNumberTransaction:255)
	at com.kms.katalon.core.main.ScriptEngine.run(ScriptEngine.java:194)
	at com.kms.katalon.core.main.ScriptEngine.runScriptAsRawText(ScriptEngine.java:119)
	at com.kms.katalon.core.main.TestCaseExecutor.runScript(TestCaseExecutor.java:445)
	at com.kms.katalon.core.main.TestCaseExecutor.doExecute(TestCaseExecutor.java:436)
	at com.kms.katalon.core.main.TestCaseExecutor.processExecutionPhase(TestCaseExecutor.java:415)
	at com.kms.katalon.core.main.TestCaseExecutor.accessMainPhase(TestCaseExecutor.java:407)
	at com.kms.katalon.core.main.TestCaseExecutor.execute(TestCaseExecutor.java:284)
	at com.kms.katalon.core.common.CommonExecutor.accessTestCaseMainPhase(CommonExecutor.java:65)
	at com.kms.katalon.core.main.TestSuiteExecutor.accessTestSuiteMainPhase(TestSuiteExecutor.java:144)
	at com.kms.katalon.core.main.TestSuiteExecutor.execute(TestSuiteExecutor.java:106)
	at com.kms.katalon.core.main.TestCaseMain.startTestSuite(TestCaseMain.java:185)
	at com.kms.katalon.core.main.TestCaseMain$startTestSuite$0.call(Unknown Source)
	at TempTestSuite1655885093224.run(TempTestSuite1655885093224.groovy:36)
)

2022-06-22 16:47:20 - [TEST_STEP][FAILED] - tap(findTestObject("Duit Now/duitNowConfirmationPaymentDetailsGreyWordTxt"), 0): Failed to tap on element 'Object Repository/Duit Now/duitNowConfirmationPaymentDetailsGreyWordTxt' (Root cause: org.openqa.selenium.WebDriverException: An unknown server-side error occurred while processing the command. Original error: 'GET /window/current/size' cannot be proxied to UiAutomator2 server because the instrumentation process is not running (probably crashed). Check the server log and/or the logcat output for more details
Build info: version: '3.141.59', revision: 'e82be7d358', time: '2018-11-14T08:25:53'
System info: host: '00139272s-MacBook-Pro.local', ip: '2001:e68:6167:d901:5dd8:2a3:885f:7e34%en0', os.name: 'Mac OS X', os.arch: 'x86_64', os.version: '10.16', java.version: '1.8.0_275'
Driver info: com.kms.katalon.core.appium.driver.SwipeableAndroidDriver
Capabilities {app: /Users/a00139272/Katalon St..., appActivity: com.maybank2u.life.MainActi..., appPackage: com.maybank2u.life.sit, appWaitActivity: *, autoGrantPermissions: true, automationName: uiautomator2, chromedriverPort: 52878, databaseEnabled: false, desired: {app: /Users/a00139272/Katalon St..., appActivity: com.maybank2u.life.MainActi..., appPackage: com.maybank2u.life.sit, appWaitActivity: *, autoGrantPermissions: true, automationName: uiautomator2, chromedriverPort: 52878, deviceId: 002b9cc60508, deviceName: Xiaomi 21061119AG (Android 11), fullReset: false, newCommandTimeout: 1800, noReset: true, platform: ANDROID, platformName: android, platformVersion: 11, systemPort: 52876, udid: 002b9cc60508}, deviceApiLevel: 30, deviceId: 002b9cc60508, deviceManufacturer: Xiaomi, deviceModel: 21061119AG, deviceName: 002b9cc60508, deviceScreenDensity: 440, deviceScreenSize: 1080x2400, deviceUDID: 002b9cc60508, fullReset: false, javascriptEnabled: true, locationContextEnabled: false, networkConnectionEnabled: true, newCommandTimeout: 1800, noReset: true, pixelRatio: 2.75, platform: ANDROID, platformName: Android, platformVersion: 11, statBarHeight: 103, systemPort: 52876, takesScreenshot: true, udid: 002b9cc60508, viewportRect: {height: 2064, left: 0, top: 103, width: 1080}, warnings: {}, webStorageEnabled: false}
Session ID: 07e0a906-f567-4646-abfd-84c6cc800d18
	at org.openqa.selenium.remote.http.W3CHttpResponseCodec.createException(W3CHttpResponseCodec.java:187)
	at org.openqa.selenium.remote.http.W3CHttpResponseCodec.decode(W3CHttpResponseCodec.java:122)
	at org.openqa.selenium.remote.http.W3CHttpResponseCodec.decode(W3CHttpResponseCodec.java:49)
	at org.openqa.selenium.remote.HttpCommandExecutor.execute(HttpCommandExecutor.java:158)
	at io.appium.java_client.remote.AppiumCommandExecutor.execute(AppiumCommandExecutor.java:239)
	at org.openqa.selenium.remote.RemoteWebDriver.execute(RemoteWebDriver.java:552)
	at io.appium.java_client.DefaultGenericMobileDriver.execute(DefaultGenericMobileDriver.java:46)
	at io.appium.java_client.AppiumDriver.execute(AppiumDriver.java:1)
	at io.appium.java_client.android.AndroidDriver.execute(AndroidDriver.java:1)
	at com.kms.katalon.core.appium.driver.SwipeableAndroidDriver.execute(SwipeableAndroidDriver.java:1)
	at org.openqa.selenium.remote.RemoteWebDriver$RemoteWebDriverOptions$RemoteWindow.getSize(RemoteWebDriver.java:813)
	at org.openqa.selenium.WebDriver$Window$getSize.call(Unknown Source)
	at com.kms.katalon.core.mobile.keyword.internal.MobileAbstractKeyword.findElement(MobileAbstractKeyword.groovy:81)
	at com.kms.katalon.core.mobile.keyword.builtin.TapKeyword.access$1(TapKeyword.groovy)
	at com.kms.katalon.core.mobile.keyword.builtin.TapKeyword$_tap_closure1.doCall(TapKeyword.groovy:76)
	at com.kms.katalon.core.mobile.keyword.builtin.TapKeyword$_tap_closure1.call(TapKeyword.groovy)
	at com.kms.katalon.core.mobile.keyword.internal.MobileKeywordMain.runKeyword(MobileKeywordMain.groovy:21)
	at com.kms.katalon.core.mobile.keyword.builtin.TapKeyword.tap(TapKeyword.groovy:84)
	at com.kms.katalon.core.mobile.keyword.builtin.TapKeyword.execute(TapKeyword.groovy:68)
	at com.kms.katalon.core.keyword.internal.KeywordExecutor.executeKeywordForPlatform(KeywordExecutor.groovy:74)
	at com.kms.katalon.core.mobile.keyword.MobileBuiltInKeywords.tap(MobileBuiltInKeywords.groovy:1490)
	at com.kms.katalon.core.mobile.keyword.MobileBuiltInKeywords$tap$4.call(Unknown Source)
	at duitNow_mobileNumberTransaction.run(duitNow_mobileNumberTransaction:257)
	at com.kms.katalon.core.main.ScriptEngine.run(ScriptEngine.java:194)
	at com.kms.katalon.core.main.ScriptEngine.runScriptAsRawText(ScriptEngine.java:119)
	at com.kms.katalon.core.main.TestCaseExecutor.runScript(TestCaseExecutor.java:445)
	at com.kms.katalon.core.main.TestCaseExecutor.doExecute(TestCaseExecutor.java:436)
	at com.kms.katalon.core.main.TestCaseExecutor.processExecutionPhase(TestCaseExecutor.java:415)
	at com.kms.katalon.core.main.TestCaseExecutor.accessMainPhase(TestCaseExecutor.java:407)
	at com.kms.katalon.core.main.TestCaseExecutor.execute(TestCaseExecutor.java:284)
	at com.kms.katalon.core.common.CommonExecutor.accessTestCaseMainPhase(CommonExecutor.java:65)
	at com.kms.katalon.core.main.TestSuiteExecutor.accessTestSuiteMainPhase(TestSuiteExecutor.java:144)
	at com.kms.katalon.core.main.TestSuiteExecutor.execute(TestSuiteExecutor.java:106)
	at com.kms.katalon.core.main.TestCaseMain.startTestSuite(TestCaseMain.java:185)
	at com.kms.katalon.core.main.TestCaseMain$startTestSuite$0.call(Unknown Source)
	at TempTestSuite1655885093224.run(TempTestSuite1655885093224.groovy:36)
)

2022-06-22 16:47:20 - [MESSAGE][WARNING] - Timeout '0' is invalid. Using default page load timeout: '40'

2022-06-22 16:47:20 - [MESSAGE][FAILED] - Failed to tap on element 'Object Repository/Duit Now/duitNowConfirmationPaymentDetailsGreyWordTxt' (Root cause: org.openqa.selenium.WebDriverException: An unknown server-side error occurred while processing the command. Original error: 'GET /window/current/size' cannot be proxied to UiAutomator2 server because the instrumentation process is not running (probably crashed). Check the server log and/or the logcat output for more details
Build info: version: '3.141.59', revision: 'e82be7d358', time: '2018-11-14T08:25:53'
System info: host: '00139272s-MacBook-Pro.local', ip: '2001:e68:6167:d901:5dd8:2a3:885f:7e34%en0', os.name: 'Mac OS X', os.arch: 'x86_64', os.version: '10.16', java.version: '1.8.0_275'
Driver info: com.kms.katalon.core.appium.driver.SwipeableAndroidDriver
Capabilities {app: /Users/a00139272/Katalon St..., appActivity: com.maybank2u.life.MainActi..., appPackage: com.maybank2u.life.sit, appWaitActivity: *, autoGrantPermissions: true, automationName: uiautomator2, chromedriverPort: 52878, databaseEnabled: false, desired: {app: /Users/a00139272/Katalon St..., appActivity: com.maybank2u.life.MainActi..., appPackage: com.maybank2u.life.sit, appWaitActivity: *, autoGrantPermissions: true, automationName: uiautomator2, chromedriverPort: 52878, deviceId: 002b9cc60508, deviceName: Xiaomi 21061119AG (Android 11), fullReset: false, newCommandTimeout: 1800, noReset: true, platform: ANDROID, platformName: android, platformVersion: 11, systemPort: 52876, udid: 002b9cc60508}, deviceApiLevel: 30, deviceId: 002b9cc60508, deviceManufacturer: Xiaomi, deviceModel: 21061119AG, deviceName: 002b9cc60508, deviceScreenDensity: 440, deviceScreenSize: 1080x2400, deviceUDID: 002b9cc60508, fullReset: false, javascriptEnabled: true, locationContextEnabled: false, networkConnectionEnabled: true, newCommandTimeout: 1800, noReset: true, pixelRatio: 2.75, platform: ANDROID, platformName: Android, platformVersion: 11, statBarHeight: 103, systemPort: 52876, takesScreenshot: true, udid: 002b9cc60508, viewportRect: {height: 2064, left: 0, top: 103, width: 1080}, warnings: {}, webStorageEnabled: false}
Session ID: 07e0a906-f567-4646-abfd-84c6cc800d18
	at org.openqa.selenium.remote.http.W3CHttpResponseCodec.createException(W3CHttpResponseCodec.java:187)
	at org.openqa.selenium.remote.http.W3CHttpResponseCodec.decode(W3CHttpResponseCodec.java:122)
	at org.openqa.selenium.remote.http.W3CHttpResponseCodec.decode(W3CHttpResponseCodec.java:49)
	at org.openqa.selenium.remote.HttpCommandExecutor.execute(HttpCommandExecutor.java:158)
	at io.appium.java_client.remote.AppiumCommandExecutor.execute(AppiumCommandExecutor.java:239)
	at org.openqa.selenium.remote.RemoteWebDriver.execute(RemoteWebDriver.java:552)
	at io.appium.java_client.DefaultGenericMobileDriver.execute(DefaultGenericMobileDriver.java:46)
	at io.appium.java_client.AppiumDriver.execute(AppiumDriver.java:1)
	at io.appium.java_client.android.AndroidDriver.execute(AndroidDriver.java:1)
	at com.kms.katalon.core.appium.driver.SwipeableAndroidDriver.execute(SwipeableAndroidDriver.java:1)
	at org.openqa.selenium.remote.RemoteWebDriver$RemoteWebDriverOptions$RemoteWindow.getSize(RemoteWebDriver.java:813)
	at org.openqa.selenium.WebDriver$Window$getSize.call(Unknown Source)
	at com.kms.katalon.core.mobile.keyword.internal.MobileAbstractKeyword.findElement(MobileAbstractKeyword.groovy:81)
	at com.kms.katalon.core.mobile.keyword.builtin.TapKeyword.access$1(TapKeyword.groovy)
	at com.kms.katalon.core.mobile.keyword.builtin.TapKeyword$_tap_closure1.doCall(TapKeyword.groovy:76)
	at com.kms.katalon.core.mobile.keyword.builtin.TapKeyword$_tap_closure1.call(TapKeyword.groovy)
	at com.kms.katalon.core.mobile.keyword.internal.MobileKeywordMain.runKeyword(MobileKeywordMain.groovy:21)
	at com.kms.katalon.core.mobile.keyword.builtin.TapKeyword.tap(TapKeyword.groovy:84)
	at com.kms.katalon.core.mobile.keyword.builtin.TapKeyword.execute(TapKeyword.groovy:68)
	at com.kms.katalon.core.keyword.internal.KeywordExecutor.executeKeywordForPlatform(KeywordExecutor.groovy:74)
	at com.kms.katalon.core.mobile.keyword.MobileBuiltInKeywords.tap(MobileBuiltInKeywords.groovy:1490)
	at com.kms.katalon.core.mobile.keyword.MobileBuiltInKeywords$tap$4.call(Unknown Source)
	at duitNow_mobileNumberTransaction.run(duitNow_mobileNumberTransaction:257)
	at com.kms.katalon.core.main.ScriptEngine.run(ScriptEngine.java:194)
	at com.kms.katalon.core.main.ScriptEngine.runScriptAsRawText(ScriptEngine.java:119)
	at com.kms.katalon.core.main.TestCaseExecutor.runScript(TestCaseExecutor.java:445)
	at com.kms.katalon.core.main.TestCaseExecutor.doExecute(TestCaseExecutor.java:436)
	at com.kms.katalon.core.main.TestCaseExecutor.processExecutionPhase(TestCaseExecutor.java:415)
	at com.kms.katalon.core.main.TestCaseExecutor.accessMainPhase(TestCaseExecutor.java:407)
	at com.kms.katalon.core.main.TestCaseExecutor.execute(TestCaseExecutor.java:284)
	at com.kms.katalon.core.common.CommonExecutor.accessTestCaseMainPhase(CommonExecutor.java:65)
	at com.kms.katalon.core.main.TestSuiteExecutor.accessTestSuiteMainPhase(TestSuiteExecutor.java:144)
	at com.kms.katalon.core.main.TestSuiteExecutor.execute(TestSuiteExecutor.java:106)
	at com.kms.katalon.core.main.TestCaseMain.startTestSuite(TestCaseMain.java:185)
	at com.kms.katalon.core.main.TestCaseMain$startTestSuite$0.call(Unknown Source)
	at TempTestSuite1655885093224.run(TempTestSuite1655885093224.groovy:36)
)

2022-06-22 16:47:20 - [TEST_STEP][FAILED] - setText(findTestObject("Duit Now/duitNowConfirmationPaymentDetailsGreyWordTxt"), details, 0): Failed to set text into element (Root cause: org.openqa.selenium.WebDriverException: An unknown server-side error occurred while processing the command. Original error: 'GET /window/current/size' cannot be proxied to UiAutomator2 server because the instrumentation process is not running (probably crashed). Check the server log and/or the logcat output for more details
Build info: version: '3.141.59', revision: 'e82be7d358', time: '2018-11-14T08:25:53'
System info: host: '00139272s-MacBook-Pro.local', ip: '2001:e68:6167:d901:5dd8:2a3:885f:7e34%en0', os.name: 'Mac OS X', os.arch: 'x86_64', os.version: '10.16', java.version: '1.8.0_275'
Driver info: com.kms.katalon.core.appium.driver.SwipeableAndroidDriver
Capabilities {app: /Users/a00139272/Katalon St..., appActivity: com.maybank2u.life.MainActi..., appPackage: com.maybank2u.life.sit, appWaitActivity: *, autoGrantPermissions: true, automationName: uiautomator2, chromedriverPort: 52878, databaseEnabled: false, desired: {app: /Users/a00139272/Katalon St..., appActivity: com.maybank2u.life.MainActi..., appPackage: com.maybank2u.life.sit, appWaitActivity: *, autoGrantPermissions: true, automationName: uiautomator2, chromedriverPort: 52878, deviceId: 002b9cc60508, deviceName: Xiaomi 21061119AG (Android 11), fullReset: false, newCommandTimeout: 1800, noReset: true, platform: ANDROID, platformName: android, platformVersion: 11, systemPort: 52876, udid: 002b9cc60508}, deviceApiLevel: 30, deviceId: 002b9cc60508, deviceManufacturer: Xiaomi, deviceModel: 21061119AG, deviceName: 002b9cc60508, deviceScreenDensity: 440, deviceScreenSize: 1080x2400, deviceUDID: 002b9cc60508, fullReset: false, javascriptEnabled: true, locationContextEnabled: false, networkConnectionEnabled: true, newCommandTimeout: 1800, noReset: true, pixelRatio: 2.75, platform: ANDROID, platformName: Android, platformVersion: 11, statBarHeight: 103, systemPort: 52876, takesScreenshot: true, udid: 002b9cc60508, viewportRect: {height: 2064, left: 0, top: 103, width: 1080}, warnings: {}, webStorageEnabled: false}
Session ID: 07e0a906-f567-4646-abfd-84c6cc800d18
	at org.openqa.selenium.remote.http.W3CHttpResponseCodec.createException(W3CHttpResponseCodec.java:187)
	at org.openqa.selenium.remote.http.W3CHttpResponseCodec.decode(W3CHttpResponseCodec.java:122)
	at org.openqa.selenium.remote.http.W3CHttpResponseCodec.decode(W3CHttpResponseCodec.java:49)
	at org.openqa.selenium.remote.HttpCommandExecutor.execute(HttpCommandExecutor.java:158)
	at io.appium.java_client.remote.AppiumCommandExecutor.execute(AppiumCommandExecutor.java:239)
	at org.openqa.selenium.remote.RemoteWebDriver.execute(RemoteWebDriver.java:552)
	at io.appium.java_client.DefaultGenericMobileDriver.execute(DefaultGenericMobileDriver.java:46)
	at io.appium.java_client.AppiumDriver.execute(AppiumDriver.java:1)
	at io.appium.java_client.android.AndroidDriver.execute(AndroidDriver.java:1)
	at com.kms.katalon.core.appium.driver.SwipeableAndroidDriver.execute(SwipeableAndroidDriver.java:1)
	at org.openqa.selenium.remote.RemoteWebDriver$RemoteWebDriverOptions$RemoteWindow.getSize(RemoteWebDriver.java:813)
	at org.openqa.selenium.WebDriver$Window$getSize.call(Unknown Source)
	at com.kms.katalon.core.mobile.keyword.internal.MobileAbstractKeyword.findElement(MobileAbstractKeyword.groovy:81)
	at com.kms.katalon.core.mobile.keyword.builtin.SetTextKeyword.access$1(SetTextKeyword.groovy)
	at com.kms.katalon.core.mobile.keyword.builtin.SetTextKeyword$_setText_closure1.doCall(SetTextKeyword.groovy:74)
	at com.kms.katalon.core.mobile.keyword.builtin.SetTextKeyword$_setText_closure1.call(SetTextKeyword.groovy)
	at com.kms.katalon.core.mobile.keyword.internal.MobileKeywordMain.runKeyword(MobileKeywordMain.groovy:21)
	at com.kms.katalon.core.mobile.keyword.builtin.SetTextKeyword.setText(SetTextKeyword.groovy:83)
	at com.kms.katalon.core.mobile.keyword.builtin.SetTextKeyword.execute(SetTextKeyword.groovy:66)
	at com.kms.katalon.core.keyword.internal.KeywordExecutor.executeKeywordForPlatform(KeywordExecutor.groovy:74)
	at com.kms.katalon.core.mobile.keyword.MobileBuiltInKeywords.setText(MobileBuiltInKeywords.groovy:1307)
	at com.kms.katalon.core.mobile.keyword.MobileBuiltInKeywords$setText$6.call(Unknown Source)
	at duitNow_mobileNumberTransaction.run(duitNow_mobileNumberTransaction:259)
	at com.kms.katalon.core.main.ScriptEngine.run(ScriptEngine.java:194)
	at com.kms.katalon.core.main.ScriptEngine.runScriptAsRawText(ScriptEngine.java:119)
	at com.kms.katalon.core.main.TestCaseExecutor.runScript(TestCaseExecutor.java:445)
	at com.kms.katalon.core.main.TestCaseExecutor.doExecute(TestCaseExecutor.java:436)
	at com.kms.katalon.core.main.TestCaseExecutor.processExecutionPhase(TestCaseExecutor.java:415)
	at com.kms.katalon.core.main.TestCaseExecutor.accessMainPhase(TestCaseExecutor.java:407)
	at com.kms.katalon.core.main.TestCaseExecutor.execute(TestCaseExecutor.java:284)
	at com.kms.katalon.core.common.CommonExecutor.accessTestCaseMainPhase(CommonExecutor.java:65)
	at com.kms.katalon.core.main.TestSuiteExecutor.accessTestSuiteMainPhase(TestSuiteExecutor.java:144)
	at com.kms.katalon.core.main.TestSuiteExecutor.execute(TestSuiteExecutor.java:106)
	at com.kms.katalon.core.main.TestCaseMain.startTestSuite(TestCaseMain.java:185)
	at com.kms.katalon.core.main.TestCaseMain$startTestSuite$0.call(Unknown Source)
	at TempTestSuite1655885093224.run(TempTestSuite1655885093224.groovy:36)
)

2022-06-22 16:47:20 - [MESSAGE][WARNING] - Timeout '0' is invalid. Using default page load timeout: '40'

2022-06-22 16:47:20 - [MESSAGE][FAILED] - Failed to set text into element (Root cause: org.openqa.selenium.WebDriverException: An unknown server-side error occurred while processing the command. Original error: 'GET /window/current/size' cannot be proxied to UiAutomator2 server because the instrumentation process is not running (probably crashed). Check the server log and/or the logcat output for more details
Build info: version: '3.141.59', revision: 'e82be7d358', time: '2018-11-14T08:25:53'
System info: host: '00139272s-MacBook-Pro.local', ip: '2001:e68:6167:d901:5dd8:2a3:885f:7e34%en0', os.name: 'Mac OS X', os.arch: 'x86_64', os.version: '10.16', java.version: '1.8.0_275'
Driver info: com.kms.katalon.core.appium.driver.SwipeableAndroidDriver
Capabilities {app: /Users/a00139272/Katalon St..., appActivity: com.maybank2u.life.MainActi..., appPackage: com.maybank2u.life.sit, appWaitActivity: *, autoGrantPermissions: true, automationName: uiautomator2, chromedriverPort: 52878, databaseEnabled: false, desired: {app: /Users/a00139272/Katalon St..., appActivity: com.maybank2u.life.MainActi..., appPackage: com.maybank2u.life.sit, appWaitActivity: *, autoGrantPermissions: true, automationName: uiautomator2, chromedriverPort: 52878, deviceId: 002b9cc60508, deviceName: Xiaomi 21061119AG (Android 11), fullReset: false, newCommandTimeout: 1800, noReset: true, platform: ANDROID, platformName: android, platformVersion: 11, systemPort: 52876, udid: 002b9cc60508}, deviceApiLevel: 30, deviceId: 002b9cc60508, deviceManufacturer: Xiaomi, deviceModel: 21061119AG, deviceName: 002b9cc60508, deviceScreenDensity: 440, deviceScreenSize: 1080x2400, deviceUDID: 002b9cc60508, fullReset: false, javascriptEnabled: true, locationContextEnabled: false, networkConnectionEnabled: true, newCommandTimeout: 1800, noReset: true, pixelRatio: 2.75, platform: ANDROID, platformName: Android, platformVersion: 11, statBarHeight: 103, systemPort: 52876, takesScreenshot: true, udid: 002b9cc60508, viewportRect: {height: 2064, left: 0, top: 103, width: 1080}, warnings: {}, webStorageEnabled: false}
Session ID: 07e0a906-f567-4646-abfd-84c6cc800d18
	at org.openqa.selenium.remote.http.W3CHttpResponseCodec.createException(W3CHttpResponseCodec.java:187)
	at org.openqa.selenium.remote.http.W3CHttpResponseCodec.decode(W3CHttpResponseCodec.java:122)
	at org.openqa.selenium.remote.http.W3CHttpResponseCodec.decode(W3CHttpResponseCodec.java:49)
	at org.openqa.selenium.remote.HttpCommandExecutor.execute(HttpCommandExecutor.java:158)
	at io.appium.java_client.remote.AppiumCommandExecutor.execute(AppiumCommandExecutor.java:239)
	at org.openqa.selenium.remote.RemoteWebDriver.execute(RemoteWebDriver.java:552)
	at io.appium.java_client.DefaultGenericMobileDriver.execute(DefaultGenericMobileDriver.java:46)
	at io.appium.java_client.AppiumDriver.execute(AppiumDriver.java:1)
	at io.appium.java_client.android.AndroidDriver.execute(AndroidDriver.java:1)
	at com.kms.katalon.core.appium.driver.SwipeableAndroidDriver.execute(SwipeableAndroidDriver.java:1)
	at org.openqa.selenium.remote.RemoteWebDriver$RemoteWebDriverOptions$RemoteWindow.getSize(RemoteWebDriver.java:813)
	at org.openqa.selenium.WebDriver$Window$getSize.call(Unknown Source)
	at com.kms.katalon.core.mobile.keyword.internal.MobileAbstractKeyword.findElement(MobileAbstractKeyword.groovy:81)
	at com.kms.katalon.core.mobile.keyword.builtin.SetTextKeyword.access$1(SetTextKeyword.groovy)
	at com.kms.katalon.core.mobile.keyword.builtin.SetTextKeyword$_setText_closure1.doCall(SetTextKeyword.groovy:74)
	at com.kms.katalon.core.mobile.keyword.builtin.SetTextKeyword$_setText_closure1.call(SetTextKeyword.groovy)
	at com.kms.katalon.core.mobile.keyword.internal.MobileKeywordMain.runKeyword(MobileKeywordMain.groovy:21)
	at com.kms.katalon.core.mobile.keyword.builtin.SetTextKeyword.setText(SetTextKeyword.groovy:83)
	at com.kms.katalon.core.mobile.keyword.builtin.SetTextKeyword.execute(SetTextKeyword.groovy:66)
	at com.kms.katalon.core.keyword.internal.KeywordExecutor.executeKeywordForPlatform(KeywordExecutor.groovy:74)
	at com.kms.katalon.core.mobile.keyword.MobileBuiltInKeywords.setText(MobileBuiltInKeywords.groovy:1307)
	at com.kms.katalon.core.mobile.keyword.MobileBuiltInKeywords$setText$6.call(Unknown Source)
	at duitNow_mobileNumberTransaction.run(duitNow_mobileNumberTransaction:259)
	at com.kms.katalon.core.main.ScriptEngine.run(ScriptEngine.java:194)
	at com.kms.katalon.core.main.ScriptEngine.runScriptAsRawText(ScriptEngine.java:119)
	at com.kms.katalon.core.main.TestCaseExecutor.runScript(TestCaseExecutor.java:445)
	at com.kms.katalon.core.main.TestCaseExecutor.doExecute(TestCaseExecutor.java:436)
	at com.kms.katalon.core.main.TestCaseExecutor.processExecutionPhase(TestCaseExecutor.java:415)
	at com.kms.katalon.core.main.TestCaseExecutor.accessMainPhase(TestCaseExecutor.java:407)
	at com.kms.katalon.core.main.TestCaseExecutor.execute(TestCaseExecutor.java:284)
	at com.kms.katalon.core.common.CommonExecutor.accessTestCaseMainPhase(CommonExecutor.java:65)
	at com.kms.katalon.core.main.TestSuiteExecutor.accessTestSuiteMainPhase(TestSuiteExecutor.java:144)
	at com.kms.katalon.core.main.TestSuiteExecutor.execute(TestSuiteExecutor.java:106)
	at com.kms.katalon.core.main.TestCaseMain.startTestSuite(TestCaseMain.java:185)
	at com.kms.katalon.core.main.TestCaseMain$startTestSuite$0.call(Unknown Source)
	at TempTestSuite1655885093224.run(TempTestSuite1655885093224.groovy:36)
)

2022-06-22 16:47:20 - [TEST_STEP][PASSED] - hideKeyboard(): Keyboard is hidden

2022-06-22 16:47:26 - [MESSAGE][PASSED] - Keyboard is hidden

2022-06-22 16:47:26 - [TEST_STEP][FAILED] - verifyElementText(findTestObject("Duit Now/duitNowConfirmationPaymentDetailsInputtedTxt", ["details":details]), details): Verify element text of test object 'Object Repository/Duit Now/duitNowConfirmationPaymentDetailsInputtedTxt' FAILED. (Root cause: org.openqa.selenium.WebDriverException: An unknown server-side error occurred while processing the command. Original error: 'GET /window/current/size' cannot be proxied to UiAutomator2 server because the instrumentation process is not running (probably crashed). Check the server log and/or the logcat output for more details
Build info: version: '3.141.59', revision: 'e82be7d358', time: '2018-11-14T08:25:53'
System info: host: '00139272s-MacBook-Pro.local', ip: '2001:e68:6167:d901:5dd8:2a3:885f:7e34%en0', os.name: 'Mac OS X', os.arch: 'x86_64', os.version: '10.16', java.version: '1.8.0_275'
Driver info: com.kms.katalon.core.appium.driver.SwipeableAndroidDriver
Capabilities {app: /Users/a00139272/Katalon St..., appActivity: com.maybank2u.life.MainActi..., appPackage: com.maybank2u.life.sit, appWaitActivity: *, autoGrantPermissions: true, automationName: uiautomator2, chromedriverPort: 52878, databaseEnabled: false, desired: {app: /Users/a00139272/Katalon St..., appActivity: com.maybank2u.life.MainActi..., appPackage: com.maybank2u.life.sit, appWaitActivity: *, autoGrantPermissions: true, automationName: uiautomator2, chromedriverPort: 52878, deviceId: 002b9cc60508, deviceName: Xiaomi 21061119AG (Android 11), fullReset: false, newCommandTimeout: 1800, noReset: true, platform: ANDROID, platformName: android, platformVersion: 11, systemPort: 52876, udid: 002b9cc60508}, deviceApiLevel: 30, deviceId: 002b9cc60508, deviceManufacturer: Xiaomi, deviceModel: 21061119AG, deviceName: 002b9cc60508, deviceScreenDensity: 440, deviceScreenSize: 1080x2400, deviceUDID: 002b9cc60508, fullReset: false, javascriptEnabled: true, locationContextEnabled: false, networkConnectionEnabled: true, newCommandTimeout: 1800, noReset: true, pixelRatio: 2.75, platform: ANDROID, platformName: Android, platformVersion: 11, statBarHeight: 103, systemPort: 52876, takesScreenshot: true, udid: 002b9cc60508, viewportRect: {height: 2064, left: 0, top: 103, width: 1080}, warnings: {}, webStorageEnabled: false}
Session ID: 07e0a906-f567-4646-abfd-84c6cc800d18
	at org.openqa.selenium.remote.http.W3CHttpResponseCodec.createException(W3CHttpResponseCodec.java:187)
	at org.openqa.selenium.remote.http.W3CHttpResponseCodec.decode(W3CHttpResponseCodec.java:122)
	at org.openqa.selenium.remote.http.W3CHttpResponseCodec.decode(W3CHttpResponseCodec.java:49)
	at org.openqa.selenium.remote.HttpCommandExecutor.execute(HttpCommandExecutor.java:158)
	at io.appium.java_client.remote.AppiumCommandExecutor.execute(AppiumCommandExecutor.java:239)
	at org.openqa.selenium.remote.RemoteWebDriver.execute(RemoteWebDriver.java:552)
	at io.appium.java_client.DefaultGenericMobileDriver.execute(DefaultGenericMobileDriver.java:46)
	at io.appium.java_client.AppiumDriver.execute(AppiumDriver.java:1)
	at io.appium.java_client.android.AndroidDriver.execute(AndroidDriver.java:1)
	at com.kms.katalon.core.appium.driver.SwipeableAndroidDriver.execute(SwipeableAndroidDriver.java:1)
	at org.openqa.selenium.remote.RemoteWebDriver$RemoteWebDriverOptions$RemoteWindow.getSize(RemoteWebDriver.java:813)
	at org.openqa.selenium.WebDriver$Window$getSize.call(Unknown Source)
	at com.kms.katalon.core.mobile.keyword.internal.MobileAbstractKeyword.findElement(MobileAbstractKeyword.groovy:81)
	at com.kms.katalon.core.mobile.keyword.builtin.VerifyElementTextKeyword.access$1(VerifyElementTextKeyword.groovy)
	at com.kms.katalon.core.mobile.keyword.builtin.VerifyElementTextKeyword$_verifyElementText_closure1.doCall(VerifyElementTextKeyword.groovy:47)
	at com.kms.katalon.core.mobile.keyword.builtin.VerifyElementTextKeyword$_verifyElementText_closure1.call(VerifyElementTextKeyword.groovy)
	at com.kms.katalon.core.mobile.keyword.internal.MobileKeywordMain.runKeyword(MobileKeywordMain.groovy:21)
	at com.kms.katalon.core.mobile.keyword.builtin.VerifyElementTextKeyword.verifyElementText(VerifyElementTextKeyword.groovy:62)
	at com.kms.katalon.core.mobile.keyword.builtin.VerifyElementTextKeyword.execute(VerifyElementTextKeyword.groovy:39)
	at com.kms.katalon.core.keyword.internal.KeywordExecutor.executeKeywordForPlatform(KeywordExecutor.groovy:74)
	at com.kms.katalon.core.mobile.keyword.MobileBuiltInKeywords.verifyElementText(MobileBuiltInKeywords.groovy:2901)
	at com.kms.katalon.core.mobile.keyword.MobileBuiltInKeywords$verifyElementText$9.call(Unknown Source)
	at duitNow_mobileNumberTransaction.run(duitNow_mobileNumberTransaction:263)
	at com.kms.katalon.core.main.ScriptEngine.run(ScriptEngine.java:194)
	at com.kms.katalon.core.main.ScriptEngine.runScriptAsRawText(ScriptEngine.java:119)
	at com.kms.katalon.core.main.TestCaseExecutor.runScript(TestCaseExecutor.java:445)
	at com.kms.katalon.core.main.TestCaseExecutor.doExecute(TestCaseExecutor.java:436)
	at com.kms.katalon.core.main.TestCaseExecutor.processExecutionPhase(TestCaseExecutor.java:415)
	at com.kms.katalon.core.main.TestCaseExecutor.accessMainPhase(TestCaseExecutor.java:407)
	at com.kms.katalon.core.main.TestCaseExecutor.execute(TestCaseExecutor.java:284)
	at com.kms.katalon.core.common.CommonExecutor.accessTestCaseMainPhase(CommonExecutor.java:65)
	at com.kms.katalon.core.main.TestSuiteExecutor.accessTestSuiteMainPhase(TestSuiteExecutor.java:144)
	at com.kms.katalon.core.main.TestSuiteExecutor.execute(TestSuiteExecutor.java:106)
	at com.kms.katalon.core.main.TestCaseMain.startTestSuite(TestCaseMain.java:185)
	at com.kms.katalon.core.main.TestCaseMain$startTestSuite$0.call(Unknown Source)
	at TempTestSuite1655885093224.run(TempTestSuite1655885093224.groovy:36)
)

2022-06-22 16:47:26 - [MESSAGE][FAILED] - Verify element text of test object 'Object Repository/Duit Now/duitNowConfirmationPaymentDetailsInputtedTxt' FAILED. (Root cause: org.openqa.selenium.WebDriverException: An unknown server-side error occurred while processing the command. Original error: 'GET /window/current/size' cannot be proxied to UiAutomator2 server because the instrumentation process is not running (probably crashed). Check the server log and/or the logcat output for more details
Build info: version: '3.141.59', revision: 'e82be7d358', time: '2018-11-14T08:25:53'
System info: host: '00139272s-MacBook-Pro.local', ip: '2001:e68:6167:d901:5dd8:2a3:885f:7e34%en0', os.name: 'Mac OS X', os.arch: 'x86_64', os.version: '10.16', java.version: '1.8.0_275'
Driver info: com.kms.katalon.core.appium.driver.SwipeableAndroidDriver
Capabilities {app: /Users/a00139272/Katalon St..., appActivity: com.maybank2u.life.MainActi..., appPackage: com.maybank2u.life.sit, appWaitActivity: *, autoGrantPermissions: true, automationName: uiautomator2, chromedriverPort: 52878, databaseEnabled: false, desired: {app: /Users/a00139272/Katalon St..., appActivity: com.maybank2u.life.MainActi..., appPackage: com.maybank2u.life.sit, appWaitActivity: *, autoGrantPermissions: true, automationName: uiautomator2, chromedriverPort: 52878, deviceId: 002b9cc60508, deviceName: Xiaomi 21061119AG (Android 11), fullReset: false, newCommandTimeout: 1800, noReset: true, platform: ANDROID, platformName: android, platformVersion: 11, systemPort: 52876, udid: 002b9cc60508}, deviceApiLevel: 30, deviceId: 002b9cc60508, deviceManufacturer: Xiaomi, deviceModel: 21061119AG, deviceName: 002b9cc60508, deviceScreenDensity: 440, deviceScreenSize: 1080x2400, deviceUDID: 002b9cc60508, fullReset: false, javascriptEnabled: true, locationContextEnabled: false, networkConnectionEnabled: true, newCommandTimeout: 1800, noReset: true, pixelRatio: 2.75, platform: ANDROID, platformName: Android, platformVersion: 11, statBarHeight: 103, systemPort: 52876, takesScreenshot: true, udid: 002b9cc60508, viewportRect: {height: 2064, left: 0, top: 103, width: 1080}, warnings: {}, webStorageEnabled: false}
Session ID: 07e0a906-f567-4646-abfd-84c6cc800d18
	at org.openqa.selenium.remote.http.W3CHttpResponseCodec.createException(W3CHttpResponseCodec.java:187)
	at org.openqa.selenium.remote.http.W3CHttpResponseCodec.decode(W3CHttpResponseCodec.java:122)
	at org.openqa.selenium.remote.http.W3CHttpResponseCodec.decode(W3CHttpResponseCodec.java:49)
	at org.openqa.selenium.remote.HttpCommandExecutor.execute(HttpCommandExecutor.java:158)
	at io.appium.java_client.remote.AppiumCommandExecutor.execute(AppiumCommandExecutor.java:239)
	at org.openqa.selenium.remote.RemoteWebDriver.execute(RemoteWebDriver.java:552)
	at io.appium.java_client.DefaultGenericMobileDriver.execute(DefaultGenericMobileDriver.java:46)
	at io.appium.java_client.AppiumDriver.execute(AppiumDriver.java:1)
	at io.appium.java_client.android.AndroidDriver.execute(AndroidDriver.java:1)
	at com.kms.katalon.core.appium.driver.SwipeableAndroidDriver.execute(SwipeableAndroidDriver.java:1)
	at org.openqa.selenium.remote.RemoteWebDriver$RemoteWebDriverOptions$RemoteWindow.getSize(RemoteWebDriver.java:813)
	at org.openqa.selenium.WebDriver$Window$getSize.call(Unknown Source)
	at com.kms.katalon.core.mobile.keyword.internal.MobileAbstractKeyword.findElement(MobileAbstractKeyword.groovy:81)
	at com.kms.katalon.core.mobile.keyword.builtin.VerifyElementTextKeyword.access$1(VerifyElementTextKeyword.groovy)
	at com.kms.katalon.core.mobile.keyword.builtin.VerifyElementTextKeyword$_verifyElementText_closure1.doCall(VerifyElementTextKeyword.groovy:47)
	at com.kms.katalon.core.mobile.keyword.builtin.VerifyElementTextKeyword$_verifyElementText_closure1.call(VerifyElementTextKeyword.groovy)
	at com.kms.katalon.core.mobile.keyword.internal.MobileKeywordMain.runKeyword(MobileKeywordMain.groovy:21)
	at com.kms.katalon.core.mobile.keyword.builtin.VerifyElementTextKeyword.verifyElementText(VerifyElementTextKeyword.groovy:62)
	at com.kms.katalon.core.mobile.keyword.builtin.VerifyElementTextKeyword.execute(VerifyElementTextKeyword.groovy:39)
	at com.kms.katalon.core.keyword.internal.KeywordExecutor.executeKeywordForPlatform(KeywordExecutor.groovy:74)
	at com.kms.katalon.core.mobile.keyword.MobileBuiltInKeywords.verifyElementText(MobileBuiltInKeywords.groovy:2901)
	at com.kms.katalon.core.mobile.keyword.MobileBuiltInKeywords$verifyElementText$9.call(Unknown Source)
	at duitNow_mobileNumberTransaction.run(duitNow_mobileNumberTransaction:263)
	at com.kms.katalon.core.main.ScriptEngine.run(ScriptEngine.java:194)
	at com.kms.katalon.core.main.ScriptEngine.runScriptAsRawText(ScriptEngine.java:119)
	at com.kms.katalon.core.main.TestCaseExecutor.runScript(TestCaseExecutor.java:445)
	at com.kms.katalon.core.main.TestCaseExecutor.doExecute(TestCaseExecutor.java:436)
	at com.kms.katalon.core.main.TestCaseExecutor.processExecutionPhase(TestCaseExecutor.java:415)
	at com.kms.katalon.core.main.TestCaseExecutor.accessMainPhase(TestCaseExecutor.java:407)
	at com.kms.katalon.core.main.TestCaseExecutor.execute(TestCaseExecutor.java:284)
	at com.kms.katalon.core.common.CommonExecutor.accessTestCaseMainPhase(CommonExecutor.java:65)
	at com.kms.katalon.core.main.TestSuiteExecutor.accessTestSuiteMainPhase(TestSuiteExecutor.java:144)
	at com.kms.katalon.core.main.TestSuiteExecutor.execute(TestSuiteExecutor.java:106)
	at com.kms.katalon.core.main.TestCaseMain.startTestSuite(TestCaseMain.java:185)
	at com.kms.katalon.core.main.TestCaseMain$startTestSuite$0.call(Unknown Source)
	at TempTestSuite1655885093224.run(TempTestSuite1655885093224.groovy:36)
)

2022-06-22 16:47:26 - [TEST_STEP][FAILED] - takeScreenshot("/Users/a00139272/git/MAEAutomation2/Duitnow/1.png"): Unable to take screenshot (Root cause: org.openqa.selenium.WebDriverException: An unknown server-side error occurred while processing the command. Original error: 'GET /screenshot' cannot be proxied to UiAutomator2 server because the instrumentation process is not running (probably crashed). Check the server log and/or the logcat output for more details
Build info: version: '3.141.59', revision: 'e82be7d358', time: '2018-11-14T08:25:53'
System info: host: '00139272s-MacBook-Pro.local', ip: '2001:e68:6167:d901:5dd8:2a3:885f:7e34%en0', os.name: 'Mac OS X', os.arch: 'x86_64', os.version: '10.16', java.version: '1.8.0_275'
Driver info: com.kms.katalon.core.appium.driver.SwipeableAndroidDriver
Capabilities {app: /Users/a00139272/Katalon St..., appActivity: com.maybank2u.life.MainActi..., appPackage: com.maybank2u.life.sit, appWaitActivity: *, autoGrantPermissions: true, automationName: uiautomator2, chromedriverPort: 52878, databaseEnabled: false, desired: {app: /Users/a00139272/Katalon St..., appActivity: com.maybank2u.life.MainActi..., appPackage: com.maybank2u.life.sit, appWaitActivity: *, autoGrantPermissions: true, automationName: uiautomator2, chromedriverPort: 52878, deviceId: 002b9cc60508, deviceName: Xiaomi 21061119AG (Android 11), fullReset: false, newCommandTimeout: 1800, noReset: true, platform: ANDROID, platformName: android, platformVersion: 11, systemPort: 52876, udid: 002b9cc60508}, deviceApiLevel: 30, deviceId: 002b9cc60508, deviceManufacturer: Xiaomi, deviceModel: 21061119AG, deviceName: 002b9cc60508, deviceScreenDensity: 440, deviceScreenSize: 1080x2400, deviceUDID: 002b9cc60508, fullReset: false, javascriptEnabled: true, locationContextEnabled: false, networkConnectionEnabled: true, newCommandTimeout: 1800, noReset: true, pixelRatio: 2.75, platform: ANDROID, platformName: Android, platformVersion: 11, statBarHeight: 103, systemPort: 52876, takesScreenshot: true, udid: 002b9cc60508, viewportRect: {height: 2064, left: 0, top: 103, width: 1080}, warnings: {}, webStorageEnabled: false}
Session ID: 07e0a906-f567-4646-abfd-84c6cc800d18
	at org.openqa.selenium.remote.http.W3CHttpResponseCodec.createException(W3CHttpResponseCodec.java:187)
	at org.openqa.selenium.remote.http.W3CHttpResponseCodec.decode(W3CHttpResponseCodec.java:122)
	at org.openqa.selenium.remote.http.W3CHttpResponseCodec.decode(W3CHttpResponseCodec.java:49)
	at org.openqa.selenium.remote.HttpCommandExecutor.execute(HttpCommandExecutor.java:158)
	at io.appium.java_client.remote.AppiumCommandExecutor.execute(AppiumCommandExecutor.java:239)
	at org.openqa.selenium.remote.RemoteWebDriver.execute(RemoteWebDriver.java:552)
	at io.appium.java_client.DefaultGenericMobileDriver.execute(DefaultGenericMobileDriver.java:46)
	at io.appium.java_client.AppiumDriver.execute(AppiumDriver.java:1)
	at io.appium.java_client.android.AndroidDriver.execute(AndroidDriver.java:1)
	at com.kms.katalon.core.appium.driver.SwipeableAndroidDriver.execute(SwipeableAndroidDriver.java:1)
	at org.openqa.selenium.remote.RemoteWebDriver.getScreenshotAs(RemoteWebDriver.java:295)
	at com.kms.katalon.core.mobile.helper.MobileScreenCaptor.takeScreenshot(MobileScreenCaptor.java:111)
	at com.kms.katalon.core.mobile.keyword.builtin.TakeScreenshotKeyword$_takeScreenshot_closure1.doCall(TakeScreenshotKeyword.groovy:109)
	at com.kms.katalon.core.mobile.keyword.builtin.TakeScreenshotKeyword$_takeScreenshot_closure1.call(TakeScreenshotKeyword.groovy)
	at com.kms.katalon.core.mobile.keyword.internal.MobileKeywordMain.runKeyword(MobileKeywordMain.groovy:21)
	at com.kms.katalon.core.mobile.keyword.builtin.TakeScreenshotKeyword.takeScreenshot(TakeScreenshotKeyword.groovy:93)
	at com.kms.katalon.core.mobile.keyword.builtin.TakeScreenshotKeyword.execute(TakeScreenshotKeyword.groovy:53)
	at com.kms.katalon.core.keyword.internal.KeywordExecutor.executeKeywordForPlatform(KeywordExecutor.groovy:74)
	at com.kms.katalon.core.mobile.keyword.MobileBuiltInKeywords.takeScreenshot(MobileBuiltInKeywords.groovy:218)
	at com.kms.katalon.core.mobile.keyword.MobileBuiltInKeywords$takeScreenshot$12.call(Unknown Source)
	at duitNow_mobileNumberTransaction.run(duitNow_mobileNumberTransaction:266)
	at com.kms.katalon.core.main.ScriptEngine.run(ScriptEngine.java:194)
	at com.kms.katalon.core.main.ScriptEngine.runScriptAsRawText(ScriptEngine.java:119)
	at com.kms.katalon.core.main.TestCaseExecutor.runScript(TestCaseExecutor.java:445)
	at com.kms.katalon.core.main.TestCaseExecutor.doExecute(TestCaseExecutor.java:436)
	at com.kms.katalon.core.main.TestCaseExecutor.processExecutionPhase(TestCaseExecutor.java:415)
	at com.kms.katalon.core.main.TestCaseExecutor.accessMainPhase(TestCaseExecutor.java:407)
	at com.kms.katalon.core.main.TestCaseExecutor.execute(TestCaseExecutor.java:284)
	at com.kms.katalon.core.common.CommonExecutor.accessTestCaseMainPhase(CommonExecutor.java:65)
	at com.kms.katalon.core.main.TestSuiteExecutor.accessTestSuiteMainPhase(TestSuiteExecutor.java:144)
	at com.kms.katalon.core.main.TestSuiteExecutor.execute(TestSuiteExecutor.java:106)
	at com.kms.katalon.core.main.TestCaseMain.startTestSuite(TestCaseMain.java:185)
	at com.kms.katalon.core.main.TestCaseMain$startTestSuite$0.call(Unknown Source)
	at TempTestSuite1655885093224.run(TempTestSuite1655885093224.groovy:36)
)

2022-06-22 16:47:27 - [MESSAGE][FAILED] - Unable to take screenshot (Root cause: org.openqa.selenium.WebDriverException: An unknown server-side error occurred while processing the command. Original error: 'GET /screenshot' cannot be proxied to UiAutomator2 server because the instrumentation process is not running (probably crashed). Check the server log and/or the logcat output for more details
Build info: version: '3.141.59', revision: 'e82be7d358', time: '2018-11-14T08:25:53'
System info: host: '00139272s-MacBook-Pro.local', ip: '2001:e68:6167:d901:5dd8:2a3:885f:7e34%en0', os.name: 'Mac OS X', os.arch: 'x86_64', os.version: '10.16', java.version: '1.8.0_275'
Driver info: com.kms.katalon.core.appium.driver.SwipeableAndroidDriver
Capabilities {app: /Users/a00139272/Katalon St..., appActivity: com.maybank2u.life.MainActi..., appPackage: com.maybank2u.life.sit, appWaitActivity: *, autoGrantPermissions: true, automationName: uiautomator2, chromedriverPort: 52878, databaseEnabled: false, desired: {app: /Users/a00139272/Katalon St..., appActivity: com.maybank2u.life.MainActi..., appPackage: com.maybank2u.life.sit, appWaitActivity: *, autoGrantPermissions: true, automationName: uiautomator2, chromedriverPort: 52878, deviceId: 002b9cc60508, deviceName: Xiaomi 21061119AG (Android 11), fullReset: false, newCommandTimeout: 1800, noReset: true, platform: ANDROID, platformName: android, platformVersion: 11, systemPort: 52876, udid: 002b9cc60508}, deviceApiLevel: 30, deviceId: 002b9cc60508, deviceManufacturer: Xiaomi, deviceModel: 21061119AG, deviceName: 002b9cc60508, deviceScreenDensity: 440, deviceScreenSize: 1080x2400, deviceUDID: 002b9cc60508, fullReset: false, javascriptEnabled: true, locationContextEnabled: false, networkConnectionEnabled: true, newCommandTimeout: 1800, noReset: true, pixelRatio: 2.75, platform: ANDROID, platformName: Android, platformVersion: 11, statBarHeight: 103, systemPort: 52876, takesScreenshot: true, udid: 002b9cc60508, viewportRect: {height: 2064, left: 0, top: 103, width: 1080}, warnings: {}, webStorageEnabled: false}
Session ID: 07e0a906-f567-4646-abfd-84c6cc800d18
	at org.openqa.selenium.remote.http.W3CHttpResponseCodec.createException(W3CHttpResponseCodec.java:187)
	at org.openqa.selenium.remote.http.W3CHttpResponseCodec.decode(W3CHttpResponseCodec.java:122)
	at org.openqa.selenium.remote.http.W3CHttpResponseCodec.decode(W3CHttpResponseCodec.java:49)
	at org.openqa.selenium.remote.HttpCommandExecutor.execute(HttpCommandExecutor.java:158)
	at io.appium.java_client.remote.AppiumCommandExecutor.execute(AppiumCommandExecutor.java:239)
	at org.openqa.selenium.remote.RemoteWebDriver.execute(RemoteWebDriver.java:552)
	at io.appium.java_client.DefaultGenericMobileDriver.execute(DefaultGenericMobileDriver.java:46)
	at io.appium.java_client.AppiumDriver.execute(AppiumDriver.java:1)
	at io.appium.java_client.android.AndroidDriver.execute(AndroidDriver.java:1)
	at com.kms.katalon.core.appium.driver.SwipeableAndroidDriver.execute(SwipeableAndroidDriver.java:1)
	at org.openqa.selenium.remote.RemoteWebDriver.getScreenshotAs(RemoteWebDriver.java:295)
	at com.kms.katalon.core.mobile.helper.MobileScreenCaptor.takeScreenshot(MobileScreenCaptor.java:111)
	at com.kms.katalon.core.mobile.keyword.builtin.TakeScreenshotKeyword$_takeScreenshot_closure1.doCall(TakeScreenshotKeyword.groovy:109)
	at com.kms.katalon.core.mobile.keyword.builtin.TakeScreenshotKeyword$_takeScreenshot_closure1.call(TakeScreenshotKeyword.groovy)
	at com.kms.katalon.core.mobile.keyword.internal.MobileKeywordMain.runKeyword(MobileKeywordMain.groovy:21)
	at com.kms.katalon.core.mobile.keyword.builtin.TakeScreenshotKeyword.takeScreenshot(TakeScreenshotKeyword.groovy:93)
	at com.kms.katalon.core.mobile.keyword.builtin.TakeScreenshotKeyword.execute(TakeScreenshotKeyword.groovy:53)
	at com.kms.katalon.core.keyword.internal.KeywordExecutor.executeKeywordForPlatform(KeywordExecutor.groovy:74)
	at com.kms.katalon.core.mobile.keyword.MobileBuiltInKeywords.takeScreenshot(MobileBuiltInKeywords.groovy:218)
	at com.kms.katalon.core.mobile.keyword.MobileBuiltInKeywords$takeScreenshot$12.call(Unknown Source)
	at duitNow_mobileNumberTransaction.run(duitNow_mobileNumberTransaction:266)
	at com.kms.katalon.core.main.ScriptEngine.run(ScriptEngine.java:194)
	at com.kms.katalon.core.main.ScriptEngine.runScriptAsRawText(ScriptEngine.java:119)
	at com.kms.katalon.core.main.TestCaseExecutor.runScript(TestCaseExecutor.java:445)
	at com.kms.katalon.core.main.TestCaseExecutor.doExecute(TestCaseExecutor.java:436)
	at com.kms.katalon.core.main.TestCaseExecutor.processExecutionPhase(TestCaseExecutor.java:415)
	at com.kms.katalon.core.main.TestCaseExecutor.accessMainPhase(TestCaseExecutor.java:407)
	at com.kms.katalon.core.main.TestCaseExecutor.execute(TestCaseExecutor.java:284)
	at com.kms.katalon.core.common.CommonExecutor.accessTestCaseMainPhase(CommonExecutor.java:65)
	at com.kms.katalon.core.main.TestSuiteExecutor.accessTestSuiteMainPhase(TestSuiteExecutor.java:144)
	at com.kms.katalon.core.main.TestSuiteExecutor.execute(TestSuiteExecutor.java:106)
	at com.kms.katalon.core.main.TestCaseMain.startTestSuite(TestCaseMain.java:185)
	at com.kms.katalon.core.main.TestCaseMain$startTestSuite$0.call(Unknown Source)
	at TempTestSuite1655885093224.run(TempTestSuite1655885093224.groovy:36)
)

2022-06-22 16:47:27 - [TEST_STEP][FAILED] - device_Height_2 = getDeviceHeight(): Unable to get the physical height value of the device (Root cause: org.openqa.selenium.WebDriverException: An unknown server-side error occurred while processing the command. Original error: 'GET /window/current/size' cannot be proxied to UiAutomator2 server because the instrumentation process is not running (probably crashed). Check the server log and/or the logcat output for more details
Build info: version: '3.141.59', revision: 'e82be7d358', time: '2018-11-14T08:25:53'
System info: host: '00139272s-MacBook-Pro.local', ip: '2001:e68:6167:d901:5dd8:2a3:885f:7e34%en0', os.name: 'Mac OS X', os.arch: 'x86_64', os.version: '10.16', java.version: '1.8.0_275'
Driver info: com.kms.katalon.core.appium.driver.SwipeableAndroidDriver
Capabilities {app: /Users/a00139272/Katalon St..., appActivity: com.maybank2u.life.MainActi..., appPackage: com.maybank2u.life.sit, appWaitActivity: *, autoGrantPermissions: true, automationName: uiautomator2, chromedriverPort: 52878, databaseEnabled: false, desired: {app: /Users/a00139272/Katalon St..., appActivity: com.maybank2u.life.MainActi..., appPackage: com.maybank2u.life.sit, appWaitActivity: *, autoGrantPermissions: true, automationName: uiautomator2, chromedriverPort: 52878, deviceId: 002b9cc60508, deviceName: Xiaomi 21061119AG (Android 11), fullReset: false, newCommandTimeout: 1800, noReset: true, platform: ANDROID, platformName: android, platformVersion: 11, systemPort: 52876, udid: 002b9cc60508}, deviceApiLevel: 30, deviceId: 002b9cc60508, deviceManufacturer: Xiaomi, deviceModel: 21061119AG, deviceName: 002b9cc60508, deviceScreenDensity: 440, deviceScreenSize: 1080x2400, deviceUDID: 002b9cc60508, fullReset: false, javascriptEnabled: true, locationContextEnabled: false, networkConnectionEnabled: true, newCommandTimeout: 1800, noReset: true, pixelRatio: 2.75, platform: ANDROID, platformName: Android, platformVersion: 11, statBarHeight: 103, systemPort: 52876, takesScreenshot: true, udid: 002b9cc60508, viewportRect: {height: 2064, left: 0, top: 103, width: 1080}, warnings: {}, webStorageEnabled: false}
Session ID: 07e0a906-f567-4646-abfd-84c6cc800d18
	at org.openqa.selenium.remote.http.W3CHttpResponseCodec.createException(W3CHttpResponseCodec.java:187)
	at org.openqa.selenium.remote.http.W3CHttpResponseCodec.decode(W3CHttpResponseCodec.java:122)
	at org.openqa.selenium.remote.http.W3CHttpResponseCodec.decode(W3CHttpResponseCodec.java:49)
	at org.openqa.selenium.remote.HttpCommandExecutor.execute(HttpCommandExecutor.java:158)
	at io.appium.java_client.remote.AppiumCommandExecutor.execute(AppiumCommandExecutor.java:239)
	at org.openqa.selenium.remote.RemoteWebDriver.execute(RemoteWebDriver.java:552)
	at io.appium.java_client.DefaultGenericMobileDriver.execute(DefaultGenericMobileDriver.java:46)
	at io.appium.java_client.AppiumDriver.execute(AppiumDriver.java:1)
	at io.appium.java_client.android.AndroidDriver.execute(AndroidDriver.java:1)
	at com.kms.katalon.core.appium.driver.SwipeableAndroidDriver.execute(SwipeableAndroidDriver.java:1)
	at org.openqa.selenium.remote.RemoteWebDriver$RemoteWebDriverOptions$RemoteWindow.getSize(RemoteWebDriver.java:813)
	at com.kms.katalon.core.mobile.keyword.builtin.GetDeviceHeightKeyword$_getDeviceHeight_closure1.doCall(GetDeviceHeightKeyword.groovy:73)
	at com.kms.katalon.core.mobile.keyword.builtin.GetDeviceHeightKeyword$_getDeviceHeight_closure1.call(GetDeviceHeightKeyword.groovy)
	at com.kms.katalon.core.mobile.keyword.internal.MobileKeywordMain.runKeywordAndReturnInt(MobileKeywordMain.groovy:30)
	at com.kms.katalon.core.mobile.keyword.builtin.GetDeviceHeightKeyword.getDeviceHeight(GetDeviceHeightKeyword.groovy:68)
	at com.kms.katalon.core.mobile.keyword.builtin.GetDeviceHeightKeyword.execute(GetDeviceHeightKeyword.groovy:63)
	at com.kms.katalon.core.keyword.internal.KeywordExecutor.executeKeywordForPlatform(KeywordExecutor.groovy:74)
	at com.kms.katalon.core.mobile.keyword.MobileBuiltInKeywords.getDeviceHeight(MobileBuiltInKeywords.groovy:2110)
	at com.kms.katalon.core.mobile.keyword.MobileBuiltInKeywords$getDeviceHeight$0.call(Unknown Source)
	at duitNow_mobileNumberTransaction.run(duitNow_mobileNumberTransaction:268)
	at com.kms.katalon.core.main.ScriptEngine.run(ScriptEngine.java:194)
	at com.kms.katalon.core.main.ScriptEngine.runScriptAsRawText(ScriptEngine.java:119)
	at com.kms.katalon.core.main.TestCaseExecutor.runScript(TestCaseExecutor.java:445)
	at com.kms.katalon.core.main.TestCaseExecutor.doExecute(TestCaseExecutor.java:436)
	at com.kms.katalon.core.main.TestCaseExecutor.processExecutionPhase(TestCaseExecutor.java:415)
	at com.kms.katalon.core.main.TestCaseExecutor.accessMainPhase(TestCaseExecutor.java:407)
	at com.kms.katalon.core.main.TestCaseExecutor.execute(TestCaseExecutor.java:284)
	at com.kms.katalon.core.common.CommonExecutor.accessTestCaseMainPhase(CommonExecutor.java:65)
	at com.kms.katalon.core.main.TestSuiteExecutor.accessTestSuiteMainPhase(TestSuiteExecutor.java:144)
	at com.kms.katalon.core.main.TestSuiteExecutor.execute(TestSuiteExecutor.java:106)
	at com.kms.katalon.core.main.TestCaseMain.startTestSuite(TestCaseMain.java:185)
	at com.kms.katalon.core.main.TestCaseMain$startTestSuite$0.call(Unknown Source)
	at TempTestSuite1655885093224.run(TempTestSuite1655885093224.groovy:36)
)

2022-06-22 16:47:27 - [MESSAGE][FAILED] - Unable to get the physical height value of the device (Root cause: org.openqa.selenium.WebDriverException: An unknown server-side error occurred while processing the command. Original error: 'GET /window/current/size' cannot be proxied to UiAutomator2 server because the instrumentation process is not running (probably crashed). Check the server log and/or the logcat output for more details
Build info: version: '3.141.59', revision: 'e82be7d358', time: '2018-11-14T08:25:53'
System info: host: '00139272s-MacBook-Pro.local', ip: '2001:e68:6167:d901:5dd8:2a3:885f:7e34%en0', os.name: 'Mac OS X', os.arch: 'x86_64', os.version: '10.16', java.version: '1.8.0_275'
Driver info: com.kms.katalon.core.appium.driver.SwipeableAndroidDriver
Capabilities {app: /Users/a00139272/Katalon St..., appActivity: com.maybank2u.life.MainActi..., appPackage: com.maybank2u.life.sit, appWaitActivity: *, autoGrantPermissions: true, automationName: uiautomator2, chromedriverPort: 52878, databaseEnabled: false, desired: {app: /Users/a00139272/Katalon St..., appActivity: com.maybank2u.life.MainActi..., appPackage: com.maybank2u.life.sit, appWaitActivity: *, autoGrantPermissions: true, automationName: uiautomator2, chromedriverPort: 52878, deviceId: 002b9cc60508, deviceName: Xiaomi 21061119AG (Android 11), fullReset: false, newCommandTimeout: 1800, noReset: true, platform: ANDROID, platformName: android, platformVersion: 11, systemPort: 52876, udid: 002b9cc60508}, deviceApiLevel: 30, deviceId: 002b9cc60508, deviceManufacturer: Xiaomi, deviceModel: 21061119AG, deviceName: 002b9cc60508, deviceScreenDensity: 440, deviceScreenSize: 1080x2400, deviceUDID: 002b9cc60508, fullReset: false, javascriptEnabled: true, locationContextEnabled: false, networkConnectionEnabled: true, newCommandTimeout: 1800, noReset: true, pixelRatio: 2.75, platform: ANDROID, platformName: Android, platformVersion: 11, statBarHeight: 103, systemPort: 52876, takesScreenshot: true, udid: 002b9cc60508, viewportRect: {height: 2064, left: 0, top: 103, width: 1080}, warnings: {}, webStorageEnabled: false}
Session ID: 07e0a906-f567-4646-abfd-84c6cc800d18
	at org.openqa.selenium.remote.http.W3CHttpResponseCodec.createException(W3CHttpResponseCodec.java:187)
	at org.openqa.selenium.remote.http.W3CHttpResponseCodec.decode(W3CHttpResponseCodec.java:122)
	at org.openqa.selenium.remote.http.W3CHttpResponseCodec.decode(W3CHttpResponseCodec.java:49)
	at org.openqa.selenium.remote.HttpCommandExecutor.execute(HttpCommandExecutor.java:158)
	at io.appium.java_client.remote.AppiumCommandExecutor.execute(AppiumCommandExecutor.java:239)
	at org.openqa.selenium.remote.RemoteWebDriver.execute(RemoteWebDriver.java:552)
	at io.appium.java_client.DefaultGenericMobileDriver.execute(DefaultGenericMobileDriver.java:46)
	at io.appium.java_client.AppiumDriver.execute(AppiumDriver.java:1)
	at io.appium.java_client.android.AndroidDriver.execute(AndroidDriver.java:1)
	at com.kms.katalon.core.appium.driver.SwipeableAndroidDriver.execute(SwipeableAndroidDriver.java:1)
	at org.openqa.selenium.remote.RemoteWebDriver$RemoteWebDriverOptions$RemoteWindow.getSize(RemoteWebDriver.java:813)
	at com.kms.katalon.core.mobile.keyword.builtin.GetDeviceHeightKeyword$_getDeviceHeight_closure1.doCall(GetDeviceHeightKeyword.groovy:73)
	at com.kms.katalon.core.mobile.keyword.builtin.GetDeviceHeightKeyword$_getDeviceHeight_closure1.call(GetDeviceHeightKeyword.groovy)
	at com.kms.katalon.core.mobile.keyword.internal.MobileKeywordMain.runKeywordAndReturnInt(MobileKeywordMain.groovy:30)
	at com.kms.katalon.core.mobile.keyword.builtin.GetDeviceHeightKeyword.getDeviceHeight(GetDeviceHeightKeyword.groovy:68)
	at com.kms.katalon.core.mobile.keyword.builtin.GetDeviceHeightKeyword.execute(GetDeviceHeightKeyword.groovy:63)
	at com.kms.katalon.core.keyword.internal.KeywordExecutor.executeKeywordForPlatform(KeywordExecutor.groovy:74)
	at com.kms.katalon.core.mobile.keyword.MobileBuiltInKeywords.getDeviceHeight(MobileBuiltInKeywords.groovy:2110)
	at com.kms.katalon.core.mobile.keyword.MobileBuiltInKeywords$getDeviceHeight$0.call(Unknown Source)
	at duitNow_mobileNumberTransaction.run(duitNow_mobileNumberTransaction:268)
	at com.kms.katalon.core.main.ScriptEngine.run(ScriptEngine.java:194)
	at com.kms.katalon.core.main.ScriptEngine.runScriptAsRawText(ScriptEngine.java:119)
	at com.kms.katalon.core.main.TestCaseExecutor.runScript(TestCaseExecutor.java:445)
	at com.kms.katalon.core.main.TestCaseExecutor.doExecute(TestCaseExecutor.java:436)
	at com.kms.katalon.core.main.TestCaseExecutor.processExecutionPhase(TestCaseExecutor.java:415)
	at com.kms.katalon.core.main.TestCaseExecutor.accessMainPhase(TestCaseExecutor.java:407)
	at com.kms.katalon.core.main.TestCaseExecutor.execute(TestCaseExecutor.java:284)
	at com.kms.katalon.core.common.CommonExecutor.accessTestCaseMainPhase(CommonExecutor.java:65)
	at com.kms.katalon.core.main.TestSuiteExecutor.accessTestSuiteMainPhase(TestSuiteExecutor.java:144)
	at com.kms.katalon.core.main.TestSuiteExecutor.execute(TestSuiteExecutor.java:106)
	at com.kms.katalon.core.main.TestCaseMain.startTestSuite(TestCaseMain.java:185)
	at com.kms.katalon.core.main.TestCaseMain$startTestSuite$0.call(Unknown Source)
	at TempTestSuite1655885093224.run(TempTestSuite1655885093224.groovy:36)
)

2022-06-22 16:47:27 - [TEST_STEP][FAILED] - device_Width_2 = getDeviceWidth(): Unable to get the physical width value of the device (Root cause: org.openqa.selenium.WebDriverException: An unknown server-side error occurred while processing the command. Original error: 'GET /window/current/size' cannot be proxied to UiAutomator2 server because the instrumentation process is not running (probably crashed). Check the server log and/or the logcat output for more details
Build info: version: '3.141.59', revision: 'e82be7d358', time: '2018-11-14T08:25:53'
System info: host: '00139272s-MacBook-Pro.local', ip: '2001:e68:6167:d901:5dd8:2a3:885f:7e34%en0', os.name: 'Mac OS X', os.arch: 'x86_64', os.version: '10.16', java.version: '1.8.0_275'
Driver info: com.kms.katalon.core.appium.driver.SwipeableAndroidDriver
Capabilities {app: /Users/a00139272/Katalon St..., appActivity: com.maybank2u.life.MainActi..., appPackage: com.maybank2u.life.sit, appWaitActivity: *, autoGrantPermissions: true, automationName: uiautomator2, chromedriverPort: 52878, databaseEnabled: false, desired: {app: /Users/a00139272/Katalon St..., appActivity: com.maybank2u.life.MainActi..., appPackage: com.maybank2u.life.sit, appWaitActivity: *, autoGrantPermissions: true, automationName: uiautomator2, chromedriverPort: 52878, deviceId: 002b9cc60508, deviceName: Xiaomi 21061119AG (Android 11), fullReset: false, newCommandTimeout: 1800, noReset: true, platform: ANDROID, platformName: android, platformVersion: 11, systemPort: 52876, udid: 002b9cc60508}, deviceApiLevel: 30, deviceId: 002b9cc60508, deviceManufacturer: Xiaomi, deviceModel: 21061119AG, deviceName: 002b9cc60508, deviceScreenDensity: 440, deviceScreenSize: 1080x2400, deviceUDID: 002b9cc60508, fullReset: false, javascriptEnabled: true, locationContextEnabled: false, networkConnectionEnabled: true, newCommandTimeout: 1800, noReset: true, pixelRatio: 2.75, platform: ANDROID, platformName: Android, platformVersion: 11, statBarHeight: 103, systemPort: 52876, takesScreenshot: true, udid: 002b9cc60508, viewportRect: {height: 2064, left: 0, top: 103, width: 1080}, warnings: {}, webStorageEnabled: false}
Session ID: 07e0a906-f567-4646-abfd-84c6cc800d18
	at org.openqa.selenium.remote.http.W3CHttpResponseCodec.createException(W3CHttpResponseCodec.java:187)
	at org.openqa.selenium.remote.http.W3CHttpResponseCodec.decode(W3CHttpResponseCodec.java:122)
	at org.openqa.selenium.remote.http.W3CHttpResponseCodec.decode(W3CHttpResponseCodec.java:49)
	at org.openqa.selenium.remote.HttpCommandExecutor.execute(HttpCommandExecutor.java:158)
	at io.appium.java_client.remote.AppiumCommandExecutor.execute(AppiumCommandExecutor.java:239)
	at org.openqa.selenium.remote.RemoteWebDriver.execute(RemoteWebDriver.java:552)
	at io.appium.java_client.DefaultGenericMobileDriver.execute(DefaultGenericMobileDriver.java:46)
	at io.appium.java_client.AppiumDriver.execute(AppiumDriver.java:1)
	at io.appium.java_client.android.AndroidDriver.execute(AndroidDriver.java:1)
	at com.kms.katalon.core.appium.driver.SwipeableAndroidDriver.execute(SwipeableAndroidDriver.java:1)
	at org.openqa.selenium.remote.RemoteWebDriver$RemoteWebDriverOptions$RemoteWindow.getSize(RemoteWebDriver.java:813)
	at com.kms.katalon.core.mobile.keyword.builtin.GetDeviceWidthKeyword$_getDeviceWidth_closure1.doCall(GetDeviceWidthKeyword.groovy:72)
	at com.kms.katalon.core.mobile.keyword.builtin.GetDeviceWidthKeyword$_getDeviceWidth_closure1.call(GetDeviceWidthKeyword.groovy)
	at com.kms.katalon.core.mobile.keyword.internal.MobileKeywordMain.runKeywordAndReturnInt(MobileKeywordMain.groovy:30)
	at com.kms.katalon.core.mobile.keyword.builtin.GetDeviceWidthKeyword.getDeviceWidth(GetDeviceWidthKeyword.groovy:67)
	at com.kms.katalon.core.mobile.keyword.builtin.GetDeviceWidthKeyword.execute(GetDeviceWidthKeyword.groovy:62)
	at com.kms.katalon.core.keyword.internal.KeywordExecutor.executeKeywordForPlatform(KeywordExecutor.groovy:74)
	at com.kms.katalon.core.mobile.keyword.MobileBuiltInKeywords.getDeviceWidth(MobileBuiltInKeywords.groovy:2087)
	at com.kms.katalon.core.mobile.keyword.MobileBuiltInKeywords$getDeviceWidth$1.call(Unknown Source)
	at duitNow_mobileNumberTransaction.run(duitNow_mobileNumberTransaction:270)
	at com.kms.katalon.core.main.ScriptEngine.run(ScriptEngine.java:194)
	at com.kms.katalon.core.main.ScriptEngine.runScriptAsRawText(ScriptEngine.java:119)
	at com.kms.katalon.core.main.TestCaseExecutor.runScript(TestCaseExecutor.java:445)
	at com.kms.katalon.core.main.TestCaseExecutor.doExecute(TestCaseExecutor.java:436)
	at com.kms.katalon.core.main.TestCaseExecutor.processExecutionPhase(TestCaseExecutor.java:415)
	at com.kms.katalon.core.main.TestCaseExecutor.accessMainPhase(TestCaseExecutor.java:407)
	at com.kms.katalon.core.main.TestCaseExecutor.execute(TestCaseExecutor.java:284)
	at com.kms.katalon.core.common.CommonExecutor.accessTestCaseMainPhase(CommonExecutor.java:65)
	at com.kms.katalon.core.main.TestSuiteExecutor.accessTestSuiteMainPhase(TestSuiteExecutor.java:144)
	at com.kms.katalon.core.main.TestSuiteExecutor.execute(TestSuiteExecutor.java:106)
	at com.kms.katalon.core.main.TestCaseMain.startTestSuite(TestCaseMain.java:185)
	at com.kms.katalon.core.main.TestCaseMain$startTestSuite$0.call(Unknown Source)
	at TempTestSuite1655885093224.run(TempTestSuite1655885093224.groovy:36)
)

2022-06-22 16:47:27 - [MESSAGE][FAILED] - Unable to get the physical width value of the device (Root cause: org.openqa.selenium.WebDriverException: An unknown server-side error occurred while processing the command. Original error: 'GET /window/current/size' cannot be proxied to UiAutomator2 server because the instrumentation process is not running (probably crashed). Check the server log and/or the logcat output for more details
Build info: version: '3.141.59', revision: 'e82be7d358', time: '2018-11-14T08:25:53'
System info: host: '00139272s-MacBook-Pro.local', ip: '2001:e68:6167:d901:5dd8:2a3:885f:7e34%en0', os.name: 'Mac OS X', os.arch: 'x86_64', os.version: '10.16', java.version: '1.8.0_275'
Driver info: com.kms.katalon.core.appium.driver.SwipeableAndroidDriver
Capabilities {app: /Users/a00139272/Katalon St..., appActivity: com.maybank2u.life.MainActi..., appPackage: com.maybank2u.life.sit, appWaitActivity: *, autoGrantPermissions: true, automationName: uiautomator2, chromedriverPort: 52878, databaseEnabled: false, desired: {app: /Users/a00139272/Katalon St..., appActivity: com.maybank2u.life.MainActi..., appPackage: com.maybank2u.life.sit, appWaitActivity: *, autoGrantPermissions: true, automationName: uiautomator2, chromedriverPort: 52878, deviceId: 002b9cc60508, deviceName: Xiaomi 21061119AG (Android 11), fullReset: false, newCommandTimeout: 1800, noReset: true, platform: ANDROID, platformName: android, platformVersion: 11, systemPort: 52876, udid: 002b9cc60508}, deviceApiLevel: 30, deviceId: 002b9cc60508, deviceManufacturer: Xiaomi, deviceModel: 21061119AG, deviceName: 002b9cc60508, deviceScreenDensity: 440, deviceScreenSize: 1080x2400, deviceUDID: 002b9cc60508, fullReset: false, javascriptEnabled: true, locationContextEnabled: false, networkConnectionEnabled: true, newCommandTimeout: 1800, noReset: true, pixelRatio: 2.75, platform: ANDROID, platformName: Android, platformVersion: 11, statBarHeight: 103, systemPort: 52876, takesScreenshot: true, udid: 002b9cc60508, viewportRect: {height: 2064, left: 0, top: 103, width: 1080}, warnings: {}, webStorageEnabled: false}
Session ID: 07e0a906-f567-4646-abfd-84c6cc800d18
	at org.openqa.selenium.remote.http.W3CHttpResponseCodec.createException(W3CHttpResponseCodec.java:187)
	at org.openqa.selenium.remote.http.W3CHttpResponseCodec.decode(W3CHttpResponseCodec.java:122)
	at org.openqa.selenium.remote.http.W3CHttpResponseCodec.decode(W3CHttpResponseCodec.java:49)
	at org.openqa.selenium.remote.HttpCommandExecutor.execute(HttpCommandExecutor.java:158)
	at io.appium.java_client.remote.AppiumCommandExecutor.execute(AppiumCommandExecutor.java:239)
	at org.openqa.selenium.remote.RemoteWebDriver.execute(RemoteWebDriver.java:552)
	at io.appium.java_client.DefaultGenericMobileDriver.execute(DefaultGenericMobileDriver.java:46)
	at io.appium.java_client.AppiumDriver.execute(AppiumDriver.java:1)
	at io.appium.java_client.android.AndroidDriver.execute(AndroidDriver.java:1)
	at com.kms.katalon.core.appium.driver.SwipeableAndroidDriver.execute(SwipeableAndroidDriver.java:1)
	at org.openqa.selenium.remote.RemoteWebDriver$RemoteWebDriverOptions$RemoteWindow.getSize(RemoteWebDriver.java:813)
	at com.kms.katalon.core.mobile.keyword.builtin.GetDeviceWidthKeyword$_getDeviceWidth_closure1.doCall(GetDeviceWidthKeyword.groovy:72)
	at com.kms.katalon.core.mobile.keyword.builtin.GetDeviceWidthKeyword$_getDeviceWidth_closure1.call(GetDeviceWidthKeyword.groovy)
	at com.kms.katalon.core.mobile.keyword.internal.MobileKeywordMain.runKeywordAndReturnInt(MobileKeywordMain.groovy:30)
	at com.kms.katalon.core.mobile.keyword.builtin.GetDeviceWidthKeyword.getDeviceWidth(GetDeviceWidthKeyword.groovy:67)
	at com.kms.katalon.core.mobile.keyword.builtin.GetDeviceWidthKeyword.execute(GetDeviceWidthKeyword.groovy:62)
	at com.kms.katalon.core.keyword.internal.KeywordExecutor.executeKeywordForPlatform(KeywordExecutor.groovy:74)
	at com.kms.katalon.core.mobile.keyword.MobileBuiltInKeywords.getDeviceWidth(MobileBuiltInKeywords.groovy:2087)
	at com.kms.katalon.core.mobile.keyword.MobileBuiltInKeywords$getDeviceWidth$1.call(Unknown Source)
	at duitNow_mobileNumberTransaction.run(duitNow_mobileNumberTransaction:270)
	at com.kms.katalon.core.main.ScriptEngine.run(ScriptEngine.java:194)
	at com.kms.katalon.core.main.ScriptEngine.runScriptAsRawText(ScriptEngine.java:119)
	at com.kms.katalon.core.main.TestCaseExecutor.runScript(TestCaseExecutor.java:445)
	at com.kms.katalon.core.main.TestCaseExecutor.doExecute(TestCaseExecutor.java:436)
	at com.kms.katalon.core.main.TestCaseExecutor.processExecutionPhase(TestCaseExecutor.java:415)
	at com.kms.katalon.core.main.TestCaseExecutor.accessMainPhase(TestCaseExecutor.java:407)
	at com.kms.katalon.core.main.TestCaseExecutor.execute(TestCaseExecutor.java:284)
	at com.kms.katalon.core.common.CommonExecutor.accessTestCaseMainPhase(CommonExecutor.java:65)
	at com.kms.katalon.core.main.TestSuiteExecutor.accessTestSuiteMainPhase(TestSuiteExecutor.java:144)
	at com.kms.katalon.core.main.TestSuiteExecutor.execute(TestSuiteExecutor.java:106)
	at com.kms.katalon.core.main.TestCaseMain.startTestSuite(TestCaseMain.java:185)
	at com.kms.katalon.core.main.TestCaseMain$startTestSuite$0.call(Unknown Source)
	at TempTestSuite1655885093224.run(TempTestSuite1655885093224.groovy:36)
)

2022-06-22 16:47:27 - [TEST_STEP][PASSED] - startX_2 = device_Width_2 / 2: null

2022-06-22 16:47:27 - [TEST_STEP][PASSED] - endX_2 = startX_2: null

2022-06-22 16:47:27 - [TEST_STEP][PASSED] - startY_2 = device_Height_2 * 0.30: null

2022-06-22 16:47:27 - [TEST_STEP][PASSED] - endY_2 = device_Height_2 * 0.70: null

2022-06-22 16:47:27 - [TEST_STEP][FAILED] - swipe(startX_2, endY_2, endX_2, startY_2): Cannot swipe on device. (Root cause: org.openqa.selenium.WebDriverException: An unknown server-side error occurred while processing the command. Original error: 'POST /touch/perform' cannot be proxied to UiAutomator2 server because the instrumentation process is not running (probably crashed). Check the server log and/or the logcat output for more details
Build info: version: '3.141.59', revision: 'e82be7d358', time: '2018-11-14T08:25:53'
System info: host: '00139272s-MacBook-Pro.local', ip: '2001:e68:6167:d901:5dd8:2a3:885f:7e34%en0', os.name: 'Mac OS X', os.arch: 'x86_64', os.version: '10.16', java.version: '1.8.0_275'
Driver info: com.kms.katalon.core.appium.driver.SwipeableAndroidDriver
Capabilities {app: /Users/a00139272/Katalon St..., appActivity: com.maybank2u.life.MainActi..., appPackage: com.maybank2u.life.sit, appWaitActivity: *, autoGrantPermissions: true, automationName: uiautomator2, chromedriverPort: 52878, databaseEnabled: false, desired: {app: /Users/a00139272/Katalon St..., appActivity: com.maybank2u.life.MainActi..., appPackage: com.maybank2u.life.sit, appWaitActivity: *, autoGrantPermissions: true, automationName: uiautomator2, chromedriverPort: 52878, deviceId: 002b9cc60508, deviceName: Xiaomi 21061119AG (Android 11), fullReset: false, newCommandTimeout: 1800, noReset: true, platform: ANDROID, platformName: android, platformVersion: 11, systemPort: 52876, udid: 002b9cc60508}, deviceApiLevel: 30, deviceId: 002b9cc60508, deviceManufacturer: Xiaomi, deviceModel: 21061119AG, deviceName: 002b9cc60508, deviceScreenDensity: 440, deviceScreenSize: 1080x2400, deviceUDID: 002b9cc60508, fullReset: false, javascriptEnabled: true, locationContextEnabled: false, networkConnectionEnabled: true, newCommandTimeout: 1800, noReset: true, pixelRatio: 2.75, platform: ANDROID, platformName: Android, platformVersion: 11, statBarHeight: 103, systemPort: 52876, takesScreenshot: true, udid: 002b9cc60508, viewportRect: {height: 2064, left: 0, top: 103, width: 1080}, warnings: {}, webStorageEnabled: false}
Session ID: 07e0a906-f567-4646-abfd-84c6cc800d18
	at org.openqa.selenium.remote.http.W3CHttpResponseCodec.createException(W3CHttpResponseCodec.java:187)
	at org.openqa.selenium.remote.http.W3CHttpResponseCodec.decode(W3CHttpResponseCodec.java:122)
	at org.openqa.selenium.remote.http.W3CHttpResponseCodec.decode(W3CHttpResponseCodec.java:49)
	at org.openqa.selenium.remote.HttpCommandExecutor.execute(HttpCommandExecutor.java:158)
	at io.appium.java_client.remote.AppiumCommandExecutor.execute(AppiumCommandExecutor.java:239)
	at org.openqa.selenium.remote.RemoteWebDriver.execute(RemoteWebDriver.java:552)
	at io.appium.java_client.DefaultGenericMobileDriver.execute(DefaultGenericMobileDriver.java:42)
	at io.appium.java_client.AppiumDriver.execute(AppiumDriver.java:1)
	at io.appium.java_client.android.AndroidDriver.execute(AndroidDriver.java:1)
	at com.kms.katalon.core.appium.driver.SwipeableAndroidDriver.execute(SwipeableAndroidDriver.java:1)
	at io.appium.java_client.PerformsTouchActions.performTouchAction(PerformsTouchActions.java:41)
	at io.appium.java_client.TouchAction.perform(TouchAction.java:187)
	at com.kms.katalon.core.mobile.helper.MobileCommonHelper.swipe(MobileCommonHelper.java:61)
	at com.kms.katalon.core.mobile.keyword.builtin.SwipeKeyword$_swipe_closure1.doCall(SwipeKeyword.groovy:76)
	at com.kms.katalon.core.mobile.keyword.builtin.SwipeKeyword$_swipe_closure1.call(SwipeKeyword.groovy)
	at com.kms.katalon.core.mobile.keyword.internal.MobileKeywordMain.runKeyword(MobileKeywordMain.groovy:21)
	at com.kms.katalon.core.mobile.keyword.builtin.SwipeKeyword.swipe(SwipeKeyword.groovy:71)
	at com.kms.katalon.core.mobile.keyword.builtin.SwipeKeyword.execute(SwipeKeyword.groovy:66)
	at com.kms.katalon.core.keyword.internal.KeywordExecutor.executeKeywordForPlatform(KeywordExecutor.groovy:74)
	at com.kms.katalon.core.mobile.keyword.MobileBuiltInKeywords.swipe(MobileBuiltInKeywords.groovy:192)
	at com.kms.katalon.core.mobile.keyword.MobileBuiltInKeywords$swipe$10.call(Unknown Source)
	at duitNow_mobileNumberTransaction.run(duitNow_mobileNumberTransaction:280)
	at com.kms.katalon.core.main.ScriptEngine.run(ScriptEngine.java:194)
	at com.kms.katalon.core.main.ScriptEngine.runScriptAsRawText(ScriptEngine.java:119)
	at com.kms.katalon.core.main.TestCaseExecutor.runScript(TestCaseExecutor.java:445)
	at com.kms.katalon.core.main.TestCaseExecutor.doExecute(TestCaseExecutor.java:436)
	at com.kms.katalon.core.main.TestCaseExecutor.processExecutionPhase(TestCaseExecutor.java:415)
	at com.kms.katalon.core.main.TestCaseExecutor.accessMainPhase(TestCaseExecutor.java:407)
	at com.kms.katalon.core.main.TestCaseExecutor.execute(TestCaseExecutor.java:284)
	at com.kms.katalon.core.common.CommonExecutor.accessTestCaseMainPhase(CommonExecutor.java:65)
	at com.kms.katalon.core.main.TestSuiteExecutor.accessTestSuiteMainPhase(TestSuiteExecutor.java:144)
	at com.kms.katalon.core.main.TestSuiteExecutor.execute(TestSuiteExecutor.java:106)
	at com.kms.katalon.core.main.TestCaseMain.startTestSuite(TestCaseMain.java:185)
	at com.kms.katalon.core.main.TestCaseMain$startTestSuite$0.call(Unknown Source)
	at TempTestSuite1655885093224.run(TempTestSuite1655885093224.groovy:36)
)

2022-06-22 16:47:28 - [MESSAGE][FAILED] - Cannot swipe on device. (Root cause: org.openqa.selenium.WebDriverException: An unknown server-side error occurred while processing the command. Original error: 'POST /touch/perform' cannot be proxied to UiAutomator2 server because the instrumentation process is not running (probably crashed). Check the server log and/or the logcat output for more details
Build info: version: '3.141.59', revision: 'e82be7d358', time: '2018-11-14T08:25:53'
System info: host: '00139272s-MacBook-Pro.local', ip: '2001:e68:6167:d901:5dd8:2a3:885f:7e34%en0', os.name: 'Mac OS X', os.arch: 'x86_64', os.version: '10.16', java.version: '1.8.0_275'
Driver info: com.kms.katalon.core.appium.driver.SwipeableAndroidDriver
Capabilities {app: /Users/a00139272/Katalon St..., appActivity: com.maybank2u.life.MainActi..., appPackage: com.maybank2u.life.sit, appWaitActivity: *, autoGrantPermissions: true, automationName: uiautomator2, chromedriverPort: 52878, databaseEnabled: false, desired: {app: /Users/a00139272/Katalon St..., appActivity: com.maybank2u.life.MainActi..., appPackage: com.maybank2u.life.sit, appWaitActivity: *, autoGrantPermissions: true, automationName: uiautomator2, chromedriverPort: 52878, deviceId: 002b9cc60508, deviceName: Xiaomi 21061119AG (Android 11), fullReset: false, newCommandTimeout: 1800, noReset: true, platform: ANDROID, platformName: android, platformVersion: 11, systemPort: 52876, udid: 002b9cc60508}, deviceApiLevel: 30, deviceId: 002b9cc60508, deviceManufacturer: Xiaomi, deviceModel: 21061119AG, deviceName: 002b9cc60508, deviceScreenDensity: 440, deviceScreenSize: 1080x2400, deviceUDID: 002b9cc60508, fullReset: false, javascriptEnabled: true, locationContextEnabled: false, networkConnectionEnabled: true, newCommandTimeout: 1800, noReset: true, pixelRatio: 2.75, platform: ANDROID, platformName: Android, platformVersion: 11, statBarHeight: 103, systemPort: 52876, takesScreenshot: true, udid: 002b9cc60508, viewportRect: {height: 2064, left: 0, top: 103, width: 1080}, warnings: {}, webStorageEnabled: false}
Session ID: 07e0a906-f567-4646-abfd-84c6cc800d18
	at org.openqa.selenium.remote.http.W3CHttpResponseCodec.createException(W3CHttpResponseCodec.java:187)
	at org.openqa.selenium.remote.http.W3CHttpResponseCodec.decode(W3CHttpResponseCodec.java:122)
	at org.openqa.selenium.remote.http.W3CHttpResponseCodec.decode(W3CHttpResponseCodec.java:49)
	at org.openqa.selenium.remote.HttpCommandExecutor.execute(HttpCommandExecutor.java:158)
	at io.appium.java_client.remote.AppiumCommandExecutor.execute(AppiumCommandExecutor.java:239)
	at org.openqa.selenium.remote.RemoteWebDriver.execute(RemoteWebDriver.java:552)
	at io.appium.java_client.DefaultGenericMobileDriver.execute(DefaultGenericMobileDriver.java:42)
	at io.appium.java_client.AppiumDriver.execute(AppiumDriver.java:1)
	at io.appium.java_client.android.AndroidDriver.execute(AndroidDriver.java:1)
	at com.kms.katalon.core.appium.driver.SwipeableAndroidDriver.execute(SwipeableAndroidDriver.java:1)
	at io.appium.java_client.PerformsTouchActions.performTouchAction(PerformsTouchActions.java:41)
	at io.appium.java_client.TouchAction.perform(TouchAction.java:187)
	at com.kms.katalon.core.mobile.helper.MobileCommonHelper.swipe(MobileCommonHelper.java:61)
	at com.kms.katalon.core.mobile.keyword.builtin.SwipeKeyword$_swipe_closure1.doCall(SwipeKeyword.groovy:76)
	at com.kms.katalon.core.mobile.keyword.builtin.SwipeKeyword$_swipe_closure1.call(SwipeKeyword.groovy)
	at com.kms.katalon.core.mobile.keyword.internal.MobileKeywordMain.runKeyword(MobileKeywordMain.groovy:21)
	at com.kms.katalon.core.mobile.keyword.builtin.SwipeKeyword.swipe(SwipeKeyword.groovy:71)
	at com.kms.katalon.core.mobile.keyword.builtin.SwipeKeyword.execute(SwipeKeyword.groovy:66)
	at com.kms.katalon.core.keyword.internal.KeywordExecutor.executeKeywordForPlatform(KeywordExecutor.groovy:74)
	at com.kms.katalon.core.mobile.keyword.MobileBuiltInKeywords.swipe(MobileBuiltInKeywords.groovy:192)
	at com.kms.katalon.core.mobile.keyword.MobileBuiltInKeywords$swipe$10.call(Unknown Source)
	at duitNow_mobileNumberTransaction.run(duitNow_mobileNumberTransaction:280)
	at com.kms.katalon.core.main.ScriptEngine.run(ScriptEngine.java:194)
	at com.kms.katalon.core.main.ScriptEngine.runScriptAsRawText(ScriptEngine.java:119)
	at com.kms.katalon.core.main.TestCaseExecutor.runScript(TestCaseExecutor.java:445)
	at com.kms.katalon.core.main.TestCaseExecutor.doExecute(TestCaseExecutor.java:436)
	at com.kms.katalon.core.main.TestCaseExecutor.processExecutionPhase(TestCaseExecutor.java:415)
	at com.kms.katalon.core.main.TestCaseExecutor.accessMainPhase(TestCaseExecutor.java:407)
	at com.kms.katalon.core.main.TestCaseExecutor.execute(TestCaseExecutor.java:284)
	at com.kms.katalon.core.common.CommonExecutor.accessTestCaseMainPhase(CommonExecutor.java:65)
	at com.kms.katalon.core.main.TestSuiteExecutor.accessTestSuiteMainPhase(TestSuiteExecutor.java:144)
	at com.kms.katalon.core.main.TestSuiteExecutor.execute(TestSuiteExecutor.java:106)
	at com.kms.katalon.core.main.TestCaseMain.startTestSuite(TestCaseMain.java:185)
	at com.kms.katalon.core.main.TestCaseMain$startTestSuite$0.call(Unknown Source)
	at TempTestSuite1655885093224.run(TempTestSuite1655885093224.groovy:36)
)

2022-06-22 16:47:28 - [TEST_STEP][FAILED] - verifyElementExist(findTestObject("Transfer/transferConfirmationFTransferFromTitleTxt"), 0): Failed to check for element 'Object Repository/Transfer/transferConfirmationFTransferFromTitleTxt' exist (Root cause: org.openqa.selenium.WebDriverException: An unknown server-side error occurred while processing the command. Original error: 'GET /window/current/size' cannot be proxied to UiAutomator2 server because the instrumentation process is not running (probably crashed). Check the server log and/or the logcat output for more details
Build info: version: '3.141.59', revision: 'e82be7d358', time: '2018-11-14T08:25:53'
System info: host: '00139272s-MacBook-Pro.local', ip: '2001:e68:6167:d901:5dd8:2a3:885f:7e34%en0', os.name: 'Mac OS X', os.arch: 'x86_64', os.version: '10.16', java.version: '1.8.0_275'
Driver info: com.kms.katalon.core.appium.driver.SwipeableAndroidDriver
Capabilities {app: /Users/a00139272/Katalon St..., appActivity: com.maybank2u.life.MainActi..., appPackage: com.maybank2u.life.sit, appWaitActivity: *, autoGrantPermissions: true, automationName: uiautomator2, chromedriverPort: 52878, databaseEnabled: false, desired: {app: /Users/a00139272/Katalon St..., appActivity: com.maybank2u.life.MainActi..., appPackage: com.maybank2u.life.sit, appWaitActivity: *, autoGrantPermissions: true, automationName: uiautomator2, chromedriverPort: 52878, deviceId: 002b9cc60508, deviceName: Xiaomi 21061119AG (Android 11), fullReset: false, newCommandTimeout: 1800, noReset: true, platform: ANDROID, platformName: android, platformVersion: 11, systemPort: 52876, udid: 002b9cc60508}, deviceApiLevel: 30, deviceId: 002b9cc60508, deviceManufacturer: Xiaomi, deviceModel: 21061119AG, deviceName: 002b9cc60508, deviceScreenDensity: 440, deviceScreenSize: 1080x2400, deviceUDID: 002b9cc60508, fullReset: false, javascriptEnabled: true, locationContextEnabled: false, networkConnectionEnabled: true, newCommandTimeout: 1800, noReset: true, pixelRatio: 2.75, platform: ANDROID, platformName: Android, platformVersion: 11, statBarHeight: 103, systemPort: 52876, takesScreenshot: true, udid: 002b9cc60508, viewportRect: {height: 2064, left: 0, top: 103, width: 1080}, warnings: {}, webStorageEnabled: false}
Session ID: 07e0a906-f567-4646-abfd-84c6cc800d18
	at org.openqa.selenium.remote.http.W3CHttpResponseCodec.createException(W3CHttpResponseCodec.java:187)
	at org.openqa.selenium.remote.http.W3CHttpResponseCodec.decode(W3CHttpResponseCodec.java:122)
	at org.openqa.selenium.remote.http.W3CHttpResponseCodec.decode(W3CHttpResponseCodec.java:49)
	at org.openqa.selenium.remote.HttpCommandExecutor.execute(HttpCommandExecutor.java:158)
	at io.appium.java_client.remote.AppiumCommandExecutor.execute(AppiumCommandExecutor.java:239)
	at org.openqa.selenium.remote.RemoteWebDriver.execute(RemoteWebDriver.java:552)
	at io.appium.java_client.DefaultGenericMobileDriver.execute(DefaultGenericMobileDriver.java:46)
	at io.appium.java_client.AppiumDriver.execute(AppiumDriver.java:1)
	at io.appium.java_client.android.AndroidDriver.execute(AndroidDriver.java:1)
	at com.kms.katalon.core.appium.driver.SwipeableAndroidDriver.execute(SwipeableAndroidDriver.java:1)
	at org.openqa.selenium.remote.RemoteWebDriver$RemoteWebDriverOptions$RemoteWindow.getSize(RemoteWebDriver.java:813)
	at org.openqa.selenium.WebDriver$Window$getSize.call(Unknown Source)
	at com.kms.katalon.core.mobile.keyword.internal.MobileAbstractKeyword.findElement(MobileAbstractKeyword.groovy:81)
	at com.kms.katalon.core.mobile.keyword.builtin.VerifyElementExistKeyword.access$1(VerifyElementExistKeyword.groovy)
	at com.kms.katalon.core.mobile.keyword.builtin.VerifyElementExistKeyword$_verifyElementExist_closure1.doCall(VerifyElementExistKeyword.groovy:72)
	at com.kms.katalon.core.mobile.keyword.builtin.VerifyElementExistKeyword$_verifyElementExist_closure1.call(VerifyElementExistKeyword.groovy)
	at com.kms.katalon.core.mobile.keyword.internal.MobileKeywordMain.runKeyword(MobileKeywordMain.groovy:21)
	at com.kms.katalon.core.mobile.keyword.builtin.VerifyElementExistKeyword.verifyElementExist(VerifyElementExistKeyword.groovy:80)
	at com.kms.katalon.core.mobile.keyword.builtin.VerifyElementExistKeyword.execute(VerifyElementExistKeyword.groovy:64)
	at com.kms.katalon.core.keyword.internal.KeywordExecutor.executeKeywordForPlatform(KeywordExecutor.groovy:74)
	at com.kms.katalon.core.mobile.keyword.MobileBuiltInKeywords.verifyElementExist(MobileBuiltInKeywords.groovy:1755)
	at com.kms.katalon.core.mobile.keyword.MobileBuiltInKeywords$verifyElementExist$8.call(Unknown Source)
	at duitNow_mobileNumberTransaction.run(duitNow_mobileNumberTransaction:282)
	at com.kms.katalon.core.main.ScriptEngine.run(ScriptEngine.java:194)
	at com.kms.katalon.core.main.ScriptEngine.runScriptAsRawText(ScriptEngine.java:119)
	at com.kms.katalon.core.main.TestCaseExecutor.runScript(TestCaseExecutor.java:445)
	at com.kms.katalon.core.main.TestCaseExecutor.doExecute(TestCaseExecutor.java:436)
	at com.kms.katalon.core.main.TestCaseExecutor.processExecutionPhase(TestCaseExecutor.java:415)
	at com.kms.katalon.core.main.TestCaseExecutor.accessMainPhase(TestCaseExecutor.java:407)
	at com.kms.katalon.core.main.TestCaseExecutor.execute(TestCaseExecutor.java:284)
	at com.kms.katalon.core.common.CommonExecutor.accessTestCaseMainPhase(CommonExecutor.java:65)
	at com.kms.katalon.core.main.TestSuiteExecutor.accessTestSuiteMainPhase(TestSuiteExecutor.java:144)
	at com.kms.katalon.core.main.TestSuiteExecutor.execute(TestSuiteExecutor.java:106)
	at com.kms.katalon.core.main.TestCaseMain.startTestSuite(TestCaseMain.java:185)
	at com.kms.katalon.core.main.TestCaseMain$startTestSuite$0.call(Unknown Source)
	at TempTestSuite1655885093224.run(TempTestSuite1655885093224.groovy:36)
)

2022-06-22 16:47:28 - [MESSAGE][WARNING] - Timeout '0' is invalid. Using default page load timeout: '40'

2022-06-22 16:47:28 - [MESSAGE][FAILED] - Failed to check for element 'Object Repository/Transfer/transferConfirmationFTransferFromTitleTxt' exist (Root cause: org.openqa.selenium.WebDriverException: An unknown server-side error occurred while processing the command. Original error: 'GET /window/current/size' cannot be proxied to UiAutomator2 server because the instrumentation process is not running (probably crashed). Check the server log and/or the logcat output for more details
Build info: version: '3.141.59', revision: 'e82be7d358', time: '2018-11-14T08:25:53'
System info: host: '00139272s-MacBook-Pro.local', ip: '2001:e68:6167:d901:5dd8:2a3:885f:7e34%en0', os.name: 'Mac OS X', os.arch: 'x86_64', os.version: '10.16', java.version: '1.8.0_275'
Driver info: com.kms.katalon.core.appium.driver.SwipeableAndroidDriver
Capabilities {app: /Users/a00139272/Katalon St..., appActivity: com.maybank2u.life.MainActi..., appPackage: com.maybank2u.life.sit, appWaitActivity: *, autoGrantPermissions: true, automationName: uiautomator2, chromedriverPort: 52878, databaseEnabled: false, desired: {app: /Users/a00139272/Katalon St..., appActivity: com.maybank2u.life.MainActi..., appPackage: com.maybank2u.life.sit, appWaitActivity: *, autoGrantPermissions: true, automationName: uiautomator2, chromedriverPort: 52878, deviceId: 002b9cc60508, deviceName: Xiaomi 21061119AG (Android 11), fullReset: false, newCommandTimeout: 1800, noReset: true, platform: ANDROID, platformName: android, platformVersion: 11, systemPort: 52876, udid: 002b9cc60508}, deviceApiLevel: 30, deviceId: 002b9cc60508, deviceManufacturer: Xiaomi, deviceModel: 21061119AG, deviceName: 002b9cc60508, deviceScreenDensity: 440, deviceScreenSize: 1080x2400, deviceUDID: 002b9cc60508, fullReset: false, javascriptEnabled: true, locationContextEnabled: false, networkConnectionEnabled: true, newCommandTimeout: 1800, noReset: true, pixelRatio: 2.75, platform: ANDROID, platformName: Android, platformVersion: 11, statBarHeight: 103, systemPort: 52876, takesScreenshot: true, udid: 002b9cc60508, viewportRect: {height: 2064, left: 0, top: 103, width: 1080}, warnings: {}, webStorageEnabled: false}
Session ID: 07e0a906-f567-4646-abfd-84c6cc800d18
	at org.openqa.selenium.remote.http.W3CHttpResponseCodec.createException(W3CHttpResponseCodec.java:187)
	at org.openqa.selenium.remote.http.W3CHttpResponseCodec.decode(W3CHttpResponseCodec.java:122)
	at org.openqa.selenium.remote.http.W3CHttpResponseCodec.decode(W3CHttpResponseCodec.java:49)
	at org.openqa.selenium.remote.HttpCommandExecutor.execute(HttpCommandExecutor.java:158)
	at io.appium.java_client.remote.AppiumCommandExecutor.execute(AppiumCommandExecutor.java:239)
	at org.openqa.selenium.remote.RemoteWebDriver.execute(RemoteWebDriver.java:552)
	at io.appium.java_client.DefaultGenericMobileDriver.execute(DefaultGenericMobileDriver.java:46)
	at io.appium.java_client.AppiumDriver.execute(AppiumDriver.java:1)
	at io.appium.java_client.android.AndroidDriver.execute(AndroidDriver.java:1)
	at com.kms.katalon.core.appium.driver.SwipeableAndroidDriver.execute(SwipeableAndroidDriver.java:1)
	at org.openqa.selenium.remote.RemoteWebDriver$RemoteWebDriverOptions$RemoteWindow.getSize(RemoteWebDriver.java:813)
	at org.openqa.selenium.WebDriver$Window$getSize.call(Unknown Source)
	at com.kms.katalon.core.mobile.keyword.internal.MobileAbstractKeyword.findElement(MobileAbstractKeyword.groovy:81)
	at com.kms.katalon.core.mobile.keyword.builtin.VerifyElementExistKeyword.access$1(VerifyElementExistKeyword.groovy)
	at com.kms.katalon.core.mobile.keyword.builtin.VerifyElementExistKeyword$_verifyElementExist_closure1.doCall(VerifyElementExistKeyword.groovy:72)
	at com.kms.katalon.core.mobile.keyword.builtin.VerifyElementExistKeyword$_verifyElementExist_closure1.call(VerifyElementExistKeyword.groovy)
	at com.kms.katalon.core.mobile.keyword.internal.MobileKeywordMain.runKeyword(MobileKeywordMain.groovy:21)
	at com.kms.katalon.core.mobile.keyword.builtin.VerifyElementExistKeyword.verifyElementExist(VerifyElementExistKeyword.groovy:80)
	at com.kms.katalon.core.mobile.keyword.builtin.VerifyElementExistKeyword.execute(VerifyElementExistKeyword.groovy:64)
	at com.kms.katalon.core.keyword.internal.KeywordExecutor.executeKeywordForPlatform(KeywordExecutor.groovy:74)
	at com.kms.katalon.core.mobile.keyword.MobileBuiltInKeywords.verifyElementExist(MobileBuiltInKeywords.groovy:1755)
	at com.kms.katalon.core.mobile.keyword.MobileBuiltInKeywords$verifyElementExist$8.call(Unknown Source)
	at duitNow_mobileNumberTransaction.run(duitNow_mobileNumberTransaction:282)
	at com.kms.katalon.core.main.ScriptEngine.run(ScriptEngine.java:194)
	at com.kms.katalon.core.main.ScriptEngine.runScriptAsRawText(ScriptEngine.java:119)
	at com.kms.katalon.core.main.TestCaseExecutor.runScript(TestCaseExecutor.java:445)
	at com.kms.katalon.core.main.TestCaseExecutor.doExecute(TestCaseExecutor.java:436)
	at com.kms.katalon.core.main.TestCaseExecutor.processExecutionPhase(TestCaseExecutor.java:415)
	at com.kms.katalon.core.main.TestCaseExecutor.accessMainPhase(TestCaseExecutor.java:407)
	at com.kms.katalon.core.main.TestCaseExecutor.execute(TestCaseExecutor.java:284)
	at com.kms.katalon.core.common.CommonExecutor.accessTestCaseMainPhase(CommonExecutor.java:65)
	at com.kms.katalon.core.main.TestSuiteExecutor.accessTestSuiteMainPhase(TestSuiteExecutor.java:144)
	at com.kms.katalon.core.main.TestSuiteExecutor.execute(TestSuiteExecutor.java:106)
	at com.kms.katalon.core.main.TestCaseMain.startTestSuite(TestCaseMain.java:185)
	at com.kms.katalon.core.main.TestCaseMain$startTestSuite$0.call(Unknown Source)
	at TempTestSuite1655885093224.run(TempTestSuite1655885093224.groovy:36)
)

2022-06-22 16:47:28 - [TEST_STEP][FAILED] - verifyElementExist(findTestObject("Duit Now/duitNowConfirmationNoteTitleTxt"), 0): Failed to check for element 'Object Repository/Duit Now/duitNowConfirmationNoteTitleTxt' exist (Root cause: org.openqa.selenium.WebDriverException: An unknown server-side error occurred while processing the command. Original error: 'GET /window/current/size' cannot be proxied to UiAutomator2 server because the instrumentation process is not running (probably crashed). Check the server log and/or the logcat output for more details
Build info: version: '3.141.59', revision: 'e82be7d358', time: '2018-11-14T08:25:53'
System info: host: '00139272s-MacBook-Pro.local', ip: '2001:e68:6167:d901:5dd8:2a3:885f:7e34%en0', os.name: 'Mac OS X', os.arch: 'x86_64', os.version: '10.16', java.version: '1.8.0_275'
Driver info: com.kms.katalon.core.appium.driver.SwipeableAndroidDriver
Capabilities {app: /Users/a00139272/Katalon St..., appActivity: com.maybank2u.life.MainActi..., appPackage: com.maybank2u.life.sit, appWaitActivity: *, autoGrantPermissions: true, automationName: uiautomator2, chromedriverPort: 52878, databaseEnabled: false, desired: {app: /Users/a00139272/Katalon St..., appActivity: com.maybank2u.life.MainActi..., appPackage: com.maybank2u.life.sit, appWaitActivity: *, autoGrantPermissions: true, automationName: uiautomator2, chromedriverPort: 52878, deviceId: 002b9cc60508, deviceName: Xiaomi 21061119AG (Android 11), fullReset: false, newCommandTimeout: 1800, noReset: true, platform: ANDROID, platformName: android, platformVersion: 11, systemPort: 52876, udid: 002b9cc60508}, deviceApiLevel: 30, deviceId: 002b9cc60508, deviceManufacturer: Xiaomi, deviceModel: 21061119AG, deviceName: 002b9cc60508, deviceScreenDensity: 440, deviceScreenSize: 1080x2400, deviceUDID: 002b9cc60508, fullReset: false, javascriptEnabled: true, locationContextEnabled: false, networkConnectionEnabled: true, newCommandTimeout: 1800, noReset: true, pixelRatio: 2.75, platform: ANDROID, platformName: Android, platformVersion: 11, statBarHeight: 103, systemPort: 52876, takesScreenshot: true, udid: 002b9cc60508, viewportRect: {height: 2064, left: 0, top: 103, width: 1080}, warnings: {}, webStorageEnabled: false}
Session ID: 07e0a906-f567-4646-abfd-84c6cc800d18
	at org.openqa.selenium.remote.http.W3CHttpResponseCodec.createException(W3CHttpResponseCodec.java:187)
	at org.openqa.selenium.remote.http.W3CHttpResponseCodec.decode(W3CHttpResponseCodec.java:122)
	at org.openqa.selenium.remote.http.W3CHttpResponseCodec.decode(W3CHttpResponseCodec.java:49)
	at org.openqa.selenium.remote.HttpCommandExecutor.execute(HttpCommandExecutor.java:158)
	at io.appium.java_client.remote.AppiumCommandExecutor.execute(AppiumCommandExecutor.java:239)
	at org.openqa.selenium.remote.RemoteWebDriver.execute(RemoteWebDriver.java:552)
	at io.appium.java_client.DefaultGenericMobileDriver.execute(DefaultGenericMobileDriver.java:46)
	at io.appium.java_client.AppiumDriver.execute(AppiumDriver.java:1)
	at io.appium.java_client.android.AndroidDriver.execute(AndroidDriver.java:1)
	at com.kms.katalon.core.appium.driver.SwipeableAndroidDriver.execute(SwipeableAndroidDriver.java:1)
	at org.openqa.selenium.remote.RemoteWebDriver$RemoteWebDriverOptions$RemoteWindow.getSize(RemoteWebDriver.java:813)
	at org.openqa.selenium.WebDriver$Window$getSize.call(Unknown Source)
	at com.kms.katalon.core.mobile.keyword.internal.MobileAbstractKeyword.findElement(MobileAbstractKeyword.groovy:81)
	at com.kms.katalon.core.mobile.keyword.builtin.VerifyElementExistKeyword.access$1(VerifyElementExistKeyword.groovy)
	at com.kms.katalon.core.mobile.keyword.builtin.VerifyElementExistKeyword$_verifyElementExist_closure1.doCall(VerifyElementExistKeyword.groovy:72)
	at com.kms.katalon.core.mobile.keyword.builtin.VerifyElementExistKeyword$_verifyElementExist_closure1.call(VerifyElementExistKeyword.groovy)
	at com.kms.katalon.core.mobile.keyword.internal.MobileKeywordMain.runKeyword(MobileKeywordMain.groovy:21)
	at com.kms.katalon.core.mobile.keyword.builtin.VerifyElementExistKeyword.verifyElementExist(VerifyElementExistKeyword.groovy:80)
	at com.kms.katalon.core.mobile.keyword.builtin.VerifyElementExistKeyword.execute(VerifyElementExistKeyword.groovy:64)
	at com.kms.katalon.core.keyword.internal.KeywordExecutor.executeKeywordForPlatform(KeywordExecutor.groovy:74)
	at com.kms.katalon.core.mobile.keyword.MobileBuiltInKeywords.verifyElementExist(MobileBuiltInKeywords.groovy:1755)
	at com.kms.katalon.core.mobile.keyword.MobileBuiltInKeywords$verifyElementExist$8.call(Unknown Source)
	at duitNow_mobileNumberTransaction.run(duitNow_mobileNumberTransaction:284)
	at com.kms.katalon.core.main.ScriptEngine.run(ScriptEngine.java:194)
	at com.kms.katalon.core.main.ScriptEngine.runScriptAsRawText(ScriptEngine.java:119)
	at com.kms.katalon.core.main.TestCaseExecutor.runScript(TestCaseExecutor.java:445)
	at com.kms.katalon.core.main.TestCaseExecutor.doExecute(TestCaseExecutor.java:436)
	at com.kms.katalon.core.main.TestCaseExecutor.processExecutionPhase(TestCaseExecutor.java:415)
	at com.kms.katalon.core.main.TestCaseExecutor.accessMainPhase(TestCaseExecutor.java:407)
	at com.kms.katalon.core.main.TestCaseExecutor.execute(TestCaseExecutor.java:284)
	at com.kms.katalon.core.common.CommonExecutor.accessTestCaseMainPhase(CommonExecutor.java:65)
	at com.kms.katalon.core.main.TestSuiteExecutor.accessTestSuiteMainPhase(TestSuiteExecutor.java:144)
	at com.kms.katalon.core.main.TestSuiteExecutor.execute(TestSuiteExecutor.java:106)
	at com.kms.katalon.core.main.TestCaseMain.startTestSuite(TestCaseMain.java:185)
	at com.kms.katalon.core.main.TestCaseMain$startTestSuite$0.call(Unknown Source)
	at TempTestSuite1655885093224.run(TempTestSuite1655885093224.groovy:36)
)

2022-06-22 16:47:28 - [MESSAGE][WARNING] - Timeout '0' is invalid. Using default page load timeout: '40'

2022-06-22 16:47:28 - [MESSAGE][FAILED] - Failed to check for element 'Object Repository/Duit Now/duitNowConfirmationNoteTitleTxt' exist (Root cause: org.openqa.selenium.WebDriverException: An unknown server-side error occurred while processing the command. Original error: 'GET /window/current/size' cannot be proxied to UiAutomator2 server because the instrumentation process is not running (probably crashed). Check the server log and/or the logcat output for more details
Build info: version: '3.141.59', revision: 'e82be7d358', time: '2018-11-14T08:25:53'
System info: host: '00139272s-MacBook-Pro.local', ip: '2001:e68:6167:d901:5dd8:2a3:885f:7e34%en0', os.name: 'Mac OS X', os.arch: 'x86_64', os.version: '10.16', java.version: '1.8.0_275'
Driver info: com.kms.katalon.core.appium.driver.SwipeableAndroidDriver
Capabilities {app: /Users/a00139272/Katalon St..., appActivity: com.maybank2u.life.MainActi..., appPackage: com.maybank2u.life.sit, appWaitActivity: *, autoGrantPermissions: true, automationName: uiautomator2, chromedriverPort: 52878, databaseEnabled: false, desired: {app: /Users/a00139272/Katalon St..., appActivity: com.maybank2u.life.MainActi..., appPackage: com.maybank2u.life.sit, appWaitActivity: *, autoGrantPermissions: true, automationName: uiautomator2, chromedriverPort: 52878, deviceId: 002b9cc60508, deviceName: Xiaomi 21061119AG (Android 11), fullReset: false, newCommandTimeout: 1800, noReset: true, platform: ANDROID, platformName: android, platformVersion: 11, systemPort: 52876, udid: 002b9cc60508}, deviceApiLevel: 30, deviceId: 002b9cc60508, deviceManufacturer: Xiaomi, deviceModel: 21061119AG, deviceName: 002b9cc60508, deviceScreenDensity: 440, deviceScreenSize: 1080x2400, deviceUDID: 002b9cc60508, fullReset: false, javascriptEnabled: true, locationContextEnabled: false, networkConnectionEnabled: true, newCommandTimeout: 1800, noReset: true, pixelRatio: 2.75, platform: ANDROID, platformName: Android, platformVersion: 11, statBarHeight: 103, systemPort: 52876, takesScreenshot: true, udid: 002b9cc60508, viewportRect: {height: 2064, left: 0, top: 103, width: 1080}, warnings: {}, webStorageEnabled: false}
Session ID: 07e0a906-f567-4646-abfd-84c6cc800d18
	at org.openqa.selenium.remote.http.W3CHttpResponseCodec.createException(W3CHttpResponseCodec.java:187)
	at org.openqa.selenium.remote.http.W3CHttpResponseCodec.decode(W3CHttpResponseCodec.java:122)
	at org.openqa.selenium.remote.http.W3CHttpResponseCodec.decode(W3CHttpResponseCodec.java:49)
	at org.openqa.selenium.remote.HttpCommandExecutor.execute(HttpCommandExecutor.java:158)
	at io.appium.java_client.remote.AppiumCommandExecutor.execute(AppiumCommandExecutor.java:239)
	at org.openqa.selenium.remote.RemoteWebDriver.execute(RemoteWebDriver.java:552)
	at io.appium.java_client.DefaultGenericMobileDriver.execute(DefaultGenericMobileDriver.java:46)
	at io.appium.java_client.AppiumDriver.execute(AppiumDriver.java:1)
	at io.appium.java_client.android.AndroidDriver.execute(AndroidDriver.java:1)
	at com.kms.katalon.core.appium.driver.SwipeableAndroidDriver.execute(SwipeableAndroidDriver.java:1)
	at org.openqa.selenium.remote.RemoteWebDriver$RemoteWebDriverOptions$RemoteWindow.getSize(RemoteWebDriver.java:813)
	at org.openqa.selenium.WebDriver$Window$getSize.call(Unknown Source)
	at com.kms.katalon.core.mobile.keyword.internal.MobileAbstractKeyword.findElement(MobileAbstractKeyword.groovy:81)
	at com.kms.katalon.core.mobile.keyword.builtin.VerifyElementExistKeyword.access$1(VerifyElementExistKeyword.groovy)
	at com.kms.katalon.core.mobile.keyword.builtin.VerifyElementExistKeyword$_verifyElementExist_closure1.doCall(VerifyElementExistKeyword.groovy:72)
	at com.kms.katalon.core.mobile.keyword.builtin.VerifyElementExistKeyword$_verifyElementExist_closure1.call(VerifyElementExistKeyword.groovy)
	at com.kms.katalon.core.mobile.keyword.internal.MobileKeywordMain.runKeyword(MobileKeywordMain.groovy:21)
	at com.kms.katalon.core.mobile.keyword.builtin.VerifyElementExistKeyword.verifyElementExist(VerifyElementExistKeyword.groovy:80)
	at com.kms.katalon.core.mobile.keyword.builtin.VerifyElementExistKeyword.execute(VerifyElementExistKeyword.groovy:64)
	at com.kms.katalon.core.keyword.internal.KeywordExecutor.executeKeywordForPlatform(KeywordExecutor.groovy:74)
	at com.kms.katalon.core.mobile.keyword.MobileBuiltInKeywords.verifyElementExist(MobileBuiltInKeywords.groovy:1755)
	at com.kms.katalon.core.mobile.keyword.MobileBuiltInKeywords$verifyElementExist$8.call(Unknown Source)
	at duitNow_mobileNumberTransaction.run(duitNow_mobileNumberTransaction:284)
	at com.kms.katalon.core.main.ScriptEngine.run(ScriptEngine.java:194)
	at com.kms.katalon.core.main.ScriptEngine.runScriptAsRawText(ScriptEngine.java:119)
	at com.kms.katalon.core.main.TestCaseExecutor.runScript(TestCaseExecutor.java:445)
	at com.kms.katalon.core.main.TestCaseExecutor.doExecute(TestCaseExecutor.java:436)
	at com.kms.katalon.core.main.TestCaseExecutor.processExecutionPhase(TestCaseExecutor.java:415)
	at com.kms.katalon.core.main.TestCaseExecutor.accessMainPhase(TestCaseExecutor.java:407)
	at com.kms.katalon.core.main.TestCaseExecutor.execute(TestCaseExecutor.java:284)
	at com.kms.katalon.core.common.CommonExecutor.accessTestCaseMainPhase(CommonExecutor.java:65)
	at com.kms.katalon.core.main.TestSuiteExecutor.accessTestSuiteMainPhase(TestSuiteExecutor.java:144)
	at com.kms.katalon.core.main.TestSuiteExecutor.execute(TestSuiteExecutor.java:106)
	at com.kms.katalon.core.main.TestCaseMain.startTestSuite(TestCaseMain.java:185)
	at com.kms.katalon.core.main.TestCaseMain$startTestSuite$0.call(Unknown Source)
	at TempTestSuite1655885093224.run(TempTestSuite1655885093224.groovy:36)
)

2022-06-22 16:47:28 - [TEST_STEP][FAILED] - verifyElementExist(findTestObject("Duit Now/duitNowConfirmationDeclarationTitleTxt"), 0): Failed to check for element 'Object Repository/Duit Now/duitNowConfirmationDeclarationTitleTxt' exist (Root cause: org.openqa.selenium.WebDriverException: An unknown server-side error occurred while processing the command. Original error: 'GET /window/current/size' cannot be proxied to UiAutomator2 server because the instrumentation process is not running (probably crashed). Check the server log and/or the logcat output for more details
Build info: version: '3.141.59', revision: 'e82be7d358', time: '2018-11-14T08:25:53'
System info: host: '00139272s-MacBook-Pro.local', ip: '2001:e68:6167:d901:5dd8:2a3:885f:7e34%en0', os.name: 'Mac OS X', os.arch: 'x86_64', os.version: '10.16', java.version: '1.8.0_275'
Driver info: com.kms.katalon.core.appium.driver.SwipeableAndroidDriver
Capabilities {app: /Users/a00139272/Katalon St..., appActivity: com.maybank2u.life.MainActi..., appPackage: com.maybank2u.life.sit, appWaitActivity: *, autoGrantPermissions: true, automationName: uiautomator2, chromedriverPort: 52878, databaseEnabled: false, desired: {app: /Users/a00139272/Katalon St..., appActivity: com.maybank2u.life.MainActi..., appPackage: com.maybank2u.life.sit, appWaitActivity: *, autoGrantPermissions: true, automationName: uiautomator2, chromedriverPort: 52878, deviceId: 002b9cc60508, deviceName: Xiaomi 21061119AG (Android 11), fullReset: false, newCommandTimeout: 1800, noReset: true, platform: ANDROID, platformName: android, platformVersion: 11, systemPort: 52876, udid: 002b9cc60508}, deviceApiLevel: 30, deviceId: 002b9cc60508, deviceManufacturer: Xiaomi, deviceModel: 21061119AG, deviceName: 002b9cc60508, deviceScreenDensity: 440, deviceScreenSize: 1080x2400, deviceUDID: 002b9cc60508, fullReset: false, javascriptEnabled: true, locationContextEnabled: false, networkConnectionEnabled: true, newCommandTimeout: 1800, noReset: true, pixelRatio: 2.75, platform: ANDROID, platformName: Android, platformVersion: 11, statBarHeight: 103, systemPort: 52876, takesScreenshot: true, udid: 002b9cc60508, viewportRect: {height: 2064, left: 0, top: 103, width: 1080}, warnings: {}, webStorageEnabled: false}
Session ID: 07e0a906-f567-4646-abfd-84c6cc800d18
	at org.openqa.selenium.remote.http.W3CHttpResponseCodec.createException(W3CHttpResponseCodec.java:187)
	at org.openqa.selenium.remote.http.W3CHttpResponseCodec.decode(W3CHttpResponseCodec.java:122)
	at org.openqa.selenium.remote.http.W3CHttpResponseCodec.decode(W3CHttpResponseCodec.java:49)
	at org.openqa.selenium.remote.HttpCommandExecutor.execute(HttpCommandExecutor.java:158)
	at io.appium.java_client.remote.AppiumCommandExecutor.execute(AppiumCommandExecutor.java:239)
	at org.openqa.selenium.remote.RemoteWebDriver.execute(RemoteWebDriver.java:552)
	at io.appium.java_client.DefaultGenericMobileDriver.execute(DefaultGenericMobileDriver.java:46)
	at io.appium.java_client.AppiumDriver.execute(AppiumDriver.java:1)
	at io.appium.java_client.android.AndroidDriver.execute(AndroidDriver.java:1)
	at com.kms.katalon.core.appium.driver.SwipeableAndroidDriver.execute(SwipeableAndroidDriver.java:1)
	at org.openqa.selenium.remote.RemoteWebDriver$RemoteWebDriverOptions$RemoteWindow.getSize(RemoteWebDriver.java:813)
	at org.openqa.selenium.WebDriver$Window$getSize.call(Unknown Source)
	at com.kms.katalon.core.mobile.keyword.internal.MobileAbstractKeyword.findElement(MobileAbstractKeyword.groovy:81)
	at com.kms.katalon.core.mobile.keyword.builtin.VerifyElementExistKeyword.access$1(VerifyElementExistKeyword.groovy)
	at com.kms.katalon.core.mobile.keyword.builtin.VerifyElementExistKeyword$_verifyElementExist_closure1.doCall(VerifyElementExistKeyword.groovy:72)
	at com.kms.katalon.core.mobile.keyword.builtin.VerifyElementExistKeyword$_verifyElementExist_closure1.call(VerifyElementExistKeyword.groovy)
	at com.kms.katalon.core.mobile.keyword.internal.MobileKeywordMain.runKeyword(MobileKeywordMain.groovy:21)
	at com.kms.katalon.core.mobile.keyword.builtin.VerifyElementExistKeyword.verifyElementExist(VerifyElementExistKeyword.groovy:80)
	at com.kms.katalon.core.mobile.keyword.builtin.VerifyElementExistKeyword.execute(VerifyElementExistKeyword.groovy:64)
	at com.kms.katalon.core.keyword.internal.KeywordExecutor.executeKeywordForPlatform(KeywordExecutor.groovy:74)
	at com.kms.katalon.core.mobile.keyword.MobileBuiltInKeywords.verifyElementExist(MobileBuiltInKeywords.groovy:1755)
	at com.kms.katalon.core.mobile.keyword.MobileBuiltInKeywords$verifyElementExist$8.call(Unknown Source)
	at duitNow_mobileNumberTransaction.run(duitNow_mobileNumberTransaction:286)
	at com.kms.katalon.core.main.ScriptEngine.run(ScriptEngine.java:194)
	at com.kms.katalon.core.main.ScriptEngine.runScriptAsRawText(ScriptEngine.java:119)
	at com.kms.katalon.core.main.TestCaseExecutor.runScript(TestCaseExecutor.java:445)
	at com.kms.katalon.core.main.TestCaseExecutor.doExecute(TestCaseExecutor.java:436)
	at com.kms.katalon.core.main.TestCaseExecutor.processExecutionPhase(TestCaseExecutor.java:415)
	at com.kms.katalon.core.main.TestCaseExecutor.accessMainPhase(TestCaseExecutor.java:407)
	at com.kms.katalon.core.main.TestCaseExecutor.execute(TestCaseExecutor.java:284)
	at com.kms.katalon.core.common.CommonExecutor.accessTestCaseMainPhase(CommonExecutor.java:65)
	at com.kms.katalon.core.main.TestSuiteExecutor.accessTestSuiteMainPhase(TestSuiteExecutor.java:144)
	at com.kms.katalon.core.main.TestSuiteExecutor.execute(TestSuiteExecutor.java:106)
	at com.kms.katalon.core.main.TestCaseMain.startTestSuite(TestCaseMain.java:185)
	at com.kms.katalon.core.main.TestCaseMain$startTestSuite$0.call(Unknown Source)
	at TempTestSuite1655885093224.run(TempTestSuite1655885093224.groovy:36)
)

2022-06-22 16:47:28 - [MESSAGE][WARNING] - Timeout '0' is invalid. Using default page load timeout: '40'

2022-06-22 16:47:28 - [MESSAGE][FAILED] - Failed to check for element 'Object Repository/Duit Now/duitNowConfirmationDeclarationTitleTxt' exist (Root cause: org.openqa.selenium.WebDriverException: An unknown server-side error occurred while processing the command. Original error: 'GET /window/current/size' cannot be proxied to UiAutomator2 server because the instrumentation process is not running (probably crashed). Check the server log and/or the logcat output for more details
Build info: version: '3.141.59', revision: 'e82be7d358', time: '2018-11-14T08:25:53'
System info: host: '00139272s-MacBook-Pro.local', ip: '2001:e68:6167:d901:5dd8:2a3:885f:7e34%en0', os.name: 'Mac OS X', os.arch: 'x86_64', os.version: '10.16', java.version: '1.8.0_275'
Driver info: com.kms.katalon.core.appium.driver.SwipeableAndroidDriver
Capabilities {app: /Users/a00139272/Katalon St..., appActivity: com.maybank2u.life.MainActi..., appPackage: com.maybank2u.life.sit, appWaitActivity: *, autoGrantPermissions: true, automationName: uiautomator2, chromedriverPort: 52878, databaseEnabled: false, desired: {app: /Users/a00139272/Katalon St..., appActivity: com.maybank2u.life.MainActi..., appPackage: com.maybank2u.life.sit, appWaitActivity: *, autoGrantPermissions: true, automationName: uiautomator2, chromedriverPort: 52878, deviceId: 002b9cc60508, deviceName: Xiaomi 21061119AG (Android 11), fullReset: false, newCommandTimeout: 1800, noReset: true, platform: ANDROID, platformName: android, platformVersion: 11, systemPort: 52876, udid: 002b9cc60508}, deviceApiLevel: 30, deviceId: 002b9cc60508, deviceManufacturer: Xiaomi, deviceModel: 21061119AG, deviceName: 002b9cc60508, deviceScreenDensity: 440, deviceScreenSize: 1080x2400, deviceUDID: 002b9cc60508, fullReset: false, javascriptEnabled: true, locationContextEnabled: false, networkConnectionEnabled: true, newCommandTimeout: 1800, noReset: true, pixelRatio: 2.75, platform: ANDROID, platformName: Android, platformVersion: 11, statBarHeight: 103, systemPort: 52876, takesScreenshot: true, udid: 002b9cc60508, viewportRect: {height: 2064, left: 0, top: 103, width: 1080}, warnings: {}, webStorageEnabled: false}
Session ID: 07e0a906-f567-4646-abfd-84c6cc800d18
	at org.openqa.selenium.remote.http.W3CHttpResponseCodec.createException(W3CHttpResponseCodec.java:187)
	at org.openqa.selenium.remote.http.W3CHttpResponseCodec.decode(W3CHttpResponseCodec.java:122)
	at org.openqa.selenium.remote.http.W3CHttpResponseCodec.decode(W3CHttpResponseCodec.java:49)
	at org.openqa.selenium.remote.HttpCommandExecutor.execute(HttpCommandExecutor.java:158)
	at io.appium.java_client.remote.AppiumCommandExecutor.execute(AppiumCommandExecutor.java:239)
	at org.openqa.selenium.remote.RemoteWebDriver.execute(RemoteWebDriver.java:552)
	at io.appium.java_client.DefaultGenericMobileDriver.execute(DefaultGenericMobileDriver.java:46)
	at io.appium.java_client.AppiumDriver.execute(AppiumDriver.java:1)
	at io.appium.java_client.android.AndroidDriver.execute(AndroidDriver.java:1)
	at com.kms.katalon.core.appium.driver.SwipeableAndroidDriver.execute(SwipeableAndroidDriver.java:1)
	at org.openqa.selenium.remote.RemoteWebDriver$RemoteWebDriverOptions$RemoteWindow.getSize(RemoteWebDriver.java:813)
	at org.openqa.selenium.WebDriver$Window$getSize.call(Unknown Source)
	at com.kms.katalon.core.mobile.keyword.internal.MobileAbstractKeyword.findElement(MobileAbstractKeyword.groovy:81)
	at com.kms.katalon.core.mobile.keyword.builtin.VerifyElementExistKeyword.access$1(VerifyElementExistKeyword.groovy)
	at com.kms.katalon.core.mobile.keyword.builtin.VerifyElementExistKeyword$_verifyElementExist_closure1.doCall(VerifyElementExistKeyword.groovy:72)
	at com.kms.katalon.core.mobile.keyword.builtin.VerifyElementExistKeyword$_verifyElementExist_closure1.call(VerifyElementExistKeyword.groovy)
	at com.kms.katalon.core.mobile.keyword.internal.MobileKeywordMain.runKeyword(MobileKeywordMain.groovy:21)
	at com.kms.katalon.core.mobile.keyword.builtin.VerifyElementExistKeyword.verifyElementExist(VerifyElementExistKeyword.groovy:80)
	at com.kms.katalon.core.mobile.keyword.builtin.VerifyElementExistKeyword.execute(VerifyElementExistKeyword.groovy:64)
	at com.kms.katalon.core.keyword.internal.KeywordExecutor.executeKeywordForPlatform(KeywordExecutor.groovy:74)
	at com.kms.katalon.core.mobile.keyword.MobileBuiltInKeywords.verifyElementExist(MobileBuiltInKeywords.groovy:1755)
	at com.kms.katalon.core.mobile.keyword.MobileBuiltInKeywords$verifyElementExist$8.call(Unknown Source)
	at duitNow_mobileNumberTransaction.run(duitNow_mobileNumberTransaction:286)
	at com.kms.katalon.core.main.ScriptEngine.run(ScriptEngine.java:194)
	at com.kms.katalon.core.main.ScriptEngine.runScriptAsRawText(ScriptEngine.java:119)
	at com.kms.katalon.core.main.TestCaseExecutor.runScript(TestCaseExecutor.java:445)
	at com.kms.katalon.core.main.TestCaseExecutor.doExecute(TestCaseExecutor.java:436)
	at com.kms.katalon.core.main.TestCaseExecutor.processExecutionPhase(TestCaseExecutor.java:415)
	at com.kms.katalon.core.main.TestCaseExecutor.accessMainPhase(TestCaseExecutor.java:407)
	at com.kms.katalon.core.main.TestCaseExecutor.execute(TestCaseExecutor.java:284)
	at com.kms.katalon.core.common.CommonExecutor.accessTestCaseMainPhase(CommonExecutor.java:65)
	at com.kms.katalon.core.main.TestSuiteExecutor.accessTestSuiteMainPhase(TestSuiteExecutor.java:144)
	at com.kms.katalon.core.main.TestSuiteExecutor.execute(TestSuiteExecutor.java:106)
	at com.kms.katalon.core.main.TestCaseMain.startTestSuite(TestCaseMain.java:185)
	at com.kms.katalon.core.main.TestCaseMain$startTestSuite$0.call(Unknown Source)
	at TempTestSuite1655885093224.run(TempTestSuite1655885093224.groovy:36)
)

2022-06-22 16:47:28 - [TEST_STEP][FAILED] - verifyElementExist(findTestObject("Duit Now/duitNowConfirmationTnCTitleTxt"), 0): Failed to check for element 'Object Repository/Duit Now/duitNowConfirmationTnCTitleTxt' exist (Root cause: org.openqa.selenium.WebDriverException: An unknown server-side error occurred while processing the command. Original error: 'GET /window/current/size' cannot be proxied to UiAutomator2 server because the instrumentation process is not running (probably crashed). Check the server log and/or the logcat output for more details
Build info: version: '3.141.59', revision: 'e82be7d358', time: '2018-11-14T08:25:53'
System info: host: '00139272s-MacBook-Pro.local', ip: '2001:e68:6167:d901:5dd8:2a3:885f:7e34%en0', os.name: 'Mac OS X', os.arch: 'x86_64', os.version: '10.16', java.version: '1.8.0_275'
Driver info: com.kms.katalon.core.appium.driver.SwipeableAndroidDriver
Capabilities {app: /Users/a00139272/Katalon St..., appActivity: com.maybank2u.life.MainActi..., appPackage: com.maybank2u.life.sit, appWaitActivity: *, autoGrantPermissions: true, automationName: uiautomator2, chromedriverPort: 52878, databaseEnabled: false, desired: {app: /Users/a00139272/Katalon St..., appActivity: com.maybank2u.life.MainActi..., appPackage: com.maybank2u.life.sit, appWaitActivity: *, autoGrantPermissions: true, automationName: uiautomator2, chromedriverPort: 52878, deviceId: 002b9cc60508, deviceName: Xiaomi 21061119AG (Android 11), fullReset: false, newCommandTimeout: 1800, noReset: true, platform: ANDROID, platformName: android, platformVersion: 11, systemPort: 52876, udid: 002b9cc60508}, deviceApiLevel: 30, deviceId: 002b9cc60508, deviceManufacturer: Xiaomi, deviceModel: 21061119AG, deviceName: 002b9cc60508, deviceScreenDensity: 440, deviceScreenSize: 1080x2400, deviceUDID: 002b9cc60508, fullReset: false, javascriptEnabled: true, locationContextEnabled: false, networkConnectionEnabled: true, newCommandTimeout: 1800, noReset: true, pixelRatio: 2.75, platform: ANDROID, platformName: Android, platformVersion: 11, statBarHeight: 103, systemPort: 52876, takesScreenshot: true, udid: 002b9cc60508, viewportRect: {height: 2064, left: 0, top: 103, width: 1080}, warnings: {}, webStorageEnabled: false}
Session ID: 07e0a906-f567-4646-abfd-84c6cc800d18
	at org.openqa.selenium.remote.http.W3CHttpResponseCodec.createException(W3CHttpResponseCodec.java:187)
	at org.openqa.selenium.remote.http.W3CHttpResponseCodec.decode(W3CHttpResponseCodec.java:122)
	at org.openqa.selenium.remote.http.W3CHttpResponseCodec.decode(W3CHttpResponseCodec.java:49)
	at org.openqa.selenium.remote.HttpCommandExecutor.execute(HttpCommandExecutor.java:158)
	at io.appium.java_client.remote.AppiumCommandExecutor.execute(AppiumCommandExecutor.java:239)
	at org.openqa.selenium.remote.RemoteWebDriver.execute(RemoteWebDriver.java:552)
	at io.appium.java_client.DefaultGenericMobileDriver.execute(DefaultGenericMobileDriver.java:46)
	at io.appium.java_client.AppiumDriver.execute(AppiumDriver.java:1)
	at io.appium.java_client.android.AndroidDriver.execute(AndroidDriver.java:1)
	at com.kms.katalon.core.appium.driver.SwipeableAndroidDriver.execute(SwipeableAndroidDriver.java:1)
	at org.openqa.selenium.remote.RemoteWebDriver$RemoteWebDriverOptions$RemoteWindow.getSize(RemoteWebDriver.java:813)
	at org.openqa.selenium.WebDriver$Window$getSize.call(Unknown Source)
	at com.kms.katalon.core.mobile.keyword.internal.MobileAbstractKeyword.findElement(MobileAbstractKeyword.groovy:81)
	at com.kms.katalon.core.mobile.keyword.builtin.VerifyElementExistKeyword.access$1(VerifyElementExistKeyword.groovy)
	at com.kms.katalon.core.mobile.keyword.builtin.VerifyElementExistKeyword$_verifyElementExist_closure1.doCall(VerifyElementExistKeyword.groovy:72)
	at com.kms.katalon.core.mobile.keyword.builtin.VerifyElementExistKeyword$_verifyElementExist_closure1.call(VerifyElementExistKeyword.groovy)
	at com.kms.katalon.core.mobile.keyword.internal.MobileKeywordMain.runKeyword(MobileKeywordMain.groovy:21)
	at com.kms.katalon.core.mobile.keyword.builtin.VerifyElementExistKeyword.verifyElementExist(VerifyElementExistKeyword.groovy:80)
	at com.kms.katalon.core.mobile.keyword.builtin.VerifyElementExistKeyword.execute(VerifyElementExistKeyword.groovy:64)
	at com.kms.katalon.core.keyword.internal.KeywordExecutor.executeKeywordForPlatform(KeywordExecutor.groovy:74)
	at com.kms.katalon.core.mobile.keyword.MobileBuiltInKeywords.verifyElementExist(MobileBuiltInKeywords.groovy:1755)
	at com.kms.katalon.core.mobile.keyword.MobileBuiltInKeywords$verifyElementExist$8.call(Unknown Source)
	at duitNow_mobileNumberTransaction.run(duitNow_mobileNumberTransaction:288)
	at com.kms.katalon.core.main.ScriptEngine.run(ScriptEngine.java:194)
	at com.kms.katalon.core.main.ScriptEngine.runScriptAsRawText(ScriptEngine.java:119)
	at com.kms.katalon.core.main.TestCaseExecutor.runScript(TestCaseExecutor.java:445)
	at com.kms.katalon.core.main.TestCaseExecutor.doExecute(TestCaseExecutor.java:436)
	at com.kms.katalon.core.main.TestCaseExecutor.processExecutionPhase(TestCaseExecutor.java:415)
	at com.kms.katalon.core.main.TestCaseExecutor.accessMainPhase(TestCaseExecutor.java:407)
	at com.kms.katalon.core.main.TestCaseExecutor.execute(TestCaseExecutor.java:284)
	at com.kms.katalon.core.common.CommonExecutor.accessTestCaseMainPhase(CommonExecutor.java:65)
	at com.kms.katalon.core.main.TestSuiteExecutor.accessTestSuiteMainPhase(TestSuiteExecutor.java:144)
	at com.kms.katalon.core.main.TestSuiteExecutor.execute(TestSuiteExecutor.java:106)
	at com.kms.katalon.core.main.TestCaseMain.startTestSuite(TestCaseMain.java:185)
	at com.kms.katalon.core.main.TestCaseMain$startTestSuite$0.call(Unknown Source)
	at TempTestSuite1655885093224.run(TempTestSuite1655885093224.groovy:36)
)

2022-06-22 16:47:28 - [MESSAGE][WARNING] - Timeout '0' is invalid. Using default page load timeout: '40'

2022-06-22 16:47:28 - [MESSAGE][FAILED] - Failed to check for element 'Object Repository/Duit Now/duitNowConfirmationTnCTitleTxt' exist (Root cause: org.openqa.selenium.WebDriverException: An unknown server-side error occurred while processing the command. Original error: 'GET /window/current/size' cannot be proxied to UiAutomator2 server because the instrumentation process is not running (probably crashed). Check the server log and/or the logcat output for more details
Build info: version: '3.141.59', revision: 'e82be7d358', time: '2018-11-14T08:25:53'
System info: host: '00139272s-MacBook-Pro.local', ip: '2001:e68:6167:d901:5dd8:2a3:885f:7e34%en0', os.name: 'Mac OS X', os.arch: 'x86_64', os.version: '10.16', java.version: '1.8.0_275'
Driver info: com.kms.katalon.core.appium.driver.SwipeableAndroidDriver
Capabilities {app: /Users/a00139272/Katalon St..., appActivity: com.maybank2u.life.MainActi..., appPackage: com.maybank2u.life.sit, appWaitActivity: *, autoGrantPermissions: true, automationName: uiautomator2, chromedriverPort: 52878, databaseEnabled: false, desired: {app: /Users/a00139272/Katalon St..., appActivity: com.maybank2u.life.MainActi..., appPackage: com.maybank2u.life.sit, appWaitActivity: *, autoGrantPermissions: true, automationName: uiautomator2, chromedriverPort: 52878, deviceId: 002b9cc60508, deviceName: Xiaomi 21061119AG (Android 11), fullReset: false, newCommandTimeout: 1800, noReset: true, platform: ANDROID, platformName: android, platformVersion: 11, systemPort: 52876, udid: 002b9cc60508}, deviceApiLevel: 30, deviceId: 002b9cc60508, deviceManufacturer: Xiaomi, deviceModel: 21061119AG, deviceName: 002b9cc60508, deviceScreenDensity: 440, deviceScreenSize: 1080x2400, deviceUDID: 002b9cc60508, fullReset: false, javascriptEnabled: true, locationContextEnabled: false, networkConnectionEnabled: true, newCommandTimeout: 1800, noReset: true, pixelRatio: 2.75, platform: ANDROID, platformName: Android, platformVersion: 11, statBarHeight: 103, systemPort: 52876, takesScreenshot: true, udid: 002b9cc60508, viewportRect: {height: 2064, left: 0, top: 103, width: 1080}, warnings: {}, webStorageEnabled: false}
Session ID: 07e0a906-f567-4646-abfd-84c6cc800d18
	at org.openqa.selenium.remote.http.W3CHttpResponseCodec.createException(W3CHttpResponseCodec.java:187)
	at org.openqa.selenium.remote.http.W3CHttpResponseCodec.decode(W3CHttpResponseCodec.java:122)
	at org.openqa.selenium.remote.http.W3CHttpResponseCodec.decode(W3CHttpResponseCodec.java:49)
	at org.openqa.selenium.remote.HttpCommandExecutor.execute(HttpCommandExecutor.java:158)
	at io.appium.java_client.remote.AppiumCommandExecutor.execute(AppiumCommandExecutor.java:239)
	at org.openqa.selenium.remote.RemoteWebDriver.execute(RemoteWebDriver.java:552)
	at io.appium.java_client.DefaultGenericMobileDriver.execute(DefaultGenericMobileDriver.java:46)
	at io.appium.java_client.AppiumDriver.execute(AppiumDriver.java:1)
	at io.appium.java_client.android.AndroidDriver.execute(AndroidDriver.java:1)
	at com.kms.katalon.core.appium.driver.SwipeableAndroidDriver.execute(SwipeableAndroidDriver.java:1)
	at org.openqa.selenium.remote.RemoteWebDriver$RemoteWebDriverOptions$RemoteWindow.getSize(RemoteWebDriver.java:813)
	at org.openqa.selenium.WebDriver$Window$getSize.call(Unknown Source)
	at com.kms.katalon.core.mobile.keyword.internal.MobileAbstractKeyword.findElement(MobileAbstractKeyword.groovy:81)
	at com.kms.katalon.core.mobile.keyword.builtin.VerifyElementExistKeyword.access$1(VerifyElementExistKeyword.groovy)
	at com.kms.katalon.core.mobile.keyword.builtin.VerifyElementExistKeyword$_verifyElementExist_closure1.doCall(VerifyElementExistKeyword.groovy:72)
	at com.kms.katalon.core.mobile.keyword.builtin.VerifyElementExistKeyword$_verifyElementExist_closure1.call(VerifyElementExistKeyword.groovy)
	at com.kms.katalon.core.mobile.keyword.internal.MobileKeywordMain.runKeyword(MobileKeywordMain.groovy:21)
	at com.kms.katalon.core.mobile.keyword.builtin.VerifyElementExistKeyword.verifyElementExist(VerifyElementExistKeyword.groovy:80)
	at com.kms.katalon.core.mobile.keyword.builtin.VerifyElementExistKeyword.execute(VerifyElementExistKeyword.groovy:64)
	at com.kms.katalon.core.keyword.internal.KeywordExecutor.executeKeywordForPlatform(KeywordExecutor.groovy:74)
	at com.kms.katalon.core.mobile.keyword.MobileBuiltInKeywords.verifyElementExist(MobileBuiltInKeywords.groovy:1755)
	at com.kms.katalon.core.mobile.keyword.MobileBuiltInKeywords$verifyElementExist$8.call(Unknown Source)
	at duitNow_mobileNumberTransaction.run(duitNow_mobileNumberTransaction:288)
	at com.kms.katalon.core.main.ScriptEngine.run(ScriptEngine.java:194)
	at com.kms.katalon.core.main.ScriptEngine.runScriptAsRawText(ScriptEngine.java:119)
	at com.kms.katalon.core.main.TestCaseExecutor.runScript(TestCaseExecutor.java:445)
	at com.kms.katalon.core.main.TestCaseExecutor.doExecute(TestCaseExecutor.java:436)
	at com.kms.katalon.core.main.TestCaseExecutor.processExecutionPhase(TestCaseExecutor.java:415)
	at com.kms.katalon.core.main.TestCaseExecutor.accessMainPhase(TestCaseExecutor.java:407)
	at com.kms.katalon.core.main.TestCaseExecutor.execute(TestCaseExecutor.java:284)
	at com.kms.katalon.core.common.CommonExecutor.accessTestCaseMainPhase(CommonExecutor.java:65)
	at com.kms.katalon.core.main.TestSuiteExecutor.accessTestSuiteMainPhase(TestSuiteExecutor.java:144)
	at com.kms.katalon.core.main.TestSuiteExecutor.execute(TestSuiteExecutor.java:106)
	at com.kms.katalon.core.main.TestCaseMain.startTestSuite(TestCaseMain.java:185)
	at com.kms.katalon.core.main.TestCaseMain$startTestSuite$0.call(Unknown Source)
	at TempTestSuite1655885093224.run(TempTestSuite1655885093224.groovy:36)
)

2022-06-22 16:47:28 - [TEST_STEP][FAILED] - verifyElementExist(findTestObject("Duit Now/duitNowConfirmationNoteContentTxt"), 0): Failed to check for element 'Object Repository/Duit Now/duitNowConfirmationNoteContentTxt' exist (Root cause: org.openqa.selenium.WebDriverException: An unknown server-side error occurred while processing the command. Original error: 'GET /window/current/size' cannot be proxied to UiAutomator2 server because the instrumentation process is not running (probably crashed). Check the server log and/or the logcat output for more details
Build info: version: '3.141.59', revision: 'e82be7d358', time: '2018-11-14T08:25:53'
System info: host: '00139272s-MacBook-Pro.local', ip: '2001:e68:6167:d901:5dd8:2a3:885f:7e34%en0', os.name: 'Mac OS X', os.arch: 'x86_64', os.version: '10.16', java.version: '1.8.0_275'
Driver info: com.kms.katalon.core.appium.driver.SwipeableAndroidDriver
Capabilities {app: /Users/a00139272/Katalon St..., appActivity: com.maybank2u.life.MainActi..., appPackage: com.maybank2u.life.sit, appWaitActivity: *, autoGrantPermissions: true, automationName: uiautomator2, chromedriverPort: 52878, databaseEnabled: false, desired: {app: /Users/a00139272/Katalon St..., appActivity: com.maybank2u.life.MainActi..., appPackage: com.maybank2u.life.sit, appWaitActivity: *, autoGrantPermissions: true, automationName: uiautomator2, chromedriverPort: 52878, deviceId: 002b9cc60508, deviceName: Xiaomi 21061119AG (Android 11), fullReset: false, newCommandTimeout: 1800, noReset: true, platform: ANDROID, platformName: android, platformVersion: 11, systemPort: 52876, udid: 002b9cc60508}, deviceApiLevel: 30, deviceId: 002b9cc60508, deviceManufacturer: Xiaomi, deviceModel: 21061119AG, deviceName: 002b9cc60508, deviceScreenDensity: 440, deviceScreenSize: 1080x2400, deviceUDID: 002b9cc60508, fullReset: false, javascriptEnabled: true, locationContextEnabled: false, networkConnectionEnabled: true, newCommandTimeout: 1800, noReset: true, pixelRatio: 2.75, platform: ANDROID, platformName: Android, platformVersion: 11, statBarHeight: 103, systemPort: 52876, takesScreenshot: true, udid: 002b9cc60508, viewportRect: {height: 2064, left: 0, top: 103, width: 1080}, warnings: {}, webStorageEnabled: false}
Session ID: 07e0a906-f567-4646-abfd-84c6cc800d18
	at org.openqa.selenium.remote.http.W3CHttpResponseCodec.createException(W3CHttpResponseCodec.java:187)
	at org.openqa.selenium.remote.http.W3CHttpResponseCodec.decode(W3CHttpResponseCodec.java:122)
	at org.openqa.selenium.remote.http.W3CHttpResponseCodec.decode(W3CHttpResponseCodec.java:49)
	at org.openqa.selenium.remote.HttpCommandExecutor.execute(HttpCommandExecutor.java:158)
	at io.appium.java_client.remote.AppiumCommandExecutor.execute(AppiumCommandExecutor.java:239)
	at org.openqa.selenium.remote.RemoteWebDriver.execute(RemoteWebDriver.java:552)
	at io.appium.java_client.DefaultGenericMobileDriver.execute(DefaultGenericMobileDriver.java:46)
	at io.appium.java_client.AppiumDriver.execute(AppiumDriver.java:1)
	at io.appium.java_client.android.AndroidDriver.execute(AndroidDriver.java:1)
	at com.kms.katalon.core.appium.driver.SwipeableAndroidDriver.execute(SwipeableAndroidDriver.java:1)
	at org.openqa.selenium.remote.RemoteWebDriver$RemoteWebDriverOptions$RemoteWindow.getSize(RemoteWebDriver.java:813)
	at org.openqa.selenium.WebDriver$Window$getSize.call(Unknown Source)
	at com.kms.katalon.core.mobile.keyword.internal.MobileAbstractKeyword.findElement(MobileAbstractKeyword.groovy:81)
	at com.kms.katalon.core.mobile.keyword.builtin.VerifyElementExistKeyword.access$1(VerifyElementExistKeyword.groovy)
	at com.kms.katalon.core.mobile.keyword.builtin.VerifyElementExistKeyword$_verifyElementExist_closure1.doCall(VerifyElementExistKeyword.groovy:72)
	at com.kms.katalon.core.mobile.keyword.builtin.VerifyElementExistKeyword$_verifyElementExist_closure1.call(VerifyElementExistKeyword.groovy)
	at com.kms.katalon.core.mobile.keyword.internal.MobileKeywordMain.runKeyword(MobileKeywordMain.groovy:21)
	at com.kms.katalon.core.mobile.keyword.builtin.VerifyElementExistKeyword.verifyElementExist(VerifyElementExistKeyword.groovy:80)
	at com.kms.katalon.core.mobile.keyword.builtin.VerifyElementExistKeyword.execute(VerifyElementExistKeyword.groovy:64)
	at com.kms.katalon.core.keyword.internal.KeywordExecutor.executeKeywordForPlatform(KeywordExecutor.groovy:74)
	at com.kms.katalon.core.mobile.keyword.MobileBuiltInKeywords.verifyElementExist(MobileBuiltInKeywords.groovy:1755)
	at com.kms.katalon.core.mobile.keyword.MobileBuiltInKeywords$verifyElementExist$8.call(Unknown Source)
	at duitNow_mobileNumberTransaction.run(duitNow_mobileNumberTransaction:290)
	at com.kms.katalon.core.main.ScriptEngine.run(ScriptEngine.java:194)
	at com.kms.katalon.core.main.ScriptEngine.runScriptAsRawText(ScriptEngine.java:119)
	at com.kms.katalon.core.main.TestCaseExecutor.runScript(TestCaseExecutor.java:445)
	at com.kms.katalon.core.main.TestCaseExecutor.doExecute(TestCaseExecutor.java:436)
	at com.kms.katalon.core.main.TestCaseExecutor.processExecutionPhase(TestCaseExecutor.java:415)
	at com.kms.katalon.core.main.TestCaseExecutor.accessMainPhase(TestCaseExecutor.java:407)
	at com.kms.katalon.core.main.TestCaseExecutor.execute(TestCaseExecutor.java:284)
	at com.kms.katalon.core.common.CommonExecutor.accessTestCaseMainPhase(CommonExecutor.java:65)
	at com.kms.katalon.core.main.TestSuiteExecutor.accessTestSuiteMainPhase(TestSuiteExecutor.java:144)
	at com.kms.katalon.core.main.TestSuiteExecutor.execute(TestSuiteExecutor.java:106)
	at com.kms.katalon.core.main.TestCaseMain.startTestSuite(TestCaseMain.java:185)
	at com.kms.katalon.core.main.TestCaseMain$startTestSuite$0.call(Unknown Source)
	at TempTestSuite1655885093224.run(TempTestSuite1655885093224.groovy:36)
)

2022-06-22 16:47:28 - [MESSAGE][WARNING] - Timeout '0' is invalid. Using default page load timeout: '40'

2022-06-22 16:47:28 - [MESSAGE][FAILED] - Failed to check for element 'Object Repository/Duit Now/duitNowConfirmationNoteContentTxt' exist (Root cause: org.openqa.selenium.WebDriverException: An unknown server-side error occurred while processing the command. Original error: 'GET /window/current/size' cannot be proxied to UiAutomator2 server because the instrumentation process is not running (probably crashed). Check the server log and/or the logcat output for more details
Build info: version: '3.141.59', revision: 'e82be7d358', time: '2018-11-14T08:25:53'
System info: host: '00139272s-MacBook-Pro.local', ip: '2001:e68:6167:d901:5dd8:2a3:885f:7e34%en0', os.name: 'Mac OS X', os.arch: 'x86_64', os.version: '10.16', java.version: '1.8.0_275'
Driver info: com.kms.katalon.core.appium.driver.SwipeableAndroidDriver
Capabilities {app: /Users/a00139272/Katalon St..., appActivity: com.maybank2u.life.MainActi..., appPackage: com.maybank2u.life.sit, appWaitActivity: *, autoGrantPermissions: true, automationName: uiautomator2, chromedriverPort: 52878, databaseEnabled: false, desired: {app: /Users/a00139272/Katalon St..., appActivity: com.maybank2u.life.MainActi..., appPackage: com.maybank2u.life.sit, appWaitActivity: *, autoGrantPermissions: true, automationName: uiautomator2, chromedriverPort: 52878, deviceId: 002b9cc60508, deviceName: Xiaomi 21061119AG (Android 11), fullReset: false, newCommandTimeout: 1800, noReset: true, platform: ANDROID, platformName: android, platformVersion: 11, systemPort: 52876, udid: 002b9cc60508}, deviceApiLevel: 30, deviceId: 002b9cc60508, deviceManufacturer: Xiaomi, deviceModel: 21061119AG, deviceName: 002b9cc60508, deviceScreenDensity: 440, deviceScreenSize: 1080x2400, deviceUDID: 002b9cc60508, fullReset: false, javascriptEnabled: true, locationContextEnabled: false, networkConnectionEnabled: true, newCommandTimeout: 1800, noReset: true, pixelRatio: 2.75, platform: ANDROID, platformName: Android, platformVersion: 11, statBarHeight: 103, systemPort: 52876, takesScreenshot: true, udid: 002b9cc60508, viewportRect: {height: 2064, left: 0, top: 103, width: 1080}, warnings: {}, webStorageEnabled: false}
Session ID: 07e0a906-f567-4646-abfd-84c6cc800d18
	at org.openqa.selenium.remote.http.W3CHttpResponseCodec.createException(W3CHttpResponseCodec.java:187)
	at org.openqa.selenium.remote.http.W3CHttpResponseCodec.decode(W3CHttpResponseCodec.java:122)
	at org.openqa.selenium.remote.http.W3CHttpResponseCodec.decode(W3CHttpResponseCodec.java:49)
	at org.openqa.selenium.remote.HttpCommandExecutor.execute(HttpCommandExecutor.java:158)
	at io.appium.java_client.remote.AppiumCommandExecutor.execute(AppiumCommandExecutor.java:239)
	at org.openqa.selenium.remote.RemoteWebDriver.execute(RemoteWebDriver.java:552)
	at io.appium.java_client.DefaultGenericMobileDriver.execute(DefaultGenericMobileDriver.java:46)
	at io.appium.java_client.AppiumDriver.execute(AppiumDriver.java:1)
	at io.appium.java_client.android.AndroidDriver.execute(AndroidDriver.java:1)
	at com.kms.katalon.core.appium.driver.SwipeableAndroidDriver.execute(SwipeableAndroidDriver.java:1)
	at org.openqa.selenium.remote.RemoteWebDriver$RemoteWebDriverOptions$RemoteWindow.getSize(RemoteWebDriver.java:813)
	at org.openqa.selenium.WebDriver$Window$getSize.call(Unknown Source)
	at com.kms.katalon.core.mobile.keyword.internal.MobileAbstractKeyword.findElement(MobileAbstractKeyword.groovy:81)
	at com.kms.katalon.core.mobile.keyword.builtin.VerifyElementExistKeyword.access$1(VerifyElementExistKeyword.groovy)
	at com.kms.katalon.core.mobile.keyword.builtin.VerifyElementExistKeyword$_verifyElementExist_closure1.doCall(VerifyElementExistKeyword.groovy:72)
	at com.kms.katalon.core.mobile.keyword.builtin.VerifyElementExistKeyword$_verifyElementExist_closure1.call(VerifyElementExistKeyword.groovy)
	at com.kms.katalon.core.mobile.keyword.internal.MobileKeywordMain.runKeyword(MobileKeywordMain.groovy:21)
	at com.kms.katalon.core.mobile.keyword.builtin.VerifyElementExistKeyword.verifyElementExist(VerifyElementExistKeyword.groovy:80)
	at com.kms.katalon.core.mobile.keyword.builtin.VerifyElementExistKeyword.execute(VerifyElementExistKeyword.groovy:64)
	at com.kms.katalon.core.keyword.internal.KeywordExecutor.executeKeywordForPlatform(KeywordExecutor.groovy:74)
	at com.kms.katalon.core.mobile.keyword.MobileBuiltInKeywords.verifyElementExist(MobileBuiltInKeywords.groovy:1755)
	at com.kms.katalon.core.mobile.keyword.MobileBuiltInKeywords$verifyElementExist$8.call(Unknown Source)
	at duitNow_mobileNumberTransaction.run(duitNow_mobileNumberTransaction:290)
	at com.kms.katalon.core.main.ScriptEngine.run(ScriptEngine.java:194)
	at com.kms.katalon.core.main.ScriptEngine.runScriptAsRawText(ScriptEngine.java:119)
	at com.kms.katalon.core.main.TestCaseExecutor.runScript(TestCaseExecutor.java:445)
	at com.kms.katalon.core.main.TestCaseExecutor.doExecute(TestCaseExecutor.java:436)
	at com.kms.katalon.core.main.TestCaseExecutor.processExecutionPhase(TestCaseExecutor.java:415)
	at com.kms.katalon.core.main.TestCaseExecutor.accessMainPhase(TestCaseExecutor.java:407)
	at com.kms.katalon.core.main.TestCaseExecutor.execute(TestCaseExecutor.java:284)
	at com.kms.katalon.core.common.CommonExecutor.accessTestCaseMainPhase(CommonExecutor.java:65)
	at com.kms.katalon.core.main.TestSuiteExecutor.accessTestSuiteMainPhase(TestSuiteExecutor.java:144)
	at com.kms.katalon.core.main.TestSuiteExecutor.execute(TestSuiteExecutor.java:106)
	at com.kms.katalon.core.main.TestCaseMain.startTestSuite(TestCaseMain.java:185)
	at com.kms.katalon.core.main.TestCaseMain$startTestSuite$0.call(Unknown Source)
	at TempTestSuite1655885093224.run(TempTestSuite1655885093224.groovy:36)
)

2022-06-22 16:47:28 - [TEST_STEP][FAILED] - verifyElementExist(findTestObject("Duit Now/duitNowConfirmationDeclarationContentTxt"), 0): Failed to check for element 'Object Repository/Duit Now/duitNowConfirmationDeclarationContentTxt' exist (Root cause: org.openqa.selenium.WebDriverException: An unknown server-side error occurred while processing the command. Original error: 'GET /window/current/size' cannot be proxied to UiAutomator2 server because the instrumentation process is not running (probably crashed). Check the server log and/or the logcat output for more details
Build info: version: '3.141.59', revision: 'e82be7d358', time: '2018-11-14T08:25:53'
System info: host: '00139272s-MacBook-Pro.local', ip: '2001:e68:6167:d901:5dd8:2a3:885f:7e34%en0', os.name: 'Mac OS X', os.arch: 'x86_64', os.version: '10.16', java.version: '1.8.0_275'
Driver info: com.kms.katalon.core.appium.driver.SwipeableAndroidDriver
Capabilities {app: /Users/a00139272/Katalon St..., appActivity: com.maybank2u.life.MainActi..., appPackage: com.maybank2u.life.sit, appWaitActivity: *, autoGrantPermissions: true, automationName: uiautomator2, chromedriverPort: 52878, databaseEnabled: false, desired: {app: /Users/a00139272/Katalon St..., appActivity: com.maybank2u.life.MainActi..., appPackage: com.maybank2u.life.sit, appWaitActivity: *, autoGrantPermissions: true, automationName: uiautomator2, chromedriverPort: 52878, deviceId: 002b9cc60508, deviceName: Xiaomi 21061119AG (Android 11), fullReset: false, newCommandTimeout: 1800, noReset: true, platform: ANDROID, platformName: android, platformVersion: 11, systemPort: 52876, udid: 002b9cc60508}, deviceApiLevel: 30, deviceId: 002b9cc60508, deviceManufacturer: Xiaomi, deviceModel: 21061119AG, deviceName: 002b9cc60508, deviceScreenDensity: 440, deviceScreenSize: 1080x2400, deviceUDID: 002b9cc60508, fullReset: false, javascriptEnabled: true, locationContextEnabled: false, networkConnectionEnabled: true, newCommandTimeout: 1800, noReset: true, pixelRatio: 2.75, platform: ANDROID, platformName: Android, platformVersion: 11, statBarHeight: 103, systemPort: 52876, takesScreenshot: true, udid: 002b9cc60508, viewportRect: {height: 2064, left: 0, top: 103, width: 1080}, warnings: {}, webStorageEnabled: false}
Session ID: 07e0a906-f567-4646-abfd-84c6cc800d18
	at org.openqa.selenium.remote.http.W3CHttpResponseCodec.createException(W3CHttpResponseCodec.java:187)
	at org.openqa.selenium.remote.http.W3CHttpResponseCodec.decode(W3CHttpResponseCodec.java:122)
	at org.openqa.selenium.remote.http.W3CHttpResponseCodec.decode(W3CHttpResponseCodec.java:49)
	at org.openqa.selenium.remote.HttpCommandExecutor.execute(HttpCommandExecutor.java:158)
	at io.appium.java_client.remote.AppiumCommandExecutor.execute(AppiumCommandExecutor.java:239)
	at org.openqa.selenium.remote.RemoteWebDriver.execute(RemoteWebDriver.java:552)
	at io.appium.java_client.DefaultGenericMobileDriver.execute(DefaultGenericMobileDriver.java:46)
	at io.appium.java_client.AppiumDriver.execute(AppiumDriver.java:1)
	at io.appium.java_client.android.AndroidDriver.execute(AndroidDriver.java:1)
	at com.kms.katalon.core.appium.driver.SwipeableAndroidDriver.execute(SwipeableAndroidDriver.java:1)
	at org.openqa.selenium.remote.RemoteWebDriver$RemoteWebDriverOptions$RemoteWindow.getSize(RemoteWebDriver.java:813)
	at org.openqa.selenium.WebDriver$Window$getSize.call(Unknown Source)
	at com.kms.katalon.core.mobile.keyword.internal.MobileAbstractKeyword.findElement(MobileAbstractKeyword.groovy:81)
	at com.kms.katalon.core.mobile.keyword.builtin.VerifyElementExistKeyword.access$1(VerifyElementExistKeyword.groovy)
	at com.kms.katalon.core.mobile.keyword.builtin.VerifyElementExistKeyword$_verifyElementExist_closure1.doCall(VerifyElementExistKeyword.groovy:72)
	at com.kms.katalon.core.mobile.keyword.builtin.VerifyElementExistKeyword$_verifyElementExist_closure1.call(VerifyElementExistKeyword.groovy)
	at com.kms.katalon.core.mobile.keyword.internal.MobileKeywordMain.runKeyword(MobileKeywordMain.groovy:21)
	at com.kms.katalon.core.mobile.keyword.builtin.VerifyElementExistKeyword.verifyElementExist(VerifyElementExistKeyword.groovy:80)
	at com.kms.katalon.core.mobile.keyword.builtin.VerifyElementExistKeyword.execute(VerifyElementExistKeyword.groovy:64)
	at com.kms.katalon.core.keyword.internal.KeywordExecutor.executeKeywordForPlatform(KeywordExecutor.groovy:74)
	at com.kms.katalon.core.mobile.keyword.MobileBuiltInKeywords.verifyElementExist(MobileBuiltInKeywords.groovy:1755)
	at com.kms.katalon.core.mobile.keyword.MobileBuiltInKeywords$verifyElementExist$8.call(Unknown Source)
	at duitNow_mobileNumberTransaction.run(duitNow_mobileNumberTransaction:292)
	at com.kms.katalon.core.main.ScriptEngine.run(ScriptEngine.java:194)
	at com.kms.katalon.core.main.ScriptEngine.runScriptAsRawText(ScriptEngine.java:119)
	at com.kms.katalon.core.main.TestCaseExecutor.runScript(TestCaseExecutor.java:445)
	at com.kms.katalon.core.main.TestCaseExecutor.doExecute(TestCaseExecutor.java:436)
	at com.kms.katalon.core.main.TestCaseExecutor.processExecutionPhase(TestCaseExecutor.java:415)
	at com.kms.katalon.core.main.TestCaseExecutor.accessMainPhase(TestCaseExecutor.java:407)
	at com.kms.katalon.core.main.TestCaseExecutor.execute(TestCaseExecutor.java:284)
	at com.kms.katalon.core.common.CommonExecutor.accessTestCaseMainPhase(CommonExecutor.java:65)
	at com.kms.katalon.core.main.TestSuiteExecutor.accessTestSuiteMainPhase(TestSuiteExecutor.java:144)
	at com.kms.katalon.core.main.TestSuiteExecutor.execute(TestSuiteExecutor.java:106)
	at com.kms.katalon.core.main.TestCaseMain.startTestSuite(TestCaseMain.java:185)
	at com.kms.katalon.core.main.TestCaseMain$startTestSuite$0.call(Unknown Source)
	at TempTestSuite1655885093224.run(TempTestSuite1655885093224.groovy:36)
)

2022-06-22 16:47:28 - [MESSAGE][WARNING] - Timeout '0' is invalid. Using default page load timeout: '40'

2022-06-22 16:47:28 - [MESSAGE][FAILED] - Failed to check for element 'Object Repository/Duit Now/duitNowConfirmationDeclarationContentTxt' exist (Root cause: org.openqa.selenium.WebDriverException: An unknown server-side error occurred while processing the command. Original error: 'GET /window/current/size' cannot be proxied to UiAutomator2 server because the instrumentation process is not running (probably crashed). Check the server log and/or the logcat output for more details
Build info: version: '3.141.59', revision: 'e82be7d358', time: '2018-11-14T08:25:53'
System info: host: '00139272s-MacBook-Pro.local', ip: '2001:e68:6167:d901:5dd8:2a3:885f:7e34%en0', os.name: 'Mac OS X', os.arch: 'x86_64', os.version: '10.16', java.version: '1.8.0_275'
Driver info: com.kms.katalon.core.appium.driver.SwipeableAndroidDriver
Capabilities {app: /Users/a00139272/Katalon St..., appActivity: com.maybank2u.life.MainActi..., appPackage: com.maybank2u.life.sit, appWaitActivity: *, autoGrantPermissions: true, automationName: uiautomator2, chromedriverPort: 52878, databaseEnabled: false, desired: {app: /Users/a00139272/Katalon St..., appActivity: com.maybank2u.life.MainActi..., appPackage: com.maybank2u.life.sit, appWaitActivity: *, autoGrantPermissions: true, automationName: uiautomator2, chromedriverPort: 52878, deviceId: 002b9cc60508, deviceName: Xiaomi 21061119AG (Android 11), fullReset: false, newCommandTimeout: 1800, noReset: true, platform: ANDROID, platformName: android, platformVersion: 11, systemPort: 52876, udid: 002b9cc60508}, deviceApiLevel: 30, deviceId: 002b9cc60508, deviceManufacturer: Xiaomi, deviceModel: 21061119AG, deviceName: 002b9cc60508, deviceScreenDensity: 440, deviceScreenSize: 1080x2400, deviceUDID: 002b9cc60508, fullReset: false, javascriptEnabled: true, locationContextEnabled: false, networkConnectionEnabled: true, newCommandTimeout: 1800, noReset: true, pixelRatio: 2.75, platform: ANDROID, platformName: Android, platformVersion: 11, statBarHeight: 103, systemPort: 52876, takesScreenshot: true, udid: 002b9cc60508, viewportRect: {height: 2064, left: 0, top: 103, width: 1080}, warnings: {}, webStorageEnabled: false}
Session ID: 07e0a906-f567-4646-abfd-84c6cc800d18
	at org.openqa.selenium.remote.http.W3CHttpResponseCodec.createException(W3CHttpResponseCodec.java:187)
	at org.openqa.selenium.remote.http.W3CHttpResponseCodec.decode(W3CHttpResponseCodec.java:122)
	at org.openqa.selenium.remote.http.W3CHttpResponseCodec.decode(W3CHttpResponseCodec.java:49)
	at org.openqa.selenium.remote.HttpCommandExecutor.execute(HttpCommandExecutor.java:158)
	at io.appium.java_client.remote.AppiumCommandExecutor.execute(AppiumCommandExecutor.java:239)
	at org.openqa.selenium.remote.RemoteWebDriver.execute(RemoteWebDriver.java:552)
	at io.appium.java_client.DefaultGenericMobileDriver.execute(DefaultGenericMobileDriver.java:46)
	at io.appium.java_client.AppiumDriver.execute(AppiumDriver.java:1)
	at io.appium.java_client.android.AndroidDriver.execute(AndroidDriver.java:1)
	at com.kms.katalon.core.appium.driver.SwipeableAndroidDriver.execute(SwipeableAndroidDriver.java:1)
	at org.openqa.selenium.remote.RemoteWebDriver$RemoteWebDriverOptions$RemoteWindow.getSize(RemoteWebDriver.java:813)
	at org.openqa.selenium.WebDriver$Window$getSize.call(Unknown Source)
	at com.kms.katalon.core.mobile.keyword.internal.MobileAbstractKeyword.findElement(MobileAbstractKeyword.groovy:81)
	at com.kms.katalon.core.mobile.keyword.builtin.VerifyElementExistKeyword.access$1(VerifyElementExistKeyword.groovy)
	at com.kms.katalon.core.mobile.keyword.builtin.VerifyElementExistKeyword$_verifyElementExist_closure1.doCall(VerifyElementExistKeyword.groovy:72)
	at com.kms.katalon.core.mobile.keyword.builtin.VerifyElementExistKeyword$_verifyElementExist_closure1.call(VerifyElementExistKeyword.groovy)
	at com.kms.katalon.core.mobile.keyword.internal.MobileKeywordMain.runKeyword(MobileKeywordMain.groovy:21)
	at com.kms.katalon.core.mobile.keyword.builtin.VerifyElementExistKeyword.verifyElementExist(VerifyElementExistKeyword.groovy:80)
	at com.kms.katalon.core.mobile.keyword.builtin.VerifyElementExistKeyword.execute(VerifyElementExistKeyword.groovy:64)
	at com.kms.katalon.core.keyword.internal.KeywordExecutor.executeKeywordForPlatform(KeywordExecutor.groovy:74)
	at com.kms.katalon.core.mobile.keyword.MobileBuiltInKeywords.verifyElementExist(MobileBuiltInKeywords.groovy:1755)
	at com.kms.katalon.core.mobile.keyword.MobileBuiltInKeywords$verifyElementExist$8.call(Unknown Source)
	at duitNow_mobileNumberTransaction.run(duitNow_mobileNumberTransaction:292)
	at com.kms.katalon.core.main.ScriptEngine.run(ScriptEngine.java:194)
	at com.kms.katalon.core.main.ScriptEngine.runScriptAsRawText(ScriptEngine.java:119)
	at com.kms.katalon.core.main.TestCaseExecutor.runScript(TestCaseExecutor.java:445)
	at com.kms.katalon.core.main.TestCaseExecutor.doExecute(TestCaseExecutor.java:436)
	at com.kms.katalon.core.main.TestCaseExecutor.processExecutionPhase(TestCaseExecutor.java:415)
	at com.kms.katalon.core.main.TestCaseExecutor.accessMainPhase(TestCaseExecutor.java:407)
	at com.kms.katalon.core.main.TestCaseExecutor.execute(TestCaseExecutor.java:284)
	at com.kms.katalon.core.common.CommonExecutor.accessTestCaseMainPhase(CommonExecutor.java:65)
	at com.kms.katalon.core.main.TestSuiteExecutor.accessTestSuiteMainPhase(TestSuiteExecutor.java:144)
	at com.kms.katalon.core.main.TestSuiteExecutor.execute(TestSuiteExecutor.java:106)
	at com.kms.katalon.core.main.TestCaseMain.startTestSuite(TestCaseMain.java:185)
	at com.kms.katalon.core.main.TestCaseMain$startTestSuite$0.call(Unknown Source)
	at TempTestSuite1655885093224.run(TempTestSuite1655885093224.groovy:36)
)

2022-06-22 16:47:28 - [TEST_STEP][FAILED] - verifyElementText(findTestObject("Transfer/transferConfirmationFromAccTypeTxt", ["accType":accType]), accType): Verify element text of test object 'Object Repository/Transfer/transferConfirmationFromAccTypeTxt' FAILED. (Root cause: org.openqa.selenium.WebDriverException: An unknown server-side error occurred while processing the command. Original error: 'GET /window/current/size' cannot be proxied to UiAutomator2 server because the instrumentation process is not running (probably crashed). Check the server log and/or the logcat output for more details
Build info: version: '3.141.59', revision: 'e82be7d358', time: '2018-11-14T08:25:53'
System info: host: '00139272s-MacBook-Pro.local', ip: '2001:e68:6167:d901:5dd8:2a3:885f:7e34%en0', os.name: 'Mac OS X', os.arch: 'x86_64', os.version: '10.16', java.version: '1.8.0_275'
Driver info: com.kms.katalon.core.appium.driver.SwipeableAndroidDriver
Capabilities {app: /Users/a00139272/Katalon St..., appActivity: com.maybank2u.life.MainActi..., appPackage: com.maybank2u.life.sit, appWaitActivity: *, autoGrantPermissions: true, automationName: uiautomator2, chromedriverPort: 52878, databaseEnabled: false, desired: {app: /Users/a00139272/Katalon St..., appActivity: com.maybank2u.life.MainActi..., appPackage: com.maybank2u.life.sit, appWaitActivity: *, autoGrantPermissions: true, automationName: uiautomator2, chromedriverPort: 52878, deviceId: 002b9cc60508, deviceName: Xiaomi 21061119AG (Android 11), fullReset: false, newCommandTimeout: 1800, noReset: true, platform: ANDROID, platformName: android, platformVersion: 11, systemPort: 52876, udid: 002b9cc60508}, deviceApiLevel: 30, deviceId: 002b9cc60508, deviceManufacturer: Xiaomi, deviceModel: 21061119AG, deviceName: 002b9cc60508, deviceScreenDensity: 440, deviceScreenSize: 1080x2400, deviceUDID: 002b9cc60508, fullReset: false, javascriptEnabled: true, locationContextEnabled: false, networkConnectionEnabled: true, newCommandTimeout: 1800, noReset: true, pixelRatio: 2.75, platform: ANDROID, platformName: Android, platformVersion: 11, statBarHeight: 103, systemPort: 52876, takesScreenshot: true, udid: 002b9cc60508, viewportRect: {height: 2064, left: 0, top: 103, width: 1080}, warnings: {}, webStorageEnabled: false}
Session ID: 07e0a906-f567-4646-abfd-84c6cc800d18
	at org.openqa.selenium.remote.http.W3CHttpResponseCodec.createException(W3CHttpResponseCodec.java:187)
	at org.openqa.selenium.remote.http.W3CHttpResponseCodec.decode(W3CHttpResponseCodec.java:122)
	at org.openqa.selenium.remote.http.W3CHttpResponseCodec.decode(W3CHttpResponseCodec.java:49)
	at org.openqa.selenium.remote.HttpCommandExecutor.execute(HttpCommandExecutor.java:158)
	at io.appium.java_client.remote.AppiumCommandExecutor.execute(AppiumCommandExecutor.java:239)
	at org.openqa.selenium.remote.RemoteWebDriver.execute(RemoteWebDriver.java:552)
	at io.appium.java_client.DefaultGenericMobileDriver.execute(DefaultGenericMobileDriver.java:46)
	at io.appium.java_client.AppiumDriver.execute(AppiumDriver.java:1)
	at io.appium.java_client.android.AndroidDriver.execute(AndroidDriver.java:1)
	at com.kms.katalon.core.appium.driver.SwipeableAndroidDriver.execute(SwipeableAndroidDriver.java:1)
	at org.openqa.selenium.remote.RemoteWebDriver$RemoteWebDriverOptions$RemoteWindow.getSize(RemoteWebDriver.java:813)
	at org.openqa.selenium.WebDriver$Window$getSize.call(Unknown Source)
	at com.kms.katalon.core.mobile.keyword.internal.MobileAbstractKeyword.findElement(MobileAbstractKeyword.groovy:81)
	at com.kms.katalon.core.mobile.keyword.builtin.VerifyElementTextKeyword.access$1(VerifyElementTextKeyword.groovy)
	at com.kms.katalon.core.mobile.keyword.builtin.VerifyElementTextKeyword$_verifyElementText_closure1.doCall(VerifyElementTextKeyword.groovy:47)
	at com.kms.katalon.core.mobile.keyword.builtin.VerifyElementTextKeyword$_verifyElementText_closure1.call(VerifyElementTextKeyword.groovy)
	at com.kms.katalon.core.mobile.keyword.internal.MobileKeywordMain.runKeyword(MobileKeywordMain.groovy:21)
	at com.kms.katalon.core.mobile.keyword.builtin.VerifyElementTextKeyword.verifyElementText(VerifyElementTextKeyword.groovy:62)
	at com.kms.katalon.core.mobile.keyword.builtin.VerifyElementTextKeyword.execute(VerifyElementTextKeyword.groovy:39)
	at com.kms.katalon.core.keyword.internal.KeywordExecutor.executeKeywordForPlatform(KeywordExecutor.groovy:74)
	at com.kms.katalon.core.mobile.keyword.MobileBuiltInKeywords.verifyElementText(MobileBuiltInKeywords.groovy:2901)
	at com.kms.katalon.core.mobile.keyword.MobileBuiltInKeywords$verifyElementText$9.call(Unknown Source)
	at duitNow_mobileNumberTransaction.run(duitNow_mobileNumberTransaction:294)
	at com.kms.katalon.core.main.ScriptEngine.run(ScriptEngine.java:194)
	at com.kms.katalon.core.main.ScriptEngine.runScriptAsRawText(ScriptEngine.java:119)
	at com.kms.katalon.core.main.TestCaseExecutor.runScript(TestCaseExecutor.java:445)
	at com.kms.katalon.core.main.TestCaseExecutor.doExecute(TestCaseExecutor.java:436)
	at com.kms.katalon.core.main.TestCaseExecutor.processExecutionPhase(TestCaseExecutor.java:415)
	at com.kms.katalon.core.main.TestCaseExecutor.accessMainPhase(TestCaseExecutor.java:407)
	at com.kms.katalon.core.main.TestCaseExecutor.execute(TestCaseExecutor.java:284)
	at com.kms.katalon.core.common.CommonExecutor.accessTestCaseMainPhase(CommonExecutor.java:65)
	at com.kms.katalon.core.main.TestSuiteExecutor.accessTestSuiteMainPhase(TestSuiteExecutor.java:144)
	at com.kms.katalon.core.main.TestSuiteExecutor.execute(TestSuiteExecutor.java:106)
	at com.kms.katalon.core.main.TestCaseMain.startTestSuite(TestCaseMain.java:185)
	at com.kms.katalon.core.main.TestCaseMain$startTestSuite$0.call(Unknown Source)
	at TempTestSuite1655885093224.run(TempTestSuite1655885093224.groovy:36)
)

2022-06-22 16:47:28 - [MESSAGE][FAILED] - Verify element text of test object 'Object Repository/Transfer/transferConfirmationFromAccTypeTxt' FAILED. (Root cause: org.openqa.selenium.WebDriverException: An unknown server-side error occurred while processing the command. Original error: 'GET /window/current/size' cannot be proxied to UiAutomator2 server because the instrumentation process is not running (probably crashed). Check the server log and/or the logcat output for more details
Build info: version: '3.141.59', revision: 'e82be7d358', time: '2018-11-14T08:25:53'
System info: host: '00139272s-MacBook-Pro.local', ip: '2001:e68:6167:d901:5dd8:2a3:885f:7e34%en0', os.name: 'Mac OS X', os.arch: 'x86_64', os.version: '10.16', java.version: '1.8.0_275'
Driver info: com.kms.katalon.core.appium.driver.SwipeableAndroidDriver
Capabilities {app: /Users/a00139272/Katalon St..., appActivity: com.maybank2u.life.MainActi..., appPackage: com.maybank2u.life.sit, appWaitActivity: *, autoGrantPermissions: true, automationName: uiautomator2, chromedriverPort: 52878, databaseEnabled: false, desired: {app: /Users/a00139272/Katalon St..., appActivity: com.maybank2u.life.MainActi..., appPackage: com.maybank2u.life.sit, appWaitActivity: *, autoGrantPermissions: true, automationName: uiautomator2, chromedriverPort: 52878, deviceId: 002b9cc60508, deviceName: Xiaomi 21061119AG (Android 11), fullReset: false, newCommandTimeout: 1800, noReset: true, platform: ANDROID, platformName: android, platformVersion: 11, systemPort: 52876, udid: 002b9cc60508}, deviceApiLevel: 30, deviceId: 002b9cc60508, deviceManufacturer: Xiaomi, deviceModel: 21061119AG, deviceName: 002b9cc60508, deviceScreenDensity: 440, deviceScreenSize: 1080x2400, deviceUDID: 002b9cc60508, fullReset: false, javascriptEnabled: true, locationContextEnabled: false, networkConnectionEnabled: true, newCommandTimeout: 1800, noReset: true, pixelRatio: 2.75, platform: ANDROID, platformName: Android, platformVersion: 11, statBarHeight: 103, systemPort: 52876, takesScreenshot: true, udid: 002b9cc60508, viewportRect: {height: 2064, left: 0, top: 103, width: 1080}, warnings: {}, webStorageEnabled: false}
Session ID: 07e0a906-f567-4646-abfd-84c6cc800d18
	at org.openqa.selenium.remote.http.W3CHttpResponseCodec.createException(W3CHttpResponseCodec.java:187)
	at org.openqa.selenium.remote.http.W3CHttpResponseCodec.decode(W3CHttpResponseCodec.java:122)
	at org.openqa.selenium.remote.http.W3CHttpResponseCodec.decode(W3CHttpResponseCodec.java:49)
	at org.openqa.selenium.remote.HttpCommandExecutor.execute(HttpCommandExecutor.java:158)
	at io.appium.java_client.remote.AppiumCommandExecutor.execute(AppiumCommandExecutor.java:239)
	at org.openqa.selenium.remote.RemoteWebDriver.execute(RemoteWebDriver.java:552)
	at io.appium.java_client.DefaultGenericMobileDriver.execute(DefaultGenericMobileDriver.java:46)
	at io.appium.java_client.AppiumDriver.execute(AppiumDriver.java:1)
	at io.appium.java_client.android.AndroidDriver.execute(AndroidDriver.java:1)
	at com.kms.katalon.core.appium.driver.SwipeableAndroidDriver.execute(SwipeableAndroidDriver.java:1)
	at org.openqa.selenium.remote.RemoteWebDriver$RemoteWebDriverOptions$RemoteWindow.getSize(RemoteWebDriver.java:813)
	at org.openqa.selenium.WebDriver$Window$getSize.call(Unknown Source)
	at com.kms.katalon.core.mobile.keyword.internal.MobileAbstractKeyword.findElement(MobileAbstractKeyword.groovy:81)
	at com.kms.katalon.core.mobile.keyword.builtin.VerifyElementTextKeyword.access$1(VerifyElementTextKeyword.groovy)
	at com.kms.katalon.core.mobile.keyword.builtin.VerifyElementTextKeyword$_verifyElementText_closure1.doCall(VerifyElementTextKeyword.groovy:47)
	at com.kms.katalon.core.mobile.keyword.builtin.VerifyElementTextKeyword$_verifyElementText_closure1.call(VerifyElementTextKeyword.groovy)
	at com.kms.katalon.core.mobile.keyword.internal.MobileKeywordMain.runKeyword(MobileKeywordMain.groovy:21)
	at com.kms.katalon.core.mobile.keyword.builtin.VerifyElementTextKeyword.verifyElementText(VerifyElementTextKeyword.groovy:62)
	at com.kms.katalon.core.mobile.keyword.builtin.VerifyElementTextKeyword.execute(VerifyElementTextKeyword.groovy:39)
	at com.kms.katalon.core.keyword.internal.KeywordExecutor.executeKeywordForPlatform(KeywordExecutor.groovy:74)
	at com.kms.katalon.core.mobile.keyword.MobileBuiltInKeywords.verifyElementText(MobileBuiltInKeywords.groovy:2901)
	at com.kms.katalon.core.mobile.keyword.MobileBuiltInKeywords$verifyElementText$9.call(Unknown Source)
	at duitNow_mobileNumberTransaction.run(duitNow_mobileNumberTransaction:294)
	at com.kms.katalon.core.main.ScriptEngine.run(ScriptEngine.java:194)
	at com.kms.katalon.core.main.ScriptEngine.runScriptAsRawText(ScriptEngine.java:119)
	at com.kms.katalon.core.main.TestCaseExecutor.runScript(TestCaseExecutor.java:445)
	at com.kms.katalon.core.main.TestCaseExecutor.doExecute(TestCaseExecutor.java:436)
	at com.kms.katalon.core.main.TestCaseExecutor.processExecutionPhase(TestCaseExecutor.java:415)
	at com.kms.katalon.core.main.TestCaseExecutor.accessMainPhase(TestCaseExecutor.java:407)
	at com.kms.katalon.core.main.TestCaseExecutor.execute(TestCaseExecutor.java:284)
	at com.kms.katalon.core.common.CommonExecutor.accessTestCaseMainPhase(CommonExecutor.java:65)
	at com.kms.katalon.core.main.TestSuiteExecutor.accessTestSuiteMainPhase(TestSuiteExecutor.java:144)
	at com.kms.katalon.core.main.TestSuiteExecutor.execute(TestSuiteExecutor.java:106)
	at com.kms.katalon.core.main.TestCaseMain.startTestSuite(TestCaseMain.java:185)
	at com.kms.katalon.core.main.TestCaseMain$startTestSuite$0.call(Unknown Source)
	at TempTestSuite1655885093224.run(TempTestSuite1655885093224.groovy:36)
)

2022-06-22 16:47:28 - [TEST_STEP][FAILED] - verifyElementText(findTestObject("Transfer/transferConfirmationFromAccNoTxt", ["accNoFrom":accNoFrom]), accNoFrom): Verify element text of test object 'Object Repository/Transfer/transferConfirmationFromAccNoTxt' FAILED. (Root cause: org.openqa.selenium.WebDriverException: An unknown server-side error occurred while processing the command. Original error: 'GET /window/current/size' cannot be proxied to UiAutomator2 server because the instrumentation process is not running (probably crashed). Check the server log and/or the logcat output for more details
Build info: version: '3.141.59', revision: 'e82be7d358', time: '2018-11-14T08:25:53'
System info: host: '00139272s-MacBook-Pro.local', ip: '2001:e68:6167:d901:5dd8:2a3:885f:7e34%en0', os.name: 'Mac OS X', os.arch: 'x86_64', os.version: '10.16', java.version: '1.8.0_275'
Driver info: com.kms.katalon.core.appium.driver.SwipeableAndroidDriver
Capabilities {app: /Users/a00139272/Katalon St..., appActivity: com.maybank2u.life.MainActi..., appPackage: com.maybank2u.life.sit, appWaitActivity: *, autoGrantPermissions: true, automationName: uiautomator2, chromedriverPort: 52878, databaseEnabled: false, desired: {app: /Users/a00139272/Katalon St..., appActivity: com.maybank2u.life.MainActi..., appPackage: com.maybank2u.life.sit, appWaitActivity: *, autoGrantPermissions: true, automationName: uiautomator2, chromedriverPort: 52878, deviceId: 002b9cc60508, deviceName: Xiaomi 21061119AG (Android 11), fullReset: false, newCommandTimeout: 1800, noReset: true, platform: ANDROID, platformName: android, platformVersion: 11, systemPort: 52876, udid: 002b9cc60508}, deviceApiLevel: 30, deviceId: 002b9cc60508, deviceManufacturer: Xiaomi, deviceModel: 21061119AG, deviceName: 002b9cc60508, deviceScreenDensity: 440, deviceScreenSize: 1080x2400, deviceUDID: 002b9cc60508, fullReset: false, javascriptEnabled: true, locationContextEnabled: false, networkConnectionEnabled: true, newCommandTimeout: 1800, noReset: true, pixelRatio: 2.75, platform: ANDROID, platformName: Android, platformVersion: 11, statBarHeight: 103, systemPort: 52876, takesScreenshot: true, udid: 002b9cc60508, viewportRect: {height: 2064, left: 0, top: 103, width: 1080}, warnings: {}, webStorageEnabled: false}
Session ID: 07e0a906-f567-4646-abfd-84c6cc800d18
	at org.openqa.selenium.remote.http.W3CHttpResponseCodec.createException(W3CHttpResponseCodec.java:187)
	at org.openqa.selenium.remote.http.W3CHttpResponseCodec.decode(W3CHttpResponseCodec.java:122)
	at org.openqa.selenium.remote.http.W3CHttpResponseCodec.decode(W3CHttpResponseCodec.java:49)
	at org.openqa.selenium.remote.HttpCommandExecutor.execute(HttpCommandExecutor.java:158)
	at io.appium.java_client.remote.AppiumCommandExecutor.execute(AppiumCommandExecutor.java:239)
	at org.openqa.selenium.remote.RemoteWebDriver.execute(RemoteWebDriver.java:552)
	at io.appium.java_client.DefaultGenericMobileDriver.execute(DefaultGenericMobileDriver.java:46)
	at io.appium.java_client.AppiumDriver.execute(AppiumDriver.java:1)
	at io.appium.java_client.android.AndroidDriver.execute(AndroidDriver.java:1)
	at com.kms.katalon.core.appium.driver.SwipeableAndroidDriver.execute(SwipeableAndroidDriver.java:1)
	at org.openqa.selenium.remote.RemoteWebDriver$RemoteWebDriverOptions$RemoteWindow.getSize(RemoteWebDriver.java:813)
	at org.openqa.selenium.WebDriver$Window$getSize.call(Unknown Source)
	at com.kms.katalon.core.mobile.keyword.internal.MobileAbstractKeyword.findElement(MobileAbstractKeyword.groovy:81)
	at com.kms.katalon.core.mobile.keyword.builtin.VerifyElementTextKeyword.access$1(VerifyElementTextKeyword.groovy)
	at com.kms.katalon.core.mobile.keyword.builtin.VerifyElementTextKeyword$_verifyElementText_closure1.doCall(VerifyElementTextKeyword.groovy:47)
	at com.kms.katalon.core.mobile.keyword.builtin.VerifyElementTextKeyword$_verifyElementText_closure1.call(VerifyElementTextKeyword.groovy)
	at com.kms.katalon.core.mobile.keyword.internal.MobileKeywordMain.runKeyword(MobileKeywordMain.groovy:21)
	at com.kms.katalon.core.mobile.keyword.builtin.VerifyElementTextKeyword.verifyElementText(VerifyElementTextKeyword.groovy:62)
	at com.kms.katalon.core.mobile.keyword.builtin.VerifyElementTextKeyword.execute(VerifyElementTextKeyword.groovy:39)
	at com.kms.katalon.core.keyword.internal.KeywordExecutor.executeKeywordForPlatform(KeywordExecutor.groovy:74)
	at com.kms.katalon.core.mobile.keyword.MobileBuiltInKeywords.verifyElementText(MobileBuiltInKeywords.groovy:2901)
	at com.kms.katalon.core.mobile.keyword.MobileBuiltInKeywords$verifyElementText$9.call(Unknown Source)
	at duitNow_mobileNumberTransaction.run(duitNow_mobileNumberTransaction:296)
	at com.kms.katalon.core.main.ScriptEngine.run(ScriptEngine.java:194)
	at com.kms.katalon.core.main.ScriptEngine.runScriptAsRawText(ScriptEngine.java:119)
	at com.kms.katalon.core.main.TestCaseExecutor.runScript(TestCaseExecutor.java:445)
	at com.kms.katalon.core.main.TestCaseExecutor.doExecute(TestCaseExecutor.java:436)
	at com.kms.katalon.core.main.TestCaseExecutor.processExecutionPhase(TestCaseExecutor.java:415)
	at com.kms.katalon.core.main.TestCaseExecutor.accessMainPhase(TestCaseExecutor.java:407)
	at com.kms.katalon.core.main.TestCaseExecutor.execute(TestCaseExecutor.java:284)
	at com.kms.katalon.core.common.CommonExecutor.accessTestCaseMainPhase(CommonExecutor.java:65)
	at com.kms.katalon.core.main.TestSuiteExecutor.accessTestSuiteMainPhase(TestSuiteExecutor.java:144)
	at com.kms.katalon.core.main.TestSuiteExecutor.execute(TestSuiteExecutor.java:106)
	at com.kms.katalon.core.main.TestCaseMain.startTestSuite(TestCaseMain.java:185)
	at com.kms.katalon.core.main.TestCaseMain$startTestSuite$0.call(Unknown Source)
	at TempTestSuite1655885093224.run(TempTestSuite1655885093224.groovy:36)
)

2022-06-22 16:47:28 - [MESSAGE][FAILED] - Verify element text of test object 'Object Repository/Transfer/transferConfirmationFromAccNoTxt' FAILED. (Root cause: org.openqa.selenium.WebDriverException: An unknown server-side error occurred while processing the command. Original error: 'GET /window/current/size' cannot be proxied to UiAutomator2 server because the instrumentation process is not running (probably crashed). Check the server log and/or the logcat output for more details
Build info: version: '3.141.59', revision: 'e82be7d358', time: '2018-11-14T08:25:53'
System info: host: '00139272s-MacBook-Pro.local', ip: '2001:e68:6167:d901:5dd8:2a3:885f:7e34%en0', os.name: 'Mac OS X', os.arch: 'x86_64', os.version: '10.16', java.version: '1.8.0_275'
Driver info: com.kms.katalon.core.appium.driver.SwipeableAndroidDriver
Capabilities {app: /Users/a00139272/Katalon St..., appActivity: com.maybank2u.life.MainActi..., appPackage: com.maybank2u.life.sit, appWaitActivity: *, autoGrantPermissions: true, automationName: uiautomator2, chromedriverPort: 52878, databaseEnabled: false, desired: {app: /Users/a00139272/Katalon St..., appActivity: com.maybank2u.life.MainActi..., appPackage: com.maybank2u.life.sit, appWaitActivity: *, autoGrantPermissions: true, automationName: uiautomator2, chromedriverPort: 52878, deviceId: 002b9cc60508, deviceName: Xiaomi 21061119AG (Android 11), fullReset: false, newCommandTimeout: 1800, noReset: true, platform: ANDROID, platformName: android, platformVersion: 11, systemPort: 52876, udid: 002b9cc60508}, deviceApiLevel: 30, deviceId: 002b9cc60508, deviceManufacturer: Xiaomi, deviceModel: 21061119AG, deviceName: 002b9cc60508, deviceScreenDensity: 440, deviceScreenSize: 1080x2400, deviceUDID: 002b9cc60508, fullReset: false, javascriptEnabled: true, locationContextEnabled: false, networkConnectionEnabled: true, newCommandTimeout: 1800, noReset: true, pixelRatio: 2.75, platform: ANDROID, platformName: Android, platformVersion: 11, statBarHeight: 103, systemPort: 52876, takesScreenshot: true, udid: 002b9cc60508, viewportRect: {height: 2064, left: 0, top: 103, width: 1080}, warnings: {}, webStorageEnabled: false}
Session ID: 07e0a906-f567-4646-abfd-84c6cc800d18
	at org.openqa.selenium.remote.http.W3CHttpResponseCodec.createException(W3CHttpResponseCodec.java:187)
	at org.openqa.selenium.remote.http.W3CHttpResponseCodec.decode(W3CHttpResponseCodec.java:122)
	at org.openqa.selenium.remote.http.W3CHttpResponseCodec.decode(W3CHttpResponseCodec.java:49)
	at org.openqa.selenium.remote.HttpCommandExecutor.execute(HttpCommandExecutor.java:158)
	at io.appium.java_client.remote.AppiumCommandExecutor.execute(AppiumCommandExecutor.java:239)
	at org.openqa.selenium.remote.RemoteWebDriver.execute(RemoteWebDriver.java:552)
	at io.appium.java_client.DefaultGenericMobileDriver.execute(DefaultGenericMobileDriver.java:46)
	at io.appium.java_client.AppiumDriver.execute(AppiumDriver.java:1)
	at io.appium.java_client.android.AndroidDriver.execute(AndroidDriver.java:1)
	at com.kms.katalon.core.appium.driver.SwipeableAndroidDriver.execute(SwipeableAndroidDriver.java:1)
	at org.openqa.selenium.remote.RemoteWebDriver$RemoteWebDriverOptions$RemoteWindow.getSize(RemoteWebDriver.java:813)
	at org.openqa.selenium.WebDriver$Window$getSize.call(Unknown Source)
	at com.kms.katalon.core.mobile.keyword.internal.MobileAbstractKeyword.findElement(MobileAbstractKeyword.groovy:81)
	at com.kms.katalon.core.mobile.keyword.builtin.VerifyElementTextKeyword.access$1(VerifyElementTextKeyword.groovy)
	at com.kms.katalon.core.mobile.keyword.builtin.VerifyElementTextKeyword$_verifyElementText_closure1.doCall(VerifyElementTextKeyword.groovy:47)
	at com.kms.katalon.core.mobile.keyword.builtin.VerifyElementTextKeyword$_verifyElementText_closure1.call(VerifyElementTextKeyword.groovy)
	at com.kms.katalon.core.mobile.keyword.internal.MobileKeywordMain.runKeyword(MobileKeywordMain.groovy:21)
	at com.kms.katalon.core.mobile.keyword.builtin.VerifyElementTextKeyword.verifyElementText(VerifyElementTextKeyword.groovy:62)
	at com.kms.katalon.core.mobile.keyword.builtin.VerifyElementTextKeyword.execute(VerifyElementTextKeyword.groovy:39)
	at com.kms.katalon.core.keyword.internal.KeywordExecutor.executeKeywordForPlatform(KeywordExecutor.groovy:74)
	at com.kms.katalon.core.mobile.keyword.MobileBuiltInKeywords.verifyElementText(MobileBuiltInKeywords.groovy:2901)
	at com.kms.katalon.core.mobile.keyword.MobileBuiltInKeywords$verifyElementText$9.call(Unknown Source)
	at duitNow_mobileNumberTransaction.run(duitNow_mobileNumberTransaction:296)
	at com.kms.katalon.core.main.ScriptEngine.run(ScriptEngine.java:194)
	at com.kms.katalon.core.main.ScriptEngine.runScriptAsRawText(ScriptEngine.java:119)
	at com.kms.katalon.core.main.TestCaseExecutor.runScript(TestCaseExecutor.java:445)
	at com.kms.katalon.core.main.TestCaseExecutor.doExecute(TestCaseExecutor.java:436)
	at com.kms.katalon.core.main.TestCaseExecutor.processExecutionPhase(TestCaseExecutor.java:415)
	at com.kms.katalon.core.main.TestCaseExecutor.accessMainPhase(TestCaseExecutor.java:407)
	at com.kms.katalon.core.main.TestCaseExecutor.execute(TestCaseExecutor.java:284)
	at com.kms.katalon.core.common.CommonExecutor.accessTestCaseMainPhase(CommonExecutor.java:65)
	at com.kms.katalon.core.main.TestSuiteExecutor.accessTestSuiteMainPhase(TestSuiteExecutor.java:144)
	at com.kms.katalon.core.main.TestSuiteExecutor.execute(TestSuiteExecutor.java:106)
	at com.kms.katalon.core.main.TestCaseMain.startTestSuite(TestCaseMain.java:185)
	at com.kms.katalon.core.main.TestCaseMain$startTestSuite$0.call(Unknown Source)
	at TempTestSuite1655885093224.run(TempTestSuite1655885093224.groovy:36)
)

2022-06-22 16:47:28 - [TEST_STEP][FAILED] - verifyElementExist(findTestObject("Transfer/transferConfirmationFromAccBalanceTxt"), 0): Failed to check for element 'Object Repository/Transfer/transferConfirmationFromAccBalanceTxt' exist (Root cause: org.openqa.selenium.WebDriverException: An unknown server-side error occurred while processing the command. Original error: 'GET /window/current/size' cannot be proxied to UiAutomator2 server because the instrumentation process is not running (probably crashed). Check the server log and/or the logcat output for more details
Build info: version: '3.141.59', revision: 'e82be7d358', time: '2018-11-14T08:25:53'
System info: host: '00139272s-MacBook-Pro.local', ip: '2001:e68:6167:d901:5dd8:2a3:885f:7e34%en0', os.name: 'Mac OS X', os.arch: 'x86_64', os.version: '10.16', java.version: '1.8.0_275'
Driver info: com.kms.katalon.core.appium.driver.SwipeableAndroidDriver
Capabilities {app: /Users/a00139272/Katalon St..., appActivity: com.maybank2u.life.MainActi..., appPackage: com.maybank2u.life.sit, appWaitActivity: *, autoGrantPermissions: true, automationName: uiautomator2, chromedriverPort: 52878, databaseEnabled: false, desired: {app: /Users/a00139272/Katalon St..., appActivity: com.maybank2u.life.MainActi..., appPackage: com.maybank2u.life.sit, appWaitActivity: *, autoGrantPermissions: true, automationName: uiautomator2, chromedriverPort: 52878, deviceId: 002b9cc60508, deviceName: Xiaomi 21061119AG (Android 11), fullReset: false, newCommandTimeout: 1800, noReset: true, platform: ANDROID, platformName: android, platformVersion: 11, systemPort: 52876, udid: 002b9cc60508}, deviceApiLevel: 30, deviceId: 002b9cc60508, deviceManufacturer: Xiaomi, deviceModel: 21061119AG, deviceName: 002b9cc60508, deviceScreenDensity: 440, deviceScreenSize: 1080x2400, deviceUDID: 002b9cc60508, fullReset: false, javascriptEnabled: true, locationContextEnabled: false, networkConnectionEnabled: true, newCommandTimeout: 1800, noReset: true, pixelRatio: 2.75, platform: ANDROID, platformName: Android, platformVersion: 11, statBarHeight: 103, systemPort: 52876, takesScreenshot: true, udid: 002b9cc60508, viewportRect: {height: 2064, left: 0, top: 103, width: 1080}, warnings: {}, webStorageEnabled: false}
Session ID: 07e0a906-f567-4646-abfd-84c6cc800d18
	at org.openqa.selenium.remote.http.W3CHttpResponseCodec.createException(W3CHttpResponseCodec.java:187)
	at org.openqa.selenium.remote.http.W3CHttpResponseCodec.decode(W3CHttpResponseCodec.java:122)
	at org.openqa.selenium.remote.http.W3CHttpResponseCodec.decode(W3CHttpResponseCodec.java:49)
	at org.openqa.selenium.remote.HttpCommandExecutor.execute(HttpCommandExecutor.java:158)
	at io.appium.java_client.remote.AppiumCommandExecutor.execute(AppiumCommandExecutor.java:239)
	at org.openqa.selenium.remote.RemoteWebDriver.execute(RemoteWebDriver.java:552)
	at io.appium.java_client.DefaultGenericMobileDriver.execute(DefaultGenericMobileDriver.java:46)
	at io.appium.java_client.AppiumDriver.execute(AppiumDriver.java:1)
	at io.appium.java_client.android.AndroidDriver.execute(AndroidDriver.java:1)
	at com.kms.katalon.core.appium.driver.SwipeableAndroidDriver.execute(SwipeableAndroidDriver.java:1)
	at org.openqa.selenium.remote.RemoteWebDriver$RemoteWebDriverOptions$RemoteWindow.getSize(RemoteWebDriver.java:813)
	at org.openqa.selenium.WebDriver$Window$getSize.call(Unknown Source)
	at com.kms.katalon.core.mobile.keyword.internal.MobileAbstractKeyword.findElement(MobileAbstractKeyword.groovy:81)
	at com.kms.katalon.core.mobile.keyword.builtin.VerifyElementExistKeyword.access$1(VerifyElementExistKeyword.groovy)
	at com.kms.katalon.core.mobile.keyword.builtin.VerifyElementExistKeyword$_verifyElementExist_closure1.doCall(VerifyElementExistKeyword.groovy:72)
	at com.kms.katalon.core.mobile.keyword.builtin.VerifyElementExistKeyword$_verifyElementExist_closure1.call(VerifyElementExistKeyword.groovy)
	at com.kms.katalon.core.mobile.keyword.internal.MobileKeywordMain.runKeyword(MobileKeywordMain.groovy:21)
	at com.kms.katalon.core.mobile.keyword.builtin.VerifyElementExistKeyword.verifyElementExist(VerifyElementExistKeyword.groovy:80)
	at com.kms.katalon.core.mobile.keyword.builtin.VerifyElementExistKeyword.execute(VerifyElementExistKeyword.groovy:64)
	at com.kms.katalon.core.keyword.internal.KeywordExecutor.executeKeywordForPlatform(KeywordExecutor.groovy:74)
	at com.kms.katalon.core.mobile.keyword.MobileBuiltInKeywords.verifyElementExist(MobileBuiltInKeywords.groovy:1755)
	at com.kms.katalon.core.mobile.keyword.MobileBuiltInKeywords$verifyElementExist$8.call(Unknown Source)
	at duitNow_mobileNumberTransaction.run(duitNow_mobileNumberTransaction:298)
	at com.kms.katalon.core.main.ScriptEngine.run(ScriptEngine.java:194)
	at com.kms.katalon.core.main.ScriptEngine.runScriptAsRawText(ScriptEngine.java:119)
	at com.kms.katalon.core.main.TestCaseExecutor.runScript(TestCaseExecutor.java:445)
	at com.kms.katalon.core.main.TestCaseExecutor.doExecute(TestCaseExecutor.java:436)
	at com.kms.katalon.core.main.TestCaseExecutor.processExecutionPhase(TestCaseExecutor.java:415)
	at com.kms.katalon.core.main.TestCaseExecutor.accessMainPhase(TestCaseExecutor.java:407)
	at com.kms.katalon.core.main.TestCaseExecutor.execute(TestCaseExecutor.java:284)
	at com.kms.katalon.core.common.CommonExecutor.accessTestCaseMainPhase(CommonExecutor.java:65)
	at com.kms.katalon.core.main.TestSuiteExecutor.accessTestSuiteMainPhase(TestSuiteExecutor.java:144)
	at com.kms.katalon.core.main.TestSuiteExecutor.execute(TestSuiteExecutor.java:106)
	at com.kms.katalon.core.main.TestCaseMain.startTestSuite(TestCaseMain.java:185)
	at com.kms.katalon.core.main.TestCaseMain$startTestSuite$0.call(Unknown Source)
	at TempTestSuite1655885093224.run(TempTestSuite1655885093224.groovy:36)
)

2022-06-22 16:47:28 - [MESSAGE][WARNING] - Timeout '0' is invalid. Using default page load timeout: '40'

2022-06-22 16:47:28 - [MESSAGE][FAILED] - Failed to check for element 'Object Repository/Transfer/transferConfirmationFromAccBalanceTxt' exist (Root cause: org.openqa.selenium.WebDriverException: An unknown server-side error occurred while processing the command. Original error: 'GET /window/current/size' cannot be proxied to UiAutomator2 server because the instrumentation process is not running (probably crashed). Check the server log and/or the logcat output for more details
Build info: version: '3.141.59', revision: 'e82be7d358', time: '2018-11-14T08:25:53'
System info: host: '00139272s-MacBook-Pro.local', ip: '2001:e68:6167:d901:5dd8:2a3:885f:7e34%en0', os.name: 'Mac OS X', os.arch: 'x86_64', os.version: '10.16', java.version: '1.8.0_275'
Driver info: com.kms.katalon.core.appium.driver.SwipeableAndroidDriver
Capabilities {app: /Users/a00139272/Katalon St..., appActivity: com.maybank2u.life.MainActi..., appPackage: com.maybank2u.life.sit, appWaitActivity: *, autoGrantPermissions: true, automationName: uiautomator2, chromedriverPort: 52878, databaseEnabled: false, desired: {app: /Users/a00139272/Katalon St..., appActivity: com.maybank2u.life.MainActi..., appPackage: com.maybank2u.life.sit, appWaitActivity: *, autoGrantPermissions: true, automationName: uiautomator2, chromedriverPort: 52878, deviceId: 002b9cc60508, deviceName: Xiaomi 21061119AG (Android 11), fullReset: false, newCommandTimeout: 1800, noReset: true, platform: ANDROID, platformName: android, platformVersion: 11, systemPort: 52876, udid: 002b9cc60508}, deviceApiLevel: 30, deviceId: 002b9cc60508, deviceManufacturer: Xiaomi, deviceModel: 21061119AG, deviceName: 002b9cc60508, deviceScreenDensity: 440, deviceScreenSize: 1080x2400, deviceUDID: 002b9cc60508, fullReset: false, javascriptEnabled: true, locationContextEnabled: false, networkConnectionEnabled: true, newCommandTimeout: 1800, noReset: true, pixelRatio: 2.75, platform: ANDROID, platformName: Android, platformVersion: 11, statBarHeight: 103, systemPort: 52876, takesScreenshot: true, udid: 002b9cc60508, viewportRect: {height: 2064, left: 0, top: 103, width: 1080}, warnings: {}, webStorageEnabled: false}
Session ID: 07e0a906-f567-4646-abfd-84c6cc800d18
	at org.openqa.selenium.remote.http.W3CHttpResponseCodec.createException(W3CHttpResponseCodec.java:187)
	at org.openqa.selenium.remote.http.W3CHttpResponseCodec.decode(W3CHttpResponseCodec.java:122)
	at org.openqa.selenium.remote.http.W3CHttpResponseCodec.decode(W3CHttpResponseCodec.java:49)
	at org.openqa.selenium.remote.HttpCommandExecutor.execute(HttpCommandExecutor.java:158)
	at io.appium.java_client.remote.AppiumCommandExecutor.execute(AppiumCommandExecutor.java:239)
	at org.openqa.selenium.remote.RemoteWebDriver.execute(RemoteWebDriver.java:552)
	at io.appium.java_client.DefaultGenericMobileDriver.execute(DefaultGenericMobileDriver.java:46)
	at io.appium.java_client.AppiumDriver.execute(AppiumDriver.java:1)
	at io.appium.java_client.android.AndroidDriver.execute(AndroidDriver.java:1)
	at com.kms.katalon.core.appium.driver.SwipeableAndroidDriver.execute(SwipeableAndroidDriver.java:1)
	at org.openqa.selenium.remote.RemoteWebDriver$RemoteWebDriverOptions$RemoteWindow.getSize(RemoteWebDriver.java:813)
	at org.openqa.selenium.WebDriver$Window$getSize.call(Unknown Source)
	at com.kms.katalon.core.mobile.keyword.internal.MobileAbstractKeyword.findElement(MobileAbstractKeyword.groovy:81)
	at com.kms.katalon.core.mobile.keyword.builtin.VerifyElementExistKeyword.access$1(VerifyElementExistKeyword.groovy)
	at com.kms.katalon.core.mobile.keyword.builtin.VerifyElementExistKeyword$_verifyElementExist_closure1.doCall(VerifyElementExistKeyword.groovy:72)
	at com.kms.katalon.core.mobile.keyword.builtin.VerifyElementExistKeyword$_verifyElementExist_closure1.call(VerifyElementExistKeyword.groovy)
	at com.kms.katalon.core.mobile.keyword.internal.MobileKeywordMain.runKeyword(MobileKeywordMain.groovy:21)
	at com.kms.katalon.core.mobile.keyword.builtin.VerifyElementExistKeyword.verifyElementExist(VerifyElementExistKeyword.groovy:80)
	at com.kms.katalon.core.mobile.keyword.builtin.VerifyElementExistKeyword.execute(VerifyElementExistKeyword.groovy:64)
	at com.kms.katalon.core.keyword.internal.KeywordExecutor.executeKeywordForPlatform(KeywordExecutor.groovy:74)
	at com.kms.katalon.core.mobile.keyword.MobileBuiltInKeywords.verifyElementExist(MobileBuiltInKeywords.groovy:1755)
	at com.kms.katalon.core.mobile.keyword.MobileBuiltInKeywords$verifyElementExist$8.call(Unknown Source)
	at duitNow_mobileNumberTransaction.run(duitNow_mobileNumberTransaction:298)
	at com.kms.katalon.core.main.ScriptEngine.run(ScriptEngine.java:194)
	at com.kms.katalon.core.main.ScriptEngine.runScriptAsRawText(ScriptEngine.java:119)
	at com.kms.katalon.core.main.TestCaseExecutor.runScript(TestCaseExecutor.java:445)
	at com.kms.katalon.core.main.TestCaseExecutor.doExecute(TestCaseExecutor.java:436)
	at com.kms.katalon.core.main.TestCaseExecutor.processExecutionPhase(TestCaseExecutor.java:415)
	at com.kms.katalon.core.main.TestCaseExecutor.accessMainPhase(TestCaseExecutor.java:407)
	at com.kms.katalon.core.main.TestCaseExecutor.execute(TestCaseExecutor.java:284)
	at com.kms.katalon.core.common.CommonExecutor.accessTestCaseMainPhase(CommonExecutor.java:65)
	at com.kms.katalon.core.main.TestSuiteExecutor.accessTestSuiteMainPhase(TestSuiteExecutor.java:144)
	at com.kms.katalon.core.main.TestSuiteExecutor.execute(TestSuiteExecutor.java:106)
	at com.kms.katalon.core.main.TestCaseMain.startTestSuite(TestCaseMain.java:185)
	at com.kms.katalon.core.main.TestCaseMain$startTestSuite$0.call(Unknown Source)
	at TempTestSuite1655885093224.run(TempTestSuite1655885093224.groovy:36)
)

2022-06-22 16:47:28 - [TEST_STEP][FAILED] - accountBalance = getText(findTestObject("Transfer/transferConfirmationFromAccBalanceTxt"), 0): Failed to get text from element (Root cause: org.openqa.selenium.WebDriverException: An unknown server-side error occurred while processing the command. Original error: 'GET /window/current/size' cannot be proxied to UiAutomator2 server because the instrumentation process is not running (probably crashed). Check the server log and/or the logcat output for more details
Build info: version: '3.141.59', revision: 'e82be7d358', time: '2018-11-14T08:25:53'
System info: host: '00139272s-MacBook-Pro.local', ip: '2001:e68:6167:d901:5dd8:2a3:885f:7e34%en0', os.name: 'Mac OS X', os.arch: 'x86_64', os.version: '10.16', java.version: '1.8.0_275'
Driver info: com.kms.katalon.core.appium.driver.SwipeableAndroidDriver
Capabilities {app: /Users/a00139272/Katalon St..., appActivity: com.maybank2u.life.MainActi..., appPackage: com.maybank2u.life.sit, appWaitActivity: *, autoGrantPermissions: true, automationName: uiautomator2, chromedriverPort: 52878, databaseEnabled: false, desired: {app: /Users/a00139272/Katalon St..., appActivity: com.maybank2u.life.MainActi..., appPackage: com.maybank2u.life.sit, appWaitActivity: *, autoGrantPermissions: true, automationName: uiautomator2, chromedriverPort: 52878, deviceId: 002b9cc60508, deviceName: Xiaomi 21061119AG (Android 11), fullReset: false, newCommandTimeout: 1800, noReset: true, platform: ANDROID, platformName: android, platformVersion: 11, systemPort: 52876, udid: 002b9cc60508}, deviceApiLevel: 30, deviceId: 002b9cc60508, deviceManufacturer: Xiaomi, deviceModel: 21061119AG, deviceName: 002b9cc60508, deviceScreenDensity: 440, deviceScreenSize: 1080x2400, deviceUDID: 002b9cc60508, fullReset: false, javascriptEnabled: true, locationContextEnabled: false, networkConnectionEnabled: true, newCommandTimeout: 1800, noReset: true, pixelRatio: 2.75, platform: ANDROID, platformName: Android, platformVersion: 11, statBarHeight: 103, systemPort: 52876, takesScreenshot: true, udid: 002b9cc60508, viewportRect: {height: 2064, left: 0, top: 103, width: 1080}, warnings: {}, webStorageEnabled: false}
Session ID: 07e0a906-f567-4646-abfd-84c6cc800d18
	at org.openqa.selenium.remote.http.W3CHttpResponseCodec.createException(W3CHttpResponseCodec.java:187)
	at org.openqa.selenium.remote.http.W3CHttpResponseCodec.decode(W3CHttpResponseCodec.java:122)
	at org.openqa.selenium.remote.http.W3CHttpResponseCodec.decode(W3CHttpResponseCodec.java:49)
	at org.openqa.selenium.remote.HttpCommandExecutor.execute(HttpCommandExecutor.java:158)
	at io.appium.java_client.remote.AppiumCommandExecutor.execute(AppiumCommandExecutor.java:239)
	at org.openqa.selenium.remote.RemoteWebDriver.execute(RemoteWebDriver.java:552)
	at io.appium.java_client.DefaultGenericMobileDriver.execute(DefaultGenericMobileDriver.java:46)
	at io.appium.java_client.AppiumDriver.execute(AppiumDriver.java:1)
	at io.appium.java_client.android.AndroidDriver.execute(AndroidDriver.java:1)
	at com.kms.katalon.core.appium.driver.SwipeableAndroidDriver.execute(SwipeableAndroidDriver.java:1)
	at org.openqa.selenium.remote.RemoteWebDriver$RemoteWebDriverOptions$RemoteWindow.getSize(RemoteWebDriver.java:813)
	at org.openqa.selenium.WebDriver$Window$getSize.call(Unknown Source)
	at com.kms.katalon.core.mobile.keyword.internal.MobileAbstractKeyword.findElement(MobileAbstractKeyword.groovy:81)
	at com.kms.katalon.core.mobile.keyword.builtin.GetTextKeyword.access$1(GetTextKeyword.groovy)
	at com.kms.katalon.core.mobile.keyword.builtin.GetTextKeyword$_getText_closure1.doCall(GetTextKeyword.groovy:72)
	at com.kms.katalon.core.mobile.keyword.builtin.GetTextKeyword$_getText_closure1.call(GetTextKeyword.groovy)
	at com.kms.katalon.core.mobile.keyword.internal.MobileKeywordMain.runKeyword(MobileKeywordMain.groovy:21)
	at com.kms.katalon.core.mobile.keyword.builtin.GetTextKeyword.getText(GetTextKeyword.groovy:80)
	at com.kms.katalon.core.mobile.keyword.builtin.GetTextKeyword.execute(GetTextKeyword.groovy:64)
	at com.kms.katalon.core.keyword.internal.KeywordExecutor.executeKeywordForPlatform(KeywordExecutor.groovy:74)
	at com.kms.katalon.core.mobile.keyword.MobileBuiltInKeywords.getText(MobileBuiltInKeywords.groovy:1274)
	at com.kms.katalon.core.mobile.keyword.MobileBuiltInKeywords$getText$11.call(Unknown Source)
	at duitNow_mobileNumberTransaction.run(duitNow_mobileNumberTransaction:300)
	at com.kms.katalon.core.main.ScriptEngine.run(ScriptEngine.java:194)
	at com.kms.katalon.core.main.ScriptEngine.runScriptAsRawText(ScriptEngine.java:119)
	at com.kms.katalon.core.main.TestCaseExecutor.runScript(TestCaseExecutor.java:445)
	at com.kms.katalon.core.main.TestCaseExecutor.doExecute(TestCaseExecutor.java:436)
	at com.kms.katalon.core.main.TestCaseExecutor.processExecutionPhase(TestCaseExecutor.java:415)
	at com.kms.katalon.core.main.TestCaseExecutor.accessMainPhase(TestCaseExecutor.java:407)
	at com.kms.katalon.core.main.TestCaseExecutor.execute(TestCaseExecutor.java:284)
	at com.kms.katalon.core.common.CommonExecutor.accessTestCaseMainPhase(CommonExecutor.java:65)
	at com.kms.katalon.core.main.TestSuiteExecutor.accessTestSuiteMainPhase(TestSuiteExecutor.java:144)
	at com.kms.katalon.core.main.TestSuiteExecutor.execute(TestSuiteExecutor.java:106)
	at com.kms.katalon.core.main.TestCaseMain.startTestSuite(TestCaseMain.java:185)
	at com.kms.katalon.core.main.TestCaseMain$startTestSuite$0.call(Unknown Source)
	at TempTestSuite1655885093224.run(TempTestSuite1655885093224.groovy:36)
)

2022-06-22 16:47:28 - [MESSAGE][WARNING] - Timeout '0' is invalid. Using default page load timeout: '40'

2022-06-22 16:47:28 - [MESSAGE][FAILED] - Failed to get text from element (Root cause: org.openqa.selenium.WebDriverException: An unknown server-side error occurred while processing the command. Original error: 'GET /window/current/size' cannot be proxied to UiAutomator2 server because the instrumentation process is not running (probably crashed). Check the server log and/or the logcat output for more details
Build info: version: '3.141.59', revision: 'e82be7d358', time: '2018-11-14T08:25:53'
System info: host: '00139272s-MacBook-Pro.local', ip: '2001:e68:6167:d901:5dd8:2a3:885f:7e34%en0', os.name: 'Mac OS X', os.arch: 'x86_64', os.version: '10.16', java.version: '1.8.0_275'
Driver info: com.kms.katalon.core.appium.driver.SwipeableAndroidDriver
Capabilities {app: /Users/a00139272/Katalon St..., appActivity: com.maybank2u.life.MainActi..., appPackage: com.maybank2u.life.sit, appWaitActivity: *, autoGrantPermissions: true, automationName: uiautomator2, chromedriverPort: 52878, databaseEnabled: false, desired: {app: /Users/a00139272/Katalon St..., appActivity: com.maybank2u.life.MainActi..., appPackage: com.maybank2u.life.sit, appWaitActivity: *, autoGrantPermissions: true, automationName: uiautomator2, chromedriverPort: 52878, deviceId: 002b9cc60508, deviceName: Xiaomi 21061119AG (Android 11), fullReset: false, newCommandTimeout: 1800, noReset: true, platform: ANDROID, platformName: android, platformVersion: 11, systemPort: 52876, udid: 002b9cc60508}, deviceApiLevel: 30, deviceId: 002b9cc60508, deviceManufacturer: Xiaomi, deviceModel: 21061119AG, deviceName: 002b9cc60508, deviceScreenDensity: 440, deviceScreenSize: 1080x2400, deviceUDID: 002b9cc60508, fullReset: false, javascriptEnabled: true, locationContextEnabled: false, networkConnectionEnabled: true, newCommandTimeout: 1800, noReset: true, pixelRatio: 2.75, platform: ANDROID, platformName: Android, platformVersion: 11, statBarHeight: 103, systemPort: 52876, takesScreenshot: true, udid: 002b9cc60508, viewportRect: {height: 2064, left: 0, top: 103, width: 1080}, warnings: {}, webStorageEnabled: false}
Session ID: 07e0a906-f567-4646-abfd-84c6cc800d18
	at org.openqa.selenium.remote.http.W3CHttpResponseCodec.createException(W3CHttpResponseCodec.java:187)
	at org.openqa.selenium.remote.http.W3CHttpResponseCodec.decode(W3CHttpResponseCodec.java:122)
	at org.openqa.selenium.remote.http.W3CHttpResponseCodec.decode(W3CHttpResponseCodec.java:49)
	at org.openqa.selenium.remote.HttpCommandExecutor.execute(HttpCommandExecutor.java:158)
	at io.appium.java_client.remote.AppiumCommandExecutor.execute(AppiumCommandExecutor.java:239)
	at org.openqa.selenium.remote.RemoteWebDriver.execute(RemoteWebDriver.java:552)
	at io.appium.java_client.DefaultGenericMobileDriver.execute(DefaultGenericMobileDriver.java:46)
	at io.appium.java_client.AppiumDriver.execute(AppiumDriver.java:1)
	at io.appium.java_client.android.AndroidDriver.execute(AndroidDriver.java:1)
	at com.kms.katalon.core.appium.driver.SwipeableAndroidDriver.execute(SwipeableAndroidDriver.java:1)
	at org.openqa.selenium.remote.RemoteWebDriver$RemoteWebDriverOptions$RemoteWindow.getSize(RemoteWebDriver.java:813)
	at org.openqa.selenium.WebDriver$Window$getSize.call(Unknown Source)
	at com.kms.katalon.core.mobile.keyword.internal.MobileAbstractKeyword.findElement(MobileAbstractKeyword.groovy:81)
	at com.kms.katalon.core.mobile.keyword.builtin.GetTextKeyword.access$1(GetTextKeyword.groovy)
	at com.kms.katalon.core.mobile.keyword.builtin.GetTextKeyword$_getText_closure1.doCall(GetTextKeyword.groovy:72)
	at com.kms.katalon.core.mobile.keyword.builtin.GetTextKeyword$_getText_closure1.call(GetTextKeyword.groovy)
	at com.kms.katalon.core.mobile.keyword.internal.MobileKeywordMain.runKeyword(MobileKeywordMain.groovy:21)
	at com.kms.katalon.core.mobile.keyword.builtin.GetTextKeyword.getText(GetTextKeyword.groovy:80)
	at com.kms.katalon.core.mobile.keyword.builtin.GetTextKeyword.execute(GetTextKeyword.groovy:64)
	at com.kms.katalon.core.keyword.internal.KeywordExecutor.executeKeywordForPlatform(KeywordExecutor.groovy:74)
	at com.kms.katalon.core.mobile.keyword.MobileBuiltInKeywords.getText(MobileBuiltInKeywords.groovy:1274)
	at com.kms.katalon.core.mobile.keyword.MobileBuiltInKeywords$getText$11.call(Unknown Source)
	at duitNow_mobileNumberTransaction.run(duitNow_mobileNumberTransaction:300)
	at com.kms.katalon.core.main.ScriptEngine.run(ScriptEngine.java:194)
	at com.kms.katalon.core.main.ScriptEngine.runScriptAsRawText(ScriptEngine.java:119)
	at com.kms.katalon.core.main.TestCaseExecutor.runScript(TestCaseExecutor.java:445)
	at com.kms.katalon.core.main.TestCaseExecutor.doExecute(TestCaseExecutor.java:436)
	at com.kms.katalon.core.main.TestCaseExecutor.processExecutionPhase(TestCaseExecutor.java:415)
	at com.kms.katalon.core.main.TestCaseExecutor.accessMainPhase(TestCaseExecutor.java:407)
	at com.kms.katalon.core.main.TestCaseExecutor.execute(TestCaseExecutor.java:284)
	at com.kms.katalon.core.common.CommonExecutor.accessTestCaseMainPhase(CommonExecutor.java:65)
	at com.kms.katalon.core.main.TestSuiteExecutor.accessTestSuiteMainPhase(TestSuiteExecutor.java:144)
	at com.kms.katalon.core.main.TestSuiteExecutor.execute(TestSuiteExecutor.java:106)
	at com.kms.katalon.core.main.TestCaseMain.startTestSuite(TestCaseMain.java:185)
	at com.kms.katalon.core.main.TestCaseMain$startTestSuite$0.call(Unknown Source)
	at TempTestSuite1655885093224.run(TempTestSuite1655885093224.groovy:36)
)

2022-06-22 16:47:28 - [TEST_STEP][PASSED] - println(accountBalance): null

2022-06-22 16:47:28 - [TEST_STEP][FAILED] - tap(findTestObject("Main/mainTransferNowBtn"), 0): Failed to tap on element 'Object Repository/Main/mainTransferNowBtn' (Root cause: org.openqa.selenium.WebDriverException: An unknown server-side error occurred while processing the command. Original error: 'GET /window/current/size' cannot be proxied to UiAutomator2 server because the instrumentation process is not running (probably crashed). Check the server log and/or the logcat output for more details
Build info: version: '3.141.59', revision: 'e82be7d358', time: '2018-11-14T08:25:53'
System info: host: '00139272s-MacBook-Pro.local', ip: '2001:e68:6167:d901:5dd8:2a3:885f:7e34%en0', os.name: 'Mac OS X', os.arch: 'x86_64', os.version: '10.16', java.version: '1.8.0_275'
Driver info: com.kms.katalon.core.appium.driver.SwipeableAndroidDriver
Capabilities {app: /Users/a00139272/Katalon St..., appActivity: com.maybank2u.life.MainActi..., appPackage: com.maybank2u.life.sit, appWaitActivity: *, autoGrantPermissions: true, automationName: uiautomator2, chromedriverPort: 52878, databaseEnabled: false, desired: {app: /Users/a00139272/Katalon St..., appActivity: com.maybank2u.life.MainActi..., appPackage: com.maybank2u.life.sit, appWaitActivity: *, autoGrantPermissions: true, automationName: uiautomator2, chromedriverPort: 52878, deviceId: 002b9cc60508, deviceName: Xiaomi 21061119AG (Android 11), fullReset: false, newCommandTimeout: 1800, noReset: true, platform: ANDROID, platformName: android, platformVersion: 11, systemPort: 52876, udid: 002b9cc60508}, deviceApiLevel: 30, deviceId: 002b9cc60508, deviceManufacturer: Xiaomi, deviceModel: 21061119AG, deviceName: 002b9cc60508, deviceScreenDensity: 440, deviceScreenSize: 1080x2400, deviceUDID: 002b9cc60508, fullReset: false, javascriptEnabled: true, locationContextEnabled: false, networkConnectionEnabled: true, newCommandTimeout: 1800, noReset: true, pixelRatio: 2.75, platform: ANDROID, platformName: Android, platformVersion: 11, statBarHeight: 103, systemPort: 52876, takesScreenshot: true, udid: 002b9cc60508, viewportRect: {height: 2064, left: 0, top: 103, width: 1080}, warnings: {}, webStorageEnabled: false}
Session ID: 07e0a906-f567-4646-abfd-84c6cc800d18
	at org.openqa.selenium.remote.http.W3CHttpResponseCodec.createException(W3CHttpResponseCodec.java:187)
	at org.openqa.selenium.remote.http.W3CHttpResponseCodec.decode(W3CHttpResponseCodec.java:122)
	at org.openqa.selenium.remote.http.W3CHttpResponseCodec.decode(W3CHttpResponseCodec.java:49)
	at org.openqa.selenium.remote.HttpCommandExecutor.execute(HttpCommandExecutor.java:158)
	at io.appium.java_client.remote.AppiumCommandExecutor.execute(AppiumCommandExecutor.java:239)
	at org.openqa.selenium.remote.RemoteWebDriver.execute(RemoteWebDriver.java:552)
	at io.appium.java_client.DefaultGenericMobileDriver.execute(DefaultGenericMobileDriver.java:46)
	at io.appium.java_client.AppiumDriver.execute(AppiumDriver.java:1)
	at io.appium.java_client.android.AndroidDriver.execute(AndroidDriver.java:1)
	at com.kms.katalon.core.appium.driver.SwipeableAndroidDriver.execute(SwipeableAndroidDriver.java:1)
	at org.openqa.selenium.remote.RemoteWebDriver$RemoteWebDriverOptions$RemoteWindow.getSize(RemoteWebDriver.java:813)
	at org.openqa.selenium.WebDriver$Window$getSize.call(Unknown Source)
	at com.kms.katalon.core.mobile.keyword.internal.MobileAbstractKeyword.findElement(MobileAbstractKeyword.groovy:81)
	at com.kms.katalon.core.mobile.keyword.builtin.TapKeyword.access$1(TapKeyword.groovy)
	at com.kms.katalon.core.mobile.keyword.builtin.TapKeyword$_tap_closure1.doCall(TapKeyword.groovy:76)
	at com.kms.katalon.core.mobile.keyword.builtin.TapKeyword$_tap_closure1.call(TapKeyword.groovy)
	at com.kms.katalon.core.mobile.keyword.internal.MobileKeywordMain.runKeyword(MobileKeywordMain.groovy:21)
	at com.kms.katalon.core.mobile.keyword.builtin.TapKeyword.tap(TapKeyword.groovy:84)
	at com.kms.katalon.core.mobile.keyword.builtin.TapKeyword.execute(TapKeyword.groovy:68)
	at com.kms.katalon.core.keyword.internal.KeywordExecutor.executeKeywordForPlatform(KeywordExecutor.groovy:74)
	at com.kms.katalon.core.mobile.keyword.MobileBuiltInKeywords.tap(MobileBuiltInKeywords.groovy:1490)
	at com.kms.katalon.core.mobile.keyword.MobileBuiltInKeywords$tap$4.call(Unknown Source)
	at duitNow_mobileNumberTransaction.run(duitNow_mobileNumberTransaction:304)
	at com.kms.katalon.core.main.ScriptEngine.run(ScriptEngine.java:194)
	at com.kms.katalon.core.main.ScriptEngine.runScriptAsRawText(ScriptEngine.java:119)
	at com.kms.katalon.core.main.TestCaseExecutor.runScript(TestCaseExecutor.java:445)
	at com.kms.katalon.core.main.TestCaseExecutor.doExecute(TestCaseExecutor.java:436)
	at com.kms.katalon.core.main.TestCaseExecutor.processExecutionPhase(TestCaseExecutor.java:415)
	at com.kms.katalon.core.main.TestCaseExecutor.accessMainPhase(TestCaseExecutor.java:407)
	at com.kms.katalon.core.main.TestCaseExecutor.execute(TestCaseExecutor.java:284)
	at com.kms.katalon.core.common.CommonExecutor.accessTestCaseMainPhase(CommonExecutor.java:65)
	at com.kms.katalon.core.main.TestSuiteExecutor.accessTestSuiteMainPhase(TestSuiteExecutor.java:144)
	at com.kms.katalon.core.main.TestSuiteExecutor.execute(TestSuiteExecutor.java:106)
	at com.kms.katalon.core.main.TestCaseMain.startTestSuite(TestCaseMain.java:185)
	at com.kms.katalon.core.main.TestCaseMain$startTestSuite$0.call(Unknown Source)
	at TempTestSuite1655885093224.run(TempTestSuite1655885093224.groovy:36)
)

2022-06-22 16:47:28 - [MESSAGE][WARNING] - Timeout '0' is invalid. Using default page load timeout: '40'

2022-06-22 16:47:28 - [MESSAGE][FAILED] - Failed to tap on element 'Object Repository/Main/mainTransferNowBtn' (Root cause: org.openqa.selenium.WebDriverException: An unknown server-side error occurred while processing the command. Original error: 'GET /window/current/size' cannot be proxied to UiAutomator2 server because the instrumentation process is not running (probably crashed). Check the server log and/or the logcat output for more details
Build info: version: '3.141.59', revision: 'e82be7d358', time: '2018-11-14T08:25:53'
System info: host: '00139272s-MacBook-Pro.local', ip: '2001:e68:6167:d901:5dd8:2a3:885f:7e34%en0', os.name: 'Mac OS X', os.arch: 'x86_64', os.version: '10.16', java.version: '1.8.0_275'
Driver info: com.kms.katalon.core.appium.driver.SwipeableAndroidDriver
Capabilities {app: /Users/a00139272/Katalon St..., appActivity: com.maybank2u.life.MainActi..., appPackage: com.maybank2u.life.sit, appWaitActivity: *, autoGrantPermissions: true, automationName: uiautomator2, chromedriverPort: 52878, databaseEnabled: false, desired: {app: /Users/a00139272/Katalon St..., appActivity: com.maybank2u.life.MainActi..., appPackage: com.maybank2u.life.sit, appWaitActivity: *, autoGrantPermissions: true, automationName: uiautomator2, chromedriverPort: 52878, deviceId: 002b9cc60508, deviceName: Xiaomi 21061119AG (Android 11), fullReset: false, newCommandTimeout: 1800, noReset: true, platform: ANDROID, platformName: android, platformVersion: 11, systemPort: 52876, udid: 002b9cc60508}, deviceApiLevel: 30, deviceId: 002b9cc60508, deviceManufacturer: Xiaomi, deviceModel: 21061119AG, deviceName: 002b9cc60508, deviceScreenDensity: 440, deviceScreenSize: 1080x2400, deviceUDID: 002b9cc60508, fullReset: false, javascriptEnabled: true, locationContextEnabled: false, networkConnectionEnabled: true, newCommandTimeout: 1800, noReset: true, pixelRatio: 2.75, platform: ANDROID, platformName: Android, platformVersion: 11, statBarHeight: 103, systemPort: 52876, takesScreenshot: true, udid: 002b9cc60508, viewportRect: {height: 2064, left: 0, top: 103, width: 1080}, warnings: {}, webStorageEnabled: false}
Session ID: 07e0a906-f567-4646-abfd-84c6cc800d18
	at org.openqa.selenium.remote.http.W3CHttpResponseCodec.createException(W3CHttpResponseCodec.java:187)
	at org.openqa.selenium.remote.http.W3CHttpResponseCodec.decode(W3CHttpResponseCodec.java:122)
	at org.openqa.selenium.remote.http.W3CHttpResponseCodec.decode(W3CHttpResponseCodec.java:49)
	at org.openqa.selenium.remote.HttpCommandExecutor.execute(HttpCommandExecutor.java:158)
	at io.appium.java_client.remote.AppiumCommandExecutor.execute(AppiumCommandExecutor.java:239)
	at org.openqa.selenium.remote.RemoteWebDriver.execute(RemoteWebDriver.java:552)
	at io.appium.java_client.DefaultGenericMobileDriver.execute(DefaultGenericMobileDriver.java:46)
	at io.appium.java_client.AppiumDriver.execute(AppiumDriver.java:1)
	at io.appium.java_client.android.AndroidDriver.execute(AndroidDriver.java:1)
	at com.kms.katalon.core.appium.driver.SwipeableAndroidDriver.execute(SwipeableAndroidDriver.java:1)
	at org.openqa.selenium.remote.RemoteWebDriver$RemoteWebDriverOptions$RemoteWindow.getSize(RemoteWebDriver.java:813)
	at org.openqa.selenium.WebDriver$Window$getSize.call(Unknown Source)
	at com.kms.katalon.core.mobile.keyword.internal.MobileAbstractKeyword.findElement(MobileAbstractKeyword.groovy:81)
	at com.kms.katalon.core.mobile.keyword.builtin.TapKeyword.access$1(TapKeyword.groovy)
	at com.kms.katalon.core.mobile.keyword.builtin.TapKeyword$_tap_closure1.doCall(TapKeyword.groovy:76)
	at com.kms.katalon.core.mobile.keyword.builtin.TapKeyword$_tap_closure1.call(TapKeyword.groovy)
	at com.kms.katalon.core.mobile.keyword.internal.MobileKeywordMain.runKeyword(MobileKeywordMain.groovy:21)
	at com.kms.katalon.core.mobile.keyword.builtin.TapKeyword.tap(TapKeyword.groovy:84)
	at com.kms.katalon.core.mobile.keyword.builtin.TapKeyword.execute(TapKeyword.groovy:68)
	at com.kms.katalon.core.keyword.internal.KeywordExecutor.executeKeywordForPlatform(KeywordExecutor.groovy:74)
	at com.kms.katalon.core.mobile.keyword.MobileBuiltInKeywords.tap(MobileBuiltInKeywords.groovy:1490)
	at com.kms.katalon.core.mobile.keyword.MobileBuiltInKeywords$tap$4.call(Unknown Source)
	at duitNow_mobileNumberTransaction.run(duitNow_mobileNumberTransaction:304)
	at com.kms.katalon.core.main.ScriptEngine.run(ScriptEngine.java:194)
	at com.kms.katalon.core.main.ScriptEngine.runScriptAsRawText(ScriptEngine.java:119)
	at com.kms.katalon.core.main.TestCaseExecutor.runScript(TestCaseExecutor.java:445)
	at com.kms.katalon.core.main.TestCaseExecutor.doExecute(TestCaseExecutor.java:436)
	at com.kms.katalon.core.main.TestCaseExecutor.processExecutionPhase(TestCaseExecutor.java:415)
	at com.kms.katalon.core.main.TestCaseExecutor.accessMainPhase(TestCaseExecutor.java:407)
	at com.kms.katalon.core.main.TestCaseExecutor.execute(TestCaseExecutor.java:284)
	at com.kms.katalon.core.common.CommonExecutor.accessTestCaseMainPhase(CommonExecutor.java:65)
	at com.kms.katalon.core.main.TestSuiteExecutor.accessTestSuiteMainPhase(TestSuiteExecutor.java:144)
	at com.kms.katalon.core.main.TestSuiteExecutor.execute(TestSuiteExecutor.java:106)
	at com.kms.katalon.core.main.TestCaseMain.startTestSuite(TestCaseMain.java:185)
	at com.kms.katalon.core.main.TestCaseMain$startTestSuite$0.call(Unknown Source)
	at TempTestSuite1655885093224.run(TempTestSuite1655885093224.groovy:36)
)

2022-06-22 16:47:28 - [TEST_STEP][FAILED] - if (value <= limit): null

2022-06-22 16:47:28 - [TEST_STEP][PASSED] - if (verifyElementVisible(findTestObject("Festive Season/festiveReturnAngpaoTACNoTxt"), 10, OPTIONAL)): Failed to check for element 'Object Repository/Festive Season/festiveReturnAngpaoTACNoTxt' visible (Root cause: org.openqa.selenium.WebDriverException: An unknown server-side error occurred while processing the command. Original error: 'GET /window/current/size' cannot be proxied to UiAutomator2 server because the instrumentation process is not running (probably crashed). Check the server log and/or the logcat output for more details
Build info: version: '3.141.59', revision: 'e82be7d358', time: '2018-11-14T08:25:53'
System info: host: '00139272s-MacBook-Pro.local', ip: '2001:e68:6167:d901:5dd8:2a3:885f:7e34%en0', os.name: 'Mac OS X', os.arch: 'x86_64', os.version: '10.16', java.version: '1.8.0_275'
Driver info: com.kms.katalon.core.appium.driver.SwipeableAndroidDriver
Capabilities {app: /Users/a00139272/Katalon St..., appActivity: com.maybank2u.life.MainActi..., appPackage: com.maybank2u.life.sit, appWaitActivity: *, autoGrantPermissions: true, automationName: uiautomator2, chromedriverPort: 52878, databaseEnabled: false, desired: {app: /Users/a00139272/Katalon St..., appActivity: com.maybank2u.life.MainActi..., appPackage: com.maybank2u.life.sit, appWaitActivity: *, autoGrantPermissions: true, automationName: uiautomator2, chromedriverPort: 52878, deviceId: 002b9cc60508, deviceName: Xiaomi 21061119AG (Android 11), fullReset: false, newCommandTimeout: 1800, noReset: true, platform: ANDROID, platformName: android, platformVersion: 11, systemPort: 52876, udid: 002b9cc60508}, deviceApiLevel: 30, deviceId: 002b9cc60508, deviceManufacturer: Xiaomi, deviceModel: 21061119AG, deviceName: 002b9cc60508, deviceScreenDensity: 440, deviceScreenSize: 1080x2400, deviceUDID: 002b9cc60508, fullReset: false, javascriptEnabled: true, locationContextEnabled: false, networkConnectionEnabled: true, newCommandTimeout: 1800, noReset: true, pixelRatio: 2.75, platform: ANDROID, platformName: Android, platformVersion: 11, statBarHeight: 103, systemPort: 52876, takesScreenshot: true, udid: 002b9cc60508, viewportRect: {height: 2064, left: 0, top: 103, width: 1080}, warnings: {}, webStorageEnabled: false}
Session ID: 07e0a906-f567-4646-abfd-84c6cc800d18
	at org.openqa.selenium.remote.http.W3CHttpResponseCodec.createException(W3CHttpResponseCodec.java:187)
	at org.openqa.selenium.remote.http.W3CHttpResponseCodec.decode(W3CHttpResponseCodec.java:122)
	at org.openqa.selenium.remote.http.W3CHttpResponseCodec.decode(W3CHttpResponseCodec.java:49)
	at org.openqa.selenium.remote.HttpCommandExecutor.execute(HttpCommandExecutor.java:158)
	at io.appium.java_client.remote.AppiumCommandExecutor.execute(AppiumCommandExecutor.java:239)
	at org.openqa.selenium.remote.RemoteWebDriver.execute(RemoteWebDriver.java:552)
	at io.appium.java_client.DefaultGenericMobileDriver.execute(DefaultGenericMobileDriver.java:46)
	at io.appium.java_client.AppiumDriver.execute(AppiumDriver.java:1)
	at io.appium.java_client.android.AndroidDriver.execute(AndroidDriver.java:1)
	at com.kms.katalon.core.appium.driver.SwipeableAndroidDriver.execute(SwipeableAndroidDriver.java:1)
	at org.openqa.selenium.remote.RemoteWebDriver$RemoteWebDriverOptions$RemoteWindow.getSize(RemoteWebDriver.java:813)
	at org.openqa.selenium.WebDriver$Window$getSize.call(Unknown Source)
	at com.kms.katalon.core.mobile.keyword.internal.MobileAbstractKeyword.findElement(MobileAbstractKeyword.groovy:81)
	at com.kms.katalon.core.mobile.keyword.builtin.VerifyElementVisibleKeyword.access$1(VerifyElementVisibleKeyword.groovy)
	at com.kms.katalon.core.mobile.keyword.builtin.VerifyElementVisibleKeyword$_verifyElementVisible_closure1.doCall(VerifyElementVisibleKeyword.groovy:72)
	at com.kms.katalon.core.mobile.keyword.builtin.VerifyElementVisibleKeyword$_verifyElementVisible_closure1.call(VerifyElementVisibleKeyword.groovy)
	at com.kms.katalon.core.mobile.keyword.internal.MobileKeywordMain.runKeyword(MobileKeywordMain.groovy:21)
	at com.kms.katalon.core.mobile.keyword.builtin.VerifyElementVisibleKeyword.verifyElementVisible(VerifyElementVisibleKeyword.groovy:85)
	at com.kms.katalon.core.mobile.keyword.builtin.VerifyElementVisibleKeyword.execute(VerifyElementVisibleKeyword.groovy:64)
	at com.kms.katalon.core.keyword.internal.KeywordExecutor.executeKeywordForPlatform(KeywordExecutor.groovy:74)
	at com.kms.katalon.core.mobile.keyword.MobileBuiltInKeywords.verifyElementVisible(MobileBuiltInKeywords.groovy:2015)
	at com.kms.katalon.core.mobile.keyword.MobileBuiltInKeywords$verifyElementVisible$3.call(Unknown Source)
	at duitNow_mobileNumberTransaction.run(duitNow_mobileNumberTransaction:307)
	at com.kms.katalon.core.main.ScriptEngine.run(ScriptEngine.java:194)
	at com.kms.katalon.core.main.ScriptEngine.runScriptAsRawText(ScriptEngine.java:119)
	at com.kms.katalon.core.main.TestCaseExecutor.runScript(TestCaseExecutor.java:445)
	at com.kms.katalon.core.main.TestCaseExecutor.doExecute(TestCaseExecutor.java:436)
	at com.kms.katalon.core.main.TestCaseExecutor.processExecutionPhase(TestCaseExecutor.java:415)
	at com.kms.katalon.core.main.TestCaseExecutor.accessMainPhase(TestCaseExecutor.java:407)
	at com.kms.katalon.core.main.TestCaseExecutor.execute(TestCaseExecutor.java:284)
	at com.kms.katalon.core.common.CommonExecutor.accessTestCaseMainPhase(CommonExecutor.java:65)
	at com.kms.katalon.core.main.TestSuiteExecutor.accessTestSuiteMainPhase(TestSuiteExecutor.java:144)
	at com.kms.katalon.core.main.TestSuiteExecutor.execute(TestSuiteExecutor.java:106)
	at com.kms.katalon.core.main.TestCaseMain.startTestSuite(TestCaseMain.java:185)
	at com.kms.katalon.core.main.TestCaseMain$startTestSuite$0.call(Unknown Source)
	at TempTestSuite1655885093224.run(TempTestSuite1655885093224.groovy:36)
)

2022-06-22 16:47:28 - [MESSAGE][WARNING] - Failed to check for element 'Object Repository/Festive Season/festiveReturnAngpaoTACNoTxt' visible (Root cause: org.openqa.selenium.WebDriverException: An unknown server-side error occurred while processing the command. Original error: 'GET /window/current/size' cannot be proxied to UiAutomator2 server because the instrumentation process is not running (probably crashed). Check the server log and/or the logcat output for more details
Build info: version: '3.141.59', revision: 'e82be7d358', time: '2018-11-14T08:25:53'
System info: host: '00139272s-MacBook-Pro.local', ip: '2001:e68:6167:d901:5dd8:2a3:885f:7e34%en0', os.name: 'Mac OS X', os.arch: 'x86_64', os.version: '10.16', java.version: '1.8.0_275'
Driver info: com.kms.katalon.core.appium.driver.SwipeableAndroidDriver
Capabilities {app: /Users/a00139272/Katalon St..., appActivity: com.maybank2u.life.MainActi..., appPackage: com.maybank2u.life.sit, appWaitActivity: *, autoGrantPermissions: true, automationName: uiautomator2, chromedriverPort: 52878, databaseEnabled: false, desired: {app: /Users/a00139272/Katalon St..., appActivity: com.maybank2u.life.MainActi..., appPackage: com.maybank2u.life.sit, appWaitActivity: *, autoGrantPermissions: true, automationName: uiautomator2, chromedriverPort: 52878, deviceId: 002b9cc60508, deviceName: Xiaomi 21061119AG (Android 11), fullReset: false, newCommandTimeout: 1800, noReset: true, platform: ANDROID, platformName: android, platformVersion: 11, systemPort: 52876, udid: 002b9cc60508}, deviceApiLevel: 30, deviceId: 002b9cc60508, deviceManufacturer: Xiaomi, deviceModel: 21061119AG, deviceName: 002b9cc60508, deviceScreenDensity: 440, deviceScreenSize: 1080x2400, deviceUDID: 002b9cc60508, fullReset: false, javascriptEnabled: true, locationContextEnabled: false, networkConnectionEnabled: true, newCommandTimeout: 1800, noReset: true, pixelRatio: 2.75, platform: ANDROID, platformName: Android, platformVersion: 11, statBarHeight: 103, systemPort: 52876, takesScreenshot: true, udid: 002b9cc60508, viewportRect: {height: 2064, left: 0, top: 103, width: 1080}, warnings: {}, webStorageEnabled: false}
Session ID: 07e0a906-f567-4646-abfd-84c6cc800d18
	at org.openqa.selenium.remote.http.W3CHttpResponseCodec.createException(W3CHttpResponseCodec.java:187)
	at org.openqa.selenium.remote.http.W3CHttpResponseCodec.decode(W3CHttpResponseCodec.java:122)
	at org.openqa.selenium.remote.http.W3CHttpResponseCodec.decode(W3CHttpResponseCodec.java:49)
	at org.openqa.selenium.remote.HttpCommandExecutor.execute(HttpCommandExecutor.java:158)
	at io.appium.java_client.remote.AppiumCommandExecutor.execute(AppiumCommandExecutor.java:239)
	at org.openqa.selenium.remote.RemoteWebDriver.execute(RemoteWebDriver.java:552)
	at io.appium.java_client.DefaultGenericMobileDriver.execute(DefaultGenericMobileDriver.java:46)
	at io.appium.java_client.AppiumDriver.execute(AppiumDriver.java:1)
	at io.appium.java_client.android.AndroidDriver.execute(AndroidDriver.java:1)
	at com.kms.katalon.core.appium.driver.SwipeableAndroidDriver.execute(SwipeableAndroidDriver.java:1)
	at org.openqa.selenium.remote.RemoteWebDriver$RemoteWebDriverOptions$RemoteWindow.getSize(RemoteWebDriver.java:813)
	at org.openqa.selenium.WebDriver$Window$getSize.call(Unknown Source)
	at com.kms.katalon.core.mobile.keyword.internal.MobileAbstractKeyword.findElement(MobileAbstractKeyword.groovy:81)
	at com.kms.katalon.core.mobile.keyword.builtin.VerifyElementVisibleKeyword.access$1(VerifyElementVisibleKeyword.groovy)
	at com.kms.katalon.core.mobile.keyword.builtin.VerifyElementVisibleKeyword$_verifyElementVisible_closure1.doCall(VerifyElementVisibleKeyword.groovy:72)
	at com.kms.katalon.core.mobile.keyword.builtin.VerifyElementVisibleKeyword$_verifyElementVisible_closure1.call(VerifyElementVisibleKeyword.groovy)
	at com.kms.katalon.core.mobile.keyword.internal.MobileKeywordMain.runKeyword(MobileKeywordMain.groovy:21)
	at com.kms.katalon.core.mobile.keyword.builtin.VerifyElementVisibleKeyword.verifyElementVisible(VerifyElementVisibleKeyword.groovy:85)
	at com.kms.katalon.core.mobile.keyword.builtin.VerifyElementVisibleKeyword.execute(VerifyElementVisibleKeyword.groovy:64)
	at com.kms.katalon.core.keyword.internal.KeywordExecutor.executeKeywordForPlatform(KeywordExecutor.groovy:74)
	at com.kms.katalon.core.mobile.keyword.MobileBuiltInKeywords.verifyElementVisible(MobileBuiltInKeywords.groovy:2015)
	at com.kms.katalon.core.mobile.keyword.MobileBuiltInKeywords$verifyElementVisible$3.call(Unknown Source)
	at duitNow_mobileNumberTransaction.run(duitNow_mobileNumberTransaction:307)
	at com.kms.katalon.core.main.ScriptEngine.run(ScriptEngine.java:194)
	at com.kms.katalon.core.main.ScriptEngine.runScriptAsRawText(ScriptEngine.java:119)
	at com.kms.katalon.core.main.TestCaseExecutor.runScript(TestCaseExecutor.java:445)
	at com.kms.katalon.core.main.TestCaseExecutor.doExecute(TestCaseExecutor.java:436)
	at com.kms.katalon.core.main.TestCaseExecutor.processExecutionPhase(TestCaseExecutor.java:415)
	at com.kms.katalon.core.main.TestCaseExecutor.accessMainPhase(TestCaseExecutor.java:407)
	at com.kms.katalon.core.main.TestCaseExecutor.execute(TestCaseExecutor.java:284)
	at com.kms.katalon.core.common.CommonExecutor.accessTestCaseMainPhase(CommonExecutor.java:65)
	at com.kms.katalon.core.main.TestSuiteExecutor.accessTestSuiteMainPhase(TestSuiteExecutor.java:144)
	at com.kms.katalon.core.main.TestSuiteExecutor.execute(TestSuiteExecutor.java:106)
	at com.kms.katalon.core.main.TestCaseMain.startTestSuite(TestCaseMain.java:185)
	at com.kms.katalon.core.main.TestCaseMain$startTestSuite$0.call(Unknown Source)
	at TempTestSuite1655885093224.run(TempTestSuite1655885093224.groovy:36)
)

2022-06-22 16:47:28 - [TEST_STEP][FAILED] - else: null

2022-06-22 16:47:28 - [TEST_STEP][PASSED] - delay(3): Delayed 3 second(s)

2022-06-22 16:47:31 - [MESSAGE][PASSED] - Delayed 3 second(s)

2022-06-22 16:47:31 - [TEST_STEP][FAILED] - takeScreenshot("/Users/a00139272/git/MAEAutomation2/Duitnow/2.png"): Unable to take screenshot (Root cause: org.openqa.selenium.WebDriverException: An unknown server-side error occurred while processing the command. Original error: 'GET /screenshot' cannot be proxied to UiAutomator2 server because the instrumentation process is not running (probably crashed). Check the server log and/or the logcat output for more details
Build info: version: '3.141.59', revision: 'e82be7d358', time: '2018-11-14T08:25:53'
System info: host: '00139272s-MacBook-Pro.local', ip: '2001:e68:6167:d901:5dd8:2a3:885f:7e34%en0', os.name: 'Mac OS X', os.arch: 'x86_64', os.version: '10.16', java.version: '1.8.0_275'
Driver info: com.kms.katalon.core.appium.driver.SwipeableAndroidDriver
Capabilities {app: /Users/a00139272/Katalon St..., appActivity: com.maybank2u.life.MainActi..., appPackage: com.maybank2u.life.sit, appWaitActivity: *, autoGrantPermissions: true, automationName: uiautomator2, chromedriverPort: 52878, databaseEnabled: false, desired: {app: /Users/a00139272/Katalon St..., appActivity: com.maybank2u.life.MainActi..., appPackage: com.maybank2u.life.sit, appWaitActivity: *, autoGrantPermissions: true, automationName: uiautomator2, chromedriverPort: 52878, deviceId: 002b9cc60508, deviceName: Xiaomi 21061119AG (Android 11), fullReset: false, newCommandTimeout: 1800, noReset: true, platform: ANDROID, platformName: android, platformVersion: 11, systemPort: 52876, udid: 002b9cc60508}, deviceApiLevel: 30, deviceId: 002b9cc60508, deviceManufacturer: Xiaomi, deviceModel: 21061119AG, deviceName: 002b9cc60508, deviceScreenDensity: 440, deviceScreenSize: 1080x2400, deviceUDID: 002b9cc60508, fullReset: false, javascriptEnabled: true, locationContextEnabled: false, networkConnectionEnabled: true, newCommandTimeout: 1800, noReset: true, pixelRatio: 2.75, platform: ANDROID, platformName: Android, platformVersion: 11, statBarHeight: 103, systemPort: 52876, takesScreenshot: true, udid: 002b9cc60508, viewportRect: {height: 2064, left: 0, top: 103, width: 1080}, warnings: {}, webStorageEnabled: false}
Session ID: 07e0a906-f567-4646-abfd-84c6cc800d18
	at org.openqa.selenium.remote.http.W3CHttpResponseCodec.createException(W3CHttpResponseCodec.java:187)
	at org.openqa.selenium.remote.http.W3CHttpResponseCodec.decode(W3CHttpResponseCodec.java:122)
	at org.openqa.selenium.remote.http.W3CHttpResponseCodec.decode(W3CHttpResponseCodec.java:49)
	at org.openqa.selenium.remote.HttpCommandExecutor.execute(HttpCommandExecutor.java:158)
	at io.appium.java_client.remote.AppiumCommandExecutor.execute(AppiumCommandExecutor.java:239)
	at org.openqa.selenium.remote.RemoteWebDriver.execute(RemoteWebDriver.java:552)
	at io.appium.java_client.DefaultGenericMobileDriver.execute(DefaultGenericMobileDriver.java:46)
	at io.appium.java_client.AppiumDriver.execute(AppiumDriver.java:1)
	at io.appium.java_client.android.AndroidDriver.execute(AndroidDriver.java:1)
	at com.kms.katalon.core.appium.driver.SwipeableAndroidDriver.execute(SwipeableAndroidDriver.java:1)
	at org.openqa.selenium.remote.RemoteWebDriver.getScreenshotAs(RemoteWebDriver.java:295)
	at com.kms.katalon.core.mobile.helper.MobileScreenCaptor.takeScreenshot(MobileScreenCaptor.java:111)
	at com.kms.katalon.core.mobile.keyword.builtin.TakeScreenshotKeyword$_takeScreenshot_closure1.doCall(TakeScreenshotKeyword.groovy:109)
	at com.kms.katalon.core.mobile.keyword.builtin.TakeScreenshotKeyword$_takeScreenshot_closure1.call(TakeScreenshotKeyword.groovy)
	at com.kms.katalon.core.mobile.keyword.internal.MobileKeywordMain.runKeyword(MobileKeywordMain.groovy:21)
	at com.kms.katalon.core.mobile.keyword.builtin.TakeScreenshotKeyword.takeScreenshot(TakeScreenshotKeyword.groovy:93)
	at com.kms.katalon.core.mobile.keyword.builtin.TakeScreenshotKeyword.execute(TakeScreenshotKeyword.groovy:53)
	at com.kms.katalon.core.keyword.internal.KeywordExecutor.executeKeywordForPlatform(KeywordExecutor.groovy:74)
	at com.kms.katalon.core.mobile.keyword.MobileBuiltInKeywords.takeScreenshot(MobileBuiltInKeywords.groovy:218)
	at com.kms.katalon.core.mobile.keyword.MobileBuiltInKeywords$takeScreenshot$12.call(Unknown Source)
	at duitNow_mobileNumberTransaction.run(duitNow_mobileNumberTransaction:362)
	at com.kms.katalon.core.main.ScriptEngine.run(ScriptEngine.java:194)
	at com.kms.katalon.core.main.ScriptEngine.runScriptAsRawText(ScriptEngine.java:119)
	at com.kms.katalon.core.main.TestCaseExecutor.runScript(TestCaseExecutor.java:445)
	at com.kms.katalon.core.main.TestCaseExecutor.doExecute(TestCaseExecutor.java:436)
	at com.kms.katalon.core.main.TestCaseExecutor.processExecutionPhase(TestCaseExecutor.java:415)
	at com.kms.katalon.core.main.TestCaseExecutor.accessMainPhase(TestCaseExecutor.java:407)
	at com.kms.katalon.core.main.TestCaseExecutor.execute(TestCaseExecutor.java:284)
	at com.kms.katalon.core.common.CommonExecutor.accessTestCaseMainPhase(CommonExecutor.java:65)
	at com.kms.katalon.core.main.TestSuiteExecutor.accessTestSuiteMainPhase(TestSuiteExecutor.java:144)
	at com.kms.katalon.core.main.TestSuiteExecutor.execute(TestSuiteExecutor.java:106)
	at com.kms.katalon.core.main.TestCaseMain.startTestSuite(TestCaseMain.java:185)
	at com.kms.katalon.core.main.TestCaseMain$startTestSuite$0.call(Unknown Source)
	at TempTestSuite1655885093224.run(TempTestSuite1655885093224.groovy:36)
)

2022-06-22 16:47:31 - [MESSAGE][FAILED] - Unable to take screenshot (Root cause: org.openqa.selenium.WebDriverException: An unknown server-side error occurred while processing the command. Original error: 'GET /screenshot' cannot be proxied to UiAutomator2 server because the instrumentation process is not running (probably crashed). Check the server log and/or the logcat output for more details
Build info: version: '3.141.59', revision: 'e82be7d358', time: '2018-11-14T08:25:53'
System info: host: '00139272s-MacBook-Pro.local', ip: '2001:e68:6167:d901:5dd8:2a3:885f:7e34%en0', os.name: 'Mac OS X', os.arch: 'x86_64', os.version: '10.16', java.version: '1.8.0_275'
Driver info: com.kms.katalon.core.appium.driver.SwipeableAndroidDriver
Capabilities {app: /Users/a00139272/Katalon St..., appActivity: com.maybank2u.life.MainActi..., appPackage: com.maybank2u.life.sit, appWaitActivity: *, autoGrantPermissions: true, automationName: uiautomator2, chromedriverPort: 52878, databaseEnabled: false, desired: {app: /Users/a00139272/Katalon St..., appActivity: com.maybank2u.life.MainActi..., appPackage: com.maybank2u.life.sit, appWaitActivity: *, autoGrantPermissions: true, automationName: uiautomator2, chromedriverPort: 52878, deviceId: 002b9cc60508, deviceName: Xiaomi 21061119AG (Android 11), fullReset: false, newCommandTimeout: 1800, noReset: true, platform: ANDROID, platformName: android, platformVersion: 11, systemPort: 52876, udid: 002b9cc60508}, deviceApiLevel: 30, deviceId: 002b9cc60508, deviceManufacturer: Xiaomi, deviceModel: 21061119AG, deviceName: 002b9cc60508, deviceScreenDensity: 440, deviceScreenSize: 1080x2400, deviceUDID: 002b9cc60508, fullReset: false, javascriptEnabled: true, locationContextEnabled: false, networkConnectionEnabled: true, newCommandTimeout: 1800, noReset: true, pixelRatio: 2.75, platform: ANDROID, platformName: Android, platformVersion: 11, statBarHeight: 103, systemPort: 52876, takesScreenshot: true, udid: 002b9cc60508, viewportRect: {height: 2064, left: 0, top: 103, width: 1080}, warnings: {}, webStorageEnabled: false}
Session ID: 07e0a906-f567-4646-abfd-84c6cc800d18
	at org.openqa.selenium.remote.http.W3CHttpResponseCodec.createException(W3CHttpResponseCodec.java:187)
	at org.openqa.selenium.remote.http.W3CHttpResponseCodec.decode(W3CHttpResponseCodec.java:122)
	at org.openqa.selenium.remote.http.W3CHttpResponseCodec.decode(W3CHttpResponseCodec.java:49)
	at org.openqa.selenium.remote.HttpCommandExecutor.execute(HttpCommandExecutor.java:158)
	at io.appium.java_client.remote.AppiumCommandExecutor.execute(AppiumCommandExecutor.java:239)
	at org.openqa.selenium.remote.RemoteWebDriver.execute(RemoteWebDriver.java:552)
	at io.appium.java_client.DefaultGenericMobileDriver.execute(DefaultGenericMobileDriver.java:46)
	at io.appium.java_client.AppiumDriver.execute(AppiumDriver.java:1)
	at io.appium.java_client.android.AndroidDriver.execute(AndroidDriver.java:1)
	at com.kms.katalon.core.appium.driver.SwipeableAndroidDriver.execute(SwipeableAndroidDriver.java:1)
	at org.openqa.selenium.remote.RemoteWebDriver.getScreenshotAs(RemoteWebDriver.java:295)
	at com.kms.katalon.core.mobile.helper.MobileScreenCaptor.takeScreenshot(MobileScreenCaptor.java:111)
	at com.kms.katalon.core.mobile.keyword.builtin.TakeScreenshotKeyword$_takeScreenshot_closure1.doCall(TakeScreenshotKeyword.groovy:109)
	at com.kms.katalon.core.mobile.keyword.builtin.TakeScreenshotKeyword$_takeScreenshot_closure1.call(TakeScreenshotKeyword.groovy)
	at com.kms.katalon.core.mobile.keyword.internal.MobileKeywordMain.runKeyword(MobileKeywordMain.groovy:21)
	at com.kms.katalon.core.mobile.keyword.builtin.TakeScreenshotKeyword.takeScreenshot(TakeScreenshotKeyword.groovy:93)
	at com.kms.katalon.core.mobile.keyword.builtin.TakeScreenshotKeyword.execute(TakeScreenshotKeyword.groovy:53)
	at com.kms.katalon.core.keyword.internal.KeywordExecutor.executeKeywordForPlatform(KeywordExecutor.groovy:74)
	at com.kms.katalon.core.mobile.keyword.MobileBuiltInKeywords.takeScreenshot(MobileBuiltInKeywords.groovy:218)
	at com.kms.katalon.core.mobile.keyword.MobileBuiltInKeywords$takeScreenshot$12.call(Unknown Source)
	at duitNow_mobileNumberTransaction.run(duitNow_mobileNumberTransaction:362)
	at com.kms.katalon.core.main.ScriptEngine.run(ScriptEngine.java:194)
	at com.kms.katalon.core.main.ScriptEngine.runScriptAsRawText(ScriptEngine.java:119)
	at com.kms.katalon.core.main.TestCaseExecutor.runScript(TestCaseExecutor.java:445)
	at com.kms.katalon.core.main.TestCaseExecutor.doExecute(TestCaseExecutor.java:436)
	at com.kms.katalon.core.main.TestCaseExecutor.processExecutionPhase(TestCaseExecutor.java:415)
	at com.kms.katalon.core.main.TestCaseExecutor.accessMainPhase(TestCaseExecutor.java:407)
	at com.kms.katalon.core.main.TestCaseExecutor.execute(TestCaseExecutor.java:284)
	at com.kms.katalon.core.common.CommonExecutor.accessTestCaseMainPhase(CommonExecutor.java:65)
	at com.kms.katalon.core.main.TestSuiteExecutor.accessTestSuiteMainPhase(TestSuiteExecutor.java:144)
	at com.kms.katalon.core.main.TestSuiteExecutor.execute(TestSuiteExecutor.java:106)
	at com.kms.katalon.core.main.TestCaseMain.startTestSuite(TestCaseMain.java:185)
	at com.kms.katalon.core.main.TestCaseMain$startTestSuite$0.call(Unknown Source)
	at TempTestSuite1655885093224.run(TempTestSuite1655885093224.groovy:36)
)

2022-06-22 16:47:31 - [TEST_STEP][FAILED] - verifyElementVisible(findTestObject("Main/mainS2UApproveBtn"), 10): Failed to check for element 'Object Repository/Main/mainS2UApproveBtn' visible (Root cause: org.openqa.selenium.WebDriverException: An unknown server-side error occurred while processing the command. Original error: 'GET /window/current/size' cannot be proxied to UiAutomator2 server because the instrumentation process is not running (probably crashed). Check the server log and/or the logcat output for more details
Build info: version: '3.141.59', revision: 'e82be7d358', time: '2018-11-14T08:25:53'
System info: host: '00139272s-MacBook-Pro.local', ip: '2001:e68:6167:d901:5dd8:2a3:885f:7e34%en0', os.name: 'Mac OS X', os.arch: 'x86_64', os.version: '10.16', java.version: '1.8.0_275'
Driver info: com.kms.katalon.core.appium.driver.SwipeableAndroidDriver
Capabilities {app: /Users/a00139272/Katalon St..., appActivity: com.maybank2u.life.MainActi..., appPackage: com.maybank2u.life.sit, appWaitActivity: *, autoGrantPermissions: true, automationName: uiautomator2, chromedriverPort: 52878, databaseEnabled: false, desired: {app: /Users/a00139272/Katalon St..., appActivity: com.maybank2u.life.MainActi..., appPackage: com.maybank2u.life.sit, appWaitActivity: *, autoGrantPermissions: true, automationName: uiautomator2, chromedriverPort: 52878, deviceId: 002b9cc60508, deviceName: Xiaomi 21061119AG (Android 11), fullReset: false, newCommandTimeout: 1800, noReset: true, platform: ANDROID, platformName: android, platformVersion: 11, systemPort: 52876, udid: 002b9cc60508}, deviceApiLevel: 30, deviceId: 002b9cc60508, deviceManufacturer: Xiaomi, deviceModel: 21061119AG, deviceName: 002b9cc60508, deviceScreenDensity: 440, deviceScreenSize: 1080x2400, deviceUDID: 002b9cc60508, fullReset: false, javascriptEnabled: true, locationContextEnabled: false, networkConnectionEnabled: true, newCommandTimeout: 1800, noReset: true, pixelRatio: 2.75, platform: ANDROID, platformName: Android, platformVersion: 11, statBarHeight: 103, systemPort: 52876, takesScreenshot: true, udid: 002b9cc60508, viewportRect: {height: 2064, left: 0, top: 103, width: 1080}, warnings: {}, webStorageEnabled: false}
Session ID: 07e0a906-f567-4646-abfd-84c6cc800d18
	at org.openqa.selenium.remote.http.W3CHttpResponseCodec.createException(W3CHttpResponseCodec.java:187)
	at org.openqa.selenium.remote.http.W3CHttpResponseCodec.decode(W3CHttpResponseCodec.java:122)
	at org.openqa.selenium.remote.http.W3CHttpResponseCodec.decode(W3CHttpResponseCodec.java:49)
	at org.openqa.selenium.remote.HttpCommandExecutor.execute(HttpCommandExecutor.java:158)
	at io.appium.java_client.remote.AppiumCommandExecutor.execute(AppiumCommandExecutor.java:239)
	at org.openqa.selenium.remote.RemoteWebDriver.execute(RemoteWebDriver.java:552)
	at io.appium.java_client.DefaultGenericMobileDriver.execute(DefaultGenericMobileDriver.java:46)
	at io.appium.java_client.AppiumDriver.execute(AppiumDriver.java:1)
	at io.appium.java_client.android.AndroidDriver.execute(AndroidDriver.java:1)
	at com.kms.katalon.core.appium.driver.SwipeableAndroidDriver.execute(SwipeableAndroidDriver.java:1)
	at org.openqa.selenium.remote.RemoteWebDriver$RemoteWebDriverOptions$RemoteWindow.getSize(RemoteWebDriver.java:813)
	at org.openqa.selenium.WebDriver$Window$getSize.call(Unknown Source)
	at com.kms.katalon.core.mobile.keyword.internal.MobileAbstractKeyword.findElement(MobileAbstractKeyword.groovy:81)
	at com.kms.katalon.core.mobile.keyword.builtin.VerifyElementVisibleKeyword.access$1(VerifyElementVisibleKeyword.groovy)
	at com.kms.katalon.core.mobile.keyword.builtin.VerifyElementVisibleKeyword$_verifyElementVisible_closure1.doCall(VerifyElementVisibleKeyword.groovy:72)
	at com.kms.katalon.core.mobile.keyword.builtin.VerifyElementVisibleKeyword$_verifyElementVisible_closure1.call(VerifyElementVisibleKeyword.groovy)
	at com.kms.katalon.core.mobile.keyword.internal.MobileKeywordMain.runKeyword(MobileKeywordMain.groovy:21)
	at com.kms.katalon.core.mobile.keyword.builtin.VerifyElementVisibleKeyword.verifyElementVisible(VerifyElementVisibleKeyword.groovy:85)
	at com.kms.katalon.core.mobile.keyword.builtin.VerifyElementVisibleKeyword.execute(VerifyElementVisibleKeyword.groovy:64)
	at com.kms.katalon.core.keyword.internal.KeywordExecutor.executeKeywordForPlatform(KeywordExecutor.groovy:74)
	at com.kms.katalon.core.mobile.keyword.MobileBuiltInKeywords.verifyElementVisible(MobileBuiltInKeywords.groovy:2031)
	at com.kms.katalon.core.mobile.keyword.MobileBuiltInKeywords$verifyElementVisible$5.call(Unknown Source)
	at duitNow_mobileNumberTransaction.run(duitNow_mobileNumberTransaction:364)
	at com.kms.katalon.core.main.ScriptEngine.run(ScriptEngine.java:194)
	at com.kms.katalon.core.main.ScriptEngine.runScriptAsRawText(ScriptEngine.java:119)
	at com.kms.katalon.core.main.TestCaseExecutor.runScript(TestCaseExecutor.java:445)
	at com.kms.katalon.core.main.TestCaseExecutor.doExecute(TestCaseExecutor.java:436)
	at com.kms.katalon.core.main.TestCaseExecutor.processExecutionPhase(TestCaseExecutor.java:415)
	at com.kms.katalon.core.main.TestCaseExecutor.accessMainPhase(TestCaseExecutor.java:407)
	at com.kms.katalon.core.main.TestCaseExecutor.execute(TestCaseExecutor.java:284)
	at com.kms.katalon.core.common.CommonExecutor.accessTestCaseMainPhase(CommonExecutor.java:65)
	at com.kms.katalon.core.main.TestSuiteExecutor.accessTestSuiteMainPhase(TestSuiteExecutor.java:144)
	at com.kms.katalon.core.main.TestSuiteExecutor.execute(TestSuiteExecutor.java:106)
	at com.kms.katalon.core.main.TestCaseMain.startTestSuite(TestCaseMain.java:185)
	at com.kms.katalon.core.main.TestCaseMain$startTestSuite$0.call(Unknown Source)
	at TempTestSuite1655885093224.run(TempTestSuite1655885093224.groovy:36)
)

2022-06-22 16:47:31 - [MESSAGE][FAILED] - Failed to check for element 'Object Repository/Main/mainS2UApproveBtn' visible (Root cause: org.openqa.selenium.WebDriverException: An unknown server-side error occurred while processing the command. Original error: 'GET /window/current/size' cannot be proxied to UiAutomator2 server because the instrumentation process is not running (probably crashed). Check the server log and/or the logcat output for more details
Build info: version: '3.141.59', revision: 'e82be7d358', time: '2018-11-14T08:25:53'
System info: host: '00139272s-MacBook-Pro.local', ip: '2001:e68:6167:d901:5dd8:2a3:885f:7e34%en0', os.name: 'Mac OS X', os.arch: 'x86_64', os.version: '10.16', java.version: '1.8.0_275'
Driver info: com.kms.katalon.core.appium.driver.SwipeableAndroidDriver
Capabilities {app: /Users/a00139272/Katalon St..., appActivity: com.maybank2u.life.MainActi..., appPackage: com.maybank2u.life.sit, appWaitActivity: *, autoGrantPermissions: true, automationName: uiautomator2, chromedriverPort: 52878, databaseEnabled: false, desired: {app: /Users/a00139272/Katalon St..., appActivity: com.maybank2u.life.MainActi..., appPackage: com.maybank2u.life.sit, appWaitActivity: *, autoGrantPermissions: true, automationName: uiautomator2, chromedriverPort: 52878, deviceId: 002b9cc60508, deviceName: Xiaomi 21061119AG (Android 11), fullReset: false, newCommandTimeout: 1800, noReset: true, platform: ANDROID, platformName: android, platformVersion: 11, systemPort: 52876, udid: 002b9cc60508}, deviceApiLevel: 30, deviceId: 002b9cc60508, deviceManufacturer: Xiaomi, deviceModel: 21061119AG, deviceName: 002b9cc60508, deviceScreenDensity: 440, deviceScreenSize: 1080x2400, deviceUDID: 002b9cc60508, fullReset: false, javascriptEnabled: true, locationContextEnabled: false, networkConnectionEnabled: true, newCommandTimeout: 1800, noReset: true, pixelRatio: 2.75, platform: ANDROID, platformName: Android, platformVersion: 11, statBarHeight: 103, systemPort: 52876, takesScreenshot: true, udid: 002b9cc60508, viewportRect: {height: 2064, left: 0, top: 103, width: 1080}, warnings: {}, webStorageEnabled: false}
Session ID: 07e0a906-f567-4646-abfd-84c6cc800d18
	at org.openqa.selenium.remote.http.W3CHttpResponseCodec.createException(W3CHttpResponseCodec.java:187)
	at org.openqa.selenium.remote.http.W3CHttpResponseCodec.decode(W3CHttpResponseCodec.java:122)
	at org.openqa.selenium.remote.http.W3CHttpResponseCodec.decode(W3CHttpResponseCodec.java:49)
	at org.openqa.selenium.remote.HttpCommandExecutor.execute(HttpCommandExecutor.java:158)
	at io.appium.java_client.remote.AppiumCommandExecutor.execute(AppiumCommandExecutor.java:239)
	at org.openqa.selenium.remote.RemoteWebDriver.execute(RemoteWebDriver.java:552)
	at io.appium.java_client.DefaultGenericMobileDriver.execute(DefaultGenericMobileDriver.java:46)
	at io.appium.java_client.AppiumDriver.execute(AppiumDriver.java:1)
	at io.appium.java_client.android.AndroidDriver.execute(AndroidDriver.java:1)
	at com.kms.katalon.core.appium.driver.SwipeableAndroidDriver.execute(SwipeableAndroidDriver.java:1)
	at org.openqa.selenium.remote.RemoteWebDriver$RemoteWebDriverOptions$RemoteWindow.getSize(RemoteWebDriver.java:813)
	at org.openqa.selenium.WebDriver$Window$getSize.call(Unknown Source)
	at com.kms.katalon.core.mobile.keyword.internal.MobileAbstractKeyword.findElement(MobileAbstractKeyword.groovy:81)
	at com.kms.katalon.core.mobile.keyword.builtin.VerifyElementVisibleKeyword.access$1(VerifyElementVisibleKeyword.groovy)
	at com.kms.katalon.core.mobile.keyword.builtin.VerifyElementVisibleKeyword$_verifyElementVisible_closure1.doCall(VerifyElementVisibleKeyword.groovy:72)
	at com.kms.katalon.core.mobile.keyword.builtin.VerifyElementVisibleKeyword$_verifyElementVisible_closure1.call(VerifyElementVisibleKeyword.groovy)
	at com.kms.katalon.core.mobile.keyword.internal.MobileKeywordMain.runKeyword(MobileKeywordMain.groovy:21)
	at com.kms.katalon.core.mobile.keyword.builtin.VerifyElementVisibleKeyword.verifyElementVisible(VerifyElementVisibleKeyword.groovy:85)
	at com.kms.katalon.core.mobile.keyword.builtin.VerifyElementVisibleKeyword.execute(VerifyElementVisibleKeyword.groovy:64)
	at com.kms.katalon.core.keyword.internal.KeywordExecutor.executeKeywordForPlatform(KeywordExecutor.groovy:74)
	at com.kms.katalon.core.mobile.keyword.MobileBuiltInKeywords.verifyElementVisible(MobileBuiltInKeywords.groovy:2031)
	at com.kms.katalon.core.mobile.keyword.MobileBuiltInKeywords$verifyElementVisible$5.call(Unknown Source)
	at duitNow_mobileNumberTransaction.run(duitNow_mobileNumberTransaction:364)
	at com.kms.katalon.core.main.ScriptEngine.run(ScriptEngine.java:194)
	at com.kms.katalon.core.main.ScriptEngine.runScriptAsRawText(ScriptEngine.java:119)
	at com.kms.katalon.core.main.TestCaseExecutor.runScript(TestCaseExecutor.java:445)
	at com.kms.katalon.core.main.TestCaseExecutor.doExecute(TestCaseExecutor.java:436)
	at com.kms.katalon.core.main.TestCaseExecutor.processExecutionPhase(TestCaseExecutor.java:415)
	at com.kms.katalon.core.main.TestCaseExecutor.accessMainPhase(TestCaseExecutor.java:407)
	at com.kms.katalon.core.main.TestCaseExecutor.execute(TestCaseExecutor.java:284)
	at com.kms.katalon.core.common.CommonExecutor.accessTestCaseMainPhase(CommonExecutor.java:65)
	at com.kms.katalon.core.main.TestSuiteExecutor.accessTestSuiteMainPhase(TestSuiteExecutor.java:144)
	at com.kms.katalon.core.main.TestSuiteExecutor.execute(TestSuiteExecutor.java:106)
	at com.kms.katalon.core.main.TestCaseMain.startTestSuite(TestCaseMain.java:185)
	at com.kms.katalon.core.main.TestCaseMain$startTestSuite$0.call(Unknown Source)
	at TempTestSuite1655885093224.run(TempTestSuite1655885093224.groovy:36)
)

2022-06-22 16:47:31 - [TEST_STEP][FAILED] - tap(findTestObject("Main/mainS2UApproveBtn"), 0): Failed to tap on element 'Object Repository/Main/mainS2UApproveBtn' (Root cause: org.openqa.selenium.WebDriverException: An unknown server-side error occurred while processing the command. Original error: 'GET /window/current/size' cannot be proxied to UiAutomator2 server because the instrumentation process is not running (probably crashed). Check the server log and/or the logcat output for more details
Build info: version: '3.141.59', revision: 'e82be7d358', time: '2018-11-14T08:25:53'
System info: host: '00139272s-MacBook-Pro.local', ip: '2001:e68:6167:d901:5dd8:2a3:885f:7e34%en0', os.name: 'Mac OS X', os.arch: 'x86_64', os.version: '10.16', java.version: '1.8.0_275'
Driver info: com.kms.katalon.core.appium.driver.SwipeableAndroidDriver
Capabilities {app: /Users/a00139272/Katalon St..., appActivity: com.maybank2u.life.MainActi..., appPackage: com.maybank2u.life.sit, appWaitActivity: *, autoGrantPermissions: true, automationName: uiautomator2, chromedriverPort: 52878, databaseEnabled: false, desired: {app: /Users/a00139272/Katalon St..., appActivity: com.maybank2u.life.MainActi..., appPackage: com.maybank2u.life.sit, appWaitActivity: *, autoGrantPermissions: true, automationName: uiautomator2, chromedriverPort: 52878, deviceId: 002b9cc60508, deviceName: Xiaomi 21061119AG (Android 11), fullReset: false, newCommandTimeout: 1800, noReset: true, platform: ANDROID, platformName: android, platformVersion: 11, systemPort: 52876, udid: 002b9cc60508}, deviceApiLevel: 30, deviceId: 002b9cc60508, deviceManufacturer: Xiaomi, deviceModel: 21061119AG, deviceName: 002b9cc60508, deviceScreenDensity: 440, deviceScreenSize: 1080x2400, deviceUDID: 002b9cc60508, fullReset: false, javascriptEnabled: true, locationContextEnabled: false, networkConnectionEnabled: true, newCommandTimeout: 1800, noReset: true, pixelRatio: 2.75, platform: ANDROID, platformName: Android, platformVersion: 11, statBarHeight: 103, systemPort: 52876, takesScreenshot: true, udid: 002b9cc60508, viewportRect: {height: 2064, left: 0, top: 103, width: 1080}, warnings: {}, webStorageEnabled: false}
Session ID: 07e0a906-f567-4646-abfd-84c6cc800d18
	at org.openqa.selenium.remote.http.W3CHttpResponseCodec.createException(W3CHttpResponseCodec.java:187)
	at org.openqa.selenium.remote.http.W3CHttpResponseCodec.decode(W3CHttpResponseCodec.java:122)
	at org.openqa.selenium.remote.http.W3CHttpResponseCodec.decode(W3CHttpResponseCodec.java:49)
	at org.openqa.selenium.remote.HttpCommandExecutor.execute(HttpCommandExecutor.java:158)
	at io.appium.java_client.remote.AppiumCommandExecutor.execute(AppiumCommandExecutor.java:239)
	at org.openqa.selenium.remote.RemoteWebDriver.execute(RemoteWebDriver.java:552)
	at io.appium.java_client.DefaultGenericMobileDriver.execute(DefaultGenericMobileDriver.java:46)
	at io.appium.java_client.AppiumDriver.execute(AppiumDriver.java:1)
	at io.appium.java_client.android.AndroidDriver.execute(AndroidDriver.java:1)
	at com.kms.katalon.core.appium.driver.SwipeableAndroidDriver.execute(SwipeableAndroidDriver.java:1)
	at org.openqa.selenium.remote.RemoteWebDriver$RemoteWebDriverOptions$RemoteWindow.getSize(RemoteWebDriver.java:813)
	at org.openqa.selenium.WebDriver$Window$getSize.call(Unknown Source)
	at com.kms.katalon.core.mobile.keyword.internal.MobileAbstractKeyword.findElement(MobileAbstractKeyword.groovy:81)
	at com.kms.katalon.core.mobile.keyword.builtin.TapKeyword.access$1(TapKeyword.groovy)
	at com.kms.katalon.core.mobile.keyword.builtin.TapKeyword$_tap_closure1.doCall(TapKeyword.groovy:76)
	at com.kms.katalon.core.mobile.keyword.builtin.TapKeyword$_tap_closure1.call(TapKeyword.groovy)
	at com.kms.katalon.core.mobile.keyword.internal.MobileKeywordMain.runKeyword(MobileKeywordMain.groovy:21)
	at com.kms.katalon.core.mobile.keyword.builtin.TapKeyword.tap(TapKeyword.groovy:84)
	at com.kms.katalon.core.mobile.keyword.builtin.TapKeyword.execute(TapKeyword.groovy:68)
	at com.kms.katalon.core.keyword.internal.KeywordExecutor.executeKeywordForPlatform(KeywordExecutor.groovy:74)
	at com.kms.katalon.core.mobile.keyword.MobileBuiltInKeywords.tap(MobileBuiltInKeywords.groovy:1490)
	at com.kms.katalon.core.mobile.keyword.MobileBuiltInKeywords$tap$4.call(Unknown Source)
	at duitNow_mobileNumberTransaction.run(duitNow_mobileNumberTransaction:366)
	at com.kms.katalon.core.main.ScriptEngine.run(ScriptEngine.java:194)
	at com.kms.katalon.core.main.ScriptEngine.runScriptAsRawText(ScriptEngine.java:119)
	at com.kms.katalon.core.main.TestCaseExecutor.runScript(TestCaseExecutor.java:445)
	at com.kms.katalon.core.main.TestCaseExecutor.doExecute(TestCaseExecutor.java:436)
	at com.kms.katalon.core.main.TestCaseExecutor.processExecutionPhase(TestCaseExecutor.java:415)
	at com.kms.katalon.core.main.TestCaseExecutor.accessMainPhase(TestCaseExecutor.java:407)
	at com.kms.katalon.core.main.TestCaseExecutor.execute(TestCaseExecutor.java:284)
	at com.kms.katalon.core.common.CommonExecutor.accessTestCaseMainPhase(CommonExecutor.java:65)
	at com.kms.katalon.core.main.TestSuiteExecutor.accessTestSuiteMainPhase(TestSuiteExecutor.java:144)
	at com.kms.katalon.core.main.TestSuiteExecutor.execute(TestSuiteExecutor.java:106)
	at com.kms.katalon.core.main.TestCaseMain.startTestSuite(TestCaseMain.java:185)
	at com.kms.katalon.core.main.TestCaseMain$startTestSuite$0.call(Unknown Source)
	at TempTestSuite1655885093224.run(TempTestSuite1655885093224.groovy:36)
)

2022-06-22 16:47:31 - [MESSAGE][WARNING] - Timeout '0' is invalid. Using default page load timeout: '40'

2022-06-22 16:47:31 - [MESSAGE][FAILED] - Failed to tap on element 'Object Repository/Main/mainS2UApproveBtn' (Root cause: org.openqa.selenium.WebDriverException: An unknown server-side error occurred while processing the command. Original error: 'GET /window/current/size' cannot be proxied to UiAutomator2 server because the instrumentation process is not running (probably crashed). Check the server log and/or the logcat output for more details
Build info: version: '3.141.59', revision: 'e82be7d358', time: '2018-11-14T08:25:53'
System info: host: '00139272s-MacBook-Pro.local', ip: '2001:e68:6167:d901:5dd8:2a3:885f:7e34%en0', os.name: 'Mac OS X', os.arch: 'x86_64', os.version: '10.16', java.version: '1.8.0_275'
Driver info: com.kms.katalon.core.appium.driver.SwipeableAndroidDriver
Capabilities {app: /Users/a00139272/Katalon St..., appActivity: com.maybank2u.life.MainActi..., appPackage: com.maybank2u.life.sit, appWaitActivity: *, autoGrantPermissions: true, automationName: uiautomator2, chromedriverPort: 52878, databaseEnabled: false, desired: {app: /Users/a00139272/Katalon St..., appActivity: com.maybank2u.life.MainActi..., appPackage: com.maybank2u.life.sit, appWaitActivity: *, autoGrantPermissions: true, automationName: uiautomator2, chromedriverPort: 52878, deviceId: 002b9cc60508, deviceName: Xiaomi 21061119AG (Android 11), fullReset: false, newCommandTimeout: 1800, noReset: true, platform: ANDROID, platformName: android, platformVersion: 11, systemPort: 52876, udid: 002b9cc60508}, deviceApiLevel: 30, deviceId: 002b9cc60508, deviceManufacturer: Xiaomi, deviceModel: 21061119AG, deviceName: 002b9cc60508, deviceScreenDensity: 440, deviceScreenSize: 1080x2400, deviceUDID: 002b9cc60508, fullReset: false, javascriptEnabled: true, locationContextEnabled: false, networkConnectionEnabled: true, newCommandTimeout: 1800, noReset: true, pixelRatio: 2.75, platform: ANDROID, platformName: Android, platformVersion: 11, statBarHeight: 103, systemPort: 52876, takesScreenshot: true, udid: 002b9cc60508, viewportRect: {height: 2064, left: 0, top: 103, width: 1080}, warnings: {}, webStorageEnabled: false}
Session ID: 07e0a906-f567-4646-abfd-84c6cc800d18
	at org.openqa.selenium.remote.http.W3CHttpResponseCodec.createException(W3CHttpResponseCodec.java:187)
	at org.openqa.selenium.remote.http.W3CHttpResponseCodec.decode(W3CHttpResponseCodec.java:122)
	at org.openqa.selenium.remote.http.W3CHttpResponseCodec.decode(W3CHttpResponseCodec.java:49)
	at org.openqa.selenium.remote.HttpCommandExecutor.execute(HttpCommandExecutor.java:158)
	at io.appium.java_client.remote.AppiumCommandExecutor.execute(AppiumCommandExecutor.java:239)
	at org.openqa.selenium.remote.RemoteWebDriver.execute(RemoteWebDriver.java:552)
	at io.appium.java_client.DefaultGenericMobileDriver.execute(DefaultGenericMobileDriver.java:46)
	at io.appium.java_client.AppiumDriver.execute(AppiumDriver.java:1)
	at io.appium.java_client.android.AndroidDriver.execute(AndroidDriver.java:1)
	at com.kms.katalon.core.appium.driver.SwipeableAndroidDriver.execute(SwipeableAndroidDriver.java:1)
	at org.openqa.selenium.remote.RemoteWebDriver$RemoteWebDriverOptions$RemoteWindow.getSize(RemoteWebDriver.java:813)
	at org.openqa.selenium.WebDriver$Window$getSize.call(Unknown Source)
	at com.kms.katalon.core.mobile.keyword.internal.MobileAbstractKeyword.findElement(MobileAbstractKeyword.groovy:81)
	at com.kms.katalon.core.mobile.keyword.builtin.TapKeyword.access$1(TapKeyword.groovy)
	at com.kms.katalon.core.mobile.keyword.builtin.TapKeyword$_tap_closure1.doCall(TapKeyword.groovy:76)
	at com.kms.katalon.core.mobile.keyword.builtin.TapKeyword$_tap_closure1.call(TapKeyword.groovy)
	at com.kms.katalon.core.mobile.keyword.internal.MobileKeywordMain.runKeyword(MobileKeywordMain.groovy:21)
	at com.kms.katalon.core.mobile.keyword.builtin.TapKeyword.tap(TapKeyword.groovy:84)
	at com.kms.katalon.core.mobile.keyword.builtin.TapKeyword.execute(TapKeyword.groovy:68)
	at com.kms.katalon.core.keyword.internal.KeywordExecutor.executeKeywordForPlatform(KeywordExecutor.groovy:74)
	at com.kms.katalon.core.mobile.keyword.MobileBuiltInKeywords.tap(MobileBuiltInKeywords.groovy:1490)
	at com.kms.katalon.core.mobile.keyword.MobileBuiltInKeywords$tap$4.call(Unknown Source)
	at duitNow_mobileNumberTransaction.run(duitNow_mobileNumberTransaction:366)
	at com.kms.katalon.core.main.ScriptEngine.run(ScriptEngine.java:194)
	at com.kms.katalon.core.main.ScriptEngine.runScriptAsRawText(ScriptEngine.java:119)
	at com.kms.katalon.core.main.TestCaseExecutor.runScript(TestCaseExecutor.java:445)
	at com.kms.katalon.core.main.TestCaseExecutor.doExecute(TestCaseExecutor.java:436)
	at com.kms.katalon.core.main.TestCaseExecutor.processExecutionPhase(TestCaseExecutor.java:415)
	at com.kms.katalon.core.main.TestCaseExecutor.accessMainPhase(TestCaseExecutor.java:407)
	at com.kms.katalon.core.main.TestCaseExecutor.execute(TestCaseExecutor.java:284)
	at com.kms.katalon.core.common.CommonExecutor.accessTestCaseMainPhase(CommonExecutor.java:65)
	at com.kms.katalon.core.main.TestSuiteExecutor.accessTestSuiteMainPhase(TestSuiteExecutor.java:144)
	at com.kms.katalon.core.main.TestSuiteExecutor.execute(TestSuiteExecutor.java:106)
	at com.kms.katalon.core.main.TestCaseMain.startTestSuite(TestCaseMain.java:185)
	at com.kms.katalon.core.main.TestCaseMain$startTestSuite$0.call(Unknown Source)
	at TempTestSuite1655885093224.run(TempTestSuite1655885093224.groovy:36)
)

2022-06-22 16:47:31 - [TEST_STEP][PASSED] - delay(3): Delayed 3 second(s)

2022-06-22 16:47:34 - [MESSAGE][PASSED] - Delayed 3 second(s)

2022-06-22 16:47:34 - [TEST_STEP][FAILED] - verifyElementExist(findTestObject("Festive Season/returnAngpaoStatusMessageTxt"), 0): Failed to check for element 'Object Repository/Festive Season/returnAngpaoStatusMessageTxt' exist (Root cause: org.openqa.selenium.WebDriverException: An unknown server-side error occurred while processing the command. Original error: 'GET /window/current/size' cannot be proxied to UiAutomator2 server because the instrumentation process is not running (probably crashed). Check the server log and/or the logcat output for more details
Build info: version: '3.141.59', revision: 'e82be7d358', time: '2018-11-14T08:25:53'
System info: host: '00139272s-MacBook-Pro.local', ip: '2001:e68:6167:d901:5dd8:2a3:885f:7e34%en0', os.name: 'Mac OS X', os.arch: 'x86_64', os.version: '10.16', java.version: '1.8.0_275'
Driver info: com.kms.katalon.core.appium.driver.SwipeableAndroidDriver
Capabilities {app: /Users/a00139272/Katalon St..., appActivity: com.maybank2u.life.MainActi..., appPackage: com.maybank2u.life.sit, appWaitActivity: *, autoGrantPermissions: true, automationName: uiautomator2, chromedriverPort: 52878, databaseEnabled: false, desired: {app: /Users/a00139272/Katalon St..., appActivity: com.maybank2u.life.MainActi..., appPackage: com.maybank2u.life.sit, appWaitActivity: *, autoGrantPermissions: true, automationName: uiautomator2, chromedriverPort: 52878, deviceId: 002b9cc60508, deviceName: Xiaomi 21061119AG (Android 11), fullReset: false, newCommandTimeout: 1800, noReset: true, platform: ANDROID, platformName: android, platformVersion: 11, systemPort: 52876, udid: 002b9cc60508}, deviceApiLevel: 30, deviceId: 002b9cc60508, deviceManufacturer: Xiaomi, deviceModel: 21061119AG, deviceName: 002b9cc60508, deviceScreenDensity: 440, deviceScreenSize: 1080x2400, deviceUDID: 002b9cc60508, fullReset: false, javascriptEnabled: true, locationContextEnabled: false, networkConnectionEnabled: true, newCommandTimeout: 1800, noReset: true, pixelRatio: 2.75, platform: ANDROID, platformName: Android, platformVersion: 11, statBarHeight: 103, systemPort: 52876, takesScreenshot: true, udid: 002b9cc60508, viewportRect: {height: 2064, left: 0, top: 103, width: 1080}, warnings: {}, webStorageEnabled: false}
Session ID: 07e0a906-f567-4646-abfd-84c6cc800d18
	at org.openqa.selenium.remote.http.W3CHttpResponseCodec.createException(W3CHttpResponseCodec.java:187)
	at org.openqa.selenium.remote.http.W3CHttpResponseCodec.decode(W3CHttpResponseCodec.java:122)
	at org.openqa.selenium.remote.http.W3CHttpResponseCodec.decode(W3CHttpResponseCodec.java:49)
	at org.openqa.selenium.remote.HttpCommandExecutor.execute(HttpCommandExecutor.java:158)
	at io.appium.java_client.remote.AppiumCommandExecutor.execute(AppiumCommandExecutor.java:239)
	at org.openqa.selenium.remote.RemoteWebDriver.execute(RemoteWebDriver.java:552)
	at io.appium.java_client.DefaultGenericMobileDriver.execute(DefaultGenericMobileDriver.java:46)
	at io.appium.java_client.AppiumDriver.execute(AppiumDriver.java:1)
	at io.appium.java_client.android.AndroidDriver.execute(AndroidDriver.java:1)
	at com.kms.katalon.core.appium.driver.SwipeableAndroidDriver.execute(SwipeableAndroidDriver.java:1)
	at org.openqa.selenium.remote.RemoteWebDriver$RemoteWebDriverOptions$RemoteWindow.getSize(RemoteWebDriver.java:813)
	at org.openqa.selenium.WebDriver$Window$getSize.call(Unknown Source)
	at com.kms.katalon.core.mobile.keyword.internal.MobileAbstractKeyword.findElement(MobileAbstractKeyword.groovy:81)
	at com.kms.katalon.core.mobile.keyword.builtin.VerifyElementExistKeyword.access$1(VerifyElementExistKeyword.groovy)
	at com.kms.katalon.core.mobile.keyword.builtin.VerifyElementExistKeyword$_verifyElementExist_closure1.doCall(VerifyElementExistKeyword.groovy:72)
	at com.kms.katalon.core.mobile.keyword.builtin.VerifyElementExistKeyword$_verifyElementExist_closure1.call(VerifyElementExistKeyword.groovy)
	at com.kms.katalon.core.mobile.keyword.internal.MobileKeywordMain.runKeyword(MobileKeywordMain.groovy:21)
	at com.kms.katalon.core.mobile.keyword.builtin.VerifyElementExistKeyword.verifyElementExist(VerifyElementExistKeyword.groovy:80)
	at com.kms.katalon.core.mobile.keyword.builtin.VerifyElementExistKeyword.execute(VerifyElementExistKeyword.groovy:64)
	at com.kms.katalon.core.keyword.internal.KeywordExecutor.executeKeywordForPlatform(KeywordExecutor.groovy:74)
	at com.kms.katalon.core.mobile.keyword.MobileBuiltInKeywords.verifyElementExist(MobileBuiltInKeywords.groovy:1755)
	at com.kms.katalon.core.mobile.keyword.MobileBuiltInKeywords$verifyElementExist$8.call(Unknown Source)
	at duitNow_mobileNumberTransaction.run(duitNow_mobileNumberTransaction:372)
	at com.kms.katalon.core.main.ScriptEngine.run(ScriptEngine.java:194)
	at com.kms.katalon.core.main.ScriptEngine.runScriptAsRawText(ScriptEngine.java:119)
	at com.kms.katalon.core.main.TestCaseExecutor.runScript(TestCaseExecutor.java:445)
	at com.kms.katalon.core.main.TestCaseExecutor.doExecute(TestCaseExecutor.java:436)
	at com.kms.katalon.core.main.TestCaseExecutor.processExecutionPhase(TestCaseExecutor.java:415)
	at com.kms.katalon.core.main.TestCaseExecutor.accessMainPhase(TestCaseExecutor.java:407)
	at com.kms.katalon.core.main.TestCaseExecutor.execute(TestCaseExecutor.java:284)
	at com.kms.katalon.core.common.CommonExecutor.accessTestCaseMainPhase(CommonExecutor.java:65)
	at com.kms.katalon.core.main.TestSuiteExecutor.accessTestSuiteMainPhase(TestSuiteExecutor.java:144)
	at com.kms.katalon.core.main.TestSuiteExecutor.execute(TestSuiteExecutor.java:106)
	at com.kms.katalon.core.main.TestCaseMain.startTestSuite(TestCaseMain.java:185)
	at com.kms.katalon.core.main.TestCaseMain$startTestSuite$0.call(Unknown Source)
	at TempTestSuite1655885093224.run(TempTestSuite1655885093224.groovy:36)
)

2022-06-22 16:47:34 - [MESSAGE][WARNING] - Timeout '0' is invalid. Using default page load timeout: '40'

2022-06-22 16:47:34 - [MESSAGE][FAILED] - Failed to check for element 'Object Repository/Festive Season/returnAngpaoStatusMessageTxt' exist (Root cause: org.openqa.selenium.WebDriverException: An unknown server-side error occurred while processing the command. Original error: 'GET /window/current/size' cannot be proxied to UiAutomator2 server because the instrumentation process is not running (probably crashed). Check the server log and/or the logcat output for more details
Build info: version: '3.141.59', revision: 'e82be7d358', time: '2018-11-14T08:25:53'
System info: host: '00139272s-MacBook-Pro.local', ip: '2001:e68:6167:d901:5dd8:2a3:885f:7e34%en0', os.name: 'Mac OS X', os.arch: 'x86_64', os.version: '10.16', java.version: '1.8.0_275'
Driver info: com.kms.katalon.core.appium.driver.SwipeableAndroidDriver
Capabilities {app: /Users/a00139272/Katalon St..., appActivity: com.maybank2u.life.MainActi..., appPackage: com.maybank2u.life.sit, appWaitActivity: *, autoGrantPermissions: true, automationName: uiautomator2, chromedriverPort: 52878, databaseEnabled: false, desired: {app: /Users/a00139272/Katalon St..., appActivity: com.maybank2u.life.MainActi..., appPackage: com.maybank2u.life.sit, appWaitActivity: *, autoGrantPermissions: true, automationName: uiautomator2, chromedriverPort: 52878, deviceId: 002b9cc60508, deviceName: Xiaomi 21061119AG (Android 11), fullReset: false, newCommandTimeout: 1800, noReset: true, platform: ANDROID, platformName: android, platformVersion: 11, systemPort: 52876, udid: 002b9cc60508}, deviceApiLevel: 30, deviceId: 002b9cc60508, deviceManufacturer: Xiaomi, deviceModel: 21061119AG, deviceName: 002b9cc60508, deviceScreenDensity: 440, deviceScreenSize: 1080x2400, deviceUDID: 002b9cc60508, fullReset: false, javascriptEnabled: true, locationContextEnabled: false, networkConnectionEnabled: true, newCommandTimeout: 1800, noReset: true, pixelRatio: 2.75, platform: ANDROID, platformName: Android, platformVersion: 11, statBarHeight: 103, systemPort: 52876, takesScreenshot: true, udid: 002b9cc60508, viewportRect: {height: 2064, left: 0, top: 103, width: 1080}, warnings: {}, webStorageEnabled: false}
Session ID: 07e0a906-f567-4646-abfd-84c6cc800d18
	at org.openqa.selenium.remote.http.W3CHttpResponseCodec.createException(W3CHttpResponseCodec.java:187)
	at org.openqa.selenium.remote.http.W3CHttpResponseCodec.decode(W3CHttpResponseCodec.java:122)
	at org.openqa.selenium.remote.http.W3CHttpResponseCodec.decode(W3CHttpResponseCodec.java:49)
	at org.openqa.selenium.remote.HttpCommandExecutor.execute(HttpCommandExecutor.java:158)
	at io.appium.java_client.remote.AppiumCommandExecutor.execute(AppiumCommandExecutor.java:239)
	at org.openqa.selenium.remote.RemoteWebDriver.execute(RemoteWebDriver.java:552)
	at io.appium.java_client.DefaultGenericMobileDriver.execute(DefaultGenericMobileDriver.java:46)
	at io.appium.java_client.AppiumDriver.execute(AppiumDriver.java:1)
	at io.appium.java_client.android.AndroidDriver.execute(AndroidDriver.java:1)
	at com.kms.katalon.core.appium.driver.SwipeableAndroidDriver.execute(SwipeableAndroidDriver.java:1)
	at org.openqa.selenium.remote.RemoteWebDriver$RemoteWebDriverOptions$RemoteWindow.getSize(RemoteWebDriver.java:813)
	at org.openqa.selenium.WebDriver$Window$getSize.call(Unknown Source)
	at com.kms.katalon.core.mobile.keyword.internal.MobileAbstractKeyword.findElement(MobileAbstractKeyword.groovy:81)
	at com.kms.katalon.core.mobile.keyword.builtin.VerifyElementExistKeyword.access$1(VerifyElementExistKeyword.groovy)
	at com.kms.katalon.core.mobile.keyword.builtin.VerifyElementExistKeyword$_verifyElementExist_closure1.doCall(VerifyElementExistKeyword.groovy:72)
	at com.kms.katalon.core.mobile.keyword.builtin.VerifyElementExistKeyword$_verifyElementExist_closure1.call(VerifyElementExistKeyword.groovy)
	at com.kms.katalon.core.mobile.keyword.internal.MobileKeywordMain.runKeyword(MobileKeywordMain.groovy:21)
	at com.kms.katalon.core.mobile.keyword.builtin.VerifyElementExistKeyword.verifyElementExist(VerifyElementExistKeyword.groovy:80)
	at com.kms.katalon.core.mobile.keyword.builtin.VerifyElementExistKeyword.execute(VerifyElementExistKeyword.groovy:64)
	at com.kms.katalon.core.keyword.internal.KeywordExecutor.executeKeywordForPlatform(KeywordExecutor.groovy:74)
	at com.kms.katalon.core.mobile.keyword.MobileBuiltInKeywords.verifyElementExist(MobileBuiltInKeywords.groovy:1755)
	at com.kms.katalon.core.mobile.keyword.MobileBuiltInKeywords$verifyElementExist$8.call(Unknown Source)
	at duitNow_mobileNumberTransaction.run(duitNow_mobileNumberTransaction:372)
	at com.kms.katalon.core.main.ScriptEngine.run(ScriptEngine.java:194)
	at com.kms.katalon.core.main.ScriptEngine.runScriptAsRawText(ScriptEngine.java:119)
	at com.kms.katalon.core.main.TestCaseExecutor.runScript(TestCaseExecutor.java:445)
	at com.kms.katalon.core.main.TestCaseExecutor.doExecute(TestCaseExecutor.java:436)
	at com.kms.katalon.core.main.TestCaseExecutor.processExecutionPhase(TestCaseExecutor.java:415)
	at com.kms.katalon.core.main.TestCaseExecutor.accessMainPhase(TestCaseExecutor.java:407)
	at com.kms.katalon.core.main.TestCaseExecutor.execute(TestCaseExecutor.java:284)
	at com.kms.katalon.core.common.CommonExecutor.accessTestCaseMainPhase(CommonExecutor.java:65)
	at com.kms.katalon.core.main.TestSuiteExecutor.accessTestSuiteMainPhase(TestSuiteExecutor.java:144)
	at com.kms.katalon.core.main.TestSuiteExecutor.execute(TestSuiteExecutor.java:106)
	at com.kms.katalon.core.main.TestCaseMain.startTestSuite(TestCaseMain.java:185)
	at com.kms.katalon.core.main.TestCaseMain$startTestSuite$0.call(Unknown Source)
	at TempTestSuite1655885093224.run(TempTestSuite1655885093224.groovy:36)
)

2022-06-22 16:47:34 - [TEST_STEP][FAILED] - takeScreenshot("/Users/a00139272/git/MAEAutomation2/Duitnow/3.png"): Unable to take screenshot (Root cause: org.openqa.selenium.WebDriverException: An unknown server-side error occurred while processing the command. Original error: 'GET /screenshot' cannot be proxied to UiAutomator2 server because the instrumentation process is not running (probably crashed). Check the server log and/or the logcat output for more details
Build info: version: '3.141.59', revision: 'e82be7d358', time: '2018-11-14T08:25:53'
System info: host: '00139272s-MacBook-Pro.local', ip: '2001:e68:6167:d901:5dd8:2a3:885f:7e34%en0', os.name: 'Mac OS X', os.arch: 'x86_64', os.version: '10.16', java.version: '1.8.0_275'
Driver info: com.kms.katalon.core.appium.driver.SwipeableAndroidDriver
Capabilities {app: /Users/a00139272/Katalon St..., appActivity: com.maybank2u.life.MainActi..., appPackage: com.maybank2u.life.sit, appWaitActivity: *, autoGrantPermissions: true, automationName: uiautomator2, chromedriverPort: 52878, databaseEnabled: false, desired: {app: /Users/a00139272/Katalon St..., appActivity: com.maybank2u.life.MainActi..., appPackage: com.maybank2u.life.sit, appWaitActivity: *, autoGrantPermissions: true, automationName: uiautomator2, chromedriverPort: 52878, deviceId: 002b9cc60508, deviceName: Xiaomi 21061119AG (Android 11), fullReset: false, newCommandTimeout: 1800, noReset: true, platform: ANDROID, platformName: android, platformVersion: 11, systemPort: 52876, udid: 002b9cc60508}, deviceApiLevel: 30, deviceId: 002b9cc60508, deviceManufacturer: Xiaomi, deviceModel: 21061119AG, deviceName: 002b9cc60508, deviceScreenDensity: 440, deviceScreenSize: 1080x2400, deviceUDID: 002b9cc60508, fullReset: false, javascriptEnabled: true, locationContextEnabled: false, networkConnectionEnabled: true, newCommandTimeout: 1800, noReset: true, pixelRatio: 2.75, platform: ANDROID, platformName: Android, platformVersion: 11, statBarHeight: 103, systemPort: 52876, takesScreenshot: true, udid: 002b9cc60508, viewportRect: {height: 2064, left: 0, top: 103, width: 1080}, warnings: {}, webStorageEnabled: false}
Session ID: 07e0a906-f567-4646-abfd-84c6cc800d18
	at org.openqa.selenium.remote.http.W3CHttpResponseCodec.createException(W3CHttpResponseCodec.java:187)
	at org.openqa.selenium.remote.http.W3CHttpResponseCodec.decode(W3CHttpResponseCodec.java:122)
	at org.openqa.selenium.remote.http.W3CHttpResponseCodec.decode(W3CHttpResponseCodec.java:49)
	at org.openqa.selenium.remote.HttpCommandExecutor.execute(HttpCommandExecutor.java:158)
	at io.appium.java_client.remote.AppiumCommandExecutor.execute(AppiumCommandExecutor.java:239)
	at org.openqa.selenium.remote.RemoteWebDriver.execute(RemoteWebDriver.java:552)
	at io.appium.java_client.DefaultGenericMobileDriver.execute(DefaultGenericMobileDriver.java:46)
	at io.appium.java_client.AppiumDriver.execute(AppiumDriver.java:1)
	at io.appium.java_client.android.AndroidDriver.execute(AndroidDriver.java:1)
	at com.kms.katalon.core.appium.driver.SwipeableAndroidDriver.execute(SwipeableAndroidDriver.java:1)
	at org.openqa.selenium.remote.RemoteWebDriver.getScreenshotAs(RemoteWebDriver.java:295)
	at com.kms.katalon.core.mobile.helper.MobileScreenCaptor.takeScreenshot(MobileScreenCaptor.java:111)
	at com.kms.katalon.core.mobile.keyword.builtin.TakeScreenshotKeyword$_takeScreenshot_closure1.doCall(TakeScreenshotKeyword.groovy:109)
	at com.kms.katalon.core.mobile.keyword.builtin.TakeScreenshotKeyword$_takeScreenshot_closure1.call(TakeScreenshotKeyword.groovy)
	at com.kms.katalon.core.mobile.keyword.internal.MobileKeywordMain.runKeyword(MobileKeywordMain.groovy:21)
	at com.kms.katalon.core.mobile.keyword.builtin.TakeScreenshotKeyword.takeScreenshot(TakeScreenshotKeyword.groovy:93)
	at com.kms.katalon.core.mobile.keyword.builtin.TakeScreenshotKeyword.execute(TakeScreenshotKeyword.groovy:53)
	at com.kms.katalon.core.keyword.internal.KeywordExecutor.executeKeywordForPlatform(KeywordExecutor.groovy:74)
	at com.kms.katalon.core.mobile.keyword.MobileBuiltInKeywords.takeScreenshot(MobileBuiltInKeywords.groovy:218)
	at com.kms.katalon.core.mobile.keyword.MobileBuiltInKeywords$takeScreenshot$12.call(Unknown Source)
	at duitNow_mobileNumberTransaction.run(duitNow_mobileNumberTransaction:374)
	at com.kms.katalon.core.main.ScriptEngine.run(ScriptEngine.java:194)
	at com.kms.katalon.core.main.ScriptEngine.runScriptAsRawText(ScriptEngine.java:119)
	at com.kms.katalon.core.main.TestCaseExecutor.runScript(TestCaseExecutor.java:445)
	at com.kms.katalon.core.main.TestCaseExecutor.doExecute(TestCaseExecutor.java:436)
	at com.kms.katalon.core.main.TestCaseExecutor.processExecutionPhase(TestCaseExecutor.java:415)
	at com.kms.katalon.core.main.TestCaseExecutor.accessMainPhase(TestCaseExecutor.java:407)
	at com.kms.katalon.core.main.TestCaseExecutor.execute(TestCaseExecutor.java:284)
	at com.kms.katalon.core.common.CommonExecutor.accessTestCaseMainPhase(CommonExecutor.java:65)
	at com.kms.katalon.core.main.TestSuiteExecutor.accessTestSuiteMainPhase(TestSuiteExecutor.java:144)
	at com.kms.katalon.core.main.TestSuiteExecutor.execute(TestSuiteExecutor.java:106)
	at com.kms.katalon.core.main.TestCaseMain.startTestSuite(TestCaseMain.java:185)
	at com.kms.katalon.core.main.TestCaseMain$startTestSuite$0.call(Unknown Source)
	at TempTestSuite1655885093224.run(TempTestSuite1655885093224.groovy:36)
)

2022-06-22 16:47:35 - [MESSAGE][FAILED] - Unable to take screenshot (Root cause: org.openqa.selenium.WebDriverException: An unknown server-side error occurred while processing the command. Original error: 'GET /screenshot' cannot be proxied to UiAutomator2 server because the instrumentation process is not running (probably crashed). Check the server log and/or the logcat output for more details
Build info: version: '3.141.59', revision: 'e82be7d358', time: '2018-11-14T08:25:53'
System info: host: '00139272s-MacBook-Pro.local', ip: '2001:e68:6167:d901:5dd8:2a3:885f:7e34%en0', os.name: 'Mac OS X', os.arch: 'x86_64', os.version: '10.16', java.version: '1.8.0_275'
Driver info: com.kms.katalon.core.appium.driver.SwipeableAndroidDriver
Capabilities {app: /Users/a00139272/Katalon St..., appActivity: com.maybank2u.life.MainActi..., appPackage: com.maybank2u.life.sit, appWaitActivity: *, autoGrantPermissions: true, automationName: uiautomator2, chromedriverPort: 52878, databaseEnabled: false, desired: {app: /Users/a00139272/Katalon St..., appActivity: com.maybank2u.life.MainActi..., appPackage: com.maybank2u.life.sit, appWaitActivity: *, autoGrantPermissions: true, automationName: uiautomator2, chromedriverPort: 52878, deviceId: 002b9cc60508, deviceName: Xiaomi 21061119AG (Android 11), fullReset: false, newCommandTimeout: 1800, noReset: true, platform: ANDROID, platformName: android, platformVersion: 11, systemPort: 52876, udid: 002b9cc60508}, deviceApiLevel: 30, deviceId: 002b9cc60508, deviceManufacturer: Xiaomi, deviceModel: 21061119AG, deviceName: 002b9cc60508, deviceScreenDensity: 440, deviceScreenSize: 1080x2400, deviceUDID: 002b9cc60508, fullReset: false, javascriptEnabled: true, locationContextEnabled: false, networkConnectionEnabled: true, newCommandTimeout: 1800, noReset: true, pixelRatio: 2.75, platform: ANDROID, platformName: Android, platformVersion: 11, statBarHeight: 103, systemPort: 52876, takesScreenshot: true, udid: 002b9cc60508, viewportRect: {height: 2064, left: 0, top: 103, width: 1080}, warnings: {}, webStorageEnabled: false}
Session ID: 07e0a906-f567-4646-abfd-84c6cc800d18
	at org.openqa.selenium.remote.http.W3CHttpResponseCodec.createException(W3CHttpResponseCodec.java:187)
	at org.openqa.selenium.remote.http.W3CHttpResponseCodec.decode(W3CHttpResponseCodec.java:122)
	at org.openqa.selenium.remote.http.W3CHttpResponseCodec.decode(W3CHttpResponseCodec.java:49)
	at org.openqa.selenium.remote.HttpCommandExecutor.execute(HttpCommandExecutor.java:158)
	at io.appium.java_client.remote.AppiumCommandExecutor.execute(AppiumCommandExecutor.java:239)
	at org.openqa.selenium.remote.RemoteWebDriver.execute(RemoteWebDriver.java:552)
	at io.appium.java_client.DefaultGenericMobileDriver.execute(DefaultGenericMobileDriver.java:46)
	at io.appium.java_client.AppiumDriver.execute(AppiumDriver.java:1)
	at io.appium.java_client.android.AndroidDriver.execute(AndroidDriver.java:1)
	at com.kms.katalon.core.appium.driver.SwipeableAndroidDriver.execute(SwipeableAndroidDriver.java:1)
	at org.openqa.selenium.remote.RemoteWebDriver.getScreenshotAs(RemoteWebDriver.java:295)
	at com.kms.katalon.core.mobile.helper.MobileScreenCaptor.takeScreenshot(MobileScreenCaptor.java:111)
	at com.kms.katalon.core.mobile.keyword.builtin.TakeScreenshotKeyword$_takeScreenshot_closure1.doCall(TakeScreenshotKeyword.groovy:109)
	at com.kms.katalon.core.mobile.keyword.builtin.TakeScreenshotKeyword$_takeScreenshot_closure1.call(TakeScreenshotKeyword.groovy)
	at com.kms.katalon.core.mobile.keyword.internal.MobileKeywordMain.runKeyword(MobileKeywordMain.groovy:21)
	at com.kms.katalon.core.mobile.keyword.builtin.TakeScreenshotKeyword.takeScreenshot(TakeScreenshotKeyword.groovy:93)
	at com.kms.katalon.core.mobile.keyword.builtin.TakeScreenshotKeyword.execute(TakeScreenshotKeyword.groovy:53)
	at com.kms.katalon.core.keyword.internal.KeywordExecutor.executeKeywordForPlatform(KeywordExecutor.groovy:74)
	at com.kms.katalon.core.mobile.keyword.MobileBuiltInKeywords.takeScreenshot(MobileBuiltInKeywords.groovy:218)
	at com.kms.katalon.core.mobile.keyword.MobileBuiltInKeywords$takeScreenshot$12.call(Unknown Source)
	at duitNow_mobileNumberTransaction.run(duitNow_mobileNumberTransaction:374)
	at com.kms.katalon.core.main.ScriptEngine.run(ScriptEngine.java:194)
	at com.kms.katalon.core.main.ScriptEngine.runScriptAsRawText(ScriptEngine.java:119)
	at com.kms.katalon.core.main.TestCaseExecutor.runScript(TestCaseExecutor.java:445)
	at com.kms.katalon.core.main.TestCaseExecutor.doExecute(TestCaseExecutor.java:436)
	at com.kms.katalon.core.main.TestCaseExecutor.processExecutionPhase(TestCaseExecutor.java:415)
	at com.kms.katalon.core.main.TestCaseExecutor.accessMainPhase(TestCaseExecutor.java:407)
	at com.kms.katalon.core.main.TestCaseExecutor.execute(TestCaseExecutor.java:284)
	at com.kms.katalon.core.common.CommonExecutor.accessTestCaseMainPhase(CommonExecutor.java:65)
	at com.kms.katalon.core.main.TestSuiteExecutor.accessTestSuiteMainPhase(TestSuiteExecutor.java:144)
	at com.kms.katalon.core.main.TestSuiteExecutor.execute(TestSuiteExecutor.java:106)
	at com.kms.katalon.core.main.TestCaseMain.startTestSuite(TestCaseMain.java:185)
	at com.kms.katalon.core.main.TestCaseMain$startTestSuite$0.call(Unknown Source)
	at TempTestSuite1655885093224.run(TempTestSuite1655885093224.groovy:36)
)

2022-06-22 16:47:35 - [TEST_STEP][FAILED] - message = getText(findTestObject("Festive Season/returnAngpaoStatusMessageTxt"), 10): Failed to get text from element (Root cause: org.openqa.selenium.WebDriverException: An unknown server-side error occurred while processing the command. Original error: 'GET /window/current/size' cannot be proxied to UiAutomator2 server because the instrumentation process is not running (probably crashed). Check the server log and/or the logcat output for more details
Build info: version: '3.141.59', revision: 'e82be7d358', time: '2018-11-14T08:25:53'
System info: host: '00139272s-MacBook-Pro.local', ip: '2001:e68:6167:d901:5dd8:2a3:885f:7e34%en0', os.name: 'Mac OS X', os.arch: 'x86_64', os.version: '10.16', java.version: '1.8.0_275'
Driver info: com.kms.katalon.core.appium.driver.SwipeableAndroidDriver
Capabilities {app: /Users/a00139272/Katalon St..., appActivity: com.maybank2u.life.MainActi..., appPackage: com.maybank2u.life.sit, appWaitActivity: *, autoGrantPermissions: true, automationName: uiautomator2, chromedriverPort: 52878, databaseEnabled: false, desired: {app: /Users/a00139272/Katalon St..., appActivity: com.maybank2u.life.MainActi..., appPackage: com.maybank2u.life.sit, appWaitActivity: *, autoGrantPermissions: true, automationName: uiautomator2, chromedriverPort: 52878, deviceId: 002b9cc60508, deviceName: Xiaomi 21061119AG (Android 11), fullReset: false, newCommandTimeout: 1800, noReset: true, platform: ANDROID, platformName: android, platformVersion: 11, systemPort: 52876, udid: 002b9cc60508}, deviceApiLevel: 30, deviceId: 002b9cc60508, deviceManufacturer: Xiaomi, deviceModel: 21061119AG, deviceName: 002b9cc60508, deviceScreenDensity: 440, deviceScreenSize: 1080x2400, deviceUDID: 002b9cc60508, fullReset: false, javascriptEnabled: true, locationContextEnabled: false, networkConnectionEnabled: true, newCommandTimeout: 1800, noReset: true, pixelRatio: 2.75, platform: ANDROID, platformName: Android, platformVersion: 11, statBarHeight: 103, systemPort: 52876, takesScreenshot: true, udid: 002b9cc60508, viewportRect: {height: 2064, left: 0, top: 103, width: 1080}, warnings: {}, webStorageEnabled: false}
Session ID: 07e0a906-f567-4646-abfd-84c6cc800d18
	at org.openqa.selenium.remote.http.W3CHttpResponseCodec.createException(W3CHttpResponseCodec.java:187)
	at org.openqa.selenium.remote.http.W3CHttpResponseCodec.decode(W3CHttpResponseCodec.java:122)
	at org.openqa.selenium.remote.http.W3CHttpResponseCodec.decode(W3CHttpResponseCodec.java:49)
	at org.openqa.selenium.remote.HttpCommandExecutor.execute(HttpCommandExecutor.java:158)
	at io.appium.java_client.remote.AppiumCommandExecutor.execute(AppiumCommandExecutor.java:239)
	at org.openqa.selenium.remote.RemoteWebDriver.execute(RemoteWebDriver.java:552)
	at io.appium.java_client.DefaultGenericMobileDriver.execute(DefaultGenericMobileDriver.java:46)
	at io.appium.java_client.AppiumDriver.execute(AppiumDriver.java:1)
	at io.appium.java_client.android.AndroidDriver.execute(AndroidDriver.java:1)
	at com.kms.katalon.core.appium.driver.SwipeableAndroidDriver.execute(SwipeableAndroidDriver.java:1)
	at org.openqa.selenium.remote.RemoteWebDriver$RemoteWebDriverOptions$RemoteWindow.getSize(RemoteWebDriver.java:813)
	at org.openqa.selenium.WebDriver$Window$getSize.call(Unknown Source)
	at com.kms.katalon.core.mobile.keyword.internal.MobileAbstractKeyword.findElement(MobileAbstractKeyword.groovy:81)
	at com.kms.katalon.core.mobile.keyword.builtin.GetTextKeyword.access$1(GetTextKeyword.groovy)
	at com.kms.katalon.core.mobile.keyword.builtin.GetTextKeyword$_getText_closure1.doCall(GetTextKeyword.groovy:72)
	at com.kms.katalon.core.mobile.keyword.builtin.GetTextKeyword$_getText_closure1.call(GetTextKeyword.groovy)
	at com.kms.katalon.core.mobile.keyword.internal.MobileKeywordMain.runKeyword(MobileKeywordMain.groovy:21)
	at com.kms.katalon.core.mobile.keyword.builtin.GetTextKeyword.getText(GetTextKeyword.groovy:80)
	at com.kms.katalon.core.mobile.keyword.builtin.GetTextKeyword.execute(GetTextKeyword.groovy:64)
	at com.kms.katalon.core.keyword.internal.KeywordExecutor.executeKeywordForPlatform(KeywordExecutor.groovy:74)
	at com.kms.katalon.core.mobile.keyword.MobileBuiltInKeywords.getText(MobileBuiltInKeywords.groovy:1274)
	at com.kms.katalon.core.mobile.keyword.MobileBuiltInKeywords$getText$11.call(Unknown Source)
	at duitNow_mobileNumberTransaction.run(duitNow_mobileNumberTransaction:376)
	at com.kms.katalon.core.main.ScriptEngine.run(ScriptEngine.java:194)
	at com.kms.katalon.core.main.ScriptEngine.runScriptAsRawText(ScriptEngine.java:119)
	at com.kms.katalon.core.main.TestCaseExecutor.runScript(TestCaseExecutor.java:445)
	at com.kms.katalon.core.main.TestCaseExecutor.doExecute(TestCaseExecutor.java:436)
	at com.kms.katalon.core.main.TestCaseExecutor.processExecutionPhase(TestCaseExecutor.java:415)
	at com.kms.katalon.core.main.TestCaseExecutor.accessMainPhase(TestCaseExecutor.java:407)
	at com.kms.katalon.core.main.TestCaseExecutor.execute(TestCaseExecutor.java:284)
	at com.kms.katalon.core.common.CommonExecutor.accessTestCaseMainPhase(CommonExecutor.java:65)
	at com.kms.katalon.core.main.TestSuiteExecutor.accessTestSuiteMainPhase(TestSuiteExecutor.java:144)
	at com.kms.katalon.core.main.TestSuiteExecutor.execute(TestSuiteExecutor.java:106)
	at com.kms.katalon.core.main.TestCaseMain.startTestSuite(TestCaseMain.java:185)
	at com.kms.katalon.core.main.TestCaseMain$startTestSuite$0.call(Unknown Source)
	at TempTestSuite1655885093224.run(TempTestSuite1655885093224.groovy:36)
)

2022-06-22 16:47:35 - [MESSAGE][FAILED] - Failed to get text from element (Root cause: org.openqa.selenium.WebDriverException: An unknown server-side error occurred while processing the command. Original error: 'GET /window/current/size' cannot be proxied to UiAutomator2 server because the instrumentation process is not running (probably crashed). Check the server log and/or the logcat output for more details
Build info: version: '3.141.59', revision: 'e82be7d358', time: '2018-11-14T08:25:53'
System info: host: '00139272s-MacBook-Pro.local', ip: '2001:e68:6167:d901:5dd8:2a3:885f:7e34%en0', os.name: 'Mac OS X', os.arch: 'x86_64', os.version: '10.16', java.version: '1.8.0_275'
Driver info: com.kms.katalon.core.appium.driver.SwipeableAndroidDriver
Capabilities {app: /Users/a00139272/Katalon St..., appActivity: com.maybank2u.life.MainActi..., appPackage: com.maybank2u.life.sit, appWaitActivity: *, autoGrantPermissions: true, automationName: uiautomator2, chromedriverPort: 52878, databaseEnabled: false, desired: {app: /Users/a00139272/Katalon St..., appActivity: com.maybank2u.life.MainActi..., appPackage: com.maybank2u.life.sit, appWaitActivity: *, autoGrantPermissions: true, automationName: uiautomator2, chromedriverPort: 52878, deviceId: 002b9cc60508, deviceName: Xiaomi 21061119AG (Android 11), fullReset: false, newCommandTimeout: 1800, noReset: true, platform: ANDROID, platformName: android, platformVersion: 11, systemPort: 52876, udid: 002b9cc60508}, deviceApiLevel: 30, deviceId: 002b9cc60508, deviceManufacturer: Xiaomi, deviceModel: 21061119AG, deviceName: 002b9cc60508, deviceScreenDensity: 440, deviceScreenSize: 1080x2400, deviceUDID: 002b9cc60508, fullReset: false, javascriptEnabled: true, locationContextEnabled: false, networkConnectionEnabled: true, newCommandTimeout: 1800, noReset: true, pixelRatio: 2.75, platform: ANDROID, platformName: Android, platformVersion: 11, statBarHeight: 103, systemPort: 52876, takesScreenshot: true, udid: 002b9cc60508, viewportRect: {height: 2064, left: 0, top: 103, width: 1080}, warnings: {}, webStorageEnabled: false}
Session ID: 07e0a906-f567-4646-abfd-84c6cc800d18
	at org.openqa.selenium.remote.http.W3CHttpResponseCodec.createException(W3CHttpResponseCodec.java:187)
	at org.openqa.selenium.remote.http.W3CHttpResponseCodec.decode(W3CHttpResponseCodec.java:122)
	at org.openqa.selenium.remote.http.W3CHttpResponseCodec.decode(W3CHttpResponseCodec.java:49)
	at org.openqa.selenium.remote.HttpCommandExecutor.execute(HttpCommandExecutor.java:158)
	at io.appium.java_client.remote.AppiumCommandExecutor.execute(AppiumCommandExecutor.java:239)
	at org.openqa.selenium.remote.RemoteWebDriver.execute(RemoteWebDriver.java:552)
	at io.appium.java_client.DefaultGenericMobileDriver.execute(DefaultGenericMobileDriver.java:46)
	at io.appium.java_client.AppiumDriver.execute(AppiumDriver.java:1)
	at io.appium.java_client.android.AndroidDriver.execute(AndroidDriver.java:1)
	at com.kms.katalon.core.appium.driver.SwipeableAndroidDriver.execute(SwipeableAndroidDriver.java:1)
	at org.openqa.selenium.remote.RemoteWebDriver$RemoteWebDriverOptions$RemoteWindow.getSize(RemoteWebDriver.java:813)
	at org.openqa.selenium.WebDriver$Window$getSize.call(Unknown Source)
	at com.kms.katalon.core.mobile.keyword.internal.MobileAbstractKeyword.findElement(MobileAbstractKeyword.groovy:81)
	at com.kms.katalon.core.mobile.keyword.builtin.GetTextKeyword.access$1(GetTextKeyword.groovy)
	at com.kms.katalon.core.mobile.keyword.builtin.GetTextKeyword$_getText_closure1.doCall(GetTextKeyword.groovy:72)
	at com.kms.katalon.core.mobile.keyword.builtin.GetTextKeyword$_getText_closure1.call(GetTextKeyword.groovy)
	at com.kms.katalon.core.mobile.keyword.internal.MobileKeywordMain.runKeyword(MobileKeywordMain.groovy:21)
	at com.kms.katalon.core.mobile.keyword.builtin.GetTextKeyword.getText(GetTextKeyword.groovy:80)
	at com.kms.katalon.core.mobile.keyword.builtin.GetTextKeyword.execute(GetTextKeyword.groovy:64)
	at com.kms.katalon.core.keyword.internal.KeywordExecutor.executeKeywordForPlatform(KeywordExecutor.groovy:74)
	at com.kms.katalon.core.mobile.keyword.MobileBuiltInKeywords.getText(MobileBuiltInKeywords.groovy:1274)
	at com.kms.katalon.core.mobile.keyword.MobileBuiltInKeywords$getText$11.call(Unknown Source)
	at duitNow_mobileNumberTransaction.run(duitNow_mobileNumberTransaction:376)
	at com.kms.katalon.core.main.ScriptEngine.run(ScriptEngine.java:194)
	at com.kms.katalon.core.main.ScriptEngine.runScriptAsRawText(ScriptEngine.java:119)
	at com.kms.katalon.core.main.TestCaseExecutor.runScript(TestCaseExecutor.java:445)
	at com.kms.katalon.core.main.TestCaseExecutor.doExecute(TestCaseExecutor.java:436)
	at com.kms.katalon.core.main.TestCaseExecutor.processExecutionPhase(TestCaseExecutor.java:415)
	at com.kms.katalon.core.main.TestCaseExecutor.accessMainPhase(TestCaseExecutor.java:407)
	at com.kms.katalon.core.main.TestCaseExecutor.execute(TestCaseExecutor.java:284)
	at com.kms.katalon.core.common.CommonExecutor.accessTestCaseMainPhase(CommonExecutor.java:65)
	at com.kms.katalon.core.main.TestSuiteExecutor.accessTestSuiteMainPhase(TestSuiteExecutor.java:144)
	at com.kms.katalon.core.main.TestSuiteExecutor.execute(TestSuiteExecutor.java:106)
	at com.kms.katalon.core.main.TestCaseMain.startTestSuite(TestCaseMain.java:185)
	at com.kms.katalon.core.main.TestCaseMain$startTestSuite$0.call(Unknown Source)
	at TempTestSuite1655885093224.run(TempTestSuite1655885093224.groovy:36)
)

2022-06-22 16:47:35 - [TEST_STEP][PASSED] - println(message): null

2022-06-22 16:47:35 - [TEST_STEP][FAILED] - takeScreenshot("/Users/a00139272/git/MAEAutomation2/Duitnow/1.png"): Unable to take screenshot (Root cause: org.openqa.selenium.WebDriverException: An unknown server-side error occurred while processing the command. Original error: 'GET /screenshot' cannot be proxied to UiAutomator2 server because the instrumentation process is not running (probably crashed). Check the server log and/or the logcat output for more details
Build info: version: '3.141.59', revision: 'e82be7d358', time: '2018-11-14T08:25:53'
System info: host: '00139272s-MacBook-Pro.local', ip: '2001:e68:6167:d901:5dd8:2a3:885f:7e34%en0', os.name: 'Mac OS X', os.arch: 'x86_64', os.version: '10.16', java.version: '1.8.0_275'
Driver info: com.kms.katalon.core.appium.driver.SwipeableAndroidDriver
Capabilities {app: /Users/a00139272/Katalon St..., appActivity: com.maybank2u.life.MainActi..., appPackage: com.maybank2u.life.sit, appWaitActivity: *, autoGrantPermissions: true, automationName: uiautomator2, chromedriverPort: 52878, databaseEnabled: false, desired: {app: /Users/a00139272/Katalon St..., appActivity: com.maybank2u.life.MainActi..., appPackage: com.maybank2u.life.sit, appWaitActivity: *, autoGrantPermissions: true, automationName: uiautomator2, chromedriverPort: 52878, deviceId: 002b9cc60508, deviceName: Xiaomi 21061119AG (Android 11), fullReset: false, newCommandTimeout: 1800, noReset: true, platform: ANDROID, platformName: android, platformVersion: 11, systemPort: 52876, udid: 002b9cc60508}, deviceApiLevel: 30, deviceId: 002b9cc60508, deviceManufacturer: Xiaomi, deviceModel: 21061119AG, deviceName: 002b9cc60508, deviceScreenDensity: 440, deviceScreenSize: 1080x2400, deviceUDID: 002b9cc60508, fullReset: false, javascriptEnabled: true, locationContextEnabled: false, networkConnectionEnabled: true, newCommandTimeout: 1800, noReset: true, pixelRatio: 2.75, platform: ANDROID, platformName: Android, platformVersion: 11, statBarHeight: 103, systemPort: 52876, takesScreenshot: true, udid: 002b9cc60508, viewportRect: {height: 2064, left: 0, top: 103, width: 1080}, warnings: {}, webStorageEnabled: false}
Session ID: 07e0a906-f567-4646-abfd-84c6cc800d18
	at org.openqa.selenium.remote.http.W3CHttpResponseCodec.createException(W3CHttpResponseCodec.java:187)
	at org.openqa.selenium.remote.http.W3CHttpResponseCodec.decode(W3CHttpResponseCodec.java:122)
	at org.openqa.selenium.remote.http.W3CHttpResponseCodec.decode(W3CHttpResponseCodec.java:49)
	at org.openqa.selenium.remote.HttpCommandExecutor.execute(HttpCommandExecutor.java:158)
	at io.appium.java_client.remote.AppiumCommandExecutor.execute(AppiumCommandExecutor.java:239)
	at org.openqa.selenium.remote.RemoteWebDriver.execute(RemoteWebDriver.java:552)
	at io.appium.java_client.DefaultGenericMobileDriver.execute(DefaultGenericMobileDriver.java:46)
	at io.appium.java_client.AppiumDriver.execute(AppiumDriver.java:1)
	at io.appium.java_client.android.AndroidDriver.execute(AndroidDriver.java:1)
	at com.kms.katalon.core.appium.driver.SwipeableAndroidDriver.execute(SwipeableAndroidDriver.java:1)
	at org.openqa.selenium.remote.RemoteWebDriver.getScreenshotAs(RemoteWebDriver.java:295)
	at com.kms.katalon.core.mobile.helper.MobileScreenCaptor.takeScreenshot(MobileScreenCaptor.java:111)
	at com.kms.katalon.core.mobile.keyword.builtin.TakeScreenshotKeyword$_takeScreenshot_closure1.doCall(TakeScreenshotKeyword.groovy:109)
	at com.kms.katalon.core.mobile.keyword.builtin.TakeScreenshotKeyword$_takeScreenshot_closure1.call(TakeScreenshotKeyword.groovy)
	at com.kms.katalon.core.mobile.keyword.internal.MobileKeywordMain.runKeyword(MobileKeywordMain.groovy:21)
	at com.kms.katalon.core.mobile.keyword.builtin.TakeScreenshotKeyword.takeScreenshot(TakeScreenshotKeyword.groovy:93)
	at com.kms.katalon.core.mobile.keyword.builtin.TakeScreenshotKeyword.execute(TakeScreenshotKeyword.groovy:53)
	at com.kms.katalon.core.keyword.internal.KeywordExecutor.executeKeywordForPlatform(KeywordExecutor.groovy:74)
	at com.kms.katalon.core.mobile.keyword.MobileBuiltInKeywords.takeScreenshot(MobileBuiltInKeywords.groovy:218)
	at com.kms.katalon.core.mobile.keyword.MobileBuiltInKeywords$takeScreenshot$12.call(Unknown Source)
	at duitNow_mobileNumberTransaction.run(duitNow_mobileNumberTransaction:380)
	at com.kms.katalon.core.main.ScriptEngine.run(ScriptEngine.java:194)
	at com.kms.katalon.core.main.ScriptEngine.runScriptAsRawText(ScriptEngine.java:119)
	at com.kms.katalon.core.main.TestCaseExecutor.runScript(TestCaseExecutor.java:445)
	at com.kms.katalon.core.main.TestCaseExecutor.doExecute(TestCaseExecutor.java:436)
	at com.kms.katalon.core.main.TestCaseExecutor.processExecutionPhase(TestCaseExecutor.java:415)
	at com.kms.katalon.core.main.TestCaseExecutor.accessMainPhase(TestCaseExecutor.java:407)
	at com.kms.katalon.core.main.TestCaseExecutor.execute(TestCaseExecutor.java:284)
	at com.kms.katalon.core.common.CommonExecutor.accessTestCaseMainPhase(CommonExecutor.java:65)
	at com.kms.katalon.core.main.TestSuiteExecutor.accessTestSuiteMainPhase(TestSuiteExecutor.java:144)
	at com.kms.katalon.core.main.TestSuiteExecutor.execute(TestSuiteExecutor.java:106)
	at com.kms.katalon.core.main.TestCaseMain.startTestSuite(TestCaseMain.java:185)
	at com.kms.katalon.core.main.TestCaseMain$startTestSuite$0.call(Unknown Source)
	at TempTestSuite1655885093224.run(TempTestSuite1655885093224.groovy:36)
)

2022-06-22 16:47:35 - [MESSAGE][FAILED] - Unable to take screenshot (Root cause: org.openqa.selenium.WebDriverException: An unknown server-side error occurred while processing the command. Original error: 'GET /screenshot' cannot be proxied to UiAutomator2 server because the instrumentation process is not running (probably crashed). Check the server log and/or the logcat output for more details
Build info: version: '3.141.59', revision: 'e82be7d358', time: '2018-11-14T08:25:53'
System info: host: '00139272s-MacBook-Pro.local', ip: '2001:e68:6167:d901:5dd8:2a3:885f:7e34%en0', os.name: 'Mac OS X', os.arch: 'x86_64', os.version: '10.16', java.version: '1.8.0_275'
Driver info: com.kms.katalon.core.appium.driver.SwipeableAndroidDriver
Capabilities {app: /Users/a00139272/Katalon St..., appActivity: com.maybank2u.life.MainActi..., appPackage: com.maybank2u.life.sit, appWaitActivity: *, autoGrantPermissions: true, automationName: uiautomator2, chromedriverPort: 52878, databaseEnabled: false, desired: {app: /Users/a00139272/Katalon St..., appActivity: com.maybank2u.life.MainActi..., appPackage: com.maybank2u.life.sit, appWaitActivity: *, autoGrantPermissions: true, automationName: uiautomator2, chromedriverPort: 52878, deviceId: 002b9cc60508, deviceName: Xiaomi 21061119AG (Android 11), fullReset: false, newCommandTimeout: 1800, noReset: true, platform: ANDROID, platformName: android, platformVersion: 11, systemPort: 52876, udid: 002b9cc60508}, deviceApiLevel: 30, deviceId: 002b9cc60508, deviceManufacturer: Xiaomi, deviceModel: 21061119AG, deviceName: 002b9cc60508, deviceScreenDensity: 440, deviceScreenSize: 1080x2400, deviceUDID: 002b9cc60508, fullReset: false, javascriptEnabled: true, locationContextEnabled: false, networkConnectionEnabled: true, newCommandTimeout: 1800, noReset: true, pixelRatio: 2.75, platform: ANDROID, platformName: Android, platformVersion: 11, statBarHeight: 103, systemPort: 52876, takesScreenshot: true, udid: 002b9cc60508, viewportRect: {height: 2064, left: 0, top: 103, width: 1080}, warnings: {}, webStorageEnabled: false}
Session ID: 07e0a906-f567-4646-abfd-84c6cc800d18
	at org.openqa.selenium.remote.http.W3CHttpResponseCodec.createException(W3CHttpResponseCodec.java:187)
	at org.openqa.selenium.remote.http.W3CHttpResponseCodec.decode(W3CHttpResponseCodec.java:122)
	at org.openqa.selenium.remote.http.W3CHttpResponseCodec.decode(W3CHttpResponseCodec.java:49)
	at org.openqa.selenium.remote.HttpCommandExecutor.execute(HttpCommandExecutor.java:158)
	at io.appium.java_client.remote.AppiumCommandExecutor.execute(AppiumCommandExecutor.java:239)
	at org.openqa.selenium.remote.RemoteWebDriver.execute(RemoteWebDriver.java:552)
	at io.appium.java_client.DefaultGenericMobileDriver.execute(DefaultGenericMobileDriver.java:46)
	at io.appium.java_client.AppiumDriver.execute(AppiumDriver.java:1)
	at io.appium.java_client.android.AndroidDriver.execute(AndroidDriver.java:1)
	at com.kms.katalon.core.appium.driver.SwipeableAndroidDriver.execute(SwipeableAndroidDriver.java:1)
	at org.openqa.selenium.remote.RemoteWebDriver.getScreenshotAs(RemoteWebDriver.java:295)
	at com.kms.katalon.core.mobile.helper.MobileScreenCaptor.takeScreenshot(MobileScreenCaptor.java:111)
	at com.kms.katalon.core.mobile.keyword.builtin.TakeScreenshotKeyword$_takeScreenshot_closure1.doCall(TakeScreenshotKeyword.groovy:109)
	at com.kms.katalon.core.mobile.keyword.builtin.TakeScreenshotKeyword$_takeScreenshot_closure1.call(TakeScreenshotKeyword.groovy)
	at com.kms.katalon.core.mobile.keyword.internal.MobileKeywordMain.runKeyword(MobileKeywordMain.groovy:21)
	at com.kms.katalon.core.mobile.keyword.builtin.TakeScreenshotKeyword.takeScreenshot(TakeScreenshotKeyword.groovy:93)
	at com.kms.katalon.core.mobile.keyword.builtin.TakeScreenshotKeyword.execute(TakeScreenshotKeyword.groovy:53)
	at com.kms.katalon.core.keyword.internal.KeywordExecutor.executeKeywordForPlatform(KeywordExecutor.groovy:74)
	at com.kms.katalon.core.mobile.keyword.MobileBuiltInKeywords.takeScreenshot(MobileBuiltInKeywords.groovy:218)
	at com.kms.katalon.core.mobile.keyword.MobileBuiltInKeywords$takeScreenshot$12.call(Unknown Source)
	at duitNow_mobileNumberTransaction.run(duitNow_mobileNumberTransaction:380)
	at com.kms.katalon.core.main.ScriptEngine.run(ScriptEngine.java:194)
	at com.kms.katalon.core.main.ScriptEngine.runScriptAsRawText(ScriptEngine.java:119)
	at com.kms.katalon.core.main.TestCaseExecutor.runScript(TestCaseExecutor.java:445)
	at com.kms.katalon.core.main.TestCaseExecutor.doExecute(TestCaseExecutor.java:436)
	at com.kms.katalon.core.main.TestCaseExecutor.processExecutionPhase(TestCaseExecutor.java:415)
	at com.kms.katalon.core.main.TestCaseExecutor.accessMainPhase(TestCaseExecutor.java:407)
	at com.kms.katalon.core.main.TestCaseExecutor.execute(TestCaseExecutor.java:284)
	at com.kms.katalon.core.common.CommonExecutor.accessTestCaseMainPhase(CommonExecutor.java:65)
	at com.kms.katalon.core.main.TestSuiteExecutor.accessTestSuiteMainPhase(TestSuiteExecutor.java:144)
	at com.kms.katalon.core.main.TestSuiteExecutor.execute(TestSuiteExecutor.java:106)
	at com.kms.katalon.core.main.TestCaseMain.startTestSuite(TestCaseMain.java:185)
	at com.kms.katalon.core.main.TestCaseMain$startTestSuite$0.call(Unknown Source)
	at TempTestSuite1655885093224.run(TempTestSuite1655885093224.groovy:36)
)

2022-06-22 16:47:35 - [TEST_STEP][FAILED] - assert message == successTransactionMessage: Test Cases/DuitNow/duitNow_mobileNumberTransaction FAILED.
Reason:
Assertion failed: 

assert message == successTransactionMessage
       |       |  |
       null    |  Transfer successful
               false

	at duitNow_mobileNumberTransaction.run(duitNow_mobileNumberTransaction:382)
	at com.kms.katalon.core.main.ScriptEngine.run(ScriptEngine.java:194)
	at com.kms.katalon.core.main.ScriptEngine.runScriptAsRawText(ScriptEngine.java:119)
	at com.kms.katalon.core.main.TestCaseExecutor.runScript(TestCaseExecutor.java:445)
	at com.kms.katalon.core.main.TestCaseExecutor.doExecute(TestCaseExecutor.java:436)
	at com.kms.katalon.core.main.TestCaseExecutor.processExecutionPhase(TestCaseExecutor.java:415)
	at com.kms.katalon.core.main.TestCaseExecutor.accessMainPhase(TestCaseExecutor.java:407)
	at com.kms.katalon.core.main.TestCaseExecutor.execute(TestCaseExecutor.java:284)
	at com.kms.katalon.core.common.CommonExecutor.accessTestCaseMainPhase(CommonExecutor.java:65)
	at com.kms.katalon.core.main.TestSuiteExecutor.accessTestSuiteMainPhase(TestSuiteExecutor.java:144)
	at com.kms.katalon.core.main.TestSuiteExecutor.execute(TestSuiteExecutor.java:106)
	at com.kms.katalon.core.main.TestCaseMain.startTestSuite(TestCaseMain.java:185)
	at com.kms.katalon.core.main.TestCaseMain$startTestSuite$0.call(Unknown Source)
	at TempTestSuite1655885093224.run(TempTestSuite1655885093224.groovy:36)


2022-06-22 16:47:35 - [MESSAGE][FAILED] - Test Cases/DuitNow/duitNow_mobileNumberTransaction FAILED.
Reason:
Assertion failed: 

assert message == successTransactionMessage
       |       |  |
       null    |  Transfer successful
               false

	at duitNow_mobileNumberTransaction.run(duitNow_mobileNumberTransaction:382)
	at com.kms.katalon.core.main.ScriptEngine.run(ScriptEngine.java:194)
	at com.kms.katalon.core.main.ScriptEngine.runScriptAsRawText(ScriptEngine.java:119)
	at com.kms.katalon.core.main.TestCaseExecutor.runScript(TestCaseExecutor.java:445)
	at com.kms.katalon.core.main.TestCaseExecutor.doExecute(TestCaseExecutor.java:436)
	at com.kms.katalon.core.main.TestCaseExecutor.processExecutionPhase(TestCaseExecutor.java:415)
	at com.kms.katalon.core.main.TestCaseExecutor.accessMainPhase(TestCaseExecutor.java:407)
	at com.kms.katalon.core.main.TestCaseExecutor.execute(TestCaseExecutor.java:284)
	at com.kms.katalon.core.common.CommonExecutor.accessTestCaseMainPhase(CommonExecutor.java:65)
	at com.kms.katalon.core.main.TestSuiteExecutor.accessTestSuiteMainPhase(TestSuiteExecutor.java:144)
	at com.kms.katalon.core.main.TestSuiteExecutor.execute(TestSuiteExecutor.java:106)
	at com.kms.katalon.core.main.TestCaseMain.startTestSuite(TestCaseMain.java:185)
	at com.kms.katalon.core.main.TestCaseMain$startTestSuite$0.call(Unknown Source)
	at TempTestSuite1655885093224.run(TempTestSuite1655885093224.groovy:36)]]></system-out>
         <system-err><![CDATA[2022-06-22 16:25:48 - [TEST_CASE][FAILED] - Test Cases/DuitNow/duitNow_mobileNumberTransaction: Test Cases/DuitNow/duitNow_mobileNumberTransaction FAILED.
Reason:
com.kms.katalon.core.exception.StepFailedException: Element 'Object Repository/Duit Now/duitNowAmountProxyNumberTxt' not found
	at com.kms.katalon.core.keyword.internal.KeywordMain.stepFailed(KeywordMain.groovy:39)
	at com.kms.katalon.core.mobile.keyword.internal.MobileKeywordMain.stepFailed(MobileKeywordMain.groovy:40)
	at com.kms.katalon.core.mobile.keyword.builtin.VerifyElementTextKeyword$_verifyElementText_closure1.doCall(VerifyElementTextKeyword.groovy:49)
	at com.kms.katalon.core.mobile.keyword.builtin.VerifyElementTextKeyword$_verifyElementText_closure1.call(VerifyElementTextKeyword.groovy)
	at com.kms.katalon.core.mobile.keyword.internal.MobileKeywordMain.runKeyword(MobileKeywordMain.groovy:21)
	at com.kms.katalon.core.mobile.keyword.builtin.VerifyElementTextKeyword.verifyElementText(VerifyElementTextKeyword.groovy:62)
	at com.kms.katalon.core.mobile.keyword.builtin.VerifyElementTextKeyword.execute(VerifyElementTextKeyword.groovy:39)
	at com.kms.katalon.core.keyword.internal.KeywordExecutor.executeKeywordForPlatform(KeywordExecutor.groovy:74)
	at com.kms.katalon.core.mobile.keyword.MobileBuiltInKeywords.verifyElementText(MobileBuiltInKeywords.groovy:2901)
	at com.kms.katalon.core.mobile.keyword.MobileBuiltInKeywords$verifyElementText$9.call(Unknown Source)
	at duitNow_mobileNumberTransaction.run(duitNow_mobileNumberTransaction:120)
	at com.kms.katalon.core.main.ScriptEngine.run(ScriptEngine.java:194)
	at com.kms.katalon.core.main.ScriptEngine.runScriptAsRawText(ScriptEngine.java:119)
	at com.kms.katalon.core.main.TestCaseExecutor.runScript(TestCaseExecutor.java:445)
	at com.kms.katalon.core.main.TestCaseExecutor.doExecute(TestCaseExecutor.java:436)
	at com.kms.katalon.core.main.TestCaseExecutor.processExecutionPhase(TestCaseExecutor.java:415)
	at com.kms.katalon.core.main.TestCaseExecutor.accessMainPhase(TestCaseExecutor.java:407)
	at com.kms.katalon.core.main.TestCaseExecutor.execute(TestCaseExecutor.java:284)
	at com.kms.katalon.core.common.CommonExecutor.accessTestCaseMainPhase(CommonExecutor.java:65)
	at com.kms.katalon.core.main.TestSuiteExecutor.accessTestSuiteMainPhase(TestSuiteExecutor.java:144)
	at com.kms.katalon.core.main.TestSuiteExecutor.execute(TestSuiteExecutor.java:106)
	at com.kms.katalon.core.main.TestCaseMain.startTestSuite(TestCaseMain.java:185)
	at com.kms.katalon.core.main.TestCaseMain$startTestSuite$0.call(Unknown Source)
	at TempTestSuite1655885093224.run(TempTestSuite1655885093224.groovy:36)]]></system-err>
      </testcase>
      <testcase name="Test Cases/DuitNow/duitNow_businessRegNumberTransaction" time="56.821" classname="Test Cases/DuitNow/duitNow_businessRegNumberTransaction" status="FAILED">
         <failure type="FAILED" message="Test Cases/DuitNow/duitNow_businessRegNumberTransaction FAILED.
Reason:
com.kms.katalon.core.exception.StepFailedException: Unable to get the physical height value of the device (Root cause: org.openqa.selenium.WebDriverException: An unknown server-side error occurred while processing the command. Original error: 'GET /window/current/size' cannot be proxied to UiAutomator2 server because the instrumentation process is not running (probably crashed). Check the server log and/or the logcat output for more details
Build info: version: '3.141.59', revision: 'e82be7d358', time: '2018-11-14T08:25:53'
System info: host: '00139272s-MacBook-Pro.local', ip: '2001:e68:6167:d901:5dd8:2a3:885f:7e34%en0', os.name: 'Mac OS X', os.arch: 'x86_64', os.version: '10.16', java.version: '1.8.0_275'
Driver info: com.kms.katalon.core.appium.driver.SwipeableAndroidDriver
Capabilities {app: /Users/a00139272/Katalon St..., appActivity: com.maybank2u.life.MainActi..., appPackage: com.maybank2u.life.sit, appWaitActivity: *, autoGrantPermissions: true, automationName: uiautomator2, chromedriverPort: 52878, databaseEnabled: false, desired: {app: /Users/a00139272/Katalon St..., appActivity: com.maybank2u.life.MainActi..., appPackage: com.maybank2u.life.sit, appWaitActivity: *, autoGrantPermissions: true, automationName: uiautomator2, chromedriverPort: 52878, deviceId: 002b9cc60508, deviceName: Xiaomi 21061119AG (Android 11), fullReset: false, newCommandTimeout: 1800, noReset: true, platform: ANDROID, platformName: android, platformVersion: 11, systemPort: 52876, udid: 002b9cc60508}, deviceApiLevel: 30, deviceId: 002b9cc60508, deviceManufacturer: Xiaomi, deviceModel: 21061119AG, deviceName: 002b9cc60508, deviceScreenDensity: 440, deviceScreenSize: 1080x2400, deviceUDID: 002b9cc60508, fullReset: false, javascriptEnabled: true, locationContextEnabled: false, networkConnectionEnabled: true, newCommandTimeout: 1800, noReset: true, pixelRatio: 2.75, platform: ANDROID, platformName: Android, platformVersion: 11, statBarHeight: 103, systemPort: 52876, takesScreenshot: true, udid: 002b9cc60508, viewportRect: {height: 2064, left: 0, top: 103, width: 1080}, warnings: {}, webStorageEnabled: false}
Session ID: 07e0a906-f567-4646-abfd-84c6cc800d18
	at org.openqa.selenium.remote.http.W3CHttpResponseCodec.createException(W3CHttpResponseCodec.java:187)
	at org.openqa.selenium.remote.http.W3CHttpResponseCodec.decode(W3CHttpResponseCodec.java:122)
	at org.openqa.selenium.remote.http.W3CHttpResponseCodec.decode(W3CHttpResponseCodec.java:49)
	at org.openqa.selenium.remote.HttpCommandExecutor.execute(HttpCommandExecutor.java:158)
	at io.appium.java_client.remote.AppiumCommandExecutor.execute(AppiumCommandExecutor.java:239)
	at org.openqa.selenium.remote.RemoteWebDriver.execute(RemoteWebDriver.java:552)
	at io.appium.java_client.DefaultGenericMobileDriver.execute(DefaultGenericMobileDriver.java:46)
	at io.appium.java_client.AppiumDriver.execute(AppiumDriver.java:1)
	at io.appium.java_client.android.AndroidDriver.execute(AndroidDriver.java:1)
	at com.kms.katalon.core.appium.driver.SwipeableAndroidDriver.execute(SwipeableAndroidDriver.java:1)
	at org.openqa.selenium.remote.RemoteWebDriver$RemoteWebDriverOptions$RemoteWindow.getSize(RemoteWebDriver.java:813)
	at com.kms.katalon.core.mobile.keyword.builtin.GetDeviceHeightKeyword$_getDeviceHeight_closure1.doCall(GetDeviceHeightKeyword.groovy:73)
	at com.kms.katalon.core.mobile.keyword.builtin.GetDeviceHeightKeyword$_getDeviceHeight_closure1.call(GetDeviceHeightKeyword.groovy)
	at com.kms.katalon.core.mobile.keyword.internal.MobileKeywordMain.runKeywordAndReturnInt(MobileKeywordMain.groovy:30)
	at com.kms.katalon.core.mobile.keyword.builtin.GetDeviceHeightKeyword.getDeviceHeight(GetDeviceHeightKeyword.groovy:68)
	at com.kms.katalon.core.mobile.keyword.builtin.GetDeviceHeightKeyword.execute(GetDeviceHeightKeyword.groovy:63)
	at com.kms.katalon.core.keyword.internal.KeywordExecutor.executeKeywordForPlatform(KeywordExecutor.groovy:74)
	at com.kms.katalon.core.mobile.keyword.MobileBuiltInKeywords.getDeviceHeight(MobileBuiltInKeywords.groovy:2110)
	at com.kms.katalon.core.mobile.keyword.MobileBuiltInKeywords$getDeviceHeight$0.call(Unknown Source)
	at duitNow_businessRegNumberTransaction.run(duitNow_businessRegNumberTransaction:32)
	at com.kms.katalon.core.main.ScriptEngine.run(ScriptEngine.java:194)
	at com.kms.katalon.core.main.ScriptEngine.runScriptAsRawText(ScriptEngine.java:119)
	at com.kms.katalon.core.main.TestCaseExecutor.runScript(TestCaseExecutor.java:445)
	at com.kms.katalon.core.main.TestCaseExecutor.doExecute(TestCaseExecutor.java:436)
	at com.kms.katalon.core.main.TestCaseExecutor.processExecutionPhase(TestCaseExecutor.java:415)
	at com.kms.katalon.core.main.TestCaseExecutor.accessMainPhase(TestCaseExecutor.java:407)
	at com.kms.katalon.core.main.TestCaseExecutor.execute(TestCaseExecutor.java:284)
	at com.kms.katalon.core.common.CommonExecutor.accessTestCaseMainPhase(CommonExecutor.java:65)
	at com.kms.katalon.core.main.TestSuiteExecutor.accessTestSuiteMainPhase(TestSuiteExecutor.java:144)
	at com.kms.katalon.core.main.TestSuiteExecutor.execute(TestSuiteExecutor.java:106)
	at com.kms.katalon.core.main.TestCaseMain.startTestSuite(TestCaseMain.java:185)
	at com.kms.katalon.core.main.TestCaseMain$startTestSuite$0.call(Unknown Source)
	at TempTestSuite1655885093224.run(TempTestSuite1655885093224.groovy:36)
)
	at com.kms.katalon.core.keyword.internal.KeywordMain.stepFailed(KeywordMain.groovy:39)
	at com.kms.katalon.core.mobile.keyword.internal.MobileKeywordMain.stepFailed(MobileKeywordMain.groovy:40)
	at com.kms.katalon.core.mobile.keyword.internal.MobileKeywordMain.runKeywordAndReturnInt(MobileKeywordMain.groovy:32)
	at com.kms.katalon.core.mobile.keyword.builtin.GetDeviceHeightKeyword.getDeviceHeight(GetDeviceHeightKeyword.groovy:68)
	at com.kms.katalon.core.mobile.keyword.builtin.GetDeviceHeightKeyword.execute(GetDeviceHeightKeyword.groovy:63)
	at com.kms.katalon.core.keyword.internal.KeywordExecutor.executeKeywordForPlatform(KeywordExecutor.groovy:74)
	at com.kms.katalon.core.mobile.keyword.MobileBuiltInKeywords.getDeviceHeight(MobileBuiltInKeywords.groovy:2110)
	at com.kms.katalon.core.mobile.keyword.MobileBuiltInKeywords$getDeviceHeight$0.call(Unknown Source)
	at duitNow_businessRegNumberTransaction.run(duitNow_businessRegNumberTransaction:32)
	at com.kms.katalon.core.main.ScriptEngine.run(ScriptEngine.java:194)
	at com.kms.katalon.core.main.ScriptEngine.runScriptAsRawText(ScriptEngine.java:119)
	at com.kms.katalon.core.main.TestCaseExecutor.runScript(TestCaseExecutor.java:445)
	at com.kms.katalon.core.main.TestCaseExecutor.doExecute(TestCaseExecutor.java:436)
	at com.kms.katalon.core.main.TestCaseExecutor.processExecutionPhase(TestCaseExecutor.java:415)
	at com.kms.katalon.core.main.TestCaseExecutor.accessMainPhase(TestCaseExecutor.java:407)
	at com.kms.katalon.core.main.TestCaseExecutor.execute(TestCaseExecutor.java:284)
	at com.kms.katalon.core.common.CommonExecutor.accessTestCaseMainPhase(CommonExecutor.java:65)
	at com.kms.katalon.core.main.TestSuiteExecutor.accessTestSuiteMainPhase(TestSuiteExecutor.java:144)
	at com.kms.katalon.core.main.TestSuiteExecutor.execute(TestSuiteExecutor.java:106)
	at com.kms.katalon.core.main.TestCaseMain.startTestSuite(TestCaseMain.java:185)
	at com.kms.katalon.core.main.TestCaseMain$startTestSuite$0.call(Unknown Source)
	at TempTestSuite1655885093224.run(TempTestSuite1655885093224.groovy:36)
Caused by: org.openqa.selenium.WebDriverException: An unknown server-side error occurred while processing the command. Original error: 'GET /window/current/size' cannot be proxied to UiAutomator2 server because the instrumentation process is not running (probably crashed). Check the server log and/or the logcat output for more details
Build info: version: '3.141.59', revision: 'e82be7d358', time: '2018-11-14T08:25:53'
System info: host: '00139272s-MacBook-Pro.local', ip: '2001:e68:6167:d901:5dd8:2a3:885f:7e34%en0', os.name: 'Mac OS X', os.arch: 'x86_64', os.version: '10.16', java.version: '1.8.0_275'
Driver info: com.kms.katalon.core.appium.driver.SwipeableAndroidDriver
Capabilities {app: /Users/a00139272/Katalon St..., appActivity: com.maybank2u.life.MainActi..., appPackage: com.maybank2u.life.sit, appWaitActivity: *, autoGrantPermissions: true, automationName: uiautomator2, chromedriverPort: 52878, databaseEnabled: false, desired: {app: /Users/a00139272/Katalon St..., appActivity: com.maybank2u.life.MainActi..., appPackage: com.maybank2u.life.sit, appWaitActivity: *, autoGrantPermissions: true, automationName: uiautomator2, chromedriverPort: 52878, deviceId: 002b9cc60508, deviceName: Xiaomi 21061119AG (Android 11), fullReset: false, newCommandTimeout: 1800, noReset: true, platform: ANDROID, platformName: android, platformVersion: 11, systemPort: 52876, udid: 002b9cc60508}, deviceApiLevel: 30, deviceId: 002b9cc60508, deviceManufacturer: Xiaomi, deviceModel: 21061119AG, deviceName: 002b9cc60508, deviceScreenDensity: 440, deviceScreenSize: 1080x2400, deviceUDID: 002b9cc60508, fullReset: false, javascriptEnabled: true, locationContextEnabled: false, networkConnectionEnabled: true, newCommandTimeout: 1800, noReset: true, pixelRatio: 2.75, platform: ANDROID, platformName: Android, platformVersion: 11, statBarHeight: 103, systemPort: 52876, takesScreenshot: true, udid: 002b9cc60508, viewportRect: {height: 2064, left: 0, top: 103, width: 1080}, warnings: {}, webStorageEnabled: false}
Session ID: 07e0a906-f567-4646-abfd-84c6cc800d18
	at org.openqa.selenium.remote.http.W3CHttpResponseCodec.createException(W3CHttpResponseCodec.java:187)
	at org.openqa.selenium.remote.http.W3CHttpResponseCodec.decode(W3CHttpResponseCodec.java:122)
	at org.openqa.selenium.remote.http.W3CHttpResponseCodec.decode(W3CHttpResponseCodec.java:49)
	at org.openqa.selenium.remote.HttpCommandExecutor.execute(HttpCommandExecutor.java:158)
	at io.appium.java_client.remote.AppiumCommandExecutor.execute(AppiumCommandExecutor.java:239)
	at org.openqa.selenium.remote.RemoteWebDriver.execute(RemoteWebDriver.java:552)
	at io.appium.java_client.DefaultGenericMobileDriver.execute(DefaultGenericMobileDriver.java:46)
	at io.appium.java_client.AppiumDriver.execute(AppiumDriver.java:1)
	at io.appium.java_client.android.AndroidDriver.execute(AndroidDriver.java:1)
	at com.kms.katalon.core.appium.driver.SwipeableAndroidDriver.execute(SwipeableAndroidDriver.java:1)
	at org.openqa.selenium.remote.RemoteWebDriver$RemoteWebDriverOptions$RemoteWindow.getSize(RemoteWebDriver.java:813)
	at com.kms.katalon.core.mobile.keyword.builtin.GetDeviceHeightKeyword$_getDeviceHeight_closure1.doCall(GetDeviceHeightKeyword.groovy:73)
	at com.kms.katalon.core.mobile.keyword.builtin.GetDeviceHeightKeyword$_getDeviceHeight_closure1.call(GetDeviceHeightKeyword.groovy)
	at com.kms.katalon.core.mobile.keyword.internal.MobileKeywordMain.runKeywordAndReturnInt(MobileKeywordMain.groovy:30)
	... 19 more
"/>
         <system-out><![CDATA[2022-06-22 16:47:35 - [TEST_CASE][FAILED] - Test Cases/DuitNow/duitNow_businessRegNumberTransaction: Test Cases/DuitNow/duitNow_businessRegNumberTransaction FAILED.
Reason:
com.kms.katalon.core.exception.StepFailedException: Unable to get the physical height value of the device (Root cause: org.openqa.selenium.WebDriverException: An unknown server-side error occurred while processing the command. Original error: 'GET /window/current/size' cannot be proxied to UiAutomator2 server because the instrumentation process is not running (probably crashed). Check the server log and/or the logcat output for more details
Build info: version: '3.141.59', revision: 'e82be7d358', time: '2018-11-14T08:25:53'
System info: host: '00139272s-MacBook-Pro.local', ip: '2001:e68:6167:d901:5dd8:2a3:885f:7e34%en0', os.name: 'Mac OS X', os.arch: 'x86_64', os.version: '10.16', java.version: '1.8.0_275'
Driver info: com.kms.katalon.core.appium.driver.SwipeableAndroidDriver
Capabilities {app: /Users/a00139272/Katalon St..., appActivity: com.maybank2u.life.MainActi..., appPackage: com.maybank2u.life.sit, appWaitActivity: *, autoGrantPermissions: true, automationName: uiautomator2, chromedriverPort: 52878, databaseEnabled: false, desired: {app: /Users/a00139272/Katalon St..., appActivity: com.maybank2u.life.MainActi..., appPackage: com.maybank2u.life.sit, appWaitActivity: *, autoGrantPermissions: true, automationName: uiautomator2, chromedriverPort: 52878, deviceId: 002b9cc60508, deviceName: Xiaomi 21061119AG (Android 11), fullReset: false, newCommandTimeout: 1800, noReset: true, platform: ANDROID, platformName: android, platformVersion: 11, systemPort: 52876, udid: 002b9cc60508}, deviceApiLevel: 30, deviceId: 002b9cc60508, deviceManufacturer: Xiaomi, deviceModel: 21061119AG, deviceName: 002b9cc60508, deviceScreenDensity: 440, deviceScreenSize: 1080x2400, deviceUDID: 002b9cc60508, fullReset: false, javascriptEnabled: true, locationContextEnabled: false, networkConnectionEnabled: true, newCommandTimeout: 1800, noReset: true, pixelRatio: 2.75, platform: ANDROID, platformName: Android, platformVersion: 11, statBarHeight: 103, systemPort: 52876, takesScreenshot: true, udid: 002b9cc60508, viewportRect: {height: 2064, left: 0, top: 103, width: 1080}, warnings: {}, webStorageEnabled: false}
Session ID: 07e0a906-f567-4646-abfd-84c6cc800d18
	at org.openqa.selenium.remote.http.W3CHttpResponseCodec.createException(W3CHttpResponseCodec.java:187)
	at org.openqa.selenium.remote.http.W3CHttpResponseCodec.decode(W3CHttpResponseCodec.java:122)
	at org.openqa.selenium.remote.http.W3CHttpResponseCodec.decode(W3CHttpResponseCodec.java:49)
	at org.openqa.selenium.remote.HttpCommandExecutor.execute(HttpCommandExecutor.java:158)
	at io.appium.java_client.remote.AppiumCommandExecutor.execute(AppiumCommandExecutor.java:239)
	at org.openqa.selenium.remote.RemoteWebDriver.execute(RemoteWebDriver.java:552)
	at io.appium.java_client.DefaultGenericMobileDriver.execute(DefaultGenericMobileDriver.java:46)
	at io.appium.java_client.AppiumDriver.execute(AppiumDriver.java:1)
	at io.appium.java_client.android.AndroidDriver.execute(AndroidDriver.java:1)
	at com.kms.katalon.core.appium.driver.SwipeableAndroidDriver.execute(SwipeableAndroidDriver.java:1)
	at org.openqa.selenium.remote.RemoteWebDriver$RemoteWebDriverOptions$RemoteWindow.getSize(RemoteWebDriver.java:813)
	at com.kms.katalon.core.mobile.keyword.builtin.GetDeviceHeightKeyword$_getDeviceHeight_closure1.doCall(GetDeviceHeightKeyword.groovy:73)
	at com.kms.katalon.core.mobile.keyword.builtin.GetDeviceHeightKeyword$_getDeviceHeight_closure1.call(GetDeviceHeightKeyword.groovy)
	at com.kms.katalon.core.mobile.keyword.internal.MobileKeywordMain.runKeywordAndReturnInt(MobileKeywordMain.groovy:30)
	at com.kms.katalon.core.mobile.keyword.builtin.GetDeviceHeightKeyword.getDeviceHeight(GetDeviceHeightKeyword.groovy:68)
	at com.kms.katalon.core.mobile.keyword.builtin.GetDeviceHeightKeyword.execute(GetDeviceHeightKeyword.groovy:63)
	at com.kms.katalon.core.keyword.internal.KeywordExecutor.executeKeywordForPlatform(KeywordExecutor.groovy:74)
	at com.kms.katalon.core.mobile.keyword.MobileBuiltInKeywords.getDeviceHeight(MobileBuiltInKeywords.groovy:2110)
	at com.kms.katalon.core.mobile.keyword.MobileBuiltInKeywords$getDeviceHeight$0.call(Unknown Source)
	at duitNow_businessRegNumberTransaction.run(duitNow_businessRegNumberTransaction:32)
	at com.kms.katalon.core.main.ScriptEngine.run(ScriptEngine.java:194)
	at com.kms.katalon.core.main.ScriptEngine.runScriptAsRawText(ScriptEngine.java:119)
	at com.kms.katalon.core.main.TestCaseExecutor.runScript(TestCaseExecutor.java:445)
	at com.kms.katalon.core.main.TestCaseExecutor.doExecute(TestCaseExecutor.java:436)
	at com.kms.katalon.core.main.TestCaseExecutor.processExecutionPhase(TestCaseExecutor.java:415)
	at com.kms.katalon.core.main.TestCaseExecutor.accessMainPhase(TestCaseExecutor.java:407)
	at com.kms.katalon.core.main.TestCaseExecutor.execute(TestCaseExecutor.java:284)
	at com.kms.katalon.core.common.CommonExecutor.accessTestCaseMainPhase(CommonExecutor.java:65)
	at com.kms.katalon.core.main.TestSuiteExecutor.accessTestSuiteMainPhase(TestSuiteExecutor.java:144)
	at com.kms.katalon.core.main.TestSuiteExecutor.execute(TestSuiteExecutor.java:106)
	at com.kms.katalon.core.main.TestCaseMain.startTestSuite(TestCaseMain.java:185)
	at com.kms.katalon.core.main.TestCaseMain$startTestSuite$0.call(Unknown Source)
	at TempTestSuite1655885093224.run(TempTestSuite1655885093224.groovy:36)
)
	at com.kms.katalon.core.keyword.internal.KeywordMain.stepFailed(KeywordMain.groovy:39)
	at com.kms.katalon.core.mobile.keyword.internal.MobileKeywordMain.stepFailed(MobileKeywordMain.groovy:40)
	at com.kms.katalon.core.mobile.keyword.internal.MobileKeywordMain.runKeywordAndReturnInt(MobileKeywordMain.groovy:32)
	at com.kms.katalon.core.mobile.keyword.builtin.GetDeviceHeightKeyword.getDeviceHeight(GetDeviceHeightKeyword.groovy:68)
	at com.kms.katalon.core.mobile.keyword.builtin.GetDeviceHeightKeyword.execute(GetDeviceHeightKeyword.groovy:63)
	at com.kms.katalon.core.keyword.internal.KeywordExecutor.executeKeywordForPlatform(KeywordExecutor.groovy:74)
	at com.kms.katalon.core.mobile.keyword.MobileBuiltInKeywords.getDeviceHeight(MobileBuiltInKeywords.groovy:2110)
	at com.kms.katalon.core.mobile.keyword.MobileBuiltInKeywords$getDeviceHeight$0.call(Unknown Source)
	at duitNow_businessRegNumberTransaction.run(duitNow_businessRegNumberTransaction:32)
	at com.kms.katalon.core.main.ScriptEngine.run(ScriptEngine.java:194)
	at com.kms.katalon.core.main.ScriptEngine.runScriptAsRawText(ScriptEngine.java:119)
	at com.kms.katalon.core.main.TestCaseExecutor.runScript(TestCaseExecutor.java:445)
	at com.kms.katalon.core.main.TestCaseExecutor.doExecute(TestCaseExecutor.java:436)
	at com.kms.katalon.core.main.TestCaseExecutor.processExecutionPhase(TestCaseExecutor.java:415)
	at com.kms.katalon.core.main.TestCaseExecutor.accessMainPhase(TestCaseExecutor.java:407)
	at com.kms.katalon.core.main.TestCaseExecutor.execute(TestCaseExecutor.java:284)
	at com.kms.katalon.core.common.CommonExecutor.accessTestCaseMainPhase(CommonExecutor.java:65)
	at com.kms.katalon.core.main.TestSuiteExecutor.accessTestSuiteMainPhase(TestSuiteExecutor.java:144)
	at com.kms.katalon.core.main.TestSuiteExecutor.execute(TestSuiteExecutor.java:106)
	at com.kms.katalon.core.main.TestCaseMain.startTestSuite(TestCaseMain.java:185)
	at com.kms.katalon.core.main.TestCaseMain$startTestSuite$0.call(Unknown Source)
	at TempTestSuite1655885093224.run(TempTestSuite1655885093224.groovy:36)
Caused by: org.openqa.selenium.WebDriverException: An unknown server-side error occurred while processing the command. Original error: 'GET /window/current/size' cannot be proxied to UiAutomator2 server because the instrumentation process is not running (probably crashed). Check the server log and/or the logcat output for more details
Build info: version: '3.141.59', revision: 'e82be7d358', time: '2018-11-14T08:25:53'
System info: host: '00139272s-MacBook-Pro.local', ip: '2001:e68:6167:d901:5dd8:2a3:885f:7e34%en0', os.name: 'Mac OS X', os.arch: 'x86_64', os.version: '10.16', java.version: '1.8.0_275'
Driver info: com.kms.katalon.core.appium.driver.SwipeableAndroidDriver
Capabilities {app: /Users/a00139272/Katalon St..., appActivity: com.maybank2u.life.MainActi..., appPackage: com.maybank2u.life.sit, appWaitActivity: *, autoGrantPermissions: true, automationName: uiautomator2, chromedriverPort: 52878, databaseEnabled: false, desired: {app: /Users/a00139272/Katalon St..., appActivity: com.maybank2u.life.MainActi..., appPackage: com.maybank2u.life.sit, appWaitActivity: *, autoGrantPermissions: true, automationName: uiautomator2, chromedriverPort: 52878, deviceId: 002b9cc60508, deviceName: Xiaomi 21061119AG (Android 11), fullReset: false, newCommandTimeout: 1800, noReset: true, platform: ANDROID, platformName: android, platformVersion: 11, systemPort: 52876, udid: 002b9cc60508}, deviceApiLevel: 30, deviceId: 002b9cc60508, deviceManufacturer: Xiaomi, deviceModel: 21061119AG, deviceName: 002b9cc60508, deviceScreenDensity: 440, deviceScreenSize: 1080x2400, deviceUDID: 002b9cc60508, fullReset: false, javascriptEnabled: true, locationContextEnabled: false, networkConnectionEnabled: true, newCommandTimeout: 1800, noReset: true, pixelRatio: 2.75, platform: ANDROID, platformName: Android, platformVersion: 11, statBarHeight: 103, systemPort: 52876, takesScreenshot: true, udid: 002b9cc60508, viewportRect: {height: 2064, left: 0, top: 103, width: 1080}, warnings: {}, webStorageEnabled: false}
Session ID: 07e0a906-f567-4646-abfd-84c6cc800d18
	at org.openqa.selenium.remote.http.W3CHttpResponseCodec.createException(W3CHttpResponseCodec.java:187)
	at org.openqa.selenium.remote.http.W3CHttpResponseCodec.decode(W3CHttpResponseCodec.java:122)
	at org.openqa.selenium.remote.http.W3CHttpResponseCodec.decode(W3CHttpResponseCodec.java:49)
	at org.openqa.selenium.remote.HttpCommandExecutor.execute(HttpCommandExecutor.java:158)
	at io.appium.java_client.remote.AppiumCommandExecutor.execute(AppiumCommandExecutor.java:239)
	at org.openqa.selenium.remote.RemoteWebDriver.execute(RemoteWebDriver.java:552)
	at io.appium.java_client.DefaultGenericMobileDriver.execute(DefaultGenericMobileDriver.java:46)
	at io.appium.java_client.AppiumDriver.execute(AppiumDriver.java:1)
	at io.appium.java_client.android.AndroidDriver.execute(AndroidDriver.java:1)
	at com.kms.katalon.core.appium.driver.SwipeableAndroidDriver.execute(SwipeableAndroidDriver.java:1)
	at org.openqa.selenium.remote.RemoteWebDriver$RemoteWebDriverOptions$RemoteWindow.getSize(RemoteWebDriver.java:813)
	at com.kms.katalon.core.mobile.keyword.builtin.GetDeviceHeightKeyword$_getDeviceHeight_closure1.doCall(GetDeviceHeightKeyword.groovy:73)
	at com.kms.katalon.core.mobile.keyword.builtin.GetDeviceHeightKeyword$_getDeviceHeight_closure1.call(GetDeviceHeightKeyword.groovy)
	at com.kms.katalon.core.mobile.keyword.internal.MobileKeywordMain.runKeywordAndReturnInt(MobileKeywordMain.groovy:30)
	... 19 more


2022-06-22 16:47:36 - [TEST_STEP][PASSED] - delay(5): Delayed 5 second(s)

2022-06-22 16:47:41 - [MESSAGE][PASSED] - Delayed 5 second(s)

2022-06-22 16:47:41 - [TEST_STEP][FAILED] - device_Height = getDeviceHeight(): Unable to get the physical height value of the device (Root cause: org.openqa.selenium.WebDriverException: An unknown server-side error occurred while processing the command. Original error: 'GET /window/current/size' cannot be proxied to UiAutomator2 server because the instrumentation process is not running (probably crashed). Check the server log and/or the logcat output for more details
Build info: version: '3.141.59', revision: 'e82be7d358', time: '2018-11-14T08:25:53'
System info: host: '00139272s-MacBook-Pro.local', ip: '2001:e68:6167:d901:5dd8:2a3:885f:7e34%en0', os.name: 'Mac OS X', os.arch: 'x86_64', os.version: '10.16', java.version: '1.8.0_275'
Driver info: com.kms.katalon.core.appium.driver.SwipeableAndroidDriver
Capabilities {app: /Users/a00139272/Katalon St..., appActivity: com.maybank2u.life.MainActi..., appPackage: com.maybank2u.life.sit, appWaitActivity: *, autoGrantPermissions: true, automationName: uiautomator2, chromedriverPort: 52878, databaseEnabled: false, desired: {app: /Users/a00139272/Katalon St..., appActivity: com.maybank2u.life.MainActi..., appPackage: com.maybank2u.life.sit, appWaitActivity: *, autoGrantPermissions: true, automationName: uiautomator2, chromedriverPort: 52878, deviceId: 002b9cc60508, deviceName: Xiaomi 21061119AG (Android 11), fullReset: false, newCommandTimeout: 1800, noReset: true, platform: ANDROID, platformName: android, platformVersion: 11, systemPort: 52876, udid: 002b9cc60508}, deviceApiLevel: 30, deviceId: 002b9cc60508, deviceManufacturer: Xiaomi, deviceModel: 21061119AG, deviceName: 002b9cc60508, deviceScreenDensity: 440, deviceScreenSize: 1080x2400, deviceUDID: 002b9cc60508, fullReset: false, javascriptEnabled: true, locationContextEnabled: false, networkConnectionEnabled: true, newCommandTimeout: 1800, noReset: true, pixelRatio: 2.75, platform: ANDROID, platformName: Android, platformVersion: 11, statBarHeight: 103, systemPort: 52876, takesScreenshot: true, udid: 002b9cc60508, viewportRect: {height: 2064, left: 0, top: 103, width: 1080}, warnings: {}, webStorageEnabled: false}
Session ID: 07e0a906-f567-4646-abfd-84c6cc800d18
	at org.openqa.selenium.remote.http.W3CHttpResponseCodec.createException(W3CHttpResponseCodec.java:187)
	at org.openqa.selenium.remote.http.W3CHttpResponseCodec.decode(W3CHttpResponseCodec.java:122)
	at org.openqa.selenium.remote.http.W3CHttpResponseCodec.decode(W3CHttpResponseCodec.java:49)
	at org.openqa.selenium.remote.HttpCommandExecutor.execute(HttpCommandExecutor.java:158)
	at io.appium.java_client.remote.AppiumCommandExecutor.execute(AppiumCommandExecutor.java:239)
	at org.openqa.selenium.remote.RemoteWebDriver.execute(RemoteWebDriver.java:552)
	at io.appium.java_client.DefaultGenericMobileDriver.execute(DefaultGenericMobileDriver.java:46)
	at io.appium.java_client.AppiumDriver.execute(AppiumDriver.java:1)
	at io.appium.java_client.android.AndroidDriver.execute(AndroidDriver.java:1)
	at com.kms.katalon.core.appium.driver.SwipeableAndroidDriver.execute(SwipeableAndroidDriver.java:1)
	at org.openqa.selenium.remote.RemoteWebDriver$RemoteWebDriverOptions$RemoteWindow.getSize(RemoteWebDriver.java:813)
	at com.kms.katalon.core.mobile.keyword.builtin.GetDeviceHeightKeyword$_getDeviceHeight_closure1.doCall(GetDeviceHeightKeyword.groovy:73)
	at com.kms.katalon.core.mobile.keyword.builtin.GetDeviceHeightKeyword$_getDeviceHeight_closure1.call(GetDeviceHeightKeyword.groovy)
	at com.kms.katalon.core.mobile.keyword.internal.MobileKeywordMain.runKeywordAndReturnInt(MobileKeywordMain.groovy:30)
	at com.kms.katalon.core.mobile.keyword.builtin.GetDeviceHeightKeyword.getDeviceHeight(GetDeviceHeightKeyword.groovy:68)
	at com.kms.katalon.core.mobile.keyword.builtin.GetDeviceHeightKeyword.execute(GetDeviceHeightKeyword.groovy:63)
	at com.kms.katalon.core.keyword.internal.KeywordExecutor.executeKeywordForPlatform(KeywordExecutor.groovy:74)
	at com.kms.katalon.core.mobile.keyword.MobileBuiltInKeywords.getDeviceHeight(MobileBuiltInKeywords.groovy:2110)
	at com.kms.katalon.core.mobile.keyword.MobileBuiltInKeywords$getDeviceHeight$0.call(Unknown Source)
	at duitNow_businessRegNumberTransaction.run(duitNow_businessRegNumberTransaction:32)
	at com.kms.katalon.core.main.ScriptEngine.run(ScriptEngine.java:194)
	at com.kms.katalon.core.main.ScriptEngine.runScriptAsRawText(ScriptEngine.java:119)
	at com.kms.katalon.core.main.TestCaseExecutor.runScript(TestCaseExecutor.java:445)
	at com.kms.katalon.core.main.TestCaseExecutor.doExecute(TestCaseExecutor.java:436)
	at com.kms.katalon.core.main.TestCaseExecutor.processExecutionPhase(TestCaseExecutor.java:415)
	at com.kms.katalon.core.main.TestCaseExecutor.accessMainPhase(TestCaseExecutor.java:407)
	at com.kms.katalon.core.main.TestCaseExecutor.execute(TestCaseExecutor.java:284)
	at com.kms.katalon.core.common.CommonExecutor.accessTestCaseMainPhase(CommonExecutor.java:65)
	at com.kms.katalon.core.main.TestSuiteExecutor.accessTestSuiteMainPhase(TestSuiteExecutor.java:144)
	at com.kms.katalon.core.main.TestSuiteExecutor.execute(TestSuiteExecutor.java:106)
	at com.kms.katalon.core.main.TestCaseMain.startTestSuite(TestCaseMain.java:185)
	at com.kms.katalon.core.main.TestCaseMain$startTestSuite$0.call(Unknown Source)
	at TempTestSuite1655885093224.run(TempTestSuite1655885093224.groovy:36)
)

2022-06-22 16:47:41 - [MESSAGE][FAILED] - Unable to get the physical height value of the device (Root cause: org.openqa.selenium.WebDriverException: An unknown server-side error occurred while processing the command. Original error: 'GET /window/current/size' cannot be proxied to UiAutomator2 server because the instrumentation process is not running (probably crashed). Check the server log and/or the logcat output for more details
Build info: version: '3.141.59', revision: 'e82be7d358', time: '2018-11-14T08:25:53'
System info: host: '00139272s-MacBook-Pro.local', ip: '2001:e68:6167:d901:5dd8:2a3:885f:7e34%en0', os.name: 'Mac OS X', os.arch: 'x86_64', os.version: '10.16', java.version: '1.8.0_275'
Driver info: com.kms.katalon.core.appium.driver.SwipeableAndroidDriver
Capabilities {app: /Users/a00139272/Katalon St..., appActivity: com.maybank2u.life.MainActi..., appPackage: com.maybank2u.life.sit, appWaitActivity: *, autoGrantPermissions: true, automationName: uiautomator2, chromedriverPort: 52878, databaseEnabled: false, desired: {app: /Users/a00139272/Katalon St..., appActivity: com.maybank2u.life.MainActi..., appPackage: com.maybank2u.life.sit, appWaitActivity: *, autoGrantPermissions: true, automationName: uiautomator2, chromedriverPort: 52878, deviceId: 002b9cc60508, deviceName: Xiaomi 21061119AG (Android 11), fullReset: false, newCommandTimeout: 1800, noReset: true, platform: ANDROID, platformName: android, platformVersion: 11, systemPort: 52876, udid: 002b9cc60508}, deviceApiLevel: 30, deviceId: 002b9cc60508, deviceManufacturer: Xiaomi, deviceModel: 21061119AG, deviceName: 002b9cc60508, deviceScreenDensity: 440, deviceScreenSize: 1080x2400, deviceUDID: 002b9cc60508, fullReset: false, javascriptEnabled: true, locationContextEnabled: false, networkConnectionEnabled: true, newCommandTimeout: 1800, noReset: true, pixelRatio: 2.75, platform: ANDROID, platformName: Android, platformVersion: 11, statBarHeight: 103, systemPort: 52876, takesScreenshot: true, udid: 002b9cc60508, viewportRect: {height: 2064, left: 0, top: 103, width: 1080}, warnings: {}, webStorageEnabled: false}
Session ID: 07e0a906-f567-4646-abfd-84c6cc800d18
	at org.openqa.selenium.remote.http.W3CHttpResponseCodec.createException(W3CHttpResponseCodec.java:187)
	at org.openqa.selenium.remote.http.W3CHttpResponseCodec.decode(W3CHttpResponseCodec.java:122)
	at org.openqa.selenium.remote.http.W3CHttpResponseCodec.decode(W3CHttpResponseCodec.java:49)
	at org.openqa.selenium.remote.HttpCommandExecutor.execute(HttpCommandExecutor.java:158)
	at io.appium.java_client.remote.AppiumCommandExecutor.execute(AppiumCommandExecutor.java:239)
	at org.openqa.selenium.remote.RemoteWebDriver.execute(RemoteWebDriver.java:552)
	at io.appium.java_client.DefaultGenericMobileDriver.execute(DefaultGenericMobileDriver.java:46)
	at io.appium.java_client.AppiumDriver.execute(AppiumDriver.java:1)
	at io.appium.java_client.android.AndroidDriver.execute(AndroidDriver.java:1)
	at com.kms.katalon.core.appium.driver.SwipeableAndroidDriver.execute(SwipeableAndroidDriver.java:1)
	at org.openqa.selenium.remote.RemoteWebDriver$RemoteWebDriverOptions$RemoteWindow.getSize(RemoteWebDriver.java:813)
	at com.kms.katalon.core.mobile.keyword.builtin.GetDeviceHeightKeyword$_getDeviceHeight_closure1.doCall(GetDeviceHeightKeyword.groovy:73)
	at com.kms.katalon.core.mobile.keyword.builtin.GetDeviceHeightKeyword$_getDeviceHeight_closure1.call(GetDeviceHeightKeyword.groovy)
	at com.kms.katalon.core.mobile.keyword.internal.MobileKeywordMain.runKeywordAndReturnInt(MobileKeywordMain.groovy:30)
	at com.kms.katalon.core.mobile.keyword.builtin.GetDeviceHeightKeyword.getDeviceHeight(GetDeviceHeightKeyword.groovy:68)
	at com.kms.katalon.core.mobile.keyword.builtin.GetDeviceHeightKeyword.execute(GetDeviceHeightKeyword.groovy:63)
	at com.kms.katalon.core.keyword.internal.KeywordExecutor.executeKeywordForPlatform(KeywordExecutor.groovy:74)
	at com.kms.katalon.core.mobile.keyword.MobileBuiltInKeywords.getDeviceHeight(MobileBuiltInKeywords.groovy:2110)
	at com.kms.katalon.core.mobile.keyword.MobileBuiltInKeywords$getDeviceHeight$0.call(Unknown Source)
	at duitNow_businessRegNumberTransaction.run(duitNow_businessRegNumberTransaction:32)
	at com.kms.katalon.core.main.ScriptEngine.run(ScriptEngine.java:194)
	at com.kms.katalon.core.main.ScriptEngine.runScriptAsRawText(ScriptEngine.java:119)
	at com.kms.katalon.core.main.TestCaseExecutor.runScript(TestCaseExecutor.java:445)
	at com.kms.katalon.core.main.TestCaseExecutor.doExecute(TestCaseExecutor.java:436)
	at com.kms.katalon.core.main.TestCaseExecutor.processExecutionPhase(TestCaseExecutor.java:415)
	at com.kms.katalon.core.main.TestCaseExecutor.accessMainPhase(TestCaseExecutor.java:407)
	at com.kms.katalon.core.main.TestCaseExecutor.execute(TestCaseExecutor.java:284)
	at com.kms.katalon.core.common.CommonExecutor.accessTestCaseMainPhase(CommonExecutor.java:65)
	at com.kms.katalon.core.main.TestSuiteExecutor.accessTestSuiteMainPhase(TestSuiteExecutor.java:144)
	at com.kms.katalon.core.main.TestSuiteExecutor.execute(TestSuiteExecutor.java:106)
	at com.kms.katalon.core.main.TestCaseMain.startTestSuite(TestCaseMain.java:185)
	at com.kms.katalon.core.main.TestCaseMain$startTestSuite$0.call(Unknown Source)
	at TempTestSuite1655885093224.run(TempTestSuite1655885093224.groovy:36)
)

2022-06-22 16:47:41 - [TEST_STEP][FAILED] - device_Width = getDeviceWidth(): Unable to get the physical width value of the device (Root cause: org.openqa.selenium.WebDriverException: An unknown server-side error occurred while processing the command. Original error: 'GET /window/current/size' cannot be proxied to UiAutomator2 server because the instrumentation process is not running (probably crashed). Check the server log and/or the logcat output for more details
Build info: version: '3.141.59', revision: 'e82be7d358', time: '2018-11-14T08:25:53'
System info: host: '00139272s-MacBook-Pro.local', ip: '2001:e68:6167:d901:5dd8:2a3:885f:7e34%en0', os.name: 'Mac OS X', os.arch: 'x86_64', os.version: '10.16', java.version: '1.8.0_275'
Driver info: com.kms.katalon.core.appium.driver.SwipeableAndroidDriver
Capabilities {app: /Users/a00139272/Katalon St..., appActivity: com.maybank2u.life.MainActi..., appPackage: com.maybank2u.life.sit, appWaitActivity: *, autoGrantPermissions: true, automationName: uiautomator2, chromedriverPort: 52878, databaseEnabled: false, desired: {app: /Users/a00139272/Katalon St..., appActivity: com.maybank2u.life.MainActi..., appPackage: com.maybank2u.life.sit, appWaitActivity: *, autoGrantPermissions: true, automationName: uiautomator2, chromedriverPort: 52878, deviceId: 002b9cc60508, deviceName: Xiaomi 21061119AG (Android 11), fullReset: false, newCommandTimeout: 1800, noReset: true, platform: ANDROID, platformName: android, platformVersion: 11, systemPort: 52876, udid: 002b9cc60508}, deviceApiLevel: 30, deviceId: 002b9cc60508, deviceManufacturer: Xiaomi, deviceModel: 21061119AG, deviceName: 002b9cc60508, deviceScreenDensity: 440, deviceScreenSize: 1080x2400, deviceUDID: 002b9cc60508, fullReset: false, javascriptEnabled: true, locationContextEnabled: false, networkConnectionEnabled: true, newCommandTimeout: 1800, noReset: true, pixelRatio: 2.75, platform: ANDROID, platformName: Android, platformVersion: 11, statBarHeight: 103, systemPort: 52876, takesScreenshot: true, udid: 002b9cc60508, viewportRect: {height: 2064, left: 0, top: 103, width: 1080}, warnings: {}, webStorageEnabled: false}
Session ID: 07e0a906-f567-4646-abfd-84c6cc800d18
	at org.openqa.selenium.remote.http.W3CHttpResponseCodec.createException(W3CHttpResponseCodec.java:187)
	at org.openqa.selenium.remote.http.W3CHttpResponseCodec.decode(W3CHttpResponseCodec.java:122)
	at org.openqa.selenium.remote.http.W3CHttpResponseCodec.decode(W3CHttpResponseCodec.java:49)
	at org.openqa.selenium.remote.HttpCommandExecutor.execute(HttpCommandExecutor.java:158)
	at io.appium.java_client.remote.AppiumCommandExecutor.execute(AppiumCommandExecutor.java:239)
	at org.openqa.selenium.remote.RemoteWebDriver.execute(RemoteWebDriver.java:552)
	at io.appium.java_client.DefaultGenericMobileDriver.execute(DefaultGenericMobileDriver.java:46)
	at io.appium.java_client.AppiumDriver.execute(AppiumDriver.java:1)
	at io.appium.java_client.android.AndroidDriver.execute(AndroidDriver.java:1)
	at com.kms.katalon.core.appium.driver.SwipeableAndroidDriver.execute(SwipeableAndroidDriver.java:1)
	at org.openqa.selenium.remote.RemoteWebDriver$RemoteWebDriverOptions$RemoteWindow.getSize(RemoteWebDriver.java:813)
	at com.kms.katalon.core.mobile.keyword.builtin.GetDeviceWidthKeyword$_getDeviceWidth_closure1.doCall(GetDeviceWidthKeyword.groovy:72)
	at com.kms.katalon.core.mobile.keyword.builtin.GetDeviceWidthKeyword$_getDeviceWidth_closure1.call(GetDeviceWidthKeyword.groovy)
	at com.kms.katalon.core.mobile.keyword.internal.MobileKeywordMain.runKeywordAndReturnInt(MobileKeywordMain.groovy:30)
	at com.kms.katalon.core.mobile.keyword.builtin.GetDeviceWidthKeyword.getDeviceWidth(GetDeviceWidthKeyword.groovy:67)
	at com.kms.katalon.core.mobile.keyword.builtin.GetDeviceWidthKeyword.execute(GetDeviceWidthKeyword.groovy:62)
	at com.kms.katalon.core.keyword.internal.KeywordExecutor.executeKeywordForPlatform(KeywordExecutor.groovy:74)
	at com.kms.katalon.core.mobile.keyword.MobileBuiltInKeywords.getDeviceWidth(MobileBuiltInKeywords.groovy:2087)
	at com.kms.katalon.core.mobile.keyword.MobileBuiltInKeywords$getDeviceWidth$1.call(Unknown Source)
	at duitNow_businessRegNumberTransaction.run(duitNow_businessRegNumberTransaction:34)
	at com.kms.katalon.core.main.ScriptEngine.run(ScriptEngine.java:194)
	at com.kms.katalon.core.main.ScriptEngine.runScriptAsRawText(ScriptEngine.java:119)
	at com.kms.katalon.core.main.TestCaseExecutor.runScript(TestCaseExecutor.java:445)
	at com.kms.katalon.core.main.TestCaseExecutor.doExecute(TestCaseExecutor.java:436)
	at com.kms.katalon.core.main.TestCaseExecutor.processExecutionPhase(TestCaseExecutor.java:415)
	at com.kms.katalon.core.main.TestCaseExecutor.accessMainPhase(TestCaseExecutor.java:407)
	at com.kms.katalon.core.main.TestCaseExecutor.execute(TestCaseExecutor.java:284)
	at com.kms.katalon.core.common.CommonExecutor.accessTestCaseMainPhase(CommonExecutor.java:65)
	at com.kms.katalon.core.main.TestSuiteExecutor.accessTestSuiteMainPhase(TestSuiteExecutor.java:144)
	at com.kms.katalon.core.main.TestSuiteExecutor.execute(TestSuiteExecutor.java:106)
	at com.kms.katalon.core.main.TestCaseMain.startTestSuite(TestCaseMain.java:185)
	at com.kms.katalon.core.main.TestCaseMain$startTestSuite$0.call(Unknown Source)
	at TempTestSuite1655885093224.run(TempTestSuite1655885093224.groovy:36)
)

2022-06-22 16:47:42 - [MESSAGE][FAILED] - Unable to get the physical width value of the device (Root cause: org.openqa.selenium.WebDriverException: An unknown server-side error occurred while processing the command. Original error: 'GET /window/current/size' cannot be proxied to UiAutomator2 server because the instrumentation process is not running (probably crashed). Check the server log and/or the logcat output for more details
Build info: version: '3.141.59', revision: 'e82be7d358', time: '2018-11-14T08:25:53'
System info: host: '00139272s-MacBook-Pro.local', ip: '2001:e68:6167:d901:5dd8:2a3:885f:7e34%en0', os.name: 'Mac OS X', os.arch: 'x86_64', os.version: '10.16', java.version: '1.8.0_275'
Driver info: com.kms.katalon.core.appium.driver.SwipeableAndroidDriver
Capabilities {app: /Users/a00139272/Katalon St..., appActivity: com.maybank2u.life.MainActi..., appPackage: com.maybank2u.life.sit, appWaitActivity: *, autoGrantPermissions: true, automationName: uiautomator2, chromedriverPort: 52878, databaseEnabled: false, desired: {app: /Users/a00139272/Katalon St..., appActivity: com.maybank2u.life.MainActi..., appPackage: com.maybank2u.life.sit, appWaitActivity: *, autoGrantPermissions: true, automationName: uiautomator2, chromedriverPort: 52878, deviceId: 002b9cc60508, deviceName: Xiaomi 21061119AG (Android 11), fullReset: false, newCommandTimeout: 1800, noReset: true, platform: ANDROID, platformName: android, platformVersion: 11, systemPort: 52876, udid: 002b9cc60508}, deviceApiLevel: 30, deviceId: 002b9cc60508, deviceManufacturer: Xiaomi, deviceModel: 21061119AG, deviceName: 002b9cc60508, deviceScreenDensity: 440, deviceScreenSize: 1080x2400, deviceUDID: 002b9cc60508, fullReset: false, javascriptEnabled: true, locationContextEnabled: false, networkConnectionEnabled: true, newCommandTimeout: 1800, noReset: true, pixelRatio: 2.75, platform: ANDROID, platformName: Android, platformVersion: 11, statBarHeight: 103, systemPort: 52876, takesScreenshot: true, udid: 002b9cc60508, viewportRect: {height: 2064, left: 0, top: 103, width: 1080}, warnings: {}, webStorageEnabled: false}
Session ID: 07e0a906-f567-4646-abfd-84c6cc800d18
	at org.openqa.selenium.remote.http.W3CHttpResponseCodec.createException(W3CHttpResponseCodec.java:187)
	at org.openqa.selenium.remote.http.W3CHttpResponseCodec.decode(W3CHttpResponseCodec.java:122)
	at org.openqa.selenium.remote.http.W3CHttpResponseCodec.decode(W3CHttpResponseCodec.java:49)
	at org.openqa.selenium.remote.HttpCommandExecutor.execute(HttpCommandExecutor.java:158)
	at io.appium.java_client.remote.AppiumCommandExecutor.execute(AppiumCommandExecutor.java:239)
	at org.openqa.selenium.remote.RemoteWebDriver.execute(RemoteWebDriver.java:552)
	at io.appium.java_client.DefaultGenericMobileDriver.execute(DefaultGenericMobileDriver.java:46)
	at io.appium.java_client.AppiumDriver.execute(AppiumDriver.java:1)
	at io.appium.java_client.android.AndroidDriver.execute(AndroidDriver.java:1)
	at com.kms.katalon.core.appium.driver.SwipeableAndroidDriver.execute(SwipeableAndroidDriver.java:1)
	at org.openqa.selenium.remote.RemoteWebDriver$RemoteWebDriverOptions$RemoteWindow.getSize(RemoteWebDriver.java:813)
	at com.kms.katalon.core.mobile.keyword.builtin.GetDeviceWidthKeyword$_getDeviceWidth_closure1.doCall(GetDeviceWidthKeyword.groovy:72)
	at com.kms.katalon.core.mobile.keyword.builtin.GetDeviceWidthKeyword$_getDeviceWidth_closure1.call(GetDeviceWidthKeyword.groovy)
	at com.kms.katalon.core.mobile.keyword.internal.MobileKeywordMain.runKeywordAndReturnInt(MobileKeywordMain.groovy:30)
	at com.kms.katalon.core.mobile.keyword.builtin.GetDeviceWidthKeyword.getDeviceWidth(GetDeviceWidthKeyword.groovy:67)
	at com.kms.katalon.core.mobile.keyword.builtin.GetDeviceWidthKeyword.execute(GetDeviceWidthKeyword.groovy:62)
	at com.kms.katalon.core.keyword.internal.KeywordExecutor.executeKeywordForPlatform(KeywordExecutor.groovy:74)
	at com.kms.katalon.core.mobile.keyword.MobileBuiltInKeywords.getDeviceWidth(MobileBuiltInKeywords.groovy:2087)
	at com.kms.katalon.core.mobile.keyword.MobileBuiltInKeywords$getDeviceWidth$1.call(Unknown Source)
	at duitNow_businessRegNumberTransaction.run(duitNow_businessRegNumberTransaction:34)
	at com.kms.katalon.core.main.ScriptEngine.run(ScriptEngine.java:194)
	at com.kms.katalon.core.main.ScriptEngine.runScriptAsRawText(ScriptEngine.java:119)
	at com.kms.katalon.core.main.TestCaseExecutor.runScript(TestCaseExecutor.java:445)
	at com.kms.katalon.core.main.TestCaseExecutor.doExecute(TestCaseExecutor.java:436)
	at com.kms.katalon.core.main.TestCaseExecutor.processExecutionPhase(TestCaseExecutor.java:415)
	at com.kms.katalon.core.main.TestCaseExecutor.accessMainPhase(TestCaseExecutor.java:407)
	at com.kms.katalon.core.main.TestCaseExecutor.execute(TestCaseExecutor.java:284)
	at com.kms.katalon.core.common.CommonExecutor.accessTestCaseMainPhase(CommonExecutor.java:65)
	at com.kms.katalon.core.main.TestSuiteExecutor.accessTestSuiteMainPhase(TestSuiteExecutor.java:144)
	at com.kms.katalon.core.main.TestSuiteExecutor.execute(TestSuiteExecutor.java:106)
	at com.kms.katalon.core.main.TestCaseMain.startTestSuite(TestCaseMain.java:185)
	at com.kms.katalon.core.main.TestCaseMain$startTestSuite$0.call(Unknown Source)
	at TempTestSuite1655885093224.run(TempTestSuite1655885093224.groovy:36)
)

2022-06-22 16:47:42 - [TEST_STEP][PASSED] - startX = device_Width / 3: null

2022-06-22 16:47:42 - [TEST_STEP][PASSED] - startY = device_Height * 0.97: null

2022-06-22 16:47:42 - [TEST_STEP][PASSED] - delay(3): Delayed 3 second(s)

2022-06-22 16:47:45 - [MESSAGE][PASSED] - Delayed 3 second(s)

2022-06-22 16:47:45 - [TEST_STEP][FAILED] - verifyElementVisible(findTestObject("Banking/m2uAccountTransferIconSelect"), 10): Failed to check for element 'Object Repository/Banking/m2uAccountTransferIconSelect' visible (Root cause: org.openqa.selenium.WebDriverException: An unknown server-side error occurred while processing the command. Original error: 'GET /window/current/size' cannot be proxied to UiAutomator2 server because the instrumentation process is not running (probably crashed). Check the server log and/or the logcat output for more details
Build info: version: '3.141.59', revision: 'e82be7d358', time: '2018-11-14T08:25:53'
System info: host: '00139272s-MacBook-Pro.local', ip: '2001:e68:6167:d901:5dd8:2a3:885f:7e34%en0', os.name: 'Mac OS X', os.arch: 'x86_64', os.version: '10.16', java.version: '1.8.0_275'
Driver info: com.kms.katalon.core.appium.driver.SwipeableAndroidDriver
Capabilities {app: /Users/a00139272/Katalon St..., appActivity: com.maybank2u.life.MainActi..., appPackage: com.maybank2u.life.sit, appWaitActivity: *, autoGrantPermissions: true, automationName: uiautomator2, chromedriverPort: 52878, databaseEnabled: false, desired: {app: /Users/a00139272/Katalon St..., appActivity: com.maybank2u.life.MainActi..., appPackage: com.maybank2u.life.sit, appWaitActivity: *, autoGrantPermissions: true, automationName: uiautomator2, chromedriverPort: 52878, deviceId: 002b9cc60508, deviceName: Xiaomi 21061119AG (Android 11), fullReset: false, newCommandTimeout: 1800, noReset: true, platform: ANDROID, platformName: android, platformVersion: 11, systemPort: 52876, udid: 002b9cc60508}, deviceApiLevel: 30, deviceId: 002b9cc60508, deviceManufacturer: Xiaomi, deviceModel: 21061119AG, deviceName: 002b9cc60508, deviceScreenDensity: 440, deviceScreenSize: 1080x2400, deviceUDID: 002b9cc60508, fullReset: false, javascriptEnabled: true, locationContextEnabled: false, networkConnectionEnabled: true, newCommandTimeout: 1800, noReset: true, pixelRatio: 2.75, platform: ANDROID, platformName: Android, platformVersion: 11, statBarHeight: 103, systemPort: 52876, takesScreenshot: true, udid: 002b9cc60508, viewportRect: {height: 2064, left: 0, top: 103, width: 1080}, warnings: {}, webStorageEnabled: false}
Session ID: 07e0a906-f567-4646-abfd-84c6cc800d18
	at org.openqa.selenium.remote.http.W3CHttpResponseCodec.createException(W3CHttpResponseCodec.java:187)
	at org.openqa.selenium.remote.http.W3CHttpResponseCodec.decode(W3CHttpResponseCodec.java:122)
	at org.openqa.selenium.remote.http.W3CHttpResponseCodec.decode(W3CHttpResponseCodec.java:49)
	at org.openqa.selenium.remote.HttpCommandExecutor.execute(HttpCommandExecutor.java:158)
	at io.appium.java_client.remote.AppiumCommandExecutor.execute(AppiumCommandExecutor.java:239)
	at org.openqa.selenium.remote.RemoteWebDriver.execute(RemoteWebDriver.java:552)
	at io.appium.java_client.DefaultGenericMobileDriver.execute(DefaultGenericMobileDriver.java:46)
	at io.appium.java_client.AppiumDriver.execute(AppiumDriver.java:1)
	at io.appium.java_client.android.AndroidDriver.execute(AndroidDriver.java:1)
	at com.kms.katalon.core.appium.driver.SwipeableAndroidDriver.execute(SwipeableAndroidDriver.java:1)
	at org.openqa.selenium.remote.RemoteWebDriver$RemoteWebDriverOptions$RemoteWindow.getSize(RemoteWebDriver.java:813)
	at org.openqa.selenium.WebDriver$Window$getSize.call(Unknown Source)
	at com.kms.katalon.core.mobile.keyword.internal.MobileAbstractKeyword.findElement(MobileAbstractKeyword.groovy:81)
	at com.kms.katalon.core.mobile.keyword.builtin.VerifyElementVisibleKeyword.access$1(VerifyElementVisibleKeyword.groovy)
	at com.kms.katalon.core.mobile.keyword.builtin.VerifyElementVisibleKeyword$_verifyElementVisible_closure1.doCall(VerifyElementVisibleKeyword.groovy:72)
	at com.kms.katalon.core.mobile.keyword.builtin.VerifyElementVisibleKeyword$_verifyElementVisible_closure1.call(VerifyElementVisibleKeyword.groovy)
	at com.kms.katalon.core.mobile.keyword.internal.MobileKeywordMain.runKeyword(MobileKeywordMain.groovy:21)
	at com.kms.katalon.core.mobile.keyword.builtin.VerifyElementVisibleKeyword.verifyElementVisible(VerifyElementVisibleKeyword.groovy:85)
	at com.kms.katalon.core.mobile.keyword.builtin.VerifyElementVisibleKeyword.execute(VerifyElementVisibleKeyword.groovy:64)
	at com.kms.katalon.core.keyword.internal.KeywordExecutor.executeKeywordForPlatform(KeywordExecutor.groovy:74)
	at com.kms.katalon.core.mobile.keyword.MobileBuiltInKeywords.verifyElementVisible(MobileBuiltInKeywords.groovy:2031)
	at com.kms.katalon.core.mobile.keyword.MobileBuiltInKeywords$verifyElementVisible$5.call(Unknown Source)
	at duitNow_businessRegNumberTransaction.run(duitNow_businessRegNumberTransaction:64)
	at com.kms.katalon.core.main.ScriptEngine.run(ScriptEngine.java:194)
	at com.kms.katalon.core.main.ScriptEngine.runScriptAsRawText(ScriptEngine.java:119)
	at com.kms.katalon.core.main.TestCaseExecutor.runScript(TestCaseExecutor.java:445)
	at com.kms.katalon.core.main.TestCaseExecutor.doExecute(TestCaseExecutor.java:436)
	at com.kms.katalon.core.main.TestCaseExecutor.processExecutionPhase(TestCaseExecutor.java:415)
	at com.kms.katalon.core.main.TestCaseExecutor.accessMainPhase(TestCaseExecutor.java:407)
	at com.kms.katalon.core.main.TestCaseExecutor.execute(TestCaseExecutor.java:284)
	at com.kms.katalon.core.common.CommonExecutor.accessTestCaseMainPhase(CommonExecutor.java:65)
	at com.kms.katalon.core.main.TestSuiteExecutor.accessTestSuiteMainPhase(TestSuiteExecutor.java:144)
	at com.kms.katalon.core.main.TestSuiteExecutor.execute(TestSuiteExecutor.java:106)
	at com.kms.katalon.core.main.TestCaseMain.startTestSuite(TestCaseMain.java:185)
	at com.kms.katalon.core.main.TestCaseMain$startTestSuite$0.call(Unknown Source)
	at TempTestSuite1655885093224.run(TempTestSuite1655885093224.groovy:36)
)

2022-06-22 16:47:45 - [MESSAGE][FAILED] - Failed to check for element 'Object Repository/Banking/m2uAccountTransferIconSelect' visible (Root cause: org.openqa.selenium.WebDriverException: An unknown server-side error occurred while processing the command. Original error: 'GET /window/current/size' cannot be proxied to UiAutomator2 server because the instrumentation process is not running (probably crashed). Check the server log and/or the logcat output for more details
Build info: version: '3.141.59', revision: 'e82be7d358', time: '2018-11-14T08:25:53'
System info: host: '00139272s-MacBook-Pro.local', ip: '2001:e68:6167:d901:5dd8:2a3:885f:7e34%en0', os.name: 'Mac OS X', os.arch: 'x86_64', os.version: '10.16', java.version: '1.8.0_275'
Driver info: com.kms.katalon.core.appium.driver.SwipeableAndroidDriver
Capabilities {app: /Users/a00139272/Katalon St..., appActivity: com.maybank2u.life.MainActi..., appPackage: com.maybank2u.life.sit, appWaitActivity: *, autoGrantPermissions: true, automationName: uiautomator2, chromedriverPort: 52878, databaseEnabled: false, desired: {app: /Users/a00139272/Katalon St..., appActivity: com.maybank2u.life.MainActi..., appPackage: com.maybank2u.life.sit, appWaitActivity: *, autoGrantPermissions: true, automationName: uiautomator2, chromedriverPort: 52878, deviceId: 002b9cc60508, deviceName: Xiaomi 21061119AG (Android 11), fullReset: false, newCommandTimeout: 1800, noReset: true, platform: ANDROID, platformName: android, platformVersion: 11, systemPort: 52876, udid: 002b9cc60508}, deviceApiLevel: 30, deviceId: 002b9cc60508, deviceManufacturer: Xiaomi, deviceModel: 21061119AG, deviceName: 002b9cc60508, deviceScreenDensity: 440, deviceScreenSize: 1080x2400, deviceUDID: 002b9cc60508, fullReset: false, javascriptEnabled: true, locationContextEnabled: false, networkConnectionEnabled: true, newCommandTimeout: 1800, noReset: true, pixelRatio: 2.75, platform: ANDROID, platformName: Android, platformVersion: 11, statBarHeight: 103, systemPort: 52876, takesScreenshot: true, udid: 002b9cc60508, viewportRect: {height: 2064, left: 0, top: 103, width: 1080}, warnings: {}, webStorageEnabled: false}
Session ID: 07e0a906-f567-4646-abfd-84c6cc800d18
	at org.openqa.selenium.remote.http.W3CHttpResponseCodec.createException(W3CHttpResponseCodec.java:187)
	at org.openqa.selenium.remote.http.W3CHttpResponseCodec.decode(W3CHttpResponseCodec.java:122)
	at org.openqa.selenium.remote.http.W3CHttpResponseCodec.decode(W3CHttpResponseCodec.java:49)
	at org.openqa.selenium.remote.HttpCommandExecutor.execute(HttpCommandExecutor.java:158)
	at io.appium.java_client.remote.AppiumCommandExecutor.execute(AppiumCommandExecutor.java:239)
	at org.openqa.selenium.remote.RemoteWebDriver.execute(RemoteWebDriver.java:552)
	at io.appium.java_client.DefaultGenericMobileDriver.execute(DefaultGenericMobileDriver.java:46)
	at io.appium.java_client.AppiumDriver.execute(AppiumDriver.java:1)
	at io.appium.java_client.android.AndroidDriver.execute(AndroidDriver.java:1)
	at com.kms.katalon.core.appium.driver.SwipeableAndroidDriver.execute(SwipeableAndroidDriver.java:1)
	at org.openqa.selenium.remote.RemoteWebDriver$RemoteWebDriverOptions$RemoteWindow.getSize(RemoteWebDriver.java:813)
	at org.openqa.selenium.WebDriver$Window$getSize.call(Unknown Source)
	at com.kms.katalon.core.mobile.keyword.internal.MobileAbstractKeyword.findElement(MobileAbstractKeyword.groovy:81)
	at com.kms.katalon.core.mobile.keyword.builtin.VerifyElementVisibleKeyword.access$1(VerifyElementVisibleKeyword.groovy)
	at com.kms.katalon.core.mobile.keyword.builtin.VerifyElementVisibleKeyword$_verifyElementVisible_closure1.doCall(VerifyElementVisibleKeyword.groovy:72)
	at com.kms.katalon.core.mobile.keyword.builtin.VerifyElementVisibleKeyword$_verifyElementVisible_closure1.call(VerifyElementVisibleKeyword.groovy)
	at com.kms.katalon.core.mobile.keyword.internal.MobileKeywordMain.runKeyword(MobileKeywordMain.groovy:21)
	at com.kms.katalon.core.mobile.keyword.builtin.VerifyElementVisibleKeyword.verifyElementVisible(VerifyElementVisibleKeyword.groovy:85)
	at com.kms.katalon.core.mobile.keyword.builtin.VerifyElementVisibleKeyword.execute(VerifyElementVisibleKeyword.groovy:64)
	at com.kms.katalon.core.keyword.internal.KeywordExecutor.executeKeywordForPlatform(KeywordExecutor.groovy:74)
	at com.kms.katalon.core.mobile.keyword.MobileBuiltInKeywords.verifyElementVisible(MobileBuiltInKeywords.groovy:2031)
	at com.kms.katalon.core.mobile.keyword.MobileBuiltInKeywords$verifyElementVisible$5.call(Unknown Source)
	at duitNow_businessRegNumberTransaction.run(duitNow_businessRegNumberTransaction:64)
	at com.kms.katalon.core.main.ScriptEngine.run(ScriptEngine.java:194)
	at com.kms.katalon.core.main.ScriptEngine.runScriptAsRawText(ScriptEngine.java:119)
	at com.kms.katalon.core.main.TestCaseExecutor.runScript(TestCaseExecutor.java:445)
	at com.kms.katalon.core.main.TestCaseExecutor.doExecute(TestCaseExecutor.java:436)
	at com.kms.katalon.core.main.TestCaseExecutor.processExecutionPhase(TestCaseExecutor.java:415)
	at com.kms.katalon.core.main.TestCaseExecutor.accessMainPhase(TestCaseExecutor.java:407)
	at com.kms.katalon.core.main.TestCaseExecutor.execute(TestCaseExecutor.java:284)
	at com.kms.katalon.core.common.CommonExecutor.accessTestCaseMainPhase(CommonExecutor.java:65)
	at com.kms.katalon.core.main.TestSuiteExecutor.accessTestSuiteMainPhase(TestSuiteExecutor.java:144)
	at com.kms.katalon.core.main.TestSuiteExecutor.execute(TestSuiteExecutor.java:106)
	at com.kms.katalon.core.main.TestCaseMain.startTestSuite(TestCaseMain.java:185)
	at com.kms.katalon.core.main.TestCaseMain$startTestSuite$0.call(Unknown Source)
	at TempTestSuite1655885093224.run(TempTestSuite1655885093224.groovy:36)
)

2022-06-22 16:47:45 - [TEST_STEP][FAILED] - tap(findTestObject("Banking/m2uAccountTransferIconSelect"), 0): Failed to tap on element 'Object Repository/Banking/m2uAccountTransferIconSelect' (Root cause: org.openqa.selenium.WebDriverException: An unknown server-side error occurred while processing the command. Original error: 'GET /window/current/size' cannot be proxied to UiAutomator2 server because the instrumentation process is not running (probably crashed). Check the server log and/or the logcat output for more details
Build info: version: '3.141.59', revision: 'e82be7d358', time: '2018-11-14T08:25:53'
System info: host: '00139272s-MacBook-Pro.local', ip: '2001:e68:6167:d901:5dd8:2a3:885f:7e34%en0', os.name: 'Mac OS X', os.arch: 'x86_64', os.version: '10.16', java.version: '1.8.0_275'
Driver info: com.kms.katalon.core.appium.driver.SwipeableAndroidDriver
Capabilities {app: /Users/a00139272/Katalon St..., appActivity: com.maybank2u.life.MainActi..., appPackage: com.maybank2u.life.sit, appWaitActivity: *, autoGrantPermissions: true, automationName: uiautomator2, chromedriverPort: 52878, databaseEnabled: false, desired: {app: /Users/a00139272/Katalon St..., appActivity: com.maybank2u.life.MainActi..., appPackage: com.maybank2u.life.sit, appWaitActivity: *, autoGrantPermissions: true, automationName: uiautomator2, chromedriverPort: 52878, deviceId: 002b9cc60508, deviceName: Xiaomi 21061119AG (Android 11), fullReset: false, newCommandTimeout: 1800, noReset: true, platform: ANDROID, platformName: android, platformVersion: 11, systemPort: 52876, udid: 002b9cc60508}, deviceApiLevel: 30, deviceId: 002b9cc60508, deviceManufacturer: Xiaomi, deviceModel: 21061119AG, deviceName: 002b9cc60508, deviceScreenDensity: 440, deviceScreenSize: 1080x2400, deviceUDID: 002b9cc60508, fullReset: false, javascriptEnabled: true, locationContextEnabled: false, networkConnectionEnabled: true, newCommandTimeout: 1800, noReset: true, pixelRatio: 2.75, platform: ANDROID, platformName: Android, platformVersion: 11, statBarHeight: 103, systemPort: 52876, takesScreenshot: true, udid: 002b9cc60508, viewportRect: {height: 2064, left: 0, top: 103, width: 1080}, warnings: {}, webStorageEnabled: false}
Session ID: 07e0a906-f567-4646-abfd-84c6cc800d18
	at org.openqa.selenium.remote.http.W3CHttpResponseCodec.createException(W3CHttpResponseCodec.java:187)
	at org.openqa.selenium.remote.http.W3CHttpResponseCodec.decode(W3CHttpResponseCodec.java:122)
	at org.openqa.selenium.remote.http.W3CHttpResponseCodec.decode(W3CHttpResponseCodec.java:49)
	at org.openqa.selenium.remote.HttpCommandExecutor.execute(HttpCommandExecutor.java:158)
	at io.appium.java_client.remote.AppiumCommandExecutor.execute(AppiumCommandExecutor.java:239)
	at org.openqa.selenium.remote.RemoteWebDriver.execute(RemoteWebDriver.java:552)
	at io.appium.java_client.DefaultGenericMobileDriver.execute(DefaultGenericMobileDriver.java:46)
	at io.appium.java_client.AppiumDriver.execute(AppiumDriver.java:1)
	at io.appium.java_client.android.AndroidDriver.execute(AndroidDriver.java:1)
	at com.kms.katalon.core.appium.driver.SwipeableAndroidDriver.execute(SwipeableAndroidDriver.java:1)
	at org.openqa.selenium.remote.RemoteWebDriver$RemoteWebDriverOptions$RemoteWindow.getSize(RemoteWebDriver.java:813)
	at org.openqa.selenium.WebDriver$Window$getSize.call(Unknown Source)
	at com.kms.katalon.core.mobile.keyword.internal.MobileAbstractKeyword.findElement(MobileAbstractKeyword.groovy:81)
	at com.kms.katalon.core.mobile.keyword.builtin.TapKeyword.access$1(TapKeyword.groovy)
	at com.kms.katalon.core.mobile.keyword.builtin.TapKeyword$_tap_closure1.doCall(TapKeyword.groovy:76)
	at com.kms.katalon.core.mobile.keyword.builtin.TapKeyword$_tap_closure1.call(TapKeyword.groovy)
	at com.kms.katalon.core.mobile.keyword.internal.MobileKeywordMain.runKeyword(MobileKeywordMain.groovy:21)
	at com.kms.katalon.core.mobile.keyword.builtin.TapKeyword.tap(TapKeyword.groovy:84)
	at com.kms.katalon.core.mobile.keyword.builtin.TapKeyword.execute(TapKeyword.groovy:68)
	at com.kms.katalon.core.keyword.internal.KeywordExecutor.executeKeywordForPlatform(KeywordExecutor.groovy:74)
	at com.kms.katalon.core.mobile.keyword.MobileBuiltInKeywords.tap(MobileBuiltInKeywords.groovy:1490)
	at com.kms.katalon.core.mobile.keyword.MobileBuiltInKeywords$tap$4.call(Unknown Source)
	at duitNow_businessRegNumberTransaction.run(duitNow_businessRegNumberTransaction:66)
	at com.kms.katalon.core.main.ScriptEngine.run(ScriptEngine.java:194)
	at com.kms.katalon.core.main.ScriptEngine.runScriptAsRawText(ScriptEngine.java:119)
	at com.kms.katalon.core.main.TestCaseExecutor.runScript(TestCaseExecutor.java:445)
	at com.kms.katalon.core.main.TestCaseExecutor.doExecute(TestCaseExecutor.java:436)
	at com.kms.katalon.core.main.TestCaseExecutor.processExecutionPhase(TestCaseExecutor.java:415)
	at com.kms.katalon.core.main.TestCaseExecutor.accessMainPhase(TestCaseExecutor.java:407)
	at com.kms.katalon.core.main.TestCaseExecutor.execute(TestCaseExecutor.java:284)
	at com.kms.katalon.core.common.CommonExecutor.accessTestCaseMainPhase(CommonExecutor.java:65)
	at com.kms.katalon.core.main.TestSuiteExecutor.accessTestSuiteMainPhase(TestSuiteExecutor.java:144)
	at com.kms.katalon.core.main.TestSuiteExecutor.execute(TestSuiteExecutor.java:106)
	at com.kms.katalon.core.main.TestCaseMain.startTestSuite(TestCaseMain.java:185)
	at com.kms.katalon.core.main.TestCaseMain$startTestSuite$0.call(Unknown Source)
	at TempTestSuite1655885093224.run(TempTestSuite1655885093224.groovy:36)
)

2022-06-22 16:47:45 - [MESSAGE][WARNING] - Timeout '0' is invalid. Using default page load timeout: '40'

2022-06-22 16:47:45 - [MESSAGE][FAILED] - Failed to tap on element 'Object Repository/Banking/m2uAccountTransferIconSelect' (Root cause: org.openqa.selenium.WebDriverException: An unknown server-side error occurred while processing the command. Original error: 'GET /window/current/size' cannot be proxied to UiAutomator2 server because the instrumentation process is not running (probably crashed). Check the server log and/or the logcat output for more details
Build info: version: '3.141.59', revision: 'e82be7d358', time: '2018-11-14T08:25:53'
System info: host: '00139272s-MacBook-Pro.local', ip: '2001:e68:6167:d901:5dd8:2a3:885f:7e34%en0', os.name: 'Mac OS X', os.arch: 'x86_64', os.version: '10.16', java.version: '1.8.0_275'
Driver info: com.kms.katalon.core.appium.driver.SwipeableAndroidDriver
Capabilities {app: /Users/a00139272/Katalon St..., appActivity: com.maybank2u.life.MainActi..., appPackage: com.maybank2u.life.sit, appWaitActivity: *, autoGrantPermissions: true, automationName: uiautomator2, chromedriverPort: 52878, databaseEnabled: false, desired: {app: /Users/a00139272/Katalon St..., appActivity: com.maybank2u.life.MainActi..., appPackage: com.maybank2u.life.sit, appWaitActivity: *, autoGrantPermissions: true, automationName: uiautomator2, chromedriverPort: 52878, deviceId: 002b9cc60508, deviceName: Xiaomi 21061119AG (Android 11), fullReset: false, newCommandTimeout: 1800, noReset: true, platform: ANDROID, platformName: android, platformVersion: 11, systemPort: 52876, udid: 002b9cc60508}, deviceApiLevel: 30, deviceId: 002b9cc60508, deviceManufacturer: Xiaomi, deviceModel: 21061119AG, deviceName: 002b9cc60508, deviceScreenDensity: 440, deviceScreenSize: 1080x2400, deviceUDID: 002b9cc60508, fullReset: false, javascriptEnabled: true, locationContextEnabled: false, networkConnectionEnabled: true, newCommandTimeout: 1800, noReset: true, pixelRatio: 2.75, platform: ANDROID, platformName: Android, platformVersion: 11, statBarHeight: 103, systemPort: 52876, takesScreenshot: true, udid: 002b9cc60508, viewportRect: {height: 2064, left: 0, top: 103, width: 1080}, warnings: {}, webStorageEnabled: false}
Session ID: 07e0a906-f567-4646-abfd-84c6cc800d18
	at org.openqa.selenium.remote.http.W3CHttpResponseCodec.createException(W3CHttpResponseCodec.java:187)
	at org.openqa.selenium.remote.http.W3CHttpResponseCodec.decode(W3CHttpResponseCodec.java:122)
	at org.openqa.selenium.remote.http.W3CHttpResponseCodec.decode(W3CHttpResponseCodec.java:49)
	at org.openqa.selenium.remote.HttpCommandExecutor.execute(HttpCommandExecutor.java:158)
	at io.appium.java_client.remote.AppiumCommandExecutor.execute(AppiumCommandExecutor.java:239)
	at org.openqa.selenium.remote.RemoteWebDriver.execute(RemoteWebDriver.java:552)
	at io.appium.java_client.DefaultGenericMobileDriver.execute(DefaultGenericMobileDriver.java:46)
	at io.appium.java_client.AppiumDriver.execute(AppiumDriver.java:1)
	at io.appium.java_client.android.AndroidDriver.execute(AndroidDriver.java:1)
	at com.kms.katalon.core.appium.driver.SwipeableAndroidDriver.execute(SwipeableAndroidDriver.java:1)
	at org.openqa.selenium.remote.RemoteWebDriver$RemoteWebDriverOptions$RemoteWindow.getSize(RemoteWebDriver.java:813)
	at org.openqa.selenium.WebDriver$Window$getSize.call(Unknown Source)
	at com.kms.katalon.core.mobile.keyword.internal.MobileAbstractKeyword.findElement(MobileAbstractKeyword.groovy:81)
	at com.kms.katalon.core.mobile.keyword.builtin.TapKeyword.access$1(TapKeyword.groovy)
	at com.kms.katalon.core.mobile.keyword.builtin.TapKeyword$_tap_closure1.doCall(TapKeyword.groovy:76)
	at com.kms.katalon.core.mobile.keyword.builtin.TapKeyword$_tap_closure1.call(TapKeyword.groovy)
	at com.kms.katalon.core.mobile.keyword.internal.MobileKeywordMain.runKeyword(MobileKeywordMain.groovy:21)
	at com.kms.katalon.core.mobile.keyword.builtin.TapKeyword.tap(TapKeyword.groovy:84)
	at com.kms.katalon.core.mobile.keyword.builtin.TapKeyword.execute(TapKeyword.groovy:68)
	at com.kms.katalon.core.keyword.internal.KeywordExecutor.executeKeywordForPlatform(KeywordExecutor.groovy:74)
	at com.kms.katalon.core.mobile.keyword.MobileBuiltInKeywords.tap(MobileBuiltInKeywords.groovy:1490)
	at com.kms.katalon.core.mobile.keyword.MobileBuiltInKeywords$tap$4.call(Unknown Source)
	at duitNow_businessRegNumberTransaction.run(duitNow_businessRegNumberTransaction:66)
	at com.kms.katalon.core.main.ScriptEngine.run(ScriptEngine.java:194)
	at com.kms.katalon.core.main.ScriptEngine.runScriptAsRawText(ScriptEngine.java:119)
	at com.kms.katalon.core.main.TestCaseExecutor.runScript(TestCaseExecutor.java:445)
	at com.kms.katalon.core.main.TestCaseExecutor.doExecute(TestCaseExecutor.java:436)
	at com.kms.katalon.core.main.TestCaseExecutor.processExecutionPhase(TestCaseExecutor.java:415)
	at com.kms.katalon.core.main.TestCaseExecutor.accessMainPhase(TestCaseExecutor.java:407)
	at com.kms.katalon.core.main.TestCaseExecutor.execute(TestCaseExecutor.java:284)
	at com.kms.katalon.core.common.CommonExecutor.accessTestCaseMainPhase(CommonExecutor.java:65)
	at com.kms.katalon.core.main.TestSuiteExecutor.accessTestSuiteMainPhase(TestSuiteExecutor.java:144)
	at com.kms.katalon.core.main.TestSuiteExecutor.execute(TestSuiteExecutor.java:106)
	at com.kms.katalon.core.main.TestCaseMain.startTestSuite(TestCaseMain.java:185)
	at com.kms.katalon.core.main.TestCaseMain$startTestSuite$0.call(Unknown Source)
	at TempTestSuite1655885093224.run(TempTestSuite1655885093224.groovy:36)
)

2022-06-22 16:47:45 - [TEST_STEP][FAILED] - verifyElementVisible(findTestObject("Banking/transferDuitNowTopMenuSelect"), 5): Failed to check for element 'Object Repository/Banking/transferDuitNowTopMenuSelect' visible (Root cause: org.openqa.selenium.WebDriverException: An unknown server-side error occurred while processing the command. Original error: 'GET /window/current/size' cannot be proxied to UiAutomator2 server because the instrumentation process is not running (probably crashed). Check the server log and/or the logcat output for more details
Build info: version: '3.141.59', revision: 'e82be7d358', time: '2018-11-14T08:25:53'
System info: host: '00139272s-MacBook-Pro.local', ip: '2001:e68:6167:d901:5dd8:2a3:885f:7e34%en0', os.name: 'Mac OS X', os.arch: 'x86_64', os.version: '10.16', java.version: '1.8.0_275'
Driver info: com.kms.katalon.core.appium.driver.SwipeableAndroidDriver
Capabilities {app: /Users/a00139272/Katalon St..., appActivity: com.maybank2u.life.MainActi..., appPackage: com.maybank2u.life.sit, appWaitActivity: *, autoGrantPermissions: true, automationName: uiautomator2, chromedriverPort: 52878, databaseEnabled: false, desired: {app: /Users/a00139272/Katalon St..., appActivity: com.maybank2u.life.MainActi..., appPackage: com.maybank2u.life.sit, appWaitActivity: *, autoGrantPermissions: true, automationName: uiautomator2, chromedriverPort: 52878, deviceId: 002b9cc60508, deviceName: Xiaomi 21061119AG (Android 11), fullReset: false, newCommandTimeout: 1800, noReset: true, platform: ANDROID, platformName: android, platformVersion: 11, systemPort: 52876, udid: 002b9cc60508}, deviceApiLevel: 30, deviceId: 002b9cc60508, deviceManufacturer: Xiaomi, deviceModel: 21061119AG, deviceName: 002b9cc60508, deviceScreenDensity: 440, deviceScreenSize: 1080x2400, deviceUDID: 002b9cc60508, fullReset: false, javascriptEnabled: true, locationContextEnabled: false, networkConnectionEnabled: true, newCommandTimeout: 1800, noReset: true, pixelRatio: 2.75, platform: ANDROID, platformName: Android, platformVersion: 11, statBarHeight: 103, systemPort: 52876, takesScreenshot: true, udid: 002b9cc60508, viewportRect: {height: 2064, left: 0, top: 103, width: 1080}, warnings: {}, webStorageEnabled: false}
Session ID: 07e0a906-f567-4646-abfd-84c6cc800d18
	at org.openqa.selenium.remote.http.W3CHttpResponseCodec.createException(W3CHttpResponseCodec.java:187)
	at org.openqa.selenium.remote.http.W3CHttpResponseCodec.decode(W3CHttpResponseCodec.java:122)
	at org.openqa.selenium.remote.http.W3CHttpResponseCodec.decode(W3CHttpResponseCodec.java:49)
	at org.openqa.selenium.remote.HttpCommandExecutor.execute(HttpCommandExecutor.java:158)
	at io.appium.java_client.remote.AppiumCommandExecutor.execute(AppiumCommandExecutor.java:239)
	at org.openqa.selenium.remote.RemoteWebDriver.execute(RemoteWebDriver.java:552)
	at io.appium.java_client.DefaultGenericMobileDriver.execute(DefaultGenericMobileDriver.java:46)
	at io.appium.java_client.AppiumDriver.execute(AppiumDriver.java:1)
	at io.appium.java_client.android.AndroidDriver.execute(AndroidDriver.java:1)
	at com.kms.katalon.core.appium.driver.SwipeableAndroidDriver.execute(SwipeableAndroidDriver.java:1)
	at org.openqa.selenium.remote.RemoteWebDriver$RemoteWebDriverOptions$RemoteWindow.getSize(RemoteWebDriver.java:813)
	at org.openqa.selenium.WebDriver$Window$getSize.call(Unknown Source)
	at com.kms.katalon.core.mobile.keyword.internal.MobileAbstractKeyword.findElement(MobileAbstractKeyword.groovy:81)
	at com.kms.katalon.core.mobile.keyword.builtin.VerifyElementVisibleKeyword.access$1(VerifyElementVisibleKeyword.groovy)
	at com.kms.katalon.core.mobile.keyword.builtin.VerifyElementVisibleKeyword$_verifyElementVisible_closure1.doCall(VerifyElementVisibleKeyword.groovy:72)
	at com.kms.katalon.core.mobile.keyword.builtin.VerifyElementVisibleKeyword$_verifyElementVisible_closure1.call(VerifyElementVisibleKeyword.groovy)
	at com.kms.katalon.core.mobile.keyword.internal.MobileKeywordMain.runKeyword(MobileKeywordMain.groovy:21)
	at com.kms.katalon.core.mobile.keyword.builtin.VerifyElementVisibleKeyword.verifyElementVisible(VerifyElementVisibleKeyword.groovy:85)
	at com.kms.katalon.core.mobile.keyword.builtin.VerifyElementVisibleKeyword.execute(VerifyElementVisibleKeyword.groovy:64)
	at com.kms.katalon.core.keyword.internal.KeywordExecutor.executeKeywordForPlatform(KeywordExecutor.groovy:74)
	at com.kms.katalon.core.mobile.keyword.MobileBuiltInKeywords.verifyElementVisible(MobileBuiltInKeywords.groovy:2031)
	at com.kms.katalon.core.mobile.keyword.MobileBuiltInKeywords$verifyElementVisible$5.call(Unknown Source)
	at duitNow_businessRegNumberTransaction.run(duitNow_businessRegNumberTransaction:76)
	at com.kms.katalon.core.main.ScriptEngine.run(ScriptEngine.java:194)
	at com.kms.katalon.core.main.ScriptEngine.runScriptAsRawText(ScriptEngine.java:119)
	at com.kms.katalon.core.main.TestCaseExecutor.runScript(TestCaseExecutor.java:445)
	at com.kms.katalon.core.main.TestCaseExecutor.doExecute(TestCaseExecutor.java:436)
	at com.kms.katalon.core.main.TestCaseExecutor.processExecutionPhase(TestCaseExecutor.java:415)
	at com.kms.katalon.core.main.TestCaseExecutor.accessMainPhase(TestCaseExecutor.java:407)
	at com.kms.katalon.core.main.TestCaseExecutor.execute(TestCaseExecutor.java:284)
	at com.kms.katalon.core.common.CommonExecutor.accessTestCaseMainPhase(CommonExecutor.java:65)
	at com.kms.katalon.core.main.TestSuiteExecutor.accessTestSuiteMainPhase(TestSuiteExecutor.java:144)
	at com.kms.katalon.core.main.TestSuiteExecutor.execute(TestSuiteExecutor.java:106)
	at com.kms.katalon.core.main.TestCaseMain.startTestSuite(TestCaseMain.java:185)
	at com.kms.katalon.core.main.TestCaseMain$startTestSuite$0.call(Unknown Source)
	at TempTestSuite1655885093224.run(TempTestSuite1655885093224.groovy:36)
)

2022-06-22 16:47:45 - [MESSAGE][FAILED] - Failed to check for element 'Object Repository/Banking/transferDuitNowTopMenuSelect' visible (Root cause: org.openqa.selenium.WebDriverException: An unknown server-side error occurred while processing the command. Original error: 'GET /window/current/size' cannot be proxied to UiAutomator2 server because the instrumentation process is not running (probably crashed). Check the server log and/or the logcat output for more details
Build info: version: '3.141.59', revision: 'e82be7d358', time: '2018-11-14T08:25:53'
System info: host: '00139272s-MacBook-Pro.local', ip: '2001:e68:6167:d901:5dd8:2a3:885f:7e34%en0', os.name: 'Mac OS X', os.arch: 'x86_64', os.version: '10.16', java.version: '1.8.0_275'
Driver info: com.kms.katalon.core.appium.driver.SwipeableAndroidDriver
Capabilities {app: /Users/a00139272/Katalon St..., appActivity: com.maybank2u.life.MainActi..., appPackage: com.maybank2u.life.sit, appWaitActivity: *, autoGrantPermissions: true, automationName: uiautomator2, chromedriverPort: 52878, databaseEnabled: false, desired: {app: /Users/a00139272/Katalon St..., appActivity: com.maybank2u.life.MainActi..., appPackage: com.maybank2u.life.sit, appWaitActivity: *, autoGrantPermissions: true, automationName: uiautomator2, chromedriverPort: 52878, deviceId: 002b9cc60508, deviceName: Xiaomi 21061119AG (Android 11), fullReset: false, newCommandTimeout: 1800, noReset: true, platform: ANDROID, platformName: android, platformVersion: 11, systemPort: 52876, udid: 002b9cc60508}, deviceApiLevel: 30, deviceId: 002b9cc60508, deviceManufacturer: Xiaomi, deviceModel: 21061119AG, deviceName: 002b9cc60508, deviceScreenDensity: 440, deviceScreenSize: 1080x2400, deviceUDID: 002b9cc60508, fullReset: false, javascriptEnabled: true, locationContextEnabled: false, networkConnectionEnabled: true, newCommandTimeout: 1800, noReset: true, pixelRatio: 2.75, platform: ANDROID, platformName: Android, platformVersion: 11, statBarHeight: 103, systemPort: 52876, takesScreenshot: true, udid: 002b9cc60508, viewportRect: {height: 2064, left: 0, top: 103, width: 1080}, warnings: {}, webStorageEnabled: false}
Session ID: 07e0a906-f567-4646-abfd-84c6cc800d18
	at org.openqa.selenium.remote.http.W3CHttpResponseCodec.createException(W3CHttpResponseCodec.java:187)
	at org.openqa.selenium.remote.http.W3CHttpResponseCodec.decode(W3CHttpResponseCodec.java:122)
	at org.openqa.selenium.remote.http.W3CHttpResponseCodec.decode(W3CHttpResponseCodec.java:49)
	at org.openqa.selenium.remote.HttpCommandExecutor.execute(HttpCommandExecutor.java:158)
	at io.appium.java_client.remote.AppiumCommandExecutor.execute(AppiumCommandExecutor.java:239)
	at org.openqa.selenium.remote.RemoteWebDriver.execute(RemoteWebDriver.java:552)
	at io.appium.java_client.DefaultGenericMobileDriver.execute(DefaultGenericMobileDriver.java:46)
	at io.appium.java_client.AppiumDriver.execute(AppiumDriver.java:1)
	at io.appium.java_client.android.AndroidDriver.execute(AndroidDriver.java:1)
	at com.kms.katalon.core.appium.driver.SwipeableAndroidDriver.execute(SwipeableAndroidDriver.java:1)
	at org.openqa.selenium.remote.RemoteWebDriver$RemoteWebDriverOptions$RemoteWindow.getSize(RemoteWebDriver.java:813)
	at org.openqa.selenium.WebDriver$Window$getSize.call(Unknown Source)
	at com.kms.katalon.core.mobile.keyword.internal.MobileAbstractKeyword.findElement(MobileAbstractKeyword.groovy:81)
	at com.kms.katalon.core.mobile.keyword.builtin.VerifyElementVisibleKeyword.access$1(VerifyElementVisibleKeyword.groovy)
	at com.kms.katalon.core.mobile.keyword.builtin.VerifyElementVisibleKeyword$_verifyElementVisible_closure1.doCall(VerifyElementVisibleKeyword.groovy:72)
	at com.kms.katalon.core.mobile.keyword.builtin.VerifyElementVisibleKeyword$_verifyElementVisible_closure1.call(VerifyElementVisibleKeyword.groovy)
	at com.kms.katalon.core.mobile.keyword.internal.MobileKeywordMain.runKeyword(MobileKeywordMain.groovy:21)
	at com.kms.katalon.core.mobile.keyword.builtin.VerifyElementVisibleKeyword.verifyElementVisible(VerifyElementVisibleKeyword.groovy:85)
	at com.kms.katalon.core.mobile.keyword.builtin.VerifyElementVisibleKeyword.execute(VerifyElementVisibleKeyword.groovy:64)
	at com.kms.katalon.core.keyword.internal.KeywordExecutor.executeKeywordForPlatform(KeywordExecutor.groovy:74)
	at com.kms.katalon.core.mobile.keyword.MobileBuiltInKeywords.verifyElementVisible(MobileBuiltInKeywords.groovy:2031)
	at com.kms.katalon.core.mobile.keyword.MobileBuiltInKeywords$verifyElementVisible$5.call(Unknown Source)
	at duitNow_businessRegNumberTransaction.run(duitNow_businessRegNumberTransaction:76)
	at com.kms.katalon.core.main.ScriptEngine.run(ScriptEngine.java:194)
	at com.kms.katalon.core.main.ScriptEngine.runScriptAsRawText(ScriptEngine.java:119)
	at com.kms.katalon.core.main.TestCaseExecutor.runScript(TestCaseExecutor.java:445)
	at com.kms.katalon.core.main.TestCaseExecutor.doExecute(TestCaseExecutor.java:436)
	at com.kms.katalon.core.main.TestCaseExecutor.processExecutionPhase(TestCaseExecutor.java:415)
	at com.kms.katalon.core.main.TestCaseExecutor.accessMainPhase(TestCaseExecutor.java:407)
	at com.kms.katalon.core.main.TestCaseExecutor.execute(TestCaseExecutor.java:284)
	at com.kms.katalon.core.common.CommonExecutor.accessTestCaseMainPhase(CommonExecutor.java:65)
	at com.kms.katalon.core.main.TestSuiteExecutor.accessTestSuiteMainPhase(TestSuiteExecutor.java:144)
	at com.kms.katalon.core.main.TestSuiteExecutor.execute(TestSuiteExecutor.java:106)
	at com.kms.katalon.core.main.TestCaseMain.startTestSuite(TestCaseMain.java:185)
	at com.kms.katalon.core.main.TestCaseMain$startTestSuite$0.call(Unknown Source)
	at TempTestSuite1655885093224.run(TempTestSuite1655885093224.groovy:36)
)

2022-06-22 16:47:45 - [TEST_STEP][FAILED] - tap(findTestObject("Banking/transferDuitNowTopMenuSelect"), 0): Failed to tap on element 'Object Repository/Banking/transferDuitNowTopMenuSelect' (Root cause: org.openqa.selenium.WebDriverException: An unknown server-side error occurred while processing the command. Original error: 'GET /window/current/size' cannot be proxied to UiAutomator2 server because the instrumentation process is not running (probably crashed). Check the server log and/or the logcat output for more details
Build info: version: '3.141.59', revision: 'e82be7d358', time: '2018-11-14T08:25:53'
System info: host: '00139272s-MacBook-Pro.local', ip: '2001:e68:6167:d901:5dd8:2a3:885f:7e34%en0', os.name: 'Mac OS X', os.arch: 'x86_64', os.version: '10.16', java.version: '1.8.0_275'
Driver info: com.kms.katalon.core.appium.driver.SwipeableAndroidDriver
Capabilities {app: /Users/a00139272/Katalon St..., appActivity: com.maybank2u.life.MainActi..., appPackage: com.maybank2u.life.sit, appWaitActivity: *, autoGrantPermissions: true, automationName: uiautomator2, chromedriverPort: 52878, databaseEnabled: false, desired: {app: /Users/a00139272/Katalon St..., appActivity: com.maybank2u.life.MainActi..., appPackage: com.maybank2u.life.sit, appWaitActivity: *, autoGrantPermissions: true, automationName: uiautomator2, chromedriverPort: 52878, deviceId: 002b9cc60508, deviceName: Xiaomi 21061119AG (Android 11), fullReset: false, newCommandTimeout: 1800, noReset: true, platform: ANDROID, platformName: android, platformVersion: 11, systemPort: 52876, udid: 002b9cc60508}, deviceApiLevel: 30, deviceId: 002b9cc60508, deviceManufacturer: Xiaomi, deviceModel: 21061119AG, deviceName: 002b9cc60508, deviceScreenDensity: 440, deviceScreenSize: 1080x2400, deviceUDID: 002b9cc60508, fullReset: false, javascriptEnabled: true, locationContextEnabled: false, networkConnectionEnabled: true, newCommandTimeout: 1800, noReset: true, pixelRatio: 2.75, platform: ANDROID, platformName: Android, platformVersion: 11, statBarHeight: 103, systemPort: 52876, takesScreenshot: true, udid: 002b9cc60508, viewportRect: {height: 2064, left: 0, top: 103, width: 1080}, warnings: {}, webStorageEnabled: false}
Session ID: 07e0a906-f567-4646-abfd-84c6cc800d18
	at org.openqa.selenium.remote.http.W3CHttpResponseCodec.createException(W3CHttpResponseCodec.java:187)
	at org.openqa.selenium.remote.http.W3CHttpResponseCodec.decode(W3CHttpResponseCodec.java:122)
	at org.openqa.selenium.remote.http.W3CHttpResponseCodec.decode(W3CHttpResponseCodec.java:49)
	at org.openqa.selenium.remote.HttpCommandExecutor.execute(HttpCommandExecutor.java:158)
	at io.appium.java_client.remote.AppiumCommandExecutor.execute(AppiumCommandExecutor.java:239)
	at org.openqa.selenium.remote.RemoteWebDriver.execute(RemoteWebDriver.java:552)
	at io.appium.java_client.DefaultGenericMobileDriver.execute(DefaultGenericMobileDriver.java:46)
	at io.appium.java_client.AppiumDriver.execute(AppiumDriver.java:1)
	at io.appium.java_client.android.AndroidDriver.execute(AndroidDriver.java:1)
	at com.kms.katalon.core.appium.driver.SwipeableAndroidDriver.execute(SwipeableAndroidDriver.java:1)
	at org.openqa.selenium.remote.RemoteWebDriver$RemoteWebDriverOptions$RemoteWindow.getSize(RemoteWebDriver.java:813)
	at org.openqa.selenium.WebDriver$Window$getSize.call(Unknown Source)
	at com.kms.katalon.core.mobile.keyword.internal.MobileAbstractKeyword.findElement(MobileAbstractKeyword.groovy:81)
	at com.kms.katalon.core.mobile.keyword.builtin.TapKeyword.access$1(TapKeyword.groovy)
	at com.kms.katalon.core.mobile.keyword.builtin.TapKeyword$_tap_closure1.doCall(TapKeyword.groovy:76)
	at com.kms.katalon.core.mobile.keyword.builtin.TapKeyword$_tap_closure1.call(TapKeyword.groovy)
	at com.kms.katalon.core.mobile.keyword.internal.MobileKeywordMain.runKeyword(MobileKeywordMain.groovy:21)
	at com.kms.katalon.core.mobile.keyword.builtin.TapKeyword.tap(TapKeyword.groovy:84)
	at com.kms.katalon.core.mobile.keyword.builtin.TapKeyword.execute(TapKeyword.groovy:68)
	at com.kms.katalon.core.keyword.internal.KeywordExecutor.executeKeywordForPlatform(KeywordExecutor.groovy:74)
	at com.kms.katalon.core.mobile.keyword.MobileBuiltInKeywords.tap(MobileBuiltInKeywords.groovy:1490)
	at com.kms.katalon.core.mobile.keyword.MobileBuiltInKeywords$tap$4.call(Unknown Source)
	at duitNow_businessRegNumberTransaction.run(duitNow_businessRegNumberTransaction:78)
	at com.kms.katalon.core.main.ScriptEngine.run(ScriptEngine.java:194)
	at com.kms.katalon.core.main.ScriptEngine.runScriptAsRawText(ScriptEngine.java:119)
	at com.kms.katalon.core.main.TestCaseExecutor.runScript(TestCaseExecutor.java:445)
	at com.kms.katalon.core.main.TestCaseExecutor.doExecute(TestCaseExecutor.java:436)
	at com.kms.katalon.core.main.TestCaseExecutor.processExecutionPhase(TestCaseExecutor.java:415)
	at com.kms.katalon.core.main.TestCaseExecutor.accessMainPhase(TestCaseExecutor.java:407)
	at com.kms.katalon.core.main.TestCaseExecutor.execute(TestCaseExecutor.java:284)
	at com.kms.katalon.core.common.CommonExecutor.accessTestCaseMainPhase(CommonExecutor.java:65)
	at com.kms.katalon.core.main.TestSuiteExecutor.accessTestSuiteMainPhase(TestSuiteExecutor.java:144)
	at com.kms.katalon.core.main.TestSuiteExecutor.execute(TestSuiteExecutor.java:106)
	at com.kms.katalon.core.main.TestCaseMain.startTestSuite(TestCaseMain.java:185)
	at com.kms.katalon.core.main.TestCaseMain$startTestSuite$0.call(Unknown Source)
	at TempTestSuite1655885093224.run(TempTestSuite1655885093224.groovy:36)
)

2022-06-22 16:47:45 - [MESSAGE][WARNING] - Timeout '0' is invalid. Using default page load timeout: '40'

2022-06-22 16:47:45 - [MESSAGE][FAILED] - Failed to tap on element 'Object Repository/Banking/transferDuitNowTopMenuSelect' (Root cause: org.openqa.selenium.WebDriverException: An unknown server-side error occurred while processing the command. Original error: 'GET /window/current/size' cannot be proxied to UiAutomator2 server because the instrumentation process is not running (probably crashed). Check the server log and/or the logcat output for more details
Build info: version: '3.141.59', revision: 'e82be7d358', time: '2018-11-14T08:25:53'
System info: host: '00139272s-MacBook-Pro.local', ip: '2001:e68:6167:d901:5dd8:2a3:885f:7e34%en0', os.name: 'Mac OS X', os.arch: 'x86_64', os.version: '10.16', java.version: '1.8.0_275'
Driver info: com.kms.katalon.core.appium.driver.SwipeableAndroidDriver
Capabilities {app: /Users/a00139272/Katalon St..., appActivity: com.maybank2u.life.MainActi..., appPackage: com.maybank2u.life.sit, appWaitActivity: *, autoGrantPermissions: true, automationName: uiautomator2, chromedriverPort: 52878, databaseEnabled: false, desired: {app: /Users/a00139272/Katalon St..., appActivity: com.maybank2u.life.MainActi..., appPackage: com.maybank2u.life.sit, appWaitActivity: *, autoGrantPermissions: true, automationName: uiautomator2, chromedriverPort: 52878, deviceId: 002b9cc60508, deviceName: Xiaomi 21061119AG (Android 11), fullReset: false, newCommandTimeout: 1800, noReset: true, platform: ANDROID, platformName: android, platformVersion: 11, systemPort: 52876, udid: 002b9cc60508}, deviceApiLevel: 30, deviceId: 002b9cc60508, deviceManufacturer: Xiaomi, deviceModel: 21061119AG, deviceName: 002b9cc60508, deviceScreenDensity: 440, deviceScreenSize: 1080x2400, deviceUDID: 002b9cc60508, fullReset: false, javascriptEnabled: true, locationContextEnabled: false, networkConnectionEnabled: true, newCommandTimeout: 1800, noReset: true, pixelRatio: 2.75, platform: ANDROID, platformName: Android, platformVersion: 11, statBarHeight: 103, systemPort: 52876, takesScreenshot: true, udid: 002b9cc60508, viewportRect: {height: 2064, left: 0, top: 103, width: 1080}, warnings: {}, webStorageEnabled: false}
Session ID: 07e0a906-f567-4646-abfd-84c6cc800d18
	at org.openqa.selenium.remote.http.W3CHttpResponseCodec.createException(W3CHttpResponseCodec.java:187)
	at org.openqa.selenium.remote.http.W3CHttpResponseCodec.decode(W3CHttpResponseCodec.java:122)
	at org.openqa.selenium.remote.http.W3CHttpResponseCodec.decode(W3CHttpResponseCodec.java:49)
	at org.openqa.selenium.remote.HttpCommandExecutor.execute(HttpCommandExecutor.java:158)
	at io.appium.java_client.remote.AppiumCommandExecutor.execute(AppiumCommandExecutor.java:239)
	at org.openqa.selenium.remote.RemoteWebDriver.execute(RemoteWebDriver.java:552)
	at io.appium.java_client.DefaultGenericMobileDriver.execute(DefaultGenericMobileDriver.java:46)
	at io.appium.java_client.AppiumDriver.execute(AppiumDriver.java:1)
	at io.appium.java_client.android.AndroidDriver.execute(AndroidDriver.java:1)
	at com.kms.katalon.core.appium.driver.SwipeableAndroidDriver.execute(SwipeableAndroidDriver.java:1)
	at org.openqa.selenium.remote.RemoteWebDriver$RemoteWebDriverOptions$RemoteWindow.getSize(RemoteWebDriver.java:813)
	at org.openqa.selenium.WebDriver$Window$getSize.call(Unknown Source)
	at com.kms.katalon.core.mobile.keyword.internal.MobileAbstractKeyword.findElement(MobileAbstractKeyword.groovy:81)
	at com.kms.katalon.core.mobile.keyword.builtin.TapKeyword.access$1(TapKeyword.groovy)
	at com.kms.katalon.core.mobile.keyword.builtin.TapKeyword$_tap_closure1.doCall(TapKeyword.groovy:76)
	at com.kms.katalon.core.mobile.keyword.builtin.TapKeyword$_tap_closure1.call(TapKeyword.groovy)
	at com.kms.katalon.core.mobile.keyword.internal.MobileKeywordMain.runKeyword(MobileKeywordMain.groovy:21)
	at com.kms.katalon.core.mobile.keyword.builtin.TapKeyword.tap(TapKeyword.groovy:84)
	at com.kms.katalon.core.mobile.keyword.builtin.TapKeyword.execute(TapKeyword.groovy:68)
	at com.kms.katalon.core.keyword.internal.KeywordExecutor.executeKeywordForPlatform(KeywordExecutor.groovy:74)
	at com.kms.katalon.core.mobile.keyword.MobileBuiltInKeywords.tap(MobileBuiltInKeywords.groovy:1490)
	at com.kms.katalon.core.mobile.keyword.MobileBuiltInKeywords$tap$4.call(Unknown Source)
	at duitNow_businessRegNumberTransaction.run(duitNow_businessRegNumberTransaction:78)
	at com.kms.katalon.core.main.ScriptEngine.run(ScriptEngine.java:194)
	at com.kms.katalon.core.main.ScriptEngine.runScriptAsRawText(ScriptEngine.java:119)
	at com.kms.katalon.core.main.TestCaseExecutor.runScript(TestCaseExecutor.java:445)
	at com.kms.katalon.core.main.TestCaseExecutor.doExecute(TestCaseExecutor.java:436)
	at com.kms.katalon.core.main.TestCaseExecutor.processExecutionPhase(TestCaseExecutor.java:415)
	at com.kms.katalon.core.main.TestCaseExecutor.accessMainPhase(TestCaseExecutor.java:407)
	at com.kms.katalon.core.main.TestCaseExecutor.execute(TestCaseExecutor.java:284)
	at com.kms.katalon.core.common.CommonExecutor.accessTestCaseMainPhase(CommonExecutor.java:65)
	at com.kms.katalon.core.main.TestSuiteExecutor.accessTestSuiteMainPhase(TestSuiteExecutor.java:144)
	at com.kms.katalon.core.main.TestSuiteExecutor.execute(TestSuiteExecutor.java:106)
	at com.kms.katalon.core.main.TestCaseMain.startTestSuite(TestCaseMain.java:185)
	at com.kms.katalon.core.main.TestCaseMain$startTestSuite$0.call(Unknown Source)
	at TempTestSuite1655885093224.run(TempTestSuite1655885093224.groovy:36)
)

2022-06-22 16:47:45 - [TEST_STEP][PASSED] - delay(3): Delayed 3 second(s)

2022-06-22 16:47:48 - [MESSAGE][PASSED] - Delayed 3 second(s)

2022-06-22 16:47:48 - [TEST_STEP][FAILED] - tap(findTestObject("Banking/duitNowOtherIconSelect"), 0): Failed to tap on element 'Object Repository/Banking/duitNowOtherIconSelect' (Root cause: org.openqa.selenium.WebDriverException: An unknown server-side error occurred while processing the command. Original error: 'GET /window/current/size' cannot be proxied to UiAutomator2 server because the instrumentation process is not running (probably crashed). Check the server log and/or the logcat output for more details
Build info: version: '3.141.59', revision: 'e82be7d358', time: '2018-11-14T08:25:53'
System info: host: '00139272s-MacBook-Pro.local', ip: '2001:e68:6167:d901:5dd8:2a3:885f:7e34%en0', os.name: 'Mac OS X', os.arch: 'x86_64', os.version: '10.16', java.version: '1.8.0_275'
Driver info: com.kms.katalon.core.appium.driver.SwipeableAndroidDriver
Capabilities {app: /Users/a00139272/Katalon St..., appActivity: com.maybank2u.life.MainActi..., appPackage: com.maybank2u.life.sit, appWaitActivity: *, autoGrantPermissions: true, automationName: uiautomator2, chromedriverPort: 52878, databaseEnabled: false, desired: {app: /Users/a00139272/Katalon St..., appActivity: com.maybank2u.life.MainActi..., appPackage: com.maybank2u.life.sit, appWaitActivity: *, autoGrantPermissions: true, automationName: uiautomator2, chromedriverPort: 52878, deviceId: 002b9cc60508, deviceName: Xiaomi 21061119AG (Android 11), fullReset: false, newCommandTimeout: 1800, noReset: true, platform: ANDROID, platformName: android, platformVersion: 11, systemPort: 52876, udid: 002b9cc60508}, deviceApiLevel: 30, deviceId: 002b9cc60508, deviceManufacturer: Xiaomi, deviceModel: 21061119AG, deviceName: 002b9cc60508, deviceScreenDensity: 440, deviceScreenSize: 1080x2400, deviceUDID: 002b9cc60508, fullReset: false, javascriptEnabled: true, locationContextEnabled: false, networkConnectionEnabled: true, newCommandTimeout: 1800, noReset: true, pixelRatio: 2.75, platform: ANDROID, platformName: Android, platformVersion: 11, statBarHeight: 103, systemPort: 52876, takesScreenshot: true, udid: 002b9cc60508, viewportRect: {height: 2064, left: 0, top: 103, width: 1080}, warnings: {}, webStorageEnabled: false}
Session ID: 07e0a906-f567-4646-abfd-84c6cc800d18
	at org.openqa.selenium.remote.http.W3CHttpResponseCodec.createException(W3CHttpResponseCodec.java:187)
	at org.openqa.selenium.remote.http.W3CHttpResponseCodec.decode(W3CHttpResponseCodec.java:122)
	at org.openqa.selenium.remote.http.W3CHttpResponseCodec.decode(W3CHttpResponseCodec.java:49)
	at org.openqa.selenium.remote.HttpCommandExecutor.execute(HttpCommandExecutor.java:158)
	at io.appium.java_client.remote.AppiumCommandExecutor.execute(AppiumCommandExecutor.java:239)
	at org.openqa.selenium.remote.RemoteWebDriver.execute(RemoteWebDriver.java:552)
	at io.appium.java_client.DefaultGenericMobileDriver.execute(DefaultGenericMobileDriver.java:46)
	at io.appium.java_client.AppiumDriver.execute(AppiumDriver.java:1)
	at io.appium.java_client.android.AndroidDriver.execute(AndroidDriver.java:1)
	at com.kms.katalon.core.appium.driver.SwipeableAndroidDriver.execute(SwipeableAndroidDriver.java:1)
	at org.openqa.selenium.remote.RemoteWebDriver$RemoteWebDriverOptions$RemoteWindow.getSize(RemoteWebDriver.java:813)
	at org.openqa.selenium.WebDriver$Window$getSize.call(Unknown Source)
	at com.kms.katalon.core.mobile.keyword.internal.MobileAbstractKeyword.findElement(MobileAbstractKeyword.groovy:81)
	at com.kms.katalon.core.mobile.keyword.builtin.TapKeyword.access$1(TapKeyword.groovy)
	at com.kms.katalon.core.mobile.keyword.builtin.TapKeyword$_tap_closure1.doCall(TapKeyword.groovy:76)
	at com.kms.katalon.core.mobile.keyword.builtin.TapKeyword$_tap_closure1.call(TapKeyword.groovy)
	at com.kms.katalon.core.mobile.keyword.internal.MobileKeywordMain.runKeyword(MobileKeywordMain.groovy:21)
	at com.kms.katalon.core.mobile.keyword.builtin.TapKeyword.tap(TapKeyword.groovy:84)
	at com.kms.katalon.core.mobile.keyword.builtin.TapKeyword.execute(TapKeyword.groovy:68)
	at com.kms.katalon.core.keyword.internal.KeywordExecutor.executeKeywordForPlatform(KeywordExecutor.groovy:74)
	at com.kms.katalon.core.mobile.keyword.MobileBuiltInKeywords.tap(MobileBuiltInKeywords.groovy:1490)
	at com.kms.katalon.core.mobile.keyword.MobileBuiltInKeywords$tap$4.call(Unknown Source)
	at duitNow_businessRegNumberTransaction.run(duitNow_businessRegNumberTransaction:82)
	at com.kms.katalon.core.main.ScriptEngine.run(ScriptEngine.java:194)
	at com.kms.katalon.core.main.ScriptEngine.runScriptAsRawText(ScriptEngine.java:119)
	at com.kms.katalon.core.main.TestCaseExecutor.runScript(TestCaseExecutor.java:445)
	at com.kms.katalon.core.main.TestCaseExecutor.doExecute(TestCaseExecutor.java:436)
	at com.kms.katalon.core.main.TestCaseExecutor.processExecutionPhase(TestCaseExecutor.java:415)
	at com.kms.katalon.core.main.TestCaseExecutor.accessMainPhase(TestCaseExecutor.java:407)
	at com.kms.katalon.core.main.TestCaseExecutor.execute(TestCaseExecutor.java:284)
	at com.kms.katalon.core.common.CommonExecutor.accessTestCaseMainPhase(CommonExecutor.java:65)
	at com.kms.katalon.core.main.TestSuiteExecutor.accessTestSuiteMainPhase(TestSuiteExecutor.java:144)
	at com.kms.katalon.core.main.TestSuiteExecutor.execute(TestSuiteExecutor.java:106)
	at com.kms.katalon.core.main.TestCaseMain.startTestSuite(TestCaseMain.java:185)
	at com.kms.katalon.core.main.TestCaseMain$startTestSuite$0.call(Unknown Source)
	at TempTestSuite1655885093224.run(TempTestSuite1655885093224.groovy:36)
)

2022-06-22 16:47:48 - [MESSAGE][WARNING] - Timeout '0' is invalid. Using default page load timeout: '40'

2022-06-22 16:47:48 - [MESSAGE][FAILED] - Failed to tap on element 'Object Repository/Banking/duitNowOtherIconSelect' (Root cause: org.openqa.selenium.WebDriverException: An unknown server-side error occurred while processing the command. Original error: 'GET /window/current/size' cannot be proxied to UiAutomator2 server because the instrumentation process is not running (probably crashed). Check the server log and/or the logcat output for more details
Build info: version: '3.141.59', revision: 'e82be7d358', time: '2018-11-14T08:25:53'
System info: host: '00139272s-MacBook-Pro.local', ip: '2001:e68:6167:d901:5dd8:2a3:885f:7e34%en0', os.name: 'Mac OS X', os.arch: 'x86_64', os.version: '10.16', java.version: '1.8.0_275'
Driver info: com.kms.katalon.core.appium.driver.SwipeableAndroidDriver
Capabilities {app: /Users/a00139272/Katalon St..., appActivity: com.maybank2u.life.MainActi..., appPackage: com.maybank2u.life.sit, appWaitActivity: *, autoGrantPermissions: true, automationName: uiautomator2, chromedriverPort: 52878, databaseEnabled: false, desired: {app: /Users/a00139272/Katalon St..., appActivity: com.maybank2u.life.MainActi..., appPackage: com.maybank2u.life.sit, appWaitActivity: *, autoGrantPermissions: true, automationName: uiautomator2, chromedriverPort: 52878, deviceId: 002b9cc60508, deviceName: Xiaomi 21061119AG (Android 11), fullReset: false, newCommandTimeout: 1800, noReset: true, platform: ANDROID, platformName: android, platformVersion: 11, systemPort: 52876, udid: 002b9cc60508}, deviceApiLevel: 30, deviceId: 002b9cc60508, deviceManufacturer: Xiaomi, deviceModel: 21061119AG, deviceName: 002b9cc60508, deviceScreenDensity: 440, deviceScreenSize: 1080x2400, deviceUDID: 002b9cc60508, fullReset: false, javascriptEnabled: true, locationContextEnabled: false, networkConnectionEnabled: true, newCommandTimeout: 1800, noReset: true, pixelRatio: 2.75, platform: ANDROID, platformName: Android, platformVersion: 11, statBarHeight: 103, systemPort: 52876, takesScreenshot: true, udid: 002b9cc60508, viewportRect: {height: 2064, left: 0, top: 103, width: 1080}, warnings: {}, webStorageEnabled: false}
Session ID: 07e0a906-f567-4646-abfd-84c6cc800d18
	at org.openqa.selenium.remote.http.W3CHttpResponseCodec.createException(W3CHttpResponseCodec.java:187)
	at org.openqa.selenium.remote.http.W3CHttpResponseCodec.decode(W3CHttpResponseCodec.java:122)
	at org.openqa.selenium.remote.http.W3CHttpResponseCodec.decode(W3CHttpResponseCodec.java:49)
	at org.openqa.selenium.remote.HttpCommandExecutor.execute(HttpCommandExecutor.java:158)
	at io.appium.java_client.remote.AppiumCommandExecutor.execute(AppiumCommandExecutor.java:239)
	at org.openqa.selenium.remote.RemoteWebDriver.execute(RemoteWebDriver.java:552)
	at io.appium.java_client.DefaultGenericMobileDriver.execute(DefaultGenericMobileDriver.java:46)
	at io.appium.java_client.AppiumDriver.execute(AppiumDriver.java:1)
	at io.appium.java_client.android.AndroidDriver.execute(AndroidDriver.java:1)
	at com.kms.katalon.core.appium.driver.SwipeableAndroidDriver.execute(SwipeableAndroidDriver.java:1)
	at org.openqa.selenium.remote.RemoteWebDriver$RemoteWebDriverOptions$RemoteWindow.getSize(RemoteWebDriver.java:813)
	at org.openqa.selenium.WebDriver$Window$getSize.call(Unknown Source)
	at com.kms.katalon.core.mobile.keyword.internal.MobileAbstractKeyword.findElement(MobileAbstractKeyword.groovy:81)
	at com.kms.katalon.core.mobile.keyword.builtin.TapKeyword.access$1(TapKeyword.groovy)
	at com.kms.katalon.core.mobile.keyword.builtin.TapKeyword$_tap_closure1.doCall(TapKeyword.groovy:76)
	at com.kms.katalon.core.mobile.keyword.builtin.TapKeyword$_tap_closure1.call(TapKeyword.groovy)
	at com.kms.katalon.core.mobile.keyword.internal.MobileKeywordMain.runKeyword(MobileKeywordMain.groovy:21)
	at com.kms.katalon.core.mobile.keyword.builtin.TapKeyword.tap(TapKeyword.groovy:84)
	at com.kms.katalon.core.mobile.keyword.builtin.TapKeyword.execute(TapKeyword.groovy:68)
	at com.kms.katalon.core.keyword.internal.KeywordExecutor.executeKeywordForPlatform(KeywordExecutor.groovy:74)
	at com.kms.katalon.core.mobile.keyword.MobileBuiltInKeywords.tap(MobileBuiltInKeywords.groovy:1490)
	at com.kms.katalon.core.mobile.keyword.MobileBuiltInKeywords$tap$4.call(Unknown Source)
	at duitNow_businessRegNumberTransaction.run(duitNow_businessRegNumberTransaction:82)
	at com.kms.katalon.core.main.ScriptEngine.run(ScriptEngine.java:194)
	at com.kms.katalon.core.main.ScriptEngine.runScriptAsRawText(ScriptEngine.java:119)
	at com.kms.katalon.core.main.TestCaseExecutor.runScript(TestCaseExecutor.java:445)
	at com.kms.katalon.core.main.TestCaseExecutor.doExecute(TestCaseExecutor.java:436)
	at com.kms.katalon.core.main.TestCaseExecutor.processExecutionPhase(TestCaseExecutor.java:415)
	at com.kms.katalon.core.main.TestCaseExecutor.accessMainPhase(TestCaseExecutor.java:407)
	at com.kms.katalon.core.main.TestCaseExecutor.execute(TestCaseExecutor.java:284)
	at com.kms.katalon.core.common.CommonExecutor.accessTestCaseMainPhase(CommonExecutor.java:65)
	at com.kms.katalon.core.main.TestSuiteExecutor.accessTestSuiteMainPhase(TestSuiteExecutor.java:144)
	at com.kms.katalon.core.main.TestSuiteExecutor.execute(TestSuiteExecutor.java:106)
	at com.kms.katalon.core.main.TestCaseMain.startTestSuite(TestCaseMain.java:185)
	at com.kms.katalon.core.main.TestCaseMain$startTestSuite$0.call(Unknown Source)
	at TempTestSuite1655885093224.run(TempTestSuite1655885093224.groovy:36)
)

2022-06-22 16:47:48 - [TEST_STEP][PASSED] - delay(5): Delayed 5 second(s)

2022-06-22 16:47:53 - [MESSAGE][PASSED] - Delayed 5 second(s)

2022-06-22 16:47:53 - [TEST_STEP][FAILED] - verifyElementExist(findTestObject("Banking/duitNowIDTypeDropdownSelect"), 0): Failed to check for element 'Object Repository/Banking/duitNowIDTypeDropdownSelect' exist (Root cause: org.openqa.selenium.WebDriverException: An unknown server-side error occurred while processing the command. Original error: 'GET /window/current/size' cannot be proxied to UiAutomator2 server because the instrumentation process is not running (probably crashed). Check the server log and/or the logcat output for more details
Build info: version: '3.141.59', revision: 'e82be7d358', time: '2018-11-14T08:25:53'
System info: host: '00139272s-MacBook-Pro.local', ip: '2001:e68:6167:d901:5dd8:2a3:885f:7e34%en0', os.name: 'Mac OS X', os.arch: 'x86_64', os.version: '10.16', java.version: '1.8.0_275'
Driver info: com.kms.katalon.core.appium.driver.SwipeableAndroidDriver
Capabilities {app: /Users/a00139272/Katalon St..., appActivity: com.maybank2u.life.MainActi..., appPackage: com.maybank2u.life.sit, appWaitActivity: *, autoGrantPermissions: true, automationName: uiautomator2, chromedriverPort: 52878, databaseEnabled: false, desired: {app: /Users/a00139272/Katalon St..., appActivity: com.maybank2u.life.MainActi..., appPackage: com.maybank2u.life.sit, appWaitActivity: *, autoGrantPermissions: true, automationName: uiautomator2, chromedriverPort: 52878, deviceId: 002b9cc60508, deviceName: Xiaomi 21061119AG (Android 11), fullReset: false, newCommandTimeout: 1800, noReset: true, platform: ANDROID, platformName: android, platformVersion: 11, systemPort: 52876, udid: 002b9cc60508}, deviceApiLevel: 30, deviceId: 002b9cc60508, deviceManufacturer: Xiaomi, deviceModel: 21061119AG, deviceName: 002b9cc60508, deviceScreenDensity: 440, deviceScreenSize: 1080x2400, deviceUDID: 002b9cc60508, fullReset: false, javascriptEnabled: true, locationContextEnabled: false, networkConnectionEnabled: true, newCommandTimeout: 1800, noReset: true, pixelRatio: 2.75, platform: ANDROID, platformName: Android, platformVersion: 11, statBarHeight: 103, systemPort: 52876, takesScreenshot: true, udid: 002b9cc60508, viewportRect: {height: 2064, left: 0, top: 103, width: 1080}, warnings: {}, webStorageEnabled: false}
Session ID: 07e0a906-f567-4646-abfd-84c6cc800d18
	at org.openqa.selenium.remote.http.W3CHttpResponseCodec.createException(W3CHttpResponseCodec.java:187)
	at org.openqa.selenium.remote.http.W3CHttpResponseCodec.decode(W3CHttpResponseCodec.java:122)
	at org.openqa.selenium.remote.http.W3CHttpResponseCodec.decode(W3CHttpResponseCodec.java:49)
	at org.openqa.selenium.remote.HttpCommandExecutor.execute(HttpCommandExecutor.java:158)
	at io.appium.java_client.remote.AppiumCommandExecutor.execute(AppiumCommandExecutor.java:239)
	at org.openqa.selenium.remote.RemoteWebDriver.execute(RemoteWebDriver.java:552)
	at io.appium.java_client.DefaultGenericMobileDriver.execute(DefaultGenericMobileDriver.java:46)
	at io.appium.java_client.AppiumDriver.execute(AppiumDriver.java:1)
	at io.appium.java_client.android.AndroidDriver.execute(AndroidDriver.java:1)
	at com.kms.katalon.core.appium.driver.SwipeableAndroidDriver.execute(SwipeableAndroidDriver.java:1)
	at org.openqa.selenium.remote.RemoteWebDriver$RemoteWebDriverOptions$RemoteWindow.getSize(RemoteWebDriver.java:813)
	at org.openqa.selenium.WebDriver$Window$getSize.call(Unknown Source)
	at com.kms.katalon.core.mobile.keyword.internal.MobileAbstractKeyword.findElement(MobileAbstractKeyword.groovy:81)
	at com.kms.katalon.core.mobile.keyword.builtin.VerifyElementExistKeyword.access$1(VerifyElementExistKeyword.groovy)
	at com.kms.katalon.core.mobile.keyword.builtin.VerifyElementExistKeyword$_verifyElementExist_closure1.doCall(VerifyElementExistKeyword.groovy:72)
	at com.kms.katalon.core.mobile.keyword.builtin.VerifyElementExistKeyword$_verifyElementExist_closure1.call(VerifyElementExistKeyword.groovy)
	at com.kms.katalon.core.mobile.keyword.internal.MobileKeywordMain.runKeyword(MobileKeywordMain.groovy:21)
	at com.kms.katalon.core.mobile.keyword.builtin.VerifyElementExistKeyword.verifyElementExist(VerifyElementExistKeyword.groovy:80)
	at com.kms.katalon.core.mobile.keyword.builtin.VerifyElementExistKeyword.execute(VerifyElementExistKeyword.groovy:64)
	at com.kms.katalon.core.keyword.internal.KeywordExecutor.executeKeywordForPlatform(KeywordExecutor.groovy:74)
	at com.kms.katalon.core.mobile.keyword.MobileBuiltInKeywords.verifyElementExist(MobileBuiltInKeywords.groovy:1755)
	at com.kms.katalon.core.mobile.keyword.MobileBuiltInKeywords$verifyElementExist$8.call(Unknown Source)
	at duitNow_businessRegNumberTransaction.run(duitNow_businessRegNumberTransaction:86)
	at com.kms.katalon.core.main.ScriptEngine.run(ScriptEngine.java:194)
	at com.kms.katalon.core.main.ScriptEngine.runScriptAsRawText(ScriptEngine.java:119)
	at com.kms.katalon.core.main.TestCaseExecutor.runScript(TestCaseExecutor.java:445)
	at com.kms.katalon.core.main.TestCaseExecutor.doExecute(TestCaseExecutor.java:436)
	at com.kms.katalon.core.main.TestCaseExecutor.processExecutionPhase(TestCaseExecutor.java:415)
	at com.kms.katalon.core.main.TestCaseExecutor.accessMainPhase(TestCaseExecutor.java:407)
	at com.kms.katalon.core.main.TestCaseExecutor.execute(TestCaseExecutor.java:284)
	at com.kms.katalon.core.common.CommonExecutor.accessTestCaseMainPhase(CommonExecutor.java:65)
	at com.kms.katalon.core.main.TestSuiteExecutor.accessTestSuiteMainPhase(TestSuiteExecutor.java:144)
	at com.kms.katalon.core.main.TestSuiteExecutor.execute(TestSuiteExecutor.java:106)
	at com.kms.katalon.core.main.TestCaseMain.startTestSuite(TestCaseMain.java:185)
	at com.kms.katalon.core.main.TestCaseMain$startTestSuite$0.call(Unknown Source)
	at TempTestSuite1655885093224.run(TempTestSuite1655885093224.groovy:36)
)

2022-06-22 16:47:53 - [MESSAGE][WARNING] - Timeout '0' is invalid. Using default page load timeout: '40'

2022-06-22 16:47:53 - [MESSAGE][FAILED] - Failed to check for element 'Object Repository/Banking/duitNowIDTypeDropdownSelect' exist (Root cause: org.openqa.selenium.WebDriverException: An unknown server-side error occurred while processing the command. Original error: 'GET /window/current/size' cannot be proxied to UiAutomator2 server because the instrumentation process is not running (probably crashed). Check the server log and/or the logcat output for more details
Build info: version: '3.141.59', revision: 'e82be7d358', time: '2018-11-14T08:25:53'
System info: host: '00139272s-MacBook-Pro.local', ip: '2001:e68:6167:d901:5dd8:2a3:885f:7e34%en0', os.name: 'Mac OS X', os.arch: 'x86_64', os.version: '10.16', java.version: '1.8.0_275'
Driver info: com.kms.katalon.core.appium.driver.SwipeableAndroidDriver
Capabilities {app: /Users/a00139272/Katalon St..., appActivity: com.maybank2u.life.MainActi..., appPackage: com.maybank2u.life.sit, appWaitActivity: *, autoGrantPermissions: true, automationName: uiautomator2, chromedriverPort: 52878, databaseEnabled: false, desired: {app: /Users/a00139272/Katalon St..., appActivity: com.maybank2u.life.MainActi..., appPackage: com.maybank2u.life.sit, appWaitActivity: *, autoGrantPermissions: true, automationName: uiautomator2, chromedriverPort: 52878, deviceId: 002b9cc60508, deviceName: Xiaomi 21061119AG (Android 11), fullReset: false, newCommandTimeout: 1800, noReset: true, platform: ANDROID, platformName: android, platformVersion: 11, systemPort: 52876, udid: 002b9cc60508}, deviceApiLevel: 30, deviceId: 002b9cc60508, deviceManufacturer: Xiaomi, deviceModel: 21061119AG, deviceName: 002b9cc60508, deviceScreenDensity: 440, deviceScreenSize: 1080x2400, deviceUDID: 002b9cc60508, fullReset: false, javascriptEnabled: true, locationContextEnabled: false, networkConnectionEnabled: true, newCommandTimeout: 1800, noReset: true, pixelRatio: 2.75, platform: ANDROID, platformName: Android, platformVersion: 11, statBarHeight: 103, systemPort: 52876, takesScreenshot: true, udid: 002b9cc60508, viewportRect: {height: 2064, left: 0, top: 103, width: 1080}, warnings: {}, webStorageEnabled: false}
Session ID: 07e0a906-f567-4646-abfd-84c6cc800d18
	at org.openqa.selenium.remote.http.W3CHttpResponseCodec.createException(W3CHttpResponseCodec.java:187)
	at org.openqa.selenium.remote.http.W3CHttpResponseCodec.decode(W3CHttpResponseCodec.java:122)
	at org.openqa.selenium.remote.http.W3CHttpResponseCodec.decode(W3CHttpResponseCodec.java:49)
	at org.openqa.selenium.remote.HttpCommandExecutor.execute(HttpCommandExecutor.java:158)
	at io.appium.java_client.remote.AppiumCommandExecutor.execute(AppiumCommandExecutor.java:239)
	at org.openqa.selenium.remote.RemoteWebDriver.execute(RemoteWebDriver.java:552)
	at io.appium.java_client.DefaultGenericMobileDriver.execute(DefaultGenericMobileDriver.java:46)
	at io.appium.java_client.AppiumDriver.execute(AppiumDriver.java:1)
	at io.appium.java_client.android.AndroidDriver.execute(AndroidDriver.java:1)
	at com.kms.katalon.core.appium.driver.SwipeableAndroidDriver.execute(SwipeableAndroidDriver.java:1)
	at org.openqa.selenium.remote.RemoteWebDriver$RemoteWebDriverOptions$RemoteWindow.getSize(RemoteWebDriver.java:813)
	at org.openqa.selenium.WebDriver$Window$getSize.call(Unknown Source)
	at com.kms.katalon.core.mobile.keyword.internal.MobileAbstractKeyword.findElement(MobileAbstractKeyword.groovy:81)
	at com.kms.katalon.core.mobile.keyword.builtin.VerifyElementExistKeyword.access$1(VerifyElementExistKeyword.groovy)
	at com.kms.katalon.core.mobile.keyword.builtin.VerifyElementExistKeyword$_verifyElementExist_closure1.doCall(VerifyElementExistKeyword.groovy:72)
	at com.kms.katalon.core.mobile.keyword.builtin.VerifyElementExistKeyword$_verifyElementExist_closure1.call(VerifyElementExistKeyword.groovy)
	at com.kms.katalon.core.mobile.keyword.internal.MobileKeywordMain.runKeyword(MobileKeywordMain.groovy:21)
	at com.kms.katalon.core.mobile.keyword.builtin.VerifyElementExistKeyword.verifyElementExist(VerifyElementExistKeyword.groovy:80)
	at com.kms.katalon.core.mobile.keyword.builtin.VerifyElementExistKeyword.execute(VerifyElementExistKeyword.groovy:64)
	at com.kms.katalon.core.keyword.internal.KeywordExecutor.executeKeywordForPlatform(KeywordExecutor.groovy:74)
	at com.kms.katalon.core.mobile.keyword.MobileBuiltInKeywords.verifyElementExist(MobileBuiltInKeywords.groovy:1755)
	at com.kms.katalon.core.mobile.keyword.MobileBuiltInKeywords$verifyElementExist$8.call(Unknown Source)
	at duitNow_businessRegNumberTransaction.run(duitNow_businessRegNumberTransaction:86)
	at com.kms.katalon.core.main.ScriptEngine.run(ScriptEngine.java:194)
	at com.kms.katalon.core.main.ScriptEngine.runScriptAsRawText(ScriptEngine.java:119)
	at com.kms.katalon.core.main.TestCaseExecutor.runScript(TestCaseExecutor.java:445)
	at com.kms.katalon.core.main.TestCaseExecutor.doExecute(TestCaseExecutor.java:436)
	at com.kms.katalon.core.main.TestCaseExecutor.processExecutionPhase(TestCaseExecutor.java:415)
	at com.kms.katalon.core.main.TestCaseExecutor.accessMainPhase(TestCaseExecutor.java:407)
	at com.kms.katalon.core.main.TestCaseExecutor.execute(TestCaseExecutor.java:284)
	at com.kms.katalon.core.common.CommonExecutor.accessTestCaseMainPhase(CommonExecutor.java:65)
	at com.kms.katalon.core.main.TestSuiteExecutor.accessTestSuiteMainPhase(TestSuiteExecutor.java:144)
	at com.kms.katalon.core.main.TestSuiteExecutor.execute(TestSuiteExecutor.java:106)
	at com.kms.katalon.core.main.TestCaseMain.startTestSuite(TestCaseMain.java:185)
	at com.kms.katalon.core.main.TestCaseMain$startTestSuite$0.call(Unknown Source)
	at TempTestSuite1655885093224.run(TempTestSuite1655885093224.groovy:36)
)

2022-06-22 16:47:53 - [TEST_STEP][FAILED] - tap(findTestObject("Banking/duitNowIDTypeDropdownSelect"), 0): Failed to tap on element 'Object Repository/Banking/duitNowIDTypeDropdownSelect' (Root cause: org.openqa.selenium.WebDriverException: An unknown server-side error occurred while processing the command. Original error: 'GET /window/current/size' cannot be proxied to UiAutomator2 server because the instrumentation process is not running (probably crashed). Check the server log and/or the logcat output for more details
Build info: version: '3.141.59', revision: 'e82be7d358', time: '2018-11-14T08:25:53'
System info: host: '00139272s-MacBook-Pro.local', ip: '2001:e68:6167:d901:5dd8:2a3:885f:7e34%en0', os.name: 'Mac OS X', os.arch: 'x86_64', os.version: '10.16', java.version: '1.8.0_275'
Driver info: com.kms.katalon.core.appium.driver.SwipeableAndroidDriver
Capabilities {app: /Users/a00139272/Katalon St..., appActivity: com.maybank2u.life.MainActi..., appPackage: com.maybank2u.life.sit, appWaitActivity: *, autoGrantPermissions: true, automationName: uiautomator2, chromedriverPort: 52878, databaseEnabled: false, desired: {app: /Users/a00139272/Katalon St..., appActivity: com.maybank2u.life.MainActi..., appPackage: com.maybank2u.life.sit, appWaitActivity: *, autoGrantPermissions: true, automationName: uiautomator2, chromedriverPort: 52878, deviceId: 002b9cc60508, deviceName: Xiaomi 21061119AG (Android 11), fullReset: false, newCommandTimeout: 1800, noReset: true, platform: ANDROID, platformName: android, platformVersion: 11, systemPort: 52876, udid: 002b9cc60508}, deviceApiLevel: 30, deviceId: 002b9cc60508, deviceManufacturer: Xiaomi, deviceModel: 21061119AG, deviceName: 002b9cc60508, deviceScreenDensity: 440, deviceScreenSize: 1080x2400, deviceUDID: 002b9cc60508, fullReset: false, javascriptEnabled: true, locationContextEnabled: false, networkConnectionEnabled: true, newCommandTimeout: 1800, noReset: true, pixelRatio: 2.75, platform: ANDROID, platformName: Android, platformVersion: 11, statBarHeight: 103, systemPort: 52876, takesScreenshot: true, udid: 002b9cc60508, viewportRect: {height: 2064, left: 0, top: 103, width: 1080}, warnings: {}, webStorageEnabled: false}
Session ID: 07e0a906-f567-4646-abfd-84c6cc800d18
	at org.openqa.selenium.remote.http.W3CHttpResponseCodec.createException(W3CHttpResponseCodec.java:187)
	at org.openqa.selenium.remote.http.W3CHttpResponseCodec.decode(W3CHttpResponseCodec.java:122)
	at org.openqa.selenium.remote.http.W3CHttpResponseCodec.decode(W3CHttpResponseCodec.java:49)
	at org.openqa.selenium.remote.HttpCommandExecutor.execute(HttpCommandExecutor.java:158)
	at io.appium.java_client.remote.AppiumCommandExecutor.execute(AppiumCommandExecutor.java:239)
	at org.openqa.selenium.remote.RemoteWebDriver.execute(RemoteWebDriver.java:552)
	at io.appium.java_client.DefaultGenericMobileDriver.execute(DefaultGenericMobileDriver.java:46)
	at io.appium.java_client.AppiumDriver.execute(AppiumDriver.java:1)
	at io.appium.java_client.android.AndroidDriver.execute(AndroidDriver.java:1)
	at com.kms.katalon.core.appium.driver.SwipeableAndroidDriver.execute(SwipeableAndroidDriver.java:1)
	at org.openqa.selenium.remote.RemoteWebDriver$RemoteWebDriverOptions$RemoteWindow.getSize(RemoteWebDriver.java:813)
	at org.openqa.selenium.WebDriver$Window$getSize.call(Unknown Source)
	at com.kms.katalon.core.mobile.keyword.internal.MobileAbstractKeyword.findElement(MobileAbstractKeyword.groovy:81)
	at com.kms.katalon.core.mobile.keyword.builtin.TapKeyword.access$1(TapKeyword.groovy)
	at com.kms.katalon.core.mobile.keyword.builtin.TapKeyword$_tap_closure1.doCall(TapKeyword.groovy:76)
	at com.kms.katalon.core.mobile.keyword.builtin.TapKeyword$_tap_closure1.call(TapKeyword.groovy)
	at com.kms.katalon.core.mobile.keyword.internal.MobileKeywordMain.runKeyword(MobileKeywordMain.groovy:21)
	at com.kms.katalon.core.mobile.keyword.builtin.TapKeyword.tap(TapKeyword.groovy:84)
	at com.kms.katalon.core.mobile.keyword.builtin.TapKeyword.execute(TapKeyword.groovy:68)
	at com.kms.katalon.core.keyword.internal.KeywordExecutor.executeKeywordForPlatform(KeywordExecutor.groovy:74)
	at com.kms.katalon.core.mobile.keyword.MobileBuiltInKeywords.tap(MobileBuiltInKeywords.groovy:1490)
	at com.kms.katalon.core.mobile.keyword.MobileBuiltInKeywords$tap$4.call(Unknown Source)
	at duitNow_businessRegNumberTransaction.run(duitNow_businessRegNumberTransaction:88)
	at com.kms.katalon.core.main.ScriptEngine.run(ScriptEngine.java:194)
	at com.kms.katalon.core.main.ScriptEngine.runScriptAsRawText(ScriptEngine.java:119)
	at com.kms.katalon.core.main.TestCaseExecutor.runScript(TestCaseExecutor.java:445)
	at com.kms.katalon.core.main.TestCaseExecutor.doExecute(TestCaseExecutor.java:436)
	at com.kms.katalon.core.main.TestCaseExecutor.processExecutionPhase(TestCaseExecutor.java:415)
	at com.kms.katalon.core.main.TestCaseExecutor.accessMainPhase(TestCaseExecutor.java:407)
	at com.kms.katalon.core.main.TestCaseExecutor.execute(TestCaseExecutor.java:284)
	at com.kms.katalon.core.common.CommonExecutor.accessTestCaseMainPhase(CommonExecutor.java:65)
	at com.kms.katalon.core.main.TestSuiteExecutor.accessTestSuiteMainPhase(TestSuiteExecutor.java:144)
	at com.kms.katalon.core.main.TestSuiteExecutor.execute(TestSuiteExecutor.java:106)
	at com.kms.katalon.core.main.TestCaseMain.startTestSuite(TestCaseMain.java:185)
	at com.kms.katalon.core.main.TestCaseMain$startTestSuite$0.call(Unknown Source)
	at TempTestSuite1655885093224.run(TempTestSuite1655885093224.groovy:36)
)

2022-06-22 16:47:53 - [MESSAGE][WARNING] - Timeout '0' is invalid. Using default page load timeout: '40'

2022-06-22 16:47:53 - [MESSAGE][FAILED] - Failed to tap on element 'Object Repository/Banking/duitNowIDTypeDropdownSelect' (Root cause: org.openqa.selenium.WebDriverException: An unknown server-side error occurred while processing the command. Original error: 'GET /window/current/size' cannot be proxied to UiAutomator2 server because the instrumentation process is not running (probably crashed). Check the server log and/or the logcat output for more details
Build info: version: '3.141.59', revision: 'e82be7d358', time: '2018-11-14T08:25:53'
System info: host: '00139272s-MacBook-Pro.local', ip: '2001:e68:6167:d901:5dd8:2a3:885f:7e34%en0', os.name: 'Mac OS X', os.arch: 'x86_64', os.version: '10.16', java.version: '1.8.0_275'
Driver info: com.kms.katalon.core.appium.driver.SwipeableAndroidDriver
Capabilities {app: /Users/a00139272/Katalon St..., appActivity: com.maybank2u.life.MainActi..., appPackage: com.maybank2u.life.sit, appWaitActivity: *, autoGrantPermissions: true, automationName: uiautomator2, chromedriverPort: 52878, databaseEnabled: false, desired: {app: /Users/a00139272/Katalon St..., appActivity: com.maybank2u.life.MainActi..., appPackage: com.maybank2u.life.sit, appWaitActivity: *, autoGrantPermissions: true, automationName: uiautomator2, chromedriverPort: 52878, deviceId: 002b9cc60508, deviceName: Xiaomi 21061119AG (Android 11), fullReset: false, newCommandTimeout: 1800, noReset: true, platform: ANDROID, platformName: android, platformVersion: 11, systemPort: 52876, udid: 002b9cc60508}, deviceApiLevel: 30, deviceId: 002b9cc60508, deviceManufacturer: Xiaomi, deviceModel: 21061119AG, deviceName: 002b9cc60508, deviceScreenDensity: 440, deviceScreenSize: 1080x2400, deviceUDID: 002b9cc60508, fullReset: false, javascriptEnabled: true, locationContextEnabled: false, networkConnectionEnabled: true, newCommandTimeout: 1800, noReset: true, pixelRatio: 2.75, platform: ANDROID, platformName: Android, platformVersion: 11, statBarHeight: 103, systemPort: 52876, takesScreenshot: true, udid: 002b9cc60508, viewportRect: {height: 2064, left: 0, top: 103, width: 1080}, warnings: {}, webStorageEnabled: false}
Session ID: 07e0a906-f567-4646-abfd-84c6cc800d18
	at org.openqa.selenium.remote.http.W3CHttpResponseCodec.createException(W3CHttpResponseCodec.java:187)
	at org.openqa.selenium.remote.http.W3CHttpResponseCodec.decode(W3CHttpResponseCodec.java:122)
	at org.openqa.selenium.remote.http.W3CHttpResponseCodec.decode(W3CHttpResponseCodec.java:49)
	at org.openqa.selenium.remote.HttpCommandExecutor.execute(HttpCommandExecutor.java:158)
	at io.appium.java_client.remote.AppiumCommandExecutor.execute(AppiumCommandExecutor.java:239)
	at org.openqa.selenium.remote.RemoteWebDriver.execute(RemoteWebDriver.java:552)
	at io.appium.java_client.DefaultGenericMobileDriver.execute(DefaultGenericMobileDriver.java:46)
	at io.appium.java_client.AppiumDriver.execute(AppiumDriver.java:1)
	at io.appium.java_client.android.AndroidDriver.execute(AndroidDriver.java:1)
	at com.kms.katalon.core.appium.driver.SwipeableAndroidDriver.execute(SwipeableAndroidDriver.java:1)
	at org.openqa.selenium.remote.RemoteWebDriver$RemoteWebDriverOptions$RemoteWindow.getSize(RemoteWebDriver.java:813)
	at org.openqa.selenium.WebDriver$Window$getSize.call(Unknown Source)
	at com.kms.katalon.core.mobile.keyword.internal.MobileAbstractKeyword.findElement(MobileAbstractKeyword.groovy:81)
	at com.kms.katalon.core.mobile.keyword.builtin.TapKeyword.access$1(TapKeyword.groovy)
	at com.kms.katalon.core.mobile.keyword.builtin.TapKeyword$_tap_closure1.doCall(TapKeyword.groovy:76)
	at com.kms.katalon.core.mobile.keyword.builtin.TapKeyword$_tap_closure1.call(TapKeyword.groovy)
	at com.kms.katalon.core.mobile.keyword.internal.MobileKeywordMain.runKeyword(MobileKeywordMain.groovy:21)
	at com.kms.katalon.core.mobile.keyword.builtin.TapKeyword.tap(TapKeyword.groovy:84)
	at com.kms.katalon.core.mobile.keyword.builtin.TapKeyword.execute(TapKeyword.groovy:68)
	at com.kms.katalon.core.keyword.internal.KeywordExecutor.executeKeywordForPlatform(KeywordExecutor.groovy:74)
	at com.kms.katalon.core.mobile.keyword.MobileBuiltInKeywords.tap(MobileBuiltInKeywords.groovy:1490)
	at com.kms.katalon.core.mobile.keyword.MobileBuiltInKeywords$tap$4.call(Unknown Source)
	at duitNow_businessRegNumberTransaction.run(duitNow_businessRegNumberTransaction:88)
	at com.kms.katalon.core.main.ScriptEngine.run(ScriptEngine.java:194)
	at com.kms.katalon.core.main.ScriptEngine.runScriptAsRawText(ScriptEngine.java:119)
	at com.kms.katalon.core.main.TestCaseExecutor.runScript(TestCaseExecutor.java:445)
	at com.kms.katalon.core.main.TestCaseExecutor.doExecute(TestCaseExecutor.java:436)
	at com.kms.katalon.core.main.TestCaseExecutor.processExecutionPhase(TestCaseExecutor.java:415)
	at com.kms.katalon.core.main.TestCaseExecutor.accessMainPhase(TestCaseExecutor.java:407)
	at com.kms.katalon.core.main.TestCaseExecutor.execute(TestCaseExecutor.java:284)
	at com.kms.katalon.core.common.CommonExecutor.accessTestCaseMainPhase(CommonExecutor.java:65)
	at com.kms.katalon.core.main.TestSuiteExecutor.accessTestSuiteMainPhase(TestSuiteExecutor.java:144)
	at com.kms.katalon.core.main.TestSuiteExecutor.execute(TestSuiteExecutor.java:106)
	at com.kms.katalon.core.main.TestCaseMain.startTestSuite(TestCaseMain.java:185)
	at com.kms.katalon.core.main.TestCaseMain$startTestSuite$0.call(Unknown Source)
	at TempTestSuite1655885093224.run(TempTestSuite1655885093224.groovy:36)
)

2022-06-22 16:47:53 - [TEST_STEP][FAILED] - if (proxyType): Unable to scroll to text 'Business Registration Number' (Root cause: org.openqa.selenium.WebDriverException: An unknown server-side error occurred while processing the command. Original error: 'POST /element' cannot be proxied to UiAutomator2 server because the instrumentation process is not running (probably crashed). Check the server log and/or the logcat output for more details
Build info: version: '3.141.59', revision: 'e82be7d358', time: '2018-11-14T08:25:53'
System info: host: '00139272s-MacBook-Pro.local', ip: '2001:e68:6167:d901:5dd8:2a3:885f:7e34%en0', os.name: 'Mac OS X', os.arch: 'x86_64', os.version: '10.16', java.version: '1.8.0_275'
Driver info: com.kms.katalon.core.appium.driver.SwipeableAndroidDriver
Capabilities {app: /Users/a00139272/Katalon St..., appActivity: com.maybank2u.life.MainActi..., appPackage: com.maybank2u.life.sit, appWaitActivity: *, autoGrantPermissions: true, automationName: uiautomator2, chromedriverPort: 52878, databaseEnabled: false, desired: {app: /Users/a00139272/Katalon St..., appActivity: com.maybank2u.life.MainActi..., appPackage: com.maybank2u.life.sit, appWaitActivity: *, autoGrantPermissions: true, automationName: uiautomator2, chromedriverPort: 52878, deviceId: 002b9cc60508, deviceName: Xiaomi 21061119AG (Android 11), fullReset: false, newCommandTimeout: 1800, noReset: true, platform: ANDROID, platformName: android, platformVersion: 11, systemPort: 52876, udid: 002b9cc60508}, deviceApiLevel: 30, deviceId: 002b9cc60508, deviceManufacturer: Xiaomi, deviceModel: 21061119AG, deviceName: 002b9cc60508, deviceScreenDensity: 440, deviceScreenSize: 1080x2400, deviceUDID: 002b9cc60508, fullReset: false, javascriptEnabled: true, locationContextEnabled: false, networkConnectionEnabled: true, newCommandTimeout: 1800, noReset: true, pixelRatio: 2.75, platform: ANDROID, platformName: Android, platformVersion: 11, statBarHeight: 103, systemPort: 52876, takesScreenshot: true, udid: 002b9cc60508, viewportRect: {height: 2064, left: 0, top: 103, width: 1080}, warnings: {}, webStorageEnabled: false}
Session ID: 07e0a906-f567-4646-abfd-84c6cc800d18
*** Element info: {Using=-android uiautomator, value=new UiScrollable(new UiSelector().scrollable(true).instance(0)).scrollIntoView(new UiSelector().textContains("Business Registration Number"))}
	at org.openqa.selenium.remote.http.W3CHttpResponseCodec.createException(W3CHttpResponseCodec.java:187)
	at org.openqa.selenium.remote.http.W3CHttpResponseCodec.decode(W3CHttpResponseCodec.java:122)
	at org.openqa.selenium.remote.http.W3CHttpResponseCodec.decode(W3CHttpResponseCodec.java:49)
	at org.openqa.selenium.remote.HttpCommandExecutor.execute(HttpCommandExecutor.java:158)
	at io.appium.java_client.remote.AppiumCommandExecutor.execute(AppiumCommandExecutor.java:239)
	at org.openqa.selenium.remote.RemoteWebDriver.execute(RemoteWebDriver.java:552)
	at io.appium.java_client.DefaultGenericMobileDriver.execute(DefaultGenericMobileDriver.java:42)
	at io.appium.java_client.AppiumDriver.execute(AppiumDriver.java:1)
	at io.appium.java_client.android.AndroidDriver.execute(AndroidDriver.java:1)
	at com.kms.katalon.core.appium.driver.SwipeableAndroidDriver.execute(SwipeableAndroidDriver.java:1)
	at org.openqa.selenium.remote.RemoteWebDriver.findElement(RemoteWebDriver.java:323)
	at io.appium.java_client.DefaultGenericMobileDriver.findElement(DefaultGenericMobileDriver.java:62)
	at io.appium.java_client.AppiumDriver.findElement(AppiumDriver.java:1)
	at io.appium.java_client.android.AndroidDriver.findElement(AndroidDriver.java:1)
	at com.kms.katalon.core.appium.driver.SwipeableAndroidDriver.findElement(SwipeableAndroidDriver.java:1)
	at io.appium.java_client.FindsByAndroidUIAutomator.findElementByAndroidUIAutomator(FindsByAndroidUIAutomator.java:38)
	at io.appium.java_client.FindsByAndroidUIAutomator$findElementByAndroidUIAutomator.call(Unknown Source)
	at com.kms.katalon.core.mobile.keyword.builtin.ScrollToTextKeyword$_scrollToText_closure1.doCall(ScrollToTextKeyword.groovy:62)
	at com.kms.katalon.core.mobile.keyword.builtin.ScrollToTextKeyword$_scrollToText_closure1.doCall(ScrollToTextKeyword.groovy)
	at com.kms.katalon.core.mobile.keyword.internal.MobileKeywordMain.runKeyword(MobileKeywordMain.groovy:21)
	at com.kms.katalon.core.mobile.keyword.internal.MobileKeywordMain$runKeyword.call(Unknown Source)
	at com.kms.katalon.core.mobile.keyword.builtin.ScrollToTextKeyword.scrollToText(ScrollToTextKeyword.groovy:85)
	at com.kms.katalon.core.mobile.keyword.builtin.ScrollToTextKeyword.execute(ScrollToTextKeyword.groovy:41)
	at com.kms.katalon.core.keyword.internal.KeywordExecutor.executeKeywordForPlatform(KeywordExecutor.groovy:74)
	at com.kms.katalon.core.mobile.keyword.MobileBuiltInKeywords.scrollToText(MobileBuiltInKeywords.groovy:1998)
	at com.kms.katalon.core.mobile.keyword.MobileBuiltInKeywords$scrollToText$13.call(Unknown Source)
	at duitNow_businessRegNumberTransaction.run(duitNow_businessRegNumberTransaction:94)
	at com.kms.katalon.core.main.ScriptEngine.run(ScriptEngine.java:194)
	at com.kms.katalon.core.main.ScriptEngine.runScriptAsRawText(ScriptEngine.java:119)
	at com.kms.katalon.core.main.TestCaseExecutor.runScript(TestCaseExecutor.java:445)
	at com.kms.katalon.core.main.TestCaseExecutor.doExecute(TestCaseExecutor.java:436)
	at com.kms.katalon.core.main.TestCaseExecutor.processExecutionPhase(TestCaseExecutor.java:415)
	at com.kms.katalon.core.main.TestCaseExecutor.accessMainPhase(TestCaseExecutor.java:407)
	at com.kms.katalon.core.main.TestCaseExecutor.execute(TestCaseExecutor.java:284)
	at com.kms.katalon.core.common.CommonExecutor.accessTestCaseMainPhase(CommonExecutor.java:65)
	at com.kms.katalon.core.main.TestSuiteExecutor.accessTestSuiteMainPhase(TestSuiteExecutor.java:144)
	at com.kms.katalon.core.main.TestSuiteExecutor.execute(TestSuiteExecutor.java:106)
	at com.kms.katalon.core.main.TestCaseMain.startTestSuite(TestCaseMain.java:185)
	at com.kms.katalon.core.main.TestCaseMain$startTestSuite$0.call(Unknown Source)
	at TempTestSuite1655885093224.run(TempTestSuite1655885093224.groovy:36)
)

2022-06-22 16:47:53 - [TEST_STEP][PASSED] - delay(3): Delayed 3 second(s)

2022-06-22 16:47:56 - [MESSAGE][PASSED] - Delayed 3 second(s)

2022-06-22 16:47:56 - [TEST_STEP][FAILED] - scrollToText(proxyType): Unable to scroll to text 'Business Registration Number' (Root cause: org.openqa.selenium.WebDriverException: An unknown server-side error occurred while processing the command. Original error: 'POST /element' cannot be proxied to UiAutomator2 server because the instrumentation process is not running (probably crashed). Check the server log and/or the logcat output for more details
Build info: version: '3.141.59', revision: 'e82be7d358', time: '2018-11-14T08:25:53'
System info: host: '00139272s-MacBook-Pro.local', ip: '2001:e68:6167:d901:5dd8:2a3:885f:7e34%en0', os.name: 'Mac OS X', os.arch: 'x86_64', os.version: '10.16', java.version: '1.8.0_275'
Driver info: com.kms.katalon.core.appium.driver.SwipeableAndroidDriver
Capabilities {app: /Users/a00139272/Katalon St..., appActivity: com.maybank2u.life.MainActi..., appPackage: com.maybank2u.life.sit, appWaitActivity: *, autoGrantPermissions: true, automationName: uiautomator2, chromedriverPort: 52878, databaseEnabled: false, desired: {app: /Users/a00139272/Katalon St..., appActivity: com.maybank2u.life.MainActi..., appPackage: com.maybank2u.life.sit, appWaitActivity: *, autoGrantPermissions: true, automationName: uiautomator2, chromedriverPort: 52878, deviceId: 002b9cc60508, deviceName: Xiaomi 21061119AG (Android 11), fullReset: false, newCommandTimeout: 1800, noReset: true, platform: ANDROID, platformName: android, platformVersion: 11, systemPort: 52876, udid: 002b9cc60508}, deviceApiLevel: 30, deviceId: 002b9cc60508, deviceManufacturer: Xiaomi, deviceModel: 21061119AG, deviceName: 002b9cc60508, deviceScreenDensity: 440, deviceScreenSize: 1080x2400, deviceUDID: 002b9cc60508, fullReset: false, javascriptEnabled: true, locationContextEnabled: false, networkConnectionEnabled: true, newCommandTimeout: 1800, noReset: true, pixelRatio: 2.75, platform: ANDROID, platformName: Android, platformVersion: 11, statBarHeight: 103, systemPort: 52876, takesScreenshot: true, udid: 002b9cc60508, viewportRect: {height: 2064, left: 0, top: 103, width: 1080}, warnings: {}, webStorageEnabled: false}
Session ID: 07e0a906-f567-4646-abfd-84c6cc800d18
*** Element info: {Using=-android uiautomator, value=new UiScrollable(new UiSelector().scrollable(true).instance(0)).scrollIntoView(new UiSelector().textContains("Business Registration Number"))}
	at org.openqa.selenium.remote.http.W3CHttpResponseCodec.createException(W3CHttpResponseCodec.java:187)
	at org.openqa.selenium.remote.http.W3CHttpResponseCodec.decode(W3CHttpResponseCodec.java:122)
	at org.openqa.selenium.remote.http.W3CHttpResponseCodec.decode(W3CHttpResponseCodec.java:49)
	at org.openqa.selenium.remote.HttpCommandExecutor.execute(HttpCommandExecutor.java:158)
	at io.appium.java_client.remote.AppiumCommandExecutor.execute(AppiumCommandExecutor.java:239)
	at org.openqa.selenium.remote.RemoteWebDriver.execute(RemoteWebDriver.java:552)
	at io.appium.java_client.DefaultGenericMobileDriver.execute(DefaultGenericMobileDriver.java:42)
	at io.appium.java_client.AppiumDriver.execute(AppiumDriver.java:1)
	at io.appium.java_client.android.AndroidDriver.execute(AndroidDriver.java:1)
	at com.kms.katalon.core.appium.driver.SwipeableAndroidDriver.execute(SwipeableAndroidDriver.java:1)
	at org.openqa.selenium.remote.RemoteWebDriver.findElement(RemoteWebDriver.java:323)
	at io.appium.java_client.DefaultGenericMobileDriver.findElement(DefaultGenericMobileDriver.java:62)
	at io.appium.java_client.AppiumDriver.findElement(AppiumDriver.java:1)
	at io.appium.java_client.android.AndroidDriver.findElement(AndroidDriver.java:1)
	at com.kms.katalon.core.appium.driver.SwipeableAndroidDriver.findElement(SwipeableAndroidDriver.java:1)
	at io.appium.java_client.FindsByAndroidUIAutomator.findElementByAndroidUIAutomator(FindsByAndroidUIAutomator.java:38)
	at io.appium.java_client.FindsByAndroidUIAutomator$findElementByAndroidUIAutomator.call(Unknown Source)
	at com.kms.katalon.core.mobile.keyword.builtin.ScrollToTextKeyword$_scrollToText_closure1.doCall(ScrollToTextKeyword.groovy:62)
	at com.kms.katalon.core.mobile.keyword.builtin.ScrollToTextKeyword$_scrollToText_closure1.doCall(ScrollToTextKeyword.groovy)
	at com.kms.katalon.core.mobile.keyword.internal.MobileKeywordMain.runKeyword(MobileKeywordMain.groovy:21)
	at com.kms.katalon.core.mobile.keyword.internal.MobileKeywordMain$runKeyword.call(Unknown Source)
	at com.kms.katalon.core.mobile.keyword.builtin.ScrollToTextKeyword.scrollToText(ScrollToTextKeyword.groovy:85)
	at com.kms.katalon.core.mobile.keyword.builtin.ScrollToTextKeyword.execute(ScrollToTextKeyword.groovy:41)
	at com.kms.katalon.core.keyword.internal.KeywordExecutor.executeKeywordForPlatform(KeywordExecutor.groovy:74)
	at com.kms.katalon.core.mobile.keyword.MobileBuiltInKeywords.scrollToText(MobileBuiltInKeywords.groovy:1998)
	at com.kms.katalon.core.mobile.keyword.MobileBuiltInKeywords$scrollToText$13.call(Unknown Source)
	at duitNow_businessRegNumberTransaction.run(duitNow_businessRegNumberTransaction:94)
	at com.kms.katalon.core.main.ScriptEngine.run(ScriptEngine.java:194)
	at com.kms.katalon.core.main.ScriptEngine.runScriptAsRawText(ScriptEngine.java:119)
	at com.kms.katalon.core.main.TestCaseExecutor.runScript(TestCaseExecutor.java:445)
	at com.kms.katalon.core.main.TestCaseExecutor.doExecute(TestCaseExecutor.java:436)
	at com.kms.katalon.core.main.TestCaseExecutor.processExecutionPhase(TestCaseExecutor.java:415)
	at com.kms.katalon.core.main.TestCaseExecutor.accessMainPhase(TestCaseExecutor.java:407)
	at com.kms.katalon.core.main.TestCaseExecutor.execute(TestCaseExecutor.java:284)
	at com.kms.katalon.core.common.CommonExecutor.accessTestCaseMainPhase(CommonExecutor.java:65)
	at com.kms.katalon.core.main.TestSuiteExecutor.accessTestSuiteMainPhase(TestSuiteExecutor.java:144)
	at com.kms.katalon.core.main.TestSuiteExecutor.execute(TestSuiteExecutor.java:106)
	at com.kms.katalon.core.main.TestCaseMain.startTestSuite(TestCaseMain.java:185)
	at com.kms.katalon.core.main.TestCaseMain$startTestSuite$0.call(Unknown Source)
	at TempTestSuite1655885093224.run(TempTestSuite1655885093224.groovy:36)
)

2022-06-22 16:47:57 - [MESSAGE][FAILED] - Unable to scroll to text 'Business Registration Number' (Root cause: org.openqa.selenium.WebDriverException: An unknown server-side error occurred while processing the command. Original error: 'POST /element' cannot be proxied to UiAutomator2 server because the instrumentation process is not running (probably crashed). Check the server log and/or the logcat output for more details
Build info: version: '3.141.59', revision: 'e82be7d358', time: '2018-11-14T08:25:53'
System info: host: '00139272s-MacBook-Pro.local', ip: '2001:e68:6167:d901:5dd8:2a3:885f:7e34%en0', os.name: 'Mac OS X', os.arch: 'x86_64', os.version: '10.16', java.version: '1.8.0_275'
Driver info: com.kms.katalon.core.appium.driver.SwipeableAndroidDriver
Capabilities {app: /Users/a00139272/Katalon St..., appActivity: com.maybank2u.life.MainActi..., appPackage: com.maybank2u.life.sit, appWaitActivity: *, autoGrantPermissions: true, automationName: uiautomator2, chromedriverPort: 52878, databaseEnabled: false, desired: {app: /Users/a00139272/Katalon St..., appActivity: com.maybank2u.life.MainActi..., appPackage: com.maybank2u.life.sit, appWaitActivity: *, autoGrantPermissions: true, automationName: uiautomator2, chromedriverPort: 52878, deviceId: 002b9cc60508, deviceName: Xiaomi 21061119AG (Android 11), fullReset: false, newCommandTimeout: 1800, noReset: true, platform: ANDROID, platformName: android, platformVersion: 11, systemPort: 52876, udid: 002b9cc60508}, deviceApiLevel: 30, deviceId: 002b9cc60508, deviceManufacturer: Xiaomi, deviceModel: 21061119AG, deviceName: 002b9cc60508, deviceScreenDensity: 440, deviceScreenSize: 1080x2400, deviceUDID: 002b9cc60508, fullReset: false, javascriptEnabled: true, locationContextEnabled: false, networkConnectionEnabled: true, newCommandTimeout: 1800, noReset: true, pixelRatio: 2.75, platform: ANDROID, platformName: Android, platformVersion: 11, statBarHeight: 103, systemPort: 52876, takesScreenshot: true, udid: 002b9cc60508, viewportRect: {height: 2064, left: 0, top: 103, width: 1080}, warnings: {}, webStorageEnabled: false}
Session ID: 07e0a906-f567-4646-abfd-84c6cc800d18
*** Element info: {Using=-android uiautomator, value=new UiScrollable(new UiSelector().scrollable(true).instance(0)).scrollIntoView(new UiSelector().textContains("Business Registration Number"))}
	at org.openqa.selenium.remote.http.W3CHttpResponseCodec.createException(W3CHttpResponseCodec.java:187)
	at org.openqa.selenium.remote.http.W3CHttpResponseCodec.decode(W3CHttpResponseCodec.java:122)
	at org.openqa.selenium.remote.http.W3CHttpResponseCodec.decode(W3CHttpResponseCodec.java:49)
	at org.openqa.selenium.remote.HttpCommandExecutor.execute(HttpCommandExecutor.java:158)
	at io.appium.java_client.remote.AppiumCommandExecutor.execute(AppiumCommandExecutor.java:239)
	at org.openqa.selenium.remote.RemoteWebDriver.execute(RemoteWebDriver.java:552)
	at io.appium.java_client.DefaultGenericMobileDriver.execute(DefaultGenericMobileDriver.java:42)
	at io.appium.java_client.AppiumDriver.execute(AppiumDriver.java:1)
	at io.appium.java_client.android.AndroidDriver.execute(AndroidDriver.java:1)
	at com.kms.katalon.core.appium.driver.SwipeableAndroidDriver.execute(SwipeableAndroidDriver.java:1)
	at org.openqa.selenium.remote.RemoteWebDriver.findElement(RemoteWebDriver.java:323)
	at io.appium.java_client.DefaultGenericMobileDriver.findElement(DefaultGenericMobileDriver.java:62)
	at io.appium.java_client.AppiumDriver.findElement(AppiumDriver.java:1)
	at io.appium.java_client.android.AndroidDriver.findElement(AndroidDriver.java:1)
	at com.kms.katalon.core.appium.driver.SwipeableAndroidDriver.findElement(SwipeableAndroidDriver.java:1)
	at io.appium.java_client.FindsByAndroidUIAutomator.findElementByAndroidUIAutomator(FindsByAndroidUIAutomator.java:38)
	at io.appium.java_client.FindsByAndroidUIAutomator$findElementByAndroidUIAutomator.call(Unknown Source)
	at com.kms.katalon.core.mobile.keyword.builtin.ScrollToTextKeyword$_scrollToText_closure1.doCall(ScrollToTextKeyword.groovy:62)
	at com.kms.katalon.core.mobile.keyword.builtin.ScrollToTextKeyword$_scrollToText_closure1.doCall(ScrollToTextKeyword.groovy)
	at com.kms.katalon.core.mobile.keyword.internal.MobileKeywordMain.runKeyword(MobileKeywordMain.groovy:21)
	at com.kms.katalon.core.mobile.keyword.internal.MobileKeywordMain$runKeyword.call(Unknown Source)
	at com.kms.katalon.core.mobile.keyword.builtin.ScrollToTextKeyword.scrollToText(ScrollToTextKeyword.groovy:85)
	at com.kms.katalon.core.mobile.keyword.builtin.ScrollToTextKeyword.execute(ScrollToTextKeyword.groovy:41)
	at com.kms.katalon.core.keyword.internal.KeywordExecutor.executeKeywordForPlatform(KeywordExecutor.groovy:74)
	at com.kms.katalon.core.mobile.keyword.MobileBuiltInKeywords.scrollToText(MobileBuiltInKeywords.groovy:1998)
	at com.kms.katalon.core.mobile.keyword.MobileBuiltInKeywords$scrollToText$13.call(Unknown Source)
	at duitNow_businessRegNumberTransaction.run(duitNow_businessRegNumberTransaction:94)
	at com.kms.katalon.core.main.ScriptEngine.run(ScriptEngine.java:194)
	at com.kms.katalon.core.main.ScriptEngine.runScriptAsRawText(ScriptEngine.java:119)
	at com.kms.katalon.core.main.TestCaseExecutor.runScript(TestCaseExecutor.java:445)
	at com.kms.katalon.core.main.TestCaseExecutor.doExecute(TestCaseExecutor.java:436)
	at com.kms.katalon.core.main.TestCaseExecutor.processExecutionPhase(TestCaseExecutor.java:415)
	at com.kms.katalon.core.main.TestCaseExecutor.accessMainPhase(TestCaseExecutor.java:407)
	at com.kms.katalon.core.main.TestCaseExecutor.execute(TestCaseExecutor.java:284)
	at com.kms.katalon.core.common.CommonExecutor.accessTestCaseMainPhase(CommonExecutor.java:65)
	at com.kms.katalon.core.main.TestSuiteExecutor.accessTestSuiteMainPhase(TestSuiteExecutor.java:144)
	at com.kms.katalon.core.main.TestSuiteExecutor.execute(TestSuiteExecutor.java:106)
	at com.kms.katalon.core.main.TestCaseMain.startTestSuite(TestCaseMain.java:185)
	at com.kms.katalon.core.main.TestCaseMain$startTestSuite$0.call(Unknown Source)
	at TempTestSuite1655885093224.run(TempTestSuite1655885093224.groovy:36)
)

2022-06-22 16:47:57 - [TEST_STEP][FAILED] - verifyElementExist(findTestObject("Banking/duitNowBusinessRegIDTypeDropdown", ["proxy":proxyType]), 0): Failed to check for element 'Object Repository/Banking/duitNowBusinessRegIDTypeDropdown' exist (Root cause: org.openqa.selenium.WebDriverException: An unknown server-side error occurred while processing the command. Original error: 'GET /window/current/size' cannot be proxied to UiAutomator2 server because the instrumentation process is not running (probably crashed). Check the server log and/or the logcat output for more details
Build info: version: '3.141.59', revision: 'e82be7d358', time: '2018-11-14T08:25:53'
System info: host: '00139272s-MacBook-Pro.local', ip: '2001:e68:6167:d901:5dd8:2a3:885f:7e34%en0', os.name: 'Mac OS X', os.arch: 'x86_64', os.version: '10.16', java.version: '1.8.0_275'
Driver info: com.kms.katalon.core.appium.driver.SwipeableAndroidDriver
Capabilities {app: /Users/a00139272/Katalon St..., appActivity: com.maybank2u.life.MainActi..., appPackage: com.maybank2u.life.sit, appWaitActivity: *, autoGrantPermissions: true, automationName: uiautomator2, chromedriverPort: 52878, databaseEnabled: false, desired: {app: /Users/a00139272/Katalon St..., appActivity: com.maybank2u.life.MainActi..., appPackage: com.maybank2u.life.sit, appWaitActivity: *, autoGrantPermissions: true, automationName: uiautomator2, chromedriverPort: 52878, deviceId: 002b9cc60508, deviceName: Xiaomi 21061119AG (Android 11), fullReset: false, newCommandTimeout: 1800, noReset: true, platform: ANDROID, platformName: android, platformVersion: 11, systemPort: 52876, udid: 002b9cc60508}, deviceApiLevel: 30, deviceId: 002b9cc60508, deviceManufacturer: Xiaomi, deviceModel: 21061119AG, deviceName: 002b9cc60508, deviceScreenDensity: 440, deviceScreenSize: 1080x2400, deviceUDID: 002b9cc60508, fullReset: false, javascriptEnabled: true, locationContextEnabled: false, networkConnectionEnabled: true, newCommandTimeout: 1800, noReset: true, pixelRatio: 2.75, platform: ANDROID, platformName: Android, platformVersion: 11, statBarHeight: 103, systemPort: 52876, takesScreenshot: true, udid: 002b9cc60508, viewportRect: {height: 2064, left: 0, top: 103, width: 1080}, warnings: {}, webStorageEnabled: false}
Session ID: 07e0a906-f567-4646-abfd-84c6cc800d18
	at org.openqa.selenium.remote.http.W3CHttpResponseCodec.createException(W3CHttpResponseCodec.java:187)
	at org.openqa.selenium.remote.http.W3CHttpResponseCodec.decode(W3CHttpResponseCodec.java:122)
	at org.openqa.selenium.remote.http.W3CHttpResponseCodec.decode(W3CHttpResponseCodec.java:49)
	at org.openqa.selenium.remote.HttpCommandExecutor.execute(HttpCommandExecutor.java:158)
	at io.appium.java_client.remote.AppiumCommandExecutor.execute(AppiumCommandExecutor.java:239)
	at org.openqa.selenium.remote.RemoteWebDriver.execute(RemoteWebDriver.java:552)
	at io.appium.java_client.DefaultGenericMobileDriver.execute(DefaultGenericMobileDriver.java:46)
	at io.appium.java_client.AppiumDriver.execute(AppiumDriver.java:1)
	at io.appium.java_client.android.AndroidDriver.execute(AndroidDriver.java:1)
	at com.kms.katalon.core.appium.driver.SwipeableAndroidDriver.execute(SwipeableAndroidDriver.java:1)
	at org.openqa.selenium.remote.RemoteWebDriver$RemoteWebDriverOptions$RemoteWindow.getSize(RemoteWebDriver.java:813)
	at org.openqa.selenium.WebDriver$Window$getSize.call(Unknown Source)
	at com.kms.katalon.core.mobile.keyword.internal.MobileAbstractKeyword.findElement(MobileAbstractKeyword.groovy:81)
	at com.kms.katalon.core.mobile.keyword.builtin.VerifyElementExistKeyword.access$1(VerifyElementExistKeyword.groovy)
	at com.kms.katalon.core.mobile.keyword.builtin.VerifyElementExistKeyword$_verifyElementExist_closure1.doCall(VerifyElementExistKeyword.groovy:72)
	at com.kms.katalon.core.mobile.keyword.builtin.VerifyElementExistKeyword$_verifyElementExist_closure1.call(VerifyElementExistKeyword.groovy)
	at com.kms.katalon.core.mobile.keyword.internal.MobileKeywordMain.runKeyword(MobileKeywordMain.groovy:21)
	at com.kms.katalon.core.mobile.keyword.builtin.VerifyElementExistKeyword.verifyElementExist(VerifyElementExistKeyword.groovy:80)
	at com.kms.katalon.core.mobile.keyword.builtin.VerifyElementExistKeyword.execute(VerifyElementExistKeyword.groovy:64)
	at com.kms.katalon.core.keyword.internal.KeywordExecutor.executeKeywordForPlatform(KeywordExecutor.groovy:74)
	at com.kms.katalon.core.mobile.keyword.MobileBuiltInKeywords.verifyElementExist(MobileBuiltInKeywords.groovy:1755)
	at com.kms.katalon.core.mobile.keyword.MobileBuiltInKeywords$verifyElementExist$8.call(Unknown Source)
	at duitNow_businessRegNumberTransaction.run(duitNow_businessRegNumberTransaction:98)
	at com.kms.katalon.core.main.ScriptEngine.run(ScriptEngine.java:194)
	at com.kms.katalon.core.main.ScriptEngine.runScriptAsRawText(ScriptEngine.java:119)
	at com.kms.katalon.core.main.TestCaseExecutor.runScript(TestCaseExecutor.java:445)
	at com.kms.katalon.core.main.TestCaseExecutor.doExecute(TestCaseExecutor.java:436)
	at com.kms.katalon.core.main.TestCaseExecutor.processExecutionPhase(TestCaseExecutor.java:415)
	at com.kms.katalon.core.main.TestCaseExecutor.accessMainPhase(TestCaseExecutor.java:407)
	at com.kms.katalon.core.main.TestCaseExecutor.execute(TestCaseExecutor.java:284)
	at com.kms.katalon.core.common.CommonExecutor.accessTestCaseMainPhase(CommonExecutor.java:65)
	at com.kms.katalon.core.main.TestSuiteExecutor.accessTestSuiteMainPhase(TestSuiteExecutor.java:144)
	at com.kms.katalon.core.main.TestSuiteExecutor.execute(TestSuiteExecutor.java:106)
	at com.kms.katalon.core.main.TestCaseMain.startTestSuite(TestCaseMain.java:185)
	at com.kms.katalon.core.main.TestCaseMain$startTestSuite$0.call(Unknown Source)
	at TempTestSuite1655885093224.run(TempTestSuite1655885093224.groovy:36)
)

2022-06-22 16:47:57 - [MESSAGE][WARNING] - Timeout '0' is invalid. Using default page load timeout: '40'

2022-06-22 16:47:57 - [MESSAGE][FAILED] - Failed to check for element 'Object Repository/Banking/duitNowBusinessRegIDTypeDropdown' exist (Root cause: org.openqa.selenium.WebDriverException: An unknown server-side error occurred while processing the command. Original error: 'GET /window/current/size' cannot be proxied to UiAutomator2 server because the instrumentation process is not running (probably crashed). Check the server log and/or the logcat output for more details
Build info: version: '3.141.59', revision: 'e82be7d358', time: '2018-11-14T08:25:53'
System info: host: '00139272s-MacBook-Pro.local', ip: '2001:e68:6167:d901:5dd8:2a3:885f:7e34%en0', os.name: 'Mac OS X', os.arch: 'x86_64', os.version: '10.16', java.version: '1.8.0_275'
Driver info: com.kms.katalon.core.appium.driver.SwipeableAndroidDriver
Capabilities {app: /Users/a00139272/Katalon St..., appActivity: com.maybank2u.life.MainActi..., appPackage: com.maybank2u.life.sit, appWaitActivity: *, autoGrantPermissions: true, automationName: uiautomator2, chromedriverPort: 52878, databaseEnabled: false, desired: {app: /Users/a00139272/Katalon St..., appActivity: com.maybank2u.life.MainActi..., appPackage: com.maybank2u.life.sit, appWaitActivity: *, autoGrantPermissions: true, automationName: uiautomator2, chromedriverPort: 52878, deviceId: 002b9cc60508, deviceName: Xiaomi 21061119AG (Android 11), fullReset: false, newCommandTimeout: 1800, noReset: true, platform: ANDROID, platformName: android, platformVersion: 11, systemPort: 52876, udid: 002b9cc60508}, deviceApiLevel: 30, deviceId: 002b9cc60508, deviceManufacturer: Xiaomi, deviceModel: 21061119AG, deviceName: 002b9cc60508, deviceScreenDensity: 440, deviceScreenSize: 1080x2400, deviceUDID: 002b9cc60508, fullReset: false, javascriptEnabled: true, locationContextEnabled: false, networkConnectionEnabled: true, newCommandTimeout: 1800, noReset: true, pixelRatio: 2.75, platform: ANDROID, platformName: Android, platformVersion: 11, statBarHeight: 103, systemPort: 52876, takesScreenshot: true, udid: 002b9cc60508, viewportRect: {height: 2064, left: 0, top: 103, width: 1080}, warnings: {}, webStorageEnabled: false}
Session ID: 07e0a906-f567-4646-abfd-84c6cc800d18
	at org.openqa.selenium.remote.http.W3CHttpResponseCodec.createException(W3CHttpResponseCodec.java:187)
	at org.openqa.selenium.remote.http.W3CHttpResponseCodec.decode(W3CHttpResponseCodec.java:122)
	at org.openqa.selenium.remote.http.W3CHttpResponseCodec.decode(W3CHttpResponseCodec.java:49)
	at org.openqa.selenium.remote.HttpCommandExecutor.execute(HttpCommandExecutor.java:158)
	at io.appium.java_client.remote.AppiumCommandExecutor.execute(AppiumCommandExecutor.java:239)
	at org.openqa.selenium.remote.RemoteWebDriver.execute(RemoteWebDriver.java:552)
	at io.appium.java_client.DefaultGenericMobileDriver.execute(DefaultGenericMobileDriver.java:46)
	at io.appium.java_client.AppiumDriver.execute(AppiumDriver.java:1)
	at io.appium.java_client.android.AndroidDriver.execute(AndroidDriver.java:1)
	at com.kms.katalon.core.appium.driver.SwipeableAndroidDriver.execute(SwipeableAndroidDriver.java:1)
	at org.openqa.selenium.remote.RemoteWebDriver$RemoteWebDriverOptions$RemoteWindow.getSize(RemoteWebDriver.java:813)
	at org.openqa.selenium.WebDriver$Window$getSize.call(Unknown Source)
	at com.kms.katalon.core.mobile.keyword.internal.MobileAbstractKeyword.findElement(MobileAbstractKeyword.groovy:81)
	at com.kms.katalon.core.mobile.keyword.builtin.VerifyElementExistKeyword.access$1(VerifyElementExistKeyword.groovy)
	at com.kms.katalon.core.mobile.keyword.builtin.VerifyElementExistKeyword$_verifyElementExist_closure1.doCall(VerifyElementExistKeyword.groovy:72)
	at com.kms.katalon.core.mobile.keyword.builtin.VerifyElementExistKeyword$_verifyElementExist_closure1.call(VerifyElementExistKeyword.groovy)
	at com.kms.katalon.core.mobile.keyword.internal.MobileKeywordMain.runKeyword(MobileKeywordMain.groovy:21)
	at com.kms.katalon.core.mobile.keyword.builtin.VerifyElementExistKeyword.verifyElementExist(VerifyElementExistKeyword.groovy:80)
	at com.kms.katalon.core.mobile.keyword.builtin.VerifyElementExistKeyword.execute(VerifyElementExistKeyword.groovy:64)
	at com.kms.katalon.core.keyword.internal.KeywordExecutor.executeKeywordForPlatform(KeywordExecutor.groovy:74)
	at com.kms.katalon.core.mobile.keyword.MobileBuiltInKeywords.verifyElementExist(MobileBuiltInKeywords.groovy:1755)
	at com.kms.katalon.core.mobile.keyword.MobileBuiltInKeywords$verifyElementExist$8.call(Unknown Source)
	at duitNow_businessRegNumberTransaction.run(duitNow_businessRegNumberTransaction:98)
	at com.kms.katalon.core.main.ScriptEngine.run(ScriptEngine.java:194)
	at com.kms.katalon.core.main.ScriptEngine.runScriptAsRawText(ScriptEngine.java:119)
	at com.kms.katalon.core.main.TestCaseExecutor.runScript(TestCaseExecutor.java:445)
	at com.kms.katalon.core.main.TestCaseExecutor.doExecute(TestCaseExecutor.java:436)
	at com.kms.katalon.core.main.TestCaseExecutor.processExecutionPhase(TestCaseExecutor.java:415)
	at com.kms.katalon.core.main.TestCaseExecutor.accessMainPhase(TestCaseExecutor.java:407)
	at com.kms.katalon.core.main.TestCaseExecutor.execute(TestCaseExecutor.java:284)
	at com.kms.katalon.core.common.CommonExecutor.accessTestCaseMainPhase(CommonExecutor.java:65)
	at com.kms.katalon.core.main.TestSuiteExecutor.accessTestSuiteMainPhase(TestSuiteExecutor.java:144)
	at com.kms.katalon.core.main.TestSuiteExecutor.execute(TestSuiteExecutor.java:106)
	at com.kms.katalon.core.main.TestCaseMain.startTestSuite(TestCaseMain.java:185)
	at com.kms.katalon.core.main.TestCaseMain$startTestSuite$0.call(Unknown Source)
	at TempTestSuite1655885093224.run(TempTestSuite1655885093224.groovy:36)
)

2022-06-22 16:47:57 - [TEST_STEP][FAILED] - tap(findTestObject("Banking/duitNowBusinessRegIDTypeDropdown", ["proxy":proxyType]), 0): Failed to tap on element 'Object Repository/Banking/duitNowBusinessRegIDTypeDropdown' (Root cause: org.openqa.selenium.WebDriverException: An unknown server-side error occurred while processing the command. Original error: 'GET /window/current/size' cannot be proxied to UiAutomator2 server because the instrumentation process is not running (probably crashed). Check the server log and/or the logcat output for more details
Build info: version: '3.141.59', revision: 'e82be7d358', time: '2018-11-14T08:25:53'
System info: host: '00139272s-MacBook-Pro.local', ip: '2001:e68:6167:d901:5dd8:2a3:885f:7e34%en0', os.name: 'Mac OS X', os.arch: 'x86_64', os.version: '10.16', java.version: '1.8.0_275'
Driver info: com.kms.katalon.core.appium.driver.SwipeableAndroidDriver
Capabilities {app: /Users/a00139272/Katalon St..., appActivity: com.maybank2u.life.MainActi..., appPackage: com.maybank2u.life.sit, appWaitActivity: *, autoGrantPermissions: true, automationName: uiautomator2, chromedriverPort: 52878, databaseEnabled: false, desired: {app: /Users/a00139272/Katalon St..., appActivity: com.maybank2u.life.MainActi..., appPackage: com.maybank2u.life.sit, appWaitActivity: *, autoGrantPermissions: true, automationName: uiautomator2, chromedriverPort: 52878, deviceId: 002b9cc60508, deviceName: Xiaomi 21061119AG (Android 11), fullReset: false, newCommandTimeout: 1800, noReset: true, platform: ANDROID, platformName: android, platformVersion: 11, systemPort: 52876, udid: 002b9cc60508}, deviceApiLevel: 30, deviceId: 002b9cc60508, deviceManufacturer: Xiaomi, deviceModel: 21061119AG, deviceName: 002b9cc60508, deviceScreenDensity: 440, deviceScreenSize: 1080x2400, deviceUDID: 002b9cc60508, fullReset: false, javascriptEnabled: true, locationContextEnabled: false, networkConnectionEnabled: true, newCommandTimeout: 1800, noReset: true, pixelRatio: 2.75, platform: ANDROID, platformName: Android, platformVersion: 11, statBarHeight: 103, systemPort: 52876, takesScreenshot: true, udid: 002b9cc60508, viewportRect: {height: 2064, left: 0, top: 103, width: 1080}, warnings: {}, webStorageEnabled: false}
Session ID: 07e0a906-f567-4646-abfd-84c6cc800d18
	at org.openqa.selenium.remote.http.W3CHttpResponseCodec.createException(W3CHttpResponseCodec.java:187)
	at org.openqa.selenium.remote.http.W3CHttpResponseCodec.decode(W3CHttpResponseCodec.java:122)
	at org.openqa.selenium.remote.http.W3CHttpResponseCodec.decode(W3CHttpResponseCodec.java:49)
	at org.openqa.selenium.remote.HttpCommandExecutor.execute(HttpCommandExecutor.java:158)
	at io.appium.java_client.remote.AppiumCommandExecutor.execute(AppiumCommandExecutor.java:239)
	at org.openqa.selenium.remote.RemoteWebDriver.execute(RemoteWebDriver.java:552)
	at io.appium.java_client.DefaultGenericMobileDriver.execute(DefaultGenericMobileDriver.java:46)
	at io.appium.java_client.AppiumDriver.execute(AppiumDriver.java:1)
	at io.appium.java_client.android.AndroidDriver.execute(AndroidDriver.java:1)
	at com.kms.katalon.core.appium.driver.SwipeableAndroidDriver.execute(SwipeableAndroidDriver.java:1)
	at org.openqa.selenium.remote.RemoteWebDriver$RemoteWebDriverOptions$RemoteWindow.getSize(RemoteWebDriver.java:813)
	at org.openqa.selenium.WebDriver$Window$getSize.call(Unknown Source)
	at com.kms.katalon.core.mobile.keyword.internal.MobileAbstractKeyword.findElement(MobileAbstractKeyword.groovy:81)
	at com.kms.katalon.core.mobile.keyword.builtin.TapKeyword.access$1(TapKeyword.groovy)
	at com.kms.katalon.core.mobile.keyword.builtin.TapKeyword$_tap_closure1.doCall(TapKeyword.groovy:76)
	at com.kms.katalon.core.mobile.keyword.builtin.TapKeyword$_tap_closure1.call(TapKeyword.groovy)
	at com.kms.katalon.core.mobile.keyword.internal.MobileKeywordMain.runKeyword(MobileKeywordMain.groovy:21)
	at com.kms.katalon.core.mobile.keyword.builtin.TapKeyword.tap(TapKeyword.groovy:84)
	at com.kms.katalon.core.mobile.keyword.builtin.TapKeyword.execute(TapKeyword.groovy:68)
	at com.kms.katalon.core.keyword.internal.KeywordExecutor.executeKeywordForPlatform(KeywordExecutor.groovy:74)
	at com.kms.katalon.core.mobile.keyword.MobileBuiltInKeywords.tap(MobileBuiltInKeywords.groovy:1490)
	at com.kms.katalon.core.mobile.keyword.MobileBuiltInKeywords$tap$4.call(Unknown Source)
	at duitNow_businessRegNumberTransaction.run(duitNow_businessRegNumberTransaction:100)
	at com.kms.katalon.core.main.ScriptEngine.run(ScriptEngine.java:194)
	at com.kms.katalon.core.main.ScriptEngine.runScriptAsRawText(ScriptEngine.java:119)
	at com.kms.katalon.core.main.TestCaseExecutor.runScript(TestCaseExecutor.java:445)
	at com.kms.katalon.core.main.TestCaseExecutor.doExecute(TestCaseExecutor.java:436)
	at com.kms.katalon.core.main.TestCaseExecutor.processExecutionPhase(TestCaseExecutor.java:415)
	at com.kms.katalon.core.main.TestCaseExecutor.accessMainPhase(TestCaseExecutor.java:407)
	at com.kms.katalon.core.main.TestCaseExecutor.execute(TestCaseExecutor.java:284)
	at com.kms.katalon.core.common.CommonExecutor.accessTestCaseMainPhase(CommonExecutor.java:65)
	at com.kms.katalon.core.main.TestSuiteExecutor.accessTestSuiteMainPhase(TestSuiteExecutor.java:144)
	at com.kms.katalon.core.main.TestSuiteExecutor.execute(TestSuiteExecutor.java:106)
	at com.kms.katalon.core.main.TestCaseMain.startTestSuite(TestCaseMain.java:185)
	at com.kms.katalon.core.main.TestCaseMain$startTestSuite$0.call(Unknown Source)
	at TempTestSuite1655885093224.run(TempTestSuite1655885093224.groovy:36)
)

2022-06-22 16:47:57 - [MESSAGE][WARNING] - Timeout '0' is invalid. Using default page load timeout: '40'

2022-06-22 16:47:57 - [MESSAGE][FAILED] - Failed to tap on element 'Object Repository/Banking/duitNowBusinessRegIDTypeDropdown' (Root cause: org.openqa.selenium.WebDriverException: An unknown server-side error occurred while processing the command. Original error: 'GET /window/current/size' cannot be proxied to UiAutomator2 server because the instrumentation process is not running (probably crashed). Check the server log and/or the logcat output for more details
Build info: version: '3.141.59', revision: 'e82be7d358', time: '2018-11-14T08:25:53'
System info: host: '00139272s-MacBook-Pro.local', ip: '2001:e68:6167:d901:5dd8:2a3:885f:7e34%en0', os.name: 'Mac OS X', os.arch: 'x86_64', os.version: '10.16', java.version: '1.8.0_275'
Driver info: com.kms.katalon.core.appium.driver.SwipeableAndroidDriver
Capabilities {app: /Users/a00139272/Katalon St..., appActivity: com.maybank2u.life.MainActi..., appPackage: com.maybank2u.life.sit, appWaitActivity: *, autoGrantPermissions: true, automationName: uiautomator2, chromedriverPort: 52878, databaseEnabled: false, desired: {app: /Users/a00139272/Katalon St..., appActivity: com.maybank2u.life.MainActi..., appPackage: com.maybank2u.life.sit, appWaitActivity: *, autoGrantPermissions: true, automationName: uiautomator2, chromedriverPort: 52878, deviceId: 002b9cc60508, deviceName: Xiaomi 21061119AG (Android 11), fullReset: false, newCommandTimeout: 1800, noReset: true, platform: ANDROID, platformName: android, platformVersion: 11, systemPort: 52876, udid: 002b9cc60508}, deviceApiLevel: 30, deviceId: 002b9cc60508, deviceManufacturer: Xiaomi, deviceModel: 21061119AG, deviceName: 002b9cc60508, deviceScreenDensity: 440, deviceScreenSize: 1080x2400, deviceUDID: 002b9cc60508, fullReset: false, javascriptEnabled: true, locationContextEnabled: false, networkConnectionEnabled: true, newCommandTimeout: 1800, noReset: true, pixelRatio: 2.75, platform: ANDROID, platformName: Android, platformVersion: 11, statBarHeight: 103, systemPort: 52876, takesScreenshot: true, udid: 002b9cc60508, viewportRect: {height: 2064, left: 0, top: 103, width: 1080}, warnings: {}, webStorageEnabled: false}
Session ID: 07e0a906-f567-4646-abfd-84c6cc800d18
	at org.openqa.selenium.remote.http.W3CHttpResponseCodec.createException(W3CHttpResponseCodec.java:187)
	at org.openqa.selenium.remote.http.W3CHttpResponseCodec.decode(W3CHttpResponseCodec.java:122)
	at org.openqa.selenium.remote.http.W3CHttpResponseCodec.decode(W3CHttpResponseCodec.java:49)
	at org.openqa.selenium.remote.HttpCommandExecutor.execute(HttpCommandExecutor.java:158)
	at io.appium.java_client.remote.AppiumCommandExecutor.execute(AppiumCommandExecutor.java:239)
	at org.openqa.selenium.remote.RemoteWebDriver.execute(RemoteWebDriver.java:552)
	at io.appium.java_client.DefaultGenericMobileDriver.execute(DefaultGenericMobileDriver.java:46)
	at io.appium.java_client.AppiumDriver.execute(AppiumDriver.java:1)
	at io.appium.java_client.android.AndroidDriver.execute(AndroidDriver.java:1)
	at com.kms.katalon.core.appium.driver.SwipeableAndroidDriver.execute(SwipeableAndroidDriver.java:1)
	at org.openqa.selenium.remote.RemoteWebDriver$RemoteWebDriverOptions$RemoteWindow.getSize(RemoteWebDriver.java:813)
	at org.openqa.selenium.WebDriver$Window$getSize.call(Unknown Source)
	at com.kms.katalon.core.mobile.keyword.internal.MobileAbstractKeyword.findElement(MobileAbstractKeyword.groovy:81)
	at com.kms.katalon.core.mobile.keyword.builtin.TapKeyword.access$1(TapKeyword.groovy)
	at com.kms.katalon.core.mobile.keyword.builtin.TapKeyword$_tap_closure1.doCall(TapKeyword.groovy:76)
	at com.kms.katalon.core.mobile.keyword.builtin.TapKeyword$_tap_closure1.call(TapKeyword.groovy)
	at com.kms.katalon.core.mobile.keyword.internal.MobileKeywordMain.runKeyword(MobileKeywordMain.groovy:21)
	at com.kms.katalon.core.mobile.keyword.builtin.TapKeyword.tap(TapKeyword.groovy:84)
	at com.kms.katalon.core.mobile.keyword.builtin.TapKeyword.execute(TapKeyword.groovy:68)
	at com.kms.katalon.core.keyword.internal.KeywordExecutor.executeKeywordForPlatform(KeywordExecutor.groovy:74)
	at com.kms.katalon.core.mobile.keyword.MobileBuiltInKeywords.tap(MobileBuiltInKeywords.groovy:1490)
	at com.kms.katalon.core.mobile.keyword.MobileBuiltInKeywords$tap$4.call(Unknown Source)
	at duitNow_businessRegNumberTransaction.run(duitNow_businessRegNumberTransaction:100)
	at com.kms.katalon.core.main.ScriptEngine.run(ScriptEngine.java:194)
	at com.kms.katalon.core.main.ScriptEngine.runScriptAsRawText(ScriptEngine.java:119)
	at com.kms.katalon.core.main.TestCaseExecutor.runScript(TestCaseExecutor.java:445)
	at com.kms.katalon.core.main.TestCaseExecutor.doExecute(TestCaseExecutor.java:436)
	at com.kms.katalon.core.main.TestCaseExecutor.processExecutionPhase(TestCaseExecutor.java:415)
	at com.kms.katalon.core.main.TestCaseExecutor.accessMainPhase(TestCaseExecutor.java:407)
	at com.kms.katalon.core.main.TestCaseExecutor.execute(TestCaseExecutor.java:284)
	at com.kms.katalon.core.common.CommonExecutor.accessTestCaseMainPhase(CommonExecutor.java:65)
	at com.kms.katalon.core.main.TestSuiteExecutor.accessTestSuiteMainPhase(TestSuiteExecutor.java:144)
	at com.kms.katalon.core.main.TestSuiteExecutor.execute(TestSuiteExecutor.java:106)
	at com.kms.katalon.core.main.TestCaseMain.startTestSuite(TestCaseMain.java:185)
	at com.kms.katalon.core.main.TestCaseMain$startTestSuite$0.call(Unknown Source)
	at TempTestSuite1655885093224.run(TempTestSuite1655885093224.groovy:36)
)

2022-06-22 16:47:57 - [TEST_STEP][FAILED] - tap(findTestObject("Main/mainCalenderPickerDoneBtn"), 0): Failed to tap on element 'Object Repository/Main/mainCalenderPickerDoneBtn' (Root cause: org.openqa.selenium.WebDriverException: An unknown server-side error occurred while processing the command. Original error: 'GET /window/current/size' cannot be proxied to UiAutomator2 server because the instrumentation process is not running (probably crashed). Check the server log and/or the logcat output for more details
Build info: version: '3.141.59', revision: 'e82be7d358', time: '2018-11-14T08:25:53'
System info: host: '00139272s-MacBook-Pro.local', ip: '2001:e68:6167:d901:5dd8:2a3:885f:7e34%en0', os.name: 'Mac OS X', os.arch: 'x86_64', os.version: '10.16', java.version: '1.8.0_275'
Driver info: com.kms.katalon.core.appium.driver.SwipeableAndroidDriver
Capabilities {app: /Users/a00139272/Katalon St..., appActivity: com.maybank2u.life.MainActi..., appPackage: com.maybank2u.life.sit, appWaitActivity: *, autoGrantPermissions: true, automationName: uiautomator2, chromedriverPort: 52878, databaseEnabled: false, desired: {app: /Users/a00139272/Katalon St..., appActivity: com.maybank2u.life.MainActi..., appPackage: com.maybank2u.life.sit, appWaitActivity: *, autoGrantPermissions: true, automationName: uiautomator2, chromedriverPort: 52878, deviceId: 002b9cc60508, deviceName: Xiaomi 21061119AG (Android 11), fullReset: false, newCommandTimeout: 1800, noReset: true, platform: ANDROID, platformName: android, platformVersion: 11, systemPort: 52876, udid: 002b9cc60508}, deviceApiLevel: 30, deviceId: 002b9cc60508, deviceManufacturer: Xiaomi, deviceModel: 21061119AG, deviceName: 002b9cc60508, deviceScreenDensity: 440, deviceScreenSize: 1080x2400, deviceUDID: 002b9cc60508, fullReset: false, javascriptEnabled: true, locationContextEnabled: false, networkConnectionEnabled: true, newCommandTimeout: 1800, noReset: true, pixelRatio: 2.75, platform: ANDROID, platformName: Android, platformVersion: 11, statBarHeight: 103, systemPort: 52876, takesScreenshot: true, udid: 002b9cc60508, viewportRect: {height: 2064, left: 0, top: 103, width: 1080}, warnings: {}, webStorageEnabled: false}
Session ID: 07e0a906-f567-4646-abfd-84c6cc800d18
	at org.openqa.selenium.remote.http.W3CHttpResponseCodec.createException(W3CHttpResponseCodec.java:187)
	at org.openqa.selenium.remote.http.W3CHttpResponseCodec.decode(W3CHttpResponseCodec.java:122)
	at org.openqa.selenium.remote.http.W3CHttpResponseCodec.decode(W3CHttpResponseCodec.java:49)
	at org.openqa.selenium.remote.HttpCommandExecutor.execute(HttpCommandExecutor.java:158)
	at io.appium.java_client.remote.AppiumCommandExecutor.execute(AppiumCommandExecutor.java:239)
	at org.openqa.selenium.remote.RemoteWebDriver.execute(RemoteWebDriver.java:552)
	at io.appium.java_client.DefaultGenericMobileDriver.execute(DefaultGenericMobileDriver.java:46)
	at io.appium.java_client.AppiumDriver.execute(AppiumDriver.java:1)
	at io.appium.java_client.android.AndroidDriver.execute(AndroidDriver.java:1)
	at com.kms.katalon.core.appium.driver.SwipeableAndroidDriver.execute(SwipeableAndroidDriver.java:1)
	at org.openqa.selenium.remote.RemoteWebDriver$RemoteWebDriverOptions$RemoteWindow.getSize(RemoteWebDriver.java:813)
	at org.openqa.selenium.WebDriver$Window$getSize.call(Unknown Source)
	at com.kms.katalon.core.mobile.keyword.internal.MobileAbstractKeyword.findElement(MobileAbstractKeyword.groovy:81)
	at com.kms.katalon.core.mobile.keyword.builtin.TapKeyword.access$1(TapKeyword.groovy)
	at com.kms.katalon.core.mobile.keyword.builtin.TapKeyword$_tap_closure1.doCall(TapKeyword.groovy:76)
	at com.kms.katalon.core.mobile.keyword.builtin.TapKeyword$_tap_closure1.call(TapKeyword.groovy)
	at com.kms.katalon.core.mobile.keyword.internal.MobileKeywordMain.runKeyword(MobileKeywordMain.groovy:21)
	at com.kms.katalon.core.mobile.keyword.builtin.TapKeyword.tap(TapKeyword.groovy:84)
	at com.kms.katalon.core.mobile.keyword.builtin.TapKeyword.execute(TapKeyword.groovy:68)
	at com.kms.katalon.core.keyword.internal.KeywordExecutor.executeKeywordForPlatform(KeywordExecutor.groovy:74)
	at com.kms.katalon.core.mobile.keyword.MobileBuiltInKeywords.tap(MobileBuiltInKeywords.groovy:1490)
	at com.kms.katalon.core.mobile.keyword.MobileBuiltInKeywords$tap$4.call(Unknown Source)
	at duitNow_businessRegNumberTransaction.run(duitNow_businessRegNumberTransaction:102)
	at com.kms.katalon.core.main.ScriptEngine.run(ScriptEngine.java:194)
	at com.kms.katalon.core.main.ScriptEngine.runScriptAsRawText(ScriptEngine.java:119)
	at com.kms.katalon.core.main.TestCaseExecutor.runScript(TestCaseExecutor.java:445)
	at com.kms.katalon.core.main.TestCaseExecutor.doExecute(TestCaseExecutor.java:436)
	at com.kms.katalon.core.main.TestCaseExecutor.processExecutionPhase(TestCaseExecutor.java:415)
	at com.kms.katalon.core.main.TestCaseExecutor.accessMainPhase(TestCaseExecutor.java:407)
	at com.kms.katalon.core.main.TestCaseExecutor.execute(TestCaseExecutor.java:284)
	at com.kms.katalon.core.common.CommonExecutor.accessTestCaseMainPhase(CommonExecutor.java:65)
	at com.kms.katalon.core.main.TestSuiteExecutor.accessTestSuiteMainPhase(TestSuiteExecutor.java:144)
	at com.kms.katalon.core.main.TestSuiteExecutor.execute(TestSuiteExecutor.java:106)
	at com.kms.katalon.core.main.TestCaseMain.startTestSuite(TestCaseMain.java:185)
	at com.kms.katalon.core.main.TestCaseMain$startTestSuite$0.call(Unknown Source)
	at TempTestSuite1655885093224.run(TempTestSuite1655885093224.groovy:36)
)

2022-06-22 16:47:57 - [MESSAGE][WARNING] - Timeout '0' is invalid. Using default page load timeout: '40'

2022-06-22 16:47:57 - [MESSAGE][FAILED] - Failed to tap on element 'Object Repository/Main/mainCalenderPickerDoneBtn' (Root cause: org.openqa.selenium.WebDriverException: An unknown server-side error occurred while processing the command. Original error: 'GET /window/current/size' cannot be proxied to UiAutomator2 server because the instrumentation process is not running (probably crashed). Check the server log and/or the logcat output for more details
Build info: version: '3.141.59', revision: 'e82be7d358', time: '2018-11-14T08:25:53'
System info: host: '00139272s-MacBook-Pro.local', ip: '2001:e68:6167:d901:5dd8:2a3:885f:7e34%en0', os.name: 'Mac OS X', os.arch: 'x86_64', os.version: '10.16', java.version: '1.8.0_275'
Driver info: com.kms.katalon.core.appium.driver.SwipeableAndroidDriver
Capabilities {app: /Users/a00139272/Katalon St..., appActivity: com.maybank2u.life.MainActi..., appPackage: com.maybank2u.life.sit, appWaitActivity: *, autoGrantPermissions: true, automationName: uiautomator2, chromedriverPort: 52878, databaseEnabled: false, desired: {app: /Users/a00139272/Katalon St..., appActivity: com.maybank2u.life.MainActi..., appPackage: com.maybank2u.life.sit, appWaitActivity: *, autoGrantPermissions: true, automationName: uiautomator2, chromedriverPort: 52878, deviceId: 002b9cc60508, deviceName: Xiaomi 21061119AG (Android 11), fullReset: false, newCommandTimeout: 1800, noReset: true, platform: ANDROID, platformName: android, platformVersion: 11, systemPort: 52876, udid: 002b9cc60508}, deviceApiLevel: 30, deviceId: 002b9cc60508, deviceManufacturer: Xiaomi, deviceModel: 21061119AG, deviceName: 002b9cc60508, deviceScreenDensity: 440, deviceScreenSize: 1080x2400, deviceUDID: 002b9cc60508, fullReset: false, javascriptEnabled: true, locationContextEnabled: false, networkConnectionEnabled: true, newCommandTimeout: 1800, noReset: true, pixelRatio: 2.75, platform: ANDROID, platformName: Android, platformVersion: 11, statBarHeight: 103, systemPort: 52876, takesScreenshot: true, udid: 002b9cc60508, viewportRect: {height: 2064, left: 0, top: 103, width: 1080}, warnings: {}, webStorageEnabled: false}
Session ID: 07e0a906-f567-4646-abfd-84c6cc800d18
	at org.openqa.selenium.remote.http.W3CHttpResponseCodec.createException(W3CHttpResponseCodec.java:187)
	at org.openqa.selenium.remote.http.W3CHttpResponseCodec.decode(W3CHttpResponseCodec.java:122)
	at org.openqa.selenium.remote.http.W3CHttpResponseCodec.decode(W3CHttpResponseCodec.java:49)
	at org.openqa.selenium.remote.HttpCommandExecutor.execute(HttpCommandExecutor.java:158)
	at io.appium.java_client.remote.AppiumCommandExecutor.execute(AppiumCommandExecutor.java:239)
	at org.openqa.selenium.remote.RemoteWebDriver.execute(RemoteWebDriver.java:552)
	at io.appium.java_client.DefaultGenericMobileDriver.execute(DefaultGenericMobileDriver.java:46)
	at io.appium.java_client.AppiumDriver.execute(AppiumDriver.java:1)
	at io.appium.java_client.android.AndroidDriver.execute(AndroidDriver.java:1)
	at com.kms.katalon.core.appium.driver.SwipeableAndroidDriver.execute(SwipeableAndroidDriver.java:1)
	at org.openqa.selenium.remote.RemoteWebDriver$RemoteWebDriverOptions$RemoteWindow.getSize(RemoteWebDriver.java:813)
	at org.openqa.selenium.WebDriver$Window$getSize.call(Unknown Source)
	at com.kms.katalon.core.mobile.keyword.internal.MobileAbstractKeyword.findElement(MobileAbstractKeyword.groovy:81)
	at com.kms.katalon.core.mobile.keyword.builtin.TapKeyword.access$1(TapKeyword.groovy)
	at com.kms.katalon.core.mobile.keyword.builtin.TapKeyword$_tap_closure1.doCall(TapKeyword.groovy:76)
	at com.kms.katalon.core.mobile.keyword.builtin.TapKeyword$_tap_closure1.call(TapKeyword.groovy)
	at com.kms.katalon.core.mobile.keyword.internal.MobileKeywordMain.runKeyword(MobileKeywordMain.groovy:21)
	at com.kms.katalon.core.mobile.keyword.builtin.TapKeyword.tap(TapKeyword.groovy:84)
	at com.kms.katalon.core.mobile.keyword.builtin.TapKeyword.execute(TapKeyword.groovy:68)
	at com.kms.katalon.core.keyword.internal.KeywordExecutor.executeKeywordForPlatform(KeywordExecutor.groovy:74)
	at com.kms.katalon.core.mobile.keyword.MobileBuiltInKeywords.tap(MobileBuiltInKeywords.groovy:1490)
	at com.kms.katalon.core.mobile.keyword.MobileBuiltInKeywords$tap$4.call(Unknown Source)
	at duitNow_businessRegNumberTransaction.run(duitNow_businessRegNumberTransaction:102)
	at com.kms.katalon.core.main.ScriptEngine.run(ScriptEngine.java:194)
	at com.kms.katalon.core.main.ScriptEngine.runScriptAsRawText(ScriptEngine.java:119)
	at com.kms.katalon.core.main.TestCaseExecutor.runScript(TestCaseExecutor.java:445)
	at com.kms.katalon.core.main.TestCaseExecutor.doExecute(TestCaseExecutor.java:436)
	at com.kms.katalon.core.main.TestCaseExecutor.processExecutionPhase(TestCaseExecutor.java:415)
	at com.kms.katalon.core.main.TestCaseExecutor.accessMainPhase(TestCaseExecutor.java:407)
	at com.kms.katalon.core.main.TestCaseExecutor.execute(TestCaseExecutor.java:284)
	at com.kms.katalon.core.common.CommonExecutor.accessTestCaseMainPhase(CommonExecutor.java:65)
	at com.kms.katalon.core.main.TestSuiteExecutor.accessTestSuiteMainPhase(TestSuiteExecutor.java:144)
	at com.kms.katalon.core.main.TestSuiteExecutor.execute(TestSuiteExecutor.java:106)
	at com.kms.katalon.core.main.TestCaseMain.startTestSuite(TestCaseMain.java:185)
	at com.kms.katalon.core.main.TestCaseMain$startTestSuite$0.call(Unknown Source)
	at TempTestSuite1655885093224.run(TempTestSuite1655885093224.groovy:36)
)

2022-06-22 16:47:57 - [TEST_STEP][PASSED] - delay(3): Delayed 3 second(s)

2022-06-22 16:48:00 - [MESSAGE][PASSED] - Delayed 3 second(s)

2022-06-22 16:48:00 - [TEST_STEP][FAILED] - verifyElementExist(findTestObject("Banking/duitNowBusinessRegNoInputField", ["proxyPlaceholder":proxyPlaceholder]), 0): Failed to check for element 'Object Repository/Banking/duitNowBusinessRegNoInputField' exist (Root cause: org.openqa.selenium.WebDriverException: An unknown server-side error occurred while processing the command. Original error: 'GET /window/current/size' cannot be proxied to UiAutomator2 server because the instrumentation process is not running (probably crashed). Check the server log and/or the logcat output for more details
Build info: version: '3.141.59', revision: 'e82be7d358', time: '2018-11-14T08:25:53'
System info: host: '00139272s-MacBook-Pro.local', ip: '2001:e68:6167:d901:5dd8:2a3:885f:7e34%en0', os.name: 'Mac OS X', os.arch: 'x86_64', os.version: '10.16', java.version: '1.8.0_275'
Driver info: com.kms.katalon.core.appium.driver.SwipeableAndroidDriver
Capabilities {app: /Users/a00139272/Katalon St..., appActivity: com.maybank2u.life.MainActi..., appPackage: com.maybank2u.life.sit, appWaitActivity: *, autoGrantPermissions: true, automationName: uiautomator2, chromedriverPort: 52878, databaseEnabled: false, desired: {app: /Users/a00139272/Katalon St..., appActivity: com.maybank2u.life.MainActi..., appPackage: com.maybank2u.life.sit, appWaitActivity: *, autoGrantPermissions: true, automationName: uiautomator2, chromedriverPort: 52878, deviceId: 002b9cc60508, deviceName: Xiaomi 21061119AG (Android 11), fullReset: false, newCommandTimeout: 1800, noReset: true, platform: ANDROID, platformName: android, platformVersion: 11, systemPort: 52876, udid: 002b9cc60508}, deviceApiLevel: 30, deviceId: 002b9cc60508, deviceManufacturer: Xiaomi, deviceModel: 21061119AG, deviceName: 002b9cc60508, deviceScreenDensity: 440, deviceScreenSize: 1080x2400, deviceUDID: 002b9cc60508, fullReset: false, javascriptEnabled: true, locationContextEnabled: false, networkConnectionEnabled: true, newCommandTimeout: 1800, noReset: true, pixelRatio: 2.75, platform: ANDROID, platformName: Android, platformVersion: 11, statBarHeight: 103, systemPort: 52876, takesScreenshot: true, udid: 002b9cc60508, viewportRect: {height: 2064, left: 0, top: 103, width: 1080}, warnings: {}, webStorageEnabled: false}
Session ID: 07e0a906-f567-4646-abfd-84c6cc800d18
	at org.openqa.selenium.remote.http.W3CHttpResponseCodec.createException(W3CHttpResponseCodec.java:187)
	at org.openqa.selenium.remote.http.W3CHttpResponseCodec.decode(W3CHttpResponseCodec.java:122)
	at org.openqa.selenium.remote.http.W3CHttpResponseCodec.decode(W3CHttpResponseCodec.java:49)
	at org.openqa.selenium.remote.HttpCommandExecutor.execute(HttpCommandExecutor.java:158)
	at io.appium.java_client.remote.AppiumCommandExecutor.execute(AppiumCommandExecutor.java:239)
	at org.openqa.selenium.remote.RemoteWebDriver.execute(RemoteWebDriver.java:552)
	at io.appium.java_client.DefaultGenericMobileDriver.execute(DefaultGenericMobileDriver.java:46)
	at io.appium.java_client.AppiumDriver.execute(AppiumDriver.java:1)
	at io.appium.java_client.android.AndroidDriver.execute(AndroidDriver.java:1)
	at com.kms.katalon.core.appium.driver.SwipeableAndroidDriver.execute(SwipeableAndroidDriver.java:1)
	at org.openqa.selenium.remote.RemoteWebDriver$RemoteWebDriverOptions$RemoteWindow.getSize(RemoteWebDriver.java:813)
	at org.openqa.selenium.WebDriver$Window$getSize.call(Unknown Source)
	at com.kms.katalon.core.mobile.keyword.internal.MobileAbstractKeyword.findElement(MobileAbstractKeyword.groovy:81)
	at com.kms.katalon.core.mobile.keyword.builtin.VerifyElementExistKeyword.access$1(VerifyElementExistKeyword.groovy)
	at com.kms.katalon.core.mobile.keyword.builtin.VerifyElementExistKeyword$_verifyElementExist_closure1.doCall(VerifyElementExistKeyword.groovy:72)
	at com.kms.katalon.core.mobile.keyword.builtin.VerifyElementExistKeyword$_verifyElementExist_closure1.call(VerifyElementExistKeyword.groovy)
	at com.kms.katalon.core.mobile.keyword.internal.MobileKeywordMain.runKeyword(MobileKeywordMain.groovy:21)
	at com.kms.katalon.core.mobile.keyword.builtin.VerifyElementExistKeyword.verifyElementExist(VerifyElementExistKeyword.groovy:80)
	at com.kms.katalon.core.mobile.keyword.builtin.VerifyElementExistKeyword.execute(VerifyElementExistKeyword.groovy:64)
	at com.kms.katalon.core.keyword.internal.KeywordExecutor.executeKeywordForPlatform(KeywordExecutor.groovy:74)
	at com.kms.katalon.core.mobile.keyword.MobileBuiltInKeywords.verifyElementExist(MobileBuiltInKeywords.groovy:1755)
	at com.kms.katalon.core.mobile.keyword.MobileBuiltInKeywords$verifyElementExist$8.call(Unknown Source)
	at duitNow_businessRegNumberTransaction.run(duitNow_businessRegNumberTransaction:106)
	at com.kms.katalon.core.main.ScriptEngine.run(ScriptEngine.java:194)
	at com.kms.katalon.core.main.ScriptEngine.runScriptAsRawText(ScriptEngine.java:119)
	at com.kms.katalon.core.main.TestCaseExecutor.runScript(TestCaseExecutor.java:445)
	at com.kms.katalon.core.main.TestCaseExecutor.doExecute(TestCaseExecutor.java:436)
	at com.kms.katalon.core.main.TestCaseExecutor.processExecutionPhase(TestCaseExecutor.java:415)
	at com.kms.katalon.core.main.TestCaseExecutor.accessMainPhase(TestCaseExecutor.java:407)
	at com.kms.katalon.core.main.TestCaseExecutor.execute(TestCaseExecutor.java:284)
	at com.kms.katalon.core.common.CommonExecutor.accessTestCaseMainPhase(CommonExecutor.java:65)
	at com.kms.katalon.core.main.TestSuiteExecutor.accessTestSuiteMainPhase(TestSuiteExecutor.java:144)
	at com.kms.katalon.core.main.TestSuiteExecutor.execute(TestSuiteExecutor.java:106)
	at com.kms.katalon.core.main.TestCaseMain.startTestSuite(TestCaseMain.java:185)
	at com.kms.katalon.core.main.TestCaseMain$startTestSuite$0.call(Unknown Source)
	at TempTestSuite1655885093224.run(TempTestSuite1655885093224.groovy:36)
)

2022-06-22 16:48:00 - [MESSAGE][WARNING] - Timeout '0' is invalid. Using default page load timeout: '40'

2022-06-22 16:48:00 - [MESSAGE][FAILED] - Failed to check for element 'Object Repository/Banking/duitNowBusinessRegNoInputField' exist (Root cause: org.openqa.selenium.WebDriverException: An unknown server-side error occurred while processing the command. Original error: 'GET /window/current/size' cannot be proxied to UiAutomator2 server because the instrumentation process is not running (probably crashed). Check the server log and/or the logcat output for more details
Build info: version: '3.141.59', revision: 'e82be7d358', time: '2018-11-14T08:25:53'
System info: host: '00139272s-MacBook-Pro.local', ip: '2001:e68:6167:d901:5dd8:2a3:885f:7e34%en0', os.name: 'Mac OS X', os.arch: 'x86_64', os.version: '10.16', java.version: '1.8.0_275'
Driver info: com.kms.katalon.core.appium.driver.SwipeableAndroidDriver
Capabilities {app: /Users/a00139272/Katalon St..., appActivity: com.maybank2u.life.MainActi..., appPackage: com.maybank2u.life.sit, appWaitActivity: *, autoGrantPermissions: true, automationName: uiautomator2, chromedriverPort: 52878, databaseEnabled: false, desired: {app: /Users/a00139272/Katalon St..., appActivity: com.maybank2u.life.MainActi..., appPackage: com.maybank2u.life.sit, appWaitActivity: *, autoGrantPermissions: true, automationName: uiautomator2, chromedriverPort: 52878, deviceId: 002b9cc60508, deviceName: Xiaomi 21061119AG (Android 11), fullReset: false, newCommandTimeout: 1800, noReset: true, platform: ANDROID, platformName: android, platformVersion: 11, systemPort: 52876, udid: 002b9cc60508}, deviceApiLevel: 30, deviceId: 002b9cc60508, deviceManufacturer: Xiaomi, deviceModel: 21061119AG, deviceName: 002b9cc60508, deviceScreenDensity: 440, deviceScreenSize: 1080x2400, deviceUDID: 002b9cc60508, fullReset: false, javascriptEnabled: true, locationContextEnabled: false, networkConnectionEnabled: true, newCommandTimeout: 1800, noReset: true, pixelRatio: 2.75, platform: ANDROID, platformName: Android, platformVersion: 11, statBarHeight: 103, systemPort: 52876, takesScreenshot: true, udid: 002b9cc60508, viewportRect: {height: 2064, left: 0, top: 103, width: 1080}, warnings: {}, webStorageEnabled: false}
Session ID: 07e0a906-f567-4646-abfd-84c6cc800d18
	at org.openqa.selenium.remote.http.W3CHttpResponseCodec.createException(W3CHttpResponseCodec.java:187)
	at org.openqa.selenium.remote.http.W3CHttpResponseCodec.decode(W3CHttpResponseCodec.java:122)
	at org.openqa.selenium.remote.http.W3CHttpResponseCodec.decode(W3CHttpResponseCodec.java:49)
	at org.openqa.selenium.remote.HttpCommandExecutor.execute(HttpCommandExecutor.java:158)
	at io.appium.java_client.remote.AppiumCommandExecutor.execute(AppiumCommandExecutor.java:239)
	at org.openqa.selenium.remote.RemoteWebDriver.execute(RemoteWebDriver.java:552)
	at io.appium.java_client.DefaultGenericMobileDriver.execute(DefaultGenericMobileDriver.java:46)
	at io.appium.java_client.AppiumDriver.execute(AppiumDriver.java:1)
	at io.appium.java_client.android.AndroidDriver.execute(AndroidDriver.java:1)
	at com.kms.katalon.core.appium.driver.SwipeableAndroidDriver.execute(SwipeableAndroidDriver.java:1)
	at org.openqa.selenium.remote.RemoteWebDriver$RemoteWebDriverOptions$RemoteWindow.getSize(RemoteWebDriver.java:813)
	at org.openqa.selenium.WebDriver$Window$getSize.call(Unknown Source)
	at com.kms.katalon.core.mobile.keyword.internal.MobileAbstractKeyword.findElement(MobileAbstractKeyword.groovy:81)
	at com.kms.katalon.core.mobile.keyword.builtin.VerifyElementExistKeyword.access$1(VerifyElementExistKeyword.groovy)
	at com.kms.katalon.core.mobile.keyword.builtin.VerifyElementExistKeyword$_verifyElementExist_closure1.doCall(VerifyElementExistKeyword.groovy:72)
	at com.kms.katalon.core.mobile.keyword.builtin.VerifyElementExistKeyword$_verifyElementExist_closure1.call(VerifyElementExistKeyword.groovy)
	at com.kms.katalon.core.mobile.keyword.internal.MobileKeywordMain.runKeyword(MobileKeywordMain.groovy:21)
	at com.kms.katalon.core.mobile.keyword.builtin.VerifyElementExistKeyword.verifyElementExist(VerifyElementExistKeyword.groovy:80)
	at com.kms.katalon.core.mobile.keyword.builtin.VerifyElementExistKeyword.execute(VerifyElementExistKeyword.groovy:64)
	at com.kms.katalon.core.keyword.internal.KeywordExecutor.executeKeywordForPlatform(KeywordExecutor.groovy:74)
	at com.kms.katalon.core.mobile.keyword.MobileBuiltInKeywords.verifyElementExist(MobileBuiltInKeywords.groovy:1755)
	at com.kms.katalon.core.mobile.keyword.MobileBuiltInKeywords$verifyElementExist$8.call(Unknown Source)
	at duitNow_businessRegNumberTransaction.run(duitNow_businessRegNumberTransaction:106)
	at com.kms.katalon.core.main.ScriptEngine.run(ScriptEngine.java:194)
	at com.kms.katalon.core.main.ScriptEngine.runScriptAsRawText(ScriptEngine.java:119)
	at com.kms.katalon.core.main.TestCaseExecutor.runScript(TestCaseExecutor.java:445)
	at com.kms.katalon.core.main.TestCaseExecutor.doExecute(TestCaseExecutor.java:436)
	at com.kms.katalon.core.main.TestCaseExecutor.processExecutionPhase(TestCaseExecutor.java:415)
	at com.kms.katalon.core.main.TestCaseExecutor.accessMainPhase(TestCaseExecutor.java:407)
	at com.kms.katalon.core.main.TestCaseExecutor.execute(TestCaseExecutor.java:284)
	at com.kms.katalon.core.common.CommonExecutor.accessTestCaseMainPhase(CommonExecutor.java:65)
	at com.kms.katalon.core.main.TestSuiteExecutor.accessTestSuiteMainPhase(TestSuiteExecutor.java:144)
	at com.kms.katalon.core.main.TestSuiteExecutor.execute(TestSuiteExecutor.java:106)
	at com.kms.katalon.core.main.TestCaseMain.startTestSuite(TestCaseMain.java:185)
	at com.kms.katalon.core.main.TestCaseMain$startTestSuite$0.call(Unknown Source)
	at TempTestSuite1655885093224.run(TempTestSuite1655885093224.groovy:36)
)

2022-06-22 16:48:00 - [TEST_STEP][FAILED] - setText(findTestObject("Banking/duitNowBusinessRegNoInputField", ["proxyPlaceholder":proxyPlaceholder]), proxyNumber, 0): Failed to set text into element (Root cause: org.openqa.selenium.WebDriverException: An unknown server-side error occurred while processing the command. Original error: 'GET /window/current/size' cannot be proxied to UiAutomator2 server because the instrumentation process is not running (probably crashed). Check the server log and/or the logcat output for more details
Build info: version: '3.141.59', revision: 'e82be7d358', time: '2018-11-14T08:25:53'
System info: host: '00139272s-MacBook-Pro.local', ip: '2001:e68:6167:d901:5dd8:2a3:885f:7e34%en0', os.name: 'Mac OS X', os.arch: 'x86_64', os.version: '10.16', java.version: '1.8.0_275'
Driver info: com.kms.katalon.core.appium.driver.SwipeableAndroidDriver
Capabilities {app: /Users/a00139272/Katalon St..., appActivity: com.maybank2u.life.MainActi..., appPackage: com.maybank2u.life.sit, appWaitActivity: *, autoGrantPermissions: true, automationName: uiautomator2, chromedriverPort: 52878, databaseEnabled: false, desired: {app: /Users/a00139272/Katalon St..., appActivity: com.maybank2u.life.MainActi..., appPackage: com.maybank2u.life.sit, appWaitActivity: *, autoGrantPermissions: true, automationName: uiautomator2, chromedriverPort: 52878, deviceId: 002b9cc60508, deviceName: Xiaomi 21061119AG (Android 11), fullReset: false, newCommandTimeout: 1800, noReset: true, platform: ANDROID, platformName: android, platformVersion: 11, systemPort: 52876, udid: 002b9cc60508}, deviceApiLevel: 30, deviceId: 002b9cc60508, deviceManufacturer: Xiaomi, deviceModel: 21061119AG, deviceName: 002b9cc60508, deviceScreenDensity: 440, deviceScreenSize: 1080x2400, deviceUDID: 002b9cc60508, fullReset: false, javascriptEnabled: true, locationContextEnabled: false, networkConnectionEnabled: true, newCommandTimeout: 1800, noReset: true, pixelRatio: 2.75, platform: ANDROID, platformName: Android, platformVersion: 11, statBarHeight: 103, systemPort: 52876, takesScreenshot: true, udid: 002b9cc60508, viewportRect: {height: 2064, left: 0, top: 103, width: 1080}, warnings: {}, webStorageEnabled: false}
Session ID: 07e0a906-f567-4646-abfd-84c6cc800d18
	at org.openqa.selenium.remote.http.W3CHttpResponseCodec.createException(W3CHttpResponseCodec.java:187)
	at org.openqa.selenium.remote.http.W3CHttpResponseCodec.decode(W3CHttpResponseCodec.java:122)
	at org.openqa.selenium.remote.http.W3CHttpResponseCodec.decode(W3CHttpResponseCodec.java:49)
	at org.openqa.selenium.remote.HttpCommandExecutor.execute(HttpCommandExecutor.java:158)
	at io.appium.java_client.remote.AppiumCommandExecutor.execute(AppiumCommandExecutor.java:239)
	at org.openqa.selenium.remote.RemoteWebDriver.execute(RemoteWebDriver.java:552)
	at io.appium.java_client.DefaultGenericMobileDriver.execute(DefaultGenericMobileDriver.java:46)
	at io.appium.java_client.AppiumDriver.execute(AppiumDriver.java:1)
	at io.appium.java_client.android.AndroidDriver.execute(AndroidDriver.java:1)
	at com.kms.katalon.core.appium.driver.SwipeableAndroidDriver.execute(SwipeableAndroidDriver.java:1)
	at org.openqa.selenium.remote.RemoteWebDriver$RemoteWebDriverOptions$RemoteWindow.getSize(RemoteWebDriver.java:813)
	at org.openqa.selenium.WebDriver$Window$getSize.call(Unknown Source)
	at com.kms.katalon.core.mobile.keyword.internal.MobileAbstractKeyword.findElement(MobileAbstractKeyword.groovy:81)
	at com.kms.katalon.core.mobile.keyword.builtin.SetTextKeyword.access$1(SetTextKeyword.groovy)
	at com.kms.katalon.core.mobile.keyword.builtin.SetTextKeyword$_setText_closure1.doCall(SetTextKeyword.groovy:74)
	at com.kms.katalon.core.mobile.keyword.builtin.SetTextKeyword$_setText_closure1.call(SetTextKeyword.groovy)
	at com.kms.katalon.core.mobile.keyword.internal.MobileKeywordMain.runKeyword(MobileKeywordMain.groovy:21)
	at com.kms.katalon.core.mobile.keyword.builtin.SetTextKeyword.setText(SetTextKeyword.groovy:83)
	at com.kms.katalon.core.mobile.keyword.builtin.SetTextKeyword.execute(SetTextKeyword.groovy:66)
	at com.kms.katalon.core.keyword.internal.KeywordExecutor.executeKeywordForPlatform(KeywordExecutor.groovy:74)
	at com.kms.katalon.core.mobile.keyword.MobileBuiltInKeywords.setText(MobileBuiltInKeywords.groovy:1307)
	at com.kms.katalon.core.mobile.keyword.MobileBuiltInKeywords$setText$6.call(Unknown Source)
	at duitNow_businessRegNumberTransaction.run(duitNow_businessRegNumberTransaction:108)
	at com.kms.katalon.core.main.ScriptEngine.run(ScriptEngine.java:194)
	at com.kms.katalon.core.main.ScriptEngine.runScriptAsRawText(ScriptEngine.java:119)
	at com.kms.katalon.core.main.TestCaseExecutor.runScript(TestCaseExecutor.java:445)
	at com.kms.katalon.core.main.TestCaseExecutor.doExecute(TestCaseExecutor.java:436)
	at com.kms.katalon.core.main.TestCaseExecutor.processExecutionPhase(TestCaseExecutor.java:415)
	at com.kms.katalon.core.main.TestCaseExecutor.accessMainPhase(TestCaseExecutor.java:407)
	at com.kms.katalon.core.main.TestCaseExecutor.execute(TestCaseExecutor.java:284)
	at com.kms.katalon.core.common.CommonExecutor.accessTestCaseMainPhase(CommonExecutor.java:65)
	at com.kms.katalon.core.main.TestSuiteExecutor.accessTestSuiteMainPhase(TestSuiteExecutor.java:144)
	at com.kms.katalon.core.main.TestSuiteExecutor.execute(TestSuiteExecutor.java:106)
	at com.kms.katalon.core.main.TestCaseMain.startTestSuite(TestCaseMain.java:185)
	at com.kms.katalon.core.main.TestCaseMain$startTestSuite$0.call(Unknown Source)
	at TempTestSuite1655885093224.run(TempTestSuite1655885093224.groovy:36)
)

2022-06-22 16:48:00 - [MESSAGE][WARNING] - Timeout '0' is invalid. Using default page load timeout: '40'

2022-06-22 16:48:00 - [MESSAGE][FAILED] - Failed to set text into element (Root cause: org.openqa.selenium.WebDriverException: An unknown server-side error occurred while processing the command. Original error: 'GET /window/current/size' cannot be proxied to UiAutomator2 server because the instrumentation process is not running (probably crashed). Check the server log and/or the logcat output for more details
Build info: version: '3.141.59', revision: 'e82be7d358', time: '2018-11-14T08:25:53'
System info: host: '00139272s-MacBook-Pro.local', ip: '2001:e68:6167:d901:5dd8:2a3:885f:7e34%en0', os.name: 'Mac OS X', os.arch: 'x86_64', os.version: '10.16', java.version: '1.8.0_275'
Driver info: com.kms.katalon.core.appium.driver.SwipeableAndroidDriver
Capabilities {app: /Users/a00139272/Katalon St..., appActivity: com.maybank2u.life.MainActi..., appPackage: com.maybank2u.life.sit, appWaitActivity: *, autoGrantPermissions: true, automationName: uiautomator2, chromedriverPort: 52878, databaseEnabled: false, desired: {app: /Users/a00139272/Katalon St..., appActivity: com.maybank2u.life.MainActi..., appPackage: com.maybank2u.life.sit, appWaitActivity: *, autoGrantPermissions: true, automationName: uiautomator2, chromedriverPort: 52878, deviceId: 002b9cc60508, deviceName: Xiaomi 21061119AG (Android 11), fullReset: false, newCommandTimeout: 1800, noReset: true, platform: ANDROID, platformName: android, platformVersion: 11, systemPort: 52876, udid: 002b9cc60508}, deviceApiLevel: 30, deviceId: 002b9cc60508, deviceManufacturer: Xiaomi, deviceModel: 21061119AG, deviceName: 002b9cc60508, deviceScreenDensity: 440, deviceScreenSize: 1080x2400, deviceUDID: 002b9cc60508, fullReset: false, javascriptEnabled: true, locationContextEnabled: false, networkConnectionEnabled: true, newCommandTimeout: 1800, noReset: true, pixelRatio: 2.75, platform: ANDROID, platformName: Android, platformVersion: 11, statBarHeight: 103, systemPort: 52876, takesScreenshot: true, udid: 002b9cc60508, viewportRect: {height: 2064, left: 0, top: 103, width: 1080}, warnings: {}, webStorageEnabled: false}
Session ID: 07e0a906-f567-4646-abfd-84c6cc800d18
	at org.openqa.selenium.remote.http.W3CHttpResponseCodec.createException(W3CHttpResponseCodec.java:187)
	at org.openqa.selenium.remote.http.W3CHttpResponseCodec.decode(W3CHttpResponseCodec.java:122)
	at org.openqa.selenium.remote.http.W3CHttpResponseCodec.decode(W3CHttpResponseCodec.java:49)
	at org.openqa.selenium.remote.HttpCommandExecutor.execute(HttpCommandExecutor.java:158)
	at io.appium.java_client.remote.AppiumCommandExecutor.execute(AppiumCommandExecutor.java:239)
	at org.openqa.selenium.remote.RemoteWebDriver.execute(RemoteWebDriver.java:552)
	at io.appium.java_client.DefaultGenericMobileDriver.execute(DefaultGenericMobileDriver.java:46)
	at io.appium.java_client.AppiumDriver.execute(AppiumDriver.java:1)
	at io.appium.java_client.android.AndroidDriver.execute(AndroidDriver.java:1)
	at com.kms.katalon.core.appium.driver.SwipeableAndroidDriver.execute(SwipeableAndroidDriver.java:1)
	at org.openqa.selenium.remote.RemoteWebDriver$RemoteWebDriverOptions$RemoteWindow.getSize(RemoteWebDriver.java:813)
	at org.openqa.selenium.WebDriver$Window$getSize.call(Unknown Source)
	at com.kms.katalon.core.mobile.keyword.internal.MobileAbstractKeyword.findElement(MobileAbstractKeyword.groovy:81)
	at com.kms.katalon.core.mobile.keyword.builtin.SetTextKeyword.access$1(SetTextKeyword.groovy)
	at com.kms.katalon.core.mobile.keyword.builtin.SetTextKeyword$_setText_closure1.doCall(SetTextKeyword.groovy:74)
	at com.kms.katalon.core.mobile.keyword.builtin.SetTextKeyword$_setText_closure1.call(SetTextKeyword.groovy)
	at com.kms.katalon.core.mobile.keyword.internal.MobileKeywordMain.runKeyword(MobileKeywordMain.groovy:21)
	at com.kms.katalon.core.mobile.keyword.builtin.SetTextKeyword.setText(SetTextKeyword.groovy:83)
	at com.kms.katalon.core.mobile.keyword.builtin.SetTextKeyword.execute(SetTextKeyword.groovy:66)
	at com.kms.katalon.core.keyword.internal.KeywordExecutor.executeKeywordForPlatform(KeywordExecutor.groovy:74)
	at com.kms.katalon.core.mobile.keyword.MobileBuiltInKeywords.setText(MobileBuiltInKeywords.groovy:1307)
	at com.kms.katalon.core.mobile.keyword.MobileBuiltInKeywords$setText$6.call(Unknown Source)
	at duitNow_businessRegNumberTransaction.run(duitNow_businessRegNumberTransaction:108)
	at com.kms.katalon.core.main.ScriptEngine.run(ScriptEngine.java:194)
	at com.kms.katalon.core.main.ScriptEngine.runScriptAsRawText(ScriptEngine.java:119)
	at com.kms.katalon.core.main.TestCaseExecutor.runScript(TestCaseExecutor.java:445)
	at com.kms.katalon.core.main.TestCaseExecutor.doExecute(TestCaseExecutor.java:436)
	at com.kms.katalon.core.main.TestCaseExecutor.processExecutionPhase(TestCaseExecutor.java:415)
	at com.kms.katalon.core.main.TestCaseExecutor.accessMainPhase(TestCaseExecutor.java:407)
	at com.kms.katalon.core.main.TestCaseExecutor.execute(TestCaseExecutor.java:284)
	at com.kms.katalon.core.common.CommonExecutor.accessTestCaseMainPhase(CommonExecutor.java:65)
	at com.kms.katalon.core.main.TestSuiteExecutor.accessTestSuiteMainPhase(TestSuiteExecutor.java:144)
	at com.kms.katalon.core.main.TestSuiteExecutor.execute(TestSuiteExecutor.java:106)
	at com.kms.katalon.core.main.TestCaseMain.startTestSuite(TestCaseMain.java:185)
	at com.kms.katalon.core.main.TestCaseMain$startTestSuite$0.call(Unknown Source)
	at TempTestSuite1655885093224.run(TempTestSuite1655885093224.groovy:36)
)

2022-06-22 16:48:00 - [TEST_STEP][PASSED] - hideKeyboard(): Keyboard is hidden

2022-06-22 16:48:01 - [MESSAGE][PASSED] - Keyboard is hidden

2022-06-22 16:48:01 - [TEST_STEP][PASSED] - if (proxy == "Passport Number"): null

2022-06-22 16:48:01 - [TEST_STEP][FAILED] - tap(findTestObject("Login Onboarding/loginExistingContinueBtn"), 0): Failed to tap on element 'Object Repository/Login Onboarding/loginExistingContinueBtn' (Root cause: org.openqa.selenium.WebDriverException: An unknown server-side error occurred while processing the command. Original error: 'GET /window/current/size' cannot be proxied to UiAutomator2 server because the instrumentation process is not running (probably crashed). Check the server log and/or the logcat output for more details
Build info: version: '3.141.59', revision: 'e82be7d358', time: '2018-11-14T08:25:53'
System info: host: '00139272s-MacBook-Pro.local', ip: '2001:e68:6167:d901:5dd8:2a3:885f:7e34%en0', os.name: 'Mac OS X', os.arch: 'x86_64', os.version: '10.16', java.version: '1.8.0_275'
Driver info: com.kms.katalon.core.appium.driver.SwipeableAndroidDriver
Capabilities {app: /Users/a00139272/Katalon St..., appActivity: com.maybank2u.life.MainActi..., appPackage: com.maybank2u.life.sit, appWaitActivity: *, autoGrantPermissions: true, automationName: uiautomator2, chromedriverPort: 52878, databaseEnabled: false, desired: {app: /Users/a00139272/Katalon St..., appActivity: com.maybank2u.life.MainActi..., appPackage: com.maybank2u.life.sit, appWaitActivity: *, autoGrantPermissions: true, automationName: uiautomator2, chromedriverPort: 52878, deviceId: 002b9cc60508, deviceName: Xiaomi 21061119AG (Android 11), fullReset: false, newCommandTimeout: 1800, noReset: true, platform: ANDROID, platformName: android, platformVersion: 11, systemPort: 52876, udid: 002b9cc60508}, deviceApiLevel: 30, deviceId: 002b9cc60508, deviceManufacturer: Xiaomi, deviceModel: 21061119AG, deviceName: 002b9cc60508, deviceScreenDensity: 440, deviceScreenSize: 1080x2400, deviceUDID: 002b9cc60508, fullReset: false, javascriptEnabled: true, locationContextEnabled: false, networkConnectionEnabled: true, newCommandTimeout: 1800, noReset: true, pixelRatio: 2.75, platform: ANDROID, platformName: Android, platformVersion: 11, statBarHeight: 103, systemPort: 52876, takesScreenshot: true, udid: 002b9cc60508, viewportRect: {height: 2064, left: 0, top: 103, width: 1080}, warnings: {}, webStorageEnabled: false}
Session ID: 07e0a906-f567-4646-abfd-84c6cc800d18
	at org.openqa.selenium.remote.http.W3CHttpResponseCodec.createException(W3CHttpResponseCodec.java:187)
	at org.openqa.selenium.remote.http.W3CHttpResponseCodec.decode(W3CHttpResponseCodec.java:122)
	at org.openqa.selenium.remote.http.W3CHttpResponseCodec.decode(W3CHttpResponseCodec.java:49)
	at org.openqa.selenium.remote.HttpCommandExecutor.execute(HttpCommandExecutor.java:158)
	at io.appium.java_client.remote.AppiumCommandExecutor.execute(AppiumCommandExecutor.java:239)
	at org.openqa.selenium.remote.RemoteWebDriver.execute(RemoteWebDriver.java:552)
	at io.appium.java_client.DefaultGenericMobileDriver.execute(DefaultGenericMobileDriver.java:46)
	at io.appium.java_client.AppiumDriver.execute(AppiumDriver.java:1)
	at io.appium.java_client.android.AndroidDriver.execute(AndroidDriver.java:1)
	at com.kms.katalon.core.appium.driver.SwipeableAndroidDriver.execute(SwipeableAndroidDriver.java:1)
	at org.openqa.selenium.remote.RemoteWebDriver$RemoteWebDriverOptions$RemoteWindow.getSize(RemoteWebDriver.java:813)
	at org.openqa.selenium.WebDriver$Window$getSize.call(Unknown Source)
	at com.kms.katalon.core.mobile.keyword.internal.MobileAbstractKeyword.findElement(MobileAbstractKeyword.groovy:81)
	at com.kms.katalon.core.mobile.keyword.builtin.TapKeyword.access$1(TapKeyword.groovy)
	at com.kms.katalon.core.mobile.keyword.builtin.TapKeyword$_tap_closure1.doCall(TapKeyword.groovy:76)
	at com.kms.katalon.core.mobile.keyword.builtin.TapKeyword$_tap_closure1.call(TapKeyword.groovy)
	at com.kms.katalon.core.mobile.keyword.internal.MobileKeywordMain.runKeyword(MobileKeywordMain.groovy:21)
	at com.kms.katalon.core.mobile.keyword.builtin.TapKeyword.tap(TapKeyword.groovy:84)
	at com.kms.katalon.core.mobile.keyword.builtin.TapKeyword.execute(TapKeyword.groovy:68)
	at com.kms.katalon.core.keyword.internal.KeywordExecutor.executeKeywordForPlatform(KeywordExecutor.groovy:74)
	at com.kms.katalon.core.mobile.keyword.MobileBuiltInKeywords.tap(MobileBuiltInKeywords.groovy:1490)
	at com.kms.katalon.core.mobile.keyword.MobileBuiltInKeywords$tap$4.call(Unknown Source)
	at duitNow_businessRegNumberTransaction.run(duitNow_businessRegNumberTransaction:130)
	at com.kms.katalon.core.main.ScriptEngine.run(ScriptEngine.java:194)
	at com.kms.katalon.core.main.ScriptEngine.runScriptAsRawText(ScriptEngine.java:119)
	at com.kms.katalon.core.main.TestCaseExecutor.runScript(TestCaseExecutor.java:445)
	at com.kms.katalon.core.main.TestCaseExecutor.doExecute(TestCaseExecutor.java:436)
	at com.kms.katalon.core.main.TestCaseExecutor.processExecutionPhase(TestCaseExecutor.java:415)
	at com.kms.katalon.core.main.TestCaseExecutor.accessMainPhase(TestCaseExecutor.java:407)
	at com.kms.katalon.core.main.TestCaseExecutor.execute(TestCaseExecutor.java:284)
	at com.kms.katalon.core.common.CommonExecutor.accessTestCaseMainPhase(CommonExecutor.java:65)
	at com.kms.katalon.core.main.TestSuiteExecutor.accessTestSuiteMainPhase(TestSuiteExecutor.java:144)
	at com.kms.katalon.core.main.TestSuiteExecutor.execute(TestSuiteExecutor.java:106)
	at com.kms.katalon.core.main.TestCaseMain.startTestSuite(TestCaseMain.java:185)
	at com.kms.katalon.core.main.TestCaseMain$startTestSuite$0.call(Unknown Source)
	at TempTestSuite1655885093224.run(TempTestSuite1655885093224.groovy:36)
)

2022-06-22 16:48:01 - [MESSAGE][WARNING] - Timeout '0' is invalid. Using default page load timeout: '40'

2022-06-22 16:48:01 - [MESSAGE][FAILED] - Failed to tap on element 'Object Repository/Login Onboarding/loginExistingContinueBtn' (Root cause: org.openqa.selenium.WebDriverException: An unknown server-side error occurred while processing the command. Original error: 'GET /window/current/size' cannot be proxied to UiAutomator2 server because the instrumentation process is not running (probably crashed). Check the server log and/or the logcat output for more details
Build info: version: '3.141.59', revision: 'e82be7d358', time: '2018-11-14T08:25:53'
System info: host: '00139272s-MacBook-Pro.local', ip: '2001:e68:6167:d901:5dd8:2a3:885f:7e34%en0', os.name: 'Mac OS X', os.arch: 'x86_64', os.version: '10.16', java.version: '1.8.0_275'
Driver info: com.kms.katalon.core.appium.driver.SwipeableAndroidDriver
Capabilities {app: /Users/a00139272/Katalon St..., appActivity: com.maybank2u.life.MainActi..., appPackage: com.maybank2u.life.sit, appWaitActivity: *, autoGrantPermissions: true, automationName: uiautomator2, chromedriverPort: 52878, databaseEnabled: false, desired: {app: /Users/a00139272/Katalon St..., appActivity: com.maybank2u.life.MainActi..., appPackage: com.maybank2u.life.sit, appWaitActivity: *, autoGrantPermissions: true, automationName: uiautomator2, chromedriverPort: 52878, deviceId: 002b9cc60508, deviceName: Xiaomi 21061119AG (Android 11), fullReset: false, newCommandTimeout: 1800, noReset: true, platform: ANDROID, platformName: android, platformVersion: 11, systemPort: 52876, udid: 002b9cc60508}, deviceApiLevel: 30, deviceId: 002b9cc60508, deviceManufacturer: Xiaomi, deviceModel: 21061119AG, deviceName: 002b9cc60508, deviceScreenDensity: 440, deviceScreenSize: 1080x2400, deviceUDID: 002b9cc60508, fullReset: false, javascriptEnabled: true, locationContextEnabled: false, networkConnectionEnabled: true, newCommandTimeout: 1800, noReset: true, pixelRatio: 2.75, platform: ANDROID, platformName: Android, platformVersion: 11, statBarHeight: 103, systemPort: 52876, takesScreenshot: true, udid: 002b9cc60508, viewportRect: {height: 2064, left: 0, top: 103, width: 1080}, warnings: {}, webStorageEnabled: false}
Session ID: 07e0a906-f567-4646-abfd-84c6cc800d18
	at org.openqa.selenium.remote.http.W3CHttpResponseCodec.createException(W3CHttpResponseCodec.java:187)
	at org.openqa.selenium.remote.http.W3CHttpResponseCodec.decode(W3CHttpResponseCodec.java:122)
	at org.openqa.selenium.remote.http.W3CHttpResponseCodec.decode(W3CHttpResponseCodec.java:49)
	at org.openqa.selenium.remote.HttpCommandExecutor.execute(HttpCommandExecutor.java:158)
	at io.appium.java_client.remote.AppiumCommandExecutor.execute(AppiumCommandExecutor.java:239)
	at org.openqa.selenium.remote.RemoteWebDriver.execute(RemoteWebDriver.java:552)
	at io.appium.java_client.DefaultGenericMobileDriver.execute(DefaultGenericMobileDriver.java:46)
	at io.appium.java_client.AppiumDriver.execute(AppiumDriver.java:1)
	at io.appium.java_client.android.AndroidDriver.execute(AndroidDriver.java:1)
	at com.kms.katalon.core.appium.driver.SwipeableAndroidDriver.execute(SwipeableAndroidDriver.java:1)
	at org.openqa.selenium.remote.RemoteWebDriver$RemoteWebDriverOptions$RemoteWindow.getSize(RemoteWebDriver.java:813)
	at org.openqa.selenium.WebDriver$Window$getSize.call(Unknown Source)
	at com.kms.katalon.core.mobile.keyword.internal.MobileAbstractKeyword.findElement(MobileAbstractKeyword.groovy:81)
	at com.kms.katalon.core.mobile.keyword.builtin.TapKeyword.access$1(TapKeyword.groovy)
	at com.kms.katalon.core.mobile.keyword.builtin.TapKeyword$_tap_closure1.doCall(TapKeyword.groovy:76)
	at com.kms.katalon.core.mobile.keyword.builtin.TapKeyword$_tap_closure1.call(TapKeyword.groovy)
	at com.kms.katalon.core.mobile.keyword.internal.MobileKeywordMain.runKeyword(MobileKeywordMain.groovy:21)
	at com.kms.katalon.core.mobile.keyword.builtin.TapKeyword.tap(TapKeyword.groovy:84)
	at com.kms.katalon.core.mobile.keyword.builtin.TapKeyword.execute(TapKeyword.groovy:68)
	at com.kms.katalon.core.keyword.internal.KeywordExecutor.executeKeywordForPlatform(KeywordExecutor.groovy:74)
	at com.kms.katalon.core.mobile.keyword.MobileBuiltInKeywords.tap(MobileBuiltInKeywords.groovy:1490)
	at com.kms.katalon.core.mobile.keyword.MobileBuiltInKeywords$tap$4.call(Unknown Source)
	at duitNow_businessRegNumberTransaction.run(duitNow_businessRegNumberTransaction:130)
	at com.kms.katalon.core.main.ScriptEngine.run(ScriptEngine.java:194)
	at com.kms.katalon.core.main.ScriptEngine.runScriptAsRawText(ScriptEngine.java:119)
	at com.kms.katalon.core.main.TestCaseExecutor.runScript(TestCaseExecutor.java:445)
	at com.kms.katalon.core.main.TestCaseExecutor.doExecute(TestCaseExecutor.java:436)
	at com.kms.katalon.core.main.TestCaseExecutor.processExecutionPhase(TestCaseExecutor.java:415)
	at com.kms.katalon.core.main.TestCaseExecutor.accessMainPhase(TestCaseExecutor.java:407)
	at com.kms.katalon.core.main.TestCaseExecutor.execute(TestCaseExecutor.java:284)
	at com.kms.katalon.core.common.CommonExecutor.accessTestCaseMainPhase(CommonExecutor.java:65)
	at com.kms.katalon.core.main.TestSuiteExecutor.accessTestSuiteMainPhase(TestSuiteExecutor.java:144)
	at com.kms.katalon.core.main.TestSuiteExecutor.execute(TestSuiteExecutor.java:106)
	at com.kms.katalon.core.main.TestCaseMain.startTestSuite(TestCaseMain.java:185)
	at com.kms.katalon.core.main.TestCaseMain$startTestSuite$0.call(Unknown Source)
	at TempTestSuite1655885093224.run(TempTestSuite1655885093224.groovy:36)
)

2022-06-22 16:48:01 - [TEST_STEP][PASSED] - delay(3): Delayed 3 second(s)

2022-06-22 16:48:04 - [MESSAGE][PASSED] - Delayed 3 second(s)

2022-06-22 16:48:04 - [TEST_STEP][FAILED] - verifyElementText(findTestObject("Duit Now/duitNowAmountProxyNumberTxt", ["proxyNumber":proxyNumber]), proxyNumber): Verify element text of test object 'Object Repository/Duit Now/duitNowAmountProxyNumberTxt' FAILED. (Root cause: org.openqa.selenium.WebDriverException: An unknown server-side error occurred while processing the command. Original error: 'GET /window/current/size' cannot be proxied to UiAutomator2 server because the instrumentation process is not running (probably crashed). Check the server log and/or the logcat output for more details
Build info: version: '3.141.59', revision: 'e82be7d358', time: '2018-11-14T08:25:53'
System info: host: '00139272s-MacBook-Pro.local', ip: '2001:e68:6167:d901:5dd8:2a3:885f:7e34%en0', os.name: 'Mac OS X', os.arch: 'x86_64', os.version: '10.16', java.version: '1.8.0_275'
Driver info: com.kms.katalon.core.appium.driver.SwipeableAndroidDriver
Capabilities {app: /Users/a00139272/Katalon St..., appActivity: com.maybank2u.life.MainActi..., appPackage: com.maybank2u.life.sit, appWaitActivity: *, autoGrantPermissions: true, automationName: uiautomator2, chromedriverPort: 52878, databaseEnabled: false, desired: {app: /Users/a00139272/Katalon St..., appActivity: com.maybank2u.life.MainActi..., appPackage: com.maybank2u.life.sit, appWaitActivity: *, autoGrantPermissions: true, automationName: uiautomator2, chromedriverPort: 52878, deviceId: 002b9cc60508, deviceName: Xiaomi 21061119AG (Android 11), fullReset: false, newCommandTimeout: 1800, noReset: true, platform: ANDROID, platformName: android, platformVersion: 11, systemPort: 52876, udid: 002b9cc60508}, deviceApiLevel: 30, deviceId: 002b9cc60508, deviceManufacturer: Xiaomi, deviceModel: 21061119AG, deviceName: 002b9cc60508, deviceScreenDensity: 440, deviceScreenSize: 1080x2400, deviceUDID: 002b9cc60508, fullReset: false, javascriptEnabled: true, locationContextEnabled: false, networkConnectionEnabled: true, newCommandTimeout: 1800, noReset: true, pixelRatio: 2.75, platform: ANDROID, platformName: Android, platformVersion: 11, statBarHeight: 103, systemPort: 52876, takesScreenshot: true, udid: 002b9cc60508, viewportRect: {height: 2064, left: 0, top: 103, width: 1080}, warnings: {}, webStorageEnabled: false}
Session ID: 07e0a906-f567-4646-abfd-84c6cc800d18
	at org.openqa.selenium.remote.http.W3CHttpResponseCodec.createException(W3CHttpResponseCodec.java:187)
	at org.openqa.selenium.remote.http.W3CHttpResponseCodec.decode(W3CHttpResponseCodec.java:122)
	at org.openqa.selenium.remote.http.W3CHttpResponseCodec.decode(W3CHttpResponseCodec.java:49)
	at org.openqa.selenium.remote.HttpCommandExecutor.execute(HttpCommandExecutor.java:158)
	at io.appium.java_client.remote.AppiumCommandExecutor.execute(AppiumCommandExecutor.java:239)
	at org.openqa.selenium.remote.RemoteWebDriver.execute(RemoteWebDriver.java:552)
	at io.appium.java_client.DefaultGenericMobileDriver.execute(DefaultGenericMobileDriver.java:46)
	at io.appium.java_client.AppiumDriver.execute(AppiumDriver.java:1)
	at io.appium.java_client.android.AndroidDriver.execute(AndroidDriver.java:1)
	at com.kms.katalon.core.appium.driver.SwipeableAndroidDriver.execute(SwipeableAndroidDriver.java:1)
	at org.openqa.selenium.remote.RemoteWebDriver$RemoteWebDriverOptions$RemoteWindow.getSize(RemoteWebDriver.java:813)
	at org.openqa.selenium.WebDriver$Window$getSize.call(Unknown Source)
	at com.kms.katalon.core.mobile.keyword.internal.MobileAbstractKeyword.findElement(MobileAbstractKeyword.groovy:81)
	at com.kms.katalon.core.mobile.keyword.builtin.VerifyElementTextKeyword.access$1(VerifyElementTextKeyword.groovy)
	at com.kms.katalon.core.mobile.keyword.builtin.VerifyElementTextKeyword$_verifyElementText_closure1.doCall(VerifyElementTextKeyword.groovy:47)
	at com.kms.katalon.core.mobile.keyword.builtin.VerifyElementTextKeyword$_verifyElementText_closure1.call(VerifyElementTextKeyword.groovy)
	at com.kms.katalon.core.mobile.keyword.internal.MobileKeywordMain.runKeyword(MobileKeywordMain.groovy:21)
	at com.kms.katalon.core.mobile.keyword.builtin.VerifyElementTextKeyword.verifyElementText(VerifyElementTextKeyword.groovy:62)
	at com.kms.katalon.core.mobile.keyword.builtin.VerifyElementTextKeyword.execute(VerifyElementTextKeyword.groovy:39)
	at com.kms.katalon.core.keyword.internal.KeywordExecutor.executeKeywordForPlatform(KeywordExecutor.groovy:74)
	at com.kms.katalon.core.mobile.keyword.MobileBuiltInKeywords.verifyElementText(MobileBuiltInKeywords.groovy:2901)
	at com.kms.katalon.core.mobile.keyword.MobileBuiltInKeywords$verifyElementText$9.call(Unknown Source)
	at duitNow_businessRegNumberTransaction.run(duitNow_businessRegNumberTransaction:134)
	at com.kms.katalon.core.main.ScriptEngine.run(ScriptEngine.java:194)
	at com.kms.katalon.core.main.ScriptEngine.runScriptAsRawText(ScriptEngine.java:119)
	at com.kms.katalon.core.main.TestCaseExecutor.runScript(TestCaseExecutor.java:445)
	at com.kms.katalon.core.main.TestCaseExecutor.doExecute(TestCaseExecutor.java:436)
	at com.kms.katalon.core.main.TestCaseExecutor.processExecutionPhase(TestCaseExecutor.java:415)
	at com.kms.katalon.core.main.TestCaseExecutor.accessMainPhase(TestCaseExecutor.java:407)
	at com.kms.katalon.core.main.TestCaseExecutor.execute(TestCaseExecutor.java:284)
	at com.kms.katalon.core.common.CommonExecutor.accessTestCaseMainPhase(CommonExecutor.java:65)
	at com.kms.katalon.core.main.TestSuiteExecutor.accessTestSuiteMainPhase(TestSuiteExecutor.java:144)
	at com.kms.katalon.core.main.TestSuiteExecutor.execute(TestSuiteExecutor.java:106)
	at com.kms.katalon.core.main.TestCaseMain.startTestSuite(TestCaseMain.java:185)
	at com.kms.katalon.core.main.TestCaseMain$startTestSuite$0.call(Unknown Source)
	at TempTestSuite1655885093224.run(TempTestSuite1655885093224.groovy:36)
)

2022-06-22 16:48:04 - [MESSAGE][FAILED] - Verify element text of test object 'Object Repository/Duit Now/duitNowAmountProxyNumberTxt' FAILED. (Root cause: org.openqa.selenium.WebDriverException: An unknown server-side error occurred while processing the command. Original error: 'GET /window/current/size' cannot be proxied to UiAutomator2 server because the instrumentation process is not running (probably crashed). Check the server log and/or the logcat output for more details
Build info: version: '3.141.59', revision: 'e82be7d358', time: '2018-11-14T08:25:53'
System info: host: '00139272s-MacBook-Pro.local', ip: '2001:e68:6167:d901:5dd8:2a3:885f:7e34%en0', os.name: 'Mac OS X', os.arch: 'x86_64', os.version: '10.16', java.version: '1.8.0_275'
Driver info: com.kms.katalon.core.appium.driver.SwipeableAndroidDriver
Capabilities {app: /Users/a00139272/Katalon St..., appActivity: com.maybank2u.life.MainActi..., appPackage: com.maybank2u.life.sit, appWaitActivity: *, autoGrantPermissions: true, automationName: uiautomator2, chromedriverPort: 52878, databaseEnabled: false, desired: {app: /Users/a00139272/Katalon St..., appActivity: com.maybank2u.life.MainActi..., appPackage: com.maybank2u.life.sit, appWaitActivity: *, autoGrantPermissions: true, automationName: uiautomator2, chromedriverPort: 52878, deviceId: 002b9cc60508, deviceName: Xiaomi 21061119AG (Android 11), fullReset: false, newCommandTimeout: 1800, noReset: true, platform: ANDROID, platformName: android, platformVersion: 11, systemPort: 52876, udid: 002b9cc60508}, deviceApiLevel: 30, deviceId: 002b9cc60508, deviceManufacturer: Xiaomi, deviceModel: 21061119AG, deviceName: 002b9cc60508, deviceScreenDensity: 440, deviceScreenSize: 1080x2400, deviceUDID: 002b9cc60508, fullReset: false, javascriptEnabled: true, locationContextEnabled: false, networkConnectionEnabled: true, newCommandTimeout: 1800, noReset: true, pixelRatio: 2.75, platform: ANDROID, platformName: Android, platformVersion: 11, statBarHeight: 103, systemPort: 52876, takesScreenshot: true, udid: 002b9cc60508, viewportRect: {height: 2064, left: 0, top: 103, width: 1080}, warnings: {}, webStorageEnabled: false}
Session ID: 07e0a906-f567-4646-abfd-84c6cc800d18
	at org.openqa.selenium.remote.http.W3CHttpResponseCodec.createException(W3CHttpResponseCodec.java:187)
	at org.openqa.selenium.remote.http.W3CHttpResponseCodec.decode(W3CHttpResponseCodec.java:122)
	at org.openqa.selenium.remote.http.W3CHttpResponseCodec.decode(W3CHttpResponseCodec.java:49)
	at org.openqa.selenium.remote.HttpCommandExecutor.execute(HttpCommandExecutor.java:158)
	at io.appium.java_client.remote.AppiumCommandExecutor.execute(AppiumCommandExecutor.java:239)
	at org.openqa.selenium.remote.RemoteWebDriver.execute(RemoteWebDriver.java:552)
	at io.appium.java_client.DefaultGenericMobileDriver.execute(DefaultGenericMobileDriver.java:46)
	at io.appium.java_client.AppiumDriver.execute(AppiumDriver.java:1)
	at io.appium.java_client.android.AndroidDriver.execute(AndroidDriver.java:1)
	at com.kms.katalon.core.appium.driver.SwipeableAndroidDriver.execute(SwipeableAndroidDriver.java:1)
	at org.openqa.selenium.remote.RemoteWebDriver$RemoteWebDriverOptions$RemoteWindow.getSize(RemoteWebDriver.java:813)
	at org.openqa.selenium.WebDriver$Window$getSize.call(Unknown Source)
	at com.kms.katalon.core.mobile.keyword.internal.MobileAbstractKeyword.findElement(MobileAbstractKeyword.groovy:81)
	at com.kms.katalon.core.mobile.keyword.builtin.VerifyElementTextKeyword.access$1(VerifyElementTextKeyword.groovy)
	at com.kms.katalon.core.mobile.keyword.builtin.VerifyElementTextKeyword$_verifyElementText_closure1.doCall(VerifyElementTextKeyword.groovy:47)
	at com.kms.katalon.core.mobile.keyword.builtin.VerifyElementTextKeyword$_verifyElementText_closure1.call(VerifyElementTextKeyword.groovy)
	at com.kms.katalon.core.mobile.keyword.internal.MobileKeywordMain.runKeyword(MobileKeywordMain.groovy:21)
	at com.kms.katalon.core.mobile.keyword.builtin.VerifyElementTextKeyword.verifyElementText(VerifyElementTextKeyword.groovy:62)
	at com.kms.katalon.core.mobile.keyword.builtin.VerifyElementTextKeyword.execute(VerifyElementTextKeyword.groovy:39)
	at com.kms.katalon.core.keyword.internal.KeywordExecutor.executeKeywordForPlatform(KeywordExecutor.groovy:74)
	at com.kms.katalon.core.mobile.keyword.MobileBuiltInKeywords.verifyElementText(MobileBuiltInKeywords.groovy:2901)
	at com.kms.katalon.core.mobile.keyword.MobileBuiltInKeywords$verifyElementText$9.call(Unknown Source)
	at duitNow_businessRegNumberTransaction.run(duitNow_businessRegNumberTransaction:134)
	at com.kms.katalon.core.main.ScriptEngine.run(ScriptEngine.java:194)
	at com.kms.katalon.core.main.ScriptEngine.runScriptAsRawText(ScriptEngine.java:119)
	at com.kms.katalon.core.main.TestCaseExecutor.runScript(TestCaseExecutor.java:445)
	at com.kms.katalon.core.main.TestCaseExecutor.doExecute(TestCaseExecutor.java:436)
	at com.kms.katalon.core.main.TestCaseExecutor.processExecutionPhase(TestCaseExecutor.java:415)
	at com.kms.katalon.core.main.TestCaseExecutor.accessMainPhase(TestCaseExecutor.java:407)
	at com.kms.katalon.core.main.TestCaseExecutor.execute(TestCaseExecutor.java:284)
	at com.kms.katalon.core.common.CommonExecutor.accessTestCaseMainPhase(CommonExecutor.java:65)
	at com.kms.katalon.core.main.TestSuiteExecutor.accessTestSuiteMainPhase(TestSuiteExecutor.java:144)
	at com.kms.katalon.core.main.TestSuiteExecutor.execute(TestSuiteExecutor.java:106)
	at com.kms.katalon.core.main.TestCaseMain.startTestSuite(TestCaseMain.java:185)
	at com.kms.katalon.core.main.TestCaseMain$startTestSuite$0.call(Unknown Source)
	at TempTestSuite1655885093224.run(TempTestSuite1655885093224.groovy:36)
)

2022-06-22 16:48:04 - [TEST_STEP][FAILED] - verifyElementText(findTestObject("Duit Now/duitNowAmountReceipientNameTxt", ["recName":recName]), recName): Verify element text of test object 'Object Repository/Duit Now/duitNowAmountReceipientNameTxt' FAILED. (Root cause: org.openqa.selenium.WebDriverException: An unknown server-side error occurred while processing the command. Original error: 'GET /window/current/size' cannot be proxied to UiAutomator2 server because the instrumentation process is not running (probably crashed). Check the server log and/or the logcat output for more details
Build info: version: '3.141.59', revision: 'e82be7d358', time: '2018-11-14T08:25:53'
System info: host: '00139272s-MacBook-Pro.local', ip: '2001:e68:6167:d901:5dd8:2a3:885f:7e34%en0', os.name: 'Mac OS X', os.arch: 'x86_64', os.version: '10.16', java.version: '1.8.0_275'
Driver info: com.kms.katalon.core.appium.driver.SwipeableAndroidDriver
Capabilities {app: /Users/a00139272/Katalon St..., appActivity: com.maybank2u.life.MainActi..., appPackage: com.maybank2u.life.sit, appWaitActivity: *, autoGrantPermissions: true, automationName: uiautomator2, chromedriverPort: 52878, databaseEnabled: false, desired: {app: /Users/a00139272/Katalon St..., appActivity: com.maybank2u.life.MainActi..., appPackage: com.maybank2u.life.sit, appWaitActivity: *, autoGrantPermissions: true, automationName: uiautomator2, chromedriverPort: 52878, deviceId: 002b9cc60508, deviceName: Xiaomi 21061119AG (Android 11), fullReset: false, newCommandTimeout: 1800, noReset: true, platform: ANDROID, platformName: android, platformVersion: 11, systemPort: 52876, udid: 002b9cc60508}, deviceApiLevel: 30, deviceId: 002b9cc60508, deviceManufacturer: Xiaomi, deviceModel: 21061119AG, deviceName: 002b9cc60508, deviceScreenDensity: 440, deviceScreenSize: 1080x2400, deviceUDID: 002b9cc60508, fullReset: false, javascriptEnabled: true, locationContextEnabled: false, networkConnectionEnabled: true, newCommandTimeout: 1800, noReset: true, pixelRatio: 2.75, platform: ANDROID, platformName: Android, platformVersion: 11, statBarHeight: 103, systemPort: 52876, takesScreenshot: true, udid: 002b9cc60508, viewportRect: {height: 2064, left: 0, top: 103, width: 1080}, warnings: {}, webStorageEnabled: false}
Session ID: 07e0a906-f567-4646-abfd-84c6cc800d18
	at org.openqa.selenium.remote.http.W3CHttpResponseCodec.createException(W3CHttpResponseCodec.java:187)
	at org.openqa.selenium.remote.http.W3CHttpResponseCodec.decode(W3CHttpResponseCodec.java:122)
	at org.openqa.selenium.remote.http.W3CHttpResponseCodec.decode(W3CHttpResponseCodec.java:49)
	at org.openqa.selenium.remote.HttpCommandExecutor.execute(HttpCommandExecutor.java:158)
	at io.appium.java_client.remote.AppiumCommandExecutor.execute(AppiumCommandExecutor.java:239)
	at org.openqa.selenium.remote.RemoteWebDriver.execute(RemoteWebDriver.java:552)
	at io.appium.java_client.DefaultGenericMobileDriver.execute(DefaultGenericMobileDriver.java:46)
	at io.appium.java_client.AppiumDriver.execute(AppiumDriver.java:1)
	at io.appium.java_client.android.AndroidDriver.execute(AndroidDriver.java:1)
	at com.kms.katalon.core.appium.driver.SwipeableAndroidDriver.execute(SwipeableAndroidDriver.java:1)
	at org.openqa.selenium.remote.RemoteWebDriver$RemoteWebDriverOptions$RemoteWindow.getSize(RemoteWebDriver.java:813)
	at org.openqa.selenium.WebDriver$Window$getSize.call(Unknown Source)
	at com.kms.katalon.core.mobile.keyword.internal.MobileAbstractKeyword.findElement(MobileAbstractKeyword.groovy:81)
	at com.kms.katalon.core.mobile.keyword.builtin.VerifyElementTextKeyword.access$1(VerifyElementTextKeyword.groovy)
	at com.kms.katalon.core.mobile.keyword.builtin.VerifyElementTextKeyword$_verifyElementText_closure1.doCall(VerifyElementTextKeyword.groovy:47)
	at com.kms.katalon.core.mobile.keyword.builtin.VerifyElementTextKeyword$_verifyElementText_closure1.call(VerifyElementTextKeyword.groovy)
	at com.kms.katalon.core.mobile.keyword.internal.MobileKeywordMain.runKeyword(MobileKeywordMain.groovy:21)
	at com.kms.katalon.core.mobile.keyword.builtin.VerifyElementTextKeyword.verifyElementText(VerifyElementTextKeyword.groovy:62)
	at com.kms.katalon.core.mobile.keyword.builtin.VerifyElementTextKeyword.execute(VerifyElementTextKeyword.groovy:39)
	at com.kms.katalon.core.keyword.internal.KeywordExecutor.executeKeywordForPlatform(KeywordExecutor.groovy:74)
	at com.kms.katalon.core.mobile.keyword.MobileBuiltInKeywords.verifyElementText(MobileBuiltInKeywords.groovy:2901)
	at com.kms.katalon.core.mobile.keyword.MobileBuiltInKeywords$verifyElementText$9.call(Unknown Source)
	at duitNow_businessRegNumberTransaction.run(duitNow_businessRegNumberTransaction:136)
	at com.kms.katalon.core.main.ScriptEngine.run(ScriptEngine.java:194)
	at com.kms.katalon.core.main.ScriptEngine.runScriptAsRawText(ScriptEngine.java:119)
	at com.kms.katalon.core.main.TestCaseExecutor.runScript(TestCaseExecutor.java:445)
	at com.kms.katalon.core.main.TestCaseExecutor.doExecute(TestCaseExecutor.java:436)
	at com.kms.katalon.core.main.TestCaseExecutor.processExecutionPhase(TestCaseExecutor.java:415)
	at com.kms.katalon.core.main.TestCaseExecutor.accessMainPhase(TestCaseExecutor.java:407)
	at com.kms.katalon.core.main.TestCaseExecutor.execute(TestCaseExecutor.java:284)
	at com.kms.katalon.core.common.CommonExecutor.accessTestCaseMainPhase(CommonExecutor.java:65)
	at com.kms.katalon.core.main.TestSuiteExecutor.accessTestSuiteMainPhase(TestSuiteExecutor.java:144)
	at com.kms.katalon.core.main.TestSuiteExecutor.execute(TestSuiteExecutor.java:106)
	at com.kms.katalon.core.main.TestCaseMain.startTestSuite(TestCaseMain.java:185)
	at com.kms.katalon.core.main.TestCaseMain$startTestSuite$0.call(Unknown Source)
	at TempTestSuite1655885093224.run(TempTestSuite1655885093224.groovy:36)
)

2022-06-22 16:48:04 - [MESSAGE][FAILED] - Verify element text of test object 'Object Repository/Duit Now/duitNowAmountReceipientNameTxt' FAILED. (Root cause: org.openqa.selenium.WebDriverException: An unknown server-side error occurred while processing the command. Original error: 'GET /window/current/size' cannot be proxied to UiAutomator2 server because the instrumentation process is not running (probably crashed). Check the server log and/or the logcat output for more details
Build info: version: '3.141.59', revision: 'e82be7d358', time: '2018-11-14T08:25:53'
System info: host: '00139272s-MacBook-Pro.local', ip: '2001:e68:6167:d901:5dd8:2a3:885f:7e34%en0', os.name: 'Mac OS X', os.arch: 'x86_64', os.version: '10.16', java.version: '1.8.0_275'
Driver info: com.kms.katalon.core.appium.driver.SwipeableAndroidDriver
Capabilities {app: /Users/a00139272/Katalon St..., appActivity: com.maybank2u.life.MainActi..., appPackage: com.maybank2u.life.sit, appWaitActivity: *, autoGrantPermissions: true, automationName: uiautomator2, chromedriverPort: 52878, databaseEnabled: false, desired: {app: /Users/a00139272/Katalon St..., appActivity: com.maybank2u.life.MainActi..., appPackage: com.maybank2u.life.sit, appWaitActivity: *, autoGrantPermissions: true, automationName: uiautomator2, chromedriverPort: 52878, deviceId: 002b9cc60508, deviceName: Xiaomi 21061119AG (Android 11), fullReset: false, newCommandTimeout: 1800, noReset: true, platform: ANDROID, platformName: android, platformVersion: 11, systemPort: 52876, udid: 002b9cc60508}, deviceApiLevel: 30, deviceId: 002b9cc60508, deviceManufacturer: Xiaomi, deviceModel: 21061119AG, deviceName: 002b9cc60508, deviceScreenDensity: 440, deviceScreenSize: 1080x2400, deviceUDID: 002b9cc60508, fullReset: false, javascriptEnabled: true, locationContextEnabled: false, networkConnectionEnabled: true, newCommandTimeout: 1800, noReset: true, pixelRatio: 2.75, platform: ANDROID, platformName: Android, platformVersion: 11, statBarHeight: 103, systemPort: 52876, takesScreenshot: true, udid: 002b9cc60508, viewportRect: {height: 2064, left: 0, top: 103, width: 1080}, warnings: {}, webStorageEnabled: false}
Session ID: 07e0a906-f567-4646-abfd-84c6cc800d18
	at org.openqa.selenium.remote.http.W3CHttpResponseCodec.createException(W3CHttpResponseCodec.java:187)
	at org.openqa.selenium.remote.http.W3CHttpResponseCodec.decode(W3CHttpResponseCodec.java:122)
	at org.openqa.selenium.remote.http.W3CHttpResponseCodec.decode(W3CHttpResponseCodec.java:49)
	at org.openqa.selenium.remote.HttpCommandExecutor.execute(HttpCommandExecutor.java:158)
	at io.appium.java_client.remote.AppiumCommandExecutor.execute(AppiumCommandExecutor.java:239)
	at org.openqa.selenium.remote.RemoteWebDriver.execute(RemoteWebDriver.java:552)
	at io.appium.java_client.DefaultGenericMobileDriver.execute(DefaultGenericMobileDriver.java:46)
	at io.appium.java_client.AppiumDriver.execute(AppiumDriver.java:1)
	at io.appium.java_client.android.AndroidDriver.execute(AndroidDriver.java:1)
	at com.kms.katalon.core.appium.driver.SwipeableAndroidDriver.execute(SwipeableAndroidDriver.java:1)
	at org.openqa.selenium.remote.RemoteWebDriver$RemoteWebDriverOptions$RemoteWindow.getSize(RemoteWebDriver.java:813)
	at org.openqa.selenium.WebDriver$Window$getSize.call(Unknown Source)
	at com.kms.katalon.core.mobile.keyword.internal.MobileAbstractKeyword.findElement(MobileAbstractKeyword.groovy:81)
	at com.kms.katalon.core.mobile.keyword.builtin.VerifyElementTextKeyword.access$1(VerifyElementTextKeyword.groovy)
	at com.kms.katalon.core.mobile.keyword.builtin.VerifyElementTextKeyword$_verifyElementText_closure1.doCall(VerifyElementTextKeyword.groovy:47)
	at com.kms.katalon.core.mobile.keyword.builtin.VerifyElementTextKeyword$_verifyElementText_closure1.call(VerifyElementTextKeyword.groovy)
	at com.kms.katalon.core.mobile.keyword.internal.MobileKeywordMain.runKeyword(MobileKeywordMain.groovy:21)
	at com.kms.katalon.core.mobile.keyword.builtin.VerifyElementTextKeyword.verifyElementText(VerifyElementTextKeyword.groovy:62)
	at com.kms.katalon.core.mobile.keyword.builtin.VerifyElementTextKeyword.execute(VerifyElementTextKeyword.groovy:39)
	at com.kms.katalon.core.keyword.internal.KeywordExecutor.executeKeywordForPlatform(KeywordExecutor.groovy:74)
	at com.kms.katalon.core.mobile.keyword.MobileBuiltInKeywords.verifyElementText(MobileBuiltInKeywords.groovy:2901)
	at com.kms.katalon.core.mobile.keyword.MobileBuiltInKeywords$verifyElementText$9.call(Unknown Source)
	at duitNow_businessRegNumberTransaction.run(duitNow_businessRegNumberTransaction:136)
	at com.kms.katalon.core.main.ScriptEngine.run(ScriptEngine.java:194)
	at com.kms.katalon.core.main.ScriptEngine.runScriptAsRawText(ScriptEngine.java:119)
	at com.kms.katalon.core.main.TestCaseExecutor.runScript(TestCaseExecutor.java:445)
	at com.kms.katalon.core.main.TestCaseExecutor.doExecute(TestCaseExecutor.java:436)
	at com.kms.katalon.core.main.TestCaseExecutor.processExecutionPhase(TestCaseExecutor.java:415)
	at com.kms.katalon.core.main.TestCaseExecutor.accessMainPhase(TestCaseExecutor.java:407)
	at com.kms.katalon.core.main.TestCaseExecutor.execute(TestCaseExecutor.java:284)
	at com.kms.katalon.core.common.CommonExecutor.accessTestCaseMainPhase(CommonExecutor.java:65)
	at com.kms.katalon.core.main.TestSuiteExecutor.accessTestSuiteMainPhase(TestSuiteExecutor.java:144)
	at com.kms.katalon.core.main.TestSuiteExecutor.execute(TestSuiteExecutor.java:106)
	at com.kms.katalon.core.main.TestCaseMain.startTestSuite(TestCaseMain.java:185)
	at com.kms.katalon.core.main.TestCaseMain$startTestSuite$0.call(Unknown Source)
	at TempTestSuite1655885093224.run(TempTestSuite1655885093224.groovy:36)
)

2022-06-22 16:48:04 - [TEST_STEP][FAILED] - verifyElementText(findTestObject("Duit Now/duitNowAmountProxyTypeTxt", ["proxyType":proxyType]), proxyType): Verify element text of test object 'Object Repository/Duit Now/duitNowAmountProxyTypeTxt' FAILED. (Root cause: org.openqa.selenium.WebDriverException: An unknown server-side error occurred while processing the command. Original error: 'GET /window/current/size' cannot be proxied to UiAutomator2 server because the instrumentation process is not running (probably crashed). Check the server log and/or the logcat output for more details
Build info: version: '3.141.59', revision: 'e82be7d358', time: '2018-11-14T08:25:53'
System info: host: '00139272s-MacBook-Pro.local', ip: '2001:e68:6167:d901:5dd8:2a3:885f:7e34%en0', os.name: 'Mac OS X', os.arch: 'x86_64', os.version: '10.16', java.version: '1.8.0_275'
Driver info: com.kms.katalon.core.appium.driver.SwipeableAndroidDriver
Capabilities {app: /Users/a00139272/Katalon St..., appActivity: com.maybank2u.life.MainActi..., appPackage: com.maybank2u.life.sit, appWaitActivity: *, autoGrantPermissions: true, automationName: uiautomator2, chromedriverPort: 52878, databaseEnabled: false, desired: {app: /Users/a00139272/Katalon St..., appActivity: com.maybank2u.life.MainActi..., appPackage: com.maybank2u.life.sit, appWaitActivity: *, autoGrantPermissions: true, automationName: uiautomator2, chromedriverPort: 52878, deviceId: 002b9cc60508, deviceName: Xiaomi 21061119AG (Android 11), fullReset: false, newCommandTimeout: 1800, noReset: true, platform: ANDROID, platformName: android, platformVersion: 11, systemPort: 52876, udid: 002b9cc60508}, deviceApiLevel: 30, deviceId: 002b9cc60508, deviceManufacturer: Xiaomi, deviceModel: 21061119AG, deviceName: 002b9cc60508, deviceScreenDensity: 440, deviceScreenSize: 1080x2400, deviceUDID: 002b9cc60508, fullReset: false, javascriptEnabled: true, locationContextEnabled: false, networkConnectionEnabled: true, newCommandTimeout: 1800, noReset: true, pixelRatio: 2.75, platform: ANDROID, platformName: Android, platformVersion: 11, statBarHeight: 103, systemPort: 52876, takesScreenshot: true, udid: 002b9cc60508, viewportRect: {height: 2064, left: 0, top: 103, width: 1080}, warnings: {}, webStorageEnabled: false}
Session ID: 07e0a906-f567-4646-abfd-84c6cc800d18
	at org.openqa.selenium.remote.http.W3CHttpResponseCodec.createException(W3CHttpResponseCodec.java:187)
	at org.openqa.selenium.remote.http.W3CHttpResponseCodec.decode(W3CHttpResponseCodec.java:122)
	at org.openqa.selenium.remote.http.W3CHttpResponseCodec.decode(W3CHttpResponseCodec.java:49)
	at org.openqa.selenium.remote.HttpCommandExecutor.execute(HttpCommandExecutor.java:158)
	at io.appium.java_client.remote.AppiumCommandExecutor.execute(AppiumCommandExecutor.java:239)
	at org.openqa.selenium.remote.RemoteWebDriver.execute(RemoteWebDriver.java:552)
	at io.appium.java_client.DefaultGenericMobileDriver.execute(DefaultGenericMobileDriver.java:46)
	at io.appium.java_client.AppiumDriver.execute(AppiumDriver.java:1)
	at io.appium.java_client.android.AndroidDriver.execute(AndroidDriver.java:1)
	at com.kms.katalon.core.appium.driver.SwipeableAndroidDriver.execute(SwipeableAndroidDriver.java:1)
	at org.openqa.selenium.remote.RemoteWebDriver$RemoteWebDriverOptions$RemoteWindow.getSize(RemoteWebDriver.java:813)
	at org.openqa.selenium.WebDriver$Window$getSize.call(Unknown Source)
	at com.kms.katalon.core.mobile.keyword.internal.MobileAbstractKeyword.findElement(MobileAbstractKeyword.groovy:81)
	at com.kms.katalon.core.mobile.keyword.builtin.VerifyElementTextKeyword.access$1(VerifyElementTextKeyword.groovy)
	at com.kms.katalon.core.mobile.keyword.builtin.VerifyElementTextKeyword$_verifyElementText_closure1.doCall(VerifyElementTextKeyword.groovy:47)
	at com.kms.katalon.core.mobile.keyword.builtin.VerifyElementTextKeyword$_verifyElementText_closure1.call(VerifyElementTextKeyword.groovy)
	at com.kms.katalon.core.mobile.keyword.internal.MobileKeywordMain.runKeyword(MobileKeywordMain.groovy:21)
	at com.kms.katalon.core.mobile.keyword.builtin.VerifyElementTextKeyword.verifyElementText(VerifyElementTextKeyword.groovy:62)
	at com.kms.katalon.core.mobile.keyword.builtin.VerifyElementTextKeyword.execute(VerifyElementTextKeyword.groovy:39)
	at com.kms.katalon.core.keyword.internal.KeywordExecutor.executeKeywordForPlatform(KeywordExecutor.groovy:74)
	at com.kms.katalon.core.mobile.keyword.MobileBuiltInKeywords.verifyElementText(MobileBuiltInKeywords.groovy:2901)
	at com.kms.katalon.core.mobile.keyword.MobileBuiltInKeywords$verifyElementText$9.call(Unknown Source)
	at duitNow_businessRegNumberTransaction.run(duitNow_businessRegNumberTransaction:138)
	at com.kms.katalon.core.main.ScriptEngine.run(ScriptEngine.java:194)
	at com.kms.katalon.core.main.ScriptEngine.runScriptAsRawText(ScriptEngine.java:119)
	at com.kms.katalon.core.main.TestCaseExecutor.runScript(TestCaseExecutor.java:445)
	at com.kms.katalon.core.main.TestCaseExecutor.doExecute(TestCaseExecutor.java:436)
	at com.kms.katalon.core.main.TestCaseExecutor.processExecutionPhase(TestCaseExecutor.java:415)
	at com.kms.katalon.core.main.TestCaseExecutor.accessMainPhase(TestCaseExecutor.java:407)
	at com.kms.katalon.core.main.TestCaseExecutor.execute(TestCaseExecutor.java:284)
	at com.kms.katalon.core.common.CommonExecutor.accessTestCaseMainPhase(CommonExecutor.java:65)
	at com.kms.katalon.core.main.TestSuiteExecutor.accessTestSuiteMainPhase(TestSuiteExecutor.java:144)
	at com.kms.katalon.core.main.TestSuiteExecutor.execute(TestSuiteExecutor.java:106)
	at com.kms.katalon.core.main.TestCaseMain.startTestSuite(TestCaseMain.java:185)
	at com.kms.katalon.core.main.TestCaseMain$startTestSuite$0.call(Unknown Source)
	at TempTestSuite1655885093224.run(TempTestSuite1655885093224.groovy:36)
)

2022-06-22 16:48:04 - [MESSAGE][FAILED] - Verify element text of test object 'Object Repository/Duit Now/duitNowAmountProxyTypeTxt' FAILED. (Root cause: org.openqa.selenium.WebDriverException: An unknown server-side error occurred while processing the command. Original error: 'GET /window/current/size' cannot be proxied to UiAutomator2 server because the instrumentation process is not running (probably crashed). Check the server log and/or the logcat output for more details
Build info: version: '3.141.59', revision: 'e82be7d358', time: '2018-11-14T08:25:53'
System info: host: '00139272s-MacBook-Pro.local', ip: '2001:e68:6167:d901:5dd8:2a3:885f:7e34%en0', os.name: 'Mac OS X', os.arch: 'x86_64', os.version: '10.16', java.version: '1.8.0_275'
Driver info: com.kms.katalon.core.appium.driver.SwipeableAndroidDriver
Capabilities {app: /Users/a00139272/Katalon St..., appActivity: com.maybank2u.life.MainActi..., appPackage: com.maybank2u.life.sit, appWaitActivity: *, autoGrantPermissions: true, automationName: uiautomator2, chromedriverPort: 52878, databaseEnabled: false, desired: {app: /Users/a00139272/Katalon St..., appActivity: com.maybank2u.life.MainActi..., appPackage: com.maybank2u.life.sit, appWaitActivity: *, autoGrantPermissions: true, automationName: uiautomator2, chromedriverPort: 52878, deviceId: 002b9cc60508, deviceName: Xiaomi 21061119AG (Android 11), fullReset: false, newCommandTimeout: 1800, noReset: true, platform: ANDROID, platformName: android, platformVersion: 11, systemPort: 52876, udid: 002b9cc60508}, deviceApiLevel: 30, deviceId: 002b9cc60508, deviceManufacturer: Xiaomi, deviceModel: 21061119AG, deviceName: 002b9cc60508, deviceScreenDensity: 440, deviceScreenSize: 1080x2400, deviceUDID: 002b9cc60508, fullReset: false, javascriptEnabled: true, locationContextEnabled: false, networkConnectionEnabled: true, newCommandTimeout: 1800, noReset: true, pixelRatio: 2.75, platform: ANDROID, platformName: Android, platformVersion: 11, statBarHeight: 103, systemPort: 52876, takesScreenshot: true, udid: 002b9cc60508, viewportRect: {height: 2064, left: 0, top: 103, width: 1080}, warnings: {}, webStorageEnabled: false}
Session ID: 07e0a906-f567-4646-abfd-84c6cc800d18
	at org.openqa.selenium.remote.http.W3CHttpResponseCodec.createException(W3CHttpResponseCodec.java:187)
	at org.openqa.selenium.remote.http.W3CHttpResponseCodec.decode(W3CHttpResponseCodec.java:122)
	at org.openqa.selenium.remote.http.W3CHttpResponseCodec.decode(W3CHttpResponseCodec.java:49)
	at org.openqa.selenium.remote.HttpCommandExecutor.execute(HttpCommandExecutor.java:158)
	at io.appium.java_client.remote.AppiumCommandExecutor.execute(AppiumCommandExecutor.java:239)
	at org.openqa.selenium.remote.RemoteWebDriver.execute(RemoteWebDriver.java:552)
	at io.appium.java_client.DefaultGenericMobileDriver.execute(DefaultGenericMobileDriver.java:46)
	at io.appium.java_client.AppiumDriver.execute(AppiumDriver.java:1)
	at io.appium.java_client.android.AndroidDriver.execute(AndroidDriver.java:1)
	at com.kms.katalon.core.appium.driver.SwipeableAndroidDriver.execute(SwipeableAndroidDriver.java:1)
	at org.openqa.selenium.remote.RemoteWebDriver$RemoteWebDriverOptions$RemoteWindow.getSize(RemoteWebDriver.java:813)
	at org.openqa.selenium.WebDriver$Window$getSize.call(Unknown Source)
	at com.kms.katalon.core.mobile.keyword.internal.MobileAbstractKeyword.findElement(MobileAbstractKeyword.groovy:81)
	at com.kms.katalon.core.mobile.keyword.builtin.VerifyElementTextKeyword.access$1(VerifyElementTextKeyword.groovy)
	at com.kms.katalon.core.mobile.keyword.builtin.VerifyElementTextKeyword$_verifyElementText_closure1.doCall(VerifyElementTextKeyword.groovy:47)
	at com.kms.katalon.core.mobile.keyword.builtin.VerifyElementTextKeyword$_verifyElementText_closure1.call(VerifyElementTextKeyword.groovy)
	at com.kms.katalon.core.mobile.keyword.internal.MobileKeywordMain.runKeyword(MobileKeywordMain.groovy:21)
	at com.kms.katalon.core.mobile.keyword.builtin.VerifyElementTextKeyword.verifyElementText(VerifyElementTextKeyword.groovy:62)
	at com.kms.katalon.core.mobile.keyword.builtin.VerifyElementTextKeyword.execute(VerifyElementTextKeyword.groovy:39)
	at com.kms.katalon.core.keyword.internal.KeywordExecutor.executeKeywordForPlatform(KeywordExecutor.groovy:74)
	at com.kms.katalon.core.mobile.keyword.MobileBuiltInKeywords.verifyElementText(MobileBuiltInKeywords.groovy:2901)
	at com.kms.katalon.core.mobile.keyword.MobileBuiltInKeywords$verifyElementText$9.call(Unknown Source)
	at duitNow_businessRegNumberTransaction.run(duitNow_businessRegNumberTransaction:138)
	at com.kms.katalon.core.main.ScriptEngine.run(ScriptEngine.java:194)
	at com.kms.katalon.core.main.ScriptEngine.runScriptAsRawText(ScriptEngine.java:119)
	at com.kms.katalon.core.main.TestCaseExecutor.runScript(TestCaseExecutor.java:445)
	at com.kms.katalon.core.main.TestCaseExecutor.doExecute(TestCaseExecutor.java:436)
	at com.kms.katalon.core.main.TestCaseExecutor.processExecutionPhase(TestCaseExecutor.java:415)
	at com.kms.katalon.core.main.TestCaseExecutor.accessMainPhase(TestCaseExecutor.java:407)
	at com.kms.katalon.core.main.TestCaseExecutor.execute(TestCaseExecutor.java:284)
	at com.kms.katalon.core.common.CommonExecutor.accessTestCaseMainPhase(CommonExecutor.java:65)
	at com.kms.katalon.core.main.TestSuiteExecutor.accessTestSuiteMainPhase(TestSuiteExecutor.java:144)
	at com.kms.katalon.core.main.TestSuiteExecutor.execute(TestSuiteExecutor.java:106)
	at com.kms.katalon.core.main.TestCaseMain.startTestSuite(TestCaseMain.java:185)
	at com.kms.katalon.core.main.TestCaseMain$startTestSuite$0.call(Unknown Source)
	at TempTestSuite1655885093224.run(TempTestSuite1655885093224.groovy:36)
)

2022-06-22 16:48:04 - [TEST_STEP][FAILED] - verifyElementExist(findTestObject("Duit Now/duitNowAmountCurrencyTypeTxt"), 0): Failed to check for element 'Object Repository/Duit Now/duitNowAmountCurrencyTypeTxt' exist (Root cause: org.openqa.selenium.WebDriverException: An unknown server-side error occurred while processing the command. Original error: 'GET /window/current/size' cannot be proxied to UiAutomator2 server because the instrumentation process is not running (probably crashed). Check the server log and/or the logcat output for more details
Build info: version: '3.141.59', revision: 'e82be7d358', time: '2018-11-14T08:25:53'
System info: host: '00139272s-MacBook-Pro.local', ip: '2001:e68:6167:d901:5dd8:2a3:885f:7e34%en0', os.name: 'Mac OS X', os.arch: 'x86_64', os.version: '10.16', java.version: '1.8.0_275'
Driver info: com.kms.katalon.core.appium.driver.SwipeableAndroidDriver
Capabilities {app: /Users/a00139272/Katalon St..., appActivity: com.maybank2u.life.MainActi..., appPackage: com.maybank2u.life.sit, appWaitActivity: *, autoGrantPermissions: true, automationName: uiautomator2, chromedriverPort: 52878, databaseEnabled: false, desired: {app: /Users/a00139272/Katalon St..., appActivity: com.maybank2u.life.MainActi..., appPackage: com.maybank2u.life.sit, appWaitActivity: *, autoGrantPermissions: true, automationName: uiautomator2, chromedriverPort: 52878, deviceId: 002b9cc60508, deviceName: Xiaomi 21061119AG (Android 11), fullReset: false, newCommandTimeout: 1800, noReset: true, platform: ANDROID, platformName: android, platformVersion: 11, systemPort: 52876, udid: 002b9cc60508}, deviceApiLevel: 30, deviceId: 002b9cc60508, deviceManufacturer: Xiaomi, deviceModel: 21061119AG, deviceName: 002b9cc60508, deviceScreenDensity: 440, deviceScreenSize: 1080x2400, deviceUDID: 002b9cc60508, fullReset: false, javascriptEnabled: true, locationContextEnabled: false, networkConnectionEnabled: true, newCommandTimeout: 1800, noReset: true, pixelRatio: 2.75, platform: ANDROID, platformName: Android, platformVersion: 11, statBarHeight: 103, systemPort: 52876, takesScreenshot: true, udid: 002b9cc60508, viewportRect: {height: 2064, left: 0, top: 103, width: 1080}, warnings: {}, webStorageEnabled: false}
Session ID: 07e0a906-f567-4646-abfd-84c6cc800d18
	at org.openqa.selenium.remote.http.W3CHttpResponseCodec.createException(W3CHttpResponseCodec.java:187)
	at org.openqa.selenium.remote.http.W3CHttpResponseCodec.decode(W3CHttpResponseCodec.java:122)
	at org.openqa.selenium.remote.http.W3CHttpResponseCodec.decode(W3CHttpResponseCodec.java:49)
	at org.openqa.selenium.remote.HttpCommandExecutor.execute(HttpCommandExecutor.java:158)
	at io.appium.java_client.remote.AppiumCommandExecutor.execute(AppiumCommandExecutor.java:239)
	at org.openqa.selenium.remote.RemoteWebDriver.execute(RemoteWebDriver.java:552)
	at io.appium.java_client.DefaultGenericMobileDriver.execute(DefaultGenericMobileDriver.java:46)
	at io.appium.java_client.AppiumDriver.execute(AppiumDriver.java:1)
	at io.appium.java_client.android.AndroidDriver.execute(AndroidDriver.java:1)
	at com.kms.katalon.core.appium.driver.SwipeableAndroidDriver.execute(SwipeableAndroidDriver.java:1)
	at org.openqa.selenium.remote.RemoteWebDriver$RemoteWebDriverOptions$RemoteWindow.getSize(RemoteWebDriver.java:813)
	at org.openqa.selenium.WebDriver$Window$getSize.call(Unknown Source)
	at com.kms.katalon.core.mobile.keyword.internal.MobileAbstractKeyword.findElement(MobileAbstractKeyword.groovy:81)
	at com.kms.katalon.core.mobile.keyword.builtin.VerifyElementExistKeyword.access$1(VerifyElementExistKeyword.groovy)
	at com.kms.katalon.core.mobile.keyword.builtin.VerifyElementExistKeyword$_verifyElementExist_closure1.doCall(VerifyElementExistKeyword.groovy:72)
	at com.kms.katalon.core.mobile.keyword.builtin.VerifyElementExistKeyword$_verifyElementExist_closure1.call(VerifyElementExistKeyword.groovy)
	at com.kms.katalon.core.mobile.keyword.internal.MobileKeywordMain.runKeyword(MobileKeywordMain.groovy:21)
	at com.kms.katalon.core.mobile.keyword.builtin.VerifyElementExistKeyword.verifyElementExist(VerifyElementExistKeyword.groovy:80)
	at com.kms.katalon.core.mobile.keyword.builtin.VerifyElementExistKeyword.execute(VerifyElementExistKeyword.groovy:64)
	at com.kms.katalon.core.keyword.internal.KeywordExecutor.executeKeywordForPlatform(KeywordExecutor.groovy:74)
	at com.kms.katalon.core.mobile.keyword.MobileBuiltInKeywords.verifyElementExist(MobileBuiltInKeywords.groovy:1755)
	at com.kms.katalon.core.mobile.keyword.MobileBuiltInKeywords$verifyElementExist$8.call(Unknown Source)
	at duitNow_businessRegNumberTransaction.run(duitNow_businessRegNumberTransaction:140)
	at com.kms.katalon.core.main.ScriptEngine.run(ScriptEngine.java:194)
	at com.kms.katalon.core.main.ScriptEngine.runScriptAsRawText(ScriptEngine.java:119)
	at com.kms.katalon.core.main.TestCaseExecutor.runScript(TestCaseExecutor.java:445)
	at com.kms.katalon.core.main.TestCaseExecutor.doExecute(TestCaseExecutor.java:436)
	at com.kms.katalon.core.main.TestCaseExecutor.processExecutionPhase(TestCaseExecutor.java:415)
	at com.kms.katalon.core.main.TestCaseExecutor.accessMainPhase(TestCaseExecutor.java:407)
	at com.kms.katalon.core.main.TestCaseExecutor.execute(TestCaseExecutor.java:284)
	at com.kms.katalon.core.common.CommonExecutor.accessTestCaseMainPhase(CommonExecutor.java:65)
	at com.kms.katalon.core.main.TestSuiteExecutor.accessTestSuiteMainPhase(TestSuiteExecutor.java:144)
	at com.kms.katalon.core.main.TestSuiteExecutor.execute(TestSuiteExecutor.java:106)
	at com.kms.katalon.core.main.TestCaseMain.startTestSuite(TestCaseMain.java:185)
	at com.kms.katalon.core.main.TestCaseMain$startTestSuite$0.call(Unknown Source)
	at TempTestSuite1655885093224.run(TempTestSuite1655885093224.groovy:36)
)

2022-06-22 16:48:04 - [MESSAGE][WARNING] - Timeout '0' is invalid. Using default page load timeout: '40'

2022-06-22 16:48:04 - [MESSAGE][FAILED] - Failed to check for element 'Object Repository/Duit Now/duitNowAmountCurrencyTypeTxt' exist (Root cause: org.openqa.selenium.WebDriverException: An unknown server-side error occurred while processing the command. Original error: 'GET /window/current/size' cannot be proxied to UiAutomator2 server because the instrumentation process is not running (probably crashed). Check the server log and/or the logcat output for more details
Build info: version: '3.141.59', revision: 'e82be7d358', time: '2018-11-14T08:25:53'
System info: host: '00139272s-MacBook-Pro.local', ip: '2001:e68:6167:d901:5dd8:2a3:885f:7e34%en0', os.name: 'Mac OS X', os.arch: 'x86_64', os.version: '10.16', java.version: '1.8.0_275'
Driver info: com.kms.katalon.core.appium.driver.SwipeableAndroidDriver
Capabilities {app: /Users/a00139272/Katalon St..., appActivity: com.maybank2u.life.MainActi..., appPackage: com.maybank2u.life.sit, appWaitActivity: *, autoGrantPermissions: true, automationName: uiautomator2, chromedriverPort: 52878, databaseEnabled: false, desired: {app: /Users/a00139272/Katalon St..., appActivity: com.maybank2u.life.MainActi..., appPackage: com.maybank2u.life.sit, appWaitActivity: *, autoGrantPermissions: true, automationName: uiautomator2, chromedriverPort: 52878, deviceId: 002b9cc60508, deviceName: Xiaomi 21061119AG (Android 11), fullReset: false, newCommandTimeout: 1800, noReset: true, platform: ANDROID, platformName: android, platformVersion: 11, systemPort: 52876, udid: 002b9cc60508}, deviceApiLevel: 30, deviceId: 002b9cc60508, deviceManufacturer: Xiaomi, deviceModel: 21061119AG, deviceName: 002b9cc60508, deviceScreenDensity: 440, deviceScreenSize: 1080x2400, deviceUDID: 002b9cc60508, fullReset: false, javascriptEnabled: true, locationContextEnabled: false, networkConnectionEnabled: true, newCommandTimeout: 1800, noReset: true, pixelRatio: 2.75, platform: ANDROID, platformName: Android, platformVersion: 11, statBarHeight: 103, systemPort: 52876, takesScreenshot: true, udid: 002b9cc60508, viewportRect: {height: 2064, left: 0, top: 103, width: 1080}, warnings: {}, webStorageEnabled: false}
Session ID: 07e0a906-f567-4646-abfd-84c6cc800d18
	at org.openqa.selenium.remote.http.W3CHttpResponseCodec.createException(W3CHttpResponseCodec.java:187)
	at org.openqa.selenium.remote.http.W3CHttpResponseCodec.decode(W3CHttpResponseCodec.java:122)
	at org.openqa.selenium.remote.http.W3CHttpResponseCodec.decode(W3CHttpResponseCodec.java:49)
	at org.openqa.selenium.remote.HttpCommandExecutor.execute(HttpCommandExecutor.java:158)
	at io.appium.java_client.remote.AppiumCommandExecutor.execute(AppiumCommandExecutor.java:239)
	at org.openqa.selenium.remote.RemoteWebDriver.execute(RemoteWebDriver.java:552)
	at io.appium.java_client.DefaultGenericMobileDriver.execute(DefaultGenericMobileDriver.java:46)
	at io.appium.java_client.AppiumDriver.execute(AppiumDriver.java:1)
	at io.appium.java_client.android.AndroidDriver.execute(AndroidDriver.java:1)
	at com.kms.katalon.core.appium.driver.SwipeableAndroidDriver.execute(SwipeableAndroidDriver.java:1)
	at org.openqa.selenium.remote.RemoteWebDriver$RemoteWebDriverOptions$RemoteWindow.getSize(RemoteWebDriver.java:813)
	at org.openqa.selenium.WebDriver$Window$getSize.call(Unknown Source)
	at com.kms.katalon.core.mobile.keyword.internal.MobileAbstractKeyword.findElement(MobileAbstractKeyword.groovy:81)
	at com.kms.katalon.core.mobile.keyword.builtin.VerifyElementExistKeyword.access$1(VerifyElementExistKeyword.groovy)
	at com.kms.katalon.core.mobile.keyword.builtin.VerifyElementExistKeyword$_verifyElementExist_closure1.doCall(VerifyElementExistKeyword.groovy:72)
	at com.kms.katalon.core.mobile.keyword.builtin.VerifyElementExistKeyword$_verifyElementExist_closure1.call(VerifyElementExistKeyword.groovy)
	at com.kms.katalon.core.mobile.keyword.internal.MobileKeywordMain.runKeyword(MobileKeywordMain.groovy:21)
	at com.kms.katalon.core.mobile.keyword.builtin.VerifyElementExistKeyword.verifyElementExist(VerifyElementExistKeyword.groovy:80)
	at com.kms.katalon.core.mobile.keyword.builtin.VerifyElementExistKeyword.execute(VerifyElementExistKeyword.groovy:64)
	at com.kms.katalon.core.keyword.internal.KeywordExecutor.executeKeywordForPlatform(KeywordExecutor.groovy:74)
	at com.kms.katalon.core.mobile.keyword.MobileBuiltInKeywords.verifyElementExist(MobileBuiltInKeywords.groovy:1755)
	at com.kms.katalon.core.mobile.keyword.MobileBuiltInKeywords$verifyElementExist$8.call(Unknown Source)
	at duitNow_businessRegNumberTransaction.run(duitNow_businessRegNumberTransaction:140)
	at com.kms.katalon.core.main.ScriptEngine.run(ScriptEngine.java:194)
	at com.kms.katalon.core.main.ScriptEngine.runScriptAsRawText(ScriptEngine.java:119)
	at com.kms.katalon.core.main.TestCaseExecutor.runScript(TestCaseExecutor.java:445)
	at com.kms.katalon.core.main.TestCaseExecutor.doExecute(TestCaseExecutor.java:436)
	at com.kms.katalon.core.main.TestCaseExecutor.processExecutionPhase(TestCaseExecutor.java:415)
	at com.kms.katalon.core.main.TestCaseExecutor.accessMainPhase(TestCaseExecutor.java:407)
	at com.kms.katalon.core.main.TestCaseExecutor.execute(TestCaseExecutor.java:284)
	at com.kms.katalon.core.common.CommonExecutor.accessTestCaseMainPhase(CommonExecutor.java:65)
	at com.kms.katalon.core.main.TestSuiteExecutor.accessTestSuiteMainPhase(TestSuiteExecutor.java:144)
	at com.kms.katalon.core.main.TestSuiteExecutor.execute(TestSuiteExecutor.java:106)
	at com.kms.katalon.core.main.TestCaseMain.startTestSuite(TestCaseMain.java:185)
	at com.kms.katalon.core.main.TestCaseMain$startTestSuite$0.call(Unknown Source)
	at TempTestSuite1655885093224.run(TempTestSuite1655885093224.groovy:36)
)

2022-06-22 16:48:04 - [TEST_STEP][FAILED] - verifyElementExist(findTestObject("Duit Now/duitNowAmountEnterAmountTitleTxt"), 0): Failed to check for element 'Object Repository/Duit Now/duitNowAmountEnterAmountTitleTxt' exist (Root cause: org.openqa.selenium.WebDriverException: An unknown server-side error occurred while processing the command. Original error: 'GET /window/current/size' cannot be proxied to UiAutomator2 server because the instrumentation process is not running (probably crashed). Check the server log and/or the logcat output for more details
Build info: version: '3.141.59', revision: 'e82be7d358', time: '2018-11-14T08:25:53'
System info: host: '00139272s-MacBook-Pro.local', ip: '2001:e68:6167:d901:5dd8:2a3:885f:7e34%en0', os.name: 'Mac OS X', os.arch: 'x86_64', os.version: '10.16', java.version: '1.8.0_275'
Driver info: com.kms.katalon.core.appium.driver.SwipeableAndroidDriver
Capabilities {app: /Users/a00139272/Katalon St..., appActivity: com.maybank2u.life.MainActi..., appPackage: com.maybank2u.life.sit, appWaitActivity: *, autoGrantPermissions: true, automationName: uiautomator2, chromedriverPort: 52878, databaseEnabled: false, desired: {app: /Users/a00139272/Katalon St..., appActivity: com.maybank2u.life.MainActi..., appPackage: com.maybank2u.life.sit, appWaitActivity: *, autoGrantPermissions: true, automationName: uiautomator2, chromedriverPort: 52878, deviceId: 002b9cc60508, deviceName: Xiaomi 21061119AG (Android 11), fullReset: false, newCommandTimeout: 1800, noReset: true, platform: ANDROID, platformName: android, platformVersion: 11, systemPort: 52876, udid: 002b9cc60508}, deviceApiLevel: 30, deviceId: 002b9cc60508, deviceManufacturer: Xiaomi, deviceModel: 21061119AG, deviceName: 002b9cc60508, deviceScreenDensity: 440, deviceScreenSize: 1080x2400, deviceUDID: 002b9cc60508, fullReset: false, javascriptEnabled: true, locationContextEnabled: false, networkConnectionEnabled: true, newCommandTimeout: 1800, noReset: true, pixelRatio: 2.75, platform: ANDROID, platformName: Android, platformVersion: 11, statBarHeight: 103, systemPort: 52876, takesScreenshot: true, udid: 002b9cc60508, viewportRect: {height: 2064, left: 0, top: 103, width: 1080}, warnings: {}, webStorageEnabled: false}
Session ID: 07e0a906-f567-4646-abfd-84c6cc800d18
	at org.openqa.selenium.remote.http.W3CHttpResponseCodec.createException(W3CHttpResponseCodec.java:187)
	at org.openqa.selenium.remote.http.W3CHttpResponseCodec.decode(W3CHttpResponseCodec.java:122)
	at org.openqa.selenium.remote.http.W3CHttpResponseCodec.decode(W3CHttpResponseCodec.java:49)
	at org.openqa.selenium.remote.HttpCommandExecutor.execute(HttpCommandExecutor.java:158)
	at io.appium.java_client.remote.AppiumCommandExecutor.execute(AppiumCommandExecutor.java:239)
	at org.openqa.selenium.remote.RemoteWebDriver.execute(RemoteWebDriver.java:552)
	at io.appium.java_client.DefaultGenericMobileDriver.execute(DefaultGenericMobileDriver.java:46)
	at io.appium.java_client.AppiumDriver.execute(AppiumDriver.java:1)
	at io.appium.java_client.android.AndroidDriver.execute(AndroidDriver.java:1)
	at com.kms.katalon.core.appium.driver.SwipeableAndroidDriver.execute(SwipeableAndroidDriver.java:1)
	at org.openqa.selenium.remote.RemoteWebDriver$RemoteWebDriverOptions$RemoteWindow.getSize(RemoteWebDriver.java:813)
	at org.openqa.selenium.WebDriver$Window$getSize.call(Unknown Source)
	at com.kms.katalon.core.mobile.keyword.internal.MobileAbstractKeyword.findElement(MobileAbstractKeyword.groovy:81)
	at com.kms.katalon.core.mobile.keyword.builtin.VerifyElementExistKeyword.access$1(VerifyElementExistKeyword.groovy)
	at com.kms.katalon.core.mobile.keyword.builtin.VerifyElementExistKeyword$_verifyElementExist_closure1.doCall(VerifyElementExistKeyword.groovy:72)
	at com.kms.katalon.core.mobile.keyword.builtin.VerifyElementExistKeyword$_verifyElementExist_closure1.call(VerifyElementExistKeyword.groovy)
	at com.kms.katalon.core.mobile.keyword.internal.MobileKeywordMain.runKeyword(MobileKeywordMain.groovy:21)
	at com.kms.katalon.core.mobile.keyword.builtin.VerifyElementExistKeyword.verifyElementExist(VerifyElementExistKeyword.groovy:80)
	at com.kms.katalon.core.mobile.keyword.builtin.VerifyElementExistKeyword.execute(VerifyElementExistKeyword.groovy:64)
	at com.kms.katalon.core.keyword.internal.KeywordExecutor.executeKeywordForPlatform(KeywordExecutor.groovy:74)
	at com.kms.katalon.core.mobile.keyword.MobileBuiltInKeywords.verifyElementExist(MobileBuiltInKeywords.groovy:1755)
	at com.kms.katalon.core.mobile.keyword.MobileBuiltInKeywords$verifyElementExist$8.call(Unknown Source)
	at duitNow_businessRegNumberTransaction.run(duitNow_businessRegNumberTransaction:142)
	at com.kms.katalon.core.main.ScriptEngine.run(ScriptEngine.java:194)
	at com.kms.katalon.core.main.ScriptEngine.runScriptAsRawText(ScriptEngine.java:119)
	at com.kms.katalon.core.main.TestCaseExecutor.runScript(TestCaseExecutor.java:445)
	at com.kms.katalon.core.main.TestCaseExecutor.doExecute(TestCaseExecutor.java:436)
	at com.kms.katalon.core.main.TestCaseExecutor.processExecutionPhase(TestCaseExecutor.java:415)
	at com.kms.katalon.core.main.TestCaseExecutor.accessMainPhase(TestCaseExecutor.java:407)
	at com.kms.katalon.core.main.TestCaseExecutor.execute(TestCaseExecutor.java:284)
	at com.kms.katalon.core.common.CommonExecutor.accessTestCaseMainPhase(CommonExecutor.java:65)
	at com.kms.katalon.core.main.TestSuiteExecutor.accessTestSuiteMainPhase(TestSuiteExecutor.java:144)
	at com.kms.katalon.core.main.TestSuiteExecutor.execute(TestSuiteExecutor.java:106)
	at com.kms.katalon.core.main.TestCaseMain.startTestSuite(TestCaseMain.java:185)
	at com.kms.katalon.core.main.TestCaseMain$startTestSuite$0.call(Unknown Source)
	at TempTestSuite1655885093224.run(TempTestSuite1655885093224.groovy:36)
)

2022-06-22 16:48:04 - [MESSAGE][WARNING] - Timeout '0' is invalid. Using default page load timeout: '40'

2022-06-22 16:48:04 - [MESSAGE][FAILED] - Failed to check for element 'Object Repository/Duit Now/duitNowAmountEnterAmountTitleTxt' exist (Root cause: org.openqa.selenium.WebDriverException: An unknown server-side error occurred while processing the command. Original error: 'GET /window/current/size' cannot be proxied to UiAutomator2 server because the instrumentation process is not running (probably crashed). Check the server log and/or the logcat output for more details
Build info: version: '3.141.59', revision: 'e82be7d358', time: '2018-11-14T08:25:53'
System info: host: '00139272s-MacBook-Pro.local', ip: '2001:e68:6167:d901:5dd8:2a3:885f:7e34%en0', os.name: 'Mac OS X', os.arch: 'x86_64', os.version: '10.16', java.version: '1.8.0_275'
Driver info: com.kms.katalon.core.appium.driver.SwipeableAndroidDriver
Capabilities {app: /Users/a00139272/Katalon St..., appActivity: com.maybank2u.life.MainActi..., appPackage: com.maybank2u.life.sit, appWaitActivity: *, autoGrantPermissions: true, automationName: uiautomator2, chromedriverPort: 52878, databaseEnabled: false, desired: {app: /Users/a00139272/Katalon St..., appActivity: com.maybank2u.life.MainActi..., appPackage: com.maybank2u.life.sit, appWaitActivity: *, autoGrantPermissions: true, automationName: uiautomator2, chromedriverPort: 52878, deviceId: 002b9cc60508, deviceName: Xiaomi 21061119AG (Android 11), fullReset: false, newCommandTimeout: 1800, noReset: true, platform: ANDROID, platformName: android, platformVersion: 11, systemPort: 52876, udid: 002b9cc60508}, deviceApiLevel: 30, deviceId: 002b9cc60508, deviceManufacturer: Xiaomi, deviceModel: 21061119AG, deviceName: 002b9cc60508, deviceScreenDensity: 440, deviceScreenSize: 1080x2400, deviceUDID: 002b9cc60508, fullReset: false, javascriptEnabled: true, locationContextEnabled: false, networkConnectionEnabled: true, newCommandTimeout: 1800, noReset: true, pixelRatio: 2.75, platform: ANDROID, platformName: Android, platformVersion: 11, statBarHeight: 103, systemPort: 52876, takesScreenshot: true, udid: 002b9cc60508, viewportRect: {height: 2064, left: 0, top: 103, width: 1080}, warnings: {}, webStorageEnabled: false}
Session ID: 07e0a906-f567-4646-abfd-84c6cc800d18
	at org.openqa.selenium.remote.http.W3CHttpResponseCodec.createException(W3CHttpResponseCodec.java:187)
	at org.openqa.selenium.remote.http.W3CHttpResponseCodec.decode(W3CHttpResponseCodec.java:122)
	at org.openqa.selenium.remote.http.W3CHttpResponseCodec.decode(W3CHttpResponseCodec.java:49)
	at org.openqa.selenium.remote.HttpCommandExecutor.execute(HttpCommandExecutor.java:158)
	at io.appium.java_client.remote.AppiumCommandExecutor.execute(AppiumCommandExecutor.java:239)
	at org.openqa.selenium.remote.RemoteWebDriver.execute(RemoteWebDriver.java:552)
	at io.appium.java_client.DefaultGenericMobileDriver.execute(DefaultGenericMobileDriver.java:46)
	at io.appium.java_client.AppiumDriver.execute(AppiumDriver.java:1)
	at io.appium.java_client.android.AndroidDriver.execute(AndroidDriver.java:1)
	at com.kms.katalon.core.appium.driver.SwipeableAndroidDriver.execute(SwipeableAndroidDriver.java:1)
	at org.openqa.selenium.remote.RemoteWebDriver$RemoteWebDriverOptions$RemoteWindow.getSize(RemoteWebDriver.java:813)
	at org.openqa.selenium.WebDriver$Window$getSize.call(Unknown Source)
	at com.kms.katalon.core.mobile.keyword.internal.MobileAbstractKeyword.findElement(MobileAbstractKeyword.groovy:81)
	at com.kms.katalon.core.mobile.keyword.builtin.VerifyElementExistKeyword.access$1(VerifyElementExistKeyword.groovy)
	at com.kms.katalon.core.mobile.keyword.builtin.VerifyElementExistKeyword$_verifyElementExist_closure1.doCall(VerifyElementExistKeyword.groovy:72)
	at com.kms.katalon.core.mobile.keyword.builtin.VerifyElementExistKeyword$_verifyElementExist_closure1.call(VerifyElementExistKeyword.groovy)
	at com.kms.katalon.core.mobile.keyword.internal.MobileKeywordMain.runKeyword(MobileKeywordMain.groovy:21)
	at com.kms.katalon.core.mobile.keyword.builtin.VerifyElementExistKeyword.verifyElementExist(VerifyElementExistKeyword.groovy:80)
	at com.kms.katalon.core.mobile.keyword.builtin.VerifyElementExistKeyword.execute(VerifyElementExistKeyword.groovy:64)
	at com.kms.katalon.core.keyword.internal.KeywordExecutor.executeKeywordForPlatform(KeywordExecutor.groovy:74)
	at com.kms.katalon.core.mobile.keyword.MobileBuiltInKeywords.verifyElementExist(MobileBuiltInKeywords.groovy:1755)
	at com.kms.katalon.core.mobile.keyword.MobileBuiltInKeywords$verifyElementExist$8.call(Unknown Source)
	at duitNow_businessRegNumberTransaction.run(duitNow_businessRegNumberTransaction:142)
	at com.kms.katalon.core.main.ScriptEngine.run(ScriptEngine.java:194)
	at com.kms.katalon.core.main.ScriptEngine.runScriptAsRawText(ScriptEngine.java:119)
	at com.kms.katalon.core.main.TestCaseExecutor.runScript(TestCaseExecutor.java:445)
	at com.kms.katalon.core.main.TestCaseExecutor.doExecute(TestCaseExecutor.java:436)
	at com.kms.katalon.core.main.TestCaseExecutor.processExecutionPhase(TestCaseExecutor.java:415)
	at com.kms.katalon.core.main.TestCaseExecutor.accessMainPhase(TestCaseExecutor.java:407)
	at com.kms.katalon.core.main.TestCaseExecutor.execute(TestCaseExecutor.java:284)
	at com.kms.katalon.core.common.CommonExecutor.accessTestCaseMainPhase(CommonExecutor.java:65)
	at com.kms.katalon.core.main.TestSuiteExecutor.accessTestSuiteMainPhase(TestSuiteExecutor.java:144)
	at com.kms.katalon.core.main.TestSuiteExecutor.execute(TestSuiteExecutor.java:106)
	at com.kms.katalon.core.main.TestCaseMain.startTestSuite(TestCaseMain.java:185)
	at com.kms.katalon.core.main.TestCaseMain$startTestSuite$0.call(Unknown Source)
	at TempTestSuite1655885093224.run(TempTestSuite1655885093224.groovy:36)
)

2022-06-22 16:48:04 - [TEST_STEP][FAILED] - verifyElementExist(findTestObject("Duit Now/duitNowAmountInitialValueTxt"), 0): Failed to check for element 'Object Repository/Duit Now/duitNowAmountInitialValueTxt' exist (Root cause: org.openqa.selenium.WebDriverException: An unknown server-side error occurred while processing the command. Original error: 'GET /window/current/size' cannot be proxied to UiAutomator2 server because the instrumentation process is not running (probably crashed). Check the server log and/or the logcat output for more details
Build info: version: '3.141.59', revision: 'e82be7d358', time: '2018-11-14T08:25:53'
System info: host: '00139272s-MacBook-Pro.local', ip: '2001:e68:6167:d901:5dd8:2a3:885f:7e34%en0', os.name: 'Mac OS X', os.arch: 'x86_64', os.version: '10.16', java.version: '1.8.0_275'
Driver info: com.kms.katalon.core.appium.driver.SwipeableAndroidDriver
Capabilities {app: /Users/a00139272/Katalon St..., appActivity: com.maybank2u.life.MainActi..., appPackage: com.maybank2u.life.sit, appWaitActivity: *, autoGrantPermissions: true, automationName: uiautomator2, chromedriverPort: 52878, databaseEnabled: false, desired: {app: /Users/a00139272/Katalon St..., appActivity: com.maybank2u.life.MainActi..., appPackage: com.maybank2u.life.sit, appWaitActivity: *, autoGrantPermissions: true, automationName: uiautomator2, chromedriverPort: 52878, deviceId: 002b9cc60508, deviceName: Xiaomi 21061119AG (Android 11), fullReset: false, newCommandTimeout: 1800, noReset: true, platform: ANDROID, platformName: android, platformVersion: 11, systemPort: 52876, udid: 002b9cc60508}, deviceApiLevel: 30, deviceId: 002b9cc60508, deviceManufacturer: Xiaomi, deviceModel: 21061119AG, deviceName: 002b9cc60508, deviceScreenDensity: 440, deviceScreenSize: 1080x2400, deviceUDID: 002b9cc60508, fullReset: false, javascriptEnabled: true, locationContextEnabled: false, networkConnectionEnabled: true, newCommandTimeout: 1800, noReset: true, pixelRatio: 2.75, platform: ANDROID, platformName: Android, platformVersion: 11, statBarHeight: 103, systemPort: 52876, takesScreenshot: true, udid: 002b9cc60508, viewportRect: {height: 2064, left: 0, top: 103, width: 1080}, warnings: {}, webStorageEnabled: false}
Session ID: 07e0a906-f567-4646-abfd-84c6cc800d18
	at org.openqa.selenium.remote.http.W3CHttpResponseCodec.createException(W3CHttpResponseCodec.java:187)
	at org.openqa.selenium.remote.http.W3CHttpResponseCodec.decode(W3CHttpResponseCodec.java:122)
	at org.openqa.selenium.remote.http.W3CHttpResponseCodec.decode(W3CHttpResponseCodec.java:49)
	at org.openqa.selenium.remote.HttpCommandExecutor.execute(HttpCommandExecutor.java:158)
	at io.appium.java_client.remote.AppiumCommandExecutor.execute(AppiumCommandExecutor.java:239)
	at org.openqa.selenium.remote.RemoteWebDriver.execute(RemoteWebDriver.java:552)
	at io.appium.java_client.DefaultGenericMobileDriver.execute(DefaultGenericMobileDriver.java:46)
	at io.appium.java_client.AppiumDriver.execute(AppiumDriver.java:1)
	at io.appium.java_client.android.AndroidDriver.execute(AndroidDriver.java:1)
	at com.kms.katalon.core.appium.driver.SwipeableAndroidDriver.execute(SwipeableAndroidDriver.java:1)
	at org.openqa.selenium.remote.RemoteWebDriver$RemoteWebDriverOptions$RemoteWindow.getSize(RemoteWebDriver.java:813)
	at org.openqa.selenium.WebDriver$Window$getSize.call(Unknown Source)
	at com.kms.katalon.core.mobile.keyword.internal.MobileAbstractKeyword.findElement(MobileAbstractKeyword.groovy:81)
	at com.kms.katalon.core.mobile.keyword.builtin.VerifyElementExistKeyword.access$1(VerifyElementExistKeyword.groovy)
	at com.kms.katalon.core.mobile.keyword.builtin.VerifyElementExistKeyword$_verifyElementExist_closure1.doCall(VerifyElementExistKeyword.groovy:72)
	at com.kms.katalon.core.mobile.keyword.builtin.VerifyElementExistKeyword$_verifyElementExist_closure1.call(VerifyElementExistKeyword.groovy)
	at com.kms.katalon.core.mobile.keyword.internal.MobileKeywordMain.runKeyword(MobileKeywordMain.groovy:21)
	at com.kms.katalon.core.mobile.keyword.builtin.VerifyElementExistKeyword.verifyElementExist(VerifyElementExistKeyword.groovy:80)
	at com.kms.katalon.core.mobile.keyword.builtin.VerifyElementExistKeyword.execute(VerifyElementExistKeyword.groovy:64)
	at com.kms.katalon.core.keyword.internal.KeywordExecutor.executeKeywordForPlatform(KeywordExecutor.groovy:74)
	at com.kms.katalon.core.mobile.keyword.MobileBuiltInKeywords.verifyElementExist(MobileBuiltInKeywords.groovy:1755)
	at com.kms.katalon.core.mobile.keyword.MobileBuiltInKeywords$verifyElementExist$8.call(Unknown Source)
	at duitNow_businessRegNumberTransaction.run(duitNow_businessRegNumberTransaction:144)
	at com.kms.katalon.core.main.ScriptEngine.run(ScriptEngine.java:194)
	at com.kms.katalon.core.main.ScriptEngine.runScriptAsRawText(ScriptEngine.java:119)
	at com.kms.katalon.core.main.TestCaseExecutor.runScript(TestCaseExecutor.java:445)
	at com.kms.katalon.core.main.TestCaseExecutor.doExecute(TestCaseExecutor.java:436)
	at com.kms.katalon.core.main.TestCaseExecutor.processExecutionPhase(TestCaseExecutor.java:415)
	at com.kms.katalon.core.main.TestCaseExecutor.accessMainPhase(TestCaseExecutor.java:407)
	at com.kms.katalon.core.main.TestCaseExecutor.execute(TestCaseExecutor.java:284)
	at com.kms.katalon.core.common.CommonExecutor.accessTestCaseMainPhase(CommonExecutor.java:65)
	at com.kms.katalon.core.main.TestSuiteExecutor.accessTestSuiteMainPhase(TestSuiteExecutor.java:144)
	at com.kms.katalon.core.main.TestSuiteExecutor.execute(TestSuiteExecutor.java:106)
	at com.kms.katalon.core.main.TestCaseMain.startTestSuite(TestCaseMain.java:185)
	at com.kms.katalon.core.main.TestCaseMain$startTestSuite$0.call(Unknown Source)
	at TempTestSuite1655885093224.run(TempTestSuite1655885093224.groovy:36)
)

2022-06-22 16:48:04 - [MESSAGE][WARNING] - Timeout '0' is invalid. Using default page load timeout: '40'

2022-06-22 16:48:04 - [MESSAGE][FAILED] - Failed to check for element 'Object Repository/Duit Now/duitNowAmountInitialValueTxt' exist (Root cause: org.openqa.selenium.WebDriverException: An unknown server-side error occurred while processing the command. Original error: 'GET /window/current/size' cannot be proxied to UiAutomator2 server because the instrumentation process is not running (probably crashed). Check the server log and/or the logcat output for more details
Build info: version: '3.141.59', revision: 'e82be7d358', time: '2018-11-14T08:25:53'
System info: host: '00139272s-MacBook-Pro.local', ip: '2001:e68:6167:d901:5dd8:2a3:885f:7e34%en0', os.name: 'Mac OS X', os.arch: 'x86_64', os.version: '10.16', java.version: '1.8.0_275'
Driver info: com.kms.katalon.core.appium.driver.SwipeableAndroidDriver
Capabilities {app: /Users/a00139272/Katalon St..., appActivity: com.maybank2u.life.MainActi..., appPackage: com.maybank2u.life.sit, appWaitActivity: *, autoGrantPermissions: true, automationName: uiautomator2, chromedriverPort: 52878, databaseEnabled: false, desired: {app: /Users/a00139272/Katalon St..., appActivity: com.maybank2u.life.MainActi..., appPackage: com.maybank2u.life.sit, appWaitActivity: *, autoGrantPermissions: true, automationName: uiautomator2, chromedriverPort: 52878, deviceId: 002b9cc60508, deviceName: Xiaomi 21061119AG (Android 11), fullReset: false, newCommandTimeout: 1800, noReset: true, platform: ANDROID, platformName: android, platformVersion: 11, systemPort: 52876, udid: 002b9cc60508}, deviceApiLevel: 30, deviceId: 002b9cc60508, deviceManufacturer: Xiaomi, deviceModel: 21061119AG, deviceName: 002b9cc60508, deviceScreenDensity: 440, deviceScreenSize: 1080x2400, deviceUDID: 002b9cc60508, fullReset: false, javascriptEnabled: true, locationContextEnabled: false, networkConnectionEnabled: true, newCommandTimeout: 1800, noReset: true, pixelRatio: 2.75, platform: ANDROID, platformName: Android, platformVersion: 11, statBarHeight: 103, systemPort: 52876, takesScreenshot: true, udid: 002b9cc60508, viewportRect: {height: 2064, left: 0, top: 103, width: 1080}, warnings: {}, webStorageEnabled: false}
Session ID: 07e0a906-f567-4646-abfd-84c6cc800d18
	at org.openqa.selenium.remote.http.W3CHttpResponseCodec.createException(W3CHttpResponseCodec.java:187)
	at org.openqa.selenium.remote.http.W3CHttpResponseCodec.decode(W3CHttpResponseCodec.java:122)
	at org.openqa.selenium.remote.http.W3CHttpResponseCodec.decode(W3CHttpResponseCodec.java:49)
	at org.openqa.selenium.remote.HttpCommandExecutor.execute(HttpCommandExecutor.java:158)
	at io.appium.java_client.remote.AppiumCommandExecutor.execute(AppiumCommandExecutor.java:239)
	at org.openqa.selenium.remote.RemoteWebDriver.execute(RemoteWebDriver.java:552)
	at io.appium.java_client.DefaultGenericMobileDriver.execute(DefaultGenericMobileDriver.java:46)
	at io.appium.java_client.AppiumDriver.execute(AppiumDriver.java:1)
	at io.appium.java_client.android.AndroidDriver.execute(AndroidDriver.java:1)
	at com.kms.katalon.core.appium.driver.SwipeableAndroidDriver.execute(SwipeableAndroidDriver.java:1)
	at org.openqa.selenium.remote.RemoteWebDriver$RemoteWebDriverOptions$RemoteWindow.getSize(RemoteWebDriver.java:813)
	at org.openqa.selenium.WebDriver$Window$getSize.call(Unknown Source)
	at com.kms.katalon.core.mobile.keyword.internal.MobileAbstractKeyword.findElement(MobileAbstractKeyword.groovy:81)
	at com.kms.katalon.core.mobile.keyword.builtin.VerifyElementExistKeyword.access$1(VerifyElementExistKeyword.groovy)
	at com.kms.katalon.core.mobile.keyword.builtin.VerifyElementExistKeyword$_verifyElementExist_closure1.doCall(VerifyElementExistKeyword.groovy:72)
	at com.kms.katalon.core.mobile.keyword.builtin.VerifyElementExistKeyword$_verifyElementExist_closure1.call(VerifyElementExistKeyword.groovy)
	at com.kms.katalon.core.mobile.keyword.internal.MobileKeywordMain.runKeyword(MobileKeywordMain.groovy:21)
	at com.kms.katalon.core.mobile.keyword.builtin.VerifyElementExistKeyword.verifyElementExist(VerifyElementExistKeyword.groovy:80)
	at com.kms.katalon.core.mobile.keyword.builtin.VerifyElementExistKeyword.execute(VerifyElementExistKeyword.groovy:64)
	at com.kms.katalon.core.keyword.internal.KeywordExecutor.executeKeywordForPlatform(KeywordExecutor.groovy:74)
	at com.kms.katalon.core.mobile.keyword.MobileBuiltInKeywords.verifyElementExist(MobileBuiltInKeywords.groovy:1755)
	at com.kms.katalon.core.mobile.keyword.MobileBuiltInKeywords$verifyElementExist$8.call(Unknown Source)
	at duitNow_businessRegNumberTransaction.run(duitNow_businessRegNumberTransaction:144)
	at com.kms.katalon.core.main.ScriptEngine.run(ScriptEngine.java:194)
	at com.kms.katalon.core.main.ScriptEngine.runScriptAsRawText(ScriptEngine.java:119)
	at com.kms.katalon.core.main.TestCaseExecutor.runScript(TestCaseExecutor.java:445)
	at com.kms.katalon.core.main.TestCaseExecutor.doExecute(TestCaseExecutor.java:436)
	at com.kms.katalon.core.main.TestCaseExecutor.processExecutionPhase(TestCaseExecutor.java:415)
	at com.kms.katalon.core.main.TestCaseExecutor.accessMainPhase(TestCaseExecutor.java:407)
	at com.kms.katalon.core.main.TestCaseExecutor.execute(TestCaseExecutor.java:284)
	at com.kms.katalon.core.common.CommonExecutor.accessTestCaseMainPhase(CommonExecutor.java:65)
	at com.kms.katalon.core.main.TestSuiteExecutor.accessTestSuiteMainPhase(TestSuiteExecutor.java:144)
	at com.kms.katalon.core.main.TestSuiteExecutor.execute(TestSuiteExecutor.java:106)
	at com.kms.katalon.core.main.TestCaseMain.startTestSuite(TestCaseMain.java:185)
	at com.kms.katalon.core.main.TestCaseMain$startTestSuite$0.call(Unknown Source)
	at TempTestSuite1655885093224.run(TempTestSuite1655885093224.groovy:36)
)

2022-06-22 16:48:04 - [TEST_STEP][FAILED] - tap(findTestObject("Login Onboarding/PIN4"), 0): Failed to tap on element 'Object Repository/Login Onboarding/PIN4' (Root cause: org.openqa.selenium.WebDriverException: An unknown server-side error occurred while processing the command. Original error: 'GET /window/current/size' cannot be proxied to UiAutomator2 server because the instrumentation process is not running (probably crashed). Check the server log and/or the logcat output for more details
Build info: version: '3.141.59', revision: 'e82be7d358', time: '2018-11-14T08:25:53'
System info: host: '00139272s-MacBook-Pro.local', ip: '2001:e68:6167:d901:5dd8:2a3:885f:7e34%en0', os.name: 'Mac OS X', os.arch: 'x86_64', os.version: '10.16', java.version: '1.8.0_275'
Driver info: com.kms.katalon.core.appium.driver.SwipeableAndroidDriver
Capabilities {app: /Users/a00139272/Katalon St..., appActivity: com.maybank2u.life.MainActi..., appPackage: com.maybank2u.life.sit, appWaitActivity: *, autoGrantPermissions: true, automationName: uiautomator2, chromedriverPort: 52878, databaseEnabled: false, desired: {app: /Users/a00139272/Katalon St..., appActivity: com.maybank2u.life.MainActi..., appPackage: com.maybank2u.life.sit, appWaitActivity: *, autoGrantPermissions: true, automationName: uiautomator2, chromedriverPort: 52878, deviceId: 002b9cc60508, deviceName: Xiaomi 21061119AG (Android 11), fullReset: false, newCommandTimeout: 1800, noReset: true, platform: ANDROID, platformName: android, platformVersion: 11, systemPort: 52876, udid: 002b9cc60508}, deviceApiLevel: 30, deviceId: 002b9cc60508, deviceManufacturer: Xiaomi, deviceModel: 21061119AG, deviceName: 002b9cc60508, deviceScreenDensity: 440, deviceScreenSize: 1080x2400, deviceUDID: 002b9cc60508, fullReset: false, javascriptEnabled: true, locationContextEnabled: false, networkConnectionEnabled: true, newCommandTimeout: 1800, noReset: true, pixelRatio: 2.75, platform: ANDROID, platformName: Android, platformVersion: 11, statBarHeight: 103, systemPort: 52876, takesScreenshot: true, udid: 002b9cc60508, viewportRect: {height: 2064, left: 0, top: 103, width: 1080}, warnings: {}, webStorageEnabled: false}
Session ID: 07e0a906-f567-4646-abfd-84c6cc800d18
	at org.openqa.selenium.remote.http.W3CHttpResponseCodec.createException(W3CHttpResponseCodec.java:187)
	at org.openqa.selenium.remote.http.W3CHttpResponseCodec.decode(W3CHttpResponseCodec.java:122)
	at org.openqa.selenium.remote.http.W3CHttpResponseCodec.decode(W3CHttpResponseCodec.java:49)
	at org.openqa.selenium.remote.HttpCommandExecutor.execute(HttpCommandExecutor.java:158)
	at io.appium.java_client.remote.AppiumCommandExecutor.execute(AppiumCommandExecutor.java:239)
	at org.openqa.selenium.remote.RemoteWebDriver.execute(RemoteWebDriver.java:552)
	at io.appium.java_client.DefaultGenericMobileDriver.execute(DefaultGenericMobileDriver.java:46)
	at io.appium.java_client.AppiumDriver.execute(AppiumDriver.java:1)
	at io.appium.java_client.android.AndroidDriver.execute(AndroidDriver.java:1)
	at com.kms.katalon.core.appium.driver.SwipeableAndroidDriver.execute(SwipeableAndroidDriver.java:1)
	at org.openqa.selenium.remote.RemoteWebDriver$RemoteWebDriverOptions$RemoteWindow.getSize(RemoteWebDriver.java:813)
	at org.openqa.selenium.WebDriver$Window$getSize.call(Unknown Source)
	at com.kms.katalon.core.mobile.keyword.internal.MobileAbstractKeyword.findElement(MobileAbstractKeyword.groovy:81)
	at com.kms.katalon.core.mobile.keyword.builtin.TapKeyword.access$1(TapKeyword.groovy)
	at com.kms.katalon.core.mobile.keyword.builtin.TapKeyword$_tap_closure1.doCall(TapKeyword.groovy:76)
	at com.kms.katalon.core.mobile.keyword.builtin.TapKeyword$_tap_closure1.call(TapKeyword.groovy)
	at com.kms.katalon.core.mobile.keyword.internal.MobileKeywordMain.runKeyword(MobileKeywordMain.groovy:21)
	at com.kms.katalon.core.mobile.keyword.builtin.TapKeyword.tap(TapKeyword.groovy:84)
	at com.kms.katalon.core.mobile.keyword.builtin.TapKeyword.execute(TapKeyword.groovy:68)
	at com.kms.katalon.core.keyword.internal.KeywordExecutor.executeKeywordForPlatform(KeywordExecutor.groovy:74)
	at com.kms.katalon.core.mobile.keyword.MobileBuiltInKeywords.tap(MobileBuiltInKeywords.groovy:1490)
	at com.kms.katalon.core.mobile.keyword.MobileBuiltInKeywords$tap$4.call(Unknown Source)
	at duitNow_businessRegNumberTransaction.run(duitNow_businessRegNumberTransaction:146)
	at com.kms.katalon.core.main.ScriptEngine.run(ScriptEngine.java:194)
	at com.kms.katalon.core.main.ScriptEngine.runScriptAsRawText(ScriptEngine.java:119)
	at com.kms.katalon.core.main.TestCaseExecutor.runScript(TestCaseExecutor.java:445)
	at com.kms.katalon.core.main.TestCaseExecutor.doExecute(TestCaseExecutor.java:436)
	at com.kms.katalon.core.main.TestCaseExecutor.processExecutionPhase(TestCaseExecutor.java:415)
	at com.kms.katalon.core.main.TestCaseExecutor.accessMainPhase(TestCaseExecutor.java:407)
	at com.kms.katalon.core.main.TestCaseExecutor.execute(TestCaseExecutor.java:284)
	at com.kms.katalon.core.common.CommonExecutor.accessTestCaseMainPhase(CommonExecutor.java:65)
	at com.kms.katalon.core.main.TestSuiteExecutor.accessTestSuiteMainPhase(TestSuiteExecutor.java:144)
	at com.kms.katalon.core.main.TestSuiteExecutor.execute(TestSuiteExecutor.java:106)
	at com.kms.katalon.core.main.TestCaseMain.startTestSuite(TestCaseMain.java:185)
	at com.kms.katalon.core.main.TestCaseMain$startTestSuite$0.call(Unknown Source)
	at TempTestSuite1655885093224.run(TempTestSuite1655885093224.groovy:36)
)

2022-06-22 16:48:05 - [MESSAGE][WARNING] - Timeout '0' is invalid. Using default page load timeout: '40'

2022-06-22 16:48:05 - [MESSAGE][FAILED] - Failed to tap on element 'Object Repository/Login Onboarding/PIN4' (Root cause: org.openqa.selenium.WebDriverException: An unknown server-side error occurred while processing the command. Original error: 'GET /window/current/size' cannot be proxied to UiAutomator2 server because the instrumentation process is not running (probably crashed). Check the server log and/or the logcat output for more details
Build info: version: '3.141.59', revision: 'e82be7d358', time: '2018-11-14T08:25:53'
System info: host: '00139272s-MacBook-Pro.local', ip: '2001:e68:6167:d901:5dd8:2a3:885f:7e34%en0', os.name: 'Mac OS X', os.arch: 'x86_64', os.version: '10.16', java.version: '1.8.0_275'
Driver info: com.kms.katalon.core.appium.driver.SwipeableAndroidDriver
Capabilities {app: /Users/a00139272/Katalon St..., appActivity: com.maybank2u.life.MainActi..., appPackage: com.maybank2u.life.sit, appWaitActivity: *, autoGrantPermissions: true, automationName: uiautomator2, chromedriverPort: 52878, databaseEnabled: false, desired: {app: /Users/a00139272/Katalon St..., appActivity: com.maybank2u.life.MainActi..., appPackage: com.maybank2u.life.sit, appWaitActivity: *, autoGrantPermissions: true, automationName: uiautomator2, chromedriverPort: 52878, deviceId: 002b9cc60508, deviceName: Xiaomi 21061119AG (Android 11), fullReset: false, newCommandTimeout: 1800, noReset: true, platform: ANDROID, platformName: android, platformVersion: 11, systemPort: 52876, udid: 002b9cc60508}, deviceApiLevel: 30, deviceId: 002b9cc60508, deviceManufacturer: Xiaomi, deviceModel: 21061119AG, deviceName: 002b9cc60508, deviceScreenDensity: 440, deviceScreenSize: 1080x2400, deviceUDID: 002b9cc60508, fullReset: false, javascriptEnabled: true, locationContextEnabled: false, networkConnectionEnabled: true, newCommandTimeout: 1800, noReset: true, pixelRatio: 2.75, platform: ANDROID, platformName: Android, platformVersion: 11, statBarHeight: 103, systemPort: 52876, takesScreenshot: true, udid: 002b9cc60508, viewportRect: {height: 2064, left: 0, top: 103, width: 1080}, warnings: {}, webStorageEnabled: false}
Session ID: 07e0a906-f567-4646-abfd-84c6cc800d18
	at org.openqa.selenium.remote.http.W3CHttpResponseCodec.createException(W3CHttpResponseCodec.java:187)
	at org.openqa.selenium.remote.http.W3CHttpResponseCodec.decode(W3CHttpResponseCodec.java:122)
	at org.openqa.selenium.remote.http.W3CHttpResponseCodec.decode(W3CHttpResponseCodec.java:49)
	at org.openqa.selenium.remote.HttpCommandExecutor.execute(HttpCommandExecutor.java:158)
	at io.appium.java_client.remote.AppiumCommandExecutor.execute(AppiumCommandExecutor.java:239)
	at org.openqa.selenium.remote.RemoteWebDriver.execute(RemoteWebDriver.java:552)
	at io.appium.java_client.DefaultGenericMobileDriver.execute(DefaultGenericMobileDriver.java:46)
	at io.appium.java_client.AppiumDriver.execute(AppiumDriver.java:1)
	at io.appium.java_client.android.AndroidDriver.execute(AndroidDriver.java:1)
	at com.kms.katalon.core.appium.driver.SwipeableAndroidDriver.execute(SwipeableAndroidDriver.java:1)
	at org.openqa.selenium.remote.RemoteWebDriver$RemoteWebDriverOptions$RemoteWindow.getSize(RemoteWebDriver.java:813)
	at org.openqa.selenium.WebDriver$Window$getSize.call(Unknown Source)
	at com.kms.katalon.core.mobile.keyword.internal.MobileAbstractKeyword.findElement(MobileAbstractKeyword.groovy:81)
	at com.kms.katalon.core.mobile.keyword.builtin.TapKeyword.access$1(TapKeyword.groovy)
	at com.kms.katalon.core.mobile.keyword.builtin.TapKeyword$_tap_closure1.doCall(TapKeyword.groovy:76)
	at com.kms.katalon.core.mobile.keyword.builtin.TapKeyword$_tap_closure1.call(TapKeyword.groovy)
	at com.kms.katalon.core.mobile.keyword.internal.MobileKeywordMain.runKeyword(MobileKeywordMain.groovy:21)
	at com.kms.katalon.core.mobile.keyword.builtin.TapKeyword.tap(TapKeyword.groovy:84)
	at com.kms.katalon.core.mobile.keyword.builtin.TapKeyword.execute(TapKeyword.groovy:68)
	at com.kms.katalon.core.keyword.internal.KeywordExecutor.executeKeywordForPlatform(KeywordExecutor.groovy:74)
	at com.kms.katalon.core.mobile.keyword.MobileBuiltInKeywords.tap(MobileBuiltInKeywords.groovy:1490)
	at com.kms.katalon.core.mobile.keyword.MobileBuiltInKeywords$tap$4.call(Unknown Source)
	at duitNow_businessRegNumberTransaction.run(duitNow_businessRegNumberTransaction:146)
	at com.kms.katalon.core.main.ScriptEngine.run(ScriptEngine.java:194)
	at com.kms.katalon.core.main.ScriptEngine.runScriptAsRawText(ScriptEngine.java:119)
	at com.kms.katalon.core.main.TestCaseExecutor.runScript(TestCaseExecutor.java:445)
	at com.kms.katalon.core.main.TestCaseExecutor.doExecute(TestCaseExecutor.java:436)
	at com.kms.katalon.core.main.TestCaseExecutor.processExecutionPhase(TestCaseExecutor.java:415)
	at com.kms.katalon.core.main.TestCaseExecutor.accessMainPhase(TestCaseExecutor.java:407)
	at com.kms.katalon.core.main.TestCaseExecutor.execute(TestCaseExecutor.java:284)
	at com.kms.katalon.core.common.CommonExecutor.accessTestCaseMainPhase(CommonExecutor.java:65)
	at com.kms.katalon.core.main.TestSuiteExecutor.accessTestSuiteMainPhase(TestSuiteExecutor.java:144)
	at com.kms.katalon.core.main.TestSuiteExecutor.execute(TestSuiteExecutor.java:106)
	at com.kms.katalon.core.main.TestCaseMain.startTestSuite(TestCaseMain.java:185)
	at com.kms.katalon.core.main.TestCaseMain$startTestSuite$0.call(Unknown Source)
	at TempTestSuite1655885093224.run(TempTestSuite1655885093224.groovy:36)
)

2022-06-22 16:48:05 - [TEST_STEP][PASSED] - delay(5): Delayed 5 second(s)

2022-06-22 16:48:10 - [MESSAGE][PASSED] - Delayed 5 second(s)

2022-06-22 16:48:10 - [TEST_STEP][FAILED] - verifyElementText(findTestObject("Duit Now/duitNowAmountValueTxt", ["value":"0.04"]), "0.04"): Verify element text of test object 'Object Repository/Duit Now/duitNowAmountValueTxt' FAILED. (Root cause: org.openqa.selenium.WebDriverException: An unknown server-side error occurred while processing the command. Original error: 'GET /window/current/size' cannot be proxied to UiAutomator2 server because the instrumentation process is not running (probably crashed). Check the server log and/or the logcat output for more details
Build info: version: '3.141.59', revision: 'e82be7d358', time: '2018-11-14T08:25:53'
System info: host: '00139272s-MacBook-Pro.local', ip: '2001:e68:6167:d901:5dd8:2a3:885f:7e34%en0', os.name: 'Mac OS X', os.arch: 'x86_64', os.version: '10.16', java.version: '1.8.0_275'
Driver info: com.kms.katalon.core.appium.driver.SwipeableAndroidDriver
Capabilities {app: /Users/a00139272/Katalon St..., appActivity: com.maybank2u.life.MainActi..., appPackage: com.maybank2u.life.sit, appWaitActivity: *, autoGrantPermissions: true, automationName: uiautomator2, chromedriverPort: 52878, databaseEnabled: false, desired: {app: /Users/a00139272/Katalon St..., appActivity: com.maybank2u.life.MainActi..., appPackage: com.maybank2u.life.sit, appWaitActivity: *, autoGrantPermissions: true, automationName: uiautomator2, chromedriverPort: 52878, deviceId: 002b9cc60508, deviceName: Xiaomi 21061119AG (Android 11), fullReset: false, newCommandTimeout: 1800, noReset: true, platform: ANDROID, platformName: android, platformVersion: 11, systemPort: 52876, udid: 002b9cc60508}, deviceApiLevel: 30, deviceId: 002b9cc60508, deviceManufacturer: Xiaomi, deviceModel: 21061119AG, deviceName: 002b9cc60508, deviceScreenDensity: 440, deviceScreenSize: 1080x2400, deviceUDID: 002b9cc60508, fullReset: false, javascriptEnabled: true, locationContextEnabled: false, networkConnectionEnabled: true, newCommandTimeout: 1800, noReset: true, pixelRatio: 2.75, platform: ANDROID, platformName: Android, platformVersion: 11, statBarHeight: 103, systemPort: 52876, takesScreenshot: true, udid: 002b9cc60508, viewportRect: {height: 2064, left: 0, top: 103, width: 1080}, warnings: {}, webStorageEnabled: false}
Session ID: 07e0a906-f567-4646-abfd-84c6cc800d18
	at org.openqa.selenium.remote.http.W3CHttpResponseCodec.createException(W3CHttpResponseCodec.java:187)
	at org.openqa.selenium.remote.http.W3CHttpResponseCodec.decode(W3CHttpResponseCodec.java:122)
	at org.openqa.selenium.remote.http.W3CHttpResponseCodec.decode(W3CHttpResponseCodec.java:49)
	at org.openqa.selenium.remote.HttpCommandExecutor.execute(HttpCommandExecutor.java:158)
	at io.appium.java_client.remote.AppiumCommandExecutor.execute(AppiumCommandExecutor.java:239)
	at org.openqa.selenium.remote.RemoteWebDriver.execute(RemoteWebDriver.java:552)
	at io.appium.java_client.DefaultGenericMobileDriver.execute(DefaultGenericMobileDriver.java:46)
	at io.appium.java_client.AppiumDriver.execute(AppiumDriver.java:1)
	at io.appium.java_client.android.AndroidDriver.execute(AndroidDriver.java:1)
	at com.kms.katalon.core.appium.driver.SwipeableAndroidDriver.execute(SwipeableAndroidDriver.java:1)
	at org.openqa.selenium.remote.RemoteWebDriver$RemoteWebDriverOptions$RemoteWindow.getSize(RemoteWebDriver.java:813)
	at org.openqa.selenium.WebDriver$Window$getSize.call(Unknown Source)
	at com.kms.katalon.core.mobile.keyword.internal.MobileAbstractKeyword.findElement(MobileAbstractKeyword.groovy:81)
	at com.kms.katalon.core.mobile.keyword.builtin.VerifyElementTextKeyword.access$1(VerifyElementTextKeyword.groovy)
	at com.kms.katalon.core.mobile.keyword.builtin.VerifyElementTextKeyword$_verifyElementText_closure1.doCall(VerifyElementTextKeyword.groovy:47)
	at com.kms.katalon.core.mobile.keyword.builtin.VerifyElementTextKeyword$_verifyElementText_closure1.call(VerifyElementTextKeyword.groovy)
	at com.kms.katalon.core.mobile.keyword.internal.MobileKeywordMain.runKeyword(MobileKeywordMain.groovy:21)
	at com.kms.katalon.core.mobile.keyword.builtin.VerifyElementTextKeyword.verifyElementText(VerifyElementTextKeyword.groovy:62)
	at com.kms.katalon.core.mobile.keyword.builtin.VerifyElementTextKeyword.execute(VerifyElementTextKeyword.groovy:39)
	at com.kms.katalon.core.keyword.internal.KeywordExecutor.executeKeywordForPlatform(KeywordExecutor.groovy:74)
	at com.kms.katalon.core.mobile.keyword.MobileBuiltInKeywords.verifyElementText(MobileBuiltInKeywords.groovy:2901)
	at com.kms.katalon.core.mobile.keyword.MobileBuiltInKeywords$verifyElementText$9.call(Unknown Source)
	at duitNow_businessRegNumberTransaction.run(duitNow_businessRegNumberTransaction:150)
	at com.kms.katalon.core.main.ScriptEngine.run(ScriptEngine.java:194)
	at com.kms.katalon.core.main.ScriptEngine.runScriptAsRawText(ScriptEngine.java:119)
	at com.kms.katalon.core.main.TestCaseExecutor.runScript(TestCaseExecutor.java:445)
	at com.kms.katalon.core.main.TestCaseExecutor.doExecute(TestCaseExecutor.java:436)
	at com.kms.katalon.core.main.TestCaseExecutor.processExecutionPhase(TestCaseExecutor.java:415)
	at com.kms.katalon.core.main.TestCaseExecutor.accessMainPhase(TestCaseExecutor.java:407)
	at com.kms.katalon.core.main.TestCaseExecutor.execute(TestCaseExecutor.java:284)
	at com.kms.katalon.core.common.CommonExecutor.accessTestCaseMainPhase(CommonExecutor.java:65)
	at com.kms.katalon.core.main.TestSuiteExecutor.accessTestSuiteMainPhase(TestSuiteExecutor.java:144)
	at com.kms.katalon.core.main.TestSuiteExecutor.execute(TestSuiteExecutor.java:106)
	at com.kms.katalon.core.main.TestCaseMain.startTestSuite(TestCaseMain.java:185)
	at com.kms.katalon.core.main.TestCaseMain$startTestSuite$0.call(Unknown Source)
	at TempTestSuite1655885093224.run(TempTestSuite1655885093224.groovy:36)
)

2022-06-22 16:48:10 - [MESSAGE][FAILED] - Verify element text of test object 'Object Repository/Duit Now/duitNowAmountValueTxt' FAILED. (Root cause: org.openqa.selenium.WebDriverException: An unknown server-side error occurred while processing the command. Original error: 'GET /window/current/size' cannot be proxied to UiAutomator2 server because the instrumentation process is not running (probably crashed). Check the server log and/or the logcat output for more details
Build info: version: '3.141.59', revision: 'e82be7d358', time: '2018-11-14T08:25:53'
System info: host: '00139272s-MacBook-Pro.local', ip: '2001:e68:6167:d901:5dd8:2a3:885f:7e34%en0', os.name: 'Mac OS X', os.arch: 'x86_64', os.version: '10.16', java.version: '1.8.0_275'
Driver info: com.kms.katalon.core.appium.driver.SwipeableAndroidDriver
Capabilities {app: /Users/a00139272/Katalon St..., appActivity: com.maybank2u.life.MainActi..., appPackage: com.maybank2u.life.sit, appWaitActivity: *, autoGrantPermissions: true, automationName: uiautomator2, chromedriverPort: 52878, databaseEnabled: false, desired: {app: /Users/a00139272/Katalon St..., appActivity: com.maybank2u.life.MainActi..., appPackage: com.maybank2u.life.sit, appWaitActivity: *, autoGrantPermissions: true, automationName: uiautomator2, chromedriverPort: 52878, deviceId: 002b9cc60508, deviceName: Xiaomi 21061119AG (Android 11), fullReset: false, newCommandTimeout: 1800, noReset: true, platform: ANDROID, platformName: android, platformVersion: 11, systemPort: 52876, udid: 002b9cc60508}, deviceApiLevel: 30, deviceId: 002b9cc60508, deviceManufacturer: Xiaomi, deviceModel: 21061119AG, deviceName: 002b9cc60508, deviceScreenDensity: 440, deviceScreenSize: 1080x2400, deviceUDID: 002b9cc60508, fullReset: false, javascriptEnabled: true, locationContextEnabled: false, networkConnectionEnabled: true, newCommandTimeout: 1800, noReset: true, pixelRatio: 2.75, platform: ANDROID, platformName: Android, platformVersion: 11, statBarHeight: 103, systemPort: 52876, takesScreenshot: true, udid: 002b9cc60508, viewportRect: {height: 2064, left: 0, top: 103, width: 1080}, warnings: {}, webStorageEnabled: false}
Session ID: 07e0a906-f567-4646-abfd-84c6cc800d18
	at org.openqa.selenium.remote.http.W3CHttpResponseCodec.createException(W3CHttpResponseCodec.java:187)
	at org.openqa.selenium.remote.http.W3CHttpResponseCodec.decode(W3CHttpResponseCodec.java:122)
	at org.openqa.selenium.remote.http.W3CHttpResponseCodec.decode(W3CHttpResponseCodec.java:49)
	at org.openqa.selenium.remote.HttpCommandExecutor.execute(HttpCommandExecutor.java:158)
	at io.appium.java_client.remote.AppiumCommandExecutor.execute(AppiumCommandExecutor.java:239)
	at org.openqa.selenium.remote.RemoteWebDriver.execute(RemoteWebDriver.java:552)
	at io.appium.java_client.DefaultGenericMobileDriver.execute(DefaultGenericMobileDriver.java:46)
	at io.appium.java_client.AppiumDriver.execute(AppiumDriver.java:1)
	at io.appium.java_client.android.AndroidDriver.execute(AndroidDriver.java:1)
	at com.kms.katalon.core.appium.driver.SwipeableAndroidDriver.execute(SwipeableAndroidDriver.java:1)
	at org.openqa.selenium.remote.RemoteWebDriver$RemoteWebDriverOptions$RemoteWindow.getSize(RemoteWebDriver.java:813)
	at org.openqa.selenium.WebDriver$Window$getSize.call(Unknown Source)
	at com.kms.katalon.core.mobile.keyword.internal.MobileAbstractKeyword.findElement(MobileAbstractKeyword.groovy:81)
	at com.kms.katalon.core.mobile.keyword.builtin.VerifyElementTextKeyword.access$1(VerifyElementTextKeyword.groovy)
	at com.kms.katalon.core.mobile.keyword.builtin.VerifyElementTextKeyword$_verifyElementText_closure1.doCall(VerifyElementTextKeyword.groovy:47)
	at com.kms.katalon.core.mobile.keyword.builtin.VerifyElementTextKeyword$_verifyElementText_closure1.call(VerifyElementTextKeyword.groovy)
	at com.kms.katalon.core.mobile.keyword.internal.MobileKeywordMain.runKeyword(MobileKeywordMain.groovy:21)
	at com.kms.katalon.core.mobile.keyword.builtin.VerifyElementTextKeyword.verifyElementText(VerifyElementTextKeyword.groovy:62)
	at com.kms.katalon.core.mobile.keyword.builtin.VerifyElementTextKeyword.execute(VerifyElementTextKeyword.groovy:39)
	at com.kms.katalon.core.keyword.internal.KeywordExecutor.executeKeywordForPlatform(KeywordExecutor.groovy:74)
	at com.kms.katalon.core.mobile.keyword.MobileBuiltInKeywords.verifyElementText(MobileBuiltInKeywords.groovy:2901)
	at com.kms.katalon.core.mobile.keyword.MobileBuiltInKeywords$verifyElementText$9.call(Unknown Source)
	at duitNow_businessRegNumberTransaction.run(duitNow_businessRegNumberTransaction:150)
	at com.kms.katalon.core.main.ScriptEngine.run(ScriptEngine.java:194)
	at com.kms.katalon.core.main.ScriptEngine.runScriptAsRawText(ScriptEngine.java:119)
	at com.kms.katalon.core.main.TestCaseExecutor.runScript(TestCaseExecutor.java:445)
	at com.kms.katalon.core.main.TestCaseExecutor.doExecute(TestCaseExecutor.java:436)
	at com.kms.katalon.core.main.TestCaseExecutor.processExecutionPhase(TestCaseExecutor.java:415)
	at com.kms.katalon.core.main.TestCaseExecutor.accessMainPhase(TestCaseExecutor.java:407)
	at com.kms.katalon.core.main.TestCaseExecutor.execute(TestCaseExecutor.java:284)
	at com.kms.katalon.core.common.CommonExecutor.accessTestCaseMainPhase(CommonExecutor.java:65)
	at com.kms.katalon.core.main.TestSuiteExecutor.accessTestSuiteMainPhase(TestSuiteExecutor.java:144)
	at com.kms.katalon.core.main.TestSuiteExecutor.execute(TestSuiteExecutor.java:106)
	at com.kms.katalon.core.main.TestCaseMain.startTestSuite(TestCaseMain.java:185)
	at com.kms.katalon.core.main.TestCaseMain$startTestSuite$0.call(Unknown Source)
	at TempTestSuite1655885093224.run(TempTestSuite1655885093224.groovy:36)
)

2022-06-22 16:48:10 - [TEST_STEP][FAILED] - verifyElementVisible(findTestObject("Login Onboarding/loginPinTickBtn"), 5): Failed to check for element 'Object Repository/Login Onboarding/loginPinTickBtn' visible (Root cause: org.openqa.selenium.WebDriverException: An unknown server-side error occurred while processing the command. Original error: 'GET /window/current/size' cannot be proxied to UiAutomator2 server because the instrumentation process is not running (probably crashed). Check the server log and/or the logcat output for more details
Build info: version: '3.141.59', revision: 'e82be7d358', time: '2018-11-14T08:25:53'
System info: host: '00139272s-MacBook-Pro.local', ip: '2001:e68:6167:d901:5dd8:2a3:885f:7e34%en0', os.name: 'Mac OS X', os.arch: 'x86_64', os.version: '10.16', java.version: '1.8.0_275'
Driver info: com.kms.katalon.core.appium.driver.SwipeableAndroidDriver
Capabilities {app: /Users/a00139272/Katalon St..., appActivity: com.maybank2u.life.MainActi..., appPackage: com.maybank2u.life.sit, appWaitActivity: *, autoGrantPermissions: true, automationName: uiautomator2, chromedriverPort: 52878, databaseEnabled: false, desired: {app: /Users/a00139272/Katalon St..., appActivity: com.maybank2u.life.MainActi..., appPackage: com.maybank2u.life.sit, appWaitActivity: *, autoGrantPermissions: true, automationName: uiautomator2, chromedriverPort: 52878, deviceId: 002b9cc60508, deviceName: Xiaomi 21061119AG (Android 11), fullReset: false, newCommandTimeout: 1800, noReset: true, platform: ANDROID, platformName: android, platformVersion: 11, systemPort: 52876, udid: 002b9cc60508}, deviceApiLevel: 30, deviceId: 002b9cc60508, deviceManufacturer: Xiaomi, deviceModel: 21061119AG, deviceName: 002b9cc60508, deviceScreenDensity: 440, deviceScreenSize: 1080x2400, deviceUDID: 002b9cc60508, fullReset: false, javascriptEnabled: true, locationContextEnabled: false, networkConnectionEnabled: true, newCommandTimeout: 1800, noReset: true, pixelRatio: 2.75, platform: ANDROID, platformName: Android, platformVersion: 11, statBarHeight: 103, systemPort: 52876, takesScreenshot: true, udid: 002b9cc60508, viewportRect: {height: 2064, left: 0, top: 103, width: 1080}, warnings: {}, webStorageEnabled: false}
Session ID: 07e0a906-f567-4646-abfd-84c6cc800d18
	at org.openqa.selenium.remote.http.W3CHttpResponseCodec.createException(W3CHttpResponseCodec.java:187)
	at org.openqa.selenium.remote.http.W3CHttpResponseCodec.decode(W3CHttpResponseCodec.java:122)
	at org.openqa.selenium.remote.http.W3CHttpResponseCodec.decode(W3CHttpResponseCodec.java:49)
	at org.openqa.selenium.remote.HttpCommandExecutor.execute(HttpCommandExecutor.java:158)
	at io.appium.java_client.remote.AppiumCommandExecutor.execute(AppiumCommandExecutor.java:239)
	at org.openqa.selenium.remote.RemoteWebDriver.execute(RemoteWebDriver.java:552)
	at io.appium.java_client.DefaultGenericMobileDriver.execute(DefaultGenericMobileDriver.java:46)
	at io.appium.java_client.AppiumDriver.execute(AppiumDriver.java:1)
	at io.appium.java_client.android.AndroidDriver.execute(AndroidDriver.java:1)
	at com.kms.katalon.core.appium.driver.SwipeableAndroidDriver.execute(SwipeableAndroidDriver.java:1)
	at org.openqa.selenium.remote.RemoteWebDriver$RemoteWebDriverOptions$RemoteWindow.getSize(RemoteWebDriver.java:813)
	at org.openqa.selenium.WebDriver$Window$getSize.call(Unknown Source)
	at com.kms.katalon.core.mobile.keyword.internal.MobileAbstractKeyword.findElement(MobileAbstractKeyword.groovy:81)
	at com.kms.katalon.core.mobile.keyword.builtin.VerifyElementVisibleKeyword.access$1(VerifyElementVisibleKeyword.groovy)
	at com.kms.katalon.core.mobile.keyword.builtin.VerifyElementVisibleKeyword$_verifyElementVisible_closure1.doCall(VerifyElementVisibleKeyword.groovy:72)
	at com.kms.katalon.core.mobile.keyword.builtin.VerifyElementVisibleKeyword$_verifyElementVisible_closure1.call(VerifyElementVisibleKeyword.groovy)
	at com.kms.katalon.core.mobile.keyword.internal.MobileKeywordMain.runKeyword(MobileKeywordMain.groovy:21)
	at com.kms.katalon.core.mobile.keyword.builtin.VerifyElementVisibleKeyword.verifyElementVisible(VerifyElementVisibleKeyword.groovy:85)
	at com.kms.katalon.core.mobile.keyword.builtin.VerifyElementVisibleKeyword.execute(VerifyElementVisibleKeyword.groovy:64)
	at com.kms.katalon.core.keyword.internal.KeywordExecutor.executeKeywordForPlatform(KeywordExecutor.groovy:74)
	at com.kms.katalon.core.mobile.keyword.MobileBuiltInKeywords.verifyElementVisible(MobileBuiltInKeywords.groovy:2031)
	at com.kms.katalon.core.mobile.keyword.MobileBuiltInKeywords$verifyElementVisible$5.call(Unknown Source)
	at duitNow_businessRegNumberTransaction.run(duitNow_businessRegNumberTransaction:152)
	at com.kms.katalon.core.main.ScriptEngine.run(ScriptEngine.java:194)
	at com.kms.katalon.core.main.ScriptEngine.runScriptAsRawText(ScriptEngine.java:119)
	at com.kms.katalon.core.main.TestCaseExecutor.runScript(TestCaseExecutor.java:445)
	at com.kms.katalon.core.main.TestCaseExecutor.doExecute(TestCaseExecutor.java:436)
	at com.kms.katalon.core.main.TestCaseExecutor.processExecutionPhase(TestCaseExecutor.java:415)
	at com.kms.katalon.core.main.TestCaseExecutor.accessMainPhase(TestCaseExecutor.java:407)
	at com.kms.katalon.core.main.TestCaseExecutor.execute(TestCaseExecutor.java:284)
	at com.kms.katalon.core.common.CommonExecutor.accessTestCaseMainPhase(CommonExecutor.java:65)
	at com.kms.katalon.core.main.TestSuiteExecutor.accessTestSuiteMainPhase(TestSuiteExecutor.java:144)
	at com.kms.katalon.core.main.TestSuiteExecutor.execute(TestSuiteExecutor.java:106)
	at com.kms.katalon.core.main.TestCaseMain.startTestSuite(TestCaseMain.java:185)
	at com.kms.katalon.core.main.TestCaseMain$startTestSuite$0.call(Unknown Source)
	at TempTestSuite1655885093224.run(TempTestSuite1655885093224.groovy:36)
)

2022-06-22 16:48:10 - [MESSAGE][FAILED] - Failed to check for element 'Object Repository/Login Onboarding/loginPinTickBtn' visible (Root cause: org.openqa.selenium.WebDriverException: An unknown server-side error occurred while processing the command. Original error: 'GET /window/current/size' cannot be proxied to UiAutomator2 server because the instrumentation process is not running (probably crashed). Check the server log and/or the logcat output for more details
Build info: version: '3.141.59', revision: 'e82be7d358', time: '2018-11-14T08:25:53'
System info: host: '00139272s-MacBook-Pro.local', ip: '2001:e68:6167:d901:5dd8:2a3:885f:7e34%en0', os.name: 'Mac OS X', os.arch: 'x86_64', os.version: '10.16', java.version: '1.8.0_275'
Driver info: com.kms.katalon.core.appium.driver.SwipeableAndroidDriver
Capabilities {app: /Users/a00139272/Katalon St..., appActivity: com.maybank2u.life.MainActi..., appPackage: com.maybank2u.life.sit, appWaitActivity: *, autoGrantPermissions: true, automationName: uiautomator2, chromedriverPort: 52878, databaseEnabled: false, desired: {app: /Users/a00139272/Katalon St..., appActivity: com.maybank2u.life.MainActi..., appPackage: com.maybank2u.life.sit, appWaitActivity: *, autoGrantPermissions: true, automationName: uiautomator2, chromedriverPort: 52878, deviceId: 002b9cc60508, deviceName: Xiaomi 21061119AG (Android 11), fullReset: false, newCommandTimeout: 1800, noReset: true, platform: ANDROID, platformName: android, platformVersion: 11, systemPort: 52876, udid: 002b9cc60508}, deviceApiLevel: 30, deviceId: 002b9cc60508, deviceManufacturer: Xiaomi, deviceModel: 21061119AG, deviceName: 002b9cc60508, deviceScreenDensity: 440, deviceScreenSize: 1080x2400, deviceUDID: 002b9cc60508, fullReset: false, javascriptEnabled: true, locationContextEnabled: false, networkConnectionEnabled: true, newCommandTimeout: 1800, noReset: true, pixelRatio: 2.75, platform: ANDROID, platformName: Android, platformVersion: 11, statBarHeight: 103, systemPort: 52876, takesScreenshot: true, udid: 002b9cc60508, viewportRect: {height: 2064, left: 0, top: 103, width: 1080}, warnings: {}, webStorageEnabled: false}
Session ID: 07e0a906-f567-4646-abfd-84c6cc800d18
	at org.openqa.selenium.remote.http.W3CHttpResponseCodec.createException(W3CHttpResponseCodec.java:187)
	at org.openqa.selenium.remote.http.W3CHttpResponseCodec.decode(W3CHttpResponseCodec.java:122)
	at org.openqa.selenium.remote.http.W3CHttpResponseCodec.decode(W3CHttpResponseCodec.java:49)
	at org.openqa.selenium.remote.HttpCommandExecutor.execute(HttpCommandExecutor.java:158)
	at io.appium.java_client.remote.AppiumCommandExecutor.execute(AppiumCommandExecutor.java:239)
	at org.openqa.selenium.remote.RemoteWebDriver.execute(RemoteWebDriver.java:552)
	at io.appium.java_client.DefaultGenericMobileDriver.execute(DefaultGenericMobileDriver.java:46)
	at io.appium.java_client.AppiumDriver.execute(AppiumDriver.java:1)
	at io.appium.java_client.android.AndroidDriver.execute(AndroidDriver.java:1)
	at com.kms.katalon.core.appium.driver.SwipeableAndroidDriver.execute(SwipeableAndroidDriver.java:1)
	at org.openqa.selenium.remote.RemoteWebDriver$RemoteWebDriverOptions$RemoteWindow.getSize(RemoteWebDriver.java:813)
	at org.openqa.selenium.WebDriver$Window$getSize.call(Unknown Source)
	at com.kms.katalon.core.mobile.keyword.internal.MobileAbstractKeyword.findElement(MobileAbstractKeyword.groovy:81)
	at com.kms.katalon.core.mobile.keyword.builtin.VerifyElementVisibleKeyword.access$1(VerifyElementVisibleKeyword.groovy)
	at com.kms.katalon.core.mobile.keyword.builtin.VerifyElementVisibleKeyword$_verifyElementVisible_closure1.doCall(VerifyElementVisibleKeyword.groovy:72)
	at com.kms.katalon.core.mobile.keyword.builtin.VerifyElementVisibleKeyword$_verifyElementVisible_closure1.call(VerifyElementVisibleKeyword.groovy)
	at com.kms.katalon.core.mobile.keyword.internal.MobileKeywordMain.runKeyword(MobileKeywordMain.groovy:21)
	at com.kms.katalon.core.mobile.keyword.builtin.VerifyElementVisibleKeyword.verifyElementVisible(VerifyElementVisibleKeyword.groovy:85)
	at com.kms.katalon.core.mobile.keyword.builtin.VerifyElementVisibleKeyword.execute(VerifyElementVisibleKeyword.groovy:64)
	at com.kms.katalon.core.keyword.internal.KeywordExecutor.executeKeywordForPlatform(KeywordExecutor.groovy:74)
	at com.kms.katalon.core.mobile.keyword.MobileBuiltInKeywords.verifyElementVisible(MobileBuiltInKeywords.groovy:2031)
	at com.kms.katalon.core.mobile.keyword.MobileBuiltInKeywords$verifyElementVisible$5.call(Unknown Source)
	at duitNow_businessRegNumberTransaction.run(duitNow_businessRegNumberTransaction:152)
	at com.kms.katalon.core.main.ScriptEngine.run(ScriptEngine.java:194)
	at com.kms.katalon.core.main.ScriptEngine.runScriptAsRawText(ScriptEngine.java:119)
	at com.kms.katalon.core.main.TestCaseExecutor.runScript(TestCaseExecutor.java:445)
	at com.kms.katalon.core.main.TestCaseExecutor.doExecute(TestCaseExecutor.java:436)
	at com.kms.katalon.core.main.TestCaseExecutor.processExecutionPhase(TestCaseExecutor.java:415)
	at com.kms.katalon.core.main.TestCaseExecutor.accessMainPhase(TestCaseExecutor.java:407)
	at com.kms.katalon.core.main.TestCaseExecutor.execute(TestCaseExecutor.java:284)
	at com.kms.katalon.core.common.CommonExecutor.accessTestCaseMainPhase(CommonExecutor.java:65)
	at com.kms.katalon.core.main.TestSuiteExecutor.accessTestSuiteMainPhase(TestSuiteExecutor.java:144)
	at com.kms.katalon.core.main.TestSuiteExecutor.execute(TestSuiteExecutor.java:106)
	at com.kms.katalon.core.main.TestCaseMain.startTestSuite(TestCaseMain.java:185)
	at com.kms.katalon.core.main.TestCaseMain$startTestSuite$0.call(Unknown Source)
	at TempTestSuite1655885093224.run(TempTestSuite1655885093224.groovy:36)
)

2022-06-22 16:48:10 - [TEST_STEP][FAILED] - tap(findTestObject("Login Onboarding/loginPinTickBtn"), 0): Failed to tap on element 'Object Repository/Login Onboarding/loginPinTickBtn' (Root cause: org.openqa.selenium.WebDriverException: An unknown server-side error occurred while processing the command. Original error: 'GET /window/current/size' cannot be proxied to UiAutomator2 server because the instrumentation process is not running (probably crashed). Check the server log and/or the logcat output for more details
Build info: version: '3.141.59', revision: 'e82be7d358', time: '2018-11-14T08:25:53'
System info: host: '00139272s-MacBook-Pro.local', ip: '2001:e68:6167:d901:5dd8:2a3:885f:7e34%en0', os.name: 'Mac OS X', os.arch: 'x86_64', os.version: '10.16', java.version: '1.8.0_275'
Driver info: com.kms.katalon.core.appium.driver.SwipeableAndroidDriver
Capabilities {app: /Users/a00139272/Katalon St..., appActivity: com.maybank2u.life.MainActi..., appPackage: com.maybank2u.life.sit, appWaitActivity: *, autoGrantPermissions: true, automationName: uiautomator2, chromedriverPort: 52878, databaseEnabled: false, desired: {app: /Users/a00139272/Katalon St..., appActivity: com.maybank2u.life.MainActi..., appPackage: com.maybank2u.life.sit, appWaitActivity: *, autoGrantPermissions: true, automationName: uiautomator2, chromedriverPort: 52878, deviceId: 002b9cc60508, deviceName: Xiaomi 21061119AG (Android 11), fullReset: false, newCommandTimeout: 1800, noReset: true, platform: ANDROID, platformName: android, platformVersion: 11, systemPort: 52876, udid: 002b9cc60508}, deviceApiLevel: 30, deviceId: 002b9cc60508, deviceManufacturer: Xiaomi, deviceModel: 21061119AG, deviceName: 002b9cc60508, deviceScreenDensity: 440, deviceScreenSize: 1080x2400, deviceUDID: 002b9cc60508, fullReset: false, javascriptEnabled: true, locationContextEnabled: false, networkConnectionEnabled: true, newCommandTimeout: 1800, noReset: true, pixelRatio: 2.75, platform: ANDROID, platformName: Android, platformVersion: 11, statBarHeight: 103, systemPort: 52876, takesScreenshot: true, udid: 002b9cc60508, viewportRect: {height: 2064, left: 0, top: 103, width: 1080}, warnings: {}, webStorageEnabled: false}
Session ID: 07e0a906-f567-4646-abfd-84c6cc800d18
	at org.openqa.selenium.remote.http.W3CHttpResponseCodec.createException(W3CHttpResponseCodec.java:187)
	at org.openqa.selenium.remote.http.W3CHttpResponseCodec.decode(W3CHttpResponseCodec.java:122)
	at org.openqa.selenium.remote.http.W3CHttpResponseCodec.decode(W3CHttpResponseCodec.java:49)
	at org.openqa.selenium.remote.HttpCommandExecutor.execute(HttpCommandExecutor.java:158)
	at io.appium.java_client.remote.AppiumCommandExecutor.execute(AppiumCommandExecutor.java:239)
	at org.openqa.selenium.remote.RemoteWebDriver.execute(RemoteWebDriver.java:552)
	at io.appium.java_client.DefaultGenericMobileDriver.execute(DefaultGenericMobileDriver.java:46)
	at io.appium.java_client.AppiumDriver.execute(AppiumDriver.java:1)
	at io.appium.java_client.android.AndroidDriver.execute(AndroidDriver.java:1)
	at com.kms.katalon.core.appium.driver.SwipeableAndroidDriver.execute(SwipeableAndroidDriver.java:1)
	at org.openqa.selenium.remote.RemoteWebDriver$RemoteWebDriverOptions$RemoteWindow.getSize(RemoteWebDriver.java:813)
	at org.openqa.selenium.WebDriver$Window$getSize.call(Unknown Source)
	at com.kms.katalon.core.mobile.keyword.internal.MobileAbstractKeyword.findElement(MobileAbstractKeyword.groovy:81)
	at com.kms.katalon.core.mobile.keyword.builtin.TapKeyword.access$1(TapKeyword.groovy)
	at com.kms.katalon.core.mobile.keyword.builtin.TapKeyword$_tap_closure1.doCall(TapKeyword.groovy:76)
	at com.kms.katalon.core.mobile.keyword.builtin.TapKeyword$_tap_closure1.call(TapKeyword.groovy)
	at com.kms.katalon.core.mobile.keyword.internal.MobileKeywordMain.runKeyword(MobileKeywordMain.groovy:21)
	at com.kms.katalon.core.mobile.keyword.builtin.TapKeyword.tap(TapKeyword.groovy:84)
	at com.kms.katalon.core.mobile.keyword.builtin.TapKeyword.execute(TapKeyword.groovy:68)
	at com.kms.katalon.core.keyword.internal.KeywordExecutor.executeKeywordForPlatform(KeywordExecutor.groovy:74)
	at com.kms.katalon.core.mobile.keyword.MobileBuiltInKeywords.tap(MobileBuiltInKeywords.groovy:1490)
	at com.kms.katalon.core.mobile.keyword.MobileBuiltInKeywords$tap$4.call(Unknown Source)
	at duitNow_businessRegNumberTransaction.run(duitNow_businessRegNumberTransaction:154)
	at com.kms.katalon.core.main.ScriptEngine.run(ScriptEngine.java:194)
	at com.kms.katalon.core.main.ScriptEngine.runScriptAsRawText(ScriptEngine.java:119)
	at com.kms.katalon.core.main.TestCaseExecutor.runScript(TestCaseExecutor.java:445)
	at com.kms.katalon.core.main.TestCaseExecutor.doExecute(TestCaseExecutor.java:436)
	at com.kms.katalon.core.main.TestCaseExecutor.processExecutionPhase(TestCaseExecutor.java:415)
	at com.kms.katalon.core.main.TestCaseExecutor.accessMainPhase(TestCaseExecutor.java:407)
	at com.kms.katalon.core.main.TestCaseExecutor.execute(TestCaseExecutor.java:284)
	at com.kms.katalon.core.common.CommonExecutor.accessTestCaseMainPhase(CommonExecutor.java:65)
	at com.kms.katalon.core.main.TestSuiteExecutor.accessTestSuiteMainPhase(TestSuiteExecutor.java:144)
	at com.kms.katalon.core.main.TestSuiteExecutor.execute(TestSuiteExecutor.java:106)
	at com.kms.katalon.core.main.TestCaseMain.startTestSuite(TestCaseMain.java:185)
	at com.kms.katalon.core.main.TestCaseMain$startTestSuite$0.call(Unknown Source)
	at TempTestSuite1655885093224.run(TempTestSuite1655885093224.groovy:36)
)

2022-06-22 16:48:10 - [MESSAGE][WARNING] - Timeout '0' is invalid. Using default page load timeout: '40'

2022-06-22 16:48:10 - [MESSAGE][FAILED] - Failed to tap on element 'Object Repository/Login Onboarding/loginPinTickBtn' (Root cause: org.openqa.selenium.WebDriverException: An unknown server-side error occurred while processing the command. Original error: 'GET /window/current/size' cannot be proxied to UiAutomator2 server because the instrumentation process is not running (probably crashed). Check the server log and/or the logcat output for more details
Build info: version: '3.141.59', revision: 'e82be7d358', time: '2018-11-14T08:25:53'
System info: host: '00139272s-MacBook-Pro.local', ip: '2001:e68:6167:d901:5dd8:2a3:885f:7e34%en0', os.name: 'Mac OS X', os.arch: 'x86_64', os.version: '10.16', java.version: '1.8.0_275'
Driver info: com.kms.katalon.core.appium.driver.SwipeableAndroidDriver
Capabilities {app: /Users/a00139272/Katalon St..., appActivity: com.maybank2u.life.MainActi..., appPackage: com.maybank2u.life.sit, appWaitActivity: *, autoGrantPermissions: true, automationName: uiautomator2, chromedriverPort: 52878, databaseEnabled: false, desired: {app: /Users/a00139272/Katalon St..., appActivity: com.maybank2u.life.MainActi..., appPackage: com.maybank2u.life.sit, appWaitActivity: *, autoGrantPermissions: true, automationName: uiautomator2, chromedriverPort: 52878, deviceId: 002b9cc60508, deviceName: Xiaomi 21061119AG (Android 11), fullReset: false, newCommandTimeout: 1800, noReset: true, platform: ANDROID, platformName: android, platformVersion: 11, systemPort: 52876, udid: 002b9cc60508}, deviceApiLevel: 30, deviceId: 002b9cc60508, deviceManufacturer: Xiaomi, deviceModel: 21061119AG, deviceName: 002b9cc60508, deviceScreenDensity: 440, deviceScreenSize: 1080x2400, deviceUDID: 002b9cc60508, fullReset: false, javascriptEnabled: true, locationContextEnabled: false, networkConnectionEnabled: true, newCommandTimeout: 1800, noReset: true, pixelRatio: 2.75, platform: ANDROID, platformName: Android, platformVersion: 11, statBarHeight: 103, systemPort: 52876, takesScreenshot: true, udid: 002b9cc60508, viewportRect: {height: 2064, left: 0, top: 103, width: 1080}, warnings: {}, webStorageEnabled: false}
Session ID: 07e0a906-f567-4646-abfd-84c6cc800d18
	at org.openqa.selenium.remote.http.W3CHttpResponseCodec.createException(W3CHttpResponseCodec.java:187)
	at org.openqa.selenium.remote.http.W3CHttpResponseCodec.decode(W3CHttpResponseCodec.java:122)
	at org.openqa.selenium.remote.http.W3CHttpResponseCodec.decode(W3CHttpResponseCodec.java:49)
	at org.openqa.selenium.remote.HttpCommandExecutor.execute(HttpCommandExecutor.java:158)
	at io.appium.java_client.remote.AppiumCommandExecutor.execute(AppiumCommandExecutor.java:239)
	at org.openqa.selenium.remote.RemoteWebDriver.execute(RemoteWebDriver.java:552)
	at io.appium.java_client.DefaultGenericMobileDriver.execute(DefaultGenericMobileDriver.java:46)
	at io.appium.java_client.AppiumDriver.execute(AppiumDriver.java:1)
	at io.appium.java_client.android.AndroidDriver.execute(AndroidDriver.java:1)
	at com.kms.katalon.core.appium.driver.SwipeableAndroidDriver.execute(SwipeableAndroidDriver.java:1)
	at org.openqa.selenium.remote.RemoteWebDriver$RemoteWebDriverOptions$RemoteWindow.getSize(RemoteWebDriver.java:813)
	at org.openqa.selenium.WebDriver$Window$getSize.call(Unknown Source)
	at com.kms.katalon.core.mobile.keyword.internal.MobileAbstractKeyword.findElement(MobileAbstractKeyword.groovy:81)
	at com.kms.katalon.core.mobile.keyword.builtin.TapKeyword.access$1(TapKeyword.groovy)
	at com.kms.katalon.core.mobile.keyword.builtin.TapKeyword$_tap_closure1.doCall(TapKeyword.groovy:76)
	at com.kms.katalon.core.mobile.keyword.builtin.TapKeyword$_tap_closure1.call(TapKeyword.groovy)
	at com.kms.katalon.core.mobile.keyword.internal.MobileKeywordMain.runKeyword(MobileKeywordMain.groovy:21)
	at com.kms.katalon.core.mobile.keyword.builtin.TapKeyword.tap(TapKeyword.groovy:84)
	at com.kms.katalon.core.mobile.keyword.builtin.TapKeyword.execute(TapKeyword.groovy:68)
	at com.kms.katalon.core.keyword.internal.KeywordExecutor.executeKeywordForPlatform(KeywordExecutor.groovy:74)
	at com.kms.katalon.core.mobile.keyword.MobileBuiltInKeywords.tap(MobileBuiltInKeywords.groovy:1490)
	at com.kms.katalon.core.mobile.keyword.MobileBuiltInKeywords$tap$4.call(Unknown Source)
	at duitNow_businessRegNumberTransaction.run(duitNow_businessRegNumberTransaction:154)
	at com.kms.katalon.core.main.ScriptEngine.run(ScriptEngine.java:194)
	at com.kms.katalon.core.main.ScriptEngine.runScriptAsRawText(ScriptEngine.java:119)
	at com.kms.katalon.core.main.TestCaseExecutor.runScript(TestCaseExecutor.java:445)
	at com.kms.katalon.core.main.TestCaseExecutor.doExecute(TestCaseExecutor.java:436)
	at com.kms.katalon.core.main.TestCaseExecutor.processExecutionPhase(TestCaseExecutor.java:415)
	at com.kms.katalon.core.main.TestCaseExecutor.accessMainPhase(TestCaseExecutor.java:407)
	at com.kms.katalon.core.main.TestCaseExecutor.execute(TestCaseExecutor.java:284)
	at com.kms.katalon.core.common.CommonExecutor.accessTestCaseMainPhase(CommonExecutor.java:65)
	at com.kms.katalon.core.main.TestSuiteExecutor.accessTestSuiteMainPhase(TestSuiteExecutor.java:144)
	at com.kms.katalon.core.main.TestSuiteExecutor.execute(TestSuiteExecutor.java:106)
	at com.kms.katalon.core.main.TestCaseMain.startTestSuite(TestCaseMain.java:185)
	at com.kms.katalon.core.main.TestCaseMain$startTestSuite$0.call(Unknown Source)
	at TempTestSuite1655885093224.run(TempTestSuite1655885093224.groovy:36)
)

2022-06-22 16:48:10 - [TEST_STEP][PASSED] - delay(3): Delayed 3 second(s)

2022-06-22 16:48:13 - [MESSAGE][PASSED] - Delayed 3 second(s)

2022-06-22 16:48:13 - [TEST_STEP][FAILED] - verifyElementText(findTestObject("Duit Now/duitNowReferenceProxyNumberTxt", ["proxyNumber":proxyNumber]), proxyNumber): Verify element text of test object 'Object Repository/Duit Now/duitNowReferenceProxyNumberTxt' FAILED. (Root cause: org.openqa.selenium.WebDriverException: An unknown server-side error occurred while processing the command. Original error: 'GET /window/current/size' cannot be proxied to UiAutomator2 server because the instrumentation process is not running (probably crashed). Check the server log and/or the logcat output for more details
Build info: version: '3.141.59', revision: 'e82be7d358', time: '2018-11-14T08:25:53'
System info: host: '00139272s-MacBook-Pro.local', ip: '2001:e68:6167:d901:5dd8:2a3:885f:7e34%en0', os.name: 'Mac OS X', os.arch: 'x86_64', os.version: '10.16', java.version: '1.8.0_275'
Driver info: com.kms.katalon.core.appium.driver.SwipeableAndroidDriver
Capabilities {app: /Users/a00139272/Katalon St..., appActivity: com.maybank2u.life.MainActi..., appPackage: com.maybank2u.life.sit, appWaitActivity: *, autoGrantPermissions: true, automationName: uiautomator2, chromedriverPort: 52878, databaseEnabled: false, desired: {app: /Users/a00139272/Katalon St..., appActivity: com.maybank2u.life.MainActi..., appPackage: com.maybank2u.life.sit, appWaitActivity: *, autoGrantPermissions: true, automationName: uiautomator2, chromedriverPort: 52878, deviceId: 002b9cc60508, deviceName: Xiaomi 21061119AG (Android 11), fullReset: false, newCommandTimeout: 1800, noReset: true, platform: ANDROID, platformName: android, platformVersion: 11, systemPort: 52876, udid: 002b9cc60508}, deviceApiLevel: 30, deviceId: 002b9cc60508, deviceManufacturer: Xiaomi, deviceModel: 21061119AG, deviceName: 002b9cc60508, deviceScreenDensity: 440, deviceScreenSize: 1080x2400, deviceUDID: 002b9cc60508, fullReset: false, javascriptEnabled: true, locationContextEnabled: false, networkConnectionEnabled: true, newCommandTimeout: 1800, noReset: true, pixelRatio: 2.75, platform: ANDROID, platformName: Android, platformVersion: 11, statBarHeight: 103, systemPort: 52876, takesScreenshot: true, udid: 002b9cc60508, viewportRect: {height: 2064, left: 0, top: 103, width: 1080}, warnings: {}, webStorageEnabled: false}
Session ID: 07e0a906-f567-4646-abfd-84c6cc800d18
	at org.openqa.selenium.remote.http.W3CHttpResponseCodec.createException(W3CHttpResponseCodec.java:187)
	at org.openqa.selenium.remote.http.W3CHttpResponseCodec.decode(W3CHttpResponseCodec.java:122)
	at org.openqa.selenium.remote.http.W3CHttpResponseCodec.decode(W3CHttpResponseCodec.java:49)
	at org.openqa.selenium.remote.HttpCommandExecutor.execute(HttpCommandExecutor.java:158)
	at io.appium.java_client.remote.AppiumCommandExecutor.execute(AppiumCommandExecutor.java:239)
	at org.openqa.selenium.remote.RemoteWebDriver.execute(RemoteWebDriver.java:552)
	at io.appium.java_client.DefaultGenericMobileDriver.execute(DefaultGenericMobileDriver.java:46)
	at io.appium.java_client.AppiumDriver.execute(AppiumDriver.java:1)
	at io.appium.java_client.android.AndroidDriver.execute(AndroidDriver.java:1)
	at com.kms.katalon.core.appium.driver.SwipeableAndroidDriver.execute(SwipeableAndroidDriver.java:1)
	at org.openqa.selenium.remote.RemoteWebDriver$RemoteWebDriverOptions$RemoteWindow.getSize(RemoteWebDriver.java:813)
	at org.openqa.selenium.WebDriver$Window$getSize.call(Unknown Source)
	at com.kms.katalon.core.mobile.keyword.internal.MobileAbstractKeyword.findElement(MobileAbstractKeyword.groovy:81)
	at com.kms.katalon.core.mobile.keyword.builtin.VerifyElementTextKeyword.access$1(VerifyElementTextKeyword.groovy)
	at com.kms.katalon.core.mobile.keyword.builtin.VerifyElementTextKeyword$_verifyElementText_closure1.doCall(VerifyElementTextKeyword.groovy:47)
	at com.kms.katalon.core.mobile.keyword.builtin.VerifyElementTextKeyword$_verifyElementText_closure1.call(VerifyElementTextKeyword.groovy)
	at com.kms.katalon.core.mobile.keyword.internal.MobileKeywordMain.runKeyword(MobileKeywordMain.groovy:21)
	at com.kms.katalon.core.mobile.keyword.builtin.VerifyElementTextKeyword.verifyElementText(VerifyElementTextKeyword.groovy:62)
	at com.kms.katalon.core.mobile.keyword.builtin.VerifyElementTextKeyword.execute(VerifyElementTextKeyword.groovy:39)
	at com.kms.katalon.core.keyword.internal.KeywordExecutor.executeKeywordForPlatform(KeywordExecutor.groovy:74)
	at com.kms.katalon.core.mobile.keyword.MobileBuiltInKeywords.verifyElementText(MobileBuiltInKeywords.groovy:2901)
	at com.kms.katalon.core.mobile.keyword.MobileBuiltInKeywords$verifyElementText$9.call(Unknown Source)
	at duitNow_businessRegNumberTransaction.run(duitNow_businessRegNumberTransaction:158)
	at com.kms.katalon.core.main.ScriptEngine.run(ScriptEngine.java:194)
	at com.kms.katalon.core.main.ScriptEngine.runScriptAsRawText(ScriptEngine.java:119)
	at com.kms.katalon.core.main.TestCaseExecutor.runScript(TestCaseExecutor.java:445)
	at com.kms.katalon.core.main.TestCaseExecutor.doExecute(TestCaseExecutor.java:436)
	at com.kms.katalon.core.main.TestCaseExecutor.processExecutionPhase(TestCaseExecutor.java:415)
	at com.kms.katalon.core.main.TestCaseExecutor.accessMainPhase(TestCaseExecutor.java:407)
	at com.kms.katalon.core.main.TestCaseExecutor.execute(TestCaseExecutor.java:284)
	at com.kms.katalon.core.common.CommonExecutor.accessTestCaseMainPhase(CommonExecutor.java:65)
	at com.kms.katalon.core.main.TestSuiteExecutor.accessTestSuiteMainPhase(TestSuiteExecutor.java:144)
	at com.kms.katalon.core.main.TestSuiteExecutor.execute(TestSuiteExecutor.java:106)
	at com.kms.katalon.core.main.TestCaseMain.startTestSuite(TestCaseMain.java:185)
	at com.kms.katalon.core.main.TestCaseMain$startTestSuite$0.call(Unknown Source)
	at TempTestSuite1655885093224.run(TempTestSuite1655885093224.groovy:36)
)

2022-06-22 16:48:13 - [MESSAGE][FAILED] - Verify element text of test object 'Object Repository/Duit Now/duitNowReferenceProxyNumberTxt' FAILED. (Root cause: org.openqa.selenium.WebDriverException: An unknown server-side error occurred while processing the command. Original error: 'GET /window/current/size' cannot be proxied to UiAutomator2 server because the instrumentation process is not running (probably crashed). Check the server log and/or the logcat output for more details
Build info: version: '3.141.59', revision: 'e82be7d358', time: '2018-11-14T08:25:53'
System info: host: '00139272s-MacBook-Pro.local', ip: '2001:e68:6167:d901:5dd8:2a3:885f:7e34%en0', os.name: 'Mac OS X', os.arch: 'x86_64', os.version: '10.16', java.version: '1.8.0_275'
Driver info: com.kms.katalon.core.appium.driver.SwipeableAndroidDriver
Capabilities {app: /Users/a00139272/Katalon St..., appActivity: com.maybank2u.life.MainActi..., appPackage: com.maybank2u.life.sit, appWaitActivity: *, autoGrantPermissions: true, automationName: uiautomator2, chromedriverPort: 52878, databaseEnabled: false, desired: {app: /Users/a00139272/Katalon St..., appActivity: com.maybank2u.life.MainActi..., appPackage: com.maybank2u.life.sit, appWaitActivity: *, autoGrantPermissions: true, automationName: uiautomator2, chromedriverPort: 52878, deviceId: 002b9cc60508, deviceName: Xiaomi 21061119AG (Android 11), fullReset: false, newCommandTimeout: 1800, noReset: true, platform: ANDROID, platformName: android, platformVersion: 11, systemPort: 52876, udid: 002b9cc60508}, deviceApiLevel: 30, deviceId: 002b9cc60508, deviceManufacturer: Xiaomi, deviceModel: 21061119AG, deviceName: 002b9cc60508, deviceScreenDensity: 440, deviceScreenSize: 1080x2400, deviceUDID: 002b9cc60508, fullReset: false, javascriptEnabled: true, locationContextEnabled: false, networkConnectionEnabled: true, newCommandTimeout: 1800, noReset: true, pixelRatio: 2.75, platform: ANDROID, platformName: Android, platformVersion: 11, statBarHeight: 103, systemPort: 52876, takesScreenshot: true, udid: 002b9cc60508, viewportRect: {height: 2064, left: 0, top: 103, width: 1080}, warnings: {}, webStorageEnabled: false}
Session ID: 07e0a906-f567-4646-abfd-84c6cc800d18
	at org.openqa.selenium.remote.http.W3CHttpResponseCodec.createException(W3CHttpResponseCodec.java:187)
	at org.openqa.selenium.remote.http.W3CHttpResponseCodec.decode(W3CHttpResponseCodec.java:122)
	at org.openqa.selenium.remote.http.W3CHttpResponseCodec.decode(W3CHttpResponseCodec.java:49)
	at org.openqa.selenium.remote.HttpCommandExecutor.execute(HttpCommandExecutor.java:158)
	at io.appium.java_client.remote.AppiumCommandExecutor.execute(AppiumCommandExecutor.java:239)
	at org.openqa.selenium.remote.RemoteWebDriver.execute(RemoteWebDriver.java:552)
	at io.appium.java_client.DefaultGenericMobileDriver.execute(DefaultGenericMobileDriver.java:46)
	at io.appium.java_client.AppiumDriver.execute(AppiumDriver.java:1)
	at io.appium.java_client.android.AndroidDriver.execute(AndroidDriver.java:1)
	at com.kms.katalon.core.appium.driver.SwipeableAndroidDriver.execute(SwipeableAndroidDriver.java:1)
	at org.openqa.selenium.remote.RemoteWebDriver$RemoteWebDriverOptions$RemoteWindow.getSize(RemoteWebDriver.java:813)
	at org.openqa.selenium.WebDriver$Window$getSize.call(Unknown Source)
	at com.kms.katalon.core.mobile.keyword.internal.MobileAbstractKeyword.findElement(MobileAbstractKeyword.groovy:81)
	at com.kms.katalon.core.mobile.keyword.builtin.VerifyElementTextKeyword.access$1(VerifyElementTextKeyword.groovy)
	at com.kms.katalon.core.mobile.keyword.builtin.VerifyElementTextKeyword$_verifyElementText_closure1.doCall(VerifyElementTextKeyword.groovy:47)
	at com.kms.katalon.core.mobile.keyword.builtin.VerifyElementTextKeyword$_verifyElementText_closure1.call(VerifyElementTextKeyword.groovy)
	at com.kms.katalon.core.mobile.keyword.internal.MobileKeywordMain.runKeyword(MobileKeywordMain.groovy:21)
	at com.kms.katalon.core.mobile.keyword.builtin.VerifyElementTextKeyword.verifyElementText(VerifyElementTextKeyword.groovy:62)
	at com.kms.katalon.core.mobile.keyword.builtin.VerifyElementTextKeyword.execute(VerifyElementTextKeyword.groovy:39)
	at com.kms.katalon.core.keyword.internal.KeywordExecutor.executeKeywordForPlatform(KeywordExecutor.groovy:74)
	at com.kms.katalon.core.mobile.keyword.MobileBuiltInKeywords.verifyElementText(MobileBuiltInKeywords.groovy:2901)
	at com.kms.katalon.core.mobile.keyword.MobileBuiltInKeywords$verifyElementText$9.call(Unknown Source)
	at duitNow_businessRegNumberTransaction.run(duitNow_businessRegNumberTransaction:158)
	at com.kms.katalon.core.main.ScriptEngine.run(ScriptEngine.java:194)
	at com.kms.katalon.core.main.ScriptEngine.runScriptAsRawText(ScriptEngine.java:119)
	at com.kms.katalon.core.main.TestCaseExecutor.runScript(TestCaseExecutor.java:445)
	at com.kms.katalon.core.main.TestCaseExecutor.doExecute(TestCaseExecutor.java:436)
	at com.kms.katalon.core.main.TestCaseExecutor.processExecutionPhase(TestCaseExecutor.java:415)
	at com.kms.katalon.core.main.TestCaseExecutor.accessMainPhase(TestCaseExecutor.java:407)
	at com.kms.katalon.core.main.TestCaseExecutor.execute(TestCaseExecutor.java:284)
	at com.kms.katalon.core.common.CommonExecutor.accessTestCaseMainPhase(CommonExecutor.java:65)
	at com.kms.katalon.core.main.TestSuiteExecutor.accessTestSuiteMainPhase(TestSuiteExecutor.java:144)
	at com.kms.katalon.core.main.TestSuiteExecutor.execute(TestSuiteExecutor.java:106)
	at com.kms.katalon.core.main.TestCaseMain.startTestSuite(TestCaseMain.java:185)
	at com.kms.katalon.core.main.TestCaseMain$startTestSuite$0.call(Unknown Source)
	at TempTestSuite1655885093224.run(TempTestSuite1655885093224.groovy:36)
)

2022-06-22 16:48:13 - [TEST_STEP][FAILED] - verifyElementText(findTestObject("Duit Now/duitNowReferenceProxyTypeTxt", ["proxyType":proxyType]), proxyType): Verify element text of test object 'Object Repository/Duit Now/duitNowReferenceProxyTypeTxt' FAILED. (Root cause: org.openqa.selenium.WebDriverException: An unknown server-side error occurred while processing the command. Original error: 'GET /window/current/size' cannot be proxied to UiAutomator2 server because the instrumentation process is not running (probably crashed). Check the server log and/or the logcat output for more details
Build info: version: '3.141.59', revision: 'e82be7d358', time: '2018-11-14T08:25:53'
System info: host: '00139272s-MacBook-Pro.local', ip: '2001:e68:6167:d901:5dd8:2a3:885f:7e34%en0', os.name: 'Mac OS X', os.arch: 'x86_64', os.version: '10.16', java.version: '1.8.0_275'
Driver info: com.kms.katalon.core.appium.driver.SwipeableAndroidDriver
Capabilities {app: /Users/a00139272/Katalon St..., appActivity: com.maybank2u.life.MainActi..., appPackage: com.maybank2u.life.sit, appWaitActivity: *, autoGrantPermissions: true, automationName: uiautomator2, chromedriverPort: 52878, databaseEnabled: false, desired: {app: /Users/a00139272/Katalon St..., appActivity: com.maybank2u.life.MainActi..., appPackage: com.maybank2u.life.sit, appWaitActivity: *, autoGrantPermissions: true, automationName: uiautomator2, chromedriverPort: 52878, deviceId: 002b9cc60508, deviceName: Xiaomi 21061119AG (Android 11), fullReset: false, newCommandTimeout: 1800, noReset: true, platform: ANDROID, platformName: android, platformVersion: 11, systemPort: 52876, udid: 002b9cc60508}, deviceApiLevel: 30, deviceId: 002b9cc60508, deviceManufacturer: Xiaomi, deviceModel: 21061119AG, deviceName: 002b9cc60508, deviceScreenDensity: 440, deviceScreenSize: 1080x2400, deviceUDID: 002b9cc60508, fullReset: false, javascriptEnabled: true, locationContextEnabled: false, networkConnectionEnabled: true, newCommandTimeout: 1800, noReset: true, pixelRatio: 2.75, platform: ANDROID, platformName: Android, platformVersion: 11, statBarHeight: 103, systemPort: 52876, takesScreenshot: true, udid: 002b9cc60508, viewportRect: {height: 2064, left: 0, top: 103, width: 1080}, warnings: {}, webStorageEnabled: false}
Session ID: 07e0a906-f567-4646-abfd-84c6cc800d18
	at org.openqa.selenium.remote.http.W3CHttpResponseCodec.createException(W3CHttpResponseCodec.java:187)
	at org.openqa.selenium.remote.http.W3CHttpResponseCodec.decode(W3CHttpResponseCodec.java:122)
	at org.openqa.selenium.remote.http.W3CHttpResponseCodec.decode(W3CHttpResponseCodec.java:49)
	at org.openqa.selenium.remote.HttpCommandExecutor.execute(HttpCommandExecutor.java:158)
	at io.appium.java_client.remote.AppiumCommandExecutor.execute(AppiumCommandExecutor.java:239)
	at org.openqa.selenium.remote.RemoteWebDriver.execute(RemoteWebDriver.java:552)
	at io.appium.java_client.DefaultGenericMobileDriver.execute(DefaultGenericMobileDriver.java:46)
	at io.appium.java_client.AppiumDriver.execute(AppiumDriver.java:1)
	at io.appium.java_client.android.AndroidDriver.execute(AndroidDriver.java:1)
	at com.kms.katalon.core.appium.driver.SwipeableAndroidDriver.execute(SwipeableAndroidDriver.java:1)
	at org.openqa.selenium.remote.RemoteWebDriver$RemoteWebDriverOptions$RemoteWindow.getSize(RemoteWebDriver.java:813)
	at org.openqa.selenium.WebDriver$Window$getSize.call(Unknown Source)
	at com.kms.katalon.core.mobile.keyword.internal.MobileAbstractKeyword.findElement(MobileAbstractKeyword.groovy:81)
	at com.kms.katalon.core.mobile.keyword.builtin.VerifyElementTextKeyword.access$1(VerifyElementTextKeyword.groovy)
	at com.kms.katalon.core.mobile.keyword.builtin.VerifyElementTextKeyword$_verifyElementText_closure1.doCall(VerifyElementTextKeyword.groovy:47)
	at com.kms.katalon.core.mobile.keyword.builtin.VerifyElementTextKeyword$_verifyElementText_closure1.call(VerifyElementTextKeyword.groovy)
	at com.kms.katalon.core.mobile.keyword.internal.MobileKeywordMain.runKeyword(MobileKeywordMain.groovy:21)
	at com.kms.katalon.core.mobile.keyword.builtin.VerifyElementTextKeyword.verifyElementText(VerifyElementTextKeyword.groovy:62)
	at com.kms.katalon.core.mobile.keyword.builtin.VerifyElementTextKeyword.execute(VerifyElementTextKeyword.groovy:39)
	at com.kms.katalon.core.keyword.internal.KeywordExecutor.executeKeywordForPlatform(KeywordExecutor.groovy:74)
	at com.kms.katalon.core.mobile.keyword.MobileBuiltInKeywords.verifyElementText(MobileBuiltInKeywords.groovy:2901)
	at com.kms.katalon.core.mobile.keyword.MobileBuiltInKeywords$verifyElementText$9.call(Unknown Source)
	at duitNow_businessRegNumberTransaction.run(duitNow_businessRegNumberTransaction:160)
	at com.kms.katalon.core.main.ScriptEngine.run(ScriptEngine.java:194)
	at com.kms.katalon.core.main.ScriptEngine.runScriptAsRawText(ScriptEngine.java:119)
	at com.kms.katalon.core.main.TestCaseExecutor.runScript(TestCaseExecutor.java:445)
	at com.kms.katalon.core.main.TestCaseExecutor.doExecute(TestCaseExecutor.java:436)
	at com.kms.katalon.core.main.TestCaseExecutor.processExecutionPhase(TestCaseExecutor.java:415)
	at com.kms.katalon.core.main.TestCaseExecutor.accessMainPhase(TestCaseExecutor.java:407)
	at com.kms.katalon.core.main.TestCaseExecutor.execute(TestCaseExecutor.java:284)
	at com.kms.katalon.core.common.CommonExecutor.accessTestCaseMainPhase(CommonExecutor.java:65)
	at com.kms.katalon.core.main.TestSuiteExecutor.accessTestSuiteMainPhase(TestSuiteExecutor.java:144)
	at com.kms.katalon.core.main.TestSuiteExecutor.execute(TestSuiteExecutor.java:106)
	at com.kms.katalon.core.main.TestCaseMain.startTestSuite(TestCaseMain.java:185)
	at com.kms.katalon.core.main.TestCaseMain$startTestSuite$0.call(Unknown Source)
	at TempTestSuite1655885093224.run(TempTestSuite1655885093224.groovy:36)
)

2022-06-22 16:48:13 - [MESSAGE][FAILED] - Verify element text of test object 'Object Repository/Duit Now/duitNowReferenceProxyTypeTxt' FAILED. (Root cause: org.openqa.selenium.WebDriverException: An unknown server-side error occurred while processing the command. Original error: 'GET /window/current/size' cannot be proxied to UiAutomator2 server because the instrumentation process is not running (probably crashed). Check the server log and/or the logcat output for more details
Build info: version: '3.141.59', revision: 'e82be7d358', time: '2018-11-14T08:25:53'
System info: host: '00139272s-MacBook-Pro.local', ip: '2001:e68:6167:d901:5dd8:2a3:885f:7e34%en0', os.name: 'Mac OS X', os.arch: 'x86_64', os.version: '10.16', java.version: '1.8.0_275'
Driver info: com.kms.katalon.core.appium.driver.SwipeableAndroidDriver
Capabilities {app: /Users/a00139272/Katalon St..., appActivity: com.maybank2u.life.MainActi..., appPackage: com.maybank2u.life.sit, appWaitActivity: *, autoGrantPermissions: true, automationName: uiautomator2, chromedriverPort: 52878, databaseEnabled: false, desired: {app: /Users/a00139272/Katalon St..., appActivity: com.maybank2u.life.MainActi..., appPackage: com.maybank2u.life.sit, appWaitActivity: *, autoGrantPermissions: true, automationName: uiautomator2, chromedriverPort: 52878, deviceId: 002b9cc60508, deviceName: Xiaomi 21061119AG (Android 11), fullReset: false, newCommandTimeout: 1800, noReset: true, platform: ANDROID, platformName: android, platformVersion: 11, systemPort: 52876, udid: 002b9cc60508}, deviceApiLevel: 30, deviceId: 002b9cc60508, deviceManufacturer: Xiaomi, deviceModel: 21061119AG, deviceName: 002b9cc60508, deviceScreenDensity: 440, deviceScreenSize: 1080x2400, deviceUDID: 002b9cc60508, fullReset: false, javascriptEnabled: true, locationContextEnabled: false, networkConnectionEnabled: true, newCommandTimeout: 1800, noReset: true, pixelRatio: 2.75, platform: ANDROID, platformName: Android, platformVersion: 11, statBarHeight: 103, systemPort: 52876, takesScreenshot: true, udid: 002b9cc60508, viewportRect: {height: 2064, left: 0, top: 103, width: 1080}, warnings: {}, webStorageEnabled: false}
Session ID: 07e0a906-f567-4646-abfd-84c6cc800d18
	at org.openqa.selenium.remote.http.W3CHttpResponseCodec.createException(W3CHttpResponseCodec.java:187)
	at org.openqa.selenium.remote.http.W3CHttpResponseCodec.decode(W3CHttpResponseCodec.java:122)
	at org.openqa.selenium.remote.http.W3CHttpResponseCodec.decode(W3CHttpResponseCodec.java:49)
	at org.openqa.selenium.remote.HttpCommandExecutor.execute(HttpCommandExecutor.java:158)
	at io.appium.java_client.remote.AppiumCommandExecutor.execute(AppiumCommandExecutor.java:239)
	at org.openqa.selenium.remote.RemoteWebDriver.execute(RemoteWebDriver.java:552)
	at io.appium.java_client.DefaultGenericMobileDriver.execute(DefaultGenericMobileDriver.java:46)
	at io.appium.java_client.AppiumDriver.execute(AppiumDriver.java:1)
	at io.appium.java_client.android.AndroidDriver.execute(AndroidDriver.java:1)
	at com.kms.katalon.core.appium.driver.SwipeableAndroidDriver.execute(SwipeableAndroidDriver.java:1)
	at org.openqa.selenium.remote.RemoteWebDriver$RemoteWebDriverOptions$RemoteWindow.getSize(RemoteWebDriver.java:813)
	at org.openqa.selenium.WebDriver$Window$getSize.call(Unknown Source)
	at com.kms.katalon.core.mobile.keyword.internal.MobileAbstractKeyword.findElement(MobileAbstractKeyword.groovy:81)
	at com.kms.katalon.core.mobile.keyword.builtin.VerifyElementTextKeyword.access$1(VerifyElementTextKeyword.groovy)
	at com.kms.katalon.core.mobile.keyword.builtin.VerifyElementTextKeyword$_verifyElementText_closure1.doCall(VerifyElementTextKeyword.groovy:47)
	at com.kms.katalon.core.mobile.keyword.builtin.VerifyElementTextKeyword$_verifyElementText_closure1.call(VerifyElementTextKeyword.groovy)
	at com.kms.katalon.core.mobile.keyword.internal.MobileKeywordMain.runKeyword(MobileKeywordMain.groovy:21)
	at com.kms.katalon.core.mobile.keyword.builtin.VerifyElementTextKeyword.verifyElementText(VerifyElementTextKeyword.groovy:62)
	at com.kms.katalon.core.mobile.keyword.builtin.VerifyElementTextKeyword.execute(VerifyElementTextKeyword.groovy:39)
	at com.kms.katalon.core.keyword.internal.KeywordExecutor.executeKeywordForPlatform(KeywordExecutor.groovy:74)
	at com.kms.katalon.core.mobile.keyword.MobileBuiltInKeywords.verifyElementText(MobileBuiltInKeywords.groovy:2901)
	at com.kms.katalon.core.mobile.keyword.MobileBuiltInKeywords$verifyElementText$9.call(Unknown Source)
	at duitNow_businessRegNumberTransaction.run(duitNow_businessRegNumberTransaction:160)
	at com.kms.katalon.core.main.ScriptEngine.run(ScriptEngine.java:194)
	at com.kms.katalon.core.main.ScriptEngine.runScriptAsRawText(ScriptEngine.java:119)
	at com.kms.katalon.core.main.TestCaseExecutor.runScript(TestCaseExecutor.java:445)
	at com.kms.katalon.core.main.TestCaseExecutor.doExecute(TestCaseExecutor.java:436)
	at com.kms.katalon.core.main.TestCaseExecutor.processExecutionPhase(TestCaseExecutor.java:415)
	at com.kms.katalon.core.main.TestCaseExecutor.accessMainPhase(TestCaseExecutor.java:407)
	at com.kms.katalon.core.main.TestCaseExecutor.execute(TestCaseExecutor.java:284)
	at com.kms.katalon.core.common.CommonExecutor.accessTestCaseMainPhase(CommonExecutor.java:65)
	at com.kms.katalon.core.main.TestSuiteExecutor.accessTestSuiteMainPhase(TestSuiteExecutor.java:144)
	at com.kms.katalon.core.main.TestSuiteExecutor.execute(TestSuiteExecutor.java:106)
	at com.kms.katalon.core.main.TestCaseMain.startTestSuite(TestCaseMain.java:185)
	at com.kms.katalon.core.main.TestCaseMain$startTestSuite$0.call(Unknown Source)
	at TempTestSuite1655885093224.run(TempTestSuite1655885093224.groovy:36)
)

2022-06-22 16:48:13 - [TEST_STEP][FAILED] - verifyElementText(findTestObject("Duit Now/duitNowReferenceReceipientNameTxt", ["recName":recName]), recName): Verify element text of test object 'Object Repository/Duit Now/duitNowReferenceReceipientNameTxt' FAILED. (Root cause: org.openqa.selenium.WebDriverException: An unknown server-side error occurred while processing the command. Original error: 'GET /window/current/size' cannot be proxied to UiAutomator2 server because the instrumentation process is not running (probably crashed). Check the server log and/or the logcat output for more details
Build info: version: '3.141.59', revision: 'e82be7d358', time: '2018-11-14T08:25:53'
System info: host: '00139272s-MacBook-Pro.local', ip: '2001:e68:6167:d901:5dd8:2a3:885f:7e34%en0', os.name: 'Mac OS X', os.arch: 'x86_64', os.version: '10.16', java.version: '1.8.0_275'
Driver info: com.kms.katalon.core.appium.driver.SwipeableAndroidDriver
Capabilities {app: /Users/a00139272/Katalon St..., appActivity: com.maybank2u.life.MainActi..., appPackage: com.maybank2u.life.sit, appWaitActivity: *, autoGrantPermissions: true, automationName: uiautomator2, chromedriverPort: 52878, databaseEnabled: false, desired: {app: /Users/a00139272/Katalon St..., appActivity: com.maybank2u.life.MainActi..., appPackage: com.maybank2u.life.sit, appWaitActivity: *, autoGrantPermissions: true, automationName: uiautomator2, chromedriverPort: 52878, deviceId: 002b9cc60508, deviceName: Xiaomi 21061119AG (Android 11), fullReset: false, newCommandTimeout: 1800, noReset: true, platform: ANDROID, platformName: android, platformVersion: 11, systemPort: 52876, udid: 002b9cc60508}, deviceApiLevel: 30, deviceId: 002b9cc60508, deviceManufacturer: Xiaomi, deviceModel: 21061119AG, deviceName: 002b9cc60508, deviceScreenDensity: 440, deviceScreenSize: 1080x2400, deviceUDID: 002b9cc60508, fullReset: false, javascriptEnabled: true, locationContextEnabled: false, networkConnectionEnabled: true, newCommandTimeout: 1800, noReset: true, pixelRatio: 2.75, platform: ANDROID, platformName: Android, platformVersion: 11, statBarHeight: 103, systemPort: 52876, takesScreenshot: true, udid: 002b9cc60508, viewportRect: {height: 2064, left: 0, top: 103, width: 1080}, warnings: {}, webStorageEnabled: false}
Session ID: 07e0a906-f567-4646-abfd-84c6cc800d18
	at org.openqa.selenium.remote.http.W3CHttpResponseCodec.createException(W3CHttpResponseCodec.java:187)
	at org.openqa.selenium.remote.http.W3CHttpResponseCodec.decode(W3CHttpResponseCodec.java:122)
	at org.openqa.selenium.remote.http.W3CHttpResponseCodec.decode(W3CHttpResponseCodec.java:49)
	at org.openqa.selenium.remote.HttpCommandExecutor.execute(HttpCommandExecutor.java:158)
	at io.appium.java_client.remote.AppiumCommandExecutor.execute(AppiumCommandExecutor.java:239)
	at org.openqa.selenium.remote.RemoteWebDriver.execute(RemoteWebDriver.java:552)
	at io.appium.java_client.DefaultGenericMobileDriver.execute(DefaultGenericMobileDriver.java:46)
	at io.appium.java_client.AppiumDriver.execute(AppiumDriver.java:1)
	at io.appium.java_client.android.AndroidDriver.execute(AndroidDriver.java:1)
	at com.kms.katalon.core.appium.driver.SwipeableAndroidDriver.execute(SwipeableAndroidDriver.java:1)
	at org.openqa.selenium.remote.RemoteWebDriver$RemoteWebDriverOptions$RemoteWindow.getSize(RemoteWebDriver.java:813)
	at org.openqa.selenium.WebDriver$Window$getSize.call(Unknown Source)
	at com.kms.katalon.core.mobile.keyword.internal.MobileAbstractKeyword.findElement(MobileAbstractKeyword.groovy:81)
	at com.kms.katalon.core.mobile.keyword.builtin.VerifyElementTextKeyword.access$1(VerifyElementTextKeyword.groovy)
	at com.kms.katalon.core.mobile.keyword.builtin.VerifyElementTextKeyword$_verifyElementText_closure1.doCall(VerifyElementTextKeyword.groovy:47)
	at com.kms.katalon.core.mobile.keyword.builtin.VerifyElementTextKeyword$_verifyElementText_closure1.call(VerifyElementTextKeyword.groovy)
	at com.kms.katalon.core.mobile.keyword.internal.MobileKeywordMain.runKeyword(MobileKeywordMain.groovy:21)
	at com.kms.katalon.core.mobile.keyword.builtin.VerifyElementTextKeyword.verifyElementText(VerifyElementTextKeyword.groovy:62)
	at com.kms.katalon.core.mobile.keyword.builtin.VerifyElementTextKeyword.execute(VerifyElementTextKeyword.groovy:39)
	at com.kms.katalon.core.keyword.internal.KeywordExecutor.executeKeywordForPlatform(KeywordExecutor.groovy:74)
	at com.kms.katalon.core.mobile.keyword.MobileBuiltInKeywords.verifyElementText(MobileBuiltInKeywords.groovy:2901)
	at com.kms.katalon.core.mobile.keyword.MobileBuiltInKeywords$verifyElementText$9.call(Unknown Source)
	at duitNow_businessRegNumberTransaction.run(duitNow_businessRegNumberTransaction:162)
	at com.kms.katalon.core.main.ScriptEngine.run(ScriptEngine.java:194)
	at com.kms.katalon.core.main.ScriptEngine.runScriptAsRawText(ScriptEngine.java:119)
	at com.kms.katalon.core.main.TestCaseExecutor.runScript(TestCaseExecutor.java:445)
	at com.kms.katalon.core.main.TestCaseExecutor.doExecute(TestCaseExecutor.java:436)
	at com.kms.katalon.core.main.TestCaseExecutor.processExecutionPhase(TestCaseExecutor.java:415)
	at com.kms.katalon.core.main.TestCaseExecutor.accessMainPhase(TestCaseExecutor.java:407)
	at com.kms.katalon.core.main.TestCaseExecutor.execute(TestCaseExecutor.java:284)
	at com.kms.katalon.core.common.CommonExecutor.accessTestCaseMainPhase(CommonExecutor.java:65)
	at com.kms.katalon.core.main.TestSuiteExecutor.accessTestSuiteMainPhase(TestSuiteExecutor.java:144)
	at com.kms.katalon.core.main.TestSuiteExecutor.execute(TestSuiteExecutor.java:106)
	at com.kms.katalon.core.main.TestCaseMain.startTestSuite(TestCaseMain.java:185)
	at com.kms.katalon.core.main.TestCaseMain$startTestSuite$0.call(Unknown Source)
	at TempTestSuite1655885093224.run(TempTestSuite1655885093224.groovy:36)
)

2022-06-22 16:48:13 - [MESSAGE][FAILED] - Verify element text of test object 'Object Repository/Duit Now/duitNowReferenceReceipientNameTxt' FAILED. (Root cause: org.openqa.selenium.WebDriverException: An unknown server-side error occurred while processing the command. Original error: 'GET /window/current/size' cannot be proxied to UiAutomator2 server because the instrumentation process is not running (probably crashed). Check the server log and/or the logcat output for more details
Build info: version: '3.141.59', revision: 'e82be7d358', time: '2018-11-14T08:25:53'
System info: host: '00139272s-MacBook-Pro.local', ip: '2001:e68:6167:d901:5dd8:2a3:885f:7e34%en0', os.name: 'Mac OS X', os.arch: 'x86_64', os.version: '10.16', java.version: '1.8.0_275'
Driver info: com.kms.katalon.core.appium.driver.SwipeableAndroidDriver
Capabilities {app: /Users/a00139272/Katalon St..., appActivity: com.maybank2u.life.MainActi..., appPackage: com.maybank2u.life.sit, appWaitActivity: *, autoGrantPermissions: true, automationName: uiautomator2, chromedriverPort: 52878, databaseEnabled: false, desired: {app: /Users/a00139272/Katalon St..., appActivity: com.maybank2u.life.MainActi..., appPackage: com.maybank2u.life.sit, appWaitActivity: *, autoGrantPermissions: true, automationName: uiautomator2, chromedriverPort: 52878, deviceId: 002b9cc60508, deviceName: Xiaomi 21061119AG (Android 11), fullReset: false, newCommandTimeout: 1800, noReset: true, platform: ANDROID, platformName: android, platformVersion: 11, systemPort: 52876, udid: 002b9cc60508}, deviceApiLevel: 30, deviceId: 002b9cc60508, deviceManufacturer: Xiaomi, deviceModel: 21061119AG, deviceName: 002b9cc60508, deviceScreenDensity: 440, deviceScreenSize: 1080x2400, deviceUDID: 002b9cc60508, fullReset: false, javascriptEnabled: true, locationContextEnabled: false, networkConnectionEnabled: true, newCommandTimeout: 1800, noReset: true, pixelRatio: 2.75, platform: ANDROID, platformName: Android, platformVersion: 11, statBarHeight: 103, systemPort: 52876, takesScreenshot: true, udid: 002b9cc60508, viewportRect: {height: 2064, left: 0, top: 103, width: 1080}, warnings: {}, webStorageEnabled: false}
Session ID: 07e0a906-f567-4646-abfd-84c6cc800d18
	at org.openqa.selenium.remote.http.W3CHttpResponseCodec.createException(W3CHttpResponseCodec.java:187)
	at org.openqa.selenium.remote.http.W3CHttpResponseCodec.decode(W3CHttpResponseCodec.java:122)
	at org.openqa.selenium.remote.http.W3CHttpResponseCodec.decode(W3CHttpResponseCodec.java:49)
	at org.openqa.selenium.remote.HttpCommandExecutor.execute(HttpCommandExecutor.java:158)
	at io.appium.java_client.remote.AppiumCommandExecutor.execute(AppiumCommandExecutor.java:239)
	at org.openqa.selenium.remote.RemoteWebDriver.execute(RemoteWebDriver.java:552)
	at io.appium.java_client.DefaultGenericMobileDriver.execute(DefaultGenericMobileDriver.java:46)
	at io.appium.java_client.AppiumDriver.execute(AppiumDriver.java:1)
	at io.appium.java_client.android.AndroidDriver.execute(AndroidDriver.java:1)
	at com.kms.katalon.core.appium.driver.SwipeableAndroidDriver.execute(SwipeableAndroidDriver.java:1)
	at org.openqa.selenium.remote.RemoteWebDriver$RemoteWebDriverOptions$RemoteWindow.getSize(RemoteWebDriver.java:813)
	at org.openqa.selenium.WebDriver$Window$getSize.call(Unknown Source)
	at com.kms.katalon.core.mobile.keyword.internal.MobileAbstractKeyword.findElement(MobileAbstractKeyword.groovy:81)
	at com.kms.katalon.core.mobile.keyword.builtin.VerifyElementTextKeyword.access$1(VerifyElementTextKeyword.groovy)
	at com.kms.katalon.core.mobile.keyword.builtin.VerifyElementTextKeyword$_verifyElementText_closure1.doCall(VerifyElementTextKeyword.groovy:47)
	at com.kms.katalon.core.mobile.keyword.builtin.VerifyElementTextKeyword$_verifyElementText_closure1.call(VerifyElementTextKeyword.groovy)
	at com.kms.katalon.core.mobile.keyword.internal.MobileKeywordMain.runKeyword(MobileKeywordMain.groovy:21)
	at com.kms.katalon.core.mobile.keyword.builtin.VerifyElementTextKeyword.verifyElementText(VerifyElementTextKeyword.groovy:62)
	at com.kms.katalon.core.mobile.keyword.builtin.VerifyElementTextKeyword.execute(VerifyElementTextKeyword.groovy:39)
	at com.kms.katalon.core.keyword.internal.KeywordExecutor.executeKeywordForPlatform(KeywordExecutor.groovy:74)
	at com.kms.katalon.core.mobile.keyword.MobileBuiltInKeywords.verifyElementText(MobileBuiltInKeywords.groovy:2901)
	at com.kms.katalon.core.mobile.keyword.MobileBuiltInKeywords$verifyElementText$9.call(Unknown Source)
	at duitNow_businessRegNumberTransaction.run(duitNow_businessRegNumberTransaction:162)
	at com.kms.katalon.core.main.ScriptEngine.run(ScriptEngine.java:194)
	at com.kms.katalon.core.main.ScriptEngine.runScriptAsRawText(ScriptEngine.java:119)
	at com.kms.katalon.core.main.TestCaseExecutor.runScript(TestCaseExecutor.java:445)
	at com.kms.katalon.core.main.TestCaseExecutor.doExecute(TestCaseExecutor.java:436)
	at com.kms.katalon.core.main.TestCaseExecutor.processExecutionPhase(TestCaseExecutor.java:415)
	at com.kms.katalon.core.main.TestCaseExecutor.accessMainPhase(TestCaseExecutor.java:407)
	at com.kms.katalon.core.main.TestCaseExecutor.execute(TestCaseExecutor.java:284)
	at com.kms.katalon.core.common.CommonExecutor.accessTestCaseMainPhase(CommonExecutor.java:65)
	at com.kms.katalon.core.main.TestSuiteExecutor.accessTestSuiteMainPhase(TestSuiteExecutor.java:144)
	at com.kms.katalon.core.main.TestSuiteExecutor.execute(TestSuiteExecutor.java:106)
	at com.kms.katalon.core.main.TestCaseMain.startTestSuite(TestCaseMain.java:185)
	at com.kms.katalon.core.main.TestCaseMain$startTestSuite$0.call(Unknown Source)
	at TempTestSuite1655885093224.run(TempTestSuite1655885093224.groovy:36)
)

2022-06-22 16:48:13 - [TEST_STEP][FAILED] - verifyElementExist(findTestObject("Duit Now/duitNowReferenceEnterTitleTxt"), 0): Failed to check for element 'Object Repository/Duit Now/duitNowReferenceEnterTitleTxt' exist (Root cause: org.openqa.selenium.WebDriverException: An unknown server-side error occurred while processing the command. Original error: 'GET /window/current/size' cannot be proxied to UiAutomator2 server because the instrumentation process is not running (probably crashed). Check the server log and/or the logcat output for more details
Build info: version: '3.141.59', revision: 'e82be7d358', time: '2018-11-14T08:25:53'
System info: host: '00139272s-MacBook-Pro.local', ip: '2001:e68:6167:d901:5dd8:2a3:885f:7e34%en0', os.name: 'Mac OS X', os.arch: 'x86_64', os.version: '10.16', java.version: '1.8.0_275'
Driver info: com.kms.katalon.core.appium.driver.SwipeableAndroidDriver
Capabilities {app: /Users/a00139272/Katalon St..., appActivity: com.maybank2u.life.MainActi..., appPackage: com.maybank2u.life.sit, appWaitActivity: *, autoGrantPermissions: true, automationName: uiautomator2, chromedriverPort: 52878, databaseEnabled: false, desired: {app: /Users/a00139272/Katalon St..., appActivity: com.maybank2u.life.MainActi..., appPackage: com.maybank2u.life.sit, appWaitActivity: *, autoGrantPermissions: true, automationName: uiautomator2, chromedriverPort: 52878, deviceId: 002b9cc60508, deviceName: Xiaomi 21061119AG (Android 11), fullReset: false, newCommandTimeout: 1800, noReset: true, platform: ANDROID, platformName: android, platformVersion: 11, systemPort: 52876, udid: 002b9cc60508}, deviceApiLevel: 30, deviceId: 002b9cc60508, deviceManufacturer: Xiaomi, deviceModel: 21061119AG, deviceName: 002b9cc60508, deviceScreenDensity: 440, deviceScreenSize: 1080x2400, deviceUDID: 002b9cc60508, fullReset: false, javascriptEnabled: true, locationContextEnabled: false, networkConnectionEnabled: true, newCommandTimeout: 1800, noReset: true, pixelRatio: 2.75, platform: ANDROID, platformName: Android, platformVersion: 11, statBarHeight: 103, systemPort: 52876, takesScreenshot: true, udid: 002b9cc60508, viewportRect: {height: 2064, left: 0, top: 103, width: 1080}, warnings: {}, webStorageEnabled: false}
Session ID: 07e0a906-f567-4646-abfd-84c6cc800d18
	at org.openqa.selenium.remote.http.W3CHttpResponseCodec.createException(W3CHttpResponseCodec.java:187)
	at org.openqa.selenium.remote.http.W3CHttpResponseCodec.decode(W3CHttpResponseCodec.java:122)
	at org.openqa.selenium.remote.http.W3CHttpResponseCodec.decode(W3CHttpResponseCodec.java:49)
	at org.openqa.selenium.remote.HttpCommandExecutor.execute(HttpCommandExecutor.java:158)
	at io.appium.java_client.remote.AppiumCommandExecutor.execute(AppiumCommandExecutor.java:239)
	at org.openqa.selenium.remote.RemoteWebDriver.execute(RemoteWebDriver.java:552)
	at io.appium.java_client.DefaultGenericMobileDriver.execute(DefaultGenericMobileDriver.java:46)
	at io.appium.java_client.AppiumDriver.execute(AppiumDriver.java:1)
	at io.appium.java_client.android.AndroidDriver.execute(AndroidDriver.java:1)
	at com.kms.katalon.core.appium.driver.SwipeableAndroidDriver.execute(SwipeableAndroidDriver.java:1)
	at org.openqa.selenium.remote.RemoteWebDriver$RemoteWebDriverOptions$RemoteWindow.getSize(RemoteWebDriver.java:813)
	at org.openqa.selenium.WebDriver$Window$getSize.call(Unknown Source)
	at com.kms.katalon.core.mobile.keyword.internal.MobileAbstractKeyword.findElement(MobileAbstractKeyword.groovy:81)
	at com.kms.katalon.core.mobile.keyword.builtin.VerifyElementExistKeyword.access$1(VerifyElementExistKeyword.groovy)
	at com.kms.katalon.core.mobile.keyword.builtin.VerifyElementExistKeyword$_verifyElementExist_closure1.doCall(VerifyElementExistKeyword.groovy:72)
	at com.kms.katalon.core.mobile.keyword.builtin.VerifyElementExistKeyword$_verifyElementExist_closure1.call(VerifyElementExistKeyword.groovy)
	at com.kms.katalon.core.mobile.keyword.internal.MobileKeywordMain.runKeyword(MobileKeywordMain.groovy:21)
	at com.kms.katalon.core.mobile.keyword.builtin.VerifyElementExistKeyword.verifyElementExist(VerifyElementExistKeyword.groovy:80)
	at com.kms.katalon.core.mobile.keyword.builtin.VerifyElementExistKeyword.execute(VerifyElementExistKeyword.groovy:64)
	at com.kms.katalon.core.keyword.internal.KeywordExecutor.executeKeywordForPlatform(KeywordExecutor.groovy:74)
	at com.kms.katalon.core.mobile.keyword.MobileBuiltInKeywords.verifyElementExist(MobileBuiltInKeywords.groovy:1755)
	at com.kms.katalon.core.mobile.keyword.MobileBuiltInKeywords$verifyElementExist$8.call(Unknown Source)
	at duitNow_businessRegNumberTransaction.run(duitNow_businessRegNumberTransaction:164)
	at com.kms.katalon.core.main.ScriptEngine.run(ScriptEngine.java:194)
	at com.kms.katalon.core.main.ScriptEngine.runScriptAsRawText(ScriptEngine.java:119)
	at com.kms.katalon.core.main.TestCaseExecutor.runScript(TestCaseExecutor.java:445)
	at com.kms.katalon.core.main.TestCaseExecutor.doExecute(TestCaseExecutor.java:436)
	at com.kms.katalon.core.main.TestCaseExecutor.processExecutionPhase(TestCaseExecutor.java:415)
	at com.kms.katalon.core.main.TestCaseExecutor.accessMainPhase(TestCaseExecutor.java:407)
	at com.kms.katalon.core.main.TestCaseExecutor.execute(TestCaseExecutor.java:284)
	at com.kms.katalon.core.common.CommonExecutor.accessTestCaseMainPhase(CommonExecutor.java:65)
	at com.kms.katalon.core.main.TestSuiteExecutor.accessTestSuiteMainPhase(TestSuiteExecutor.java:144)
	at com.kms.katalon.core.main.TestSuiteExecutor.execute(TestSuiteExecutor.java:106)
	at com.kms.katalon.core.main.TestCaseMain.startTestSuite(TestCaseMain.java:185)
	at com.kms.katalon.core.main.TestCaseMain$startTestSuite$0.call(Unknown Source)
	at TempTestSuite1655885093224.run(TempTestSuite1655885093224.groovy:36)
)

2022-06-22 16:48:13 - [MESSAGE][WARNING] - Timeout '0' is invalid. Using default page load timeout: '40'

2022-06-22 16:48:13 - [MESSAGE][FAILED] - Failed to check for element 'Object Repository/Duit Now/duitNowReferenceEnterTitleTxt' exist (Root cause: org.openqa.selenium.WebDriverException: An unknown server-side error occurred while processing the command. Original error: 'GET /window/current/size' cannot be proxied to UiAutomator2 server because the instrumentation process is not running (probably crashed). Check the server log and/or the logcat output for more details
Build info: version: '3.141.59', revision: 'e82be7d358', time: '2018-11-14T08:25:53'
System info: host: '00139272s-MacBook-Pro.local', ip: '2001:e68:6167:d901:5dd8:2a3:885f:7e34%en0', os.name: 'Mac OS X', os.arch: 'x86_64', os.version: '10.16', java.version: '1.8.0_275'
Driver info: com.kms.katalon.core.appium.driver.SwipeableAndroidDriver
Capabilities {app: /Users/a00139272/Katalon St..., appActivity: com.maybank2u.life.MainActi..., appPackage: com.maybank2u.life.sit, appWaitActivity: *, autoGrantPermissions: true, automationName: uiautomator2, chromedriverPort: 52878, databaseEnabled: false, desired: {app: /Users/a00139272/Katalon St..., appActivity: com.maybank2u.life.MainActi..., appPackage: com.maybank2u.life.sit, appWaitActivity: *, autoGrantPermissions: true, automationName: uiautomator2, chromedriverPort: 52878, deviceId: 002b9cc60508, deviceName: Xiaomi 21061119AG (Android 11), fullReset: false, newCommandTimeout: 1800, noReset: true, platform: ANDROID, platformName: android, platformVersion: 11, systemPort: 52876, udid: 002b9cc60508}, deviceApiLevel: 30, deviceId: 002b9cc60508, deviceManufacturer: Xiaomi, deviceModel: 21061119AG, deviceName: 002b9cc60508, deviceScreenDensity: 440, deviceScreenSize: 1080x2400, deviceUDID: 002b9cc60508, fullReset: false, javascriptEnabled: true, locationContextEnabled: false, networkConnectionEnabled: true, newCommandTimeout: 1800, noReset: true, pixelRatio: 2.75, platform: ANDROID, platformName: Android, platformVersion: 11, statBarHeight: 103, systemPort: 52876, takesScreenshot: true, udid: 002b9cc60508, viewportRect: {height: 2064, left: 0, top: 103, width: 1080}, warnings: {}, webStorageEnabled: false}
Session ID: 07e0a906-f567-4646-abfd-84c6cc800d18
	at org.openqa.selenium.remote.http.W3CHttpResponseCodec.createException(W3CHttpResponseCodec.java:187)
	at org.openqa.selenium.remote.http.W3CHttpResponseCodec.decode(W3CHttpResponseCodec.java:122)
	at org.openqa.selenium.remote.http.W3CHttpResponseCodec.decode(W3CHttpResponseCodec.java:49)
	at org.openqa.selenium.remote.HttpCommandExecutor.execute(HttpCommandExecutor.java:158)
	at io.appium.java_client.remote.AppiumCommandExecutor.execute(AppiumCommandExecutor.java:239)
	at org.openqa.selenium.remote.RemoteWebDriver.execute(RemoteWebDriver.java:552)
	at io.appium.java_client.DefaultGenericMobileDriver.execute(DefaultGenericMobileDriver.java:46)
	at io.appium.java_client.AppiumDriver.execute(AppiumDriver.java:1)
	at io.appium.java_client.android.AndroidDriver.execute(AndroidDriver.java:1)
	at com.kms.katalon.core.appium.driver.SwipeableAndroidDriver.execute(SwipeableAndroidDriver.java:1)
	at org.openqa.selenium.remote.RemoteWebDriver$RemoteWebDriverOptions$RemoteWindow.getSize(RemoteWebDriver.java:813)
	at org.openqa.selenium.WebDriver$Window$getSize.call(Unknown Source)
	at com.kms.katalon.core.mobile.keyword.internal.MobileAbstractKeyword.findElement(MobileAbstractKeyword.groovy:81)
	at com.kms.katalon.core.mobile.keyword.builtin.VerifyElementExistKeyword.access$1(VerifyElementExistKeyword.groovy)
	at com.kms.katalon.core.mobile.keyword.builtin.VerifyElementExistKeyword$_verifyElementExist_closure1.doCall(VerifyElementExistKeyword.groovy:72)
	at com.kms.katalon.core.mobile.keyword.builtin.VerifyElementExistKeyword$_verifyElementExist_closure1.call(VerifyElementExistKeyword.groovy)
	at com.kms.katalon.core.mobile.keyword.internal.MobileKeywordMain.runKeyword(MobileKeywordMain.groovy:21)
	at com.kms.katalon.core.mobile.keyword.builtin.VerifyElementExistKeyword.verifyElementExist(VerifyElementExistKeyword.groovy:80)
	at com.kms.katalon.core.mobile.keyword.builtin.VerifyElementExistKeyword.execute(VerifyElementExistKeyword.groovy:64)
	at com.kms.katalon.core.keyword.internal.KeywordExecutor.executeKeywordForPlatform(KeywordExecutor.groovy:74)
	at com.kms.katalon.core.mobile.keyword.MobileBuiltInKeywords.verifyElementExist(MobileBuiltInKeywords.groovy:1755)
	at com.kms.katalon.core.mobile.keyword.MobileBuiltInKeywords$verifyElementExist$8.call(Unknown Source)
	at duitNow_businessRegNumberTransaction.run(duitNow_businessRegNumberTransaction:164)
	at com.kms.katalon.core.main.ScriptEngine.run(ScriptEngine.java:194)
	at com.kms.katalon.core.main.ScriptEngine.runScriptAsRawText(ScriptEngine.java:119)
	at com.kms.katalon.core.main.TestCaseExecutor.runScript(TestCaseExecutor.java:445)
	at com.kms.katalon.core.main.TestCaseExecutor.doExecute(TestCaseExecutor.java:436)
	at com.kms.katalon.core.main.TestCaseExecutor.processExecutionPhase(TestCaseExecutor.java:415)
	at com.kms.katalon.core.main.TestCaseExecutor.accessMainPhase(TestCaseExecutor.java:407)
	at com.kms.katalon.core.main.TestCaseExecutor.execute(TestCaseExecutor.java:284)
	at com.kms.katalon.core.common.CommonExecutor.accessTestCaseMainPhase(CommonExecutor.java:65)
	at com.kms.katalon.core.main.TestSuiteExecutor.accessTestSuiteMainPhase(TestSuiteExecutor.java:144)
	at com.kms.katalon.core.main.TestSuiteExecutor.execute(TestSuiteExecutor.java:106)
	at com.kms.katalon.core.main.TestCaseMain.startTestSuite(TestCaseMain.java:185)
	at com.kms.katalon.core.main.TestCaseMain$startTestSuite$0.call(Unknown Source)
	at TempTestSuite1655885093224.run(TempTestSuite1655885093224.groovy:36)
)

2022-06-22 16:48:13 - [TEST_STEP][FAILED] - setText(findTestObject("Banking/duitNowReferenceInputField"), reference, 0): Failed to set text into element (Root cause: org.openqa.selenium.WebDriverException: An unknown server-side error occurred while processing the command. Original error: 'GET /window/current/size' cannot be proxied to UiAutomator2 server because the instrumentation process is not running (probably crashed). Check the server log and/or the logcat output for more details
Build info: version: '3.141.59', revision: 'e82be7d358', time: '2018-11-14T08:25:53'
System info: host: '00139272s-MacBook-Pro.local', ip: '2001:e68:6167:d901:5dd8:2a3:885f:7e34%en0', os.name: 'Mac OS X', os.arch: 'x86_64', os.version: '10.16', java.version: '1.8.0_275'
Driver info: com.kms.katalon.core.appium.driver.SwipeableAndroidDriver
Capabilities {app: /Users/a00139272/Katalon St..., appActivity: com.maybank2u.life.MainActi..., appPackage: com.maybank2u.life.sit, appWaitActivity: *, autoGrantPermissions: true, automationName: uiautomator2, chromedriverPort: 52878, databaseEnabled: false, desired: {app: /Users/a00139272/Katalon St..., appActivity: com.maybank2u.life.MainActi..., appPackage: com.maybank2u.life.sit, appWaitActivity: *, autoGrantPermissions: true, automationName: uiautomator2, chromedriverPort: 52878, deviceId: 002b9cc60508, deviceName: Xiaomi 21061119AG (Android 11), fullReset: false, newCommandTimeout: 1800, noReset: true, platform: ANDROID, platformName: android, platformVersion: 11, systemPort: 52876, udid: 002b9cc60508}, deviceApiLevel: 30, deviceId: 002b9cc60508, deviceManufacturer: Xiaomi, deviceModel: 21061119AG, deviceName: 002b9cc60508, deviceScreenDensity: 440, deviceScreenSize: 1080x2400, deviceUDID: 002b9cc60508, fullReset: false, javascriptEnabled: true, locationContextEnabled: false, networkConnectionEnabled: true, newCommandTimeout: 1800, noReset: true, pixelRatio: 2.75, platform: ANDROID, platformName: Android, platformVersion: 11, statBarHeight: 103, systemPort: 52876, takesScreenshot: true, udid: 002b9cc60508, viewportRect: {height: 2064, left: 0, top: 103, width: 1080}, warnings: {}, webStorageEnabled: false}
Session ID: 07e0a906-f567-4646-abfd-84c6cc800d18
	at org.openqa.selenium.remote.http.W3CHttpResponseCodec.createException(W3CHttpResponseCodec.java:187)
	at org.openqa.selenium.remote.http.W3CHttpResponseCodec.decode(W3CHttpResponseCodec.java:122)
	at org.openqa.selenium.remote.http.W3CHttpResponseCodec.decode(W3CHttpResponseCodec.java:49)
	at org.openqa.selenium.remote.HttpCommandExecutor.execute(HttpCommandExecutor.java:158)
	at io.appium.java_client.remote.AppiumCommandExecutor.execute(AppiumCommandExecutor.java:239)
	at org.openqa.selenium.remote.RemoteWebDriver.execute(RemoteWebDriver.java:552)
	at io.appium.java_client.DefaultGenericMobileDriver.execute(DefaultGenericMobileDriver.java:46)
	at io.appium.java_client.AppiumDriver.execute(AppiumDriver.java:1)
	at io.appium.java_client.android.AndroidDriver.execute(AndroidDriver.java:1)
	at com.kms.katalon.core.appium.driver.SwipeableAndroidDriver.execute(SwipeableAndroidDriver.java:1)
	at org.openqa.selenium.remote.RemoteWebDriver$RemoteWebDriverOptions$RemoteWindow.getSize(RemoteWebDriver.java:813)
	at org.openqa.selenium.WebDriver$Window$getSize.call(Unknown Source)
	at com.kms.katalon.core.mobile.keyword.internal.MobileAbstractKeyword.findElement(MobileAbstractKeyword.groovy:81)
	at com.kms.katalon.core.mobile.keyword.builtin.SetTextKeyword.access$1(SetTextKeyword.groovy)
	at com.kms.katalon.core.mobile.keyword.builtin.SetTextKeyword$_setText_closure1.doCall(SetTextKeyword.groovy:74)
	at com.kms.katalon.core.mobile.keyword.builtin.SetTextKeyword$_setText_closure1.call(SetTextKeyword.groovy)
	at com.kms.katalon.core.mobile.keyword.internal.MobileKeywordMain.runKeyword(MobileKeywordMain.groovy:21)
	at com.kms.katalon.core.mobile.keyword.builtin.SetTextKeyword.setText(SetTextKeyword.groovy:83)
	at com.kms.katalon.core.mobile.keyword.builtin.SetTextKeyword.execute(SetTextKeyword.groovy:66)
	at com.kms.katalon.core.keyword.internal.KeywordExecutor.executeKeywordForPlatform(KeywordExecutor.groovy:74)
	at com.kms.katalon.core.mobile.keyword.MobileBuiltInKeywords.setText(MobileBuiltInKeywords.groovy:1307)
	at com.kms.katalon.core.mobile.keyword.MobileBuiltInKeywords$setText$6.call(Unknown Source)
	at duitNow_businessRegNumberTransaction.run(duitNow_businessRegNumberTransaction:166)
	at com.kms.katalon.core.main.ScriptEngine.run(ScriptEngine.java:194)
	at com.kms.katalon.core.main.ScriptEngine.runScriptAsRawText(ScriptEngine.java:119)
	at com.kms.katalon.core.main.TestCaseExecutor.runScript(TestCaseExecutor.java:445)
	at com.kms.katalon.core.main.TestCaseExecutor.doExecute(TestCaseExecutor.java:436)
	at com.kms.katalon.core.main.TestCaseExecutor.processExecutionPhase(TestCaseExecutor.java:415)
	at com.kms.katalon.core.main.TestCaseExecutor.accessMainPhase(TestCaseExecutor.java:407)
	at com.kms.katalon.core.main.TestCaseExecutor.execute(TestCaseExecutor.java:284)
	at com.kms.katalon.core.common.CommonExecutor.accessTestCaseMainPhase(CommonExecutor.java:65)
	at com.kms.katalon.core.main.TestSuiteExecutor.accessTestSuiteMainPhase(TestSuiteExecutor.java:144)
	at com.kms.katalon.core.main.TestSuiteExecutor.execute(TestSuiteExecutor.java:106)
	at com.kms.katalon.core.main.TestCaseMain.startTestSuite(TestCaseMain.java:185)
	at com.kms.katalon.core.main.TestCaseMain$startTestSuite$0.call(Unknown Source)
	at TempTestSuite1655885093224.run(TempTestSuite1655885093224.groovy:36)
)

2022-06-22 16:48:13 - [MESSAGE][WARNING] - Timeout '0' is invalid. Using default page load timeout: '40'

2022-06-22 16:48:13 - [MESSAGE][FAILED] - Failed to set text into element (Root cause: org.openqa.selenium.WebDriverException: An unknown server-side error occurred while processing the command. Original error: 'GET /window/current/size' cannot be proxied to UiAutomator2 server because the instrumentation process is not running (probably crashed). Check the server log and/or the logcat output for more details
Build info: version: '3.141.59', revision: 'e82be7d358', time: '2018-11-14T08:25:53'
System info: host: '00139272s-MacBook-Pro.local', ip: '2001:e68:6167:d901:5dd8:2a3:885f:7e34%en0', os.name: 'Mac OS X', os.arch: 'x86_64', os.version: '10.16', java.version: '1.8.0_275'
Driver info: com.kms.katalon.core.appium.driver.SwipeableAndroidDriver
Capabilities {app: /Users/a00139272/Katalon St..., appActivity: com.maybank2u.life.MainActi..., appPackage: com.maybank2u.life.sit, appWaitActivity: *, autoGrantPermissions: true, automationName: uiautomator2, chromedriverPort: 52878, databaseEnabled: false, desired: {app: /Users/a00139272/Katalon St..., appActivity: com.maybank2u.life.MainActi..., appPackage: com.maybank2u.life.sit, appWaitActivity: *, autoGrantPermissions: true, automationName: uiautomator2, chromedriverPort: 52878, deviceId: 002b9cc60508, deviceName: Xiaomi 21061119AG (Android 11), fullReset: false, newCommandTimeout: 1800, noReset: true, platform: ANDROID, platformName: android, platformVersion: 11, systemPort: 52876, udid: 002b9cc60508}, deviceApiLevel: 30, deviceId: 002b9cc60508, deviceManufacturer: Xiaomi, deviceModel: 21061119AG, deviceName: 002b9cc60508, deviceScreenDensity: 440, deviceScreenSize: 1080x2400, deviceUDID: 002b9cc60508, fullReset: false, javascriptEnabled: true, locationContextEnabled: false, networkConnectionEnabled: true, newCommandTimeout: 1800, noReset: true, pixelRatio: 2.75, platform: ANDROID, platformName: Android, platformVersion: 11, statBarHeight: 103, systemPort: 52876, takesScreenshot: true, udid: 002b9cc60508, viewportRect: {height: 2064, left: 0, top: 103, width: 1080}, warnings: {}, webStorageEnabled: false}
Session ID: 07e0a906-f567-4646-abfd-84c6cc800d18
	at org.openqa.selenium.remote.http.W3CHttpResponseCodec.createException(W3CHttpResponseCodec.java:187)
	at org.openqa.selenium.remote.http.W3CHttpResponseCodec.decode(W3CHttpResponseCodec.java:122)
	at org.openqa.selenium.remote.http.W3CHttpResponseCodec.decode(W3CHttpResponseCodec.java:49)
	at org.openqa.selenium.remote.HttpCommandExecutor.execute(HttpCommandExecutor.java:158)
	at io.appium.java_client.remote.AppiumCommandExecutor.execute(AppiumCommandExecutor.java:239)
	at org.openqa.selenium.remote.RemoteWebDriver.execute(RemoteWebDriver.java:552)
	at io.appium.java_client.DefaultGenericMobileDriver.execute(DefaultGenericMobileDriver.java:46)
	at io.appium.java_client.AppiumDriver.execute(AppiumDriver.java:1)
	at io.appium.java_client.android.AndroidDriver.execute(AndroidDriver.java:1)
	at com.kms.katalon.core.appium.driver.SwipeableAndroidDriver.execute(SwipeableAndroidDriver.java:1)
	at org.openqa.selenium.remote.RemoteWebDriver$RemoteWebDriverOptions$RemoteWindow.getSize(RemoteWebDriver.java:813)
	at org.openqa.selenium.WebDriver$Window$getSize.call(Unknown Source)
	at com.kms.katalon.core.mobile.keyword.internal.MobileAbstractKeyword.findElement(MobileAbstractKeyword.groovy:81)
	at com.kms.katalon.core.mobile.keyword.builtin.SetTextKeyword.access$1(SetTextKeyword.groovy)
	at com.kms.katalon.core.mobile.keyword.builtin.SetTextKeyword$_setText_closure1.doCall(SetTextKeyword.groovy:74)
	at com.kms.katalon.core.mobile.keyword.builtin.SetTextKeyword$_setText_closure1.call(SetTextKeyword.groovy)
	at com.kms.katalon.core.mobile.keyword.internal.MobileKeywordMain.runKeyword(MobileKeywordMain.groovy:21)
	at com.kms.katalon.core.mobile.keyword.builtin.SetTextKeyword.setText(SetTextKeyword.groovy:83)
	at com.kms.katalon.core.mobile.keyword.builtin.SetTextKeyword.execute(SetTextKeyword.groovy:66)
	at com.kms.katalon.core.keyword.internal.KeywordExecutor.executeKeywordForPlatform(KeywordExecutor.groovy:74)
	at com.kms.katalon.core.mobile.keyword.MobileBuiltInKeywords.setText(MobileBuiltInKeywords.groovy:1307)
	at com.kms.katalon.core.mobile.keyword.MobileBuiltInKeywords$setText$6.call(Unknown Source)
	at duitNow_businessRegNumberTransaction.run(duitNow_businessRegNumberTransaction:166)
	at com.kms.katalon.core.main.ScriptEngine.run(ScriptEngine.java:194)
	at com.kms.katalon.core.main.ScriptEngine.runScriptAsRawText(ScriptEngine.java:119)
	at com.kms.katalon.core.main.TestCaseExecutor.runScript(TestCaseExecutor.java:445)
	at com.kms.katalon.core.main.TestCaseExecutor.doExecute(TestCaseExecutor.java:436)
	at com.kms.katalon.core.main.TestCaseExecutor.processExecutionPhase(TestCaseExecutor.java:415)
	at com.kms.katalon.core.main.TestCaseExecutor.accessMainPhase(TestCaseExecutor.java:407)
	at com.kms.katalon.core.main.TestCaseExecutor.execute(TestCaseExecutor.java:284)
	at com.kms.katalon.core.common.CommonExecutor.accessTestCaseMainPhase(CommonExecutor.java:65)
	at com.kms.katalon.core.main.TestSuiteExecutor.accessTestSuiteMainPhase(TestSuiteExecutor.java:144)
	at com.kms.katalon.core.main.TestSuiteExecutor.execute(TestSuiteExecutor.java:106)
	at com.kms.katalon.core.main.TestCaseMain.startTestSuite(TestCaseMain.java:185)
	at com.kms.katalon.core.main.TestCaseMain$startTestSuite$0.call(Unknown Source)
	at TempTestSuite1655885093224.run(TempTestSuite1655885093224.groovy:36)
)

2022-06-22 16:48:13 - [TEST_STEP][PASSED] - hideKeyboard(): Keyboard is hidden

2022-06-22 16:48:14 - [MESSAGE][PASSED] - Keyboard is hidden

2022-06-22 16:48:14 - [TEST_STEP][FAILED] - verifyElementText(findTestObject("Duit Now/duitNowReferenceContentTxt", ["reference":reference]), reference): Verify element text of test object 'Object Repository/Duit Now/duitNowReferenceContentTxt' FAILED. (Root cause: org.openqa.selenium.WebDriverException: An unknown server-side error occurred while processing the command. Original error: 'GET /window/current/size' cannot be proxied to UiAutomator2 server because the instrumentation process is not running (probably crashed). Check the server log and/or the logcat output for more details
Build info: version: '3.141.59', revision: 'e82be7d358', time: '2018-11-14T08:25:53'
System info: host: '00139272s-MacBook-Pro.local', ip: '2001:e68:6167:d901:5dd8:2a3:885f:7e34%en0', os.name: 'Mac OS X', os.arch: 'x86_64', os.version: '10.16', java.version: '1.8.0_275'
Driver info: com.kms.katalon.core.appium.driver.SwipeableAndroidDriver
Capabilities {app: /Users/a00139272/Katalon St..., appActivity: com.maybank2u.life.MainActi..., appPackage: com.maybank2u.life.sit, appWaitActivity: *, autoGrantPermissions: true, automationName: uiautomator2, chromedriverPort: 52878, databaseEnabled: false, desired: {app: /Users/a00139272/Katalon St..., appActivity: com.maybank2u.life.MainActi..., appPackage: com.maybank2u.life.sit, appWaitActivity: *, autoGrantPermissions: true, automationName: uiautomator2, chromedriverPort: 52878, deviceId: 002b9cc60508, deviceName: Xiaomi 21061119AG (Android 11), fullReset: false, newCommandTimeout: 1800, noReset: true, platform: ANDROID, platformName: android, platformVersion: 11, systemPort: 52876, udid: 002b9cc60508}, deviceApiLevel: 30, deviceId: 002b9cc60508, deviceManufacturer: Xiaomi, deviceModel: 21061119AG, deviceName: 002b9cc60508, deviceScreenDensity: 440, deviceScreenSize: 1080x2400, deviceUDID: 002b9cc60508, fullReset: false, javascriptEnabled: true, locationContextEnabled: false, networkConnectionEnabled: true, newCommandTimeout: 1800, noReset: true, pixelRatio: 2.75, platform: ANDROID, platformName: Android, platformVersion: 11, statBarHeight: 103, systemPort: 52876, takesScreenshot: true, udid: 002b9cc60508, viewportRect: {height: 2064, left: 0, top: 103, width: 1080}, warnings: {}, webStorageEnabled: false}
Session ID: 07e0a906-f567-4646-abfd-84c6cc800d18
	at org.openqa.selenium.remote.http.W3CHttpResponseCodec.createException(W3CHttpResponseCodec.java:187)
	at org.openqa.selenium.remote.http.W3CHttpResponseCodec.decode(W3CHttpResponseCodec.java:122)
	at org.openqa.selenium.remote.http.W3CHttpResponseCodec.decode(W3CHttpResponseCodec.java:49)
	at org.openqa.selenium.remote.HttpCommandExecutor.execute(HttpCommandExecutor.java:158)
	at io.appium.java_client.remote.AppiumCommandExecutor.execute(AppiumCommandExecutor.java:239)
	at org.openqa.selenium.remote.RemoteWebDriver.execute(RemoteWebDriver.java:552)
	at io.appium.java_client.DefaultGenericMobileDriver.execute(DefaultGenericMobileDriver.java:46)
	at io.appium.java_client.AppiumDriver.execute(AppiumDriver.java:1)
	at io.appium.java_client.android.AndroidDriver.execute(AndroidDriver.java:1)
	at com.kms.katalon.core.appium.driver.SwipeableAndroidDriver.execute(SwipeableAndroidDriver.java:1)
	at org.openqa.selenium.remote.RemoteWebDriver$RemoteWebDriverOptions$RemoteWindow.getSize(RemoteWebDriver.java:813)
	at org.openqa.selenium.WebDriver$Window$getSize.call(Unknown Source)
	at com.kms.katalon.core.mobile.keyword.internal.MobileAbstractKeyword.findElement(MobileAbstractKeyword.groovy:81)
	at com.kms.katalon.core.mobile.keyword.builtin.VerifyElementTextKeyword.access$1(VerifyElementTextKeyword.groovy)
	at com.kms.katalon.core.mobile.keyword.builtin.VerifyElementTextKeyword$_verifyElementText_closure1.doCall(VerifyElementTextKeyword.groovy:47)
	at com.kms.katalon.core.mobile.keyword.builtin.VerifyElementTextKeyword$_verifyElementText_closure1.call(VerifyElementTextKeyword.groovy)
	at com.kms.katalon.core.mobile.keyword.internal.MobileKeywordMain.runKeyword(MobileKeywordMain.groovy:21)
	at com.kms.katalon.core.mobile.keyword.builtin.VerifyElementTextKeyword.verifyElementText(VerifyElementTextKeyword.groovy:62)
	at com.kms.katalon.core.mobile.keyword.builtin.VerifyElementTextKeyword.execute(VerifyElementTextKeyword.groovy:39)
	at com.kms.katalon.core.keyword.internal.KeywordExecutor.executeKeywordForPlatform(KeywordExecutor.groovy:74)
	at com.kms.katalon.core.mobile.keyword.MobileBuiltInKeywords.verifyElementText(MobileBuiltInKeywords.groovy:2901)
	at com.kms.katalon.core.mobile.keyword.MobileBuiltInKeywords$verifyElementText$9.call(Unknown Source)
	at duitNow_businessRegNumberTransaction.run(duitNow_businessRegNumberTransaction:170)
	at com.kms.katalon.core.main.ScriptEngine.run(ScriptEngine.java:194)
	at com.kms.katalon.core.main.ScriptEngine.runScriptAsRawText(ScriptEngine.java:119)
	at com.kms.katalon.core.main.TestCaseExecutor.runScript(TestCaseExecutor.java:445)
	at com.kms.katalon.core.main.TestCaseExecutor.doExecute(TestCaseExecutor.java:436)
	at com.kms.katalon.core.main.TestCaseExecutor.processExecutionPhase(TestCaseExecutor.java:415)
	at com.kms.katalon.core.main.TestCaseExecutor.accessMainPhase(TestCaseExecutor.java:407)
	at com.kms.katalon.core.main.TestCaseExecutor.execute(TestCaseExecutor.java:284)
	at com.kms.katalon.core.common.CommonExecutor.accessTestCaseMainPhase(CommonExecutor.java:65)
	at com.kms.katalon.core.main.TestSuiteExecutor.accessTestSuiteMainPhase(TestSuiteExecutor.java:144)
	at com.kms.katalon.core.main.TestSuiteExecutor.execute(TestSuiteExecutor.java:106)
	at com.kms.katalon.core.main.TestCaseMain.startTestSuite(TestCaseMain.java:185)
	at com.kms.katalon.core.main.TestCaseMain$startTestSuite$0.call(Unknown Source)
	at TempTestSuite1655885093224.run(TempTestSuite1655885093224.groovy:36)
)

2022-06-22 16:48:14 - [MESSAGE][FAILED] - Verify element text of test object 'Object Repository/Duit Now/duitNowReferenceContentTxt' FAILED. (Root cause: org.openqa.selenium.WebDriverException: An unknown server-side error occurred while processing the command. Original error: 'GET /window/current/size' cannot be proxied to UiAutomator2 server because the instrumentation process is not running (probably crashed). Check the server log and/or the logcat output for more details
Build info: version: '3.141.59', revision: 'e82be7d358', time: '2018-11-14T08:25:53'
System info: host: '00139272s-MacBook-Pro.local', ip: '2001:e68:6167:d901:5dd8:2a3:885f:7e34%en0', os.name: 'Mac OS X', os.arch: 'x86_64', os.version: '10.16', java.version: '1.8.0_275'
Driver info: com.kms.katalon.core.appium.driver.SwipeableAndroidDriver
Capabilities {app: /Users/a00139272/Katalon St..., appActivity: com.maybank2u.life.MainActi..., appPackage: com.maybank2u.life.sit, appWaitActivity: *, autoGrantPermissions: true, automationName: uiautomator2, chromedriverPort: 52878, databaseEnabled: false, desired: {app: /Users/a00139272/Katalon St..., appActivity: com.maybank2u.life.MainActi..., appPackage: com.maybank2u.life.sit, appWaitActivity: *, autoGrantPermissions: true, automationName: uiautomator2, chromedriverPort: 52878, deviceId: 002b9cc60508, deviceName: Xiaomi 21061119AG (Android 11), fullReset: false, newCommandTimeout: 1800, noReset: true, platform: ANDROID, platformName: android, platformVersion: 11, systemPort: 52876, udid: 002b9cc60508}, deviceApiLevel: 30, deviceId: 002b9cc60508, deviceManufacturer: Xiaomi, deviceModel: 21061119AG, deviceName: 002b9cc60508, deviceScreenDensity: 440, deviceScreenSize: 1080x2400, deviceUDID: 002b9cc60508, fullReset: false, javascriptEnabled: true, locationContextEnabled: false, networkConnectionEnabled: true, newCommandTimeout: 1800, noReset: true, pixelRatio: 2.75, platform: ANDROID, platformName: Android, platformVersion: 11, statBarHeight: 103, systemPort: 52876, takesScreenshot: true, udid: 002b9cc60508, viewportRect: {height: 2064, left: 0, top: 103, width: 1080}, warnings: {}, webStorageEnabled: false}
Session ID: 07e0a906-f567-4646-abfd-84c6cc800d18
	at org.openqa.selenium.remote.http.W3CHttpResponseCodec.createException(W3CHttpResponseCodec.java:187)
	at org.openqa.selenium.remote.http.W3CHttpResponseCodec.decode(W3CHttpResponseCodec.java:122)
	at org.openqa.selenium.remote.http.W3CHttpResponseCodec.decode(W3CHttpResponseCodec.java:49)
	at org.openqa.selenium.remote.HttpCommandExecutor.execute(HttpCommandExecutor.java:158)
	at io.appium.java_client.remote.AppiumCommandExecutor.execute(AppiumCommandExecutor.java:239)
	at org.openqa.selenium.remote.RemoteWebDriver.execute(RemoteWebDriver.java:552)
	at io.appium.java_client.DefaultGenericMobileDriver.execute(DefaultGenericMobileDriver.java:46)
	at io.appium.java_client.AppiumDriver.execute(AppiumDriver.java:1)
	at io.appium.java_client.android.AndroidDriver.execute(AndroidDriver.java:1)
	at com.kms.katalon.core.appium.driver.SwipeableAndroidDriver.execute(SwipeableAndroidDriver.java:1)
	at org.openqa.selenium.remote.RemoteWebDriver$RemoteWebDriverOptions$RemoteWindow.getSize(RemoteWebDriver.java:813)
	at org.openqa.selenium.WebDriver$Window$getSize.call(Unknown Source)
	at com.kms.katalon.core.mobile.keyword.internal.MobileAbstractKeyword.findElement(MobileAbstractKeyword.groovy:81)
	at com.kms.katalon.core.mobile.keyword.builtin.VerifyElementTextKeyword.access$1(VerifyElementTextKeyword.groovy)
	at com.kms.katalon.core.mobile.keyword.builtin.VerifyElementTextKeyword$_verifyElementText_closure1.doCall(VerifyElementTextKeyword.groovy:47)
	at com.kms.katalon.core.mobile.keyword.builtin.VerifyElementTextKeyword$_verifyElementText_closure1.call(VerifyElementTextKeyword.groovy)
	at com.kms.katalon.core.mobile.keyword.internal.MobileKeywordMain.runKeyword(MobileKeywordMain.groovy:21)
	at com.kms.katalon.core.mobile.keyword.builtin.VerifyElementTextKeyword.verifyElementText(VerifyElementTextKeyword.groovy:62)
	at com.kms.katalon.core.mobile.keyword.builtin.VerifyElementTextKeyword.execute(VerifyElementTextKeyword.groovy:39)
	at com.kms.katalon.core.keyword.internal.KeywordExecutor.executeKeywordForPlatform(KeywordExecutor.groovy:74)
	at com.kms.katalon.core.mobile.keyword.MobileBuiltInKeywords.verifyElementText(MobileBuiltInKeywords.groovy:2901)
	at com.kms.katalon.core.mobile.keyword.MobileBuiltInKeywords$verifyElementText$9.call(Unknown Source)
	at duitNow_businessRegNumberTransaction.run(duitNow_businessRegNumberTransaction:170)
	at com.kms.katalon.core.main.ScriptEngine.run(ScriptEngine.java:194)
	at com.kms.katalon.core.main.ScriptEngine.runScriptAsRawText(ScriptEngine.java:119)
	at com.kms.katalon.core.main.TestCaseExecutor.runScript(TestCaseExecutor.java:445)
	at com.kms.katalon.core.main.TestCaseExecutor.doExecute(TestCaseExecutor.java:436)
	at com.kms.katalon.core.main.TestCaseExecutor.processExecutionPhase(TestCaseExecutor.java:415)
	at com.kms.katalon.core.main.TestCaseExecutor.accessMainPhase(TestCaseExecutor.java:407)
	at com.kms.katalon.core.main.TestCaseExecutor.execute(TestCaseExecutor.java:284)
	at com.kms.katalon.core.common.CommonExecutor.accessTestCaseMainPhase(CommonExecutor.java:65)
	at com.kms.katalon.core.main.TestSuiteExecutor.accessTestSuiteMainPhase(TestSuiteExecutor.java:144)
	at com.kms.katalon.core.main.TestSuiteExecutor.execute(TestSuiteExecutor.java:106)
	at com.kms.katalon.core.main.TestCaseMain.startTestSuite(TestCaseMain.java:185)
	at com.kms.katalon.core.main.TestCaseMain$startTestSuite$0.call(Unknown Source)
	at TempTestSuite1655885093224.run(TempTestSuite1655885093224.groovy:36)
)

2022-06-22 16:48:14 - [TEST_STEP][FAILED] - tap(findTestObject("Login Onboarding/loginExistingContinueBtn"), 0): Failed to tap on element 'Object Repository/Login Onboarding/loginExistingContinueBtn' (Root cause: org.openqa.selenium.WebDriverException: An unknown server-side error occurred while processing the command. Original error: 'GET /window/current/size' cannot be proxied to UiAutomator2 server because the instrumentation process is not running (probably crashed). Check the server log and/or the logcat output for more details
Build info: version: '3.141.59', revision: 'e82be7d358', time: '2018-11-14T08:25:53'
System info: host: '00139272s-MacBook-Pro.local', ip: '2001:e68:6167:d901:5dd8:2a3:885f:7e34%en0', os.name: 'Mac OS X', os.arch: 'x86_64', os.version: '10.16', java.version: '1.8.0_275'
Driver info: com.kms.katalon.core.appium.driver.SwipeableAndroidDriver
Capabilities {app: /Users/a00139272/Katalon St..., appActivity: com.maybank2u.life.MainActi..., appPackage: com.maybank2u.life.sit, appWaitActivity: *, autoGrantPermissions: true, automationName: uiautomator2, chromedriverPort: 52878, databaseEnabled: false, desired: {app: /Users/a00139272/Katalon St..., appActivity: com.maybank2u.life.MainActi..., appPackage: com.maybank2u.life.sit, appWaitActivity: *, autoGrantPermissions: true, automationName: uiautomator2, chromedriverPort: 52878, deviceId: 002b9cc60508, deviceName: Xiaomi 21061119AG (Android 11), fullReset: false, newCommandTimeout: 1800, noReset: true, platform: ANDROID, platformName: android, platformVersion: 11, systemPort: 52876, udid: 002b9cc60508}, deviceApiLevel: 30, deviceId: 002b9cc60508, deviceManufacturer: Xiaomi, deviceModel: 21061119AG, deviceName: 002b9cc60508, deviceScreenDensity: 440, deviceScreenSize: 1080x2400, deviceUDID: 002b9cc60508, fullReset: false, javascriptEnabled: true, locationContextEnabled: false, networkConnectionEnabled: true, newCommandTimeout: 1800, noReset: true, pixelRatio: 2.75, platform: ANDROID, platformName: Android, platformVersion: 11, statBarHeight: 103, systemPort: 52876, takesScreenshot: true, udid: 002b9cc60508, viewportRect: {height: 2064, left: 0, top: 103, width: 1080}, warnings: {}, webStorageEnabled: false}
Session ID: 07e0a906-f567-4646-abfd-84c6cc800d18
	at org.openqa.selenium.remote.http.W3CHttpResponseCodec.createException(W3CHttpResponseCodec.java:187)
	at org.openqa.selenium.remote.http.W3CHttpResponseCodec.decode(W3CHttpResponseCodec.java:122)
	at org.openqa.selenium.remote.http.W3CHttpResponseCodec.decode(W3CHttpResponseCodec.java:49)
	at org.openqa.selenium.remote.HttpCommandExecutor.execute(HttpCommandExecutor.java:158)
	at io.appium.java_client.remote.AppiumCommandExecutor.execute(AppiumCommandExecutor.java:239)
	at org.openqa.selenium.remote.RemoteWebDriver.execute(RemoteWebDriver.java:552)
	at io.appium.java_client.DefaultGenericMobileDriver.execute(DefaultGenericMobileDriver.java:46)
	at io.appium.java_client.AppiumDriver.execute(AppiumDriver.java:1)
	at io.appium.java_client.android.AndroidDriver.execute(AndroidDriver.java:1)
	at com.kms.katalon.core.appium.driver.SwipeableAndroidDriver.execute(SwipeableAndroidDriver.java:1)
	at org.openqa.selenium.remote.RemoteWebDriver$RemoteWebDriverOptions$RemoteWindow.getSize(RemoteWebDriver.java:813)
	at org.openqa.selenium.WebDriver$Window$getSize.call(Unknown Source)
	at com.kms.katalon.core.mobile.keyword.internal.MobileAbstractKeyword.findElement(MobileAbstractKeyword.groovy:81)
	at com.kms.katalon.core.mobile.keyword.builtin.TapKeyword.access$1(TapKeyword.groovy)
	at com.kms.katalon.core.mobile.keyword.builtin.TapKeyword$_tap_closure1.doCall(TapKeyword.groovy:76)
	at com.kms.katalon.core.mobile.keyword.builtin.TapKeyword$_tap_closure1.call(TapKeyword.groovy)
	at com.kms.katalon.core.mobile.keyword.internal.MobileKeywordMain.runKeyword(MobileKeywordMain.groovy:21)
	at com.kms.katalon.core.mobile.keyword.builtin.TapKeyword.tap(TapKeyword.groovy:84)
	at com.kms.katalon.core.mobile.keyword.builtin.TapKeyword.execute(TapKeyword.groovy:68)
	at com.kms.katalon.core.keyword.internal.KeywordExecutor.executeKeywordForPlatform(KeywordExecutor.groovy:74)
	at com.kms.katalon.core.mobile.keyword.MobileBuiltInKeywords.tap(MobileBuiltInKeywords.groovy:1490)
	at com.kms.katalon.core.mobile.keyword.MobileBuiltInKeywords$tap$4.call(Unknown Source)
	at duitNow_businessRegNumberTransaction.run(duitNow_businessRegNumberTransaction:172)
	at com.kms.katalon.core.main.ScriptEngine.run(ScriptEngine.java:194)
	at com.kms.katalon.core.main.ScriptEngine.runScriptAsRawText(ScriptEngine.java:119)
	at com.kms.katalon.core.main.TestCaseExecutor.runScript(TestCaseExecutor.java:445)
	at com.kms.katalon.core.main.TestCaseExecutor.doExecute(TestCaseExecutor.java:436)
	at com.kms.katalon.core.main.TestCaseExecutor.processExecutionPhase(TestCaseExecutor.java:415)
	at com.kms.katalon.core.main.TestCaseExecutor.accessMainPhase(TestCaseExecutor.java:407)
	at com.kms.katalon.core.main.TestCaseExecutor.execute(TestCaseExecutor.java:284)
	at com.kms.katalon.core.common.CommonExecutor.accessTestCaseMainPhase(CommonExecutor.java:65)
	at com.kms.katalon.core.main.TestSuiteExecutor.accessTestSuiteMainPhase(TestSuiteExecutor.java:144)
	at com.kms.katalon.core.main.TestSuiteExecutor.execute(TestSuiteExecutor.java:106)
	at com.kms.katalon.core.main.TestCaseMain.startTestSuite(TestCaseMain.java:185)
	at com.kms.katalon.core.main.TestCaseMain$startTestSuite$0.call(Unknown Source)
	at TempTestSuite1655885093224.run(TempTestSuite1655885093224.groovy:36)
)

2022-06-22 16:48:14 - [MESSAGE][WARNING] - Timeout '0' is invalid. Using default page load timeout: '40'

2022-06-22 16:48:14 - [MESSAGE][FAILED] - Failed to tap on element 'Object Repository/Login Onboarding/loginExistingContinueBtn' (Root cause: org.openqa.selenium.WebDriverException: An unknown server-side error occurred while processing the command. Original error: 'GET /window/current/size' cannot be proxied to UiAutomator2 server because the instrumentation process is not running (probably crashed). Check the server log and/or the logcat output for more details
Build info: version: '3.141.59', revision: 'e82be7d358', time: '2018-11-14T08:25:53'
System info: host: '00139272s-MacBook-Pro.local', ip: '2001:e68:6167:d901:5dd8:2a3:885f:7e34%en0', os.name: 'Mac OS X', os.arch: 'x86_64', os.version: '10.16', java.version: '1.8.0_275'
Driver info: com.kms.katalon.core.appium.driver.SwipeableAndroidDriver
Capabilities {app: /Users/a00139272/Katalon St..., appActivity: com.maybank2u.life.MainActi..., appPackage: com.maybank2u.life.sit, appWaitActivity: *, autoGrantPermissions: true, automationName: uiautomator2, chromedriverPort: 52878, databaseEnabled: false, desired: {app: /Users/a00139272/Katalon St..., appActivity: com.maybank2u.life.MainActi..., appPackage: com.maybank2u.life.sit, appWaitActivity: *, autoGrantPermissions: true, automationName: uiautomator2, chromedriverPort: 52878, deviceId: 002b9cc60508, deviceName: Xiaomi 21061119AG (Android 11), fullReset: false, newCommandTimeout: 1800, noReset: true, platform: ANDROID, platformName: android, platformVersion: 11, systemPort: 52876, udid: 002b9cc60508}, deviceApiLevel: 30, deviceId: 002b9cc60508, deviceManufacturer: Xiaomi, deviceModel: 21061119AG, deviceName: 002b9cc60508, deviceScreenDensity: 440, deviceScreenSize: 1080x2400, deviceUDID: 002b9cc60508, fullReset: false, javascriptEnabled: true, locationContextEnabled: false, networkConnectionEnabled: true, newCommandTimeout: 1800, noReset: true, pixelRatio: 2.75, platform: ANDROID, platformName: Android, platformVersion: 11, statBarHeight: 103, systemPort: 52876, takesScreenshot: true, udid: 002b9cc60508, viewportRect: {height: 2064, left: 0, top: 103, width: 1080}, warnings: {}, webStorageEnabled: false}
Session ID: 07e0a906-f567-4646-abfd-84c6cc800d18
	at org.openqa.selenium.remote.http.W3CHttpResponseCodec.createException(W3CHttpResponseCodec.java:187)
	at org.openqa.selenium.remote.http.W3CHttpResponseCodec.decode(W3CHttpResponseCodec.java:122)
	at org.openqa.selenium.remote.http.W3CHttpResponseCodec.decode(W3CHttpResponseCodec.java:49)
	at org.openqa.selenium.remote.HttpCommandExecutor.execute(HttpCommandExecutor.java:158)
	at io.appium.java_client.remote.AppiumCommandExecutor.execute(AppiumCommandExecutor.java:239)
	at org.openqa.selenium.remote.RemoteWebDriver.execute(RemoteWebDriver.java:552)
	at io.appium.java_client.DefaultGenericMobileDriver.execute(DefaultGenericMobileDriver.java:46)
	at io.appium.java_client.AppiumDriver.execute(AppiumDriver.java:1)
	at io.appium.java_client.android.AndroidDriver.execute(AndroidDriver.java:1)
	at com.kms.katalon.core.appium.driver.SwipeableAndroidDriver.execute(SwipeableAndroidDriver.java:1)
	at org.openqa.selenium.remote.RemoteWebDriver$RemoteWebDriverOptions$RemoteWindow.getSize(RemoteWebDriver.java:813)
	at org.openqa.selenium.WebDriver$Window$getSize.call(Unknown Source)
	at com.kms.katalon.core.mobile.keyword.internal.MobileAbstractKeyword.findElement(MobileAbstractKeyword.groovy:81)
	at com.kms.katalon.core.mobile.keyword.builtin.TapKeyword.access$1(TapKeyword.groovy)
	at com.kms.katalon.core.mobile.keyword.builtin.TapKeyword$_tap_closure1.doCall(TapKeyword.groovy:76)
	at com.kms.katalon.core.mobile.keyword.builtin.TapKeyword$_tap_closure1.call(TapKeyword.groovy)
	at com.kms.katalon.core.mobile.keyword.internal.MobileKeywordMain.runKeyword(MobileKeywordMain.groovy:21)
	at com.kms.katalon.core.mobile.keyword.builtin.TapKeyword.tap(TapKeyword.groovy:84)
	at com.kms.katalon.core.mobile.keyword.builtin.TapKeyword.execute(TapKeyword.groovy:68)
	at com.kms.katalon.core.keyword.internal.KeywordExecutor.executeKeywordForPlatform(KeywordExecutor.groovy:74)
	at com.kms.katalon.core.mobile.keyword.MobileBuiltInKeywords.tap(MobileBuiltInKeywords.groovy:1490)
	at com.kms.katalon.core.mobile.keyword.MobileBuiltInKeywords$tap$4.call(Unknown Source)
	at duitNow_businessRegNumberTransaction.run(duitNow_businessRegNumberTransaction:172)
	at com.kms.katalon.core.main.ScriptEngine.run(ScriptEngine.java:194)
	at com.kms.katalon.core.main.ScriptEngine.runScriptAsRawText(ScriptEngine.java:119)
	at com.kms.katalon.core.main.TestCaseExecutor.runScript(TestCaseExecutor.java:445)
	at com.kms.katalon.core.main.TestCaseExecutor.doExecute(TestCaseExecutor.java:436)
	at com.kms.katalon.core.main.TestCaseExecutor.processExecutionPhase(TestCaseExecutor.java:415)
	at com.kms.katalon.core.main.TestCaseExecutor.accessMainPhase(TestCaseExecutor.java:407)
	at com.kms.katalon.core.main.TestCaseExecutor.execute(TestCaseExecutor.java:284)
	at com.kms.katalon.core.common.CommonExecutor.accessTestCaseMainPhase(CommonExecutor.java:65)
	at com.kms.katalon.core.main.TestSuiteExecutor.accessTestSuiteMainPhase(TestSuiteExecutor.java:144)
	at com.kms.katalon.core.main.TestSuiteExecutor.execute(TestSuiteExecutor.java:106)
	at com.kms.katalon.core.main.TestCaseMain.startTestSuite(TestCaseMain.java:185)
	at com.kms.katalon.core.main.TestCaseMain$startTestSuite$0.call(Unknown Source)
	at TempTestSuite1655885093224.run(TempTestSuite1655885093224.groovy:36)
)

2022-06-22 16:48:14 - [TEST_STEP][FAILED] - verifyElementText(findTestObject("Duit Now/duitNowConfirmationReceipientNameTxt", ["recName":recName]), recName): Verify element text of test object 'Object Repository/Duit Now/duitNowConfirmationReceipientNameTxt' FAILED. (Root cause: org.openqa.selenium.WebDriverException: An unknown server-side error occurred while processing the command. Original error: 'GET /window/current/size' cannot be proxied to UiAutomator2 server because the instrumentation process is not running (probably crashed). Check the server log and/or the logcat output for more details
Build info: version: '3.141.59', revision: 'e82be7d358', time: '2018-11-14T08:25:53'
System info: host: '00139272s-MacBook-Pro.local', ip: '2001:e68:6167:d901:5dd8:2a3:885f:7e34%en0', os.name: 'Mac OS X', os.arch: 'x86_64', os.version: '10.16', java.version: '1.8.0_275'
Driver info: com.kms.katalon.core.appium.driver.SwipeableAndroidDriver
Capabilities {app: /Users/a00139272/Katalon St..., appActivity: com.maybank2u.life.MainActi..., appPackage: com.maybank2u.life.sit, appWaitActivity: *, autoGrantPermissions: true, automationName: uiautomator2, chromedriverPort: 52878, databaseEnabled: false, desired: {app: /Users/a00139272/Katalon St..., appActivity: com.maybank2u.life.MainActi..., appPackage: com.maybank2u.life.sit, appWaitActivity: *, autoGrantPermissions: true, automationName: uiautomator2, chromedriverPort: 52878, deviceId: 002b9cc60508, deviceName: Xiaomi 21061119AG (Android 11), fullReset: false, newCommandTimeout: 1800, noReset: true, platform: ANDROID, platformName: android, platformVersion: 11, systemPort: 52876, udid: 002b9cc60508}, deviceApiLevel: 30, deviceId: 002b9cc60508, deviceManufacturer: Xiaomi, deviceModel: 21061119AG, deviceName: 002b9cc60508, deviceScreenDensity: 440, deviceScreenSize: 1080x2400, deviceUDID: 002b9cc60508, fullReset: false, javascriptEnabled: true, locationContextEnabled: false, networkConnectionEnabled: true, newCommandTimeout: 1800, noReset: true, pixelRatio: 2.75, platform: ANDROID, platformName: Android, platformVersion: 11, statBarHeight: 103, systemPort: 52876, takesScreenshot: true, udid: 002b9cc60508, viewportRect: {height: 2064, left: 0, top: 103, width: 1080}, warnings: {}, webStorageEnabled: false}
Session ID: 07e0a906-f567-4646-abfd-84c6cc800d18
	at org.openqa.selenium.remote.http.W3CHttpResponseCodec.createException(W3CHttpResponseCodec.java:187)
	at org.openqa.selenium.remote.http.W3CHttpResponseCodec.decode(W3CHttpResponseCodec.java:122)
	at org.openqa.selenium.remote.http.W3CHttpResponseCodec.decode(W3CHttpResponseCodec.java:49)
	at org.openqa.selenium.remote.HttpCommandExecutor.execute(HttpCommandExecutor.java:158)
	at io.appium.java_client.remote.AppiumCommandExecutor.execute(AppiumCommandExecutor.java:239)
	at org.openqa.selenium.remote.RemoteWebDriver.execute(RemoteWebDriver.java:552)
	at io.appium.java_client.DefaultGenericMobileDriver.execute(DefaultGenericMobileDriver.java:46)
	at io.appium.java_client.AppiumDriver.execute(AppiumDriver.java:1)
	at io.appium.java_client.android.AndroidDriver.execute(AndroidDriver.java:1)
	at com.kms.katalon.core.appium.driver.SwipeableAndroidDriver.execute(SwipeableAndroidDriver.java:1)
	at org.openqa.selenium.remote.RemoteWebDriver$RemoteWebDriverOptions$RemoteWindow.getSize(RemoteWebDriver.java:813)
	at org.openqa.selenium.WebDriver$Window$getSize.call(Unknown Source)
	at com.kms.katalon.core.mobile.keyword.internal.MobileAbstractKeyword.findElement(MobileAbstractKeyword.groovy:81)
	at com.kms.katalon.core.mobile.keyword.builtin.VerifyElementTextKeyword.access$1(VerifyElementTextKeyword.groovy)
	at com.kms.katalon.core.mobile.keyword.builtin.VerifyElementTextKeyword$_verifyElementText_closure1.doCall(VerifyElementTextKeyword.groovy:47)
	at com.kms.katalon.core.mobile.keyword.builtin.VerifyElementTextKeyword$_verifyElementText_closure1.call(VerifyElementTextKeyword.groovy)
	at com.kms.katalon.core.mobile.keyword.internal.MobileKeywordMain.runKeyword(MobileKeywordMain.groovy:21)
	at com.kms.katalon.core.mobile.keyword.builtin.VerifyElementTextKeyword.verifyElementText(VerifyElementTextKeyword.groovy:62)
	at com.kms.katalon.core.mobile.keyword.builtin.VerifyElementTextKeyword.execute(VerifyElementTextKeyword.groovy:39)
	at com.kms.katalon.core.keyword.internal.KeywordExecutor.executeKeywordForPlatform(KeywordExecutor.groovy:74)
	at com.kms.katalon.core.mobile.keyword.MobileBuiltInKeywords.verifyElementText(MobileBuiltInKeywords.groovy:2901)
	at com.kms.katalon.core.mobile.keyword.MobileBuiltInKeywords$verifyElementText$9.call(Unknown Source)
	at duitNow_businessRegNumberTransaction.run(duitNow_businessRegNumberTransaction:174)
	at com.kms.katalon.core.main.ScriptEngine.run(ScriptEngine.java:194)
	at com.kms.katalon.core.main.ScriptEngine.runScriptAsRawText(ScriptEngine.java:119)
	at com.kms.katalon.core.main.TestCaseExecutor.runScript(TestCaseExecutor.java:445)
	at com.kms.katalon.core.main.TestCaseExecutor.doExecute(TestCaseExecutor.java:436)
	at com.kms.katalon.core.main.TestCaseExecutor.processExecutionPhase(TestCaseExecutor.java:415)
	at com.kms.katalon.core.main.TestCaseExecutor.accessMainPhase(TestCaseExecutor.java:407)
	at com.kms.katalon.core.main.TestCaseExecutor.execute(TestCaseExecutor.java:284)
	at com.kms.katalon.core.common.CommonExecutor.accessTestCaseMainPhase(CommonExecutor.java:65)
	at com.kms.katalon.core.main.TestSuiteExecutor.accessTestSuiteMainPhase(TestSuiteExecutor.java:144)
	at com.kms.katalon.core.main.TestSuiteExecutor.execute(TestSuiteExecutor.java:106)
	at com.kms.katalon.core.main.TestCaseMain.startTestSuite(TestCaseMain.java:185)
	at com.kms.katalon.core.main.TestCaseMain$startTestSuite$0.call(Unknown Source)
	at TempTestSuite1655885093224.run(TempTestSuite1655885093224.groovy:36)
)

2022-06-22 16:48:14 - [MESSAGE][FAILED] - Verify element text of test object 'Object Repository/Duit Now/duitNowConfirmationReceipientNameTxt' FAILED. (Root cause: org.openqa.selenium.WebDriverException: An unknown server-side error occurred while processing the command. Original error: 'GET /window/current/size' cannot be proxied to UiAutomator2 server because the instrumentation process is not running (probably crashed). Check the server log and/or the logcat output for more details
Build info: version: '3.141.59', revision: 'e82be7d358', time: '2018-11-14T08:25:53'
System info: host: '00139272s-MacBook-Pro.local', ip: '2001:e68:6167:d901:5dd8:2a3:885f:7e34%en0', os.name: 'Mac OS X', os.arch: 'x86_64', os.version: '10.16', java.version: '1.8.0_275'
Driver info: com.kms.katalon.core.appium.driver.SwipeableAndroidDriver
Capabilities {app: /Users/a00139272/Katalon St..., appActivity: com.maybank2u.life.MainActi..., appPackage: com.maybank2u.life.sit, appWaitActivity: *, autoGrantPermissions: true, automationName: uiautomator2, chromedriverPort: 52878, databaseEnabled: false, desired: {app: /Users/a00139272/Katalon St..., appActivity: com.maybank2u.life.MainActi..., appPackage: com.maybank2u.life.sit, appWaitActivity: *, autoGrantPermissions: true, automationName: uiautomator2, chromedriverPort: 52878, deviceId: 002b9cc60508, deviceName: Xiaomi 21061119AG (Android 11), fullReset: false, newCommandTimeout: 1800, noReset: true, platform: ANDROID, platformName: android, platformVersion: 11, systemPort: 52876, udid: 002b9cc60508}, deviceApiLevel: 30, deviceId: 002b9cc60508, deviceManufacturer: Xiaomi, deviceModel: 21061119AG, deviceName: 002b9cc60508, deviceScreenDensity: 440, deviceScreenSize: 1080x2400, deviceUDID: 002b9cc60508, fullReset: false, javascriptEnabled: true, locationContextEnabled: false, networkConnectionEnabled: true, newCommandTimeout: 1800, noReset: true, pixelRatio: 2.75, platform: ANDROID, platformName: Android, platformVersion: 11, statBarHeight: 103, systemPort: 52876, takesScreenshot: true, udid: 002b9cc60508, viewportRect: {height: 2064, left: 0, top: 103, width: 1080}, warnings: {}, webStorageEnabled: false}
Session ID: 07e0a906-f567-4646-abfd-84c6cc800d18
	at org.openqa.selenium.remote.http.W3CHttpResponseCodec.createException(W3CHttpResponseCodec.java:187)
	at org.openqa.selenium.remote.http.W3CHttpResponseCodec.decode(W3CHttpResponseCodec.java:122)
	at org.openqa.selenium.remote.http.W3CHttpResponseCodec.decode(W3CHttpResponseCodec.java:49)
	at org.openqa.selenium.remote.HttpCommandExecutor.execute(HttpCommandExecutor.java:158)
	at io.appium.java_client.remote.AppiumCommandExecutor.execute(AppiumCommandExecutor.java:239)
	at org.openqa.selenium.remote.RemoteWebDriver.execute(RemoteWebDriver.java:552)
	at io.appium.java_client.DefaultGenericMobileDriver.execute(DefaultGenericMobileDriver.java:46)
	at io.appium.java_client.AppiumDriver.execute(AppiumDriver.java:1)
	at io.appium.java_client.android.AndroidDriver.execute(AndroidDriver.java:1)
	at com.kms.katalon.core.appium.driver.SwipeableAndroidDriver.execute(SwipeableAndroidDriver.java:1)
	at org.openqa.selenium.remote.RemoteWebDriver$RemoteWebDriverOptions$RemoteWindow.getSize(RemoteWebDriver.java:813)
	at org.openqa.selenium.WebDriver$Window$getSize.call(Unknown Source)
	at com.kms.katalon.core.mobile.keyword.internal.MobileAbstractKeyword.findElement(MobileAbstractKeyword.groovy:81)
	at com.kms.katalon.core.mobile.keyword.builtin.VerifyElementTextKeyword.access$1(VerifyElementTextKeyword.groovy)
	at com.kms.katalon.core.mobile.keyword.builtin.VerifyElementTextKeyword$_verifyElementText_closure1.doCall(VerifyElementTextKeyword.groovy:47)
	at com.kms.katalon.core.mobile.keyword.builtin.VerifyElementTextKeyword$_verifyElementText_closure1.call(VerifyElementTextKeyword.groovy)
	at com.kms.katalon.core.mobile.keyword.internal.MobileKeywordMain.runKeyword(MobileKeywordMain.groovy:21)
	at com.kms.katalon.core.mobile.keyword.builtin.VerifyElementTextKeyword.verifyElementText(VerifyElementTextKeyword.groovy:62)
	at com.kms.katalon.core.mobile.keyword.builtin.VerifyElementTextKeyword.execute(VerifyElementTextKeyword.groovy:39)
	at com.kms.katalon.core.keyword.internal.KeywordExecutor.executeKeywordForPlatform(KeywordExecutor.groovy:74)
	at com.kms.katalon.core.mobile.keyword.MobileBuiltInKeywords.verifyElementText(MobileBuiltInKeywords.groovy:2901)
	at com.kms.katalon.core.mobile.keyword.MobileBuiltInKeywords$verifyElementText$9.call(Unknown Source)
	at duitNow_businessRegNumberTransaction.run(duitNow_businessRegNumberTransaction:174)
	at com.kms.katalon.core.main.ScriptEngine.run(ScriptEngine.java:194)
	at com.kms.katalon.core.main.ScriptEngine.runScriptAsRawText(ScriptEngine.java:119)
	at com.kms.katalon.core.main.TestCaseExecutor.runScript(TestCaseExecutor.java:445)
	at com.kms.katalon.core.main.TestCaseExecutor.doExecute(TestCaseExecutor.java:436)
	at com.kms.katalon.core.main.TestCaseExecutor.processExecutionPhase(TestCaseExecutor.java:415)
	at com.kms.katalon.core.main.TestCaseExecutor.accessMainPhase(TestCaseExecutor.java:407)
	at com.kms.katalon.core.main.TestCaseExecutor.execute(TestCaseExecutor.java:284)
	at com.kms.katalon.core.common.CommonExecutor.accessTestCaseMainPhase(CommonExecutor.java:65)
	at com.kms.katalon.core.main.TestSuiteExecutor.accessTestSuiteMainPhase(TestSuiteExecutor.java:144)
	at com.kms.katalon.core.main.TestSuiteExecutor.execute(TestSuiteExecutor.java:106)
	at com.kms.katalon.core.main.TestCaseMain.startTestSuite(TestCaseMain.java:185)
	at com.kms.katalon.core.main.TestCaseMain$startTestSuite$0.call(Unknown Source)
	at TempTestSuite1655885093224.run(TempTestSuite1655885093224.groovy:36)
)

2022-06-22 16:48:14 - [TEST_STEP][FAILED] - verifyElementText(findTestObject("Duit Now/duitNowConfirmationReceipientProxyNumTxt", ["proxyNumber":proxyNumber]), proxyNumber): Verify element text of test object 'Object Repository/Duit Now/duitNowConfirmationReceipientProxyNumTxt' FAILED. (Root cause: org.openqa.selenium.WebDriverException: An unknown server-side error occurred while processing the command. Original error: 'GET /window/current/size' cannot be proxied to UiAutomator2 server because the instrumentation process is not running (probably crashed). Check the server log and/or the logcat output for more details
Build info: version: '3.141.59', revision: 'e82be7d358', time: '2018-11-14T08:25:53'
System info: host: '00139272s-MacBook-Pro.local', ip: '2001:e68:6167:d901:5dd8:2a3:885f:7e34%en0', os.name: 'Mac OS X', os.arch: 'x86_64', os.version: '10.16', java.version: '1.8.0_275'
Driver info: com.kms.katalon.core.appium.driver.SwipeableAndroidDriver
Capabilities {app: /Users/a00139272/Katalon St..., appActivity: com.maybank2u.life.MainActi..., appPackage: com.maybank2u.life.sit, appWaitActivity: *, autoGrantPermissions: true, automationName: uiautomator2, chromedriverPort: 52878, databaseEnabled: false, desired: {app: /Users/a00139272/Katalon St..., appActivity: com.maybank2u.life.MainActi..., appPackage: com.maybank2u.life.sit, appWaitActivity: *, autoGrantPermissions: true, automationName: uiautomator2, chromedriverPort: 52878, deviceId: 002b9cc60508, deviceName: Xiaomi 21061119AG (Android 11), fullReset: false, newCommandTimeout: 1800, noReset: true, platform: ANDROID, platformName: android, platformVersion: 11, systemPort: 52876, udid: 002b9cc60508}, deviceApiLevel: 30, deviceId: 002b9cc60508, deviceManufacturer: Xiaomi, deviceModel: 21061119AG, deviceName: 002b9cc60508, deviceScreenDensity: 440, deviceScreenSize: 1080x2400, deviceUDID: 002b9cc60508, fullReset: false, javascriptEnabled: true, locationContextEnabled: false, networkConnectionEnabled: true, newCommandTimeout: 1800, noReset: true, pixelRatio: 2.75, platform: ANDROID, platformName: Android, platformVersion: 11, statBarHeight: 103, systemPort: 52876, takesScreenshot: true, udid: 002b9cc60508, viewportRect: {height: 2064, left: 0, top: 103, width: 1080}, warnings: {}, webStorageEnabled: false}
Session ID: 07e0a906-f567-4646-abfd-84c6cc800d18
	at org.openqa.selenium.remote.http.W3CHttpResponseCodec.createException(W3CHttpResponseCodec.java:187)
	at org.openqa.selenium.remote.http.W3CHttpResponseCodec.decode(W3CHttpResponseCodec.java:122)
	at org.openqa.selenium.remote.http.W3CHttpResponseCodec.decode(W3CHttpResponseCodec.java:49)
	at org.openqa.selenium.remote.HttpCommandExecutor.execute(HttpCommandExecutor.java:158)
	at io.appium.java_client.remote.AppiumCommandExecutor.execute(AppiumCommandExecutor.java:239)
	at org.openqa.selenium.remote.RemoteWebDriver.execute(RemoteWebDriver.java:552)
	at io.appium.java_client.DefaultGenericMobileDriver.execute(DefaultGenericMobileDriver.java:46)
	at io.appium.java_client.AppiumDriver.execute(AppiumDriver.java:1)
	at io.appium.java_client.android.AndroidDriver.execute(AndroidDriver.java:1)
	at com.kms.katalon.core.appium.driver.SwipeableAndroidDriver.execute(SwipeableAndroidDriver.java:1)
	at org.openqa.selenium.remote.RemoteWebDriver$RemoteWebDriverOptions$RemoteWindow.getSize(RemoteWebDriver.java:813)
	at org.openqa.selenium.WebDriver$Window$getSize.call(Unknown Source)
	at com.kms.katalon.core.mobile.keyword.internal.MobileAbstractKeyword.findElement(MobileAbstractKeyword.groovy:81)
	at com.kms.katalon.core.mobile.keyword.builtin.VerifyElementTextKeyword.access$1(VerifyElementTextKeyword.groovy)
	at com.kms.katalon.core.mobile.keyword.builtin.VerifyElementTextKeyword$_verifyElementText_closure1.doCall(VerifyElementTextKeyword.groovy:47)
	at com.kms.katalon.core.mobile.keyword.builtin.VerifyElementTextKeyword$_verifyElementText_closure1.call(VerifyElementTextKeyword.groovy)
	at com.kms.katalon.core.mobile.keyword.internal.MobileKeywordMain.runKeyword(MobileKeywordMain.groovy:21)
	at com.kms.katalon.core.mobile.keyword.builtin.VerifyElementTextKeyword.verifyElementText(VerifyElementTextKeyword.groovy:62)
	at com.kms.katalon.core.mobile.keyword.builtin.VerifyElementTextKeyword.execute(VerifyElementTextKeyword.groovy:39)
	at com.kms.katalon.core.keyword.internal.KeywordExecutor.executeKeywordForPlatform(KeywordExecutor.groovy:74)
	at com.kms.katalon.core.mobile.keyword.MobileBuiltInKeywords.verifyElementText(MobileBuiltInKeywords.groovy:2901)
	at com.kms.katalon.core.mobile.keyword.MobileBuiltInKeywords$verifyElementText$9.call(Unknown Source)
	at duitNow_businessRegNumberTransaction.run(duitNow_businessRegNumberTransaction:176)
	at com.kms.katalon.core.main.ScriptEngine.run(ScriptEngine.java:194)
	at com.kms.katalon.core.main.ScriptEngine.runScriptAsRawText(ScriptEngine.java:119)
	at com.kms.katalon.core.main.TestCaseExecutor.runScript(TestCaseExecutor.java:445)
	at com.kms.katalon.core.main.TestCaseExecutor.doExecute(TestCaseExecutor.java:436)
	at com.kms.katalon.core.main.TestCaseExecutor.processExecutionPhase(TestCaseExecutor.java:415)
	at com.kms.katalon.core.main.TestCaseExecutor.accessMainPhase(TestCaseExecutor.java:407)
	at com.kms.katalon.core.main.TestCaseExecutor.execute(TestCaseExecutor.java:284)
	at com.kms.katalon.core.common.CommonExecutor.accessTestCaseMainPhase(CommonExecutor.java:65)
	at com.kms.katalon.core.main.TestSuiteExecutor.accessTestSuiteMainPhase(TestSuiteExecutor.java:144)
	at com.kms.katalon.core.main.TestSuiteExecutor.execute(TestSuiteExecutor.java:106)
	at com.kms.katalon.core.main.TestCaseMain.startTestSuite(TestCaseMain.java:185)
	at com.kms.katalon.core.main.TestCaseMain$startTestSuite$0.call(Unknown Source)
	at TempTestSuite1655885093224.run(TempTestSuite1655885093224.groovy:36)
)

2022-06-22 16:48:14 - [MESSAGE][FAILED] - Verify element text of test object 'Object Repository/Duit Now/duitNowConfirmationReceipientProxyNumTxt' FAILED. (Root cause: org.openqa.selenium.WebDriverException: An unknown server-side error occurred while processing the command. Original error: 'GET /window/current/size' cannot be proxied to UiAutomator2 server because the instrumentation process is not running (probably crashed). Check the server log and/or the logcat output for more details
Build info: version: '3.141.59', revision: 'e82be7d358', time: '2018-11-14T08:25:53'
System info: host: '00139272s-MacBook-Pro.local', ip: '2001:e68:6167:d901:5dd8:2a3:885f:7e34%en0', os.name: 'Mac OS X', os.arch: 'x86_64', os.version: '10.16', java.version: '1.8.0_275'
Driver info: com.kms.katalon.core.appium.driver.SwipeableAndroidDriver
Capabilities {app: /Users/a00139272/Katalon St..., appActivity: com.maybank2u.life.MainActi..., appPackage: com.maybank2u.life.sit, appWaitActivity: *, autoGrantPermissions: true, automationName: uiautomator2, chromedriverPort: 52878, databaseEnabled: false, desired: {app: /Users/a00139272/Katalon St..., appActivity: com.maybank2u.life.MainActi..., appPackage: com.maybank2u.life.sit, appWaitActivity: *, autoGrantPermissions: true, automationName: uiautomator2, chromedriverPort: 52878, deviceId: 002b9cc60508, deviceName: Xiaomi 21061119AG (Android 11), fullReset: false, newCommandTimeout: 1800, noReset: true, platform: ANDROID, platformName: android, platformVersion: 11, systemPort: 52876, udid: 002b9cc60508}, deviceApiLevel: 30, deviceId: 002b9cc60508, deviceManufacturer: Xiaomi, deviceModel: 21061119AG, deviceName: 002b9cc60508, deviceScreenDensity: 440, deviceScreenSize: 1080x2400, deviceUDID: 002b9cc60508, fullReset: false, javascriptEnabled: true, locationContextEnabled: false, networkConnectionEnabled: true, newCommandTimeout: 1800, noReset: true, pixelRatio: 2.75, platform: ANDROID, platformName: Android, platformVersion: 11, statBarHeight: 103, systemPort: 52876, takesScreenshot: true, udid: 002b9cc60508, viewportRect: {height: 2064, left: 0, top: 103, width: 1080}, warnings: {}, webStorageEnabled: false}
Session ID: 07e0a906-f567-4646-abfd-84c6cc800d18
	at org.openqa.selenium.remote.http.W3CHttpResponseCodec.createException(W3CHttpResponseCodec.java:187)
	at org.openqa.selenium.remote.http.W3CHttpResponseCodec.decode(W3CHttpResponseCodec.java:122)
	at org.openqa.selenium.remote.http.W3CHttpResponseCodec.decode(W3CHttpResponseCodec.java:49)
	at org.openqa.selenium.remote.HttpCommandExecutor.execute(HttpCommandExecutor.java:158)
	at io.appium.java_client.remote.AppiumCommandExecutor.execute(AppiumCommandExecutor.java:239)
	at org.openqa.selenium.remote.RemoteWebDriver.execute(RemoteWebDriver.java:552)
	at io.appium.java_client.DefaultGenericMobileDriver.execute(DefaultGenericMobileDriver.java:46)
	at io.appium.java_client.AppiumDriver.execute(AppiumDriver.java:1)
	at io.appium.java_client.android.AndroidDriver.execute(AndroidDriver.java:1)
	at com.kms.katalon.core.appium.driver.SwipeableAndroidDriver.execute(SwipeableAndroidDriver.java:1)
	at org.openqa.selenium.remote.RemoteWebDriver$RemoteWebDriverOptions$RemoteWindow.getSize(RemoteWebDriver.java:813)
	at org.openqa.selenium.WebDriver$Window$getSize.call(Unknown Source)
	at com.kms.katalon.core.mobile.keyword.internal.MobileAbstractKeyword.findElement(MobileAbstractKeyword.groovy:81)
	at com.kms.katalon.core.mobile.keyword.builtin.VerifyElementTextKeyword.access$1(VerifyElementTextKeyword.groovy)
	at com.kms.katalon.core.mobile.keyword.builtin.VerifyElementTextKeyword$_verifyElementText_closure1.doCall(VerifyElementTextKeyword.groovy:47)
	at com.kms.katalon.core.mobile.keyword.builtin.VerifyElementTextKeyword$_verifyElementText_closure1.call(VerifyElementTextKeyword.groovy)
	at com.kms.katalon.core.mobile.keyword.internal.MobileKeywordMain.runKeyword(MobileKeywordMain.groovy:21)
	at com.kms.katalon.core.mobile.keyword.builtin.VerifyElementTextKeyword.verifyElementText(VerifyElementTextKeyword.groovy:62)
	at com.kms.katalon.core.mobile.keyword.builtin.VerifyElementTextKeyword.execute(VerifyElementTextKeyword.groovy:39)
	at com.kms.katalon.core.keyword.internal.KeywordExecutor.executeKeywordForPlatform(KeywordExecutor.groovy:74)
	at com.kms.katalon.core.mobile.keyword.MobileBuiltInKeywords.verifyElementText(MobileBuiltInKeywords.groovy:2901)
	at com.kms.katalon.core.mobile.keyword.MobileBuiltInKeywords$verifyElementText$9.call(Unknown Source)
	at duitNow_businessRegNumberTransaction.run(duitNow_businessRegNumberTransaction:176)
	at com.kms.katalon.core.main.ScriptEngine.run(ScriptEngine.java:194)
	at com.kms.katalon.core.main.ScriptEngine.runScriptAsRawText(ScriptEngine.java:119)
	at com.kms.katalon.core.main.TestCaseExecutor.runScript(TestCaseExecutor.java:445)
	at com.kms.katalon.core.main.TestCaseExecutor.doExecute(TestCaseExecutor.java:436)
	at com.kms.katalon.core.main.TestCaseExecutor.processExecutionPhase(TestCaseExecutor.java:415)
	at com.kms.katalon.core.main.TestCaseExecutor.accessMainPhase(TestCaseExecutor.java:407)
	at com.kms.katalon.core.main.TestCaseExecutor.execute(TestCaseExecutor.java:284)
	at com.kms.katalon.core.common.CommonExecutor.accessTestCaseMainPhase(CommonExecutor.java:65)
	at com.kms.katalon.core.main.TestSuiteExecutor.accessTestSuiteMainPhase(TestSuiteExecutor.java:144)
	at com.kms.katalon.core.main.TestSuiteExecutor.execute(TestSuiteExecutor.java:106)
	at com.kms.katalon.core.main.TestCaseMain.startTestSuite(TestCaseMain.java:185)
	at com.kms.katalon.core.main.TestCaseMain$startTestSuite$0.call(Unknown Source)
	at TempTestSuite1655885093224.run(TempTestSuite1655885093224.groovy:36)
)

2022-06-22 16:48:14 - [TEST_STEP][FAILED] - verifyElementText(findTestObject("Duit Now/duitNowConfirmationAmountTxt", ["amount":"RM 0.04"]), "RM 0.04"): Verify element text of test object 'Object Repository/Duit Now/duitNowConfirmationAmountTxt' FAILED. (Root cause: org.openqa.selenium.WebDriverException: An unknown server-side error occurred while processing the command. Original error: 'GET /window/current/size' cannot be proxied to UiAutomator2 server because the instrumentation process is not running (probably crashed). Check the server log and/or the logcat output for more details
Build info: version: '3.141.59', revision: 'e82be7d358', time: '2018-11-14T08:25:53'
System info: host: '00139272s-MacBook-Pro.local', ip: '2001:e68:6167:d901:5dd8:2a3:885f:7e34%en0', os.name: 'Mac OS X', os.arch: 'x86_64', os.version: '10.16', java.version: '1.8.0_275'
Driver info: com.kms.katalon.core.appium.driver.SwipeableAndroidDriver
Capabilities {app: /Users/a00139272/Katalon St..., appActivity: com.maybank2u.life.MainActi..., appPackage: com.maybank2u.life.sit, appWaitActivity: *, autoGrantPermissions: true, automationName: uiautomator2, chromedriverPort: 52878, databaseEnabled: false, desired: {app: /Users/a00139272/Katalon St..., appActivity: com.maybank2u.life.MainActi..., appPackage: com.maybank2u.life.sit, appWaitActivity: *, autoGrantPermissions: true, automationName: uiautomator2, chromedriverPort: 52878, deviceId: 002b9cc60508, deviceName: Xiaomi 21061119AG (Android 11), fullReset: false, newCommandTimeout: 1800, noReset: true, platform: ANDROID, platformName: android, platformVersion: 11, systemPort: 52876, udid: 002b9cc60508}, deviceApiLevel: 30, deviceId: 002b9cc60508, deviceManufacturer: Xiaomi, deviceModel: 21061119AG, deviceName: 002b9cc60508, deviceScreenDensity: 440, deviceScreenSize: 1080x2400, deviceUDID: 002b9cc60508, fullReset: false, javascriptEnabled: true, locationContextEnabled: false, networkConnectionEnabled: true, newCommandTimeout: 1800, noReset: true, pixelRatio: 2.75, platform: ANDROID, platformName: Android, platformVersion: 11, statBarHeight: 103, systemPort: 52876, takesScreenshot: true, udid: 002b9cc60508, viewportRect: {height: 2064, left: 0, top: 103, width: 1080}, warnings: {}, webStorageEnabled: false}
Session ID: 07e0a906-f567-4646-abfd-84c6cc800d18
	at org.openqa.selenium.remote.http.W3CHttpResponseCodec.createException(W3CHttpResponseCodec.java:187)
	at org.openqa.selenium.remote.http.W3CHttpResponseCodec.decode(W3CHttpResponseCodec.java:122)
	at org.openqa.selenium.remote.http.W3CHttpResponseCodec.decode(W3CHttpResponseCodec.java:49)
	at org.openqa.selenium.remote.HttpCommandExecutor.execute(HttpCommandExecutor.java:158)
	at io.appium.java_client.remote.AppiumCommandExecutor.execute(AppiumCommandExecutor.java:239)
	at org.openqa.selenium.remote.RemoteWebDriver.execute(RemoteWebDriver.java:552)
	at io.appium.java_client.DefaultGenericMobileDriver.execute(DefaultGenericMobileDriver.java:46)
	at io.appium.java_client.AppiumDriver.execute(AppiumDriver.java:1)
	at io.appium.java_client.android.AndroidDriver.execute(AndroidDriver.java:1)
	at com.kms.katalon.core.appium.driver.SwipeableAndroidDriver.execute(SwipeableAndroidDriver.java:1)
	at org.openqa.selenium.remote.RemoteWebDriver$RemoteWebDriverOptions$RemoteWindow.getSize(RemoteWebDriver.java:813)
	at org.openqa.selenium.WebDriver$Window$getSize.call(Unknown Source)
	at com.kms.katalon.core.mobile.keyword.internal.MobileAbstractKeyword.findElement(MobileAbstractKeyword.groovy:81)
	at com.kms.katalon.core.mobile.keyword.builtin.VerifyElementTextKeyword.access$1(VerifyElementTextKeyword.groovy)
	at com.kms.katalon.core.mobile.keyword.builtin.VerifyElementTextKeyword$_verifyElementText_closure1.doCall(VerifyElementTextKeyword.groovy:47)
	at com.kms.katalon.core.mobile.keyword.builtin.VerifyElementTextKeyword$_verifyElementText_closure1.call(VerifyElementTextKeyword.groovy)
	at com.kms.katalon.core.mobile.keyword.internal.MobileKeywordMain.runKeyword(MobileKeywordMain.groovy:21)
	at com.kms.katalon.core.mobile.keyword.builtin.VerifyElementTextKeyword.verifyElementText(VerifyElementTextKeyword.groovy:62)
	at com.kms.katalon.core.mobile.keyword.builtin.VerifyElementTextKeyword.execute(VerifyElementTextKeyword.groovy:39)
	at com.kms.katalon.core.keyword.internal.KeywordExecutor.executeKeywordForPlatform(KeywordExecutor.groovy:74)
	at com.kms.katalon.core.mobile.keyword.MobileBuiltInKeywords.verifyElementText(MobileBuiltInKeywords.groovy:2901)
	at com.kms.katalon.core.mobile.keyword.MobileBuiltInKeywords$verifyElementText$9.call(Unknown Source)
	at duitNow_businessRegNumberTransaction.run(duitNow_businessRegNumberTransaction:179)
	at com.kms.katalon.core.main.ScriptEngine.run(ScriptEngine.java:194)
	at com.kms.katalon.core.main.ScriptEngine.runScriptAsRawText(ScriptEngine.java:119)
	at com.kms.katalon.core.main.TestCaseExecutor.runScript(TestCaseExecutor.java:445)
	at com.kms.katalon.core.main.TestCaseExecutor.doExecute(TestCaseExecutor.java:436)
	at com.kms.katalon.core.main.TestCaseExecutor.processExecutionPhase(TestCaseExecutor.java:415)
	at com.kms.katalon.core.main.TestCaseExecutor.accessMainPhase(TestCaseExecutor.java:407)
	at com.kms.katalon.core.main.TestCaseExecutor.execute(TestCaseExecutor.java:284)
	at com.kms.katalon.core.common.CommonExecutor.accessTestCaseMainPhase(CommonExecutor.java:65)
	at com.kms.katalon.core.main.TestSuiteExecutor.accessTestSuiteMainPhase(TestSuiteExecutor.java:144)
	at com.kms.katalon.core.main.TestSuiteExecutor.execute(TestSuiteExecutor.java:106)
	at com.kms.katalon.core.main.TestCaseMain.startTestSuite(TestCaseMain.java:185)
	at com.kms.katalon.core.main.TestCaseMain$startTestSuite$0.call(Unknown Source)
	at TempTestSuite1655885093224.run(TempTestSuite1655885093224.groovy:36)
)

2022-06-22 16:48:14 - [MESSAGE][FAILED] - Verify element text of test object 'Object Repository/Duit Now/duitNowConfirmationAmountTxt' FAILED. (Root cause: org.openqa.selenium.WebDriverException: An unknown server-side error occurred while processing the command. Original error: 'GET /window/current/size' cannot be proxied to UiAutomator2 server because the instrumentation process is not running (probably crashed). Check the server log and/or the logcat output for more details
Build info: version: '3.141.59', revision: 'e82be7d358', time: '2018-11-14T08:25:53'
System info: host: '00139272s-MacBook-Pro.local', ip: '2001:e68:6167:d901:5dd8:2a3:885f:7e34%en0', os.name: 'Mac OS X', os.arch: 'x86_64', os.version: '10.16', java.version: '1.8.0_275'
Driver info: com.kms.katalon.core.appium.driver.SwipeableAndroidDriver
Capabilities {app: /Users/a00139272/Katalon St..., appActivity: com.maybank2u.life.MainActi..., appPackage: com.maybank2u.life.sit, appWaitActivity: *, autoGrantPermissions: true, automationName: uiautomator2, chromedriverPort: 52878, databaseEnabled: false, desired: {app: /Users/a00139272/Katalon St..., appActivity: com.maybank2u.life.MainActi..., appPackage: com.maybank2u.life.sit, appWaitActivity: *, autoGrantPermissions: true, automationName: uiautomator2, chromedriverPort: 52878, deviceId: 002b9cc60508, deviceName: Xiaomi 21061119AG (Android 11), fullReset: false, newCommandTimeout: 1800, noReset: true, platform: ANDROID, platformName: android, platformVersion: 11, systemPort: 52876, udid: 002b9cc60508}, deviceApiLevel: 30, deviceId: 002b9cc60508, deviceManufacturer: Xiaomi, deviceModel: 21061119AG, deviceName: 002b9cc60508, deviceScreenDensity: 440, deviceScreenSize: 1080x2400, deviceUDID: 002b9cc60508, fullReset: false, javascriptEnabled: true, locationContextEnabled: false, networkConnectionEnabled: true, newCommandTimeout: 1800, noReset: true, pixelRatio: 2.75, platform: ANDROID, platformName: Android, platformVersion: 11, statBarHeight: 103, systemPort: 52876, takesScreenshot: true, udid: 002b9cc60508, viewportRect: {height: 2064, left: 0, top: 103, width: 1080}, warnings: {}, webStorageEnabled: false}
Session ID: 07e0a906-f567-4646-abfd-84c6cc800d18
	at org.openqa.selenium.remote.http.W3CHttpResponseCodec.createException(W3CHttpResponseCodec.java:187)
	at org.openqa.selenium.remote.http.W3CHttpResponseCodec.decode(W3CHttpResponseCodec.java:122)
	at org.openqa.selenium.remote.http.W3CHttpResponseCodec.decode(W3CHttpResponseCodec.java:49)
	at org.openqa.selenium.remote.HttpCommandExecutor.execute(HttpCommandExecutor.java:158)
	at io.appium.java_client.remote.AppiumCommandExecutor.execute(AppiumCommandExecutor.java:239)
	at org.openqa.selenium.remote.RemoteWebDriver.execute(RemoteWebDriver.java:552)
	at io.appium.java_client.DefaultGenericMobileDriver.execute(DefaultGenericMobileDriver.java:46)
	at io.appium.java_client.AppiumDriver.execute(AppiumDriver.java:1)
	at io.appium.java_client.android.AndroidDriver.execute(AndroidDriver.java:1)
	at com.kms.katalon.core.appium.driver.SwipeableAndroidDriver.execute(SwipeableAndroidDriver.java:1)
	at org.openqa.selenium.remote.RemoteWebDriver$RemoteWebDriverOptions$RemoteWindow.getSize(RemoteWebDriver.java:813)
	at org.openqa.selenium.WebDriver$Window$getSize.call(Unknown Source)
	at com.kms.katalon.core.mobile.keyword.internal.MobileAbstractKeyword.findElement(MobileAbstractKeyword.groovy:81)
	at com.kms.katalon.core.mobile.keyword.builtin.VerifyElementTextKeyword.access$1(VerifyElementTextKeyword.groovy)
	at com.kms.katalon.core.mobile.keyword.builtin.VerifyElementTextKeyword$_verifyElementText_closure1.doCall(VerifyElementTextKeyword.groovy:47)
	at com.kms.katalon.core.mobile.keyword.builtin.VerifyElementTextKeyword$_verifyElementText_closure1.call(VerifyElementTextKeyword.groovy)
	at com.kms.katalon.core.mobile.keyword.internal.MobileKeywordMain.runKeyword(MobileKeywordMain.groovy:21)
	at com.kms.katalon.core.mobile.keyword.builtin.VerifyElementTextKeyword.verifyElementText(VerifyElementTextKeyword.groovy:62)
	at com.kms.katalon.core.mobile.keyword.builtin.VerifyElementTextKeyword.execute(VerifyElementTextKeyword.groovy:39)
	at com.kms.katalon.core.keyword.internal.KeywordExecutor.executeKeywordForPlatform(KeywordExecutor.groovy:74)
	at com.kms.katalon.core.mobile.keyword.MobileBuiltInKeywords.verifyElementText(MobileBuiltInKeywords.groovy:2901)
	at com.kms.katalon.core.mobile.keyword.MobileBuiltInKeywords$verifyElementText$9.call(Unknown Source)
	at duitNow_businessRegNumberTransaction.run(duitNow_businessRegNumberTransaction:179)
	at com.kms.katalon.core.main.ScriptEngine.run(ScriptEngine.java:194)
	at com.kms.katalon.core.main.ScriptEngine.runScriptAsRawText(ScriptEngine.java:119)
	at com.kms.katalon.core.main.TestCaseExecutor.runScript(TestCaseExecutor.java:445)
	at com.kms.katalon.core.main.TestCaseExecutor.doExecute(TestCaseExecutor.java:436)
	at com.kms.katalon.core.main.TestCaseExecutor.processExecutionPhase(TestCaseExecutor.java:415)
	at com.kms.katalon.core.main.TestCaseExecutor.accessMainPhase(TestCaseExecutor.java:407)
	at com.kms.katalon.core.main.TestCaseExecutor.execute(TestCaseExecutor.java:284)
	at com.kms.katalon.core.common.CommonExecutor.accessTestCaseMainPhase(CommonExecutor.java:65)
	at com.kms.katalon.core.main.TestSuiteExecutor.accessTestSuiteMainPhase(TestSuiteExecutor.java:144)
	at com.kms.katalon.core.main.TestSuiteExecutor.execute(TestSuiteExecutor.java:106)
	at com.kms.katalon.core.main.TestCaseMain.startTestSuite(TestCaseMain.java:185)
	at com.kms.katalon.core.main.TestCaseMain$startTestSuite$0.call(Unknown Source)
	at TempTestSuite1655885093224.run(TempTestSuite1655885093224.groovy:36)
)

2022-06-22 16:48:14 - [TEST_STEP][FAILED] - verifyElementExist(findTestObject("Duit Now/duitNowConfirmationDateTitleTxt"), 0): Failed to check for element 'Object Repository/Duit Now/duitNowConfirmationDateTitleTxt' exist (Root cause: org.openqa.selenium.WebDriverException: An unknown server-side error occurred while processing the command. Original error: 'GET /window/current/size' cannot be proxied to UiAutomator2 server because the instrumentation process is not running (probably crashed). Check the server log and/or the logcat output for more details
Build info: version: '3.141.59', revision: 'e82be7d358', time: '2018-11-14T08:25:53'
System info: host: '00139272s-MacBook-Pro.local', ip: '2001:e68:6167:d901:5dd8:2a3:885f:7e34%en0', os.name: 'Mac OS X', os.arch: 'x86_64', os.version: '10.16', java.version: '1.8.0_275'
Driver info: com.kms.katalon.core.appium.driver.SwipeableAndroidDriver
Capabilities {app: /Users/a00139272/Katalon St..., appActivity: com.maybank2u.life.MainActi..., appPackage: com.maybank2u.life.sit, appWaitActivity: *, autoGrantPermissions: true, automationName: uiautomator2, chromedriverPort: 52878, databaseEnabled: false, desired: {app: /Users/a00139272/Katalon St..., appActivity: com.maybank2u.life.MainActi..., appPackage: com.maybank2u.life.sit, appWaitActivity: *, autoGrantPermissions: true, automationName: uiautomator2, chromedriverPort: 52878, deviceId: 002b9cc60508, deviceName: Xiaomi 21061119AG (Android 11), fullReset: false, newCommandTimeout: 1800, noReset: true, platform: ANDROID, platformName: android, platformVersion: 11, systemPort: 52876, udid: 002b9cc60508}, deviceApiLevel: 30, deviceId: 002b9cc60508, deviceManufacturer: Xiaomi, deviceModel: 21061119AG, deviceName: 002b9cc60508, deviceScreenDensity: 440, deviceScreenSize: 1080x2400, deviceUDID: 002b9cc60508, fullReset: false, javascriptEnabled: true, locationContextEnabled: false, networkConnectionEnabled: true, newCommandTimeout: 1800, noReset: true, pixelRatio: 2.75, platform: ANDROID, platformName: Android, platformVersion: 11, statBarHeight: 103, systemPort: 52876, takesScreenshot: true, udid: 002b9cc60508, viewportRect: {height: 2064, left: 0, top: 103, width: 1080}, warnings: {}, webStorageEnabled: false}
Session ID: 07e0a906-f567-4646-abfd-84c6cc800d18
	at org.openqa.selenium.remote.http.W3CHttpResponseCodec.createException(W3CHttpResponseCodec.java:187)
	at org.openqa.selenium.remote.http.W3CHttpResponseCodec.decode(W3CHttpResponseCodec.java:122)
	at org.openqa.selenium.remote.http.W3CHttpResponseCodec.decode(W3CHttpResponseCodec.java:49)
	at org.openqa.selenium.remote.HttpCommandExecutor.execute(HttpCommandExecutor.java:158)
	at io.appium.java_client.remote.AppiumCommandExecutor.execute(AppiumCommandExecutor.java:239)
	at org.openqa.selenium.remote.RemoteWebDriver.execute(RemoteWebDriver.java:552)
	at io.appium.java_client.DefaultGenericMobileDriver.execute(DefaultGenericMobileDriver.java:46)
	at io.appium.java_client.AppiumDriver.execute(AppiumDriver.java:1)
	at io.appium.java_client.android.AndroidDriver.execute(AndroidDriver.java:1)
	at com.kms.katalon.core.appium.driver.SwipeableAndroidDriver.execute(SwipeableAndroidDriver.java:1)
	at org.openqa.selenium.remote.RemoteWebDriver$RemoteWebDriverOptions$RemoteWindow.getSize(RemoteWebDriver.java:813)
	at org.openqa.selenium.WebDriver$Window$getSize.call(Unknown Source)
	at com.kms.katalon.core.mobile.keyword.internal.MobileAbstractKeyword.findElement(MobileAbstractKeyword.groovy:81)
	at com.kms.katalon.core.mobile.keyword.builtin.VerifyElementExistKeyword.access$1(VerifyElementExistKeyword.groovy)
	at com.kms.katalon.core.mobile.keyword.builtin.VerifyElementExistKeyword$_verifyElementExist_closure1.doCall(VerifyElementExistKeyword.groovy:72)
	at com.kms.katalon.core.mobile.keyword.builtin.VerifyElementExistKeyword$_verifyElementExist_closure1.call(VerifyElementExistKeyword.groovy)
	at com.kms.katalon.core.mobile.keyword.internal.MobileKeywordMain.runKeyword(MobileKeywordMain.groovy:21)
	at com.kms.katalon.core.mobile.keyword.builtin.VerifyElementExistKeyword.verifyElementExist(VerifyElementExistKeyword.groovy:80)
	at com.kms.katalon.core.mobile.keyword.builtin.VerifyElementExistKeyword.execute(VerifyElementExistKeyword.groovy:64)
	at com.kms.katalon.core.keyword.internal.KeywordExecutor.executeKeywordForPlatform(KeywordExecutor.groovy:74)
	at com.kms.katalon.core.mobile.keyword.MobileBuiltInKeywords.verifyElementExist(MobileBuiltInKeywords.groovy:1755)
	at com.kms.katalon.core.mobile.keyword.MobileBuiltInKeywords$verifyElementExist$8.call(Unknown Source)
	at duitNow_businessRegNumberTransaction.run(duitNow_businessRegNumberTransaction:181)
	at com.kms.katalon.core.main.ScriptEngine.run(ScriptEngine.java:194)
	at com.kms.katalon.core.main.ScriptEngine.runScriptAsRawText(ScriptEngine.java:119)
	at com.kms.katalon.core.main.TestCaseExecutor.runScript(TestCaseExecutor.java:445)
	at com.kms.katalon.core.main.TestCaseExecutor.doExecute(TestCaseExecutor.java:436)
	at com.kms.katalon.core.main.TestCaseExecutor.processExecutionPhase(TestCaseExecutor.java:415)
	at com.kms.katalon.core.main.TestCaseExecutor.accessMainPhase(TestCaseExecutor.java:407)
	at com.kms.katalon.core.main.TestCaseExecutor.execute(TestCaseExecutor.java:284)
	at com.kms.katalon.core.common.CommonExecutor.accessTestCaseMainPhase(CommonExecutor.java:65)
	at com.kms.katalon.core.main.TestSuiteExecutor.accessTestSuiteMainPhase(TestSuiteExecutor.java:144)
	at com.kms.katalon.core.main.TestSuiteExecutor.execute(TestSuiteExecutor.java:106)
	at com.kms.katalon.core.main.TestCaseMain.startTestSuite(TestCaseMain.java:185)
	at com.kms.katalon.core.main.TestCaseMain$startTestSuite$0.call(Unknown Source)
	at TempTestSuite1655885093224.run(TempTestSuite1655885093224.groovy:36)
)

2022-06-22 16:48:14 - [MESSAGE][WARNING] - Timeout '0' is invalid. Using default page load timeout: '40'

2022-06-22 16:48:14 - [MESSAGE][FAILED] - Failed to check for element 'Object Repository/Duit Now/duitNowConfirmationDateTitleTxt' exist (Root cause: org.openqa.selenium.WebDriverException: An unknown server-side error occurred while processing the command. Original error: 'GET /window/current/size' cannot be proxied to UiAutomator2 server because the instrumentation process is not running (probably crashed). Check the server log and/or the logcat output for more details
Build info: version: '3.141.59', revision: 'e82be7d358', time: '2018-11-14T08:25:53'
System info: host: '00139272s-MacBook-Pro.local', ip: '2001:e68:6167:d901:5dd8:2a3:885f:7e34%en0', os.name: 'Mac OS X', os.arch: 'x86_64', os.version: '10.16', java.version: '1.8.0_275'
Driver info: com.kms.katalon.core.appium.driver.SwipeableAndroidDriver
Capabilities {app: /Users/a00139272/Katalon St..., appActivity: com.maybank2u.life.MainActi..., appPackage: com.maybank2u.life.sit, appWaitActivity: *, autoGrantPermissions: true, automationName: uiautomator2, chromedriverPort: 52878, databaseEnabled: false, desired: {app: /Users/a00139272/Katalon St..., appActivity: com.maybank2u.life.MainActi..., appPackage: com.maybank2u.life.sit, appWaitActivity: *, autoGrantPermissions: true, automationName: uiautomator2, chromedriverPort: 52878, deviceId: 002b9cc60508, deviceName: Xiaomi 21061119AG (Android 11), fullReset: false, newCommandTimeout: 1800, noReset: true, platform: ANDROID, platformName: android, platformVersion: 11, systemPort: 52876, udid: 002b9cc60508}, deviceApiLevel: 30, deviceId: 002b9cc60508, deviceManufacturer: Xiaomi, deviceModel: 21061119AG, deviceName: 002b9cc60508, deviceScreenDensity: 440, deviceScreenSize: 1080x2400, deviceUDID: 002b9cc60508, fullReset: false, javascriptEnabled: true, locationContextEnabled: false, networkConnectionEnabled: true, newCommandTimeout: 1800, noReset: true, pixelRatio: 2.75, platform: ANDROID, platformName: Android, platformVersion: 11, statBarHeight: 103, systemPort: 52876, takesScreenshot: true, udid: 002b9cc60508, viewportRect: {height: 2064, left: 0, top: 103, width: 1080}, warnings: {}, webStorageEnabled: false}
Session ID: 07e0a906-f567-4646-abfd-84c6cc800d18
	at org.openqa.selenium.remote.http.W3CHttpResponseCodec.createException(W3CHttpResponseCodec.java:187)
	at org.openqa.selenium.remote.http.W3CHttpResponseCodec.decode(W3CHttpResponseCodec.java:122)
	at org.openqa.selenium.remote.http.W3CHttpResponseCodec.decode(W3CHttpResponseCodec.java:49)
	at org.openqa.selenium.remote.HttpCommandExecutor.execute(HttpCommandExecutor.java:158)
	at io.appium.java_client.remote.AppiumCommandExecutor.execute(AppiumCommandExecutor.java:239)
	at org.openqa.selenium.remote.RemoteWebDriver.execute(RemoteWebDriver.java:552)
	at io.appium.java_client.DefaultGenericMobileDriver.execute(DefaultGenericMobileDriver.java:46)
	at io.appium.java_client.AppiumDriver.execute(AppiumDriver.java:1)
	at io.appium.java_client.android.AndroidDriver.execute(AndroidDriver.java:1)
	at com.kms.katalon.core.appium.driver.SwipeableAndroidDriver.execute(SwipeableAndroidDriver.java:1)
	at org.openqa.selenium.remote.RemoteWebDriver$RemoteWebDriverOptions$RemoteWindow.getSize(RemoteWebDriver.java:813)
	at org.openqa.selenium.WebDriver$Window$getSize.call(Unknown Source)
	at com.kms.katalon.core.mobile.keyword.internal.MobileAbstractKeyword.findElement(MobileAbstractKeyword.groovy:81)
	at com.kms.katalon.core.mobile.keyword.builtin.VerifyElementExistKeyword.access$1(VerifyElementExistKeyword.groovy)
	at com.kms.katalon.core.mobile.keyword.builtin.VerifyElementExistKeyword$_verifyElementExist_closure1.doCall(VerifyElementExistKeyword.groovy:72)
	at com.kms.katalon.core.mobile.keyword.builtin.VerifyElementExistKeyword$_verifyElementExist_closure1.call(VerifyElementExistKeyword.groovy)
	at com.kms.katalon.core.mobile.keyword.internal.MobileKeywordMain.runKeyword(MobileKeywordMain.groovy:21)
	at com.kms.katalon.core.mobile.keyword.builtin.VerifyElementExistKeyword.verifyElementExist(VerifyElementExistKeyword.groovy:80)
	at com.kms.katalon.core.mobile.keyword.builtin.VerifyElementExistKeyword.execute(VerifyElementExistKeyword.groovy:64)
	at com.kms.katalon.core.keyword.internal.KeywordExecutor.executeKeywordForPlatform(KeywordExecutor.groovy:74)
	at com.kms.katalon.core.mobile.keyword.MobileBuiltInKeywords.verifyElementExist(MobileBuiltInKeywords.groovy:1755)
	at com.kms.katalon.core.mobile.keyword.MobileBuiltInKeywords$verifyElementExist$8.call(Unknown Source)
	at duitNow_businessRegNumberTransaction.run(duitNow_businessRegNumberTransaction:181)
	at com.kms.katalon.core.main.ScriptEngine.run(ScriptEngine.java:194)
	at com.kms.katalon.core.main.ScriptEngine.runScriptAsRawText(ScriptEngine.java:119)
	at com.kms.katalon.core.main.TestCaseExecutor.runScript(TestCaseExecutor.java:445)
	at com.kms.katalon.core.main.TestCaseExecutor.doExecute(TestCaseExecutor.java:436)
	at com.kms.katalon.core.main.TestCaseExecutor.processExecutionPhase(TestCaseExecutor.java:415)
	at com.kms.katalon.core.main.TestCaseExecutor.accessMainPhase(TestCaseExecutor.java:407)
	at com.kms.katalon.core.main.TestCaseExecutor.execute(TestCaseExecutor.java:284)
	at com.kms.katalon.core.common.CommonExecutor.accessTestCaseMainPhase(CommonExecutor.java:65)
	at com.kms.katalon.core.main.TestSuiteExecutor.accessTestSuiteMainPhase(TestSuiteExecutor.java:144)
	at com.kms.katalon.core.main.TestSuiteExecutor.execute(TestSuiteExecutor.java:106)
	at com.kms.katalon.core.main.TestCaseMain.startTestSuite(TestCaseMain.java:185)
	at com.kms.katalon.core.main.TestCaseMain$startTestSuite$0.call(Unknown Source)
	at TempTestSuite1655885093224.run(TempTestSuite1655885093224.groovy:36)
)

2022-06-22 16:48:14 - [TEST_STEP][FAILED] - verifyElementExist(findTestObject("Duit Now/duitNowConfirmationIDTypeTitleTxt"), 0): Failed to check for element 'Object Repository/Duit Now/duitNowConfirmationIDTypeTitleTxt' exist (Root cause: org.openqa.selenium.WebDriverException: An unknown server-side error occurred while processing the command. Original error: 'GET /window/current/size' cannot be proxied to UiAutomator2 server because the instrumentation process is not running (probably crashed). Check the server log and/or the logcat output for more details
Build info: version: '3.141.59', revision: 'e82be7d358', time: '2018-11-14T08:25:53'
System info: host: '00139272s-MacBook-Pro.local', ip: '2001:e68:6167:d901:5dd8:2a3:885f:7e34%en0', os.name: 'Mac OS X', os.arch: 'x86_64', os.version: '10.16', java.version: '1.8.0_275'
Driver info: com.kms.katalon.core.appium.driver.SwipeableAndroidDriver
Capabilities {app: /Users/a00139272/Katalon St..., appActivity: com.maybank2u.life.MainActi..., appPackage: com.maybank2u.life.sit, appWaitActivity: *, autoGrantPermissions: true, automationName: uiautomator2, chromedriverPort: 52878, databaseEnabled: false, desired: {app: /Users/a00139272/Katalon St..., appActivity: com.maybank2u.life.MainActi..., appPackage: com.maybank2u.life.sit, appWaitActivity: *, autoGrantPermissions: true, automationName: uiautomator2, chromedriverPort: 52878, deviceId: 002b9cc60508, deviceName: Xiaomi 21061119AG (Android 11), fullReset: false, newCommandTimeout: 1800, noReset: true, platform: ANDROID, platformName: android, platformVersion: 11, systemPort: 52876, udid: 002b9cc60508}, deviceApiLevel: 30, deviceId: 002b9cc60508, deviceManufacturer: Xiaomi, deviceModel: 21061119AG, deviceName: 002b9cc60508, deviceScreenDensity: 440, deviceScreenSize: 1080x2400, deviceUDID: 002b9cc60508, fullReset: false, javascriptEnabled: true, locationContextEnabled: false, networkConnectionEnabled: true, newCommandTimeout: 1800, noReset: true, pixelRatio: 2.75, platform: ANDROID, platformName: Android, platformVersion: 11, statBarHeight: 103, systemPort: 52876, takesScreenshot: true, udid: 002b9cc60508, viewportRect: {height: 2064, left: 0, top: 103, width: 1080}, warnings: {}, webStorageEnabled: false}
Session ID: 07e0a906-f567-4646-abfd-84c6cc800d18
	at org.openqa.selenium.remote.http.W3CHttpResponseCodec.createException(W3CHttpResponseCodec.java:187)
	at org.openqa.selenium.remote.http.W3CHttpResponseCodec.decode(W3CHttpResponseCodec.java:122)
	at org.openqa.selenium.remote.http.W3CHttpResponseCodec.decode(W3CHttpResponseCodec.java:49)
	at org.openqa.selenium.remote.HttpCommandExecutor.execute(HttpCommandExecutor.java:158)
	at io.appium.java_client.remote.AppiumCommandExecutor.execute(AppiumCommandExecutor.java:239)
	at org.openqa.selenium.remote.RemoteWebDriver.execute(RemoteWebDriver.java:552)
	at io.appium.java_client.DefaultGenericMobileDriver.execute(DefaultGenericMobileDriver.java:46)
	at io.appium.java_client.AppiumDriver.execute(AppiumDriver.java:1)
	at io.appium.java_client.android.AndroidDriver.execute(AndroidDriver.java:1)
	at com.kms.katalon.core.appium.driver.SwipeableAndroidDriver.execute(SwipeableAndroidDriver.java:1)
	at org.openqa.selenium.remote.RemoteWebDriver$RemoteWebDriverOptions$RemoteWindow.getSize(RemoteWebDriver.java:813)
	at org.openqa.selenium.WebDriver$Window$getSize.call(Unknown Source)
	at com.kms.katalon.core.mobile.keyword.internal.MobileAbstractKeyword.findElement(MobileAbstractKeyword.groovy:81)
	at com.kms.katalon.core.mobile.keyword.builtin.VerifyElementExistKeyword.access$1(VerifyElementExistKeyword.groovy)
	at com.kms.katalon.core.mobile.keyword.builtin.VerifyElementExistKeyword$_verifyElementExist_closure1.doCall(VerifyElementExistKeyword.groovy:72)
	at com.kms.katalon.core.mobile.keyword.builtin.VerifyElementExistKeyword$_verifyElementExist_closure1.call(VerifyElementExistKeyword.groovy)
	at com.kms.katalon.core.mobile.keyword.internal.MobileKeywordMain.runKeyword(MobileKeywordMain.groovy:21)
	at com.kms.katalon.core.mobile.keyword.builtin.VerifyElementExistKeyword.verifyElementExist(VerifyElementExistKeyword.groovy:80)
	at com.kms.katalon.core.mobile.keyword.builtin.VerifyElementExistKeyword.execute(VerifyElementExistKeyword.groovy:64)
	at com.kms.katalon.core.keyword.internal.KeywordExecutor.executeKeywordForPlatform(KeywordExecutor.groovy:74)
	at com.kms.katalon.core.mobile.keyword.MobileBuiltInKeywords.verifyElementExist(MobileBuiltInKeywords.groovy:1755)
	at com.kms.katalon.core.mobile.keyword.MobileBuiltInKeywords$verifyElementExist$8.call(Unknown Source)
	at duitNow_businessRegNumberTransaction.run(duitNow_businessRegNumberTransaction:183)
	at com.kms.katalon.core.main.ScriptEngine.run(ScriptEngine.java:194)
	at com.kms.katalon.core.main.ScriptEngine.runScriptAsRawText(ScriptEngine.java:119)
	at com.kms.katalon.core.main.TestCaseExecutor.runScript(TestCaseExecutor.java:445)
	at com.kms.katalon.core.main.TestCaseExecutor.doExecute(TestCaseExecutor.java:436)
	at com.kms.katalon.core.main.TestCaseExecutor.processExecutionPhase(TestCaseExecutor.java:415)
	at com.kms.katalon.core.main.TestCaseExecutor.accessMainPhase(TestCaseExecutor.java:407)
	at com.kms.katalon.core.main.TestCaseExecutor.execute(TestCaseExecutor.java:284)
	at com.kms.katalon.core.common.CommonExecutor.accessTestCaseMainPhase(CommonExecutor.java:65)
	at com.kms.katalon.core.main.TestSuiteExecutor.accessTestSuiteMainPhase(TestSuiteExecutor.java:144)
	at com.kms.katalon.core.main.TestSuiteExecutor.execute(TestSuiteExecutor.java:106)
	at com.kms.katalon.core.main.TestCaseMain.startTestSuite(TestCaseMain.java:185)
	at com.kms.katalon.core.main.TestCaseMain$startTestSuite$0.call(Unknown Source)
	at TempTestSuite1655885093224.run(TempTestSuite1655885093224.groovy:36)
)

2022-06-22 16:48:14 - [MESSAGE][WARNING] - Timeout '0' is invalid. Using default page load timeout: '40'

2022-06-22 16:48:14 - [MESSAGE][FAILED] - Failed to check for element 'Object Repository/Duit Now/duitNowConfirmationIDTypeTitleTxt' exist (Root cause: org.openqa.selenium.WebDriverException: An unknown server-side error occurred while processing the command. Original error: 'GET /window/current/size' cannot be proxied to UiAutomator2 server because the instrumentation process is not running (probably crashed). Check the server log and/or the logcat output for more details
Build info: version: '3.141.59', revision: 'e82be7d358', time: '2018-11-14T08:25:53'
System info: host: '00139272s-MacBook-Pro.local', ip: '2001:e68:6167:d901:5dd8:2a3:885f:7e34%en0', os.name: 'Mac OS X', os.arch: 'x86_64', os.version: '10.16', java.version: '1.8.0_275'
Driver info: com.kms.katalon.core.appium.driver.SwipeableAndroidDriver
Capabilities {app: /Users/a00139272/Katalon St..., appActivity: com.maybank2u.life.MainActi..., appPackage: com.maybank2u.life.sit, appWaitActivity: *, autoGrantPermissions: true, automationName: uiautomator2, chromedriverPort: 52878, databaseEnabled: false, desired: {app: /Users/a00139272/Katalon St..., appActivity: com.maybank2u.life.MainActi..., appPackage: com.maybank2u.life.sit, appWaitActivity: *, autoGrantPermissions: true, automationName: uiautomator2, chromedriverPort: 52878, deviceId: 002b9cc60508, deviceName: Xiaomi 21061119AG (Android 11), fullReset: false, newCommandTimeout: 1800, noReset: true, platform: ANDROID, platformName: android, platformVersion: 11, systemPort: 52876, udid: 002b9cc60508}, deviceApiLevel: 30, deviceId: 002b9cc60508, deviceManufacturer: Xiaomi, deviceModel: 21061119AG, deviceName: 002b9cc60508, deviceScreenDensity: 440, deviceScreenSize: 1080x2400, deviceUDID: 002b9cc60508, fullReset: false, javascriptEnabled: true, locationContextEnabled: false, networkConnectionEnabled: true, newCommandTimeout: 1800, noReset: true, pixelRatio: 2.75, platform: ANDROID, platformName: Android, platformVersion: 11, statBarHeight: 103, systemPort: 52876, takesScreenshot: true, udid: 002b9cc60508, viewportRect: {height: 2064, left: 0, top: 103, width: 1080}, warnings: {}, webStorageEnabled: false}
Session ID: 07e0a906-f567-4646-abfd-84c6cc800d18
	at org.openqa.selenium.remote.http.W3CHttpResponseCodec.createException(W3CHttpResponseCodec.java:187)
	at org.openqa.selenium.remote.http.W3CHttpResponseCodec.decode(W3CHttpResponseCodec.java:122)
	at org.openqa.selenium.remote.http.W3CHttpResponseCodec.decode(W3CHttpResponseCodec.java:49)
	at org.openqa.selenium.remote.HttpCommandExecutor.execute(HttpCommandExecutor.java:158)
	at io.appium.java_client.remote.AppiumCommandExecutor.execute(AppiumCommandExecutor.java:239)
	at org.openqa.selenium.remote.RemoteWebDriver.execute(RemoteWebDriver.java:552)
	at io.appium.java_client.DefaultGenericMobileDriver.execute(DefaultGenericMobileDriver.java:46)
	at io.appium.java_client.AppiumDriver.execute(AppiumDriver.java:1)
	at io.appium.java_client.android.AndroidDriver.execute(AndroidDriver.java:1)
	at com.kms.katalon.core.appium.driver.SwipeableAndroidDriver.execute(SwipeableAndroidDriver.java:1)
	at org.openqa.selenium.remote.RemoteWebDriver$RemoteWebDriverOptions$RemoteWindow.getSize(RemoteWebDriver.java:813)
	at org.openqa.selenium.WebDriver$Window$getSize.call(Unknown Source)
	at com.kms.katalon.core.mobile.keyword.internal.MobileAbstractKeyword.findElement(MobileAbstractKeyword.groovy:81)
	at com.kms.katalon.core.mobile.keyword.builtin.VerifyElementExistKeyword.access$1(VerifyElementExistKeyword.groovy)
	at com.kms.katalon.core.mobile.keyword.builtin.VerifyElementExistKeyword$_verifyElementExist_closure1.doCall(VerifyElementExistKeyword.groovy:72)
	at com.kms.katalon.core.mobile.keyword.builtin.VerifyElementExistKeyword$_verifyElementExist_closure1.call(VerifyElementExistKeyword.groovy)
	at com.kms.katalon.core.mobile.keyword.internal.MobileKeywordMain.runKeyword(MobileKeywordMain.groovy:21)
	at com.kms.katalon.core.mobile.keyword.builtin.VerifyElementExistKeyword.verifyElementExist(VerifyElementExistKeyword.groovy:80)
	at com.kms.katalon.core.mobile.keyword.builtin.VerifyElementExistKeyword.execute(VerifyElementExistKeyword.groovy:64)
	at com.kms.katalon.core.keyword.internal.KeywordExecutor.executeKeywordForPlatform(KeywordExecutor.groovy:74)
	at com.kms.katalon.core.mobile.keyword.MobileBuiltInKeywords.verifyElementExist(MobileBuiltInKeywords.groovy:1755)
	at com.kms.katalon.core.mobile.keyword.MobileBuiltInKeywords$verifyElementExist$8.call(Unknown Source)
	at duitNow_businessRegNumberTransaction.run(duitNow_businessRegNumberTransaction:183)
	at com.kms.katalon.core.main.ScriptEngine.run(ScriptEngine.java:194)
	at com.kms.katalon.core.main.ScriptEngine.runScriptAsRawText(ScriptEngine.java:119)
	at com.kms.katalon.core.main.TestCaseExecutor.runScript(TestCaseExecutor.java:445)
	at com.kms.katalon.core.main.TestCaseExecutor.doExecute(TestCaseExecutor.java:436)
	at com.kms.katalon.core.main.TestCaseExecutor.processExecutionPhase(TestCaseExecutor.java:415)
	at com.kms.katalon.core.main.TestCaseExecutor.accessMainPhase(TestCaseExecutor.java:407)
	at com.kms.katalon.core.main.TestCaseExecutor.execute(TestCaseExecutor.java:284)
	at com.kms.katalon.core.common.CommonExecutor.accessTestCaseMainPhase(CommonExecutor.java:65)
	at com.kms.katalon.core.main.TestSuiteExecutor.accessTestSuiteMainPhase(TestSuiteExecutor.java:144)
	at com.kms.katalon.core.main.TestSuiteExecutor.execute(TestSuiteExecutor.java:106)
	at com.kms.katalon.core.main.TestCaseMain.startTestSuite(TestCaseMain.java:185)
	at com.kms.katalon.core.main.TestCaseMain$startTestSuite$0.call(Unknown Source)
	at TempTestSuite1655885093224.run(TempTestSuite1655885093224.groovy:36)
)

2022-06-22 16:48:14 - [TEST_STEP][FAILED] - verifyElementExist(findTestObject("Duit Now/duitNowConfirmationTransferTypeTitleTxt"), 0): Failed to check for element 'Object Repository/Duit Now/duitNowConfirmationTransferTypeTitleTxt' exist (Root cause: org.openqa.selenium.WebDriverException: An unknown server-side error occurred while processing the command. Original error: 'GET /window/current/size' cannot be proxied to UiAutomator2 server because the instrumentation process is not running (probably crashed). Check the server log and/or the logcat output for more details
Build info: version: '3.141.59', revision: 'e82be7d358', time: '2018-11-14T08:25:53'
System info: host: '00139272s-MacBook-Pro.local', ip: '2001:e68:6167:d901:5dd8:2a3:885f:7e34%en0', os.name: 'Mac OS X', os.arch: 'x86_64', os.version: '10.16', java.version: '1.8.0_275'
Driver info: com.kms.katalon.core.appium.driver.SwipeableAndroidDriver
Capabilities {app: /Users/a00139272/Katalon St..., appActivity: com.maybank2u.life.MainActi..., appPackage: com.maybank2u.life.sit, appWaitActivity: *, autoGrantPermissions: true, automationName: uiautomator2, chromedriverPort: 52878, databaseEnabled: false, desired: {app: /Users/a00139272/Katalon St..., appActivity: com.maybank2u.life.MainActi..., appPackage: com.maybank2u.life.sit, appWaitActivity: *, autoGrantPermissions: true, automationName: uiautomator2, chromedriverPort: 52878, deviceId: 002b9cc60508, deviceName: Xiaomi 21061119AG (Android 11), fullReset: false, newCommandTimeout: 1800, noReset: true, platform: ANDROID, platformName: android, platformVersion: 11, systemPort: 52876, udid: 002b9cc60508}, deviceApiLevel: 30, deviceId: 002b9cc60508, deviceManufacturer: Xiaomi, deviceModel: 21061119AG, deviceName: 002b9cc60508, deviceScreenDensity: 440, deviceScreenSize: 1080x2400, deviceUDID: 002b9cc60508, fullReset: false, javascriptEnabled: true, locationContextEnabled: false, networkConnectionEnabled: true, newCommandTimeout: 1800, noReset: true, pixelRatio: 2.75, platform: ANDROID, platformName: Android, platformVersion: 11, statBarHeight: 103, systemPort: 52876, takesScreenshot: true, udid: 002b9cc60508, viewportRect: {height: 2064, left: 0, top: 103, width: 1080}, warnings: {}, webStorageEnabled: false}
Session ID: 07e0a906-f567-4646-abfd-84c6cc800d18
	at org.openqa.selenium.remote.http.W3CHttpResponseCodec.createException(W3CHttpResponseCodec.java:187)
	at org.openqa.selenium.remote.http.W3CHttpResponseCodec.decode(W3CHttpResponseCodec.java:122)
	at org.openqa.selenium.remote.http.W3CHttpResponseCodec.decode(W3CHttpResponseCodec.java:49)
	at org.openqa.selenium.remote.HttpCommandExecutor.execute(HttpCommandExecutor.java:158)
	at io.appium.java_client.remote.AppiumCommandExecutor.execute(AppiumCommandExecutor.java:239)
	at org.openqa.selenium.remote.RemoteWebDriver.execute(RemoteWebDriver.java:552)
	at io.appium.java_client.DefaultGenericMobileDriver.execute(DefaultGenericMobileDriver.java:46)
	at io.appium.java_client.AppiumDriver.execute(AppiumDriver.java:1)
	at io.appium.java_client.android.AndroidDriver.execute(AndroidDriver.java:1)
	at com.kms.katalon.core.appium.driver.SwipeableAndroidDriver.execute(SwipeableAndroidDriver.java:1)
	at org.openqa.selenium.remote.RemoteWebDriver$RemoteWebDriverOptions$RemoteWindow.getSize(RemoteWebDriver.java:813)
	at org.openqa.selenium.WebDriver$Window$getSize.call(Unknown Source)
	at com.kms.katalon.core.mobile.keyword.internal.MobileAbstractKeyword.findElement(MobileAbstractKeyword.groovy:81)
	at com.kms.katalon.core.mobile.keyword.builtin.VerifyElementExistKeyword.access$1(VerifyElementExistKeyword.groovy)
	at com.kms.katalon.core.mobile.keyword.builtin.VerifyElementExistKeyword$_verifyElementExist_closure1.doCall(VerifyElementExistKeyword.groovy:72)
	at com.kms.katalon.core.mobile.keyword.builtin.VerifyElementExistKeyword$_verifyElementExist_closure1.call(VerifyElementExistKeyword.groovy)
	at com.kms.katalon.core.mobile.keyword.internal.MobileKeywordMain.runKeyword(MobileKeywordMain.groovy:21)
	at com.kms.katalon.core.mobile.keyword.builtin.VerifyElementExistKeyword.verifyElementExist(VerifyElementExistKeyword.groovy:80)
	at com.kms.katalon.core.mobile.keyword.builtin.VerifyElementExistKeyword.execute(VerifyElementExistKeyword.groovy:64)
	at com.kms.katalon.core.keyword.internal.KeywordExecutor.executeKeywordForPlatform(KeywordExecutor.groovy:74)
	at com.kms.katalon.core.mobile.keyword.MobileBuiltInKeywords.verifyElementExist(MobileBuiltInKeywords.groovy:1755)
	at com.kms.katalon.core.mobile.keyword.MobileBuiltInKeywords$verifyElementExist$8.call(Unknown Source)
	at duitNow_businessRegNumberTransaction.run(duitNow_businessRegNumberTransaction:185)
	at com.kms.katalon.core.main.ScriptEngine.run(ScriptEngine.java:194)
	at com.kms.katalon.core.main.ScriptEngine.runScriptAsRawText(ScriptEngine.java:119)
	at com.kms.katalon.core.main.TestCaseExecutor.runScript(TestCaseExecutor.java:445)
	at com.kms.katalon.core.main.TestCaseExecutor.doExecute(TestCaseExecutor.java:436)
	at com.kms.katalon.core.main.TestCaseExecutor.processExecutionPhase(TestCaseExecutor.java:415)
	at com.kms.katalon.core.main.TestCaseExecutor.accessMainPhase(TestCaseExecutor.java:407)
	at com.kms.katalon.core.main.TestCaseExecutor.execute(TestCaseExecutor.java:284)
	at com.kms.katalon.core.common.CommonExecutor.accessTestCaseMainPhase(CommonExecutor.java:65)
	at com.kms.katalon.core.main.TestSuiteExecutor.accessTestSuiteMainPhase(TestSuiteExecutor.java:144)
	at com.kms.katalon.core.main.TestSuiteExecutor.execute(TestSuiteExecutor.java:106)
	at com.kms.katalon.core.main.TestCaseMain.startTestSuite(TestCaseMain.java:185)
	at com.kms.katalon.core.main.TestCaseMain$startTestSuite$0.call(Unknown Source)
	at TempTestSuite1655885093224.run(TempTestSuite1655885093224.groovy:36)
)

2022-06-22 16:48:14 - [MESSAGE][WARNING] - Timeout '0' is invalid. Using default page load timeout: '40'

2022-06-22 16:48:14 - [MESSAGE][FAILED] - Failed to check for element 'Object Repository/Duit Now/duitNowConfirmationTransferTypeTitleTxt' exist (Root cause: org.openqa.selenium.WebDriverException: An unknown server-side error occurred while processing the command. Original error: 'GET /window/current/size' cannot be proxied to UiAutomator2 server because the instrumentation process is not running (probably crashed). Check the server log and/or the logcat output for more details
Build info: version: '3.141.59', revision: 'e82be7d358', time: '2018-11-14T08:25:53'
System info: host: '00139272s-MacBook-Pro.local', ip: '2001:e68:6167:d901:5dd8:2a3:885f:7e34%en0', os.name: 'Mac OS X', os.arch: 'x86_64', os.version: '10.16', java.version: '1.8.0_275'
Driver info: com.kms.katalon.core.appium.driver.SwipeableAndroidDriver
Capabilities {app: /Users/a00139272/Katalon St..., appActivity: com.maybank2u.life.MainActi..., appPackage: com.maybank2u.life.sit, appWaitActivity: *, autoGrantPermissions: true, automationName: uiautomator2, chromedriverPort: 52878, databaseEnabled: false, desired: {app: /Users/a00139272/Katalon St..., appActivity: com.maybank2u.life.MainActi..., appPackage: com.maybank2u.life.sit, appWaitActivity: *, autoGrantPermissions: true, automationName: uiautomator2, chromedriverPort: 52878, deviceId: 002b9cc60508, deviceName: Xiaomi 21061119AG (Android 11), fullReset: false, newCommandTimeout: 1800, noReset: true, platform: ANDROID, platformName: android, platformVersion: 11, systemPort: 52876, udid: 002b9cc60508}, deviceApiLevel: 30, deviceId: 002b9cc60508, deviceManufacturer: Xiaomi, deviceModel: 21061119AG, deviceName: 002b9cc60508, deviceScreenDensity: 440, deviceScreenSize: 1080x2400, deviceUDID: 002b9cc60508, fullReset: false, javascriptEnabled: true, locationContextEnabled: false, networkConnectionEnabled: true, newCommandTimeout: 1800, noReset: true, pixelRatio: 2.75, platform: ANDROID, platformName: Android, platformVersion: 11, statBarHeight: 103, systemPort: 52876, takesScreenshot: true, udid: 002b9cc60508, viewportRect: {height: 2064, left: 0, top: 103, width: 1080}, warnings: {}, webStorageEnabled: false}
Session ID: 07e0a906-f567-4646-abfd-84c6cc800d18
	at org.openqa.selenium.remote.http.W3CHttpResponseCodec.createException(W3CHttpResponseCodec.java:187)
	at org.openqa.selenium.remote.http.W3CHttpResponseCodec.decode(W3CHttpResponseCodec.java:122)
	at org.openqa.selenium.remote.http.W3CHttpResponseCodec.decode(W3CHttpResponseCodec.java:49)
	at org.openqa.selenium.remote.HttpCommandExecutor.execute(HttpCommandExecutor.java:158)
	at io.appium.java_client.remote.AppiumCommandExecutor.execute(AppiumCommandExecutor.java:239)
	at org.openqa.selenium.remote.RemoteWebDriver.execute(RemoteWebDriver.java:552)
	at io.appium.java_client.DefaultGenericMobileDriver.execute(DefaultGenericMobileDriver.java:46)
	at io.appium.java_client.AppiumDriver.execute(AppiumDriver.java:1)
	at io.appium.java_client.android.AndroidDriver.execute(AndroidDriver.java:1)
	at com.kms.katalon.core.appium.driver.SwipeableAndroidDriver.execute(SwipeableAndroidDriver.java:1)
	at org.openqa.selenium.remote.RemoteWebDriver$RemoteWebDriverOptions$RemoteWindow.getSize(RemoteWebDriver.java:813)
	at org.openqa.selenium.WebDriver$Window$getSize.call(Unknown Source)
	at com.kms.katalon.core.mobile.keyword.internal.MobileAbstractKeyword.findElement(MobileAbstractKeyword.groovy:81)
	at com.kms.katalon.core.mobile.keyword.builtin.VerifyElementExistKeyword.access$1(VerifyElementExistKeyword.groovy)
	at com.kms.katalon.core.mobile.keyword.builtin.VerifyElementExistKeyword$_verifyElementExist_closure1.doCall(VerifyElementExistKeyword.groovy:72)
	at com.kms.katalon.core.mobile.keyword.builtin.VerifyElementExistKeyword$_verifyElementExist_closure1.call(VerifyElementExistKeyword.groovy)
	at com.kms.katalon.core.mobile.keyword.internal.MobileKeywordMain.runKeyword(MobileKeywordMain.groovy:21)
	at com.kms.katalon.core.mobile.keyword.builtin.VerifyElementExistKeyword.verifyElementExist(VerifyElementExistKeyword.groovy:80)
	at com.kms.katalon.core.mobile.keyword.builtin.VerifyElementExistKeyword.execute(VerifyElementExistKeyword.groovy:64)
	at com.kms.katalon.core.keyword.internal.KeywordExecutor.executeKeywordForPlatform(KeywordExecutor.groovy:74)
	at com.kms.katalon.core.mobile.keyword.MobileBuiltInKeywords.verifyElementExist(MobileBuiltInKeywords.groovy:1755)
	at com.kms.katalon.core.mobile.keyword.MobileBuiltInKeywords$verifyElementExist$8.call(Unknown Source)
	at duitNow_businessRegNumberTransaction.run(duitNow_businessRegNumberTransaction:185)
	at com.kms.katalon.core.main.ScriptEngine.run(ScriptEngine.java:194)
	at com.kms.katalon.core.main.ScriptEngine.runScriptAsRawText(ScriptEngine.java:119)
	at com.kms.katalon.core.main.TestCaseExecutor.runScript(TestCaseExecutor.java:445)
	at com.kms.katalon.core.main.TestCaseExecutor.doExecute(TestCaseExecutor.java:436)
	at com.kms.katalon.core.main.TestCaseExecutor.processExecutionPhase(TestCaseExecutor.java:415)
	at com.kms.katalon.core.main.TestCaseExecutor.accessMainPhase(TestCaseExecutor.java:407)
	at com.kms.katalon.core.main.TestCaseExecutor.execute(TestCaseExecutor.java:284)
	at com.kms.katalon.core.common.CommonExecutor.accessTestCaseMainPhase(CommonExecutor.java:65)
	at com.kms.katalon.core.main.TestSuiteExecutor.accessTestSuiteMainPhase(TestSuiteExecutor.java:144)
	at com.kms.katalon.core.main.TestSuiteExecutor.execute(TestSuiteExecutor.java:106)
	at com.kms.katalon.core.main.TestCaseMain.startTestSuite(TestCaseMain.java:185)
	at com.kms.katalon.core.main.TestCaseMain$startTestSuite$0.call(Unknown Source)
	at TempTestSuite1655885093224.run(TempTestSuite1655885093224.groovy:36)
)

2022-06-22 16:48:14 - [TEST_STEP][FAILED] - verifyElementExist(findTestObject("Duit Now/duitNowConfirmationPaymentDetailsTitleTxt"), 0): Failed to check for element 'Object Repository/Duit Now/duitNowConfirmationPaymentDetailsTitleTxt' exist (Root cause: org.openqa.selenium.WebDriverException: An unknown server-side error occurred while processing the command. Original error: 'GET /window/current/size' cannot be proxied to UiAutomator2 server because the instrumentation process is not running (probably crashed). Check the server log and/or the logcat output for more details
Build info: version: '3.141.59', revision: 'e82be7d358', time: '2018-11-14T08:25:53'
System info: host: '00139272s-MacBook-Pro.local', ip: '2001:e68:6167:d901:5dd8:2a3:885f:7e34%en0', os.name: 'Mac OS X', os.arch: 'x86_64', os.version: '10.16', java.version: '1.8.0_275'
Driver info: com.kms.katalon.core.appium.driver.SwipeableAndroidDriver
Capabilities {app: /Users/a00139272/Katalon St..., appActivity: com.maybank2u.life.MainActi..., appPackage: com.maybank2u.life.sit, appWaitActivity: *, autoGrantPermissions: true, automationName: uiautomator2, chromedriverPort: 52878, databaseEnabled: false, desired: {app: /Users/a00139272/Katalon St..., appActivity: com.maybank2u.life.MainActi..., appPackage: com.maybank2u.life.sit, appWaitActivity: *, autoGrantPermissions: true, automationName: uiautomator2, chromedriverPort: 52878, deviceId: 002b9cc60508, deviceName: Xiaomi 21061119AG (Android 11), fullReset: false, newCommandTimeout: 1800, noReset: true, platform: ANDROID, platformName: android, platformVersion: 11, systemPort: 52876, udid: 002b9cc60508}, deviceApiLevel: 30, deviceId: 002b9cc60508, deviceManufacturer: Xiaomi, deviceModel: 21061119AG, deviceName: 002b9cc60508, deviceScreenDensity: 440, deviceScreenSize: 1080x2400, deviceUDID: 002b9cc60508, fullReset: false, javascriptEnabled: true, locationContextEnabled: false, networkConnectionEnabled: true, newCommandTimeout: 1800, noReset: true, pixelRatio: 2.75, platform: ANDROID, platformName: Android, platformVersion: 11, statBarHeight: 103, systemPort: 52876, takesScreenshot: true, udid: 002b9cc60508, viewportRect: {height: 2064, left: 0, top: 103, width: 1080}, warnings: {}, webStorageEnabled: false}
Session ID: 07e0a906-f567-4646-abfd-84c6cc800d18
	at org.openqa.selenium.remote.http.W3CHttpResponseCodec.createException(W3CHttpResponseCodec.java:187)
	at org.openqa.selenium.remote.http.W3CHttpResponseCodec.decode(W3CHttpResponseCodec.java:122)
	at org.openqa.selenium.remote.http.W3CHttpResponseCodec.decode(W3CHttpResponseCodec.java:49)
	at org.openqa.selenium.remote.HttpCommandExecutor.execute(HttpCommandExecutor.java:158)
	at io.appium.java_client.remote.AppiumCommandExecutor.execute(AppiumCommandExecutor.java:239)
	at org.openqa.selenium.remote.RemoteWebDriver.execute(RemoteWebDriver.java:552)
	at io.appium.java_client.DefaultGenericMobileDriver.execute(DefaultGenericMobileDriver.java:46)
	at io.appium.java_client.AppiumDriver.execute(AppiumDriver.java:1)
	at io.appium.java_client.android.AndroidDriver.execute(AndroidDriver.java:1)
	at com.kms.katalon.core.appium.driver.SwipeableAndroidDriver.execute(SwipeableAndroidDriver.java:1)
	at org.openqa.selenium.remote.RemoteWebDriver$RemoteWebDriverOptions$RemoteWindow.getSize(RemoteWebDriver.java:813)
	at org.openqa.selenium.WebDriver$Window$getSize.call(Unknown Source)
	at com.kms.katalon.core.mobile.keyword.internal.MobileAbstractKeyword.findElement(MobileAbstractKeyword.groovy:81)
	at com.kms.katalon.core.mobile.keyword.builtin.VerifyElementExistKeyword.access$1(VerifyElementExistKeyword.groovy)
	at com.kms.katalon.core.mobile.keyword.builtin.VerifyElementExistKeyword$_verifyElementExist_closure1.doCall(VerifyElementExistKeyword.groovy:72)
	at com.kms.katalon.core.mobile.keyword.builtin.VerifyElementExistKeyword$_verifyElementExist_closure1.call(VerifyElementExistKeyword.groovy)
	at com.kms.katalon.core.mobile.keyword.internal.MobileKeywordMain.runKeyword(MobileKeywordMain.groovy:21)
	at com.kms.katalon.core.mobile.keyword.builtin.VerifyElementExistKeyword.verifyElementExist(VerifyElementExistKeyword.groovy:80)
	at com.kms.katalon.core.mobile.keyword.builtin.VerifyElementExistKeyword.execute(VerifyElementExistKeyword.groovy:64)
	at com.kms.katalon.core.keyword.internal.KeywordExecutor.executeKeywordForPlatform(KeywordExecutor.groovy:74)
	at com.kms.katalon.core.mobile.keyword.MobileBuiltInKeywords.verifyElementExist(MobileBuiltInKeywords.groovy:1755)
	at com.kms.katalon.core.mobile.keyword.MobileBuiltInKeywords$verifyElementExist$8.call(Unknown Source)
	at duitNow_businessRegNumberTransaction.run(duitNow_businessRegNumberTransaction:187)
	at com.kms.katalon.core.main.ScriptEngine.run(ScriptEngine.java:194)
	at com.kms.katalon.core.main.ScriptEngine.runScriptAsRawText(ScriptEngine.java:119)
	at com.kms.katalon.core.main.TestCaseExecutor.runScript(TestCaseExecutor.java:445)
	at com.kms.katalon.core.main.TestCaseExecutor.doExecute(TestCaseExecutor.java:436)
	at com.kms.katalon.core.main.TestCaseExecutor.processExecutionPhase(TestCaseExecutor.java:415)
	at com.kms.katalon.core.main.TestCaseExecutor.accessMainPhase(TestCaseExecutor.java:407)
	at com.kms.katalon.core.main.TestCaseExecutor.execute(TestCaseExecutor.java:284)
	at com.kms.katalon.core.common.CommonExecutor.accessTestCaseMainPhase(CommonExecutor.java:65)
	at com.kms.katalon.core.main.TestSuiteExecutor.accessTestSuiteMainPhase(TestSuiteExecutor.java:144)
	at com.kms.katalon.core.main.TestSuiteExecutor.execute(TestSuiteExecutor.java:106)
	at com.kms.katalon.core.main.TestCaseMain.startTestSuite(TestCaseMain.java:185)
	at com.kms.katalon.core.main.TestCaseMain$startTestSuite$0.call(Unknown Source)
	at TempTestSuite1655885093224.run(TempTestSuite1655885093224.groovy:36)
)

2022-06-22 16:48:14 - [MESSAGE][WARNING] - Timeout '0' is invalid. Using default page load timeout: '40'

2022-06-22 16:48:14 - [MESSAGE][FAILED] - Failed to check for element 'Object Repository/Duit Now/duitNowConfirmationPaymentDetailsTitleTxt' exist (Root cause: org.openqa.selenium.WebDriverException: An unknown server-side error occurred while processing the command. Original error: 'GET /window/current/size' cannot be proxied to UiAutomator2 server because the instrumentation process is not running (probably crashed). Check the server log and/or the logcat output for more details
Build info: version: '3.141.59', revision: 'e82be7d358', time: '2018-11-14T08:25:53'
System info: host: '00139272s-MacBook-Pro.local', ip: '2001:e68:6167:d901:5dd8:2a3:885f:7e34%en0', os.name: 'Mac OS X', os.arch: 'x86_64', os.version: '10.16', java.version: '1.8.0_275'
Driver info: com.kms.katalon.core.appium.driver.SwipeableAndroidDriver
Capabilities {app: /Users/a00139272/Katalon St..., appActivity: com.maybank2u.life.MainActi..., appPackage: com.maybank2u.life.sit, appWaitActivity: *, autoGrantPermissions: true, automationName: uiautomator2, chromedriverPort: 52878, databaseEnabled: false, desired: {app: /Users/a00139272/Katalon St..., appActivity: com.maybank2u.life.MainActi..., appPackage: com.maybank2u.life.sit, appWaitActivity: *, autoGrantPermissions: true, automationName: uiautomator2, chromedriverPort: 52878, deviceId: 002b9cc60508, deviceName: Xiaomi 21061119AG (Android 11), fullReset: false, newCommandTimeout: 1800, noReset: true, platform: ANDROID, platformName: android, platformVersion: 11, systemPort: 52876, udid: 002b9cc60508}, deviceApiLevel: 30, deviceId: 002b9cc60508, deviceManufacturer: Xiaomi, deviceModel: 21061119AG, deviceName: 002b9cc60508, deviceScreenDensity: 440, deviceScreenSize: 1080x2400, deviceUDID: 002b9cc60508, fullReset: false, javascriptEnabled: true, locationContextEnabled: false, networkConnectionEnabled: true, newCommandTimeout: 1800, noReset: true, pixelRatio: 2.75, platform: ANDROID, platformName: Android, platformVersion: 11, statBarHeight: 103, systemPort: 52876, takesScreenshot: true, udid: 002b9cc60508, viewportRect: {height: 2064, left: 0, top: 103, width: 1080}, warnings: {}, webStorageEnabled: false}
Session ID: 07e0a906-f567-4646-abfd-84c6cc800d18
	at org.openqa.selenium.remote.http.W3CHttpResponseCodec.createException(W3CHttpResponseCodec.java:187)
	at org.openqa.selenium.remote.http.W3CHttpResponseCodec.decode(W3CHttpResponseCodec.java:122)
	at org.openqa.selenium.remote.http.W3CHttpResponseCodec.decode(W3CHttpResponseCodec.java:49)
	at org.openqa.selenium.remote.HttpCommandExecutor.execute(HttpCommandExecutor.java:158)
	at io.appium.java_client.remote.AppiumCommandExecutor.execute(AppiumCommandExecutor.java:239)
	at org.openqa.selenium.remote.RemoteWebDriver.execute(RemoteWebDriver.java:552)
	at io.appium.java_client.DefaultGenericMobileDriver.execute(DefaultGenericMobileDriver.java:46)
	at io.appium.java_client.AppiumDriver.execute(AppiumDriver.java:1)
	at io.appium.java_client.android.AndroidDriver.execute(AndroidDriver.java:1)
	at com.kms.katalon.core.appium.driver.SwipeableAndroidDriver.execute(SwipeableAndroidDriver.java:1)
	at org.openqa.selenium.remote.RemoteWebDriver$RemoteWebDriverOptions$RemoteWindow.getSize(RemoteWebDriver.java:813)
	at org.openqa.selenium.WebDriver$Window$getSize.call(Unknown Source)
	at com.kms.katalon.core.mobile.keyword.internal.MobileAbstractKeyword.findElement(MobileAbstractKeyword.groovy:81)
	at com.kms.katalon.core.mobile.keyword.builtin.VerifyElementExistKeyword.access$1(VerifyElementExistKeyword.groovy)
	at com.kms.katalon.core.mobile.keyword.builtin.VerifyElementExistKeyword$_verifyElementExist_closure1.doCall(VerifyElementExistKeyword.groovy:72)
	at com.kms.katalon.core.mobile.keyword.builtin.VerifyElementExistKeyword$_verifyElementExist_closure1.call(VerifyElementExistKeyword.groovy)
	at com.kms.katalon.core.mobile.keyword.internal.MobileKeywordMain.runKeyword(MobileKeywordMain.groovy:21)
	at com.kms.katalon.core.mobile.keyword.builtin.VerifyElementExistKeyword.verifyElementExist(VerifyElementExistKeyword.groovy:80)
	at com.kms.katalon.core.mobile.keyword.builtin.VerifyElementExistKeyword.execute(VerifyElementExistKeyword.groovy:64)
	at com.kms.katalon.core.keyword.internal.KeywordExecutor.executeKeywordForPlatform(KeywordExecutor.groovy:74)
	at com.kms.katalon.core.mobile.keyword.MobileBuiltInKeywords.verifyElementExist(MobileBuiltInKeywords.groovy:1755)
	at com.kms.katalon.core.mobile.keyword.MobileBuiltInKeywords$verifyElementExist$8.call(Unknown Source)
	at duitNow_businessRegNumberTransaction.run(duitNow_businessRegNumberTransaction:187)
	at com.kms.katalon.core.main.ScriptEngine.run(ScriptEngine.java:194)
	at com.kms.katalon.core.main.ScriptEngine.runScriptAsRawText(ScriptEngine.java:119)
	at com.kms.katalon.core.main.TestCaseExecutor.runScript(TestCaseExecutor.java:445)
	at com.kms.katalon.core.main.TestCaseExecutor.doExecute(TestCaseExecutor.java:436)
	at com.kms.katalon.core.main.TestCaseExecutor.processExecutionPhase(TestCaseExecutor.java:415)
	at com.kms.katalon.core.main.TestCaseExecutor.accessMainPhase(TestCaseExecutor.java:407)
	at com.kms.katalon.core.main.TestCaseExecutor.execute(TestCaseExecutor.java:284)
	at com.kms.katalon.core.common.CommonExecutor.accessTestCaseMainPhase(CommonExecutor.java:65)
	at com.kms.katalon.core.main.TestSuiteExecutor.accessTestSuiteMainPhase(TestSuiteExecutor.java:144)
	at com.kms.katalon.core.main.TestSuiteExecutor.execute(TestSuiteExecutor.java:106)
	at com.kms.katalon.core.main.TestCaseMain.startTestSuite(TestCaseMain.java:185)
	at com.kms.katalon.core.main.TestCaseMain$startTestSuite$0.call(Unknown Source)
	at TempTestSuite1655885093224.run(TempTestSuite1655885093224.groovy:36)
)

2022-06-22 16:48:14 - [TEST_STEP][FAILED] - verifyElementExist(findTestObject("Duit Now/duitNowConfirmationReferenceTitleTxt"), 0): Failed to check for element 'Object Repository/Duit Now/duitNowConfirmationReferenceTitleTxt' exist (Root cause: org.openqa.selenium.WebDriverException: An unknown server-side error occurred while processing the command. Original error: 'GET /window/current/size' cannot be proxied to UiAutomator2 server because the instrumentation process is not running (probably crashed). Check the server log and/or the logcat output for more details
Build info: version: '3.141.59', revision: 'e82be7d358', time: '2018-11-14T08:25:53'
System info: host: '00139272s-MacBook-Pro.local', ip: '2001:e68:6167:d901:5dd8:2a3:885f:7e34%en0', os.name: 'Mac OS X', os.arch: 'x86_64', os.version: '10.16', java.version: '1.8.0_275'
Driver info: com.kms.katalon.core.appium.driver.SwipeableAndroidDriver
Capabilities {app: /Users/a00139272/Katalon St..., appActivity: com.maybank2u.life.MainActi..., appPackage: com.maybank2u.life.sit, appWaitActivity: *, autoGrantPermissions: true, automationName: uiautomator2, chromedriverPort: 52878, databaseEnabled: false, desired: {app: /Users/a00139272/Katalon St..., appActivity: com.maybank2u.life.MainActi..., appPackage: com.maybank2u.life.sit, appWaitActivity: *, autoGrantPermissions: true, automationName: uiautomator2, chromedriverPort: 52878, deviceId: 002b9cc60508, deviceName: Xiaomi 21061119AG (Android 11), fullReset: false, newCommandTimeout: 1800, noReset: true, platform: ANDROID, platformName: android, platformVersion: 11, systemPort: 52876, udid: 002b9cc60508}, deviceApiLevel: 30, deviceId: 002b9cc60508, deviceManufacturer: Xiaomi, deviceModel: 21061119AG, deviceName: 002b9cc60508, deviceScreenDensity: 440, deviceScreenSize: 1080x2400, deviceUDID: 002b9cc60508, fullReset: false, javascriptEnabled: true, locationContextEnabled: false, networkConnectionEnabled: true, newCommandTimeout: 1800, noReset: true, pixelRatio: 2.75, platform: ANDROID, platformName: Android, platformVersion: 11, statBarHeight: 103, systemPort: 52876, takesScreenshot: true, udid: 002b9cc60508, viewportRect: {height: 2064, left: 0, top: 103, width: 1080}, warnings: {}, webStorageEnabled: false}
Session ID: 07e0a906-f567-4646-abfd-84c6cc800d18
	at org.openqa.selenium.remote.http.W3CHttpResponseCodec.createException(W3CHttpResponseCodec.java:187)
	at org.openqa.selenium.remote.http.W3CHttpResponseCodec.decode(W3CHttpResponseCodec.java:122)
	at org.openqa.selenium.remote.http.W3CHttpResponseCodec.decode(W3CHttpResponseCodec.java:49)
	at org.openqa.selenium.remote.HttpCommandExecutor.execute(HttpCommandExecutor.java:158)
	at io.appium.java_client.remote.AppiumCommandExecutor.execute(AppiumCommandExecutor.java:239)
	at org.openqa.selenium.remote.RemoteWebDriver.execute(RemoteWebDriver.java:552)
	at io.appium.java_client.DefaultGenericMobileDriver.execute(DefaultGenericMobileDriver.java:46)
	at io.appium.java_client.AppiumDriver.execute(AppiumDriver.java:1)
	at io.appium.java_client.android.AndroidDriver.execute(AndroidDriver.java:1)
	at com.kms.katalon.core.appium.driver.SwipeableAndroidDriver.execute(SwipeableAndroidDriver.java:1)
	at org.openqa.selenium.remote.RemoteWebDriver$RemoteWebDriverOptions$RemoteWindow.getSize(RemoteWebDriver.java:813)
	at org.openqa.selenium.WebDriver$Window$getSize.call(Unknown Source)
	at com.kms.katalon.core.mobile.keyword.internal.MobileAbstractKeyword.findElement(MobileAbstractKeyword.groovy:81)
	at com.kms.katalon.core.mobile.keyword.builtin.VerifyElementExistKeyword.access$1(VerifyElementExistKeyword.groovy)
	at com.kms.katalon.core.mobile.keyword.builtin.VerifyElementExistKeyword$_verifyElementExist_closure1.doCall(VerifyElementExistKeyword.groovy:72)
	at com.kms.katalon.core.mobile.keyword.builtin.VerifyElementExistKeyword$_verifyElementExist_closure1.call(VerifyElementExistKeyword.groovy)
	at com.kms.katalon.core.mobile.keyword.internal.MobileKeywordMain.runKeyword(MobileKeywordMain.groovy:21)
	at com.kms.katalon.core.mobile.keyword.builtin.VerifyElementExistKeyword.verifyElementExist(VerifyElementExistKeyword.groovy:80)
	at com.kms.katalon.core.mobile.keyword.builtin.VerifyElementExistKeyword.execute(VerifyElementExistKeyword.groovy:64)
	at com.kms.katalon.core.keyword.internal.KeywordExecutor.executeKeywordForPlatform(KeywordExecutor.groovy:74)
	at com.kms.katalon.core.mobile.keyword.MobileBuiltInKeywords.verifyElementExist(MobileBuiltInKeywords.groovy:1755)
	at com.kms.katalon.core.mobile.keyword.MobileBuiltInKeywords$verifyElementExist$8.call(Unknown Source)
	at duitNow_businessRegNumberTransaction.run(duitNow_businessRegNumberTransaction:189)
	at com.kms.katalon.core.main.ScriptEngine.run(ScriptEngine.java:194)
	at com.kms.katalon.core.main.ScriptEngine.runScriptAsRawText(ScriptEngine.java:119)
	at com.kms.katalon.core.main.TestCaseExecutor.runScript(TestCaseExecutor.java:445)
	at com.kms.katalon.core.main.TestCaseExecutor.doExecute(TestCaseExecutor.java:436)
	at com.kms.katalon.core.main.TestCaseExecutor.processExecutionPhase(TestCaseExecutor.java:415)
	at com.kms.katalon.core.main.TestCaseExecutor.accessMainPhase(TestCaseExecutor.java:407)
	at com.kms.katalon.core.main.TestCaseExecutor.execute(TestCaseExecutor.java:284)
	at com.kms.katalon.core.common.CommonExecutor.accessTestCaseMainPhase(CommonExecutor.java:65)
	at com.kms.katalon.core.main.TestSuiteExecutor.accessTestSuiteMainPhase(TestSuiteExecutor.java:144)
	at com.kms.katalon.core.main.TestSuiteExecutor.execute(TestSuiteExecutor.java:106)
	at com.kms.katalon.core.main.TestCaseMain.startTestSuite(TestCaseMain.java:185)
	at com.kms.katalon.core.main.TestCaseMain$startTestSuite$0.call(Unknown Source)
	at TempTestSuite1655885093224.run(TempTestSuite1655885093224.groovy:36)
)

2022-06-22 16:48:14 - [MESSAGE][WARNING] - Timeout '0' is invalid. Using default page load timeout: '40'

2022-06-22 16:48:14 - [MESSAGE][FAILED] - Failed to check for element 'Object Repository/Duit Now/duitNowConfirmationReferenceTitleTxt' exist (Root cause: org.openqa.selenium.WebDriverException: An unknown server-side error occurred while processing the command. Original error: 'GET /window/current/size' cannot be proxied to UiAutomator2 server because the instrumentation process is not running (probably crashed). Check the server log and/or the logcat output for more details
Build info: version: '3.141.59', revision: 'e82be7d358', time: '2018-11-14T08:25:53'
System info: host: '00139272s-MacBook-Pro.local', ip: '2001:e68:6167:d901:5dd8:2a3:885f:7e34%en0', os.name: 'Mac OS X', os.arch: 'x86_64', os.version: '10.16', java.version: '1.8.0_275'
Driver info: com.kms.katalon.core.appium.driver.SwipeableAndroidDriver
Capabilities {app: /Users/a00139272/Katalon St..., appActivity: com.maybank2u.life.MainActi..., appPackage: com.maybank2u.life.sit, appWaitActivity: *, autoGrantPermissions: true, automationName: uiautomator2, chromedriverPort: 52878, databaseEnabled: false, desired: {app: /Users/a00139272/Katalon St..., appActivity: com.maybank2u.life.MainActi..., appPackage: com.maybank2u.life.sit, appWaitActivity: *, autoGrantPermissions: true, automationName: uiautomator2, chromedriverPort: 52878, deviceId: 002b9cc60508, deviceName: Xiaomi 21061119AG (Android 11), fullReset: false, newCommandTimeout: 1800, noReset: true, platform: ANDROID, platformName: android, platformVersion: 11, systemPort: 52876, udid: 002b9cc60508}, deviceApiLevel: 30, deviceId: 002b9cc60508, deviceManufacturer: Xiaomi, deviceModel: 21061119AG, deviceName: 002b9cc60508, deviceScreenDensity: 440, deviceScreenSize: 1080x2400, deviceUDID: 002b9cc60508, fullReset: false, javascriptEnabled: true, locationContextEnabled: false, networkConnectionEnabled: true, newCommandTimeout: 1800, noReset: true, pixelRatio: 2.75, platform: ANDROID, platformName: Android, platformVersion: 11, statBarHeight: 103, systemPort: 52876, takesScreenshot: true, udid: 002b9cc60508, viewportRect: {height: 2064, left: 0, top: 103, width: 1080}, warnings: {}, webStorageEnabled: false}
Session ID: 07e0a906-f567-4646-abfd-84c6cc800d18
	at org.openqa.selenium.remote.http.W3CHttpResponseCodec.createException(W3CHttpResponseCodec.java:187)
	at org.openqa.selenium.remote.http.W3CHttpResponseCodec.decode(W3CHttpResponseCodec.java:122)
	at org.openqa.selenium.remote.http.W3CHttpResponseCodec.decode(W3CHttpResponseCodec.java:49)
	at org.openqa.selenium.remote.HttpCommandExecutor.execute(HttpCommandExecutor.java:158)
	at io.appium.java_client.remote.AppiumCommandExecutor.execute(AppiumCommandExecutor.java:239)
	at org.openqa.selenium.remote.RemoteWebDriver.execute(RemoteWebDriver.java:552)
	at io.appium.java_client.DefaultGenericMobileDriver.execute(DefaultGenericMobileDriver.java:46)
	at io.appium.java_client.AppiumDriver.execute(AppiumDriver.java:1)
	at io.appium.java_client.android.AndroidDriver.execute(AndroidDriver.java:1)
	at com.kms.katalon.core.appium.driver.SwipeableAndroidDriver.execute(SwipeableAndroidDriver.java:1)
	at org.openqa.selenium.remote.RemoteWebDriver$RemoteWebDriverOptions$RemoteWindow.getSize(RemoteWebDriver.java:813)
	at org.openqa.selenium.WebDriver$Window$getSize.call(Unknown Source)
	at com.kms.katalon.core.mobile.keyword.internal.MobileAbstractKeyword.findElement(MobileAbstractKeyword.groovy:81)
	at com.kms.katalon.core.mobile.keyword.builtin.VerifyElementExistKeyword.access$1(VerifyElementExistKeyword.groovy)
	at com.kms.katalon.core.mobile.keyword.builtin.VerifyElementExistKeyword$_verifyElementExist_closure1.doCall(VerifyElementExistKeyword.groovy:72)
	at com.kms.katalon.core.mobile.keyword.builtin.VerifyElementExistKeyword$_verifyElementExist_closure1.call(VerifyElementExistKeyword.groovy)
	at com.kms.katalon.core.mobile.keyword.internal.MobileKeywordMain.runKeyword(MobileKeywordMain.groovy:21)
	at com.kms.katalon.core.mobile.keyword.builtin.VerifyElementExistKeyword.verifyElementExist(VerifyElementExistKeyword.groovy:80)
	at com.kms.katalon.core.mobile.keyword.builtin.VerifyElementExistKeyword.execute(VerifyElementExistKeyword.groovy:64)
	at com.kms.katalon.core.keyword.internal.KeywordExecutor.executeKeywordForPlatform(KeywordExecutor.groovy:74)
	at com.kms.katalon.core.mobile.keyword.MobileBuiltInKeywords.verifyElementExist(MobileBuiltInKeywords.groovy:1755)
	at com.kms.katalon.core.mobile.keyword.MobileBuiltInKeywords$verifyElementExist$8.call(Unknown Source)
	at duitNow_businessRegNumberTransaction.run(duitNow_businessRegNumberTransaction:189)
	at com.kms.katalon.core.main.ScriptEngine.run(ScriptEngine.java:194)
	at com.kms.katalon.core.main.ScriptEngine.runScriptAsRawText(ScriptEngine.java:119)
	at com.kms.katalon.core.main.TestCaseExecutor.runScript(TestCaseExecutor.java:445)
	at com.kms.katalon.core.main.TestCaseExecutor.doExecute(TestCaseExecutor.java:436)
	at com.kms.katalon.core.main.TestCaseExecutor.processExecutionPhase(TestCaseExecutor.java:415)
	at com.kms.katalon.core.main.TestCaseExecutor.accessMainPhase(TestCaseExecutor.java:407)
	at com.kms.katalon.core.main.TestCaseExecutor.execute(TestCaseExecutor.java:284)
	at com.kms.katalon.core.common.CommonExecutor.accessTestCaseMainPhase(CommonExecutor.java:65)
	at com.kms.katalon.core.main.TestSuiteExecutor.accessTestSuiteMainPhase(TestSuiteExecutor.java:144)
	at com.kms.katalon.core.main.TestSuiteExecutor.execute(TestSuiteExecutor.java:106)
	at com.kms.katalon.core.main.TestCaseMain.startTestSuite(TestCaseMain.java:185)
	at com.kms.katalon.core.main.TestCaseMain$startTestSuite$0.call(Unknown Source)
	at TempTestSuite1655885093224.run(TempTestSuite1655885093224.groovy:36)
)

2022-06-22 16:48:14 - [TEST_STEP][FAILED] - verifyElementExist(findTestObject("Duit Now/duitNowConfirmationServiceFeeTitleTxt"), 0): Failed to check for element 'Object Repository/Duit Now/duitNowConfirmationServiceFeeTitleTxt' exist (Root cause: org.openqa.selenium.WebDriverException: An unknown server-side error occurred while processing the command. Original error: 'GET /window/current/size' cannot be proxied to UiAutomator2 server because the instrumentation process is not running (probably crashed). Check the server log and/or the logcat output for more details
Build info: version: '3.141.59', revision: 'e82be7d358', time: '2018-11-14T08:25:53'
System info: host: '00139272s-MacBook-Pro.local', ip: '2001:e68:6167:d901:5dd8:2a3:885f:7e34%en0', os.name: 'Mac OS X', os.arch: 'x86_64', os.version: '10.16', java.version: '1.8.0_275'
Driver info: com.kms.katalon.core.appium.driver.SwipeableAndroidDriver
Capabilities {app: /Users/a00139272/Katalon St..., appActivity: com.maybank2u.life.MainActi..., appPackage: com.maybank2u.life.sit, appWaitActivity: *, autoGrantPermissions: true, automationName: uiautomator2, chromedriverPort: 52878, databaseEnabled: false, desired: {app: /Users/a00139272/Katalon St..., appActivity: com.maybank2u.life.MainActi..., appPackage: com.maybank2u.life.sit, appWaitActivity: *, autoGrantPermissions: true, automationName: uiautomator2, chromedriverPort: 52878, deviceId: 002b9cc60508, deviceName: Xiaomi 21061119AG (Android 11), fullReset: false, newCommandTimeout: 1800, noReset: true, platform: ANDROID, platformName: android, platformVersion: 11, systemPort: 52876, udid: 002b9cc60508}, deviceApiLevel: 30, deviceId: 002b9cc60508, deviceManufacturer: Xiaomi, deviceModel: 21061119AG, deviceName: 002b9cc60508, deviceScreenDensity: 440, deviceScreenSize: 1080x2400, deviceUDID: 002b9cc60508, fullReset: false, javascriptEnabled: true, locationContextEnabled: false, networkConnectionEnabled: true, newCommandTimeout: 1800, noReset: true, pixelRatio: 2.75, platform: ANDROID, platformName: Android, platformVersion: 11, statBarHeight: 103, systemPort: 52876, takesScreenshot: true, udid: 002b9cc60508, viewportRect: {height: 2064, left: 0, top: 103, width: 1080}, warnings: {}, webStorageEnabled: false}
Session ID: 07e0a906-f567-4646-abfd-84c6cc800d18
	at org.openqa.selenium.remote.http.W3CHttpResponseCodec.createException(W3CHttpResponseCodec.java:187)
	at org.openqa.selenium.remote.http.W3CHttpResponseCodec.decode(W3CHttpResponseCodec.java:122)
	at org.openqa.selenium.remote.http.W3CHttpResponseCodec.decode(W3CHttpResponseCodec.java:49)
	at org.openqa.selenium.remote.HttpCommandExecutor.execute(HttpCommandExecutor.java:158)
	at io.appium.java_client.remote.AppiumCommandExecutor.execute(AppiumCommandExecutor.java:239)
	at org.openqa.selenium.remote.RemoteWebDriver.execute(RemoteWebDriver.java:552)
	at io.appium.java_client.DefaultGenericMobileDriver.execute(DefaultGenericMobileDriver.java:46)
	at io.appium.java_client.AppiumDriver.execute(AppiumDriver.java:1)
	at io.appium.java_client.android.AndroidDriver.execute(AndroidDriver.java:1)
	at com.kms.katalon.core.appium.driver.SwipeableAndroidDriver.execute(SwipeableAndroidDriver.java:1)
	at org.openqa.selenium.remote.RemoteWebDriver$RemoteWebDriverOptions$RemoteWindow.getSize(RemoteWebDriver.java:813)
	at org.openqa.selenium.WebDriver$Window$getSize.call(Unknown Source)
	at com.kms.katalon.core.mobile.keyword.internal.MobileAbstractKeyword.findElement(MobileAbstractKeyword.groovy:81)
	at com.kms.katalon.core.mobile.keyword.builtin.VerifyElementExistKeyword.access$1(VerifyElementExistKeyword.groovy)
	at com.kms.katalon.core.mobile.keyword.builtin.VerifyElementExistKeyword$_verifyElementExist_closure1.doCall(VerifyElementExistKeyword.groovy:72)
	at com.kms.katalon.core.mobile.keyword.builtin.VerifyElementExistKeyword$_verifyElementExist_closure1.call(VerifyElementExistKeyword.groovy)
	at com.kms.katalon.core.mobile.keyword.internal.MobileKeywordMain.runKeyword(MobileKeywordMain.groovy:21)
	at com.kms.katalon.core.mobile.keyword.builtin.VerifyElementExistKeyword.verifyElementExist(VerifyElementExistKeyword.groovy:80)
	at com.kms.katalon.core.mobile.keyword.builtin.VerifyElementExistKeyword.execute(VerifyElementExistKeyword.groovy:64)
	at com.kms.katalon.core.keyword.internal.KeywordExecutor.executeKeywordForPlatform(KeywordExecutor.groovy:74)
	at com.kms.katalon.core.mobile.keyword.MobileBuiltInKeywords.verifyElementExist(MobileBuiltInKeywords.groovy:1755)
	at com.kms.katalon.core.mobile.keyword.MobileBuiltInKeywords$verifyElementExist$8.call(Unknown Source)
	at duitNow_businessRegNumberTransaction.run(duitNow_businessRegNumberTransaction:191)
	at com.kms.katalon.core.main.ScriptEngine.run(ScriptEngine.java:194)
	at com.kms.katalon.core.main.ScriptEngine.runScriptAsRawText(ScriptEngine.java:119)
	at com.kms.katalon.core.main.TestCaseExecutor.runScript(TestCaseExecutor.java:445)
	at com.kms.katalon.core.main.TestCaseExecutor.doExecute(TestCaseExecutor.java:436)
	at com.kms.katalon.core.main.TestCaseExecutor.processExecutionPhase(TestCaseExecutor.java:415)
	at com.kms.katalon.core.main.TestCaseExecutor.accessMainPhase(TestCaseExecutor.java:407)
	at com.kms.katalon.core.main.TestCaseExecutor.execute(TestCaseExecutor.java:284)
	at com.kms.katalon.core.common.CommonExecutor.accessTestCaseMainPhase(CommonExecutor.java:65)
	at com.kms.katalon.core.main.TestSuiteExecutor.accessTestSuiteMainPhase(TestSuiteExecutor.java:144)
	at com.kms.katalon.core.main.TestSuiteExecutor.execute(TestSuiteExecutor.java:106)
	at com.kms.katalon.core.main.TestCaseMain.startTestSuite(TestCaseMain.java:185)
	at com.kms.katalon.core.main.TestCaseMain$startTestSuite$0.call(Unknown Source)
	at TempTestSuite1655885093224.run(TempTestSuite1655885093224.groovy:36)
)

2022-06-22 16:48:14 - [MESSAGE][WARNING] - Timeout '0' is invalid. Using default page load timeout: '40'

2022-06-22 16:48:14 - [MESSAGE][FAILED] - Failed to check for element 'Object Repository/Duit Now/duitNowConfirmationServiceFeeTitleTxt' exist (Root cause: org.openqa.selenium.WebDriverException: An unknown server-side error occurred while processing the command. Original error: 'GET /window/current/size' cannot be proxied to UiAutomator2 server because the instrumentation process is not running (probably crashed). Check the server log and/or the logcat output for more details
Build info: version: '3.141.59', revision: 'e82be7d358', time: '2018-11-14T08:25:53'
System info: host: '00139272s-MacBook-Pro.local', ip: '2001:e68:6167:d901:5dd8:2a3:885f:7e34%en0', os.name: 'Mac OS X', os.arch: 'x86_64', os.version: '10.16', java.version: '1.8.0_275'
Driver info: com.kms.katalon.core.appium.driver.SwipeableAndroidDriver
Capabilities {app: /Users/a00139272/Katalon St..., appActivity: com.maybank2u.life.MainActi..., appPackage: com.maybank2u.life.sit, appWaitActivity: *, autoGrantPermissions: true, automationName: uiautomator2, chromedriverPort: 52878, databaseEnabled: false, desired: {app: /Users/a00139272/Katalon St..., appActivity: com.maybank2u.life.MainActi..., appPackage: com.maybank2u.life.sit, appWaitActivity: *, autoGrantPermissions: true, automationName: uiautomator2, chromedriverPort: 52878, deviceId: 002b9cc60508, deviceName: Xiaomi 21061119AG (Android 11), fullReset: false, newCommandTimeout: 1800, noReset: true, platform: ANDROID, platformName: android, platformVersion: 11, systemPort: 52876, udid: 002b9cc60508}, deviceApiLevel: 30, deviceId: 002b9cc60508, deviceManufacturer: Xiaomi, deviceModel: 21061119AG, deviceName: 002b9cc60508, deviceScreenDensity: 440, deviceScreenSize: 1080x2400, deviceUDID: 002b9cc60508, fullReset: false, javascriptEnabled: true, locationContextEnabled: false, networkConnectionEnabled: true, newCommandTimeout: 1800, noReset: true, pixelRatio: 2.75, platform: ANDROID, platformName: Android, platformVersion: 11, statBarHeight: 103, systemPort: 52876, takesScreenshot: true, udid: 002b9cc60508, viewportRect: {height: 2064, left: 0, top: 103, width: 1080}, warnings: {}, webStorageEnabled: false}
Session ID: 07e0a906-f567-4646-abfd-84c6cc800d18
	at org.openqa.selenium.remote.http.W3CHttpResponseCodec.createException(W3CHttpResponseCodec.java:187)
	at org.openqa.selenium.remote.http.W3CHttpResponseCodec.decode(W3CHttpResponseCodec.java:122)
	at org.openqa.selenium.remote.http.W3CHttpResponseCodec.decode(W3CHttpResponseCodec.java:49)
	at org.openqa.selenium.remote.HttpCommandExecutor.execute(HttpCommandExecutor.java:158)
	at io.appium.java_client.remote.AppiumCommandExecutor.execute(AppiumCommandExecutor.java:239)
	at org.openqa.selenium.remote.RemoteWebDriver.execute(RemoteWebDriver.java:552)
	at io.appium.java_client.DefaultGenericMobileDriver.execute(DefaultGenericMobileDriver.java:46)
	at io.appium.java_client.AppiumDriver.execute(AppiumDriver.java:1)
	at io.appium.java_client.android.AndroidDriver.execute(AndroidDriver.java:1)
	at com.kms.katalon.core.appium.driver.SwipeableAndroidDriver.execute(SwipeableAndroidDriver.java:1)
	at org.openqa.selenium.remote.RemoteWebDriver$RemoteWebDriverOptions$RemoteWindow.getSize(RemoteWebDriver.java:813)
	at org.openqa.selenium.WebDriver$Window$getSize.call(Unknown Source)
	at com.kms.katalon.core.mobile.keyword.internal.MobileAbstractKeyword.findElement(MobileAbstractKeyword.groovy:81)
	at com.kms.katalon.core.mobile.keyword.builtin.VerifyElementExistKeyword.access$1(VerifyElementExistKeyword.groovy)
	at com.kms.katalon.core.mobile.keyword.builtin.VerifyElementExistKeyword$_verifyElementExist_closure1.doCall(VerifyElementExistKeyword.groovy:72)
	at com.kms.katalon.core.mobile.keyword.builtin.VerifyElementExistKeyword$_verifyElementExist_closure1.call(VerifyElementExistKeyword.groovy)
	at com.kms.katalon.core.mobile.keyword.internal.MobileKeywordMain.runKeyword(MobileKeywordMain.groovy:21)
	at com.kms.katalon.core.mobile.keyword.builtin.VerifyElementExistKeyword.verifyElementExist(VerifyElementExistKeyword.groovy:80)
	at com.kms.katalon.core.mobile.keyword.builtin.VerifyElementExistKeyword.execute(VerifyElementExistKeyword.groovy:64)
	at com.kms.katalon.core.keyword.internal.KeywordExecutor.executeKeywordForPlatform(KeywordExecutor.groovy:74)
	at com.kms.katalon.core.mobile.keyword.MobileBuiltInKeywords.verifyElementExist(MobileBuiltInKeywords.groovy:1755)
	at com.kms.katalon.core.mobile.keyword.MobileBuiltInKeywords$verifyElementExist$8.call(Unknown Source)
	at duitNow_businessRegNumberTransaction.run(duitNow_businessRegNumberTransaction:191)
	at com.kms.katalon.core.main.ScriptEngine.run(ScriptEngine.java:194)
	at com.kms.katalon.core.main.ScriptEngine.runScriptAsRawText(ScriptEngine.java:119)
	at com.kms.katalon.core.main.TestCaseExecutor.runScript(TestCaseExecutor.java:445)
	at com.kms.katalon.core.main.TestCaseExecutor.doExecute(TestCaseExecutor.java:436)
	at com.kms.katalon.core.main.TestCaseExecutor.processExecutionPhase(TestCaseExecutor.java:415)
	at com.kms.katalon.core.main.TestCaseExecutor.accessMainPhase(TestCaseExecutor.java:407)
	at com.kms.katalon.core.main.TestCaseExecutor.execute(TestCaseExecutor.java:284)
	at com.kms.katalon.core.common.CommonExecutor.accessTestCaseMainPhase(CommonExecutor.java:65)
	at com.kms.katalon.core.main.TestSuiteExecutor.accessTestSuiteMainPhase(TestSuiteExecutor.java:144)
	at com.kms.katalon.core.main.TestSuiteExecutor.execute(TestSuiteExecutor.java:106)
	at com.kms.katalon.core.main.TestCaseMain.startTestSuite(TestCaseMain.java:185)
	at com.kms.katalon.core.main.TestCaseMain$startTestSuite$0.call(Unknown Source)
	at TempTestSuite1655885093224.run(TempTestSuite1655885093224.groovy:36)
)

2022-06-22 16:48:14 - [TEST_STEP][FAILED] - verifyElementText(findTestObject("Duit Now/duitNowConfirmationIDTypeTxt", ["proxy":proxy]), proxy): Verify element text of test object 'Object Repository/Duit Now/duitNowConfirmationIDTypeTxt' FAILED. (Root cause: org.openqa.selenium.WebDriverException: An unknown server-side error occurred while processing the command. Original error: 'GET /window/current/size' cannot be proxied to UiAutomator2 server because the instrumentation process is not running (probably crashed). Check the server log and/or the logcat output for more details
Build info: version: '3.141.59', revision: 'e82be7d358', time: '2018-11-14T08:25:53'
System info: host: '00139272s-MacBook-Pro.local', ip: '2001:e68:6167:d901:5dd8:2a3:885f:7e34%en0', os.name: 'Mac OS X', os.arch: 'x86_64', os.version: '10.16', java.version: '1.8.0_275'
Driver info: com.kms.katalon.core.appium.driver.SwipeableAndroidDriver
Capabilities {app: /Users/a00139272/Katalon St..., appActivity: com.maybank2u.life.MainActi..., appPackage: com.maybank2u.life.sit, appWaitActivity: *, autoGrantPermissions: true, automationName: uiautomator2, chromedriverPort: 52878, databaseEnabled: false, desired: {app: /Users/a00139272/Katalon St..., appActivity: com.maybank2u.life.MainActi..., appPackage: com.maybank2u.life.sit, appWaitActivity: *, autoGrantPermissions: true, automationName: uiautomator2, chromedriverPort: 52878, deviceId: 002b9cc60508, deviceName: Xiaomi 21061119AG (Android 11), fullReset: false, newCommandTimeout: 1800, noReset: true, platform: ANDROID, platformName: android, platformVersion: 11, systemPort: 52876, udid: 002b9cc60508}, deviceApiLevel: 30, deviceId: 002b9cc60508, deviceManufacturer: Xiaomi, deviceModel: 21061119AG, deviceName: 002b9cc60508, deviceScreenDensity: 440, deviceScreenSize: 1080x2400, deviceUDID: 002b9cc60508, fullReset: false, javascriptEnabled: true, locationContextEnabled: false, networkConnectionEnabled: true, newCommandTimeout: 1800, noReset: true, pixelRatio: 2.75, platform: ANDROID, platformName: Android, platformVersion: 11, statBarHeight: 103, systemPort: 52876, takesScreenshot: true, udid: 002b9cc60508, viewportRect: {height: 2064, left: 0, top: 103, width: 1080}, warnings: {}, webStorageEnabled: false}
Session ID: 07e0a906-f567-4646-abfd-84c6cc800d18
	at org.openqa.selenium.remote.http.W3CHttpResponseCodec.createException(W3CHttpResponseCodec.java:187)
	at org.openqa.selenium.remote.http.W3CHttpResponseCodec.decode(W3CHttpResponseCodec.java:122)
	at org.openqa.selenium.remote.http.W3CHttpResponseCodec.decode(W3CHttpResponseCodec.java:49)
	at org.openqa.selenium.remote.HttpCommandExecutor.execute(HttpCommandExecutor.java:158)
	at io.appium.java_client.remote.AppiumCommandExecutor.execute(AppiumCommandExecutor.java:239)
	at org.openqa.selenium.remote.RemoteWebDriver.execute(RemoteWebDriver.java:552)
	at io.appium.java_client.DefaultGenericMobileDriver.execute(DefaultGenericMobileDriver.java:46)
	at io.appium.java_client.AppiumDriver.execute(AppiumDriver.java:1)
	at io.appium.java_client.android.AndroidDriver.execute(AndroidDriver.java:1)
	at com.kms.katalon.core.appium.driver.SwipeableAndroidDriver.execute(SwipeableAndroidDriver.java:1)
	at org.openqa.selenium.remote.RemoteWebDriver$RemoteWebDriverOptions$RemoteWindow.getSize(RemoteWebDriver.java:813)
	at org.openqa.selenium.WebDriver$Window$getSize.call(Unknown Source)
	at com.kms.katalon.core.mobile.keyword.internal.MobileAbstractKeyword.findElement(MobileAbstractKeyword.groovy:81)
	at com.kms.katalon.core.mobile.keyword.builtin.VerifyElementTextKeyword.access$1(VerifyElementTextKeyword.groovy)
	at com.kms.katalon.core.mobile.keyword.builtin.VerifyElementTextKeyword$_verifyElementText_closure1.doCall(VerifyElementTextKeyword.groovy:47)
	at com.kms.katalon.core.mobile.keyword.builtin.VerifyElementTextKeyword$_verifyElementText_closure1.call(VerifyElementTextKeyword.groovy)
	at com.kms.katalon.core.mobile.keyword.internal.MobileKeywordMain.runKeyword(MobileKeywordMain.groovy:21)
	at com.kms.katalon.core.mobile.keyword.builtin.VerifyElementTextKeyword.verifyElementText(VerifyElementTextKeyword.groovy:62)
	at com.kms.katalon.core.mobile.keyword.builtin.VerifyElementTextKeyword.execute(VerifyElementTextKeyword.groovy:39)
	at com.kms.katalon.core.keyword.internal.KeywordExecutor.executeKeywordForPlatform(KeywordExecutor.groovy:74)
	at com.kms.katalon.core.mobile.keyword.MobileBuiltInKeywords.verifyElementText(MobileBuiltInKeywords.groovy:2901)
	at com.kms.katalon.core.mobile.keyword.MobileBuiltInKeywords$verifyElementText$9.call(Unknown Source)
	at duitNow_businessRegNumberTransaction.run(duitNow_businessRegNumberTransaction:193)
	at com.kms.katalon.core.main.ScriptEngine.run(ScriptEngine.java:194)
	at com.kms.katalon.core.main.ScriptEngine.runScriptAsRawText(ScriptEngine.java:119)
	at com.kms.katalon.core.main.TestCaseExecutor.runScript(TestCaseExecutor.java:445)
	at com.kms.katalon.core.main.TestCaseExecutor.doExecute(TestCaseExecutor.java:436)
	at com.kms.katalon.core.main.TestCaseExecutor.processExecutionPhase(TestCaseExecutor.java:415)
	at com.kms.katalon.core.main.TestCaseExecutor.accessMainPhase(TestCaseExecutor.java:407)
	at com.kms.katalon.core.main.TestCaseExecutor.execute(TestCaseExecutor.java:284)
	at com.kms.katalon.core.common.CommonExecutor.accessTestCaseMainPhase(CommonExecutor.java:65)
	at com.kms.katalon.core.main.TestSuiteExecutor.accessTestSuiteMainPhase(TestSuiteExecutor.java:144)
	at com.kms.katalon.core.main.TestSuiteExecutor.execute(TestSuiteExecutor.java:106)
	at com.kms.katalon.core.main.TestCaseMain.startTestSuite(TestCaseMain.java:185)
	at com.kms.katalon.core.main.TestCaseMain$startTestSuite$0.call(Unknown Source)
	at TempTestSuite1655885093224.run(TempTestSuite1655885093224.groovy:36)
)

2022-06-22 16:48:14 - [MESSAGE][FAILED] - Verify element text of test object 'Object Repository/Duit Now/duitNowConfirmationIDTypeTxt' FAILED. (Root cause: org.openqa.selenium.WebDriverException: An unknown server-side error occurred while processing the command. Original error: 'GET /window/current/size' cannot be proxied to UiAutomator2 server because the instrumentation process is not running (probably crashed). Check the server log and/or the logcat output for more details
Build info: version: '3.141.59', revision: 'e82be7d358', time: '2018-11-14T08:25:53'
System info: host: '00139272s-MacBook-Pro.local', ip: '2001:e68:6167:d901:5dd8:2a3:885f:7e34%en0', os.name: 'Mac OS X', os.arch: 'x86_64', os.version: '10.16', java.version: '1.8.0_275'
Driver info: com.kms.katalon.core.appium.driver.SwipeableAndroidDriver
Capabilities {app: /Users/a00139272/Katalon St..., appActivity: com.maybank2u.life.MainActi..., appPackage: com.maybank2u.life.sit, appWaitActivity: *, autoGrantPermissions: true, automationName: uiautomator2, chromedriverPort: 52878, databaseEnabled: false, desired: {app: /Users/a00139272/Katalon St..., appActivity: com.maybank2u.life.MainActi..., appPackage: com.maybank2u.life.sit, appWaitActivity: *, autoGrantPermissions: true, automationName: uiautomator2, chromedriverPort: 52878, deviceId: 002b9cc60508, deviceName: Xiaomi 21061119AG (Android 11), fullReset: false, newCommandTimeout: 1800, noReset: true, platform: ANDROID, platformName: android, platformVersion: 11, systemPort: 52876, udid: 002b9cc60508}, deviceApiLevel: 30, deviceId: 002b9cc60508, deviceManufacturer: Xiaomi, deviceModel: 21061119AG, deviceName: 002b9cc60508, deviceScreenDensity: 440, deviceScreenSize: 1080x2400, deviceUDID: 002b9cc60508, fullReset: false, javascriptEnabled: true, locationContextEnabled: false, networkConnectionEnabled: true, newCommandTimeout: 1800, noReset: true, pixelRatio: 2.75, platform: ANDROID, platformName: Android, platformVersion: 11, statBarHeight: 103, systemPort: 52876, takesScreenshot: true, udid: 002b9cc60508, viewportRect: {height: 2064, left: 0, top: 103, width: 1080}, warnings: {}, webStorageEnabled: false}
Session ID: 07e0a906-f567-4646-abfd-84c6cc800d18
	at org.openqa.selenium.remote.http.W3CHttpResponseCodec.createException(W3CHttpResponseCodec.java:187)
	at org.openqa.selenium.remote.http.W3CHttpResponseCodec.decode(W3CHttpResponseCodec.java:122)
	at org.openqa.selenium.remote.http.W3CHttpResponseCodec.decode(W3CHttpResponseCodec.java:49)
	at org.openqa.selenium.remote.HttpCommandExecutor.execute(HttpCommandExecutor.java:158)
	at io.appium.java_client.remote.AppiumCommandExecutor.execute(AppiumCommandExecutor.java:239)
	at org.openqa.selenium.remote.RemoteWebDriver.execute(RemoteWebDriver.java:552)
	at io.appium.java_client.DefaultGenericMobileDriver.execute(DefaultGenericMobileDriver.java:46)
	at io.appium.java_client.AppiumDriver.execute(AppiumDriver.java:1)
	at io.appium.java_client.android.AndroidDriver.execute(AndroidDriver.java:1)
	at com.kms.katalon.core.appium.driver.SwipeableAndroidDriver.execute(SwipeableAndroidDriver.java:1)
	at org.openqa.selenium.remote.RemoteWebDriver$RemoteWebDriverOptions$RemoteWindow.getSize(RemoteWebDriver.java:813)
	at org.openqa.selenium.WebDriver$Window$getSize.call(Unknown Source)
	at com.kms.katalon.core.mobile.keyword.internal.MobileAbstractKeyword.findElement(MobileAbstractKeyword.groovy:81)
	at com.kms.katalon.core.mobile.keyword.builtin.VerifyElementTextKeyword.access$1(VerifyElementTextKeyword.groovy)
	at com.kms.katalon.core.mobile.keyword.builtin.VerifyElementTextKeyword$_verifyElementText_closure1.doCall(VerifyElementTextKeyword.groovy:47)
	at com.kms.katalon.core.mobile.keyword.builtin.VerifyElementTextKeyword$_verifyElementText_closure1.call(VerifyElementTextKeyword.groovy)
	at com.kms.katalon.core.mobile.keyword.internal.MobileKeywordMain.runKeyword(MobileKeywordMain.groovy:21)
	at com.kms.katalon.core.mobile.keyword.builtin.VerifyElementTextKeyword.verifyElementText(VerifyElementTextKeyword.groovy:62)
	at com.kms.katalon.core.mobile.keyword.builtin.VerifyElementTextKeyword.execute(VerifyElementTextKeyword.groovy:39)
	at com.kms.katalon.core.keyword.internal.KeywordExecutor.executeKeywordForPlatform(KeywordExecutor.groovy:74)
	at com.kms.katalon.core.mobile.keyword.MobileBuiltInKeywords.verifyElementText(MobileBuiltInKeywords.groovy:2901)
	at com.kms.katalon.core.mobile.keyword.MobileBuiltInKeywords$verifyElementText$9.call(Unknown Source)
	at duitNow_businessRegNumberTransaction.run(duitNow_businessRegNumberTransaction:193)
	at com.kms.katalon.core.main.ScriptEngine.run(ScriptEngine.java:194)
	at com.kms.katalon.core.main.ScriptEngine.runScriptAsRawText(ScriptEngine.java:119)
	at com.kms.katalon.core.main.TestCaseExecutor.runScript(TestCaseExecutor.java:445)
	at com.kms.katalon.core.main.TestCaseExecutor.doExecute(TestCaseExecutor.java:436)
	at com.kms.katalon.core.main.TestCaseExecutor.processExecutionPhase(TestCaseExecutor.java:415)
	at com.kms.katalon.core.main.TestCaseExecutor.accessMainPhase(TestCaseExecutor.java:407)
	at com.kms.katalon.core.main.TestCaseExecutor.execute(TestCaseExecutor.java:284)
	at com.kms.katalon.core.common.CommonExecutor.accessTestCaseMainPhase(CommonExecutor.java:65)
	at com.kms.katalon.core.main.TestSuiteExecutor.accessTestSuiteMainPhase(TestSuiteExecutor.java:144)
	at com.kms.katalon.core.main.TestSuiteExecutor.execute(TestSuiteExecutor.java:106)
	at com.kms.katalon.core.main.TestCaseMain.startTestSuite(TestCaseMain.java:185)
	at com.kms.katalon.core.main.TestCaseMain$startTestSuite$0.call(Unknown Source)
	at TempTestSuite1655885093224.run(TempTestSuite1655885093224.groovy:36)
)

2022-06-22 16:48:14 - [TEST_STEP][FAILED] - verifyElementText(findTestObject("Duit Now/duitNowConfirmationReceiveDateTxt"), "Today"): Verify element text of test object 'Object Repository/Duit Now/duitNowConfirmationReceiveDateTxt' FAILED. (Root cause: org.openqa.selenium.WebDriverException: An unknown server-side error occurred while processing the command. Original error: 'GET /window/current/size' cannot be proxied to UiAutomator2 server because the instrumentation process is not running (probably crashed). Check the server log and/or the logcat output for more details
Build info: version: '3.141.59', revision: 'e82be7d358', time: '2018-11-14T08:25:53'
System info: host: '00139272s-MacBook-Pro.local', ip: '2001:e68:6167:d901:5dd8:2a3:885f:7e34%en0', os.name: 'Mac OS X', os.arch: 'x86_64', os.version: '10.16', java.version: '1.8.0_275'
Driver info: com.kms.katalon.core.appium.driver.SwipeableAndroidDriver
Capabilities {app: /Users/a00139272/Katalon St..., appActivity: com.maybank2u.life.MainActi..., appPackage: com.maybank2u.life.sit, appWaitActivity: *, autoGrantPermissions: true, automationName: uiautomator2, chromedriverPort: 52878, databaseEnabled: false, desired: {app: /Users/a00139272/Katalon St..., appActivity: com.maybank2u.life.MainActi..., appPackage: com.maybank2u.life.sit, appWaitActivity: *, autoGrantPermissions: true, automationName: uiautomator2, chromedriverPort: 52878, deviceId: 002b9cc60508, deviceName: Xiaomi 21061119AG (Android 11), fullReset: false, newCommandTimeout: 1800, noReset: true, platform: ANDROID, platformName: android, platformVersion: 11, systemPort: 52876, udid: 002b9cc60508}, deviceApiLevel: 30, deviceId: 002b9cc60508, deviceManufacturer: Xiaomi, deviceModel: 21061119AG, deviceName: 002b9cc60508, deviceScreenDensity: 440, deviceScreenSize: 1080x2400, deviceUDID: 002b9cc60508, fullReset: false, javascriptEnabled: true, locationContextEnabled: false, networkConnectionEnabled: true, newCommandTimeout: 1800, noReset: true, pixelRatio: 2.75, platform: ANDROID, platformName: Android, platformVersion: 11, statBarHeight: 103, systemPort: 52876, takesScreenshot: true, udid: 002b9cc60508, viewportRect: {height: 2064, left: 0, top: 103, width: 1080}, warnings: {}, webStorageEnabled: false}
Session ID: 07e0a906-f567-4646-abfd-84c6cc800d18
	at org.openqa.selenium.remote.http.W3CHttpResponseCodec.createException(W3CHttpResponseCodec.java:187)
	at org.openqa.selenium.remote.http.W3CHttpResponseCodec.decode(W3CHttpResponseCodec.java:122)
	at org.openqa.selenium.remote.http.W3CHttpResponseCodec.decode(W3CHttpResponseCodec.java:49)
	at org.openqa.selenium.remote.HttpCommandExecutor.execute(HttpCommandExecutor.java:158)
	at io.appium.java_client.remote.AppiumCommandExecutor.execute(AppiumCommandExecutor.java:239)
	at org.openqa.selenium.remote.RemoteWebDriver.execute(RemoteWebDriver.java:552)
	at io.appium.java_client.DefaultGenericMobileDriver.execute(DefaultGenericMobileDriver.java:46)
	at io.appium.java_client.AppiumDriver.execute(AppiumDriver.java:1)
	at io.appium.java_client.android.AndroidDriver.execute(AndroidDriver.java:1)
	at com.kms.katalon.core.appium.driver.SwipeableAndroidDriver.execute(SwipeableAndroidDriver.java:1)
	at org.openqa.selenium.remote.RemoteWebDriver$RemoteWebDriverOptions$RemoteWindow.getSize(RemoteWebDriver.java:813)
	at org.openqa.selenium.WebDriver$Window$getSize.call(Unknown Source)
	at com.kms.katalon.core.mobile.keyword.internal.MobileAbstractKeyword.findElement(MobileAbstractKeyword.groovy:81)
	at com.kms.katalon.core.mobile.keyword.builtin.VerifyElementTextKeyword.access$1(VerifyElementTextKeyword.groovy)
	at com.kms.katalon.core.mobile.keyword.builtin.VerifyElementTextKeyword$_verifyElementText_closure1.doCall(VerifyElementTextKeyword.groovy:47)
	at com.kms.katalon.core.mobile.keyword.builtin.VerifyElementTextKeyword$_verifyElementText_closure1.call(VerifyElementTextKeyword.groovy)
	at com.kms.katalon.core.mobile.keyword.internal.MobileKeywordMain.runKeyword(MobileKeywordMain.groovy:21)
	at com.kms.katalon.core.mobile.keyword.builtin.VerifyElementTextKeyword.verifyElementText(VerifyElementTextKeyword.groovy:62)
	at com.kms.katalon.core.mobile.keyword.builtin.VerifyElementTextKeyword.execute(VerifyElementTextKeyword.groovy:39)
	at com.kms.katalon.core.keyword.internal.KeywordExecutor.executeKeywordForPlatform(KeywordExecutor.groovy:74)
	at com.kms.katalon.core.mobile.keyword.MobileBuiltInKeywords.verifyElementText(MobileBuiltInKeywords.groovy:2901)
	at com.kms.katalon.core.mobile.keyword.MobileBuiltInKeywords$verifyElementText$9.call(Unknown Source)
	at duitNow_businessRegNumberTransaction.run(duitNow_businessRegNumberTransaction:195)
	at com.kms.katalon.core.main.ScriptEngine.run(ScriptEngine.java:194)
	at com.kms.katalon.core.main.ScriptEngine.runScriptAsRawText(ScriptEngine.java:119)
	at com.kms.katalon.core.main.TestCaseExecutor.runScript(TestCaseExecutor.java:445)
	at com.kms.katalon.core.main.TestCaseExecutor.doExecute(TestCaseExecutor.java:436)
	at com.kms.katalon.core.main.TestCaseExecutor.processExecutionPhase(TestCaseExecutor.java:415)
	at com.kms.katalon.core.main.TestCaseExecutor.accessMainPhase(TestCaseExecutor.java:407)
	at com.kms.katalon.core.main.TestCaseExecutor.execute(TestCaseExecutor.java:284)
	at com.kms.katalon.core.common.CommonExecutor.accessTestCaseMainPhase(CommonExecutor.java:65)
	at com.kms.katalon.core.main.TestSuiteExecutor.accessTestSuiteMainPhase(TestSuiteExecutor.java:144)
	at com.kms.katalon.core.main.TestSuiteExecutor.execute(TestSuiteExecutor.java:106)
	at com.kms.katalon.core.main.TestCaseMain.startTestSuite(TestCaseMain.java:185)
	at com.kms.katalon.core.main.TestCaseMain$startTestSuite$0.call(Unknown Source)
	at TempTestSuite1655885093224.run(TempTestSuite1655885093224.groovy:36)
)

2022-06-22 16:48:14 - [MESSAGE][FAILED] - Verify element text of test object 'Object Repository/Duit Now/duitNowConfirmationReceiveDateTxt' FAILED. (Root cause: org.openqa.selenium.WebDriverException: An unknown server-side error occurred while processing the command. Original error: 'GET /window/current/size' cannot be proxied to UiAutomator2 server because the instrumentation process is not running (probably crashed). Check the server log and/or the logcat output for more details
Build info: version: '3.141.59', revision: 'e82be7d358', time: '2018-11-14T08:25:53'
System info: host: '00139272s-MacBook-Pro.local', ip: '2001:e68:6167:d901:5dd8:2a3:885f:7e34%en0', os.name: 'Mac OS X', os.arch: 'x86_64', os.version: '10.16', java.version: '1.8.0_275'
Driver info: com.kms.katalon.core.appium.driver.SwipeableAndroidDriver
Capabilities {app: /Users/a00139272/Katalon St..., appActivity: com.maybank2u.life.MainActi..., appPackage: com.maybank2u.life.sit, appWaitActivity: *, autoGrantPermissions: true, automationName: uiautomator2, chromedriverPort: 52878, databaseEnabled: false, desired: {app: /Users/a00139272/Katalon St..., appActivity: com.maybank2u.life.MainActi..., appPackage: com.maybank2u.life.sit, appWaitActivity: *, autoGrantPermissions: true, automationName: uiautomator2, chromedriverPort: 52878, deviceId: 002b9cc60508, deviceName: Xiaomi 21061119AG (Android 11), fullReset: false, newCommandTimeout: 1800, noReset: true, platform: ANDROID, platformName: android, platformVersion: 11, systemPort: 52876, udid: 002b9cc60508}, deviceApiLevel: 30, deviceId: 002b9cc60508, deviceManufacturer: Xiaomi, deviceModel: 21061119AG, deviceName: 002b9cc60508, deviceScreenDensity: 440, deviceScreenSize: 1080x2400, deviceUDID: 002b9cc60508, fullReset: false, javascriptEnabled: true, locationContextEnabled: false, networkConnectionEnabled: true, newCommandTimeout: 1800, noReset: true, pixelRatio: 2.75, platform: ANDROID, platformName: Android, platformVersion: 11, statBarHeight: 103, systemPort: 52876, takesScreenshot: true, udid: 002b9cc60508, viewportRect: {height: 2064, left: 0, top: 103, width: 1080}, warnings: {}, webStorageEnabled: false}
Session ID: 07e0a906-f567-4646-abfd-84c6cc800d18
	at org.openqa.selenium.remote.http.W3CHttpResponseCodec.createException(W3CHttpResponseCodec.java:187)
	at org.openqa.selenium.remote.http.W3CHttpResponseCodec.decode(W3CHttpResponseCodec.java:122)
	at org.openqa.selenium.remote.http.W3CHttpResponseCodec.decode(W3CHttpResponseCodec.java:49)
	at org.openqa.selenium.remote.HttpCommandExecutor.execute(HttpCommandExecutor.java:158)
	at io.appium.java_client.remote.AppiumCommandExecutor.execute(AppiumCommandExecutor.java:239)
	at org.openqa.selenium.remote.RemoteWebDriver.execute(RemoteWebDriver.java:552)
	at io.appium.java_client.DefaultGenericMobileDriver.execute(DefaultGenericMobileDriver.java:46)
	at io.appium.java_client.AppiumDriver.execute(AppiumDriver.java:1)
	at io.appium.java_client.android.AndroidDriver.execute(AndroidDriver.java:1)
	at com.kms.katalon.core.appium.driver.SwipeableAndroidDriver.execute(SwipeableAndroidDriver.java:1)
	at org.openqa.selenium.remote.RemoteWebDriver$RemoteWebDriverOptions$RemoteWindow.getSize(RemoteWebDriver.java:813)
	at org.openqa.selenium.WebDriver$Window$getSize.call(Unknown Source)
	at com.kms.katalon.core.mobile.keyword.internal.MobileAbstractKeyword.findElement(MobileAbstractKeyword.groovy:81)
	at com.kms.katalon.core.mobile.keyword.builtin.VerifyElementTextKeyword.access$1(VerifyElementTextKeyword.groovy)
	at com.kms.katalon.core.mobile.keyword.builtin.VerifyElementTextKeyword$_verifyElementText_closure1.doCall(VerifyElementTextKeyword.groovy:47)
	at com.kms.katalon.core.mobile.keyword.builtin.VerifyElementTextKeyword$_verifyElementText_closure1.call(VerifyElementTextKeyword.groovy)
	at com.kms.katalon.core.mobile.keyword.internal.MobileKeywordMain.runKeyword(MobileKeywordMain.groovy:21)
	at com.kms.katalon.core.mobile.keyword.builtin.VerifyElementTextKeyword.verifyElementText(VerifyElementTextKeyword.groovy:62)
	at com.kms.katalon.core.mobile.keyword.builtin.VerifyElementTextKeyword.execute(VerifyElementTextKeyword.groovy:39)
	at com.kms.katalon.core.keyword.internal.KeywordExecutor.executeKeywordForPlatform(KeywordExecutor.groovy:74)
	at com.kms.katalon.core.mobile.keyword.MobileBuiltInKeywords.verifyElementText(MobileBuiltInKeywords.groovy:2901)
	at com.kms.katalon.core.mobile.keyword.MobileBuiltInKeywords$verifyElementText$9.call(Unknown Source)
	at duitNow_businessRegNumberTransaction.run(duitNow_businessRegNumberTransaction:195)
	at com.kms.katalon.core.main.ScriptEngine.run(ScriptEngine.java:194)
	at com.kms.katalon.core.main.ScriptEngine.runScriptAsRawText(ScriptEngine.java:119)
	at com.kms.katalon.core.main.TestCaseExecutor.runScript(TestCaseExecutor.java:445)
	at com.kms.katalon.core.main.TestCaseExecutor.doExecute(TestCaseExecutor.java:436)
	at com.kms.katalon.core.main.TestCaseExecutor.processExecutionPhase(TestCaseExecutor.java:415)
	at com.kms.katalon.core.main.TestCaseExecutor.accessMainPhase(TestCaseExecutor.java:407)
	at com.kms.katalon.core.main.TestCaseExecutor.execute(TestCaseExecutor.java:284)
	at com.kms.katalon.core.common.CommonExecutor.accessTestCaseMainPhase(CommonExecutor.java:65)
	at com.kms.katalon.core.main.TestSuiteExecutor.accessTestSuiteMainPhase(TestSuiteExecutor.java:144)
	at com.kms.katalon.core.main.TestSuiteExecutor.execute(TestSuiteExecutor.java:106)
	at com.kms.katalon.core.main.TestCaseMain.startTestSuite(TestCaseMain.java:185)
	at com.kms.katalon.core.main.TestCaseMain$startTestSuite$0.call(Unknown Source)
	at TempTestSuite1655885093224.run(TempTestSuite1655885093224.groovy:36)
)

2022-06-22 16:48:14 - [TEST_STEP][FAILED] - verifyElementText(findTestObject("Duit Now/duitNowConfirmationReferenceTxt", ["reference":reference]), reference): Verify element text of test object 'Object Repository/Duit Now/duitNowConfirmationReferenceTxt' FAILED. (Root cause: org.openqa.selenium.WebDriverException: An unknown server-side error occurred while processing the command. Original error: 'GET /window/current/size' cannot be proxied to UiAutomator2 server because the instrumentation process is not running (probably crashed). Check the server log and/or the logcat output for more details
Build info: version: '3.141.59', revision: 'e82be7d358', time: '2018-11-14T08:25:53'
System info: host: '00139272s-MacBook-Pro.local', ip: '2001:e68:6167:d901:5dd8:2a3:885f:7e34%en0', os.name: 'Mac OS X', os.arch: 'x86_64', os.version: '10.16', java.version: '1.8.0_275'
Driver info: com.kms.katalon.core.appium.driver.SwipeableAndroidDriver
Capabilities {app: /Users/a00139272/Katalon St..., appActivity: com.maybank2u.life.MainActi..., appPackage: com.maybank2u.life.sit, appWaitActivity: *, autoGrantPermissions: true, automationName: uiautomator2, chromedriverPort: 52878, databaseEnabled: false, desired: {app: /Users/a00139272/Katalon St..., appActivity: com.maybank2u.life.MainActi..., appPackage: com.maybank2u.life.sit, appWaitActivity: *, autoGrantPermissions: true, automationName: uiautomator2, chromedriverPort: 52878, deviceId: 002b9cc60508, deviceName: Xiaomi 21061119AG (Android 11), fullReset: false, newCommandTimeout: 1800, noReset: true, platform: ANDROID, platformName: android, platformVersion: 11, systemPort: 52876, udid: 002b9cc60508}, deviceApiLevel: 30, deviceId: 002b9cc60508, deviceManufacturer: Xiaomi, deviceModel: 21061119AG, deviceName: 002b9cc60508, deviceScreenDensity: 440, deviceScreenSize: 1080x2400, deviceUDID: 002b9cc60508, fullReset: false, javascriptEnabled: true, locationContextEnabled: false, networkConnectionEnabled: true, newCommandTimeout: 1800, noReset: true, pixelRatio: 2.75, platform: ANDROID, platformName: Android, platformVersion: 11, statBarHeight: 103, systemPort: 52876, takesScreenshot: true, udid: 002b9cc60508, viewportRect: {height: 2064, left: 0, top: 103, width: 1080}, warnings: {}, webStorageEnabled: false}
Session ID: 07e0a906-f567-4646-abfd-84c6cc800d18
	at org.openqa.selenium.remote.http.W3CHttpResponseCodec.createException(W3CHttpResponseCodec.java:187)
	at org.openqa.selenium.remote.http.W3CHttpResponseCodec.decode(W3CHttpResponseCodec.java:122)
	at org.openqa.selenium.remote.http.W3CHttpResponseCodec.decode(W3CHttpResponseCodec.java:49)
	at org.openqa.selenium.remote.HttpCommandExecutor.execute(HttpCommandExecutor.java:158)
	at io.appium.java_client.remote.AppiumCommandExecutor.execute(AppiumCommandExecutor.java:239)
	at org.openqa.selenium.remote.RemoteWebDriver.execute(RemoteWebDriver.java:552)
	at io.appium.java_client.DefaultGenericMobileDriver.execute(DefaultGenericMobileDriver.java:46)
	at io.appium.java_client.AppiumDriver.execute(AppiumDriver.java:1)
	at io.appium.java_client.android.AndroidDriver.execute(AndroidDriver.java:1)
	at com.kms.katalon.core.appium.driver.SwipeableAndroidDriver.execute(SwipeableAndroidDriver.java:1)
	at org.openqa.selenium.remote.RemoteWebDriver$RemoteWebDriverOptions$RemoteWindow.getSize(RemoteWebDriver.java:813)
	at org.openqa.selenium.WebDriver$Window$getSize.call(Unknown Source)
	at com.kms.katalon.core.mobile.keyword.internal.MobileAbstractKeyword.findElement(MobileAbstractKeyword.groovy:81)
	at com.kms.katalon.core.mobile.keyword.builtin.VerifyElementTextKeyword.access$1(VerifyElementTextKeyword.groovy)
	at com.kms.katalon.core.mobile.keyword.builtin.VerifyElementTextKeyword$_verifyElementText_closure1.doCall(VerifyElementTextKeyword.groovy:47)
	at com.kms.katalon.core.mobile.keyword.builtin.VerifyElementTextKeyword$_verifyElementText_closure1.call(VerifyElementTextKeyword.groovy)
	at com.kms.katalon.core.mobile.keyword.internal.MobileKeywordMain.runKeyword(MobileKeywordMain.groovy:21)
	at com.kms.katalon.core.mobile.keyword.builtin.VerifyElementTextKeyword.verifyElementText(VerifyElementTextKeyword.groovy:62)
	at com.kms.katalon.core.mobile.keyword.builtin.VerifyElementTextKeyword.execute(VerifyElementTextKeyword.groovy:39)
	at com.kms.katalon.core.keyword.internal.KeywordExecutor.executeKeywordForPlatform(KeywordExecutor.groovy:74)
	at com.kms.katalon.core.mobile.keyword.MobileBuiltInKeywords.verifyElementText(MobileBuiltInKeywords.groovy:2901)
	at com.kms.katalon.core.mobile.keyword.MobileBuiltInKeywords$verifyElementText$9.call(Unknown Source)
	at duitNow_businessRegNumberTransaction.run(duitNow_businessRegNumberTransaction:197)
	at com.kms.katalon.core.main.ScriptEngine.run(ScriptEngine.java:194)
	at com.kms.katalon.core.main.ScriptEngine.runScriptAsRawText(ScriptEngine.java:119)
	at com.kms.katalon.core.main.TestCaseExecutor.runScript(TestCaseExecutor.java:445)
	at com.kms.katalon.core.main.TestCaseExecutor.doExecute(TestCaseExecutor.java:436)
	at com.kms.katalon.core.main.TestCaseExecutor.processExecutionPhase(TestCaseExecutor.java:415)
	at com.kms.katalon.core.main.TestCaseExecutor.accessMainPhase(TestCaseExecutor.java:407)
	at com.kms.katalon.core.main.TestCaseExecutor.execute(TestCaseExecutor.java:284)
	at com.kms.katalon.core.common.CommonExecutor.accessTestCaseMainPhase(CommonExecutor.java:65)
	at com.kms.katalon.core.main.TestSuiteExecutor.accessTestSuiteMainPhase(TestSuiteExecutor.java:144)
	at com.kms.katalon.core.main.TestSuiteExecutor.execute(TestSuiteExecutor.java:106)
	at com.kms.katalon.core.main.TestCaseMain.startTestSuite(TestCaseMain.java:185)
	at com.kms.katalon.core.main.TestCaseMain$startTestSuite$0.call(Unknown Source)
	at TempTestSuite1655885093224.run(TempTestSuite1655885093224.groovy:36)
)

2022-06-22 16:48:14 - [MESSAGE][FAILED] - Verify element text of test object 'Object Repository/Duit Now/duitNowConfirmationReferenceTxt' FAILED. (Root cause: org.openqa.selenium.WebDriverException: An unknown server-side error occurred while processing the command. Original error: 'GET /window/current/size' cannot be proxied to UiAutomator2 server because the instrumentation process is not running (probably crashed). Check the server log and/or the logcat output for more details
Build info: version: '3.141.59', revision: 'e82be7d358', time: '2018-11-14T08:25:53'
System info: host: '00139272s-MacBook-Pro.local', ip: '2001:e68:6167:d901:5dd8:2a3:885f:7e34%en0', os.name: 'Mac OS X', os.arch: 'x86_64', os.version: '10.16', java.version: '1.8.0_275'
Driver info: com.kms.katalon.core.appium.driver.SwipeableAndroidDriver
Capabilities {app: /Users/a00139272/Katalon St..., appActivity: com.maybank2u.life.MainActi..., appPackage: com.maybank2u.life.sit, appWaitActivity: *, autoGrantPermissions: true, automationName: uiautomator2, chromedriverPort: 52878, databaseEnabled: false, desired: {app: /Users/a00139272/Katalon St..., appActivity: com.maybank2u.life.MainActi..., appPackage: com.maybank2u.life.sit, appWaitActivity: *, autoGrantPermissions: true, automationName: uiautomator2, chromedriverPort: 52878, deviceId: 002b9cc60508, deviceName: Xiaomi 21061119AG (Android 11), fullReset: false, newCommandTimeout: 1800, noReset: true, platform: ANDROID, platformName: android, platformVersion: 11, systemPort: 52876, udid: 002b9cc60508}, deviceApiLevel: 30, deviceId: 002b9cc60508, deviceManufacturer: Xiaomi, deviceModel: 21061119AG, deviceName: 002b9cc60508, deviceScreenDensity: 440, deviceScreenSize: 1080x2400, deviceUDID: 002b9cc60508, fullReset: false, javascriptEnabled: true, locationContextEnabled: false, networkConnectionEnabled: true, newCommandTimeout: 1800, noReset: true, pixelRatio: 2.75, platform: ANDROID, platformName: Android, platformVersion: 11, statBarHeight: 103, systemPort: 52876, takesScreenshot: true, udid: 002b9cc60508, viewportRect: {height: 2064, left: 0, top: 103, width: 1080}, warnings: {}, webStorageEnabled: false}
Session ID: 07e0a906-f567-4646-abfd-84c6cc800d18
	at org.openqa.selenium.remote.http.W3CHttpResponseCodec.createException(W3CHttpResponseCodec.java:187)
	at org.openqa.selenium.remote.http.W3CHttpResponseCodec.decode(W3CHttpResponseCodec.java:122)
	at org.openqa.selenium.remote.http.W3CHttpResponseCodec.decode(W3CHttpResponseCodec.java:49)
	at org.openqa.selenium.remote.HttpCommandExecutor.execute(HttpCommandExecutor.java:158)
	at io.appium.java_client.remote.AppiumCommandExecutor.execute(AppiumCommandExecutor.java:239)
	at org.openqa.selenium.remote.RemoteWebDriver.execute(RemoteWebDriver.java:552)
	at io.appium.java_client.DefaultGenericMobileDriver.execute(DefaultGenericMobileDriver.java:46)
	at io.appium.java_client.AppiumDriver.execute(AppiumDriver.java:1)
	at io.appium.java_client.android.AndroidDriver.execute(AndroidDriver.java:1)
	at com.kms.katalon.core.appium.driver.SwipeableAndroidDriver.execute(SwipeableAndroidDriver.java:1)
	at org.openqa.selenium.remote.RemoteWebDriver$RemoteWebDriverOptions$RemoteWindow.getSize(RemoteWebDriver.java:813)
	at org.openqa.selenium.WebDriver$Window$getSize.call(Unknown Source)
	at com.kms.katalon.core.mobile.keyword.internal.MobileAbstractKeyword.findElement(MobileAbstractKeyword.groovy:81)
	at com.kms.katalon.core.mobile.keyword.builtin.VerifyElementTextKeyword.access$1(VerifyElementTextKeyword.groovy)
	at com.kms.katalon.core.mobile.keyword.builtin.VerifyElementTextKeyword$_verifyElementText_closure1.doCall(VerifyElementTextKeyword.groovy:47)
	at com.kms.katalon.core.mobile.keyword.builtin.VerifyElementTextKeyword$_verifyElementText_closure1.call(VerifyElementTextKeyword.groovy)
	at com.kms.katalon.core.mobile.keyword.internal.MobileKeywordMain.runKeyword(MobileKeywordMain.groovy:21)
	at com.kms.katalon.core.mobile.keyword.builtin.VerifyElementTextKeyword.verifyElementText(VerifyElementTextKeyword.groovy:62)
	at com.kms.katalon.core.mobile.keyword.builtin.VerifyElementTextKeyword.execute(VerifyElementTextKeyword.groovy:39)
	at com.kms.katalon.core.keyword.internal.KeywordExecutor.executeKeywordForPlatform(KeywordExecutor.groovy:74)
	at com.kms.katalon.core.mobile.keyword.MobileBuiltInKeywords.verifyElementText(MobileBuiltInKeywords.groovy:2901)
	at com.kms.katalon.core.mobile.keyword.MobileBuiltInKeywords$verifyElementText$9.call(Unknown Source)
	at duitNow_businessRegNumberTransaction.run(duitNow_businessRegNumberTransaction:197)
	at com.kms.katalon.core.main.ScriptEngine.run(ScriptEngine.java:194)
	at com.kms.katalon.core.main.ScriptEngine.runScriptAsRawText(ScriptEngine.java:119)
	at com.kms.katalon.core.main.TestCaseExecutor.runScript(TestCaseExecutor.java:445)
	at com.kms.katalon.core.main.TestCaseExecutor.doExecute(TestCaseExecutor.java:436)
	at com.kms.katalon.core.main.TestCaseExecutor.processExecutionPhase(TestCaseExecutor.java:415)
	at com.kms.katalon.core.main.TestCaseExecutor.accessMainPhase(TestCaseExecutor.java:407)
	at com.kms.katalon.core.main.TestCaseExecutor.execute(TestCaseExecutor.java:284)
	at com.kms.katalon.core.common.CommonExecutor.accessTestCaseMainPhase(CommonExecutor.java:65)
	at com.kms.katalon.core.main.TestSuiteExecutor.accessTestSuiteMainPhase(TestSuiteExecutor.java:144)
	at com.kms.katalon.core.main.TestSuiteExecutor.execute(TestSuiteExecutor.java:106)
	at com.kms.katalon.core.main.TestCaseMain.startTestSuite(TestCaseMain.java:185)
	at com.kms.katalon.core.main.TestCaseMain$startTestSuite$0.call(Unknown Source)
	at TempTestSuite1655885093224.run(TempTestSuite1655885093224.groovy:36)
)

2022-06-22 16:48:14 - [TEST_STEP][FAILED] - verifyElementText(findTestObject("Duit Now/duitNowConfirmationServiceFeeAmountTxt"), "RM 0.00"): Verify element text of test object 'Object Repository/Duit Now/duitNowConfirmationServiceFeeAmountTxt' FAILED. (Root cause: org.openqa.selenium.WebDriverException: An unknown server-side error occurred while processing the command. Original error: 'GET /window/current/size' cannot be proxied to UiAutomator2 server because the instrumentation process is not running (probably crashed). Check the server log and/or the logcat output for more details
Build info: version: '3.141.59', revision: 'e82be7d358', time: '2018-11-14T08:25:53'
System info: host: '00139272s-MacBook-Pro.local', ip: '2001:e68:6167:d901:5dd8:2a3:885f:7e34%en0', os.name: 'Mac OS X', os.arch: 'x86_64', os.version: '10.16', java.version: '1.8.0_275'
Driver info: com.kms.katalon.core.appium.driver.SwipeableAndroidDriver
Capabilities {app: /Users/a00139272/Katalon St..., appActivity: com.maybank2u.life.MainActi..., appPackage: com.maybank2u.life.sit, appWaitActivity: *, autoGrantPermissions: true, automationName: uiautomator2, chromedriverPort: 52878, databaseEnabled: false, desired: {app: /Users/a00139272/Katalon St..., appActivity: com.maybank2u.life.MainActi..., appPackage: com.maybank2u.life.sit, appWaitActivity: *, autoGrantPermissions: true, automationName: uiautomator2, chromedriverPort: 52878, deviceId: 002b9cc60508, deviceName: Xiaomi 21061119AG (Android 11), fullReset: false, newCommandTimeout: 1800, noReset: true, platform: ANDROID, platformName: android, platformVersion: 11, systemPort: 52876, udid: 002b9cc60508}, deviceApiLevel: 30, deviceId: 002b9cc60508, deviceManufacturer: Xiaomi, deviceModel: 21061119AG, deviceName: 002b9cc60508, deviceScreenDensity: 440, deviceScreenSize: 1080x2400, deviceUDID: 002b9cc60508, fullReset: false, javascriptEnabled: true, locationContextEnabled: false, networkConnectionEnabled: true, newCommandTimeout: 1800, noReset: true, pixelRatio: 2.75, platform: ANDROID, platformName: Android, platformVersion: 11, statBarHeight: 103, systemPort: 52876, takesScreenshot: true, udid: 002b9cc60508, viewportRect: {height: 2064, left: 0, top: 103, width: 1080}, warnings: {}, webStorageEnabled: false}
Session ID: 07e0a906-f567-4646-abfd-84c6cc800d18
	at org.openqa.selenium.remote.http.W3CHttpResponseCodec.createException(W3CHttpResponseCodec.java:187)
	at org.openqa.selenium.remote.http.W3CHttpResponseCodec.decode(W3CHttpResponseCodec.java:122)
	at org.openqa.selenium.remote.http.W3CHttpResponseCodec.decode(W3CHttpResponseCodec.java:49)
	at org.openqa.selenium.remote.HttpCommandExecutor.execute(HttpCommandExecutor.java:158)
	at io.appium.java_client.remote.AppiumCommandExecutor.execute(AppiumCommandExecutor.java:239)
	at org.openqa.selenium.remote.RemoteWebDriver.execute(RemoteWebDriver.java:552)
	at io.appium.java_client.DefaultGenericMobileDriver.execute(DefaultGenericMobileDriver.java:46)
	at io.appium.java_client.AppiumDriver.execute(AppiumDriver.java:1)
	at io.appium.java_client.android.AndroidDriver.execute(AndroidDriver.java:1)
	at com.kms.katalon.core.appium.driver.SwipeableAndroidDriver.execute(SwipeableAndroidDriver.java:1)
	at org.openqa.selenium.remote.RemoteWebDriver$RemoteWebDriverOptions$RemoteWindow.getSize(RemoteWebDriver.java:813)
	at org.openqa.selenium.WebDriver$Window$getSize.call(Unknown Source)
	at com.kms.katalon.core.mobile.keyword.internal.MobileAbstractKeyword.findElement(MobileAbstractKeyword.groovy:81)
	at com.kms.katalon.core.mobile.keyword.builtin.VerifyElementTextKeyword.access$1(VerifyElementTextKeyword.groovy)
	at com.kms.katalon.core.mobile.keyword.builtin.VerifyElementTextKeyword$_verifyElementText_closure1.doCall(VerifyElementTextKeyword.groovy:47)
	at com.kms.katalon.core.mobile.keyword.builtin.VerifyElementTextKeyword$_verifyElementText_closure1.call(VerifyElementTextKeyword.groovy)
	at com.kms.katalon.core.mobile.keyword.internal.MobileKeywordMain.runKeyword(MobileKeywordMain.groovy:21)
	at com.kms.katalon.core.mobile.keyword.builtin.VerifyElementTextKeyword.verifyElementText(VerifyElementTextKeyword.groovy:62)
	at com.kms.katalon.core.mobile.keyword.builtin.VerifyElementTextKeyword.execute(VerifyElementTextKeyword.groovy:39)
	at com.kms.katalon.core.keyword.internal.KeywordExecutor.executeKeywordForPlatform(KeywordExecutor.groovy:74)
	at com.kms.katalon.core.mobile.keyword.MobileBuiltInKeywords.verifyElementText(MobileBuiltInKeywords.groovy:2901)
	at com.kms.katalon.core.mobile.keyword.MobileBuiltInKeywords$verifyElementText$9.call(Unknown Source)
	at duitNow_businessRegNumberTransaction.run(duitNow_businessRegNumberTransaction:199)
	at com.kms.katalon.core.main.ScriptEngine.run(ScriptEngine.java:194)
	at com.kms.katalon.core.main.ScriptEngine.runScriptAsRawText(ScriptEngine.java:119)
	at com.kms.katalon.core.main.TestCaseExecutor.runScript(TestCaseExecutor.java:445)
	at com.kms.katalon.core.main.TestCaseExecutor.doExecute(TestCaseExecutor.java:436)
	at com.kms.katalon.core.main.TestCaseExecutor.processExecutionPhase(TestCaseExecutor.java:415)
	at com.kms.katalon.core.main.TestCaseExecutor.accessMainPhase(TestCaseExecutor.java:407)
	at com.kms.katalon.core.main.TestCaseExecutor.execute(TestCaseExecutor.java:284)
	at com.kms.katalon.core.common.CommonExecutor.accessTestCaseMainPhase(CommonExecutor.java:65)
	at com.kms.katalon.core.main.TestSuiteExecutor.accessTestSuiteMainPhase(TestSuiteExecutor.java:144)
	at com.kms.katalon.core.main.TestSuiteExecutor.execute(TestSuiteExecutor.java:106)
	at com.kms.katalon.core.main.TestCaseMain.startTestSuite(TestCaseMain.java:185)
	at com.kms.katalon.core.main.TestCaseMain$startTestSuite$0.call(Unknown Source)
	at TempTestSuite1655885093224.run(TempTestSuite1655885093224.groovy:36)
)

2022-06-22 16:48:14 - [MESSAGE][FAILED] - Verify element text of test object 'Object Repository/Duit Now/duitNowConfirmationServiceFeeAmountTxt' FAILED. (Root cause: org.openqa.selenium.WebDriverException: An unknown server-side error occurred while processing the command. Original error: 'GET /window/current/size' cannot be proxied to UiAutomator2 server because the instrumentation process is not running (probably crashed). Check the server log and/or the logcat output for more details
Build info: version: '3.141.59', revision: 'e82be7d358', time: '2018-11-14T08:25:53'
System info: host: '00139272s-MacBook-Pro.local', ip: '2001:e68:6167:d901:5dd8:2a3:885f:7e34%en0', os.name: 'Mac OS X', os.arch: 'x86_64', os.version: '10.16', java.version: '1.8.0_275'
Driver info: com.kms.katalon.core.appium.driver.SwipeableAndroidDriver
Capabilities {app: /Users/a00139272/Katalon St..., appActivity: com.maybank2u.life.MainActi..., appPackage: com.maybank2u.life.sit, appWaitActivity: *, autoGrantPermissions: true, automationName: uiautomator2, chromedriverPort: 52878, databaseEnabled: false, desired: {app: /Users/a00139272/Katalon St..., appActivity: com.maybank2u.life.MainActi..., appPackage: com.maybank2u.life.sit, appWaitActivity: *, autoGrantPermissions: true, automationName: uiautomator2, chromedriverPort: 52878, deviceId: 002b9cc60508, deviceName: Xiaomi 21061119AG (Android 11), fullReset: false, newCommandTimeout: 1800, noReset: true, platform: ANDROID, platformName: android, platformVersion: 11, systemPort: 52876, udid: 002b9cc60508}, deviceApiLevel: 30, deviceId: 002b9cc60508, deviceManufacturer: Xiaomi, deviceModel: 21061119AG, deviceName: 002b9cc60508, deviceScreenDensity: 440, deviceScreenSize: 1080x2400, deviceUDID: 002b9cc60508, fullReset: false, javascriptEnabled: true, locationContextEnabled: false, networkConnectionEnabled: true, newCommandTimeout: 1800, noReset: true, pixelRatio: 2.75, platform: ANDROID, platformName: Android, platformVersion: 11, statBarHeight: 103, systemPort: 52876, takesScreenshot: true, udid: 002b9cc60508, viewportRect: {height: 2064, left: 0, top: 103, width: 1080}, warnings: {}, webStorageEnabled: false}
Session ID: 07e0a906-f567-4646-abfd-84c6cc800d18
	at org.openqa.selenium.remote.http.W3CHttpResponseCodec.createException(W3CHttpResponseCodec.java:187)
	at org.openqa.selenium.remote.http.W3CHttpResponseCodec.decode(W3CHttpResponseCodec.java:122)
	at org.openqa.selenium.remote.http.W3CHttpResponseCodec.decode(W3CHttpResponseCodec.java:49)
	at org.openqa.selenium.remote.HttpCommandExecutor.execute(HttpCommandExecutor.java:158)
	at io.appium.java_client.remote.AppiumCommandExecutor.execute(AppiumCommandExecutor.java:239)
	at org.openqa.selenium.remote.RemoteWebDriver.execute(RemoteWebDriver.java:552)
	at io.appium.java_client.DefaultGenericMobileDriver.execute(DefaultGenericMobileDriver.java:46)
	at io.appium.java_client.AppiumDriver.execute(AppiumDriver.java:1)
	at io.appium.java_client.android.AndroidDriver.execute(AndroidDriver.java:1)
	at com.kms.katalon.core.appium.driver.SwipeableAndroidDriver.execute(SwipeableAndroidDriver.java:1)
	at org.openqa.selenium.remote.RemoteWebDriver$RemoteWebDriverOptions$RemoteWindow.getSize(RemoteWebDriver.java:813)
	at org.openqa.selenium.WebDriver$Window$getSize.call(Unknown Source)
	at com.kms.katalon.core.mobile.keyword.internal.MobileAbstractKeyword.findElement(MobileAbstractKeyword.groovy:81)
	at com.kms.katalon.core.mobile.keyword.builtin.VerifyElementTextKeyword.access$1(VerifyElementTextKeyword.groovy)
	at com.kms.katalon.core.mobile.keyword.builtin.VerifyElementTextKeyword$_verifyElementText_closure1.doCall(VerifyElementTextKeyword.groovy:47)
	at com.kms.katalon.core.mobile.keyword.builtin.VerifyElementTextKeyword$_verifyElementText_closure1.call(VerifyElementTextKeyword.groovy)
	at com.kms.katalon.core.mobile.keyword.internal.MobileKeywordMain.runKeyword(MobileKeywordMain.groovy:21)
	at com.kms.katalon.core.mobile.keyword.builtin.VerifyElementTextKeyword.verifyElementText(VerifyElementTextKeyword.groovy:62)
	at com.kms.katalon.core.mobile.keyword.builtin.VerifyElementTextKeyword.execute(VerifyElementTextKeyword.groovy:39)
	at com.kms.katalon.core.keyword.internal.KeywordExecutor.executeKeywordForPlatform(KeywordExecutor.groovy:74)
	at com.kms.katalon.core.mobile.keyword.MobileBuiltInKeywords.verifyElementText(MobileBuiltInKeywords.groovy:2901)
	at com.kms.katalon.core.mobile.keyword.MobileBuiltInKeywords$verifyElementText$9.call(Unknown Source)
	at duitNow_businessRegNumberTransaction.run(duitNow_businessRegNumberTransaction:199)
	at com.kms.katalon.core.main.ScriptEngine.run(ScriptEngine.java:194)
	at com.kms.katalon.core.main.ScriptEngine.runScriptAsRawText(ScriptEngine.java:119)
	at com.kms.katalon.core.main.TestCaseExecutor.runScript(TestCaseExecutor.java:445)
	at com.kms.katalon.core.main.TestCaseExecutor.doExecute(TestCaseExecutor.java:436)
	at com.kms.katalon.core.main.TestCaseExecutor.processExecutionPhase(TestCaseExecutor.java:415)
	at com.kms.katalon.core.main.TestCaseExecutor.accessMainPhase(TestCaseExecutor.java:407)
	at com.kms.katalon.core.main.TestCaseExecutor.execute(TestCaseExecutor.java:284)
	at com.kms.katalon.core.common.CommonExecutor.accessTestCaseMainPhase(CommonExecutor.java:65)
	at com.kms.katalon.core.main.TestSuiteExecutor.accessTestSuiteMainPhase(TestSuiteExecutor.java:144)
	at com.kms.katalon.core.main.TestSuiteExecutor.execute(TestSuiteExecutor.java:106)
	at com.kms.katalon.core.main.TestCaseMain.startTestSuite(TestCaseMain.java:185)
	at com.kms.katalon.core.main.TestCaseMain$startTestSuite$0.call(Unknown Source)
	at TempTestSuite1655885093224.run(TempTestSuite1655885093224.groovy:36)
)

2022-06-22 16:48:14 - [TEST_STEP][FAILED] - tap(findTestObject("Duit Now/duitNowConfirmationPaymentDetailsGreyWordTxt"), 0): Failed to tap on element 'Object Repository/Duit Now/duitNowConfirmationPaymentDetailsGreyWordTxt' (Root cause: org.openqa.selenium.WebDriverException: An unknown server-side error occurred while processing the command. Original error: 'GET /window/current/size' cannot be proxied to UiAutomator2 server because the instrumentation process is not running (probably crashed). Check the server log and/or the logcat output for more details
Build info: version: '3.141.59', revision: 'e82be7d358', time: '2018-11-14T08:25:53'
System info: host: '00139272s-MacBook-Pro.local', ip: '2001:e68:6167:d901:5dd8:2a3:885f:7e34%en0', os.name: 'Mac OS X', os.arch: 'x86_64', os.version: '10.16', java.version: '1.8.0_275'
Driver info: com.kms.katalon.core.appium.driver.SwipeableAndroidDriver
Capabilities {app: /Users/a00139272/Katalon St..., appActivity: com.maybank2u.life.MainActi..., appPackage: com.maybank2u.life.sit, appWaitActivity: *, autoGrantPermissions: true, automationName: uiautomator2, chromedriverPort: 52878, databaseEnabled: false, desired: {app: /Users/a00139272/Katalon St..., appActivity: com.maybank2u.life.MainActi..., appPackage: com.maybank2u.life.sit, appWaitActivity: *, autoGrantPermissions: true, automationName: uiautomator2, chromedriverPort: 52878, deviceId: 002b9cc60508, deviceName: Xiaomi 21061119AG (Android 11), fullReset: false, newCommandTimeout: 1800, noReset: true, platform: ANDROID, platformName: android, platformVersion: 11, systemPort: 52876, udid: 002b9cc60508}, deviceApiLevel: 30, deviceId: 002b9cc60508, deviceManufacturer: Xiaomi, deviceModel: 21061119AG, deviceName: 002b9cc60508, deviceScreenDensity: 440, deviceScreenSize: 1080x2400, deviceUDID: 002b9cc60508, fullReset: false, javascriptEnabled: true, locationContextEnabled: false, networkConnectionEnabled: true, newCommandTimeout: 1800, noReset: true, pixelRatio: 2.75, platform: ANDROID, platformName: Android, platformVersion: 11, statBarHeight: 103, systemPort: 52876, takesScreenshot: true, udid: 002b9cc60508, viewportRect: {height: 2064, left: 0, top: 103, width: 1080}, warnings: {}, webStorageEnabled: false}
Session ID: 07e0a906-f567-4646-abfd-84c6cc800d18
	at org.openqa.selenium.remote.http.W3CHttpResponseCodec.createException(W3CHttpResponseCodec.java:187)
	at org.openqa.selenium.remote.http.W3CHttpResponseCodec.decode(W3CHttpResponseCodec.java:122)
	at org.openqa.selenium.remote.http.W3CHttpResponseCodec.decode(W3CHttpResponseCodec.java:49)
	at org.openqa.selenium.remote.HttpCommandExecutor.execute(HttpCommandExecutor.java:158)
	at io.appium.java_client.remote.AppiumCommandExecutor.execute(AppiumCommandExecutor.java:239)
	at org.openqa.selenium.remote.RemoteWebDriver.execute(RemoteWebDriver.java:552)
	at io.appium.java_client.DefaultGenericMobileDriver.execute(DefaultGenericMobileDriver.java:46)
	at io.appium.java_client.AppiumDriver.execute(AppiumDriver.java:1)
	at io.appium.java_client.android.AndroidDriver.execute(AndroidDriver.java:1)
	at com.kms.katalon.core.appium.driver.SwipeableAndroidDriver.execute(SwipeableAndroidDriver.java:1)
	at org.openqa.selenium.remote.RemoteWebDriver$RemoteWebDriverOptions$RemoteWindow.getSize(RemoteWebDriver.java:813)
	at org.openqa.selenium.WebDriver$Window$getSize.call(Unknown Source)
	at com.kms.katalon.core.mobile.keyword.internal.MobileAbstractKeyword.findElement(MobileAbstractKeyword.groovy:81)
	at com.kms.katalon.core.mobile.keyword.builtin.TapKeyword.access$1(TapKeyword.groovy)
	at com.kms.katalon.core.mobile.keyword.builtin.TapKeyword$_tap_closure1.doCall(TapKeyword.groovy:76)
	at com.kms.katalon.core.mobile.keyword.builtin.TapKeyword$_tap_closure1.call(TapKeyword.groovy)
	at com.kms.katalon.core.mobile.keyword.internal.MobileKeywordMain.runKeyword(MobileKeywordMain.groovy:21)
	at com.kms.katalon.core.mobile.keyword.builtin.TapKeyword.tap(TapKeyword.groovy:84)
	at com.kms.katalon.core.mobile.keyword.builtin.TapKeyword.execute(TapKeyword.groovy:68)
	at com.kms.katalon.core.keyword.internal.KeywordExecutor.executeKeywordForPlatform(KeywordExecutor.groovy:74)
	at com.kms.katalon.core.mobile.keyword.MobileBuiltInKeywords.tap(MobileBuiltInKeywords.groovy:1490)
	at com.kms.katalon.core.mobile.keyword.MobileBuiltInKeywords$tap$4.call(Unknown Source)
	at duitNow_businessRegNumberTransaction.run(duitNow_businessRegNumberTransaction:201)
	at com.kms.katalon.core.main.ScriptEngine.run(ScriptEngine.java:194)
	at com.kms.katalon.core.main.ScriptEngine.runScriptAsRawText(ScriptEngine.java:119)
	at com.kms.katalon.core.main.TestCaseExecutor.runScript(TestCaseExecutor.java:445)
	at com.kms.katalon.core.main.TestCaseExecutor.doExecute(TestCaseExecutor.java:436)
	at com.kms.katalon.core.main.TestCaseExecutor.processExecutionPhase(TestCaseExecutor.java:415)
	at com.kms.katalon.core.main.TestCaseExecutor.accessMainPhase(TestCaseExecutor.java:407)
	at com.kms.katalon.core.main.TestCaseExecutor.execute(TestCaseExecutor.java:284)
	at com.kms.katalon.core.common.CommonExecutor.accessTestCaseMainPhase(CommonExecutor.java:65)
	at com.kms.katalon.core.main.TestSuiteExecutor.accessTestSuiteMainPhase(TestSuiteExecutor.java:144)
	at com.kms.katalon.core.main.TestSuiteExecutor.execute(TestSuiteExecutor.java:106)
	at com.kms.katalon.core.main.TestCaseMain.startTestSuite(TestCaseMain.java:185)
	at com.kms.katalon.core.main.TestCaseMain$startTestSuite$0.call(Unknown Source)
	at TempTestSuite1655885093224.run(TempTestSuite1655885093224.groovy:36)
)

2022-06-22 16:48:14 - [MESSAGE][WARNING] - Timeout '0' is invalid. Using default page load timeout: '40'

2022-06-22 16:48:14 - [MESSAGE][FAILED] - Failed to tap on element 'Object Repository/Duit Now/duitNowConfirmationPaymentDetailsGreyWordTxt' (Root cause: org.openqa.selenium.WebDriverException: An unknown server-side error occurred while processing the command. Original error: 'GET /window/current/size' cannot be proxied to UiAutomator2 server because the instrumentation process is not running (probably crashed). Check the server log and/or the logcat output for more details
Build info: version: '3.141.59', revision: 'e82be7d358', time: '2018-11-14T08:25:53'
System info: host: '00139272s-MacBook-Pro.local', ip: '2001:e68:6167:d901:5dd8:2a3:885f:7e34%en0', os.name: 'Mac OS X', os.arch: 'x86_64', os.version: '10.16', java.version: '1.8.0_275'
Driver info: com.kms.katalon.core.appium.driver.SwipeableAndroidDriver
Capabilities {app: /Users/a00139272/Katalon St..., appActivity: com.maybank2u.life.MainActi..., appPackage: com.maybank2u.life.sit, appWaitActivity: *, autoGrantPermissions: true, automationName: uiautomator2, chromedriverPort: 52878, databaseEnabled: false, desired: {app: /Users/a00139272/Katalon St..., appActivity: com.maybank2u.life.MainActi..., appPackage: com.maybank2u.life.sit, appWaitActivity: *, autoGrantPermissions: true, automationName: uiautomator2, chromedriverPort: 52878, deviceId: 002b9cc60508, deviceName: Xiaomi 21061119AG (Android 11), fullReset: false, newCommandTimeout: 1800, noReset: true, platform: ANDROID, platformName: android, platformVersion: 11, systemPort: 52876, udid: 002b9cc60508}, deviceApiLevel: 30, deviceId: 002b9cc60508, deviceManufacturer: Xiaomi, deviceModel: 21061119AG, deviceName: 002b9cc60508, deviceScreenDensity: 440, deviceScreenSize: 1080x2400, deviceUDID: 002b9cc60508, fullReset: false, javascriptEnabled: true, locationContextEnabled: false, networkConnectionEnabled: true, newCommandTimeout: 1800, noReset: true, pixelRatio: 2.75, platform: ANDROID, platformName: Android, platformVersion: 11, statBarHeight: 103, systemPort: 52876, takesScreenshot: true, udid: 002b9cc60508, viewportRect: {height: 2064, left: 0, top: 103, width: 1080}, warnings: {}, webStorageEnabled: false}
Session ID: 07e0a906-f567-4646-abfd-84c6cc800d18
	at org.openqa.selenium.remote.http.W3CHttpResponseCodec.createException(W3CHttpResponseCodec.java:187)
	at org.openqa.selenium.remote.http.W3CHttpResponseCodec.decode(W3CHttpResponseCodec.java:122)
	at org.openqa.selenium.remote.http.W3CHttpResponseCodec.decode(W3CHttpResponseCodec.java:49)
	at org.openqa.selenium.remote.HttpCommandExecutor.execute(HttpCommandExecutor.java:158)
	at io.appium.java_client.remote.AppiumCommandExecutor.execute(AppiumCommandExecutor.java:239)
	at org.openqa.selenium.remote.RemoteWebDriver.execute(RemoteWebDriver.java:552)
	at io.appium.java_client.DefaultGenericMobileDriver.execute(DefaultGenericMobileDriver.java:46)
	at io.appium.java_client.AppiumDriver.execute(AppiumDriver.java:1)
	at io.appium.java_client.android.AndroidDriver.execute(AndroidDriver.java:1)
	at com.kms.katalon.core.appium.driver.SwipeableAndroidDriver.execute(SwipeableAndroidDriver.java:1)
	at org.openqa.selenium.remote.RemoteWebDriver$RemoteWebDriverOptions$RemoteWindow.getSize(RemoteWebDriver.java:813)
	at org.openqa.selenium.WebDriver$Window$getSize.call(Unknown Source)
	at com.kms.katalon.core.mobile.keyword.internal.MobileAbstractKeyword.findElement(MobileAbstractKeyword.groovy:81)
	at com.kms.katalon.core.mobile.keyword.builtin.TapKeyword.access$1(TapKeyword.groovy)
	at com.kms.katalon.core.mobile.keyword.builtin.TapKeyword$_tap_closure1.doCall(TapKeyword.groovy:76)
	at com.kms.katalon.core.mobile.keyword.builtin.TapKeyword$_tap_closure1.call(TapKeyword.groovy)
	at com.kms.katalon.core.mobile.keyword.internal.MobileKeywordMain.runKeyword(MobileKeywordMain.groovy:21)
	at com.kms.katalon.core.mobile.keyword.builtin.TapKeyword.tap(TapKeyword.groovy:84)
	at com.kms.katalon.core.mobile.keyword.builtin.TapKeyword.execute(TapKeyword.groovy:68)
	at com.kms.katalon.core.keyword.internal.KeywordExecutor.executeKeywordForPlatform(KeywordExecutor.groovy:74)
	at com.kms.katalon.core.mobile.keyword.MobileBuiltInKeywords.tap(MobileBuiltInKeywords.groovy:1490)
	at com.kms.katalon.core.mobile.keyword.MobileBuiltInKeywords$tap$4.call(Unknown Source)
	at duitNow_businessRegNumberTransaction.run(duitNow_businessRegNumberTransaction:201)
	at com.kms.katalon.core.main.ScriptEngine.run(ScriptEngine.java:194)
	at com.kms.katalon.core.main.ScriptEngine.runScriptAsRawText(ScriptEngine.java:119)
	at com.kms.katalon.core.main.TestCaseExecutor.runScript(TestCaseExecutor.java:445)
	at com.kms.katalon.core.main.TestCaseExecutor.doExecute(TestCaseExecutor.java:436)
	at com.kms.katalon.core.main.TestCaseExecutor.processExecutionPhase(TestCaseExecutor.java:415)
	at com.kms.katalon.core.main.TestCaseExecutor.accessMainPhase(TestCaseExecutor.java:407)
	at com.kms.katalon.core.main.TestCaseExecutor.execute(TestCaseExecutor.java:284)
	at com.kms.katalon.core.common.CommonExecutor.accessTestCaseMainPhase(CommonExecutor.java:65)
	at com.kms.katalon.core.main.TestSuiteExecutor.accessTestSuiteMainPhase(TestSuiteExecutor.java:144)
	at com.kms.katalon.core.main.TestSuiteExecutor.execute(TestSuiteExecutor.java:106)
	at com.kms.katalon.core.main.TestCaseMain.startTestSuite(TestCaseMain.java:185)
	at com.kms.katalon.core.main.TestCaseMain$startTestSuite$0.call(Unknown Source)
	at TempTestSuite1655885093224.run(TempTestSuite1655885093224.groovy:36)
)

2022-06-22 16:48:14 - [TEST_STEP][FAILED] - setText(findTestObject("Duit Now/duitNowConfirmationPaymentDetailsGreyWordTxt"), details, 0): Failed to set text into element (Root cause: org.openqa.selenium.WebDriverException: An unknown server-side error occurred while processing the command. Original error: 'GET /window/current/size' cannot be proxied to UiAutomator2 server because the instrumentation process is not running (probably crashed). Check the server log and/or the logcat output for more details
Build info: version: '3.141.59', revision: 'e82be7d358', time: '2018-11-14T08:25:53'
System info: host: '00139272s-MacBook-Pro.local', ip: '2001:e68:6167:d901:5dd8:2a3:885f:7e34%en0', os.name: 'Mac OS X', os.arch: 'x86_64', os.version: '10.16', java.version: '1.8.0_275'
Driver info: com.kms.katalon.core.appium.driver.SwipeableAndroidDriver
Capabilities {app: /Users/a00139272/Katalon St..., appActivity: com.maybank2u.life.MainActi..., appPackage: com.maybank2u.life.sit, appWaitActivity: *, autoGrantPermissions: true, automationName: uiautomator2, chromedriverPort: 52878, databaseEnabled: false, desired: {app: /Users/a00139272/Katalon St..., appActivity: com.maybank2u.life.MainActi..., appPackage: com.maybank2u.life.sit, appWaitActivity: *, autoGrantPermissions: true, automationName: uiautomator2, chromedriverPort: 52878, deviceId: 002b9cc60508, deviceName: Xiaomi 21061119AG (Android 11), fullReset: false, newCommandTimeout: 1800, noReset: true, platform: ANDROID, platformName: android, platformVersion: 11, systemPort: 52876, udid: 002b9cc60508}, deviceApiLevel: 30, deviceId: 002b9cc60508, deviceManufacturer: Xiaomi, deviceModel: 21061119AG, deviceName: 002b9cc60508, deviceScreenDensity: 440, deviceScreenSize: 1080x2400, deviceUDID: 002b9cc60508, fullReset: false, javascriptEnabled: true, locationContextEnabled: false, networkConnectionEnabled: true, newCommandTimeout: 1800, noReset: true, pixelRatio: 2.75, platform: ANDROID, platformName: Android, platformVersion: 11, statBarHeight: 103, systemPort: 52876, takesScreenshot: true, udid: 002b9cc60508, viewportRect: {height: 2064, left: 0, top: 103, width: 1080}, warnings: {}, webStorageEnabled: false}
Session ID: 07e0a906-f567-4646-abfd-84c6cc800d18
	at org.openqa.selenium.remote.http.W3CHttpResponseCodec.createException(W3CHttpResponseCodec.java:187)
	at org.openqa.selenium.remote.http.W3CHttpResponseCodec.decode(W3CHttpResponseCodec.java:122)
	at org.openqa.selenium.remote.http.W3CHttpResponseCodec.decode(W3CHttpResponseCodec.java:49)
	at org.openqa.selenium.remote.HttpCommandExecutor.execute(HttpCommandExecutor.java:158)
	at io.appium.java_client.remote.AppiumCommandExecutor.execute(AppiumCommandExecutor.java:239)
	at org.openqa.selenium.remote.RemoteWebDriver.execute(RemoteWebDriver.java:552)
	at io.appium.java_client.DefaultGenericMobileDriver.execute(DefaultGenericMobileDriver.java:46)
	at io.appium.java_client.AppiumDriver.execute(AppiumDriver.java:1)
	at io.appium.java_client.android.AndroidDriver.execute(AndroidDriver.java:1)
	at com.kms.katalon.core.appium.driver.SwipeableAndroidDriver.execute(SwipeableAndroidDriver.java:1)
	at org.openqa.selenium.remote.RemoteWebDriver$RemoteWebDriverOptions$RemoteWindow.getSize(RemoteWebDriver.java:813)
	at org.openqa.selenium.WebDriver$Window$getSize.call(Unknown Source)
	at com.kms.katalon.core.mobile.keyword.internal.MobileAbstractKeyword.findElement(MobileAbstractKeyword.groovy:81)
	at com.kms.katalon.core.mobile.keyword.builtin.SetTextKeyword.access$1(SetTextKeyword.groovy)
	at com.kms.katalon.core.mobile.keyword.builtin.SetTextKeyword$_setText_closure1.doCall(SetTextKeyword.groovy:74)
	at com.kms.katalon.core.mobile.keyword.builtin.SetTextKeyword$_setText_closure1.call(SetTextKeyword.groovy)
	at com.kms.katalon.core.mobile.keyword.internal.MobileKeywordMain.runKeyword(MobileKeywordMain.groovy:21)
	at com.kms.katalon.core.mobile.keyword.builtin.SetTextKeyword.setText(SetTextKeyword.groovy:83)
	at com.kms.katalon.core.mobile.keyword.builtin.SetTextKeyword.execute(SetTextKeyword.groovy:66)
	at com.kms.katalon.core.keyword.internal.KeywordExecutor.executeKeywordForPlatform(KeywordExecutor.groovy:74)
	at com.kms.katalon.core.mobile.keyword.MobileBuiltInKeywords.setText(MobileBuiltInKeywords.groovy:1307)
	at com.kms.katalon.core.mobile.keyword.MobileBuiltInKeywords$setText$6.call(Unknown Source)
	at duitNow_businessRegNumberTransaction.run(duitNow_businessRegNumberTransaction:203)
	at com.kms.katalon.core.main.ScriptEngine.run(ScriptEngine.java:194)
	at com.kms.katalon.core.main.ScriptEngine.runScriptAsRawText(ScriptEngine.java:119)
	at com.kms.katalon.core.main.TestCaseExecutor.runScript(TestCaseExecutor.java:445)
	at com.kms.katalon.core.main.TestCaseExecutor.doExecute(TestCaseExecutor.java:436)
	at com.kms.katalon.core.main.TestCaseExecutor.processExecutionPhase(TestCaseExecutor.java:415)
	at com.kms.katalon.core.main.TestCaseExecutor.accessMainPhase(TestCaseExecutor.java:407)
	at com.kms.katalon.core.main.TestCaseExecutor.execute(TestCaseExecutor.java:284)
	at com.kms.katalon.core.common.CommonExecutor.accessTestCaseMainPhase(CommonExecutor.java:65)
	at com.kms.katalon.core.main.TestSuiteExecutor.accessTestSuiteMainPhase(TestSuiteExecutor.java:144)
	at com.kms.katalon.core.main.TestSuiteExecutor.execute(TestSuiteExecutor.java:106)
	at com.kms.katalon.core.main.TestCaseMain.startTestSuite(TestCaseMain.java:185)
	at com.kms.katalon.core.main.TestCaseMain$startTestSuite$0.call(Unknown Source)
	at TempTestSuite1655885093224.run(TempTestSuite1655885093224.groovy:36)
)

2022-06-22 16:48:14 - [MESSAGE][WARNING] - Timeout '0' is invalid. Using default page load timeout: '40'

2022-06-22 16:48:14 - [MESSAGE][FAILED] - Failed to set text into element (Root cause: org.openqa.selenium.WebDriverException: An unknown server-side error occurred while processing the command. Original error: 'GET /window/current/size' cannot be proxied to UiAutomator2 server because the instrumentation process is not running (probably crashed). Check the server log and/or the logcat output for more details
Build info: version: '3.141.59', revision: 'e82be7d358', time: '2018-11-14T08:25:53'
System info: host: '00139272s-MacBook-Pro.local', ip: '2001:e68:6167:d901:5dd8:2a3:885f:7e34%en0', os.name: 'Mac OS X', os.arch: 'x86_64', os.version: '10.16', java.version: '1.8.0_275'
Driver info: com.kms.katalon.core.appium.driver.SwipeableAndroidDriver
Capabilities {app: /Users/a00139272/Katalon St..., appActivity: com.maybank2u.life.MainActi..., appPackage: com.maybank2u.life.sit, appWaitActivity: *, autoGrantPermissions: true, automationName: uiautomator2, chromedriverPort: 52878, databaseEnabled: false, desired: {app: /Users/a00139272/Katalon St..., appActivity: com.maybank2u.life.MainActi..., appPackage: com.maybank2u.life.sit, appWaitActivity: *, autoGrantPermissions: true, automationName: uiautomator2, chromedriverPort: 52878, deviceId: 002b9cc60508, deviceName: Xiaomi 21061119AG (Android 11), fullReset: false, newCommandTimeout: 1800, noReset: true, platform: ANDROID, platformName: android, platformVersion: 11, systemPort: 52876, udid: 002b9cc60508}, deviceApiLevel: 30, deviceId: 002b9cc60508, deviceManufacturer: Xiaomi, deviceModel: 21061119AG, deviceName: 002b9cc60508, deviceScreenDensity: 440, deviceScreenSize: 1080x2400, deviceUDID: 002b9cc60508, fullReset: false, javascriptEnabled: true, locationContextEnabled: false, networkConnectionEnabled: true, newCommandTimeout: 1800, noReset: true, pixelRatio: 2.75, platform: ANDROID, platformName: Android, platformVersion: 11, statBarHeight: 103, systemPort: 52876, takesScreenshot: true, udid: 002b9cc60508, viewportRect: {height: 2064, left: 0, top: 103, width: 1080}, warnings: {}, webStorageEnabled: false}
Session ID: 07e0a906-f567-4646-abfd-84c6cc800d18
	at org.openqa.selenium.remote.http.W3CHttpResponseCodec.createException(W3CHttpResponseCodec.java:187)
	at org.openqa.selenium.remote.http.W3CHttpResponseCodec.decode(W3CHttpResponseCodec.java:122)
	at org.openqa.selenium.remote.http.W3CHttpResponseCodec.decode(W3CHttpResponseCodec.java:49)
	at org.openqa.selenium.remote.HttpCommandExecutor.execute(HttpCommandExecutor.java:158)
	at io.appium.java_client.remote.AppiumCommandExecutor.execute(AppiumCommandExecutor.java:239)
	at org.openqa.selenium.remote.RemoteWebDriver.execute(RemoteWebDriver.java:552)
	at io.appium.java_client.DefaultGenericMobileDriver.execute(DefaultGenericMobileDriver.java:46)
	at io.appium.java_client.AppiumDriver.execute(AppiumDriver.java:1)
	at io.appium.java_client.android.AndroidDriver.execute(AndroidDriver.java:1)
	at com.kms.katalon.core.appium.driver.SwipeableAndroidDriver.execute(SwipeableAndroidDriver.java:1)
	at org.openqa.selenium.remote.RemoteWebDriver$RemoteWebDriverOptions$RemoteWindow.getSize(RemoteWebDriver.java:813)
	at org.openqa.selenium.WebDriver$Window$getSize.call(Unknown Source)
	at com.kms.katalon.core.mobile.keyword.internal.MobileAbstractKeyword.findElement(MobileAbstractKeyword.groovy:81)
	at com.kms.katalon.core.mobile.keyword.builtin.SetTextKeyword.access$1(SetTextKeyword.groovy)
	at com.kms.katalon.core.mobile.keyword.builtin.SetTextKeyword$_setText_closure1.doCall(SetTextKeyword.groovy:74)
	at com.kms.katalon.core.mobile.keyword.builtin.SetTextKeyword$_setText_closure1.call(SetTextKeyword.groovy)
	at com.kms.katalon.core.mobile.keyword.internal.MobileKeywordMain.runKeyword(MobileKeywordMain.groovy:21)
	at com.kms.katalon.core.mobile.keyword.builtin.SetTextKeyword.setText(SetTextKeyword.groovy:83)
	at com.kms.katalon.core.mobile.keyword.builtin.SetTextKeyword.execute(SetTextKeyword.groovy:66)
	at com.kms.katalon.core.keyword.internal.KeywordExecutor.executeKeywordForPlatform(KeywordExecutor.groovy:74)
	at com.kms.katalon.core.mobile.keyword.MobileBuiltInKeywords.setText(MobileBuiltInKeywords.groovy:1307)
	at com.kms.katalon.core.mobile.keyword.MobileBuiltInKeywords$setText$6.call(Unknown Source)
	at duitNow_businessRegNumberTransaction.run(duitNow_businessRegNumberTransaction:203)
	at com.kms.katalon.core.main.ScriptEngine.run(ScriptEngine.java:194)
	at com.kms.katalon.core.main.ScriptEngine.runScriptAsRawText(ScriptEngine.java:119)
	at com.kms.katalon.core.main.TestCaseExecutor.runScript(TestCaseExecutor.java:445)
	at com.kms.katalon.core.main.TestCaseExecutor.doExecute(TestCaseExecutor.java:436)
	at com.kms.katalon.core.main.TestCaseExecutor.processExecutionPhase(TestCaseExecutor.java:415)
	at com.kms.katalon.core.main.TestCaseExecutor.accessMainPhase(TestCaseExecutor.java:407)
	at com.kms.katalon.core.main.TestCaseExecutor.execute(TestCaseExecutor.java:284)
	at com.kms.katalon.core.common.CommonExecutor.accessTestCaseMainPhase(CommonExecutor.java:65)
	at com.kms.katalon.core.main.TestSuiteExecutor.accessTestSuiteMainPhase(TestSuiteExecutor.java:144)
	at com.kms.katalon.core.main.TestSuiteExecutor.execute(TestSuiteExecutor.java:106)
	at com.kms.katalon.core.main.TestCaseMain.startTestSuite(TestCaseMain.java:185)
	at com.kms.katalon.core.main.TestCaseMain$startTestSuite$0.call(Unknown Source)
	at TempTestSuite1655885093224.run(TempTestSuite1655885093224.groovy:36)
)

2022-06-22 16:48:14 - [TEST_STEP][PASSED] - hideKeyboard(): Keyboard is hidden

2022-06-22 16:48:15 - [MESSAGE][PASSED] - Keyboard is hidden

2022-06-22 16:48:15 - [TEST_STEP][FAILED] - verifyElementText(findTestObject("Duit Now/duitNowConfirmationPaymentDetailsInputtedTxt", ["details":details]), details): Verify element text of test object 'Object Repository/Duit Now/duitNowConfirmationPaymentDetailsInputtedTxt' FAILED. (Root cause: org.openqa.selenium.WebDriverException: An unknown server-side error occurred while processing the command. Original error: 'GET /window/current/size' cannot be proxied to UiAutomator2 server because the instrumentation process is not running (probably crashed). Check the server log and/or the logcat output for more details
Build info: version: '3.141.59', revision: 'e82be7d358', time: '2018-11-14T08:25:53'
System info: host: '00139272s-MacBook-Pro.local', ip: '2001:e68:6167:d901:5dd8:2a3:885f:7e34%en0', os.name: 'Mac OS X', os.arch: 'x86_64', os.version: '10.16', java.version: '1.8.0_275'
Driver info: com.kms.katalon.core.appium.driver.SwipeableAndroidDriver
Capabilities {app: /Users/a00139272/Katalon St..., appActivity: com.maybank2u.life.MainActi..., appPackage: com.maybank2u.life.sit, appWaitActivity: *, autoGrantPermissions: true, automationName: uiautomator2, chromedriverPort: 52878, databaseEnabled: false, desired: {app: /Users/a00139272/Katalon St..., appActivity: com.maybank2u.life.MainActi..., appPackage: com.maybank2u.life.sit, appWaitActivity: *, autoGrantPermissions: true, automationName: uiautomator2, chromedriverPort: 52878, deviceId: 002b9cc60508, deviceName: Xiaomi 21061119AG (Android 11), fullReset: false, newCommandTimeout: 1800, noReset: true, platform: ANDROID, platformName: android, platformVersion: 11, systemPort: 52876, udid: 002b9cc60508}, deviceApiLevel: 30, deviceId: 002b9cc60508, deviceManufacturer: Xiaomi, deviceModel: 21061119AG, deviceName: 002b9cc60508, deviceScreenDensity: 440, deviceScreenSize: 1080x2400, deviceUDID: 002b9cc60508, fullReset: false, javascriptEnabled: true, locationContextEnabled: false, networkConnectionEnabled: true, newCommandTimeout: 1800, noReset: true, pixelRatio: 2.75, platform: ANDROID, platformName: Android, platformVersion: 11, statBarHeight: 103, systemPort: 52876, takesScreenshot: true, udid: 002b9cc60508, viewportRect: {height: 2064, left: 0, top: 103, width: 1080}, warnings: {}, webStorageEnabled: false}
Session ID: 07e0a906-f567-4646-abfd-84c6cc800d18
	at org.openqa.selenium.remote.http.W3CHttpResponseCodec.createException(W3CHttpResponseCodec.java:187)
	at org.openqa.selenium.remote.http.W3CHttpResponseCodec.decode(W3CHttpResponseCodec.java:122)
	at org.openqa.selenium.remote.http.W3CHttpResponseCodec.decode(W3CHttpResponseCodec.java:49)
	at org.openqa.selenium.remote.HttpCommandExecutor.execute(HttpCommandExecutor.java:158)
	at io.appium.java_client.remote.AppiumCommandExecutor.execute(AppiumCommandExecutor.java:239)
	at org.openqa.selenium.remote.RemoteWebDriver.execute(RemoteWebDriver.java:552)
	at io.appium.java_client.DefaultGenericMobileDriver.execute(DefaultGenericMobileDriver.java:46)
	at io.appium.java_client.AppiumDriver.execute(AppiumDriver.java:1)
	at io.appium.java_client.android.AndroidDriver.execute(AndroidDriver.java:1)
	at com.kms.katalon.core.appium.driver.SwipeableAndroidDriver.execute(SwipeableAndroidDriver.java:1)
	at org.openqa.selenium.remote.RemoteWebDriver$RemoteWebDriverOptions$RemoteWindow.getSize(RemoteWebDriver.java:813)
	at org.openqa.selenium.WebDriver$Window$getSize.call(Unknown Source)
	at com.kms.katalon.core.mobile.keyword.internal.MobileAbstractKeyword.findElement(MobileAbstractKeyword.groovy:81)
	at com.kms.katalon.core.mobile.keyword.builtin.VerifyElementTextKeyword.access$1(VerifyElementTextKeyword.groovy)
	at com.kms.katalon.core.mobile.keyword.builtin.VerifyElementTextKeyword$_verifyElementText_closure1.doCall(VerifyElementTextKeyword.groovy:47)
	at com.kms.katalon.core.mobile.keyword.builtin.VerifyElementTextKeyword$_verifyElementText_closure1.call(VerifyElementTextKeyword.groovy)
	at com.kms.katalon.core.mobile.keyword.internal.MobileKeywordMain.runKeyword(MobileKeywordMain.groovy:21)
	at com.kms.katalon.core.mobile.keyword.builtin.VerifyElementTextKeyword.verifyElementText(VerifyElementTextKeyword.groovy:62)
	at com.kms.katalon.core.mobile.keyword.builtin.VerifyElementTextKeyword.execute(VerifyElementTextKeyword.groovy:39)
	at com.kms.katalon.core.keyword.internal.KeywordExecutor.executeKeywordForPlatform(KeywordExecutor.groovy:74)
	at com.kms.katalon.core.mobile.keyword.MobileBuiltInKeywords.verifyElementText(MobileBuiltInKeywords.groovy:2901)
	at com.kms.katalon.core.mobile.keyword.MobileBuiltInKeywords$verifyElementText$9.call(Unknown Source)
	at duitNow_businessRegNumberTransaction.run(duitNow_businessRegNumberTransaction:207)
	at com.kms.katalon.core.main.ScriptEngine.run(ScriptEngine.java:194)
	at com.kms.katalon.core.main.ScriptEngine.runScriptAsRawText(ScriptEngine.java:119)
	at com.kms.katalon.core.main.TestCaseExecutor.runScript(TestCaseExecutor.java:445)
	at com.kms.katalon.core.main.TestCaseExecutor.doExecute(TestCaseExecutor.java:436)
	at com.kms.katalon.core.main.TestCaseExecutor.processExecutionPhase(TestCaseExecutor.java:415)
	at com.kms.katalon.core.main.TestCaseExecutor.accessMainPhase(TestCaseExecutor.java:407)
	at com.kms.katalon.core.main.TestCaseExecutor.execute(TestCaseExecutor.java:284)
	at com.kms.katalon.core.common.CommonExecutor.accessTestCaseMainPhase(CommonExecutor.java:65)
	at com.kms.katalon.core.main.TestSuiteExecutor.accessTestSuiteMainPhase(TestSuiteExecutor.java:144)
	at com.kms.katalon.core.main.TestSuiteExecutor.execute(TestSuiteExecutor.java:106)
	at com.kms.katalon.core.main.TestCaseMain.startTestSuite(TestCaseMain.java:185)
	at com.kms.katalon.core.main.TestCaseMain$startTestSuite$0.call(Unknown Source)
	at TempTestSuite1655885093224.run(TempTestSuite1655885093224.groovy:36)
)

2022-06-22 16:48:15 - [MESSAGE][FAILED] - Verify element text of test object 'Object Repository/Duit Now/duitNowConfirmationPaymentDetailsInputtedTxt' FAILED. (Root cause: org.openqa.selenium.WebDriverException: An unknown server-side error occurred while processing the command. Original error: 'GET /window/current/size' cannot be proxied to UiAutomator2 server because the instrumentation process is not running (probably crashed). Check the server log and/or the logcat output for more details
Build info: version: '3.141.59', revision: 'e82be7d358', time: '2018-11-14T08:25:53'
System info: host: '00139272s-MacBook-Pro.local', ip: '2001:e68:6167:d901:5dd8:2a3:885f:7e34%en0', os.name: 'Mac OS X', os.arch: 'x86_64', os.version: '10.16', java.version: '1.8.0_275'
Driver info: com.kms.katalon.core.appium.driver.SwipeableAndroidDriver
Capabilities {app: /Users/a00139272/Katalon St..., appActivity: com.maybank2u.life.MainActi..., appPackage: com.maybank2u.life.sit, appWaitActivity: *, autoGrantPermissions: true, automationName: uiautomator2, chromedriverPort: 52878, databaseEnabled: false, desired: {app: /Users/a00139272/Katalon St..., appActivity: com.maybank2u.life.MainActi..., appPackage: com.maybank2u.life.sit, appWaitActivity: *, autoGrantPermissions: true, automationName: uiautomator2, chromedriverPort: 52878, deviceId: 002b9cc60508, deviceName: Xiaomi 21061119AG (Android 11), fullReset: false, newCommandTimeout: 1800, noReset: true, platform: ANDROID, platformName: android, platformVersion: 11, systemPort: 52876, udid: 002b9cc60508}, deviceApiLevel: 30, deviceId: 002b9cc60508, deviceManufacturer: Xiaomi, deviceModel: 21061119AG, deviceName: 002b9cc60508, deviceScreenDensity: 440, deviceScreenSize: 1080x2400, deviceUDID: 002b9cc60508, fullReset: false, javascriptEnabled: true, locationContextEnabled: false, networkConnectionEnabled: true, newCommandTimeout: 1800, noReset: true, pixelRatio: 2.75, platform: ANDROID, platformName: Android, platformVersion: 11, statBarHeight: 103, systemPort: 52876, takesScreenshot: true, udid: 002b9cc60508, viewportRect: {height: 2064, left: 0, top: 103, width: 1080}, warnings: {}, webStorageEnabled: false}
Session ID: 07e0a906-f567-4646-abfd-84c6cc800d18
	at org.openqa.selenium.remote.http.W3CHttpResponseCodec.createException(W3CHttpResponseCodec.java:187)
	at org.openqa.selenium.remote.http.W3CHttpResponseCodec.decode(W3CHttpResponseCodec.java:122)
	at org.openqa.selenium.remote.http.W3CHttpResponseCodec.decode(W3CHttpResponseCodec.java:49)
	at org.openqa.selenium.remote.HttpCommandExecutor.execute(HttpCommandExecutor.java:158)
	at io.appium.java_client.remote.AppiumCommandExecutor.execute(AppiumCommandExecutor.java:239)
	at org.openqa.selenium.remote.RemoteWebDriver.execute(RemoteWebDriver.java:552)
	at io.appium.java_client.DefaultGenericMobileDriver.execute(DefaultGenericMobileDriver.java:46)
	at io.appium.java_client.AppiumDriver.execute(AppiumDriver.java:1)
	at io.appium.java_client.android.AndroidDriver.execute(AndroidDriver.java:1)
	at com.kms.katalon.core.appium.driver.SwipeableAndroidDriver.execute(SwipeableAndroidDriver.java:1)
	at org.openqa.selenium.remote.RemoteWebDriver$RemoteWebDriverOptions$RemoteWindow.getSize(RemoteWebDriver.java:813)
	at org.openqa.selenium.WebDriver$Window$getSize.call(Unknown Source)
	at com.kms.katalon.core.mobile.keyword.internal.MobileAbstractKeyword.findElement(MobileAbstractKeyword.groovy:81)
	at com.kms.katalon.core.mobile.keyword.builtin.VerifyElementTextKeyword.access$1(VerifyElementTextKeyword.groovy)
	at com.kms.katalon.core.mobile.keyword.builtin.VerifyElementTextKeyword$_verifyElementText_closure1.doCall(VerifyElementTextKeyword.groovy:47)
	at com.kms.katalon.core.mobile.keyword.builtin.VerifyElementTextKeyword$_verifyElementText_closure1.call(VerifyElementTextKeyword.groovy)
	at com.kms.katalon.core.mobile.keyword.internal.MobileKeywordMain.runKeyword(MobileKeywordMain.groovy:21)
	at com.kms.katalon.core.mobile.keyword.builtin.VerifyElementTextKeyword.verifyElementText(VerifyElementTextKeyword.groovy:62)
	at com.kms.katalon.core.mobile.keyword.builtin.VerifyElementTextKeyword.execute(VerifyElementTextKeyword.groovy:39)
	at com.kms.katalon.core.keyword.internal.KeywordExecutor.executeKeywordForPlatform(KeywordExecutor.groovy:74)
	at com.kms.katalon.core.mobile.keyword.MobileBuiltInKeywords.verifyElementText(MobileBuiltInKeywords.groovy:2901)
	at com.kms.katalon.core.mobile.keyword.MobileBuiltInKeywords$verifyElementText$9.call(Unknown Source)
	at duitNow_businessRegNumberTransaction.run(duitNow_businessRegNumberTransaction:207)
	at com.kms.katalon.core.main.ScriptEngine.run(ScriptEngine.java:194)
	at com.kms.katalon.core.main.ScriptEngine.runScriptAsRawText(ScriptEngine.java:119)
	at com.kms.katalon.core.main.TestCaseExecutor.runScript(TestCaseExecutor.java:445)
	at com.kms.katalon.core.main.TestCaseExecutor.doExecute(TestCaseExecutor.java:436)
	at com.kms.katalon.core.main.TestCaseExecutor.processExecutionPhase(TestCaseExecutor.java:415)
	at com.kms.katalon.core.main.TestCaseExecutor.accessMainPhase(TestCaseExecutor.java:407)
	at com.kms.katalon.core.main.TestCaseExecutor.execute(TestCaseExecutor.java:284)
	at com.kms.katalon.core.common.CommonExecutor.accessTestCaseMainPhase(CommonExecutor.java:65)
	at com.kms.katalon.core.main.TestSuiteExecutor.accessTestSuiteMainPhase(TestSuiteExecutor.java:144)
	at com.kms.katalon.core.main.TestSuiteExecutor.execute(TestSuiteExecutor.java:106)
	at com.kms.katalon.core.main.TestCaseMain.startTestSuite(TestCaseMain.java:185)
	at com.kms.katalon.core.main.TestCaseMain$startTestSuite$0.call(Unknown Source)
	at TempTestSuite1655885093224.run(TempTestSuite1655885093224.groovy:36)
)

2022-06-22 16:48:15 - [TEST_STEP][FAILED] - device_Height_2 = getDeviceHeight(): Unable to get the physical height value of the device (Root cause: org.openqa.selenium.WebDriverException: An unknown server-side error occurred while processing the command. Original error: 'GET /window/current/size' cannot be proxied to UiAutomator2 server because the instrumentation process is not running (probably crashed). Check the server log and/or the logcat output for more details
Build info: version: '3.141.59', revision: 'e82be7d358', time: '2018-11-14T08:25:53'
System info: host: '00139272s-MacBook-Pro.local', ip: '2001:e68:6167:d901:5dd8:2a3:885f:7e34%en0', os.name: 'Mac OS X', os.arch: 'x86_64', os.version: '10.16', java.version: '1.8.0_275'
Driver info: com.kms.katalon.core.appium.driver.SwipeableAndroidDriver
Capabilities {app: /Users/a00139272/Katalon St..., appActivity: com.maybank2u.life.MainActi..., appPackage: com.maybank2u.life.sit, appWaitActivity: *, autoGrantPermissions: true, automationName: uiautomator2, chromedriverPort: 52878, databaseEnabled: false, desired: {app: /Users/a00139272/Katalon St..., appActivity: com.maybank2u.life.MainActi..., appPackage: com.maybank2u.life.sit, appWaitActivity: *, autoGrantPermissions: true, automationName: uiautomator2, chromedriverPort: 52878, deviceId: 002b9cc60508, deviceName: Xiaomi 21061119AG (Android 11), fullReset: false, newCommandTimeout: 1800, noReset: true, platform: ANDROID, platformName: android, platformVersion: 11, systemPort: 52876, udid: 002b9cc60508}, deviceApiLevel: 30, deviceId: 002b9cc60508, deviceManufacturer: Xiaomi, deviceModel: 21061119AG, deviceName: 002b9cc60508, deviceScreenDensity: 440, deviceScreenSize: 1080x2400, deviceUDID: 002b9cc60508, fullReset: false, javascriptEnabled: true, locationContextEnabled: false, networkConnectionEnabled: true, newCommandTimeout: 1800, noReset: true, pixelRatio: 2.75, platform: ANDROID, platformName: Android, platformVersion: 11, statBarHeight: 103, systemPort: 52876, takesScreenshot: true, udid: 002b9cc60508, viewportRect: {height: 2064, left: 0, top: 103, width: 1080}, warnings: {}, webStorageEnabled: false}
Session ID: 07e0a906-f567-4646-abfd-84c6cc800d18
	at org.openqa.selenium.remote.http.W3CHttpResponseCodec.createException(W3CHttpResponseCodec.java:187)
	at org.openqa.selenium.remote.http.W3CHttpResponseCodec.decode(W3CHttpResponseCodec.java:122)
	at org.openqa.selenium.remote.http.W3CHttpResponseCodec.decode(W3CHttpResponseCodec.java:49)
	at org.openqa.selenium.remote.HttpCommandExecutor.execute(HttpCommandExecutor.java:158)
	at io.appium.java_client.remote.AppiumCommandExecutor.execute(AppiumCommandExecutor.java:239)
	at org.openqa.selenium.remote.RemoteWebDriver.execute(RemoteWebDriver.java:552)
	at io.appium.java_client.DefaultGenericMobileDriver.execute(DefaultGenericMobileDriver.java:46)
	at io.appium.java_client.AppiumDriver.execute(AppiumDriver.java:1)
	at io.appium.java_client.android.AndroidDriver.execute(AndroidDriver.java:1)
	at com.kms.katalon.core.appium.driver.SwipeableAndroidDriver.execute(SwipeableAndroidDriver.java:1)
	at org.openqa.selenium.remote.RemoteWebDriver$RemoteWebDriverOptions$RemoteWindow.getSize(RemoteWebDriver.java:813)
	at com.kms.katalon.core.mobile.keyword.builtin.GetDeviceHeightKeyword$_getDeviceHeight_closure1.doCall(GetDeviceHeightKeyword.groovy:73)
	at com.kms.katalon.core.mobile.keyword.builtin.GetDeviceHeightKeyword$_getDeviceHeight_closure1.call(GetDeviceHeightKeyword.groovy)
	at com.kms.katalon.core.mobile.keyword.internal.MobileKeywordMain.runKeywordAndReturnInt(MobileKeywordMain.groovy:30)
	at com.kms.katalon.core.mobile.keyword.builtin.GetDeviceHeightKeyword.getDeviceHeight(GetDeviceHeightKeyword.groovy:68)
	at com.kms.katalon.core.mobile.keyword.builtin.GetDeviceHeightKeyword.execute(GetDeviceHeightKeyword.groovy:63)
	at com.kms.katalon.core.keyword.internal.KeywordExecutor.executeKeywordForPlatform(KeywordExecutor.groovy:74)
	at com.kms.katalon.core.mobile.keyword.MobileBuiltInKeywords.getDeviceHeight(MobileBuiltInKeywords.groovy:2110)
	at com.kms.katalon.core.mobile.keyword.MobileBuiltInKeywords$getDeviceHeight$0.call(Unknown Source)
	at duitNow_businessRegNumberTransaction.run(duitNow_businessRegNumberTransaction:210)
	at com.kms.katalon.core.main.ScriptEngine.run(ScriptEngine.java:194)
	at com.kms.katalon.core.main.ScriptEngine.runScriptAsRawText(ScriptEngine.java:119)
	at com.kms.katalon.core.main.TestCaseExecutor.runScript(TestCaseExecutor.java:445)
	at com.kms.katalon.core.main.TestCaseExecutor.doExecute(TestCaseExecutor.java:436)
	at com.kms.katalon.core.main.TestCaseExecutor.processExecutionPhase(TestCaseExecutor.java:415)
	at com.kms.katalon.core.main.TestCaseExecutor.accessMainPhase(TestCaseExecutor.java:407)
	at com.kms.katalon.core.main.TestCaseExecutor.execute(TestCaseExecutor.java:284)
	at com.kms.katalon.core.common.CommonExecutor.accessTestCaseMainPhase(CommonExecutor.java:65)
	at com.kms.katalon.core.main.TestSuiteExecutor.accessTestSuiteMainPhase(TestSuiteExecutor.java:144)
	at com.kms.katalon.core.main.TestSuiteExecutor.execute(TestSuiteExecutor.java:106)
	at com.kms.katalon.core.main.TestCaseMain.startTestSuite(TestCaseMain.java:185)
	at com.kms.katalon.core.main.TestCaseMain$startTestSuite$0.call(Unknown Source)
	at TempTestSuite1655885093224.run(TempTestSuite1655885093224.groovy:36)
)

2022-06-22 16:48:16 - [MESSAGE][FAILED] - Unable to get the physical height value of the device (Root cause: org.openqa.selenium.WebDriverException: An unknown server-side error occurred while processing the command. Original error: 'GET /window/current/size' cannot be proxied to UiAutomator2 server because the instrumentation process is not running (probably crashed). Check the server log and/or the logcat output for more details
Build info: version: '3.141.59', revision: 'e82be7d358', time: '2018-11-14T08:25:53'
System info: host: '00139272s-MacBook-Pro.local', ip: '2001:e68:6167:d901:5dd8:2a3:885f:7e34%en0', os.name: 'Mac OS X', os.arch: 'x86_64', os.version: '10.16', java.version: '1.8.0_275'
Driver info: com.kms.katalon.core.appium.driver.SwipeableAndroidDriver
Capabilities {app: /Users/a00139272/Katalon St..., appActivity: com.maybank2u.life.MainActi..., appPackage: com.maybank2u.life.sit, appWaitActivity: *, autoGrantPermissions: true, automationName: uiautomator2, chromedriverPort: 52878, databaseEnabled: false, desired: {app: /Users/a00139272/Katalon St..., appActivity: com.maybank2u.life.MainActi..., appPackage: com.maybank2u.life.sit, appWaitActivity: *, autoGrantPermissions: true, automationName: uiautomator2, chromedriverPort: 52878, deviceId: 002b9cc60508, deviceName: Xiaomi 21061119AG (Android 11), fullReset: false, newCommandTimeout: 1800, noReset: true, platform: ANDROID, platformName: android, platformVersion: 11, systemPort: 52876, udid: 002b9cc60508}, deviceApiLevel: 30, deviceId: 002b9cc60508, deviceManufacturer: Xiaomi, deviceModel: 21061119AG, deviceName: 002b9cc60508, deviceScreenDensity: 440, deviceScreenSize: 1080x2400, deviceUDID: 002b9cc60508, fullReset: false, javascriptEnabled: true, locationContextEnabled: false, networkConnectionEnabled: true, newCommandTimeout: 1800, noReset: true, pixelRatio: 2.75, platform: ANDROID, platformName: Android, platformVersion: 11, statBarHeight: 103, systemPort: 52876, takesScreenshot: true, udid: 002b9cc60508, viewportRect: {height: 2064, left: 0, top: 103, width: 1080}, warnings: {}, webStorageEnabled: false}
Session ID: 07e0a906-f567-4646-abfd-84c6cc800d18
	at org.openqa.selenium.remote.http.W3CHttpResponseCodec.createException(W3CHttpResponseCodec.java:187)
	at org.openqa.selenium.remote.http.W3CHttpResponseCodec.decode(W3CHttpResponseCodec.java:122)
	at org.openqa.selenium.remote.http.W3CHttpResponseCodec.decode(W3CHttpResponseCodec.java:49)
	at org.openqa.selenium.remote.HttpCommandExecutor.execute(HttpCommandExecutor.java:158)
	at io.appium.java_client.remote.AppiumCommandExecutor.execute(AppiumCommandExecutor.java:239)
	at org.openqa.selenium.remote.RemoteWebDriver.execute(RemoteWebDriver.java:552)
	at io.appium.java_client.DefaultGenericMobileDriver.execute(DefaultGenericMobileDriver.java:46)
	at io.appium.java_client.AppiumDriver.execute(AppiumDriver.java:1)
	at io.appium.java_client.android.AndroidDriver.execute(AndroidDriver.java:1)
	at com.kms.katalon.core.appium.driver.SwipeableAndroidDriver.execute(SwipeableAndroidDriver.java:1)
	at org.openqa.selenium.remote.RemoteWebDriver$RemoteWebDriverOptions$RemoteWindow.getSize(RemoteWebDriver.java:813)
	at com.kms.katalon.core.mobile.keyword.builtin.GetDeviceHeightKeyword$_getDeviceHeight_closure1.doCall(GetDeviceHeightKeyword.groovy:73)
	at com.kms.katalon.core.mobile.keyword.builtin.GetDeviceHeightKeyword$_getDeviceHeight_closure1.call(GetDeviceHeightKeyword.groovy)
	at com.kms.katalon.core.mobile.keyword.internal.MobileKeywordMain.runKeywordAndReturnInt(MobileKeywordMain.groovy:30)
	at com.kms.katalon.core.mobile.keyword.builtin.GetDeviceHeightKeyword.getDeviceHeight(GetDeviceHeightKeyword.groovy:68)
	at com.kms.katalon.core.mobile.keyword.builtin.GetDeviceHeightKeyword.execute(GetDeviceHeightKeyword.groovy:63)
	at com.kms.katalon.core.keyword.internal.KeywordExecutor.executeKeywordForPlatform(KeywordExecutor.groovy:74)
	at com.kms.katalon.core.mobile.keyword.MobileBuiltInKeywords.getDeviceHeight(MobileBuiltInKeywords.groovy:2110)
	at com.kms.katalon.core.mobile.keyword.MobileBuiltInKeywords$getDeviceHeight$0.call(Unknown Source)
	at duitNow_businessRegNumberTransaction.run(duitNow_businessRegNumberTransaction:210)
	at com.kms.katalon.core.main.ScriptEngine.run(ScriptEngine.java:194)
	at com.kms.katalon.core.main.ScriptEngine.runScriptAsRawText(ScriptEngine.java:119)
	at com.kms.katalon.core.main.TestCaseExecutor.runScript(TestCaseExecutor.java:445)
	at com.kms.katalon.core.main.TestCaseExecutor.doExecute(TestCaseExecutor.java:436)
	at com.kms.katalon.core.main.TestCaseExecutor.processExecutionPhase(TestCaseExecutor.java:415)
	at com.kms.katalon.core.main.TestCaseExecutor.accessMainPhase(TestCaseExecutor.java:407)
	at com.kms.katalon.core.main.TestCaseExecutor.execute(TestCaseExecutor.java:284)
	at com.kms.katalon.core.common.CommonExecutor.accessTestCaseMainPhase(CommonExecutor.java:65)
	at com.kms.katalon.core.main.TestSuiteExecutor.accessTestSuiteMainPhase(TestSuiteExecutor.java:144)
	at com.kms.katalon.core.main.TestSuiteExecutor.execute(TestSuiteExecutor.java:106)
	at com.kms.katalon.core.main.TestCaseMain.startTestSuite(TestCaseMain.java:185)
	at com.kms.katalon.core.main.TestCaseMain$startTestSuite$0.call(Unknown Source)
	at TempTestSuite1655885093224.run(TempTestSuite1655885093224.groovy:36)
)

2022-06-22 16:48:16 - [TEST_STEP][FAILED] - device_Width_2 = getDeviceWidth(): Unable to get the physical width value of the device (Root cause: org.openqa.selenium.WebDriverException: An unknown server-side error occurred while processing the command. Original error: 'GET /window/current/size' cannot be proxied to UiAutomator2 server because the instrumentation process is not running (probably crashed). Check the server log and/or the logcat output for more details
Build info: version: '3.141.59', revision: 'e82be7d358', time: '2018-11-14T08:25:53'
System info: host: '00139272s-MacBook-Pro.local', ip: '2001:e68:6167:d901:5dd8:2a3:885f:7e34%en0', os.name: 'Mac OS X', os.arch: 'x86_64', os.version: '10.16', java.version: '1.8.0_275'
Driver info: com.kms.katalon.core.appium.driver.SwipeableAndroidDriver
Capabilities {app: /Users/a00139272/Katalon St..., appActivity: com.maybank2u.life.MainActi..., appPackage: com.maybank2u.life.sit, appWaitActivity: *, autoGrantPermissions: true, automationName: uiautomator2, chromedriverPort: 52878, databaseEnabled: false, desired: {app: /Users/a00139272/Katalon St..., appActivity: com.maybank2u.life.MainActi..., appPackage: com.maybank2u.life.sit, appWaitActivity: *, autoGrantPermissions: true, automationName: uiautomator2, chromedriverPort: 52878, deviceId: 002b9cc60508, deviceName: Xiaomi 21061119AG (Android 11), fullReset: false, newCommandTimeout: 1800, noReset: true, platform: ANDROID, platformName: android, platformVersion: 11, systemPort: 52876, udid: 002b9cc60508}, deviceApiLevel: 30, deviceId: 002b9cc60508, deviceManufacturer: Xiaomi, deviceModel: 21061119AG, deviceName: 002b9cc60508, deviceScreenDensity: 440, deviceScreenSize: 1080x2400, deviceUDID: 002b9cc60508, fullReset: false, javascriptEnabled: true, locationContextEnabled: false, networkConnectionEnabled: true, newCommandTimeout: 1800, noReset: true, pixelRatio: 2.75, platform: ANDROID, platformName: Android, platformVersion: 11, statBarHeight: 103, systemPort: 52876, takesScreenshot: true, udid: 002b9cc60508, viewportRect: {height: 2064, left: 0, top: 103, width: 1080}, warnings: {}, webStorageEnabled: false}
Session ID: 07e0a906-f567-4646-abfd-84c6cc800d18
	at org.openqa.selenium.remote.http.W3CHttpResponseCodec.createException(W3CHttpResponseCodec.java:187)
	at org.openqa.selenium.remote.http.W3CHttpResponseCodec.decode(W3CHttpResponseCodec.java:122)
	at org.openqa.selenium.remote.http.W3CHttpResponseCodec.decode(W3CHttpResponseCodec.java:49)
	at org.openqa.selenium.remote.HttpCommandExecutor.execute(HttpCommandExecutor.java:158)
	at io.appium.java_client.remote.AppiumCommandExecutor.execute(AppiumCommandExecutor.java:239)
	at org.openqa.selenium.remote.RemoteWebDriver.execute(RemoteWebDriver.java:552)
	at io.appium.java_client.DefaultGenericMobileDriver.execute(DefaultGenericMobileDriver.java:46)
	at io.appium.java_client.AppiumDriver.execute(AppiumDriver.java:1)
	at io.appium.java_client.android.AndroidDriver.execute(AndroidDriver.java:1)
	at com.kms.katalon.core.appium.driver.SwipeableAndroidDriver.execute(SwipeableAndroidDriver.java:1)
	at org.openqa.selenium.remote.RemoteWebDriver$RemoteWebDriverOptions$RemoteWindow.getSize(RemoteWebDriver.java:813)
	at com.kms.katalon.core.mobile.keyword.builtin.GetDeviceWidthKeyword$_getDeviceWidth_closure1.doCall(GetDeviceWidthKeyword.groovy:72)
	at com.kms.katalon.core.mobile.keyword.builtin.GetDeviceWidthKeyword$_getDeviceWidth_closure1.call(GetDeviceWidthKeyword.groovy)
	at com.kms.katalon.core.mobile.keyword.internal.MobileKeywordMain.runKeywordAndReturnInt(MobileKeywordMain.groovy:30)
	at com.kms.katalon.core.mobile.keyword.builtin.GetDeviceWidthKeyword.getDeviceWidth(GetDeviceWidthKeyword.groovy:67)
	at com.kms.katalon.core.mobile.keyword.builtin.GetDeviceWidthKeyword.execute(GetDeviceWidthKeyword.groovy:62)
	at com.kms.katalon.core.keyword.internal.KeywordExecutor.executeKeywordForPlatform(KeywordExecutor.groovy:74)
	at com.kms.katalon.core.mobile.keyword.MobileBuiltInKeywords.getDeviceWidth(MobileBuiltInKeywords.groovy:2087)
	at com.kms.katalon.core.mobile.keyword.MobileBuiltInKeywords$getDeviceWidth$1.call(Unknown Source)
	at duitNow_businessRegNumberTransaction.run(duitNow_businessRegNumberTransaction:212)
	at com.kms.katalon.core.main.ScriptEngine.run(ScriptEngine.java:194)
	at com.kms.katalon.core.main.ScriptEngine.runScriptAsRawText(ScriptEngine.java:119)
	at com.kms.katalon.core.main.TestCaseExecutor.runScript(TestCaseExecutor.java:445)
	at com.kms.katalon.core.main.TestCaseExecutor.doExecute(TestCaseExecutor.java:436)
	at com.kms.katalon.core.main.TestCaseExecutor.processExecutionPhase(TestCaseExecutor.java:415)
	at com.kms.katalon.core.main.TestCaseExecutor.accessMainPhase(TestCaseExecutor.java:407)
	at com.kms.katalon.core.main.TestCaseExecutor.execute(TestCaseExecutor.java:284)
	at com.kms.katalon.core.common.CommonExecutor.accessTestCaseMainPhase(CommonExecutor.java:65)
	at com.kms.katalon.core.main.TestSuiteExecutor.accessTestSuiteMainPhase(TestSuiteExecutor.java:144)
	at com.kms.katalon.core.main.TestSuiteExecutor.execute(TestSuiteExecutor.java:106)
	at com.kms.katalon.core.main.TestCaseMain.startTestSuite(TestCaseMain.java:185)
	at com.kms.katalon.core.main.TestCaseMain$startTestSuite$0.call(Unknown Source)
	at TempTestSuite1655885093224.run(TempTestSuite1655885093224.groovy:36)
)

2022-06-22 16:48:16 - [MESSAGE][FAILED] - Unable to get the physical width value of the device (Root cause: org.openqa.selenium.WebDriverException: An unknown server-side error occurred while processing the command. Original error: 'GET /window/current/size' cannot be proxied to UiAutomator2 server because the instrumentation process is not running (probably crashed). Check the server log and/or the logcat output for more details
Build info: version: '3.141.59', revision: 'e82be7d358', time: '2018-11-14T08:25:53'
System info: host: '00139272s-MacBook-Pro.local', ip: '2001:e68:6167:d901:5dd8:2a3:885f:7e34%en0', os.name: 'Mac OS X', os.arch: 'x86_64', os.version: '10.16', java.version: '1.8.0_275'
Driver info: com.kms.katalon.core.appium.driver.SwipeableAndroidDriver
Capabilities {app: /Users/a00139272/Katalon St..., appActivity: com.maybank2u.life.MainActi..., appPackage: com.maybank2u.life.sit, appWaitActivity: *, autoGrantPermissions: true, automationName: uiautomator2, chromedriverPort: 52878, databaseEnabled: false, desired: {app: /Users/a00139272/Katalon St..., appActivity: com.maybank2u.life.MainActi..., appPackage: com.maybank2u.life.sit, appWaitActivity: *, autoGrantPermissions: true, automationName: uiautomator2, chromedriverPort: 52878, deviceId: 002b9cc60508, deviceName: Xiaomi 21061119AG (Android 11), fullReset: false, newCommandTimeout: 1800, noReset: true, platform: ANDROID, platformName: android, platformVersion: 11, systemPort: 52876, udid: 002b9cc60508}, deviceApiLevel: 30, deviceId: 002b9cc60508, deviceManufacturer: Xiaomi, deviceModel: 21061119AG, deviceName: 002b9cc60508, deviceScreenDensity: 440, deviceScreenSize: 1080x2400, deviceUDID: 002b9cc60508, fullReset: false, javascriptEnabled: true, locationContextEnabled: false, networkConnectionEnabled: true, newCommandTimeout: 1800, noReset: true, pixelRatio: 2.75, platform: ANDROID, platformName: Android, platformVersion: 11, statBarHeight: 103, systemPort: 52876, takesScreenshot: true, udid: 002b9cc60508, viewportRect: {height: 2064, left: 0, top: 103, width: 1080}, warnings: {}, webStorageEnabled: false}
Session ID: 07e0a906-f567-4646-abfd-84c6cc800d18
	at org.openqa.selenium.remote.http.W3CHttpResponseCodec.createException(W3CHttpResponseCodec.java:187)
	at org.openqa.selenium.remote.http.W3CHttpResponseCodec.decode(W3CHttpResponseCodec.java:122)
	at org.openqa.selenium.remote.http.W3CHttpResponseCodec.decode(W3CHttpResponseCodec.java:49)
	at org.openqa.selenium.remote.HttpCommandExecutor.execute(HttpCommandExecutor.java:158)
	at io.appium.java_client.remote.AppiumCommandExecutor.execute(AppiumCommandExecutor.java:239)
	at org.openqa.selenium.remote.RemoteWebDriver.execute(RemoteWebDriver.java:552)
	at io.appium.java_client.DefaultGenericMobileDriver.execute(DefaultGenericMobileDriver.java:46)
	at io.appium.java_client.AppiumDriver.execute(AppiumDriver.java:1)
	at io.appium.java_client.android.AndroidDriver.execute(AndroidDriver.java:1)
	at com.kms.katalon.core.appium.driver.SwipeableAndroidDriver.execute(SwipeableAndroidDriver.java:1)
	at org.openqa.selenium.remote.RemoteWebDriver$RemoteWebDriverOptions$RemoteWindow.getSize(RemoteWebDriver.java:813)
	at com.kms.katalon.core.mobile.keyword.builtin.GetDeviceWidthKeyword$_getDeviceWidth_closure1.doCall(GetDeviceWidthKeyword.groovy:72)
	at com.kms.katalon.core.mobile.keyword.builtin.GetDeviceWidthKeyword$_getDeviceWidth_closure1.call(GetDeviceWidthKeyword.groovy)
	at com.kms.katalon.core.mobile.keyword.internal.MobileKeywordMain.runKeywordAndReturnInt(MobileKeywordMain.groovy:30)
	at com.kms.katalon.core.mobile.keyword.builtin.GetDeviceWidthKeyword.getDeviceWidth(GetDeviceWidthKeyword.groovy:67)
	at com.kms.katalon.core.mobile.keyword.builtin.GetDeviceWidthKeyword.execute(GetDeviceWidthKeyword.groovy:62)
	at com.kms.katalon.core.keyword.internal.KeywordExecutor.executeKeywordForPlatform(KeywordExecutor.groovy:74)
	at com.kms.katalon.core.mobile.keyword.MobileBuiltInKeywords.getDeviceWidth(MobileBuiltInKeywords.groovy:2087)
	at com.kms.katalon.core.mobile.keyword.MobileBuiltInKeywords$getDeviceWidth$1.call(Unknown Source)
	at duitNow_businessRegNumberTransaction.run(duitNow_businessRegNumberTransaction:212)
	at com.kms.katalon.core.main.ScriptEngine.run(ScriptEngine.java:194)
	at com.kms.katalon.core.main.ScriptEngine.runScriptAsRawText(ScriptEngine.java:119)
	at com.kms.katalon.core.main.TestCaseExecutor.runScript(TestCaseExecutor.java:445)
	at com.kms.katalon.core.main.TestCaseExecutor.doExecute(TestCaseExecutor.java:436)
	at com.kms.katalon.core.main.TestCaseExecutor.processExecutionPhase(TestCaseExecutor.java:415)
	at com.kms.katalon.core.main.TestCaseExecutor.accessMainPhase(TestCaseExecutor.java:407)
	at com.kms.katalon.core.main.TestCaseExecutor.execute(TestCaseExecutor.java:284)
	at com.kms.katalon.core.common.CommonExecutor.accessTestCaseMainPhase(CommonExecutor.java:65)
	at com.kms.katalon.core.main.TestSuiteExecutor.accessTestSuiteMainPhase(TestSuiteExecutor.java:144)
	at com.kms.katalon.core.main.TestSuiteExecutor.execute(TestSuiteExecutor.java:106)
	at com.kms.katalon.core.main.TestCaseMain.startTestSuite(TestCaseMain.java:185)
	at com.kms.katalon.core.main.TestCaseMain$startTestSuite$0.call(Unknown Source)
	at TempTestSuite1655885093224.run(TempTestSuite1655885093224.groovy:36)
)

2022-06-22 16:48:16 - [TEST_STEP][PASSED] - startX_2 = device_Width_2 / 2: null

2022-06-22 16:48:16 - [TEST_STEP][PASSED] - endX_2 = startX_2: null

2022-06-22 16:48:16 - [TEST_STEP][PASSED] - startY_2 = device_Height_2 * 0.30: null

2022-06-22 16:48:16 - [TEST_STEP][PASSED] - endY_2 = device_Height_2 * 0.70: null

2022-06-22 16:48:16 - [TEST_STEP][FAILED] - swipe(startX_2, endY_2, endX_2, startY_2): Cannot swipe on device. (Root cause: org.openqa.selenium.WebDriverException: An unknown server-side error occurred while processing the command. Original error: 'POST /touch/perform' cannot be proxied to UiAutomator2 server because the instrumentation process is not running (probably crashed). Check the server log and/or the logcat output for more details
Build info: version: '3.141.59', revision: 'e82be7d358', time: '2018-11-14T08:25:53'
System info: host: '00139272s-MacBook-Pro.local', ip: '2001:e68:6167:d901:5dd8:2a3:885f:7e34%en0', os.name: 'Mac OS X', os.arch: 'x86_64', os.version: '10.16', java.version: '1.8.0_275'
Driver info: com.kms.katalon.core.appium.driver.SwipeableAndroidDriver
Capabilities {app: /Users/a00139272/Katalon St..., appActivity: com.maybank2u.life.MainActi..., appPackage: com.maybank2u.life.sit, appWaitActivity: *, autoGrantPermissions: true, automationName: uiautomator2, chromedriverPort: 52878, databaseEnabled: false, desired: {app: /Users/a00139272/Katalon St..., appActivity: com.maybank2u.life.MainActi..., appPackage: com.maybank2u.life.sit, appWaitActivity: *, autoGrantPermissions: true, automationName: uiautomator2, chromedriverPort: 52878, deviceId: 002b9cc60508, deviceName: Xiaomi 21061119AG (Android 11), fullReset: false, newCommandTimeout: 1800, noReset: true, platform: ANDROID, platformName: android, platformVersion: 11, systemPort: 52876, udid: 002b9cc60508}, deviceApiLevel: 30, deviceId: 002b9cc60508, deviceManufacturer: Xiaomi, deviceModel: 21061119AG, deviceName: 002b9cc60508, deviceScreenDensity: 440, deviceScreenSize: 1080x2400, deviceUDID: 002b9cc60508, fullReset: false, javascriptEnabled: true, locationContextEnabled: false, networkConnectionEnabled: true, newCommandTimeout: 1800, noReset: true, pixelRatio: 2.75, platform: ANDROID, platformName: Android, platformVersion: 11, statBarHeight: 103, systemPort: 52876, takesScreenshot: true, udid: 002b9cc60508, viewportRect: {height: 2064, left: 0, top: 103, width: 1080}, warnings: {}, webStorageEnabled: false}
Session ID: 07e0a906-f567-4646-abfd-84c6cc800d18
	at org.openqa.selenium.remote.http.W3CHttpResponseCodec.createException(W3CHttpResponseCodec.java:187)
	at org.openqa.selenium.remote.http.W3CHttpResponseCodec.decode(W3CHttpResponseCodec.java:122)
	at org.openqa.selenium.remote.http.W3CHttpResponseCodec.decode(W3CHttpResponseCodec.java:49)
	at org.openqa.selenium.remote.HttpCommandExecutor.execute(HttpCommandExecutor.java:158)
	at io.appium.java_client.remote.AppiumCommandExecutor.execute(AppiumCommandExecutor.java:239)
	at org.openqa.selenium.remote.RemoteWebDriver.execute(RemoteWebDriver.java:552)
	at io.appium.java_client.DefaultGenericMobileDriver.execute(DefaultGenericMobileDriver.java:42)
	at io.appium.java_client.AppiumDriver.execute(AppiumDriver.java:1)
	at io.appium.java_client.android.AndroidDriver.execute(AndroidDriver.java:1)
	at com.kms.katalon.core.appium.driver.SwipeableAndroidDriver.execute(SwipeableAndroidDriver.java:1)
	at io.appium.java_client.PerformsTouchActions.performTouchAction(PerformsTouchActions.java:41)
	at io.appium.java_client.TouchAction.perform(TouchAction.java:187)
	at com.kms.katalon.core.mobile.helper.MobileCommonHelper.swipe(MobileCommonHelper.java:61)
	at com.kms.katalon.core.mobile.keyword.builtin.SwipeKeyword$_swipe_closure1.doCall(SwipeKeyword.groovy:76)
	at com.kms.katalon.core.mobile.keyword.builtin.SwipeKeyword$_swipe_closure1.call(SwipeKeyword.groovy)
	at com.kms.katalon.core.mobile.keyword.internal.MobileKeywordMain.runKeyword(MobileKeywordMain.groovy:21)
	at com.kms.katalon.core.mobile.keyword.builtin.SwipeKeyword.swipe(SwipeKeyword.groovy:71)
	at com.kms.katalon.core.mobile.keyword.builtin.SwipeKeyword.execute(SwipeKeyword.groovy:66)
	at com.kms.katalon.core.keyword.internal.KeywordExecutor.executeKeywordForPlatform(KeywordExecutor.groovy:74)
	at com.kms.katalon.core.mobile.keyword.MobileBuiltInKeywords.swipe(MobileBuiltInKeywords.groovy:192)
	at com.kms.katalon.core.mobile.keyword.MobileBuiltInKeywords$swipe$10.call(Unknown Source)
	at duitNow_businessRegNumberTransaction.run(duitNow_businessRegNumberTransaction:222)
	at com.kms.katalon.core.main.ScriptEngine.run(ScriptEngine.java:194)
	at com.kms.katalon.core.main.ScriptEngine.runScriptAsRawText(ScriptEngine.java:119)
	at com.kms.katalon.core.main.TestCaseExecutor.runScript(TestCaseExecutor.java:445)
	at com.kms.katalon.core.main.TestCaseExecutor.doExecute(TestCaseExecutor.java:436)
	at com.kms.katalon.core.main.TestCaseExecutor.processExecutionPhase(TestCaseExecutor.java:415)
	at com.kms.katalon.core.main.TestCaseExecutor.accessMainPhase(TestCaseExecutor.java:407)
	at com.kms.katalon.core.main.TestCaseExecutor.execute(TestCaseExecutor.java:284)
	at com.kms.katalon.core.common.CommonExecutor.accessTestCaseMainPhase(CommonExecutor.java:65)
	at com.kms.katalon.core.main.TestSuiteExecutor.accessTestSuiteMainPhase(TestSuiteExecutor.java:144)
	at com.kms.katalon.core.main.TestSuiteExecutor.execute(TestSuiteExecutor.java:106)
	at com.kms.katalon.core.main.TestCaseMain.startTestSuite(TestCaseMain.java:185)
	at com.kms.katalon.core.main.TestCaseMain$startTestSuite$0.call(Unknown Source)
	at TempTestSuite1655885093224.run(TempTestSuite1655885093224.groovy:36)
)

2022-06-22 16:48:17 - [MESSAGE][FAILED] - Cannot swipe on device. (Root cause: org.openqa.selenium.WebDriverException: An unknown server-side error occurred while processing the command. Original error: 'POST /touch/perform' cannot be proxied to UiAutomator2 server because the instrumentation process is not running (probably crashed). Check the server log and/or the logcat output for more details
Build info: version: '3.141.59', revision: 'e82be7d358', time: '2018-11-14T08:25:53'
System info: host: '00139272s-MacBook-Pro.local', ip: '2001:e68:6167:d901:5dd8:2a3:885f:7e34%en0', os.name: 'Mac OS X', os.arch: 'x86_64', os.version: '10.16', java.version: '1.8.0_275'
Driver info: com.kms.katalon.core.appium.driver.SwipeableAndroidDriver
Capabilities {app: /Users/a00139272/Katalon St..., appActivity: com.maybank2u.life.MainActi..., appPackage: com.maybank2u.life.sit, appWaitActivity: *, autoGrantPermissions: true, automationName: uiautomator2, chromedriverPort: 52878, databaseEnabled: false, desired: {app: /Users/a00139272/Katalon St..., appActivity: com.maybank2u.life.MainActi..., appPackage: com.maybank2u.life.sit, appWaitActivity: *, autoGrantPermissions: true, automationName: uiautomator2, chromedriverPort: 52878, deviceId: 002b9cc60508, deviceName: Xiaomi 21061119AG (Android 11), fullReset: false, newCommandTimeout: 1800, noReset: true, platform: ANDROID, platformName: android, platformVersion: 11, systemPort: 52876, udid: 002b9cc60508}, deviceApiLevel: 30, deviceId: 002b9cc60508, deviceManufacturer: Xiaomi, deviceModel: 21061119AG, deviceName: 002b9cc60508, deviceScreenDensity: 440, deviceScreenSize: 1080x2400, deviceUDID: 002b9cc60508, fullReset: false, javascriptEnabled: true, locationContextEnabled: false, networkConnectionEnabled: true, newCommandTimeout: 1800, noReset: true, pixelRatio: 2.75, platform: ANDROID, platformName: Android, platformVersion: 11, statBarHeight: 103, systemPort: 52876, takesScreenshot: true, udid: 002b9cc60508, viewportRect: {height: 2064, left: 0, top: 103, width: 1080}, warnings: {}, webStorageEnabled: false}
Session ID: 07e0a906-f567-4646-abfd-84c6cc800d18
	at org.openqa.selenium.remote.http.W3CHttpResponseCodec.createException(W3CHttpResponseCodec.java:187)
	at org.openqa.selenium.remote.http.W3CHttpResponseCodec.decode(W3CHttpResponseCodec.java:122)
	at org.openqa.selenium.remote.http.W3CHttpResponseCodec.decode(W3CHttpResponseCodec.java:49)
	at org.openqa.selenium.remote.HttpCommandExecutor.execute(HttpCommandExecutor.java:158)
	at io.appium.java_client.remote.AppiumCommandExecutor.execute(AppiumCommandExecutor.java:239)
	at org.openqa.selenium.remote.RemoteWebDriver.execute(RemoteWebDriver.java:552)
	at io.appium.java_client.DefaultGenericMobileDriver.execute(DefaultGenericMobileDriver.java:42)
	at io.appium.java_client.AppiumDriver.execute(AppiumDriver.java:1)
	at io.appium.java_client.android.AndroidDriver.execute(AndroidDriver.java:1)
	at com.kms.katalon.core.appium.driver.SwipeableAndroidDriver.execute(SwipeableAndroidDriver.java:1)
	at io.appium.java_client.PerformsTouchActions.performTouchAction(PerformsTouchActions.java:41)
	at io.appium.java_client.TouchAction.perform(TouchAction.java:187)
	at com.kms.katalon.core.mobile.helper.MobileCommonHelper.swipe(MobileCommonHelper.java:61)
	at com.kms.katalon.core.mobile.keyword.builtin.SwipeKeyword$_swipe_closure1.doCall(SwipeKeyword.groovy:76)
	at com.kms.katalon.core.mobile.keyword.builtin.SwipeKeyword$_swipe_closure1.call(SwipeKeyword.groovy)
	at com.kms.katalon.core.mobile.keyword.internal.MobileKeywordMain.runKeyword(MobileKeywordMain.groovy:21)
	at com.kms.katalon.core.mobile.keyword.builtin.SwipeKeyword.swipe(SwipeKeyword.groovy:71)
	at com.kms.katalon.core.mobile.keyword.builtin.SwipeKeyword.execute(SwipeKeyword.groovy:66)
	at com.kms.katalon.core.keyword.internal.KeywordExecutor.executeKeywordForPlatform(KeywordExecutor.groovy:74)
	at com.kms.katalon.core.mobile.keyword.MobileBuiltInKeywords.swipe(MobileBuiltInKeywords.groovy:192)
	at com.kms.katalon.core.mobile.keyword.MobileBuiltInKeywords$swipe$10.call(Unknown Source)
	at duitNow_businessRegNumberTransaction.run(duitNow_businessRegNumberTransaction:222)
	at com.kms.katalon.core.main.ScriptEngine.run(ScriptEngine.java:194)
	at com.kms.katalon.core.main.ScriptEngine.runScriptAsRawText(ScriptEngine.java:119)
	at com.kms.katalon.core.main.TestCaseExecutor.runScript(TestCaseExecutor.java:445)
	at com.kms.katalon.core.main.TestCaseExecutor.doExecute(TestCaseExecutor.java:436)
	at com.kms.katalon.core.main.TestCaseExecutor.processExecutionPhase(TestCaseExecutor.java:415)
	at com.kms.katalon.core.main.TestCaseExecutor.accessMainPhase(TestCaseExecutor.java:407)
	at com.kms.katalon.core.main.TestCaseExecutor.execute(TestCaseExecutor.java:284)
	at com.kms.katalon.core.common.CommonExecutor.accessTestCaseMainPhase(CommonExecutor.java:65)
	at com.kms.katalon.core.main.TestSuiteExecutor.accessTestSuiteMainPhase(TestSuiteExecutor.java:144)
	at com.kms.katalon.core.main.TestSuiteExecutor.execute(TestSuiteExecutor.java:106)
	at com.kms.katalon.core.main.TestCaseMain.startTestSuite(TestCaseMain.java:185)
	at com.kms.katalon.core.main.TestCaseMain$startTestSuite$0.call(Unknown Source)
	at TempTestSuite1655885093224.run(TempTestSuite1655885093224.groovy:36)
)

2022-06-22 16:48:17 - [TEST_STEP][FAILED] - verifyElementExist(findTestObject("Transfer/transferConfirmationFTransferFromTitleTxt"), 0): Failed to check for element 'Object Repository/Transfer/transferConfirmationFTransferFromTitleTxt' exist (Root cause: org.openqa.selenium.WebDriverException: An unknown server-side error occurred while processing the command. Original error: 'GET /window/current/size' cannot be proxied to UiAutomator2 server because the instrumentation process is not running (probably crashed). Check the server log and/or the logcat output for more details
Build info: version: '3.141.59', revision: 'e82be7d358', time: '2018-11-14T08:25:53'
System info: host: '00139272s-MacBook-Pro.local', ip: '2001:e68:6167:d901:5dd8:2a3:885f:7e34%en0', os.name: 'Mac OS X', os.arch: 'x86_64', os.version: '10.16', java.version: '1.8.0_275'
Driver info: com.kms.katalon.core.appium.driver.SwipeableAndroidDriver
Capabilities {app: /Users/a00139272/Katalon St..., appActivity: com.maybank2u.life.MainActi..., appPackage: com.maybank2u.life.sit, appWaitActivity: *, autoGrantPermissions: true, automationName: uiautomator2, chromedriverPort: 52878, databaseEnabled: false, desired: {app: /Users/a00139272/Katalon St..., appActivity: com.maybank2u.life.MainActi..., appPackage: com.maybank2u.life.sit, appWaitActivity: *, autoGrantPermissions: true, automationName: uiautomator2, chromedriverPort: 52878, deviceId: 002b9cc60508, deviceName: Xiaomi 21061119AG (Android 11), fullReset: false, newCommandTimeout: 1800, noReset: true, platform: ANDROID, platformName: android, platformVersion: 11, systemPort: 52876, udid: 002b9cc60508}, deviceApiLevel: 30, deviceId: 002b9cc60508, deviceManufacturer: Xiaomi, deviceModel: 21061119AG, deviceName: 002b9cc60508, deviceScreenDensity: 440, deviceScreenSize: 1080x2400, deviceUDID: 002b9cc60508, fullReset: false, javascriptEnabled: true, locationContextEnabled: false, networkConnectionEnabled: true, newCommandTimeout: 1800, noReset: true, pixelRatio: 2.75, platform: ANDROID, platformName: Android, platformVersion: 11, statBarHeight: 103, systemPort: 52876, takesScreenshot: true, udid: 002b9cc60508, viewportRect: {height: 2064, left: 0, top: 103, width: 1080}, warnings: {}, webStorageEnabled: false}
Session ID: 07e0a906-f567-4646-abfd-84c6cc800d18
	at org.openqa.selenium.remote.http.W3CHttpResponseCodec.createException(W3CHttpResponseCodec.java:187)
	at org.openqa.selenium.remote.http.W3CHttpResponseCodec.decode(W3CHttpResponseCodec.java:122)
	at org.openqa.selenium.remote.http.W3CHttpResponseCodec.decode(W3CHttpResponseCodec.java:49)
	at org.openqa.selenium.remote.HttpCommandExecutor.execute(HttpCommandExecutor.java:158)
	at io.appium.java_client.remote.AppiumCommandExecutor.execute(AppiumCommandExecutor.java:239)
	at org.openqa.selenium.remote.RemoteWebDriver.execute(RemoteWebDriver.java:552)
	at io.appium.java_client.DefaultGenericMobileDriver.execute(DefaultGenericMobileDriver.java:46)
	at io.appium.java_client.AppiumDriver.execute(AppiumDriver.java:1)
	at io.appium.java_client.android.AndroidDriver.execute(AndroidDriver.java:1)
	at com.kms.katalon.core.appium.driver.SwipeableAndroidDriver.execute(SwipeableAndroidDriver.java:1)
	at org.openqa.selenium.remote.RemoteWebDriver$RemoteWebDriverOptions$RemoteWindow.getSize(RemoteWebDriver.java:813)
	at org.openqa.selenium.WebDriver$Window$getSize.call(Unknown Source)
	at com.kms.katalon.core.mobile.keyword.internal.MobileAbstractKeyword.findElement(MobileAbstractKeyword.groovy:81)
	at com.kms.katalon.core.mobile.keyword.builtin.VerifyElementExistKeyword.access$1(VerifyElementExistKeyword.groovy)
	at com.kms.katalon.core.mobile.keyword.builtin.VerifyElementExistKeyword$_verifyElementExist_closure1.doCall(VerifyElementExistKeyword.groovy:72)
	at com.kms.katalon.core.mobile.keyword.builtin.VerifyElementExistKeyword$_verifyElementExist_closure1.call(VerifyElementExistKeyword.groovy)
	at com.kms.katalon.core.mobile.keyword.internal.MobileKeywordMain.runKeyword(MobileKeywordMain.groovy:21)
	at com.kms.katalon.core.mobile.keyword.builtin.VerifyElementExistKeyword.verifyElementExist(VerifyElementExistKeyword.groovy:80)
	at com.kms.katalon.core.mobile.keyword.builtin.VerifyElementExistKeyword.execute(VerifyElementExistKeyword.groovy:64)
	at com.kms.katalon.core.keyword.internal.KeywordExecutor.executeKeywordForPlatform(KeywordExecutor.groovy:74)
	at com.kms.katalon.core.mobile.keyword.MobileBuiltInKeywords.verifyElementExist(MobileBuiltInKeywords.groovy:1755)
	at com.kms.katalon.core.mobile.keyword.MobileBuiltInKeywords$verifyElementExist$8.call(Unknown Source)
	at duitNow_businessRegNumberTransaction.run(duitNow_businessRegNumberTransaction:224)
	at com.kms.katalon.core.main.ScriptEngine.run(ScriptEngine.java:194)
	at com.kms.katalon.core.main.ScriptEngine.runScriptAsRawText(ScriptEngine.java:119)
	at com.kms.katalon.core.main.TestCaseExecutor.runScript(TestCaseExecutor.java:445)
	at com.kms.katalon.core.main.TestCaseExecutor.doExecute(TestCaseExecutor.java:436)
	at com.kms.katalon.core.main.TestCaseExecutor.processExecutionPhase(TestCaseExecutor.java:415)
	at com.kms.katalon.core.main.TestCaseExecutor.accessMainPhase(TestCaseExecutor.java:407)
	at com.kms.katalon.core.main.TestCaseExecutor.execute(TestCaseExecutor.java:284)
	at com.kms.katalon.core.common.CommonExecutor.accessTestCaseMainPhase(CommonExecutor.java:65)
	at com.kms.katalon.core.main.TestSuiteExecutor.accessTestSuiteMainPhase(TestSuiteExecutor.java:144)
	at com.kms.katalon.core.main.TestSuiteExecutor.execute(TestSuiteExecutor.java:106)
	at com.kms.katalon.core.main.TestCaseMain.startTestSuite(TestCaseMain.java:185)
	at com.kms.katalon.core.main.TestCaseMain$startTestSuite$0.call(Unknown Source)
	at TempTestSuite1655885093224.run(TempTestSuite1655885093224.groovy:36)
)

2022-06-22 16:48:17 - [MESSAGE][WARNING] - Timeout '0' is invalid. Using default page load timeout: '40'

2022-06-22 16:48:17 - [MESSAGE][FAILED] - Failed to check for element 'Object Repository/Transfer/transferConfirmationFTransferFromTitleTxt' exist (Root cause: org.openqa.selenium.WebDriverException: An unknown server-side error occurred while processing the command. Original error: 'GET /window/current/size' cannot be proxied to UiAutomator2 server because the instrumentation process is not running (probably crashed). Check the server log and/or the logcat output for more details
Build info: version: '3.141.59', revision: 'e82be7d358', time: '2018-11-14T08:25:53'
System info: host: '00139272s-MacBook-Pro.local', ip: '2001:e68:6167:d901:5dd8:2a3:885f:7e34%en0', os.name: 'Mac OS X', os.arch: 'x86_64', os.version: '10.16', java.version: '1.8.0_275'
Driver info: com.kms.katalon.core.appium.driver.SwipeableAndroidDriver
Capabilities {app: /Users/a00139272/Katalon St..., appActivity: com.maybank2u.life.MainActi..., appPackage: com.maybank2u.life.sit, appWaitActivity: *, autoGrantPermissions: true, automationName: uiautomator2, chromedriverPort: 52878, databaseEnabled: false, desired: {app: /Users/a00139272/Katalon St..., appActivity: com.maybank2u.life.MainActi..., appPackage: com.maybank2u.life.sit, appWaitActivity: *, autoGrantPermissions: true, automationName: uiautomator2, chromedriverPort: 52878, deviceId: 002b9cc60508, deviceName: Xiaomi 21061119AG (Android 11), fullReset: false, newCommandTimeout: 1800, noReset: true, platform: ANDROID, platformName: android, platformVersion: 11, systemPort: 52876, udid: 002b9cc60508}, deviceApiLevel: 30, deviceId: 002b9cc60508, deviceManufacturer: Xiaomi, deviceModel: 21061119AG, deviceName: 002b9cc60508, deviceScreenDensity: 440, deviceScreenSize: 1080x2400, deviceUDID: 002b9cc60508, fullReset: false, javascriptEnabled: true, locationContextEnabled: false, networkConnectionEnabled: true, newCommandTimeout: 1800, noReset: true, pixelRatio: 2.75, platform: ANDROID, platformName: Android, platformVersion: 11, statBarHeight: 103, systemPort: 52876, takesScreenshot: true, udid: 002b9cc60508, viewportRect: {height: 2064, left: 0, top: 103, width: 1080}, warnings: {}, webStorageEnabled: false}
Session ID: 07e0a906-f567-4646-abfd-84c6cc800d18
	at org.openqa.selenium.remote.http.W3CHttpResponseCodec.createException(W3CHttpResponseCodec.java:187)
	at org.openqa.selenium.remote.http.W3CHttpResponseCodec.decode(W3CHttpResponseCodec.java:122)
	at org.openqa.selenium.remote.http.W3CHttpResponseCodec.decode(W3CHttpResponseCodec.java:49)
	at org.openqa.selenium.remote.HttpCommandExecutor.execute(HttpCommandExecutor.java:158)
	at io.appium.java_client.remote.AppiumCommandExecutor.execute(AppiumCommandExecutor.java:239)
	at org.openqa.selenium.remote.RemoteWebDriver.execute(RemoteWebDriver.java:552)
	at io.appium.java_client.DefaultGenericMobileDriver.execute(DefaultGenericMobileDriver.java:46)
	at io.appium.java_client.AppiumDriver.execute(AppiumDriver.java:1)
	at io.appium.java_client.android.AndroidDriver.execute(AndroidDriver.java:1)
	at com.kms.katalon.core.appium.driver.SwipeableAndroidDriver.execute(SwipeableAndroidDriver.java:1)
	at org.openqa.selenium.remote.RemoteWebDriver$RemoteWebDriverOptions$RemoteWindow.getSize(RemoteWebDriver.java:813)
	at org.openqa.selenium.WebDriver$Window$getSize.call(Unknown Source)
	at com.kms.katalon.core.mobile.keyword.internal.MobileAbstractKeyword.findElement(MobileAbstractKeyword.groovy:81)
	at com.kms.katalon.core.mobile.keyword.builtin.VerifyElementExistKeyword.access$1(VerifyElementExistKeyword.groovy)
	at com.kms.katalon.core.mobile.keyword.builtin.VerifyElementExistKeyword$_verifyElementExist_closure1.doCall(VerifyElementExistKeyword.groovy:72)
	at com.kms.katalon.core.mobile.keyword.builtin.VerifyElementExistKeyword$_verifyElementExist_closure1.call(VerifyElementExistKeyword.groovy)
	at com.kms.katalon.core.mobile.keyword.internal.MobileKeywordMain.runKeyword(MobileKeywordMain.groovy:21)
	at com.kms.katalon.core.mobile.keyword.builtin.VerifyElementExistKeyword.verifyElementExist(VerifyElementExistKeyword.groovy:80)
	at com.kms.katalon.core.mobile.keyword.builtin.VerifyElementExistKeyword.execute(VerifyElementExistKeyword.groovy:64)
	at com.kms.katalon.core.keyword.internal.KeywordExecutor.executeKeywordForPlatform(KeywordExecutor.groovy:74)
	at com.kms.katalon.core.mobile.keyword.MobileBuiltInKeywords.verifyElementExist(MobileBuiltInKeywords.groovy:1755)
	at com.kms.katalon.core.mobile.keyword.MobileBuiltInKeywords$verifyElementExist$8.call(Unknown Source)
	at duitNow_businessRegNumberTransaction.run(duitNow_businessRegNumberTransaction:224)
	at com.kms.katalon.core.main.ScriptEngine.run(ScriptEngine.java:194)
	at com.kms.katalon.core.main.ScriptEngine.runScriptAsRawText(ScriptEngine.java:119)
	at com.kms.katalon.core.main.TestCaseExecutor.runScript(TestCaseExecutor.java:445)
	at com.kms.katalon.core.main.TestCaseExecutor.doExecute(TestCaseExecutor.java:436)
	at com.kms.katalon.core.main.TestCaseExecutor.processExecutionPhase(TestCaseExecutor.java:415)
	at com.kms.katalon.core.main.TestCaseExecutor.accessMainPhase(TestCaseExecutor.java:407)
	at com.kms.katalon.core.main.TestCaseExecutor.execute(TestCaseExecutor.java:284)
	at com.kms.katalon.core.common.CommonExecutor.accessTestCaseMainPhase(CommonExecutor.java:65)
	at com.kms.katalon.core.main.TestSuiteExecutor.accessTestSuiteMainPhase(TestSuiteExecutor.java:144)
	at com.kms.katalon.core.main.TestSuiteExecutor.execute(TestSuiteExecutor.java:106)
	at com.kms.katalon.core.main.TestCaseMain.startTestSuite(TestCaseMain.java:185)
	at com.kms.katalon.core.main.TestCaseMain$startTestSuite$0.call(Unknown Source)
	at TempTestSuite1655885093224.run(TempTestSuite1655885093224.groovy:36)
)

2022-06-22 16:48:17 - [TEST_STEP][FAILED] - verifyElementExist(findTestObject("Duit Now/duitNowConfirmationNoteTitleTxt"), 0): Failed to check for element 'Object Repository/Duit Now/duitNowConfirmationNoteTitleTxt' exist (Root cause: org.openqa.selenium.WebDriverException: An unknown server-side error occurred while processing the command. Original error: 'GET /window/current/size' cannot be proxied to UiAutomator2 server because the instrumentation process is not running (probably crashed). Check the server log and/or the logcat output for more details
Build info: version: '3.141.59', revision: 'e82be7d358', time: '2018-11-14T08:25:53'
System info: host: '00139272s-MacBook-Pro.local', ip: '2001:e68:6167:d901:5dd8:2a3:885f:7e34%en0', os.name: 'Mac OS X', os.arch: 'x86_64', os.version: '10.16', java.version: '1.8.0_275'
Driver info: com.kms.katalon.core.appium.driver.SwipeableAndroidDriver
Capabilities {app: /Users/a00139272/Katalon St..., appActivity: com.maybank2u.life.MainActi..., appPackage: com.maybank2u.life.sit, appWaitActivity: *, autoGrantPermissions: true, automationName: uiautomator2, chromedriverPort: 52878, databaseEnabled: false, desired: {app: /Users/a00139272/Katalon St..., appActivity: com.maybank2u.life.MainActi..., appPackage: com.maybank2u.life.sit, appWaitActivity: *, autoGrantPermissions: true, automationName: uiautomator2, chromedriverPort: 52878, deviceId: 002b9cc60508, deviceName: Xiaomi 21061119AG (Android 11), fullReset: false, newCommandTimeout: 1800, noReset: true, platform: ANDROID, platformName: android, platformVersion: 11, systemPort: 52876, udid: 002b9cc60508}, deviceApiLevel: 30, deviceId: 002b9cc60508, deviceManufacturer: Xiaomi, deviceModel: 21061119AG, deviceName: 002b9cc60508, deviceScreenDensity: 440, deviceScreenSize: 1080x2400, deviceUDID: 002b9cc60508, fullReset: false, javascriptEnabled: true, locationContextEnabled: false, networkConnectionEnabled: true, newCommandTimeout: 1800, noReset: true, pixelRatio: 2.75, platform: ANDROID, platformName: Android, platformVersion: 11, statBarHeight: 103, systemPort: 52876, takesScreenshot: true, udid: 002b9cc60508, viewportRect: {height: 2064, left: 0, top: 103, width: 1080}, warnings: {}, webStorageEnabled: false}
Session ID: 07e0a906-f567-4646-abfd-84c6cc800d18
	at org.openqa.selenium.remote.http.W3CHttpResponseCodec.createException(W3CHttpResponseCodec.java:187)
	at org.openqa.selenium.remote.http.W3CHttpResponseCodec.decode(W3CHttpResponseCodec.java:122)
	at org.openqa.selenium.remote.http.W3CHttpResponseCodec.decode(W3CHttpResponseCodec.java:49)
	at org.openqa.selenium.remote.HttpCommandExecutor.execute(HttpCommandExecutor.java:158)
	at io.appium.java_client.remote.AppiumCommandExecutor.execute(AppiumCommandExecutor.java:239)
	at org.openqa.selenium.remote.RemoteWebDriver.execute(RemoteWebDriver.java:552)
	at io.appium.java_client.DefaultGenericMobileDriver.execute(DefaultGenericMobileDriver.java:46)
	at io.appium.java_client.AppiumDriver.execute(AppiumDriver.java:1)
	at io.appium.java_client.android.AndroidDriver.execute(AndroidDriver.java:1)
	at com.kms.katalon.core.appium.driver.SwipeableAndroidDriver.execute(SwipeableAndroidDriver.java:1)
	at org.openqa.selenium.remote.RemoteWebDriver$RemoteWebDriverOptions$RemoteWindow.getSize(RemoteWebDriver.java:813)
	at org.openqa.selenium.WebDriver$Window$getSize.call(Unknown Source)
	at com.kms.katalon.core.mobile.keyword.internal.MobileAbstractKeyword.findElement(MobileAbstractKeyword.groovy:81)
	at com.kms.katalon.core.mobile.keyword.builtin.VerifyElementExistKeyword.access$1(VerifyElementExistKeyword.groovy)
	at com.kms.katalon.core.mobile.keyword.builtin.VerifyElementExistKeyword$_verifyElementExist_closure1.doCall(VerifyElementExistKeyword.groovy:72)
	at com.kms.katalon.core.mobile.keyword.builtin.VerifyElementExistKeyword$_verifyElementExist_closure1.call(VerifyElementExistKeyword.groovy)
	at com.kms.katalon.core.mobile.keyword.internal.MobileKeywordMain.runKeyword(MobileKeywordMain.groovy:21)
	at com.kms.katalon.core.mobile.keyword.builtin.VerifyElementExistKeyword.verifyElementExist(VerifyElementExistKeyword.groovy:80)
	at com.kms.katalon.core.mobile.keyword.builtin.VerifyElementExistKeyword.execute(VerifyElementExistKeyword.groovy:64)
	at com.kms.katalon.core.keyword.internal.KeywordExecutor.executeKeywordForPlatform(KeywordExecutor.groovy:74)
	at com.kms.katalon.core.mobile.keyword.MobileBuiltInKeywords.verifyElementExist(MobileBuiltInKeywords.groovy:1755)
	at com.kms.katalon.core.mobile.keyword.MobileBuiltInKeywords$verifyElementExist$8.call(Unknown Source)
	at duitNow_businessRegNumberTransaction.run(duitNow_businessRegNumberTransaction:226)
	at com.kms.katalon.core.main.ScriptEngine.run(ScriptEngine.java:194)
	at com.kms.katalon.core.main.ScriptEngine.runScriptAsRawText(ScriptEngine.java:119)
	at com.kms.katalon.core.main.TestCaseExecutor.runScript(TestCaseExecutor.java:445)
	at com.kms.katalon.core.main.TestCaseExecutor.doExecute(TestCaseExecutor.java:436)
	at com.kms.katalon.core.main.TestCaseExecutor.processExecutionPhase(TestCaseExecutor.java:415)
	at com.kms.katalon.core.main.TestCaseExecutor.accessMainPhase(TestCaseExecutor.java:407)
	at com.kms.katalon.core.main.TestCaseExecutor.execute(TestCaseExecutor.java:284)
	at com.kms.katalon.core.common.CommonExecutor.accessTestCaseMainPhase(CommonExecutor.java:65)
	at com.kms.katalon.core.main.TestSuiteExecutor.accessTestSuiteMainPhase(TestSuiteExecutor.java:144)
	at com.kms.katalon.core.main.TestSuiteExecutor.execute(TestSuiteExecutor.java:106)
	at com.kms.katalon.core.main.TestCaseMain.startTestSuite(TestCaseMain.java:185)
	at com.kms.katalon.core.main.TestCaseMain$startTestSuite$0.call(Unknown Source)
	at TempTestSuite1655885093224.run(TempTestSuite1655885093224.groovy:36)
)

2022-06-22 16:48:17 - [MESSAGE][WARNING] - Timeout '0' is invalid. Using default page load timeout: '40'

2022-06-22 16:48:17 - [MESSAGE][FAILED] - Failed to check for element 'Object Repository/Duit Now/duitNowConfirmationNoteTitleTxt' exist (Root cause: org.openqa.selenium.WebDriverException: An unknown server-side error occurred while processing the command. Original error: 'GET /window/current/size' cannot be proxied to UiAutomator2 server because the instrumentation process is not running (probably crashed). Check the server log and/or the logcat output for more details
Build info: version: '3.141.59', revision: 'e82be7d358', time: '2018-11-14T08:25:53'
System info: host: '00139272s-MacBook-Pro.local', ip: '2001:e68:6167:d901:5dd8:2a3:885f:7e34%en0', os.name: 'Mac OS X', os.arch: 'x86_64', os.version: '10.16', java.version: '1.8.0_275'
Driver info: com.kms.katalon.core.appium.driver.SwipeableAndroidDriver
Capabilities {app: /Users/a00139272/Katalon St..., appActivity: com.maybank2u.life.MainActi..., appPackage: com.maybank2u.life.sit, appWaitActivity: *, autoGrantPermissions: true, automationName: uiautomator2, chromedriverPort: 52878, databaseEnabled: false, desired: {app: /Users/a00139272/Katalon St..., appActivity: com.maybank2u.life.MainActi..., appPackage: com.maybank2u.life.sit, appWaitActivity: *, autoGrantPermissions: true, automationName: uiautomator2, chromedriverPort: 52878, deviceId: 002b9cc60508, deviceName: Xiaomi 21061119AG (Android 11), fullReset: false, newCommandTimeout: 1800, noReset: true, platform: ANDROID, platformName: android, platformVersion: 11, systemPort: 52876, udid: 002b9cc60508}, deviceApiLevel: 30, deviceId: 002b9cc60508, deviceManufacturer: Xiaomi, deviceModel: 21061119AG, deviceName: 002b9cc60508, deviceScreenDensity: 440, deviceScreenSize: 1080x2400, deviceUDID: 002b9cc60508, fullReset: false, javascriptEnabled: true, locationContextEnabled: false, networkConnectionEnabled: true, newCommandTimeout: 1800, noReset: true, pixelRatio: 2.75, platform: ANDROID, platformName: Android, platformVersion: 11, statBarHeight: 103, systemPort: 52876, takesScreenshot: true, udid: 002b9cc60508, viewportRect: {height: 2064, left: 0, top: 103, width: 1080}, warnings: {}, webStorageEnabled: false}
Session ID: 07e0a906-f567-4646-abfd-84c6cc800d18
	at org.openqa.selenium.remote.http.W3CHttpResponseCodec.createException(W3CHttpResponseCodec.java:187)
	at org.openqa.selenium.remote.http.W3CHttpResponseCodec.decode(W3CHttpResponseCodec.java:122)
	at org.openqa.selenium.remote.http.W3CHttpResponseCodec.decode(W3CHttpResponseCodec.java:49)
	at org.openqa.selenium.remote.HttpCommandExecutor.execute(HttpCommandExecutor.java:158)
	at io.appium.java_client.remote.AppiumCommandExecutor.execute(AppiumCommandExecutor.java:239)
	at org.openqa.selenium.remote.RemoteWebDriver.execute(RemoteWebDriver.java:552)
	at io.appium.java_client.DefaultGenericMobileDriver.execute(DefaultGenericMobileDriver.java:46)
	at io.appium.java_client.AppiumDriver.execute(AppiumDriver.java:1)
	at io.appium.java_client.android.AndroidDriver.execute(AndroidDriver.java:1)
	at com.kms.katalon.core.appium.driver.SwipeableAndroidDriver.execute(SwipeableAndroidDriver.java:1)
	at org.openqa.selenium.remote.RemoteWebDriver$RemoteWebDriverOptions$RemoteWindow.getSize(RemoteWebDriver.java:813)
	at org.openqa.selenium.WebDriver$Window$getSize.call(Unknown Source)
	at com.kms.katalon.core.mobile.keyword.internal.MobileAbstractKeyword.findElement(MobileAbstractKeyword.groovy:81)
	at com.kms.katalon.core.mobile.keyword.builtin.VerifyElementExistKeyword.access$1(VerifyElementExistKeyword.groovy)
	at com.kms.katalon.core.mobile.keyword.builtin.VerifyElementExistKeyword$_verifyElementExist_closure1.doCall(VerifyElementExistKeyword.groovy:72)
	at com.kms.katalon.core.mobile.keyword.builtin.VerifyElementExistKeyword$_verifyElementExist_closure1.call(VerifyElementExistKeyword.groovy)
	at com.kms.katalon.core.mobile.keyword.internal.MobileKeywordMain.runKeyword(MobileKeywordMain.groovy:21)
	at com.kms.katalon.core.mobile.keyword.builtin.VerifyElementExistKeyword.verifyElementExist(VerifyElementExistKeyword.groovy:80)
	at com.kms.katalon.core.mobile.keyword.builtin.VerifyElementExistKeyword.execute(VerifyElementExistKeyword.groovy:64)
	at com.kms.katalon.core.keyword.internal.KeywordExecutor.executeKeywordForPlatform(KeywordExecutor.groovy:74)
	at com.kms.katalon.core.mobile.keyword.MobileBuiltInKeywords.verifyElementExist(MobileBuiltInKeywords.groovy:1755)
	at com.kms.katalon.core.mobile.keyword.MobileBuiltInKeywords$verifyElementExist$8.call(Unknown Source)
	at duitNow_businessRegNumberTransaction.run(duitNow_businessRegNumberTransaction:226)
	at com.kms.katalon.core.main.ScriptEngine.run(ScriptEngine.java:194)
	at com.kms.katalon.core.main.ScriptEngine.runScriptAsRawText(ScriptEngine.java:119)
	at com.kms.katalon.core.main.TestCaseExecutor.runScript(TestCaseExecutor.java:445)
	at com.kms.katalon.core.main.TestCaseExecutor.doExecute(TestCaseExecutor.java:436)
	at com.kms.katalon.core.main.TestCaseExecutor.processExecutionPhase(TestCaseExecutor.java:415)
	at com.kms.katalon.core.main.TestCaseExecutor.accessMainPhase(TestCaseExecutor.java:407)
	at com.kms.katalon.core.main.TestCaseExecutor.execute(TestCaseExecutor.java:284)
	at com.kms.katalon.core.common.CommonExecutor.accessTestCaseMainPhase(CommonExecutor.java:65)
	at com.kms.katalon.core.main.TestSuiteExecutor.accessTestSuiteMainPhase(TestSuiteExecutor.java:144)
	at com.kms.katalon.core.main.TestSuiteExecutor.execute(TestSuiteExecutor.java:106)
	at com.kms.katalon.core.main.TestCaseMain.startTestSuite(TestCaseMain.java:185)
	at com.kms.katalon.core.main.TestCaseMain$startTestSuite$0.call(Unknown Source)
	at TempTestSuite1655885093224.run(TempTestSuite1655885093224.groovy:36)
)

2022-06-22 16:48:17 - [TEST_STEP][FAILED] - verifyElementExist(findTestObject("Duit Now/duitNowConfirmationDeclarationTitleTxt"), 0): Failed to check for element 'Object Repository/Duit Now/duitNowConfirmationDeclarationTitleTxt' exist (Root cause: org.openqa.selenium.WebDriverException: An unknown server-side error occurred while processing the command. Original error: 'GET /window/current/size' cannot be proxied to UiAutomator2 server because the instrumentation process is not running (probably crashed). Check the server log and/or the logcat output for more details
Build info: version: '3.141.59', revision: 'e82be7d358', time: '2018-11-14T08:25:53'
System info: host: '00139272s-MacBook-Pro.local', ip: '2001:e68:6167:d901:5dd8:2a3:885f:7e34%en0', os.name: 'Mac OS X', os.arch: 'x86_64', os.version: '10.16', java.version: '1.8.0_275'
Driver info: com.kms.katalon.core.appium.driver.SwipeableAndroidDriver
Capabilities {app: /Users/a00139272/Katalon St..., appActivity: com.maybank2u.life.MainActi..., appPackage: com.maybank2u.life.sit, appWaitActivity: *, autoGrantPermissions: true, automationName: uiautomator2, chromedriverPort: 52878, databaseEnabled: false, desired: {app: /Users/a00139272/Katalon St..., appActivity: com.maybank2u.life.MainActi..., appPackage: com.maybank2u.life.sit, appWaitActivity: *, autoGrantPermissions: true, automationName: uiautomator2, chromedriverPort: 52878, deviceId: 002b9cc60508, deviceName: Xiaomi 21061119AG (Android 11), fullReset: false, newCommandTimeout: 1800, noReset: true, platform: ANDROID, platformName: android, platformVersion: 11, systemPort: 52876, udid: 002b9cc60508}, deviceApiLevel: 30, deviceId: 002b9cc60508, deviceManufacturer: Xiaomi, deviceModel: 21061119AG, deviceName: 002b9cc60508, deviceScreenDensity: 440, deviceScreenSize: 1080x2400, deviceUDID: 002b9cc60508, fullReset: false, javascriptEnabled: true, locationContextEnabled: false, networkConnectionEnabled: true, newCommandTimeout: 1800, noReset: true, pixelRatio: 2.75, platform: ANDROID, platformName: Android, platformVersion: 11, statBarHeight: 103, systemPort: 52876, takesScreenshot: true, udid: 002b9cc60508, viewportRect: {height: 2064, left: 0, top: 103, width: 1080}, warnings: {}, webStorageEnabled: false}
Session ID: 07e0a906-f567-4646-abfd-84c6cc800d18
	at org.openqa.selenium.remote.http.W3CHttpResponseCodec.createException(W3CHttpResponseCodec.java:187)
	at org.openqa.selenium.remote.http.W3CHttpResponseCodec.decode(W3CHttpResponseCodec.java:122)
	at org.openqa.selenium.remote.http.W3CHttpResponseCodec.decode(W3CHttpResponseCodec.java:49)
	at org.openqa.selenium.remote.HttpCommandExecutor.execute(HttpCommandExecutor.java:158)
	at io.appium.java_client.remote.AppiumCommandExecutor.execute(AppiumCommandExecutor.java:239)
	at org.openqa.selenium.remote.RemoteWebDriver.execute(RemoteWebDriver.java:552)
	at io.appium.java_client.DefaultGenericMobileDriver.execute(DefaultGenericMobileDriver.java:46)
	at io.appium.java_client.AppiumDriver.execute(AppiumDriver.java:1)
	at io.appium.java_client.android.AndroidDriver.execute(AndroidDriver.java:1)
	at com.kms.katalon.core.appium.driver.SwipeableAndroidDriver.execute(SwipeableAndroidDriver.java:1)
	at org.openqa.selenium.remote.RemoteWebDriver$RemoteWebDriverOptions$RemoteWindow.getSize(RemoteWebDriver.java:813)
	at org.openqa.selenium.WebDriver$Window$getSize.call(Unknown Source)
	at com.kms.katalon.core.mobile.keyword.internal.MobileAbstractKeyword.findElement(MobileAbstractKeyword.groovy:81)
	at com.kms.katalon.core.mobile.keyword.builtin.VerifyElementExistKeyword.access$1(VerifyElementExistKeyword.groovy)
	at com.kms.katalon.core.mobile.keyword.builtin.VerifyElementExistKeyword$_verifyElementExist_closure1.doCall(VerifyElementExistKeyword.groovy:72)
	at com.kms.katalon.core.mobile.keyword.builtin.VerifyElementExistKeyword$_verifyElementExist_closure1.call(VerifyElementExistKeyword.groovy)
	at com.kms.katalon.core.mobile.keyword.internal.MobileKeywordMain.runKeyword(MobileKeywordMain.groovy:21)
	at com.kms.katalon.core.mobile.keyword.builtin.VerifyElementExistKeyword.verifyElementExist(VerifyElementExistKeyword.groovy:80)
	at com.kms.katalon.core.mobile.keyword.builtin.VerifyElementExistKeyword.execute(VerifyElementExistKeyword.groovy:64)
	at com.kms.katalon.core.keyword.internal.KeywordExecutor.executeKeywordForPlatform(KeywordExecutor.groovy:74)
	at com.kms.katalon.core.mobile.keyword.MobileBuiltInKeywords.verifyElementExist(MobileBuiltInKeywords.groovy:1755)
	at com.kms.katalon.core.mobile.keyword.MobileBuiltInKeywords$verifyElementExist$8.call(Unknown Source)
	at duitNow_businessRegNumberTransaction.run(duitNow_businessRegNumberTransaction:228)
	at com.kms.katalon.core.main.ScriptEngine.run(ScriptEngine.java:194)
	at com.kms.katalon.core.main.ScriptEngine.runScriptAsRawText(ScriptEngine.java:119)
	at com.kms.katalon.core.main.TestCaseExecutor.runScript(TestCaseExecutor.java:445)
	at com.kms.katalon.core.main.TestCaseExecutor.doExecute(TestCaseExecutor.java:436)
	at com.kms.katalon.core.main.TestCaseExecutor.processExecutionPhase(TestCaseExecutor.java:415)
	at com.kms.katalon.core.main.TestCaseExecutor.accessMainPhase(TestCaseExecutor.java:407)
	at com.kms.katalon.core.main.TestCaseExecutor.execute(TestCaseExecutor.java:284)
	at com.kms.katalon.core.common.CommonExecutor.accessTestCaseMainPhase(CommonExecutor.java:65)
	at com.kms.katalon.core.main.TestSuiteExecutor.accessTestSuiteMainPhase(TestSuiteExecutor.java:144)
	at com.kms.katalon.core.main.TestSuiteExecutor.execute(TestSuiteExecutor.java:106)
	at com.kms.katalon.core.main.TestCaseMain.startTestSuite(TestCaseMain.java:185)
	at com.kms.katalon.core.main.TestCaseMain$startTestSuite$0.call(Unknown Source)
	at TempTestSuite1655885093224.run(TempTestSuite1655885093224.groovy:36)
)

2022-06-22 16:48:17 - [MESSAGE][WARNING] - Timeout '0' is invalid. Using default page load timeout: '40'

2022-06-22 16:48:17 - [MESSAGE][FAILED] - Failed to check for element 'Object Repository/Duit Now/duitNowConfirmationDeclarationTitleTxt' exist (Root cause: org.openqa.selenium.WebDriverException: An unknown server-side error occurred while processing the command. Original error: 'GET /window/current/size' cannot be proxied to UiAutomator2 server because the instrumentation process is not running (probably crashed). Check the server log and/or the logcat output for more details
Build info: version: '3.141.59', revision: 'e82be7d358', time: '2018-11-14T08:25:53'
System info: host: '00139272s-MacBook-Pro.local', ip: '2001:e68:6167:d901:5dd8:2a3:885f:7e34%en0', os.name: 'Mac OS X', os.arch: 'x86_64', os.version: '10.16', java.version: '1.8.0_275'
Driver info: com.kms.katalon.core.appium.driver.SwipeableAndroidDriver
Capabilities {app: /Users/a00139272/Katalon St..., appActivity: com.maybank2u.life.MainActi..., appPackage: com.maybank2u.life.sit, appWaitActivity: *, autoGrantPermissions: true, automationName: uiautomator2, chromedriverPort: 52878, databaseEnabled: false, desired: {app: /Users/a00139272/Katalon St..., appActivity: com.maybank2u.life.MainActi..., appPackage: com.maybank2u.life.sit, appWaitActivity: *, autoGrantPermissions: true, automationName: uiautomator2, chromedriverPort: 52878, deviceId: 002b9cc60508, deviceName: Xiaomi 21061119AG (Android 11), fullReset: false, newCommandTimeout: 1800, noReset: true, platform: ANDROID, platformName: android, platformVersion: 11, systemPort: 52876, udid: 002b9cc60508}, deviceApiLevel: 30, deviceId: 002b9cc60508, deviceManufacturer: Xiaomi, deviceModel: 21061119AG, deviceName: 002b9cc60508, deviceScreenDensity: 440, deviceScreenSize: 1080x2400, deviceUDID: 002b9cc60508, fullReset: false, javascriptEnabled: true, locationContextEnabled: false, networkConnectionEnabled: true, newCommandTimeout: 1800, noReset: true, pixelRatio: 2.75, platform: ANDROID, platformName: Android, platformVersion: 11, statBarHeight: 103, systemPort: 52876, takesScreenshot: true, udid: 002b9cc60508, viewportRect: {height: 2064, left: 0, top: 103, width: 1080}, warnings: {}, webStorageEnabled: false}
Session ID: 07e0a906-f567-4646-abfd-84c6cc800d18
	at org.openqa.selenium.remote.http.W3CHttpResponseCodec.createException(W3CHttpResponseCodec.java:187)
	at org.openqa.selenium.remote.http.W3CHttpResponseCodec.decode(W3CHttpResponseCodec.java:122)
	at org.openqa.selenium.remote.http.W3CHttpResponseCodec.decode(W3CHttpResponseCodec.java:49)
	at org.openqa.selenium.remote.HttpCommandExecutor.execute(HttpCommandExecutor.java:158)
	at io.appium.java_client.remote.AppiumCommandExecutor.execute(AppiumCommandExecutor.java:239)
	at org.openqa.selenium.remote.RemoteWebDriver.execute(RemoteWebDriver.java:552)
	at io.appium.java_client.DefaultGenericMobileDriver.execute(DefaultGenericMobileDriver.java:46)
	at io.appium.java_client.AppiumDriver.execute(AppiumDriver.java:1)
	at io.appium.java_client.android.AndroidDriver.execute(AndroidDriver.java:1)
	at com.kms.katalon.core.appium.driver.SwipeableAndroidDriver.execute(SwipeableAndroidDriver.java:1)
	at org.openqa.selenium.remote.RemoteWebDriver$RemoteWebDriverOptions$RemoteWindow.getSize(RemoteWebDriver.java:813)
	at org.openqa.selenium.WebDriver$Window$getSize.call(Unknown Source)
	at com.kms.katalon.core.mobile.keyword.internal.MobileAbstractKeyword.findElement(MobileAbstractKeyword.groovy:81)
	at com.kms.katalon.core.mobile.keyword.builtin.VerifyElementExistKeyword.access$1(VerifyElementExistKeyword.groovy)
	at com.kms.katalon.core.mobile.keyword.builtin.VerifyElementExistKeyword$_verifyElementExist_closure1.doCall(VerifyElementExistKeyword.groovy:72)
	at com.kms.katalon.core.mobile.keyword.builtin.VerifyElementExistKeyword$_verifyElementExist_closure1.call(VerifyElementExistKeyword.groovy)
	at com.kms.katalon.core.mobile.keyword.internal.MobileKeywordMain.runKeyword(MobileKeywordMain.groovy:21)
	at com.kms.katalon.core.mobile.keyword.builtin.VerifyElementExistKeyword.verifyElementExist(VerifyElementExistKeyword.groovy:80)
	at com.kms.katalon.core.mobile.keyword.builtin.VerifyElementExistKeyword.execute(VerifyElementExistKeyword.groovy:64)
	at com.kms.katalon.core.keyword.internal.KeywordExecutor.executeKeywordForPlatform(KeywordExecutor.groovy:74)
	at com.kms.katalon.core.mobile.keyword.MobileBuiltInKeywords.verifyElementExist(MobileBuiltInKeywords.groovy:1755)
	at com.kms.katalon.core.mobile.keyword.MobileBuiltInKeywords$verifyElementExist$8.call(Unknown Source)
	at duitNow_businessRegNumberTransaction.run(duitNow_businessRegNumberTransaction:228)
	at com.kms.katalon.core.main.ScriptEngine.run(ScriptEngine.java:194)
	at com.kms.katalon.core.main.ScriptEngine.runScriptAsRawText(ScriptEngine.java:119)
	at com.kms.katalon.core.main.TestCaseExecutor.runScript(TestCaseExecutor.java:445)
	at com.kms.katalon.core.main.TestCaseExecutor.doExecute(TestCaseExecutor.java:436)
	at com.kms.katalon.core.main.TestCaseExecutor.processExecutionPhase(TestCaseExecutor.java:415)
	at com.kms.katalon.core.main.TestCaseExecutor.accessMainPhase(TestCaseExecutor.java:407)
	at com.kms.katalon.core.main.TestCaseExecutor.execute(TestCaseExecutor.java:284)
	at com.kms.katalon.core.common.CommonExecutor.accessTestCaseMainPhase(CommonExecutor.java:65)
	at com.kms.katalon.core.main.TestSuiteExecutor.accessTestSuiteMainPhase(TestSuiteExecutor.java:144)
	at com.kms.katalon.core.main.TestSuiteExecutor.execute(TestSuiteExecutor.java:106)
	at com.kms.katalon.core.main.TestCaseMain.startTestSuite(TestCaseMain.java:185)
	at com.kms.katalon.core.main.TestCaseMain$startTestSuite$0.call(Unknown Source)
	at TempTestSuite1655885093224.run(TempTestSuite1655885093224.groovy:36)
)

2022-06-22 16:48:17 - [TEST_STEP][FAILED] - verifyElementExist(findTestObject("Duit Now/duitNowConfirmationTnCTitleTxt"), 0): Failed to check for element 'Object Repository/Duit Now/duitNowConfirmationTnCTitleTxt' exist (Root cause: org.openqa.selenium.WebDriverException: An unknown server-side error occurred while processing the command. Original error: 'GET /window/current/size' cannot be proxied to UiAutomator2 server because the instrumentation process is not running (probably crashed). Check the server log and/or the logcat output for more details
Build info: version: '3.141.59', revision: 'e82be7d358', time: '2018-11-14T08:25:53'
System info: host: '00139272s-MacBook-Pro.local', ip: '2001:e68:6167:d901:5dd8:2a3:885f:7e34%en0', os.name: 'Mac OS X', os.arch: 'x86_64', os.version: '10.16', java.version: '1.8.0_275'
Driver info: com.kms.katalon.core.appium.driver.SwipeableAndroidDriver
Capabilities {app: /Users/a00139272/Katalon St..., appActivity: com.maybank2u.life.MainActi..., appPackage: com.maybank2u.life.sit, appWaitActivity: *, autoGrantPermissions: true, automationName: uiautomator2, chromedriverPort: 52878, databaseEnabled: false, desired: {app: /Users/a00139272/Katalon St..., appActivity: com.maybank2u.life.MainActi..., appPackage: com.maybank2u.life.sit, appWaitActivity: *, autoGrantPermissions: true, automationName: uiautomator2, chromedriverPort: 52878, deviceId: 002b9cc60508, deviceName: Xiaomi 21061119AG (Android 11), fullReset: false, newCommandTimeout: 1800, noReset: true, platform: ANDROID, platformName: android, platformVersion: 11, systemPort: 52876, udid: 002b9cc60508}, deviceApiLevel: 30, deviceId: 002b9cc60508, deviceManufacturer: Xiaomi, deviceModel: 21061119AG, deviceName: 002b9cc60508, deviceScreenDensity: 440, deviceScreenSize: 1080x2400, deviceUDID: 002b9cc60508, fullReset: false, javascriptEnabled: true, locationContextEnabled: false, networkConnectionEnabled: true, newCommandTimeout: 1800, noReset: true, pixelRatio: 2.75, platform: ANDROID, platformName: Android, platformVersion: 11, statBarHeight: 103, systemPort: 52876, takesScreenshot: true, udid: 002b9cc60508, viewportRect: {height: 2064, left: 0, top: 103, width: 1080}, warnings: {}, webStorageEnabled: false}
Session ID: 07e0a906-f567-4646-abfd-84c6cc800d18
	at org.openqa.selenium.remote.http.W3CHttpResponseCodec.createException(W3CHttpResponseCodec.java:187)
	at org.openqa.selenium.remote.http.W3CHttpResponseCodec.decode(W3CHttpResponseCodec.java:122)
	at org.openqa.selenium.remote.http.W3CHttpResponseCodec.decode(W3CHttpResponseCodec.java:49)
	at org.openqa.selenium.remote.HttpCommandExecutor.execute(HttpCommandExecutor.java:158)
	at io.appium.java_client.remote.AppiumCommandExecutor.execute(AppiumCommandExecutor.java:239)
	at org.openqa.selenium.remote.RemoteWebDriver.execute(RemoteWebDriver.java:552)
	at io.appium.java_client.DefaultGenericMobileDriver.execute(DefaultGenericMobileDriver.java:46)
	at io.appium.java_client.AppiumDriver.execute(AppiumDriver.java:1)
	at io.appium.java_client.android.AndroidDriver.execute(AndroidDriver.java:1)
	at com.kms.katalon.core.appium.driver.SwipeableAndroidDriver.execute(SwipeableAndroidDriver.java:1)
	at org.openqa.selenium.remote.RemoteWebDriver$RemoteWebDriverOptions$RemoteWindow.getSize(RemoteWebDriver.java:813)
	at org.openqa.selenium.WebDriver$Window$getSize.call(Unknown Source)
	at com.kms.katalon.core.mobile.keyword.internal.MobileAbstractKeyword.findElement(MobileAbstractKeyword.groovy:81)
	at com.kms.katalon.core.mobile.keyword.builtin.VerifyElementExistKeyword.access$1(VerifyElementExistKeyword.groovy)
	at com.kms.katalon.core.mobile.keyword.builtin.VerifyElementExistKeyword$_verifyElementExist_closure1.doCall(VerifyElementExistKeyword.groovy:72)
	at com.kms.katalon.core.mobile.keyword.builtin.VerifyElementExistKeyword$_verifyElementExist_closure1.call(VerifyElementExistKeyword.groovy)
	at com.kms.katalon.core.mobile.keyword.internal.MobileKeywordMain.runKeyword(MobileKeywordMain.groovy:21)
	at com.kms.katalon.core.mobile.keyword.builtin.VerifyElementExistKeyword.verifyElementExist(VerifyElementExistKeyword.groovy:80)
	at com.kms.katalon.core.mobile.keyword.builtin.VerifyElementExistKeyword.execute(VerifyElementExistKeyword.groovy:64)
	at com.kms.katalon.core.keyword.internal.KeywordExecutor.executeKeywordForPlatform(KeywordExecutor.groovy:74)
	at com.kms.katalon.core.mobile.keyword.MobileBuiltInKeywords.verifyElementExist(MobileBuiltInKeywords.groovy:1755)
	at com.kms.katalon.core.mobile.keyword.MobileBuiltInKeywords$verifyElementExist$8.call(Unknown Source)
	at duitNow_businessRegNumberTransaction.run(duitNow_businessRegNumberTransaction:230)
	at com.kms.katalon.core.main.ScriptEngine.run(ScriptEngine.java:194)
	at com.kms.katalon.core.main.ScriptEngine.runScriptAsRawText(ScriptEngine.java:119)
	at com.kms.katalon.core.main.TestCaseExecutor.runScript(TestCaseExecutor.java:445)
	at com.kms.katalon.core.main.TestCaseExecutor.doExecute(TestCaseExecutor.java:436)
	at com.kms.katalon.core.main.TestCaseExecutor.processExecutionPhase(TestCaseExecutor.java:415)
	at com.kms.katalon.core.main.TestCaseExecutor.accessMainPhase(TestCaseExecutor.java:407)
	at com.kms.katalon.core.main.TestCaseExecutor.execute(TestCaseExecutor.java:284)
	at com.kms.katalon.core.common.CommonExecutor.accessTestCaseMainPhase(CommonExecutor.java:65)
	at com.kms.katalon.core.main.TestSuiteExecutor.accessTestSuiteMainPhase(TestSuiteExecutor.java:144)
	at com.kms.katalon.core.main.TestSuiteExecutor.execute(TestSuiteExecutor.java:106)
	at com.kms.katalon.core.main.TestCaseMain.startTestSuite(TestCaseMain.java:185)
	at com.kms.katalon.core.main.TestCaseMain$startTestSuite$0.call(Unknown Source)
	at TempTestSuite1655885093224.run(TempTestSuite1655885093224.groovy:36)
)

2022-06-22 16:48:17 - [MESSAGE][WARNING] - Timeout '0' is invalid. Using default page load timeout: '40'

2022-06-22 16:48:17 - [MESSAGE][FAILED] - Failed to check for element 'Object Repository/Duit Now/duitNowConfirmationTnCTitleTxt' exist (Root cause: org.openqa.selenium.WebDriverException: An unknown server-side error occurred while processing the command. Original error: 'GET /window/current/size' cannot be proxied to UiAutomator2 server because the instrumentation process is not running (probably crashed). Check the server log and/or the logcat output for more details
Build info: version: '3.141.59', revision: 'e82be7d358', time: '2018-11-14T08:25:53'
System info: host: '00139272s-MacBook-Pro.local', ip: '2001:e68:6167:d901:5dd8:2a3:885f:7e34%en0', os.name: 'Mac OS X', os.arch: 'x86_64', os.version: '10.16', java.version: '1.8.0_275'
Driver info: com.kms.katalon.core.appium.driver.SwipeableAndroidDriver
Capabilities {app: /Users/a00139272/Katalon St..., appActivity: com.maybank2u.life.MainActi..., appPackage: com.maybank2u.life.sit, appWaitActivity: *, autoGrantPermissions: true, automationName: uiautomator2, chromedriverPort: 52878, databaseEnabled: false, desired: {app: /Users/a00139272/Katalon St..., appActivity: com.maybank2u.life.MainActi..., appPackage: com.maybank2u.life.sit, appWaitActivity: *, autoGrantPermissions: true, automationName: uiautomator2, chromedriverPort: 52878, deviceId: 002b9cc60508, deviceName: Xiaomi 21061119AG (Android 11), fullReset: false, newCommandTimeout: 1800, noReset: true, platform: ANDROID, platformName: android, platformVersion: 11, systemPort: 52876, udid: 002b9cc60508}, deviceApiLevel: 30, deviceId: 002b9cc60508, deviceManufacturer: Xiaomi, deviceModel: 21061119AG, deviceName: 002b9cc60508, deviceScreenDensity: 440, deviceScreenSize: 1080x2400, deviceUDID: 002b9cc60508, fullReset: false, javascriptEnabled: true, locationContextEnabled: false, networkConnectionEnabled: true, newCommandTimeout: 1800, noReset: true, pixelRatio: 2.75, platform: ANDROID, platformName: Android, platformVersion: 11, statBarHeight: 103, systemPort: 52876, takesScreenshot: true, udid: 002b9cc60508, viewportRect: {height: 2064, left: 0, top: 103, width: 1080}, warnings: {}, webStorageEnabled: false}
Session ID: 07e0a906-f567-4646-abfd-84c6cc800d18
	at org.openqa.selenium.remote.http.W3CHttpResponseCodec.createException(W3CHttpResponseCodec.java:187)
	at org.openqa.selenium.remote.http.W3CHttpResponseCodec.decode(W3CHttpResponseCodec.java:122)
	at org.openqa.selenium.remote.http.W3CHttpResponseCodec.decode(W3CHttpResponseCodec.java:49)
	at org.openqa.selenium.remote.HttpCommandExecutor.execute(HttpCommandExecutor.java:158)
	at io.appium.java_client.remote.AppiumCommandExecutor.execute(AppiumCommandExecutor.java:239)
	at org.openqa.selenium.remote.RemoteWebDriver.execute(RemoteWebDriver.java:552)
	at io.appium.java_client.DefaultGenericMobileDriver.execute(DefaultGenericMobileDriver.java:46)
	at io.appium.java_client.AppiumDriver.execute(AppiumDriver.java:1)
	at io.appium.java_client.android.AndroidDriver.execute(AndroidDriver.java:1)
	at com.kms.katalon.core.appium.driver.SwipeableAndroidDriver.execute(SwipeableAndroidDriver.java:1)
	at org.openqa.selenium.remote.RemoteWebDriver$RemoteWebDriverOptions$RemoteWindow.getSize(RemoteWebDriver.java:813)
	at org.openqa.selenium.WebDriver$Window$getSize.call(Unknown Source)
	at com.kms.katalon.core.mobile.keyword.internal.MobileAbstractKeyword.findElement(MobileAbstractKeyword.groovy:81)
	at com.kms.katalon.core.mobile.keyword.builtin.VerifyElementExistKeyword.access$1(VerifyElementExistKeyword.groovy)
	at com.kms.katalon.core.mobile.keyword.builtin.VerifyElementExistKeyword$_verifyElementExist_closure1.doCall(VerifyElementExistKeyword.groovy:72)
	at com.kms.katalon.core.mobile.keyword.builtin.VerifyElementExistKeyword$_verifyElementExist_closure1.call(VerifyElementExistKeyword.groovy)
	at com.kms.katalon.core.mobile.keyword.internal.MobileKeywordMain.runKeyword(MobileKeywordMain.groovy:21)
	at com.kms.katalon.core.mobile.keyword.builtin.VerifyElementExistKeyword.verifyElementExist(VerifyElementExistKeyword.groovy:80)
	at com.kms.katalon.core.mobile.keyword.builtin.VerifyElementExistKeyword.execute(VerifyElementExistKeyword.groovy:64)
	at com.kms.katalon.core.keyword.internal.KeywordExecutor.executeKeywordForPlatform(KeywordExecutor.groovy:74)
	at com.kms.katalon.core.mobile.keyword.MobileBuiltInKeywords.verifyElementExist(MobileBuiltInKeywords.groovy:1755)
	at com.kms.katalon.core.mobile.keyword.MobileBuiltInKeywords$verifyElementExist$8.call(Unknown Source)
	at duitNow_businessRegNumberTransaction.run(duitNow_businessRegNumberTransaction:230)
	at com.kms.katalon.core.main.ScriptEngine.run(ScriptEngine.java:194)
	at com.kms.katalon.core.main.ScriptEngine.runScriptAsRawText(ScriptEngine.java:119)
	at com.kms.katalon.core.main.TestCaseExecutor.runScript(TestCaseExecutor.java:445)
	at com.kms.katalon.core.main.TestCaseExecutor.doExecute(TestCaseExecutor.java:436)
	at com.kms.katalon.core.main.TestCaseExecutor.processExecutionPhase(TestCaseExecutor.java:415)
	at com.kms.katalon.core.main.TestCaseExecutor.accessMainPhase(TestCaseExecutor.java:407)
	at com.kms.katalon.core.main.TestCaseExecutor.execute(TestCaseExecutor.java:284)
	at com.kms.katalon.core.common.CommonExecutor.accessTestCaseMainPhase(CommonExecutor.java:65)
	at com.kms.katalon.core.main.TestSuiteExecutor.accessTestSuiteMainPhase(TestSuiteExecutor.java:144)
	at com.kms.katalon.core.main.TestSuiteExecutor.execute(TestSuiteExecutor.java:106)
	at com.kms.katalon.core.main.TestCaseMain.startTestSuite(TestCaseMain.java:185)
	at com.kms.katalon.core.main.TestCaseMain$startTestSuite$0.call(Unknown Source)
	at TempTestSuite1655885093224.run(TempTestSuite1655885093224.groovy:36)
)

2022-06-22 16:48:17 - [TEST_STEP][FAILED] - verifyElementExist(findTestObject("Duit Now/duitNowConfirmationNoteContentTxt"), 0): Failed to check for element 'Object Repository/Duit Now/duitNowConfirmationNoteContentTxt' exist (Root cause: org.openqa.selenium.WebDriverException: An unknown server-side error occurred while processing the command. Original error: 'GET /window/current/size' cannot be proxied to UiAutomator2 server because the instrumentation process is not running (probably crashed). Check the server log and/or the logcat output for more details
Build info: version: '3.141.59', revision: 'e82be7d358', time: '2018-11-14T08:25:53'
System info: host: '00139272s-MacBook-Pro.local', ip: '2001:e68:6167:d901:5dd8:2a3:885f:7e34%en0', os.name: 'Mac OS X', os.arch: 'x86_64', os.version: '10.16', java.version: '1.8.0_275'
Driver info: com.kms.katalon.core.appium.driver.SwipeableAndroidDriver
Capabilities {app: /Users/a00139272/Katalon St..., appActivity: com.maybank2u.life.MainActi..., appPackage: com.maybank2u.life.sit, appWaitActivity: *, autoGrantPermissions: true, automationName: uiautomator2, chromedriverPort: 52878, databaseEnabled: false, desired: {app: /Users/a00139272/Katalon St..., appActivity: com.maybank2u.life.MainActi..., appPackage: com.maybank2u.life.sit, appWaitActivity: *, autoGrantPermissions: true, automationName: uiautomator2, chromedriverPort: 52878, deviceId: 002b9cc60508, deviceName: Xiaomi 21061119AG (Android 11), fullReset: false, newCommandTimeout: 1800, noReset: true, platform: ANDROID, platformName: android, platformVersion: 11, systemPort: 52876, udid: 002b9cc60508}, deviceApiLevel: 30, deviceId: 002b9cc60508, deviceManufacturer: Xiaomi, deviceModel: 21061119AG, deviceName: 002b9cc60508, deviceScreenDensity: 440, deviceScreenSize: 1080x2400, deviceUDID: 002b9cc60508, fullReset: false, javascriptEnabled: true, locationContextEnabled: false, networkConnectionEnabled: true, newCommandTimeout: 1800, noReset: true, pixelRatio: 2.75, platform: ANDROID, platformName: Android, platformVersion: 11, statBarHeight: 103, systemPort: 52876, takesScreenshot: true, udid: 002b9cc60508, viewportRect: {height: 2064, left: 0, top: 103, width: 1080}, warnings: {}, webStorageEnabled: false}
Session ID: 07e0a906-f567-4646-abfd-84c6cc800d18
	at org.openqa.selenium.remote.http.W3CHttpResponseCodec.createException(W3CHttpResponseCodec.java:187)
	at org.openqa.selenium.remote.http.W3CHttpResponseCodec.decode(W3CHttpResponseCodec.java:122)
	at org.openqa.selenium.remote.http.W3CHttpResponseCodec.decode(W3CHttpResponseCodec.java:49)
	at org.openqa.selenium.remote.HttpCommandExecutor.execute(HttpCommandExecutor.java:158)
	at io.appium.java_client.remote.AppiumCommandExecutor.execute(AppiumCommandExecutor.java:239)
	at org.openqa.selenium.remote.RemoteWebDriver.execute(RemoteWebDriver.java:552)
	at io.appium.java_client.DefaultGenericMobileDriver.execute(DefaultGenericMobileDriver.java:46)
	at io.appium.java_client.AppiumDriver.execute(AppiumDriver.java:1)
	at io.appium.java_client.android.AndroidDriver.execute(AndroidDriver.java:1)
	at com.kms.katalon.core.appium.driver.SwipeableAndroidDriver.execute(SwipeableAndroidDriver.java:1)
	at org.openqa.selenium.remote.RemoteWebDriver$RemoteWebDriverOptions$RemoteWindow.getSize(RemoteWebDriver.java:813)
	at org.openqa.selenium.WebDriver$Window$getSize.call(Unknown Source)
	at com.kms.katalon.core.mobile.keyword.internal.MobileAbstractKeyword.findElement(MobileAbstractKeyword.groovy:81)
	at com.kms.katalon.core.mobile.keyword.builtin.VerifyElementExistKeyword.access$1(VerifyElementExistKeyword.groovy)
	at com.kms.katalon.core.mobile.keyword.builtin.VerifyElementExistKeyword$_verifyElementExist_closure1.doCall(VerifyElementExistKeyword.groovy:72)
	at com.kms.katalon.core.mobile.keyword.builtin.VerifyElementExistKeyword$_verifyElementExist_closure1.call(VerifyElementExistKeyword.groovy)
	at com.kms.katalon.core.mobile.keyword.internal.MobileKeywordMain.runKeyword(MobileKeywordMain.groovy:21)
	at com.kms.katalon.core.mobile.keyword.builtin.VerifyElementExistKeyword.verifyElementExist(VerifyElementExistKeyword.groovy:80)
	at com.kms.katalon.core.mobile.keyword.builtin.VerifyElementExistKeyword.execute(VerifyElementExistKeyword.groovy:64)
	at com.kms.katalon.core.keyword.internal.KeywordExecutor.executeKeywordForPlatform(KeywordExecutor.groovy:74)
	at com.kms.katalon.core.mobile.keyword.MobileBuiltInKeywords.verifyElementExist(MobileBuiltInKeywords.groovy:1755)
	at com.kms.katalon.core.mobile.keyword.MobileBuiltInKeywords$verifyElementExist$8.call(Unknown Source)
	at duitNow_businessRegNumberTransaction.run(duitNow_businessRegNumberTransaction:232)
	at com.kms.katalon.core.main.ScriptEngine.run(ScriptEngine.java:194)
	at com.kms.katalon.core.main.ScriptEngine.runScriptAsRawText(ScriptEngine.java:119)
	at com.kms.katalon.core.main.TestCaseExecutor.runScript(TestCaseExecutor.java:445)
	at com.kms.katalon.core.main.TestCaseExecutor.doExecute(TestCaseExecutor.java:436)
	at com.kms.katalon.core.main.TestCaseExecutor.processExecutionPhase(TestCaseExecutor.java:415)
	at com.kms.katalon.core.main.TestCaseExecutor.accessMainPhase(TestCaseExecutor.java:407)
	at com.kms.katalon.core.main.TestCaseExecutor.execute(TestCaseExecutor.java:284)
	at com.kms.katalon.core.common.CommonExecutor.accessTestCaseMainPhase(CommonExecutor.java:65)
	at com.kms.katalon.core.main.TestSuiteExecutor.accessTestSuiteMainPhase(TestSuiteExecutor.java:144)
	at com.kms.katalon.core.main.TestSuiteExecutor.execute(TestSuiteExecutor.java:106)
	at com.kms.katalon.core.main.TestCaseMain.startTestSuite(TestCaseMain.java:185)
	at com.kms.katalon.core.main.TestCaseMain$startTestSuite$0.call(Unknown Source)
	at TempTestSuite1655885093224.run(TempTestSuite1655885093224.groovy:36)
)

2022-06-22 16:48:17 - [MESSAGE][WARNING] - Timeout '0' is invalid. Using default page load timeout: '40'

2022-06-22 16:48:17 - [MESSAGE][FAILED] - Failed to check for element 'Object Repository/Duit Now/duitNowConfirmationNoteContentTxt' exist (Root cause: org.openqa.selenium.WebDriverException: An unknown server-side error occurred while processing the command. Original error: 'GET /window/current/size' cannot be proxied to UiAutomator2 server because the instrumentation process is not running (probably crashed). Check the server log and/or the logcat output for more details
Build info: version: '3.141.59', revision: 'e82be7d358', time: '2018-11-14T08:25:53'
System info: host: '00139272s-MacBook-Pro.local', ip: '2001:e68:6167:d901:5dd8:2a3:885f:7e34%en0', os.name: 'Mac OS X', os.arch: 'x86_64', os.version: '10.16', java.version: '1.8.0_275'
Driver info: com.kms.katalon.core.appium.driver.SwipeableAndroidDriver
Capabilities {app: /Users/a00139272/Katalon St..., appActivity: com.maybank2u.life.MainActi..., appPackage: com.maybank2u.life.sit, appWaitActivity: *, autoGrantPermissions: true, automationName: uiautomator2, chromedriverPort: 52878, databaseEnabled: false, desired: {app: /Users/a00139272/Katalon St..., appActivity: com.maybank2u.life.MainActi..., appPackage: com.maybank2u.life.sit, appWaitActivity: *, autoGrantPermissions: true, automationName: uiautomator2, chromedriverPort: 52878, deviceId: 002b9cc60508, deviceName: Xiaomi 21061119AG (Android 11), fullReset: false, newCommandTimeout: 1800, noReset: true, platform: ANDROID, platformName: android, platformVersion: 11, systemPort: 52876, udid: 002b9cc60508}, deviceApiLevel: 30, deviceId: 002b9cc60508, deviceManufacturer: Xiaomi, deviceModel: 21061119AG, deviceName: 002b9cc60508, deviceScreenDensity: 440, deviceScreenSize: 1080x2400, deviceUDID: 002b9cc60508, fullReset: false, javascriptEnabled: true, locationContextEnabled: false, networkConnectionEnabled: true, newCommandTimeout: 1800, noReset: true, pixelRatio: 2.75, platform: ANDROID, platformName: Android, platformVersion: 11, statBarHeight: 103, systemPort: 52876, takesScreenshot: true, udid: 002b9cc60508, viewportRect: {height: 2064, left: 0, top: 103, width: 1080}, warnings: {}, webStorageEnabled: false}
Session ID: 07e0a906-f567-4646-abfd-84c6cc800d18
	at org.openqa.selenium.remote.http.W3CHttpResponseCodec.createException(W3CHttpResponseCodec.java:187)
	at org.openqa.selenium.remote.http.W3CHttpResponseCodec.decode(W3CHttpResponseCodec.java:122)
	at org.openqa.selenium.remote.http.W3CHttpResponseCodec.decode(W3CHttpResponseCodec.java:49)
	at org.openqa.selenium.remote.HttpCommandExecutor.execute(HttpCommandExecutor.java:158)
	at io.appium.java_client.remote.AppiumCommandExecutor.execute(AppiumCommandExecutor.java:239)
	at org.openqa.selenium.remote.RemoteWebDriver.execute(RemoteWebDriver.java:552)
	at io.appium.java_client.DefaultGenericMobileDriver.execute(DefaultGenericMobileDriver.java:46)
	at io.appium.java_client.AppiumDriver.execute(AppiumDriver.java:1)
	at io.appium.java_client.android.AndroidDriver.execute(AndroidDriver.java:1)
	at com.kms.katalon.core.appium.driver.SwipeableAndroidDriver.execute(SwipeableAndroidDriver.java:1)
	at org.openqa.selenium.remote.RemoteWebDriver$RemoteWebDriverOptions$RemoteWindow.getSize(RemoteWebDriver.java:813)
	at org.openqa.selenium.WebDriver$Window$getSize.call(Unknown Source)
	at com.kms.katalon.core.mobile.keyword.internal.MobileAbstractKeyword.findElement(MobileAbstractKeyword.groovy:81)
	at com.kms.katalon.core.mobile.keyword.builtin.VerifyElementExistKeyword.access$1(VerifyElementExistKeyword.groovy)
	at com.kms.katalon.core.mobile.keyword.builtin.VerifyElementExistKeyword$_verifyElementExist_closure1.doCall(VerifyElementExistKeyword.groovy:72)
	at com.kms.katalon.core.mobile.keyword.builtin.VerifyElementExistKeyword$_verifyElementExist_closure1.call(VerifyElementExistKeyword.groovy)
	at com.kms.katalon.core.mobile.keyword.internal.MobileKeywordMain.runKeyword(MobileKeywordMain.groovy:21)
	at com.kms.katalon.core.mobile.keyword.builtin.VerifyElementExistKeyword.verifyElementExist(VerifyElementExistKeyword.groovy:80)
	at com.kms.katalon.core.mobile.keyword.builtin.VerifyElementExistKeyword.execute(VerifyElementExistKeyword.groovy:64)
	at com.kms.katalon.core.keyword.internal.KeywordExecutor.executeKeywordForPlatform(KeywordExecutor.groovy:74)
	at com.kms.katalon.core.mobile.keyword.MobileBuiltInKeywords.verifyElementExist(MobileBuiltInKeywords.groovy:1755)
	at com.kms.katalon.core.mobile.keyword.MobileBuiltInKeywords$verifyElementExist$8.call(Unknown Source)
	at duitNow_businessRegNumberTransaction.run(duitNow_businessRegNumberTransaction:232)
	at com.kms.katalon.core.main.ScriptEngine.run(ScriptEngine.java:194)
	at com.kms.katalon.core.main.ScriptEngine.runScriptAsRawText(ScriptEngine.java:119)
	at com.kms.katalon.core.main.TestCaseExecutor.runScript(TestCaseExecutor.java:445)
	at com.kms.katalon.core.main.TestCaseExecutor.doExecute(TestCaseExecutor.java:436)
	at com.kms.katalon.core.main.TestCaseExecutor.processExecutionPhase(TestCaseExecutor.java:415)
	at com.kms.katalon.core.main.TestCaseExecutor.accessMainPhase(TestCaseExecutor.java:407)
	at com.kms.katalon.core.main.TestCaseExecutor.execute(TestCaseExecutor.java:284)
	at com.kms.katalon.core.common.CommonExecutor.accessTestCaseMainPhase(CommonExecutor.java:65)
	at com.kms.katalon.core.main.TestSuiteExecutor.accessTestSuiteMainPhase(TestSuiteExecutor.java:144)
	at com.kms.katalon.core.main.TestSuiteExecutor.execute(TestSuiteExecutor.java:106)
	at com.kms.katalon.core.main.TestCaseMain.startTestSuite(TestCaseMain.java:185)
	at com.kms.katalon.core.main.TestCaseMain$startTestSuite$0.call(Unknown Source)
	at TempTestSuite1655885093224.run(TempTestSuite1655885093224.groovy:36)
)

2022-06-22 16:48:17 - [TEST_STEP][FAILED] - verifyElementExist(findTestObject("Duit Now/duitNowConfirmationDeclarationContentTxt"), 0): Failed to check for element 'Object Repository/Duit Now/duitNowConfirmationDeclarationContentTxt' exist (Root cause: org.openqa.selenium.WebDriverException: An unknown server-side error occurred while processing the command. Original error: 'GET /window/current/size' cannot be proxied to UiAutomator2 server because the instrumentation process is not running (probably crashed). Check the server log and/or the logcat output for more details
Build info: version: '3.141.59', revision: 'e82be7d358', time: '2018-11-14T08:25:53'
System info: host: '00139272s-MacBook-Pro.local', ip: '2001:e68:6167:d901:5dd8:2a3:885f:7e34%en0', os.name: 'Mac OS X', os.arch: 'x86_64', os.version: '10.16', java.version: '1.8.0_275'
Driver info: com.kms.katalon.core.appium.driver.SwipeableAndroidDriver
Capabilities {app: /Users/a00139272/Katalon St..., appActivity: com.maybank2u.life.MainActi..., appPackage: com.maybank2u.life.sit, appWaitActivity: *, autoGrantPermissions: true, automationName: uiautomator2, chromedriverPort: 52878, databaseEnabled: false, desired: {app: /Users/a00139272/Katalon St..., appActivity: com.maybank2u.life.MainActi..., appPackage: com.maybank2u.life.sit, appWaitActivity: *, autoGrantPermissions: true, automationName: uiautomator2, chromedriverPort: 52878, deviceId: 002b9cc60508, deviceName: Xiaomi 21061119AG (Android 11), fullReset: false, newCommandTimeout: 1800, noReset: true, platform: ANDROID, platformName: android, platformVersion: 11, systemPort: 52876, udid: 002b9cc60508}, deviceApiLevel: 30, deviceId: 002b9cc60508, deviceManufacturer: Xiaomi, deviceModel: 21061119AG, deviceName: 002b9cc60508, deviceScreenDensity: 440, deviceScreenSize: 1080x2400, deviceUDID: 002b9cc60508, fullReset: false, javascriptEnabled: true, locationContextEnabled: false, networkConnectionEnabled: true, newCommandTimeout: 1800, noReset: true, pixelRatio: 2.75, platform: ANDROID, platformName: Android, platformVersion: 11, statBarHeight: 103, systemPort: 52876, takesScreenshot: true, udid: 002b9cc60508, viewportRect: {height: 2064, left: 0, top: 103, width: 1080}, warnings: {}, webStorageEnabled: false}
Session ID: 07e0a906-f567-4646-abfd-84c6cc800d18
	at org.openqa.selenium.remote.http.W3CHttpResponseCodec.createException(W3CHttpResponseCodec.java:187)
	at org.openqa.selenium.remote.http.W3CHttpResponseCodec.decode(W3CHttpResponseCodec.java:122)
	at org.openqa.selenium.remote.http.W3CHttpResponseCodec.decode(W3CHttpResponseCodec.java:49)
	at org.openqa.selenium.remote.HttpCommandExecutor.execute(HttpCommandExecutor.java:158)
	at io.appium.java_client.remote.AppiumCommandExecutor.execute(AppiumCommandExecutor.java:239)
	at org.openqa.selenium.remote.RemoteWebDriver.execute(RemoteWebDriver.java:552)
	at io.appium.java_client.DefaultGenericMobileDriver.execute(DefaultGenericMobileDriver.java:46)
	at io.appium.java_client.AppiumDriver.execute(AppiumDriver.java:1)
	at io.appium.java_client.android.AndroidDriver.execute(AndroidDriver.java:1)
	at com.kms.katalon.core.appium.driver.SwipeableAndroidDriver.execute(SwipeableAndroidDriver.java:1)
	at org.openqa.selenium.remote.RemoteWebDriver$RemoteWebDriverOptions$RemoteWindow.getSize(RemoteWebDriver.java:813)
	at org.openqa.selenium.WebDriver$Window$getSize.call(Unknown Source)
	at com.kms.katalon.core.mobile.keyword.internal.MobileAbstractKeyword.findElement(MobileAbstractKeyword.groovy:81)
	at com.kms.katalon.core.mobile.keyword.builtin.VerifyElementExistKeyword.access$1(VerifyElementExistKeyword.groovy)
	at com.kms.katalon.core.mobile.keyword.builtin.VerifyElementExistKeyword$_verifyElementExist_closure1.doCall(VerifyElementExistKeyword.groovy:72)
	at com.kms.katalon.core.mobile.keyword.builtin.VerifyElementExistKeyword$_verifyElementExist_closure1.call(VerifyElementExistKeyword.groovy)
	at com.kms.katalon.core.mobile.keyword.internal.MobileKeywordMain.runKeyword(MobileKeywordMain.groovy:21)
	at com.kms.katalon.core.mobile.keyword.builtin.VerifyElementExistKeyword.verifyElementExist(VerifyElementExistKeyword.groovy:80)
	at com.kms.katalon.core.mobile.keyword.builtin.VerifyElementExistKeyword.execute(VerifyElementExistKeyword.groovy:64)
	at com.kms.katalon.core.keyword.internal.KeywordExecutor.executeKeywordForPlatform(KeywordExecutor.groovy:74)
	at com.kms.katalon.core.mobile.keyword.MobileBuiltInKeywords.verifyElementExist(MobileBuiltInKeywords.groovy:1755)
	at com.kms.katalon.core.mobile.keyword.MobileBuiltInKeywords$verifyElementExist$8.call(Unknown Source)
	at duitNow_businessRegNumberTransaction.run(duitNow_businessRegNumberTransaction:234)
	at com.kms.katalon.core.main.ScriptEngine.run(ScriptEngine.java:194)
	at com.kms.katalon.core.main.ScriptEngine.runScriptAsRawText(ScriptEngine.java:119)
	at com.kms.katalon.core.main.TestCaseExecutor.runScript(TestCaseExecutor.java:445)
	at com.kms.katalon.core.main.TestCaseExecutor.doExecute(TestCaseExecutor.java:436)
	at com.kms.katalon.core.main.TestCaseExecutor.processExecutionPhase(TestCaseExecutor.java:415)
	at com.kms.katalon.core.main.TestCaseExecutor.accessMainPhase(TestCaseExecutor.java:407)
	at com.kms.katalon.core.main.TestCaseExecutor.execute(TestCaseExecutor.java:284)
	at com.kms.katalon.core.common.CommonExecutor.accessTestCaseMainPhase(CommonExecutor.java:65)
	at com.kms.katalon.core.main.TestSuiteExecutor.accessTestSuiteMainPhase(TestSuiteExecutor.java:144)
	at com.kms.katalon.core.main.TestSuiteExecutor.execute(TestSuiteExecutor.java:106)
	at com.kms.katalon.core.main.TestCaseMain.startTestSuite(TestCaseMain.java:185)
	at com.kms.katalon.core.main.TestCaseMain$startTestSuite$0.call(Unknown Source)
	at TempTestSuite1655885093224.run(TempTestSuite1655885093224.groovy:36)
)

2022-06-22 16:48:17 - [MESSAGE][WARNING] - Timeout '0' is invalid. Using default page load timeout: '40'

2022-06-22 16:48:17 - [MESSAGE][FAILED] - Failed to check for element 'Object Repository/Duit Now/duitNowConfirmationDeclarationContentTxt' exist (Root cause: org.openqa.selenium.WebDriverException: An unknown server-side error occurred while processing the command. Original error: 'GET /window/current/size' cannot be proxied to UiAutomator2 server because the instrumentation process is not running (probably crashed). Check the server log and/or the logcat output for more details
Build info: version: '3.141.59', revision: 'e82be7d358', time: '2018-11-14T08:25:53'
System info: host: '00139272s-MacBook-Pro.local', ip: '2001:e68:6167:d901:5dd8:2a3:885f:7e34%en0', os.name: 'Mac OS X', os.arch: 'x86_64', os.version: '10.16', java.version: '1.8.0_275'
Driver info: com.kms.katalon.core.appium.driver.SwipeableAndroidDriver
Capabilities {app: /Users/a00139272/Katalon St..., appActivity: com.maybank2u.life.MainActi..., appPackage: com.maybank2u.life.sit, appWaitActivity: *, autoGrantPermissions: true, automationName: uiautomator2, chromedriverPort: 52878, databaseEnabled: false, desired: {app: /Users/a00139272/Katalon St..., appActivity: com.maybank2u.life.MainActi..., appPackage: com.maybank2u.life.sit, appWaitActivity: *, autoGrantPermissions: true, automationName: uiautomator2, chromedriverPort: 52878, deviceId: 002b9cc60508, deviceName: Xiaomi 21061119AG (Android 11), fullReset: false, newCommandTimeout: 1800, noReset: true, platform: ANDROID, platformName: android, platformVersion: 11, systemPort: 52876, udid: 002b9cc60508}, deviceApiLevel: 30, deviceId: 002b9cc60508, deviceManufacturer: Xiaomi, deviceModel: 21061119AG, deviceName: 002b9cc60508, deviceScreenDensity: 440, deviceScreenSize: 1080x2400, deviceUDID: 002b9cc60508, fullReset: false, javascriptEnabled: true, locationContextEnabled: false, networkConnectionEnabled: true, newCommandTimeout: 1800, noReset: true, pixelRatio: 2.75, platform: ANDROID, platformName: Android, platformVersion: 11, statBarHeight: 103, systemPort: 52876, takesScreenshot: true, udid: 002b9cc60508, viewportRect: {height: 2064, left: 0, top: 103, width: 1080}, warnings: {}, webStorageEnabled: false}
Session ID: 07e0a906-f567-4646-abfd-84c6cc800d18
	at org.openqa.selenium.remote.http.W3CHttpResponseCodec.createException(W3CHttpResponseCodec.java:187)
	at org.openqa.selenium.remote.http.W3CHttpResponseCodec.decode(W3CHttpResponseCodec.java:122)
	at org.openqa.selenium.remote.http.W3CHttpResponseCodec.decode(W3CHttpResponseCodec.java:49)
	at org.openqa.selenium.remote.HttpCommandExecutor.execute(HttpCommandExecutor.java:158)
	at io.appium.java_client.remote.AppiumCommandExecutor.execute(AppiumCommandExecutor.java:239)
	at org.openqa.selenium.remote.RemoteWebDriver.execute(RemoteWebDriver.java:552)
	at io.appium.java_client.DefaultGenericMobileDriver.execute(DefaultGenericMobileDriver.java:46)
	at io.appium.java_client.AppiumDriver.execute(AppiumDriver.java:1)
	at io.appium.java_client.android.AndroidDriver.execute(AndroidDriver.java:1)
	at com.kms.katalon.core.appium.driver.SwipeableAndroidDriver.execute(SwipeableAndroidDriver.java:1)
	at org.openqa.selenium.remote.RemoteWebDriver$RemoteWebDriverOptions$RemoteWindow.getSize(RemoteWebDriver.java:813)
	at org.openqa.selenium.WebDriver$Window$getSize.call(Unknown Source)
	at com.kms.katalon.core.mobile.keyword.internal.MobileAbstractKeyword.findElement(MobileAbstractKeyword.groovy:81)
	at com.kms.katalon.core.mobile.keyword.builtin.VerifyElementExistKeyword.access$1(VerifyElementExistKeyword.groovy)
	at com.kms.katalon.core.mobile.keyword.builtin.VerifyElementExistKeyword$_verifyElementExist_closure1.doCall(VerifyElementExistKeyword.groovy:72)
	at com.kms.katalon.core.mobile.keyword.builtin.VerifyElementExistKeyword$_verifyElementExist_closure1.call(VerifyElementExistKeyword.groovy)
	at com.kms.katalon.core.mobile.keyword.internal.MobileKeywordMain.runKeyword(MobileKeywordMain.groovy:21)
	at com.kms.katalon.core.mobile.keyword.builtin.VerifyElementExistKeyword.verifyElementExist(VerifyElementExistKeyword.groovy:80)
	at com.kms.katalon.core.mobile.keyword.builtin.VerifyElementExistKeyword.execute(VerifyElementExistKeyword.groovy:64)
	at com.kms.katalon.core.keyword.internal.KeywordExecutor.executeKeywordForPlatform(KeywordExecutor.groovy:74)
	at com.kms.katalon.core.mobile.keyword.MobileBuiltInKeywords.verifyElementExist(MobileBuiltInKeywords.groovy:1755)
	at com.kms.katalon.core.mobile.keyword.MobileBuiltInKeywords$verifyElementExist$8.call(Unknown Source)
	at duitNow_businessRegNumberTransaction.run(duitNow_businessRegNumberTransaction:234)
	at com.kms.katalon.core.main.ScriptEngine.run(ScriptEngine.java:194)
	at com.kms.katalon.core.main.ScriptEngine.runScriptAsRawText(ScriptEngine.java:119)
	at com.kms.katalon.core.main.TestCaseExecutor.runScript(TestCaseExecutor.java:445)
	at com.kms.katalon.core.main.TestCaseExecutor.doExecute(TestCaseExecutor.java:436)
	at com.kms.katalon.core.main.TestCaseExecutor.processExecutionPhase(TestCaseExecutor.java:415)
	at com.kms.katalon.core.main.TestCaseExecutor.accessMainPhase(TestCaseExecutor.java:407)
	at com.kms.katalon.core.main.TestCaseExecutor.execute(TestCaseExecutor.java:284)
	at com.kms.katalon.core.common.CommonExecutor.accessTestCaseMainPhase(CommonExecutor.java:65)
	at com.kms.katalon.core.main.TestSuiteExecutor.accessTestSuiteMainPhase(TestSuiteExecutor.java:144)
	at com.kms.katalon.core.main.TestSuiteExecutor.execute(TestSuiteExecutor.java:106)
	at com.kms.katalon.core.main.TestCaseMain.startTestSuite(TestCaseMain.java:185)
	at com.kms.katalon.core.main.TestCaseMain$startTestSuite$0.call(Unknown Source)
	at TempTestSuite1655885093224.run(TempTestSuite1655885093224.groovy:36)
)

2022-06-22 16:48:17 - [TEST_STEP][FAILED] - verifyElementText(findTestObject("Transfer/transferConfirmationFromAccTypeTxt", ["accType":accType]), accType): Verify element text of test object 'Object Repository/Transfer/transferConfirmationFromAccTypeTxt' FAILED. (Root cause: org.openqa.selenium.WebDriverException: An unknown server-side error occurred while processing the command. Original error: 'GET /window/current/size' cannot be proxied to UiAutomator2 server because the instrumentation process is not running (probably crashed). Check the server log and/or the logcat output for more details
Build info: version: '3.141.59', revision: 'e82be7d358', time: '2018-11-14T08:25:53'
System info: host: '00139272s-MacBook-Pro.local', ip: '2001:e68:6167:d901:5dd8:2a3:885f:7e34%en0', os.name: 'Mac OS X', os.arch: 'x86_64', os.version: '10.16', java.version: '1.8.0_275'
Driver info: com.kms.katalon.core.appium.driver.SwipeableAndroidDriver
Capabilities {app: /Users/a00139272/Katalon St..., appActivity: com.maybank2u.life.MainActi..., appPackage: com.maybank2u.life.sit, appWaitActivity: *, autoGrantPermissions: true, automationName: uiautomator2, chromedriverPort: 52878, databaseEnabled: false, desired: {app: /Users/a00139272/Katalon St..., appActivity: com.maybank2u.life.MainActi..., appPackage: com.maybank2u.life.sit, appWaitActivity: *, autoGrantPermissions: true, automationName: uiautomator2, chromedriverPort: 52878, deviceId: 002b9cc60508, deviceName: Xiaomi 21061119AG (Android 11), fullReset: false, newCommandTimeout: 1800, noReset: true, platform: ANDROID, platformName: android, platformVersion: 11, systemPort: 52876, udid: 002b9cc60508}, deviceApiLevel: 30, deviceId: 002b9cc60508, deviceManufacturer: Xiaomi, deviceModel: 21061119AG, deviceName: 002b9cc60508, deviceScreenDensity: 440, deviceScreenSize: 1080x2400, deviceUDID: 002b9cc60508, fullReset: false, javascriptEnabled: true, locationContextEnabled: false, networkConnectionEnabled: true, newCommandTimeout: 1800, noReset: true, pixelRatio: 2.75, platform: ANDROID, platformName: Android, platformVersion: 11, statBarHeight: 103, systemPort: 52876, takesScreenshot: true, udid: 002b9cc60508, viewportRect: {height: 2064, left: 0, top: 103, width: 1080}, warnings: {}, webStorageEnabled: false}
Session ID: 07e0a906-f567-4646-abfd-84c6cc800d18
	at org.openqa.selenium.remote.http.W3CHttpResponseCodec.createException(W3CHttpResponseCodec.java:187)
	at org.openqa.selenium.remote.http.W3CHttpResponseCodec.decode(W3CHttpResponseCodec.java:122)
	at org.openqa.selenium.remote.http.W3CHttpResponseCodec.decode(W3CHttpResponseCodec.java:49)
	at org.openqa.selenium.remote.HttpCommandExecutor.execute(HttpCommandExecutor.java:158)
	at io.appium.java_client.remote.AppiumCommandExecutor.execute(AppiumCommandExecutor.java:239)
	at org.openqa.selenium.remote.RemoteWebDriver.execute(RemoteWebDriver.java:552)
	at io.appium.java_client.DefaultGenericMobileDriver.execute(DefaultGenericMobileDriver.java:46)
	at io.appium.java_client.AppiumDriver.execute(AppiumDriver.java:1)
	at io.appium.java_client.android.AndroidDriver.execute(AndroidDriver.java:1)
	at com.kms.katalon.core.appium.driver.SwipeableAndroidDriver.execute(SwipeableAndroidDriver.java:1)
	at org.openqa.selenium.remote.RemoteWebDriver$RemoteWebDriverOptions$RemoteWindow.getSize(RemoteWebDriver.java:813)
	at org.openqa.selenium.WebDriver$Window$getSize.call(Unknown Source)
	at com.kms.katalon.core.mobile.keyword.internal.MobileAbstractKeyword.findElement(MobileAbstractKeyword.groovy:81)
	at com.kms.katalon.core.mobile.keyword.builtin.VerifyElementTextKeyword.access$1(VerifyElementTextKeyword.groovy)
	at com.kms.katalon.core.mobile.keyword.builtin.VerifyElementTextKeyword$_verifyElementText_closure1.doCall(VerifyElementTextKeyword.groovy:47)
	at com.kms.katalon.core.mobile.keyword.builtin.VerifyElementTextKeyword$_verifyElementText_closure1.call(VerifyElementTextKeyword.groovy)
	at com.kms.katalon.core.mobile.keyword.internal.MobileKeywordMain.runKeyword(MobileKeywordMain.groovy:21)
	at com.kms.katalon.core.mobile.keyword.builtin.VerifyElementTextKeyword.verifyElementText(VerifyElementTextKeyword.groovy:62)
	at com.kms.katalon.core.mobile.keyword.builtin.VerifyElementTextKeyword.execute(VerifyElementTextKeyword.groovy:39)
	at com.kms.katalon.core.keyword.internal.KeywordExecutor.executeKeywordForPlatform(KeywordExecutor.groovy:74)
	at com.kms.katalon.core.mobile.keyword.MobileBuiltInKeywords.verifyElementText(MobileBuiltInKeywords.groovy:2901)
	at com.kms.katalon.core.mobile.keyword.MobileBuiltInKeywords$verifyElementText$9.call(Unknown Source)
	at duitNow_businessRegNumberTransaction.run(duitNow_businessRegNumberTransaction:236)
	at com.kms.katalon.core.main.ScriptEngine.run(ScriptEngine.java:194)
	at com.kms.katalon.core.main.ScriptEngine.runScriptAsRawText(ScriptEngine.java:119)
	at com.kms.katalon.core.main.TestCaseExecutor.runScript(TestCaseExecutor.java:445)
	at com.kms.katalon.core.main.TestCaseExecutor.doExecute(TestCaseExecutor.java:436)
	at com.kms.katalon.core.main.TestCaseExecutor.processExecutionPhase(TestCaseExecutor.java:415)
	at com.kms.katalon.core.main.TestCaseExecutor.accessMainPhase(TestCaseExecutor.java:407)
	at com.kms.katalon.core.main.TestCaseExecutor.execute(TestCaseExecutor.java:284)
	at com.kms.katalon.core.common.CommonExecutor.accessTestCaseMainPhase(CommonExecutor.java:65)
	at com.kms.katalon.core.main.TestSuiteExecutor.accessTestSuiteMainPhase(TestSuiteExecutor.java:144)
	at com.kms.katalon.core.main.TestSuiteExecutor.execute(TestSuiteExecutor.java:106)
	at com.kms.katalon.core.main.TestCaseMain.startTestSuite(TestCaseMain.java:185)
	at com.kms.katalon.core.main.TestCaseMain$startTestSuite$0.call(Unknown Source)
	at TempTestSuite1655885093224.run(TempTestSuite1655885093224.groovy:36)
)

2022-06-22 16:48:17 - [MESSAGE][FAILED] - Verify element text of test object 'Object Repository/Transfer/transferConfirmationFromAccTypeTxt' FAILED. (Root cause: org.openqa.selenium.WebDriverException: An unknown server-side error occurred while processing the command. Original error: 'GET /window/current/size' cannot be proxied to UiAutomator2 server because the instrumentation process is not running (probably crashed). Check the server log and/or the logcat output for more details
Build info: version: '3.141.59', revision: 'e82be7d358', time: '2018-11-14T08:25:53'
System info: host: '00139272s-MacBook-Pro.local', ip: '2001:e68:6167:d901:5dd8:2a3:885f:7e34%en0', os.name: 'Mac OS X', os.arch: 'x86_64', os.version: '10.16', java.version: '1.8.0_275'
Driver info: com.kms.katalon.core.appium.driver.SwipeableAndroidDriver
Capabilities {app: /Users/a00139272/Katalon St..., appActivity: com.maybank2u.life.MainActi..., appPackage: com.maybank2u.life.sit, appWaitActivity: *, autoGrantPermissions: true, automationName: uiautomator2, chromedriverPort: 52878, databaseEnabled: false, desired: {app: /Users/a00139272/Katalon St..., appActivity: com.maybank2u.life.MainActi..., appPackage: com.maybank2u.life.sit, appWaitActivity: *, autoGrantPermissions: true, automationName: uiautomator2, chromedriverPort: 52878, deviceId: 002b9cc60508, deviceName: Xiaomi 21061119AG (Android 11), fullReset: false, newCommandTimeout: 1800, noReset: true, platform: ANDROID, platformName: android, platformVersion: 11, systemPort: 52876, udid: 002b9cc60508}, deviceApiLevel: 30, deviceId: 002b9cc60508, deviceManufacturer: Xiaomi, deviceModel: 21061119AG, deviceName: 002b9cc60508, deviceScreenDensity: 440, deviceScreenSize: 1080x2400, deviceUDID: 002b9cc60508, fullReset: false, javascriptEnabled: true, locationContextEnabled: false, networkConnectionEnabled: true, newCommandTimeout: 1800, noReset: true, pixelRatio: 2.75, platform: ANDROID, platformName: Android, platformVersion: 11, statBarHeight: 103, systemPort: 52876, takesScreenshot: true, udid: 002b9cc60508, viewportRect: {height: 2064, left: 0, top: 103, width: 1080}, warnings: {}, webStorageEnabled: false}
Session ID: 07e0a906-f567-4646-abfd-84c6cc800d18
	at org.openqa.selenium.remote.http.W3CHttpResponseCodec.createException(W3CHttpResponseCodec.java:187)
	at org.openqa.selenium.remote.http.W3CHttpResponseCodec.decode(W3CHttpResponseCodec.java:122)
	at org.openqa.selenium.remote.http.W3CHttpResponseCodec.decode(W3CHttpResponseCodec.java:49)
	at org.openqa.selenium.remote.HttpCommandExecutor.execute(HttpCommandExecutor.java:158)
	at io.appium.java_client.remote.AppiumCommandExecutor.execute(AppiumCommandExecutor.java:239)
	at org.openqa.selenium.remote.RemoteWebDriver.execute(RemoteWebDriver.java:552)
	at io.appium.java_client.DefaultGenericMobileDriver.execute(DefaultGenericMobileDriver.java:46)
	at io.appium.java_client.AppiumDriver.execute(AppiumDriver.java:1)
	at io.appium.java_client.android.AndroidDriver.execute(AndroidDriver.java:1)
	at com.kms.katalon.core.appium.driver.SwipeableAndroidDriver.execute(SwipeableAndroidDriver.java:1)
	at org.openqa.selenium.remote.RemoteWebDriver$RemoteWebDriverOptions$RemoteWindow.getSize(RemoteWebDriver.java:813)
	at org.openqa.selenium.WebDriver$Window$getSize.call(Unknown Source)
	at com.kms.katalon.core.mobile.keyword.internal.MobileAbstractKeyword.findElement(MobileAbstractKeyword.groovy:81)
	at com.kms.katalon.core.mobile.keyword.builtin.VerifyElementTextKeyword.access$1(VerifyElementTextKeyword.groovy)
	at com.kms.katalon.core.mobile.keyword.builtin.VerifyElementTextKeyword$_verifyElementText_closure1.doCall(VerifyElementTextKeyword.groovy:47)
	at com.kms.katalon.core.mobile.keyword.builtin.VerifyElementTextKeyword$_verifyElementText_closure1.call(VerifyElementTextKeyword.groovy)
	at com.kms.katalon.core.mobile.keyword.internal.MobileKeywordMain.runKeyword(MobileKeywordMain.groovy:21)
	at com.kms.katalon.core.mobile.keyword.builtin.VerifyElementTextKeyword.verifyElementText(VerifyElementTextKeyword.groovy:62)
	at com.kms.katalon.core.mobile.keyword.builtin.VerifyElementTextKeyword.execute(VerifyElementTextKeyword.groovy:39)
	at com.kms.katalon.core.keyword.internal.KeywordExecutor.executeKeywordForPlatform(KeywordExecutor.groovy:74)
	at com.kms.katalon.core.mobile.keyword.MobileBuiltInKeywords.verifyElementText(MobileBuiltInKeywords.groovy:2901)
	at com.kms.katalon.core.mobile.keyword.MobileBuiltInKeywords$verifyElementText$9.call(Unknown Source)
	at duitNow_businessRegNumberTransaction.run(duitNow_businessRegNumberTransaction:236)
	at com.kms.katalon.core.main.ScriptEngine.run(ScriptEngine.java:194)
	at com.kms.katalon.core.main.ScriptEngine.runScriptAsRawText(ScriptEngine.java:119)
	at com.kms.katalon.core.main.TestCaseExecutor.runScript(TestCaseExecutor.java:445)
	at com.kms.katalon.core.main.TestCaseExecutor.doExecute(TestCaseExecutor.java:436)
	at com.kms.katalon.core.main.TestCaseExecutor.processExecutionPhase(TestCaseExecutor.java:415)
	at com.kms.katalon.core.main.TestCaseExecutor.accessMainPhase(TestCaseExecutor.java:407)
	at com.kms.katalon.core.main.TestCaseExecutor.execute(TestCaseExecutor.java:284)
	at com.kms.katalon.core.common.CommonExecutor.accessTestCaseMainPhase(CommonExecutor.java:65)
	at com.kms.katalon.core.main.TestSuiteExecutor.accessTestSuiteMainPhase(TestSuiteExecutor.java:144)
	at com.kms.katalon.core.main.TestSuiteExecutor.execute(TestSuiteExecutor.java:106)
	at com.kms.katalon.core.main.TestCaseMain.startTestSuite(TestCaseMain.java:185)
	at com.kms.katalon.core.main.TestCaseMain$startTestSuite$0.call(Unknown Source)
	at TempTestSuite1655885093224.run(TempTestSuite1655885093224.groovy:36)
)

2022-06-22 16:48:17 - [TEST_STEP][FAILED] - verifyElementText(findTestObject("Transfer/transferConfirmationFromAccNoTxt", ["accNoFrom":accNoFrom]), accNoFrom): Verify element text of test object 'Object Repository/Transfer/transferConfirmationFromAccNoTxt' FAILED. (Root cause: org.openqa.selenium.WebDriverException: An unknown server-side error occurred while processing the command. Original error: 'GET /window/current/size' cannot be proxied to UiAutomator2 server because the instrumentation process is not running (probably crashed). Check the server log and/or the logcat output for more details
Build info: version: '3.141.59', revision: 'e82be7d358', time: '2018-11-14T08:25:53'
System info: host: '00139272s-MacBook-Pro.local', ip: '2001:e68:6167:d901:5dd8:2a3:885f:7e34%en0', os.name: 'Mac OS X', os.arch: 'x86_64', os.version: '10.16', java.version: '1.8.0_275'
Driver info: com.kms.katalon.core.appium.driver.SwipeableAndroidDriver
Capabilities {app: /Users/a00139272/Katalon St..., appActivity: com.maybank2u.life.MainActi..., appPackage: com.maybank2u.life.sit, appWaitActivity: *, autoGrantPermissions: true, automationName: uiautomator2, chromedriverPort: 52878, databaseEnabled: false, desired: {app: /Users/a00139272/Katalon St..., appActivity: com.maybank2u.life.MainActi..., appPackage: com.maybank2u.life.sit, appWaitActivity: *, autoGrantPermissions: true, automationName: uiautomator2, chromedriverPort: 52878, deviceId: 002b9cc60508, deviceName: Xiaomi 21061119AG (Android 11), fullReset: false, newCommandTimeout: 1800, noReset: true, platform: ANDROID, platformName: android, platformVersion: 11, systemPort: 52876, udid: 002b9cc60508}, deviceApiLevel: 30, deviceId: 002b9cc60508, deviceManufacturer: Xiaomi, deviceModel: 21061119AG, deviceName: 002b9cc60508, deviceScreenDensity: 440, deviceScreenSize: 1080x2400, deviceUDID: 002b9cc60508, fullReset: false, javascriptEnabled: true, locationContextEnabled: false, networkConnectionEnabled: true, newCommandTimeout: 1800, noReset: true, pixelRatio: 2.75, platform: ANDROID, platformName: Android, platformVersion: 11, statBarHeight: 103, systemPort: 52876, takesScreenshot: true, udid: 002b9cc60508, viewportRect: {height: 2064, left: 0, top: 103, width: 1080}, warnings: {}, webStorageEnabled: false}
Session ID: 07e0a906-f567-4646-abfd-84c6cc800d18
	at org.openqa.selenium.remote.http.W3CHttpResponseCodec.createException(W3CHttpResponseCodec.java:187)
	at org.openqa.selenium.remote.http.W3CHttpResponseCodec.decode(W3CHttpResponseCodec.java:122)
	at org.openqa.selenium.remote.http.W3CHttpResponseCodec.decode(W3CHttpResponseCodec.java:49)
	at org.openqa.selenium.remote.HttpCommandExecutor.execute(HttpCommandExecutor.java:158)
	at io.appium.java_client.remote.AppiumCommandExecutor.execute(AppiumCommandExecutor.java:239)
	at org.openqa.selenium.remote.RemoteWebDriver.execute(RemoteWebDriver.java:552)
	at io.appium.java_client.DefaultGenericMobileDriver.execute(DefaultGenericMobileDriver.java:46)
	at io.appium.java_client.AppiumDriver.execute(AppiumDriver.java:1)
	at io.appium.java_client.android.AndroidDriver.execute(AndroidDriver.java:1)
	at com.kms.katalon.core.appium.driver.SwipeableAndroidDriver.execute(SwipeableAndroidDriver.java:1)
	at org.openqa.selenium.remote.RemoteWebDriver$RemoteWebDriverOptions$RemoteWindow.getSize(RemoteWebDriver.java:813)
	at org.openqa.selenium.WebDriver$Window$getSize.call(Unknown Source)
	at com.kms.katalon.core.mobile.keyword.internal.MobileAbstractKeyword.findElement(MobileAbstractKeyword.groovy:81)
	at com.kms.katalon.core.mobile.keyword.builtin.VerifyElementTextKeyword.access$1(VerifyElementTextKeyword.groovy)
	at com.kms.katalon.core.mobile.keyword.builtin.VerifyElementTextKeyword$_verifyElementText_closure1.doCall(VerifyElementTextKeyword.groovy:47)
	at com.kms.katalon.core.mobile.keyword.builtin.VerifyElementTextKeyword$_verifyElementText_closure1.call(VerifyElementTextKeyword.groovy)
	at com.kms.katalon.core.mobile.keyword.internal.MobileKeywordMain.runKeyword(MobileKeywordMain.groovy:21)
	at com.kms.katalon.core.mobile.keyword.builtin.VerifyElementTextKeyword.verifyElementText(VerifyElementTextKeyword.groovy:62)
	at com.kms.katalon.core.mobile.keyword.builtin.VerifyElementTextKeyword.execute(VerifyElementTextKeyword.groovy:39)
	at com.kms.katalon.core.keyword.internal.KeywordExecutor.executeKeywordForPlatform(KeywordExecutor.groovy:74)
	at com.kms.katalon.core.mobile.keyword.MobileBuiltInKeywords.verifyElementText(MobileBuiltInKeywords.groovy:2901)
	at com.kms.katalon.core.mobile.keyword.MobileBuiltInKeywords$verifyElementText$9.call(Unknown Source)
	at duitNow_businessRegNumberTransaction.run(duitNow_businessRegNumberTransaction:238)
	at com.kms.katalon.core.main.ScriptEngine.run(ScriptEngine.java:194)
	at com.kms.katalon.core.main.ScriptEngine.runScriptAsRawText(ScriptEngine.java:119)
	at com.kms.katalon.core.main.TestCaseExecutor.runScript(TestCaseExecutor.java:445)
	at com.kms.katalon.core.main.TestCaseExecutor.doExecute(TestCaseExecutor.java:436)
	at com.kms.katalon.core.main.TestCaseExecutor.processExecutionPhase(TestCaseExecutor.java:415)
	at com.kms.katalon.core.main.TestCaseExecutor.accessMainPhase(TestCaseExecutor.java:407)
	at com.kms.katalon.core.main.TestCaseExecutor.execute(TestCaseExecutor.java:284)
	at com.kms.katalon.core.common.CommonExecutor.accessTestCaseMainPhase(CommonExecutor.java:65)
	at com.kms.katalon.core.main.TestSuiteExecutor.accessTestSuiteMainPhase(TestSuiteExecutor.java:144)
	at com.kms.katalon.core.main.TestSuiteExecutor.execute(TestSuiteExecutor.java:106)
	at com.kms.katalon.core.main.TestCaseMain.startTestSuite(TestCaseMain.java:185)
	at com.kms.katalon.core.main.TestCaseMain$startTestSuite$0.call(Unknown Source)
	at TempTestSuite1655885093224.run(TempTestSuite1655885093224.groovy:36)
)

2022-06-22 16:48:17 - [MESSAGE][FAILED] - Verify element text of test object 'Object Repository/Transfer/transferConfirmationFromAccNoTxt' FAILED. (Root cause: org.openqa.selenium.WebDriverException: An unknown server-side error occurred while processing the command. Original error: 'GET /window/current/size' cannot be proxied to UiAutomator2 server because the instrumentation process is not running (probably crashed). Check the server log and/or the logcat output for more details
Build info: version: '3.141.59', revision: 'e82be7d358', time: '2018-11-14T08:25:53'
System info: host: '00139272s-MacBook-Pro.local', ip: '2001:e68:6167:d901:5dd8:2a3:885f:7e34%en0', os.name: 'Mac OS X', os.arch: 'x86_64', os.version: '10.16', java.version: '1.8.0_275'
Driver info: com.kms.katalon.core.appium.driver.SwipeableAndroidDriver
Capabilities {app: /Users/a00139272/Katalon St..., appActivity: com.maybank2u.life.MainActi..., appPackage: com.maybank2u.life.sit, appWaitActivity: *, autoGrantPermissions: true, automationName: uiautomator2, chromedriverPort: 52878, databaseEnabled: false, desired: {app: /Users/a00139272/Katalon St..., appActivity: com.maybank2u.life.MainActi..., appPackage: com.maybank2u.life.sit, appWaitActivity: *, autoGrantPermissions: true, automationName: uiautomator2, chromedriverPort: 52878, deviceId: 002b9cc60508, deviceName: Xiaomi 21061119AG (Android 11), fullReset: false, newCommandTimeout: 1800, noReset: true, platform: ANDROID, platformName: android, platformVersion: 11, systemPort: 52876, udid: 002b9cc60508}, deviceApiLevel: 30, deviceId: 002b9cc60508, deviceManufacturer: Xiaomi, deviceModel: 21061119AG, deviceName: 002b9cc60508, deviceScreenDensity: 440, deviceScreenSize: 1080x2400, deviceUDID: 002b9cc60508, fullReset: false, javascriptEnabled: true, locationContextEnabled: false, networkConnectionEnabled: true, newCommandTimeout: 1800, noReset: true, pixelRatio: 2.75, platform: ANDROID, platformName: Android, platformVersion: 11, statBarHeight: 103, systemPort: 52876, takesScreenshot: true, udid: 002b9cc60508, viewportRect: {height: 2064, left: 0, top: 103, width: 1080}, warnings: {}, webStorageEnabled: false}
Session ID: 07e0a906-f567-4646-abfd-84c6cc800d18
	at org.openqa.selenium.remote.http.W3CHttpResponseCodec.createException(W3CHttpResponseCodec.java:187)
	at org.openqa.selenium.remote.http.W3CHttpResponseCodec.decode(W3CHttpResponseCodec.java:122)
	at org.openqa.selenium.remote.http.W3CHttpResponseCodec.decode(W3CHttpResponseCodec.java:49)
	at org.openqa.selenium.remote.HttpCommandExecutor.execute(HttpCommandExecutor.java:158)
	at io.appium.java_client.remote.AppiumCommandExecutor.execute(AppiumCommandExecutor.java:239)
	at org.openqa.selenium.remote.RemoteWebDriver.execute(RemoteWebDriver.java:552)
	at io.appium.java_client.DefaultGenericMobileDriver.execute(DefaultGenericMobileDriver.java:46)
	at io.appium.java_client.AppiumDriver.execute(AppiumDriver.java:1)
	at io.appium.java_client.android.AndroidDriver.execute(AndroidDriver.java:1)
	at com.kms.katalon.core.appium.driver.SwipeableAndroidDriver.execute(SwipeableAndroidDriver.java:1)
	at org.openqa.selenium.remote.RemoteWebDriver$RemoteWebDriverOptions$RemoteWindow.getSize(RemoteWebDriver.java:813)
	at org.openqa.selenium.WebDriver$Window$getSize.call(Unknown Source)
	at com.kms.katalon.core.mobile.keyword.internal.MobileAbstractKeyword.findElement(MobileAbstractKeyword.groovy:81)
	at com.kms.katalon.core.mobile.keyword.builtin.VerifyElementTextKeyword.access$1(VerifyElementTextKeyword.groovy)
	at com.kms.katalon.core.mobile.keyword.builtin.VerifyElementTextKeyword$_verifyElementText_closure1.doCall(VerifyElementTextKeyword.groovy:47)
	at com.kms.katalon.core.mobile.keyword.builtin.VerifyElementTextKeyword$_verifyElementText_closure1.call(VerifyElementTextKeyword.groovy)
	at com.kms.katalon.core.mobile.keyword.internal.MobileKeywordMain.runKeyword(MobileKeywordMain.groovy:21)
	at com.kms.katalon.core.mobile.keyword.builtin.VerifyElementTextKeyword.verifyElementText(VerifyElementTextKeyword.groovy:62)
	at com.kms.katalon.core.mobile.keyword.builtin.VerifyElementTextKeyword.execute(VerifyElementTextKeyword.groovy:39)
	at com.kms.katalon.core.keyword.internal.KeywordExecutor.executeKeywordForPlatform(KeywordExecutor.groovy:74)
	at com.kms.katalon.core.mobile.keyword.MobileBuiltInKeywords.verifyElementText(MobileBuiltInKeywords.groovy:2901)
	at com.kms.katalon.core.mobile.keyword.MobileBuiltInKeywords$verifyElementText$9.call(Unknown Source)
	at duitNow_businessRegNumberTransaction.run(duitNow_businessRegNumberTransaction:238)
	at com.kms.katalon.core.main.ScriptEngine.run(ScriptEngine.java:194)
	at com.kms.katalon.core.main.ScriptEngine.runScriptAsRawText(ScriptEngine.java:119)
	at com.kms.katalon.core.main.TestCaseExecutor.runScript(TestCaseExecutor.java:445)
	at com.kms.katalon.core.main.TestCaseExecutor.doExecute(TestCaseExecutor.java:436)
	at com.kms.katalon.core.main.TestCaseExecutor.processExecutionPhase(TestCaseExecutor.java:415)
	at com.kms.katalon.core.main.TestCaseExecutor.accessMainPhase(TestCaseExecutor.java:407)
	at com.kms.katalon.core.main.TestCaseExecutor.execute(TestCaseExecutor.java:284)
	at com.kms.katalon.core.common.CommonExecutor.accessTestCaseMainPhase(CommonExecutor.java:65)
	at com.kms.katalon.core.main.TestSuiteExecutor.accessTestSuiteMainPhase(TestSuiteExecutor.java:144)
	at com.kms.katalon.core.main.TestSuiteExecutor.execute(TestSuiteExecutor.java:106)
	at com.kms.katalon.core.main.TestCaseMain.startTestSuite(TestCaseMain.java:185)
	at com.kms.katalon.core.main.TestCaseMain$startTestSuite$0.call(Unknown Source)
	at TempTestSuite1655885093224.run(TempTestSuite1655885093224.groovy:36)
)

2022-06-22 16:48:17 - [TEST_STEP][FAILED] - verifyElementExist(findTestObject("Transfer/transferConfirmationFromAccBalanceTxt"), 0): Failed to check for element 'Object Repository/Transfer/transferConfirmationFromAccBalanceTxt' exist (Root cause: org.openqa.selenium.WebDriverException: An unknown server-side error occurred while processing the command. Original error: 'GET /window/current/size' cannot be proxied to UiAutomator2 server because the instrumentation process is not running (probably crashed). Check the server log and/or the logcat output for more details
Build info: version: '3.141.59', revision: 'e82be7d358', time: '2018-11-14T08:25:53'
System info: host: '00139272s-MacBook-Pro.local', ip: '2001:e68:6167:d901:5dd8:2a3:885f:7e34%en0', os.name: 'Mac OS X', os.arch: 'x86_64', os.version: '10.16', java.version: '1.8.0_275'
Driver info: com.kms.katalon.core.appium.driver.SwipeableAndroidDriver
Capabilities {app: /Users/a00139272/Katalon St..., appActivity: com.maybank2u.life.MainActi..., appPackage: com.maybank2u.life.sit, appWaitActivity: *, autoGrantPermissions: true, automationName: uiautomator2, chromedriverPort: 52878, databaseEnabled: false, desired: {app: /Users/a00139272/Katalon St..., appActivity: com.maybank2u.life.MainActi..., appPackage: com.maybank2u.life.sit, appWaitActivity: *, autoGrantPermissions: true, automationName: uiautomator2, chromedriverPort: 52878, deviceId: 002b9cc60508, deviceName: Xiaomi 21061119AG (Android 11), fullReset: false, newCommandTimeout: 1800, noReset: true, platform: ANDROID, platformName: android, platformVersion: 11, systemPort: 52876, udid: 002b9cc60508}, deviceApiLevel: 30, deviceId: 002b9cc60508, deviceManufacturer: Xiaomi, deviceModel: 21061119AG, deviceName: 002b9cc60508, deviceScreenDensity: 440, deviceScreenSize: 1080x2400, deviceUDID: 002b9cc60508, fullReset: false, javascriptEnabled: true, locationContextEnabled: false, networkConnectionEnabled: true, newCommandTimeout: 1800, noReset: true, pixelRatio: 2.75, platform: ANDROID, platformName: Android, platformVersion: 11, statBarHeight: 103, systemPort: 52876, takesScreenshot: true, udid: 002b9cc60508, viewportRect: {height: 2064, left: 0, top: 103, width: 1080}, warnings: {}, webStorageEnabled: false}
Session ID: 07e0a906-f567-4646-abfd-84c6cc800d18
	at org.openqa.selenium.remote.http.W3CHttpResponseCodec.createException(W3CHttpResponseCodec.java:187)
	at org.openqa.selenium.remote.http.W3CHttpResponseCodec.decode(W3CHttpResponseCodec.java:122)
	at org.openqa.selenium.remote.http.W3CHttpResponseCodec.decode(W3CHttpResponseCodec.java:49)
	at org.openqa.selenium.remote.HttpCommandExecutor.execute(HttpCommandExecutor.java:158)
	at io.appium.java_client.remote.AppiumCommandExecutor.execute(AppiumCommandExecutor.java:239)
	at org.openqa.selenium.remote.RemoteWebDriver.execute(RemoteWebDriver.java:552)
	at io.appium.java_client.DefaultGenericMobileDriver.execute(DefaultGenericMobileDriver.java:46)
	at io.appium.java_client.AppiumDriver.execute(AppiumDriver.java:1)
	at io.appium.java_client.android.AndroidDriver.execute(AndroidDriver.java:1)
	at com.kms.katalon.core.appium.driver.SwipeableAndroidDriver.execute(SwipeableAndroidDriver.java:1)
	at org.openqa.selenium.remote.RemoteWebDriver$RemoteWebDriverOptions$RemoteWindow.getSize(RemoteWebDriver.java:813)
	at org.openqa.selenium.WebDriver$Window$getSize.call(Unknown Source)
	at com.kms.katalon.core.mobile.keyword.internal.MobileAbstractKeyword.findElement(MobileAbstractKeyword.groovy:81)
	at com.kms.katalon.core.mobile.keyword.builtin.VerifyElementExistKeyword.access$1(VerifyElementExistKeyword.groovy)
	at com.kms.katalon.core.mobile.keyword.builtin.VerifyElementExistKeyword$_verifyElementExist_closure1.doCall(VerifyElementExistKeyword.groovy:72)
	at com.kms.katalon.core.mobile.keyword.builtin.VerifyElementExistKeyword$_verifyElementExist_closure1.call(VerifyElementExistKeyword.groovy)
	at com.kms.katalon.core.mobile.keyword.internal.MobileKeywordMain.runKeyword(MobileKeywordMain.groovy:21)
	at com.kms.katalon.core.mobile.keyword.builtin.VerifyElementExistKeyword.verifyElementExist(VerifyElementExistKeyword.groovy:80)
	at com.kms.katalon.core.mobile.keyword.builtin.VerifyElementExistKeyword.execute(VerifyElementExistKeyword.groovy:64)
	at com.kms.katalon.core.keyword.internal.KeywordExecutor.executeKeywordForPlatform(KeywordExecutor.groovy:74)
	at com.kms.katalon.core.mobile.keyword.MobileBuiltInKeywords.verifyElementExist(MobileBuiltInKeywords.groovy:1755)
	at com.kms.katalon.core.mobile.keyword.MobileBuiltInKeywords$verifyElementExist$8.call(Unknown Source)
	at duitNow_businessRegNumberTransaction.run(duitNow_businessRegNumberTransaction:240)
	at com.kms.katalon.core.main.ScriptEngine.run(ScriptEngine.java:194)
	at com.kms.katalon.core.main.ScriptEngine.runScriptAsRawText(ScriptEngine.java:119)
	at com.kms.katalon.core.main.TestCaseExecutor.runScript(TestCaseExecutor.java:445)
	at com.kms.katalon.core.main.TestCaseExecutor.doExecute(TestCaseExecutor.java:436)
	at com.kms.katalon.core.main.TestCaseExecutor.processExecutionPhase(TestCaseExecutor.java:415)
	at com.kms.katalon.core.main.TestCaseExecutor.accessMainPhase(TestCaseExecutor.java:407)
	at com.kms.katalon.core.main.TestCaseExecutor.execute(TestCaseExecutor.java:284)
	at com.kms.katalon.core.common.CommonExecutor.accessTestCaseMainPhase(CommonExecutor.java:65)
	at com.kms.katalon.core.main.TestSuiteExecutor.accessTestSuiteMainPhase(TestSuiteExecutor.java:144)
	at com.kms.katalon.core.main.TestSuiteExecutor.execute(TestSuiteExecutor.java:106)
	at com.kms.katalon.core.main.TestCaseMain.startTestSuite(TestCaseMain.java:185)
	at com.kms.katalon.core.main.TestCaseMain$startTestSuite$0.call(Unknown Source)
	at TempTestSuite1655885093224.run(TempTestSuite1655885093224.groovy:36)
)

2022-06-22 16:48:17 - [MESSAGE][WARNING] - Timeout '0' is invalid. Using default page load timeout: '40'

2022-06-22 16:48:17 - [MESSAGE][FAILED] - Failed to check for element 'Object Repository/Transfer/transferConfirmationFromAccBalanceTxt' exist (Root cause: org.openqa.selenium.WebDriverException: An unknown server-side error occurred while processing the command. Original error: 'GET /window/current/size' cannot be proxied to UiAutomator2 server because the instrumentation process is not running (probably crashed). Check the server log and/or the logcat output for more details
Build info: version: '3.141.59', revision: 'e82be7d358', time: '2018-11-14T08:25:53'
System info: host: '00139272s-MacBook-Pro.local', ip: '2001:e68:6167:d901:5dd8:2a3:885f:7e34%en0', os.name: 'Mac OS X', os.arch: 'x86_64', os.version: '10.16', java.version: '1.8.0_275'
Driver info: com.kms.katalon.core.appium.driver.SwipeableAndroidDriver
Capabilities {app: /Users/a00139272/Katalon St..., appActivity: com.maybank2u.life.MainActi..., appPackage: com.maybank2u.life.sit, appWaitActivity: *, autoGrantPermissions: true, automationName: uiautomator2, chromedriverPort: 52878, databaseEnabled: false, desired: {app: /Users/a00139272/Katalon St..., appActivity: com.maybank2u.life.MainActi..., appPackage: com.maybank2u.life.sit, appWaitActivity: *, autoGrantPermissions: true, automationName: uiautomator2, chromedriverPort: 52878, deviceId: 002b9cc60508, deviceName: Xiaomi 21061119AG (Android 11), fullReset: false, newCommandTimeout: 1800, noReset: true, platform: ANDROID, platformName: android, platformVersion: 11, systemPort: 52876, udid: 002b9cc60508}, deviceApiLevel: 30, deviceId: 002b9cc60508, deviceManufacturer: Xiaomi, deviceModel: 21061119AG, deviceName: 002b9cc60508, deviceScreenDensity: 440, deviceScreenSize: 1080x2400, deviceUDID: 002b9cc60508, fullReset: false, javascriptEnabled: true, locationContextEnabled: false, networkConnectionEnabled: true, newCommandTimeout: 1800, noReset: true, pixelRatio: 2.75, platform: ANDROID, platformName: Android, platformVersion: 11, statBarHeight: 103, systemPort: 52876, takesScreenshot: true, udid: 002b9cc60508, viewportRect: {height: 2064, left: 0, top: 103, width: 1080}, warnings: {}, webStorageEnabled: false}
Session ID: 07e0a906-f567-4646-abfd-84c6cc800d18
	at org.openqa.selenium.remote.http.W3CHttpResponseCodec.createException(W3CHttpResponseCodec.java:187)
	at org.openqa.selenium.remote.http.W3CHttpResponseCodec.decode(W3CHttpResponseCodec.java:122)
	at org.openqa.selenium.remote.http.W3CHttpResponseCodec.decode(W3CHttpResponseCodec.java:49)
	at org.openqa.selenium.remote.HttpCommandExecutor.execute(HttpCommandExecutor.java:158)
	at io.appium.java_client.remote.AppiumCommandExecutor.execute(AppiumCommandExecutor.java:239)
	at org.openqa.selenium.remote.RemoteWebDriver.execute(RemoteWebDriver.java:552)
	at io.appium.java_client.DefaultGenericMobileDriver.execute(DefaultGenericMobileDriver.java:46)
	at io.appium.java_client.AppiumDriver.execute(AppiumDriver.java:1)
	at io.appium.java_client.android.AndroidDriver.execute(AndroidDriver.java:1)
	at com.kms.katalon.core.appium.driver.SwipeableAndroidDriver.execute(SwipeableAndroidDriver.java:1)
	at org.openqa.selenium.remote.RemoteWebDriver$RemoteWebDriverOptions$RemoteWindow.getSize(RemoteWebDriver.java:813)
	at org.openqa.selenium.WebDriver$Window$getSize.call(Unknown Source)
	at com.kms.katalon.core.mobile.keyword.internal.MobileAbstractKeyword.findElement(MobileAbstractKeyword.groovy:81)
	at com.kms.katalon.core.mobile.keyword.builtin.VerifyElementExistKeyword.access$1(VerifyElementExistKeyword.groovy)
	at com.kms.katalon.core.mobile.keyword.builtin.VerifyElementExistKeyword$_verifyElementExist_closure1.doCall(VerifyElementExistKeyword.groovy:72)
	at com.kms.katalon.core.mobile.keyword.builtin.VerifyElementExistKeyword$_verifyElementExist_closure1.call(VerifyElementExistKeyword.groovy)
	at com.kms.katalon.core.mobile.keyword.internal.MobileKeywordMain.runKeyword(MobileKeywordMain.groovy:21)
	at com.kms.katalon.core.mobile.keyword.builtin.VerifyElementExistKeyword.verifyElementExist(VerifyElementExistKeyword.groovy:80)
	at com.kms.katalon.core.mobile.keyword.builtin.VerifyElementExistKeyword.execute(VerifyElementExistKeyword.groovy:64)
	at com.kms.katalon.core.keyword.internal.KeywordExecutor.executeKeywordForPlatform(KeywordExecutor.groovy:74)
	at com.kms.katalon.core.mobile.keyword.MobileBuiltInKeywords.verifyElementExist(MobileBuiltInKeywords.groovy:1755)
	at com.kms.katalon.core.mobile.keyword.MobileBuiltInKeywords$verifyElementExist$8.call(Unknown Source)
	at duitNow_businessRegNumberTransaction.run(duitNow_businessRegNumberTransaction:240)
	at com.kms.katalon.core.main.ScriptEngine.run(ScriptEngine.java:194)
	at com.kms.katalon.core.main.ScriptEngine.runScriptAsRawText(ScriptEngine.java:119)
	at com.kms.katalon.core.main.TestCaseExecutor.runScript(TestCaseExecutor.java:445)
	at com.kms.katalon.core.main.TestCaseExecutor.doExecute(TestCaseExecutor.java:436)
	at com.kms.katalon.core.main.TestCaseExecutor.processExecutionPhase(TestCaseExecutor.java:415)
	at com.kms.katalon.core.main.TestCaseExecutor.accessMainPhase(TestCaseExecutor.java:407)
	at com.kms.katalon.core.main.TestCaseExecutor.execute(TestCaseExecutor.java:284)
	at com.kms.katalon.core.common.CommonExecutor.accessTestCaseMainPhase(CommonExecutor.java:65)
	at com.kms.katalon.core.main.TestSuiteExecutor.accessTestSuiteMainPhase(TestSuiteExecutor.java:144)
	at com.kms.katalon.core.main.TestSuiteExecutor.execute(TestSuiteExecutor.java:106)
	at com.kms.katalon.core.main.TestCaseMain.startTestSuite(TestCaseMain.java:185)
	at com.kms.katalon.core.main.TestCaseMain$startTestSuite$0.call(Unknown Source)
	at TempTestSuite1655885093224.run(TempTestSuite1655885093224.groovy:36)
)

2022-06-22 16:48:17 - [TEST_STEP][FAILED] - accountBalance = getText(findTestObject("Transfer/transferConfirmationFromAccBalanceTxt"), 0): Failed to get text from element (Root cause: org.openqa.selenium.WebDriverException: An unknown server-side error occurred while processing the command. Original error: 'GET /window/current/size' cannot be proxied to UiAutomator2 server because the instrumentation process is not running (probably crashed). Check the server log and/or the logcat output for more details
Build info: version: '3.141.59', revision: 'e82be7d358', time: '2018-11-14T08:25:53'
System info: host: '00139272s-MacBook-Pro.local', ip: '2001:e68:6167:d901:5dd8:2a3:885f:7e34%en0', os.name: 'Mac OS X', os.arch: 'x86_64', os.version: '10.16', java.version: '1.8.0_275'
Driver info: com.kms.katalon.core.appium.driver.SwipeableAndroidDriver
Capabilities {app: /Users/a00139272/Katalon St..., appActivity: com.maybank2u.life.MainActi..., appPackage: com.maybank2u.life.sit, appWaitActivity: *, autoGrantPermissions: true, automationName: uiautomator2, chromedriverPort: 52878, databaseEnabled: false, desired: {app: /Users/a00139272/Katalon St..., appActivity: com.maybank2u.life.MainActi..., appPackage: com.maybank2u.life.sit, appWaitActivity: *, autoGrantPermissions: true, automationName: uiautomator2, chromedriverPort: 52878, deviceId: 002b9cc60508, deviceName: Xiaomi 21061119AG (Android 11), fullReset: false, newCommandTimeout: 1800, noReset: true, platform: ANDROID, platformName: android, platformVersion: 11, systemPort: 52876, udid: 002b9cc60508}, deviceApiLevel: 30, deviceId: 002b9cc60508, deviceManufacturer: Xiaomi, deviceModel: 21061119AG, deviceName: 002b9cc60508, deviceScreenDensity: 440, deviceScreenSize: 1080x2400, deviceUDID: 002b9cc60508, fullReset: false, javascriptEnabled: true, locationContextEnabled: false, networkConnectionEnabled: true, newCommandTimeout: 1800, noReset: true, pixelRatio: 2.75, platform: ANDROID, platformName: Android, platformVersion: 11, statBarHeight: 103, systemPort: 52876, takesScreenshot: true, udid: 002b9cc60508, viewportRect: {height: 2064, left: 0, top: 103, width: 1080}, warnings: {}, webStorageEnabled: false}
Session ID: 07e0a906-f567-4646-abfd-84c6cc800d18
	at org.openqa.selenium.remote.http.W3CHttpResponseCodec.createException(W3CHttpResponseCodec.java:187)
	at org.openqa.selenium.remote.http.W3CHttpResponseCodec.decode(W3CHttpResponseCodec.java:122)
	at org.openqa.selenium.remote.http.W3CHttpResponseCodec.decode(W3CHttpResponseCodec.java:49)
	at org.openqa.selenium.remote.HttpCommandExecutor.execute(HttpCommandExecutor.java:158)
	at io.appium.java_client.remote.AppiumCommandExecutor.execute(AppiumCommandExecutor.java:239)
	at org.openqa.selenium.remote.RemoteWebDriver.execute(RemoteWebDriver.java:552)
	at io.appium.java_client.DefaultGenericMobileDriver.execute(DefaultGenericMobileDriver.java:46)
	at io.appium.java_client.AppiumDriver.execute(AppiumDriver.java:1)
	at io.appium.java_client.android.AndroidDriver.execute(AndroidDriver.java:1)
	at com.kms.katalon.core.appium.driver.SwipeableAndroidDriver.execute(SwipeableAndroidDriver.java:1)
	at org.openqa.selenium.remote.RemoteWebDriver$RemoteWebDriverOptions$RemoteWindow.getSize(RemoteWebDriver.java:813)
	at org.openqa.selenium.WebDriver$Window$getSize.call(Unknown Source)
	at com.kms.katalon.core.mobile.keyword.internal.MobileAbstractKeyword.findElement(MobileAbstractKeyword.groovy:81)
	at com.kms.katalon.core.mobile.keyword.builtin.GetTextKeyword.access$1(GetTextKeyword.groovy)
	at com.kms.katalon.core.mobile.keyword.builtin.GetTextKeyword$_getText_closure1.doCall(GetTextKeyword.groovy:72)
	at com.kms.katalon.core.mobile.keyword.builtin.GetTextKeyword$_getText_closure1.call(GetTextKeyword.groovy)
	at com.kms.katalon.core.mobile.keyword.internal.MobileKeywordMain.runKeyword(MobileKeywordMain.groovy:21)
	at com.kms.katalon.core.mobile.keyword.builtin.GetTextKeyword.getText(GetTextKeyword.groovy:80)
	at com.kms.katalon.core.mobile.keyword.builtin.GetTextKeyword.execute(GetTextKeyword.groovy:64)
	at com.kms.katalon.core.keyword.internal.KeywordExecutor.executeKeywordForPlatform(KeywordExecutor.groovy:74)
	at com.kms.katalon.core.mobile.keyword.MobileBuiltInKeywords.getText(MobileBuiltInKeywords.groovy:1274)
	at com.kms.katalon.core.mobile.keyword.MobileBuiltInKeywords$getText$11.call(Unknown Source)
	at duitNow_businessRegNumberTransaction.run(duitNow_businessRegNumberTransaction:242)
	at com.kms.katalon.core.main.ScriptEngine.run(ScriptEngine.java:194)
	at com.kms.katalon.core.main.ScriptEngine.runScriptAsRawText(ScriptEngine.java:119)
	at com.kms.katalon.core.main.TestCaseExecutor.runScript(TestCaseExecutor.java:445)
	at com.kms.katalon.core.main.TestCaseExecutor.doExecute(TestCaseExecutor.java:436)
	at com.kms.katalon.core.main.TestCaseExecutor.processExecutionPhase(TestCaseExecutor.java:415)
	at com.kms.katalon.core.main.TestCaseExecutor.accessMainPhase(TestCaseExecutor.java:407)
	at com.kms.katalon.core.main.TestCaseExecutor.execute(TestCaseExecutor.java:284)
	at com.kms.katalon.core.common.CommonExecutor.accessTestCaseMainPhase(CommonExecutor.java:65)
	at com.kms.katalon.core.main.TestSuiteExecutor.accessTestSuiteMainPhase(TestSuiteExecutor.java:144)
	at com.kms.katalon.core.main.TestSuiteExecutor.execute(TestSuiteExecutor.java:106)
	at com.kms.katalon.core.main.TestCaseMain.startTestSuite(TestCaseMain.java:185)
	at com.kms.katalon.core.main.TestCaseMain$startTestSuite$0.call(Unknown Source)
	at TempTestSuite1655885093224.run(TempTestSuite1655885093224.groovy:36)
)

2022-06-22 16:48:17 - [MESSAGE][WARNING] - Timeout '0' is invalid. Using default page load timeout: '40'

2022-06-22 16:48:17 - [MESSAGE][FAILED] - Failed to get text from element (Root cause: org.openqa.selenium.WebDriverException: An unknown server-side error occurred while processing the command. Original error: 'GET /window/current/size' cannot be proxied to UiAutomator2 server because the instrumentation process is not running (probably crashed). Check the server log and/or the logcat output for more details
Build info: version: '3.141.59', revision: 'e82be7d358', time: '2018-11-14T08:25:53'
System info: host: '00139272s-MacBook-Pro.local', ip: '2001:e68:6167:d901:5dd8:2a3:885f:7e34%en0', os.name: 'Mac OS X', os.arch: 'x86_64', os.version: '10.16', java.version: '1.8.0_275'
Driver info: com.kms.katalon.core.appium.driver.SwipeableAndroidDriver
Capabilities {app: /Users/a00139272/Katalon St..., appActivity: com.maybank2u.life.MainActi..., appPackage: com.maybank2u.life.sit, appWaitActivity: *, autoGrantPermissions: true, automationName: uiautomator2, chromedriverPort: 52878, databaseEnabled: false, desired: {app: /Users/a00139272/Katalon St..., appActivity: com.maybank2u.life.MainActi..., appPackage: com.maybank2u.life.sit, appWaitActivity: *, autoGrantPermissions: true, automationName: uiautomator2, chromedriverPort: 52878, deviceId: 002b9cc60508, deviceName: Xiaomi 21061119AG (Android 11), fullReset: false, newCommandTimeout: 1800, noReset: true, platform: ANDROID, platformName: android, platformVersion: 11, systemPort: 52876, udid: 002b9cc60508}, deviceApiLevel: 30, deviceId: 002b9cc60508, deviceManufacturer: Xiaomi, deviceModel: 21061119AG, deviceName: 002b9cc60508, deviceScreenDensity: 440, deviceScreenSize: 1080x2400, deviceUDID: 002b9cc60508, fullReset: false, javascriptEnabled: true, locationContextEnabled: false, networkConnectionEnabled: true, newCommandTimeout: 1800, noReset: true, pixelRatio: 2.75, platform: ANDROID, platformName: Android, platformVersion: 11, statBarHeight: 103, systemPort: 52876, takesScreenshot: true, udid: 002b9cc60508, viewportRect: {height: 2064, left: 0, top: 103, width: 1080}, warnings: {}, webStorageEnabled: false}
Session ID: 07e0a906-f567-4646-abfd-84c6cc800d18
	at org.openqa.selenium.remote.http.W3CHttpResponseCodec.createException(W3CHttpResponseCodec.java:187)
	at org.openqa.selenium.remote.http.W3CHttpResponseCodec.decode(W3CHttpResponseCodec.java:122)
	at org.openqa.selenium.remote.http.W3CHttpResponseCodec.decode(W3CHttpResponseCodec.java:49)
	at org.openqa.selenium.remote.HttpCommandExecutor.execute(HttpCommandExecutor.java:158)
	at io.appium.java_client.remote.AppiumCommandExecutor.execute(AppiumCommandExecutor.java:239)
	at org.openqa.selenium.remote.RemoteWebDriver.execute(RemoteWebDriver.java:552)
	at io.appium.java_client.DefaultGenericMobileDriver.execute(DefaultGenericMobileDriver.java:46)
	at io.appium.java_client.AppiumDriver.execute(AppiumDriver.java:1)
	at io.appium.java_client.android.AndroidDriver.execute(AndroidDriver.java:1)
	at com.kms.katalon.core.appium.driver.SwipeableAndroidDriver.execute(SwipeableAndroidDriver.java:1)
	at org.openqa.selenium.remote.RemoteWebDriver$RemoteWebDriverOptions$RemoteWindow.getSize(RemoteWebDriver.java:813)
	at org.openqa.selenium.WebDriver$Window$getSize.call(Unknown Source)
	at com.kms.katalon.core.mobile.keyword.internal.MobileAbstractKeyword.findElement(MobileAbstractKeyword.groovy:81)
	at com.kms.katalon.core.mobile.keyword.builtin.GetTextKeyword.access$1(GetTextKeyword.groovy)
	at com.kms.katalon.core.mobile.keyword.builtin.GetTextKeyword$_getText_closure1.doCall(GetTextKeyword.groovy:72)
	at com.kms.katalon.core.mobile.keyword.builtin.GetTextKeyword$_getText_closure1.call(GetTextKeyword.groovy)
	at com.kms.katalon.core.mobile.keyword.internal.MobileKeywordMain.runKeyword(MobileKeywordMain.groovy:21)
	at com.kms.katalon.core.mobile.keyword.builtin.GetTextKeyword.getText(GetTextKeyword.groovy:80)
	at com.kms.katalon.core.mobile.keyword.builtin.GetTextKeyword.execute(GetTextKeyword.groovy:64)
	at com.kms.katalon.core.keyword.internal.KeywordExecutor.executeKeywordForPlatform(KeywordExecutor.groovy:74)
	at com.kms.katalon.core.mobile.keyword.MobileBuiltInKeywords.getText(MobileBuiltInKeywords.groovy:1274)
	at com.kms.katalon.core.mobile.keyword.MobileBuiltInKeywords$getText$11.call(Unknown Source)
	at duitNow_businessRegNumberTransaction.run(duitNow_businessRegNumberTransaction:242)
	at com.kms.katalon.core.main.ScriptEngine.run(ScriptEngine.java:194)
	at com.kms.katalon.core.main.ScriptEngine.runScriptAsRawText(ScriptEngine.java:119)
	at com.kms.katalon.core.main.TestCaseExecutor.runScript(TestCaseExecutor.java:445)
	at com.kms.katalon.core.main.TestCaseExecutor.doExecute(TestCaseExecutor.java:436)
	at com.kms.katalon.core.main.TestCaseExecutor.processExecutionPhase(TestCaseExecutor.java:415)
	at com.kms.katalon.core.main.TestCaseExecutor.accessMainPhase(TestCaseExecutor.java:407)
	at com.kms.katalon.core.main.TestCaseExecutor.execute(TestCaseExecutor.java:284)
	at com.kms.katalon.core.common.CommonExecutor.accessTestCaseMainPhase(CommonExecutor.java:65)
	at com.kms.katalon.core.main.TestSuiteExecutor.accessTestSuiteMainPhase(TestSuiteExecutor.java:144)
	at com.kms.katalon.core.main.TestSuiteExecutor.execute(TestSuiteExecutor.java:106)
	at com.kms.katalon.core.main.TestCaseMain.startTestSuite(TestCaseMain.java:185)
	at com.kms.katalon.core.main.TestCaseMain$startTestSuite$0.call(Unknown Source)
	at TempTestSuite1655885093224.run(TempTestSuite1655885093224.groovy:36)
)

2022-06-22 16:48:17 - [TEST_STEP][PASSED] - println(accountBalance): null

2022-06-22 16:48:17 - [TEST_STEP][FAILED] - tap(findTestObject("Main/mainTransferNowBtn"), 0): Failed to tap on element 'Object Repository/Main/mainTransferNowBtn' (Root cause: org.openqa.selenium.WebDriverException: An unknown server-side error occurred while processing the command. Original error: 'GET /window/current/size' cannot be proxied to UiAutomator2 server because the instrumentation process is not running (probably crashed). Check the server log and/or the logcat output for more details
Build info: version: '3.141.59', revision: 'e82be7d358', time: '2018-11-14T08:25:53'
System info: host: '00139272s-MacBook-Pro.local', ip: '2001:e68:6167:d901:5dd8:2a3:885f:7e34%en0', os.name: 'Mac OS X', os.arch: 'x86_64', os.version: '10.16', java.version: '1.8.0_275'
Driver info: com.kms.katalon.core.appium.driver.SwipeableAndroidDriver
Capabilities {app: /Users/a00139272/Katalon St..., appActivity: com.maybank2u.life.MainActi..., appPackage: com.maybank2u.life.sit, appWaitActivity: *, autoGrantPermissions: true, automationName: uiautomator2, chromedriverPort: 52878, databaseEnabled: false, desired: {app: /Users/a00139272/Katalon St..., appActivity: com.maybank2u.life.MainActi..., appPackage: com.maybank2u.life.sit, appWaitActivity: *, autoGrantPermissions: true, automationName: uiautomator2, chromedriverPort: 52878, deviceId: 002b9cc60508, deviceName: Xiaomi 21061119AG (Android 11), fullReset: false, newCommandTimeout: 1800, noReset: true, platform: ANDROID, platformName: android, platformVersion: 11, systemPort: 52876, udid: 002b9cc60508}, deviceApiLevel: 30, deviceId: 002b9cc60508, deviceManufacturer: Xiaomi, deviceModel: 21061119AG, deviceName: 002b9cc60508, deviceScreenDensity: 440, deviceScreenSize: 1080x2400, deviceUDID: 002b9cc60508, fullReset: false, javascriptEnabled: true, locationContextEnabled: false, networkConnectionEnabled: true, newCommandTimeout: 1800, noReset: true, pixelRatio: 2.75, platform: ANDROID, platformName: Android, platformVersion: 11, statBarHeight: 103, systemPort: 52876, takesScreenshot: true, udid: 002b9cc60508, viewportRect: {height: 2064, left: 0, top: 103, width: 1080}, warnings: {}, webStorageEnabled: false}
Session ID: 07e0a906-f567-4646-abfd-84c6cc800d18
	at org.openqa.selenium.remote.http.W3CHttpResponseCodec.createException(W3CHttpResponseCodec.java:187)
	at org.openqa.selenium.remote.http.W3CHttpResponseCodec.decode(W3CHttpResponseCodec.java:122)
	at org.openqa.selenium.remote.http.W3CHttpResponseCodec.decode(W3CHttpResponseCodec.java:49)
	at org.openqa.selenium.remote.HttpCommandExecutor.execute(HttpCommandExecutor.java:158)
	at io.appium.java_client.remote.AppiumCommandExecutor.execute(AppiumCommandExecutor.java:239)
	at org.openqa.selenium.remote.RemoteWebDriver.execute(RemoteWebDriver.java:552)
	at io.appium.java_client.DefaultGenericMobileDriver.execute(DefaultGenericMobileDriver.java:46)
	at io.appium.java_client.AppiumDriver.execute(AppiumDriver.java:1)
	at io.appium.java_client.android.AndroidDriver.execute(AndroidDriver.java:1)
	at com.kms.katalon.core.appium.driver.SwipeableAndroidDriver.execute(SwipeableAndroidDriver.java:1)
	at org.openqa.selenium.remote.RemoteWebDriver$RemoteWebDriverOptions$RemoteWindow.getSize(RemoteWebDriver.java:813)
	at org.openqa.selenium.WebDriver$Window$getSize.call(Unknown Source)
	at com.kms.katalon.core.mobile.keyword.internal.MobileAbstractKeyword.findElement(MobileAbstractKeyword.groovy:81)
	at com.kms.katalon.core.mobile.keyword.builtin.TapKeyword.access$1(TapKeyword.groovy)
	at com.kms.katalon.core.mobile.keyword.builtin.TapKeyword$_tap_closure1.doCall(TapKeyword.groovy:76)
	at com.kms.katalon.core.mobile.keyword.builtin.TapKeyword$_tap_closure1.call(TapKeyword.groovy)
	at com.kms.katalon.core.mobile.keyword.internal.MobileKeywordMain.runKeyword(MobileKeywordMain.groovy:21)
	at com.kms.katalon.core.mobile.keyword.builtin.TapKeyword.tap(TapKeyword.groovy:84)
	at com.kms.katalon.core.mobile.keyword.builtin.TapKeyword.execute(TapKeyword.groovy:68)
	at com.kms.katalon.core.keyword.internal.KeywordExecutor.executeKeywordForPlatform(KeywordExecutor.groovy:74)
	at com.kms.katalon.core.mobile.keyword.MobileBuiltInKeywords.tap(MobileBuiltInKeywords.groovy:1490)
	at com.kms.katalon.core.mobile.keyword.MobileBuiltInKeywords$tap$4.call(Unknown Source)
	at duitNow_businessRegNumberTransaction.run(duitNow_businessRegNumberTransaction:246)
	at com.kms.katalon.core.main.ScriptEngine.run(ScriptEngine.java:194)
	at com.kms.katalon.core.main.ScriptEngine.runScriptAsRawText(ScriptEngine.java:119)
	at com.kms.katalon.core.main.TestCaseExecutor.runScript(TestCaseExecutor.java:445)
	at com.kms.katalon.core.main.TestCaseExecutor.doExecute(TestCaseExecutor.java:436)
	at com.kms.katalon.core.main.TestCaseExecutor.processExecutionPhase(TestCaseExecutor.java:415)
	at com.kms.katalon.core.main.TestCaseExecutor.accessMainPhase(TestCaseExecutor.java:407)
	at com.kms.katalon.core.main.TestCaseExecutor.execute(TestCaseExecutor.java:284)
	at com.kms.katalon.core.common.CommonExecutor.accessTestCaseMainPhase(CommonExecutor.java:65)
	at com.kms.katalon.core.main.TestSuiteExecutor.accessTestSuiteMainPhase(TestSuiteExecutor.java:144)
	at com.kms.katalon.core.main.TestSuiteExecutor.execute(TestSuiteExecutor.java:106)
	at com.kms.katalon.core.main.TestCaseMain.startTestSuite(TestCaseMain.java:185)
	at com.kms.katalon.core.main.TestCaseMain$startTestSuite$0.call(Unknown Source)
	at TempTestSuite1655885093224.run(TempTestSuite1655885093224.groovy:36)
)

2022-06-22 16:48:17 - [MESSAGE][WARNING] - Timeout '0' is invalid. Using default page load timeout: '40'

2022-06-22 16:48:17 - [MESSAGE][FAILED] - Failed to tap on element 'Object Repository/Main/mainTransferNowBtn' (Root cause: org.openqa.selenium.WebDriverException: An unknown server-side error occurred while processing the command. Original error: 'GET /window/current/size' cannot be proxied to UiAutomator2 server because the instrumentation process is not running (probably crashed). Check the server log and/or the logcat output for more details
Build info: version: '3.141.59', revision: 'e82be7d358', time: '2018-11-14T08:25:53'
System info: host: '00139272s-MacBook-Pro.local', ip: '2001:e68:6167:d901:5dd8:2a3:885f:7e34%en0', os.name: 'Mac OS X', os.arch: 'x86_64', os.version: '10.16', java.version: '1.8.0_275'
Driver info: com.kms.katalon.core.appium.driver.SwipeableAndroidDriver
Capabilities {app: /Users/a00139272/Katalon St..., appActivity: com.maybank2u.life.MainActi..., appPackage: com.maybank2u.life.sit, appWaitActivity: *, autoGrantPermissions: true, automationName: uiautomator2, chromedriverPort: 52878, databaseEnabled: false, desired: {app: /Users/a00139272/Katalon St..., appActivity: com.maybank2u.life.MainActi..., appPackage: com.maybank2u.life.sit, appWaitActivity: *, autoGrantPermissions: true, automationName: uiautomator2, chromedriverPort: 52878, deviceId: 002b9cc60508, deviceName: Xiaomi 21061119AG (Android 11), fullReset: false, newCommandTimeout: 1800, noReset: true, platform: ANDROID, platformName: android, platformVersion: 11, systemPort: 52876, udid: 002b9cc60508}, deviceApiLevel: 30, deviceId: 002b9cc60508, deviceManufacturer: Xiaomi, deviceModel: 21061119AG, deviceName: 002b9cc60508, deviceScreenDensity: 440, deviceScreenSize: 1080x2400, deviceUDID: 002b9cc60508, fullReset: false, javascriptEnabled: true, locationContextEnabled: false, networkConnectionEnabled: true, newCommandTimeout: 1800, noReset: true, pixelRatio: 2.75, platform: ANDROID, platformName: Android, platformVersion: 11, statBarHeight: 103, systemPort: 52876, takesScreenshot: true, udid: 002b9cc60508, viewportRect: {height: 2064, left: 0, top: 103, width: 1080}, warnings: {}, webStorageEnabled: false}
Session ID: 07e0a906-f567-4646-abfd-84c6cc800d18
	at org.openqa.selenium.remote.http.W3CHttpResponseCodec.createException(W3CHttpResponseCodec.java:187)
	at org.openqa.selenium.remote.http.W3CHttpResponseCodec.decode(W3CHttpResponseCodec.java:122)
	at org.openqa.selenium.remote.http.W3CHttpResponseCodec.decode(W3CHttpResponseCodec.java:49)
	at org.openqa.selenium.remote.HttpCommandExecutor.execute(HttpCommandExecutor.java:158)
	at io.appium.java_client.remote.AppiumCommandExecutor.execute(AppiumCommandExecutor.java:239)
	at org.openqa.selenium.remote.RemoteWebDriver.execute(RemoteWebDriver.java:552)
	at io.appium.java_client.DefaultGenericMobileDriver.execute(DefaultGenericMobileDriver.java:46)
	at io.appium.java_client.AppiumDriver.execute(AppiumDriver.java:1)
	at io.appium.java_client.android.AndroidDriver.execute(AndroidDriver.java:1)
	at com.kms.katalon.core.appium.driver.SwipeableAndroidDriver.execute(SwipeableAndroidDriver.java:1)
	at org.openqa.selenium.remote.RemoteWebDriver$RemoteWebDriverOptions$RemoteWindow.getSize(RemoteWebDriver.java:813)
	at org.openqa.selenium.WebDriver$Window$getSize.call(Unknown Source)
	at com.kms.katalon.core.mobile.keyword.internal.MobileAbstractKeyword.findElement(MobileAbstractKeyword.groovy:81)
	at com.kms.katalon.core.mobile.keyword.builtin.TapKeyword.access$1(TapKeyword.groovy)
	at com.kms.katalon.core.mobile.keyword.builtin.TapKeyword$_tap_closure1.doCall(TapKeyword.groovy:76)
	at com.kms.katalon.core.mobile.keyword.builtin.TapKeyword$_tap_closure1.call(TapKeyword.groovy)
	at com.kms.katalon.core.mobile.keyword.internal.MobileKeywordMain.runKeyword(MobileKeywordMain.groovy:21)
	at com.kms.katalon.core.mobile.keyword.builtin.TapKeyword.tap(TapKeyword.groovy:84)
	at com.kms.katalon.core.mobile.keyword.builtin.TapKeyword.execute(TapKeyword.groovy:68)
	at com.kms.katalon.core.keyword.internal.KeywordExecutor.executeKeywordForPlatform(KeywordExecutor.groovy:74)
	at com.kms.katalon.core.mobile.keyword.MobileBuiltInKeywords.tap(MobileBuiltInKeywords.groovy:1490)
	at com.kms.katalon.core.mobile.keyword.MobileBuiltInKeywords$tap$4.call(Unknown Source)
	at duitNow_businessRegNumberTransaction.run(duitNow_businessRegNumberTransaction:246)
	at com.kms.katalon.core.main.ScriptEngine.run(ScriptEngine.java:194)
	at com.kms.katalon.core.main.ScriptEngine.runScriptAsRawText(ScriptEngine.java:119)
	at com.kms.katalon.core.main.TestCaseExecutor.runScript(TestCaseExecutor.java:445)
	at com.kms.katalon.core.main.TestCaseExecutor.doExecute(TestCaseExecutor.java:436)
	at com.kms.katalon.core.main.TestCaseExecutor.processExecutionPhase(TestCaseExecutor.java:415)
	at com.kms.katalon.core.main.TestCaseExecutor.accessMainPhase(TestCaseExecutor.java:407)
	at com.kms.katalon.core.main.TestCaseExecutor.execute(TestCaseExecutor.java:284)
	at com.kms.katalon.core.common.CommonExecutor.accessTestCaseMainPhase(CommonExecutor.java:65)
	at com.kms.katalon.core.main.TestSuiteExecutor.accessTestSuiteMainPhase(TestSuiteExecutor.java:144)
	at com.kms.katalon.core.main.TestSuiteExecutor.execute(TestSuiteExecutor.java:106)
	at com.kms.katalon.core.main.TestCaseMain.startTestSuite(TestCaseMain.java:185)
	at com.kms.katalon.core.main.TestCaseMain$startTestSuite$0.call(Unknown Source)
	at TempTestSuite1655885093224.run(TempTestSuite1655885093224.groovy:36)
)

2022-06-22 16:48:17 - [TEST_STEP][PASSED] - if (verifyElementVisible(findTestObject("Festive Season/festiveReturnAngpaoTACNoTxt"), 10, OPTIONAL)): Failed to check for element 'Object Repository/Festive Season/festiveReturnAngpaoTACNoTxt' visible (Root cause: org.openqa.selenium.WebDriverException: An unknown server-side error occurred while processing the command. Original error: 'GET /window/current/size' cannot be proxied to UiAutomator2 server because the instrumentation process is not running (probably crashed). Check the server log and/or the logcat output for more details
Build info: version: '3.141.59', revision: 'e82be7d358', time: '2018-11-14T08:25:53'
System info: host: '00139272s-MacBook-Pro.local', ip: '2001:e68:6167:d901:5dd8:2a3:885f:7e34%en0', os.name: 'Mac OS X', os.arch: 'x86_64', os.version: '10.16', java.version: '1.8.0_275'
Driver info: com.kms.katalon.core.appium.driver.SwipeableAndroidDriver
Capabilities {app: /Users/a00139272/Katalon St..., appActivity: com.maybank2u.life.MainActi..., appPackage: com.maybank2u.life.sit, appWaitActivity: *, autoGrantPermissions: true, automationName: uiautomator2, chromedriverPort: 52878, databaseEnabled: false, desired: {app: /Users/a00139272/Katalon St..., appActivity: com.maybank2u.life.MainActi..., appPackage: com.maybank2u.life.sit, appWaitActivity: *, autoGrantPermissions: true, automationName: uiautomator2, chromedriverPort: 52878, deviceId: 002b9cc60508, deviceName: Xiaomi 21061119AG (Android 11), fullReset: false, newCommandTimeout: 1800, noReset: true, platform: ANDROID, platformName: android, platformVersion: 11, systemPort: 52876, udid: 002b9cc60508}, deviceApiLevel: 30, deviceId: 002b9cc60508, deviceManufacturer: Xiaomi, deviceModel: 21061119AG, deviceName: 002b9cc60508, deviceScreenDensity: 440, deviceScreenSize: 1080x2400, deviceUDID: 002b9cc60508, fullReset: false, javascriptEnabled: true, locationContextEnabled: false, networkConnectionEnabled: true, newCommandTimeout: 1800, noReset: true, pixelRatio: 2.75, platform: ANDROID, platformName: Android, platformVersion: 11, statBarHeight: 103, systemPort: 52876, takesScreenshot: true, udid: 002b9cc60508, viewportRect: {height: 2064, left: 0, top: 103, width: 1080}, warnings: {}, webStorageEnabled: false}
Session ID: 07e0a906-f567-4646-abfd-84c6cc800d18
	at org.openqa.selenium.remote.http.W3CHttpResponseCodec.createException(W3CHttpResponseCodec.java:187)
	at org.openqa.selenium.remote.http.W3CHttpResponseCodec.decode(W3CHttpResponseCodec.java:122)
	at org.openqa.selenium.remote.http.W3CHttpResponseCodec.decode(W3CHttpResponseCodec.java:49)
	at org.openqa.selenium.remote.HttpCommandExecutor.execute(HttpCommandExecutor.java:158)
	at io.appium.java_client.remote.AppiumCommandExecutor.execute(AppiumCommandExecutor.java:239)
	at org.openqa.selenium.remote.RemoteWebDriver.execute(RemoteWebDriver.java:552)
	at io.appium.java_client.DefaultGenericMobileDriver.execute(DefaultGenericMobileDriver.java:46)
	at io.appium.java_client.AppiumDriver.execute(AppiumDriver.java:1)
	at io.appium.java_client.android.AndroidDriver.execute(AndroidDriver.java:1)
	at com.kms.katalon.core.appium.driver.SwipeableAndroidDriver.execute(SwipeableAndroidDriver.java:1)
	at org.openqa.selenium.remote.RemoteWebDriver$RemoteWebDriverOptions$RemoteWindow.getSize(RemoteWebDriver.java:813)
	at org.openqa.selenium.WebDriver$Window$getSize.call(Unknown Source)
	at com.kms.katalon.core.mobile.keyword.internal.MobileAbstractKeyword.findElement(MobileAbstractKeyword.groovy:81)
	at com.kms.katalon.core.mobile.keyword.builtin.VerifyElementVisibleKeyword.access$1(VerifyElementVisibleKeyword.groovy)
	at com.kms.katalon.core.mobile.keyword.builtin.VerifyElementVisibleKeyword$_verifyElementVisible_closure1.doCall(VerifyElementVisibleKeyword.groovy:72)
	at com.kms.katalon.core.mobile.keyword.builtin.VerifyElementVisibleKeyword$_verifyElementVisible_closure1.call(VerifyElementVisibleKeyword.groovy)
	at com.kms.katalon.core.mobile.keyword.internal.MobileKeywordMain.runKeyword(MobileKeywordMain.groovy:21)
	at com.kms.katalon.core.mobile.keyword.builtin.VerifyElementVisibleKeyword.verifyElementVisible(VerifyElementVisibleKeyword.groovy:85)
	at com.kms.katalon.core.mobile.keyword.builtin.VerifyElementVisibleKeyword.execute(VerifyElementVisibleKeyword.groovy:64)
	at com.kms.katalon.core.keyword.internal.KeywordExecutor.executeKeywordForPlatform(KeywordExecutor.groovy:74)
	at com.kms.katalon.core.mobile.keyword.MobileBuiltInKeywords.verifyElementVisible(MobileBuiltInKeywords.groovy:2015)
	at com.kms.katalon.core.mobile.keyword.MobileBuiltInKeywords$verifyElementVisible$3.call(Unknown Source)
	at duitNow_businessRegNumberTransaction.run(duitNow_businessRegNumberTransaction:248)
	at com.kms.katalon.core.main.ScriptEngine.run(ScriptEngine.java:194)
	at com.kms.katalon.core.main.ScriptEngine.runScriptAsRawText(ScriptEngine.java:119)
	at com.kms.katalon.core.main.TestCaseExecutor.runScript(TestCaseExecutor.java:445)
	at com.kms.katalon.core.main.TestCaseExecutor.doExecute(TestCaseExecutor.java:436)
	at com.kms.katalon.core.main.TestCaseExecutor.processExecutionPhase(TestCaseExecutor.java:415)
	at com.kms.katalon.core.main.TestCaseExecutor.accessMainPhase(TestCaseExecutor.java:407)
	at com.kms.katalon.core.main.TestCaseExecutor.execute(TestCaseExecutor.java:284)
	at com.kms.katalon.core.common.CommonExecutor.accessTestCaseMainPhase(CommonExecutor.java:65)
	at com.kms.katalon.core.main.TestSuiteExecutor.accessTestSuiteMainPhase(TestSuiteExecutor.java:144)
	at com.kms.katalon.core.main.TestSuiteExecutor.execute(TestSuiteExecutor.java:106)
	at com.kms.katalon.core.main.TestCaseMain.startTestSuite(TestCaseMain.java:185)
	at com.kms.katalon.core.main.TestCaseMain$startTestSuite$0.call(Unknown Source)
	at TempTestSuite1655885093224.run(TempTestSuite1655885093224.groovy:36)
)

2022-06-22 16:48:17 - [MESSAGE][WARNING] - Failed to check for element 'Object Repository/Festive Season/festiveReturnAngpaoTACNoTxt' visible (Root cause: org.openqa.selenium.WebDriverException: An unknown server-side error occurred while processing the command. Original error: 'GET /window/current/size' cannot be proxied to UiAutomator2 server because the instrumentation process is not running (probably crashed). Check the server log and/or the logcat output for more details
Build info: version: '3.141.59', revision: 'e82be7d358', time: '2018-11-14T08:25:53'
System info: host: '00139272s-MacBook-Pro.local', ip: '2001:e68:6167:d901:5dd8:2a3:885f:7e34%en0', os.name: 'Mac OS X', os.arch: 'x86_64', os.version: '10.16', java.version: '1.8.0_275'
Driver info: com.kms.katalon.core.appium.driver.SwipeableAndroidDriver
Capabilities {app: /Users/a00139272/Katalon St..., appActivity: com.maybank2u.life.MainActi..., appPackage: com.maybank2u.life.sit, appWaitActivity: *, autoGrantPermissions: true, automationName: uiautomator2, chromedriverPort: 52878, databaseEnabled: false, desired: {app: /Users/a00139272/Katalon St..., appActivity: com.maybank2u.life.MainActi..., appPackage: com.maybank2u.life.sit, appWaitActivity: *, autoGrantPermissions: true, automationName: uiautomator2, chromedriverPort: 52878, deviceId: 002b9cc60508, deviceName: Xiaomi 21061119AG (Android 11), fullReset: false, newCommandTimeout: 1800, noReset: true, platform: ANDROID, platformName: android, platformVersion: 11, systemPort: 52876, udid: 002b9cc60508}, deviceApiLevel: 30, deviceId: 002b9cc60508, deviceManufacturer: Xiaomi, deviceModel: 21061119AG, deviceName: 002b9cc60508, deviceScreenDensity: 440, deviceScreenSize: 1080x2400, deviceUDID: 002b9cc60508, fullReset: false, javascriptEnabled: true, locationContextEnabled: false, networkConnectionEnabled: true, newCommandTimeout: 1800, noReset: true, pixelRatio: 2.75, platform: ANDROID, platformName: Android, platformVersion: 11, statBarHeight: 103, systemPort: 52876, takesScreenshot: true, udid: 002b9cc60508, viewportRect: {height: 2064, left: 0, top: 103, width: 1080}, warnings: {}, webStorageEnabled: false}
Session ID: 07e0a906-f567-4646-abfd-84c6cc800d18
	at org.openqa.selenium.remote.http.W3CHttpResponseCodec.createException(W3CHttpResponseCodec.java:187)
	at org.openqa.selenium.remote.http.W3CHttpResponseCodec.decode(W3CHttpResponseCodec.java:122)
	at org.openqa.selenium.remote.http.W3CHttpResponseCodec.decode(W3CHttpResponseCodec.java:49)
	at org.openqa.selenium.remote.HttpCommandExecutor.execute(HttpCommandExecutor.java:158)
	at io.appium.java_client.remote.AppiumCommandExecutor.execute(AppiumCommandExecutor.java:239)
	at org.openqa.selenium.remote.RemoteWebDriver.execute(RemoteWebDriver.java:552)
	at io.appium.java_client.DefaultGenericMobileDriver.execute(DefaultGenericMobileDriver.java:46)
	at io.appium.java_client.AppiumDriver.execute(AppiumDriver.java:1)
	at io.appium.java_client.android.AndroidDriver.execute(AndroidDriver.java:1)
	at com.kms.katalon.core.appium.driver.SwipeableAndroidDriver.execute(SwipeableAndroidDriver.java:1)
	at org.openqa.selenium.remote.RemoteWebDriver$RemoteWebDriverOptions$RemoteWindow.getSize(RemoteWebDriver.java:813)
	at org.openqa.selenium.WebDriver$Window$getSize.call(Unknown Source)
	at com.kms.katalon.core.mobile.keyword.internal.MobileAbstractKeyword.findElement(MobileAbstractKeyword.groovy:81)
	at com.kms.katalon.core.mobile.keyword.builtin.VerifyElementVisibleKeyword.access$1(VerifyElementVisibleKeyword.groovy)
	at com.kms.katalon.core.mobile.keyword.builtin.VerifyElementVisibleKeyword$_verifyElementVisible_closure1.doCall(VerifyElementVisibleKeyword.groovy:72)
	at com.kms.katalon.core.mobile.keyword.builtin.VerifyElementVisibleKeyword$_verifyElementVisible_closure1.call(VerifyElementVisibleKeyword.groovy)
	at com.kms.katalon.core.mobile.keyword.internal.MobileKeywordMain.runKeyword(MobileKeywordMain.groovy:21)
	at com.kms.katalon.core.mobile.keyword.builtin.VerifyElementVisibleKeyword.verifyElementVisible(VerifyElementVisibleKeyword.groovy:85)
	at com.kms.katalon.core.mobile.keyword.builtin.VerifyElementVisibleKeyword.execute(VerifyElementVisibleKeyword.groovy:64)
	at com.kms.katalon.core.keyword.internal.KeywordExecutor.executeKeywordForPlatform(KeywordExecutor.groovy:74)
	at com.kms.katalon.core.mobile.keyword.MobileBuiltInKeywords.verifyElementVisible(MobileBuiltInKeywords.groovy:2015)
	at com.kms.katalon.core.mobile.keyword.MobileBuiltInKeywords$verifyElementVisible$3.call(Unknown Source)
	at duitNow_businessRegNumberTransaction.run(duitNow_businessRegNumberTransaction:248)
	at com.kms.katalon.core.main.ScriptEngine.run(ScriptEngine.java:194)
	at com.kms.katalon.core.main.ScriptEngine.runScriptAsRawText(ScriptEngine.java:119)
	at com.kms.katalon.core.main.TestCaseExecutor.runScript(TestCaseExecutor.java:445)
	at com.kms.katalon.core.main.TestCaseExecutor.doExecute(TestCaseExecutor.java:436)
	at com.kms.katalon.core.main.TestCaseExecutor.processExecutionPhase(TestCaseExecutor.java:415)
	at com.kms.katalon.core.main.TestCaseExecutor.accessMainPhase(TestCaseExecutor.java:407)
	at com.kms.katalon.core.main.TestCaseExecutor.execute(TestCaseExecutor.java:284)
	at com.kms.katalon.core.common.CommonExecutor.accessTestCaseMainPhase(CommonExecutor.java:65)
	at com.kms.katalon.core.main.TestSuiteExecutor.accessTestSuiteMainPhase(TestSuiteExecutor.java:144)
	at com.kms.katalon.core.main.TestSuiteExecutor.execute(TestSuiteExecutor.java:106)
	at com.kms.katalon.core.main.TestCaseMain.startTestSuite(TestCaseMain.java:185)
	at com.kms.katalon.core.main.TestCaseMain$startTestSuite$0.call(Unknown Source)
	at TempTestSuite1655885093224.run(TempTestSuite1655885093224.groovy:36)
)

2022-06-22 16:48:17 - [TEST_STEP][FAILED] - else: null

2022-06-22 16:48:17 - [TEST_STEP][PASSED] - delay(5): Delayed 5 second(s)

2022-06-22 16:48:22 - [MESSAGE][PASSED] - Delayed 5 second(s)

2022-06-22 16:48:22 - [TEST_STEP][FAILED] - verifyElementVisible(findTestObject("Main/mainS2UApproveBtn"), 10): Failed to check for element 'Object Repository/Main/mainS2UApproveBtn' visible (Root cause: org.openqa.selenium.WebDriverException: An unknown server-side error occurred while processing the command. Original error: 'GET /window/current/size' cannot be proxied to UiAutomator2 server because the instrumentation process is not running (probably crashed). Check the server log and/or the logcat output for more details
Build info: version: '3.141.59', revision: 'e82be7d358', time: '2018-11-14T08:25:53'
System info: host: '00139272s-MacBook-Pro.local', ip: '2001:e68:6167:d901:5dd8:2a3:885f:7e34%en0', os.name: 'Mac OS X', os.arch: 'x86_64', os.version: '10.16', java.version: '1.8.0_275'
Driver info: com.kms.katalon.core.appium.driver.SwipeableAndroidDriver
Capabilities {app: /Users/a00139272/Katalon St..., appActivity: com.maybank2u.life.MainActi..., appPackage: com.maybank2u.life.sit, appWaitActivity: *, autoGrantPermissions: true, automationName: uiautomator2, chromedriverPort: 52878, databaseEnabled: false, desired: {app: /Users/a00139272/Katalon St..., appActivity: com.maybank2u.life.MainActi..., appPackage: com.maybank2u.life.sit, appWaitActivity: *, autoGrantPermissions: true, automationName: uiautomator2, chromedriverPort: 52878, deviceId: 002b9cc60508, deviceName: Xiaomi 21061119AG (Android 11), fullReset: false, newCommandTimeout: 1800, noReset: true, platform: ANDROID, platformName: android, platformVersion: 11, systemPort: 52876, udid: 002b9cc60508}, deviceApiLevel: 30, deviceId: 002b9cc60508, deviceManufacturer: Xiaomi, deviceModel: 21061119AG, deviceName: 002b9cc60508, deviceScreenDensity: 440, deviceScreenSize: 1080x2400, deviceUDID: 002b9cc60508, fullReset: false, javascriptEnabled: true, locationContextEnabled: false, networkConnectionEnabled: true, newCommandTimeout: 1800, noReset: true, pixelRatio: 2.75, platform: ANDROID, platformName: Android, platformVersion: 11, statBarHeight: 103, systemPort: 52876, takesScreenshot: true, udid: 002b9cc60508, viewportRect: {height: 2064, left: 0, top: 103, width: 1080}, warnings: {}, webStorageEnabled: false}
Session ID: 07e0a906-f567-4646-abfd-84c6cc800d18
	at org.openqa.selenium.remote.http.W3CHttpResponseCodec.createException(W3CHttpResponseCodec.java:187)
	at org.openqa.selenium.remote.http.W3CHttpResponseCodec.decode(W3CHttpResponseCodec.java:122)
	at org.openqa.selenium.remote.http.W3CHttpResponseCodec.decode(W3CHttpResponseCodec.java:49)
	at org.openqa.selenium.remote.HttpCommandExecutor.execute(HttpCommandExecutor.java:158)
	at io.appium.java_client.remote.AppiumCommandExecutor.execute(AppiumCommandExecutor.java:239)
	at org.openqa.selenium.remote.RemoteWebDriver.execute(RemoteWebDriver.java:552)
	at io.appium.java_client.DefaultGenericMobileDriver.execute(DefaultGenericMobileDriver.java:46)
	at io.appium.java_client.AppiumDriver.execute(AppiumDriver.java:1)
	at io.appium.java_client.android.AndroidDriver.execute(AndroidDriver.java:1)
	at com.kms.katalon.core.appium.driver.SwipeableAndroidDriver.execute(SwipeableAndroidDriver.java:1)
	at org.openqa.selenium.remote.RemoteWebDriver$RemoteWebDriverOptions$RemoteWindow.getSize(RemoteWebDriver.java:813)
	at org.openqa.selenium.WebDriver$Window$getSize.call(Unknown Source)
	at com.kms.katalon.core.mobile.keyword.internal.MobileAbstractKeyword.findElement(MobileAbstractKeyword.groovy:81)
	at com.kms.katalon.core.mobile.keyword.builtin.VerifyElementVisibleKeyword.access$1(VerifyElementVisibleKeyword.groovy)
	at com.kms.katalon.core.mobile.keyword.builtin.VerifyElementVisibleKeyword$_verifyElementVisible_closure1.doCall(VerifyElementVisibleKeyword.groovy:72)
	at com.kms.katalon.core.mobile.keyword.builtin.VerifyElementVisibleKeyword$_verifyElementVisible_closure1.call(VerifyElementVisibleKeyword.groovy)
	at com.kms.katalon.core.mobile.keyword.internal.MobileKeywordMain.runKeyword(MobileKeywordMain.groovy:21)
	at com.kms.katalon.core.mobile.keyword.builtin.VerifyElementVisibleKeyword.verifyElementVisible(VerifyElementVisibleKeyword.groovy:85)
	at com.kms.katalon.core.mobile.keyword.builtin.VerifyElementVisibleKeyword.execute(VerifyElementVisibleKeyword.groovy:64)
	at com.kms.katalon.core.keyword.internal.KeywordExecutor.executeKeywordForPlatform(KeywordExecutor.groovy:74)
	at com.kms.katalon.core.mobile.keyword.MobileBuiltInKeywords.verifyElementVisible(MobileBuiltInKeywords.groovy:2031)
	at com.kms.katalon.core.mobile.keyword.MobileBuiltInKeywords$verifyElementVisible$5.call(Unknown Source)
	at duitNow_businessRegNumberTransaction.run(duitNow_businessRegNumberTransaction:303)
	at com.kms.katalon.core.main.ScriptEngine.run(ScriptEngine.java:194)
	at com.kms.katalon.core.main.ScriptEngine.runScriptAsRawText(ScriptEngine.java:119)
	at com.kms.katalon.core.main.TestCaseExecutor.runScript(TestCaseExecutor.java:445)
	at com.kms.katalon.core.main.TestCaseExecutor.doExecute(TestCaseExecutor.java:436)
	at com.kms.katalon.core.main.TestCaseExecutor.processExecutionPhase(TestCaseExecutor.java:415)
	at com.kms.katalon.core.main.TestCaseExecutor.accessMainPhase(TestCaseExecutor.java:407)
	at com.kms.katalon.core.main.TestCaseExecutor.execute(TestCaseExecutor.java:284)
	at com.kms.katalon.core.common.CommonExecutor.accessTestCaseMainPhase(CommonExecutor.java:65)
	at com.kms.katalon.core.main.TestSuiteExecutor.accessTestSuiteMainPhase(TestSuiteExecutor.java:144)
	at com.kms.katalon.core.main.TestSuiteExecutor.execute(TestSuiteExecutor.java:106)
	at com.kms.katalon.core.main.TestCaseMain.startTestSuite(TestCaseMain.java:185)
	at com.kms.katalon.core.main.TestCaseMain$startTestSuite$0.call(Unknown Source)
	at TempTestSuite1655885093224.run(TempTestSuite1655885093224.groovy:36)
)

2022-06-22 16:48:22 - [MESSAGE][FAILED] - Failed to check for element 'Object Repository/Main/mainS2UApproveBtn' visible (Root cause: org.openqa.selenium.WebDriverException: An unknown server-side error occurred while processing the command. Original error: 'GET /window/current/size' cannot be proxied to UiAutomator2 server because the instrumentation process is not running (probably crashed). Check the server log and/or the logcat output for more details
Build info: version: '3.141.59', revision: 'e82be7d358', time: '2018-11-14T08:25:53'
System info: host: '00139272s-MacBook-Pro.local', ip: '2001:e68:6167:d901:5dd8:2a3:885f:7e34%en0', os.name: 'Mac OS X', os.arch: 'x86_64', os.version: '10.16', java.version: '1.8.0_275'
Driver info: com.kms.katalon.core.appium.driver.SwipeableAndroidDriver
Capabilities {app: /Users/a00139272/Katalon St..., appActivity: com.maybank2u.life.MainActi..., appPackage: com.maybank2u.life.sit, appWaitActivity: *, autoGrantPermissions: true, automationName: uiautomator2, chromedriverPort: 52878, databaseEnabled: false, desired: {app: /Users/a00139272/Katalon St..., appActivity: com.maybank2u.life.MainActi..., appPackage: com.maybank2u.life.sit, appWaitActivity: *, autoGrantPermissions: true, automationName: uiautomator2, chromedriverPort: 52878, deviceId: 002b9cc60508, deviceName: Xiaomi 21061119AG (Android 11), fullReset: false, newCommandTimeout: 1800, noReset: true, platform: ANDROID, platformName: android, platformVersion: 11, systemPort: 52876, udid: 002b9cc60508}, deviceApiLevel: 30, deviceId: 002b9cc60508, deviceManufacturer: Xiaomi, deviceModel: 21061119AG, deviceName: 002b9cc60508, deviceScreenDensity: 440, deviceScreenSize: 1080x2400, deviceUDID: 002b9cc60508, fullReset: false, javascriptEnabled: true, locationContextEnabled: false, networkConnectionEnabled: true, newCommandTimeout: 1800, noReset: true, pixelRatio: 2.75, platform: ANDROID, platformName: Android, platformVersion: 11, statBarHeight: 103, systemPort: 52876, takesScreenshot: true, udid: 002b9cc60508, viewportRect: {height: 2064, left: 0, top: 103, width: 1080}, warnings: {}, webStorageEnabled: false}
Session ID: 07e0a906-f567-4646-abfd-84c6cc800d18
	at org.openqa.selenium.remote.http.W3CHttpResponseCodec.createException(W3CHttpResponseCodec.java:187)
	at org.openqa.selenium.remote.http.W3CHttpResponseCodec.decode(W3CHttpResponseCodec.java:122)
	at org.openqa.selenium.remote.http.W3CHttpResponseCodec.decode(W3CHttpResponseCodec.java:49)
	at org.openqa.selenium.remote.HttpCommandExecutor.execute(HttpCommandExecutor.java:158)
	at io.appium.java_client.remote.AppiumCommandExecutor.execute(AppiumCommandExecutor.java:239)
	at org.openqa.selenium.remote.RemoteWebDriver.execute(RemoteWebDriver.java:552)
	at io.appium.java_client.DefaultGenericMobileDriver.execute(DefaultGenericMobileDriver.java:46)
	at io.appium.java_client.AppiumDriver.execute(AppiumDriver.java:1)
	at io.appium.java_client.android.AndroidDriver.execute(AndroidDriver.java:1)
	at com.kms.katalon.core.appium.driver.SwipeableAndroidDriver.execute(SwipeableAndroidDriver.java:1)
	at org.openqa.selenium.remote.RemoteWebDriver$RemoteWebDriverOptions$RemoteWindow.getSize(RemoteWebDriver.java:813)
	at org.openqa.selenium.WebDriver$Window$getSize.call(Unknown Source)
	at com.kms.katalon.core.mobile.keyword.internal.MobileAbstractKeyword.findElement(MobileAbstractKeyword.groovy:81)
	at com.kms.katalon.core.mobile.keyword.builtin.VerifyElementVisibleKeyword.access$1(VerifyElementVisibleKeyword.groovy)
	at com.kms.katalon.core.mobile.keyword.builtin.VerifyElementVisibleKeyword$_verifyElementVisible_closure1.doCall(VerifyElementVisibleKeyword.groovy:72)
	at com.kms.katalon.core.mobile.keyword.builtin.VerifyElementVisibleKeyword$_verifyElementVisible_closure1.call(VerifyElementVisibleKeyword.groovy)
	at com.kms.katalon.core.mobile.keyword.internal.MobileKeywordMain.runKeyword(MobileKeywordMain.groovy:21)
	at com.kms.katalon.core.mobile.keyword.builtin.VerifyElementVisibleKeyword.verifyElementVisible(VerifyElementVisibleKeyword.groovy:85)
	at com.kms.katalon.core.mobile.keyword.builtin.VerifyElementVisibleKeyword.execute(VerifyElementVisibleKeyword.groovy:64)
	at com.kms.katalon.core.keyword.internal.KeywordExecutor.executeKeywordForPlatform(KeywordExecutor.groovy:74)
	at com.kms.katalon.core.mobile.keyword.MobileBuiltInKeywords.verifyElementVisible(MobileBuiltInKeywords.groovy:2031)
	at com.kms.katalon.core.mobile.keyword.MobileBuiltInKeywords$verifyElementVisible$5.call(Unknown Source)
	at duitNow_businessRegNumberTransaction.run(duitNow_businessRegNumberTransaction:303)
	at com.kms.katalon.core.main.ScriptEngine.run(ScriptEngine.java:194)
	at com.kms.katalon.core.main.ScriptEngine.runScriptAsRawText(ScriptEngine.java:119)
	at com.kms.katalon.core.main.TestCaseExecutor.runScript(TestCaseExecutor.java:445)
	at com.kms.katalon.core.main.TestCaseExecutor.doExecute(TestCaseExecutor.java:436)
	at com.kms.katalon.core.main.TestCaseExecutor.processExecutionPhase(TestCaseExecutor.java:415)
	at com.kms.katalon.core.main.TestCaseExecutor.accessMainPhase(TestCaseExecutor.java:407)
	at com.kms.katalon.core.main.TestCaseExecutor.execute(TestCaseExecutor.java:284)
	at com.kms.katalon.core.common.CommonExecutor.accessTestCaseMainPhase(CommonExecutor.java:65)
	at com.kms.katalon.core.main.TestSuiteExecutor.accessTestSuiteMainPhase(TestSuiteExecutor.java:144)
	at com.kms.katalon.core.main.TestSuiteExecutor.execute(TestSuiteExecutor.java:106)
	at com.kms.katalon.core.main.TestCaseMain.startTestSuite(TestCaseMain.java:185)
	at com.kms.katalon.core.main.TestCaseMain$startTestSuite$0.call(Unknown Source)
	at TempTestSuite1655885093224.run(TempTestSuite1655885093224.groovy:36)
)

2022-06-22 16:48:22 - [TEST_STEP][FAILED] - tap(findTestObject("Main/mainS2UApproveBtn"), 0): Failed to tap on element 'Object Repository/Main/mainS2UApproveBtn' (Root cause: org.openqa.selenium.WebDriverException: An unknown server-side error occurred while processing the command. Original error: 'GET /window/current/size' cannot be proxied to UiAutomator2 server because the instrumentation process is not running (probably crashed). Check the server log and/or the logcat output for more details
Build info: version: '3.141.59', revision: 'e82be7d358', time: '2018-11-14T08:25:53'
System info: host: '00139272s-MacBook-Pro.local', ip: '2001:e68:6167:d901:5dd8:2a3:885f:7e34%en0', os.name: 'Mac OS X', os.arch: 'x86_64', os.version: '10.16', java.version: '1.8.0_275'
Driver info: com.kms.katalon.core.appium.driver.SwipeableAndroidDriver
Capabilities {app: /Users/a00139272/Katalon St..., appActivity: com.maybank2u.life.MainActi..., appPackage: com.maybank2u.life.sit, appWaitActivity: *, autoGrantPermissions: true, automationName: uiautomator2, chromedriverPort: 52878, databaseEnabled: false, desired: {app: /Users/a00139272/Katalon St..., appActivity: com.maybank2u.life.MainActi..., appPackage: com.maybank2u.life.sit, appWaitActivity: *, autoGrantPermissions: true, automationName: uiautomator2, chromedriverPort: 52878, deviceId: 002b9cc60508, deviceName: Xiaomi 21061119AG (Android 11), fullReset: false, newCommandTimeout: 1800, noReset: true, platform: ANDROID, platformName: android, platformVersion: 11, systemPort: 52876, udid: 002b9cc60508}, deviceApiLevel: 30, deviceId: 002b9cc60508, deviceManufacturer: Xiaomi, deviceModel: 21061119AG, deviceName: 002b9cc60508, deviceScreenDensity: 440, deviceScreenSize: 1080x2400, deviceUDID: 002b9cc60508, fullReset: false, javascriptEnabled: true, locationContextEnabled: false, networkConnectionEnabled: true, newCommandTimeout: 1800, noReset: true, pixelRatio: 2.75, platform: ANDROID, platformName: Android, platformVersion: 11, statBarHeight: 103, systemPort: 52876, takesScreenshot: true, udid: 002b9cc60508, viewportRect: {height: 2064, left: 0, top: 103, width: 1080}, warnings: {}, webStorageEnabled: false}
Session ID: 07e0a906-f567-4646-abfd-84c6cc800d18
	at org.openqa.selenium.remote.http.W3CHttpResponseCodec.createException(W3CHttpResponseCodec.java:187)
	at org.openqa.selenium.remote.http.W3CHttpResponseCodec.decode(W3CHttpResponseCodec.java:122)
	at org.openqa.selenium.remote.http.W3CHttpResponseCodec.decode(W3CHttpResponseCodec.java:49)
	at org.openqa.selenium.remote.HttpCommandExecutor.execute(HttpCommandExecutor.java:158)
	at io.appium.java_client.remote.AppiumCommandExecutor.execute(AppiumCommandExecutor.java:239)
	at org.openqa.selenium.remote.RemoteWebDriver.execute(RemoteWebDriver.java:552)
	at io.appium.java_client.DefaultGenericMobileDriver.execute(DefaultGenericMobileDriver.java:46)
	at io.appium.java_client.AppiumDriver.execute(AppiumDriver.java:1)
	at io.appium.java_client.android.AndroidDriver.execute(AndroidDriver.java:1)
	at com.kms.katalon.core.appium.driver.SwipeableAndroidDriver.execute(SwipeableAndroidDriver.java:1)
	at org.openqa.selenium.remote.RemoteWebDriver$RemoteWebDriverOptions$RemoteWindow.getSize(RemoteWebDriver.java:813)
	at org.openqa.selenium.WebDriver$Window$getSize.call(Unknown Source)
	at com.kms.katalon.core.mobile.keyword.internal.MobileAbstractKeyword.findElement(MobileAbstractKeyword.groovy:81)
	at com.kms.katalon.core.mobile.keyword.builtin.TapKeyword.access$1(TapKeyword.groovy)
	at com.kms.katalon.core.mobile.keyword.builtin.TapKeyword$_tap_closure1.doCall(TapKeyword.groovy:76)
	at com.kms.katalon.core.mobile.keyword.builtin.TapKeyword$_tap_closure1.call(TapKeyword.groovy)
	at com.kms.katalon.core.mobile.keyword.internal.MobileKeywordMain.runKeyword(MobileKeywordMain.groovy:21)
	at com.kms.katalon.core.mobile.keyword.builtin.TapKeyword.tap(TapKeyword.groovy:84)
	at com.kms.katalon.core.mobile.keyword.builtin.TapKeyword.execute(TapKeyword.groovy:68)
	at com.kms.katalon.core.keyword.internal.KeywordExecutor.executeKeywordForPlatform(KeywordExecutor.groovy:74)
	at com.kms.katalon.core.mobile.keyword.MobileBuiltInKeywords.tap(MobileBuiltInKeywords.groovy:1490)
	at com.kms.katalon.core.mobile.keyword.MobileBuiltInKeywords$tap$4.call(Unknown Source)
	at duitNow_businessRegNumberTransaction.run(duitNow_businessRegNumberTransaction:305)
	at com.kms.katalon.core.main.ScriptEngine.run(ScriptEngine.java:194)
	at com.kms.katalon.core.main.ScriptEngine.runScriptAsRawText(ScriptEngine.java:119)
	at com.kms.katalon.core.main.TestCaseExecutor.runScript(TestCaseExecutor.java:445)
	at com.kms.katalon.core.main.TestCaseExecutor.doExecute(TestCaseExecutor.java:436)
	at com.kms.katalon.core.main.TestCaseExecutor.processExecutionPhase(TestCaseExecutor.java:415)
	at com.kms.katalon.core.main.TestCaseExecutor.accessMainPhase(TestCaseExecutor.java:407)
	at com.kms.katalon.core.main.TestCaseExecutor.execute(TestCaseExecutor.java:284)
	at com.kms.katalon.core.common.CommonExecutor.accessTestCaseMainPhase(CommonExecutor.java:65)
	at com.kms.katalon.core.main.TestSuiteExecutor.accessTestSuiteMainPhase(TestSuiteExecutor.java:144)
	at com.kms.katalon.core.main.TestSuiteExecutor.execute(TestSuiteExecutor.java:106)
	at com.kms.katalon.core.main.TestCaseMain.startTestSuite(TestCaseMain.java:185)
	at com.kms.katalon.core.main.TestCaseMain$startTestSuite$0.call(Unknown Source)
	at TempTestSuite1655885093224.run(TempTestSuite1655885093224.groovy:36)
)

2022-06-22 16:48:22 - [MESSAGE][WARNING] - Timeout '0' is invalid. Using default page load timeout: '40'

2022-06-22 16:48:22 - [MESSAGE][FAILED] - Failed to tap on element 'Object Repository/Main/mainS2UApproveBtn' (Root cause: org.openqa.selenium.WebDriverException: An unknown server-side error occurred while processing the command. Original error: 'GET /window/current/size' cannot be proxied to UiAutomator2 server because the instrumentation process is not running (probably crashed). Check the server log and/or the logcat output for more details
Build info: version: '3.141.59', revision: 'e82be7d358', time: '2018-11-14T08:25:53'
System info: host: '00139272s-MacBook-Pro.local', ip: '2001:e68:6167:d901:5dd8:2a3:885f:7e34%en0', os.name: 'Mac OS X', os.arch: 'x86_64', os.version: '10.16', java.version: '1.8.0_275'
Driver info: com.kms.katalon.core.appium.driver.SwipeableAndroidDriver
Capabilities {app: /Users/a00139272/Katalon St..., appActivity: com.maybank2u.life.MainActi..., appPackage: com.maybank2u.life.sit, appWaitActivity: *, autoGrantPermissions: true, automationName: uiautomator2, chromedriverPort: 52878, databaseEnabled: false, desired: {app: /Users/a00139272/Katalon St..., appActivity: com.maybank2u.life.MainActi..., appPackage: com.maybank2u.life.sit, appWaitActivity: *, autoGrantPermissions: true, automationName: uiautomator2, chromedriverPort: 52878, deviceId: 002b9cc60508, deviceName: Xiaomi 21061119AG (Android 11), fullReset: false, newCommandTimeout: 1800, noReset: true, platform: ANDROID, platformName: android, platformVersion: 11, systemPort: 52876, udid: 002b9cc60508}, deviceApiLevel: 30, deviceId: 002b9cc60508, deviceManufacturer: Xiaomi, deviceModel: 21061119AG, deviceName: 002b9cc60508, deviceScreenDensity: 440, deviceScreenSize: 1080x2400, deviceUDID: 002b9cc60508, fullReset: false, javascriptEnabled: true, locationContextEnabled: false, networkConnectionEnabled: true, newCommandTimeout: 1800, noReset: true, pixelRatio: 2.75, platform: ANDROID, platformName: Android, platformVersion: 11, statBarHeight: 103, systemPort: 52876, takesScreenshot: true, udid: 002b9cc60508, viewportRect: {height: 2064, left: 0, top: 103, width: 1080}, warnings: {}, webStorageEnabled: false}
Session ID: 07e0a906-f567-4646-abfd-84c6cc800d18
	at org.openqa.selenium.remote.http.W3CHttpResponseCodec.createException(W3CHttpResponseCodec.java:187)
	at org.openqa.selenium.remote.http.W3CHttpResponseCodec.decode(W3CHttpResponseCodec.java:122)
	at org.openqa.selenium.remote.http.W3CHttpResponseCodec.decode(W3CHttpResponseCodec.java:49)
	at org.openqa.selenium.remote.HttpCommandExecutor.execute(HttpCommandExecutor.java:158)
	at io.appium.java_client.remote.AppiumCommandExecutor.execute(AppiumCommandExecutor.java:239)
	at org.openqa.selenium.remote.RemoteWebDriver.execute(RemoteWebDriver.java:552)
	at io.appium.java_client.DefaultGenericMobileDriver.execute(DefaultGenericMobileDriver.java:46)
	at io.appium.java_client.AppiumDriver.execute(AppiumDriver.java:1)
	at io.appium.java_client.android.AndroidDriver.execute(AndroidDriver.java:1)
	at com.kms.katalon.core.appium.driver.SwipeableAndroidDriver.execute(SwipeableAndroidDriver.java:1)
	at org.openqa.selenium.remote.RemoteWebDriver$RemoteWebDriverOptions$RemoteWindow.getSize(RemoteWebDriver.java:813)
	at org.openqa.selenium.WebDriver$Window$getSize.call(Unknown Source)
	at com.kms.katalon.core.mobile.keyword.internal.MobileAbstractKeyword.findElement(MobileAbstractKeyword.groovy:81)
	at com.kms.katalon.core.mobile.keyword.builtin.TapKeyword.access$1(TapKeyword.groovy)
	at com.kms.katalon.core.mobile.keyword.builtin.TapKeyword$_tap_closure1.doCall(TapKeyword.groovy:76)
	at com.kms.katalon.core.mobile.keyword.builtin.TapKeyword$_tap_closure1.call(TapKeyword.groovy)
	at com.kms.katalon.core.mobile.keyword.internal.MobileKeywordMain.runKeyword(MobileKeywordMain.groovy:21)
	at com.kms.katalon.core.mobile.keyword.builtin.TapKeyword.tap(TapKeyword.groovy:84)
	at com.kms.katalon.core.mobile.keyword.builtin.TapKeyword.execute(TapKeyword.groovy:68)
	at com.kms.katalon.core.keyword.internal.KeywordExecutor.executeKeywordForPlatform(KeywordExecutor.groovy:74)
	at com.kms.katalon.core.mobile.keyword.MobileBuiltInKeywords.tap(MobileBuiltInKeywords.groovy:1490)
	at com.kms.katalon.core.mobile.keyword.MobileBuiltInKeywords$tap$4.call(Unknown Source)
	at duitNow_businessRegNumberTransaction.run(duitNow_businessRegNumberTransaction:305)
	at com.kms.katalon.core.main.ScriptEngine.run(ScriptEngine.java:194)
	at com.kms.katalon.core.main.ScriptEngine.runScriptAsRawText(ScriptEngine.java:119)
	at com.kms.katalon.core.main.TestCaseExecutor.runScript(TestCaseExecutor.java:445)
	at com.kms.katalon.core.main.TestCaseExecutor.doExecute(TestCaseExecutor.java:436)
	at com.kms.katalon.core.main.TestCaseExecutor.processExecutionPhase(TestCaseExecutor.java:415)
	at com.kms.katalon.core.main.TestCaseExecutor.accessMainPhase(TestCaseExecutor.java:407)
	at com.kms.katalon.core.main.TestCaseExecutor.execute(TestCaseExecutor.java:284)
	at com.kms.katalon.core.common.CommonExecutor.accessTestCaseMainPhase(CommonExecutor.java:65)
	at com.kms.katalon.core.main.TestSuiteExecutor.accessTestSuiteMainPhase(TestSuiteExecutor.java:144)
	at com.kms.katalon.core.main.TestSuiteExecutor.execute(TestSuiteExecutor.java:106)
	at com.kms.katalon.core.main.TestCaseMain.startTestSuite(TestCaseMain.java:185)
	at com.kms.katalon.core.main.TestCaseMain$startTestSuite$0.call(Unknown Source)
	at TempTestSuite1655885093224.run(TempTestSuite1655885093224.groovy:36)
)

2022-06-22 16:48:22 - [TEST_STEP][PASSED] - delay(10): Delayed 10 second(s)

2022-06-22 16:48:32 - [MESSAGE][PASSED] - Delayed 10 second(s)

2022-06-22 16:48:32 - [TEST_STEP][FAILED] - verifyElementExist(findTestObject("Festive Season/returnAngpaoStatusMessageTxt"), 0): Failed to check for element 'Object Repository/Festive Season/returnAngpaoStatusMessageTxt' exist (Root cause: org.openqa.selenium.WebDriverException: An unknown server-side error occurred while processing the command. Original error: 'GET /window/current/size' cannot be proxied to UiAutomator2 server because the instrumentation process is not running (probably crashed). Check the server log and/or the logcat output for more details
Build info: version: '3.141.59', revision: 'e82be7d358', time: '2018-11-14T08:25:53'
System info: host: '00139272s-MacBook-Pro.local', ip: '2001:e68:6167:d901:5dd8:2a3:885f:7e34%en0', os.name: 'Mac OS X', os.arch: 'x86_64', os.version: '10.16', java.version: '1.8.0_275'
Driver info: com.kms.katalon.core.appium.driver.SwipeableAndroidDriver
Capabilities {app: /Users/a00139272/Katalon St..., appActivity: com.maybank2u.life.MainActi..., appPackage: com.maybank2u.life.sit, appWaitActivity: *, autoGrantPermissions: true, automationName: uiautomator2, chromedriverPort: 52878, databaseEnabled: false, desired: {app: /Users/a00139272/Katalon St..., appActivity: com.maybank2u.life.MainActi..., appPackage: com.maybank2u.life.sit, appWaitActivity: *, autoGrantPermissions: true, automationName: uiautomator2, chromedriverPort: 52878, deviceId: 002b9cc60508, deviceName: Xiaomi 21061119AG (Android 11), fullReset: false, newCommandTimeout: 1800, noReset: true, platform: ANDROID, platformName: android, platformVersion: 11, systemPort: 52876, udid: 002b9cc60508}, deviceApiLevel: 30, deviceId: 002b9cc60508, deviceManufacturer: Xiaomi, deviceModel: 21061119AG, deviceName: 002b9cc60508, deviceScreenDensity: 440, deviceScreenSize: 1080x2400, deviceUDID: 002b9cc60508, fullReset: false, javascriptEnabled: true, locationContextEnabled: false, networkConnectionEnabled: true, newCommandTimeout: 1800, noReset: true, pixelRatio: 2.75, platform: ANDROID, platformName: Android, platformVersion: 11, statBarHeight: 103, systemPort: 52876, takesScreenshot: true, udid: 002b9cc60508, viewportRect: {height: 2064, left: 0, top: 103, width: 1080}, warnings: {}, webStorageEnabled: false}
Session ID: 07e0a906-f567-4646-abfd-84c6cc800d18
	at org.openqa.selenium.remote.http.W3CHttpResponseCodec.createException(W3CHttpResponseCodec.java:187)
	at org.openqa.selenium.remote.http.W3CHttpResponseCodec.decode(W3CHttpResponseCodec.java:122)
	at org.openqa.selenium.remote.http.W3CHttpResponseCodec.decode(W3CHttpResponseCodec.java:49)
	at org.openqa.selenium.remote.HttpCommandExecutor.execute(HttpCommandExecutor.java:158)
	at io.appium.java_client.remote.AppiumCommandExecutor.execute(AppiumCommandExecutor.java:239)
	at org.openqa.selenium.remote.RemoteWebDriver.execute(RemoteWebDriver.java:552)
	at io.appium.java_client.DefaultGenericMobileDriver.execute(DefaultGenericMobileDriver.java:46)
	at io.appium.java_client.AppiumDriver.execute(AppiumDriver.java:1)
	at io.appium.java_client.android.AndroidDriver.execute(AndroidDriver.java:1)
	at com.kms.katalon.core.appium.driver.SwipeableAndroidDriver.execute(SwipeableAndroidDriver.java:1)
	at org.openqa.selenium.remote.RemoteWebDriver$RemoteWebDriverOptions$RemoteWindow.getSize(RemoteWebDriver.java:813)
	at org.openqa.selenium.WebDriver$Window$getSize.call(Unknown Source)
	at com.kms.katalon.core.mobile.keyword.internal.MobileAbstractKeyword.findElement(MobileAbstractKeyword.groovy:81)
	at com.kms.katalon.core.mobile.keyword.builtin.VerifyElementExistKeyword.access$1(VerifyElementExistKeyword.groovy)
	at com.kms.katalon.core.mobile.keyword.builtin.VerifyElementExistKeyword$_verifyElementExist_closure1.doCall(VerifyElementExistKeyword.groovy:72)
	at com.kms.katalon.core.mobile.keyword.builtin.VerifyElementExistKeyword$_verifyElementExist_closure1.call(VerifyElementExistKeyword.groovy)
	at com.kms.katalon.core.mobile.keyword.internal.MobileKeywordMain.runKeyword(MobileKeywordMain.groovy:21)
	at com.kms.katalon.core.mobile.keyword.builtin.VerifyElementExistKeyword.verifyElementExist(VerifyElementExistKeyword.groovy:80)
	at com.kms.katalon.core.mobile.keyword.builtin.VerifyElementExistKeyword.execute(VerifyElementExistKeyword.groovy:64)
	at com.kms.katalon.core.keyword.internal.KeywordExecutor.executeKeywordForPlatform(KeywordExecutor.groovy:74)
	at com.kms.katalon.core.mobile.keyword.MobileBuiltInKeywords.verifyElementExist(MobileBuiltInKeywords.groovy:1755)
	at com.kms.katalon.core.mobile.keyword.MobileBuiltInKeywords$verifyElementExist$8.call(Unknown Source)
	at duitNow_businessRegNumberTransaction.run(duitNow_businessRegNumberTransaction:310)
	at com.kms.katalon.core.main.ScriptEngine.run(ScriptEngine.java:194)
	at com.kms.katalon.core.main.ScriptEngine.runScriptAsRawText(ScriptEngine.java:119)
	at com.kms.katalon.core.main.TestCaseExecutor.runScript(TestCaseExecutor.java:445)
	at com.kms.katalon.core.main.TestCaseExecutor.doExecute(TestCaseExecutor.java:436)
	at com.kms.katalon.core.main.TestCaseExecutor.processExecutionPhase(TestCaseExecutor.java:415)
	at com.kms.katalon.core.main.TestCaseExecutor.accessMainPhase(TestCaseExecutor.java:407)
	at com.kms.katalon.core.main.TestCaseExecutor.execute(TestCaseExecutor.java:284)
	at com.kms.katalon.core.common.CommonExecutor.accessTestCaseMainPhase(CommonExecutor.java:65)
	at com.kms.katalon.core.main.TestSuiteExecutor.accessTestSuiteMainPhase(TestSuiteExecutor.java:144)
	at com.kms.katalon.core.main.TestSuiteExecutor.execute(TestSuiteExecutor.java:106)
	at com.kms.katalon.core.main.TestCaseMain.startTestSuite(TestCaseMain.java:185)
	at com.kms.katalon.core.main.TestCaseMain$startTestSuite$0.call(Unknown Source)
	at TempTestSuite1655885093224.run(TempTestSuite1655885093224.groovy:36)
)

2022-06-22 16:48:32 - [MESSAGE][WARNING] - Timeout '0' is invalid. Using default page load timeout: '40'

2022-06-22 16:48:32 - [MESSAGE][FAILED] - Failed to check for element 'Object Repository/Festive Season/returnAngpaoStatusMessageTxt' exist (Root cause: org.openqa.selenium.WebDriverException: An unknown server-side error occurred while processing the command. Original error: 'GET /window/current/size' cannot be proxied to UiAutomator2 server because the instrumentation process is not running (probably crashed). Check the server log and/or the logcat output for more details
Build info: version: '3.141.59', revision: 'e82be7d358', time: '2018-11-14T08:25:53'
System info: host: '00139272s-MacBook-Pro.local', ip: '2001:e68:6167:d901:5dd8:2a3:885f:7e34%en0', os.name: 'Mac OS X', os.arch: 'x86_64', os.version: '10.16', java.version: '1.8.0_275'
Driver info: com.kms.katalon.core.appium.driver.SwipeableAndroidDriver
Capabilities {app: /Users/a00139272/Katalon St..., appActivity: com.maybank2u.life.MainActi..., appPackage: com.maybank2u.life.sit, appWaitActivity: *, autoGrantPermissions: true, automationName: uiautomator2, chromedriverPort: 52878, databaseEnabled: false, desired: {app: /Users/a00139272/Katalon St..., appActivity: com.maybank2u.life.MainActi..., appPackage: com.maybank2u.life.sit, appWaitActivity: *, autoGrantPermissions: true, automationName: uiautomator2, chromedriverPort: 52878, deviceId: 002b9cc60508, deviceName: Xiaomi 21061119AG (Android 11), fullReset: false, newCommandTimeout: 1800, noReset: true, platform: ANDROID, platformName: android, platformVersion: 11, systemPort: 52876, udid: 002b9cc60508}, deviceApiLevel: 30, deviceId: 002b9cc60508, deviceManufacturer: Xiaomi, deviceModel: 21061119AG, deviceName: 002b9cc60508, deviceScreenDensity: 440, deviceScreenSize: 1080x2400, deviceUDID: 002b9cc60508, fullReset: false, javascriptEnabled: true, locationContextEnabled: false, networkConnectionEnabled: true, newCommandTimeout: 1800, noReset: true, pixelRatio: 2.75, platform: ANDROID, platformName: Android, platformVersion: 11, statBarHeight: 103, systemPort: 52876, takesScreenshot: true, udid: 002b9cc60508, viewportRect: {height: 2064, left: 0, top: 103, width: 1080}, warnings: {}, webStorageEnabled: false}
Session ID: 07e0a906-f567-4646-abfd-84c6cc800d18
	at org.openqa.selenium.remote.http.W3CHttpResponseCodec.createException(W3CHttpResponseCodec.java:187)
	at org.openqa.selenium.remote.http.W3CHttpResponseCodec.decode(W3CHttpResponseCodec.java:122)
	at org.openqa.selenium.remote.http.W3CHttpResponseCodec.decode(W3CHttpResponseCodec.java:49)
	at org.openqa.selenium.remote.HttpCommandExecutor.execute(HttpCommandExecutor.java:158)
	at io.appium.java_client.remote.AppiumCommandExecutor.execute(AppiumCommandExecutor.java:239)
	at org.openqa.selenium.remote.RemoteWebDriver.execute(RemoteWebDriver.java:552)
	at io.appium.java_client.DefaultGenericMobileDriver.execute(DefaultGenericMobileDriver.java:46)
	at io.appium.java_client.AppiumDriver.execute(AppiumDriver.java:1)
	at io.appium.java_client.android.AndroidDriver.execute(AndroidDriver.java:1)
	at com.kms.katalon.core.appium.driver.SwipeableAndroidDriver.execute(SwipeableAndroidDriver.java:1)
	at org.openqa.selenium.remote.RemoteWebDriver$RemoteWebDriverOptions$RemoteWindow.getSize(RemoteWebDriver.java:813)
	at org.openqa.selenium.WebDriver$Window$getSize.call(Unknown Source)
	at com.kms.katalon.core.mobile.keyword.internal.MobileAbstractKeyword.findElement(MobileAbstractKeyword.groovy:81)
	at com.kms.katalon.core.mobile.keyword.builtin.VerifyElementExistKeyword.access$1(VerifyElementExistKeyword.groovy)
	at com.kms.katalon.core.mobile.keyword.builtin.VerifyElementExistKeyword$_verifyElementExist_closure1.doCall(VerifyElementExistKeyword.groovy:72)
	at com.kms.katalon.core.mobile.keyword.builtin.VerifyElementExistKeyword$_verifyElementExist_closure1.call(VerifyElementExistKeyword.groovy)
	at com.kms.katalon.core.mobile.keyword.internal.MobileKeywordMain.runKeyword(MobileKeywordMain.groovy:21)
	at com.kms.katalon.core.mobile.keyword.builtin.VerifyElementExistKeyword.verifyElementExist(VerifyElementExistKeyword.groovy:80)
	at com.kms.katalon.core.mobile.keyword.builtin.VerifyElementExistKeyword.execute(VerifyElementExistKeyword.groovy:64)
	at com.kms.katalon.core.keyword.internal.KeywordExecutor.executeKeywordForPlatform(KeywordExecutor.groovy:74)
	at com.kms.katalon.core.mobile.keyword.MobileBuiltInKeywords.verifyElementExist(MobileBuiltInKeywords.groovy:1755)
	at com.kms.katalon.core.mobile.keyword.MobileBuiltInKeywords$verifyElementExist$8.call(Unknown Source)
	at duitNow_businessRegNumberTransaction.run(duitNow_businessRegNumberTransaction:310)
	at com.kms.katalon.core.main.ScriptEngine.run(ScriptEngine.java:194)
	at com.kms.katalon.core.main.ScriptEngine.runScriptAsRawText(ScriptEngine.java:119)
	at com.kms.katalon.core.main.TestCaseExecutor.runScript(TestCaseExecutor.java:445)
	at com.kms.katalon.core.main.TestCaseExecutor.doExecute(TestCaseExecutor.java:436)
	at com.kms.katalon.core.main.TestCaseExecutor.processExecutionPhase(TestCaseExecutor.java:415)
	at com.kms.katalon.core.main.TestCaseExecutor.accessMainPhase(TestCaseExecutor.java:407)
	at com.kms.katalon.core.main.TestCaseExecutor.execute(TestCaseExecutor.java:284)
	at com.kms.katalon.core.common.CommonExecutor.accessTestCaseMainPhase(CommonExecutor.java:65)
	at com.kms.katalon.core.main.TestSuiteExecutor.accessTestSuiteMainPhase(TestSuiteExecutor.java:144)
	at com.kms.katalon.core.main.TestSuiteExecutor.execute(TestSuiteExecutor.java:106)
	at com.kms.katalon.core.main.TestCaseMain.startTestSuite(TestCaseMain.java:185)
	at com.kms.katalon.core.main.TestCaseMain$startTestSuite$0.call(Unknown Source)
	at TempTestSuite1655885093224.run(TempTestSuite1655885093224.groovy:36)
)

2022-06-22 16:48:32 - [TEST_STEP][FAILED] - message = getText(findTestObject("Festive Season/returnAngpaoStatusMessageTxt"), 10): Failed to get text from element (Root cause: org.openqa.selenium.WebDriverException: An unknown server-side error occurred while processing the command. Original error: 'GET /window/current/size' cannot be proxied to UiAutomator2 server because the instrumentation process is not running (probably crashed). Check the server log and/or the logcat output for more details
Build info: version: '3.141.59', revision: 'e82be7d358', time: '2018-11-14T08:25:53'
System info: host: '00139272s-MacBook-Pro.local', ip: '2001:e68:6167:d901:5dd8:2a3:885f:7e34%en0', os.name: 'Mac OS X', os.arch: 'x86_64', os.version: '10.16', java.version: '1.8.0_275'
Driver info: com.kms.katalon.core.appium.driver.SwipeableAndroidDriver
Capabilities {app: /Users/a00139272/Katalon St..., appActivity: com.maybank2u.life.MainActi..., appPackage: com.maybank2u.life.sit, appWaitActivity: *, autoGrantPermissions: true, automationName: uiautomator2, chromedriverPort: 52878, databaseEnabled: false, desired: {app: /Users/a00139272/Katalon St..., appActivity: com.maybank2u.life.MainActi..., appPackage: com.maybank2u.life.sit, appWaitActivity: *, autoGrantPermissions: true, automationName: uiautomator2, chromedriverPort: 52878, deviceId: 002b9cc60508, deviceName: Xiaomi 21061119AG (Android 11), fullReset: false, newCommandTimeout: 1800, noReset: true, platform: ANDROID, platformName: android, platformVersion: 11, systemPort: 52876, udid: 002b9cc60508}, deviceApiLevel: 30, deviceId: 002b9cc60508, deviceManufacturer: Xiaomi, deviceModel: 21061119AG, deviceName: 002b9cc60508, deviceScreenDensity: 440, deviceScreenSize: 1080x2400, deviceUDID: 002b9cc60508, fullReset: false, javascriptEnabled: true, locationContextEnabled: false, networkConnectionEnabled: true, newCommandTimeout: 1800, noReset: true, pixelRatio: 2.75, platform: ANDROID, platformName: Android, platformVersion: 11, statBarHeight: 103, systemPort: 52876, takesScreenshot: true, udid: 002b9cc60508, viewportRect: {height: 2064, left: 0, top: 103, width: 1080}, warnings: {}, webStorageEnabled: false}
Session ID: 07e0a906-f567-4646-abfd-84c6cc800d18
	at org.openqa.selenium.remote.http.W3CHttpResponseCodec.createException(W3CHttpResponseCodec.java:187)
	at org.openqa.selenium.remote.http.W3CHttpResponseCodec.decode(W3CHttpResponseCodec.java:122)
	at org.openqa.selenium.remote.http.W3CHttpResponseCodec.decode(W3CHttpResponseCodec.java:49)
	at org.openqa.selenium.remote.HttpCommandExecutor.execute(HttpCommandExecutor.java:158)
	at io.appium.java_client.remote.AppiumCommandExecutor.execute(AppiumCommandExecutor.java:239)
	at org.openqa.selenium.remote.RemoteWebDriver.execute(RemoteWebDriver.java:552)
	at io.appium.java_client.DefaultGenericMobileDriver.execute(DefaultGenericMobileDriver.java:46)
	at io.appium.java_client.AppiumDriver.execute(AppiumDriver.java:1)
	at io.appium.java_client.android.AndroidDriver.execute(AndroidDriver.java:1)
	at com.kms.katalon.core.appium.driver.SwipeableAndroidDriver.execute(SwipeableAndroidDriver.java:1)
	at org.openqa.selenium.remote.RemoteWebDriver$RemoteWebDriverOptions$RemoteWindow.getSize(RemoteWebDriver.java:813)
	at org.openqa.selenium.WebDriver$Window$getSize.call(Unknown Source)
	at com.kms.katalon.core.mobile.keyword.internal.MobileAbstractKeyword.findElement(MobileAbstractKeyword.groovy:81)
	at com.kms.katalon.core.mobile.keyword.builtin.GetTextKeyword.access$1(GetTextKeyword.groovy)
	at com.kms.katalon.core.mobile.keyword.builtin.GetTextKeyword$_getText_closure1.doCall(GetTextKeyword.groovy:72)
	at com.kms.katalon.core.mobile.keyword.builtin.GetTextKeyword$_getText_closure1.call(GetTextKeyword.groovy)
	at com.kms.katalon.core.mobile.keyword.internal.MobileKeywordMain.runKeyword(MobileKeywordMain.groovy:21)
	at com.kms.katalon.core.mobile.keyword.builtin.GetTextKeyword.getText(GetTextKeyword.groovy:80)
	at com.kms.katalon.core.mobile.keyword.builtin.GetTextKeyword.execute(GetTextKeyword.groovy:64)
	at com.kms.katalon.core.keyword.internal.KeywordExecutor.executeKeywordForPlatform(KeywordExecutor.groovy:74)
	at com.kms.katalon.core.mobile.keyword.MobileBuiltInKeywords.getText(MobileBuiltInKeywords.groovy:1274)
	at com.kms.katalon.core.mobile.keyword.MobileBuiltInKeywords$getText$11.call(Unknown Source)
	at duitNow_businessRegNumberTransaction.run(duitNow_businessRegNumberTransaction:312)
	at com.kms.katalon.core.main.ScriptEngine.run(ScriptEngine.java:194)
	at com.kms.katalon.core.main.ScriptEngine.runScriptAsRawText(ScriptEngine.java:119)
	at com.kms.katalon.core.main.TestCaseExecutor.runScript(TestCaseExecutor.java:445)
	at com.kms.katalon.core.main.TestCaseExecutor.doExecute(TestCaseExecutor.java:436)
	at com.kms.katalon.core.main.TestCaseExecutor.processExecutionPhase(TestCaseExecutor.java:415)
	at com.kms.katalon.core.main.TestCaseExecutor.accessMainPhase(TestCaseExecutor.java:407)
	at com.kms.katalon.core.main.TestCaseExecutor.execute(TestCaseExecutor.java:284)
	at com.kms.katalon.core.common.CommonExecutor.accessTestCaseMainPhase(CommonExecutor.java:65)
	at com.kms.katalon.core.main.TestSuiteExecutor.accessTestSuiteMainPhase(TestSuiteExecutor.java:144)
	at com.kms.katalon.core.main.TestSuiteExecutor.execute(TestSuiteExecutor.java:106)
	at com.kms.katalon.core.main.TestCaseMain.startTestSuite(TestCaseMain.java:185)
	at com.kms.katalon.core.main.TestCaseMain$startTestSuite$0.call(Unknown Source)
	at TempTestSuite1655885093224.run(TempTestSuite1655885093224.groovy:36)
)

2022-06-22 16:48:32 - [MESSAGE][FAILED] - Failed to get text from element (Root cause: org.openqa.selenium.WebDriverException: An unknown server-side error occurred while processing the command. Original error: 'GET /window/current/size' cannot be proxied to UiAutomator2 server because the instrumentation process is not running (probably crashed). Check the server log and/or the logcat output for more details
Build info: version: '3.141.59', revision: 'e82be7d358', time: '2018-11-14T08:25:53'
System info: host: '00139272s-MacBook-Pro.local', ip: '2001:e68:6167:d901:5dd8:2a3:885f:7e34%en0', os.name: 'Mac OS X', os.arch: 'x86_64', os.version: '10.16', java.version: '1.8.0_275'
Driver info: com.kms.katalon.core.appium.driver.SwipeableAndroidDriver
Capabilities {app: /Users/a00139272/Katalon St..., appActivity: com.maybank2u.life.MainActi..., appPackage: com.maybank2u.life.sit, appWaitActivity: *, autoGrantPermissions: true, automationName: uiautomator2, chromedriverPort: 52878, databaseEnabled: false, desired: {app: /Users/a00139272/Katalon St..., appActivity: com.maybank2u.life.MainActi..., appPackage: com.maybank2u.life.sit, appWaitActivity: *, autoGrantPermissions: true, automationName: uiautomator2, chromedriverPort: 52878, deviceId: 002b9cc60508, deviceName: Xiaomi 21061119AG (Android 11), fullReset: false, newCommandTimeout: 1800, noReset: true, platform: ANDROID, platformName: android, platformVersion: 11, systemPort: 52876, udid: 002b9cc60508}, deviceApiLevel: 30, deviceId: 002b9cc60508, deviceManufacturer: Xiaomi, deviceModel: 21061119AG, deviceName: 002b9cc60508, deviceScreenDensity: 440, deviceScreenSize: 1080x2400, deviceUDID: 002b9cc60508, fullReset: false, javascriptEnabled: true, locationContextEnabled: false, networkConnectionEnabled: true, newCommandTimeout: 1800, noReset: true, pixelRatio: 2.75, platform: ANDROID, platformName: Android, platformVersion: 11, statBarHeight: 103, systemPort: 52876, takesScreenshot: true, udid: 002b9cc60508, viewportRect: {height: 2064, left: 0, top: 103, width: 1080}, warnings: {}, webStorageEnabled: false}
Session ID: 07e0a906-f567-4646-abfd-84c6cc800d18
	at org.openqa.selenium.remote.http.W3CHttpResponseCodec.createException(W3CHttpResponseCodec.java:187)
	at org.openqa.selenium.remote.http.W3CHttpResponseCodec.decode(W3CHttpResponseCodec.java:122)
	at org.openqa.selenium.remote.http.W3CHttpResponseCodec.decode(W3CHttpResponseCodec.java:49)
	at org.openqa.selenium.remote.HttpCommandExecutor.execute(HttpCommandExecutor.java:158)
	at io.appium.java_client.remote.AppiumCommandExecutor.execute(AppiumCommandExecutor.java:239)
	at org.openqa.selenium.remote.RemoteWebDriver.execute(RemoteWebDriver.java:552)
	at io.appium.java_client.DefaultGenericMobileDriver.execute(DefaultGenericMobileDriver.java:46)
	at io.appium.java_client.AppiumDriver.execute(AppiumDriver.java:1)
	at io.appium.java_client.android.AndroidDriver.execute(AndroidDriver.java:1)
	at com.kms.katalon.core.appium.driver.SwipeableAndroidDriver.execute(SwipeableAndroidDriver.java:1)
	at org.openqa.selenium.remote.RemoteWebDriver$RemoteWebDriverOptions$RemoteWindow.getSize(RemoteWebDriver.java:813)
	at org.openqa.selenium.WebDriver$Window$getSize.call(Unknown Source)
	at com.kms.katalon.core.mobile.keyword.internal.MobileAbstractKeyword.findElement(MobileAbstractKeyword.groovy:81)
	at com.kms.katalon.core.mobile.keyword.builtin.GetTextKeyword.access$1(GetTextKeyword.groovy)
	at com.kms.katalon.core.mobile.keyword.builtin.GetTextKeyword$_getText_closure1.doCall(GetTextKeyword.groovy:72)
	at com.kms.katalon.core.mobile.keyword.builtin.GetTextKeyword$_getText_closure1.call(GetTextKeyword.groovy)
	at com.kms.katalon.core.mobile.keyword.internal.MobileKeywordMain.runKeyword(MobileKeywordMain.groovy:21)
	at com.kms.katalon.core.mobile.keyword.builtin.GetTextKeyword.getText(GetTextKeyword.groovy:80)
	at com.kms.katalon.core.mobile.keyword.builtin.GetTextKeyword.execute(GetTextKeyword.groovy:64)
	at com.kms.katalon.core.keyword.internal.KeywordExecutor.executeKeywordForPlatform(KeywordExecutor.groovy:74)
	at com.kms.katalon.core.mobile.keyword.MobileBuiltInKeywords.getText(MobileBuiltInKeywords.groovy:1274)
	at com.kms.katalon.core.mobile.keyword.MobileBuiltInKeywords$getText$11.call(Unknown Source)
	at duitNow_businessRegNumberTransaction.run(duitNow_businessRegNumberTransaction:312)
	at com.kms.katalon.core.main.ScriptEngine.run(ScriptEngine.java:194)
	at com.kms.katalon.core.main.ScriptEngine.runScriptAsRawText(ScriptEngine.java:119)
	at com.kms.katalon.core.main.TestCaseExecutor.runScript(TestCaseExecutor.java:445)
	at com.kms.katalon.core.main.TestCaseExecutor.doExecute(TestCaseExecutor.java:436)
	at com.kms.katalon.core.main.TestCaseExecutor.processExecutionPhase(TestCaseExecutor.java:415)
	at com.kms.katalon.core.main.TestCaseExecutor.accessMainPhase(TestCaseExecutor.java:407)
	at com.kms.katalon.core.main.TestCaseExecutor.execute(TestCaseExecutor.java:284)
	at com.kms.katalon.core.common.CommonExecutor.accessTestCaseMainPhase(CommonExecutor.java:65)
	at com.kms.katalon.core.main.TestSuiteExecutor.accessTestSuiteMainPhase(TestSuiteExecutor.java:144)
	at com.kms.katalon.core.main.TestSuiteExecutor.execute(TestSuiteExecutor.java:106)
	at com.kms.katalon.core.main.TestCaseMain.startTestSuite(TestCaseMain.java:185)
	at com.kms.katalon.core.main.TestCaseMain$startTestSuite$0.call(Unknown Source)
	at TempTestSuite1655885093224.run(TempTestSuite1655885093224.groovy:36)
)

2022-06-22 16:48:32 - [TEST_STEP][PASSED] - println(message): null

2022-06-22 16:48:32 - [TEST_STEP][FAILED] - assert message == successTransactionMessage: Test Cases/DuitNow/duitNow_businessRegNumberTransaction FAILED.
Reason:
Assertion failed: 

assert message == successTransactionMessage
       |       |  |
       null    |  Transfer successful
               false

	at duitNow_businessRegNumberTransaction.run(duitNow_businessRegNumberTransaction:316)
	at com.kms.katalon.core.main.ScriptEngine.run(ScriptEngine.java:194)
	at com.kms.katalon.core.main.ScriptEngine.runScriptAsRawText(ScriptEngine.java:119)
	at com.kms.katalon.core.main.TestCaseExecutor.runScript(TestCaseExecutor.java:445)
	at com.kms.katalon.core.main.TestCaseExecutor.doExecute(TestCaseExecutor.java:436)
	at com.kms.katalon.core.main.TestCaseExecutor.processExecutionPhase(TestCaseExecutor.java:415)
	at com.kms.katalon.core.main.TestCaseExecutor.accessMainPhase(TestCaseExecutor.java:407)
	at com.kms.katalon.core.main.TestCaseExecutor.execute(TestCaseExecutor.java:284)
	at com.kms.katalon.core.common.CommonExecutor.accessTestCaseMainPhase(CommonExecutor.java:65)
	at com.kms.katalon.core.main.TestSuiteExecutor.accessTestSuiteMainPhase(TestSuiteExecutor.java:144)
	at com.kms.katalon.core.main.TestSuiteExecutor.execute(TestSuiteExecutor.java:106)
	at com.kms.katalon.core.main.TestCaseMain.startTestSuite(TestCaseMain.java:185)
	at com.kms.katalon.core.main.TestCaseMain$startTestSuite$0.call(Unknown Source)
	at TempTestSuite1655885093224.run(TempTestSuite1655885093224.groovy:36)


2022-06-22 16:48:32 - [MESSAGE][FAILED] - Test Cases/DuitNow/duitNow_businessRegNumberTransaction FAILED.
Reason:
Assertion failed: 

assert message == successTransactionMessage
       |       |  |
       null    |  Transfer successful
               false

	at duitNow_businessRegNumberTransaction.run(duitNow_businessRegNumberTransaction:316)
	at com.kms.katalon.core.main.ScriptEngine.run(ScriptEngine.java:194)
	at com.kms.katalon.core.main.ScriptEngine.runScriptAsRawText(ScriptEngine.java:119)
	at com.kms.katalon.core.main.TestCaseExecutor.runScript(TestCaseExecutor.java:445)
	at com.kms.katalon.core.main.TestCaseExecutor.doExecute(TestCaseExecutor.java:436)
	at com.kms.katalon.core.main.TestCaseExecutor.processExecutionPhase(TestCaseExecutor.java:415)
	at com.kms.katalon.core.main.TestCaseExecutor.accessMainPhase(TestCaseExecutor.java:407)
	at com.kms.katalon.core.main.TestCaseExecutor.execute(TestCaseExecutor.java:284)
	at com.kms.katalon.core.common.CommonExecutor.accessTestCaseMainPhase(CommonExecutor.java:65)
	at com.kms.katalon.core.main.TestSuiteExecutor.accessTestSuiteMainPhase(TestSuiteExecutor.java:144)
	at com.kms.katalon.core.main.TestSuiteExecutor.execute(TestSuiteExecutor.java:106)
	at com.kms.katalon.core.main.TestCaseMain.startTestSuite(TestCaseMain.java:185)
	at com.kms.katalon.core.main.TestCaseMain$startTestSuite$0.call(Unknown Source)
	at TempTestSuite1655885093224.run(TempTestSuite1655885093224.groovy:36)]]></system-out>
         <system-err><![CDATA[2022-06-22 16:47:35 - [TEST_CASE][FAILED] - Test Cases/DuitNow/duitNow_businessRegNumberTransaction: Test Cases/DuitNow/duitNow_businessRegNumberTransaction FAILED.
Reason:
com.kms.katalon.core.exception.StepFailedException: Unable to get the physical height value of the device (Root cause: org.openqa.selenium.WebDriverException: An unknown server-side error occurred while processing the command. Original error: 'GET /window/current/size' cannot be proxied to UiAutomator2 server because the instrumentation process is not running (probably crashed). Check the server log and/or the logcat output for more details
Build info: version: '3.141.59', revision: 'e82be7d358', time: '2018-11-14T08:25:53'
System info: host: '00139272s-MacBook-Pro.local', ip: '2001:e68:6167:d901:5dd8:2a3:885f:7e34%en0', os.name: 'Mac OS X', os.arch: 'x86_64', os.version: '10.16', java.version: '1.8.0_275'
Driver info: com.kms.katalon.core.appium.driver.SwipeableAndroidDriver
Capabilities {app: /Users/a00139272/Katalon St..., appActivity: com.maybank2u.life.MainActi..., appPackage: com.maybank2u.life.sit, appWaitActivity: *, autoGrantPermissions: true, automationName: uiautomator2, chromedriverPort: 52878, databaseEnabled: false, desired: {app: /Users/a00139272/Katalon St..., appActivity: com.maybank2u.life.MainActi..., appPackage: com.maybank2u.life.sit, appWaitActivity: *, autoGrantPermissions: true, automationName: uiautomator2, chromedriverPort: 52878, deviceId: 002b9cc60508, deviceName: Xiaomi 21061119AG (Android 11), fullReset: false, newCommandTimeout: 1800, noReset: true, platform: ANDROID, platformName: android, platformVersion: 11, systemPort: 52876, udid: 002b9cc60508}, deviceApiLevel: 30, deviceId: 002b9cc60508, deviceManufacturer: Xiaomi, deviceModel: 21061119AG, deviceName: 002b9cc60508, deviceScreenDensity: 440, deviceScreenSize: 1080x2400, deviceUDID: 002b9cc60508, fullReset: false, javascriptEnabled: true, locationContextEnabled: false, networkConnectionEnabled: true, newCommandTimeout: 1800, noReset: true, pixelRatio: 2.75, platform: ANDROID, platformName: Android, platformVersion: 11, statBarHeight: 103, systemPort: 52876, takesScreenshot: true, udid: 002b9cc60508, viewportRect: {height: 2064, left: 0, top: 103, width: 1080}, warnings: {}, webStorageEnabled: false}
Session ID: 07e0a906-f567-4646-abfd-84c6cc800d18
	at org.openqa.selenium.remote.http.W3CHttpResponseCodec.createException(W3CHttpResponseCodec.java:187)
	at org.openqa.selenium.remote.http.W3CHttpResponseCodec.decode(W3CHttpResponseCodec.java:122)
	at org.openqa.selenium.remote.http.W3CHttpResponseCodec.decode(W3CHttpResponseCodec.java:49)
	at org.openqa.selenium.remote.HttpCommandExecutor.execute(HttpCommandExecutor.java:158)
	at io.appium.java_client.remote.AppiumCommandExecutor.execute(AppiumCommandExecutor.java:239)
	at org.openqa.selenium.remote.RemoteWebDriver.execute(RemoteWebDriver.java:552)
	at io.appium.java_client.DefaultGenericMobileDriver.execute(DefaultGenericMobileDriver.java:46)
	at io.appium.java_client.AppiumDriver.execute(AppiumDriver.java:1)
	at io.appium.java_client.android.AndroidDriver.execute(AndroidDriver.java:1)
	at com.kms.katalon.core.appium.driver.SwipeableAndroidDriver.execute(SwipeableAndroidDriver.java:1)
	at org.openqa.selenium.remote.RemoteWebDriver$RemoteWebDriverOptions$RemoteWindow.getSize(RemoteWebDriver.java:813)
	at com.kms.katalon.core.mobile.keyword.builtin.GetDeviceHeightKeyword$_getDeviceHeight_closure1.doCall(GetDeviceHeightKeyword.groovy:73)
	at com.kms.katalon.core.mobile.keyword.builtin.GetDeviceHeightKeyword$_getDeviceHeight_closure1.call(GetDeviceHeightKeyword.groovy)
	at com.kms.katalon.core.mobile.keyword.internal.MobileKeywordMain.runKeywordAndReturnInt(MobileKeywordMain.groovy:30)
	at com.kms.katalon.core.mobile.keyword.builtin.GetDeviceHeightKeyword.getDeviceHeight(GetDeviceHeightKeyword.groovy:68)
	at com.kms.katalon.core.mobile.keyword.builtin.GetDeviceHeightKeyword.execute(GetDeviceHeightKeyword.groovy:63)
	at com.kms.katalon.core.keyword.internal.KeywordExecutor.executeKeywordForPlatform(KeywordExecutor.groovy:74)
	at com.kms.katalon.core.mobile.keyword.MobileBuiltInKeywords.getDeviceHeight(MobileBuiltInKeywords.groovy:2110)
	at com.kms.katalon.core.mobile.keyword.MobileBuiltInKeywords$getDeviceHeight$0.call(Unknown Source)
	at duitNow_businessRegNumberTransaction.run(duitNow_businessRegNumberTransaction:32)
	at com.kms.katalon.core.main.ScriptEngine.run(ScriptEngine.java:194)
	at com.kms.katalon.core.main.ScriptEngine.runScriptAsRawText(ScriptEngine.java:119)
	at com.kms.katalon.core.main.TestCaseExecutor.runScript(TestCaseExecutor.java:445)
	at com.kms.katalon.core.main.TestCaseExecutor.doExecute(TestCaseExecutor.java:436)
	at com.kms.katalon.core.main.TestCaseExecutor.processExecutionPhase(TestCaseExecutor.java:415)
	at com.kms.katalon.core.main.TestCaseExecutor.accessMainPhase(TestCaseExecutor.java:407)
	at com.kms.katalon.core.main.TestCaseExecutor.execute(TestCaseExecutor.java:284)
	at com.kms.katalon.core.common.CommonExecutor.accessTestCaseMainPhase(CommonExecutor.java:65)
	at com.kms.katalon.core.main.TestSuiteExecutor.accessTestSuiteMainPhase(TestSuiteExecutor.java:144)
	at com.kms.katalon.core.main.TestSuiteExecutor.execute(TestSuiteExecutor.java:106)
	at com.kms.katalon.core.main.TestCaseMain.startTestSuite(TestCaseMain.java:185)
	at com.kms.katalon.core.main.TestCaseMain$startTestSuite$0.call(Unknown Source)
	at TempTestSuite1655885093224.run(TempTestSuite1655885093224.groovy:36)
)
	at com.kms.katalon.core.keyword.internal.KeywordMain.stepFailed(KeywordMain.groovy:39)
	at com.kms.katalon.core.mobile.keyword.internal.MobileKeywordMain.stepFailed(MobileKeywordMain.groovy:40)
	at com.kms.katalon.core.mobile.keyword.internal.MobileKeywordMain.runKeywordAndReturnInt(MobileKeywordMain.groovy:32)
	at com.kms.katalon.core.mobile.keyword.builtin.GetDeviceHeightKeyword.getDeviceHeight(GetDeviceHeightKeyword.groovy:68)
	at com.kms.katalon.core.mobile.keyword.builtin.GetDeviceHeightKeyword.execute(GetDeviceHeightKeyword.groovy:63)
	at com.kms.katalon.core.keyword.internal.KeywordExecutor.executeKeywordForPlatform(KeywordExecutor.groovy:74)
	at com.kms.katalon.core.mobile.keyword.MobileBuiltInKeywords.getDeviceHeight(MobileBuiltInKeywords.groovy:2110)
	at com.kms.katalon.core.mobile.keyword.MobileBuiltInKeywords$getDeviceHeight$0.call(Unknown Source)
	at duitNow_businessRegNumberTransaction.run(duitNow_businessRegNumberTransaction:32)
	at com.kms.katalon.core.main.ScriptEngine.run(ScriptEngine.java:194)
	at com.kms.katalon.core.main.ScriptEngine.runScriptAsRawText(ScriptEngine.java:119)
	at com.kms.katalon.core.main.TestCaseExecutor.runScript(TestCaseExecutor.java:445)
	at com.kms.katalon.core.main.TestCaseExecutor.doExecute(TestCaseExecutor.java:436)
	at com.kms.katalon.core.main.TestCaseExecutor.processExecutionPhase(TestCaseExecutor.java:415)
	at com.kms.katalon.core.main.TestCaseExecutor.accessMainPhase(TestCaseExecutor.java:407)
	at com.kms.katalon.core.main.TestCaseExecutor.execute(TestCaseExecutor.java:284)
	at com.kms.katalon.core.common.CommonExecutor.accessTestCaseMainPhase(CommonExecutor.java:65)
	at com.kms.katalon.core.main.TestSuiteExecutor.accessTestSuiteMainPhase(TestSuiteExecutor.java:144)
	at com.kms.katalon.core.main.TestSuiteExecutor.execute(TestSuiteExecutor.java:106)
	at com.kms.katalon.core.main.TestCaseMain.startTestSuite(TestCaseMain.java:185)
	at com.kms.katalon.core.main.TestCaseMain$startTestSuite$0.call(Unknown Source)
	at TempTestSuite1655885093224.run(TempTestSuite1655885093224.groovy:36)
Caused by: org.openqa.selenium.WebDriverException: An unknown server-side error occurred while processing the command. Original error: 'GET /window/current/size' cannot be proxied to UiAutomator2 server because the instrumentation process is not running (probably crashed). Check the server log and/or the logcat output for more details
Build info: version: '3.141.59', revision: 'e82be7d358', time: '2018-11-14T08:25:53'
System info: host: '00139272s-MacBook-Pro.local', ip: '2001:e68:6167:d901:5dd8:2a3:885f:7e34%en0', os.name: 'Mac OS X', os.arch: 'x86_64', os.version: '10.16', java.version: '1.8.0_275'
Driver info: com.kms.katalon.core.appium.driver.SwipeableAndroidDriver
Capabilities {app: /Users/a00139272/Katalon St..., appActivity: com.maybank2u.life.MainActi..., appPackage: com.maybank2u.life.sit, appWaitActivity: *, autoGrantPermissions: true, automationName: uiautomator2, chromedriverPort: 52878, databaseEnabled: false, desired: {app: /Users/a00139272/Katalon St..., appActivity: com.maybank2u.life.MainActi..., appPackage: com.maybank2u.life.sit, appWaitActivity: *, autoGrantPermissions: true, automationName: uiautomator2, chromedriverPort: 52878, deviceId: 002b9cc60508, deviceName: Xiaomi 21061119AG (Android 11), fullReset: false, newCommandTimeout: 1800, noReset: true, platform: ANDROID, platformName: android, platformVersion: 11, systemPort: 52876, udid: 002b9cc60508}, deviceApiLevel: 30, deviceId: 002b9cc60508, deviceManufacturer: Xiaomi, deviceModel: 21061119AG, deviceName: 002b9cc60508, deviceScreenDensity: 440, deviceScreenSize: 1080x2400, deviceUDID: 002b9cc60508, fullReset: false, javascriptEnabled: true, locationContextEnabled: false, networkConnectionEnabled: true, newCommandTimeout: 1800, noReset: true, pixelRatio: 2.75, platform: ANDROID, platformName: Android, platformVersion: 11, statBarHeight: 103, systemPort: 52876, takesScreenshot: true, udid: 002b9cc60508, viewportRect: {height: 2064, left: 0, top: 103, width: 1080}, warnings: {}, webStorageEnabled: false}
Session ID: 07e0a906-f567-4646-abfd-84c6cc800d18
	at org.openqa.selenium.remote.http.W3CHttpResponseCodec.createException(W3CHttpResponseCodec.java:187)
	at org.openqa.selenium.remote.http.W3CHttpResponseCodec.decode(W3CHttpResponseCodec.java:122)
	at org.openqa.selenium.remote.http.W3CHttpResponseCodec.decode(W3CHttpResponseCodec.java:49)
	at org.openqa.selenium.remote.HttpCommandExecutor.execute(HttpCommandExecutor.java:158)
	at io.appium.java_client.remote.AppiumCommandExecutor.execute(AppiumCommandExecutor.java:239)
	at org.openqa.selenium.remote.RemoteWebDriver.execute(RemoteWebDriver.java:552)
	at io.appium.java_client.DefaultGenericMobileDriver.execute(DefaultGenericMobileDriver.java:46)
	at io.appium.java_client.AppiumDriver.execute(AppiumDriver.java:1)
	at io.appium.java_client.android.AndroidDriver.execute(AndroidDriver.java:1)
	at com.kms.katalon.core.appium.driver.SwipeableAndroidDriver.execute(SwipeableAndroidDriver.java:1)
	at org.openqa.selenium.remote.RemoteWebDriver$RemoteWebDriverOptions$RemoteWindow.getSize(RemoteWebDriver.java:813)
	at com.kms.katalon.core.mobile.keyword.builtin.GetDeviceHeightKeyword$_getDeviceHeight_closure1.doCall(GetDeviceHeightKeyword.groovy:73)
	at com.kms.katalon.core.mobile.keyword.builtin.GetDeviceHeightKeyword$_getDeviceHeight_closure1.call(GetDeviceHeightKeyword.groovy)
	at com.kms.katalon.core.mobile.keyword.internal.MobileKeywordMain.runKeywordAndReturnInt(MobileKeywordMain.groovy:30)
	... 19 more]]></system-err>
      </testcase>
      <testcase name="Test Cases/DuitNow/duitNow_recurringTransferTransaction" time="24.982" classname="Test Cases/DuitNow/duitNow_recurringTransferTransaction" status="FAILED">
         <failure type="FAILED" message="Test Cases/DuitNow/duitNow_recurringTransferTransaction FAILED.
Reason:
com.kms.katalon.core.exception.StepFailedException: Failed to tap on element 'Object Repository/Banking/m2uAccountTransferIconSelect' (Root cause: org.openqa.selenium.WebDriverException: An unknown server-side error occurred while processing the command. Original error: 'GET /window/current/size' cannot be proxied to UiAutomator2 server because the instrumentation process is not running (probably crashed). Check the server log and/or the logcat output for more details
Build info: version: '3.141.59', revision: 'e82be7d358', time: '2018-11-14T08:25:53'
System info: host: '00139272s-MacBook-Pro.local', ip: '2001:e68:6167:d901:5dd8:2a3:885f:7e34%en0', os.name: 'Mac OS X', os.arch: 'x86_64', os.version: '10.16', java.version: '1.8.0_275'
Driver info: com.kms.katalon.core.appium.driver.SwipeableAndroidDriver
Capabilities {app: /Users/a00139272/Katalon St..., appActivity: com.maybank2u.life.MainActi..., appPackage: com.maybank2u.life.sit, appWaitActivity: *, autoGrantPermissions: true, automationName: uiautomator2, chromedriverPort: 52878, databaseEnabled: false, desired: {app: /Users/a00139272/Katalon St..., appActivity: com.maybank2u.life.MainActi..., appPackage: com.maybank2u.life.sit, appWaitActivity: *, autoGrantPermissions: true, automationName: uiautomator2, chromedriverPort: 52878, deviceId: 002b9cc60508, deviceName: Xiaomi 21061119AG (Android 11), fullReset: false, newCommandTimeout: 1800, noReset: true, platform: ANDROID, platformName: android, platformVersion: 11, systemPort: 52876, udid: 002b9cc60508}, deviceApiLevel: 30, deviceId: 002b9cc60508, deviceManufacturer: Xiaomi, deviceModel: 21061119AG, deviceName: 002b9cc60508, deviceScreenDensity: 440, deviceScreenSize: 1080x2400, deviceUDID: 002b9cc60508, fullReset: false, javascriptEnabled: true, locationContextEnabled: false, networkConnectionEnabled: true, newCommandTimeout: 1800, noReset: true, pixelRatio: 2.75, platform: ANDROID, platformName: Android, platformVersion: 11, statBarHeight: 103, systemPort: 52876, takesScreenshot: true, udid: 002b9cc60508, viewportRect: {height: 2064, left: 0, top: 103, width: 1080}, warnings: {}, webStorageEnabled: false}
Session ID: 07e0a906-f567-4646-abfd-84c6cc800d18
	at org.openqa.selenium.remote.http.W3CHttpResponseCodec.createException(W3CHttpResponseCodec.java:187)
	at org.openqa.selenium.remote.http.W3CHttpResponseCodec.decode(W3CHttpResponseCodec.java:122)
	at org.openqa.selenium.remote.http.W3CHttpResponseCodec.decode(W3CHttpResponseCodec.java:49)
	at org.openqa.selenium.remote.HttpCommandExecutor.execute(HttpCommandExecutor.java:158)
	at io.appium.java_client.remote.AppiumCommandExecutor.execute(AppiumCommandExecutor.java:239)
	at org.openqa.selenium.remote.RemoteWebDriver.execute(RemoteWebDriver.java:552)
	at io.appium.java_client.DefaultGenericMobileDriver.execute(DefaultGenericMobileDriver.java:46)
	at io.appium.java_client.AppiumDriver.execute(AppiumDriver.java:1)
	at io.appium.java_client.android.AndroidDriver.execute(AndroidDriver.java:1)
	at com.kms.katalon.core.appium.driver.SwipeableAndroidDriver.execute(SwipeableAndroidDriver.java:1)
	at org.openqa.selenium.remote.RemoteWebDriver$RemoteWebDriverOptions$RemoteWindow.getSize(RemoteWebDriver.java:813)
	at org.openqa.selenium.WebDriver$Window$getSize.call(Unknown Source)
	at com.kms.katalon.core.mobile.keyword.internal.MobileAbstractKeyword.findElement(MobileAbstractKeyword.groovy:81)
	at com.kms.katalon.core.mobile.keyword.builtin.TapKeyword.access$1(TapKeyword.groovy)
	at com.kms.katalon.core.mobile.keyword.builtin.TapKeyword$_tap_closure1.doCall(TapKeyword.groovy:76)
	at com.kms.katalon.core.mobile.keyword.builtin.TapKeyword$_tap_closure1.call(TapKeyword.groovy)
	at com.kms.katalon.core.mobile.keyword.internal.MobileKeywordMain.runKeyword(MobileKeywordMain.groovy:21)
	at com.kms.katalon.core.mobile.keyword.builtin.TapKeyword.tap(TapKeyword.groovy:84)
	at com.kms.katalon.core.mobile.keyword.builtin.TapKeyword.execute(TapKeyword.groovy:68)
	at com.kms.katalon.core.keyword.internal.KeywordExecutor.executeKeywordForPlatform(KeywordExecutor.groovy:74)
	at com.kms.katalon.core.mobile.keyword.MobileBuiltInKeywords.tap(MobileBuiltInKeywords.groovy:1490)
	at com.kms.katalon.core.mobile.keyword.MobileBuiltInKeywords$tap$4.call(Unknown Source)
	at duitNow_recurringTransferTransaction.run(duitNow_recurringTransferTransaction:58)
	at com.kms.katalon.core.main.ScriptEngine.run(ScriptEngine.java:194)
	at com.kms.katalon.core.main.ScriptEngine.runScriptAsRawText(ScriptEngine.java:119)
	at com.kms.katalon.core.main.TestCaseExecutor.runScript(TestCaseExecutor.java:445)
	at com.kms.katalon.core.main.TestCaseExecutor.doExecute(TestCaseExecutor.java:436)
	at com.kms.katalon.core.main.TestCaseExecutor.processExecutionPhase(TestCaseExecutor.java:415)
	at com.kms.katalon.core.main.TestCaseExecutor.accessMainPhase(TestCaseExecutor.java:407)
	at com.kms.katalon.core.main.TestCaseExecutor.execute(TestCaseExecutor.java:284)
	at com.kms.katalon.core.common.CommonExecutor.accessTestCaseMainPhase(CommonExecutor.java:65)
	at com.kms.katalon.core.main.TestSuiteExecutor.accessTestSuiteMainPhase(TestSuiteExecutor.java:144)
	at com.kms.katalon.core.main.TestSuiteExecutor.execute(TestSuiteExecutor.java:106)
	at com.kms.katalon.core.main.TestCaseMain.startTestSuite(TestCaseMain.java:185)
	at com.kms.katalon.core.main.TestCaseMain$startTestSuite$0.call(Unknown Source)
	at TempTestSuite1655885093224.run(TempTestSuite1655885093224.groovy:36)
)
	at com.kms.katalon.core.keyword.internal.KeywordMain.stepFailed(KeywordMain.groovy:39)
	at com.kms.katalon.core.mobile.keyword.internal.MobileKeywordMain.stepFailed(MobileKeywordMain.groovy:40)
	at com.kms.katalon.core.mobile.keyword.internal.MobileKeywordMain.runKeyword(MobileKeywordMain.groovy:23)
	at com.kms.katalon.core.mobile.keyword.builtin.TapKeyword.tap(TapKeyword.groovy:84)
	at com.kms.katalon.core.mobile.keyword.builtin.TapKeyword.execute(TapKeyword.groovy:68)
	at com.kms.katalon.core.keyword.internal.KeywordExecutor.executeKeywordForPlatform(KeywordExecutor.groovy:74)
	at com.kms.katalon.core.mobile.keyword.MobileBuiltInKeywords.tap(MobileBuiltInKeywords.groovy:1490)
	at com.kms.katalon.core.mobile.keyword.MobileBuiltInKeywords$tap$4.call(Unknown Source)
	at duitNow_recurringTransferTransaction.run(duitNow_recurringTransferTransaction:58)
	at com.kms.katalon.core.main.ScriptEngine.run(ScriptEngine.java:194)
	at com.kms.katalon.core.main.ScriptEngine.runScriptAsRawText(ScriptEngine.java:119)
	at com.kms.katalon.core.main.TestCaseExecutor.runScript(TestCaseExecutor.java:445)
	at com.kms.katalon.core.main.TestCaseExecutor.doExecute(TestCaseExecutor.java:436)
	at com.kms.katalon.core.main.TestCaseExecutor.processExecutionPhase(TestCaseExecutor.java:415)
	at com.kms.katalon.core.main.TestCaseExecutor.accessMainPhase(TestCaseExecutor.java:407)
	at com.kms.katalon.core.main.TestCaseExecutor.execute(TestCaseExecutor.java:284)
	at com.kms.katalon.core.common.CommonExecutor.accessTestCaseMainPhase(CommonExecutor.java:65)
	at com.kms.katalon.core.main.TestSuiteExecutor.accessTestSuiteMainPhase(TestSuiteExecutor.java:144)
	at com.kms.katalon.core.main.TestSuiteExecutor.execute(TestSuiteExecutor.java:106)
	at com.kms.katalon.core.main.TestCaseMain.startTestSuite(TestCaseMain.java:185)
	at com.kms.katalon.core.main.TestCaseMain$startTestSuite$0.call(Unknown Source)
	at TempTestSuite1655885093224.run(TempTestSuite1655885093224.groovy:36)
Caused by: org.openqa.selenium.WebDriverException: An unknown server-side error occurred while processing the command. Original error: 'GET /window/current/size' cannot be proxied to UiAutomator2 server because the instrumentation process is not running (probably crashed). Check the server log and/or the logcat output for more details
Build info: version: '3.141.59', revision: 'e82be7d358', time: '2018-11-14T08:25:53'
System info: host: '00139272s-MacBook-Pro.local', ip: '2001:e68:6167:d901:5dd8:2a3:885f:7e34%en0', os.name: 'Mac OS X', os.arch: 'x86_64', os.version: '10.16', java.version: '1.8.0_275'
Driver info: com.kms.katalon.core.appium.driver.SwipeableAndroidDriver
Capabilities {app: /Users/a00139272/Katalon St..., appActivity: com.maybank2u.life.MainActi..., appPackage: com.maybank2u.life.sit, appWaitActivity: *, autoGrantPermissions: true, automationName: uiautomator2, chromedriverPort: 52878, databaseEnabled: false, desired: {app: /Users/a00139272/Katalon St..., appActivity: com.maybank2u.life.MainActi..., appPackage: com.maybank2u.life.sit, appWaitActivity: *, autoGrantPermissions: true, automationName: uiautomator2, chromedriverPort: 52878, deviceId: 002b9cc60508, deviceName: Xiaomi 21061119AG (Android 11), fullReset: false, newCommandTimeout: 1800, noReset: true, platform: ANDROID, platformName: android, platformVersion: 11, systemPort: 52876, udid: 002b9cc60508}, deviceApiLevel: 30, deviceId: 002b9cc60508, deviceManufacturer: Xiaomi, deviceModel: 21061119AG, deviceName: 002b9cc60508, deviceScreenDensity: 440, deviceScreenSize: 1080x2400, deviceUDID: 002b9cc60508, fullReset: false, javascriptEnabled: true, locationContextEnabled: false, networkConnectionEnabled: true, newCommandTimeout: 1800, noReset: true, pixelRatio: 2.75, platform: ANDROID, platformName: Android, platformVersion: 11, statBarHeight: 103, systemPort: 52876, takesScreenshot: true, udid: 002b9cc60508, viewportRect: {height: 2064, left: 0, top: 103, width: 1080}, warnings: {}, webStorageEnabled: false}
Session ID: 07e0a906-f567-4646-abfd-84c6cc800d18
	at org.openqa.selenium.remote.http.W3CHttpResponseCodec.createException(W3CHttpResponseCodec.java:187)
	at org.openqa.selenium.remote.http.W3CHttpResponseCodec.decode(W3CHttpResponseCodec.java:122)
	at org.openqa.selenium.remote.http.W3CHttpResponseCodec.decode(W3CHttpResponseCodec.java:49)
	at org.openqa.selenium.remote.HttpCommandExecutor.execute(HttpCommandExecutor.java:158)
	at io.appium.java_client.remote.AppiumCommandExecutor.execute(AppiumCommandExecutor.java:239)
	at org.openqa.selenium.remote.RemoteWebDriver.execute(RemoteWebDriver.java:552)
	at io.appium.java_client.DefaultGenericMobileDriver.execute(DefaultGenericMobileDriver.java:46)
	at io.appium.java_client.AppiumDriver.execute(AppiumDriver.java:1)
	at io.appium.java_client.android.AndroidDriver.execute(AndroidDriver.java:1)
	at com.kms.katalon.core.appium.driver.SwipeableAndroidDriver.execute(SwipeableAndroidDriver.java:1)
	at org.openqa.selenium.remote.RemoteWebDriver$RemoteWebDriverOptions$RemoteWindow.getSize(RemoteWebDriver.java:813)
	at org.openqa.selenium.WebDriver$Window$getSize.call(Unknown Source)
	at com.kms.katalon.core.mobile.keyword.internal.MobileAbstractKeyword.findElement(MobileAbstractKeyword.groovy:81)
	at com.kms.katalon.core.mobile.keyword.builtin.TapKeyword.access$1(TapKeyword.groovy)
	at com.kms.katalon.core.mobile.keyword.builtin.TapKeyword$_tap_closure1.doCall(TapKeyword.groovy:76)
	at com.kms.katalon.core.mobile.keyword.builtin.TapKeyword$_tap_closure1.call(TapKeyword.groovy)
	at com.kms.katalon.core.mobile.keyword.internal.MobileKeywordMain.runKeyword(MobileKeywordMain.groovy:21)
	... 19 more
"/>
         <system-out><![CDATA[2022-06-22 16:48:32 - [TEST_CASE][FAILED] - Test Cases/DuitNow/duitNow_recurringTransferTransaction: Test Cases/DuitNow/duitNow_recurringTransferTransaction FAILED.
Reason:
com.kms.katalon.core.exception.StepFailedException: Failed to tap on element 'Object Repository/Banking/m2uAccountTransferIconSelect' (Root cause: org.openqa.selenium.WebDriverException: An unknown server-side error occurred while processing the command. Original error: 'GET /window/current/size' cannot be proxied to UiAutomator2 server because the instrumentation process is not running (probably crashed). Check the server log and/or the logcat output for more details
Build info: version: '3.141.59', revision: 'e82be7d358', time: '2018-11-14T08:25:53'
System info: host: '00139272s-MacBook-Pro.local', ip: '2001:e68:6167:d901:5dd8:2a3:885f:7e34%en0', os.name: 'Mac OS X', os.arch: 'x86_64', os.version: '10.16', java.version: '1.8.0_275'
Driver info: com.kms.katalon.core.appium.driver.SwipeableAndroidDriver
Capabilities {app: /Users/a00139272/Katalon St..., appActivity: com.maybank2u.life.MainActi..., appPackage: com.maybank2u.life.sit, appWaitActivity: *, autoGrantPermissions: true, automationName: uiautomator2, chromedriverPort: 52878, databaseEnabled: false, desired: {app: /Users/a00139272/Katalon St..., appActivity: com.maybank2u.life.MainActi..., appPackage: com.maybank2u.life.sit, appWaitActivity: *, autoGrantPermissions: true, automationName: uiautomator2, chromedriverPort: 52878, deviceId: 002b9cc60508, deviceName: Xiaomi 21061119AG (Android 11), fullReset: false, newCommandTimeout: 1800, noReset: true, platform: ANDROID, platformName: android, platformVersion: 11, systemPort: 52876, udid: 002b9cc60508}, deviceApiLevel: 30, deviceId: 002b9cc60508, deviceManufacturer: Xiaomi, deviceModel: 21061119AG, deviceName: 002b9cc60508, deviceScreenDensity: 440, deviceScreenSize: 1080x2400, deviceUDID: 002b9cc60508, fullReset: false, javascriptEnabled: true, locationContextEnabled: false, networkConnectionEnabled: true, newCommandTimeout: 1800, noReset: true, pixelRatio: 2.75, platform: ANDROID, platformName: Android, platformVersion: 11, statBarHeight: 103, systemPort: 52876, takesScreenshot: true, udid: 002b9cc60508, viewportRect: {height: 2064, left: 0, top: 103, width: 1080}, warnings: {}, webStorageEnabled: false}
Session ID: 07e0a906-f567-4646-abfd-84c6cc800d18
	at org.openqa.selenium.remote.http.W3CHttpResponseCodec.createException(W3CHttpResponseCodec.java:187)
	at org.openqa.selenium.remote.http.W3CHttpResponseCodec.decode(W3CHttpResponseCodec.java:122)
	at org.openqa.selenium.remote.http.W3CHttpResponseCodec.decode(W3CHttpResponseCodec.java:49)
	at org.openqa.selenium.remote.HttpCommandExecutor.execute(HttpCommandExecutor.java:158)
	at io.appium.java_client.remote.AppiumCommandExecutor.execute(AppiumCommandExecutor.java:239)
	at org.openqa.selenium.remote.RemoteWebDriver.execute(RemoteWebDriver.java:552)
	at io.appium.java_client.DefaultGenericMobileDriver.execute(DefaultGenericMobileDriver.java:46)
	at io.appium.java_client.AppiumDriver.execute(AppiumDriver.java:1)
	at io.appium.java_client.android.AndroidDriver.execute(AndroidDriver.java:1)
	at com.kms.katalon.core.appium.driver.SwipeableAndroidDriver.execute(SwipeableAndroidDriver.java:1)
	at org.openqa.selenium.remote.RemoteWebDriver$RemoteWebDriverOptions$RemoteWindow.getSize(RemoteWebDriver.java:813)
	at org.openqa.selenium.WebDriver$Window$getSize.call(Unknown Source)
	at com.kms.katalon.core.mobile.keyword.internal.MobileAbstractKeyword.findElement(MobileAbstractKeyword.groovy:81)
	at com.kms.katalon.core.mobile.keyword.builtin.TapKeyword.access$1(TapKeyword.groovy)
	at com.kms.katalon.core.mobile.keyword.builtin.TapKeyword$_tap_closure1.doCall(TapKeyword.groovy:76)
	at com.kms.katalon.core.mobile.keyword.builtin.TapKeyword$_tap_closure1.call(TapKeyword.groovy)
	at com.kms.katalon.core.mobile.keyword.internal.MobileKeywordMain.runKeyword(MobileKeywordMain.groovy:21)
	at com.kms.katalon.core.mobile.keyword.builtin.TapKeyword.tap(TapKeyword.groovy:84)
	at com.kms.katalon.core.mobile.keyword.builtin.TapKeyword.execute(TapKeyword.groovy:68)
	at com.kms.katalon.core.keyword.internal.KeywordExecutor.executeKeywordForPlatform(KeywordExecutor.groovy:74)
	at com.kms.katalon.core.mobile.keyword.MobileBuiltInKeywords.tap(MobileBuiltInKeywords.groovy:1490)
	at com.kms.katalon.core.mobile.keyword.MobileBuiltInKeywords$tap$4.call(Unknown Source)
	at duitNow_recurringTransferTransaction.run(duitNow_recurringTransferTransaction:58)
	at com.kms.katalon.core.main.ScriptEngine.run(ScriptEngine.java:194)
	at com.kms.katalon.core.main.ScriptEngine.runScriptAsRawText(ScriptEngine.java:119)
	at com.kms.katalon.core.main.TestCaseExecutor.runScript(TestCaseExecutor.java:445)
	at com.kms.katalon.core.main.TestCaseExecutor.doExecute(TestCaseExecutor.java:436)
	at com.kms.katalon.core.main.TestCaseExecutor.processExecutionPhase(TestCaseExecutor.java:415)
	at com.kms.katalon.core.main.TestCaseExecutor.accessMainPhase(TestCaseExecutor.java:407)
	at com.kms.katalon.core.main.TestCaseExecutor.execute(TestCaseExecutor.java:284)
	at com.kms.katalon.core.common.CommonExecutor.accessTestCaseMainPhase(CommonExecutor.java:65)
	at com.kms.katalon.core.main.TestSuiteExecutor.accessTestSuiteMainPhase(TestSuiteExecutor.java:144)
	at com.kms.katalon.core.main.TestSuiteExecutor.execute(TestSuiteExecutor.java:106)
	at com.kms.katalon.core.main.TestCaseMain.startTestSuite(TestCaseMain.java:185)
	at com.kms.katalon.core.main.TestCaseMain$startTestSuite$0.call(Unknown Source)
	at TempTestSuite1655885093224.run(TempTestSuite1655885093224.groovy:36)
)
	at com.kms.katalon.core.keyword.internal.KeywordMain.stepFailed(KeywordMain.groovy:39)
	at com.kms.katalon.core.mobile.keyword.internal.MobileKeywordMain.stepFailed(MobileKeywordMain.groovy:40)
	at com.kms.katalon.core.mobile.keyword.internal.MobileKeywordMain.runKeyword(MobileKeywordMain.groovy:23)
	at com.kms.katalon.core.mobile.keyword.builtin.TapKeyword.tap(TapKeyword.groovy:84)
	at com.kms.katalon.core.mobile.keyword.builtin.TapKeyword.execute(TapKeyword.groovy:68)
	at com.kms.katalon.core.keyword.internal.KeywordExecutor.executeKeywordForPlatform(KeywordExecutor.groovy:74)
	at com.kms.katalon.core.mobile.keyword.MobileBuiltInKeywords.tap(MobileBuiltInKeywords.groovy:1490)
	at com.kms.katalon.core.mobile.keyword.MobileBuiltInKeywords$tap$4.call(Unknown Source)
	at duitNow_recurringTransferTransaction.run(duitNow_recurringTransferTransaction:58)
	at com.kms.katalon.core.main.ScriptEngine.run(ScriptEngine.java:194)
	at com.kms.katalon.core.main.ScriptEngine.runScriptAsRawText(ScriptEngine.java:119)
	at com.kms.katalon.core.main.TestCaseExecutor.runScript(TestCaseExecutor.java:445)
	at com.kms.katalon.core.main.TestCaseExecutor.doExecute(TestCaseExecutor.java:436)
	at com.kms.katalon.core.main.TestCaseExecutor.processExecutionPhase(TestCaseExecutor.java:415)
	at com.kms.katalon.core.main.TestCaseExecutor.accessMainPhase(TestCaseExecutor.java:407)
	at com.kms.katalon.core.main.TestCaseExecutor.execute(TestCaseExecutor.java:284)
	at com.kms.katalon.core.common.CommonExecutor.accessTestCaseMainPhase(CommonExecutor.java:65)
	at com.kms.katalon.core.main.TestSuiteExecutor.accessTestSuiteMainPhase(TestSuiteExecutor.java:144)
	at com.kms.katalon.core.main.TestSuiteExecutor.execute(TestSuiteExecutor.java:106)
	at com.kms.katalon.core.main.TestCaseMain.startTestSuite(TestCaseMain.java:185)
	at com.kms.katalon.core.main.TestCaseMain$startTestSuite$0.call(Unknown Source)
	at TempTestSuite1655885093224.run(TempTestSuite1655885093224.groovy:36)
Caused by: org.openqa.selenium.WebDriverException: An unknown server-side error occurred while processing the command. Original error: 'GET /window/current/size' cannot be proxied to UiAutomator2 server because the instrumentation process is not running (probably crashed). Check the server log and/or the logcat output for more details
Build info: version: '3.141.59', revision: 'e82be7d358', time: '2018-11-14T08:25:53'
System info: host: '00139272s-MacBook-Pro.local', ip: '2001:e68:6167:d901:5dd8:2a3:885f:7e34%en0', os.name: 'Mac OS X', os.arch: 'x86_64', os.version: '10.16', java.version: '1.8.0_275'
Driver info: com.kms.katalon.core.appium.driver.SwipeableAndroidDriver
Capabilities {app: /Users/a00139272/Katalon St..., appActivity: com.maybank2u.life.MainActi..., appPackage: com.maybank2u.life.sit, appWaitActivity: *, autoGrantPermissions: true, automationName: uiautomator2, chromedriverPort: 52878, databaseEnabled: false, desired: {app: /Users/a00139272/Katalon St..., appActivity: com.maybank2u.life.MainActi..., appPackage: com.maybank2u.life.sit, appWaitActivity: *, autoGrantPermissions: true, automationName: uiautomator2, chromedriverPort: 52878, deviceId: 002b9cc60508, deviceName: Xiaomi 21061119AG (Android 11), fullReset: false, newCommandTimeout: 1800, noReset: true, platform: ANDROID, platformName: android, platformVersion: 11, systemPort: 52876, udid: 002b9cc60508}, deviceApiLevel: 30, deviceId: 002b9cc60508, deviceManufacturer: Xiaomi, deviceModel: 21061119AG, deviceName: 002b9cc60508, deviceScreenDensity: 440, deviceScreenSize: 1080x2400, deviceUDID: 002b9cc60508, fullReset: false, javascriptEnabled: true, locationContextEnabled: false, networkConnectionEnabled: true, newCommandTimeout: 1800, noReset: true, pixelRatio: 2.75, platform: ANDROID, platformName: Android, platformVersion: 11, statBarHeight: 103, systemPort: 52876, takesScreenshot: true, udid: 002b9cc60508, viewportRect: {height: 2064, left: 0, top: 103, width: 1080}, warnings: {}, webStorageEnabled: false}
Session ID: 07e0a906-f567-4646-abfd-84c6cc800d18
	at org.openqa.selenium.remote.http.W3CHttpResponseCodec.createException(W3CHttpResponseCodec.java:187)
	at org.openqa.selenium.remote.http.W3CHttpResponseCodec.decode(W3CHttpResponseCodec.java:122)
	at org.openqa.selenium.remote.http.W3CHttpResponseCodec.decode(W3CHttpResponseCodec.java:49)
	at org.openqa.selenium.remote.HttpCommandExecutor.execute(HttpCommandExecutor.java:158)
	at io.appium.java_client.remote.AppiumCommandExecutor.execute(AppiumCommandExecutor.java:239)
	at org.openqa.selenium.remote.RemoteWebDriver.execute(RemoteWebDriver.java:552)
	at io.appium.java_client.DefaultGenericMobileDriver.execute(DefaultGenericMobileDriver.java:46)
	at io.appium.java_client.AppiumDriver.execute(AppiumDriver.java:1)
	at io.appium.java_client.android.AndroidDriver.execute(AndroidDriver.java:1)
	at com.kms.katalon.core.appium.driver.SwipeableAndroidDriver.execute(SwipeableAndroidDriver.java:1)
	at org.openqa.selenium.remote.RemoteWebDriver$RemoteWebDriverOptions$RemoteWindow.getSize(RemoteWebDriver.java:813)
	at org.openqa.selenium.WebDriver$Window$getSize.call(Unknown Source)
	at com.kms.katalon.core.mobile.keyword.internal.MobileAbstractKeyword.findElement(MobileAbstractKeyword.groovy:81)
	at com.kms.katalon.core.mobile.keyword.builtin.TapKeyword.access$1(TapKeyword.groovy)
	at com.kms.katalon.core.mobile.keyword.builtin.TapKeyword$_tap_closure1.doCall(TapKeyword.groovy:76)
	at com.kms.katalon.core.mobile.keyword.builtin.TapKeyword$_tap_closure1.call(TapKeyword.groovy)
	at com.kms.katalon.core.mobile.keyword.internal.MobileKeywordMain.runKeyword(MobileKeywordMain.groovy:21)
	... 19 more


2022-06-22 16:48:32 - [TEST_STEP][PASSED] - delay(3): Delayed 3 second(s)

2022-06-22 16:48:35 - [MESSAGE][PASSED] - Delayed 3 second(s)

2022-06-22 16:48:35 - [TEST_STEP][FAILED] - tap(findTestObject("Banking/m2uAccountTransferIconSelect"), 0): Failed to tap on element 'Object Repository/Banking/m2uAccountTransferIconSelect' (Root cause: org.openqa.selenium.WebDriverException: An unknown server-side error occurred while processing the command. Original error: 'GET /window/current/size' cannot be proxied to UiAutomator2 server because the instrumentation process is not running (probably crashed). Check the server log and/or the logcat output for more details
Build info: version: '3.141.59', revision: 'e82be7d358', time: '2018-11-14T08:25:53'
System info: host: '00139272s-MacBook-Pro.local', ip: '2001:e68:6167:d901:5dd8:2a3:885f:7e34%en0', os.name: 'Mac OS X', os.arch: 'x86_64', os.version: '10.16', java.version: '1.8.0_275'
Driver info: com.kms.katalon.core.appium.driver.SwipeableAndroidDriver
Capabilities {app: /Users/a00139272/Katalon St..., appActivity: com.maybank2u.life.MainActi..., appPackage: com.maybank2u.life.sit, appWaitActivity: *, autoGrantPermissions: true, automationName: uiautomator2, chromedriverPort: 52878, databaseEnabled: false, desired: {app: /Users/a00139272/Katalon St..., appActivity: com.maybank2u.life.MainActi..., appPackage: com.maybank2u.life.sit, appWaitActivity: *, autoGrantPermissions: true, automationName: uiautomator2, chromedriverPort: 52878, deviceId: 002b9cc60508, deviceName: Xiaomi 21061119AG (Android 11), fullReset: false, newCommandTimeout: 1800, noReset: true, platform: ANDROID, platformName: android, platformVersion: 11, systemPort: 52876, udid: 002b9cc60508}, deviceApiLevel: 30, deviceId: 002b9cc60508, deviceManufacturer: Xiaomi, deviceModel: 21061119AG, deviceName: 002b9cc60508, deviceScreenDensity: 440, deviceScreenSize: 1080x2400, deviceUDID: 002b9cc60508, fullReset: false, javascriptEnabled: true, locationContextEnabled: false, networkConnectionEnabled: true, newCommandTimeout: 1800, noReset: true, pixelRatio: 2.75, platform: ANDROID, platformName: Android, platformVersion: 11, statBarHeight: 103, systemPort: 52876, takesScreenshot: true, udid: 002b9cc60508, viewportRect: {height: 2064, left: 0, top: 103, width: 1080}, warnings: {}, webStorageEnabled: false}
Session ID: 07e0a906-f567-4646-abfd-84c6cc800d18
	at org.openqa.selenium.remote.http.W3CHttpResponseCodec.createException(W3CHttpResponseCodec.java:187)
	at org.openqa.selenium.remote.http.W3CHttpResponseCodec.decode(W3CHttpResponseCodec.java:122)
	at org.openqa.selenium.remote.http.W3CHttpResponseCodec.decode(W3CHttpResponseCodec.java:49)
	at org.openqa.selenium.remote.HttpCommandExecutor.execute(HttpCommandExecutor.java:158)
	at io.appium.java_client.remote.AppiumCommandExecutor.execute(AppiumCommandExecutor.java:239)
	at org.openqa.selenium.remote.RemoteWebDriver.execute(RemoteWebDriver.java:552)
	at io.appium.java_client.DefaultGenericMobileDriver.execute(DefaultGenericMobileDriver.java:46)
	at io.appium.java_client.AppiumDriver.execute(AppiumDriver.java:1)
	at io.appium.java_client.android.AndroidDriver.execute(AndroidDriver.java:1)
	at com.kms.katalon.core.appium.driver.SwipeableAndroidDriver.execute(SwipeableAndroidDriver.java:1)
	at org.openqa.selenium.remote.RemoteWebDriver$RemoteWebDriverOptions$RemoteWindow.getSize(RemoteWebDriver.java:813)
	at org.openqa.selenium.WebDriver$Window$getSize.call(Unknown Source)
	at com.kms.katalon.core.mobile.keyword.internal.MobileAbstractKeyword.findElement(MobileAbstractKeyword.groovy:81)
	at com.kms.katalon.core.mobile.keyword.builtin.TapKeyword.access$1(TapKeyword.groovy)
	at com.kms.katalon.core.mobile.keyword.builtin.TapKeyword$_tap_closure1.doCall(TapKeyword.groovy:76)
	at com.kms.katalon.core.mobile.keyword.builtin.TapKeyword$_tap_closure1.call(TapKeyword.groovy)
	at com.kms.katalon.core.mobile.keyword.internal.MobileKeywordMain.runKeyword(MobileKeywordMain.groovy:21)
	at com.kms.katalon.core.mobile.keyword.builtin.TapKeyword.tap(TapKeyword.groovy:84)
	at com.kms.katalon.core.mobile.keyword.builtin.TapKeyword.execute(TapKeyword.groovy:68)
	at com.kms.katalon.core.keyword.internal.KeywordExecutor.executeKeywordForPlatform(KeywordExecutor.groovy:74)
	at com.kms.katalon.core.mobile.keyword.MobileBuiltInKeywords.tap(MobileBuiltInKeywords.groovy:1490)
	at com.kms.katalon.core.mobile.keyword.MobileBuiltInKeywords$tap$4.call(Unknown Source)
	at duitNow_recurringTransferTransaction.run(duitNow_recurringTransferTransaction:58)
	at com.kms.katalon.core.main.ScriptEngine.run(ScriptEngine.java:194)
	at com.kms.katalon.core.main.ScriptEngine.runScriptAsRawText(ScriptEngine.java:119)
	at com.kms.katalon.core.main.TestCaseExecutor.runScript(TestCaseExecutor.java:445)
	at com.kms.katalon.core.main.TestCaseExecutor.doExecute(TestCaseExecutor.java:436)
	at com.kms.katalon.core.main.TestCaseExecutor.processExecutionPhase(TestCaseExecutor.java:415)
	at com.kms.katalon.core.main.TestCaseExecutor.accessMainPhase(TestCaseExecutor.java:407)
	at com.kms.katalon.core.main.TestCaseExecutor.execute(TestCaseExecutor.java:284)
	at com.kms.katalon.core.common.CommonExecutor.accessTestCaseMainPhase(CommonExecutor.java:65)
	at com.kms.katalon.core.main.TestSuiteExecutor.accessTestSuiteMainPhase(TestSuiteExecutor.java:144)
	at com.kms.katalon.core.main.TestSuiteExecutor.execute(TestSuiteExecutor.java:106)
	at com.kms.katalon.core.main.TestCaseMain.startTestSuite(TestCaseMain.java:185)
	at com.kms.katalon.core.main.TestCaseMain$startTestSuite$0.call(Unknown Source)
	at TempTestSuite1655885093224.run(TempTestSuite1655885093224.groovy:36)
)

2022-06-22 16:48:35 - [MESSAGE][WARNING] - Timeout '0' is invalid. Using default page load timeout: '40'

2022-06-22 16:48:35 - [MESSAGE][FAILED] - Failed to tap on element 'Object Repository/Banking/m2uAccountTransferIconSelect' (Root cause: org.openqa.selenium.WebDriverException: An unknown server-side error occurred while processing the command. Original error: 'GET /window/current/size' cannot be proxied to UiAutomator2 server because the instrumentation process is not running (probably crashed). Check the server log and/or the logcat output for more details
Build info: version: '3.141.59', revision: 'e82be7d358', time: '2018-11-14T08:25:53'
System info: host: '00139272s-MacBook-Pro.local', ip: '2001:e68:6167:d901:5dd8:2a3:885f:7e34%en0', os.name: 'Mac OS X', os.arch: 'x86_64', os.version: '10.16', java.version: '1.8.0_275'
Driver info: com.kms.katalon.core.appium.driver.SwipeableAndroidDriver
Capabilities {app: /Users/a00139272/Katalon St..., appActivity: com.maybank2u.life.MainActi..., appPackage: com.maybank2u.life.sit, appWaitActivity: *, autoGrantPermissions: true, automationName: uiautomator2, chromedriverPort: 52878, databaseEnabled: false, desired: {app: /Users/a00139272/Katalon St..., appActivity: com.maybank2u.life.MainActi..., appPackage: com.maybank2u.life.sit, appWaitActivity: *, autoGrantPermissions: true, automationName: uiautomator2, chromedriverPort: 52878, deviceId: 002b9cc60508, deviceName: Xiaomi 21061119AG (Android 11), fullReset: false, newCommandTimeout: 1800, noReset: true, platform: ANDROID, platformName: android, platformVersion: 11, systemPort: 52876, udid: 002b9cc60508}, deviceApiLevel: 30, deviceId: 002b9cc60508, deviceManufacturer: Xiaomi, deviceModel: 21061119AG, deviceName: 002b9cc60508, deviceScreenDensity: 440, deviceScreenSize: 1080x2400, deviceUDID: 002b9cc60508, fullReset: false, javascriptEnabled: true, locationContextEnabled: false, networkConnectionEnabled: true, newCommandTimeout: 1800, noReset: true, pixelRatio: 2.75, platform: ANDROID, platformName: Android, platformVersion: 11, statBarHeight: 103, systemPort: 52876, takesScreenshot: true, udid: 002b9cc60508, viewportRect: {height: 2064, left: 0, top: 103, width: 1080}, warnings: {}, webStorageEnabled: false}
Session ID: 07e0a906-f567-4646-abfd-84c6cc800d18
	at org.openqa.selenium.remote.http.W3CHttpResponseCodec.createException(W3CHttpResponseCodec.java:187)
	at org.openqa.selenium.remote.http.W3CHttpResponseCodec.decode(W3CHttpResponseCodec.java:122)
	at org.openqa.selenium.remote.http.W3CHttpResponseCodec.decode(W3CHttpResponseCodec.java:49)
	at org.openqa.selenium.remote.HttpCommandExecutor.execute(HttpCommandExecutor.java:158)
	at io.appium.java_client.remote.AppiumCommandExecutor.execute(AppiumCommandExecutor.java:239)
	at org.openqa.selenium.remote.RemoteWebDriver.execute(RemoteWebDriver.java:552)
	at io.appium.java_client.DefaultGenericMobileDriver.execute(DefaultGenericMobileDriver.java:46)
	at io.appium.java_client.AppiumDriver.execute(AppiumDriver.java:1)
	at io.appium.java_client.android.AndroidDriver.execute(AndroidDriver.java:1)
	at com.kms.katalon.core.appium.driver.SwipeableAndroidDriver.execute(SwipeableAndroidDriver.java:1)
	at org.openqa.selenium.remote.RemoteWebDriver$RemoteWebDriverOptions$RemoteWindow.getSize(RemoteWebDriver.java:813)
	at org.openqa.selenium.WebDriver$Window$getSize.call(Unknown Source)
	at com.kms.katalon.core.mobile.keyword.internal.MobileAbstractKeyword.findElement(MobileAbstractKeyword.groovy:81)
	at com.kms.katalon.core.mobile.keyword.builtin.TapKeyword.access$1(TapKeyword.groovy)
	at com.kms.katalon.core.mobile.keyword.builtin.TapKeyword$_tap_closure1.doCall(TapKeyword.groovy:76)
	at com.kms.katalon.core.mobile.keyword.builtin.TapKeyword$_tap_closure1.call(TapKeyword.groovy)
	at com.kms.katalon.core.mobile.keyword.internal.MobileKeywordMain.runKeyword(MobileKeywordMain.groovy:21)
	at com.kms.katalon.core.mobile.keyword.builtin.TapKeyword.tap(TapKeyword.groovy:84)
	at com.kms.katalon.core.mobile.keyword.builtin.TapKeyword.execute(TapKeyword.groovy:68)
	at com.kms.katalon.core.keyword.internal.KeywordExecutor.executeKeywordForPlatform(KeywordExecutor.groovy:74)
	at com.kms.katalon.core.mobile.keyword.MobileBuiltInKeywords.tap(MobileBuiltInKeywords.groovy:1490)
	at com.kms.katalon.core.mobile.keyword.MobileBuiltInKeywords$tap$4.call(Unknown Source)
	at duitNow_recurringTransferTransaction.run(duitNow_recurringTransferTransaction:58)
	at com.kms.katalon.core.main.ScriptEngine.run(ScriptEngine.java:194)
	at com.kms.katalon.core.main.ScriptEngine.runScriptAsRawText(ScriptEngine.java:119)
	at com.kms.katalon.core.main.TestCaseExecutor.runScript(TestCaseExecutor.java:445)
	at com.kms.katalon.core.main.TestCaseExecutor.doExecute(TestCaseExecutor.java:436)
	at com.kms.katalon.core.main.TestCaseExecutor.processExecutionPhase(TestCaseExecutor.java:415)
	at com.kms.katalon.core.main.TestCaseExecutor.accessMainPhase(TestCaseExecutor.java:407)
	at com.kms.katalon.core.main.TestCaseExecutor.execute(TestCaseExecutor.java:284)
	at com.kms.katalon.core.common.CommonExecutor.accessTestCaseMainPhase(CommonExecutor.java:65)
	at com.kms.katalon.core.main.TestSuiteExecutor.accessTestSuiteMainPhase(TestSuiteExecutor.java:144)
	at com.kms.katalon.core.main.TestSuiteExecutor.execute(TestSuiteExecutor.java:106)
	at com.kms.katalon.core.main.TestCaseMain.startTestSuite(TestCaseMain.java:185)
	at com.kms.katalon.core.main.TestCaseMain$startTestSuite$0.call(Unknown Source)
	at TempTestSuite1655885093224.run(TempTestSuite1655885093224.groovy:36)
)

2022-06-22 16:48:35 - [TEST_STEP][FAILED] - tap(findTestObject("Banking/transferDuitNowTopMenuSelect"), 10): Failed to tap on element 'Object Repository/Banking/transferDuitNowTopMenuSelect' (Root cause: org.openqa.selenium.WebDriverException: An unknown server-side error occurred while processing the command. Original error: 'GET /window/current/size' cannot be proxied to UiAutomator2 server because the instrumentation process is not running (probably crashed). Check the server log and/or the logcat output for more details
Build info: version: '3.141.59', revision: 'e82be7d358', time: '2018-11-14T08:25:53'
System info: host: '00139272s-MacBook-Pro.local', ip: '2001:e68:6167:d901:5dd8:2a3:885f:7e34%en0', os.name: 'Mac OS X', os.arch: 'x86_64', os.version: '10.16', java.version: '1.8.0_275'
Driver info: com.kms.katalon.core.appium.driver.SwipeableAndroidDriver
Capabilities {app: /Users/a00139272/Katalon St..., appActivity: com.maybank2u.life.MainActi..., appPackage: com.maybank2u.life.sit, appWaitActivity: *, autoGrantPermissions: true, automationName: uiautomator2, chromedriverPort: 52878, databaseEnabled: false, desired: {app: /Users/a00139272/Katalon St..., appActivity: com.maybank2u.life.MainActi..., appPackage: com.maybank2u.life.sit, appWaitActivity: *, autoGrantPermissions: true, automationName: uiautomator2, chromedriverPort: 52878, deviceId: 002b9cc60508, deviceName: Xiaomi 21061119AG (Android 11), fullReset: false, newCommandTimeout: 1800, noReset: true, platform: ANDROID, platformName: android, platformVersion: 11, systemPort: 52876, udid: 002b9cc60508}, deviceApiLevel: 30, deviceId: 002b9cc60508, deviceManufacturer: Xiaomi, deviceModel: 21061119AG, deviceName: 002b9cc60508, deviceScreenDensity: 440, deviceScreenSize: 1080x2400, deviceUDID: 002b9cc60508, fullReset: false, javascriptEnabled: true, locationContextEnabled: false, networkConnectionEnabled: true, newCommandTimeout: 1800, noReset: true, pixelRatio: 2.75, platform: ANDROID, platformName: Android, platformVersion: 11, statBarHeight: 103, systemPort: 52876, takesScreenshot: true, udid: 002b9cc60508, viewportRect: {height: 2064, left: 0, top: 103, width: 1080}, warnings: {}, webStorageEnabled: false}
Session ID: 07e0a906-f567-4646-abfd-84c6cc800d18
	at org.openqa.selenium.remote.http.W3CHttpResponseCodec.createException(W3CHttpResponseCodec.java:187)
	at org.openqa.selenium.remote.http.W3CHttpResponseCodec.decode(W3CHttpResponseCodec.java:122)
	at org.openqa.selenium.remote.http.W3CHttpResponseCodec.decode(W3CHttpResponseCodec.java:49)
	at org.openqa.selenium.remote.HttpCommandExecutor.execute(HttpCommandExecutor.java:158)
	at io.appium.java_client.remote.AppiumCommandExecutor.execute(AppiumCommandExecutor.java:239)
	at org.openqa.selenium.remote.RemoteWebDriver.execute(RemoteWebDriver.java:552)
	at io.appium.java_client.DefaultGenericMobileDriver.execute(DefaultGenericMobileDriver.java:46)
	at io.appium.java_client.AppiumDriver.execute(AppiumDriver.java:1)
	at io.appium.java_client.android.AndroidDriver.execute(AndroidDriver.java:1)
	at com.kms.katalon.core.appium.driver.SwipeableAndroidDriver.execute(SwipeableAndroidDriver.java:1)
	at org.openqa.selenium.remote.RemoteWebDriver$RemoteWebDriverOptions$RemoteWindow.getSize(RemoteWebDriver.java:813)
	at org.openqa.selenium.WebDriver$Window$getSize.call(Unknown Source)
	at com.kms.katalon.core.mobile.keyword.internal.MobileAbstractKeyword.findElement(MobileAbstractKeyword.groovy:81)
	at com.kms.katalon.core.mobile.keyword.builtin.TapKeyword.access$1(TapKeyword.groovy)
	at com.kms.katalon.core.mobile.keyword.builtin.TapKeyword$_tap_closure1.doCall(TapKeyword.groovy:76)
	at com.kms.katalon.core.mobile.keyword.builtin.TapKeyword$_tap_closure1.call(TapKeyword.groovy)
	at com.kms.katalon.core.mobile.keyword.internal.MobileKeywordMain.runKeyword(MobileKeywordMain.groovy:21)
	at com.kms.katalon.core.mobile.keyword.builtin.TapKeyword.tap(TapKeyword.groovy:84)
	at com.kms.katalon.core.mobile.keyword.builtin.TapKeyword.execute(TapKeyword.groovy:68)
	at com.kms.katalon.core.keyword.internal.KeywordExecutor.executeKeywordForPlatform(KeywordExecutor.groovy:74)
	at com.kms.katalon.core.mobile.keyword.MobileBuiltInKeywords.tap(MobileBuiltInKeywords.groovy:1490)
	at com.kms.katalon.core.mobile.keyword.MobileBuiltInKeywords$tap$4.call(Unknown Source)
	at duitNow_recurringTransferTransaction.run(duitNow_recurringTransferTransaction:68)
	at com.kms.katalon.core.main.ScriptEngine.run(ScriptEngine.java:194)
	at com.kms.katalon.core.main.ScriptEngine.runScriptAsRawText(ScriptEngine.java:119)
	at com.kms.katalon.core.main.TestCaseExecutor.runScript(TestCaseExecutor.java:445)
	at com.kms.katalon.core.main.TestCaseExecutor.doExecute(TestCaseExecutor.java:436)
	at com.kms.katalon.core.main.TestCaseExecutor.processExecutionPhase(TestCaseExecutor.java:415)
	at com.kms.katalon.core.main.TestCaseExecutor.accessMainPhase(TestCaseExecutor.java:407)
	at com.kms.katalon.core.main.TestCaseExecutor.execute(TestCaseExecutor.java:284)
	at com.kms.katalon.core.common.CommonExecutor.accessTestCaseMainPhase(CommonExecutor.java:65)
	at com.kms.katalon.core.main.TestSuiteExecutor.accessTestSuiteMainPhase(TestSuiteExecutor.java:144)
	at com.kms.katalon.core.main.TestSuiteExecutor.execute(TestSuiteExecutor.java:106)
	at com.kms.katalon.core.main.TestCaseMain.startTestSuite(TestCaseMain.java:185)
	at com.kms.katalon.core.main.TestCaseMain$startTestSuite$0.call(Unknown Source)
	at TempTestSuite1655885093224.run(TempTestSuite1655885093224.groovy:36)
)

2022-06-22 16:48:35 - [MESSAGE][FAILED] - Failed to tap on element 'Object Repository/Banking/transferDuitNowTopMenuSelect' (Root cause: org.openqa.selenium.WebDriverException: An unknown server-side error occurred while processing the command. Original error: 'GET /window/current/size' cannot be proxied to UiAutomator2 server because the instrumentation process is not running (probably crashed). Check the server log and/or the logcat output for more details
Build info: version: '3.141.59', revision: 'e82be7d358', time: '2018-11-14T08:25:53'
System info: host: '00139272s-MacBook-Pro.local', ip: '2001:e68:6167:d901:5dd8:2a3:885f:7e34%en0', os.name: 'Mac OS X', os.arch: 'x86_64', os.version: '10.16', java.version: '1.8.0_275'
Driver info: com.kms.katalon.core.appium.driver.SwipeableAndroidDriver
Capabilities {app: /Users/a00139272/Katalon St..., appActivity: com.maybank2u.life.MainActi..., appPackage: com.maybank2u.life.sit, appWaitActivity: *, autoGrantPermissions: true, automationName: uiautomator2, chromedriverPort: 52878, databaseEnabled: false, desired: {app: /Users/a00139272/Katalon St..., appActivity: com.maybank2u.life.MainActi..., appPackage: com.maybank2u.life.sit, appWaitActivity: *, autoGrantPermissions: true, automationName: uiautomator2, chromedriverPort: 52878, deviceId: 002b9cc60508, deviceName: Xiaomi 21061119AG (Android 11), fullReset: false, newCommandTimeout: 1800, noReset: true, platform: ANDROID, platformName: android, platformVersion: 11, systemPort: 52876, udid: 002b9cc60508}, deviceApiLevel: 30, deviceId: 002b9cc60508, deviceManufacturer: Xiaomi, deviceModel: 21061119AG, deviceName: 002b9cc60508, deviceScreenDensity: 440, deviceScreenSize: 1080x2400, deviceUDID: 002b9cc60508, fullReset: false, javascriptEnabled: true, locationContextEnabled: false, networkConnectionEnabled: true, newCommandTimeout: 1800, noReset: true, pixelRatio: 2.75, platform: ANDROID, platformName: Android, platformVersion: 11, statBarHeight: 103, systemPort: 52876, takesScreenshot: true, udid: 002b9cc60508, viewportRect: {height: 2064, left: 0, top: 103, width: 1080}, warnings: {}, webStorageEnabled: false}
Session ID: 07e0a906-f567-4646-abfd-84c6cc800d18
	at org.openqa.selenium.remote.http.W3CHttpResponseCodec.createException(W3CHttpResponseCodec.java:187)
	at org.openqa.selenium.remote.http.W3CHttpResponseCodec.decode(W3CHttpResponseCodec.java:122)
	at org.openqa.selenium.remote.http.W3CHttpResponseCodec.decode(W3CHttpResponseCodec.java:49)
	at org.openqa.selenium.remote.HttpCommandExecutor.execute(HttpCommandExecutor.java:158)
	at io.appium.java_client.remote.AppiumCommandExecutor.execute(AppiumCommandExecutor.java:239)
	at org.openqa.selenium.remote.RemoteWebDriver.execute(RemoteWebDriver.java:552)
	at io.appium.java_client.DefaultGenericMobileDriver.execute(DefaultGenericMobileDriver.java:46)
	at io.appium.java_client.AppiumDriver.execute(AppiumDriver.java:1)
	at io.appium.java_client.android.AndroidDriver.execute(AndroidDriver.java:1)
	at com.kms.katalon.core.appium.driver.SwipeableAndroidDriver.execute(SwipeableAndroidDriver.java:1)
	at org.openqa.selenium.remote.RemoteWebDriver$RemoteWebDriverOptions$RemoteWindow.getSize(RemoteWebDriver.java:813)
	at org.openqa.selenium.WebDriver$Window$getSize.call(Unknown Source)
	at com.kms.katalon.core.mobile.keyword.internal.MobileAbstractKeyword.findElement(MobileAbstractKeyword.groovy:81)
	at com.kms.katalon.core.mobile.keyword.builtin.TapKeyword.access$1(TapKeyword.groovy)
	at com.kms.katalon.core.mobile.keyword.builtin.TapKeyword$_tap_closure1.doCall(TapKeyword.groovy:76)
	at com.kms.katalon.core.mobile.keyword.builtin.TapKeyword$_tap_closure1.call(TapKeyword.groovy)
	at com.kms.katalon.core.mobile.keyword.internal.MobileKeywordMain.runKeyword(MobileKeywordMain.groovy:21)
	at com.kms.katalon.core.mobile.keyword.builtin.TapKeyword.tap(TapKeyword.groovy:84)
	at com.kms.katalon.core.mobile.keyword.builtin.TapKeyword.execute(TapKeyword.groovy:68)
	at com.kms.katalon.core.keyword.internal.KeywordExecutor.executeKeywordForPlatform(KeywordExecutor.groovy:74)
	at com.kms.katalon.core.mobile.keyword.MobileBuiltInKeywords.tap(MobileBuiltInKeywords.groovy:1490)
	at com.kms.katalon.core.mobile.keyword.MobileBuiltInKeywords$tap$4.call(Unknown Source)
	at duitNow_recurringTransferTransaction.run(duitNow_recurringTransferTransaction:68)
	at com.kms.katalon.core.main.ScriptEngine.run(ScriptEngine.java:194)
	at com.kms.katalon.core.main.ScriptEngine.runScriptAsRawText(ScriptEngine.java:119)
	at com.kms.katalon.core.main.TestCaseExecutor.runScript(TestCaseExecutor.java:445)
	at com.kms.katalon.core.main.TestCaseExecutor.doExecute(TestCaseExecutor.java:436)
	at com.kms.katalon.core.main.TestCaseExecutor.processExecutionPhase(TestCaseExecutor.java:415)
	at com.kms.katalon.core.main.TestCaseExecutor.accessMainPhase(TestCaseExecutor.java:407)
	at com.kms.katalon.core.main.TestCaseExecutor.execute(TestCaseExecutor.java:284)
	at com.kms.katalon.core.common.CommonExecutor.accessTestCaseMainPhase(CommonExecutor.java:65)
	at com.kms.katalon.core.main.TestSuiteExecutor.accessTestSuiteMainPhase(TestSuiteExecutor.java:144)
	at com.kms.katalon.core.main.TestSuiteExecutor.execute(TestSuiteExecutor.java:106)
	at com.kms.katalon.core.main.TestCaseMain.startTestSuite(TestCaseMain.java:185)
	at com.kms.katalon.core.main.TestCaseMain$startTestSuite$0.call(Unknown Source)
	at TempTestSuite1655885093224.run(TempTestSuite1655885093224.groovy:36)
)

2022-06-22 16:48:35 - [TEST_STEP][FAILED] - tap(findTestObject("Banking/duitNowOtherIconSelect"), 10): Failed to tap on element 'Object Repository/Banking/duitNowOtherIconSelect' (Root cause: org.openqa.selenium.WebDriverException: An unknown server-side error occurred while processing the command. Original error: 'GET /window/current/size' cannot be proxied to UiAutomator2 server because the instrumentation process is not running (probably crashed). Check the server log and/or the logcat output for more details
Build info: version: '3.141.59', revision: 'e82be7d358', time: '2018-11-14T08:25:53'
System info: host: '00139272s-MacBook-Pro.local', ip: '2001:e68:6167:d901:5dd8:2a3:885f:7e34%en0', os.name: 'Mac OS X', os.arch: 'x86_64', os.version: '10.16', java.version: '1.8.0_275'
Driver info: com.kms.katalon.core.appium.driver.SwipeableAndroidDriver
Capabilities {app: /Users/a00139272/Katalon St..., appActivity: com.maybank2u.life.MainActi..., appPackage: com.maybank2u.life.sit, appWaitActivity: *, autoGrantPermissions: true, automationName: uiautomator2, chromedriverPort: 52878, databaseEnabled: false, desired: {app: /Users/a00139272/Katalon St..., appActivity: com.maybank2u.life.MainActi..., appPackage: com.maybank2u.life.sit, appWaitActivity: *, autoGrantPermissions: true, automationName: uiautomator2, chromedriverPort: 52878, deviceId: 002b9cc60508, deviceName: Xiaomi 21061119AG (Android 11), fullReset: false, newCommandTimeout: 1800, noReset: true, platform: ANDROID, platformName: android, platformVersion: 11, systemPort: 52876, udid: 002b9cc60508}, deviceApiLevel: 30, deviceId: 002b9cc60508, deviceManufacturer: Xiaomi, deviceModel: 21061119AG, deviceName: 002b9cc60508, deviceScreenDensity: 440, deviceScreenSize: 1080x2400, deviceUDID: 002b9cc60508, fullReset: false, javascriptEnabled: true, locationContextEnabled: false, networkConnectionEnabled: true, newCommandTimeout: 1800, noReset: true, pixelRatio: 2.75, platform: ANDROID, platformName: Android, platformVersion: 11, statBarHeight: 103, systemPort: 52876, takesScreenshot: true, udid: 002b9cc60508, viewportRect: {height: 2064, left: 0, top: 103, width: 1080}, warnings: {}, webStorageEnabled: false}
Session ID: 07e0a906-f567-4646-abfd-84c6cc800d18
	at org.openqa.selenium.remote.http.W3CHttpResponseCodec.createException(W3CHttpResponseCodec.java:187)
	at org.openqa.selenium.remote.http.W3CHttpResponseCodec.decode(W3CHttpResponseCodec.java:122)
	at org.openqa.selenium.remote.http.W3CHttpResponseCodec.decode(W3CHttpResponseCodec.java:49)
	at org.openqa.selenium.remote.HttpCommandExecutor.execute(HttpCommandExecutor.java:158)
	at io.appium.java_client.remote.AppiumCommandExecutor.execute(AppiumCommandExecutor.java:239)
	at org.openqa.selenium.remote.RemoteWebDriver.execute(RemoteWebDriver.java:552)
	at io.appium.java_client.DefaultGenericMobileDriver.execute(DefaultGenericMobileDriver.java:46)
	at io.appium.java_client.AppiumDriver.execute(AppiumDriver.java:1)
	at io.appium.java_client.android.AndroidDriver.execute(AndroidDriver.java:1)
	at com.kms.katalon.core.appium.driver.SwipeableAndroidDriver.execute(SwipeableAndroidDriver.java:1)
	at org.openqa.selenium.remote.RemoteWebDriver$RemoteWebDriverOptions$RemoteWindow.getSize(RemoteWebDriver.java:813)
	at org.openqa.selenium.WebDriver$Window$getSize.call(Unknown Source)
	at com.kms.katalon.core.mobile.keyword.internal.MobileAbstractKeyword.findElement(MobileAbstractKeyword.groovy:81)
	at com.kms.katalon.core.mobile.keyword.builtin.TapKeyword.access$1(TapKeyword.groovy)
	at com.kms.katalon.core.mobile.keyword.builtin.TapKeyword$_tap_closure1.doCall(TapKeyword.groovy:76)
	at com.kms.katalon.core.mobile.keyword.builtin.TapKeyword$_tap_closure1.call(TapKeyword.groovy)
	at com.kms.katalon.core.mobile.keyword.internal.MobileKeywordMain.runKeyword(MobileKeywordMain.groovy:21)
	at com.kms.katalon.core.mobile.keyword.builtin.TapKeyword.tap(TapKeyword.groovy:84)
	at com.kms.katalon.core.mobile.keyword.builtin.TapKeyword.execute(TapKeyword.groovy:68)
	at com.kms.katalon.core.keyword.internal.KeywordExecutor.executeKeywordForPlatform(KeywordExecutor.groovy:74)
	at com.kms.katalon.core.mobile.keyword.MobileBuiltInKeywords.tap(MobileBuiltInKeywords.groovy:1490)
	at com.kms.katalon.core.mobile.keyword.MobileBuiltInKeywords$tap$4.call(Unknown Source)
	at duitNow_recurringTransferTransaction.run(duitNow_recurringTransferTransaction:70)
	at com.kms.katalon.core.main.ScriptEngine.run(ScriptEngine.java:194)
	at com.kms.katalon.core.main.ScriptEngine.runScriptAsRawText(ScriptEngine.java:119)
	at com.kms.katalon.core.main.TestCaseExecutor.runScript(TestCaseExecutor.java:445)
	at com.kms.katalon.core.main.TestCaseExecutor.doExecute(TestCaseExecutor.java:436)
	at com.kms.katalon.core.main.TestCaseExecutor.processExecutionPhase(TestCaseExecutor.java:415)
	at com.kms.katalon.core.main.TestCaseExecutor.accessMainPhase(TestCaseExecutor.java:407)
	at com.kms.katalon.core.main.TestCaseExecutor.execute(TestCaseExecutor.java:284)
	at com.kms.katalon.core.common.CommonExecutor.accessTestCaseMainPhase(CommonExecutor.java:65)
	at com.kms.katalon.core.main.TestSuiteExecutor.accessTestSuiteMainPhase(TestSuiteExecutor.java:144)
	at com.kms.katalon.core.main.TestSuiteExecutor.execute(TestSuiteExecutor.java:106)
	at com.kms.katalon.core.main.TestCaseMain.startTestSuite(TestCaseMain.java:185)
	at com.kms.katalon.core.main.TestCaseMain$startTestSuite$0.call(Unknown Source)
	at TempTestSuite1655885093224.run(TempTestSuite1655885093224.groovy:36)
)

2022-06-22 16:48:35 - [MESSAGE][FAILED] - Failed to tap on element 'Object Repository/Banking/duitNowOtherIconSelect' (Root cause: org.openqa.selenium.WebDriverException: An unknown server-side error occurred while processing the command. Original error: 'GET /window/current/size' cannot be proxied to UiAutomator2 server because the instrumentation process is not running (probably crashed). Check the server log and/or the logcat output for more details
Build info: version: '3.141.59', revision: 'e82be7d358', time: '2018-11-14T08:25:53'
System info: host: '00139272s-MacBook-Pro.local', ip: '2001:e68:6167:d901:5dd8:2a3:885f:7e34%en0', os.name: 'Mac OS X', os.arch: 'x86_64', os.version: '10.16', java.version: '1.8.0_275'
Driver info: com.kms.katalon.core.appium.driver.SwipeableAndroidDriver
Capabilities {app: /Users/a00139272/Katalon St..., appActivity: com.maybank2u.life.MainActi..., appPackage: com.maybank2u.life.sit, appWaitActivity: *, autoGrantPermissions: true, automationName: uiautomator2, chromedriverPort: 52878, databaseEnabled: false, desired: {app: /Users/a00139272/Katalon St..., appActivity: com.maybank2u.life.MainActi..., appPackage: com.maybank2u.life.sit, appWaitActivity: *, autoGrantPermissions: true, automationName: uiautomator2, chromedriverPort: 52878, deviceId: 002b9cc60508, deviceName: Xiaomi 21061119AG (Android 11), fullReset: false, newCommandTimeout: 1800, noReset: true, platform: ANDROID, platformName: android, platformVersion: 11, systemPort: 52876, udid: 002b9cc60508}, deviceApiLevel: 30, deviceId: 002b9cc60508, deviceManufacturer: Xiaomi, deviceModel: 21061119AG, deviceName: 002b9cc60508, deviceScreenDensity: 440, deviceScreenSize: 1080x2400, deviceUDID: 002b9cc60508, fullReset: false, javascriptEnabled: true, locationContextEnabled: false, networkConnectionEnabled: true, newCommandTimeout: 1800, noReset: true, pixelRatio: 2.75, platform: ANDROID, platformName: Android, platformVersion: 11, statBarHeight: 103, systemPort: 52876, takesScreenshot: true, udid: 002b9cc60508, viewportRect: {height: 2064, left: 0, top: 103, width: 1080}, warnings: {}, webStorageEnabled: false}
Session ID: 07e0a906-f567-4646-abfd-84c6cc800d18
	at org.openqa.selenium.remote.http.W3CHttpResponseCodec.createException(W3CHttpResponseCodec.java:187)
	at org.openqa.selenium.remote.http.W3CHttpResponseCodec.decode(W3CHttpResponseCodec.java:122)
	at org.openqa.selenium.remote.http.W3CHttpResponseCodec.decode(W3CHttpResponseCodec.java:49)
	at org.openqa.selenium.remote.HttpCommandExecutor.execute(HttpCommandExecutor.java:158)
	at io.appium.java_client.remote.AppiumCommandExecutor.execute(AppiumCommandExecutor.java:239)
	at org.openqa.selenium.remote.RemoteWebDriver.execute(RemoteWebDriver.java:552)
	at io.appium.java_client.DefaultGenericMobileDriver.execute(DefaultGenericMobileDriver.java:46)
	at io.appium.java_client.AppiumDriver.execute(AppiumDriver.java:1)
	at io.appium.java_client.android.AndroidDriver.execute(AndroidDriver.java:1)
	at com.kms.katalon.core.appium.driver.SwipeableAndroidDriver.execute(SwipeableAndroidDriver.java:1)
	at org.openqa.selenium.remote.RemoteWebDriver$RemoteWebDriverOptions$RemoteWindow.getSize(RemoteWebDriver.java:813)
	at org.openqa.selenium.WebDriver$Window$getSize.call(Unknown Source)
	at com.kms.katalon.core.mobile.keyword.internal.MobileAbstractKeyword.findElement(MobileAbstractKeyword.groovy:81)
	at com.kms.katalon.core.mobile.keyword.builtin.TapKeyword.access$1(TapKeyword.groovy)
	at com.kms.katalon.core.mobile.keyword.builtin.TapKeyword$_tap_closure1.doCall(TapKeyword.groovy:76)
	at com.kms.katalon.core.mobile.keyword.builtin.TapKeyword$_tap_closure1.call(TapKeyword.groovy)
	at com.kms.katalon.core.mobile.keyword.internal.MobileKeywordMain.runKeyword(MobileKeywordMain.groovy:21)
	at com.kms.katalon.core.mobile.keyword.builtin.TapKeyword.tap(TapKeyword.groovy:84)
	at com.kms.katalon.core.mobile.keyword.builtin.TapKeyword.execute(TapKeyword.groovy:68)
	at com.kms.katalon.core.keyword.internal.KeywordExecutor.executeKeywordForPlatform(KeywordExecutor.groovy:74)
	at com.kms.katalon.core.mobile.keyword.MobileBuiltInKeywords.tap(MobileBuiltInKeywords.groovy:1490)
	at com.kms.katalon.core.mobile.keyword.MobileBuiltInKeywords$tap$4.call(Unknown Source)
	at duitNow_recurringTransferTransaction.run(duitNow_recurringTransferTransaction:70)
	at com.kms.katalon.core.main.ScriptEngine.run(ScriptEngine.java:194)
	at com.kms.katalon.core.main.ScriptEngine.runScriptAsRawText(ScriptEngine.java:119)
	at com.kms.katalon.core.main.TestCaseExecutor.runScript(TestCaseExecutor.java:445)
	at com.kms.katalon.core.main.TestCaseExecutor.doExecute(TestCaseExecutor.java:436)
	at com.kms.katalon.core.main.TestCaseExecutor.processExecutionPhase(TestCaseExecutor.java:415)
	at com.kms.katalon.core.main.TestCaseExecutor.accessMainPhase(TestCaseExecutor.java:407)
	at com.kms.katalon.core.main.TestCaseExecutor.execute(TestCaseExecutor.java:284)
	at com.kms.katalon.core.common.CommonExecutor.accessTestCaseMainPhase(CommonExecutor.java:65)
	at com.kms.katalon.core.main.TestSuiteExecutor.accessTestSuiteMainPhase(TestSuiteExecutor.java:144)
	at com.kms.katalon.core.main.TestSuiteExecutor.execute(TestSuiteExecutor.java:106)
	at com.kms.katalon.core.main.TestCaseMain.startTestSuite(TestCaseMain.java:185)
	at com.kms.katalon.core.main.TestCaseMain$startTestSuite$0.call(Unknown Source)
	at TempTestSuite1655885093224.run(TempTestSuite1655885093224.groovy:36)
)

2022-06-22 16:48:35 - [TEST_STEP][FAILED] - setText(findTestObject("Banking/duitNowMobileInputField"), "01122334455", 0): Failed to set text into element (Root cause: org.openqa.selenium.WebDriverException: An unknown server-side error occurred while processing the command. Original error: 'GET /window/current/size' cannot be proxied to UiAutomator2 server because the instrumentation process is not running (probably crashed). Check the server log and/or the logcat output for more details
Build info: version: '3.141.59', revision: 'e82be7d358', time: '2018-11-14T08:25:53'
System info: host: '00139272s-MacBook-Pro.local', ip: '2001:e68:6167:d901:5dd8:2a3:885f:7e34%en0', os.name: 'Mac OS X', os.arch: 'x86_64', os.version: '10.16', java.version: '1.8.0_275'
Driver info: com.kms.katalon.core.appium.driver.SwipeableAndroidDriver
Capabilities {app: /Users/a00139272/Katalon St..., appActivity: com.maybank2u.life.MainActi..., appPackage: com.maybank2u.life.sit, appWaitActivity: *, autoGrantPermissions: true, automationName: uiautomator2, chromedriverPort: 52878, databaseEnabled: false, desired: {app: /Users/a00139272/Katalon St..., appActivity: com.maybank2u.life.MainActi..., appPackage: com.maybank2u.life.sit, appWaitActivity: *, autoGrantPermissions: true, automationName: uiautomator2, chromedriverPort: 52878, deviceId: 002b9cc60508, deviceName: Xiaomi 21061119AG (Android 11), fullReset: false, newCommandTimeout: 1800, noReset: true, platform: ANDROID, platformName: android, platformVersion: 11, systemPort: 52876, udid: 002b9cc60508}, deviceApiLevel: 30, deviceId: 002b9cc60508, deviceManufacturer: Xiaomi, deviceModel: 21061119AG, deviceName: 002b9cc60508, deviceScreenDensity: 440, deviceScreenSize: 1080x2400, deviceUDID: 002b9cc60508, fullReset: false, javascriptEnabled: true, locationContextEnabled: false, networkConnectionEnabled: true, newCommandTimeout: 1800, noReset: true, pixelRatio: 2.75, platform: ANDROID, platformName: Android, platformVersion: 11, statBarHeight: 103, systemPort: 52876, takesScreenshot: true, udid: 002b9cc60508, viewportRect: {height: 2064, left: 0, top: 103, width: 1080}, warnings: {}, webStorageEnabled: false}
Session ID: 07e0a906-f567-4646-abfd-84c6cc800d18
	at org.openqa.selenium.remote.http.W3CHttpResponseCodec.createException(W3CHttpResponseCodec.java:187)
	at org.openqa.selenium.remote.http.W3CHttpResponseCodec.decode(W3CHttpResponseCodec.java:122)
	at org.openqa.selenium.remote.http.W3CHttpResponseCodec.decode(W3CHttpResponseCodec.java:49)
	at org.openqa.selenium.remote.HttpCommandExecutor.execute(HttpCommandExecutor.java:158)
	at io.appium.java_client.remote.AppiumCommandExecutor.execute(AppiumCommandExecutor.java:239)
	at org.openqa.selenium.remote.RemoteWebDriver.execute(RemoteWebDriver.java:552)
	at io.appium.java_client.DefaultGenericMobileDriver.execute(DefaultGenericMobileDriver.java:46)
	at io.appium.java_client.AppiumDriver.execute(AppiumDriver.java:1)
	at io.appium.java_client.android.AndroidDriver.execute(AndroidDriver.java:1)
	at com.kms.katalon.core.appium.driver.SwipeableAndroidDriver.execute(SwipeableAndroidDriver.java:1)
	at org.openqa.selenium.remote.RemoteWebDriver$RemoteWebDriverOptions$RemoteWindow.getSize(RemoteWebDriver.java:813)
	at org.openqa.selenium.WebDriver$Window$getSize.call(Unknown Source)
	at com.kms.katalon.core.mobile.keyword.internal.MobileAbstractKeyword.findElement(MobileAbstractKeyword.groovy:81)
	at com.kms.katalon.core.mobile.keyword.builtin.SetTextKeyword.access$1(SetTextKeyword.groovy)
	at com.kms.katalon.core.mobile.keyword.builtin.SetTextKeyword$_setText_closure1.doCall(SetTextKeyword.groovy:74)
	at com.kms.katalon.core.mobile.keyword.builtin.SetTextKeyword$_setText_closure1.call(SetTextKeyword.groovy)
	at com.kms.katalon.core.mobile.keyword.internal.MobileKeywordMain.runKeyword(MobileKeywordMain.groovy:21)
	at com.kms.katalon.core.mobile.keyword.builtin.SetTextKeyword.setText(SetTextKeyword.groovy:83)
	at com.kms.katalon.core.mobile.keyword.builtin.SetTextKeyword.execute(SetTextKeyword.groovy:66)
	at com.kms.katalon.core.keyword.internal.KeywordExecutor.executeKeywordForPlatform(KeywordExecutor.groovy:74)
	at com.kms.katalon.core.mobile.keyword.MobileBuiltInKeywords.setText(MobileBuiltInKeywords.groovy:1307)
	at com.kms.katalon.core.mobile.keyword.MobileBuiltInKeywords$setText$6.call(Unknown Source)
	at duitNow_recurringTransferTransaction.run(duitNow_recurringTransferTransaction:72)
	at com.kms.katalon.core.main.ScriptEngine.run(ScriptEngine.java:194)
	at com.kms.katalon.core.main.ScriptEngine.runScriptAsRawText(ScriptEngine.java:119)
	at com.kms.katalon.core.main.TestCaseExecutor.runScript(TestCaseExecutor.java:445)
	at com.kms.katalon.core.main.TestCaseExecutor.doExecute(TestCaseExecutor.java:436)
	at com.kms.katalon.core.main.TestCaseExecutor.processExecutionPhase(TestCaseExecutor.java:415)
	at com.kms.katalon.core.main.TestCaseExecutor.accessMainPhase(TestCaseExecutor.java:407)
	at com.kms.katalon.core.main.TestCaseExecutor.execute(TestCaseExecutor.java:284)
	at com.kms.katalon.core.common.CommonExecutor.accessTestCaseMainPhase(CommonExecutor.java:65)
	at com.kms.katalon.core.main.TestSuiteExecutor.accessTestSuiteMainPhase(TestSuiteExecutor.java:144)
	at com.kms.katalon.core.main.TestSuiteExecutor.execute(TestSuiteExecutor.java:106)
	at com.kms.katalon.core.main.TestCaseMain.startTestSuite(TestCaseMain.java:185)
	at com.kms.katalon.core.main.TestCaseMain$startTestSuite$0.call(Unknown Source)
	at TempTestSuite1655885093224.run(TempTestSuite1655885093224.groovy:36)
)

2022-06-22 16:48:35 - [MESSAGE][WARNING] - Timeout '0' is invalid. Using default page load timeout: '40'

2022-06-22 16:48:36 - [MESSAGE][FAILED] - Failed to set text into element (Root cause: org.openqa.selenium.WebDriverException: An unknown server-side error occurred while processing the command. Original error: 'GET /window/current/size' cannot be proxied to UiAutomator2 server because the instrumentation process is not running (probably crashed). Check the server log and/or the logcat output for more details
Build info: version: '3.141.59', revision: 'e82be7d358', time: '2018-11-14T08:25:53'
System info: host: '00139272s-MacBook-Pro.local', ip: '2001:e68:6167:d901:5dd8:2a3:885f:7e34%en0', os.name: 'Mac OS X', os.arch: 'x86_64', os.version: '10.16', java.version: '1.8.0_275'
Driver info: com.kms.katalon.core.appium.driver.SwipeableAndroidDriver
Capabilities {app: /Users/a00139272/Katalon St..., appActivity: com.maybank2u.life.MainActi..., appPackage: com.maybank2u.life.sit, appWaitActivity: *, autoGrantPermissions: true, automationName: uiautomator2, chromedriverPort: 52878, databaseEnabled: false, desired: {app: /Users/a00139272/Katalon St..., appActivity: com.maybank2u.life.MainActi..., appPackage: com.maybank2u.life.sit, appWaitActivity: *, autoGrantPermissions: true, automationName: uiautomator2, chromedriverPort: 52878, deviceId: 002b9cc60508, deviceName: Xiaomi 21061119AG (Android 11), fullReset: false, newCommandTimeout: 1800, noReset: true, platform: ANDROID, platformName: android, platformVersion: 11, systemPort: 52876, udid: 002b9cc60508}, deviceApiLevel: 30, deviceId: 002b9cc60508, deviceManufacturer: Xiaomi, deviceModel: 21061119AG, deviceName: 002b9cc60508, deviceScreenDensity: 440, deviceScreenSize: 1080x2400, deviceUDID: 002b9cc60508, fullReset: false, javascriptEnabled: true, locationContextEnabled: false, networkConnectionEnabled: true, newCommandTimeout: 1800, noReset: true, pixelRatio: 2.75, platform: ANDROID, platformName: Android, platformVersion: 11, statBarHeight: 103, systemPort: 52876, takesScreenshot: true, udid: 002b9cc60508, viewportRect: {height: 2064, left: 0, top: 103, width: 1080}, warnings: {}, webStorageEnabled: false}
Session ID: 07e0a906-f567-4646-abfd-84c6cc800d18
	at org.openqa.selenium.remote.http.W3CHttpResponseCodec.createException(W3CHttpResponseCodec.java:187)
	at org.openqa.selenium.remote.http.W3CHttpResponseCodec.decode(W3CHttpResponseCodec.java:122)
	at org.openqa.selenium.remote.http.W3CHttpResponseCodec.decode(W3CHttpResponseCodec.java:49)
	at org.openqa.selenium.remote.HttpCommandExecutor.execute(HttpCommandExecutor.java:158)
	at io.appium.java_client.remote.AppiumCommandExecutor.execute(AppiumCommandExecutor.java:239)
	at org.openqa.selenium.remote.RemoteWebDriver.execute(RemoteWebDriver.java:552)
	at io.appium.java_client.DefaultGenericMobileDriver.execute(DefaultGenericMobileDriver.java:46)
	at io.appium.java_client.AppiumDriver.execute(AppiumDriver.java:1)
	at io.appium.java_client.android.AndroidDriver.execute(AndroidDriver.java:1)
	at com.kms.katalon.core.appium.driver.SwipeableAndroidDriver.execute(SwipeableAndroidDriver.java:1)
	at org.openqa.selenium.remote.RemoteWebDriver$RemoteWebDriverOptions$RemoteWindow.getSize(RemoteWebDriver.java:813)
	at org.openqa.selenium.WebDriver$Window$getSize.call(Unknown Source)
	at com.kms.katalon.core.mobile.keyword.internal.MobileAbstractKeyword.findElement(MobileAbstractKeyword.groovy:81)
	at com.kms.katalon.core.mobile.keyword.builtin.SetTextKeyword.access$1(SetTextKeyword.groovy)
	at com.kms.katalon.core.mobile.keyword.builtin.SetTextKeyword$_setText_closure1.doCall(SetTextKeyword.groovy:74)
	at com.kms.katalon.core.mobile.keyword.builtin.SetTextKeyword$_setText_closure1.call(SetTextKeyword.groovy)
	at com.kms.katalon.core.mobile.keyword.internal.MobileKeywordMain.runKeyword(MobileKeywordMain.groovy:21)
	at com.kms.katalon.core.mobile.keyword.builtin.SetTextKeyword.setText(SetTextKeyword.groovy:83)
	at com.kms.katalon.core.mobile.keyword.builtin.SetTextKeyword.execute(SetTextKeyword.groovy:66)
	at com.kms.katalon.core.keyword.internal.KeywordExecutor.executeKeywordForPlatform(KeywordExecutor.groovy:74)
	at com.kms.katalon.core.mobile.keyword.MobileBuiltInKeywords.setText(MobileBuiltInKeywords.groovy:1307)
	at com.kms.katalon.core.mobile.keyword.MobileBuiltInKeywords$setText$6.call(Unknown Source)
	at duitNow_recurringTransferTransaction.run(duitNow_recurringTransferTransaction:72)
	at com.kms.katalon.core.main.ScriptEngine.run(ScriptEngine.java:194)
	at com.kms.katalon.core.main.ScriptEngine.runScriptAsRawText(ScriptEngine.java:119)
	at com.kms.katalon.core.main.TestCaseExecutor.runScript(TestCaseExecutor.java:445)
	at com.kms.katalon.core.main.TestCaseExecutor.doExecute(TestCaseExecutor.java:436)
	at com.kms.katalon.core.main.TestCaseExecutor.processExecutionPhase(TestCaseExecutor.java:415)
	at com.kms.katalon.core.main.TestCaseExecutor.accessMainPhase(TestCaseExecutor.java:407)
	at com.kms.katalon.core.main.TestCaseExecutor.execute(TestCaseExecutor.java:284)
	at com.kms.katalon.core.common.CommonExecutor.accessTestCaseMainPhase(CommonExecutor.java:65)
	at com.kms.katalon.core.main.TestSuiteExecutor.accessTestSuiteMainPhase(TestSuiteExecutor.java:144)
	at com.kms.katalon.core.main.TestSuiteExecutor.execute(TestSuiteExecutor.java:106)
	at com.kms.katalon.core.main.TestCaseMain.startTestSuite(TestCaseMain.java:185)
	at com.kms.katalon.core.main.TestCaseMain$startTestSuite$0.call(Unknown Source)
	at TempTestSuite1655885093224.run(TempTestSuite1655885093224.groovy:36)
)

2022-06-22 16:48:36 - [TEST_STEP][PASSED] - hideKeyboard(): Keyboard is hidden

2022-06-22 16:48:36 - [MESSAGE][PASSED] - Keyboard is hidden

2022-06-22 16:48:36 - [TEST_STEP][FAILED] - tap(findTestObject("Login Onboarding/loginExistingContinueBtn"), 0): Failed to tap on element 'Object Repository/Login Onboarding/loginExistingContinueBtn' (Root cause: org.openqa.selenium.WebDriverException: An unknown server-side error occurred while processing the command. Original error: 'GET /window/current/size' cannot be proxied to UiAutomator2 server because the instrumentation process is not running (probably crashed). Check the server log and/or the logcat output for more details
Build info: version: '3.141.59', revision: 'e82be7d358', time: '2018-11-14T08:25:53'
System info: host: '00139272s-MacBook-Pro.local', ip: '2001:e68:6167:d901:5dd8:2a3:885f:7e34%en0', os.name: 'Mac OS X', os.arch: 'x86_64', os.version: '10.16', java.version: '1.8.0_275'
Driver info: com.kms.katalon.core.appium.driver.SwipeableAndroidDriver
Capabilities {app: /Users/a00139272/Katalon St..., appActivity: com.maybank2u.life.MainActi..., appPackage: com.maybank2u.life.sit, appWaitActivity: *, autoGrantPermissions: true, automationName: uiautomator2, chromedriverPort: 52878, databaseEnabled: false, desired: {app: /Users/a00139272/Katalon St..., appActivity: com.maybank2u.life.MainActi..., appPackage: com.maybank2u.life.sit, appWaitActivity: *, autoGrantPermissions: true, automationName: uiautomator2, chromedriverPort: 52878, deviceId: 002b9cc60508, deviceName: Xiaomi 21061119AG (Android 11), fullReset: false, newCommandTimeout: 1800, noReset: true, platform: ANDROID, platformName: android, platformVersion: 11, systemPort: 52876, udid: 002b9cc60508}, deviceApiLevel: 30, deviceId: 002b9cc60508, deviceManufacturer: Xiaomi, deviceModel: 21061119AG, deviceName: 002b9cc60508, deviceScreenDensity: 440, deviceScreenSize: 1080x2400, deviceUDID: 002b9cc60508, fullReset: false, javascriptEnabled: true, locationContextEnabled: false, networkConnectionEnabled: true, newCommandTimeout: 1800, noReset: true, pixelRatio: 2.75, platform: ANDROID, platformName: Android, platformVersion: 11, statBarHeight: 103, systemPort: 52876, takesScreenshot: true, udid: 002b9cc60508, viewportRect: {height: 2064, left: 0, top: 103, width: 1080}, warnings: {}, webStorageEnabled: false}
Session ID: 07e0a906-f567-4646-abfd-84c6cc800d18
	at org.openqa.selenium.remote.http.W3CHttpResponseCodec.createException(W3CHttpResponseCodec.java:187)
	at org.openqa.selenium.remote.http.W3CHttpResponseCodec.decode(W3CHttpResponseCodec.java:122)
	at org.openqa.selenium.remote.http.W3CHttpResponseCodec.decode(W3CHttpResponseCodec.java:49)
	at org.openqa.selenium.remote.HttpCommandExecutor.execute(HttpCommandExecutor.java:158)
	at io.appium.java_client.remote.AppiumCommandExecutor.execute(AppiumCommandExecutor.java:239)
	at org.openqa.selenium.remote.RemoteWebDriver.execute(RemoteWebDriver.java:552)
	at io.appium.java_client.DefaultGenericMobileDriver.execute(DefaultGenericMobileDriver.java:46)
	at io.appium.java_client.AppiumDriver.execute(AppiumDriver.java:1)
	at io.appium.java_client.android.AndroidDriver.execute(AndroidDriver.java:1)
	at com.kms.katalon.core.appium.driver.SwipeableAndroidDriver.execute(SwipeableAndroidDriver.java:1)
	at org.openqa.selenium.remote.RemoteWebDriver$RemoteWebDriverOptions$RemoteWindow.getSize(RemoteWebDriver.java:813)
	at org.openqa.selenium.WebDriver$Window$getSize.call(Unknown Source)
	at com.kms.katalon.core.mobile.keyword.internal.MobileAbstractKeyword.findElement(MobileAbstractKeyword.groovy:81)
	at com.kms.katalon.core.mobile.keyword.builtin.TapKeyword.access$1(TapKeyword.groovy)
	at com.kms.katalon.core.mobile.keyword.builtin.TapKeyword$_tap_closure1.doCall(TapKeyword.groovy:76)
	at com.kms.katalon.core.mobile.keyword.builtin.TapKeyword$_tap_closure1.call(TapKeyword.groovy)
	at com.kms.katalon.core.mobile.keyword.internal.MobileKeywordMain.runKeyword(MobileKeywordMain.groovy:21)
	at com.kms.katalon.core.mobile.keyword.builtin.TapKeyword.tap(TapKeyword.groovy:84)
	at com.kms.katalon.core.mobile.keyword.builtin.TapKeyword.execute(TapKeyword.groovy:68)
	at com.kms.katalon.core.keyword.internal.KeywordExecutor.executeKeywordForPlatform(KeywordExecutor.groovy:74)
	at com.kms.katalon.core.mobile.keyword.MobileBuiltInKeywords.tap(MobileBuiltInKeywords.groovy:1490)
	at com.kms.katalon.core.mobile.keyword.MobileBuiltInKeywords$tap$4.call(Unknown Source)
	at duitNow_recurringTransferTransaction.run(duitNow_recurringTransferTransaction:76)
	at com.kms.katalon.core.main.ScriptEngine.run(ScriptEngine.java:194)
	at com.kms.katalon.core.main.ScriptEngine.runScriptAsRawText(ScriptEngine.java:119)
	at com.kms.katalon.core.main.TestCaseExecutor.runScript(TestCaseExecutor.java:445)
	at com.kms.katalon.core.main.TestCaseExecutor.doExecute(TestCaseExecutor.java:436)
	at com.kms.katalon.core.main.TestCaseExecutor.processExecutionPhase(TestCaseExecutor.java:415)
	at com.kms.katalon.core.main.TestCaseExecutor.accessMainPhase(TestCaseExecutor.java:407)
	at com.kms.katalon.core.main.TestCaseExecutor.execute(TestCaseExecutor.java:284)
	at com.kms.katalon.core.common.CommonExecutor.accessTestCaseMainPhase(CommonExecutor.java:65)
	at com.kms.katalon.core.main.TestSuiteExecutor.accessTestSuiteMainPhase(TestSuiteExecutor.java:144)
	at com.kms.katalon.core.main.TestSuiteExecutor.execute(TestSuiteExecutor.java:106)
	at com.kms.katalon.core.main.TestCaseMain.startTestSuite(TestCaseMain.java:185)
	at com.kms.katalon.core.main.TestCaseMain$startTestSuite$0.call(Unknown Source)
	at TempTestSuite1655885093224.run(TempTestSuite1655885093224.groovy:36)
)

2022-06-22 16:48:36 - [MESSAGE][WARNING] - Timeout '0' is invalid. Using default page load timeout: '40'

2022-06-22 16:48:36 - [MESSAGE][FAILED] - Failed to tap on element 'Object Repository/Login Onboarding/loginExistingContinueBtn' (Root cause: org.openqa.selenium.WebDriverException: An unknown server-side error occurred while processing the command. Original error: 'GET /window/current/size' cannot be proxied to UiAutomator2 server because the instrumentation process is not running (probably crashed). Check the server log and/or the logcat output for more details
Build info: version: '3.141.59', revision: 'e82be7d358', time: '2018-11-14T08:25:53'
System info: host: '00139272s-MacBook-Pro.local', ip: '2001:e68:6167:d901:5dd8:2a3:885f:7e34%en0', os.name: 'Mac OS X', os.arch: 'x86_64', os.version: '10.16', java.version: '1.8.0_275'
Driver info: com.kms.katalon.core.appium.driver.SwipeableAndroidDriver
Capabilities {app: /Users/a00139272/Katalon St..., appActivity: com.maybank2u.life.MainActi..., appPackage: com.maybank2u.life.sit, appWaitActivity: *, autoGrantPermissions: true, automationName: uiautomator2, chromedriverPort: 52878, databaseEnabled: false, desired: {app: /Users/a00139272/Katalon St..., appActivity: com.maybank2u.life.MainActi..., appPackage: com.maybank2u.life.sit, appWaitActivity: *, autoGrantPermissions: true, automationName: uiautomator2, chromedriverPort: 52878, deviceId: 002b9cc60508, deviceName: Xiaomi 21061119AG (Android 11), fullReset: false, newCommandTimeout: 1800, noReset: true, platform: ANDROID, platformName: android, platformVersion: 11, systemPort: 52876, udid: 002b9cc60508}, deviceApiLevel: 30, deviceId: 002b9cc60508, deviceManufacturer: Xiaomi, deviceModel: 21061119AG, deviceName: 002b9cc60508, deviceScreenDensity: 440, deviceScreenSize: 1080x2400, deviceUDID: 002b9cc60508, fullReset: false, javascriptEnabled: true, locationContextEnabled: false, networkConnectionEnabled: true, newCommandTimeout: 1800, noReset: true, pixelRatio: 2.75, platform: ANDROID, platformName: Android, platformVersion: 11, statBarHeight: 103, systemPort: 52876, takesScreenshot: true, udid: 002b9cc60508, viewportRect: {height: 2064, left: 0, top: 103, width: 1080}, warnings: {}, webStorageEnabled: false}
Session ID: 07e0a906-f567-4646-abfd-84c6cc800d18
	at org.openqa.selenium.remote.http.W3CHttpResponseCodec.createException(W3CHttpResponseCodec.java:187)
	at org.openqa.selenium.remote.http.W3CHttpResponseCodec.decode(W3CHttpResponseCodec.java:122)
	at org.openqa.selenium.remote.http.W3CHttpResponseCodec.decode(W3CHttpResponseCodec.java:49)
	at org.openqa.selenium.remote.HttpCommandExecutor.execute(HttpCommandExecutor.java:158)
	at io.appium.java_client.remote.AppiumCommandExecutor.execute(AppiumCommandExecutor.java:239)
	at org.openqa.selenium.remote.RemoteWebDriver.execute(RemoteWebDriver.java:552)
	at io.appium.java_client.DefaultGenericMobileDriver.execute(DefaultGenericMobileDriver.java:46)
	at io.appium.java_client.AppiumDriver.execute(AppiumDriver.java:1)
	at io.appium.java_client.android.AndroidDriver.execute(AndroidDriver.java:1)
	at com.kms.katalon.core.appium.driver.SwipeableAndroidDriver.execute(SwipeableAndroidDriver.java:1)
	at org.openqa.selenium.remote.RemoteWebDriver$RemoteWebDriverOptions$RemoteWindow.getSize(RemoteWebDriver.java:813)
	at org.openqa.selenium.WebDriver$Window$getSize.call(Unknown Source)
	at com.kms.katalon.core.mobile.keyword.internal.MobileAbstractKeyword.findElement(MobileAbstractKeyword.groovy:81)
	at com.kms.katalon.core.mobile.keyword.builtin.TapKeyword.access$1(TapKeyword.groovy)
	at com.kms.katalon.core.mobile.keyword.builtin.TapKeyword$_tap_closure1.doCall(TapKeyword.groovy:76)
	at com.kms.katalon.core.mobile.keyword.builtin.TapKeyword$_tap_closure1.call(TapKeyword.groovy)
	at com.kms.katalon.core.mobile.keyword.internal.MobileKeywordMain.runKeyword(MobileKeywordMain.groovy:21)
	at com.kms.katalon.core.mobile.keyword.builtin.TapKeyword.tap(TapKeyword.groovy:84)
	at com.kms.katalon.core.mobile.keyword.builtin.TapKeyword.execute(TapKeyword.groovy:68)
	at com.kms.katalon.core.keyword.internal.KeywordExecutor.executeKeywordForPlatform(KeywordExecutor.groovy:74)
	at com.kms.katalon.core.mobile.keyword.MobileBuiltInKeywords.tap(MobileBuiltInKeywords.groovy:1490)
	at com.kms.katalon.core.mobile.keyword.MobileBuiltInKeywords$tap$4.call(Unknown Source)
	at duitNow_recurringTransferTransaction.run(duitNow_recurringTransferTransaction:76)
	at com.kms.katalon.core.main.ScriptEngine.run(ScriptEngine.java:194)
	at com.kms.katalon.core.main.ScriptEngine.runScriptAsRawText(ScriptEngine.java:119)
	at com.kms.katalon.core.main.TestCaseExecutor.runScript(TestCaseExecutor.java:445)
	at com.kms.katalon.core.main.TestCaseExecutor.doExecute(TestCaseExecutor.java:436)
	at com.kms.katalon.core.main.TestCaseExecutor.processExecutionPhase(TestCaseExecutor.java:415)
	at com.kms.katalon.core.main.TestCaseExecutor.accessMainPhase(TestCaseExecutor.java:407)
	at com.kms.katalon.core.main.TestCaseExecutor.execute(TestCaseExecutor.java:284)
	at com.kms.katalon.core.common.CommonExecutor.accessTestCaseMainPhase(CommonExecutor.java:65)
	at com.kms.katalon.core.main.TestSuiteExecutor.accessTestSuiteMainPhase(TestSuiteExecutor.java:144)
	at com.kms.katalon.core.main.TestSuiteExecutor.execute(TestSuiteExecutor.java:106)
	at com.kms.katalon.core.main.TestCaseMain.startTestSuite(TestCaseMain.java:185)
	at com.kms.katalon.core.main.TestCaseMain$startTestSuite$0.call(Unknown Source)
	at TempTestSuite1655885093224.run(TempTestSuite1655885093224.groovy:36)
)

2022-06-22 16:48:36 - [TEST_STEP][FAILED] - tap(findTestObject("Login Onboarding/PIN4"), 0): Failed to tap on element 'Object Repository/Login Onboarding/PIN4' (Root cause: org.openqa.selenium.WebDriverException: An unknown server-side error occurred while processing the command. Original error: 'GET /window/current/size' cannot be proxied to UiAutomator2 server because the instrumentation process is not running (probably crashed). Check the server log and/or the logcat output for more details
Build info: version: '3.141.59', revision: 'e82be7d358', time: '2018-11-14T08:25:53'
System info: host: '00139272s-MacBook-Pro.local', ip: '2001:e68:6167:d901:5dd8:2a3:885f:7e34%en0', os.name: 'Mac OS X', os.arch: 'x86_64', os.version: '10.16', java.version: '1.8.0_275'
Driver info: com.kms.katalon.core.appium.driver.SwipeableAndroidDriver
Capabilities {app: /Users/a00139272/Katalon St..., appActivity: com.maybank2u.life.MainActi..., appPackage: com.maybank2u.life.sit, appWaitActivity: *, autoGrantPermissions: true, automationName: uiautomator2, chromedriverPort: 52878, databaseEnabled: false, desired: {app: /Users/a00139272/Katalon St..., appActivity: com.maybank2u.life.MainActi..., appPackage: com.maybank2u.life.sit, appWaitActivity: *, autoGrantPermissions: true, automationName: uiautomator2, chromedriverPort: 52878, deviceId: 002b9cc60508, deviceName: Xiaomi 21061119AG (Android 11), fullReset: false, newCommandTimeout: 1800, noReset: true, platform: ANDROID, platformName: android, platformVersion: 11, systemPort: 52876, udid: 002b9cc60508}, deviceApiLevel: 30, deviceId: 002b9cc60508, deviceManufacturer: Xiaomi, deviceModel: 21061119AG, deviceName: 002b9cc60508, deviceScreenDensity: 440, deviceScreenSize: 1080x2400, deviceUDID: 002b9cc60508, fullReset: false, javascriptEnabled: true, locationContextEnabled: false, networkConnectionEnabled: true, newCommandTimeout: 1800, noReset: true, pixelRatio: 2.75, platform: ANDROID, platformName: Android, platformVersion: 11, statBarHeight: 103, systemPort: 52876, takesScreenshot: true, udid: 002b9cc60508, viewportRect: {height: 2064, left: 0, top: 103, width: 1080}, warnings: {}, webStorageEnabled: false}
Session ID: 07e0a906-f567-4646-abfd-84c6cc800d18
	at org.openqa.selenium.remote.http.W3CHttpResponseCodec.createException(W3CHttpResponseCodec.java:187)
	at org.openqa.selenium.remote.http.W3CHttpResponseCodec.decode(W3CHttpResponseCodec.java:122)
	at org.openqa.selenium.remote.http.W3CHttpResponseCodec.decode(W3CHttpResponseCodec.java:49)
	at org.openqa.selenium.remote.HttpCommandExecutor.execute(HttpCommandExecutor.java:158)
	at io.appium.java_client.remote.AppiumCommandExecutor.execute(AppiumCommandExecutor.java:239)
	at org.openqa.selenium.remote.RemoteWebDriver.execute(RemoteWebDriver.java:552)
	at io.appium.java_client.DefaultGenericMobileDriver.execute(DefaultGenericMobileDriver.java:46)
	at io.appium.java_client.AppiumDriver.execute(AppiumDriver.java:1)
	at io.appium.java_client.android.AndroidDriver.execute(AndroidDriver.java:1)
	at com.kms.katalon.core.appium.driver.SwipeableAndroidDriver.execute(SwipeableAndroidDriver.java:1)
	at org.openqa.selenium.remote.RemoteWebDriver$RemoteWebDriverOptions$RemoteWindow.getSize(RemoteWebDriver.java:813)
	at org.openqa.selenium.WebDriver$Window$getSize.call(Unknown Source)
	at com.kms.katalon.core.mobile.keyword.internal.MobileAbstractKeyword.findElement(MobileAbstractKeyword.groovy:81)
	at com.kms.katalon.core.mobile.keyword.builtin.TapKeyword.access$1(TapKeyword.groovy)
	at com.kms.katalon.core.mobile.keyword.builtin.TapKeyword$_tap_closure1.doCall(TapKeyword.groovy:76)
	at com.kms.katalon.core.mobile.keyword.builtin.TapKeyword$_tap_closure1.call(TapKeyword.groovy)
	at com.kms.katalon.core.mobile.keyword.internal.MobileKeywordMain.runKeyword(MobileKeywordMain.groovy:21)
	at com.kms.katalon.core.mobile.keyword.builtin.TapKeyword.tap(TapKeyword.groovy:84)
	at com.kms.katalon.core.mobile.keyword.builtin.TapKeyword.execute(TapKeyword.groovy:68)
	at com.kms.katalon.core.keyword.internal.KeywordExecutor.executeKeywordForPlatform(KeywordExecutor.groovy:74)
	at com.kms.katalon.core.mobile.keyword.MobileBuiltInKeywords.tap(MobileBuiltInKeywords.groovy:1490)
	at com.kms.katalon.core.mobile.keyword.MobileBuiltInKeywords$tap$4.call(Unknown Source)
	at duitNow_recurringTransferTransaction.run(duitNow_recurringTransferTransaction:78)
	at com.kms.katalon.core.main.ScriptEngine.run(ScriptEngine.java:194)
	at com.kms.katalon.core.main.ScriptEngine.runScriptAsRawText(ScriptEngine.java:119)
	at com.kms.katalon.core.main.TestCaseExecutor.runScript(TestCaseExecutor.java:445)
	at com.kms.katalon.core.main.TestCaseExecutor.doExecute(TestCaseExecutor.java:436)
	at com.kms.katalon.core.main.TestCaseExecutor.processExecutionPhase(TestCaseExecutor.java:415)
	at com.kms.katalon.core.main.TestCaseExecutor.accessMainPhase(TestCaseExecutor.java:407)
	at com.kms.katalon.core.main.TestCaseExecutor.execute(TestCaseExecutor.java:284)
	at com.kms.katalon.core.common.CommonExecutor.accessTestCaseMainPhase(CommonExecutor.java:65)
	at com.kms.katalon.core.main.TestSuiteExecutor.accessTestSuiteMainPhase(TestSuiteExecutor.java:144)
	at com.kms.katalon.core.main.TestSuiteExecutor.execute(TestSuiteExecutor.java:106)
	at com.kms.katalon.core.main.TestCaseMain.startTestSuite(TestCaseMain.java:185)
	at com.kms.katalon.core.main.TestCaseMain$startTestSuite$0.call(Unknown Source)
	at TempTestSuite1655885093224.run(TempTestSuite1655885093224.groovy:36)
)

2022-06-22 16:48:36 - [MESSAGE][WARNING] - Timeout '0' is invalid. Using default page load timeout: '40'

2022-06-22 16:48:36 - [MESSAGE][FAILED] - Failed to tap on element 'Object Repository/Login Onboarding/PIN4' (Root cause: org.openqa.selenium.WebDriverException: An unknown server-side error occurred while processing the command. Original error: 'GET /window/current/size' cannot be proxied to UiAutomator2 server because the instrumentation process is not running (probably crashed). Check the server log and/or the logcat output for more details
Build info: version: '3.141.59', revision: 'e82be7d358', time: '2018-11-14T08:25:53'
System info: host: '00139272s-MacBook-Pro.local', ip: '2001:e68:6167:d901:5dd8:2a3:885f:7e34%en0', os.name: 'Mac OS X', os.arch: 'x86_64', os.version: '10.16', java.version: '1.8.0_275'
Driver info: com.kms.katalon.core.appium.driver.SwipeableAndroidDriver
Capabilities {app: /Users/a00139272/Katalon St..., appActivity: com.maybank2u.life.MainActi..., appPackage: com.maybank2u.life.sit, appWaitActivity: *, autoGrantPermissions: true, automationName: uiautomator2, chromedriverPort: 52878, databaseEnabled: false, desired: {app: /Users/a00139272/Katalon St..., appActivity: com.maybank2u.life.MainActi..., appPackage: com.maybank2u.life.sit, appWaitActivity: *, autoGrantPermissions: true, automationName: uiautomator2, chromedriverPort: 52878, deviceId: 002b9cc60508, deviceName: Xiaomi 21061119AG (Android 11), fullReset: false, newCommandTimeout: 1800, noReset: true, platform: ANDROID, platformName: android, platformVersion: 11, systemPort: 52876, udid: 002b9cc60508}, deviceApiLevel: 30, deviceId: 002b9cc60508, deviceManufacturer: Xiaomi, deviceModel: 21061119AG, deviceName: 002b9cc60508, deviceScreenDensity: 440, deviceScreenSize: 1080x2400, deviceUDID: 002b9cc60508, fullReset: false, javascriptEnabled: true, locationContextEnabled: false, networkConnectionEnabled: true, newCommandTimeout: 1800, noReset: true, pixelRatio: 2.75, platform: ANDROID, platformName: Android, platformVersion: 11, statBarHeight: 103, systemPort: 52876, takesScreenshot: true, udid: 002b9cc60508, viewportRect: {height: 2064, left: 0, top: 103, width: 1080}, warnings: {}, webStorageEnabled: false}
Session ID: 07e0a906-f567-4646-abfd-84c6cc800d18
	at org.openqa.selenium.remote.http.W3CHttpResponseCodec.createException(W3CHttpResponseCodec.java:187)
	at org.openqa.selenium.remote.http.W3CHttpResponseCodec.decode(W3CHttpResponseCodec.java:122)
	at org.openqa.selenium.remote.http.W3CHttpResponseCodec.decode(W3CHttpResponseCodec.java:49)
	at org.openqa.selenium.remote.HttpCommandExecutor.execute(HttpCommandExecutor.java:158)
	at io.appium.java_client.remote.AppiumCommandExecutor.execute(AppiumCommandExecutor.java:239)
	at org.openqa.selenium.remote.RemoteWebDriver.execute(RemoteWebDriver.java:552)
	at io.appium.java_client.DefaultGenericMobileDriver.execute(DefaultGenericMobileDriver.java:46)
	at io.appium.java_client.AppiumDriver.execute(AppiumDriver.java:1)
	at io.appium.java_client.android.AndroidDriver.execute(AndroidDriver.java:1)
	at com.kms.katalon.core.appium.driver.SwipeableAndroidDriver.execute(SwipeableAndroidDriver.java:1)
	at org.openqa.selenium.remote.RemoteWebDriver$RemoteWebDriverOptions$RemoteWindow.getSize(RemoteWebDriver.java:813)
	at org.openqa.selenium.WebDriver$Window$getSize.call(Unknown Source)
	at com.kms.katalon.core.mobile.keyword.internal.MobileAbstractKeyword.findElement(MobileAbstractKeyword.groovy:81)
	at com.kms.katalon.core.mobile.keyword.builtin.TapKeyword.access$1(TapKeyword.groovy)
	at com.kms.katalon.core.mobile.keyword.builtin.TapKeyword$_tap_closure1.doCall(TapKeyword.groovy:76)
	at com.kms.katalon.core.mobile.keyword.builtin.TapKeyword$_tap_closure1.call(TapKeyword.groovy)
	at com.kms.katalon.core.mobile.keyword.internal.MobileKeywordMain.runKeyword(MobileKeywordMain.groovy:21)
	at com.kms.katalon.core.mobile.keyword.builtin.TapKeyword.tap(TapKeyword.groovy:84)
	at com.kms.katalon.core.mobile.keyword.builtin.TapKeyword.execute(TapKeyword.groovy:68)
	at com.kms.katalon.core.keyword.internal.KeywordExecutor.executeKeywordForPlatform(KeywordExecutor.groovy:74)
	at com.kms.katalon.core.mobile.keyword.MobileBuiltInKeywords.tap(MobileBuiltInKeywords.groovy:1490)
	at com.kms.katalon.core.mobile.keyword.MobileBuiltInKeywords$tap$4.call(Unknown Source)
	at duitNow_recurringTransferTransaction.run(duitNow_recurringTransferTransaction:78)
	at com.kms.katalon.core.main.ScriptEngine.run(ScriptEngine.java:194)
	at com.kms.katalon.core.main.ScriptEngine.runScriptAsRawText(ScriptEngine.java:119)
	at com.kms.katalon.core.main.TestCaseExecutor.runScript(TestCaseExecutor.java:445)
	at com.kms.katalon.core.main.TestCaseExecutor.doExecute(TestCaseExecutor.java:436)
	at com.kms.katalon.core.main.TestCaseExecutor.processExecutionPhase(TestCaseExecutor.java:415)
	at com.kms.katalon.core.main.TestCaseExecutor.accessMainPhase(TestCaseExecutor.java:407)
	at com.kms.katalon.core.main.TestCaseExecutor.execute(TestCaseExecutor.java:284)
	at com.kms.katalon.core.common.CommonExecutor.accessTestCaseMainPhase(CommonExecutor.java:65)
	at com.kms.katalon.core.main.TestSuiteExecutor.accessTestSuiteMainPhase(TestSuiteExecutor.java:144)
	at com.kms.katalon.core.main.TestSuiteExecutor.execute(TestSuiteExecutor.java:106)
	at com.kms.katalon.core.main.TestCaseMain.startTestSuite(TestCaseMain.java:185)
	at com.kms.katalon.core.main.TestCaseMain$startTestSuite$0.call(Unknown Source)
	at TempTestSuite1655885093224.run(TempTestSuite1655885093224.groovy:36)
)

2022-06-22 16:48:36 - [TEST_STEP][PASSED] - delay(2): Delayed 2 second(s)

2022-06-22 16:48:38 - [MESSAGE][PASSED] - Delayed 2 second(s)

2022-06-22 16:48:38 - [TEST_STEP][FAILED] - tap(findTestObject("Login Onboarding/loginPinTickBtn"), 0): Failed to tap on element 'Object Repository/Login Onboarding/loginPinTickBtn' (Root cause: org.openqa.selenium.WebDriverException: An unknown server-side error occurred while processing the command. Original error: 'GET /window/current/size' cannot be proxied to UiAutomator2 server because the instrumentation process is not running (probably crashed). Check the server log and/or the logcat output for more details
Build info: version: '3.141.59', revision: 'e82be7d358', time: '2018-11-14T08:25:53'
System info: host: '00139272s-MacBook-Pro.local', ip: '2001:e68:6167:d901:5dd8:2a3:885f:7e34%en0', os.name: 'Mac OS X', os.arch: 'x86_64', os.version: '10.16', java.version: '1.8.0_275'
Driver info: com.kms.katalon.core.appium.driver.SwipeableAndroidDriver
Capabilities {app: /Users/a00139272/Katalon St..., appActivity: com.maybank2u.life.MainActi..., appPackage: com.maybank2u.life.sit, appWaitActivity: *, autoGrantPermissions: true, automationName: uiautomator2, chromedriverPort: 52878, databaseEnabled: false, desired: {app: /Users/a00139272/Katalon St..., appActivity: com.maybank2u.life.MainActi..., appPackage: com.maybank2u.life.sit, appWaitActivity: *, autoGrantPermissions: true, automationName: uiautomator2, chromedriverPort: 52878, deviceId: 002b9cc60508, deviceName: Xiaomi 21061119AG (Android 11), fullReset: false, newCommandTimeout: 1800, noReset: true, platform: ANDROID, platformName: android, platformVersion: 11, systemPort: 52876, udid: 002b9cc60508}, deviceApiLevel: 30, deviceId: 002b9cc60508, deviceManufacturer: Xiaomi, deviceModel: 21061119AG, deviceName: 002b9cc60508, deviceScreenDensity: 440, deviceScreenSize: 1080x2400, deviceUDID: 002b9cc60508, fullReset: false, javascriptEnabled: true, locationContextEnabled: false, networkConnectionEnabled: true, newCommandTimeout: 1800, noReset: true, pixelRatio: 2.75, platform: ANDROID, platformName: Android, platformVersion: 11, statBarHeight: 103, systemPort: 52876, takesScreenshot: true, udid: 002b9cc60508, viewportRect: {height: 2064, left: 0, top: 103, width: 1080}, warnings: {}, webStorageEnabled: false}
Session ID: 07e0a906-f567-4646-abfd-84c6cc800d18
	at org.openqa.selenium.remote.http.W3CHttpResponseCodec.createException(W3CHttpResponseCodec.java:187)
	at org.openqa.selenium.remote.http.W3CHttpResponseCodec.decode(W3CHttpResponseCodec.java:122)
	at org.openqa.selenium.remote.http.W3CHttpResponseCodec.decode(W3CHttpResponseCodec.java:49)
	at org.openqa.selenium.remote.HttpCommandExecutor.execute(HttpCommandExecutor.java:158)
	at io.appium.java_client.remote.AppiumCommandExecutor.execute(AppiumCommandExecutor.java:239)
	at org.openqa.selenium.remote.RemoteWebDriver.execute(RemoteWebDriver.java:552)
	at io.appium.java_client.DefaultGenericMobileDriver.execute(DefaultGenericMobileDriver.java:46)
	at io.appium.java_client.AppiumDriver.execute(AppiumDriver.java:1)
	at io.appium.java_client.android.AndroidDriver.execute(AndroidDriver.java:1)
	at com.kms.katalon.core.appium.driver.SwipeableAndroidDriver.execute(SwipeableAndroidDriver.java:1)
	at org.openqa.selenium.remote.RemoteWebDriver$RemoteWebDriverOptions$RemoteWindow.getSize(RemoteWebDriver.java:813)
	at org.openqa.selenium.WebDriver$Window$getSize.call(Unknown Source)
	at com.kms.katalon.core.mobile.keyword.internal.MobileAbstractKeyword.findElement(MobileAbstractKeyword.groovy:81)
	at com.kms.katalon.core.mobile.keyword.builtin.TapKeyword.access$1(TapKeyword.groovy)
	at com.kms.katalon.core.mobile.keyword.builtin.TapKeyword$_tap_closure1.doCall(TapKeyword.groovy:76)
	at com.kms.katalon.core.mobile.keyword.builtin.TapKeyword$_tap_closure1.call(TapKeyword.groovy)
	at com.kms.katalon.core.mobile.keyword.internal.MobileKeywordMain.runKeyword(MobileKeywordMain.groovy:21)
	at com.kms.katalon.core.mobile.keyword.builtin.TapKeyword.tap(TapKeyword.groovy:84)
	at com.kms.katalon.core.mobile.keyword.builtin.TapKeyword.execute(TapKeyword.groovy:68)
	at com.kms.katalon.core.keyword.internal.KeywordExecutor.executeKeywordForPlatform(KeywordExecutor.groovy:74)
	at com.kms.katalon.core.mobile.keyword.MobileBuiltInKeywords.tap(MobileBuiltInKeywords.groovy:1490)
	at com.kms.katalon.core.mobile.keyword.MobileBuiltInKeywords$tap$4.call(Unknown Source)
	at duitNow_recurringTransferTransaction.run(duitNow_recurringTransferTransaction:82)
	at com.kms.katalon.core.main.ScriptEngine.run(ScriptEngine.java:194)
	at com.kms.katalon.core.main.ScriptEngine.runScriptAsRawText(ScriptEngine.java:119)
	at com.kms.katalon.core.main.TestCaseExecutor.runScript(TestCaseExecutor.java:445)
	at com.kms.katalon.core.main.TestCaseExecutor.doExecute(TestCaseExecutor.java:436)
	at com.kms.katalon.core.main.TestCaseExecutor.processExecutionPhase(TestCaseExecutor.java:415)
	at com.kms.katalon.core.main.TestCaseExecutor.accessMainPhase(TestCaseExecutor.java:407)
	at com.kms.katalon.core.main.TestCaseExecutor.execute(TestCaseExecutor.java:284)
	at com.kms.katalon.core.common.CommonExecutor.accessTestCaseMainPhase(CommonExecutor.java:65)
	at com.kms.katalon.core.main.TestSuiteExecutor.accessTestSuiteMainPhase(TestSuiteExecutor.java:144)
	at com.kms.katalon.core.main.TestSuiteExecutor.execute(TestSuiteExecutor.java:106)
	at com.kms.katalon.core.main.TestCaseMain.startTestSuite(TestCaseMain.java:185)
	at com.kms.katalon.core.main.TestCaseMain$startTestSuite$0.call(Unknown Source)
	at TempTestSuite1655885093224.run(TempTestSuite1655885093224.groovy:36)
)

2022-06-22 16:48:38 - [MESSAGE][WARNING] - Timeout '0' is invalid. Using default page load timeout: '40'

2022-06-22 16:48:38 - [MESSAGE][FAILED] - Failed to tap on element 'Object Repository/Login Onboarding/loginPinTickBtn' (Root cause: org.openqa.selenium.WebDriverException: An unknown server-side error occurred while processing the command. Original error: 'GET /window/current/size' cannot be proxied to UiAutomator2 server because the instrumentation process is not running (probably crashed). Check the server log and/or the logcat output for more details
Build info: version: '3.141.59', revision: 'e82be7d358', time: '2018-11-14T08:25:53'
System info: host: '00139272s-MacBook-Pro.local', ip: '2001:e68:6167:d901:5dd8:2a3:885f:7e34%en0', os.name: 'Mac OS X', os.arch: 'x86_64', os.version: '10.16', java.version: '1.8.0_275'
Driver info: com.kms.katalon.core.appium.driver.SwipeableAndroidDriver
Capabilities {app: /Users/a00139272/Katalon St..., appActivity: com.maybank2u.life.MainActi..., appPackage: com.maybank2u.life.sit, appWaitActivity: *, autoGrantPermissions: true, automationName: uiautomator2, chromedriverPort: 52878, databaseEnabled: false, desired: {app: /Users/a00139272/Katalon St..., appActivity: com.maybank2u.life.MainActi..., appPackage: com.maybank2u.life.sit, appWaitActivity: *, autoGrantPermissions: true, automationName: uiautomator2, chromedriverPort: 52878, deviceId: 002b9cc60508, deviceName: Xiaomi 21061119AG (Android 11), fullReset: false, newCommandTimeout: 1800, noReset: true, platform: ANDROID, platformName: android, platformVersion: 11, systemPort: 52876, udid: 002b9cc60508}, deviceApiLevel: 30, deviceId: 002b9cc60508, deviceManufacturer: Xiaomi, deviceModel: 21061119AG, deviceName: 002b9cc60508, deviceScreenDensity: 440, deviceScreenSize: 1080x2400, deviceUDID: 002b9cc60508, fullReset: false, javascriptEnabled: true, locationContextEnabled: false, networkConnectionEnabled: true, newCommandTimeout: 1800, noReset: true, pixelRatio: 2.75, platform: ANDROID, platformName: Android, platformVersion: 11, statBarHeight: 103, systemPort: 52876, takesScreenshot: true, udid: 002b9cc60508, viewportRect: {height: 2064, left: 0, top: 103, width: 1080}, warnings: {}, webStorageEnabled: false}
Session ID: 07e0a906-f567-4646-abfd-84c6cc800d18
	at org.openqa.selenium.remote.http.W3CHttpResponseCodec.createException(W3CHttpResponseCodec.java:187)
	at org.openqa.selenium.remote.http.W3CHttpResponseCodec.decode(W3CHttpResponseCodec.java:122)
	at org.openqa.selenium.remote.http.W3CHttpResponseCodec.decode(W3CHttpResponseCodec.java:49)
	at org.openqa.selenium.remote.HttpCommandExecutor.execute(HttpCommandExecutor.java:158)
	at io.appium.java_client.remote.AppiumCommandExecutor.execute(AppiumCommandExecutor.java:239)
	at org.openqa.selenium.remote.RemoteWebDriver.execute(RemoteWebDriver.java:552)
	at io.appium.java_client.DefaultGenericMobileDriver.execute(DefaultGenericMobileDriver.java:46)
	at io.appium.java_client.AppiumDriver.execute(AppiumDriver.java:1)
	at io.appium.java_client.android.AndroidDriver.execute(AndroidDriver.java:1)
	at com.kms.katalon.core.appium.driver.SwipeableAndroidDriver.execute(SwipeableAndroidDriver.java:1)
	at org.openqa.selenium.remote.RemoteWebDriver$RemoteWebDriverOptions$RemoteWindow.getSize(RemoteWebDriver.java:813)
	at org.openqa.selenium.WebDriver$Window$getSize.call(Unknown Source)
	at com.kms.katalon.core.mobile.keyword.internal.MobileAbstractKeyword.findElement(MobileAbstractKeyword.groovy:81)
	at com.kms.katalon.core.mobile.keyword.builtin.TapKeyword.access$1(TapKeyword.groovy)
	at com.kms.katalon.core.mobile.keyword.builtin.TapKeyword$_tap_closure1.doCall(TapKeyword.groovy:76)
	at com.kms.katalon.core.mobile.keyword.builtin.TapKeyword$_tap_closure1.call(TapKeyword.groovy)
	at com.kms.katalon.core.mobile.keyword.internal.MobileKeywordMain.runKeyword(MobileKeywordMain.groovy:21)
	at com.kms.katalon.core.mobile.keyword.builtin.TapKeyword.tap(TapKeyword.groovy:84)
	at com.kms.katalon.core.mobile.keyword.builtin.TapKeyword.execute(TapKeyword.groovy:68)
	at com.kms.katalon.core.keyword.internal.KeywordExecutor.executeKeywordForPlatform(KeywordExecutor.groovy:74)
	at com.kms.katalon.core.mobile.keyword.MobileBuiltInKeywords.tap(MobileBuiltInKeywords.groovy:1490)
	at com.kms.katalon.core.mobile.keyword.MobileBuiltInKeywords$tap$4.call(Unknown Source)
	at duitNow_recurringTransferTransaction.run(duitNow_recurringTransferTransaction:82)
	at com.kms.katalon.core.main.ScriptEngine.run(ScriptEngine.java:194)
	at com.kms.katalon.core.main.ScriptEngine.runScriptAsRawText(ScriptEngine.java:119)
	at com.kms.katalon.core.main.TestCaseExecutor.runScript(TestCaseExecutor.java:445)
	at com.kms.katalon.core.main.TestCaseExecutor.doExecute(TestCaseExecutor.java:436)
	at com.kms.katalon.core.main.TestCaseExecutor.processExecutionPhase(TestCaseExecutor.java:415)
	at com.kms.katalon.core.main.TestCaseExecutor.accessMainPhase(TestCaseExecutor.java:407)
	at com.kms.katalon.core.main.TestCaseExecutor.execute(TestCaseExecutor.java:284)
	at com.kms.katalon.core.common.CommonExecutor.accessTestCaseMainPhase(CommonExecutor.java:65)
	at com.kms.katalon.core.main.TestSuiteExecutor.accessTestSuiteMainPhase(TestSuiteExecutor.java:144)
	at com.kms.katalon.core.main.TestSuiteExecutor.execute(TestSuiteExecutor.java:106)
	at com.kms.katalon.core.main.TestCaseMain.startTestSuite(TestCaseMain.java:185)
	at com.kms.katalon.core.main.TestCaseMain$startTestSuite$0.call(Unknown Source)
	at TempTestSuite1655885093224.run(TempTestSuite1655885093224.groovy:36)
)

2022-06-22 16:48:38 - [TEST_STEP][FAILED] - setText(findTestObject("Banking/duitNowReferenceInputField"), "DuitTransferTranser", 0): Failed to set text into element (Root cause: org.openqa.selenium.WebDriverException: An unknown server-side error occurred while processing the command. Original error: 'GET /window/current/size' cannot be proxied to UiAutomator2 server because the instrumentation process is not running (probably crashed). Check the server log and/or the logcat output for more details
Build info: version: '3.141.59', revision: 'e82be7d358', time: '2018-11-14T08:25:53'
System info: host: '00139272s-MacBook-Pro.local', ip: '2001:e68:6167:d901:5dd8:2a3:885f:7e34%en0', os.name: 'Mac OS X', os.arch: 'x86_64', os.version: '10.16', java.version: '1.8.0_275'
Driver info: com.kms.katalon.core.appium.driver.SwipeableAndroidDriver
Capabilities {app: /Users/a00139272/Katalon St..., appActivity: com.maybank2u.life.MainActi..., appPackage: com.maybank2u.life.sit, appWaitActivity: *, autoGrantPermissions: true, automationName: uiautomator2, chromedriverPort: 52878, databaseEnabled: false, desired: {app: /Users/a00139272/Katalon St..., appActivity: com.maybank2u.life.MainActi..., appPackage: com.maybank2u.life.sit, appWaitActivity: *, autoGrantPermissions: true, automationName: uiautomator2, chromedriverPort: 52878, deviceId: 002b9cc60508, deviceName: Xiaomi 21061119AG (Android 11), fullReset: false, newCommandTimeout: 1800, noReset: true, platform: ANDROID, platformName: android, platformVersion: 11, systemPort: 52876, udid: 002b9cc60508}, deviceApiLevel: 30, deviceId: 002b9cc60508, deviceManufacturer: Xiaomi, deviceModel: 21061119AG, deviceName: 002b9cc60508, deviceScreenDensity: 440, deviceScreenSize: 1080x2400, deviceUDID: 002b9cc60508, fullReset: false, javascriptEnabled: true, locationContextEnabled: false, networkConnectionEnabled: true, newCommandTimeout: 1800, noReset: true, pixelRatio: 2.75, platform: ANDROID, platformName: Android, platformVersion: 11, statBarHeight: 103, systemPort: 52876, takesScreenshot: true, udid: 002b9cc60508, viewportRect: {height: 2064, left: 0, top: 103, width: 1080}, warnings: {}, webStorageEnabled: false}
Session ID: 07e0a906-f567-4646-abfd-84c6cc800d18
	at org.openqa.selenium.remote.http.W3CHttpResponseCodec.createException(W3CHttpResponseCodec.java:187)
	at org.openqa.selenium.remote.http.W3CHttpResponseCodec.decode(W3CHttpResponseCodec.java:122)
	at org.openqa.selenium.remote.http.W3CHttpResponseCodec.decode(W3CHttpResponseCodec.java:49)
	at org.openqa.selenium.remote.HttpCommandExecutor.execute(HttpCommandExecutor.java:158)
	at io.appium.java_client.remote.AppiumCommandExecutor.execute(AppiumCommandExecutor.java:239)
	at org.openqa.selenium.remote.RemoteWebDriver.execute(RemoteWebDriver.java:552)
	at io.appium.java_client.DefaultGenericMobileDriver.execute(DefaultGenericMobileDriver.java:46)
	at io.appium.java_client.AppiumDriver.execute(AppiumDriver.java:1)
	at io.appium.java_client.android.AndroidDriver.execute(AndroidDriver.java:1)
	at com.kms.katalon.core.appium.driver.SwipeableAndroidDriver.execute(SwipeableAndroidDriver.java:1)
	at org.openqa.selenium.remote.RemoteWebDriver$RemoteWebDriverOptions$RemoteWindow.getSize(RemoteWebDriver.java:813)
	at org.openqa.selenium.WebDriver$Window$getSize.call(Unknown Source)
	at com.kms.katalon.core.mobile.keyword.internal.MobileAbstractKeyword.findElement(MobileAbstractKeyword.groovy:81)
	at com.kms.katalon.core.mobile.keyword.builtin.SetTextKeyword.access$1(SetTextKeyword.groovy)
	at com.kms.katalon.core.mobile.keyword.builtin.SetTextKeyword$_setText_closure1.doCall(SetTextKeyword.groovy:74)
	at com.kms.katalon.core.mobile.keyword.builtin.SetTextKeyword$_setText_closure1.call(SetTextKeyword.groovy)
	at com.kms.katalon.core.mobile.keyword.internal.MobileKeywordMain.runKeyword(MobileKeywordMain.groovy:21)
	at com.kms.katalon.core.mobile.keyword.builtin.SetTextKeyword.setText(SetTextKeyword.groovy:83)
	at com.kms.katalon.core.mobile.keyword.builtin.SetTextKeyword.execute(SetTextKeyword.groovy:66)
	at com.kms.katalon.core.keyword.internal.KeywordExecutor.executeKeywordForPlatform(KeywordExecutor.groovy:74)
	at com.kms.katalon.core.mobile.keyword.MobileBuiltInKeywords.setText(MobileBuiltInKeywords.groovy:1307)
	at com.kms.katalon.core.mobile.keyword.MobileBuiltInKeywords$setText$6.call(Unknown Source)
	at duitNow_recurringTransferTransaction.run(duitNow_recurringTransferTransaction:84)
	at com.kms.katalon.core.main.ScriptEngine.run(ScriptEngine.java:194)
	at com.kms.katalon.core.main.ScriptEngine.runScriptAsRawText(ScriptEngine.java:119)
	at com.kms.katalon.core.main.TestCaseExecutor.runScript(TestCaseExecutor.java:445)
	at com.kms.katalon.core.main.TestCaseExecutor.doExecute(TestCaseExecutor.java:436)
	at com.kms.katalon.core.main.TestCaseExecutor.processExecutionPhase(TestCaseExecutor.java:415)
	at com.kms.katalon.core.main.TestCaseExecutor.accessMainPhase(TestCaseExecutor.java:407)
	at com.kms.katalon.core.main.TestCaseExecutor.execute(TestCaseExecutor.java:284)
	at com.kms.katalon.core.common.CommonExecutor.accessTestCaseMainPhase(CommonExecutor.java:65)
	at com.kms.katalon.core.main.TestSuiteExecutor.accessTestSuiteMainPhase(TestSuiteExecutor.java:144)
	at com.kms.katalon.core.main.TestSuiteExecutor.execute(TestSuiteExecutor.java:106)
	at com.kms.katalon.core.main.TestCaseMain.startTestSuite(TestCaseMain.java:185)
	at com.kms.katalon.core.main.TestCaseMain$startTestSuite$0.call(Unknown Source)
	at TempTestSuite1655885093224.run(TempTestSuite1655885093224.groovy:36)
)

2022-06-22 16:48:38 - [MESSAGE][WARNING] - Timeout '0' is invalid. Using default page load timeout: '40'

2022-06-22 16:48:38 - [MESSAGE][FAILED] - Failed to set text into element (Root cause: org.openqa.selenium.WebDriverException: An unknown server-side error occurred while processing the command. Original error: 'GET /window/current/size' cannot be proxied to UiAutomator2 server because the instrumentation process is not running (probably crashed). Check the server log and/or the logcat output for more details
Build info: version: '3.141.59', revision: 'e82be7d358', time: '2018-11-14T08:25:53'
System info: host: '00139272s-MacBook-Pro.local', ip: '2001:e68:6167:d901:5dd8:2a3:885f:7e34%en0', os.name: 'Mac OS X', os.arch: 'x86_64', os.version: '10.16', java.version: '1.8.0_275'
Driver info: com.kms.katalon.core.appium.driver.SwipeableAndroidDriver
Capabilities {app: /Users/a00139272/Katalon St..., appActivity: com.maybank2u.life.MainActi..., appPackage: com.maybank2u.life.sit, appWaitActivity: *, autoGrantPermissions: true, automationName: uiautomator2, chromedriverPort: 52878, databaseEnabled: false, desired: {app: /Users/a00139272/Katalon St..., appActivity: com.maybank2u.life.MainActi..., appPackage: com.maybank2u.life.sit, appWaitActivity: *, autoGrantPermissions: true, automationName: uiautomator2, chromedriverPort: 52878, deviceId: 002b9cc60508, deviceName: Xiaomi 21061119AG (Android 11), fullReset: false, newCommandTimeout: 1800, noReset: true, platform: ANDROID, platformName: android, platformVersion: 11, systemPort: 52876, udid: 002b9cc60508}, deviceApiLevel: 30, deviceId: 002b9cc60508, deviceManufacturer: Xiaomi, deviceModel: 21061119AG, deviceName: 002b9cc60508, deviceScreenDensity: 440, deviceScreenSize: 1080x2400, deviceUDID: 002b9cc60508, fullReset: false, javascriptEnabled: true, locationContextEnabled: false, networkConnectionEnabled: true, newCommandTimeout: 1800, noReset: true, pixelRatio: 2.75, platform: ANDROID, platformName: Android, platformVersion: 11, statBarHeight: 103, systemPort: 52876, takesScreenshot: true, udid: 002b9cc60508, viewportRect: {height: 2064, left: 0, top: 103, width: 1080}, warnings: {}, webStorageEnabled: false}
Session ID: 07e0a906-f567-4646-abfd-84c6cc800d18
	at org.openqa.selenium.remote.http.W3CHttpResponseCodec.createException(W3CHttpResponseCodec.java:187)
	at org.openqa.selenium.remote.http.W3CHttpResponseCodec.decode(W3CHttpResponseCodec.java:122)
	at org.openqa.selenium.remote.http.W3CHttpResponseCodec.decode(W3CHttpResponseCodec.java:49)
	at org.openqa.selenium.remote.HttpCommandExecutor.execute(HttpCommandExecutor.java:158)
	at io.appium.java_client.remote.AppiumCommandExecutor.execute(AppiumCommandExecutor.java:239)
	at org.openqa.selenium.remote.RemoteWebDriver.execute(RemoteWebDriver.java:552)
	at io.appium.java_client.DefaultGenericMobileDriver.execute(DefaultGenericMobileDriver.java:46)
	at io.appium.java_client.AppiumDriver.execute(AppiumDriver.java:1)
	at io.appium.java_client.android.AndroidDriver.execute(AndroidDriver.java:1)
	at com.kms.katalon.core.appium.driver.SwipeableAndroidDriver.execute(SwipeableAndroidDriver.java:1)
	at org.openqa.selenium.remote.RemoteWebDriver$RemoteWebDriverOptions$RemoteWindow.getSize(RemoteWebDriver.java:813)
	at org.openqa.selenium.WebDriver$Window$getSize.call(Unknown Source)
	at com.kms.katalon.core.mobile.keyword.internal.MobileAbstractKeyword.findElement(MobileAbstractKeyword.groovy:81)
	at com.kms.katalon.core.mobile.keyword.builtin.SetTextKeyword.access$1(SetTextKeyword.groovy)
	at com.kms.katalon.core.mobile.keyword.builtin.SetTextKeyword$_setText_closure1.doCall(SetTextKeyword.groovy:74)
	at com.kms.katalon.core.mobile.keyword.builtin.SetTextKeyword$_setText_closure1.call(SetTextKeyword.groovy)
	at com.kms.katalon.core.mobile.keyword.internal.MobileKeywordMain.runKeyword(MobileKeywordMain.groovy:21)
	at com.kms.katalon.core.mobile.keyword.builtin.SetTextKeyword.setText(SetTextKeyword.groovy:83)
	at com.kms.katalon.core.mobile.keyword.builtin.SetTextKeyword.execute(SetTextKeyword.groovy:66)
	at com.kms.katalon.core.keyword.internal.KeywordExecutor.executeKeywordForPlatform(KeywordExecutor.groovy:74)
	at com.kms.katalon.core.mobile.keyword.MobileBuiltInKeywords.setText(MobileBuiltInKeywords.groovy:1307)
	at com.kms.katalon.core.mobile.keyword.MobileBuiltInKeywords$setText$6.call(Unknown Source)
	at duitNow_recurringTransferTransaction.run(duitNow_recurringTransferTransaction:84)
	at com.kms.katalon.core.main.ScriptEngine.run(ScriptEngine.java:194)
	at com.kms.katalon.core.main.ScriptEngine.runScriptAsRawText(ScriptEngine.java:119)
	at com.kms.katalon.core.main.TestCaseExecutor.runScript(TestCaseExecutor.java:445)
	at com.kms.katalon.core.main.TestCaseExecutor.doExecute(TestCaseExecutor.java:436)
	at com.kms.katalon.core.main.TestCaseExecutor.processExecutionPhase(TestCaseExecutor.java:415)
	at com.kms.katalon.core.main.TestCaseExecutor.accessMainPhase(TestCaseExecutor.java:407)
	at com.kms.katalon.core.main.TestCaseExecutor.execute(TestCaseExecutor.java:284)
	at com.kms.katalon.core.common.CommonExecutor.accessTestCaseMainPhase(CommonExecutor.java:65)
	at com.kms.katalon.core.main.TestSuiteExecutor.accessTestSuiteMainPhase(TestSuiteExecutor.java:144)
	at com.kms.katalon.core.main.TestSuiteExecutor.execute(TestSuiteExecutor.java:106)
	at com.kms.katalon.core.main.TestCaseMain.startTestSuite(TestCaseMain.java:185)
	at com.kms.katalon.core.main.TestCaseMain$startTestSuite$0.call(Unknown Source)
	at TempTestSuite1655885093224.run(TempTestSuite1655885093224.groovy:36)
)

2022-06-22 16:48:38 - [TEST_STEP][PASSED] - hideKeyboard(): Keyboard is hidden

2022-06-22 16:48:39 - [MESSAGE][PASSED] - Keyboard is hidden

2022-06-22 16:48:39 - [TEST_STEP][FAILED] - tap(findTestObject("Login Onboarding/loginExistingContinueBtn"), 0): Failed to tap on element 'Object Repository/Login Onboarding/loginExistingContinueBtn' (Root cause: org.openqa.selenium.WebDriverException: An unknown server-side error occurred while processing the command. Original error: 'GET /window/current/size' cannot be proxied to UiAutomator2 server because the instrumentation process is not running (probably crashed). Check the server log and/or the logcat output for more details
Build info: version: '3.141.59', revision: 'e82be7d358', time: '2018-11-14T08:25:53'
System info: host: '00139272s-MacBook-Pro.local', ip: '2001:e68:6167:d901:5dd8:2a3:885f:7e34%en0', os.name: 'Mac OS X', os.arch: 'x86_64', os.version: '10.16', java.version: '1.8.0_275'
Driver info: com.kms.katalon.core.appium.driver.SwipeableAndroidDriver
Capabilities {app: /Users/a00139272/Katalon St..., appActivity: com.maybank2u.life.MainActi..., appPackage: com.maybank2u.life.sit, appWaitActivity: *, autoGrantPermissions: true, automationName: uiautomator2, chromedriverPort: 52878, databaseEnabled: false, desired: {app: /Users/a00139272/Katalon St..., appActivity: com.maybank2u.life.MainActi..., appPackage: com.maybank2u.life.sit, appWaitActivity: *, autoGrantPermissions: true, automationName: uiautomator2, chromedriverPort: 52878, deviceId: 002b9cc60508, deviceName: Xiaomi 21061119AG (Android 11), fullReset: false, newCommandTimeout: 1800, noReset: true, platform: ANDROID, platformName: android, platformVersion: 11, systemPort: 52876, udid: 002b9cc60508}, deviceApiLevel: 30, deviceId: 002b9cc60508, deviceManufacturer: Xiaomi, deviceModel: 21061119AG, deviceName: 002b9cc60508, deviceScreenDensity: 440, deviceScreenSize: 1080x2400, deviceUDID: 002b9cc60508, fullReset: false, javascriptEnabled: true, locationContextEnabled: false, networkConnectionEnabled: true, newCommandTimeout: 1800, noReset: true, pixelRatio: 2.75, platform: ANDROID, platformName: Android, platformVersion: 11, statBarHeight: 103, systemPort: 52876, takesScreenshot: true, udid: 002b9cc60508, viewportRect: {height: 2064, left: 0, top: 103, width: 1080}, warnings: {}, webStorageEnabled: false}
Session ID: 07e0a906-f567-4646-abfd-84c6cc800d18
	at org.openqa.selenium.remote.http.W3CHttpResponseCodec.createException(W3CHttpResponseCodec.java:187)
	at org.openqa.selenium.remote.http.W3CHttpResponseCodec.decode(W3CHttpResponseCodec.java:122)
	at org.openqa.selenium.remote.http.W3CHttpResponseCodec.decode(W3CHttpResponseCodec.java:49)
	at org.openqa.selenium.remote.HttpCommandExecutor.execute(HttpCommandExecutor.java:158)
	at io.appium.java_client.remote.AppiumCommandExecutor.execute(AppiumCommandExecutor.java:239)
	at org.openqa.selenium.remote.RemoteWebDriver.execute(RemoteWebDriver.java:552)
	at io.appium.java_client.DefaultGenericMobileDriver.execute(DefaultGenericMobileDriver.java:46)
	at io.appium.java_client.AppiumDriver.execute(AppiumDriver.java:1)
	at io.appium.java_client.android.AndroidDriver.execute(AndroidDriver.java:1)
	at com.kms.katalon.core.appium.driver.SwipeableAndroidDriver.execute(SwipeableAndroidDriver.java:1)
	at org.openqa.selenium.remote.RemoteWebDriver$RemoteWebDriverOptions$RemoteWindow.getSize(RemoteWebDriver.java:813)
	at org.openqa.selenium.WebDriver$Window$getSize.call(Unknown Source)
	at com.kms.katalon.core.mobile.keyword.internal.MobileAbstractKeyword.findElement(MobileAbstractKeyword.groovy:81)
	at com.kms.katalon.core.mobile.keyword.builtin.TapKeyword.access$1(TapKeyword.groovy)
	at com.kms.katalon.core.mobile.keyword.builtin.TapKeyword$_tap_closure1.doCall(TapKeyword.groovy:76)
	at com.kms.katalon.core.mobile.keyword.builtin.TapKeyword$_tap_closure1.call(TapKeyword.groovy)
	at com.kms.katalon.core.mobile.keyword.internal.MobileKeywordMain.runKeyword(MobileKeywordMain.groovy:21)
	at com.kms.katalon.core.mobile.keyword.builtin.TapKeyword.tap(TapKeyword.groovy:84)
	at com.kms.katalon.core.mobile.keyword.builtin.TapKeyword.execute(TapKeyword.groovy:68)
	at com.kms.katalon.core.keyword.internal.KeywordExecutor.executeKeywordForPlatform(KeywordExecutor.groovy:74)
	at com.kms.katalon.core.mobile.keyword.MobileBuiltInKeywords.tap(MobileBuiltInKeywords.groovy:1490)
	at com.kms.katalon.core.mobile.keyword.MobileBuiltInKeywords$tap$4.call(Unknown Source)
	at duitNow_recurringTransferTransaction.run(duitNow_recurringTransferTransaction:88)
	at com.kms.katalon.core.main.ScriptEngine.run(ScriptEngine.java:194)
	at com.kms.katalon.core.main.ScriptEngine.runScriptAsRawText(ScriptEngine.java:119)
	at com.kms.katalon.core.main.TestCaseExecutor.runScript(TestCaseExecutor.java:445)
	at com.kms.katalon.core.main.TestCaseExecutor.doExecute(TestCaseExecutor.java:436)
	at com.kms.katalon.core.main.TestCaseExecutor.processExecutionPhase(TestCaseExecutor.java:415)
	at com.kms.katalon.core.main.TestCaseExecutor.accessMainPhase(TestCaseExecutor.java:407)
	at com.kms.katalon.core.main.TestCaseExecutor.execute(TestCaseExecutor.java:284)
	at com.kms.katalon.core.common.CommonExecutor.accessTestCaseMainPhase(CommonExecutor.java:65)
	at com.kms.katalon.core.main.TestSuiteExecutor.accessTestSuiteMainPhase(TestSuiteExecutor.java:144)
	at com.kms.katalon.core.main.TestSuiteExecutor.execute(TestSuiteExecutor.java:106)
	at com.kms.katalon.core.main.TestCaseMain.startTestSuite(TestCaseMain.java:185)
	at com.kms.katalon.core.main.TestCaseMain$startTestSuite$0.call(Unknown Source)
	at TempTestSuite1655885093224.run(TempTestSuite1655885093224.groovy:36)
)

2022-06-22 16:48:39 - [MESSAGE][WARNING] - Timeout '0' is invalid. Using default page load timeout: '40'

2022-06-22 16:48:39 - [MESSAGE][FAILED] - Failed to tap on element 'Object Repository/Login Onboarding/loginExistingContinueBtn' (Root cause: org.openqa.selenium.WebDriverException: An unknown server-side error occurred while processing the command. Original error: 'GET /window/current/size' cannot be proxied to UiAutomator2 server because the instrumentation process is not running (probably crashed). Check the server log and/or the logcat output for more details
Build info: version: '3.141.59', revision: 'e82be7d358', time: '2018-11-14T08:25:53'
System info: host: '00139272s-MacBook-Pro.local', ip: '2001:e68:6167:d901:5dd8:2a3:885f:7e34%en0', os.name: 'Mac OS X', os.arch: 'x86_64', os.version: '10.16', java.version: '1.8.0_275'
Driver info: com.kms.katalon.core.appium.driver.SwipeableAndroidDriver
Capabilities {app: /Users/a00139272/Katalon St..., appActivity: com.maybank2u.life.MainActi..., appPackage: com.maybank2u.life.sit, appWaitActivity: *, autoGrantPermissions: true, automationName: uiautomator2, chromedriverPort: 52878, databaseEnabled: false, desired: {app: /Users/a00139272/Katalon St..., appActivity: com.maybank2u.life.MainActi..., appPackage: com.maybank2u.life.sit, appWaitActivity: *, autoGrantPermissions: true, automationName: uiautomator2, chromedriverPort: 52878, deviceId: 002b9cc60508, deviceName: Xiaomi 21061119AG (Android 11), fullReset: false, newCommandTimeout: 1800, noReset: true, platform: ANDROID, platformName: android, platformVersion: 11, systemPort: 52876, udid: 002b9cc60508}, deviceApiLevel: 30, deviceId: 002b9cc60508, deviceManufacturer: Xiaomi, deviceModel: 21061119AG, deviceName: 002b9cc60508, deviceScreenDensity: 440, deviceScreenSize: 1080x2400, deviceUDID: 002b9cc60508, fullReset: false, javascriptEnabled: true, locationContextEnabled: false, networkConnectionEnabled: true, newCommandTimeout: 1800, noReset: true, pixelRatio: 2.75, platform: ANDROID, platformName: Android, platformVersion: 11, statBarHeight: 103, systemPort: 52876, takesScreenshot: true, udid: 002b9cc60508, viewportRect: {height: 2064, left: 0, top: 103, width: 1080}, warnings: {}, webStorageEnabled: false}
Session ID: 07e0a906-f567-4646-abfd-84c6cc800d18
	at org.openqa.selenium.remote.http.W3CHttpResponseCodec.createException(W3CHttpResponseCodec.java:187)
	at org.openqa.selenium.remote.http.W3CHttpResponseCodec.decode(W3CHttpResponseCodec.java:122)
	at org.openqa.selenium.remote.http.W3CHttpResponseCodec.decode(W3CHttpResponseCodec.java:49)
	at org.openqa.selenium.remote.HttpCommandExecutor.execute(HttpCommandExecutor.java:158)
	at io.appium.java_client.remote.AppiumCommandExecutor.execute(AppiumCommandExecutor.java:239)
	at org.openqa.selenium.remote.RemoteWebDriver.execute(RemoteWebDriver.java:552)
	at io.appium.java_client.DefaultGenericMobileDriver.execute(DefaultGenericMobileDriver.java:46)
	at io.appium.java_client.AppiumDriver.execute(AppiumDriver.java:1)
	at io.appium.java_client.android.AndroidDriver.execute(AndroidDriver.java:1)
	at com.kms.katalon.core.appium.driver.SwipeableAndroidDriver.execute(SwipeableAndroidDriver.java:1)
	at org.openqa.selenium.remote.RemoteWebDriver$RemoteWebDriverOptions$RemoteWindow.getSize(RemoteWebDriver.java:813)
	at org.openqa.selenium.WebDriver$Window$getSize.call(Unknown Source)
	at com.kms.katalon.core.mobile.keyword.internal.MobileAbstractKeyword.findElement(MobileAbstractKeyword.groovy:81)
	at com.kms.katalon.core.mobile.keyword.builtin.TapKeyword.access$1(TapKeyword.groovy)
	at com.kms.katalon.core.mobile.keyword.builtin.TapKeyword$_tap_closure1.doCall(TapKeyword.groovy:76)
	at com.kms.katalon.core.mobile.keyword.builtin.TapKeyword$_tap_closure1.call(TapKeyword.groovy)
	at com.kms.katalon.core.mobile.keyword.internal.MobileKeywordMain.runKeyword(MobileKeywordMain.groovy:21)
	at com.kms.katalon.core.mobile.keyword.builtin.TapKeyword.tap(TapKeyword.groovy:84)
	at com.kms.katalon.core.mobile.keyword.builtin.TapKeyword.execute(TapKeyword.groovy:68)
	at com.kms.katalon.core.keyword.internal.KeywordExecutor.executeKeywordForPlatform(KeywordExecutor.groovy:74)
	at com.kms.katalon.core.mobile.keyword.MobileBuiltInKeywords.tap(MobileBuiltInKeywords.groovy:1490)
	at com.kms.katalon.core.mobile.keyword.MobileBuiltInKeywords$tap$4.call(Unknown Source)
	at duitNow_recurringTransferTransaction.run(duitNow_recurringTransferTransaction:88)
	at com.kms.katalon.core.main.ScriptEngine.run(ScriptEngine.java:194)
	at com.kms.katalon.core.main.ScriptEngine.runScriptAsRawText(ScriptEngine.java:119)
	at com.kms.katalon.core.main.TestCaseExecutor.runScript(TestCaseExecutor.java:445)
	at com.kms.katalon.core.main.TestCaseExecutor.doExecute(TestCaseExecutor.java:436)
	at com.kms.katalon.core.main.TestCaseExecutor.processExecutionPhase(TestCaseExecutor.java:415)
	at com.kms.katalon.core.main.TestCaseExecutor.accessMainPhase(TestCaseExecutor.java:407)
	at com.kms.katalon.core.main.TestCaseExecutor.execute(TestCaseExecutor.java:284)
	at com.kms.katalon.core.common.CommonExecutor.accessTestCaseMainPhase(CommonExecutor.java:65)
	at com.kms.katalon.core.main.TestSuiteExecutor.accessTestSuiteMainPhase(TestSuiteExecutor.java:144)
	at com.kms.katalon.core.main.TestSuiteExecutor.execute(TestSuiteExecutor.java:106)
	at com.kms.katalon.core.main.TestCaseMain.startTestSuite(TestCaseMain.java:185)
	at com.kms.katalon.core.main.TestCaseMain$startTestSuite$0.call(Unknown Source)
	at TempTestSuite1655885093224.run(TempTestSuite1655885093224.groovy:36)
)

2022-06-22 16:48:39 - [TEST_STEP][FAILED] - tap(findTestObject("Banking/duitNowSummaryOneOffTxt"), 0): Failed to tap on element 'Object Repository/Banking/duitNowSummaryOneOffTxt' (Root cause: org.openqa.selenium.WebDriverException: An unknown server-side error occurred while processing the command. Original error: 'GET /window/current/size' cannot be proxied to UiAutomator2 server because the instrumentation process is not running (probably crashed). Check the server log and/or the logcat output for more details
Build info: version: '3.141.59', revision: 'e82be7d358', time: '2018-11-14T08:25:53'
System info: host: '00139272s-MacBook-Pro.local', ip: '2001:e68:6167:d901:5dd8:2a3:885f:7e34%en0', os.name: 'Mac OS X', os.arch: 'x86_64', os.version: '10.16', java.version: '1.8.0_275'
Driver info: com.kms.katalon.core.appium.driver.SwipeableAndroidDriver
Capabilities {app: /Users/a00139272/Katalon St..., appActivity: com.maybank2u.life.MainActi..., appPackage: com.maybank2u.life.sit, appWaitActivity: *, autoGrantPermissions: true, automationName: uiautomator2, chromedriverPort: 52878, databaseEnabled: false, desired: {app: /Users/a00139272/Katalon St..., appActivity: com.maybank2u.life.MainActi..., appPackage: com.maybank2u.life.sit, appWaitActivity: *, autoGrantPermissions: true, automationName: uiautomator2, chromedriverPort: 52878, deviceId: 002b9cc60508, deviceName: Xiaomi 21061119AG (Android 11), fullReset: false, newCommandTimeout: 1800, noReset: true, platform: ANDROID, platformName: android, platformVersion: 11, systemPort: 52876, udid: 002b9cc60508}, deviceApiLevel: 30, deviceId: 002b9cc60508, deviceManufacturer: Xiaomi, deviceModel: 21061119AG, deviceName: 002b9cc60508, deviceScreenDensity: 440, deviceScreenSize: 1080x2400, deviceUDID: 002b9cc60508, fullReset: false, javascriptEnabled: true, locationContextEnabled: false, networkConnectionEnabled: true, newCommandTimeout: 1800, noReset: true, pixelRatio: 2.75, platform: ANDROID, platformName: Android, platformVersion: 11, statBarHeight: 103, systemPort: 52876, takesScreenshot: true, udid: 002b9cc60508, viewportRect: {height: 2064, left: 0, top: 103, width: 1080}, warnings: {}, webStorageEnabled: false}
Session ID: 07e0a906-f567-4646-abfd-84c6cc800d18
	at org.openqa.selenium.remote.http.W3CHttpResponseCodec.createException(W3CHttpResponseCodec.java:187)
	at org.openqa.selenium.remote.http.W3CHttpResponseCodec.decode(W3CHttpResponseCodec.java:122)
	at org.openqa.selenium.remote.http.W3CHttpResponseCodec.decode(W3CHttpResponseCodec.java:49)
	at org.openqa.selenium.remote.HttpCommandExecutor.execute(HttpCommandExecutor.java:158)
	at io.appium.java_client.remote.AppiumCommandExecutor.execute(AppiumCommandExecutor.java:239)
	at org.openqa.selenium.remote.RemoteWebDriver.execute(RemoteWebDriver.java:552)
	at io.appium.java_client.DefaultGenericMobileDriver.execute(DefaultGenericMobileDriver.java:46)
	at io.appium.java_client.AppiumDriver.execute(AppiumDriver.java:1)
	at io.appium.java_client.android.AndroidDriver.execute(AndroidDriver.java:1)
	at com.kms.katalon.core.appium.driver.SwipeableAndroidDriver.execute(SwipeableAndroidDriver.java:1)
	at org.openqa.selenium.remote.RemoteWebDriver$RemoteWebDriverOptions$RemoteWindow.getSize(RemoteWebDriver.java:813)
	at org.openqa.selenium.WebDriver$Window$getSize.call(Unknown Source)
	at com.kms.katalon.core.mobile.keyword.internal.MobileAbstractKeyword.findElement(MobileAbstractKeyword.groovy:81)
	at com.kms.katalon.core.mobile.keyword.builtin.TapKeyword.access$1(TapKeyword.groovy)
	at com.kms.katalon.core.mobile.keyword.builtin.TapKeyword$_tap_closure1.doCall(TapKeyword.groovy:76)
	at com.kms.katalon.core.mobile.keyword.builtin.TapKeyword$_tap_closure1.call(TapKeyword.groovy)
	at com.kms.katalon.core.mobile.keyword.internal.MobileKeywordMain.runKeyword(MobileKeywordMain.groovy:21)
	at com.kms.katalon.core.mobile.keyword.builtin.TapKeyword.tap(TapKeyword.groovy:84)
	at com.kms.katalon.core.mobile.keyword.builtin.TapKeyword.execute(TapKeyword.groovy:68)
	at com.kms.katalon.core.keyword.internal.KeywordExecutor.executeKeywordForPlatform(KeywordExecutor.groovy:74)
	at com.kms.katalon.core.mobile.keyword.MobileBuiltInKeywords.tap(MobileBuiltInKeywords.groovy:1490)
	at com.kms.katalon.core.mobile.keyword.MobileBuiltInKeywords$tap$4.call(Unknown Source)
	at duitNow_recurringTransferTransaction.run(duitNow_recurringTransferTransaction:90)
	at com.kms.katalon.core.main.ScriptEngine.run(ScriptEngine.java:194)
	at com.kms.katalon.core.main.ScriptEngine.runScriptAsRawText(ScriptEngine.java:119)
	at com.kms.katalon.core.main.TestCaseExecutor.runScript(TestCaseExecutor.java:445)
	at com.kms.katalon.core.main.TestCaseExecutor.doExecute(TestCaseExecutor.java:436)
	at com.kms.katalon.core.main.TestCaseExecutor.processExecutionPhase(TestCaseExecutor.java:415)
	at com.kms.katalon.core.main.TestCaseExecutor.accessMainPhase(TestCaseExecutor.java:407)
	at com.kms.katalon.core.main.TestCaseExecutor.execute(TestCaseExecutor.java:284)
	at com.kms.katalon.core.common.CommonExecutor.accessTestCaseMainPhase(CommonExecutor.java:65)
	at com.kms.katalon.core.main.TestSuiteExecutor.accessTestSuiteMainPhase(TestSuiteExecutor.java:144)
	at com.kms.katalon.core.main.TestSuiteExecutor.execute(TestSuiteExecutor.java:106)
	at com.kms.katalon.core.main.TestCaseMain.startTestSuite(TestCaseMain.java:185)
	at com.kms.katalon.core.main.TestCaseMain$startTestSuite$0.call(Unknown Source)
	at TempTestSuite1655885093224.run(TempTestSuite1655885093224.groovy:36)
)

2022-06-22 16:48:39 - [MESSAGE][WARNING] - Timeout '0' is invalid. Using default page load timeout: '40'

2022-06-22 16:48:39 - [MESSAGE][FAILED] - Failed to tap on element 'Object Repository/Banking/duitNowSummaryOneOffTxt' (Root cause: org.openqa.selenium.WebDriverException: An unknown server-side error occurred while processing the command. Original error: 'GET /window/current/size' cannot be proxied to UiAutomator2 server because the instrumentation process is not running (probably crashed). Check the server log and/or the logcat output for more details
Build info: version: '3.141.59', revision: 'e82be7d358', time: '2018-11-14T08:25:53'
System info: host: '00139272s-MacBook-Pro.local', ip: '2001:e68:6167:d901:5dd8:2a3:885f:7e34%en0', os.name: 'Mac OS X', os.arch: 'x86_64', os.version: '10.16', java.version: '1.8.0_275'
Driver info: com.kms.katalon.core.appium.driver.SwipeableAndroidDriver
Capabilities {app: /Users/a00139272/Katalon St..., appActivity: com.maybank2u.life.MainActi..., appPackage: com.maybank2u.life.sit, appWaitActivity: *, autoGrantPermissions: true, automationName: uiautomator2, chromedriverPort: 52878, databaseEnabled: false, desired: {app: /Users/a00139272/Katalon St..., appActivity: com.maybank2u.life.MainActi..., appPackage: com.maybank2u.life.sit, appWaitActivity: *, autoGrantPermissions: true, automationName: uiautomator2, chromedriverPort: 52878, deviceId: 002b9cc60508, deviceName: Xiaomi 21061119AG (Android 11), fullReset: false, newCommandTimeout: 1800, noReset: true, platform: ANDROID, platformName: android, platformVersion: 11, systemPort: 52876, udid: 002b9cc60508}, deviceApiLevel: 30, deviceId: 002b9cc60508, deviceManufacturer: Xiaomi, deviceModel: 21061119AG, deviceName: 002b9cc60508, deviceScreenDensity: 440, deviceScreenSize: 1080x2400, deviceUDID: 002b9cc60508, fullReset: false, javascriptEnabled: true, locationContextEnabled: false, networkConnectionEnabled: true, newCommandTimeout: 1800, noReset: true, pixelRatio: 2.75, platform: ANDROID, platformName: Android, platformVersion: 11, statBarHeight: 103, systemPort: 52876, takesScreenshot: true, udid: 002b9cc60508, viewportRect: {height: 2064, left: 0, top: 103, width: 1080}, warnings: {}, webStorageEnabled: false}
Session ID: 07e0a906-f567-4646-abfd-84c6cc800d18
	at org.openqa.selenium.remote.http.W3CHttpResponseCodec.createException(W3CHttpResponseCodec.java:187)
	at org.openqa.selenium.remote.http.W3CHttpResponseCodec.decode(W3CHttpResponseCodec.java:122)
	at org.openqa.selenium.remote.http.W3CHttpResponseCodec.decode(W3CHttpResponseCodec.java:49)
	at org.openqa.selenium.remote.HttpCommandExecutor.execute(HttpCommandExecutor.java:158)
	at io.appium.java_client.remote.AppiumCommandExecutor.execute(AppiumCommandExecutor.java:239)
	at org.openqa.selenium.remote.RemoteWebDriver.execute(RemoteWebDriver.java:552)
	at io.appium.java_client.DefaultGenericMobileDriver.execute(DefaultGenericMobileDriver.java:46)
	at io.appium.java_client.AppiumDriver.execute(AppiumDriver.java:1)
	at io.appium.java_client.android.AndroidDriver.execute(AndroidDriver.java:1)
	at com.kms.katalon.core.appium.driver.SwipeableAndroidDriver.execute(SwipeableAndroidDriver.java:1)
	at org.openqa.selenium.remote.RemoteWebDriver$RemoteWebDriverOptions$RemoteWindow.getSize(RemoteWebDriver.java:813)
	at org.openqa.selenium.WebDriver$Window$getSize.call(Unknown Source)
	at com.kms.katalon.core.mobile.keyword.internal.MobileAbstractKeyword.findElement(MobileAbstractKeyword.groovy:81)
	at com.kms.katalon.core.mobile.keyword.builtin.TapKeyword.access$1(TapKeyword.groovy)
	at com.kms.katalon.core.mobile.keyword.builtin.TapKeyword$_tap_closure1.doCall(TapKeyword.groovy:76)
	at com.kms.katalon.core.mobile.keyword.builtin.TapKeyword$_tap_closure1.call(TapKeyword.groovy)
	at com.kms.katalon.core.mobile.keyword.internal.MobileKeywordMain.runKeyword(MobileKeywordMain.groovy:21)
	at com.kms.katalon.core.mobile.keyword.builtin.TapKeyword.tap(TapKeyword.groovy:84)
	at com.kms.katalon.core.mobile.keyword.builtin.TapKeyword.execute(TapKeyword.groovy:68)
	at com.kms.katalon.core.keyword.internal.KeywordExecutor.executeKeywordForPlatform(KeywordExecutor.groovy:74)
	at com.kms.katalon.core.mobile.keyword.MobileBuiltInKeywords.tap(MobileBuiltInKeywords.groovy:1490)
	at com.kms.katalon.core.mobile.keyword.MobileBuiltInKeywords$tap$4.call(Unknown Source)
	at duitNow_recurringTransferTransaction.run(duitNow_recurringTransferTransaction:90)
	at com.kms.katalon.core.main.ScriptEngine.run(ScriptEngine.java:194)
	at com.kms.katalon.core.main.ScriptEngine.runScriptAsRawText(ScriptEngine.java:119)
	at com.kms.katalon.core.main.TestCaseExecutor.runScript(TestCaseExecutor.java:445)
	at com.kms.katalon.core.main.TestCaseExecutor.doExecute(TestCaseExecutor.java:436)
	at com.kms.katalon.core.main.TestCaseExecutor.processExecutionPhase(TestCaseExecutor.java:415)
	at com.kms.katalon.core.main.TestCaseExecutor.accessMainPhase(TestCaseExecutor.java:407)
	at com.kms.katalon.core.main.TestCaseExecutor.execute(TestCaseExecutor.java:284)
	at com.kms.katalon.core.common.CommonExecutor.accessTestCaseMainPhase(CommonExecutor.java:65)
	at com.kms.katalon.core.main.TestSuiteExecutor.accessTestSuiteMainPhase(TestSuiteExecutor.java:144)
	at com.kms.katalon.core.main.TestSuiteExecutor.execute(TestSuiteExecutor.java:106)
	at com.kms.katalon.core.main.TestCaseMain.startTestSuite(TestCaseMain.java:185)
	at com.kms.katalon.core.main.TestCaseMain$startTestSuite$0.call(Unknown Source)
	at TempTestSuite1655885093224.run(TempTestSuite1655885093224.groovy:36)
)

2022-06-22 16:48:39 - [TEST_STEP][FAILED] - tap(findTestObject("Banking/duitNowRecurringDropdownSelection"), 0): Failed to tap on element 'Object Repository/Banking/duitNowRecurringDropdownSelection' (Root cause: org.openqa.selenium.WebDriverException: An unknown server-side error occurred while processing the command. Original error: 'GET /window/current/size' cannot be proxied to UiAutomator2 server because the instrumentation process is not running (probably crashed). Check the server log and/or the logcat output for more details
Build info: version: '3.141.59', revision: 'e82be7d358', time: '2018-11-14T08:25:53'
System info: host: '00139272s-MacBook-Pro.local', ip: '2001:e68:6167:d901:5dd8:2a3:885f:7e34%en0', os.name: 'Mac OS X', os.arch: 'x86_64', os.version: '10.16', java.version: '1.8.0_275'
Driver info: com.kms.katalon.core.appium.driver.SwipeableAndroidDriver
Capabilities {app: /Users/a00139272/Katalon St..., appActivity: com.maybank2u.life.MainActi..., appPackage: com.maybank2u.life.sit, appWaitActivity: *, autoGrantPermissions: true, automationName: uiautomator2, chromedriverPort: 52878, databaseEnabled: false, desired: {app: /Users/a00139272/Katalon St..., appActivity: com.maybank2u.life.MainActi..., appPackage: com.maybank2u.life.sit, appWaitActivity: *, autoGrantPermissions: true, automationName: uiautomator2, chromedriverPort: 52878, deviceId: 002b9cc60508, deviceName: Xiaomi 21061119AG (Android 11), fullReset: false, newCommandTimeout: 1800, noReset: true, platform: ANDROID, platformName: android, platformVersion: 11, systemPort: 52876, udid: 002b9cc60508}, deviceApiLevel: 30, deviceId: 002b9cc60508, deviceManufacturer: Xiaomi, deviceModel: 21061119AG, deviceName: 002b9cc60508, deviceScreenDensity: 440, deviceScreenSize: 1080x2400, deviceUDID: 002b9cc60508, fullReset: false, javascriptEnabled: true, locationContextEnabled: false, networkConnectionEnabled: true, newCommandTimeout: 1800, noReset: true, pixelRatio: 2.75, platform: ANDROID, platformName: Android, platformVersion: 11, statBarHeight: 103, systemPort: 52876, takesScreenshot: true, udid: 002b9cc60508, viewportRect: {height: 2064, left: 0, top: 103, width: 1080}, warnings: {}, webStorageEnabled: false}
Session ID: 07e0a906-f567-4646-abfd-84c6cc800d18
	at org.openqa.selenium.remote.http.W3CHttpResponseCodec.createException(W3CHttpResponseCodec.java:187)
	at org.openqa.selenium.remote.http.W3CHttpResponseCodec.decode(W3CHttpResponseCodec.java:122)
	at org.openqa.selenium.remote.http.W3CHttpResponseCodec.decode(W3CHttpResponseCodec.java:49)
	at org.openqa.selenium.remote.HttpCommandExecutor.execute(HttpCommandExecutor.java:158)
	at io.appium.java_client.remote.AppiumCommandExecutor.execute(AppiumCommandExecutor.java:239)
	at org.openqa.selenium.remote.RemoteWebDriver.execute(RemoteWebDriver.java:552)
	at io.appium.java_client.DefaultGenericMobileDriver.execute(DefaultGenericMobileDriver.java:46)
	at io.appium.java_client.AppiumDriver.execute(AppiumDriver.java:1)
	at io.appium.java_client.android.AndroidDriver.execute(AndroidDriver.java:1)
	at com.kms.katalon.core.appium.driver.SwipeableAndroidDriver.execute(SwipeableAndroidDriver.java:1)
	at org.openqa.selenium.remote.RemoteWebDriver$RemoteWebDriverOptions$RemoteWindow.getSize(RemoteWebDriver.java:813)
	at org.openqa.selenium.WebDriver$Window$getSize.call(Unknown Source)
	at com.kms.katalon.core.mobile.keyword.internal.MobileAbstractKeyword.findElement(MobileAbstractKeyword.groovy:81)
	at com.kms.katalon.core.mobile.keyword.builtin.TapKeyword.access$1(TapKeyword.groovy)
	at com.kms.katalon.core.mobile.keyword.builtin.TapKeyword$_tap_closure1.doCall(TapKeyword.groovy:76)
	at com.kms.katalon.core.mobile.keyword.builtin.TapKeyword$_tap_closure1.call(TapKeyword.groovy)
	at com.kms.katalon.core.mobile.keyword.internal.MobileKeywordMain.runKeyword(MobileKeywordMain.groovy:21)
	at com.kms.katalon.core.mobile.keyword.builtin.TapKeyword.tap(TapKeyword.groovy:84)
	at com.kms.katalon.core.mobile.keyword.builtin.TapKeyword.execute(TapKeyword.groovy:68)
	at com.kms.katalon.core.keyword.internal.KeywordExecutor.executeKeywordForPlatform(KeywordExecutor.groovy:74)
	at com.kms.katalon.core.mobile.keyword.MobileBuiltInKeywords.tap(MobileBuiltInKeywords.groovy:1490)
	at com.kms.katalon.core.mobile.keyword.MobileBuiltInKeywords$tap$4.call(Unknown Source)
	at duitNow_recurringTransferTransaction.run(duitNow_recurringTransferTransaction:92)
	at com.kms.katalon.core.main.ScriptEngine.run(ScriptEngine.java:194)
	at com.kms.katalon.core.main.ScriptEngine.runScriptAsRawText(ScriptEngine.java:119)
	at com.kms.katalon.core.main.TestCaseExecutor.runScript(TestCaseExecutor.java:445)
	at com.kms.katalon.core.main.TestCaseExecutor.doExecute(TestCaseExecutor.java:436)
	at com.kms.katalon.core.main.TestCaseExecutor.processExecutionPhase(TestCaseExecutor.java:415)
	at com.kms.katalon.core.main.TestCaseExecutor.accessMainPhase(TestCaseExecutor.java:407)
	at com.kms.katalon.core.main.TestCaseExecutor.execute(TestCaseExecutor.java:284)
	at com.kms.katalon.core.common.CommonExecutor.accessTestCaseMainPhase(CommonExecutor.java:65)
	at com.kms.katalon.core.main.TestSuiteExecutor.accessTestSuiteMainPhase(TestSuiteExecutor.java:144)
	at com.kms.katalon.core.main.TestSuiteExecutor.execute(TestSuiteExecutor.java:106)
	at com.kms.katalon.core.main.TestCaseMain.startTestSuite(TestCaseMain.java:185)
	at com.kms.katalon.core.main.TestCaseMain$startTestSuite$0.call(Unknown Source)
	at TempTestSuite1655885093224.run(TempTestSuite1655885093224.groovy:36)
)

2022-06-22 16:48:39 - [MESSAGE][WARNING] - Timeout '0' is invalid. Using default page load timeout: '40'

2022-06-22 16:48:39 - [MESSAGE][FAILED] - Failed to tap on element 'Object Repository/Banking/duitNowRecurringDropdownSelection' (Root cause: org.openqa.selenium.WebDriverException: An unknown server-side error occurred while processing the command. Original error: 'GET /window/current/size' cannot be proxied to UiAutomator2 server because the instrumentation process is not running (probably crashed). Check the server log and/or the logcat output for more details
Build info: version: '3.141.59', revision: 'e82be7d358', time: '2018-11-14T08:25:53'
System info: host: '00139272s-MacBook-Pro.local', ip: '2001:e68:6167:d901:5dd8:2a3:885f:7e34%en0', os.name: 'Mac OS X', os.arch: 'x86_64', os.version: '10.16', java.version: '1.8.0_275'
Driver info: com.kms.katalon.core.appium.driver.SwipeableAndroidDriver
Capabilities {app: /Users/a00139272/Katalon St..., appActivity: com.maybank2u.life.MainActi..., appPackage: com.maybank2u.life.sit, appWaitActivity: *, autoGrantPermissions: true, automationName: uiautomator2, chromedriverPort: 52878, databaseEnabled: false, desired: {app: /Users/a00139272/Katalon St..., appActivity: com.maybank2u.life.MainActi..., appPackage: com.maybank2u.life.sit, appWaitActivity: *, autoGrantPermissions: true, automationName: uiautomator2, chromedriverPort: 52878, deviceId: 002b9cc60508, deviceName: Xiaomi 21061119AG (Android 11), fullReset: false, newCommandTimeout: 1800, noReset: true, platform: ANDROID, platformName: android, platformVersion: 11, systemPort: 52876, udid: 002b9cc60508}, deviceApiLevel: 30, deviceId: 002b9cc60508, deviceManufacturer: Xiaomi, deviceModel: 21061119AG, deviceName: 002b9cc60508, deviceScreenDensity: 440, deviceScreenSize: 1080x2400, deviceUDID: 002b9cc60508, fullReset: false, javascriptEnabled: true, locationContextEnabled: false, networkConnectionEnabled: true, newCommandTimeout: 1800, noReset: true, pixelRatio: 2.75, platform: ANDROID, platformName: Android, platformVersion: 11, statBarHeight: 103, systemPort: 52876, takesScreenshot: true, udid: 002b9cc60508, viewportRect: {height: 2064, left: 0, top: 103, width: 1080}, warnings: {}, webStorageEnabled: false}
Session ID: 07e0a906-f567-4646-abfd-84c6cc800d18
	at org.openqa.selenium.remote.http.W3CHttpResponseCodec.createException(W3CHttpResponseCodec.java:187)
	at org.openqa.selenium.remote.http.W3CHttpResponseCodec.decode(W3CHttpResponseCodec.java:122)
	at org.openqa.selenium.remote.http.W3CHttpResponseCodec.decode(W3CHttpResponseCodec.java:49)
	at org.openqa.selenium.remote.HttpCommandExecutor.execute(HttpCommandExecutor.java:158)
	at io.appium.java_client.remote.AppiumCommandExecutor.execute(AppiumCommandExecutor.java:239)
	at org.openqa.selenium.remote.RemoteWebDriver.execute(RemoteWebDriver.java:552)
	at io.appium.java_client.DefaultGenericMobileDriver.execute(DefaultGenericMobileDriver.java:46)
	at io.appium.java_client.AppiumDriver.execute(AppiumDriver.java:1)
	at io.appium.java_client.android.AndroidDriver.execute(AndroidDriver.java:1)
	at com.kms.katalon.core.appium.driver.SwipeableAndroidDriver.execute(SwipeableAndroidDriver.java:1)
	at org.openqa.selenium.remote.RemoteWebDriver$RemoteWebDriverOptions$RemoteWindow.getSize(RemoteWebDriver.java:813)
	at org.openqa.selenium.WebDriver$Window$getSize.call(Unknown Source)
	at com.kms.katalon.core.mobile.keyword.internal.MobileAbstractKeyword.findElement(MobileAbstractKeyword.groovy:81)
	at com.kms.katalon.core.mobile.keyword.builtin.TapKeyword.access$1(TapKeyword.groovy)
	at com.kms.katalon.core.mobile.keyword.builtin.TapKeyword$_tap_closure1.doCall(TapKeyword.groovy:76)
	at com.kms.katalon.core.mobile.keyword.builtin.TapKeyword$_tap_closure1.call(TapKeyword.groovy)
	at com.kms.katalon.core.mobile.keyword.internal.MobileKeywordMain.runKeyword(MobileKeywordMain.groovy:21)
	at com.kms.katalon.core.mobile.keyword.builtin.TapKeyword.tap(TapKeyword.groovy:84)
	at com.kms.katalon.core.mobile.keyword.builtin.TapKeyword.execute(TapKeyword.groovy:68)
	at com.kms.katalon.core.keyword.internal.KeywordExecutor.executeKeywordForPlatform(KeywordExecutor.groovy:74)
	at com.kms.katalon.core.mobile.keyword.MobileBuiltInKeywords.tap(MobileBuiltInKeywords.groovy:1490)
	at com.kms.katalon.core.mobile.keyword.MobileBuiltInKeywords$tap$4.call(Unknown Source)
	at duitNow_recurringTransferTransaction.run(duitNow_recurringTransferTransaction:92)
	at com.kms.katalon.core.main.ScriptEngine.run(ScriptEngine.java:194)
	at com.kms.katalon.core.main.ScriptEngine.runScriptAsRawText(ScriptEngine.java:119)
	at com.kms.katalon.core.main.TestCaseExecutor.runScript(TestCaseExecutor.java:445)
	at com.kms.katalon.core.main.TestCaseExecutor.doExecute(TestCaseExecutor.java:436)
	at com.kms.katalon.core.main.TestCaseExecutor.processExecutionPhase(TestCaseExecutor.java:415)
	at com.kms.katalon.core.main.TestCaseExecutor.accessMainPhase(TestCaseExecutor.java:407)
	at com.kms.katalon.core.main.TestCaseExecutor.execute(TestCaseExecutor.java:284)
	at com.kms.katalon.core.common.CommonExecutor.accessTestCaseMainPhase(CommonExecutor.java:65)
	at com.kms.katalon.core.main.TestSuiteExecutor.accessTestSuiteMainPhase(TestSuiteExecutor.java:144)
	at com.kms.katalon.core.main.TestSuiteExecutor.execute(TestSuiteExecutor.java:106)
	at com.kms.katalon.core.main.TestCaseMain.startTestSuite(TestCaseMain.java:185)
	at com.kms.katalon.core.main.TestCaseMain$startTestSuite$0.call(Unknown Source)
	at TempTestSuite1655885093224.run(TempTestSuite1655885093224.groovy:36)
)

2022-06-22 16:48:39 - [TEST_STEP][FAILED] - tap(findTestObject("Main/mainCalenderPickerDoneBtn"), 0): Failed to tap on element 'Object Repository/Main/mainCalenderPickerDoneBtn' (Root cause: org.openqa.selenium.WebDriverException: An unknown server-side error occurred while processing the command. Original error: 'GET /window/current/size' cannot be proxied to UiAutomator2 server because the instrumentation process is not running (probably crashed). Check the server log and/or the logcat output for more details
Build info: version: '3.141.59', revision: 'e82be7d358', time: '2018-11-14T08:25:53'
System info: host: '00139272s-MacBook-Pro.local', ip: '2001:e68:6167:d901:5dd8:2a3:885f:7e34%en0', os.name: 'Mac OS X', os.arch: 'x86_64', os.version: '10.16', java.version: '1.8.0_275'
Driver info: com.kms.katalon.core.appium.driver.SwipeableAndroidDriver
Capabilities {app: /Users/a00139272/Katalon St..., appActivity: com.maybank2u.life.MainActi..., appPackage: com.maybank2u.life.sit, appWaitActivity: *, autoGrantPermissions: true, automationName: uiautomator2, chromedriverPort: 52878, databaseEnabled: false, desired: {app: /Users/a00139272/Katalon St..., appActivity: com.maybank2u.life.MainActi..., appPackage: com.maybank2u.life.sit, appWaitActivity: *, autoGrantPermissions: true, automationName: uiautomator2, chromedriverPort: 52878, deviceId: 002b9cc60508, deviceName: Xiaomi 21061119AG (Android 11), fullReset: false, newCommandTimeout: 1800, noReset: true, platform: ANDROID, platformName: android, platformVersion: 11, systemPort: 52876, udid: 002b9cc60508}, deviceApiLevel: 30, deviceId: 002b9cc60508, deviceManufacturer: Xiaomi, deviceModel: 21061119AG, deviceName: 002b9cc60508, deviceScreenDensity: 440, deviceScreenSize: 1080x2400, deviceUDID: 002b9cc60508, fullReset: false, javascriptEnabled: true, locationContextEnabled: false, networkConnectionEnabled: true, newCommandTimeout: 1800, noReset: true, pixelRatio: 2.75, platform: ANDROID, platformName: Android, platformVersion: 11, statBarHeight: 103, systemPort: 52876, takesScreenshot: true, udid: 002b9cc60508, viewportRect: {height: 2064, left: 0, top: 103, width: 1080}, warnings: {}, webStorageEnabled: false}
Session ID: 07e0a906-f567-4646-abfd-84c6cc800d18
	at org.openqa.selenium.remote.http.W3CHttpResponseCodec.createException(W3CHttpResponseCodec.java:187)
	at org.openqa.selenium.remote.http.W3CHttpResponseCodec.decode(W3CHttpResponseCodec.java:122)
	at org.openqa.selenium.remote.http.W3CHttpResponseCodec.decode(W3CHttpResponseCodec.java:49)
	at org.openqa.selenium.remote.HttpCommandExecutor.execute(HttpCommandExecutor.java:158)
	at io.appium.java_client.remote.AppiumCommandExecutor.execute(AppiumCommandExecutor.java:239)
	at org.openqa.selenium.remote.RemoteWebDriver.execute(RemoteWebDriver.java:552)
	at io.appium.java_client.DefaultGenericMobileDriver.execute(DefaultGenericMobileDriver.java:46)
	at io.appium.java_client.AppiumDriver.execute(AppiumDriver.java:1)
	at io.appium.java_client.android.AndroidDriver.execute(AndroidDriver.java:1)
	at com.kms.katalon.core.appium.driver.SwipeableAndroidDriver.execute(SwipeableAndroidDriver.java:1)
	at org.openqa.selenium.remote.RemoteWebDriver$RemoteWebDriverOptions$RemoteWindow.getSize(RemoteWebDriver.java:813)
	at org.openqa.selenium.WebDriver$Window$getSize.call(Unknown Source)
	at com.kms.katalon.core.mobile.keyword.internal.MobileAbstractKeyword.findElement(MobileAbstractKeyword.groovy:81)
	at com.kms.katalon.core.mobile.keyword.builtin.TapKeyword.access$1(TapKeyword.groovy)
	at com.kms.katalon.core.mobile.keyword.builtin.TapKeyword$_tap_closure1.doCall(TapKeyword.groovy:76)
	at com.kms.katalon.core.mobile.keyword.builtin.TapKeyword$_tap_closure1.call(TapKeyword.groovy)
	at com.kms.katalon.core.mobile.keyword.internal.MobileKeywordMain.runKeyword(MobileKeywordMain.groovy:21)
	at com.kms.katalon.core.mobile.keyword.builtin.TapKeyword.tap(TapKeyword.groovy:84)
	at com.kms.katalon.core.mobile.keyword.builtin.TapKeyword.execute(TapKeyword.groovy:68)
	at com.kms.katalon.core.keyword.internal.KeywordExecutor.executeKeywordForPlatform(KeywordExecutor.groovy:74)
	at com.kms.katalon.core.mobile.keyword.MobileBuiltInKeywords.tap(MobileBuiltInKeywords.groovy:1490)
	at com.kms.katalon.core.mobile.keyword.MobileBuiltInKeywords$tap$4.call(Unknown Source)
	at duitNow_recurringTransferTransaction.run(duitNow_recurringTransferTransaction:94)
	at com.kms.katalon.core.main.ScriptEngine.run(ScriptEngine.java:194)
	at com.kms.katalon.core.main.ScriptEngine.runScriptAsRawText(ScriptEngine.java:119)
	at com.kms.katalon.core.main.TestCaseExecutor.runScript(TestCaseExecutor.java:445)
	at com.kms.katalon.core.main.TestCaseExecutor.doExecute(TestCaseExecutor.java:436)
	at com.kms.katalon.core.main.TestCaseExecutor.processExecutionPhase(TestCaseExecutor.java:415)
	at com.kms.katalon.core.main.TestCaseExecutor.accessMainPhase(TestCaseExecutor.java:407)
	at com.kms.katalon.core.main.TestCaseExecutor.execute(TestCaseExecutor.java:284)
	at com.kms.katalon.core.common.CommonExecutor.accessTestCaseMainPhase(CommonExecutor.java:65)
	at com.kms.katalon.core.main.TestSuiteExecutor.accessTestSuiteMainPhase(TestSuiteExecutor.java:144)
	at com.kms.katalon.core.main.TestSuiteExecutor.execute(TestSuiteExecutor.java:106)
	at com.kms.katalon.core.main.TestCaseMain.startTestSuite(TestCaseMain.java:185)
	at com.kms.katalon.core.main.TestCaseMain$startTestSuite$0.call(Unknown Source)
	at TempTestSuite1655885093224.run(TempTestSuite1655885093224.groovy:36)
)

2022-06-22 16:48:39 - [MESSAGE][WARNING] - Timeout '0' is invalid. Using default page load timeout: '40'

2022-06-22 16:48:39 - [MESSAGE][FAILED] - Failed to tap on element 'Object Repository/Main/mainCalenderPickerDoneBtn' (Root cause: org.openqa.selenium.WebDriverException: An unknown server-side error occurred while processing the command. Original error: 'GET /window/current/size' cannot be proxied to UiAutomator2 server because the instrumentation process is not running (probably crashed). Check the server log and/or the logcat output for more details
Build info: version: '3.141.59', revision: 'e82be7d358', time: '2018-11-14T08:25:53'
System info: host: '00139272s-MacBook-Pro.local', ip: '2001:e68:6167:d901:5dd8:2a3:885f:7e34%en0', os.name: 'Mac OS X', os.arch: 'x86_64', os.version: '10.16', java.version: '1.8.0_275'
Driver info: com.kms.katalon.core.appium.driver.SwipeableAndroidDriver
Capabilities {app: /Users/a00139272/Katalon St..., appActivity: com.maybank2u.life.MainActi..., appPackage: com.maybank2u.life.sit, appWaitActivity: *, autoGrantPermissions: true, automationName: uiautomator2, chromedriverPort: 52878, databaseEnabled: false, desired: {app: /Users/a00139272/Katalon St..., appActivity: com.maybank2u.life.MainActi..., appPackage: com.maybank2u.life.sit, appWaitActivity: *, autoGrantPermissions: true, automationName: uiautomator2, chromedriverPort: 52878, deviceId: 002b9cc60508, deviceName: Xiaomi 21061119AG (Android 11), fullReset: false, newCommandTimeout: 1800, noReset: true, platform: ANDROID, platformName: android, platformVersion: 11, systemPort: 52876, udid: 002b9cc60508}, deviceApiLevel: 30, deviceId: 002b9cc60508, deviceManufacturer: Xiaomi, deviceModel: 21061119AG, deviceName: 002b9cc60508, deviceScreenDensity: 440, deviceScreenSize: 1080x2400, deviceUDID: 002b9cc60508, fullReset: false, javascriptEnabled: true, locationContextEnabled: false, networkConnectionEnabled: true, newCommandTimeout: 1800, noReset: true, pixelRatio: 2.75, platform: ANDROID, platformName: Android, platformVersion: 11, statBarHeight: 103, systemPort: 52876, takesScreenshot: true, udid: 002b9cc60508, viewportRect: {height: 2064, left: 0, top: 103, width: 1080}, warnings: {}, webStorageEnabled: false}
Session ID: 07e0a906-f567-4646-abfd-84c6cc800d18
	at org.openqa.selenium.remote.http.W3CHttpResponseCodec.createException(W3CHttpResponseCodec.java:187)
	at org.openqa.selenium.remote.http.W3CHttpResponseCodec.decode(W3CHttpResponseCodec.java:122)
	at org.openqa.selenium.remote.http.W3CHttpResponseCodec.decode(W3CHttpResponseCodec.java:49)
	at org.openqa.selenium.remote.HttpCommandExecutor.execute(HttpCommandExecutor.java:158)
	at io.appium.java_client.remote.AppiumCommandExecutor.execute(AppiumCommandExecutor.java:239)
	at org.openqa.selenium.remote.RemoteWebDriver.execute(RemoteWebDriver.java:552)
	at io.appium.java_client.DefaultGenericMobileDriver.execute(DefaultGenericMobileDriver.java:46)
	at io.appium.java_client.AppiumDriver.execute(AppiumDriver.java:1)
	at io.appium.java_client.android.AndroidDriver.execute(AndroidDriver.java:1)
	at com.kms.katalon.core.appium.driver.SwipeableAndroidDriver.execute(SwipeableAndroidDriver.java:1)
	at org.openqa.selenium.remote.RemoteWebDriver$RemoteWebDriverOptions$RemoteWindow.getSize(RemoteWebDriver.java:813)
	at org.openqa.selenium.WebDriver$Window$getSize.call(Unknown Source)
	at com.kms.katalon.core.mobile.keyword.internal.MobileAbstractKeyword.findElement(MobileAbstractKeyword.groovy:81)
	at com.kms.katalon.core.mobile.keyword.builtin.TapKeyword.access$1(TapKeyword.groovy)
	at com.kms.katalon.core.mobile.keyword.builtin.TapKeyword$_tap_closure1.doCall(TapKeyword.groovy:76)
	at com.kms.katalon.core.mobile.keyword.builtin.TapKeyword$_tap_closure1.call(TapKeyword.groovy)
	at com.kms.katalon.core.mobile.keyword.internal.MobileKeywordMain.runKeyword(MobileKeywordMain.groovy:21)
	at com.kms.katalon.core.mobile.keyword.builtin.TapKeyword.tap(TapKeyword.groovy:84)
	at com.kms.katalon.core.mobile.keyword.builtin.TapKeyword.execute(TapKeyword.groovy:68)
	at com.kms.katalon.core.keyword.internal.KeywordExecutor.executeKeywordForPlatform(KeywordExecutor.groovy:74)
	at com.kms.katalon.core.mobile.keyword.MobileBuiltInKeywords.tap(MobileBuiltInKeywords.groovy:1490)
	at com.kms.katalon.core.mobile.keyword.MobileBuiltInKeywords$tap$4.call(Unknown Source)
	at duitNow_recurringTransferTransaction.run(duitNow_recurringTransferTransaction:94)
	at com.kms.katalon.core.main.ScriptEngine.run(ScriptEngine.java:194)
	at com.kms.katalon.core.main.ScriptEngine.runScriptAsRawText(ScriptEngine.java:119)
	at com.kms.katalon.core.main.TestCaseExecutor.runScript(TestCaseExecutor.java:445)
	at com.kms.katalon.core.main.TestCaseExecutor.doExecute(TestCaseExecutor.java:436)
	at com.kms.katalon.core.main.TestCaseExecutor.processExecutionPhase(TestCaseExecutor.java:415)
	at com.kms.katalon.core.main.TestCaseExecutor.accessMainPhase(TestCaseExecutor.java:407)
	at com.kms.katalon.core.main.TestCaseExecutor.execute(TestCaseExecutor.java:284)
	at com.kms.katalon.core.common.CommonExecutor.accessTestCaseMainPhase(CommonExecutor.java:65)
	at com.kms.katalon.core.main.TestSuiteExecutor.accessTestSuiteMainPhase(TestSuiteExecutor.java:144)
	at com.kms.katalon.core.main.TestSuiteExecutor.execute(TestSuiteExecutor.java:106)
	at com.kms.katalon.core.main.TestCaseMain.startTestSuite(TestCaseMain.java:185)
	at com.kms.katalon.core.main.TestCaseMain$startTestSuite$0.call(Unknown Source)
	at TempTestSuite1655885093224.run(TempTestSuite1655885093224.groovy:36)
)

2022-06-22 16:48:39 - [TEST_STEP][PASSED] - delay(2): Delayed 2 second(s)

2022-06-22 16:48:41 - [MESSAGE][PASSED] - Delayed 2 second(s)

2022-06-22 16:48:41 - [TEST_STEP][FAILED] - tap(findTestObject("Main/mainTransferNowBtn"), 0): Failed to tap on element 'Object Repository/Main/mainTransferNowBtn' (Root cause: org.openqa.selenium.WebDriverException: An unknown server-side error occurred while processing the command. Original error: 'GET /window/current/size' cannot be proxied to UiAutomator2 server because the instrumentation process is not running (probably crashed). Check the server log and/or the logcat output for more details
Build info: version: '3.141.59', revision: 'e82be7d358', time: '2018-11-14T08:25:53'
System info: host: '00139272s-MacBook-Pro.local', ip: '2001:e68:6167:d901:5dd8:2a3:885f:7e34%en0', os.name: 'Mac OS X', os.arch: 'x86_64', os.version: '10.16', java.version: '1.8.0_275'
Driver info: com.kms.katalon.core.appium.driver.SwipeableAndroidDriver
Capabilities {app: /Users/a00139272/Katalon St..., appActivity: com.maybank2u.life.MainActi..., appPackage: com.maybank2u.life.sit, appWaitActivity: *, autoGrantPermissions: true, automationName: uiautomator2, chromedriverPort: 52878, databaseEnabled: false, desired: {app: /Users/a00139272/Katalon St..., appActivity: com.maybank2u.life.MainActi..., appPackage: com.maybank2u.life.sit, appWaitActivity: *, autoGrantPermissions: true, automationName: uiautomator2, chromedriverPort: 52878, deviceId: 002b9cc60508, deviceName: Xiaomi 21061119AG (Android 11), fullReset: false, newCommandTimeout: 1800, noReset: true, platform: ANDROID, platformName: android, platformVersion: 11, systemPort: 52876, udid: 002b9cc60508}, deviceApiLevel: 30, deviceId: 002b9cc60508, deviceManufacturer: Xiaomi, deviceModel: 21061119AG, deviceName: 002b9cc60508, deviceScreenDensity: 440, deviceScreenSize: 1080x2400, deviceUDID: 002b9cc60508, fullReset: false, javascriptEnabled: true, locationContextEnabled: false, networkConnectionEnabled: true, newCommandTimeout: 1800, noReset: true, pixelRatio: 2.75, platform: ANDROID, platformName: Android, platformVersion: 11, statBarHeight: 103, systemPort: 52876, takesScreenshot: true, udid: 002b9cc60508, viewportRect: {height: 2064, left: 0, top: 103, width: 1080}, warnings: {}, webStorageEnabled: false}
Session ID: 07e0a906-f567-4646-abfd-84c6cc800d18
	at org.openqa.selenium.remote.http.W3CHttpResponseCodec.createException(W3CHttpResponseCodec.java:187)
	at org.openqa.selenium.remote.http.W3CHttpResponseCodec.decode(W3CHttpResponseCodec.java:122)
	at org.openqa.selenium.remote.http.W3CHttpResponseCodec.decode(W3CHttpResponseCodec.java:49)
	at org.openqa.selenium.remote.HttpCommandExecutor.execute(HttpCommandExecutor.java:158)
	at io.appium.java_client.remote.AppiumCommandExecutor.execute(AppiumCommandExecutor.java:239)
	at org.openqa.selenium.remote.RemoteWebDriver.execute(RemoteWebDriver.java:552)
	at io.appium.java_client.DefaultGenericMobileDriver.execute(DefaultGenericMobileDriver.java:46)
	at io.appium.java_client.AppiumDriver.execute(AppiumDriver.java:1)
	at io.appium.java_client.android.AndroidDriver.execute(AndroidDriver.java:1)
	at com.kms.katalon.core.appium.driver.SwipeableAndroidDriver.execute(SwipeableAndroidDriver.java:1)
	at org.openqa.selenium.remote.RemoteWebDriver$RemoteWebDriverOptions$RemoteWindow.getSize(RemoteWebDriver.java:813)
	at org.openqa.selenium.WebDriver$Window$getSize.call(Unknown Source)
	at com.kms.katalon.core.mobile.keyword.internal.MobileAbstractKeyword.findElement(MobileAbstractKeyword.groovy:81)
	at com.kms.katalon.core.mobile.keyword.builtin.TapKeyword.access$1(TapKeyword.groovy)
	at com.kms.katalon.core.mobile.keyword.builtin.TapKeyword$_tap_closure1.doCall(TapKeyword.groovy:76)
	at com.kms.katalon.core.mobile.keyword.builtin.TapKeyword$_tap_closure1.call(TapKeyword.groovy)
	at com.kms.katalon.core.mobile.keyword.internal.MobileKeywordMain.runKeyword(MobileKeywordMain.groovy:21)
	at com.kms.katalon.core.mobile.keyword.builtin.TapKeyword.tap(TapKeyword.groovy:84)
	at com.kms.katalon.core.mobile.keyword.builtin.TapKeyword.execute(TapKeyword.groovy:68)
	at com.kms.katalon.core.keyword.internal.KeywordExecutor.executeKeywordForPlatform(KeywordExecutor.groovy:74)
	at com.kms.katalon.core.mobile.keyword.MobileBuiltInKeywords.tap(MobileBuiltInKeywords.groovy:1490)
	at com.kms.katalon.core.mobile.keyword.MobileBuiltInKeywords$tap$4.call(Unknown Source)
	at duitNow_recurringTransferTransaction.run(duitNow_recurringTransferTransaction:98)
	at com.kms.katalon.core.main.ScriptEngine.run(ScriptEngine.java:194)
	at com.kms.katalon.core.main.ScriptEngine.runScriptAsRawText(ScriptEngine.java:119)
	at com.kms.katalon.core.main.TestCaseExecutor.runScript(TestCaseExecutor.java:445)
	at com.kms.katalon.core.main.TestCaseExecutor.doExecute(TestCaseExecutor.java:436)
	at com.kms.katalon.core.main.TestCaseExecutor.processExecutionPhase(TestCaseExecutor.java:415)
	at com.kms.katalon.core.main.TestCaseExecutor.accessMainPhase(TestCaseExecutor.java:407)
	at com.kms.katalon.core.main.TestCaseExecutor.execute(TestCaseExecutor.java:284)
	at com.kms.katalon.core.common.CommonExecutor.accessTestCaseMainPhase(CommonExecutor.java:65)
	at com.kms.katalon.core.main.TestSuiteExecutor.accessTestSuiteMainPhase(TestSuiteExecutor.java:144)
	at com.kms.katalon.core.main.TestSuiteExecutor.execute(TestSuiteExecutor.java:106)
	at com.kms.katalon.core.main.TestCaseMain.startTestSuite(TestCaseMain.java:185)
	at com.kms.katalon.core.main.TestCaseMain$startTestSuite$0.call(Unknown Source)
	at TempTestSuite1655885093224.run(TempTestSuite1655885093224.groovy:36)
)

2022-06-22 16:48:42 - [MESSAGE][WARNING] - Timeout '0' is invalid. Using default page load timeout: '40'

2022-06-22 16:48:42 - [MESSAGE][FAILED] - Failed to tap on element 'Object Repository/Main/mainTransferNowBtn' (Root cause: org.openqa.selenium.WebDriverException: An unknown server-side error occurred while processing the command. Original error: 'GET /window/current/size' cannot be proxied to UiAutomator2 server because the instrumentation process is not running (probably crashed). Check the server log and/or the logcat output for more details
Build info: version: '3.141.59', revision: 'e82be7d358', time: '2018-11-14T08:25:53'
System info: host: '00139272s-MacBook-Pro.local', ip: '2001:e68:6167:d901:5dd8:2a3:885f:7e34%en0', os.name: 'Mac OS X', os.arch: 'x86_64', os.version: '10.16', java.version: '1.8.0_275'
Driver info: com.kms.katalon.core.appium.driver.SwipeableAndroidDriver
Capabilities {app: /Users/a00139272/Katalon St..., appActivity: com.maybank2u.life.MainActi..., appPackage: com.maybank2u.life.sit, appWaitActivity: *, autoGrantPermissions: true, automationName: uiautomator2, chromedriverPort: 52878, databaseEnabled: false, desired: {app: /Users/a00139272/Katalon St..., appActivity: com.maybank2u.life.MainActi..., appPackage: com.maybank2u.life.sit, appWaitActivity: *, autoGrantPermissions: true, automationName: uiautomator2, chromedriverPort: 52878, deviceId: 002b9cc60508, deviceName: Xiaomi 21061119AG (Android 11), fullReset: false, newCommandTimeout: 1800, noReset: true, platform: ANDROID, platformName: android, platformVersion: 11, systemPort: 52876, udid: 002b9cc60508}, deviceApiLevel: 30, deviceId: 002b9cc60508, deviceManufacturer: Xiaomi, deviceModel: 21061119AG, deviceName: 002b9cc60508, deviceScreenDensity: 440, deviceScreenSize: 1080x2400, deviceUDID: 002b9cc60508, fullReset: false, javascriptEnabled: true, locationContextEnabled: false, networkConnectionEnabled: true, newCommandTimeout: 1800, noReset: true, pixelRatio: 2.75, platform: ANDROID, platformName: Android, platformVersion: 11, statBarHeight: 103, systemPort: 52876, takesScreenshot: true, udid: 002b9cc60508, viewportRect: {height: 2064, left: 0, top: 103, width: 1080}, warnings: {}, webStorageEnabled: false}
Session ID: 07e0a906-f567-4646-abfd-84c6cc800d18
	at org.openqa.selenium.remote.http.W3CHttpResponseCodec.createException(W3CHttpResponseCodec.java:187)
	at org.openqa.selenium.remote.http.W3CHttpResponseCodec.decode(W3CHttpResponseCodec.java:122)
	at org.openqa.selenium.remote.http.W3CHttpResponseCodec.decode(W3CHttpResponseCodec.java:49)
	at org.openqa.selenium.remote.HttpCommandExecutor.execute(HttpCommandExecutor.java:158)
	at io.appium.java_client.remote.AppiumCommandExecutor.execute(AppiumCommandExecutor.java:239)
	at org.openqa.selenium.remote.RemoteWebDriver.execute(RemoteWebDriver.java:552)
	at io.appium.java_client.DefaultGenericMobileDriver.execute(DefaultGenericMobileDriver.java:46)
	at io.appium.java_client.AppiumDriver.execute(AppiumDriver.java:1)
	at io.appium.java_client.android.AndroidDriver.execute(AndroidDriver.java:1)
	at com.kms.katalon.core.appium.driver.SwipeableAndroidDriver.execute(SwipeableAndroidDriver.java:1)
	at org.openqa.selenium.remote.RemoteWebDriver$RemoteWebDriverOptions$RemoteWindow.getSize(RemoteWebDriver.java:813)
	at org.openqa.selenium.WebDriver$Window$getSize.call(Unknown Source)
	at com.kms.katalon.core.mobile.keyword.internal.MobileAbstractKeyword.findElement(MobileAbstractKeyword.groovy:81)
	at com.kms.katalon.core.mobile.keyword.builtin.TapKeyword.access$1(TapKeyword.groovy)
	at com.kms.katalon.core.mobile.keyword.builtin.TapKeyword$_tap_closure1.doCall(TapKeyword.groovy:76)
	at com.kms.katalon.core.mobile.keyword.builtin.TapKeyword$_tap_closure1.call(TapKeyword.groovy)
	at com.kms.katalon.core.mobile.keyword.internal.MobileKeywordMain.runKeyword(MobileKeywordMain.groovy:21)
	at com.kms.katalon.core.mobile.keyword.builtin.TapKeyword.tap(TapKeyword.groovy:84)
	at com.kms.katalon.core.mobile.keyword.builtin.TapKeyword.execute(TapKeyword.groovy:68)
	at com.kms.katalon.core.keyword.internal.KeywordExecutor.executeKeywordForPlatform(KeywordExecutor.groovy:74)
	at com.kms.katalon.core.mobile.keyword.MobileBuiltInKeywords.tap(MobileBuiltInKeywords.groovy:1490)
	at com.kms.katalon.core.mobile.keyword.MobileBuiltInKeywords$tap$4.call(Unknown Source)
	at duitNow_recurringTransferTransaction.run(duitNow_recurringTransferTransaction:98)
	at com.kms.katalon.core.main.ScriptEngine.run(ScriptEngine.java:194)
	at com.kms.katalon.core.main.ScriptEngine.runScriptAsRawText(ScriptEngine.java:119)
	at com.kms.katalon.core.main.TestCaseExecutor.runScript(TestCaseExecutor.java:445)
	at com.kms.katalon.core.main.TestCaseExecutor.doExecute(TestCaseExecutor.java:436)
	at com.kms.katalon.core.main.TestCaseExecutor.processExecutionPhase(TestCaseExecutor.java:415)
	at com.kms.katalon.core.main.TestCaseExecutor.accessMainPhase(TestCaseExecutor.java:407)
	at com.kms.katalon.core.main.TestCaseExecutor.execute(TestCaseExecutor.java:284)
	at com.kms.katalon.core.common.CommonExecutor.accessTestCaseMainPhase(CommonExecutor.java:65)
	at com.kms.katalon.core.main.TestSuiteExecutor.accessTestSuiteMainPhase(TestSuiteExecutor.java:144)
	at com.kms.katalon.core.main.TestSuiteExecutor.execute(TestSuiteExecutor.java:106)
	at com.kms.katalon.core.main.TestCaseMain.startTestSuite(TestCaseMain.java:185)
	at com.kms.katalon.core.main.TestCaseMain$startTestSuite$0.call(Unknown Source)
	at TempTestSuite1655885093224.run(TempTestSuite1655885093224.groovy:36)
)

2022-06-22 16:48:42 - [TEST_STEP][PASSED] - delay(2): Delayed 2 second(s)

2022-06-22 16:48:44 - [MESSAGE][PASSED] - Delayed 2 second(s)

2022-06-22 16:48:44 - [TEST_STEP][PASSED] - if (verifyElementVisible(findTestObject("Main/mainTACNumberTxt"), 10, OPTIONAL)): Failed to check for element 'Object Repository/Main/mainTACNumberTxt' visible (Root cause: org.openqa.selenium.WebDriverException: An unknown server-side error occurred while processing the command. Original error: 'GET /window/current/size' cannot be proxied to UiAutomator2 server because the instrumentation process is not running (probably crashed). Check the server log and/or the logcat output for more details
Build info: version: '3.141.59', revision: 'e82be7d358', time: '2018-11-14T08:25:53'
System info: host: '00139272s-MacBook-Pro.local', ip: '2001:e68:6167:d901:5dd8:2a3:885f:7e34%en0', os.name: 'Mac OS X', os.arch: 'x86_64', os.version: '10.16', java.version: '1.8.0_275'
Driver info: com.kms.katalon.core.appium.driver.SwipeableAndroidDriver
Capabilities {app: /Users/a00139272/Katalon St..., appActivity: com.maybank2u.life.MainActi..., appPackage: com.maybank2u.life.sit, appWaitActivity: *, autoGrantPermissions: true, automationName: uiautomator2, chromedriverPort: 52878, databaseEnabled: false, desired: {app: /Users/a00139272/Katalon St..., appActivity: com.maybank2u.life.MainActi..., appPackage: com.maybank2u.life.sit, appWaitActivity: *, autoGrantPermissions: true, automationName: uiautomator2, chromedriverPort: 52878, deviceId: 002b9cc60508, deviceName: Xiaomi 21061119AG (Android 11), fullReset: false, newCommandTimeout: 1800, noReset: true, platform: ANDROID, platformName: android, platformVersion: 11, systemPort: 52876, udid: 002b9cc60508}, deviceApiLevel: 30, deviceId: 002b9cc60508, deviceManufacturer: Xiaomi, deviceModel: 21061119AG, deviceName: 002b9cc60508, deviceScreenDensity: 440, deviceScreenSize: 1080x2400, deviceUDID: 002b9cc60508, fullReset: false, javascriptEnabled: true, locationContextEnabled: false, networkConnectionEnabled: true, newCommandTimeout: 1800, noReset: true, pixelRatio: 2.75, platform: ANDROID, platformName: Android, platformVersion: 11, statBarHeight: 103, systemPort: 52876, takesScreenshot: true, udid: 002b9cc60508, viewportRect: {height: 2064, left: 0, top: 103, width: 1080}, warnings: {}, webStorageEnabled: false}
Session ID: 07e0a906-f567-4646-abfd-84c6cc800d18
	at org.openqa.selenium.remote.http.W3CHttpResponseCodec.createException(W3CHttpResponseCodec.java:187)
	at org.openqa.selenium.remote.http.W3CHttpResponseCodec.decode(W3CHttpResponseCodec.java:122)
	at org.openqa.selenium.remote.http.W3CHttpResponseCodec.decode(W3CHttpResponseCodec.java:49)
	at org.openqa.selenium.remote.HttpCommandExecutor.execute(HttpCommandExecutor.java:158)
	at io.appium.java_client.remote.AppiumCommandExecutor.execute(AppiumCommandExecutor.java:239)
	at org.openqa.selenium.remote.RemoteWebDriver.execute(RemoteWebDriver.java:552)
	at io.appium.java_client.DefaultGenericMobileDriver.execute(DefaultGenericMobileDriver.java:46)
	at io.appium.java_client.AppiumDriver.execute(AppiumDriver.java:1)
	at io.appium.java_client.android.AndroidDriver.execute(AndroidDriver.java:1)
	at com.kms.katalon.core.appium.driver.SwipeableAndroidDriver.execute(SwipeableAndroidDriver.java:1)
	at org.openqa.selenium.remote.RemoteWebDriver$RemoteWebDriverOptions$RemoteWindow.getSize(RemoteWebDriver.java:813)
	at org.openqa.selenium.WebDriver$Window$getSize.call(Unknown Source)
	at com.kms.katalon.core.mobile.keyword.internal.MobileAbstractKeyword.findElement(MobileAbstractKeyword.groovy:81)
	at com.kms.katalon.core.mobile.keyword.builtin.VerifyElementVisibleKeyword.access$1(VerifyElementVisibleKeyword.groovy)
	at com.kms.katalon.core.mobile.keyword.builtin.VerifyElementVisibleKeyword$_verifyElementVisible_closure1.doCall(VerifyElementVisibleKeyword.groovy:72)
	at com.kms.katalon.core.mobile.keyword.builtin.VerifyElementVisibleKeyword$_verifyElementVisible_closure1.call(VerifyElementVisibleKeyword.groovy)
	at com.kms.katalon.core.mobile.keyword.internal.MobileKeywordMain.runKeyword(MobileKeywordMain.groovy:21)
	at com.kms.katalon.core.mobile.keyword.builtin.VerifyElementVisibleKeyword.verifyElementVisible(VerifyElementVisibleKeyword.groovy:85)
	at com.kms.katalon.core.mobile.keyword.builtin.VerifyElementVisibleKeyword.execute(VerifyElementVisibleKeyword.groovy:64)
	at com.kms.katalon.core.keyword.internal.KeywordExecutor.executeKeywordForPlatform(KeywordExecutor.groovy:74)
	at com.kms.katalon.core.mobile.keyword.MobileBuiltInKeywords.verifyElementVisible(MobileBuiltInKeywords.groovy:2015)
	at com.kms.katalon.core.mobile.keyword.MobileBuiltInKeywords$verifyElementVisible$3.call(Unknown Source)
	at duitNow_recurringTransferTransaction.run(duitNow_recurringTransferTransaction:102)
	at com.kms.katalon.core.main.ScriptEngine.run(ScriptEngine.java:194)
	at com.kms.katalon.core.main.ScriptEngine.runScriptAsRawText(ScriptEngine.java:119)
	at com.kms.katalon.core.main.TestCaseExecutor.runScript(TestCaseExecutor.java:445)
	at com.kms.katalon.core.main.TestCaseExecutor.doExecute(TestCaseExecutor.java:436)
	at com.kms.katalon.core.main.TestCaseExecutor.processExecutionPhase(TestCaseExecutor.java:415)
	at com.kms.katalon.core.main.TestCaseExecutor.accessMainPhase(TestCaseExecutor.java:407)
	at com.kms.katalon.core.main.TestCaseExecutor.execute(TestCaseExecutor.java:284)
	at com.kms.katalon.core.common.CommonExecutor.accessTestCaseMainPhase(CommonExecutor.java:65)
	at com.kms.katalon.core.main.TestSuiteExecutor.accessTestSuiteMainPhase(TestSuiteExecutor.java:144)
	at com.kms.katalon.core.main.TestSuiteExecutor.execute(TestSuiteExecutor.java:106)
	at com.kms.katalon.core.main.TestCaseMain.startTestSuite(TestCaseMain.java:185)
	at com.kms.katalon.core.main.TestCaseMain$startTestSuite$0.call(Unknown Source)
	at TempTestSuite1655885093224.run(TempTestSuite1655885093224.groovy:36)
)

2022-06-22 16:48:44 - [MESSAGE][WARNING] - Failed to check for element 'Object Repository/Main/mainTACNumberTxt' visible (Root cause: org.openqa.selenium.WebDriverException: An unknown server-side error occurred while processing the command. Original error: 'GET /window/current/size' cannot be proxied to UiAutomator2 server because the instrumentation process is not running (probably crashed). Check the server log and/or the logcat output for more details
Build info: version: '3.141.59', revision: 'e82be7d358', time: '2018-11-14T08:25:53'
System info: host: '00139272s-MacBook-Pro.local', ip: '2001:e68:6167:d901:5dd8:2a3:885f:7e34%en0', os.name: 'Mac OS X', os.arch: 'x86_64', os.version: '10.16', java.version: '1.8.0_275'
Driver info: com.kms.katalon.core.appium.driver.SwipeableAndroidDriver
Capabilities {app: /Users/a00139272/Katalon St..., appActivity: com.maybank2u.life.MainActi..., appPackage: com.maybank2u.life.sit, appWaitActivity: *, autoGrantPermissions: true, automationName: uiautomator2, chromedriverPort: 52878, databaseEnabled: false, desired: {app: /Users/a00139272/Katalon St..., appActivity: com.maybank2u.life.MainActi..., appPackage: com.maybank2u.life.sit, appWaitActivity: *, autoGrantPermissions: true, automationName: uiautomator2, chromedriverPort: 52878, deviceId: 002b9cc60508, deviceName: Xiaomi 21061119AG (Android 11), fullReset: false, newCommandTimeout: 1800, noReset: true, platform: ANDROID, platformName: android, platformVersion: 11, systemPort: 52876, udid: 002b9cc60508}, deviceApiLevel: 30, deviceId: 002b9cc60508, deviceManufacturer: Xiaomi, deviceModel: 21061119AG, deviceName: 002b9cc60508, deviceScreenDensity: 440, deviceScreenSize: 1080x2400, deviceUDID: 002b9cc60508, fullReset: false, javascriptEnabled: true, locationContextEnabled: false, networkConnectionEnabled: true, newCommandTimeout: 1800, noReset: true, pixelRatio: 2.75, platform: ANDROID, platformName: Android, platformVersion: 11, statBarHeight: 103, systemPort: 52876, takesScreenshot: true, udid: 002b9cc60508, viewportRect: {height: 2064, left: 0, top: 103, width: 1080}, warnings: {}, webStorageEnabled: false}
Session ID: 07e0a906-f567-4646-abfd-84c6cc800d18
	at org.openqa.selenium.remote.http.W3CHttpResponseCodec.createException(W3CHttpResponseCodec.java:187)
	at org.openqa.selenium.remote.http.W3CHttpResponseCodec.decode(W3CHttpResponseCodec.java:122)
	at org.openqa.selenium.remote.http.W3CHttpResponseCodec.decode(W3CHttpResponseCodec.java:49)
	at org.openqa.selenium.remote.HttpCommandExecutor.execute(HttpCommandExecutor.java:158)
	at io.appium.java_client.remote.AppiumCommandExecutor.execute(AppiumCommandExecutor.java:239)
	at org.openqa.selenium.remote.RemoteWebDriver.execute(RemoteWebDriver.java:552)
	at io.appium.java_client.DefaultGenericMobileDriver.execute(DefaultGenericMobileDriver.java:46)
	at io.appium.java_client.AppiumDriver.execute(AppiumDriver.java:1)
	at io.appium.java_client.android.AndroidDriver.execute(AndroidDriver.java:1)
	at com.kms.katalon.core.appium.driver.SwipeableAndroidDriver.execute(SwipeableAndroidDriver.java:1)
	at org.openqa.selenium.remote.RemoteWebDriver$RemoteWebDriverOptions$RemoteWindow.getSize(RemoteWebDriver.java:813)
	at org.openqa.selenium.WebDriver$Window$getSize.call(Unknown Source)
	at com.kms.katalon.core.mobile.keyword.internal.MobileAbstractKeyword.findElement(MobileAbstractKeyword.groovy:81)
	at com.kms.katalon.core.mobile.keyword.builtin.VerifyElementVisibleKeyword.access$1(VerifyElementVisibleKeyword.groovy)
	at com.kms.katalon.core.mobile.keyword.builtin.VerifyElementVisibleKeyword$_verifyElementVisible_closure1.doCall(VerifyElementVisibleKeyword.groovy:72)
	at com.kms.katalon.core.mobile.keyword.builtin.VerifyElementVisibleKeyword$_verifyElementVisible_closure1.call(VerifyElementVisibleKeyword.groovy)
	at com.kms.katalon.core.mobile.keyword.internal.MobileKeywordMain.runKeyword(MobileKeywordMain.groovy:21)
	at com.kms.katalon.core.mobile.keyword.builtin.VerifyElementVisibleKeyword.verifyElementVisible(VerifyElementVisibleKeyword.groovy:85)
	at com.kms.katalon.core.mobile.keyword.builtin.VerifyElementVisibleKeyword.execute(VerifyElementVisibleKeyword.groovy:64)
	at com.kms.katalon.core.keyword.internal.KeywordExecutor.executeKeywordForPlatform(KeywordExecutor.groovy:74)
	at com.kms.katalon.core.mobile.keyword.MobileBuiltInKeywords.verifyElementVisible(MobileBuiltInKeywords.groovy:2015)
	at com.kms.katalon.core.mobile.keyword.MobileBuiltInKeywords$verifyElementVisible$3.call(Unknown Source)
	at duitNow_recurringTransferTransaction.run(duitNow_recurringTransferTransaction:102)
	at com.kms.katalon.core.main.ScriptEngine.run(ScriptEngine.java:194)
	at com.kms.katalon.core.main.ScriptEngine.runScriptAsRawText(ScriptEngine.java:119)
	at com.kms.katalon.core.main.TestCaseExecutor.runScript(TestCaseExecutor.java:445)
	at com.kms.katalon.core.main.TestCaseExecutor.doExecute(TestCaseExecutor.java:436)
	at com.kms.katalon.core.main.TestCaseExecutor.processExecutionPhase(TestCaseExecutor.java:415)
	at com.kms.katalon.core.main.TestCaseExecutor.accessMainPhase(TestCaseExecutor.java:407)
	at com.kms.katalon.core.main.TestCaseExecutor.execute(TestCaseExecutor.java:284)
	at com.kms.katalon.core.common.CommonExecutor.accessTestCaseMainPhase(CommonExecutor.java:65)
	at com.kms.katalon.core.main.TestSuiteExecutor.accessTestSuiteMainPhase(TestSuiteExecutor.java:144)
	at com.kms.katalon.core.main.TestSuiteExecutor.execute(TestSuiteExecutor.java:106)
	at com.kms.katalon.core.main.TestCaseMain.startTestSuite(TestCaseMain.java:185)
	at com.kms.katalon.core.main.TestCaseMain$startTestSuite$0.call(Unknown Source)
	at TempTestSuite1655885093224.run(TempTestSuite1655885093224.groovy:36)
)

2022-06-22 16:48:44 - [TEST_STEP][FAILED] - else: null

2022-06-22 16:48:44 - [TEST_STEP][PASSED] - delay(5): Delayed 5 second(s)

2022-06-22 16:48:49 - [MESSAGE][PASSED] - Delayed 5 second(s)

2022-06-22 16:48:49 - [TEST_STEP][FAILED] - verifyElementVisible(findTestObject("Main/mainS2UApproveBtn"), 0): Failed to check for element 'Object Repository/Main/mainS2UApproveBtn' visible (Root cause: org.openqa.selenium.WebDriverException: An unknown server-side error occurred while processing the command. Original error: 'GET /window/current/size' cannot be proxied to UiAutomator2 server because the instrumentation process is not running (probably crashed). Check the server log and/or the logcat output for more details
Build info: version: '3.141.59', revision: 'e82be7d358', time: '2018-11-14T08:25:53'
System info: host: '00139272s-MacBook-Pro.local', ip: '2001:e68:6167:d901:5dd8:2a3:885f:7e34%en0', os.name: 'Mac OS X', os.arch: 'x86_64', os.version: '10.16', java.version: '1.8.0_275'
Driver info: com.kms.katalon.core.appium.driver.SwipeableAndroidDriver
Capabilities {app: /Users/a00139272/Katalon St..., appActivity: com.maybank2u.life.MainActi..., appPackage: com.maybank2u.life.sit, appWaitActivity: *, autoGrantPermissions: true, automationName: uiautomator2, chromedriverPort: 52878, databaseEnabled: false, desired: {app: /Users/a00139272/Katalon St..., appActivity: com.maybank2u.life.MainActi..., appPackage: com.maybank2u.life.sit, appWaitActivity: *, autoGrantPermissions: true, automationName: uiautomator2, chromedriverPort: 52878, deviceId: 002b9cc60508, deviceName: Xiaomi 21061119AG (Android 11), fullReset: false, newCommandTimeout: 1800, noReset: true, platform: ANDROID, platformName: android, platformVersion: 11, systemPort: 52876, udid: 002b9cc60508}, deviceApiLevel: 30, deviceId: 002b9cc60508, deviceManufacturer: Xiaomi, deviceModel: 21061119AG, deviceName: 002b9cc60508, deviceScreenDensity: 440, deviceScreenSize: 1080x2400, deviceUDID: 002b9cc60508, fullReset: false, javascriptEnabled: true, locationContextEnabled: false, networkConnectionEnabled: true, newCommandTimeout: 1800, noReset: true, pixelRatio: 2.75, platform: ANDROID, platformName: Android, platformVersion: 11, statBarHeight: 103, systemPort: 52876, takesScreenshot: true, udid: 002b9cc60508, viewportRect: {height: 2064, left: 0, top: 103, width: 1080}, warnings: {}, webStorageEnabled: false}
Session ID: 07e0a906-f567-4646-abfd-84c6cc800d18
	at org.openqa.selenium.remote.http.W3CHttpResponseCodec.createException(W3CHttpResponseCodec.java:187)
	at org.openqa.selenium.remote.http.W3CHttpResponseCodec.decode(W3CHttpResponseCodec.java:122)
	at org.openqa.selenium.remote.http.W3CHttpResponseCodec.decode(W3CHttpResponseCodec.java:49)
	at org.openqa.selenium.remote.HttpCommandExecutor.execute(HttpCommandExecutor.java:158)
	at io.appium.java_client.remote.AppiumCommandExecutor.execute(AppiumCommandExecutor.java:239)
	at org.openqa.selenium.remote.RemoteWebDriver.execute(RemoteWebDriver.java:552)
	at io.appium.java_client.DefaultGenericMobileDriver.execute(DefaultGenericMobileDriver.java:46)
	at io.appium.java_client.AppiumDriver.execute(AppiumDriver.java:1)
	at io.appium.java_client.android.AndroidDriver.execute(AndroidDriver.java:1)
	at com.kms.katalon.core.appium.driver.SwipeableAndroidDriver.execute(SwipeableAndroidDriver.java:1)
	at org.openqa.selenium.remote.RemoteWebDriver$RemoteWebDriverOptions$RemoteWindow.getSize(RemoteWebDriver.java:813)
	at org.openqa.selenium.WebDriver$Window$getSize.call(Unknown Source)
	at com.kms.katalon.core.mobile.keyword.internal.MobileAbstractKeyword.findElement(MobileAbstractKeyword.groovy:81)
	at com.kms.katalon.core.mobile.keyword.builtin.VerifyElementVisibleKeyword.access$1(VerifyElementVisibleKeyword.groovy)
	at com.kms.katalon.core.mobile.keyword.builtin.VerifyElementVisibleKeyword$_verifyElementVisible_closure1.doCall(VerifyElementVisibleKeyword.groovy:72)
	at com.kms.katalon.core.mobile.keyword.builtin.VerifyElementVisibleKeyword$_verifyElementVisible_closure1.call(VerifyElementVisibleKeyword.groovy)
	at com.kms.katalon.core.mobile.keyword.internal.MobileKeywordMain.runKeyword(MobileKeywordMain.groovy:21)
	at com.kms.katalon.core.mobile.keyword.builtin.VerifyElementVisibleKeyword.verifyElementVisible(VerifyElementVisibleKeyword.groovy:85)
	at com.kms.katalon.core.mobile.keyword.builtin.VerifyElementVisibleKeyword.execute(VerifyElementVisibleKeyword.groovy:64)
	at com.kms.katalon.core.keyword.internal.KeywordExecutor.executeKeywordForPlatform(KeywordExecutor.groovy:74)
	at com.kms.katalon.core.mobile.keyword.MobileBuiltInKeywords.verifyElementVisible(MobileBuiltInKeywords.groovy:2031)
	at com.kms.katalon.core.mobile.keyword.MobileBuiltInKeywords$verifyElementVisible$5.call(Unknown Source)
	at duitNow_recurringTransferTransaction.run(duitNow_recurringTransferTransaction:155)
	at com.kms.katalon.core.main.ScriptEngine.run(ScriptEngine.java:194)
	at com.kms.katalon.core.main.ScriptEngine.runScriptAsRawText(ScriptEngine.java:119)
	at com.kms.katalon.core.main.TestCaseExecutor.runScript(TestCaseExecutor.java:445)
	at com.kms.katalon.core.main.TestCaseExecutor.doExecute(TestCaseExecutor.java:436)
	at com.kms.katalon.core.main.TestCaseExecutor.processExecutionPhase(TestCaseExecutor.java:415)
	at com.kms.katalon.core.main.TestCaseExecutor.accessMainPhase(TestCaseExecutor.java:407)
	at com.kms.katalon.core.main.TestCaseExecutor.execute(TestCaseExecutor.java:284)
	at com.kms.katalon.core.common.CommonExecutor.accessTestCaseMainPhase(CommonExecutor.java:65)
	at com.kms.katalon.core.main.TestSuiteExecutor.accessTestSuiteMainPhase(TestSuiteExecutor.java:144)
	at com.kms.katalon.core.main.TestSuiteExecutor.execute(TestSuiteExecutor.java:106)
	at com.kms.katalon.core.main.TestCaseMain.startTestSuite(TestCaseMain.java:185)
	at com.kms.katalon.core.main.TestCaseMain$startTestSuite$0.call(Unknown Source)
	at TempTestSuite1655885093224.run(TempTestSuite1655885093224.groovy:36)
)

2022-06-22 16:48:49 - [MESSAGE][WARNING] - Timeout '0' is invalid. Using default page load timeout: '40'

2022-06-22 16:48:49 - [MESSAGE][FAILED] - Failed to check for element 'Object Repository/Main/mainS2UApproveBtn' visible (Root cause: org.openqa.selenium.WebDriverException: An unknown server-side error occurred while processing the command. Original error: 'GET /window/current/size' cannot be proxied to UiAutomator2 server because the instrumentation process is not running (probably crashed). Check the server log and/or the logcat output for more details
Build info: version: '3.141.59', revision: 'e82be7d358', time: '2018-11-14T08:25:53'
System info: host: '00139272s-MacBook-Pro.local', ip: '2001:e68:6167:d901:5dd8:2a3:885f:7e34%en0', os.name: 'Mac OS X', os.arch: 'x86_64', os.version: '10.16', java.version: '1.8.0_275'
Driver info: com.kms.katalon.core.appium.driver.SwipeableAndroidDriver
Capabilities {app: /Users/a00139272/Katalon St..., appActivity: com.maybank2u.life.MainActi..., appPackage: com.maybank2u.life.sit, appWaitActivity: *, autoGrantPermissions: true, automationName: uiautomator2, chromedriverPort: 52878, databaseEnabled: false, desired: {app: /Users/a00139272/Katalon St..., appActivity: com.maybank2u.life.MainActi..., appPackage: com.maybank2u.life.sit, appWaitActivity: *, autoGrantPermissions: true, automationName: uiautomator2, chromedriverPort: 52878, deviceId: 002b9cc60508, deviceName: Xiaomi 21061119AG (Android 11), fullReset: false, newCommandTimeout: 1800, noReset: true, platform: ANDROID, platformName: android, platformVersion: 11, systemPort: 52876, udid: 002b9cc60508}, deviceApiLevel: 30, deviceId: 002b9cc60508, deviceManufacturer: Xiaomi, deviceModel: 21061119AG, deviceName: 002b9cc60508, deviceScreenDensity: 440, deviceScreenSize: 1080x2400, deviceUDID: 002b9cc60508, fullReset: false, javascriptEnabled: true, locationContextEnabled: false, networkConnectionEnabled: true, newCommandTimeout: 1800, noReset: true, pixelRatio: 2.75, platform: ANDROID, platformName: Android, platformVersion: 11, statBarHeight: 103, systemPort: 52876, takesScreenshot: true, udid: 002b9cc60508, viewportRect: {height: 2064, left: 0, top: 103, width: 1080}, warnings: {}, webStorageEnabled: false}
Session ID: 07e0a906-f567-4646-abfd-84c6cc800d18
	at org.openqa.selenium.remote.http.W3CHttpResponseCodec.createException(W3CHttpResponseCodec.java:187)
	at org.openqa.selenium.remote.http.W3CHttpResponseCodec.decode(W3CHttpResponseCodec.java:122)
	at org.openqa.selenium.remote.http.W3CHttpResponseCodec.decode(W3CHttpResponseCodec.java:49)
	at org.openqa.selenium.remote.HttpCommandExecutor.execute(HttpCommandExecutor.java:158)
	at io.appium.java_client.remote.AppiumCommandExecutor.execute(AppiumCommandExecutor.java:239)
	at org.openqa.selenium.remote.RemoteWebDriver.execute(RemoteWebDriver.java:552)
	at io.appium.java_client.DefaultGenericMobileDriver.execute(DefaultGenericMobileDriver.java:46)
	at io.appium.java_client.AppiumDriver.execute(AppiumDriver.java:1)
	at io.appium.java_client.android.AndroidDriver.execute(AndroidDriver.java:1)
	at com.kms.katalon.core.appium.driver.SwipeableAndroidDriver.execute(SwipeableAndroidDriver.java:1)
	at org.openqa.selenium.remote.RemoteWebDriver$RemoteWebDriverOptions$RemoteWindow.getSize(RemoteWebDriver.java:813)
	at org.openqa.selenium.WebDriver$Window$getSize.call(Unknown Source)
	at com.kms.katalon.core.mobile.keyword.internal.MobileAbstractKeyword.findElement(MobileAbstractKeyword.groovy:81)
	at com.kms.katalon.core.mobile.keyword.builtin.VerifyElementVisibleKeyword.access$1(VerifyElementVisibleKeyword.groovy)
	at com.kms.katalon.core.mobile.keyword.builtin.VerifyElementVisibleKeyword$_verifyElementVisible_closure1.doCall(VerifyElementVisibleKeyword.groovy:72)
	at com.kms.katalon.core.mobile.keyword.builtin.VerifyElementVisibleKeyword$_verifyElementVisible_closure1.call(VerifyElementVisibleKeyword.groovy)
	at com.kms.katalon.core.mobile.keyword.internal.MobileKeywordMain.runKeyword(MobileKeywordMain.groovy:21)
	at com.kms.katalon.core.mobile.keyword.builtin.VerifyElementVisibleKeyword.verifyElementVisible(VerifyElementVisibleKeyword.groovy:85)
	at com.kms.katalon.core.mobile.keyword.builtin.VerifyElementVisibleKeyword.execute(VerifyElementVisibleKeyword.groovy:64)
	at com.kms.katalon.core.keyword.internal.KeywordExecutor.executeKeywordForPlatform(KeywordExecutor.groovy:74)
	at com.kms.katalon.core.mobile.keyword.MobileBuiltInKeywords.verifyElementVisible(MobileBuiltInKeywords.groovy:2031)
	at com.kms.katalon.core.mobile.keyword.MobileBuiltInKeywords$verifyElementVisible$5.call(Unknown Source)
	at duitNow_recurringTransferTransaction.run(duitNow_recurringTransferTransaction:155)
	at com.kms.katalon.core.main.ScriptEngine.run(ScriptEngine.java:194)
	at com.kms.katalon.core.main.ScriptEngine.runScriptAsRawText(ScriptEngine.java:119)
	at com.kms.katalon.core.main.TestCaseExecutor.runScript(TestCaseExecutor.java:445)
	at com.kms.katalon.core.main.TestCaseExecutor.doExecute(TestCaseExecutor.java:436)
	at com.kms.katalon.core.main.TestCaseExecutor.processExecutionPhase(TestCaseExecutor.java:415)
	at com.kms.katalon.core.main.TestCaseExecutor.accessMainPhase(TestCaseExecutor.java:407)
	at com.kms.katalon.core.main.TestCaseExecutor.execute(TestCaseExecutor.java:284)
	at com.kms.katalon.core.common.CommonExecutor.accessTestCaseMainPhase(CommonExecutor.java:65)
	at com.kms.katalon.core.main.TestSuiteExecutor.accessTestSuiteMainPhase(TestSuiteExecutor.java:144)
	at com.kms.katalon.core.main.TestSuiteExecutor.execute(TestSuiteExecutor.java:106)
	at com.kms.katalon.core.main.TestCaseMain.startTestSuite(TestCaseMain.java:185)
	at com.kms.katalon.core.main.TestCaseMain$startTestSuite$0.call(Unknown Source)
	at TempTestSuite1655885093224.run(TempTestSuite1655885093224.groovy:36)
)

2022-06-22 16:48:49 - [TEST_STEP][FAILED] - tap(findTestObject("Main/mainS2UApproveBtn"), 0): Failed to tap on element 'Object Repository/Main/mainS2UApproveBtn' (Root cause: org.openqa.selenium.WebDriverException: An unknown server-side error occurred while processing the command. Original error: 'GET /window/current/size' cannot be proxied to UiAutomator2 server because the instrumentation process is not running (probably crashed). Check the server log and/or the logcat output for more details
Build info: version: '3.141.59', revision: 'e82be7d358', time: '2018-11-14T08:25:53'
System info: host: '00139272s-MacBook-Pro.local', ip: '2001:e68:6167:d901:5dd8:2a3:885f:7e34%en0', os.name: 'Mac OS X', os.arch: 'x86_64', os.version: '10.16', java.version: '1.8.0_275'
Driver info: com.kms.katalon.core.appium.driver.SwipeableAndroidDriver
Capabilities {app: /Users/a00139272/Katalon St..., appActivity: com.maybank2u.life.MainActi..., appPackage: com.maybank2u.life.sit, appWaitActivity: *, autoGrantPermissions: true, automationName: uiautomator2, chromedriverPort: 52878, databaseEnabled: false, desired: {app: /Users/a00139272/Katalon St..., appActivity: com.maybank2u.life.MainActi..., appPackage: com.maybank2u.life.sit, appWaitActivity: *, autoGrantPermissions: true, automationName: uiautomator2, chromedriverPort: 52878, deviceId: 002b9cc60508, deviceName: Xiaomi 21061119AG (Android 11), fullReset: false, newCommandTimeout: 1800, noReset: true, platform: ANDROID, platformName: android, platformVersion: 11, systemPort: 52876, udid: 002b9cc60508}, deviceApiLevel: 30, deviceId: 002b9cc60508, deviceManufacturer: Xiaomi, deviceModel: 21061119AG, deviceName: 002b9cc60508, deviceScreenDensity: 440, deviceScreenSize: 1080x2400, deviceUDID: 002b9cc60508, fullReset: false, javascriptEnabled: true, locationContextEnabled: false, networkConnectionEnabled: true, newCommandTimeout: 1800, noReset: true, pixelRatio: 2.75, platform: ANDROID, platformName: Android, platformVersion: 11, statBarHeight: 103, systemPort: 52876, takesScreenshot: true, udid: 002b9cc60508, viewportRect: {height: 2064, left: 0, top: 103, width: 1080}, warnings: {}, webStorageEnabled: false}
Session ID: 07e0a906-f567-4646-abfd-84c6cc800d18
	at org.openqa.selenium.remote.http.W3CHttpResponseCodec.createException(W3CHttpResponseCodec.java:187)
	at org.openqa.selenium.remote.http.W3CHttpResponseCodec.decode(W3CHttpResponseCodec.java:122)
	at org.openqa.selenium.remote.http.W3CHttpResponseCodec.decode(W3CHttpResponseCodec.java:49)
	at org.openqa.selenium.remote.HttpCommandExecutor.execute(HttpCommandExecutor.java:158)
	at io.appium.java_client.remote.AppiumCommandExecutor.execute(AppiumCommandExecutor.java:239)
	at org.openqa.selenium.remote.RemoteWebDriver.execute(RemoteWebDriver.java:552)
	at io.appium.java_client.DefaultGenericMobileDriver.execute(DefaultGenericMobileDriver.java:46)
	at io.appium.java_client.AppiumDriver.execute(AppiumDriver.java:1)
	at io.appium.java_client.android.AndroidDriver.execute(AndroidDriver.java:1)
	at com.kms.katalon.core.appium.driver.SwipeableAndroidDriver.execute(SwipeableAndroidDriver.java:1)
	at org.openqa.selenium.remote.RemoteWebDriver$RemoteWebDriverOptions$RemoteWindow.getSize(RemoteWebDriver.java:813)
	at org.openqa.selenium.WebDriver$Window$getSize.call(Unknown Source)
	at com.kms.katalon.core.mobile.keyword.internal.MobileAbstractKeyword.findElement(MobileAbstractKeyword.groovy:81)
	at com.kms.katalon.core.mobile.keyword.builtin.TapKeyword.access$1(TapKeyword.groovy)
	at com.kms.katalon.core.mobile.keyword.builtin.TapKeyword$_tap_closure1.doCall(TapKeyword.groovy:76)
	at com.kms.katalon.core.mobile.keyword.builtin.TapKeyword$_tap_closure1.call(TapKeyword.groovy)
	at com.kms.katalon.core.mobile.keyword.internal.MobileKeywordMain.runKeyword(MobileKeywordMain.groovy:21)
	at com.kms.katalon.core.mobile.keyword.builtin.TapKeyword.tap(TapKeyword.groovy:84)
	at com.kms.katalon.core.mobile.keyword.builtin.TapKeyword.execute(TapKeyword.groovy:68)
	at com.kms.katalon.core.keyword.internal.KeywordExecutor.executeKeywordForPlatform(KeywordExecutor.groovy:74)
	at com.kms.katalon.core.mobile.keyword.MobileBuiltInKeywords.tap(MobileBuiltInKeywords.groovy:1490)
	at com.kms.katalon.core.mobile.keyword.MobileBuiltInKeywords$tap$4.call(Unknown Source)
	at duitNow_recurringTransferTransaction.run(duitNow_recurringTransferTransaction:157)
	at com.kms.katalon.core.main.ScriptEngine.run(ScriptEngine.java:194)
	at com.kms.katalon.core.main.ScriptEngine.runScriptAsRawText(ScriptEngine.java:119)
	at com.kms.katalon.core.main.TestCaseExecutor.runScript(TestCaseExecutor.java:445)
	at com.kms.katalon.core.main.TestCaseExecutor.doExecute(TestCaseExecutor.java:436)
	at com.kms.katalon.core.main.TestCaseExecutor.processExecutionPhase(TestCaseExecutor.java:415)
	at com.kms.katalon.core.main.TestCaseExecutor.accessMainPhase(TestCaseExecutor.java:407)
	at com.kms.katalon.core.main.TestCaseExecutor.execute(TestCaseExecutor.java:284)
	at com.kms.katalon.core.common.CommonExecutor.accessTestCaseMainPhase(CommonExecutor.java:65)
	at com.kms.katalon.core.main.TestSuiteExecutor.accessTestSuiteMainPhase(TestSuiteExecutor.java:144)
	at com.kms.katalon.core.main.TestSuiteExecutor.execute(TestSuiteExecutor.java:106)
	at com.kms.katalon.core.main.TestCaseMain.startTestSuite(TestCaseMain.java:185)
	at com.kms.katalon.core.main.TestCaseMain$startTestSuite$0.call(Unknown Source)
	at TempTestSuite1655885093224.run(TempTestSuite1655885093224.groovy:36)
)

2022-06-22 16:48:49 - [MESSAGE][WARNING] - Timeout '0' is invalid. Using default page load timeout: '40'

2022-06-22 16:48:49 - [MESSAGE][FAILED] - Failed to tap on element 'Object Repository/Main/mainS2UApproveBtn' (Root cause: org.openqa.selenium.WebDriverException: An unknown server-side error occurred while processing the command. Original error: 'GET /window/current/size' cannot be proxied to UiAutomator2 server because the instrumentation process is not running (probably crashed). Check the server log and/or the logcat output for more details
Build info: version: '3.141.59', revision: 'e82be7d358', time: '2018-11-14T08:25:53'
System info: host: '00139272s-MacBook-Pro.local', ip: '2001:e68:6167:d901:5dd8:2a3:885f:7e34%en0', os.name: 'Mac OS X', os.arch: 'x86_64', os.version: '10.16', java.version: '1.8.0_275'
Driver info: com.kms.katalon.core.appium.driver.SwipeableAndroidDriver
Capabilities {app: /Users/a00139272/Katalon St..., appActivity: com.maybank2u.life.MainActi..., appPackage: com.maybank2u.life.sit, appWaitActivity: *, autoGrantPermissions: true, automationName: uiautomator2, chromedriverPort: 52878, databaseEnabled: false, desired: {app: /Users/a00139272/Katalon St..., appActivity: com.maybank2u.life.MainActi..., appPackage: com.maybank2u.life.sit, appWaitActivity: *, autoGrantPermissions: true, automationName: uiautomator2, chromedriverPort: 52878, deviceId: 002b9cc60508, deviceName: Xiaomi 21061119AG (Android 11), fullReset: false, newCommandTimeout: 1800, noReset: true, platform: ANDROID, platformName: android, platformVersion: 11, systemPort: 52876, udid: 002b9cc60508}, deviceApiLevel: 30, deviceId: 002b9cc60508, deviceManufacturer: Xiaomi, deviceModel: 21061119AG, deviceName: 002b9cc60508, deviceScreenDensity: 440, deviceScreenSize: 1080x2400, deviceUDID: 002b9cc60508, fullReset: false, javascriptEnabled: true, locationContextEnabled: false, networkConnectionEnabled: true, newCommandTimeout: 1800, noReset: true, pixelRatio: 2.75, platform: ANDROID, platformName: Android, platformVersion: 11, statBarHeight: 103, systemPort: 52876, takesScreenshot: true, udid: 002b9cc60508, viewportRect: {height: 2064, left: 0, top: 103, width: 1080}, warnings: {}, webStorageEnabled: false}
Session ID: 07e0a906-f567-4646-abfd-84c6cc800d18
	at org.openqa.selenium.remote.http.W3CHttpResponseCodec.createException(W3CHttpResponseCodec.java:187)
	at org.openqa.selenium.remote.http.W3CHttpResponseCodec.decode(W3CHttpResponseCodec.java:122)
	at org.openqa.selenium.remote.http.W3CHttpResponseCodec.decode(W3CHttpResponseCodec.java:49)
	at org.openqa.selenium.remote.HttpCommandExecutor.execute(HttpCommandExecutor.java:158)
	at io.appium.java_client.remote.AppiumCommandExecutor.execute(AppiumCommandExecutor.java:239)
	at org.openqa.selenium.remote.RemoteWebDriver.execute(RemoteWebDriver.java:552)
	at io.appium.java_client.DefaultGenericMobileDriver.execute(DefaultGenericMobileDriver.java:46)
	at io.appium.java_client.AppiumDriver.execute(AppiumDriver.java:1)
	at io.appium.java_client.android.AndroidDriver.execute(AndroidDriver.java:1)
	at com.kms.katalon.core.appium.driver.SwipeableAndroidDriver.execute(SwipeableAndroidDriver.java:1)
	at org.openqa.selenium.remote.RemoteWebDriver$RemoteWebDriverOptions$RemoteWindow.getSize(RemoteWebDriver.java:813)
	at org.openqa.selenium.WebDriver$Window$getSize.call(Unknown Source)
	at com.kms.katalon.core.mobile.keyword.internal.MobileAbstractKeyword.findElement(MobileAbstractKeyword.groovy:81)
	at com.kms.katalon.core.mobile.keyword.builtin.TapKeyword.access$1(TapKeyword.groovy)
	at com.kms.katalon.core.mobile.keyword.builtin.TapKeyword$_tap_closure1.doCall(TapKeyword.groovy:76)
	at com.kms.katalon.core.mobile.keyword.builtin.TapKeyword$_tap_closure1.call(TapKeyword.groovy)
	at com.kms.katalon.core.mobile.keyword.internal.MobileKeywordMain.runKeyword(MobileKeywordMain.groovy:21)
	at com.kms.katalon.core.mobile.keyword.builtin.TapKeyword.tap(TapKeyword.groovy:84)
	at com.kms.katalon.core.mobile.keyword.builtin.TapKeyword.execute(TapKeyword.groovy:68)
	at com.kms.katalon.core.keyword.internal.KeywordExecutor.executeKeywordForPlatform(KeywordExecutor.groovy:74)
	at com.kms.katalon.core.mobile.keyword.MobileBuiltInKeywords.tap(MobileBuiltInKeywords.groovy:1490)
	at com.kms.katalon.core.mobile.keyword.MobileBuiltInKeywords$tap$4.call(Unknown Source)
	at duitNow_recurringTransferTransaction.run(duitNow_recurringTransferTransaction:157)
	at com.kms.katalon.core.main.ScriptEngine.run(ScriptEngine.java:194)
	at com.kms.katalon.core.main.ScriptEngine.runScriptAsRawText(ScriptEngine.java:119)
	at com.kms.katalon.core.main.TestCaseExecutor.runScript(TestCaseExecutor.java:445)
	at com.kms.katalon.core.main.TestCaseExecutor.doExecute(TestCaseExecutor.java:436)
	at com.kms.katalon.core.main.TestCaseExecutor.processExecutionPhase(TestCaseExecutor.java:415)
	at com.kms.katalon.core.main.TestCaseExecutor.accessMainPhase(TestCaseExecutor.java:407)
	at com.kms.katalon.core.main.TestCaseExecutor.execute(TestCaseExecutor.java:284)
	at com.kms.katalon.core.common.CommonExecutor.accessTestCaseMainPhase(CommonExecutor.java:65)
	at com.kms.katalon.core.main.TestSuiteExecutor.accessTestSuiteMainPhase(TestSuiteExecutor.java:144)
	at com.kms.katalon.core.main.TestSuiteExecutor.execute(TestSuiteExecutor.java:106)
	at com.kms.katalon.core.main.TestCaseMain.startTestSuite(TestCaseMain.java:185)
	at com.kms.katalon.core.main.TestCaseMain$startTestSuite$0.call(Unknown Source)
	at TempTestSuite1655885093224.run(TempTestSuite1655885093224.groovy:36)
)

2022-06-22 16:48:49 - [TEST_STEP][PASSED] - delay(3): Delayed 3 second(s)

2022-06-22 16:48:52 - [MESSAGE][PASSED] - Delayed 3 second(s)

2022-06-22 16:48:52 - [TEST_STEP][FAILED] - takeScreenshot("/Users/a00139272/Desktop/Screenshot/duitNowRecurring.png"): Unable to take screenshot (Root cause: org.openqa.selenium.WebDriverException: An unknown server-side error occurred while processing the command. Original error: 'GET /screenshot' cannot be proxied to UiAutomator2 server because the instrumentation process is not running (probably crashed). Check the server log and/or the logcat output for more details
Build info: version: '3.141.59', revision: 'e82be7d358', time: '2018-11-14T08:25:53'
System info: host: '00139272s-MacBook-Pro.local', ip: '2001:e68:6167:d901:5dd8:2a3:885f:7e34%en0', os.name: 'Mac OS X', os.arch: 'x86_64', os.version: '10.16', java.version: '1.8.0_275'
Driver info: com.kms.katalon.core.appium.driver.SwipeableAndroidDriver
Capabilities {app: /Users/a00139272/Katalon St..., appActivity: com.maybank2u.life.MainActi..., appPackage: com.maybank2u.life.sit, appWaitActivity: *, autoGrantPermissions: true, automationName: uiautomator2, chromedriverPort: 52878, databaseEnabled: false, desired: {app: /Users/a00139272/Katalon St..., appActivity: com.maybank2u.life.MainActi..., appPackage: com.maybank2u.life.sit, appWaitActivity: *, autoGrantPermissions: true, automationName: uiautomator2, chromedriverPort: 52878, deviceId: 002b9cc60508, deviceName: Xiaomi 21061119AG (Android 11), fullReset: false, newCommandTimeout: 1800, noReset: true, platform: ANDROID, platformName: android, platformVersion: 11, systemPort: 52876, udid: 002b9cc60508}, deviceApiLevel: 30, deviceId: 002b9cc60508, deviceManufacturer: Xiaomi, deviceModel: 21061119AG, deviceName: 002b9cc60508, deviceScreenDensity: 440, deviceScreenSize: 1080x2400, deviceUDID: 002b9cc60508, fullReset: false, javascriptEnabled: true, locationContextEnabled: false, networkConnectionEnabled: true, newCommandTimeout: 1800, noReset: true, pixelRatio: 2.75, platform: ANDROID, platformName: Android, platformVersion: 11, statBarHeight: 103, systemPort: 52876, takesScreenshot: true, udid: 002b9cc60508, viewportRect: {height: 2064, left: 0, top: 103, width: 1080}, warnings: {}, webStorageEnabled: false}
Session ID: 07e0a906-f567-4646-abfd-84c6cc800d18
	at org.openqa.selenium.remote.http.W3CHttpResponseCodec.createException(W3CHttpResponseCodec.java:187)
	at org.openqa.selenium.remote.http.W3CHttpResponseCodec.decode(W3CHttpResponseCodec.java:122)
	at org.openqa.selenium.remote.http.W3CHttpResponseCodec.decode(W3CHttpResponseCodec.java:49)
	at org.openqa.selenium.remote.HttpCommandExecutor.execute(HttpCommandExecutor.java:158)
	at io.appium.java_client.remote.AppiumCommandExecutor.execute(AppiumCommandExecutor.java:239)
	at org.openqa.selenium.remote.RemoteWebDriver.execute(RemoteWebDriver.java:552)
	at io.appium.java_client.DefaultGenericMobileDriver.execute(DefaultGenericMobileDriver.java:46)
	at io.appium.java_client.AppiumDriver.execute(AppiumDriver.java:1)
	at io.appium.java_client.android.AndroidDriver.execute(AndroidDriver.java:1)
	at com.kms.katalon.core.appium.driver.SwipeableAndroidDriver.execute(SwipeableAndroidDriver.java:1)
	at org.openqa.selenium.remote.RemoteWebDriver.getScreenshotAs(RemoteWebDriver.java:295)
	at com.kms.katalon.core.mobile.helper.MobileScreenCaptor.takeScreenshot(MobileScreenCaptor.java:111)
	at com.kms.katalon.core.mobile.keyword.builtin.TakeScreenshotKeyword$_takeScreenshot_closure1.doCall(TakeScreenshotKeyword.groovy:109)
	at com.kms.katalon.core.mobile.keyword.builtin.TakeScreenshotKeyword$_takeScreenshot_closure1.call(TakeScreenshotKeyword.groovy)
	at com.kms.katalon.core.mobile.keyword.internal.MobileKeywordMain.runKeyword(MobileKeywordMain.groovy:21)
	at com.kms.katalon.core.mobile.keyword.builtin.TakeScreenshotKeyword.takeScreenshot(TakeScreenshotKeyword.groovy:93)
	at com.kms.katalon.core.mobile.keyword.builtin.TakeScreenshotKeyword.execute(TakeScreenshotKeyword.groovy:53)
	at com.kms.katalon.core.keyword.internal.KeywordExecutor.executeKeywordForPlatform(KeywordExecutor.groovy:74)
	at com.kms.katalon.core.mobile.keyword.MobileBuiltInKeywords.takeScreenshot(MobileBuiltInKeywords.groovy:218)
	at com.kms.katalon.core.mobile.keyword.MobileBuiltInKeywords$takeScreenshot$12.call(Unknown Source)
	at duitNow_recurringTransferTransaction.run(duitNow_recurringTransferTransaction:162)
	at com.kms.katalon.core.main.ScriptEngine.run(ScriptEngine.java:194)
	at com.kms.katalon.core.main.ScriptEngine.runScriptAsRawText(ScriptEngine.java:119)
	at com.kms.katalon.core.main.TestCaseExecutor.runScript(TestCaseExecutor.java:445)
	at com.kms.katalon.core.main.TestCaseExecutor.doExecute(TestCaseExecutor.java:436)
	at com.kms.katalon.core.main.TestCaseExecutor.processExecutionPhase(TestCaseExecutor.java:415)
	at com.kms.katalon.core.main.TestCaseExecutor.accessMainPhase(TestCaseExecutor.java:407)
	at com.kms.katalon.core.main.TestCaseExecutor.execute(TestCaseExecutor.java:284)
	at com.kms.katalon.core.common.CommonExecutor.accessTestCaseMainPhase(CommonExecutor.java:65)
	at com.kms.katalon.core.main.TestSuiteExecutor.accessTestSuiteMainPhase(TestSuiteExecutor.java:144)
	at com.kms.katalon.core.main.TestSuiteExecutor.execute(TestSuiteExecutor.java:106)
	at com.kms.katalon.core.main.TestCaseMain.startTestSuite(TestCaseMain.java:185)
	at com.kms.katalon.core.main.TestCaseMain$startTestSuite$0.call(Unknown Source)
	at TempTestSuite1655885093224.run(TempTestSuite1655885093224.groovy:36)
)

2022-06-22 16:48:52 - [MESSAGE][FAILED] - Unable to take screenshot (Root cause: org.openqa.selenium.WebDriverException: An unknown server-side error occurred while processing the command. Original error: 'GET /screenshot' cannot be proxied to UiAutomator2 server because the instrumentation process is not running (probably crashed). Check the server log and/or the logcat output for more details
Build info: version: '3.141.59', revision: 'e82be7d358', time: '2018-11-14T08:25:53'
System info: host: '00139272s-MacBook-Pro.local', ip: '2001:e68:6167:d901:5dd8:2a3:885f:7e34%en0', os.name: 'Mac OS X', os.arch: 'x86_64', os.version: '10.16', java.version: '1.8.0_275'
Driver info: com.kms.katalon.core.appium.driver.SwipeableAndroidDriver
Capabilities {app: /Users/a00139272/Katalon St..., appActivity: com.maybank2u.life.MainActi..., appPackage: com.maybank2u.life.sit, appWaitActivity: *, autoGrantPermissions: true, automationName: uiautomator2, chromedriverPort: 52878, databaseEnabled: false, desired: {app: /Users/a00139272/Katalon St..., appActivity: com.maybank2u.life.MainActi..., appPackage: com.maybank2u.life.sit, appWaitActivity: *, autoGrantPermissions: true, automationName: uiautomator2, chromedriverPort: 52878, deviceId: 002b9cc60508, deviceName: Xiaomi 21061119AG (Android 11), fullReset: false, newCommandTimeout: 1800, noReset: true, platform: ANDROID, platformName: android, platformVersion: 11, systemPort: 52876, udid: 002b9cc60508}, deviceApiLevel: 30, deviceId: 002b9cc60508, deviceManufacturer: Xiaomi, deviceModel: 21061119AG, deviceName: 002b9cc60508, deviceScreenDensity: 440, deviceScreenSize: 1080x2400, deviceUDID: 002b9cc60508, fullReset: false, javascriptEnabled: true, locationContextEnabled: false, networkConnectionEnabled: true, newCommandTimeout: 1800, noReset: true, pixelRatio: 2.75, platform: ANDROID, platformName: Android, platformVersion: 11, statBarHeight: 103, systemPort: 52876, takesScreenshot: true, udid: 002b9cc60508, viewportRect: {height: 2064, left: 0, top: 103, width: 1080}, warnings: {}, webStorageEnabled: false}
Session ID: 07e0a906-f567-4646-abfd-84c6cc800d18
	at org.openqa.selenium.remote.http.W3CHttpResponseCodec.createException(W3CHttpResponseCodec.java:187)
	at org.openqa.selenium.remote.http.W3CHttpResponseCodec.decode(W3CHttpResponseCodec.java:122)
	at org.openqa.selenium.remote.http.W3CHttpResponseCodec.decode(W3CHttpResponseCodec.java:49)
	at org.openqa.selenium.remote.HttpCommandExecutor.execute(HttpCommandExecutor.java:158)
	at io.appium.java_client.remote.AppiumCommandExecutor.execute(AppiumCommandExecutor.java:239)
	at org.openqa.selenium.remote.RemoteWebDriver.execute(RemoteWebDriver.java:552)
	at io.appium.java_client.DefaultGenericMobileDriver.execute(DefaultGenericMobileDriver.java:46)
	at io.appium.java_client.AppiumDriver.execute(AppiumDriver.java:1)
	at io.appium.java_client.android.AndroidDriver.execute(AndroidDriver.java:1)
	at com.kms.katalon.core.appium.driver.SwipeableAndroidDriver.execute(SwipeableAndroidDriver.java:1)
	at org.openqa.selenium.remote.RemoteWebDriver.getScreenshotAs(RemoteWebDriver.java:295)
	at com.kms.katalon.core.mobile.helper.MobileScreenCaptor.takeScreenshot(MobileScreenCaptor.java:111)
	at com.kms.katalon.core.mobile.keyword.builtin.TakeScreenshotKeyword$_takeScreenshot_closure1.doCall(TakeScreenshotKeyword.groovy:109)
	at com.kms.katalon.core.mobile.keyword.builtin.TakeScreenshotKeyword$_takeScreenshot_closure1.call(TakeScreenshotKeyword.groovy)
	at com.kms.katalon.core.mobile.keyword.internal.MobileKeywordMain.runKeyword(MobileKeywordMain.groovy:21)
	at com.kms.katalon.core.mobile.keyword.builtin.TakeScreenshotKeyword.takeScreenshot(TakeScreenshotKeyword.groovy:93)
	at com.kms.katalon.core.mobile.keyword.builtin.TakeScreenshotKeyword.execute(TakeScreenshotKeyword.groovy:53)
	at com.kms.katalon.core.keyword.internal.KeywordExecutor.executeKeywordForPlatform(KeywordExecutor.groovy:74)
	at com.kms.katalon.core.mobile.keyword.MobileBuiltInKeywords.takeScreenshot(MobileBuiltInKeywords.groovy:218)
	at com.kms.katalon.core.mobile.keyword.MobileBuiltInKeywords$takeScreenshot$12.call(Unknown Source)
	at duitNow_recurringTransferTransaction.run(duitNow_recurringTransferTransaction:162)
	at com.kms.katalon.core.main.ScriptEngine.run(ScriptEngine.java:194)
	at com.kms.katalon.core.main.ScriptEngine.runScriptAsRawText(ScriptEngine.java:119)
	at com.kms.katalon.core.main.TestCaseExecutor.runScript(TestCaseExecutor.java:445)
	at com.kms.katalon.core.main.TestCaseExecutor.doExecute(TestCaseExecutor.java:436)
	at com.kms.katalon.core.main.TestCaseExecutor.processExecutionPhase(TestCaseExecutor.java:415)
	at com.kms.katalon.core.main.TestCaseExecutor.accessMainPhase(TestCaseExecutor.java:407)
	at com.kms.katalon.core.main.TestCaseExecutor.execute(TestCaseExecutor.java:284)
	at com.kms.katalon.core.common.CommonExecutor.accessTestCaseMainPhase(CommonExecutor.java:65)
	at com.kms.katalon.core.main.TestSuiteExecutor.accessTestSuiteMainPhase(TestSuiteExecutor.java:144)
	at com.kms.katalon.core.main.TestSuiteExecutor.execute(TestSuiteExecutor.java:106)
	at com.kms.katalon.core.main.TestCaseMain.startTestSuite(TestCaseMain.java:185)
	at com.kms.katalon.core.main.TestCaseMain$startTestSuite$0.call(Unknown Source)
	at TempTestSuite1655885093224.run(TempTestSuite1655885093224.groovy:36)
)

2022-06-22 16:48:52 - [TEST_STEP][FAILED] - verifyElementVisible(findTestObject("Main/mainDoneBtn"), 0): Failed to check for element 'Object Repository/Main/mainDoneBtn' visible (Root cause: org.openqa.selenium.WebDriverException: An unknown server-side error occurred while processing the command. Original error: 'GET /window/current/size' cannot be proxied to UiAutomator2 server because the instrumentation process is not running (probably crashed). Check the server log and/or the logcat output for more details
Build info: version: '3.141.59', revision: 'e82be7d358', time: '2018-11-14T08:25:53'
System info: host: '00139272s-MacBook-Pro.local', ip: '2001:e68:6167:d901:5dd8:2a3:885f:7e34%en0', os.name: 'Mac OS X', os.arch: 'x86_64', os.version: '10.16', java.version: '1.8.0_275'
Driver info: com.kms.katalon.core.appium.driver.SwipeableAndroidDriver
Capabilities {app: /Users/a00139272/Katalon St..., appActivity: com.maybank2u.life.MainActi..., appPackage: com.maybank2u.life.sit, appWaitActivity: *, autoGrantPermissions: true, automationName: uiautomator2, chromedriverPort: 52878, databaseEnabled: false, desired: {app: /Users/a00139272/Katalon St..., appActivity: com.maybank2u.life.MainActi..., appPackage: com.maybank2u.life.sit, appWaitActivity: *, autoGrantPermissions: true, automationName: uiautomator2, chromedriverPort: 52878, deviceId: 002b9cc60508, deviceName: Xiaomi 21061119AG (Android 11), fullReset: false, newCommandTimeout: 1800, noReset: true, platform: ANDROID, platformName: android, platformVersion: 11, systemPort: 52876, udid: 002b9cc60508}, deviceApiLevel: 30, deviceId: 002b9cc60508, deviceManufacturer: Xiaomi, deviceModel: 21061119AG, deviceName: 002b9cc60508, deviceScreenDensity: 440, deviceScreenSize: 1080x2400, deviceUDID: 002b9cc60508, fullReset: false, javascriptEnabled: true, locationContextEnabled: false, networkConnectionEnabled: true, newCommandTimeout: 1800, noReset: true, pixelRatio: 2.75, platform: ANDROID, platformName: Android, platformVersion: 11, statBarHeight: 103, systemPort: 52876, takesScreenshot: true, udid: 002b9cc60508, viewportRect: {height: 2064, left: 0, top: 103, width: 1080}, warnings: {}, webStorageEnabled: false}
Session ID: 07e0a906-f567-4646-abfd-84c6cc800d18
	at org.openqa.selenium.remote.http.W3CHttpResponseCodec.createException(W3CHttpResponseCodec.java:187)
	at org.openqa.selenium.remote.http.W3CHttpResponseCodec.decode(W3CHttpResponseCodec.java:122)
	at org.openqa.selenium.remote.http.W3CHttpResponseCodec.decode(W3CHttpResponseCodec.java:49)
	at org.openqa.selenium.remote.HttpCommandExecutor.execute(HttpCommandExecutor.java:158)
	at io.appium.java_client.remote.AppiumCommandExecutor.execute(AppiumCommandExecutor.java:239)
	at org.openqa.selenium.remote.RemoteWebDriver.execute(RemoteWebDriver.java:552)
	at io.appium.java_client.DefaultGenericMobileDriver.execute(DefaultGenericMobileDriver.java:46)
	at io.appium.java_client.AppiumDriver.execute(AppiumDriver.java:1)
	at io.appium.java_client.android.AndroidDriver.execute(AndroidDriver.java:1)
	at com.kms.katalon.core.appium.driver.SwipeableAndroidDriver.execute(SwipeableAndroidDriver.java:1)
	at org.openqa.selenium.remote.RemoteWebDriver$RemoteWebDriverOptions$RemoteWindow.getSize(RemoteWebDriver.java:813)
	at org.openqa.selenium.WebDriver$Window$getSize.call(Unknown Source)
	at com.kms.katalon.core.mobile.keyword.internal.MobileAbstractKeyword.findElement(MobileAbstractKeyword.groovy:81)
	at com.kms.katalon.core.mobile.keyword.builtin.VerifyElementVisibleKeyword.access$1(VerifyElementVisibleKeyword.groovy)
	at com.kms.katalon.core.mobile.keyword.builtin.VerifyElementVisibleKeyword$_verifyElementVisible_closure1.doCall(VerifyElementVisibleKeyword.groovy:72)
	at com.kms.katalon.core.mobile.keyword.builtin.VerifyElementVisibleKeyword$_verifyElementVisible_closure1.call(VerifyElementVisibleKeyword.groovy)
	at com.kms.katalon.core.mobile.keyword.internal.MobileKeywordMain.runKeyword(MobileKeywordMain.groovy:21)
	at com.kms.katalon.core.mobile.keyword.builtin.VerifyElementVisibleKeyword.verifyElementVisible(VerifyElementVisibleKeyword.groovy:85)
	at com.kms.katalon.core.mobile.keyword.builtin.VerifyElementVisibleKeyword.execute(VerifyElementVisibleKeyword.groovy:64)
	at com.kms.katalon.core.keyword.internal.KeywordExecutor.executeKeywordForPlatform(KeywordExecutor.groovy:74)
	at com.kms.katalon.core.mobile.keyword.MobileBuiltInKeywords.verifyElementVisible(MobileBuiltInKeywords.groovy:2031)
	at com.kms.katalon.core.mobile.keyword.MobileBuiltInKeywords$verifyElementVisible$5.call(Unknown Source)
	at duitNow_recurringTransferTransaction.run(duitNow_recurringTransferTransaction:164)
	at com.kms.katalon.core.main.ScriptEngine.run(ScriptEngine.java:194)
	at com.kms.katalon.core.main.ScriptEngine.runScriptAsRawText(ScriptEngine.java:119)
	at com.kms.katalon.core.main.TestCaseExecutor.runScript(TestCaseExecutor.java:445)
	at com.kms.katalon.core.main.TestCaseExecutor.doExecute(TestCaseExecutor.java:436)
	at com.kms.katalon.core.main.TestCaseExecutor.processExecutionPhase(TestCaseExecutor.java:415)
	at com.kms.katalon.core.main.TestCaseExecutor.accessMainPhase(TestCaseExecutor.java:407)
	at com.kms.katalon.core.main.TestCaseExecutor.execute(TestCaseExecutor.java:284)
	at com.kms.katalon.core.common.CommonExecutor.accessTestCaseMainPhase(CommonExecutor.java:65)
	at com.kms.katalon.core.main.TestSuiteExecutor.accessTestSuiteMainPhase(TestSuiteExecutor.java:144)
	at com.kms.katalon.core.main.TestSuiteExecutor.execute(TestSuiteExecutor.java:106)
	at com.kms.katalon.core.main.TestCaseMain.startTestSuite(TestCaseMain.java:185)
	at com.kms.katalon.core.main.TestCaseMain$startTestSuite$0.call(Unknown Source)
	at TempTestSuite1655885093224.run(TempTestSuite1655885093224.groovy:36)
)

2022-06-22 16:48:52 - [MESSAGE][WARNING] - Timeout '0' is invalid. Using default page load timeout: '40'

2022-06-22 16:48:52 - [MESSAGE][FAILED] - Failed to check for element 'Object Repository/Main/mainDoneBtn' visible (Root cause: org.openqa.selenium.WebDriverException: An unknown server-side error occurred while processing the command. Original error: 'GET /window/current/size' cannot be proxied to UiAutomator2 server because the instrumentation process is not running (probably crashed). Check the server log and/or the logcat output for more details
Build info: version: '3.141.59', revision: 'e82be7d358', time: '2018-11-14T08:25:53'
System info: host: '00139272s-MacBook-Pro.local', ip: '2001:e68:6167:d901:5dd8:2a3:885f:7e34%en0', os.name: 'Mac OS X', os.arch: 'x86_64', os.version: '10.16', java.version: '1.8.0_275'
Driver info: com.kms.katalon.core.appium.driver.SwipeableAndroidDriver
Capabilities {app: /Users/a00139272/Katalon St..., appActivity: com.maybank2u.life.MainActi..., appPackage: com.maybank2u.life.sit, appWaitActivity: *, autoGrantPermissions: true, automationName: uiautomator2, chromedriverPort: 52878, databaseEnabled: false, desired: {app: /Users/a00139272/Katalon St..., appActivity: com.maybank2u.life.MainActi..., appPackage: com.maybank2u.life.sit, appWaitActivity: *, autoGrantPermissions: true, automationName: uiautomator2, chromedriverPort: 52878, deviceId: 002b9cc60508, deviceName: Xiaomi 21061119AG (Android 11), fullReset: false, newCommandTimeout: 1800, noReset: true, platform: ANDROID, platformName: android, platformVersion: 11, systemPort: 52876, udid: 002b9cc60508}, deviceApiLevel: 30, deviceId: 002b9cc60508, deviceManufacturer: Xiaomi, deviceModel: 21061119AG, deviceName: 002b9cc60508, deviceScreenDensity: 440, deviceScreenSize: 1080x2400, deviceUDID: 002b9cc60508, fullReset: false, javascriptEnabled: true, locationContextEnabled: false, networkConnectionEnabled: true, newCommandTimeout: 1800, noReset: true, pixelRatio: 2.75, platform: ANDROID, platformName: Android, platformVersion: 11, statBarHeight: 103, systemPort: 52876, takesScreenshot: true, udid: 002b9cc60508, viewportRect: {height: 2064, left: 0, top: 103, width: 1080}, warnings: {}, webStorageEnabled: false}
Session ID: 07e0a906-f567-4646-abfd-84c6cc800d18
	at org.openqa.selenium.remote.http.W3CHttpResponseCodec.createException(W3CHttpResponseCodec.java:187)
	at org.openqa.selenium.remote.http.W3CHttpResponseCodec.decode(W3CHttpResponseCodec.java:122)
	at org.openqa.selenium.remote.http.W3CHttpResponseCodec.decode(W3CHttpResponseCodec.java:49)
	at org.openqa.selenium.remote.HttpCommandExecutor.execute(HttpCommandExecutor.java:158)
	at io.appium.java_client.remote.AppiumCommandExecutor.execute(AppiumCommandExecutor.java:239)
	at org.openqa.selenium.remote.RemoteWebDriver.execute(RemoteWebDriver.java:552)
	at io.appium.java_client.DefaultGenericMobileDriver.execute(DefaultGenericMobileDriver.java:46)
	at io.appium.java_client.AppiumDriver.execute(AppiumDriver.java:1)
	at io.appium.java_client.android.AndroidDriver.execute(AndroidDriver.java:1)
	at com.kms.katalon.core.appium.driver.SwipeableAndroidDriver.execute(SwipeableAndroidDriver.java:1)
	at org.openqa.selenium.remote.RemoteWebDriver$RemoteWebDriverOptions$RemoteWindow.getSize(RemoteWebDriver.java:813)
	at org.openqa.selenium.WebDriver$Window$getSize.call(Unknown Source)
	at com.kms.katalon.core.mobile.keyword.internal.MobileAbstractKeyword.findElement(MobileAbstractKeyword.groovy:81)
	at com.kms.katalon.core.mobile.keyword.builtin.VerifyElementVisibleKeyword.access$1(VerifyElementVisibleKeyword.groovy)
	at com.kms.katalon.core.mobile.keyword.builtin.VerifyElementVisibleKeyword$_verifyElementVisible_closure1.doCall(VerifyElementVisibleKeyword.groovy:72)
	at com.kms.katalon.core.mobile.keyword.builtin.VerifyElementVisibleKeyword$_verifyElementVisible_closure1.call(VerifyElementVisibleKeyword.groovy)
	at com.kms.katalon.core.mobile.keyword.internal.MobileKeywordMain.runKeyword(MobileKeywordMain.groovy:21)
	at com.kms.katalon.core.mobile.keyword.builtin.VerifyElementVisibleKeyword.verifyElementVisible(VerifyElementVisibleKeyword.groovy:85)
	at com.kms.katalon.core.mobile.keyword.builtin.VerifyElementVisibleKeyword.execute(VerifyElementVisibleKeyword.groovy:64)
	at com.kms.katalon.core.keyword.internal.KeywordExecutor.executeKeywordForPlatform(KeywordExecutor.groovy:74)
	at com.kms.katalon.core.mobile.keyword.MobileBuiltInKeywords.verifyElementVisible(MobileBuiltInKeywords.groovy:2031)
	at com.kms.katalon.core.mobile.keyword.MobileBuiltInKeywords$verifyElementVisible$5.call(Unknown Source)
	at duitNow_recurringTransferTransaction.run(duitNow_recurringTransferTransaction:164)
	at com.kms.katalon.core.main.ScriptEngine.run(ScriptEngine.java:194)
	at com.kms.katalon.core.main.ScriptEngine.runScriptAsRawText(ScriptEngine.java:119)
	at com.kms.katalon.core.main.TestCaseExecutor.runScript(TestCaseExecutor.java:445)
	at com.kms.katalon.core.main.TestCaseExecutor.doExecute(TestCaseExecutor.java:436)
	at com.kms.katalon.core.main.TestCaseExecutor.processExecutionPhase(TestCaseExecutor.java:415)
	at com.kms.katalon.core.main.TestCaseExecutor.accessMainPhase(TestCaseExecutor.java:407)
	at com.kms.katalon.core.main.TestCaseExecutor.execute(TestCaseExecutor.java:284)
	at com.kms.katalon.core.common.CommonExecutor.accessTestCaseMainPhase(CommonExecutor.java:65)
	at com.kms.katalon.core.main.TestSuiteExecutor.accessTestSuiteMainPhase(TestSuiteExecutor.java:144)
	at com.kms.katalon.core.main.TestSuiteExecutor.execute(TestSuiteExecutor.java:106)
	at com.kms.katalon.core.main.TestCaseMain.startTestSuite(TestCaseMain.java:185)
	at com.kms.katalon.core.main.TestCaseMain$startTestSuite$0.call(Unknown Source)
	at TempTestSuite1655885093224.run(TempTestSuite1655885093224.groovy:36)
)

2022-06-22 16:48:52 - [TEST_STEP][FAILED] - tap(findTestObject("Main/mainDoneBtn"), 0): Failed to tap on element 'Object Repository/Main/mainDoneBtn' (Root cause: org.openqa.selenium.WebDriverException: An unknown server-side error occurred while processing the command. Original error: 'GET /window/current/size' cannot be proxied to UiAutomator2 server because the instrumentation process is not running (probably crashed). Check the server log and/or the logcat output for more details
Build info: version: '3.141.59', revision: 'e82be7d358', time: '2018-11-14T08:25:53'
System info: host: '00139272s-MacBook-Pro.local', ip: '2001:e68:6167:d901:5dd8:2a3:885f:7e34%en0', os.name: 'Mac OS X', os.arch: 'x86_64', os.version: '10.16', java.version: '1.8.0_275'
Driver info: com.kms.katalon.core.appium.driver.SwipeableAndroidDriver
Capabilities {app: /Users/a00139272/Katalon St..., appActivity: com.maybank2u.life.MainActi..., appPackage: com.maybank2u.life.sit, appWaitActivity: *, autoGrantPermissions: true, automationName: uiautomator2, chromedriverPort: 52878, databaseEnabled: false, desired: {app: /Users/a00139272/Katalon St..., appActivity: com.maybank2u.life.MainActi..., appPackage: com.maybank2u.life.sit, appWaitActivity: *, autoGrantPermissions: true, automationName: uiautomator2, chromedriverPort: 52878, deviceId: 002b9cc60508, deviceName: Xiaomi 21061119AG (Android 11), fullReset: false, newCommandTimeout: 1800, noReset: true, platform: ANDROID, platformName: android, platformVersion: 11, systemPort: 52876, udid: 002b9cc60508}, deviceApiLevel: 30, deviceId: 002b9cc60508, deviceManufacturer: Xiaomi, deviceModel: 21061119AG, deviceName: 002b9cc60508, deviceScreenDensity: 440, deviceScreenSize: 1080x2400, deviceUDID: 002b9cc60508, fullReset: false, javascriptEnabled: true, locationContextEnabled: false, networkConnectionEnabled: true, newCommandTimeout: 1800, noReset: true, pixelRatio: 2.75, platform: ANDROID, platformName: Android, platformVersion: 11, statBarHeight: 103, systemPort: 52876, takesScreenshot: true, udid: 002b9cc60508, viewportRect: {height: 2064, left: 0, top: 103, width: 1080}, warnings: {}, webStorageEnabled: false}
Session ID: 07e0a906-f567-4646-abfd-84c6cc800d18
	at org.openqa.selenium.remote.http.W3CHttpResponseCodec.createException(W3CHttpResponseCodec.java:187)
	at org.openqa.selenium.remote.http.W3CHttpResponseCodec.decode(W3CHttpResponseCodec.java:122)
	at org.openqa.selenium.remote.http.W3CHttpResponseCodec.decode(W3CHttpResponseCodec.java:49)
	at org.openqa.selenium.remote.HttpCommandExecutor.execute(HttpCommandExecutor.java:158)
	at io.appium.java_client.remote.AppiumCommandExecutor.execute(AppiumCommandExecutor.java:239)
	at org.openqa.selenium.remote.RemoteWebDriver.execute(RemoteWebDriver.java:552)
	at io.appium.java_client.DefaultGenericMobileDriver.execute(DefaultGenericMobileDriver.java:46)
	at io.appium.java_client.AppiumDriver.execute(AppiumDriver.java:1)
	at io.appium.java_client.android.AndroidDriver.execute(AndroidDriver.java:1)
	at com.kms.katalon.core.appium.driver.SwipeableAndroidDriver.execute(SwipeableAndroidDriver.java:1)
	at org.openqa.selenium.remote.RemoteWebDriver$RemoteWebDriverOptions$RemoteWindow.getSize(RemoteWebDriver.java:813)
	at org.openqa.selenium.WebDriver$Window$getSize.call(Unknown Source)
	at com.kms.katalon.core.mobile.keyword.internal.MobileAbstractKeyword.findElement(MobileAbstractKeyword.groovy:81)
	at com.kms.katalon.core.mobile.keyword.builtin.TapKeyword.access$1(TapKeyword.groovy)
	at com.kms.katalon.core.mobile.keyword.builtin.TapKeyword$_tap_closure1.doCall(TapKeyword.groovy:76)
	at com.kms.katalon.core.mobile.keyword.builtin.TapKeyword$_tap_closure1.call(TapKeyword.groovy)
	at com.kms.katalon.core.mobile.keyword.internal.MobileKeywordMain.runKeyword(MobileKeywordMain.groovy:21)
	at com.kms.katalon.core.mobile.keyword.builtin.TapKeyword.tap(TapKeyword.groovy:84)
	at com.kms.katalon.core.mobile.keyword.builtin.TapKeyword.execute(TapKeyword.groovy:68)
	at com.kms.katalon.core.keyword.internal.KeywordExecutor.executeKeywordForPlatform(KeywordExecutor.groovy:74)
	at com.kms.katalon.core.mobile.keyword.MobileBuiltInKeywords.tap(MobileBuiltInKeywords.groovy:1490)
	at com.kms.katalon.core.mobile.keyword.MobileBuiltInKeywords$tap$4.call(Unknown Source)
	at duitNow_recurringTransferTransaction.run(duitNow_recurringTransferTransaction:166)
	at com.kms.katalon.core.main.ScriptEngine.run(ScriptEngine.java:194)
	at com.kms.katalon.core.main.ScriptEngine.runScriptAsRawText(ScriptEngine.java:119)
	at com.kms.katalon.core.main.TestCaseExecutor.runScript(TestCaseExecutor.java:445)
	at com.kms.katalon.core.main.TestCaseExecutor.doExecute(TestCaseExecutor.java:436)
	at com.kms.katalon.core.main.TestCaseExecutor.processExecutionPhase(TestCaseExecutor.java:415)
	at com.kms.katalon.core.main.TestCaseExecutor.accessMainPhase(TestCaseExecutor.java:407)
	at com.kms.katalon.core.main.TestCaseExecutor.execute(TestCaseExecutor.java:284)
	at com.kms.katalon.core.common.CommonExecutor.accessTestCaseMainPhase(CommonExecutor.java:65)
	at com.kms.katalon.core.main.TestSuiteExecutor.accessTestSuiteMainPhase(TestSuiteExecutor.java:144)
	at com.kms.katalon.core.main.TestSuiteExecutor.execute(TestSuiteExecutor.java:106)
	at com.kms.katalon.core.main.TestCaseMain.startTestSuite(TestCaseMain.java:185)
	at com.kms.katalon.core.main.TestCaseMain$startTestSuite$0.call(Unknown Source)
	at TempTestSuite1655885093224.run(TempTestSuite1655885093224.groovy:36)
)

2022-06-22 16:48:52 - [MESSAGE][WARNING] - Timeout '0' is invalid. Using default page load timeout: '40'

2022-06-22 16:48:52 - [MESSAGE][FAILED] - Failed to tap on element 'Object Repository/Main/mainDoneBtn' (Root cause: org.openqa.selenium.WebDriverException: An unknown server-side error occurred while processing the command. Original error: 'GET /window/current/size' cannot be proxied to UiAutomator2 server because the instrumentation process is not running (probably crashed). Check the server log and/or the logcat output for more details
Build info: version: '3.141.59', revision: 'e82be7d358', time: '2018-11-14T08:25:53'
System info: host: '00139272s-MacBook-Pro.local', ip: '2001:e68:6167:d901:5dd8:2a3:885f:7e34%en0', os.name: 'Mac OS X', os.arch: 'x86_64', os.version: '10.16', java.version: '1.8.0_275'
Driver info: com.kms.katalon.core.appium.driver.SwipeableAndroidDriver
Capabilities {app: /Users/a00139272/Katalon St..., appActivity: com.maybank2u.life.MainActi..., appPackage: com.maybank2u.life.sit, appWaitActivity: *, autoGrantPermissions: true, automationName: uiautomator2, chromedriverPort: 52878, databaseEnabled: false, desired: {app: /Users/a00139272/Katalon St..., appActivity: com.maybank2u.life.MainActi..., appPackage: com.maybank2u.life.sit, appWaitActivity: *, autoGrantPermissions: true, automationName: uiautomator2, chromedriverPort: 52878, deviceId: 002b9cc60508, deviceName: Xiaomi 21061119AG (Android 11), fullReset: false, newCommandTimeout: 1800, noReset: true, platform: ANDROID, platformName: android, platformVersion: 11, systemPort: 52876, udid: 002b9cc60508}, deviceApiLevel: 30, deviceId: 002b9cc60508, deviceManufacturer: Xiaomi, deviceModel: 21061119AG, deviceName: 002b9cc60508, deviceScreenDensity: 440, deviceScreenSize: 1080x2400, deviceUDID: 002b9cc60508, fullReset: false, javascriptEnabled: true, locationContextEnabled: false, networkConnectionEnabled: true, newCommandTimeout: 1800, noReset: true, pixelRatio: 2.75, platform: ANDROID, platformName: Android, platformVersion: 11, statBarHeight: 103, systemPort: 52876, takesScreenshot: true, udid: 002b9cc60508, viewportRect: {height: 2064, left: 0, top: 103, width: 1080}, warnings: {}, webStorageEnabled: false}
Session ID: 07e0a906-f567-4646-abfd-84c6cc800d18
	at org.openqa.selenium.remote.http.W3CHttpResponseCodec.createException(W3CHttpResponseCodec.java:187)
	at org.openqa.selenium.remote.http.W3CHttpResponseCodec.decode(W3CHttpResponseCodec.java:122)
	at org.openqa.selenium.remote.http.W3CHttpResponseCodec.decode(W3CHttpResponseCodec.java:49)
	at org.openqa.selenium.remote.HttpCommandExecutor.execute(HttpCommandExecutor.java:158)
	at io.appium.java_client.remote.AppiumCommandExecutor.execute(AppiumCommandExecutor.java:239)
	at org.openqa.selenium.remote.RemoteWebDriver.execute(RemoteWebDriver.java:552)
	at io.appium.java_client.DefaultGenericMobileDriver.execute(DefaultGenericMobileDriver.java:46)
	at io.appium.java_client.AppiumDriver.execute(AppiumDriver.java:1)
	at io.appium.java_client.android.AndroidDriver.execute(AndroidDriver.java:1)
	at com.kms.katalon.core.appium.driver.SwipeableAndroidDriver.execute(SwipeableAndroidDriver.java:1)
	at org.openqa.selenium.remote.RemoteWebDriver$RemoteWebDriverOptions$RemoteWindow.getSize(RemoteWebDriver.java:813)
	at org.openqa.selenium.WebDriver$Window$getSize.call(Unknown Source)
	at com.kms.katalon.core.mobile.keyword.internal.MobileAbstractKeyword.findElement(MobileAbstractKeyword.groovy:81)
	at com.kms.katalon.core.mobile.keyword.builtin.TapKeyword.access$1(TapKeyword.groovy)
	at com.kms.katalon.core.mobile.keyword.builtin.TapKeyword$_tap_closure1.doCall(TapKeyword.groovy:76)
	at com.kms.katalon.core.mobile.keyword.builtin.TapKeyword$_tap_closure1.call(TapKeyword.groovy)
	at com.kms.katalon.core.mobile.keyword.internal.MobileKeywordMain.runKeyword(MobileKeywordMain.groovy:21)
	at com.kms.katalon.core.mobile.keyword.builtin.TapKeyword.tap(TapKeyword.groovy:84)
	at com.kms.katalon.core.mobile.keyword.builtin.TapKeyword.execute(TapKeyword.groovy:68)
	at com.kms.katalon.core.keyword.internal.KeywordExecutor.executeKeywordForPlatform(KeywordExecutor.groovy:74)
	at com.kms.katalon.core.mobile.keyword.MobileBuiltInKeywords.tap(MobileBuiltInKeywords.groovy:1490)
	at com.kms.katalon.core.mobile.keyword.MobileBuiltInKeywords$tap$4.call(Unknown Source)
	at duitNow_recurringTransferTransaction.run(duitNow_recurringTransferTransaction:166)
	at com.kms.katalon.core.main.ScriptEngine.run(ScriptEngine.java:194)
	at com.kms.katalon.core.main.ScriptEngine.runScriptAsRawText(ScriptEngine.java:119)
	at com.kms.katalon.core.main.TestCaseExecutor.runScript(TestCaseExecutor.java:445)
	at com.kms.katalon.core.main.TestCaseExecutor.doExecute(TestCaseExecutor.java:436)
	at com.kms.katalon.core.main.TestCaseExecutor.processExecutionPhase(TestCaseExecutor.java:415)
	at com.kms.katalon.core.main.TestCaseExecutor.accessMainPhase(TestCaseExecutor.java:407)
	at com.kms.katalon.core.main.TestCaseExecutor.execute(TestCaseExecutor.java:284)
	at com.kms.katalon.core.common.CommonExecutor.accessTestCaseMainPhase(CommonExecutor.java:65)
	at com.kms.katalon.core.main.TestSuiteExecutor.accessTestSuiteMainPhase(TestSuiteExecutor.java:144)
	at com.kms.katalon.core.main.TestSuiteExecutor.execute(TestSuiteExecutor.java:106)
	at com.kms.katalon.core.main.TestCaseMain.startTestSuite(TestCaseMain.java:185)
	at com.kms.katalon.core.main.TestCaseMain$startTestSuite$0.call(Unknown Source)
	at TempTestSuite1655885093224.run(TempTestSuite1655885093224.groovy:36)
)

2022-06-22 16:48:52 - [TEST_STEP][PASSED] - delay(5): Delayed 5 second(s)

2022-06-22 16:48:57 - [MESSAGE][PASSED] - Delayed 5 second(s)]]></system-out>
         <system-err><![CDATA[2022-06-22 16:48:32 - [TEST_CASE][FAILED] - Test Cases/DuitNow/duitNow_recurringTransferTransaction: Test Cases/DuitNow/duitNow_recurringTransferTransaction FAILED.
Reason:
com.kms.katalon.core.exception.StepFailedException: Failed to tap on element 'Object Repository/Banking/m2uAccountTransferIconSelect' (Root cause: org.openqa.selenium.WebDriverException: An unknown server-side error occurred while processing the command. Original error: 'GET /window/current/size' cannot be proxied to UiAutomator2 server because the instrumentation process is not running (probably crashed). Check the server log and/or the logcat output for more details
Build info: version: '3.141.59', revision: 'e82be7d358', time: '2018-11-14T08:25:53'
System info: host: '00139272s-MacBook-Pro.local', ip: '2001:e68:6167:d901:5dd8:2a3:885f:7e34%en0', os.name: 'Mac OS X', os.arch: 'x86_64', os.version: '10.16', java.version: '1.8.0_275'
Driver info: com.kms.katalon.core.appium.driver.SwipeableAndroidDriver
Capabilities {app: /Users/a00139272/Katalon St..., appActivity: com.maybank2u.life.MainActi..., appPackage: com.maybank2u.life.sit, appWaitActivity: *, autoGrantPermissions: true, automationName: uiautomator2, chromedriverPort: 52878, databaseEnabled: false, desired: {app: /Users/a00139272/Katalon St..., appActivity: com.maybank2u.life.MainActi..., appPackage: com.maybank2u.life.sit, appWaitActivity: *, autoGrantPermissions: true, automationName: uiautomator2, chromedriverPort: 52878, deviceId: 002b9cc60508, deviceName: Xiaomi 21061119AG (Android 11), fullReset: false, newCommandTimeout: 1800, noReset: true, platform: ANDROID, platformName: android, platformVersion: 11, systemPort: 52876, udid: 002b9cc60508}, deviceApiLevel: 30, deviceId: 002b9cc60508, deviceManufacturer: Xiaomi, deviceModel: 21061119AG, deviceName: 002b9cc60508, deviceScreenDensity: 440, deviceScreenSize: 1080x2400, deviceUDID: 002b9cc60508, fullReset: false, javascriptEnabled: true, locationContextEnabled: false, networkConnectionEnabled: true, newCommandTimeout: 1800, noReset: true, pixelRatio: 2.75, platform: ANDROID, platformName: Android, platformVersion: 11, statBarHeight: 103, systemPort: 52876, takesScreenshot: true, udid: 002b9cc60508, viewportRect: {height: 2064, left: 0, top: 103, width: 1080}, warnings: {}, webStorageEnabled: false}
Session ID: 07e0a906-f567-4646-abfd-84c6cc800d18
	at org.openqa.selenium.remote.http.W3CHttpResponseCodec.createException(W3CHttpResponseCodec.java:187)
	at org.openqa.selenium.remote.http.W3CHttpResponseCodec.decode(W3CHttpResponseCodec.java:122)
	at org.openqa.selenium.remote.http.W3CHttpResponseCodec.decode(W3CHttpResponseCodec.java:49)
	at org.openqa.selenium.remote.HttpCommandExecutor.execute(HttpCommandExecutor.java:158)
	at io.appium.java_client.remote.AppiumCommandExecutor.execute(AppiumCommandExecutor.java:239)
	at org.openqa.selenium.remote.RemoteWebDriver.execute(RemoteWebDriver.java:552)
	at io.appium.java_client.DefaultGenericMobileDriver.execute(DefaultGenericMobileDriver.java:46)
	at io.appium.java_client.AppiumDriver.execute(AppiumDriver.java:1)
	at io.appium.java_client.android.AndroidDriver.execute(AndroidDriver.java:1)
	at com.kms.katalon.core.appium.driver.SwipeableAndroidDriver.execute(SwipeableAndroidDriver.java:1)
	at org.openqa.selenium.remote.RemoteWebDriver$RemoteWebDriverOptions$RemoteWindow.getSize(RemoteWebDriver.java:813)
	at org.openqa.selenium.WebDriver$Window$getSize.call(Unknown Source)
	at com.kms.katalon.core.mobile.keyword.internal.MobileAbstractKeyword.findElement(MobileAbstractKeyword.groovy:81)
	at com.kms.katalon.core.mobile.keyword.builtin.TapKeyword.access$1(TapKeyword.groovy)
	at com.kms.katalon.core.mobile.keyword.builtin.TapKeyword$_tap_closure1.doCall(TapKeyword.groovy:76)
	at com.kms.katalon.core.mobile.keyword.builtin.TapKeyword$_tap_closure1.call(TapKeyword.groovy)
	at com.kms.katalon.core.mobile.keyword.internal.MobileKeywordMain.runKeyword(MobileKeywordMain.groovy:21)
	at com.kms.katalon.core.mobile.keyword.builtin.TapKeyword.tap(TapKeyword.groovy:84)
	at com.kms.katalon.core.mobile.keyword.builtin.TapKeyword.execute(TapKeyword.groovy:68)
	at com.kms.katalon.core.keyword.internal.KeywordExecutor.executeKeywordForPlatform(KeywordExecutor.groovy:74)
	at com.kms.katalon.core.mobile.keyword.MobileBuiltInKeywords.tap(MobileBuiltInKeywords.groovy:1490)
	at com.kms.katalon.core.mobile.keyword.MobileBuiltInKeywords$tap$4.call(Unknown Source)
	at duitNow_recurringTransferTransaction.run(duitNow_recurringTransferTransaction:58)
	at com.kms.katalon.core.main.ScriptEngine.run(ScriptEngine.java:194)
	at com.kms.katalon.core.main.ScriptEngine.runScriptAsRawText(ScriptEngine.java:119)
	at com.kms.katalon.core.main.TestCaseExecutor.runScript(TestCaseExecutor.java:445)
	at com.kms.katalon.core.main.TestCaseExecutor.doExecute(TestCaseExecutor.java:436)
	at com.kms.katalon.core.main.TestCaseExecutor.processExecutionPhase(TestCaseExecutor.java:415)
	at com.kms.katalon.core.main.TestCaseExecutor.accessMainPhase(TestCaseExecutor.java:407)
	at com.kms.katalon.core.main.TestCaseExecutor.execute(TestCaseExecutor.java:284)
	at com.kms.katalon.core.common.CommonExecutor.accessTestCaseMainPhase(CommonExecutor.java:65)
	at com.kms.katalon.core.main.TestSuiteExecutor.accessTestSuiteMainPhase(TestSuiteExecutor.java:144)
	at com.kms.katalon.core.main.TestSuiteExecutor.execute(TestSuiteExecutor.java:106)
	at com.kms.katalon.core.main.TestCaseMain.startTestSuite(TestCaseMain.java:185)
	at com.kms.katalon.core.main.TestCaseMain$startTestSuite$0.call(Unknown Source)
	at TempTestSuite1655885093224.run(TempTestSuite1655885093224.groovy:36)
)
	at com.kms.katalon.core.keyword.internal.KeywordMain.stepFailed(KeywordMain.groovy:39)
	at com.kms.katalon.core.mobile.keyword.internal.MobileKeywordMain.stepFailed(MobileKeywordMain.groovy:40)
	at com.kms.katalon.core.mobile.keyword.internal.MobileKeywordMain.runKeyword(MobileKeywordMain.groovy:23)
	at com.kms.katalon.core.mobile.keyword.builtin.TapKeyword.tap(TapKeyword.groovy:84)
	at com.kms.katalon.core.mobile.keyword.builtin.TapKeyword.execute(TapKeyword.groovy:68)
	at com.kms.katalon.core.keyword.internal.KeywordExecutor.executeKeywordForPlatform(KeywordExecutor.groovy:74)
	at com.kms.katalon.core.mobile.keyword.MobileBuiltInKeywords.tap(MobileBuiltInKeywords.groovy:1490)
	at com.kms.katalon.core.mobile.keyword.MobileBuiltInKeywords$tap$4.call(Unknown Source)
	at duitNow_recurringTransferTransaction.run(duitNow_recurringTransferTransaction:58)
	at com.kms.katalon.core.main.ScriptEngine.run(ScriptEngine.java:194)
	at com.kms.katalon.core.main.ScriptEngine.runScriptAsRawText(ScriptEngine.java:119)
	at com.kms.katalon.core.main.TestCaseExecutor.runScript(TestCaseExecutor.java:445)
	at com.kms.katalon.core.main.TestCaseExecutor.doExecute(TestCaseExecutor.java:436)
	at com.kms.katalon.core.main.TestCaseExecutor.processExecutionPhase(TestCaseExecutor.java:415)
	at com.kms.katalon.core.main.TestCaseExecutor.accessMainPhase(TestCaseExecutor.java:407)
	at com.kms.katalon.core.main.TestCaseExecutor.execute(TestCaseExecutor.java:284)
	at com.kms.katalon.core.common.CommonExecutor.accessTestCaseMainPhase(CommonExecutor.java:65)
	at com.kms.katalon.core.main.TestSuiteExecutor.accessTestSuiteMainPhase(TestSuiteExecutor.java:144)
	at com.kms.katalon.core.main.TestSuiteExecutor.execute(TestSuiteExecutor.java:106)
	at com.kms.katalon.core.main.TestCaseMain.startTestSuite(TestCaseMain.java:185)
	at com.kms.katalon.core.main.TestCaseMain$startTestSuite$0.call(Unknown Source)
	at TempTestSuite1655885093224.run(TempTestSuite1655885093224.groovy:36)
Caused by: org.openqa.selenium.WebDriverException: An unknown server-side error occurred while processing the command. Original error: 'GET /window/current/size' cannot be proxied to UiAutomator2 server because the instrumentation process is not running (probably crashed). Check the server log and/or the logcat output for more details
Build info: version: '3.141.59', revision: 'e82be7d358', time: '2018-11-14T08:25:53'
System info: host: '00139272s-MacBook-Pro.local', ip: '2001:e68:6167:d901:5dd8:2a3:885f:7e34%en0', os.name: 'Mac OS X', os.arch: 'x86_64', os.version: '10.16', java.version: '1.8.0_275'
Driver info: com.kms.katalon.core.appium.driver.SwipeableAndroidDriver
Capabilities {app: /Users/a00139272/Katalon St..., appActivity: com.maybank2u.life.MainActi..., appPackage: com.maybank2u.life.sit, appWaitActivity: *, autoGrantPermissions: true, automationName: uiautomator2, chromedriverPort: 52878, databaseEnabled: false, desired: {app: /Users/a00139272/Katalon St..., appActivity: com.maybank2u.life.MainActi..., appPackage: com.maybank2u.life.sit, appWaitActivity: *, autoGrantPermissions: true, automationName: uiautomator2, chromedriverPort: 52878, deviceId: 002b9cc60508, deviceName: Xiaomi 21061119AG (Android 11), fullReset: false, newCommandTimeout: 1800, noReset: true, platform: ANDROID, platformName: android, platformVersion: 11, systemPort: 52876, udid: 002b9cc60508}, deviceApiLevel: 30, deviceId: 002b9cc60508, deviceManufacturer: Xiaomi, deviceModel: 21061119AG, deviceName: 002b9cc60508, deviceScreenDensity: 440, deviceScreenSize: 1080x2400, deviceUDID: 002b9cc60508, fullReset: false, javascriptEnabled: true, locationContextEnabled: false, networkConnectionEnabled: true, newCommandTimeout: 1800, noReset: true, pixelRatio: 2.75, platform: ANDROID, platformName: Android, platformVersion: 11, statBarHeight: 103, systemPort: 52876, takesScreenshot: true, udid: 002b9cc60508, viewportRect: {height: 2064, left: 0, top: 103, width: 1080}, warnings: {}, webStorageEnabled: false}
Session ID: 07e0a906-f567-4646-abfd-84c6cc800d18
	at org.openqa.selenium.remote.http.W3CHttpResponseCodec.createException(W3CHttpResponseCodec.java:187)
	at org.openqa.selenium.remote.http.W3CHttpResponseCodec.decode(W3CHttpResponseCodec.java:122)
	at org.openqa.selenium.remote.http.W3CHttpResponseCodec.decode(W3CHttpResponseCodec.java:49)
	at org.openqa.selenium.remote.HttpCommandExecutor.execute(HttpCommandExecutor.java:158)
	at io.appium.java_client.remote.AppiumCommandExecutor.execute(AppiumCommandExecutor.java:239)
	at org.openqa.selenium.remote.RemoteWebDriver.execute(RemoteWebDriver.java:552)
	at io.appium.java_client.DefaultGenericMobileDriver.execute(DefaultGenericMobileDriver.java:46)
	at io.appium.java_client.AppiumDriver.execute(AppiumDriver.java:1)
	at io.appium.java_client.android.AndroidDriver.execute(AndroidDriver.java:1)
	at com.kms.katalon.core.appium.driver.SwipeableAndroidDriver.execute(SwipeableAndroidDriver.java:1)
	at org.openqa.selenium.remote.RemoteWebDriver$RemoteWebDriverOptions$RemoteWindow.getSize(RemoteWebDriver.java:813)
	at org.openqa.selenium.WebDriver$Window$getSize.call(Unknown Source)
	at com.kms.katalon.core.mobile.keyword.internal.MobileAbstractKeyword.findElement(MobileAbstractKeyword.groovy:81)
	at com.kms.katalon.core.mobile.keyword.builtin.TapKeyword.access$1(TapKeyword.groovy)
	at com.kms.katalon.core.mobile.keyword.builtin.TapKeyword$_tap_closure1.doCall(TapKeyword.groovy:76)
	at com.kms.katalon.core.mobile.keyword.builtin.TapKeyword$_tap_closure1.call(TapKeyword.groovy)
	at com.kms.katalon.core.mobile.keyword.internal.MobileKeywordMain.runKeyword(MobileKeywordMain.groovy:21)
	... 19 more]]></system-err>
      </testcase>
      <testcase name="Test Cases/DuitNow/duitNow_addFavoriteTransaction" time="4.357" classname="Test Cases/DuitNow/duitNow_addFavoriteTransaction" status="FAILED">
         <failure type="FAILED" message="Test Cases/DuitNow/duitNow_addFavoriteTransaction FAILED.
Reason:
com.kms.katalon.core.exception.StepFailedException: Failed to tap on element 'Object Repository/Banking/m2uAccountTransferIconSelect' (Root cause: org.openqa.selenium.WebDriverException: An unknown server-side error occurred while processing the command. Original error: 'GET /window/current/size' cannot be proxied to UiAutomator2 server because the instrumentation process is not running (probably crashed). Check the server log and/or the logcat output for more details
Build info: version: '3.141.59', revision: 'e82be7d358', time: '2018-11-14T08:25:53'
System info: host: '00139272s-MacBook-Pro.local', ip: '2001:e68:6167:d901:5dd8:2a3:885f:7e34%en0', os.name: 'Mac OS X', os.arch: 'x86_64', os.version: '10.16', java.version: '1.8.0_275'
Driver info: com.kms.katalon.core.appium.driver.SwipeableAndroidDriver
Capabilities {app: /Users/a00139272/Katalon St..., appActivity: com.maybank2u.life.MainActi..., appPackage: com.maybank2u.life.sit, appWaitActivity: *, autoGrantPermissions: true, automationName: uiautomator2, chromedriverPort: 52878, databaseEnabled: false, desired: {app: /Users/a00139272/Katalon St..., appActivity: com.maybank2u.life.MainActi..., appPackage: com.maybank2u.life.sit, appWaitActivity: *, autoGrantPermissions: true, automationName: uiautomator2, chromedriverPort: 52878, deviceId: 002b9cc60508, deviceName: Xiaomi 21061119AG (Android 11), fullReset: false, newCommandTimeout: 1800, noReset: true, platform: ANDROID, platformName: android, platformVersion: 11, systemPort: 52876, udid: 002b9cc60508}, deviceApiLevel: 30, deviceId: 002b9cc60508, deviceManufacturer: Xiaomi, deviceModel: 21061119AG, deviceName: 002b9cc60508, deviceScreenDensity: 440, deviceScreenSize: 1080x2400, deviceUDID: 002b9cc60508, fullReset: false, javascriptEnabled: true, locationContextEnabled: false, networkConnectionEnabled: true, newCommandTimeout: 1800, noReset: true, pixelRatio: 2.75, platform: ANDROID, platformName: Android, platformVersion: 11, statBarHeight: 103, systemPort: 52876, takesScreenshot: true, udid: 002b9cc60508, viewportRect: {height: 2064, left: 0, top: 103, width: 1080}, warnings: {}, webStorageEnabled: false}
Session ID: 07e0a906-f567-4646-abfd-84c6cc800d18
	at org.openqa.selenium.remote.http.W3CHttpResponseCodec.createException(W3CHttpResponseCodec.java:187)
	at org.openqa.selenium.remote.http.W3CHttpResponseCodec.decode(W3CHttpResponseCodec.java:122)
	at org.openqa.selenium.remote.http.W3CHttpResponseCodec.decode(W3CHttpResponseCodec.java:49)
	at org.openqa.selenium.remote.HttpCommandExecutor.execute(HttpCommandExecutor.java:158)
	at io.appium.java_client.remote.AppiumCommandExecutor.execute(AppiumCommandExecutor.java:239)
	at org.openqa.selenium.remote.RemoteWebDriver.execute(RemoteWebDriver.java:552)
	at io.appium.java_client.DefaultGenericMobileDriver.execute(DefaultGenericMobileDriver.java:46)
	at io.appium.java_client.AppiumDriver.execute(AppiumDriver.java:1)
	at io.appium.java_client.android.AndroidDriver.execute(AndroidDriver.java:1)
	at com.kms.katalon.core.appium.driver.SwipeableAndroidDriver.execute(SwipeableAndroidDriver.java:1)
	at org.openqa.selenium.remote.RemoteWebDriver$RemoteWebDriverOptions$RemoteWindow.getSize(RemoteWebDriver.java:813)
	at org.openqa.selenium.WebDriver$Window$getSize.call(Unknown Source)
	at com.kms.katalon.core.mobile.keyword.internal.MobileAbstractKeyword.findElement(MobileAbstractKeyword.groovy:81)
	at com.kms.katalon.core.mobile.keyword.builtin.TapKeyword.access$1(TapKeyword.groovy)
	at com.kms.katalon.core.mobile.keyword.builtin.TapKeyword$_tap_closure1.doCall(TapKeyword.groovy:76)
	at com.kms.katalon.core.mobile.keyword.builtin.TapKeyword$_tap_closure1.call(TapKeyword.groovy)
	at com.kms.katalon.core.mobile.keyword.internal.MobileKeywordMain.runKeyword(MobileKeywordMain.groovy:21)
	at com.kms.katalon.core.mobile.keyword.builtin.TapKeyword.tap(TapKeyword.groovy:84)
	at com.kms.katalon.core.mobile.keyword.builtin.TapKeyword.execute(TapKeyword.groovy:68)
	at com.kms.katalon.core.keyword.internal.KeywordExecutor.executeKeywordForPlatform(KeywordExecutor.groovy:74)
	at com.kms.katalon.core.mobile.keyword.MobileBuiltInKeywords.tap(MobileBuiltInKeywords.groovy:1490)
	at com.kms.katalon.core.mobile.keyword.MobileBuiltInKeywords$tap$4.call(Unknown Source)
	at duitNow_addFavoriteTransaction.run(duitNow_addFavoriteTransaction:56)
	at com.kms.katalon.core.main.ScriptEngine.run(ScriptEngine.java:194)
	at com.kms.katalon.core.main.ScriptEngine.runScriptAsRawText(ScriptEngine.java:119)
	at com.kms.katalon.core.main.TestCaseExecutor.runScript(TestCaseExecutor.java:445)
	at com.kms.katalon.core.main.TestCaseExecutor.doExecute(TestCaseExecutor.java:436)
	at com.kms.katalon.core.main.TestCaseExecutor.processExecutionPhase(TestCaseExecutor.java:415)
	at com.kms.katalon.core.main.TestCaseExecutor.accessMainPhase(TestCaseExecutor.java:407)
	at com.kms.katalon.core.main.TestCaseExecutor.execute(TestCaseExecutor.java:284)
	at com.kms.katalon.core.common.CommonExecutor.accessTestCaseMainPhase(CommonExecutor.java:65)
	at com.kms.katalon.core.main.TestSuiteExecutor.accessTestSuiteMainPhase(TestSuiteExecutor.java:144)
	at com.kms.katalon.core.main.TestSuiteExecutor.execute(TestSuiteExecutor.java:106)
	at com.kms.katalon.core.main.TestCaseMain.startTestSuite(TestCaseMain.java:185)
	at com.kms.katalon.core.main.TestCaseMain$startTestSuite$0.call(Unknown Source)
	at TempTestSuite1655885093224.run(TempTestSuite1655885093224.groovy:36)
)
	at com.kms.katalon.core.keyword.internal.KeywordMain.stepFailed(KeywordMain.groovy:39)
	at com.kms.katalon.core.mobile.keyword.internal.MobileKeywordMain.stepFailed(MobileKeywordMain.groovy:40)
	at com.kms.katalon.core.mobile.keyword.internal.MobileKeywordMain.runKeyword(MobileKeywordMain.groovy:23)
	at com.kms.katalon.core.mobile.keyword.builtin.TapKeyword.tap(TapKeyword.groovy:84)
	at com.kms.katalon.core.mobile.keyword.builtin.TapKeyword.execute(TapKeyword.groovy:68)
	at com.kms.katalon.core.keyword.internal.KeywordExecutor.executeKeywordForPlatform(KeywordExecutor.groovy:74)
	at com.kms.katalon.core.mobile.keyword.MobileBuiltInKeywords.tap(MobileBuiltInKeywords.groovy:1490)
	at com.kms.katalon.core.mobile.keyword.MobileBuiltInKeywords$tap$4.call(Unknown Source)
	at duitNow_addFavoriteTransaction.run(duitNow_addFavoriteTransaction:56)
	at com.kms.katalon.core.main.ScriptEngine.run(ScriptEngine.java:194)
	at com.kms.katalon.core.main.ScriptEngine.runScriptAsRawText(ScriptEngine.java:119)
	at com.kms.katalon.core.main.TestCaseExecutor.runScript(TestCaseExecutor.java:445)
	at com.kms.katalon.core.main.TestCaseExecutor.doExecute(TestCaseExecutor.java:436)
	at com.kms.katalon.core.main.TestCaseExecutor.processExecutionPhase(TestCaseExecutor.java:415)
	at com.kms.katalon.core.main.TestCaseExecutor.accessMainPhase(TestCaseExecutor.java:407)
	at com.kms.katalon.core.main.TestCaseExecutor.execute(TestCaseExecutor.java:284)
	at com.kms.katalon.core.common.CommonExecutor.accessTestCaseMainPhase(CommonExecutor.java:65)
	at com.kms.katalon.core.main.TestSuiteExecutor.accessTestSuiteMainPhase(TestSuiteExecutor.java:144)
	at com.kms.katalon.core.main.TestSuiteExecutor.execute(TestSuiteExecutor.java:106)
	at com.kms.katalon.core.main.TestCaseMain.startTestSuite(TestCaseMain.java:185)
	at com.kms.katalon.core.main.TestCaseMain$startTestSuite$0.call(Unknown Source)
	at TempTestSuite1655885093224.run(TempTestSuite1655885093224.groovy:36)
Caused by: org.openqa.selenium.WebDriverException: An unknown server-side error occurred while processing the command. Original error: 'GET /window/current/size' cannot be proxied to UiAutomator2 server because the instrumentation process is not running (probably crashed). Check the server log and/or the logcat output for more details
Build info: version: '3.141.59', revision: 'e82be7d358', time: '2018-11-14T08:25:53'
System info: host: '00139272s-MacBook-Pro.local', ip: '2001:e68:6167:d901:5dd8:2a3:885f:7e34%en0', os.name: 'Mac OS X', os.arch: 'x86_64', os.version: '10.16', java.version: '1.8.0_275'
Driver info: com.kms.katalon.core.appium.driver.SwipeableAndroidDriver
Capabilities {app: /Users/a00139272/Katalon St..., appActivity: com.maybank2u.life.MainActi..., appPackage: com.maybank2u.life.sit, appWaitActivity: *, autoGrantPermissions: true, automationName: uiautomator2, chromedriverPort: 52878, databaseEnabled: false, desired: {app: /Users/a00139272/Katalon St..., appActivity: com.maybank2u.life.MainActi..., appPackage: com.maybank2u.life.sit, appWaitActivity: *, autoGrantPermissions: true, automationName: uiautomator2, chromedriverPort: 52878, deviceId: 002b9cc60508, deviceName: Xiaomi 21061119AG (Android 11), fullReset: false, newCommandTimeout: 1800, noReset: true, platform: ANDROID, platformName: android, platformVersion: 11, systemPort: 52876, udid: 002b9cc60508}, deviceApiLevel: 30, deviceId: 002b9cc60508, deviceManufacturer: Xiaomi, deviceModel: 21061119AG, deviceName: 002b9cc60508, deviceScreenDensity: 440, deviceScreenSize: 1080x2400, deviceUDID: 002b9cc60508, fullReset: false, javascriptEnabled: true, locationContextEnabled: false, networkConnectionEnabled: true, newCommandTimeout: 1800, noReset: true, pixelRatio: 2.75, platform: ANDROID, platformName: Android, platformVersion: 11, statBarHeight: 103, systemPort: 52876, takesScreenshot: true, udid: 002b9cc60508, viewportRect: {height: 2064, left: 0, top: 103, width: 1080}, warnings: {}, webStorageEnabled: false}
Session ID: 07e0a906-f567-4646-abfd-84c6cc800d18
	at org.openqa.selenium.remote.http.W3CHttpResponseCodec.createException(W3CHttpResponseCodec.java:187)
	at org.openqa.selenium.remote.http.W3CHttpResponseCodec.decode(W3CHttpResponseCodec.java:122)
	at org.openqa.selenium.remote.http.W3CHttpResponseCodec.decode(W3CHttpResponseCodec.java:49)
	at org.openqa.selenium.remote.HttpCommandExecutor.execute(HttpCommandExecutor.java:158)
	at io.appium.java_client.remote.AppiumCommandExecutor.execute(AppiumCommandExecutor.java:239)
	at org.openqa.selenium.remote.RemoteWebDriver.execute(RemoteWebDriver.java:552)
	at io.appium.java_client.DefaultGenericMobileDriver.execute(DefaultGenericMobileDriver.java:46)
	at io.appium.java_client.AppiumDriver.execute(AppiumDriver.java:1)
	at io.appium.java_client.android.AndroidDriver.execute(AndroidDriver.java:1)
	at com.kms.katalon.core.appium.driver.SwipeableAndroidDriver.execute(SwipeableAndroidDriver.java:1)
	at org.openqa.selenium.remote.RemoteWebDriver$RemoteWebDriverOptions$RemoteWindow.getSize(RemoteWebDriver.java:813)
	at org.openqa.selenium.WebDriver$Window$getSize.call(Unknown Source)
	at com.kms.katalon.core.mobile.keyword.internal.MobileAbstractKeyword.findElement(MobileAbstractKeyword.groovy:81)
	at com.kms.katalon.core.mobile.keyword.builtin.TapKeyword.access$1(TapKeyword.groovy)
	at com.kms.katalon.core.mobile.keyword.builtin.TapKeyword$_tap_closure1.doCall(TapKeyword.groovy:76)
	at com.kms.katalon.core.mobile.keyword.builtin.TapKeyword$_tap_closure1.call(TapKeyword.groovy)
	at com.kms.katalon.core.mobile.keyword.internal.MobileKeywordMain.runKeyword(MobileKeywordMain.groovy:21)
	... 19 more
"/>
         <system-out><![CDATA[2022-06-22 16:48:57 - [TEST_CASE][FAILED] - Test Cases/DuitNow/duitNow_addFavoriteTransaction: Test Cases/DuitNow/duitNow_addFavoriteTransaction FAILED.
Reason:
com.kms.katalon.core.exception.StepFailedException: Failed to tap on element 'Object Repository/Banking/m2uAccountTransferIconSelect' (Root cause: org.openqa.selenium.WebDriverException: An unknown server-side error occurred while processing the command. Original error: 'GET /window/current/size' cannot be proxied to UiAutomator2 server because the instrumentation process is not running (probably crashed). Check the server log and/or the logcat output for more details
Build info: version: '3.141.59', revision: 'e82be7d358', time: '2018-11-14T08:25:53'
System info: host: '00139272s-MacBook-Pro.local', ip: '2001:e68:6167:d901:5dd8:2a3:885f:7e34%en0', os.name: 'Mac OS X', os.arch: 'x86_64', os.version: '10.16', java.version: '1.8.0_275'
Driver info: com.kms.katalon.core.appium.driver.SwipeableAndroidDriver
Capabilities {app: /Users/a00139272/Katalon St..., appActivity: com.maybank2u.life.MainActi..., appPackage: com.maybank2u.life.sit, appWaitActivity: *, autoGrantPermissions: true, automationName: uiautomator2, chromedriverPort: 52878, databaseEnabled: false, desired: {app: /Users/a00139272/Katalon St..., appActivity: com.maybank2u.life.MainActi..., appPackage: com.maybank2u.life.sit, appWaitActivity: *, autoGrantPermissions: true, automationName: uiautomator2, chromedriverPort: 52878, deviceId: 002b9cc60508, deviceName: Xiaomi 21061119AG (Android 11), fullReset: false, newCommandTimeout: 1800, noReset: true, platform: ANDROID, platformName: android, platformVersion: 11, systemPort: 52876, udid: 002b9cc60508}, deviceApiLevel: 30, deviceId: 002b9cc60508, deviceManufacturer: Xiaomi, deviceModel: 21061119AG, deviceName: 002b9cc60508, deviceScreenDensity: 440, deviceScreenSize: 1080x2400, deviceUDID: 002b9cc60508, fullReset: false, javascriptEnabled: true, locationContextEnabled: false, networkConnectionEnabled: true, newCommandTimeout: 1800, noReset: true, pixelRatio: 2.75, platform: ANDROID, platformName: Android, platformVersion: 11, statBarHeight: 103, systemPort: 52876, takesScreenshot: true, udid: 002b9cc60508, viewportRect: {height: 2064, left: 0, top: 103, width: 1080}, warnings: {}, webStorageEnabled: false}
Session ID: 07e0a906-f567-4646-abfd-84c6cc800d18
	at org.openqa.selenium.remote.http.W3CHttpResponseCodec.createException(W3CHttpResponseCodec.java:187)
	at org.openqa.selenium.remote.http.W3CHttpResponseCodec.decode(W3CHttpResponseCodec.java:122)
	at org.openqa.selenium.remote.http.W3CHttpResponseCodec.decode(W3CHttpResponseCodec.java:49)
	at org.openqa.selenium.remote.HttpCommandExecutor.execute(HttpCommandExecutor.java:158)
	at io.appium.java_client.remote.AppiumCommandExecutor.execute(AppiumCommandExecutor.java:239)
	at org.openqa.selenium.remote.RemoteWebDriver.execute(RemoteWebDriver.java:552)
	at io.appium.java_client.DefaultGenericMobileDriver.execute(DefaultGenericMobileDriver.java:46)
	at io.appium.java_client.AppiumDriver.execute(AppiumDriver.java:1)
	at io.appium.java_client.android.AndroidDriver.execute(AndroidDriver.java:1)
	at com.kms.katalon.core.appium.driver.SwipeableAndroidDriver.execute(SwipeableAndroidDriver.java:1)
	at org.openqa.selenium.remote.RemoteWebDriver$RemoteWebDriverOptions$RemoteWindow.getSize(RemoteWebDriver.java:813)
	at org.openqa.selenium.WebDriver$Window$getSize.call(Unknown Source)
	at com.kms.katalon.core.mobile.keyword.internal.MobileAbstractKeyword.findElement(MobileAbstractKeyword.groovy:81)
	at com.kms.katalon.core.mobile.keyword.builtin.TapKeyword.access$1(TapKeyword.groovy)
	at com.kms.katalon.core.mobile.keyword.builtin.TapKeyword$_tap_closure1.doCall(TapKeyword.groovy:76)
	at com.kms.katalon.core.mobile.keyword.builtin.TapKeyword$_tap_closure1.call(TapKeyword.groovy)
	at com.kms.katalon.core.mobile.keyword.internal.MobileKeywordMain.runKeyword(MobileKeywordMain.groovy:21)
	at com.kms.katalon.core.mobile.keyword.builtin.TapKeyword.tap(TapKeyword.groovy:84)
	at com.kms.katalon.core.mobile.keyword.builtin.TapKeyword.execute(TapKeyword.groovy:68)
	at com.kms.katalon.core.keyword.internal.KeywordExecutor.executeKeywordForPlatform(KeywordExecutor.groovy:74)
	at com.kms.katalon.core.mobile.keyword.MobileBuiltInKeywords.tap(MobileBuiltInKeywords.groovy:1490)
	at com.kms.katalon.core.mobile.keyword.MobileBuiltInKeywords$tap$4.call(Unknown Source)
	at duitNow_addFavoriteTransaction.run(duitNow_addFavoriteTransaction:56)
	at com.kms.katalon.core.main.ScriptEngine.run(ScriptEngine.java:194)
	at com.kms.katalon.core.main.ScriptEngine.runScriptAsRawText(ScriptEngine.java:119)
	at com.kms.katalon.core.main.TestCaseExecutor.runScript(TestCaseExecutor.java:445)
	at com.kms.katalon.core.main.TestCaseExecutor.doExecute(TestCaseExecutor.java:436)
	at com.kms.katalon.core.main.TestCaseExecutor.processExecutionPhase(TestCaseExecutor.java:415)
	at com.kms.katalon.core.main.TestCaseExecutor.accessMainPhase(TestCaseExecutor.java:407)
	at com.kms.katalon.core.main.TestCaseExecutor.execute(TestCaseExecutor.java:284)
	at com.kms.katalon.core.common.CommonExecutor.accessTestCaseMainPhase(CommonExecutor.java:65)
	at com.kms.katalon.core.main.TestSuiteExecutor.accessTestSuiteMainPhase(TestSuiteExecutor.java:144)
	at com.kms.katalon.core.main.TestSuiteExecutor.execute(TestSuiteExecutor.java:106)
	at com.kms.katalon.core.main.TestCaseMain.startTestSuite(TestCaseMain.java:185)
	at com.kms.katalon.core.main.TestCaseMain$startTestSuite$0.call(Unknown Source)
	at TempTestSuite1655885093224.run(TempTestSuite1655885093224.groovy:36)
)
	at com.kms.katalon.core.keyword.internal.KeywordMain.stepFailed(KeywordMain.groovy:39)
	at com.kms.katalon.core.mobile.keyword.internal.MobileKeywordMain.stepFailed(MobileKeywordMain.groovy:40)
	at com.kms.katalon.core.mobile.keyword.internal.MobileKeywordMain.runKeyword(MobileKeywordMain.groovy:23)
	at com.kms.katalon.core.mobile.keyword.builtin.TapKeyword.tap(TapKeyword.groovy:84)
	at com.kms.katalon.core.mobile.keyword.builtin.TapKeyword.execute(TapKeyword.groovy:68)
	at com.kms.katalon.core.keyword.internal.KeywordExecutor.executeKeywordForPlatform(KeywordExecutor.groovy:74)
	at com.kms.katalon.core.mobile.keyword.MobileBuiltInKeywords.tap(MobileBuiltInKeywords.groovy:1490)
	at com.kms.katalon.core.mobile.keyword.MobileBuiltInKeywords$tap$4.call(Unknown Source)
	at duitNow_addFavoriteTransaction.run(duitNow_addFavoriteTransaction:56)
	at com.kms.katalon.core.main.ScriptEngine.run(ScriptEngine.java:194)
	at com.kms.katalon.core.main.ScriptEngine.runScriptAsRawText(ScriptEngine.java:119)
	at com.kms.katalon.core.main.TestCaseExecutor.runScript(TestCaseExecutor.java:445)
	at com.kms.katalon.core.main.TestCaseExecutor.doExecute(TestCaseExecutor.java:436)
	at com.kms.katalon.core.main.TestCaseExecutor.processExecutionPhase(TestCaseExecutor.java:415)
	at com.kms.katalon.core.main.TestCaseExecutor.accessMainPhase(TestCaseExecutor.java:407)
	at com.kms.katalon.core.main.TestCaseExecutor.execute(TestCaseExecutor.java:284)
	at com.kms.katalon.core.common.CommonExecutor.accessTestCaseMainPhase(CommonExecutor.java:65)
	at com.kms.katalon.core.main.TestSuiteExecutor.accessTestSuiteMainPhase(TestSuiteExecutor.java:144)
	at com.kms.katalon.core.main.TestSuiteExecutor.execute(TestSuiteExecutor.java:106)
	at com.kms.katalon.core.main.TestCaseMain.startTestSuite(TestCaseMain.java:185)
	at com.kms.katalon.core.main.TestCaseMain$startTestSuite$0.call(Unknown Source)
	at TempTestSuite1655885093224.run(TempTestSuite1655885093224.groovy:36)
Caused by: org.openqa.selenium.WebDriverException: An unknown server-side error occurred while processing the command. Original error: 'GET /window/current/size' cannot be proxied to UiAutomator2 server because the instrumentation process is not running (probably crashed). Check the server log and/or the logcat output for more details
Build info: version: '3.141.59', revision: 'e82be7d358', time: '2018-11-14T08:25:53'
System info: host: '00139272s-MacBook-Pro.local', ip: '2001:e68:6167:d901:5dd8:2a3:885f:7e34%en0', os.name: 'Mac OS X', os.arch: 'x86_64', os.version: '10.16', java.version: '1.8.0_275'
Driver info: com.kms.katalon.core.appium.driver.SwipeableAndroidDriver
Capabilities {app: /Users/a00139272/Katalon St..., appActivity: com.maybank2u.life.MainActi..., appPackage: com.maybank2u.life.sit, appWaitActivity: *, autoGrantPermissions: true, automationName: uiautomator2, chromedriverPort: 52878, databaseEnabled: false, desired: {app: /Users/a00139272/Katalon St..., appActivity: com.maybank2u.life.MainActi..., appPackage: com.maybank2u.life.sit, appWaitActivity: *, autoGrantPermissions: true, automationName: uiautomator2, chromedriverPort: 52878, deviceId: 002b9cc60508, deviceName: Xiaomi 21061119AG (Android 11), fullReset: false, newCommandTimeout: 1800, noReset: true, platform: ANDROID, platformName: android, platformVersion: 11, systemPort: 52876, udid: 002b9cc60508}, deviceApiLevel: 30, deviceId: 002b9cc60508, deviceManufacturer: Xiaomi, deviceModel: 21061119AG, deviceName: 002b9cc60508, deviceScreenDensity: 440, deviceScreenSize: 1080x2400, deviceUDID: 002b9cc60508, fullReset: false, javascriptEnabled: true, locationContextEnabled: false, networkConnectionEnabled: true, newCommandTimeout: 1800, noReset: true, pixelRatio: 2.75, platform: ANDROID, platformName: Android, platformVersion: 11, statBarHeight: 103, systemPort: 52876, takesScreenshot: true, udid: 002b9cc60508, viewportRect: {height: 2064, left: 0, top: 103, width: 1080}, warnings: {}, webStorageEnabled: false}
Session ID: 07e0a906-f567-4646-abfd-84c6cc800d18
	at org.openqa.selenium.remote.http.W3CHttpResponseCodec.createException(W3CHttpResponseCodec.java:187)
	at org.openqa.selenium.remote.http.W3CHttpResponseCodec.decode(W3CHttpResponseCodec.java:122)
	at org.openqa.selenium.remote.http.W3CHttpResponseCodec.decode(W3CHttpResponseCodec.java:49)
	at org.openqa.selenium.remote.HttpCommandExecutor.execute(HttpCommandExecutor.java:158)
	at io.appium.java_client.remote.AppiumCommandExecutor.execute(AppiumCommandExecutor.java:239)
	at org.openqa.selenium.remote.RemoteWebDriver.execute(RemoteWebDriver.java:552)
	at io.appium.java_client.DefaultGenericMobileDriver.execute(DefaultGenericMobileDriver.java:46)
	at io.appium.java_client.AppiumDriver.execute(AppiumDriver.java:1)
	at io.appium.java_client.android.AndroidDriver.execute(AndroidDriver.java:1)
	at com.kms.katalon.core.appium.driver.SwipeableAndroidDriver.execute(SwipeableAndroidDriver.java:1)
	at org.openqa.selenium.remote.RemoteWebDriver$RemoteWebDriverOptions$RemoteWindow.getSize(RemoteWebDriver.java:813)
	at org.openqa.selenium.WebDriver$Window$getSize.call(Unknown Source)
	at com.kms.katalon.core.mobile.keyword.internal.MobileAbstractKeyword.findElement(MobileAbstractKeyword.groovy:81)
	at com.kms.katalon.core.mobile.keyword.builtin.TapKeyword.access$1(TapKeyword.groovy)
	at com.kms.katalon.core.mobile.keyword.builtin.TapKeyword$_tap_closure1.doCall(TapKeyword.groovy:76)
	at com.kms.katalon.core.mobile.keyword.builtin.TapKeyword$_tap_closure1.call(TapKeyword.groovy)
	at com.kms.katalon.core.mobile.keyword.internal.MobileKeywordMain.runKeyword(MobileKeywordMain.groovy:21)
	... 19 more


2022-06-22 16:48:57 - [TEST_STEP][PASSED] - delay(3): Delayed 3 second(s)

2022-06-22 16:49:00 - [MESSAGE][PASSED] - Delayed 3 second(s)

2022-06-22 16:49:00 - [TEST_STEP][FAILED] - tap(findTestObject("Banking/m2uAccountTransferIconSelect"), 0): Failed to tap on element 'Object Repository/Banking/m2uAccountTransferIconSelect' (Root cause: org.openqa.selenium.WebDriverException: An unknown server-side error occurred while processing the command. Original error: 'GET /window/current/size' cannot be proxied to UiAutomator2 server because the instrumentation process is not running (probably crashed). Check the server log and/or the logcat output for more details
Build info: version: '3.141.59', revision: 'e82be7d358', time: '2018-11-14T08:25:53'
System info: host: '00139272s-MacBook-Pro.local', ip: '2001:e68:6167:d901:5dd8:2a3:885f:7e34%en0', os.name: 'Mac OS X', os.arch: 'x86_64', os.version: '10.16', java.version: '1.8.0_275'
Driver info: com.kms.katalon.core.appium.driver.SwipeableAndroidDriver
Capabilities {app: /Users/a00139272/Katalon St..., appActivity: com.maybank2u.life.MainActi..., appPackage: com.maybank2u.life.sit, appWaitActivity: *, autoGrantPermissions: true, automationName: uiautomator2, chromedriverPort: 52878, databaseEnabled: false, desired: {app: /Users/a00139272/Katalon St..., appActivity: com.maybank2u.life.MainActi..., appPackage: com.maybank2u.life.sit, appWaitActivity: *, autoGrantPermissions: true, automationName: uiautomator2, chromedriverPort: 52878, deviceId: 002b9cc60508, deviceName: Xiaomi 21061119AG (Android 11), fullReset: false, newCommandTimeout: 1800, noReset: true, platform: ANDROID, platformName: android, platformVersion: 11, systemPort: 52876, udid: 002b9cc60508}, deviceApiLevel: 30, deviceId: 002b9cc60508, deviceManufacturer: Xiaomi, deviceModel: 21061119AG, deviceName: 002b9cc60508, deviceScreenDensity: 440, deviceScreenSize: 1080x2400, deviceUDID: 002b9cc60508, fullReset: false, javascriptEnabled: true, locationContextEnabled: false, networkConnectionEnabled: true, newCommandTimeout: 1800, noReset: true, pixelRatio: 2.75, platform: ANDROID, platformName: Android, platformVersion: 11, statBarHeight: 103, systemPort: 52876, takesScreenshot: true, udid: 002b9cc60508, viewportRect: {height: 2064, left: 0, top: 103, width: 1080}, warnings: {}, webStorageEnabled: false}
Session ID: 07e0a906-f567-4646-abfd-84c6cc800d18
	at org.openqa.selenium.remote.http.W3CHttpResponseCodec.createException(W3CHttpResponseCodec.java:187)
	at org.openqa.selenium.remote.http.W3CHttpResponseCodec.decode(W3CHttpResponseCodec.java:122)
	at org.openqa.selenium.remote.http.W3CHttpResponseCodec.decode(W3CHttpResponseCodec.java:49)
	at org.openqa.selenium.remote.HttpCommandExecutor.execute(HttpCommandExecutor.java:158)
	at io.appium.java_client.remote.AppiumCommandExecutor.execute(AppiumCommandExecutor.java:239)
	at org.openqa.selenium.remote.RemoteWebDriver.execute(RemoteWebDriver.java:552)
	at io.appium.java_client.DefaultGenericMobileDriver.execute(DefaultGenericMobileDriver.java:46)
	at io.appium.java_client.AppiumDriver.execute(AppiumDriver.java:1)
	at io.appium.java_client.android.AndroidDriver.execute(AndroidDriver.java:1)
	at com.kms.katalon.core.appium.driver.SwipeableAndroidDriver.execute(SwipeableAndroidDriver.java:1)
	at org.openqa.selenium.remote.RemoteWebDriver$RemoteWebDriverOptions$RemoteWindow.getSize(RemoteWebDriver.java:813)
	at org.openqa.selenium.WebDriver$Window$getSize.call(Unknown Source)
	at com.kms.katalon.core.mobile.keyword.internal.MobileAbstractKeyword.findElement(MobileAbstractKeyword.groovy:81)
	at com.kms.katalon.core.mobile.keyword.builtin.TapKeyword.access$1(TapKeyword.groovy)
	at com.kms.katalon.core.mobile.keyword.builtin.TapKeyword$_tap_closure1.doCall(TapKeyword.groovy:76)
	at com.kms.katalon.core.mobile.keyword.builtin.TapKeyword$_tap_closure1.call(TapKeyword.groovy)
	at com.kms.katalon.core.mobile.keyword.internal.MobileKeywordMain.runKeyword(MobileKeywordMain.groovy:21)
	at com.kms.katalon.core.mobile.keyword.builtin.TapKeyword.tap(TapKeyword.groovy:84)
	at com.kms.katalon.core.mobile.keyword.builtin.TapKeyword.execute(TapKeyword.groovy:68)
	at com.kms.katalon.core.keyword.internal.KeywordExecutor.executeKeywordForPlatform(KeywordExecutor.groovy:74)
	at com.kms.katalon.core.mobile.keyword.MobileBuiltInKeywords.tap(MobileBuiltInKeywords.groovy:1490)
	at com.kms.katalon.core.mobile.keyword.MobileBuiltInKeywords$tap$4.call(Unknown Source)
	at duitNow_addFavoriteTransaction.run(duitNow_addFavoriteTransaction:56)
	at com.kms.katalon.core.main.ScriptEngine.run(ScriptEngine.java:194)
	at com.kms.katalon.core.main.ScriptEngine.runScriptAsRawText(ScriptEngine.java:119)
	at com.kms.katalon.core.main.TestCaseExecutor.runScript(TestCaseExecutor.java:445)
	at com.kms.katalon.core.main.TestCaseExecutor.doExecute(TestCaseExecutor.java:436)
	at com.kms.katalon.core.main.TestCaseExecutor.processExecutionPhase(TestCaseExecutor.java:415)
	at com.kms.katalon.core.main.TestCaseExecutor.accessMainPhase(TestCaseExecutor.java:407)
	at com.kms.katalon.core.main.TestCaseExecutor.execute(TestCaseExecutor.java:284)
	at com.kms.katalon.core.common.CommonExecutor.accessTestCaseMainPhase(CommonExecutor.java:65)
	at com.kms.katalon.core.main.TestSuiteExecutor.accessTestSuiteMainPhase(TestSuiteExecutor.java:144)
	at com.kms.katalon.core.main.TestSuiteExecutor.execute(TestSuiteExecutor.java:106)
	at com.kms.katalon.core.main.TestCaseMain.startTestSuite(TestCaseMain.java:185)
	at com.kms.katalon.core.main.TestCaseMain$startTestSuite$0.call(Unknown Source)
	at TempTestSuite1655885093224.run(TempTestSuite1655885093224.groovy:36)
)

2022-06-22 16:49:00 - [MESSAGE][WARNING] - Timeout '0' is invalid. Using default page load timeout: '40'

2022-06-22 16:49:00 - [MESSAGE][FAILED] - Failed to tap on element 'Object Repository/Banking/m2uAccountTransferIconSelect' (Root cause: org.openqa.selenium.WebDriverException: An unknown server-side error occurred while processing the command. Original error: 'GET /window/current/size' cannot be proxied to UiAutomator2 server because the instrumentation process is not running (probably crashed). Check the server log and/or the logcat output for more details
Build info: version: '3.141.59', revision: 'e82be7d358', time: '2018-11-14T08:25:53'
System info: host: '00139272s-MacBook-Pro.local', ip: '2001:e68:6167:d901:5dd8:2a3:885f:7e34%en0', os.name: 'Mac OS X', os.arch: 'x86_64', os.version: '10.16', java.version: '1.8.0_275'
Driver info: com.kms.katalon.core.appium.driver.SwipeableAndroidDriver
Capabilities {app: /Users/a00139272/Katalon St..., appActivity: com.maybank2u.life.MainActi..., appPackage: com.maybank2u.life.sit, appWaitActivity: *, autoGrantPermissions: true, automationName: uiautomator2, chromedriverPort: 52878, databaseEnabled: false, desired: {app: /Users/a00139272/Katalon St..., appActivity: com.maybank2u.life.MainActi..., appPackage: com.maybank2u.life.sit, appWaitActivity: *, autoGrantPermissions: true, automationName: uiautomator2, chromedriverPort: 52878, deviceId: 002b9cc60508, deviceName: Xiaomi 21061119AG (Android 11), fullReset: false, newCommandTimeout: 1800, noReset: true, platform: ANDROID, platformName: android, platformVersion: 11, systemPort: 52876, udid: 002b9cc60508}, deviceApiLevel: 30, deviceId: 002b9cc60508, deviceManufacturer: Xiaomi, deviceModel: 21061119AG, deviceName: 002b9cc60508, deviceScreenDensity: 440, deviceScreenSize: 1080x2400, deviceUDID: 002b9cc60508, fullReset: false, javascriptEnabled: true, locationContextEnabled: false, networkConnectionEnabled: true, newCommandTimeout: 1800, noReset: true, pixelRatio: 2.75, platform: ANDROID, platformName: Android, platformVersion: 11, statBarHeight: 103, systemPort: 52876, takesScreenshot: true, udid: 002b9cc60508, viewportRect: {height: 2064, left: 0, top: 103, width: 1080}, warnings: {}, webStorageEnabled: false}
Session ID: 07e0a906-f567-4646-abfd-84c6cc800d18
	at org.openqa.selenium.remote.http.W3CHttpResponseCodec.createException(W3CHttpResponseCodec.java:187)
	at org.openqa.selenium.remote.http.W3CHttpResponseCodec.decode(W3CHttpResponseCodec.java:122)
	at org.openqa.selenium.remote.http.W3CHttpResponseCodec.decode(W3CHttpResponseCodec.java:49)
	at org.openqa.selenium.remote.HttpCommandExecutor.execute(HttpCommandExecutor.java:158)
	at io.appium.java_client.remote.AppiumCommandExecutor.execute(AppiumCommandExecutor.java:239)
	at org.openqa.selenium.remote.RemoteWebDriver.execute(RemoteWebDriver.java:552)
	at io.appium.java_client.DefaultGenericMobileDriver.execute(DefaultGenericMobileDriver.java:46)
	at io.appium.java_client.AppiumDriver.execute(AppiumDriver.java:1)
	at io.appium.java_client.android.AndroidDriver.execute(AndroidDriver.java:1)
	at com.kms.katalon.core.appium.driver.SwipeableAndroidDriver.execute(SwipeableAndroidDriver.java:1)
	at org.openqa.selenium.remote.RemoteWebDriver$RemoteWebDriverOptions$RemoteWindow.getSize(RemoteWebDriver.java:813)
	at org.openqa.selenium.WebDriver$Window$getSize.call(Unknown Source)
	at com.kms.katalon.core.mobile.keyword.internal.MobileAbstractKeyword.findElement(MobileAbstractKeyword.groovy:81)
	at com.kms.katalon.core.mobile.keyword.builtin.TapKeyword.access$1(TapKeyword.groovy)
	at com.kms.katalon.core.mobile.keyword.builtin.TapKeyword$_tap_closure1.doCall(TapKeyword.groovy:76)
	at com.kms.katalon.core.mobile.keyword.builtin.TapKeyword$_tap_closure1.call(TapKeyword.groovy)
	at com.kms.katalon.core.mobile.keyword.internal.MobileKeywordMain.runKeyword(MobileKeywordMain.groovy:21)
	at com.kms.katalon.core.mobile.keyword.builtin.TapKeyword.tap(TapKeyword.groovy:84)
	at com.kms.katalon.core.mobile.keyword.builtin.TapKeyword.execute(TapKeyword.groovy:68)
	at com.kms.katalon.core.keyword.internal.KeywordExecutor.executeKeywordForPlatform(KeywordExecutor.groovy:74)
	at com.kms.katalon.core.mobile.keyword.MobileBuiltInKeywords.tap(MobileBuiltInKeywords.groovy:1490)
	at com.kms.katalon.core.mobile.keyword.MobileBuiltInKeywords$tap$4.call(Unknown Source)
	at duitNow_addFavoriteTransaction.run(duitNow_addFavoriteTransaction:56)
	at com.kms.katalon.core.main.ScriptEngine.run(ScriptEngine.java:194)
	at com.kms.katalon.core.main.ScriptEngine.runScriptAsRawText(ScriptEngine.java:119)
	at com.kms.katalon.core.main.TestCaseExecutor.runScript(TestCaseExecutor.java:445)
	at com.kms.katalon.core.main.TestCaseExecutor.doExecute(TestCaseExecutor.java:436)
	at com.kms.katalon.core.main.TestCaseExecutor.processExecutionPhase(TestCaseExecutor.java:415)
	at com.kms.katalon.core.main.TestCaseExecutor.accessMainPhase(TestCaseExecutor.java:407)
	at com.kms.katalon.core.main.TestCaseExecutor.execute(TestCaseExecutor.java:284)
	at com.kms.katalon.core.common.CommonExecutor.accessTestCaseMainPhase(CommonExecutor.java:65)
	at com.kms.katalon.core.main.TestSuiteExecutor.accessTestSuiteMainPhase(TestSuiteExecutor.java:144)
	at com.kms.katalon.core.main.TestSuiteExecutor.execute(TestSuiteExecutor.java:106)
	at com.kms.katalon.core.main.TestCaseMain.startTestSuite(TestCaseMain.java:185)
	at com.kms.katalon.core.main.TestCaseMain$startTestSuite$0.call(Unknown Source)
	at TempTestSuite1655885093224.run(TempTestSuite1655885093224.groovy:36)
)

2022-06-22 16:49:00 - [TEST_STEP][FAILED] - tap(findTestObject("Banking/transferDuitNowTopMenuSelect"), 10): Failed to tap on element 'Object Repository/Banking/transferDuitNowTopMenuSelect' (Root cause: org.openqa.selenium.WebDriverException: An unknown server-side error occurred while processing the command. Original error: 'GET /window/current/size' cannot be proxied to UiAutomator2 server because the instrumentation process is not running (probably crashed). Check the server log and/or the logcat output for more details
Build info: version: '3.141.59', revision: 'e82be7d358', time: '2018-11-14T08:25:53'
System info: host: '00139272s-MacBook-Pro.local', ip: '2001:e68:6167:d901:5dd8:2a3:885f:7e34%en0', os.name: 'Mac OS X', os.arch: 'x86_64', os.version: '10.16', java.version: '1.8.0_275'
Driver info: com.kms.katalon.core.appium.driver.SwipeableAndroidDriver
Capabilities {app: /Users/a00139272/Katalon St..., appActivity: com.maybank2u.life.MainActi..., appPackage: com.maybank2u.life.sit, appWaitActivity: *, autoGrantPermissions: true, automationName: uiautomator2, chromedriverPort: 52878, databaseEnabled: false, desired: {app: /Users/a00139272/Katalon St..., appActivity: com.maybank2u.life.MainActi..., appPackage: com.maybank2u.life.sit, appWaitActivity: *, autoGrantPermissions: true, automationName: uiautomator2, chromedriverPort: 52878, deviceId: 002b9cc60508, deviceName: Xiaomi 21061119AG (Android 11), fullReset: false, newCommandTimeout: 1800, noReset: true, platform: ANDROID, platformName: android, platformVersion: 11, systemPort: 52876, udid: 002b9cc60508}, deviceApiLevel: 30, deviceId: 002b9cc60508, deviceManufacturer: Xiaomi, deviceModel: 21061119AG, deviceName: 002b9cc60508, deviceScreenDensity: 440, deviceScreenSize: 1080x2400, deviceUDID: 002b9cc60508, fullReset: false, javascriptEnabled: true, locationContextEnabled: false, networkConnectionEnabled: true, newCommandTimeout: 1800, noReset: true, pixelRatio: 2.75, platform: ANDROID, platformName: Android, platformVersion: 11, statBarHeight: 103, systemPort: 52876, takesScreenshot: true, udid: 002b9cc60508, viewportRect: {height: 2064, left: 0, top: 103, width: 1080}, warnings: {}, webStorageEnabled: false}
Session ID: 07e0a906-f567-4646-abfd-84c6cc800d18
	at org.openqa.selenium.remote.http.W3CHttpResponseCodec.createException(W3CHttpResponseCodec.java:187)
	at org.openqa.selenium.remote.http.W3CHttpResponseCodec.decode(W3CHttpResponseCodec.java:122)
	at org.openqa.selenium.remote.http.W3CHttpResponseCodec.decode(W3CHttpResponseCodec.java:49)
	at org.openqa.selenium.remote.HttpCommandExecutor.execute(HttpCommandExecutor.java:158)
	at io.appium.java_client.remote.AppiumCommandExecutor.execute(AppiumCommandExecutor.java:239)
	at org.openqa.selenium.remote.RemoteWebDriver.execute(RemoteWebDriver.java:552)
	at io.appium.java_client.DefaultGenericMobileDriver.execute(DefaultGenericMobileDriver.java:46)
	at io.appium.java_client.AppiumDriver.execute(AppiumDriver.java:1)
	at io.appium.java_client.android.AndroidDriver.execute(AndroidDriver.java:1)
	at com.kms.katalon.core.appium.driver.SwipeableAndroidDriver.execute(SwipeableAndroidDriver.java:1)
	at org.openqa.selenium.remote.RemoteWebDriver$RemoteWebDriverOptions$RemoteWindow.getSize(RemoteWebDriver.java:813)
	at org.openqa.selenium.WebDriver$Window$getSize.call(Unknown Source)
	at com.kms.katalon.core.mobile.keyword.internal.MobileAbstractKeyword.findElement(MobileAbstractKeyword.groovy:81)
	at com.kms.katalon.core.mobile.keyword.builtin.TapKeyword.access$1(TapKeyword.groovy)
	at com.kms.katalon.core.mobile.keyword.builtin.TapKeyword$_tap_closure1.doCall(TapKeyword.groovy:76)
	at com.kms.katalon.core.mobile.keyword.builtin.TapKeyword$_tap_closure1.call(TapKeyword.groovy)
	at com.kms.katalon.core.mobile.keyword.internal.MobileKeywordMain.runKeyword(MobileKeywordMain.groovy:21)
	at com.kms.katalon.core.mobile.keyword.builtin.TapKeyword.tap(TapKeyword.groovy:84)
	at com.kms.katalon.core.mobile.keyword.builtin.TapKeyword.execute(TapKeyword.groovy:68)
	at com.kms.katalon.core.keyword.internal.KeywordExecutor.executeKeywordForPlatform(KeywordExecutor.groovy:74)
	at com.kms.katalon.core.mobile.keyword.MobileBuiltInKeywords.tap(MobileBuiltInKeywords.groovy:1490)
	at com.kms.katalon.core.mobile.keyword.MobileBuiltInKeywords$tap$4.call(Unknown Source)
	at duitNow_addFavoriteTransaction.run(duitNow_addFavoriteTransaction:66)
	at com.kms.katalon.core.main.ScriptEngine.run(ScriptEngine.java:194)
	at com.kms.katalon.core.main.ScriptEngine.runScriptAsRawText(ScriptEngine.java:119)
	at com.kms.katalon.core.main.TestCaseExecutor.runScript(TestCaseExecutor.java:445)
	at com.kms.katalon.core.main.TestCaseExecutor.doExecute(TestCaseExecutor.java:436)
	at com.kms.katalon.core.main.TestCaseExecutor.processExecutionPhase(TestCaseExecutor.java:415)
	at com.kms.katalon.core.main.TestCaseExecutor.accessMainPhase(TestCaseExecutor.java:407)
	at com.kms.katalon.core.main.TestCaseExecutor.execute(TestCaseExecutor.java:284)
	at com.kms.katalon.core.common.CommonExecutor.accessTestCaseMainPhase(CommonExecutor.java:65)
	at com.kms.katalon.core.main.TestSuiteExecutor.accessTestSuiteMainPhase(TestSuiteExecutor.java:144)
	at com.kms.katalon.core.main.TestSuiteExecutor.execute(TestSuiteExecutor.java:106)
	at com.kms.katalon.core.main.TestCaseMain.startTestSuite(TestCaseMain.java:185)
	at com.kms.katalon.core.main.TestCaseMain$startTestSuite$0.call(Unknown Source)
	at TempTestSuite1655885093224.run(TempTestSuite1655885093224.groovy:36)
)

2022-06-22 16:49:00 - [MESSAGE][FAILED] - Failed to tap on element 'Object Repository/Banking/transferDuitNowTopMenuSelect' (Root cause: org.openqa.selenium.WebDriverException: An unknown server-side error occurred while processing the command. Original error: 'GET /window/current/size' cannot be proxied to UiAutomator2 server because the instrumentation process is not running (probably crashed). Check the server log and/or the logcat output for more details
Build info: version: '3.141.59', revision: 'e82be7d358', time: '2018-11-14T08:25:53'
System info: host: '00139272s-MacBook-Pro.local', ip: '2001:e68:6167:d901:5dd8:2a3:885f:7e34%en0', os.name: 'Mac OS X', os.arch: 'x86_64', os.version: '10.16', java.version: '1.8.0_275'
Driver info: com.kms.katalon.core.appium.driver.SwipeableAndroidDriver
Capabilities {app: /Users/a00139272/Katalon St..., appActivity: com.maybank2u.life.MainActi..., appPackage: com.maybank2u.life.sit, appWaitActivity: *, autoGrantPermissions: true, automationName: uiautomator2, chromedriverPort: 52878, databaseEnabled: false, desired: {app: /Users/a00139272/Katalon St..., appActivity: com.maybank2u.life.MainActi..., appPackage: com.maybank2u.life.sit, appWaitActivity: *, autoGrantPermissions: true, automationName: uiautomator2, chromedriverPort: 52878, deviceId: 002b9cc60508, deviceName: Xiaomi 21061119AG (Android 11), fullReset: false, newCommandTimeout: 1800, noReset: true, platform: ANDROID, platformName: android, platformVersion: 11, systemPort: 52876, udid: 002b9cc60508}, deviceApiLevel: 30, deviceId: 002b9cc60508, deviceManufacturer: Xiaomi, deviceModel: 21061119AG, deviceName: 002b9cc60508, deviceScreenDensity: 440, deviceScreenSize: 1080x2400, deviceUDID: 002b9cc60508, fullReset: false, javascriptEnabled: true, locationContextEnabled: false, networkConnectionEnabled: true, newCommandTimeout: 1800, noReset: true, pixelRatio: 2.75, platform: ANDROID, platformName: Android, platformVersion: 11, statBarHeight: 103, systemPort: 52876, takesScreenshot: true, udid: 002b9cc60508, viewportRect: {height: 2064, left: 0, top: 103, width: 1080}, warnings: {}, webStorageEnabled: false}
Session ID: 07e0a906-f567-4646-abfd-84c6cc800d18
	at org.openqa.selenium.remote.http.W3CHttpResponseCodec.createException(W3CHttpResponseCodec.java:187)
	at org.openqa.selenium.remote.http.W3CHttpResponseCodec.decode(W3CHttpResponseCodec.java:122)
	at org.openqa.selenium.remote.http.W3CHttpResponseCodec.decode(W3CHttpResponseCodec.java:49)
	at org.openqa.selenium.remote.HttpCommandExecutor.execute(HttpCommandExecutor.java:158)
	at io.appium.java_client.remote.AppiumCommandExecutor.execute(AppiumCommandExecutor.java:239)
	at org.openqa.selenium.remote.RemoteWebDriver.execute(RemoteWebDriver.java:552)
	at io.appium.java_client.DefaultGenericMobileDriver.execute(DefaultGenericMobileDriver.java:46)
	at io.appium.java_client.AppiumDriver.execute(AppiumDriver.java:1)
	at io.appium.java_client.android.AndroidDriver.execute(AndroidDriver.java:1)
	at com.kms.katalon.core.appium.driver.SwipeableAndroidDriver.execute(SwipeableAndroidDriver.java:1)
	at org.openqa.selenium.remote.RemoteWebDriver$RemoteWebDriverOptions$RemoteWindow.getSize(RemoteWebDriver.java:813)
	at org.openqa.selenium.WebDriver$Window$getSize.call(Unknown Source)
	at com.kms.katalon.core.mobile.keyword.internal.MobileAbstractKeyword.findElement(MobileAbstractKeyword.groovy:81)
	at com.kms.katalon.core.mobile.keyword.builtin.TapKeyword.access$1(TapKeyword.groovy)
	at com.kms.katalon.core.mobile.keyword.builtin.TapKeyword$_tap_closure1.doCall(TapKeyword.groovy:76)
	at com.kms.katalon.core.mobile.keyword.builtin.TapKeyword$_tap_closure1.call(TapKeyword.groovy)
	at com.kms.katalon.core.mobile.keyword.internal.MobileKeywordMain.runKeyword(MobileKeywordMain.groovy:21)
	at com.kms.katalon.core.mobile.keyword.builtin.TapKeyword.tap(TapKeyword.groovy:84)
	at com.kms.katalon.core.mobile.keyword.builtin.TapKeyword.execute(TapKeyword.groovy:68)
	at com.kms.katalon.core.keyword.internal.KeywordExecutor.executeKeywordForPlatform(KeywordExecutor.groovy:74)
	at com.kms.katalon.core.mobile.keyword.MobileBuiltInKeywords.tap(MobileBuiltInKeywords.groovy:1490)
	at com.kms.katalon.core.mobile.keyword.MobileBuiltInKeywords$tap$4.call(Unknown Source)
	at duitNow_addFavoriteTransaction.run(duitNow_addFavoriteTransaction:66)
	at com.kms.katalon.core.main.ScriptEngine.run(ScriptEngine.java:194)
	at com.kms.katalon.core.main.ScriptEngine.runScriptAsRawText(ScriptEngine.java:119)
	at com.kms.katalon.core.main.TestCaseExecutor.runScript(TestCaseExecutor.java:445)
	at com.kms.katalon.core.main.TestCaseExecutor.doExecute(TestCaseExecutor.java:436)
	at com.kms.katalon.core.main.TestCaseExecutor.processExecutionPhase(TestCaseExecutor.java:415)
	at com.kms.katalon.core.main.TestCaseExecutor.accessMainPhase(TestCaseExecutor.java:407)
	at com.kms.katalon.core.main.TestCaseExecutor.execute(TestCaseExecutor.java:284)
	at com.kms.katalon.core.common.CommonExecutor.accessTestCaseMainPhase(CommonExecutor.java:65)
	at com.kms.katalon.core.main.TestSuiteExecutor.accessTestSuiteMainPhase(TestSuiteExecutor.java:144)
	at com.kms.katalon.core.main.TestSuiteExecutor.execute(TestSuiteExecutor.java:106)
	at com.kms.katalon.core.main.TestCaseMain.startTestSuite(TestCaseMain.java:185)
	at com.kms.katalon.core.main.TestCaseMain$startTestSuite$0.call(Unknown Source)
	at TempTestSuite1655885093224.run(TempTestSuite1655885093224.groovy:36)
)

2022-06-22 16:49:00 - [TEST_STEP][FAILED] - tap(findTestObject("Banking/duitNowOtherIconSelect"), 10): Failed to tap on element 'Object Repository/Banking/duitNowOtherIconSelect' (Root cause: org.openqa.selenium.WebDriverException: An unknown server-side error occurred while processing the command. Original error: 'GET /window/current/size' cannot be proxied to UiAutomator2 server because the instrumentation process is not running (probably crashed). Check the server log and/or the logcat output for more details
Build info: version: '3.141.59', revision: 'e82be7d358', time: '2018-11-14T08:25:53'
System info: host: '00139272s-MacBook-Pro.local', ip: '2001:e68:6167:d901:5dd8:2a3:885f:7e34%en0', os.name: 'Mac OS X', os.arch: 'x86_64', os.version: '10.16', java.version: '1.8.0_275'
Driver info: com.kms.katalon.core.appium.driver.SwipeableAndroidDriver
Capabilities {app: /Users/a00139272/Katalon St..., appActivity: com.maybank2u.life.MainActi..., appPackage: com.maybank2u.life.sit, appWaitActivity: *, autoGrantPermissions: true, automationName: uiautomator2, chromedriverPort: 52878, databaseEnabled: false, desired: {app: /Users/a00139272/Katalon St..., appActivity: com.maybank2u.life.MainActi..., appPackage: com.maybank2u.life.sit, appWaitActivity: *, autoGrantPermissions: true, automationName: uiautomator2, chromedriverPort: 52878, deviceId: 002b9cc60508, deviceName: Xiaomi 21061119AG (Android 11), fullReset: false, newCommandTimeout: 1800, noReset: true, platform: ANDROID, platformName: android, platformVersion: 11, systemPort: 52876, udid: 002b9cc60508}, deviceApiLevel: 30, deviceId: 002b9cc60508, deviceManufacturer: Xiaomi, deviceModel: 21061119AG, deviceName: 002b9cc60508, deviceScreenDensity: 440, deviceScreenSize: 1080x2400, deviceUDID: 002b9cc60508, fullReset: false, javascriptEnabled: true, locationContextEnabled: false, networkConnectionEnabled: true, newCommandTimeout: 1800, noReset: true, pixelRatio: 2.75, platform: ANDROID, platformName: Android, platformVersion: 11, statBarHeight: 103, systemPort: 52876, takesScreenshot: true, udid: 002b9cc60508, viewportRect: {height: 2064, left: 0, top: 103, width: 1080}, warnings: {}, webStorageEnabled: false}
Session ID: 07e0a906-f567-4646-abfd-84c6cc800d18
	at org.openqa.selenium.remote.http.W3CHttpResponseCodec.createException(W3CHttpResponseCodec.java:187)
	at org.openqa.selenium.remote.http.W3CHttpResponseCodec.decode(W3CHttpResponseCodec.java:122)
	at org.openqa.selenium.remote.http.W3CHttpResponseCodec.decode(W3CHttpResponseCodec.java:49)
	at org.openqa.selenium.remote.HttpCommandExecutor.execute(HttpCommandExecutor.java:158)
	at io.appium.java_client.remote.AppiumCommandExecutor.execute(AppiumCommandExecutor.java:239)
	at org.openqa.selenium.remote.RemoteWebDriver.execute(RemoteWebDriver.java:552)
	at io.appium.java_client.DefaultGenericMobileDriver.execute(DefaultGenericMobileDriver.java:46)
	at io.appium.java_client.AppiumDriver.execute(AppiumDriver.java:1)
	at io.appium.java_client.android.AndroidDriver.execute(AndroidDriver.java:1)
	at com.kms.katalon.core.appium.driver.SwipeableAndroidDriver.execute(SwipeableAndroidDriver.java:1)
	at org.openqa.selenium.remote.RemoteWebDriver$RemoteWebDriverOptions$RemoteWindow.getSize(RemoteWebDriver.java:813)
	at org.openqa.selenium.WebDriver$Window$getSize.call(Unknown Source)
	at com.kms.katalon.core.mobile.keyword.internal.MobileAbstractKeyword.findElement(MobileAbstractKeyword.groovy:81)
	at com.kms.katalon.core.mobile.keyword.builtin.TapKeyword.access$1(TapKeyword.groovy)
	at com.kms.katalon.core.mobile.keyword.builtin.TapKeyword$_tap_closure1.doCall(TapKeyword.groovy:76)
	at com.kms.katalon.core.mobile.keyword.builtin.TapKeyword$_tap_closure1.call(TapKeyword.groovy)
	at com.kms.katalon.core.mobile.keyword.internal.MobileKeywordMain.runKeyword(MobileKeywordMain.groovy:21)
	at com.kms.katalon.core.mobile.keyword.builtin.TapKeyword.tap(TapKeyword.groovy:84)
	at com.kms.katalon.core.mobile.keyword.builtin.TapKeyword.execute(TapKeyword.groovy:68)
	at com.kms.katalon.core.keyword.internal.KeywordExecutor.executeKeywordForPlatform(KeywordExecutor.groovy:74)
	at com.kms.katalon.core.mobile.keyword.MobileBuiltInKeywords.tap(MobileBuiltInKeywords.groovy:1490)
	at com.kms.katalon.core.mobile.keyword.MobileBuiltInKeywords$tap$4.call(Unknown Source)
	at duitNow_addFavoriteTransaction.run(duitNow_addFavoriteTransaction:68)
	at com.kms.katalon.core.main.ScriptEngine.run(ScriptEngine.java:194)
	at com.kms.katalon.core.main.ScriptEngine.runScriptAsRawText(ScriptEngine.java:119)
	at com.kms.katalon.core.main.TestCaseExecutor.runScript(TestCaseExecutor.java:445)
	at com.kms.katalon.core.main.TestCaseExecutor.doExecute(TestCaseExecutor.java:436)
	at com.kms.katalon.core.main.TestCaseExecutor.processExecutionPhase(TestCaseExecutor.java:415)
	at com.kms.katalon.core.main.TestCaseExecutor.accessMainPhase(TestCaseExecutor.java:407)
	at com.kms.katalon.core.main.TestCaseExecutor.execute(TestCaseExecutor.java:284)
	at com.kms.katalon.core.common.CommonExecutor.accessTestCaseMainPhase(CommonExecutor.java:65)
	at com.kms.katalon.core.main.TestSuiteExecutor.accessTestSuiteMainPhase(TestSuiteExecutor.java:144)
	at com.kms.katalon.core.main.TestSuiteExecutor.execute(TestSuiteExecutor.java:106)
	at com.kms.katalon.core.main.TestCaseMain.startTestSuite(TestCaseMain.java:185)
	at com.kms.katalon.core.main.TestCaseMain$startTestSuite$0.call(Unknown Source)
	at TempTestSuite1655885093224.run(TempTestSuite1655885093224.groovy:36)
)

2022-06-22 16:49:01 - [MESSAGE][FAILED] - Failed to tap on element 'Object Repository/Banking/duitNowOtherIconSelect' (Root cause: org.openqa.selenium.WebDriverException: An unknown server-side error occurred while processing the command. Original error: 'GET /window/current/size' cannot be proxied to UiAutomator2 server because the instrumentation process is not running (probably crashed). Check the server log and/or the logcat output for more details
Build info: version: '3.141.59', revision: 'e82be7d358', time: '2018-11-14T08:25:53'
System info: host: '00139272s-MacBook-Pro.local', ip: '2001:e68:6167:d901:5dd8:2a3:885f:7e34%en0', os.name: 'Mac OS X', os.arch: 'x86_64', os.version: '10.16', java.version: '1.8.0_275'
Driver info: com.kms.katalon.core.appium.driver.SwipeableAndroidDriver
Capabilities {app: /Users/a00139272/Katalon St..., appActivity: com.maybank2u.life.MainActi..., appPackage: com.maybank2u.life.sit, appWaitActivity: *, autoGrantPermissions: true, automationName: uiautomator2, chromedriverPort: 52878, databaseEnabled: false, desired: {app: /Users/a00139272/Katalon St..., appActivity: com.maybank2u.life.MainActi..., appPackage: com.maybank2u.life.sit, appWaitActivity: *, autoGrantPermissions: true, automationName: uiautomator2, chromedriverPort: 52878, deviceId: 002b9cc60508, deviceName: Xiaomi 21061119AG (Android 11), fullReset: false, newCommandTimeout: 1800, noReset: true, platform: ANDROID, platformName: android, platformVersion: 11, systemPort: 52876, udid: 002b9cc60508}, deviceApiLevel: 30, deviceId: 002b9cc60508, deviceManufacturer: Xiaomi, deviceModel: 21061119AG, deviceName: 002b9cc60508, deviceScreenDensity: 440, deviceScreenSize: 1080x2400, deviceUDID: 002b9cc60508, fullReset: false, javascriptEnabled: true, locationContextEnabled: false, networkConnectionEnabled: true, newCommandTimeout: 1800, noReset: true, pixelRatio: 2.75, platform: ANDROID, platformName: Android, platformVersion: 11, statBarHeight: 103, systemPort: 52876, takesScreenshot: true, udid: 002b9cc60508, viewportRect: {height: 2064, left: 0, top: 103, width: 1080}, warnings: {}, webStorageEnabled: false}
Session ID: 07e0a906-f567-4646-abfd-84c6cc800d18
	at org.openqa.selenium.remote.http.W3CHttpResponseCodec.createException(W3CHttpResponseCodec.java:187)
	at org.openqa.selenium.remote.http.W3CHttpResponseCodec.decode(W3CHttpResponseCodec.java:122)
	at org.openqa.selenium.remote.http.W3CHttpResponseCodec.decode(W3CHttpResponseCodec.java:49)
	at org.openqa.selenium.remote.HttpCommandExecutor.execute(HttpCommandExecutor.java:158)
	at io.appium.java_client.remote.AppiumCommandExecutor.execute(AppiumCommandExecutor.java:239)
	at org.openqa.selenium.remote.RemoteWebDriver.execute(RemoteWebDriver.java:552)
	at io.appium.java_client.DefaultGenericMobileDriver.execute(DefaultGenericMobileDriver.java:46)
	at io.appium.java_client.AppiumDriver.execute(AppiumDriver.java:1)
	at io.appium.java_client.android.AndroidDriver.execute(AndroidDriver.java:1)
	at com.kms.katalon.core.appium.driver.SwipeableAndroidDriver.execute(SwipeableAndroidDriver.java:1)
	at org.openqa.selenium.remote.RemoteWebDriver$RemoteWebDriverOptions$RemoteWindow.getSize(RemoteWebDriver.java:813)
	at org.openqa.selenium.WebDriver$Window$getSize.call(Unknown Source)
	at com.kms.katalon.core.mobile.keyword.internal.MobileAbstractKeyword.findElement(MobileAbstractKeyword.groovy:81)
	at com.kms.katalon.core.mobile.keyword.builtin.TapKeyword.access$1(TapKeyword.groovy)
	at com.kms.katalon.core.mobile.keyword.builtin.TapKeyword$_tap_closure1.doCall(TapKeyword.groovy:76)
	at com.kms.katalon.core.mobile.keyword.builtin.TapKeyword$_tap_closure1.call(TapKeyword.groovy)
	at com.kms.katalon.core.mobile.keyword.internal.MobileKeywordMain.runKeyword(MobileKeywordMain.groovy:21)
	at com.kms.katalon.core.mobile.keyword.builtin.TapKeyword.tap(TapKeyword.groovy:84)
	at com.kms.katalon.core.mobile.keyword.builtin.TapKeyword.execute(TapKeyword.groovy:68)
	at com.kms.katalon.core.keyword.internal.KeywordExecutor.executeKeywordForPlatform(KeywordExecutor.groovy:74)
	at com.kms.katalon.core.mobile.keyword.MobileBuiltInKeywords.tap(MobileBuiltInKeywords.groovy:1490)
	at com.kms.katalon.core.mobile.keyword.MobileBuiltInKeywords$tap$4.call(Unknown Source)
	at duitNow_addFavoriteTransaction.run(duitNow_addFavoriteTransaction:68)
	at com.kms.katalon.core.main.ScriptEngine.run(ScriptEngine.java:194)
	at com.kms.katalon.core.main.ScriptEngine.runScriptAsRawText(ScriptEngine.java:119)
	at com.kms.katalon.core.main.TestCaseExecutor.runScript(TestCaseExecutor.java:445)
	at com.kms.katalon.core.main.TestCaseExecutor.doExecute(TestCaseExecutor.java:436)
	at com.kms.katalon.core.main.TestCaseExecutor.processExecutionPhase(TestCaseExecutor.java:415)
	at com.kms.katalon.core.main.TestCaseExecutor.accessMainPhase(TestCaseExecutor.java:407)
	at com.kms.katalon.core.main.TestCaseExecutor.execute(TestCaseExecutor.java:284)
	at com.kms.katalon.core.common.CommonExecutor.accessTestCaseMainPhase(CommonExecutor.java:65)
	at com.kms.katalon.core.main.TestSuiteExecutor.accessTestSuiteMainPhase(TestSuiteExecutor.java:144)
	at com.kms.katalon.core.main.TestSuiteExecutor.execute(TestSuiteExecutor.java:106)
	at com.kms.katalon.core.main.TestCaseMain.startTestSuite(TestCaseMain.java:185)
	at com.kms.katalon.core.main.TestCaseMain$startTestSuite$0.call(Unknown Source)
	at TempTestSuite1655885093224.run(TempTestSuite1655885093224.groovy:36)
)

2022-06-22 16:49:01 - [TEST_STEP][FAILED] - tap(findTestObject("Banking/duitNowIDTypeDropdownSelect"), 0): Failed to tap on element 'Object Repository/Banking/duitNowIDTypeDropdownSelect' (Root cause: org.openqa.selenium.WebDriverException: An unknown server-side error occurred while processing the command. Original error: 'GET /window/current/size' cannot be proxied to UiAutomator2 server because the instrumentation process is not running (probably crashed). Check the server log and/or the logcat output for more details
Build info: version: '3.141.59', revision: 'e82be7d358', time: '2018-11-14T08:25:53'
System info: host: '00139272s-MacBook-Pro.local', ip: '2001:e68:6167:d901:5dd8:2a3:885f:7e34%en0', os.name: 'Mac OS X', os.arch: 'x86_64', os.version: '10.16', java.version: '1.8.0_275'
Driver info: com.kms.katalon.core.appium.driver.SwipeableAndroidDriver
Capabilities {app: /Users/a00139272/Katalon St..., appActivity: com.maybank2u.life.MainActi..., appPackage: com.maybank2u.life.sit, appWaitActivity: *, autoGrantPermissions: true, automationName: uiautomator2, chromedriverPort: 52878, databaseEnabled: false, desired: {app: /Users/a00139272/Katalon St..., appActivity: com.maybank2u.life.MainActi..., appPackage: com.maybank2u.life.sit, appWaitActivity: *, autoGrantPermissions: true, automationName: uiautomator2, chromedriverPort: 52878, deviceId: 002b9cc60508, deviceName: Xiaomi 21061119AG (Android 11), fullReset: false, newCommandTimeout: 1800, noReset: true, platform: ANDROID, platformName: android, platformVersion: 11, systemPort: 52876, udid: 002b9cc60508}, deviceApiLevel: 30, deviceId: 002b9cc60508, deviceManufacturer: Xiaomi, deviceModel: 21061119AG, deviceName: 002b9cc60508, deviceScreenDensity: 440, deviceScreenSize: 1080x2400, deviceUDID: 002b9cc60508, fullReset: false, javascriptEnabled: true, locationContextEnabled: false, networkConnectionEnabled: true, newCommandTimeout: 1800, noReset: true, pixelRatio: 2.75, platform: ANDROID, platformName: Android, platformVersion: 11, statBarHeight: 103, systemPort: 52876, takesScreenshot: true, udid: 002b9cc60508, viewportRect: {height: 2064, left: 0, top: 103, width: 1080}, warnings: {}, webStorageEnabled: false}
Session ID: 07e0a906-f567-4646-abfd-84c6cc800d18
	at org.openqa.selenium.remote.http.W3CHttpResponseCodec.createException(W3CHttpResponseCodec.java:187)
	at org.openqa.selenium.remote.http.W3CHttpResponseCodec.decode(W3CHttpResponseCodec.java:122)
	at org.openqa.selenium.remote.http.W3CHttpResponseCodec.decode(W3CHttpResponseCodec.java:49)
	at org.openqa.selenium.remote.HttpCommandExecutor.execute(HttpCommandExecutor.java:158)
	at io.appium.java_client.remote.AppiumCommandExecutor.execute(AppiumCommandExecutor.java:239)
	at org.openqa.selenium.remote.RemoteWebDriver.execute(RemoteWebDriver.java:552)
	at io.appium.java_client.DefaultGenericMobileDriver.execute(DefaultGenericMobileDriver.java:46)
	at io.appium.java_client.AppiumDriver.execute(AppiumDriver.java:1)
	at io.appium.java_client.android.AndroidDriver.execute(AndroidDriver.java:1)
	at com.kms.katalon.core.appium.driver.SwipeableAndroidDriver.execute(SwipeableAndroidDriver.java:1)
	at org.openqa.selenium.remote.RemoteWebDriver$RemoteWebDriverOptions$RemoteWindow.getSize(RemoteWebDriver.java:813)
	at org.openqa.selenium.WebDriver$Window$getSize.call(Unknown Source)
	at com.kms.katalon.core.mobile.keyword.internal.MobileAbstractKeyword.findElement(MobileAbstractKeyword.groovy:81)
	at com.kms.katalon.core.mobile.keyword.builtin.TapKeyword.access$1(TapKeyword.groovy)
	at com.kms.katalon.core.mobile.keyword.builtin.TapKeyword$_tap_closure1.doCall(TapKeyword.groovy:76)
	at com.kms.katalon.core.mobile.keyword.builtin.TapKeyword$_tap_closure1.call(TapKeyword.groovy)
	at com.kms.katalon.core.mobile.keyword.internal.MobileKeywordMain.runKeyword(MobileKeywordMain.groovy:21)
	at com.kms.katalon.core.mobile.keyword.builtin.TapKeyword.tap(TapKeyword.groovy:84)
	at com.kms.katalon.core.mobile.keyword.builtin.TapKeyword.execute(TapKeyword.groovy:68)
	at com.kms.katalon.core.keyword.internal.KeywordExecutor.executeKeywordForPlatform(KeywordExecutor.groovy:74)
	at com.kms.katalon.core.mobile.keyword.MobileBuiltInKeywords.tap(MobileBuiltInKeywords.groovy:1490)
	at com.kms.katalon.core.mobile.keyword.MobileBuiltInKeywords$tap$4.call(Unknown Source)
	at duitNow_addFavoriteTransaction.run(duitNow_addFavoriteTransaction:70)
	at com.kms.katalon.core.main.ScriptEngine.run(ScriptEngine.java:194)
	at com.kms.katalon.core.main.ScriptEngine.runScriptAsRawText(ScriptEngine.java:119)
	at com.kms.katalon.core.main.TestCaseExecutor.runScript(TestCaseExecutor.java:445)
	at com.kms.katalon.core.main.TestCaseExecutor.doExecute(TestCaseExecutor.java:436)
	at com.kms.katalon.core.main.TestCaseExecutor.processExecutionPhase(TestCaseExecutor.java:415)
	at com.kms.katalon.core.main.TestCaseExecutor.accessMainPhase(TestCaseExecutor.java:407)
	at com.kms.katalon.core.main.TestCaseExecutor.execute(TestCaseExecutor.java:284)
	at com.kms.katalon.core.common.CommonExecutor.accessTestCaseMainPhase(CommonExecutor.java:65)
	at com.kms.katalon.core.main.TestSuiteExecutor.accessTestSuiteMainPhase(TestSuiteExecutor.java:144)
	at com.kms.katalon.core.main.TestSuiteExecutor.execute(TestSuiteExecutor.java:106)
	at com.kms.katalon.core.main.TestCaseMain.startTestSuite(TestCaseMain.java:185)
	at com.kms.katalon.core.main.TestCaseMain$startTestSuite$0.call(Unknown Source)
	at TempTestSuite1655885093224.run(TempTestSuite1655885093224.groovy:36)
)

2022-06-22 16:49:01 - [MESSAGE][WARNING] - Timeout '0' is invalid. Using default page load timeout: '40'

2022-06-22 16:49:01 - [MESSAGE][FAILED] - Failed to tap on element 'Object Repository/Banking/duitNowIDTypeDropdownSelect' (Root cause: org.openqa.selenium.WebDriverException: An unknown server-side error occurred while processing the command. Original error: 'GET /window/current/size' cannot be proxied to UiAutomator2 server because the instrumentation process is not running (probably crashed). Check the server log and/or the logcat output for more details
Build info: version: '3.141.59', revision: 'e82be7d358', time: '2018-11-14T08:25:53'
System info: host: '00139272s-MacBook-Pro.local', ip: '2001:e68:6167:d901:5dd8:2a3:885f:7e34%en0', os.name: 'Mac OS X', os.arch: 'x86_64', os.version: '10.16', java.version: '1.8.0_275'
Driver info: com.kms.katalon.core.appium.driver.SwipeableAndroidDriver
Capabilities {app: /Users/a00139272/Katalon St..., appActivity: com.maybank2u.life.MainActi..., appPackage: com.maybank2u.life.sit, appWaitActivity: *, autoGrantPermissions: true, automationName: uiautomator2, chromedriverPort: 52878, databaseEnabled: false, desired: {app: /Users/a00139272/Katalon St..., appActivity: com.maybank2u.life.MainActi..., appPackage: com.maybank2u.life.sit, appWaitActivity: *, autoGrantPermissions: true, automationName: uiautomator2, chromedriverPort: 52878, deviceId: 002b9cc60508, deviceName: Xiaomi 21061119AG (Android 11), fullReset: false, newCommandTimeout: 1800, noReset: true, platform: ANDROID, platformName: android, platformVersion: 11, systemPort: 52876, udid: 002b9cc60508}, deviceApiLevel: 30, deviceId: 002b9cc60508, deviceManufacturer: Xiaomi, deviceModel: 21061119AG, deviceName: 002b9cc60508, deviceScreenDensity: 440, deviceScreenSize: 1080x2400, deviceUDID: 002b9cc60508, fullReset: false, javascriptEnabled: true, locationContextEnabled: false, networkConnectionEnabled: true, newCommandTimeout: 1800, noReset: true, pixelRatio: 2.75, platform: ANDROID, platformName: Android, platformVersion: 11, statBarHeight: 103, systemPort: 52876, takesScreenshot: true, udid: 002b9cc60508, viewportRect: {height: 2064, left: 0, top: 103, width: 1080}, warnings: {}, webStorageEnabled: false}
Session ID: 07e0a906-f567-4646-abfd-84c6cc800d18
	at org.openqa.selenium.remote.http.W3CHttpResponseCodec.createException(W3CHttpResponseCodec.java:187)
	at org.openqa.selenium.remote.http.W3CHttpResponseCodec.decode(W3CHttpResponseCodec.java:122)
	at org.openqa.selenium.remote.http.W3CHttpResponseCodec.decode(W3CHttpResponseCodec.java:49)
	at org.openqa.selenium.remote.HttpCommandExecutor.execute(HttpCommandExecutor.java:158)
	at io.appium.java_client.remote.AppiumCommandExecutor.execute(AppiumCommandExecutor.java:239)
	at org.openqa.selenium.remote.RemoteWebDriver.execute(RemoteWebDriver.java:552)
	at io.appium.java_client.DefaultGenericMobileDriver.execute(DefaultGenericMobileDriver.java:46)
	at io.appium.java_client.AppiumDriver.execute(AppiumDriver.java:1)
	at io.appium.java_client.android.AndroidDriver.execute(AndroidDriver.java:1)
	at com.kms.katalon.core.appium.driver.SwipeableAndroidDriver.execute(SwipeableAndroidDriver.java:1)
	at org.openqa.selenium.remote.RemoteWebDriver$RemoteWebDriverOptions$RemoteWindow.getSize(RemoteWebDriver.java:813)
	at org.openqa.selenium.WebDriver$Window$getSize.call(Unknown Source)
	at com.kms.katalon.core.mobile.keyword.internal.MobileAbstractKeyword.findElement(MobileAbstractKeyword.groovy:81)
	at com.kms.katalon.core.mobile.keyword.builtin.TapKeyword.access$1(TapKeyword.groovy)
	at com.kms.katalon.core.mobile.keyword.builtin.TapKeyword$_tap_closure1.doCall(TapKeyword.groovy:76)
	at com.kms.katalon.core.mobile.keyword.builtin.TapKeyword$_tap_closure1.call(TapKeyword.groovy)
	at com.kms.katalon.core.mobile.keyword.internal.MobileKeywordMain.runKeyword(MobileKeywordMain.groovy:21)
	at com.kms.katalon.core.mobile.keyword.builtin.TapKeyword.tap(TapKeyword.groovy:84)
	at com.kms.katalon.core.mobile.keyword.builtin.TapKeyword.execute(TapKeyword.groovy:68)
	at com.kms.katalon.core.keyword.internal.KeywordExecutor.executeKeywordForPlatform(KeywordExecutor.groovy:74)
	at com.kms.katalon.core.mobile.keyword.MobileBuiltInKeywords.tap(MobileBuiltInKeywords.groovy:1490)
	at com.kms.katalon.core.mobile.keyword.MobileBuiltInKeywords$tap$4.call(Unknown Source)
	at duitNow_addFavoriteTransaction.run(duitNow_addFavoriteTransaction:70)
	at com.kms.katalon.core.main.ScriptEngine.run(ScriptEngine.java:194)
	at com.kms.katalon.core.main.ScriptEngine.runScriptAsRawText(ScriptEngine.java:119)
	at com.kms.katalon.core.main.TestCaseExecutor.runScript(TestCaseExecutor.java:445)
	at com.kms.katalon.core.main.TestCaseExecutor.doExecute(TestCaseExecutor.java:436)
	at com.kms.katalon.core.main.TestCaseExecutor.processExecutionPhase(TestCaseExecutor.java:415)
	at com.kms.katalon.core.main.TestCaseExecutor.accessMainPhase(TestCaseExecutor.java:407)
	at com.kms.katalon.core.main.TestCaseExecutor.execute(TestCaseExecutor.java:284)
	at com.kms.katalon.core.common.CommonExecutor.accessTestCaseMainPhase(CommonExecutor.java:65)
	at com.kms.katalon.core.main.TestSuiteExecutor.accessTestSuiteMainPhase(TestSuiteExecutor.java:144)
	at com.kms.katalon.core.main.TestSuiteExecutor.execute(TestSuiteExecutor.java:106)
	at com.kms.katalon.core.main.TestCaseMain.startTestSuite(TestCaseMain.java:185)
	at com.kms.katalon.core.main.TestCaseMain$startTestSuite$0.call(Unknown Source)
	at TempTestSuite1655885093224.run(TempTestSuite1655885093224.groovy:36)
)

2022-06-22 16:49:01 - [TEST_STEP][FAILED] - scrollToText("Mobile Number", STOP_ON_FAILURE): Unable to scroll to text 'Mobile Number' (Root cause: org.openqa.selenium.WebDriverException: An unknown server-side error occurred while processing the command. Original error: 'POST /element' cannot be proxied to UiAutomator2 server because the instrumentation process is not running (probably crashed). Check the server log and/or the logcat output for more details
Build info: version: '3.141.59', revision: 'e82be7d358', time: '2018-11-14T08:25:53'
System info: host: '00139272s-MacBook-Pro.local', ip: '2001:e68:6167:d901:5dd8:2a3:885f:7e34%en0', os.name: 'Mac OS X', os.arch: 'x86_64', os.version: '10.16', java.version: '1.8.0_275'
Driver info: com.kms.katalon.core.appium.driver.SwipeableAndroidDriver
Capabilities {app: /Users/a00139272/Katalon St..., appActivity: com.maybank2u.life.MainActi..., appPackage: com.maybank2u.life.sit, appWaitActivity: *, autoGrantPermissions: true, automationName: uiautomator2, chromedriverPort: 52878, databaseEnabled: false, desired: {app: /Users/a00139272/Katalon St..., appActivity: com.maybank2u.life.MainActi..., appPackage: com.maybank2u.life.sit, appWaitActivity: *, autoGrantPermissions: true, automationName: uiautomator2, chromedriverPort: 52878, deviceId: 002b9cc60508, deviceName: Xiaomi 21061119AG (Android 11), fullReset: false, newCommandTimeout: 1800, noReset: true, platform: ANDROID, platformName: android, platformVersion: 11, systemPort: 52876, udid: 002b9cc60508}, deviceApiLevel: 30, deviceId: 002b9cc60508, deviceManufacturer: Xiaomi, deviceModel: 21061119AG, deviceName: 002b9cc60508, deviceScreenDensity: 440, deviceScreenSize: 1080x2400, deviceUDID: 002b9cc60508, fullReset: false, javascriptEnabled: true, locationContextEnabled: false, networkConnectionEnabled: true, newCommandTimeout: 1800, noReset: true, pixelRatio: 2.75, platform: ANDROID, platformName: Android, platformVersion: 11, statBarHeight: 103, systemPort: 52876, takesScreenshot: true, udid: 002b9cc60508, viewportRect: {height: 2064, left: 0, top: 103, width: 1080}, warnings: {}, webStorageEnabled: false}
Session ID: 07e0a906-f567-4646-abfd-84c6cc800d18
*** Element info: {Using=-android uiautomator, value=new UiScrollable(new UiSelector().scrollable(true).instance(0)).scrollIntoView(new UiSelector().textContains("Mobile Number"))}
	at org.openqa.selenium.remote.http.W3CHttpResponseCodec.createException(W3CHttpResponseCodec.java:187)
	at org.openqa.selenium.remote.http.W3CHttpResponseCodec.decode(W3CHttpResponseCodec.java:122)
	at org.openqa.selenium.remote.http.W3CHttpResponseCodec.decode(W3CHttpResponseCodec.java:49)
	at org.openqa.selenium.remote.HttpCommandExecutor.execute(HttpCommandExecutor.java:158)
	at io.appium.java_client.remote.AppiumCommandExecutor.execute(AppiumCommandExecutor.java:239)
	at org.openqa.selenium.remote.RemoteWebDriver.execute(RemoteWebDriver.java:552)
	at io.appium.java_client.DefaultGenericMobileDriver.execute(DefaultGenericMobileDriver.java:42)
	at io.appium.java_client.AppiumDriver.execute(AppiumDriver.java:1)
	at io.appium.java_client.android.AndroidDriver.execute(AndroidDriver.java:1)
	at com.kms.katalon.core.appium.driver.SwipeableAndroidDriver.execute(SwipeableAndroidDriver.java:1)
	at org.openqa.selenium.remote.RemoteWebDriver.findElement(RemoteWebDriver.java:323)
	at io.appium.java_client.DefaultGenericMobileDriver.findElement(DefaultGenericMobileDriver.java:62)
	at io.appium.java_client.AppiumDriver.findElement(AppiumDriver.java:1)
	at io.appium.java_client.android.AndroidDriver.findElement(AndroidDriver.java:1)
	at com.kms.katalon.core.appium.driver.SwipeableAndroidDriver.findElement(SwipeableAndroidDriver.java:1)
	at io.appium.java_client.FindsByAndroidUIAutomator.findElementByAndroidUIAutomator(FindsByAndroidUIAutomator.java:38)
	at io.appium.java_client.FindsByAndroidUIAutomator$findElementByAndroidUIAutomator.call(Unknown Source)
	at com.kms.katalon.core.mobile.keyword.builtin.ScrollToTextKeyword$_scrollToText_closure1.doCall(ScrollToTextKeyword.groovy:62)
	at com.kms.katalon.core.mobile.keyword.builtin.ScrollToTextKeyword$_scrollToText_closure1.doCall(ScrollToTextKeyword.groovy)
	at com.kms.katalon.core.mobile.keyword.internal.MobileKeywordMain.runKeyword(MobileKeywordMain.groovy:21)
	at com.kms.katalon.core.mobile.keyword.internal.MobileKeywordMain$runKeyword.call(Unknown Source)
	at com.kms.katalon.core.mobile.keyword.builtin.ScrollToTextKeyword.scrollToText(ScrollToTextKeyword.groovy:85)
	at com.kms.katalon.core.mobile.keyword.builtin.ScrollToTextKeyword.execute(ScrollToTextKeyword.groovy:41)
	at com.kms.katalon.core.keyword.internal.KeywordExecutor.executeKeywordForPlatform(KeywordExecutor.groovy:74)
	at com.kms.katalon.core.mobile.keyword.MobileBuiltInKeywords.scrollToText(MobileBuiltInKeywords.groovy:1987)
	at com.kms.katalon.core.mobile.keyword.MobileBuiltInKeywords$scrollToText$14.call(Unknown Source)
	at duitNow_addFavoriteTransaction.run(duitNow_addFavoriteTransaction:72)
	at com.kms.katalon.core.main.ScriptEngine.run(ScriptEngine.java:194)
	at com.kms.katalon.core.main.ScriptEngine.runScriptAsRawText(ScriptEngine.java:119)
	at com.kms.katalon.core.main.TestCaseExecutor.runScript(TestCaseExecutor.java:445)
	at com.kms.katalon.core.main.TestCaseExecutor.doExecute(TestCaseExecutor.java:436)
	at com.kms.katalon.core.main.TestCaseExecutor.processExecutionPhase(TestCaseExecutor.java:415)
	at com.kms.katalon.core.main.TestCaseExecutor.accessMainPhase(TestCaseExecutor.java:407)
	at com.kms.katalon.core.main.TestCaseExecutor.execute(TestCaseExecutor.java:284)
	at com.kms.katalon.core.common.CommonExecutor.accessTestCaseMainPhase(CommonExecutor.java:65)
	at com.kms.katalon.core.main.TestSuiteExecutor.accessTestSuiteMainPhase(TestSuiteExecutor.java:144)
	at com.kms.katalon.core.main.TestSuiteExecutor.execute(TestSuiteExecutor.java:106)
	at com.kms.katalon.core.main.TestCaseMain.startTestSuite(TestCaseMain.java:185)
	at com.kms.katalon.core.main.TestCaseMain$startTestSuite$0.call(Unknown Source)
	at TempTestSuite1655885093224.run(TempTestSuite1655885093224.groovy:36)
)

2022-06-22 16:49:02 - [MESSAGE][FAILED] - Unable to scroll to text 'Mobile Number' (Root cause: org.openqa.selenium.WebDriverException: An unknown server-side error occurred while processing the command. Original error: 'POST /element' cannot be proxied to UiAutomator2 server because the instrumentation process is not running (probably crashed). Check the server log and/or the logcat output for more details
Build info: version: '3.141.59', revision: 'e82be7d358', time: '2018-11-14T08:25:53'
System info: host: '00139272s-MacBook-Pro.local', ip: '2001:e68:6167:d901:5dd8:2a3:885f:7e34%en0', os.name: 'Mac OS X', os.arch: 'x86_64', os.version: '10.16', java.version: '1.8.0_275'
Driver info: com.kms.katalon.core.appium.driver.SwipeableAndroidDriver
Capabilities {app: /Users/a00139272/Katalon St..., appActivity: com.maybank2u.life.MainActi..., appPackage: com.maybank2u.life.sit, appWaitActivity: *, autoGrantPermissions: true, automationName: uiautomator2, chromedriverPort: 52878, databaseEnabled: false, desired: {app: /Users/a00139272/Katalon St..., appActivity: com.maybank2u.life.MainActi..., appPackage: com.maybank2u.life.sit, appWaitActivity: *, autoGrantPermissions: true, automationName: uiautomator2, chromedriverPort: 52878, deviceId: 002b9cc60508, deviceName: Xiaomi 21061119AG (Android 11), fullReset: false, newCommandTimeout: 1800, noReset: true, platform: ANDROID, platformName: android, platformVersion: 11, systemPort: 52876, udid: 002b9cc60508}, deviceApiLevel: 30, deviceId: 002b9cc60508, deviceManufacturer: Xiaomi, deviceModel: 21061119AG, deviceName: 002b9cc60508, deviceScreenDensity: 440, deviceScreenSize: 1080x2400, deviceUDID: 002b9cc60508, fullReset: false, javascriptEnabled: true, locationContextEnabled: false, networkConnectionEnabled: true, newCommandTimeout: 1800, noReset: true, pixelRatio: 2.75, platform: ANDROID, platformName: Android, platformVersion: 11, statBarHeight: 103, systemPort: 52876, takesScreenshot: true, udid: 002b9cc60508, viewportRect: {height: 2064, left: 0, top: 103, width: 1080}, warnings: {}, webStorageEnabled: false}
Session ID: 07e0a906-f567-4646-abfd-84c6cc800d18
*** Element info: {Using=-android uiautomator, value=new UiScrollable(new UiSelector().scrollable(true).instance(0)).scrollIntoView(new UiSelector().textContains("Mobile Number"))}
	at org.openqa.selenium.remote.http.W3CHttpResponseCodec.createException(W3CHttpResponseCodec.java:187)
	at org.openqa.selenium.remote.http.W3CHttpResponseCodec.decode(W3CHttpResponseCodec.java:122)
	at org.openqa.selenium.remote.http.W3CHttpResponseCodec.decode(W3CHttpResponseCodec.java:49)
	at org.openqa.selenium.remote.HttpCommandExecutor.execute(HttpCommandExecutor.java:158)
	at io.appium.java_client.remote.AppiumCommandExecutor.execute(AppiumCommandExecutor.java:239)
	at org.openqa.selenium.remote.RemoteWebDriver.execute(RemoteWebDriver.java:552)
	at io.appium.java_client.DefaultGenericMobileDriver.execute(DefaultGenericMobileDriver.java:42)
	at io.appium.java_client.AppiumDriver.execute(AppiumDriver.java:1)
	at io.appium.java_client.android.AndroidDriver.execute(AndroidDriver.java:1)
	at com.kms.katalon.core.appium.driver.SwipeableAndroidDriver.execute(SwipeableAndroidDriver.java:1)
	at org.openqa.selenium.remote.RemoteWebDriver.findElement(RemoteWebDriver.java:323)
	at io.appium.java_client.DefaultGenericMobileDriver.findElement(DefaultGenericMobileDriver.java:62)
	at io.appium.java_client.AppiumDriver.findElement(AppiumDriver.java:1)
	at io.appium.java_client.android.AndroidDriver.findElement(AndroidDriver.java:1)
	at com.kms.katalon.core.appium.driver.SwipeableAndroidDriver.findElement(SwipeableAndroidDriver.java:1)
	at io.appium.java_client.FindsByAndroidUIAutomator.findElementByAndroidUIAutomator(FindsByAndroidUIAutomator.java:38)
	at io.appium.java_client.FindsByAndroidUIAutomator$findElementByAndroidUIAutomator.call(Unknown Source)
	at com.kms.katalon.core.mobile.keyword.builtin.ScrollToTextKeyword$_scrollToText_closure1.doCall(ScrollToTextKeyword.groovy:62)
	at com.kms.katalon.core.mobile.keyword.builtin.ScrollToTextKeyword$_scrollToText_closure1.doCall(ScrollToTextKeyword.groovy)
	at com.kms.katalon.core.mobile.keyword.internal.MobileKeywordMain.runKeyword(MobileKeywordMain.groovy:21)
	at com.kms.katalon.core.mobile.keyword.internal.MobileKeywordMain$runKeyword.call(Unknown Source)
	at com.kms.katalon.core.mobile.keyword.builtin.ScrollToTextKeyword.scrollToText(ScrollToTextKeyword.groovy:85)
	at com.kms.katalon.core.mobile.keyword.builtin.ScrollToTextKeyword.execute(ScrollToTextKeyword.groovy:41)
	at com.kms.katalon.core.keyword.internal.KeywordExecutor.executeKeywordForPlatform(KeywordExecutor.groovy:74)
	at com.kms.katalon.core.mobile.keyword.MobileBuiltInKeywords.scrollToText(MobileBuiltInKeywords.groovy:1987)
	at com.kms.katalon.core.mobile.keyword.MobileBuiltInKeywords$scrollToText$14.call(Unknown Source)
	at duitNow_addFavoriteTransaction.run(duitNow_addFavoriteTransaction:72)
	at com.kms.katalon.core.main.ScriptEngine.run(ScriptEngine.java:194)
	at com.kms.katalon.core.main.ScriptEngine.runScriptAsRawText(ScriptEngine.java:119)
	at com.kms.katalon.core.main.TestCaseExecutor.runScript(TestCaseExecutor.java:445)
	at com.kms.katalon.core.main.TestCaseExecutor.doExecute(TestCaseExecutor.java:436)
	at com.kms.katalon.core.main.TestCaseExecutor.processExecutionPhase(TestCaseExecutor.java:415)
	at com.kms.katalon.core.main.TestCaseExecutor.accessMainPhase(TestCaseExecutor.java:407)
	at com.kms.katalon.core.main.TestCaseExecutor.execute(TestCaseExecutor.java:284)
	at com.kms.katalon.core.common.CommonExecutor.accessTestCaseMainPhase(CommonExecutor.java:65)
	at com.kms.katalon.core.main.TestSuiteExecutor.accessTestSuiteMainPhase(TestSuiteExecutor.java:144)
	at com.kms.katalon.core.main.TestSuiteExecutor.execute(TestSuiteExecutor.java:106)
	at com.kms.katalon.core.main.TestCaseMain.startTestSuite(TestCaseMain.java:185)
	at com.kms.katalon.core.main.TestCaseMain$startTestSuite$0.call(Unknown Source)
	at TempTestSuite1655885093224.run(TempTestSuite1655885093224.groovy:36)
)]]></system-out>
         <system-err><![CDATA[2022-06-22 16:48:57 - [TEST_CASE][FAILED] - Test Cases/DuitNow/duitNow_addFavoriteTransaction: Test Cases/DuitNow/duitNow_addFavoriteTransaction FAILED.
Reason:
com.kms.katalon.core.exception.StepFailedException: Failed to tap on element 'Object Repository/Banking/m2uAccountTransferIconSelect' (Root cause: org.openqa.selenium.WebDriverException: An unknown server-side error occurred while processing the command. Original error: 'GET /window/current/size' cannot be proxied to UiAutomator2 server because the instrumentation process is not running (probably crashed). Check the server log and/or the logcat output for more details
Build info: version: '3.141.59', revision: 'e82be7d358', time: '2018-11-14T08:25:53'
System info: host: '00139272s-MacBook-Pro.local', ip: '2001:e68:6167:d901:5dd8:2a3:885f:7e34%en0', os.name: 'Mac OS X', os.arch: 'x86_64', os.version: '10.16', java.version: '1.8.0_275'
Driver info: com.kms.katalon.core.appium.driver.SwipeableAndroidDriver
Capabilities {app: /Users/a00139272/Katalon St..., appActivity: com.maybank2u.life.MainActi..., appPackage: com.maybank2u.life.sit, appWaitActivity: *, autoGrantPermissions: true, automationName: uiautomator2, chromedriverPort: 52878, databaseEnabled: false, desired: {app: /Users/a00139272/Katalon St..., appActivity: com.maybank2u.life.MainActi..., appPackage: com.maybank2u.life.sit, appWaitActivity: *, autoGrantPermissions: true, automationName: uiautomator2, chromedriverPort: 52878, deviceId: 002b9cc60508, deviceName: Xiaomi 21061119AG (Android 11), fullReset: false, newCommandTimeout: 1800, noReset: true, platform: ANDROID, platformName: android, platformVersion: 11, systemPort: 52876, udid: 002b9cc60508}, deviceApiLevel: 30, deviceId: 002b9cc60508, deviceManufacturer: Xiaomi, deviceModel: 21061119AG, deviceName: 002b9cc60508, deviceScreenDensity: 440, deviceScreenSize: 1080x2400, deviceUDID: 002b9cc60508, fullReset: false, javascriptEnabled: true, locationContextEnabled: false, networkConnectionEnabled: true, newCommandTimeout: 1800, noReset: true, pixelRatio: 2.75, platform: ANDROID, platformName: Android, platformVersion: 11, statBarHeight: 103, systemPort: 52876, takesScreenshot: true, udid: 002b9cc60508, viewportRect: {height: 2064, left: 0, top: 103, width: 1080}, warnings: {}, webStorageEnabled: false}
Session ID: 07e0a906-f567-4646-abfd-84c6cc800d18
	at org.openqa.selenium.remote.http.W3CHttpResponseCodec.createException(W3CHttpResponseCodec.java:187)
	at org.openqa.selenium.remote.http.W3CHttpResponseCodec.decode(W3CHttpResponseCodec.java:122)
	at org.openqa.selenium.remote.http.W3CHttpResponseCodec.decode(W3CHttpResponseCodec.java:49)
	at org.openqa.selenium.remote.HttpCommandExecutor.execute(HttpCommandExecutor.java:158)
	at io.appium.java_client.remote.AppiumCommandExecutor.execute(AppiumCommandExecutor.java:239)
	at org.openqa.selenium.remote.RemoteWebDriver.execute(RemoteWebDriver.java:552)
	at io.appium.java_client.DefaultGenericMobileDriver.execute(DefaultGenericMobileDriver.java:46)
	at io.appium.java_client.AppiumDriver.execute(AppiumDriver.java:1)
	at io.appium.java_client.android.AndroidDriver.execute(AndroidDriver.java:1)
	at com.kms.katalon.core.appium.driver.SwipeableAndroidDriver.execute(SwipeableAndroidDriver.java:1)
	at org.openqa.selenium.remote.RemoteWebDriver$RemoteWebDriverOptions$RemoteWindow.getSize(RemoteWebDriver.java:813)
	at org.openqa.selenium.WebDriver$Window$getSize.call(Unknown Source)
	at com.kms.katalon.core.mobile.keyword.internal.MobileAbstractKeyword.findElement(MobileAbstractKeyword.groovy:81)
	at com.kms.katalon.core.mobile.keyword.builtin.TapKeyword.access$1(TapKeyword.groovy)
	at com.kms.katalon.core.mobile.keyword.builtin.TapKeyword$_tap_closure1.doCall(TapKeyword.groovy:76)
	at com.kms.katalon.core.mobile.keyword.builtin.TapKeyword$_tap_closure1.call(TapKeyword.groovy)
	at com.kms.katalon.core.mobile.keyword.internal.MobileKeywordMain.runKeyword(MobileKeywordMain.groovy:21)
	at com.kms.katalon.core.mobile.keyword.builtin.TapKeyword.tap(TapKeyword.groovy:84)
	at com.kms.katalon.core.mobile.keyword.builtin.TapKeyword.execute(TapKeyword.groovy:68)
	at com.kms.katalon.core.keyword.internal.KeywordExecutor.executeKeywordForPlatform(KeywordExecutor.groovy:74)
	at com.kms.katalon.core.mobile.keyword.MobileBuiltInKeywords.tap(MobileBuiltInKeywords.groovy:1490)
	at com.kms.katalon.core.mobile.keyword.MobileBuiltInKeywords$tap$4.call(Unknown Source)
	at duitNow_addFavoriteTransaction.run(duitNow_addFavoriteTransaction:56)
	at com.kms.katalon.core.main.ScriptEngine.run(ScriptEngine.java:194)
	at com.kms.katalon.core.main.ScriptEngine.runScriptAsRawText(ScriptEngine.java:119)
	at com.kms.katalon.core.main.TestCaseExecutor.runScript(TestCaseExecutor.java:445)
	at com.kms.katalon.core.main.TestCaseExecutor.doExecute(TestCaseExecutor.java:436)
	at com.kms.katalon.core.main.TestCaseExecutor.processExecutionPhase(TestCaseExecutor.java:415)
	at com.kms.katalon.core.main.TestCaseExecutor.accessMainPhase(TestCaseExecutor.java:407)
	at com.kms.katalon.core.main.TestCaseExecutor.execute(TestCaseExecutor.java:284)
	at com.kms.katalon.core.common.CommonExecutor.accessTestCaseMainPhase(CommonExecutor.java:65)
	at com.kms.katalon.core.main.TestSuiteExecutor.accessTestSuiteMainPhase(TestSuiteExecutor.java:144)
	at com.kms.katalon.core.main.TestSuiteExecutor.execute(TestSuiteExecutor.java:106)
	at com.kms.katalon.core.main.TestCaseMain.startTestSuite(TestCaseMain.java:185)
	at com.kms.katalon.core.main.TestCaseMain$startTestSuite$0.call(Unknown Source)
	at TempTestSuite1655885093224.run(TempTestSuite1655885093224.groovy:36)
)
	at com.kms.katalon.core.keyword.internal.KeywordMain.stepFailed(KeywordMain.groovy:39)
	at com.kms.katalon.core.mobile.keyword.internal.MobileKeywordMain.stepFailed(MobileKeywordMain.groovy:40)
	at com.kms.katalon.core.mobile.keyword.internal.MobileKeywordMain.runKeyword(MobileKeywordMain.groovy:23)
	at com.kms.katalon.core.mobile.keyword.builtin.TapKeyword.tap(TapKeyword.groovy:84)
	at com.kms.katalon.core.mobile.keyword.builtin.TapKeyword.execute(TapKeyword.groovy:68)
	at com.kms.katalon.core.keyword.internal.KeywordExecutor.executeKeywordForPlatform(KeywordExecutor.groovy:74)
	at com.kms.katalon.core.mobile.keyword.MobileBuiltInKeywords.tap(MobileBuiltInKeywords.groovy:1490)
	at com.kms.katalon.core.mobile.keyword.MobileBuiltInKeywords$tap$4.call(Unknown Source)
	at duitNow_addFavoriteTransaction.run(duitNow_addFavoriteTransaction:56)
	at com.kms.katalon.core.main.ScriptEngine.run(ScriptEngine.java:194)
	at com.kms.katalon.core.main.ScriptEngine.runScriptAsRawText(ScriptEngine.java:119)
	at com.kms.katalon.core.main.TestCaseExecutor.runScript(TestCaseExecutor.java:445)
	at com.kms.katalon.core.main.TestCaseExecutor.doExecute(TestCaseExecutor.java:436)
	at com.kms.katalon.core.main.TestCaseExecutor.processExecutionPhase(TestCaseExecutor.java:415)
	at com.kms.katalon.core.main.TestCaseExecutor.accessMainPhase(TestCaseExecutor.java:407)
	at com.kms.katalon.core.main.TestCaseExecutor.execute(TestCaseExecutor.java:284)
	at com.kms.katalon.core.common.CommonExecutor.accessTestCaseMainPhase(CommonExecutor.java:65)
	at com.kms.katalon.core.main.TestSuiteExecutor.accessTestSuiteMainPhase(TestSuiteExecutor.java:144)
	at com.kms.katalon.core.main.TestSuiteExecutor.execute(TestSuiteExecutor.java:106)
	at com.kms.katalon.core.main.TestCaseMain.startTestSuite(TestCaseMain.java:185)
	at com.kms.katalon.core.main.TestCaseMain$startTestSuite$0.call(Unknown Source)
	at TempTestSuite1655885093224.run(TempTestSuite1655885093224.groovy:36)
Caused by: org.openqa.selenium.WebDriverException: An unknown server-side error occurred while processing the command. Original error: 'GET /window/current/size' cannot be proxied to UiAutomator2 server because the instrumentation process is not running (probably crashed). Check the server log and/or the logcat output for more details
Build info: version: '3.141.59', revision: 'e82be7d358', time: '2018-11-14T08:25:53'
System info: host: '00139272s-MacBook-Pro.local', ip: '2001:e68:6167:d901:5dd8:2a3:885f:7e34%en0', os.name: 'Mac OS X', os.arch: 'x86_64', os.version: '10.16', java.version: '1.8.0_275'
Driver info: com.kms.katalon.core.appium.driver.SwipeableAndroidDriver
Capabilities {app: /Users/a00139272/Katalon St..., appActivity: com.maybank2u.life.MainActi..., appPackage: com.maybank2u.life.sit, appWaitActivity: *, autoGrantPermissions: true, automationName: uiautomator2, chromedriverPort: 52878, databaseEnabled: false, desired: {app: /Users/a00139272/Katalon St..., appActivity: com.maybank2u.life.MainActi..., appPackage: com.maybank2u.life.sit, appWaitActivity: *, autoGrantPermissions: true, automationName: uiautomator2, chromedriverPort: 52878, deviceId: 002b9cc60508, deviceName: Xiaomi 21061119AG (Android 11), fullReset: false, newCommandTimeout: 1800, noReset: true, platform: ANDROID, platformName: android, platformVersion: 11, systemPort: 52876, udid: 002b9cc60508}, deviceApiLevel: 30, deviceId: 002b9cc60508, deviceManufacturer: Xiaomi, deviceModel: 21061119AG, deviceName: 002b9cc60508, deviceScreenDensity: 440, deviceScreenSize: 1080x2400, deviceUDID: 002b9cc60508, fullReset: false, javascriptEnabled: true, locationContextEnabled: false, networkConnectionEnabled: true, newCommandTimeout: 1800, noReset: true, pixelRatio: 2.75, platform: ANDROID, platformName: Android, platformVersion: 11, statBarHeight: 103, systemPort: 52876, takesScreenshot: true, udid: 002b9cc60508, viewportRect: {height: 2064, left: 0, top: 103, width: 1080}, warnings: {}, webStorageEnabled: false}
Session ID: 07e0a906-f567-4646-abfd-84c6cc800d18
	at org.openqa.selenium.remote.http.W3CHttpResponseCodec.createException(W3CHttpResponseCodec.java:187)
	at org.openqa.selenium.remote.http.W3CHttpResponseCodec.decode(W3CHttpResponseCodec.java:122)
	at org.openqa.selenium.remote.http.W3CHttpResponseCodec.decode(W3CHttpResponseCodec.java:49)
	at org.openqa.selenium.remote.HttpCommandExecutor.execute(HttpCommandExecutor.java:158)
	at io.appium.java_client.remote.AppiumCommandExecutor.execute(AppiumCommandExecutor.java:239)
	at org.openqa.selenium.remote.RemoteWebDriver.execute(RemoteWebDriver.java:552)
	at io.appium.java_client.DefaultGenericMobileDriver.execute(DefaultGenericMobileDriver.java:46)
	at io.appium.java_client.AppiumDriver.execute(AppiumDriver.java:1)
	at io.appium.java_client.android.AndroidDriver.execute(AndroidDriver.java:1)
	at com.kms.katalon.core.appium.driver.SwipeableAndroidDriver.execute(SwipeableAndroidDriver.java:1)
	at org.openqa.selenium.remote.RemoteWebDriver$RemoteWebDriverOptions$RemoteWindow.getSize(RemoteWebDriver.java:813)
	at org.openqa.selenium.WebDriver$Window$getSize.call(Unknown Source)
	at com.kms.katalon.core.mobile.keyword.internal.MobileAbstractKeyword.findElement(MobileAbstractKeyword.groovy:81)
	at com.kms.katalon.core.mobile.keyword.builtin.TapKeyword.access$1(TapKeyword.groovy)
	at com.kms.katalon.core.mobile.keyword.builtin.TapKeyword$_tap_closure1.doCall(TapKeyword.groovy:76)
	at com.kms.katalon.core.mobile.keyword.builtin.TapKeyword$_tap_closure1.call(TapKeyword.groovy)
	at com.kms.katalon.core.mobile.keyword.internal.MobileKeywordMain.runKeyword(MobileKeywordMain.groovy:21)
	... 19 more]]></system-err>
      </testcase>
      <testcase name="Test Cases/DuitNow/duitNow_mobileNumberFavTransaction" time="36.855" classname="Test Cases/DuitNow/duitNow_mobileNumberFavTransaction" status="FAILED">
         <failure type="FAILED" message="Test Cases/DuitNow/duitNow_mobileNumberFavTransaction FAILED.
Reason:
com.kms.katalon.core.exception.StepFailedException: Unable to get the physical height value of the device (Root cause: org.openqa.selenium.WebDriverException: An unknown server-side error occurred while processing the command. Original error: 'GET /window/current/size' cannot be proxied to UiAutomator2 server because the instrumentation process is not running (probably crashed). Check the server log and/or the logcat output for more details
Build info: version: '3.141.59', revision: 'e82be7d358', time: '2018-11-14T08:25:53'
System info: host: '00139272s-MacBook-Pro.local', ip: '2001:e68:6167:d901:5dd8:2a3:885f:7e34%en0', os.name: 'Mac OS X', os.arch: 'x86_64', os.version: '10.16', java.version: '1.8.0_275'
Driver info: com.kms.katalon.core.appium.driver.SwipeableAndroidDriver
Capabilities {app: /Users/a00139272/Katalon St..., appActivity: com.maybank2u.life.MainActi..., appPackage: com.maybank2u.life.sit, appWaitActivity: *, autoGrantPermissions: true, automationName: uiautomator2, chromedriverPort: 52878, databaseEnabled: false, desired: {app: /Users/a00139272/Katalon St..., appActivity: com.maybank2u.life.MainActi..., appPackage: com.maybank2u.life.sit, appWaitActivity: *, autoGrantPermissions: true, automationName: uiautomator2, chromedriverPort: 52878, deviceId: 002b9cc60508, deviceName: Xiaomi 21061119AG (Android 11), fullReset: false, newCommandTimeout: 1800, noReset: true, platform: ANDROID, platformName: android, platformVersion: 11, systemPort: 52876, udid: 002b9cc60508}, deviceApiLevel: 30, deviceId: 002b9cc60508, deviceManufacturer: Xiaomi, deviceModel: 21061119AG, deviceName: 002b9cc60508, deviceScreenDensity: 440, deviceScreenSize: 1080x2400, deviceUDID: 002b9cc60508, fullReset: false, javascriptEnabled: true, locationContextEnabled: false, networkConnectionEnabled: true, newCommandTimeout: 1800, noReset: true, pixelRatio: 2.75, platform: ANDROID, platformName: Android, platformVersion: 11, statBarHeight: 103, systemPort: 52876, takesScreenshot: true, udid: 002b9cc60508, viewportRect: {height: 2064, left: 0, top: 103, width: 1080}, warnings: {}, webStorageEnabled: false}
Session ID: 07e0a906-f567-4646-abfd-84c6cc800d18
	at org.openqa.selenium.remote.http.W3CHttpResponseCodec.createException(W3CHttpResponseCodec.java:187)
	at org.openqa.selenium.remote.http.W3CHttpResponseCodec.decode(W3CHttpResponseCodec.java:122)
	at org.openqa.selenium.remote.http.W3CHttpResponseCodec.decode(W3CHttpResponseCodec.java:49)
	at org.openqa.selenium.remote.HttpCommandExecutor.execute(HttpCommandExecutor.java:158)
	at io.appium.java_client.remote.AppiumCommandExecutor.execute(AppiumCommandExecutor.java:239)
	at org.openqa.selenium.remote.RemoteWebDriver.execute(RemoteWebDriver.java:552)
	at io.appium.java_client.DefaultGenericMobileDriver.execute(DefaultGenericMobileDriver.java:46)
	at io.appium.java_client.AppiumDriver.execute(AppiumDriver.java:1)
	at io.appium.java_client.android.AndroidDriver.execute(AndroidDriver.java:1)
	at com.kms.katalon.core.appium.driver.SwipeableAndroidDriver.execute(SwipeableAndroidDriver.java:1)
	at org.openqa.selenium.remote.RemoteWebDriver$RemoteWebDriverOptions$RemoteWindow.getSize(RemoteWebDriver.java:813)
	at com.kms.katalon.core.mobile.keyword.builtin.GetDeviceHeightKeyword$_getDeviceHeight_closure1.doCall(GetDeviceHeightKeyword.groovy:73)
	at com.kms.katalon.core.mobile.keyword.builtin.GetDeviceHeightKeyword$_getDeviceHeight_closure1.call(GetDeviceHeightKeyword.groovy)
	at com.kms.katalon.core.mobile.keyword.internal.MobileKeywordMain.runKeywordAndReturnInt(MobileKeywordMain.groovy:30)
	at com.kms.katalon.core.mobile.keyword.builtin.GetDeviceHeightKeyword.getDeviceHeight(GetDeviceHeightKeyword.groovy:68)
	at com.kms.katalon.core.mobile.keyword.builtin.GetDeviceHeightKeyword.execute(GetDeviceHeightKeyword.groovy:63)
	at com.kms.katalon.core.keyword.internal.KeywordExecutor.executeKeywordForPlatform(KeywordExecutor.groovy:74)
	at com.kms.katalon.core.mobile.keyword.MobileBuiltInKeywords.getDeviceHeight(MobileBuiltInKeywords.groovy:2110)
	at com.kms.katalon.core.mobile.keyword.MobileBuiltInKeywords$getDeviceHeight$0.call(Unknown Source)
	at duitNow_mobileNumberFavTransaction.run(duitNow_mobileNumberFavTransaction:40)
	at com.kms.katalon.core.main.ScriptEngine.run(ScriptEngine.java:194)
	at com.kms.katalon.core.main.ScriptEngine.runScriptAsRawText(ScriptEngine.java:119)
	at com.kms.katalon.core.main.TestCaseExecutor.runScript(TestCaseExecutor.java:445)
	at com.kms.katalon.core.main.TestCaseExecutor.doExecute(TestCaseExecutor.java:436)
	at com.kms.katalon.core.main.TestCaseExecutor.processExecutionPhase(TestCaseExecutor.java:415)
	at com.kms.katalon.core.main.TestCaseExecutor.accessMainPhase(TestCaseExecutor.java:407)
	at com.kms.katalon.core.main.TestCaseExecutor.execute(TestCaseExecutor.java:284)
	at com.kms.katalon.core.common.CommonExecutor.accessTestCaseMainPhase(CommonExecutor.java:65)
	at com.kms.katalon.core.main.TestSuiteExecutor.accessTestSuiteMainPhase(TestSuiteExecutor.java:144)
	at com.kms.katalon.core.main.TestSuiteExecutor.execute(TestSuiteExecutor.java:106)
	at com.kms.katalon.core.main.TestCaseMain.startTestSuite(TestCaseMain.java:185)
	at com.kms.katalon.core.main.TestCaseMain$startTestSuite$0.call(Unknown Source)
	at TempTestSuite1655885093224.run(TempTestSuite1655885093224.groovy:36)
)
	at com.kms.katalon.core.keyword.internal.KeywordMain.stepFailed(KeywordMain.groovy:39)
	at com.kms.katalon.core.mobile.keyword.internal.MobileKeywordMain.stepFailed(MobileKeywordMain.groovy:40)
	at com.kms.katalon.core.mobile.keyword.internal.MobileKeywordMain.runKeywordAndReturnInt(MobileKeywordMain.groovy:32)
	at com.kms.katalon.core.mobile.keyword.builtin.GetDeviceHeightKeyword.getDeviceHeight(GetDeviceHeightKeyword.groovy:68)
	at com.kms.katalon.core.mobile.keyword.builtin.GetDeviceHeightKeyword.execute(GetDeviceHeightKeyword.groovy:63)
	at com.kms.katalon.core.keyword.internal.KeywordExecutor.executeKeywordForPlatform(KeywordExecutor.groovy:74)
	at com.kms.katalon.core.mobile.keyword.MobileBuiltInKeywords.getDeviceHeight(MobileBuiltInKeywords.groovy:2110)
	at com.kms.katalon.core.mobile.keyword.MobileBuiltInKeywords$getDeviceHeight$0.call(Unknown Source)
	at duitNow_mobileNumberFavTransaction.run(duitNow_mobileNumberFavTransaction:40)
	at com.kms.katalon.core.main.ScriptEngine.run(ScriptEngine.java:194)
	at com.kms.katalon.core.main.ScriptEngine.runScriptAsRawText(ScriptEngine.java:119)
	at com.kms.katalon.core.main.TestCaseExecutor.runScript(TestCaseExecutor.java:445)
	at com.kms.katalon.core.main.TestCaseExecutor.doExecute(TestCaseExecutor.java:436)
	at com.kms.katalon.core.main.TestCaseExecutor.processExecutionPhase(TestCaseExecutor.java:415)
	at com.kms.katalon.core.main.TestCaseExecutor.accessMainPhase(TestCaseExecutor.java:407)
	at com.kms.katalon.core.main.TestCaseExecutor.execute(TestCaseExecutor.java:284)
	at com.kms.katalon.core.common.CommonExecutor.accessTestCaseMainPhase(CommonExecutor.java:65)
	at com.kms.katalon.core.main.TestSuiteExecutor.accessTestSuiteMainPhase(TestSuiteExecutor.java:144)
	at com.kms.katalon.core.main.TestSuiteExecutor.execute(TestSuiteExecutor.java:106)
	at com.kms.katalon.core.main.TestCaseMain.startTestSuite(TestCaseMain.java:185)
	at com.kms.katalon.core.main.TestCaseMain$startTestSuite$0.call(Unknown Source)
	at TempTestSuite1655885093224.run(TempTestSuite1655885093224.groovy:36)
Caused by: org.openqa.selenium.WebDriverException: An unknown server-side error occurred while processing the command. Original error: 'GET /window/current/size' cannot be proxied to UiAutomator2 server because the instrumentation process is not running (probably crashed). Check the server log and/or the logcat output for more details
Build info: version: '3.141.59', revision: 'e82be7d358', time: '2018-11-14T08:25:53'
System info: host: '00139272s-MacBook-Pro.local', ip: '2001:e68:6167:d901:5dd8:2a3:885f:7e34%en0', os.name: 'Mac OS X', os.arch: 'x86_64', os.version: '10.16', java.version: '1.8.0_275'
Driver info: com.kms.katalon.core.appium.driver.SwipeableAndroidDriver
Capabilities {app: /Users/a00139272/Katalon St..., appActivity: com.maybank2u.life.MainActi..., appPackage: com.maybank2u.life.sit, appWaitActivity: *, autoGrantPermissions: true, automationName: uiautomator2, chromedriverPort: 52878, databaseEnabled: false, desired: {app: /Users/a00139272/Katalon St..., appActivity: com.maybank2u.life.MainActi..., appPackage: com.maybank2u.life.sit, appWaitActivity: *, autoGrantPermissions: true, automationName: uiautomator2, chromedriverPort: 52878, deviceId: 002b9cc60508, deviceName: Xiaomi 21061119AG (Android 11), fullReset: false, newCommandTimeout: 1800, noReset: true, platform: ANDROID, platformName: android, platformVersion: 11, systemPort: 52876, udid: 002b9cc60508}, deviceApiLevel: 30, deviceId: 002b9cc60508, deviceManufacturer: Xiaomi, deviceModel: 21061119AG, deviceName: 002b9cc60508, deviceScreenDensity: 440, deviceScreenSize: 1080x2400, deviceUDID: 002b9cc60508, fullReset: false, javascriptEnabled: true, locationContextEnabled: false, networkConnectionEnabled: true, newCommandTimeout: 1800, noReset: true, pixelRatio: 2.75, platform: ANDROID, platformName: Android, platformVersion: 11, statBarHeight: 103, systemPort: 52876, takesScreenshot: true, udid: 002b9cc60508, viewportRect: {height: 2064, left: 0, top: 103, width: 1080}, warnings: {}, webStorageEnabled: false}
Session ID: 07e0a906-f567-4646-abfd-84c6cc800d18
	at org.openqa.selenium.remote.http.W3CHttpResponseCodec.createException(W3CHttpResponseCodec.java:187)
	at org.openqa.selenium.remote.http.W3CHttpResponseCodec.decode(W3CHttpResponseCodec.java:122)
	at org.openqa.selenium.remote.http.W3CHttpResponseCodec.decode(W3CHttpResponseCodec.java:49)
	at org.openqa.selenium.remote.HttpCommandExecutor.execute(HttpCommandExecutor.java:158)
	at io.appium.java_client.remote.AppiumCommandExecutor.execute(AppiumCommandExecutor.java:239)
	at org.openqa.selenium.remote.RemoteWebDriver.execute(RemoteWebDriver.java:552)
	at io.appium.java_client.DefaultGenericMobileDriver.execute(DefaultGenericMobileDriver.java:46)
	at io.appium.java_client.AppiumDriver.execute(AppiumDriver.java:1)
	at io.appium.java_client.android.AndroidDriver.execute(AndroidDriver.java:1)
	at com.kms.katalon.core.appium.driver.SwipeableAndroidDriver.execute(SwipeableAndroidDriver.java:1)
	at org.openqa.selenium.remote.RemoteWebDriver$RemoteWebDriverOptions$RemoteWindow.getSize(RemoteWebDriver.java:813)
	at com.kms.katalon.core.mobile.keyword.builtin.GetDeviceHeightKeyword$_getDeviceHeight_closure1.doCall(GetDeviceHeightKeyword.groovy:73)
	at com.kms.katalon.core.mobile.keyword.builtin.GetDeviceHeightKeyword$_getDeviceHeight_closure1.call(GetDeviceHeightKeyword.groovy)
	at com.kms.katalon.core.mobile.keyword.internal.MobileKeywordMain.runKeywordAndReturnInt(MobileKeywordMain.groovy:30)
	... 19 more
"/>
         <system-out><![CDATA[2022-06-22 16:49:02 - [TEST_CASE][FAILED] - Test Cases/DuitNow/duitNow_mobileNumberFavTransaction: Test Cases/DuitNow/duitNow_mobileNumberFavTransaction FAILED.
Reason:
com.kms.katalon.core.exception.StepFailedException: Unable to get the physical height value of the device (Root cause: org.openqa.selenium.WebDriverException: An unknown server-side error occurred while processing the command. Original error: 'GET /window/current/size' cannot be proxied to UiAutomator2 server because the instrumentation process is not running (probably crashed). Check the server log and/or the logcat output for more details
Build info: version: '3.141.59', revision: 'e82be7d358', time: '2018-11-14T08:25:53'
System info: host: '00139272s-MacBook-Pro.local', ip: '2001:e68:6167:d901:5dd8:2a3:885f:7e34%en0', os.name: 'Mac OS X', os.arch: 'x86_64', os.version: '10.16', java.version: '1.8.0_275'
Driver info: com.kms.katalon.core.appium.driver.SwipeableAndroidDriver
Capabilities {app: /Users/a00139272/Katalon St..., appActivity: com.maybank2u.life.MainActi..., appPackage: com.maybank2u.life.sit, appWaitActivity: *, autoGrantPermissions: true, automationName: uiautomator2, chromedriverPort: 52878, databaseEnabled: false, desired: {app: /Users/a00139272/Katalon St..., appActivity: com.maybank2u.life.MainActi..., appPackage: com.maybank2u.life.sit, appWaitActivity: *, autoGrantPermissions: true, automationName: uiautomator2, chromedriverPort: 52878, deviceId: 002b9cc60508, deviceName: Xiaomi 21061119AG (Android 11), fullReset: false, newCommandTimeout: 1800, noReset: true, platform: ANDROID, platformName: android, platformVersion: 11, systemPort: 52876, udid: 002b9cc60508}, deviceApiLevel: 30, deviceId: 002b9cc60508, deviceManufacturer: Xiaomi, deviceModel: 21061119AG, deviceName: 002b9cc60508, deviceScreenDensity: 440, deviceScreenSize: 1080x2400, deviceUDID: 002b9cc60508, fullReset: false, javascriptEnabled: true, locationContextEnabled: false, networkConnectionEnabled: true, newCommandTimeout: 1800, noReset: true, pixelRatio: 2.75, platform: ANDROID, platformName: Android, platformVersion: 11, statBarHeight: 103, systemPort: 52876, takesScreenshot: true, udid: 002b9cc60508, viewportRect: {height: 2064, left: 0, top: 103, width: 1080}, warnings: {}, webStorageEnabled: false}
Session ID: 07e0a906-f567-4646-abfd-84c6cc800d18
	at org.openqa.selenium.remote.http.W3CHttpResponseCodec.createException(W3CHttpResponseCodec.java:187)
	at org.openqa.selenium.remote.http.W3CHttpResponseCodec.decode(W3CHttpResponseCodec.java:122)
	at org.openqa.selenium.remote.http.W3CHttpResponseCodec.decode(W3CHttpResponseCodec.java:49)
	at org.openqa.selenium.remote.HttpCommandExecutor.execute(HttpCommandExecutor.java:158)
	at io.appium.java_client.remote.AppiumCommandExecutor.execute(AppiumCommandExecutor.java:239)
	at org.openqa.selenium.remote.RemoteWebDriver.execute(RemoteWebDriver.java:552)
	at io.appium.java_client.DefaultGenericMobileDriver.execute(DefaultGenericMobileDriver.java:46)
	at io.appium.java_client.AppiumDriver.execute(AppiumDriver.java:1)
	at io.appium.java_client.android.AndroidDriver.execute(AndroidDriver.java:1)
	at com.kms.katalon.core.appium.driver.SwipeableAndroidDriver.execute(SwipeableAndroidDriver.java:1)
	at org.openqa.selenium.remote.RemoteWebDriver$RemoteWebDriverOptions$RemoteWindow.getSize(RemoteWebDriver.java:813)
	at com.kms.katalon.core.mobile.keyword.builtin.GetDeviceHeightKeyword$_getDeviceHeight_closure1.doCall(GetDeviceHeightKeyword.groovy:73)
	at com.kms.katalon.core.mobile.keyword.builtin.GetDeviceHeightKeyword$_getDeviceHeight_closure1.call(GetDeviceHeightKeyword.groovy)
	at com.kms.katalon.core.mobile.keyword.internal.MobileKeywordMain.runKeywordAndReturnInt(MobileKeywordMain.groovy:30)
	at com.kms.katalon.core.mobile.keyword.builtin.GetDeviceHeightKeyword.getDeviceHeight(GetDeviceHeightKeyword.groovy:68)
	at com.kms.katalon.core.mobile.keyword.builtin.GetDeviceHeightKeyword.execute(GetDeviceHeightKeyword.groovy:63)
	at com.kms.katalon.core.keyword.internal.KeywordExecutor.executeKeywordForPlatform(KeywordExecutor.groovy:74)
	at com.kms.katalon.core.mobile.keyword.MobileBuiltInKeywords.getDeviceHeight(MobileBuiltInKeywords.groovy:2110)
	at com.kms.katalon.core.mobile.keyword.MobileBuiltInKeywords$getDeviceHeight$0.call(Unknown Source)
	at duitNow_mobileNumberFavTransaction.run(duitNow_mobileNumberFavTransaction:40)
	at com.kms.katalon.core.main.ScriptEngine.run(ScriptEngine.java:194)
	at com.kms.katalon.core.main.ScriptEngine.runScriptAsRawText(ScriptEngine.java:119)
	at com.kms.katalon.core.main.TestCaseExecutor.runScript(TestCaseExecutor.java:445)
	at com.kms.katalon.core.main.TestCaseExecutor.doExecute(TestCaseExecutor.java:436)
	at com.kms.katalon.core.main.TestCaseExecutor.processExecutionPhase(TestCaseExecutor.java:415)
	at com.kms.katalon.core.main.TestCaseExecutor.accessMainPhase(TestCaseExecutor.java:407)
	at com.kms.katalon.core.main.TestCaseExecutor.execute(TestCaseExecutor.java:284)
	at com.kms.katalon.core.common.CommonExecutor.accessTestCaseMainPhase(CommonExecutor.java:65)
	at com.kms.katalon.core.main.TestSuiteExecutor.accessTestSuiteMainPhase(TestSuiteExecutor.java:144)
	at com.kms.katalon.core.main.TestSuiteExecutor.execute(TestSuiteExecutor.java:106)
	at com.kms.katalon.core.main.TestCaseMain.startTestSuite(TestCaseMain.java:185)
	at com.kms.katalon.core.main.TestCaseMain$startTestSuite$0.call(Unknown Source)
	at TempTestSuite1655885093224.run(TempTestSuite1655885093224.groovy:36)
)
	at com.kms.katalon.core.keyword.internal.KeywordMain.stepFailed(KeywordMain.groovy:39)
	at com.kms.katalon.core.mobile.keyword.internal.MobileKeywordMain.stepFailed(MobileKeywordMain.groovy:40)
	at com.kms.katalon.core.mobile.keyword.internal.MobileKeywordMain.runKeywordAndReturnInt(MobileKeywordMain.groovy:32)
	at com.kms.katalon.core.mobile.keyword.builtin.GetDeviceHeightKeyword.getDeviceHeight(GetDeviceHeightKeyword.groovy:68)
	at com.kms.katalon.core.mobile.keyword.builtin.GetDeviceHeightKeyword.execute(GetDeviceHeightKeyword.groovy:63)
	at com.kms.katalon.core.keyword.internal.KeywordExecutor.executeKeywordForPlatform(KeywordExecutor.groovy:74)
	at com.kms.katalon.core.mobile.keyword.MobileBuiltInKeywords.getDeviceHeight(MobileBuiltInKeywords.groovy:2110)
	at com.kms.katalon.core.mobile.keyword.MobileBuiltInKeywords$getDeviceHeight$0.call(Unknown Source)
	at duitNow_mobileNumberFavTransaction.run(duitNow_mobileNumberFavTransaction:40)
	at com.kms.katalon.core.main.ScriptEngine.run(ScriptEngine.java:194)
	at com.kms.katalon.core.main.ScriptEngine.runScriptAsRawText(ScriptEngine.java:119)
	at com.kms.katalon.core.main.TestCaseExecutor.runScript(TestCaseExecutor.java:445)
	at com.kms.katalon.core.main.TestCaseExecutor.doExecute(TestCaseExecutor.java:436)
	at com.kms.katalon.core.main.TestCaseExecutor.processExecutionPhase(TestCaseExecutor.java:415)
	at com.kms.katalon.core.main.TestCaseExecutor.accessMainPhase(TestCaseExecutor.java:407)
	at com.kms.katalon.core.main.TestCaseExecutor.execute(TestCaseExecutor.java:284)
	at com.kms.katalon.core.common.CommonExecutor.accessTestCaseMainPhase(CommonExecutor.java:65)
	at com.kms.katalon.core.main.TestSuiteExecutor.accessTestSuiteMainPhase(TestSuiteExecutor.java:144)
	at com.kms.katalon.core.main.TestSuiteExecutor.execute(TestSuiteExecutor.java:106)
	at com.kms.katalon.core.main.TestCaseMain.startTestSuite(TestCaseMain.java:185)
	at com.kms.katalon.core.main.TestCaseMain$startTestSuite$0.call(Unknown Source)
	at TempTestSuite1655885093224.run(TempTestSuite1655885093224.groovy:36)
Caused by: org.openqa.selenium.WebDriverException: An unknown server-side error occurred while processing the command. Original error: 'GET /window/current/size' cannot be proxied to UiAutomator2 server because the instrumentation process is not running (probably crashed). Check the server log and/or the logcat output for more details
Build info: version: '3.141.59', revision: 'e82be7d358', time: '2018-11-14T08:25:53'
System info: host: '00139272s-MacBook-Pro.local', ip: '2001:e68:6167:d901:5dd8:2a3:885f:7e34%en0', os.name: 'Mac OS X', os.arch: 'x86_64', os.version: '10.16', java.version: '1.8.0_275'
Driver info: com.kms.katalon.core.appium.driver.SwipeableAndroidDriver
Capabilities {app: /Users/a00139272/Katalon St..., appActivity: com.maybank2u.life.MainActi..., appPackage: com.maybank2u.life.sit, appWaitActivity: *, autoGrantPermissions: true, automationName: uiautomator2, chromedriverPort: 52878, databaseEnabled: false, desired: {app: /Users/a00139272/Katalon St..., appActivity: com.maybank2u.life.MainActi..., appPackage: com.maybank2u.life.sit, appWaitActivity: *, autoGrantPermissions: true, automationName: uiautomator2, chromedriverPort: 52878, deviceId: 002b9cc60508, deviceName: Xiaomi 21061119AG (Android 11), fullReset: false, newCommandTimeout: 1800, noReset: true, platform: ANDROID, platformName: android, platformVersion: 11, systemPort: 52876, udid: 002b9cc60508}, deviceApiLevel: 30, deviceId: 002b9cc60508, deviceManufacturer: Xiaomi, deviceModel: 21061119AG, deviceName: 002b9cc60508, deviceScreenDensity: 440, deviceScreenSize: 1080x2400, deviceUDID: 002b9cc60508, fullReset: false, javascriptEnabled: true, locationContextEnabled: false, networkConnectionEnabled: true, newCommandTimeout: 1800, noReset: true, pixelRatio: 2.75, platform: ANDROID, platformName: Android, platformVersion: 11, statBarHeight: 103, systemPort: 52876, takesScreenshot: true, udid: 002b9cc60508, viewportRect: {height: 2064, left: 0, top: 103, width: 1080}, warnings: {}, webStorageEnabled: false}
Session ID: 07e0a906-f567-4646-abfd-84c6cc800d18
	at org.openqa.selenium.remote.http.W3CHttpResponseCodec.createException(W3CHttpResponseCodec.java:187)
	at org.openqa.selenium.remote.http.W3CHttpResponseCodec.decode(W3CHttpResponseCodec.java:122)
	at org.openqa.selenium.remote.http.W3CHttpResponseCodec.decode(W3CHttpResponseCodec.java:49)
	at org.openqa.selenium.remote.HttpCommandExecutor.execute(HttpCommandExecutor.java:158)
	at io.appium.java_client.remote.AppiumCommandExecutor.execute(AppiumCommandExecutor.java:239)
	at org.openqa.selenium.remote.RemoteWebDriver.execute(RemoteWebDriver.java:552)
	at io.appium.java_client.DefaultGenericMobileDriver.execute(DefaultGenericMobileDriver.java:46)
	at io.appium.java_client.AppiumDriver.execute(AppiumDriver.java:1)
	at io.appium.java_client.android.AndroidDriver.execute(AndroidDriver.java:1)
	at com.kms.katalon.core.appium.driver.SwipeableAndroidDriver.execute(SwipeableAndroidDriver.java:1)
	at org.openqa.selenium.remote.RemoteWebDriver$RemoteWebDriverOptions$RemoteWindow.getSize(RemoteWebDriver.java:813)
	at com.kms.katalon.core.mobile.keyword.builtin.GetDeviceHeightKeyword$_getDeviceHeight_closure1.doCall(GetDeviceHeightKeyword.groovy:73)
	at com.kms.katalon.core.mobile.keyword.builtin.GetDeviceHeightKeyword$_getDeviceHeight_closure1.call(GetDeviceHeightKeyword.groovy)
	at com.kms.katalon.core.mobile.keyword.internal.MobileKeywordMain.runKeywordAndReturnInt(MobileKeywordMain.groovy:30)
	... 19 more


2022-06-22 16:49:02 - [TEST_STEP][PASSED] - delay(5): Delayed 5 second(s)

2022-06-22 16:49:07 - [MESSAGE][PASSED] - Delayed 5 second(s)

2022-06-22 16:49:07 - [TEST_STEP][FAILED] - device_Height = getDeviceHeight(): Unable to get the physical height value of the device (Root cause: org.openqa.selenium.WebDriverException: An unknown server-side error occurred while processing the command. Original error: 'GET /window/current/size' cannot be proxied to UiAutomator2 server because the instrumentation process is not running (probably crashed). Check the server log and/or the logcat output for more details
Build info: version: '3.141.59', revision: 'e82be7d358', time: '2018-11-14T08:25:53'
System info: host: '00139272s-MacBook-Pro.local', ip: '2001:e68:6167:d901:5dd8:2a3:885f:7e34%en0', os.name: 'Mac OS X', os.arch: 'x86_64', os.version: '10.16', java.version: '1.8.0_275'
Driver info: com.kms.katalon.core.appium.driver.SwipeableAndroidDriver
Capabilities {app: /Users/a00139272/Katalon St..., appActivity: com.maybank2u.life.MainActi..., appPackage: com.maybank2u.life.sit, appWaitActivity: *, autoGrantPermissions: true, automationName: uiautomator2, chromedriverPort: 52878, databaseEnabled: false, desired: {app: /Users/a00139272/Katalon St..., appActivity: com.maybank2u.life.MainActi..., appPackage: com.maybank2u.life.sit, appWaitActivity: *, autoGrantPermissions: true, automationName: uiautomator2, chromedriverPort: 52878, deviceId: 002b9cc60508, deviceName: Xiaomi 21061119AG (Android 11), fullReset: false, newCommandTimeout: 1800, noReset: true, platform: ANDROID, platformName: android, platformVersion: 11, systemPort: 52876, udid: 002b9cc60508}, deviceApiLevel: 30, deviceId: 002b9cc60508, deviceManufacturer: Xiaomi, deviceModel: 21061119AG, deviceName: 002b9cc60508, deviceScreenDensity: 440, deviceScreenSize: 1080x2400, deviceUDID: 002b9cc60508, fullReset: false, javascriptEnabled: true, locationContextEnabled: false, networkConnectionEnabled: true, newCommandTimeout: 1800, noReset: true, pixelRatio: 2.75, platform: ANDROID, platformName: Android, platformVersion: 11, statBarHeight: 103, systemPort: 52876, takesScreenshot: true, udid: 002b9cc60508, viewportRect: {height: 2064, left: 0, top: 103, width: 1080}, warnings: {}, webStorageEnabled: false}
Session ID: 07e0a906-f567-4646-abfd-84c6cc800d18
	at org.openqa.selenium.remote.http.W3CHttpResponseCodec.createException(W3CHttpResponseCodec.java:187)
	at org.openqa.selenium.remote.http.W3CHttpResponseCodec.decode(W3CHttpResponseCodec.java:122)
	at org.openqa.selenium.remote.http.W3CHttpResponseCodec.decode(W3CHttpResponseCodec.java:49)
	at org.openqa.selenium.remote.HttpCommandExecutor.execute(HttpCommandExecutor.java:158)
	at io.appium.java_client.remote.AppiumCommandExecutor.execute(AppiumCommandExecutor.java:239)
	at org.openqa.selenium.remote.RemoteWebDriver.execute(RemoteWebDriver.java:552)
	at io.appium.java_client.DefaultGenericMobileDriver.execute(DefaultGenericMobileDriver.java:46)
	at io.appium.java_client.AppiumDriver.execute(AppiumDriver.java:1)
	at io.appium.java_client.android.AndroidDriver.execute(AndroidDriver.java:1)
	at com.kms.katalon.core.appium.driver.SwipeableAndroidDriver.execute(SwipeableAndroidDriver.java:1)
	at org.openqa.selenium.remote.RemoteWebDriver$RemoteWebDriverOptions$RemoteWindow.getSize(RemoteWebDriver.java:813)
	at com.kms.katalon.core.mobile.keyword.builtin.GetDeviceHeightKeyword$_getDeviceHeight_closure1.doCall(GetDeviceHeightKeyword.groovy:73)
	at com.kms.katalon.core.mobile.keyword.builtin.GetDeviceHeightKeyword$_getDeviceHeight_closure1.call(GetDeviceHeightKeyword.groovy)
	at com.kms.katalon.core.mobile.keyword.internal.MobileKeywordMain.runKeywordAndReturnInt(MobileKeywordMain.groovy:30)
	at com.kms.katalon.core.mobile.keyword.builtin.GetDeviceHeightKeyword.getDeviceHeight(GetDeviceHeightKeyword.groovy:68)
	at com.kms.katalon.core.mobile.keyword.builtin.GetDeviceHeightKeyword.execute(GetDeviceHeightKeyword.groovy:63)
	at com.kms.katalon.core.keyword.internal.KeywordExecutor.executeKeywordForPlatform(KeywordExecutor.groovy:74)
	at com.kms.katalon.core.mobile.keyword.MobileBuiltInKeywords.getDeviceHeight(MobileBuiltInKeywords.groovy:2110)
	at com.kms.katalon.core.mobile.keyword.MobileBuiltInKeywords$getDeviceHeight$0.call(Unknown Source)
	at duitNow_mobileNumberFavTransaction.run(duitNow_mobileNumberFavTransaction:40)
	at com.kms.katalon.core.main.ScriptEngine.run(ScriptEngine.java:194)
	at com.kms.katalon.core.main.ScriptEngine.runScriptAsRawText(ScriptEngine.java:119)
	at com.kms.katalon.core.main.TestCaseExecutor.runScript(TestCaseExecutor.java:445)
	at com.kms.katalon.core.main.TestCaseExecutor.doExecute(TestCaseExecutor.java:436)
	at com.kms.katalon.core.main.TestCaseExecutor.processExecutionPhase(TestCaseExecutor.java:415)
	at com.kms.katalon.core.main.TestCaseExecutor.accessMainPhase(TestCaseExecutor.java:407)
	at com.kms.katalon.core.main.TestCaseExecutor.execute(TestCaseExecutor.java:284)
	at com.kms.katalon.core.common.CommonExecutor.accessTestCaseMainPhase(CommonExecutor.java:65)
	at com.kms.katalon.core.main.TestSuiteExecutor.accessTestSuiteMainPhase(TestSuiteExecutor.java:144)
	at com.kms.katalon.core.main.TestSuiteExecutor.execute(TestSuiteExecutor.java:106)
	at com.kms.katalon.core.main.TestCaseMain.startTestSuite(TestCaseMain.java:185)
	at com.kms.katalon.core.main.TestCaseMain$startTestSuite$0.call(Unknown Source)
	at TempTestSuite1655885093224.run(TempTestSuite1655885093224.groovy:36)
)

2022-06-22 16:49:07 - [MESSAGE][FAILED] - Unable to get the physical height value of the device (Root cause: org.openqa.selenium.WebDriverException: An unknown server-side error occurred while processing the command. Original error: 'GET /window/current/size' cannot be proxied to UiAutomator2 server because the instrumentation process is not running (probably crashed). Check the server log and/or the logcat output for more details
Build info: version: '3.141.59', revision: 'e82be7d358', time: '2018-11-14T08:25:53'
System info: host: '00139272s-MacBook-Pro.local', ip: '2001:e68:6167:d901:5dd8:2a3:885f:7e34%en0', os.name: 'Mac OS X', os.arch: 'x86_64', os.version: '10.16', java.version: '1.8.0_275'
Driver info: com.kms.katalon.core.appium.driver.SwipeableAndroidDriver
Capabilities {app: /Users/a00139272/Katalon St..., appActivity: com.maybank2u.life.MainActi..., appPackage: com.maybank2u.life.sit, appWaitActivity: *, autoGrantPermissions: true, automationName: uiautomator2, chromedriverPort: 52878, databaseEnabled: false, desired: {app: /Users/a00139272/Katalon St..., appActivity: com.maybank2u.life.MainActi..., appPackage: com.maybank2u.life.sit, appWaitActivity: *, autoGrantPermissions: true, automationName: uiautomator2, chromedriverPort: 52878, deviceId: 002b9cc60508, deviceName: Xiaomi 21061119AG (Android 11), fullReset: false, newCommandTimeout: 1800, noReset: true, platform: ANDROID, platformName: android, platformVersion: 11, systemPort: 52876, udid: 002b9cc60508}, deviceApiLevel: 30, deviceId: 002b9cc60508, deviceManufacturer: Xiaomi, deviceModel: 21061119AG, deviceName: 002b9cc60508, deviceScreenDensity: 440, deviceScreenSize: 1080x2400, deviceUDID: 002b9cc60508, fullReset: false, javascriptEnabled: true, locationContextEnabled: false, networkConnectionEnabled: true, newCommandTimeout: 1800, noReset: true, pixelRatio: 2.75, platform: ANDROID, platformName: Android, platformVersion: 11, statBarHeight: 103, systemPort: 52876, takesScreenshot: true, udid: 002b9cc60508, viewportRect: {height: 2064, left: 0, top: 103, width: 1080}, warnings: {}, webStorageEnabled: false}
Session ID: 07e0a906-f567-4646-abfd-84c6cc800d18
	at org.openqa.selenium.remote.http.W3CHttpResponseCodec.createException(W3CHttpResponseCodec.java:187)
	at org.openqa.selenium.remote.http.W3CHttpResponseCodec.decode(W3CHttpResponseCodec.java:122)
	at org.openqa.selenium.remote.http.W3CHttpResponseCodec.decode(W3CHttpResponseCodec.java:49)
	at org.openqa.selenium.remote.HttpCommandExecutor.execute(HttpCommandExecutor.java:158)
	at io.appium.java_client.remote.AppiumCommandExecutor.execute(AppiumCommandExecutor.java:239)
	at org.openqa.selenium.remote.RemoteWebDriver.execute(RemoteWebDriver.java:552)
	at io.appium.java_client.DefaultGenericMobileDriver.execute(DefaultGenericMobileDriver.java:46)
	at io.appium.java_client.AppiumDriver.execute(AppiumDriver.java:1)
	at io.appium.java_client.android.AndroidDriver.execute(AndroidDriver.java:1)
	at com.kms.katalon.core.appium.driver.SwipeableAndroidDriver.execute(SwipeableAndroidDriver.java:1)
	at org.openqa.selenium.remote.RemoteWebDriver$RemoteWebDriverOptions$RemoteWindow.getSize(RemoteWebDriver.java:813)
	at com.kms.katalon.core.mobile.keyword.builtin.GetDeviceHeightKeyword$_getDeviceHeight_closure1.doCall(GetDeviceHeightKeyword.groovy:73)
	at com.kms.katalon.core.mobile.keyword.builtin.GetDeviceHeightKeyword$_getDeviceHeight_closure1.call(GetDeviceHeightKeyword.groovy)
	at com.kms.katalon.core.mobile.keyword.internal.MobileKeywordMain.runKeywordAndReturnInt(MobileKeywordMain.groovy:30)
	at com.kms.katalon.core.mobile.keyword.builtin.GetDeviceHeightKeyword.getDeviceHeight(GetDeviceHeightKeyword.groovy:68)
	at com.kms.katalon.core.mobile.keyword.builtin.GetDeviceHeightKeyword.execute(GetDeviceHeightKeyword.groovy:63)
	at com.kms.katalon.core.keyword.internal.KeywordExecutor.executeKeywordForPlatform(KeywordExecutor.groovy:74)
	at com.kms.katalon.core.mobile.keyword.MobileBuiltInKeywords.getDeviceHeight(MobileBuiltInKeywords.groovy:2110)
	at com.kms.katalon.core.mobile.keyword.MobileBuiltInKeywords$getDeviceHeight$0.call(Unknown Source)
	at duitNow_mobileNumberFavTransaction.run(duitNow_mobileNumberFavTransaction:40)
	at com.kms.katalon.core.main.ScriptEngine.run(ScriptEngine.java:194)
	at com.kms.katalon.core.main.ScriptEngine.runScriptAsRawText(ScriptEngine.java:119)
	at com.kms.katalon.core.main.TestCaseExecutor.runScript(TestCaseExecutor.java:445)
	at com.kms.katalon.core.main.TestCaseExecutor.doExecute(TestCaseExecutor.java:436)
	at com.kms.katalon.core.main.TestCaseExecutor.processExecutionPhase(TestCaseExecutor.java:415)
	at com.kms.katalon.core.main.TestCaseExecutor.accessMainPhase(TestCaseExecutor.java:407)
	at com.kms.katalon.core.main.TestCaseExecutor.execute(TestCaseExecutor.java:284)
	at com.kms.katalon.core.common.CommonExecutor.accessTestCaseMainPhase(CommonExecutor.java:65)
	at com.kms.katalon.core.main.TestSuiteExecutor.accessTestSuiteMainPhase(TestSuiteExecutor.java:144)
	at com.kms.katalon.core.main.TestSuiteExecutor.execute(TestSuiteExecutor.java:106)
	at com.kms.katalon.core.main.TestCaseMain.startTestSuite(TestCaseMain.java:185)
	at com.kms.katalon.core.main.TestCaseMain$startTestSuite$0.call(Unknown Source)
	at TempTestSuite1655885093224.run(TempTestSuite1655885093224.groovy:36)
)

2022-06-22 16:49:07 - [TEST_STEP][FAILED] - device_Width = getDeviceWidth(): Unable to get the physical width value of the device (Root cause: org.openqa.selenium.WebDriverException: An unknown server-side error occurred while processing the command. Original error: 'GET /window/current/size' cannot be proxied to UiAutomator2 server because the instrumentation process is not running (probably crashed). Check the server log and/or the logcat output for more details
Build info: version: '3.141.59', revision: 'e82be7d358', time: '2018-11-14T08:25:53'
System info: host: '00139272s-MacBook-Pro.local', ip: '2001:e68:6167:d901:5dd8:2a3:885f:7e34%en0', os.name: 'Mac OS X', os.arch: 'x86_64', os.version: '10.16', java.version: '1.8.0_275'
Driver info: com.kms.katalon.core.appium.driver.SwipeableAndroidDriver
Capabilities {app: /Users/a00139272/Katalon St..., appActivity: com.maybank2u.life.MainActi..., appPackage: com.maybank2u.life.sit, appWaitActivity: *, autoGrantPermissions: true, automationName: uiautomator2, chromedriverPort: 52878, databaseEnabled: false, desired: {app: /Users/a00139272/Katalon St..., appActivity: com.maybank2u.life.MainActi..., appPackage: com.maybank2u.life.sit, appWaitActivity: *, autoGrantPermissions: true, automationName: uiautomator2, chromedriverPort: 52878, deviceId: 002b9cc60508, deviceName: Xiaomi 21061119AG (Android 11), fullReset: false, newCommandTimeout: 1800, noReset: true, platform: ANDROID, platformName: android, platformVersion: 11, systemPort: 52876, udid: 002b9cc60508}, deviceApiLevel: 30, deviceId: 002b9cc60508, deviceManufacturer: Xiaomi, deviceModel: 21061119AG, deviceName: 002b9cc60508, deviceScreenDensity: 440, deviceScreenSize: 1080x2400, deviceUDID: 002b9cc60508, fullReset: false, javascriptEnabled: true, locationContextEnabled: false, networkConnectionEnabled: true, newCommandTimeout: 1800, noReset: true, pixelRatio: 2.75, platform: ANDROID, platformName: Android, platformVersion: 11, statBarHeight: 103, systemPort: 52876, takesScreenshot: true, udid: 002b9cc60508, viewportRect: {height: 2064, left: 0, top: 103, width: 1080}, warnings: {}, webStorageEnabled: false}
Session ID: 07e0a906-f567-4646-abfd-84c6cc800d18
	at org.openqa.selenium.remote.http.W3CHttpResponseCodec.createException(W3CHttpResponseCodec.java:187)
	at org.openqa.selenium.remote.http.W3CHttpResponseCodec.decode(W3CHttpResponseCodec.java:122)
	at org.openqa.selenium.remote.http.W3CHttpResponseCodec.decode(W3CHttpResponseCodec.java:49)
	at org.openqa.selenium.remote.HttpCommandExecutor.execute(HttpCommandExecutor.java:158)
	at io.appium.java_client.remote.AppiumCommandExecutor.execute(AppiumCommandExecutor.java:239)
	at org.openqa.selenium.remote.RemoteWebDriver.execute(RemoteWebDriver.java:552)
	at io.appium.java_client.DefaultGenericMobileDriver.execute(DefaultGenericMobileDriver.java:46)
	at io.appium.java_client.AppiumDriver.execute(AppiumDriver.java:1)
	at io.appium.java_client.android.AndroidDriver.execute(AndroidDriver.java:1)
	at com.kms.katalon.core.appium.driver.SwipeableAndroidDriver.execute(SwipeableAndroidDriver.java:1)
	at org.openqa.selenium.remote.RemoteWebDriver$RemoteWebDriverOptions$RemoteWindow.getSize(RemoteWebDriver.java:813)
	at com.kms.katalon.core.mobile.keyword.builtin.GetDeviceWidthKeyword$_getDeviceWidth_closure1.doCall(GetDeviceWidthKeyword.groovy:72)
	at com.kms.katalon.core.mobile.keyword.builtin.GetDeviceWidthKeyword$_getDeviceWidth_closure1.call(GetDeviceWidthKeyword.groovy)
	at com.kms.katalon.core.mobile.keyword.internal.MobileKeywordMain.runKeywordAndReturnInt(MobileKeywordMain.groovy:30)
	at com.kms.katalon.core.mobile.keyword.builtin.GetDeviceWidthKeyword.getDeviceWidth(GetDeviceWidthKeyword.groovy:67)
	at com.kms.katalon.core.mobile.keyword.builtin.GetDeviceWidthKeyword.execute(GetDeviceWidthKeyword.groovy:62)
	at com.kms.katalon.core.keyword.internal.KeywordExecutor.executeKeywordForPlatform(KeywordExecutor.groovy:74)
	at com.kms.katalon.core.mobile.keyword.MobileBuiltInKeywords.getDeviceWidth(MobileBuiltInKeywords.groovy:2087)
	at com.kms.katalon.core.mobile.keyword.MobileBuiltInKeywords$getDeviceWidth$1.call(Unknown Source)
	at duitNow_mobileNumberFavTransaction.run(duitNow_mobileNumberFavTransaction:42)
	at com.kms.katalon.core.main.ScriptEngine.run(ScriptEngine.java:194)
	at com.kms.katalon.core.main.ScriptEngine.runScriptAsRawText(ScriptEngine.java:119)
	at com.kms.katalon.core.main.TestCaseExecutor.runScript(TestCaseExecutor.java:445)
	at com.kms.katalon.core.main.TestCaseExecutor.doExecute(TestCaseExecutor.java:436)
	at com.kms.katalon.core.main.TestCaseExecutor.processExecutionPhase(TestCaseExecutor.java:415)
	at com.kms.katalon.core.main.TestCaseExecutor.accessMainPhase(TestCaseExecutor.java:407)
	at com.kms.katalon.core.main.TestCaseExecutor.execute(TestCaseExecutor.java:284)
	at com.kms.katalon.core.common.CommonExecutor.accessTestCaseMainPhase(CommonExecutor.java:65)
	at com.kms.katalon.core.main.TestSuiteExecutor.accessTestSuiteMainPhase(TestSuiteExecutor.java:144)
	at com.kms.katalon.core.main.TestSuiteExecutor.execute(TestSuiteExecutor.java:106)
	at com.kms.katalon.core.main.TestCaseMain.startTestSuite(TestCaseMain.java:185)
	at com.kms.katalon.core.main.TestCaseMain$startTestSuite$0.call(Unknown Source)
	at TempTestSuite1655885093224.run(TempTestSuite1655885093224.groovy:36)
)

2022-06-22 16:49:08 - [MESSAGE][FAILED] - Unable to get the physical width value of the device (Root cause: org.openqa.selenium.WebDriverException: An unknown server-side error occurred while processing the command. Original error: 'GET /window/current/size' cannot be proxied to UiAutomator2 server because the instrumentation process is not running (probably crashed). Check the server log and/or the logcat output for more details
Build info: version: '3.141.59', revision: 'e82be7d358', time: '2018-11-14T08:25:53'
System info: host: '00139272s-MacBook-Pro.local', ip: '2001:e68:6167:d901:5dd8:2a3:885f:7e34%en0', os.name: 'Mac OS X', os.arch: 'x86_64', os.version: '10.16', java.version: '1.8.0_275'
Driver info: com.kms.katalon.core.appium.driver.SwipeableAndroidDriver
Capabilities {app: /Users/a00139272/Katalon St..., appActivity: com.maybank2u.life.MainActi..., appPackage: com.maybank2u.life.sit, appWaitActivity: *, autoGrantPermissions: true, automationName: uiautomator2, chromedriverPort: 52878, databaseEnabled: false, desired: {app: /Users/a00139272/Katalon St..., appActivity: com.maybank2u.life.MainActi..., appPackage: com.maybank2u.life.sit, appWaitActivity: *, autoGrantPermissions: true, automationName: uiautomator2, chromedriverPort: 52878, deviceId: 002b9cc60508, deviceName: Xiaomi 21061119AG (Android 11), fullReset: false, newCommandTimeout: 1800, noReset: true, platform: ANDROID, platformName: android, platformVersion: 11, systemPort: 52876, udid: 002b9cc60508}, deviceApiLevel: 30, deviceId: 002b9cc60508, deviceManufacturer: Xiaomi, deviceModel: 21061119AG, deviceName: 002b9cc60508, deviceScreenDensity: 440, deviceScreenSize: 1080x2400, deviceUDID: 002b9cc60508, fullReset: false, javascriptEnabled: true, locationContextEnabled: false, networkConnectionEnabled: true, newCommandTimeout: 1800, noReset: true, pixelRatio: 2.75, platform: ANDROID, platformName: Android, platformVersion: 11, statBarHeight: 103, systemPort: 52876, takesScreenshot: true, udid: 002b9cc60508, viewportRect: {height: 2064, left: 0, top: 103, width: 1080}, warnings: {}, webStorageEnabled: false}
Session ID: 07e0a906-f567-4646-abfd-84c6cc800d18
	at org.openqa.selenium.remote.http.W3CHttpResponseCodec.createException(W3CHttpResponseCodec.java:187)
	at org.openqa.selenium.remote.http.W3CHttpResponseCodec.decode(W3CHttpResponseCodec.java:122)
	at org.openqa.selenium.remote.http.W3CHttpResponseCodec.decode(W3CHttpResponseCodec.java:49)
	at org.openqa.selenium.remote.HttpCommandExecutor.execute(HttpCommandExecutor.java:158)
	at io.appium.java_client.remote.AppiumCommandExecutor.execute(AppiumCommandExecutor.java:239)
	at org.openqa.selenium.remote.RemoteWebDriver.execute(RemoteWebDriver.java:552)
	at io.appium.java_client.DefaultGenericMobileDriver.execute(DefaultGenericMobileDriver.java:46)
	at io.appium.java_client.AppiumDriver.execute(AppiumDriver.java:1)
	at io.appium.java_client.android.AndroidDriver.execute(AndroidDriver.java:1)
	at com.kms.katalon.core.appium.driver.SwipeableAndroidDriver.execute(SwipeableAndroidDriver.java:1)
	at org.openqa.selenium.remote.RemoteWebDriver$RemoteWebDriverOptions$RemoteWindow.getSize(RemoteWebDriver.java:813)
	at com.kms.katalon.core.mobile.keyword.builtin.GetDeviceWidthKeyword$_getDeviceWidth_closure1.doCall(GetDeviceWidthKeyword.groovy:72)
	at com.kms.katalon.core.mobile.keyword.builtin.GetDeviceWidthKeyword$_getDeviceWidth_closure1.call(GetDeviceWidthKeyword.groovy)
	at com.kms.katalon.core.mobile.keyword.internal.MobileKeywordMain.runKeywordAndReturnInt(MobileKeywordMain.groovy:30)
	at com.kms.katalon.core.mobile.keyword.builtin.GetDeviceWidthKeyword.getDeviceWidth(GetDeviceWidthKeyword.groovy:67)
	at com.kms.katalon.core.mobile.keyword.builtin.GetDeviceWidthKeyword.execute(GetDeviceWidthKeyword.groovy:62)
	at com.kms.katalon.core.keyword.internal.KeywordExecutor.executeKeywordForPlatform(KeywordExecutor.groovy:74)
	at com.kms.katalon.core.mobile.keyword.MobileBuiltInKeywords.getDeviceWidth(MobileBuiltInKeywords.groovy:2087)
	at com.kms.katalon.core.mobile.keyword.MobileBuiltInKeywords$getDeviceWidth$1.call(Unknown Source)
	at duitNow_mobileNumberFavTransaction.run(duitNow_mobileNumberFavTransaction:42)
	at com.kms.katalon.core.main.ScriptEngine.run(ScriptEngine.java:194)
	at com.kms.katalon.core.main.ScriptEngine.runScriptAsRawText(ScriptEngine.java:119)
	at com.kms.katalon.core.main.TestCaseExecutor.runScript(TestCaseExecutor.java:445)
	at com.kms.katalon.core.main.TestCaseExecutor.doExecute(TestCaseExecutor.java:436)
	at com.kms.katalon.core.main.TestCaseExecutor.processExecutionPhase(TestCaseExecutor.java:415)
	at com.kms.katalon.core.main.TestCaseExecutor.accessMainPhase(TestCaseExecutor.java:407)
	at com.kms.katalon.core.main.TestCaseExecutor.execute(TestCaseExecutor.java:284)
	at com.kms.katalon.core.common.CommonExecutor.accessTestCaseMainPhase(CommonExecutor.java:65)
	at com.kms.katalon.core.main.TestSuiteExecutor.accessTestSuiteMainPhase(TestSuiteExecutor.java:144)
	at com.kms.katalon.core.main.TestSuiteExecutor.execute(TestSuiteExecutor.java:106)
	at com.kms.katalon.core.main.TestCaseMain.startTestSuite(TestCaseMain.java:185)
	at com.kms.katalon.core.main.TestCaseMain$startTestSuite$0.call(Unknown Source)
	at TempTestSuite1655885093224.run(TempTestSuite1655885093224.groovy:36)
)

2022-06-22 16:49:08 - [TEST_STEP][PASSED] - startX = device_Width / 3: null

2022-06-22 16:49:08 - [TEST_STEP][PASSED] - startY = device_Height * 0.97: null

2022-06-22 16:49:08 - [TEST_STEP][FAILED] - verifyElementVisible(findTestObject("Banking/m2uAccountTransferIconSelect"), 0): Failed to check for element 'Object Repository/Banking/m2uAccountTransferIconSelect' visible (Root cause: org.openqa.selenium.WebDriverException: An unknown server-side error occurred while processing the command. Original error: 'GET /window/current/size' cannot be proxied to UiAutomator2 server because the instrumentation process is not running (probably crashed). Check the server log and/or the logcat output for more details
Build info: version: '3.141.59', revision: 'e82be7d358', time: '2018-11-14T08:25:53'
System info: host: '00139272s-MacBook-Pro.local', ip: '2001:e68:6167:d901:5dd8:2a3:885f:7e34%en0', os.name: 'Mac OS X', os.arch: 'x86_64', os.version: '10.16', java.version: '1.8.0_275'
Driver info: com.kms.katalon.core.appium.driver.SwipeableAndroidDriver
Capabilities {app: /Users/a00139272/Katalon St..., appActivity: com.maybank2u.life.MainActi..., appPackage: com.maybank2u.life.sit, appWaitActivity: *, autoGrantPermissions: true, automationName: uiautomator2, chromedriverPort: 52878, databaseEnabled: false, desired: {app: /Users/a00139272/Katalon St..., appActivity: com.maybank2u.life.MainActi..., appPackage: com.maybank2u.life.sit, appWaitActivity: *, autoGrantPermissions: true, automationName: uiautomator2, chromedriverPort: 52878, deviceId: 002b9cc60508, deviceName: Xiaomi 21061119AG (Android 11), fullReset: false, newCommandTimeout: 1800, noReset: true, platform: ANDROID, platformName: android, platformVersion: 11, systemPort: 52876, udid: 002b9cc60508}, deviceApiLevel: 30, deviceId: 002b9cc60508, deviceManufacturer: Xiaomi, deviceModel: 21061119AG, deviceName: 002b9cc60508, deviceScreenDensity: 440, deviceScreenSize: 1080x2400, deviceUDID: 002b9cc60508, fullReset: false, javascriptEnabled: true, locationContextEnabled: false, networkConnectionEnabled: true, newCommandTimeout: 1800, noReset: true, pixelRatio: 2.75, platform: ANDROID, platformName: Android, platformVersion: 11, statBarHeight: 103, systemPort: 52876, takesScreenshot: true, udid: 002b9cc60508, viewportRect: {height: 2064, left: 0, top: 103, width: 1080}, warnings: {}, webStorageEnabled: false}
Session ID: 07e0a906-f567-4646-abfd-84c6cc800d18
	at org.openqa.selenium.remote.http.W3CHttpResponseCodec.createException(W3CHttpResponseCodec.java:187)
	at org.openqa.selenium.remote.http.W3CHttpResponseCodec.decode(W3CHttpResponseCodec.java:122)
	at org.openqa.selenium.remote.http.W3CHttpResponseCodec.decode(W3CHttpResponseCodec.java:49)
	at org.openqa.selenium.remote.HttpCommandExecutor.execute(HttpCommandExecutor.java:158)
	at io.appium.java_client.remote.AppiumCommandExecutor.execute(AppiumCommandExecutor.java:239)
	at org.openqa.selenium.remote.RemoteWebDriver.execute(RemoteWebDriver.java:552)
	at io.appium.java_client.DefaultGenericMobileDriver.execute(DefaultGenericMobileDriver.java:46)
	at io.appium.java_client.AppiumDriver.execute(AppiumDriver.java:1)
	at io.appium.java_client.android.AndroidDriver.execute(AndroidDriver.java:1)
	at com.kms.katalon.core.appium.driver.SwipeableAndroidDriver.execute(SwipeableAndroidDriver.java:1)
	at org.openqa.selenium.remote.RemoteWebDriver$RemoteWebDriverOptions$RemoteWindow.getSize(RemoteWebDriver.java:813)
	at org.openqa.selenium.WebDriver$Window$getSize.call(Unknown Source)
	at com.kms.katalon.core.mobile.keyword.internal.MobileAbstractKeyword.findElement(MobileAbstractKeyword.groovy:81)
	at com.kms.katalon.core.mobile.keyword.builtin.VerifyElementVisibleKeyword.access$1(VerifyElementVisibleKeyword.groovy)
	at com.kms.katalon.core.mobile.keyword.builtin.VerifyElementVisibleKeyword$_verifyElementVisible_closure1.doCall(VerifyElementVisibleKeyword.groovy:72)
	at com.kms.katalon.core.mobile.keyword.builtin.VerifyElementVisibleKeyword$_verifyElementVisible_closure1.call(VerifyElementVisibleKeyword.groovy)
	at com.kms.katalon.core.mobile.keyword.internal.MobileKeywordMain.runKeyword(MobileKeywordMain.groovy:21)
	at com.kms.katalon.core.mobile.keyword.builtin.VerifyElementVisibleKeyword.verifyElementVisible(VerifyElementVisibleKeyword.groovy:85)
	at com.kms.katalon.core.mobile.keyword.builtin.VerifyElementVisibleKeyword.execute(VerifyElementVisibleKeyword.groovy:64)
	at com.kms.katalon.core.keyword.internal.KeywordExecutor.executeKeywordForPlatform(KeywordExecutor.groovy:74)
	at com.kms.katalon.core.mobile.keyword.MobileBuiltInKeywords.verifyElementVisible(MobileBuiltInKeywords.groovy:2031)
	at com.kms.katalon.core.mobile.keyword.MobileBuiltInKeywords$verifyElementVisible$5.call(Unknown Source)
	at duitNow_mobileNumberFavTransaction.run(duitNow_mobileNumberFavTransaction:72)
	at com.kms.katalon.core.main.ScriptEngine.run(ScriptEngine.java:194)
	at com.kms.katalon.core.main.ScriptEngine.runScriptAsRawText(ScriptEngine.java:119)
	at com.kms.katalon.core.main.TestCaseExecutor.runScript(TestCaseExecutor.java:445)
	at com.kms.katalon.core.main.TestCaseExecutor.doExecute(TestCaseExecutor.java:436)
	at com.kms.katalon.core.main.TestCaseExecutor.processExecutionPhase(TestCaseExecutor.java:415)
	at com.kms.katalon.core.main.TestCaseExecutor.accessMainPhase(TestCaseExecutor.java:407)
	at com.kms.katalon.core.main.TestCaseExecutor.execute(TestCaseExecutor.java:284)
	at com.kms.katalon.core.common.CommonExecutor.accessTestCaseMainPhase(CommonExecutor.java:65)
	at com.kms.katalon.core.main.TestSuiteExecutor.accessTestSuiteMainPhase(TestSuiteExecutor.java:144)
	at com.kms.katalon.core.main.TestSuiteExecutor.execute(TestSuiteExecutor.java:106)
	at com.kms.katalon.core.main.TestCaseMain.startTestSuite(TestCaseMain.java:185)
	at com.kms.katalon.core.main.TestCaseMain$startTestSuite$0.call(Unknown Source)
	at TempTestSuite1655885093224.run(TempTestSuite1655885093224.groovy:36)
)

2022-06-22 16:49:08 - [MESSAGE][WARNING] - Timeout '0' is invalid. Using default page load timeout: '40'

2022-06-22 16:49:08 - [MESSAGE][FAILED] - Failed to check for element 'Object Repository/Banking/m2uAccountTransferIconSelect' visible (Root cause: org.openqa.selenium.WebDriverException: An unknown server-side error occurred while processing the command. Original error: 'GET /window/current/size' cannot be proxied to UiAutomator2 server because the instrumentation process is not running (probably crashed). Check the server log and/or the logcat output for more details
Build info: version: '3.141.59', revision: 'e82be7d358', time: '2018-11-14T08:25:53'
System info: host: '00139272s-MacBook-Pro.local', ip: '2001:e68:6167:d901:5dd8:2a3:885f:7e34%en0', os.name: 'Mac OS X', os.arch: 'x86_64', os.version: '10.16', java.version: '1.8.0_275'
Driver info: com.kms.katalon.core.appium.driver.SwipeableAndroidDriver
Capabilities {app: /Users/a00139272/Katalon St..., appActivity: com.maybank2u.life.MainActi..., appPackage: com.maybank2u.life.sit, appWaitActivity: *, autoGrantPermissions: true, automationName: uiautomator2, chromedriverPort: 52878, databaseEnabled: false, desired: {app: /Users/a00139272/Katalon St..., appActivity: com.maybank2u.life.MainActi..., appPackage: com.maybank2u.life.sit, appWaitActivity: *, autoGrantPermissions: true, automationName: uiautomator2, chromedriverPort: 52878, deviceId: 002b9cc60508, deviceName: Xiaomi 21061119AG (Android 11), fullReset: false, newCommandTimeout: 1800, noReset: true, platform: ANDROID, platformName: android, platformVersion: 11, systemPort: 52876, udid: 002b9cc60508}, deviceApiLevel: 30, deviceId: 002b9cc60508, deviceManufacturer: Xiaomi, deviceModel: 21061119AG, deviceName: 002b9cc60508, deviceScreenDensity: 440, deviceScreenSize: 1080x2400, deviceUDID: 002b9cc60508, fullReset: false, javascriptEnabled: true, locationContextEnabled: false, networkConnectionEnabled: true, newCommandTimeout: 1800, noReset: true, pixelRatio: 2.75, platform: ANDROID, platformName: Android, platformVersion: 11, statBarHeight: 103, systemPort: 52876, takesScreenshot: true, udid: 002b9cc60508, viewportRect: {height: 2064, left: 0, top: 103, width: 1080}, warnings: {}, webStorageEnabled: false}
Session ID: 07e0a906-f567-4646-abfd-84c6cc800d18
	at org.openqa.selenium.remote.http.W3CHttpResponseCodec.createException(W3CHttpResponseCodec.java:187)
	at org.openqa.selenium.remote.http.W3CHttpResponseCodec.decode(W3CHttpResponseCodec.java:122)
	at org.openqa.selenium.remote.http.W3CHttpResponseCodec.decode(W3CHttpResponseCodec.java:49)
	at org.openqa.selenium.remote.HttpCommandExecutor.execute(HttpCommandExecutor.java:158)
	at io.appium.java_client.remote.AppiumCommandExecutor.execute(AppiumCommandExecutor.java:239)
	at org.openqa.selenium.remote.RemoteWebDriver.execute(RemoteWebDriver.java:552)
	at io.appium.java_client.DefaultGenericMobileDriver.execute(DefaultGenericMobileDriver.java:46)
	at io.appium.java_client.AppiumDriver.execute(AppiumDriver.java:1)
	at io.appium.java_client.android.AndroidDriver.execute(AndroidDriver.java:1)
	at com.kms.katalon.core.appium.driver.SwipeableAndroidDriver.execute(SwipeableAndroidDriver.java:1)
	at org.openqa.selenium.remote.RemoteWebDriver$RemoteWebDriverOptions$RemoteWindow.getSize(RemoteWebDriver.java:813)
	at org.openqa.selenium.WebDriver$Window$getSize.call(Unknown Source)
	at com.kms.katalon.core.mobile.keyword.internal.MobileAbstractKeyword.findElement(MobileAbstractKeyword.groovy:81)
	at com.kms.katalon.core.mobile.keyword.builtin.VerifyElementVisibleKeyword.access$1(VerifyElementVisibleKeyword.groovy)
	at com.kms.katalon.core.mobile.keyword.builtin.VerifyElementVisibleKeyword$_verifyElementVisible_closure1.doCall(VerifyElementVisibleKeyword.groovy:72)
	at com.kms.katalon.core.mobile.keyword.builtin.VerifyElementVisibleKeyword$_verifyElementVisible_closure1.call(VerifyElementVisibleKeyword.groovy)
	at com.kms.katalon.core.mobile.keyword.internal.MobileKeywordMain.runKeyword(MobileKeywordMain.groovy:21)
	at com.kms.katalon.core.mobile.keyword.builtin.VerifyElementVisibleKeyword.verifyElementVisible(VerifyElementVisibleKeyword.groovy:85)
	at com.kms.katalon.core.mobile.keyword.builtin.VerifyElementVisibleKeyword.execute(VerifyElementVisibleKeyword.groovy:64)
	at com.kms.katalon.core.keyword.internal.KeywordExecutor.executeKeywordForPlatform(KeywordExecutor.groovy:74)
	at com.kms.katalon.core.mobile.keyword.MobileBuiltInKeywords.verifyElementVisible(MobileBuiltInKeywords.groovy:2031)
	at com.kms.katalon.core.mobile.keyword.MobileBuiltInKeywords$verifyElementVisible$5.call(Unknown Source)
	at duitNow_mobileNumberFavTransaction.run(duitNow_mobileNumberFavTransaction:72)
	at com.kms.katalon.core.main.ScriptEngine.run(ScriptEngine.java:194)
	at com.kms.katalon.core.main.ScriptEngine.runScriptAsRawText(ScriptEngine.java:119)
	at com.kms.katalon.core.main.TestCaseExecutor.runScript(TestCaseExecutor.java:445)
	at com.kms.katalon.core.main.TestCaseExecutor.doExecute(TestCaseExecutor.java:436)
	at com.kms.katalon.core.main.TestCaseExecutor.processExecutionPhase(TestCaseExecutor.java:415)
	at com.kms.katalon.core.main.TestCaseExecutor.accessMainPhase(TestCaseExecutor.java:407)
	at com.kms.katalon.core.main.TestCaseExecutor.execute(TestCaseExecutor.java:284)
	at com.kms.katalon.core.common.CommonExecutor.accessTestCaseMainPhase(CommonExecutor.java:65)
	at com.kms.katalon.core.main.TestSuiteExecutor.accessTestSuiteMainPhase(TestSuiteExecutor.java:144)
	at com.kms.katalon.core.main.TestSuiteExecutor.execute(TestSuiteExecutor.java:106)
	at com.kms.katalon.core.main.TestCaseMain.startTestSuite(TestCaseMain.java:185)
	at com.kms.katalon.core.main.TestCaseMain$startTestSuite$0.call(Unknown Source)
	at TempTestSuite1655885093224.run(TempTestSuite1655885093224.groovy:36)
)

2022-06-22 16:49:08 - [TEST_STEP][FAILED] - tap(findTestObject("Banking/m2uAccountTransferIconSelect"), 0): Failed to tap on element 'Object Repository/Banking/m2uAccountTransferIconSelect' (Root cause: org.openqa.selenium.WebDriverException: An unknown server-side error occurred while processing the command. Original error: 'GET /window/current/size' cannot be proxied to UiAutomator2 server because the instrumentation process is not running (probably crashed). Check the server log and/or the logcat output for more details
Build info: version: '3.141.59', revision: 'e82be7d358', time: '2018-11-14T08:25:53'
System info: host: '00139272s-MacBook-Pro.local', ip: '2001:e68:6167:d901:5dd8:2a3:885f:7e34%en0', os.name: 'Mac OS X', os.arch: 'x86_64', os.version: '10.16', java.version: '1.8.0_275'
Driver info: com.kms.katalon.core.appium.driver.SwipeableAndroidDriver
Capabilities {app: /Users/a00139272/Katalon St..., appActivity: com.maybank2u.life.MainActi..., appPackage: com.maybank2u.life.sit, appWaitActivity: *, autoGrantPermissions: true, automationName: uiautomator2, chromedriverPort: 52878, databaseEnabled: false, desired: {app: /Users/a00139272/Katalon St..., appActivity: com.maybank2u.life.MainActi..., appPackage: com.maybank2u.life.sit, appWaitActivity: *, autoGrantPermissions: true, automationName: uiautomator2, chromedriverPort: 52878, deviceId: 002b9cc60508, deviceName: Xiaomi 21061119AG (Android 11), fullReset: false, newCommandTimeout: 1800, noReset: true, platform: ANDROID, platformName: android, platformVersion: 11, systemPort: 52876, udid: 002b9cc60508}, deviceApiLevel: 30, deviceId: 002b9cc60508, deviceManufacturer: Xiaomi, deviceModel: 21061119AG, deviceName: 002b9cc60508, deviceScreenDensity: 440, deviceScreenSize: 1080x2400, deviceUDID: 002b9cc60508, fullReset: false, javascriptEnabled: true, locationContextEnabled: false, networkConnectionEnabled: true, newCommandTimeout: 1800, noReset: true, pixelRatio: 2.75, platform: ANDROID, platformName: Android, platformVersion: 11, statBarHeight: 103, systemPort: 52876, takesScreenshot: true, udid: 002b9cc60508, viewportRect: {height: 2064, left: 0, top: 103, width: 1080}, warnings: {}, webStorageEnabled: false}
Session ID: 07e0a906-f567-4646-abfd-84c6cc800d18
	at org.openqa.selenium.remote.http.W3CHttpResponseCodec.createException(W3CHttpResponseCodec.java:187)
	at org.openqa.selenium.remote.http.W3CHttpResponseCodec.decode(W3CHttpResponseCodec.java:122)
	at org.openqa.selenium.remote.http.W3CHttpResponseCodec.decode(W3CHttpResponseCodec.java:49)
	at org.openqa.selenium.remote.HttpCommandExecutor.execute(HttpCommandExecutor.java:158)
	at io.appium.java_client.remote.AppiumCommandExecutor.execute(AppiumCommandExecutor.java:239)
	at org.openqa.selenium.remote.RemoteWebDriver.execute(RemoteWebDriver.java:552)
	at io.appium.java_client.DefaultGenericMobileDriver.execute(DefaultGenericMobileDriver.java:46)
	at io.appium.java_client.AppiumDriver.execute(AppiumDriver.java:1)
	at io.appium.java_client.android.AndroidDriver.execute(AndroidDriver.java:1)
	at com.kms.katalon.core.appium.driver.SwipeableAndroidDriver.execute(SwipeableAndroidDriver.java:1)
	at org.openqa.selenium.remote.RemoteWebDriver$RemoteWebDriverOptions$RemoteWindow.getSize(RemoteWebDriver.java:813)
	at org.openqa.selenium.WebDriver$Window$getSize.call(Unknown Source)
	at com.kms.katalon.core.mobile.keyword.internal.MobileAbstractKeyword.findElement(MobileAbstractKeyword.groovy:81)
	at com.kms.katalon.core.mobile.keyword.builtin.TapKeyword.access$1(TapKeyword.groovy)
	at com.kms.katalon.core.mobile.keyword.builtin.TapKeyword$_tap_closure1.doCall(TapKeyword.groovy:76)
	at com.kms.katalon.core.mobile.keyword.builtin.TapKeyword$_tap_closure1.call(TapKeyword.groovy)
	at com.kms.katalon.core.mobile.keyword.internal.MobileKeywordMain.runKeyword(MobileKeywordMain.groovy:21)
	at com.kms.katalon.core.mobile.keyword.builtin.TapKeyword.tap(TapKeyword.groovy:84)
	at com.kms.katalon.core.mobile.keyword.builtin.TapKeyword.execute(TapKeyword.groovy:68)
	at com.kms.katalon.core.keyword.internal.KeywordExecutor.executeKeywordForPlatform(KeywordExecutor.groovy:74)
	at com.kms.katalon.core.mobile.keyword.MobileBuiltInKeywords.tap(MobileBuiltInKeywords.groovy:1490)
	at com.kms.katalon.core.mobile.keyword.MobileBuiltInKeywords$tap$4.call(Unknown Source)
	at duitNow_mobileNumberFavTransaction.run(duitNow_mobileNumberFavTransaction:74)
	at com.kms.katalon.core.main.ScriptEngine.run(ScriptEngine.java:194)
	at com.kms.katalon.core.main.ScriptEngine.runScriptAsRawText(ScriptEngine.java:119)
	at com.kms.katalon.core.main.TestCaseExecutor.runScript(TestCaseExecutor.java:445)
	at com.kms.katalon.core.main.TestCaseExecutor.doExecute(TestCaseExecutor.java:436)
	at com.kms.katalon.core.main.TestCaseExecutor.processExecutionPhase(TestCaseExecutor.java:415)
	at com.kms.katalon.core.main.TestCaseExecutor.accessMainPhase(TestCaseExecutor.java:407)
	at com.kms.katalon.core.main.TestCaseExecutor.execute(TestCaseExecutor.java:284)
	at com.kms.katalon.core.common.CommonExecutor.accessTestCaseMainPhase(CommonExecutor.java:65)
	at com.kms.katalon.core.main.TestSuiteExecutor.accessTestSuiteMainPhase(TestSuiteExecutor.java:144)
	at com.kms.katalon.core.main.TestSuiteExecutor.execute(TestSuiteExecutor.java:106)
	at com.kms.katalon.core.main.TestCaseMain.startTestSuite(TestCaseMain.java:185)
	at com.kms.katalon.core.main.TestCaseMain$startTestSuite$0.call(Unknown Source)
	at TempTestSuite1655885093224.run(TempTestSuite1655885093224.groovy:36)
)

2022-06-22 16:49:08 - [MESSAGE][WARNING] - Timeout '0' is invalid. Using default page load timeout: '40'

2022-06-22 16:49:08 - [MESSAGE][FAILED] - Failed to tap on element 'Object Repository/Banking/m2uAccountTransferIconSelect' (Root cause: org.openqa.selenium.WebDriverException: An unknown server-side error occurred while processing the command. Original error: 'GET /window/current/size' cannot be proxied to UiAutomator2 server because the instrumentation process is not running (probably crashed). Check the server log and/or the logcat output for more details
Build info: version: '3.141.59', revision: 'e82be7d358', time: '2018-11-14T08:25:53'
System info: host: '00139272s-MacBook-Pro.local', ip: '2001:e68:6167:d901:5dd8:2a3:885f:7e34%en0', os.name: 'Mac OS X', os.arch: 'x86_64', os.version: '10.16', java.version: '1.8.0_275'
Driver info: com.kms.katalon.core.appium.driver.SwipeableAndroidDriver
Capabilities {app: /Users/a00139272/Katalon St..., appActivity: com.maybank2u.life.MainActi..., appPackage: com.maybank2u.life.sit, appWaitActivity: *, autoGrantPermissions: true, automationName: uiautomator2, chromedriverPort: 52878, databaseEnabled: false, desired: {app: /Users/a00139272/Katalon St..., appActivity: com.maybank2u.life.MainActi..., appPackage: com.maybank2u.life.sit, appWaitActivity: *, autoGrantPermissions: true, automationName: uiautomator2, chromedriverPort: 52878, deviceId: 002b9cc60508, deviceName: Xiaomi 21061119AG (Android 11), fullReset: false, newCommandTimeout: 1800, noReset: true, platform: ANDROID, platformName: android, platformVersion: 11, systemPort: 52876, udid: 002b9cc60508}, deviceApiLevel: 30, deviceId: 002b9cc60508, deviceManufacturer: Xiaomi, deviceModel: 21061119AG, deviceName: 002b9cc60508, deviceScreenDensity: 440, deviceScreenSize: 1080x2400, deviceUDID: 002b9cc60508, fullReset: false, javascriptEnabled: true, locationContextEnabled: false, networkConnectionEnabled: true, newCommandTimeout: 1800, noReset: true, pixelRatio: 2.75, platform: ANDROID, platformName: Android, platformVersion: 11, statBarHeight: 103, systemPort: 52876, takesScreenshot: true, udid: 002b9cc60508, viewportRect: {height: 2064, left: 0, top: 103, width: 1080}, warnings: {}, webStorageEnabled: false}
Session ID: 07e0a906-f567-4646-abfd-84c6cc800d18
	at org.openqa.selenium.remote.http.W3CHttpResponseCodec.createException(W3CHttpResponseCodec.java:187)
	at org.openqa.selenium.remote.http.W3CHttpResponseCodec.decode(W3CHttpResponseCodec.java:122)
	at org.openqa.selenium.remote.http.W3CHttpResponseCodec.decode(W3CHttpResponseCodec.java:49)
	at org.openqa.selenium.remote.HttpCommandExecutor.execute(HttpCommandExecutor.java:158)
	at io.appium.java_client.remote.AppiumCommandExecutor.execute(AppiumCommandExecutor.java:239)
	at org.openqa.selenium.remote.RemoteWebDriver.execute(RemoteWebDriver.java:552)
	at io.appium.java_client.DefaultGenericMobileDriver.execute(DefaultGenericMobileDriver.java:46)
	at io.appium.java_client.AppiumDriver.execute(AppiumDriver.java:1)
	at io.appium.java_client.android.AndroidDriver.execute(AndroidDriver.java:1)
	at com.kms.katalon.core.appium.driver.SwipeableAndroidDriver.execute(SwipeableAndroidDriver.java:1)
	at org.openqa.selenium.remote.RemoteWebDriver$RemoteWebDriverOptions$RemoteWindow.getSize(RemoteWebDriver.java:813)
	at org.openqa.selenium.WebDriver$Window$getSize.call(Unknown Source)
	at com.kms.katalon.core.mobile.keyword.internal.MobileAbstractKeyword.findElement(MobileAbstractKeyword.groovy:81)
	at com.kms.katalon.core.mobile.keyword.builtin.TapKeyword.access$1(TapKeyword.groovy)
	at com.kms.katalon.core.mobile.keyword.builtin.TapKeyword$_tap_closure1.doCall(TapKeyword.groovy:76)
	at com.kms.katalon.core.mobile.keyword.builtin.TapKeyword$_tap_closure1.call(TapKeyword.groovy)
	at com.kms.katalon.core.mobile.keyword.internal.MobileKeywordMain.runKeyword(MobileKeywordMain.groovy:21)
	at com.kms.katalon.core.mobile.keyword.builtin.TapKeyword.tap(TapKeyword.groovy:84)
	at com.kms.katalon.core.mobile.keyword.builtin.TapKeyword.execute(TapKeyword.groovy:68)
	at com.kms.katalon.core.keyword.internal.KeywordExecutor.executeKeywordForPlatform(KeywordExecutor.groovy:74)
	at com.kms.katalon.core.mobile.keyword.MobileBuiltInKeywords.tap(MobileBuiltInKeywords.groovy:1490)
	at com.kms.katalon.core.mobile.keyword.MobileBuiltInKeywords$tap$4.call(Unknown Source)
	at duitNow_mobileNumberFavTransaction.run(duitNow_mobileNumberFavTransaction:74)
	at com.kms.katalon.core.main.ScriptEngine.run(ScriptEngine.java:194)
	at com.kms.katalon.core.main.ScriptEngine.runScriptAsRawText(ScriptEngine.java:119)
	at com.kms.katalon.core.main.TestCaseExecutor.runScript(TestCaseExecutor.java:445)
	at com.kms.katalon.core.main.TestCaseExecutor.doExecute(TestCaseExecutor.java:436)
	at com.kms.katalon.core.main.TestCaseExecutor.processExecutionPhase(TestCaseExecutor.java:415)
	at com.kms.katalon.core.main.TestCaseExecutor.accessMainPhase(TestCaseExecutor.java:407)
	at com.kms.katalon.core.main.TestCaseExecutor.execute(TestCaseExecutor.java:284)
	at com.kms.katalon.core.common.CommonExecutor.accessTestCaseMainPhase(CommonExecutor.java:65)
	at com.kms.katalon.core.main.TestSuiteExecutor.accessTestSuiteMainPhase(TestSuiteExecutor.java:144)
	at com.kms.katalon.core.main.TestSuiteExecutor.execute(TestSuiteExecutor.java:106)
	at com.kms.katalon.core.main.TestCaseMain.startTestSuite(TestCaseMain.java:185)
	at com.kms.katalon.core.main.TestCaseMain$startTestSuite$0.call(Unknown Source)
	at TempTestSuite1655885093224.run(TempTestSuite1655885093224.groovy:36)
)

2022-06-22 16:49:08 - [TEST_STEP][FAILED] - verifyElementVisible(findTestObject("Banking/transferDuitNowTopMenuSelect"), 5): Failed to check for element 'Object Repository/Banking/transferDuitNowTopMenuSelect' visible (Root cause: org.openqa.selenium.WebDriverException: An unknown server-side error occurred while processing the command. Original error: 'GET /window/current/size' cannot be proxied to UiAutomator2 server because the instrumentation process is not running (probably crashed). Check the server log and/or the logcat output for more details
Build info: version: '3.141.59', revision: 'e82be7d358', time: '2018-11-14T08:25:53'
System info: host: '00139272s-MacBook-Pro.local', ip: '2001:e68:6167:d901:5dd8:2a3:885f:7e34%en0', os.name: 'Mac OS X', os.arch: 'x86_64', os.version: '10.16', java.version: '1.8.0_275'
Driver info: com.kms.katalon.core.appium.driver.SwipeableAndroidDriver
Capabilities {app: /Users/a00139272/Katalon St..., appActivity: com.maybank2u.life.MainActi..., appPackage: com.maybank2u.life.sit, appWaitActivity: *, autoGrantPermissions: true, automationName: uiautomator2, chromedriverPort: 52878, databaseEnabled: false, desired: {app: /Users/a00139272/Katalon St..., appActivity: com.maybank2u.life.MainActi..., appPackage: com.maybank2u.life.sit, appWaitActivity: *, autoGrantPermissions: true, automationName: uiautomator2, chromedriverPort: 52878, deviceId: 002b9cc60508, deviceName: Xiaomi 21061119AG (Android 11), fullReset: false, newCommandTimeout: 1800, noReset: true, platform: ANDROID, platformName: android, platformVersion: 11, systemPort: 52876, udid: 002b9cc60508}, deviceApiLevel: 30, deviceId: 002b9cc60508, deviceManufacturer: Xiaomi, deviceModel: 21061119AG, deviceName: 002b9cc60508, deviceScreenDensity: 440, deviceScreenSize: 1080x2400, deviceUDID: 002b9cc60508, fullReset: false, javascriptEnabled: true, locationContextEnabled: false, networkConnectionEnabled: true, newCommandTimeout: 1800, noReset: true, pixelRatio: 2.75, platform: ANDROID, platformName: Android, platformVersion: 11, statBarHeight: 103, systemPort: 52876, takesScreenshot: true, udid: 002b9cc60508, viewportRect: {height: 2064, left: 0, top: 103, width: 1080}, warnings: {}, webStorageEnabled: false}
Session ID: 07e0a906-f567-4646-abfd-84c6cc800d18
	at org.openqa.selenium.remote.http.W3CHttpResponseCodec.createException(W3CHttpResponseCodec.java:187)
	at org.openqa.selenium.remote.http.W3CHttpResponseCodec.decode(W3CHttpResponseCodec.java:122)
	at org.openqa.selenium.remote.http.W3CHttpResponseCodec.decode(W3CHttpResponseCodec.java:49)
	at org.openqa.selenium.remote.HttpCommandExecutor.execute(HttpCommandExecutor.java:158)
	at io.appium.java_client.remote.AppiumCommandExecutor.execute(AppiumCommandExecutor.java:239)
	at org.openqa.selenium.remote.RemoteWebDriver.execute(RemoteWebDriver.java:552)
	at io.appium.java_client.DefaultGenericMobileDriver.execute(DefaultGenericMobileDriver.java:46)
	at io.appium.java_client.AppiumDriver.execute(AppiumDriver.java:1)
	at io.appium.java_client.android.AndroidDriver.execute(AndroidDriver.java:1)
	at com.kms.katalon.core.appium.driver.SwipeableAndroidDriver.execute(SwipeableAndroidDriver.java:1)
	at org.openqa.selenium.remote.RemoteWebDriver$RemoteWebDriverOptions$RemoteWindow.getSize(RemoteWebDriver.java:813)
	at org.openqa.selenium.WebDriver$Window$getSize.call(Unknown Source)
	at com.kms.katalon.core.mobile.keyword.internal.MobileAbstractKeyword.findElement(MobileAbstractKeyword.groovy:81)
	at com.kms.katalon.core.mobile.keyword.builtin.VerifyElementVisibleKeyword.access$1(VerifyElementVisibleKeyword.groovy)
	at com.kms.katalon.core.mobile.keyword.builtin.VerifyElementVisibleKeyword$_verifyElementVisible_closure1.doCall(VerifyElementVisibleKeyword.groovy:72)
	at com.kms.katalon.core.mobile.keyword.builtin.VerifyElementVisibleKeyword$_verifyElementVisible_closure1.call(VerifyElementVisibleKeyword.groovy)
	at com.kms.katalon.core.mobile.keyword.internal.MobileKeywordMain.runKeyword(MobileKeywordMain.groovy:21)
	at com.kms.katalon.core.mobile.keyword.builtin.VerifyElementVisibleKeyword.verifyElementVisible(VerifyElementVisibleKeyword.groovy:85)
	at com.kms.katalon.core.mobile.keyword.builtin.VerifyElementVisibleKeyword.execute(VerifyElementVisibleKeyword.groovy:64)
	at com.kms.katalon.core.keyword.internal.KeywordExecutor.executeKeywordForPlatform(KeywordExecutor.groovy:74)
	at com.kms.katalon.core.mobile.keyword.MobileBuiltInKeywords.verifyElementVisible(MobileBuiltInKeywords.groovy:2031)
	at com.kms.katalon.core.mobile.keyword.MobileBuiltInKeywords$verifyElementVisible$5.call(Unknown Source)
	at duitNow_mobileNumberFavTransaction.run(duitNow_mobileNumberFavTransaction:84)
	at com.kms.katalon.core.main.ScriptEngine.run(ScriptEngine.java:194)
	at com.kms.katalon.core.main.ScriptEngine.runScriptAsRawText(ScriptEngine.java:119)
	at com.kms.katalon.core.main.TestCaseExecutor.runScript(TestCaseExecutor.java:445)
	at com.kms.katalon.core.main.TestCaseExecutor.doExecute(TestCaseExecutor.java:436)
	at com.kms.katalon.core.main.TestCaseExecutor.processExecutionPhase(TestCaseExecutor.java:415)
	at com.kms.katalon.core.main.TestCaseExecutor.accessMainPhase(TestCaseExecutor.java:407)
	at com.kms.katalon.core.main.TestCaseExecutor.execute(TestCaseExecutor.java:284)
	at com.kms.katalon.core.common.CommonExecutor.accessTestCaseMainPhase(CommonExecutor.java:65)
	at com.kms.katalon.core.main.TestSuiteExecutor.accessTestSuiteMainPhase(TestSuiteExecutor.java:144)
	at com.kms.katalon.core.main.TestSuiteExecutor.execute(TestSuiteExecutor.java:106)
	at com.kms.katalon.core.main.TestCaseMain.startTestSuite(TestCaseMain.java:185)
	at com.kms.katalon.core.main.TestCaseMain$startTestSuite$0.call(Unknown Source)
	at TempTestSuite1655885093224.run(TempTestSuite1655885093224.groovy:36)
)

2022-06-22 16:49:08 - [MESSAGE][FAILED] - Failed to check for element 'Object Repository/Banking/transferDuitNowTopMenuSelect' visible (Root cause: org.openqa.selenium.WebDriverException: An unknown server-side error occurred while processing the command. Original error: 'GET /window/current/size' cannot be proxied to UiAutomator2 server because the instrumentation process is not running (probably crashed). Check the server log and/or the logcat output for more details
Build info: version: '3.141.59', revision: 'e82be7d358', time: '2018-11-14T08:25:53'
System info: host: '00139272s-MacBook-Pro.local', ip: '2001:e68:6167:d901:5dd8:2a3:885f:7e34%en0', os.name: 'Mac OS X', os.arch: 'x86_64', os.version: '10.16', java.version: '1.8.0_275'
Driver info: com.kms.katalon.core.appium.driver.SwipeableAndroidDriver
Capabilities {app: /Users/a00139272/Katalon St..., appActivity: com.maybank2u.life.MainActi..., appPackage: com.maybank2u.life.sit, appWaitActivity: *, autoGrantPermissions: true, automationName: uiautomator2, chromedriverPort: 52878, databaseEnabled: false, desired: {app: /Users/a00139272/Katalon St..., appActivity: com.maybank2u.life.MainActi..., appPackage: com.maybank2u.life.sit, appWaitActivity: *, autoGrantPermissions: true, automationName: uiautomator2, chromedriverPort: 52878, deviceId: 002b9cc60508, deviceName: Xiaomi 21061119AG (Android 11), fullReset: false, newCommandTimeout: 1800, noReset: true, platform: ANDROID, platformName: android, platformVersion: 11, systemPort: 52876, udid: 002b9cc60508}, deviceApiLevel: 30, deviceId: 002b9cc60508, deviceManufacturer: Xiaomi, deviceModel: 21061119AG, deviceName: 002b9cc60508, deviceScreenDensity: 440, deviceScreenSize: 1080x2400, deviceUDID: 002b9cc60508, fullReset: false, javascriptEnabled: true, locationContextEnabled: false, networkConnectionEnabled: true, newCommandTimeout: 1800, noReset: true, pixelRatio: 2.75, platform: ANDROID, platformName: Android, platformVersion: 11, statBarHeight: 103, systemPort: 52876, takesScreenshot: true, udid: 002b9cc60508, viewportRect: {height: 2064, left: 0, top: 103, width: 1080}, warnings: {}, webStorageEnabled: false}
Session ID: 07e0a906-f567-4646-abfd-84c6cc800d18
	at org.openqa.selenium.remote.http.W3CHttpResponseCodec.createException(W3CHttpResponseCodec.java:187)
	at org.openqa.selenium.remote.http.W3CHttpResponseCodec.decode(W3CHttpResponseCodec.java:122)
	at org.openqa.selenium.remote.http.W3CHttpResponseCodec.decode(W3CHttpResponseCodec.java:49)
	at org.openqa.selenium.remote.HttpCommandExecutor.execute(HttpCommandExecutor.java:158)
	at io.appium.java_client.remote.AppiumCommandExecutor.execute(AppiumCommandExecutor.java:239)
	at org.openqa.selenium.remote.RemoteWebDriver.execute(RemoteWebDriver.java:552)
	at io.appium.java_client.DefaultGenericMobileDriver.execute(DefaultGenericMobileDriver.java:46)
	at io.appium.java_client.AppiumDriver.execute(AppiumDriver.java:1)
	at io.appium.java_client.android.AndroidDriver.execute(AndroidDriver.java:1)
	at com.kms.katalon.core.appium.driver.SwipeableAndroidDriver.execute(SwipeableAndroidDriver.java:1)
	at org.openqa.selenium.remote.RemoteWebDriver$RemoteWebDriverOptions$RemoteWindow.getSize(RemoteWebDriver.java:813)
	at org.openqa.selenium.WebDriver$Window$getSize.call(Unknown Source)
	at com.kms.katalon.core.mobile.keyword.internal.MobileAbstractKeyword.findElement(MobileAbstractKeyword.groovy:81)
	at com.kms.katalon.core.mobile.keyword.builtin.VerifyElementVisibleKeyword.access$1(VerifyElementVisibleKeyword.groovy)
	at com.kms.katalon.core.mobile.keyword.builtin.VerifyElementVisibleKeyword$_verifyElementVisible_closure1.doCall(VerifyElementVisibleKeyword.groovy:72)
	at com.kms.katalon.core.mobile.keyword.builtin.VerifyElementVisibleKeyword$_verifyElementVisible_closure1.call(VerifyElementVisibleKeyword.groovy)
	at com.kms.katalon.core.mobile.keyword.internal.MobileKeywordMain.runKeyword(MobileKeywordMain.groovy:21)
	at com.kms.katalon.core.mobile.keyword.builtin.VerifyElementVisibleKeyword.verifyElementVisible(VerifyElementVisibleKeyword.groovy:85)
	at com.kms.katalon.core.mobile.keyword.builtin.VerifyElementVisibleKeyword.execute(VerifyElementVisibleKeyword.groovy:64)
	at com.kms.katalon.core.keyword.internal.KeywordExecutor.executeKeywordForPlatform(KeywordExecutor.groovy:74)
	at com.kms.katalon.core.mobile.keyword.MobileBuiltInKeywords.verifyElementVisible(MobileBuiltInKeywords.groovy:2031)
	at com.kms.katalon.core.mobile.keyword.MobileBuiltInKeywords$verifyElementVisible$5.call(Unknown Source)
	at duitNow_mobileNumberFavTransaction.run(duitNow_mobileNumberFavTransaction:84)
	at com.kms.katalon.core.main.ScriptEngine.run(ScriptEngine.java:194)
	at com.kms.katalon.core.main.ScriptEngine.runScriptAsRawText(ScriptEngine.java:119)
	at com.kms.katalon.core.main.TestCaseExecutor.runScript(TestCaseExecutor.java:445)
	at com.kms.katalon.core.main.TestCaseExecutor.doExecute(TestCaseExecutor.java:436)
	at com.kms.katalon.core.main.TestCaseExecutor.processExecutionPhase(TestCaseExecutor.java:415)
	at com.kms.katalon.core.main.TestCaseExecutor.accessMainPhase(TestCaseExecutor.java:407)
	at com.kms.katalon.core.main.TestCaseExecutor.execute(TestCaseExecutor.java:284)
	at com.kms.katalon.core.common.CommonExecutor.accessTestCaseMainPhase(CommonExecutor.java:65)
	at com.kms.katalon.core.main.TestSuiteExecutor.accessTestSuiteMainPhase(TestSuiteExecutor.java:144)
	at com.kms.katalon.core.main.TestSuiteExecutor.execute(TestSuiteExecutor.java:106)
	at com.kms.katalon.core.main.TestCaseMain.startTestSuite(TestCaseMain.java:185)
	at com.kms.katalon.core.main.TestCaseMain$startTestSuite$0.call(Unknown Source)
	at TempTestSuite1655885093224.run(TempTestSuite1655885093224.groovy:36)
)

2022-06-22 16:49:08 - [TEST_STEP][FAILED] - tap(findTestObject("Banking/transferDuitNowTopMenuSelect"), 10): Failed to tap on element 'Object Repository/Banking/transferDuitNowTopMenuSelect' (Root cause: org.openqa.selenium.WebDriverException: An unknown server-side error occurred while processing the command. Original error: 'GET /window/current/size' cannot be proxied to UiAutomator2 server because the instrumentation process is not running (probably crashed). Check the server log and/or the logcat output for more details
Build info: version: '3.141.59', revision: 'e82be7d358', time: '2018-11-14T08:25:53'
System info: host: '00139272s-MacBook-Pro.local', ip: '2001:e68:6167:d901:5dd8:2a3:885f:7e34%en0', os.name: 'Mac OS X', os.arch: 'x86_64', os.version: '10.16', java.version: '1.8.0_275'
Driver info: com.kms.katalon.core.appium.driver.SwipeableAndroidDriver
Capabilities {app: /Users/a00139272/Katalon St..., appActivity: com.maybank2u.life.MainActi..., appPackage: com.maybank2u.life.sit, appWaitActivity: *, autoGrantPermissions: true, automationName: uiautomator2, chromedriverPort: 52878, databaseEnabled: false, desired: {app: /Users/a00139272/Katalon St..., appActivity: com.maybank2u.life.MainActi..., appPackage: com.maybank2u.life.sit, appWaitActivity: *, autoGrantPermissions: true, automationName: uiautomator2, chromedriverPort: 52878, deviceId: 002b9cc60508, deviceName: Xiaomi 21061119AG (Android 11), fullReset: false, newCommandTimeout: 1800, noReset: true, platform: ANDROID, platformName: android, platformVersion: 11, systemPort: 52876, udid: 002b9cc60508}, deviceApiLevel: 30, deviceId: 002b9cc60508, deviceManufacturer: Xiaomi, deviceModel: 21061119AG, deviceName: 002b9cc60508, deviceScreenDensity: 440, deviceScreenSize: 1080x2400, deviceUDID: 002b9cc60508, fullReset: false, javascriptEnabled: true, locationContextEnabled: false, networkConnectionEnabled: true, newCommandTimeout: 1800, noReset: true, pixelRatio: 2.75, platform: ANDROID, platformName: Android, platformVersion: 11, statBarHeight: 103, systemPort: 52876, takesScreenshot: true, udid: 002b9cc60508, viewportRect: {height: 2064, left: 0, top: 103, width: 1080}, warnings: {}, webStorageEnabled: false}
Session ID: 07e0a906-f567-4646-abfd-84c6cc800d18
	at org.openqa.selenium.remote.http.W3CHttpResponseCodec.createException(W3CHttpResponseCodec.java:187)
	at org.openqa.selenium.remote.http.W3CHttpResponseCodec.decode(W3CHttpResponseCodec.java:122)
	at org.openqa.selenium.remote.http.W3CHttpResponseCodec.decode(W3CHttpResponseCodec.java:49)
	at org.openqa.selenium.remote.HttpCommandExecutor.execute(HttpCommandExecutor.java:158)
	at io.appium.java_client.remote.AppiumCommandExecutor.execute(AppiumCommandExecutor.java:239)
	at org.openqa.selenium.remote.RemoteWebDriver.execute(RemoteWebDriver.java:552)
	at io.appium.java_client.DefaultGenericMobileDriver.execute(DefaultGenericMobileDriver.java:46)
	at io.appium.java_client.AppiumDriver.execute(AppiumDriver.java:1)
	at io.appium.java_client.android.AndroidDriver.execute(AndroidDriver.java:1)
	at com.kms.katalon.core.appium.driver.SwipeableAndroidDriver.execute(SwipeableAndroidDriver.java:1)
	at org.openqa.selenium.remote.RemoteWebDriver$RemoteWebDriverOptions$RemoteWindow.getSize(RemoteWebDriver.java:813)
	at org.openqa.selenium.WebDriver$Window$getSize.call(Unknown Source)
	at com.kms.katalon.core.mobile.keyword.internal.MobileAbstractKeyword.findElement(MobileAbstractKeyword.groovy:81)
	at com.kms.katalon.core.mobile.keyword.builtin.TapKeyword.access$1(TapKeyword.groovy)
	at com.kms.katalon.core.mobile.keyword.builtin.TapKeyword$_tap_closure1.doCall(TapKeyword.groovy:76)
	at com.kms.katalon.core.mobile.keyword.builtin.TapKeyword$_tap_closure1.call(TapKeyword.groovy)
	at com.kms.katalon.core.mobile.keyword.internal.MobileKeywordMain.runKeyword(MobileKeywordMain.groovy:21)
	at com.kms.katalon.core.mobile.keyword.builtin.TapKeyword.tap(TapKeyword.groovy:84)
	at com.kms.katalon.core.mobile.keyword.builtin.TapKeyword.execute(TapKeyword.groovy:68)
	at com.kms.katalon.core.keyword.internal.KeywordExecutor.executeKeywordForPlatform(KeywordExecutor.groovy:74)
	at com.kms.katalon.core.mobile.keyword.MobileBuiltInKeywords.tap(MobileBuiltInKeywords.groovy:1490)
	at com.kms.katalon.core.mobile.keyword.MobileBuiltInKeywords$tap$4.call(Unknown Source)
	at duitNow_mobileNumberFavTransaction.run(duitNow_mobileNumberFavTransaction:86)
	at com.kms.katalon.core.main.ScriptEngine.run(ScriptEngine.java:194)
	at com.kms.katalon.core.main.ScriptEngine.runScriptAsRawText(ScriptEngine.java:119)
	at com.kms.katalon.core.main.TestCaseExecutor.runScript(TestCaseExecutor.java:445)
	at com.kms.katalon.core.main.TestCaseExecutor.doExecute(TestCaseExecutor.java:436)
	at com.kms.katalon.core.main.TestCaseExecutor.processExecutionPhase(TestCaseExecutor.java:415)
	at com.kms.katalon.core.main.TestCaseExecutor.accessMainPhase(TestCaseExecutor.java:407)
	at com.kms.katalon.core.main.TestCaseExecutor.execute(TestCaseExecutor.java:284)
	at com.kms.katalon.core.common.CommonExecutor.accessTestCaseMainPhase(CommonExecutor.java:65)
	at com.kms.katalon.core.main.TestSuiteExecutor.accessTestSuiteMainPhase(TestSuiteExecutor.java:144)
	at com.kms.katalon.core.main.TestSuiteExecutor.execute(TestSuiteExecutor.java:106)
	at com.kms.katalon.core.main.TestCaseMain.startTestSuite(TestCaseMain.java:185)
	at com.kms.katalon.core.main.TestCaseMain$startTestSuite$0.call(Unknown Source)
	at TempTestSuite1655885093224.run(TempTestSuite1655885093224.groovy:36)
)

2022-06-22 16:49:08 - [MESSAGE][FAILED] - Failed to tap on element 'Object Repository/Banking/transferDuitNowTopMenuSelect' (Root cause: org.openqa.selenium.WebDriverException: An unknown server-side error occurred while processing the command. Original error: 'GET /window/current/size' cannot be proxied to UiAutomator2 server because the instrumentation process is not running (probably crashed). Check the server log and/or the logcat output for more details
Build info: version: '3.141.59', revision: 'e82be7d358', time: '2018-11-14T08:25:53'
System info: host: '00139272s-MacBook-Pro.local', ip: '2001:e68:6167:d901:5dd8:2a3:885f:7e34%en0', os.name: 'Mac OS X', os.arch: 'x86_64', os.version: '10.16', java.version: '1.8.0_275'
Driver info: com.kms.katalon.core.appium.driver.SwipeableAndroidDriver
Capabilities {app: /Users/a00139272/Katalon St..., appActivity: com.maybank2u.life.MainActi..., appPackage: com.maybank2u.life.sit, appWaitActivity: *, autoGrantPermissions: true, automationName: uiautomator2, chromedriverPort: 52878, databaseEnabled: false, desired: {app: /Users/a00139272/Katalon St..., appActivity: com.maybank2u.life.MainActi..., appPackage: com.maybank2u.life.sit, appWaitActivity: *, autoGrantPermissions: true, automationName: uiautomator2, chromedriverPort: 52878, deviceId: 002b9cc60508, deviceName: Xiaomi 21061119AG (Android 11), fullReset: false, newCommandTimeout: 1800, noReset: true, platform: ANDROID, platformName: android, platformVersion: 11, systemPort: 52876, udid: 002b9cc60508}, deviceApiLevel: 30, deviceId: 002b9cc60508, deviceManufacturer: Xiaomi, deviceModel: 21061119AG, deviceName: 002b9cc60508, deviceScreenDensity: 440, deviceScreenSize: 1080x2400, deviceUDID: 002b9cc60508, fullReset: false, javascriptEnabled: true, locationContextEnabled: false, networkConnectionEnabled: true, newCommandTimeout: 1800, noReset: true, pixelRatio: 2.75, platform: ANDROID, platformName: Android, platformVersion: 11, statBarHeight: 103, systemPort: 52876, takesScreenshot: true, udid: 002b9cc60508, viewportRect: {height: 2064, left: 0, top: 103, width: 1080}, warnings: {}, webStorageEnabled: false}
Session ID: 07e0a906-f567-4646-abfd-84c6cc800d18
	at org.openqa.selenium.remote.http.W3CHttpResponseCodec.createException(W3CHttpResponseCodec.java:187)
	at org.openqa.selenium.remote.http.W3CHttpResponseCodec.decode(W3CHttpResponseCodec.java:122)
	at org.openqa.selenium.remote.http.W3CHttpResponseCodec.decode(W3CHttpResponseCodec.java:49)
	at org.openqa.selenium.remote.HttpCommandExecutor.execute(HttpCommandExecutor.java:158)
	at io.appium.java_client.remote.AppiumCommandExecutor.execute(AppiumCommandExecutor.java:239)
	at org.openqa.selenium.remote.RemoteWebDriver.execute(RemoteWebDriver.java:552)
	at io.appium.java_client.DefaultGenericMobileDriver.execute(DefaultGenericMobileDriver.java:46)
	at io.appium.java_client.AppiumDriver.execute(AppiumDriver.java:1)
	at io.appium.java_client.android.AndroidDriver.execute(AndroidDriver.java:1)
	at com.kms.katalon.core.appium.driver.SwipeableAndroidDriver.execute(SwipeableAndroidDriver.java:1)
	at org.openqa.selenium.remote.RemoteWebDriver$RemoteWebDriverOptions$RemoteWindow.getSize(RemoteWebDriver.java:813)
	at org.openqa.selenium.WebDriver$Window$getSize.call(Unknown Source)
	at com.kms.katalon.core.mobile.keyword.internal.MobileAbstractKeyword.findElement(MobileAbstractKeyword.groovy:81)
	at com.kms.katalon.core.mobile.keyword.builtin.TapKeyword.access$1(TapKeyword.groovy)
	at com.kms.katalon.core.mobile.keyword.builtin.TapKeyword$_tap_closure1.doCall(TapKeyword.groovy:76)
	at com.kms.katalon.core.mobile.keyword.builtin.TapKeyword$_tap_closure1.call(TapKeyword.groovy)
	at com.kms.katalon.core.mobile.keyword.internal.MobileKeywordMain.runKeyword(MobileKeywordMain.groovy:21)
	at com.kms.katalon.core.mobile.keyword.builtin.TapKeyword.tap(TapKeyword.groovy:84)
	at com.kms.katalon.core.mobile.keyword.builtin.TapKeyword.execute(TapKeyword.groovy:68)
	at com.kms.katalon.core.keyword.internal.KeywordExecutor.executeKeywordForPlatform(KeywordExecutor.groovy:74)
	at com.kms.katalon.core.mobile.keyword.MobileBuiltInKeywords.tap(MobileBuiltInKeywords.groovy:1490)
	at com.kms.katalon.core.mobile.keyword.MobileBuiltInKeywords$tap$4.call(Unknown Source)
	at duitNow_mobileNumberFavTransaction.run(duitNow_mobileNumberFavTransaction:86)
	at com.kms.katalon.core.main.ScriptEngine.run(ScriptEngine.java:194)
	at com.kms.katalon.core.main.ScriptEngine.runScriptAsRawText(ScriptEngine.java:119)
	at com.kms.katalon.core.main.TestCaseExecutor.runScript(TestCaseExecutor.java:445)
	at com.kms.katalon.core.main.TestCaseExecutor.doExecute(TestCaseExecutor.java:436)
	at com.kms.katalon.core.main.TestCaseExecutor.processExecutionPhase(TestCaseExecutor.java:415)
	at com.kms.katalon.core.main.TestCaseExecutor.accessMainPhase(TestCaseExecutor.java:407)
	at com.kms.katalon.core.main.TestCaseExecutor.execute(TestCaseExecutor.java:284)
	at com.kms.katalon.core.common.CommonExecutor.accessTestCaseMainPhase(CommonExecutor.java:65)
	at com.kms.katalon.core.main.TestSuiteExecutor.accessTestSuiteMainPhase(TestSuiteExecutor.java:144)
	at com.kms.katalon.core.main.TestSuiteExecutor.execute(TestSuiteExecutor.java:106)
	at com.kms.katalon.core.main.TestCaseMain.startTestSuite(TestCaseMain.java:185)
	at com.kms.katalon.core.main.TestCaseMain$startTestSuite$0.call(Unknown Source)
	at TempTestSuite1655885093224.run(TempTestSuite1655885093224.groovy:36)
)

2022-06-22 16:49:08 - [TEST_STEP][PASSED] - delay(3): Delayed 3 second(s)

2022-06-22 16:49:11 - [MESSAGE][PASSED] - Delayed 3 second(s)

2022-06-22 16:49:11 - [TEST_STEP][FAILED] - verifyElementText(findTestObject("Transfer/transferFavListAccNameTxt", ["accName":recName3]), recName3): Verify element text of test object 'Object Repository/Transfer/transferFavListAccNameTxt' FAILED. (Root cause: org.openqa.selenium.WebDriverException: An unknown server-side error occurred while processing the command. Original error: 'GET /window/current/size' cannot be proxied to UiAutomator2 server because the instrumentation process is not running (probably crashed). Check the server log and/or the logcat output for more details
Build info: version: '3.141.59', revision: 'e82be7d358', time: '2018-11-14T08:25:53'
System info: host: '00139272s-MacBook-Pro.local', ip: '2001:e68:6167:d901:5dd8:2a3:885f:7e34%en0', os.name: 'Mac OS X', os.arch: 'x86_64', os.version: '10.16', java.version: '1.8.0_275'
Driver info: com.kms.katalon.core.appium.driver.SwipeableAndroidDriver
Capabilities {app: /Users/a00139272/Katalon St..., appActivity: com.maybank2u.life.MainActi..., appPackage: com.maybank2u.life.sit, appWaitActivity: *, autoGrantPermissions: true, automationName: uiautomator2, chromedriverPort: 52878, databaseEnabled: false, desired: {app: /Users/a00139272/Katalon St..., appActivity: com.maybank2u.life.MainActi..., appPackage: com.maybank2u.life.sit, appWaitActivity: *, autoGrantPermissions: true, automationName: uiautomator2, chromedriverPort: 52878, deviceId: 002b9cc60508, deviceName: Xiaomi 21061119AG (Android 11), fullReset: false, newCommandTimeout: 1800, noReset: true, platform: ANDROID, platformName: android, platformVersion: 11, systemPort: 52876, udid: 002b9cc60508}, deviceApiLevel: 30, deviceId: 002b9cc60508, deviceManufacturer: Xiaomi, deviceModel: 21061119AG, deviceName: 002b9cc60508, deviceScreenDensity: 440, deviceScreenSize: 1080x2400, deviceUDID: 002b9cc60508, fullReset: false, javascriptEnabled: true, locationContextEnabled: false, networkConnectionEnabled: true, newCommandTimeout: 1800, noReset: true, pixelRatio: 2.75, platform: ANDROID, platformName: Android, platformVersion: 11, statBarHeight: 103, systemPort: 52876, takesScreenshot: true, udid: 002b9cc60508, viewportRect: {height: 2064, left: 0, top: 103, width: 1080}, warnings: {}, webStorageEnabled: false}
Session ID: 07e0a906-f567-4646-abfd-84c6cc800d18
	at org.openqa.selenium.remote.http.W3CHttpResponseCodec.createException(W3CHttpResponseCodec.java:187)
	at org.openqa.selenium.remote.http.W3CHttpResponseCodec.decode(W3CHttpResponseCodec.java:122)
	at org.openqa.selenium.remote.http.W3CHttpResponseCodec.decode(W3CHttpResponseCodec.java:49)
	at org.openqa.selenium.remote.HttpCommandExecutor.execute(HttpCommandExecutor.java:158)
	at io.appium.java_client.remote.AppiumCommandExecutor.execute(AppiumCommandExecutor.java:239)
	at org.openqa.selenium.remote.RemoteWebDriver.execute(RemoteWebDriver.java:552)
	at io.appium.java_client.DefaultGenericMobileDriver.execute(DefaultGenericMobileDriver.java:46)
	at io.appium.java_client.AppiumDriver.execute(AppiumDriver.java:1)
	at io.appium.java_client.android.AndroidDriver.execute(AndroidDriver.java:1)
	at com.kms.katalon.core.appium.driver.SwipeableAndroidDriver.execute(SwipeableAndroidDriver.java:1)
	at org.openqa.selenium.remote.RemoteWebDriver$RemoteWebDriverOptions$RemoteWindow.getSize(RemoteWebDriver.java:813)
	at org.openqa.selenium.WebDriver$Window$getSize.call(Unknown Source)
	at com.kms.katalon.core.mobile.keyword.internal.MobileAbstractKeyword.findElement(MobileAbstractKeyword.groovy:81)
	at com.kms.katalon.core.mobile.keyword.builtin.VerifyElementTextKeyword.access$1(VerifyElementTextKeyword.groovy)
	at com.kms.katalon.core.mobile.keyword.builtin.VerifyElementTextKeyword$_verifyElementText_closure1.doCall(VerifyElementTextKeyword.groovy:47)
	at com.kms.katalon.core.mobile.keyword.builtin.VerifyElementTextKeyword$_verifyElementText_closure1.call(VerifyElementTextKeyword.groovy)
	at com.kms.katalon.core.mobile.keyword.internal.MobileKeywordMain.runKeyword(MobileKeywordMain.groovy:21)
	at com.kms.katalon.core.mobile.keyword.builtin.VerifyElementTextKeyword.verifyElementText(VerifyElementTextKeyword.groovy:62)
	at com.kms.katalon.core.mobile.keyword.builtin.VerifyElementTextKeyword.execute(VerifyElementTextKeyword.groovy:39)
	at com.kms.katalon.core.keyword.internal.KeywordExecutor.executeKeywordForPlatform(KeywordExecutor.groovy:74)
	at com.kms.katalon.core.mobile.keyword.MobileBuiltInKeywords.verifyElementText(MobileBuiltInKeywords.groovy:2901)
	at com.kms.katalon.core.mobile.keyword.MobileBuiltInKeywords$verifyElementText$9.call(Unknown Source)
	at duitNow_mobileNumberFavTransaction.run(duitNow_mobileNumberFavTransaction:92)
	at com.kms.katalon.core.main.ScriptEngine.run(ScriptEngine.java:194)
	at com.kms.katalon.core.main.ScriptEngine.runScriptAsRawText(ScriptEngine.java:119)
	at com.kms.katalon.core.main.TestCaseExecutor.runScript(TestCaseExecutor.java:445)
	at com.kms.katalon.core.main.TestCaseExecutor.doExecute(TestCaseExecutor.java:436)
	at com.kms.katalon.core.main.TestCaseExecutor.processExecutionPhase(TestCaseExecutor.java:415)
	at com.kms.katalon.core.main.TestCaseExecutor.accessMainPhase(TestCaseExecutor.java:407)
	at com.kms.katalon.core.main.TestCaseExecutor.execute(TestCaseExecutor.java:284)
	at com.kms.katalon.core.common.CommonExecutor.accessTestCaseMainPhase(CommonExecutor.java:65)
	at com.kms.katalon.core.main.TestSuiteExecutor.accessTestSuiteMainPhase(TestSuiteExecutor.java:144)
	at com.kms.katalon.core.main.TestSuiteExecutor.execute(TestSuiteExecutor.java:106)
	at com.kms.katalon.core.main.TestCaseMain.startTestSuite(TestCaseMain.java:185)
	at com.kms.katalon.core.main.TestCaseMain$startTestSuite$0.call(Unknown Source)
	at TempTestSuite1655885093224.run(TempTestSuite1655885093224.groovy:36)
)

2022-06-22 16:49:11 - [MESSAGE][FAILED] - Verify element text of test object 'Object Repository/Transfer/transferFavListAccNameTxt' FAILED. (Root cause: org.openqa.selenium.WebDriverException: An unknown server-side error occurred while processing the command. Original error: 'GET /window/current/size' cannot be proxied to UiAutomator2 server because the instrumentation process is not running (probably crashed). Check the server log and/or the logcat output for more details
Build info: version: '3.141.59', revision: 'e82be7d358', time: '2018-11-14T08:25:53'
System info: host: '00139272s-MacBook-Pro.local', ip: '2001:e68:6167:d901:5dd8:2a3:885f:7e34%en0', os.name: 'Mac OS X', os.arch: 'x86_64', os.version: '10.16', java.version: '1.8.0_275'
Driver info: com.kms.katalon.core.appium.driver.SwipeableAndroidDriver
Capabilities {app: /Users/a00139272/Katalon St..., appActivity: com.maybank2u.life.MainActi..., appPackage: com.maybank2u.life.sit, appWaitActivity: *, autoGrantPermissions: true, automationName: uiautomator2, chromedriverPort: 52878, databaseEnabled: false, desired: {app: /Users/a00139272/Katalon St..., appActivity: com.maybank2u.life.MainActi..., appPackage: com.maybank2u.life.sit, appWaitActivity: *, autoGrantPermissions: true, automationName: uiautomator2, chromedriverPort: 52878, deviceId: 002b9cc60508, deviceName: Xiaomi 21061119AG (Android 11), fullReset: false, newCommandTimeout: 1800, noReset: true, platform: ANDROID, platformName: android, platformVersion: 11, systemPort: 52876, udid: 002b9cc60508}, deviceApiLevel: 30, deviceId: 002b9cc60508, deviceManufacturer: Xiaomi, deviceModel: 21061119AG, deviceName: 002b9cc60508, deviceScreenDensity: 440, deviceScreenSize: 1080x2400, deviceUDID: 002b9cc60508, fullReset: false, javascriptEnabled: true, locationContextEnabled: false, networkConnectionEnabled: true, newCommandTimeout: 1800, noReset: true, pixelRatio: 2.75, platform: ANDROID, platformName: Android, platformVersion: 11, statBarHeight: 103, systemPort: 52876, takesScreenshot: true, udid: 002b9cc60508, viewportRect: {height: 2064, left: 0, top: 103, width: 1080}, warnings: {}, webStorageEnabled: false}
Session ID: 07e0a906-f567-4646-abfd-84c6cc800d18
	at org.openqa.selenium.remote.http.W3CHttpResponseCodec.createException(W3CHttpResponseCodec.java:187)
	at org.openqa.selenium.remote.http.W3CHttpResponseCodec.decode(W3CHttpResponseCodec.java:122)
	at org.openqa.selenium.remote.http.W3CHttpResponseCodec.decode(W3CHttpResponseCodec.java:49)
	at org.openqa.selenium.remote.HttpCommandExecutor.execute(HttpCommandExecutor.java:158)
	at io.appium.java_client.remote.AppiumCommandExecutor.execute(AppiumCommandExecutor.java:239)
	at org.openqa.selenium.remote.RemoteWebDriver.execute(RemoteWebDriver.java:552)
	at io.appium.java_client.DefaultGenericMobileDriver.execute(DefaultGenericMobileDriver.java:46)
	at io.appium.java_client.AppiumDriver.execute(AppiumDriver.java:1)
	at io.appium.java_client.android.AndroidDriver.execute(AndroidDriver.java:1)
	at com.kms.katalon.core.appium.driver.SwipeableAndroidDriver.execute(SwipeableAndroidDriver.java:1)
	at org.openqa.selenium.remote.RemoteWebDriver$RemoteWebDriverOptions$RemoteWindow.getSize(RemoteWebDriver.java:813)
	at org.openqa.selenium.WebDriver$Window$getSize.call(Unknown Source)
	at com.kms.katalon.core.mobile.keyword.internal.MobileAbstractKeyword.findElement(MobileAbstractKeyword.groovy:81)
	at com.kms.katalon.core.mobile.keyword.builtin.VerifyElementTextKeyword.access$1(VerifyElementTextKeyword.groovy)
	at com.kms.katalon.core.mobile.keyword.builtin.VerifyElementTextKeyword$_verifyElementText_closure1.doCall(VerifyElementTextKeyword.groovy:47)
	at com.kms.katalon.core.mobile.keyword.builtin.VerifyElementTextKeyword$_verifyElementText_closure1.call(VerifyElementTextKeyword.groovy)
	at com.kms.katalon.core.mobile.keyword.internal.MobileKeywordMain.runKeyword(MobileKeywordMain.groovy:21)
	at com.kms.katalon.core.mobile.keyword.builtin.VerifyElementTextKeyword.verifyElementText(VerifyElementTextKeyword.groovy:62)
	at com.kms.katalon.core.mobile.keyword.builtin.VerifyElementTextKeyword.execute(VerifyElementTextKeyword.groovy:39)
	at com.kms.katalon.core.keyword.internal.KeywordExecutor.executeKeywordForPlatform(KeywordExecutor.groovy:74)
	at com.kms.katalon.core.mobile.keyword.MobileBuiltInKeywords.verifyElementText(MobileBuiltInKeywords.groovy:2901)
	at com.kms.katalon.core.mobile.keyword.MobileBuiltInKeywords$verifyElementText$9.call(Unknown Source)
	at duitNow_mobileNumberFavTransaction.run(duitNow_mobileNumberFavTransaction:92)
	at com.kms.katalon.core.main.ScriptEngine.run(ScriptEngine.java:194)
	at com.kms.katalon.core.main.ScriptEngine.runScriptAsRawText(ScriptEngine.java:119)
	at com.kms.katalon.core.main.TestCaseExecutor.runScript(TestCaseExecutor.java:445)
	at com.kms.katalon.core.main.TestCaseExecutor.doExecute(TestCaseExecutor.java:436)
	at com.kms.katalon.core.main.TestCaseExecutor.processExecutionPhase(TestCaseExecutor.java:415)
	at com.kms.katalon.core.main.TestCaseExecutor.accessMainPhase(TestCaseExecutor.java:407)
	at com.kms.katalon.core.main.TestCaseExecutor.execute(TestCaseExecutor.java:284)
	at com.kms.katalon.core.common.CommonExecutor.accessTestCaseMainPhase(CommonExecutor.java:65)
	at com.kms.katalon.core.main.TestSuiteExecutor.accessTestSuiteMainPhase(TestSuiteExecutor.java:144)
	at com.kms.katalon.core.main.TestSuiteExecutor.execute(TestSuiteExecutor.java:106)
	at com.kms.katalon.core.main.TestCaseMain.startTestSuite(TestCaseMain.java:185)
	at com.kms.katalon.core.main.TestCaseMain$startTestSuite$0.call(Unknown Source)
	at TempTestSuite1655885093224.run(TempTestSuite1655885093224.groovy:36)
)

2022-06-22 16:49:11 - [TEST_STEP][FAILED] - verifyElementText(findTestObject("Transfer/transferFavListAccNoTxt", ["accNo":proxyNumber]), proxyNumber): Verify element text of test object 'Object Repository/Transfer/transferFavListAccNoTxt' FAILED. (Root cause: org.openqa.selenium.WebDriverException: An unknown server-side error occurred while processing the command. Original error: 'GET /window/current/size' cannot be proxied to UiAutomator2 server because the instrumentation process is not running (probably crashed). Check the server log and/or the logcat output for more details
Build info: version: '3.141.59', revision: 'e82be7d358', time: '2018-11-14T08:25:53'
System info: host: '00139272s-MacBook-Pro.local', ip: '2001:e68:6167:d901:5dd8:2a3:885f:7e34%en0', os.name: 'Mac OS X', os.arch: 'x86_64', os.version: '10.16', java.version: '1.8.0_275'
Driver info: com.kms.katalon.core.appium.driver.SwipeableAndroidDriver
Capabilities {app: /Users/a00139272/Katalon St..., appActivity: com.maybank2u.life.MainActi..., appPackage: com.maybank2u.life.sit, appWaitActivity: *, autoGrantPermissions: true, automationName: uiautomator2, chromedriverPort: 52878, databaseEnabled: false, desired: {app: /Users/a00139272/Katalon St..., appActivity: com.maybank2u.life.MainActi..., appPackage: com.maybank2u.life.sit, appWaitActivity: *, autoGrantPermissions: true, automationName: uiautomator2, chromedriverPort: 52878, deviceId: 002b9cc60508, deviceName: Xiaomi 21061119AG (Android 11), fullReset: false, newCommandTimeout: 1800, noReset: true, platform: ANDROID, platformName: android, platformVersion: 11, systemPort: 52876, udid: 002b9cc60508}, deviceApiLevel: 30, deviceId: 002b9cc60508, deviceManufacturer: Xiaomi, deviceModel: 21061119AG, deviceName: 002b9cc60508, deviceScreenDensity: 440, deviceScreenSize: 1080x2400, deviceUDID: 002b9cc60508, fullReset: false, javascriptEnabled: true, locationContextEnabled: false, networkConnectionEnabled: true, newCommandTimeout: 1800, noReset: true, pixelRatio: 2.75, platform: ANDROID, platformName: Android, platformVersion: 11, statBarHeight: 103, systemPort: 52876, takesScreenshot: true, udid: 002b9cc60508, viewportRect: {height: 2064, left: 0, top: 103, width: 1080}, warnings: {}, webStorageEnabled: false}
Session ID: 07e0a906-f567-4646-abfd-84c6cc800d18
	at org.openqa.selenium.remote.http.W3CHttpResponseCodec.createException(W3CHttpResponseCodec.java:187)
	at org.openqa.selenium.remote.http.W3CHttpResponseCodec.decode(W3CHttpResponseCodec.java:122)
	at org.openqa.selenium.remote.http.W3CHttpResponseCodec.decode(W3CHttpResponseCodec.java:49)
	at org.openqa.selenium.remote.HttpCommandExecutor.execute(HttpCommandExecutor.java:158)
	at io.appium.java_client.remote.AppiumCommandExecutor.execute(AppiumCommandExecutor.java:239)
	at org.openqa.selenium.remote.RemoteWebDriver.execute(RemoteWebDriver.java:552)
	at io.appium.java_client.DefaultGenericMobileDriver.execute(DefaultGenericMobileDriver.java:46)
	at io.appium.java_client.AppiumDriver.execute(AppiumDriver.java:1)
	at io.appium.java_client.android.AndroidDriver.execute(AndroidDriver.java:1)
	at com.kms.katalon.core.appium.driver.SwipeableAndroidDriver.execute(SwipeableAndroidDriver.java:1)
	at org.openqa.selenium.remote.RemoteWebDriver$RemoteWebDriverOptions$RemoteWindow.getSize(RemoteWebDriver.java:813)
	at org.openqa.selenium.WebDriver$Window$getSize.call(Unknown Source)
	at com.kms.katalon.core.mobile.keyword.internal.MobileAbstractKeyword.findElement(MobileAbstractKeyword.groovy:81)
	at com.kms.katalon.core.mobile.keyword.builtin.VerifyElementTextKeyword.access$1(VerifyElementTextKeyword.groovy)
	at com.kms.katalon.core.mobile.keyword.builtin.VerifyElementTextKeyword$_verifyElementText_closure1.doCall(VerifyElementTextKeyword.groovy:47)
	at com.kms.katalon.core.mobile.keyword.builtin.VerifyElementTextKeyword$_verifyElementText_closure1.call(VerifyElementTextKeyword.groovy)
	at com.kms.katalon.core.mobile.keyword.internal.MobileKeywordMain.runKeyword(MobileKeywordMain.groovy:21)
	at com.kms.katalon.core.mobile.keyword.builtin.VerifyElementTextKeyword.verifyElementText(VerifyElementTextKeyword.groovy:62)
	at com.kms.katalon.core.mobile.keyword.builtin.VerifyElementTextKeyword.execute(VerifyElementTextKeyword.groovy:39)
	at com.kms.katalon.core.keyword.internal.KeywordExecutor.executeKeywordForPlatform(KeywordExecutor.groovy:74)
	at com.kms.katalon.core.mobile.keyword.MobileBuiltInKeywords.verifyElementText(MobileBuiltInKeywords.groovy:2901)
	at com.kms.katalon.core.mobile.keyword.MobileBuiltInKeywords$verifyElementText$9.call(Unknown Source)
	at duitNow_mobileNumberFavTransaction.run(duitNow_mobileNumberFavTransaction:94)
	at com.kms.katalon.core.main.ScriptEngine.run(ScriptEngine.java:194)
	at com.kms.katalon.core.main.ScriptEngine.runScriptAsRawText(ScriptEngine.java:119)
	at com.kms.katalon.core.main.TestCaseExecutor.runScript(TestCaseExecutor.java:445)
	at com.kms.katalon.core.main.TestCaseExecutor.doExecute(TestCaseExecutor.java:436)
	at com.kms.katalon.core.main.TestCaseExecutor.processExecutionPhase(TestCaseExecutor.java:415)
	at com.kms.katalon.core.main.TestCaseExecutor.accessMainPhase(TestCaseExecutor.java:407)
	at com.kms.katalon.core.main.TestCaseExecutor.execute(TestCaseExecutor.java:284)
	at com.kms.katalon.core.common.CommonExecutor.accessTestCaseMainPhase(CommonExecutor.java:65)
	at com.kms.katalon.core.main.TestSuiteExecutor.accessTestSuiteMainPhase(TestSuiteExecutor.java:144)
	at com.kms.katalon.core.main.TestSuiteExecutor.execute(TestSuiteExecutor.java:106)
	at com.kms.katalon.core.main.TestCaseMain.startTestSuite(TestCaseMain.java:185)
	at com.kms.katalon.core.main.TestCaseMain$startTestSuite$0.call(Unknown Source)
	at TempTestSuite1655885093224.run(TempTestSuite1655885093224.groovy:36)
)

2022-06-22 16:49:11 - [MESSAGE][FAILED] - Verify element text of test object 'Object Repository/Transfer/transferFavListAccNoTxt' FAILED. (Root cause: org.openqa.selenium.WebDriverException: An unknown server-side error occurred while processing the command. Original error: 'GET /window/current/size' cannot be proxied to UiAutomator2 server because the instrumentation process is not running (probably crashed). Check the server log and/or the logcat output for more details
Build info: version: '3.141.59', revision: 'e82be7d358', time: '2018-11-14T08:25:53'
System info: host: '00139272s-MacBook-Pro.local', ip: '2001:e68:6167:d901:5dd8:2a3:885f:7e34%en0', os.name: 'Mac OS X', os.arch: 'x86_64', os.version: '10.16', java.version: '1.8.0_275'
Driver info: com.kms.katalon.core.appium.driver.SwipeableAndroidDriver
Capabilities {app: /Users/a00139272/Katalon St..., appActivity: com.maybank2u.life.MainActi..., appPackage: com.maybank2u.life.sit, appWaitActivity: *, autoGrantPermissions: true, automationName: uiautomator2, chromedriverPort: 52878, databaseEnabled: false, desired: {app: /Users/a00139272/Katalon St..., appActivity: com.maybank2u.life.MainActi..., appPackage: com.maybank2u.life.sit, appWaitActivity: *, autoGrantPermissions: true, automationName: uiautomator2, chromedriverPort: 52878, deviceId: 002b9cc60508, deviceName: Xiaomi 21061119AG (Android 11), fullReset: false, newCommandTimeout: 1800, noReset: true, platform: ANDROID, platformName: android, platformVersion: 11, systemPort: 52876, udid: 002b9cc60508}, deviceApiLevel: 30, deviceId: 002b9cc60508, deviceManufacturer: Xiaomi, deviceModel: 21061119AG, deviceName: 002b9cc60508, deviceScreenDensity: 440, deviceScreenSize: 1080x2400, deviceUDID: 002b9cc60508, fullReset: false, javascriptEnabled: true, locationContextEnabled: false, networkConnectionEnabled: true, newCommandTimeout: 1800, noReset: true, pixelRatio: 2.75, platform: ANDROID, platformName: Android, platformVersion: 11, statBarHeight: 103, systemPort: 52876, takesScreenshot: true, udid: 002b9cc60508, viewportRect: {height: 2064, left: 0, top: 103, width: 1080}, warnings: {}, webStorageEnabled: false}
Session ID: 07e0a906-f567-4646-abfd-84c6cc800d18
	at org.openqa.selenium.remote.http.W3CHttpResponseCodec.createException(W3CHttpResponseCodec.java:187)
	at org.openqa.selenium.remote.http.W3CHttpResponseCodec.decode(W3CHttpResponseCodec.java:122)
	at org.openqa.selenium.remote.http.W3CHttpResponseCodec.decode(W3CHttpResponseCodec.java:49)
	at org.openqa.selenium.remote.HttpCommandExecutor.execute(HttpCommandExecutor.java:158)
	at io.appium.java_client.remote.AppiumCommandExecutor.execute(AppiumCommandExecutor.java:239)
	at org.openqa.selenium.remote.RemoteWebDriver.execute(RemoteWebDriver.java:552)
	at io.appium.java_client.DefaultGenericMobileDriver.execute(DefaultGenericMobileDriver.java:46)
	at io.appium.java_client.AppiumDriver.execute(AppiumDriver.java:1)
	at io.appium.java_client.android.AndroidDriver.execute(AndroidDriver.java:1)
	at com.kms.katalon.core.appium.driver.SwipeableAndroidDriver.execute(SwipeableAndroidDriver.java:1)
	at org.openqa.selenium.remote.RemoteWebDriver$RemoteWebDriverOptions$RemoteWindow.getSize(RemoteWebDriver.java:813)
	at org.openqa.selenium.WebDriver$Window$getSize.call(Unknown Source)
	at com.kms.katalon.core.mobile.keyword.internal.MobileAbstractKeyword.findElement(MobileAbstractKeyword.groovy:81)
	at com.kms.katalon.core.mobile.keyword.builtin.VerifyElementTextKeyword.access$1(VerifyElementTextKeyword.groovy)
	at com.kms.katalon.core.mobile.keyword.builtin.VerifyElementTextKeyword$_verifyElementText_closure1.doCall(VerifyElementTextKeyword.groovy:47)
	at com.kms.katalon.core.mobile.keyword.builtin.VerifyElementTextKeyword$_verifyElementText_closure1.call(VerifyElementTextKeyword.groovy)
	at com.kms.katalon.core.mobile.keyword.internal.MobileKeywordMain.runKeyword(MobileKeywordMain.groovy:21)
	at com.kms.katalon.core.mobile.keyword.builtin.VerifyElementTextKeyword.verifyElementText(VerifyElementTextKeyword.groovy:62)
	at com.kms.katalon.core.mobile.keyword.builtin.VerifyElementTextKeyword.execute(VerifyElementTextKeyword.groovy:39)
	at com.kms.katalon.core.keyword.internal.KeywordExecutor.executeKeywordForPlatform(KeywordExecutor.groovy:74)
	at com.kms.katalon.core.mobile.keyword.MobileBuiltInKeywords.verifyElementText(MobileBuiltInKeywords.groovy:2901)
	at com.kms.katalon.core.mobile.keyword.MobileBuiltInKeywords$verifyElementText$9.call(Unknown Source)
	at duitNow_mobileNumberFavTransaction.run(duitNow_mobileNumberFavTransaction:94)
	at com.kms.katalon.core.main.ScriptEngine.run(ScriptEngine.java:194)
	at com.kms.katalon.core.main.ScriptEngine.runScriptAsRawText(ScriptEngine.java:119)
	at com.kms.katalon.core.main.TestCaseExecutor.runScript(TestCaseExecutor.java:445)
	at com.kms.katalon.core.main.TestCaseExecutor.doExecute(TestCaseExecutor.java:436)
	at com.kms.katalon.core.main.TestCaseExecutor.processExecutionPhase(TestCaseExecutor.java:415)
	at com.kms.katalon.core.main.TestCaseExecutor.accessMainPhase(TestCaseExecutor.java:407)
	at com.kms.katalon.core.main.TestCaseExecutor.execute(TestCaseExecutor.java:284)
	at com.kms.katalon.core.common.CommonExecutor.accessTestCaseMainPhase(CommonExecutor.java:65)
	at com.kms.katalon.core.main.TestSuiteExecutor.accessTestSuiteMainPhase(TestSuiteExecutor.java:144)
	at com.kms.katalon.core.main.TestSuiteExecutor.execute(TestSuiteExecutor.java:106)
	at com.kms.katalon.core.main.TestCaseMain.startTestSuite(TestCaseMain.java:185)
	at com.kms.katalon.core.main.TestCaseMain$startTestSuite$0.call(Unknown Source)
	at TempTestSuite1655885093224.run(TempTestSuite1655885093224.groovy:36)
)

2022-06-22 16:49:11 - [TEST_STEP][FAILED] - verifyElementText(findTestObject("Transfer/transferFavListAccBankTxt", ["accBank":proxyType]), proxyType): Verify element text of test object 'Object Repository/Transfer/transferFavListAccBankTxt' FAILED. (Root cause: org.openqa.selenium.WebDriverException: An unknown server-side error occurred while processing the command. Original error: 'GET /window/current/size' cannot be proxied to UiAutomator2 server because the instrumentation process is not running (probably crashed). Check the server log and/or the logcat output for more details
Build info: version: '3.141.59', revision: 'e82be7d358', time: '2018-11-14T08:25:53'
System info: host: '00139272s-MacBook-Pro.local', ip: '2001:e68:6167:d901:5dd8:2a3:885f:7e34%en0', os.name: 'Mac OS X', os.arch: 'x86_64', os.version: '10.16', java.version: '1.8.0_275'
Driver info: com.kms.katalon.core.appium.driver.SwipeableAndroidDriver
Capabilities {app: /Users/a00139272/Katalon St..., appActivity: com.maybank2u.life.MainActi..., appPackage: com.maybank2u.life.sit, appWaitActivity: *, autoGrantPermissions: true, automationName: uiautomator2, chromedriverPort: 52878, databaseEnabled: false, desired: {app: /Users/a00139272/Katalon St..., appActivity: com.maybank2u.life.MainActi..., appPackage: com.maybank2u.life.sit, appWaitActivity: *, autoGrantPermissions: true, automationName: uiautomator2, chromedriverPort: 52878, deviceId: 002b9cc60508, deviceName: Xiaomi 21061119AG (Android 11), fullReset: false, newCommandTimeout: 1800, noReset: true, platform: ANDROID, platformName: android, platformVersion: 11, systemPort: 52876, udid: 002b9cc60508}, deviceApiLevel: 30, deviceId: 002b9cc60508, deviceManufacturer: Xiaomi, deviceModel: 21061119AG, deviceName: 002b9cc60508, deviceScreenDensity: 440, deviceScreenSize: 1080x2400, deviceUDID: 002b9cc60508, fullReset: false, javascriptEnabled: true, locationContextEnabled: false, networkConnectionEnabled: true, newCommandTimeout: 1800, noReset: true, pixelRatio: 2.75, platform: ANDROID, platformName: Android, platformVersion: 11, statBarHeight: 103, systemPort: 52876, takesScreenshot: true, udid: 002b9cc60508, viewportRect: {height: 2064, left: 0, top: 103, width: 1080}, warnings: {}, webStorageEnabled: false}
Session ID: 07e0a906-f567-4646-abfd-84c6cc800d18
	at org.openqa.selenium.remote.http.W3CHttpResponseCodec.createException(W3CHttpResponseCodec.java:187)
	at org.openqa.selenium.remote.http.W3CHttpResponseCodec.decode(W3CHttpResponseCodec.java:122)
	at org.openqa.selenium.remote.http.W3CHttpResponseCodec.decode(W3CHttpResponseCodec.java:49)
	at org.openqa.selenium.remote.HttpCommandExecutor.execute(HttpCommandExecutor.java:158)
	at io.appium.java_client.remote.AppiumCommandExecutor.execute(AppiumCommandExecutor.java:239)
	at org.openqa.selenium.remote.RemoteWebDriver.execute(RemoteWebDriver.java:552)
	at io.appium.java_client.DefaultGenericMobileDriver.execute(DefaultGenericMobileDriver.java:46)
	at io.appium.java_client.AppiumDriver.execute(AppiumDriver.java:1)
	at io.appium.java_client.android.AndroidDriver.execute(AndroidDriver.java:1)
	at com.kms.katalon.core.appium.driver.SwipeableAndroidDriver.execute(SwipeableAndroidDriver.java:1)
	at org.openqa.selenium.remote.RemoteWebDriver$RemoteWebDriverOptions$RemoteWindow.getSize(RemoteWebDriver.java:813)
	at org.openqa.selenium.WebDriver$Window$getSize.call(Unknown Source)
	at com.kms.katalon.core.mobile.keyword.internal.MobileAbstractKeyword.findElement(MobileAbstractKeyword.groovy:81)
	at com.kms.katalon.core.mobile.keyword.builtin.VerifyElementTextKeyword.access$1(VerifyElementTextKeyword.groovy)
	at com.kms.katalon.core.mobile.keyword.builtin.VerifyElementTextKeyword$_verifyElementText_closure1.doCall(VerifyElementTextKeyword.groovy:47)
	at com.kms.katalon.core.mobile.keyword.builtin.VerifyElementTextKeyword$_verifyElementText_closure1.call(VerifyElementTextKeyword.groovy)
	at com.kms.katalon.core.mobile.keyword.internal.MobileKeywordMain.runKeyword(MobileKeywordMain.groovy:21)
	at com.kms.katalon.core.mobile.keyword.builtin.VerifyElementTextKeyword.verifyElementText(VerifyElementTextKeyword.groovy:62)
	at com.kms.katalon.core.mobile.keyword.builtin.VerifyElementTextKeyword.execute(VerifyElementTextKeyword.groovy:39)
	at com.kms.katalon.core.keyword.internal.KeywordExecutor.executeKeywordForPlatform(KeywordExecutor.groovy:74)
	at com.kms.katalon.core.mobile.keyword.MobileBuiltInKeywords.verifyElementText(MobileBuiltInKeywords.groovy:2901)
	at com.kms.katalon.core.mobile.keyword.MobileBuiltInKeywords$verifyElementText$9.call(Unknown Source)
	at duitNow_mobileNumberFavTransaction.run(duitNow_mobileNumberFavTransaction:96)
	at com.kms.katalon.core.main.ScriptEngine.run(ScriptEngine.java:194)
	at com.kms.katalon.core.main.ScriptEngine.runScriptAsRawText(ScriptEngine.java:119)
	at com.kms.katalon.core.main.TestCaseExecutor.runScript(TestCaseExecutor.java:445)
	at com.kms.katalon.core.main.TestCaseExecutor.doExecute(TestCaseExecutor.java:436)
	at com.kms.katalon.core.main.TestCaseExecutor.processExecutionPhase(TestCaseExecutor.java:415)
	at com.kms.katalon.core.main.TestCaseExecutor.accessMainPhase(TestCaseExecutor.java:407)
	at com.kms.katalon.core.main.TestCaseExecutor.execute(TestCaseExecutor.java:284)
	at com.kms.katalon.core.common.CommonExecutor.accessTestCaseMainPhase(CommonExecutor.java:65)
	at com.kms.katalon.core.main.TestSuiteExecutor.accessTestSuiteMainPhase(TestSuiteExecutor.java:144)
	at com.kms.katalon.core.main.TestSuiteExecutor.execute(TestSuiteExecutor.java:106)
	at com.kms.katalon.core.main.TestCaseMain.startTestSuite(TestCaseMain.java:185)
	at com.kms.katalon.core.main.TestCaseMain$startTestSuite$0.call(Unknown Source)
	at TempTestSuite1655885093224.run(TempTestSuite1655885093224.groovy:36)
)

2022-06-22 16:49:11 - [MESSAGE][FAILED] - Verify element text of test object 'Object Repository/Transfer/transferFavListAccBankTxt' FAILED. (Root cause: org.openqa.selenium.WebDriverException: An unknown server-side error occurred while processing the command. Original error: 'GET /window/current/size' cannot be proxied to UiAutomator2 server because the instrumentation process is not running (probably crashed). Check the server log and/or the logcat output for more details
Build info: version: '3.141.59', revision: 'e82be7d358', time: '2018-11-14T08:25:53'
System info: host: '00139272s-MacBook-Pro.local', ip: '2001:e68:6167:d901:5dd8:2a3:885f:7e34%en0', os.name: 'Mac OS X', os.arch: 'x86_64', os.version: '10.16', java.version: '1.8.0_275'
Driver info: com.kms.katalon.core.appium.driver.SwipeableAndroidDriver
Capabilities {app: /Users/a00139272/Katalon St..., appActivity: com.maybank2u.life.MainActi..., appPackage: com.maybank2u.life.sit, appWaitActivity: *, autoGrantPermissions: true, automationName: uiautomator2, chromedriverPort: 52878, databaseEnabled: false, desired: {app: /Users/a00139272/Katalon St..., appActivity: com.maybank2u.life.MainActi..., appPackage: com.maybank2u.life.sit, appWaitActivity: *, autoGrantPermissions: true, automationName: uiautomator2, chromedriverPort: 52878, deviceId: 002b9cc60508, deviceName: Xiaomi 21061119AG (Android 11), fullReset: false, newCommandTimeout: 1800, noReset: true, platform: ANDROID, platformName: android, platformVersion: 11, systemPort: 52876, udid: 002b9cc60508}, deviceApiLevel: 30, deviceId: 002b9cc60508, deviceManufacturer: Xiaomi, deviceModel: 21061119AG, deviceName: 002b9cc60508, deviceScreenDensity: 440, deviceScreenSize: 1080x2400, deviceUDID: 002b9cc60508, fullReset: false, javascriptEnabled: true, locationContextEnabled: false, networkConnectionEnabled: true, newCommandTimeout: 1800, noReset: true, pixelRatio: 2.75, platform: ANDROID, platformName: Android, platformVersion: 11, statBarHeight: 103, systemPort: 52876, takesScreenshot: true, udid: 002b9cc60508, viewportRect: {height: 2064, left: 0, top: 103, width: 1080}, warnings: {}, webStorageEnabled: false}
Session ID: 07e0a906-f567-4646-abfd-84c6cc800d18
	at org.openqa.selenium.remote.http.W3CHttpResponseCodec.createException(W3CHttpResponseCodec.java:187)
	at org.openqa.selenium.remote.http.W3CHttpResponseCodec.decode(W3CHttpResponseCodec.java:122)
	at org.openqa.selenium.remote.http.W3CHttpResponseCodec.decode(W3CHttpResponseCodec.java:49)
	at org.openqa.selenium.remote.HttpCommandExecutor.execute(HttpCommandExecutor.java:158)
	at io.appium.java_client.remote.AppiumCommandExecutor.execute(AppiumCommandExecutor.java:239)
	at org.openqa.selenium.remote.RemoteWebDriver.execute(RemoteWebDriver.java:552)
	at io.appium.java_client.DefaultGenericMobileDriver.execute(DefaultGenericMobileDriver.java:46)
	at io.appium.java_client.AppiumDriver.execute(AppiumDriver.java:1)
	at io.appium.java_client.android.AndroidDriver.execute(AndroidDriver.java:1)
	at com.kms.katalon.core.appium.driver.SwipeableAndroidDriver.execute(SwipeableAndroidDriver.java:1)
	at org.openqa.selenium.remote.RemoteWebDriver$RemoteWebDriverOptions$RemoteWindow.getSize(RemoteWebDriver.java:813)
	at org.openqa.selenium.WebDriver$Window$getSize.call(Unknown Source)
	at com.kms.katalon.core.mobile.keyword.internal.MobileAbstractKeyword.findElement(MobileAbstractKeyword.groovy:81)
	at com.kms.katalon.core.mobile.keyword.builtin.VerifyElementTextKeyword.access$1(VerifyElementTextKeyword.groovy)
	at com.kms.katalon.core.mobile.keyword.builtin.VerifyElementTextKeyword$_verifyElementText_closure1.doCall(VerifyElementTextKeyword.groovy:47)
	at com.kms.katalon.core.mobile.keyword.builtin.VerifyElementTextKeyword$_verifyElementText_closure1.call(VerifyElementTextKeyword.groovy)
	at com.kms.katalon.core.mobile.keyword.internal.MobileKeywordMain.runKeyword(MobileKeywordMain.groovy:21)
	at com.kms.katalon.core.mobile.keyword.builtin.VerifyElementTextKeyword.verifyElementText(VerifyElementTextKeyword.groovy:62)
	at com.kms.katalon.core.mobile.keyword.builtin.VerifyElementTextKeyword.execute(VerifyElementTextKeyword.groovy:39)
	at com.kms.katalon.core.keyword.internal.KeywordExecutor.executeKeywordForPlatform(KeywordExecutor.groovy:74)
	at com.kms.katalon.core.mobile.keyword.MobileBuiltInKeywords.verifyElementText(MobileBuiltInKeywords.groovy:2901)
	at com.kms.katalon.core.mobile.keyword.MobileBuiltInKeywords$verifyElementText$9.call(Unknown Source)
	at duitNow_mobileNumberFavTransaction.run(duitNow_mobileNumberFavTransaction:96)
	at com.kms.katalon.core.main.ScriptEngine.run(ScriptEngine.java:194)
	at com.kms.katalon.core.main.ScriptEngine.runScriptAsRawText(ScriptEngine.java:119)
	at com.kms.katalon.core.main.TestCaseExecutor.runScript(TestCaseExecutor.java:445)
	at com.kms.katalon.core.main.TestCaseExecutor.doExecute(TestCaseExecutor.java:436)
	at com.kms.katalon.core.main.TestCaseExecutor.processExecutionPhase(TestCaseExecutor.java:415)
	at com.kms.katalon.core.main.TestCaseExecutor.accessMainPhase(TestCaseExecutor.java:407)
	at com.kms.katalon.core.main.TestCaseExecutor.execute(TestCaseExecutor.java:284)
	at com.kms.katalon.core.common.CommonExecutor.accessTestCaseMainPhase(CommonExecutor.java:65)
	at com.kms.katalon.core.main.TestSuiteExecutor.accessTestSuiteMainPhase(TestSuiteExecutor.java:144)
	at com.kms.katalon.core.main.TestSuiteExecutor.execute(TestSuiteExecutor.java:106)
	at com.kms.katalon.core.main.TestCaseMain.startTestSuite(TestCaseMain.java:185)
	at com.kms.katalon.core.main.TestCaseMain$startTestSuite$0.call(Unknown Source)
	at TempTestSuite1655885093224.run(TempTestSuite1655885093224.groovy:36)
)

2022-06-22 16:49:11 - [TEST_STEP][FAILED] - tap(findTestObject("Transfer/transferFavListAccNameTxt", ["accName":recName3]), 0): Failed to tap on element 'Object Repository/Transfer/transferFavListAccNameTxt' (Root cause: org.openqa.selenium.WebDriverException: An unknown server-side error occurred while processing the command. Original error: 'GET /window/current/size' cannot be proxied to UiAutomator2 server because the instrumentation process is not running (probably crashed). Check the server log and/or the logcat output for more details
Build info: version: '3.141.59', revision: 'e82be7d358', time: '2018-11-14T08:25:53'
System info: host: '00139272s-MacBook-Pro.local', ip: '2001:e68:6167:d901:5dd8:2a3:885f:7e34%en0', os.name: 'Mac OS X', os.arch: 'x86_64', os.version: '10.16', java.version: '1.8.0_275'
Driver info: com.kms.katalon.core.appium.driver.SwipeableAndroidDriver
Capabilities {app: /Users/a00139272/Katalon St..., appActivity: com.maybank2u.life.MainActi..., appPackage: com.maybank2u.life.sit, appWaitActivity: *, autoGrantPermissions: true, automationName: uiautomator2, chromedriverPort: 52878, databaseEnabled: false, desired: {app: /Users/a00139272/Katalon St..., appActivity: com.maybank2u.life.MainActi..., appPackage: com.maybank2u.life.sit, appWaitActivity: *, autoGrantPermissions: true, automationName: uiautomator2, chromedriverPort: 52878, deviceId: 002b9cc60508, deviceName: Xiaomi 21061119AG (Android 11), fullReset: false, newCommandTimeout: 1800, noReset: true, platform: ANDROID, platformName: android, platformVersion: 11, systemPort: 52876, udid: 002b9cc60508}, deviceApiLevel: 30, deviceId: 002b9cc60508, deviceManufacturer: Xiaomi, deviceModel: 21061119AG, deviceName: 002b9cc60508, deviceScreenDensity: 440, deviceScreenSize: 1080x2400, deviceUDID: 002b9cc60508, fullReset: false, javascriptEnabled: true, locationContextEnabled: false, networkConnectionEnabled: true, newCommandTimeout: 1800, noReset: true, pixelRatio: 2.75, platform: ANDROID, platformName: Android, platformVersion: 11, statBarHeight: 103, systemPort: 52876, takesScreenshot: true, udid: 002b9cc60508, viewportRect: {height: 2064, left: 0, top: 103, width: 1080}, warnings: {}, webStorageEnabled: false}
Session ID: 07e0a906-f567-4646-abfd-84c6cc800d18
	at org.openqa.selenium.remote.http.W3CHttpResponseCodec.createException(W3CHttpResponseCodec.java:187)
	at org.openqa.selenium.remote.http.W3CHttpResponseCodec.decode(W3CHttpResponseCodec.java:122)
	at org.openqa.selenium.remote.http.W3CHttpResponseCodec.decode(W3CHttpResponseCodec.java:49)
	at org.openqa.selenium.remote.HttpCommandExecutor.execute(HttpCommandExecutor.java:158)
	at io.appium.java_client.remote.AppiumCommandExecutor.execute(AppiumCommandExecutor.java:239)
	at org.openqa.selenium.remote.RemoteWebDriver.execute(RemoteWebDriver.java:552)
	at io.appium.java_client.DefaultGenericMobileDriver.execute(DefaultGenericMobileDriver.java:46)
	at io.appium.java_client.AppiumDriver.execute(AppiumDriver.java:1)
	at io.appium.java_client.android.AndroidDriver.execute(AndroidDriver.java:1)
	at com.kms.katalon.core.appium.driver.SwipeableAndroidDriver.execute(SwipeableAndroidDriver.java:1)
	at org.openqa.selenium.remote.RemoteWebDriver$RemoteWebDriverOptions$RemoteWindow.getSize(RemoteWebDriver.java:813)
	at org.openqa.selenium.WebDriver$Window$getSize.call(Unknown Source)
	at com.kms.katalon.core.mobile.keyword.internal.MobileAbstractKeyword.findElement(MobileAbstractKeyword.groovy:81)
	at com.kms.katalon.core.mobile.keyword.builtin.TapKeyword.access$1(TapKeyword.groovy)
	at com.kms.katalon.core.mobile.keyword.builtin.TapKeyword$_tap_closure1.doCall(TapKeyword.groovy:76)
	at com.kms.katalon.core.mobile.keyword.builtin.TapKeyword$_tap_closure1.call(TapKeyword.groovy)
	at com.kms.katalon.core.mobile.keyword.internal.MobileKeywordMain.runKeyword(MobileKeywordMain.groovy:21)
	at com.kms.katalon.core.mobile.keyword.builtin.TapKeyword.tap(TapKeyword.groovy:84)
	at com.kms.katalon.core.mobile.keyword.builtin.TapKeyword.execute(TapKeyword.groovy:68)
	at com.kms.katalon.core.keyword.internal.KeywordExecutor.executeKeywordForPlatform(KeywordExecutor.groovy:74)
	at com.kms.katalon.core.mobile.keyword.MobileBuiltInKeywords.tap(MobileBuiltInKeywords.groovy:1490)
	at com.kms.katalon.core.mobile.keyword.MobileBuiltInKeywords$tap$4.call(Unknown Source)
	at duitNow_mobileNumberFavTransaction.run(duitNow_mobileNumberFavTransaction:98)
	at com.kms.katalon.core.main.ScriptEngine.run(ScriptEngine.java:194)
	at com.kms.katalon.core.main.ScriptEngine.runScriptAsRawText(ScriptEngine.java:119)
	at com.kms.katalon.core.main.TestCaseExecutor.runScript(TestCaseExecutor.java:445)
	at com.kms.katalon.core.main.TestCaseExecutor.doExecute(TestCaseExecutor.java:436)
	at com.kms.katalon.core.main.TestCaseExecutor.processExecutionPhase(TestCaseExecutor.java:415)
	at com.kms.katalon.core.main.TestCaseExecutor.accessMainPhase(TestCaseExecutor.java:407)
	at com.kms.katalon.core.main.TestCaseExecutor.execute(TestCaseExecutor.java:284)
	at com.kms.katalon.core.common.CommonExecutor.accessTestCaseMainPhase(CommonExecutor.java:65)
	at com.kms.katalon.core.main.TestSuiteExecutor.accessTestSuiteMainPhase(TestSuiteExecutor.java:144)
	at com.kms.katalon.core.main.TestSuiteExecutor.execute(TestSuiteExecutor.java:106)
	at com.kms.katalon.core.main.TestCaseMain.startTestSuite(TestCaseMain.java:185)
	at com.kms.katalon.core.main.TestCaseMain$startTestSuite$0.call(Unknown Source)
	at TempTestSuite1655885093224.run(TempTestSuite1655885093224.groovy:36)
)

2022-06-22 16:49:11 - [MESSAGE][WARNING] - Timeout '0' is invalid. Using default page load timeout: '40'

2022-06-22 16:49:11 - [MESSAGE][FAILED] - Failed to tap on element 'Object Repository/Transfer/transferFavListAccNameTxt' (Root cause: org.openqa.selenium.WebDriverException: An unknown server-side error occurred while processing the command. Original error: 'GET /window/current/size' cannot be proxied to UiAutomator2 server because the instrumentation process is not running (probably crashed). Check the server log and/or the logcat output for more details
Build info: version: '3.141.59', revision: 'e82be7d358', time: '2018-11-14T08:25:53'
System info: host: '00139272s-MacBook-Pro.local', ip: '2001:e68:6167:d901:5dd8:2a3:885f:7e34%en0', os.name: 'Mac OS X', os.arch: 'x86_64', os.version: '10.16', java.version: '1.8.0_275'
Driver info: com.kms.katalon.core.appium.driver.SwipeableAndroidDriver
Capabilities {app: /Users/a00139272/Katalon St..., appActivity: com.maybank2u.life.MainActi..., appPackage: com.maybank2u.life.sit, appWaitActivity: *, autoGrantPermissions: true, automationName: uiautomator2, chromedriverPort: 52878, databaseEnabled: false, desired: {app: /Users/a00139272/Katalon St..., appActivity: com.maybank2u.life.MainActi..., appPackage: com.maybank2u.life.sit, appWaitActivity: *, autoGrantPermissions: true, automationName: uiautomator2, chromedriverPort: 52878, deviceId: 002b9cc60508, deviceName: Xiaomi 21061119AG (Android 11), fullReset: false, newCommandTimeout: 1800, noReset: true, platform: ANDROID, platformName: android, platformVersion: 11, systemPort: 52876, udid: 002b9cc60508}, deviceApiLevel: 30, deviceId: 002b9cc60508, deviceManufacturer: Xiaomi, deviceModel: 21061119AG, deviceName: 002b9cc60508, deviceScreenDensity: 440, deviceScreenSize: 1080x2400, deviceUDID: 002b9cc60508, fullReset: false, javascriptEnabled: true, locationContextEnabled: false, networkConnectionEnabled: true, newCommandTimeout: 1800, noReset: true, pixelRatio: 2.75, platform: ANDROID, platformName: Android, platformVersion: 11, statBarHeight: 103, systemPort: 52876, takesScreenshot: true, udid: 002b9cc60508, viewportRect: {height: 2064, left: 0, top: 103, width: 1080}, warnings: {}, webStorageEnabled: false}
Session ID: 07e0a906-f567-4646-abfd-84c6cc800d18
	at org.openqa.selenium.remote.http.W3CHttpResponseCodec.createException(W3CHttpResponseCodec.java:187)
	at org.openqa.selenium.remote.http.W3CHttpResponseCodec.decode(W3CHttpResponseCodec.java:122)
	at org.openqa.selenium.remote.http.W3CHttpResponseCodec.decode(W3CHttpResponseCodec.java:49)
	at org.openqa.selenium.remote.HttpCommandExecutor.execute(HttpCommandExecutor.java:158)
	at io.appium.java_client.remote.AppiumCommandExecutor.execute(AppiumCommandExecutor.java:239)
	at org.openqa.selenium.remote.RemoteWebDriver.execute(RemoteWebDriver.java:552)
	at io.appium.java_client.DefaultGenericMobileDriver.execute(DefaultGenericMobileDriver.java:46)
	at io.appium.java_client.AppiumDriver.execute(AppiumDriver.java:1)
	at io.appium.java_client.android.AndroidDriver.execute(AndroidDriver.java:1)
	at com.kms.katalon.core.appium.driver.SwipeableAndroidDriver.execute(SwipeableAndroidDriver.java:1)
	at org.openqa.selenium.remote.RemoteWebDriver$RemoteWebDriverOptions$RemoteWindow.getSize(RemoteWebDriver.java:813)
	at org.openqa.selenium.WebDriver$Window$getSize.call(Unknown Source)
	at com.kms.katalon.core.mobile.keyword.internal.MobileAbstractKeyword.findElement(MobileAbstractKeyword.groovy:81)
	at com.kms.katalon.core.mobile.keyword.builtin.TapKeyword.access$1(TapKeyword.groovy)
	at com.kms.katalon.core.mobile.keyword.builtin.TapKeyword$_tap_closure1.doCall(TapKeyword.groovy:76)
	at com.kms.katalon.core.mobile.keyword.builtin.TapKeyword$_tap_closure1.call(TapKeyword.groovy)
	at com.kms.katalon.core.mobile.keyword.internal.MobileKeywordMain.runKeyword(MobileKeywordMain.groovy:21)
	at com.kms.katalon.core.mobile.keyword.builtin.TapKeyword.tap(TapKeyword.groovy:84)
	at com.kms.katalon.core.mobile.keyword.builtin.TapKeyword.execute(TapKeyword.groovy:68)
	at com.kms.katalon.core.keyword.internal.KeywordExecutor.executeKeywordForPlatform(KeywordExecutor.groovy:74)
	at com.kms.katalon.core.mobile.keyword.MobileBuiltInKeywords.tap(MobileBuiltInKeywords.groovy:1490)
	at com.kms.katalon.core.mobile.keyword.MobileBuiltInKeywords$tap$4.call(Unknown Source)
	at duitNow_mobileNumberFavTransaction.run(duitNow_mobileNumberFavTransaction:98)
	at com.kms.katalon.core.main.ScriptEngine.run(ScriptEngine.java:194)
	at com.kms.katalon.core.main.ScriptEngine.runScriptAsRawText(ScriptEngine.java:119)
	at com.kms.katalon.core.main.TestCaseExecutor.runScript(TestCaseExecutor.java:445)
	at com.kms.katalon.core.main.TestCaseExecutor.doExecute(TestCaseExecutor.java:436)
	at com.kms.katalon.core.main.TestCaseExecutor.processExecutionPhase(TestCaseExecutor.java:415)
	at com.kms.katalon.core.main.TestCaseExecutor.accessMainPhase(TestCaseExecutor.java:407)
	at com.kms.katalon.core.main.TestCaseExecutor.execute(TestCaseExecutor.java:284)
	at com.kms.katalon.core.common.CommonExecutor.accessTestCaseMainPhase(CommonExecutor.java:65)
	at com.kms.katalon.core.main.TestSuiteExecutor.accessTestSuiteMainPhase(TestSuiteExecutor.java:144)
	at com.kms.katalon.core.main.TestSuiteExecutor.execute(TestSuiteExecutor.java:106)
	at com.kms.katalon.core.main.TestCaseMain.startTestSuite(TestCaseMain.java:185)
	at com.kms.katalon.core.main.TestCaseMain$startTestSuite$0.call(Unknown Source)
	at TempTestSuite1655885093224.run(TempTestSuite1655885093224.groovy:36)
)

2022-06-22 16:49:11 - [TEST_STEP][PASSED] - delay(3): Delayed 3 second(s)

2022-06-22 16:49:14 - [MESSAGE][PASSED] - Delayed 3 second(s)

2022-06-22 16:49:14 - [TEST_STEP][FAILED] - verifyElementText(findTestObject("Duit Now/duitNowAmountProxyNumberTxt", ["proxyNumber":proxyNumber]), proxyNumber): Verify element text of test object 'Object Repository/Duit Now/duitNowAmountProxyNumberTxt' FAILED. (Root cause: org.openqa.selenium.WebDriverException: An unknown server-side error occurred while processing the command. Original error: 'GET /window/current/size' cannot be proxied to UiAutomator2 server because the instrumentation process is not running (probably crashed). Check the server log and/or the logcat output for more details
Build info: version: '3.141.59', revision: 'e82be7d358', time: '2018-11-14T08:25:53'
System info: host: '00139272s-MacBook-Pro.local', ip: '2001:e68:6167:d901:5dd8:2a3:885f:7e34%en0', os.name: 'Mac OS X', os.arch: 'x86_64', os.version: '10.16', java.version: '1.8.0_275'
Driver info: com.kms.katalon.core.appium.driver.SwipeableAndroidDriver
Capabilities {app: /Users/a00139272/Katalon St..., appActivity: com.maybank2u.life.MainActi..., appPackage: com.maybank2u.life.sit, appWaitActivity: *, autoGrantPermissions: true, automationName: uiautomator2, chromedriverPort: 52878, databaseEnabled: false, desired: {app: /Users/a00139272/Katalon St..., appActivity: com.maybank2u.life.MainActi..., appPackage: com.maybank2u.life.sit, appWaitActivity: *, autoGrantPermissions: true, automationName: uiautomator2, chromedriverPort: 52878, deviceId: 002b9cc60508, deviceName: Xiaomi 21061119AG (Android 11), fullReset: false, newCommandTimeout: 1800, noReset: true, platform: ANDROID, platformName: android, platformVersion: 11, systemPort: 52876, udid: 002b9cc60508}, deviceApiLevel: 30, deviceId: 002b9cc60508, deviceManufacturer: Xiaomi, deviceModel: 21061119AG, deviceName: 002b9cc60508, deviceScreenDensity: 440, deviceScreenSize: 1080x2400, deviceUDID: 002b9cc60508, fullReset: false, javascriptEnabled: true, locationContextEnabled: false, networkConnectionEnabled: true, newCommandTimeout: 1800, noReset: true, pixelRatio: 2.75, platform: ANDROID, platformName: Android, platformVersion: 11, statBarHeight: 103, systemPort: 52876, takesScreenshot: true, udid: 002b9cc60508, viewportRect: {height: 2064, left: 0, top: 103, width: 1080}, warnings: {}, webStorageEnabled: false}
Session ID: 07e0a906-f567-4646-abfd-84c6cc800d18
	at org.openqa.selenium.remote.http.W3CHttpResponseCodec.createException(W3CHttpResponseCodec.java:187)
	at org.openqa.selenium.remote.http.W3CHttpResponseCodec.decode(W3CHttpResponseCodec.java:122)
	at org.openqa.selenium.remote.http.W3CHttpResponseCodec.decode(W3CHttpResponseCodec.java:49)
	at org.openqa.selenium.remote.HttpCommandExecutor.execute(HttpCommandExecutor.java:158)
	at io.appium.java_client.remote.AppiumCommandExecutor.execute(AppiumCommandExecutor.java:239)
	at org.openqa.selenium.remote.RemoteWebDriver.execute(RemoteWebDriver.java:552)
	at io.appium.java_client.DefaultGenericMobileDriver.execute(DefaultGenericMobileDriver.java:46)
	at io.appium.java_client.AppiumDriver.execute(AppiumDriver.java:1)
	at io.appium.java_client.android.AndroidDriver.execute(AndroidDriver.java:1)
	at com.kms.katalon.core.appium.driver.SwipeableAndroidDriver.execute(SwipeableAndroidDriver.java:1)
	at org.openqa.selenium.remote.RemoteWebDriver$RemoteWebDriverOptions$RemoteWindow.getSize(RemoteWebDriver.java:813)
	at org.openqa.selenium.WebDriver$Window$getSize.call(Unknown Source)
	at com.kms.katalon.core.mobile.keyword.internal.MobileAbstractKeyword.findElement(MobileAbstractKeyword.groovy:81)
	at com.kms.katalon.core.mobile.keyword.builtin.VerifyElementTextKeyword.access$1(VerifyElementTextKeyword.groovy)
	at com.kms.katalon.core.mobile.keyword.builtin.VerifyElementTextKeyword$_verifyElementText_closure1.doCall(VerifyElementTextKeyword.groovy:47)
	at com.kms.katalon.core.mobile.keyword.builtin.VerifyElementTextKeyword$_verifyElementText_closure1.call(VerifyElementTextKeyword.groovy)
	at com.kms.katalon.core.mobile.keyword.internal.MobileKeywordMain.runKeyword(MobileKeywordMain.groovy:21)
	at com.kms.katalon.core.mobile.keyword.builtin.VerifyElementTextKeyword.verifyElementText(VerifyElementTextKeyword.groovy:62)
	at com.kms.katalon.core.mobile.keyword.builtin.VerifyElementTextKeyword.execute(VerifyElementTextKeyword.groovy:39)
	at com.kms.katalon.core.keyword.internal.KeywordExecutor.executeKeywordForPlatform(KeywordExecutor.groovy:74)
	at com.kms.katalon.core.mobile.keyword.MobileBuiltInKeywords.verifyElementText(MobileBuiltInKeywords.groovy:2901)
	at com.kms.katalon.core.mobile.keyword.MobileBuiltInKeywords$verifyElementText$9.call(Unknown Source)
	at duitNow_mobileNumberFavTransaction.run(duitNow_mobileNumberFavTransaction:102)
	at com.kms.katalon.core.main.ScriptEngine.run(ScriptEngine.java:194)
	at com.kms.katalon.core.main.ScriptEngine.runScriptAsRawText(ScriptEngine.java:119)
	at com.kms.katalon.core.main.TestCaseExecutor.runScript(TestCaseExecutor.java:445)
	at com.kms.katalon.core.main.TestCaseExecutor.doExecute(TestCaseExecutor.java:436)
	at com.kms.katalon.core.main.TestCaseExecutor.processExecutionPhase(TestCaseExecutor.java:415)
	at com.kms.katalon.core.main.TestCaseExecutor.accessMainPhase(TestCaseExecutor.java:407)
	at com.kms.katalon.core.main.TestCaseExecutor.execute(TestCaseExecutor.java:284)
	at com.kms.katalon.core.common.CommonExecutor.accessTestCaseMainPhase(CommonExecutor.java:65)
	at com.kms.katalon.core.main.TestSuiteExecutor.accessTestSuiteMainPhase(TestSuiteExecutor.java:144)
	at com.kms.katalon.core.main.TestSuiteExecutor.execute(TestSuiteExecutor.java:106)
	at com.kms.katalon.core.main.TestCaseMain.startTestSuite(TestCaseMain.java:185)
	at com.kms.katalon.core.main.TestCaseMain$startTestSuite$0.call(Unknown Source)
	at TempTestSuite1655885093224.run(TempTestSuite1655885093224.groovy:36)
)

2022-06-22 16:49:14 - [MESSAGE][FAILED] - Verify element text of test object 'Object Repository/Duit Now/duitNowAmountProxyNumberTxt' FAILED. (Root cause: org.openqa.selenium.WebDriverException: An unknown server-side error occurred while processing the command. Original error: 'GET /window/current/size' cannot be proxied to UiAutomator2 server because the instrumentation process is not running (probably crashed). Check the server log and/or the logcat output for more details
Build info: version: '3.141.59', revision: 'e82be7d358', time: '2018-11-14T08:25:53'
System info: host: '00139272s-MacBook-Pro.local', ip: '2001:e68:6167:d901:5dd8:2a3:885f:7e34%en0', os.name: 'Mac OS X', os.arch: 'x86_64', os.version: '10.16', java.version: '1.8.0_275'
Driver info: com.kms.katalon.core.appium.driver.SwipeableAndroidDriver
Capabilities {app: /Users/a00139272/Katalon St..., appActivity: com.maybank2u.life.MainActi..., appPackage: com.maybank2u.life.sit, appWaitActivity: *, autoGrantPermissions: true, automationName: uiautomator2, chromedriverPort: 52878, databaseEnabled: false, desired: {app: /Users/a00139272/Katalon St..., appActivity: com.maybank2u.life.MainActi..., appPackage: com.maybank2u.life.sit, appWaitActivity: *, autoGrantPermissions: true, automationName: uiautomator2, chromedriverPort: 52878, deviceId: 002b9cc60508, deviceName: Xiaomi 21061119AG (Android 11), fullReset: false, newCommandTimeout: 1800, noReset: true, platform: ANDROID, platformName: android, platformVersion: 11, systemPort: 52876, udid: 002b9cc60508}, deviceApiLevel: 30, deviceId: 002b9cc60508, deviceManufacturer: Xiaomi, deviceModel: 21061119AG, deviceName: 002b9cc60508, deviceScreenDensity: 440, deviceScreenSize: 1080x2400, deviceUDID: 002b9cc60508, fullReset: false, javascriptEnabled: true, locationContextEnabled: false, networkConnectionEnabled: true, newCommandTimeout: 1800, noReset: true, pixelRatio: 2.75, platform: ANDROID, platformName: Android, platformVersion: 11, statBarHeight: 103, systemPort: 52876, takesScreenshot: true, udid: 002b9cc60508, viewportRect: {height: 2064, left: 0, top: 103, width: 1080}, warnings: {}, webStorageEnabled: false}
Session ID: 07e0a906-f567-4646-abfd-84c6cc800d18
	at org.openqa.selenium.remote.http.W3CHttpResponseCodec.createException(W3CHttpResponseCodec.java:187)
	at org.openqa.selenium.remote.http.W3CHttpResponseCodec.decode(W3CHttpResponseCodec.java:122)
	at org.openqa.selenium.remote.http.W3CHttpResponseCodec.decode(W3CHttpResponseCodec.java:49)
	at org.openqa.selenium.remote.HttpCommandExecutor.execute(HttpCommandExecutor.java:158)
	at io.appium.java_client.remote.AppiumCommandExecutor.execute(AppiumCommandExecutor.java:239)
	at org.openqa.selenium.remote.RemoteWebDriver.execute(RemoteWebDriver.java:552)
	at io.appium.java_client.DefaultGenericMobileDriver.execute(DefaultGenericMobileDriver.java:46)
	at io.appium.java_client.AppiumDriver.execute(AppiumDriver.java:1)
	at io.appium.java_client.android.AndroidDriver.execute(AndroidDriver.java:1)
	at com.kms.katalon.core.appium.driver.SwipeableAndroidDriver.execute(SwipeableAndroidDriver.java:1)
	at org.openqa.selenium.remote.RemoteWebDriver$RemoteWebDriverOptions$RemoteWindow.getSize(RemoteWebDriver.java:813)
	at org.openqa.selenium.WebDriver$Window$getSize.call(Unknown Source)
	at com.kms.katalon.core.mobile.keyword.internal.MobileAbstractKeyword.findElement(MobileAbstractKeyword.groovy:81)
	at com.kms.katalon.core.mobile.keyword.builtin.VerifyElementTextKeyword.access$1(VerifyElementTextKeyword.groovy)
	at com.kms.katalon.core.mobile.keyword.builtin.VerifyElementTextKeyword$_verifyElementText_closure1.doCall(VerifyElementTextKeyword.groovy:47)
	at com.kms.katalon.core.mobile.keyword.builtin.VerifyElementTextKeyword$_verifyElementText_closure1.call(VerifyElementTextKeyword.groovy)
	at com.kms.katalon.core.mobile.keyword.internal.MobileKeywordMain.runKeyword(MobileKeywordMain.groovy:21)
	at com.kms.katalon.core.mobile.keyword.builtin.VerifyElementTextKeyword.verifyElementText(VerifyElementTextKeyword.groovy:62)
	at com.kms.katalon.core.mobile.keyword.builtin.VerifyElementTextKeyword.execute(VerifyElementTextKeyword.groovy:39)
	at com.kms.katalon.core.keyword.internal.KeywordExecutor.executeKeywordForPlatform(KeywordExecutor.groovy:74)
	at com.kms.katalon.core.mobile.keyword.MobileBuiltInKeywords.verifyElementText(MobileBuiltInKeywords.groovy:2901)
	at com.kms.katalon.core.mobile.keyword.MobileBuiltInKeywords$verifyElementText$9.call(Unknown Source)
	at duitNow_mobileNumberFavTransaction.run(duitNow_mobileNumberFavTransaction:102)
	at com.kms.katalon.core.main.ScriptEngine.run(ScriptEngine.java:194)
	at com.kms.katalon.core.main.ScriptEngine.runScriptAsRawText(ScriptEngine.java:119)
	at com.kms.katalon.core.main.TestCaseExecutor.runScript(TestCaseExecutor.java:445)
	at com.kms.katalon.core.main.TestCaseExecutor.doExecute(TestCaseExecutor.java:436)
	at com.kms.katalon.core.main.TestCaseExecutor.processExecutionPhase(TestCaseExecutor.java:415)
	at com.kms.katalon.core.main.TestCaseExecutor.accessMainPhase(TestCaseExecutor.java:407)
	at com.kms.katalon.core.main.TestCaseExecutor.execute(TestCaseExecutor.java:284)
	at com.kms.katalon.core.common.CommonExecutor.accessTestCaseMainPhase(CommonExecutor.java:65)
	at com.kms.katalon.core.main.TestSuiteExecutor.accessTestSuiteMainPhase(TestSuiteExecutor.java:144)
	at com.kms.katalon.core.main.TestSuiteExecutor.execute(TestSuiteExecutor.java:106)
	at com.kms.katalon.core.main.TestCaseMain.startTestSuite(TestCaseMain.java:185)
	at com.kms.katalon.core.main.TestCaseMain$startTestSuite$0.call(Unknown Source)
	at TempTestSuite1655885093224.run(TempTestSuite1655885093224.groovy:36)
)

2022-06-22 16:49:14 - [TEST_STEP][FAILED] - receipientName = getText(findTestObject("Duit Now/duitNowAmountReceipientNameTxt", ["recName":recName]), 0): Failed to get text from element (Root cause: org.openqa.selenium.WebDriverException: An unknown server-side error occurred while processing the command. Original error: 'GET /window/current/size' cannot be proxied to UiAutomator2 server because the instrumentation process is not running (probably crashed). Check the server log and/or the logcat output for more details
Build info: version: '3.141.59', revision: 'e82be7d358', time: '2018-11-14T08:25:53'
System info: host: '00139272s-MacBook-Pro.local', ip: '2001:e68:6167:d901:5dd8:2a3:885f:7e34%en0', os.name: 'Mac OS X', os.arch: 'x86_64', os.version: '10.16', java.version: '1.8.0_275'
Driver info: com.kms.katalon.core.appium.driver.SwipeableAndroidDriver
Capabilities {app: /Users/a00139272/Katalon St..., appActivity: com.maybank2u.life.MainActi..., appPackage: com.maybank2u.life.sit, appWaitActivity: *, autoGrantPermissions: true, automationName: uiautomator2, chromedriverPort: 52878, databaseEnabled: false, desired: {app: /Users/a00139272/Katalon St..., appActivity: com.maybank2u.life.MainActi..., appPackage: com.maybank2u.life.sit, appWaitActivity: *, autoGrantPermissions: true, automationName: uiautomator2, chromedriverPort: 52878, deviceId: 002b9cc60508, deviceName: Xiaomi 21061119AG (Android 11), fullReset: false, newCommandTimeout: 1800, noReset: true, platform: ANDROID, platformName: android, platformVersion: 11, systemPort: 52876, udid: 002b9cc60508}, deviceApiLevel: 30, deviceId: 002b9cc60508, deviceManufacturer: Xiaomi, deviceModel: 21061119AG, deviceName: 002b9cc60508, deviceScreenDensity: 440, deviceScreenSize: 1080x2400, deviceUDID: 002b9cc60508, fullReset: false, javascriptEnabled: true, locationContextEnabled: false, networkConnectionEnabled: true, newCommandTimeout: 1800, noReset: true, pixelRatio: 2.75, platform: ANDROID, platformName: Android, platformVersion: 11, statBarHeight: 103, systemPort: 52876, takesScreenshot: true, udid: 002b9cc60508, viewportRect: {height: 2064, left: 0, top: 103, width: 1080}, warnings: {}, webStorageEnabled: false}
Session ID: 07e0a906-f567-4646-abfd-84c6cc800d18
	at org.openqa.selenium.remote.http.W3CHttpResponseCodec.createException(W3CHttpResponseCodec.java:187)
	at org.openqa.selenium.remote.http.W3CHttpResponseCodec.decode(W3CHttpResponseCodec.java:122)
	at org.openqa.selenium.remote.http.W3CHttpResponseCodec.decode(W3CHttpResponseCodec.java:49)
	at org.openqa.selenium.remote.HttpCommandExecutor.execute(HttpCommandExecutor.java:158)
	at io.appium.java_client.remote.AppiumCommandExecutor.execute(AppiumCommandExecutor.java:239)
	at org.openqa.selenium.remote.RemoteWebDriver.execute(RemoteWebDriver.java:552)
	at io.appium.java_client.DefaultGenericMobileDriver.execute(DefaultGenericMobileDriver.java:46)
	at io.appium.java_client.AppiumDriver.execute(AppiumDriver.java:1)
	at io.appium.java_client.android.AndroidDriver.execute(AndroidDriver.java:1)
	at com.kms.katalon.core.appium.driver.SwipeableAndroidDriver.execute(SwipeableAndroidDriver.java:1)
	at org.openqa.selenium.remote.RemoteWebDriver$RemoteWebDriverOptions$RemoteWindow.getSize(RemoteWebDriver.java:813)
	at org.openqa.selenium.WebDriver$Window$getSize.call(Unknown Source)
	at com.kms.katalon.core.mobile.keyword.internal.MobileAbstractKeyword.findElement(MobileAbstractKeyword.groovy:81)
	at com.kms.katalon.core.mobile.keyword.builtin.GetTextKeyword.access$1(GetTextKeyword.groovy)
	at com.kms.katalon.core.mobile.keyword.builtin.GetTextKeyword$_getText_closure1.doCall(GetTextKeyword.groovy:72)
	at com.kms.katalon.core.mobile.keyword.builtin.GetTextKeyword$_getText_closure1.call(GetTextKeyword.groovy)
	at com.kms.katalon.core.mobile.keyword.internal.MobileKeywordMain.runKeyword(MobileKeywordMain.groovy:21)
	at com.kms.katalon.core.mobile.keyword.builtin.GetTextKeyword.getText(GetTextKeyword.groovy:80)
	at com.kms.katalon.core.mobile.keyword.builtin.GetTextKeyword.execute(GetTextKeyword.groovy:64)
	at com.kms.katalon.core.keyword.internal.KeywordExecutor.executeKeywordForPlatform(KeywordExecutor.groovy:74)
	at com.kms.katalon.core.mobile.keyword.MobileBuiltInKeywords.getText(MobileBuiltInKeywords.groovy:1274)
	at com.kms.katalon.core.mobile.keyword.MobileBuiltInKeywords$getText$11.call(Unknown Source)
	at duitNow_mobileNumberFavTransaction.run(duitNow_mobileNumberFavTransaction:104)
	at com.kms.katalon.core.main.ScriptEngine.run(ScriptEngine.java:194)
	at com.kms.katalon.core.main.ScriptEngine.runScriptAsRawText(ScriptEngine.java:119)
	at com.kms.katalon.core.main.TestCaseExecutor.runScript(TestCaseExecutor.java:445)
	at com.kms.katalon.core.main.TestCaseExecutor.doExecute(TestCaseExecutor.java:436)
	at com.kms.katalon.core.main.TestCaseExecutor.processExecutionPhase(TestCaseExecutor.java:415)
	at com.kms.katalon.core.main.TestCaseExecutor.accessMainPhase(TestCaseExecutor.java:407)
	at com.kms.katalon.core.main.TestCaseExecutor.execute(TestCaseExecutor.java:284)
	at com.kms.katalon.core.common.CommonExecutor.accessTestCaseMainPhase(CommonExecutor.java:65)
	at com.kms.katalon.core.main.TestSuiteExecutor.accessTestSuiteMainPhase(TestSuiteExecutor.java:144)
	at com.kms.katalon.core.main.TestSuiteExecutor.execute(TestSuiteExecutor.java:106)
	at com.kms.katalon.core.main.TestCaseMain.startTestSuite(TestCaseMain.java:185)
	at com.kms.katalon.core.main.TestCaseMain$startTestSuite$0.call(Unknown Source)
	at TempTestSuite1655885093224.run(TempTestSuite1655885093224.groovy:36)
)

2022-06-22 16:49:14 - [MESSAGE][WARNING] - Timeout '0' is invalid. Using default page load timeout: '40'

2022-06-22 16:49:14 - [MESSAGE][FAILED] - Failed to get text from element (Root cause: org.openqa.selenium.WebDriverException: An unknown server-side error occurred while processing the command. Original error: 'GET /window/current/size' cannot be proxied to UiAutomator2 server because the instrumentation process is not running (probably crashed). Check the server log and/or the logcat output for more details
Build info: version: '3.141.59', revision: 'e82be7d358', time: '2018-11-14T08:25:53'
System info: host: '00139272s-MacBook-Pro.local', ip: '2001:e68:6167:d901:5dd8:2a3:885f:7e34%en0', os.name: 'Mac OS X', os.arch: 'x86_64', os.version: '10.16', java.version: '1.8.0_275'
Driver info: com.kms.katalon.core.appium.driver.SwipeableAndroidDriver
Capabilities {app: /Users/a00139272/Katalon St..., appActivity: com.maybank2u.life.MainActi..., appPackage: com.maybank2u.life.sit, appWaitActivity: *, autoGrantPermissions: true, automationName: uiautomator2, chromedriverPort: 52878, databaseEnabled: false, desired: {app: /Users/a00139272/Katalon St..., appActivity: com.maybank2u.life.MainActi..., appPackage: com.maybank2u.life.sit, appWaitActivity: *, autoGrantPermissions: true, automationName: uiautomator2, chromedriverPort: 52878, deviceId: 002b9cc60508, deviceName: Xiaomi 21061119AG (Android 11), fullReset: false, newCommandTimeout: 1800, noReset: true, platform: ANDROID, platformName: android, platformVersion: 11, systemPort: 52876, udid: 002b9cc60508}, deviceApiLevel: 30, deviceId: 002b9cc60508, deviceManufacturer: Xiaomi, deviceModel: 21061119AG, deviceName: 002b9cc60508, deviceScreenDensity: 440, deviceScreenSize: 1080x2400, deviceUDID: 002b9cc60508, fullReset: false, javascriptEnabled: true, locationContextEnabled: false, networkConnectionEnabled: true, newCommandTimeout: 1800, noReset: true, pixelRatio: 2.75, platform: ANDROID, platformName: Android, platformVersion: 11, statBarHeight: 103, systemPort: 52876, takesScreenshot: true, udid: 002b9cc60508, viewportRect: {height: 2064, left: 0, top: 103, width: 1080}, warnings: {}, webStorageEnabled: false}
Session ID: 07e0a906-f567-4646-abfd-84c6cc800d18
	at org.openqa.selenium.remote.http.W3CHttpResponseCodec.createException(W3CHttpResponseCodec.java:187)
	at org.openqa.selenium.remote.http.W3CHttpResponseCodec.decode(W3CHttpResponseCodec.java:122)
	at org.openqa.selenium.remote.http.W3CHttpResponseCodec.decode(W3CHttpResponseCodec.java:49)
	at org.openqa.selenium.remote.HttpCommandExecutor.execute(HttpCommandExecutor.java:158)
	at io.appium.java_client.remote.AppiumCommandExecutor.execute(AppiumCommandExecutor.java:239)
	at org.openqa.selenium.remote.RemoteWebDriver.execute(RemoteWebDriver.java:552)
	at io.appium.java_client.DefaultGenericMobileDriver.execute(DefaultGenericMobileDriver.java:46)
	at io.appium.java_client.AppiumDriver.execute(AppiumDriver.java:1)
	at io.appium.java_client.android.AndroidDriver.execute(AndroidDriver.java:1)
	at com.kms.katalon.core.appium.driver.SwipeableAndroidDriver.execute(SwipeableAndroidDriver.java:1)
	at org.openqa.selenium.remote.RemoteWebDriver$RemoteWebDriverOptions$RemoteWindow.getSize(RemoteWebDriver.java:813)
	at org.openqa.selenium.WebDriver$Window$getSize.call(Unknown Source)
	at com.kms.katalon.core.mobile.keyword.internal.MobileAbstractKeyword.findElement(MobileAbstractKeyword.groovy:81)
	at com.kms.katalon.core.mobile.keyword.builtin.GetTextKeyword.access$1(GetTextKeyword.groovy)
	at com.kms.katalon.core.mobile.keyword.builtin.GetTextKeyword$_getText_closure1.doCall(GetTextKeyword.groovy:72)
	at com.kms.katalon.core.mobile.keyword.builtin.GetTextKeyword$_getText_closure1.call(GetTextKeyword.groovy)
	at com.kms.katalon.core.mobile.keyword.internal.MobileKeywordMain.runKeyword(MobileKeywordMain.groovy:21)
	at com.kms.katalon.core.mobile.keyword.builtin.GetTextKeyword.getText(GetTextKeyword.groovy:80)
	at com.kms.katalon.core.mobile.keyword.builtin.GetTextKeyword.execute(GetTextKeyword.groovy:64)
	at com.kms.katalon.core.keyword.internal.KeywordExecutor.executeKeywordForPlatform(KeywordExecutor.groovy:74)
	at com.kms.katalon.core.mobile.keyword.MobileBuiltInKeywords.getText(MobileBuiltInKeywords.groovy:1274)
	at com.kms.katalon.core.mobile.keyword.MobileBuiltInKeywords$getText$11.call(Unknown Source)
	at duitNow_mobileNumberFavTransaction.run(duitNow_mobileNumberFavTransaction:104)
	at com.kms.katalon.core.main.ScriptEngine.run(ScriptEngine.java:194)
	at com.kms.katalon.core.main.ScriptEngine.runScriptAsRawText(ScriptEngine.java:119)
	at com.kms.katalon.core.main.TestCaseExecutor.runScript(TestCaseExecutor.java:445)
	at com.kms.katalon.core.main.TestCaseExecutor.doExecute(TestCaseExecutor.java:436)
	at com.kms.katalon.core.main.TestCaseExecutor.processExecutionPhase(TestCaseExecutor.java:415)
	at com.kms.katalon.core.main.TestCaseExecutor.accessMainPhase(TestCaseExecutor.java:407)
	at com.kms.katalon.core.main.TestCaseExecutor.execute(TestCaseExecutor.java:284)
	at com.kms.katalon.core.common.CommonExecutor.accessTestCaseMainPhase(CommonExecutor.java:65)
	at com.kms.katalon.core.main.TestSuiteExecutor.accessTestSuiteMainPhase(TestSuiteExecutor.java:144)
	at com.kms.katalon.core.main.TestSuiteExecutor.execute(TestSuiteExecutor.java:106)
	at com.kms.katalon.core.main.TestCaseMain.startTestSuite(TestCaseMain.java:185)
	at com.kms.katalon.core.main.TestCaseMain$startTestSuite$0.call(Unknown Source)
	at TempTestSuite1655885093224.run(TempTestSuite1655885093224.groovy:36)
)

2022-06-22 16:49:14 - [TEST_STEP][PASSED] - recName_1 = recName: null

2022-06-22 16:49:14 - [TEST_STEP][PASSED] - recName_2 = recName2: null

2022-06-22 16:49:14 - [TEST_STEP][PASSED] - privName_1 = privName: null

2022-06-22 16:49:14 - [TEST_STEP][FAILED] - checker = verifyMatch(receipientName, $recName_1||$privName_1, true): Unable to verify match between actual text 'null' and expected text 'CAPTAIN AMERICA||XXXXXXX XXXXXXXXX' using regular expression (Root cause: java.lang.NullPointerException
	at com.kms.katalon.core.helper.KeywordHelper.match(KeywordHelper.java:23)
	at com.kms.katalon.core.keyword.builtin.VerifyMatchKeyword$_verifyMatch_closure1.doCall(VerifyMatchKeyword.groovy:53)
	at com.kms.katalon.core.keyword.builtin.VerifyMatchKeyword$_verifyMatch_closure1.call(VerifyMatchKeyword.groovy)
	at com.kms.katalon.core.keyword.internal.KeywordMain.runKeyword(KeywordMain.groovy:74)
	at com.kms.katalon.core.keyword.builtin.VerifyMatchKeyword.verifyMatch(VerifyMatchKeyword.groovy:60)
	at com.kms.katalon.core.keyword.builtin.VerifyMatchKeyword.execute(VerifyMatchKeyword.groovy:45)
	at com.kms.katalon.core.keyword.internal.KeywordExecutor.executeKeywordForPlatform(KeywordExecutor.groovy:74)
	at com.kms.katalon.core.keyword.BuiltinKeywords.verifyMatch(BuiltinKeywords.groovy:73)
	at duitNow_mobileNumberFavTransaction.run(duitNow_mobileNumberFavTransaction:112)
	at com.kms.katalon.core.main.ScriptEngine.run(ScriptEngine.java:194)
	at com.kms.katalon.core.main.ScriptEngine.runScriptAsRawText(ScriptEngine.java:119)
	at com.kms.katalon.core.main.TestCaseExecutor.runScript(TestCaseExecutor.java:445)
	at com.kms.katalon.core.main.TestCaseExecutor.doExecute(TestCaseExecutor.java:436)
	at com.kms.katalon.core.main.TestCaseExecutor.processExecutionPhase(TestCaseExecutor.java:415)
	at com.kms.katalon.core.main.TestCaseExecutor.accessMainPhase(TestCaseExecutor.java:407)
	at com.kms.katalon.core.main.TestCaseExecutor.execute(TestCaseExecutor.java:284)
	at com.kms.katalon.core.common.CommonExecutor.accessTestCaseMainPhase(CommonExecutor.java:65)
	at com.kms.katalon.core.main.TestSuiteExecutor.accessTestSuiteMainPhase(TestSuiteExecutor.java:144)
	at com.kms.katalon.core.main.TestSuiteExecutor.execute(TestSuiteExecutor.java:106)
	at com.kms.katalon.core.main.TestCaseMain.startTestSuite(TestCaseMain.java:185)
	at com.kms.katalon.core.main.TestCaseMain$startTestSuite$0.call(Unknown Source)
	at TempTestSuite1655885093224.run(TempTestSuite1655885093224.groovy:36)
)

2022-06-22 16:49:14 - [MESSAGE][FAILED] - Unable to verify match between actual text 'null' and expected text 'CAPTAIN AMERICA||XXXXXXX XXXXXXXXX' using regular expression (Root cause: java.lang.NullPointerException
	at com.kms.katalon.core.helper.KeywordHelper.match(KeywordHelper.java:23)
	at com.kms.katalon.core.keyword.builtin.VerifyMatchKeyword$_verifyMatch_closure1.doCall(VerifyMatchKeyword.groovy:53)
	at com.kms.katalon.core.keyword.builtin.VerifyMatchKeyword$_verifyMatch_closure1.call(VerifyMatchKeyword.groovy)
	at com.kms.katalon.core.keyword.internal.KeywordMain.runKeyword(KeywordMain.groovy:74)
	at com.kms.katalon.core.keyword.builtin.VerifyMatchKeyword.verifyMatch(VerifyMatchKeyword.groovy:60)
	at com.kms.katalon.core.keyword.builtin.VerifyMatchKeyword.execute(VerifyMatchKeyword.groovy:45)
	at com.kms.katalon.core.keyword.internal.KeywordExecutor.executeKeywordForPlatform(KeywordExecutor.groovy:74)
	at com.kms.katalon.core.keyword.BuiltinKeywords.verifyMatch(BuiltinKeywords.groovy:73)
	at duitNow_mobileNumberFavTransaction.run(duitNow_mobileNumberFavTransaction:112)
	at com.kms.katalon.core.main.ScriptEngine.run(ScriptEngine.java:194)
	at com.kms.katalon.core.main.ScriptEngine.runScriptAsRawText(ScriptEngine.java:119)
	at com.kms.katalon.core.main.TestCaseExecutor.runScript(TestCaseExecutor.java:445)
	at com.kms.katalon.core.main.TestCaseExecutor.doExecute(TestCaseExecutor.java:436)
	at com.kms.katalon.core.main.TestCaseExecutor.processExecutionPhase(TestCaseExecutor.java:415)
	at com.kms.katalon.core.main.TestCaseExecutor.accessMainPhase(TestCaseExecutor.java:407)
	at com.kms.katalon.core.main.TestCaseExecutor.execute(TestCaseExecutor.java:284)
	at com.kms.katalon.core.common.CommonExecutor.accessTestCaseMainPhase(CommonExecutor.java:65)
	at com.kms.katalon.core.main.TestSuiteExecutor.accessTestSuiteMainPhase(TestSuiteExecutor.java:144)
	at com.kms.katalon.core.main.TestSuiteExecutor.execute(TestSuiteExecutor.java:106)
	at com.kms.katalon.core.main.TestCaseMain.startTestSuite(TestCaseMain.java:185)
	at com.kms.katalon.core.main.TestCaseMain$startTestSuite$0.call(Unknown Source)
	at TempTestSuite1655885093224.run(TempTestSuite1655885093224.groovy:36)
)

2022-06-22 16:49:14 - [TEST_STEP][FAILED] - verifyElementText(findTestObject("Duit Now/duitNowAmountProxyTypeTxt", ["proxyType":proxyType]), proxyType): Verify element text of test object 'Object Repository/Duit Now/duitNowAmountProxyTypeTxt' FAILED. (Root cause: org.openqa.selenium.WebDriverException: An unknown server-side error occurred while processing the command. Original error: 'GET /window/current/size' cannot be proxied to UiAutomator2 server because the instrumentation process is not running (probably crashed). Check the server log and/or the logcat output for more details
Build info: version: '3.141.59', revision: 'e82be7d358', time: '2018-11-14T08:25:53'
System info: host: '00139272s-MacBook-Pro.local', ip: '2001:e68:6167:d901:5dd8:2a3:885f:7e34%en0', os.name: 'Mac OS X', os.arch: 'x86_64', os.version: '10.16', java.version: '1.8.0_275'
Driver info: com.kms.katalon.core.appium.driver.SwipeableAndroidDriver
Capabilities {app: /Users/a00139272/Katalon St..., appActivity: com.maybank2u.life.MainActi..., appPackage: com.maybank2u.life.sit, appWaitActivity: *, autoGrantPermissions: true, automationName: uiautomator2, chromedriverPort: 52878, databaseEnabled: false, desired: {app: /Users/a00139272/Katalon St..., appActivity: com.maybank2u.life.MainActi..., appPackage: com.maybank2u.life.sit, appWaitActivity: *, autoGrantPermissions: true, automationName: uiautomator2, chromedriverPort: 52878, deviceId: 002b9cc60508, deviceName: Xiaomi 21061119AG (Android 11), fullReset: false, newCommandTimeout: 1800, noReset: true, platform: ANDROID, platformName: android, platformVersion: 11, systemPort: 52876, udid: 002b9cc60508}, deviceApiLevel: 30, deviceId: 002b9cc60508, deviceManufacturer: Xiaomi, deviceModel: 21061119AG, deviceName: 002b9cc60508, deviceScreenDensity: 440, deviceScreenSize: 1080x2400, deviceUDID: 002b9cc60508, fullReset: false, javascriptEnabled: true, locationContextEnabled: false, networkConnectionEnabled: true, newCommandTimeout: 1800, noReset: true, pixelRatio: 2.75, platform: ANDROID, platformName: Android, platformVersion: 11, statBarHeight: 103, systemPort: 52876, takesScreenshot: true, udid: 002b9cc60508, viewportRect: {height: 2064, left: 0, top: 103, width: 1080}, warnings: {}, webStorageEnabled: false}
Session ID: 07e0a906-f567-4646-abfd-84c6cc800d18
	at org.openqa.selenium.remote.http.W3CHttpResponseCodec.createException(W3CHttpResponseCodec.java:187)
	at org.openqa.selenium.remote.http.W3CHttpResponseCodec.decode(W3CHttpResponseCodec.java:122)
	at org.openqa.selenium.remote.http.W3CHttpResponseCodec.decode(W3CHttpResponseCodec.java:49)
	at org.openqa.selenium.remote.HttpCommandExecutor.execute(HttpCommandExecutor.java:158)
	at io.appium.java_client.remote.AppiumCommandExecutor.execute(AppiumCommandExecutor.java:239)
	at org.openqa.selenium.remote.RemoteWebDriver.execute(RemoteWebDriver.java:552)
	at io.appium.java_client.DefaultGenericMobileDriver.execute(DefaultGenericMobileDriver.java:46)
	at io.appium.java_client.AppiumDriver.execute(AppiumDriver.java:1)
	at io.appium.java_client.android.AndroidDriver.execute(AndroidDriver.java:1)
	at com.kms.katalon.core.appium.driver.SwipeableAndroidDriver.execute(SwipeableAndroidDriver.java:1)
	at org.openqa.selenium.remote.RemoteWebDriver$RemoteWebDriverOptions$RemoteWindow.getSize(RemoteWebDriver.java:813)
	at org.openqa.selenium.WebDriver$Window$getSize.call(Unknown Source)
	at com.kms.katalon.core.mobile.keyword.internal.MobileAbstractKeyword.findElement(MobileAbstractKeyword.groovy:81)
	at com.kms.katalon.core.mobile.keyword.builtin.VerifyElementTextKeyword.access$1(VerifyElementTextKeyword.groovy)
	at com.kms.katalon.core.mobile.keyword.builtin.VerifyElementTextKeyword$_verifyElementText_closure1.doCall(VerifyElementTextKeyword.groovy:47)
	at com.kms.katalon.core.mobile.keyword.builtin.VerifyElementTextKeyword$_verifyElementText_closure1.call(VerifyElementTextKeyword.groovy)
	at com.kms.katalon.core.mobile.keyword.internal.MobileKeywordMain.runKeyword(MobileKeywordMain.groovy:21)
	at com.kms.katalon.core.mobile.keyword.builtin.VerifyElementTextKeyword.verifyElementText(VerifyElementTextKeyword.groovy:62)
	at com.kms.katalon.core.mobile.keyword.builtin.VerifyElementTextKeyword.execute(VerifyElementTextKeyword.groovy:39)
	at com.kms.katalon.core.keyword.internal.KeywordExecutor.executeKeywordForPlatform(KeywordExecutor.groovy:74)
	at com.kms.katalon.core.mobile.keyword.MobileBuiltInKeywords.verifyElementText(MobileBuiltInKeywords.groovy:2901)
	at com.kms.katalon.core.mobile.keyword.MobileBuiltInKeywords$verifyElementText$9.call(Unknown Source)
	at duitNow_mobileNumberFavTransaction.run(duitNow_mobileNumberFavTransaction:115)
	at com.kms.katalon.core.main.ScriptEngine.run(ScriptEngine.java:194)
	at com.kms.katalon.core.main.ScriptEngine.runScriptAsRawText(ScriptEngine.java:119)
	at com.kms.katalon.core.main.TestCaseExecutor.runScript(TestCaseExecutor.java:445)
	at com.kms.katalon.core.main.TestCaseExecutor.doExecute(TestCaseExecutor.java:436)
	at com.kms.katalon.core.main.TestCaseExecutor.processExecutionPhase(TestCaseExecutor.java:415)
	at com.kms.katalon.core.main.TestCaseExecutor.accessMainPhase(TestCaseExecutor.java:407)
	at com.kms.katalon.core.main.TestCaseExecutor.execute(TestCaseExecutor.java:284)
	at com.kms.katalon.core.common.CommonExecutor.accessTestCaseMainPhase(CommonExecutor.java:65)
	at com.kms.katalon.core.main.TestSuiteExecutor.accessTestSuiteMainPhase(TestSuiteExecutor.java:144)
	at com.kms.katalon.core.main.TestSuiteExecutor.execute(TestSuiteExecutor.java:106)
	at com.kms.katalon.core.main.TestCaseMain.startTestSuite(TestCaseMain.java:185)
	at com.kms.katalon.core.main.TestCaseMain$startTestSuite$0.call(Unknown Source)
	at TempTestSuite1655885093224.run(TempTestSuite1655885093224.groovy:36)
)

2022-06-22 16:49:14 - [MESSAGE][FAILED] - Verify element text of test object 'Object Repository/Duit Now/duitNowAmountProxyTypeTxt' FAILED. (Root cause: org.openqa.selenium.WebDriverException: An unknown server-side error occurred while processing the command. Original error: 'GET /window/current/size' cannot be proxied to UiAutomator2 server because the instrumentation process is not running (probably crashed). Check the server log and/or the logcat output for more details
Build info: version: '3.141.59', revision: 'e82be7d358', time: '2018-11-14T08:25:53'
System info: host: '00139272s-MacBook-Pro.local', ip: '2001:e68:6167:d901:5dd8:2a3:885f:7e34%en0', os.name: 'Mac OS X', os.arch: 'x86_64', os.version: '10.16', java.version: '1.8.0_275'
Driver info: com.kms.katalon.core.appium.driver.SwipeableAndroidDriver
Capabilities {app: /Users/a00139272/Katalon St..., appActivity: com.maybank2u.life.MainActi..., appPackage: com.maybank2u.life.sit, appWaitActivity: *, autoGrantPermissions: true, automationName: uiautomator2, chromedriverPort: 52878, databaseEnabled: false, desired: {app: /Users/a00139272/Katalon St..., appActivity: com.maybank2u.life.MainActi..., appPackage: com.maybank2u.life.sit, appWaitActivity: *, autoGrantPermissions: true, automationName: uiautomator2, chromedriverPort: 52878, deviceId: 002b9cc60508, deviceName: Xiaomi 21061119AG (Android 11), fullReset: false, newCommandTimeout: 1800, noReset: true, platform: ANDROID, platformName: android, platformVersion: 11, systemPort: 52876, udid: 002b9cc60508}, deviceApiLevel: 30, deviceId: 002b9cc60508, deviceManufacturer: Xiaomi, deviceModel: 21061119AG, deviceName: 002b9cc60508, deviceScreenDensity: 440, deviceScreenSize: 1080x2400, deviceUDID: 002b9cc60508, fullReset: false, javascriptEnabled: true, locationContextEnabled: false, networkConnectionEnabled: true, newCommandTimeout: 1800, noReset: true, pixelRatio: 2.75, platform: ANDROID, platformName: Android, platformVersion: 11, statBarHeight: 103, systemPort: 52876, takesScreenshot: true, udid: 002b9cc60508, viewportRect: {height: 2064, left: 0, top: 103, width: 1080}, warnings: {}, webStorageEnabled: false}
Session ID: 07e0a906-f567-4646-abfd-84c6cc800d18
	at org.openqa.selenium.remote.http.W3CHttpResponseCodec.createException(W3CHttpResponseCodec.java:187)
	at org.openqa.selenium.remote.http.W3CHttpResponseCodec.decode(W3CHttpResponseCodec.java:122)
	at org.openqa.selenium.remote.http.W3CHttpResponseCodec.decode(W3CHttpResponseCodec.java:49)
	at org.openqa.selenium.remote.HttpCommandExecutor.execute(HttpCommandExecutor.java:158)
	at io.appium.java_client.remote.AppiumCommandExecutor.execute(AppiumCommandExecutor.java:239)
	at org.openqa.selenium.remote.RemoteWebDriver.execute(RemoteWebDriver.java:552)
	at io.appium.java_client.DefaultGenericMobileDriver.execute(DefaultGenericMobileDriver.java:46)
	at io.appium.java_client.AppiumDriver.execute(AppiumDriver.java:1)
	at io.appium.java_client.android.AndroidDriver.execute(AndroidDriver.java:1)
	at com.kms.katalon.core.appium.driver.SwipeableAndroidDriver.execute(SwipeableAndroidDriver.java:1)
	at org.openqa.selenium.remote.RemoteWebDriver$RemoteWebDriverOptions$RemoteWindow.getSize(RemoteWebDriver.java:813)
	at org.openqa.selenium.WebDriver$Window$getSize.call(Unknown Source)
	at com.kms.katalon.core.mobile.keyword.internal.MobileAbstractKeyword.findElement(MobileAbstractKeyword.groovy:81)
	at com.kms.katalon.core.mobile.keyword.builtin.VerifyElementTextKeyword.access$1(VerifyElementTextKeyword.groovy)
	at com.kms.katalon.core.mobile.keyword.builtin.VerifyElementTextKeyword$_verifyElementText_closure1.doCall(VerifyElementTextKeyword.groovy:47)
	at com.kms.katalon.core.mobile.keyword.builtin.VerifyElementTextKeyword$_verifyElementText_closure1.call(VerifyElementTextKeyword.groovy)
	at com.kms.katalon.core.mobile.keyword.internal.MobileKeywordMain.runKeyword(MobileKeywordMain.groovy:21)
	at com.kms.katalon.core.mobile.keyword.builtin.VerifyElementTextKeyword.verifyElementText(VerifyElementTextKeyword.groovy:62)
	at com.kms.katalon.core.mobile.keyword.builtin.VerifyElementTextKeyword.execute(VerifyElementTextKeyword.groovy:39)
	at com.kms.katalon.core.keyword.internal.KeywordExecutor.executeKeywordForPlatform(KeywordExecutor.groovy:74)
	at com.kms.katalon.core.mobile.keyword.MobileBuiltInKeywords.verifyElementText(MobileBuiltInKeywords.groovy:2901)
	at com.kms.katalon.core.mobile.keyword.MobileBuiltInKeywords$verifyElementText$9.call(Unknown Source)
	at duitNow_mobileNumberFavTransaction.run(duitNow_mobileNumberFavTransaction:115)
	at com.kms.katalon.core.main.ScriptEngine.run(ScriptEngine.java:194)
	at com.kms.katalon.core.main.ScriptEngine.runScriptAsRawText(ScriptEngine.java:119)
	at com.kms.katalon.core.main.TestCaseExecutor.runScript(TestCaseExecutor.java:445)
	at com.kms.katalon.core.main.TestCaseExecutor.doExecute(TestCaseExecutor.java:436)
	at com.kms.katalon.core.main.TestCaseExecutor.processExecutionPhase(TestCaseExecutor.java:415)
	at com.kms.katalon.core.main.TestCaseExecutor.accessMainPhase(TestCaseExecutor.java:407)
	at com.kms.katalon.core.main.TestCaseExecutor.execute(TestCaseExecutor.java:284)
	at com.kms.katalon.core.common.CommonExecutor.accessTestCaseMainPhase(CommonExecutor.java:65)
	at com.kms.katalon.core.main.TestSuiteExecutor.accessTestSuiteMainPhase(TestSuiteExecutor.java:144)
	at com.kms.katalon.core.main.TestSuiteExecutor.execute(TestSuiteExecutor.java:106)
	at com.kms.katalon.core.main.TestCaseMain.startTestSuite(TestCaseMain.java:185)
	at com.kms.katalon.core.main.TestCaseMain$startTestSuite$0.call(Unknown Source)
	at TempTestSuite1655885093224.run(TempTestSuite1655885093224.groovy:36)
)

2022-06-22 16:49:14 - [TEST_STEP][FAILED] - verifyElementExist(findTestObject("Duit Now/duitNowAmountCurrencyTypeTxt"), 0): Failed to check for element 'Object Repository/Duit Now/duitNowAmountCurrencyTypeTxt' exist (Root cause: org.openqa.selenium.WebDriverException: An unknown server-side error occurred while processing the command. Original error: 'GET /window/current/size' cannot be proxied to UiAutomator2 server because the instrumentation process is not running (probably crashed). Check the server log and/or the logcat output for more details
Build info: version: '3.141.59', revision: 'e82be7d358', time: '2018-11-14T08:25:53'
System info: host: '00139272s-MacBook-Pro.local', ip: '2001:e68:6167:d901:5dd8:2a3:885f:7e34%en0', os.name: 'Mac OS X', os.arch: 'x86_64', os.version: '10.16', java.version: '1.8.0_275'
Driver info: com.kms.katalon.core.appium.driver.SwipeableAndroidDriver
Capabilities {app: /Users/a00139272/Katalon St..., appActivity: com.maybank2u.life.MainActi..., appPackage: com.maybank2u.life.sit, appWaitActivity: *, autoGrantPermissions: true, automationName: uiautomator2, chromedriverPort: 52878, databaseEnabled: false, desired: {app: /Users/a00139272/Katalon St..., appActivity: com.maybank2u.life.MainActi..., appPackage: com.maybank2u.life.sit, appWaitActivity: *, autoGrantPermissions: true, automationName: uiautomator2, chromedriverPort: 52878, deviceId: 002b9cc60508, deviceName: Xiaomi 21061119AG (Android 11), fullReset: false, newCommandTimeout: 1800, noReset: true, platform: ANDROID, platformName: android, platformVersion: 11, systemPort: 52876, udid: 002b9cc60508}, deviceApiLevel: 30, deviceId: 002b9cc60508, deviceManufacturer: Xiaomi, deviceModel: 21061119AG, deviceName: 002b9cc60508, deviceScreenDensity: 440, deviceScreenSize: 1080x2400, deviceUDID: 002b9cc60508, fullReset: false, javascriptEnabled: true, locationContextEnabled: false, networkConnectionEnabled: true, newCommandTimeout: 1800, noReset: true, pixelRatio: 2.75, platform: ANDROID, platformName: Android, platformVersion: 11, statBarHeight: 103, systemPort: 52876, takesScreenshot: true, udid: 002b9cc60508, viewportRect: {height: 2064, left: 0, top: 103, width: 1080}, warnings: {}, webStorageEnabled: false}
Session ID: 07e0a906-f567-4646-abfd-84c6cc800d18
	at org.openqa.selenium.remote.http.W3CHttpResponseCodec.createException(W3CHttpResponseCodec.java:187)
	at org.openqa.selenium.remote.http.W3CHttpResponseCodec.decode(W3CHttpResponseCodec.java:122)
	at org.openqa.selenium.remote.http.W3CHttpResponseCodec.decode(W3CHttpResponseCodec.java:49)
	at org.openqa.selenium.remote.HttpCommandExecutor.execute(HttpCommandExecutor.java:158)
	at io.appium.java_client.remote.AppiumCommandExecutor.execute(AppiumCommandExecutor.java:239)
	at org.openqa.selenium.remote.RemoteWebDriver.execute(RemoteWebDriver.java:552)
	at io.appium.java_client.DefaultGenericMobileDriver.execute(DefaultGenericMobileDriver.java:46)
	at io.appium.java_client.AppiumDriver.execute(AppiumDriver.java:1)
	at io.appium.java_client.android.AndroidDriver.execute(AndroidDriver.java:1)
	at com.kms.katalon.core.appium.driver.SwipeableAndroidDriver.execute(SwipeableAndroidDriver.java:1)
	at org.openqa.selenium.remote.RemoteWebDriver$RemoteWebDriverOptions$RemoteWindow.getSize(RemoteWebDriver.java:813)
	at org.openqa.selenium.WebDriver$Window$getSize.call(Unknown Source)
	at com.kms.katalon.core.mobile.keyword.internal.MobileAbstractKeyword.findElement(MobileAbstractKeyword.groovy:81)
	at com.kms.katalon.core.mobile.keyword.builtin.VerifyElementExistKeyword.access$1(VerifyElementExistKeyword.groovy)
	at com.kms.katalon.core.mobile.keyword.builtin.VerifyElementExistKeyword$_verifyElementExist_closure1.doCall(VerifyElementExistKeyword.groovy:72)
	at com.kms.katalon.core.mobile.keyword.builtin.VerifyElementExistKeyword$_verifyElementExist_closure1.call(VerifyElementExistKeyword.groovy)
	at com.kms.katalon.core.mobile.keyword.internal.MobileKeywordMain.runKeyword(MobileKeywordMain.groovy:21)
	at com.kms.katalon.core.mobile.keyword.builtin.VerifyElementExistKeyword.verifyElementExist(VerifyElementExistKeyword.groovy:80)
	at com.kms.katalon.core.mobile.keyword.builtin.VerifyElementExistKeyword.execute(VerifyElementExistKeyword.groovy:64)
	at com.kms.katalon.core.keyword.internal.KeywordExecutor.executeKeywordForPlatform(KeywordExecutor.groovy:74)
	at com.kms.katalon.core.mobile.keyword.MobileBuiltInKeywords.verifyElementExist(MobileBuiltInKeywords.groovy:1755)
	at com.kms.katalon.core.mobile.keyword.MobileBuiltInKeywords$verifyElementExist$8.call(Unknown Source)
	at duitNow_mobileNumberFavTransaction.run(duitNow_mobileNumberFavTransaction:117)
	at com.kms.katalon.core.main.ScriptEngine.run(ScriptEngine.java:194)
	at com.kms.katalon.core.main.ScriptEngine.runScriptAsRawText(ScriptEngine.java:119)
	at com.kms.katalon.core.main.TestCaseExecutor.runScript(TestCaseExecutor.java:445)
	at com.kms.katalon.core.main.TestCaseExecutor.doExecute(TestCaseExecutor.java:436)
	at com.kms.katalon.core.main.TestCaseExecutor.processExecutionPhase(TestCaseExecutor.java:415)
	at com.kms.katalon.core.main.TestCaseExecutor.accessMainPhase(TestCaseExecutor.java:407)
	at com.kms.katalon.core.main.TestCaseExecutor.execute(TestCaseExecutor.java:284)
	at com.kms.katalon.core.common.CommonExecutor.accessTestCaseMainPhase(CommonExecutor.java:65)
	at com.kms.katalon.core.main.TestSuiteExecutor.accessTestSuiteMainPhase(TestSuiteExecutor.java:144)
	at com.kms.katalon.core.main.TestSuiteExecutor.execute(TestSuiteExecutor.java:106)
	at com.kms.katalon.core.main.TestCaseMain.startTestSuite(TestCaseMain.java:185)
	at com.kms.katalon.core.main.TestCaseMain$startTestSuite$0.call(Unknown Source)
	at TempTestSuite1655885093224.run(TempTestSuite1655885093224.groovy:36)
)

2022-06-22 16:49:14 - [MESSAGE][WARNING] - Timeout '0' is invalid. Using default page load timeout: '40'

2022-06-22 16:49:14 - [MESSAGE][FAILED] - Failed to check for element 'Object Repository/Duit Now/duitNowAmountCurrencyTypeTxt' exist (Root cause: org.openqa.selenium.WebDriverException: An unknown server-side error occurred while processing the command. Original error: 'GET /window/current/size' cannot be proxied to UiAutomator2 server because the instrumentation process is not running (probably crashed). Check the server log and/or the logcat output for more details
Build info: version: '3.141.59', revision: 'e82be7d358', time: '2018-11-14T08:25:53'
System info: host: '00139272s-MacBook-Pro.local', ip: '2001:e68:6167:d901:5dd8:2a3:885f:7e34%en0', os.name: 'Mac OS X', os.arch: 'x86_64', os.version: '10.16', java.version: '1.8.0_275'
Driver info: com.kms.katalon.core.appium.driver.SwipeableAndroidDriver
Capabilities {app: /Users/a00139272/Katalon St..., appActivity: com.maybank2u.life.MainActi..., appPackage: com.maybank2u.life.sit, appWaitActivity: *, autoGrantPermissions: true, automationName: uiautomator2, chromedriverPort: 52878, databaseEnabled: false, desired: {app: /Users/a00139272/Katalon St..., appActivity: com.maybank2u.life.MainActi..., appPackage: com.maybank2u.life.sit, appWaitActivity: *, autoGrantPermissions: true, automationName: uiautomator2, chromedriverPort: 52878, deviceId: 002b9cc60508, deviceName: Xiaomi 21061119AG (Android 11), fullReset: false, newCommandTimeout: 1800, noReset: true, platform: ANDROID, platformName: android, platformVersion: 11, systemPort: 52876, udid: 002b9cc60508}, deviceApiLevel: 30, deviceId: 002b9cc60508, deviceManufacturer: Xiaomi, deviceModel: 21061119AG, deviceName: 002b9cc60508, deviceScreenDensity: 440, deviceScreenSize: 1080x2400, deviceUDID: 002b9cc60508, fullReset: false, javascriptEnabled: true, locationContextEnabled: false, networkConnectionEnabled: true, newCommandTimeout: 1800, noReset: true, pixelRatio: 2.75, platform: ANDROID, platformName: Android, platformVersion: 11, statBarHeight: 103, systemPort: 52876, takesScreenshot: true, udid: 002b9cc60508, viewportRect: {height: 2064, left: 0, top: 103, width: 1080}, warnings: {}, webStorageEnabled: false}
Session ID: 07e0a906-f567-4646-abfd-84c6cc800d18
	at org.openqa.selenium.remote.http.W3CHttpResponseCodec.createException(W3CHttpResponseCodec.java:187)
	at org.openqa.selenium.remote.http.W3CHttpResponseCodec.decode(W3CHttpResponseCodec.java:122)
	at org.openqa.selenium.remote.http.W3CHttpResponseCodec.decode(W3CHttpResponseCodec.java:49)
	at org.openqa.selenium.remote.HttpCommandExecutor.execute(HttpCommandExecutor.java:158)
	at io.appium.java_client.remote.AppiumCommandExecutor.execute(AppiumCommandExecutor.java:239)
	at org.openqa.selenium.remote.RemoteWebDriver.execute(RemoteWebDriver.java:552)
	at io.appium.java_client.DefaultGenericMobileDriver.execute(DefaultGenericMobileDriver.java:46)
	at io.appium.java_client.AppiumDriver.execute(AppiumDriver.java:1)
	at io.appium.java_client.android.AndroidDriver.execute(AndroidDriver.java:1)
	at com.kms.katalon.core.appium.driver.SwipeableAndroidDriver.execute(SwipeableAndroidDriver.java:1)
	at org.openqa.selenium.remote.RemoteWebDriver$RemoteWebDriverOptions$RemoteWindow.getSize(RemoteWebDriver.java:813)
	at org.openqa.selenium.WebDriver$Window$getSize.call(Unknown Source)
	at com.kms.katalon.core.mobile.keyword.internal.MobileAbstractKeyword.findElement(MobileAbstractKeyword.groovy:81)
	at com.kms.katalon.core.mobile.keyword.builtin.VerifyElementExistKeyword.access$1(VerifyElementExistKeyword.groovy)
	at com.kms.katalon.core.mobile.keyword.builtin.VerifyElementExistKeyword$_verifyElementExist_closure1.doCall(VerifyElementExistKeyword.groovy:72)
	at com.kms.katalon.core.mobile.keyword.builtin.VerifyElementExistKeyword$_verifyElementExist_closure1.call(VerifyElementExistKeyword.groovy)
	at com.kms.katalon.core.mobile.keyword.internal.MobileKeywordMain.runKeyword(MobileKeywordMain.groovy:21)
	at com.kms.katalon.core.mobile.keyword.builtin.VerifyElementExistKeyword.verifyElementExist(VerifyElementExistKeyword.groovy:80)
	at com.kms.katalon.core.mobile.keyword.builtin.VerifyElementExistKeyword.execute(VerifyElementExistKeyword.groovy:64)
	at com.kms.katalon.core.keyword.internal.KeywordExecutor.executeKeywordForPlatform(KeywordExecutor.groovy:74)
	at com.kms.katalon.core.mobile.keyword.MobileBuiltInKeywords.verifyElementExist(MobileBuiltInKeywords.groovy:1755)
	at com.kms.katalon.core.mobile.keyword.MobileBuiltInKeywords$verifyElementExist$8.call(Unknown Source)
	at duitNow_mobileNumberFavTransaction.run(duitNow_mobileNumberFavTransaction:117)
	at com.kms.katalon.core.main.ScriptEngine.run(ScriptEngine.java:194)
	at com.kms.katalon.core.main.ScriptEngine.runScriptAsRawText(ScriptEngine.java:119)
	at com.kms.katalon.core.main.TestCaseExecutor.runScript(TestCaseExecutor.java:445)
	at com.kms.katalon.core.main.TestCaseExecutor.doExecute(TestCaseExecutor.java:436)
	at com.kms.katalon.core.main.TestCaseExecutor.processExecutionPhase(TestCaseExecutor.java:415)
	at com.kms.katalon.core.main.TestCaseExecutor.accessMainPhase(TestCaseExecutor.java:407)
	at com.kms.katalon.core.main.TestCaseExecutor.execute(TestCaseExecutor.java:284)
	at com.kms.katalon.core.common.CommonExecutor.accessTestCaseMainPhase(CommonExecutor.java:65)
	at com.kms.katalon.core.main.TestSuiteExecutor.accessTestSuiteMainPhase(TestSuiteExecutor.java:144)
	at com.kms.katalon.core.main.TestSuiteExecutor.execute(TestSuiteExecutor.java:106)
	at com.kms.katalon.core.main.TestCaseMain.startTestSuite(TestCaseMain.java:185)
	at com.kms.katalon.core.main.TestCaseMain$startTestSuite$0.call(Unknown Source)
	at TempTestSuite1655885093224.run(TempTestSuite1655885093224.groovy:36)
)

2022-06-22 16:49:14 - [TEST_STEP][FAILED] - verifyElementExist(findTestObject("Duit Now/duitNowAmountEnterAmountTitleTxt"), 0): Failed to check for element 'Object Repository/Duit Now/duitNowAmountEnterAmountTitleTxt' exist (Root cause: org.openqa.selenium.WebDriverException: An unknown server-side error occurred while processing the command. Original error: 'GET /window/current/size' cannot be proxied to UiAutomator2 server because the instrumentation process is not running (probably crashed). Check the server log and/or the logcat output for more details
Build info: version: '3.141.59', revision: 'e82be7d358', time: '2018-11-14T08:25:53'
System info: host: '00139272s-MacBook-Pro.local', ip: '2001:e68:6167:d901:5dd8:2a3:885f:7e34%en0', os.name: 'Mac OS X', os.arch: 'x86_64', os.version: '10.16', java.version: '1.8.0_275'
Driver info: com.kms.katalon.core.appium.driver.SwipeableAndroidDriver
Capabilities {app: /Users/a00139272/Katalon St..., appActivity: com.maybank2u.life.MainActi..., appPackage: com.maybank2u.life.sit, appWaitActivity: *, autoGrantPermissions: true, automationName: uiautomator2, chromedriverPort: 52878, databaseEnabled: false, desired: {app: /Users/a00139272/Katalon St..., appActivity: com.maybank2u.life.MainActi..., appPackage: com.maybank2u.life.sit, appWaitActivity: *, autoGrantPermissions: true, automationName: uiautomator2, chromedriverPort: 52878, deviceId: 002b9cc60508, deviceName: Xiaomi 21061119AG (Android 11), fullReset: false, newCommandTimeout: 1800, noReset: true, platform: ANDROID, platformName: android, platformVersion: 11, systemPort: 52876, udid: 002b9cc60508}, deviceApiLevel: 30, deviceId: 002b9cc60508, deviceManufacturer: Xiaomi, deviceModel: 21061119AG, deviceName: 002b9cc60508, deviceScreenDensity: 440, deviceScreenSize: 1080x2400, deviceUDID: 002b9cc60508, fullReset: false, javascriptEnabled: true, locationContextEnabled: false, networkConnectionEnabled: true, newCommandTimeout: 1800, noReset: true, pixelRatio: 2.75, platform: ANDROID, platformName: Android, platformVersion: 11, statBarHeight: 103, systemPort: 52876, takesScreenshot: true, udid: 002b9cc60508, viewportRect: {height: 2064, left: 0, top: 103, width: 1080}, warnings: {}, webStorageEnabled: false}
Session ID: 07e0a906-f567-4646-abfd-84c6cc800d18
	at org.openqa.selenium.remote.http.W3CHttpResponseCodec.createException(W3CHttpResponseCodec.java:187)
	at org.openqa.selenium.remote.http.W3CHttpResponseCodec.decode(W3CHttpResponseCodec.java:122)
	at org.openqa.selenium.remote.http.W3CHttpResponseCodec.decode(W3CHttpResponseCodec.java:49)
	at org.openqa.selenium.remote.HttpCommandExecutor.execute(HttpCommandExecutor.java:158)
	at io.appium.java_client.remote.AppiumCommandExecutor.execute(AppiumCommandExecutor.java:239)
	at org.openqa.selenium.remote.RemoteWebDriver.execute(RemoteWebDriver.java:552)
	at io.appium.java_client.DefaultGenericMobileDriver.execute(DefaultGenericMobileDriver.java:46)
	at io.appium.java_client.AppiumDriver.execute(AppiumDriver.java:1)
	at io.appium.java_client.android.AndroidDriver.execute(AndroidDriver.java:1)
	at com.kms.katalon.core.appium.driver.SwipeableAndroidDriver.execute(SwipeableAndroidDriver.java:1)
	at org.openqa.selenium.remote.RemoteWebDriver$RemoteWebDriverOptions$RemoteWindow.getSize(RemoteWebDriver.java:813)
	at org.openqa.selenium.WebDriver$Window$getSize.call(Unknown Source)
	at com.kms.katalon.core.mobile.keyword.internal.MobileAbstractKeyword.findElement(MobileAbstractKeyword.groovy:81)
	at com.kms.katalon.core.mobile.keyword.builtin.VerifyElementExistKeyword.access$1(VerifyElementExistKeyword.groovy)
	at com.kms.katalon.core.mobile.keyword.builtin.VerifyElementExistKeyword$_verifyElementExist_closure1.doCall(VerifyElementExistKeyword.groovy:72)
	at com.kms.katalon.core.mobile.keyword.builtin.VerifyElementExistKeyword$_verifyElementExist_closure1.call(VerifyElementExistKeyword.groovy)
	at com.kms.katalon.core.mobile.keyword.internal.MobileKeywordMain.runKeyword(MobileKeywordMain.groovy:21)
	at com.kms.katalon.core.mobile.keyword.builtin.VerifyElementExistKeyword.verifyElementExist(VerifyElementExistKeyword.groovy:80)
	at com.kms.katalon.core.mobile.keyword.builtin.VerifyElementExistKeyword.execute(VerifyElementExistKeyword.groovy:64)
	at com.kms.katalon.core.keyword.internal.KeywordExecutor.executeKeywordForPlatform(KeywordExecutor.groovy:74)
	at com.kms.katalon.core.mobile.keyword.MobileBuiltInKeywords.verifyElementExist(MobileBuiltInKeywords.groovy:1755)
	at com.kms.katalon.core.mobile.keyword.MobileBuiltInKeywords$verifyElementExist$8.call(Unknown Source)
	at duitNow_mobileNumberFavTransaction.run(duitNow_mobileNumberFavTransaction:119)
	at com.kms.katalon.core.main.ScriptEngine.run(ScriptEngine.java:194)
	at com.kms.katalon.core.main.ScriptEngine.runScriptAsRawText(ScriptEngine.java:119)
	at com.kms.katalon.core.main.TestCaseExecutor.runScript(TestCaseExecutor.java:445)
	at com.kms.katalon.core.main.TestCaseExecutor.doExecute(TestCaseExecutor.java:436)
	at com.kms.katalon.core.main.TestCaseExecutor.processExecutionPhase(TestCaseExecutor.java:415)
	at com.kms.katalon.core.main.TestCaseExecutor.accessMainPhase(TestCaseExecutor.java:407)
	at com.kms.katalon.core.main.TestCaseExecutor.execute(TestCaseExecutor.java:284)
	at com.kms.katalon.core.common.CommonExecutor.accessTestCaseMainPhase(CommonExecutor.java:65)
	at com.kms.katalon.core.main.TestSuiteExecutor.accessTestSuiteMainPhase(TestSuiteExecutor.java:144)
	at com.kms.katalon.core.main.TestSuiteExecutor.execute(TestSuiteExecutor.java:106)
	at com.kms.katalon.core.main.TestCaseMain.startTestSuite(TestCaseMain.java:185)
	at com.kms.katalon.core.main.TestCaseMain$startTestSuite$0.call(Unknown Source)
	at TempTestSuite1655885093224.run(TempTestSuite1655885093224.groovy:36)
)

2022-06-22 16:49:14 - [MESSAGE][WARNING] - Timeout '0' is invalid. Using default page load timeout: '40'

2022-06-22 16:49:14 - [MESSAGE][FAILED] - Failed to check for element 'Object Repository/Duit Now/duitNowAmountEnterAmountTitleTxt' exist (Root cause: org.openqa.selenium.WebDriverException: An unknown server-side error occurred while processing the command. Original error: 'GET /window/current/size' cannot be proxied to UiAutomator2 server because the instrumentation process is not running (probably crashed). Check the server log and/or the logcat output for more details
Build info: version: '3.141.59', revision: 'e82be7d358', time: '2018-11-14T08:25:53'
System info: host: '00139272s-MacBook-Pro.local', ip: '2001:e68:6167:d901:5dd8:2a3:885f:7e34%en0', os.name: 'Mac OS X', os.arch: 'x86_64', os.version: '10.16', java.version: '1.8.0_275'
Driver info: com.kms.katalon.core.appium.driver.SwipeableAndroidDriver
Capabilities {app: /Users/a00139272/Katalon St..., appActivity: com.maybank2u.life.MainActi..., appPackage: com.maybank2u.life.sit, appWaitActivity: *, autoGrantPermissions: true, automationName: uiautomator2, chromedriverPort: 52878, databaseEnabled: false, desired: {app: /Users/a00139272/Katalon St..., appActivity: com.maybank2u.life.MainActi..., appPackage: com.maybank2u.life.sit, appWaitActivity: *, autoGrantPermissions: true, automationName: uiautomator2, chromedriverPort: 52878, deviceId: 002b9cc60508, deviceName: Xiaomi 21061119AG (Android 11), fullReset: false, newCommandTimeout: 1800, noReset: true, platform: ANDROID, platformName: android, platformVersion: 11, systemPort: 52876, udid: 002b9cc60508}, deviceApiLevel: 30, deviceId: 002b9cc60508, deviceManufacturer: Xiaomi, deviceModel: 21061119AG, deviceName: 002b9cc60508, deviceScreenDensity: 440, deviceScreenSize: 1080x2400, deviceUDID: 002b9cc60508, fullReset: false, javascriptEnabled: true, locationContextEnabled: false, networkConnectionEnabled: true, newCommandTimeout: 1800, noReset: true, pixelRatio: 2.75, platform: ANDROID, platformName: Android, platformVersion: 11, statBarHeight: 103, systemPort: 52876, takesScreenshot: true, udid: 002b9cc60508, viewportRect: {height: 2064, left: 0, top: 103, width: 1080}, warnings: {}, webStorageEnabled: false}
Session ID: 07e0a906-f567-4646-abfd-84c6cc800d18
	at org.openqa.selenium.remote.http.W3CHttpResponseCodec.createException(W3CHttpResponseCodec.java:187)
	at org.openqa.selenium.remote.http.W3CHttpResponseCodec.decode(W3CHttpResponseCodec.java:122)
	at org.openqa.selenium.remote.http.W3CHttpResponseCodec.decode(W3CHttpResponseCodec.java:49)
	at org.openqa.selenium.remote.HttpCommandExecutor.execute(HttpCommandExecutor.java:158)
	at io.appium.java_client.remote.AppiumCommandExecutor.execute(AppiumCommandExecutor.java:239)
	at org.openqa.selenium.remote.RemoteWebDriver.execute(RemoteWebDriver.java:552)
	at io.appium.java_client.DefaultGenericMobileDriver.execute(DefaultGenericMobileDriver.java:46)
	at io.appium.java_client.AppiumDriver.execute(AppiumDriver.java:1)
	at io.appium.java_client.android.AndroidDriver.execute(AndroidDriver.java:1)
	at com.kms.katalon.core.appium.driver.SwipeableAndroidDriver.execute(SwipeableAndroidDriver.java:1)
	at org.openqa.selenium.remote.RemoteWebDriver$RemoteWebDriverOptions$RemoteWindow.getSize(RemoteWebDriver.java:813)
	at org.openqa.selenium.WebDriver$Window$getSize.call(Unknown Source)
	at com.kms.katalon.core.mobile.keyword.internal.MobileAbstractKeyword.findElement(MobileAbstractKeyword.groovy:81)
	at com.kms.katalon.core.mobile.keyword.builtin.VerifyElementExistKeyword.access$1(VerifyElementExistKeyword.groovy)
	at com.kms.katalon.core.mobile.keyword.builtin.VerifyElementExistKeyword$_verifyElementExist_closure1.doCall(VerifyElementExistKeyword.groovy:72)
	at com.kms.katalon.core.mobile.keyword.builtin.VerifyElementExistKeyword$_verifyElementExist_closure1.call(VerifyElementExistKeyword.groovy)
	at com.kms.katalon.core.mobile.keyword.internal.MobileKeywordMain.runKeyword(MobileKeywordMain.groovy:21)
	at com.kms.katalon.core.mobile.keyword.builtin.VerifyElementExistKeyword.verifyElementExist(VerifyElementExistKeyword.groovy:80)
	at com.kms.katalon.core.mobile.keyword.builtin.VerifyElementExistKeyword.execute(VerifyElementExistKeyword.groovy:64)
	at com.kms.katalon.core.keyword.internal.KeywordExecutor.executeKeywordForPlatform(KeywordExecutor.groovy:74)
	at com.kms.katalon.core.mobile.keyword.MobileBuiltInKeywords.verifyElementExist(MobileBuiltInKeywords.groovy:1755)
	at com.kms.katalon.core.mobile.keyword.MobileBuiltInKeywords$verifyElementExist$8.call(Unknown Source)
	at duitNow_mobileNumberFavTransaction.run(duitNow_mobileNumberFavTransaction:119)
	at com.kms.katalon.core.main.ScriptEngine.run(ScriptEngine.java:194)
	at com.kms.katalon.core.main.ScriptEngine.runScriptAsRawText(ScriptEngine.java:119)
	at com.kms.katalon.core.main.TestCaseExecutor.runScript(TestCaseExecutor.java:445)
	at com.kms.katalon.core.main.TestCaseExecutor.doExecute(TestCaseExecutor.java:436)
	at com.kms.katalon.core.main.TestCaseExecutor.processExecutionPhase(TestCaseExecutor.java:415)
	at com.kms.katalon.core.main.TestCaseExecutor.accessMainPhase(TestCaseExecutor.java:407)
	at com.kms.katalon.core.main.TestCaseExecutor.execute(TestCaseExecutor.java:284)
	at com.kms.katalon.core.common.CommonExecutor.accessTestCaseMainPhase(CommonExecutor.java:65)
	at com.kms.katalon.core.main.TestSuiteExecutor.accessTestSuiteMainPhase(TestSuiteExecutor.java:144)
	at com.kms.katalon.core.main.TestSuiteExecutor.execute(TestSuiteExecutor.java:106)
	at com.kms.katalon.core.main.TestCaseMain.startTestSuite(TestCaseMain.java:185)
	at com.kms.katalon.core.main.TestCaseMain$startTestSuite$0.call(Unknown Source)
	at TempTestSuite1655885093224.run(TempTestSuite1655885093224.groovy:36)
)

2022-06-22 16:49:14 - [TEST_STEP][FAILED] - verifyElementExist(findTestObject("Duit Now/duitNowAmountInitialValueTxt"), 0): Failed to check for element 'Object Repository/Duit Now/duitNowAmountInitialValueTxt' exist (Root cause: org.openqa.selenium.WebDriverException: An unknown server-side error occurred while processing the command. Original error: 'GET /window/current/size' cannot be proxied to UiAutomator2 server because the instrumentation process is not running (probably crashed). Check the server log and/or the logcat output for more details
Build info: version: '3.141.59', revision: 'e82be7d358', time: '2018-11-14T08:25:53'
System info: host: '00139272s-MacBook-Pro.local', ip: '2001:e68:6167:d901:5dd8:2a3:885f:7e34%en0', os.name: 'Mac OS X', os.arch: 'x86_64', os.version: '10.16', java.version: '1.8.0_275'
Driver info: com.kms.katalon.core.appium.driver.SwipeableAndroidDriver
Capabilities {app: /Users/a00139272/Katalon St..., appActivity: com.maybank2u.life.MainActi..., appPackage: com.maybank2u.life.sit, appWaitActivity: *, autoGrantPermissions: true, automationName: uiautomator2, chromedriverPort: 52878, databaseEnabled: false, desired: {app: /Users/a00139272/Katalon St..., appActivity: com.maybank2u.life.MainActi..., appPackage: com.maybank2u.life.sit, appWaitActivity: *, autoGrantPermissions: true, automationName: uiautomator2, chromedriverPort: 52878, deviceId: 002b9cc60508, deviceName: Xiaomi 21061119AG (Android 11), fullReset: false, newCommandTimeout: 1800, noReset: true, platform: ANDROID, platformName: android, platformVersion: 11, systemPort: 52876, udid: 002b9cc60508}, deviceApiLevel: 30, deviceId: 002b9cc60508, deviceManufacturer: Xiaomi, deviceModel: 21061119AG, deviceName: 002b9cc60508, deviceScreenDensity: 440, deviceScreenSize: 1080x2400, deviceUDID: 002b9cc60508, fullReset: false, javascriptEnabled: true, locationContextEnabled: false, networkConnectionEnabled: true, newCommandTimeout: 1800, noReset: true, pixelRatio: 2.75, platform: ANDROID, platformName: Android, platformVersion: 11, statBarHeight: 103, systemPort: 52876, takesScreenshot: true, udid: 002b9cc60508, viewportRect: {height: 2064, left: 0, top: 103, width: 1080}, warnings: {}, webStorageEnabled: false}
Session ID: 07e0a906-f567-4646-abfd-84c6cc800d18
	at org.openqa.selenium.remote.http.W3CHttpResponseCodec.createException(W3CHttpResponseCodec.java:187)
	at org.openqa.selenium.remote.http.W3CHttpResponseCodec.decode(W3CHttpResponseCodec.java:122)
	at org.openqa.selenium.remote.http.W3CHttpResponseCodec.decode(W3CHttpResponseCodec.java:49)
	at org.openqa.selenium.remote.HttpCommandExecutor.execute(HttpCommandExecutor.java:158)
	at io.appium.java_client.remote.AppiumCommandExecutor.execute(AppiumCommandExecutor.java:239)
	at org.openqa.selenium.remote.RemoteWebDriver.execute(RemoteWebDriver.java:552)
	at io.appium.java_client.DefaultGenericMobileDriver.execute(DefaultGenericMobileDriver.java:46)
	at io.appium.java_client.AppiumDriver.execute(AppiumDriver.java:1)
	at io.appium.java_client.android.AndroidDriver.execute(AndroidDriver.java:1)
	at com.kms.katalon.core.appium.driver.SwipeableAndroidDriver.execute(SwipeableAndroidDriver.java:1)
	at org.openqa.selenium.remote.RemoteWebDriver$RemoteWebDriverOptions$RemoteWindow.getSize(RemoteWebDriver.java:813)
	at org.openqa.selenium.WebDriver$Window$getSize.call(Unknown Source)
	at com.kms.katalon.core.mobile.keyword.internal.MobileAbstractKeyword.findElement(MobileAbstractKeyword.groovy:81)
	at com.kms.katalon.core.mobile.keyword.builtin.VerifyElementExistKeyword.access$1(VerifyElementExistKeyword.groovy)
	at com.kms.katalon.core.mobile.keyword.builtin.VerifyElementExistKeyword$_verifyElementExist_closure1.doCall(VerifyElementExistKeyword.groovy:72)
	at com.kms.katalon.core.mobile.keyword.builtin.VerifyElementExistKeyword$_verifyElementExist_closure1.call(VerifyElementExistKeyword.groovy)
	at com.kms.katalon.core.mobile.keyword.internal.MobileKeywordMain.runKeyword(MobileKeywordMain.groovy:21)
	at com.kms.katalon.core.mobile.keyword.builtin.VerifyElementExistKeyword.verifyElementExist(VerifyElementExistKeyword.groovy:80)
	at com.kms.katalon.core.mobile.keyword.builtin.VerifyElementExistKeyword.execute(VerifyElementExistKeyword.groovy:64)
	at com.kms.katalon.core.keyword.internal.KeywordExecutor.executeKeywordForPlatform(KeywordExecutor.groovy:74)
	at com.kms.katalon.core.mobile.keyword.MobileBuiltInKeywords.verifyElementExist(MobileBuiltInKeywords.groovy:1755)
	at com.kms.katalon.core.mobile.keyword.MobileBuiltInKeywords$verifyElementExist$8.call(Unknown Source)
	at duitNow_mobileNumberFavTransaction.run(duitNow_mobileNumberFavTransaction:121)
	at com.kms.katalon.core.main.ScriptEngine.run(ScriptEngine.java:194)
	at com.kms.katalon.core.main.ScriptEngine.runScriptAsRawText(ScriptEngine.java:119)
	at com.kms.katalon.core.main.TestCaseExecutor.runScript(TestCaseExecutor.java:445)
	at com.kms.katalon.core.main.TestCaseExecutor.doExecute(TestCaseExecutor.java:436)
	at com.kms.katalon.core.main.TestCaseExecutor.processExecutionPhase(TestCaseExecutor.java:415)
	at com.kms.katalon.core.main.TestCaseExecutor.accessMainPhase(TestCaseExecutor.java:407)
	at com.kms.katalon.core.main.TestCaseExecutor.execute(TestCaseExecutor.java:284)
	at com.kms.katalon.core.common.CommonExecutor.accessTestCaseMainPhase(CommonExecutor.java:65)
	at com.kms.katalon.core.main.TestSuiteExecutor.accessTestSuiteMainPhase(TestSuiteExecutor.java:144)
	at com.kms.katalon.core.main.TestSuiteExecutor.execute(TestSuiteExecutor.java:106)
	at com.kms.katalon.core.main.TestCaseMain.startTestSuite(TestCaseMain.java:185)
	at com.kms.katalon.core.main.TestCaseMain$startTestSuite$0.call(Unknown Source)
	at TempTestSuite1655885093224.run(TempTestSuite1655885093224.groovy:36)
)

2022-06-22 16:49:14 - [MESSAGE][WARNING] - Timeout '0' is invalid. Using default page load timeout: '40'

2022-06-22 16:49:14 - [MESSAGE][FAILED] - Failed to check for element 'Object Repository/Duit Now/duitNowAmountInitialValueTxt' exist (Root cause: org.openqa.selenium.WebDriverException: An unknown server-side error occurred while processing the command. Original error: 'GET /window/current/size' cannot be proxied to UiAutomator2 server because the instrumentation process is not running (probably crashed). Check the server log and/or the logcat output for more details
Build info: version: '3.141.59', revision: 'e82be7d358', time: '2018-11-14T08:25:53'
System info: host: '00139272s-MacBook-Pro.local', ip: '2001:e68:6167:d901:5dd8:2a3:885f:7e34%en0', os.name: 'Mac OS X', os.arch: 'x86_64', os.version: '10.16', java.version: '1.8.0_275'
Driver info: com.kms.katalon.core.appium.driver.SwipeableAndroidDriver
Capabilities {app: /Users/a00139272/Katalon St..., appActivity: com.maybank2u.life.MainActi..., appPackage: com.maybank2u.life.sit, appWaitActivity: *, autoGrantPermissions: true, automationName: uiautomator2, chromedriverPort: 52878, databaseEnabled: false, desired: {app: /Users/a00139272/Katalon St..., appActivity: com.maybank2u.life.MainActi..., appPackage: com.maybank2u.life.sit, appWaitActivity: *, autoGrantPermissions: true, automationName: uiautomator2, chromedriverPort: 52878, deviceId: 002b9cc60508, deviceName: Xiaomi 21061119AG (Android 11), fullReset: false, newCommandTimeout: 1800, noReset: true, platform: ANDROID, platformName: android, platformVersion: 11, systemPort: 52876, udid: 002b9cc60508}, deviceApiLevel: 30, deviceId: 002b9cc60508, deviceManufacturer: Xiaomi, deviceModel: 21061119AG, deviceName: 002b9cc60508, deviceScreenDensity: 440, deviceScreenSize: 1080x2400, deviceUDID: 002b9cc60508, fullReset: false, javascriptEnabled: true, locationContextEnabled: false, networkConnectionEnabled: true, newCommandTimeout: 1800, noReset: true, pixelRatio: 2.75, platform: ANDROID, platformName: Android, platformVersion: 11, statBarHeight: 103, systemPort: 52876, takesScreenshot: true, udid: 002b9cc60508, viewportRect: {height: 2064, left: 0, top: 103, width: 1080}, warnings: {}, webStorageEnabled: false}
Session ID: 07e0a906-f567-4646-abfd-84c6cc800d18
	at org.openqa.selenium.remote.http.W3CHttpResponseCodec.createException(W3CHttpResponseCodec.java:187)
	at org.openqa.selenium.remote.http.W3CHttpResponseCodec.decode(W3CHttpResponseCodec.java:122)
	at org.openqa.selenium.remote.http.W3CHttpResponseCodec.decode(W3CHttpResponseCodec.java:49)
	at org.openqa.selenium.remote.HttpCommandExecutor.execute(HttpCommandExecutor.java:158)
	at io.appium.java_client.remote.AppiumCommandExecutor.execute(AppiumCommandExecutor.java:239)
	at org.openqa.selenium.remote.RemoteWebDriver.execute(RemoteWebDriver.java:552)
	at io.appium.java_client.DefaultGenericMobileDriver.execute(DefaultGenericMobileDriver.java:46)
	at io.appium.java_client.AppiumDriver.execute(AppiumDriver.java:1)
	at io.appium.java_client.android.AndroidDriver.execute(AndroidDriver.java:1)
	at com.kms.katalon.core.appium.driver.SwipeableAndroidDriver.execute(SwipeableAndroidDriver.java:1)
	at org.openqa.selenium.remote.RemoteWebDriver$RemoteWebDriverOptions$RemoteWindow.getSize(RemoteWebDriver.java:813)
	at org.openqa.selenium.WebDriver$Window$getSize.call(Unknown Source)
	at com.kms.katalon.core.mobile.keyword.internal.MobileAbstractKeyword.findElement(MobileAbstractKeyword.groovy:81)
	at com.kms.katalon.core.mobile.keyword.builtin.VerifyElementExistKeyword.access$1(VerifyElementExistKeyword.groovy)
	at com.kms.katalon.core.mobile.keyword.builtin.VerifyElementExistKeyword$_verifyElementExist_closure1.doCall(VerifyElementExistKeyword.groovy:72)
	at com.kms.katalon.core.mobile.keyword.builtin.VerifyElementExistKeyword$_verifyElementExist_closure1.call(VerifyElementExistKeyword.groovy)
	at com.kms.katalon.core.mobile.keyword.internal.MobileKeywordMain.runKeyword(MobileKeywordMain.groovy:21)
	at com.kms.katalon.core.mobile.keyword.builtin.VerifyElementExistKeyword.verifyElementExist(VerifyElementExistKeyword.groovy:80)
	at com.kms.katalon.core.mobile.keyword.builtin.VerifyElementExistKeyword.execute(VerifyElementExistKeyword.groovy:64)
	at com.kms.katalon.core.keyword.internal.KeywordExecutor.executeKeywordForPlatform(KeywordExecutor.groovy:74)
	at com.kms.katalon.core.mobile.keyword.MobileBuiltInKeywords.verifyElementExist(MobileBuiltInKeywords.groovy:1755)
	at com.kms.katalon.core.mobile.keyword.MobileBuiltInKeywords$verifyElementExist$8.call(Unknown Source)
	at duitNow_mobileNumberFavTransaction.run(duitNow_mobileNumberFavTransaction:121)
	at com.kms.katalon.core.main.ScriptEngine.run(ScriptEngine.java:194)
	at com.kms.katalon.core.main.ScriptEngine.runScriptAsRawText(ScriptEngine.java:119)
	at com.kms.katalon.core.main.TestCaseExecutor.runScript(TestCaseExecutor.java:445)
	at com.kms.katalon.core.main.TestCaseExecutor.doExecute(TestCaseExecutor.java:436)
	at com.kms.katalon.core.main.TestCaseExecutor.processExecutionPhase(TestCaseExecutor.java:415)
	at com.kms.katalon.core.main.TestCaseExecutor.accessMainPhase(TestCaseExecutor.java:407)
	at com.kms.katalon.core.main.TestCaseExecutor.execute(TestCaseExecutor.java:284)
	at com.kms.katalon.core.common.CommonExecutor.accessTestCaseMainPhase(CommonExecutor.java:65)
	at com.kms.katalon.core.main.TestSuiteExecutor.accessTestSuiteMainPhase(TestSuiteExecutor.java:144)
	at com.kms.katalon.core.main.TestSuiteExecutor.execute(TestSuiteExecutor.java:106)
	at com.kms.katalon.core.main.TestCaseMain.startTestSuite(TestCaseMain.java:185)
	at com.kms.katalon.core.main.TestCaseMain$startTestSuite$0.call(Unknown Source)
	at TempTestSuite1655885093224.run(TempTestSuite1655885093224.groovy:36)
)

2022-06-22 16:49:14 - [TEST_STEP][PASSED] - trxAmount = value: null

2022-06-22 16:49:14 - [TEST_STEP][PASSED] - length = trxAmount.length(): null

2022-06-22 16:49:14 - [TEST_STEP][PASSED] - delay(5): Delayed 5 second(s)

2022-06-22 16:49:19 - [MESSAGE][PASSED] - Delayed 5 second(s)

2022-06-22 16:49:19 - [TEST_STEP][FAILED] - tapAtPosition(startX, startY): Failed to tap at [0, 0] (Root cause: org.openqa.selenium.WebDriverException: An unknown server-side error occurred while processing the command. Original error: 'POST /appium/tap' cannot be proxied to UiAutomator2 server because the instrumentation process is not running (probably crashed). Check the server log and/or the logcat output for more details
Build info: version: '3.141.59', revision: 'e82be7d358', time: '2018-11-14T08:25:53'
System info: host: '00139272s-MacBook-Pro.local', ip: '2001:e68:6167:d901:5dd8:2a3:885f:7e34%en0', os.name: 'Mac OS X', os.arch: 'x86_64', os.version: '10.16', java.version: '1.8.0_275'
Driver info: com.kms.katalon.core.appium.driver.SwipeableAndroidDriver
Capabilities {app: /Users/a00139272/Katalon St..., appActivity: com.maybank2u.life.MainActi..., appPackage: com.maybank2u.life.sit, appWaitActivity: *, autoGrantPermissions: true, automationName: uiautomator2, chromedriverPort: 52878, databaseEnabled: false, desired: {app: /Users/a00139272/Katalon St..., appActivity: com.maybank2u.life.MainActi..., appPackage: com.maybank2u.life.sit, appWaitActivity: *, autoGrantPermissions: true, automationName: uiautomator2, chromedriverPort: 52878, deviceId: 002b9cc60508, deviceName: Xiaomi 21061119AG (Android 11), fullReset: false, newCommandTimeout: 1800, noReset: true, platform: ANDROID, platformName: android, platformVersion: 11, systemPort: 52876, udid: 002b9cc60508}, deviceApiLevel: 30, deviceId: 002b9cc60508, deviceManufacturer: Xiaomi, deviceModel: 21061119AG, deviceName: 002b9cc60508, deviceScreenDensity: 440, deviceScreenSize: 1080x2400, deviceUDID: 002b9cc60508, fullReset: false, javascriptEnabled: true, locationContextEnabled: false, networkConnectionEnabled: true, newCommandTimeout: 1800, noReset: true, pixelRatio: 2.75, platform: ANDROID, platformName: Android, platformVersion: 11, statBarHeight: 103, systemPort: 52876, takesScreenshot: true, udid: 002b9cc60508, viewportRect: {height: 2064, left: 0, top: 103, width: 1080}, warnings: {}, webStorageEnabled: false}
Session ID: 07e0a906-f567-4646-abfd-84c6cc800d18
	at org.openqa.selenium.remote.http.W3CHttpResponseCodec.createException(W3CHttpResponseCodec.java:187)
	at org.openqa.selenium.remote.http.W3CHttpResponseCodec.decode(W3CHttpResponseCodec.java:122)
	at org.openqa.selenium.remote.http.W3CHttpResponseCodec.decode(W3CHttpResponseCodec.java:49)
	at org.openqa.selenium.remote.HttpCommandExecutor.execute(HttpCommandExecutor.java:158)
	at io.appium.java_client.remote.AppiumCommandExecutor.execute(AppiumCommandExecutor.java:239)
	at org.openqa.selenium.remote.RemoteWebDriver.execute(RemoteWebDriver.java:552)
	at io.appium.java_client.DefaultGenericMobileDriver.execute(DefaultGenericMobileDriver.java:42)
	at io.appium.java_client.AppiumDriver.execute(AppiumDriver.java:1)
	at io.appium.java_client.android.AndroidDriver.execute(AndroidDriver.java:1)
	at com.kms.katalon.core.appium.driver.SwipeableAndroidDriver.execute(SwipeableAndroidDriver.java:1)
	at io.appium.java_client.PerformsTouchActions.performTouchAction(PerformsTouchActions.java:41)
	at io.appium.java_client.TouchAction.perform(TouchAction.java:187)
	at com.kms.katalon.core.mobile.helper.MobileElementCommonHelper.tapAtPosition(MobileElementCommonHelper.java:370)
	at com.kms.katalon.core.mobile.keyword.builtin.TapAtPositionKeyword$_tapAtPosition_closure1.doCall(TapAtPositionKeyword.groovy:70)
	at com.kms.katalon.core.mobile.keyword.builtin.TapAtPositionKeyword$_tapAtPosition_closure1.call(TapAtPositionKeyword.groovy)
	at com.kms.katalon.core.mobile.keyword.internal.MobileKeywordMain.runKeyword(MobileKeywordMain.groovy:21)
	at com.kms.katalon.core.mobile.keyword.builtin.TapAtPositionKeyword.tapAtPosition(TapAtPositionKeyword.groovy:72)
	at com.kms.katalon.core.mobile.keyword.builtin.TapAtPositionKeyword.execute(TapAtPositionKeyword.groovy:64)
	at com.kms.katalon.core.keyword.internal.KeywordExecutor.executeKeywordForPlatform(KeywordExecutor.groovy:74)
	at com.kms.katalon.core.mobile.keyword.MobileBuiltInKeywords.tapAtPosition(MobileBuiltInKeywords.groovy:2610)
	at com.kms.katalon.core.mobile.keyword.MobileBuiltInKeywords$tapAtPosition$2.call(Unknown Source)
	at duitNow_mobileNumberFavTransaction.run(duitNow_mobileNumberFavTransaction:129)
	at com.kms.katalon.core.main.ScriptEngine.run(ScriptEngine.java:194)
	at com.kms.katalon.core.main.ScriptEngine.runScriptAsRawText(ScriptEngine.java:119)
	at com.kms.katalon.core.main.TestCaseExecutor.runScript(TestCaseExecutor.java:445)
	at com.kms.katalon.core.main.TestCaseExecutor.doExecute(TestCaseExecutor.java:436)
	at com.kms.katalon.core.main.TestCaseExecutor.processExecutionPhase(TestCaseExecutor.java:415)
	at com.kms.katalon.core.main.TestCaseExecutor.accessMainPhase(TestCaseExecutor.java:407)
	at com.kms.katalon.core.main.TestCaseExecutor.execute(TestCaseExecutor.java:284)
	at com.kms.katalon.core.common.CommonExecutor.accessTestCaseMainPhase(CommonExecutor.java:65)
	at com.kms.katalon.core.main.TestSuiteExecutor.accessTestSuiteMainPhase(TestSuiteExecutor.java:144)
	at com.kms.katalon.core.main.TestSuiteExecutor.execute(TestSuiteExecutor.java:106)
	at com.kms.katalon.core.main.TestCaseMain.startTestSuite(TestCaseMain.java:185)
	at com.kms.katalon.core.main.TestCaseMain$startTestSuite$0.call(Unknown Source)
	at TempTestSuite1655885093224.run(TempTestSuite1655885093224.groovy:36)
)

2022-06-22 16:49:19 - [MESSAGE][FAILED] - Failed to tap at [0, 0] (Root cause: org.openqa.selenium.WebDriverException: An unknown server-side error occurred while processing the command. Original error: 'POST /appium/tap' cannot be proxied to UiAutomator2 server because the instrumentation process is not running (probably crashed). Check the server log and/or the logcat output for more details
Build info: version: '3.141.59', revision: 'e82be7d358', time: '2018-11-14T08:25:53'
System info: host: '00139272s-MacBook-Pro.local', ip: '2001:e68:6167:d901:5dd8:2a3:885f:7e34%en0', os.name: 'Mac OS X', os.arch: 'x86_64', os.version: '10.16', java.version: '1.8.0_275'
Driver info: com.kms.katalon.core.appium.driver.SwipeableAndroidDriver
Capabilities {app: /Users/a00139272/Katalon St..., appActivity: com.maybank2u.life.MainActi..., appPackage: com.maybank2u.life.sit, appWaitActivity: *, autoGrantPermissions: true, automationName: uiautomator2, chromedriverPort: 52878, databaseEnabled: false, desired: {app: /Users/a00139272/Katalon St..., appActivity: com.maybank2u.life.MainActi..., appPackage: com.maybank2u.life.sit, appWaitActivity: *, autoGrantPermissions: true, automationName: uiautomator2, chromedriverPort: 52878, deviceId: 002b9cc60508, deviceName: Xiaomi 21061119AG (Android 11), fullReset: false, newCommandTimeout: 1800, noReset: true, platform: ANDROID, platformName: android, platformVersion: 11, systemPort: 52876, udid: 002b9cc60508}, deviceApiLevel: 30, deviceId: 002b9cc60508, deviceManufacturer: Xiaomi, deviceModel: 21061119AG, deviceName: 002b9cc60508, deviceScreenDensity: 440, deviceScreenSize: 1080x2400, deviceUDID: 002b9cc60508, fullReset: false, javascriptEnabled: true, locationContextEnabled: false, networkConnectionEnabled: true, newCommandTimeout: 1800, noReset: true, pixelRatio: 2.75, platform: ANDROID, platformName: Android, platformVersion: 11, statBarHeight: 103, systemPort: 52876, takesScreenshot: true, udid: 002b9cc60508, viewportRect: {height: 2064, left: 0, top: 103, width: 1080}, warnings: {}, webStorageEnabled: false}
Session ID: 07e0a906-f567-4646-abfd-84c6cc800d18
	at org.openqa.selenium.remote.http.W3CHttpResponseCodec.createException(W3CHttpResponseCodec.java:187)
	at org.openqa.selenium.remote.http.W3CHttpResponseCodec.decode(W3CHttpResponseCodec.java:122)
	at org.openqa.selenium.remote.http.W3CHttpResponseCodec.decode(W3CHttpResponseCodec.java:49)
	at org.openqa.selenium.remote.HttpCommandExecutor.execute(HttpCommandExecutor.java:158)
	at io.appium.java_client.remote.AppiumCommandExecutor.execute(AppiumCommandExecutor.java:239)
	at org.openqa.selenium.remote.RemoteWebDriver.execute(RemoteWebDriver.java:552)
	at io.appium.java_client.DefaultGenericMobileDriver.execute(DefaultGenericMobileDriver.java:42)
	at io.appium.java_client.AppiumDriver.execute(AppiumDriver.java:1)
	at io.appium.java_client.android.AndroidDriver.execute(AndroidDriver.java:1)
	at com.kms.katalon.core.appium.driver.SwipeableAndroidDriver.execute(SwipeableAndroidDriver.java:1)
	at io.appium.java_client.PerformsTouchActions.performTouchAction(PerformsTouchActions.java:41)
	at io.appium.java_client.TouchAction.perform(TouchAction.java:187)
	at com.kms.katalon.core.mobile.helper.MobileElementCommonHelper.tapAtPosition(MobileElementCommonHelper.java:370)
	at com.kms.katalon.core.mobile.keyword.builtin.TapAtPositionKeyword$_tapAtPosition_closure1.doCall(TapAtPositionKeyword.groovy:70)
	at com.kms.katalon.core.mobile.keyword.builtin.TapAtPositionKeyword$_tapAtPosition_closure1.call(TapAtPositionKeyword.groovy)
	at com.kms.katalon.core.mobile.keyword.internal.MobileKeywordMain.runKeyword(MobileKeywordMain.groovy:21)
	at com.kms.katalon.core.mobile.keyword.builtin.TapAtPositionKeyword.tapAtPosition(TapAtPositionKeyword.groovy:72)
	at com.kms.katalon.core.mobile.keyword.builtin.TapAtPositionKeyword.execute(TapAtPositionKeyword.groovy:64)
	at com.kms.katalon.core.keyword.internal.KeywordExecutor.executeKeywordForPlatform(KeywordExecutor.groovy:74)
	at com.kms.katalon.core.mobile.keyword.MobileBuiltInKeywords.tapAtPosition(MobileBuiltInKeywords.groovy:2610)
	at com.kms.katalon.core.mobile.keyword.MobileBuiltInKeywords$tapAtPosition$2.call(Unknown Source)
	at duitNow_mobileNumberFavTransaction.run(duitNow_mobileNumberFavTransaction:129)
	at com.kms.katalon.core.main.ScriptEngine.run(ScriptEngine.java:194)
	at com.kms.katalon.core.main.ScriptEngine.runScriptAsRawText(ScriptEngine.java:119)
	at com.kms.katalon.core.main.TestCaseExecutor.runScript(TestCaseExecutor.java:445)
	at com.kms.katalon.core.main.TestCaseExecutor.doExecute(TestCaseExecutor.java:436)
	at com.kms.katalon.core.main.TestCaseExecutor.processExecutionPhase(TestCaseExecutor.java:415)
	at com.kms.katalon.core.main.TestCaseExecutor.accessMainPhase(TestCaseExecutor.java:407)
	at com.kms.katalon.core.main.TestCaseExecutor.execute(TestCaseExecutor.java:284)
	at com.kms.katalon.core.common.CommonExecutor.accessTestCaseMainPhase(CommonExecutor.java:65)
	at com.kms.katalon.core.main.TestSuiteExecutor.accessTestSuiteMainPhase(TestSuiteExecutor.java:144)
	at com.kms.katalon.core.main.TestSuiteExecutor.execute(TestSuiteExecutor.java:106)
	at com.kms.katalon.core.main.TestCaseMain.startTestSuite(TestCaseMain.java:185)
	at com.kms.katalon.core.main.TestCaseMain$startTestSuite$0.call(Unknown Source)
	at TempTestSuite1655885093224.run(TempTestSuite1655885093224.groovy:36)
)

2022-06-22 16:49:19 - [TEST_STEP][FAILED] - for ([i = 0, i < length, (i++)]): null

2022-06-22 16:49:19 - [TEST_STEP][PASSED] - if (trxAmount[i] == "0"): null

2022-06-22 16:49:19 - [TEST_STEP][PASSED] - if (trxAmount[i] == "1"): null

2022-06-22 16:49:19 - [TEST_STEP][FAILED] - if (trxAmount[i] == "2"): Failed to tap on element 'Object Repository/Login Onboarding/PIN2' (Root cause: org.openqa.selenium.WebDriverException: An unknown server-side error occurred while processing the command. Original error: 'GET /window/current/size' cannot be proxied to UiAutomator2 server because the instrumentation process is not running (probably crashed). Check the server log and/or the logcat output for more details
Build info: version: '3.141.59', revision: 'e82be7d358', time: '2018-11-14T08:25:53'
System info: host: '00139272s-MacBook-Pro.local', ip: '2001:e68:6167:d901:5dd8:2a3:885f:7e34%en0', os.name: 'Mac OS X', os.arch: 'x86_64', os.version: '10.16', java.version: '1.8.0_275'
Driver info: com.kms.katalon.core.appium.driver.SwipeableAndroidDriver
Capabilities {app: /Users/a00139272/Katalon St..., appActivity: com.maybank2u.life.MainActi..., appPackage: com.maybank2u.life.sit, appWaitActivity: *, autoGrantPermissions: true, automationName: uiautomator2, chromedriverPort: 52878, databaseEnabled: false, desired: {app: /Users/a00139272/Katalon St..., appActivity: com.maybank2u.life.MainActi..., appPackage: com.maybank2u.life.sit, appWaitActivity: *, autoGrantPermissions: true, automationName: uiautomator2, chromedriverPort: 52878, deviceId: 002b9cc60508, deviceName: Xiaomi 21061119AG (Android 11), fullReset: false, newCommandTimeout: 1800, noReset: true, platform: ANDROID, platformName: android, platformVersion: 11, systemPort: 52876, udid: 002b9cc60508}, deviceApiLevel: 30, deviceId: 002b9cc60508, deviceManufacturer: Xiaomi, deviceModel: 21061119AG, deviceName: 002b9cc60508, deviceScreenDensity: 440, deviceScreenSize: 1080x2400, deviceUDID: 002b9cc60508, fullReset: false, javascriptEnabled: true, locationContextEnabled: false, networkConnectionEnabled: true, newCommandTimeout: 1800, noReset: true, pixelRatio: 2.75, platform: ANDROID, platformName: Android, platformVersion: 11, statBarHeight: 103, systemPort: 52876, takesScreenshot: true, udid: 002b9cc60508, viewportRect: {height: 2064, left: 0, top: 103, width: 1080}, warnings: {}, webStorageEnabled: false}
Session ID: 07e0a906-f567-4646-abfd-84c6cc800d18
	at org.openqa.selenium.remote.http.W3CHttpResponseCodec.createException(W3CHttpResponseCodec.java:187)
	at org.openqa.selenium.remote.http.W3CHttpResponseCodec.decode(W3CHttpResponseCodec.java:122)
	at org.openqa.selenium.remote.http.W3CHttpResponseCodec.decode(W3CHttpResponseCodec.java:49)
	at org.openqa.selenium.remote.HttpCommandExecutor.execute(HttpCommandExecutor.java:158)
	at io.appium.java_client.remote.AppiumCommandExecutor.execute(AppiumCommandExecutor.java:239)
	at org.openqa.selenium.remote.RemoteWebDriver.execute(RemoteWebDriver.java:552)
	at io.appium.java_client.DefaultGenericMobileDriver.execute(DefaultGenericMobileDriver.java:46)
	at io.appium.java_client.AppiumDriver.execute(AppiumDriver.java:1)
	at io.appium.java_client.android.AndroidDriver.execute(AndroidDriver.java:1)
	at com.kms.katalon.core.appium.driver.SwipeableAndroidDriver.execute(SwipeableAndroidDriver.java:1)
	at org.openqa.selenium.remote.RemoteWebDriver$RemoteWebDriverOptions$RemoteWindow.getSize(RemoteWebDriver.java:813)
	at org.openqa.selenium.WebDriver$Window$getSize.call(Unknown Source)
	at com.kms.katalon.core.mobile.keyword.internal.MobileAbstractKeyword.findElement(MobileAbstractKeyword.groovy:81)
	at com.kms.katalon.core.mobile.keyword.builtin.TapKeyword.access$1(TapKeyword.groovy)
	at com.kms.katalon.core.mobile.keyword.builtin.TapKeyword$_tap_closure1.doCall(TapKeyword.groovy:76)
	at com.kms.katalon.core.mobile.keyword.builtin.TapKeyword$_tap_closure1.call(TapKeyword.groovy)
	at com.kms.katalon.core.mobile.keyword.internal.MobileKeywordMain.runKeyword(MobileKeywordMain.groovy:21)
	at com.kms.katalon.core.mobile.keyword.builtin.TapKeyword.tap(TapKeyword.groovy:84)
	at com.kms.katalon.core.mobile.keyword.builtin.TapKeyword.execute(TapKeyword.groovy:68)
	at com.kms.katalon.core.keyword.internal.KeywordExecutor.executeKeywordForPlatform(KeywordExecutor.groovy:74)
	at com.kms.katalon.core.mobile.keyword.MobileBuiltInKeywords.tap(MobileBuiltInKeywords.groovy:1490)
	at com.kms.katalon.core.mobile.keyword.MobileBuiltInKeywords$tap$4.call(Unknown Source)
	at duitNow_mobileNumberFavTransaction.run(duitNow_mobileNumberFavTransaction:141)
	at com.kms.katalon.core.main.ScriptEngine.run(ScriptEngine.java:194)
	at com.kms.katalon.core.main.ScriptEngine.runScriptAsRawText(ScriptEngine.java:119)
	at com.kms.katalon.core.main.TestCaseExecutor.runScript(TestCaseExecutor.java:445)
	at com.kms.katalon.core.main.TestCaseExecutor.doExecute(TestCaseExecutor.java:436)
	at com.kms.katalon.core.main.TestCaseExecutor.processExecutionPhase(TestCaseExecutor.java:415)
	at com.kms.katalon.core.main.TestCaseExecutor.accessMainPhase(TestCaseExecutor.java:407)
	at com.kms.katalon.core.main.TestCaseExecutor.execute(TestCaseExecutor.java:284)
	at com.kms.katalon.core.common.CommonExecutor.accessTestCaseMainPhase(CommonExecutor.java:65)
	at com.kms.katalon.core.main.TestSuiteExecutor.accessTestSuiteMainPhase(TestSuiteExecutor.java:144)
	at com.kms.katalon.core.main.TestSuiteExecutor.execute(TestSuiteExecutor.java:106)
	at com.kms.katalon.core.main.TestCaseMain.startTestSuite(TestCaseMain.java:185)
	at com.kms.katalon.core.main.TestCaseMain$startTestSuite$0.call(Unknown Source)
	at TempTestSuite1655885093224.run(TempTestSuite1655885093224.groovy:36)
)

2022-06-22 16:49:19 - [TEST_STEP][FAILED] - tap(findTestObject("Login Onboarding/PIN2"), 0): Failed to tap on element 'Object Repository/Login Onboarding/PIN2' (Root cause: org.openqa.selenium.WebDriverException: An unknown server-side error occurred while processing the command. Original error: 'GET /window/current/size' cannot be proxied to UiAutomator2 server because the instrumentation process is not running (probably crashed). Check the server log and/or the logcat output for more details
Build info: version: '3.141.59', revision: 'e82be7d358', time: '2018-11-14T08:25:53'
System info: host: '00139272s-MacBook-Pro.local', ip: '2001:e68:6167:d901:5dd8:2a3:885f:7e34%en0', os.name: 'Mac OS X', os.arch: 'x86_64', os.version: '10.16', java.version: '1.8.0_275'
Driver info: com.kms.katalon.core.appium.driver.SwipeableAndroidDriver
Capabilities {app: /Users/a00139272/Katalon St..., appActivity: com.maybank2u.life.MainActi..., appPackage: com.maybank2u.life.sit, appWaitActivity: *, autoGrantPermissions: true, automationName: uiautomator2, chromedriverPort: 52878, databaseEnabled: false, desired: {app: /Users/a00139272/Katalon St..., appActivity: com.maybank2u.life.MainActi..., appPackage: com.maybank2u.life.sit, appWaitActivity: *, autoGrantPermissions: true, automationName: uiautomator2, chromedriverPort: 52878, deviceId: 002b9cc60508, deviceName: Xiaomi 21061119AG (Android 11), fullReset: false, newCommandTimeout: 1800, noReset: true, platform: ANDROID, platformName: android, platformVersion: 11, systemPort: 52876, udid: 002b9cc60508}, deviceApiLevel: 30, deviceId: 002b9cc60508, deviceManufacturer: Xiaomi, deviceModel: 21061119AG, deviceName: 002b9cc60508, deviceScreenDensity: 440, deviceScreenSize: 1080x2400, deviceUDID: 002b9cc60508, fullReset: false, javascriptEnabled: true, locationContextEnabled: false, networkConnectionEnabled: true, newCommandTimeout: 1800, noReset: true, pixelRatio: 2.75, platform: ANDROID, platformName: Android, platformVersion: 11, statBarHeight: 103, systemPort: 52876, takesScreenshot: true, udid: 002b9cc60508, viewportRect: {height: 2064, left: 0, top: 103, width: 1080}, warnings: {}, webStorageEnabled: false}
Session ID: 07e0a906-f567-4646-abfd-84c6cc800d18
	at org.openqa.selenium.remote.http.W3CHttpResponseCodec.createException(W3CHttpResponseCodec.java:187)
	at org.openqa.selenium.remote.http.W3CHttpResponseCodec.decode(W3CHttpResponseCodec.java:122)
	at org.openqa.selenium.remote.http.W3CHttpResponseCodec.decode(W3CHttpResponseCodec.java:49)
	at org.openqa.selenium.remote.HttpCommandExecutor.execute(HttpCommandExecutor.java:158)
	at io.appium.java_client.remote.AppiumCommandExecutor.execute(AppiumCommandExecutor.java:239)
	at org.openqa.selenium.remote.RemoteWebDriver.execute(RemoteWebDriver.java:552)
	at io.appium.java_client.DefaultGenericMobileDriver.execute(DefaultGenericMobileDriver.java:46)
	at io.appium.java_client.AppiumDriver.execute(AppiumDriver.java:1)
	at io.appium.java_client.android.AndroidDriver.execute(AndroidDriver.java:1)
	at com.kms.katalon.core.appium.driver.SwipeableAndroidDriver.execute(SwipeableAndroidDriver.java:1)
	at org.openqa.selenium.remote.RemoteWebDriver$RemoteWebDriverOptions$RemoteWindow.getSize(RemoteWebDriver.java:813)
	at org.openqa.selenium.WebDriver$Window$getSize.call(Unknown Source)
	at com.kms.katalon.core.mobile.keyword.internal.MobileAbstractKeyword.findElement(MobileAbstractKeyword.groovy:81)
	at com.kms.katalon.core.mobile.keyword.builtin.TapKeyword.access$1(TapKeyword.groovy)
	at com.kms.katalon.core.mobile.keyword.builtin.TapKeyword$_tap_closure1.doCall(TapKeyword.groovy:76)
	at com.kms.katalon.core.mobile.keyword.builtin.TapKeyword$_tap_closure1.call(TapKeyword.groovy)
	at com.kms.katalon.core.mobile.keyword.internal.MobileKeywordMain.runKeyword(MobileKeywordMain.groovy:21)
	at com.kms.katalon.core.mobile.keyword.builtin.TapKeyword.tap(TapKeyword.groovy:84)
	at com.kms.katalon.core.mobile.keyword.builtin.TapKeyword.execute(TapKeyword.groovy:68)
	at com.kms.katalon.core.keyword.internal.KeywordExecutor.executeKeywordForPlatform(KeywordExecutor.groovy:74)
	at com.kms.katalon.core.mobile.keyword.MobileBuiltInKeywords.tap(MobileBuiltInKeywords.groovy:1490)
	at com.kms.katalon.core.mobile.keyword.MobileBuiltInKeywords$tap$4.call(Unknown Source)
	at duitNow_mobileNumberFavTransaction.run(duitNow_mobileNumberFavTransaction:141)
	at com.kms.katalon.core.main.ScriptEngine.run(ScriptEngine.java:194)
	at com.kms.katalon.core.main.ScriptEngine.runScriptAsRawText(ScriptEngine.java:119)
	at com.kms.katalon.core.main.TestCaseExecutor.runScript(TestCaseExecutor.java:445)
	at com.kms.katalon.core.main.TestCaseExecutor.doExecute(TestCaseExecutor.java:436)
	at com.kms.katalon.core.main.TestCaseExecutor.processExecutionPhase(TestCaseExecutor.java:415)
	at com.kms.katalon.core.main.TestCaseExecutor.accessMainPhase(TestCaseExecutor.java:407)
	at com.kms.katalon.core.main.TestCaseExecutor.execute(TestCaseExecutor.java:284)
	at com.kms.katalon.core.common.CommonExecutor.accessTestCaseMainPhase(CommonExecutor.java:65)
	at com.kms.katalon.core.main.TestSuiteExecutor.accessTestSuiteMainPhase(TestSuiteExecutor.java:144)
	at com.kms.katalon.core.main.TestSuiteExecutor.execute(TestSuiteExecutor.java:106)
	at com.kms.katalon.core.main.TestCaseMain.startTestSuite(TestCaseMain.java:185)
	at com.kms.katalon.core.main.TestCaseMain$startTestSuite$0.call(Unknown Source)
	at TempTestSuite1655885093224.run(TempTestSuite1655885093224.groovy:36)
)

2022-06-22 16:49:20 - [MESSAGE][WARNING] - Timeout '0' is invalid. Using default page load timeout: '40'

2022-06-22 16:49:20 - [MESSAGE][FAILED] - Failed to tap on element 'Object Repository/Login Onboarding/PIN2' (Root cause: org.openqa.selenium.WebDriverException: An unknown server-side error occurred while processing the command. Original error: 'GET /window/current/size' cannot be proxied to UiAutomator2 server because the instrumentation process is not running (probably crashed). Check the server log and/or the logcat output for more details
Build info: version: '3.141.59', revision: 'e82be7d358', time: '2018-11-14T08:25:53'
System info: host: '00139272s-MacBook-Pro.local', ip: '2001:e68:6167:d901:5dd8:2a3:885f:7e34%en0', os.name: 'Mac OS X', os.arch: 'x86_64', os.version: '10.16', java.version: '1.8.0_275'
Driver info: com.kms.katalon.core.appium.driver.SwipeableAndroidDriver
Capabilities {app: /Users/a00139272/Katalon St..., appActivity: com.maybank2u.life.MainActi..., appPackage: com.maybank2u.life.sit, appWaitActivity: *, autoGrantPermissions: true, automationName: uiautomator2, chromedriverPort: 52878, databaseEnabled: false, desired: {app: /Users/a00139272/Katalon St..., appActivity: com.maybank2u.life.MainActi..., appPackage: com.maybank2u.life.sit, appWaitActivity: *, autoGrantPermissions: true, automationName: uiautomator2, chromedriverPort: 52878, deviceId: 002b9cc60508, deviceName: Xiaomi 21061119AG (Android 11), fullReset: false, newCommandTimeout: 1800, noReset: true, platform: ANDROID, platformName: android, platformVersion: 11, systemPort: 52876, udid: 002b9cc60508}, deviceApiLevel: 30, deviceId: 002b9cc60508, deviceManufacturer: Xiaomi, deviceModel: 21061119AG, deviceName: 002b9cc60508, deviceScreenDensity: 440, deviceScreenSize: 1080x2400, deviceUDID: 002b9cc60508, fullReset: false, javascriptEnabled: true, locationContextEnabled: false, networkConnectionEnabled: true, newCommandTimeout: 1800, noReset: true, pixelRatio: 2.75, platform: ANDROID, platformName: Android, platformVersion: 11, statBarHeight: 103, systemPort: 52876, takesScreenshot: true, udid: 002b9cc60508, viewportRect: {height: 2064, left: 0, top: 103, width: 1080}, warnings: {}, webStorageEnabled: false}
Session ID: 07e0a906-f567-4646-abfd-84c6cc800d18
	at org.openqa.selenium.remote.http.W3CHttpResponseCodec.createException(W3CHttpResponseCodec.java:187)
	at org.openqa.selenium.remote.http.W3CHttpResponseCodec.decode(W3CHttpResponseCodec.java:122)
	at org.openqa.selenium.remote.http.W3CHttpResponseCodec.decode(W3CHttpResponseCodec.java:49)
	at org.openqa.selenium.remote.HttpCommandExecutor.execute(HttpCommandExecutor.java:158)
	at io.appium.java_client.remote.AppiumCommandExecutor.execute(AppiumCommandExecutor.java:239)
	at org.openqa.selenium.remote.RemoteWebDriver.execute(RemoteWebDriver.java:552)
	at io.appium.java_client.DefaultGenericMobileDriver.execute(DefaultGenericMobileDriver.java:46)
	at io.appium.java_client.AppiumDriver.execute(AppiumDriver.java:1)
	at io.appium.java_client.android.AndroidDriver.execute(AndroidDriver.java:1)
	at com.kms.katalon.core.appium.driver.SwipeableAndroidDriver.execute(SwipeableAndroidDriver.java:1)
	at org.openqa.selenium.remote.RemoteWebDriver$RemoteWebDriverOptions$RemoteWindow.getSize(RemoteWebDriver.java:813)
	at org.openqa.selenium.WebDriver$Window$getSize.call(Unknown Source)
	at com.kms.katalon.core.mobile.keyword.internal.MobileAbstractKeyword.findElement(MobileAbstractKeyword.groovy:81)
	at com.kms.katalon.core.mobile.keyword.builtin.TapKeyword.access$1(TapKeyword.groovy)
	at com.kms.katalon.core.mobile.keyword.builtin.TapKeyword$_tap_closure1.doCall(TapKeyword.groovy:76)
	at com.kms.katalon.core.mobile.keyword.builtin.TapKeyword$_tap_closure1.call(TapKeyword.groovy)
	at com.kms.katalon.core.mobile.keyword.internal.MobileKeywordMain.runKeyword(MobileKeywordMain.groovy:21)
	at com.kms.katalon.core.mobile.keyword.builtin.TapKeyword.tap(TapKeyword.groovy:84)
	at com.kms.katalon.core.mobile.keyword.builtin.TapKeyword.execute(TapKeyword.groovy:68)
	at com.kms.katalon.core.keyword.internal.KeywordExecutor.executeKeywordForPlatform(KeywordExecutor.groovy:74)
	at com.kms.katalon.core.mobile.keyword.MobileBuiltInKeywords.tap(MobileBuiltInKeywords.groovy:1490)
	at com.kms.katalon.core.mobile.keyword.MobileBuiltInKeywords$tap$4.call(Unknown Source)
	at duitNow_mobileNumberFavTransaction.run(duitNow_mobileNumberFavTransaction:141)
	at com.kms.katalon.core.main.ScriptEngine.run(ScriptEngine.java:194)
	at com.kms.katalon.core.main.ScriptEngine.runScriptAsRawText(ScriptEngine.java:119)
	at com.kms.katalon.core.main.TestCaseExecutor.runScript(TestCaseExecutor.java:445)
	at com.kms.katalon.core.main.TestCaseExecutor.doExecute(TestCaseExecutor.java:436)
	at com.kms.katalon.core.main.TestCaseExecutor.processExecutionPhase(TestCaseExecutor.java:415)
	at com.kms.katalon.core.main.TestCaseExecutor.accessMainPhase(TestCaseExecutor.java:407)
	at com.kms.katalon.core.main.TestCaseExecutor.execute(TestCaseExecutor.java:284)
	at com.kms.katalon.core.common.CommonExecutor.accessTestCaseMainPhase(CommonExecutor.java:65)
	at com.kms.katalon.core.main.TestSuiteExecutor.accessTestSuiteMainPhase(TestSuiteExecutor.java:144)
	at com.kms.katalon.core.main.TestSuiteExecutor.execute(TestSuiteExecutor.java:106)
	at com.kms.katalon.core.main.TestCaseMain.startTestSuite(TestCaseMain.java:185)
	at com.kms.katalon.core.main.TestCaseMain$startTestSuite$0.call(Unknown Source)
	at TempTestSuite1655885093224.run(TempTestSuite1655885093224.groovy:36)
)

2022-06-22 16:49:20 - [TEST_STEP][PASSED] - if (trxAmount[i] == "3"): null

2022-06-22 16:49:20 - [TEST_STEP][PASSED] - if (trxAmount[i] == "4"): null

2022-06-22 16:49:20 - [TEST_STEP][PASSED] - if (trxAmount[i] == "5"): null

2022-06-22 16:49:20 - [TEST_STEP][PASSED] - if (trxAmount[i] == "6"): null

2022-06-22 16:49:20 - [TEST_STEP][PASSED] - if (trxAmount[i] == "7"): null

2022-06-22 16:49:20 - [TEST_STEP][PASSED] - if (trxAmount[i] == "8"): null

2022-06-22 16:49:20 - [TEST_STEP][PASSED] - if (trxAmount[i] == "9"): null

2022-06-22 16:49:20 - [TEST_STEP][FAILED] - if (trxAmount[i] == "0"): Failed to tap on element 'Object Repository/Login Onboarding/PIN0' (Root cause: org.openqa.selenium.WebDriverException: An unknown server-side error occurred while processing the command. Original error: 'GET /window/current/size' cannot be proxied to UiAutomator2 server because the instrumentation process is not running (probably crashed). Check the server log and/or the logcat output for more details
Build info: version: '3.141.59', revision: 'e82be7d358', time: '2018-11-14T08:25:53'
System info: host: '00139272s-MacBook-Pro.local', ip: '2001:e68:6167:d901:5dd8:2a3:885f:7e34%en0', os.name: 'Mac OS X', os.arch: 'x86_64', os.version: '10.16', java.version: '1.8.0_275'
Driver info: com.kms.katalon.core.appium.driver.SwipeableAndroidDriver
Capabilities {app: /Users/a00139272/Katalon St..., appActivity: com.maybank2u.life.MainActi..., appPackage: com.maybank2u.life.sit, appWaitActivity: *, autoGrantPermissions: true, automationName: uiautomator2, chromedriverPort: 52878, databaseEnabled: false, desired: {app: /Users/a00139272/Katalon St..., appActivity: com.maybank2u.life.MainActi..., appPackage: com.maybank2u.life.sit, appWaitActivity: *, autoGrantPermissions: true, automationName: uiautomator2, chromedriverPort: 52878, deviceId: 002b9cc60508, deviceName: Xiaomi 21061119AG (Android 11), fullReset: false, newCommandTimeout: 1800, noReset: true, platform: ANDROID, platformName: android, platformVersion: 11, systemPort: 52876, udid: 002b9cc60508}, deviceApiLevel: 30, deviceId: 002b9cc60508, deviceManufacturer: Xiaomi, deviceModel: 21061119AG, deviceName: 002b9cc60508, deviceScreenDensity: 440, deviceScreenSize: 1080x2400, deviceUDID: 002b9cc60508, fullReset: false, javascriptEnabled: true, locationContextEnabled: false, networkConnectionEnabled: true, newCommandTimeout: 1800, noReset: true, pixelRatio: 2.75, platform: ANDROID, platformName: Android, platformVersion: 11, statBarHeight: 103, systemPort: 52876, takesScreenshot: true, udid: 002b9cc60508, viewportRect: {height: 2064, left: 0, top: 103, width: 1080}, warnings: {}, webStorageEnabled: false}
Session ID: 07e0a906-f567-4646-abfd-84c6cc800d18
	at org.openqa.selenium.remote.http.W3CHttpResponseCodec.createException(W3CHttpResponseCodec.java:187)
	at org.openqa.selenium.remote.http.W3CHttpResponseCodec.decode(W3CHttpResponseCodec.java:122)
	at org.openqa.selenium.remote.http.W3CHttpResponseCodec.decode(W3CHttpResponseCodec.java:49)
	at org.openqa.selenium.remote.HttpCommandExecutor.execute(HttpCommandExecutor.java:158)
	at io.appium.java_client.remote.AppiumCommandExecutor.execute(AppiumCommandExecutor.java:239)
	at org.openqa.selenium.remote.RemoteWebDriver.execute(RemoteWebDriver.java:552)
	at io.appium.java_client.DefaultGenericMobileDriver.execute(DefaultGenericMobileDriver.java:46)
	at io.appium.java_client.AppiumDriver.execute(AppiumDriver.java:1)
	at io.appium.java_client.android.AndroidDriver.execute(AndroidDriver.java:1)
	at com.kms.katalon.core.appium.driver.SwipeableAndroidDriver.execute(SwipeableAndroidDriver.java:1)
	at org.openqa.selenium.remote.RemoteWebDriver$RemoteWebDriverOptions$RemoteWindow.getSize(RemoteWebDriver.java:813)
	at org.openqa.selenium.WebDriver$Window$getSize.call(Unknown Source)
	at com.kms.katalon.core.mobile.keyword.internal.MobileAbstractKeyword.findElement(MobileAbstractKeyword.groovy:81)
	at com.kms.katalon.core.mobile.keyword.builtin.TapKeyword.access$1(TapKeyword.groovy)
	at com.kms.katalon.core.mobile.keyword.builtin.TapKeyword$_tap_closure1.doCall(TapKeyword.groovy:76)
	at com.kms.katalon.core.mobile.keyword.builtin.TapKeyword$_tap_closure1.call(TapKeyword.groovy)
	at com.kms.katalon.core.mobile.keyword.internal.MobileKeywordMain.runKeyword(MobileKeywordMain.groovy:21)
	at com.kms.katalon.core.mobile.keyword.builtin.TapKeyword.tap(TapKeyword.groovy:84)
	at com.kms.katalon.core.mobile.keyword.builtin.TapKeyword.execute(TapKeyword.groovy:68)
	at com.kms.katalon.core.keyword.internal.KeywordExecutor.executeKeywordForPlatform(KeywordExecutor.groovy:74)
	at com.kms.katalon.core.mobile.keyword.MobileBuiltInKeywords.tap(MobileBuiltInKeywords.groovy:1490)
	at com.kms.katalon.core.mobile.keyword.MobileBuiltInKeywords$tap$4.call(Unknown Source)
	at duitNow_mobileNumberFavTransaction.run(duitNow_mobileNumberFavTransaction:133)
	at com.kms.katalon.core.main.ScriptEngine.run(ScriptEngine.java:194)
	at com.kms.katalon.core.main.ScriptEngine.runScriptAsRawText(ScriptEngine.java:119)
	at com.kms.katalon.core.main.TestCaseExecutor.runScript(TestCaseExecutor.java:445)
	at com.kms.katalon.core.main.TestCaseExecutor.doExecute(TestCaseExecutor.java:436)
	at com.kms.katalon.core.main.TestCaseExecutor.processExecutionPhase(TestCaseExecutor.java:415)
	at com.kms.katalon.core.main.TestCaseExecutor.accessMainPhase(TestCaseExecutor.java:407)
	at com.kms.katalon.core.main.TestCaseExecutor.execute(TestCaseExecutor.java:284)
	at com.kms.katalon.core.common.CommonExecutor.accessTestCaseMainPhase(CommonExecutor.java:65)
	at com.kms.katalon.core.main.TestSuiteExecutor.accessTestSuiteMainPhase(TestSuiteExecutor.java:144)
	at com.kms.katalon.core.main.TestSuiteExecutor.execute(TestSuiteExecutor.java:106)
	at com.kms.katalon.core.main.TestCaseMain.startTestSuite(TestCaseMain.java:185)
	at com.kms.katalon.core.main.TestCaseMain$startTestSuite$0.call(Unknown Source)
	at TempTestSuite1655885093224.run(TempTestSuite1655885093224.groovy:36)
)

2022-06-22 16:49:20 - [TEST_STEP][FAILED] - tap(findTestObject("Login Onboarding/PIN0"), 0): Failed to tap on element 'Object Repository/Login Onboarding/PIN0' (Root cause: org.openqa.selenium.WebDriverException: An unknown server-side error occurred while processing the command. Original error: 'GET /window/current/size' cannot be proxied to UiAutomator2 server because the instrumentation process is not running (probably crashed). Check the server log and/or the logcat output for more details
Build info: version: '3.141.59', revision: 'e82be7d358', time: '2018-11-14T08:25:53'
System info: host: '00139272s-MacBook-Pro.local', ip: '2001:e68:6167:d901:5dd8:2a3:885f:7e34%en0', os.name: 'Mac OS X', os.arch: 'x86_64', os.version: '10.16', java.version: '1.8.0_275'
Driver info: com.kms.katalon.core.appium.driver.SwipeableAndroidDriver
Capabilities {app: /Users/a00139272/Katalon St..., appActivity: com.maybank2u.life.MainActi..., appPackage: com.maybank2u.life.sit, appWaitActivity: *, autoGrantPermissions: true, automationName: uiautomator2, chromedriverPort: 52878, databaseEnabled: false, desired: {app: /Users/a00139272/Katalon St..., appActivity: com.maybank2u.life.MainActi..., appPackage: com.maybank2u.life.sit, appWaitActivity: *, autoGrantPermissions: true, automationName: uiautomator2, chromedriverPort: 52878, deviceId: 002b9cc60508, deviceName: Xiaomi 21061119AG (Android 11), fullReset: false, newCommandTimeout: 1800, noReset: true, platform: ANDROID, platformName: android, platformVersion: 11, systemPort: 52876, udid: 002b9cc60508}, deviceApiLevel: 30, deviceId: 002b9cc60508, deviceManufacturer: Xiaomi, deviceModel: 21061119AG, deviceName: 002b9cc60508, deviceScreenDensity: 440, deviceScreenSize: 1080x2400, deviceUDID: 002b9cc60508, fullReset: false, javascriptEnabled: true, locationContextEnabled: false, networkConnectionEnabled: true, newCommandTimeout: 1800, noReset: true, pixelRatio: 2.75, platform: ANDROID, platformName: Android, platformVersion: 11, statBarHeight: 103, systemPort: 52876, takesScreenshot: true, udid: 002b9cc60508, viewportRect: {height: 2064, left: 0, top: 103, width: 1080}, warnings: {}, webStorageEnabled: false}
Session ID: 07e0a906-f567-4646-abfd-84c6cc800d18
	at org.openqa.selenium.remote.http.W3CHttpResponseCodec.createException(W3CHttpResponseCodec.java:187)
	at org.openqa.selenium.remote.http.W3CHttpResponseCodec.decode(W3CHttpResponseCodec.java:122)
	at org.openqa.selenium.remote.http.W3CHttpResponseCodec.decode(W3CHttpResponseCodec.java:49)
	at org.openqa.selenium.remote.HttpCommandExecutor.execute(HttpCommandExecutor.java:158)
	at io.appium.java_client.remote.AppiumCommandExecutor.execute(AppiumCommandExecutor.java:239)
	at org.openqa.selenium.remote.RemoteWebDriver.execute(RemoteWebDriver.java:552)
	at io.appium.java_client.DefaultGenericMobileDriver.execute(DefaultGenericMobileDriver.java:46)
	at io.appium.java_client.AppiumDriver.execute(AppiumDriver.java:1)
	at io.appium.java_client.android.AndroidDriver.execute(AndroidDriver.java:1)
	at com.kms.katalon.core.appium.driver.SwipeableAndroidDriver.execute(SwipeableAndroidDriver.java:1)
	at org.openqa.selenium.remote.RemoteWebDriver$RemoteWebDriverOptions$RemoteWindow.getSize(RemoteWebDriver.java:813)
	at org.openqa.selenium.WebDriver$Window$getSize.call(Unknown Source)
	at com.kms.katalon.core.mobile.keyword.internal.MobileAbstractKeyword.findElement(MobileAbstractKeyword.groovy:81)
	at com.kms.katalon.core.mobile.keyword.builtin.TapKeyword.access$1(TapKeyword.groovy)
	at com.kms.katalon.core.mobile.keyword.builtin.TapKeyword$_tap_closure1.doCall(TapKeyword.groovy:76)
	at com.kms.katalon.core.mobile.keyword.builtin.TapKeyword$_tap_closure1.call(TapKeyword.groovy)
	at com.kms.katalon.core.mobile.keyword.internal.MobileKeywordMain.runKeyword(MobileKeywordMain.groovy:21)
	at com.kms.katalon.core.mobile.keyword.builtin.TapKeyword.tap(TapKeyword.groovy:84)
	at com.kms.katalon.core.mobile.keyword.builtin.TapKeyword.execute(TapKeyword.groovy:68)
	at com.kms.katalon.core.keyword.internal.KeywordExecutor.executeKeywordForPlatform(KeywordExecutor.groovy:74)
	at com.kms.katalon.core.mobile.keyword.MobileBuiltInKeywords.tap(MobileBuiltInKeywords.groovy:1490)
	at com.kms.katalon.core.mobile.keyword.MobileBuiltInKeywords$tap$4.call(Unknown Source)
	at duitNow_mobileNumberFavTransaction.run(duitNow_mobileNumberFavTransaction:133)
	at com.kms.katalon.core.main.ScriptEngine.run(ScriptEngine.java:194)
	at com.kms.katalon.core.main.ScriptEngine.runScriptAsRawText(ScriptEngine.java:119)
	at com.kms.katalon.core.main.TestCaseExecutor.runScript(TestCaseExecutor.java:445)
	at com.kms.katalon.core.main.TestCaseExecutor.doExecute(TestCaseExecutor.java:436)
	at com.kms.katalon.core.main.TestCaseExecutor.processExecutionPhase(TestCaseExecutor.java:415)
	at com.kms.katalon.core.main.TestCaseExecutor.accessMainPhase(TestCaseExecutor.java:407)
	at com.kms.katalon.core.main.TestCaseExecutor.execute(TestCaseExecutor.java:284)
	at com.kms.katalon.core.common.CommonExecutor.accessTestCaseMainPhase(CommonExecutor.java:65)
	at com.kms.katalon.core.main.TestSuiteExecutor.accessTestSuiteMainPhase(TestSuiteExecutor.java:144)
	at com.kms.katalon.core.main.TestSuiteExecutor.execute(TestSuiteExecutor.java:106)
	at com.kms.katalon.core.main.TestCaseMain.startTestSuite(TestCaseMain.java:185)
	at com.kms.katalon.core.main.TestCaseMain$startTestSuite$0.call(Unknown Source)
	at TempTestSuite1655885093224.run(TempTestSuite1655885093224.groovy:36)
)

2022-06-22 16:49:20 - [MESSAGE][WARNING] - Timeout '0' is invalid. Using default page load timeout: '40'

2022-06-22 16:49:20 - [MESSAGE][FAILED] - Failed to tap on element 'Object Repository/Login Onboarding/PIN0' (Root cause: org.openqa.selenium.WebDriverException: An unknown server-side error occurred while processing the command. Original error: 'GET /window/current/size' cannot be proxied to UiAutomator2 server because the instrumentation process is not running (probably crashed). Check the server log and/or the logcat output for more details
Build info: version: '3.141.59', revision: 'e82be7d358', time: '2018-11-14T08:25:53'
System info: host: '00139272s-MacBook-Pro.local', ip: '2001:e68:6167:d901:5dd8:2a3:885f:7e34%en0', os.name: 'Mac OS X', os.arch: 'x86_64', os.version: '10.16', java.version: '1.8.0_275'
Driver info: com.kms.katalon.core.appium.driver.SwipeableAndroidDriver
Capabilities {app: /Users/a00139272/Katalon St..., appActivity: com.maybank2u.life.MainActi..., appPackage: com.maybank2u.life.sit, appWaitActivity: *, autoGrantPermissions: true, automationName: uiautomator2, chromedriverPort: 52878, databaseEnabled: false, desired: {app: /Users/a00139272/Katalon St..., appActivity: com.maybank2u.life.MainActi..., appPackage: com.maybank2u.life.sit, appWaitActivity: *, autoGrantPermissions: true, automationName: uiautomator2, chromedriverPort: 52878, deviceId: 002b9cc60508, deviceName: Xiaomi 21061119AG (Android 11), fullReset: false, newCommandTimeout: 1800, noReset: true, platform: ANDROID, platformName: android, platformVersion: 11, systemPort: 52876, udid: 002b9cc60508}, deviceApiLevel: 30, deviceId: 002b9cc60508, deviceManufacturer: Xiaomi, deviceModel: 21061119AG, deviceName: 002b9cc60508, deviceScreenDensity: 440, deviceScreenSize: 1080x2400, deviceUDID: 002b9cc60508, fullReset: false, javascriptEnabled: true, locationContextEnabled: false, networkConnectionEnabled: true, newCommandTimeout: 1800, noReset: true, pixelRatio: 2.75, platform: ANDROID, platformName: Android, platformVersion: 11, statBarHeight: 103, systemPort: 52876, takesScreenshot: true, udid: 002b9cc60508, viewportRect: {height: 2064, left: 0, top: 103, width: 1080}, warnings: {}, webStorageEnabled: false}
Session ID: 07e0a906-f567-4646-abfd-84c6cc800d18
	at org.openqa.selenium.remote.http.W3CHttpResponseCodec.createException(W3CHttpResponseCodec.java:187)
	at org.openqa.selenium.remote.http.W3CHttpResponseCodec.decode(W3CHttpResponseCodec.java:122)
	at org.openqa.selenium.remote.http.W3CHttpResponseCodec.decode(W3CHttpResponseCodec.java:49)
	at org.openqa.selenium.remote.HttpCommandExecutor.execute(HttpCommandExecutor.java:158)
	at io.appium.java_client.remote.AppiumCommandExecutor.execute(AppiumCommandExecutor.java:239)
	at org.openqa.selenium.remote.RemoteWebDriver.execute(RemoteWebDriver.java:552)
	at io.appium.java_client.DefaultGenericMobileDriver.execute(DefaultGenericMobileDriver.java:46)
	at io.appium.java_client.AppiumDriver.execute(AppiumDriver.java:1)
	at io.appium.java_client.android.AndroidDriver.execute(AndroidDriver.java:1)
	at com.kms.katalon.core.appium.driver.SwipeableAndroidDriver.execute(SwipeableAndroidDriver.java:1)
	at org.openqa.selenium.remote.RemoteWebDriver$RemoteWebDriverOptions$RemoteWindow.getSize(RemoteWebDriver.java:813)
	at org.openqa.selenium.WebDriver$Window$getSize.call(Unknown Source)
	at com.kms.katalon.core.mobile.keyword.internal.MobileAbstractKeyword.findElement(MobileAbstractKeyword.groovy:81)
	at com.kms.katalon.core.mobile.keyword.builtin.TapKeyword.access$1(TapKeyword.groovy)
	at com.kms.katalon.core.mobile.keyword.builtin.TapKeyword$_tap_closure1.doCall(TapKeyword.groovy:76)
	at com.kms.katalon.core.mobile.keyword.builtin.TapKeyword$_tap_closure1.call(TapKeyword.groovy)
	at com.kms.katalon.core.mobile.keyword.internal.MobileKeywordMain.runKeyword(MobileKeywordMain.groovy:21)
	at com.kms.katalon.core.mobile.keyword.builtin.TapKeyword.tap(TapKeyword.groovy:84)
	at com.kms.katalon.core.mobile.keyword.builtin.TapKeyword.execute(TapKeyword.groovy:68)
	at com.kms.katalon.core.keyword.internal.KeywordExecutor.executeKeywordForPlatform(KeywordExecutor.groovy:74)
	at com.kms.katalon.core.mobile.keyword.MobileBuiltInKeywords.tap(MobileBuiltInKeywords.groovy:1490)
	at com.kms.katalon.core.mobile.keyword.MobileBuiltInKeywords$tap$4.call(Unknown Source)
	at duitNow_mobileNumberFavTransaction.run(duitNow_mobileNumberFavTransaction:133)
	at com.kms.katalon.core.main.ScriptEngine.run(ScriptEngine.java:194)
	at com.kms.katalon.core.main.ScriptEngine.runScriptAsRawText(ScriptEngine.java:119)
	at com.kms.katalon.core.main.TestCaseExecutor.runScript(TestCaseExecutor.java:445)
	at com.kms.katalon.core.main.TestCaseExecutor.doExecute(TestCaseExecutor.java:436)
	at com.kms.katalon.core.main.TestCaseExecutor.processExecutionPhase(TestCaseExecutor.java:415)
	at com.kms.katalon.core.main.TestCaseExecutor.accessMainPhase(TestCaseExecutor.java:407)
	at com.kms.katalon.core.main.TestCaseExecutor.execute(TestCaseExecutor.java:284)
	at com.kms.katalon.core.common.CommonExecutor.accessTestCaseMainPhase(CommonExecutor.java:65)
	at com.kms.katalon.core.main.TestSuiteExecutor.accessTestSuiteMainPhase(TestSuiteExecutor.java:144)
	at com.kms.katalon.core.main.TestSuiteExecutor.execute(TestSuiteExecutor.java:106)
	at com.kms.katalon.core.main.TestCaseMain.startTestSuite(TestCaseMain.java:185)
	at com.kms.katalon.core.main.TestCaseMain$startTestSuite$0.call(Unknown Source)
	at TempTestSuite1655885093224.run(TempTestSuite1655885093224.groovy:36)
)

2022-06-22 16:49:20 - [TEST_STEP][PASSED] - if (trxAmount[i] == "1"): null

2022-06-22 16:49:20 - [TEST_STEP][PASSED] - if (trxAmount[i] == "2"): null

2022-06-22 16:49:20 - [TEST_STEP][PASSED] - if (trxAmount[i] == "3"): null

2022-06-22 16:49:20 - [TEST_STEP][PASSED] - if (trxAmount[i] == "4"): null

2022-06-22 16:49:20 - [TEST_STEP][PASSED] - if (trxAmount[i] == "5"): null

2022-06-22 16:49:20 - [TEST_STEP][PASSED] - if (trxAmount[i] == "6"): null

2022-06-22 16:49:20 - [TEST_STEP][PASSED] - if (trxAmount[i] == "7"): null

2022-06-22 16:49:20 - [TEST_STEP][PASSED] - if (trxAmount[i] == "8"): null

2022-06-22 16:49:20 - [TEST_STEP][PASSED] - if (trxAmount[i] == "9"): null

2022-06-22 16:49:20 - [TEST_STEP][FAILED] - if (trxAmount[i] == "0"): Failed to tap on element 'Object Repository/Login Onboarding/PIN0' (Root cause: org.openqa.selenium.WebDriverException: An unknown server-side error occurred while processing the command. Original error: 'GET /window/current/size' cannot be proxied to UiAutomator2 server because the instrumentation process is not running (probably crashed). Check the server log and/or the logcat output for more details
Build info: version: '3.141.59', revision: 'e82be7d358', time: '2018-11-14T08:25:53'
System info: host: '00139272s-MacBook-Pro.local', ip: '2001:e68:6167:d901:5dd8:2a3:885f:7e34%en0', os.name: 'Mac OS X', os.arch: 'x86_64', os.version: '10.16', java.version: '1.8.0_275'
Driver info: com.kms.katalon.core.appium.driver.SwipeableAndroidDriver
Capabilities {app: /Users/a00139272/Katalon St..., appActivity: com.maybank2u.life.MainActi..., appPackage: com.maybank2u.life.sit, appWaitActivity: *, autoGrantPermissions: true, automationName: uiautomator2, chromedriverPort: 52878, databaseEnabled: false, desired: {app: /Users/a00139272/Katalon St..., appActivity: com.maybank2u.life.MainActi..., appPackage: com.maybank2u.life.sit, appWaitActivity: *, autoGrantPermissions: true, automationName: uiautomator2, chromedriverPort: 52878, deviceId: 002b9cc60508, deviceName: Xiaomi 21061119AG (Android 11), fullReset: false, newCommandTimeout: 1800, noReset: true, platform: ANDROID, platformName: android, platformVersion: 11, systemPort: 52876, udid: 002b9cc60508}, deviceApiLevel: 30, deviceId: 002b9cc60508, deviceManufacturer: Xiaomi, deviceModel: 21061119AG, deviceName: 002b9cc60508, deviceScreenDensity: 440, deviceScreenSize: 1080x2400, deviceUDID: 002b9cc60508, fullReset: false, javascriptEnabled: true, locationContextEnabled: false, networkConnectionEnabled: true, newCommandTimeout: 1800, noReset: true, pixelRatio: 2.75, platform: ANDROID, platformName: Android, platformVersion: 11, statBarHeight: 103, systemPort: 52876, takesScreenshot: true, udid: 002b9cc60508, viewportRect: {height: 2064, left: 0, top: 103, width: 1080}, warnings: {}, webStorageEnabled: false}
Session ID: 07e0a906-f567-4646-abfd-84c6cc800d18
	at org.openqa.selenium.remote.http.W3CHttpResponseCodec.createException(W3CHttpResponseCodec.java:187)
	at org.openqa.selenium.remote.http.W3CHttpResponseCodec.decode(W3CHttpResponseCodec.java:122)
	at org.openqa.selenium.remote.http.W3CHttpResponseCodec.decode(W3CHttpResponseCodec.java:49)
	at org.openqa.selenium.remote.HttpCommandExecutor.execute(HttpCommandExecutor.java:158)
	at io.appium.java_client.remote.AppiumCommandExecutor.execute(AppiumCommandExecutor.java:239)
	at org.openqa.selenium.remote.RemoteWebDriver.execute(RemoteWebDriver.java:552)
	at io.appium.java_client.DefaultGenericMobileDriver.execute(DefaultGenericMobileDriver.java:46)
	at io.appium.java_client.AppiumDriver.execute(AppiumDriver.java:1)
	at io.appium.java_client.android.AndroidDriver.execute(AndroidDriver.java:1)
	at com.kms.katalon.core.appium.driver.SwipeableAndroidDriver.execute(SwipeableAndroidDriver.java:1)
	at org.openqa.selenium.remote.RemoteWebDriver$RemoteWebDriverOptions$RemoteWindow.getSize(RemoteWebDriver.java:813)
	at org.openqa.selenium.WebDriver$Window$getSize.call(Unknown Source)
	at com.kms.katalon.core.mobile.keyword.internal.MobileAbstractKeyword.findElement(MobileAbstractKeyword.groovy:81)
	at com.kms.katalon.core.mobile.keyword.builtin.TapKeyword.access$1(TapKeyword.groovy)
	at com.kms.katalon.core.mobile.keyword.builtin.TapKeyword$_tap_closure1.doCall(TapKeyword.groovy:76)
	at com.kms.katalon.core.mobile.keyword.builtin.TapKeyword$_tap_closure1.call(TapKeyword.groovy)
	at com.kms.katalon.core.mobile.keyword.internal.MobileKeywordMain.runKeyword(MobileKeywordMain.groovy:21)
	at com.kms.katalon.core.mobile.keyword.builtin.TapKeyword.tap(TapKeyword.groovy:84)
	at com.kms.katalon.core.mobile.keyword.builtin.TapKeyword.execute(TapKeyword.groovy:68)
	at com.kms.katalon.core.keyword.internal.KeywordExecutor.executeKeywordForPlatform(KeywordExecutor.groovy:74)
	at com.kms.katalon.core.mobile.keyword.MobileBuiltInKeywords.tap(MobileBuiltInKeywords.groovy:1490)
	at com.kms.katalon.core.mobile.keyword.MobileBuiltInKeywords$tap$4.call(Unknown Source)
	at duitNow_mobileNumberFavTransaction.run(duitNow_mobileNumberFavTransaction:133)
	at com.kms.katalon.core.main.ScriptEngine.run(ScriptEngine.java:194)
	at com.kms.katalon.core.main.ScriptEngine.runScriptAsRawText(ScriptEngine.java:119)
	at com.kms.katalon.core.main.TestCaseExecutor.runScript(TestCaseExecutor.java:445)
	at com.kms.katalon.core.main.TestCaseExecutor.doExecute(TestCaseExecutor.java:436)
	at com.kms.katalon.core.main.TestCaseExecutor.processExecutionPhase(TestCaseExecutor.java:415)
	at com.kms.katalon.core.main.TestCaseExecutor.accessMainPhase(TestCaseExecutor.java:407)
	at com.kms.katalon.core.main.TestCaseExecutor.execute(TestCaseExecutor.java:284)
	at com.kms.katalon.core.common.CommonExecutor.accessTestCaseMainPhase(CommonExecutor.java:65)
	at com.kms.katalon.core.main.TestSuiteExecutor.accessTestSuiteMainPhase(TestSuiteExecutor.java:144)
	at com.kms.katalon.core.main.TestSuiteExecutor.execute(TestSuiteExecutor.java:106)
	at com.kms.katalon.core.main.TestCaseMain.startTestSuite(TestCaseMain.java:185)
	at com.kms.katalon.core.main.TestCaseMain$startTestSuite$0.call(Unknown Source)
	at TempTestSuite1655885093224.run(TempTestSuite1655885093224.groovy:36)
)

2022-06-22 16:49:20 - [TEST_STEP][FAILED] - tap(findTestObject("Login Onboarding/PIN0"), 0): Failed to tap on element 'Object Repository/Login Onboarding/PIN0' (Root cause: org.openqa.selenium.WebDriverException: An unknown server-side error occurred while processing the command. Original error: 'GET /window/current/size' cannot be proxied to UiAutomator2 server because the instrumentation process is not running (probably crashed). Check the server log and/or the logcat output for more details
Build info: version: '3.141.59', revision: 'e82be7d358', time: '2018-11-14T08:25:53'
System info: host: '00139272s-MacBook-Pro.local', ip: '2001:e68:6167:d901:5dd8:2a3:885f:7e34%en0', os.name: 'Mac OS X', os.arch: 'x86_64', os.version: '10.16', java.version: '1.8.0_275'
Driver info: com.kms.katalon.core.appium.driver.SwipeableAndroidDriver
Capabilities {app: /Users/a00139272/Katalon St..., appActivity: com.maybank2u.life.MainActi..., appPackage: com.maybank2u.life.sit, appWaitActivity: *, autoGrantPermissions: true, automationName: uiautomator2, chromedriverPort: 52878, databaseEnabled: false, desired: {app: /Users/a00139272/Katalon St..., appActivity: com.maybank2u.life.MainActi..., appPackage: com.maybank2u.life.sit, appWaitActivity: *, autoGrantPermissions: true, automationName: uiautomator2, chromedriverPort: 52878, deviceId: 002b9cc60508, deviceName: Xiaomi 21061119AG (Android 11), fullReset: false, newCommandTimeout: 1800, noReset: true, platform: ANDROID, platformName: android, platformVersion: 11, systemPort: 52876, udid: 002b9cc60508}, deviceApiLevel: 30, deviceId: 002b9cc60508, deviceManufacturer: Xiaomi, deviceModel: 21061119AG, deviceName: 002b9cc60508, deviceScreenDensity: 440, deviceScreenSize: 1080x2400, deviceUDID: 002b9cc60508, fullReset: false, javascriptEnabled: true, locationContextEnabled: false, networkConnectionEnabled: true, newCommandTimeout: 1800, noReset: true, pixelRatio: 2.75, platform: ANDROID, platformName: Android, platformVersion: 11, statBarHeight: 103, systemPort: 52876, takesScreenshot: true, udid: 002b9cc60508, viewportRect: {height: 2064, left: 0, top: 103, width: 1080}, warnings: {}, webStorageEnabled: false}
Session ID: 07e0a906-f567-4646-abfd-84c6cc800d18
	at org.openqa.selenium.remote.http.W3CHttpResponseCodec.createException(W3CHttpResponseCodec.java:187)
	at org.openqa.selenium.remote.http.W3CHttpResponseCodec.decode(W3CHttpResponseCodec.java:122)
	at org.openqa.selenium.remote.http.W3CHttpResponseCodec.decode(W3CHttpResponseCodec.java:49)
	at org.openqa.selenium.remote.HttpCommandExecutor.execute(HttpCommandExecutor.java:158)
	at io.appium.java_client.remote.AppiumCommandExecutor.execute(AppiumCommandExecutor.java:239)
	at org.openqa.selenium.remote.RemoteWebDriver.execute(RemoteWebDriver.java:552)
	at io.appium.java_client.DefaultGenericMobileDriver.execute(DefaultGenericMobileDriver.java:46)
	at io.appium.java_client.AppiumDriver.execute(AppiumDriver.java:1)
	at io.appium.java_client.android.AndroidDriver.execute(AndroidDriver.java:1)
	at com.kms.katalon.core.appium.driver.SwipeableAndroidDriver.execute(SwipeableAndroidDriver.java:1)
	at org.openqa.selenium.remote.RemoteWebDriver$RemoteWebDriverOptions$RemoteWindow.getSize(RemoteWebDriver.java:813)
	at org.openqa.selenium.WebDriver$Window$getSize.call(Unknown Source)
	at com.kms.katalon.core.mobile.keyword.internal.MobileAbstractKeyword.findElement(MobileAbstractKeyword.groovy:81)
	at com.kms.katalon.core.mobile.keyword.builtin.TapKeyword.access$1(TapKeyword.groovy)
	at com.kms.katalon.core.mobile.keyword.builtin.TapKeyword$_tap_closure1.doCall(TapKeyword.groovy:76)
	at com.kms.katalon.core.mobile.keyword.builtin.TapKeyword$_tap_closure1.call(TapKeyword.groovy)
	at com.kms.katalon.core.mobile.keyword.internal.MobileKeywordMain.runKeyword(MobileKeywordMain.groovy:21)
	at com.kms.katalon.core.mobile.keyword.builtin.TapKeyword.tap(TapKeyword.groovy:84)
	at com.kms.katalon.core.mobile.keyword.builtin.TapKeyword.execute(TapKeyword.groovy:68)
	at com.kms.katalon.core.keyword.internal.KeywordExecutor.executeKeywordForPlatform(KeywordExecutor.groovy:74)
	at com.kms.katalon.core.mobile.keyword.MobileBuiltInKeywords.tap(MobileBuiltInKeywords.groovy:1490)
	at com.kms.katalon.core.mobile.keyword.MobileBuiltInKeywords$tap$4.call(Unknown Source)
	at duitNow_mobileNumberFavTransaction.run(duitNow_mobileNumberFavTransaction:133)
	at com.kms.katalon.core.main.ScriptEngine.run(ScriptEngine.java:194)
	at com.kms.katalon.core.main.ScriptEngine.runScriptAsRawText(ScriptEngine.java:119)
	at com.kms.katalon.core.main.TestCaseExecutor.runScript(TestCaseExecutor.java:445)
	at com.kms.katalon.core.main.TestCaseExecutor.doExecute(TestCaseExecutor.java:436)
	at com.kms.katalon.core.main.TestCaseExecutor.processExecutionPhase(TestCaseExecutor.java:415)
	at com.kms.katalon.core.main.TestCaseExecutor.accessMainPhase(TestCaseExecutor.java:407)
	at com.kms.katalon.core.main.TestCaseExecutor.execute(TestCaseExecutor.java:284)
	at com.kms.katalon.core.common.CommonExecutor.accessTestCaseMainPhase(CommonExecutor.java:65)
	at com.kms.katalon.core.main.TestSuiteExecutor.accessTestSuiteMainPhase(TestSuiteExecutor.java:144)
	at com.kms.katalon.core.main.TestSuiteExecutor.execute(TestSuiteExecutor.java:106)
	at com.kms.katalon.core.main.TestCaseMain.startTestSuite(TestCaseMain.java:185)
	at com.kms.katalon.core.main.TestCaseMain$startTestSuite$0.call(Unknown Source)
	at TempTestSuite1655885093224.run(TempTestSuite1655885093224.groovy:36)
)

2022-06-22 16:49:20 - [MESSAGE][WARNING] - Timeout '0' is invalid. Using default page load timeout: '40'

2022-06-22 16:49:20 - [MESSAGE][FAILED] - Failed to tap on element 'Object Repository/Login Onboarding/PIN0' (Root cause: org.openqa.selenium.WebDriverException: An unknown server-side error occurred while processing the command. Original error: 'GET /window/current/size' cannot be proxied to UiAutomator2 server because the instrumentation process is not running (probably crashed). Check the server log and/or the logcat output for more details
Build info: version: '3.141.59', revision: 'e82be7d358', time: '2018-11-14T08:25:53'
System info: host: '00139272s-MacBook-Pro.local', ip: '2001:e68:6167:d901:5dd8:2a3:885f:7e34%en0', os.name: 'Mac OS X', os.arch: 'x86_64', os.version: '10.16', java.version: '1.8.0_275'
Driver info: com.kms.katalon.core.appium.driver.SwipeableAndroidDriver
Capabilities {app: /Users/a00139272/Katalon St..., appActivity: com.maybank2u.life.MainActi..., appPackage: com.maybank2u.life.sit, appWaitActivity: *, autoGrantPermissions: true, automationName: uiautomator2, chromedriverPort: 52878, databaseEnabled: false, desired: {app: /Users/a00139272/Katalon St..., appActivity: com.maybank2u.life.MainActi..., appPackage: com.maybank2u.life.sit, appWaitActivity: *, autoGrantPermissions: true, automationName: uiautomator2, chromedriverPort: 52878, deviceId: 002b9cc60508, deviceName: Xiaomi 21061119AG (Android 11), fullReset: false, newCommandTimeout: 1800, noReset: true, platform: ANDROID, platformName: android, platformVersion: 11, systemPort: 52876, udid: 002b9cc60508}, deviceApiLevel: 30, deviceId: 002b9cc60508, deviceManufacturer: Xiaomi, deviceModel: 21061119AG, deviceName: 002b9cc60508, deviceScreenDensity: 440, deviceScreenSize: 1080x2400, deviceUDID: 002b9cc60508, fullReset: false, javascriptEnabled: true, locationContextEnabled: false, networkConnectionEnabled: true, newCommandTimeout: 1800, noReset: true, pixelRatio: 2.75, platform: ANDROID, platformName: Android, platformVersion: 11, statBarHeight: 103, systemPort: 52876, takesScreenshot: true, udid: 002b9cc60508, viewportRect: {height: 2064, left: 0, top: 103, width: 1080}, warnings: {}, webStorageEnabled: false}
Session ID: 07e0a906-f567-4646-abfd-84c6cc800d18
	at org.openqa.selenium.remote.http.W3CHttpResponseCodec.createException(W3CHttpResponseCodec.java:187)
	at org.openqa.selenium.remote.http.W3CHttpResponseCodec.decode(W3CHttpResponseCodec.java:122)
	at org.openqa.selenium.remote.http.W3CHttpResponseCodec.decode(W3CHttpResponseCodec.java:49)
	at org.openqa.selenium.remote.HttpCommandExecutor.execute(HttpCommandExecutor.java:158)
	at io.appium.java_client.remote.AppiumCommandExecutor.execute(AppiumCommandExecutor.java:239)
	at org.openqa.selenium.remote.RemoteWebDriver.execute(RemoteWebDriver.java:552)
	at io.appium.java_client.DefaultGenericMobileDriver.execute(DefaultGenericMobileDriver.java:46)
	at io.appium.java_client.AppiumDriver.execute(AppiumDriver.java:1)
	at io.appium.java_client.android.AndroidDriver.execute(AndroidDriver.java:1)
	at com.kms.katalon.core.appium.driver.SwipeableAndroidDriver.execute(SwipeableAndroidDriver.java:1)
	at org.openqa.selenium.remote.RemoteWebDriver$RemoteWebDriverOptions$RemoteWindow.getSize(RemoteWebDriver.java:813)
	at org.openqa.selenium.WebDriver$Window$getSize.call(Unknown Source)
	at com.kms.katalon.core.mobile.keyword.internal.MobileAbstractKeyword.findElement(MobileAbstractKeyword.groovy:81)
	at com.kms.katalon.core.mobile.keyword.builtin.TapKeyword.access$1(TapKeyword.groovy)
	at com.kms.katalon.core.mobile.keyword.builtin.TapKeyword$_tap_closure1.doCall(TapKeyword.groovy:76)
	at com.kms.katalon.core.mobile.keyword.builtin.TapKeyword$_tap_closure1.call(TapKeyword.groovy)
	at com.kms.katalon.core.mobile.keyword.internal.MobileKeywordMain.runKeyword(MobileKeywordMain.groovy:21)
	at com.kms.katalon.core.mobile.keyword.builtin.TapKeyword.tap(TapKeyword.groovy:84)
	at com.kms.katalon.core.mobile.keyword.builtin.TapKeyword.execute(TapKeyword.groovy:68)
	at com.kms.katalon.core.keyword.internal.KeywordExecutor.executeKeywordForPlatform(KeywordExecutor.groovy:74)
	at com.kms.katalon.core.mobile.keyword.MobileBuiltInKeywords.tap(MobileBuiltInKeywords.groovy:1490)
	at com.kms.katalon.core.mobile.keyword.MobileBuiltInKeywords$tap$4.call(Unknown Source)
	at duitNow_mobileNumberFavTransaction.run(duitNow_mobileNumberFavTransaction:133)
	at com.kms.katalon.core.main.ScriptEngine.run(ScriptEngine.java:194)
	at com.kms.katalon.core.main.ScriptEngine.runScriptAsRawText(ScriptEngine.java:119)
	at com.kms.katalon.core.main.TestCaseExecutor.runScript(TestCaseExecutor.java:445)
	at com.kms.katalon.core.main.TestCaseExecutor.doExecute(TestCaseExecutor.java:436)
	at com.kms.katalon.core.main.TestCaseExecutor.processExecutionPhase(TestCaseExecutor.java:415)
	at com.kms.katalon.core.main.TestCaseExecutor.accessMainPhase(TestCaseExecutor.java:407)
	at com.kms.katalon.core.main.TestCaseExecutor.execute(TestCaseExecutor.java:284)
	at com.kms.katalon.core.common.CommonExecutor.accessTestCaseMainPhase(CommonExecutor.java:65)
	at com.kms.katalon.core.main.TestSuiteExecutor.accessTestSuiteMainPhase(TestSuiteExecutor.java:144)
	at com.kms.katalon.core.main.TestSuiteExecutor.execute(TestSuiteExecutor.java:106)
	at com.kms.katalon.core.main.TestCaseMain.startTestSuite(TestCaseMain.java:185)
	at com.kms.katalon.core.main.TestCaseMain$startTestSuite$0.call(Unknown Source)
	at TempTestSuite1655885093224.run(TempTestSuite1655885093224.groovy:36)
)

2022-06-22 16:49:20 - [TEST_STEP][PASSED] - if (trxAmount[i] == "1"): null

2022-06-22 16:49:20 - [TEST_STEP][PASSED] - if (trxAmount[i] == "2"): null

2022-06-22 16:49:20 - [TEST_STEP][PASSED] - if (trxAmount[i] == "3"): null

2022-06-22 16:49:20 - [TEST_STEP][PASSED] - if (trxAmount[i] == "4"): null

2022-06-22 16:49:20 - [TEST_STEP][PASSED] - if (trxAmount[i] == "5"): null

2022-06-22 16:49:20 - [TEST_STEP][PASSED] - if (trxAmount[i] == "6"): null

2022-06-22 16:49:20 - [TEST_STEP][PASSED] - if (trxAmount[i] == "7"): null

2022-06-22 16:49:20 - [TEST_STEP][PASSED] - if (trxAmount[i] == "8"): null

2022-06-22 16:49:20 - [TEST_STEP][PASSED] - if (trxAmount[i] == "9"): null

2022-06-22 16:49:20 - [TEST_STEP][PASSED] - delay(5): Delayed 5 second(s)

2022-06-22 16:49:25 - [MESSAGE][PASSED] - Delayed 5 second(s)

2022-06-22 16:49:25 - [TEST_STEP][FAILED] - verifyElementText(findTestObject("Duit Now/duitNowAmountValueTxt", ["value":checkValue]), checkValue): Verify element text of test object 'Object Repository/Duit Now/duitNowAmountValueTxt' FAILED. (Root cause: org.openqa.selenium.WebDriverException: An unknown server-side error occurred while processing the command. Original error: 'GET /window/current/size' cannot be proxied to UiAutomator2 server because the instrumentation process is not running (probably crashed). Check the server log and/or the logcat output for more details
Build info: version: '3.141.59', revision: 'e82be7d358', time: '2018-11-14T08:25:53'
System info: host: '00139272s-MacBook-Pro.local', ip: '2001:e68:6167:d901:5dd8:2a3:885f:7e34%en0', os.name: 'Mac OS X', os.arch: 'x86_64', os.version: '10.16', java.version: '1.8.0_275'
Driver info: com.kms.katalon.core.appium.driver.SwipeableAndroidDriver
Capabilities {app: /Users/a00139272/Katalon St..., appActivity: com.maybank2u.life.MainActi..., appPackage: com.maybank2u.life.sit, appWaitActivity: *, autoGrantPermissions: true, automationName: uiautomator2, chromedriverPort: 52878, databaseEnabled: false, desired: {app: /Users/a00139272/Katalon St..., appActivity: com.maybank2u.life.MainActi..., appPackage: com.maybank2u.life.sit, appWaitActivity: *, autoGrantPermissions: true, automationName: uiautomator2, chromedriverPort: 52878, deviceId: 002b9cc60508, deviceName: Xiaomi 21061119AG (Android 11), fullReset: false, newCommandTimeout: 1800, noReset: true, platform: ANDROID, platformName: android, platformVersion: 11, systemPort: 52876, udid: 002b9cc60508}, deviceApiLevel: 30, deviceId: 002b9cc60508, deviceManufacturer: Xiaomi, deviceModel: 21061119AG, deviceName: 002b9cc60508, deviceScreenDensity: 440, deviceScreenSize: 1080x2400, deviceUDID: 002b9cc60508, fullReset: false, javascriptEnabled: true, locationContextEnabled: false, networkConnectionEnabled: true, newCommandTimeout: 1800, noReset: true, pixelRatio: 2.75, platform: ANDROID, platformName: Android, platformVersion: 11, statBarHeight: 103, systemPort: 52876, takesScreenshot: true, udid: 002b9cc60508, viewportRect: {height: 2064, left: 0, top: 103, width: 1080}, warnings: {}, webStorageEnabled: false}
Session ID: 07e0a906-f567-4646-abfd-84c6cc800d18
	at org.openqa.selenium.remote.http.W3CHttpResponseCodec.createException(W3CHttpResponseCodec.java:187)
	at org.openqa.selenium.remote.http.W3CHttpResponseCodec.decode(W3CHttpResponseCodec.java:122)
	at org.openqa.selenium.remote.http.W3CHttpResponseCodec.decode(W3CHttpResponseCodec.java:49)
	at org.openqa.selenium.remote.HttpCommandExecutor.execute(HttpCommandExecutor.java:158)
	at io.appium.java_client.remote.AppiumCommandExecutor.execute(AppiumCommandExecutor.java:239)
	at org.openqa.selenium.remote.RemoteWebDriver.execute(RemoteWebDriver.java:552)
	at io.appium.java_client.DefaultGenericMobileDriver.execute(DefaultGenericMobileDriver.java:46)
	at io.appium.java_client.AppiumDriver.execute(AppiumDriver.java:1)
	at io.appium.java_client.android.AndroidDriver.execute(AndroidDriver.java:1)
	at com.kms.katalon.core.appium.driver.SwipeableAndroidDriver.execute(SwipeableAndroidDriver.java:1)
	at org.openqa.selenium.remote.RemoteWebDriver$RemoteWebDriverOptions$RemoteWindow.getSize(RemoteWebDriver.java:813)
	at org.openqa.selenium.WebDriver$Window$getSize.call(Unknown Source)
	at com.kms.katalon.core.mobile.keyword.internal.MobileAbstractKeyword.findElement(MobileAbstractKeyword.groovy:81)
	at com.kms.katalon.core.mobile.keyword.builtin.VerifyElementTextKeyword.access$1(VerifyElementTextKeyword.groovy)
	at com.kms.katalon.core.mobile.keyword.builtin.VerifyElementTextKeyword$_verifyElementText_closure1.doCall(VerifyElementTextKeyword.groovy:47)
	at com.kms.katalon.core.mobile.keyword.builtin.VerifyElementTextKeyword$_verifyElementText_closure1.call(VerifyElementTextKeyword.groovy)
	at com.kms.katalon.core.mobile.keyword.internal.MobileKeywordMain.runKeyword(MobileKeywordMain.groovy:21)
	at com.kms.katalon.core.mobile.keyword.builtin.VerifyElementTextKeyword.verifyElementText(VerifyElementTextKeyword.groovy:62)
	at com.kms.katalon.core.mobile.keyword.builtin.VerifyElementTextKeyword.execute(VerifyElementTextKeyword.groovy:39)
	at com.kms.katalon.core.keyword.internal.KeywordExecutor.executeKeywordForPlatform(KeywordExecutor.groovy:74)
	at com.kms.katalon.core.mobile.keyword.MobileBuiltInKeywords.verifyElementText(MobileBuiltInKeywords.groovy:2901)
	at com.kms.katalon.core.mobile.keyword.MobileBuiltInKeywords$verifyElementText$9.call(Unknown Source)
	at duitNow_mobileNumberFavTransaction.run(duitNow_mobileNumberFavTransaction:175)
	at com.kms.katalon.core.main.ScriptEngine.run(ScriptEngine.java:194)
	at com.kms.katalon.core.main.ScriptEngine.runScriptAsRawText(ScriptEngine.java:119)
	at com.kms.katalon.core.main.TestCaseExecutor.runScript(TestCaseExecutor.java:445)
	at com.kms.katalon.core.main.TestCaseExecutor.doExecute(TestCaseExecutor.java:436)
	at com.kms.katalon.core.main.TestCaseExecutor.processExecutionPhase(TestCaseExecutor.java:415)
	at com.kms.katalon.core.main.TestCaseExecutor.accessMainPhase(TestCaseExecutor.java:407)
	at com.kms.katalon.core.main.TestCaseExecutor.execute(TestCaseExecutor.java:284)
	at com.kms.katalon.core.common.CommonExecutor.accessTestCaseMainPhase(CommonExecutor.java:65)
	at com.kms.katalon.core.main.TestSuiteExecutor.accessTestSuiteMainPhase(TestSuiteExecutor.java:144)
	at com.kms.katalon.core.main.TestSuiteExecutor.execute(TestSuiteExecutor.java:106)
	at com.kms.katalon.core.main.TestCaseMain.startTestSuite(TestCaseMain.java:185)
	at com.kms.katalon.core.main.TestCaseMain$startTestSuite$0.call(Unknown Source)
	at TempTestSuite1655885093224.run(TempTestSuite1655885093224.groovy:36)
)

2022-06-22 16:49:25 - [MESSAGE][FAILED] - Verify element text of test object 'Object Repository/Duit Now/duitNowAmountValueTxt' FAILED. (Root cause: org.openqa.selenium.WebDriverException: An unknown server-side error occurred while processing the command. Original error: 'GET /window/current/size' cannot be proxied to UiAutomator2 server because the instrumentation process is not running (probably crashed). Check the server log and/or the logcat output for more details
Build info: version: '3.141.59', revision: 'e82be7d358', time: '2018-11-14T08:25:53'
System info: host: '00139272s-MacBook-Pro.local', ip: '2001:e68:6167:d901:5dd8:2a3:885f:7e34%en0', os.name: 'Mac OS X', os.arch: 'x86_64', os.version: '10.16', java.version: '1.8.0_275'
Driver info: com.kms.katalon.core.appium.driver.SwipeableAndroidDriver
Capabilities {app: /Users/a00139272/Katalon St..., appActivity: com.maybank2u.life.MainActi..., appPackage: com.maybank2u.life.sit, appWaitActivity: *, autoGrantPermissions: true, automationName: uiautomator2, chromedriverPort: 52878, databaseEnabled: false, desired: {app: /Users/a00139272/Katalon St..., appActivity: com.maybank2u.life.MainActi..., appPackage: com.maybank2u.life.sit, appWaitActivity: *, autoGrantPermissions: true, automationName: uiautomator2, chromedriverPort: 52878, deviceId: 002b9cc60508, deviceName: Xiaomi 21061119AG (Android 11), fullReset: false, newCommandTimeout: 1800, noReset: true, platform: ANDROID, platformName: android, platformVersion: 11, systemPort: 52876, udid: 002b9cc60508}, deviceApiLevel: 30, deviceId: 002b9cc60508, deviceManufacturer: Xiaomi, deviceModel: 21061119AG, deviceName: 002b9cc60508, deviceScreenDensity: 440, deviceScreenSize: 1080x2400, deviceUDID: 002b9cc60508, fullReset: false, javascriptEnabled: true, locationContextEnabled: false, networkConnectionEnabled: true, newCommandTimeout: 1800, noReset: true, pixelRatio: 2.75, platform: ANDROID, platformName: Android, platformVersion: 11, statBarHeight: 103, systemPort: 52876, takesScreenshot: true, udid: 002b9cc60508, viewportRect: {height: 2064, left: 0, top: 103, width: 1080}, warnings: {}, webStorageEnabled: false}
Session ID: 07e0a906-f567-4646-abfd-84c6cc800d18
	at org.openqa.selenium.remote.http.W3CHttpResponseCodec.createException(W3CHttpResponseCodec.java:187)
	at org.openqa.selenium.remote.http.W3CHttpResponseCodec.decode(W3CHttpResponseCodec.java:122)
	at org.openqa.selenium.remote.http.W3CHttpResponseCodec.decode(W3CHttpResponseCodec.java:49)
	at org.openqa.selenium.remote.HttpCommandExecutor.execute(HttpCommandExecutor.java:158)
	at io.appium.java_client.remote.AppiumCommandExecutor.execute(AppiumCommandExecutor.java:239)
	at org.openqa.selenium.remote.RemoteWebDriver.execute(RemoteWebDriver.java:552)
	at io.appium.java_client.DefaultGenericMobileDriver.execute(DefaultGenericMobileDriver.java:46)
	at io.appium.java_client.AppiumDriver.execute(AppiumDriver.java:1)
	at io.appium.java_client.android.AndroidDriver.execute(AndroidDriver.java:1)
	at com.kms.katalon.core.appium.driver.SwipeableAndroidDriver.execute(SwipeableAndroidDriver.java:1)
	at org.openqa.selenium.remote.RemoteWebDriver$RemoteWebDriverOptions$RemoteWindow.getSize(RemoteWebDriver.java:813)
	at org.openqa.selenium.WebDriver$Window$getSize.call(Unknown Source)
	at com.kms.katalon.core.mobile.keyword.internal.MobileAbstractKeyword.findElement(MobileAbstractKeyword.groovy:81)
	at com.kms.katalon.core.mobile.keyword.builtin.VerifyElementTextKeyword.access$1(VerifyElementTextKeyword.groovy)
	at com.kms.katalon.core.mobile.keyword.builtin.VerifyElementTextKeyword$_verifyElementText_closure1.doCall(VerifyElementTextKeyword.groovy:47)
	at com.kms.katalon.core.mobile.keyword.builtin.VerifyElementTextKeyword$_verifyElementText_closure1.call(VerifyElementTextKeyword.groovy)
	at com.kms.katalon.core.mobile.keyword.internal.MobileKeywordMain.runKeyword(MobileKeywordMain.groovy:21)
	at com.kms.katalon.core.mobile.keyword.builtin.VerifyElementTextKeyword.verifyElementText(VerifyElementTextKeyword.groovy:62)
	at com.kms.katalon.core.mobile.keyword.builtin.VerifyElementTextKeyword.execute(VerifyElementTextKeyword.groovy:39)
	at com.kms.katalon.core.keyword.internal.KeywordExecutor.executeKeywordForPlatform(KeywordExecutor.groovy:74)
	at com.kms.katalon.core.mobile.keyword.MobileBuiltInKeywords.verifyElementText(MobileBuiltInKeywords.groovy:2901)
	at com.kms.katalon.core.mobile.keyword.MobileBuiltInKeywords$verifyElementText$9.call(Unknown Source)
	at duitNow_mobileNumberFavTransaction.run(duitNow_mobileNumberFavTransaction:175)
	at com.kms.katalon.core.main.ScriptEngine.run(ScriptEngine.java:194)
	at com.kms.katalon.core.main.ScriptEngine.runScriptAsRawText(ScriptEngine.java:119)
	at com.kms.katalon.core.main.TestCaseExecutor.runScript(TestCaseExecutor.java:445)
	at com.kms.katalon.core.main.TestCaseExecutor.doExecute(TestCaseExecutor.java:436)
	at com.kms.katalon.core.main.TestCaseExecutor.processExecutionPhase(TestCaseExecutor.java:415)
	at com.kms.katalon.core.main.TestCaseExecutor.accessMainPhase(TestCaseExecutor.java:407)
	at com.kms.katalon.core.main.TestCaseExecutor.execute(TestCaseExecutor.java:284)
	at com.kms.katalon.core.common.CommonExecutor.accessTestCaseMainPhase(CommonExecutor.java:65)
	at com.kms.katalon.core.main.TestSuiteExecutor.accessTestSuiteMainPhase(TestSuiteExecutor.java:144)
	at com.kms.katalon.core.main.TestSuiteExecutor.execute(TestSuiteExecutor.java:106)
	at com.kms.katalon.core.main.TestCaseMain.startTestSuite(TestCaseMain.java:185)
	at com.kms.katalon.core.main.TestCaseMain$startTestSuite$0.call(Unknown Source)
	at TempTestSuite1655885093224.run(TempTestSuite1655885093224.groovy:36)
)

2022-06-22 16:49:25 - [TEST_STEP][FAILED] - verifyElementVisible(findTestObject("Login Onboarding/loginPinTickBtn"), 5): Failed to check for element 'Object Repository/Login Onboarding/loginPinTickBtn' visible (Root cause: org.openqa.selenium.WebDriverException: An unknown server-side error occurred while processing the command. Original error: 'GET /window/current/size' cannot be proxied to UiAutomator2 server because the instrumentation process is not running (probably crashed). Check the server log and/or the logcat output for more details
Build info: version: '3.141.59', revision: 'e82be7d358', time: '2018-11-14T08:25:53'
System info: host: '00139272s-MacBook-Pro.local', ip: '2001:e68:6167:d901:5dd8:2a3:885f:7e34%en0', os.name: 'Mac OS X', os.arch: 'x86_64', os.version: '10.16', java.version: '1.8.0_275'
Driver info: com.kms.katalon.core.appium.driver.SwipeableAndroidDriver
Capabilities {app: /Users/a00139272/Katalon St..., appActivity: com.maybank2u.life.MainActi..., appPackage: com.maybank2u.life.sit, appWaitActivity: *, autoGrantPermissions: true, automationName: uiautomator2, chromedriverPort: 52878, databaseEnabled: false, desired: {app: /Users/a00139272/Katalon St..., appActivity: com.maybank2u.life.MainActi..., appPackage: com.maybank2u.life.sit, appWaitActivity: *, autoGrantPermissions: true, automationName: uiautomator2, chromedriverPort: 52878, deviceId: 002b9cc60508, deviceName: Xiaomi 21061119AG (Android 11), fullReset: false, newCommandTimeout: 1800, noReset: true, platform: ANDROID, platformName: android, platformVersion: 11, systemPort: 52876, udid: 002b9cc60508}, deviceApiLevel: 30, deviceId: 002b9cc60508, deviceManufacturer: Xiaomi, deviceModel: 21061119AG, deviceName: 002b9cc60508, deviceScreenDensity: 440, deviceScreenSize: 1080x2400, deviceUDID: 002b9cc60508, fullReset: false, javascriptEnabled: true, locationContextEnabled: false, networkConnectionEnabled: true, newCommandTimeout: 1800, noReset: true, pixelRatio: 2.75, platform: ANDROID, platformName: Android, platformVersion: 11, statBarHeight: 103, systemPort: 52876, takesScreenshot: true, udid: 002b9cc60508, viewportRect: {height: 2064, left: 0, top: 103, width: 1080}, warnings: {}, webStorageEnabled: false}
Session ID: 07e0a906-f567-4646-abfd-84c6cc800d18
	at org.openqa.selenium.remote.http.W3CHttpResponseCodec.createException(W3CHttpResponseCodec.java:187)
	at org.openqa.selenium.remote.http.W3CHttpResponseCodec.decode(W3CHttpResponseCodec.java:122)
	at org.openqa.selenium.remote.http.W3CHttpResponseCodec.decode(W3CHttpResponseCodec.java:49)
	at org.openqa.selenium.remote.HttpCommandExecutor.execute(HttpCommandExecutor.java:158)
	at io.appium.java_client.remote.AppiumCommandExecutor.execute(AppiumCommandExecutor.java:239)
	at org.openqa.selenium.remote.RemoteWebDriver.execute(RemoteWebDriver.java:552)
	at io.appium.java_client.DefaultGenericMobileDriver.execute(DefaultGenericMobileDriver.java:46)
	at io.appium.java_client.AppiumDriver.execute(AppiumDriver.java:1)
	at io.appium.java_client.android.AndroidDriver.execute(AndroidDriver.java:1)
	at com.kms.katalon.core.appium.driver.SwipeableAndroidDriver.execute(SwipeableAndroidDriver.java:1)
	at org.openqa.selenium.remote.RemoteWebDriver$RemoteWebDriverOptions$RemoteWindow.getSize(RemoteWebDriver.java:813)
	at org.openqa.selenium.WebDriver$Window$getSize.call(Unknown Source)
	at com.kms.katalon.core.mobile.keyword.internal.MobileAbstractKeyword.findElement(MobileAbstractKeyword.groovy:81)
	at com.kms.katalon.core.mobile.keyword.builtin.VerifyElementVisibleKeyword.access$1(VerifyElementVisibleKeyword.groovy)
	at com.kms.katalon.core.mobile.keyword.builtin.VerifyElementVisibleKeyword$_verifyElementVisible_closure1.doCall(VerifyElementVisibleKeyword.groovy:72)
	at com.kms.katalon.core.mobile.keyword.builtin.VerifyElementVisibleKeyword$_verifyElementVisible_closure1.call(VerifyElementVisibleKeyword.groovy)
	at com.kms.katalon.core.mobile.keyword.internal.MobileKeywordMain.runKeyword(MobileKeywordMain.groovy:21)
	at com.kms.katalon.core.mobile.keyword.builtin.VerifyElementVisibleKeyword.verifyElementVisible(VerifyElementVisibleKeyword.groovy:85)
	at com.kms.katalon.core.mobile.keyword.builtin.VerifyElementVisibleKeyword.execute(VerifyElementVisibleKeyword.groovy:64)
	at com.kms.katalon.core.keyword.internal.KeywordExecutor.executeKeywordForPlatform(KeywordExecutor.groovy:74)
	at com.kms.katalon.core.mobile.keyword.MobileBuiltInKeywords.verifyElementVisible(MobileBuiltInKeywords.groovy:2031)
	at com.kms.katalon.core.mobile.keyword.MobileBuiltInKeywords$verifyElementVisible$5.call(Unknown Source)
	at duitNow_mobileNumberFavTransaction.run(duitNow_mobileNumberFavTransaction:177)
	at com.kms.katalon.core.main.ScriptEngine.run(ScriptEngine.java:194)
	at com.kms.katalon.core.main.ScriptEngine.runScriptAsRawText(ScriptEngine.java:119)
	at com.kms.katalon.core.main.TestCaseExecutor.runScript(TestCaseExecutor.java:445)
	at com.kms.katalon.core.main.TestCaseExecutor.doExecute(TestCaseExecutor.java:436)
	at com.kms.katalon.core.main.TestCaseExecutor.processExecutionPhase(TestCaseExecutor.java:415)
	at com.kms.katalon.core.main.TestCaseExecutor.accessMainPhase(TestCaseExecutor.java:407)
	at com.kms.katalon.core.main.TestCaseExecutor.execute(TestCaseExecutor.java:284)
	at com.kms.katalon.core.common.CommonExecutor.accessTestCaseMainPhase(CommonExecutor.java:65)
	at com.kms.katalon.core.main.TestSuiteExecutor.accessTestSuiteMainPhase(TestSuiteExecutor.java:144)
	at com.kms.katalon.core.main.TestSuiteExecutor.execute(TestSuiteExecutor.java:106)
	at com.kms.katalon.core.main.TestCaseMain.startTestSuite(TestCaseMain.java:185)
	at com.kms.katalon.core.main.TestCaseMain$startTestSuite$0.call(Unknown Source)
	at TempTestSuite1655885093224.run(TempTestSuite1655885093224.groovy:36)
)

2022-06-22 16:49:25 - [MESSAGE][FAILED] - Failed to check for element 'Object Repository/Login Onboarding/loginPinTickBtn' visible (Root cause: org.openqa.selenium.WebDriverException: An unknown server-side error occurred while processing the command. Original error: 'GET /window/current/size' cannot be proxied to UiAutomator2 server because the instrumentation process is not running (probably crashed). Check the server log and/or the logcat output for more details
Build info: version: '3.141.59', revision: 'e82be7d358', time: '2018-11-14T08:25:53'
System info: host: '00139272s-MacBook-Pro.local', ip: '2001:e68:6167:d901:5dd8:2a3:885f:7e34%en0', os.name: 'Mac OS X', os.arch: 'x86_64', os.version: '10.16', java.version: '1.8.0_275'
Driver info: com.kms.katalon.core.appium.driver.SwipeableAndroidDriver
Capabilities {app: /Users/a00139272/Katalon St..., appActivity: com.maybank2u.life.MainActi..., appPackage: com.maybank2u.life.sit, appWaitActivity: *, autoGrantPermissions: true, automationName: uiautomator2, chromedriverPort: 52878, databaseEnabled: false, desired: {app: /Users/a00139272/Katalon St..., appActivity: com.maybank2u.life.MainActi..., appPackage: com.maybank2u.life.sit, appWaitActivity: *, autoGrantPermissions: true, automationName: uiautomator2, chromedriverPort: 52878, deviceId: 002b9cc60508, deviceName: Xiaomi 21061119AG (Android 11), fullReset: false, newCommandTimeout: 1800, noReset: true, platform: ANDROID, platformName: android, platformVersion: 11, systemPort: 52876, udid: 002b9cc60508}, deviceApiLevel: 30, deviceId: 002b9cc60508, deviceManufacturer: Xiaomi, deviceModel: 21061119AG, deviceName: 002b9cc60508, deviceScreenDensity: 440, deviceScreenSize: 1080x2400, deviceUDID: 002b9cc60508, fullReset: false, javascriptEnabled: true, locationContextEnabled: false, networkConnectionEnabled: true, newCommandTimeout: 1800, noReset: true, pixelRatio: 2.75, platform: ANDROID, platformName: Android, platformVersion: 11, statBarHeight: 103, systemPort: 52876, takesScreenshot: true, udid: 002b9cc60508, viewportRect: {height: 2064, left: 0, top: 103, width: 1080}, warnings: {}, webStorageEnabled: false}
Session ID: 07e0a906-f567-4646-abfd-84c6cc800d18
	at org.openqa.selenium.remote.http.W3CHttpResponseCodec.createException(W3CHttpResponseCodec.java:187)
	at org.openqa.selenium.remote.http.W3CHttpResponseCodec.decode(W3CHttpResponseCodec.java:122)
	at org.openqa.selenium.remote.http.W3CHttpResponseCodec.decode(W3CHttpResponseCodec.java:49)
	at org.openqa.selenium.remote.HttpCommandExecutor.execute(HttpCommandExecutor.java:158)
	at io.appium.java_client.remote.AppiumCommandExecutor.execute(AppiumCommandExecutor.java:239)
	at org.openqa.selenium.remote.RemoteWebDriver.execute(RemoteWebDriver.java:552)
	at io.appium.java_client.DefaultGenericMobileDriver.execute(DefaultGenericMobileDriver.java:46)
	at io.appium.java_client.AppiumDriver.execute(AppiumDriver.java:1)
	at io.appium.java_client.android.AndroidDriver.execute(AndroidDriver.java:1)
	at com.kms.katalon.core.appium.driver.SwipeableAndroidDriver.execute(SwipeableAndroidDriver.java:1)
	at org.openqa.selenium.remote.RemoteWebDriver$RemoteWebDriverOptions$RemoteWindow.getSize(RemoteWebDriver.java:813)
	at org.openqa.selenium.WebDriver$Window$getSize.call(Unknown Source)
	at com.kms.katalon.core.mobile.keyword.internal.MobileAbstractKeyword.findElement(MobileAbstractKeyword.groovy:81)
	at com.kms.katalon.core.mobile.keyword.builtin.VerifyElementVisibleKeyword.access$1(VerifyElementVisibleKeyword.groovy)
	at com.kms.katalon.core.mobile.keyword.builtin.VerifyElementVisibleKeyword$_verifyElementVisible_closure1.doCall(VerifyElementVisibleKeyword.groovy:72)
	at com.kms.katalon.core.mobile.keyword.builtin.VerifyElementVisibleKeyword$_verifyElementVisible_closure1.call(VerifyElementVisibleKeyword.groovy)
	at com.kms.katalon.core.mobile.keyword.internal.MobileKeywordMain.runKeyword(MobileKeywordMain.groovy:21)
	at com.kms.katalon.core.mobile.keyword.builtin.VerifyElementVisibleKeyword.verifyElementVisible(VerifyElementVisibleKeyword.groovy:85)
	at com.kms.katalon.core.mobile.keyword.builtin.VerifyElementVisibleKeyword.execute(VerifyElementVisibleKeyword.groovy:64)
	at com.kms.katalon.core.keyword.internal.KeywordExecutor.executeKeywordForPlatform(KeywordExecutor.groovy:74)
	at com.kms.katalon.core.mobile.keyword.MobileBuiltInKeywords.verifyElementVisible(MobileBuiltInKeywords.groovy:2031)
	at com.kms.katalon.core.mobile.keyword.MobileBuiltInKeywords$verifyElementVisible$5.call(Unknown Source)
	at duitNow_mobileNumberFavTransaction.run(duitNow_mobileNumberFavTransaction:177)
	at com.kms.katalon.core.main.ScriptEngine.run(ScriptEngine.java:194)
	at com.kms.katalon.core.main.ScriptEngine.runScriptAsRawText(ScriptEngine.java:119)
	at com.kms.katalon.core.main.TestCaseExecutor.runScript(TestCaseExecutor.java:445)
	at com.kms.katalon.core.main.TestCaseExecutor.doExecute(TestCaseExecutor.java:436)
	at com.kms.katalon.core.main.TestCaseExecutor.processExecutionPhase(TestCaseExecutor.java:415)
	at com.kms.katalon.core.main.TestCaseExecutor.accessMainPhase(TestCaseExecutor.java:407)
	at com.kms.katalon.core.main.TestCaseExecutor.execute(TestCaseExecutor.java:284)
	at com.kms.katalon.core.common.CommonExecutor.accessTestCaseMainPhase(CommonExecutor.java:65)
	at com.kms.katalon.core.main.TestSuiteExecutor.accessTestSuiteMainPhase(TestSuiteExecutor.java:144)
	at com.kms.katalon.core.main.TestSuiteExecutor.execute(TestSuiteExecutor.java:106)
	at com.kms.katalon.core.main.TestCaseMain.startTestSuite(TestCaseMain.java:185)
	at com.kms.katalon.core.main.TestCaseMain$startTestSuite$0.call(Unknown Source)
	at TempTestSuite1655885093224.run(TempTestSuite1655885093224.groovy:36)
)

2022-06-22 16:49:25 - [TEST_STEP][FAILED] - tap(findTestObject("Login Onboarding/loginPinTickBtn"), 0): Failed to tap on element 'Object Repository/Login Onboarding/loginPinTickBtn' (Root cause: org.openqa.selenium.WebDriverException: An unknown server-side error occurred while processing the command. Original error: 'GET /window/current/size' cannot be proxied to UiAutomator2 server because the instrumentation process is not running (probably crashed). Check the server log and/or the logcat output for more details
Build info: version: '3.141.59', revision: 'e82be7d358', time: '2018-11-14T08:25:53'
System info: host: '00139272s-MacBook-Pro.local', ip: '2001:e68:6167:d901:5dd8:2a3:885f:7e34%en0', os.name: 'Mac OS X', os.arch: 'x86_64', os.version: '10.16', java.version: '1.8.0_275'
Driver info: com.kms.katalon.core.appium.driver.SwipeableAndroidDriver
Capabilities {app: /Users/a00139272/Katalon St..., appActivity: com.maybank2u.life.MainActi..., appPackage: com.maybank2u.life.sit, appWaitActivity: *, autoGrantPermissions: true, automationName: uiautomator2, chromedriverPort: 52878, databaseEnabled: false, desired: {app: /Users/a00139272/Katalon St..., appActivity: com.maybank2u.life.MainActi..., appPackage: com.maybank2u.life.sit, appWaitActivity: *, autoGrantPermissions: true, automationName: uiautomator2, chromedriverPort: 52878, deviceId: 002b9cc60508, deviceName: Xiaomi 21061119AG (Android 11), fullReset: false, newCommandTimeout: 1800, noReset: true, platform: ANDROID, platformName: android, platformVersion: 11, systemPort: 52876, udid: 002b9cc60508}, deviceApiLevel: 30, deviceId: 002b9cc60508, deviceManufacturer: Xiaomi, deviceModel: 21061119AG, deviceName: 002b9cc60508, deviceScreenDensity: 440, deviceScreenSize: 1080x2400, deviceUDID: 002b9cc60508, fullReset: false, javascriptEnabled: true, locationContextEnabled: false, networkConnectionEnabled: true, newCommandTimeout: 1800, noReset: true, pixelRatio: 2.75, platform: ANDROID, platformName: Android, platformVersion: 11, statBarHeight: 103, systemPort: 52876, takesScreenshot: true, udid: 002b9cc60508, viewportRect: {height: 2064, left: 0, top: 103, width: 1080}, warnings: {}, webStorageEnabled: false}
Session ID: 07e0a906-f567-4646-abfd-84c6cc800d18
	at org.openqa.selenium.remote.http.W3CHttpResponseCodec.createException(W3CHttpResponseCodec.java:187)
	at org.openqa.selenium.remote.http.W3CHttpResponseCodec.decode(W3CHttpResponseCodec.java:122)
	at org.openqa.selenium.remote.http.W3CHttpResponseCodec.decode(W3CHttpResponseCodec.java:49)
	at org.openqa.selenium.remote.HttpCommandExecutor.execute(HttpCommandExecutor.java:158)
	at io.appium.java_client.remote.AppiumCommandExecutor.execute(AppiumCommandExecutor.java:239)
	at org.openqa.selenium.remote.RemoteWebDriver.execute(RemoteWebDriver.java:552)
	at io.appium.java_client.DefaultGenericMobileDriver.execute(DefaultGenericMobileDriver.java:46)
	at io.appium.java_client.AppiumDriver.execute(AppiumDriver.java:1)
	at io.appium.java_client.android.AndroidDriver.execute(AndroidDriver.java:1)
	at com.kms.katalon.core.appium.driver.SwipeableAndroidDriver.execute(SwipeableAndroidDriver.java:1)
	at org.openqa.selenium.remote.RemoteWebDriver$RemoteWebDriverOptions$RemoteWindow.getSize(RemoteWebDriver.java:813)
	at org.openqa.selenium.WebDriver$Window$getSize.call(Unknown Source)
	at com.kms.katalon.core.mobile.keyword.internal.MobileAbstractKeyword.findElement(MobileAbstractKeyword.groovy:81)
	at com.kms.katalon.core.mobile.keyword.builtin.TapKeyword.access$1(TapKeyword.groovy)
	at com.kms.katalon.core.mobile.keyword.builtin.TapKeyword$_tap_closure1.doCall(TapKeyword.groovy:76)
	at com.kms.katalon.core.mobile.keyword.builtin.TapKeyword$_tap_closure1.call(TapKeyword.groovy)
	at com.kms.katalon.core.mobile.keyword.internal.MobileKeywordMain.runKeyword(MobileKeywordMain.groovy:21)
	at com.kms.katalon.core.mobile.keyword.builtin.TapKeyword.tap(TapKeyword.groovy:84)
	at com.kms.katalon.core.mobile.keyword.builtin.TapKeyword.execute(TapKeyword.groovy:68)
	at com.kms.katalon.core.keyword.internal.KeywordExecutor.executeKeywordForPlatform(KeywordExecutor.groovy:74)
	at com.kms.katalon.core.mobile.keyword.MobileBuiltInKeywords.tap(MobileBuiltInKeywords.groovy:1490)
	at com.kms.katalon.core.mobile.keyword.MobileBuiltInKeywords$tap$4.call(Unknown Source)
	at duitNow_mobileNumberFavTransaction.run(duitNow_mobileNumberFavTransaction:179)
	at com.kms.katalon.core.main.ScriptEngine.run(ScriptEngine.java:194)
	at com.kms.katalon.core.main.ScriptEngine.runScriptAsRawText(ScriptEngine.java:119)
	at com.kms.katalon.core.main.TestCaseExecutor.runScript(TestCaseExecutor.java:445)
	at com.kms.katalon.core.main.TestCaseExecutor.doExecute(TestCaseExecutor.java:436)
	at com.kms.katalon.core.main.TestCaseExecutor.processExecutionPhase(TestCaseExecutor.java:415)
	at com.kms.katalon.core.main.TestCaseExecutor.accessMainPhase(TestCaseExecutor.java:407)
	at com.kms.katalon.core.main.TestCaseExecutor.execute(TestCaseExecutor.java:284)
	at com.kms.katalon.core.common.CommonExecutor.accessTestCaseMainPhase(CommonExecutor.java:65)
	at com.kms.katalon.core.main.TestSuiteExecutor.accessTestSuiteMainPhase(TestSuiteExecutor.java:144)
	at com.kms.katalon.core.main.TestSuiteExecutor.execute(TestSuiteExecutor.java:106)
	at com.kms.katalon.core.main.TestCaseMain.startTestSuite(TestCaseMain.java:185)
	at com.kms.katalon.core.main.TestCaseMain$startTestSuite$0.call(Unknown Source)
	at TempTestSuite1655885093224.run(TempTestSuite1655885093224.groovy:36)
)

2022-06-22 16:49:25 - [MESSAGE][WARNING] - Timeout '0' is invalid. Using default page load timeout: '40'

2022-06-22 16:49:25 - [MESSAGE][FAILED] - Failed to tap on element 'Object Repository/Login Onboarding/loginPinTickBtn' (Root cause: org.openqa.selenium.WebDriverException: An unknown server-side error occurred while processing the command. Original error: 'GET /window/current/size' cannot be proxied to UiAutomator2 server because the instrumentation process is not running (probably crashed). Check the server log and/or the logcat output for more details
Build info: version: '3.141.59', revision: 'e82be7d358', time: '2018-11-14T08:25:53'
System info: host: '00139272s-MacBook-Pro.local', ip: '2001:e68:6167:d901:5dd8:2a3:885f:7e34%en0', os.name: 'Mac OS X', os.arch: 'x86_64', os.version: '10.16', java.version: '1.8.0_275'
Driver info: com.kms.katalon.core.appium.driver.SwipeableAndroidDriver
Capabilities {app: /Users/a00139272/Katalon St..., appActivity: com.maybank2u.life.MainActi..., appPackage: com.maybank2u.life.sit, appWaitActivity: *, autoGrantPermissions: true, automationName: uiautomator2, chromedriverPort: 52878, databaseEnabled: false, desired: {app: /Users/a00139272/Katalon St..., appActivity: com.maybank2u.life.MainActi..., appPackage: com.maybank2u.life.sit, appWaitActivity: *, autoGrantPermissions: true, automationName: uiautomator2, chromedriverPort: 52878, deviceId: 002b9cc60508, deviceName: Xiaomi 21061119AG (Android 11), fullReset: false, newCommandTimeout: 1800, noReset: true, platform: ANDROID, platformName: android, platformVersion: 11, systemPort: 52876, udid: 002b9cc60508}, deviceApiLevel: 30, deviceId: 002b9cc60508, deviceManufacturer: Xiaomi, deviceModel: 21061119AG, deviceName: 002b9cc60508, deviceScreenDensity: 440, deviceScreenSize: 1080x2400, deviceUDID: 002b9cc60508, fullReset: false, javascriptEnabled: true, locationContextEnabled: false, networkConnectionEnabled: true, newCommandTimeout: 1800, noReset: true, pixelRatio: 2.75, platform: ANDROID, platformName: Android, platformVersion: 11, statBarHeight: 103, systemPort: 52876, takesScreenshot: true, udid: 002b9cc60508, viewportRect: {height: 2064, left: 0, top: 103, width: 1080}, warnings: {}, webStorageEnabled: false}
Session ID: 07e0a906-f567-4646-abfd-84c6cc800d18
	at org.openqa.selenium.remote.http.W3CHttpResponseCodec.createException(W3CHttpResponseCodec.java:187)
	at org.openqa.selenium.remote.http.W3CHttpResponseCodec.decode(W3CHttpResponseCodec.java:122)
	at org.openqa.selenium.remote.http.W3CHttpResponseCodec.decode(W3CHttpResponseCodec.java:49)
	at org.openqa.selenium.remote.HttpCommandExecutor.execute(HttpCommandExecutor.java:158)
	at io.appium.java_client.remote.AppiumCommandExecutor.execute(AppiumCommandExecutor.java:239)
	at org.openqa.selenium.remote.RemoteWebDriver.execute(RemoteWebDriver.java:552)
	at io.appium.java_client.DefaultGenericMobileDriver.execute(DefaultGenericMobileDriver.java:46)
	at io.appium.java_client.AppiumDriver.execute(AppiumDriver.java:1)
	at io.appium.java_client.android.AndroidDriver.execute(AndroidDriver.java:1)
	at com.kms.katalon.core.appium.driver.SwipeableAndroidDriver.execute(SwipeableAndroidDriver.java:1)
	at org.openqa.selenium.remote.RemoteWebDriver$RemoteWebDriverOptions$RemoteWindow.getSize(RemoteWebDriver.java:813)
	at org.openqa.selenium.WebDriver$Window$getSize.call(Unknown Source)
	at com.kms.katalon.core.mobile.keyword.internal.MobileAbstractKeyword.findElement(MobileAbstractKeyword.groovy:81)
	at com.kms.katalon.core.mobile.keyword.builtin.TapKeyword.access$1(TapKeyword.groovy)
	at com.kms.katalon.core.mobile.keyword.builtin.TapKeyword$_tap_closure1.doCall(TapKeyword.groovy:76)
	at com.kms.katalon.core.mobile.keyword.builtin.TapKeyword$_tap_closure1.call(TapKeyword.groovy)
	at com.kms.katalon.core.mobile.keyword.internal.MobileKeywordMain.runKeyword(MobileKeywordMain.groovy:21)
	at com.kms.katalon.core.mobile.keyword.builtin.TapKeyword.tap(TapKeyword.groovy:84)
	at com.kms.katalon.core.mobile.keyword.builtin.TapKeyword.execute(TapKeyword.groovy:68)
	at com.kms.katalon.core.keyword.internal.KeywordExecutor.executeKeywordForPlatform(KeywordExecutor.groovy:74)
	at com.kms.katalon.core.mobile.keyword.MobileBuiltInKeywords.tap(MobileBuiltInKeywords.groovy:1490)
	at com.kms.katalon.core.mobile.keyword.MobileBuiltInKeywords$tap$4.call(Unknown Source)
	at duitNow_mobileNumberFavTransaction.run(duitNow_mobileNumberFavTransaction:179)
	at com.kms.katalon.core.main.ScriptEngine.run(ScriptEngine.java:194)
	at com.kms.katalon.core.main.ScriptEngine.runScriptAsRawText(ScriptEngine.java:119)
	at com.kms.katalon.core.main.TestCaseExecutor.runScript(TestCaseExecutor.java:445)
	at com.kms.katalon.core.main.TestCaseExecutor.doExecute(TestCaseExecutor.java:436)
	at com.kms.katalon.core.main.TestCaseExecutor.processExecutionPhase(TestCaseExecutor.java:415)
	at com.kms.katalon.core.main.TestCaseExecutor.accessMainPhase(TestCaseExecutor.java:407)
	at com.kms.katalon.core.main.TestCaseExecutor.execute(TestCaseExecutor.java:284)
	at com.kms.katalon.core.common.CommonExecutor.accessTestCaseMainPhase(CommonExecutor.java:65)
	at com.kms.katalon.core.main.TestSuiteExecutor.accessTestSuiteMainPhase(TestSuiteExecutor.java:144)
	at com.kms.katalon.core.main.TestSuiteExecutor.execute(TestSuiteExecutor.java:106)
	at com.kms.katalon.core.main.TestCaseMain.startTestSuite(TestCaseMain.java:185)
	at com.kms.katalon.core.main.TestCaseMain$startTestSuite$0.call(Unknown Source)
	at TempTestSuite1655885093224.run(TempTestSuite1655885093224.groovy:36)
)

2022-06-22 16:49:25 - [TEST_STEP][PASSED] - delay(3): Delayed 3 second(s)

2022-06-22 16:49:28 - [MESSAGE][PASSED] - Delayed 3 second(s)

2022-06-22 16:49:28 - [TEST_STEP][FAILED] - verifyElementText(findTestObject("Duit Now/duitNowReferenceProxyNumberTxt", ["proxyNumber":proxyNumber]), proxyNumber): Verify element text of test object 'Object Repository/Duit Now/duitNowReferenceProxyNumberTxt' FAILED. (Root cause: org.openqa.selenium.WebDriverException: An unknown server-side error occurred while processing the command. Original error: 'GET /window/current/size' cannot be proxied to UiAutomator2 server because the instrumentation process is not running (probably crashed). Check the server log and/or the logcat output for more details
Build info: version: '3.141.59', revision: 'e82be7d358', time: '2018-11-14T08:25:53'
System info: host: '00139272s-MacBook-Pro.local', ip: '2001:e68:6167:d901:5dd8:2a3:885f:7e34%en0', os.name: 'Mac OS X', os.arch: 'x86_64', os.version: '10.16', java.version: '1.8.0_275'
Driver info: com.kms.katalon.core.appium.driver.SwipeableAndroidDriver
Capabilities {app: /Users/a00139272/Katalon St..., appActivity: com.maybank2u.life.MainActi..., appPackage: com.maybank2u.life.sit, appWaitActivity: *, autoGrantPermissions: true, automationName: uiautomator2, chromedriverPort: 52878, databaseEnabled: false, desired: {app: /Users/a00139272/Katalon St..., appActivity: com.maybank2u.life.MainActi..., appPackage: com.maybank2u.life.sit, appWaitActivity: *, autoGrantPermissions: true, automationName: uiautomator2, chromedriverPort: 52878, deviceId: 002b9cc60508, deviceName: Xiaomi 21061119AG (Android 11), fullReset: false, newCommandTimeout: 1800, noReset: true, platform: ANDROID, platformName: android, platformVersion: 11, systemPort: 52876, udid: 002b9cc60508}, deviceApiLevel: 30, deviceId: 002b9cc60508, deviceManufacturer: Xiaomi, deviceModel: 21061119AG, deviceName: 002b9cc60508, deviceScreenDensity: 440, deviceScreenSize: 1080x2400, deviceUDID: 002b9cc60508, fullReset: false, javascriptEnabled: true, locationContextEnabled: false, networkConnectionEnabled: true, newCommandTimeout: 1800, noReset: true, pixelRatio: 2.75, platform: ANDROID, platformName: Android, platformVersion: 11, statBarHeight: 103, systemPort: 52876, takesScreenshot: true, udid: 002b9cc60508, viewportRect: {height: 2064, left: 0, top: 103, width: 1080}, warnings: {}, webStorageEnabled: false}
Session ID: 07e0a906-f567-4646-abfd-84c6cc800d18
	at org.openqa.selenium.remote.http.W3CHttpResponseCodec.createException(W3CHttpResponseCodec.java:187)
	at org.openqa.selenium.remote.http.W3CHttpResponseCodec.decode(W3CHttpResponseCodec.java:122)
	at org.openqa.selenium.remote.http.W3CHttpResponseCodec.decode(W3CHttpResponseCodec.java:49)
	at org.openqa.selenium.remote.HttpCommandExecutor.execute(HttpCommandExecutor.java:158)
	at io.appium.java_client.remote.AppiumCommandExecutor.execute(AppiumCommandExecutor.java:239)
	at org.openqa.selenium.remote.RemoteWebDriver.execute(RemoteWebDriver.java:552)
	at io.appium.java_client.DefaultGenericMobileDriver.execute(DefaultGenericMobileDriver.java:46)
	at io.appium.java_client.AppiumDriver.execute(AppiumDriver.java:1)
	at io.appium.java_client.android.AndroidDriver.execute(AndroidDriver.java:1)
	at com.kms.katalon.core.appium.driver.SwipeableAndroidDriver.execute(SwipeableAndroidDriver.java:1)
	at org.openqa.selenium.remote.RemoteWebDriver$RemoteWebDriverOptions$RemoteWindow.getSize(RemoteWebDriver.java:813)
	at org.openqa.selenium.WebDriver$Window$getSize.call(Unknown Source)
	at com.kms.katalon.core.mobile.keyword.internal.MobileAbstractKeyword.findElement(MobileAbstractKeyword.groovy:81)
	at com.kms.katalon.core.mobile.keyword.builtin.VerifyElementTextKeyword.access$1(VerifyElementTextKeyword.groovy)
	at com.kms.katalon.core.mobile.keyword.builtin.VerifyElementTextKeyword$_verifyElementText_closure1.doCall(VerifyElementTextKeyword.groovy:47)
	at com.kms.katalon.core.mobile.keyword.builtin.VerifyElementTextKeyword$_verifyElementText_closure1.call(VerifyElementTextKeyword.groovy)
	at com.kms.katalon.core.mobile.keyword.internal.MobileKeywordMain.runKeyword(MobileKeywordMain.groovy:21)
	at com.kms.katalon.core.mobile.keyword.builtin.VerifyElementTextKeyword.verifyElementText(VerifyElementTextKeyword.groovy:62)
	at com.kms.katalon.core.mobile.keyword.builtin.VerifyElementTextKeyword.execute(VerifyElementTextKeyword.groovy:39)
	at com.kms.katalon.core.keyword.internal.KeywordExecutor.executeKeywordForPlatform(KeywordExecutor.groovy:74)
	at com.kms.katalon.core.mobile.keyword.MobileBuiltInKeywords.verifyElementText(MobileBuiltInKeywords.groovy:2901)
	at com.kms.katalon.core.mobile.keyword.MobileBuiltInKeywords$verifyElementText$9.call(Unknown Source)
	at duitNow_mobileNumberFavTransaction.run(duitNow_mobileNumberFavTransaction:183)
	at com.kms.katalon.core.main.ScriptEngine.run(ScriptEngine.java:194)
	at com.kms.katalon.core.main.ScriptEngine.runScriptAsRawText(ScriptEngine.java:119)
	at com.kms.katalon.core.main.TestCaseExecutor.runScript(TestCaseExecutor.java:445)
	at com.kms.katalon.core.main.TestCaseExecutor.doExecute(TestCaseExecutor.java:436)
	at com.kms.katalon.core.main.TestCaseExecutor.processExecutionPhase(TestCaseExecutor.java:415)
	at com.kms.katalon.core.main.TestCaseExecutor.accessMainPhase(TestCaseExecutor.java:407)
	at com.kms.katalon.core.main.TestCaseExecutor.execute(TestCaseExecutor.java:284)
	at com.kms.katalon.core.common.CommonExecutor.accessTestCaseMainPhase(CommonExecutor.java:65)
	at com.kms.katalon.core.main.TestSuiteExecutor.accessTestSuiteMainPhase(TestSuiteExecutor.java:144)
	at com.kms.katalon.core.main.TestSuiteExecutor.execute(TestSuiteExecutor.java:106)
	at com.kms.katalon.core.main.TestCaseMain.startTestSuite(TestCaseMain.java:185)
	at com.kms.katalon.core.main.TestCaseMain$startTestSuite$0.call(Unknown Source)
	at TempTestSuite1655885093224.run(TempTestSuite1655885093224.groovy:36)
)

2022-06-22 16:49:28 - [MESSAGE][FAILED] - Verify element text of test object 'Object Repository/Duit Now/duitNowReferenceProxyNumberTxt' FAILED. (Root cause: org.openqa.selenium.WebDriverException: An unknown server-side error occurred while processing the command. Original error: 'GET /window/current/size' cannot be proxied to UiAutomator2 server because the instrumentation process is not running (probably crashed). Check the server log and/or the logcat output for more details
Build info: version: '3.141.59', revision: 'e82be7d358', time: '2018-11-14T08:25:53'
System info: host: '00139272s-MacBook-Pro.local', ip: '2001:e68:6167:d901:5dd8:2a3:885f:7e34%en0', os.name: 'Mac OS X', os.arch: 'x86_64', os.version: '10.16', java.version: '1.8.0_275'
Driver info: com.kms.katalon.core.appium.driver.SwipeableAndroidDriver
Capabilities {app: /Users/a00139272/Katalon St..., appActivity: com.maybank2u.life.MainActi..., appPackage: com.maybank2u.life.sit, appWaitActivity: *, autoGrantPermissions: true, automationName: uiautomator2, chromedriverPort: 52878, databaseEnabled: false, desired: {app: /Users/a00139272/Katalon St..., appActivity: com.maybank2u.life.MainActi..., appPackage: com.maybank2u.life.sit, appWaitActivity: *, autoGrantPermissions: true, automationName: uiautomator2, chromedriverPort: 52878, deviceId: 002b9cc60508, deviceName: Xiaomi 21061119AG (Android 11), fullReset: false, newCommandTimeout: 1800, noReset: true, platform: ANDROID, platformName: android, platformVersion: 11, systemPort: 52876, udid: 002b9cc60508}, deviceApiLevel: 30, deviceId: 002b9cc60508, deviceManufacturer: Xiaomi, deviceModel: 21061119AG, deviceName: 002b9cc60508, deviceScreenDensity: 440, deviceScreenSize: 1080x2400, deviceUDID: 002b9cc60508, fullReset: false, javascriptEnabled: true, locationContextEnabled: false, networkConnectionEnabled: true, newCommandTimeout: 1800, noReset: true, pixelRatio: 2.75, platform: ANDROID, platformName: Android, platformVersion: 11, statBarHeight: 103, systemPort: 52876, takesScreenshot: true, udid: 002b9cc60508, viewportRect: {height: 2064, left: 0, top: 103, width: 1080}, warnings: {}, webStorageEnabled: false}
Session ID: 07e0a906-f567-4646-abfd-84c6cc800d18
	at org.openqa.selenium.remote.http.W3CHttpResponseCodec.createException(W3CHttpResponseCodec.java:187)
	at org.openqa.selenium.remote.http.W3CHttpResponseCodec.decode(W3CHttpResponseCodec.java:122)
	at org.openqa.selenium.remote.http.W3CHttpResponseCodec.decode(W3CHttpResponseCodec.java:49)
	at org.openqa.selenium.remote.HttpCommandExecutor.execute(HttpCommandExecutor.java:158)
	at io.appium.java_client.remote.AppiumCommandExecutor.execute(AppiumCommandExecutor.java:239)
	at org.openqa.selenium.remote.RemoteWebDriver.execute(RemoteWebDriver.java:552)
	at io.appium.java_client.DefaultGenericMobileDriver.execute(DefaultGenericMobileDriver.java:46)
	at io.appium.java_client.AppiumDriver.execute(AppiumDriver.java:1)
	at io.appium.java_client.android.AndroidDriver.execute(AndroidDriver.java:1)
	at com.kms.katalon.core.appium.driver.SwipeableAndroidDriver.execute(SwipeableAndroidDriver.java:1)
	at org.openqa.selenium.remote.RemoteWebDriver$RemoteWebDriverOptions$RemoteWindow.getSize(RemoteWebDriver.java:813)
	at org.openqa.selenium.WebDriver$Window$getSize.call(Unknown Source)
	at com.kms.katalon.core.mobile.keyword.internal.MobileAbstractKeyword.findElement(MobileAbstractKeyword.groovy:81)
	at com.kms.katalon.core.mobile.keyword.builtin.VerifyElementTextKeyword.access$1(VerifyElementTextKeyword.groovy)
	at com.kms.katalon.core.mobile.keyword.builtin.VerifyElementTextKeyword$_verifyElementText_closure1.doCall(VerifyElementTextKeyword.groovy:47)
	at com.kms.katalon.core.mobile.keyword.builtin.VerifyElementTextKeyword$_verifyElementText_closure1.call(VerifyElementTextKeyword.groovy)
	at com.kms.katalon.core.mobile.keyword.internal.MobileKeywordMain.runKeyword(MobileKeywordMain.groovy:21)
	at com.kms.katalon.core.mobile.keyword.builtin.VerifyElementTextKeyword.verifyElementText(VerifyElementTextKeyword.groovy:62)
	at com.kms.katalon.core.mobile.keyword.builtin.VerifyElementTextKeyword.execute(VerifyElementTextKeyword.groovy:39)
	at com.kms.katalon.core.keyword.internal.KeywordExecutor.executeKeywordForPlatform(KeywordExecutor.groovy:74)
	at com.kms.katalon.core.mobile.keyword.MobileBuiltInKeywords.verifyElementText(MobileBuiltInKeywords.groovy:2901)
	at com.kms.katalon.core.mobile.keyword.MobileBuiltInKeywords$verifyElementText$9.call(Unknown Source)
	at duitNow_mobileNumberFavTransaction.run(duitNow_mobileNumberFavTransaction:183)
	at com.kms.katalon.core.main.ScriptEngine.run(ScriptEngine.java:194)
	at com.kms.katalon.core.main.ScriptEngine.runScriptAsRawText(ScriptEngine.java:119)
	at com.kms.katalon.core.main.TestCaseExecutor.runScript(TestCaseExecutor.java:445)
	at com.kms.katalon.core.main.TestCaseExecutor.doExecute(TestCaseExecutor.java:436)
	at com.kms.katalon.core.main.TestCaseExecutor.processExecutionPhase(TestCaseExecutor.java:415)
	at com.kms.katalon.core.main.TestCaseExecutor.accessMainPhase(TestCaseExecutor.java:407)
	at com.kms.katalon.core.main.TestCaseExecutor.execute(TestCaseExecutor.java:284)
	at com.kms.katalon.core.common.CommonExecutor.accessTestCaseMainPhase(CommonExecutor.java:65)
	at com.kms.katalon.core.main.TestSuiteExecutor.accessTestSuiteMainPhase(TestSuiteExecutor.java:144)
	at com.kms.katalon.core.main.TestSuiteExecutor.execute(TestSuiteExecutor.java:106)
	at com.kms.katalon.core.main.TestCaseMain.startTestSuite(TestCaseMain.java:185)
	at com.kms.katalon.core.main.TestCaseMain$startTestSuite$0.call(Unknown Source)
	at TempTestSuite1655885093224.run(TempTestSuite1655885093224.groovy:36)
)

2022-06-22 16:49:28 - [TEST_STEP][FAILED] - verifyElementText(findTestObject("Duit Now/duitNowReferenceProxyTypeTxt", ["proxyType":proxyType]), proxyType): Verify element text of test object 'Object Repository/Duit Now/duitNowReferenceProxyTypeTxt' FAILED. (Root cause: org.openqa.selenium.WebDriverException: An unknown server-side error occurred while processing the command. Original error: 'GET /window/current/size' cannot be proxied to UiAutomator2 server because the instrumentation process is not running (probably crashed). Check the server log and/or the logcat output for more details
Build info: version: '3.141.59', revision: 'e82be7d358', time: '2018-11-14T08:25:53'
System info: host: '00139272s-MacBook-Pro.local', ip: '2001:e68:6167:d901:5dd8:2a3:885f:7e34%en0', os.name: 'Mac OS X', os.arch: 'x86_64', os.version: '10.16', java.version: '1.8.0_275'
Driver info: com.kms.katalon.core.appium.driver.SwipeableAndroidDriver
Capabilities {app: /Users/a00139272/Katalon St..., appActivity: com.maybank2u.life.MainActi..., appPackage: com.maybank2u.life.sit, appWaitActivity: *, autoGrantPermissions: true, automationName: uiautomator2, chromedriverPort: 52878, databaseEnabled: false, desired: {app: /Users/a00139272/Katalon St..., appActivity: com.maybank2u.life.MainActi..., appPackage: com.maybank2u.life.sit, appWaitActivity: *, autoGrantPermissions: true, automationName: uiautomator2, chromedriverPort: 52878, deviceId: 002b9cc60508, deviceName: Xiaomi 21061119AG (Android 11), fullReset: false, newCommandTimeout: 1800, noReset: true, platform: ANDROID, platformName: android, platformVersion: 11, systemPort: 52876, udid: 002b9cc60508}, deviceApiLevel: 30, deviceId: 002b9cc60508, deviceManufacturer: Xiaomi, deviceModel: 21061119AG, deviceName: 002b9cc60508, deviceScreenDensity: 440, deviceScreenSize: 1080x2400, deviceUDID: 002b9cc60508, fullReset: false, javascriptEnabled: true, locationContextEnabled: false, networkConnectionEnabled: true, newCommandTimeout: 1800, noReset: true, pixelRatio: 2.75, platform: ANDROID, platformName: Android, platformVersion: 11, statBarHeight: 103, systemPort: 52876, takesScreenshot: true, udid: 002b9cc60508, viewportRect: {height: 2064, left: 0, top: 103, width: 1080}, warnings: {}, webStorageEnabled: false}
Session ID: 07e0a906-f567-4646-abfd-84c6cc800d18
	at org.openqa.selenium.remote.http.W3CHttpResponseCodec.createException(W3CHttpResponseCodec.java:187)
	at org.openqa.selenium.remote.http.W3CHttpResponseCodec.decode(W3CHttpResponseCodec.java:122)
	at org.openqa.selenium.remote.http.W3CHttpResponseCodec.decode(W3CHttpResponseCodec.java:49)
	at org.openqa.selenium.remote.HttpCommandExecutor.execute(HttpCommandExecutor.java:158)
	at io.appium.java_client.remote.AppiumCommandExecutor.execute(AppiumCommandExecutor.java:239)
	at org.openqa.selenium.remote.RemoteWebDriver.execute(RemoteWebDriver.java:552)
	at io.appium.java_client.DefaultGenericMobileDriver.execute(DefaultGenericMobileDriver.java:46)
	at io.appium.java_client.AppiumDriver.execute(AppiumDriver.java:1)
	at io.appium.java_client.android.AndroidDriver.execute(AndroidDriver.java:1)
	at com.kms.katalon.core.appium.driver.SwipeableAndroidDriver.execute(SwipeableAndroidDriver.java:1)
	at org.openqa.selenium.remote.RemoteWebDriver$RemoteWebDriverOptions$RemoteWindow.getSize(RemoteWebDriver.java:813)
	at org.openqa.selenium.WebDriver$Window$getSize.call(Unknown Source)
	at com.kms.katalon.core.mobile.keyword.internal.MobileAbstractKeyword.findElement(MobileAbstractKeyword.groovy:81)
	at com.kms.katalon.core.mobile.keyword.builtin.VerifyElementTextKeyword.access$1(VerifyElementTextKeyword.groovy)
	at com.kms.katalon.core.mobile.keyword.builtin.VerifyElementTextKeyword$_verifyElementText_closure1.doCall(VerifyElementTextKeyword.groovy:47)
	at com.kms.katalon.core.mobile.keyword.builtin.VerifyElementTextKeyword$_verifyElementText_closure1.call(VerifyElementTextKeyword.groovy)
	at com.kms.katalon.core.mobile.keyword.internal.MobileKeywordMain.runKeyword(MobileKeywordMain.groovy:21)
	at com.kms.katalon.core.mobile.keyword.builtin.VerifyElementTextKeyword.verifyElementText(VerifyElementTextKeyword.groovy:62)
	at com.kms.katalon.core.mobile.keyword.builtin.VerifyElementTextKeyword.execute(VerifyElementTextKeyword.groovy:39)
	at com.kms.katalon.core.keyword.internal.KeywordExecutor.executeKeywordForPlatform(KeywordExecutor.groovy:74)
	at com.kms.katalon.core.mobile.keyword.MobileBuiltInKeywords.verifyElementText(MobileBuiltInKeywords.groovy:2901)
	at com.kms.katalon.core.mobile.keyword.MobileBuiltInKeywords$verifyElementText$9.call(Unknown Source)
	at duitNow_mobileNumberFavTransaction.run(duitNow_mobileNumberFavTransaction:185)
	at com.kms.katalon.core.main.ScriptEngine.run(ScriptEngine.java:194)
	at com.kms.katalon.core.main.ScriptEngine.runScriptAsRawText(ScriptEngine.java:119)
	at com.kms.katalon.core.main.TestCaseExecutor.runScript(TestCaseExecutor.java:445)
	at com.kms.katalon.core.main.TestCaseExecutor.doExecute(TestCaseExecutor.java:436)
	at com.kms.katalon.core.main.TestCaseExecutor.processExecutionPhase(TestCaseExecutor.java:415)
	at com.kms.katalon.core.main.TestCaseExecutor.accessMainPhase(TestCaseExecutor.java:407)
	at com.kms.katalon.core.main.TestCaseExecutor.execute(TestCaseExecutor.java:284)
	at com.kms.katalon.core.common.CommonExecutor.accessTestCaseMainPhase(CommonExecutor.java:65)
	at com.kms.katalon.core.main.TestSuiteExecutor.accessTestSuiteMainPhase(TestSuiteExecutor.java:144)
	at com.kms.katalon.core.main.TestSuiteExecutor.execute(TestSuiteExecutor.java:106)
	at com.kms.katalon.core.main.TestCaseMain.startTestSuite(TestCaseMain.java:185)
	at com.kms.katalon.core.main.TestCaseMain$startTestSuite$0.call(Unknown Source)
	at TempTestSuite1655885093224.run(TempTestSuite1655885093224.groovy:36)
)

2022-06-22 16:49:28 - [MESSAGE][FAILED] - Verify element text of test object 'Object Repository/Duit Now/duitNowReferenceProxyTypeTxt' FAILED. (Root cause: org.openqa.selenium.WebDriverException: An unknown server-side error occurred while processing the command. Original error: 'GET /window/current/size' cannot be proxied to UiAutomator2 server because the instrumentation process is not running (probably crashed). Check the server log and/or the logcat output for more details
Build info: version: '3.141.59', revision: 'e82be7d358', time: '2018-11-14T08:25:53'
System info: host: '00139272s-MacBook-Pro.local', ip: '2001:e68:6167:d901:5dd8:2a3:885f:7e34%en0', os.name: 'Mac OS X', os.arch: 'x86_64', os.version: '10.16', java.version: '1.8.0_275'
Driver info: com.kms.katalon.core.appium.driver.SwipeableAndroidDriver
Capabilities {app: /Users/a00139272/Katalon St..., appActivity: com.maybank2u.life.MainActi..., appPackage: com.maybank2u.life.sit, appWaitActivity: *, autoGrantPermissions: true, automationName: uiautomator2, chromedriverPort: 52878, databaseEnabled: false, desired: {app: /Users/a00139272/Katalon St..., appActivity: com.maybank2u.life.MainActi..., appPackage: com.maybank2u.life.sit, appWaitActivity: *, autoGrantPermissions: true, automationName: uiautomator2, chromedriverPort: 52878, deviceId: 002b9cc60508, deviceName: Xiaomi 21061119AG (Android 11), fullReset: false, newCommandTimeout: 1800, noReset: true, platform: ANDROID, platformName: android, platformVersion: 11, systemPort: 52876, udid: 002b9cc60508}, deviceApiLevel: 30, deviceId: 002b9cc60508, deviceManufacturer: Xiaomi, deviceModel: 21061119AG, deviceName: 002b9cc60508, deviceScreenDensity: 440, deviceScreenSize: 1080x2400, deviceUDID: 002b9cc60508, fullReset: false, javascriptEnabled: true, locationContextEnabled: false, networkConnectionEnabled: true, newCommandTimeout: 1800, noReset: true, pixelRatio: 2.75, platform: ANDROID, platformName: Android, platformVersion: 11, statBarHeight: 103, systemPort: 52876, takesScreenshot: true, udid: 002b9cc60508, viewportRect: {height: 2064, left: 0, top: 103, width: 1080}, warnings: {}, webStorageEnabled: false}
Session ID: 07e0a906-f567-4646-abfd-84c6cc800d18
	at org.openqa.selenium.remote.http.W3CHttpResponseCodec.createException(W3CHttpResponseCodec.java:187)
	at org.openqa.selenium.remote.http.W3CHttpResponseCodec.decode(W3CHttpResponseCodec.java:122)
	at org.openqa.selenium.remote.http.W3CHttpResponseCodec.decode(W3CHttpResponseCodec.java:49)
	at org.openqa.selenium.remote.HttpCommandExecutor.execute(HttpCommandExecutor.java:158)
	at io.appium.java_client.remote.AppiumCommandExecutor.execute(AppiumCommandExecutor.java:239)
	at org.openqa.selenium.remote.RemoteWebDriver.execute(RemoteWebDriver.java:552)
	at io.appium.java_client.DefaultGenericMobileDriver.execute(DefaultGenericMobileDriver.java:46)
	at io.appium.java_client.AppiumDriver.execute(AppiumDriver.java:1)
	at io.appium.java_client.android.AndroidDriver.execute(AndroidDriver.java:1)
	at com.kms.katalon.core.appium.driver.SwipeableAndroidDriver.execute(SwipeableAndroidDriver.java:1)
	at org.openqa.selenium.remote.RemoteWebDriver$RemoteWebDriverOptions$RemoteWindow.getSize(RemoteWebDriver.java:813)
	at org.openqa.selenium.WebDriver$Window$getSize.call(Unknown Source)
	at com.kms.katalon.core.mobile.keyword.internal.MobileAbstractKeyword.findElement(MobileAbstractKeyword.groovy:81)
	at com.kms.katalon.core.mobile.keyword.builtin.VerifyElementTextKeyword.access$1(VerifyElementTextKeyword.groovy)
	at com.kms.katalon.core.mobile.keyword.builtin.VerifyElementTextKeyword$_verifyElementText_closure1.doCall(VerifyElementTextKeyword.groovy:47)
	at com.kms.katalon.core.mobile.keyword.builtin.VerifyElementTextKeyword$_verifyElementText_closure1.call(VerifyElementTextKeyword.groovy)
	at com.kms.katalon.core.mobile.keyword.internal.MobileKeywordMain.runKeyword(MobileKeywordMain.groovy:21)
	at com.kms.katalon.core.mobile.keyword.builtin.VerifyElementTextKeyword.verifyElementText(VerifyElementTextKeyword.groovy:62)
	at com.kms.katalon.core.mobile.keyword.builtin.VerifyElementTextKeyword.execute(VerifyElementTextKeyword.groovy:39)
	at com.kms.katalon.core.keyword.internal.KeywordExecutor.executeKeywordForPlatform(KeywordExecutor.groovy:74)
	at com.kms.katalon.core.mobile.keyword.MobileBuiltInKeywords.verifyElementText(MobileBuiltInKeywords.groovy:2901)
	at com.kms.katalon.core.mobile.keyword.MobileBuiltInKeywords$verifyElementText$9.call(Unknown Source)
	at duitNow_mobileNumberFavTransaction.run(duitNow_mobileNumberFavTransaction:185)
	at com.kms.katalon.core.main.ScriptEngine.run(ScriptEngine.java:194)
	at com.kms.katalon.core.main.ScriptEngine.runScriptAsRawText(ScriptEngine.java:119)
	at com.kms.katalon.core.main.TestCaseExecutor.runScript(TestCaseExecutor.java:445)
	at com.kms.katalon.core.main.TestCaseExecutor.doExecute(TestCaseExecutor.java:436)
	at com.kms.katalon.core.main.TestCaseExecutor.processExecutionPhase(TestCaseExecutor.java:415)
	at com.kms.katalon.core.main.TestCaseExecutor.accessMainPhase(TestCaseExecutor.java:407)
	at com.kms.katalon.core.main.TestCaseExecutor.execute(TestCaseExecutor.java:284)
	at com.kms.katalon.core.common.CommonExecutor.accessTestCaseMainPhase(CommonExecutor.java:65)
	at com.kms.katalon.core.main.TestSuiteExecutor.accessTestSuiteMainPhase(TestSuiteExecutor.java:144)
	at com.kms.katalon.core.main.TestSuiteExecutor.execute(TestSuiteExecutor.java:106)
	at com.kms.katalon.core.main.TestCaseMain.startTestSuite(TestCaseMain.java:185)
	at com.kms.katalon.core.main.TestCaseMain$startTestSuite$0.call(Unknown Source)
	at TempTestSuite1655885093224.run(TempTestSuite1655885093224.groovy:36)
)

2022-06-22 16:49:28 - [TEST_STEP][FAILED] - receipientName_2 = getText(findTestObject("Duit Now/duitNowAmountReceipientNameTxt", ["recName":recName]), 0): Failed to get text from element (Root cause: org.openqa.selenium.WebDriverException: An unknown server-side error occurred while processing the command. Original error: 'GET /window/current/size' cannot be proxied to UiAutomator2 server because the instrumentation process is not running (probably crashed). Check the server log and/or the logcat output for more details
Build info: version: '3.141.59', revision: 'e82be7d358', time: '2018-11-14T08:25:53'
System info: host: '00139272s-MacBook-Pro.local', ip: '2001:e68:6167:d901:5dd8:2a3:885f:7e34%en0', os.name: 'Mac OS X', os.arch: 'x86_64', os.version: '10.16', java.version: '1.8.0_275'
Driver info: com.kms.katalon.core.appium.driver.SwipeableAndroidDriver
Capabilities {app: /Users/a00139272/Katalon St..., appActivity: com.maybank2u.life.MainActi..., appPackage: com.maybank2u.life.sit, appWaitActivity: *, autoGrantPermissions: true, automationName: uiautomator2, chromedriverPort: 52878, databaseEnabled: false, desired: {app: /Users/a00139272/Katalon St..., appActivity: com.maybank2u.life.MainActi..., appPackage: com.maybank2u.life.sit, appWaitActivity: *, autoGrantPermissions: true, automationName: uiautomator2, chromedriverPort: 52878, deviceId: 002b9cc60508, deviceName: Xiaomi 21061119AG (Android 11), fullReset: false, newCommandTimeout: 1800, noReset: true, platform: ANDROID, platformName: android, platformVersion: 11, systemPort: 52876, udid: 002b9cc60508}, deviceApiLevel: 30, deviceId: 002b9cc60508, deviceManufacturer: Xiaomi, deviceModel: 21061119AG, deviceName: 002b9cc60508, deviceScreenDensity: 440, deviceScreenSize: 1080x2400, deviceUDID: 002b9cc60508, fullReset: false, javascriptEnabled: true, locationContextEnabled: false, networkConnectionEnabled: true, newCommandTimeout: 1800, noReset: true, pixelRatio: 2.75, platform: ANDROID, platformName: Android, platformVersion: 11, statBarHeight: 103, systemPort: 52876, takesScreenshot: true, udid: 002b9cc60508, viewportRect: {height: 2064, left: 0, top: 103, width: 1080}, warnings: {}, webStorageEnabled: false}
Session ID: 07e0a906-f567-4646-abfd-84c6cc800d18
	at org.openqa.selenium.remote.http.W3CHttpResponseCodec.createException(W3CHttpResponseCodec.java:187)
	at org.openqa.selenium.remote.http.W3CHttpResponseCodec.decode(W3CHttpResponseCodec.java:122)
	at org.openqa.selenium.remote.http.W3CHttpResponseCodec.decode(W3CHttpResponseCodec.java:49)
	at org.openqa.selenium.remote.HttpCommandExecutor.execute(HttpCommandExecutor.java:158)
	at io.appium.java_client.remote.AppiumCommandExecutor.execute(AppiumCommandExecutor.java:239)
	at org.openqa.selenium.remote.RemoteWebDriver.execute(RemoteWebDriver.java:552)
	at io.appium.java_client.DefaultGenericMobileDriver.execute(DefaultGenericMobileDriver.java:46)
	at io.appium.java_client.AppiumDriver.execute(AppiumDriver.java:1)
	at io.appium.java_client.android.AndroidDriver.execute(AndroidDriver.java:1)
	at com.kms.katalon.core.appium.driver.SwipeableAndroidDriver.execute(SwipeableAndroidDriver.java:1)
	at org.openqa.selenium.remote.RemoteWebDriver$RemoteWebDriverOptions$RemoteWindow.getSize(RemoteWebDriver.java:813)
	at org.openqa.selenium.WebDriver$Window$getSize.call(Unknown Source)
	at com.kms.katalon.core.mobile.keyword.internal.MobileAbstractKeyword.findElement(MobileAbstractKeyword.groovy:81)
	at com.kms.katalon.core.mobile.keyword.builtin.GetTextKeyword.access$1(GetTextKeyword.groovy)
	at com.kms.katalon.core.mobile.keyword.builtin.GetTextKeyword$_getText_closure1.doCall(GetTextKeyword.groovy:72)
	at com.kms.katalon.core.mobile.keyword.builtin.GetTextKeyword$_getText_closure1.call(GetTextKeyword.groovy)
	at com.kms.katalon.core.mobile.keyword.internal.MobileKeywordMain.runKeyword(MobileKeywordMain.groovy:21)
	at com.kms.katalon.core.mobile.keyword.builtin.GetTextKeyword.getText(GetTextKeyword.groovy:80)
	at com.kms.katalon.core.mobile.keyword.builtin.GetTextKeyword.execute(GetTextKeyword.groovy:64)
	at com.kms.katalon.core.keyword.internal.KeywordExecutor.executeKeywordForPlatform(KeywordExecutor.groovy:74)
	at com.kms.katalon.core.mobile.keyword.MobileBuiltInKeywords.getText(MobileBuiltInKeywords.groovy:1274)
	at com.kms.katalon.core.mobile.keyword.MobileBuiltInKeywords$getText$11.call(Unknown Source)
	at duitNow_mobileNumberFavTransaction.run(duitNow_mobileNumberFavTransaction:187)
	at com.kms.katalon.core.main.ScriptEngine.run(ScriptEngine.java:194)
	at com.kms.katalon.core.main.ScriptEngine.runScriptAsRawText(ScriptEngine.java:119)
	at com.kms.katalon.core.main.TestCaseExecutor.runScript(TestCaseExecutor.java:445)
	at com.kms.katalon.core.main.TestCaseExecutor.doExecute(TestCaseExecutor.java:436)
	at com.kms.katalon.core.main.TestCaseExecutor.processExecutionPhase(TestCaseExecutor.java:415)
	at com.kms.katalon.core.main.TestCaseExecutor.accessMainPhase(TestCaseExecutor.java:407)
	at com.kms.katalon.core.main.TestCaseExecutor.execute(TestCaseExecutor.java:284)
	at com.kms.katalon.core.common.CommonExecutor.accessTestCaseMainPhase(CommonExecutor.java:65)
	at com.kms.katalon.core.main.TestSuiteExecutor.accessTestSuiteMainPhase(TestSuiteExecutor.java:144)
	at com.kms.katalon.core.main.TestSuiteExecutor.execute(TestSuiteExecutor.java:106)
	at com.kms.katalon.core.main.TestCaseMain.startTestSuite(TestCaseMain.java:185)
	at com.kms.katalon.core.main.TestCaseMain$startTestSuite$0.call(Unknown Source)
	at TempTestSuite1655885093224.run(TempTestSuite1655885093224.groovy:36)
)

2022-06-22 16:49:28 - [MESSAGE][WARNING] - Timeout '0' is invalid. Using default page load timeout: '40'

2022-06-22 16:49:28 - [MESSAGE][FAILED] - Failed to get text from element (Root cause: org.openqa.selenium.WebDriverException: An unknown server-side error occurred while processing the command. Original error: 'GET /window/current/size' cannot be proxied to UiAutomator2 server because the instrumentation process is not running (probably crashed). Check the server log and/or the logcat output for more details
Build info: version: '3.141.59', revision: 'e82be7d358', time: '2018-11-14T08:25:53'
System info: host: '00139272s-MacBook-Pro.local', ip: '2001:e68:6167:d901:5dd8:2a3:885f:7e34%en0', os.name: 'Mac OS X', os.arch: 'x86_64', os.version: '10.16', java.version: '1.8.0_275'
Driver info: com.kms.katalon.core.appium.driver.SwipeableAndroidDriver
Capabilities {app: /Users/a00139272/Katalon St..., appActivity: com.maybank2u.life.MainActi..., appPackage: com.maybank2u.life.sit, appWaitActivity: *, autoGrantPermissions: true, automationName: uiautomator2, chromedriverPort: 52878, databaseEnabled: false, desired: {app: /Users/a00139272/Katalon St..., appActivity: com.maybank2u.life.MainActi..., appPackage: com.maybank2u.life.sit, appWaitActivity: *, autoGrantPermissions: true, automationName: uiautomator2, chromedriverPort: 52878, deviceId: 002b9cc60508, deviceName: Xiaomi 21061119AG (Android 11), fullReset: false, newCommandTimeout: 1800, noReset: true, platform: ANDROID, platformName: android, platformVersion: 11, systemPort: 52876, udid: 002b9cc60508}, deviceApiLevel: 30, deviceId: 002b9cc60508, deviceManufacturer: Xiaomi, deviceModel: 21061119AG, deviceName: 002b9cc60508, deviceScreenDensity: 440, deviceScreenSize: 1080x2400, deviceUDID: 002b9cc60508, fullReset: false, javascriptEnabled: true, locationContextEnabled: false, networkConnectionEnabled: true, newCommandTimeout: 1800, noReset: true, pixelRatio: 2.75, platform: ANDROID, platformName: Android, platformVersion: 11, statBarHeight: 103, systemPort: 52876, takesScreenshot: true, udid: 002b9cc60508, viewportRect: {height: 2064, left: 0, top: 103, width: 1080}, warnings: {}, webStorageEnabled: false}
Session ID: 07e0a906-f567-4646-abfd-84c6cc800d18
	at org.openqa.selenium.remote.http.W3CHttpResponseCodec.createException(W3CHttpResponseCodec.java:187)
	at org.openqa.selenium.remote.http.W3CHttpResponseCodec.decode(W3CHttpResponseCodec.java:122)
	at org.openqa.selenium.remote.http.W3CHttpResponseCodec.decode(W3CHttpResponseCodec.java:49)
	at org.openqa.selenium.remote.HttpCommandExecutor.execute(HttpCommandExecutor.java:158)
	at io.appium.java_client.remote.AppiumCommandExecutor.execute(AppiumCommandExecutor.java:239)
	at org.openqa.selenium.remote.RemoteWebDriver.execute(RemoteWebDriver.java:552)
	at io.appium.java_client.DefaultGenericMobileDriver.execute(DefaultGenericMobileDriver.java:46)
	at io.appium.java_client.AppiumDriver.execute(AppiumDriver.java:1)
	at io.appium.java_client.android.AndroidDriver.execute(AndroidDriver.java:1)
	at com.kms.katalon.core.appium.driver.SwipeableAndroidDriver.execute(SwipeableAndroidDriver.java:1)
	at org.openqa.selenium.remote.RemoteWebDriver$RemoteWebDriverOptions$RemoteWindow.getSize(RemoteWebDriver.java:813)
	at org.openqa.selenium.WebDriver$Window$getSize.call(Unknown Source)
	at com.kms.katalon.core.mobile.keyword.internal.MobileAbstractKeyword.findElement(MobileAbstractKeyword.groovy:81)
	at com.kms.katalon.core.mobile.keyword.builtin.GetTextKeyword.access$1(GetTextKeyword.groovy)
	at com.kms.katalon.core.mobile.keyword.builtin.GetTextKeyword$_getText_closure1.doCall(GetTextKeyword.groovy:72)
	at com.kms.katalon.core.mobile.keyword.builtin.GetTextKeyword$_getText_closure1.call(GetTextKeyword.groovy)
	at com.kms.katalon.core.mobile.keyword.internal.MobileKeywordMain.runKeyword(MobileKeywordMain.groovy:21)
	at com.kms.katalon.core.mobile.keyword.builtin.GetTextKeyword.getText(GetTextKeyword.groovy:80)
	at com.kms.katalon.core.mobile.keyword.builtin.GetTextKeyword.execute(GetTextKeyword.groovy:64)
	at com.kms.katalon.core.keyword.internal.KeywordExecutor.executeKeywordForPlatform(KeywordExecutor.groovy:74)
	at com.kms.katalon.core.mobile.keyword.MobileBuiltInKeywords.getText(MobileBuiltInKeywords.groovy:1274)
	at com.kms.katalon.core.mobile.keyword.MobileBuiltInKeywords$getText$11.call(Unknown Source)
	at duitNow_mobileNumberFavTransaction.run(duitNow_mobileNumberFavTransaction:187)
	at com.kms.katalon.core.main.ScriptEngine.run(ScriptEngine.java:194)
	at com.kms.katalon.core.main.ScriptEngine.runScriptAsRawText(ScriptEngine.java:119)
	at com.kms.katalon.core.main.TestCaseExecutor.runScript(TestCaseExecutor.java:445)
	at com.kms.katalon.core.main.TestCaseExecutor.doExecute(TestCaseExecutor.java:436)
	at com.kms.katalon.core.main.TestCaseExecutor.processExecutionPhase(TestCaseExecutor.java:415)
	at com.kms.katalon.core.main.TestCaseExecutor.accessMainPhase(TestCaseExecutor.java:407)
	at com.kms.katalon.core.main.TestCaseExecutor.execute(TestCaseExecutor.java:284)
	at com.kms.katalon.core.common.CommonExecutor.accessTestCaseMainPhase(CommonExecutor.java:65)
	at com.kms.katalon.core.main.TestSuiteExecutor.accessTestSuiteMainPhase(TestSuiteExecutor.java:144)
	at com.kms.katalon.core.main.TestSuiteExecutor.execute(TestSuiteExecutor.java:106)
	at com.kms.katalon.core.main.TestCaseMain.startTestSuite(TestCaseMain.java:185)
	at com.kms.katalon.core.main.TestCaseMain$startTestSuite$0.call(Unknown Source)
	at TempTestSuite1655885093224.run(TempTestSuite1655885093224.groovy:36)
)

2022-06-22 16:49:28 - [TEST_STEP][FAILED] - verifyMatch(receipientName_2, $recName_1||$privName_1, true): Unable to verify match between actual text 'null' and expected text 'CAPTAIN AMERICA||XXXXXXX XXXXXXXXX' using regular expression (Root cause: java.lang.NullPointerException
)

2022-06-22 16:49:28 - [MESSAGE][FAILED] - Unable to verify match between actual text 'null' and expected text 'CAPTAIN AMERICA||XXXXXXX XXXXXXXXX' using regular expression (Root cause: java.lang.NullPointerException
)

2022-06-22 16:49:28 - [TEST_STEP][FAILED] - verifyElementExist(findTestObject("Duit Now/duitNowReferenceEnterTitleTxt"), 0): Failed to check for element 'Object Repository/Duit Now/duitNowReferenceEnterTitleTxt' exist (Root cause: org.openqa.selenium.WebDriverException: An unknown server-side error occurred while processing the command. Original error: 'GET /window/current/size' cannot be proxied to UiAutomator2 server because the instrumentation process is not running (probably crashed). Check the server log and/or the logcat output for more details
Build info: version: '3.141.59', revision: 'e82be7d358', time: '2018-11-14T08:25:53'
System info: host: '00139272s-MacBook-Pro.local', ip: '2001:e68:6167:d901:5dd8:2a3:885f:7e34%en0', os.name: 'Mac OS X', os.arch: 'x86_64', os.version: '10.16', java.version: '1.8.0_275'
Driver info: com.kms.katalon.core.appium.driver.SwipeableAndroidDriver
Capabilities {app: /Users/a00139272/Katalon St..., appActivity: com.maybank2u.life.MainActi..., appPackage: com.maybank2u.life.sit, appWaitActivity: *, autoGrantPermissions: true, automationName: uiautomator2, chromedriverPort: 52878, databaseEnabled: false, desired: {app: /Users/a00139272/Katalon St..., appActivity: com.maybank2u.life.MainActi..., appPackage: com.maybank2u.life.sit, appWaitActivity: *, autoGrantPermissions: true, automationName: uiautomator2, chromedriverPort: 52878, deviceId: 002b9cc60508, deviceName: Xiaomi 21061119AG (Android 11), fullReset: false, newCommandTimeout: 1800, noReset: true, platform: ANDROID, platformName: android, platformVersion: 11, systemPort: 52876, udid: 002b9cc60508}, deviceApiLevel: 30, deviceId: 002b9cc60508, deviceManufacturer: Xiaomi, deviceModel: 21061119AG, deviceName: 002b9cc60508, deviceScreenDensity: 440, deviceScreenSize: 1080x2400, deviceUDID: 002b9cc60508, fullReset: false, javascriptEnabled: true, locationContextEnabled: false, networkConnectionEnabled: true, newCommandTimeout: 1800, noReset: true, pixelRatio: 2.75, platform: ANDROID, platformName: Android, platformVersion: 11, statBarHeight: 103, systemPort: 52876, takesScreenshot: true, udid: 002b9cc60508, viewportRect: {height: 2064, left: 0, top: 103, width: 1080}, warnings: {}, webStorageEnabled: false}
Session ID: 07e0a906-f567-4646-abfd-84c6cc800d18
	at org.openqa.selenium.remote.http.W3CHttpResponseCodec.createException(W3CHttpResponseCodec.java:187)
	at org.openqa.selenium.remote.http.W3CHttpResponseCodec.decode(W3CHttpResponseCodec.java:122)
	at org.openqa.selenium.remote.http.W3CHttpResponseCodec.decode(W3CHttpResponseCodec.java:49)
	at org.openqa.selenium.remote.HttpCommandExecutor.execute(HttpCommandExecutor.java:158)
	at io.appium.java_client.remote.AppiumCommandExecutor.execute(AppiumCommandExecutor.java:239)
	at org.openqa.selenium.remote.RemoteWebDriver.execute(RemoteWebDriver.java:552)
	at io.appium.java_client.DefaultGenericMobileDriver.execute(DefaultGenericMobileDriver.java:46)
	at io.appium.java_client.AppiumDriver.execute(AppiumDriver.java:1)
	at io.appium.java_client.android.AndroidDriver.execute(AndroidDriver.java:1)
	at com.kms.katalon.core.appium.driver.SwipeableAndroidDriver.execute(SwipeableAndroidDriver.java:1)
	at org.openqa.selenium.remote.RemoteWebDriver$RemoteWebDriverOptions$RemoteWindow.getSize(RemoteWebDriver.java:813)
	at org.openqa.selenium.WebDriver$Window$getSize.call(Unknown Source)
	at com.kms.katalon.core.mobile.keyword.internal.MobileAbstractKeyword.findElement(MobileAbstractKeyword.groovy:81)
	at com.kms.katalon.core.mobile.keyword.builtin.VerifyElementExistKeyword.access$1(VerifyElementExistKeyword.groovy)
	at com.kms.katalon.core.mobile.keyword.builtin.VerifyElementExistKeyword$_verifyElementExist_closure1.doCall(VerifyElementExistKeyword.groovy:72)
	at com.kms.katalon.core.mobile.keyword.builtin.VerifyElementExistKeyword$_verifyElementExist_closure1.call(VerifyElementExistKeyword.groovy)
	at com.kms.katalon.core.mobile.keyword.internal.MobileKeywordMain.runKeyword(MobileKeywordMain.groovy:21)
	at com.kms.katalon.core.mobile.keyword.builtin.VerifyElementExistKeyword.verifyElementExist(VerifyElementExistKeyword.groovy:80)
	at com.kms.katalon.core.mobile.keyword.builtin.VerifyElementExistKeyword.execute(VerifyElementExistKeyword.groovy:64)
	at com.kms.katalon.core.keyword.internal.KeywordExecutor.executeKeywordForPlatform(KeywordExecutor.groovy:74)
	at com.kms.katalon.core.mobile.keyword.MobileBuiltInKeywords.verifyElementExist(MobileBuiltInKeywords.groovy:1755)
	at com.kms.katalon.core.mobile.keyword.MobileBuiltInKeywords$verifyElementExist$8.call(Unknown Source)
	at duitNow_mobileNumberFavTransaction.run(duitNow_mobileNumberFavTransaction:192)
	at com.kms.katalon.core.main.ScriptEngine.run(ScriptEngine.java:194)
	at com.kms.katalon.core.main.ScriptEngine.runScriptAsRawText(ScriptEngine.java:119)
	at com.kms.katalon.core.main.TestCaseExecutor.runScript(TestCaseExecutor.java:445)
	at com.kms.katalon.core.main.TestCaseExecutor.doExecute(TestCaseExecutor.java:436)
	at com.kms.katalon.core.main.TestCaseExecutor.processExecutionPhase(TestCaseExecutor.java:415)
	at com.kms.katalon.core.main.TestCaseExecutor.accessMainPhase(TestCaseExecutor.java:407)
	at com.kms.katalon.core.main.TestCaseExecutor.execute(TestCaseExecutor.java:284)
	at com.kms.katalon.core.common.CommonExecutor.accessTestCaseMainPhase(CommonExecutor.java:65)
	at com.kms.katalon.core.main.TestSuiteExecutor.accessTestSuiteMainPhase(TestSuiteExecutor.java:144)
	at com.kms.katalon.core.main.TestSuiteExecutor.execute(TestSuiteExecutor.java:106)
	at com.kms.katalon.core.main.TestCaseMain.startTestSuite(TestCaseMain.java:185)
	at com.kms.katalon.core.main.TestCaseMain$startTestSuite$0.call(Unknown Source)
	at TempTestSuite1655885093224.run(TempTestSuite1655885093224.groovy:36)
)

2022-06-22 16:49:28 - [MESSAGE][WARNING] - Timeout '0' is invalid. Using default page load timeout: '40'

2022-06-22 16:49:28 - [MESSAGE][FAILED] - Failed to check for element 'Object Repository/Duit Now/duitNowReferenceEnterTitleTxt' exist (Root cause: org.openqa.selenium.WebDriverException: An unknown server-side error occurred while processing the command. Original error: 'GET /window/current/size' cannot be proxied to UiAutomator2 server because the instrumentation process is not running (probably crashed). Check the server log and/or the logcat output for more details
Build info: version: '3.141.59', revision: 'e82be7d358', time: '2018-11-14T08:25:53'
System info: host: '00139272s-MacBook-Pro.local', ip: '2001:e68:6167:d901:5dd8:2a3:885f:7e34%en0', os.name: 'Mac OS X', os.arch: 'x86_64', os.version: '10.16', java.version: '1.8.0_275'
Driver info: com.kms.katalon.core.appium.driver.SwipeableAndroidDriver
Capabilities {app: /Users/a00139272/Katalon St..., appActivity: com.maybank2u.life.MainActi..., appPackage: com.maybank2u.life.sit, appWaitActivity: *, autoGrantPermissions: true, automationName: uiautomator2, chromedriverPort: 52878, databaseEnabled: false, desired: {app: /Users/a00139272/Katalon St..., appActivity: com.maybank2u.life.MainActi..., appPackage: com.maybank2u.life.sit, appWaitActivity: *, autoGrantPermissions: true, automationName: uiautomator2, chromedriverPort: 52878, deviceId: 002b9cc60508, deviceName: Xiaomi 21061119AG (Android 11), fullReset: false, newCommandTimeout: 1800, noReset: true, platform: ANDROID, platformName: android, platformVersion: 11, systemPort: 52876, udid: 002b9cc60508}, deviceApiLevel: 30, deviceId: 002b9cc60508, deviceManufacturer: Xiaomi, deviceModel: 21061119AG, deviceName: 002b9cc60508, deviceScreenDensity: 440, deviceScreenSize: 1080x2400, deviceUDID: 002b9cc60508, fullReset: false, javascriptEnabled: true, locationContextEnabled: false, networkConnectionEnabled: true, newCommandTimeout: 1800, noReset: true, pixelRatio: 2.75, platform: ANDROID, platformName: Android, platformVersion: 11, statBarHeight: 103, systemPort: 52876, takesScreenshot: true, udid: 002b9cc60508, viewportRect: {height: 2064, left: 0, top: 103, width: 1080}, warnings: {}, webStorageEnabled: false}
Session ID: 07e0a906-f567-4646-abfd-84c6cc800d18
	at org.openqa.selenium.remote.http.W3CHttpResponseCodec.createException(W3CHttpResponseCodec.java:187)
	at org.openqa.selenium.remote.http.W3CHttpResponseCodec.decode(W3CHttpResponseCodec.java:122)
	at org.openqa.selenium.remote.http.W3CHttpResponseCodec.decode(W3CHttpResponseCodec.java:49)
	at org.openqa.selenium.remote.HttpCommandExecutor.execute(HttpCommandExecutor.java:158)
	at io.appium.java_client.remote.AppiumCommandExecutor.execute(AppiumCommandExecutor.java:239)
	at org.openqa.selenium.remote.RemoteWebDriver.execute(RemoteWebDriver.java:552)
	at io.appium.java_client.DefaultGenericMobileDriver.execute(DefaultGenericMobileDriver.java:46)
	at io.appium.java_client.AppiumDriver.execute(AppiumDriver.java:1)
	at io.appium.java_client.android.AndroidDriver.execute(AndroidDriver.java:1)
	at com.kms.katalon.core.appium.driver.SwipeableAndroidDriver.execute(SwipeableAndroidDriver.java:1)
	at org.openqa.selenium.remote.RemoteWebDriver$RemoteWebDriverOptions$RemoteWindow.getSize(RemoteWebDriver.java:813)
	at org.openqa.selenium.WebDriver$Window$getSize.call(Unknown Source)
	at com.kms.katalon.core.mobile.keyword.internal.MobileAbstractKeyword.findElement(MobileAbstractKeyword.groovy:81)
	at com.kms.katalon.core.mobile.keyword.builtin.VerifyElementExistKeyword.access$1(VerifyElementExistKeyword.groovy)
	at com.kms.katalon.core.mobile.keyword.builtin.VerifyElementExistKeyword$_verifyElementExist_closure1.doCall(VerifyElementExistKeyword.groovy:72)
	at com.kms.katalon.core.mobile.keyword.builtin.VerifyElementExistKeyword$_verifyElementExist_closure1.call(VerifyElementExistKeyword.groovy)
	at com.kms.katalon.core.mobile.keyword.internal.MobileKeywordMain.runKeyword(MobileKeywordMain.groovy:21)
	at com.kms.katalon.core.mobile.keyword.builtin.VerifyElementExistKeyword.verifyElementExist(VerifyElementExistKeyword.groovy:80)
	at com.kms.katalon.core.mobile.keyword.builtin.VerifyElementExistKeyword.execute(VerifyElementExistKeyword.groovy:64)
	at com.kms.katalon.core.keyword.internal.KeywordExecutor.executeKeywordForPlatform(KeywordExecutor.groovy:74)
	at com.kms.katalon.core.mobile.keyword.MobileBuiltInKeywords.verifyElementExist(MobileBuiltInKeywords.groovy:1755)
	at com.kms.katalon.core.mobile.keyword.MobileBuiltInKeywords$verifyElementExist$8.call(Unknown Source)
	at duitNow_mobileNumberFavTransaction.run(duitNow_mobileNumberFavTransaction:192)
	at com.kms.katalon.core.main.ScriptEngine.run(ScriptEngine.java:194)
	at com.kms.katalon.core.main.ScriptEngine.runScriptAsRawText(ScriptEngine.java:119)
	at com.kms.katalon.core.main.TestCaseExecutor.runScript(TestCaseExecutor.java:445)
	at com.kms.katalon.core.main.TestCaseExecutor.doExecute(TestCaseExecutor.java:436)
	at com.kms.katalon.core.main.TestCaseExecutor.processExecutionPhase(TestCaseExecutor.java:415)
	at com.kms.katalon.core.main.TestCaseExecutor.accessMainPhase(TestCaseExecutor.java:407)
	at com.kms.katalon.core.main.TestCaseExecutor.execute(TestCaseExecutor.java:284)
	at com.kms.katalon.core.common.CommonExecutor.accessTestCaseMainPhase(CommonExecutor.java:65)
	at com.kms.katalon.core.main.TestSuiteExecutor.accessTestSuiteMainPhase(TestSuiteExecutor.java:144)
	at com.kms.katalon.core.main.TestSuiteExecutor.execute(TestSuiteExecutor.java:106)
	at com.kms.katalon.core.main.TestCaseMain.startTestSuite(TestCaseMain.java:185)
	at com.kms.katalon.core.main.TestCaseMain$startTestSuite$0.call(Unknown Source)
	at TempTestSuite1655885093224.run(TempTestSuite1655885093224.groovy:36)
)

2022-06-22 16:49:28 - [TEST_STEP][FAILED] - setText(findTestObject("Banking/duitNowReferenceInputField"), reference, 0): Failed to set text into element (Root cause: org.openqa.selenium.WebDriverException: An unknown server-side error occurred while processing the command. Original error: 'GET /window/current/size' cannot be proxied to UiAutomator2 server because the instrumentation process is not running (probably crashed). Check the server log and/or the logcat output for more details
Build info: version: '3.141.59', revision: 'e82be7d358', time: '2018-11-14T08:25:53'
System info: host: '00139272s-MacBook-Pro.local', ip: '2001:e68:6167:d901:5dd8:2a3:885f:7e34%en0', os.name: 'Mac OS X', os.arch: 'x86_64', os.version: '10.16', java.version: '1.8.0_275'
Driver info: com.kms.katalon.core.appium.driver.SwipeableAndroidDriver
Capabilities {app: /Users/a00139272/Katalon St..., appActivity: com.maybank2u.life.MainActi..., appPackage: com.maybank2u.life.sit, appWaitActivity: *, autoGrantPermissions: true, automationName: uiautomator2, chromedriverPort: 52878, databaseEnabled: false, desired: {app: /Users/a00139272/Katalon St..., appActivity: com.maybank2u.life.MainActi..., appPackage: com.maybank2u.life.sit, appWaitActivity: *, autoGrantPermissions: true, automationName: uiautomator2, chromedriverPort: 52878, deviceId: 002b9cc60508, deviceName: Xiaomi 21061119AG (Android 11), fullReset: false, newCommandTimeout: 1800, noReset: true, platform: ANDROID, platformName: android, platformVersion: 11, systemPort: 52876, udid: 002b9cc60508}, deviceApiLevel: 30, deviceId: 002b9cc60508, deviceManufacturer: Xiaomi, deviceModel: 21061119AG, deviceName: 002b9cc60508, deviceScreenDensity: 440, deviceScreenSize: 1080x2400, deviceUDID: 002b9cc60508, fullReset: false, javascriptEnabled: true, locationContextEnabled: false, networkConnectionEnabled: true, newCommandTimeout: 1800, noReset: true, pixelRatio: 2.75, platform: ANDROID, platformName: Android, platformVersion: 11, statBarHeight: 103, systemPort: 52876, takesScreenshot: true, udid: 002b9cc60508, viewportRect: {height: 2064, left: 0, top: 103, width: 1080}, warnings: {}, webStorageEnabled: false}
Session ID: 07e0a906-f567-4646-abfd-84c6cc800d18
	at org.openqa.selenium.remote.http.W3CHttpResponseCodec.createException(W3CHttpResponseCodec.java:187)
	at org.openqa.selenium.remote.http.W3CHttpResponseCodec.decode(W3CHttpResponseCodec.java:122)
	at org.openqa.selenium.remote.http.W3CHttpResponseCodec.decode(W3CHttpResponseCodec.java:49)
	at org.openqa.selenium.remote.HttpCommandExecutor.execute(HttpCommandExecutor.java:158)
	at io.appium.java_client.remote.AppiumCommandExecutor.execute(AppiumCommandExecutor.java:239)
	at org.openqa.selenium.remote.RemoteWebDriver.execute(RemoteWebDriver.java:552)
	at io.appium.java_client.DefaultGenericMobileDriver.execute(DefaultGenericMobileDriver.java:46)
	at io.appium.java_client.AppiumDriver.execute(AppiumDriver.java:1)
	at io.appium.java_client.android.AndroidDriver.execute(AndroidDriver.java:1)
	at com.kms.katalon.core.appium.driver.SwipeableAndroidDriver.execute(SwipeableAndroidDriver.java:1)
	at org.openqa.selenium.remote.RemoteWebDriver$RemoteWebDriverOptions$RemoteWindow.getSize(RemoteWebDriver.java:813)
	at org.openqa.selenium.WebDriver$Window$getSize.call(Unknown Source)
	at com.kms.katalon.core.mobile.keyword.internal.MobileAbstractKeyword.findElement(MobileAbstractKeyword.groovy:81)
	at com.kms.katalon.core.mobile.keyword.builtin.SetTextKeyword.access$1(SetTextKeyword.groovy)
	at com.kms.katalon.core.mobile.keyword.builtin.SetTextKeyword$_setText_closure1.doCall(SetTextKeyword.groovy:74)
	at com.kms.katalon.core.mobile.keyword.builtin.SetTextKeyword$_setText_closure1.call(SetTextKeyword.groovy)
	at com.kms.katalon.core.mobile.keyword.internal.MobileKeywordMain.runKeyword(MobileKeywordMain.groovy:21)
	at com.kms.katalon.core.mobile.keyword.builtin.SetTextKeyword.setText(SetTextKeyword.groovy:83)
	at com.kms.katalon.core.mobile.keyword.builtin.SetTextKeyword.execute(SetTextKeyword.groovy:66)
	at com.kms.katalon.core.keyword.internal.KeywordExecutor.executeKeywordForPlatform(KeywordExecutor.groovy:74)
	at com.kms.katalon.core.mobile.keyword.MobileBuiltInKeywords.setText(MobileBuiltInKeywords.groovy:1307)
	at com.kms.katalon.core.mobile.keyword.MobileBuiltInKeywords$setText$6.call(Unknown Source)
	at duitNow_mobileNumberFavTransaction.run(duitNow_mobileNumberFavTransaction:194)
	at com.kms.katalon.core.main.ScriptEngine.run(ScriptEngine.java:194)
	at com.kms.katalon.core.main.ScriptEngine.runScriptAsRawText(ScriptEngine.java:119)
	at com.kms.katalon.core.main.TestCaseExecutor.runScript(TestCaseExecutor.java:445)
	at com.kms.katalon.core.main.TestCaseExecutor.doExecute(TestCaseExecutor.java:436)
	at com.kms.katalon.core.main.TestCaseExecutor.processExecutionPhase(TestCaseExecutor.java:415)
	at com.kms.katalon.core.main.TestCaseExecutor.accessMainPhase(TestCaseExecutor.java:407)
	at com.kms.katalon.core.main.TestCaseExecutor.execute(TestCaseExecutor.java:284)
	at com.kms.katalon.core.common.CommonExecutor.accessTestCaseMainPhase(CommonExecutor.java:65)
	at com.kms.katalon.core.main.TestSuiteExecutor.accessTestSuiteMainPhase(TestSuiteExecutor.java:144)
	at com.kms.katalon.core.main.TestSuiteExecutor.execute(TestSuiteExecutor.java:106)
	at com.kms.katalon.core.main.TestCaseMain.startTestSuite(TestCaseMain.java:185)
	at com.kms.katalon.core.main.TestCaseMain$startTestSuite$0.call(Unknown Source)
	at TempTestSuite1655885093224.run(TempTestSuite1655885093224.groovy:36)
)

2022-06-22 16:49:28 - [MESSAGE][WARNING] - Timeout '0' is invalid. Using default page load timeout: '40'

2022-06-22 16:49:28 - [MESSAGE][FAILED] - Failed to set text into element (Root cause: org.openqa.selenium.WebDriverException: An unknown server-side error occurred while processing the command. Original error: 'GET /window/current/size' cannot be proxied to UiAutomator2 server because the instrumentation process is not running (probably crashed). Check the server log and/or the logcat output for more details
Build info: version: '3.141.59', revision: 'e82be7d358', time: '2018-11-14T08:25:53'
System info: host: '00139272s-MacBook-Pro.local', ip: '2001:e68:6167:d901:5dd8:2a3:885f:7e34%en0', os.name: 'Mac OS X', os.arch: 'x86_64', os.version: '10.16', java.version: '1.8.0_275'
Driver info: com.kms.katalon.core.appium.driver.SwipeableAndroidDriver
Capabilities {app: /Users/a00139272/Katalon St..., appActivity: com.maybank2u.life.MainActi..., appPackage: com.maybank2u.life.sit, appWaitActivity: *, autoGrantPermissions: true, automationName: uiautomator2, chromedriverPort: 52878, databaseEnabled: false, desired: {app: /Users/a00139272/Katalon St..., appActivity: com.maybank2u.life.MainActi..., appPackage: com.maybank2u.life.sit, appWaitActivity: *, autoGrantPermissions: true, automationName: uiautomator2, chromedriverPort: 52878, deviceId: 002b9cc60508, deviceName: Xiaomi 21061119AG (Android 11), fullReset: false, newCommandTimeout: 1800, noReset: true, platform: ANDROID, platformName: android, platformVersion: 11, systemPort: 52876, udid: 002b9cc60508}, deviceApiLevel: 30, deviceId: 002b9cc60508, deviceManufacturer: Xiaomi, deviceModel: 21061119AG, deviceName: 002b9cc60508, deviceScreenDensity: 440, deviceScreenSize: 1080x2400, deviceUDID: 002b9cc60508, fullReset: false, javascriptEnabled: true, locationContextEnabled: false, networkConnectionEnabled: true, newCommandTimeout: 1800, noReset: true, pixelRatio: 2.75, platform: ANDROID, platformName: Android, platformVersion: 11, statBarHeight: 103, systemPort: 52876, takesScreenshot: true, udid: 002b9cc60508, viewportRect: {height: 2064, left: 0, top: 103, width: 1080}, warnings: {}, webStorageEnabled: false}
Session ID: 07e0a906-f567-4646-abfd-84c6cc800d18
	at org.openqa.selenium.remote.http.W3CHttpResponseCodec.createException(W3CHttpResponseCodec.java:187)
	at org.openqa.selenium.remote.http.W3CHttpResponseCodec.decode(W3CHttpResponseCodec.java:122)
	at org.openqa.selenium.remote.http.W3CHttpResponseCodec.decode(W3CHttpResponseCodec.java:49)
	at org.openqa.selenium.remote.HttpCommandExecutor.execute(HttpCommandExecutor.java:158)
	at io.appium.java_client.remote.AppiumCommandExecutor.execute(AppiumCommandExecutor.java:239)
	at org.openqa.selenium.remote.RemoteWebDriver.execute(RemoteWebDriver.java:552)
	at io.appium.java_client.DefaultGenericMobileDriver.execute(DefaultGenericMobileDriver.java:46)
	at io.appium.java_client.AppiumDriver.execute(AppiumDriver.java:1)
	at io.appium.java_client.android.AndroidDriver.execute(AndroidDriver.java:1)
	at com.kms.katalon.core.appium.driver.SwipeableAndroidDriver.execute(SwipeableAndroidDriver.java:1)
	at org.openqa.selenium.remote.RemoteWebDriver$RemoteWebDriverOptions$RemoteWindow.getSize(RemoteWebDriver.java:813)
	at org.openqa.selenium.WebDriver$Window$getSize.call(Unknown Source)
	at com.kms.katalon.core.mobile.keyword.internal.MobileAbstractKeyword.findElement(MobileAbstractKeyword.groovy:81)
	at com.kms.katalon.core.mobile.keyword.builtin.SetTextKeyword.access$1(SetTextKeyword.groovy)
	at com.kms.katalon.core.mobile.keyword.builtin.SetTextKeyword$_setText_closure1.doCall(SetTextKeyword.groovy:74)
	at com.kms.katalon.core.mobile.keyword.builtin.SetTextKeyword$_setText_closure1.call(SetTextKeyword.groovy)
	at com.kms.katalon.core.mobile.keyword.internal.MobileKeywordMain.runKeyword(MobileKeywordMain.groovy:21)
	at com.kms.katalon.core.mobile.keyword.builtin.SetTextKeyword.setText(SetTextKeyword.groovy:83)
	at com.kms.katalon.core.mobile.keyword.builtin.SetTextKeyword.execute(SetTextKeyword.groovy:66)
	at com.kms.katalon.core.keyword.internal.KeywordExecutor.executeKeywordForPlatform(KeywordExecutor.groovy:74)
	at com.kms.katalon.core.mobile.keyword.MobileBuiltInKeywords.setText(MobileBuiltInKeywords.groovy:1307)
	at com.kms.katalon.core.mobile.keyword.MobileBuiltInKeywords$setText$6.call(Unknown Source)
	at duitNow_mobileNumberFavTransaction.run(duitNow_mobileNumberFavTransaction:194)
	at com.kms.katalon.core.main.ScriptEngine.run(ScriptEngine.java:194)
	at com.kms.katalon.core.main.ScriptEngine.runScriptAsRawText(ScriptEngine.java:119)
	at com.kms.katalon.core.main.TestCaseExecutor.runScript(TestCaseExecutor.java:445)
	at com.kms.katalon.core.main.TestCaseExecutor.doExecute(TestCaseExecutor.java:436)
	at com.kms.katalon.core.main.TestCaseExecutor.processExecutionPhase(TestCaseExecutor.java:415)
	at com.kms.katalon.core.main.TestCaseExecutor.accessMainPhase(TestCaseExecutor.java:407)
	at com.kms.katalon.core.main.TestCaseExecutor.execute(TestCaseExecutor.java:284)
	at com.kms.katalon.core.common.CommonExecutor.accessTestCaseMainPhase(CommonExecutor.java:65)
	at com.kms.katalon.core.main.TestSuiteExecutor.accessTestSuiteMainPhase(TestSuiteExecutor.java:144)
	at com.kms.katalon.core.main.TestSuiteExecutor.execute(TestSuiteExecutor.java:106)
	at com.kms.katalon.core.main.TestCaseMain.startTestSuite(TestCaseMain.java:185)
	at com.kms.katalon.core.main.TestCaseMain$startTestSuite$0.call(Unknown Source)
	at TempTestSuite1655885093224.run(TempTestSuite1655885093224.groovy:36)
)

2022-06-22 16:49:28 - [TEST_STEP][PASSED] - hideKeyboard(): Keyboard is hidden

2022-06-22 16:49:29 - [MESSAGE][PASSED] - Keyboard is hidden

2022-06-22 16:49:29 - [TEST_STEP][FAILED] - verifyElementText(findTestObject("Duit Now/duitNowReferenceContentTxt", ["reference":reference]), reference): Verify element text of test object 'Object Repository/Duit Now/duitNowReferenceContentTxt' FAILED. (Root cause: org.openqa.selenium.WebDriverException: An unknown server-side error occurred while processing the command. Original error: 'GET /window/current/size' cannot be proxied to UiAutomator2 server because the instrumentation process is not running (probably crashed). Check the server log and/or the logcat output for more details
Build info: version: '3.141.59', revision: 'e82be7d358', time: '2018-11-14T08:25:53'
System info: host: '00139272s-MacBook-Pro.local', ip: '2001:e68:6167:d901:5dd8:2a3:885f:7e34%en0', os.name: 'Mac OS X', os.arch: 'x86_64', os.version: '10.16', java.version: '1.8.0_275'
Driver info: com.kms.katalon.core.appium.driver.SwipeableAndroidDriver
Capabilities {app: /Users/a00139272/Katalon St..., appActivity: com.maybank2u.life.MainActi..., appPackage: com.maybank2u.life.sit, appWaitActivity: *, autoGrantPermissions: true, automationName: uiautomator2, chromedriverPort: 52878, databaseEnabled: false, desired: {app: /Users/a00139272/Katalon St..., appActivity: com.maybank2u.life.MainActi..., appPackage: com.maybank2u.life.sit, appWaitActivity: *, autoGrantPermissions: true, automationName: uiautomator2, chromedriverPort: 52878, deviceId: 002b9cc60508, deviceName: Xiaomi 21061119AG (Android 11), fullReset: false, newCommandTimeout: 1800, noReset: true, platform: ANDROID, platformName: android, platformVersion: 11, systemPort: 52876, udid: 002b9cc60508}, deviceApiLevel: 30, deviceId: 002b9cc60508, deviceManufacturer: Xiaomi, deviceModel: 21061119AG, deviceName: 002b9cc60508, deviceScreenDensity: 440, deviceScreenSize: 1080x2400, deviceUDID: 002b9cc60508, fullReset: false, javascriptEnabled: true, locationContextEnabled: false, networkConnectionEnabled: true, newCommandTimeout: 1800, noReset: true, pixelRatio: 2.75, platform: ANDROID, platformName: Android, platformVersion: 11, statBarHeight: 103, systemPort: 52876, takesScreenshot: true, udid: 002b9cc60508, viewportRect: {height: 2064, left: 0, top: 103, width: 1080}, warnings: {}, webStorageEnabled: false}
Session ID: 07e0a906-f567-4646-abfd-84c6cc800d18
	at org.openqa.selenium.remote.http.W3CHttpResponseCodec.createException(W3CHttpResponseCodec.java:187)
	at org.openqa.selenium.remote.http.W3CHttpResponseCodec.decode(W3CHttpResponseCodec.java:122)
	at org.openqa.selenium.remote.http.W3CHttpResponseCodec.decode(W3CHttpResponseCodec.java:49)
	at org.openqa.selenium.remote.HttpCommandExecutor.execute(HttpCommandExecutor.java:158)
	at io.appium.java_client.remote.AppiumCommandExecutor.execute(AppiumCommandExecutor.java:239)
	at org.openqa.selenium.remote.RemoteWebDriver.execute(RemoteWebDriver.java:552)
	at io.appium.java_client.DefaultGenericMobileDriver.execute(DefaultGenericMobileDriver.java:46)
	at io.appium.java_client.AppiumDriver.execute(AppiumDriver.java:1)
	at io.appium.java_client.android.AndroidDriver.execute(AndroidDriver.java:1)
	at com.kms.katalon.core.appium.driver.SwipeableAndroidDriver.execute(SwipeableAndroidDriver.java:1)
	at org.openqa.selenium.remote.RemoteWebDriver$RemoteWebDriverOptions$RemoteWindow.getSize(RemoteWebDriver.java:813)
	at org.openqa.selenium.WebDriver$Window$getSize.call(Unknown Source)
	at com.kms.katalon.core.mobile.keyword.internal.MobileAbstractKeyword.findElement(MobileAbstractKeyword.groovy:81)
	at com.kms.katalon.core.mobile.keyword.builtin.VerifyElementTextKeyword.access$1(VerifyElementTextKeyword.groovy)
	at com.kms.katalon.core.mobile.keyword.builtin.VerifyElementTextKeyword$_verifyElementText_closure1.doCall(VerifyElementTextKeyword.groovy:47)
	at com.kms.katalon.core.mobile.keyword.builtin.VerifyElementTextKeyword$_verifyElementText_closure1.call(VerifyElementTextKeyword.groovy)
	at com.kms.katalon.core.mobile.keyword.internal.MobileKeywordMain.runKeyword(MobileKeywordMain.groovy:21)
	at com.kms.katalon.core.mobile.keyword.builtin.VerifyElementTextKeyword.verifyElementText(VerifyElementTextKeyword.groovy:62)
	at com.kms.katalon.core.mobile.keyword.builtin.VerifyElementTextKeyword.execute(VerifyElementTextKeyword.groovy:39)
	at com.kms.katalon.core.keyword.internal.KeywordExecutor.executeKeywordForPlatform(KeywordExecutor.groovy:74)
	at com.kms.katalon.core.mobile.keyword.MobileBuiltInKeywords.verifyElementText(MobileBuiltInKeywords.groovy:2901)
	at com.kms.katalon.core.mobile.keyword.MobileBuiltInKeywords$verifyElementText$9.call(Unknown Source)
	at duitNow_mobileNumberFavTransaction.run(duitNow_mobileNumberFavTransaction:198)
	at com.kms.katalon.core.main.ScriptEngine.run(ScriptEngine.java:194)
	at com.kms.katalon.core.main.ScriptEngine.runScriptAsRawText(ScriptEngine.java:119)
	at com.kms.katalon.core.main.TestCaseExecutor.runScript(TestCaseExecutor.java:445)
	at com.kms.katalon.core.main.TestCaseExecutor.doExecute(TestCaseExecutor.java:436)
	at com.kms.katalon.core.main.TestCaseExecutor.processExecutionPhase(TestCaseExecutor.java:415)
	at com.kms.katalon.core.main.TestCaseExecutor.accessMainPhase(TestCaseExecutor.java:407)
	at com.kms.katalon.core.main.TestCaseExecutor.execute(TestCaseExecutor.java:284)
	at com.kms.katalon.core.common.CommonExecutor.accessTestCaseMainPhase(CommonExecutor.java:65)
	at com.kms.katalon.core.main.TestSuiteExecutor.accessTestSuiteMainPhase(TestSuiteExecutor.java:144)
	at com.kms.katalon.core.main.TestSuiteExecutor.execute(TestSuiteExecutor.java:106)
	at com.kms.katalon.core.main.TestCaseMain.startTestSuite(TestCaseMain.java:185)
	at com.kms.katalon.core.main.TestCaseMain$startTestSuite$0.call(Unknown Source)
	at TempTestSuite1655885093224.run(TempTestSuite1655885093224.groovy:36)
)

2022-06-22 16:49:29 - [MESSAGE][FAILED] - Verify element text of test object 'Object Repository/Duit Now/duitNowReferenceContentTxt' FAILED. (Root cause: org.openqa.selenium.WebDriverException: An unknown server-side error occurred while processing the command. Original error: 'GET /window/current/size' cannot be proxied to UiAutomator2 server because the instrumentation process is not running (probably crashed). Check the server log and/or the logcat output for more details
Build info: version: '3.141.59', revision: 'e82be7d358', time: '2018-11-14T08:25:53'
System info: host: '00139272s-MacBook-Pro.local', ip: '2001:e68:6167:d901:5dd8:2a3:885f:7e34%en0', os.name: 'Mac OS X', os.arch: 'x86_64', os.version: '10.16', java.version: '1.8.0_275'
Driver info: com.kms.katalon.core.appium.driver.SwipeableAndroidDriver
Capabilities {app: /Users/a00139272/Katalon St..., appActivity: com.maybank2u.life.MainActi..., appPackage: com.maybank2u.life.sit, appWaitActivity: *, autoGrantPermissions: true, automationName: uiautomator2, chromedriverPort: 52878, databaseEnabled: false, desired: {app: /Users/a00139272/Katalon St..., appActivity: com.maybank2u.life.MainActi..., appPackage: com.maybank2u.life.sit, appWaitActivity: *, autoGrantPermissions: true, automationName: uiautomator2, chromedriverPort: 52878, deviceId: 002b9cc60508, deviceName: Xiaomi 21061119AG (Android 11), fullReset: false, newCommandTimeout: 1800, noReset: true, platform: ANDROID, platformName: android, platformVersion: 11, systemPort: 52876, udid: 002b9cc60508}, deviceApiLevel: 30, deviceId: 002b9cc60508, deviceManufacturer: Xiaomi, deviceModel: 21061119AG, deviceName: 002b9cc60508, deviceScreenDensity: 440, deviceScreenSize: 1080x2400, deviceUDID: 002b9cc60508, fullReset: false, javascriptEnabled: true, locationContextEnabled: false, networkConnectionEnabled: true, newCommandTimeout: 1800, noReset: true, pixelRatio: 2.75, platform: ANDROID, platformName: Android, platformVersion: 11, statBarHeight: 103, systemPort: 52876, takesScreenshot: true, udid: 002b9cc60508, viewportRect: {height: 2064, left: 0, top: 103, width: 1080}, warnings: {}, webStorageEnabled: false}
Session ID: 07e0a906-f567-4646-abfd-84c6cc800d18
	at org.openqa.selenium.remote.http.W3CHttpResponseCodec.createException(W3CHttpResponseCodec.java:187)
	at org.openqa.selenium.remote.http.W3CHttpResponseCodec.decode(W3CHttpResponseCodec.java:122)
	at org.openqa.selenium.remote.http.W3CHttpResponseCodec.decode(W3CHttpResponseCodec.java:49)
	at org.openqa.selenium.remote.HttpCommandExecutor.execute(HttpCommandExecutor.java:158)
	at io.appium.java_client.remote.AppiumCommandExecutor.execute(AppiumCommandExecutor.java:239)
	at org.openqa.selenium.remote.RemoteWebDriver.execute(RemoteWebDriver.java:552)
	at io.appium.java_client.DefaultGenericMobileDriver.execute(DefaultGenericMobileDriver.java:46)
	at io.appium.java_client.AppiumDriver.execute(AppiumDriver.java:1)
	at io.appium.java_client.android.AndroidDriver.execute(AndroidDriver.java:1)
	at com.kms.katalon.core.appium.driver.SwipeableAndroidDriver.execute(SwipeableAndroidDriver.java:1)
	at org.openqa.selenium.remote.RemoteWebDriver$RemoteWebDriverOptions$RemoteWindow.getSize(RemoteWebDriver.java:813)
	at org.openqa.selenium.WebDriver$Window$getSize.call(Unknown Source)
	at com.kms.katalon.core.mobile.keyword.internal.MobileAbstractKeyword.findElement(MobileAbstractKeyword.groovy:81)
	at com.kms.katalon.core.mobile.keyword.builtin.VerifyElementTextKeyword.access$1(VerifyElementTextKeyword.groovy)
	at com.kms.katalon.core.mobile.keyword.builtin.VerifyElementTextKeyword$_verifyElementText_closure1.doCall(VerifyElementTextKeyword.groovy:47)
	at com.kms.katalon.core.mobile.keyword.builtin.VerifyElementTextKeyword$_verifyElementText_closure1.call(VerifyElementTextKeyword.groovy)
	at com.kms.katalon.core.mobile.keyword.internal.MobileKeywordMain.runKeyword(MobileKeywordMain.groovy:21)
	at com.kms.katalon.core.mobile.keyword.builtin.VerifyElementTextKeyword.verifyElementText(VerifyElementTextKeyword.groovy:62)
	at com.kms.katalon.core.mobile.keyword.builtin.VerifyElementTextKeyword.execute(VerifyElementTextKeyword.groovy:39)
	at com.kms.katalon.core.keyword.internal.KeywordExecutor.executeKeywordForPlatform(KeywordExecutor.groovy:74)
	at com.kms.katalon.core.mobile.keyword.MobileBuiltInKeywords.verifyElementText(MobileBuiltInKeywords.groovy:2901)
	at com.kms.katalon.core.mobile.keyword.MobileBuiltInKeywords$verifyElementText$9.call(Unknown Source)
	at duitNow_mobileNumberFavTransaction.run(duitNow_mobileNumberFavTransaction:198)
	at com.kms.katalon.core.main.ScriptEngine.run(ScriptEngine.java:194)
	at com.kms.katalon.core.main.ScriptEngine.runScriptAsRawText(ScriptEngine.java:119)
	at com.kms.katalon.core.main.TestCaseExecutor.runScript(TestCaseExecutor.java:445)
	at com.kms.katalon.core.main.TestCaseExecutor.doExecute(TestCaseExecutor.java:436)
	at com.kms.katalon.core.main.TestCaseExecutor.processExecutionPhase(TestCaseExecutor.java:415)
	at com.kms.katalon.core.main.TestCaseExecutor.accessMainPhase(TestCaseExecutor.java:407)
	at com.kms.katalon.core.main.TestCaseExecutor.execute(TestCaseExecutor.java:284)
	at com.kms.katalon.core.common.CommonExecutor.accessTestCaseMainPhase(CommonExecutor.java:65)
	at com.kms.katalon.core.main.TestSuiteExecutor.accessTestSuiteMainPhase(TestSuiteExecutor.java:144)
	at com.kms.katalon.core.main.TestSuiteExecutor.execute(TestSuiteExecutor.java:106)
	at com.kms.katalon.core.main.TestCaseMain.startTestSuite(TestCaseMain.java:185)
	at com.kms.katalon.core.main.TestCaseMain$startTestSuite$0.call(Unknown Source)
	at TempTestSuite1655885093224.run(TempTestSuite1655885093224.groovy:36)
)

2022-06-22 16:49:29 - [TEST_STEP][FAILED] - tap(findTestObject("Login Onboarding/loginExistingContinueBtn"), 0): Failed to tap on element 'Object Repository/Login Onboarding/loginExistingContinueBtn' (Root cause: org.openqa.selenium.WebDriverException: An unknown server-side error occurred while processing the command. Original error: 'GET /window/current/size' cannot be proxied to UiAutomator2 server because the instrumentation process is not running (probably crashed). Check the server log and/or the logcat output for more details
Build info: version: '3.141.59', revision: 'e82be7d358', time: '2018-11-14T08:25:53'
System info: host: '00139272s-MacBook-Pro.local', ip: '2001:e68:6167:d901:5dd8:2a3:885f:7e34%en0', os.name: 'Mac OS X', os.arch: 'x86_64', os.version: '10.16', java.version: '1.8.0_275'
Driver info: com.kms.katalon.core.appium.driver.SwipeableAndroidDriver
Capabilities {app: /Users/a00139272/Katalon St..., appActivity: com.maybank2u.life.MainActi..., appPackage: com.maybank2u.life.sit, appWaitActivity: *, autoGrantPermissions: true, automationName: uiautomator2, chromedriverPort: 52878, databaseEnabled: false, desired: {app: /Users/a00139272/Katalon St..., appActivity: com.maybank2u.life.MainActi..., appPackage: com.maybank2u.life.sit, appWaitActivity: *, autoGrantPermissions: true, automationName: uiautomator2, chromedriverPort: 52878, deviceId: 002b9cc60508, deviceName: Xiaomi 21061119AG (Android 11), fullReset: false, newCommandTimeout: 1800, noReset: true, platform: ANDROID, platformName: android, platformVersion: 11, systemPort: 52876, udid: 002b9cc60508}, deviceApiLevel: 30, deviceId: 002b9cc60508, deviceManufacturer: Xiaomi, deviceModel: 21061119AG, deviceName: 002b9cc60508, deviceScreenDensity: 440, deviceScreenSize: 1080x2400, deviceUDID: 002b9cc60508, fullReset: false, javascriptEnabled: true, locationContextEnabled: false, networkConnectionEnabled: true, newCommandTimeout: 1800, noReset: true, pixelRatio: 2.75, platform: ANDROID, platformName: Android, platformVersion: 11, statBarHeight: 103, systemPort: 52876, takesScreenshot: true, udid: 002b9cc60508, viewportRect: {height: 2064, left: 0, top: 103, width: 1080}, warnings: {}, webStorageEnabled: false}
Session ID: 07e0a906-f567-4646-abfd-84c6cc800d18
	at org.openqa.selenium.remote.http.W3CHttpResponseCodec.createException(W3CHttpResponseCodec.java:187)
	at org.openqa.selenium.remote.http.W3CHttpResponseCodec.decode(W3CHttpResponseCodec.java:122)
	at org.openqa.selenium.remote.http.W3CHttpResponseCodec.decode(W3CHttpResponseCodec.java:49)
	at org.openqa.selenium.remote.HttpCommandExecutor.execute(HttpCommandExecutor.java:158)
	at io.appium.java_client.remote.AppiumCommandExecutor.execute(AppiumCommandExecutor.java:239)
	at org.openqa.selenium.remote.RemoteWebDriver.execute(RemoteWebDriver.java:552)
	at io.appium.java_client.DefaultGenericMobileDriver.execute(DefaultGenericMobileDriver.java:46)
	at io.appium.java_client.AppiumDriver.execute(AppiumDriver.java:1)
	at io.appium.java_client.android.AndroidDriver.execute(AndroidDriver.java:1)
	at com.kms.katalon.core.appium.driver.SwipeableAndroidDriver.execute(SwipeableAndroidDriver.java:1)
	at org.openqa.selenium.remote.RemoteWebDriver$RemoteWebDriverOptions$RemoteWindow.getSize(RemoteWebDriver.java:813)
	at org.openqa.selenium.WebDriver$Window$getSize.call(Unknown Source)
	at com.kms.katalon.core.mobile.keyword.internal.MobileAbstractKeyword.findElement(MobileAbstractKeyword.groovy:81)
	at com.kms.katalon.core.mobile.keyword.builtin.TapKeyword.access$1(TapKeyword.groovy)
	at com.kms.katalon.core.mobile.keyword.builtin.TapKeyword$_tap_closure1.doCall(TapKeyword.groovy:76)
	at com.kms.katalon.core.mobile.keyword.builtin.TapKeyword$_tap_closure1.call(TapKeyword.groovy)
	at com.kms.katalon.core.mobile.keyword.internal.MobileKeywordMain.runKeyword(MobileKeywordMain.groovy:21)
	at com.kms.katalon.core.mobile.keyword.builtin.TapKeyword.tap(TapKeyword.groovy:84)
	at com.kms.katalon.core.mobile.keyword.builtin.TapKeyword.execute(TapKeyword.groovy:68)
	at com.kms.katalon.core.keyword.internal.KeywordExecutor.executeKeywordForPlatform(KeywordExecutor.groovy:74)
	at com.kms.katalon.core.mobile.keyword.MobileBuiltInKeywords.tap(MobileBuiltInKeywords.groovy:1490)
	at com.kms.katalon.core.mobile.keyword.MobileBuiltInKeywords$tap$4.call(Unknown Source)
	at duitNow_mobileNumberFavTransaction.run(duitNow_mobileNumberFavTransaction:200)
	at com.kms.katalon.core.main.ScriptEngine.run(ScriptEngine.java:194)
	at com.kms.katalon.core.main.ScriptEngine.runScriptAsRawText(ScriptEngine.java:119)
	at com.kms.katalon.core.main.TestCaseExecutor.runScript(TestCaseExecutor.java:445)
	at com.kms.katalon.core.main.TestCaseExecutor.doExecute(TestCaseExecutor.java:436)
	at com.kms.katalon.core.main.TestCaseExecutor.processExecutionPhase(TestCaseExecutor.java:415)
	at com.kms.katalon.core.main.TestCaseExecutor.accessMainPhase(TestCaseExecutor.java:407)
	at com.kms.katalon.core.main.TestCaseExecutor.execute(TestCaseExecutor.java:284)
	at com.kms.katalon.core.common.CommonExecutor.accessTestCaseMainPhase(CommonExecutor.java:65)
	at com.kms.katalon.core.main.TestSuiteExecutor.accessTestSuiteMainPhase(TestSuiteExecutor.java:144)
	at com.kms.katalon.core.main.TestSuiteExecutor.execute(TestSuiteExecutor.java:106)
	at com.kms.katalon.core.main.TestCaseMain.startTestSuite(TestCaseMain.java:185)
	at com.kms.katalon.core.main.TestCaseMain$startTestSuite$0.call(Unknown Source)
	at TempTestSuite1655885093224.run(TempTestSuite1655885093224.groovy:36)
)

2022-06-22 16:49:29 - [MESSAGE][WARNING] - Timeout '0' is invalid. Using default page load timeout: '40'

2022-06-22 16:49:29 - [MESSAGE][FAILED] - Failed to tap on element 'Object Repository/Login Onboarding/loginExistingContinueBtn' (Root cause: org.openqa.selenium.WebDriverException: An unknown server-side error occurred while processing the command. Original error: 'GET /window/current/size' cannot be proxied to UiAutomator2 server because the instrumentation process is not running (probably crashed). Check the server log and/or the logcat output for more details
Build info: version: '3.141.59', revision: 'e82be7d358', time: '2018-11-14T08:25:53'
System info: host: '00139272s-MacBook-Pro.local', ip: '2001:e68:6167:d901:5dd8:2a3:885f:7e34%en0', os.name: 'Mac OS X', os.arch: 'x86_64', os.version: '10.16', java.version: '1.8.0_275'
Driver info: com.kms.katalon.core.appium.driver.SwipeableAndroidDriver
Capabilities {app: /Users/a00139272/Katalon St..., appActivity: com.maybank2u.life.MainActi..., appPackage: com.maybank2u.life.sit, appWaitActivity: *, autoGrantPermissions: true, automationName: uiautomator2, chromedriverPort: 52878, databaseEnabled: false, desired: {app: /Users/a00139272/Katalon St..., appActivity: com.maybank2u.life.MainActi..., appPackage: com.maybank2u.life.sit, appWaitActivity: *, autoGrantPermissions: true, automationName: uiautomator2, chromedriverPort: 52878, deviceId: 002b9cc60508, deviceName: Xiaomi 21061119AG (Android 11), fullReset: false, newCommandTimeout: 1800, noReset: true, platform: ANDROID, platformName: android, platformVersion: 11, systemPort: 52876, udid: 002b9cc60508}, deviceApiLevel: 30, deviceId: 002b9cc60508, deviceManufacturer: Xiaomi, deviceModel: 21061119AG, deviceName: 002b9cc60508, deviceScreenDensity: 440, deviceScreenSize: 1080x2400, deviceUDID: 002b9cc60508, fullReset: false, javascriptEnabled: true, locationContextEnabled: false, networkConnectionEnabled: true, newCommandTimeout: 1800, noReset: true, pixelRatio: 2.75, platform: ANDROID, platformName: Android, platformVersion: 11, statBarHeight: 103, systemPort: 52876, takesScreenshot: true, udid: 002b9cc60508, viewportRect: {height: 2064, left: 0, top: 103, width: 1080}, warnings: {}, webStorageEnabled: false}
Session ID: 07e0a906-f567-4646-abfd-84c6cc800d18
	at org.openqa.selenium.remote.http.W3CHttpResponseCodec.createException(W3CHttpResponseCodec.java:187)
	at org.openqa.selenium.remote.http.W3CHttpResponseCodec.decode(W3CHttpResponseCodec.java:122)
	at org.openqa.selenium.remote.http.W3CHttpResponseCodec.decode(W3CHttpResponseCodec.java:49)
	at org.openqa.selenium.remote.HttpCommandExecutor.execute(HttpCommandExecutor.java:158)
	at io.appium.java_client.remote.AppiumCommandExecutor.execute(AppiumCommandExecutor.java:239)
	at org.openqa.selenium.remote.RemoteWebDriver.execute(RemoteWebDriver.java:552)
	at io.appium.java_client.DefaultGenericMobileDriver.execute(DefaultGenericMobileDriver.java:46)
	at io.appium.java_client.AppiumDriver.execute(AppiumDriver.java:1)
	at io.appium.java_client.android.AndroidDriver.execute(AndroidDriver.java:1)
	at com.kms.katalon.core.appium.driver.SwipeableAndroidDriver.execute(SwipeableAndroidDriver.java:1)
	at org.openqa.selenium.remote.RemoteWebDriver$RemoteWebDriverOptions$RemoteWindow.getSize(RemoteWebDriver.java:813)
	at org.openqa.selenium.WebDriver$Window$getSize.call(Unknown Source)
	at com.kms.katalon.core.mobile.keyword.internal.MobileAbstractKeyword.findElement(MobileAbstractKeyword.groovy:81)
	at com.kms.katalon.core.mobile.keyword.builtin.TapKeyword.access$1(TapKeyword.groovy)
	at com.kms.katalon.core.mobile.keyword.builtin.TapKeyword$_tap_closure1.doCall(TapKeyword.groovy:76)
	at com.kms.katalon.core.mobile.keyword.builtin.TapKeyword$_tap_closure1.call(TapKeyword.groovy)
	at com.kms.katalon.core.mobile.keyword.internal.MobileKeywordMain.runKeyword(MobileKeywordMain.groovy:21)
	at com.kms.katalon.core.mobile.keyword.builtin.TapKeyword.tap(TapKeyword.groovy:84)
	at com.kms.katalon.core.mobile.keyword.builtin.TapKeyword.execute(TapKeyword.groovy:68)
	at com.kms.katalon.core.keyword.internal.KeywordExecutor.executeKeywordForPlatform(KeywordExecutor.groovy:74)
	at com.kms.katalon.core.mobile.keyword.MobileBuiltInKeywords.tap(MobileBuiltInKeywords.groovy:1490)
	at com.kms.katalon.core.mobile.keyword.MobileBuiltInKeywords$tap$4.call(Unknown Source)
	at duitNow_mobileNumberFavTransaction.run(duitNow_mobileNumberFavTransaction:200)
	at com.kms.katalon.core.main.ScriptEngine.run(ScriptEngine.java:194)
	at com.kms.katalon.core.main.ScriptEngine.runScriptAsRawText(ScriptEngine.java:119)
	at com.kms.katalon.core.main.TestCaseExecutor.runScript(TestCaseExecutor.java:445)
	at com.kms.katalon.core.main.TestCaseExecutor.doExecute(TestCaseExecutor.java:436)
	at com.kms.katalon.core.main.TestCaseExecutor.processExecutionPhase(TestCaseExecutor.java:415)
	at com.kms.katalon.core.main.TestCaseExecutor.accessMainPhase(TestCaseExecutor.java:407)
	at com.kms.katalon.core.main.TestCaseExecutor.execute(TestCaseExecutor.java:284)
	at com.kms.katalon.core.common.CommonExecutor.accessTestCaseMainPhase(CommonExecutor.java:65)
	at com.kms.katalon.core.main.TestSuiteExecutor.accessTestSuiteMainPhase(TestSuiteExecutor.java:144)
	at com.kms.katalon.core.main.TestSuiteExecutor.execute(TestSuiteExecutor.java:106)
	at com.kms.katalon.core.main.TestCaseMain.startTestSuite(TestCaseMain.java:185)
	at com.kms.katalon.core.main.TestCaseMain$startTestSuite$0.call(Unknown Source)
	at TempTestSuite1655885093224.run(TempTestSuite1655885093224.groovy:36)
)

2022-06-22 16:49:29 - [TEST_STEP][PASSED] - delay(3): Delayed 3 second(s)

2022-06-22 16:49:32 - [MESSAGE][PASSED] - Delayed 3 second(s)

2022-06-22 16:49:32 - [TEST_STEP][PASSED] - if (checker == true): null

2022-06-22 16:49:32 - [TEST_STEP][FAILED] - verifyElementText(findTestObject("Duit Now/duitNowConfirmationReceipientProxyNumTxt", ["proxyNumber":proxyNumber]), proxyNumber): Verify element text of test object 'Object Repository/Duit Now/duitNowConfirmationReceipientProxyNumTxt' FAILED. (Root cause: org.openqa.selenium.WebDriverException: An unknown server-side error occurred while processing the command. Original error: 'GET /window/current/size' cannot be proxied to UiAutomator2 server because the instrumentation process is not running (probably crashed). Check the server log and/or the logcat output for more details
Build info: version: '3.141.59', revision: 'e82be7d358', time: '2018-11-14T08:25:53'
System info: host: '00139272s-MacBook-Pro.local', ip: '2001:e68:6167:d901:5dd8:2a3:885f:7e34%en0', os.name: 'Mac OS X', os.arch: 'x86_64', os.version: '10.16', java.version: '1.8.0_275'
Driver info: com.kms.katalon.core.appium.driver.SwipeableAndroidDriver
Capabilities {app: /Users/a00139272/Katalon St..., appActivity: com.maybank2u.life.MainActi..., appPackage: com.maybank2u.life.sit, appWaitActivity: *, autoGrantPermissions: true, automationName: uiautomator2, chromedriverPort: 52878, databaseEnabled: false, desired: {app: /Users/a00139272/Katalon St..., appActivity: com.maybank2u.life.MainActi..., appPackage: com.maybank2u.life.sit, appWaitActivity: *, autoGrantPermissions: true, automationName: uiautomator2, chromedriverPort: 52878, deviceId: 002b9cc60508, deviceName: Xiaomi 21061119AG (Android 11), fullReset: false, newCommandTimeout: 1800, noReset: true, platform: ANDROID, platformName: android, platformVersion: 11, systemPort: 52876, udid: 002b9cc60508}, deviceApiLevel: 30, deviceId: 002b9cc60508, deviceManufacturer: Xiaomi, deviceModel: 21061119AG, deviceName: 002b9cc60508, deviceScreenDensity: 440, deviceScreenSize: 1080x2400, deviceUDID: 002b9cc60508, fullReset: false, javascriptEnabled: true, locationContextEnabled: false, networkConnectionEnabled: true, newCommandTimeout: 1800, noReset: true, pixelRatio: 2.75, platform: ANDROID, platformName: Android, platformVersion: 11, statBarHeight: 103, systemPort: 52876, takesScreenshot: true, udid: 002b9cc60508, viewportRect: {height: 2064, left: 0, top: 103, width: 1080}, warnings: {}, webStorageEnabled: false}
Session ID: 07e0a906-f567-4646-abfd-84c6cc800d18
	at org.openqa.selenium.remote.http.W3CHttpResponseCodec.createException(W3CHttpResponseCodec.java:187)
	at org.openqa.selenium.remote.http.W3CHttpResponseCodec.decode(W3CHttpResponseCodec.java:122)
	at org.openqa.selenium.remote.http.W3CHttpResponseCodec.decode(W3CHttpResponseCodec.java:49)
	at org.openqa.selenium.remote.HttpCommandExecutor.execute(HttpCommandExecutor.java:158)
	at io.appium.java_client.remote.AppiumCommandExecutor.execute(AppiumCommandExecutor.java:239)
	at org.openqa.selenium.remote.RemoteWebDriver.execute(RemoteWebDriver.java:552)
	at io.appium.java_client.DefaultGenericMobileDriver.execute(DefaultGenericMobileDriver.java:46)
	at io.appium.java_client.AppiumDriver.execute(AppiumDriver.java:1)
	at io.appium.java_client.android.AndroidDriver.execute(AndroidDriver.java:1)
	at com.kms.katalon.core.appium.driver.SwipeableAndroidDriver.execute(SwipeableAndroidDriver.java:1)
	at org.openqa.selenium.remote.RemoteWebDriver$RemoteWebDriverOptions$RemoteWindow.getSize(RemoteWebDriver.java:813)
	at org.openqa.selenium.WebDriver$Window$getSize.call(Unknown Source)
	at com.kms.katalon.core.mobile.keyword.internal.MobileAbstractKeyword.findElement(MobileAbstractKeyword.groovy:81)
	at com.kms.katalon.core.mobile.keyword.builtin.VerifyElementTextKeyword.access$1(VerifyElementTextKeyword.groovy)
	at com.kms.katalon.core.mobile.keyword.builtin.VerifyElementTextKeyword$_verifyElementText_closure1.doCall(VerifyElementTextKeyword.groovy:47)
	at com.kms.katalon.core.mobile.keyword.builtin.VerifyElementTextKeyword$_verifyElementText_closure1.call(VerifyElementTextKeyword.groovy)
	at com.kms.katalon.core.mobile.keyword.internal.MobileKeywordMain.runKeyword(MobileKeywordMain.groovy:21)
	at com.kms.katalon.core.mobile.keyword.builtin.VerifyElementTextKeyword.verifyElementText(VerifyElementTextKeyword.groovy:62)
	at com.kms.katalon.core.mobile.keyword.builtin.VerifyElementTextKeyword.execute(VerifyElementTextKeyword.groovy:39)
	at com.kms.katalon.core.keyword.internal.KeywordExecutor.executeKeywordForPlatform(KeywordExecutor.groovy:74)
	at com.kms.katalon.core.mobile.keyword.MobileBuiltInKeywords.verifyElementText(MobileBuiltInKeywords.groovy:2901)
	at com.kms.katalon.core.mobile.keyword.MobileBuiltInKeywords$verifyElementText$9.call(Unknown Source)
	at duitNow_mobileNumberFavTransaction.run(duitNow_mobileNumberFavTransaction:214)
	at com.kms.katalon.core.main.ScriptEngine.run(ScriptEngine.java:194)
	at com.kms.katalon.core.main.ScriptEngine.runScriptAsRawText(ScriptEngine.java:119)
	at com.kms.katalon.core.main.TestCaseExecutor.runScript(TestCaseExecutor.java:445)
	at com.kms.katalon.core.main.TestCaseExecutor.doExecute(TestCaseExecutor.java:436)
	at com.kms.katalon.core.main.TestCaseExecutor.processExecutionPhase(TestCaseExecutor.java:415)
	at com.kms.katalon.core.main.TestCaseExecutor.accessMainPhase(TestCaseExecutor.java:407)
	at com.kms.katalon.core.main.TestCaseExecutor.execute(TestCaseExecutor.java:284)
	at com.kms.katalon.core.common.CommonExecutor.accessTestCaseMainPhase(CommonExecutor.java:65)
	at com.kms.katalon.core.main.TestSuiteExecutor.accessTestSuiteMainPhase(TestSuiteExecutor.java:144)
	at com.kms.katalon.core.main.TestSuiteExecutor.execute(TestSuiteExecutor.java:106)
	at com.kms.katalon.core.main.TestCaseMain.startTestSuite(TestCaseMain.java:185)
	at com.kms.katalon.core.main.TestCaseMain$startTestSuite$0.call(Unknown Source)
	at TempTestSuite1655885093224.run(TempTestSuite1655885093224.groovy:36)
)

2022-06-22 16:49:32 - [MESSAGE][FAILED] - Verify element text of test object 'Object Repository/Duit Now/duitNowConfirmationReceipientProxyNumTxt' FAILED. (Root cause: org.openqa.selenium.WebDriverException: An unknown server-side error occurred while processing the command. Original error: 'GET /window/current/size' cannot be proxied to UiAutomator2 server because the instrumentation process is not running (probably crashed). Check the server log and/or the logcat output for more details
Build info: version: '3.141.59', revision: 'e82be7d358', time: '2018-11-14T08:25:53'
System info: host: '00139272s-MacBook-Pro.local', ip: '2001:e68:6167:d901:5dd8:2a3:885f:7e34%en0', os.name: 'Mac OS X', os.arch: 'x86_64', os.version: '10.16', java.version: '1.8.0_275'
Driver info: com.kms.katalon.core.appium.driver.SwipeableAndroidDriver
Capabilities {app: /Users/a00139272/Katalon St..., appActivity: com.maybank2u.life.MainActi..., appPackage: com.maybank2u.life.sit, appWaitActivity: *, autoGrantPermissions: true, automationName: uiautomator2, chromedriverPort: 52878, databaseEnabled: false, desired: {app: /Users/a00139272/Katalon St..., appActivity: com.maybank2u.life.MainActi..., appPackage: com.maybank2u.life.sit, appWaitActivity: *, autoGrantPermissions: true, automationName: uiautomator2, chromedriverPort: 52878, deviceId: 002b9cc60508, deviceName: Xiaomi 21061119AG (Android 11), fullReset: false, newCommandTimeout: 1800, noReset: true, platform: ANDROID, platformName: android, platformVersion: 11, systemPort: 52876, udid: 002b9cc60508}, deviceApiLevel: 30, deviceId: 002b9cc60508, deviceManufacturer: Xiaomi, deviceModel: 21061119AG, deviceName: 002b9cc60508, deviceScreenDensity: 440, deviceScreenSize: 1080x2400, deviceUDID: 002b9cc60508, fullReset: false, javascriptEnabled: true, locationContextEnabled: false, networkConnectionEnabled: true, newCommandTimeout: 1800, noReset: true, pixelRatio: 2.75, platform: ANDROID, platformName: Android, platformVersion: 11, statBarHeight: 103, systemPort: 52876, takesScreenshot: true, udid: 002b9cc60508, viewportRect: {height: 2064, left: 0, top: 103, width: 1080}, warnings: {}, webStorageEnabled: false}
Session ID: 07e0a906-f567-4646-abfd-84c6cc800d18
	at org.openqa.selenium.remote.http.W3CHttpResponseCodec.createException(W3CHttpResponseCodec.java:187)
	at org.openqa.selenium.remote.http.W3CHttpResponseCodec.decode(W3CHttpResponseCodec.java:122)
	at org.openqa.selenium.remote.http.W3CHttpResponseCodec.decode(W3CHttpResponseCodec.java:49)
	at org.openqa.selenium.remote.HttpCommandExecutor.execute(HttpCommandExecutor.java:158)
	at io.appium.java_client.remote.AppiumCommandExecutor.execute(AppiumCommandExecutor.java:239)
	at org.openqa.selenium.remote.RemoteWebDriver.execute(RemoteWebDriver.java:552)
	at io.appium.java_client.DefaultGenericMobileDriver.execute(DefaultGenericMobileDriver.java:46)
	at io.appium.java_client.AppiumDriver.execute(AppiumDriver.java:1)
	at io.appium.java_client.android.AndroidDriver.execute(AndroidDriver.java:1)
	at com.kms.katalon.core.appium.driver.SwipeableAndroidDriver.execute(SwipeableAndroidDriver.java:1)
	at org.openqa.selenium.remote.RemoteWebDriver$RemoteWebDriverOptions$RemoteWindow.getSize(RemoteWebDriver.java:813)
	at org.openqa.selenium.WebDriver$Window$getSize.call(Unknown Source)
	at com.kms.katalon.core.mobile.keyword.internal.MobileAbstractKeyword.findElement(MobileAbstractKeyword.groovy:81)
	at com.kms.katalon.core.mobile.keyword.builtin.VerifyElementTextKeyword.access$1(VerifyElementTextKeyword.groovy)
	at com.kms.katalon.core.mobile.keyword.builtin.VerifyElementTextKeyword$_verifyElementText_closure1.doCall(VerifyElementTextKeyword.groovy:47)
	at com.kms.katalon.core.mobile.keyword.builtin.VerifyElementTextKeyword$_verifyElementText_closure1.call(VerifyElementTextKeyword.groovy)
	at com.kms.katalon.core.mobile.keyword.internal.MobileKeywordMain.runKeyword(MobileKeywordMain.groovy:21)
	at com.kms.katalon.core.mobile.keyword.builtin.VerifyElementTextKeyword.verifyElementText(VerifyElementTextKeyword.groovy:62)
	at com.kms.katalon.core.mobile.keyword.builtin.VerifyElementTextKeyword.execute(VerifyElementTextKeyword.groovy:39)
	at com.kms.katalon.core.keyword.internal.KeywordExecutor.executeKeywordForPlatform(KeywordExecutor.groovy:74)
	at com.kms.katalon.core.mobile.keyword.MobileBuiltInKeywords.verifyElementText(MobileBuiltInKeywords.groovy:2901)
	at com.kms.katalon.core.mobile.keyword.MobileBuiltInKeywords$verifyElementText$9.call(Unknown Source)
	at duitNow_mobileNumberFavTransaction.run(duitNow_mobileNumberFavTransaction:214)
	at com.kms.katalon.core.main.ScriptEngine.run(ScriptEngine.java:194)
	at com.kms.katalon.core.main.ScriptEngine.runScriptAsRawText(ScriptEngine.java:119)
	at com.kms.katalon.core.main.TestCaseExecutor.runScript(TestCaseExecutor.java:445)
	at com.kms.katalon.core.main.TestCaseExecutor.doExecute(TestCaseExecutor.java:436)
	at com.kms.katalon.core.main.TestCaseExecutor.processExecutionPhase(TestCaseExecutor.java:415)
	at com.kms.katalon.core.main.TestCaseExecutor.accessMainPhase(TestCaseExecutor.java:407)
	at com.kms.katalon.core.main.TestCaseExecutor.execute(TestCaseExecutor.java:284)
	at com.kms.katalon.core.common.CommonExecutor.accessTestCaseMainPhase(CommonExecutor.java:65)
	at com.kms.katalon.core.main.TestSuiteExecutor.accessTestSuiteMainPhase(TestSuiteExecutor.java:144)
	at com.kms.katalon.core.main.TestSuiteExecutor.execute(TestSuiteExecutor.java:106)
	at com.kms.katalon.core.main.TestCaseMain.startTestSuite(TestCaseMain.java:185)
	at com.kms.katalon.core.main.TestCaseMain$startTestSuite$0.call(Unknown Source)
	at TempTestSuite1655885093224.run(TempTestSuite1655885093224.groovy:36)
)

2022-06-22 16:49:32 - [TEST_STEP][FAILED] - verifyElementText(findTestObject("Duit Now/duitNowConfirmationAmountTxt", ["amount":amount]), amount): Verify element text of test object 'Object Repository/Duit Now/duitNowConfirmationAmountTxt' FAILED. (Root cause: org.openqa.selenium.WebDriverException: An unknown server-side error occurred while processing the command. Original error: 'GET /window/current/size' cannot be proxied to UiAutomator2 server because the instrumentation process is not running (probably crashed). Check the server log and/or the logcat output for more details
Build info: version: '3.141.59', revision: 'e82be7d358', time: '2018-11-14T08:25:53'
System info: host: '00139272s-MacBook-Pro.local', ip: '2001:e68:6167:d901:5dd8:2a3:885f:7e34%en0', os.name: 'Mac OS X', os.arch: 'x86_64', os.version: '10.16', java.version: '1.8.0_275'
Driver info: com.kms.katalon.core.appium.driver.SwipeableAndroidDriver
Capabilities {app: /Users/a00139272/Katalon St..., appActivity: com.maybank2u.life.MainActi..., appPackage: com.maybank2u.life.sit, appWaitActivity: *, autoGrantPermissions: true, automationName: uiautomator2, chromedriverPort: 52878, databaseEnabled: false, desired: {app: /Users/a00139272/Katalon St..., appActivity: com.maybank2u.life.MainActi..., appPackage: com.maybank2u.life.sit, appWaitActivity: *, autoGrantPermissions: true, automationName: uiautomator2, chromedriverPort: 52878, deviceId: 002b9cc60508, deviceName: Xiaomi 21061119AG (Android 11), fullReset: false, newCommandTimeout: 1800, noReset: true, platform: ANDROID, platformName: android, platformVersion: 11, systemPort: 52876, udid: 002b9cc60508}, deviceApiLevel: 30, deviceId: 002b9cc60508, deviceManufacturer: Xiaomi, deviceModel: 21061119AG, deviceName: 002b9cc60508, deviceScreenDensity: 440, deviceScreenSize: 1080x2400, deviceUDID: 002b9cc60508, fullReset: false, javascriptEnabled: true, locationContextEnabled: false, networkConnectionEnabled: true, newCommandTimeout: 1800, noReset: true, pixelRatio: 2.75, platform: ANDROID, platformName: Android, platformVersion: 11, statBarHeight: 103, systemPort: 52876, takesScreenshot: true, udid: 002b9cc60508, viewportRect: {height: 2064, left: 0, top: 103, width: 1080}, warnings: {}, webStorageEnabled: false}
Session ID: 07e0a906-f567-4646-abfd-84c6cc800d18
	at org.openqa.selenium.remote.http.W3CHttpResponseCodec.createException(W3CHttpResponseCodec.java:187)
	at org.openqa.selenium.remote.http.W3CHttpResponseCodec.decode(W3CHttpResponseCodec.java:122)
	at org.openqa.selenium.remote.http.W3CHttpResponseCodec.decode(W3CHttpResponseCodec.java:49)
	at org.openqa.selenium.remote.HttpCommandExecutor.execute(HttpCommandExecutor.java:158)
	at io.appium.java_client.remote.AppiumCommandExecutor.execute(AppiumCommandExecutor.java:239)
	at org.openqa.selenium.remote.RemoteWebDriver.execute(RemoteWebDriver.java:552)
	at io.appium.java_client.DefaultGenericMobileDriver.execute(DefaultGenericMobileDriver.java:46)
	at io.appium.java_client.AppiumDriver.execute(AppiumDriver.java:1)
	at io.appium.java_client.android.AndroidDriver.execute(AndroidDriver.java:1)
	at com.kms.katalon.core.appium.driver.SwipeableAndroidDriver.execute(SwipeableAndroidDriver.java:1)
	at org.openqa.selenium.remote.RemoteWebDriver$RemoteWebDriverOptions$RemoteWindow.getSize(RemoteWebDriver.java:813)
	at org.openqa.selenium.WebDriver$Window$getSize.call(Unknown Source)
	at com.kms.katalon.core.mobile.keyword.internal.MobileAbstractKeyword.findElement(MobileAbstractKeyword.groovy:81)
	at com.kms.katalon.core.mobile.keyword.builtin.VerifyElementTextKeyword.access$1(VerifyElementTextKeyword.groovy)
	at com.kms.katalon.core.mobile.keyword.builtin.VerifyElementTextKeyword$_verifyElementText_closure1.doCall(VerifyElementTextKeyword.groovy:47)
	at com.kms.katalon.core.mobile.keyword.builtin.VerifyElementTextKeyword$_verifyElementText_closure1.call(VerifyElementTextKeyword.groovy)
	at com.kms.katalon.core.mobile.keyword.internal.MobileKeywordMain.runKeyword(MobileKeywordMain.groovy:21)
	at com.kms.katalon.core.mobile.keyword.builtin.VerifyElementTextKeyword.verifyElementText(VerifyElementTextKeyword.groovy:62)
	at com.kms.katalon.core.mobile.keyword.builtin.VerifyElementTextKeyword.execute(VerifyElementTextKeyword.groovy:39)
	at com.kms.katalon.core.keyword.internal.KeywordExecutor.executeKeywordForPlatform(KeywordExecutor.groovy:74)
	at com.kms.katalon.core.mobile.keyword.MobileBuiltInKeywords.verifyElementText(MobileBuiltInKeywords.groovy:2901)
	at com.kms.katalon.core.mobile.keyword.MobileBuiltInKeywords$verifyElementText$9.call(Unknown Source)
	at duitNow_mobileNumberFavTransaction.run(duitNow_mobileNumberFavTransaction:217)
	at com.kms.katalon.core.main.ScriptEngine.run(ScriptEngine.java:194)
	at com.kms.katalon.core.main.ScriptEngine.runScriptAsRawText(ScriptEngine.java:119)
	at com.kms.katalon.core.main.TestCaseExecutor.runScript(TestCaseExecutor.java:445)
	at com.kms.katalon.core.main.TestCaseExecutor.doExecute(TestCaseExecutor.java:436)
	at com.kms.katalon.core.main.TestCaseExecutor.processExecutionPhase(TestCaseExecutor.java:415)
	at com.kms.katalon.core.main.TestCaseExecutor.accessMainPhase(TestCaseExecutor.java:407)
	at com.kms.katalon.core.main.TestCaseExecutor.execute(TestCaseExecutor.java:284)
	at com.kms.katalon.core.common.CommonExecutor.accessTestCaseMainPhase(CommonExecutor.java:65)
	at com.kms.katalon.core.main.TestSuiteExecutor.accessTestSuiteMainPhase(TestSuiteExecutor.java:144)
	at com.kms.katalon.core.main.TestSuiteExecutor.execute(TestSuiteExecutor.java:106)
	at com.kms.katalon.core.main.TestCaseMain.startTestSuite(TestCaseMain.java:185)
	at com.kms.katalon.core.main.TestCaseMain$startTestSuite$0.call(Unknown Source)
	at TempTestSuite1655885093224.run(TempTestSuite1655885093224.groovy:36)
)

2022-06-22 16:49:32 - [MESSAGE][FAILED] - Verify element text of test object 'Object Repository/Duit Now/duitNowConfirmationAmountTxt' FAILED. (Root cause: org.openqa.selenium.WebDriverException: An unknown server-side error occurred while processing the command. Original error: 'GET /window/current/size' cannot be proxied to UiAutomator2 server because the instrumentation process is not running (probably crashed). Check the server log and/or the logcat output for more details
Build info: version: '3.141.59', revision: 'e82be7d358', time: '2018-11-14T08:25:53'
System info: host: '00139272s-MacBook-Pro.local', ip: '2001:e68:6167:d901:5dd8:2a3:885f:7e34%en0', os.name: 'Mac OS X', os.arch: 'x86_64', os.version: '10.16', java.version: '1.8.0_275'
Driver info: com.kms.katalon.core.appium.driver.SwipeableAndroidDriver
Capabilities {app: /Users/a00139272/Katalon St..., appActivity: com.maybank2u.life.MainActi..., appPackage: com.maybank2u.life.sit, appWaitActivity: *, autoGrantPermissions: true, automationName: uiautomator2, chromedriverPort: 52878, databaseEnabled: false, desired: {app: /Users/a00139272/Katalon St..., appActivity: com.maybank2u.life.MainActi..., appPackage: com.maybank2u.life.sit, appWaitActivity: *, autoGrantPermissions: true, automationName: uiautomator2, chromedriverPort: 52878, deviceId: 002b9cc60508, deviceName: Xiaomi 21061119AG (Android 11), fullReset: false, newCommandTimeout: 1800, noReset: true, platform: ANDROID, platformName: android, platformVersion: 11, systemPort: 52876, udid: 002b9cc60508}, deviceApiLevel: 30, deviceId: 002b9cc60508, deviceManufacturer: Xiaomi, deviceModel: 21061119AG, deviceName: 002b9cc60508, deviceScreenDensity: 440, deviceScreenSize: 1080x2400, deviceUDID: 002b9cc60508, fullReset: false, javascriptEnabled: true, locationContextEnabled: false, networkConnectionEnabled: true, newCommandTimeout: 1800, noReset: true, pixelRatio: 2.75, platform: ANDROID, platformName: Android, platformVersion: 11, statBarHeight: 103, systemPort: 52876, takesScreenshot: true, udid: 002b9cc60508, viewportRect: {height: 2064, left: 0, top: 103, width: 1080}, warnings: {}, webStorageEnabled: false}
Session ID: 07e0a906-f567-4646-abfd-84c6cc800d18
	at org.openqa.selenium.remote.http.W3CHttpResponseCodec.createException(W3CHttpResponseCodec.java:187)
	at org.openqa.selenium.remote.http.W3CHttpResponseCodec.decode(W3CHttpResponseCodec.java:122)
	at org.openqa.selenium.remote.http.W3CHttpResponseCodec.decode(W3CHttpResponseCodec.java:49)
	at org.openqa.selenium.remote.HttpCommandExecutor.execute(HttpCommandExecutor.java:158)
	at io.appium.java_client.remote.AppiumCommandExecutor.execute(AppiumCommandExecutor.java:239)
	at org.openqa.selenium.remote.RemoteWebDriver.execute(RemoteWebDriver.java:552)
	at io.appium.java_client.DefaultGenericMobileDriver.execute(DefaultGenericMobileDriver.java:46)
	at io.appium.java_client.AppiumDriver.execute(AppiumDriver.java:1)
	at io.appium.java_client.android.AndroidDriver.execute(AndroidDriver.java:1)
	at com.kms.katalon.core.appium.driver.SwipeableAndroidDriver.execute(SwipeableAndroidDriver.java:1)
	at org.openqa.selenium.remote.RemoteWebDriver$RemoteWebDriverOptions$RemoteWindow.getSize(RemoteWebDriver.java:813)
	at org.openqa.selenium.WebDriver$Window$getSize.call(Unknown Source)
	at com.kms.katalon.core.mobile.keyword.internal.MobileAbstractKeyword.findElement(MobileAbstractKeyword.groovy:81)
	at com.kms.katalon.core.mobile.keyword.builtin.VerifyElementTextKeyword.access$1(VerifyElementTextKeyword.groovy)
	at com.kms.katalon.core.mobile.keyword.builtin.VerifyElementTextKeyword$_verifyElementText_closure1.doCall(VerifyElementTextKeyword.groovy:47)
	at com.kms.katalon.core.mobile.keyword.builtin.VerifyElementTextKeyword$_verifyElementText_closure1.call(VerifyElementTextKeyword.groovy)
	at com.kms.katalon.core.mobile.keyword.internal.MobileKeywordMain.runKeyword(MobileKeywordMain.groovy:21)
	at com.kms.katalon.core.mobile.keyword.builtin.VerifyElementTextKeyword.verifyElementText(VerifyElementTextKeyword.groovy:62)
	at com.kms.katalon.core.mobile.keyword.builtin.VerifyElementTextKeyword.execute(VerifyElementTextKeyword.groovy:39)
	at com.kms.katalon.core.keyword.internal.KeywordExecutor.executeKeywordForPlatform(KeywordExecutor.groovy:74)
	at com.kms.katalon.core.mobile.keyword.MobileBuiltInKeywords.verifyElementText(MobileBuiltInKeywords.groovy:2901)
	at com.kms.katalon.core.mobile.keyword.MobileBuiltInKeywords$verifyElementText$9.call(Unknown Source)
	at duitNow_mobileNumberFavTransaction.run(duitNow_mobileNumberFavTransaction:217)
	at com.kms.katalon.core.main.ScriptEngine.run(ScriptEngine.java:194)
	at com.kms.katalon.core.main.ScriptEngine.runScriptAsRawText(ScriptEngine.java:119)
	at com.kms.katalon.core.main.TestCaseExecutor.runScript(TestCaseExecutor.java:445)
	at com.kms.katalon.core.main.TestCaseExecutor.doExecute(TestCaseExecutor.java:436)
	at com.kms.katalon.core.main.TestCaseExecutor.processExecutionPhase(TestCaseExecutor.java:415)
	at com.kms.katalon.core.main.TestCaseExecutor.accessMainPhase(TestCaseExecutor.java:407)
	at com.kms.katalon.core.main.TestCaseExecutor.execute(TestCaseExecutor.java:284)
	at com.kms.katalon.core.common.CommonExecutor.accessTestCaseMainPhase(CommonExecutor.java:65)
	at com.kms.katalon.core.main.TestSuiteExecutor.accessTestSuiteMainPhase(TestSuiteExecutor.java:144)
	at com.kms.katalon.core.main.TestSuiteExecutor.execute(TestSuiteExecutor.java:106)
	at com.kms.katalon.core.main.TestCaseMain.startTestSuite(TestCaseMain.java:185)
	at com.kms.katalon.core.main.TestCaseMain$startTestSuite$0.call(Unknown Source)
	at TempTestSuite1655885093224.run(TempTestSuite1655885093224.groovy:36)
)

2022-06-22 16:49:32 - [TEST_STEP][FAILED] - verifyElementExist(findTestObject("Duit Now/duitNowConfirmationDateTitleTxt"), 0): Failed to check for element 'Object Repository/Duit Now/duitNowConfirmationDateTitleTxt' exist (Root cause: org.openqa.selenium.WebDriverException: An unknown server-side error occurred while processing the command. Original error: 'GET /window/current/size' cannot be proxied to UiAutomator2 server because the instrumentation process is not running (probably crashed). Check the server log and/or the logcat output for more details
Build info: version: '3.141.59', revision: 'e82be7d358', time: '2018-11-14T08:25:53'
System info: host: '00139272s-MacBook-Pro.local', ip: '2001:e68:6167:d901:5dd8:2a3:885f:7e34%en0', os.name: 'Mac OS X', os.arch: 'x86_64', os.version: '10.16', java.version: '1.8.0_275'
Driver info: com.kms.katalon.core.appium.driver.SwipeableAndroidDriver
Capabilities {app: /Users/a00139272/Katalon St..., appActivity: com.maybank2u.life.MainActi..., appPackage: com.maybank2u.life.sit, appWaitActivity: *, autoGrantPermissions: true, automationName: uiautomator2, chromedriverPort: 52878, databaseEnabled: false, desired: {app: /Users/a00139272/Katalon St..., appActivity: com.maybank2u.life.MainActi..., appPackage: com.maybank2u.life.sit, appWaitActivity: *, autoGrantPermissions: true, automationName: uiautomator2, chromedriverPort: 52878, deviceId: 002b9cc60508, deviceName: Xiaomi 21061119AG (Android 11), fullReset: false, newCommandTimeout: 1800, noReset: true, platform: ANDROID, platformName: android, platformVersion: 11, systemPort: 52876, udid: 002b9cc60508}, deviceApiLevel: 30, deviceId: 002b9cc60508, deviceManufacturer: Xiaomi, deviceModel: 21061119AG, deviceName: 002b9cc60508, deviceScreenDensity: 440, deviceScreenSize: 1080x2400, deviceUDID: 002b9cc60508, fullReset: false, javascriptEnabled: true, locationContextEnabled: false, networkConnectionEnabled: true, newCommandTimeout: 1800, noReset: true, pixelRatio: 2.75, platform: ANDROID, platformName: Android, platformVersion: 11, statBarHeight: 103, systemPort: 52876, takesScreenshot: true, udid: 002b9cc60508, viewportRect: {height: 2064, left: 0, top: 103, width: 1080}, warnings: {}, webStorageEnabled: false}
Session ID: 07e0a906-f567-4646-abfd-84c6cc800d18
	at org.openqa.selenium.remote.http.W3CHttpResponseCodec.createException(W3CHttpResponseCodec.java:187)
	at org.openqa.selenium.remote.http.W3CHttpResponseCodec.decode(W3CHttpResponseCodec.java:122)
	at org.openqa.selenium.remote.http.W3CHttpResponseCodec.decode(W3CHttpResponseCodec.java:49)
	at org.openqa.selenium.remote.HttpCommandExecutor.execute(HttpCommandExecutor.java:158)
	at io.appium.java_client.remote.AppiumCommandExecutor.execute(AppiumCommandExecutor.java:239)
	at org.openqa.selenium.remote.RemoteWebDriver.execute(RemoteWebDriver.java:552)
	at io.appium.java_client.DefaultGenericMobileDriver.execute(DefaultGenericMobileDriver.java:46)
	at io.appium.java_client.AppiumDriver.execute(AppiumDriver.java:1)
	at io.appium.java_client.android.AndroidDriver.execute(AndroidDriver.java:1)
	at com.kms.katalon.core.appium.driver.SwipeableAndroidDriver.execute(SwipeableAndroidDriver.java:1)
	at org.openqa.selenium.remote.RemoteWebDriver$RemoteWebDriverOptions$RemoteWindow.getSize(RemoteWebDriver.java:813)
	at org.openqa.selenium.WebDriver$Window$getSize.call(Unknown Source)
	at com.kms.katalon.core.mobile.keyword.internal.MobileAbstractKeyword.findElement(MobileAbstractKeyword.groovy:81)
	at com.kms.katalon.core.mobile.keyword.builtin.VerifyElementExistKeyword.access$1(VerifyElementExistKeyword.groovy)
	at com.kms.katalon.core.mobile.keyword.builtin.VerifyElementExistKeyword$_verifyElementExist_closure1.doCall(VerifyElementExistKeyword.groovy:72)
	at com.kms.katalon.core.mobile.keyword.builtin.VerifyElementExistKeyword$_verifyElementExist_closure1.call(VerifyElementExistKeyword.groovy)
	at com.kms.katalon.core.mobile.keyword.internal.MobileKeywordMain.runKeyword(MobileKeywordMain.groovy:21)
	at com.kms.katalon.core.mobile.keyword.builtin.VerifyElementExistKeyword.verifyElementExist(VerifyElementExistKeyword.groovy:80)
	at com.kms.katalon.core.mobile.keyword.builtin.VerifyElementExistKeyword.execute(VerifyElementExistKeyword.groovy:64)
	at com.kms.katalon.core.keyword.internal.KeywordExecutor.executeKeywordForPlatform(KeywordExecutor.groovy:74)
	at com.kms.katalon.core.mobile.keyword.MobileBuiltInKeywords.verifyElementExist(MobileBuiltInKeywords.groovy:1755)
	at com.kms.katalon.core.mobile.keyword.MobileBuiltInKeywords$verifyElementExist$8.call(Unknown Source)
	at duitNow_mobileNumberFavTransaction.run(duitNow_mobileNumberFavTransaction:219)
	at com.kms.katalon.core.main.ScriptEngine.run(ScriptEngine.java:194)
	at com.kms.katalon.core.main.ScriptEngine.runScriptAsRawText(ScriptEngine.java:119)
	at com.kms.katalon.core.main.TestCaseExecutor.runScript(TestCaseExecutor.java:445)
	at com.kms.katalon.core.main.TestCaseExecutor.doExecute(TestCaseExecutor.java:436)
	at com.kms.katalon.core.main.TestCaseExecutor.processExecutionPhase(TestCaseExecutor.java:415)
	at com.kms.katalon.core.main.TestCaseExecutor.accessMainPhase(TestCaseExecutor.java:407)
	at com.kms.katalon.core.main.TestCaseExecutor.execute(TestCaseExecutor.java:284)
	at com.kms.katalon.core.common.CommonExecutor.accessTestCaseMainPhase(CommonExecutor.java:65)
	at com.kms.katalon.core.main.TestSuiteExecutor.accessTestSuiteMainPhase(TestSuiteExecutor.java:144)
	at com.kms.katalon.core.main.TestSuiteExecutor.execute(TestSuiteExecutor.java:106)
	at com.kms.katalon.core.main.TestCaseMain.startTestSuite(TestCaseMain.java:185)
	at com.kms.katalon.core.main.TestCaseMain$startTestSuite$0.call(Unknown Source)
	at TempTestSuite1655885093224.run(TempTestSuite1655885093224.groovy:36)
)

2022-06-22 16:49:32 - [MESSAGE][WARNING] - Timeout '0' is invalid. Using default page load timeout: '40'

2022-06-22 16:49:32 - [MESSAGE][FAILED] - Failed to check for element 'Object Repository/Duit Now/duitNowConfirmationDateTitleTxt' exist (Root cause: org.openqa.selenium.WebDriverException: An unknown server-side error occurred while processing the command. Original error: 'GET /window/current/size' cannot be proxied to UiAutomator2 server because the instrumentation process is not running (probably crashed). Check the server log and/or the logcat output for more details
Build info: version: '3.141.59', revision: 'e82be7d358', time: '2018-11-14T08:25:53'
System info: host: '00139272s-MacBook-Pro.local', ip: '2001:e68:6167:d901:5dd8:2a3:885f:7e34%en0', os.name: 'Mac OS X', os.arch: 'x86_64', os.version: '10.16', java.version: '1.8.0_275'
Driver info: com.kms.katalon.core.appium.driver.SwipeableAndroidDriver
Capabilities {app: /Users/a00139272/Katalon St..., appActivity: com.maybank2u.life.MainActi..., appPackage: com.maybank2u.life.sit, appWaitActivity: *, autoGrantPermissions: true, automationName: uiautomator2, chromedriverPort: 52878, databaseEnabled: false, desired: {app: /Users/a00139272/Katalon St..., appActivity: com.maybank2u.life.MainActi..., appPackage: com.maybank2u.life.sit, appWaitActivity: *, autoGrantPermissions: true, automationName: uiautomator2, chromedriverPort: 52878, deviceId: 002b9cc60508, deviceName: Xiaomi 21061119AG (Android 11), fullReset: false, newCommandTimeout: 1800, noReset: true, platform: ANDROID, platformName: android, platformVersion: 11, systemPort: 52876, udid: 002b9cc60508}, deviceApiLevel: 30, deviceId: 002b9cc60508, deviceManufacturer: Xiaomi, deviceModel: 21061119AG, deviceName: 002b9cc60508, deviceScreenDensity: 440, deviceScreenSize: 1080x2400, deviceUDID: 002b9cc60508, fullReset: false, javascriptEnabled: true, locationContextEnabled: false, networkConnectionEnabled: true, newCommandTimeout: 1800, noReset: true, pixelRatio: 2.75, platform: ANDROID, platformName: Android, platformVersion: 11, statBarHeight: 103, systemPort: 52876, takesScreenshot: true, udid: 002b9cc60508, viewportRect: {height: 2064, left: 0, top: 103, width: 1080}, warnings: {}, webStorageEnabled: false}
Session ID: 07e0a906-f567-4646-abfd-84c6cc800d18
	at org.openqa.selenium.remote.http.W3CHttpResponseCodec.createException(W3CHttpResponseCodec.java:187)
	at org.openqa.selenium.remote.http.W3CHttpResponseCodec.decode(W3CHttpResponseCodec.java:122)
	at org.openqa.selenium.remote.http.W3CHttpResponseCodec.decode(W3CHttpResponseCodec.java:49)
	at org.openqa.selenium.remote.HttpCommandExecutor.execute(HttpCommandExecutor.java:158)
	at io.appium.java_client.remote.AppiumCommandExecutor.execute(AppiumCommandExecutor.java:239)
	at org.openqa.selenium.remote.RemoteWebDriver.execute(RemoteWebDriver.java:552)
	at io.appium.java_client.DefaultGenericMobileDriver.execute(DefaultGenericMobileDriver.java:46)
	at io.appium.java_client.AppiumDriver.execute(AppiumDriver.java:1)
	at io.appium.java_client.android.AndroidDriver.execute(AndroidDriver.java:1)
	at com.kms.katalon.core.appium.driver.SwipeableAndroidDriver.execute(SwipeableAndroidDriver.java:1)
	at org.openqa.selenium.remote.RemoteWebDriver$RemoteWebDriverOptions$RemoteWindow.getSize(RemoteWebDriver.java:813)
	at org.openqa.selenium.WebDriver$Window$getSize.call(Unknown Source)
	at com.kms.katalon.core.mobile.keyword.internal.MobileAbstractKeyword.findElement(MobileAbstractKeyword.groovy:81)
	at com.kms.katalon.core.mobile.keyword.builtin.VerifyElementExistKeyword.access$1(VerifyElementExistKeyword.groovy)
	at com.kms.katalon.core.mobile.keyword.builtin.VerifyElementExistKeyword$_verifyElementExist_closure1.doCall(VerifyElementExistKeyword.groovy:72)
	at com.kms.katalon.core.mobile.keyword.builtin.VerifyElementExistKeyword$_verifyElementExist_closure1.call(VerifyElementExistKeyword.groovy)
	at com.kms.katalon.core.mobile.keyword.internal.MobileKeywordMain.runKeyword(MobileKeywordMain.groovy:21)
	at com.kms.katalon.core.mobile.keyword.builtin.VerifyElementExistKeyword.verifyElementExist(VerifyElementExistKeyword.groovy:80)
	at com.kms.katalon.core.mobile.keyword.builtin.VerifyElementExistKeyword.execute(VerifyElementExistKeyword.groovy:64)
	at com.kms.katalon.core.keyword.internal.KeywordExecutor.executeKeywordForPlatform(KeywordExecutor.groovy:74)
	at com.kms.katalon.core.mobile.keyword.MobileBuiltInKeywords.verifyElementExist(MobileBuiltInKeywords.groovy:1755)
	at com.kms.katalon.core.mobile.keyword.MobileBuiltInKeywords$verifyElementExist$8.call(Unknown Source)
	at duitNow_mobileNumberFavTransaction.run(duitNow_mobileNumberFavTransaction:219)
	at com.kms.katalon.core.main.ScriptEngine.run(ScriptEngine.java:194)
	at com.kms.katalon.core.main.ScriptEngine.runScriptAsRawText(ScriptEngine.java:119)
	at com.kms.katalon.core.main.TestCaseExecutor.runScript(TestCaseExecutor.java:445)
	at com.kms.katalon.core.main.TestCaseExecutor.doExecute(TestCaseExecutor.java:436)
	at com.kms.katalon.core.main.TestCaseExecutor.processExecutionPhase(TestCaseExecutor.java:415)
	at com.kms.katalon.core.main.TestCaseExecutor.accessMainPhase(TestCaseExecutor.java:407)
	at com.kms.katalon.core.main.TestCaseExecutor.execute(TestCaseExecutor.java:284)
	at com.kms.katalon.core.common.CommonExecutor.accessTestCaseMainPhase(CommonExecutor.java:65)
	at com.kms.katalon.core.main.TestSuiteExecutor.accessTestSuiteMainPhase(TestSuiteExecutor.java:144)
	at com.kms.katalon.core.main.TestSuiteExecutor.execute(TestSuiteExecutor.java:106)
	at com.kms.katalon.core.main.TestCaseMain.startTestSuite(TestCaseMain.java:185)
	at com.kms.katalon.core.main.TestCaseMain$startTestSuite$0.call(Unknown Source)
	at TempTestSuite1655885093224.run(TempTestSuite1655885093224.groovy:36)
)

2022-06-22 16:49:32 - [TEST_STEP][FAILED] - verifyElementExist(findTestObject("Duit Now/duitNowConfirmationIDTypeTitleTxt"), 0): Failed to check for element 'Object Repository/Duit Now/duitNowConfirmationIDTypeTitleTxt' exist (Root cause: org.openqa.selenium.WebDriverException: An unknown server-side error occurred while processing the command. Original error: 'GET /window/current/size' cannot be proxied to UiAutomator2 server because the instrumentation process is not running (probably crashed). Check the server log and/or the logcat output for more details
Build info: version: '3.141.59', revision: 'e82be7d358', time: '2018-11-14T08:25:53'
System info: host: '00139272s-MacBook-Pro.local', ip: '2001:e68:6167:d901:5dd8:2a3:885f:7e34%en0', os.name: 'Mac OS X', os.arch: 'x86_64', os.version: '10.16', java.version: '1.8.0_275'
Driver info: com.kms.katalon.core.appium.driver.SwipeableAndroidDriver
Capabilities {app: /Users/a00139272/Katalon St..., appActivity: com.maybank2u.life.MainActi..., appPackage: com.maybank2u.life.sit, appWaitActivity: *, autoGrantPermissions: true, automationName: uiautomator2, chromedriverPort: 52878, databaseEnabled: false, desired: {app: /Users/a00139272/Katalon St..., appActivity: com.maybank2u.life.MainActi..., appPackage: com.maybank2u.life.sit, appWaitActivity: *, autoGrantPermissions: true, automationName: uiautomator2, chromedriverPort: 52878, deviceId: 002b9cc60508, deviceName: Xiaomi 21061119AG (Android 11), fullReset: false, newCommandTimeout: 1800, noReset: true, platform: ANDROID, platformName: android, platformVersion: 11, systemPort: 52876, udid: 002b9cc60508}, deviceApiLevel: 30, deviceId: 002b9cc60508, deviceManufacturer: Xiaomi, deviceModel: 21061119AG, deviceName: 002b9cc60508, deviceScreenDensity: 440, deviceScreenSize: 1080x2400, deviceUDID: 002b9cc60508, fullReset: false, javascriptEnabled: true, locationContextEnabled: false, networkConnectionEnabled: true, newCommandTimeout: 1800, noReset: true, pixelRatio: 2.75, platform: ANDROID, platformName: Android, platformVersion: 11, statBarHeight: 103, systemPort: 52876, takesScreenshot: true, udid: 002b9cc60508, viewportRect: {height: 2064, left: 0, top: 103, width: 1080}, warnings: {}, webStorageEnabled: false}
Session ID: 07e0a906-f567-4646-abfd-84c6cc800d18
	at org.openqa.selenium.remote.http.W3CHttpResponseCodec.createException(W3CHttpResponseCodec.java:187)
	at org.openqa.selenium.remote.http.W3CHttpResponseCodec.decode(W3CHttpResponseCodec.java:122)
	at org.openqa.selenium.remote.http.W3CHttpResponseCodec.decode(W3CHttpResponseCodec.java:49)
	at org.openqa.selenium.remote.HttpCommandExecutor.execute(HttpCommandExecutor.java:158)
	at io.appium.java_client.remote.AppiumCommandExecutor.execute(AppiumCommandExecutor.java:239)
	at org.openqa.selenium.remote.RemoteWebDriver.execute(RemoteWebDriver.java:552)
	at io.appium.java_client.DefaultGenericMobileDriver.execute(DefaultGenericMobileDriver.java:46)
	at io.appium.java_client.AppiumDriver.execute(AppiumDriver.java:1)
	at io.appium.java_client.android.AndroidDriver.execute(AndroidDriver.java:1)
	at com.kms.katalon.core.appium.driver.SwipeableAndroidDriver.execute(SwipeableAndroidDriver.java:1)
	at org.openqa.selenium.remote.RemoteWebDriver$RemoteWebDriverOptions$RemoteWindow.getSize(RemoteWebDriver.java:813)
	at org.openqa.selenium.WebDriver$Window$getSize.call(Unknown Source)
	at com.kms.katalon.core.mobile.keyword.internal.MobileAbstractKeyword.findElement(MobileAbstractKeyword.groovy:81)
	at com.kms.katalon.core.mobile.keyword.builtin.VerifyElementExistKeyword.access$1(VerifyElementExistKeyword.groovy)
	at com.kms.katalon.core.mobile.keyword.builtin.VerifyElementExistKeyword$_verifyElementExist_closure1.doCall(VerifyElementExistKeyword.groovy:72)
	at com.kms.katalon.core.mobile.keyword.builtin.VerifyElementExistKeyword$_verifyElementExist_closure1.call(VerifyElementExistKeyword.groovy)
	at com.kms.katalon.core.mobile.keyword.internal.MobileKeywordMain.runKeyword(MobileKeywordMain.groovy:21)
	at com.kms.katalon.core.mobile.keyword.builtin.VerifyElementExistKeyword.verifyElementExist(VerifyElementExistKeyword.groovy:80)
	at com.kms.katalon.core.mobile.keyword.builtin.VerifyElementExistKeyword.execute(VerifyElementExistKeyword.groovy:64)
	at com.kms.katalon.core.keyword.internal.KeywordExecutor.executeKeywordForPlatform(KeywordExecutor.groovy:74)
	at com.kms.katalon.core.mobile.keyword.MobileBuiltInKeywords.verifyElementExist(MobileBuiltInKeywords.groovy:1755)
	at com.kms.katalon.core.mobile.keyword.MobileBuiltInKeywords$verifyElementExist$8.call(Unknown Source)
	at duitNow_mobileNumberFavTransaction.run(duitNow_mobileNumberFavTransaction:221)
	at com.kms.katalon.core.main.ScriptEngine.run(ScriptEngine.java:194)
	at com.kms.katalon.core.main.ScriptEngine.runScriptAsRawText(ScriptEngine.java:119)
	at com.kms.katalon.core.main.TestCaseExecutor.runScript(TestCaseExecutor.java:445)
	at com.kms.katalon.core.main.TestCaseExecutor.doExecute(TestCaseExecutor.java:436)
	at com.kms.katalon.core.main.TestCaseExecutor.processExecutionPhase(TestCaseExecutor.java:415)
	at com.kms.katalon.core.main.TestCaseExecutor.accessMainPhase(TestCaseExecutor.java:407)
	at com.kms.katalon.core.main.TestCaseExecutor.execute(TestCaseExecutor.java:284)
	at com.kms.katalon.core.common.CommonExecutor.accessTestCaseMainPhase(CommonExecutor.java:65)
	at com.kms.katalon.core.main.TestSuiteExecutor.accessTestSuiteMainPhase(TestSuiteExecutor.java:144)
	at com.kms.katalon.core.main.TestSuiteExecutor.execute(TestSuiteExecutor.java:106)
	at com.kms.katalon.core.main.TestCaseMain.startTestSuite(TestCaseMain.java:185)
	at com.kms.katalon.core.main.TestCaseMain$startTestSuite$0.call(Unknown Source)
	at TempTestSuite1655885093224.run(TempTestSuite1655885093224.groovy:36)
)

2022-06-22 16:49:32 - [MESSAGE][WARNING] - Timeout '0' is invalid. Using default page load timeout: '40'

2022-06-22 16:49:32 - [MESSAGE][FAILED] - Failed to check for element 'Object Repository/Duit Now/duitNowConfirmationIDTypeTitleTxt' exist (Root cause: org.openqa.selenium.WebDriverException: An unknown server-side error occurred while processing the command. Original error: 'GET /window/current/size' cannot be proxied to UiAutomator2 server because the instrumentation process is not running (probably crashed). Check the server log and/or the logcat output for more details
Build info: version: '3.141.59', revision: 'e82be7d358', time: '2018-11-14T08:25:53'
System info: host: '00139272s-MacBook-Pro.local', ip: '2001:e68:6167:d901:5dd8:2a3:885f:7e34%en0', os.name: 'Mac OS X', os.arch: 'x86_64', os.version: '10.16', java.version: '1.8.0_275'
Driver info: com.kms.katalon.core.appium.driver.SwipeableAndroidDriver
Capabilities {app: /Users/a00139272/Katalon St..., appActivity: com.maybank2u.life.MainActi..., appPackage: com.maybank2u.life.sit, appWaitActivity: *, autoGrantPermissions: true, automationName: uiautomator2, chromedriverPort: 52878, databaseEnabled: false, desired: {app: /Users/a00139272/Katalon St..., appActivity: com.maybank2u.life.MainActi..., appPackage: com.maybank2u.life.sit, appWaitActivity: *, autoGrantPermissions: true, automationName: uiautomator2, chromedriverPort: 52878, deviceId: 002b9cc60508, deviceName: Xiaomi 21061119AG (Android 11), fullReset: false, newCommandTimeout: 1800, noReset: true, platform: ANDROID, platformName: android, platformVersion: 11, systemPort: 52876, udid: 002b9cc60508}, deviceApiLevel: 30, deviceId: 002b9cc60508, deviceManufacturer: Xiaomi, deviceModel: 21061119AG, deviceName: 002b9cc60508, deviceScreenDensity: 440, deviceScreenSize: 1080x2400, deviceUDID: 002b9cc60508, fullReset: false, javascriptEnabled: true, locationContextEnabled: false, networkConnectionEnabled: true, newCommandTimeout: 1800, noReset: true, pixelRatio: 2.75, platform: ANDROID, platformName: Android, platformVersion: 11, statBarHeight: 103, systemPort: 52876, takesScreenshot: true, udid: 002b9cc60508, viewportRect: {height: 2064, left: 0, top: 103, width: 1080}, warnings: {}, webStorageEnabled: false}
Session ID: 07e0a906-f567-4646-abfd-84c6cc800d18
	at org.openqa.selenium.remote.http.W3CHttpResponseCodec.createException(W3CHttpResponseCodec.java:187)
	at org.openqa.selenium.remote.http.W3CHttpResponseCodec.decode(W3CHttpResponseCodec.java:122)
	at org.openqa.selenium.remote.http.W3CHttpResponseCodec.decode(W3CHttpResponseCodec.java:49)
	at org.openqa.selenium.remote.HttpCommandExecutor.execute(HttpCommandExecutor.java:158)
	at io.appium.java_client.remote.AppiumCommandExecutor.execute(AppiumCommandExecutor.java:239)
	at org.openqa.selenium.remote.RemoteWebDriver.execute(RemoteWebDriver.java:552)
	at io.appium.java_client.DefaultGenericMobileDriver.execute(DefaultGenericMobileDriver.java:46)
	at io.appium.java_client.AppiumDriver.execute(AppiumDriver.java:1)
	at io.appium.java_client.android.AndroidDriver.execute(AndroidDriver.java:1)
	at com.kms.katalon.core.appium.driver.SwipeableAndroidDriver.execute(SwipeableAndroidDriver.java:1)
	at org.openqa.selenium.remote.RemoteWebDriver$RemoteWebDriverOptions$RemoteWindow.getSize(RemoteWebDriver.java:813)
	at org.openqa.selenium.WebDriver$Window$getSize.call(Unknown Source)
	at com.kms.katalon.core.mobile.keyword.internal.MobileAbstractKeyword.findElement(MobileAbstractKeyword.groovy:81)
	at com.kms.katalon.core.mobile.keyword.builtin.VerifyElementExistKeyword.access$1(VerifyElementExistKeyword.groovy)
	at com.kms.katalon.core.mobile.keyword.builtin.VerifyElementExistKeyword$_verifyElementExist_closure1.doCall(VerifyElementExistKeyword.groovy:72)
	at com.kms.katalon.core.mobile.keyword.builtin.VerifyElementExistKeyword$_verifyElementExist_closure1.call(VerifyElementExistKeyword.groovy)
	at com.kms.katalon.core.mobile.keyword.internal.MobileKeywordMain.runKeyword(MobileKeywordMain.groovy:21)
	at com.kms.katalon.core.mobile.keyword.builtin.VerifyElementExistKeyword.verifyElementExist(VerifyElementExistKeyword.groovy:80)
	at com.kms.katalon.core.mobile.keyword.builtin.VerifyElementExistKeyword.execute(VerifyElementExistKeyword.groovy:64)
	at com.kms.katalon.core.keyword.internal.KeywordExecutor.executeKeywordForPlatform(KeywordExecutor.groovy:74)
	at com.kms.katalon.core.mobile.keyword.MobileBuiltInKeywords.verifyElementExist(MobileBuiltInKeywords.groovy:1755)
	at com.kms.katalon.core.mobile.keyword.MobileBuiltInKeywords$verifyElementExist$8.call(Unknown Source)
	at duitNow_mobileNumberFavTransaction.run(duitNow_mobileNumberFavTransaction:221)
	at com.kms.katalon.core.main.ScriptEngine.run(ScriptEngine.java:194)
	at com.kms.katalon.core.main.ScriptEngine.runScriptAsRawText(ScriptEngine.java:119)
	at com.kms.katalon.core.main.TestCaseExecutor.runScript(TestCaseExecutor.java:445)
	at com.kms.katalon.core.main.TestCaseExecutor.doExecute(TestCaseExecutor.java:436)
	at com.kms.katalon.core.main.TestCaseExecutor.processExecutionPhase(TestCaseExecutor.java:415)
	at com.kms.katalon.core.main.TestCaseExecutor.accessMainPhase(TestCaseExecutor.java:407)
	at com.kms.katalon.core.main.TestCaseExecutor.execute(TestCaseExecutor.java:284)
	at com.kms.katalon.core.common.CommonExecutor.accessTestCaseMainPhase(CommonExecutor.java:65)
	at com.kms.katalon.core.main.TestSuiteExecutor.accessTestSuiteMainPhase(TestSuiteExecutor.java:144)
	at com.kms.katalon.core.main.TestSuiteExecutor.execute(TestSuiteExecutor.java:106)
	at com.kms.katalon.core.main.TestCaseMain.startTestSuite(TestCaseMain.java:185)
	at com.kms.katalon.core.main.TestCaseMain$startTestSuite$0.call(Unknown Source)
	at TempTestSuite1655885093224.run(TempTestSuite1655885093224.groovy:36)
)

2022-06-22 16:49:32 - [TEST_STEP][FAILED] - verifyElementExist(findTestObject("Duit Now/duitNowConfirmationTransferTypeTitleTxt"), 0): Failed to check for element 'Object Repository/Duit Now/duitNowConfirmationTransferTypeTitleTxt' exist (Root cause: org.openqa.selenium.WebDriverException: An unknown server-side error occurred while processing the command. Original error: 'GET /window/current/size' cannot be proxied to UiAutomator2 server because the instrumentation process is not running (probably crashed). Check the server log and/or the logcat output for more details
Build info: version: '3.141.59', revision: 'e82be7d358', time: '2018-11-14T08:25:53'
System info: host: '00139272s-MacBook-Pro.local', ip: '2001:e68:6167:d901:5dd8:2a3:885f:7e34%en0', os.name: 'Mac OS X', os.arch: 'x86_64', os.version: '10.16', java.version: '1.8.0_275'
Driver info: com.kms.katalon.core.appium.driver.SwipeableAndroidDriver
Capabilities {app: /Users/a00139272/Katalon St..., appActivity: com.maybank2u.life.MainActi..., appPackage: com.maybank2u.life.sit, appWaitActivity: *, autoGrantPermissions: true, automationName: uiautomator2, chromedriverPort: 52878, databaseEnabled: false, desired: {app: /Users/a00139272/Katalon St..., appActivity: com.maybank2u.life.MainActi..., appPackage: com.maybank2u.life.sit, appWaitActivity: *, autoGrantPermissions: true, automationName: uiautomator2, chromedriverPort: 52878, deviceId: 002b9cc60508, deviceName: Xiaomi 21061119AG (Android 11), fullReset: false, newCommandTimeout: 1800, noReset: true, platform: ANDROID, platformName: android, platformVersion: 11, systemPort: 52876, udid: 002b9cc60508}, deviceApiLevel: 30, deviceId: 002b9cc60508, deviceManufacturer: Xiaomi, deviceModel: 21061119AG, deviceName: 002b9cc60508, deviceScreenDensity: 440, deviceScreenSize: 1080x2400, deviceUDID: 002b9cc60508, fullReset: false, javascriptEnabled: true, locationContextEnabled: false, networkConnectionEnabled: true, newCommandTimeout: 1800, noReset: true, pixelRatio: 2.75, platform: ANDROID, platformName: Android, platformVersion: 11, statBarHeight: 103, systemPort: 52876, takesScreenshot: true, udid: 002b9cc60508, viewportRect: {height: 2064, left: 0, top: 103, width: 1080}, warnings: {}, webStorageEnabled: false}
Session ID: 07e0a906-f567-4646-abfd-84c6cc800d18
	at org.openqa.selenium.remote.http.W3CHttpResponseCodec.createException(W3CHttpResponseCodec.java:187)
	at org.openqa.selenium.remote.http.W3CHttpResponseCodec.decode(W3CHttpResponseCodec.java:122)
	at org.openqa.selenium.remote.http.W3CHttpResponseCodec.decode(W3CHttpResponseCodec.java:49)
	at org.openqa.selenium.remote.HttpCommandExecutor.execute(HttpCommandExecutor.java:158)
	at io.appium.java_client.remote.AppiumCommandExecutor.execute(AppiumCommandExecutor.java:239)
	at org.openqa.selenium.remote.RemoteWebDriver.execute(RemoteWebDriver.java:552)
	at io.appium.java_client.DefaultGenericMobileDriver.execute(DefaultGenericMobileDriver.java:46)
	at io.appium.java_client.AppiumDriver.execute(AppiumDriver.java:1)
	at io.appium.java_client.android.AndroidDriver.execute(AndroidDriver.java:1)
	at com.kms.katalon.core.appium.driver.SwipeableAndroidDriver.execute(SwipeableAndroidDriver.java:1)
	at org.openqa.selenium.remote.RemoteWebDriver$RemoteWebDriverOptions$RemoteWindow.getSize(RemoteWebDriver.java:813)
	at org.openqa.selenium.WebDriver$Window$getSize.call(Unknown Source)
	at com.kms.katalon.core.mobile.keyword.internal.MobileAbstractKeyword.findElement(MobileAbstractKeyword.groovy:81)
	at com.kms.katalon.core.mobile.keyword.builtin.VerifyElementExistKeyword.access$1(VerifyElementExistKeyword.groovy)
	at com.kms.katalon.core.mobile.keyword.builtin.VerifyElementExistKeyword$_verifyElementExist_closure1.doCall(VerifyElementExistKeyword.groovy:72)
	at com.kms.katalon.core.mobile.keyword.builtin.VerifyElementExistKeyword$_verifyElementExist_closure1.call(VerifyElementExistKeyword.groovy)
	at com.kms.katalon.core.mobile.keyword.internal.MobileKeywordMain.runKeyword(MobileKeywordMain.groovy:21)
	at com.kms.katalon.core.mobile.keyword.builtin.VerifyElementExistKeyword.verifyElementExist(VerifyElementExistKeyword.groovy:80)
	at com.kms.katalon.core.mobile.keyword.builtin.VerifyElementExistKeyword.execute(VerifyElementExistKeyword.groovy:64)
	at com.kms.katalon.core.keyword.internal.KeywordExecutor.executeKeywordForPlatform(KeywordExecutor.groovy:74)
	at com.kms.katalon.core.mobile.keyword.MobileBuiltInKeywords.verifyElementExist(MobileBuiltInKeywords.groovy:1755)
	at com.kms.katalon.core.mobile.keyword.MobileBuiltInKeywords$verifyElementExist$8.call(Unknown Source)
	at duitNow_mobileNumberFavTransaction.run(duitNow_mobileNumberFavTransaction:223)
	at com.kms.katalon.core.main.ScriptEngine.run(ScriptEngine.java:194)
	at com.kms.katalon.core.main.ScriptEngine.runScriptAsRawText(ScriptEngine.java:119)
	at com.kms.katalon.core.main.TestCaseExecutor.runScript(TestCaseExecutor.java:445)
	at com.kms.katalon.core.main.TestCaseExecutor.doExecute(TestCaseExecutor.java:436)
	at com.kms.katalon.core.main.TestCaseExecutor.processExecutionPhase(TestCaseExecutor.java:415)
	at com.kms.katalon.core.main.TestCaseExecutor.accessMainPhase(TestCaseExecutor.java:407)
	at com.kms.katalon.core.main.TestCaseExecutor.execute(TestCaseExecutor.java:284)
	at com.kms.katalon.core.common.CommonExecutor.accessTestCaseMainPhase(CommonExecutor.java:65)
	at com.kms.katalon.core.main.TestSuiteExecutor.accessTestSuiteMainPhase(TestSuiteExecutor.java:144)
	at com.kms.katalon.core.main.TestSuiteExecutor.execute(TestSuiteExecutor.java:106)
	at com.kms.katalon.core.main.TestCaseMain.startTestSuite(TestCaseMain.java:185)
	at com.kms.katalon.core.main.TestCaseMain$startTestSuite$0.call(Unknown Source)
	at TempTestSuite1655885093224.run(TempTestSuite1655885093224.groovy:36)
)

2022-06-22 16:49:32 - [MESSAGE][WARNING] - Timeout '0' is invalid. Using default page load timeout: '40'

2022-06-22 16:49:32 - [MESSAGE][FAILED] - Failed to check for element 'Object Repository/Duit Now/duitNowConfirmationTransferTypeTitleTxt' exist (Root cause: org.openqa.selenium.WebDriverException: An unknown server-side error occurred while processing the command. Original error: 'GET /window/current/size' cannot be proxied to UiAutomator2 server because the instrumentation process is not running (probably crashed). Check the server log and/or the logcat output for more details
Build info: version: '3.141.59', revision: 'e82be7d358', time: '2018-11-14T08:25:53'
System info: host: '00139272s-MacBook-Pro.local', ip: '2001:e68:6167:d901:5dd8:2a3:885f:7e34%en0', os.name: 'Mac OS X', os.arch: 'x86_64', os.version: '10.16', java.version: '1.8.0_275'
Driver info: com.kms.katalon.core.appium.driver.SwipeableAndroidDriver
Capabilities {app: /Users/a00139272/Katalon St..., appActivity: com.maybank2u.life.MainActi..., appPackage: com.maybank2u.life.sit, appWaitActivity: *, autoGrantPermissions: true, automationName: uiautomator2, chromedriverPort: 52878, databaseEnabled: false, desired: {app: /Users/a00139272/Katalon St..., appActivity: com.maybank2u.life.MainActi..., appPackage: com.maybank2u.life.sit, appWaitActivity: *, autoGrantPermissions: true, automationName: uiautomator2, chromedriverPort: 52878, deviceId: 002b9cc60508, deviceName: Xiaomi 21061119AG (Android 11), fullReset: false, newCommandTimeout: 1800, noReset: true, platform: ANDROID, platformName: android, platformVersion: 11, systemPort: 52876, udid: 002b9cc60508}, deviceApiLevel: 30, deviceId: 002b9cc60508, deviceManufacturer: Xiaomi, deviceModel: 21061119AG, deviceName: 002b9cc60508, deviceScreenDensity: 440, deviceScreenSize: 1080x2400, deviceUDID: 002b9cc60508, fullReset: false, javascriptEnabled: true, locationContextEnabled: false, networkConnectionEnabled: true, newCommandTimeout: 1800, noReset: true, pixelRatio: 2.75, platform: ANDROID, platformName: Android, platformVersion: 11, statBarHeight: 103, systemPort: 52876, takesScreenshot: true, udid: 002b9cc60508, viewportRect: {height: 2064, left: 0, top: 103, width: 1080}, warnings: {}, webStorageEnabled: false}
Session ID: 07e0a906-f567-4646-abfd-84c6cc800d18
	at org.openqa.selenium.remote.http.W3CHttpResponseCodec.createException(W3CHttpResponseCodec.java:187)
	at org.openqa.selenium.remote.http.W3CHttpResponseCodec.decode(W3CHttpResponseCodec.java:122)
	at org.openqa.selenium.remote.http.W3CHttpResponseCodec.decode(W3CHttpResponseCodec.java:49)
	at org.openqa.selenium.remote.HttpCommandExecutor.execute(HttpCommandExecutor.java:158)
	at io.appium.java_client.remote.AppiumCommandExecutor.execute(AppiumCommandExecutor.java:239)
	at org.openqa.selenium.remote.RemoteWebDriver.execute(RemoteWebDriver.java:552)
	at io.appium.java_client.DefaultGenericMobileDriver.execute(DefaultGenericMobileDriver.java:46)
	at io.appium.java_client.AppiumDriver.execute(AppiumDriver.java:1)
	at io.appium.java_client.android.AndroidDriver.execute(AndroidDriver.java:1)
	at com.kms.katalon.core.appium.driver.SwipeableAndroidDriver.execute(SwipeableAndroidDriver.java:1)
	at org.openqa.selenium.remote.RemoteWebDriver$RemoteWebDriverOptions$RemoteWindow.getSize(RemoteWebDriver.java:813)
	at org.openqa.selenium.WebDriver$Window$getSize.call(Unknown Source)
	at com.kms.katalon.core.mobile.keyword.internal.MobileAbstractKeyword.findElement(MobileAbstractKeyword.groovy:81)
	at com.kms.katalon.core.mobile.keyword.builtin.VerifyElementExistKeyword.access$1(VerifyElementExistKeyword.groovy)
	at com.kms.katalon.core.mobile.keyword.builtin.VerifyElementExistKeyword$_verifyElementExist_closure1.doCall(VerifyElementExistKeyword.groovy:72)
	at com.kms.katalon.core.mobile.keyword.builtin.VerifyElementExistKeyword$_verifyElementExist_closure1.call(VerifyElementExistKeyword.groovy)
	at com.kms.katalon.core.mobile.keyword.internal.MobileKeywordMain.runKeyword(MobileKeywordMain.groovy:21)
	at com.kms.katalon.core.mobile.keyword.builtin.VerifyElementExistKeyword.verifyElementExist(VerifyElementExistKeyword.groovy:80)
	at com.kms.katalon.core.mobile.keyword.builtin.VerifyElementExistKeyword.execute(VerifyElementExistKeyword.groovy:64)
	at com.kms.katalon.core.keyword.internal.KeywordExecutor.executeKeywordForPlatform(KeywordExecutor.groovy:74)
	at com.kms.katalon.core.mobile.keyword.MobileBuiltInKeywords.verifyElementExist(MobileBuiltInKeywords.groovy:1755)
	at com.kms.katalon.core.mobile.keyword.MobileBuiltInKeywords$verifyElementExist$8.call(Unknown Source)
	at duitNow_mobileNumberFavTransaction.run(duitNow_mobileNumberFavTransaction:223)
	at com.kms.katalon.core.main.ScriptEngine.run(ScriptEngine.java:194)
	at com.kms.katalon.core.main.ScriptEngine.runScriptAsRawText(ScriptEngine.java:119)
	at com.kms.katalon.core.main.TestCaseExecutor.runScript(TestCaseExecutor.java:445)
	at com.kms.katalon.core.main.TestCaseExecutor.doExecute(TestCaseExecutor.java:436)
	at com.kms.katalon.core.main.TestCaseExecutor.processExecutionPhase(TestCaseExecutor.java:415)
	at com.kms.katalon.core.main.TestCaseExecutor.accessMainPhase(TestCaseExecutor.java:407)
	at com.kms.katalon.core.main.TestCaseExecutor.execute(TestCaseExecutor.java:284)
	at com.kms.katalon.core.common.CommonExecutor.accessTestCaseMainPhase(CommonExecutor.java:65)
	at com.kms.katalon.core.main.TestSuiteExecutor.accessTestSuiteMainPhase(TestSuiteExecutor.java:144)
	at com.kms.katalon.core.main.TestSuiteExecutor.execute(TestSuiteExecutor.java:106)
	at com.kms.katalon.core.main.TestCaseMain.startTestSuite(TestCaseMain.java:185)
	at com.kms.katalon.core.main.TestCaseMain$startTestSuite$0.call(Unknown Source)
	at TempTestSuite1655885093224.run(TempTestSuite1655885093224.groovy:36)
)

2022-06-22 16:49:32 - [TEST_STEP][FAILED] - verifyElementExist(findTestObject("Duit Now/duitNowConfirmationPaymentDetailsTitleTxt"), 0): Failed to check for element 'Object Repository/Duit Now/duitNowConfirmationPaymentDetailsTitleTxt' exist (Root cause: org.openqa.selenium.WebDriverException: An unknown server-side error occurred while processing the command. Original error: 'GET /window/current/size' cannot be proxied to UiAutomator2 server because the instrumentation process is not running (probably crashed). Check the server log and/or the logcat output for more details
Build info: version: '3.141.59', revision: 'e82be7d358', time: '2018-11-14T08:25:53'
System info: host: '00139272s-MacBook-Pro.local', ip: '2001:e68:6167:d901:5dd8:2a3:885f:7e34%en0', os.name: 'Mac OS X', os.arch: 'x86_64', os.version: '10.16', java.version: '1.8.0_275'
Driver info: com.kms.katalon.core.appium.driver.SwipeableAndroidDriver
Capabilities {app: /Users/a00139272/Katalon St..., appActivity: com.maybank2u.life.MainActi..., appPackage: com.maybank2u.life.sit, appWaitActivity: *, autoGrantPermissions: true, automationName: uiautomator2, chromedriverPort: 52878, databaseEnabled: false, desired: {app: /Users/a00139272/Katalon St..., appActivity: com.maybank2u.life.MainActi..., appPackage: com.maybank2u.life.sit, appWaitActivity: *, autoGrantPermissions: true, automationName: uiautomator2, chromedriverPort: 52878, deviceId: 002b9cc60508, deviceName: Xiaomi 21061119AG (Android 11), fullReset: false, newCommandTimeout: 1800, noReset: true, platform: ANDROID, platformName: android, platformVersion: 11, systemPort: 52876, udid: 002b9cc60508}, deviceApiLevel: 30, deviceId: 002b9cc60508, deviceManufacturer: Xiaomi, deviceModel: 21061119AG, deviceName: 002b9cc60508, deviceScreenDensity: 440, deviceScreenSize: 1080x2400, deviceUDID: 002b9cc60508, fullReset: false, javascriptEnabled: true, locationContextEnabled: false, networkConnectionEnabled: true, newCommandTimeout: 1800, noReset: true, pixelRatio: 2.75, platform: ANDROID, platformName: Android, platformVersion: 11, statBarHeight: 103, systemPort: 52876, takesScreenshot: true, udid: 002b9cc60508, viewportRect: {height: 2064, left: 0, top: 103, width: 1080}, warnings: {}, webStorageEnabled: false}
Session ID: 07e0a906-f567-4646-abfd-84c6cc800d18
	at org.openqa.selenium.remote.http.W3CHttpResponseCodec.createException(W3CHttpResponseCodec.java:187)
	at org.openqa.selenium.remote.http.W3CHttpResponseCodec.decode(W3CHttpResponseCodec.java:122)
	at org.openqa.selenium.remote.http.W3CHttpResponseCodec.decode(W3CHttpResponseCodec.java:49)
	at org.openqa.selenium.remote.HttpCommandExecutor.execute(HttpCommandExecutor.java:158)
	at io.appium.java_client.remote.AppiumCommandExecutor.execute(AppiumCommandExecutor.java:239)
	at org.openqa.selenium.remote.RemoteWebDriver.execute(RemoteWebDriver.java:552)
	at io.appium.java_client.DefaultGenericMobileDriver.execute(DefaultGenericMobileDriver.java:46)
	at io.appium.java_client.AppiumDriver.execute(AppiumDriver.java:1)
	at io.appium.java_client.android.AndroidDriver.execute(AndroidDriver.java:1)
	at com.kms.katalon.core.appium.driver.SwipeableAndroidDriver.execute(SwipeableAndroidDriver.java:1)
	at org.openqa.selenium.remote.RemoteWebDriver$RemoteWebDriverOptions$RemoteWindow.getSize(RemoteWebDriver.java:813)
	at org.openqa.selenium.WebDriver$Window$getSize.call(Unknown Source)
	at com.kms.katalon.core.mobile.keyword.internal.MobileAbstractKeyword.findElement(MobileAbstractKeyword.groovy:81)
	at com.kms.katalon.core.mobile.keyword.builtin.VerifyElementExistKeyword.access$1(VerifyElementExistKeyword.groovy)
	at com.kms.katalon.core.mobile.keyword.builtin.VerifyElementExistKeyword$_verifyElementExist_closure1.doCall(VerifyElementExistKeyword.groovy:72)
	at com.kms.katalon.core.mobile.keyword.builtin.VerifyElementExistKeyword$_verifyElementExist_closure1.call(VerifyElementExistKeyword.groovy)
	at com.kms.katalon.core.mobile.keyword.internal.MobileKeywordMain.runKeyword(MobileKeywordMain.groovy:21)
	at com.kms.katalon.core.mobile.keyword.builtin.VerifyElementExistKeyword.verifyElementExist(VerifyElementExistKeyword.groovy:80)
	at com.kms.katalon.core.mobile.keyword.builtin.VerifyElementExistKeyword.execute(VerifyElementExistKeyword.groovy:64)
	at com.kms.katalon.core.keyword.internal.KeywordExecutor.executeKeywordForPlatform(KeywordExecutor.groovy:74)
	at com.kms.katalon.core.mobile.keyword.MobileBuiltInKeywords.verifyElementExist(MobileBuiltInKeywords.groovy:1755)
	at com.kms.katalon.core.mobile.keyword.MobileBuiltInKeywords$verifyElementExist$8.call(Unknown Source)
	at duitNow_mobileNumberFavTransaction.run(duitNow_mobileNumberFavTransaction:225)
	at com.kms.katalon.core.main.ScriptEngine.run(ScriptEngine.java:194)
	at com.kms.katalon.core.main.ScriptEngine.runScriptAsRawText(ScriptEngine.java:119)
	at com.kms.katalon.core.main.TestCaseExecutor.runScript(TestCaseExecutor.java:445)
	at com.kms.katalon.core.main.TestCaseExecutor.doExecute(TestCaseExecutor.java:436)
	at com.kms.katalon.core.main.TestCaseExecutor.processExecutionPhase(TestCaseExecutor.java:415)
	at com.kms.katalon.core.main.TestCaseExecutor.accessMainPhase(TestCaseExecutor.java:407)
	at com.kms.katalon.core.main.TestCaseExecutor.execute(TestCaseExecutor.java:284)
	at com.kms.katalon.core.common.CommonExecutor.accessTestCaseMainPhase(CommonExecutor.java:65)
	at com.kms.katalon.core.main.TestSuiteExecutor.accessTestSuiteMainPhase(TestSuiteExecutor.java:144)
	at com.kms.katalon.core.main.TestSuiteExecutor.execute(TestSuiteExecutor.java:106)
	at com.kms.katalon.core.main.TestCaseMain.startTestSuite(TestCaseMain.java:185)
	at com.kms.katalon.core.main.TestCaseMain$startTestSuite$0.call(Unknown Source)
	at TempTestSuite1655885093224.run(TempTestSuite1655885093224.groovy:36)
)

2022-06-22 16:49:32 - [MESSAGE][WARNING] - Timeout '0' is invalid. Using default page load timeout: '40'

2022-06-22 16:49:32 - [MESSAGE][FAILED] - Failed to check for element 'Object Repository/Duit Now/duitNowConfirmationPaymentDetailsTitleTxt' exist (Root cause: org.openqa.selenium.WebDriverException: An unknown server-side error occurred while processing the command. Original error: 'GET /window/current/size' cannot be proxied to UiAutomator2 server because the instrumentation process is not running (probably crashed). Check the server log and/or the logcat output for more details
Build info: version: '3.141.59', revision: 'e82be7d358', time: '2018-11-14T08:25:53'
System info: host: '00139272s-MacBook-Pro.local', ip: '2001:e68:6167:d901:5dd8:2a3:885f:7e34%en0', os.name: 'Mac OS X', os.arch: 'x86_64', os.version: '10.16', java.version: '1.8.0_275'
Driver info: com.kms.katalon.core.appium.driver.SwipeableAndroidDriver
Capabilities {app: /Users/a00139272/Katalon St..., appActivity: com.maybank2u.life.MainActi..., appPackage: com.maybank2u.life.sit, appWaitActivity: *, autoGrantPermissions: true, automationName: uiautomator2, chromedriverPort: 52878, databaseEnabled: false, desired: {app: /Users/a00139272/Katalon St..., appActivity: com.maybank2u.life.MainActi..., appPackage: com.maybank2u.life.sit, appWaitActivity: *, autoGrantPermissions: true, automationName: uiautomator2, chromedriverPort: 52878, deviceId: 002b9cc60508, deviceName: Xiaomi 21061119AG (Android 11), fullReset: false, newCommandTimeout: 1800, noReset: true, platform: ANDROID, platformName: android, platformVersion: 11, systemPort: 52876, udid: 002b9cc60508}, deviceApiLevel: 30, deviceId: 002b9cc60508, deviceManufacturer: Xiaomi, deviceModel: 21061119AG, deviceName: 002b9cc60508, deviceScreenDensity: 440, deviceScreenSize: 1080x2400, deviceUDID: 002b9cc60508, fullReset: false, javascriptEnabled: true, locationContextEnabled: false, networkConnectionEnabled: true, newCommandTimeout: 1800, noReset: true, pixelRatio: 2.75, platform: ANDROID, platformName: Android, platformVersion: 11, statBarHeight: 103, systemPort: 52876, takesScreenshot: true, udid: 002b9cc60508, viewportRect: {height: 2064, left: 0, top: 103, width: 1080}, warnings: {}, webStorageEnabled: false}
Session ID: 07e0a906-f567-4646-abfd-84c6cc800d18
	at org.openqa.selenium.remote.http.W3CHttpResponseCodec.createException(W3CHttpResponseCodec.java:187)
	at org.openqa.selenium.remote.http.W3CHttpResponseCodec.decode(W3CHttpResponseCodec.java:122)
	at org.openqa.selenium.remote.http.W3CHttpResponseCodec.decode(W3CHttpResponseCodec.java:49)
	at org.openqa.selenium.remote.HttpCommandExecutor.execute(HttpCommandExecutor.java:158)
	at io.appium.java_client.remote.AppiumCommandExecutor.execute(AppiumCommandExecutor.java:239)
	at org.openqa.selenium.remote.RemoteWebDriver.execute(RemoteWebDriver.java:552)
	at io.appium.java_client.DefaultGenericMobileDriver.execute(DefaultGenericMobileDriver.java:46)
	at io.appium.java_client.AppiumDriver.execute(AppiumDriver.java:1)
	at io.appium.java_client.android.AndroidDriver.execute(AndroidDriver.java:1)
	at com.kms.katalon.core.appium.driver.SwipeableAndroidDriver.execute(SwipeableAndroidDriver.java:1)
	at org.openqa.selenium.remote.RemoteWebDriver$RemoteWebDriverOptions$RemoteWindow.getSize(RemoteWebDriver.java:813)
	at org.openqa.selenium.WebDriver$Window$getSize.call(Unknown Source)
	at com.kms.katalon.core.mobile.keyword.internal.MobileAbstractKeyword.findElement(MobileAbstractKeyword.groovy:81)
	at com.kms.katalon.core.mobile.keyword.builtin.VerifyElementExistKeyword.access$1(VerifyElementExistKeyword.groovy)
	at com.kms.katalon.core.mobile.keyword.builtin.VerifyElementExistKeyword$_verifyElementExist_closure1.doCall(VerifyElementExistKeyword.groovy:72)
	at com.kms.katalon.core.mobile.keyword.builtin.VerifyElementExistKeyword$_verifyElementExist_closure1.call(VerifyElementExistKeyword.groovy)
	at com.kms.katalon.core.mobile.keyword.internal.MobileKeywordMain.runKeyword(MobileKeywordMain.groovy:21)
	at com.kms.katalon.core.mobile.keyword.builtin.VerifyElementExistKeyword.verifyElementExist(VerifyElementExistKeyword.groovy:80)
	at com.kms.katalon.core.mobile.keyword.builtin.VerifyElementExistKeyword.execute(VerifyElementExistKeyword.groovy:64)
	at com.kms.katalon.core.keyword.internal.KeywordExecutor.executeKeywordForPlatform(KeywordExecutor.groovy:74)
	at com.kms.katalon.core.mobile.keyword.MobileBuiltInKeywords.verifyElementExist(MobileBuiltInKeywords.groovy:1755)
	at com.kms.katalon.core.mobile.keyword.MobileBuiltInKeywords$verifyElementExist$8.call(Unknown Source)
	at duitNow_mobileNumberFavTransaction.run(duitNow_mobileNumberFavTransaction:225)
	at com.kms.katalon.core.main.ScriptEngine.run(ScriptEngine.java:194)
	at com.kms.katalon.core.main.ScriptEngine.runScriptAsRawText(ScriptEngine.java:119)
	at com.kms.katalon.core.main.TestCaseExecutor.runScript(TestCaseExecutor.java:445)
	at com.kms.katalon.core.main.TestCaseExecutor.doExecute(TestCaseExecutor.java:436)
	at com.kms.katalon.core.main.TestCaseExecutor.processExecutionPhase(TestCaseExecutor.java:415)
	at com.kms.katalon.core.main.TestCaseExecutor.accessMainPhase(TestCaseExecutor.java:407)
	at com.kms.katalon.core.main.TestCaseExecutor.execute(TestCaseExecutor.java:284)
	at com.kms.katalon.core.common.CommonExecutor.accessTestCaseMainPhase(CommonExecutor.java:65)
	at com.kms.katalon.core.main.TestSuiteExecutor.accessTestSuiteMainPhase(TestSuiteExecutor.java:144)
	at com.kms.katalon.core.main.TestSuiteExecutor.execute(TestSuiteExecutor.java:106)
	at com.kms.katalon.core.main.TestCaseMain.startTestSuite(TestCaseMain.java:185)
	at com.kms.katalon.core.main.TestCaseMain$startTestSuite$0.call(Unknown Source)
	at TempTestSuite1655885093224.run(TempTestSuite1655885093224.groovy:36)
)

2022-06-22 16:49:32 - [TEST_STEP][FAILED] - verifyElementExist(findTestObject("Duit Now/duitNowConfirmationReferenceTitleTxt"), 0): Failed to check for element 'Object Repository/Duit Now/duitNowConfirmationReferenceTitleTxt' exist (Root cause: org.openqa.selenium.WebDriverException: An unknown server-side error occurred while processing the command. Original error: 'GET /window/current/size' cannot be proxied to UiAutomator2 server because the instrumentation process is not running (probably crashed). Check the server log and/or the logcat output for more details
Build info: version: '3.141.59', revision: 'e82be7d358', time: '2018-11-14T08:25:53'
System info: host: '00139272s-MacBook-Pro.local', ip: '2001:e68:6167:d901:5dd8:2a3:885f:7e34%en0', os.name: 'Mac OS X', os.arch: 'x86_64', os.version: '10.16', java.version: '1.8.0_275'
Driver info: com.kms.katalon.core.appium.driver.SwipeableAndroidDriver
Capabilities {app: /Users/a00139272/Katalon St..., appActivity: com.maybank2u.life.MainActi..., appPackage: com.maybank2u.life.sit, appWaitActivity: *, autoGrantPermissions: true, automationName: uiautomator2, chromedriverPort: 52878, databaseEnabled: false, desired: {app: /Users/a00139272/Katalon St..., appActivity: com.maybank2u.life.MainActi..., appPackage: com.maybank2u.life.sit, appWaitActivity: *, autoGrantPermissions: true, automationName: uiautomator2, chromedriverPort: 52878, deviceId: 002b9cc60508, deviceName: Xiaomi 21061119AG (Android 11), fullReset: false, newCommandTimeout: 1800, noReset: true, platform: ANDROID, platformName: android, platformVersion: 11, systemPort: 52876, udid: 002b9cc60508}, deviceApiLevel: 30, deviceId: 002b9cc60508, deviceManufacturer: Xiaomi, deviceModel: 21061119AG, deviceName: 002b9cc60508, deviceScreenDensity: 440, deviceScreenSize: 1080x2400, deviceUDID: 002b9cc60508, fullReset: false, javascriptEnabled: true, locationContextEnabled: false, networkConnectionEnabled: true, newCommandTimeout: 1800, noReset: true, pixelRatio: 2.75, platform: ANDROID, platformName: Android, platformVersion: 11, statBarHeight: 103, systemPort: 52876, takesScreenshot: true, udid: 002b9cc60508, viewportRect: {height: 2064, left: 0, top: 103, width: 1080}, warnings: {}, webStorageEnabled: false}
Session ID: 07e0a906-f567-4646-abfd-84c6cc800d18
	at org.openqa.selenium.remote.http.W3CHttpResponseCodec.createException(W3CHttpResponseCodec.java:187)
	at org.openqa.selenium.remote.http.W3CHttpResponseCodec.decode(W3CHttpResponseCodec.java:122)
	at org.openqa.selenium.remote.http.W3CHttpResponseCodec.decode(W3CHttpResponseCodec.java:49)
	at org.openqa.selenium.remote.HttpCommandExecutor.execute(HttpCommandExecutor.java:158)
	at io.appium.java_client.remote.AppiumCommandExecutor.execute(AppiumCommandExecutor.java:239)
	at org.openqa.selenium.remote.RemoteWebDriver.execute(RemoteWebDriver.java:552)
	at io.appium.java_client.DefaultGenericMobileDriver.execute(DefaultGenericMobileDriver.java:46)
	at io.appium.java_client.AppiumDriver.execute(AppiumDriver.java:1)
	at io.appium.java_client.android.AndroidDriver.execute(AndroidDriver.java:1)
	at com.kms.katalon.core.appium.driver.SwipeableAndroidDriver.execute(SwipeableAndroidDriver.java:1)
	at org.openqa.selenium.remote.RemoteWebDriver$RemoteWebDriverOptions$RemoteWindow.getSize(RemoteWebDriver.java:813)
	at org.openqa.selenium.WebDriver$Window$getSize.call(Unknown Source)
	at com.kms.katalon.core.mobile.keyword.internal.MobileAbstractKeyword.findElement(MobileAbstractKeyword.groovy:81)
	at com.kms.katalon.core.mobile.keyword.builtin.VerifyElementExistKeyword.access$1(VerifyElementExistKeyword.groovy)
	at com.kms.katalon.core.mobile.keyword.builtin.VerifyElementExistKeyword$_verifyElementExist_closure1.doCall(VerifyElementExistKeyword.groovy:72)
	at com.kms.katalon.core.mobile.keyword.builtin.VerifyElementExistKeyword$_verifyElementExist_closure1.call(VerifyElementExistKeyword.groovy)
	at com.kms.katalon.core.mobile.keyword.internal.MobileKeywordMain.runKeyword(MobileKeywordMain.groovy:21)
	at com.kms.katalon.core.mobile.keyword.builtin.VerifyElementExistKeyword.verifyElementExist(VerifyElementExistKeyword.groovy:80)
	at com.kms.katalon.core.mobile.keyword.builtin.VerifyElementExistKeyword.execute(VerifyElementExistKeyword.groovy:64)
	at com.kms.katalon.core.keyword.internal.KeywordExecutor.executeKeywordForPlatform(KeywordExecutor.groovy:74)
	at com.kms.katalon.core.mobile.keyword.MobileBuiltInKeywords.verifyElementExist(MobileBuiltInKeywords.groovy:1755)
	at com.kms.katalon.core.mobile.keyword.MobileBuiltInKeywords$verifyElementExist$8.call(Unknown Source)
	at duitNow_mobileNumberFavTransaction.run(duitNow_mobileNumberFavTransaction:227)
	at com.kms.katalon.core.main.ScriptEngine.run(ScriptEngine.java:194)
	at com.kms.katalon.core.main.ScriptEngine.runScriptAsRawText(ScriptEngine.java:119)
	at com.kms.katalon.core.main.TestCaseExecutor.runScript(TestCaseExecutor.java:445)
	at com.kms.katalon.core.main.TestCaseExecutor.doExecute(TestCaseExecutor.java:436)
	at com.kms.katalon.core.main.TestCaseExecutor.processExecutionPhase(TestCaseExecutor.java:415)
	at com.kms.katalon.core.main.TestCaseExecutor.accessMainPhase(TestCaseExecutor.java:407)
	at com.kms.katalon.core.main.TestCaseExecutor.execute(TestCaseExecutor.java:284)
	at com.kms.katalon.core.common.CommonExecutor.accessTestCaseMainPhase(CommonExecutor.java:65)
	at com.kms.katalon.core.main.TestSuiteExecutor.accessTestSuiteMainPhase(TestSuiteExecutor.java:144)
	at com.kms.katalon.core.main.TestSuiteExecutor.execute(TestSuiteExecutor.java:106)
	at com.kms.katalon.core.main.TestCaseMain.startTestSuite(TestCaseMain.java:185)
	at com.kms.katalon.core.main.TestCaseMain$startTestSuite$0.call(Unknown Source)
	at TempTestSuite1655885093224.run(TempTestSuite1655885093224.groovy:36)
)

2022-06-22 16:49:32 - [MESSAGE][WARNING] - Timeout '0' is invalid. Using default page load timeout: '40'

2022-06-22 16:49:32 - [MESSAGE][FAILED] - Failed to check for element 'Object Repository/Duit Now/duitNowConfirmationReferenceTitleTxt' exist (Root cause: org.openqa.selenium.WebDriverException: An unknown server-side error occurred while processing the command. Original error: 'GET /window/current/size' cannot be proxied to UiAutomator2 server because the instrumentation process is not running (probably crashed). Check the server log and/or the logcat output for more details
Build info: version: '3.141.59', revision: 'e82be7d358', time: '2018-11-14T08:25:53'
System info: host: '00139272s-MacBook-Pro.local', ip: '2001:e68:6167:d901:5dd8:2a3:885f:7e34%en0', os.name: 'Mac OS X', os.arch: 'x86_64', os.version: '10.16', java.version: '1.8.0_275'
Driver info: com.kms.katalon.core.appium.driver.SwipeableAndroidDriver
Capabilities {app: /Users/a00139272/Katalon St..., appActivity: com.maybank2u.life.MainActi..., appPackage: com.maybank2u.life.sit, appWaitActivity: *, autoGrantPermissions: true, automationName: uiautomator2, chromedriverPort: 52878, databaseEnabled: false, desired: {app: /Users/a00139272/Katalon St..., appActivity: com.maybank2u.life.MainActi..., appPackage: com.maybank2u.life.sit, appWaitActivity: *, autoGrantPermissions: true, automationName: uiautomator2, chromedriverPort: 52878, deviceId: 002b9cc60508, deviceName: Xiaomi 21061119AG (Android 11), fullReset: false, newCommandTimeout: 1800, noReset: true, platform: ANDROID, platformName: android, platformVersion: 11, systemPort: 52876, udid: 002b9cc60508}, deviceApiLevel: 30, deviceId: 002b9cc60508, deviceManufacturer: Xiaomi, deviceModel: 21061119AG, deviceName: 002b9cc60508, deviceScreenDensity: 440, deviceScreenSize: 1080x2400, deviceUDID: 002b9cc60508, fullReset: false, javascriptEnabled: true, locationContextEnabled: false, networkConnectionEnabled: true, newCommandTimeout: 1800, noReset: true, pixelRatio: 2.75, platform: ANDROID, platformName: Android, platformVersion: 11, statBarHeight: 103, systemPort: 52876, takesScreenshot: true, udid: 002b9cc60508, viewportRect: {height: 2064, left: 0, top: 103, width: 1080}, warnings: {}, webStorageEnabled: false}
Session ID: 07e0a906-f567-4646-abfd-84c6cc800d18
	at org.openqa.selenium.remote.http.W3CHttpResponseCodec.createException(W3CHttpResponseCodec.java:187)
	at org.openqa.selenium.remote.http.W3CHttpResponseCodec.decode(W3CHttpResponseCodec.java:122)
	at org.openqa.selenium.remote.http.W3CHttpResponseCodec.decode(W3CHttpResponseCodec.java:49)
	at org.openqa.selenium.remote.HttpCommandExecutor.execute(HttpCommandExecutor.java:158)
	at io.appium.java_client.remote.AppiumCommandExecutor.execute(AppiumCommandExecutor.java:239)
	at org.openqa.selenium.remote.RemoteWebDriver.execute(RemoteWebDriver.java:552)
	at io.appium.java_client.DefaultGenericMobileDriver.execute(DefaultGenericMobileDriver.java:46)
	at io.appium.java_client.AppiumDriver.execute(AppiumDriver.java:1)
	at io.appium.java_client.android.AndroidDriver.execute(AndroidDriver.java:1)
	at com.kms.katalon.core.appium.driver.SwipeableAndroidDriver.execute(SwipeableAndroidDriver.java:1)
	at org.openqa.selenium.remote.RemoteWebDriver$RemoteWebDriverOptions$RemoteWindow.getSize(RemoteWebDriver.java:813)
	at org.openqa.selenium.WebDriver$Window$getSize.call(Unknown Source)
	at com.kms.katalon.core.mobile.keyword.internal.MobileAbstractKeyword.findElement(MobileAbstractKeyword.groovy:81)
	at com.kms.katalon.core.mobile.keyword.builtin.VerifyElementExistKeyword.access$1(VerifyElementExistKeyword.groovy)
	at com.kms.katalon.core.mobile.keyword.builtin.VerifyElementExistKeyword$_verifyElementExist_closure1.doCall(VerifyElementExistKeyword.groovy:72)
	at com.kms.katalon.core.mobile.keyword.builtin.VerifyElementExistKeyword$_verifyElementExist_closure1.call(VerifyElementExistKeyword.groovy)
	at com.kms.katalon.core.mobile.keyword.internal.MobileKeywordMain.runKeyword(MobileKeywordMain.groovy:21)
	at com.kms.katalon.core.mobile.keyword.builtin.VerifyElementExistKeyword.verifyElementExist(VerifyElementExistKeyword.groovy:80)
	at com.kms.katalon.core.mobile.keyword.builtin.VerifyElementExistKeyword.execute(VerifyElementExistKeyword.groovy:64)
	at com.kms.katalon.core.keyword.internal.KeywordExecutor.executeKeywordForPlatform(KeywordExecutor.groovy:74)
	at com.kms.katalon.core.mobile.keyword.MobileBuiltInKeywords.verifyElementExist(MobileBuiltInKeywords.groovy:1755)
	at com.kms.katalon.core.mobile.keyword.MobileBuiltInKeywords$verifyElementExist$8.call(Unknown Source)
	at duitNow_mobileNumberFavTransaction.run(duitNow_mobileNumberFavTransaction:227)
	at com.kms.katalon.core.main.ScriptEngine.run(ScriptEngine.java:194)
	at com.kms.katalon.core.main.ScriptEngine.runScriptAsRawText(ScriptEngine.java:119)
	at com.kms.katalon.core.main.TestCaseExecutor.runScript(TestCaseExecutor.java:445)
	at com.kms.katalon.core.main.TestCaseExecutor.doExecute(TestCaseExecutor.java:436)
	at com.kms.katalon.core.main.TestCaseExecutor.processExecutionPhase(TestCaseExecutor.java:415)
	at com.kms.katalon.core.main.TestCaseExecutor.accessMainPhase(TestCaseExecutor.java:407)
	at com.kms.katalon.core.main.TestCaseExecutor.execute(TestCaseExecutor.java:284)
	at com.kms.katalon.core.common.CommonExecutor.accessTestCaseMainPhase(CommonExecutor.java:65)
	at com.kms.katalon.core.main.TestSuiteExecutor.accessTestSuiteMainPhase(TestSuiteExecutor.java:144)
	at com.kms.katalon.core.main.TestSuiteExecutor.execute(TestSuiteExecutor.java:106)
	at com.kms.katalon.core.main.TestCaseMain.startTestSuite(TestCaseMain.java:185)
	at com.kms.katalon.core.main.TestCaseMain$startTestSuite$0.call(Unknown Source)
	at TempTestSuite1655885093224.run(TempTestSuite1655885093224.groovy:36)
)

2022-06-22 16:49:32 - [TEST_STEP][FAILED] - verifyElementExist(findTestObject("Duit Now/duitNowConfirmationServiceFeeTitleTxt"), 0): Failed to check for element 'Object Repository/Duit Now/duitNowConfirmationServiceFeeTitleTxt' exist (Root cause: org.openqa.selenium.WebDriverException: An unknown server-side error occurred while processing the command. Original error: 'GET /window/current/size' cannot be proxied to UiAutomator2 server because the instrumentation process is not running (probably crashed). Check the server log and/or the logcat output for more details
Build info: version: '3.141.59', revision: 'e82be7d358', time: '2018-11-14T08:25:53'
System info: host: '00139272s-MacBook-Pro.local', ip: '2001:e68:6167:d901:5dd8:2a3:885f:7e34%en0', os.name: 'Mac OS X', os.arch: 'x86_64', os.version: '10.16', java.version: '1.8.0_275'
Driver info: com.kms.katalon.core.appium.driver.SwipeableAndroidDriver
Capabilities {app: /Users/a00139272/Katalon St..., appActivity: com.maybank2u.life.MainActi..., appPackage: com.maybank2u.life.sit, appWaitActivity: *, autoGrantPermissions: true, automationName: uiautomator2, chromedriverPort: 52878, databaseEnabled: false, desired: {app: /Users/a00139272/Katalon St..., appActivity: com.maybank2u.life.MainActi..., appPackage: com.maybank2u.life.sit, appWaitActivity: *, autoGrantPermissions: true, automationName: uiautomator2, chromedriverPort: 52878, deviceId: 002b9cc60508, deviceName: Xiaomi 21061119AG (Android 11), fullReset: false, newCommandTimeout: 1800, noReset: true, platform: ANDROID, platformName: android, platformVersion: 11, systemPort: 52876, udid: 002b9cc60508}, deviceApiLevel: 30, deviceId: 002b9cc60508, deviceManufacturer: Xiaomi, deviceModel: 21061119AG, deviceName: 002b9cc60508, deviceScreenDensity: 440, deviceScreenSize: 1080x2400, deviceUDID: 002b9cc60508, fullReset: false, javascriptEnabled: true, locationContextEnabled: false, networkConnectionEnabled: true, newCommandTimeout: 1800, noReset: true, pixelRatio: 2.75, platform: ANDROID, platformName: Android, platformVersion: 11, statBarHeight: 103, systemPort: 52876, takesScreenshot: true, udid: 002b9cc60508, viewportRect: {height: 2064, left: 0, top: 103, width: 1080}, warnings: {}, webStorageEnabled: false}
Session ID: 07e0a906-f567-4646-abfd-84c6cc800d18
	at org.openqa.selenium.remote.http.W3CHttpResponseCodec.createException(W3CHttpResponseCodec.java:187)
	at org.openqa.selenium.remote.http.W3CHttpResponseCodec.decode(W3CHttpResponseCodec.java:122)
	at org.openqa.selenium.remote.http.W3CHttpResponseCodec.decode(W3CHttpResponseCodec.java:49)
	at org.openqa.selenium.remote.HttpCommandExecutor.execute(HttpCommandExecutor.java:158)
	at io.appium.java_client.remote.AppiumCommandExecutor.execute(AppiumCommandExecutor.java:239)
	at org.openqa.selenium.remote.RemoteWebDriver.execute(RemoteWebDriver.java:552)
	at io.appium.java_client.DefaultGenericMobileDriver.execute(DefaultGenericMobileDriver.java:46)
	at io.appium.java_client.AppiumDriver.execute(AppiumDriver.java:1)
	at io.appium.java_client.android.AndroidDriver.execute(AndroidDriver.java:1)
	at com.kms.katalon.core.appium.driver.SwipeableAndroidDriver.execute(SwipeableAndroidDriver.java:1)
	at org.openqa.selenium.remote.RemoteWebDriver$RemoteWebDriverOptions$RemoteWindow.getSize(RemoteWebDriver.java:813)
	at org.openqa.selenium.WebDriver$Window$getSize.call(Unknown Source)
	at com.kms.katalon.core.mobile.keyword.internal.MobileAbstractKeyword.findElement(MobileAbstractKeyword.groovy:81)
	at com.kms.katalon.core.mobile.keyword.builtin.VerifyElementExistKeyword.access$1(VerifyElementExistKeyword.groovy)
	at com.kms.katalon.core.mobile.keyword.builtin.VerifyElementExistKeyword$_verifyElementExist_closure1.doCall(VerifyElementExistKeyword.groovy:72)
	at com.kms.katalon.core.mobile.keyword.builtin.VerifyElementExistKeyword$_verifyElementExist_closure1.call(VerifyElementExistKeyword.groovy)
	at com.kms.katalon.core.mobile.keyword.internal.MobileKeywordMain.runKeyword(MobileKeywordMain.groovy:21)
	at com.kms.katalon.core.mobile.keyword.builtin.VerifyElementExistKeyword.verifyElementExist(VerifyElementExistKeyword.groovy:80)
	at com.kms.katalon.core.mobile.keyword.builtin.VerifyElementExistKeyword.execute(VerifyElementExistKeyword.groovy:64)
	at com.kms.katalon.core.keyword.internal.KeywordExecutor.executeKeywordForPlatform(KeywordExecutor.groovy:74)
	at com.kms.katalon.core.mobile.keyword.MobileBuiltInKeywords.verifyElementExist(MobileBuiltInKeywords.groovy:1755)
	at com.kms.katalon.core.mobile.keyword.MobileBuiltInKeywords$verifyElementExist$8.call(Unknown Source)
	at duitNow_mobileNumberFavTransaction.run(duitNow_mobileNumberFavTransaction:229)
	at com.kms.katalon.core.main.ScriptEngine.run(ScriptEngine.java:194)
	at com.kms.katalon.core.main.ScriptEngine.runScriptAsRawText(ScriptEngine.java:119)
	at com.kms.katalon.core.main.TestCaseExecutor.runScript(TestCaseExecutor.java:445)
	at com.kms.katalon.core.main.TestCaseExecutor.doExecute(TestCaseExecutor.java:436)
	at com.kms.katalon.core.main.TestCaseExecutor.processExecutionPhase(TestCaseExecutor.java:415)
	at com.kms.katalon.core.main.TestCaseExecutor.accessMainPhase(TestCaseExecutor.java:407)
	at com.kms.katalon.core.main.TestCaseExecutor.execute(TestCaseExecutor.java:284)
	at com.kms.katalon.core.common.CommonExecutor.accessTestCaseMainPhase(CommonExecutor.java:65)
	at com.kms.katalon.core.main.TestSuiteExecutor.accessTestSuiteMainPhase(TestSuiteExecutor.java:144)
	at com.kms.katalon.core.main.TestSuiteExecutor.execute(TestSuiteExecutor.java:106)
	at com.kms.katalon.core.main.TestCaseMain.startTestSuite(TestCaseMain.java:185)
	at com.kms.katalon.core.main.TestCaseMain$startTestSuite$0.call(Unknown Source)
	at TempTestSuite1655885093224.run(TempTestSuite1655885093224.groovy:36)
)

2022-06-22 16:49:32 - [MESSAGE][WARNING] - Timeout '0' is invalid. Using default page load timeout: '40'

2022-06-22 16:49:32 - [MESSAGE][FAILED] - Failed to check for element 'Object Repository/Duit Now/duitNowConfirmationServiceFeeTitleTxt' exist (Root cause: org.openqa.selenium.WebDriverException: An unknown server-side error occurred while processing the command. Original error: 'GET /window/current/size' cannot be proxied to UiAutomator2 server because the instrumentation process is not running (probably crashed). Check the server log and/or the logcat output for more details
Build info: version: '3.141.59', revision: 'e82be7d358', time: '2018-11-14T08:25:53'
System info: host: '00139272s-MacBook-Pro.local', ip: '2001:e68:6167:d901:5dd8:2a3:885f:7e34%en0', os.name: 'Mac OS X', os.arch: 'x86_64', os.version: '10.16', java.version: '1.8.0_275'
Driver info: com.kms.katalon.core.appium.driver.SwipeableAndroidDriver
Capabilities {app: /Users/a00139272/Katalon St..., appActivity: com.maybank2u.life.MainActi..., appPackage: com.maybank2u.life.sit, appWaitActivity: *, autoGrantPermissions: true, automationName: uiautomator2, chromedriverPort: 52878, databaseEnabled: false, desired: {app: /Users/a00139272/Katalon St..., appActivity: com.maybank2u.life.MainActi..., appPackage: com.maybank2u.life.sit, appWaitActivity: *, autoGrantPermissions: true, automationName: uiautomator2, chromedriverPort: 52878, deviceId: 002b9cc60508, deviceName: Xiaomi 21061119AG (Android 11), fullReset: false, newCommandTimeout: 1800, noReset: true, platform: ANDROID, platformName: android, platformVersion: 11, systemPort: 52876, udid: 002b9cc60508}, deviceApiLevel: 30, deviceId: 002b9cc60508, deviceManufacturer: Xiaomi, deviceModel: 21061119AG, deviceName: 002b9cc60508, deviceScreenDensity: 440, deviceScreenSize: 1080x2400, deviceUDID: 002b9cc60508, fullReset: false, javascriptEnabled: true, locationContextEnabled: false, networkConnectionEnabled: true, newCommandTimeout: 1800, noReset: true, pixelRatio: 2.75, platform: ANDROID, platformName: Android, platformVersion: 11, statBarHeight: 103, systemPort: 52876, takesScreenshot: true, udid: 002b9cc60508, viewportRect: {height: 2064, left: 0, top: 103, width: 1080}, warnings: {}, webStorageEnabled: false}
Session ID: 07e0a906-f567-4646-abfd-84c6cc800d18
	at org.openqa.selenium.remote.http.W3CHttpResponseCodec.createException(W3CHttpResponseCodec.java:187)
	at org.openqa.selenium.remote.http.W3CHttpResponseCodec.decode(W3CHttpResponseCodec.java:122)
	at org.openqa.selenium.remote.http.W3CHttpResponseCodec.decode(W3CHttpResponseCodec.java:49)
	at org.openqa.selenium.remote.HttpCommandExecutor.execute(HttpCommandExecutor.java:158)
	at io.appium.java_client.remote.AppiumCommandExecutor.execute(AppiumCommandExecutor.java:239)
	at org.openqa.selenium.remote.RemoteWebDriver.execute(RemoteWebDriver.java:552)
	at io.appium.java_client.DefaultGenericMobileDriver.execute(DefaultGenericMobileDriver.java:46)
	at io.appium.java_client.AppiumDriver.execute(AppiumDriver.java:1)
	at io.appium.java_client.android.AndroidDriver.execute(AndroidDriver.java:1)
	at com.kms.katalon.core.appium.driver.SwipeableAndroidDriver.execute(SwipeableAndroidDriver.java:1)
	at org.openqa.selenium.remote.RemoteWebDriver$RemoteWebDriverOptions$RemoteWindow.getSize(RemoteWebDriver.java:813)
	at org.openqa.selenium.WebDriver$Window$getSize.call(Unknown Source)
	at com.kms.katalon.core.mobile.keyword.internal.MobileAbstractKeyword.findElement(MobileAbstractKeyword.groovy:81)
	at com.kms.katalon.core.mobile.keyword.builtin.VerifyElementExistKeyword.access$1(VerifyElementExistKeyword.groovy)
	at com.kms.katalon.core.mobile.keyword.builtin.VerifyElementExistKeyword$_verifyElementExist_closure1.doCall(VerifyElementExistKeyword.groovy:72)
	at com.kms.katalon.core.mobile.keyword.builtin.VerifyElementExistKeyword$_verifyElementExist_closure1.call(VerifyElementExistKeyword.groovy)
	at com.kms.katalon.core.mobile.keyword.internal.MobileKeywordMain.runKeyword(MobileKeywordMain.groovy:21)
	at com.kms.katalon.core.mobile.keyword.builtin.VerifyElementExistKeyword.verifyElementExist(VerifyElementExistKeyword.groovy:80)
	at com.kms.katalon.core.mobile.keyword.builtin.VerifyElementExistKeyword.execute(VerifyElementExistKeyword.groovy:64)
	at com.kms.katalon.core.keyword.internal.KeywordExecutor.executeKeywordForPlatform(KeywordExecutor.groovy:74)
	at com.kms.katalon.core.mobile.keyword.MobileBuiltInKeywords.verifyElementExist(MobileBuiltInKeywords.groovy:1755)
	at com.kms.katalon.core.mobile.keyword.MobileBuiltInKeywords$verifyElementExist$8.call(Unknown Source)
	at duitNow_mobileNumberFavTransaction.run(duitNow_mobileNumberFavTransaction:229)
	at com.kms.katalon.core.main.ScriptEngine.run(ScriptEngine.java:194)
	at com.kms.katalon.core.main.ScriptEngine.runScriptAsRawText(ScriptEngine.java:119)
	at com.kms.katalon.core.main.TestCaseExecutor.runScript(TestCaseExecutor.java:445)
	at com.kms.katalon.core.main.TestCaseExecutor.doExecute(TestCaseExecutor.java:436)
	at com.kms.katalon.core.main.TestCaseExecutor.processExecutionPhase(TestCaseExecutor.java:415)
	at com.kms.katalon.core.main.TestCaseExecutor.accessMainPhase(TestCaseExecutor.java:407)
	at com.kms.katalon.core.main.TestCaseExecutor.execute(TestCaseExecutor.java:284)
	at com.kms.katalon.core.common.CommonExecutor.accessTestCaseMainPhase(CommonExecutor.java:65)
	at com.kms.katalon.core.main.TestSuiteExecutor.accessTestSuiteMainPhase(TestSuiteExecutor.java:144)
	at com.kms.katalon.core.main.TestSuiteExecutor.execute(TestSuiteExecutor.java:106)
	at com.kms.katalon.core.main.TestCaseMain.startTestSuite(TestCaseMain.java:185)
	at com.kms.katalon.core.main.TestCaseMain$startTestSuite$0.call(Unknown Source)
	at TempTestSuite1655885093224.run(TempTestSuite1655885093224.groovy:36)
)

2022-06-22 16:49:32 - [TEST_STEP][FAILED] - verifyElementText(findTestObject("Duit Now/duitNowConfirmationIDTypeTxt", ["proxy":proxy]), proxy): Verify element text of test object 'Object Repository/Duit Now/duitNowConfirmationIDTypeTxt' FAILED. (Root cause: org.openqa.selenium.WebDriverException: An unknown server-side error occurred while processing the command. Original error: 'GET /window/current/size' cannot be proxied to UiAutomator2 server because the instrumentation process is not running (probably crashed). Check the server log and/or the logcat output for more details
Build info: version: '3.141.59', revision: 'e82be7d358', time: '2018-11-14T08:25:53'
System info: host: '00139272s-MacBook-Pro.local', ip: '2001:e68:6167:d901:5dd8:2a3:885f:7e34%en0', os.name: 'Mac OS X', os.arch: 'x86_64', os.version: '10.16', java.version: '1.8.0_275'
Driver info: com.kms.katalon.core.appium.driver.SwipeableAndroidDriver
Capabilities {app: /Users/a00139272/Katalon St..., appActivity: com.maybank2u.life.MainActi..., appPackage: com.maybank2u.life.sit, appWaitActivity: *, autoGrantPermissions: true, automationName: uiautomator2, chromedriverPort: 52878, databaseEnabled: false, desired: {app: /Users/a00139272/Katalon St..., appActivity: com.maybank2u.life.MainActi..., appPackage: com.maybank2u.life.sit, appWaitActivity: *, autoGrantPermissions: true, automationName: uiautomator2, chromedriverPort: 52878, deviceId: 002b9cc60508, deviceName: Xiaomi 21061119AG (Android 11), fullReset: false, newCommandTimeout: 1800, noReset: true, platform: ANDROID, platformName: android, platformVersion: 11, systemPort: 52876, udid: 002b9cc60508}, deviceApiLevel: 30, deviceId: 002b9cc60508, deviceManufacturer: Xiaomi, deviceModel: 21061119AG, deviceName: 002b9cc60508, deviceScreenDensity: 440, deviceScreenSize: 1080x2400, deviceUDID: 002b9cc60508, fullReset: false, javascriptEnabled: true, locationContextEnabled: false, networkConnectionEnabled: true, newCommandTimeout: 1800, noReset: true, pixelRatio: 2.75, platform: ANDROID, platformName: Android, platformVersion: 11, statBarHeight: 103, systemPort: 52876, takesScreenshot: true, udid: 002b9cc60508, viewportRect: {height: 2064, left: 0, top: 103, width: 1080}, warnings: {}, webStorageEnabled: false}
Session ID: 07e0a906-f567-4646-abfd-84c6cc800d18
	at org.openqa.selenium.remote.http.W3CHttpResponseCodec.createException(W3CHttpResponseCodec.java:187)
	at org.openqa.selenium.remote.http.W3CHttpResponseCodec.decode(W3CHttpResponseCodec.java:122)
	at org.openqa.selenium.remote.http.W3CHttpResponseCodec.decode(W3CHttpResponseCodec.java:49)
	at org.openqa.selenium.remote.HttpCommandExecutor.execute(HttpCommandExecutor.java:158)
	at io.appium.java_client.remote.AppiumCommandExecutor.execute(AppiumCommandExecutor.java:239)
	at org.openqa.selenium.remote.RemoteWebDriver.execute(RemoteWebDriver.java:552)
	at io.appium.java_client.DefaultGenericMobileDriver.execute(DefaultGenericMobileDriver.java:46)
	at io.appium.java_client.AppiumDriver.execute(AppiumDriver.java:1)
	at io.appium.java_client.android.AndroidDriver.execute(AndroidDriver.java:1)
	at com.kms.katalon.core.appium.driver.SwipeableAndroidDriver.execute(SwipeableAndroidDriver.java:1)
	at org.openqa.selenium.remote.RemoteWebDriver$RemoteWebDriverOptions$RemoteWindow.getSize(RemoteWebDriver.java:813)
	at org.openqa.selenium.WebDriver$Window$getSize.call(Unknown Source)
	at com.kms.katalon.core.mobile.keyword.internal.MobileAbstractKeyword.findElement(MobileAbstractKeyword.groovy:81)
	at com.kms.katalon.core.mobile.keyword.builtin.VerifyElementTextKeyword.access$1(VerifyElementTextKeyword.groovy)
	at com.kms.katalon.core.mobile.keyword.builtin.VerifyElementTextKeyword$_verifyElementText_closure1.doCall(VerifyElementTextKeyword.groovy:47)
	at com.kms.katalon.core.mobile.keyword.builtin.VerifyElementTextKeyword$_verifyElementText_closure1.call(VerifyElementTextKeyword.groovy)
	at com.kms.katalon.core.mobile.keyword.internal.MobileKeywordMain.runKeyword(MobileKeywordMain.groovy:21)
	at com.kms.katalon.core.mobile.keyword.builtin.VerifyElementTextKeyword.verifyElementText(VerifyElementTextKeyword.groovy:62)
	at com.kms.katalon.core.mobile.keyword.builtin.VerifyElementTextKeyword.execute(VerifyElementTextKeyword.groovy:39)
	at com.kms.katalon.core.keyword.internal.KeywordExecutor.executeKeywordForPlatform(KeywordExecutor.groovy:74)
	at com.kms.katalon.core.mobile.keyword.MobileBuiltInKeywords.verifyElementText(MobileBuiltInKeywords.groovy:2901)
	at com.kms.katalon.core.mobile.keyword.MobileBuiltInKeywords$verifyElementText$9.call(Unknown Source)
	at duitNow_mobileNumberFavTransaction.run(duitNow_mobileNumberFavTransaction:231)
	at com.kms.katalon.core.main.ScriptEngine.run(ScriptEngine.java:194)
	at com.kms.katalon.core.main.ScriptEngine.runScriptAsRawText(ScriptEngine.java:119)
	at com.kms.katalon.core.main.TestCaseExecutor.runScript(TestCaseExecutor.java:445)
	at com.kms.katalon.core.main.TestCaseExecutor.doExecute(TestCaseExecutor.java:436)
	at com.kms.katalon.core.main.TestCaseExecutor.processExecutionPhase(TestCaseExecutor.java:415)
	at com.kms.katalon.core.main.TestCaseExecutor.accessMainPhase(TestCaseExecutor.java:407)
	at com.kms.katalon.core.main.TestCaseExecutor.execute(TestCaseExecutor.java:284)
	at com.kms.katalon.core.common.CommonExecutor.accessTestCaseMainPhase(CommonExecutor.java:65)
	at com.kms.katalon.core.main.TestSuiteExecutor.accessTestSuiteMainPhase(TestSuiteExecutor.java:144)
	at com.kms.katalon.core.main.TestSuiteExecutor.execute(TestSuiteExecutor.java:106)
	at com.kms.katalon.core.main.TestCaseMain.startTestSuite(TestCaseMain.java:185)
	at com.kms.katalon.core.main.TestCaseMain$startTestSuite$0.call(Unknown Source)
	at TempTestSuite1655885093224.run(TempTestSuite1655885093224.groovy:36)
)

2022-06-22 16:49:32 - [MESSAGE][FAILED] - Verify element text of test object 'Object Repository/Duit Now/duitNowConfirmationIDTypeTxt' FAILED. (Root cause: org.openqa.selenium.WebDriverException: An unknown server-side error occurred while processing the command. Original error: 'GET /window/current/size' cannot be proxied to UiAutomator2 server because the instrumentation process is not running (probably crashed). Check the server log and/or the logcat output for more details
Build info: version: '3.141.59', revision: 'e82be7d358', time: '2018-11-14T08:25:53'
System info: host: '00139272s-MacBook-Pro.local', ip: '2001:e68:6167:d901:5dd8:2a3:885f:7e34%en0', os.name: 'Mac OS X', os.arch: 'x86_64', os.version: '10.16', java.version: '1.8.0_275'
Driver info: com.kms.katalon.core.appium.driver.SwipeableAndroidDriver
Capabilities {app: /Users/a00139272/Katalon St..., appActivity: com.maybank2u.life.MainActi..., appPackage: com.maybank2u.life.sit, appWaitActivity: *, autoGrantPermissions: true, automationName: uiautomator2, chromedriverPort: 52878, databaseEnabled: false, desired: {app: /Users/a00139272/Katalon St..., appActivity: com.maybank2u.life.MainActi..., appPackage: com.maybank2u.life.sit, appWaitActivity: *, autoGrantPermissions: true, automationName: uiautomator2, chromedriverPort: 52878, deviceId: 002b9cc60508, deviceName: Xiaomi 21061119AG (Android 11), fullReset: false, newCommandTimeout: 1800, noReset: true, platform: ANDROID, platformName: android, platformVersion: 11, systemPort: 52876, udid: 002b9cc60508}, deviceApiLevel: 30, deviceId: 002b9cc60508, deviceManufacturer: Xiaomi, deviceModel: 21061119AG, deviceName: 002b9cc60508, deviceScreenDensity: 440, deviceScreenSize: 1080x2400, deviceUDID: 002b9cc60508, fullReset: false, javascriptEnabled: true, locationContextEnabled: false, networkConnectionEnabled: true, newCommandTimeout: 1800, noReset: true, pixelRatio: 2.75, platform: ANDROID, platformName: Android, platformVersion: 11, statBarHeight: 103, systemPort: 52876, takesScreenshot: true, udid: 002b9cc60508, viewportRect: {height: 2064, left: 0, top: 103, width: 1080}, warnings: {}, webStorageEnabled: false}
Session ID: 07e0a906-f567-4646-abfd-84c6cc800d18
	at org.openqa.selenium.remote.http.W3CHttpResponseCodec.createException(W3CHttpResponseCodec.java:187)
	at org.openqa.selenium.remote.http.W3CHttpResponseCodec.decode(W3CHttpResponseCodec.java:122)
	at org.openqa.selenium.remote.http.W3CHttpResponseCodec.decode(W3CHttpResponseCodec.java:49)
	at org.openqa.selenium.remote.HttpCommandExecutor.execute(HttpCommandExecutor.java:158)
	at io.appium.java_client.remote.AppiumCommandExecutor.execute(AppiumCommandExecutor.java:239)
	at org.openqa.selenium.remote.RemoteWebDriver.execute(RemoteWebDriver.java:552)
	at io.appium.java_client.DefaultGenericMobileDriver.execute(DefaultGenericMobileDriver.java:46)
	at io.appium.java_client.AppiumDriver.execute(AppiumDriver.java:1)
	at io.appium.java_client.android.AndroidDriver.execute(AndroidDriver.java:1)
	at com.kms.katalon.core.appium.driver.SwipeableAndroidDriver.execute(SwipeableAndroidDriver.java:1)
	at org.openqa.selenium.remote.RemoteWebDriver$RemoteWebDriverOptions$RemoteWindow.getSize(RemoteWebDriver.java:813)
	at org.openqa.selenium.WebDriver$Window$getSize.call(Unknown Source)
	at com.kms.katalon.core.mobile.keyword.internal.MobileAbstractKeyword.findElement(MobileAbstractKeyword.groovy:81)
	at com.kms.katalon.core.mobile.keyword.builtin.VerifyElementTextKeyword.access$1(VerifyElementTextKeyword.groovy)
	at com.kms.katalon.core.mobile.keyword.builtin.VerifyElementTextKeyword$_verifyElementText_closure1.doCall(VerifyElementTextKeyword.groovy:47)
	at com.kms.katalon.core.mobile.keyword.builtin.VerifyElementTextKeyword$_verifyElementText_closure1.call(VerifyElementTextKeyword.groovy)
	at com.kms.katalon.core.mobile.keyword.internal.MobileKeywordMain.runKeyword(MobileKeywordMain.groovy:21)
	at com.kms.katalon.core.mobile.keyword.builtin.VerifyElementTextKeyword.verifyElementText(VerifyElementTextKeyword.groovy:62)
	at com.kms.katalon.core.mobile.keyword.builtin.VerifyElementTextKeyword.execute(VerifyElementTextKeyword.groovy:39)
	at com.kms.katalon.core.keyword.internal.KeywordExecutor.executeKeywordForPlatform(KeywordExecutor.groovy:74)
	at com.kms.katalon.core.mobile.keyword.MobileBuiltInKeywords.verifyElementText(MobileBuiltInKeywords.groovy:2901)
	at com.kms.katalon.core.mobile.keyword.MobileBuiltInKeywords$verifyElementText$9.call(Unknown Source)
	at duitNow_mobileNumberFavTransaction.run(duitNow_mobileNumberFavTransaction:231)
	at com.kms.katalon.core.main.ScriptEngine.run(ScriptEngine.java:194)
	at com.kms.katalon.core.main.ScriptEngine.runScriptAsRawText(ScriptEngine.java:119)
	at com.kms.katalon.core.main.TestCaseExecutor.runScript(TestCaseExecutor.java:445)
	at com.kms.katalon.core.main.TestCaseExecutor.doExecute(TestCaseExecutor.java:436)
	at com.kms.katalon.core.main.TestCaseExecutor.processExecutionPhase(TestCaseExecutor.java:415)
	at com.kms.katalon.core.main.TestCaseExecutor.accessMainPhase(TestCaseExecutor.java:407)
	at com.kms.katalon.core.main.TestCaseExecutor.execute(TestCaseExecutor.java:284)
	at com.kms.katalon.core.common.CommonExecutor.accessTestCaseMainPhase(CommonExecutor.java:65)
	at com.kms.katalon.core.main.TestSuiteExecutor.accessTestSuiteMainPhase(TestSuiteExecutor.java:144)
	at com.kms.katalon.core.main.TestSuiteExecutor.execute(TestSuiteExecutor.java:106)
	at com.kms.katalon.core.main.TestCaseMain.startTestSuite(TestCaseMain.java:185)
	at com.kms.katalon.core.main.TestCaseMain$startTestSuite$0.call(Unknown Source)
	at TempTestSuite1655885093224.run(TempTestSuite1655885093224.groovy:36)
)

2022-06-22 16:49:32 - [TEST_STEP][FAILED] - verifyElementText(findTestObject("Duit Now/duitNowConfirmationReceiveDateTxt"), "Today"): Verify element text of test object 'Object Repository/Duit Now/duitNowConfirmationReceiveDateTxt' FAILED. (Root cause: org.openqa.selenium.WebDriverException: An unknown server-side error occurred while processing the command. Original error: 'GET /window/current/size' cannot be proxied to UiAutomator2 server because the instrumentation process is not running (probably crashed). Check the server log and/or the logcat output for more details
Build info: version: '3.141.59', revision: 'e82be7d358', time: '2018-11-14T08:25:53'
System info: host: '00139272s-MacBook-Pro.local', ip: '2001:e68:6167:d901:5dd8:2a3:885f:7e34%en0', os.name: 'Mac OS X', os.arch: 'x86_64', os.version: '10.16', java.version: '1.8.0_275'
Driver info: com.kms.katalon.core.appium.driver.SwipeableAndroidDriver
Capabilities {app: /Users/a00139272/Katalon St..., appActivity: com.maybank2u.life.MainActi..., appPackage: com.maybank2u.life.sit, appWaitActivity: *, autoGrantPermissions: true, automationName: uiautomator2, chromedriverPort: 52878, databaseEnabled: false, desired: {app: /Users/a00139272/Katalon St..., appActivity: com.maybank2u.life.MainActi..., appPackage: com.maybank2u.life.sit, appWaitActivity: *, autoGrantPermissions: true, automationName: uiautomator2, chromedriverPort: 52878, deviceId: 002b9cc60508, deviceName: Xiaomi 21061119AG (Android 11), fullReset: false, newCommandTimeout: 1800, noReset: true, platform: ANDROID, platformName: android, platformVersion: 11, systemPort: 52876, udid: 002b9cc60508}, deviceApiLevel: 30, deviceId: 002b9cc60508, deviceManufacturer: Xiaomi, deviceModel: 21061119AG, deviceName: 002b9cc60508, deviceScreenDensity: 440, deviceScreenSize: 1080x2400, deviceUDID: 002b9cc60508, fullReset: false, javascriptEnabled: true, locationContextEnabled: false, networkConnectionEnabled: true, newCommandTimeout: 1800, noReset: true, pixelRatio: 2.75, platform: ANDROID, platformName: Android, platformVersion: 11, statBarHeight: 103, systemPort: 52876, takesScreenshot: true, udid: 002b9cc60508, viewportRect: {height: 2064, left: 0, top: 103, width: 1080}, warnings: {}, webStorageEnabled: false}
Session ID: 07e0a906-f567-4646-abfd-84c6cc800d18
	at org.openqa.selenium.remote.http.W3CHttpResponseCodec.createException(W3CHttpResponseCodec.java:187)
	at org.openqa.selenium.remote.http.W3CHttpResponseCodec.decode(W3CHttpResponseCodec.java:122)
	at org.openqa.selenium.remote.http.W3CHttpResponseCodec.decode(W3CHttpResponseCodec.java:49)
	at org.openqa.selenium.remote.HttpCommandExecutor.execute(HttpCommandExecutor.java:158)
	at io.appium.java_client.remote.AppiumCommandExecutor.execute(AppiumCommandExecutor.java:239)
	at org.openqa.selenium.remote.RemoteWebDriver.execute(RemoteWebDriver.java:552)
	at io.appium.java_client.DefaultGenericMobileDriver.execute(DefaultGenericMobileDriver.java:46)
	at io.appium.java_client.AppiumDriver.execute(AppiumDriver.java:1)
	at io.appium.java_client.android.AndroidDriver.execute(AndroidDriver.java:1)
	at com.kms.katalon.core.appium.driver.SwipeableAndroidDriver.execute(SwipeableAndroidDriver.java:1)
	at org.openqa.selenium.remote.RemoteWebDriver$RemoteWebDriverOptions$RemoteWindow.getSize(RemoteWebDriver.java:813)
	at org.openqa.selenium.WebDriver$Window$getSize.call(Unknown Source)
	at com.kms.katalon.core.mobile.keyword.internal.MobileAbstractKeyword.findElement(MobileAbstractKeyword.groovy:81)
	at com.kms.katalon.core.mobile.keyword.builtin.VerifyElementTextKeyword.access$1(VerifyElementTextKeyword.groovy)
	at com.kms.katalon.core.mobile.keyword.builtin.VerifyElementTextKeyword$_verifyElementText_closure1.doCall(VerifyElementTextKeyword.groovy:47)
	at com.kms.katalon.core.mobile.keyword.builtin.VerifyElementTextKeyword$_verifyElementText_closure1.call(VerifyElementTextKeyword.groovy)
	at com.kms.katalon.core.mobile.keyword.internal.MobileKeywordMain.runKeyword(MobileKeywordMain.groovy:21)
	at com.kms.katalon.core.mobile.keyword.builtin.VerifyElementTextKeyword.verifyElementText(VerifyElementTextKeyword.groovy:62)
	at com.kms.katalon.core.mobile.keyword.builtin.VerifyElementTextKeyword.execute(VerifyElementTextKeyword.groovy:39)
	at com.kms.katalon.core.keyword.internal.KeywordExecutor.executeKeywordForPlatform(KeywordExecutor.groovy:74)
	at com.kms.katalon.core.mobile.keyword.MobileBuiltInKeywords.verifyElementText(MobileBuiltInKeywords.groovy:2901)
	at com.kms.katalon.core.mobile.keyword.MobileBuiltInKeywords$verifyElementText$9.call(Unknown Source)
	at duitNow_mobileNumberFavTransaction.run(duitNow_mobileNumberFavTransaction:233)
	at com.kms.katalon.core.main.ScriptEngine.run(ScriptEngine.java:194)
	at com.kms.katalon.core.main.ScriptEngine.runScriptAsRawText(ScriptEngine.java:119)
	at com.kms.katalon.core.main.TestCaseExecutor.runScript(TestCaseExecutor.java:445)
	at com.kms.katalon.core.main.TestCaseExecutor.doExecute(TestCaseExecutor.java:436)
	at com.kms.katalon.core.main.TestCaseExecutor.processExecutionPhase(TestCaseExecutor.java:415)
	at com.kms.katalon.core.main.TestCaseExecutor.accessMainPhase(TestCaseExecutor.java:407)
	at com.kms.katalon.core.main.TestCaseExecutor.execute(TestCaseExecutor.java:284)
	at com.kms.katalon.core.common.CommonExecutor.accessTestCaseMainPhase(CommonExecutor.java:65)
	at com.kms.katalon.core.main.TestSuiteExecutor.accessTestSuiteMainPhase(TestSuiteExecutor.java:144)
	at com.kms.katalon.core.main.TestSuiteExecutor.execute(TestSuiteExecutor.java:106)
	at com.kms.katalon.core.main.TestCaseMain.startTestSuite(TestCaseMain.java:185)
	at com.kms.katalon.core.main.TestCaseMain$startTestSuite$0.call(Unknown Source)
	at TempTestSuite1655885093224.run(TempTestSuite1655885093224.groovy:36)
)

2022-06-22 16:49:32 - [MESSAGE][FAILED] - Verify element text of test object 'Object Repository/Duit Now/duitNowConfirmationReceiveDateTxt' FAILED. (Root cause: org.openqa.selenium.WebDriverException: An unknown server-side error occurred while processing the command. Original error: 'GET /window/current/size' cannot be proxied to UiAutomator2 server because the instrumentation process is not running (probably crashed). Check the server log and/or the logcat output for more details
Build info: version: '3.141.59', revision: 'e82be7d358', time: '2018-11-14T08:25:53'
System info: host: '00139272s-MacBook-Pro.local', ip: '2001:e68:6167:d901:5dd8:2a3:885f:7e34%en0', os.name: 'Mac OS X', os.arch: 'x86_64', os.version: '10.16', java.version: '1.8.0_275'
Driver info: com.kms.katalon.core.appium.driver.SwipeableAndroidDriver
Capabilities {app: /Users/a00139272/Katalon St..., appActivity: com.maybank2u.life.MainActi..., appPackage: com.maybank2u.life.sit, appWaitActivity: *, autoGrantPermissions: true, automationName: uiautomator2, chromedriverPort: 52878, databaseEnabled: false, desired: {app: /Users/a00139272/Katalon St..., appActivity: com.maybank2u.life.MainActi..., appPackage: com.maybank2u.life.sit, appWaitActivity: *, autoGrantPermissions: true, automationName: uiautomator2, chromedriverPort: 52878, deviceId: 002b9cc60508, deviceName: Xiaomi 21061119AG (Android 11), fullReset: false, newCommandTimeout: 1800, noReset: true, platform: ANDROID, platformName: android, platformVersion: 11, systemPort: 52876, udid: 002b9cc60508}, deviceApiLevel: 30, deviceId: 002b9cc60508, deviceManufacturer: Xiaomi, deviceModel: 21061119AG, deviceName: 002b9cc60508, deviceScreenDensity: 440, deviceScreenSize: 1080x2400, deviceUDID: 002b9cc60508, fullReset: false, javascriptEnabled: true, locationContextEnabled: false, networkConnectionEnabled: true, newCommandTimeout: 1800, noReset: true, pixelRatio: 2.75, platform: ANDROID, platformName: Android, platformVersion: 11, statBarHeight: 103, systemPort: 52876, takesScreenshot: true, udid: 002b9cc60508, viewportRect: {height: 2064, left: 0, top: 103, width: 1080}, warnings: {}, webStorageEnabled: false}
Session ID: 07e0a906-f567-4646-abfd-84c6cc800d18
	at org.openqa.selenium.remote.http.W3CHttpResponseCodec.createException(W3CHttpResponseCodec.java:187)
	at org.openqa.selenium.remote.http.W3CHttpResponseCodec.decode(W3CHttpResponseCodec.java:122)
	at org.openqa.selenium.remote.http.W3CHttpResponseCodec.decode(W3CHttpResponseCodec.java:49)
	at org.openqa.selenium.remote.HttpCommandExecutor.execute(HttpCommandExecutor.java:158)
	at io.appium.java_client.remote.AppiumCommandExecutor.execute(AppiumCommandExecutor.java:239)
	at org.openqa.selenium.remote.RemoteWebDriver.execute(RemoteWebDriver.java:552)
	at io.appium.java_client.DefaultGenericMobileDriver.execute(DefaultGenericMobileDriver.java:46)
	at io.appium.java_client.AppiumDriver.execute(AppiumDriver.java:1)
	at io.appium.java_client.android.AndroidDriver.execute(AndroidDriver.java:1)
	at com.kms.katalon.core.appium.driver.SwipeableAndroidDriver.execute(SwipeableAndroidDriver.java:1)
	at org.openqa.selenium.remote.RemoteWebDriver$RemoteWebDriverOptions$RemoteWindow.getSize(RemoteWebDriver.java:813)
	at org.openqa.selenium.WebDriver$Window$getSize.call(Unknown Source)
	at com.kms.katalon.core.mobile.keyword.internal.MobileAbstractKeyword.findElement(MobileAbstractKeyword.groovy:81)
	at com.kms.katalon.core.mobile.keyword.builtin.VerifyElementTextKeyword.access$1(VerifyElementTextKeyword.groovy)
	at com.kms.katalon.core.mobile.keyword.builtin.VerifyElementTextKeyword$_verifyElementText_closure1.doCall(VerifyElementTextKeyword.groovy:47)
	at com.kms.katalon.core.mobile.keyword.builtin.VerifyElementTextKeyword$_verifyElementText_closure1.call(VerifyElementTextKeyword.groovy)
	at com.kms.katalon.core.mobile.keyword.internal.MobileKeywordMain.runKeyword(MobileKeywordMain.groovy:21)
	at com.kms.katalon.core.mobile.keyword.builtin.VerifyElementTextKeyword.verifyElementText(VerifyElementTextKeyword.groovy:62)
	at com.kms.katalon.core.mobile.keyword.builtin.VerifyElementTextKeyword.execute(VerifyElementTextKeyword.groovy:39)
	at com.kms.katalon.core.keyword.internal.KeywordExecutor.executeKeywordForPlatform(KeywordExecutor.groovy:74)
	at com.kms.katalon.core.mobile.keyword.MobileBuiltInKeywords.verifyElementText(MobileBuiltInKeywords.groovy:2901)
	at com.kms.katalon.core.mobile.keyword.MobileBuiltInKeywords$verifyElementText$9.call(Unknown Source)
	at duitNow_mobileNumberFavTransaction.run(duitNow_mobileNumberFavTransaction:233)
	at com.kms.katalon.core.main.ScriptEngine.run(ScriptEngine.java:194)
	at com.kms.katalon.core.main.ScriptEngine.runScriptAsRawText(ScriptEngine.java:119)
	at com.kms.katalon.core.main.TestCaseExecutor.runScript(TestCaseExecutor.java:445)
	at com.kms.katalon.core.main.TestCaseExecutor.doExecute(TestCaseExecutor.java:436)
	at com.kms.katalon.core.main.TestCaseExecutor.processExecutionPhase(TestCaseExecutor.java:415)
	at com.kms.katalon.core.main.TestCaseExecutor.accessMainPhase(TestCaseExecutor.java:407)
	at com.kms.katalon.core.main.TestCaseExecutor.execute(TestCaseExecutor.java:284)
	at com.kms.katalon.core.common.CommonExecutor.accessTestCaseMainPhase(CommonExecutor.java:65)
	at com.kms.katalon.core.main.TestSuiteExecutor.accessTestSuiteMainPhase(TestSuiteExecutor.java:144)
	at com.kms.katalon.core.main.TestSuiteExecutor.execute(TestSuiteExecutor.java:106)
	at com.kms.katalon.core.main.TestCaseMain.startTestSuite(TestCaseMain.java:185)
	at com.kms.katalon.core.main.TestCaseMain$startTestSuite$0.call(Unknown Source)
	at TempTestSuite1655885093224.run(TempTestSuite1655885093224.groovy:36)
)

2022-06-22 16:49:32 - [TEST_STEP][FAILED] - verifyElementText(findTestObject("Duit Now/duitNowConfirmationReferenceTxt", ["reference":reference]), reference): Verify element text of test object 'Object Repository/Duit Now/duitNowConfirmationReferenceTxt' FAILED. (Root cause: org.openqa.selenium.WebDriverException: An unknown server-side error occurred while processing the command. Original error: 'GET /window/current/size' cannot be proxied to UiAutomator2 server because the instrumentation process is not running (probably crashed). Check the server log and/or the logcat output for more details
Build info: version: '3.141.59', revision: 'e82be7d358', time: '2018-11-14T08:25:53'
System info: host: '00139272s-MacBook-Pro.local', ip: '2001:e68:6167:d901:5dd8:2a3:885f:7e34%en0', os.name: 'Mac OS X', os.arch: 'x86_64', os.version: '10.16', java.version: '1.8.0_275'
Driver info: com.kms.katalon.core.appium.driver.SwipeableAndroidDriver
Capabilities {app: /Users/a00139272/Katalon St..., appActivity: com.maybank2u.life.MainActi..., appPackage: com.maybank2u.life.sit, appWaitActivity: *, autoGrantPermissions: true, automationName: uiautomator2, chromedriverPort: 52878, databaseEnabled: false, desired: {app: /Users/a00139272/Katalon St..., appActivity: com.maybank2u.life.MainActi..., appPackage: com.maybank2u.life.sit, appWaitActivity: *, autoGrantPermissions: true, automationName: uiautomator2, chromedriverPort: 52878, deviceId: 002b9cc60508, deviceName: Xiaomi 21061119AG (Android 11), fullReset: false, newCommandTimeout: 1800, noReset: true, platform: ANDROID, platformName: android, platformVersion: 11, systemPort: 52876, udid: 002b9cc60508}, deviceApiLevel: 30, deviceId: 002b9cc60508, deviceManufacturer: Xiaomi, deviceModel: 21061119AG, deviceName: 002b9cc60508, deviceScreenDensity: 440, deviceScreenSize: 1080x2400, deviceUDID: 002b9cc60508, fullReset: false, javascriptEnabled: true, locationContextEnabled: false, networkConnectionEnabled: true, newCommandTimeout: 1800, noReset: true, pixelRatio: 2.75, platform: ANDROID, platformName: Android, platformVersion: 11, statBarHeight: 103, systemPort: 52876, takesScreenshot: true, udid: 002b9cc60508, viewportRect: {height: 2064, left: 0, top: 103, width: 1080}, warnings: {}, webStorageEnabled: false}
Session ID: 07e0a906-f567-4646-abfd-84c6cc800d18
	at org.openqa.selenium.remote.http.W3CHttpResponseCodec.createException(W3CHttpResponseCodec.java:187)
	at org.openqa.selenium.remote.http.W3CHttpResponseCodec.decode(W3CHttpResponseCodec.java:122)
	at org.openqa.selenium.remote.http.W3CHttpResponseCodec.decode(W3CHttpResponseCodec.java:49)
	at org.openqa.selenium.remote.HttpCommandExecutor.execute(HttpCommandExecutor.java:158)
	at io.appium.java_client.remote.AppiumCommandExecutor.execute(AppiumCommandExecutor.java:239)
	at org.openqa.selenium.remote.RemoteWebDriver.execute(RemoteWebDriver.java:552)
	at io.appium.java_client.DefaultGenericMobileDriver.execute(DefaultGenericMobileDriver.java:46)
	at io.appium.java_client.AppiumDriver.execute(AppiumDriver.java:1)
	at io.appium.java_client.android.AndroidDriver.execute(AndroidDriver.java:1)
	at com.kms.katalon.core.appium.driver.SwipeableAndroidDriver.execute(SwipeableAndroidDriver.java:1)
	at org.openqa.selenium.remote.RemoteWebDriver$RemoteWebDriverOptions$RemoteWindow.getSize(RemoteWebDriver.java:813)
	at org.openqa.selenium.WebDriver$Window$getSize.call(Unknown Source)
	at com.kms.katalon.core.mobile.keyword.internal.MobileAbstractKeyword.findElement(MobileAbstractKeyword.groovy:81)
	at com.kms.katalon.core.mobile.keyword.builtin.VerifyElementTextKeyword.access$1(VerifyElementTextKeyword.groovy)
	at com.kms.katalon.core.mobile.keyword.builtin.VerifyElementTextKeyword$_verifyElementText_closure1.doCall(VerifyElementTextKeyword.groovy:47)
	at com.kms.katalon.core.mobile.keyword.builtin.VerifyElementTextKeyword$_verifyElementText_closure1.call(VerifyElementTextKeyword.groovy)
	at com.kms.katalon.core.mobile.keyword.internal.MobileKeywordMain.runKeyword(MobileKeywordMain.groovy:21)
	at com.kms.katalon.core.mobile.keyword.builtin.VerifyElementTextKeyword.verifyElementText(VerifyElementTextKeyword.groovy:62)
	at com.kms.katalon.core.mobile.keyword.builtin.VerifyElementTextKeyword.execute(VerifyElementTextKeyword.groovy:39)
	at com.kms.katalon.core.keyword.internal.KeywordExecutor.executeKeywordForPlatform(KeywordExecutor.groovy:74)
	at com.kms.katalon.core.mobile.keyword.MobileBuiltInKeywords.verifyElementText(MobileBuiltInKeywords.groovy:2901)
	at com.kms.katalon.core.mobile.keyword.MobileBuiltInKeywords$verifyElementText$9.call(Unknown Source)
	at duitNow_mobileNumberFavTransaction.run(duitNow_mobileNumberFavTransaction:235)
	at com.kms.katalon.core.main.ScriptEngine.run(ScriptEngine.java:194)
	at com.kms.katalon.core.main.ScriptEngine.runScriptAsRawText(ScriptEngine.java:119)
	at com.kms.katalon.core.main.TestCaseExecutor.runScript(TestCaseExecutor.java:445)
	at com.kms.katalon.core.main.TestCaseExecutor.doExecute(TestCaseExecutor.java:436)
	at com.kms.katalon.core.main.TestCaseExecutor.processExecutionPhase(TestCaseExecutor.java:415)
	at com.kms.katalon.core.main.TestCaseExecutor.accessMainPhase(TestCaseExecutor.java:407)
	at com.kms.katalon.core.main.TestCaseExecutor.execute(TestCaseExecutor.java:284)
	at com.kms.katalon.core.common.CommonExecutor.accessTestCaseMainPhase(CommonExecutor.java:65)
	at com.kms.katalon.core.main.TestSuiteExecutor.accessTestSuiteMainPhase(TestSuiteExecutor.java:144)
	at com.kms.katalon.core.main.TestSuiteExecutor.execute(TestSuiteExecutor.java:106)
	at com.kms.katalon.core.main.TestCaseMain.startTestSuite(TestCaseMain.java:185)
	at com.kms.katalon.core.main.TestCaseMain$startTestSuite$0.call(Unknown Source)
	at TempTestSuite1655885093224.run(TempTestSuite1655885093224.groovy:36)
)

2022-06-22 16:49:32 - [MESSAGE][FAILED] - Verify element text of test object 'Object Repository/Duit Now/duitNowConfirmationReferenceTxt' FAILED. (Root cause: org.openqa.selenium.WebDriverException: An unknown server-side error occurred while processing the command. Original error: 'GET /window/current/size' cannot be proxied to UiAutomator2 server because the instrumentation process is not running (probably crashed). Check the server log and/or the logcat output for more details
Build info: version: '3.141.59', revision: 'e82be7d358', time: '2018-11-14T08:25:53'
System info: host: '00139272s-MacBook-Pro.local', ip: '2001:e68:6167:d901:5dd8:2a3:885f:7e34%en0', os.name: 'Mac OS X', os.arch: 'x86_64', os.version: '10.16', java.version: '1.8.0_275'
Driver info: com.kms.katalon.core.appium.driver.SwipeableAndroidDriver
Capabilities {app: /Users/a00139272/Katalon St..., appActivity: com.maybank2u.life.MainActi..., appPackage: com.maybank2u.life.sit, appWaitActivity: *, autoGrantPermissions: true, automationName: uiautomator2, chromedriverPort: 52878, databaseEnabled: false, desired: {app: /Users/a00139272/Katalon St..., appActivity: com.maybank2u.life.MainActi..., appPackage: com.maybank2u.life.sit, appWaitActivity: *, autoGrantPermissions: true, automationName: uiautomator2, chromedriverPort: 52878, deviceId: 002b9cc60508, deviceName: Xiaomi 21061119AG (Android 11), fullReset: false, newCommandTimeout: 1800, noReset: true, platform: ANDROID, platformName: android, platformVersion: 11, systemPort: 52876, udid: 002b9cc60508}, deviceApiLevel: 30, deviceId: 002b9cc60508, deviceManufacturer: Xiaomi, deviceModel: 21061119AG, deviceName: 002b9cc60508, deviceScreenDensity: 440, deviceScreenSize: 1080x2400, deviceUDID: 002b9cc60508, fullReset: false, javascriptEnabled: true, locationContextEnabled: false, networkConnectionEnabled: true, newCommandTimeout: 1800, noReset: true, pixelRatio: 2.75, platform: ANDROID, platformName: Android, platformVersion: 11, statBarHeight: 103, systemPort: 52876, takesScreenshot: true, udid: 002b9cc60508, viewportRect: {height: 2064, left: 0, top: 103, width: 1080}, warnings: {}, webStorageEnabled: false}
Session ID: 07e0a906-f567-4646-abfd-84c6cc800d18
	at org.openqa.selenium.remote.http.W3CHttpResponseCodec.createException(W3CHttpResponseCodec.java:187)
	at org.openqa.selenium.remote.http.W3CHttpResponseCodec.decode(W3CHttpResponseCodec.java:122)
	at org.openqa.selenium.remote.http.W3CHttpResponseCodec.decode(W3CHttpResponseCodec.java:49)
	at org.openqa.selenium.remote.HttpCommandExecutor.execute(HttpCommandExecutor.java:158)
	at io.appium.java_client.remote.AppiumCommandExecutor.execute(AppiumCommandExecutor.java:239)
	at org.openqa.selenium.remote.RemoteWebDriver.execute(RemoteWebDriver.java:552)
	at io.appium.java_client.DefaultGenericMobileDriver.execute(DefaultGenericMobileDriver.java:46)
	at io.appium.java_client.AppiumDriver.execute(AppiumDriver.java:1)
	at io.appium.java_client.android.AndroidDriver.execute(AndroidDriver.java:1)
	at com.kms.katalon.core.appium.driver.SwipeableAndroidDriver.execute(SwipeableAndroidDriver.java:1)
	at org.openqa.selenium.remote.RemoteWebDriver$RemoteWebDriverOptions$RemoteWindow.getSize(RemoteWebDriver.java:813)
	at org.openqa.selenium.WebDriver$Window$getSize.call(Unknown Source)
	at com.kms.katalon.core.mobile.keyword.internal.MobileAbstractKeyword.findElement(MobileAbstractKeyword.groovy:81)
	at com.kms.katalon.core.mobile.keyword.builtin.VerifyElementTextKeyword.access$1(VerifyElementTextKeyword.groovy)
	at com.kms.katalon.core.mobile.keyword.builtin.VerifyElementTextKeyword$_verifyElementText_closure1.doCall(VerifyElementTextKeyword.groovy:47)
	at com.kms.katalon.core.mobile.keyword.builtin.VerifyElementTextKeyword$_verifyElementText_closure1.call(VerifyElementTextKeyword.groovy)
	at com.kms.katalon.core.mobile.keyword.internal.MobileKeywordMain.runKeyword(MobileKeywordMain.groovy:21)
	at com.kms.katalon.core.mobile.keyword.builtin.VerifyElementTextKeyword.verifyElementText(VerifyElementTextKeyword.groovy:62)
	at com.kms.katalon.core.mobile.keyword.builtin.VerifyElementTextKeyword.execute(VerifyElementTextKeyword.groovy:39)
	at com.kms.katalon.core.keyword.internal.KeywordExecutor.executeKeywordForPlatform(KeywordExecutor.groovy:74)
	at com.kms.katalon.core.mobile.keyword.MobileBuiltInKeywords.verifyElementText(MobileBuiltInKeywords.groovy:2901)
	at com.kms.katalon.core.mobile.keyword.MobileBuiltInKeywords$verifyElementText$9.call(Unknown Source)
	at duitNow_mobileNumberFavTransaction.run(duitNow_mobileNumberFavTransaction:235)
	at com.kms.katalon.core.main.ScriptEngine.run(ScriptEngine.java:194)
	at com.kms.katalon.core.main.ScriptEngine.runScriptAsRawText(ScriptEngine.java:119)
	at com.kms.katalon.core.main.TestCaseExecutor.runScript(TestCaseExecutor.java:445)
	at com.kms.katalon.core.main.TestCaseExecutor.doExecute(TestCaseExecutor.java:436)
	at com.kms.katalon.core.main.TestCaseExecutor.processExecutionPhase(TestCaseExecutor.java:415)
	at com.kms.katalon.core.main.TestCaseExecutor.accessMainPhase(TestCaseExecutor.java:407)
	at com.kms.katalon.core.main.TestCaseExecutor.execute(TestCaseExecutor.java:284)
	at com.kms.katalon.core.common.CommonExecutor.accessTestCaseMainPhase(CommonExecutor.java:65)
	at com.kms.katalon.core.main.TestSuiteExecutor.accessTestSuiteMainPhase(TestSuiteExecutor.java:144)
	at com.kms.katalon.core.main.TestSuiteExecutor.execute(TestSuiteExecutor.java:106)
	at com.kms.katalon.core.main.TestCaseMain.startTestSuite(TestCaseMain.java:185)
	at com.kms.katalon.core.main.TestCaseMain$startTestSuite$0.call(Unknown Source)
	at TempTestSuite1655885093224.run(TempTestSuite1655885093224.groovy:36)
)

2022-06-22 16:49:32 - [TEST_STEP][FAILED] - verifyElementText(findTestObject("Duit Now/duitNowConfirmationServiceFeeAmountTxt"), "RM 0.00"): Verify element text of test object 'Object Repository/Duit Now/duitNowConfirmationServiceFeeAmountTxt' FAILED. (Root cause: org.openqa.selenium.WebDriverException: An unknown server-side error occurred while processing the command. Original error: 'GET /window/current/size' cannot be proxied to UiAutomator2 server because the instrumentation process is not running (probably crashed). Check the server log and/or the logcat output for more details
Build info: version: '3.141.59', revision: 'e82be7d358', time: '2018-11-14T08:25:53'
System info: host: '00139272s-MacBook-Pro.local', ip: '2001:e68:6167:d901:5dd8:2a3:885f:7e34%en0', os.name: 'Mac OS X', os.arch: 'x86_64', os.version: '10.16', java.version: '1.8.0_275'
Driver info: com.kms.katalon.core.appium.driver.SwipeableAndroidDriver
Capabilities {app: /Users/a00139272/Katalon St..., appActivity: com.maybank2u.life.MainActi..., appPackage: com.maybank2u.life.sit, appWaitActivity: *, autoGrantPermissions: true, automationName: uiautomator2, chromedriverPort: 52878, databaseEnabled: false, desired: {app: /Users/a00139272/Katalon St..., appActivity: com.maybank2u.life.MainActi..., appPackage: com.maybank2u.life.sit, appWaitActivity: *, autoGrantPermissions: true, automationName: uiautomator2, chromedriverPort: 52878, deviceId: 002b9cc60508, deviceName: Xiaomi 21061119AG (Android 11), fullReset: false, newCommandTimeout: 1800, noReset: true, platform: ANDROID, platformName: android, platformVersion: 11, systemPort: 52876, udid: 002b9cc60508}, deviceApiLevel: 30, deviceId: 002b9cc60508, deviceManufacturer: Xiaomi, deviceModel: 21061119AG, deviceName: 002b9cc60508, deviceScreenDensity: 440, deviceScreenSize: 1080x2400, deviceUDID: 002b9cc60508, fullReset: false, javascriptEnabled: true, locationContextEnabled: false, networkConnectionEnabled: true, newCommandTimeout: 1800, noReset: true, pixelRatio: 2.75, platform: ANDROID, platformName: Android, platformVersion: 11, statBarHeight: 103, systemPort: 52876, takesScreenshot: true, udid: 002b9cc60508, viewportRect: {height: 2064, left: 0, top: 103, width: 1080}, warnings: {}, webStorageEnabled: false}
Session ID: 07e0a906-f567-4646-abfd-84c6cc800d18
	at org.openqa.selenium.remote.http.W3CHttpResponseCodec.createException(W3CHttpResponseCodec.java:187)
	at org.openqa.selenium.remote.http.W3CHttpResponseCodec.decode(W3CHttpResponseCodec.java:122)
	at org.openqa.selenium.remote.http.W3CHttpResponseCodec.decode(W3CHttpResponseCodec.java:49)
	at org.openqa.selenium.remote.HttpCommandExecutor.execute(HttpCommandExecutor.java:158)
	at io.appium.java_client.remote.AppiumCommandExecutor.execute(AppiumCommandExecutor.java:239)
	at org.openqa.selenium.remote.RemoteWebDriver.execute(RemoteWebDriver.java:552)
	at io.appium.java_client.DefaultGenericMobileDriver.execute(DefaultGenericMobileDriver.java:46)
	at io.appium.java_client.AppiumDriver.execute(AppiumDriver.java:1)
	at io.appium.java_client.android.AndroidDriver.execute(AndroidDriver.java:1)
	at com.kms.katalon.core.appium.driver.SwipeableAndroidDriver.execute(SwipeableAndroidDriver.java:1)
	at org.openqa.selenium.remote.RemoteWebDriver$RemoteWebDriverOptions$RemoteWindow.getSize(RemoteWebDriver.java:813)
	at org.openqa.selenium.WebDriver$Window$getSize.call(Unknown Source)
	at com.kms.katalon.core.mobile.keyword.internal.MobileAbstractKeyword.findElement(MobileAbstractKeyword.groovy:81)
	at com.kms.katalon.core.mobile.keyword.builtin.VerifyElementTextKeyword.access$1(VerifyElementTextKeyword.groovy)
	at com.kms.katalon.core.mobile.keyword.builtin.VerifyElementTextKeyword$_verifyElementText_closure1.doCall(VerifyElementTextKeyword.groovy:47)
	at com.kms.katalon.core.mobile.keyword.builtin.VerifyElementTextKeyword$_verifyElementText_closure1.call(VerifyElementTextKeyword.groovy)
	at com.kms.katalon.core.mobile.keyword.internal.MobileKeywordMain.runKeyword(MobileKeywordMain.groovy:21)
	at com.kms.katalon.core.mobile.keyword.builtin.VerifyElementTextKeyword.verifyElementText(VerifyElementTextKeyword.groovy:62)
	at com.kms.katalon.core.mobile.keyword.builtin.VerifyElementTextKeyword.execute(VerifyElementTextKeyword.groovy:39)
	at com.kms.katalon.core.keyword.internal.KeywordExecutor.executeKeywordForPlatform(KeywordExecutor.groovy:74)
	at com.kms.katalon.core.mobile.keyword.MobileBuiltInKeywords.verifyElementText(MobileBuiltInKeywords.groovy:2901)
	at com.kms.katalon.core.mobile.keyword.MobileBuiltInKeywords$verifyElementText$9.call(Unknown Source)
	at duitNow_mobileNumberFavTransaction.run(duitNow_mobileNumberFavTransaction:237)
	at com.kms.katalon.core.main.ScriptEngine.run(ScriptEngine.java:194)
	at com.kms.katalon.core.main.ScriptEngine.runScriptAsRawText(ScriptEngine.java:119)
	at com.kms.katalon.core.main.TestCaseExecutor.runScript(TestCaseExecutor.java:445)
	at com.kms.katalon.core.main.TestCaseExecutor.doExecute(TestCaseExecutor.java:436)
	at com.kms.katalon.core.main.TestCaseExecutor.processExecutionPhase(TestCaseExecutor.java:415)
	at com.kms.katalon.core.main.TestCaseExecutor.accessMainPhase(TestCaseExecutor.java:407)
	at com.kms.katalon.core.main.TestCaseExecutor.execute(TestCaseExecutor.java:284)
	at com.kms.katalon.core.common.CommonExecutor.accessTestCaseMainPhase(CommonExecutor.java:65)
	at com.kms.katalon.core.main.TestSuiteExecutor.accessTestSuiteMainPhase(TestSuiteExecutor.java:144)
	at com.kms.katalon.core.main.TestSuiteExecutor.execute(TestSuiteExecutor.java:106)
	at com.kms.katalon.core.main.TestCaseMain.startTestSuite(TestCaseMain.java:185)
	at com.kms.katalon.core.main.TestCaseMain$startTestSuite$0.call(Unknown Source)
	at TempTestSuite1655885093224.run(TempTestSuite1655885093224.groovy:36)
)

2022-06-22 16:49:33 - [MESSAGE][FAILED] - Verify element text of test object 'Object Repository/Duit Now/duitNowConfirmationServiceFeeAmountTxt' FAILED. (Root cause: org.openqa.selenium.WebDriverException: An unknown server-side error occurred while processing the command. Original error: 'GET /window/current/size' cannot be proxied to UiAutomator2 server because the instrumentation process is not running (probably crashed). Check the server log and/or the logcat output for more details
Build info: version: '3.141.59', revision: 'e82be7d358', time: '2018-11-14T08:25:53'
System info: host: '00139272s-MacBook-Pro.local', ip: '2001:e68:6167:d901:5dd8:2a3:885f:7e34%en0', os.name: 'Mac OS X', os.arch: 'x86_64', os.version: '10.16', java.version: '1.8.0_275'
Driver info: com.kms.katalon.core.appium.driver.SwipeableAndroidDriver
Capabilities {app: /Users/a00139272/Katalon St..., appActivity: com.maybank2u.life.MainActi..., appPackage: com.maybank2u.life.sit, appWaitActivity: *, autoGrantPermissions: true, automationName: uiautomator2, chromedriverPort: 52878, databaseEnabled: false, desired: {app: /Users/a00139272/Katalon St..., appActivity: com.maybank2u.life.MainActi..., appPackage: com.maybank2u.life.sit, appWaitActivity: *, autoGrantPermissions: true, automationName: uiautomator2, chromedriverPort: 52878, deviceId: 002b9cc60508, deviceName: Xiaomi 21061119AG (Android 11), fullReset: false, newCommandTimeout: 1800, noReset: true, platform: ANDROID, platformName: android, platformVersion: 11, systemPort: 52876, udid: 002b9cc60508}, deviceApiLevel: 30, deviceId: 002b9cc60508, deviceManufacturer: Xiaomi, deviceModel: 21061119AG, deviceName: 002b9cc60508, deviceScreenDensity: 440, deviceScreenSize: 1080x2400, deviceUDID: 002b9cc60508, fullReset: false, javascriptEnabled: true, locationContextEnabled: false, networkConnectionEnabled: true, newCommandTimeout: 1800, noReset: true, pixelRatio: 2.75, platform: ANDROID, platformName: Android, platformVersion: 11, statBarHeight: 103, systemPort: 52876, takesScreenshot: true, udid: 002b9cc60508, viewportRect: {height: 2064, left: 0, top: 103, width: 1080}, warnings: {}, webStorageEnabled: false}
Session ID: 07e0a906-f567-4646-abfd-84c6cc800d18
	at org.openqa.selenium.remote.http.W3CHttpResponseCodec.createException(W3CHttpResponseCodec.java:187)
	at org.openqa.selenium.remote.http.W3CHttpResponseCodec.decode(W3CHttpResponseCodec.java:122)
	at org.openqa.selenium.remote.http.W3CHttpResponseCodec.decode(W3CHttpResponseCodec.java:49)
	at org.openqa.selenium.remote.HttpCommandExecutor.execute(HttpCommandExecutor.java:158)
	at io.appium.java_client.remote.AppiumCommandExecutor.execute(AppiumCommandExecutor.java:239)
	at org.openqa.selenium.remote.RemoteWebDriver.execute(RemoteWebDriver.java:552)
	at io.appium.java_client.DefaultGenericMobileDriver.execute(DefaultGenericMobileDriver.java:46)
	at io.appium.java_client.AppiumDriver.execute(AppiumDriver.java:1)
	at io.appium.java_client.android.AndroidDriver.execute(AndroidDriver.java:1)
	at com.kms.katalon.core.appium.driver.SwipeableAndroidDriver.execute(SwipeableAndroidDriver.java:1)
	at org.openqa.selenium.remote.RemoteWebDriver$RemoteWebDriverOptions$RemoteWindow.getSize(RemoteWebDriver.java:813)
	at org.openqa.selenium.WebDriver$Window$getSize.call(Unknown Source)
	at com.kms.katalon.core.mobile.keyword.internal.MobileAbstractKeyword.findElement(MobileAbstractKeyword.groovy:81)
	at com.kms.katalon.core.mobile.keyword.builtin.VerifyElementTextKeyword.access$1(VerifyElementTextKeyword.groovy)
	at com.kms.katalon.core.mobile.keyword.builtin.VerifyElementTextKeyword$_verifyElementText_closure1.doCall(VerifyElementTextKeyword.groovy:47)
	at com.kms.katalon.core.mobile.keyword.builtin.VerifyElementTextKeyword$_verifyElementText_closure1.call(VerifyElementTextKeyword.groovy)
	at com.kms.katalon.core.mobile.keyword.internal.MobileKeywordMain.runKeyword(MobileKeywordMain.groovy:21)
	at com.kms.katalon.core.mobile.keyword.builtin.VerifyElementTextKeyword.verifyElementText(VerifyElementTextKeyword.groovy:62)
	at com.kms.katalon.core.mobile.keyword.builtin.VerifyElementTextKeyword.execute(VerifyElementTextKeyword.groovy:39)
	at com.kms.katalon.core.keyword.internal.KeywordExecutor.executeKeywordForPlatform(KeywordExecutor.groovy:74)
	at com.kms.katalon.core.mobile.keyword.MobileBuiltInKeywords.verifyElementText(MobileBuiltInKeywords.groovy:2901)
	at com.kms.katalon.core.mobile.keyword.MobileBuiltInKeywords$verifyElementText$9.call(Unknown Source)
	at duitNow_mobileNumberFavTransaction.run(duitNow_mobileNumberFavTransaction:237)
	at com.kms.katalon.core.main.ScriptEngine.run(ScriptEngine.java:194)
	at com.kms.katalon.core.main.ScriptEngine.runScriptAsRawText(ScriptEngine.java:119)
	at com.kms.katalon.core.main.TestCaseExecutor.runScript(TestCaseExecutor.java:445)
	at com.kms.katalon.core.main.TestCaseExecutor.doExecute(TestCaseExecutor.java:436)
	at com.kms.katalon.core.main.TestCaseExecutor.processExecutionPhase(TestCaseExecutor.java:415)
	at com.kms.katalon.core.main.TestCaseExecutor.accessMainPhase(TestCaseExecutor.java:407)
	at com.kms.katalon.core.main.TestCaseExecutor.execute(TestCaseExecutor.java:284)
	at com.kms.katalon.core.common.CommonExecutor.accessTestCaseMainPhase(CommonExecutor.java:65)
	at com.kms.katalon.core.main.TestSuiteExecutor.accessTestSuiteMainPhase(TestSuiteExecutor.java:144)
	at com.kms.katalon.core.main.TestSuiteExecutor.execute(TestSuiteExecutor.java:106)
	at com.kms.katalon.core.main.TestCaseMain.startTestSuite(TestCaseMain.java:185)
	at com.kms.katalon.core.main.TestCaseMain$startTestSuite$0.call(Unknown Source)
	at TempTestSuite1655885093224.run(TempTestSuite1655885093224.groovy:36)
)

2022-06-22 16:49:33 - [TEST_STEP][FAILED] - tap(findTestObject("Duit Now/duitNowConfirmationPaymentDetailsGreyWordTxt"), 0): Failed to tap on element 'Object Repository/Duit Now/duitNowConfirmationPaymentDetailsGreyWordTxt' (Root cause: org.openqa.selenium.WebDriverException: An unknown server-side error occurred while processing the command. Original error: 'GET /window/current/size' cannot be proxied to UiAutomator2 server because the instrumentation process is not running (probably crashed). Check the server log and/or the logcat output for more details
Build info: version: '3.141.59', revision: 'e82be7d358', time: '2018-11-14T08:25:53'
System info: host: '00139272s-MacBook-Pro.local', ip: '2001:e68:6167:d901:5dd8:2a3:885f:7e34%en0', os.name: 'Mac OS X', os.arch: 'x86_64', os.version: '10.16', java.version: '1.8.0_275'
Driver info: com.kms.katalon.core.appium.driver.SwipeableAndroidDriver
Capabilities {app: /Users/a00139272/Katalon St..., appActivity: com.maybank2u.life.MainActi..., appPackage: com.maybank2u.life.sit, appWaitActivity: *, autoGrantPermissions: true, automationName: uiautomator2, chromedriverPort: 52878, databaseEnabled: false, desired: {app: /Users/a00139272/Katalon St..., appActivity: com.maybank2u.life.MainActi..., appPackage: com.maybank2u.life.sit, appWaitActivity: *, autoGrantPermissions: true, automationName: uiautomator2, chromedriverPort: 52878, deviceId: 002b9cc60508, deviceName: Xiaomi 21061119AG (Android 11), fullReset: false, newCommandTimeout: 1800, noReset: true, platform: ANDROID, platformName: android, platformVersion: 11, systemPort: 52876, udid: 002b9cc60508}, deviceApiLevel: 30, deviceId: 002b9cc60508, deviceManufacturer: Xiaomi, deviceModel: 21061119AG, deviceName: 002b9cc60508, deviceScreenDensity: 440, deviceScreenSize: 1080x2400, deviceUDID: 002b9cc60508, fullReset: false, javascriptEnabled: true, locationContextEnabled: false, networkConnectionEnabled: true, newCommandTimeout: 1800, noReset: true, pixelRatio: 2.75, platform: ANDROID, platformName: Android, platformVersion: 11, statBarHeight: 103, systemPort: 52876, takesScreenshot: true, udid: 002b9cc60508, viewportRect: {height: 2064, left: 0, top: 103, width: 1080}, warnings: {}, webStorageEnabled: false}
Session ID: 07e0a906-f567-4646-abfd-84c6cc800d18
	at org.openqa.selenium.remote.http.W3CHttpResponseCodec.createException(W3CHttpResponseCodec.java:187)
	at org.openqa.selenium.remote.http.W3CHttpResponseCodec.decode(W3CHttpResponseCodec.java:122)
	at org.openqa.selenium.remote.http.W3CHttpResponseCodec.decode(W3CHttpResponseCodec.java:49)
	at org.openqa.selenium.remote.HttpCommandExecutor.execute(HttpCommandExecutor.java:158)
	at io.appium.java_client.remote.AppiumCommandExecutor.execute(AppiumCommandExecutor.java:239)
	at org.openqa.selenium.remote.RemoteWebDriver.execute(RemoteWebDriver.java:552)
	at io.appium.java_client.DefaultGenericMobileDriver.execute(DefaultGenericMobileDriver.java:46)
	at io.appium.java_client.AppiumDriver.execute(AppiumDriver.java:1)
	at io.appium.java_client.android.AndroidDriver.execute(AndroidDriver.java:1)
	at com.kms.katalon.core.appium.driver.SwipeableAndroidDriver.execute(SwipeableAndroidDriver.java:1)
	at org.openqa.selenium.remote.RemoteWebDriver$RemoteWebDriverOptions$RemoteWindow.getSize(RemoteWebDriver.java:813)
	at org.openqa.selenium.WebDriver$Window$getSize.call(Unknown Source)
	at com.kms.katalon.core.mobile.keyword.internal.MobileAbstractKeyword.findElement(MobileAbstractKeyword.groovy:81)
	at com.kms.katalon.core.mobile.keyword.builtin.TapKeyword.access$1(TapKeyword.groovy)
	at com.kms.katalon.core.mobile.keyword.builtin.TapKeyword$_tap_closure1.doCall(TapKeyword.groovy:76)
	at com.kms.katalon.core.mobile.keyword.builtin.TapKeyword$_tap_closure1.call(TapKeyword.groovy)
	at com.kms.katalon.core.mobile.keyword.internal.MobileKeywordMain.runKeyword(MobileKeywordMain.groovy:21)
	at com.kms.katalon.core.mobile.keyword.builtin.TapKeyword.tap(TapKeyword.groovy:84)
	at com.kms.katalon.core.mobile.keyword.builtin.TapKeyword.execute(TapKeyword.groovy:68)
	at com.kms.katalon.core.keyword.internal.KeywordExecutor.executeKeywordForPlatform(KeywordExecutor.groovy:74)
	at com.kms.katalon.core.mobile.keyword.MobileBuiltInKeywords.tap(MobileBuiltInKeywords.groovy:1490)
	at com.kms.katalon.core.mobile.keyword.MobileBuiltInKeywords$tap$4.call(Unknown Source)
	at duitNow_mobileNumberFavTransaction.run(duitNow_mobileNumberFavTransaction:239)
	at com.kms.katalon.core.main.ScriptEngine.run(ScriptEngine.java:194)
	at com.kms.katalon.core.main.ScriptEngine.runScriptAsRawText(ScriptEngine.java:119)
	at com.kms.katalon.core.main.TestCaseExecutor.runScript(TestCaseExecutor.java:445)
	at com.kms.katalon.core.main.TestCaseExecutor.doExecute(TestCaseExecutor.java:436)
	at com.kms.katalon.core.main.TestCaseExecutor.processExecutionPhase(TestCaseExecutor.java:415)
	at com.kms.katalon.core.main.TestCaseExecutor.accessMainPhase(TestCaseExecutor.java:407)
	at com.kms.katalon.core.main.TestCaseExecutor.execute(TestCaseExecutor.java:284)
	at com.kms.katalon.core.common.CommonExecutor.accessTestCaseMainPhase(CommonExecutor.java:65)
	at com.kms.katalon.core.main.TestSuiteExecutor.accessTestSuiteMainPhase(TestSuiteExecutor.java:144)
	at com.kms.katalon.core.main.TestSuiteExecutor.execute(TestSuiteExecutor.java:106)
	at com.kms.katalon.core.main.TestCaseMain.startTestSuite(TestCaseMain.java:185)
	at com.kms.katalon.core.main.TestCaseMain$startTestSuite$0.call(Unknown Source)
	at TempTestSuite1655885093224.run(TempTestSuite1655885093224.groovy:36)
)

2022-06-22 16:49:33 - [MESSAGE][WARNING] - Timeout '0' is invalid. Using default page load timeout: '40'

2022-06-22 16:49:33 - [MESSAGE][FAILED] - Failed to tap on element 'Object Repository/Duit Now/duitNowConfirmationPaymentDetailsGreyWordTxt' (Root cause: org.openqa.selenium.WebDriverException: An unknown server-side error occurred while processing the command. Original error: 'GET /window/current/size' cannot be proxied to UiAutomator2 server because the instrumentation process is not running (probably crashed). Check the server log and/or the logcat output for more details
Build info: version: '3.141.59', revision: 'e82be7d358', time: '2018-11-14T08:25:53'
System info: host: '00139272s-MacBook-Pro.local', ip: '2001:e68:6167:d901:5dd8:2a3:885f:7e34%en0', os.name: 'Mac OS X', os.arch: 'x86_64', os.version: '10.16', java.version: '1.8.0_275'
Driver info: com.kms.katalon.core.appium.driver.SwipeableAndroidDriver
Capabilities {app: /Users/a00139272/Katalon St..., appActivity: com.maybank2u.life.MainActi..., appPackage: com.maybank2u.life.sit, appWaitActivity: *, autoGrantPermissions: true, automationName: uiautomator2, chromedriverPort: 52878, databaseEnabled: false, desired: {app: /Users/a00139272/Katalon St..., appActivity: com.maybank2u.life.MainActi..., appPackage: com.maybank2u.life.sit, appWaitActivity: *, autoGrantPermissions: true, automationName: uiautomator2, chromedriverPort: 52878, deviceId: 002b9cc60508, deviceName: Xiaomi 21061119AG (Android 11), fullReset: false, newCommandTimeout: 1800, noReset: true, platform: ANDROID, platformName: android, platformVersion: 11, systemPort: 52876, udid: 002b9cc60508}, deviceApiLevel: 30, deviceId: 002b9cc60508, deviceManufacturer: Xiaomi, deviceModel: 21061119AG, deviceName: 002b9cc60508, deviceScreenDensity: 440, deviceScreenSize: 1080x2400, deviceUDID: 002b9cc60508, fullReset: false, javascriptEnabled: true, locationContextEnabled: false, networkConnectionEnabled: true, newCommandTimeout: 1800, noReset: true, pixelRatio: 2.75, platform: ANDROID, platformName: Android, platformVersion: 11, statBarHeight: 103, systemPort: 52876, takesScreenshot: true, udid: 002b9cc60508, viewportRect: {height: 2064, left: 0, top: 103, width: 1080}, warnings: {}, webStorageEnabled: false}
Session ID: 07e0a906-f567-4646-abfd-84c6cc800d18
	at org.openqa.selenium.remote.http.W3CHttpResponseCodec.createException(W3CHttpResponseCodec.java:187)
	at org.openqa.selenium.remote.http.W3CHttpResponseCodec.decode(W3CHttpResponseCodec.java:122)
	at org.openqa.selenium.remote.http.W3CHttpResponseCodec.decode(W3CHttpResponseCodec.java:49)
	at org.openqa.selenium.remote.HttpCommandExecutor.execute(HttpCommandExecutor.java:158)
	at io.appium.java_client.remote.AppiumCommandExecutor.execute(AppiumCommandExecutor.java:239)
	at org.openqa.selenium.remote.RemoteWebDriver.execute(RemoteWebDriver.java:552)
	at io.appium.java_client.DefaultGenericMobileDriver.execute(DefaultGenericMobileDriver.java:46)
	at io.appium.java_client.AppiumDriver.execute(AppiumDriver.java:1)
	at io.appium.java_client.android.AndroidDriver.execute(AndroidDriver.java:1)
	at com.kms.katalon.core.appium.driver.SwipeableAndroidDriver.execute(SwipeableAndroidDriver.java:1)
	at org.openqa.selenium.remote.RemoteWebDriver$RemoteWebDriverOptions$RemoteWindow.getSize(RemoteWebDriver.java:813)
	at org.openqa.selenium.WebDriver$Window$getSize.call(Unknown Source)
	at com.kms.katalon.core.mobile.keyword.internal.MobileAbstractKeyword.findElement(MobileAbstractKeyword.groovy:81)
	at com.kms.katalon.core.mobile.keyword.builtin.TapKeyword.access$1(TapKeyword.groovy)
	at com.kms.katalon.core.mobile.keyword.builtin.TapKeyword$_tap_closure1.doCall(TapKeyword.groovy:76)
	at com.kms.katalon.core.mobile.keyword.builtin.TapKeyword$_tap_closure1.call(TapKeyword.groovy)
	at com.kms.katalon.core.mobile.keyword.internal.MobileKeywordMain.runKeyword(MobileKeywordMain.groovy:21)
	at com.kms.katalon.core.mobile.keyword.builtin.TapKeyword.tap(TapKeyword.groovy:84)
	at com.kms.katalon.core.mobile.keyword.builtin.TapKeyword.execute(TapKeyword.groovy:68)
	at com.kms.katalon.core.keyword.internal.KeywordExecutor.executeKeywordForPlatform(KeywordExecutor.groovy:74)
	at com.kms.katalon.core.mobile.keyword.MobileBuiltInKeywords.tap(MobileBuiltInKeywords.groovy:1490)
	at com.kms.katalon.core.mobile.keyword.MobileBuiltInKeywords$tap$4.call(Unknown Source)
	at duitNow_mobileNumberFavTransaction.run(duitNow_mobileNumberFavTransaction:239)
	at com.kms.katalon.core.main.ScriptEngine.run(ScriptEngine.java:194)
	at com.kms.katalon.core.main.ScriptEngine.runScriptAsRawText(ScriptEngine.java:119)
	at com.kms.katalon.core.main.TestCaseExecutor.runScript(TestCaseExecutor.java:445)
	at com.kms.katalon.core.main.TestCaseExecutor.doExecute(TestCaseExecutor.java:436)
	at com.kms.katalon.core.main.TestCaseExecutor.processExecutionPhase(TestCaseExecutor.java:415)
	at com.kms.katalon.core.main.TestCaseExecutor.accessMainPhase(TestCaseExecutor.java:407)
	at com.kms.katalon.core.main.TestCaseExecutor.execute(TestCaseExecutor.java:284)
	at com.kms.katalon.core.common.CommonExecutor.accessTestCaseMainPhase(CommonExecutor.java:65)
	at com.kms.katalon.core.main.TestSuiteExecutor.accessTestSuiteMainPhase(TestSuiteExecutor.java:144)
	at com.kms.katalon.core.main.TestSuiteExecutor.execute(TestSuiteExecutor.java:106)
	at com.kms.katalon.core.main.TestCaseMain.startTestSuite(TestCaseMain.java:185)
	at com.kms.katalon.core.main.TestCaseMain$startTestSuite$0.call(Unknown Source)
	at TempTestSuite1655885093224.run(TempTestSuite1655885093224.groovy:36)
)

2022-06-22 16:49:33 - [TEST_STEP][FAILED] - setText(findTestObject("Duit Now/duitNowConfirmationPaymentDetailsGreyWordTxt"), details, 0): Failed to set text into element (Root cause: org.openqa.selenium.WebDriverException: An unknown server-side error occurred while processing the command. Original error: 'GET /window/current/size' cannot be proxied to UiAutomator2 server because the instrumentation process is not running (probably crashed). Check the server log and/or the logcat output for more details
Build info: version: '3.141.59', revision: 'e82be7d358', time: '2018-11-14T08:25:53'
System info: host: '00139272s-MacBook-Pro.local', ip: '2001:e68:6167:d901:5dd8:2a3:885f:7e34%en0', os.name: 'Mac OS X', os.arch: 'x86_64', os.version: '10.16', java.version: '1.8.0_275'
Driver info: com.kms.katalon.core.appium.driver.SwipeableAndroidDriver
Capabilities {app: /Users/a00139272/Katalon St..., appActivity: com.maybank2u.life.MainActi..., appPackage: com.maybank2u.life.sit, appWaitActivity: *, autoGrantPermissions: true, automationName: uiautomator2, chromedriverPort: 52878, databaseEnabled: false, desired: {app: /Users/a00139272/Katalon St..., appActivity: com.maybank2u.life.MainActi..., appPackage: com.maybank2u.life.sit, appWaitActivity: *, autoGrantPermissions: true, automationName: uiautomator2, chromedriverPort: 52878, deviceId: 002b9cc60508, deviceName: Xiaomi 21061119AG (Android 11), fullReset: false, newCommandTimeout: 1800, noReset: true, platform: ANDROID, platformName: android, platformVersion: 11, systemPort: 52876, udid: 002b9cc60508}, deviceApiLevel: 30, deviceId: 002b9cc60508, deviceManufacturer: Xiaomi, deviceModel: 21061119AG, deviceName: 002b9cc60508, deviceScreenDensity: 440, deviceScreenSize: 1080x2400, deviceUDID: 002b9cc60508, fullReset: false, javascriptEnabled: true, locationContextEnabled: false, networkConnectionEnabled: true, newCommandTimeout: 1800, noReset: true, pixelRatio: 2.75, platform: ANDROID, platformName: Android, platformVersion: 11, statBarHeight: 103, systemPort: 52876, takesScreenshot: true, udid: 002b9cc60508, viewportRect: {height: 2064, left: 0, top: 103, width: 1080}, warnings: {}, webStorageEnabled: false}
Session ID: 07e0a906-f567-4646-abfd-84c6cc800d18
	at org.openqa.selenium.remote.http.W3CHttpResponseCodec.createException(W3CHttpResponseCodec.java:187)
	at org.openqa.selenium.remote.http.W3CHttpResponseCodec.decode(W3CHttpResponseCodec.java:122)
	at org.openqa.selenium.remote.http.W3CHttpResponseCodec.decode(W3CHttpResponseCodec.java:49)
	at org.openqa.selenium.remote.HttpCommandExecutor.execute(HttpCommandExecutor.java:158)
	at io.appium.java_client.remote.AppiumCommandExecutor.execute(AppiumCommandExecutor.java:239)
	at org.openqa.selenium.remote.RemoteWebDriver.execute(RemoteWebDriver.java:552)
	at io.appium.java_client.DefaultGenericMobileDriver.execute(DefaultGenericMobileDriver.java:46)
	at io.appium.java_client.AppiumDriver.execute(AppiumDriver.java:1)
	at io.appium.java_client.android.AndroidDriver.execute(AndroidDriver.java:1)
	at com.kms.katalon.core.appium.driver.SwipeableAndroidDriver.execute(SwipeableAndroidDriver.java:1)
	at org.openqa.selenium.remote.RemoteWebDriver$RemoteWebDriverOptions$RemoteWindow.getSize(RemoteWebDriver.java:813)
	at org.openqa.selenium.WebDriver$Window$getSize.call(Unknown Source)
	at com.kms.katalon.core.mobile.keyword.internal.MobileAbstractKeyword.findElement(MobileAbstractKeyword.groovy:81)
	at com.kms.katalon.core.mobile.keyword.builtin.SetTextKeyword.access$1(SetTextKeyword.groovy)
	at com.kms.katalon.core.mobile.keyword.builtin.SetTextKeyword$_setText_closure1.doCall(SetTextKeyword.groovy:74)
	at com.kms.katalon.core.mobile.keyword.builtin.SetTextKeyword$_setText_closure1.call(SetTextKeyword.groovy)
	at com.kms.katalon.core.mobile.keyword.internal.MobileKeywordMain.runKeyword(MobileKeywordMain.groovy:21)
	at com.kms.katalon.core.mobile.keyword.builtin.SetTextKeyword.setText(SetTextKeyword.groovy:83)
	at com.kms.katalon.core.mobile.keyword.builtin.SetTextKeyword.execute(SetTextKeyword.groovy:66)
	at com.kms.katalon.core.keyword.internal.KeywordExecutor.executeKeywordForPlatform(KeywordExecutor.groovy:74)
	at com.kms.katalon.core.mobile.keyword.MobileBuiltInKeywords.setText(MobileBuiltInKeywords.groovy:1307)
	at com.kms.katalon.core.mobile.keyword.MobileBuiltInKeywords$setText$6.call(Unknown Source)
	at duitNow_mobileNumberFavTransaction.run(duitNow_mobileNumberFavTransaction:241)
	at com.kms.katalon.core.main.ScriptEngine.run(ScriptEngine.java:194)
	at com.kms.katalon.core.main.ScriptEngine.runScriptAsRawText(ScriptEngine.java:119)
	at com.kms.katalon.core.main.TestCaseExecutor.runScript(TestCaseExecutor.java:445)
	at com.kms.katalon.core.main.TestCaseExecutor.doExecute(TestCaseExecutor.java:436)
	at com.kms.katalon.core.main.TestCaseExecutor.processExecutionPhase(TestCaseExecutor.java:415)
	at com.kms.katalon.core.main.TestCaseExecutor.accessMainPhase(TestCaseExecutor.java:407)
	at com.kms.katalon.core.main.TestCaseExecutor.execute(TestCaseExecutor.java:284)
	at com.kms.katalon.core.common.CommonExecutor.accessTestCaseMainPhase(CommonExecutor.java:65)
	at com.kms.katalon.core.main.TestSuiteExecutor.accessTestSuiteMainPhase(TestSuiteExecutor.java:144)
	at com.kms.katalon.core.main.TestSuiteExecutor.execute(TestSuiteExecutor.java:106)
	at com.kms.katalon.core.main.TestCaseMain.startTestSuite(TestCaseMain.java:185)
	at com.kms.katalon.core.main.TestCaseMain$startTestSuite$0.call(Unknown Source)
	at TempTestSuite1655885093224.run(TempTestSuite1655885093224.groovy:36)
)

2022-06-22 16:49:33 - [MESSAGE][WARNING] - Timeout '0' is invalid. Using default page load timeout: '40'

2022-06-22 16:49:33 - [MESSAGE][FAILED] - Failed to set text into element (Root cause: org.openqa.selenium.WebDriverException: An unknown server-side error occurred while processing the command. Original error: 'GET /window/current/size' cannot be proxied to UiAutomator2 server because the instrumentation process is not running (probably crashed). Check the server log and/or the logcat output for more details
Build info: version: '3.141.59', revision: 'e82be7d358', time: '2018-11-14T08:25:53'
System info: host: '00139272s-MacBook-Pro.local', ip: '2001:e68:6167:d901:5dd8:2a3:885f:7e34%en0', os.name: 'Mac OS X', os.arch: 'x86_64', os.version: '10.16', java.version: '1.8.0_275'
Driver info: com.kms.katalon.core.appium.driver.SwipeableAndroidDriver
Capabilities {app: /Users/a00139272/Katalon St..., appActivity: com.maybank2u.life.MainActi..., appPackage: com.maybank2u.life.sit, appWaitActivity: *, autoGrantPermissions: true, automationName: uiautomator2, chromedriverPort: 52878, databaseEnabled: false, desired: {app: /Users/a00139272/Katalon St..., appActivity: com.maybank2u.life.MainActi..., appPackage: com.maybank2u.life.sit, appWaitActivity: *, autoGrantPermissions: true, automationName: uiautomator2, chromedriverPort: 52878, deviceId: 002b9cc60508, deviceName: Xiaomi 21061119AG (Android 11), fullReset: false, newCommandTimeout: 1800, noReset: true, platform: ANDROID, platformName: android, platformVersion: 11, systemPort: 52876, udid: 002b9cc60508}, deviceApiLevel: 30, deviceId: 002b9cc60508, deviceManufacturer: Xiaomi, deviceModel: 21061119AG, deviceName: 002b9cc60508, deviceScreenDensity: 440, deviceScreenSize: 1080x2400, deviceUDID: 002b9cc60508, fullReset: false, javascriptEnabled: true, locationContextEnabled: false, networkConnectionEnabled: true, newCommandTimeout: 1800, noReset: true, pixelRatio: 2.75, platform: ANDROID, platformName: Android, platformVersion: 11, statBarHeight: 103, systemPort: 52876, takesScreenshot: true, udid: 002b9cc60508, viewportRect: {height: 2064, left: 0, top: 103, width: 1080}, warnings: {}, webStorageEnabled: false}
Session ID: 07e0a906-f567-4646-abfd-84c6cc800d18
	at org.openqa.selenium.remote.http.W3CHttpResponseCodec.createException(W3CHttpResponseCodec.java:187)
	at org.openqa.selenium.remote.http.W3CHttpResponseCodec.decode(W3CHttpResponseCodec.java:122)
	at org.openqa.selenium.remote.http.W3CHttpResponseCodec.decode(W3CHttpResponseCodec.java:49)
	at org.openqa.selenium.remote.HttpCommandExecutor.execute(HttpCommandExecutor.java:158)
	at io.appium.java_client.remote.AppiumCommandExecutor.execute(AppiumCommandExecutor.java:239)
	at org.openqa.selenium.remote.RemoteWebDriver.execute(RemoteWebDriver.java:552)
	at io.appium.java_client.DefaultGenericMobileDriver.execute(DefaultGenericMobileDriver.java:46)
	at io.appium.java_client.AppiumDriver.execute(AppiumDriver.java:1)
	at io.appium.java_client.android.AndroidDriver.execute(AndroidDriver.java:1)
	at com.kms.katalon.core.appium.driver.SwipeableAndroidDriver.execute(SwipeableAndroidDriver.java:1)
	at org.openqa.selenium.remote.RemoteWebDriver$RemoteWebDriverOptions$RemoteWindow.getSize(RemoteWebDriver.java:813)
	at org.openqa.selenium.WebDriver$Window$getSize.call(Unknown Source)
	at com.kms.katalon.core.mobile.keyword.internal.MobileAbstractKeyword.findElement(MobileAbstractKeyword.groovy:81)
	at com.kms.katalon.core.mobile.keyword.builtin.SetTextKeyword.access$1(SetTextKeyword.groovy)
	at com.kms.katalon.core.mobile.keyword.builtin.SetTextKeyword$_setText_closure1.doCall(SetTextKeyword.groovy:74)
	at com.kms.katalon.core.mobile.keyword.builtin.SetTextKeyword$_setText_closure1.call(SetTextKeyword.groovy)
	at com.kms.katalon.core.mobile.keyword.internal.MobileKeywordMain.runKeyword(MobileKeywordMain.groovy:21)
	at com.kms.katalon.core.mobile.keyword.builtin.SetTextKeyword.setText(SetTextKeyword.groovy:83)
	at com.kms.katalon.core.mobile.keyword.builtin.SetTextKeyword.execute(SetTextKeyword.groovy:66)
	at com.kms.katalon.core.keyword.internal.KeywordExecutor.executeKeywordForPlatform(KeywordExecutor.groovy:74)
	at com.kms.katalon.core.mobile.keyword.MobileBuiltInKeywords.setText(MobileBuiltInKeywords.groovy:1307)
	at com.kms.katalon.core.mobile.keyword.MobileBuiltInKeywords$setText$6.call(Unknown Source)
	at duitNow_mobileNumberFavTransaction.run(duitNow_mobileNumberFavTransaction:241)
	at com.kms.katalon.core.main.ScriptEngine.run(ScriptEngine.java:194)
	at com.kms.katalon.core.main.ScriptEngine.runScriptAsRawText(ScriptEngine.java:119)
	at com.kms.katalon.core.main.TestCaseExecutor.runScript(TestCaseExecutor.java:445)
	at com.kms.katalon.core.main.TestCaseExecutor.doExecute(TestCaseExecutor.java:436)
	at com.kms.katalon.core.main.TestCaseExecutor.processExecutionPhase(TestCaseExecutor.java:415)
	at com.kms.katalon.core.main.TestCaseExecutor.accessMainPhase(TestCaseExecutor.java:407)
	at com.kms.katalon.core.main.TestCaseExecutor.execute(TestCaseExecutor.java:284)
	at com.kms.katalon.core.common.CommonExecutor.accessTestCaseMainPhase(CommonExecutor.java:65)
	at com.kms.katalon.core.main.TestSuiteExecutor.accessTestSuiteMainPhase(TestSuiteExecutor.java:144)
	at com.kms.katalon.core.main.TestSuiteExecutor.execute(TestSuiteExecutor.java:106)
	at com.kms.katalon.core.main.TestCaseMain.startTestSuite(TestCaseMain.java:185)
	at com.kms.katalon.core.main.TestCaseMain$startTestSuite$0.call(Unknown Source)
	at TempTestSuite1655885093224.run(TempTestSuite1655885093224.groovy:36)
)

2022-06-22 16:49:33 - [TEST_STEP][PASSED] - hideKeyboard(): Keyboard is hidden

2022-06-22 16:49:33 - [MESSAGE][PASSED] - Keyboard is hidden

2022-06-22 16:49:33 - [TEST_STEP][FAILED] - verifyElementText(findTestObject("Duit Now/duitNowConfirmationPaymentDetailsInputtedTxt", ["details":details]), details): Verify element text of test object 'Object Repository/Duit Now/duitNowConfirmationPaymentDetailsInputtedTxt' FAILED. (Root cause: org.openqa.selenium.WebDriverException: An unknown server-side error occurred while processing the command. Original error: 'GET /window/current/size' cannot be proxied to UiAutomator2 server because the instrumentation process is not running (probably crashed). Check the server log and/or the logcat output for more details
Build info: version: '3.141.59', revision: 'e82be7d358', time: '2018-11-14T08:25:53'
System info: host: '00139272s-MacBook-Pro.local', ip: '2001:e68:6167:d901:5dd8:2a3:885f:7e34%en0', os.name: 'Mac OS X', os.arch: 'x86_64', os.version: '10.16', java.version: '1.8.0_275'
Driver info: com.kms.katalon.core.appium.driver.SwipeableAndroidDriver
Capabilities {app: /Users/a00139272/Katalon St..., appActivity: com.maybank2u.life.MainActi..., appPackage: com.maybank2u.life.sit, appWaitActivity: *, autoGrantPermissions: true, automationName: uiautomator2, chromedriverPort: 52878, databaseEnabled: false, desired: {app: /Users/a00139272/Katalon St..., appActivity: com.maybank2u.life.MainActi..., appPackage: com.maybank2u.life.sit, appWaitActivity: *, autoGrantPermissions: true, automationName: uiautomator2, chromedriverPort: 52878, deviceId: 002b9cc60508, deviceName: Xiaomi 21061119AG (Android 11), fullReset: false, newCommandTimeout: 1800, noReset: true, platform: ANDROID, platformName: android, platformVersion: 11, systemPort: 52876, udid: 002b9cc60508}, deviceApiLevel: 30, deviceId: 002b9cc60508, deviceManufacturer: Xiaomi, deviceModel: 21061119AG, deviceName: 002b9cc60508, deviceScreenDensity: 440, deviceScreenSize: 1080x2400, deviceUDID: 002b9cc60508, fullReset: false, javascriptEnabled: true, locationContextEnabled: false, networkConnectionEnabled: true, newCommandTimeout: 1800, noReset: true, pixelRatio: 2.75, platform: ANDROID, platformName: Android, platformVersion: 11, statBarHeight: 103, systemPort: 52876, takesScreenshot: true, udid: 002b9cc60508, viewportRect: {height: 2064, left: 0, top: 103, width: 1080}, warnings: {}, webStorageEnabled: false}
Session ID: 07e0a906-f567-4646-abfd-84c6cc800d18
	at org.openqa.selenium.remote.http.W3CHttpResponseCodec.createException(W3CHttpResponseCodec.java:187)
	at org.openqa.selenium.remote.http.W3CHttpResponseCodec.decode(W3CHttpResponseCodec.java:122)
	at org.openqa.selenium.remote.http.W3CHttpResponseCodec.decode(W3CHttpResponseCodec.java:49)
	at org.openqa.selenium.remote.HttpCommandExecutor.execute(HttpCommandExecutor.java:158)
	at io.appium.java_client.remote.AppiumCommandExecutor.execute(AppiumCommandExecutor.java:239)
	at org.openqa.selenium.remote.RemoteWebDriver.execute(RemoteWebDriver.java:552)
	at io.appium.java_client.DefaultGenericMobileDriver.execute(DefaultGenericMobileDriver.java:46)
	at io.appium.java_client.AppiumDriver.execute(AppiumDriver.java:1)
	at io.appium.java_client.android.AndroidDriver.execute(AndroidDriver.java:1)
	at com.kms.katalon.core.appium.driver.SwipeableAndroidDriver.execute(SwipeableAndroidDriver.java:1)
	at org.openqa.selenium.remote.RemoteWebDriver$RemoteWebDriverOptions$RemoteWindow.getSize(RemoteWebDriver.java:813)
	at org.openqa.selenium.WebDriver$Window$getSize.call(Unknown Source)
	at com.kms.katalon.core.mobile.keyword.internal.MobileAbstractKeyword.findElement(MobileAbstractKeyword.groovy:81)
	at com.kms.katalon.core.mobile.keyword.builtin.VerifyElementTextKeyword.access$1(VerifyElementTextKeyword.groovy)
	at com.kms.katalon.core.mobile.keyword.builtin.VerifyElementTextKeyword$_verifyElementText_closure1.doCall(VerifyElementTextKeyword.groovy:47)
	at com.kms.katalon.core.mobile.keyword.builtin.VerifyElementTextKeyword$_verifyElementText_closure1.call(VerifyElementTextKeyword.groovy)
	at com.kms.katalon.core.mobile.keyword.internal.MobileKeywordMain.runKeyword(MobileKeywordMain.groovy:21)
	at com.kms.katalon.core.mobile.keyword.builtin.VerifyElementTextKeyword.verifyElementText(VerifyElementTextKeyword.groovy:62)
	at com.kms.katalon.core.mobile.keyword.builtin.VerifyElementTextKeyword.execute(VerifyElementTextKeyword.groovy:39)
	at com.kms.katalon.core.keyword.internal.KeywordExecutor.executeKeywordForPlatform(KeywordExecutor.groovy:74)
	at com.kms.katalon.core.mobile.keyword.MobileBuiltInKeywords.verifyElementText(MobileBuiltInKeywords.groovy:2901)
	at com.kms.katalon.core.mobile.keyword.MobileBuiltInKeywords$verifyElementText$9.call(Unknown Source)
	at duitNow_mobileNumberFavTransaction.run(duitNow_mobileNumberFavTransaction:245)
	at com.kms.katalon.core.main.ScriptEngine.run(ScriptEngine.java:194)
	at com.kms.katalon.core.main.ScriptEngine.runScriptAsRawText(ScriptEngine.java:119)
	at com.kms.katalon.core.main.TestCaseExecutor.runScript(TestCaseExecutor.java:445)
	at com.kms.katalon.core.main.TestCaseExecutor.doExecute(TestCaseExecutor.java:436)
	at com.kms.katalon.core.main.TestCaseExecutor.processExecutionPhase(TestCaseExecutor.java:415)
	at com.kms.katalon.core.main.TestCaseExecutor.accessMainPhase(TestCaseExecutor.java:407)
	at com.kms.katalon.core.main.TestCaseExecutor.execute(TestCaseExecutor.java:284)
	at com.kms.katalon.core.common.CommonExecutor.accessTestCaseMainPhase(CommonExecutor.java:65)
	at com.kms.katalon.core.main.TestSuiteExecutor.accessTestSuiteMainPhase(TestSuiteExecutor.java:144)
	at com.kms.katalon.core.main.TestSuiteExecutor.execute(TestSuiteExecutor.java:106)
	at com.kms.katalon.core.main.TestCaseMain.startTestSuite(TestCaseMain.java:185)
	at com.kms.katalon.core.main.TestCaseMain$startTestSuite$0.call(Unknown Source)
	at TempTestSuite1655885093224.run(TempTestSuite1655885093224.groovy:36)
)

2022-06-22 16:49:33 - [MESSAGE][FAILED] - Verify element text of test object 'Object Repository/Duit Now/duitNowConfirmationPaymentDetailsInputtedTxt' FAILED. (Root cause: org.openqa.selenium.WebDriverException: An unknown server-side error occurred while processing the command. Original error: 'GET /window/current/size' cannot be proxied to UiAutomator2 server because the instrumentation process is not running (probably crashed). Check the server log and/or the logcat output for more details
Build info: version: '3.141.59', revision: 'e82be7d358', time: '2018-11-14T08:25:53'
System info: host: '00139272s-MacBook-Pro.local', ip: '2001:e68:6167:d901:5dd8:2a3:885f:7e34%en0', os.name: 'Mac OS X', os.arch: 'x86_64', os.version: '10.16', java.version: '1.8.0_275'
Driver info: com.kms.katalon.core.appium.driver.SwipeableAndroidDriver
Capabilities {app: /Users/a00139272/Katalon St..., appActivity: com.maybank2u.life.MainActi..., appPackage: com.maybank2u.life.sit, appWaitActivity: *, autoGrantPermissions: true, automationName: uiautomator2, chromedriverPort: 52878, databaseEnabled: false, desired: {app: /Users/a00139272/Katalon St..., appActivity: com.maybank2u.life.MainActi..., appPackage: com.maybank2u.life.sit, appWaitActivity: *, autoGrantPermissions: true, automationName: uiautomator2, chromedriverPort: 52878, deviceId: 002b9cc60508, deviceName: Xiaomi 21061119AG (Android 11), fullReset: false, newCommandTimeout: 1800, noReset: true, platform: ANDROID, platformName: android, platformVersion: 11, systemPort: 52876, udid: 002b9cc60508}, deviceApiLevel: 30, deviceId: 002b9cc60508, deviceManufacturer: Xiaomi, deviceModel: 21061119AG, deviceName: 002b9cc60508, deviceScreenDensity: 440, deviceScreenSize: 1080x2400, deviceUDID: 002b9cc60508, fullReset: false, javascriptEnabled: true, locationContextEnabled: false, networkConnectionEnabled: true, newCommandTimeout: 1800, noReset: true, pixelRatio: 2.75, platform: ANDROID, platformName: Android, platformVersion: 11, statBarHeight: 103, systemPort: 52876, takesScreenshot: true, udid: 002b9cc60508, viewportRect: {height: 2064, left: 0, top: 103, width: 1080}, warnings: {}, webStorageEnabled: false}
Session ID: 07e0a906-f567-4646-abfd-84c6cc800d18
	at org.openqa.selenium.remote.http.W3CHttpResponseCodec.createException(W3CHttpResponseCodec.java:187)
	at org.openqa.selenium.remote.http.W3CHttpResponseCodec.decode(W3CHttpResponseCodec.java:122)
	at org.openqa.selenium.remote.http.W3CHttpResponseCodec.decode(W3CHttpResponseCodec.java:49)
	at org.openqa.selenium.remote.HttpCommandExecutor.execute(HttpCommandExecutor.java:158)
	at io.appium.java_client.remote.AppiumCommandExecutor.execute(AppiumCommandExecutor.java:239)
	at org.openqa.selenium.remote.RemoteWebDriver.execute(RemoteWebDriver.java:552)
	at io.appium.java_client.DefaultGenericMobileDriver.execute(DefaultGenericMobileDriver.java:46)
	at io.appium.java_client.AppiumDriver.execute(AppiumDriver.java:1)
	at io.appium.java_client.android.AndroidDriver.execute(AndroidDriver.java:1)
	at com.kms.katalon.core.appium.driver.SwipeableAndroidDriver.execute(SwipeableAndroidDriver.java:1)
	at org.openqa.selenium.remote.RemoteWebDriver$RemoteWebDriverOptions$RemoteWindow.getSize(RemoteWebDriver.java:813)
	at org.openqa.selenium.WebDriver$Window$getSize.call(Unknown Source)
	at com.kms.katalon.core.mobile.keyword.internal.MobileAbstractKeyword.findElement(MobileAbstractKeyword.groovy:81)
	at com.kms.katalon.core.mobile.keyword.builtin.VerifyElementTextKeyword.access$1(VerifyElementTextKeyword.groovy)
	at com.kms.katalon.core.mobile.keyword.builtin.VerifyElementTextKeyword$_verifyElementText_closure1.doCall(VerifyElementTextKeyword.groovy:47)
	at com.kms.katalon.core.mobile.keyword.builtin.VerifyElementTextKeyword$_verifyElementText_closure1.call(VerifyElementTextKeyword.groovy)
	at com.kms.katalon.core.mobile.keyword.internal.MobileKeywordMain.runKeyword(MobileKeywordMain.groovy:21)
	at com.kms.katalon.core.mobile.keyword.builtin.VerifyElementTextKeyword.verifyElementText(VerifyElementTextKeyword.groovy:62)
	at com.kms.katalon.core.mobile.keyword.builtin.VerifyElementTextKeyword.execute(VerifyElementTextKeyword.groovy:39)
	at com.kms.katalon.core.keyword.internal.KeywordExecutor.executeKeywordForPlatform(KeywordExecutor.groovy:74)
	at com.kms.katalon.core.mobile.keyword.MobileBuiltInKeywords.verifyElementText(MobileBuiltInKeywords.groovy:2901)
	at com.kms.katalon.core.mobile.keyword.MobileBuiltInKeywords$verifyElementText$9.call(Unknown Source)
	at duitNow_mobileNumberFavTransaction.run(duitNow_mobileNumberFavTransaction:245)
	at com.kms.katalon.core.main.ScriptEngine.run(ScriptEngine.java:194)
	at com.kms.katalon.core.main.ScriptEngine.runScriptAsRawText(ScriptEngine.java:119)
	at com.kms.katalon.core.main.TestCaseExecutor.runScript(TestCaseExecutor.java:445)
	at com.kms.katalon.core.main.TestCaseExecutor.doExecute(TestCaseExecutor.java:436)
	at com.kms.katalon.core.main.TestCaseExecutor.processExecutionPhase(TestCaseExecutor.java:415)
	at com.kms.katalon.core.main.TestCaseExecutor.accessMainPhase(TestCaseExecutor.java:407)
	at com.kms.katalon.core.main.TestCaseExecutor.execute(TestCaseExecutor.java:284)
	at com.kms.katalon.core.common.CommonExecutor.accessTestCaseMainPhase(CommonExecutor.java:65)
	at com.kms.katalon.core.main.TestSuiteExecutor.accessTestSuiteMainPhase(TestSuiteExecutor.java:144)
	at com.kms.katalon.core.main.TestSuiteExecutor.execute(TestSuiteExecutor.java:106)
	at com.kms.katalon.core.main.TestCaseMain.startTestSuite(TestCaseMain.java:185)
	at com.kms.katalon.core.main.TestCaseMain$startTestSuite$0.call(Unknown Source)
	at TempTestSuite1655885093224.run(TempTestSuite1655885093224.groovy:36)
)

2022-06-22 16:49:33 - [TEST_STEP][FAILED] - device_Height_2 = getDeviceHeight(): Unable to get the physical height value of the device (Root cause: org.openqa.selenium.WebDriverException: An unknown server-side error occurred while processing the command. Original error: 'GET /window/current/size' cannot be proxied to UiAutomator2 server because the instrumentation process is not running (probably crashed). Check the server log and/or the logcat output for more details
Build info: version: '3.141.59', revision: 'e82be7d358', time: '2018-11-14T08:25:53'
System info: host: '00139272s-MacBook-Pro.local', ip: '2001:e68:6167:d901:5dd8:2a3:885f:7e34%en0', os.name: 'Mac OS X', os.arch: 'x86_64', os.version: '10.16', java.version: '1.8.0_275'
Driver info: com.kms.katalon.core.appium.driver.SwipeableAndroidDriver
Capabilities {app: /Users/a00139272/Katalon St..., appActivity: com.maybank2u.life.MainActi..., appPackage: com.maybank2u.life.sit, appWaitActivity: *, autoGrantPermissions: true, automationName: uiautomator2, chromedriverPort: 52878, databaseEnabled: false, desired: {app: /Users/a00139272/Katalon St..., appActivity: com.maybank2u.life.MainActi..., appPackage: com.maybank2u.life.sit, appWaitActivity: *, autoGrantPermissions: true, automationName: uiautomator2, chromedriverPort: 52878, deviceId: 002b9cc60508, deviceName: Xiaomi 21061119AG (Android 11), fullReset: false, newCommandTimeout: 1800, noReset: true, platform: ANDROID, platformName: android, platformVersion: 11, systemPort: 52876, udid: 002b9cc60508}, deviceApiLevel: 30, deviceId: 002b9cc60508, deviceManufacturer: Xiaomi, deviceModel: 21061119AG, deviceName: 002b9cc60508, deviceScreenDensity: 440, deviceScreenSize: 1080x2400, deviceUDID: 002b9cc60508, fullReset: false, javascriptEnabled: true, locationContextEnabled: false, networkConnectionEnabled: true, newCommandTimeout: 1800, noReset: true, pixelRatio: 2.75, platform: ANDROID, platformName: Android, platformVersion: 11, statBarHeight: 103, systemPort: 52876, takesScreenshot: true, udid: 002b9cc60508, viewportRect: {height: 2064, left: 0, top: 103, width: 1080}, warnings: {}, webStorageEnabled: false}
Session ID: 07e0a906-f567-4646-abfd-84c6cc800d18
	at org.openqa.selenium.remote.http.W3CHttpResponseCodec.createException(W3CHttpResponseCodec.java:187)
	at org.openqa.selenium.remote.http.W3CHttpResponseCodec.decode(W3CHttpResponseCodec.java:122)
	at org.openqa.selenium.remote.http.W3CHttpResponseCodec.decode(W3CHttpResponseCodec.java:49)
	at org.openqa.selenium.remote.HttpCommandExecutor.execute(HttpCommandExecutor.java:158)
	at io.appium.java_client.remote.AppiumCommandExecutor.execute(AppiumCommandExecutor.java:239)
	at org.openqa.selenium.remote.RemoteWebDriver.execute(RemoteWebDriver.java:552)
	at io.appium.java_client.DefaultGenericMobileDriver.execute(DefaultGenericMobileDriver.java:46)
	at io.appium.java_client.AppiumDriver.execute(AppiumDriver.java:1)
	at io.appium.java_client.android.AndroidDriver.execute(AndroidDriver.java:1)
	at com.kms.katalon.core.appium.driver.SwipeableAndroidDriver.execute(SwipeableAndroidDriver.java:1)
	at org.openqa.selenium.remote.RemoteWebDriver$RemoteWebDriverOptions$RemoteWindow.getSize(RemoteWebDriver.java:813)
	at com.kms.katalon.core.mobile.keyword.builtin.GetDeviceHeightKeyword$_getDeviceHeight_closure1.doCall(GetDeviceHeightKeyword.groovy:73)
	at com.kms.katalon.core.mobile.keyword.builtin.GetDeviceHeightKeyword$_getDeviceHeight_closure1.call(GetDeviceHeightKeyword.groovy)
	at com.kms.katalon.core.mobile.keyword.internal.MobileKeywordMain.runKeywordAndReturnInt(MobileKeywordMain.groovy:30)
	at com.kms.katalon.core.mobile.keyword.builtin.GetDeviceHeightKeyword.getDeviceHeight(GetDeviceHeightKeyword.groovy:68)
	at com.kms.katalon.core.mobile.keyword.builtin.GetDeviceHeightKeyword.execute(GetDeviceHeightKeyword.groovy:63)
	at com.kms.katalon.core.keyword.internal.KeywordExecutor.executeKeywordForPlatform(KeywordExecutor.groovy:74)
	at com.kms.katalon.core.mobile.keyword.MobileBuiltInKeywords.getDeviceHeight(MobileBuiltInKeywords.groovy:2110)
	at com.kms.katalon.core.mobile.keyword.MobileBuiltInKeywords$getDeviceHeight$0.call(Unknown Source)
	at duitNow_mobileNumberFavTransaction.run(duitNow_mobileNumberFavTransaction:248)
	at com.kms.katalon.core.main.ScriptEngine.run(ScriptEngine.java:194)
	at com.kms.katalon.core.main.ScriptEngine.runScriptAsRawText(ScriptEngine.java:119)
	at com.kms.katalon.core.main.TestCaseExecutor.runScript(TestCaseExecutor.java:445)
	at com.kms.katalon.core.main.TestCaseExecutor.doExecute(TestCaseExecutor.java:436)
	at com.kms.katalon.core.main.TestCaseExecutor.processExecutionPhase(TestCaseExecutor.java:415)
	at com.kms.katalon.core.main.TestCaseExecutor.accessMainPhase(TestCaseExecutor.java:407)
	at com.kms.katalon.core.main.TestCaseExecutor.execute(TestCaseExecutor.java:284)
	at com.kms.katalon.core.common.CommonExecutor.accessTestCaseMainPhase(CommonExecutor.java:65)
	at com.kms.katalon.core.main.TestSuiteExecutor.accessTestSuiteMainPhase(TestSuiteExecutor.java:144)
	at com.kms.katalon.core.main.TestSuiteExecutor.execute(TestSuiteExecutor.java:106)
	at com.kms.katalon.core.main.TestCaseMain.startTestSuite(TestCaseMain.java:185)
	at com.kms.katalon.core.main.TestCaseMain$startTestSuite$0.call(Unknown Source)
	at TempTestSuite1655885093224.run(TempTestSuite1655885093224.groovy:36)
)

2022-06-22 16:49:34 - [MESSAGE][FAILED] - Unable to get the physical height value of the device (Root cause: org.openqa.selenium.WebDriverException: An unknown server-side error occurred while processing the command. Original error: 'GET /window/current/size' cannot be proxied to UiAutomator2 server because the instrumentation process is not running (probably crashed). Check the server log and/or the logcat output for more details
Build info: version: '3.141.59', revision: 'e82be7d358', time: '2018-11-14T08:25:53'
System info: host: '00139272s-MacBook-Pro.local', ip: '2001:e68:6167:d901:5dd8:2a3:885f:7e34%en0', os.name: 'Mac OS X', os.arch: 'x86_64', os.version: '10.16', java.version: '1.8.0_275'
Driver info: com.kms.katalon.core.appium.driver.SwipeableAndroidDriver
Capabilities {app: /Users/a00139272/Katalon St..., appActivity: com.maybank2u.life.MainActi..., appPackage: com.maybank2u.life.sit, appWaitActivity: *, autoGrantPermissions: true, automationName: uiautomator2, chromedriverPort: 52878, databaseEnabled: false, desired: {app: /Users/a00139272/Katalon St..., appActivity: com.maybank2u.life.MainActi..., appPackage: com.maybank2u.life.sit, appWaitActivity: *, autoGrantPermissions: true, automationName: uiautomator2, chromedriverPort: 52878, deviceId: 002b9cc60508, deviceName: Xiaomi 21061119AG (Android 11), fullReset: false, newCommandTimeout: 1800, noReset: true, platform: ANDROID, platformName: android, platformVersion: 11, systemPort: 52876, udid: 002b9cc60508}, deviceApiLevel: 30, deviceId: 002b9cc60508, deviceManufacturer: Xiaomi, deviceModel: 21061119AG, deviceName: 002b9cc60508, deviceScreenDensity: 440, deviceScreenSize: 1080x2400, deviceUDID: 002b9cc60508, fullReset: false, javascriptEnabled: true, locationContextEnabled: false, networkConnectionEnabled: true, newCommandTimeout: 1800, noReset: true, pixelRatio: 2.75, platform: ANDROID, platformName: Android, platformVersion: 11, statBarHeight: 103, systemPort: 52876, takesScreenshot: true, udid: 002b9cc60508, viewportRect: {height: 2064, left: 0, top: 103, width: 1080}, warnings: {}, webStorageEnabled: false}
Session ID: 07e0a906-f567-4646-abfd-84c6cc800d18
	at org.openqa.selenium.remote.http.W3CHttpResponseCodec.createException(W3CHttpResponseCodec.java:187)
	at org.openqa.selenium.remote.http.W3CHttpResponseCodec.decode(W3CHttpResponseCodec.java:122)
	at org.openqa.selenium.remote.http.W3CHttpResponseCodec.decode(W3CHttpResponseCodec.java:49)
	at org.openqa.selenium.remote.HttpCommandExecutor.execute(HttpCommandExecutor.java:158)
	at io.appium.java_client.remote.AppiumCommandExecutor.execute(AppiumCommandExecutor.java:239)
	at org.openqa.selenium.remote.RemoteWebDriver.execute(RemoteWebDriver.java:552)
	at io.appium.java_client.DefaultGenericMobileDriver.execute(DefaultGenericMobileDriver.java:46)
	at io.appium.java_client.AppiumDriver.execute(AppiumDriver.java:1)
	at io.appium.java_client.android.AndroidDriver.execute(AndroidDriver.java:1)
	at com.kms.katalon.core.appium.driver.SwipeableAndroidDriver.execute(SwipeableAndroidDriver.java:1)
	at org.openqa.selenium.remote.RemoteWebDriver$RemoteWebDriverOptions$RemoteWindow.getSize(RemoteWebDriver.java:813)
	at com.kms.katalon.core.mobile.keyword.builtin.GetDeviceHeightKeyword$_getDeviceHeight_closure1.doCall(GetDeviceHeightKeyword.groovy:73)
	at com.kms.katalon.core.mobile.keyword.builtin.GetDeviceHeightKeyword$_getDeviceHeight_closure1.call(GetDeviceHeightKeyword.groovy)
	at com.kms.katalon.core.mobile.keyword.internal.MobileKeywordMain.runKeywordAndReturnInt(MobileKeywordMain.groovy:30)
	at com.kms.katalon.core.mobile.keyword.builtin.GetDeviceHeightKeyword.getDeviceHeight(GetDeviceHeightKeyword.groovy:68)
	at com.kms.katalon.core.mobile.keyword.builtin.GetDeviceHeightKeyword.execute(GetDeviceHeightKeyword.groovy:63)
	at com.kms.katalon.core.keyword.internal.KeywordExecutor.executeKeywordForPlatform(KeywordExecutor.groovy:74)
	at com.kms.katalon.core.mobile.keyword.MobileBuiltInKeywords.getDeviceHeight(MobileBuiltInKeywords.groovy:2110)
	at com.kms.katalon.core.mobile.keyword.MobileBuiltInKeywords$getDeviceHeight$0.call(Unknown Source)
	at duitNow_mobileNumberFavTransaction.run(duitNow_mobileNumberFavTransaction:248)
	at com.kms.katalon.core.main.ScriptEngine.run(ScriptEngine.java:194)
	at com.kms.katalon.core.main.ScriptEngine.runScriptAsRawText(ScriptEngine.java:119)
	at com.kms.katalon.core.main.TestCaseExecutor.runScript(TestCaseExecutor.java:445)
	at com.kms.katalon.core.main.TestCaseExecutor.doExecute(TestCaseExecutor.java:436)
	at com.kms.katalon.core.main.TestCaseExecutor.processExecutionPhase(TestCaseExecutor.java:415)
	at com.kms.katalon.core.main.TestCaseExecutor.accessMainPhase(TestCaseExecutor.java:407)
	at com.kms.katalon.core.main.TestCaseExecutor.execute(TestCaseExecutor.java:284)
	at com.kms.katalon.core.common.CommonExecutor.accessTestCaseMainPhase(CommonExecutor.java:65)
	at com.kms.katalon.core.main.TestSuiteExecutor.accessTestSuiteMainPhase(TestSuiteExecutor.java:144)
	at com.kms.katalon.core.main.TestSuiteExecutor.execute(TestSuiteExecutor.java:106)
	at com.kms.katalon.core.main.TestCaseMain.startTestSuite(TestCaseMain.java:185)
	at com.kms.katalon.core.main.TestCaseMain$startTestSuite$0.call(Unknown Source)
	at TempTestSuite1655885093224.run(TempTestSuite1655885093224.groovy:36)
)

2022-06-22 16:49:34 - [TEST_STEP][FAILED] - device_Width_2 = getDeviceWidth(): Unable to get the physical width value of the device (Root cause: org.openqa.selenium.WebDriverException: An unknown server-side error occurred while processing the command. Original error: 'GET /window/current/size' cannot be proxied to UiAutomator2 server because the instrumentation process is not running (probably crashed). Check the server log and/or the logcat output for more details
Build info: version: '3.141.59', revision: 'e82be7d358', time: '2018-11-14T08:25:53'
System info: host: '00139272s-MacBook-Pro.local', ip: '2001:e68:6167:d901:5dd8:2a3:885f:7e34%en0', os.name: 'Mac OS X', os.arch: 'x86_64', os.version: '10.16', java.version: '1.8.0_275'
Driver info: com.kms.katalon.core.appium.driver.SwipeableAndroidDriver
Capabilities {app: /Users/a00139272/Katalon St..., appActivity: com.maybank2u.life.MainActi..., appPackage: com.maybank2u.life.sit, appWaitActivity: *, autoGrantPermissions: true, automationName: uiautomator2, chromedriverPort: 52878, databaseEnabled: false, desired: {app: /Users/a00139272/Katalon St..., appActivity: com.maybank2u.life.MainActi..., appPackage: com.maybank2u.life.sit, appWaitActivity: *, autoGrantPermissions: true, automationName: uiautomator2, chromedriverPort: 52878, deviceId: 002b9cc60508, deviceName: Xiaomi 21061119AG (Android 11), fullReset: false, newCommandTimeout: 1800, noReset: true, platform: ANDROID, platformName: android, platformVersion: 11, systemPort: 52876, udid: 002b9cc60508}, deviceApiLevel: 30, deviceId: 002b9cc60508, deviceManufacturer: Xiaomi, deviceModel: 21061119AG, deviceName: 002b9cc60508, deviceScreenDensity: 440, deviceScreenSize: 1080x2400, deviceUDID: 002b9cc60508, fullReset: false, javascriptEnabled: true, locationContextEnabled: false, networkConnectionEnabled: true, newCommandTimeout: 1800, noReset: true, pixelRatio: 2.75, platform: ANDROID, platformName: Android, platformVersion: 11, statBarHeight: 103, systemPort: 52876, takesScreenshot: true, udid: 002b9cc60508, viewportRect: {height: 2064, left: 0, top: 103, width: 1080}, warnings: {}, webStorageEnabled: false}
Session ID: 07e0a906-f567-4646-abfd-84c6cc800d18
	at org.openqa.selenium.remote.http.W3CHttpResponseCodec.createException(W3CHttpResponseCodec.java:187)
	at org.openqa.selenium.remote.http.W3CHttpResponseCodec.decode(W3CHttpResponseCodec.java:122)
	at org.openqa.selenium.remote.http.W3CHttpResponseCodec.decode(W3CHttpResponseCodec.java:49)
	at org.openqa.selenium.remote.HttpCommandExecutor.execute(HttpCommandExecutor.java:158)
	at io.appium.java_client.remote.AppiumCommandExecutor.execute(AppiumCommandExecutor.java:239)
	at org.openqa.selenium.remote.RemoteWebDriver.execute(RemoteWebDriver.java:552)
	at io.appium.java_client.DefaultGenericMobileDriver.execute(DefaultGenericMobileDriver.java:46)
	at io.appium.java_client.AppiumDriver.execute(AppiumDriver.java:1)
	at io.appium.java_client.android.AndroidDriver.execute(AndroidDriver.java:1)
	at com.kms.katalon.core.appium.driver.SwipeableAndroidDriver.execute(SwipeableAndroidDriver.java:1)
	at org.openqa.selenium.remote.RemoteWebDriver$RemoteWebDriverOptions$RemoteWindow.getSize(RemoteWebDriver.java:813)
	at com.kms.katalon.core.mobile.keyword.builtin.GetDeviceWidthKeyword$_getDeviceWidth_closure1.doCall(GetDeviceWidthKeyword.groovy:72)
	at com.kms.katalon.core.mobile.keyword.builtin.GetDeviceWidthKeyword$_getDeviceWidth_closure1.call(GetDeviceWidthKeyword.groovy)
	at com.kms.katalon.core.mobile.keyword.internal.MobileKeywordMain.runKeywordAndReturnInt(MobileKeywordMain.groovy:30)
	at com.kms.katalon.core.mobile.keyword.builtin.GetDeviceWidthKeyword.getDeviceWidth(GetDeviceWidthKeyword.groovy:67)
	at com.kms.katalon.core.mobile.keyword.builtin.GetDeviceWidthKeyword.execute(GetDeviceWidthKeyword.groovy:62)
	at com.kms.katalon.core.keyword.internal.KeywordExecutor.executeKeywordForPlatform(KeywordExecutor.groovy:74)
	at com.kms.katalon.core.mobile.keyword.MobileBuiltInKeywords.getDeviceWidth(MobileBuiltInKeywords.groovy:2087)
	at com.kms.katalon.core.mobile.keyword.MobileBuiltInKeywords$getDeviceWidth$1.call(Unknown Source)
	at duitNow_mobileNumberFavTransaction.run(duitNow_mobileNumberFavTransaction:250)
	at com.kms.katalon.core.main.ScriptEngine.run(ScriptEngine.java:194)
	at com.kms.katalon.core.main.ScriptEngine.runScriptAsRawText(ScriptEngine.java:119)
	at com.kms.katalon.core.main.TestCaseExecutor.runScript(TestCaseExecutor.java:445)
	at com.kms.katalon.core.main.TestCaseExecutor.doExecute(TestCaseExecutor.java:436)
	at com.kms.katalon.core.main.TestCaseExecutor.processExecutionPhase(TestCaseExecutor.java:415)
	at com.kms.katalon.core.main.TestCaseExecutor.accessMainPhase(TestCaseExecutor.java:407)
	at com.kms.katalon.core.main.TestCaseExecutor.execute(TestCaseExecutor.java:284)
	at com.kms.katalon.core.common.CommonExecutor.accessTestCaseMainPhase(CommonExecutor.java:65)
	at com.kms.katalon.core.main.TestSuiteExecutor.accessTestSuiteMainPhase(TestSuiteExecutor.java:144)
	at com.kms.katalon.core.main.TestSuiteExecutor.execute(TestSuiteExecutor.java:106)
	at com.kms.katalon.core.main.TestCaseMain.startTestSuite(TestCaseMain.java:185)
	at com.kms.katalon.core.main.TestCaseMain$startTestSuite$0.call(Unknown Source)
	at TempTestSuite1655885093224.run(TempTestSuite1655885093224.groovy:36)
)

2022-06-22 16:49:34 - [MESSAGE][FAILED] - Unable to get the physical width value of the device (Root cause: org.openqa.selenium.WebDriverException: An unknown server-side error occurred while processing the command. Original error: 'GET /window/current/size' cannot be proxied to UiAutomator2 server because the instrumentation process is not running (probably crashed). Check the server log and/or the logcat output for more details
Build info: version: '3.141.59', revision: 'e82be7d358', time: '2018-11-14T08:25:53'
System info: host: '00139272s-MacBook-Pro.local', ip: '2001:e68:6167:d901:5dd8:2a3:885f:7e34%en0', os.name: 'Mac OS X', os.arch: 'x86_64', os.version: '10.16', java.version: '1.8.0_275'
Driver info: com.kms.katalon.core.appium.driver.SwipeableAndroidDriver
Capabilities {app: /Users/a00139272/Katalon St..., appActivity: com.maybank2u.life.MainActi..., appPackage: com.maybank2u.life.sit, appWaitActivity: *, autoGrantPermissions: true, automationName: uiautomator2, chromedriverPort: 52878, databaseEnabled: false, desired: {app: /Users/a00139272/Katalon St..., appActivity: com.maybank2u.life.MainActi..., appPackage: com.maybank2u.life.sit, appWaitActivity: *, autoGrantPermissions: true, automationName: uiautomator2, chromedriverPort: 52878, deviceId: 002b9cc60508, deviceName: Xiaomi 21061119AG (Android 11), fullReset: false, newCommandTimeout: 1800, noReset: true, platform: ANDROID, platformName: android, platformVersion: 11, systemPort: 52876, udid: 002b9cc60508}, deviceApiLevel: 30, deviceId: 002b9cc60508, deviceManufacturer: Xiaomi, deviceModel: 21061119AG, deviceName: 002b9cc60508, deviceScreenDensity: 440, deviceScreenSize: 1080x2400, deviceUDID: 002b9cc60508, fullReset: false, javascriptEnabled: true, locationContextEnabled: false, networkConnectionEnabled: true, newCommandTimeout: 1800, noReset: true, pixelRatio: 2.75, platform: ANDROID, platformName: Android, platformVersion: 11, statBarHeight: 103, systemPort: 52876, takesScreenshot: true, udid: 002b9cc60508, viewportRect: {height: 2064, left: 0, top: 103, width: 1080}, warnings: {}, webStorageEnabled: false}
Session ID: 07e0a906-f567-4646-abfd-84c6cc800d18
	at org.openqa.selenium.remote.http.W3CHttpResponseCodec.createException(W3CHttpResponseCodec.java:187)
	at org.openqa.selenium.remote.http.W3CHttpResponseCodec.decode(W3CHttpResponseCodec.java:122)
	at org.openqa.selenium.remote.http.W3CHttpResponseCodec.decode(W3CHttpResponseCodec.java:49)
	at org.openqa.selenium.remote.HttpCommandExecutor.execute(HttpCommandExecutor.java:158)
	at io.appium.java_client.remote.AppiumCommandExecutor.execute(AppiumCommandExecutor.java:239)
	at org.openqa.selenium.remote.RemoteWebDriver.execute(RemoteWebDriver.java:552)
	at io.appium.java_client.DefaultGenericMobileDriver.execute(DefaultGenericMobileDriver.java:46)
	at io.appium.java_client.AppiumDriver.execute(AppiumDriver.java:1)
	at io.appium.java_client.android.AndroidDriver.execute(AndroidDriver.java:1)
	at com.kms.katalon.core.appium.driver.SwipeableAndroidDriver.execute(SwipeableAndroidDriver.java:1)
	at org.openqa.selenium.remote.RemoteWebDriver$RemoteWebDriverOptions$RemoteWindow.getSize(RemoteWebDriver.java:813)
	at com.kms.katalon.core.mobile.keyword.builtin.GetDeviceWidthKeyword$_getDeviceWidth_closure1.doCall(GetDeviceWidthKeyword.groovy:72)
	at com.kms.katalon.core.mobile.keyword.builtin.GetDeviceWidthKeyword$_getDeviceWidth_closure1.call(GetDeviceWidthKeyword.groovy)
	at com.kms.katalon.core.mobile.keyword.internal.MobileKeywordMain.runKeywordAndReturnInt(MobileKeywordMain.groovy:30)
	at com.kms.katalon.core.mobile.keyword.builtin.GetDeviceWidthKeyword.getDeviceWidth(GetDeviceWidthKeyword.groovy:67)
	at com.kms.katalon.core.mobile.keyword.builtin.GetDeviceWidthKeyword.execute(GetDeviceWidthKeyword.groovy:62)
	at com.kms.katalon.core.keyword.internal.KeywordExecutor.executeKeywordForPlatform(KeywordExecutor.groovy:74)
	at com.kms.katalon.core.mobile.keyword.MobileBuiltInKeywords.getDeviceWidth(MobileBuiltInKeywords.groovy:2087)
	at com.kms.katalon.core.mobile.keyword.MobileBuiltInKeywords$getDeviceWidth$1.call(Unknown Source)
	at duitNow_mobileNumberFavTransaction.run(duitNow_mobileNumberFavTransaction:250)
	at com.kms.katalon.core.main.ScriptEngine.run(ScriptEngine.java:194)
	at com.kms.katalon.core.main.ScriptEngine.runScriptAsRawText(ScriptEngine.java:119)
	at com.kms.katalon.core.main.TestCaseExecutor.runScript(TestCaseExecutor.java:445)
	at com.kms.katalon.core.main.TestCaseExecutor.doExecute(TestCaseExecutor.java:436)
	at com.kms.katalon.core.main.TestCaseExecutor.processExecutionPhase(TestCaseExecutor.java:415)
	at com.kms.katalon.core.main.TestCaseExecutor.accessMainPhase(TestCaseExecutor.java:407)
	at com.kms.katalon.core.main.TestCaseExecutor.execute(TestCaseExecutor.java:284)
	at com.kms.katalon.core.common.CommonExecutor.accessTestCaseMainPhase(CommonExecutor.java:65)
	at com.kms.katalon.core.main.TestSuiteExecutor.accessTestSuiteMainPhase(TestSuiteExecutor.java:144)
	at com.kms.katalon.core.main.TestSuiteExecutor.execute(TestSuiteExecutor.java:106)
	at com.kms.katalon.core.main.TestCaseMain.startTestSuite(TestCaseMain.java:185)
	at com.kms.katalon.core.main.TestCaseMain$startTestSuite$0.call(Unknown Source)
	at TempTestSuite1655885093224.run(TempTestSuite1655885093224.groovy:36)
)

2022-06-22 16:49:34 - [TEST_STEP][PASSED] - startX_2 = device_Width_2 / 2: null

2022-06-22 16:49:34 - [TEST_STEP][PASSED] - endX_2 = startX_2: null

2022-06-22 16:49:34 - [TEST_STEP][PASSED] - startY_2 = device_Height_2 * 0.30: null

2022-06-22 16:49:34 - [TEST_STEP][PASSED] - endY_2 = device_Height_2 * 0.70: null

2022-06-22 16:49:34 - [TEST_STEP][FAILED] - swipe(startX_2, endY_2, endX_2, startY_2): Cannot swipe on device. (Root cause: org.openqa.selenium.WebDriverException: An unknown server-side error occurred while processing the command. Original error: 'POST /touch/perform' cannot be proxied to UiAutomator2 server because the instrumentation process is not running (probably crashed). Check the server log and/or the logcat output for more details
Build info: version: '3.141.59', revision: 'e82be7d358', time: '2018-11-14T08:25:53'
System info: host: '00139272s-MacBook-Pro.local', ip: '2001:e68:6167:d901:5dd8:2a3:885f:7e34%en0', os.name: 'Mac OS X', os.arch: 'x86_64', os.version: '10.16', java.version: '1.8.0_275'
Driver info: com.kms.katalon.core.appium.driver.SwipeableAndroidDriver
Capabilities {app: /Users/a00139272/Katalon St..., appActivity: com.maybank2u.life.MainActi..., appPackage: com.maybank2u.life.sit, appWaitActivity: *, autoGrantPermissions: true, automationName: uiautomator2, chromedriverPort: 52878, databaseEnabled: false, desired: {app: /Users/a00139272/Katalon St..., appActivity: com.maybank2u.life.MainActi..., appPackage: com.maybank2u.life.sit, appWaitActivity: *, autoGrantPermissions: true, automationName: uiautomator2, chromedriverPort: 52878, deviceId: 002b9cc60508, deviceName: Xiaomi 21061119AG (Android 11), fullReset: false, newCommandTimeout: 1800, noReset: true, platform: ANDROID, platformName: android, platformVersion: 11, systemPort: 52876, udid: 002b9cc60508}, deviceApiLevel: 30, deviceId: 002b9cc60508, deviceManufacturer: Xiaomi, deviceModel: 21061119AG, deviceName: 002b9cc60508, deviceScreenDensity: 440, deviceScreenSize: 1080x2400, deviceUDID: 002b9cc60508, fullReset: false, javascriptEnabled: true, locationContextEnabled: false, networkConnectionEnabled: true, newCommandTimeout: 1800, noReset: true, pixelRatio: 2.75, platform: ANDROID, platformName: Android, platformVersion: 11, statBarHeight: 103, systemPort: 52876, takesScreenshot: true, udid: 002b9cc60508, viewportRect: {height: 2064, left: 0, top: 103, width: 1080}, warnings: {}, webStorageEnabled: false}
Session ID: 07e0a906-f567-4646-abfd-84c6cc800d18
	at org.openqa.selenium.remote.http.W3CHttpResponseCodec.createException(W3CHttpResponseCodec.java:187)
	at org.openqa.selenium.remote.http.W3CHttpResponseCodec.decode(W3CHttpResponseCodec.java:122)
	at org.openqa.selenium.remote.http.W3CHttpResponseCodec.decode(W3CHttpResponseCodec.java:49)
	at org.openqa.selenium.remote.HttpCommandExecutor.execute(HttpCommandExecutor.java:158)
	at io.appium.java_client.remote.AppiumCommandExecutor.execute(AppiumCommandExecutor.java:239)
	at org.openqa.selenium.remote.RemoteWebDriver.execute(RemoteWebDriver.java:552)
	at io.appium.java_client.DefaultGenericMobileDriver.execute(DefaultGenericMobileDriver.java:42)
	at io.appium.java_client.AppiumDriver.execute(AppiumDriver.java:1)
	at io.appium.java_client.android.AndroidDriver.execute(AndroidDriver.java:1)
	at com.kms.katalon.core.appium.driver.SwipeableAndroidDriver.execute(SwipeableAndroidDriver.java:1)
	at io.appium.java_client.PerformsTouchActions.performTouchAction(PerformsTouchActions.java:41)
	at io.appium.java_client.TouchAction.perform(TouchAction.java:187)
	at com.kms.katalon.core.mobile.helper.MobileCommonHelper.swipe(MobileCommonHelper.java:61)
	at com.kms.katalon.core.mobile.keyword.builtin.SwipeKeyword$_swipe_closure1.doCall(SwipeKeyword.groovy:76)
	at com.kms.katalon.core.mobile.keyword.builtin.SwipeKeyword$_swipe_closure1.call(SwipeKeyword.groovy)
	at com.kms.katalon.core.mobile.keyword.internal.MobileKeywordMain.runKeyword(MobileKeywordMain.groovy:21)
	at com.kms.katalon.core.mobile.keyword.builtin.SwipeKeyword.swipe(SwipeKeyword.groovy:71)
	at com.kms.katalon.core.mobile.keyword.builtin.SwipeKeyword.execute(SwipeKeyword.groovy:66)
	at com.kms.katalon.core.keyword.internal.KeywordExecutor.executeKeywordForPlatform(KeywordExecutor.groovy:74)
	at com.kms.katalon.core.mobile.keyword.MobileBuiltInKeywords.swipe(MobileBuiltInKeywords.groovy:192)
	at com.kms.katalon.core.mobile.keyword.MobileBuiltInKeywords$swipe$10.call(Unknown Source)
	at duitNow_mobileNumberFavTransaction.run(duitNow_mobileNumberFavTransaction:260)
	at com.kms.katalon.core.main.ScriptEngine.run(ScriptEngine.java:194)
	at com.kms.katalon.core.main.ScriptEngine.runScriptAsRawText(ScriptEngine.java:119)
	at com.kms.katalon.core.main.TestCaseExecutor.runScript(TestCaseExecutor.java:445)
	at com.kms.katalon.core.main.TestCaseExecutor.doExecute(TestCaseExecutor.java:436)
	at com.kms.katalon.core.main.TestCaseExecutor.processExecutionPhase(TestCaseExecutor.java:415)
	at com.kms.katalon.core.main.TestCaseExecutor.accessMainPhase(TestCaseExecutor.java:407)
	at com.kms.katalon.core.main.TestCaseExecutor.execute(TestCaseExecutor.java:284)
	at com.kms.katalon.core.common.CommonExecutor.accessTestCaseMainPhase(CommonExecutor.java:65)
	at com.kms.katalon.core.main.TestSuiteExecutor.accessTestSuiteMainPhase(TestSuiteExecutor.java:144)
	at com.kms.katalon.core.main.TestSuiteExecutor.execute(TestSuiteExecutor.java:106)
	at com.kms.katalon.core.main.TestCaseMain.startTestSuite(TestCaseMain.java:185)
	at com.kms.katalon.core.main.TestCaseMain$startTestSuite$0.call(Unknown Source)
	at TempTestSuite1655885093224.run(TempTestSuite1655885093224.groovy:36)
)

2022-06-22 16:49:35 - [MESSAGE][FAILED] - Cannot swipe on device. (Root cause: org.openqa.selenium.WebDriverException: An unknown server-side error occurred while processing the command. Original error: 'POST /touch/perform' cannot be proxied to UiAutomator2 server because the instrumentation process is not running (probably crashed). Check the server log and/or the logcat output for more details
Build info: version: '3.141.59', revision: 'e82be7d358', time: '2018-11-14T08:25:53'
System info: host: '00139272s-MacBook-Pro.local', ip: '2001:e68:6167:d901:5dd8:2a3:885f:7e34%en0', os.name: 'Mac OS X', os.arch: 'x86_64', os.version: '10.16', java.version: '1.8.0_275'
Driver info: com.kms.katalon.core.appium.driver.SwipeableAndroidDriver
Capabilities {app: /Users/a00139272/Katalon St..., appActivity: com.maybank2u.life.MainActi..., appPackage: com.maybank2u.life.sit, appWaitActivity: *, autoGrantPermissions: true, automationName: uiautomator2, chromedriverPort: 52878, databaseEnabled: false, desired: {app: /Users/a00139272/Katalon St..., appActivity: com.maybank2u.life.MainActi..., appPackage: com.maybank2u.life.sit, appWaitActivity: *, autoGrantPermissions: true, automationName: uiautomator2, chromedriverPort: 52878, deviceId: 002b9cc60508, deviceName: Xiaomi 21061119AG (Android 11), fullReset: false, newCommandTimeout: 1800, noReset: true, platform: ANDROID, platformName: android, platformVersion: 11, systemPort: 52876, udid: 002b9cc60508}, deviceApiLevel: 30, deviceId: 002b9cc60508, deviceManufacturer: Xiaomi, deviceModel: 21061119AG, deviceName: 002b9cc60508, deviceScreenDensity: 440, deviceScreenSize: 1080x2400, deviceUDID: 002b9cc60508, fullReset: false, javascriptEnabled: true, locationContextEnabled: false, networkConnectionEnabled: true, newCommandTimeout: 1800, noReset: true, pixelRatio: 2.75, platform: ANDROID, platformName: Android, platformVersion: 11, statBarHeight: 103, systemPort: 52876, takesScreenshot: true, udid: 002b9cc60508, viewportRect: {height: 2064, left: 0, top: 103, width: 1080}, warnings: {}, webStorageEnabled: false}
Session ID: 07e0a906-f567-4646-abfd-84c6cc800d18
	at org.openqa.selenium.remote.http.W3CHttpResponseCodec.createException(W3CHttpResponseCodec.java:187)
	at org.openqa.selenium.remote.http.W3CHttpResponseCodec.decode(W3CHttpResponseCodec.java:122)
	at org.openqa.selenium.remote.http.W3CHttpResponseCodec.decode(W3CHttpResponseCodec.java:49)
	at org.openqa.selenium.remote.HttpCommandExecutor.execute(HttpCommandExecutor.java:158)
	at io.appium.java_client.remote.AppiumCommandExecutor.execute(AppiumCommandExecutor.java:239)
	at org.openqa.selenium.remote.RemoteWebDriver.execute(RemoteWebDriver.java:552)
	at io.appium.java_client.DefaultGenericMobileDriver.execute(DefaultGenericMobileDriver.java:42)
	at io.appium.java_client.AppiumDriver.execute(AppiumDriver.java:1)
	at io.appium.java_client.android.AndroidDriver.execute(AndroidDriver.java:1)
	at com.kms.katalon.core.appium.driver.SwipeableAndroidDriver.execute(SwipeableAndroidDriver.java:1)
	at io.appium.java_client.PerformsTouchActions.performTouchAction(PerformsTouchActions.java:41)
	at io.appium.java_client.TouchAction.perform(TouchAction.java:187)
	at com.kms.katalon.core.mobile.helper.MobileCommonHelper.swipe(MobileCommonHelper.java:61)
	at com.kms.katalon.core.mobile.keyword.builtin.SwipeKeyword$_swipe_closure1.doCall(SwipeKeyword.groovy:76)
	at com.kms.katalon.core.mobile.keyword.builtin.SwipeKeyword$_swipe_closure1.call(SwipeKeyword.groovy)
	at com.kms.katalon.core.mobile.keyword.internal.MobileKeywordMain.runKeyword(MobileKeywordMain.groovy:21)
	at com.kms.katalon.core.mobile.keyword.builtin.SwipeKeyword.swipe(SwipeKeyword.groovy:71)
	at com.kms.katalon.core.mobile.keyword.builtin.SwipeKeyword.execute(SwipeKeyword.groovy:66)
	at com.kms.katalon.core.keyword.internal.KeywordExecutor.executeKeywordForPlatform(KeywordExecutor.groovy:74)
	at com.kms.katalon.core.mobile.keyword.MobileBuiltInKeywords.swipe(MobileBuiltInKeywords.groovy:192)
	at com.kms.katalon.core.mobile.keyword.MobileBuiltInKeywords$swipe$10.call(Unknown Source)
	at duitNow_mobileNumberFavTransaction.run(duitNow_mobileNumberFavTransaction:260)
	at com.kms.katalon.core.main.ScriptEngine.run(ScriptEngine.java:194)
	at com.kms.katalon.core.main.ScriptEngine.runScriptAsRawText(ScriptEngine.java:119)
	at com.kms.katalon.core.main.TestCaseExecutor.runScript(TestCaseExecutor.java:445)
	at com.kms.katalon.core.main.TestCaseExecutor.doExecute(TestCaseExecutor.java:436)
	at com.kms.katalon.core.main.TestCaseExecutor.processExecutionPhase(TestCaseExecutor.java:415)
	at com.kms.katalon.core.main.TestCaseExecutor.accessMainPhase(TestCaseExecutor.java:407)
	at com.kms.katalon.core.main.TestCaseExecutor.execute(TestCaseExecutor.java:284)
	at com.kms.katalon.core.common.CommonExecutor.accessTestCaseMainPhase(CommonExecutor.java:65)
	at com.kms.katalon.core.main.TestSuiteExecutor.accessTestSuiteMainPhase(TestSuiteExecutor.java:144)
	at com.kms.katalon.core.main.TestSuiteExecutor.execute(TestSuiteExecutor.java:106)
	at com.kms.katalon.core.main.TestCaseMain.startTestSuite(TestCaseMain.java:185)
	at com.kms.katalon.core.main.TestCaseMain$startTestSuite$0.call(Unknown Source)
	at TempTestSuite1655885093224.run(TempTestSuite1655885093224.groovy:36)
)

2022-06-22 16:49:35 - [TEST_STEP][FAILED] - verifyElementExist(findTestObject("Transfer/transferConfirmationFTransferFromTitleTxt"), 0): Failed to check for element 'Object Repository/Transfer/transferConfirmationFTransferFromTitleTxt' exist (Root cause: org.openqa.selenium.WebDriverException: An unknown server-side error occurred while processing the command. Original error: 'GET /window/current/size' cannot be proxied to UiAutomator2 server because the instrumentation process is not running (probably crashed). Check the server log and/or the logcat output for more details
Build info: version: '3.141.59', revision: 'e82be7d358', time: '2018-11-14T08:25:53'
System info: host: '00139272s-MacBook-Pro.local', ip: '2001:e68:6167:d901:5dd8:2a3:885f:7e34%en0', os.name: 'Mac OS X', os.arch: 'x86_64', os.version: '10.16', java.version: '1.8.0_275'
Driver info: com.kms.katalon.core.appium.driver.SwipeableAndroidDriver
Capabilities {app: /Users/a00139272/Katalon St..., appActivity: com.maybank2u.life.MainActi..., appPackage: com.maybank2u.life.sit, appWaitActivity: *, autoGrantPermissions: true, automationName: uiautomator2, chromedriverPort: 52878, databaseEnabled: false, desired: {app: /Users/a00139272/Katalon St..., appActivity: com.maybank2u.life.MainActi..., appPackage: com.maybank2u.life.sit, appWaitActivity: *, autoGrantPermissions: true, automationName: uiautomator2, chromedriverPort: 52878, deviceId: 002b9cc60508, deviceName: Xiaomi 21061119AG (Android 11), fullReset: false, newCommandTimeout: 1800, noReset: true, platform: ANDROID, platformName: android, platformVersion: 11, systemPort: 52876, udid: 002b9cc60508}, deviceApiLevel: 30, deviceId: 002b9cc60508, deviceManufacturer: Xiaomi, deviceModel: 21061119AG, deviceName: 002b9cc60508, deviceScreenDensity: 440, deviceScreenSize: 1080x2400, deviceUDID: 002b9cc60508, fullReset: false, javascriptEnabled: true, locationContextEnabled: false, networkConnectionEnabled: true, newCommandTimeout: 1800, noReset: true, pixelRatio: 2.75, platform: ANDROID, platformName: Android, platformVersion: 11, statBarHeight: 103, systemPort: 52876, takesScreenshot: true, udid: 002b9cc60508, viewportRect: {height: 2064, left: 0, top: 103, width: 1080}, warnings: {}, webStorageEnabled: false}
Session ID: 07e0a906-f567-4646-abfd-84c6cc800d18
	at org.openqa.selenium.remote.http.W3CHttpResponseCodec.createException(W3CHttpResponseCodec.java:187)
	at org.openqa.selenium.remote.http.W3CHttpResponseCodec.decode(W3CHttpResponseCodec.java:122)
	at org.openqa.selenium.remote.http.W3CHttpResponseCodec.decode(W3CHttpResponseCodec.java:49)
	at org.openqa.selenium.remote.HttpCommandExecutor.execute(HttpCommandExecutor.java:158)
	at io.appium.java_client.remote.AppiumCommandExecutor.execute(AppiumCommandExecutor.java:239)
	at org.openqa.selenium.remote.RemoteWebDriver.execute(RemoteWebDriver.java:552)
	at io.appium.java_client.DefaultGenericMobileDriver.execute(DefaultGenericMobileDriver.java:46)
	at io.appium.java_client.AppiumDriver.execute(AppiumDriver.java:1)
	at io.appium.java_client.android.AndroidDriver.execute(AndroidDriver.java:1)
	at com.kms.katalon.core.appium.driver.SwipeableAndroidDriver.execute(SwipeableAndroidDriver.java:1)
	at org.openqa.selenium.remote.RemoteWebDriver$RemoteWebDriverOptions$RemoteWindow.getSize(RemoteWebDriver.java:813)
	at org.openqa.selenium.WebDriver$Window$getSize.call(Unknown Source)
	at com.kms.katalon.core.mobile.keyword.internal.MobileAbstractKeyword.findElement(MobileAbstractKeyword.groovy:81)
	at com.kms.katalon.core.mobile.keyword.builtin.VerifyElementExistKeyword.access$1(VerifyElementExistKeyword.groovy)
	at com.kms.katalon.core.mobile.keyword.builtin.VerifyElementExistKeyword$_verifyElementExist_closure1.doCall(VerifyElementExistKeyword.groovy:72)
	at com.kms.katalon.core.mobile.keyword.builtin.VerifyElementExistKeyword$_verifyElementExist_closure1.call(VerifyElementExistKeyword.groovy)
	at com.kms.katalon.core.mobile.keyword.internal.MobileKeywordMain.runKeyword(MobileKeywordMain.groovy:21)
	at com.kms.katalon.core.mobile.keyword.builtin.VerifyElementExistKeyword.verifyElementExist(VerifyElementExistKeyword.groovy:80)
	at com.kms.katalon.core.mobile.keyword.builtin.VerifyElementExistKeyword.execute(VerifyElementExistKeyword.groovy:64)
	at com.kms.katalon.core.keyword.internal.KeywordExecutor.executeKeywordForPlatform(KeywordExecutor.groovy:74)
	at com.kms.katalon.core.mobile.keyword.MobileBuiltInKeywords.verifyElementExist(MobileBuiltInKeywords.groovy:1755)
	at com.kms.katalon.core.mobile.keyword.MobileBuiltInKeywords$verifyElementExist$8.call(Unknown Source)
	at duitNow_mobileNumberFavTransaction.run(duitNow_mobileNumberFavTransaction:262)
	at com.kms.katalon.core.main.ScriptEngine.run(ScriptEngine.java:194)
	at com.kms.katalon.core.main.ScriptEngine.runScriptAsRawText(ScriptEngine.java:119)
	at com.kms.katalon.core.main.TestCaseExecutor.runScript(TestCaseExecutor.java:445)
	at com.kms.katalon.core.main.TestCaseExecutor.doExecute(TestCaseExecutor.java:436)
	at com.kms.katalon.core.main.TestCaseExecutor.processExecutionPhase(TestCaseExecutor.java:415)
	at com.kms.katalon.core.main.TestCaseExecutor.accessMainPhase(TestCaseExecutor.java:407)
	at com.kms.katalon.core.main.TestCaseExecutor.execute(TestCaseExecutor.java:284)
	at com.kms.katalon.core.common.CommonExecutor.accessTestCaseMainPhase(CommonExecutor.java:65)
	at com.kms.katalon.core.main.TestSuiteExecutor.accessTestSuiteMainPhase(TestSuiteExecutor.java:144)
	at com.kms.katalon.core.main.TestSuiteExecutor.execute(TestSuiteExecutor.java:106)
	at com.kms.katalon.core.main.TestCaseMain.startTestSuite(TestCaseMain.java:185)
	at com.kms.katalon.core.main.TestCaseMain$startTestSuite$0.call(Unknown Source)
	at TempTestSuite1655885093224.run(TempTestSuite1655885093224.groovy:36)
)

2022-06-22 16:49:35 - [MESSAGE][WARNING] - Timeout '0' is invalid. Using default page load timeout: '40'

2022-06-22 16:49:35 - [MESSAGE][FAILED] - Failed to check for element 'Object Repository/Transfer/transferConfirmationFTransferFromTitleTxt' exist (Root cause: org.openqa.selenium.WebDriverException: An unknown server-side error occurred while processing the command. Original error: 'GET /window/current/size' cannot be proxied to UiAutomator2 server because the instrumentation process is not running (probably crashed). Check the server log and/or the logcat output for more details
Build info: version: '3.141.59', revision: 'e82be7d358', time: '2018-11-14T08:25:53'
System info: host: '00139272s-MacBook-Pro.local', ip: '2001:e68:6167:d901:5dd8:2a3:885f:7e34%en0', os.name: 'Mac OS X', os.arch: 'x86_64', os.version: '10.16', java.version: '1.8.0_275'
Driver info: com.kms.katalon.core.appium.driver.SwipeableAndroidDriver
Capabilities {app: /Users/a00139272/Katalon St..., appActivity: com.maybank2u.life.MainActi..., appPackage: com.maybank2u.life.sit, appWaitActivity: *, autoGrantPermissions: true, automationName: uiautomator2, chromedriverPort: 52878, databaseEnabled: false, desired: {app: /Users/a00139272/Katalon St..., appActivity: com.maybank2u.life.MainActi..., appPackage: com.maybank2u.life.sit, appWaitActivity: *, autoGrantPermissions: true, automationName: uiautomator2, chromedriverPort: 52878, deviceId: 002b9cc60508, deviceName: Xiaomi 21061119AG (Android 11), fullReset: false, newCommandTimeout: 1800, noReset: true, platform: ANDROID, platformName: android, platformVersion: 11, systemPort: 52876, udid: 002b9cc60508}, deviceApiLevel: 30, deviceId: 002b9cc60508, deviceManufacturer: Xiaomi, deviceModel: 21061119AG, deviceName: 002b9cc60508, deviceScreenDensity: 440, deviceScreenSize: 1080x2400, deviceUDID: 002b9cc60508, fullReset: false, javascriptEnabled: true, locationContextEnabled: false, networkConnectionEnabled: true, newCommandTimeout: 1800, noReset: true, pixelRatio: 2.75, platform: ANDROID, platformName: Android, platformVersion: 11, statBarHeight: 103, systemPort: 52876, takesScreenshot: true, udid: 002b9cc60508, viewportRect: {height: 2064, left: 0, top: 103, width: 1080}, warnings: {}, webStorageEnabled: false}
Session ID: 07e0a906-f567-4646-abfd-84c6cc800d18
	at org.openqa.selenium.remote.http.W3CHttpResponseCodec.createException(W3CHttpResponseCodec.java:187)
	at org.openqa.selenium.remote.http.W3CHttpResponseCodec.decode(W3CHttpResponseCodec.java:122)
	at org.openqa.selenium.remote.http.W3CHttpResponseCodec.decode(W3CHttpResponseCodec.java:49)
	at org.openqa.selenium.remote.HttpCommandExecutor.execute(HttpCommandExecutor.java:158)
	at io.appium.java_client.remote.AppiumCommandExecutor.execute(AppiumCommandExecutor.java:239)
	at org.openqa.selenium.remote.RemoteWebDriver.execute(RemoteWebDriver.java:552)
	at io.appium.java_client.DefaultGenericMobileDriver.execute(DefaultGenericMobileDriver.java:46)
	at io.appium.java_client.AppiumDriver.execute(AppiumDriver.java:1)
	at io.appium.java_client.android.AndroidDriver.execute(AndroidDriver.java:1)
	at com.kms.katalon.core.appium.driver.SwipeableAndroidDriver.execute(SwipeableAndroidDriver.java:1)
	at org.openqa.selenium.remote.RemoteWebDriver$RemoteWebDriverOptions$RemoteWindow.getSize(RemoteWebDriver.java:813)
	at org.openqa.selenium.WebDriver$Window$getSize.call(Unknown Source)
	at com.kms.katalon.core.mobile.keyword.internal.MobileAbstractKeyword.findElement(MobileAbstractKeyword.groovy:81)
	at com.kms.katalon.core.mobile.keyword.builtin.VerifyElementExistKeyword.access$1(VerifyElementExistKeyword.groovy)
	at com.kms.katalon.core.mobile.keyword.builtin.VerifyElementExistKeyword$_verifyElementExist_closure1.doCall(VerifyElementExistKeyword.groovy:72)
	at com.kms.katalon.core.mobile.keyword.builtin.VerifyElementExistKeyword$_verifyElementExist_closure1.call(VerifyElementExistKeyword.groovy)
	at com.kms.katalon.core.mobile.keyword.internal.MobileKeywordMain.runKeyword(MobileKeywordMain.groovy:21)
	at com.kms.katalon.core.mobile.keyword.builtin.VerifyElementExistKeyword.verifyElementExist(VerifyElementExistKeyword.groovy:80)
	at com.kms.katalon.core.mobile.keyword.builtin.VerifyElementExistKeyword.execute(VerifyElementExistKeyword.groovy:64)
	at com.kms.katalon.core.keyword.internal.KeywordExecutor.executeKeywordForPlatform(KeywordExecutor.groovy:74)
	at com.kms.katalon.core.mobile.keyword.MobileBuiltInKeywords.verifyElementExist(MobileBuiltInKeywords.groovy:1755)
	at com.kms.katalon.core.mobile.keyword.MobileBuiltInKeywords$verifyElementExist$8.call(Unknown Source)
	at duitNow_mobileNumberFavTransaction.run(duitNow_mobileNumberFavTransaction:262)
	at com.kms.katalon.core.main.ScriptEngine.run(ScriptEngine.java:194)
	at com.kms.katalon.core.main.ScriptEngine.runScriptAsRawText(ScriptEngine.java:119)
	at com.kms.katalon.core.main.TestCaseExecutor.runScript(TestCaseExecutor.java:445)
	at com.kms.katalon.core.main.TestCaseExecutor.doExecute(TestCaseExecutor.java:436)
	at com.kms.katalon.core.main.TestCaseExecutor.processExecutionPhase(TestCaseExecutor.java:415)
	at com.kms.katalon.core.main.TestCaseExecutor.accessMainPhase(TestCaseExecutor.java:407)
	at com.kms.katalon.core.main.TestCaseExecutor.execute(TestCaseExecutor.java:284)
	at com.kms.katalon.core.common.CommonExecutor.accessTestCaseMainPhase(CommonExecutor.java:65)
	at com.kms.katalon.core.main.TestSuiteExecutor.accessTestSuiteMainPhase(TestSuiteExecutor.java:144)
	at com.kms.katalon.core.main.TestSuiteExecutor.execute(TestSuiteExecutor.java:106)
	at com.kms.katalon.core.main.TestCaseMain.startTestSuite(TestCaseMain.java:185)
	at com.kms.katalon.core.main.TestCaseMain$startTestSuite$0.call(Unknown Source)
	at TempTestSuite1655885093224.run(TempTestSuite1655885093224.groovy:36)
)

2022-06-22 16:49:35 - [TEST_STEP][FAILED] - verifyElementExist(findTestObject("Duit Now/duitNowConfirmationNoteTitleTxt"), 0): Failed to check for element 'Object Repository/Duit Now/duitNowConfirmationNoteTitleTxt' exist (Root cause: org.openqa.selenium.WebDriverException: An unknown server-side error occurred while processing the command. Original error: 'GET /window/current/size' cannot be proxied to UiAutomator2 server because the instrumentation process is not running (probably crashed). Check the server log and/or the logcat output for more details
Build info: version: '3.141.59', revision: 'e82be7d358', time: '2018-11-14T08:25:53'
System info: host: '00139272s-MacBook-Pro.local', ip: '2001:e68:6167:d901:5dd8:2a3:885f:7e34%en0', os.name: 'Mac OS X', os.arch: 'x86_64', os.version: '10.16', java.version: '1.8.0_275'
Driver info: com.kms.katalon.core.appium.driver.SwipeableAndroidDriver
Capabilities {app: /Users/a00139272/Katalon St..., appActivity: com.maybank2u.life.MainActi..., appPackage: com.maybank2u.life.sit, appWaitActivity: *, autoGrantPermissions: true, automationName: uiautomator2, chromedriverPort: 52878, databaseEnabled: false, desired: {app: /Users/a00139272/Katalon St..., appActivity: com.maybank2u.life.MainActi..., appPackage: com.maybank2u.life.sit, appWaitActivity: *, autoGrantPermissions: true, automationName: uiautomator2, chromedriverPort: 52878, deviceId: 002b9cc60508, deviceName: Xiaomi 21061119AG (Android 11), fullReset: false, newCommandTimeout: 1800, noReset: true, platform: ANDROID, platformName: android, platformVersion: 11, systemPort: 52876, udid: 002b9cc60508}, deviceApiLevel: 30, deviceId: 002b9cc60508, deviceManufacturer: Xiaomi, deviceModel: 21061119AG, deviceName: 002b9cc60508, deviceScreenDensity: 440, deviceScreenSize: 1080x2400, deviceUDID: 002b9cc60508, fullReset: false, javascriptEnabled: true, locationContextEnabled: false, networkConnectionEnabled: true, newCommandTimeout: 1800, noReset: true, pixelRatio: 2.75, platform: ANDROID, platformName: Android, platformVersion: 11, statBarHeight: 103, systemPort: 52876, takesScreenshot: true, udid: 002b9cc60508, viewportRect: {height: 2064, left: 0, top: 103, width: 1080}, warnings: {}, webStorageEnabled: false}
Session ID: 07e0a906-f567-4646-abfd-84c6cc800d18
	at org.openqa.selenium.remote.http.W3CHttpResponseCodec.createException(W3CHttpResponseCodec.java:187)
	at org.openqa.selenium.remote.http.W3CHttpResponseCodec.decode(W3CHttpResponseCodec.java:122)
	at org.openqa.selenium.remote.http.W3CHttpResponseCodec.decode(W3CHttpResponseCodec.java:49)
	at org.openqa.selenium.remote.HttpCommandExecutor.execute(HttpCommandExecutor.java:158)
	at io.appium.java_client.remote.AppiumCommandExecutor.execute(AppiumCommandExecutor.java:239)
	at org.openqa.selenium.remote.RemoteWebDriver.execute(RemoteWebDriver.java:552)
	at io.appium.java_client.DefaultGenericMobileDriver.execute(DefaultGenericMobileDriver.java:46)
	at io.appium.java_client.AppiumDriver.execute(AppiumDriver.java:1)
	at io.appium.java_client.android.AndroidDriver.execute(AndroidDriver.java:1)
	at com.kms.katalon.core.appium.driver.SwipeableAndroidDriver.execute(SwipeableAndroidDriver.java:1)
	at org.openqa.selenium.remote.RemoteWebDriver$RemoteWebDriverOptions$RemoteWindow.getSize(RemoteWebDriver.java:813)
	at org.openqa.selenium.WebDriver$Window$getSize.call(Unknown Source)
	at com.kms.katalon.core.mobile.keyword.internal.MobileAbstractKeyword.findElement(MobileAbstractKeyword.groovy:81)
	at com.kms.katalon.core.mobile.keyword.builtin.VerifyElementExistKeyword.access$1(VerifyElementExistKeyword.groovy)
	at com.kms.katalon.core.mobile.keyword.builtin.VerifyElementExistKeyword$_verifyElementExist_closure1.doCall(VerifyElementExistKeyword.groovy:72)
	at com.kms.katalon.core.mobile.keyword.builtin.VerifyElementExistKeyword$_verifyElementExist_closure1.call(VerifyElementExistKeyword.groovy)
	at com.kms.katalon.core.mobile.keyword.internal.MobileKeywordMain.runKeyword(MobileKeywordMain.groovy:21)
	at com.kms.katalon.core.mobile.keyword.builtin.VerifyElementExistKeyword.verifyElementExist(VerifyElementExistKeyword.groovy:80)
	at com.kms.katalon.core.mobile.keyword.builtin.VerifyElementExistKeyword.execute(VerifyElementExistKeyword.groovy:64)
	at com.kms.katalon.core.keyword.internal.KeywordExecutor.executeKeywordForPlatform(KeywordExecutor.groovy:74)
	at com.kms.katalon.core.mobile.keyword.MobileBuiltInKeywords.verifyElementExist(MobileBuiltInKeywords.groovy:1755)
	at com.kms.katalon.core.mobile.keyword.MobileBuiltInKeywords$verifyElementExist$8.call(Unknown Source)
	at duitNow_mobileNumberFavTransaction.run(duitNow_mobileNumberFavTransaction:264)
	at com.kms.katalon.core.main.ScriptEngine.run(ScriptEngine.java:194)
	at com.kms.katalon.core.main.ScriptEngine.runScriptAsRawText(ScriptEngine.java:119)
	at com.kms.katalon.core.main.TestCaseExecutor.runScript(TestCaseExecutor.java:445)
	at com.kms.katalon.core.main.TestCaseExecutor.doExecute(TestCaseExecutor.java:436)
	at com.kms.katalon.core.main.TestCaseExecutor.processExecutionPhase(TestCaseExecutor.java:415)
	at com.kms.katalon.core.main.TestCaseExecutor.accessMainPhase(TestCaseExecutor.java:407)
	at com.kms.katalon.core.main.TestCaseExecutor.execute(TestCaseExecutor.java:284)
	at com.kms.katalon.core.common.CommonExecutor.accessTestCaseMainPhase(CommonExecutor.java:65)
	at com.kms.katalon.core.main.TestSuiteExecutor.accessTestSuiteMainPhase(TestSuiteExecutor.java:144)
	at com.kms.katalon.core.main.TestSuiteExecutor.execute(TestSuiteExecutor.java:106)
	at com.kms.katalon.core.main.TestCaseMain.startTestSuite(TestCaseMain.java:185)
	at com.kms.katalon.core.main.TestCaseMain$startTestSuite$0.call(Unknown Source)
	at TempTestSuite1655885093224.run(TempTestSuite1655885093224.groovy:36)
)

2022-06-22 16:49:35 - [MESSAGE][WARNING] - Timeout '0' is invalid. Using default page load timeout: '40'

2022-06-22 16:49:35 - [MESSAGE][FAILED] - Failed to check for element 'Object Repository/Duit Now/duitNowConfirmationNoteTitleTxt' exist (Root cause: org.openqa.selenium.WebDriverException: An unknown server-side error occurred while processing the command. Original error: 'GET /window/current/size' cannot be proxied to UiAutomator2 server because the instrumentation process is not running (probably crashed). Check the server log and/or the logcat output for more details
Build info: version: '3.141.59', revision: 'e82be7d358', time: '2018-11-14T08:25:53'
System info: host: '00139272s-MacBook-Pro.local', ip: '2001:e68:6167:d901:5dd8:2a3:885f:7e34%en0', os.name: 'Mac OS X', os.arch: 'x86_64', os.version: '10.16', java.version: '1.8.0_275'
Driver info: com.kms.katalon.core.appium.driver.SwipeableAndroidDriver
Capabilities {app: /Users/a00139272/Katalon St..., appActivity: com.maybank2u.life.MainActi..., appPackage: com.maybank2u.life.sit, appWaitActivity: *, autoGrantPermissions: true, automationName: uiautomator2, chromedriverPort: 52878, databaseEnabled: false, desired: {app: /Users/a00139272/Katalon St..., appActivity: com.maybank2u.life.MainActi..., appPackage: com.maybank2u.life.sit, appWaitActivity: *, autoGrantPermissions: true, automationName: uiautomator2, chromedriverPort: 52878, deviceId: 002b9cc60508, deviceName: Xiaomi 21061119AG (Android 11), fullReset: false, newCommandTimeout: 1800, noReset: true, platform: ANDROID, platformName: android, platformVersion: 11, systemPort: 52876, udid: 002b9cc60508}, deviceApiLevel: 30, deviceId: 002b9cc60508, deviceManufacturer: Xiaomi, deviceModel: 21061119AG, deviceName: 002b9cc60508, deviceScreenDensity: 440, deviceScreenSize: 1080x2400, deviceUDID: 002b9cc60508, fullReset: false, javascriptEnabled: true, locationContextEnabled: false, networkConnectionEnabled: true, newCommandTimeout: 1800, noReset: true, pixelRatio: 2.75, platform: ANDROID, platformName: Android, platformVersion: 11, statBarHeight: 103, systemPort: 52876, takesScreenshot: true, udid: 002b9cc60508, viewportRect: {height: 2064, left: 0, top: 103, width: 1080}, warnings: {}, webStorageEnabled: false}
Session ID: 07e0a906-f567-4646-abfd-84c6cc800d18
	at org.openqa.selenium.remote.http.W3CHttpResponseCodec.createException(W3CHttpResponseCodec.java:187)
	at org.openqa.selenium.remote.http.W3CHttpResponseCodec.decode(W3CHttpResponseCodec.java:122)
	at org.openqa.selenium.remote.http.W3CHttpResponseCodec.decode(W3CHttpResponseCodec.java:49)
	at org.openqa.selenium.remote.HttpCommandExecutor.execute(HttpCommandExecutor.java:158)
	at io.appium.java_client.remote.AppiumCommandExecutor.execute(AppiumCommandExecutor.java:239)
	at org.openqa.selenium.remote.RemoteWebDriver.execute(RemoteWebDriver.java:552)
	at io.appium.java_client.DefaultGenericMobileDriver.execute(DefaultGenericMobileDriver.java:46)
	at io.appium.java_client.AppiumDriver.execute(AppiumDriver.java:1)
	at io.appium.java_client.android.AndroidDriver.execute(AndroidDriver.java:1)
	at com.kms.katalon.core.appium.driver.SwipeableAndroidDriver.execute(SwipeableAndroidDriver.java:1)
	at org.openqa.selenium.remote.RemoteWebDriver$RemoteWebDriverOptions$RemoteWindow.getSize(RemoteWebDriver.java:813)
	at org.openqa.selenium.WebDriver$Window$getSize.call(Unknown Source)
	at com.kms.katalon.core.mobile.keyword.internal.MobileAbstractKeyword.findElement(MobileAbstractKeyword.groovy:81)
	at com.kms.katalon.core.mobile.keyword.builtin.VerifyElementExistKeyword.access$1(VerifyElementExistKeyword.groovy)
	at com.kms.katalon.core.mobile.keyword.builtin.VerifyElementExistKeyword$_verifyElementExist_closure1.doCall(VerifyElementExistKeyword.groovy:72)
	at com.kms.katalon.core.mobile.keyword.builtin.VerifyElementExistKeyword$_verifyElementExist_closure1.call(VerifyElementExistKeyword.groovy)
	at com.kms.katalon.core.mobile.keyword.internal.MobileKeywordMain.runKeyword(MobileKeywordMain.groovy:21)
	at com.kms.katalon.core.mobile.keyword.builtin.VerifyElementExistKeyword.verifyElementExist(VerifyElementExistKeyword.groovy:80)
	at com.kms.katalon.core.mobile.keyword.builtin.VerifyElementExistKeyword.execute(VerifyElementExistKeyword.groovy:64)
	at com.kms.katalon.core.keyword.internal.KeywordExecutor.executeKeywordForPlatform(KeywordExecutor.groovy:74)
	at com.kms.katalon.core.mobile.keyword.MobileBuiltInKeywords.verifyElementExist(MobileBuiltInKeywords.groovy:1755)
	at com.kms.katalon.core.mobile.keyword.MobileBuiltInKeywords$verifyElementExist$8.call(Unknown Source)
	at duitNow_mobileNumberFavTransaction.run(duitNow_mobileNumberFavTransaction:264)
	at com.kms.katalon.core.main.ScriptEngine.run(ScriptEngine.java:194)
	at com.kms.katalon.core.main.ScriptEngine.runScriptAsRawText(ScriptEngine.java:119)
	at com.kms.katalon.core.main.TestCaseExecutor.runScript(TestCaseExecutor.java:445)
	at com.kms.katalon.core.main.TestCaseExecutor.doExecute(TestCaseExecutor.java:436)
	at com.kms.katalon.core.main.TestCaseExecutor.processExecutionPhase(TestCaseExecutor.java:415)
	at com.kms.katalon.core.main.TestCaseExecutor.accessMainPhase(TestCaseExecutor.java:407)
	at com.kms.katalon.core.main.TestCaseExecutor.execute(TestCaseExecutor.java:284)
	at com.kms.katalon.core.common.CommonExecutor.accessTestCaseMainPhase(CommonExecutor.java:65)
	at com.kms.katalon.core.main.TestSuiteExecutor.accessTestSuiteMainPhase(TestSuiteExecutor.java:144)
	at com.kms.katalon.core.main.TestSuiteExecutor.execute(TestSuiteExecutor.java:106)
	at com.kms.katalon.core.main.TestCaseMain.startTestSuite(TestCaseMain.java:185)
	at com.kms.katalon.core.main.TestCaseMain$startTestSuite$0.call(Unknown Source)
	at TempTestSuite1655885093224.run(TempTestSuite1655885093224.groovy:36)
)

2022-06-22 16:49:35 - [TEST_STEP][FAILED] - verifyElementExist(findTestObject("Duit Now/duitNowConfirmationDeclarationTitleTxt"), 0): Failed to check for element 'Object Repository/Duit Now/duitNowConfirmationDeclarationTitleTxt' exist (Root cause: org.openqa.selenium.WebDriverException: An unknown server-side error occurred while processing the command. Original error: 'GET /window/current/size' cannot be proxied to UiAutomator2 server because the instrumentation process is not running (probably crashed). Check the server log and/or the logcat output for more details
Build info: version: '3.141.59', revision: 'e82be7d358', time: '2018-11-14T08:25:53'
System info: host: '00139272s-MacBook-Pro.local', ip: '2001:e68:6167:d901:5dd8:2a3:885f:7e34%en0', os.name: 'Mac OS X', os.arch: 'x86_64', os.version: '10.16', java.version: '1.8.0_275'
Driver info: com.kms.katalon.core.appium.driver.SwipeableAndroidDriver
Capabilities {app: /Users/a00139272/Katalon St..., appActivity: com.maybank2u.life.MainActi..., appPackage: com.maybank2u.life.sit, appWaitActivity: *, autoGrantPermissions: true, automationName: uiautomator2, chromedriverPort: 52878, databaseEnabled: false, desired: {app: /Users/a00139272/Katalon St..., appActivity: com.maybank2u.life.MainActi..., appPackage: com.maybank2u.life.sit, appWaitActivity: *, autoGrantPermissions: true, automationName: uiautomator2, chromedriverPort: 52878, deviceId: 002b9cc60508, deviceName: Xiaomi 21061119AG (Android 11), fullReset: false, newCommandTimeout: 1800, noReset: true, platform: ANDROID, platformName: android, platformVersion: 11, systemPort: 52876, udid: 002b9cc60508}, deviceApiLevel: 30, deviceId: 002b9cc60508, deviceManufacturer: Xiaomi, deviceModel: 21061119AG, deviceName: 002b9cc60508, deviceScreenDensity: 440, deviceScreenSize: 1080x2400, deviceUDID: 002b9cc60508, fullReset: false, javascriptEnabled: true, locationContextEnabled: false, networkConnectionEnabled: true, newCommandTimeout: 1800, noReset: true, pixelRatio: 2.75, platform: ANDROID, platformName: Android, platformVersion: 11, statBarHeight: 103, systemPort: 52876, takesScreenshot: true, udid: 002b9cc60508, viewportRect: {height: 2064, left: 0, top: 103, width: 1080}, warnings: {}, webStorageEnabled: false}
Session ID: 07e0a906-f567-4646-abfd-84c6cc800d18
	at org.openqa.selenium.remote.http.W3CHttpResponseCodec.createException(W3CHttpResponseCodec.java:187)
	at org.openqa.selenium.remote.http.W3CHttpResponseCodec.decode(W3CHttpResponseCodec.java:122)
	at org.openqa.selenium.remote.http.W3CHttpResponseCodec.decode(W3CHttpResponseCodec.java:49)
	at org.openqa.selenium.remote.HttpCommandExecutor.execute(HttpCommandExecutor.java:158)
	at io.appium.java_client.remote.AppiumCommandExecutor.execute(AppiumCommandExecutor.java:239)
	at org.openqa.selenium.remote.RemoteWebDriver.execute(RemoteWebDriver.java:552)
	at io.appium.java_client.DefaultGenericMobileDriver.execute(DefaultGenericMobileDriver.java:46)
	at io.appium.java_client.AppiumDriver.execute(AppiumDriver.java:1)
	at io.appium.java_client.android.AndroidDriver.execute(AndroidDriver.java:1)
	at com.kms.katalon.core.appium.driver.SwipeableAndroidDriver.execute(SwipeableAndroidDriver.java:1)
	at org.openqa.selenium.remote.RemoteWebDriver$RemoteWebDriverOptions$RemoteWindow.getSize(RemoteWebDriver.java:813)
	at org.openqa.selenium.WebDriver$Window$getSize.call(Unknown Source)
	at com.kms.katalon.core.mobile.keyword.internal.MobileAbstractKeyword.findElement(MobileAbstractKeyword.groovy:81)
	at com.kms.katalon.core.mobile.keyword.builtin.VerifyElementExistKeyword.access$1(VerifyElementExistKeyword.groovy)
	at com.kms.katalon.core.mobile.keyword.builtin.VerifyElementExistKeyword$_verifyElementExist_closure1.doCall(VerifyElementExistKeyword.groovy:72)
	at com.kms.katalon.core.mobile.keyword.builtin.VerifyElementExistKeyword$_verifyElementExist_closure1.call(VerifyElementExistKeyword.groovy)
	at com.kms.katalon.core.mobile.keyword.internal.MobileKeywordMain.runKeyword(MobileKeywordMain.groovy:21)
	at com.kms.katalon.core.mobile.keyword.builtin.VerifyElementExistKeyword.verifyElementExist(VerifyElementExistKeyword.groovy:80)
	at com.kms.katalon.core.mobile.keyword.builtin.VerifyElementExistKeyword.execute(VerifyElementExistKeyword.groovy:64)
	at com.kms.katalon.core.keyword.internal.KeywordExecutor.executeKeywordForPlatform(KeywordExecutor.groovy:74)
	at com.kms.katalon.core.mobile.keyword.MobileBuiltInKeywords.verifyElementExist(MobileBuiltInKeywords.groovy:1755)
	at com.kms.katalon.core.mobile.keyword.MobileBuiltInKeywords$verifyElementExist$8.call(Unknown Source)
	at duitNow_mobileNumberFavTransaction.run(duitNow_mobileNumberFavTransaction:266)
	at com.kms.katalon.core.main.ScriptEngine.run(ScriptEngine.java:194)
	at com.kms.katalon.core.main.ScriptEngine.runScriptAsRawText(ScriptEngine.java:119)
	at com.kms.katalon.core.main.TestCaseExecutor.runScript(TestCaseExecutor.java:445)
	at com.kms.katalon.core.main.TestCaseExecutor.doExecute(TestCaseExecutor.java:436)
	at com.kms.katalon.core.main.TestCaseExecutor.processExecutionPhase(TestCaseExecutor.java:415)
	at com.kms.katalon.core.main.TestCaseExecutor.accessMainPhase(TestCaseExecutor.java:407)
	at com.kms.katalon.core.main.TestCaseExecutor.execute(TestCaseExecutor.java:284)
	at com.kms.katalon.core.common.CommonExecutor.accessTestCaseMainPhase(CommonExecutor.java:65)
	at com.kms.katalon.core.main.TestSuiteExecutor.accessTestSuiteMainPhase(TestSuiteExecutor.java:144)
	at com.kms.katalon.core.main.TestSuiteExecutor.execute(TestSuiteExecutor.java:106)
	at com.kms.katalon.core.main.TestCaseMain.startTestSuite(TestCaseMain.java:185)
	at com.kms.katalon.core.main.TestCaseMain$startTestSuite$0.call(Unknown Source)
	at TempTestSuite1655885093224.run(TempTestSuite1655885093224.groovy:36)
)

2022-06-22 16:49:35 - [MESSAGE][WARNING] - Timeout '0' is invalid. Using default page load timeout: '40'

2022-06-22 16:49:35 - [MESSAGE][FAILED] - Failed to check for element 'Object Repository/Duit Now/duitNowConfirmationDeclarationTitleTxt' exist (Root cause: org.openqa.selenium.WebDriverException: An unknown server-side error occurred while processing the command. Original error: 'GET /window/current/size' cannot be proxied to UiAutomator2 server because the instrumentation process is not running (probably crashed). Check the server log and/or the logcat output for more details
Build info: version: '3.141.59', revision: 'e82be7d358', time: '2018-11-14T08:25:53'
System info: host: '00139272s-MacBook-Pro.local', ip: '2001:e68:6167:d901:5dd8:2a3:885f:7e34%en0', os.name: 'Mac OS X', os.arch: 'x86_64', os.version: '10.16', java.version: '1.8.0_275'
Driver info: com.kms.katalon.core.appium.driver.SwipeableAndroidDriver
Capabilities {app: /Users/a00139272/Katalon St..., appActivity: com.maybank2u.life.MainActi..., appPackage: com.maybank2u.life.sit, appWaitActivity: *, autoGrantPermissions: true, automationName: uiautomator2, chromedriverPort: 52878, databaseEnabled: false, desired: {app: /Users/a00139272/Katalon St..., appActivity: com.maybank2u.life.MainActi..., appPackage: com.maybank2u.life.sit, appWaitActivity: *, autoGrantPermissions: true, automationName: uiautomator2, chromedriverPort: 52878, deviceId: 002b9cc60508, deviceName: Xiaomi 21061119AG (Android 11), fullReset: false, newCommandTimeout: 1800, noReset: true, platform: ANDROID, platformName: android, platformVersion: 11, systemPort: 52876, udid: 002b9cc60508}, deviceApiLevel: 30, deviceId: 002b9cc60508, deviceManufacturer: Xiaomi, deviceModel: 21061119AG, deviceName: 002b9cc60508, deviceScreenDensity: 440, deviceScreenSize: 1080x2400, deviceUDID: 002b9cc60508, fullReset: false, javascriptEnabled: true, locationContextEnabled: false, networkConnectionEnabled: true, newCommandTimeout: 1800, noReset: true, pixelRatio: 2.75, platform: ANDROID, platformName: Android, platformVersion: 11, statBarHeight: 103, systemPort: 52876, takesScreenshot: true, udid: 002b9cc60508, viewportRect: {height: 2064, left: 0, top: 103, width: 1080}, warnings: {}, webStorageEnabled: false}
Session ID: 07e0a906-f567-4646-abfd-84c6cc800d18
	at org.openqa.selenium.remote.http.W3CHttpResponseCodec.createException(W3CHttpResponseCodec.java:187)
	at org.openqa.selenium.remote.http.W3CHttpResponseCodec.decode(W3CHttpResponseCodec.java:122)
	at org.openqa.selenium.remote.http.W3CHttpResponseCodec.decode(W3CHttpResponseCodec.java:49)
	at org.openqa.selenium.remote.HttpCommandExecutor.execute(HttpCommandExecutor.java:158)
	at io.appium.java_client.remote.AppiumCommandExecutor.execute(AppiumCommandExecutor.java:239)
	at org.openqa.selenium.remote.RemoteWebDriver.execute(RemoteWebDriver.java:552)
	at io.appium.java_client.DefaultGenericMobileDriver.execute(DefaultGenericMobileDriver.java:46)
	at io.appium.java_client.AppiumDriver.execute(AppiumDriver.java:1)
	at io.appium.java_client.android.AndroidDriver.execute(AndroidDriver.java:1)
	at com.kms.katalon.core.appium.driver.SwipeableAndroidDriver.execute(SwipeableAndroidDriver.java:1)
	at org.openqa.selenium.remote.RemoteWebDriver$RemoteWebDriverOptions$RemoteWindow.getSize(RemoteWebDriver.java:813)
	at org.openqa.selenium.WebDriver$Window$getSize.call(Unknown Source)
	at com.kms.katalon.core.mobile.keyword.internal.MobileAbstractKeyword.findElement(MobileAbstractKeyword.groovy:81)
	at com.kms.katalon.core.mobile.keyword.builtin.VerifyElementExistKeyword.access$1(VerifyElementExistKeyword.groovy)
	at com.kms.katalon.core.mobile.keyword.builtin.VerifyElementExistKeyword$_verifyElementExist_closure1.doCall(VerifyElementExistKeyword.groovy:72)
	at com.kms.katalon.core.mobile.keyword.builtin.VerifyElementExistKeyword$_verifyElementExist_closure1.call(VerifyElementExistKeyword.groovy)
	at com.kms.katalon.core.mobile.keyword.internal.MobileKeywordMain.runKeyword(MobileKeywordMain.groovy:21)
	at com.kms.katalon.core.mobile.keyword.builtin.VerifyElementExistKeyword.verifyElementExist(VerifyElementExistKeyword.groovy:80)
	at com.kms.katalon.core.mobile.keyword.builtin.VerifyElementExistKeyword.execute(VerifyElementExistKeyword.groovy:64)
	at com.kms.katalon.core.keyword.internal.KeywordExecutor.executeKeywordForPlatform(KeywordExecutor.groovy:74)
	at com.kms.katalon.core.mobile.keyword.MobileBuiltInKeywords.verifyElementExist(MobileBuiltInKeywords.groovy:1755)
	at com.kms.katalon.core.mobile.keyword.MobileBuiltInKeywords$verifyElementExist$8.call(Unknown Source)
	at duitNow_mobileNumberFavTransaction.run(duitNow_mobileNumberFavTransaction:266)
	at com.kms.katalon.core.main.ScriptEngine.run(ScriptEngine.java:194)
	at com.kms.katalon.core.main.ScriptEngine.runScriptAsRawText(ScriptEngine.java:119)
	at com.kms.katalon.core.main.TestCaseExecutor.runScript(TestCaseExecutor.java:445)
	at com.kms.katalon.core.main.TestCaseExecutor.doExecute(TestCaseExecutor.java:436)
	at com.kms.katalon.core.main.TestCaseExecutor.processExecutionPhase(TestCaseExecutor.java:415)
	at com.kms.katalon.core.main.TestCaseExecutor.accessMainPhase(TestCaseExecutor.java:407)
	at com.kms.katalon.core.main.TestCaseExecutor.execute(TestCaseExecutor.java:284)
	at com.kms.katalon.core.common.CommonExecutor.accessTestCaseMainPhase(CommonExecutor.java:65)
	at com.kms.katalon.core.main.TestSuiteExecutor.accessTestSuiteMainPhase(TestSuiteExecutor.java:144)
	at com.kms.katalon.core.main.TestSuiteExecutor.execute(TestSuiteExecutor.java:106)
	at com.kms.katalon.core.main.TestCaseMain.startTestSuite(TestCaseMain.java:185)
	at com.kms.katalon.core.main.TestCaseMain$startTestSuite$0.call(Unknown Source)
	at TempTestSuite1655885093224.run(TempTestSuite1655885093224.groovy:36)
)

2022-06-22 16:49:35 - [TEST_STEP][FAILED] - verifyElementExist(findTestObject("Duit Now/duitNowConfirmationTnCTitleTxt"), 0): Failed to check for element 'Object Repository/Duit Now/duitNowConfirmationTnCTitleTxt' exist (Root cause: org.openqa.selenium.WebDriverException: An unknown server-side error occurred while processing the command. Original error: 'GET /window/current/size' cannot be proxied to UiAutomator2 server because the instrumentation process is not running (probably crashed). Check the server log and/or the logcat output for more details
Build info: version: '3.141.59', revision: 'e82be7d358', time: '2018-11-14T08:25:53'
System info: host: '00139272s-MacBook-Pro.local', ip: '2001:e68:6167:d901:5dd8:2a3:885f:7e34%en0', os.name: 'Mac OS X', os.arch: 'x86_64', os.version: '10.16', java.version: '1.8.0_275'
Driver info: com.kms.katalon.core.appium.driver.SwipeableAndroidDriver
Capabilities {app: /Users/a00139272/Katalon St..., appActivity: com.maybank2u.life.MainActi..., appPackage: com.maybank2u.life.sit, appWaitActivity: *, autoGrantPermissions: true, automationName: uiautomator2, chromedriverPort: 52878, databaseEnabled: false, desired: {app: /Users/a00139272/Katalon St..., appActivity: com.maybank2u.life.MainActi..., appPackage: com.maybank2u.life.sit, appWaitActivity: *, autoGrantPermissions: true, automationName: uiautomator2, chromedriverPort: 52878, deviceId: 002b9cc60508, deviceName: Xiaomi 21061119AG (Android 11), fullReset: false, newCommandTimeout: 1800, noReset: true, platform: ANDROID, platformName: android, platformVersion: 11, systemPort: 52876, udid: 002b9cc60508}, deviceApiLevel: 30, deviceId: 002b9cc60508, deviceManufacturer: Xiaomi, deviceModel: 21061119AG, deviceName: 002b9cc60508, deviceScreenDensity: 440, deviceScreenSize: 1080x2400, deviceUDID: 002b9cc60508, fullReset: false, javascriptEnabled: true, locationContextEnabled: false, networkConnectionEnabled: true, newCommandTimeout: 1800, noReset: true, pixelRatio: 2.75, platform: ANDROID, platformName: Android, platformVersion: 11, statBarHeight: 103, systemPort: 52876, takesScreenshot: true, udid: 002b9cc60508, viewportRect: {height: 2064, left: 0, top: 103, width: 1080}, warnings: {}, webStorageEnabled: false}
Session ID: 07e0a906-f567-4646-abfd-84c6cc800d18
	at org.openqa.selenium.remote.http.W3CHttpResponseCodec.createException(W3CHttpResponseCodec.java:187)
	at org.openqa.selenium.remote.http.W3CHttpResponseCodec.decode(W3CHttpResponseCodec.java:122)
	at org.openqa.selenium.remote.http.W3CHttpResponseCodec.decode(W3CHttpResponseCodec.java:49)
	at org.openqa.selenium.remote.HttpCommandExecutor.execute(HttpCommandExecutor.java:158)
	at io.appium.java_client.remote.AppiumCommandExecutor.execute(AppiumCommandExecutor.java:239)
	at org.openqa.selenium.remote.RemoteWebDriver.execute(RemoteWebDriver.java:552)
	at io.appium.java_client.DefaultGenericMobileDriver.execute(DefaultGenericMobileDriver.java:46)
	at io.appium.java_client.AppiumDriver.execute(AppiumDriver.java:1)
	at io.appium.java_client.android.AndroidDriver.execute(AndroidDriver.java:1)
	at com.kms.katalon.core.appium.driver.SwipeableAndroidDriver.execute(SwipeableAndroidDriver.java:1)
	at org.openqa.selenium.remote.RemoteWebDriver$RemoteWebDriverOptions$RemoteWindow.getSize(RemoteWebDriver.java:813)
	at org.openqa.selenium.WebDriver$Window$getSize.call(Unknown Source)
	at com.kms.katalon.core.mobile.keyword.internal.MobileAbstractKeyword.findElement(MobileAbstractKeyword.groovy:81)
	at com.kms.katalon.core.mobile.keyword.builtin.VerifyElementExistKeyword.access$1(VerifyElementExistKeyword.groovy)
	at com.kms.katalon.core.mobile.keyword.builtin.VerifyElementExistKeyword$_verifyElementExist_closure1.doCall(VerifyElementExistKeyword.groovy:72)
	at com.kms.katalon.core.mobile.keyword.builtin.VerifyElementExistKeyword$_verifyElementExist_closure1.call(VerifyElementExistKeyword.groovy)
	at com.kms.katalon.core.mobile.keyword.internal.MobileKeywordMain.runKeyword(MobileKeywordMain.groovy:21)
	at com.kms.katalon.core.mobile.keyword.builtin.VerifyElementExistKeyword.verifyElementExist(VerifyElementExistKeyword.groovy:80)
	at com.kms.katalon.core.mobile.keyword.builtin.VerifyElementExistKeyword.execute(VerifyElementExistKeyword.groovy:64)
	at com.kms.katalon.core.keyword.internal.KeywordExecutor.executeKeywordForPlatform(KeywordExecutor.groovy:74)
	at com.kms.katalon.core.mobile.keyword.MobileBuiltInKeywords.verifyElementExist(MobileBuiltInKeywords.groovy:1755)
	at com.kms.katalon.core.mobile.keyword.MobileBuiltInKeywords$verifyElementExist$8.call(Unknown Source)
	at duitNow_mobileNumberFavTransaction.run(duitNow_mobileNumberFavTransaction:268)
	at com.kms.katalon.core.main.ScriptEngine.run(ScriptEngine.java:194)
	at com.kms.katalon.core.main.ScriptEngine.runScriptAsRawText(ScriptEngine.java:119)
	at com.kms.katalon.core.main.TestCaseExecutor.runScript(TestCaseExecutor.java:445)
	at com.kms.katalon.core.main.TestCaseExecutor.doExecute(TestCaseExecutor.java:436)
	at com.kms.katalon.core.main.TestCaseExecutor.processExecutionPhase(TestCaseExecutor.java:415)
	at com.kms.katalon.core.main.TestCaseExecutor.accessMainPhase(TestCaseExecutor.java:407)
	at com.kms.katalon.core.main.TestCaseExecutor.execute(TestCaseExecutor.java:284)
	at com.kms.katalon.core.common.CommonExecutor.accessTestCaseMainPhase(CommonExecutor.java:65)
	at com.kms.katalon.core.main.TestSuiteExecutor.accessTestSuiteMainPhase(TestSuiteExecutor.java:144)
	at com.kms.katalon.core.main.TestSuiteExecutor.execute(TestSuiteExecutor.java:106)
	at com.kms.katalon.core.main.TestCaseMain.startTestSuite(TestCaseMain.java:185)
	at com.kms.katalon.core.main.TestCaseMain$startTestSuite$0.call(Unknown Source)
	at TempTestSuite1655885093224.run(TempTestSuite1655885093224.groovy:36)
)

2022-06-22 16:49:35 - [MESSAGE][WARNING] - Timeout '0' is invalid. Using default page load timeout: '40'

2022-06-22 16:49:35 - [MESSAGE][FAILED] - Failed to check for element 'Object Repository/Duit Now/duitNowConfirmationTnCTitleTxt' exist (Root cause: org.openqa.selenium.WebDriverException: An unknown server-side error occurred while processing the command. Original error: 'GET /window/current/size' cannot be proxied to UiAutomator2 server because the instrumentation process is not running (probably crashed). Check the server log and/or the logcat output for more details
Build info: version: '3.141.59', revision: 'e82be7d358', time: '2018-11-14T08:25:53'
System info: host: '00139272s-MacBook-Pro.local', ip: '2001:e68:6167:d901:5dd8:2a3:885f:7e34%en0', os.name: 'Mac OS X', os.arch: 'x86_64', os.version: '10.16', java.version: '1.8.0_275'
Driver info: com.kms.katalon.core.appium.driver.SwipeableAndroidDriver
Capabilities {app: /Users/a00139272/Katalon St..., appActivity: com.maybank2u.life.MainActi..., appPackage: com.maybank2u.life.sit, appWaitActivity: *, autoGrantPermissions: true, automationName: uiautomator2, chromedriverPort: 52878, databaseEnabled: false, desired: {app: /Users/a00139272/Katalon St..., appActivity: com.maybank2u.life.MainActi..., appPackage: com.maybank2u.life.sit, appWaitActivity: *, autoGrantPermissions: true, automationName: uiautomator2, chromedriverPort: 52878, deviceId: 002b9cc60508, deviceName: Xiaomi 21061119AG (Android 11), fullReset: false, newCommandTimeout: 1800, noReset: true, platform: ANDROID, platformName: android, platformVersion: 11, systemPort: 52876, udid: 002b9cc60508}, deviceApiLevel: 30, deviceId: 002b9cc60508, deviceManufacturer: Xiaomi, deviceModel: 21061119AG, deviceName: 002b9cc60508, deviceScreenDensity: 440, deviceScreenSize: 1080x2400, deviceUDID: 002b9cc60508, fullReset: false, javascriptEnabled: true, locationContextEnabled: false, networkConnectionEnabled: true, newCommandTimeout: 1800, noReset: true, pixelRatio: 2.75, platform: ANDROID, platformName: Android, platformVersion: 11, statBarHeight: 103, systemPort: 52876, takesScreenshot: true, udid: 002b9cc60508, viewportRect: {height: 2064, left: 0, top: 103, width: 1080}, warnings: {}, webStorageEnabled: false}
Session ID: 07e0a906-f567-4646-abfd-84c6cc800d18
	at org.openqa.selenium.remote.http.W3CHttpResponseCodec.createException(W3CHttpResponseCodec.java:187)
	at org.openqa.selenium.remote.http.W3CHttpResponseCodec.decode(W3CHttpResponseCodec.java:122)
	at org.openqa.selenium.remote.http.W3CHttpResponseCodec.decode(W3CHttpResponseCodec.java:49)
	at org.openqa.selenium.remote.HttpCommandExecutor.execute(HttpCommandExecutor.java:158)
	at io.appium.java_client.remote.AppiumCommandExecutor.execute(AppiumCommandExecutor.java:239)
	at org.openqa.selenium.remote.RemoteWebDriver.execute(RemoteWebDriver.java:552)
	at io.appium.java_client.DefaultGenericMobileDriver.execute(DefaultGenericMobileDriver.java:46)
	at io.appium.java_client.AppiumDriver.execute(AppiumDriver.java:1)
	at io.appium.java_client.android.AndroidDriver.execute(AndroidDriver.java:1)
	at com.kms.katalon.core.appium.driver.SwipeableAndroidDriver.execute(SwipeableAndroidDriver.java:1)
	at org.openqa.selenium.remote.RemoteWebDriver$RemoteWebDriverOptions$RemoteWindow.getSize(RemoteWebDriver.java:813)
	at org.openqa.selenium.WebDriver$Window$getSize.call(Unknown Source)
	at com.kms.katalon.core.mobile.keyword.internal.MobileAbstractKeyword.findElement(MobileAbstractKeyword.groovy:81)
	at com.kms.katalon.core.mobile.keyword.builtin.VerifyElementExistKeyword.access$1(VerifyElementExistKeyword.groovy)
	at com.kms.katalon.core.mobile.keyword.builtin.VerifyElementExistKeyword$_verifyElementExist_closure1.doCall(VerifyElementExistKeyword.groovy:72)
	at com.kms.katalon.core.mobile.keyword.builtin.VerifyElementExistKeyword$_verifyElementExist_closure1.call(VerifyElementExistKeyword.groovy)
	at com.kms.katalon.core.mobile.keyword.internal.MobileKeywordMain.runKeyword(MobileKeywordMain.groovy:21)
	at com.kms.katalon.core.mobile.keyword.builtin.VerifyElementExistKeyword.verifyElementExist(VerifyElementExistKeyword.groovy:80)
	at com.kms.katalon.core.mobile.keyword.builtin.VerifyElementExistKeyword.execute(VerifyElementExistKeyword.groovy:64)
	at com.kms.katalon.core.keyword.internal.KeywordExecutor.executeKeywordForPlatform(KeywordExecutor.groovy:74)
	at com.kms.katalon.core.mobile.keyword.MobileBuiltInKeywords.verifyElementExist(MobileBuiltInKeywords.groovy:1755)
	at com.kms.katalon.core.mobile.keyword.MobileBuiltInKeywords$verifyElementExist$8.call(Unknown Source)
	at duitNow_mobileNumberFavTransaction.run(duitNow_mobileNumberFavTransaction:268)
	at com.kms.katalon.core.main.ScriptEngine.run(ScriptEngine.java:194)
	at com.kms.katalon.core.main.ScriptEngine.runScriptAsRawText(ScriptEngine.java:119)
	at com.kms.katalon.core.main.TestCaseExecutor.runScript(TestCaseExecutor.java:445)
	at com.kms.katalon.core.main.TestCaseExecutor.doExecute(TestCaseExecutor.java:436)
	at com.kms.katalon.core.main.TestCaseExecutor.processExecutionPhase(TestCaseExecutor.java:415)
	at com.kms.katalon.core.main.TestCaseExecutor.accessMainPhase(TestCaseExecutor.java:407)
	at com.kms.katalon.core.main.TestCaseExecutor.execute(TestCaseExecutor.java:284)
	at com.kms.katalon.core.common.CommonExecutor.accessTestCaseMainPhase(CommonExecutor.java:65)
	at com.kms.katalon.core.main.TestSuiteExecutor.accessTestSuiteMainPhase(TestSuiteExecutor.java:144)
	at com.kms.katalon.core.main.TestSuiteExecutor.execute(TestSuiteExecutor.java:106)
	at com.kms.katalon.core.main.TestCaseMain.startTestSuite(TestCaseMain.java:185)
	at com.kms.katalon.core.main.TestCaseMain$startTestSuite$0.call(Unknown Source)
	at TempTestSuite1655885093224.run(TempTestSuite1655885093224.groovy:36)
)

2022-06-22 16:49:35 - [TEST_STEP][FAILED] - verifyElementExist(findTestObject("Duit Now/duitNowConfirmationNoteContentTxt"), 0): Failed to check for element 'Object Repository/Duit Now/duitNowConfirmationNoteContentTxt' exist (Root cause: org.openqa.selenium.WebDriverException: An unknown server-side error occurred while processing the command. Original error: 'GET /window/current/size' cannot be proxied to UiAutomator2 server because the instrumentation process is not running (probably crashed). Check the server log and/or the logcat output for more details
Build info: version: '3.141.59', revision: 'e82be7d358', time: '2018-11-14T08:25:53'
System info: host: '00139272s-MacBook-Pro.local', ip: '2001:e68:6167:d901:5dd8:2a3:885f:7e34%en0', os.name: 'Mac OS X', os.arch: 'x86_64', os.version: '10.16', java.version: '1.8.0_275'
Driver info: com.kms.katalon.core.appium.driver.SwipeableAndroidDriver
Capabilities {app: /Users/a00139272/Katalon St..., appActivity: com.maybank2u.life.MainActi..., appPackage: com.maybank2u.life.sit, appWaitActivity: *, autoGrantPermissions: true, automationName: uiautomator2, chromedriverPort: 52878, databaseEnabled: false, desired: {app: /Users/a00139272/Katalon St..., appActivity: com.maybank2u.life.MainActi..., appPackage: com.maybank2u.life.sit, appWaitActivity: *, autoGrantPermissions: true, automationName: uiautomator2, chromedriverPort: 52878, deviceId: 002b9cc60508, deviceName: Xiaomi 21061119AG (Android 11), fullReset: false, newCommandTimeout: 1800, noReset: true, platform: ANDROID, platformName: android, platformVersion: 11, systemPort: 52876, udid: 002b9cc60508}, deviceApiLevel: 30, deviceId: 002b9cc60508, deviceManufacturer: Xiaomi, deviceModel: 21061119AG, deviceName: 002b9cc60508, deviceScreenDensity: 440, deviceScreenSize: 1080x2400, deviceUDID: 002b9cc60508, fullReset: false, javascriptEnabled: true, locationContextEnabled: false, networkConnectionEnabled: true, newCommandTimeout: 1800, noReset: true, pixelRatio: 2.75, platform: ANDROID, platformName: Android, platformVersion: 11, statBarHeight: 103, systemPort: 52876, takesScreenshot: true, udid: 002b9cc60508, viewportRect: {height: 2064, left: 0, top: 103, width: 1080}, warnings: {}, webStorageEnabled: false}
Session ID: 07e0a906-f567-4646-abfd-84c6cc800d18
	at org.openqa.selenium.remote.http.W3CHttpResponseCodec.createException(W3CHttpResponseCodec.java:187)
	at org.openqa.selenium.remote.http.W3CHttpResponseCodec.decode(W3CHttpResponseCodec.java:122)
	at org.openqa.selenium.remote.http.W3CHttpResponseCodec.decode(W3CHttpResponseCodec.java:49)
	at org.openqa.selenium.remote.HttpCommandExecutor.execute(HttpCommandExecutor.java:158)
	at io.appium.java_client.remote.AppiumCommandExecutor.execute(AppiumCommandExecutor.java:239)
	at org.openqa.selenium.remote.RemoteWebDriver.execute(RemoteWebDriver.java:552)
	at io.appium.java_client.DefaultGenericMobileDriver.execute(DefaultGenericMobileDriver.java:46)
	at io.appium.java_client.AppiumDriver.execute(AppiumDriver.java:1)
	at io.appium.java_client.android.AndroidDriver.execute(AndroidDriver.java:1)
	at com.kms.katalon.core.appium.driver.SwipeableAndroidDriver.execute(SwipeableAndroidDriver.java:1)
	at org.openqa.selenium.remote.RemoteWebDriver$RemoteWebDriverOptions$RemoteWindow.getSize(RemoteWebDriver.java:813)
	at org.openqa.selenium.WebDriver$Window$getSize.call(Unknown Source)
	at com.kms.katalon.core.mobile.keyword.internal.MobileAbstractKeyword.findElement(MobileAbstractKeyword.groovy:81)
	at com.kms.katalon.core.mobile.keyword.builtin.VerifyElementExistKeyword.access$1(VerifyElementExistKeyword.groovy)
	at com.kms.katalon.core.mobile.keyword.builtin.VerifyElementExistKeyword$_verifyElementExist_closure1.doCall(VerifyElementExistKeyword.groovy:72)
	at com.kms.katalon.core.mobile.keyword.builtin.VerifyElementExistKeyword$_verifyElementExist_closure1.call(VerifyElementExistKeyword.groovy)
	at com.kms.katalon.core.mobile.keyword.internal.MobileKeywordMain.runKeyword(MobileKeywordMain.groovy:21)
	at com.kms.katalon.core.mobile.keyword.builtin.VerifyElementExistKeyword.verifyElementExist(VerifyElementExistKeyword.groovy:80)
	at com.kms.katalon.core.mobile.keyword.builtin.VerifyElementExistKeyword.execute(VerifyElementExistKeyword.groovy:64)
	at com.kms.katalon.core.keyword.internal.KeywordExecutor.executeKeywordForPlatform(KeywordExecutor.groovy:74)
	at com.kms.katalon.core.mobile.keyword.MobileBuiltInKeywords.verifyElementExist(MobileBuiltInKeywords.groovy:1755)
	at com.kms.katalon.core.mobile.keyword.MobileBuiltInKeywords$verifyElementExist$8.call(Unknown Source)
	at duitNow_mobileNumberFavTransaction.run(duitNow_mobileNumberFavTransaction:270)
	at com.kms.katalon.core.main.ScriptEngine.run(ScriptEngine.java:194)
	at com.kms.katalon.core.main.ScriptEngine.runScriptAsRawText(ScriptEngine.java:119)
	at com.kms.katalon.core.main.TestCaseExecutor.runScript(TestCaseExecutor.java:445)
	at com.kms.katalon.core.main.TestCaseExecutor.doExecute(TestCaseExecutor.java:436)
	at com.kms.katalon.core.main.TestCaseExecutor.processExecutionPhase(TestCaseExecutor.java:415)
	at com.kms.katalon.core.main.TestCaseExecutor.accessMainPhase(TestCaseExecutor.java:407)
	at com.kms.katalon.core.main.TestCaseExecutor.execute(TestCaseExecutor.java:284)
	at com.kms.katalon.core.common.CommonExecutor.accessTestCaseMainPhase(CommonExecutor.java:65)
	at com.kms.katalon.core.main.TestSuiteExecutor.accessTestSuiteMainPhase(TestSuiteExecutor.java:144)
	at com.kms.katalon.core.main.TestSuiteExecutor.execute(TestSuiteExecutor.java:106)
	at com.kms.katalon.core.main.TestCaseMain.startTestSuite(TestCaseMain.java:185)
	at com.kms.katalon.core.main.TestCaseMain$startTestSuite$0.call(Unknown Source)
	at TempTestSuite1655885093224.run(TempTestSuite1655885093224.groovy:36)
)

2022-06-22 16:49:35 - [MESSAGE][WARNING] - Timeout '0' is invalid. Using default page load timeout: '40'

2022-06-22 16:49:35 - [MESSAGE][FAILED] - Failed to check for element 'Object Repository/Duit Now/duitNowConfirmationNoteContentTxt' exist (Root cause: org.openqa.selenium.WebDriverException: An unknown server-side error occurred while processing the command. Original error: 'GET /window/current/size' cannot be proxied to UiAutomator2 server because the instrumentation process is not running (probably crashed). Check the server log and/or the logcat output for more details
Build info: version: '3.141.59', revision: 'e82be7d358', time: '2018-11-14T08:25:53'
System info: host: '00139272s-MacBook-Pro.local', ip: '2001:e68:6167:d901:5dd8:2a3:885f:7e34%en0', os.name: 'Mac OS X', os.arch: 'x86_64', os.version: '10.16', java.version: '1.8.0_275'
Driver info: com.kms.katalon.core.appium.driver.SwipeableAndroidDriver
Capabilities {app: /Users/a00139272/Katalon St..., appActivity: com.maybank2u.life.MainActi..., appPackage: com.maybank2u.life.sit, appWaitActivity: *, autoGrantPermissions: true, automationName: uiautomator2, chromedriverPort: 52878, databaseEnabled: false, desired: {app: /Users/a00139272/Katalon St..., appActivity: com.maybank2u.life.MainActi..., appPackage: com.maybank2u.life.sit, appWaitActivity: *, autoGrantPermissions: true, automationName: uiautomator2, chromedriverPort: 52878, deviceId: 002b9cc60508, deviceName: Xiaomi 21061119AG (Android 11), fullReset: false, newCommandTimeout: 1800, noReset: true, platform: ANDROID, platformName: android, platformVersion: 11, systemPort: 52876, udid: 002b9cc60508}, deviceApiLevel: 30, deviceId: 002b9cc60508, deviceManufacturer: Xiaomi, deviceModel: 21061119AG, deviceName: 002b9cc60508, deviceScreenDensity: 440, deviceScreenSize: 1080x2400, deviceUDID: 002b9cc60508, fullReset: false, javascriptEnabled: true, locationContextEnabled: false, networkConnectionEnabled: true, newCommandTimeout: 1800, noReset: true, pixelRatio: 2.75, platform: ANDROID, platformName: Android, platformVersion: 11, statBarHeight: 103, systemPort: 52876, takesScreenshot: true, udid: 002b9cc60508, viewportRect: {height: 2064, left: 0, top: 103, width: 1080}, warnings: {}, webStorageEnabled: false}
Session ID: 07e0a906-f567-4646-abfd-84c6cc800d18
	at org.openqa.selenium.remote.http.W3CHttpResponseCodec.createException(W3CHttpResponseCodec.java:187)
	at org.openqa.selenium.remote.http.W3CHttpResponseCodec.decode(W3CHttpResponseCodec.java:122)
	at org.openqa.selenium.remote.http.W3CHttpResponseCodec.decode(W3CHttpResponseCodec.java:49)
	at org.openqa.selenium.remote.HttpCommandExecutor.execute(HttpCommandExecutor.java:158)
	at io.appium.java_client.remote.AppiumCommandExecutor.execute(AppiumCommandExecutor.java:239)
	at org.openqa.selenium.remote.RemoteWebDriver.execute(RemoteWebDriver.java:552)
	at io.appium.java_client.DefaultGenericMobileDriver.execute(DefaultGenericMobileDriver.java:46)
	at io.appium.java_client.AppiumDriver.execute(AppiumDriver.java:1)
	at io.appium.java_client.android.AndroidDriver.execute(AndroidDriver.java:1)
	at com.kms.katalon.core.appium.driver.SwipeableAndroidDriver.execute(SwipeableAndroidDriver.java:1)
	at org.openqa.selenium.remote.RemoteWebDriver$RemoteWebDriverOptions$RemoteWindow.getSize(RemoteWebDriver.java:813)
	at org.openqa.selenium.WebDriver$Window$getSize.call(Unknown Source)
	at com.kms.katalon.core.mobile.keyword.internal.MobileAbstractKeyword.findElement(MobileAbstractKeyword.groovy:81)
	at com.kms.katalon.core.mobile.keyword.builtin.VerifyElementExistKeyword.access$1(VerifyElementExistKeyword.groovy)
	at com.kms.katalon.core.mobile.keyword.builtin.VerifyElementExistKeyword$_verifyElementExist_closure1.doCall(VerifyElementExistKeyword.groovy:72)
	at com.kms.katalon.core.mobile.keyword.builtin.VerifyElementExistKeyword$_verifyElementExist_closure1.call(VerifyElementExistKeyword.groovy)
	at com.kms.katalon.core.mobile.keyword.internal.MobileKeywordMain.runKeyword(MobileKeywordMain.groovy:21)
	at com.kms.katalon.core.mobile.keyword.builtin.VerifyElementExistKeyword.verifyElementExist(VerifyElementExistKeyword.groovy:80)
	at com.kms.katalon.core.mobile.keyword.builtin.VerifyElementExistKeyword.execute(VerifyElementExistKeyword.groovy:64)
	at com.kms.katalon.core.keyword.internal.KeywordExecutor.executeKeywordForPlatform(KeywordExecutor.groovy:74)
	at com.kms.katalon.core.mobile.keyword.MobileBuiltInKeywords.verifyElementExist(MobileBuiltInKeywords.groovy:1755)
	at com.kms.katalon.core.mobile.keyword.MobileBuiltInKeywords$verifyElementExist$8.call(Unknown Source)
	at duitNow_mobileNumberFavTransaction.run(duitNow_mobileNumberFavTransaction:270)
	at com.kms.katalon.core.main.ScriptEngine.run(ScriptEngine.java:194)
	at com.kms.katalon.core.main.ScriptEngine.runScriptAsRawText(ScriptEngine.java:119)
	at com.kms.katalon.core.main.TestCaseExecutor.runScript(TestCaseExecutor.java:445)
	at com.kms.katalon.core.main.TestCaseExecutor.doExecute(TestCaseExecutor.java:436)
	at com.kms.katalon.core.main.TestCaseExecutor.processExecutionPhase(TestCaseExecutor.java:415)
	at com.kms.katalon.core.main.TestCaseExecutor.accessMainPhase(TestCaseExecutor.java:407)
	at com.kms.katalon.core.main.TestCaseExecutor.execute(TestCaseExecutor.java:284)
	at com.kms.katalon.core.common.CommonExecutor.accessTestCaseMainPhase(CommonExecutor.java:65)
	at com.kms.katalon.core.main.TestSuiteExecutor.accessTestSuiteMainPhase(TestSuiteExecutor.java:144)
	at com.kms.katalon.core.main.TestSuiteExecutor.execute(TestSuiteExecutor.java:106)
	at com.kms.katalon.core.main.TestCaseMain.startTestSuite(TestCaseMain.java:185)
	at com.kms.katalon.core.main.TestCaseMain$startTestSuite$0.call(Unknown Source)
	at TempTestSuite1655885093224.run(TempTestSuite1655885093224.groovy:36)
)

2022-06-22 16:49:35 - [TEST_STEP][FAILED] - verifyElementExist(findTestObject("Duit Now/duitNowConfirmationDeclarationContentTxt"), 0): Failed to check for element 'Object Repository/Duit Now/duitNowConfirmationDeclarationContentTxt' exist (Root cause: org.openqa.selenium.WebDriverException: An unknown server-side error occurred while processing the command. Original error: 'GET /window/current/size' cannot be proxied to UiAutomator2 server because the instrumentation process is not running (probably crashed). Check the server log and/or the logcat output for more details
Build info: version: '3.141.59', revision: 'e82be7d358', time: '2018-11-14T08:25:53'
System info: host: '00139272s-MacBook-Pro.local', ip: '2001:e68:6167:d901:5dd8:2a3:885f:7e34%en0', os.name: 'Mac OS X', os.arch: 'x86_64', os.version: '10.16', java.version: '1.8.0_275'
Driver info: com.kms.katalon.core.appium.driver.SwipeableAndroidDriver
Capabilities {app: /Users/a00139272/Katalon St..., appActivity: com.maybank2u.life.MainActi..., appPackage: com.maybank2u.life.sit, appWaitActivity: *, autoGrantPermissions: true, automationName: uiautomator2, chromedriverPort: 52878, databaseEnabled: false, desired: {app: /Users/a00139272/Katalon St..., appActivity: com.maybank2u.life.MainActi..., appPackage: com.maybank2u.life.sit, appWaitActivity: *, autoGrantPermissions: true, automationName: uiautomator2, chromedriverPort: 52878, deviceId: 002b9cc60508, deviceName: Xiaomi 21061119AG (Android 11), fullReset: false, newCommandTimeout: 1800, noReset: true, platform: ANDROID, platformName: android, platformVersion: 11, systemPort: 52876, udid: 002b9cc60508}, deviceApiLevel: 30, deviceId: 002b9cc60508, deviceManufacturer: Xiaomi, deviceModel: 21061119AG, deviceName: 002b9cc60508, deviceScreenDensity: 440, deviceScreenSize: 1080x2400, deviceUDID: 002b9cc60508, fullReset: false, javascriptEnabled: true, locationContextEnabled: false, networkConnectionEnabled: true, newCommandTimeout: 1800, noReset: true, pixelRatio: 2.75, platform: ANDROID, platformName: Android, platformVersion: 11, statBarHeight: 103, systemPort: 52876, takesScreenshot: true, udid: 002b9cc60508, viewportRect: {height: 2064, left: 0, top: 103, width: 1080}, warnings: {}, webStorageEnabled: false}
Session ID: 07e0a906-f567-4646-abfd-84c6cc800d18
	at org.openqa.selenium.remote.http.W3CHttpResponseCodec.createException(W3CHttpResponseCodec.java:187)
	at org.openqa.selenium.remote.http.W3CHttpResponseCodec.decode(W3CHttpResponseCodec.java:122)
	at org.openqa.selenium.remote.http.W3CHttpResponseCodec.decode(W3CHttpResponseCodec.java:49)
	at org.openqa.selenium.remote.HttpCommandExecutor.execute(HttpCommandExecutor.java:158)
	at io.appium.java_client.remote.AppiumCommandExecutor.execute(AppiumCommandExecutor.java:239)
	at org.openqa.selenium.remote.RemoteWebDriver.execute(RemoteWebDriver.java:552)
	at io.appium.java_client.DefaultGenericMobileDriver.execute(DefaultGenericMobileDriver.java:46)
	at io.appium.java_client.AppiumDriver.execute(AppiumDriver.java:1)
	at io.appium.java_client.android.AndroidDriver.execute(AndroidDriver.java:1)
	at com.kms.katalon.core.appium.driver.SwipeableAndroidDriver.execute(SwipeableAndroidDriver.java:1)
	at org.openqa.selenium.remote.RemoteWebDriver$RemoteWebDriverOptions$RemoteWindow.getSize(RemoteWebDriver.java:813)
	at org.openqa.selenium.WebDriver$Window$getSize.call(Unknown Source)
	at com.kms.katalon.core.mobile.keyword.internal.MobileAbstractKeyword.findElement(MobileAbstractKeyword.groovy:81)
	at com.kms.katalon.core.mobile.keyword.builtin.VerifyElementExistKeyword.access$1(VerifyElementExistKeyword.groovy)
	at com.kms.katalon.core.mobile.keyword.builtin.VerifyElementExistKeyword$_verifyElementExist_closure1.doCall(VerifyElementExistKeyword.groovy:72)
	at com.kms.katalon.core.mobile.keyword.builtin.VerifyElementExistKeyword$_verifyElementExist_closure1.call(VerifyElementExistKeyword.groovy)
	at com.kms.katalon.core.mobile.keyword.internal.MobileKeywordMain.runKeyword(MobileKeywordMain.groovy:21)
	at com.kms.katalon.core.mobile.keyword.builtin.VerifyElementExistKeyword.verifyElementExist(VerifyElementExistKeyword.groovy:80)
	at com.kms.katalon.core.mobile.keyword.builtin.VerifyElementExistKeyword.execute(VerifyElementExistKeyword.groovy:64)
	at com.kms.katalon.core.keyword.internal.KeywordExecutor.executeKeywordForPlatform(KeywordExecutor.groovy:74)
	at com.kms.katalon.core.mobile.keyword.MobileBuiltInKeywords.verifyElementExist(MobileBuiltInKeywords.groovy:1755)
	at com.kms.katalon.core.mobile.keyword.MobileBuiltInKeywords$verifyElementExist$8.call(Unknown Source)
	at duitNow_mobileNumberFavTransaction.run(duitNow_mobileNumberFavTransaction:272)
	at com.kms.katalon.core.main.ScriptEngine.run(ScriptEngine.java:194)
	at com.kms.katalon.core.main.ScriptEngine.runScriptAsRawText(ScriptEngine.java:119)
	at com.kms.katalon.core.main.TestCaseExecutor.runScript(TestCaseExecutor.java:445)
	at com.kms.katalon.core.main.TestCaseExecutor.doExecute(TestCaseExecutor.java:436)
	at com.kms.katalon.core.main.TestCaseExecutor.processExecutionPhase(TestCaseExecutor.java:415)
	at com.kms.katalon.core.main.TestCaseExecutor.accessMainPhase(TestCaseExecutor.java:407)
	at com.kms.katalon.core.main.TestCaseExecutor.execute(TestCaseExecutor.java:284)
	at com.kms.katalon.core.common.CommonExecutor.accessTestCaseMainPhase(CommonExecutor.java:65)
	at com.kms.katalon.core.main.TestSuiteExecutor.accessTestSuiteMainPhase(TestSuiteExecutor.java:144)
	at com.kms.katalon.core.main.TestSuiteExecutor.execute(TestSuiteExecutor.java:106)
	at com.kms.katalon.core.main.TestCaseMain.startTestSuite(TestCaseMain.java:185)
	at com.kms.katalon.core.main.TestCaseMain$startTestSuite$0.call(Unknown Source)
	at TempTestSuite1655885093224.run(TempTestSuite1655885093224.groovy:36)
)

2022-06-22 16:49:35 - [MESSAGE][WARNING] - Timeout '0' is invalid. Using default page load timeout: '40'

2022-06-22 16:49:35 - [MESSAGE][FAILED] - Failed to check for element 'Object Repository/Duit Now/duitNowConfirmationDeclarationContentTxt' exist (Root cause: org.openqa.selenium.WebDriverException: An unknown server-side error occurred while processing the command. Original error: 'GET /window/current/size' cannot be proxied to UiAutomator2 server because the instrumentation process is not running (probably crashed). Check the server log and/or the logcat output for more details
Build info: version: '3.141.59', revision: 'e82be7d358', time: '2018-11-14T08:25:53'
System info: host: '00139272s-MacBook-Pro.local', ip: '2001:e68:6167:d901:5dd8:2a3:885f:7e34%en0', os.name: 'Mac OS X', os.arch: 'x86_64', os.version: '10.16', java.version: '1.8.0_275'
Driver info: com.kms.katalon.core.appium.driver.SwipeableAndroidDriver
Capabilities {app: /Users/a00139272/Katalon St..., appActivity: com.maybank2u.life.MainActi..., appPackage: com.maybank2u.life.sit, appWaitActivity: *, autoGrantPermissions: true, automationName: uiautomator2, chromedriverPort: 52878, databaseEnabled: false, desired: {app: /Users/a00139272/Katalon St..., appActivity: com.maybank2u.life.MainActi..., appPackage: com.maybank2u.life.sit, appWaitActivity: *, autoGrantPermissions: true, automationName: uiautomator2, chromedriverPort: 52878, deviceId: 002b9cc60508, deviceName: Xiaomi 21061119AG (Android 11), fullReset: false, newCommandTimeout: 1800, noReset: true, platform: ANDROID, platformName: android, platformVersion: 11, systemPort: 52876, udid: 002b9cc60508}, deviceApiLevel: 30, deviceId: 002b9cc60508, deviceManufacturer: Xiaomi, deviceModel: 21061119AG, deviceName: 002b9cc60508, deviceScreenDensity: 440, deviceScreenSize: 1080x2400, deviceUDID: 002b9cc60508, fullReset: false, javascriptEnabled: true, locationContextEnabled: false, networkConnectionEnabled: true, newCommandTimeout: 1800, noReset: true, pixelRatio: 2.75, platform: ANDROID, platformName: Android, platformVersion: 11, statBarHeight: 103, systemPort: 52876, takesScreenshot: true, udid: 002b9cc60508, viewportRect: {height: 2064, left: 0, top: 103, width: 1080}, warnings: {}, webStorageEnabled: false}
Session ID: 07e0a906-f567-4646-abfd-84c6cc800d18
	at org.openqa.selenium.remote.http.W3CHttpResponseCodec.createException(W3CHttpResponseCodec.java:187)
	at org.openqa.selenium.remote.http.W3CHttpResponseCodec.decode(W3CHttpResponseCodec.java:122)
	at org.openqa.selenium.remote.http.W3CHttpResponseCodec.decode(W3CHttpResponseCodec.java:49)
	at org.openqa.selenium.remote.HttpCommandExecutor.execute(HttpCommandExecutor.java:158)
	at io.appium.java_client.remote.AppiumCommandExecutor.execute(AppiumCommandExecutor.java:239)
	at org.openqa.selenium.remote.RemoteWebDriver.execute(RemoteWebDriver.java:552)
	at io.appium.java_client.DefaultGenericMobileDriver.execute(DefaultGenericMobileDriver.java:46)
	at io.appium.java_client.AppiumDriver.execute(AppiumDriver.java:1)
	at io.appium.java_client.android.AndroidDriver.execute(AndroidDriver.java:1)
	at com.kms.katalon.core.appium.driver.SwipeableAndroidDriver.execute(SwipeableAndroidDriver.java:1)
	at org.openqa.selenium.remote.RemoteWebDriver$RemoteWebDriverOptions$RemoteWindow.getSize(RemoteWebDriver.java:813)
	at org.openqa.selenium.WebDriver$Window$getSize.call(Unknown Source)
	at com.kms.katalon.core.mobile.keyword.internal.MobileAbstractKeyword.findElement(MobileAbstractKeyword.groovy:81)
	at com.kms.katalon.core.mobile.keyword.builtin.VerifyElementExistKeyword.access$1(VerifyElementExistKeyword.groovy)
	at com.kms.katalon.core.mobile.keyword.builtin.VerifyElementExistKeyword$_verifyElementExist_closure1.doCall(VerifyElementExistKeyword.groovy:72)
	at com.kms.katalon.core.mobile.keyword.builtin.VerifyElementExistKeyword$_verifyElementExist_closure1.call(VerifyElementExistKeyword.groovy)
	at com.kms.katalon.core.mobile.keyword.internal.MobileKeywordMain.runKeyword(MobileKeywordMain.groovy:21)
	at com.kms.katalon.core.mobile.keyword.builtin.VerifyElementExistKeyword.verifyElementExist(VerifyElementExistKeyword.groovy:80)
	at com.kms.katalon.core.mobile.keyword.builtin.VerifyElementExistKeyword.execute(VerifyElementExistKeyword.groovy:64)
	at com.kms.katalon.core.keyword.internal.KeywordExecutor.executeKeywordForPlatform(KeywordExecutor.groovy:74)
	at com.kms.katalon.core.mobile.keyword.MobileBuiltInKeywords.verifyElementExist(MobileBuiltInKeywords.groovy:1755)
	at com.kms.katalon.core.mobile.keyword.MobileBuiltInKeywords$verifyElementExist$8.call(Unknown Source)
	at duitNow_mobileNumberFavTransaction.run(duitNow_mobileNumberFavTransaction:272)
	at com.kms.katalon.core.main.ScriptEngine.run(ScriptEngine.java:194)
	at com.kms.katalon.core.main.ScriptEngine.runScriptAsRawText(ScriptEngine.java:119)
	at com.kms.katalon.core.main.TestCaseExecutor.runScript(TestCaseExecutor.java:445)
	at com.kms.katalon.core.main.TestCaseExecutor.doExecute(TestCaseExecutor.java:436)
	at com.kms.katalon.core.main.TestCaseExecutor.processExecutionPhase(TestCaseExecutor.java:415)
	at com.kms.katalon.core.main.TestCaseExecutor.accessMainPhase(TestCaseExecutor.java:407)
	at com.kms.katalon.core.main.TestCaseExecutor.execute(TestCaseExecutor.java:284)
	at com.kms.katalon.core.common.CommonExecutor.accessTestCaseMainPhase(CommonExecutor.java:65)
	at com.kms.katalon.core.main.TestSuiteExecutor.accessTestSuiteMainPhase(TestSuiteExecutor.java:144)
	at com.kms.katalon.core.main.TestSuiteExecutor.execute(TestSuiteExecutor.java:106)
	at com.kms.katalon.core.main.TestCaseMain.startTestSuite(TestCaseMain.java:185)
	at com.kms.katalon.core.main.TestCaseMain$startTestSuite$0.call(Unknown Source)
	at TempTestSuite1655885093224.run(TempTestSuite1655885093224.groovy:36)
)

2022-06-22 16:49:35 - [TEST_STEP][FAILED] - verifyElementText(findTestObject("Transfer/transferConfirmationFromAccTypeTxt", ["accType":accType]), accType): Verify element text of test object 'Object Repository/Transfer/transferConfirmationFromAccTypeTxt' FAILED. (Root cause: org.openqa.selenium.WebDriverException: An unknown server-side error occurred while processing the command. Original error: 'GET /window/current/size' cannot be proxied to UiAutomator2 server because the instrumentation process is not running (probably crashed). Check the server log and/or the logcat output for more details
Build info: version: '3.141.59', revision: 'e82be7d358', time: '2018-11-14T08:25:53'
System info: host: '00139272s-MacBook-Pro.local', ip: '2001:e68:6167:d901:5dd8:2a3:885f:7e34%en0', os.name: 'Mac OS X', os.arch: 'x86_64', os.version: '10.16', java.version: '1.8.0_275'
Driver info: com.kms.katalon.core.appium.driver.SwipeableAndroidDriver
Capabilities {app: /Users/a00139272/Katalon St..., appActivity: com.maybank2u.life.MainActi..., appPackage: com.maybank2u.life.sit, appWaitActivity: *, autoGrantPermissions: true, automationName: uiautomator2, chromedriverPort: 52878, databaseEnabled: false, desired: {app: /Users/a00139272/Katalon St..., appActivity: com.maybank2u.life.MainActi..., appPackage: com.maybank2u.life.sit, appWaitActivity: *, autoGrantPermissions: true, automationName: uiautomator2, chromedriverPort: 52878, deviceId: 002b9cc60508, deviceName: Xiaomi 21061119AG (Android 11), fullReset: false, newCommandTimeout: 1800, noReset: true, platform: ANDROID, platformName: android, platformVersion: 11, systemPort: 52876, udid: 002b9cc60508}, deviceApiLevel: 30, deviceId: 002b9cc60508, deviceManufacturer: Xiaomi, deviceModel: 21061119AG, deviceName: 002b9cc60508, deviceScreenDensity: 440, deviceScreenSize: 1080x2400, deviceUDID: 002b9cc60508, fullReset: false, javascriptEnabled: true, locationContextEnabled: false, networkConnectionEnabled: true, newCommandTimeout: 1800, noReset: true, pixelRatio: 2.75, platform: ANDROID, platformName: Android, platformVersion: 11, statBarHeight: 103, systemPort: 52876, takesScreenshot: true, udid: 002b9cc60508, viewportRect: {height: 2064, left: 0, top: 103, width: 1080}, warnings: {}, webStorageEnabled: false}
Session ID: 07e0a906-f567-4646-abfd-84c6cc800d18
	at org.openqa.selenium.remote.http.W3CHttpResponseCodec.createException(W3CHttpResponseCodec.java:187)
	at org.openqa.selenium.remote.http.W3CHttpResponseCodec.decode(W3CHttpResponseCodec.java:122)
	at org.openqa.selenium.remote.http.W3CHttpResponseCodec.decode(W3CHttpResponseCodec.java:49)
	at org.openqa.selenium.remote.HttpCommandExecutor.execute(HttpCommandExecutor.java:158)
	at io.appium.java_client.remote.AppiumCommandExecutor.execute(AppiumCommandExecutor.java:239)
	at org.openqa.selenium.remote.RemoteWebDriver.execute(RemoteWebDriver.java:552)
	at io.appium.java_client.DefaultGenericMobileDriver.execute(DefaultGenericMobileDriver.java:46)
	at io.appium.java_client.AppiumDriver.execute(AppiumDriver.java:1)
	at io.appium.java_client.android.AndroidDriver.execute(AndroidDriver.java:1)
	at com.kms.katalon.core.appium.driver.SwipeableAndroidDriver.execute(SwipeableAndroidDriver.java:1)
	at org.openqa.selenium.remote.RemoteWebDriver$RemoteWebDriverOptions$RemoteWindow.getSize(RemoteWebDriver.java:813)
	at org.openqa.selenium.WebDriver$Window$getSize.call(Unknown Source)
	at com.kms.katalon.core.mobile.keyword.internal.MobileAbstractKeyword.findElement(MobileAbstractKeyword.groovy:81)
	at com.kms.katalon.core.mobile.keyword.builtin.VerifyElementTextKeyword.access$1(VerifyElementTextKeyword.groovy)
	at com.kms.katalon.core.mobile.keyword.builtin.VerifyElementTextKeyword$_verifyElementText_closure1.doCall(VerifyElementTextKeyword.groovy:47)
	at com.kms.katalon.core.mobile.keyword.builtin.VerifyElementTextKeyword$_verifyElementText_closure1.call(VerifyElementTextKeyword.groovy)
	at com.kms.katalon.core.mobile.keyword.internal.MobileKeywordMain.runKeyword(MobileKeywordMain.groovy:21)
	at com.kms.katalon.core.mobile.keyword.builtin.VerifyElementTextKeyword.verifyElementText(VerifyElementTextKeyword.groovy:62)
	at com.kms.katalon.core.mobile.keyword.builtin.VerifyElementTextKeyword.execute(VerifyElementTextKeyword.groovy:39)
	at com.kms.katalon.core.keyword.internal.KeywordExecutor.executeKeywordForPlatform(KeywordExecutor.groovy:74)
	at com.kms.katalon.core.mobile.keyword.MobileBuiltInKeywords.verifyElementText(MobileBuiltInKeywords.groovy:2901)
	at com.kms.katalon.core.mobile.keyword.MobileBuiltInKeywords$verifyElementText$9.call(Unknown Source)
	at duitNow_mobileNumberFavTransaction.run(duitNow_mobileNumberFavTransaction:274)
	at com.kms.katalon.core.main.ScriptEngine.run(ScriptEngine.java:194)
	at com.kms.katalon.core.main.ScriptEngine.runScriptAsRawText(ScriptEngine.java:119)
	at com.kms.katalon.core.main.TestCaseExecutor.runScript(TestCaseExecutor.java:445)
	at com.kms.katalon.core.main.TestCaseExecutor.doExecute(TestCaseExecutor.java:436)
	at com.kms.katalon.core.main.TestCaseExecutor.processExecutionPhase(TestCaseExecutor.java:415)
	at com.kms.katalon.core.main.TestCaseExecutor.accessMainPhase(TestCaseExecutor.java:407)
	at com.kms.katalon.core.main.TestCaseExecutor.execute(TestCaseExecutor.java:284)
	at com.kms.katalon.core.common.CommonExecutor.accessTestCaseMainPhase(CommonExecutor.java:65)
	at com.kms.katalon.core.main.TestSuiteExecutor.accessTestSuiteMainPhase(TestSuiteExecutor.java:144)
	at com.kms.katalon.core.main.TestSuiteExecutor.execute(TestSuiteExecutor.java:106)
	at com.kms.katalon.core.main.TestCaseMain.startTestSuite(TestCaseMain.java:185)
	at com.kms.katalon.core.main.TestCaseMain$startTestSuite$0.call(Unknown Source)
	at TempTestSuite1655885093224.run(TempTestSuite1655885093224.groovy:36)
)

2022-06-22 16:49:35 - [MESSAGE][FAILED] - Verify element text of test object 'Object Repository/Transfer/transferConfirmationFromAccTypeTxt' FAILED. (Root cause: org.openqa.selenium.WebDriverException: An unknown server-side error occurred while processing the command. Original error: 'GET /window/current/size' cannot be proxied to UiAutomator2 server because the instrumentation process is not running (probably crashed). Check the server log and/or the logcat output for more details
Build info: version: '3.141.59', revision: 'e82be7d358', time: '2018-11-14T08:25:53'
System info: host: '00139272s-MacBook-Pro.local', ip: '2001:e68:6167:d901:5dd8:2a3:885f:7e34%en0', os.name: 'Mac OS X', os.arch: 'x86_64', os.version: '10.16', java.version: '1.8.0_275'
Driver info: com.kms.katalon.core.appium.driver.SwipeableAndroidDriver
Capabilities {app: /Users/a00139272/Katalon St..., appActivity: com.maybank2u.life.MainActi..., appPackage: com.maybank2u.life.sit, appWaitActivity: *, autoGrantPermissions: true, automationName: uiautomator2, chromedriverPort: 52878, databaseEnabled: false, desired: {app: /Users/a00139272/Katalon St..., appActivity: com.maybank2u.life.MainActi..., appPackage: com.maybank2u.life.sit, appWaitActivity: *, autoGrantPermissions: true, automationName: uiautomator2, chromedriverPort: 52878, deviceId: 002b9cc60508, deviceName: Xiaomi 21061119AG (Android 11), fullReset: false, newCommandTimeout: 1800, noReset: true, platform: ANDROID, platformName: android, platformVersion: 11, systemPort: 52876, udid: 002b9cc60508}, deviceApiLevel: 30, deviceId: 002b9cc60508, deviceManufacturer: Xiaomi, deviceModel: 21061119AG, deviceName: 002b9cc60508, deviceScreenDensity: 440, deviceScreenSize: 1080x2400, deviceUDID: 002b9cc60508, fullReset: false, javascriptEnabled: true, locationContextEnabled: false, networkConnectionEnabled: true, newCommandTimeout: 1800, noReset: true, pixelRatio: 2.75, platform: ANDROID, platformName: Android, platformVersion: 11, statBarHeight: 103, systemPort: 52876, takesScreenshot: true, udid: 002b9cc60508, viewportRect: {height: 2064, left: 0, top: 103, width: 1080}, warnings: {}, webStorageEnabled: false}
Session ID: 07e0a906-f567-4646-abfd-84c6cc800d18
	at org.openqa.selenium.remote.http.W3CHttpResponseCodec.createException(W3CHttpResponseCodec.java:187)
	at org.openqa.selenium.remote.http.W3CHttpResponseCodec.decode(W3CHttpResponseCodec.java:122)
	at org.openqa.selenium.remote.http.W3CHttpResponseCodec.decode(W3CHttpResponseCodec.java:49)
	at org.openqa.selenium.remote.HttpCommandExecutor.execute(HttpCommandExecutor.java:158)
	at io.appium.java_client.remote.AppiumCommandExecutor.execute(AppiumCommandExecutor.java:239)
	at org.openqa.selenium.remote.RemoteWebDriver.execute(RemoteWebDriver.java:552)
	at io.appium.java_client.DefaultGenericMobileDriver.execute(DefaultGenericMobileDriver.java:46)
	at io.appium.java_client.AppiumDriver.execute(AppiumDriver.java:1)
	at io.appium.java_client.android.AndroidDriver.execute(AndroidDriver.java:1)
	at com.kms.katalon.core.appium.driver.SwipeableAndroidDriver.execute(SwipeableAndroidDriver.java:1)
	at org.openqa.selenium.remote.RemoteWebDriver$RemoteWebDriverOptions$RemoteWindow.getSize(RemoteWebDriver.java:813)
	at org.openqa.selenium.WebDriver$Window$getSize.call(Unknown Source)
	at com.kms.katalon.core.mobile.keyword.internal.MobileAbstractKeyword.findElement(MobileAbstractKeyword.groovy:81)
	at com.kms.katalon.core.mobile.keyword.builtin.VerifyElementTextKeyword.access$1(VerifyElementTextKeyword.groovy)
	at com.kms.katalon.core.mobile.keyword.builtin.VerifyElementTextKeyword$_verifyElementText_closure1.doCall(VerifyElementTextKeyword.groovy:47)
	at com.kms.katalon.core.mobile.keyword.builtin.VerifyElementTextKeyword$_verifyElementText_closure1.call(VerifyElementTextKeyword.groovy)
	at com.kms.katalon.core.mobile.keyword.internal.MobileKeywordMain.runKeyword(MobileKeywordMain.groovy:21)
	at com.kms.katalon.core.mobile.keyword.builtin.VerifyElementTextKeyword.verifyElementText(VerifyElementTextKeyword.groovy:62)
	at com.kms.katalon.core.mobile.keyword.builtin.VerifyElementTextKeyword.execute(VerifyElementTextKeyword.groovy:39)
	at com.kms.katalon.core.keyword.internal.KeywordExecutor.executeKeywordForPlatform(KeywordExecutor.groovy:74)
	at com.kms.katalon.core.mobile.keyword.MobileBuiltInKeywords.verifyElementText(MobileBuiltInKeywords.groovy:2901)
	at com.kms.katalon.core.mobile.keyword.MobileBuiltInKeywords$verifyElementText$9.call(Unknown Source)
	at duitNow_mobileNumberFavTransaction.run(duitNow_mobileNumberFavTransaction:274)
	at com.kms.katalon.core.main.ScriptEngine.run(ScriptEngine.java:194)
	at com.kms.katalon.core.main.ScriptEngine.runScriptAsRawText(ScriptEngine.java:119)
	at com.kms.katalon.core.main.TestCaseExecutor.runScript(TestCaseExecutor.java:445)
	at com.kms.katalon.core.main.TestCaseExecutor.doExecute(TestCaseExecutor.java:436)
	at com.kms.katalon.core.main.TestCaseExecutor.processExecutionPhase(TestCaseExecutor.java:415)
	at com.kms.katalon.core.main.TestCaseExecutor.accessMainPhase(TestCaseExecutor.java:407)
	at com.kms.katalon.core.main.TestCaseExecutor.execute(TestCaseExecutor.java:284)
	at com.kms.katalon.core.common.CommonExecutor.accessTestCaseMainPhase(CommonExecutor.java:65)
	at com.kms.katalon.core.main.TestSuiteExecutor.accessTestSuiteMainPhase(TestSuiteExecutor.java:144)
	at com.kms.katalon.core.main.TestSuiteExecutor.execute(TestSuiteExecutor.java:106)
	at com.kms.katalon.core.main.TestCaseMain.startTestSuite(TestCaseMain.java:185)
	at com.kms.katalon.core.main.TestCaseMain$startTestSuite$0.call(Unknown Source)
	at TempTestSuite1655885093224.run(TempTestSuite1655885093224.groovy:36)
)

2022-06-22 16:49:35 - [TEST_STEP][FAILED] - verifyElementText(findTestObject("Transfer/transferConfirmationFromAccNoTxt", ["accNoFrom":accNoFrom]), accNoFrom): Verify element text of test object 'Object Repository/Transfer/transferConfirmationFromAccNoTxt' FAILED. (Root cause: org.openqa.selenium.WebDriverException: An unknown server-side error occurred while processing the command. Original error: 'GET /window/current/size' cannot be proxied to UiAutomator2 server because the instrumentation process is not running (probably crashed). Check the server log and/or the logcat output for more details
Build info: version: '3.141.59', revision: 'e82be7d358', time: '2018-11-14T08:25:53'
System info: host: '00139272s-MacBook-Pro.local', ip: '2001:e68:6167:d901:5dd8:2a3:885f:7e34%en0', os.name: 'Mac OS X', os.arch: 'x86_64', os.version: '10.16', java.version: '1.8.0_275'
Driver info: com.kms.katalon.core.appium.driver.SwipeableAndroidDriver
Capabilities {app: /Users/a00139272/Katalon St..., appActivity: com.maybank2u.life.MainActi..., appPackage: com.maybank2u.life.sit, appWaitActivity: *, autoGrantPermissions: true, automationName: uiautomator2, chromedriverPort: 52878, databaseEnabled: false, desired: {app: /Users/a00139272/Katalon St..., appActivity: com.maybank2u.life.MainActi..., appPackage: com.maybank2u.life.sit, appWaitActivity: *, autoGrantPermissions: true, automationName: uiautomator2, chromedriverPort: 52878, deviceId: 002b9cc60508, deviceName: Xiaomi 21061119AG (Android 11), fullReset: false, newCommandTimeout: 1800, noReset: true, platform: ANDROID, platformName: android, platformVersion: 11, systemPort: 52876, udid: 002b9cc60508}, deviceApiLevel: 30, deviceId: 002b9cc60508, deviceManufacturer: Xiaomi, deviceModel: 21061119AG, deviceName: 002b9cc60508, deviceScreenDensity: 440, deviceScreenSize: 1080x2400, deviceUDID: 002b9cc60508, fullReset: false, javascriptEnabled: true, locationContextEnabled: false, networkConnectionEnabled: true, newCommandTimeout: 1800, noReset: true, pixelRatio: 2.75, platform: ANDROID, platformName: Android, platformVersion: 11, statBarHeight: 103, systemPort: 52876, takesScreenshot: true, udid: 002b9cc60508, viewportRect: {height: 2064, left: 0, top: 103, width: 1080}, warnings: {}, webStorageEnabled: false}
Session ID: 07e0a906-f567-4646-abfd-84c6cc800d18
	at org.openqa.selenium.remote.http.W3CHttpResponseCodec.createException(W3CHttpResponseCodec.java:187)
	at org.openqa.selenium.remote.http.W3CHttpResponseCodec.decode(W3CHttpResponseCodec.java:122)
	at org.openqa.selenium.remote.http.W3CHttpResponseCodec.decode(W3CHttpResponseCodec.java:49)
	at org.openqa.selenium.remote.HttpCommandExecutor.execute(HttpCommandExecutor.java:158)
	at io.appium.java_client.remote.AppiumCommandExecutor.execute(AppiumCommandExecutor.java:239)
	at org.openqa.selenium.remote.RemoteWebDriver.execute(RemoteWebDriver.java:552)
	at io.appium.java_client.DefaultGenericMobileDriver.execute(DefaultGenericMobileDriver.java:46)
	at io.appium.java_client.AppiumDriver.execute(AppiumDriver.java:1)
	at io.appium.java_client.android.AndroidDriver.execute(AndroidDriver.java:1)
	at com.kms.katalon.core.appium.driver.SwipeableAndroidDriver.execute(SwipeableAndroidDriver.java:1)
	at org.openqa.selenium.remote.RemoteWebDriver$RemoteWebDriverOptions$RemoteWindow.getSize(RemoteWebDriver.java:813)
	at org.openqa.selenium.WebDriver$Window$getSize.call(Unknown Source)
	at com.kms.katalon.core.mobile.keyword.internal.MobileAbstractKeyword.findElement(MobileAbstractKeyword.groovy:81)
	at com.kms.katalon.core.mobile.keyword.builtin.VerifyElementTextKeyword.access$1(VerifyElementTextKeyword.groovy)
	at com.kms.katalon.core.mobile.keyword.builtin.VerifyElementTextKeyword$_verifyElementText_closure1.doCall(VerifyElementTextKeyword.groovy:47)
	at com.kms.katalon.core.mobile.keyword.builtin.VerifyElementTextKeyword$_verifyElementText_closure1.call(VerifyElementTextKeyword.groovy)
	at com.kms.katalon.core.mobile.keyword.internal.MobileKeywordMain.runKeyword(MobileKeywordMain.groovy:21)
	at com.kms.katalon.core.mobile.keyword.builtin.VerifyElementTextKeyword.verifyElementText(VerifyElementTextKeyword.groovy:62)
	at com.kms.katalon.core.mobile.keyword.builtin.VerifyElementTextKeyword.execute(VerifyElementTextKeyword.groovy:39)
	at com.kms.katalon.core.keyword.internal.KeywordExecutor.executeKeywordForPlatform(KeywordExecutor.groovy:74)
	at com.kms.katalon.core.mobile.keyword.MobileBuiltInKeywords.verifyElementText(MobileBuiltInKeywords.groovy:2901)
	at com.kms.katalon.core.mobile.keyword.MobileBuiltInKeywords$verifyElementText$9.call(Unknown Source)
	at duitNow_mobileNumberFavTransaction.run(duitNow_mobileNumberFavTransaction:276)
	at com.kms.katalon.core.main.ScriptEngine.run(ScriptEngine.java:194)
	at com.kms.katalon.core.main.ScriptEngine.runScriptAsRawText(ScriptEngine.java:119)
	at com.kms.katalon.core.main.TestCaseExecutor.runScript(TestCaseExecutor.java:445)
	at com.kms.katalon.core.main.TestCaseExecutor.doExecute(TestCaseExecutor.java:436)
	at com.kms.katalon.core.main.TestCaseExecutor.processExecutionPhase(TestCaseExecutor.java:415)
	at com.kms.katalon.core.main.TestCaseExecutor.accessMainPhase(TestCaseExecutor.java:407)
	at com.kms.katalon.core.main.TestCaseExecutor.execute(TestCaseExecutor.java:284)
	at com.kms.katalon.core.common.CommonExecutor.accessTestCaseMainPhase(CommonExecutor.java:65)
	at com.kms.katalon.core.main.TestSuiteExecutor.accessTestSuiteMainPhase(TestSuiteExecutor.java:144)
	at com.kms.katalon.core.main.TestSuiteExecutor.execute(TestSuiteExecutor.java:106)
	at com.kms.katalon.core.main.TestCaseMain.startTestSuite(TestCaseMain.java:185)
	at com.kms.katalon.core.main.TestCaseMain$startTestSuite$0.call(Unknown Source)
	at TempTestSuite1655885093224.run(TempTestSuite1655885093224.groovy:36)
)

2022-06-22 16:49:35 - [MESSAGE][FAILED] - Verify element text of test object 'Object Repository/Transfer/transferConfirmationFromAccNoTxt' FAILED. (Root cause: org.openqa.selenium.WebDriverException: An unknown server-side error occurred while processing the command. Original error: 'GET /window/current/size' cannot be proxied to UiAutomator2 server because the instrumentation process is not running (probably crashed). Check the server log and/or the logcat output for more details
Build info: version: '3.141.59', revision: 'e82be7d358', time: '2018-11-14T08:25:53'
System info: host: '00139272s-MacBook-Pro.local', ip: '2001:e68:6167:d901:5dd8:2a3:885f:7e34%en0', os.name: 'Mac OS X', os.arch: 'x86_64', os.version: '10.16', java.version: '1.8.0_275'
Driver info: com.kms.katalon.core.appium.driver.SwipeableAndroidDriver
Capabilities {app: /Users/a00139272/Katalon St..., appActivity: com.maybank2u.life.MainActi..., appPackage: com.maybank2u.life.sit, appWaitActivity: *, autoGrantPermissions: true, automationName: uiautomator2, chromedriverPort: 52878, databaseEnabled: false, desired: {app: /Users/a00139272/Katalon St..., appActivity: com.maybank2u.life.MainActi..., appPackage: com.maybank2u.life.sit, appWaitActivity: *, autoGrantPermissions: true, automationName: uiautomator2, chromedriverPort: 52878, deviceId: 002b9cc60508, deviceName: Xiaomi 21061119AG (Android 11), fullReset: false, newCommandTimeout: 1800, noReset: true, platform: ANDROID, platformName: android, platformVersion: 11, systemPort: 52876, udid: 002b9cc60508}, deviceApiLevel: 30, deviceId: 002b9cc60508, deviceManufacturer: Xiaomi, deviceModel: 21061119AG, deviceName: 002b9cc60508, deviceScreenDensity: 440, deviceScreenSize: 1080x2400, deviceUDID: 002b9cc60508, fullReset: false, javascriptEnabled: true, locationContextEnabled: false, networkConnectionEnabled: true, newCommandTimeout: 1800, noReset: true, pixelRatio: 2.75, platform: ANDROID, platformName: Android, platformVersion: 11, statBarHeight: 103, systemPort: 52876, takesScreenshot: true, udid: 002b9cc60508, viewportRect: {height: 2064, left: 0, top: 103, width: 1080}, warnings: {}, webStorageEnabled: false}
Session ID: 07e0a906-f567-4646-abfd-84c6cc800d18
	at org.openqa.selenium.remote.http.W3CHttpResponseCodec.createException(W3CHttpResponseCodec.java:187)
	at org.openqa.selenium.remote.http.W3CHttpResponseCodec.decode(W3CHttpResponseCodec.java:122)
	at org.openqa.selenium.remote.http.W3CHttpResponseCodec.decode(W3CHttpResponseCodec.java:49)
	at org.openqa.selenium.remote.HttpCommandExecutor.execute(HttpCommandExecutor.java:158)
	at io.appium.java_client.remote.AppiumCommandExecutor.execute(AppiumCommandExecutor.java:239)
	at org.openqa.selenium.remote.RemoteWebDriver.execute(RemoteWebDriver.java:552)
	at io.appium.java_client.DefaultGenericMobileDriver.execute(DefaultGenericMobileDriver.java:46)
	at io.appium.java_client.AppiumDriver.execute(AppiumDriver.java:1)
	at io.appium.java_client.android.AndroidDriver.execute(AndroidDriver.java:1)
	at com.kms.katalon.core.appium.driver.SwipeableAndroidDriver.execute(SwipeableAndroidDriver.java:1)
	at org.openqa.selenium.remote.RemoteWebDriver$RemoteWebDriverOptions$RemoteWindow.getSize(RemoteWebDriver.java:813)
	at org.openqa.selenium.WebDriver$Window$getSize.call(Unknown Source)
	at com.kms.katalon.core.mobile.keyword.internal.MobileAbstractKeyword.findElement(MobileAbstractKeyword.groovy:81)
	at com.kms.katalon.core.mobile.keyword.builtin.VerifyElementTextKeyword.access$1(VerifyElementTextKeyword.groovy)
	at com.kms.katalon.core.mobile.keyword.builtin.VerifyElementTextKeyword$_verifyElementText_closure1.doCall(VerifyElementTextKeyword.groovy:47)
	at com.kms.katalon.core.mobile.keyword.builtin.VerifyElementTextKeyword$_verifyElementText_closure1.call(VerifyElementTextKeyword.groovy)
	at com.kms.katalon.core.mobile.keyword.internal.MobileKeywordMain.runKeyword(MobileKeywordMain.groovy:21)
	at com.kms.katalon.core.mobile.keyword.builtin.VerifyElementTextKeyword.verifyElementText(VerifyElementTextKeyword.groovy:62)
	at com.kms.katalon.core.mobile.keyword.builtin.VerifyElementTextKeyword.execute(VerifyElementTextKeyword.groovy:39)
	at com.kms.katalon.core.keyword.internal.KeywordExecutor.executeKeywordForPlatform(KeywordExecutor.groovy:74)
	at com.kms.katalon.core.mobile.keyword.MobileBuiltInKeywords.verifyElementText(MobileBuiltInKeywords.groovy:2901)
	at com.kms.katalon.core.mobile.keyword.MobileBuiltInKeywords$verifyElementText$9.call(Unknown Source)
	at duitNow_mobileNumberFavTransaction.run(duitNow_mobileNumberFavTransaction:276)
	at com.kms.katalon.core.main.ScriptEngine.run(ScriptEngine.java:194)
	at com.kms.katalon.core.main.ScriptEngine.runScriptAsRawText(ScriptEngine.java:119)
	at com.kms.katalon.core.main.TestCaseExecutor.runScript(TestCaseExecutor.java:445)
	at com.kms.katalon.core.main.TestCaseExecutor.doExecute(TestCaseExecutor.java:436)
	at com.kms.katalon.core.main.TestCaseExecutor.processExecutionPhase(TestCaseExecutor.java:415)
	at com.kms.katalon.core.main.TestCaseExecutor.accessMainPhase(TestCaseExecutor.java:407)
	at com.kms.katalon.core.main.TestCaseExecutor.execute(TestCaseExecutor.java:284)
	at com.kms.katalon.core.common.CommonExecutor.accessTestCaseMainPhase(CommonExecutor.java:65)
	at com.kms.katalon.core.main.TestSuiteExecutor.accessTestSuiteMainPhase(TestSuiteExecutor.java:144)
	at com.kms.katalon.core.main.TestSuiteExecutor.execute(TestSuiteExecutor.java:106)
	at com.kms.katalon.core.main.TestCaseMain.startTestSuite(TestCaseMain.java:185)
	at com.kms.katalon.core.main.TestCaseMain$startTestSuite$0.call(Unknown Source)
	at TempTestSuite1655885093224.run(TempTestSuite1655885093224.groovy:36)
)

2022-06-22 16:49:35 - [TEST_STEP][FAILED] - verifyElementExist(findTestObject("Transfer/transferConfirmationFromAccBalanceTxt"), 0): Failed to check for element 'Object Repository/Transfer/transferConfirmationFromAccBalanceTxt' exist (Root cause: org.openqa.selenium.WebDriverException: An unknown server-side error occurred while processing the command. Original error: 'GET /window/current/size' cannot be proxied to UiAutomator2 server because the instrumentation process is not running (probably crashed). Check the server log and/or the logcat output for more details
Build info: version: '3.141.59', revision: 'e82be7d358', time: '2018-11-14T08:25:53'
System info: host: '00139272s-MacBook-Pro.local', ip: '2001:e68:6167:d901:5dd8:2a3:885f:7e34%en0', os.name: 'Mac OS X', os.arch: 'x86_64', os.version: '10.16', java.version: '1.8.0_275'
Driver info: com.kms.katalon.core.appium.driver.SwipeableAndroidDriver
Capabilities {app: /Users/a00139272/Katalon St..., appActivity: com.maybank2u.life.MainActi..., appPackage: com.maybank2u.life.sit, appWaitActivity: *, autoGrantPermissions: true, automationName: uiautomator2, chromedriverPort: 52878, databaseEnabled: false, desired: {app: /Users/a00139272/Katalon St..., appActivity: com.maybank2u.life.MainActi..., appPackage: com.maybank2u.life.sit, appWaitActivity: *, autoGrantPermissions: true, automationName: uiautomator2, chromedriverPort: 52878, deviceId: 002b9cc60508, deviceName: Xiaomi 21061119AG (Android 11), fullReset: false, newCommandTimeout: 1800, noReset: true, platform: ANDROID, platformName: android, platformVersion: 11, systemPort: 52876, udid: 002b9cc60508}, deviceApiLevel: 30, deviceId: 002b9cc60508, deviceManufacturer: Xiaomi, deviceModel: 21061119AG, deviceName: 002b9cc60508, deviceScreenDensity: 440, deviceScreenSize: 1080x2400, deviceUDID: 002b9cc60508, fullReset: false, javascriptEnabled: true, locationContextEnabled: false, networkConnectionEnabled: true, newCommandTimeout: 1800, noReset: true, pixelRatio: 2.75, platform: ANDROID, platformName: Android, platformVersion: 11, statBarHeight: 103, systemPort: 52876, takesScreenshot: true, udid: 002b9cc60508, viewportRect: {height: 2064, left: 0, top: 103, width: 1080}, warnings: {}, webStorageEnabled: false}
Session ID: 07e0a906-f567-4646-abfd-84c6cc800d18
	at org.openqa.selenium.remote.http.W3CHttpResponseCodec.createException(W3CHttpResponseCodec.java:187)
	at org.openqa.selenium.remote.http.W3CHttpResponseCodec.decode(W3CHttpResponseCodec.java:122)
	at org.openqa.selenium.remote.http.W3CHttpResponseCodec.decode(W3CHttpResponseCodec.java:49)
	at org.openqa.selenium.remote.HttpCommandExecutor.execute(HttpCommandExecutor.java:158)
	at io.appium.java_client.remote.AppiumCommandExecutor.execute(AppiumCommandExecutor.java:239)
	at org.openqa.selenium.remote.RemoteWebDriver.execute(RemoteWebDriver.java:552)
	at io.appium.java_client.DefaultGenericMobileDriver.execute(DefaultGenericMobileDriver.java:46)
	at io.appium.java_client.AppiumDriver.execute(AppiumDriver.java:1)
	at io.appium.java_client.android.AndroidDriver.execute(AndroidDriver.java:1)
	at com.kms.katalon.core.appium.driver.SwipeableAndroidDriver.execute(SwipeableAndroidDriver.java:1)
	at org.openqa.selenium.remote.RemoteWebDriver$RemoteWebDriverOptions$RemoteWindow.getSize(RemoteWebDriver.java:813)
	at org.openqa.selenium.WebDriver$Window$getSize.call(Unknown Source)
	at com.kms.katalon.core.mobile.keyword.internal.MobileAbstractKeyword.findElement(MobileAbstractKeyword.groovy:81)
	at com.kms.katalon.core.mobile.keyword.builtin.VerifyElementExistKeyword.access$1(VerifyElementExistKeyword.groovy)
	at com.kms.katalon.core.mobile.keyword.builtin.VerifyElementExistKeyword$_verifyElementExist_closure1.doCall(VerifyElementExistKeyword.groovy:72)
	at com.kms.katalon.core.mobile.keyword.builtin.VerifyElementExistKeyword$_verifyElementExist_closure1.call(VerifyElementExistKeyword.groovy)
	at com.kms.katalon.core.mobile.keyword.internal.MobileKeywordMain.runKeyword(MobileKeywordMain.groovy:21)
	at com.kms.katalon.core.mobile.keyword.builtin.VerifyElementExistKeyword.verifyElementExist(VerifyElementExistKeyword.groovy:80)
	at com.kms.katalon.core.mobile.keyword.builtin.VerifyElementExistKeyword.execute(VerifyElementExistKeyword.groovy:64)
	at com.kms.katalon.core.keyword.internal.KeywordExecutor.executeKeywordForPlatform(KeywordExecutor.groovy:74)
	at com.kms.katalon.core.mobile.keyword.MobileBuiltInKeywords.verifyElementExist(MobileBuiltInKeywords.groovy:1755)
	at com.kms.katalon.core.mobile.keyword.MobileBuiltInKeywords$verifyElementExist$8.call(Unknown Source)
	at duitNow_mobileNumberFavTransaction.run(duitNow_mobileNumberFavTransaction:278)
	at com.kms.katalon.core.main.ScriptEngine.run(ScriptEngine.java:194)
	at com.kms.katalon.core.main.ScriptEngine.runScriptAsRawText(ScriptEngine.java:119)
	at com.kms.katalon.core.main.TestCaseExecutor.runScript(TestCaseExecutor.java:445)
	at com.kms.katalon.core.main.TestCaseExecutor.doExecute(TestCaseExecutor.java:436)
	at com.kms.katalon.core.main.TestCaseExecutor.processExecutionPhase(TestCaseExecutor.java:415)
	at com.kms.katalon.core.main.TestCaseExecutor.accessMainPhase(TestCaseExecutor.java:407)
	at com.kms.katalon.core.main.TestCaseExecutor.execute(TestCaseExecutor.java:284)
	at com.kms.katalon.core.common.CommonExecutor.accessTestCaseMainPhase(CommonExecutor.java:65)
	at com.kms.katalon.core.main.TestSuiteExecutor.accessTestSuiteMainPhase(TestSuiteExecutor.java:144)
	at com.kms.katalon.core.main.TestSuiteExecutor.execute(TestSuiteExecutor.java:106)
	at com.kms.katalon.core.main.TestCaseMain.startTestSuite(TestCaseMain.java:185)
	at com.kms.katalon.core.main.TestCaseMain$startTestSuite$0.call(Unknown Source)
	at TempTestSuite1655885093224.run(TempTestSuite1655885093224.groovy:36)
)

2022-06-22 16:49:35 - [MESSAGE][WARNING] - Timeout '0' is invalid. Using default page load timeout: '40'

2022-06-22 16:49:35 - [MESSAGE][FAILED] - Failed to check for element 'Object Repository/Transfer/transferConfirmationFromAccBalanceTxt' exist (Root cause: org.openqa.selenium.WebDriverException: An unknown server-side error occurred while processing the command. Original error: 'GET /window/current/size' cannot be proxied to UiAutomator2 server because the instrumentation process is not running (probably crashed). Check the server log and/or the logcat output for more details
Build info: version: '3.141.59', revision: 'e82be7d358', time: '2018-11-14T08:25:53'
System info: host: '00139272s-MacBook-Pro.local', ip: '2001:e68:6167:d901:5dd8:2a3:885f:7e34%en0', os.name: 'Mac OS X', os.arch: 'x86_64', os.version: '10.16', java.version: '1.8.0_275'
Driver info: com.kms.katalon.core.appium.driver.SwipeableAndroidDriver
Capabilities {app: /Users/a00139272/Katalon St..., appActivity: com.maybank2u.life.MainActi..., appPackage: com.maybank2u.life.sit, appWaitActivity: *, autoGrantPermissions: true, automationName: uiautomator2, chromedriverPort: 52878, databaseEnabled: false, desired: {app: /Users/a00139272/Katalon St..., appActivity: com.maybank2u.life.MainActi..., appPackage: com.maybank2u.life.sit, appWaitActivity: *, autoGrantPermissions: true, automationName: uiautomator2, chromedriverPort: 52878, deviceId: 002b9cc60508, deviceName: Xiaomi 21061119AG (Android 11), fullReset: false, newCommandTimeout: 1800, noReset: true, platform: ANDROID, platformName: android, platformVersion: 11, systemPort: 52876, udid: 002b9cc60508}, deviceApiLevel: 30, deviceId: 002b9cc60508, deviceManufacturer: Xiaomi, deviceModel: 21061119AG, deviceName: 002b9cc60508, deviceScreenDensity: 440, deviceScreenSize: 1080x2400, deviceUDID: 002b9cc60508, fullReset: false, javascriptEnabled: true, locationContextEnabled: false, networkConnectionEnabled: true, newCommandTimeout: 1800, noReset: true, pixelRatio: 2.75, platform: ANDROID, platformName: Android, platformVersion: 11, statBarHeight: 103, systemPort: 52876, takesScreenshot: true, udid: 002b9cc60508, viewportRect: {height: 2064, left: 0, top: 103, width: 1080}, warnings: {}, webStorageEnabled: false}
Session ID: 07e0a906-f567-4646-abfd-84c6cc800d18
	at org.openqa.selenium.remote.http.W3CHttpResponseCodec.createException(W3CHttpResponseCodec.java:187)
	at org.openqa.selenium.remote.http.W3CHttpResponseCodec.decode(W3CHttpResponseCodec.java:122)
	at org.openqa.selenium.remote.http.W3CHttpResponseCodec.decode(W3CHttpResponseCodec.java:49)
	at org.openqa.selenium.remote.HttpCommandExecutor.execute(HttpCommandExecutor.java:158)
	at io.appium.java_client.remote.AppiumCommandExecutor.execute(AppiumCommandExecutor.java:239)
	at org.openqa.selenium.remote.RemoteWebDriver.execute(RemoteWebDriver.java:552)
	at io.appium.java_client.DefaultGenericMobileDriver.execute(DefaultGenericMobileDriver.java:46)
	at io.appium.java_client.AppiumDriver.execute(AppiumDriver.java:1)
	at io.appium.java_client.android.AndroidDriver.execute(AndroidDriver.java:1)
	at com.kms.katalon.core.appium.driver.SwipeableAndroidDriver.execute(SwipeableAndroidDriver.java:1)
	at org.openqa.selenium.remote.RemoteWebDriver$RemoteWebDriverOptions$RemoteWindow.getSize(RemoteWebDriver.java:813)
	at org.openqa.selenium.WebDriver$Window$getSize.call(Unknown Source)
	at com.kms.katalon.core.mobile.keyword.internal.MobileAbstractKeyword.findElement(MobileAbstractKeyword.groovy:81)
	at com.kms.katalon.core.mobile.keyword.builtin.VerifyElementExistKeyword.access$1(VerifyElementExistKeyword.groovy)
	at com.kms.katalon.core.mobile.keyword.builtin.VerifyElementExistKeyword$_verifyElementExist_closure1.doCall(VerifyElementExistKeyword.groovy:72)
	at com.kms.katalon.core.mobile.keyword.builtin.VerifyElementExistKeyword$_verifyElementExist_closure1.call(VerifyElementExistKeyword.groovy)
	at com.kms.katalon.core.mobile.keyword.internal.MobileKeywordMain.runKeyword(MobileKeywordMain.groovy:21)
	at com.kms.katalon.core.mobile.keyword.builtin.VerifyElementExistKeyword.verifyElementExist(VerifyElementExistKeyword.groovy:80)
	at com.kms.katalon.core.mobile.keyword.builtin.VerifyElementExistKeyword.execute(VerifyElementExistKeyword.groovy:64)
	at com.kms.katalon.core.keyword.internal.KeywordExecutor.executeKeywordForPlatform(KeywordExecutor.groovy:74)
	at com.kms.katalon.core.mobile.keyword.MobileBuiltInKeywords.verifyElementExist(MobileBuiltInKeywords.groovy:1755)
	at com.kms.katalon.core.mobile.keyword.MobileBuiltInKeywords$verifyElementExist$8.call(Unknown Source)
	at duitNow_mobileNumberFavTransaction.run(duitNow_mobileNumberFavTransaction:278)
	at com.kms.katalon.core.main.ScriptEngine.run(ScriptEngine.java:194)
	at com.kms.katalon.core.main.ScriptEngine.runScriptAsRawText(ScriptEngine.java:119)
	at com.kms.katalon.core.main.TestCaseExecutor.runScript(TestCaseExecutor.java:445)
	at com.kms.katalon.core.main.TestCaseExecutor.doExecute(TestCaseExecutor.java:436)
	at com.kms.katalon.core.main.TestCaseExecutor.processExecutionPhase(TestCaseExecutor.java:415)
	at com.kms.katalon.core.main.TestCaseExecutor.accessMainPhase(TestCaseExecutor.java:407)
	at com.kms.katalon.core.main.TestCaseExecutor.execute(TestCaseExecutor.java:284)
	at com.kms.katalon.core.common.CommonExecutor.accessTestCaseMainPhase(CommonExecutor.java:65)
	at com.kms.katalon.core.main.TestSuiteExecutor.accessTestSuiteMainPhase(TestSuiteExecutor.java:144)
	at com.kms.katalon.core.main.TestSuiteExecutor.execute(TestSuiteExecutor.java:106)
	at com.kms.katalon.core.main.TestCaseMain.startTestSuite(TestCaseMain.java:185)
	at com.kms.katalon.core.main.TestCaseMain$startTestSuite$0.call(Unknown Source)
	at TempTestSuite1655885093224.run(TempTestSuite1655885093224.groovy:36)
)

2022-06-22 16:49:35 - [TEST_STEP][FAILED] - accountBalance = getText(findTestObject("Transfer/transferConfirmationFromAccBalanceTxt"), 0): Failed to get text from element (Root cause: org.openqa.selenium.WebDriverException: An unknown server-side error occurred while processing the command. Original error: 'GET /window/current/size' cannot be proxied to UiAutomator2 server because the instrumentation process is not running (probably crashed). Check the server log and/or the logcat output for more details
Build info: version: '3.141.59', revision: 'e82be7d358', time: '2018-11-14T08:25:53'
System info: host: '00139272s-MacBook-Pro.local', ip: '2001:e68:6167:d901:5dd8:2a3:885f:7e34%en0', os.name: 'Mac OS X', os.arch: 'x86_64', os.version: '10.16', java.version: '1.8.0_275'
Driver info: com.kms.katalon.core.appium.driver.SwipeableAndroidDriver
Capabilities {app: /Users/a00139272/Katalon St..., appActivity: com.maybank2u.life.MainActi..., appPackage: com.maybank2u.life.sit, appWaitActivity: *, autoGrantPermissions: true, automationName: uiautomator2, chromedriverPort: 52878, databaseEnabled: false, desired: {app: /Users/a00139272/Katalon St..., appActivity: com.maybank2u.life.MainActi..., appPackage: com.maybank2u.life.sit, appWaitActivity: *, autoGrantPermissions: true, automationName: uiautomator2, chromedriverPort: 52878, deviceId: 002b9cc60508, deviceName: Xiaomi 21061119AG (Android 11), fullReset: false, newCommandTimeout: 1800, noReset: true, platform: ANDROID, platformName: android, platformVersion: 11, systemPort: 52876, udid: 002b9cc60508}, deviceApiLevel: 30, deviceId: 002b9cc60508, deviceManufacturer: Xiaomi, deviceModel: 21061119AG, deviceName: 002b9cc60508, deviceScreenDensity: 440, deviceScreenSize: 1080x2400, deviceUDID: 002b9cc60508, fullReset: false, javascriptEnabled: true, locationContextEnabled: false, networkConnectionEnabled: true, newCommandTimeout: 1800, noReset: true, pixelRatio: 2.75, platform: ANDROID, platformName: Android, platformVersion: 11, statBarHeight: 103, systemPort: 52876, takesScreenshot: true, udid: 002b9cc60508, viewportRect: {height: 2064, left: 0, top: 103, width: 1080}, warnings: {}, webStorageEnabled: false}
Session ID: 07e0a906-f567-4646-abfd-84c6cc800d18
	at org.openqa.selenium.remote.http.W3CHttpResponseCodec.createException(W3CHttpResponseCodec.java:187)
	at org.openqa.selenium.remote.http.W3CHttpResponseCodec.decode(W3CHttpResponseCodec.java:122)
	at org.openqa.selenium.remote.http.W3CHttpResponseCodec.decode(W3CHttpResponseCodec.java:49)
	at org.openqa.selenium.remote.HttpCommandExecutor.execute(HttpCommandExecutor.java:158)
	at io.appium.java_client.remote.AppiumCommandExecutor.execute(AppiumCommandExecutor.java:239)
	at org.openqa.selenium.remote.RemoteWebDriver.execute(RemoteWebDriver.java:552)
	at io.appium.java_client.DefaultGenericMobileDriver.execute(DefaultGenericMobileDriver.java:46)
	at io.appium.java_client.AppiumDriver.execute(AppiumDriver.java:1)
	at io.appium.java_client.android.AndroidDriver.execute(AndroidDriver.java:1)
	at com.kms.katalon.core.appium.driver.SwipeableAndroidDriver.execute(SwipeableAndroidDriver.java:1)
	at org.openqa.selenium.remote.RemoteWebDriver$RemoteWebDriverOptions$RemoteWindow.getSize(RemoteWebDriver.java:813)
	at org.openqa.selenium.WebDriver$Window$getSize.call(Unknown Source)
	at com.kms.katalon.core.mobile.keyword.internal.MobileAbstractKeyword.findElement(MobileAbstractKeyword.groovy:81)
	at com.kms.katalon.core.mobile.keyword.builtin.GetTextKeyword.access$1(GetTextKeyword.groovy)
	at com.kms.katalon.core.mobile.keyword.builtin.GetTextKeyword$_getText_closure1.doCall(GetTextKeyword.groovy:72)
	at com.kms.katalon.core.mobile.keyword.builtin.GetTextKeyword$_getText_closure1.call(GetTextKeyword.groovy)
	at com.kms.katalon.core.mobile.keyword.internal.MobileKeywordMain.runKeyword(MobileKeywordMain.groovy:21)
	at com.kms.katalon.core.mobile.keyword.builtin.GetTextKeyword.getText(GetTextKeyword.groovy:80)
	at com.kms.katalon.core.mobile.keyword.builtin.GetTextKeyword.execute(GetTextKeyword.groovy:64)
	at com.kms.katalon.core.keyword.internal.KeywordExecutor.executeKeywordForPlatform(KeywordExecutor.groovy:74)
	at com.kms.katalon.core.mobile.keyword.MobileBuiltInKeywords.getText(MobileBuiltInKeywords.groovy:1274)
	at com.kms.katalon.core.mobile.keyword.MobileBuiltInKeywords$getText$11.call(Unknown Source)
	at duitNow_mobileNumberFavTransaction.run(duitNow_mobileNumberFavTransaction:280)
	at com.kms.katalon.core.main.ScriptEngine.run(ScriptEngine.java:194)
	at com.kms.katalon.core.main.ScriptEngine.runScriptAsRawText(ScriptEngine.java:119)
	at com.kms.katalon.core.main.TestCaseExecutor.runScript(TestCaseExecutor.java:445)
	at com.kms.katalon.core.main.TestCaseExecutor.doExecute(TestCaseExecutor.java:436)
	at com.kms.katalon.core.main.TestCaseExecutor.processExecutionPhase(TestCaseExecutor.java:415)
	at com.kms.katalon.core.main.TestCaseExecutor.accessMainPhase(TestCaseExecutor.java:407)
	at com.kms.katalon.core.main.TestCaseExecutor.execute(TestCaseExecutor.java:284)
	at com.kms.katalon.core.common.CommonExecutor.accessTestCaseMainPhase(CommonExecutor.java:65)
	at com.kms.katalon.core.main.TestSuiteExecutor.accessTestSuiteMainPhase(TestSuiteExecutor.java:144)
	at com.kms.katalon.core.main.TestSuiteExecutor.execute(TestSuiteExecutor.java:106)
	at com.kms.katalon.core.main.TestCaseMain.startTestSuite(TestCaseMain.java:185)
	at com.kms.katalon.core.main.TestCaseMain$startTestSuite$0.call(Unknown Source)
	at TempTestSuite1655885093224.run(TempTestSuite1655885093224.groovy:36)
)

2022-06-22 16:49:35 - [MESSAGE][WARNING] - Timeout '0' is invalid. Using default page load timeout: '40'

2022-06-22 16:49:35 - [MESSAGE][FAILED] - Failed to get text from element (Root cause: org.openqa.selenium.WebDriverException: An unknown server-side error occurred while processing the command. Original error: 'GET /window/current/size' cannot be proxied to UiAutomator2 server because the instrumentation process is not running (probably crashed). Check the server log and/or the logcat output for more details
Build info: version: '3.141.59', revision: 'e82be7d358', time: '2018-11-14T08:25:53'
System info: host: '00139272s-MacBook-Pro.local', ip: '2001:e68:6167:d901:5dd8:2a3:885f:7e34%en0', os.name: 'Mac OS X', os.arch: 'x86_64', os.version: '10.16', java.version: '1.8.0_275'
Driver info: com.kms.katalon.core.appium.driver.SwipeableAndroidDriver
Capabilities {app: /Users/a00139272/Katalon St..., appActivity: com.maybank2u.life.MainActi..., appPackage: com.maybank2u.life.sit, appWaitActivity: *, autoGrantPermissions: true, automationName: uiautomator2, chromedriverPort: 52878, databaseEnabled: false, desired: {app: /Users/a00139272/Katalon St..., appActivity: com.maybank2u.life.MainActi..., appPackage: com.maybank2u.life.sit, appWaitActivity: *, autoGrantPermissions: true, automationName: uiautomator2, chromedriverPort: 52878, deviceId: 002b9cc60508, deviceName: Xiaomi 21061119AG (Android 11), fullReset: false, newCommandTimeout: 1800, noReset: true, platform: ANDROID, platformName: android, platformVersion: 11, systemPort: 52876, udid: 002b9cc60508}, deviceApiLevel: 30, deviceId: 002b9cc60508, deviceManufacturer: Xiaomi, deviceModel: 21061119AG, deviceName: 002b9cc60508, deviceScreenDensity: 440, deviceScreenSize: 1080x2400, deviceUDID: 002b9cc60508, fullReset: false, javascriptEnabled: true, locationContextEnabled: false, networkConnectionEnabled: true, newCommandTimeout: 1800, noReset: true, pixelRatio: 2.75, platform: ANDROID, platformName: Android, platformVersion: 11, statBarHeight: 103, systemPort: 52876, takesScreenshot: true, udid: 002b9cc60508, viewportRect: {height: 2064, left: 0, top: 103, width: 1080}, warnings: {}, webStorageEnabled: false}
Session ID: 07e0a906-f567-4646-abfd-84c6cc800d18
	at org.openqa.selenium.remote.http.W3CHttpResponseCodec.createException(W3CHttpResponseCodec.java:187)
	at org.openqa.selenium.remote.http.W3CHttpResponseCodec.decode(W3CHttpResponseCodec.java:122)
	at org.openqa.selenium.remote.http.W3CHttpResponseCodec.decode(W3CHttpResponseCodec.java:49)
	at org.openqa.selenium.remote.HttpCommandExecutor.execute(HttpCommandExecutor.java:158)
	at io.appium.java_client.remote.AppiumCommandExecutor.execute(AppiumCommandExecutor.java:239)
	at org.openqa.selenium.remote.RemoteWebDriver.execute(RemoteWebDriver.java:552)
	at io.appium.java_client.DefaultGenericMobileDriver.execute(DefaultGenericMobileDriver.java:46)
	at io.appium.java_client.AppiumDriver.execute(AppiumDriver.java:1)
	at io.appium.java_client.android.AndroidDriver.execute(AndroidDriver.java:1)
	at com.kms.katalon.core.appium.driver.SwipeableAndroidDriver.execute(SwipeableAndroidDriver.java:1)
	at org.openqa.selenium.remote.RemoteWebDriver$RemoteWebDriverOptions$RemoteWindow.getSize(RemoteWebDriver.java:813)
	at org.openqa.selenium.WebDriver$Window$getSize.call(Unknown Source)
	at com.kms.katalon.core.mobile.keyword.internal.MobileAbstractKeyword.findElement(MobileAbstractKeyword.groovy:81)
	at com.kms.katalon.core.mobile.keyword.builtin.GetTextKeyword.access$1(GetTextKeyword.groovy)
	at com.kms.katalon.core.mobile.keyword.builtin.GetTextKeyword$_getText_closure1.doCall(GetTextKeyword.groovy:72)
	at com.kms.katalon.core.mobile.keyword.builtin.GetTextKeyword$_getText_closure1.call(GetTextKeyword.groovy)
	at com.kms.katalon.core.mobile.keyword.internal.MobileKeywordMain.runKeyword(MobileKeywordMain.groovy:21)
	at com.kms.katalon.core.mobile.keyword.builtin.GetTextKeyword.getText(GetTextKeyword.groovy:80)
	at com.kms.katalon.core.mobile.keyword.builtin.GetTextKeyword.execute(GetTextKeyword.groovy:64)
	at com.kms.katalon.core.keyword.internal.KeywordExecutor.executeKeywordForPlatform(KeywordExecutor.groovy:74)
	at com.kms.katalon.core.mobile.keyword.MobileBuiltInKeywords.getText(MobileBuiltInKeywords.groovy:1274)
	at com.kms.katalon.core.mobile.keyword.MobileBuiltInKeywords$getText$11.call(Unknown Source)
	at duitNow_mobileNumberFavTransaction.run(duitNow_mobileNumberFavTransaction:280)
	at com.kms.katalon.core.main.ScriptEngine.run(ScriptEngine.java:194)
	at com.kms.katalon.core.main.ScriptEngine.runScriptAsRawText(ScriptEngine.java:119)
	at com.kms.katalon.core.main.TestCaseExecutor.runScript(TestCaseExecutor.java:445)
	at com.kms.katalon.core.main.TestCaseExecutor.doExecute(TestCaseExecutor.java:436)
	at com.kms.katalon.core.main.TestCaseExecutor.processExecutionPhase(TestCaseExecutor.java:415)
	at com.kms.katalon.core.main.TestCaseExecutor.accessMainPhase(TestCaseExecutor.java:407)
	at com.kms.katalon.core.main.TestCaseExecutor.execute(TestCaseExecutor.java:284)
	at com.kms.katalon.core.common.CommonExecutor.accessTestCaseMainPhase(CommonExecutor.java:65)
	at com.kms.katalon.core.main.TestSuiteExecutor.accessTestSuiteMainPhase(TestSuiteExecutor.java:144)
	at com.kms.katalon.core.main.TestSuiteExecutor.execute(TestSuiteExecutor.java:106)
	at com.kms.katalon.core.main.TestCaseMain.startTestSuite(TestCaseMain.java:185)
	at com.kms.katalon.core.main.TestCaseMain$startTestSuite$0.call(Unknown Source)
	at TempTestSuite1655885093224.run(TempTestSuite1655885093224.groovy:36)
)

2022-06-22 16:49:35 - [TEST_STEP][PASSED] - println(accountBalance): null

2022-06-22 16:49:35 - [TEST_STEP][FAILED] - tap(findTestObject("Main/mainTransferNowBtn"), 0): Failed to tap on element 'Object Repository/Main/mainTransferNowBtn' (Root cause: org.openqa.selenium.WebDriverException: An unknown server-side error occurred while processing the command. Original error: 'GET /window/current/size' cannot be proxied to UiAutomator2 server because the instrumentation process is not running (probably crashed). Check the server log and/or the logcat output for more details
Build info: version: '3.141.59', revision: 'e82be7d358', time: '2018-11-14T08:25:53'
System info: host: '00139272s-MacBook-Pro.local', ip: '2001:e68:6167:d901:5dd8:2a3:885f:7e34%en0', os.name: 'Mac OS X', os.arch: 'x86_64', os.version: '10.16', java.version: '1.8.0_275'
Driver info: com.kms.katalon.core.appium.driver.SwipeableAndroidDriver
Capabilities {app: /Users/a00139272/Katalon St..., appActivity: com.maybank2u.life.MainActi..., appPackage: com.maybank2u.life.sit, appWaitActivity: *, autoGrantPermissions: true, automationName: uiautomator2, chromedriverPort: 52878, databaseEnabled: false, desired: {app: /Users/a00139272/Katalon St..., appActivity: com.maybank2u.life.MainActi..., appPackage: com.maybank2u.life.sit, appWaitActivity: *, autoGrantPermissions: true, automationName: uiautomator2, chromedriverPort: 52878, deviceId: 002b9cc60508, deviceName: Xiaomi 21061119AG (Android 11), fullReset: false, newCommandTimeout: 1800, noReset: true, platform: ANDROID, platformName: android, platformVersion: 11, systemPort: 52876, udid: 002b9cc60508}, deviceApiLevel: 30, deviceId: 002b9cc60508, deviceManufacturer: Xiaomi, deviceModel: 21061119AG, deviceName: 002b9cc60508, deviceScreenDensity: 440, deviceScreenSize: 1080x2400, deviceUDID: 002b9cc60508, fullReset: false, javascriptEnabled: true, locationContextEnabled: false, networkConnectionEnabled: true, newCommandTimeout: 1800, noReset: true, pixelRatio: 2.75, platform: ANDROID, platformName: Android, platformVersion: 11, statBarHeight: 103, systemPort: 52876, takesScreenshot: true, udid: 002b9cc60508, viewportRect: {height: 2064, left: 0, top: 103, width: 1080}, warnings: {}, webStorageEnabled: false}
Session ID: 07e0a906-f567-4646-abfd-84c6cc800d18
	at org.openqa.selenium.remote.http.W3CHttpResponseCodec.createException(W3CHttpResponseCodec.java:187)
	at org.openqa.selenium.remote.http.W3CHttpResponseCodec.decode(W3CHttpResponseCodec.java:122)
	at org.openqa.selenium.remote.http.W3CHttpResponseCodec.decode(W3CHttpResponseCodec.java:49)
	at org.openqa.selenium.remote.HttpCommandExecutor.execute(HttpCommandExecutor.java:158)
	at io.appium.java_client.remote.AppiumCommandExecutor.execute(AppiumCommandExecutor.java:239)
	at org.openqa.selenium.remote.RemoteWebDriver.execute(RemoteWebDriver.java:552)
	at io.appium.java_client.DefaultGenericMobileDriver.execute(DefaultGenericMobileDriver.java:46)
	at io.appium.java_client.AppiumDriver.execute(AppiumDriver.java:1)
	at io.appium.java_client.android.AndroidDriver.execute(AndroidDriver.java:1)
	at com.kms.katalon.core.appium.driver.SwipeableAndroidDriver.execute(SwipeableAndroidDriver.java:1)
	at org.openqa.selenium.remote.RemoteWebDriver$RemoteWebDriverOptions$RemoteWindow.getSize(RemoteWebDriver.java:813)
	at org.openqa.selenium.WebDriver$Window$getSize.call(Unknown Source)
	at com.kms.katalon.core.mobile.keyword.internal.MobileAbstractKeyword.findElement(MobileAbstractKeyword.groovy:81)
	at com.kms.katalon.core.mobile.keyword.builtin.TapKeyword.access$1(TapKeyword.groovy)
	at com.kms.katalon.core.mobile.keyword.builtin.TapKeyword$_tap_closure1.doCall(TapKeyword.groovy:76)
	at com.kms.katalon.core.mobile.keyword.builtin.TapKeyword$_tap_closure1.call(TapKeyword.groovy)
	at com.kms.katalon.core.mobile.keyword.internal.MobileKeywordMain.runKeyword(MobileKeywordMain.groovy:21)
	at com.kms.katalon.core.mobile.keyword.builtin.TapKeyword.tap(TapKeyword.groovy:84)
	at com.kms.katalon.core.mobile.keyword.builtin.TapKeyword.execute(TapKeyword.groovy:68)
	at com.kms.katalon.core.keyword.internal.KeywordExecutor.executeKeywordForPlatform(KeywordExecutor.groovy:74)
	at com.kms.katalon.core.mobile.keyword.MobileBuiltInKeywords.tap(MobileBuiltInKeywords.groovy:1490)
	at com.kms.katalon.core.mobile.keyword.MobileBuiltInKeywords$tap$4.call(Unknown Source)
	at duitNow_mobileNumberFavTransaction.run(duitNow_mobileNumberFavTransaction:284)
	at com.kms.katalon.core.main.ScriptEngine.run(ScriptEngine.java:194)
	at com.kms.katalon.core.main.ScriptEngine.runScriptAsRawText(ScriptEngine.java:119)
	at com.kms.katalon.core.main.TestCaseExecutor.runScript(TestCaseExecutor.java:445)
	at com.kms.katalon.core.main.TestCaseExecutor.doExecute(TestCaseExecutor.java:436)
	at com.kms.katalon.core.main.TestCaseExecutor.processExecutionPhase(TestCaseExecutor.java:415)
	at com.kms.katalon.core.main.TestCaseExecutor.accessMainPhase(TestCaseExecutor.java:407)
	at com.kms.katalon.core.main.TestCaseExecutor.execute(TestCaseExecutor.java:284)
	at com.kms.katalon.core.common.CommonExecutor.accessTestCaseMainPhase(CommonExecutor.java:65)
	at com.kms.katalon.core.main.TestSuiteExecutor.accessTestSuiteMainPhase(TestSuiteExecutor.java:144)
	at com.kms.katalon.core.main.TestSuiteExecutor.execute(TestSuiteExecutor.java:106)
	at com.kms.katalon.core.main.TestCaseMain.startTestSuite(TestCaseMain.java:185)
	at com.kms.katalon.core.main.TestCaseMain$startTestSuite$0.call(Unknown Source)
	at TempTestSuite1655885093224.run(TempTestSuite1655885093224.groovy:36)
)

2022-06-22 16:49:35 - [MESSAGE][WARNING] - Timeout '0' is invalid. Using default page load timeout: '40'

2022-06-22 16:49:35 - [MESSAGE][FAILED] - Failed to tap on element 'Object Repository/Main/mainTransferNowBtn' (Root cause: org.openqa.selenium.WebDriverException: An unknown server-side error occurred while processing the command. Original error: 'GET /window/current/size' cannot be proxied to UiAutomator2 server because the instrumentation process is not running (probably crashed). Check the server log and/or the logcat output for more details
Build info: version: '3.141.59', revision: 'e82be7d358', time: '2018-11-14T08:25:53'
System info: host: '00139272s-MacBook-Pro.local', ip: '2001:e68:6167:d901:5dd8:2a3:885f:7e34%en0', os.name: 'Mac OS X', os.arch: 'x86_64', os.version: '10.16', java.version: '1.8.0_275'
Driver info: com.kms.katalon.core.appium.driver.SwipeableAndroidDriver
Capabilities {app: /Users/a00139272/Katalon St..., appActivity: com.maybank2u.life.MainActi..., appPackage: com.maybank2u.life.sit, appWaitActivity: *, autoGrantPermissions: true, automationName: uiautomator2, chromedriverPort: 52878, databaseEnabled: false, desired: {app: /Users/a00139272/Katalon St..., appActivity: com.maybank2u.life.MainActi..., appPackage: com.maybank2u.life.sit, appWaitActivity: *, autoGrantPermissions: true, automationName: uiautomator2, chromedriverPort: 52878, deviceId: 002b9cc60508, deviceName: Xiaomi 21061119AG (Android 11), fullReset: false, newCommandTimeout: 1800, noReset: true, platform: ANDROID, platformName: android, platformVersion: 11, systemPort: 52876, udid: 002b9cc60508}, deviceApiLevel: 30, deviceId: 002b9cc60508, deviceManufacturer: Xiaomi, deviceModel: 21061119AG, deviceName: 002b9cc60508, deviceScreenDensity: 440, deviceScreenSize: 1080x2400, deviceUDID: 002b9cc60508, fullReset: false, javascriptEnabled: true, locationContextEnabled: false, networkConnectionEnabled: true, newCommandTimeout: 1800, noReset: true, pixelRatio: 2.75, platform: ANDROID, platformName: Android, platformVersion: 11, statBarHeight: 103, systemPort: 52876, takesScreenshot: true, udid: 002b9cc60508, viewportRect: {height: 2064, left: 0, top: 103, width: 1080}, warnings: {}, webStorageEnabled: false}
Session ID: 07e0a906-f567-4646-abfd-84c6cc800d18
	at org.openqa.selenium.remote.http.W3CHttpResponseCodec.createException(W3CHttpResponseCodec.java:187)
	at org.openqa.selenium.remote.http.W3CHttpResponseCodec.decode(W3CHttpResponseCodec.java:122)
	at org.openqa.selenium.remote.http.W3CHttpResponseCodec.decode(W3CHttpResponseCodec.java:49)
	at org.openqa.selenium.remote.HttpCommandExecutor.execute(HttpCommandExecutor.java:158)
	at io.appium.java_client.remote.AppiumCommandExecutor.execute(AppiumCommandExecutor.java:239)
	at org.openqa.selenium.remote.RemoteWebDriver.execute(RemoteWebDriver.java:552)
	at io.appium.java_client.DefaultGenericMobileDriver.execute(DefaultGenericMobileDriver.java:46)
	at io.appium.java_client.AppiumDriver.execute(AppiumDriver.java:1)
	at io.appium.java_client.android.AndroidDriver.execute(AndroidDriver.java:1)
	at com.kms.katalon.core.appium.driver.SwipeableAndroidDriver.execute(SwipeableAndroidDriver.java:1)
	at org.openqa.selenium.remote.RemoteWebDriver$RemoteWebDriverOptions$RemoteWindow.getSize(RemoteWebDriver.java:813)
	at org.openqa.selenium.WebDriver$Window$getSize.call(Unknown Source)
	at com.kms.katalon.core.mobile.keyword.internal.MobileAbstractKeyword.findElement(MobileAbstractKeyword.groovy:81)
	at com.kms.katalon.core.mobile.keyword.builtin.TapKeyword.access$1(TapKeyword.groovy)
	at com.kms.katalon.core.mobile.keyword.builtin.TapKeyword$_tap_closure1.doCall(TapKeyword.groovy:76)
	at com.kms.katalon.core.mobile.keyword.builtin.TapKeyword$_tap_closure1.call(TapKeyword.groovy)
	at com.kms.katalon.core.mobile.keyword.internal.MobileKeywordMain.runKeyword(MobileKeywordMain.groovy:21)
	at com.kms.katalon.core.mobile.keyword.builtin.TapKeyword.tap(TapKeyword.groovy:84)
	at com.kms.katalon.core.mobile.keyword.builtin.TapKeyword.execute(TapKeyword.groovy:68)
	at com.kms.katalon.core.keyword.internal.KeywordExecutor.executeKeywordForPlatform(KeywordExecutor.groovy:74)
	at com.kms.katalon.core.mobile.keyword.MobileBuiltInKeywords.tap(MobileBuiltInKeywords.groovy:1490)
	at com.kms.katalon.core.mobile.keyword.MobileBuiltInKeywords$tap$4.call(Unknown Source)
	at duitNow_mobileNumberFavTransaction.run(duitNow_mobileNumberFavTransaction:284)
	at com.kms.katalon.core.main.ScriptEngine.run(ScriptEngine.java:194)
	at com.kms.katalon.core.main.ScriptEngine.runScriptAsRawText(ScriptEngine.java:119)
	at com.kms.katalon.core.main.TestCaseExecutor.runScript(TestCaseExecutor.java:445)
	at com.kms.katalon.core.main.TestCaseExecutor.doExecute(TestCaseExecutor.java:436)
	at com.kms.katalon.core.main.TestCaseExecutor.processExecutionPhase(TestCaseExecutor.java:415)
	at com.kms.katalon.core.main.TestCaseExecutor.accessMainPhase(TestCaseExecutor.java:407)
	at com.kms.katalon.core.main.TestCaseExecutor.execute(TestCaseExecutor.java:284)
	at com.kms.katalon.core.common.CommonExecutor.accessTestCaseMainPhase(CommonExecutor.java:65)
	at com.kms.katalon.core.main.TestSuiteExecutor.accessTestSuiteMainPhase(TestSuiteExecutor.java:144)
	at com.kms.katalon.core.main.TestSuiteExecutor.execute(TestSuiteExecutor.java:106)
	at com.kms.katalon.core.main.TestCaseMain.startTestSuite(TestCaseMain.java:185)
	at com.kms.katalon.core.main.TestCaseMain$startTestSuite$0.call(Unknown Source)
	at TempTestSuite1655885093224.run(TempTestSuite1655885093224.groovy:36)
)

2022-06-22 16:49:35 - [TEST_STEP][PASSED] - if (verifyElementVisible(findTestObject("Main/mainS2UApproveBtn"), 5, OPTIONAL)): Failed to check for element 'Object Repository/Festive Season/festiveReturnAngpaoTACNoTxt' visible (Root cause: org.openqa.selenium.WebDriverException: An unknown server-side error occurred while processing the command. Original error: 'GET /window/current/size' cannot be proxied to UiAutomator2 server because the instrumentation process is not running (probably crashed). Check the server log and/or the logcat output for more details
Build info: version: '3.141.59', revision: 'e82be7d358', time: '2018-11-14T08:25:53'
System info: host: '00139272s-MacBook-Pro.local', ip: '2001:e68:6167:d901:5dd8:2a3:885f:7e34%en0', os.name: 'Mac OS X', os.arch: 'x86_64', os.version: '10.16', java.version: '1.8.0_275'
Driver info: com.kms.katalon.core.appium.driver.SwipeableAndroidDriver
Capabilities {app: /Users/a00139272/Katalon St..., appActivity: com.maybank2u.life.MainActi..., appPackage: com.maybank2u.life.sit, appWaitActivity: *, autoGrantPermissions: true, automationName: uiautomator2, chromedriverPort: 52878, databaseEnabled: false, desired: {app: /Users/a00139272/Katalon St..., appActivity: com.maybank2u.life.MainActi..., appPackage: com.maybank2u.life.sit, appWaitActivity: *, autoGrantPermissions: true, automationName: uiautomator2, chromedriverPort: 52878, deviceId: 002b9cc60508, deviceName: Xiaomi 21061119AG (Android 11), fullReset: false, newCommandTimeout: 1800, noReset: true, platform: ANDROID, platformName: android, platformVersion: 11, systemPort: 52876, udid: 002b9cc60508}, deviceApiLevel: 30, deviceId: 002b9cc60508, deviceManufacturer: Xiaomi, deviceModel: 21061119AG, deviceName: 002b9cc60508, deviceScreenDensity: 440, deviceScreenSize: 1080x2400, deviceUDID: 002b9cc60508, fullReset: false, javascriptEnabled: true, locationContextEnabled: false, networkConnectionEnabled: true, newCommandTimeout: 1800, noReset: true, pixelRatio: 2.75, platform: ANDROID, platformName: Android, platformVersion: 11, statBarHeight: 103, systemPort: 52876, takesScreenshot: true, udid: 002b9cc60508, viewportRect: {height: 2064, left: 0, top: 103, width: 1080}, warnings: {}, webStorageEnabled: false}
Session ID: 07e0a906-f567-4646-abfd-84c6cc800d18
	at org.openqa.selenium.remote.http.W3CHttpResponseCodec.createException(W3CHttpResponseCodec.java:187)
	at org.openqa.selenium.remote.http.W3CHttpResponseCodec.decode(W3CHttpResponseCodec.java:122)
	at org.openqa.selenium.remote.http.W3CHttpResponseCodec.decode(W3CHttpResponseCodec.java:49)
	at org.openqa.selenium.remote.HttpCommandExecutor.execute(HttpCommandExecutor.java:158)
	at io.appium.java_client.remote.AppiumCommandExecutor.execute(AppiumCommandExecutor.java:239)
	at org.openqa.selenium.remote.RemoteWebDriver.execute(RemoteWebDriver.java:552)
	at io.appium.java_client.DefaultGenericMobileDriver.execute(DefaultGenericMobileDriver.java:46)
	at io.appium.java_client.AppiumDriver.execute(AppiumDriver.java:1)
	at io.appium.java_client.android.AndroidDriver.execute(AndroidDriver.java:1)
	at com.kms.katalon.core.appium.driver.SwipeableAndroidDriver.execute(SwipeableAndroidDriver.java:1)
	at org.openqa.selenium.remote.RemoteWebDriver$RemoteWebDriverOptions$RemoteWindow.getSize(RemoteWebDriver.java:813)
	at org.openqa.selenium.WebDriver$Window$getSize.call(Unknown Source)
	at com.kms.katalon.core.mobile.keyword.internal.MobileAbstractKeyword.findElement(MobileAbstractKeyword.groovy:81)
	at com.kms.katalon.core.mobile.keyword.builtin.VerifyElementVisibleKeyword.access$1(VerifyElementVisibleKeyword.groovy)
	at com.kms.katalon.core.mobile.keyword.builtin.VerifyElementVisibleKeyword$_verifyElementVisible_closure1.doCall(VerifyElementVisibleKeyword.groovy:72)
	at com.kms.katalon.core.mobile.keyword.builtin.VerifyElementVisibleKeyword$_verifyElementVisible_closure1.call(VerifyElementVisibleKeyword.groovy)
	at com.kms.katalon.core.mobile.keyword.internal.MobileKeywordMain.runKeyword(MobileKeywordMain.groovy:21)
	at com.kms.katalon.core.mobile.keyword.builtin.VerifyElementVisibleKeyword.verifyElementVisible(VerifyElementVisibleKeyword.groovy:85)
	at com.kms.katalon.core.mobile.keyword.builtin.VerifyElementVisibleKeyword.execute(VerifyElementVisibleKeyword.groovy:64)
	at com.kms.katalon.core.keyword.internal.KeywordExecutor.executeKeywordForPlatform(KeywordExecutor.groovy:74)
	at com.kms.katalon.core.mobile.keyword.MobileBuiltInKeywords.verifyElementVisible(MobileBuiltInKeywords.groovy:2015)
	at com.kms.katalon.core.mobile.keyword.MobileBuiltInKeywords$verifyElementVisible$3.call(Unknown Source)
	at duitNow_mobileNumberFavTransaction.run(duitNow_mobileNumberFavTransaction:292)
	at com.kms.katalon.core.main.ScriptEngine.run(ScriptEngine.java:194)
	at com.kms.katalon.core.main.ScriptEngine.runScriptAsRawText(ScriptEngine.java:119)
	at com.kms.katalon.core.main.TestCaseExecutor.runScript(TestCaseExecutor.java:445)
	at com.kms.katalon.core.main.TestCaseExecutor.doExecute(TestCaseExecutor.java:436)
	at com.kms.katalon.core.main.TestCaseExecutor.processExecutionPhase(TestCaseExecutor.java:415)
	at com.kms.katalon.core.main.TestCaseExecutor.accessMainPhase(TestCaseExecutor.java:407)
	at com.kms.katalon.core.main.TestCaseExecutor.execute(TestCaseExecutor.java:284)
	at com.kms.katalon.core.common.CommonExecutor.accessTestCaseMainPhase(CommonExecutor.java:65)
	at com.kms.katalon.core.main.TestSuiteExecutor.accessTestSuiteMainPhase(TestSuiteExecutor.java:144)
	at com.kms.katalon.core.main.TestSuiteExecutor.execute(TestSuiteExecutor.java:106)
	at com.kms.katalon.core.main.TestCaseMain.startTestSuite(TestCaseMain.java:185)
	at com.kms.katalon.core.main.TestCaseMain$startTestSuite$0.call(Unknown Source)
	at TempTestSuite1655885093224.run(TempTestSuite1655885093224.groovy:36)
)

2022-06-22 16:49:35 - [MESSAGE][WARNING] - Failed to check for element 'Object Repository/Main/mainS2UApproveBtn' visible (Root cause: org.openqa.selenium.WebDriverException: An unknown server-side error occurred while processing the command. Original error: 'GET /window/current/size' cannot be proxied to UiAutomator2 server because the instrumentation process is not running (probably crashed). Check the server log and/or the logcat output for more details
Build info: version: '3.141.59', revision: 'e82be7d358', time: '2018-11-14T08:25:53'
System info: host: '00139272s-MacBook-Pro.local', ip: '2001:e68:6167:d901:5dd8:2a3:885f:7e34%en0', os.name: 'Mac OS X', os.arch: 'x86_64', os.version: '10.16', java.version: '1.8.0_275'
Driver info: com.kms.katalon.core.appium.driver.SwipeableAndroidDriver
Capabilities {app: /Users/a00139272/Katalon St..., appActivity: com.maybank2u.life.MainActi..., appPackage: com.maybank2u.life.sit, appWaitActivity: *, autoGrantPermissions: true, automationName: uiautomator2, chromedriverPort: 52878, databaseEnabled: false, desired: {app: /Users/a00139272/Katalon St..., appActivity: com.maybank2u.life.MainActi..., appPackage: com.maybank2u.life.sit, appWaitActivity: *, autoGrantPermissions: true, automationName: uiautomator2, chromedriverPort: 52878, deviceId: 002b9cc60508, deviceName: Xiaomi 21061119AG (Android 11), fullReset: false, newCommandTimeout: 1800, noReset: true, platform: ANDROID, platformName: android, platformVersion: 11, systemPort: 52876, udid: 002b9cc60508}, deviceApiLevel: 30, deviceId: 002b9cc60508, deviceManufacturer: Xiaomi, deviceModel: 21061119AG, deviceName: 002b9cc60508, deviceScreenDensity: 440, deviceScreenSize: 1080x2400, deviceUDID: 002b9cc60508, fullReset: false, javascriptEnabled: true, locationContextEnabled: false, networkConnectionEnabled: true, newCommandTimeout: 1800, noReset: true, pixelRatio: 2.75, platform: ANDROID, platformName: Android, platformVersion: 11, statBarHeight: 103, systemPort: 52876, takesScreenshot: true, udid: 002b9cc60508, viewportRect: {height: 2064, left: 0, top: 103, width: 1080}, warnings: {}, webStorageEnabled: false}
Session ID: 07e0a906-f567-4646-abfd-84c6cc800d18
	at org.openqa.selenium.remote.http.W3CHttpResponseCodec.createException(W3CHttpResponseCodec.java:187)
	at org.openqa.selenium.remote.http.W3CHttpResponseCodec.decode(W3CHttpResponseCodec.java:122)
	at org.openqa.selenium.remote.http.W3CHttpResponseCodec.decode(W3CHttpResponseCodec.java:49)
	at org.openqa.selenium.remote.HttpCommandExecutor.execute(HttpCommandExecutor.java:158)
	at io.appium.java_client.remote.AppiumCommandExecutor.execute(AppiumCommandExecutor.java:239)
	at org.openqa.selenium.remote.RemoteWebDriver.execute(RemoteWebDriver.java:552)
	at io.appium.java_client.DefaultGenericMobileDriver.execute(DefaultGenericMobileDriver.java:46)
	at io.appium.java_client.AppiumDriver.execute(AppiumDriver.java:1)
	at io.appium.java_client.android.AndroidDriver.execute(AndroidDriver.java:1)
	at com.kms.katalon.core.appium.driver.SwipeableAndroidDriver.execute(SwipeableAndroidDriver.java:1)
	at org.openqa.selenium.remote.RemoteWebDriver$RemoteWebDriverOptions$RemoteWindow.getSize(RemoteWebDriver.java:813)
	at org.openqa.selenium.WebDriver$Window$getSize.call(Unknown Source)
	at com.kms.katalon.core.mobile.keyword.internal.MobileAbstractKeyword.findElement(MobileAbstractKeyword.groovy:81)
	at com.kms.katalon.core.mobile.keyword.builtin.VerifyElementVisibleKeyword.access$1(VerifyElementVisibleKeyword.groovy)
	at com.kms.katalon.core.mobile.keyword.builtin.VerifyElementVisibleKeyword$_verifyElementVisible_closure1.doCall(VerifyElementVisibleKeyword.groovy:72)
	at com.kms.katalon.core.mobile.keyword.builtin.VerifyElementVisibleKeyword$_verifyElementVisible_closure1.call(VerifyElementVisibleKeyword.groovy)
	at com.kms.katalon.core.mobile.keyword.internal.MobileKeywordMain.runKeyword(MobileKeywordMain.groovy:21)
	at com.kms.katalon.core.mobile.keyword.builtin.VerifyElementVisibleKeyword.verifyElementVisible(VerifyElementVisibleKeyword.groovy:85)
	at com.kms.katalon.core.mobile.keyword.builtin.VerifyElementVisibleKeyword.execute(VerifyElementVisibleKeyword.groovy:64)
	at com.kms.katalon.core.keyword.internal.KeywordExecutor.executeKeywordForPlatform(KeywordExecutor.groovy:74)
	at com.kms.katalon.core.mobile.keyword.MobileBuiltInKeywords.verifyElementVisible(MobileBuiltInKeywords.groovy:2015)
	at com.kms.katalon.core.mobile.keyword.MobileBuiltInKeywords$verifyElementVisible$3.call(Unknown Source)
	at duitNow_mobileNumberFavTransaction.run(duitNow_mobileNumberFavTransaction:286)
	at com.kms.katalon.core.main.ScriptEngine.run(ScriptEngine.java:194)
	at com.kms.katalon.core.main.ScriptEngine.runScriptAsRawText(ScriptEngine.java:119)
	at com.kms.katalon.core.main.TestCaseExecutor.runScript(TestCaseExecutor.java:445)
	at com.kms.katalon.core.main.TestCaseExecutor.doExecute(TestCaseExecutor.java:436)
	at com.kms.katalon.core.main.TestCaseExecutor.processExecutionPhase(TestCaseExecutor.java:415)
	at com.kms.katalon.core.main.TestCaseExecutor.accessMainPhase(TestCaseExecutor.java:407)
	at com.kms.katalon.core.main.TestCaseExecutor.execute(TestCaseExecutor.java:284)
	at com.kms.katalon.core.common.CommonExecutor.accessTestCaseMainPhase(CommonExecutor.java:65)
	at com.kms.katalon.core.main.TestSuiteExecutor.accessTestSuiteMainPhase(TestSuiteExecutor.java:144)
	at com.kms.katalon.core.main.TestSuiteExecutor.execute(TestSuiteExecutor.java:106)
	at com.kms.katalon.core.main.TestCaseMain.startTestSuite(TestCaseMain.java:185)
	at com.kms.katalon.core.main.TestCaseMain$startTestSuite$0.call(Unknown Source)
	at TempTestSuite1655885093224.run(TempTestSuite1655885093224.groovy:36)
)

2022-06-22 16:49:35 - [MESSAGE][WARNING] - Failed to check for element 'Object Repository/Festive Season/festiveReturnAngpaoTACNoTxt' visible (Root cause: org.openqa.selenium.WebDriverException: An unknown server-side error occurred while processing the command. Original error: 'GET /window/current/size' cannot be proxied to UiAutomator2 server because the instrumentation process is not running (probably crashed). Check the server log and/or the logcat output for more details
Build info: version: '3.141.59', revision: 'e82be7d358', time: '2018-11-14T08:25:53'
System info: host: '00139272s-MacBook-Pro.local', ip: '2001:e68:6167:d901:5dd8:2a3:885f:7e34%en0', os.name: 'Mac OS X', os.arch: 'x86_64', os.version: '10.16', java.version: '1.8.0_275'
Driver info: com.kms.katalon.core.appium.driver.SwipeableAndroidDriver
Capabilities {app: /Users/a00139272/Katalon St..., appActivity: com.maybank2u.life.MainActi..., appPackage: com.maybank2u.life.sit, appWaitActivity: *, autoGrantPermissions: true, automationName: uiautomator2, chromedriverPort: 52878, databaseEnabled: false, desired: {app: /Users/a00139272/Katalon St..., appActivity: com.maybank2u.life.MainActi..., appPackage: com.maybank2u.life.sit, appWaitActivity: *, autoGrantPermissions: true, automationName: uiautomator2, chromedriverPort: 52878, deviceId: 002b9cc60508, deviceName: Xiaomi 21061119AG (Android 11), fullReset: false, newCommandTimeout: 1800, noReset: true, platform: ANDROID, platformName: android, platformVersion: 11, systemPort: 52876, udid: 002b9cc60508}, deviceApiLevel: 30, deviceId: 002b9cc60508, deviceManufacturer: Xiaomi, deviceModel: 21061119AG, deviceName: 002b9cc60508, deviceScreenDensity: 440, deviceScreenSize: 1080x2400, deviceUDID: 002b9cc60508, fullReset: false, javascriptEnabled: true, locationContextEnabled: false, networkConnectionEnabled: true, newCommandTimeout: 1800, noReset: true, pixelRatio: 2.75, platform: ANDROID, platformName: Android, platformVersion: 11, statBarHeight: 103, systemPort: 52876, takesScreenshot: true, udid: 002b9cc60508, viewportRect: {height: 2064, left: 0, top: 103, width: 1080}, warnings: {}, webStorageEnabled: false}
Session ID: 07e0a906-f567-4646-abfd-84c6cc800d18
	at org.openqa.selenium.remote.http.W3CHttpResponseCodec.createException(W3CHttpResponseCodec.java:187)
	at org.openqa.selenium.remote.http.W3CHttpResponseCodec.decode(W3CHttpResponseCodec.java:122)
	at org.openqa.selenium.remote.http.W3CHttpResponseCodec.decode(W3CHttpResponseCodec.java:49)
	at org.openqa.selenium.remote.HttpCommandExecutor.execute(HttpCommandExecutor.java:158)
	at io.appium.java_client.remote.AppiumCommandExecutor.execute(AppiumCommandExecutor.java:239)
	at org.openqa.selenium.remote.RemoteWebDriver.execute(RemoteWebDriver.java:552)
	at io.appium.java_client.DefaultGenericMobileDriver.execute(DefaultGenericMobileDriver.java:46)
	at io.appium.java_client.AppiumDriver.execute(AppiumDriver.java:1)
	at io.appium.java_client.android.AndroidDriver.execute(AndroidDriver.java:1)
	at com.kms.katalon.core.appium.driver.SwipeableAndroidDriver.execute(SwipeableAndroidDriver.java:1)
	at org.openqa.selenium.remote.RemoteWebDriver$RemoteWebDriverOptions$RemoteWindow.getSize(RemoteWebDriver.java:813)
	at org.openqa.selenium.WebDriver$Window$getSize.call(Unknown Source)
	at com.kms.katalon.core.mobile.keyword.internal.MobileAbstractKeyword.findElement(MobileAbstractKeyword.groovy:81)
	at com.kms.katalon.core.mobile.keyword.builtin.VerifyElementVisibleKeyword.access$1(VerifyElementVisibleKeyword.groovy)
	at com.kms.katalon.core.mobile.keyword.builtin.VerifyElementVisibleKeyword$_verifyElementVisible_closure1.doCall(VerifyElementVisibleKeyword.groovy:72)
	at com.kms.katalon.core.mobile.keyword.builtin.VerifyElementVisibleKeyword$_verifyElementVisible_closure1.call(VerifyElementVisibleKeyword.groovy)
	at com.kms.katalon.core.mobile.keyword.internal.MobileKeywordMain.runKeyword(MobileKeywordMain.groovy:21)
	at com.kms.katalon.core.mobile.keyword.builtin.VerifyElementVisibleKeyword.verifyElementVisible(VerifyElementVisibleKeyword.groovy:85)
	at com.kms.katalon.core.mobile.keyword.builtin.VerifyElementVisibleKeyword.execute(VerifyElementVisibleKeyword.groovy:64)
	at com.kms.katalon.core.keyword.internal.KeywordExecutor.executeKeywordForPlatform(KeywordExecutor.groovy:74)
	at com.kms.katalon.core.mobile.keyword.MobileBuiltInKeywords.verifyElementVisible(MobileBuiltInKeywords.groovy:2015)
	at com.kms.katalon.core.mobile.keyword.MobileBuiltInKeywords$verifyElementVisible$3.call(Unknown Source)
	at duitNow_mobileNumberFavTransaction.run(duitNow_mobileNumberFavTransaction:292)
	at com.kms.katalon.core.main.ScriptEngine.run(ScriptEngine.java:194)
	at com.kms.katalon.core.main.ScriptEngine.runScriptAsRawText(ScriptEngine.java:119)
	at com.kms.katalon.core.main.TestCaseExecutor.runScript(TestCaseExecutor.java:445)
	at com.kms.katalon.core.main.TestCaseExecutor.doExecute(TestCaseExecutor.java:436)
	at com.kms.katalon.core.main.TestCaseExecutor.processExecutionPhase(TestCaseExecutor.java:415)
	at com.kms.katalon.core.main.TestCaseExecutor.accessMainPhase(TestCaseExecutor.java:407)
	at com.kms.katalon.core.main.TestCaseExecutor.execute(TestCaseExecutor.java:284)
	at com.kms.katalon.core.common.CommonExecutor.accessTestCaseMainPhase(CommonExecutor.java:65)
	at com.kms.katalon.core.main.TestSuiteExecutor.accessTestSuiteMainPhase(TestSuiteExecutor.java:144)
	at com.kms.katalon.core.main.TestSuiteExecutor.execute(TestSuiteExecutor.java:106)
	at com.kms.katalon.core.main.TestCaseMain.startTestSuite(TestCaseMain.java:185)
	at com.kms.katalon.core.main.TestCaseMain$startTestSuite$0.call(Unknown Source)
	at TempTestSuite1655885093224.run(TempTestSuite1655885093224.groovy:36)
)

2022-06-22 16:49:35 - [TEST_STEP][PASSED] - delay(3): Delayed 3 second(s)

2022-06-22 16:49:38 - [MESSAGE][PASSED] - Delayed 3 second(s)

2022-06-22 16:49:38 - [TEST_STEP][FAILED] - verifyElementExist(findTestObject("Festive Season/returnAngpaoStatusMessageTxt"), 0): Failed to check for element 'Object Repository/Festive Season/returnAngpaoStatusMessageTxt' exist (Root cause: org.openqa.selenium.WebDriverException: An unknown server-side error occurred while processing the command. Original error: 'GET /window/current/size' cannot be proxied to UiAutomator2 server because the instrumentation process is not running (probably crashed). Check the server log and/or the logcat output for more details
Build info: version: '3.141.59', revision: 'e82be7d358', time: '2018-11-14T08:25:53'
System info: host: '00139272s-MacBook-Pro.local', ip: '2001:e68:6167:d901:5dd8:2a3:885f:7e34%en0', os.name: 'Mac OS X', os.arch: 'x86_64', os.version: '10.16', java.version: '1.8.0_275'
Driver info: com.kms.katalon.core.appium.driver.SwipeableAndroidDriver
Capabilities {app: /Users/a00139272/Katalon St..., appActivity: com.maybank2u.life.MainActi..., appPackage: com.maybank2u.life.sit, appWaitActivity: *, autoGrantPermissions: true, automationName: uiautomator2, chromedriverPort: 52878, databaseEnabled: false, desired: {app: /Users/a00139272/Katalon St..., appActivity: com.maybank2u.life.MainActi..., appPackage: com.maybank2u.life.sit, appWaitActivity: *, autoGrantPermissions: true, automationName: uiautomator2, chromedriverPort: 52878, deviceId: 002b9cc60508, deviceName: Xiaomi 21061119AG (Android 11), fullReset: false, newCommandTimeout: 1800, noReset: true, platform: ANDROID, platformName: android, platformVersion: 11, systemPort: 52876, udid: 002b9cc60508}, deviceApiLevel: 30, deviceId: 002b9cc60508, deviceManufacturer: Xiaomi, deviceModel: 21061119AG, deviceName: 002b9cc60508, deviceScreenDensity: 440, deviceScreenSize: 1080x2400, deviceUDID: 002b9cc60508, fullReset: false, javascriptEnabled: true, locationContextEnabled: false, networkConnectionEnabled: true, newCommandTimeout: 1800, noReset: true, pixelRatio: 2.75, platform: ANDROID, platformName: Android, platformVersion: 11, statBarHeight: 103, systemPort: 52876, takesScreenshot: true, udid: 002b9cc60508, viewportRect: {height: 2064, left: 0, top: 103, width: 1080}, warnings: {}, webStorageEnabled: false}
Session ID: 07e0a906-f567-4646-abfd-84c6cc800d18
	at org.openqa.selenium.remote.http.W3CHttpResponseCodec.createException(W3CHttpResponseCodec.java:187)
	at org.openqa.selenium.remote.http.W3CHttpResponseCodec.decode(W3CHttpResponseCodec.java:122)
	at org.openqa.selenium.remote.http.W3CHttpResponseCodec.decode(W3CHttpResponseCodec.java:49)
	at org.openqa.selenium.remote.HttpCommandExecutor.execute(HttpCommandExecutor.java:158)
	at io.appium.java_client.remote.AppiumCommandExecutor.execute(AppiumCommandExecutor.java:239)
	at org.openqa.selenium.remote.RemoteWebDriver.execute(RemoteWebDriver.java:552)
	at io.appium.java_client.DefaultGenericMobileDriver.execute(DefaultGenericMobileDriver.java:46)
	at io.appium.java_client.AppiumDriver.execute(AppiumDriver.java:1)
	at io.appium.java_client.android.AndroidDriver.execute(AndroidDriver.java:1)
	at com.kms.katalon.core.appium.driver.SwipeableAndroidDriver.execute(SwipeableAndroidDriver.java:1)
	at org.openqa.selenium.remote.RemoteWebDriver$RemoteWebDriverOptions$RemoteWindow.getSize(RemoteWebDriver.java:813)
	at org.openqa.selenium.WebDriver$Window$getSize.call(Unknown Source)
	at com.kms.katalon.core.mobile.keyword.internal.MobileAbstractKeyword.findElement(MobileAbstractKeyword.groovy:81)
	at com.kms.katalon.core.mobile.keyword.builtin.VerifyElementExistKeyword.access$1(VerifyElementExistKeyword.groovy)
	at com.kms.katalon.core.mobile.keyword.builtin.VerifyElementExistKeyword$_verifyElementExist_closure1.doCall(VerifyElementExistKeyword.groovy:72)
	at com.kms.katalon.core.mobile.keyword.builtin.VerifyElementExistKeyword$_verifyElementExist_closure1.call(VerifyElementExistKeyword.groovy)
	at com.kms.katalon.core.mobile.keyword.internal.MobileKeywordMain.runKeyword(MobileKeywordMain.groovy:21)
	at com.kms.katalon.core.mobile.keyword.builtin.VerifyElementExistKeyword.verifyElementExist(VerifyElementExistKeyword.groovy:80)
	at com.kms.katalon.core.mobile.keyword.builtin.VerifyElementExistKeyword.execute(VerifyElementExistKeyword.groovy:64)
	at com.kms.katalon.core.keyword.internal.KeywordExecutor.executeKeywordForPlatform(KeywordExecutor.groovy:74)
	at com.kms.katalon.core.mobile.keyword.MobileBuiltInKeywords.verifyElementExist(MobileBuiltInKeywords.groovy:1755)
	at com.kms.katalon.core.mobile.keyword.MobileBuiltInKeywords$verifyElementExist$8.call(Unknown Source)
	at duitNow_mobileNumberFavTransaction.run(duitNow_mobileNumberFavTransaction:348)
	at com.kms.katalon.core.main.ScriptEngine.run(ScriptEngine.java:194)
	at com.kms.katalon.core.main.ScriptEngine.runScriptAsRawText(ScriptEngine.java:119)
	at com.kms.katalon.core.main.TestCaseExecutor.runScript(TestCaseExecutor.java:445)
	at com.kms.katalon.core.main.TestCaseExecutor.doExecute(TestCaseExecutor.java:436)
	at com.kms.katalon.core.main.TestCaseExecutor.processExecutionPhase(TestCaseExecutor.java:415)
	at com.kms.katalon.core.main.TestCaseExecutor.accessMainPhase(TestCaseExecutor.java:407)
	at com.kms.katalon.core.main.TestCaseExecutor.execute(TestCaseExecutor.java:284)
	at com.kms.katalon.core.common.CommonExecutor.accessTestCaseMainPhase(CommonExecutor.java:65)
	at com.kms.katalon.core.main.TestSuiteExecutor.accessTestSuiteMainPhase(TestSuiteExecutor.java:144)
	at com.kms.katalon.core.main.TestSuiteExecutor.execute(TestSuiteExecutor.java:106)
	at com.kms.katalon.core.main.TestCaseMain.startTestSuite(TestCaseMain.java:185)
	at com.kms.katalon.core.main.TestCaseMain$startTestSuite$0.call(Unknown Source)
	at TempTestSuite1655885093224.run(TempTestSuite1655885093224.groovy:36)
)

2022-06-22 16:49:38 - [MESSAGE][WARNING] - Timeout '0' is invalid. Using default page load timeout: '40'

2022-06-22 16:49:38 - [MESSAGE][FAILED] - Failed to check for element 'Object Repository/Festive Season/returnAngpaoStatusMessageTxt' exist (Root cause: org.openqa.selenium.WebDriverException: An unknown server-side error occurred while processing the command. Original error: 'GET /window/current/size' cannot be proxied to UiAutomator2 server because the instrumentation process is not running (probably crashed). Check the server log and/or the logcat output for more details
Build info: version: '3.141.59', revision: 'e82be7d358', time: '2018-11-14T08:25:53'
System info: host: '00139272s-MacBook-Pro.local', ip: '2001:e68:6167:d901:5dd8:2a3:885f:7e34%en0', os.name: 'Mac OS X', os.arch: 'x86_64', os.version: '10.16', java.version: '1.8.0_275'
Driver info: com.kms.katalon.core.appium.driver.SwipeableAndroidDriver
Capabilities {app: /Users/a00139272/Katalon St..., appActivity: com.maybank2u.life.MainActi..., appPackage: com.maybank2u.life.sit, appWaitActivity: *, autoGrantPermissions: true, automationName: uiautomator2, chromedriverPort: 52878, databaseEnabled: false, desired: {app: /Users/a00139272/Katalon St..., appActivity: com.maybank2u.life.MainActi..., appPackage: com.maybank2u.life.sit, appWaitActivity: *, autoGrantPermissions: true, automationName: uiautomator2, chromedriverPort: 52878, deviceId: 002b9cc60508, deviceName: Xiaomi 21061119AG (Android 11), fullReset: false, newCommandTimeout: 1800, noReset: true, platform: ANDROID, platformName: android, platformVersion: 11, systemPort: 52876, udid: 002b9cc60508}, deviceApiLevel: 30, deviceId: 002b9cc60508, deviceManufacturer: Xiaomi, deviceModel: 21061119AG, deviceName: 002b9cc60508, deviceScreenDensity: 440, deviceScreenSize: 1080x2400, deviceUDID: 002b9cc60508, fullReset: false, javascriptEnabled: true, locationContextEnabled: false, networkConnectionEnabled: true, newCommandTimeout: 1800, noReset: true, pixelRatio: 2.75, platform: ANDROID, platformName: Android, platformVersion: 11, statBarHeight: 103, systemPort: 52876, takesScreenshot: true, udid: 002b9cc60508, viewportRect: {height: 2064, left: 0, top: 103, width: 1080}, warnings: {}, webStorageEnabled: false}
Session ID: 07e0a906-f567-4646-abfd-84c6cc800d18
	at org.openqa.selenium.remote.http.W3CHttpResponseCodec.createException(W3CHttpResponseCodec.java:187)
	at org.openqa.selenium.remote.http.W3CHttpResponseCodec.decode(W3CHttpResponseCodec.java:122)
	at org.openqa.selenium.remote.http.W3CHttpResponseCodec.decode(W3CHttpResponseCodec.java:49)
	at org.openqa.selenium.remote.HttpCommandExecutor.execute(HttpCommandExecutor.java:158)
	at io.appium.java_client.remote.AppiumCommandExecutor.execute(AppiumCommandExecutor.java:239)
	at org.openqa.selenium.remote.RemoteWebDriver.execute(RemoteWebDriver.java:552)
	at io.appium.java_client.DefaultGenericMobileDriver.execute(DefaultGenericMobileDriver.java:46)
	at io.appium.java_client.AppiumDriver.execute(AppiumDriver.java:1)
	at io.appium.java_client.android.AndroidDriver.execute(AndroidDriver.java:1)
	at com.kms.katalon.core.appium.driver.SwipeableAndroidDriver.execute(SwipeableAndroidDriver.java:1)
	at org.openqa.selenium.remote.RemoteWebDriver$RemoteWebDriverOptions$RemoteWindow.getSize(RemoteWebDriver.java:813)
	at org.openqa.selenium.WebDriver$Window$getSize.call(Unknown Source)
	at com.kms.katalon.core.mobile.keyword.internal.MobileAbstractKeyword.findElement(MobileAbstractKeyword.groovy:81)
	at com.kms.katalon.core.mobile.keyword.builtin.VerifyElementExistKeyword.access$1(VerifyElementExistKeyword.groovy)
	at com.kms.katalon.core.mobile.keyword.builtin.VerifyElementExistKeyword$_verifyElementExist_closure1.doCall(VerifyElementExistKeyword.groovy:72)
	at com.kms.katalon.core.mobile.keyword.builtin.VerifyElementExistKeyword$_verifyElementExist_closure1.call(VerifyElementExistKeyword.groovy)
	at com.kms.katalon.core.mobile.keyword.internal.MobileKeywordMain.runKeyword(MobileKeywordMain.groovy:21)
	at com.kms.katalon.core.mobile.keyword.builtin.VerifyElementExistKeyword.verifyElementExist(VerifyElementExistKeyword.groovy:80)
	at com.kms.katalon.core.mobile.keyword.builtin.VerifyElementExistKeyword.execute(VerifyElementExistKeyword.groovy:64)
	at com.kms.katalon.core.keyword.internal.KeywordExecutor.executeKeywordForPlatform(KeywordExecutor.groovy:74)
	at com.kms.katalon.core.mobile.keyword.MobileBuiltInKeywords.verifyElementExist(MobileBuiltInKeywords.groovy:1755)
	at com.kms.katalon.core.mobile.keyword.MobileBuiltInKeywords$verifyElementExist$8.call(Unknown Source)
	at duitNow_mobileNumberFavTransaction.run(duitNow_mobileNumberFavTransaction:348)
	at com.kms.katalon.core.main.ScriptEngine.run(ScriptEngine.java:194)
	at com.kms.katalon.core.main.ScriptEngine.runScriptAsRawText(ScriptEngine.java:119)
	at com.kms.katalon.core.main.TestCaseExecutor.runScript(TestCaseExecutor.java:445)
	at com.kms.katalon.core.main.TestCaseExecutor.doExecute(TestCaseExecutor.java:436)
	at com.kms.katalon.core.main.TestCaseExecutor.processExecutionPhase(TestCaseExecutor.java:415)
	at com.kms.katalon.core.main.TestCaseExecutor.accessMainPhase(TestCaseExecutor.java:407)
	at com.kms.katalon.core.main.TestCaseExecutor.execute(TestCaseExecutor.java:284)
	at com.kms.katalon.core.common.CommonExecutor.accessTestCaseMainPhase(CommonExecutor.java:65)
	at com.kms.katalon.core.main.TestSuiteExecutor.accessTestSuiteMainPhase(TestSuiteExecutor.java:144)
	at com.kms.katalon.core.main.TestSuiteExecutor.execute(TestSuiteExecutor.java:106)
	at com.kms.katalon.core.main.TestCaseMain.startTestSuite(TestCaseMain.java:185)
	at com.kms.katalon.core.main.TestCaseMain$startTestSuite$0.call(Unknown Source)
	at TempTestSuite1655885093224.run(TempTestSuite1655885093224.groovy:36)
)

2022-06-22 16:49:38 - [TEST_STEP][FAILED] - message = getText(findTestObject("Festive Season/returnAngpaoStatusMessageTxt"), 10): Failed to get text from element (Root cause: org.openqa.selenium.WebDriverException: An unknown server-side error occurred while processing the command. Original error: 'GET /window/current/size' cannot be proxied to UiAutomator2 server because the instrumentation process is not running (probably crashed). Check the server log and/or the logcat output for more details
Build info: version: '3.141.59', revision: 'e82be7d358', time: '2018-11-14T08:25:53'
System info: host: '00139272s-MacBook-Pro.local', ip: '2001:e68:6167:d901:5dd8:2a3:885f:7e34%en0', os.name: 'Mac OS X', os.arch: 'x86_64', os.version: '10.16', java.version: '1.8.0_275'
Driver info: com.kms.katalon.core.appium.driver.SwipeableAndroidDriver
Capabilities {app: /Users/a00139272/Katalon St..., appActivity: com.maybank2u.life.MainActi..., appPackage: com.maybank2u.life.sit, appWaitActivity: *, autoGrantPermissions: true, automationName: uiautomator2, chromedriverPort: 52878, databaseEnabled: false, desired: {app: /Users/a00139272/Katalon St..., appActivity: com.maybank2u.life.MainActi..., appPackage: com.maybank2u.life.sit, appWaitActivity: *, autoGrantPermissions: true, automationName: uiautomator2, chromedriverPort: 52878, deviceId: 002b9cc60508, deviceName: Xiaomi 21061119AG (Android 11), fullReset: false, newCommandTimeout: 1800, noReset: true, platform: ANDROID, platformName: android, platformVersion: 11, systemPort: 52876, udid: 002b9cc60508}, deviceApiLevel: 30, deviceId: 002b9cc60508, deviceManufacturer: Xiaomi, deviceModel: 21061119AG, deviceName: 002b9cc60508, deviceScreenDensity: 440, deviceScreenSize: 1080x2400, deviceUDID: 002b9cc60508, fullReset: false, javascriptEnabled: true, locationContextEnabled: false, networkConnectionEnabled: true, newCommandTimeout: 1800, noReset: true, pixelRatio: 2.75, platform: ANDROID, platformName: Android, platformVersion: 11, statBarHeight: 103, systemPort: 52876, takesScreenshot: true, udid: 002b9cc60508, viewportRect: {height: 2064, left: 0, top: 103, width: 1080}, warnings: {}, webStorageEnabled: false}
Session ID: 07e0a906-f567-4646-abfd-84c6cc800d18
	at org.openqa.selenium.remote.http.W3CHttpResponseCodec.createException(W3CHttpResponseCodec.java:187)
	at org.openqa.selenium.remote.http.W3CHttpResponseCodec.decode(W3CHttpResponseCodec.java:122)
	at org.openqa.selenium.remote.http.W3CHttpResponseCodec.decode(W3CHttpResponseCodec.java:49)
	at org.openqa.selenium.remote.HttpCommandExecutor.execute(HttpCommandExecutor.java:158)
	at io.appium.java_client.remote.AppiumCommandExecutor.execute(AppiumCommandExecutor.java:239)
	at org.openqa.selenium.remote.RemoteWebDriver.execute(RemoteWebDriver.java:552)
	at io.appium.java_client.DefaultGenericMobileDriver.execute(DefaultGenericMobileDriver.java:46)
	at io.appium.java_client.AppiumDriver.execute(AppiumDriver.java:1)
	at io.appium.java_client.android.AndroidDriver.execute(AndroidDriver.java:1)
	at com.kms.katalon.core.appium.driver.SwipeableAndroidDriver.execute(SwipeableAndroidDriver.java:1)
	at org.openqa.selenium.remote.RemoteWebDriver$RemoteWebDriverOptions$RemoteWindow.getSize(RemoteWebDriver.java:813)
	at org.openqa.selenium.WebDriver$Window$getSize.call(Unknown Source)
	at com.kms.katalon.core.mobile.keyword.internal.MobileAbstractKeyword.findElement(MobileAbstractKeyword.groovy:81)
	at com.kms.katalon.core.mobile.keyword.builtin.GetTextKeyword.access$1(GetTextKeyword.groovy)
	at com.kms.katalon.core.mobile.keyword.builtin.GetTextKeyword$_getText_closure1.doCall(GetTextKeyword.groovy:72)
	at com.kms.katalon.core.mobile.keyword.builtin.GetTextKeyword$_getText_closure1.call(GetTextKeyword.groovy)
	at com.kms.katalon.core.mobile.keyword.internal.MobileKeywordMain.runKeyword(MobileKeywordMain.groovy:21)
	at com.kms.katalon.core.mobile.keyword.builtin.GetTextKeyword.getText(GetTextKeyword.groovy:80)
	at com.kms.katalon.core.mobile.keyword.builtin.GetTextKeyword.execute(GetTextKeyword.groovy:64)
	at com.kms.katalon.core.keyword.internal.KeywordExecutor.executeKeywordForPlatform(KeywordExecutor.groovy:74)
	at com.kms.katalon.core.mobile.keyword.MobileBuiltInKeywords.getText(MobileBuiltInKeywords.groovy:1274)
	at com.kms.katalon.core.mobile.keyword.MobileBuiltInKeywords$getText$11.call(Unknown Source)
	at duitNow_mobileNumberFavTransaction.run(duitNow_mobileNumberFavTransaction:350)
	at com.kms.katalon.core.main.ScriptEngine.run(ScriptEngine.java:194)
	at com.kms.katalon.core.main.ScriptEngine.runScriptAsRawText(ScriptEngine.java:119)
	at com.kms.katalon.core.main.TestCaseExecutor.runScript(TestCaseExecutor.java:445)
	at com.kms.katalon.core.main.TestCaseExecutor.doExecute(TestCaseExecutor.java:436)
	at com.kms.katalon.core.main.TestCaseExecutor.processExecutionPhase(TestCaseExecutor.java:415)
	at com.kms.katalon.core.main.TestCaseExecutor.accessMainPhase(TestCaseExecutor.java:407)
	at com.kms.katalon.core.main.TestCaseExecutor.execute(TestCaseExecutor.java:284)
	at com.kms.katalon.core.common.CommonExecutor.accessTestCaseMainPhase(CommonExecutor.java:65)
	at com.kms.katalon.core.main.TestSuiteExecutor.accessTestSuiteMainPhase(TestSuiteExecutor.java:144)
	at com.kms.katalon.core.main.TestSuiteExecutor.execute(TestSuiteExecutor.java:106)
	at com.kms.katalon.core.main.TestCaseMain.startTestSuite(TestCaseMain.java:185)
	at com.kms.katalon.core.main.TestCaseMain$startTestSuite$0.call(Unknown Source)
	at TempTestSuite1655885093224.run(TempTestSuite1655885093224.groovy:36)
)

2022-06-22 16:49:38 - [MESSAGE][FAILED] - Failed to get text from element (Root cause: org.openqa.selenium.WebDriverException: An unknown server-side error occurred while processing the command. Original error: 'GET /window/current/size' cannot be proxied to UiAutomator2 server because the instrumentation process is not running (probably crashed). Check the server log and/or the logcat output for more details
Build info: version: '3.141.59', revision: 'e82be7d358', time: '2018-11-14T08:25:53'
System info: host: '00139272s-MacBook-Pro.local', ip: '2001:e68:6167:d901:5dd8:2a3:885f:7e34%en0', os.name: 'Mac OS X', os.arch: 'x86_64', os.version: '10.16', java.version: '1.8.0_275'
Driver info: com.kms.katalon.core.appium.driver.SwipeableAndroidDriver
Capabilities {app: /Users/a00139272/Katalon St..., appActivity: com.maybank2u.life.MainActi..., appPackage: com.maybank2u.life.sit, appWaitActivity: *, autoGrantPermissions: true, automationName: uiautomator2, chromedriverPort: 52878, databaseEnabled: false, desired: {app: /Users/a00139272/Katalon St..., appActivity: com.maybank2u.life.MainActi..., appPackage: com.maybank2u.life.sit, appWaitActivity: *, autoGrantPermissions: true, automationName: uiautomator2, chromedriverPort: 52878, deviceId: 002b9cc60508, deviceName: Xiaomi 21061119AG (Android 11), fullReset: false, newCommandTimeout: 1800, noReset: true, platform: ANDROID, platformName: android, platformVersion: 11, systemPort: 52876, udid: 002b9cc60508}, deviceApiLevel: 30, deviceId: 002b9cc60508, deviceManufacturer: Xiaomi, deviceModel: 21061119AG, deviceName: 002b9cc60508, deviceScreenDensity: 440, deviceScreenSize: 1080x2400, deviceUDID: 002b9cc60508, fullReset: false, javascriptEnabled: true, locationContextEnabled: false, networkConnectionEnabled: true, newCommandTimeout: 1800, noReset: true, pixelRatio: 2.75, platform: ANDROID, platformName: Android, platformVersion: 11, statBarHeight: 103, systemPort: 52876, takesScreenshot: true, udid: 002b9cc60508, viewportRect: {height: 2064, left: 0, top: 103, width: 1080}, warnings: {}, webStorageEnabled: false}
Session ID: 07e0a906-f567-4646-abfd-84c6cc800d18
	at org.openqa.selenium.remote.http.W3CHttpResponseCodec.createException(W3CHttpResponseCodec.java:187)
	at org.openqa.selenium.remote.http.W3CHttpResponseCodec.decode(W3CHttpResponseCodec.java:122)
	at org.openqa.selenium.remote.http.W3CHttpResponseCodec.decode(W3CHttpResponseCodec.java:49)
	at org.openqa.selenium.remote.HttpCommandExecutor.execute(HttpCommandExecutor.java:158)
	at io.appium.java_client.remote.AppiumCommandExecutor.execute(AppiumCommandExecutor.java:239)
	at org.openqa.selenium.remote.RemoteWebDriver.execute(RemoteWebDriver.java:552)
	at io.appium.java_client.DefaultGenericMobileDriver.execute(DefaultGenericMobileDriver.java:46)
	at io.appium.java_client.AppiumDriver.execute(AppiumDriver.java:1)
	at io.appium.java_client.android.AndroidDriver.execute(AndroidDriver.java:1)
	at com.kms.katalon.core.appium.driver.SwipeableAndroidDriver.execute(SwipeableAndroidDriver.java:1)
	at org.openqa.selenium.remote.RemoteWebDriver$RemoteWebDriverOptions$RemoteWindow.getSize(RemoteWebDriver.java:813)
	at org.openqa.selenium.WebDriver$Window$getSize.call(Unknown Source)
	at com.kms.katalon.core.mobile.keyword.internal.MobileAbstractKeyword.findElement(MobileAbstractKeyword.groovy:81)
	at com.kms.katalon.core.mobile.keyword.builtin.GetTextKeyword.access$1(GetTextKeyword.groovy)
	at com.kms.katalon.core.mobile.keyword.builtin.GetTextKeyword$_getText_closure1.doCall(GetTextKeyword.groovy:72)
	at com.kms.katalon.core.mobile.keyword.builtin.GetTextKeyword$_getText_closure1.call(GetTextKeyword.groovy)
	at com.kms.katalon.core.mobile.keyword.internal.MobileKeywordMain.runKeyword(MobileKeywordMain.groovy:21)
	at com.kms.katalon.core.mobile.keyword.builtin.GetTextKeyword.getText(GetTextKeyword.groovy:80)
	at com.kms.katalon.core.mobile.keyword.builtin.GetTextKeyword.execute(GetTextKeyword.groovy:64)
	at com.kms.katalon.core.keyword.internal.KeywordExecutor.executeKeywordForPlatform(KeywordExecutor.groovy:74)
	at com.kms.katalon.core.mobile.keyword.MobileBuiltInKeywords.getText(MobileBuiltInKeywords.groovy:1274)
	at com.kms.katalon.core.mobile.keyword.MobileBuiltInKeywords$getText$11.call(Unknown Source)
	at duitNow_mobileNumberFavTransaction.run(duitNow_mobileNumberFavTransaction:350)
	at com.kms.katalon.core.main.ScriptEngine.run(ScriptEngine.java:194)
	at com.kms.katalon.core.main.ScriptEngine.runScriptAsRawText(ScriptEngine.java:119)
	at com.kms.katalon.core.main.TestCaseExecutor.runScript(TestCaseExecutor.java:445)
	at com.kms.katalon.core.main.TestCaseExecutor.doExecute(TestCaseExecutor.java:436)
	at com.kms.katalon.core.main.TestCaseExecutor.processExecutionPhase(TestCaseExecutor.java:415)
	at com.kms.katalon.core.main.TestCaseExecutor.accessMainPhase(TestCaseExecutor.java:407)
	at com.kms.katalon.core.main.TestCaseExecutor.execute(TestCaseExecutor.java:284)
	at com.kms.katalon.core.common.CommonExecutor.accessTestCaseMainPhase(CommonExecutor.java:65)
	at com.kms.katalon.core.main.TestSuiteExecutor.accessTestSuiteMainPhase(TestSuiteExecutor.java:144)
	at com.kms.katalon.core.main.TestSuiteExecutor.execute(TestSuiteExecutor.java:106)
	at com.kms.katalon.core.main.TestCaseMain.startTestSuite(TestCaseMain.java:185)
	at com.kms.katalon.core.main.TestCaseMain$startTestSuite$0.call(Unknown Source)
	at TempTestSuite1655885093224.run(TempTestSuite1655885093224.groovy:36)
)

2022-06-22 16:49:38 - [TEST_STEP][PASSED] - println(message): null

2022-06-22 16:49:38 - [TEST_STEP][FAILED] - assert message == successTransactionMessage: Test Cases/DuitNow/duitNow_mobileNumberFavTransaction FAILED.
Reason:
Assertion failed: 

assert message == successTransactionMessage
       |       |  |
       null    |  Transfer successful
               false

	at duitNow_mobileNumberFavTransaction.run(duitNow_mobileNumberFavTransaction:354)
	at com.kms.katalon.core.main.ScriptEngine.run(ScriptEngine.java:194)
	at com.kms.katalon.core.main.ScriptEngine.runScriptAsRawText(ScriptEngine.java:119)
	at com.kms.katalon.core.main.TestCaseExecutor.runScript(TestCaseExecutor.java:445)
	at com.kms.katalon.core.main.TestCaseExecutor.doExecute(TestCaseExecutor.java:436)
	at com.kms.katalon.core.main.TestCaseExecutor.processExecutionPhase(TestCaseExecutor.java:415)
	at com.kms.katalon.core.main.TestCaseExecutor.accessMainPhase(TestCaseExecutor.java:407)
	at com.kms.katalon.core.main.TestCaseExecutor.execute(TestCaseExecutor.java:284)
	at com.kms.katalon.core.common.CommonExecutor.accessTestCaseMainPhase(CommonExecutor.java:65)
	at com.kms.katalon.core.main.TestSuiteExecutor.accessTestSuiteMainPhase(TestSuiteExecutor.java:144)
	at com.kms.katalon.core.main.TestSuiteExecutor.execute(TestSuiteExecutor.java:106)
	at com.kms.katalon.core.main.TestCaseMain.startTestSuite(TestCaseMain.java:185)
	at com.kms.katalon.core.main.TestCaseMain$startTestSuite$0.call(Unknown Source)
	at TempTestSuite1655885093224.run(TempTestSuite1655885093224.groovy:36)


2022-06-22 16:49:38 - [MESSAGE][FAILED] - Test Cases/DuitNow/duitNow_mobileNumberFavTransaction FAILED.
Reason:
Assertion failed: 

assert message == successTransactionMessage
       |       |  |
       null    |  Transfer successful
               false

	at duitNow_mobileNumberFavTransaction.run(duitNow_mobileNumberFavTransaction:354)
	at com.kms.katalon.core.main.ScriptEngine.run(ScriptEngine.java:194)
	at com.kms.katalon.core.main.ScriptEngine.runScriptAsRawText(ScriptEngine.java:119)
	at com.kms.katalon.core.main.TestCaseExecutor.runScript(TestCaseExecutor.java:445)
	at com.kms.katalon.core.main.TestCaseExecutor.doExecute(TestCaseExecutor.java:436)
	at com.kms.katalon.core.main.TestCaseExecutor.processExecutionPhase(TestCaseExecutor.java:415)
	at com.kms.katalon.core.main.TestCaseExecutor.accessMainPhase(TestCaseExecutor.java:407)
	at com.kms.katalon.core.main.TestCaseExecutor.execute(TestCaseExecutor.java:284)
	at com.kms.katalon.core.common.CommonExecutor.accessTestCaseMainPhase(CommonExecutor.java:65)
	at com.kms.katalon.core.main.TestSuiteExecutor.accessTestSuiteMainPhase(TestSuiteExecutor.java:144)
	at com.kms.katalon.core.main.TestSuiteExecutor.execute(TestSuiteExecutor.java:106)
	at com.kms.katalon.core.main.TestCaseMain.startTestSuite(TestCaseMain.java:185)
	at com.kms.katalon.core.main.TestCaseMain$startTestSuite$0.call(Unknown Source)
	at TempTestSuite1655885093224.run(TempTestSuite1655885093224.groovy:36)]]></system-out>
         <system-err><![CDATA[2022-06-22 16:49:02 - [TEST_CASE][FAILED] - Test Cases/DuitNow/duitNow_mobileNumberFavTransaction: Test Cases/DuitNow/duitNow_mobileNumberFavTransaction FAILED.
Reason:
com.kms.katalon.core.exception.StepFailedException: Unable to get the physical height value of the device (Root cause: org.openqa.selenium.WebDriverException: An unknown server-side error occurred while processing the command. Original error: 'GET /window/current/size' cannot be proxied to UiAutomator2 server because the instrumentation process is not running (probably crashed). Check the server log and/or the logcat output for more details
Build info: version: '3.141.59', revision: 'e82be7d358', time: '2018-11-14T08:25:53'
System info: host: '00139272s-MacBook-Pro.local', ip: '2001:e68:6167:d901:5dd8:2a3:885f:7e34%en0', os.name: 'Mac OS X', os.arch: 'x86_64', os.version: '10.16', java.version: '1.8.0_275'
Driver info: com.kms.katalon.core.appium.driver.SwipeableAndroidDriver
Capabilities {app: /Users/a00139272/Katalon St..., appActivity: com.maybank2u.life.MainActi..., appPackage: com.maybank2u.life.sit, appWaitActivity: *, autoGrantPermissions: true, automationName: uiautomator2, chromedriverPort: 52878, databaseEnabled: false, desired: {app: /Users/a00139272/Katalon St..., appActivity: com.maybank2u.life.MainActi..., appPackage: com.maybank2u.life.sit, appWaitActivity: *, autoGrantPermissions: true, automationName: uiautomator2, chromedriverPort: 52878, deviceId: 002b9cc60508, deviceName: Xiaomi 21061119AG (Android 11), fullReset: false, newCommandTimeout: 1800, noReset: true, platform: ANDROID, platformName: android, platformVersion: 11, systemPort: 52876, udid: 002b9cc60508}, deviceApiLevel: 30, deviceId: 002b9cc60508, deviceManufacturer: Xiaomi, deviceModel: 21061119AG, deviceName: 002b9cc60508, deviceScreenDensity: 440, deviceScreenSize: 1080x2400, deviceUDID: 002b9cc60508, fullReset: false, javascriptEnabled: true, locationContextEnabled: false, networkConnectionEnabled: true, newCommandTimeout: 1800, noReset: true, pixelRatio: 2.75, platform: ANDROID, platformName: Android, platformVersion: 11, statBarHeight: 103, systemPort: 52876, takesScreenshot: true, udid: 002b9cc60508, viewportRect: {height: 2064, left: 0, top: 103, width: 1080}, warnings: {}, webStorageEnabled: false}
Session ID: 07e0a906-f567-4646-abfd-84c6cc800d18
	at org.openqa.selenium.remote.http.W3CHttpResponseCodec.createException(W3CHttpResponseCodec.java:187)
	at org.openqa.selenium.remote.http.W3CHttpResponseCodec.decode(W3CHttpResponseCodec.java:122)
	at org.openqa.selenium.remote.http.W3CHttpResponseCodec.decode(W3CHttpResponseCodec.java:49)
	at org.openqa.selenium.remote.HttpCommandExecutor.execute(HttpCommandExecutor.java:158)
	at io.appium.java_client.remote.AppiumCommandExecutor.execute(AppiumCommandExecutor.java:239)
	at org.openqa.selenium.remote.RemoteWebDriver.execute(RemoteWebDriver.java:552)
	at io.appium.java_client.DefaultGenericMobileDriver.execute(DefaultGenericMobileDriver.java:46)
	at io.appium.java_client.AppiumDriver.execute(AppiumDriver.java:1)
	at io.appium.java_client.android.AndroidDriver.execute(AndroidDriver.java:1)
	at com.kms.katalon.core.appium.driver.SwipeableAndroidDriver.execute(SwipeableAndroidDriver.java:1)
	at org.openqa.selenium.remote.RemoteWebDriver$RemoteWebDriverOptions$RemoteWindow.getSize(RemoteWebDriver.java:813)
	at com.kms.katalon.core.mobile.keyword.builtin.GetDeviceHeightKeyword$_getDeviceHeight_closure1.doCall(GetDeviceHeightKeyword.groovy:73)
	at com.kms.katalon.core.mobile.keyword.builtin.GetDeviceHeightKeyword$_getDeviceHeight_closure1.call(GetDeviceHeightKeyword.groovy)
	at com.kms.katalon.core.mobile.keyword.internal.MobileKeywordMain.runKeywordAndReturnInt(MobileKeywordMain.groovy:30)
	at com.kms.katalon.core.mobile.keyword.builtin.GetDeviceHeightKeyword.getDeviceHeight(GetDeviceHeightKeyword.groovy:68)
	at com.kms.katalon.core.mobile.keyword.builtin.GetDeviceHeightKeyword.execute(GetDeviceHeightKeyword.groovy:63)
	at com.kms.katalon.core.keyword.internal.KeywordExecutor.executeKeywordForPlatform(KeywordExecutor.groovy:74)
	at com.kms.katalon.core.mobile.keyword.MobileBuiltInKeywords.getDeviceHeight(MobileBuiltInKeywords.groovy:2110)
	at com.kms.katalon.core.mobile.keyword.MobileBuiltInKeywords$getDeviceHeight$0.call(Unknown Source)
	at duitNow_mobileNumberFavTransaction.run(duitNow_mobileNumberFavTransaction:40)
	at com.kms.katalon.core.main.ScriptEngine.run(ScriptEngine.java:194)
	at com.kms.katalon.core.main.ScriptEngine.runScriptAsRawText(ScriptEngine.java:119)
	at com.kms.katalon.core.main.TestCaseExecutor.runScript(TestCaseExecutor.java:445)
	at com.kms.katalon.core.main.TestCaseExecutor.doExecute(TestCaseExecutor.java:436)
	at com.kms.katalon.core.main.TestCaseExecutor.processExecutionPhase(TestCaseExecutor.java:415)
	at com.kms.katalon.core.main.TestCaseExecutor.accessMainPhase(TestCaseExecutor.java:407)
	at com.kms.katalon.core.main.TestCaseExecutor.execute(TestCaseExecutor.java:284)
	at com.kms.katalon.core.common.CommonExecutor.accessTestCaseMainPhase(CommonExecutor.java:65)
	at com.kms.katalon.core.main.TestSuiteExecutor.accessTestSuiteMainPhase(TestSuiteExecutor.java:144)
	at com.kms.katalon.core.main.TestSuiteExecutor.execute(TestSuiteExecutor.java:106)
	at com.kms.katalon.core.main.TestCaseMain.startTestSuite(TestCaseMain.java:185)
	at com.kms.katalon.core.main.TestCaseMain$startTestSuite$0.call(Unknown Source)
	at TempTestSuite1655885093224.run(TempTestSuite1655885093224.groovy:36)
)
	at com.kms.katalon.core.keyword.internal.KeywordMain.stepFailed(KeywordMain.groovy:39)
	at com.kms.katalon.core.mobile.keyword.internal.MobileKeywordMain.stepFailed(MobileKeywordMain.groovy:40)
	at com.kms.katalon.core.mobile.keyword.internal.MobileKeywordMain.runKeywordAndReturnInt(MobileKeywordMain.groovy:32)
	at com.kms.katalon.core.mobile.keyword.builtin.GetDeviceHeightKeyword.getDeviceHeight(GetDeviceHeightKeyword.groovy:68)
	at com.kms.katalon.core.mobile.keyword.builtin.GetDeviceHeightKeyword.execute(GetDeviceHeightKeyword.groovy:63)
	at com.kms.katalon.core.keyword.internal.KeywordExecutor.executeKeywordForPlatform(KeywordExecutor.groovy:74)
	at com.kms.katalon.core.mobile.keyword.MobileBuiltInKeywords.getDeviceHeight(MobileBuiltInKeywords.groovy:2110)
	at com.kms.katalon.core.mobile.keyword.MobileBuiltInKeywords$getDeviceHeight$0.call(Unknown Source)
	at duitNow_mobileNumberFavTransaction.run(duitNow_mobileNumberFavTransaction:40)
	at com.kms.katalon.core.main.ScriptEngine.run(ScriptEngine.java:194)
	at com.kms.katalon.core.main.ScriptEngine.runScriptAsRawText(ScriptEngine.java:119)
	at com.kms.katalon.core.main.TestCaseExecutor.runScript(TestCaseExecutor.java:445)
	at com.kms.katalon.core.main.TestCaseExecutor.doExecute(TestCaseExecutor.java:436)
	at com.kms.katalon.core.main.TestCaseExecutor.processExecutionPhase(TestCaseExecutor.java:415)
	at com.kms.katalon.core.main.TestCaseExecutor.accessMainPhase(TestCaseExecutor.java:407)
	at com.kms.katalon.core.main.TestCaseExecutor.execute(TestCaseExecutor.java:284)
	at com.kms.katalon.core.common.CommonExecutor.accessTestCaseMainPhase(CommonExecutor.java:65)
	at com.kms.katalon.core.main.TestSuiteExecutor.accessTestSuiteMainPhase(TestSuiteExecutor.java:144)
	at com.kms.katalon.core.main.TestSuiteExecutor.execute(TestSuiteExecutor.java:106)
	at com.kms.katalon.core.main.TestCaseMain.startTestSuite(TestCaseMain.java:185)
	at com.kms.katalon.core.main.TestCaseMain$startTestSuite$0.call(Unknown Source)
	at TempTestSuite1655885093224.run(TempTestSuite1655885093224.groovy:36)
Caused by: org.openqa.selenium.WebDriverException: An unknown server-side error occurred while processing the command. Original error: 'GET /window/current/size' cannot be proxied to UiAutomator2 server because the instrumentation process is not running (probably crashed). Check the server log and/or the logcat output for more details
Build info: version: '3.141.59', revision: 'e82be7d358', time: '2018-11-14T08:25:53'
System info: host: '00139272s-MacBook-Pro.local', ip: '2001:e68:6167:d901:5dd8:2a3:885f:7e34%en0', os.name: 'Mac OS X', os.arch: 'x86_64', os.version: '10.16', java.version: '1.8.0_275'
Driver info: com.kms.katalon.core.appium.driver.SwipeableAndroidDriver
Capabilities {app: /Users/a00139272/Katalon St..., appActivity: com.maybank2u.life.MainActi..., appPackage: com.maybank2u.life.sit, appWaitActivity: *, autoGrantPermissions: true, automationName: uiautomator2, chromedriverPort: 52878, databaseEnabled: false, desired: {app: /Users/a00139272/Katalon St..., appActivity: com.maybank2u.life.MainActi..., appPackage: com.maybank2u.life.sit, appWaitActivity: *, autoGrantPermissions: true, automationName: uiautomator2, chromedriverPort: 52878, deviceId: 002b9cc60508, deviceName: Xiaomi 21061119AG (Android 11), fullReset: false, newCommandTimeout: 1800, noReset: true, platform: ANDROID, platformName: android, platformVersion: 11, systemPort: 52876, udid: 002b9cc60508}, deviceApiLevel: 30, deviceId: 002b9cc60508, deviceManufacturer: Xiaomi, deviceModel: 21061119AG, deviceName: 002b9cc60508, deviceScreenDensity: 440, deviceScreenSize: 1080x2400, deviceUDID: 002b9cc60508, fullReset: false, javascriptEnabled: true, locationContextEnabled: false, networkConnectionEnabled: true, newCommandTimeout: 1800, noReset: true, pixelRatio: 2.75, platform: ANDROID, platformName: Android, platformVersion: 11, statBarHeight: 103, systemPort: 52876, takesScreenshot: true, udid: 002b9cc60508, viewportRect: {height: 2064, left: 0, top: 103, width: 1080}, warnings: {}, webStorageEnabled: false}
Session ID: 07e0a906-f567-4646-abfd-84c6cc800d18
	at org.openqa.selenium.remote.http.W3CHttpResponseCodec.createException(W3CHttpResponseCodec.java:187)
	at org.openqa.selenium.remote.http.W3CHttpResponseCodec.decode(W3CHttpResponseCodec.java:122)
	at org.openqa.selenium.remote.http.W3CHttpResponseCodec.decode(W3CHttpResponseCodec.java:49)
	at org.openqa.selenium.remote.HttpCommandExecutor.execute(HttpCommandExecutor.java:158)
	at io.appium.java_client.remote.AppiumCommandExecutor.execute(AppiumCommandExecutor.java:239)
	at org.openqa.selenium.remote.RemoteWebDriver.execute(RemoteWebDriver.java:552)
	at io.appium.java_client.DefaultGenericMobileDriver.execute(DefaultGenericMobileDriver.java:46)
	at io.appium.java_client.AppiumDriver.execute(AppiumDriver.java:1)
	at io.appium.java_client.android.AndroidDriver.execute(AndroidDriver.java:1)
	at com.kms.katalon.core.appium.driver.SwipeableAndroidDriver.execute(SwipeableAndroidDriver.java:1)
	at org.openqa.selenium.remote.RemoteWebDriver$RemoteWebDriverOptions$RemoteWindow.getSize(RemoteWebDriver.java:813)
	at com.kms.katalon.core.mobile.keyword.builtin.GetDeviceHeightKeyword$_getDeviceHeight_closure1.doCall(GetDeviceHeightKeyword.groovy:73)
	at com.kms.katalon.core.mobile.keyword.builtin.GetDeviceHeightKeyword$_getDeviceHeight_closure1.call(GetDeviceHeightKeyword.groovy)
	at com.kms.katalon.core.mobile.keyword.internal.MobileKeywordMain.runKeywordAndReturnInt(MobileKeywordMain.groovy:30)
	... 19 more]]></system-err>
      </testcase>
      <system-out><![CDATA[2022-06-22 16:05:06 - [TEST_SUITE][FAILED] - Regress 5: Test Cases/DuitNow/duitNow_mobileNumberTransaction FAILED.
Reason:
com.kms.katalon.core.exception.StepFailedException: Element 'Object Repository/Duit Now/duitNowAmountProxyNumberTxt' not found
	at com.kms.katalon.core.keyword.internal.KeywordMain.stepFailed(KeywordMain.groovy:39)
	at com.kms.katalon.core.mobile.keyword.internal.MobileKeywordMain.stepFailed(MobileKeywordMain.groovy:40)
	at com.kms.katalon.core.mobile.keyword.builtin.VerifyElementTextKeyword$_verifyElementText_closure1.doCall(VerifyElementTextKeyword.groovy:49)
	at com.kms.katalon.core.mobile.keyword.builtin.VerifyElementTextKeyword$_verifyElementText_closure1.call(VerifyElementTextKeyword.groovy)
	at com.kms.katalon.core.mobile.keyword.internal.MobileKeywordMain.runKeyword(MobileKeywordMain.groovy:21)
	at com.kms.katalon.core.mobile.keyword.builtin.VerifyElementTextKeyword.verifyElementText(VerifyElementTextKeyword.groovy:62)
	at com.kms.katalon.core.mobile.keyword.builtin.VerifyElementTextKeyword.execute(VerifyElementTextKeyword.groovy:39)
	at com.kms.katalon.core.keyword.internal.KeywordExecutor.executeKeywordForPlatform(KeywordExecutor.groovy:74)
	at com.kms.katalon.core.mobile.keyword.MobileBuiltInKeywords.verifyElementText(MobileBuiltInKeywords.groovy:2901)
	at com.kms.katalon.core.mobile.keyword.MobileBuiltInKeywords$verifyElementText$9.call(Unknown Source)
	at duitNow_mobileNumberTransaction.run(duitNow_mobileNumberTransaction:120)
	at com.kms.katalon.core.main.ScriptEngine.run(ScriptEngine.java:194)
	at com.kms.katalon.core.main.ScriptEngine.runScriptAsRawText(ScriptEngine.java:119)
	at com.kms.katalon.core.main.TestCaseExecutor.runScript(TestCaseExecutor.java:445)
	at com.kms.katalon.core.main.TestCaseExecutor.doExecute(TestCaseExecutor.java:436)
	at com.kms.katalon.core.main.TestCaseExecutor.processExecutionPhase(TestCaseExecutor.java:415)
	at com.kms.katalon.core.main.TestCaseExecutor.accessMainPhase(TestCaseExecutor.java:407)
	at com.kms.katalon.core.main.TestCaseExecutor.execute(TestCaseExecutor.java:284)
	at com.kms.katalon.core.common.CommonExecutor.accessTestCaseMainPhase(CommonExecutor.java:65)
	at com.kms.katalon.core.main.TestSuiteExecutor.accessTestSuiteMainPhase(TestSuiteExecutor.java:144)
	at com.kms.katalon.core.main.TestSuiteExecutor.execute(TestSuiteExecutor.java:106)
	at com.kms.katalon.core.main.TestCaseMain.startTestSuite(TestCaseMain.java:185)
	at com.kms.katalon.core.main.TestCaseMain$startTestSuite$0.call(Unknown Source)
	at TempTestSuite1655885093224.run(TempTestSuite1655885093224.groovy:36)]]></system-out>
      <system-err><![CDATA[2022-06-22 16:05:06 - [TEST_SUITE][FAILED] - Regress 5: Test Cases/DuitNow/duitNow_mobileNumberTransaction FAILED.
Reason:
com.kms.katalon.core.exception.StepFailedException: Element 'Object Repository/Duit Now/duitNowAmountProxyNumberTxt' not found
	at com.kms.katalon.core.keyword.internal.KeywordMain.stepFailed(KeywordMain.groovy:39)
	at com.kms.katalon.core.mobile.keyword.internal.MobileKeywordMain.stepFailed(MobileKeywordMain.groovy:40)
	at com.kms.katalon.core.mobile.keyword.builtin.VerifyElementTextKeyword$_verifyElementText_closure1.doCall(VerifyElementTextKeyword.groovy:49)
	at com.kms.katalon.core.mobile.keyword.builtin.VerifyElementTextKeyword$_verifyElementText_closure1.call(VerifyElementTextKeyword.groovy)
	at com.kms.katalon.core.mobile.keyword.internal.MobileKeywordMain.runKeyword(MobileKeywordMain.groovy:21)
	at com.kms.katalon.core.mobile.keyword.builtin.VerifyElementTextKeyword.verifyElementText(VerifyElementTextKeyword.groovy:62)
	at com.kms.katalon.core.mobile.keyword.builtin.VerifyElementTextKeyword.execute(VerifyElementTextKeyword.groovy:39)
	at com.kms.katalon.core.keyword.internal.KeywordExecutor.executeKeywordForPlatform(KeywordExecutor.groovy:74)
	at com.kms.katalon.core.mobile.keyword.MobileBuiltInKeywords.verifyElementText(MobileBuiltInKeywords.groovy:2901)
	at com.kms.katalon.core.mobile.keyword.MobileBuiltInKeywords$verifyElementText$9.call(Unknown Source)
	at duitNow_mobileNumberTransaction.run(duitNow_mobileNumberTransaction:120)
	at com.kms.katalon.core.main.ScriptEngine.run(ScriptEngine.java:194)
	at com.kms.katalon.core.main.ScriptEngine.runScriptAsRawText(ScriptEngine.java:119)
	at com.kms.katalon.core.main.TestCaseExecutor.runScript(TestCaseExecutor.java:445)
	at com.kms.katalon.core.main.TestCaseExecutor.doExecute(TestCaseExecutor.java:436)
	at com.kms.katalon.core.main.TestCaseExecutor.processExecutionPhase(TestCaseExecutor.java:415)
	at com.kms.katalon.core.main.TestCaseExecutor.accessMainPhase(TestCaseExecutor.java:407)
	at com.kms.katalon.core.main.TestCaseExecutor.execute(TestCaseExecutor.java:284)
	at com.kms.katalon.core.common.CommonExecutor.accessTestCaseMainPhase(CommonExecutor.java:65)
	at com.kms.katalon.core.main.TestSuiteExecutor.accessTestSuiteMainPhase(TestSuiteExecutor.java:144)
	at com.kms.katalon.core.main.TestSuiteExecutor.execute(TestSuiteExecutor.java:106)
	at com.kms.katalon.core.main.TestCaseMain.startTestSuite(TestCaseMain.java:185)
	at com.kms.katalon.core.main.TestCaseMain$startTestSuite$0.call(Unknown Source)
	at TempTestSuite1655885093224.run(TempTestSuite1655885093224.groovy:36)]]></system-err>
   </testsuite>
</testsuites>
