<?xml version="1.0" encoding="UTF-8"?>
<testsuites name="Regress 3" time="2159.643" tests="6" failures="4" errors="0">
   <testsuite name="Regress 3" tests="6" failures="4" errors="0" time="2159.643" skipped="0" timestamp="2022-07-04 12:30:51" hostname="a00139272 - localhost" id="Test Suites/Regress 3">
      <properties>
         <property name="deviceName" value="Xiaomi 21061119AG (Android 11)"/>
         <property name="devicePlatform" value=""/>
         <property name="logFolder" value="/Users/a00139272/git/MAE-BAU-MY/Reports/20220704_123041/Regress 3/20220704_123041"/>
         <property name="logFiles" value="/Users/a00139272/git/MAE-BAU-MY/Reports/20220704_123041/Regress 3/20220704_123041/execution0.log, /Users/a00139272/git/MAE-BAU-MY/Reports/20220704_123041/Regress 3/20220704_123041/appium.log"/>
         <property name="attachments" value="/Users/a00139272/Desktop/Screenshot/instantIBFT.png, /Users/a00139272/Desktop/Screenshot/instantSetFav.png, /Users/a00139272/Desktop/Screenshot/instantIBFTFav.png"/>
         <property name="hostName" value="a00139272 - localhost"/>
         <property name="os" value="Mac OS X 64bit"/>
         <property name="appiumServerStatus" value="{&quot;value&quot;:{&quot;build&quot;:{&quot;version&quot;:&quot;1.22.1&quot;}},&quot;sessionId&quot;:null,&quot;status&quot;:0}"/>
         <property name="katalonVersion" value="8.3.5.208"/>
         <property name="deviceOS" value="Android"/>
         <property name="appiumVersion" value="1.22.1"/>
         <property name="deviceModel" value="21061119AG"/>
         <property name="hostAddress" value="127.0.0.1"/>
         <property name="deviceManufacturer" value="Xiaomi"/>
         <property name="deviceId" value="002b9cc60508"/>
         <property name="deviceName" value="Xiaomi 21061119AG (Android 11)"/>
         <property name="deviceOSVersion" value="11"/>
      </properties>
      <testcase name="Test Cases/Transfer/transfer_instantTransferIBFT" time="569.959" classname="Test Cases/Transfer/transfer_instantTransferIBFT" status="PASSED">
         <system-out><![CDATA[2022-07-04 12:30:51 - [TEST_CASE][PASSED] - Test Cases/Transfer/transfer_instantTransferIBFT: Test Cases/Transfer/transfer_instantTransferIBFT

2022-07-04 12:30:52 - [TEST_STEP][PASSED] - setMobileDriverPreferencesProperty("appPackage", "com.maybank2u.life.sit"): null

2022-07-04 12:30:52 - [TEST_STEP][PASSED] - setMobileDriverPreferencesProperty("appActivity", "com.maybank2u.life.MainActivity"): null

2022-07-04 12:30:52 - [TEST_STEP][PASSED] - startApplication(appPath, false): Started app at: '/Users/a00139272/Katalon Studio/MAE/androidapp/app-dev-universal-release (1).apk'

2022-07-04 12:30:52 - [MESSAGE][INFO] - User set preference: ['appWaitActivity', '*']

2022-07-04 12:30:52 - [MESSAGE][INFO] - User set preference: ['deviceId', '002b9cc60508']

2022-07-04 12:30:52 - [MESSAGE][INFO] - User set preference: ['appPackage', 'com.maybank2u.life.sit']

2022-07-04 12:30:52 - [MESSAGE][INFO] - User set preference: ['appActivity', 'com.maybank2u.life.MainActivity']

2022-07-04 12:30:52 - [MESSAGE][INFO] - Detected NodeJS location: "/usr/local/Cellar/node/17.0.1/bin/node"

2022-07-04 12:30:54 - [MESSAGE][INFO] - Appium server started on port 54,643

2022-07-04 12:31:07 - [MESSAGE][PASSED] - Started app at: '/Users/a00139272/Katalon Studio/MAE/androidapp/app-dev-universal-release (1).apk'

2022-07-04 12:31:07 - [TEST_STEP][PASSED] - start = "Starts": null

2022-07-04 12:31:07 - [TEST_STEP][PASSED] - println(start): null

2022-07-04 12:31:07 - [TEST_STEP][PASSED] - delay(5): Delayed 5 second(s)

2022-07-04 12:31:12 - [MESSAGE][PASSED] - Delayed 5 second(s)

2022-07-04 12:31:12 - [TEST_STEP][PASSED] - device_Height = getDeviceHeight(): Current device physical height is 2167

2022-07-04 12:31:12 - [MESSAGE][PASSED] - Current device physical height is 2167

2022-07-04 12:31:12 - [TEST_STEP][PASSED] - device_Width = getDeviceWidth(): Current device physical width is 1080

2022-07-04 12:31:12 - [MESSAGE][PASSED] - Current device physical width is 1080

2022-07-04 12:31:12 - [TEST_STEP][PASSED] - startX = device_Width / 3: null

2022-07-04 12:31:12 - [TEST_STEP][PASSED] - startY = device_Height * 0.97: null

2022-07-04 12:31:12 - [TEST_STEP][PASSED] - tapAtPosition(startX, startY): Tapped at [360, 2,101]

2022-07-04 12:31:13 - [MESSAGE][PASSED] - Tapped at [360, 2,101]

2022-07-04 12:31:13 - [TEST_STEP][PASSED] - if (verifyElementVisible(findTestObject("Main/mainEnterPINMessage"), 0, OPTIONAL)): null

2022-07-04 12:31:13 - [MESSAGE][WARNING] - Timeout '0' is invalid. Using default page load timeout: '40'

2022-07-04 12:31:14 - [MESSAGE][PASSED] - Element 'Object Repository/Main/mainEnterPINMessage' is visible

2022-07-04 12:31:14 - [TEST_STEP][PASSED] - tap(findTestObject("Login Onboarding/PIN1"), 0): Tapped on element 'Object Repository/Login Onboarding/PIN1'

2022-07-04 12:31:14 - [MESSAGE][WARNING] - Timeout '0' is invalid. Using default page load timeout: '40'

2022-07-04 12:31:15 - [MESSAGE][PASSED] - Tapped on element 'Object Repository/Login Onboarding/PIN1'

2022-07-04 12:31:15 - [TEST_STEP][PASSED] - tap(findTestObject("Login Onboarding/PIN1"), 0): Tapped on element 'Object Repository/Login Onboarding/PIN1'

2022-07-04 12:31:15 - [MESSAGE][WARNING] - Timeout '0' is invalid. Using default page load timeout: '40'

2022-07-04 12:31:16 - [MESSAGE][PASSED] - Tapped on element 'Object Repository/Login Onboarding/PIN1'

2022-07-04 12:31:16 - [TEST_STEP][PASSED] - tap(findTestObject("Login Onboarding/PIN1"), 0): Tapped on element 'Object Repository/Login Onboarding/PIN1'

2022-07-04 12:31:17 - [MESSAGE][WARNING] - Timeout '0' is invalid. Using default page load timeout: '40'

2022-07-04 12:31:18 - [MESSAGE][PASSED] - Tapped on element 'Object Repository/Login Onboarding/PIN1'

2022-07-04 12:31:18 - [TEST_STEP][PASSED] - tap(findTestObject("Login Onboarding/PIN1"), 0): Tapped on element 'Object Repository/Login Onboarding/PIN1'

2022-07-04 12:31:18 - [MESSAGE][WARNING] - Timeout '0' is invalid. Using default page load timeout: '40'

2022-07-04 12:31:20 - [MESSAGE][PASSED] - Tapped on element 'Object Repository/Login Onboarding/PIN1'

2022-07-04 12:31:20 - [TEST_STEP][PASSED] - tap(findTestObject("Login Onboarding/PIN1"), 0): Tapped on element 'Object Repository/Login Onboarding/PIN1'

2022-07-04 12:31:20 - [MESSAGE][WARNING] - Timeout '0' is invalid. Using default page load timeout: '40'

2022-07-04 12:31:22 - [MESSAGE][PASSED] - Tapped on element 'Object Repository/Login Onboarding/PIN1'

2022-07-04 12:31:22 - [TEST_STEP][PASSED] - tap(findTestObject("Login Onboarding/PIN2"), 0): Tapped on element 'Object Repository/Login Onboarding/PIN2'

2022-07-04 12:31:22 - [MESSAGE][WARNING] - Timeout '0' is invalid. Using default page load timeout: '40'

2022-07-04 12:31:24 - [MESSAGE][PASSED] - Tapped on element 'Object Repository/Login Onboarding/PIN2'

2022-07-04 12:31:24 - [TEST_STEP][PASSED] - delay(2): Delayed 2 second(s)

2022-07-04 12:31:26 - [MESSAGE][PASSED] - Delayed 2 second(s)

2022-07-04 12:31:26 - [TEST_STEP][PASSED] - verifyElementVisible(findTestObject("Banking/m2uAccountTypeSelection", ["text":accType]), 0): Element 'Object Repository/Banking/m2uAccountTypeSelection' is visible

2022-07-04 12:31:26 - [MESSAGE][WARNING] - Timeout '0' is invalid. Using default page load timeout: '40'

2022-07-04 12:31:33 - [MESSAGE][PASSED] - Element 'Object Repository/Banking/m2uAccountTypeSelection' is visible

2022-07-04 12:31:33 - [TEST_STEP][PASSED] - tap(findTestObject("Banking/m2uAccountTypeSelection", ["text":accType]), 0): Tapped on element 'Object Repository/Banking/m2uAccountTypeSelection'

2022-07-04 12:31:33 - [MESSAGE][WARNING] - Timeout '0' is invalid. Using default page load timeout: '40'

2022-07-04 12:31:33 - [MESSAGE][PASSED] - Tapped on element 'Object Repository/Banking/m2uAccountTypeSelection'

2022-07-04 12:31:33 - [TEST_STEP][PASSED] - delay(5): Delayed 5 second(s)

2022-07-04 12:31:38 - [MESSAGE][PASSED] - Delayed 5 second(s)

2022-07-04 12:31:38 - [TEST_STEP][PASSED] - verifyElementVisible(findTestObject("Banking/m2uAccountTransferIconSelect"), 0): Element 'Object Repository/Banking/m2uAccountTransferIconSelect' is visible

2022-07-04 12:31:39 - [MESSAGE][WARNING] - Timeout '0' is invalid. Using default page load timeout: '40'

2022-07-04 12:31:39 - [MESSAGE][PASSED] - Element 'Object Repository/Banking/m2uAccountTransferIconSelect' is visible

2022-07-04 12:31:39 - [TEST_STEP][PASSED] - tap(findTestObject("Banking/m2uAccountTransferIconSelect"), 0): Tapped on element 'Object Repository/Banking/m2uAccountTransferIconSelect'

2022-07-04 12:31:39 - [MESSAGE][WARNING] - Timeout '0' is invalid. Using default page load timeout: '40'

2022-07-04 12:31:39 - [MESSAGE][PASSED] - Tapped on element 'Object Repository/Banking/m2uAccountTransferIconSelect'

2022-07-04 12:31:39 - [TEST_STEP][PASSED] - delay(5): Delayed 5 second(s)

2022-07-04 12:31:44 - [MESSAGE][PASSED] - Delayed 5 second(s)

2022-07-04 12:31:44 - [TEST_STEP][PASSED] - if (verifyElementVisible(findTestObject("Tabung/tabungEnterPasswordTxt"), 0, OPTIONAL)): null

2022-07-04 12:31:44 - [MESSAGE][WARNING] - Timeout '0' is invalid. Using default page load timeout: '40'

2022-07-04 12:32:35 - [MESSAGE][PASSED] - Element 'Object Repository/Tabung/tabungEnterPasswordTxt' is visible

2022-07-04 12:32:35 - [TEST_STEP][PASSED] - setText(findTestObject("Tabung/tabungSignInInputPasswordField"), Password, 0): Text 'pass1234' has been set to element 'Object Repository/Tabung/tabungSignInInputPasswordField'

2022-07-04 12:32:35 - [MESSAGE][WARNING] - Timeout '0' is invalid. Using default page load timeout: '40'

2022-07-04 12:34:26 - [MESSAGE][PASSED] - Text 'pass1234' has been set to element 'Object Repository/Tabung/tabungSignInInputPasswordField'

2022-07-04 12:34:26 - [TEST_STEP][PASSED] - hideKeyboard(): Keyboard is hidden

2022-07-04 12:34:31 - [MESSAGE][PASSED] - Keyboard is hidden

2022-07-04 12:34:31 - [TEST_STEP][PASSED] - tap(findTestObject("Tabung/tabungSignInContinueBtn"), 0): Tapped on element 'Object Repository/Tabung/tabungSignInContinueBtn'

2022-07-04 12:34:31 - [MESSAGE][WARNING] - Timeout '0' is invalid. Using default page load timeout: '40'

2022-07-04 12:35:31 - [MESSAGE][PASSED] - Tapped on element 'Object Repository/Tabung/tabungSignInContinueBtn'

2022-07-04 12:35:31 - [TEST_STEP][PASSED] - println("InterBank Test Case Started"): null

2022-07-04 12:35:31 - [TEST_STEP][PASSED] - verifyElementExist(findTestObject("Banking/transferOthersTopMenuSelect"), 0): Element 'Object Repository/Banking/transferOthersTopMenuSelect' is exist

2022-07-04 12:35:31 - [MESSAGE][WARNING] - Timeout '0' is invalid. Using default page load timeout: '40'

2022-07-04 12:36:02 - [MESSAGE][PASSED] - Element 'Object Repository/Banking/transferOthersTopMenuSelect' is exist

2022-07-04 12:36:02 - [TEST_STEP][PASSED] - tap(findTestObject("Banking/transferOthersTopMenuSelect"), 0): Tapped on element 'Object Repository/Banking/transferOthersTopMenuSelect'

2022-07-04 12:36:02 - [MESSAGE][WARNING] - Timeout '0' is invalid. Using default page load timeout: '40'

2022-07-04 12:37:03 - [MESSAGE][PASSED] - Tapped on element 'Object Repository/Banking/transferOthersTopMenuSelect'

2022-07-04 12:37:03 - [TEST_STEP][PASSED] - tap(findTestObject("Banking/transferBanksIconSelect"), 0): Tapped on element 'Object Repository/Banking/transferBanksIconSelect'

2022-07-04 12:37:03 - [MESSAGE][WARNING] - Timeout '0' is invalid. Using default page load timeout: '40'

2022-07-04 12:37:56 - [MESSAGE][PASSED] - Tapped on element 'Object Repository/Banking/transferBanksIconSelect'

2022-07-04 12:37:56 - [TEST_STEP][PASSED] - scrollToText(accBank, STOP_ON_FAILURE): Scrolling to text 'PUBLIC BANK' successfully

2022-07-04 12:38:08 - [MESSAGE][PASSED] - Scrolling to text 'PUBLIC BANK' successfully

2022-07-04 12:38:08 - [TEST_STEP][PASSED] - tap(findTestObject("Banking/transferBankSelection", ["text":accBank]), 10): Tapped on element 'Object Repository/Banking/transferBankSelection'

2022-07-04 12:38:09 - [MESSAGE][PASSED] - Tapped on element 'Object Repository/Banking/transferBankSelection'

2022-07-04 12:38:09 - [TEST_STEP][PASSED] - setText(findTestObject("Banking/transferAccountNoInputField"), accountNum, 0): Text '3099117112' has been set to element 'Object Repository/Banking/transferAccountNoInputField'

2022-07-04 12:38:09 - [MESSAGE][WARNING] - Timeout '0' is invalid. Using default page load timeout: '40'

2022-07-04 12:38:11 - [MESSAGE][PASSED] - Text '3099117112' has been set to element 'Object Repository/Banking/transferAccountNoInputField'

2022-07-04 12:38:11 - [TEST_STEP][PASSED] - hideKeyboard(): Keyboard is hidden

2022-07-04 12:38:16 - [MESSAGE][PASSED] - Keyboard is hidden

2022-07-04 12:38:16 - [TEST_STEP][PASSED] - tap(findTestObject("Login Onboarding/loginExistingContinueBtn"), 0): Tapped on element 'Object Repository/Login Onboarding/loginExistingContinueBtn'

2022-07-04 12:38:16 - [MESSAGE][WARNING] - Timeout '0' is invalid. Using default page load timeout: '40'

2022-07-04 12:38:16 - [MESSAGE][PASSED] - Tapped on element 'Object Repository/Login Onboarding/loginExistingContinueBtn'

2022-07-04 12:38:16 - [TEST_STEP][PASSED] - verifyElementText(findTestObject("Transfer/transferAmounttAccNoTxt", ["accNo":accNo]), accNo): Actual text and expected text of test object 'Object Repository/Transfer/transferAmounttAccNoTxt' are matched.

2022-07-04 12:38:17 - [MESSAGE][PASSED] - Actual text and expected text of test object 'Object Repository/Transfer/transferAmounttAccNoTxt' are matched.

2022-07-04 12:38:17 - [TEST_STEP][PASSED] - verifyElementText(findTestObject("Transfer/transferAmounttAccBankTxt", ["accBank":accBank]), accBank): Actual text and expected text of test object 'Object Repository/Transfer/transferAmounttAccBankTxt' are matched.

2022-07-04 12:38:18 - [MESSAGE][PASSED] - Actual text and expected text of test object 'Object Repository/Transfer/transferAmounttAccBankTxt' are matched.

2022-07-04 12:38:18 - [TEST_STEP][PASSED] - verifyElementExist(findTestObject("Transfer/transferAmountRMTxt"), 0): Element 'Object Repository/Transfer/transferAmountRMTxt' is exist

2022-07-04 12:38:18 - [MESSAGE][WARNING] - Timeout '0' is invalid. Using default page load timeout: '40'

2022-07-04 12:38:18 - [MESSAGE][PASSED] - Element 'Object Repository/Transfer/transferAmountRMTxt' is exist

2022-07-04 12:38:18 - [TEST_STEP][PASSED] - verifyElementExist(findTestObject("Duit Now/duitNowAmountInitialValueTxt"), 0): Element 'Object Repository/Duit Now/duitNowAmountInitialValueTxt' is exist

2022-07-04 12:38:18 - [MESSAGE][WARNING] - Timeout '0' is invalid. Using default page load timeout: '40'

2022-07-04 12:38:19 - [MESSAGE][PASSED] - Element 'Object Repository/Duit Now/duitNowAmountInitialValueTxt' is exist

2022-07-04 12:38:19 - [TEST_STEP][PASSED] - verifyElementExist(findTestObject("Transfer/transferAmountEnterAmountTitleTxt"), 0): Element 'Object Repository/Transfer/transferAmountEnterAmountTitleTxt' is exist

2022-07-04 12:38:19 - [MESSAGE][WARNING] - Timeout '0' is invalid. Using default page load timeout: '40'

2022-07-04 12:38:19 - [MESSAGE][PASSED] - Element 'Object Repository/Transfer/transferAmountEnterAmountTitleTxt' is exist

2022-07-04 12:38:19 - [TEST_STEP][PASSED] - trxAmount = value: null

2022-07-04 12:38:19 - [TEST_STEP][PASSED] - length = trxAmount.length(): null

2022-07-04 12:38:19 - [TEST_STEP][PASSED] - delay(3): Delayed 3 second(s)

2022-07-04 12:38:22 - [MESSAGE][PASSED] - Delayed 3 second(s)

2022-07-04 12:38:22 - [TEST_STEP][PASSED] - tapAtPosition(startX, startY): Tapped at [360, 2,101]

2022-07-04 12:38:22 - [MESSAGE][PASSED] - Tapped at [360, 2,101]

2022-07-04 12:38:22 - [TEST_STEP][PASSED] - for ([i = 0, i < length, (i++)]): null

2022-07-04 12:38:22 - [TEST_STEP][PASSED] - if (trxAmount[i] == "0"): null

2022-07-04 12:38:22 - [TEST_STEP][PASSED] - if (trxAmount[i] == "1"): null

2022-07-04 12:38:22 - [TEST_STEP][PASSED] - if (trxAmount[i] == "2"): null

2022-07-04 12:38:22 - [TEST_STEP][PASSED] - if (trxAmount[i] == "3"): Tapped on element 'Object Repository/Login Onboarding/PIN3'

2022-07-04 12:38:22 - [TEST_STEP][PASSED] - tap(findTestObject("Login Onboarding/PIN3"), 0): Tapped on element 'Object Repository/Login Onboarding/PIN3'

2022-07-04 12:38:22 - [MESSAGE][WARNING] - Timeout '0' is invalid. Using default page load timeout: '40'

2022-07-04 12:38:23 - [MESSAGE][PASSED] - Tapped on element 'Object Repository/Login Onboarding/PIN3'

2022-07-04 12:38:23 - [TEST_STEP][PASSED] - if (trxAmount[i] == "4"): null

2022-07-04 12:38:23 - [TEST_STEP][PASSED] - if (trxAmount[i] == "5"): null

2022-07-04 12:38:23 - [TEST_STEP][PASSED] - if (trxAmount[i] == "6"): null

2022-07-04 12:38:23 - [TEST_STEP][PASSED] - if (trxAmount[i] == "7"): null

2022-07-04 12:38:23 - [TEST_STEP][PASSED] - if (trxAmount[i] == "8"): null

2022-07-04 12:38:23 - [TEST_STEP][PASSED] - if (trxAmount[i] == "9"): null

2022-07-04 12:38:23 - [TEST_STEP][PASSED] - if (trxAmount[i] == "0"): Tapped on element 'Object Repository/Login Onboarding/PIN0'

2022-07-04 12:38:23 - [TEST_STEP][PASSED] - tap(findTestObject("Login Onboarding/PIN0"), 0): Tapped on element 'Object Repository/Login Onboarding/PIN0'

2022-07-04 12:38:23 - [MESSAGE][WARNING] - Timeout '0' is invalid. Using default page load timeout: '40'

2022-07-04 12:38:24 - [MESSAGE][PASSED] - Tapped on element 'Object Repository/Login Onboarding/PIN0'

2022-07-04 12:38:24 - [TEST_STEP][PASSED] - if (trxAmount[i] == "1"): null

2022-07-04 12:38:24 - [TEST_STEP][PASSED] - if (trxAmount[i] == "2"): null

2022-07-04 12:38:24 - [TEST_STEP][PASSED] - if (trxAmount[i] == "3"): null

2022-07-04 12:38:24 - [TEST_STEP][PASSED] - if (trxAmount[i] == "4"): null

2022-07-04 12:38:24 - [TEST_STEP][PASSED] - if (trxAmount[i] == "5"): null

2022-07-04 12:38:24 - [TEST_STEP][PASSED] - if (trxAmount[i] == "6"): null

2022-07-04 12:38:24 - [TEST_STEP][PASSED] - if (trxAmount[i] == "7"): null

2022-07-04 12:38:24 - [TEST_STEP][PASSED] - if (trxAmount[i] == "8"): null

2022-07-04 12:38:24 - [TEST_STEP][PASSED] - if (trxAmount[i] == "9"): null

2022-07-04 12:38:24 - [TEST_STEP][PASSED] - if (trxAmount[i] == "0"): Tapped on element 'Object Repository/Login Onboarding/PIN0'

2022-07-04 12:38:24 - [TEST_STEP][PASSED] - tap(findTestObject("Login Onboarding/PIN0"), 0): Tapped on element 'Object Repository/Login Onboarding/PIN0'

2022-07-04 12:38:24 - [MESSAGE][WARNING] - Timeout '0' is invalid. Using default page load timeout: '40'

2022-07-04 12:38:25 - [MESSAGE][PASSED] - Tapped on element 'Object Repository/Login Onboarding/PIN0'

2022-07-04 12:38:25 - [TEST_STEP][PASSED] - if (trxAmount[i] == "1"): null

2022-07-04 12:38:25 - [TEST_STEP][PASSED] - if (trxAmount[i] == "2"): null

2022-07-04 12:38:25 - [TEST_STEP][PASSED] - if (trxAmount[i] == "3"): null

2022-07-04 12:38:25 - [TEST_STEP][PASSED] - if (trxAmount[i] == "4"): null

2022-07-04 12:38:25 - [TEST_STEP][PASSED] - if (trxAmount[i] == "5"): null

2022-07-04 12:38:25 - [TEST_STEP][PASSED] - if (trxAmount[i] == "6"): null

2022-07-04 12:38:25 - [TEST_STEP][PASSED] - if (trxAmount[i] == "7"): null

2022-07-04 12:38:25 - [TEST_STEP][PASSED] - if (trxAmount[i] == "8"): null

2022-07-04 12:38:25 - [TEST_STEP][PASSED] - if (trxAmount[i] == "9"): null

2022-07-04 12:38:25 - [TEST_STEP][PASSED] - delay(3): Delayed 3 second(s)

2022-07-04 12:38:28 - [MESSAGE][PASSED] - Delayed 3 second(s)

2022-07-04 12:38:28 - [TEST_STEP][PASSED] - verifyElementText(findTestObject("Transfer/transferAmountInputValueTxt", ["value":checkValue]), checkValue): Actual text and expected text of test object 'Object Repository/Transfer/transferAmountInputValueTxt' are matched.

2022-07-04 12:38:29 - [MESSAGE][PASSED] - Actual text and expected text of test object 'Object Repository/Transfer/transferAmountInputValueTxt' are matched.

2022-07-04 12:38:29 - [TEST_STEP][PASSED] - delay(3): Delayed 3 second(s)

2022-07-04 12:38:32 - [MESSAGE][PASSED] - Delayed 3 second(s)

2022-07-04 12:38:32 - [TEST_STEP][PASSED] - tap(findTestObject("Login Onboarding/loginPinTickBtn"), 0): Tapped on element 'Object Repository/Login Onboarding/loginPinTickBtn'

2022-07-04 12:38:32 - [MESSAGE][WARNING] - Timeout '0' is invalid. Using default page load timeout: '40'

2022-07-04 12:38:32 - [MESSAGE][PASSED] - Tapped on element 'Object Repository/Login Onboarding/loginPinTickBtn'

2022-07-04 12:38:32 - [TEST_STEP][PASSED] - delay(3): Delayed 3 second(s)

2022-07-04 12:38:35 - [MESSAGE][PASSED] - Delayed 3 second(s)

2022-07-04 12:38:35 - [TEST_STEP][PASSED] - verifyElementText(findTestObject("Transfer/transferReferenceAccNoTxt", ["accNo":accNo]), accNo): Actual text and expected text of test object 'Object Repository/Transfer/transferReferenceAccNoTxt' are matched.

2022-07-04 12:38:35 - [MESSAGE][PASSED] - Actual text and expected text of test object 'Object Repository/Transfer/transferReferenceAccNoTxt' are matched.

2022-07-04 12:38:35 - [TEST_STEP][PASSED] - verifyElementText(findTestObject("Transfer/transferReferenceAccBankTxt", ["accBank":accBank]), accBank): Actual text and expected text of test object 'Object Repository/Transfer/transferReferenceAccBankTxt' are matched.

2022-07-04 12:38:36 - [MESSAGE][PASSED] - Actual text and expected text of test object 'Object Repository/Transfer/transferReferenceAccBankTxt' are matched.

2022-07-04 12:38:36 - [TEST_STEP][PASSED] - verifyElementExist(findTestObject("Transfer/transferReferenceInputField"), 0): Element 'Object Repository/Transfer/transferReferenceInputField' is exist

2022-07-04 12:38:36 - [MESSAGE][WARNING] - Timeout '0' is invalid. Using default page load timeout: '40'

2022-07-04 12:38:36 - [MESSAGE][PASSED] - Element 'Object Repository/Transfer/transferReferenceInputField' is exist

2022-07-04 12:38:36 - [TEST_STEP][PASSED] - setText(findTestObject("Banking/transferReferenceInputField"), reference, 0): Text 'IBFTInstantTransfer' has been set to element 'Object Repository/Banking/transferReferenceInputField'

2022-07-04 12:38:36 - [MESSAGE][WARNING] - Timeout '0' is invalid. Using default page load timeout: '40'

2022-07-04 12:38:37 - [MESSAGE][PASSED] - Text 'IBFTInstantTransfer' has been set to element 'Object Repository/Banking/transferReferenceInputField'

2022-07-04 12:38:37 - [TEST_STEP][PASSED] - hideKeyboard(): Keyboard is hidden

2022-07-04 12:38:39 - [MESSAGE][PASSED] - Keyboard is hidden

2022-07-04 12:38:39 - [TEST_STEP][PASSED] - verifyElementText(findTestObject("Transfer/transferReferenceInputFieldAfter", ["reference":reference]), reference): Actual text and expected text of test object 'Object Repository/Transfer/transferReferenceInputFieldAfter' are matched.

2022-07-04 12:38:39 - [MESSAGE][PASSED] - Actual text and expected text of test object 'Object Repository/Transfer/transferReferenceInputFieldAfter' are matched.

2022-07-04 12:38:39 - [TEST_STEP][PASSED] - tap(findTestObject("Login Onboarding/loginExistingContinueBtn"), 0): Tapped on element 'Object Repository/Login Onboarding/loginExistingContinueBtn'

2022-07-04 12:38:39 - [MESSAGE][WARNING] - Timeout '0' is invalid. Using default page load timeout: '40'

2022-07-04 12:38:39 - [MESSAGE][PASSED] - Tapped on element 'Object Repository/Login Onboarding/loginExistingContinueBtn'

2022-07-04 12:38:39 - [TEST_STEP][PASSED] - verifyElementText(findTestObject("Transfer/transferReferenceAccNoTxt", ["accNo":accNo]), accNo): Actual text and expected text of test object 'Object Repository/Transfer/transferReferenceAccNoTxt' are matched.

2022-07-04 12:38:39 - [MESSAGE][PASSED] - Actual text and expected text of test object 'Object Repository/Transfer/transferReferenceAccNoTxt' are matched.

2022-07-04 12:38:39 - [TEST_STEP][PASSED] - verifyElementText(findTestObject("Transfer/transferReferenceAccBankTxt", ["accBank":accBank]), accBank): Actual text and expected text of test object 'Object Repository/Transfer/transferReferenceAccBankTxt' are matched.

2022-07-04 12:38:39 - [MESSAGE][PASSED] - Actual text and expected text of test object 'Object Repository/Transfer/transferReferenceAccBankTxt' are matched.

2022-07-04 12:38:39 - [TEST_STEP][PASSED] - delay(3): Delayed 3 second(s)

2022-07-04 12:38:42 - [MESSAGE][PASSED] - Delayed 3 second(s)

2022-07-04 12:38:42 - [TEST_STEP][PASSED] - tap(findTestObject("Banking/transferTypeDropdownSelection"), 0): Tapped on element 'Object Repository/Banking/transferTypeDropdownSelection'

2022-07-04 12:38:43 - [MESSAGE][WARNING] - Timeout '0' is invalid. Using default page load timeout: '40'

2022-07-04 12:38:43 - [MESSAGE][PASSED] - Tapped on element 'Object Repository/Banking/transferTypeDropdownSelection'

2022-07-04 12:38:43 - [TEST_STEP][PASSED] - scrollToText("Fund Transfer", STOP_ON_FAILURE): Scrolling to text 'Fund Transfer' successfully

2022-07-04 12:38:47 - [MESSAGE][PASSED] - Scrolling to text 'Fund Transfer' successfully

2022-07-04 12:38:47 - [TEST_STEP][PASSED] - tap(findTestObject("Banking/tansferTypeFundDropdownSelection"), 0): Tapped on element 'Object Repository/Banking/tansferTypeFundDropdownSelection'

2022-07-04 12:38:47 - [MESSAGE][WARNING] - Timeout '0' is invalid. Using default page load timeout: '40'

2022-07-04 12:38:47 - [MESSAGE][PASSED] - Tapped on element 'Object Repository/Banking/tansferTypeFundDropdownSelection'

2022-07-04 12:38:47 - [TEST_STEP][PASSED] - tap(findTestObject("Banking/transferModeDropdownDoneBtn"), 0): Tapped on element 'Object Repository/Banking/transferModeDropdownDoneBtn'

2022-07-04 12:38:47 - [MESSAGE][WARNING] - Timeout '0' is invalid. Using default page load timeout: '40'

2022-07-04 12:38:47 - [MESSAGE][PASSED] - Tapped on element 'Object Repository/Banking/transferModeDropdownDoneBtn'

2022-07-04 12:38:47 - [TEST_STEP][PASSED] - delay(3): Delayed 3 second(s)

2022-07-04 12:38:50 - [MESSAGE][PASSED] - Delayed 3 second(s)

2022-07-04 12:38:50 - [TEST_STEP][PASSED] - verifyElementExist(findTestObject("Transfer/instantTransferModeDuitTxt", ["mode":initialMode]), 0): Element 'Object Repository/Transfer/instantTransferModeDuitTxt' is exist

2022-07-04 12:38:50 - [MESSAGE][WARNING] - Timeout '0' is invalid. Using default page load timeout: '40'

2022-07-04 12:38:51 - [MESSAGE][PASSED] - Element 'Object Repository/Transfer/instantTransferModeDuitTxt' is exist

2022-07-04 12:38:51 - [TEST_STEP][PASSED] - verifyElementExist(findTestObject("Transfer/instantTransferModeTitleTxt"), 0): Element 'Object Repository/Transfer/instantTransferModeTitleTxt' is exist

2022-07-04 12:38:51 - [MESSAGE][WARNING] - Timeout '0' is invalid. Using default page load timeout: '40'

2022-07-04 12:38:51 - [MESSAGE][PASSED] - Element 'Object Repository/Transfer/instantTransferModeTitleTxt' is exist

2022-07-04 12:38:51 - [TEST_STEP][PASSED] - verifyElementExist(findTestObject("Transfer/instantTransferTypeFundTxt"), 0): Element 'Object Repository/Transfer/instantTransferTypeFundTxt' is exist

2022-07-04 12:38:51 - [MESSAGE][WARNING] - Timeout '0' is invalid. Using default page load timeout: '40'

2022-07-04 12:38:51 - [MESSAGE][PASSED] - Element 'Object Repository/Transfer/instantTransferTypeFundTxt' is exist

2022-07-04 12:38:51 - [TEST_STEP][PASSED] - verifyElementExist(findTestObject("Transfer/instantTransferTypeTitleTxt"), 0): Element 'Object Repository/Transfer/instantTransferTypeTitleTxt' is exist

2022-07-04 12:38:51 - [MESSAGE][WARNING] - Timeout '0' is invalid. Using default page load timeout: '40'

2022-07-04 12:38:51 - [MESSAGE][PASSED] - Element 'Object Repository/Transfer/instantTransferTypeTitleTxt' is exist

2022-07-04 12:38:51 - [TEST_STEP][PASSED] - tap(findTestObject("Login Onboarding/loginExistingContinueBtn"), 0): Tapped on element 'Object Repository/Login Onboarding/loginExistingContinueBtn'

2022-07-04 12:38:51 - [MESSAGE][WARNING] - Timeout '0' is invalid. Using default page load timeout: '40'

2022-07-04 12:38:52 - [MESSAGE][PASSED] - Tapped on element 'Object Repository/Login Onboarding/loginExistingContinueBtn'

2022-07-04 12:38:52 - [TEST_STEP][PASSED] - verifyElementText(findTestObject("Transfer/transferConfirmationTransactionDateTxt"), trxDate): Actual text and expected text of test object 'Object Repository/Transfer/transferConfirmationTransactionDateTxt' are matched.

2022-07-04 12:38:57 - [MESSAGE][PASSED] - Actual text and expected text of test object 'Object Repository/Transfer/transferConfirmationTransactionDateTxt' are matched.

2022-07-04 12:38:57 - [TEST_STEP][PASSED] - verifyElementText(findTestObject("Transfer/transferConfirmationAccountNameTxt", ["accName":accName]), accName): Actual text and expected text of test object 'Object Repository/Transfer/transferConfirmationAccountNameTxt' are matched.

2022-07-04 12:38:58 - [MESSAGE][PASSED] - Actual text and expected text of test object 'Object Repository/Transfer/transferConfirmationAccountNameTxt' are matched.

2022-07-04 12:38:58 - [TEST_STEP][PASSED] - verifyElementText(findTestObject("Transfer/transferConfirmationAccountNoTxt", ["accNo":accNo]), accNo): Actual text and expected text of test object 'Object Repository/Transfer/transferConfirmationAccountNoTxt' are matched.

2022-07-04 12:38:58 - [MESSAGE][PASSED] - Actual text and expected text of test object 'Object Repository/Transfer/transferConfirmationAccountNoTxt' are matched.

2022-07-04 12:38:58 - [TEST_STEP][PASSED] - verifyElementText(findTestObject("Transfer/transferConfirmationAmountTxt", ["amount":amount]), amount): Actual text and expected text of test object 'Object Repository/Transfer/transferConfirmationAmountTxt' are matched.

2022-07-04 12:38:58 - [MESSAGE][PASSED] - Actual text and expected text of test object 'Object Repository/Transfer/transferConfirmationAmountTxt' are matched.

2022-07-04 12:38:58 - [TEST_STEP][PASSED] - verifyElementText(findTestObject("Transfer/transferConfirmationTransactionRecRefTxt", ["reference":reference]), reference): Actual text and expected text of test object 'Object Repository/Transfer/transferConfirmationTransactionRecRefTxt' are matched.

2022-07-04 12:38:59 - [MESSAGE][PASSED] - Actual text and expected text of test object 'Object Repository/Transfer/transferConfirmationTransactionRecRefTxt' are matched.

2022-07-04 12:38:59 - [TEST_STEP][PASSED] - verifyElementText(findTestObject("Transfer/transferConfirmationTransactionBankTxt", ["accBank":accBank]), accBank): Actual text and expected text of test object 'Object Repository/Transfer/transferConfirmationTransactionBankTxt' are matched.

2022-07-04 12:38:59 - [MESSAGE][PASSED] - Actual text and expected text of test object 'Object Repository/Transfer/transferConfirmationTransactionBankTxt' are matched.

2022-07-04 12:38:59 - [TEST_STEP][PASSED] - verifyElementText(findTestObject("Transfer/transferConfirmationOptionalGreyWordTxt"), "Optional"): Actual text and expected text of test object 'Object Repository/Transfer/transferConfirmationOptionalGreyWordTxt' are matched.

2022-07-04 12:38:59 - [MESSAGE][PASSED] - Actual text and expected text of test object 'Object Repository/Transfer/transferConfirmationOptionalGreyWordTxt' are matched.

2022-07-04 12:38:59 - [TEST_STEP][PASSED] - verifyElementText(findTestObject("Transfer/instantTransferConfirmationTransactionTypeTxt"), trxType): Actual text and expected text of test object 'Object Repository/Transfer/instantTransferConfirmationTransactionTypeTxt' are matched.

2022-07-04 12:38:59 - [MESSAGE][PASSED] - Actual text and expected text of test object 'Object Repository/Transfer/instantTransferConfirmationTransactionTypeTxt' are matched.

2022-07-04 12:38:59 - [TEST_STEP][PASSED] - verifyElementText(findTestObject("Transfer/instantTransferConfirmationTransactionModeTxt", ["modeC":initialMode]), initialMode): Actual text and expected text of test object 'Object Repository/Transfer/instantTransferConfirmationTransactionModeTxt' are matched.

2022-07-04 12:38:59 - [MESSAGE][PASSED] - Actual text and expected text of test object 'Object Repository/Transfer/instantTransferConfirmationTransactionModeTxt' are matched.

2022-07-04 12:38:59 - [TEST_STEP][PASSED] - verifyElementText(findTestObject("Transfer/instantTransferConfirmationTransactionServiceTxt"), "RM 0.00"): Actual text and expected text of test object 'Object Repository/Transfer/instantTransferConfirmationTransactionServiceTxt' are matched.

2022-07-04 12:39:00 - [MESSAGE][PASSED] - Actual text and expected text of test object 'Object Repository/Transfer/instantTransferConfirmationTransactionServiceTxt' are matched.

2022-07-04 12:39:00 - [TEST_STEP][PASSED] - verifyElementExist(findTestObject("Transfer/transferConfirmationBankNameTitleTxt"), 0): Element 'Object Repository/Transfer/transferConfirmationBankNameTitleTxt' is exist

2022-07-04 12:39:00 - [MESSAGE][WARNING] - Timeout '0' is invalid. Using default page load timeout: '40'

2022-07-04 12:39:00 - [MESSAGE][PASSED] - Element 'Object Repository/Transfer/transferConfirmationBankNameTitleTxt' is exist

2022-07-04 12:39:00 - [TEST_STEP][PASSED] - verifyElementExist(findTestObject("Transfer/transferConfirmationDateTitleTxt"), 0): Element 'Object Repository/Transfer/transferConfirmationDateTitleTxt' is exist

2022-07-04 12:39:00 - [MESSAGE][WARNING] - Timeout '0' is invalid. Using default page load timeout: '40'

2022-07-04 12:39:00 - [MESSAGE][PASSED] - Element 'Object Repository/Transfer/transferConfirmationDateTitleTxt' is exist

2022-07-04 12:39:00 - [TEST_STEP][PASSED] - verifyElementExist(findTestObject("Transfer/transferConfirmationRecRefTitleTxt"), 0): Element 'Object Repository/Transfer/transferConfirmationRecRefTitleTxt' is exist

2022-07-04 12:39:00 - [MESSAGE][WARNING] - Timeout '0' is invalid. Using default page load timeout: '40'

2022-07-04 12:39:00 - [MESSAGE][PASSED] - Element 'Object Repository/Transfer/transferConfirmationRecRefTitleTxt' is exist

2022-07-04 12:39:00 - [TEST_STEP][PASSED] - verifyElementExist(findTestObject("Transfer/transferConfirmationPaymentDetailsTitleTxt"), 0): Element 'Object Repository/Transfer/transferConfirmationPaymentDetailsTitleTxt' is exist

2022-07-04 12:39:00 - [MESSAGE][WARNING] - Timeout '0' is invalid. Using default page load timeout: '40'

2022-07-04 12:39:01 - [MESSAGE][PASSED] - Element 'Object Repository/Transfer/transferConfirmationPaymentDetailsTitleTxt' is exist

2022-07-04 12:39:01 - [TEST_STEP][PASSED] - verifyElementExist(findTestObject("Transfer/instantTransferConfirmationModeTitleTxt"), 0): Element 'Object Repository/Transfer/instantTransferConfirmationModeTitleTxt' is exist

2022-07-04 12:39:01 - [MESSAGE][WARNING] - Timeout '0' is invalid. Using default page load timeout: '40'

2022-07-04 12:39:02 - [MESSAGE][PASSED] - Element 'Object Repository/Transfer/instantTransferConfirmationModeTitleTxt' is exist

2022-07-04 12:39:02 - [TEST_STEP][PASSED] - verifyElementExist(findTestObject("Transfer/instantTransferConfirmationServiceFeeTitleTxt"), 0): Element 'Object Repository/Transfer/instantTransferConfirmationServiceFeeTitleTxt' is exist

2022-07-04 12:39:02 - [MESSAGE][WARNING] - Timeout '0' is invalid. Using default page load timeout: '40'

2022-07-04 12:39:02 - [MESSAGE][PASSED] - Element 'Object Repository/Transfer/instantTransferConfirmationServiceFeeTitleTxt' is exist

2022-07-04 12:39:02 - [TEST_STEP][PASSED] - verifyElementExist(findTestObject("Transfer/instantTransferConfirmationTypeTitleTxt"), 0): Element 'Object Repository/Transfer/instantTransferConfirmationTypeTitleTxt' is exist

2022-07-04 12:39:02 - [MESSAGE][WARNING] - Timeout '0' is invalid. Using default page load timeout: '40'

2022-07-04 12:39:02 - [MESSAGE][PASSED] - Element 'Object Repository/Transfer/instantTransferConfirmationTypeTitleTxt' is exist

2022-07-04 12:39:02 - [TEST_STEP][PASSED] - verifyElementExist(findTestObject("Transfer/transferConfirmationNoteTitleTxt"), 0): Element 'Object Repository/Transfer/transferConfirmationNoteTitleTxt' is exist

2022-07-04 12:39:02 - [MESSAGE][WARNING] - Timeout '0' is invalid. Using default page load timeout: '40'

2022-07-04 12:39:02 - [MESSAGE][PASSED] - Element 'Object Repository/Transfer/transferConfirmationNoteTitleTxt' is exist

2022-07-04 12:39:02 - [TEST_STEP][PASSED] - tap(findTestObject("Transfer/transferConfirmationOptionalGreyWordTxt"), 0): Tapped on element 'Object Repository/Transfer/transferConfirmationOptionalGreyWordTxt'

2022-07-04 12:39:03 - [MESSAGE][WARNING] - Timeout '0' is invalid. Using default page load timeout: '40'

2022-07-04 12:39:03 - [MESSAGE][PASSED] - Tapped on element 'Object Repository/Transfer/transferConfirmationOptionalGreyWordTxt'

2022-07-04 12:39:03 - [TEST_STEP][PASSED] - setText(findTestObject("Transfer/transferConfirmationDetailsInputField"), details, 0): Text 'Test' has been set to element 'Object Repository/Transfer/transferConfirmationDetailsInputField'

2022-07-04 12:39:03 - [MESSAGE][WARNING] - Timeout '0' is invalid. Using default page load timeout: '40'

2022-07-04 12:39:06 - [MESSAGE][PASSED] - Text 'Test' has been set to element 'Object Repository/Transfer/transferConfirmationDetailsInputField'

2022-07-04 12:39:06 - [TEST_STEP][PASSED] - hideKeyboard(): Keyboard is hidden

2022-07-04 12:39:08 - [MESSAGE][PASSED] - Keyboard is hidden

2022-07-04 12:39:08 - [TEST_STEP][PASSED] - verifyElementText(findTestObject("Transfer/transferConfirmationOptionalGreyWordTxt"), details): Actual text and expected text of test object 'Object Repository/Transfer/transferConfirmationOptionalGreyWordTxt' are matched.

2022-07-04 12:39:08 - [MESSAGE][PASSED] - Actual text and expected text of test object 'Object Repository/Transfer/transferConfirmationOptionalGreyWordTxt' are matched.

2022-07-04 12:39:08 - [TEST_STEP][PASSED] - device_Height_2 = getDeviceHeight(): Current device physical height is 2167

2022-07-04 12:39:09 - [MESSAGE][PASSED] - Current device physical height is 2167

2022-07-04 12:39:09 - [TEST_STEP][PASSED] - device_Width_2 = getDeviceWidth(): Current device physical width is 1080

2022-07-04 12:39:09 - [MESSAGE][PASSED] - Current device physical width is 1080

2022-07-04 12:39:09 - [TEST_STEP][PASSED] - startX_2 = device_Width_2 / 2: null

2022-07-04 12:39:09 - [TEST_STEP][PASSED] - endX_2 = startX_2: null

2022-07-04 12:39:09 - [TEST_STEP][PASSED] - startY_2 = device_Height_2 * 0.30: null

2022-07-04 12:39:09 - [TEST_STEP][PASSED] - endY_2 = device_Height_2 * 0.70: null

2022-07-04 12:39:09 - [TEST_STEP][PASSED] - swipe(startX_2, endY_2, endX_2, startY_2): Swiped from 540,1,516 to 540,650

2022-07-04 12:39:10 - [MESSAGE][PASSED] - Swiped from 540,1,516 to 540,650

2022-07-04 12:39:10 - [TEST_STEP][PASSED] - verifyElementExist(findTestObject("Transfer/instantTransferConfirmationNotes1Txt"), 0): Element 'Object Repository/Transfer/instantTransferConfirmationNotes1Txt' is exist

2022-07-04 12:39:10 - [MESSAGE][WARNING] - Timeout '0' is invalid. Using default page load timeout: '40'

2022-07-04 12:39:10 - [MESSAGE][PASSED] - Element 'Object Repository/Transfer/instantTransferConfirmationNotes1Txt' is exist

2022-07-04 12:39:10 - [TEST_STEP][PASSED] - verifyElementExist(findTestObject("Transfer/transferConfirmationFTransferFromTitleTxt"), 0): Element 'Object Repository/Transfer/transferConfirmationFTransferFromTitleTxt' is exist

2022-07-04 12:39:10 - [MESSAGE][WARNING] - Timeout '0' is invalid. Using default page load timeout: '40'

2022-07-04 12:39:10 - [MESSAGE][PASSED] - Element 'Object Repository/Transfer/transferConfirmationFTransferFromTitleTxt' is exist

2022-07-04 12:39:10 - [TEST_STEP][PASSED] - verifyElementExist(findTestObject("Transfer/instantTransferConfirmationNotes2Txt"), 0): Element 'Object Repository/Transfer/instantTransferConfirmationNotes2Txt' is exist

2022-07-04 12:39:10 - [MESSAGE][WARNING] - Timeout '0' is invalid. Using default page load timeout: '40'

2022-07-04 12:39:10 - [MESSAGE][PASSED] - Element 'Object Repository/Transfer/instantTransferConfirmationNotes2Txt' is exist

2022-07-04 12:39:10 - [TEST_STEP][PASSED] - verifyElementText(findTestObject("Transfer/transferConfirmationFromAccTypeTxt", ["accType":accType]), accType): Actual text and expected text of test object 'Object Repository/Transfer/transferConfirmationFromAccTypeTxt' are matched.

2022-07-04 12:39:10 - [MESSAGE][PASSED] - Actual text and expected text of test object 'Object Repository/Transfer/transferConfirmationFromAccTypeTxt' are matched.

2022-07-04 12:39:10 - [TEST_STEP][PASSED] - verifyElementText(findTestObject("Transfer/transferConfirmationFromAccNoTxt", ["accNoFrom":accNoFrom]), accNoFrom): Actual text and expected text of test object 'Object Repository/Transfer/transferConfirmationFromAccNoTxt' are matched.

2022-07-04 12:39:11 - [MESSAGE][PASSED] - Actual text and expected text of test object 'Object Repository/Transfer/transferConfirmationFromAccNoTxt' are matched.

2022-07-04 12:39:11 - [TEST_STEP][PASSED] - verifyElementExist(findTestObject("Transfer/transferConfirmationFromAccBalanceTxt"), 0): Element 'Object Repository/Transfer/transferConfirmationFromAccBalanceTxt' is exist

2022-07-04 12:39:11 - [MESSAGE][WARNING] - Timeout '0' is invalid. Using default page load timeout: '40'

2022-07-04 12:39:11 - [MESSAGE][PASSED] - Element 'Object Repository/Transfer/transferConfirmationFromAccBalanceTxt' is exist

2022-07-04 12:39:11 - [TEST_STEP][PASSED] - accountBalance = getText(findTestObject("Transfer/transferConfirmationFromAccBalanceTxt"), 0): Text of element 'Object Repository/Transfer/transferConfirmationFromAccBalanceTxt' is: 'RM 4,075.24'

2022-07-04 12:39:11 - [MESSAGE][WARNING] - Timeout '0' is invalid. Using default page load timeout: '40'

2022-07-04 12:39:11 - [MESSAGE][PASSED] - Text of element 'Object Repository/Transfer/transferConfirmationFromAccBalanceTxt' is: 'RM 4,075.24'

2022-07-04 12:39:11 - [TEST_STEP][PASSED] - println(accountBalance): null

2022-07-04 12:39:11 - [TEST_STEP][PASSED] - tap(findTestObject("Main/mainTransferNowBtn"), 0): Tapped on element 'Object Repository/Main/mainTransferNowBtn'

2022-07-04 12:39:11 - [MESSAGE][WARNING] - Timeout '0' is invalid. Using default page load timeout: '40'

2022-07-04 12:39:12 - [MESSAGE][PASSED] - Tapped on element 'Object Repository/Main/mainTransferNowBtn'

2022-07-04 12:39:12 - [TEST_STEP][PASSED] - delay(5): Delayed 5 second(s)

2022-07-04 12:39:17 - [MESSAGE][PASSED] - Delayed 5 second(s)

2022-07-04 12:39:17 - [TEST_STEP][PASSED] - if (value <= limit): null

2022-07-04 12:39:17 - [TEST_STEP][PASSED] - if (verifyElementVisible(findTestObject("Festive Season/seasonalGreetingAngpaoTACNoTxt"), 10, OPTIONAL)): null

2022-07-04 12:39:17 - [MESSAGE][PASSED] - Element 'Object Repository/Festive Season/seasonalGreetingAngpaoTACNoTxt' is visible

2022-07-04 12:39:17 - [TEST_STEP][PASSED] - OTP = getText(findTestObject("Festive Season/seasonalGreetingAngpaoTACNoTxt"), 10): Text of element 'Object Repository/Festive Season/seasonalGreetingAngpaoTACNoTxt' is: 'Your TAC no. is 579725'

2022-07-04 12:39:17 - [MESSAGE][PASSED] - Text of element 'Object Repository/Festive Season/seasonalGreetingAngpaoTACNoTxt' is: 'Your TAC no. is 579725'

2022-07-04 12:39:17 - [TEST_STEP][PASSED] - delay(5): Delayed 5 second(s)

2022-07-04 12:39:22 - [MESSAGE][PASSED] - Delayed 5 second(s)

2022-07-04 12:39:22 - [TEST_STEP][PASSED] - tapAtPosition(startX, startY): Tapped at [360, 2,101]

2022-07-04 12:39:23 - [MESSAGE][PASSED] - Tapped at [360, 2,101]

2022-07-04 12:39:23 - [TEST_STEP][PASSED] - for ([i = 16, i <= 21, (i++)]): null

2022-07-04 12:39:23 - [TEST_STEP][PASSED] - if (OTP[i] == "0"): null

2022-07-04 12:39:23 - [TEST_STEP][PASSED] - if (OTP[i] == "1"): null

2022-07-04 12:39:23 - [TEST_STEP][PASSED] - if (OTP[i] == "2"): null

2022-07-04 12:39:23 - [TEST_STEP][PASSED] - if (OTP[i] == "3"): null

2022-07-04 12:39:23 - [TEST_STEP][PASSED] - if (OTP[i] == "4"): null

2022-07-04 12:39:23 - [TEST_STEP][PASSED] - if (OTP[i] == "5"): Tapped on element 'Object Repository/Login Onboarding/PIN5'

2022-07-04 12:39:23 - [TEST_STEP][PASSED] - tap(findTestObject("Login Onboarding/PIN5"), 0): Tapped on element 'Object Repository/Login Onboarding/PIN5'

2022-07-04 12:39:23 - [MESSAGE][WARNING] - Timeout '0' is invalid. Using default page load timeout: '40'

2022-07-04 12:39:23 - [MESSAGE][PASSED] - Tapped on element 'Object Repository/Login Onboarding/PIN5'

2022-07-04 12:39:23 - [TEST_STEP][PASSED] - if (OTP[i] == "6"): null

2022-07-04 12:39:23 - [TEST_STEP][PASSED] - if (OTP[i] == "7"): null

2022-07-04 12:39:23 - [TEST_STEP][PASSED] - if (OTP[i] == "8"): null

2022-07-04 12:39:23 - [TEST_STEP][PASSED] - if (OTP[i] == "9"): null

2022-07-04 12:39:23 - [TEST_STEP][PASSED] - if (OTP[i] == "0"): null

2022-07-04 12:39:23 - [TEST_STEP][PASSED] - if (OTP[i] == "1"): null

2022-07-04 12:39:23 - [TEST_STEP][PASSED] - if (OTP[i] == "2"): null

2022-07-04 12:39:23 - [TEST_STEP][PASSED] - if (OTP[i] == "3"): null

2022-07-04 12:39:23 - [TEST_STEP][PASSED] - if (OTP[i] == "4"): null

2022-07-04 12:39:23 - [TEST_STEP][PASSED] - if (OTP[i] == "5"): null

2022-07-04 12:39:23 - [TEST_STEP][PASSED] - if (OTP[i] == "6"): null

2022-07-04 12:39:23 - [TEST_STEP][PASSED] - if (OTP[i] == "7"): Tapped on element 'Object Repository/Login Onboarding/PIN7'

2022-07-04 12:39:23 - [TEST_STEP][PASSED] - tap(findTestObject("Login Onboarding/PIN7"), 0): Tapped on element 'Object Repository/Login Onboarding/PIN7'

2022-07-04 12:39:23 - [MESSAGE][WARNING] - Timeout '0' is invalid. Using default page load timeout: '40'

2022-07-04 12:39:25 - [MESSAGE][PASSED] - Tapped on element 'Object Repository/Login Onboarding/PIN7'

2022-07-04 12:39:25 - [TEST_STEP][PASSED] - if (OTP[i] == "8"): null

2022-07-04 12:39:25 - [TEST_STEP][PASSED] - if (OTP[i] == "9"): null

2022-07-04 12:39:25 - [TEST_STEP][PASSED] - if (OTP[i] == "0"): null

2022-07-04 12:39:25 - [TEST_STEP][PASSED] - if (OTP[i] == "1"): null

2022-07-04 12:39:25 - [TEST_STEP][PASSED] - if (OTP[i] == "2"): null

2022-07-04 12:39:25 - [TEST_STEP][PASSED] - if (OTP[i] == "3"): null

2022-07-04 12:39:25 - [TEST_STEP][PASSED] - if (OTP[i] == "4"): null

2022-07-04 12:39:25 - [TEST_STEP][PASSED] - if (OTP[i] == "5"): null

2022-07-04 12:39:25 - [TEST_STEP][PASSED] - if (OTP[i] == "6"): null

2022-07-04 12:39:25 - [TEST_STEP][PASSED] - if (OTP[i] == "7"): null

2022-07-04 12:39:25 - [TEST_STEP][PASSED] - if (OTP[i] == "8"): null

2022-07-04 12:39:25 - [TEST_STEP][PASSED] - if (OTP[i] == "9"): Tapped on element 'Object Repository/Login Onboarding/PIN9'

2022-07-04 12:39:25 - [TEST_STEP][PASSED] - tap(findTestObject("Login Onboarding/PIN9"), 0): Tapped on element 'Object Repository/Login Onboarding/PIN9'

2022-07-04 12:39:25 - [MESSAGE][WARNING] - Timeout '0' is invalid. Using default page load timeout: '40'

2022-07-04 12:39:27 - [MESSAGE][PASSED] - Tapped on element 'Object Repository/Login Onboarding/PIN9'

2022-07-04 12:39:27 - [TEST_STEP][PASSED] - if (OTP[i] == "0"): null

2022-07-04 12:39:27 - [TEST_STEP][PASSED] - if (OTP[i] == "1"): null

2022-07-04 12:39:27 - [TEST_STEP][PASSED] - if (OTP[i] == "2"): null

2022-07-04 12:39:27 - [TEST_STEP][PASSED] - if (OTP[i] == "3"): null

2022-07-04 12:39:27 - [TEST_STEP][PASSED] - if (OTP[i] == "4"): null

2022-07-04 12:39:27 - [TEST_STEP][PASSED] - if (OTP[i] == "5"): null

2022-07-04 12:39:27 - [TEST_STEP][PASSED] - if (OTP[i] == "6"): null

2022-07-04 12:39:27 - [TEST_STEP][PASSED] - if (OTP[i] == "7"): Tapped on element 'Object Repository/Login Onboarding/PIN7'

2022-07-04 12:39:27 - [TEST_STEP][PASSED] - tap(findTestObject("Login Onboarding/PIN7"), 0): Tapped on element 'Object Repository/Login Onboarding/PIN7'

2022-07-04 12:39:27 - [MESSAGE][WARNING] - Timeout '0' is invalid. Using default page load timeout: '40'

2022-07-04 12:39:29 - [MESSAGE][PASSED] - Tapped on element 'Object Repository/Login Onboarding/PIN7'

2022-07-04 12:39:29 - [TEST_STEP][PASSED] - if (OTP[i] == "8"): null

2022-07-04 12:39:29 - [TEST_STEP][PASSED] - if (OTP[i] == "9"): null

2022-07-04 12:39:29 - [TEST_STEP][PASSED] - if (OTP[i] == "0"): null

2022-07-04 12:39:29 - [TEST_STEP][PASSED] - if (OTP[i] == "1"): null

2022-07-04 12:39:29 - [TEST_STEP][PASSED] - if (OTP[i] == "2"): Tapped on element 'Object Repository/Login Onboarding/PIN2'

2022-07-04 12:39:29 - [TEST_STEP][PASSED] - tap(findTestObject("Login Onboarding/PIN2"), 0): Tapped on element 'Object Repository/Login Onboarding/PIN2'

2022-07-04 12:39:29 - [MESSAGE][WARNING] - Timeout '0' is invalid. Using default page load timeout: '40'

2022-07-04 12:39:32 - [MESSAGE][PASSED] - Tapped on element 'Object Repository/Login Onboarding/PIN2'

2022-07-04 12:39:32 - [TEST_STEP][PASSED] - if (OTP[i] == "3"): null

2022-07-04 12:39:32 - [TEST_STEP][PASSED] - if (OTP[i] == "4"): null

2022-07-04 12:39:32 - [TEST_STEP][PASSED] - if (OTP[i] == "5"): null

2022-07-04 12:39:32 - [TEST_STEP][PASSED] - if (OTP[i] == "6"): null

2022-07-04 12:39:32 - [TEST_STEP][PASSED] - if (OTP[i] == "7"): null

2022-07-04 12:39:32 - [TEST_STEP][PASSED] - if (OTP[i] == "8"): null

2022-07-04 12:39:32 - [TEST_STEP][PASSED] - if (OTP[i] == "9"): null

2022-07-04 12:39:32 - [TEST_STEP][PASSED] - if (OTP[i] == "0"): null

2022-07-04 12:39:32 - [TEST_STEP][PASSED] - if (OTP[i] == "1"): null

2022-07-04 12:39:32 - [TEST_STEP][PASSED] - if (OTP[i] == "2"): null

2022-07-04 12:39:32 - [TEST_STEP][PASSED] - if (OTP[i] == "3"): null

2022-07-04 12:39:32 - [TEST_STEP][PASSED] - if (OTP[i] == "4"): null

2022-07-04 12:39:32 - [TEST_STEP][PASSED] - if (OTP[i] == "5"): Tapped on element 'Object Repository/Login Onboarding/PIN5'

2022-07-04 12:39:32 - [TEST_STEP][PASSED] - tap(findTestObject("Login Onboarding/PIN5"), 0): Tapped on element 'Object Repository/Login Onboarding/PIN5'

2022-07-04 12:39:32 - [MESSAGE][WARNING] - Timeout '0' is invalid. Using default page load timeout: '40'

2022-07-04 12:39:33 - [MESSAGE][PASSED] - Tapped on element 'Object Repository/Login Onboarding/PIN5'

2022-07-04 12:39:33 - [TEST_STEP][PASSED] - if (OTP[i] == "6"): null

2022-07-04 12:39:33 - [TEST_STEP][PASSED] - if (OTP[i] == "7"): null

2022-07-04 12:39:33 - [TEST_STEP][PASSED] - if (OTP[i] == "8"): null

2022-07-04 12:39:33 - [TEST_STEP][PASSED] - if (OTP[i] == "9"): null

2022-07-04 12:39:33 - [TEST_STEP][PASSED] - delay(3): Delayed 3 second(s)

2022-07-04 12:39:36 - [MESSAGE][PASSED] - Delayed 3 second(s)

2022-07-04 12:39:36 - [TEST_STEP][PASSED] - tap(findTestObject("Festive Season/festiveSendGreetingAngpaoTACTickBtn"), 0): Tapped on element 'Object Repository/Festive Season/festiveSendGreetingAngpaoTACTickBtn'

2022-07-04 12:39:36 - [MESSAGE][WARNING] - Timeout '0' is invalid. Using default page load timeout: '40'

2022-07-04 12:39:37 - [MESSAGE][PASSED] - Tapped on element 'Object Repository/Festive Season/festiveSendGreetingAngpaoTACTickBtn'

2022-07-04 12:39:37 - [TEST_STEP][PASSED] - delay(5): Delayed 5 second(s)

2022-07-04 12:39:42 - [MESSAGE][PASSED] - Delayed 5 second(s)

2022-07-04 12:39:42 - [TEST_STEP][PASSED] - verifyElementExist(findTestObject("Festive Season/returnAngpaoStatusMessageTxt"), 0): Element 'Object Repository/Festive Season/returnAngpaoStatusMessageTxt' is exist

2022-07-04 12:39:42 - [MESSAGE][WARNING] - Timeout '0' is invalid. Using default page load timeout: '40'

2022-07-04 12:39:43 - [MESSAGE][PASSED] - Element 'Object Repository/Festive Season/returnAngpaoStatusMessageTxt' is exist

2022-07-04 12:39:43 - [TEST_STEP][PASSED] - message = getText(findTestObject("Festive Season/returnAngpaoStatusMessageTxt"), 10): Text of element 'Object Repository/Festive Season/returnAngpaoStatusMessageTxt' is: 'Transfer successful'

2022-07-04 12:39:43 - [MESSAGE][PASSED] - Text of element 'Object Repository/Festive Season/returnAngpaoStatusMessageTxt' is: 'Transfer successful'

2022-07-04 12:39:43 - [TEST_STEP][PASSED] - println(message): null

2022-07-04 12:39:43 - [TEST_STEP][PASSED] - assert message == successTransactionMessage: null

2022-07-04 12:39:43 - [TEST_STEP][PASSED] - delay(5): Delayed 5 second(s)

2022-07-04 12:39:48 - [MESSAGE][PASSED] - Delayed 5 second(s)

2022-07-04 12:39:48 - [TEST_STEP][PASSED] - if (value > limit): null

2022-07-04 12:39:48 - [TEST_STEP][PASSED] - else: Element 'Object Repository/Transfer/transferSummaryShareReceiptBtn' is exist

2022-07-04 12:39:48 - [TEST_STEP][PASSED] - verifyElementExist(findTestObject("Transfer/transferSummaryDateTimeTitleTxt"), 0): Element 'Object Repository/Transfer/transferSummaryDateTimeTitleTxt' is exist

2022-07-04 12:39:48 - [MESSAGE][WARNING] - Timeout '0' is invalid. Using default page load timeout: '40'

2022-07-04 12:39:49 - [MESSAGE][PASSED] - Element 'Object Repository/Transfer/transferSummaryDateTimeTitleTxt' is exist

2022-07-04 12:39:49 - [TEST_STEP][PASSED] - verifyElementExist(findTestObject("Transfer/transferSummaryRefIDTitleTxt"), 0): Element 'Object Repository/Transfer/transferSummaryRefIDTitleTxt' is exist

2022-07-04 12:39:49 - [MESSAGE][WARNING] - Timeout '0' is invalid. Using default page load timeout: '40'

2022-07-04 12:39:49 - [MESSAGE][PASSED] - Element 'Object Repository/Transfer/transferSummaryRefIDTitleTxt' is exist

2022-07-04 12:39:49 - [TEST_STEP][PASSED] - verifyElementExist(findTestObject("Transfer/transferSummaryShareReceiptBtn"), 0): Element 'Object Repository/Transfer/transferSummaryShareReceiptBtn' is exist

2022-07-04 12:39:49 - [MESSAGE][WARNING] - Timeout '0' is invalid. Using default page load timeout: '40'

2022-07-04 12:39:49 - [MESSAGE][PASSED] - Element 'Object Repository/Transfer/transferSummaryShareReceiptBtn' is exist

2022-07-04 12:39:49 - [TEST_STEP][PASSED] - delay(5): Delayed 5 second(s)

2022-07-04 12:39:54 - [MESSAGE][PASSED] - Delayed 5 second(s)

2022-07-04 12:39:54 - [TEST_STEP][PASSED] - referenceID = getText(findTestObject("Send Request Money/requestMoneyPaySummaryRefIDTxt"), 0): Text of element 'Object Repository/Send Request Money/requestMoneyPaySummaryRefIDTxt' is: '181631668M'

2022-07-04 12:39:54 - [MESSAGE][WARNING] - Timeout '0' is invalid. Using default page load timeout: '40'

2022-07-04 12:39:54 - [MESSAGE][PASSED] - Text of element 'Object Repository/Send Request Money/requestMoneyPaySummaryRefIDTxt' is: '181631668M'

2022-07-04 12:39:54 - [TEST_STEP][PASSED] - println(referenceID): null

2022-07-04 12:39:54 - [TEST_STEP][PASSED] - test = dataFolder: null

2022-07-04 12:39:54 - [TEST_STEP][PASSED] - sheetName = "Sheet1": null

2022-07-04 12:39:54 - [TEST_STEP][PASSED] - file1 = new java.io.File(test): null

2022-07-04 12:39:54 - [TEST_STEP][PASSED] - assert file1.exists() == true: null

2022-07-04 12:39:54 - [TEST_STEP][PASSED] - woorkbook1 = getWorkbook(test): null

2022-07-04 12:39:55 - [TEST_STEP][PASSED] - sheet1 = getExcelSheet(woorkbook1, sheetName): null

2022-07-04 12:39:55 - [TEST_STEP][PASSED] - setValueToCellByIndex(sheet1, 3, 1, referenceID): null

2022-07-04 12:39:55 - [TEST_STEP][PASSED] - saveWorkbook(test, woorkbook1): null

2022-07-04 12:39:55 - [TEST_STEP][PASSED] - delay(3): Delayed 3 second(s)

2022-07-04 12:39:58 - [MESSAGE][PASSED] - Delayed 3 second(s)

2022-07-04 12:39:58 - [TEST_STEP][PASSED] - verifyElementVisible(findTestObject("Main/mainDoneBtn"), 0): Element 'Object Repository/Main/mainDoneBtn' is visible

2022-07-04 12:39:58 - [MESSAGE][WARNING] - Timeout '0' is invalid. Using default page load timeout: '40'

2022-07-04 12:39:58 - [MESSAGE][PASSED] - Element 'Object Repository/Main/mainDoneBtn' is visible

2022-07-04 12:39:58 - [TEST_STEP][PASSED] - takeScreenshot("/Users/a00139272/Desktop/Screenshot/instantIBFT.png"): Screenshot is taken

2022-07-04 12:39:59 - [MESSAGE][PASSED] - Screenshot is taken
[[ATTACHMENT|/Users/a00139272/Desktop/Screenshot/instantIBFT.png]]

2022-07-04 12:39:59 - [TEST_STEP][PASSED] - tap(findTestObject("Main/mainDoneBtn"), 0): Tapped on element 'Object Repository/Main/mainDoneBtn'

2022-07-04 12:39:59 - [MESSAGE][WARNING] - Timeout '0' is invalid. Using default page load timeout: '40'

2022-07-04 12:39:59 - [MESSAGE][PASSED] - Tapped on element 'Object Repository/Main/mainDoneBtn'

2022-07-04 12:39:59 - [TEST_STEP][PASSED] - if (value < limit): Delayed 5 second(s)

2022-07-04 12:39:59 - [TEST_STEP][PASSED] - delay(5): Delayed 5 second(s)

2022-07-04 12:40:04 - [MESSAGE][PASSED] - Delayed 5 second(s)

2022-07-04 12:40:04 - [TEST_STEP][PASSED] - tap(findTestObject("Main/mainTopLeftBackButton"), 0): Tapped on element 'Object Repository/Main/mainTopLeftBackButton'

2022-07-04 12:40:05 - [MESSAGE][WARNING] - Timeout '0' is invalid. Using default page load timeout: '40'

2022-07-04 12:40:05 - [MESSAGE][PASSED] - Tapped on element 'Object Repository/Main/mainTopLeftBackButton'

2022-07-04 12:40:05 - [TEST_STEP][PASSED] - delay(5): Delayed 5 second(s)

2022-07-04 12:40:10 - [MESSAGE][PASSED] - Delayed 5 second(s)

2022-07-04 12:40:10 - [TEST_STEP][PASSED] - verifyElementVisible(findTestObject("Banking/m2uAccountTypeSelection", ["text":accType]), 0): Element 'Object Repository/Banking/m2uAccountTypeSelection' is visible

2022-07-04 12:40:10 - [MESSAGE][WARNING] - Timeout '0' is invalid. Using default page load timeout: '40'

2022-07-04 12:40:10 - [MESSAGE][PASSED] - Element 'Object Repository/Banking/m2uAccountTypeSelection' is visible

2022-07-04 12:40:10 - [TEST_STEP][PASSED] - tap(findTestObject("Banking/m2uAccountTypeSelection", ["text":accType]), 10): Tapped on element 'Object Repository/Banking/m2uAccountTypeSelection'

2022-07-04 12:40:11 - [MESSAGE][PASSED] - Tapped on element 'Object Repository/Banking/m2uAccountTypeSelection'

2022-07-04 12:40:11 - [TEST_STEP][PASSED] - delay(5): Delayed 5 second(s)

2022-07-04 12:40:16 - [MESSAGE][PASSED] - Delayed 5 second(s)

2022-07-04 12:40:16 - [TEST_STEP][PASSED] - afterBalance = getText(findTestObject("Main/mainAccountsBalanceTxt"), 0): Text of element 'Object Repository/Main/mainAccountsBalanceTxt' is: 'RM 4,072.24'

2022-07-04 12:40:16 - [MESSAGE][WARNING] - Timeout '0' is invalid. Using default page load timeout: '40'

2022-07-04 12:40:16 - [MESSAGE][PASSED] - Text of element 'Object Repository/Main/mainAccountsBalanceTxt' is: 'RM 4,072.24'

2022-07-04 12:40:16 - [TEST_STEP][PASSED] - newAfterBalance = afterBalance.replaceAll("[^0-9.]", ""): null

2022-07-04 12:40:16 - [TEST_STEP][PASSED] - newAccountBalance = accountBalance.replaceAll("[^0-9.]", ""): null

2022-07-04 12:40:16 - [TEST_STEP][PASSED] - newAfterBalanceF = Float.parseFloat(newAfterBalance): null

2022-07-04 12:40:16 - [TEST_STEP][PASSED] - newAccountBalanceF = Float.parseFloat(newAccountBalance): null

2022-07-04 12:40:16 - [TEST_STEP][PASSED] - println(afterBalance): null

2022-07-04 12:40:16 - [TEST_STEP][PASSED] - println(accountBalance): null

2022-07-04 12:40:16 - [TEST_STEP][PASSED] - println(newAfterBalance): null

2022-07-04 12:40:16 - [TEST_STEP][PASSED] - println(newAccountBalance): null

2022-07-04 12:40:16 - [TEST_STEP][PASSED] - value_1 = checkValue: null

2022-07-04 12:40:16 - [TEST_STEP][PASSED] - value_2 = value_1.replaceAll("[^0-9.]", ""): null

2022-07-04 12:40:16 - [TEST_STEP][PASSED] - newValue = Float.parseFloat(value_2): null

2022-07-04 12:40:16 - [TEST_STEP][PASSED] - newBalance = newAccountBalanceF - newValue: null

2022-07-04 12:40:16 - [TEST_STEP][PASSED] - println(newBalance): null

2022-07-04 12:40:16 - [TEST_STEP][PASSED] - assert newBalance.round(2) == newAfterBalanceF: null

2022-07-04 12:40:16 - [TEST_STEP][PASSED] - delay(5): Delayed 5 second(s)

2022-07-04 12:40:21 - [MESSAGE][PASSED] - Delayed 5 second(s)]]></system-out>
         <system-err><![CDATA[]]></system-err>
      </testcase>
      <testcase name="Test Cases/Transfer/transfer_instantTransferIBG" time="284.133" classname="Test Cases/Transfer/transfer_instantTransferIBG" status="FAILED">
         <failure type="FAILED" message="Test Cases/Transfer/transfer_instantTransferIBG FAILED.
Reason:
Assertion failed: 

assert message == successTransactionMessage
       |       |  |
       |       |  Transfer accepted
       |       false
       Transfer failed

	at transfer_instantTransferIBG.run(transfer_instantTransferIBG:398)
	at com.kms.katalon.core.main.ScriptEngine.run(ScriptEngine.java:194)
	at com.kms.katalon.core.main.ScriptEngine.runScriptAsRawText(ScriptEngine.java:119)
	at com.kms.katalon.core.main.TestCaseExecutor.runScript(TestCaseExecutor.java:445)
	at com.kms.katalon.core.main.TestCaseExecutor.doExecute(TestCaseExecutor.java:436)
	at com.kms.katalon.core.main.TestCaseExecutor.processExecutionPhase(TestCaseExecutor.java:415)
	at com.kms.katalon.core.main.TestCaseExecutor.accessMainPhase(TestCaseExecutor.java:407)
	at com.kms.katalon.core.main.TestCaseExecutor.execute(TestCaseExecutor.java:284)
	at com.kms.katalon.core.common.CommonExecutor.accessTestCaseMainPhase(CommonExecutor.java:65)
	at com.kms.katalon.core.main.TestSuiteExecutor.accessTestSuiteMainPhase(TestSuiteExecutor.java:144)
	at com.kms.katalon.core.main.TestSuiteExecutor.execute(TestSuiteExecutor.java:106)
	at com.kms.katalon.core.main.TestCaseMain.startTestSuite(TestCaseMain.java:185)
	at com.kms.katalon.core.main.TestCaseMain$startTestSuite$0.call(Unknown Source)
	at TempTestSuite1656909041518.run(TempTestSuite1656909041518.groovy:36)
"/>
         <system-out><![CDATA[2022-07-04 12:40:21 - [TEST_CASE][FAILED] - Test Cases/Transfer/transfer_instantTransferIBG: Test Cases/Transfer/transfer_instantTransferIBG FAILED.
Reason:
Assertion failed: 

assert message == successTransactionMessage
       |       |  |
       |       |  Transfer accepted
       |       false
       Transfer failed

	at transfer_instantTransferIBG.run(transfer_instantTransferIBG:398)
	at com.kms.katalon.core.main.ScriptEngine.run(ScriptEngine.java:194)
	at com.kms.katalon.core.main.ScriptEngine.runScriptAsRawText(ScriptEngine.java:119)
	at com.kms.katalon.core.main.TestCaseExecutor.runScript(TestCaseExecutor.java:445)
	at com.kms.katalon.core.main.TestCaseExecutor.doExecute(TestCaseExecutor.java:436)
	at com.kms.katalon.core.main.TestCaseExecutor.processExecutionPhase(TestCaseExecutor.java:415)
	at com.kms.katalon.core.main.TestCaseExecutor.accessMainPhase(TestCaseExecutor.java:407)
	at com.kms.katalon.core.main.TestCaseExecutor.execute(TestCaseExecutor.java:284)
	at com.kms.katalon.core.common.CommonExecutor.accessTestCaseMainPhase(CommonExecutor.java:65)
	at com.kms.katalon.core.main.TestSuiteExecutor.accessTestSuiteMainPhase(TestSuiteExecutor.java:144)
	at com.kms.katalon.core.main.TestSuiteExecutor.execute(TestSuiteExecutor.java:106)
	at com.kms.katalon.core.main.TestCaseMain.startTestSuite(TestCaseMain.java:185)
	at com.kms.katalon.core.main.TestCaseMain$startTestSuite$0.call(Unknown Source)
	at TempTestSuite1656909041518.run(TempTestSuite1656909041518.groovy:36)


2022-07-04 12:40:22 - [TEST_STEP][PASSED] - delay(5): Delayed 5 second(s)

2022-07-04 12:40:27 - [MESSAGE][PASSED] - Delayed 5 second(s)

2022-07-04 12:40:27 - [TEST_STEP][PASSED] - device_Height = getDeviceHeight(): Current device physical height is 2167

2022-07-04 12:40:27 - [MESSAGE][PASSED] - Current device physical height is 2167

2022-07-04 12:40:27 - [TEST_STEP][PASSED] - device_Width = getDeviceWidth(): Current device physical width is 1080

2022-07-04 12:40:27 - [MESSAGE][PASSED] - Current device physical width is 1080

2022-07-04 12:40:27 - [TEST_STEP][PASSED] - startX = device_Width / 3: null

2022-07-04 12:40:27 - [TEST_STEP][PASSED] - startY = device_Height * 0.97: null

2022-07-04 12:40:27 - [TEST_STEP][PASSED] - verifyElementVisible(findTestObject("Banking/m2uAccountTransferIconSelect"), 0): Element 'Object Repository/Banking/m2uAccountTransferIconSelect' is visible

2022-07-04 12:40:27 - [MESSAGE][WARNING] - Timeout '0' is invalid. Using default page load timeout: '40'

2022-07-04 12:40:27 - [MESSAGE][PASSED] - Element 'Object Repository/Banking/m2uAccountTransferIconSelect' is visible

2022-07-04 12:40:27 - [TEST_STEP][PASSED] - tap(findTestObject("Banking/m2uAccountTransferIconSelect"), 0): Tapped on element 'Object Repository/Banking/m2uAccountTransferIconSelect'

2022-07-04 12:40:27 - [MESSAGE][WARNING] - Timeout '0' is invalid. Using default page load timeout: '40'

2022-07-04 12:40:28 - [MESSAGE][PASSED] - Tapped on element 'Object Repository/Banking/m2uAccountTransferIconSelect'

2022-07-04 12:40:28 - [TEST_STEP][PASSED] - delay(5): Delayed 5 second(s)

2022-07-04 12:40:33 - [MESSAGE][PASSED] - Delayed 5 second(s)

2022-07-04 12:40:33 - [TEST_STEP][PASSED] - println("InterBank Test Case Started"): null

2022-07-04 12:40:33 - [TEST_STEP][PASSED] - verifyElementExist(findTestObject("Banking/transferOthersTopMenuSelect"), 0): Element 'Object Repository/Banking/transferOthersTopMenuSelect' is exist

2022-07-04 12:40:33 - [MESSAGE][WARNING] - Timeout '0' is invalid. Using default page load timeout: '40'

2022-07-04 12:41:03 - [MESSAGE][PASSED] - Element 'Object Repository/Banking/transferOthersTopMenuSelect' is exist

2022-07-04 12:41:03 - [TEST_STEP][PASSED] - tap(findTestObject("Banking/transferOthersTopMenuSelect"), 0): Tapped on element 'Object Repository/Banking/transferOthersTopMenuSelect'

2022-07-04 12:41:03 - [MESSAGE][WARNING] - Timeout '0' is invalid. Using default page load timeout: '40'

2022-07-04 12:42:04 - [MESSAGE][PASSED] - Tapped on element 'Object Repository/Banking/transferOthersTopMenuSelect'

2022-07-04 12:42:04 - [TEST_STEP][PASSED] - tap(findTestObject("Banking/transferBanksIconSelect"), 0): Tapped on element 'Object Repository/Banking/transferBanksIconSelect'

2022-07-04 12:42:04 - [MESSAGE][WARNING] - Timeout '0' is invalid. Using default page load timeout: '40'

2022-07-04 12:42:58 - [MESSAGE][PASSED] - Tapped on element 'Object Repository/Banking/transferBanksIconSelect'

2022-07-04 12:42:58 - [TEST_STEP][PASSED] - scrollToText("PUBLIC BANK", STOP_ON_FAILURE): Scrolling to text 'PUBLIC BANK' successfully

2022-07-04 12:43:10 - [MESSAGE][PASSED] - Scrolling to text 'PUBLIC BANK' successfully

2022-07-04 12:43:10 - [TEST_STEP][PASSED] - tap(findTestObject("Banking/transferBankSelection", ["text":accBank]), 10): Tapped on element 'Object Repository/Banking/transferBankSelection'

2022-07-04 12:43:10 - [MESSAGE][PASSED] - Tapped on element 'Object Repository/Banking/transferBankSelection'

2022-07-04 12:43:10 - [TEST_STEP][PASSED] - setText(findTestObject("Banking/transferAccountNoInputField"), accountNum, 0): Text '3099117112' has been set to element 'Object Repository/Banking/transferAccountNoInputField'

2022-07-04 12:43:10 - [MESSAGE][WARNING] - Timeout '0' is invalid. Using default page load timeout: '40'

2022-07-04 12:43:13 - [MESSAGE][PASSED] - Text '3099117112' has been set to element 'Object Repository/Banking/transferAccountNoInputField'

2022-07-04 12:43:13 - [TEST_STEP][PASSED] - hideKeyboard(): Keyboard is hidden

2022-07-04 12:43:17 - [MESSAGE][PASSED] - Keyboard is hidden

2022-07-04 12:43:17 - [TEST_STEP][PASSED] - tap(findTestObject("Login Onboarding/loginExistingContinueBtn"), 0): Tapped on element 'Object Repository/Login Onboarding/loginExistingContinueBtn'

2022-07-04 12:43:17 - [MESSAGE][WARNING] - Timeout '0' is invalid. Using default page load timeout: '40'

2022-07-04 12:43:17 - [MESSAGE][PASSED] - Tapped on element 'Object Repository/Login Onboarding/loginExistingContinueBtn'

2022-07-04 12:43:17 - [TEST_STEP][PASSED] - verifyElementText(findTestObject("Transfer/transferAmounttAccNoTxt", ["accNo":accNo]), accNo): Actual text and expected text of test object 'Object Repository/Transfer/transferAmounttAccNoTxt' are matched.

2022-07-04 12:43:19 - [MESSAGE][PASSED] - Actual text and expected text of test object 'Object Repository/Transfer/transferAmounttAccNoTxt' are matched.

2022-07-04 12:43:19 - [TEST_STEP][PASSED] - verifyElementText(findTestObject("Transfer/transferAmounttAccBankTxt", ["accBank":accBank]), accBank): Actual text and expected text of test object 'Object Repository/Transfer/transferAmounttAccBankTxt' are matched.

2022-07-04 12:43:19 - [MESSAGE][PASSED] - Actual text and expected text of test object 'Object Repository/Transfer/transferAmounttAccBankTxt' are matched.

2022-07-04 12:43:19 - [TEST_STEP][PASSED] - verifyElementExist(findTestObject("Transfer/transferAmountRMTxt"), 0): Element 'Object Repository/Transfer/transferAmountRMTxt' is exist

2022-07-04 12:43:19 - [MESSAGE][WARNING] - Timeout '0' is invalid. Using default page load timeout: '40'

2022-07-04 12:43:19 - [MESSAGE][PASSED] - Element 'Object Repository/Transfer/transferAmountRMTxt' is exist

2022-07-04 12:43:19 - [TEST_STEP][PASSED] - verifyElementExist(findTestObject("Duit Now/duitNowAmountInitialValueTxt"), 0): Element 'Object Repository/Duit Now/duitNowAmountInitialValueTxt' is exist

2022-07-04 12:43:19 - [MESSAGE][WARNING] - Timeout '0' is invalid. Using default page load timeout: '40'

2022-07-04 12:43:20 - [MESSAGE][PASSED] - Element 'Object Repository/Duit Now/duitNowAmountInitialValueTxt' is exist

2022-07-04 12:43:20 - [TEST_STEP][PASSED] - verifyElementExist(findTestObject("Transfer/transferAmountEnterAmountTitleTxt"), 0): Element 'Object Repository/Transfer/transferAmountEnterAmountTitleTxt' is exist

2022-07-04 12:43:20 - [MESSAGE][WARNING] - Timeout '0' is invalid. Using default page load timeout: '40'

2022-07-04 12:43:20 - [MESSAGE][PASSED] - Element 'Object Repository/Transfer/transferAmountEnterAmountTitleTxt' is exist

2022-07-04 12:43:20 - [TEST_STEP][PASSED] - trxAmount = value: null

2022-07-04 12:43:20 - [TEST_STEP][PASSED] - length = trxAmount.length(): null

2022-07-04 12:43:20 - [TEST_STEP][PASSED] - delay(5): Delayed 5 second(s)

2022-07-04 12:43:25 - [MESSAGE][PASSED] - Delayed 5 second(s)

2022-07-04 12:43:25 - [TEST_STEP][PASSED] - tapAtPosition(startX, startY): Tapped at [360, 2,101]

2022-07-04 12:43:25 - [MESSAGE][PASSED] - Tapped at [360, 2,101]

2022-07-04 12:43:25 - [TEST_STEP][PASSED] - for ([i = 0, i < length, (i++)]): null

2022-07-04 12:43:25 - [TEST_STEP][PASSED] - if (trxAmount[i] == "0"): null

2022-07-04 12:43:25 - [TEST_STEP][PASSED] - if (trxAmount[i] == "1"): null

2022-07-04 12:43:25 - [TEST_STEP][PASSED] - if (trxAmount[i] == "2"): Tapped on element 'Object Repository/Login Onboarding/PIN2'

2022-07-04 12:43:25 - [TEST_STEP][PASSED] - tap(findTestObject("Login Onboarding/PIN2"), 0): Tapped on element 'Object Repository/Login Onboarding/PIN2'

2022-07-04 12:43:25 - [MESSAGE][WARNING] - Timeout '0' is invalid. Using default page load timeout: '40'

2022-07-04 12:43:26 - [MESSAGE][PASSED] - Tapped on element 'Object Repository/Login Onboarding/PIN2'

2022-07-04 12:43:26 - [TEST_STEP][PASSED] - if (trxAmount[i] == "3"): null

2022-07-04 12:43:26 - [TEST_STEP][PASSED] - if (trxAmount[i] == "4"): null

2022-07-04 12:43:26 - [TEST_STEP][PASSED] - if (trxAmount[i] == "5"): null

2022-07-04 12:43:26 - [TEST_STEP][PASSED] - if (trxAmount[i] == "6"): null

2022-07-04 12:43:26 - [TEST_STEP][PASSED] - if (trxAmount[i] == "7"): null

2022-07-04 12:43:26 - [TEST_STEP][PASSED] - if (trxAmount[i] == "8"): null

2022-07-04 12:43:26 - [TEST_STEP][PASSED] - if (trxAmount[i] == "9"): null

2022-07-04 12:43:26 - [TEST_STEP][PASSED] - if (trxAmount[i] == "0"): Tapped on element 'Object Repository/Login Onboarding/PIN0'

2022-07-04 12:43:26 - [TEST_STEP][PASSED] - tap(findTestObject("Login Onboarding/PIN0"), 0): Tapped on element 'Object Repository/Login Onboarding/PIN0'

2022-07-04 12:43:26 - [MESSAGE][WARNING] - Timeout '0' is invalid. Using default page load timeout: '40'

2022-07-04 12:43:27 - [MESSAGE][PASSED] - Tapped on element 'Object Repository/Login Onboarding/PIN0'

2022-07-04 12:43:27 - [TEST_STEP][PASSED] - if (trxAmount[i] == "1"): null

2022-07-04 12:43:27 - [TEST_STEP][PASSED] - if (trxAmount[i] == "2"): null

2022-07-04 12:43:27 - [TEST_STEP][PASSED] - if (trxAmount[i] == "3"): null

2022-07-04 12:43:27 - [TEST_STEP][PASSED] - if (trxAmount[i] == "4"): null

2022-07-04 12:43:27 - [TEST_STEP][PASSED] - if (trxAmount[i] == "5"): null

2022-07-04 12:43:27 - [TEST_STEP][PASSED] - if (trxAmount[i] == "6"): null

2022-07-04 12:43:27 - [TEST_STEP][PASSED] - if (trxAmount[i] == "7"): null

2022-07-04 12:43:27 - [TEST_STEP][PASSED] - if (trxAmount[i] == "8"): null

2022-07-04 12:43:27 - [TEST_STEP][PASSED] - if (trxAmount[i] == "9"): null

2022-07-04 12:43:27 - [TEST_STEP][PASSED] - if (trxAmount[i] == "0"): Tapped on element 'Object Repository/Login Onboarding/PIN0'

2022-07-04 12:43:27 - [TEST_STEP][PASSED] - tap(findTestObject("Login Onboarding/PIN0"), 0): Tapped on element 'Object Repository/Login Onboarding/PIN0'

2022-07-04 12:43:27 - [MESSAGE][WARNING] - Timeout '0' is invalid. Using default page load timeout: '40'

2022-07-04 12:43:28 - [MESSAGE][PASSED] - Tapped on element 'Object Repository/Login Onboarding/PIN0'

2022-07-04 12:43:28 - [TEST_STEP][PASSED] - if (trxAmount[i] == "1"): null

2022-07-04 12:43:28 - [TEST_STEP][PASSED] - if (trxAmount[i] == "2"): null

2022-07-04 12:43:28 - [TEST_STEP][PASSED] - if (trxAmount[i] == "3"): null

2022-07-04 12:43:28 - [TEST_STEP][PASSED] - if (trxAmount[i] == "4"): null

2022-07-04 12:43:28 - [TEST_STEP][PASSED] - if (trxAmount[i] == "5"): null

2022-07-04 12:43:28 - [TEST_STEP][PASSED] - if (trxAmount[i] == "6"): null

2022-07-04 12:43:28 - [TEST_STEP][PASSED] - if (trxAmount[i] == "7"): null

2022-07-04 12:43:28 - [TEST_STEP][PASSED] - if (trxAmount[i] == "8"): null

2022-07-04 12:43:28 - [TEST_STEP][PASSED] - if (trxAmount[i] == "9"): null

2022-07-04 12:43:28 - [TEST_STEP][PASSED] - delay(3): Delayed 3 second(s)

2022-07-04 12:43:31 - [MESSAGE][PASSED] - Delayed 3 second(s)

2022-07-04 12:43:31 - [TEST_STEP][PASSED] - verifyElementText(findTestObject("Transfer/transferAmountInputValueTxt", ["value":checkValue]), checkValue): Actual text and expected text of test object 'Object Repository/Transfer/transferAmountInputValueTxt' are matched.

2022-07-04 12:43:31 - [MESSAGE][PASSED] - Actual text and expected text of test object 'Object Repository/Transfer/transferAmountInputValueTxt' are matched.

2022-07-04 12:43:31 - [TEST_STEP][PASSED] - delay(3): Delayed 3 second(s)

2022-07-04 12:43:34 - [MESSAGE][PASSED] - Delayed 3 second(s)

2022-07-04 12:43:34 - [TEST_STEP][PASSED] - tap(findTestObject("Login Onboarding/loginPinTickBtn"), 0): Tapped on element 'Object Repository/Login Onboarding/loginPinTickBtn'

2022-07-04 12:43:34 - [MESSAGE][WARNING] - Timeout '0' is invalid. Using default page load timeout: '40'

2022-07-04 12:43:35 - [MESSAGE][PASSED] - Tapped on element 'Object Repository/Login Onboarding/loginPinTickBtn'

2022-07-04 12:43:35 - [TEST_STEP][PASSED] - delay(3): Delayed 3 second(s)

2022-07-04 12:43:38 - [MESSAGE][PASSED] - Delayed 3 second(s)

2022-07-04 12:43:38 - [TEST_STEP][PASSED] - verifyElementText(findTestObject("Transfer/transferReferenceAccNoTxt", ["accNo":accNo]), accNo): Actual text and expected text of test object 'Object Repository/Transfer/transferReferenceAccNoTxt' are matched.

2022-07-04 12:43:38 - [MESSAGE][PASSED] - Actual text and expected text of test object 'Object Repository/Transfer/transferReferenceAccNoTxt' are matched.

2022-07-04 12:43:38 - [TEST_STEP][PASSED] - verifyElementText(findTestObject("Transfer/transferReferenceAccBankTxt", ["accBank":accBank]), accBank): Actual text and expected text of test object 'Object Repository/Transfer/transferReferenceAccBankTxt' are matched.

2022-07-04 12:43:38 - [MESSAGE][PASSED] - Actual text and expected text of test object 'Object Repository/Transfer/transferReferenceAccBankTxt' are matched.

2022-07-04 12:43:38 - [TEST_STEP][PASSED] - verifyElementExist(findTestObject("Transfer/transferReferenceInputField"), 0): Element 'Object Repository/Transfer/transferReferenceInputField' is exist

2022-07-04 12:43:38 - [MESSAGE][WARNING] - Timeout '0' is invalid. Using default page load timeout: '40'

2022-07-04 12:43:38 - [MESSAGE][PASSED] - Element 'Object Repository/Transfer/transferReferenceInputField' is exist

2022-07-04 12:43:38 - [TEST_STEP][PASSED] - setText(findTestObject("Banking/transferReferenceInputField"), reference, 0): Text 'IBGInstantTransfer' has been set to element 'Object Repository/Banking/transferReferenceInputField'

2022-07-04 12:43:38 - [MESSAGE][WARNING] - Timeout '0' is invalid. Using default page load timeout: '40'

2022-07-04 12:43:39 - [MESSAGE][PASSED] - Text 'IBGInstantTransfer' has been set to element 'Object Repository/Banking/transferReferenceInputField'

2022-07-04 12:43:39 - [TEST_STEP][PASSED] - hideKeyboard(): Keyboard is hidden

2022-07-04 12:43:41 - [MESSAGE][PASSED] - Keyboard is hidden

2022-07-04 12:43:41 - [TEST_STEP][PASSED] - verifyElementText(findTestObject("Transfer/transferReferenceInputFieldAfter", ["reference":reference]), reference): Actual text and expected text of test object 'Object Repository/Transfer/transferReferenceInputFieldAfter' are matched.

2022-07-04 12:43:41 - [MESSAGE][PASSED] - Actual text and expected text of test object 'Object Repository/Transfer/transferReferenceInputFieldAfter' are matched.

2022-07-04 12:43:41 - [TEST_STEP][PASSED] - tap(findTestObject("Login Onboarding/loginExistingContinueBtn"), 0): Tapped on element 'Object Repository/Login Onboarding/loginExistingContinueBtn'

2022-07-04 12:43:41 - [MESSAGE][WARNING] - Timeout '0' is invalid. Using default page load timeout: '40'

2022-07-04 12:43:42 - [MESSAGE][PASSED] - Tapped on element 'Object Repository/Login Onboarding/loginExistingContinueBtn'

2022-07-04 12:43:42 - [TEST_STEP][PASSED] - verifyElementText(findTestObject("Transfer/transferReferenceAccNoTxt", ["accNo":accNo]), accNo): Actual text and expected text of test object 'Object Repository/Transfer/transferReferenceAccNoTxt' are matched.

2022-07-04 12:43:42 - [MESSAGE][PASSED] - Actual text and expected text of test object 'Object Repository/Transfer/transferReferenceAccNoTxt' are matched.

2022-07-04 12:43:42 - [TEST_STEP][PASSED] - verifyElementText(findTestObject("Transfer/transferReferenceAccBankTxt", ["accBank":accBank]), accBank): Actual text and expected text of test object 'Object Repository/Transfer/transferReferenceAccBankTxt' are matched.

2022-07-04 12:43:43 - [MESSAGE][PASSED] - Actual text and expected text of test object 'Object Repository/Transfer/transferReferenceAccBankTxt' are matched.

2022-07-04 12:43:43 - [TEST_STEP][PASSED] - tap(findTestObject("Banking/transferTypeDropdownSelection"), 0): Tapped on element 'Object Repository/Banking/transferTypeDropdownSelection'

2022-07-04 12:43:43 - [MESSAGE][WARNING] - Timeout '0' is invalid. Using default page load timeout: '40'

2022-07-04 12:43:45 - [MESSAGE][PASSED] - Tapped on element 'Object Repository/Banking/transferTypeDropdownSelection'

2022-07-04 12:43:45 - [TEST_STEP][PASSED] - scrollToText("Fund Transfer", STOP_ON_FAILURE): Scrolling to text 'Fund Transfer' successfully

2022-07-04 12:43:50 - [MESSAGE][PASSED] - Scrolling to text 'Fund Transfer' successfully

2022-07-04 12:43:50 - [TEST_STEP][PASSED] - tap(findTestObject("Banking/tansferTypeFundDropdownSelection"), 0): Tapped on element 'Object Repository/Banking/tansferTypeFundDropdownSelection'

2022-07-04 12:43:50 - [MESSAGE][WARNING] - Timeout '0' is invalid. Using default page load timeout: '40'

2022-07-04 12:43:50 - [MESSAGE][PASSED] - Tapped on element 'Object Repository/Banking/tansferTypeFundDropdownSelection'

2022-07-04 12:43:50 - [TEST_STEP][PASSED] - tap(findTestObject("Banking/transferModeDropdownDoneBtn"), 0): Tapped on element 'Object Repository/Banking/transferModeDropdownDoneBtn'

2022-07-04 12:43:50 - [MESSAGE][WARNING] - Timeout '0' is invalid. Using default page load timeout: '40'

2022-07-04 12:43:50 - [MESSAGE][PASSED] - Tapped on element 'Object Repository/Banking/transferModeDropdownDoneBtn'

2022-07-04 12:43:50 - [TEST_STEP][PASSED] - delay(3): Delayed 3 second(s)

2022-07-04 12:43:53 - [MESSAGE][PASSED] - Delayed 3 second(s)

2022-07-04 12:43:53 - [TEST_STEP][PASSED] - verifyElementExist(findTestObject("Transfer/instantTransferModeDuitTxt", ["mode":initialMode]), 0): Element 'Object Repository/Transfer/instantTransferModeDuitTxt' is exist

2022-07-04 12:43:53 - [MESSAGE][WARNING] - Timeout '0' is invalid. Using default page load timeout: '40'

2022-07-04 12:43:54 - [MESSAGE][PASSED] - Element 'Object Repository/Transfer/instantTransferModeDuitTxt' is exist

2022-07-04 12:43:54 - [TEST_STEP][PASSED] - tap(findTestObject("Transfer/instantTransferModeDuitTxt", ["mode":initialMode]), 0): Tapped on element 'Object Repository/Transfer/instantTransferModeDuitTxt'

2022-07-04 12:43:54 - [MESSAGE][WARNING] - Timeout '0' is invalid. Using default page load timeout: '40'

2022-07-04 12:43:54 - [MESSAGE][PASSED] - Tapped on element 'Object Repository/Transfer/instantTransferModeDuitTxt'

2022-07-04 12:43:54 - [TEST_STEP][PASSED] - delay(3): Delayed 3 second(s)

2022-07-04 12:43:57 - [MESSAGE][PASSED] - Delayed 3 second(s)

2022-07-04 12:43:57 - [TEST_STEP][PASSED] - scrollToText(selectedMode, STOP_ON_FAILURE): Scrolling to text 'GIRO' successfully

2022-07-04 12:43:58 - [MESSAGE][PASSED] - Scrolling to text 'GIRO' successfully

2022-07-04 12:43:58 - [TEST_STEP][PASSED] - tap(findTestObject("Transfer/instantTransferModeDropdownSelect", ["modeS":selectedMode]), 0): Tapped on element 'Object Repository/Transfer/instantTransferModeDropdownSelect'

2022-07-04 12:43:58 - [MESSAGE][WARNING] - Timeout '0' is invalid. Using default page load timeout: '40'

2022-07-04 12:43:58 - [MESSAGE][PASSED] - Tapped on element 'Object Repository/Transfer/instantTransferModeDropdownSelect'

2022-07-04 12:43:58 - [TEST_STEP][PASSED] - delay(3): Delayed 3 second(s)

2022-07-04 12:44:01 - [MESSAGE][PASSED] - Delayed 3 second(s)

2022-07-04 12:44:01 - [TEST_STEP][PASSED] - tap(findTestObject("Banking/transferModeDropdownDoneBtn"), 0): Tapped on element 'Object Repository/Banking/transferModeDropdownDoneBtn'

2022-07-04 12:44:01 - [MESSAGE][WARNING] - Timeout '0' is invalid. Using default page load timeout: '40'

2022-07-04 12:44:02 - [MESSAGE][PASSED] - Tapped on element 'Object Repository/Banking/transferModeDropdownDoneBtn'

2022-07-04 12:44:02 - [TEST_STEP][PASSED] - delay(3): Delayed 3 second(s)

2022-07-04 12:44:05 - [MESSAGE][PASSED] - Delayed 3 second(s)

2022-07-04 12:44:05 - [TEST_STEP][PASSED] - verifyElementExist(findTestObject("Transfer/instantTransferModeDuitTxt", ["mode":selectedMode]), 0): Element 'Object Repository/Transfer/instantTransferModeDuitTxt' is exist

2022-07-04 12:44:05 - [MESSAGE][WARNING] - Timeout '0' is invalid. Using default page load timeout: '40'

2022-07-04 12:44:05 - [MESSAGE][PASSED] - Element 'Object Repository/Transfer/instantTransferModeDuitTxt' is exist

2022-07-04 12:44:05 - [TEST_STEP][PASSED] - verifyElementExist(findTestObject("Transfer/instantTransferModeTitleTxt"), 0): Element 'Object Repository/Transfer/instantTransferModeTitleTxt' is exist

2022-07-04 12:44:05 - [MESSAGE][WARNING] - Timeout '0' is invalid. Using default page load timeout: '40'

2022-07-04 12:44:05 - [MESSAGE][PASSED] - Element 'Object Repository/Transfer/instantTransferModeTitleTxt' is exist

2022-07-04 12:44:05 - [TEST_STEP][PASSED] - verifyElementExist(findTestObject("Transfer/instantTransferTypeFundTxt"), 0): Element 'Object Repository/Transfer/instantTransferTypeFundTxt' is exist

2022-07-04 12:44:05 - [MESSAGE][WARNING] - Timeout '0' is invalid. Using default page load timeout: '40'

2022-07-04 12:44:05 - [MESSAGE][PASSED] - Element 'Object Repository/Transfer/instantTransferTypeFundTxt' is exist

2022-07-04 12:44:05 - [TEST_STEP][PASSED] - verifyElementExist(findTestObject("Transfer/instantTransferTypeTitleTxt"), 0): Element 'Object Repository/Transfer/instantTransferTypeTitleTxt' is exist

2022-07-04 12:44:05 - [MESSAGE][WARNING] - Timeout '0' is invalid. Using default page load timeout: '40'

2022-07-04 12:44:05 - [MESSAGE][PASSED] - Element 'Object Repository/Transfer/instantTransferTypeTitleTxt' is exist

2022-07-04 12:44:05 - [TEST_STEP][PASSED] - tap(findTestObject("Login Onboarding/loginExistingContinueBtn"), 0): Tapped on element 'Object Repository/Login Onboarding/loginExistingContinueBtn'

2022-07-04 12:44:06 - [MESSAGE][WARNING] - Timeout '0' is invalid. Using default page load timeout: '40'

2022-07-04 12:44:06 - [MESSAGE][PASSED] - Tapped on element 'Object Repository/Login Onboarding/loginExistingContinueBtn'

2022-07-04 12:44:06 - [TEST_STEP][PASSED] - delay(5): Delayed 5 second(s)

2022-07-04 12:44:11 - [MESSAGE][PASSED] - Delayed 5 second(s)

2022-07-04 12:44:11 - [TEST_STEP][PASSED] - verifyElementText(findTestObject("Transfer/instantIBGNameAccountNoTxt", ["accNo":accNo]), accNo): Actual text and expected text of test object 'Object Repository/Transfer/instantIBGNameAccountNoTxt' are matched.

2022-07-04 12:44:11 - [MESSAGE][PASSED] - Actual text and expected text of test object 'Object Repository/Transfer/instantIBGNameAccountNoTxt' are matched.

2022-07-04 12:44:11 - [TEST_STEP][PASSED] - verifyElementText(findTestObject("Transfer/instantIBGNameAccountBankTxt", ["accBank":accBank]), accBank): Actual text and expected text of test object 'Object Repository/Transfer/instantIBGNameAccountBankTxt' are matched.

2022-07-04 12:44:11 - [MESSAGE][PASSED] - Actual text and expected text of test object 'Object Repository/Transfer/instantIBGNameAccountBankTxt' are matched.

2022-07-04 12:44:11 - [TEST_STEP][PASSED] - verifyElementExist(findTestObject("Transfer/instantIBGNameEnterNameTitleTxt"), 0): Element 'Object Repository/Transfer/instantIBGNameEnterNameTitleTxt' is exist

2022-07-04 12:44:11 - [MESSAGE][WARNING] - Timeout '0' is invalid. Using default page load timeout: '40'

2022-07-04 12:44:12 - [MESSAGE][PASSED] - Element 'Object Repository/Transfer/instantIBGNameEnterNameTitleTxt' is exist

2022-07-04 12:44:12 - [TEST_STEP][PASSED] - setText(findTestObject("Banking/transferReferenceInputField"), accName, 0): Text 'RANBEER SINGH' has been set to element 'Object Repository/Banking/transferReferenceInputField'

2022-07-04 12:44:12 - [MESSAGE][WARNING] - Timeout '0' is invalid. Using default page load timeout: '40'

2022-07-04 12:44:12 - [MESSAGE][PASSED] - Text 'RANBEER SINGH' has been set to element 'Object Repository/Banking/transferReferenceInputField'

2022-07-04 12:44:12 - [TEST_STEP][PASSED] - hideKeyboard(): Keyboard is hidden

2022-07-04 12:44:15 - [MESSAGE][PASSED] - Keyboard is hidden

2022-07-04 12:44:15 - [TEST_STEP][PASSED] - verifyElementText(findTestObject("Transfer/instantIBGNameInputtedNameTxt", ["accName":accName]), accName): Actual text and expected text of test object 'Object Repository/Transfer/instantIBGNameInputtedNameTxt' are matched.

2022-07-04 12:44:15 - [MESSAGE][PASSED] - Actual text and expected text of test object 'Object Repository/Transfer/instantIBGNameInputtedNameTxt' are matched.

2022-07-04 12:44:15 - [TEST_STEP][PASSED] - tap(findTestObject("Login Onboarding/loginExistingContinueBtn"), 0): Tapped on element 'Object Repository/Login Onboarding/loginExistingContinueBtn'

2022-07-04 12:44:15 - [MESSAGE][WARNING] - Timeout '0' is invalid. Using default page load timeout: '40'

2022-07-04 12:44:15 - [MESSAGE][PASSED] - Tapped on element 'Object Repository/Login Onboarding/loginExistingContinueBtn'

2022-07-04 12:44:15 - [TEST_STEP][PASSED] - delay(5): Delayed 5 second(s)

2022-07-04 12:44:20 - [MESSAGE][PASSED] - Delayed 5 second(s)

2022-07-04 12:44:20 - [TEST_STEP][PASSED] - verifyElementText(findTestObject("Transfer/transferConfirmationTransactionDateTxt"), trxDate): Actual text and expected text of test object 'Object Repository/Transfer/transferConfirmationTransactionDateTxt' are matched.

2022-07-04 12:44:21 - [MESSAGE][PASSED] - Actual text and expected text of test object 'Object Repository/Transfer/transferConfirmationTransactionDateTxt' are matched.

2022-07-04 12:44:21 - [TEST_STEP][PASSED] - verifyElementText(findTestObject("Transfer/transferConfirmationAccountNameTxt", ["accName":accName]), accName): Actual text and expected text of test object 'Object Repository/Transfer/transferConfirmationAccountNameTxt' are matched.

2022-07-04 12:44:21 - [MESSAGE][PASSED] - Actual text and expected text of test object 'Object Repository/Transfer/transferConfirmationAccountNameTxt' are matched.

2022-07-04 12:44:21 - [TEST_STEP][PASSED] - verifyElementText(findTestObject("Transfer/transferConfirmationAccountNoTxt", ["accNo":accNo]), accNo): Actual text and expected text of test object 'Object Repository/Transfer/transferConfirmationAccountNoTxt' are matched.

2022-07-04 12:44:21 - [MESSAGE][PASSED] - Actual text and expected text of test object 'Object Repository/Transfer/transferConfirmationAccountNoTxt' are matched.

2022-07-04 12:44:21 - [TEST_STEP][PASSED] - verifyElementText(findTestObject("Transfer/transferConfirmationAmountTxt", ["amount":amount]), amount): Actual text and expected text of test object 'Object Repository/Transfer/transferConfirmationAmountTxt' are matched.

2022-07-04 12:44:21 - [MESSAGE][PASSED] - Actual text and expected text of test object 'Object Repository/Transfer/transferConfirmationAmountTxt' are matched.

2022-07-04 12:44:21 - [TEST_STEP][PASSED] - verifyElementText(findTestObject("Transfer/transferConfirmationTransactionRecRefTxt", ["reference":reference]), reference): Actual text and expected text of test object 'Object Repository/Transfer/transferConfirmationTransactionRecRefTxt' are matched.

2022-07-04 12:44:22 - [MESSAGE][PASSED] - Actual text and expected text of test object 'Object Repository/Transfer/transferConfirmationTransactionRecRefTxt' are matched.

2022-07-04 12:44:22 - [TEST_STEP][PASSED] - verifyElementText(findTestObject("Transfer/transferConfirmationTransactionBankTxt", ["accBank":accBank]), accBank): Actual text and expected text of test object 'Object Repository/Transfer/transferConfirmationTransactionBankTxt' are matched.

2022-07-04 12:44:22 - [MESSAGE][PASSED] - Actual text and expected text of test object 'Object Repository/Transfer/transferConfirmationTransactionBankTxt' are matched.

2022-07-04 12:44:22 - [TEST_STEP][PASSED] - verifyElementText(findTestObject("Transfer/transferConfirmationOptionalGreyWordTxt"), "Optional"): Actual text and expected text of test object 'Object Repository/Transfer/transferConfirmationOptionalGreyWordTxt' are matched.

2022-07-04 12:44:22 - [MESSAGE][PASSED] - Actual text and expected text of test object 'Object Repository/Transfer/transferConfirmationOptionalGreyWordTxt' are matched.

2022-07-04 12:44:22 - [TEST_STEP][PASSED] - verifyElementText(findTestObject("Transfer/instantTransferConfirmationTransactionTypeTxt"), trxType): Actual text and expected text of test object 'Object Repository/Transfer/instantTransferConfirmationTransactionTypeTxt' are matched.

2022-07-04 12:44:23 - [MESSAGE][PASSED] - Actual text and expected text of test object 'Object Repository/Transfer/instantTransferConfirmationTransactionTypeTxt' are matched.

2022-07-04 12:44:23 - [TEST_STEP][PASSED] - verifyElementText(findTestObject("Transfer/instantTransferConfirmationTransactionModeTxt", ["modeC":selectedMode]), selectedMode): Actual text and expected text of test object 'Object Repository/Transfer/instantTransferConfirmationTransactionModeTxt' are matched.

2022-07-04 12:44:23 - [MESSAGE][PASSED] - Actual text and expected text of test object 'Object Repository/Transfer/instantTransferConfirmationTransactionModeTxt' are matched.

2022-07-04 12:44:23 - [TEST_STEP][PASSED] - verifyElementText(findTestObject("Transfer/instantTransferConfirmationTransactionServiceTxt"), "RM 0.00"): Actual text and expected text of test object 'Object Repository/Transfer/instantTransferConfirmationTransactionServiceTxt' are matched.

2022-07-04 12:44:23 - [MESSAGE][PASSED] - Actual text and expected text of test object 'Object Repository/Transfer/instantTransferConfirmationTransactionServiceTxt' are matched.

2022-07-04 12:44:23 - [TEST_STEP][PASSED] - verifyElementExist(findTestObject("Transfer/transferConfirmationBankNameTitleTxt"), 0): Element 'Object Repository/Transfer/transferConfirmationBankNameTitleTxt' is exist

2022-07-04 12:44:23 - [MESSAGE][WARNING] - Timeout '0' is invalid. Using default page load timeout: '40'

2022-07-04 12:44:24 - [MESSAGE][PASSED] - Element 'Object Repository/Transfer/transferConfirmationBankNameTitleTxt' is exist

2022-07-04 12:44:24 - [TEST_STEP][PASSED] - verifyElementExist(findTestObject("Transfer/transferConfirmationDateTitleTxt"), 0): Element 'Object Repository/Transfer/transferConfirmationDateTitleTxt' is exist

2022-07-04 12:44:24 - [MESSAGE][WARNING] - Timeout '0' is invalid. Using default page load timeout: '40'

2022-07-04 12:44:24 - [MESSAGE][PASSED] - Element 'Object Repository/Transfer/transferConfirmationDateTitleTxt' is exist

2022-07-04 12:44:24 - [TEST_STEP][PASSED] - verifyElementExist(findTestObject("Transfer/transferConfirmationRecRefTitleTxt"), 0): Element 'Object Repository/Transfer/transferConfirmationRecRefTitleTxt' is exist

2022-07-04 12:44:24 - [MESSAGE][WARNING] - Timeout '0' is invalid. Using default page load timeout: '40'

2022-07-04 12:44:24 - [MESSAGE][PASSED] - Element 'Object Repository/Transfer/transferConfirmationRecRefTitleTxt' is exist

2022-07-04 12:44:24 - [TEST_STEP][PASSED] - verifyElementExist(findTestObject("Transfer/transferConfirmationPaymentDetailsTitleTxt"), 0): Element 'Object Repository/Transfer/transferConfirmationPaymentDetailsTitleTxt' is exist

2022-07-04 12:44:24 - [MESSAGE][WARNING] - Timeout '0' is invalid. Using default page load timeout: '40'

2022-07-04 12:44:24 - [MESSAGE][PASSED] - Element 'Object Repository/Transfer/transferConfirmationPaymentDetailsTitleTxt' is exist

2022-07-04 12:44:24 - [TEST_STEP][PASSED] - verifyElementExist(findTestObject("Transfer/instantTransferConfirmationModeTitleTxt"), 0): Element 'Object Repository/Transfer/instantTransferConfirmationModeTitleTxt' is exist

2022-07-04 12:44:25 - [MESSAGE][WARNING] - Timeout '0' is invalid. Using default page load timeout: '40'

2022-07-04 12:44:25 - [MESSAGE][PASSED] - Element 'Object Repository/Transfer/instantTransferConfirmationModeTitleTxt' is exist

2022-07-04 12:44:25 - [TEST_STEP][PASSED] - verifyElementExist(findTestObject("Transfer/instantTransferConfirmationServiceFeeTitleTxt"), 0): Element 'Object Repository/Transfer/instantTransferConfirmationServiceFeeTitleTxt' is exist

2022-07-04 12:44:25 - [MESSAGE][WARNING] - Timeout '0' is invalid. Using default page load timeout: '40'

2022-07-04 12:44:25 - [MESSAGE][PASSED] - Element 'Object Repository/Transfer/instantTransferConfirmationServiceFeeTitleTxt' is exist

2022-07-04 12:44:25 - [TEST_STEP][PASSED] - verifyElementExist(findTestObject("Transfer/instantTransferConfirmationTypeTitleTxt"), 0): Element 'Object Repository/Transfer/instantTransferConfirmationTypeTitleTxt' is exist

2022-07-04 12:44:25 - [MESSAGE][WARNING] - Timeout '0' is invalid. Using default page load timeout: '40'

2022-07-04 12:44:25 - [MESSAGE][PASSED] - Element 'Object Repository/Transfer/instantTransferConfirmationTypeTitleTxt' is exist

2022-07-04 12:44:25 - [TEST_STEP][PASSED] - verifyElementExist(findTestObject("Transfer/transferConfirmationNoteTitleTxt"), 0): Element 'Object Repository/Transfer/transferConfirmationNoteTitleTxt' is exist

2022-07-04 12:44:25 - [MESSAGE][WARNING] - Timeout '0' is invalid. Using default page load timeout: '40'

2022-07-04 12:44:26 - [MESSAGE][PASSED] - Element 'Object Repository/Transfer/transferConfirmationNoteTitleTxt' is exist

2022-07-04 12:44:26 - [TEST_STEP][PASSED] - tap(findTestObject("Transfer/transferConfirmationOptionalGreyWordTxt"), 0): Tapped on element 'Object Repository/Transfer/transferConfirmationOptionalGreyWordTxt'

2022-07-04 12:44:26 - [MESSAGE][WARNING] - Timeout '0' is invalid. Using default page load timeout: '40'

2022-07-04 12:44:26 - [MESSAGE][PASSED] - Tapped on element 'Object Repository/Transfer/transferConfirmationOptionalGreyWordTxt'

2022-07-04 12:44:26 - [TEST_STEP][PASSED] - setText(findTestObject("Transfer/transferConfirmationDetailsInputField"), details, 0): Text 'Test' has been set to element 'Object Repository/Transfer/transferConfirmationDetailsInputField'

2022-07-04 12:44:26 - [MESSAGE][WARNING] - Timeout '0' is invalid. Using default page load timeout: '40'

2022-07-04 12:44:28 - [MESSAGE][PASSED] - Text 'Test' has been set to element 'Object Repository/Transfer/transferConfirmationDetailsInputField'

2022-07-04 12:44:28 - [TEST_STEP][PASSED] - hideKeyboard(): Keyboard is hidden

2022-07-04 12:44:30 - [MESSAGE][PASSED] - Keyboard is hidden

2022-07-04 12:44:30 - [TEST_STEP][PASSED] - verifyElementText(findTestObject("Transfer/transferConfirmationOptionalGreyWordTxt"), details): Actual text and expected text of test object 'Object Repository/Transfer/transferConfirmationOptionalGreyWordTxt' are matched.

2022-07-04 12:44:31 - [MESSAGE][PASSED] - Actual text and expected text of test object 'Object Repository/Transfer/transferConfirmationOptionalGreyWordTxt' are matched.

2022-07-04 12:44:31 - [TEST_STEP][PASSED] - device_Height_2 = getDeviceHeight(): Current device physical height is 2167

2022-07-04 12:44:31 - [MESSAGE][PASSED] - Current device physical height is 2167

2022-07-04 12:44:31 - [TEST_STEP][PASSED] - device_Width_2 = getDeviceWidth(): Current device physical width is 1080

2022-07-04 12:44:31 - [MESSAGE][PASSED] - Current device physical width is 1080

2022-07-04 12:44:31 - [TEST_STEP][PASSED] - startX_2 = device_Width_2 / 2: null

2022-07-04 12:44:31 - [TEST_STEP][PASSED] - endX_2 = startX_2: null

2022-07-04 12:44:31 - [TEST_STEP][PASSED] - startY_2 = device_Height_2 * 0.30: null

2022-07-04 12:44:31 - [TEST_STEP][PASSED] - endY_2 = device_Height_2 * 0.70: null

2022-07-04 12:44:31 - [TEST_STEP][PASSED] - swipe(startX_2, endY_2, endX_2, startY_2): Swiped from 540,1,516 to 540,650

2022-07-04 12:44:32 - [MESSAGE][PASSED] - Swiped from 540,1,516 to 540,650

2022-07-04 12:44:32 - [TEST_STEP][PASSED] - verifyElementExist(findTestObject("Transfer/instantTransferConfirmationNotes1Txt"), 0): Element 'Object Repository/Transfer/instantTransferConfirmationNotes1Txt' is exist

2022-07-04 12:44:32 - [MESSAGE][WARNING] - Timeout '0' is invalid. Using default page load timeout: '40'

2022-07-04 12:44:32 - [MESSAGE][PASSED] - Element 'Object Repository/Transfer/instantTransferConfirmationNotes1Txt' is exist

2022-07-04 12:44:32 - [TEST_STEP][PASSED] - verifyElementExist(findTestObject("Transfer/transferConfirmationFTransferFromTitleTxt"), 0): Element 'Object Repository/Transfer/transferConfirmationFTransferFromTitleTxt' is exist

2022-07-04 12:44:32 - [MESSAGE][WARNING] - Timeout '0' is invalid. Using default page load timeout: '40'

2022-07-04 12:44:33 - [MESSAGE][PASSED] - Element 'Object Repository/Transfer/transferConfirmationFTransferFromTitleTxt' is exist

2022-07-04 12:44:33 - [TEST_STEP][PASSED] - verifyElementExist(findTestObject("Transfer/instantTransferConfirmationNotes2Txt"), 0): Element 'Object Repository/Transfer/instantTransferConfirmationNotes2Txt' is exist

2022-07-04 12:44:33 - [MESSAGE][WARNING] - Timeout '0' is invalid. Using default page load timeout: '40'

2022-07-04 12:44:33 - [MESSAGE][PASSED] - Element 'Object Repository/Transfer/instantTransferConfirmationNotes2Txt' is exist

2022-07-04 12:44:33 - [TEST_STEP][PASSED] - verifyElementText(findTestObject("Transfer/transferConfirmationFromAccTypeTxt", ["accType":accTypeFrom]), accTypeFrom): Actual text and expected text of test object 'Object Repository/Transfer/transferConfirmationFromAccTypeTxt' are matched.

2022-07-04 12:44:33 - [MESSAGE][PASSED] - Actual text and expected text of test object 'Object Repository/Transfer/transferConfirmationFromAccTypeTxt' are matched.

2022-07-04 12:44:33 - [TEST_STEP][PASSED] - verifyElementText(findTestObject("Transfer/transferConfirmationFromAccNoTxt", ["accNoFrom":accNoFrom]), accNoFrom): Actual text and expected text of test object 'Object Repository/Transfer/transferConfirmationFromAccNoTxt' are matched.

2022-07-04 12:44:33 - [MESSAGE][PASSED] - Actual text and expected text of test object 'Object Repository/Transfer/transferConfirmationFromAccNoTxt' are matched.

2022-07-04 12:44:33 - [TEST_STEP][PASSED] - verifyElementExist(findTestObject("Transfer/transferConfirmationFromAccBalanceTxt"), 0): Element 'Object Repository/Transfer/transferConfirmationFromAccBalanceTxt' is exist

2022-07-04 12:44:33 - [MESSAGE][WARNING] - Timeout '0' is invalid. Using default page load timeout: '40'

2022-07-04 12:44:33 - [MESSAGE][PASSED] - Element 'Object Repository/Transfer/transferConfirmationFromAccBalanceTxt' is exist

2022-07-04 12:44:33 - [TEST_STEP][PASSED] - accountBalance = getText(findTestObject("Transfer/transferConfirmationFromAccBalanceTxt"), 0): Text of element 'Object Repository/Transfer/transferConfirmationFromAccBalanceTxt' is: 'RM 4,072.24'

2022-07-04 12:44:33 - [MESSAGE][WARNING] - Timeout '0' is invalid. Using default page load timeout: '40'

2022-07-04 12:44:33 - [MESSAGE][PASSED] - Text of element 'Object Repository/Transfer/transferConfirmationFromAccBalanceTxt' is: 'RM 4,072.24'

2022-07-04 12:44:33 - [TEST_STEP][PASSED] - println(accountBalance): null

2022-07-04 12:44:33 - [TEST_STEP][PASSED] - tap(findTestObject("Main/mainTransferNowBtn"), 0): Tapped on element 'Object Repository/Main/mainTransferNowBtn'

2022-07-04 12:44:33 - [MESSAGE][WARNING] - Timeout '0' is invalid. Using default page load timeout: '40'

2022-07-04 12:44:34 - [MESSAGE][PASSED] - Tapped on element 'Object Repository/Main/mainTransferNowBtn'

2022-07-04 12:44:34 - [TEST_STEP][PASSED] - delay(5): Delayed 5 second(s)

2022-07-04 12:44:39 - [MESSAGE][PASSED] - Delayed 5 second(s)

2022-07-04 12:44:39 - [TEST_STEP][PASSED] - if (value <= limit): null

2022-07-04 12:44:39 - [TEST_STEP][PASSED] - if (verifyElementVisible(findTestObject("Festive Season/seasonalGreetingAngpaoTACNoTxt"), 10, OPTIONAL)): null

2022-07-04 12:44:39 - [MESSAGE][PASSED] - Element 'Object Repository/Festive Season/seasonalGreetingAngpaoTACNoTxt' is visible

2022-07-04 12:44:39 - [TEST_STEP][PASSED] - OTP = getText(findTestObject("Festive Season/seasonalGreetingAngpaoTACNoTxt"), 10): Text of element 'Object Repository/Festive Season/seasonalGreetingAngpaoTACNoTxt' is: 'Your TAC no. is 222819'

2022-07-04 12:44:39 - [MESSAGE][PASSED] - Text of element 'Object Repository/Festive Season/seasonalGreetingAngpaoTACNoTxt' is: 'Your TAC no. is 222819'

2022-07-04 12:44:39 - [TEST_STEP][PASSED] - delay(5): Delayed 5 second(s)

2022-07-04 12:44:44 - [MESSAGE][PASSED] - Delayed 5 second(s)

2022-07-04 12:44:44 - [TEST_STEP][PASSED] - tapAtPosition(startX, startY): Tapped at [360, 2,101]

2022-07-04 12:44:45 - [MESSAGE][PASSED] - Tapped at [360, 2,101]

2022-07-04 12:44:45 - [TEST_STEP][PASSED] - for ([i = 16, i <= 21, (i++)]): Tapped on element 'Object Repository/Login Onboarding/PIN9'

2022-07-04 12:44:45 - [TEST_STEP][PASSED] - if (OTP[i] == "0"): null

2022-07-04 12:44:45 - [TEST_STEP][PASSED] - if (OTP[i] == "1"): null

2022-07-04 12:44:45 - [TEST_STEP][PASSED] - if (OTP[i] == "2"): Tapped on element 'Object Repository/Login Onboarding/PIN2'

2022-07-04 12:44:45 - [TEST_STEP][PASSED] - tap(findTestObject("Login Onboarding/PIN2"), 0): Tapped on element 'Object Repository/Login Onboarding/PIN2'

2022-07-04 12:44:45 - [MESSAGE][WARNING] - Timeout '0' is invalid. Using default page load timeout: '40'

2022-07-04 12:44:45 - [MESSAGE][PASSED] - Tapped on element 'Object Repository/Login Onboarding/PIN2'

2022-07-04 12:44:45 - [TEST_STEP][PASSED] - if (OTP[i] == "3"): null

2022-07-04 12:44:45 - [TEST_STEP][PASSED] - if (OTP[i] == "4"): null

2022-07-04 12:44:45 - [TEST_STEP][PASSED] - if (OTP[i] == "5"): null

2022-07-04 12:44:45 - [TEST_STEP][PASSED] - if (OTP[i] == "6"): null

2022-07-04 12:44:45 - [TEST_STEP][PASSED] - if (OTP[i] == "7"): null

2022-07-04 12:44:45 - [TEST_STEP][PASSED] - if (OTP[i] == "8"): null

2022-07-04 12:44:45 - [TEST_STEP][PASSED] - if (OTP[i] == "9"): null

2022-07-04 12:44:45 - [TEST_STEP][PASSED] - if (OTP[i] == "0"): null

2022-07-04 12:44:45 - [TEST_STEP][PASSED] - if (OTP[i] == "1"): null

2022-07-04 12:44:45 - [TEST_STEP][PASSED] - if (OTP[i] == "2"): Tapped on element 'Object Repository/Login Onboarding/PIN2'

2022-07-04 12:44:45 - [TEST_STEP][PASSED] - tap(findTestObject("Login Onboarding/PIN2"), 0): Tapped on element 'Object Repository/Login Onboarding/PIN2'

2022-07-04 12:44:45 - [MESSAGE][WARNING] - Timeout '0' is invalid. Using default page load timeout: '40'

2022-07-04 12:44:47 - [MESSAGE][PASSED] - Tapped on element 'Object Repository/Login Onboarding/PIN2'

2022-07-04 12:44:47 - [TEST_STEP][PASSED] - if (OTP[i] == "3"): null

2022-07-04 12:44:47 - [TEST_STEP][PASSED] - if (OTP[i] == "4"): null

2022-07-04 12:44:47 - [TEST_STEP][PASSED] - if (OTP[i] == "5"): null

2022-07-04 12:44:47 - [TEST_STEP][PASSED] - if (OTP[i] == "6"): null

2022-07-04 12:44:47 - [TEST_STEP][PASSED] - if (OTP[i] == "7"): null

2022-07-04 12:44:47 - [TEST_STEP][PASSED] - if (OTP[i] == "8"): null

2022-07-04 12:44:47 - [TEST_STEP][PASSED] - if (OTP[i] == "9"): null

2022-07-04 12:44:47 - [TEST_STEP][PASSED] - if (OTP[i] == "0"): null

2022-07-04 12:44:47 - [TEST_STEP][PASSED] - if (OTP[i] == "1"): null

2022-07-04 12:44:47 - [TEST_STEP][PASSED] - if (OTP[i] == "2"): Tapped on element 'Object Repository/Login Onboarding/PIN2'

2022-07-04 12:44:47 - [TEST_STEP][PASSED] - tap(findTestObject("Login Onboarding/PIN2"), 0): Tapped on element 'Object Repository/Login Onboarding/PIN2'

2022-07-04 12:44:47 - [MESSAGE][WARNING] - Timeout '0' is invalid. Using default page load timeout: '40'

2022-07-04 12:44:49 - [MESSAGE][PASSED] - Tapped on element 'Object Repository/Login Onboarding/PIN2'

2022-07-04 12:44:49 - [TEST_STEP][PASSED] - if (OTP[i] == "3"): null

2022-07-04 12:44:49 - [TEST_STEP][PASSED] - if (OTP[i] == "4"): null

2022-07-04 12:44:49 - [TEST_STEP][PASSED] - if (OTP[i] == "5"): null

2022-07-04 12:44:49 - [TEST_STEP][PASSED] - if (OTP[i] == "6"): null

2022-07-04 12:44:49 - [TEST_STEP][PASSED] - if (OTP[i] == "7"): null

2022-07-04 12:44:49 - [TEST_STEP][PASSED] - if (OTP[i] == "8"): null

2022-07-04 12:44:49 - [TEST_STEP][PASSED] - if (OTP[i] == "9"): null

2022-07-04 12:44:49 - [TEST_STEP][PASSED] - if (OTP[i] == "0"): null

2022-07-04 12:44:49 - [TEST_STEP][PASSED] - if (OTP[i] == "1"): null

2022-07-04 12:44:49 - [TEST_STEP][PASSED] - if (OTP[i] == "2"): null

2022-07-04 12:44:49 - [TEST_STEP][PASSED] - if (OTP[i] == "3"): null

2022-07-04 12:44:49 - [TEST_STEP][PASSED] - if (OTP[i] == "4"): null

2022-07-04 12:44:49 - [TEST_STEP][PASSED] - if (OTP[i] == "5"): null

2022-07-04 12:44:49 - [TEST_STEP][PASSED] - if (OTP[i] == "6"): null

2022-07-04 12:44:49 - [TEST_STEP][PASSED] - if (OTP[i] == "7"): null

2022-07-04 12:44:49 - [TEST_STEP][PASSED] - if (OTP[i] == "8"): Tapped on element 'Object Repository/Login Onboarding/PIN8'

2022-07-04 12:44:49 - [TEST_STEP][PASSED] - tap(findTestObject("Login Onboarding/PIN8"), 0): Tapped on element 'Object Repository/Login Onboarding/PIN8'

2022-07-04 12:44:49 - [MESSAGE][WARNING] - Timeout '0' is invalid. Using default page load timeout: '40'

2022-07-04 12:44:51 - [MESSAGE][PASSED] - Tapped on element 'Object Repository/Login Onboarding/PIN8'

2022-07-04 12:44:51 - [TEST_STEP][PASSED] - if (OTP[i] == "9"): null

2022-07-04 12:44:51 - [TEST_STEP][PASSED] - if (OTP[i] == "0"): null

2022-07-04 12:44:51 - [TEST_STEP][PASSED] - if (OTP[i] == "1"): Tapped on element 'Object Repository/Login Onboarding/PIN1'

2022-07-04 12:44:51 - [TEST_STEP][PASSED] - tap(findTestObject("Login Onboarding/PIN1"), 0): Tapped on element 'Object Repository/Login Onboarding/PIN1'

2022-07-04 12:44:51 - [MESSAGE][WARNING] - Timeout '0' is invalid. Using default page load timeout: '40'

2022-07-04 12:44:53 - [MESSAGE][PASSED] - Tapped on element 'Object Repository/Login Onboarding/PIN1'

2022-07-04 12:44:53 - [TEST_STEP][PASSED] - if (OTP[i] == "2"): null

2022-07-04 12:44:53 - [TEST_STEP][PASSED] - if (OTP[i] == "3"): null

2022-07-04 12:44:53 - [TEST_STEP][PASSED] - if (OTP[i] == "4"): null

2022-07-04 12:44:53 - [TEST_STEP][PASSED] - if (OTP[i] == "5"): null

2022-07-04 12:44:53 - [TEST_STEP][PASSED] - if (OTP[i] == "6"): null

2022-07-04 12:44:53 - [TEST_STEP][PASSED] - if (OTP[i] == "7"): null

2022-07-04 12:44:53 - [TEST_STEP][PASSED] - if (OTP[i] == "8"): null

2022-07-04 12:44:53 - [TEST_STEP][PASSED] - if (OTP[i] == "9"): null

2022-07-04 12:44:53 - [TEST_STEP][PASSED] - if (OTP[i] == "0"): null

2022-07-04 12:44:53 - [TEST_STEP][PASSED] - if (OTP[i] == "1"): null

2022-07-04 12:44:53 - [TEST_STEP][PASSED] - if (OTP[i] == "2"): null

2022-07-04 12:44:53 - [TEST_STEP][PASSED] - if (OTP[i] == "3"): null

2022-07-04 12:44:53 - [TEST_STEP][PASSED] - if (OTP[i] == "4"): null

2022-07-04 12:44:53 - [TEST_STEP][PASSED] - if (OTP[i] == "5"): null

2022-07-04 12:44:53 - [TEST_STEP][PASSED] - if (OTP[i] == "6"): null

2022-07-04 12:44:53 - [TEST_STEP][PASSED] - if (OTP[i] == "7"): null

2022-07-04 12:44:53 - [TEST_STEP][PASSED] - if (OTP[i] == "8"): null

2022-07-04 12:44:53 - [TEST_STEP][PASSED] - if (OTP[i] == "9"): Tapped on element 'Object Repository/Login Onboarding/PIN9'

2022-07-04 12:44:53 - [TEST_STEP][PASSED] - tap(findTestObject("Login Onboarding/PIN9"), 0): Tapped on element 'Object Repository/Login Onboarding/PIN9'

2022-07-04 12:44:53 - [MESSAGE][WARNING] - Timeout '0' is invalid. Using default page load timeout: '40'

2022-07-04 12:44:55 - [MESSAGE][PASSED] - Tapped on element 'Object Repository/Login Onboarding/PIN9'

2022-07-04 12:44:55 - [TEST_STEP][PASSED] - delay(3): Delayed 3 second(s)

2022-07-04 12:44:58 - [MESSAGE][PASSED] - Delayed 3 second(s)

2022-07-04 12:44:58 - [TEST_STEP][PASSED] - tap(findTestObject("Festive Season/festiveSendGreetingAngpaoTACTickBtn"), 0): Tapped on element 'Object Repository/Festive Season/festiveSendGreetingAngpaoTACTickBtn'

2022-07-04 12:44:58 - [MESSAGE][WARNING] - Timeout '0' is invalid. Using default page load timeout: '40'

2022-07-04 12:44:59 - [MESSAGE][PASSED] - Tapped on element 'Object Repository/Festive Season/festiveSendGreetingAngpaoTACTickBtn'

2022-07-04 12:44:59 - [TEST_STEP][PASSED] - delay(5): Delayed 5 second(s)

2022-07-04 12:45:04 - [MESSAGE][PASSED] - Delayed 5 second(s)

2022-07-04 12:45:04 - [TEST_STEP][PASSED] - verifyElementExist(findTestObject("Festive Season/returnAngpaoStatusMessageTxt"), 0): Element 'Object Repository/Festive Season/returnAngpaoStatusMessageTxt' is exist

2022-07-04 12:45:04 - [MESSAGE][WARNING] - Timeout '0' is invalid. Using default page load timeout: '40'

2022-07-04 12:45:05 - [MESSAGE][PASSED] - Element 'Object Repository/Festive Season/returnAngpaoStatusMessageTxt' is exist

2022-07-04 12:45:05 - [TEST_STEP][PASSED] - message = getText(findTestObject("Festive Season/returnAngpaoStatusMessageTxt"), 10): Text of element 'Object Repository/Festive Season/returnAngpaoStatusMessageTxt' is: 'Transfer failed'

2022-07-04 12:45:05 - [MESSAGE][PASSED] - Text of element 'Object Repository/Festive Season/returnAngpaoStatusMessageTxt' is: 'Transfer failed'

2022-07-04 12:45:05 - [TEST_STEP][PASSED] - println(message): null

2022-07-04 12:45:05 - [TEST_STEP][FAILED] - assert message == successTransactionMessage: Test Cases/Transfer/transfer_instantTransferIBG FAILED.
Reason:
Assertion failed: 

assert message == successTransactionMessage
       |       |  |
       |       |  Transfer accepted
       |       false
       Transfer failed

	at transfer_instantTransferIBG.run(transfer_instantTransferIBG:398)
	at com.kms.katalon.core.main.ScriptEngine.run(ScriptEngine.java:194)
	at com.kms.katalon.core.main.ScriptEngine.runScriptAsRawText(ScriptEngine.java:119)
	at com.kms.katalon.core.main.TestCaseExecutor.runScript(TestCaseExecutor.java:445)
	at com.kms.katalon.core.main.TestCaseExecutor.doExecute(TestCaseExecutor.java:436)
	at com.kms.katalon.core.main.TestCaseExecutor.processExecutionPhase(TestCaseExecutor.java:415)
	at com.kms.katalon.core.main.TestCaseExecutor.accessMainPhase(TestCaseExecutor.java:407)
	at com.kms.katalon.core.main.TestCaseExecutor.execute(TestCaseExecutor.java:284)
	at com.kms.katalon.core.common.CommonExecutor.accessTestCaseMainPhase(CommonExecutor.java:65)
	at com.kms.katalon.core.main.TestSuiteExecutor.accessTestSuiteMainPhase(TestSuiteExecutor.java:144)
	at com.kms.katalon.core.main.TestSuiteExecutor.execute(TestSuiteExecutor.java:106)
	at com.kms.katalon.core.main.TestCaseMain.startTestSuite(TestCaseMain.java:185)
	at com.kms.katalon.core.main.TestCaseMain$startTestSuite$0.call(Unknown Source)
	at TempTestSuite1656909041518.run(TempTestSuite1656909041518.groovy:36)


2022-07-04 12:45:05 - [MESSAGE][FAILED] - Test Cases/Transfer/transfer_instantTransferIBG FAILED.
Reason:
Assertion failed: 

assert message == successTransactionMessage
       |       |  |
       |       |  Transfer accepted
       |       false
       Transfer failed

	at transfer_instantTransferIBG.run(transfer_instantTransferIBG:398)
	at com.kms.katalon.core.main.ScriptEngine.run(ScriptEngine.java:194)
	at com.kms.katalon.core.main.ScriptEngine.runScriptAsRawText(ScriptEngine.java:119)
	at com.kms.katalon.core.main.TestCaseExecutor.runScript(TestCaseExecutor.java:445)
	at com.kms.katalon.core.main.TestCaseExecutor.doExecute(TestCaseExecutor.java:436)
	at com.kms.katalon.core.main.TestCaseExecutor.processExecutionPhase(TestCaseExecutor.java:415)
	at com.kms.katalon.core.main.TestCaseExecutor.accessMainPhase(TestCaseExecutor.java:407)
	at com.kms.katalon.core.main.TestCaseExecutor.execute(TestCaseExecutor.java:284)
	at com.kms.katalon.core.common.CommonExecutor.accessTestCaseMainPhase(CommonExecutor.java:65)
	at com.kms.katalon.core.main.TestSuiteExecutor.accessTestSuiteMainPhase(TestSuiteExecutor.java:144)
	at com.kms.katalon.core.main.TestSuiteExecutor.execute(TestSuiteExecutor.java:106)
	at com.kms.katalon.core.main.TestCaseMain.startTestSuite(TestCaseMain.java:185)
	at com.kms.katalon.core.main.TestCaseMain$startTestSuite$0.call(Unknown Source)
	at TempTestSuite1656909041518.run(TempTestSuite1656909041518.groovy:36)]]></system-out>
         <system-err><![CDATA[2022-07-04 12:40:21 - [TEST_CASE][FAILED] - Test Cases/Transfer/transfer_instantTransferIBG: Test Cases/Transfer/transfer_instantTransferIBG FAILED.
Reason:
Assertion failed: 

assert message == successTransactionMessage
       |       |  |
       |       |  Transfer accepted
       |       false
       Transfer failed

	at transfer_instantTransferIBG.run(transfer_instantTransferIBG:398)
	at com.kms.katalon.core.main.ScriptEngine.run(ScriptEngine.java:194)
	at com.kms.katalon.core.main.ScriptEngine.runScriptAsRawText(ScriptEngine.java:119)
	at com.kms.katalon.core.main.TestCaseExecutor.runScript(TestCaseExecutor.java:445)
	at com.kms.katalon.core.main.TestCaseExecutor.doExecute(TestCaseExecutor.java:436)
	at com.kms.katalon.core.main.TestCaseExecutor.processExecutionPhase(TestCaseExecutor.java:415)
	at com.kms.katalon.core.main.TestCaseExecutor.accessMainPhase(TestCaseExecutor.java:407)
	at com.kms.katalon.core.main.TestCaseExecutor.execute(TestCaseExecutor.java:284)
	at com.kms.katalon.core.common.CommonExecutor.accessTestCaseMainPhase(CommonExecutor.java:65)
	at com.kms.katalon.core.main.TestSuiteExecutor.accessTestSuiteMainPhase(TestSuiteExecutor.java:144)
	at com.kms.katalon.core.main.TestSuiteExecutor.execute(TestSuiteExecutor.java:106)
	at com.kms.katalon.core.main.TestCaseMain.startTestSuite(TestCaseMain.java:185)
	at com.kms.katalon.core.main.TestCaseMain$startTestSuite$0.call(Unknown Source)
	at TempTestSuite1656909041518.run(TempTestSuite1656909041518.groovy:36)]]></system-err>
      </testcase>
      <testcase name="Test Cases/Transfer/transfer_instantTransferSchedule" time="287.201" classname="Test Cases/Transfer/transfer_instantTransferSchedule" status="FAILED">
         <failure type="FAILED" message="Test Cases/Transfer/transfer_instantTransferSchedule FAILED.
Reason:
com.kms.katalon.core.exception.StepFailedException: Element 'Object Repository/Festive Season/returnAngpaoStatusMessageTxt' not found
	at com.kms.katalon.core.keyword.internal.KeywordMain.stepFailed(KeywordMain.groovy:39)
	at com.kms.katalon.core.mobile.keyword.internal.MobileKeywordMain.stepFailed(MobileKeywordMain.groovy:40)
	at com.kms.katalon.core.mobile.keyword.builtin.VerifyElementExistKeyword$_verifyElementExist_closure1.doCall(VerifyElementExistKeyword.groovy:77)
	at com.kms.katalon.core.mobile.keyword.builtin.VerifyElementExistKeyword$_verifyElementExist_closure1.call(VerifyElementExistKeyword.groovy)
	at com.kms.katalon.core.mobile.keyword.internal.MobileKeywordMain.runKeyword(MobileKeywordMain.groovy:21)
	at com.kms.katalon.core.mobile.keyword.builtin.VerifyElementExistKeyword.verifyElementExist(VerifyElementExistKeyword.groovy:80)
	at com.kms.katalon.core.mobile.keyword.builtin.VerifyElementExistKeyword.execute(VerifyElementExistKeyword.groovy:64)
	at com.kms.katalon.core.keyword.internal.KeywordExecutor.executeKeywordForPlatform(KeywordExecutor.groovy:74)
	at com.kms.katalon.core.mobile.keyword.MobileBuiltInKeywords.verifyElementExist(MobileBuiltInKeywords.groovy:1755)
	at com.kms.katalon.core.mobile.keyword.MobileBuiltInKeywords$verifyElementExist$8.call(Unknown Source)
	at transfer_instantTransferSchedule.run(transfer_instantTransferSchedule:314)
	at com.kms.katalon.core.main.ScriptEngine.run(ScriptEngine.java:194)
	at com.kms.katalon.core.main.ScriptEngine.runScriptAsRawText(ScriptEngine.java:119)
	at com.kms.katalon.core.main.TestCaseExecutor.runScript(TestCaseExecutor.java:445)
	at com.kms.katalon.core.main.TestCaseExecutor.doExecute(TestCaseExecutor.java:436)
	at com.kms.katalon.core.main.TestCaseExecutor.processExecutionPhase(TestCaseExecutor.java:415)
	at com.kms.katalon.core.main.TestCaseExecutor.accessMainPhase(TestCaseExecutor.java:407)
	at com.kms.katalon.core.main.TestCaseExecutor.execute(TestCaseExecutor.java:284)
	at com.kms.katalon.core.common.CommonExecutor.accessTestCaseMainPhase(CommonExecutor.java:65)
	at com.kms.katalon.core.main.TestSuiteExecutor.accessTestSuiteMainPhase(TestSuiteExecutor.java:144)
	at com.kms.katalon.core.main.TestSuiteExecutor.execute(TestSuiteExecutor.java:106)
	at com.kms.katalon.core.main.TestCaseMain.startTestSuite(TestCaseMain.java:185)
	at com.kms.katalon.core.main.TestCaseMain$startTestSuite$0.call(Unknown Source)
	at TempTestSuite1656909041518.run(TempTestSuite1656909041518.groovy:36)
"/>
         <system-out><![CDATA[2022-07-04 12:45:05 - [TEST_CASE][FAILED] - Test Cases/Transfer/transfer_instantTransferSchedule: Test Cases/Transfer/transfer_instantTransferSchedule FAILED.
Reason:
com.kms.katalon.core.exception.StepFailedException: Element 'Object Repository/Festive Season/returnAngpaoStatusMessageTxt' not found
	at com.kms.katalon.core.keyword.internal.KeywordMain.stepFailed(KeywordMain.groovy:39)
	at com.kms.katalon.core.mobile.keyword.internal.MobileKeywordMain.stepFailed(MobileKeywordMain.groovy:40)
	at com.kms.katalon.core.mobile.keyword.builtin.VerifyElementExistKeyword$_verifyElementExist_closure1.doCall(VerifyElementExistKeyword.groovy:77)
	at com.kms.katalon.core.mobile.keyword.builtin.VerifyElementExistKeyword$_verifyElementExist_closure1.call(VerifyElementExistKeyword.groovy)
	at com.kms.katalon.core.mobile.keyword.internal.MobileKeywordMain.runKeyword(MobileKeywordMain.groovy:21)
	at com.kms.katalon.core.mobile.keyword.builtin.VerifyElementExistKeyword.verifyElementExist(VerifyElementExistKeyword.groovy:80)
	at com.kms.katalon.core.mobile.keyword.builtin.VerifyElementExistKeyword.execute(VerifyElementExistKeyword.groovy:64)
	at com.kms.katalon.core.keyword.internal.KeywordExecutor.executeKeywordForPlatform(KeywordExecutor.groovy:74)
	at com.kms.katalon.core.mobile.keyword.MobileBuiltInKeywords.verifyElementExist(MobileBuiltInKeywords.groovy:1755)
	at com.kms.katalon.core.mobile.keyword.MobileBuiltInKeywords$verifyElementExist$8.call(Unknown Source)
	at transfer_instantTransferSchedule.run(transfer_instantTransferSchedule:314)
	at com.kms.katalon.core.main.ScriptEngine.run(ScriptEngine.java:194)
	at com.kms.katalon.core.main.ScriptEngine.runScriptAsRawText(ScriptEngine.java:119)
	at com.kms.katalon.core.main.TestCaseExecutor.runScript(TestCaseExecutor.java:445)
	at com.kms.katalon.core.main.TestCaseExecutor.doExecute(TestCaseExecutor.java:436)
	at com.kms.katalon.core.main.TestCaseExecutor.processExecutionPhase(TestCaseExecutor.java:415)
	at com.kms.katalon.core.main.TestCaseExecutor.accessMainPhase(TestCaseExecutor.java:407)
	at com.kms.katalon.core.main.TestCaseExecutor.execute(TestCaseExecutor.java:284)
	at com.kms.katalon.core.common.CommonExecutor.accessTestCaseMainPhase(CommonExecutor.java:65)
	at com.kms.katalon.core.main.TestSuiteExecutor.accessTestSuiteMainPhase(TestSuiteExecutor.java:144)
	at com.kms.katalon.core.main.TestSuiteExecutor.execute(TestSuiteExecutor.java:106)
	at com.kms.katalon.core.main.TestCaseMain.startTestSuite(TestCaseMain.java:185)
	at com.kms.katalon.core.main.TestCaseMain$startTestSuite$0.call(Unknown Source)
	at TempTestSuite1656909041518.run(TempTestSuite1656909041518.groovy:36)


2022-07-04 12:45:06 - [TEST_STEP][PASSED] - delay(5): Delayed 5 second(s)

2022-07-04 12:45:11 - [MESSAGE][PASSED] - Delayed 5 second(s)

2022-07-04 12:45:11 - [TEST_STEP][PASSED] - device_Height = getDeviceHeight(): Current device physical height is 2167

2022-07-04 12:45:11 - [MESSAGE][PASSED] - Current device physical height is 2167

2022-07-04 12:45:11 - [TEST_STEP][PASSED] - device_Width = getDeviceWidth(): Current device physical width is 1080

2022-07-04 12:45:11 - [MESSAGE][PASSED] - Current device physical width is 1080

2022-07-04 12:45:11 - [TEST_STEP][PASSED] - startX = device_Width / 3: null

2022-07-04 12:45:11 - [TEST_STEP][PASSED] - startY = device_Height * 0.97: null

2022-07-04 12:45:11 - [TEST_STEP][PASSED] - verifyElementVisible(findTestObject("Banking/m2uAccountTransferIconSelect"), 0): Element 'Object Repository/Banking/m2uAccountTransferIconSelect' is visible

2022-07-04 12:45:11 - [MESSAGE][WARNING] - Timeout '0' is invalid. Using default page load timeout: '40'

2022-07-04 12:45:11 - [MESSAGE][PASSED] - Element 'Object Repository/Banking/m2uAccountTransferIconSelect' is visible

2022-07-04 12:45:11 - [TEST_STEP][PASSED] - tap(findTestObject("Banking/m2uAccountTransferIconSelect"), 0): Tapped on element 'Object Repository/Banking/m2uAccountTransferIconSelect'

2022-07-04 12:45:11 - [MESSAGE][WARNING] - Timeout '0' is invalid. Using default page load timeout: '40'

2022-07-04 12:45:12 - [MESSAGE][PASSED] - Tapped on element 'Object Repository/Banking/m2uAccountTransferIconSelect'

2022-07-04 12:45:12 - [TEST_STEP][PASSED] - delay(5): Delayed 5 second(s)

2022-07-04 12:45:17 - [MESSAGE][PASSED] - Delayed 5 second(s)

2022-07-04 12:45:17 - [TEST_STEP][PASSED] - println("InterBank Test Case Started"): null

2022-07-04 12:45:17 - [TEST_STEP][PASSED] - tap(findTestObject("Banking/transferOthersTopMenuSelect"), 0): Tapped on element 'Object Repository/Banking/transferOthersTopMenuSelect'

2022-07-04 12:45:17 - [MESSAGE][WARNING] - Timeout '0' is invalid. Using default page load timeout: '40'

2022-07-04 12:46:17 - [MESSAGE][PASSED] - Tapped on element 'Object Repository/Banking/transferOthersTopMenuSelect'

2022-07-04 12:46:17 - [TEST_STEP][PASSED] - tap(findTestObject("Banking/transferBanksIconSelect"), 0): Tapped on element 'Object Repository/Banking/transferBanksIconSelect'

2022-07-04 12:46:17 - [MESSAGE][WARNING] - Timeout '0' is invalid. Using default page load timeout: '40'

2022-07-04 12:47:11 - [MESSAGE][PASSED] - Tapped on element 'Object Repository/Banking/transferBanksIconSelect'

2022-07-04 12:47:11 - [TEST_STEP][PASSED] - scrollToText("PUBLIC BANK", STOP_ON_FAILURE): Scrolling to text 'PUBLIC BANK' successfully

2022-07-04 12:47:22 - [MESSAGE][PASSED] - Scrolling to text 'PUBLIC BANK' successfully

2022-07-04 12:47:22 - [TEST_STEP][PASSED] - tap(findTestObject("Banking/transferBankSelection", ["text":"PUBLIC BANK"]), 10): Tapped on element 'Object Repository/Banking/transferBankSelection'

2022-07-04 12:47:23 - [MESSAGE][PASSED] - Tapped on element 'Object Repository/Banking/transferBankSelection'

2022-07-04 12:47:23 - [TEST_STEP][PASSED] - setText(findTestObject("Banking/transferAccountNoInputField"), accountNum, 0): Text '3099117112' has been set to element 'Object Repository/Banking/transferAccountNoInputField'

2022-07-04 12:47:23 - [MESSAGE][WARNING] - Timeout '0' is invalid. Using default page load timeout: '40'

2022-07-04 12:47:25 - [MESSAGE][PASSED] - Text '3099117112' has been set to element 'Object Repository/Banking/transferAccountNoInputField'

2022-07-04 12:47:25 - [TEST_STEP][PASSED] - hideKeyboard(): Keyboard is hidden

2022-07-04 12:47:30 - [MESSAGE][PASSED] - Keyboard is hidden

2022-07-04 12:47:30 - [TEST_STEP][PASSED] - tap(findTestObject("Login Onboarding/loginExistingContinueBtn"), 0): Tapped on element 'Object Repository/Login Onboarding/loginExistingContinueBtn'

2022-07-04 12:47:30 - [MESSAGE][WARNING] - Timeout '0' is invalid. Using default page load timeout: '40'

2022-07-04 12:47:30 - [MESSAGE][PASSED] - Tapped on element 'Object Repository/Login Onboarding/loginExistingContinueBtn'

2022-07-04 12:47:30 - [TEST_STEP][PASSED] - delay(5): Delayed 5 second(s)

2022-07-04 12:47:35 - [MESSAGE][PASSED] - Delayed 5 second(s)

2022-07-04 12:47:35 - [TEST_STEP][PASSED] - verifyElementText(findTestObject("Transfer/transferAmounttAccNoTxt", ["accNo":accNo]), accNo): Actual text and expected text of test object 'Object Repository/Transfer/transferAmounttAccNoTxt' are matched.

2022-07-04 12:47:36 - [MESSAGE][PASSED] - Actual text and expected text of test object 'Object Repository/Transfer/transferAmounttAccNoTxt' are matched.

2022-07-04 12:47:36 - [TEST_STEP][PASSED] - verifyElementText(findTestObject("Transfer/transferAmounttAccBankTxt", ["accBank":accBank]), accBank): Actual text and expected text of test object 'Object Repository/Transfer/transferAmounttAccBankTxt' are matched.

2022-07-04 12:47:36 - [MESSAGE][PASSED] - Actual text and expected text of test object 'Object Repository/Transfer/transferAmounttAccBankTxt' are matched.

2022-07-04 12:47:36 - [TEST_STEP][PASSED] - verifyElementExist(findTestObject("Transfer/transferAmountRMTxt"), 0): Element 'Object Repository/Transfer/transferAmountRMTxt' is exist

2022-07-04 12:47:36 - [MESSAGE][WARNING] - Timeout '0' is invalid. Using default page load timeout: '40'

2022-07-04 12:47:37 - [MESSAGE][PASSED] - Element 'Object Repository/Transfer/transferAmountRMTxt' is exist

2022-07-04 12:47:37 - [TEST_STEP][PASSED] - verifyElementExist(findTestObject("Transfer/transferAmountEnterAmountTitleTxt"), 0): Element 'Object Repository/Transfer/transferAmountEnterAmountTitleTxt' is exist

2022-07-04 12:47:37 - [MESSAGE][WARNING] - Timeout '0' is invalid. Using default page load timeout: '40'

2022-07-04 12:47:37 - [MESSAGE][PASSED] - Element 'Object Repository/Transfer/transferAmountEnterAmountTitleTxt' is exist

2022-07-04 12:47:37 - [TEST_STEP][PASSED] - verifyElementExist(findTestObject("Login Onboarding/PIN4"), 0): Element 'Object Repository/Login Onboarding/PIN4' is exist

2022-07-04 12:47:37 - [MESSAGE][WARNING] - Timeout '0' is invalid. Using default page load timeout: '40'

2022-07-04 12:47:37 - [MESSAGE][PASSED] - Element 'Object Repository/Login Onboarding/PIN4' is exist

2022-07-04 12:47:37 - [TEST_STEP][PASSED] - tap(findTestObject("Login Onboarding/PIN4"), 0): Tapped on element 'Object Repository/Login Onboarding/PIN4'

2022-07-04 12:47:37 - [MESSAGE][WARNING] - Timeout '0' is invalid. Using default page load timeout: '40'

2022-07-04 12:47:37 - [MESSAGE][PASSED] - Tapped on element 'Object Repository/Login Onboarding/PIN4'

2022-07-04 12:47:37 - [TEST_STEP][PASSED] - delay(3): Delayed 3 second(s)

2022-07-04 12:47:40 - [MESSAGE][PASSED] - Delayed 3 second(s)

2022-07-04 12:47:40 - [TEST_STEP][PASSED] - verifyElementText(findTestObject("Transfer/transferAmountInputValueTxt", ["value":"0.04"]), "0.04"): Actual text and expected text of test object 'Object Repository/Transfer/transferAmountInputValueTxt' are matched.

2022-07-04 12:47:41 - [MESSAGE][PASSED] - Actual text and expected text of test object 'Object Repository/Transfer/transferAmountInputValueTxt' are matched.

2022-07-04 12:47:41 - [TEST_STEP][PASSED] - delay(3): Delayed 3 second(s)

2022-07-04 12:47:44 - [MESSAGE][PASSED] - Delayed 3 second(s)

2022-07-04 12:47:44 - [TEST_STEP][PASSED] - tap(findTestObject("Login Onboarding/loginPinTickBtn"), 0): Tapped on element 'Object Repository/Login Onboarding/loginPinTickBtn'

2022-07-04 12:47:44 - [MESSAGE][WARNING] - Timeout '0' is invalid. Using default page load timeout: '40'

2022-07-04 12:47:44 - [MESSAGE][PASSED] - Tapped on element 'Object Repository/Login Onboarding/loginPinTickBtn'

2022-07-04 12:47:44 - [TEST_STEP][PASSED] - delay(3): Delayed 3 second(s)

2022-07-04 12:47:47 - [MESSAGE][PASSED] - Delayed 3 second(s)

2022-07-04 12:47:47 - [TEST_STEP][PASSED] - verifyElementText(findTestObject("Transfer/transferReferenceAccNoTxt", ["accNo":accNo]), accNo): Actual text and expected text of test object 'Object Repository/Transfer/transferReferenceAccNoTxt' are matched.

2022-07-04 12:47:47 - [MESSAGE][PASSED] - Actual text and expected text of test object 'Object Repository/Transfer/transferReferenceAccNoTxt' are matched.

2022-07-04 12:47:47 - [TEST_STEP][PASSED] - verifyElementText(findTestObject("Transfer/transferReferenceAccBankTxt", ["accBank":accBank]), accBank): Actual text and expected text of test object 'Object Repository/Transfer/transferReferenceAccBankTxt' are matched.

2022-07-04 12:47:47 - [MESSAGE][PASSED] - Actual text and expected text of test object 'Object Repository/Transfer/transferReferenceAccBankTxt' are matched.

2022-07-04 12:47:47 - [TEST_STEP][PASSED] - verifyElementExist(findTestObject("Transfer/transferReferenceInputField"), 0): Element 'Object Repository/Transfer/transferReferenceInputField' is exist

2022-07-04 12:47:47 - [MESSAGE][WARNING] - Timeout '0' is invalid. Using default page load timeout: '40'

2022-07-04 12:47:48 - [MESSAGE][PASSED] - Element 'Object Repository/Transfer/transferReferenceInputField' is exist

2022-07-04 12:47:48 - [TEST_STEP][PASSED] - setText(findTestObject("Banking/transferReferenceInputField"), "InstantTransferSched", 0): Text 'InstantTransferSched' has been set to element 'Object Repository/Banking/transferReferenceInputField'

2022-07-04 12:47:48 - [MESSAGE][WARNING] - Timeout '0' is invalid. Using default page load timeout: '40'

2022-07-04 12:47:48 - [MESSAGE][PASSED] - Text 'InstantTransferSched' has been set to element 'Object Repository/Banking/transferReferenceInputField'

2022-07-04 12:47:48 - [TEST_STEP][PASSED] - hideKeyboard(): Keyboard is hidden

2022-07-04 12:47:50 - [MESSAGE][PASSED] - Keyboard is hidden

2022-07-04 12:47:50 - [TEST_STEP][PASSED] - verifyElementText(findTestObject("Transfer/transferReferenceInputFieldAfter", ["reference":"InstantTransferSched"]), "InstantTransferSched"): Actual text and expected text of test object 'Object Repository/Transfer/transferReferenceInputFieldAfter' are matched.

2022-07-04 12:47:51 - [MESSAGE][PASSED] - Actual text and expected text of test object 'Object Repository/Transfer/transferReferenceInputFieldAfter' are matched.

2022-07-04 12:47:51 - [TEST_STEP][PASSED] - tap(findTestObject("Login Onboarding/loginExistingContinueBtn"), 0): Tapped on element 'Object Repository/Login Onboarding/loginExistingContinueBtn'

2022-07-04 12:47:51 - [MESSAGE][WARNING] - Timeout '0' is invalid. Using default page load timeout: '40'

2022-07-04 12:47:51 - [MESSAGE][PASSED] - Tapped on element 'Object Repository/Login Onboarding/loginExistingContinueBtn'

2022-07-04 12:47:51 - [TEST_STEP][PASSED] - verifyElementText(findTestObject("Transfer/transferReferenceAccNoTxt", ["accNo":accNo]), accNo): Actual text and expected text of test object 'Object Repository/Transfer/transferReferenceAccNoTxt' are matched.

2022-07-04 12:47:51 - [MESSAGE][PASSED] - Actual text and expected text of test object 'Object Repository/Transfer/transferReferenceAccNoTxt' are matched.

2022-07-04 12:47:51 - [TEST_STEP][PASSED] - verifyElementText(findTestObject("Transfer/transferReferenceAccBankTxt", ["accBank":accBank]), accBank): Actual text and expected text of test object 'Object Repository/Transfer/transferReferenceAccBankTxt' are matched.

2022-07-04 12:47:51 - [MESSAGE][PASSED] - Actual text and expected text of test object 'Object Repository/Transfer/transferReferenceAccBankTxt' are matched.

2022-07-04 12:47:51 - [TEST_STEP][PASSED] - tap(findTestObject("Banking/transferTypeDropdownSelection"), 0): Tapped on element 'Object Repository/Banking/transferTypeDropdownSelection'

2022-07-04 12:47:51 - [MESSAGE][WARNING] - Timeout '0' is invalid. Using default page load timeout: '40'

2022-07-04 12:47:54 - [MESSAGE][PASSED] - Tapped on element 'Object Repository/Banking/transferTypeDropdownSelection'

2022-07-04 12:47:54 - [TEST_STEP][PASSED] - scrollToText("Fund Transfer", STOP_ON_FAILURE): Scrolling to text 'Fund Transfer' successfully

2022-07-04 12:47:58 - [MESSAGE][PASSED] - Scrolling to text 'Fund Transfer' successfully

2022-07-04 12:47:58 - [TEST_STEP][PASSED] - tap(findTestObject("Banking/tansferTypeFundDropdownSelection"), 0): Tapped on element 'Object Repository/Banking/tansferTypeFundDropdownSelection'

2022-07-04 12:47:58 - [MESSAGE][WARNING] - Timeout '0' is invalid. Using default page load timeout: '40'

2022-07-04 12:47:58 - [MESSAGE][PASSED] - Tapped on element 'Object Repository/Banking/tansferTypeFundDropdownSelection'

2022-07-04 12:47:58 - [TEST_STEP][PASSED] - tap(findTestObject("Banking/transferModeDropdownDoneBtn"), 0): Tapped on element 'Object Repository/Banking/transferModeDropdownDoneBtn'

2022-07-04 12:47:58 - [MESSAGE][WARNING] - Timeout '0' is invalid. Using default page load timeout: '40'

2022-07-04 12:47:59 - [MESSAGE][PASSED] - Tapped on element 'Object Repository/Banking/transferModeDropdownDoneBtn'

2022-07-04 12:47:59 - [TEST_STEP][PASSED] - delay(3): Delayed 3 second(s)

2022-07-04 12:48:02 - [MESSAGE][PASSED] - Delayed 3 second(s)

2022-07-04 12:48:02 - [TEST_STEP][PASSED] - verifyElementExist(findTestObject("Transfer/instantTransferModeDuitTxt", ["mode":"DuitNow Transfer"]), 0): Element 'Object Repository/Transfer/instantTransferModeDuitTxt' is exist

2022-07-04 12:48:02 - [MESSAGE][WARNING] - Timeout '0' is invalid. Using default page load timeout: '40'

2022-07-04 12:48:02 - [MESSAGE][PASSED] - Element 'Object Repository/Transfer/instantTransferModeDuitTxt' is exist

2022-07-04 12:48:02 - [TEST_STEP][PASSED] - verifyElementExist(findTestObject("Transfer/instantTransferModeTitleTxt"), 0): Element 'Object Repository/Transfer/instantTransferModeTitleTxt' is exist

2022-07-04 12:48:02 - [MESSAGE][WARNING] - Timeout '0' is invalid. Using default page load timeout: '40'

2022-07-04 12:48:03 - [MESSAGE][PASSED] - Element 'Object Repository/Transfer/instantTransferModeTitleTxt' is exist

2022-07-04 12:48:03 - [TEST_STEP][PASSED] - verifyElementExist(findTestObject("Transfer/instantTransferTypeFundTxt"), 0): Element 'Object Repository/Transfer/instantTransferTypeFundTxt' is exist

2022-07-04 12:48:03 - [MESSAGE][WARNING] - Timeout '0' is invalid. Using default page load timeout: '40'

2022-07-04 12:48:03 - [MESSAGE][PASSED] - Element 'Object Repository/Transfer/instantTransferTypeFundTxt' is exist

2022-07-04 12:48:03 - [TEST_STEP][PASSED] - verifyElementExist(findTestObject("Transfer/instantTransferTypeTitleTxt"), 0): Element 'Object Repository/Transfer/instantTransferTypeTitleTxt' is exist

2022-07-04 12:48:03 - [MESSAGE][WARNING] - Timeout '0' is invalid. Using default page load timeout: '40'

2022-07-04 12:48:03 - [MESSAGE][PASSED] - Element 'Object Repository/Transfer/instantTransferTypeTitleTxt' is exist

2022-07-04 12:48:03 - [TEST_STEP][PASSED] - tap(findTestObject("Login Onboarding/loginExistingContinueBtn"), 0): Tapped on element 'Object Repository/Login Onboarding/loginExistingContinueBtn'

2022-07-04 12:48:03 - [MESSAGE][WARNING] - Timeout '0' is invalid. Using default page load timeout: '40'

2022-07-04 12:48:03 - [MESSAGE][PASSED] - Tapped on element 'Object Repository/Login Onboarding/loginExistingContinueBtn'

2022-07-04 12:48:03 - [TEST_STEP][PASSED] - verifyElementText(findTestObject("Transfer/transferConfirmationTransactionDateTxt"), "Today"): Actual text and expected text of test object 'Object Repository/Transfer/transferConfirmationTransactionDateTxt' are matched.

2022-07-04 12:48:09 - [MESSAGE][PASSED] - Actual text and expected text of test object 'Object Repository/Transfer/transferConfirmationTransactionDateTxt' are matched.

2022-07-04 12:48:09 - [TEST_STEP][PASSED] - tap(findTestObject("Transfer/transferConfirmationTransactionDateTxt"), 0): Tapped on element 'Object Repository/Transfer/transferConfirmationTransactionDateTxt'

2022-07-04 12:48:09 - [MESSAGE][WARNING] - Timeout '0' is invalid. Using default page load timeout: '40'

2022-07-04 12:48:10 - [MESSAGE][PASSED] - Tapped on element 'Object Repository/Transfer/transferConfirmationTransactionDateTxt'

2022-07-04 12:48:10 - [TEST_STEP][PASSED] - tap(findTestObject("Main/mainCalenderPickerNextBtn"), 0): Tapped on element 'Object Repository/Main/mainCalenderPickerNextBtn'

2022-07-04 12:48:10 - [MESSAGE][WARNING] - Timeout '0' is invalid. Using default page load timeout: '40'

2022-07-04 12:48:11 - [MESSAGE][PASSED] - Tapped on element 'Object Repository/Main/mainCalenderPickerNextBtn'

2022-07-04 12:48:11 - [TEST_STEP][PASSED] - delay(3): Delayed 3 second(s)

2022-07-04 12:48:14 - [MESSAGE][PASSED] - Delayed 3 second(s)

2022-07-04 12:48:14 - [TEST_STEP][PASSED] - tap(findTestObject("Main/mainDatePicker1"), 0): Tapped on element 'Object Repository/Main/mainDatePicker1'

2022-07-04 12:48:15 - [MESSAGE][WARNING] - Timeout '0' is invalid. Using default page load timeout: '40'

2022-07-04 12:48:15 - [MESSAGE][PASSED] - Tapped on element 'Object Repository/Main/mainDatePicker1'

2022-07-04 12:48:15 - [TEST_STEP][PASSED] - tap(findTestObject("Main/mainCalenderPickerDoneBtn"), 0): Tapped on element 'Object Repository/Main/mainCalenderPickerDoneBtn'

2022-07-04 12:48:15 - [MESSAGE][WARNING] - Timeout '0' is invalid. Using default page load timeout: '40'

2022-07-04 12:48:16 - [MESSAGE][PASSED] - Tapped on element 'Object Repository/Main/mainCalenderPickerDoneBtn'

2022-07-04 12:48:16 - [TEST_STEP][PASSED] - verifyElementText(findTestObject("Transfer/transferConfirmationAccountNameTxt", ["accName":accName]), accName): Actual text and expected text of test object 'Object Repository/Transfer/transferConfirmationAccountNameTxt' are matched.

2022-07-04 12:48:17 - [MESSAGE][PASSED] - Actual text and expected text of test object 'Object Repository/Transfer/transferConfirmationAccountNameTxt' are matched.

2022-07-04 12:48:17 - [TEST_STEP][PASSED] - verifyElementText(findTestObject("Transfer/transferConfirmationAccountNoTxt", ["accNo":accNo]), accNo): Actual text and expected text of test object 'Object Repository/Transfer/transferConfirmationAccountNoTxt' are matched.

2022-07-04 12:48:17 - [MESSAGE][PASSED] - Actual text and expected text of test object 'Object Repository/Transfer/transferConfirmationAccountNoTxt' are matched.

2022-07-04 12:48:17 - [TEST_STEP][PASSED] - verifyElementText(findTestObject("Transfer/transferConfirmationAmountTxt", ["amount":"RM 0.04"]), "RM 0.04"): Actual text and expected text of test object 'Object Repository/Transfer/transferConfirmationAmountTxt' are matched.

2022-07-04 12:48:18 - [MESSAGE][PASSED] - Actual text and expected text of test object 'Object Repository/Transfer/transferConfirmationAmountTxt' are matched.

2022-07-04 12:48:18 - [TEST_STEP][PASSED] - verifyElementText(findTestObject("Transfer/transferConfirmationTransactionRecRefTxt", ["reference":"InstantTransferSched"]), "InstantTransferSched"): Actual text and expected text of test object 'Object Repository/Transfer/transferConfirmationTransactionRecRefTxt' are matched.

2022-07-04 12:48:18 - [MESSAGE][PASSED] - Actual text and expected text of test object 'Object Repository/Transfer/transferConfirmationTransactionRecRefTxt' are matched.

2022-07-04 12:48:18 - [TEST_STEP][PASSED] - verifyElementText(findTestObject("Transfer/transferConfirmationTransactionBankTxt", ["accBank":accBank]), accBank): Actual text and expected text of test object 'Object Repository/Transfer/transferConfirmationTransactionBankTxt' are matched.

2022-07-04 12:48:18 - [MESSAGE][PASSED] - Actual text and expected text of test object 'Object Repository/Transfer/transferConfirmationTransactionBankTxt' are matched.

2022-07-04 12:48:18 - [TEST_STEP][PASSED] - verifyElementText(findTestObject("Transfer/transferConfirmationOptionalGreyWordTxt"), "Optional"): Actual text and expected text of test object 'Object Repository/Transfer/transferConfirmationOptionalGreyWordTxt' are matched.

2022-07-04 12:48:19 - [MESSAGE][PASSED] - Actual text and expected text of test object 'Object Repository/Transfer/transferConfirmationOptionalGreyWordTxt' are matched.

2022-07-04 12:48:19 - [TEST_STEP][PASSED] - verifyElementText(findTestObject("Transfer/instantTransferConfirmationTransactionTypeTxt"), "Fund Transfer"): Actual text and expected text of test object 'Object Repository/Transfer/instantTransferConfirmationTransactionTypeTxt' are matched.

2022-07-04 12:48:19 - [MESSAGE][PASSED] - Actual text and expected text of test object 'Object Repository/Transfer/instantTransferConfirmationTransactionTypeTxt' are matched.

2022-07-04 12:48:19 - [TEST_STEP][PASSED] - verifyElementText(findTestObject("Transfer/instantTransferConfirmationTransactionModeTxt", ["modeC":"DuitNow Transfer"]), "DuitNow Transfer"): Actual text and expected text of test object 'Object Repository/Transfer/instantTransferConfirmationTransactionModeTxt' are matched.

2022-07-04 12:48:19 - [MESSAGE][PASSED] - Actual text and expected text of test object 'Object Repository/Transfer/instantTransferConfirmationTransactionModeTxt' are matched.

2022-07-04 12:48:19 - [TEST_STEP][PASSED] - verifyElementText(findTestObject("Transfer/instantTransferConfirmationTransactionServiceTxt"), "RM 0.00"): Actual text and expected text of test object 'Object Repository/Transfer/instantTransferConfirmationTransactionServiceTxt' are matched.

2022-07-04 12:48:20 - [MESSAGE][PASSED] - Actual text and expected text of test object 'Object Repository/Transfer/instantTransferConfirmationTransactionServiceTxt' are matched.

2022-07-04 12:48:20 - [TEST_STEP][PASSED] - verifyElementExist(findTestObject("Transfer/transferConfirmationBankNameTitleTxt"), 0): Element 'Object Repository/Transfer/transferConfirmationBankNameTitleTxt' is exist

2022-07-04 12:48:20 - [MESSAGE][WARNING] - Timeout '0' is invalid. Using default page load timeout: '40'

2022-07-04 12:48:20 - [MESSAGE][PASSED] - Element 'Object Repository/Transfer/transferConfirmationBankNameTitleTxt' is exist

2022-07-04 12:48:20 - [TEST_STEP][PASSED] - verifyElementExist(findTestObject("Transfer/transferConfirmationDateTitleTxt"), 0): Element 'Object Repository/Transfer/transferConfirmationDateTitleTxt' is exist

2022-07-04 12:48:20 - [MESSAGE][WARNING] - Timeout '0' is invalid. Using default page load timeout: '40'

2022-07-04 12:48:20 - [MESSAGE][PASSED] - Element 'Object Repository/Transfer/transferConfirmationDateTitleTxt' is exist

2022-07-04 12:48:20 - [TEST_STEP][PASSED] - verifyElementExist(findTestObject("Transfer/transferConfirmationRecRefTitleTxt"), 0): Element 'Object Repository/Transfer/transferConfirmationRecRefTitleTxt' is exist

2022-07-04 12:48:20 - [MESSAGE][WARNING] - Timeout '0' is invalid. Using default page load timeout: '40'

2022-07-04 12:48:20 - [MESSAGE][PASSED] - Element 'Object Repository/Transfer/transferConfirmationRecRefTitleTxt' is exist

2022-07-04 12:48:20 - [TEST_STEP][PASSED] - verifyElementExist(findTestObject("Transfer/transferConfirmationPaymentDetailsTitleTxt"), 0): Element 'Object Repository/Transfer/transferConfirmationPaymentDetailsTitleTxt' is exist

2022-07-04 12:48:20 - [MESSAGE][WARNING] - Timeout '0' is invalid. Using default page load timeout: '40'

2022-07-04 12:48:21 - [MESSAGE][PASSED] - Element 'Object Repository/Transfer/transferConfirmationPaymentDetailsTitleTxt' is exist

2022-07-04 12:48:21 - [TEST_STEP][PASSED] - verifyElementExist(findTestObject("Transfer/instantTransferConfirmationModeTitleTxt"), 0): Element 'Object Repository/Transfer/instantTransferConfirmationModeTitleTxt' is exist

2022-07-04 12:48:21 - [MESSAGE][WARNING] - Timeout '0' is invalid. Using default page load timeout: '40'

2022-07-04 12:48:21 - [MESSAGE][PASSED] - Element 'Object Repository/Transfer/instantTransferConfirmationModeTitleTxt' is exist

2022-07-04 12:48:21 - [TEST_STEP][PASSED] - verifyElementExist(findTestObject("Transfer/instantTransferConfirmationServiceFeeTitleTxt"), 0): Element 'Object Repository/Transfer/instantTransferConfirmationServiceFeeTitleTxt' is exist

2022-07-04 12:48:21 - [MESSAGE][WARNING] - Timeout '0' is invalid. Using default page load timeout: '40'

2022-07-04 12:48:21 - [MESSAGE][PASSED] - Element 'Object Repository/Transfer/instantTransferConfirmationServiceFeeTitleTxt' is exist

2022-07-04 12:48:21 - [TEST_STEP][PASSED] - verifyElementExist(findTestObject("Transfer/instantTransferConfirmationTypeTitleTxt"), 0): Element 'Object Repository/Transfer/instantTransferConfirmationTypeTitleTxt' is exist

2022-07-04 12:48:21 - [MESSAGE][WARNING] - Timeout '0' is invalid. Using default page load timeout: '40'

2022-07-04 12:48:22 - [MESSAGE][PASSED] - Element 'Object Repository/Transfer/instantTransferConfirmationTypeTitleTxt' is exist

2022-07-04 12:48:22 - [TEST_STEP][PASSED] - verifyElementExist(findTestObject("Transfer/transferConfirmationNoteTitleTxt"), 0): Element 'Object Repository/Transfer/transferConfirmationNoteTitleTxt' is exist

2022-07-04 12:48:22 - [MESSAGE][WARNING] - Timeout '0' is invalid. Using default page load timeout: '40'

2022-07-04 12:48:22 - [MESSAGE][PASSED] - Element 'Object Repository/Transfer/transferConfirmationNoteTitleTxt' is exist

2022-07-04 12:48:22 - [TEST_STEP][PASSED] - tap(findTestObject("Transfer/transferConfirmationOptionalGreyWordTxt"), 0): Tapped on element 'Object Repository/Transfer/transferConfirmationOptionalGreyWordTxt'

2022-07-04 12:48:22 - [MESSAGE][WARNING] - Timeout '0' is invalid. Using default page load timeout: '40'

2022-07-04 12:48:22 - [MESSAGE][PASSED] - Tapped on element 'Object Repository/Transfer/transferConfirmationOptionalGreyWordTxt'

2022-07-04 12:48:22 - [TEST_STEP][PASSED] - setText(findTestObject("Transfer/transferConfirmationDetailsInputField"), "Test Fav", 0): Text 'Test Fav' has been set to element 'Object Repository/Transfer/transferConfirmationDetailsInputField'

2022-07-04 12:48:22 - [MESSAGE][WARNING] - Timeout '0' is invalid. Using default page load timeout: '40'

2022-07-04 12:48:25 - [MESSAGE][PASSED] - Text 'Test Fav' has been set to element 'Object Repository/Transfer/transferConfirmationDetailsInputField'

2022-07-04 12:48:25 - [TEST_STEP][PASSED] - hideKeyboard(): Keyboard is hidden

2022-07-04 12:48:27 - [MESSAGE][PASSED] - Keyboard is hidden

2022-07-04 12:48:27 - [TEST_STEP][PASSED] - verifyElementText(findTestObject("Transfer/transferConfirmationOptionalGreyWordTxt"), "Test Fav"): Actual text and expected text of test object 'Object Repository/Transfer/transferConfirmationOptionalGreyWordTxt' are matched.

2022-07-04 12:48:27 - [MESSAGE][PASSED] - Actual text and expected text of test object 'Object Repository/Transfer/transferConfirmationOptionalGreyWordTxt' are matched.

2022-07-04 12:48:27 - [TEST_STEP][PASSED] - device_Height_2 = getDeviceHeight(): Current device physical height is 2167

2022-07-04 12:48:27 - [MESSAGE][PASSED] - Current device physical height is 2167

2022-07-04 12:48:27 - [TEST_STEP][PASSED] - device_Width_2 = getDeviceWidth(): Current device physical width is 1080

2022-07-04 12:48:27 - [MESSAGE][PASSED] - Current device physical width is 1080

2022-07-04 12:48:27 - [TEST_STEP][PASSED] - startX_2 = device_Width_2 / 2: null

2022-07-04 12:48:27 - [TEST_STEP][PASSED] - endX_2 = startX_2: null

2022-07-04 12:48:27 - [TEST_STEP][PASSED] - startY_2 = device_Height_2 * 0.30: null

2022-07-04 12:48:27 - [TEST_STEP][PASSED] - endY_2 = device_Height_2 * 0.70: null

2022-07-04 12:48:27 - [TEST_STEP][PASSED] - swipe(startX_2, endY_2, endX_2, startY_2): Swiped from 540,1,516 to 540,650

2022-07-04 12:48:28 - [MESSAGE][PASSED] - Swiped from 540,1,516 to 540,650

2022-07-04 12:48:28 - [TEST_STEP][PASSED] - verifyElementExist(findTestObject("Transfer/instantTransferConfirmationNotes1Txt"), 0): Element 'Object Repository/Transfer/instantTransferConfirmationNotes1Txt' is exist

2022-07-04 12:48:28 - [MESSAGE][WARNING] - Timeout '0' is invalid. Using default page load timeout: '40'

2022-07-04 12:48:29 - [MESSAGE][PASSED] - Element 'Object Repository/Transfer/instantTransferConfirmationNotes1Txt' is exist

2022-07-04 12:48:29 - [TEST_STEP][PASSED] - verifyElementExist(findTestObject("Transfer/transferConfirmationFTransferFromTitleTxt"), 0): Element 'Object Repository/Transfer/transferConfirmationFTransferFromTitleTxt' is exist

2022-07-04 12:48:29 - [MESSAGE][WARNING] - Timeout '0' is invalid. Using default page load timeout: '40'

2022-07-04 12:48:29 - [MESSAGE][PASSED] - Element 'Object Repository/Transfer/transferConfirmationFTransferFromTitleTxt' is exist

2022-07-04 12:48:29 - [TEST_STEP][PASSED] - verifyElementExist(findTestObject("Transfer/instantTransferConfirmationNotes2Txt"), 0): Element 'Object Repository/Transfer/instantTransferConfirmationNotes2Txt' is exist

2022-07-04 12:48:29 - [MESSAGE][WARNING] - Timeout '0' is invalid. Using default page load timeout: '40'

2022-07-04 12:48:29 - [MESSAGE][PASSED] - Element 'Object Repository/Transfer/instantTransferConfirmationNotes2Txt' is exist

2022-07-04 12:48:29 - [TEST_STEP][PASSED] - verifyElementText(findTestObject("Transfer/transferConfirmationFromAccTypeTxt", ["accType":accType]), accType): Actual text and expected text of test object 'Object Repository/Transfer/transferConfirmationFromAccTypeTxt' are matched.

2022-07-04 12:48:30 - [MESSAGE][PASSED] - Actual text and expected text of test object 'Object Repository/Transfer/transferConfirmationFromAccTypeTxt' are matched.

2022-07-04 12:48:30 - [TEST_STEP][PASSED] - verifyElementText(findTestObject("Transfer/transferConfirmationFromAccNoTxt", ["accNoFrom":accNoFrom]), accNoFrom): Actual text and expected text of test object 'Object Repository/Transfer/transferConfirmationFromAccNoTxt' are matched.

2022-07-04 12:48:30 - [MESSAGE][PASSED] - Actual text and expected text of test object 'Object Repository/Transfer/transferConfirmationFromAccNoTxt' are matched.

2022-07-04 12:48:30 - [TEST_STEP][PASSED] - verifyElementExist(findTestObject("Transfer/transferConfirmationFromAccBalanceTxt"), 0): Element 'Object Repository/Transfer/transferConfirmationFromAccBalanceTxt' is exist

2022-07-04 12:48:30 - [MESSAGE][WARNING] - Timeout '0' is invalid. Using default page load timeout: '40'

2022-07-04 12:48:31 - [MESSAGE][PASSED] - Element 'Object Repository/Transfer/transferConfirmationFromAccBalanceTxt' is exist

2022-07-04 12:48:31 - [TEST_STEP][PASSED] - accountBalance = getText(findTestObject("Transfer/transferConfirmationFromAccBalanceTxt"), 0): Text of element 'Object Repository/Transfer/transferConfirmationFromAccBalanceTxt' is: 'RM 4,072.24'

2022-07-04 12:48:31 - [MESSAGE][WARNING] - Timeout '0' is invalid. Using default page load timeout: '40'

2022-07-04 12:48:31 - [MESSAGE][PASSED] - Text of element 'Object Repository/Transfer/transferConfirmationFromAccBalanceTxt' is: 'RM 4,072.24'

2022-07-04 12:48:31 - [TEST_STEP][PASSED] - println(accountBalance): null

2022-07-04 12:48:31 - [TEST_STEP][PASSED] - tap(findTestObject("Main/mainTransferNowBtn"), 0): Tapped on element 'Object Repository/Main/mainTransferNowBtn'

2022-07-04 12:48:31 - [MESSAGE][WARNING] - Timeout '0' is invalid. Using default page load timeout: '40'

2022-07-04 12:48:31 - [MESSAGE][PASSED] - Tapped on element 'Object Repository/Main/mainTransferNowBtn'

2022-07-04 12:48:31 - [TEST_STEP][PASSED] - delay(5): Delayed 5 second(s)

2022-07-04 12:48:36 - [MESSAGE][PASSED] - Delayed 5 second(s)

2022-07-04 12:48:36 - [TEST_STEP][PASSED] - if (verifyElementVisible(findTestObject("Festive Season/seasonalGreetingAngpaoTACNoTxt"), 10, OPTIONAL)): null

2022-07-04 12:48:37 - [MESSAGE][PASSED] - Element 'Object Repository/Festive Season/seasonalGreetingAngpaoTACNoTxt' is visible

2022-07-04 12:48:37 - [TEST_STEP][PASSED] - OTP = getText(findTestObject("Festive Season/seasonalGreetingAngpaoTACNoTxt"), 10): Text of element 'Object Repository/Festive Season/seasonalGreetingAngpaoTACNoTxt' is: 'Your TAC no. is 909103'

2022-07-04 12:48:37 - [MESSAGE][PASSED] - Text of element 'Object Repository/Festive Season/seasonalGreetingAngpaoTACNoTxt' is: 'Your TAC no. is 909103'

2022-07-04 12:48:37 - [TEST_STEP][PASSED] - delay(5): Delayed 5 second(s)

2022-07-04 12:48:42 - [MESSAGE][PASSED] - Delayed 5 second(s)

2022-07-04 12:48:42 - [TEST_STEP][PASSED] - tapAtPosition(startX, startY): Tapped at [360, 2,101]

2022-07-04 12:48:43 - [MESSAGE][PASSED] - Tapped at [360, 2,101]

2022-07-04 12:48:43 - [TEST_STEP][PASSED] - for ([i = 16, i <= 21, (i++)]): null

2022-07-04 12:48:43 - [TEST_STEP][PASSED] - if (OTP[i] == "0"): null

2022-07-04 12:48:43 - [TEST_STEP][PASSED] - if (OTP[i] == "1"): null

2022-07-04 12:48:43 - [TEST_STEP][PASSED] - if (OTP[i] == "2"): null

2022-07-04 12:48:43 - [TEST_STEP][PASSED] - if (OTP[i] == "3"): null

2022-07-04 12:48:43 - [TEST_STEP][PASSED] - if (OTP[i] == "4"): null

2022-07-04 12:48:43 - [TEST_STEP][PASSED] - if (OTP[i] == "5"): null

2022-07-04 12:48:43 - [TEST_STEP][PASSED] - if (OTP[i] == "6"): null

2022-07-04 12:48:43 - [TEST_STEP][PASSED] - if (OTP[i] == "7"): null

2022-07-04 12:48:43 - [TEST_STEP][PASSED] - if (OTP[i] == "8"): null

2022-07-04 12:48:43 - [TEST_STEP][PASSED] - if (OTP[i] == "9"): Tapped on element 'Object Repository/Login Onboarding/PIN9'

2022-07-04 12:48:43 - [TEST_STEP][PASSED] - tap(findTestObject("Login Onboarding/PIN9"), 0): Tapped on element 'Object Repository/Login Onboarding/PIN9'

2022-07-04 12:48:43 - [MESSAGE][WARNING] - Timeout '0' is invalid. Using default page load timeout: '40'

2022-07-04 12:48:43 - [MESSAGE][PASSED] - Tapped on element 'Object Repository/Login Onboarding/PIN9'

2022-07-04 12:48:43 - [TEST_STEP][PASSED] - if (OTP[i] == "0"): Tapped on element 'Object Repository/Login Onboarding/PIN0'

2022-07-04 12:48:43 - [TEST_STEP][PASSED] - tap(findTestObject("Login Onboarding/PIN0"), 0): Tapped on element 'Object Repository/Login Onboarding/PIN0'

2022-07-04 12:48:43 - [MESSAGE][WARNING] - Timeout '0' is invalid. Using default page load timeout: '40'

2022-07-04 12:48:46 - [MESSAGE][PASSED] - Tapped on element 'Object Repository/Login Onboarding/PIN0'

2022-07-04 12:48:46 - [TEST_STEP][PASSED] - if (OTP[i] == "1"): null

2022-07-04 12:48:46 - [TEST_STEP][PASSED] - if (OTP[i] == "2"): null

2022-07-04 12:48:46 - [TEST_STEP][PASSED] - if (OTP[i] == "3"): null

2022-07-04 12:48:46 - [TEST_STEP][PASSED] - if (OTP[i] == "4"): null

2022-07-04 12:48:46 - [TEST_STEP][PASSED] - if (OTP[i] == "5"): null

2022-07-04 12:48:46 - [TEST_STEP][PASSED] - if (OTP[i] == "6"): null

2022-07-04 12:48:46 - [TEST_STEP][PASSED] - if (OTP[i] == "7"): null

2022-07-04 12:48:46 - [TEST_STEP][PASSED] - if (OTP[i] == "8"): null

2022-07-04 12:48:46 - [TEST_STEP][PASSED] - if (OTP[i] == "9"): null

2022-07-04 12:48:46 - [TEST_STEP][PASSED] - if (OTP[i] == "0"): null

2022-07-04 12:48:46 - [TEST_STEP][PASSED] - if (OTP[i] == "1"): null

2022-07-04 12:48:46 - [TEST_STEP][PASSED] - if (OTP[i] == "2"): null

2022-07-04 12:48:46 - [TEST_STEP][PASSED] - if (OTP[i] == "3"): null

2022-07-04 12:48:46 - [TEST_STEP][PASSED] - if (OTP[i] == "4"): null

2022-07-04 12:48:46 - [TEST_STEP][PASSED] - if (OTP[i] == "5"): null

2022-07-04 12:48:46 - [TEST_STEP][PASSED] - if (OTP[i] == "6"): null

2022-07-04 12:48:46 - [TEST_STEP][PASSED] - if (OTP[i] == "7"): null

2022-07-04 12:48:46 - [TEST_STEP][PASSED] - if (OTP[i] == "8"): null

2022-07-04 12:48:46 - [TEST_STEP][PASSED] - if (OTP[i] == "9"): Tapped on element 'Object Repository/Login Onboarding/PIN9'

2022-07-04 12:48:46 - [TEST_STEP][PASSED] - tap(findTestObject("Login Onboarding/PIN9"), 0): Tapped on element 'Object Repository/Login Onboarding/PIN9'

2022-07-04 12:48:46 - [MESSAGE][WARNING] - Timeout '0' is invalid. Using default page load timeout: '40'

2022-07-04 12:48:48 - [MESSAGE][PASSED] - Tapped on element 'Object Repository/Login Onboarding/PIN9'

2022-07-04 12:48:48 - [TEST_STEP][PASSED] - if (OTP[i] == "0"): null

2022-07-04 12:48:48 - [TEST_STEP][PASSED] - if (OTP[i] == "1"): Tapped on element 'Object Repository/Login Onboarding/PIN1'

2022-07-04 12:48:48 - [TEST_STEP][PASSED] - tap(findTestObject("Login Onboarding/PIN1"), 0): Tapped on element 'Object Repository/Login Onboarding/PIN1'

2022-07-04 12:48:48 - [MESSAGE][WARNING] - Timeout '0' is invalid. Using default page load timeout: '40'

2022-07-04 12:48:50 - [MESSAGE][PASSED] - Tapped on element 'Object Repository/Login Onboarding/PIN1'

2022-07-04 12:48:50 - [TEST_STEP][PASSED] - if (OTP[i] == "2"): null

2022-07-04 12:48:50 - [TEST_STEP][PASSED] - if (OTP[i] == "3"): null

2022-07-04 12:48:50 - [TEST_STEP][PASSED] - if (OTP[i] == "4"): null

2022-07-04 12:48:50 - [TEST_STEP][PASSED] - if (OTP[i] == "5"): null

2022-07-04 12:48:50 - [TEST_STEP][PASSED] - if (OTP[i] == "6"): null

2022-07-04 12:48:50 - [TEST_STEP][PASSED] - if (OTP[i] == "7"): null

2022-07-04 12:48:50 - [TEST_STEP][PASSED] - if (OTP[i] == "8"): null

2022-07-04 12:48:50 - [TEST_STEP][PASSED] - if (OTP[i] == "9"): null

2022-07-04 12:48:50 - [TEST_STEP][PASSED] - if (OTP[i] == "0"): Tapped on element 'Object Repository/Login Onboarding/PIN0'

2022-07-04 12:48:50 - [TEST_STEP][PASSED] - tap(findTestObject("Login Onboarding/PIN0"), 0): Tapped on element 'Object Repository/Login Onboarding/PIN0'

2022-07-04 12:48:50 - [MESSAGE][WARNING] - Timeout '0' is invalid. Using default page load timeout: '40'

2022-07-04 12:48:52 - [MESSAGE][PASSED] - Tapped on element 'Object Repository/Login Onboarding/PIN0'

2022-07-04 12:48:52 - [TEST_STEP][PASSED] - if (OTP[i] == "1"): null

2022-07-04 12:48:52 - [TEST_STEP][PASSED] - if (OTP[i] == "2"): null

2022-07-04 12:48:52 - [TEST_STEP][PASSED] - if (OTP[i] == "3"): null

2022-07-04 12:48:52 - [TEST_STEP][PASSED] - if (OTP[i] == "4"): null

2022-07-04 12:48:52 - [TEST_STEP][PASSED] - if (OTP[i] == "5"): null

2022-07-04 12:48:52 - [TEST_STEP][PASSED] - if (OTP[i] == "6"): null

2022-07-04 12:48:52 - [TEST_STEP][PASSED] - if (OTP[i] == "7"): null

2022-07-04 12:48:52 - [TEST_STEP][PASSED] - if (OTP[i] == "8"): null

2022-07-04 12:48:52 - [TEST_STEP][PASSED] - if (OTP[i] == "9"): null

2022-07-04 12:48:52 - [TEST_STEP][PASSED] - if (OTP[i] == "0"): null

2022-07-04 12:48:52 - [TEST_STEP][PASSED] - if (OTP[i] == "1"): null

2022-07-04 12:48:52 - [TEST_STEP][PASSED] - if (OTP[i] == "2"): null

2022-07-04 12:48:52 - [TEST_STEP][PASSED] - if (OTP[i] == "3"): Tapped on element 'Object Repository/Login Onboarding/PIN3'

2022-07-04 12:48:52 - [TEST_STEP][PASSED] - tap(findTestObject("Login Onboarding/PIN3"), 0): Tapped on element 'Object Repository/Login Onboarding/PIN3'

2022-07-04 12:48:52 - [MESSAGE][WARNING] - Timeout '0' is invalid. Using default page load timeout: '40'

2022-07-04 12:48:54 - [MESSAGE][PASSED] - Tapped on element 'Object Repository/Login Onboarding/PIN3'

2022-07-04 12:48:54 - [TEST_STEP][PASSED] - if (OTP[i] == "4"): null

2022-07-04 12:48:54 - [TEST_STEP][PASSED] - if (OTP[i] == "5"): null

2022-07-04 12:48:54 - [TEST_STEP][PASSED] - if (OTP[i] == "6"): null

2022-07-04 12:48:54 - [TEST_STEP][PASSED] - if (OTP[i] == "7"): null

2022-07-04 12:48:54 - [TEST_STEP][PASSED] - if (OTP[i] == "8"): null

2022-07-04 12:48:54 - [TEST_STEP][PASSED] - if (OTP[i] == "9"): null

2022-07-04 12:48:54 - [TEST_STEP][PASSED] - delay(3): Delayed 3 second(s)

2022-07-04 12:48:57 - [MESSAGE][PASSED] - Delayed 3 second(s)

2022-07-04 12:48:57 - [TEST_STEP][PASSED] - tap(findTestObject("Festive Season/festiveSendGreetingAngpaoTACTickBtn"), 0): Tapped on element 'Object Repository/Festive Season/festiveSendGreetingAngpaoTACTickBtn'

2022-07-04 12:48:57 - [MESSAGE][WARNING] - Timeout '0' is invalid. Using default page load timeout: '40'

2022-07-04 12:48:57 - [MESSAGE][PASSED] - Tapped on element 'Object Repository/Festive Season/festiveSendGreetingAngpaoTACTickBtn'

2022-07-04 12:48:57 - [TEST_STEP][PASSED] - delay(5): Delayed 5 second(s)

2022-07-04 12:49:02 - [MESSAGE][PASSED] - Delayed 5 second(s)

2022-07-04 12:49:02 - [TEST_STEP][FAILED] - verifyElementExist(findTestObject("Festive Season/returnAngpaoStatusMessageTxt"), 0): Element 'Object Repository/Festive Season/returnAngpaoStatusMessageTxt' not found

2022-07-04 12:49:02 - [MESSAGE][WARNING] - Timeout '0' is invalid. Using default page load timeout: '40'

2022-07-04 12:49:42 - [MESSAGE][FAILED] - Element 'Object Repository/Festive Season/returnAngpaoStatusMessageTxt' not found

2022-07-04 12:49:42 - [TEST_STEP][FAILED] - message = getText(findTestObject("Festive Season/returnAngpaoStatusMessageTxt"), 10): Object Object Repository/Festive Season/returnAngpaoStatusMessageTxt not found

2022-07-04 12:49:53 - [MESSAGE][FAILED] - Object Object Repository/Festive Season/returnAngpaoStatusMessageTxt not found

2022-07-04 12:49:53 - [TEST_STEP][PASSED] - println(message): null

2022-07-04 12:49:53 - [TEST_STEP][FAILED] - assert message == successTransactionMessage: Test Cases/Transfer/transfer_instantTransferSchedule FAILED.
Reason:
Assertion failed: 

assert message == successTransactionMessage
       |       |  |
       null    |  Transfer scheduled
               false

	at transfer_instantTransferSchedule.run(transfer_instantTransferSchedule:320)
	at com.kms.katalon.core.main.ScriptEngine.run(ScriptEngine.java:194)
	at com.kms.katalon.core.main.ScriptEngine.runScriptAsRawText(ScriptEngine.java:119)
	at com.kms.katalon.core.main.TestCaseExecutor.runScript(TestCaseExecutor.java:445)
	at com.kms.katalon.core.main.TestCaseExecutor.doExecute(TestCaseExecutor.java:436)
	at com.kms.katalon.core.main.TestCaseExecutor.processExecutionPhase(TestCaseExecutor.java:415)
	at com.kms.katalon.core.main.TestCaseExecutor.accessMainPhase(TestCaseExecutor.java:407)
	at com.kms.katalon.core.main.TestCaseExecutor.execute(TestCaseExecutor.java:284)
	at com.kms.katalon.core.common.CommonExecutor.accessTestCaseMainPhase(CommonExecutor.java:65)
	at com.kms.katalon.core.main.TestSuiteExecutor.accessTestSuiteMainPhase(TestSuiteExecutor.java:144)
	at com.kms.katalon.core.main.TestSuiteExecutor.execute(TestSuiteExecutor.java:106)
	at com.kms.katalon.core.main.TestCaseMain.startTestSuite(TestCaseMain.java:185)
	at com.kms.katalon.core.main.TestCaseMain$startTestSuite$0.call(Unknown Source)
	at TempTestSuite1656909041518.run(TempTestSuite1656909041518.groovy:36)


2022-07-04 12:49:53 - [MESSAGE][FAILED] - Test Cases/Transfer/transfer_instantTransferSchedule FAILED.
Reason:
Assertion failed: 

assert message == successTransactionMessage
       |       |  |
       null    |  Transfer scheduled
               false

	at transfer_instantTransferSchedule.run(transfer_instantTransferSchedule:320)
	at com.kms.katalon.core.main.ScriptEngine.run(ScriptEngine.java:194)
	at com.kms.katalon.core.main.ScriptEngine.runScriptAsRawText(ScriptEngine.java:119)
	at com.kms.katalon.core.main.TestCaseExecutor.runScript(TestCaseExecutor.java:445)
	at com.kms.katalon.core.main.TestCaseExecutor.doExecute(TestCaseExecutor.java:436)
	at com.kms.katalon.core.main.TestCaseExecutor.processExecutionPhase(TestCaseExecutor.java:415)
	at com.kms.katalon.core.main.TestCaseExecutor.accessMainPhase(TestCaseExecutor.java:407)
	at com.kms.katalon.core.main.TestCaseExecutor.execute(TestCaseExecutor.java:284)
	at com.kms.katalon.core.common.CommonExecutor.accessTestCaseMainPhase(CommonExecutor.java:65)
	at com.kms.katalon.core.main.TestSuiteExecutor.accessTestSuiteMainPhase(TestSuiteExecutor.java:144)
	at com.kms.katalon.core.main.TestSuiteExecutor.execute(TestSuiteExecutor.java:106)
	at com.kms.katalon.core.main.TestCaseMain.startTestSuite(TestCaseMain.java:185)
	at com.kms.katalon.core.main.TestCaseMain$startTestSuite$0.call(Unknown Source)
	at TempTestSuite1656909041518.run(TempTestSuite1656909041518.groovy:36)]]></system-out>
         <system-err><![CDATA[2022-07-04 12:45:05 - [TEST_CASE][FAILED] - Test Cases/Transfer/transfer_instantTransferSchedule: Test Cases/Transfer/transfer_instantTransferSchedule FAILED.
Reason:
com.kms.katalon.core.exception.StepFailedException: Element 'Object Repository/Festive Season/returnAngpaoStatusMessageTxt' not found
	at com.kms.katalon.core.keyword.internal.KeywordMain.stepFailed(KeywordMain.groovy:39)
	at com.kms.katalon.core.mobile.keyword.internal.MobileKeywordMain.stepFailed(MobileKeywordMain.groovy:40)
	at com.kms.katalon.core.mobile.keyword.builtin.VerifyElementExistKeyword$_verifyElementExist_closure1.doCall(VerifyElementExistKeyword.groovy:77)
	at com.kms.katalon.core.mobile.keyword.builtin.VerifyElementExistKeyword$_verifyElementExist_closure1.call(VerifyElementExistKeyword.groovy)
	at com.kms.katalon.core.mobile.keyword.internal.MobileKeywordMain.runKeyword(MobileKeywordMain.groovy:21)
	at com.kms.katalon.core.mobile.keyword.builtin.VerifyElementExistKeyword.verifyElementExist(VerifyElementExistKeyword.groovy:80)
	at com.kms.katalon.core.mobile.keyword.builtin.VerifyElementExistKeyword.execute(VerifyElementExistKeyword.groovy:64)
	at com.kms.katalon.core.keyword.internal.KeywordExecutor.executeKeywordForPlatform(KeywordExecutor.groovy:74)
	at com.kms.katalon.core.mobile.keyword.MobileBuiltInKeywords.verifyElementExist(MobileBuiltInKeywords.groovy:1755)
	at com.kms.katalon.core.mobile.keyword.MobileBuiltInKeywords$verifyElementExist$8.call(Unknown Source)
	at transfer_instantTransferSchedule.run(transfer_instantTransferSchedule:314)
	at com.kms.katalon.core.main.ScriptEngine.run(ScriptEngine.java:194)
	at com.kms.katalon.core.main.ScriptEngine.runScriptAsRawText(ScriptEngine.java:119)
	at com.kms.katalon.core.main.TestCaseExecutor.runScript(TestCaseExecutor.java:445)
	at com.kms.katalon.core.main.TestCaseExecutor.doExecute(TestCaseExecutor.java:436)
	at com.kms.katalon.core.main.TestCaseExecutor.processExecutionPhase(TestCaseExecutor.java:415)
	at com.kms.katalon.core.main.TestCaseExecutor.accessMainPhase(TestCaseExecutor.java:407)
	at com.kms.katalon.core.main.TestCaseExecutor.execute(TestCaseExecutor.java:284)
	at com.kms.katalon.core.common.CommonExecutor.accessTestCaseMainPhase(CommonExecutor.java:65)
	at com.kms.katalon.core.main.TestSuiteExecutor.accessTestSuiteMainPhase(TestSuiteExecutor.java:144)
	at com.kms.katalon.core.main.TestSuiteExecutor.execute(TestSuiteExecutor.java:106)
	at com.kms.katalon.core.main.TestCaseMain.startTestSuite(TestCaseMain.java:185)
	at com.kms.katalon.core.main.TestCaseMain$startTestSuite$0.call(Unknown Source)
	at TempTestSuite1656909041518.run(TempTestSuite1656909041518.groovy:36)]]></system-err>
      </testcase>
      <testcase name="Test Cases/Transfer/transfer_instantTransferSetFav" time="217.122" classname="Test Cases/Transfer/transfer_instantTransferSetFav" status="PASSED">
         <system-out><![CDATA[2022-07-04 12:49:53 - [TEST_CASE][PASSED] - Test Cases/Transfer/transfer_instantTransferSetFav: Test Cases/Transfer/transfer_instantTransferSetFav

2022-07-04 12:49:53 - [TEST_STEP][PASSED] - delay(5): Delayed 5 second(s)

2022-07-04 12:49:58 - [MESSAGE][PASSED] - Delayed 5 second(s)

2022-07-04 12:49:58 - [TEST_STEP][PASSED] - device_Height = getDeviceHeight(): Current device physical height is 2167

2022-07-04 12:49:58 - [MESSAGE][PASSED] - Current device physical height is 2167

2022-07-04 12:49:58 - [TEST_STEP][PASSED] - device_Width = getDeviceWidth(): Current device physical width is 1080

2022-07-04 12:49:58 - [MESSAGE][PASSED] - Current device physical width is 1080

2022-07-04 12:49:58 - [TEST_STEP][PASSED] - startX = device_Width / 3: null

2022-07-04 12:49:58 - [TEST_STEP][PASSED] - startY = device_Height * 0.97: null

2022-07-04 12:49:58 - [TEST_STEP][PASSED] - verifyElementVisible(findTestObject("Banking/m2uAccountTransferIconSelect"), 0): Element 'Object Repository/Banking/m2uAccountTransferIconSelect' is visible

2022-07-04 12:49:58 - [MESSAGE][WARNING] - Timeout '0' is invalid. Using default page load timeout: '40'

2022-07-04 12:49:58 - [MESSAGE][PASSED] - Element 'Object Repository/Banking/m2uAccountTransferIconSelect' is visible

2022-07-04 12:49:58 - [TEST_STEP][PASSED] - tap(findTestObject("Banking/m2uAccountTransferIconSelect"), 0): Tapped on element 'Object Repository/Banking/m2uAccountTransferIconSelect'

2022-07-04 12:49:58 - [MESSAGE][WARNING] - Timeout '0' is invalid. Using default page load timeout: '40'

2022-07-04 12:49:59 - [MESSAGE][PASSED] - Tapped on element 'Object Repository/Banking/m2uAccountTransferIconSelect'

2022-07-04 12:49:59 - [TEST_STEP][PASSED] - delay(5): Delayed 5 second(s)

2022-07-04 12:50:04 - [MESSAGE][PASSED] - Delayed 5 second(s)

2022-07-04 12:50:04 - [TEST_STEP][PASSED] - println("InterBank Test Case Started"): null

2022-07-04 12:50:04 - [TEST_STEP][PASSED] - tap(findTestObject("Banking/transferOthersTopMenuSelect"), 0): Tapped on element 'Object Repository/Banking/transferOthersTopMenuSelect'

2022-07-04 12:50:04 - [MESSAGE][WARNING] - Timeout '0' is invalid. Using default page load timeout: '40'

2022-07-04 12:51:04 - [MESSAGE][PASSED] - Tapped on element 'Object Repository/Banking/transferOthersTopMenuSelect'

2022-07-04 12:51:04 - [TEST_STEP][PASSED] - tap(findTestObject("Banking/transferBanksIconSelect"), 0): Tapped on element 'Object Repository/Banking/transferBanksIconSelect'

2022-07-04 12:51:04 - [MESSAGE][WARNING] - Timeout '0' is invalid. Using default page load timeout: '40'

2022-07-04 12:51:57 - [MESSAGE][PASSED] - Tapped on element 'Object Repository/Banking/transferBanksIconSelect'

2022-07-04 12:51:57 - [TEST_STEP][PASSED] - scrollToText("PUBLIC BANK", STOP_ON_FAILURE): Scrolling to text 'PUBLIC BANK' successfully

2022-07-04 12:52:10 - [MESSAGE][PASSED] - Scrolling to text 'PUBLIC BANK' successfully

2022-07-04 12:52:10 - [TEST_STEP][PASSED] - tap(findTestObject("Banking/transferBankSelection", ["text":"PUBLIC BANK"]), 10): Tapped on element 'Object Repository/Banking/transferBankSelection'

2022-07-04 12:52:11 - [MESSAGE][PASSED] - Tapped on element 'Object Repository/Banking/transferBankSelection'

2022-07-04 12:52:11 - [TEST_STEP][PASSED] - setText(findTestObject("Banking/transferAccountNoInputField"), accountNum, 0): Text '3099117112' has been set to element 'Object Repository/Banking/transferAccountNoInputField'

2022-07-04 12:52:11 - [MESSAGE][WARNING] - Timeout '0' is invalid. Using default page load timeout: '40'

2022-07-04 12:52:13 - [MESSAGE][PASSED] - Text '3099117112' has been set to element 'Object Repository/Banking/transferAccountNoInputField'

2022-07-04 12:52:13 - [TEST_STEP][PASSED] - hideKeyboard(): Keyboard is hidden

2022-07-04 12:52:18 - [MESSAGE][PASSED] - Keyboard is hidden

2022-07-04 12:52:18 - [TEST_STEP][PASSED] - tap(findTestObject("Login Onboarding/loginExistingContinueBtn"), 0): Tapped on element 'Object Repository/Login Onboarding/loginExistingContinueBtn'

2022-07-04 12:52:18 - [MESSAGE][WARNING] - Timeout '0' is invalid. Using default page load timeout: '40'

2022-07-04 12:52:18 - [MESSAGE][PASSED] - Tapped on element 'Object Repository/Login Onboarding/loginExistingContinueBtn'

2022-07-04 12:52:18 - [TEST_STEP][PASSED] - tap(findTestObject("Login Onboarding/PIN4"), 0): Tapped on element 'Object Repository/Login Onboarding/PIN4'

2022-07-04 12:52:18 - [MESSAGE][WARNING] - Timeout '0' is invalid. Using default page load timeout: '40'

2022-07-04 12:52:20 - [MESSAGE][PASSED] - Tapped on element 'Object Repository/Login Onboarding/PIN4'

2022-07-04 12:52:20 - [TEST_STEP][PASSED] - delay(3): Delayed 3 second(s)

2022-07-04 12:52:23 - [MESSAGE][PASSED] - Delayed 3 second(s)

2022-07-04 12:52:23 - [TEST_STEP][PASSED] - tap(findTestObject("Login Onboarding/loginPinTickBtn"), 0): Tapped on element 'Object Repository/Login Onboarding/loginPinTickBtn'

2022-07-04 12:52:23 - [MESSAGE][WARNING] - Timeout '0' is invalid. Using default page load timeout: '40'

2022-07-04 12:52:23 - [MESSAGE][PASSED] - Tapped on element 'Object Repository/Login Onboarding/loginPinTickBtn'

2022-07-04 12:52:23 - [TEST_STEP][PASSED] - setText(findTestObject("Banking/transferReferenceInputField"), "AmountTransfer", 0): Text 'AmountTransfer' has been set to element 'Object Repository/Banking/transferReferenceInputField'

2022-07-04 12:52:23 - [MESSAGE][WARNING] - Timeout '0' is invalid. Using default page load timeout: '40'

2022-07-04 12:52:26 - [MESSAGE][PASSED] - Text 'AmountTransfer' has been set to element 'Object Repository/Banking/transferReferenceInputField'

2022-07-04 12:52:26 - [TEST_STEP][PASSED] - hideKeyboard(): Keyboard is hidden

2022-07-04 12:52:28 - [MESSAGE][PASSED] - Keyboard is hidden

2022-07-04 12:52:28 - [TEST_STEP][PASSED] - tap(findTestObject("Login Onboarding/loginExistingContinueBtn"), 0): Tapped on element 'Object Repository/Login Onboarding/loginExistingContinueBtn'

2022-07-04 12:52:28 - [MESSAGE][WARNING] - Timeout '0' is invalid. Using default page load timeout: '40'

2022-07-04 12:52:28 - [MESSAGE][PASSED] - Tapped on element 'Object Repository/Login Onboarding/loginExistingContinueBtn'

2022-07-04 12:52:28 - [TEST_STEP][PASSED] - delay(5): Delayed 5 second(s)

2022-07-04 12:52:33 - [MESSAGE][PASSED] - Delayed 5 second(s)

2022-07-04 12:52:33 - [TEST_STEP][PASSED] - tap(findTestObject("Banking/transferTypeDropdownSelection"), 0): Tapped on element 'Object Repository/Banking/transferTypeDropdownSelection'

2022-07-04 12:52:33 - [MESSAGE][WARNING] - Timeout '0' is invalid. Using default page load timeout: '40'

2022-07-04 12:52:33 - [MESSAGE][PASSED] - Tapped on element 'Object Repository/Banking/transferTypeDropdownSelection'

2022-07-04 12:52:33 - [TEST_STEP][PASSED] - scrollToText("Fund Transfer", STOP_ON_FAILURE): Scrolling to text 'Fund Transfer' successfully

2022-07-04 12:52:37 - [MESSAGE][PASSED] - Scrolling to text 'Fund Transfer' successfully

2022-07-04 12:52:37 - [TEST_STEP][PASSED] - tap(findTestObject("Banking/tansferTypeFundDropdownSelection"), 0): Tapped on element 'Object Repository/Banking/tansferTypeFundDropdownSelection'

2022-07-04 12:52:37 - [MESSAGE][WARNING] - Timeout '0' is invalid. Using default page load timeout: '40'

2022-07-04 12:52:37 - [MESSAGE][PASSED] - Tapped on element 'Object Repository/Banking/tansferTypeFundDropdownSelection'

2022-07-04 12:52:37 - [TEST_STEP][PASSED] - tap(findTestObject("Banking/transferModeDropdownDoneBtn"), 0): Tapped on element 'Object Repository/Banking/transferModeDropdownDoneBtn'

2022-07-04 12:52:37 - [MESSAGE][WARNING] - Timeout '0' is invalid. Using default page load timeout: '40'

2022-07-04 12:52:37 - [MESSAGE][PASSED] - Tapped on element 'Object Repository/Banking/transferModeDropdownDoneBtn'

2022-07-04 12:52:37 - [TEST_STEP][PASSED] - tap(findTestObject("Login Onboarding/loginExistingContinueBtn"), 0): Tapped on element 'Object Repository/Login Onboarding/loginExistingContinueBtn'

2022-07-04 12:52:37 - [MESSAGE][WARNING] - Timeout '0' is invalid. Using default page load timeout: '40'

2022-07-04 12:52:38 - [MESSAGE][PASSED] - Tapped on element 'Object Repository/Login Onboarding/loginExistingContinueBtn'

2022-07-04 12:52:38 - [TEST_STEP][PASSED] - delay(5): Delayed 5 second(s)

2022-07-04 12:52:43 - [MESSAGE][PASSED] - Delayed 5 second(s)

2022-07-04 12:52:43 - [TEST_STEP][PASSED] - verifyElementVisible(findTestObject("Main/mainTransferNowBtn"), 0): Element 'Object Repository/Main/mainTransferNowBtn' is visible

2022-07-04 12:52:43 - [MESSAGE][WARNING] - Timeout '0' is invalid. Using default page load timeout: '40'

2022-07-04 12:52:44 - [MESSAGE][PASSED] - Element 'Object Repository/Main/mainTransferNowBtn' is visible

2022-07-04 12:52:44 - [TEST_STEP][PASSED] - tap(findTestObject("Main/mainTransferNowBtn"), 0): Tapped on element 'Object Repository/Main/mainTransferNowBtn'

2022-07-04 12:52:44 - [MESSAGE][WARNING] - Timeout '0' is invalid. Using default page load timeout: '40'

2022-07-04 12:52:45 - [MESSAGE][PASSED] - Tapped on element 'Object Repository/Main/mainTransferNowBtn'

2022-07-04 12:52:45 - [TEST_STEP][PASSED] - delay(5): Delayed 5 second(s)

2022-07-04 12:52:50 - [MESSAGE][PASSED] - Delayed 5 second(s)

2022-07-04 12:52:50 - [TEST_STEP][PASSED] - if (verifyElementVisible(findTestObject("Festive Season/seasonalGreetingAngpaoTACNoTxt"), 5, OPTIONAL)): null

2022-07-04 12:52:50 - [MESSAGE][PASSED] - Element 'Object Repository/Festive Season/seasonalGreetingAngpaoTACNoTxt' is visible

2022-07-04 12:52:50 - [TEST_STEP][PASSED] - OTP = getText(findTestObject("Festive Season/seasonalGreetingAngpaoTACNoTxt"), 5): Text of element 'Object Repository/Festive Season/seasonalGreetingAngpaoTACNoTxt' is: 'Your TAC no. is 926248'

2022-07-04 12:52:50 - [MESSAGE][PASSED] - Text of element 'Object Repository/Festive Season/seasonalGreetingAngpaoTACNoTxt' is: 'Your TAC no. is 926248'

2022-07-04 12:52:50 - [TEST_STEP][PASSED] - for ([i = 16, i <= 21, (i++)]): null

2022-07-04 12:52:50 - [TEST_STEP][PASSED] - if (OTP[i] == "0"): null

2022-07-04 12:52:50 - [TEST_STEP][PASSED] - if (OTP[i] == "1"): null

2022-07-04 12:52:50 - [TEST_STEP][PASSED] - if (OTP[i] == "2"): null

2022-07-04 12:52:50 - [TEST_STEP][PASSED] - if (OTP[i] == "3"): null

2022-07-04 12:52:50 - [TEST_STEP][PASSED] - if (OTP[i] == "4"): null

2022-07-04 12:52:50 - [TEST_STEP][PASSED] - if (OTP[i] == "5"): null

2022-07-04 12:52:50 - [TEST_STEP][PASSED] - if (OTP[i] == "6"): null

2022-07-04 12:52:50 - [TEST_STEP][PASSED] - if (OTP[i] == "7"): null

2022-07-04 12:52:50 - [TEST_STEP][PASSED] - if (OTP[i] == "8"): null

2022-07-04 12:52:50 - [TEST_STEP][PASSED] - if (OTP[i] == "9"): Tapped on element 'Object Repository/Login Onboarding/PIN9'

2022-07-04 12:52:50 - [TEST_STEP][PASSED] - tap(findTestObject("Login Onboarding/PIN9"), 0): Tapped on element 'Object Repository/Login Onboarding/PIN9'

2022-07-04 12:52:50 - [MESSAGE][WARNING] - Timeout '0' is invalid. Using default page load timeout: '40'

2022-07-04 12:52:51 - [MESSAGE][PASSED] - Tapped on element 'Object Repository/Login Onboarding/PIN9'

2022-07-04 12:52:51 - [TEST_STEP][PASSED] - if (OTP[i] == "0"): null

2022-07-04 12:52:51 - [TEST_STEP][PASSED] - if (OTP[i] == "1"): null

2022-07-04 12:52:51 - [TEST_STEP][PASSED] - if (OTP[i] == "2"): Tapped on element 'Object Repository/Login Onboarding/PIN2'

2022-07-04 12:52:51 - [TEST_STEP][PASSED] - tap(findTestObject("Login Onboarding/PIN2"), 0): Tapped on element 'Object Repository/Login Onboarding/PIN2'

2022-07-04 12:52:51 - [MESSAGE][WARNING] - Timeout '0' is invalid. Using default page load timeout: '40'

2022-07-04 12:52:54 - [MESSAGE][PASSED] - Tapped on element 'Object Repository/Login Onboarding/PIN2'

2022-07-04 12:52:54 - [TEST_STEP][PASSED] - if (OTP[i] == "3"): null

2022-07-04 12:52:54 - [TEST_STEP][PASSED] - if (OTP[i] == "4"): null

2022-07-04 12:52:54 - [TEST_STEP][PASSED] - if (OTP[i] == "5"): null

2022-07-04 12:52:54 - [TEST_STEP][PASSED] - if (OTP[i] == "6"): null

2022-07-04 12:52:54 - [TEST_STEP][PASSED] - if (OTP[i] == "7"): null

2022-07-04 12:52:54 - [TEST_STEP][PASSED] - if (OTP[i] == "8"): null

2022-07-04 12:52:54 - [TEST_STEP][PASSED] - if (OTP[i] == "9"): null

2022-07-04 12:52:54 - [TEST_STEP][PASSED] - if (OTP[i] == "0"): null

2022-07-04 12:52:54 - [TEST_STEP][PASSED] - if (OTP[i] == "1"): null

2022-07-04 12:52:54 - [TEST_STEP][PASSED] - if (OTP[i] == "2"): null

2022-07-04 12:52:54 - [TEST_STEP][PASSED] - if (OTP[i] == "3"): null

2022-07-04 12:52:54 - [TEST_STEP][PASSED] - if (OTP[i] == "4"): null

2022-07-04 12:52:54 - [TEST_STEP][PASSED] - if (OTP[i] == "5"): null

2022-07-04 12:52:54 - [TEST_STEP][PASSED] - if (OTP[i] == "6"): Tapped on element 'Object Repository/Login Onboarding/PIN6'

2022-07-04 12:52:54 - [TEST_STEP][PASSED] - tap(findTestObject("Login Onboarding/PIN6"), 0): Tapped on element 'Object Repository/Login Onboarding/PIN6'

2022-07-04 12:52:54 - [MESSAGE][WARNING] - Timeout '0' is invalid. Using default page load timeout: '40'

2022-07-04 12:52:56 - [MESSAGE][PASSED] - Tapped on element 'Object Repository/Login Onboarding/PIN6'

2022-07-04 12:52:56 - [TEST_STEP][PASSED] - if (OTP[i] == "7"): null

2022-07-04 12:52:56 - [TEST_STEP][PASSED] - if (OTP[i] == "8"): null

2022-07-04 12:52:56 - [TEST_STEP][PASSED] - if (OTP[i] == "9"): null

2022-07-04 12:52:56 - [TEST_STEP][PASSED] - if (OTP[i] == "0"): null

2022-07-04 12:52:56 - [TEST_STEP][PASSED] - if (OTP[i] == "1"): null

2022-07-04 12:52:56 - [TEST_STEP][PASSED] - if (OTP[i] == "2"): Tapped on element 'Object Repository/Login Onboarding/PIN2'

2022-07-04 12:52:56 - [TEST_STEP][PASSED] - tap(findTestObject("Login Onboarding/PIN2"), 0): Tapped on element 'Object Repository/Login Onboarding/PIN2'

2022-07-04 12:52:56 - [MESSAGE][WARNING] - Timeout '0' is invalid. Using default page load timeout: '40'

2022-07-04 12:52:58 - [MESSAGE][PASSED] - Tapped on element 'Object Repository/Login Onboarding/PIN2'

2022-07-04 12:52:58 - [TEST_STEP][PASSED] - if (OTP[i] == "3"): null

2022-07-04 12:52:58 - [TEST_STEP][PASSED] - if (OTP[i] == "4"): null

2022-07-04 12:52:58 - [TEST_STEP][PASSED] - if (OTP[i] == "5"): null

2022-07-04 12:52:58 - [TEST_STEP][PASSED] - if (OTP[i] == "6"): null

2022-07-04 12:52:58 - [TEST_STEP][PASSED] - if (OTP[i] == "7"): null

2022-07-04 12:52:58 - [TEST_STEP][PASSED] - if (OTP[i] == "8"): null

2022-07-04 12:52:58 - [TEST_STEP][PASSED] - if (OTP[i] == "9"): null

2022-07-04 12:52:58 - [TEST_STEP][PASSED] - if (OTP[i] == "0"): null

2022-07-04 12:52:58 - [TEST_STEP][PASSED] - if (OTP[i] == "1"): null

2022-07-04 12:52:58 - [TEST_STEP][PASSED] - if (OTP[i] == "2"): null

2022-07-04 12:52:58 - [TEST_STEP][PASSED] - if (OTP[i] == "3"): null

2022-07-04 12:52:58 - [TEST_STEP][PASSED] - if (OTP[i] == "4"): Tapped on element 'Object Repository/Login Onboarding/PIN4'

2022-07-04 12:52:58 - [TEST_STEP][PASSED] - tap(findTestObject("Login Onboarding/PIN4"), 0): Tapped on element 'Object Repository/Login Onboarding/PIN4'

2022-07-04 12:52:58 - [MESSAGE][WARNING] - Timeout '0' is invalid. Using default page load timeout: '40'

2022-07-04 12:53:00 - [MESSAGE][PASSED] - Tapped on element 'Object Repository/Login Onboarding/PIN4'

2022-07-04 12:53:00 - [TEST_STEP][PASSED] - if (OTP[i] == "5"): null

2022-07-04 12:53:00 - [TEST_STEP][PASSED] - if (OTP[i] == "6"): null

2022-07-04 12:53:00 - [TEST_STEP][PASSED] - if (OTP[i] == "7"): null

2022-07-04 12:53:00 - [TEST_STEP][PASSED] - if (OTP[i] == "8"): null

2022-07-04 12:53:00 - [TEST_STEP][PASSED] - if (OTP[i] == "9"): null

2022-07-04 12:53:00 - [TEST_STEP][PASSED] - if (OTP[i] == "0"): null

2022-07-04 12:53:00 - [TEST_STEP][PASSED] - if (OTP[i] == "1"): null

2022-07-04 12:53:00 - [TEST_STEP][PASSED] - if (OTP[i] == "2"): null

2022-07-04 12:53:00 - [TEST_STEP][PASSED] - if (OTP[i] == "3"): null

2022-07-04 12:53:00 - [TEST_STEP][PASSED] - if (OTP[i] == "4"): null

2022-07-04 12:53:00 - [TEST_STEP][PASSED] - if (OTP[i] == "5"): null

2022-07-04 12:53:00 - [TEST_STEP][PASSED] - if (OTP[i] == "6"): null

2022-07-04 12:53:00 - [TEST_STEP][PASSED] - if (OTP[i] == "7"): null

2022-07-04 12:53:00 - [TEST_STEP][PASSED] - if (OTP[i] == "8"): Tapped on element 'Object Repository/Login Onboarding/PIN8'

2022-07-04 12:53:00 - [TEST_STEP][PASSED] - tap(findTestObject("Login Onboarding/PIN8"), 0): Tapped on element 'Object Repository/Login Onboarding/PIN8'

2022-07-04 12:53:00 - [MESSAGE][WARNING] - Timeout '0' is invalid. Using default page load timeout: '40'

2022-07-04 12:53:02 - [MESSAGE][PASSED] - Tapped on element 'Object Repository/Login Onboarding/PIN8'

2022-07-04 12:53:02 - [TEST_STEP][PASSED] - if (OTP[i] == "9"): null

2022-07-04 12:53:02 - [TEST_STEP][PASSED] - delay(3): Delayed 3 second(s)

2022-07-04 12:53:05 - [MESSAGE][PASSED] - Delayed 3 second(s)

2022-07-04 12:53:05 - [TEST_STEP][PASSED] - tap(findTestObject("Festive Season/festiveSendGreetingAngpaoTACTickBtn"), 0): Tapped on element 'Object Repository/Festive Season/festiveSendGreetingAngpaoTACTickBtn'

2022-07-04 12:53:05 - [MESSAGE][WARNING] - Timeout '0' is invalid. Using default page load timeout: '40'

2022-07-04 12:53:05 - [MESSAGE][PASSED] - Tapped on element 'Object Repository/Festive Season/festiveSendGreetingAngpaoTACTickBtn'

2022-07-04 12:53:05 - [TEST_STEP][PASSED] - println("Interbank Test Case Completed"): null

2022-07-04 12:53:05 - [TEST_STEP][PASSED] - delay(5): Delayed 5 second(s)

2022-07-04 12:53:10 - [MESSAGE][PASSED] - Delayed 5 second(s)

2022-07-04 12:53:10 - [TEST_STEP][PASSED] - referenceID = getText(findTestObject("Send Request Money/requestMoneyPaySummaryRefIDTxt"), 0): Text of element 'Object Repository/Send Request Money/requestMoneyPaySummaryRefIDTxt' is: '181631918M'

2022-07-04 12:53:11 - [MESSAGE][WARNING] - Timeout '0' is invalid. Using default page load timeout: '40'

2022-07-04 12:53:11 - [MESSAGE][PASSED] - Text of element 'Object Repository/Send Request Money/requestMoneyPaySummaryRefIDTxt' is: '181631918M'

2022-07-04 12:53:11 - [TEST_STEP][PASSED] - println(referenceID): null

2022-07-04 12:53:11 - [TEST_STEP][PASSED] - test = dataFolder: null

2022-07-04 12:53:11 - [TEST_STEP][PASSED] - sheetName = "Sheet1": null

2022-07-04 12:53:11 - [TEST_STEP][PASSED] - file1 = new java.io.File(test): null

2022-07-04 12:53:11 - [TEST_STEP][PASSED] - assert file1.exists() == true: null

2022-07-04 12:53:11 - [TEST_STEP][PASSED] - woorkbook1 = getWorkbook(test): null

2022-07-04 12:53:11 - [TEST_STEP][PASSED] - sheet1 = getExcelSheet(woorkbook1, sheetName): null

2022-07-04 12:53:11 - [TEST_STEP][PASSED] - setValueToCellByIndex(sheet1, 2, 1, referenceID): null

2022-07-04 12:53:11 - [TEST_STEP][PASSED] - saveWorkbook(test, woorkbook1): null

2022-07-04 12:53:11 - [TEST_STEP][PASSED] - delay(3): Delayed 3 second(s)

2022-07-04 12:53:14 - [MESSAGE][PASSED] - Delayed 3 second(s)

2022-07-04 12:53:14 - [TEST_STEP][PASSED] - tap(findTestObject("Main/mainAddToFavBtn"), 0): Tapped on element 'Object Repository/Main/mainAddToFavBtn'

2022-07-04 12:53:14 - [MESSAGE][WARNING] - Timeout '0' is invalid. Using default page load timeout: '40'

2022-07-04 12:53:14 - [MESSAGE][PASSED] - Tapped on element 'Object Repository/Main/mainAddToFavBtn'

2022-07-04 12:53:14 - [TEST_STEP][PASSED] - delay(2): Delayed 2 second(s)

2022-07-04 12:53:16 - [MESSAGE][PASSED] - Delayed 2 second(s)

2022-07-04 12:53:16 - [TEST_STEP][PASSED] - tap(findTestObject("Main/mainAddToFavBtn"), 0): Tapped on element 'Object Repository/Main/mainAddToFavBtn'

2022-07-04 12:53:16 - [MESSAGE][WARNING] - Timeout '0' is invalid. Using default page load timeout: '40'

2022-07-04 12:53:17 - [MESSAGE][PASSED] - Tapped on element 'Object Repository/Main/mainAddToFavBtn'

2022-07-04 12:53:17 - [TEST_STEP][PASSED] - delay(2): Delayed 2 second(s)

2022-07-04 12:53:19 - [MESSAGE][PASSED] - Delayed 2 second(s)

2022-07-04 12:53:19 - [TEST_STEP][PASSED] - tap(findTestObject("Main/mainCloseFavPopUpBtn"), 0): Tapped on element 'Object Repository/Main/mainCloseFavPopUpBtn'

2022-07-04 12:53:19 - [MESSAGE][WARNING] - Timeout '0' is invalid. Using default page load timeout: '40'

2022-07-04 12:53:20 - [MESSAGE][PASSED] - Tapped on element 'Object Repository/Main/mainCloseFavPopUpBtn'

2022-07-04 12:53:20 - [TEST_STEP][PASSED] - delay(3): Delayed 3 second(s)

2022-07-04 12:53:23 - [MESSAGE][PASSED] - Delayed 3 second(s)

2022-07-04 12:53:23 - [TEST_STEP][PASSED] - takeScreenshot("/Users/a00139272/Desktop/Screenshot/instantSetFav.png"): Screenshot is taken

2022-07-04 12:53:24 - [MESSAGE][PASSED] - Screenshot is taken
[[ATTACHMENT|/Users/a00139272/Desktop/Screenshot/instantSetFav.png]]

2022-07-04 12:53:24 - [TEST_STEP][PASSED] - verifyElementVisible(findTestObject("Main/mainDoneBtn"), 3): Element 'Object Repository/Main/mainDoneBtn' is visible

2022-07-04 12:53:24 - [MESSAGE][PASSED] - Element 'Object Repository/Main/mainDoneBtn' is visible

2022-07-04 12:53:24 - [TEST_STEP][PASSED] - tap(findTestObject("Main/mainDoneBtn"), 0): Tapped on element 'Object Repository/Main/mainDoneBtn'

2022-07-04 12:53:24 - [MESSAGE][WARNING] - Timeout '0' is invalid. Using default page load timeout: '40'

2022-07-04 12:53:25 - [MESSAGE][PASSED] - Tapped on element 'Object Repository/Main/mainDoneBtn'

2022-07-04 12:53:25 - [TEST_STEP][PASSED] - delay(5): Delayed 5 second(s)

2022-07-04 12:53:30 - [MESSAGE][PASSED] - Delayed 5 second(s)]]></system-out>
         <system-err><![CDATA[]]></system-err>
      </testcase>
      <testcase name="Test Cases/Transfer/transfer_instantIBFTFav" time="358.522" classname="Test Cases/Transfer/transfer_instantIBFTFav" status="FAILED">
         <failure type="FAILED" message="Test Cases/Transfer/transfer_instantIBFTFav FAILED.
Reason:
com.kms.katalon.core.exception.StepFailedException: Element 'Object Repository/Transfer/transferFavListAccNameTxt' not found
	at com.kms.katalon.core.keyword.internal.KeywordMain.stepFailed(KeywordMain.groovy:39)
	at com.kms.katalon.core.mobile.keyword.internal.MobileKeywordMain.stepFailed(MobileKeywordMain.groovy:40)
	at com.kms.katalon.core.mobile.keyword.builtin.VerifyElementTextKeyword$_verifyElementText_closure1.doCall(VerifyElementTextKeyword.groovy:49)
	at com.kms.katalon.core.mobile.keyword.builtin.VerifyElementTextKeyword$_verifyElementText_closure1.call(VerifyElementTextKeyword.groovy)
	at com.kms.katalon.core.mobile.keyword.internal.MobileKeywordMain.runKeyword(MobileKeywordMain.groovy:21)
	at com.kms.katalon.core.mobile.keyword.builtin.VerifyElementTextKeyword.verifyElementText(VerifyElementTextKeyword.groovy:62)
	at com.kms.katalon.core.mobile.keyword.builtin.VerifyElementTextKeyword.execute(VerifyElementTextKeyword.groovy:39)
	at com.kms.katalon.core.keyword.internal.KeywordExecutor.executeKeywordForPlatform(KeywordExecutor.groovy:74)
	at com.kms.katalon.core.mobile.keyword.MobileBuiltInKeywords.verifyElementText(MobileBuiltInKeywords.groovy:2901)
	at com.kms.katalon.core.mobile.keyword.MobileBuiltInKeywords$verifyElementText$10.call(Unknown Source)
	at transfer_instantIBFTFav.run(transfer_instantIBFTFav:90)
	at com.kms.katalon.core.main.ScriptEngine.run(ScriptEngine.java:194)
	at com.kms.katalon.core.main.ScriptEngine.runScriptAsRawText(ScriptEngine.java:119)
	at com.kms.katalon.core.main.TestCaseExecutor.runScript(TestCaseExecutor.java:445)
	at com.kms.katalon.core.main.TestCaseExecutor.doExecute(TestCaseExecutor.java:436)
	at com.kms.katalon.core.main.TestCaseExecutor.processExecutionPhase(TestCaseExecutor.java:415)
	at com.kms.katalon.core.main.TestCaseExecutor.accessMainPhase(TestCaseExecutor.java:407)
	at com.kms.katalon.core.main.TestCaseExecutor.execute(TestCaseExecutor.java:284)
	at com.kms.katalon.core.common.CommonExecutor.accessTestCaseMainPhase(CommonExecutor.java:65)
	at com.kms.katalon.core.main.TestSuiteExecutor.accessTestSuiteMainPhase(TestSuiteExecutor.java:144)
	at com.kms.katalon.core.main.TestSuiteExecutor.execute(TestSuiteExecutor.java:106)
	at com.kms.katalon.core.main.TestCaseMain.startTestSuite(TestCaseMain.java:185)
	at com.kms.katalon.core.main.TestCaseMain$startTestSuite$0.call(Unknown Source)
	at TempTestSuite1656909041518.run(TempTestSuite1656909041518.groovy:36)
"/>
         <system-out><![CDATA[2022-07-04 12:53:30 - [TEST_CASE][FAILED] - Test Cases/Transfer/transfer_instantIBFTFav: Test Cases/Transfer/transfer_instantIBFTFav FAILED.
Reason:
com.kms.katalon.core.exception.StepFailedException: Element 'Object Repository/Transfer/transferFavListAccNameTxt' not found
	at com.kms.katalon.core.keyword.internal.KeywordMain.stepFailed(KeywordMain.groovy:39)
	at com.kms.katalon.core.mobile.keyword.internal.MobileKeywordMain.stepFailed(MobileKeywordMain.groovy:40)
	at com.kms.katalon.core.mobile.keyword.builtin.VerifyElementTextKeyword$_verifyElementText_closure1.doCall(VerifyElementTextKeyword.groovy:49)
	at com.kms.katalon.core.mobile.keyword.builtin.VerifyElementTextKeyword$_verifyElementText_closure1.call(VerifyElementTextKeyword.groovy)
	at com.kms.katalon.core.mobile.keyword.internal.MobileKeywordMain.runKeyword(MobileKeywordMain.groovy:21)
	at com.kms.katalon.core.mobile.keyword.builtin.VerifyElementTextKeyword.verifyElementText(VerifyElementTextKeyword.groovy:62)
	at com.kms.katalon.core.mobile.keyword.builtin.VerifyElementTextKeyword.execute(VerifyElementTextKeyword.groovy:39)
	at com.kms.katalon.core.keyword.internal.KeywordExecutor.executeKeywordForPlatform(KeywordExecutor.groovy:74)
	at com.kms.katalon.core.mobile.keyword.MobileBuiltInKeywords.verifyElementText(MobileBuiltInKeywords.groovy:2901)
	at com.kms.katalon.core.mobile.keyword.MobileBuiltInKeywords$verifyElementText$10.call(Unknown Source)
	at transfer_instantIBFTFav.run(transfer_instantIBFTFav:90)
	at com.kms.katalon.core.main.ScriptEngine.run(ScriptEngine.java:194)
	at com.kms.katalon.core.main.ScriptEngine.runScriptAsRawText(ScriptEngine.java:119)
	at com.kms.katalon.core.main.TestCaseExecutor.runScript(TestCaseExecutor.java:445)
	at com.kms.katalon.core.main.TestCaseExecutor.doExecute(TestCaseExecutor.java:436)
	at com.kms.katalon.core.main.TestCaseExecutor.processExecutionPhase(TestCaseExecutor.java:415)
	at com.kms.katalon.core.main.TestCaseExecutor.accessMainPhase(TestCaseExecutor.java:407)
	at com.kms.katalon.core.main.TestCaseExecutor.execute(TestCaseExecutor.java:284)
	at com.kms.katalon.core.common.CommonExecutor.accessTestCaseMainPhase(CommonExecutor.java:65)
	at com.kms.katalon.core.main.TestSuiteExecutor.accessTestSuiteMainPhase(TestSuiteExecutor.java:144)
	at com.kms.katalon.core.main.TestSuiteExecutor.execute(TestSuiteExecutor.java:106)
	at com.kms.katalon.core.main.TestCaseMain.startTestSuite(TestCaseMain.java:185)
	at com.kms.katalon.core.main.TestCaseMain$startTestSuite$0.call(Unknown Source)
	at TempTestSuite1656909041518.run(TempTestSuite1656909041518.groovy:36)


2022-07-04 12:53:30 - [TEST_STEP][PASSED] - device_Height = getDeviceHeight(): Current device physical height is 2167

2022-07-04 12:53:30 - [MESSAGE][PASSED] - Current device physical height is 2167

2022-07-04 12:53:30 - [TEST_STEP][PASSED] - device_Width = getDeviceWidth(): Current device physical width is 1080

2022-07-04 12:53:30 - [MESSAGE][PASSED] - Current device physical width is 1080

2022-07-04 12:53:30 - [TEST_STEP][PASSED] - startX = device_Width / 3: null

2022-07-04 12:53:30 - [TEST_STEP][PASSED] - startY = device_Height * 0.97: null

2022-07-04 12:53:30 - [TEST_STEP][PASSED] - delay(5): Delayed 5 second(s)

2022-07-04 12:53:35 - [MESSAGE][PASSED] - Delayed 5 second(s)

2022-07-04 12:53:35 - [TEST_STEP][PASSED] - verifyElementVisible(findTestObject("Banking/m2uAccountTransferIconSelect"), 0): Element 'Object Repository/Banking/m2uAccountTransferIconSelect' is visible

2022-07-04 12:53:35 - [MESSAGE][WARNING] - Timeout '0' is invalid. Using default page load timeout: '40'

2022-07-04 12:53:36 - [MESSAGE][PASSED] - Element 'Object Repository/Banking/m2uAccountTransferIconSelect' is visible

2022-07-04 12:53:36 - [TEST_STEP][PASSED] - tap(findTestObject("Banking/m2uAccountTransferIconSelect"), 0): Tapped on element 'Object Repository/Banking/m2uAccountTransferIconSelect'

2022-07-04 12:53:36 - [MESSAGE][WARNING] - Timeout '0' is invalid. Using default page load timeout: '40'

2022-07-04 12:53:36 - [MESSAGE][PASSED] - Tapped on element 'Object Repository/Banking/m2uAccountTransferIconSelect'

2022-07-04 12:53:36 - [TEST_STEP][PASSED] - tap(findTestObject("Banking/transferOthersTopMenuSelect"), 0): Tapped on element 'Object Repository/Banking/transferOthersTopMenuSelect'

2022-07-04 12:53:36 - [MESSAGE][WARNING] - Timeout '0' is invalid. Using default page load timeout: '40'

2022-07-04 12:54:37 - [MESSAGE][PASSED] - Tapped on element 'Object Repository/Banking/transferOthersTopMenuSelect'

2022-07-04 12:54:37 - [TEST_STEP][PASSED] - delay(3): Delayed 3 second(s)

2022-07-04 12:54:40 - [MESSAGE][PASSED] - Delayed 3 second(s)

2022-07-04 12:54:40 - [TEST_STEP][FAILED] - verifyElementText(findTestObject("Transfer/transferFavListAccNameTxt", ["accName":accName]), accName): Element 'Object Repository/Transfer/transferFavListAccNameTxt' not found

2022-07-04 12:55:24 - [MESSAGE][FAILED] - Element 'Object Repository/Transfer/transferFavListAccNameTxt' not found

2022-07-04 12:55:24 - [TEST_STEP][FAILED] - verifyElementText(findTestObject("Transfer/transferFavListAccNoTxt", ["accNo":accNo]), accNo): Element 'Object Repository/Transfer/transferFavListAccNoTxt' not found

2022-07-04 12:56:07 - [MESSAGE][FAILED] - Element 'Object Repository/Transfer/transferFavListAccNoTxt' not found

2022-07-04 12:56:07 - [TEST_STEP][PASSED] - verifyElementText(findTestObject("Transfer/transferFavListAccBankTxt", ["accBank":accBank]), accBank): Actual text and expected text of test object 'Object Repository/Transfer/transferFavListAccBankTxt' are matched.

2022-07-04 12:56:58 - [MESSAGE][PASSED] - Actual text and expected text of test object 'Object Repository/Transfer/transferFavListAccBankTxt' are matched.

2022-07-04 12:56:58 - [TEST_STEP][PASSED] - tap(findTestObject("Transfer/transferFavListAccNameTxt", ["accName":accName]), 0): Tapped on element 'Object Repository/Transfer/transferFavListAccNameTxt'

2022-07-04 12:56:59 - [MESSAGE][WARNING] - Timeout '0' is invalid. Using default page load timeout: '40'

2022-07-04 12:57:50 - [MESSAGE][PASSED] - Tapped on element 'Object Repository/Transfer/transferFavListAccNameTxt'

2022-07-04 12:57:50 - [TEST_STEP][PASSED] - delay(3): Delayed 3 second(s)

2022-07-04 12:57:53 - [MESSAGE][PASSED] - Delayed 3 second(s)

2022-07-04 12:57:53 - [TEST_STEP][PASSED] - verifyElementText(findTestObject("Transfer/transferAmounttAccNameTxt", ["accName":accName]), accName): Actual text and expected text of test object 'Object Repository/Transfer/transferAmounttAccNameTxt' are matched.

2022-07-04 12:57:54 - [MESSAGE][PASSED] - Actual text and expected text of test object 'Object Repository/Transfer/transferAmounttAccNameTxt' are matched.

2022-07-04 12:57:54 - [TEST_STEP][PASSED] - verifyElementText(findTestObject("Transfer/transferAmounttAccNoTxt", ["accNo":accNo]), accNo): Actual text and expected text of test object 'Object Repository/Transfer/transferAmounttAccNoTxt' are matched.

2022-07-04 12:57:54 - [MESSAGE][PASSED] - Actual text and expected text of test object 'Object Repository/Transfer/transferAmounttAccNoTxt' are matched.

2022-07-04 12:57:54 - [TEST_STEP][PASSED] - verifyElementText(findTestObject("Transfer/transferAmounttAccBankTxt", ["accBank":accBank]), accBank): Actual text and expected text of test object 'Object Repository/Transfer/transferAmounttAccBankTxt' are matched.

2022-07-04 12:57:54 - [MESSAGE][PASSED] - Actual text and expected text of test object 'Object Repository/Transfer/transferAmounttAccBankTxt' are matched.

2022-07-04 12:57:54 - [TEST_STEP][PASSED] - verifyElementExist(findTestObject("Transfer/transferAmountRMTxt"), 0): Element 'Object Repository/Transfer/transferAmountRMTxt' is exist

2022-07-04 12:57:54 - [MESSAGE][WARNING] - Timeout '0' is invalid. Using default page load timeout: '40'

2022-07-04 12:57:54 - [MESSAGE][PASSED] - Element 'Object Repository/Transfer/transferAmountRMTxt' is exist

2022-07-04 12:57:54 - [TEST_STEP][PASSED] - verifyElementExist(findTestObject("Transfer/transferAmountEnterAmountTitleTxt"), 0): Element 'Object Repository/Transfer/transferAmountEnterAmountTitleTxt' is exist

2022-07-04 12:57:54 - [MESSAGE][WARNING] - Timeout '0' is invalid. Using default page load timeout: '40'

2022-07-04 12:57:55 - [MESSAGE][PASSED] - Element 'Object Repository/Transfer/transferAmountEnterAmountTitleTxt' is exist

2022-07-04 12:57:55 - [TEST_STEP][PASSED] - trxAmount = value: null

2022-07-04 12:57:55 - [TEST_STEP][PASSED] - length = trxAmount.length(): null

2022-07-04 12:57:55 - [TEST_STEP][PASSED] - delay(5): Delayed 5 second(s)

2022-07-04 12:58:00 - [MESSAGE][PASSED] - Delayed 5 second(s)

2022-07-04 12:58:00 - [TEST_STEP][PASSED] - tapAtPosition(startX, startY): Tapped at [360, 2,101]

2022-07-04 12:58:00 - [MESSAGE][PASSED] - Tapped at [360, 2,101]

2022-07-04 12:58:00 - [TEST_STEP][PASSED] - for ([i = 0, i < length, (i++)]): null

2022-07-04 12:58:00 - [TEST_STEP][PASSED] - if (trxAmount[i] == "0"): null

2022-07-04 12:58:00 - [TEST_STEP][PASSED] - if (trxAmount[i] == "1"): null

2022-07-04 12:58:00 - [TEST_STEP][PASSED] - if (trxAmount[i] == "2"): null

2022-07-04 12:58:00 - [TEST_STEP][PASSED] - if (trxAmount[i] == "3"): Tapped on element 'Object Repository/Login Onboarding/PIN3'

2022-07-04 12:58:00 - [TEST_STEP][PASSED] - tap(findTestObject("Login Onboarding/PIN3"), 0): Tapped on element 'Object Repository/Login Onboarding/PIN3'

2022-07-04 12:58:00 - [MESSAGE][WARNING] - Timeout '0' is invalid. Using default page load timeout: '40'

2022-07-04 12:58:01 - [MESSAGE][PASSED] - Tapped on element 'Object Repository/Login Onboarding/PIN3'

2022-07-04 12:58:01 - [TEST_STEP][PASSED] - if (trxAmount[i] == "4"): null

2022-07-04 12:58:01 - [TEST_STEP][PASSED] - if (trxAmount[i] == "5"): null

2022-07-04 12:58:01 - [TEST_STEP][PASSED] - if (trxAmount[i] == "6"): null

2022-07-04 12:58:01 - [TEST_STEP][PASSED] - if (trxAmount[i] == "7"): null

2022-07-04 12:58:01 - [TEST_STEP][PASSED] - if (trxAmount[i] == "8"): null

2022-07-04 12:58:01 - [TEST_STEP][PASSED] - if (trxAmount[i] == "9"): null

2022-07-04 12:58:01 - [TEST_STEP][PASSED] - if (trxAmount[i] == "0"): Tapped on element 'Object Repository/Login Onboarding/PIN0'

2022-07-04 12:58:01 - [TEST_STEP][PASSED] - tap(findTestObject("Login Onboarding/PIN0"), 0): Tapped on element 'Object Repository/Login Onboarding/PIN0'

2022-07-04 12:58:01 - [MESSAGE][WARNING] - Timeout '0' is invalid. Using default page load timeout: '40'

2022-07-04 12:58:02 - [MESSAGE][PASSED] - Tapped on element 'Object Repository/Login Onboarding/PIN0'

2022-07-04 12:58:02 - [TEST_STEP][PASSED] - if (trxAmount[i] == "1"): null

2022-07-04 12:58:02 - [TEST_STEP][PASSED] - if (trxAmount[i] == "2"): null

2022-07-04 12:58:02 - [TEST_STEP][PASSED] - if (trxAmount[i] == "3"): null

2022-07-04 12:58:02 - [TEST_STEP][PASSED] - if (trxAmount[i] == "4"): null

2022-07-04 12:58:02 - [TEST_STEP][PASSED] - if (trxAmount[i] == "5"): null

2022-07-04 12:58:02 - [TEST_STEP][PASSED] - if (trxAmount[i] == "6"): null

2022-07-04 12:58:02 - [TEST_STEP][PASSED] - if (trxAmount[i] == "7"): null

2022-07-04 12:58:02 - [TEST_STEP][PASSED] - if (trxAmount[i] == "8"): null

2022-07-04 12:58:02 - [TEST_STEP][PASSED] - if (trxAmount[i] == "9"): null

2022-07-04 12:58:02 - [TEST_STEP][PASSED] - if (trxAmount[i] == "0"): Tapped on element 'Object Repository/Login Onboarding/PIN0'

2022-07-04 12:58:02 - [TEST_STEP][PASSED] - tap(findTestObject("Login Onboarding/PIN0"), 0): Tapped on element 'Object Repository/Login Onboarding/PIN0'

2022-07-04 12:58:02 - [MESSAGE][WARNING] - Timeout '0' is invalid. Using default page load timeout: '40'

2022-07-04 12:58:03 - [MESSAGE][PASSED] - Tapped on element 'Object Repository/Login Onboarding/PIN0'

2022-07-04 12:58:03 - [TEST_STEP][PASSED] - if (trxAmount[i] == "1"): null

2022-07-04 12:58:03 - [TEST_STEP][PASSED] - if (trxAmount[i] == "2"): null

2022-07-04 12:58:03 - [TEST_STEP][PASSED] - if (trxAmount[i] == "3"): null

2022-07-04 12:58:03 - [TEST_STEP][PASSED] - if (trxAmount[i] == "4"): null

2022-07-04 12:58:03 - [TEST_STEP][PASSED] - if (trxAmount[i] == "5"): null

2022-07-04 12:58:03 - [TEST_STEP][PASSED] - if (trxAmount[i] == "6"): null

2022-07-04 12:58:03 - [TEST_STEP][PASSED] - if (trxAmount[i] == "7"): null

2022-07-04 12:58:03 - [TEST_STEP][PASSED] - if (trxAmount[i] == "8"): null

2022-07-04 12:58:03 - [TEST_STEP][PASSED] - if (trxAmount[i] == "9"): null

2022-07-04 12:58:03 - [TEST_STEP][PASSED] - delay(3): Delayed 3 second(s)

2022-07-04 12:58:06 - [MESSAGE][PASSED] - Delayed 3 second(s)

2022-07-04 12:58:06 - [TEST_STEP][PASSED] - verifyElementText(findTestObject("Transfer/transferAmountInputValueTxt", ["value":checkValue]), checkValue): Actual text and expected text of test object 'Object Repository/Transfer/transferAmountInputValueTxt' are matched.

2022-07-04 12:58:06 - [MESSAGE][PASSED] - Actual text and expected text of test object 'Object Repository/Transfer/transferAmountInputValueTxt' are matched.

2022-07-04 12:58:06 - [TEST_STEP][PASSED] - delay(3): Delayed 3 second(s)

2022-07-04 12:58:09 - [MESSAGE][PASSED] - Delayed 3 second(s)

2022-07-04 12:58:09 - [TEST_STEP][PASSED] - tap(findTestObject("Login Onboarding/loginPinTickBtn"), 0): Tapped on element 'Object Repository/Login Onboarding/loginPinTickBtn'

2022-07-04 12:58:09 - [MESSAGE][WARNING] - Timeout '0' is invalid. Using default page load timeout: '40'

2022-07-04 12:58:09 - [MESSAGE][PASSED] - Tapped on element 'Object Repository/Login Onboarding/loginPinTickBtn'

2022-07-04 12:58:09 - [TEST_STEP][PASSED] - delay(3): Delayed 3 second(s)

2022-07-04 12:58:12 - [MESSAGE][PASSED] - Delayed 3 second(s)

2022-07-04 12:58:12 - [TEST_STEP][PASSED] - verifyElementText(findTestObject("Transfer/transferReferenceAccNameTxt", ["accName":accName]), accName): Actual text and expected text of test object 'Object Repository/Transfer/transferReferenceAccNameTxt' are matched.

2022-07-04 12:58:13 - [MESSAGE][PASSED] - Actual text and expected text of test object 'Object Repository/Transfer/transferReferenceAccNameTxt' are matched.

2022-07-04 12:58:13 - [TEST_STEP][PASSED] - verifyElementText(findTestObject("Transfer/transferReferenceAccNoTxt", ["accNo":accNo]), accNo): Actual text and expected text of test object 'Object Repository/Transfer/transferReferenceAccNoTxt' are matched.

2022-07-04 12:58:13 - [MESSAGE][PASSED] - Actual text and expected text of test object 'Object Repository/Transfer/transferReferenceAccNoTxt' are matched.

2022-07-04 12:58:13 - [TEST_STEP][PASSED] - verifyElementText(findTestObject("Transfer/transferReferenceAccBankTxt", ["accBank":accBank]), accBank): Actual text and expected text of test object 'Object Repository/Transfer/transferReferenceAccBankTxt' are matched.

2022-07-04 12:58:13 - [MESSAGE][PASSED] - Actual text and expected text of test object 'Object Repository/Transfer/transferReferenceAccBankTxt' are matched.

2022-07-04 12:58:13 - [TEST_STEP][PASSED] - verifyElementExist(findTestObject("Transfer/transferReferenceInputField"), 0): Element 'Object Repository/Transfer/transferReferenceInputField' is exist

2022-07-04 12:58:13 - [MESSAGE][WARNING] - Timeout '0' is invalid. Using default page load timeout: '40'

2022-07-04 12:58:13 - [MESSAGE][PASSED] - Element 'Object Repository/Transfer/transferReferenceInputField' is exist

2022-07-04 12:58:13 - [TEST_STEP][PASSED] - setText(findTestObject("Banking/transferReferenceInputField"), reference, 0): Text 'IBFTInstantFav' has been set to element 'Object Repository/Banking/transferReferenceInputField'

2022-07-04 12:58:13 - [MESSAGE][WARNING] - Timeout '0' is invalid. Using default page load timeout: '40'

2022-07-04 12:58:14 - [MESSAGE][PASSED] - Text 'IBFTInstantFav' has been set to element 'Object Repository/Banking/transferReferenceInputField'

2022-07-04 12:58:14 - [TEST_STEP][PASSED] - hideKeyboard(): Keyboard is hidden

2022-07-04 12:58:16 - [MESSAGE][PASSED] - Keyboard is hidden

2022-07-04 12:58:16 - [TEST_STEP][PASSED] - verifyElementText(findTestObject("Transfer/transferReferenceInputFieldAfter", ["reference":reference]), reference): Actual text and expected text of test object 'Object Repository/Transfer/transferReferenceInputFieldAfter' are matched.

2022-07-04 12:58:17 - [MESSAGE][PASSED] - Actual text and expected text of test object 'Object Repository/Transfer/transferReferenceInputFieldAfter' are matched.

2022-07-04 12:58:17 - [TEST_STEP][PASSED] - tap(findTestObject("Login Onboarding/loginExistingContinueBtn"), 0): Tapped on element 'Object Repository/Login Onboarding/loginExistingContinueBtn'

2022-07-04 12:58:17 - [MESSAGE][WARNING] - Timeout '0' is invalid. Using default page load timeout: '40'

2022-07-04 12:58:17 - [MESSAGE][PASSED] - Tapped on element 'Object Repository/Login Onboarding/loginExistingContinueBtn'

2022-07-04 12:58:17 - [TEST_STEP][PASSED] - verifyElementText(findTestObject("Transfer/transferReferenceAccNameTxt", ["accName":accName]), accName): Actual text and expected text of test object 'Object Repository/Transfer/transferReferenceAccNameTxt' are matched.

2022-07-04 12:58:17 - [MESSAGE][PASSED] - Actual text and expected text of test object 'Object Repository/Transfer/transferReferenceAccNameTxt' are matched.

2022-07-04 12:58:17 - [TEST_STEP][PASSED] - verifyElementText(findTestObject("Transfer/transferReferenceAccNoTxt", ["accNo":accNo]), accNo): Actual text and expected text of test object 'Object Repository/Transfer/transferReferenceAccNoTxt' are matched.

2022-07-04 12:58:17 - [MESSAGE][PASSED] - Actual text and expected text of test object 'Object Repository/Transfer/transferReferenceAccNoTxt' are matched.

2022-07-04 12:58:17 - [TEST_STEP][PASSED] - verifyElementText(findTestObject("Transfer/transferReferenceAccBankTxt", ["accBank":accBank]), accBank): Actual text and expected text of test object 'Object Repository/Transfer/transferReferenceAccBankTxt' are matched.

2022-07-04 12:58:17 - [MESSAGE][PASSED] - Actual text and expected text of test object 'Object Repository/Transfer/transferReferenceAccBankTxt' are matched.

2022-07-04 12:58:17 - [TEST_STEP][PASSED] - verifyElementExist(findTestObject("Transfer/instantTransferModeDuitTxt", ["mode":initialMode]), 0): Element 'Object Repository/Transfer/instantTransferModeDuitTxt' is exist

2022-07-04 12:58:17 - [MESSAGE][WARNING] - Timeout '0' is invalid. Using default page load timeout: '40'

2022-07-04 12:58:21 - [MESSAGE][PASSED] - Element 'Object Repository/Transfer/instantTransferModeDuitTxt' is exist

2022-07-04 12:58:21 - [TEST_STEP][PASSED] - verifyElementExist(findTestObject("Transfer/instantTransferModeTitleTxt"), 0): Element 'Object Repository/Transfer/instantTransferModeTitleTxt' is exist

2022-07-04 12:58:21 - [MESSAGE][WARNING] - Timeout '0' is invalid. Using default page load timeout: '40'

2022-07-04 12:58:21 - [MESSAGE][PASSED] - Element 'Object Repository/Transfer/instantTransferModeTitleTxt' is exist

2022-07-04 12:58:21 - [TEST_STEP][PASSED] - verifyElementExist(findTestObject("Transfer/instantTransferTypeFundTxt"), 0): Element 'Object Repository/Transfer/instantTransferTypeFundTxt' is exist

2022-07-04 12:58:21 - [MESSAGE][WARNING] - Timeout '0' is invalid. Using default page load timeout: '40'

2022-07-04 12:58:21 - [MESSAGE][PASSED] - Element 'Object Repository/Transfer/instantTransferTypeFundTxt' is exist

2022-07-04 12:58:21 - [TEST_STEP][PASSED] - verifyElementExist(findTestObject("Transfer/instantTransferTypeTitleTxt"), 0): Element 'Object Repository/Transfer/instantTransferTypeTitleTxt' is exist

2022-07-04 12:58:21 - [MESSAGE][WARNING] - Timeout '0' is invalid. Using default page load timeout: '40'

2022-07-04 12:58:21 - [MESSAGE][PASSED] - Element 'Object Repository/Transfer/instantTransferTypeTitleTxt' is exist

2022-07-04 12:58:21 - [TEST_STEP][PASSED] - tap(findTestObject("Login Onboarding/loginExistingContinueBtn"), 0): Tapped on element 'Object Repository/Login Onboarding/loginExistingContinueBtn'

2022-07-04 12:58:21 - [MESSAGE][WARNING] - Timeout '0' is invalid. Using default page load timeout: '40'

2022-07-04 12:58:21 - [MESSAGE][PASSED] - Tapped on element 'Object Repository/Login Onboarding/loginExistingContinueBtn'

2022-07-04 12:58:21 - [TEST_STEP][PASSED] - verifyElementText(findTestObject("Transfer/transferConfirmationTransactionDateTxt"), trxDate): Actual text and expected text of test object 'Object Repository/Transfer/transferConfirmationTransactionDateTxt' are matched.

2022-07-04 12:58:26 - [MESSAGE][PASSED] - Actual text and expected text of test object 'Object Repository/Transfer/transferConfirmationTransactionDateTxt' are matched.

2022-07-04 12:58:26 - [TEST_STEP][PASSED] - verifyElementText(findTestObject("Transfer/transferConfirmationAccountNameTxt", ["accName":accName]), accName): Actual text and expected text of test object 'Object Repository/Transfer/transferConfirmationAccountNameTxt' are matched.

2022-07-04 12:58:27 - [MESSAGE][PASSED] - Actual text and expected text of test object 'Object Repository/Transfer/transferConfirmationAccountNameTxt' are matched.

2022-07-04 12:58:27 - [TEST_STEP][PASSED] - verifyElementText(findTestObject("Transfer/transferConfirmationAccountNoTxt", ["accNo":accNo]), accNo): Actual text and expected text of test object 'Object Repository/Transfer/transferConfirmationAccountNoTxt' are matched.

2022-07-04 12:58:28 - [MESSAGE][PASSED] - Actual text and expected text of test object 'Object Repository/Transfer/transferConfirmationAccountNoTxt' are matched.

2022-07-04 12:58:28 - [TEST_STEP][PASSED] - verifyElementText(findTestObject("Transfer/transferConfirmationAmountTxt", ["amount":amount]), amount): Actual text and expected text of test object 'Object Repository/Transfer/transferConfirmationAmountTxt' are matched.

2022-07-04 12:58:28 - [MESSAGE][PASSED] - Actual text and expected text of test object 'Object Repository/Transfer/transferConfirmationAmountTxt' are matched.

2022-07-04 12:58:28 - [TEST_STEP][PASSED] - verifyElementText(findTestObject("Transfer/transferConfirmationTransactionRecRefTxt", ["reference":reference]), reference): Actual text and expected text of test object 'Object Repository/Transfer/transferConfirmationTransactionRecRefTxt' are matched.

2022-07-04 12:58:28 - [MESSAGE][PASSED] - Actual text and expected text of test object 'Object Repository/Transfer/transferConfirmationTransactionRecRefTxt' are matched.

2022-07-04 12:58:28 - [TEST_STEP][PASSED] - verifyElementText(findTestObject("Transfer/transferConfirmationTransactionBankTxt", ["accBank":accBank]), accBank): Actual text and expected text of test object 'Object Repository/Transfer/transferConfirmationTransactionBankTxt' are matched.

2022-07-04 12:58:28 - [MESSAGE][PASSED] - Actual text and expected text of test object 'Object Repository/Transfer/transferConfirmationTransactionBankTxt' are matched.

2022-07-04 12:58:28 - [TEST_STEP][PASSED] - verifyElementText(findTestObject("Transfer/transferConfirmationOptionalGreyWordTxt"), "Optional"): Actual text and expected text of test object 'Object Repository/Transfer/transferConfirmationOptionalGreyWordTxt' are matched.

2022-07-04 12:58:29 - [MESSAGE][PASSED] - Actual text and expected text of test object 'Object Repository/Transfer/transferConfirmationOptionalGreyWordTxt' are matched.

2022-07-04 12:58:29 - [TEST_STEP][PASSED] - verifyElementText(findTestObject("Transfer/instantTransferConfirmationTransactionTypeTxt"), trxType): Actual text and expected text of test object 'Object Repository/Transfer/instantTransferConfirmationTransactionTypeTxt' are matched.

2022-07-04 12:58:29 - [MESSAGE][PASSED] - Actual text and expected text of test object 'Object Repository/Transfer/instantTransferConfirmationTransactionTypeTxt' are matched.

2022-07-04 12:58:29 - [TEST_STEP][PASSED] - verifyElementText(findTestObject("Transfer/instantTransferConfirmationTransactionModeTxt", ["modeC":initialMode]), initialMode): Actual text and expected text of test object 'Object Repository/Transfer/instantTransferConfirmationTransactionModeTxt' are matched.

2022-07-04 12:58:29 - [MESSAGE][PASSED] - Actual text and expected text of test object 'Object Repository/Transfer/instantTransferConfirmationTransactionModeTxt' are matched.

2022-07-04 12:58:29 - [TEST_STEP][PASSED] - verifyElementText(findTestObject("Transfer/instantTransferConfirmationTransactionServiceTxt"), "RM 0.00"): Actual text and expected text of test object 'Object Repository/Transfer/instantTransferConfirmationTransactionServiceTxt' are matched.

2022-07-04 12:58:30 - [MESSAGE][PASSED] - Actual text and expected text of test object 'Object Repository/Transfer/instantTransferConfirmationTransactionServiceTxt' are matched.

2022-07-04 12:58:30 - [TEST_STEP][PASSED] - verifyElementExist(findTestObject("Transfer/transferConfirmationBankNameTitleTxt"), 0): Element 'Object Repository/Transfer/transferConfirmationBankNameTitleTxt' is exist

2022-07-04 12:58:30 - [MESSAGE][WARNING] - Timeout '0' is invalid. Using default page load timeout: '40'

2022-07-04 12:58:30 - [MESSAGE][PASSED] - Element 'Object Repository/Transfer/transferConfirmationBankNameTitleTxt' is exist

2022-07-04 12:58:30 - [TEST_STEP][PASSED] - verifyElementExist(findTestObject("Transfer/transferConfirmationDateTitleTxt"), 0): Element 'Object Repository/Transfer/transferConfirmationDateTitleTxt' is exist

2022-07-04 12:58:30 - [MESSAGE][WARNING] - Timeout '0' is invalid. Using default page load timeout: '40'

2022-07-04 12:58:30 - [MESSAGE][PASSED] - Element 'Object Repository/Transfer/transferConfirmationDateTitleTxt' is exist

2022-07-04 12:58:30 - [TEST_STEP][PASSED] - verifyElementExist(findTestObject("Transfer/transferConfirmationRecRefTitleTxt"), 0): Element 'Object Repository/Transfer/transferConfirmationRecRefTitleTxt' is exist

2022-07-04 12:58:30 - [MESSAGE][WARNING] - Timeout '0' is invalid. Using default page load timeout: '40'

2022-07-04 12:58:31 - [MESSAGE][PASSED] - Element 'Object Repository/Transfer/transferConfirmationRecRefTitleTxt' is exist

2022-07-04 12:58:31 - [TEST_STEP][PASSED] - verifyElementExist(findTestObject("Transfer/transferConfirmationPaymentDetailsTitleTxt"), 0): Element 'Object Repository/Transfer/transferConfirmationPaymentDetailsTitleTxt' is exist

2022-07-04 12:58:31 - [MESSAGE][WARNING] - Timeout '0' is invalid. Using default page load timeout: '40'

2022-07-04 12:58:31 - [MESSAGE][PASSED] - Element 'Object Repository/Transfer/transferConfirmationPaymentDetailsTitleTxt' is exist

2022-07-04 12:58:31 - [TEST_STEP][PASSED] - verifyElementExist(findTestObject("Transfer/instantTransferConfirmationModeTitleTxt"), 0): Element 'Object Repository/Transfer/instantTransferConfirmationModeTitleTxt' is exist

2022-07-04 12:58:31 - [MESSAGE][WARNING] - Timeout '0' is invalid. Using default page load timeout: '40'

2022-07-04 12:58:31 - [MESSAGE][PASSED] - Element 'Object Repository/Transfer/instantTransferConfirmationModeTitleTxt' is exist

2022-07-04 12:58:31 - [TEST_STEP][PASSED] - verifyElementExist(findTestObject("Transfer/instantTransferConfirmationServiceFeeTitleTxt"), 0): Element 'Object Repository/Transfer/instantTransferConfirmationServiceFeeTitleTxt' is exist

2022-07-04 12:58:31 - [MESSAGE][WARNING] - Timeout '0' is invalid. Using default page load timeout: '40'

2022-07-04 12:58:31 - [MESSAGE][PASSED] - Element 'Object Repository/Transfer/instantTransferConfirmationServiceFeeTitleTxt' is exist

2022-07-04 12:58:31 - [TEST_STEP][PASSED] - verifyElementExist(findTestObject("Transfer/instantTransferConfirmationTypeTitleTxt"), 0): Element 'Object Repository/Transfer/instantTransferConfirmationTypeTitleTxt' is exist

2022-07-04 12:58:31 - [MESSAGE][WARNING] - Timeout '0' is invalid. Using default page load timeout: '40'

2022-07-04 12:58:32 - [MESSAGE][PASSED] - Element 'Object Repository/Transfer/instantTransferConfirmationTypeTitleTxt' is exist

2022-07-04 12:58:32 - [TEST_STEP][PASSED] - verifyElementExist(findTestObject("Transfer/transferConfirmationNoteTitleTxt"), 0): Element 'Object Repository/Transfer/transferConfirmationNoteTitleTxt' is exist

2022-07-04 12:58:32 - [MESSAGE][WARNING] - Timeout '0' is invalid. Using default page load timeout: '40'

2022-07-04 12:58:32 - [MESSAGE][PASSED] - Element 'Object Repository/Transfer/transferConfirmationNoteTitleTxt' is exist

2022-07-04 12:58:32 - [TEST_STEP][PASSED] - tap(findTestObject("Transfer/transferConfirmationOptionalGreyWordTxt"), 0): Tapped on element 'Object Repository/Transfer/transferConfirmationOptionalGreyWordTxt'

2022-07-04 12:58:32 - [MESSAGE][WARNING] - Timeout '0' is invalid. Using default page load timeout: '40'

2022-07-04 12:58:32 - [MESSAGE][PASSED] - Tapped on element 'Object Repository/Transfer/transferConfirmationOptionalGreyWordTxt'

2022-07-04 12:58:32 - [TEST_STEP][PASSED] - setText(findTestObject("Transfer/transferConfirmationDetailsInputField"), details, 0): Text 'Test Fav' has been set to element 'Object Repository/Transfer/transferConfirmationDetailsInputField'

2022-07-04 12:58:32 - [MESSAGE][WARNING] - Timeout '0' is invalid. Using default page load timeout: '40'

2022-07-04 12:58:35 - [MESSAGE][PASSED] - Text 'Test Fav' has been set to element 'Object Repository/Transfer/transferConfirmationDetailsInputField'

2022-07-04 12:58:35 - [TEST_STEP][PASSED] - hideKeyboard(): Keyboard is hidden

2022-07-04 12:58:37 - [MESSAGE][PASSED] - Keyboard is hidden

2022-07-04 12:58:37 - [TEST_STEP][PASSED] - verifyElementText(findTestObject("Transfer/transferConfirmationOptionalGreyWordTxt"), details): Actual text and expected text of test object 'Object Repository/Transfer/transferConfirmationOptionalGreyWordTxt' are matched.

2022-07-04 12:58:37 - [MESSAGE][PASSED] - Actual text and expected text of test object 'Object Repository/Transfer/transferConfirmationOptionalGreyWordTxt' are matched.

2022-07-04 12:58:37 - [TEST_STEP][PASSED] - device_Height_2 = getDeviceHeight(): Current device physical height is 2167

2022-07-04 12:58:37 - [MESSAGE][PASSED] - Current device physical height is 2167

2022-07-04 12:58:37 - [TEST_STEP][PASSED] - device_Width_2 = getDeviceWidth(): Current device physical width is 1080

2022-07-04 12:58:37 - [MESSAGE][PASSED] - Current device physical width is 1080

2022-07-04 12:58:37 - [TEST_STEP][PASSED] - startX_2 = device_Width_2 / 2: null

2022-07-04 12:58:37 - [TEST_STEP][PASSED] - endX_2 = startX_2: null

2022-07-04 12:58:37 - [TEST_STEP][PASSED] - startY_2 = device_Height_2 * 0.30: null

2022-07-04 12:58:37 - [TEST_STEP][PASSED] - endY_2 = device_Height_2 * 0.70: null

2022-07-04 12:58:37 - [TEST_STEP][PASSED] - swipe(startX_2, endY_2, endX_2, startY_2): Swiped from 540,1,516 to 540,650

2022-07-04 12:58:38 - [MESSAGE][PASSED] - Swiped from 540,1,516 to 540,650

2022-07-04 12:58:38 - [TEST_STEP][PASSED] - verifyElementExist(findTestObject("Transfer/instantTransferConfirmationNotes1Txt"), 0): Element 'Object Repository/Transfer/instantTransferConfirmationNotes1Txt' is exist

2022-07-04 12:58:38 - [MESSAGE][WARNING] - Timeout '0' is invalid. Using default page load timeout: '40'

2022-07-04 12:58:39 - [MESSAGE][PASSED] - Element 'Object Repository/Transfer/instantTransferConfirmationNotes1Txt' is exist

2022-07-04 12:58:39 - [TEST_STEP][PASSED] - verifyElementExist(findTestObject("Transfer/transferConfirmationFTransferFromTitleTxt"), 0): Element 'Object Repository/Transfer/transferConfirmationFTransferFromTitleTxt' is exist

2022-07-04 12:58:39 - [MESSAGE][WARNING] - Timeout '0' is invalid. Using default page load timeout: '40'

2022-07-04 12:58:39 - [MESSAGE][PASSED] - Element 'Object Repository/Transfer/transferConfirmationFTransferFromTitleTxt' is exist

2022-07-04 12:58:39 - [TEST_STEP][PASSED] - verifyElementExist(findTestObject("Transfer/instantTransferConfirmationNotes2Txt"), 0): Element 'Object Repository/Transfer/instantTransferConfirmationNotes2Txt' is exist

2022-07-04 12:58:39 - [MESSAGE][WARNING] - Timeout '0' is invalid. Using default page load timeout: '40'

2022-07-04 12:58:39 - [MESSAGE][PASSED] - Element 'Object Repository/Transfer/instantTransferConfirmationNotes2Txt' is exist

2022-07-04 12:58:39 - [TEST_STEP][PASSED] - verifyElementText(findTestObject("Transfer/transferConfirmationFromAccTypeTxt", ["accType":accType]), accType): Actual text and expected text of test object 'Object Repository/Transfer/transferConfirmationFromAccTypeTxt' are matched.

2022-07-04 12:58:40 - [MESSAGE][PASSED] - Actual text and expected text of test object 'Object Repository/Transfer/transferConfirmationFromAccTypeTxt' are matched.

2022-07-04 12:58:40 - [TEST_STEP][PASSED] - verifyElementText(findTestObject("Transfer/transferConfirmationFromAccNoTxt", ["accNoFrom":accNoFrom]), accNoFrom): Actual text and expected text of test object 'Object Repository/Transfer/transferConfirmationFromAccNoTxt' are matched.

2022-07-04 12:58:40 - [MESSAGE][PASSED] - Actual text and expected text of test object 'Object Repository/Transfer/transferConfirmationFromAccNoTxt' are matched.

2022-07-04 12:58:40 - [TEST_STEP][PASSED] - verifyElementExist(findTestObject("Transfer/transferConfirmationFromAccBalanceTxt"), 0): Element 'Object Repository/Transfer/transferConfirmationFromAccBalanceTxt' is exist

2022-07-04 12:58:40 - [MESSAGE][WARNING] - Timeout '0' is invalid. Using default page load timeout: '40'

2022-07-04 12:58:40 - [MESSAGE][PASSED] - Element 'Object Repository/Transfer/transferConfirmationFromAccBalanceTxt' is exist

2022-07-04 12:58:40 - [TEST_STEP][PASSED] - accountBalance = getText(findTestObject("Transfer/transferConfirmationFromAccBalanceTxt"), 0): Text of element 'Object Repository/Transfer/transferConfirmationFromAccBalanceTxt' is: 'RM 4,072.20'

2022-07-04 12:58:40 - [MESSAGE][WARNING] - Timeout '0' is invalid. Using default page load timeout: '40'

2022-07-04 12:58:40 - [MESSAGE][PASSED] - Text of element 'Object Repository/Transfer/transferConfirmationFromAccBalanceTxt' is: 'RM 4,072.20'

2022-07-04 12:58:40 - [TEST_STEP][PASSED] - println(accountBalance): null

2022-07-04 12:58:40 - [TEST_STEP][PASSED] - tap(findTestObject("Main/mainTransferNowBtn"), 0): Tapped on element 'Object Repository/Main/mainTransferNowBtn'

2022-07-04 12:58:40 - [MESSAGE][WARNING] - Timeout '0' is invalid. Using default page load timeout: '40'

2022-07-04 12:58:41 - [MESSAGE][PASSED] - Tapped on element 'Object Repository/Main/mainTransferNowBtn'

2022-07-04 12:58:41 - [TEST_STEP][PASSED] - delay(10): Delayed 10 second(s)

2022-07-04 12:58:51 - [MESSAGE][PASSED] - Delayed 10 second(s)

2022-07-04 12:58:51 - [TEST_STEP][PASSED] - verifyElementVisible(findTestObject("Festive Season/returnAngpaoStatusMessageTxt"), 0): Element 'Object Repository/Festive Season/returnAngpaoStatusMessageTxt' is visible

2022-07-04 12:58:51 - [MESSAGE][WARNING] - Timeout '0' is invalid. Using default page load timeout: '40'

2022-07-04 12:58:51 - [MESSAGE][PASSED] - Element 'Object Repository/Festive Season/returnAngpaoStatusMessageTxt' is visible

2022-07-04 12:58:51 - [TEST_STEP][PASSED] - delay(5): Delayed 5 second(s)

2022-07-04 12:58:56 - [MESSAGE][PASSED] - Delayed 5 second(s)

2022-07-04 12:58:56 - [TEST_STEP][PASSED] - message = getText(findTestObject("Festive Season/returnAngpaoStatusMessageTxt"), 0): Text of element 'Object Repository/Festive Season/returnAngpaoStatusMessageTxt' is: 'Transfer successful'

2022-07-04 12:58:56 - [MESSAGE][WARNING] - Timeout '0' is invalid. Using default page load timeout: '40'

2022-07-04 12:58:56 - [MESSAGE][PASSED] - Text of element 'Object Repository/Festive Season/returnAngpaoStatusMessageTxt' is: 'Transfer successful'

2022-07-04 12:58:56 - [TEST_STEP][PASSED] - println(message): null

2022-07-04 12:58:56 - [TEST_STEP][PASSED] - assert message == successTransactionMessage: null

2022-07-04 12:58:56 - [TEST_STEP][PASSED] - delay(5): Delayed 5 second(s)

2022-07-04 12:59:01 - [MESSAGE][PASSED] - Delayed 5 second(s)

2022-07-04 12:59:01 - [TEST_STEP][PASSED] - if (value > limit): null

2022-07-04 12:59:01 - [TEST_STEP][PASSED] - else: Element 'Object Repository/Transfer/transferSummaryShareReceiptBtn' is exist

2022-07-04 12:59:01 - [TEST_STEP][PASSED] - verifyElementExist(findTestObject("Transfer/transferSummaryDateTimeTitleTxt"), 0): Element 'Object Repository/Transfer/transferSummaryDateTimeTitleTxt' is exist

2022-07-04 12:59:01 - [MESSAGE][WARNING] - Timeout '0' is invalid. Using default page load timeout: '40'

2022-07-04 12:59:02 - [MESSAGE][PASSED] - Element 'Object Repository/Transfer/transferSummaryDateTimeTitleTxt' is exist

2022-07-04 12:59:02 - [TEST_STEP][PASSED] - verifyElementExist(findTestObject("Transfer/transferSummaryRefIDTitleTxt"), 0): Element 'Object Repository/Transfer/transferSummaryRefIDTitleTxt' is exist

2022-07-04 12:59:02 - [MESSAGE][WARNING] - Timeout '0' is invalid. Using default page load timeout: '40'

2022-07-04 12:59:02 - [MESSAGE][PASSED] - Element 'Object Repository/Transfer/transferSummaryRefIDTitleTxt' is exist

2022-07-04 12:59:02 - [TEST_STEP][PASSED] - verifyElementExist(findTestObject("Transfer/transferSummaryShareReceiptBtn"), 0): Element 'Object Repository/Transfer/transferSummaryShareReceiptBtn' is exist

2022-07-04 12:59:02 - [MESSAGE][WARNING] - Timeout '0' is invalid. Using default page load timeout: '40'

2022-07-04 12:59:02 - [MESSAGE][PASSED] - Element 'Object Repository/Transfer/transferSummaryShareReceiptBtn' is exist

2022-07-04 12:59:02 - [TEST_STEP][PASSED] - delay(5): Delayed 5 second(s)

2022-07-04 12:59:07 - [MESSAGE][PASSED] - Delayed 5 second(s)

2022-07-04 12:59:07 - [TEST_STEP][PASSED] - referenceID = getText(findTestObject("Send Request Money/requestMoneyPaySummaryRefIDTxt"), 0): Text of element 'Object Repository/Send Request Money/requestMoneyPaySummaryRefIDTxt' is: '181632059M'

2022-07-04 12:59:07 - [MESSAGE][WARNING] - Timeout '0' is invalid. Using default page load timeout: '40'

2022-07-04 12:59:07 - [MESSAGE][PASSED] - Text of element 'Object Repository/Send Request Money/requestMoneyPaySummaryRefIDTxt' is: '181632059M'

2022-07-04 12:59:07 - [TEST_STEP][PASSED] - println(referenceID): null

2022-07-04 12:59:07 - [TEST_STEP][PASSED] - test = dataFolder: null

2022-07-04 12:59:07 - [TEST_STEP][PASSED] - sheetName = "Sheet1": null

2022-07-04 12:59:07 - [TEST_STEP][PASSED] - file1 = new java.io.File(test): null

2022-07-04 12:59:07 - [TEST_STEP][PASSED] - assert file1.exists() == true: null

2022-07-04 12:59:07 - [TEST_STEP][PASSED] - woorkbook1 = getWorkbook(test): null

2022-07-04 12:59:07 - [TEST_STEP][PASSED] - sheet1 = getExcelSheet(woorkbook1, sheetName): null

2022-07-04 12:59:07 - [TEST_STEP][PASSED] - setValueToCellByIndex(sheet1, 3, 1, referenceID): null

2022-07-04 12:59:07 - [TEST_STEP][PASSED] - saveWorkbook(test, woorkbook1): null

2022-07-04 12:59:07 - [TEST_STEP][PASSED] - delay(3): Delayed 3 second(s)

2022-07-04 12:59:10 - [MESSAGE][PASSED] - Delayed 3 second(s)

2022-07-04 12:59:10 - [TEST_STEP][PASSED] - verifyElementVisible(findTestObject("Main/mainDoneBtn"), 0): Element 'Object Repository/Main/mainDoneBtn' is visible

2022-07-04 12:59:10 - [MESSAGE][WARNING] - Timeout '0' is invalid. Using default page load timeout: '40'

2022-07-04 12:59:11 - [MESSAGE][PASSED] - Element 'Object Repository/Main/mainDoneBtn' is visible

2022-07-04 12:59:11 - [TEST_STEP][PASSED] - takeScreenshot("/Users/a00139272/Desktop/Screenshot/instantIBFTFav.png"): Screenshot is taken

2022-07-04 12:59:11 - [MESSAGE][PASSED] - Screenshot is taken
[[ATTACHMENT|/Users/a00139272/Desktop/Screenshot/instantIBFTFav.png]]

2022-07-04 12:59:11 - [TEST_STEP][PASSED] - tap(findTestObject("Main/mainDoneBtn"), 0): Tapped on element 'Object Repository/Main/mainDoneBtn'

2022-07-04 12:59:11 - [MESSAGE][WARNING] - Timeout '0' is invalid. Using default page load timeout: '40'

2022-07-04 12:59:12 - [MESSAGE][PASSED] - Tapped on element 'Object Repository/Main/mainDoneBtn'

2022-07-04 12:59:12 - [TEST_STEP][FAILED] - if (value < limit): Test Cases/Transfer/transfer_instantIBFTFav FAILED.
Reason:
Assertion failed: 

assert newBalance.round(2) == newAfterBalanceF
       |          |        |  |
       4069.2     4069.2   |  4072.2
                           false

	at transfer_instantIBFTFav.run(transfer_instantIBFTFav:381)
	at com.kms.katalon.core.main.ScriptEngine.run(ScriptEngine.java:194)
	at com.kms.katalon.core.main.ScriptEngine.runScriptAsRawText(ScriptEngine.java:119)
	at com.kms.katalon.core.main.TestCaseExecutor.runScript(TestCaseExecutor.java:445)
	at com.kms.katalon.core.main.TestCaseExecutor.doExecute(TestCaseExecutor.java:436)
	at com.kms.katalon.core.main.TestCaseExecutor.processExecutionPhase(TestCaseExecutor.java:415)
	at com.kms.katalon.core.main.TestCaseExecutor.accessMainPhase(TestCaseExecutor.java:407)
	at com.kms.katalon.core.main.TestCaseExecutor.execute(TestCaseExecutor.java:284)
	at com.kms.katalon.core.common.CommonExecutor.accessTestCaseMainPhase(CommonExecutor.java:65)
	at com.kms.katalon.core.main.TestSuiteExecutor.accessTestSuiteMainPhase(TestSuiteExecutor.java:144)
	at com.kms.katalon.core.main.TestSuiteExecutor.execute(TestSuiteExecutor.java:106)
	at com.kms.katalon.core.main.TestCaseMain.startTestSuite(TestCaseMain.java:185)
	at com.kms.katalon.core.main.TestCaseMain$startTestSuite$0.call(Unknown Source)
	at TempTestSuite1656909041518.run(TempTestSuite1656909041518.groovy:36)


2022-07-04 12:59:12 - [TEST_STEP][PASSED] - delay(5): Delayed 5 second(s)

2022-07-04 12:59:17 - [MESSAGE][PASSED] - Delayed 5 second(s)

2022-07-04 12:59:17 - [TEST_STEP][PASSED] - tap(findTestObject("Main/mainTopLeftBackButton"), 0): Tapped on element 'Object Repository/Main/mainTopLeftBackButton'

2022-07-04 12:59:17 - [MESSAGE][WARNING] - Timeout '0' is invalid. Using default page load timeout: '40'

2022-07-04 12:59:17 - [MESSAGE][PASSED] - Tapped on element 'Object Repository/Main/mainTopLeftBackButton'

2022-07-04 12:59:17 - [TEST_STEP][PASSED] - delay(5): Delayed 5 second(s)

2022-07-04 12:59:22 - [MESSAGE][PASSED] - Delayed 5 second(s)

2022-07-04 12:59:22 - [TEST_STEP][PASSED] - verifyElementVisible(findTestObject("Banking/m2uAccountTypeSelection", ["text":accType]), 10): Element 'Object Repository/Banking/m2uAccountTypeSelection' is visible

2022-07-04 12:59:22 - [MESSAGE][PASSED] - Element 'Object Repository/Banking/m2uAccountTypeSelection' is visible

2022-07-04 12:59:22 - [TEST_STEP][PASSED] - tap(findTestObject("Banking/m2uAccountTypeSelection", ["text":accType]), 10): Tapped on element 'Object Repository/Banking/m2uAccountTypeSelection'

2022-07-04 12:59:23 - [MESSAGE][PASSED] - Tapped on element 'Object Repository/Banking/m2uAccountTypeSelection'

2022-07-04 12:59:23 - [TEST_STEP][PASSED] - delay(5): Delayed 5 second(s)

2022-07-04 12:59:28 - [MESSAGE][PASSED] - Delayed 5 second(s)

2022-07-04 12:59:28 - [TEST_STEP][PASSED] - afterBalance = getText(findTestObject("Main/mainAccountsBalanceTxt"), 0): Text of element 'Object Repository/Main/mainAccountsBalanceTxt' is: 'RM 4,072.20'

2022-07-04 12:59:28 - [MESSAGE][WARNING] - Timeout '0' is invalid. Using default page load timeout: '40'

2022-07-04 12:59:28 - [MESSAGE][PASSED] - Text of element 'Object Repository/Main/mainAccountsBalanceTxt' is: 'RM 4,072.20'

2022-07-04 12:59:28 - [TEST_STEP][PASSED] - newAfterBalance = afterBalance.replaceAll("[^0-9.]", ""): null

2022-07-04 12:59:28 - [TEST_STEP][PASSED] - newAccountBalance = accountBalance.replaceAll("[^0-9.]", ""): null

2022-07-04 12:59:28 - [TEST_STEP][PASSED] - newAfterBalanceF = Float.parseFloat(newAfterBalance): null

2022-07-04 12:59:28 - [TEST_STEP][PASSED] - newAccountBalanceF = Float.parseFloat(newAccountBalance): null

2022-07-04 12:59:28 - [TEST_STEP][PASSED] - println(afterBalance): null

2022-07-04 12:59:28 - [TEST_STEP][PASSED] - println(accountBalance): null

2022-07-04 12:59:28 - [TEST_STEP][PASSED] - println(newAfterBalance): null

2022-07-04 12:59:28 - [TEST_STEP][PASSED] - println(newAccountBalance): null

2022-07-04 12:59:28 - [TEST_STEP][PASSED] - value_1 = checkValue: null

2022-07-04 12:59:28 - [TEST_STEP][PASSED] - value_2 = value_1.replaceAll("[^0-9.]", ""): null

2022-07-04 12:59:28 - [TEST_STEP][PASSED] - newValue = Float.parseFloat(value_2): null

2022-07-04 12:59:28 - [TEST_STEP][PASSED] - newBalance = newAccountBalanceF - newValue: null

2022-07-04 12:59:28 - [TEST_STEP][PASSED] - println(newBalance): null

2022-07-04 12:59:28 - [TEST_STEP][FAILED] - assert newBalance.round(2) == newAfterBalanceF: Test Cases/Transfer/transfer_instantIBFTFav FAILED.
Reason:
Assertion failed: 

assert newBalance.round(2) == newAfterBalanceF
       |          |        |  |
       4069.2     4069.2   |  4072.2
                           false

	at transfer_instantIBFTFav.run(transfer_instantIBFTFav:381)
	at com.kms.katalon.core.main.ScriptEngine.run(ScriptEngine.java:194)
	at com.kms.katalon.core.main.ScriptEngine.runScriptAsRawText(ScriptEngine.java:119)
	at com.kms.katalon.core.main.TestCaseExecutor.runScript(TestCaseExecutor.java:445)
	at com.kms.katalon.core.main.TestCaseExecutor.doExecute(TestCaseExecutor.java:436)
	at com.kms.katalon.core.main.TestCaseExecutor.processExecutionPhase(TestCaseExecutor.java:415)
	at com.kms.katalon.core.main.TestCaseExecutor.accessMainPhase(TestCaseExecutor.java:407)
	at com.kms.katalon.core.main.TestCaseExecutor.execute(TestCaseExecutor.java:284)
	at com.kms.katalon.core.common.CommonExecutor.accessTestCaseMainPhase(CommonExecutor.java:65)
	at com.kms.katalon.core.main.TestSuiteExecutor.accessTestSuiteMainPhase(TestSuiteExecutor.java:144)
	at com.kms.katalon.core.main.TestSuiteExecutor.execute(TestSuiteExecutor.java:106)
	at com.kms.katalon.core.main.TestCaseMain.startTestSuite(TestCaseMain.java:185)
	at com.kms.katalon.core.main.TestCaseMain$startTestSuite$0.call(Unknown Source)
	at TempTestSuite1656909041518.run(TempTestSuite1656909041518.groovy:36)


2022-07-04 12:59:28 - [MESSAGE][FAILED] - Test Cases/Transfer/transfer_instantIBFTFav FAILED.
Reason:
Assertion failed: 

assert newBalance.round(2) == newAfterBalanceF
       |          |        |  |
       4069.2     4069.2   |  4072.2
                           false

	at transfer_instantIBFTFav.run(transfer_instantIBFTFav:381)
	at com.kms.katalon.core.main.ScriptEngine.run(ScriptEngine.java:194)
	at com.kms.katalon.core.main.ScriptEngine.runScriptAsRawText(ScriptEngine.java:119)
	at com.kms.katalon.core.main.TestCaseExecutor.runScript(TestCaseExecutor.java:445)
	at com.kms.katalon.core.main.TestCaseExecutor.doExecute(TestCaseExecutor.java:436)
	at com.kms.katalon.core.main.TestCaseExecutor.processExecutionPhase(TestCaseExecutor.java:415)
	at com.kms.katalon.core.main.TestCaseExecutor.accessMainPhase(TestCaseExecutor.java:407)
	at com.kms.katalon.core.main.TestCaseExecutor.execute(TestCaseExecutor.java:284)
	at com.kms.katalon.core.common.CommonExecutor.accessTestCaseMainPhase(CommonExecutor.java:65)
	at com.kms.katalon.core.main.TestSuiteExecutor.accessTestSuiteMainPhase(TestSuiteExecutor.java:144)
	at com.kms.katalon.core.main.TestSuiteExecutor.execute(TestSuiteExecutor.java:106)
	at com.kms.katalon.core.main.TestCaseMain.startTestSuite(TestCaseMain.java:185)
	at com.kms.katalon.core.main.TestCaseMain$startTestSuite$0.call(Unknown Source)
	at TempTestSuite1656909041518.run(TempTestSuite1656909041518.groovy:36)]]></system-out>
         <system-err><![CDATA[2022-07-04 12:53:30 - [TEST_CASE][FAILED] - Test Cases/Transfer/transfer_instantIBFTFav: Test Cases/Transfer/transfer_instantIBFTFav FAILED.
Reason:
com.kms.katalon.core.exception.StepFailedException: Element 'Object Repository/Transfer/transferFavListAccNameTxt' not found
	at com.kms.katalon.core.keyword.internal.KeywordMain.stepFailed(KeywordMain.groovy:39)
	at com.kms.katalon.core.mobile.keyword.internal.MobileKeywordMain.stepFailed(MobileKeywordMain.groovy:40)
	at com.kms.katalon.core.mobile.keyword.builtin.VerifyElementTextKeyword$_verifyElementText_closure1.doCall(VerifyElementTextKeyword.groovy:49)
	at com.kms.katalon.core.mobile.keyword.builtin.VerifyElementTextKeyword$_verifyElementText_closure1.call(VerifyElementTextKeyword.groovy)
	at com.kms.katalon.core.mobile.keyword.internal.MobileKeywordMain.runKeyword(MobileKeywordMain.groovy:21)
	at com.kms.katalon.core.mobile.keyword.builtin.VerifyElementTextKeyword.verifyElementText(VerifyElementTextKeyword.groovy:62)
	at com.kms.katalon.core.mobile.keyword.builtin.VerifyElementTextKeyword.execute(VerifyElementTextKeyword.groovy:39)
	at com.kms.katalon.core.keyword.internal.KeywordExecutor.executeKeywordForPlatform(KeywordExecutor.groovy:74)
	at com.kms.katalon.core.mobile.keyword.MobileBuiltInKeywords.verifyElementText(MobileBuiltInKeywords.groovy:2901)
	at com.kms.katalon.core.mobile.keyword.MobileBuiltInKeywords$verifyElementText$10.call(Unknown Source)
	at transfer_instantIBFTFav.run(transfer_instantIBFTFav:90)
	at com.kms.katalon.core.main.ScriptEngine.run(ScriptEngine.java:194)
	at com.kms.katalon.core.main.ScriptEngine.runScriptAsRawText(ScriptEngine.java:119)
	at com.kms.katalon.core.main.TestCaseExecutor.runScript(TestCaseExecutor.java:445)
	at com.kms.katalon.core.main.TestCaseExecutor.doExecute(TestCaseExecutor.java:436)
	at com.kms.katalon.core.main.TestCaseExecutor.processExecutionPhase(TestCaseExecutor.java:415)
	at com.kms.katalon.core.main.TestCaseExecutor.accessMainPhase(TestCaseExecutor.java:407)
	at com.kms.katalon.core.main.TestCaseExecutor.execute(TestCaseExecutor.java:284)
	at com.kms.katalon.core.common.CommonExecutor.accessTestCaseMainPhase(CommonExecutor.java:65)
	at com.kms.katalon.core.main.TestSuiteExecutor.accessTestSuiteMainPhase(TestSuiteExecutor.java:144)
	at com.kms.katalon.core.main.TestSuiteExecutor.execute(TestSuiteExecutor.java:106)
	at com.kms.katalon.core.main.TestCaseMain.startTestSuite(TestCaseMain.java:185)
	at com.kms.katalon.core.main.TestCaseMain$startTestSuite$0.call(Unknown Source)
	at TempTestSuite1656909041518.run(TempTestSuite1656909041518.groovy:36)]]></system-err>
      </testcase>
      <testcase name="Test Cases/Transfer/transfer_instantIBGFav" time="442.444" classname="Test Cases/Transfer/transfer_instantIBGFav" status="FAILED">
         <failure type="FAILED" message="Test Cases/Transfer/transfer_instantIBGFav FAILED.
Reason:
com.kms.katalon.core.exception.StepFailedException: Element 'Object Repository/Transfer/transferFavListAccNameTxt' not found
	at com.kms.katalon.core.keyword.internal.KeywordMain.stepFailed(KeywordMain.groovy:39)
	at com.kms.katalon.core.mobile.keyword.internal.MobileKeywordMain.stepFailed(MobileKeywordMain.groovy:40)
	at com.kms.katalon.core.mobile.keyword.builtin.VerifyElementTextKeyword$_verifyElementText_closure1.doCall(VerifyElementTextKeyword.groovy:49)
	at com.kms.katalon.core.mobile.keyword.builtin.VerifyElementTextKeyword$_verifyElementText_closure1.call(VerifyElementTextKeyword.groovy)
	at com.kms.katalon.core.mobile.keyword.internal.MobileKeywordMain.runKeyword(MobileKeywordMain.groovy:21)
	at com.kms.katalon.core.mobile.keyword.builtin.VerifyElementTextKeyword.verifyElementText(VerifyElementTextKeyword.groovy:62)
	at com.kms.katalon.core.mobile.keyword.builtin.VerifyElementTextKeyword.execute(VerifyElementTextKeyword.groovy:39)
	at com.kms.katalon.core.keyword.internal.KeywordExecutor.executeKeywordForPlatform(KeywordExecutor.groovy:74)
	at com.kms.katalon.core.mobile.keyword.MobileBuiltInKeywords.verifyElementText(MobileBuiltInKeywords.groovy:2901)
	at com.kms.katalon.core.mobile.keyword.MobileBuiltInKeywords$verifyElementText$10.call(Unknown Source)
	at transfer_instantIBGFav.run(transfer_instantIBGFav:91)
	at com.kms.katalon.core.main.ScriptEngine.run(ScriptEngine.java:194)
	at com.kms.katalon.core.main.ScriptEngine.runScriptAsRawText(ScriptEngine.java:119)
	at com.kms.katalon.core.main.TestCaseExecutor.runScript(TestCaseExecutor.java:445)
	at com.kms.katalon.core.main.TestCaseExecutor.doExecute(TestCaseExecutor.java:436)
	at com.kms.katalon.core.main.TestCaseExecutor.processExecutionPhase(TestCaseExecutor.java:415)
	at com.kms.katalon.core.main.TestCaseExecutor.accessMainPhase(TestCaseExecutor.java:407)
	at com.kms.katalon.core.main.TestCaseExecutor.execute(TestCaseExecutor.java:284)
	at com.kms.katalon.core.common.CommonExecutor.accessTestCaseMainPhase(CommonExecutor.java:65)
	at com.kms.katalon.core.main.TestSuiteExecutor.accessTestSuiteMainPhase(TestSuiteExecutor.java:144)
	at com.kms.katalon.core.main.TestSuiteExecutor.execute(TestSuiteExecutor.java:106)
	at com.kms.katalon.core.main.TestCaseMain.startTestSuite(TestCaseMain.java:185)
	at com.kms.katalon.core.main.TestCaseMain$startTestSuite$0.call(Unknown Source)
	at TempTestSuite1656909041518.run(TempTestSuite1656909041518.groovy:36)
"/>
         <system-out><![CDATA[2022-07-04 12:59:28 - [TEST_CASE][FAILED] - Test Cases/Transfer/transfer_instantIBGFav: Test Cases/Transfer/transfer_instantIBGFav FAILED.
Reason:
com.kms.katalon.core.exception.StepFailedException: Element 'Object Repository/Transfer/transferFavListAccNameTxt' not found
	at com.kms.katalon.core.keyword.internal.KeywordMain.stepFailed(KeywordMain.groovy:39)
	at com.kms.katalon.core.mobile.keyword.internal.MobileKeywordMain.stepFailed(MobileKeywordMain.groovy:40)
	at com.kms.katalon.core.mobile.keyword.builtin.VerifyElementTextKeyword$_verifyElementText_closure1.doCall(VerifyElementTextKeyword.groovy:49)
	at com.kms.katalon.core.mobile.keyword.builtin.VerifyElementTextKeyword$_verifyElementText_closure1.call(VerifyElementTextKeyword.groovy)
	at com.kms.katalon.core.mobile.keyword.internal.MobileKeywordMain.runKeyword(MobileKeywordMain.groovy:21)
	at com.kms.katalon.core.mobile.keyword.builtin.VerifyElementTextKeyword.verifyElementText(VerifyElementTextKeyword.groovy:62)
	at com.kms.katalon.core.mobile.keyword.builtin.VerifyElementTextKeyword.execute(VerifyElementTextKeyword.groovy:39)
	at com.kms.katalon.core.keyword.internal.KeywordExecutor.executeKeywordForPlatform(KeywordExecutor.groovy:74)
	at com.kms.katalon.core.mobile.keyword.MobileBuiltInKeywords.verifyElementText(MobileBuiltInKeywords.groovy:2901)
	at com.kms.katalon.core.mobile.keyword.MobileBuiltInKeywords$verifyElementText$10.call(Unknown Source)
	at transfer_instantIBGFav.run(transfer_instantIBGFav:91)
	at com.kms.katalon.core.main.ScriptEngine.run(ScriptEngine.java:194)
	at com.kms.katalon.core.main.ScriptEngine.runScriptAsRawText(ScriptEngine.java:119)
	at com.kms.katalon.core.main.TestCaseExecutor.runScript(TestCaseExecutor.java:445)
	at com.kms.katalon.core.main.TestCaseExecutor.doExecute(TestCaseExecutor.java:436)
	at com.kms.katalon.core.main.TestCaseExecutor.processExecutionPhase(TestCaseExecutor.java:415)
	at com.kms.katalon.core.main.TestCaseExecutor.accessMainPhase(TestCaseExecutor.java:407)
	at com.kms.katalon.core.main.TestCaseExecutor.execute(TestCaseExecutor.java:284)
	at com.kms.katalon.core.common.CommonExecutor.accessTestCaseMainPhase(CommonExecutor.java:65)
	at com.kms.katalon.core.main.TestSuiteExecutor.accessTestSuiteMainPhase(TestSuiteExecutor.java:144)
	at com.kms.katalon.core.main.TestSuiteExecutor.execute(TestSuiteExecutor.java:106)
	at com.kms.katalon.core.main.TestCaseMain.startTestSuite(TestCaseMain.java:185)
	at com.kms.katalon.core.main.TestCaseMain$startTestSuite$0.call(Unknown Source)
	at TempTestSuite1656909041518.run(TempTestSuite1656909041518.groovy:36)


2022-07-04 12:59:29 - [TEST_STEP][PASSED] - delay(5): Delayed 5 second(s)

2022-07-04 12:59:34 - [MESSAGE][PASSED] - Delayed 5 second(s)

2022-07-04 12:59:34 - [TEST_STEP][PASSED] - device_Height = getDeviceHeight(): Current device physical height is 2167

2022-07-04 12:59:34 - [MESSAGE][PASSED] - Current device physical height is 2167

2022-07-04 12:59:34 - [TEST_STEP][PASSED] - device_Width = getDeviceWidth(): Current device physical width is 1080

2022-07-04 12:59:34 - [MESSAGE][PASSED] - Current device physical width is 1080

2022-07-04 12:59:34 - [TEST_STEP][PASSED] - startX = device_Width / 3: null

2022-07-04 12:59:34 - [TEST_STEP][PASSED] - startY = device_Height * 0.97: null

2022-07-04 12:59:34 - [TEST_STEP][PASSED] - verifyElementVisible(findTestObject("Banking/m2uAccountTransferIconSelect"), 0): Element 'Object Repository/Banking/m2uAccountTransferIconSelect' is visible

2022-07-04 12:59:34 - [MESSAGE][WARNING] - Timeout '0' is invalid. Using default page load timeout: '40'

2022-07-04 12:59:34 - [MESSAGE][PASSED] - Element 'Object Repository/Banking/m2uAccountTransferIconSelect' is visible

2022-07-04 12:59:34 - [TEST_STEP][PASSED] - tap(findTestObject("Banking/m2uAccountTransferIconSelect"), 0): Tapped on element 'Object Repository/Banking/m2uAccountTransferIconSelect'

2022-07-04 12:59:34 - [MESSAGE][WARNING] - Timeout '0' is invalid. Using default page load timeout: '40'

2022-07-04 12:59:35 - [MESSAGE][PASSED] - Tapped on element 'Object Repository/Banking/m2uAccountTransferIconSelect'

2022-07-04 12:59:35 - [TEST_STEP][PASSED] - delay(5): Delayed 5 second(s)

2022-07-04 12:59:40 - [MESSAGE][PASSED] - Delayed 5 second(s)

2022-07-04 12:59:40 - [TEST_STEP][PASSED] - tap(findTestObject("Banking/transferOthersTopMenuSelect"), 0): Tapped on element 'Object Repository/Banking/transferOthersTopMenuSelect'

2022-07-04 12:59:40 - [MESSAGE][WARNING] - Timeout '0' is invalid. Using default page load timeout: '40'

2022-07-04 13:00:40 - [MESSAGE][PASSED] - Tapped on element 'Object Repository/Banking/transferOthersTopMenuSelect'

2022-07-04 13:00:40 - [TEST_STEP][PASSED] - delay(3): Delayed 3 second(s)

2022-07-04 13:00:43 - [MESSAGE][PASSED] - Delayed 3 second(s)

2022-07-04 13:00:43 - [TEST_STEP][FAILED] - verifyElementText(findTestObject("Transfer/transferFavListAccNameTxt", ["accName":accName]), accName): Element 'Object Repository/Transfer/transferFavListAccNameTxt' not found

2022-07-04 13:01:27 - [MESSAGE][FAILED] - Element 'Object Repository/Transfer/transferFavListAccNameTxt' not found

2022-07-04 13:01:27 - [TEST_STEP][PASSED] - verifyElementText(findTestObject("Transfer/transferFavListAccNoTxt", ["accNo":accNo]), accNo): Actual text and expected text of test object 'Object Repository/Transfer/transferFavListAccNoTxt' are matched.

2022-07-04 13:02:18 - [MESSAGE][PASSED] - Actual text and expected text of test object 'Object Repository/Transfer/transferFavListAccNoTxt' are matched.

2022-07-04 13:02:18 - [TEST_STEP][PASSED] - verifyElementText(findTestObject("Transfer/transferFavListAccBankTxt", ["accBank":accBank]), accBank): Actual text and expected text of test object 'Object Repository/Transfer/transferFavListAccBankTxt' are matched.

2022-07-04 13:03:08 - [MESSAGE][PASSED] - Actual text and expected text of test object 'Object Repository/Transfer/transferFavListAccBankTxt' are matched.

2022-07-04 13:03:08 - [TEST_STEP][PASSED] - tap(findTestObject("Transfer/transferFavListAccNameTxt", ["accName":accName]), 0): Tapped on element 'Object Repository/Transfer/transferFavListAccNameTxt'

2022-07-04 13:03:08 - [MESSAGE][WARNING] - Timeout '0' is invalid. Using default page load timeout: '40'

2022-07-04 13:04:00 - [MESSAGE][PASSED] - Tapped on element 'Object Repository/Transfer/transferFavListAccNameTxt'

2022-07-04 13:04:00 - [TEST_STEP][PASSED] - delay(3): Delayed 3 second(s)

2022-07-04 13:04:03 - [MESSAGE][PASSED] - Delayed 3 second(s)

2022-07-04 13:04:03 - [TEST_STEP][PASSED] - verifyElementText(findTestObject("Transfer/transferAmounttAccNameTxt", ["accName":accName]), accName): Actual text and expected text of test object 'Object Repository/Transfer/transferAmounttAccNameTxt' are matched.

2022-07-04 13:04:03 - [MESSAGE][PASSED] - Actual text and expected text of test object 'Object Repository/Transfer/transferAmounttAccNameTxt' are matched.

2022-07-04 13:04:03 - [TEST_STEP][PASSED] - verifyElementText(findTestObject("Transfer/transferAmounttAccNoTxt", ["accNo":accNo]), accNo): Actual text and expected text of test object 'Object Repository/Transfer/transferAmounttAccNoTxt' are matched.

2022-07-04 13:04:04 - [MESSAGE][PASSED] - Actual text and expected text of test object 'Object Repository/Transfer/transferAmounttAccNoTxt' are matched.

2022-07-04 13:04:04 - [TEST_STEP][PASSED] - verifyElementText(findTestObject("Transfer/transferAmounttAccBankTxt", ["accBank":accBank]), accBank): Actual text and expected text of test object 'Object Repository/Transfer/transferAmounttAccBankTxt' are matched.

2022-07-04 13:04:04 - [MESSAGE][PASSED] - Actual text and expected text of test object 'Object Repository/Transfer/transferAmounttAccBankTxt' are matched.

2022-07-04 13:04:04 - [TEST_STEP][PASSED] - verifyElementExist(findTestObject("Transfer/transferAmountRMTxt"), 0): Element 'Object Repository/Transfer/transferAmountRMTxt' is exist

2022-07-04 13:04:04 - [MESSAGE][WARNING] - Timeout '0' is invalid. Using default page load timeout: '40'

2022-07-04 13:04:04 - [MESSAGE][PASSED] - Element 'Object Repository/Transfer/transferAmountRMTxt' is exist

2022-07-04 13:04:04 - [TEST_STEP][PASSED] - verifyElementExist(findTestObject("Transfer/transferAmountEnterAmountTitleTxt"), 0): Element 'Object Repository/Transfer/transferAmountEnterAmountTitleTxt' is exist

2022-07-04 13:04:04 - [MESSAGE][WARNING] - Timeout '0' is invalid. Using default page load timeout: '40'

2022-07-04 13:04:05 - [MESSAGE][PASSED] - Element 'Object Repository/Transfer/transferAmountEnterAmountTitleTxt' is exist

2022-07-04 13:04:05 - [TEST_STEP][PASSED] - trxAmount = value: null

2022-07-04 13:04:05 - [TEST_STEP][PASSED] - length = trxAmount.length(): null

2022-07-04 13:04:05 - [TEST_STEP][PASSED] - delay(5): Delayed 5 second(s)

2022-07-04 13:04:10 - [MESSAGE][PASSED] - Delayed 5 second(s)

2022-07-04 13:04:10 - [TEST_STEP][PASSED] - tapAtPosition(startX, startY): Tapped at [360, 2,101]

2022-07-04 13:04:10 - [MESSAGE][PASSED] - Tapped at [360, 2,101]

2022-07-04 13:04:10 - [TEST_STEP][PASSED] - for ([i = 0, i < length, (i++)]): null

2022-07-04 13:04:10 - [TEST_STEP][PASSED] - if (trxAmount[i] == "0"): null

2022-07-04 13:04:10 - [TEST_STEP][PASSED] - if (trxAmount[i] == "1"): null

2022-07-04 13:04:10 - [TEST_STEP][PASSED] - if (trxAmount[i] == "2"): Tapped on element 'Object Repository/Login Onboarding/PIN2'

2022-07-04 13:04:10 - [TEST_STEP][PASSED] - tap(findTestObject("Login Onboarding/PIN2"), 0): Tapped on element 'Object Repository/Login Onboarding/PIN2'

2022-07-04 13:04:10 - [MESSAGE][WARNING] - Timeout '0' is invalid. Using default page load timeout: '40'

2022-07-04 13:04:11 - [MESSAGE][PASSED] - Tapped on element 'Object Repository/Login Onboarding/PIN2'

2022-07-04 13:04:11 - [TEST_STEP][PASSED] - if (trxAmount[i] == "3"): null

2022-07-04 13:04:11 - [TEST_STEP][PASSED] - if (trxAmount[i] == "4"): null

2022-07-04 13:04:11 - [TEST_STEP][PASSED] - if (trxAmount[i] == "5"): null

2022-07-04 13:04:11 - [TEST_STEP][PASSED] - if (trxAmount[i] == "6"): null

2022-07-04 13:04:11 - [TEST_STEP][PASSED] - if (trxAmount[i] == "7"): null

2022-07-04 13:04:11 - [TEST_STEP][PASSED] - if (trxAmount[i] == "8"): null

2022-07-04 13:04:11 - [TEST_STEP][PASSED] - if (trxAmount[i] == "9"): null

2022-07-04 13:04:11 - [TEST_STEP][PASSED] - if (trxAmount[i] == "0"): Tapped on element 'Object Repository/Login Onboarding/PIN0'

2022-07-04 13:04:11 - [TEST_STEP][PASSED] - tap(findTestObject("Login Onboarding/PIN0"), 0): Tapped on element 'Object Repository/Login Onboarding/PIN0'

2022-07-04 13:04:11 - [MESSAGE][WARNING] - Timeout '0' is invalid. Using default page load timeout: '40'

2022-07-04 13:04:12 - [MESSAGE][PASSED] - Tapped on element 'Object Repository/Login Onboarding/PIN0'

2022-07-04 13:04:12 - [TEST_STEP][PASSED] - if (trxAmount[i] == "1"): null

2022-07-04 13:04:12 - [TEST_STEP][PASSED] - if (trxAmount[i] == "2"): null

2022-07-04 13:04:12 - [TEST_STEP][PASSED] - if (trxAmount[i] == "3"): null

2022-07-04 13:04:12 - [TEST_STEP][PASSED] - if (trxAmount[i] == "4"): null

2022-07-04 13:04:12 - [TEST_STEP][PASSED] - if (trxAmount[i] == "5"): null

2022-07-04 13:04:12 - [TEST_STEP][PASSED] - if (trxAmount[i] == "6"): null

2022-07-04 13:04:12 - [TEST_STEP][PASSED] - if (trxAmount[i] == "7"): null

2022-07-04 13:04:12 - [TEST_STEP][PASSED] - if (trxAmount[i] == "8"): null

2022-07-04 13:04:12 - [TEST_STEP][PASSED] - if (trxAmount[i] == "9"): null

2022-07-04 13:04:12 - [TEST_STEP][PASSED] - if (trxAmount[i] == "0"): Tapped on element 'Object Repository/Login Onboarding/PIN0'

2022-07-04 13:04:12 - [TEST_STEP][PASSED] - tap(findTestObject("Login Onboarding/PIN0"), 0): Tapped on element 'Object Repository/Login Onboarding/PIN0'

2022-07-04 13:04:12 - [MESSAGE][WARNING] - Timeout '0' is invalid. Using default page load timeout: '40'

2022-07-04 13:04:13 - [MESSAGE][PASSED] - Tapped on element 'Object Repository/Login Onboarding/PIN0'

2022-07-04 13:04:13 - [TEST_STEP][PASSED] - if (trxAmount[i] == "1"): null

2022-07-04 13:04:13 - [TEST_STEP][PASSED] - if (trxAmount[i] == "2"): null

2022-07-04 13:04:13 - [TEST_STEP][PASSED] - if (trxAmount[i] == "3"): null

2022-07-04 13:04:13 - [TEST_STEP][PASSED] - if (trxAmount[i] == "4"): null

2022-07-04 13:04:13 - [TEST_STEP][PASSED] - if (trxAmount[i] == "5"): null

2022-07-04 13:04:13 - [TEST_STEP][PASSED] - if (trxAmount[i] == "6"): null

2022-07-04 13:04:13 - [TEST_STEP][PASSED] - if (trxAmount[i] == "7"): null

2022-07-04 13:04:13 - [TEST_STEP][PASSED] - if (trxAmount[i] == "8"): null

2022-07-04 13:04:13 - [TEST_STEP][PASSED] - if (trxAmount[i] == "9"): null

2022-07-04 13:04:13 - [TEST_STEP][PASSED] - delay(3): Delayed 3 second(s)

2022-07-04 13:04:16 - [MESSAGE][PASSED] - Delayed 3 second(s)

2022-07-04 13:04:16 - [TEST_STEP][PASSED] - verifyElementText(findTestObject("Transfer/transferAmountInputValueTxt", ["value":checkValue]), checkValue): Actual text and expected text of test object 'Object Repository/Transfer/transferAmountInputValueTxt' are matched.

2022-07-04 13:04:16 - [MESSAGE][PASSED] - Actual text and expected text of test object 'Object Repository/Transfer/transferAmountInputValueTxt' are matched.

2022-07-04 13:04:16 - [TEST_STEP][PASSED] - delay(3): Delayed 3 second(s)

2022-07-04 13:04:19 - [MESSAGE][PASSED] - Delayed 3 second(s)

2022-07-04 13:04:19 - [TEST_STEP][PASSED] - tap(findTestObject("Login Onboarding/loginPinTickBtn"), 0): Tapped on element 'Object Repository/Login Onboarding/loginPinTickBtn'

2022-07-04 13:04:19 - [MESSAGE][WARNING] - Timeout '0' is invalid. Using default page load timeout: '40'

2022-07-04 13:04:19 - [MESSAGE][PASSED] - Tapped on element 'Object Repository/Login Onboarding/loginPinTickBtn'

2022-07-04 13:04:19 - [TEST_STEP][PASSED] - delay(3): Delayed 3 second(s)

2022-07-04 13:04:22 - [MESSAGE][PASSED] - Delayed 3 second(s)

2022-07-04 13:04:22 - [TEST_STEP][PASSED] - verifyElementText(findTestObject("Transfer/transferReferenceAccNameTxt", ["accName":accName]), accName): Actual text and expected text of test object 'Object Repository/Transfer/transferReferenceAccNameTxt' are matched.

2022-07-04 13:04:23 - [MESSAGE][PASSED] - Actual text and expected text of test object 'Object Repository/Transfer/transferReferenceAccNameTxt' are matched.

2022-07-04 13:04:23 - [TEST_STEP][PASSED] - verifyElementText(findTestObject("Transfer/transferReferenceAccNoTxt", ["accNo":accNo]), accNo): Actual text and expected text of test object 'Object Repository/Transfer/transferReferenceAccNoTxt' are matched.

2022-07-04 13:04:23 - [MESSAGE][PASSED] - Actual text and expected text of test object 'Object Repository/Transfer/transferReferenceAccNoTxt' are matched.

2022-07-04 13:04:23 - [TEST_STEP][PASSED] - verifyElementText(findTestObject("Transfer/transferReferenceAccBankTxt", ["accBank":accBank]), accBank): Actual text and expected text of test object 'Object Repository/Transfer/transferReferenceAccBankTxt' are matched.

2022-07-04 13:04:23 - [MESSAGE][PASSED] - Actual text and expected text of test object 'Object Repository/Transfer/transferReferenceAccBankTxt' are matched.

2022-07-04 13:04:23 - [TEST_STEP][PASSED] - verifyElementExist(findTestObject("Transfer/transferReferenceInputField"), 0): Element 'Object Repository/Transfer/transferReferenceInputField' is exist

2022-07-04 13:04:23 - [MESSAGE][WARNING] - Timeout '0' is invalid. Using default page load timeout: '40'

2022-07-04 13:04:23 - [MESSAGE][PASSED] - Element 'Object Repository/Transfer/transferReferenceInputField' is exist

2022-07-04 13:04:23 - [TEST_STEP][PASSED] - setText(findTestObject("Banking/transferReferenceInputField"), reference, 0): Text 'IBGInstantFav' has been set to element 'Object Repository/Banking/transferReferenceInputField'

2022-07-04 13:04:23 - [MESSAGE][WARNING] - Timeout '0' is invalid. Using default page load timeout: '40'

2022-07-04 13:04:24 - [MESSAGE][PASSED] - Text 'IBGInstantFav' has been set to element 'Object Repository/Banking/transferReferenceInputField'

2022-07-04 13:04:24 - [TEST_STEP][PASSED] - hideKeyboard(): Keyboard is hidden

2022-07-04 13:04:26 - [MESSAGE][PASSED] - Keyboard is hidden

2022-07-04 13:04:26 - [TEST_STEP][PASSED] - verifyElementText(findTestObject("Transfer/transferReferenceInputFieldAfter", ["reference":reference]), reference): Actual text and expected text of test object 'Object Repository/Transfer/transferReferenceInputFieldAfter' are matched.

2022-07-04 13:04:26 - [MESSAGE][PASSED] - Actual text and expected text of test object 'Object Repository/Transfer/transferReferenceInputFieldAfter' are matched.

2022-07-04 13:04:26 - [TEST_STEP][PASSED] - tap(findTestObject("Login Onboarding/loginExistingContinueBtn"), 0): Tapped on element 'Object Repository/Login Onboarding/loginExistingContinueBtn'

2022-07-04 13:04:26 - [MESSAGE][WARNING] - Timeout '0' is invalid. Using default page load timeout: '40'

2022-07-04 13:04:26 - [MESSAGE][PASSED] - Tapped on element 'Object Repository/Login Onboarding/loginExistingContinueBtn'

2022-07-04 13:04:26 - [TEST_STEP][PASSED] - verifyElementText(findTestObject("Transfer/transferReferenceAccNameTxt", ["accName":accName]), accName): Actual text and expected text of test object 'Object Repository/Transfer/transferReferenceAccNameTxt' are matched.

2022-07-04 13:04:26 - [MESSAGE][PASSED] - Actual text and expected text of test object 'Object Repository/Transfer/transferReferenceAccNameTxt' are matched.

2022-07-04 13:04:26 - [TEST_STEP][PASSED] - verifyElementText(findTestObject("Transfer/transferReferenceAccNoTxt", ["accNo":accNo]), accNo): Actual text and expected text of test object 'Object Repository/Transfer/transferReferenceAccNoTxt' are matched.

2022-07-04 13:04:27 - [MESSAGE][PASSED] - Actual text and expected text of test object 'Object Repository/Transfer/transferReferenceAccNoTxt' are matched.

2022-07-04 13:04:27 - [TEST_STEP][PASSED] - verifyElementText(findTestObject("Transfer/transferReferenceAccBankTxt", ["accBank":accBank]), accBank): Actual text and expected text of test object 'Object Repository/Transfer/transferReferenceAccBankTxt' are matched.

2022-07-04 13:04:27 - [MESSAGE][PASSED] - Actual text and expected text of test object 'Object Repository/Transfer/transferReferenceAccBankTxt' are matched.

2022-07-04 13:04:27 - [TEST_STEP][PASSED] - delay(3): Delayed 3 second(s)

2022-07-04 13:04:30 - [MESSAGE][PASSED] - Delayed 3 second(s)

2022-07-04 13:04:30 - [TEST_STEP][PASSED] - verifyElementExist(findTestObject("Transfer/instantTransferModeDuitTxt", ["mode":initialMode]), 0): Element 'Object Repository/Transfer/instantTransferModeDuitTxt' is exist

2022-07-04 13:04:30 - [MESSAGE][WARNING] - Timeout '0' is invalid. Using default page load timeout: '40'

2022-07-04 13:04:31 - [MESSAGE][PASSED] - Element 'Object Repository/Transfer/instantTransferModeDuitTxt' is exist

2022-07-04 13:04:31 - [TEST_STEP][PASSED] - tap(findTestObject("Transfer/instantTransferModeDuitTxt", ["mode":initialMode]), 0): Tapped on element 'Object Repository/Transfer/instantTransferModeDuitTxt'

2022-07-04 13:04:31 - [MESSAGE][WARNING] - Timeout '0' is invalid. Using default page load timeout: '40'

2022-07-04 13:04:31 - [MESSAGE][PASSED] - Tapped on element 'Object Repository/Transfer/instantTransferModeDuitTxt'

2022-07-04 13:04:31 - [TEST_STEP][PASSED] - delay(3): Delayed 3 second(s)

2022-07-04 13:04:34 - [MESSAGE][PASSED] - Delayed 3 second(s)

2022-07-04 13:04:34 - [TEST_STEP][PASSED] - scrollToText(selectedMode, STOP_ON_FAILURE): Scrolling to text 'GIRO' successfully

2022-07-04 13:04:34 - [MESSAGE][PASSED] - Scrolling to text 'GIRO' successfully

2022-07-04 13:04:34 - [TEST_STEP][PASSED] - tap(findTestObject("Transfer/instantTransferModeDropdownSelect", ["modeS":selectedMode]), 0): Tapped on element 'Object Repository/Transfer/instantTransferModeDropdownSelect'

2022-07-04 13:04:34 - [MESSAGE][WARNING] - Timeout '0' is invalid. Using default page load timeout: '40'

2022-07-04 13:04:35 - [MESSAGE][PASSED] - Tapped on element 'Object Repository/Transfer/instantTransferModeDropdownSelect'

2022-07-04 13:04:35 - [TEST_STEP][PASSED] - delay(3): Delayed 3 second(s)

2022-07-04 13:04:38 - [MESSAGE][PASSED] - Delayed 3 second(s)

2022-07-04 13:04:38 - [TEST_STEP][PASSED] - tap(findTestObject("Banking/transferModeDropdownDoneBtn"), 0): Tapped on element 'Object Repository/Banking/transferModeDropdownDoneBtn'

2022-07-04 13:04:38 - [MESSAGE][WARNING] - Timeout '0' is invalid. Using default page load timeout: '40'

2022-07-04 13:04:38 - [MESSAGE][PASSED] - Tapped on element 'Object Repository/Banking/transferModeDropdownDoneBtn'

2022-07-04 13:04:38 - [TEST_STEP][PASSED] - delay(3): Delayed 3 second(s)

2022-07-04 13:04:41 - [MESSAGE][PASSED] - Delayed 3 second(s)

2022-07-04 13:04:41 - [TEST_STEP][PASSED] - verifyElementExist(findTestObject("Transfer/instantTransferModeDuitTxt", ["mode":selectedMode]), 0): Element 'Object Repository/Transfer/instantTransferModeDuitTxt' is exist

2022-07-04 13:04:41 - [MESSAGE][WARNING] - Timeout '0' is invalid. Using default page load timeout: '40'

2022-07-04 13:04:41 - [MESSAGE][PASSED] - Element 'Object Repository/Transfer/instantTransferModeDuitTxt' is exist

2022-07-04 13:04:41 - [TEST_STEP][PASSED] - verifyElementExist(findTestObject("Transfer/instantTransferModeTitleTxt"), 0): Element 'Object Repository/Transfer/instantTransferModeTitleTxt' is exist

2022-07-04 13:04:41 - [MESSAGE][WARNING] - Timeout '0' is invalid. Using default page load timeout: '40'

2022-07-04 13:04:41 - [MESSAGE][PASSED] - Element 'Object Repository/Transfer/instantTransferModeTitleTxt' is exist

2022-07-04 13:04:41 - [TEST_STEP][PASSED] - verifyElementExist(findTestObject("Transfer/instantTransferTypeFundTxt"), 0): Element 'Object Repository/Transfer/instantTransferTypeFundTxt' is exist

2022-07-04 13:04:41 - [MESSAGE][WARNING] - Timeout '0' is invalid. Using default page load timeout: '40'

2022-07-04 13:04:41 - [MESSAGE][PASSED] - Element 'Object Repository/Transfer/instantTransferTypeFundTxt' is exist

2022-07-04 13:04:41 - [TEST_STEP][PASSED] - verifyElementExist(findTestObject("Transfer/instantTransferTypeTitleTxt"), 0): Element 'Object Repository/Transfer/instantTransferTypeTitleTxt' is exist

2022-07-04 13:04:42 - [MESSAGE][WARNING] - Timeout '0' is invalid. Using default page load timeout: '40'

2022-07-04 13:04:42 - [MESSAGE][PASSED] - Element 'Object Repository/Transfer/instantTransferTypeTitleTxt' is exist

2022-07-04 13:04:42 - [TEST_STEP][PASSED] - tap(findTestObject("Login Onboarding/loginExistingContinueBtn"), 0): Tapped on element 'Object Repository/Login Onboarding/loginExistingContinueBtn'

2022-07-04 13:04:42 - [MESSAGE][WARNING] - Timeout '0' is invalid. Using default page load timeout: '40'

2022-07-04 13:04:42 - [MESSAGE][PASSED] - Tapped on element 'Object Repository/Login Onboarding/loginExistingContinueBtn'

2022-07-04 13:04:42 - [TEST_STEP][PASSED] - verifyElementText(findTestObject("Transfer/transferConfirmationTransactionDateTxt"), trxDate): Actual text and expected text of test object 'Object Repository/Transfer/transferConfirmationTransactionDateTxt' are matched.

2022-07-04 13:04:46 - [MESSAGE][PASSED] - Actual text and expected text of test object 'Object Repository/Transfer/transferConfirmationTransactionDateTxt' are matched.

2022-07-04 13:04:46 - [TEST_STEP][PASSED] - verifyElementText(findTestObject("Transfer/transferConfirmationAccountNameTxt", ["accName":accName]), accName): Actual text and expected text of test object 'Object Repository/Transfer/transferConfirmationAccountNameTxt' are matched.

2022-07-04 13:04:46 - [MESSAGE][PASSED] - Actual text and expected text of test object 'Object Repository/Transfer/transferConfirmationAccountNameTxt' are matched.

2022-07-04 13:04:46 - [TEST_STEP][PASSED] - verifyElementText(findTestObject("Transfer/transferConfirmationAccountNoTxt", ["accNo":accNo]), accNo): Actual text and expected text of test object 'Object Repository/Transfer/transferConfirmationAccountNoTxt' are matched.

2022-07-04 13:04:47 - [MESSAGE][PASSED] - Actual text and expected text of test object 'Object Repository/Transfer/transferConfirmationAccountNoTxt' are matched.

2022-07-04 13:04:47 - [TEST_STEP][PASSED] - verifyElementText(findTestObject("Transfer/transferConfirmationAmountTxt", ["amount":amount]), amount): Actual text and expected text of test object 'Object Repository/Transfer/transferConfirmationAmountTxt' are matched.

2022-07-04 13:04:47 - [MESSAGE][PASSED] - Actual text and expected text of test object 'Object Repository/Transfer/transferConfirmationAmountTxt' are matched.

2022-07-04 13:04:47 - [TEST_STEP][PASSED] - verifyElementText(findTestObject("Transfer/transferConfirmationTransactionRecRefTxt", ["reference":reference]), reference): Actual text and expected text of test object 'Object Repository/Transfer/transferConfirmationTransactionRecRefTxt' are matched.

2022-07-04 13:04:47 - [MESSAGE][PASSED] - Actual text and expected text of test object 'Object Repository/Transfer/transferConfirmationTransactionRecRefTxt' are matched.

2022-07-04 13:04:47 - [TEST_STEP][PASSED] - verifyElementText(findTestObject("Transfer/transferConfirmationTransactionBankTxt", ["accBank":accBank]), accBank): Actual text and expected text of test object 'Object Repository/Transfer/transferConfirmationTransactionBankTxt' are matched.

2022-07-04 13:04:48 - [MESSAGE][PASSED] - Actual text and expected text of test object 'Object Repository/Transfer/transferConfirmationTransactionBankTxt' are matched.

2022-07-04 13:04:48 - [TEST_STEP][PASSED] - verifyElementText(findTestObject("Transfer/transferConfirmationOptionalGreyWordTxt"), "Optional"): Actual text and expected text of test object 'Object Repository/Transfer/transferConfirmationOptionalGreyWordTxt' are matched.

2022-07-04 13:04:48 - [MESSAGE][PASSED] - Actual text and expected text of test object 'Object Repository/Transfer/transferConfirmationOptionalGreyWordTxt' are matched.

2022-07-04 13:04:48 - [TEST_STEP][PASSED] - verifyElementText(findTestObject("Transfer/instantTransferConfirmationTransactionTypeTxt"), "Fund Transfer"): Actual text and expected text of test object 'Object Repository/Transfer/instantTransferConfirmationTransactionTypeTxt' are matched.

2022-07-04 13:04:48 - [MESSAGE][PASSED] - Actual text and expected text of test object 'Object Repository/Transfer/instantTransferConfirmationTransactionTypeTxt' are matched.

2022-07-04 13:04:48 - [TEST_STEP][PASSED] - verifyElementText(findTestObject("Transfer/instantTransferConfirmationTransactionModeTxt", ["modeC":selectedMode]), selectedMode): Actual text and expected text of test object 'Object Repository/Transfer/instantTransferConfirmationTransactionModeTxt' are matched.

2022-07-04 13:04:48 - [MESSAGE][PASSED] - Actual text and expected text of test object 'Object Repository/Transfer/instantTransferConfirmationTransactionModeTxt' are matched.

2022-07-04 13:04:48 - [TEST_STEP][PASSED] - verifyElementText(findTestObject("Transfer/instantTransferConfirmationTransactionServiceTxt"), "RM 0.00"): Actual text and expected text of test object 'Object Repository/Transfer/instantTransferConfirmationTransactionServiceTxt' are matched.

2022-07-04 13:04:49 - [MESSAGE][PASSED] - Actual text and expected text of test object 'Object Repository/Transfer/instantTransferConfirmationTransactionServiceTxt' are matched.

2022-07-04 13:04:49 - [TEST_STEP][PASSED] - verifyElementExist(findTestObject("Transfer/transferConfirmationBankNameTitleTxt"), 0): Element 'Object Repository/Transfer/transferConfirmationBankNameTitleTxt' is exist

2022-07-04 13:04:49 - [MESSAGE][WARNING] - Timeout '0' is invalid. Using default page load timeout: '40'

2022-07-04 13:04:49 - [MESSAGE][PASSED] - Element 'Object Repository/Transfer/transferConfirmationBankNameTitleTxt' is exist

2022-07-04 13:04:49 - [TEST_STEP][PASSED] - verifyElementExist(findTestObject("Transfer/transferConfirmationDateTitleTxt"), 0): Element 'Object Repository/Transfer/transferConfirmationDateTitleTxt' is exist

2022-07-04 13:04:49 - [MESSAGE][WARNING] - Timeout '0' is invalid. Using default page load timeout: '40'

2022-07-04 13:04:49 - [MESSAGE][PASSED] - Element 'Object Repository/Transfer/transferConfirmationDateTitleTxt' is exist

2022-07-04 13:04:49 - [TEST_STEP][PASSED] - verifyElementExist(findTestObject("Transfer/transferConfirmationRecRefTitleTxt"), 0): Element 'Object Repository/Transfer/transferConfirmationRecRefTitleTxt' is exist

2022-07-04 13:04:49 - [MESSAGE][WARNING] - Timeout '0' is invalid. Using default page load timeout: '40'

2022-07-04 13:04:50 - [MESSAGE][PASSED] - Element 'Object Repository/Transfer/transferConfirmationRecRefTitleTxt' is exist

2022-07-04 13:04:50 - [TEST_STEP][PASSED] - verifyElementExist(findTestObject("Transfer/transferConfirmationPaymentDetailsTitleTxt"), 0): Element 'Object Repository/Transfer/transferConfirmationPaymentDetailsTitleTxt' is exist

2022-07-04 13:04:50 - [MESSAGE][WARNING] - Timeout '0' is invalid. Using default page load timeout: '40'

2022-07-04 13:04:50 - [MESSAGE][PASSED] - Element 'Object Repository/Transfer/transferConfirmationPaymentDetailsTitleTxt' is exist

2022-07-04 13:04:50 - [TEST_STEP][PASSED] - verifyElementExist(findTestObject("Transfer/instantTransferConfirmationModeTitleTxt"), 0): Element 'Object Repository/Transfer/instantTransferConfirmationModeTitleTxt' is exist

2022-07-04 13:04:50 - [MESSAGE][WARNING] - Timeout '0' is invalid. Using default page load timeout: '40'

2022-07-04 13:04:50 - [MESSAGE][PASSED] - Element 'Object Repository/Transfer/instantTransferConfirmationModeTitleTxt' is exist

2022-07-04 13:04:50 - [TEST_STEP][PASSED] - verifyElementExist(findTestObject("Transfer/instantTransferConfirmationServiceFeeTitleTxt"), 0): Element 'Object Repository/Transfer/instantTransferConfirmationServiceFeeTitleTxt' is exist

2022-07-04 13:04:50 - [MESSAGE][WARNING] - Timeout '0' is invalid. Using default page load timeout: '40'

2022-07-04 13:04:50 - [MESSAGE][PASSED] - Element 'Object Repository/Transfer/instantTransferConfirmationServiceFeeTitleTxt' is exist

2022-07-04 13:04:50 - [TEST_STEP][PASSED] - verifyElementExist(findTestObject("Transfer/instantTransferConfirmationTypeTitleTxt"), 0): Element 'Object Repository/Transfer/instantTransferConfirmationTypeTitleTxt' is exist

2022-07-04 13:04:50 - [MESSAGE][WARNING] - Timeout '0' is invalid. Using default page load timeout: '40'

2022-07-04 13:04:51 - [MESSAGE][PASSED] - Element 'Object Repository/Transfer/instantTransferConfirmationTypeTitleTxt' is exist

2022-07-04 13:04:51 - [TEST_STEP][PASSED] - verifyElementExist(findTestObject("Transfer/transferConfirmationNoteTitleTxt"), 0): Element 'Object Repository/Transfer/transferConfirmationNoteTitleTxt' is exist

2022-07-04 13:04:51 - [MESSAGE][WARNING] - Timeout '0' is invalid. Using default page load timeout: '40'

2022-07-04 13:04:51 - [MESSAGE][PASSED] - Element 'Object Repository/Transfer/transferConfirmationNoteTitleTxt' is exist

2022-07-04 13:04:51 - [TEST_STEP][PASSED] - tap(findTestObject("Transfer/transferConfirmationOptionalGreyWordTxt"), 0): Tapped on element 'Object Repository/Transfer/transferConfirmationOptionalGreyWordTxt'

2022-07-04 13:04:51 - [MESSAGE][WARNING] - Timeout '0' is invalid. Using default page load timeout: '40'

2022-07-04 13:04:51 - [MESSAGE][PASSED] - Tapped on element 'Object Repository/Transfer/transferConfirmationOptionalGreyWordTxt'

2022-07-04 13:04:51 - [TEST_STEP][PASSED] - setText(findTestObject("Transfer/transferConfirmationDetailsInputField"), "Test Fav", 0): Text 'Test Fav' has been set to element 'Object Repository/Transfer/transferConfirmationDetailsInputField'

2022-07-04 13:04:51 - [MESSAGE][WARNING] - Timeout '0' is invalid. Using default page load timeout: '40'

2022-07-04 13:04:54 - [MESSAGE][PASSED] - Text 'Test Fav' has been set to element 'Object Repository/Transfer/transferConfirmationDetailsInputField'

2022-07-04 13:04:54 - [TEST_STEP][PASSED] - hideKeyboard(): Keyboard is hidden

2022-07-04 13:04:56 - [MESSAGE][PASSED] - Keyboard is hidden

2022-07-04 13:04:56 - [TEST_STEP][PASSED] - verifyElementText(findTestObject("Transfer/transferConfirmationOptionalGreyWordTxt"), "Test Fav"): Actual text and expected text of test object 'Object Repository/Transfer/transferConfirmationOptionalGreyWordTxt' are matched.

2022-07-04 13:04:56 - [MESSAGE][PASSED] - Actual text and expected text of test object 'Object Repository/Transfer/transferConfirmationOptionalGreyWordTxt' are matched.

2022-07-04 13:04:56 - [TEST_STEP][PASSED] - device_Height_2 = getDeviceHeight(): Current device physical height is 2167

2022-07-04 13:04:57 - [MESSAGE][PASSED] - Current device physical height is 2167

2022-07-04 13:04:57 - [TEST_STEP][PASSED] - device_Width_2 = getDeviceWidth(): Current device physical width is 1080

2022-07-04 13:04:57 - [MESSAGE][PASSED] - Current device physical width is 1080

2022-07-04 13:04:57 - [TEST_STEP][PASSED] - startX_2 = device_Width_2 / 2: null

2022-07-04 13:04:57 - [TEST_STEP][PASSED] - endX_2 = startX_2: null

2022-07-04 13:04:57 - [TEST_STEP][PASSED] - startY_2 = device_Height_2 * 0.30: null

2022-07-04 13:04:57 - [TEST_STEP][PASSED] - endY_2 = device_Height_2 * 0.70: null

2022-07-04 13:04:57 - [TEST_STEP][PASSED] - swipe(startX_2, endY_2, endX_2, startY_2): Swiped from 540,1,516 to 540,650

2022-07-04 13:04:58 - [MESSAGE][PASSED] - Swiped from 540,1,516 to 540,650

2022-07-04 13:04:58 - [TEST_STEP][PASSED] - verifyElementExist(findTestObject("Transfer/instantTransferConfirmationNotes1Txt"), 0): Element 'Object Repository/Transfer/instantTransferConfirmationNotes1Txt' is exist

2022-07-04 13:04:58 - [MESSAGE][WARNING] - Timeout '0' is invalid. Using default page load timeout: '40'

2022-07-04 13:04:58 - [MESSAGE][PASSED] - Element 'Object Repository/Transfer/instantTransferConfirmationNotes1Txt' is exist

2022-07-04 13:04:58 - [TEST_STEP][PASSED] - verifyElementExist(findTestObject("Transfer/transferConfirmationFTransferFromTitleTxt"), 0): Element 'Object Repository/Transfer/transferConfirmationFTransferFromTitleTxt' is exist

2022-07-04 13:04:58 - [MESSAGE][WARNING] - Timeout '0' is invalid. Using default page load timeout: '40'

2022-07-04 13:04:58 - [MESSAGE][PASSED] - Element 'Object Repository/Transfer/transferConfirmationFTransferFromTitleTxt' is exist

2022-07-04 13:04:58 - [TEST_STEP][PASSED] - verifyElementExist(findTestObject("Transfer/instantTransferConfirmationNotes2Txt"), 0): Element 'Object Repository/Transfer/instantTransferConfirmationNotes2Txt' is exist

2022-07-04 13:04:58 - [MESSAGE][WARNING] - Timeout '0' is invalid. Using default page load timeout: '40'

2022-07-04 13:04:59 - [MESSAGE][PASSED] - Element 'Object Repository/Transfer/instantTransferConfirmationNotes2Txt' is exist

2022-07-04 13:04:59 - [TEST_STEP][PASSED] - verifyElementText(findTestObject("Transfer/transferConfirmationFromAccTypeTxt", ["accType":accTypeFrom]), accTypeFrom): Actual text and expected text of test object 'Object Repository/Transfer/transferConfirmationFromAccTypeTxt' are matched.

2022-07-04 13:04:59 - [MESSAGE][PASSED] - Actual text and expected text of test object 'Object Repository/Transfer/transferConfirmationFromAccTypeTxt' are matched.

2022-07-04 13:04:59 - [TEST_STEP][PASSED] - verifyElementText(findTestObject("Transfer/transferConfirmationFromAccNoTxt", ["accNoFrom":accNoFrom]), accNoFrom): Actual text and expected text of test object 'Object Repository/Transfer/transferConfirmationFromAccNoTxt' are matched.

2022-07-04 13:04:59 - [MESSAGE][PASSED] - Actual text and expected text of test object 'Object Repository/Transfer/transferConfirmationFromAccNoTxt' are matched.

2022-07-04 13:04:59 - [TEST_STEP][PASSED] - verifyElementExist(findTestObject("Transfer/transferConfirmationFromAccBalanceTxt"), 0): Element 'Object Repository/Transfer/transferConfirmationFromAccBalanceTxt' is exist

2022-07-04 13:04:59 - [MESSAGE][WARNING] - Timeout '0' is invalid. Using default page load timeout: '40'

2022-07-04 13:04:59 - [MESSAGE][PASSED] - Element 'Object Repository/Transfer/transferConfirmationFromAccBalanceTxt' is exist

2022-07-04 13:04:59 - [TEST_STEP][PASSED] - accountBalance = getText(findTestObject("Transfer/transferConfirmationFromAccBalanceTxt"), 0): Text of element 'Object Repository/Transfer/transferConfirmationFromAccBalanceTxt' is: 'RM 4,069.20'

2022-07-04 13:04:59 - [MESSAGE][WARNING] - Timeout '0' is invalid. Using default page load timeout: '40'

2022-07-04 13:05:00 - [MESSAGE][PASSED] - Text of element 'Object Repository/Transfer/transferConfirmationFromAccBalanceTxt' is: 'RM 4,069.20'

2022-07-04 13:05:00 - [TEST_STEP][PASSED] - println(accountBalance): null

2022-07-04 13:05:00 - [TEST_STEP][PASSED] - tap(findTestObject("Main/mainTransferNowBtn"), 0): Tapped on element 'Object Repository/Main/mainTransferNowBtn'

2022-07-04 13:05:00 - [MESSAGE][WARNING] - Timeout '0' is invalid. Using default page load timeout: '40'

2022-07-04 13:05:00 - [MESSAGE][PASSED] - Tapped on element 'Object Repository/Main/mainTransferNowBtn'

2022-07-04 13:05:00 - [TEST_STEP][PASSED] - if (verifyElementVisible(findTestObject("Festive Season/seasonalGreetingAngpaoTACNoTxt"), 10, OPTIONAL)): Element 'Object Repository/Main/mainS2UApproveBtn' not found

2022-07-04 13:05:10 - [MESSAGE][WARNING] - Element 'Object Repository/Festive Season/seasonalGreetingAngpaoTACNoTxt' not found

2022-07-04 13:05:20 - [MESSAGE][WARNING] - Element 'Object Repository/Main/mainS2UApproveBtn' not found

2022-07-04 13:05:20 - [TEST_STEP][PASSED] - delay(10): Delayed 10 second(s)

2022-07-04 13:05:30 - [MESSAGE][PASSED] - Delayed 10 second(s)

2022-07-04 13:05:30 - [TEST_STEP][FAILED] - verifyElementExist(findTestObject("Festive Season/returnAngpaoStatusMessageTxt"), 0): Element 'Object Repository/Festive Season/returnAngpaoStatusMessageTxt' not found

2022-07-04 13:05:30 - [MESSAGE][WARNING] - Timeout '0' is invalid. Using default page load timeout: '40'

2022-07-04 13:06:10 - [MESSAGE][FAILED] - Element 'Object Repository/Festive Season/returnAngpaoStatusMessageTxt' not found

2022-07-04 13:06:10 - [TEST_STEP][FAILED] - message = getText(findTestObject("Festive Season/returnAngpaoStatusMessageTxt"), 0): Object Object Repository/Festive Season/returnAngpaoStatusMessageTxt not found

2022-07-04 13:06:10 - [MESSAGE][WARNING] - Timeout '0' is invalid. Using default page load timeout: '40'

2022-07-04 13:06:51 - [MESSAGE][FAILED] - Object Object Repository/Festive Season/returnAngpaoStatusMessageTxt not found

2022-07-04 13:06:51 - [TEST_STEP][PASSED] - println(message): null

2022-07-04 13:06:51 - [TEST_STEP][FAILED] - assert message == successTransactionMessage: Test Cases/Transfer/transfer_instantIBGFav FAILED.
Reason:
Assertion failed: 

assert message == successTransactionMessage
       |       |  |
       null    |  Transfer accepted
               false

	at transfer_instantIBGFav.run(transfer_instantIBGFav:368)
	at com.kms.katalon.core.main.ScriptEngine.run(ScriptEngine.java:194)
	at com.kms.katalon.core.main.ScriptEngine.runScriptAsRawText(ScriptEngine.java:119)
	at com.kms.katalon.core.main.TestCaseExecutor.runScript(TestCaseExecutor.java:445)
	at com.kms.katalon.core.main.TestCaseExecutor.doExecute(TestCaseExecutor.java:436)
	at com.kms.katalon.core.main.TestCaseExecutor.processExecutionPhase(TestCaseExecutor.java:415)
	at com.kms.katalon.core.main.TestCaseExecutor.accessMainPhase(TestCaseExecutor.java:407)
	at com.kms.katalon.core.main.TestCaseExecutor.execute(TestCaseExecutor.java:284)
	at com.kms.katalon.core.common.CommonExecutor.accessTestCaseMainPhase(CommonExecutor.java:65)
	at com.kms.katalon.core.main.TestSuiteExecutor.accessTestSuiteMainPhase(TestSuiteExecutor.java:144)
	at com.kms.katalon.core.main.TestSuiteExecutor.execute(TestSuiteExecutor.java:106)
	at com.kms.katalon.core.main.TestCaseMain.startTestSuite(TestCaseMain.java:185)
	at com.kms.katalon.core.main.TestCaseMain$startTestSuite$0.call(Unknown Source)
	at TempTestSuite1656909041518.run(TempTestSuite1656909041518.groovy:36)


2022-07-04 13:06:51 - [MESSAGE][FAILED] - Test Cases/Transfer/transfer_instantIBGFav FAILED.
Reason:
Assertion failed: 

assert message == successTransactionMessage
       |       |  |
       null    |  Transfer accepted
               false

	at transfer_instantIBGFav.run(transfer_instantIBGFav:368)
	at com.kms.katalon.core.main.ScriptEngine.run(ScriptEngine.java:194)
	at com.kms.katalon.core.main.ScriptEngine.runScriptAsRawText(ScriptEngine.java:119)
	at com.kms.katalon.core.main.TestCaseExecutor.runScript(TestCaseExecutor.java:445)
	at com.kms.katalon.core.main.TestCaseExecutor.doExecute(TestCaseExecutor.java:436)
	at com.kms.katalon.core.main.TestCaseExecutor.processExecutionPhase(TestCaseExecutor.java:415)
	at com.kms.katalon.core.main.TestCaseExecutor.accessMainPhase(TestCaseExecutor.java:407)
	at com.kms.katalon.core.main.TestCaseExecutor.execute(TestCaseExecutor.java:284)
	at com.kms.katalon.core.common.CommonExecutor.accessTestCaseMainPhase(CommonExecutor.java:65)
	at com.kms.katalon.core.main.TestSuiteExecutor.accessTestSuiteMainPhase(TestSuiteExecutor.java:144)
	at com.kms.katalon.core.main.TestSuiteExecutor.execute(TestSuiteExecutor.java:106)
	at com.kms.katalon.core.main.TestCaseMain.startTestSuite(TestCaseMain.java:185)
	at com.kms.katalon.core.main.TestCaseMain$startTestSuite$0.call(Unknown Source)
	at TempTestSuite1656909041518.run(TempTestSuite1656909041518.groovy:36)]]></system-out>
         <system-err><![CDATA[2022-07-04 12:59:28 - [TEST_CASE][FAILED] - Test Cases/Transfer/transfer_instantIBGFav: Test Cases/Transfer/transfer_instantIBGFav FAILED.
Reason:
com.kms.katalon.core.exception.StepFailedException: Element 'Object Repository/Transfer/transferFavListAccNameTxt' not found
	at com.kms.katalon.core.keyword.internal.KeywordMain.stepFailed(KeywordMain.groovy:39)
	at com.kms.katalon.core.mobile.keyword.internal.MobileKeywordMain.stepFailed(MobileKeywordMain.groovy:40)
	at com.kms.katalon.core.mobile.keyword.builtin.VerifyElementTextKeyword$_verifyElementText_closure1.doCall(VerifyElementTextKeyword.groovy:49)
	at com.kms.katalon.core.mobile.keyword.builtin.VerifyElementTextKeyword$_verifyElementText_closure1.call(VerifyElementTextKeyword.groovy)
	at com.kms.katalon.core.mobile.keyword.internal.MobileKeywordMain.runKeyword(MobileKeywordMain.groovy:21)
	at com.kms.katalon.core.mobile.keyword.builtin.VerifyElementTextKeyword.verifyElementText(VerifyElementTextKeyword.groovy:62)
	at com.kms.katalon.core.mobile.keyword.builtin.VerifyElementTextKeyword.execute(VerifyElementTextKeyword.groovy:39)
	at com.kms.katalon.core.keyword.internal.KeywordExecutor.executeKeywordForPlatform(KeywordExecutor.groovy:74)
	at com.kms.katalon.core.mobile.keyword.MobileBuiltInKeywords.verifyElementText(MobileBuiltInKeywords.groovy:2901)
	at com.kms.katalon.core.mobile.keyword.MobileBuiltInKeywords$verifyElementText$10.call(Unknown Source)
	at transfer_instantIBGFav.run(transfer_instantIBGFav:91)
	at com.kms.katalon.core.main.ScriptEngine.run(ScriptEngine.java:194)
	at com.kms.katalon.core.main.ScriptEngine.runScriptAsRawText(ScriptEngine.java:119)
	at com.kms.katalon.core.main.TestCaseExecutor.runScript(TestCaseExecutor.java:445)
	at com.kms.katalon.core.main.TestCaseExecutor.doExecute(TestCaseExecutor.java:436)
	at com.kms.katalon.core.main.TestCaseExecutor.processExecutionPhase(TestCaseExecutor.java:415)
	at com.kms.katalon.core.main.TestCaseExecutor.accessMainPhase(TestCaseExecutor.java:407)
	at com.kms.katalon.core.main.TestCaseExecutor.execute(TestCaseExecutor.java:284)
	at com.kms.katalon.core.common.CommonExecutor.accessTestCaseMainPhase(CommonExecutor.java:65)
	at com.kms.katalon.core.main.TestSuiteExecutor.accessTestSuiteMainPhase(TestSuiteExecutor.java:144)
	at com.kms.katalon.core.main.TestSuiteExecutor.execute(TestSuiteExecutor.java:106)
	at com.kms.katalon.core.main.TestCaseMain.startTestSuite(TestCaseMain.java:185)
	at com.kms.katalon.core.main.TestCaseMain$startTestSuite$0.call(Unknown Source)
	at TempTestSuite1656909041518.run(TempTestSuite1656909041518.groovy:36)]]></system-err>
      </testcase>
      <system-out><![CDATA[2022-07-04 12:30:51 - [TEST_SUITE][FAILED] - Regress 3: Test Cases/Transfer/transfer_instantTransferIBG FAILED.
Reason:
Assertion failed: 

assert message == successTransactionMessage
       |       |  |
       |       |  Transfer accepted
       |       false
       Transfer failed

	at transfer_instantTransferIBG.run(transfer_instantTransferIBG:398)
	at com.kms.katalon.core.main.ScriptEngine.run(ScriptEngine.java:194)
	at com.kms.katalon.core.main.ScriptEngine.runScriptAsRawText(ScriptEngine.java:119)
	at com.kms.katalon.core.main.TestCaseExecutor.runScript(TestCaseExecutor.java:445)
	at com.kms.katalon.core.main.TestCaseExecutor.doExecute(TestCaseExecutor.java:436)
	at com.kms.katalon.core.main.TestCaseExecutor.processExecutionPhase(TestCaseExecutor.java:415)
	at com.kms.katalon.core.main.TestCaseExecutor.accessMainPhase(TestCaseExecutor.java:407)
	at com.kms.katalon.core.main.TestCaseExecutor.execute(TestCaseExecutor.java:284)
	at com.kms.katalon.core.common.CommonExecutor.accessTestCaseMainPhase(CommonExecutor.java:65)
	at com.kms.katalon.core.main.TestSuiteExecutor.accessTestSuiteMainPhase(TestSuiteExecutor.java:144)
	at com.kms.katalon.core.main.TestSuiteExecutor.execute(TestSuiteExecutor.java:106)
	at com.kms.katalon.core.main.TestCaseMain.startTestSuite(TestCaseMain.java:185)
	at com.kms.katalon.core.main.TestCaseMain$startTestSuite$0.call(Unknown Source)
	at TempTestSuite1656909041518.run(TempTestSuite1656909041518.groovy:36)]]></system-out>
      <system-err><![CDATA[2022-07-04 12:30:51 - [TEST_SUITE][FAILED] - Regress 3: Test Cases/Transfer/transfer_instantTransferIBG FAILED.
Reason:
Assertion failed: 

assert message == successTransactionMessage
       |       |  |
       |       |  Transfer accepted
       |       false
       Transfer failed

	at transfer_instantTransferIBG.run(transfer_instantTransferIBG:398)
	at com.kms.katalon.core.main.ScriptEngine.run(ScriptEngine.java:194)
	at com.kms.katalon.core.main.ScriptEngine.runScriptAsRawText(ScriptEngine.java:119)
	at com.kms.katalon.core.main.TestCaseExecutor.runScript(TestCaseExecutor.java:445)
	at com.kms.katalon.core.main.TestCaseExecutor.doExecute(TestCaseExecutor.java:436)
	at com.kms.katalon.core.main.TestCaseExecutor.processExecutionPhase(TestCaseExecutor.java:415)
	at com.kms.katalon.core.main.TestCaseExecutor.accessMainPhase(TestCaseExecutor.java:407)
	at com.kms.katalon.core.main.TestCaseExecutor.execute(TestCaseExecutor.java:284)
	at com.kms.katalon.core.common.CommonExecutor.accessTestCaseMainPhase(CommonExecutor.java:65)
	at com.kms.katalon.core.main.TestSuiteExecutor.accessTestSuiteMainPhase(TestSuiteExecutor.java:144)
	at com.kms.katalon.core.main.TestSuiteExecutor.execute(TestSuiteExecutor.java:106)
	at com.kms.katalon.core.main.TestCaseMain.startTestSuite(TestCaseMain.java:185)
	at com.kms.katalon.core.main.TestCaseMain$startTestSuite$0.call(Unknown Source)
	at TempTestSuite1656909041518.run(TempTestSuite1656909041518.groovy:36)]]></system-err>
   </testsuite>
</testsuites>
