<?xml version="1.0" encoding="UTF-8"?>
<testsuites name="Regress 1" time="1173.38" tests="13" failures="0" errors="0">
   <testsuite name="Regress 1" tests="13" failures="0" errors="0" time="1173.38" skipped="0" timestamp="2022-06-24 14:04:09" hostname="a00139272 - localhost" id="Test Suites/Regress 1">
      <properties>
         <property name="deviceName" value="Xiaomi 21061119AG (Android 11)"/>
         <property name="devicePlatform" value=""/>
         <property name="logFolder" value="/Users/a00139272/git/MAE-BAU-MY/Reports/20220624_140359/Regress 1/20220624_140359"/>
         <property name="logFiles" value="/Users/a00139272/git/MAE-BAU-MY/Reports/20220624_140359/Regress 1/20220624_140359/execution0.log, /Users/a00139272/git/MAE-BAU-MY/Reports/20220624_140359/Regress 1/20220624_140359/appium.log"/>
         <property name="attachments" value="/Users/a00139272/Desktop/Screenshot/Onboard.png, /Users/a00139272/Desktop/Screenshot/s2u.png, /Users/a00139272/Desktop/Screenshot/payBillsInstant.png, /Users/a00139272/Desktop/Screenshot/payBillsSchedule.png, /Users/a00139272/Desktop/Screenshot/payBillsAddFav.png, /Users/a00139272/Desktop/Screenshot/payBillsFav.png, /Users/a00139272/Desktop/Screenshot/jomPayInstant.png, /Users/a00139272/Desktop/Screenshot/jomPaySchedule.png, /Users/a00139272/Desktop/Screenshot/jomPayAddFav.png, /Users/a00139272/Desktop/Screenshot/jomPayFav.png, /Users/a00139272/Desktop/Screenshot/zakatInstant.png, /Users/a00139272/Desktop/Screenshot/zakatAddFav.png, /Users/a00139272/Desktop/Screenshot/zakatFav.png"/>
         <property name="hostName" value="a00139272 - localhost"/>
         <property name="os" value="Mac OS X 64bit"/>
         <property name="appiumServerStatus" value="{&quot;value&quot;:{&quot;build&quot;:{&quot;version&quot;:&quot;1.22.1&quot;}},&quot;sessionId&quot;:null,&quot;status&quot;:0}"/>
         <property name="katalonVersion" value="8.3.5.208"/>
         <property name="deviceOS" value="Android"/>
         <property name="appiumVersion" value="1.22.1"/>
         <property name="deviceModel" value="21061119AG"/>
         <property name="hostAddress" value="127.0.0.1"/>
         <property name="deviceManufacturer" value="Xiaomi"/>
         <property name="deviceId" value="002b9cc60508"/>
         <property name="deviceName" value="Xiaomi 21061119AG (Android 11)"/>
         <property name="deviceOSVersion" value="11"/>
      </properties>
      <testcase name="Test Cases/Login Onboard/onboard_onboardIntoMAE" time="153.809" classname="Test Cases/Login Onboard/onboard_onboardIntoMAE" status="PASSED">
         <system-out><![CDATA[2022-06-24 14:04:10 - [TEST_CASE][PASSED] - Test Cases/Login Onboard/onboard_onboardIntoMAE: Test Cases/Login Onboard/onboard_onboardIntoMAE

2022-06-24 14:04:10 - [TEST_STEP][PASSED] - setMobileDriverPreferencesProperty("appPackage", "com.maybank2u.life.sit"): null

2022-06-24 14:04:10 - [TEST_STEP][PASSED] - setMobileDriverPreferencesProperty("appActivity", "com.maybank2u.life.MainActivity"): null

2022-06-24 14:04:10 - [TEST_STEP][PASSED] - startApplication(appPath, false): Started app at: '/Users/a00139272/Katalon Studio/MAE/androidapp/app-dev-universal-release (1).apk'

2022-06-24 14:04:10 - [MESSAGE][INFO] - User set preference: ['appWaitActivity', '*']

2022-06-24 14:04:10 - [MESSAGE][INFO] - User set preference: ['deviceId', '002b9cc60508']

2022-06-24 14:04:10 - [MESSAGE][INFO] - User set preference: ['appPackage', 'com.maybank2u.life.sit']

2022-06-24 14:04:10 - [MESSAGE][INFO] - User set preference: ['appActivity', 'com.maybank2u.life.MainActivity']

2022-06-24 14:04:10 - [MESSAGE][INFO] - Detected NodeJS location: "/usr/local/Cellar/node/17.0.1/bin/node"

2022-06-24 14:04:12 - [MESSAGE][INFO] - Appium server started on port 50,141

2022-06-24 14:04:26 - [MESSAGE][PASSED] - Started app at: '/Users/a00139272/Katalon Studio/MAE/androidapp/app-dev-universal-release (1).apk'

2022-06-24 14:04:26 - [TEST_STEP][PASSED] - if (verifyElementVisible(findTestObject("Login Onboarding/onboardWelcomeSkipBtn"), 0, OPTIONAL)): null

2022-06-24 14:04:26 - [MESSAGE][WARNING] - Timeout '0' is invalid. Using default page load timeout: '40'

2022-06-24 14:04:28 - [MESSAGE][PASSED] - Element 'Object Repository/Login Onboarding/onboardWelcomeSkipBtn' is visible

2022-06-24 14:04:28 - [TEST_STEP][PASSED] - waitForElementPresent(findTestObject("Login Onboarding/onboardWelcomeSkipBtn"), 3000): Element 'Object Repository/Login Onboarding/onboardWelcomeSkipBtn' is present

2022-06-24 14:04:28 - [MESSAGE][PASSED] - Element 'Object Repository/Login Onboarding/onboardWelcomeSkipBtn' is present

2022-06-24 14:04:28 - [TEST_STEP][PASSED] - tap(findTestObject("Login Onboarding/onboardWelcomeSkipBtn"), 0): Tapped on element 'Object Repository/Login Onboarding/onboardWelcomeSkipBtn'

2022-06-24 14:04:28 - [MESSAGE][WARNING] - Timeout '0' is invalid. Using default page load timeout: '40'

2022-06-24 14:04:29 - [MESSAGE][PASSED] - Tapped on element 'Object Repository/Login Onboarding/onboardWelcomeSkipBtn'

2022-06-24 14:04:29 - [TEST_STEP][PASSED] - tap(findTestObject("Login Onboarding/onboardTNCAgreeBtn"), 0): Tapped on element 'Object Repository/Login Onboarding/onboardTNCAgreeBtn'

2022-06-24 14:04:29 - [MESSAGE][WARNING] - Timeout '0' is invalid. Using default page load timeout: '40'

2022-06-24 14:04:29 - [MESSAGE][PASSED] - Tapped on element 'Object Repository/Login Onboarding/onboardTNCAgreeBtn'

2022-06-24 14:04:29 - [TEST_STEP][PASSED] - tap(findTestObject("Dashboard/dashboardSetUpWalletIcon"), 0): Tapped on element 'Object Repository/Dashboard/dashboardSetUpWalletIcon'

2022-06-24 14:04:29 - [MESSAGE][WARNING] - Timeout '0' is invalid. Using default page load timeout: '40'

2022-06-24 14:04:34 - [MESSAGE][PASSED] - Tapped on element 'Object Repository/Dashboard/dashboardSetUpWalletIcon'

2022-06-24 14:04:34 - [TEST_STEP][PASSED] - tap(findTestObject("Login Onboarding/getStartedExistingUserBtn"), 0): Tapped on element 'Object Repository/Login Onboarding/getStartedExistingUserBtn'

2022-06-24 14:04:34 - [MESSAGE][WARNING] - Timeout '0' is invalid. Using default page load timeout: '40'

2022-06-24 14:04:36 - [MESSAGE][PASSED] - Tapped on element 'Object Repository/Login Onboarding/getStartedExistingUserBtn'

2022-06-24 14:04:36 - [TEST_STEP][PASSED] - setText(findTestObject("Login Onboarding/loginExistingUsernameInputField"), Username, 0): Text 'kachu89' has been set to element 'Object Repository/Login Onboarding/loginExistingUsernameInputField'

2022-06-24 14:04:36 - [MESSAGE][WARNING] - Timeout '0' is invalid. Using default page load timeout: '40'

2022-06-24 14:04:39 - [MESSAGE][PASSED] - Text 'kachu89' has been set to element 'Object Repository/Login Onboarding/loginExistingUsernameInputField'

2022-06-24 14:04:39 - [TEST_STEP][PASSED] - hideKeyboard(): Keyboard is hidden

2022-06-24 14:04:41 - [MESSAGE][PASSED] - Keyboard is hidden

2022-06-24 14:04:41 - [TEST_STEP][PASSED] - tap(findTestObject("Login Onboarding/loginExistingContinueBtn"), 0): Tapped on element 'Object Repository/Login Onboarding/loginExistingContinueBtn'

2022-06-24 14:04:41 - [MESSAGE][WARNING] - Timeout '0' is invalid. Using default page load timeout: '40'

2022-06-24 14:04:42 - [MESSAGE][PASSED] - Tapped on element 'Object Repository/Login Onboarding/loginExistingContinueBtn'

2022-06-24 14:04:42 - [TEST_STEP][PASSED] - waitForElementPresent(findTestObject("Login Onboarding/loginExistingMineConfirmationBtn"), 50): Element 'Object Repository/Login Onboarding/loginExistingMineConfirmationBtn' is present

2022-06-24 14:04:43 - [MESSAGE][PASSED] - Element 'Object Repository/Login Onboarding/loginExistingMineConfirmationBtn' is present

2022-06-24 14:04:43 - [TEST_STEP][PASSED] - tap(findTestObject("Login Onboarding/loginExistingMineConfirmationBtn"), 0): Tapped on element 'Object Repository/Login Onboarding/loginExistingMineConfirmationBtn'

2022-06-24 14:04:44 - [MESSAGE][WARNING] - Timeout '0' is invalid. Using default page load timeout: '40'

2022-06-24 14:04:44 - [MESSAGE][PASSED] - Tapped on element 'Object Repository/Login Onboarding/loginExistingMineConfirmationBtn'

2022-06-24 14:04:44 - [TEST_STEP][PASSED] - setText(findTestObject("Login Onboarding/loginPasswordInputField"), Password, 0): Text 'pass1234' has been set to element 'Object Repository/Login Onboarding/loginPasswordInputField'

2022-06-24 14:04:44 - [MESSAGE][WARNING] - Timeout '0' is invalid. Using default page load timeout: '40'

2022-06-24 14:04:46 - [MESSAGE][PASSED] - Text 'pass1234' has been set to element 'Object Repository/Login Onboarding/loginPasswordInputField'

2022-06-24 14:04:46 - [TEST_STEP][PASSED] - hideKeyboard(): Keyboard is hidden

2022-06-24 14:04:51 - [MESSAGE][PASSED] - Keyboard is hidden

2022-06-24 14:04:51 - [TEST_STEP][PASSED] - tap(findTestObject("Login Onboarding/loginExistingContinueBtn"), 0): Tapped on element 'Object Repository/Login Onboarding/loginExistingContinueBtn'

2022-06-24 14:04:51 - [MESSAGE][WARNING] - Timeout '0' is invalid. Using default page load timeout: '40'

2022-06-24 14:04:51 - [MESSAGE][PASSED] - Tapped on element 'Object Repository/Login Onboarding/loginExistingContinueBtn'

2022-06-24 14:04:51 - [TEST_STEP][PASSED] - if (verifyElementVisible(findTestObject("Login Onboarding/Proceed"), 3, OPTIONAL)): Element 'Object Repository/Login Onboarding/Proceed' not found

2022-06-24 14:04:54 - [MESSAGE][WARNING] - Element 'Object Repository/Login Onboarding/Proceed' not found

2022-06-24 14:04:54 - [TEST_STEP][PASSED] - else: null

2022-06-24 14:04:54 - [TEST_STEP][PASSED] - tap(findTestObject("Login Onboarding/PIN1"), 0): Tapped on element 'Object Repository/Login Onboarding/PIN1'

2022-06-24 14:04:54 - [MESSAGE][WARNING] - Timeout '0' is invalid. Using default page load timeout: '40'

2022-06-24 14:05:05 - [MESSAGE][PASSED] - Tapped on element 'Object Repository/Login Onboarding/PIN1'

2022-06-24 14:05:05 - [TEST_STEP][PASSED] - tap(findTestObject("Login Onboarding/PIN1"), 0): Tapped on element 'Object Repository/Login Onboarding/PIN1'

2022-06-24 14:05:05 - [MESSAGE][WARNING] - Timeout '0' is invalid. Using default page load timeout: '40'

2022-06-24 14:05:07 - [MESSAGE][PASSED] - Tapped on element 'Object Repository/Login Onboarding/PIN1'

2022-06-24 14:05:07 - [TEST_STEP][PASSED] - tap(findTestObject("Login Onboarding/PIN1"), 0): Tapped on element 'Object Repository/Login Onboarding/PIN1'

2022-06-24 14:05:07 - [MESSAGE][WARNING] - Timeout '0' is invalid. Using default page load timeout: '40'

2022-06-24 14:05:09 - [MESSAGE][PASSED] - Tapped on element 'Object Repository/Login Onboarding/PIN1'

2022-06-24 14:05:09 - [TEST_STEP][PASSED] - tap(findTestObject("Login Onboarding/PIN1"), 0): Tapped on element 'Object Repository/Login Onboarding/PIN1'

2022-06-24 14:05:09 - [MESSAGE][WARNING] - Timeout '0' is invalid. Using default page load timeout: '40'

2022-06-24 14:05:11 - [MESSAGE][PASSED] - Tapped on element 'Object Repository/Login Onboarding/PIN1'

2022-06-24 14:05:11 - [TEST_STEP][PASSED] - tap(findTestObject("Login Onboarding/PIN1"), 0): Tapped on element 'Object Repository/Login Onboarding/PIN1'

2022-06-24 14:05:11 - [MESSAGE][WARNING] - Timeout '0' is invalid. Using default page load timeout: '40'

2022-06-24 14:05:13 - [MESSAGE][PASSED] - Tapped on element 'Object Repository/Login Onboarding/PIN1'

2022-06-24 14:05:13 - [TEST_STEP][PASSED] - tap(findTestObject("Login Onboarding/PIN2"), 0): Tapped on element 'Object Repository/Login Onboarding/PIN2'

2022-06-24 14:05:13 - [MESSAGE][WARNING] - Timeout '0' is invalid. Using default page load timeout: '40'

2022-06-24 14:05:15 - [MESSAGE][PASSED] - Tapped on element 'Object Repository/Login Onboarding/PIN2'

2022-06-24 14:05:15 - [TEST_STEP][PASSED] - tap(findTestObject("Login Onboarding/loginPinTickBtn"), 0): Tapped on element 'Object Repository/Login Onboarding/loginPinTickBtn'

2022-06-24 14:05:15 - [MESSAGE][WARNING] - Timeout '0' is invalid. Using default page load timeout: '40'

2022-06-24 14:05:17 - [MESSAGE][PASSED] - Tapped on element 'Object Repository/Login Onboarding/loginPinTickBtn'

2022-06-24 14:05:17 - [TEST_STEP][PASSED] - delay(2): Delayed 2 second(s)

2022-06-24 14:05:19 - [MESSAGE][PASSED] - Delayed 2 second(s)

2022-06-24 14:05:19 - [TEST_STEP][PASSED] - tap(findTestObject("Login Onboarding/PIN1"), 0): Tapped on element 'Object Repository/Login Onboarding/PIN1'

2022-06-24 14:05:19 - [MESSAGE][WARNING] - Timeout '0' is invalid. Using default page load timeout: '40'

2022-06-24 14:05:19 - [MESSAGE][PASSED] - Tapped on element 'Object Repository/Login Onboarding/PIN1'

2022-06-24 14:05:19 - [TEST_STEP][PASSED] - tap(findTestObject("Login Onboarding/PIN1"), 0): Tapped on element 'Object Repository/Login Onboarding/PIN1'

2022-06-24 14:05:19 - [MESSAGE][WARNING] - Timeout '0' is invalid. Using default page load timeout: '40'

2022-06-24 14:05:21 - [MESSAGE][PASSED] - Tapped on element 'Object Repository/Login Onboarding/PIN1'

2022-06-24 14:05:21 - [TEST_STEP][PASSED] - tap(findTestObject("Login Onboarding/PIN1"), 0): Tapped on element 'Object Repository/Login Onboarding/PIN1'

2022-06-24 14:05:21 - [MESSAGE][WARNING] - Timeout '0' is invalid. Using default page load timeout: '40'

2022-06-24 14:05:23 - [MESSAGE][PASSED] - Tapped on element 'Object Repository/Login Onboarding/PIN1'

2022-06-24 14:05:23 - [TEST_STEP][PASSED] - tap(findTestObject("Login Onboarding/PIN1"), 0): Tapped on element 'Object Repository/Login Onboarding/PIN1'

2022-06-24 14:05:23 - [MESSAGE][WARNING] - Timeout '0' is invalid. Using default page load timeout: '40'

2022-06-24 14:05:25 - [MESSAGE][PASSED] - Tapped on element 'Object Repository/Login Onboarding/PIN1'

2022-06-24 14:05:25 - [TEST_STEP][PASSED] - tap(findTestObject("Login Onboarding/PIN1"), 0): Tapped on element 'Object Repository/Login Onboarding/PIN1'

2022-06-24 14:05:25 - [MESSAGE][WARNING] - Timeout '0' is invalid. Using default page load timeout: '40'

2022-06-24 14:05:27 - [MESSAGE][PASSED] - Tapped on element 'Object Repository/Login Onboarding/PIN1'

2022-06-24 14:05:27 - [TEST_STEP][PASSED] - tap(findTestObject("Login Onboarding/PIN2"), 0): Tapped on element 'Object Repository/Login Onboarding/PIN2'

2022-06-24 14:05:27 - [MESSAGE][WARNING] - Timeout '0' is invalid. Using default page load timeout: '40'

2022-06-24 14:05:30 - [MESSAGE][PASSED] - Tapped on element 'Object Repository/Login Onboarding/PIN2'

2022-06-24 14:05:30 - [TEST_STEP][PASSED] - delay(2): Delayed 2 second(s)

2022-06-24 14:05:32 - [MESSAGE][PASSED] - Delayed 2 second(s)

2022-06-24 14:05:32 - [TEST_STEP][PASSED] - tap(findTestObject("Login Onboarding/loginPinTickBtn"), 0): Tapped on element 'Object Repository/Login Onboarding/loginPinTickBtn'

2022-06-24 14:05:32 - [MESSAGE][WARNING] - Timeout '0' is invalid. Using default page load timeout: '40'

2022-06-24 14:05:33 - [MESSAGE][PASSED] - Tapped on element 'Object Repository/Login Onboarding/loginPinTickBtn'

2022-06-24 14:05:33 - [TEST_STEP][PASSED] - tap(findTestObject("Login Onboarding/loginTouchIDSetUpLaterBtn"), 0): Tapped on element 'Object Repository/Login Onboarding/loginTouchIDSetUpLaterBtn'

2022-06-24 14:05:33 - [MESSAGE][WARNING] - Timeout '0' is invalid. Using default page load timeout: '40'

2022-06-24 14:05:35 - [MESSAGE][PASSED] - Tapped on element 'Object Repository/Login Onboarding/loginTouchIDSetUpLaterBtn'

2022-06-24 14:05:35 - [TEST_STEP][PASSED] - tap(findTestObject("Login Onboarding/loginVerifyNumberYesProceedBtn"), 0): Tapped on element 'Object Repository/Login Onboarding/loginVerifyNumberYesProceedBtn'

2022-06-24 14:05:35 - [MESSAGE][WARNING] - Timeout '0' is invalid. Using default page load timeout: '40'

2022-06-24 14:05:36 - [MESSAGE][PASSED] - Tapped on element 'Object Repository/Login Onboarding/loginVerifyNumberYesProceedBtn'

2022-06-24 14:05:36 - [TEST_STEP][PASSED] - OTP = getText(findTestObject("Login Onboarding/secureGetOTPTxt"), 0): Text of element 'Object Repository/Login Onboarding/secureGetOTPTxt' is: 'Your OTP no. is 197639'

2022-06-24 14:05:36 - [MESSAGE][WARNING] - Timeout '0' is invalid. Using default page load timeout: '40'

2022-06-24 14:05:47 - [MESSAGE][PASSED] - Text of element 'Object Repository/Login Onboarding/secureGetOTPTxt' is: 'Your OTP no. is 197639'

2022-06-24 14:05:47 - [TEST_STEP][PASSED] - for ([i = 16, i <= 21, (i++)]): Tapped on element 'Object Repository/Login Onboarding/PIN9'

2022-06-24 14:05:47 - [TEST_STEP][PASSED] - if (OTP[i] == "0"): null

2022-06-24 14:05:47 - [TEST_STEP][PASSED] - if (OTP[i] == "1"): Tapped on element 'Object Repository/Login Onboarding/PIN1'

2022-06-24 14:05:47 - [TEST_STEP][PASSED] - tap(findTestObject("Login Onboarding/PIN1"), 0): Tapped on element 'Object Repository/Login Onboarding/PIN1'

2022-06-24 14:05:47 - [MESSAGE][WARNING] - Timeout '0' is invalid. Using default page load timeout: '40'

2022-06-24 14:05:47 - [MESSAGE][PASSED] - Tapped on element 'Object Repository/Login Onboarding/PIN1'

2022-06-24 14:05:47 - [TEST_STEP][PASSED] - if (OTP[i] == "2"): null

2022-06-24 14:05:47 - [TEST_STEP][PASSED] - if (OTP[i] == "3"): null

2022-06-24 14:05:47 - [TEST_STEP][PASSED] - if (OTP[i] == "4"): null

2022-06-24 14:05:47 - [TEST_STEP][PASSED] - if (OTP[i] == "5"): null

2022-06-24 14:05:47 - [TEST_STEP][PASSED] - if (OTP[i] == "6"): null

2022-06-24 14:05:47 - [TEST_STEP][PASSED] - if (OTP[i] == "7"): null

2022-06-24 14:05:47 - [TEST_STEP][PASSED] - if (OTP[i] == "8"): null

2022-06-24 14:05:47 - [TEST_STEP][PASSED] - if (OTP[i] == "9"): null

2022-06-24 14:05:47 - [TEST_STEP][PASSED] - if (OTP[i] == "0"): null

2022-06-24 14:05:47 - [TEST_STEP][PASSED] - if (OTP[i] == "1"): null

2022-06-24 14:05:47 - [TEST_STEP][PASSED] - if (OTP[i] == "2"): null

2022-06-24 14:05:47 - [TEST_STEP][PASSED] - if (OTP[i] == "3"): null

2022-06-24 14:05:47 - [TEST_STEP][PASSED] - if (OTP[i] == "4"): null

2022-06-24 14:05:47 - [TEST_STEP][PASSED] - if (OTP[i] == "5"): null

2022-06-24 14:05:47 - [TEST_STEP][PASSED] - if (OTP[i] == "6"): null

2022-06-24 14:05:47 - [TEST_STEP][PASSED] - if (OTP[i] == "7"): null

2022-06-24 14:05:47 - [TEST_STEP][PASSED] - if (OTP[i] == "8"): null

2022-06-24 14:05:47 - [TEST_STEP][PASSED] - if (OTP[i] == "9"): Tapped on element 'Object Repository/Login Onboarding/PIN9'

2022-06-24 14:05:47 - [TEST_STEP][PASSED] - tap(findTestObject("Login Onboarding/PIN9"), 0): Tapped on element 'Object Repository/Login Onboarding/PIN9'

2022-06-24 14:05:47 - [MESSAGE][WARNING] - Timeout '0' is invalid. Using default page load timeout: '40'

2022-06-24 14:05:49 - [MESSAGE][PASSED] - Tapped on element 'Object Repository/Login Onboarding/PIN9'

2022-06-24 14:05:49 - [TEST_STEP][PASSED] - if (OTP[i] == "0"): null

2022-06-24 14:05:49 - [TEST_STEP][PASSED] - if (OTP[i] == "1"): null

2022-06-24 14:05:49 - [TEST_STEP][PASSED] - if (OTP[i] == "2"): null

2022-06-24 14:05:49 - [TEST_STEP][PASSED] - if (OTP[i] == "3"): null

2022-06-24 14:05:49 - [TEST_STEP][PASSED] - if (OTP[i] == "4"): null

2022-06-24 14:05:49 - [TEST_STEP][PASSED] - if (OTP[i] == "5"): null

2022-06-24 14:05:49 - [TEST_STEP][PASSED] - if (OTP[i] == "6"): null

2022-06-24 14:05:49 - [TEST_STEP][PASSED] - if (OTP[i] == "7"): Tapped on element 'Object Repository/Login Onboarding/PIN7'

2022-06-24 14:05:49 - [TEST_STEP][PASSED] - tap(findTestObject("Login Onboarding/PIN7"), 0): Tapped on element 'Object Repository/Login Onboarding/PIN7'

2022-06-24 14:05:49 - [MESSAGE][WARNING] - Timeout '0' is invalid. Using default page load timeout: '40'

2022-06-24 14:05:51 - [MESSAGE][PASSED] - Tapped on element 'Object Repository/Login Onboarding/PIN7'

2022-06-24 14:05:51 - [TEST_STEP][PASSED] - if (OTP[i] == "8"): null

2022-06-24 14:05:51 - [TEST_STEP][PASSED] - if (OTP[i] == "9"): null

2022-06-24 14:05:51 - [TEST_STEP][PASSED] - if (OTP[i] == "0"): null

2022-06-24 14:05:51 - [TEST_STEP][PASSED] - if (OTP[i] == "1"): null

2022-06-24 14:05:51 - [TEST_STEP][PASSED] - if (OTP[i] == "2"): null

2022-06-24 14:05:51 - [TEST_STEP][PASSED] - if (OTP[i] == "3"): null

2022-06-24 14:05:51 - [TEST_STEP][PASSED] - if (OTP[i] == "4"): null

2022-06-24 14:05:51 - [TEST_STEP][PASSED] - if (OTP[i] == "5"): null

2022-06-24 14:05:51 - [TEST_STEP][PASSED] - if (OTP[i] == "6"): Tapped on element 'Object Repository/Login Onboarding/PIN6'

2022-06-24 14:05:51 - [TEST_STEP][PASSED] - tap(findTestObject("Login Onboarding/PIN6"), 0): Tapped on element 'Object Repository/Login Onboarding/PIN6'

2022-06-24 14:05:51 - [MESSAGE][WARNING] - Timeout '0' is invalid. Using default page load timeout: '40'

2022-06-24 14:05:53 - [MESSAGE][PASSED] - Tapped on element 'Object Repository/Login Onboarding/PIN6'

2022-06-24 14:05:53 - [TEST_STEP][PASSED] - if (OTP[i] == "7"): null

2022-06-24 14:05:53 - [TEST_STEP][PASSED] - if (OTP[i] == "8"): null

2022-06-24 14:05:53 - [TEST_STEP][PASSED] - if (OTP[i] == "9"): null

2022-06-24 14:05:53 - [TEST_STEP][PASSED] - if (OTP[i] == "0"): null

2022-06-24 14:05:53 - [TEST_STEP][PASSED] - if (OTP[i] == "1"): null

2022-06-24 14:05:53 - [TEST_STEP][PASSED] - if (OTP[i] == "2"): null

2022-06-24 14:05:53 - [TEST_STEP][PASSED] - if (OTP[i] == "3"): Tapped on element 'Object Repository/Login Onboarding/PIN3'

2022-06-24 14:05:53 - [TEST_STEP][PASSED] - tap(findTestObject("Login Onboarding/PIN3"), 0): Tapped on element 'Object Repository/Login Onboarding/PIN3'

2022-06-24 14:05:53 - [MESSAGE][WARNING] - Timeout '0' is invalid. Using default page load timeout: '40'

2022-06-24 14:05:55 - [MESSAGE][PASSED] - Tapped on element 'Object Repository/Login Onboarding/PIN3'

2022-06-24 14:05:55 - [TEST_STEP][PASSED] - if (OTP[i] == "4"): null

2022-06-24 14:05:55 - [TEST_STEP][PASSED] - if (OTP[i] == "5"): null

2022-06-24 14:05:55 - [TEST_STEP][PASSED] - if (OTP[i] == "6"): null

2022-06-24 14:05:55 - [TEST_STEP][PASSED] - if (OTP[i] == "7"): null

2022-06-24 14:05:55 - [TEST_STEP][PASSED] - if (OTP[i] == "8"): null

2022-06-24 14:05:55 - [TEST_STEP][PASSED] - if (OTP[i] == "9"): null

2022-06-24 14:05:55 - [TEST_STEP][PASSED] - if (OTP[i] == "0"): null

2022-06-24 14:05:55 - [TEST_STEP][PASSED] - if (OTP[i] == "1"): null

2022-06-24 14:05:55 - [TEST_STEP][PASSED] - if (OTP[i] == "2"): null

2022-06-24 14:05:55 - [TEST_STEP][PASSED] - if (OTP[i] == "3"): null

2022-06-24 14:05:55 - [TEST_STEP][PASSED] - if (OTP[i] == "4"): null

2022-06-24 14:05:55 - [TEST_STEP][PASSED] - if (OTP[i] == "5"): null

2022-06-24 14:05:55 - [TEST_STEP][PASSED] - if (OTP[i] == "6"): null

2022-06-24 14:05:55 - [TEST_STEP][PASSED] - if (OTP[i] == "7"): null

2022-06-24 14:05:55 - [TEST_STEP][PASSED] - if (OTP[i] == "8"): null

2022-06-24 14:05:55 - [TEST_STEP][PASSED] - if (OTP[i] == "9"): Tapped on element 'Object Repository/Login Onboarding/PIN9'

2022-06-24 14:05:55 - [TEST_STEP][PASSED] - tap(findTestObject("Login Onboarding/PIN9"), 0): Tapped on element 'Object Repository/Login Onboarding/PIN9'

2022-06-24 14:05:55 - [MESSAGE][WARNING] - Timeout '0' is invalid. Using default page load timeout: '40'

2022-06-24 14:05:57 - [MESSAGE][PASSED] - Tapped on element 'Object Repository/Login Onboarding/PIN9'

2022-06-24 14:05:57 - [TEST_STEP][PASSED] - delay(3): Delayed 3 second(s)

2022-06-24 14:06:00 - [MESSAGE][PASSED] - Delayed 3 second(s)

2022-06-24 14:06:00 - [TEST_STEP][PASSED] - tap(findTestObject("Login Onboarding/TickOTP"), 0): Tapped on element 'Object Repository/Login Onboarding/TickOTP'

2022-06-24 14:06:00 - [MESSAGE][WARNING] - Timeout '0' is invalid. Using default page load timeout: '40'

2022-06-24 14:06:02 - [MESSAGE][PASSED] - Tapped on element 'Object Repository/Login Onboarding/TickOTP'

2022-06-24 14:06:02 - [TEST_STEP][PASSED] - waitForElementPresent(findTestObject("Login Onboarding/onboardNameInputField"), 30): Element 'Object Repository/Login Onboarding/onboardNameInputField' is present

2022-06-24 14:06:21 - [MESSAGE][PASSED] - Element 'Object Repository/Login Onboarding/onboardNameInputField' is present

2022-06-24 14:06:21 - [TEST_STEP][PASSED] - setText(findTestObject("Login Onboarding/onboardNameInputField"), "kachu", 0): Text 'kachu' has been set to element 'Object Repository/Login Onboarding/onboardNameInputField'

2022-06-24 14:06:21 - [MESSAGE][WARNING] - Timeout '0' is invalid. Using default page load timeout: '40'

2022-06-24 14:06:22 - [MESSAGE][PASSED] - Text 'kachu' has been set to element 'Object Repository/Login Onboarding/onboardNameInputField'

2022-06-24 14:06:22 - [TEST_STEP][PASSED] - hideKeyboard(): Keyboard is hidden

2022-06-24 14:06:24 - [MESSAGE][PASSED] - Keyboard is hidden

2022-06-24 14:06:24 - [TEST_STEP][PASSED] - delay(2): Delayed 2 second(s)

2022-06-24 14:06:26 - [MESSAGE][PASSED] - Delayed 2 second(s)

2022-06-24 14:06:26 - [TEST_STEP][PASSED] - tap(findTestObject("Login Onboarding/loginExistingContinueBtn"), 0): Tapped on element 'Object Repository/Login Onboarding/loginExistingContinueBtn'

2022-06-24 14:06:26 - [MESSAGE][WARNING] - Timeout '0' is invalid. Using default page load timeout: '40'

2022-06-24 14:06:26 - [MESSAGE][PASSED] - Tapped on element 'Object Repository/Login Onboarding/loginExistingContinueBtn'

2022-06-24 14:06:26 - [TEST_STEP][PASSED] - delay(2): Delayed 2 second(s)

2022-06-24 14:06:28 - [MESSAGE][PASSED] - Delayed 2 second(s)

2022-06-24 14:06:28 - [TEST_STEP][PASSED] - driver = getDriver(): null

2022-06-24 14:06:28 - [TEST_STEP][PASSED] - tap(findTestObject("Login Onboarding/loginExistingContinueBtn"), 0): Tapped on element 'Object Repository/Login Onboarding/loginExistingContinueBtn'

2022-06-24 14:06:28 - [MESSAGE][WARNING] - Timeout '0' is invalid. Using default page load timeout: '40'

2022-06-24 14:06:29 - [MESSAGE][PASSED] - Tapped on element 'Object Repository/Login Onboarding/loginExistingContinueBtn'

2022-06-24 14:06:29 - [TEST_STEP][PASSED] - tap(findTestObject("Login Onboarding/onboardReferSkipBtn"), 0): Tapped on element 'Object Repository/Login Onboarding/onboardReferSkipBtn'

2022-06-24 14:06:29 - [MESSAGE][WARNING] - Timeout '0' is invalid. Using default page load timeout: '40'

2022-06-24 14:06:35 - [MESSAGE][PASSED] - Tapped on element 'Object Repository/Login Onboarding/onboardReferSkipBtn'

2022-06-24 14:06:35 - [TEST_STEP][PASSED] - delay(2): Delayed 2 second(s)

2022-06-24 14:06:37 - [MESSAGE][PASSED] - Delayed 2 second(s)

2022-06-24 14:06:37 - [TEST_STEP][PASSED] - takeScreenshot("/Users/a00139272/Desktop/Screenshot/Onboard.png"): Screenshot is taken

2022-06-24 14:06:38 - [MESSAGE][PASSED] - Screenshot is taken
[[ATTACHMENT|/Users/a00139272/Desktop/Screenshot/Onboard.png]]

2022-06-24 14:06:38 - [TEST_STEP][PASSED] - tap(findTestObject("Main/mainDoneBtn"), 0): Tapped on element 'Object Repository/Main/mainDoneBtn'

2022-06-24 14:06:38 - [MESSAGE][WARNING] - Timeout '0' is invalid. Using default page load timeout: '40'

2022-06-24 14:06:38 - [MESSAGE][PASSED] - Tapped on element 'Object Repository/Main/mainDoneBtn'

2022-06-24 14:06:38 - [TEST_STEP][PASSED] - delay(5): Delayed 5 second(s)

2022-06-24 14:06:44 - [MESSAGE][PASSED] - Delayed 5 second(s)]]></system-out>
         <system-err><![CDATA[]]></system-err>
      </testcase>
      <testcase name="Test Cases/Settings/settings_secure2uRegistration" time="111.802" classname="Test Cases/Settings/settings_secure2uRegistration" status="PASSED">
         <system-out><![CDATA[2022-06-24 14:06:44 - [TEST_CASE][PASSED] - Test Cases/Settings/settings_secure2uRegistration: Test Cases/Settings/settings_secure2uRegistration

2022-06-24 14:06:44 - [TEST_STEP][PASSED] - setMobileDriverPreferencesProperty("appPackage", "com.maybank2u.life.sit"): null

2022-06-24 14:06:44 - [TEST_STEP][PASSED] - setMobileDriverPreferencesProperty("appActivity", "com.maybank2u.life.MainActivity"): null

2022-06-24 14:06:44 - [TEST_STEP][PASSED] - startApplication(appPath, false): Started app at: '/Users/a00139272/Katalon Studio/MAE/androidapp/app-dev-universal-release (1).apk'

2022-06-24 14:06:44 - [MESSAGE][INFO] - User set preference: ['appWaitActivity', '*']

2022-06-24 14:06:44 - [MESSAGE][INFO] - User set preference: ['deviceId', '002b9cc60508']

2022-06-24 14:06:44 - [MESSAGE][INFO] - User set preference: ['appPackage', 'com.maybank2u.life.sit']

2022-06-24 14:06:44 - [MESSAGE][INFO] - User set preference: ['appActivity', 'com.maybank2u.life.MainActivity']

2022-06-24 14:06:53 - [MESSAGE][PASSED] - Started app at: '/Users/a00139272/Katalon Studio/MAE/androidapp/app-dev-universal-release (1).apk'

2022-06-24 14:06:53 - [TEST_STEP][PASSED] - delay(3): Delayed 3 second(s)

2022-06-24 14:06:56 - [MESSAGE][PASSED] - Delayed 3 second(s)

2022-06-24 14:06:56 - [TEST_STEP][PASSED] - device_Height = getDeviceHeight(): Current device physical height is 2167

2022-06-24 14:06:56 - [MESSAGE][PASSED] - Current device physical height is 2167

2022-06-24 14:06:56 - [TEST_STEP][PASSED] - device_Width = getDeviceWidth(): Current device physical width is 1080

2022-06-24 14:06:56 - [MESSAGE][PASSED] - Current device physical width is 1080

2022-06-24 14:06:56 - [TEST_STEP][PASSED] - startX = device_Width / 1.25: null

2022-06-24 14:06:56 - [TEST_STEP][PASSED] - startY = device_Height * 0.97: null

2022-06-24 14:06:56 - [TEST_STEP][PASSED] - tapAtPosition(startX, startY): Tapped at [864, 2,101]

2022-06-24 14:06:58 - [MESSAGE][PASSED] - Tapped at [864, 2,101]

2022-06-24 14:06:58 - [TEST_STEP][PASSED] - tap(findTestObject("Main/mainSettingsBtn"), 0): Tapped on element 'Object Repository/Main/mainSettingsBtn'

2022-06-24 14:06:58 - [MESSAGE][WARNING] - Timeout '0' is invalid. Using default page load timeout: '40'

2022-06-24 14:07:00 - [MESSAGE][PASSED] - Tapped on element 'Object Repository/Main/mainSettingsBtn'

2022-06-24 14:07:00 - [TEST_STEP][PASSED] - tap(findTestObject("Settings/settingsMaybank2UBtn"), 0): Tapped on element 'Object Repository/Settings/settingsMaybank2UBtn'

2022-06-24 14:07:00 - [MESSAGE][WARNING] - Timeout '0' is invalid. Using default page load timeout: '40'

2022-06-24 14:07:02 - [MESSAGE][PASSED] - Tapped on element 'Object Repository/Settings/settingsMaybank2UBtn'

2022-06-24 14:07:02 - [TEST_STEP][PASSED] - if (verifyElementVisible(findTestObject("Login Onboarding/loginEnterPasswordMessage"), 0, OPTIONAL)): null

2022-06-24 14:07:02 - [MESSAGE][WARNING] - Timeout '0' is invalid. Using default page load timeout: '40'

2022-06-24 14:07:06 - [MESSAGE][PASSED] - Element 'Object Repository/Login Onboarding/loginEnterPasswordMessage' is visible

2022-06-24 14:07:06 - [TEST_STEP][PASSED] - setText(findTestObject("Login Onboarding/loginPasswordInputField"), Password, 0): Text 'pass1234' has been set to element 'Object Repository/Login Onboarding/loginPasswordInputField'

2022-06-24 14:07:06 - [MESSAGE][WARNING] - Timeout '0' is invalid. Using default page load timeout: '40'

2022-06-24 14:07:07 - [MESSAGE][PASSED] - Text 'pass1234' has been set to element 'Object Repository/Login Onboarding/loginPasswordInputField'

2022-06-24 14:07:07 - [TEST_STEP][PASSED] - hideKeyboard(): Keyboard is hidden

2022-06-24 14:07:12 - [MESSAGE][PASSED] - Keyboard is hidden

2022-06-24 14:07:12 - [TEST_STEP][PASSED] - tap(findTestObject("Login Onboarding/loginExistingContinueBtn"), 0): Tapped on element 'Object Repository/Login Onboarding/loginExistingContinueBtn'

2022-06-24 14:07:12 - [MESSAGE][WARNING] - Timeout '0' is invalid. Using default page load timeout: '40'

2022-06-24 14:07:13 - [MESSAGE][PASSED] - Tapped on element 'Object Repository/Login Onboarding/loginExistingContinueBtn'

2022-06-24 14:07:13 - [TEST_STEP][PASSED] - delay(5): Delayed 5 second(s)

2022-06-24 14:07:18 - [MESSAGE][PASSED] - Delayed 5 second(s)

2022-06-24 14:07:18 - [TEST_STEP][PASSED] - verifyElementExist(findTestObject("Settings/settingS2UToggle"), 0): Element 'Object Repository/Settings/settingS2UToggle' is exist

2022-06-24 14:07:18 - [MESSAGE][WARNING] - Timeout '0' is invalid. Using default page load timeout: '40'

2022-06-24 14:07:42 - [MESSAGE][PASSED] - Element 'Object Repository/Settings/settingS2UToggle' is exist

2022-06-24 14:07:42 - [TEST_STEP][PASSED] - tap(findTestObject("Settings/settingS2UToggle"), 0): Tapped on element 'Object Repository/Settings/settingS2UToggle'

2022-06-24 14:07:42 - [MESSAGE][WARNING] - Timeout '0' is invalid. Using default page load timeout: '40'

2022-06-24 14:07:42 - [MESSAGE][PASSED] - Tapped on element 'Object Repository/Settings/settingS2UToggle'

2022-06-24 14:07:42 - [TEST_STEP][PASSED] - tap(findTestObject("Banking/s2UActivateNowBtn"), 0): Tapped on element 'Object Repository/Banking/s2UActivateNowBtn'

2022-06-24 14:07:42 - [MESSAGE][WARNING] - Timeout '0' is invalid. Using default page load timeout: '40'

2022-06-24 14:07:45 - [MESSAGE][PASSED] - Tapped on element 'Object Repository/Banking/s2UActivateNowBtn'

2022-06-24 14:07:45 - [TEST_STEP][PASSED] - tap(findTestObject("Banking/s2UConfirmBtn"), 0): Tapped on element 'Object Repository/Banking/s2UConfirmBtn'

2022-06-24 14:07:45 - [MESSAGE][WARNING] - Timeout '0' is invalid. Using default page load timeout: '40'

2022-06-24 14:07:47 - [MESSAGE][PASSED] - Tapped on element 'Object Repository/Banking/s2UConfirmBtn'

2022-06-24 14:07:47 - [TEST_STEP][PASSED] - OTP = getText(findTestObject("Login Onboarding/secureGetOTPTxt"), 0): Text of element 'Object Repository/Login Onboarding/secureGetOTPTxt' is: 'Your OTP no. is 383054'

2022-06-24 14:07:47 - [MESSAGE][WARNING] - Timeout '0' is invalid. Using default page load timeout: '40'

2022-06-24 14:07:51 - [MESSAGE][PASSED] - Text of element 'Object Repository/Login Onboarding/secureGetOTPTxt' is: 'Your OTP no. is 383054'

2022-06-24 14:07:51 - [TEST_STEP][PASSED] - for ([i = 16, i <= 21, (i++)]): null

2022-06-24 14:07:51 - [TEST_STEP][PASSED] - if (OTP[i] == "0"): null

2022-06-24 14:07:51 - [TEST_STEP][PASSED] - if (OTP[i] == "1"): null

2022-06-24 14:07:51 - [TEST_STEP][PASSED] - if (OTP[i] == "2"): null

2022-06-24 14:07:51 - [TEST_STEP][PASSED] - if (OTP[i] == "3"): Tapped on element 'Object Repository/Login Onboarding/PIN3'

2022-06-24 14:07:51 - [TEST_STEP][PASSED] - tap(findTestObject("Login Onboarding/PIN3"), 0): Tapped on element 'Object Repository/Login Onboarding/PIN3'

2022-06-24 14:07:51 - [MESSAGE][WARNING] - Timeout '0' is invalid. Using default page load timeout: '40'

2022-06-24 14:07:51 - [MESSAGE][PASSED] - Tapped on element 'Object Repository/Login Onboarding/PIN3'

2022-06-24 14:07:51 - [TEST_STEP][PASSED] - if (OTP[i] == "4"): null

2022-06-24 14:07:51 - [TEST_STEP][PASSED] - if (OTP[i] == "5"): null

2022-06-24 14:07:51 - [TEST_STEP][PASSED] - if (OTP[i] == "6"): null

2022-06-24 14:07:51 - [TEST_STEP][PASSED] - if (OTP[i] == "7"): null

2022-06-24 14:07:51 - [TEST_STEP][PASSED] - if (OTP[i] == "8"): null

2022-06-24 14:07:51 - [TEST_STEP][PASSED] - if (OTP[i] == "9"): null

2022-06-24 14:07:51 - [TEST_STEP][PASSED] - if (OTP[i] == "0"): null

2022-06-24 14:07:51 - [TEST_STEP][PASSED] - if (OTP[i] == "1"): null

2022-06-24 14:07:51 - [TEST_STEP][PASSED] - if (OTP[i] == "2"): null

2022-06-24 14:07:51 - [TEST_STEP][PASSED] - if (OTP[i] == "3"): null

2022-06-24 14:07:51 - [TEST_STEP][PASSED] - if (OTP[i] == "4"): null

2022-06-24 14:07:51 - [TEST_STEP][PASSED] - if (OTP[i] == "5"): null

2022-06-24 14:07:51 - [TEST_STEP][PASSED] - if (OTP[i] == "6"): null

2022-06-24 14:07:51 - [TEST_STEP][PASSED] - if (OTP[i] == "7"): null

2022-06-24 14:07:51 - [TEST_STEP][PASSED] - if (OTP[i] == "8"): Tapped on element 'Object Repository/Login Onboarding/PIN8'

2022-06-24 14:07:51 - [TEST_STEP][PASSED] - tap(findTestObject("Login Onboarding/PIN8"), 0): Tapped on element 'Object Repository/Login Onboarding/PIN8'

2022-06-24 14:07:51 - [MESSAGE][WARNING] - Timeout '0' is invalid. Using default page load timeout: '40'

2022-06-24 14:07:53 - [MESSAGE][PASSED] - Tapped on element 'Object Repository/Login Onboarding/PIN8'

2022-06-24 14:07:53 - [TEST_STEP][PASSED] - if (OTP[i] == "9"): null

2022-06-24 14:07:53 - [TEST_STEP][PASSED] - if (OTP[i] == "0"): null

2022-06-24 14:07:53 - [TEST_STEP][PASSED] - if (OTP[i] == "1"): null

2022-06-24 14:07:53 - [TEST_STEP][PASSED] - if (OTP[i] == "2"): null

2022-06-24 14:07:53 - [TEST_STEP][PASSED] - if (OTP[i] == "3"): Tapped on element 'Object Repository/Login Onboarding/PIN3'

2022-06-24 14:07:53 - [TEST_STEP][PASSED] - tap(findTestObject("Login Onboarding/PIN3"), 0): Tapped on element 'Object Repository/Login Onboarding/PIN3'

2022-06-24 14:07:53 - [MESSAGE][WARNING] - Timeout '0' is invalid. Using default page load timeout: '40'

2022-06-24 14:07:55 - [MESSAGE][PASSED] - Tapped on element 'Object Repository/Login Onboarding/PIN3'

2022-06-24 14:07:55 - [TEST_STEP][PASSED] - if (OTP[i] == "4"): null

2022-06-24 14:07:55 - [TEST_STEP][PASSED] - if (OTP[i] == "5"): null

2022-06-24 14:07:55 - [TEST_STEP][PASSED] - if (OTP[i] == "6"): null

2022-06-24 14:07:55 - [TEST_STEP][PASSED] - if (OTP[i] == "7"): null

2022-06-24 14:07:55 - [TEST_STEP][PASSED] - if (OTP[i] == "8"): null

2022-06-24 14:07:55 - [TEST_STEP][PASSED] - if (OTP[i] == "9"): null

2022-06-24 14:07:55 - [TEST_STEP][PASSED] - if (OTP[i] == "0"): Tapped on element 'Object Repository/Login Onboarding/PIN0'

2022-06-24 14:07:55 - [TEST_STEP][PASSED] - tap(findTestObject("Login Onboarding/PIN0"), 0): Tapped on element 'Object Repository/Login Onboarding/PIN0'

2022-06-24 14:07:55 - [MESSAGE][WARNING] - Timeout '0' is invalid. Using default page load timeout: '40'

2022-06-24 14:07:57 - [MESSAGE][PASSED] - Tapped on element 'Object Repository/Login Onboarding/PIN0'

2022-06-24 14:07:57 - [TEST_STEP][PASSED] - if (OTP[i] == "1"): null

2022-06-24 14:07:57 - [TEST_STEP][PASSED] - if (OTP[i] == "2"): null

2022-06-24 14:07:57 - [TEST_STEP][PASSED] - if (OTP[i] == "3"): null

2022-06-24 14:07:57 - [TEST_STEP][PASSED] - if (OTP[i] == "4"): null

2022-06-24 14:07:57 - [TEST_STEP][PASSED] - if (OTP[i] == "5"): null

2022-06-24 14:07:57 - [TEST_STEP][PASSED] - if (OTP[i] == "6"): null

2022-06-24 14:07:57 - [TEST_STEP][PASSED] - if (OTP[i] == "7"): null

2022-06-24 14:07:57 - [TEST_STEP][PASSED] - if (OTP[i] == "8"): null

2022-06-24 14:07:57 - [TEST_STEP][PASSED] - if (OTP[i] == "9"): null

2022-06-24 14:07:57 - [TEST_STEP][PASSED] - if (OTP[i] == "0"): null

2022-06-24 14:07:57 - [TEST_STEP][PASSED] - if (OTP[i] == "1"): null

2022-06-24 14:07:57 - [TEST_STEP][PASSED] - if (OTP[i] == "2"): null

2022-06-24 14:07:57 - [TEST_STEP][PASSED] - if (OTP[i] == "3"): null

2022-06-24 14:07:57 - [TEST_STEP][PASSED] - if (OTP[i] == "4"): null

2022-06-24 14:07:57 - [TEST_STEP][PASSED] - if (OTP[i] == "5"): Tapped on element 'Object Repository/Login Onboarding/PIN5'

2022-06-24 14:07:57 - [TEST_STEP][PASSED] - tap(findTestObject("Login Onboarding/PIN5"), 0): Tapped on element 'Object Repository/Login Onboarding/PIN5'

2022-06-24 14:07:57 - [MESSAGE][WARNING] - Timeout '0' is invalid. Using default page load timeout: '40'

2022-06-24 14:07:59 - [MESSAGE][PASSED] - Tapped on element 'Object Repository/Login Onboarding/PIN5'

2022-06-24 14:07:59 - [TEST_STEP][PASSED] - if (OTP[i] == "6"): null

2022-06-24 14:07:59 - [TEST_STEP][PASSED] - if (OTP[i] == "7"): null

2022-06-24 14:07:59 - [TEST_STEP][PASSED] - if (OTP[i] == "8"): null

2022-06-24 14:07:59 - [TEST_STEP][PASSED] - if (OTP[i] == "9"): null

2022-06-24 14:07:59 - [TEST_STEP][PASSED] - if (OTP[i] == "0"): null

2022-06-24 14:07:59 - [TEST_STEP][PASSED] - if (OTP[i] == "1"): null

2022-06-24 14:07:59 - [TEST_STEP][PASSED] - if (OTP[i] == "2"): null

2022-06-24 14:07:59 - [TEST_STEP][PASSED] - if (OTP[i] == "3"): null

2022-06-24 14:07:59 - [TEST_STEP][PASSED] - if (OTP[i] == "4"): Tapped on element 'Object Repository/Login Onboarding/PIN4'

2022-06-24 14:07:59 - [TEST_STEP][PASSED] - tap(findTestObject("Login Onboarding/PIN4"), 0): Tapped on element 'Object Repository/Login Onboarding/PIN4'

2022-06-24 14:07:59 - [MESSAGE][WARNING] - Timeout '0' is invalid. Using default page load timeout: '40'

2022-06-24 14:08:02 - [MESSAGE][PASSED] - Tapped on element 'Object Repository/Login Onboarding/PIN4'

2022-06-24 14:08:02 - [TEST_STEP][PASSED] - if (OTP[i] == "5"): null

2022-06-24 14:08:02 - [TEST_STEP][PASSED] - if (OTP[i] == "6"): null

2022-06-24 14:08:02 - [TEST_STEP][PASSED] - if (OTP[i] == "7"): null

2022-06-24 14:08:02 - [TEST_STEP][PASSED] - if (OTP[i] == "8"): null

2022-06-24 14:08:02 - [TEST_STEP][PASSED] - if (OTP[i] == "9"): null

2022-06-24 14:08:02 - [TEST_STEP][PASSED] - delay(3): Delayed 3 second(s)

2022-06-24 14:08:05 - [MESSAGE][PASSED] - Delayed 3 second(s)

2022-06-24 14:08:05 - [TEST_STEP][PASSED] - tap(findTestObject("Login Onboarding/TickOTP"), 0): Tapped on element 'Object Repository/Login Onboarding/TickOTP'

2022-06-24 14:08:05 - [MESSAGE][WARNING] - Timeout '0' is invalid. Using default page load timeout: '40'

2022-06-24 14:08:06 - [MESSAGE][PASSED] - Tapped on element 'Object Repository/Login Onboarding/TickOTP'

2022-06-24 14:08:06 - [TEST_STEP][PASSED] - setText(findTestObject("Banking/s2UIDNumberInputField"), S2U_ID, 0): Text '680912085142' has been set to element 'Object Repository/Banking/s2UIDNumberInputField'

2022-06-24 14:08:06 - [MESSAGE][WARNING] - Timeout '0' is invalid. Using default page load timeout: '40'

2022-06-24 14:08:10 - [MESSAGE][PASSED] - Text '680912085142' has been set to element 'Object Repository/Banking/s2UIDNumberInputField'

2022-06-24 14:08:10 - [TEST_STEP][PASSED] - hideKeyboard(): Keyboard is hidden

2022-06-24 14:08:12 - [MESSAGE][PASSED] - Keyboard is hidden

2022-06-24 14:08:12 - [TEST_STEP][PASSED] - tap(findTestObject("Login Onboarding/loginExistingContinueBtn"), 0): Tapped on element 'Object Repository/Login Onboarding/loginExistingContinueBtn'

2022-06-24 14:08:12 - [MESSAGE][WARNING] - Timeout '0' is invalid. Using default page load timeout: '40'

2022-06-24 14:08:13 - [MESSAGE][PASSED] - Tapped on element 'Object Repository/Login Onboarding/loginExistingContinueBtn'

2022-06-24 14:08:13 - [TEST_STEP][PASSED] - delay(3): Delayed 3 second(s)

2022-06-24 14:08:16 - [MESSAGE][PASSED] - Delayed 3 second(s)

2022-06-24 14:08:16 - [TEST_STEP][PASSED] - hideKeyboard(): Keyboard is hidden

2022-06-24 14:08:17 - [MESSAGE][PASSED] - Keyboard is hidden

2022-06-24 14:08:17 - [TEST_STEP][PASSED] - takeScreenshot("/Users/a00139272/Desktop/Screenshot/s2u.png"): Screenshot is taken

2022-06-24 14:08:18 - [MESSAGE][PASSED] - Screenshot is taken
[[ATTACHMENT|/Users/a00139272/Desktop/Screenshot/s2u.png]]

2022-06-24 14:08:18 - [TEST_STEP][PASSED] - waitForElementPresent(findTestObject("Login Onboarding/loginExistingContinueBtn"), 0): Element 'Object Repository/Login Onboarding/loginExistingContinueBtn' is present

2022-06-24 14:08:18 - [MESSAGE][WARNING] - Timeout '0' is invalid. Using default page load timeout: '40'

2022-06-24 14:08:18 - [MESSAGE][PASSED] - Element 'Object Repository/Login Onboarding/loginExistingContinueBtn' is present

2022-06-24 14:08:18 - [TEST_STEP][PASSED] - tap(findTestObject("Login Onboarding/loginExistingContinueBtn"), 0): Tapped on element 'Object Repository/Login Onboarding/loginExistingContinueBtn'

2022-06-24 14:08:18 - [MESSAGE][WARNING] - Timeout '0' is invalid. Using default page load timeout: '40'

2022-06-24 14:08:18 - [MESSAGE][PASSED] - Tapped on element 'Object Repository/Login Onboarding/loginExistingContinueBtn'

2022-06-24 14:08:18 - [TEST_STEP][PASSED] - delay(3): Delayed 3 second(s)

2022-06-24 14:08:21 - [MESSAGE][PASSED] - Delayed 3 second(s)

2022-06-24 14:08:21 - [TEST_STEP][PASSED] - waitForElementPresent(findTestObject("Object Repository/Main/mainTopLeftBackButton"), 0): Element 'Object Repository/Main/mainTopLeftBackButton' is present

2022-06-24 14:08:21 - [MESSAGE][WARNING] - Timeout '0' is invalid. Using default page load timeout: '40'

2022-06-24 14:08:30 - [MESSAGE][PASSED] - Element 'Object Repository/Main/mainTopLeftBackButton' is present

2022-06-24 14:08:30 - [TEST_STEP][PASSED] - tap(findTestObject("Object Repository/Main/mainTopLeftBackButton"), 0): Tapped on element 'Object Repository/Main/mainTopLeftBackButton'

2022-06-24 14:08:30 - [MESSAGE][WARNING] - Timeout '0' is invalid. Using default page load timeout: '40'

2022-06-24 14:08:30 - [MESSAGE][PASSED] - Tapped on element 'Object Repository/Main/mainTopLeftBackButton'

2022-06-24 14:08:30 - [TEST_STEP][PASSED] - delay(5): Delayed 5 second(s)

2022-06-24 14:08:35 - [MESSAGE][PASSED] - Delayed 5 second(s)]]></system-out>
         <system-err><![CDATA[]]></system-err>
      </testcase>
      <testcase name="Test Cases/PayBill/payBills_todayTransaction" time="97.013" classname="Test Cases/PayBill/payBills_todayTransaction" status="PASSED">
         <system-out><![CDATA[2022-06-24 14:08:35 - [TEST_CASE][PASSED] - Test Cases/PayBill/payBills_todayTransaction: Test Cases/PayBill/payBills_todayTransaction

2022-06-24 14:08:36 - [TEST_STEP][PASSED] - delay(5): Delayed 5 second(s)

2022-06-24 14:08:41 - [MESSAGE][PASSED] - Delayed 5 second(s)

2022-06-24 14:08:41 - [TEST_STEP][PASSED] - device_Height = getDeviceHeight(): Current device physical height is 2167

2022-06-24 14:08:41 - [MESSAGE][PASSED] - Current device physical height is 2167

2022-06-24 14:08:41 - [TEST_STEP][PASSED] - device_Width = getDeviceWidth(): Current device physical width is 1080

2022-06-24 14:08:41 - [MESSAGE][PASSED] - Current device physical width is 1080

2022-06-24 14:08:41 - [TEST_STEP][PASSED] - startX = device_Width / 3: null

2022-06-24 14:08:41 - [TEST_STEP][PASSED] - startY = device_Height * 0.97: null

2022-06-24 14:08:41 - [TEST_STEP][PASSED] - tap(findTestObject("Banking/m2uAccountTypeSelection", ["text":accType]), 10): Tapped on element 'Object Repository/Banking/m2uAccountTypeSelection'

2022-06-24 14:08:47 - [MESSAGE][PASSED] - Tapped on element 'Object Repository/Banking/m2uAccountTypeSelection'

2022-06-24 14:08:47 - [TEST_STEP][PASSED] - tap(findTestObject("Banking/m2uAccountPayBillsIconSelect"), 0): Tapped on element 'Object Repository/Banking/m2uAccountPayBillsIconSelect'

2022-06-24 14:08:47 - [MESSAGE][WARNING] - Timeout '0' is invalid. Using default page load timeout: '40'

2022-06-24 14:08:50 - [MESSAGE][PASSED] - Tapped on element 'Object Repository/Banking/m2uAccountPayBillsIconSelect'

2022-06-24 14:08:50 - [TEST_STEP][PASSED] - verifyElementExist(findTestObject("Paybill/payBillsIconSelect"), 40): Element 'Object Repository/Paybill/payBillsIconSelect' is exist

2022-06-24 14:08:56 - [MESSAGE][PASSED] - Element 'Object Repository/Paybill/payBillsIconSelect' is exist

2022-06-24 14:08:56 - [TEST_STEP][PASSED] - tap(findTestObject("Paybill/payBillsIconSelect"), 0): Tapped on element 'Object Repository/Paybill/payBillsIconSelect'

2022-06-24 14:08:57 - [MESSAGE][WARNING] - Timeout '0' is invalid. Using default page load timeout: '40'

2022-06-24 14:08:57 - [MESSAGE][PASSED] - Tapped on element 'Object Repository/Paybill/payBillsIconSelect'

2022-06-24 14:08:57 - [TEST_STEP][PASSED] - tap(findTestObject("Paybill/payBillSearchBillerInputField"), 0): Tapped on element 'Object Repository/Paybill/payBillSearchBillerInputField'

2022-06-24 14:08:57 - [MESSAGE][WARNING] - Timeout '0' is invalid. Using default page load timeout: '40'

2022-06-24 14:09:00 - [MESSAGE][PASSED] - Tapped on element 'Object Repository/Paybill/payBillSearchBillerInputField'

2022-06-24 14:09:00 - [TEST_STEP][PASSED] - setText(findTestObject("Paybill/payBillBillerNameInputField"), payeeName, 0): Text '21st Century' has been set to element 'Object Repository/Paybill/payBillBillerNameInputField'

2022-06-24 14:09:00 - [MESSAGE][WARNING] - Timeout '0' is invalid. Using default page load timeout: '40'

2022-06-24 14:09:02 - [MESSAGE][PASSED] - Text '21st Century' has been set to element 'Object Repository/Paybill/payBillBillerNameInputField'

2022-06-24 14:09:02 - [TEST_STEP][PASSED] - delay(3): Delayed 3 second(s)

2022-06-24 14:09:05 - [MESSAGE][PASSED] - Delayed 3 second(s)

2022-06-24 14:09:05 - [TEST_STEP][PASSED] - tap(findTestObject("Paybill/payBillBillerSelect", ["payeeName":payeeName]), 10): Tapped on element 'Object Repository/Paybill/payBillBillerSelect'

2022-06-24 14:09:06 - [MESSAGE][PASSED] - Tapped on element 'Object Repository/Paybill/payBillBillerSelect'

2022-06-24 14:09:06 - [TEST_STEP][PASSED] - tap(findTestObject("Paybill/payBillBillerSelect", ["payeeName":payeeName]), 10): Tapped on element 'Object Repository/Paybill/payBillBillerSelect'

2022-06-24 14:09:07 - [MESSAGE][PASSED] - Tapped on element 'Object Repository/Paybill/payBillBillerSelect'

2022-06-24 14:09:07 - [TEST_STEP][PASSED] - delay(3): Delayed 3 second(s)

2022-06-24 14:09:10 - [MESSAGE][PASSED] - Delayed 3 second(s)

2022-06-24 14:09:10 - [TEST_STEP][PASSED] - verifyElementText(findTestObject("Paybill/payBillsAccountPayeeNameTxt", ["payee":payeeName]), payeeName): Actual text and expected text of test object 'Object Repository/Paybill/payBillsAccountPayeeNameTxt' are matched.

2022-06-24 14:09:10 - [MESSAGE][PASSED] - Actual text and expected text of test object 'Object Repository/Paybill/payBillsAccountPayeeNameTxt' are matched.

2022-06-24 14:09:10 - [TEST_STEP][PASSED] - verifyElementExist(findTestObject("Paybill/payBillsAccountNumberTitleTxt"), 0): Element 'Object Repository/Paybill/payBillsAccountNumberTitleTxt' is exist

2022-06-24 14:09:10 - [MESSAGE][WARNING] - Timeout '0' is invalid. Using default page load timeout: '40'

2022-06-24 14:09:10 - [MESSAGE][PASSED] - Element 'Object Repository/Paybill/payBillsAccountNumberTitleTxt' is exist

2022-06-24 14:09:10 - [TEST_STEP][PASSED] - setText(findTestObject("Paybill/PayBillAccountNumberInputField"), AccountNo, 0): Text '12299292' has been set to element 'Object Repository/Paybill/PayBillAccountNumberInputField'

2022-06-24 14:09:10 - [MESSAGE][WARNING] - Timeout '0' is invalid. Using default page load timeout: '40'

2022-06-24 14:09:11 - [MESSAGE][PASSED] - Text '12299292' has been set to element 'Object Repository/Paybill/PayBillAccountNumberInputField'

2022-06-24 14:09:11 - [TEST_STEP][PASSED] - hideKeyboard(): Keyboard is hidden

2022-06-24 14:09:14 - [MESSAGE][PASSED] - Keyboard is hidden

2022-06-24 14:09:14 - [TEST_STEP][PASSED] - verifyElementText(findTestObject("Paybill/payBillsAccountNumberInputtedTxt", ["AccountNo":AccountNo]), AccountNo): Actual text and expected text of test object 'Object Repository/Paybill/payBillsAccountNumberInputtedTxt' are matched.

2022-06-24 14:09:14 - [MESSAGE][PASSED] - Actual text and expected text of test object 'Object Repository/Paybill/payBillsAccountNumberInputtedTxt' are matched.

2022-06-24 14:09:14 - [TEST_STEP][PASSED] - tap(findTestObject("Login Onboarding/loginExistingContinueBtn"), 0): Tapped on element 'Object Repository/Login Onboarding/loginExistingContinueBtn'

2022-06-24 14:09:14 - [MESSAGE][WARNING] - Timeout '0' is invalid. Using default page load timeout: '40'

2022-06-24 14:09:14 - [MESSAGE][PASSED] - Tapped on element 'Object Repository/Login Onboarding/loginExistingContinueBtn'

2022-06-24 14:09:14 - [TEST_STEP][PASSED] - delay(3): Delayed 3 second(s)

2022-06-24 14:09:17 - [MESSAGE][PASSED] - Delayed 3 second(s)

2022-06-24 14:09:17 - [TEST_STEP][PASSED] - verifyElementText(findTestObject("Paybill/payBillsAmountPayeeNameTxt", ["payee":payeeName]), payeeName): Actual text and expected text of test object 'Object Repository/Paybill/payBillsAmountPayeeNameTxt' are matched.

2022-06-24 14:09:18 - [MESSAGE][PASSED] - Actual text and expected text of test object 'Object Repository/Paybill/payBillsAmountPayeeNameTxt' are matched.

2022-06-24 14:09:18 - [TEST_STEP][PASSED] - verifyElementText(findTestObject("Paybill/payBillsAmountPayeeAccountNoTxt", ["accNo":accNo]), accNo): Actual text and expected text of test object 'Object Repository/Paybill/payBillsAmountPayeeAccountNoTxt' are matched.

2022-06-24 14:09:18 - [MESSAGE][PASSED] - Actual text and expected text of test object 'Object Repository/Paybill/payBillsAmountPayeeAccountNoTxt' are matched.

2022-06-24 14:09:18 - [TEST_STEP][PASSED] - verifyElementExist(findTestObject("Paybill/payBillsAmountInitialTxt"), 0): Element 'Object Repository/Paybill/payBillsAmountInitialTxt' is exist

2022-06-24 14:09:18 - [MESSAGE][WARNING] - Timeout '0' is invalid. Using default page load timeout: '40'

2022-06-24 14:09:18 - [MESSAGE][PASSED] - Element 'Object Repository/Paybill/payBillsAmountInitialTxt' is exist

2022-06-24 14:09:18 - [TEST_STEP][PASSED] - verifyElementExist(findTestObject("Paybill/payBillsAmountCurrencyTxt"), 0): Element 'Object Repository/Paybill/payBillsAmountCurrencyTxt' is exist

2022-06-24 14:09:18 - [MESSAGE][WARNING] - Timeout '0' is invalid. Using default page load timeout: '40'

2022-06-24 14:09:19 - [MESSAGE][PASSED] - Element 'Object Repository/Paybill/payBillsAmountCurrencyTxt' is exist

2022-06-24 14:09:19 - [TEST_STEP][PASSED] - verifyElementExist(findTestObject("Paybill/payBillsAmountEnterTitleTxt"), 0): Element 'Object Repository/Paybill/payBillsAmountEnterTitleTxt' is exist

2022-06-24 14:09:19 - [MESSAGE][WARNING] - Timeout '0' is invalid. Using default page load timeout: '40'

2022-06-24 14:09:19 - [MESSAGE][PASSED] - Element 'Object Repository/Paybill/payBillsAmountEnterTitleTxt' is exist

2022-06-24 14:09:19 - [TEST_STEP][PASSED] - tap(findTestObject("Login Onboarding/PIN5"), 0): Tapped on element 'Object Repository/Login Onboarding/PIN5'

2022-06-24 14:09:19 - [MESSAGE][WARNING] - Timeout '0' is invalid. Using default page load timeout: '40'

2022-06-24 14:09:19 - [MESSAGE][PASSED] - Tapped on element 'Object Repository/Login Onboarding/PIN5'

2022-06-24 14:09:19 - [TEST_STEP][PASSED] - tap(findTestObject("Login Onboarding/PIN0"), 0): Tapped on element 'Object Repository/Login Onboarding/PIN0'

2022-06-24 14:09:19 - [MESSAGE][WARNING] - Timeout '0' is invalid. Using default page load timeout: '40'

2022-06-24 14:09:19 - [MESSAGE][PASSED] - Tapped on element 'Object Repository/Login Onboarding/PIN0'

2022-06-24 14:09:19 - [TEST_STEP][PASSED] - tap(findTestObject("Login Onboarding/PIN0"), 0): Tapped on element 'Object Repository/Login Onboarding/PIN0'

2022-06-24 14:09:19 - [MESSAGE][WARNING] - Timeout '0' is invalid. Using default page load timeout: '40'

2022-06-24 14:09:20 - [MESSAGE][PASSED] - Tapped on element 'Object Repository/Login Onboarding/PIN0'

2022-06-24 14:09:20 - [TEST_STEP][PASSED] - tap(findTestObject("Login Onboarding/PIN0"), 0): Tapped on element 'Object Repository/Login Onboarding/PIN0'

2022-06-24 14:09:20 - [MESSAGE][WARNING] - Timeout '0' is invalid. Using default page load timeout: '40'

2022-06-24 14:09:20 - [MESSAGE][PASSED] - Tapped on element 'Object Repository/Login Onboarding/PIN0'

2022-06-24 14:09:20 - [TEST_STEP][PASSED] - delay(3): Delayed 3 second(s)

2022-06-24 14:09:23 - [MESSAGE][PASSED] - Delayed 3 second(s)

2022-06-24 14:09:23 - [TEST_STEP][PASSED] - verifyElementText(findTestObject("Paybill/payBillsAmountInputtedTxt", ["value":values]), values): Actual text and expected text of test object 'Object Repository/Paybill/payBillsAmountInputtedTxt' are matched.

2022-06-24 14:09:23 - [MESSAGE][PASSED] - Actual text and expected text of test object 'Object Repository/Paybill/payBillsAmountInputtedTxt' are matched.

2022-06-24 14:09:23 - [TEST_STEP][PASSED] - tap(findTestObject("Main/mainAmountTickBtn"), 0): Tapped on element 'Object Repository/Main/mainAmountTickBtn'

2022-06-24 14:09:23 - [MESSAGE][WARNING] - Timeout '0' is invalid. Using default page load timeout: '40'

2022-06-24 14:09:24 - [MESSAGE][PASSED] - Tapped on element 'Object Repository/Main/mainAmountTickBtn'

2022-06-24 14:09:24 - [TEST_STEP][PASSED] - delay(5): Delayed 5 second(s)

2022-06-24 14:09:29 - [MESSAGE][PASSED] - Delayed 5 second(s)

2022-06-24 14:09:29 - [TEST_STEP][PASSED] - verifyElementText(findTestObject("Paybill/payBillsConfirmPayeeNameTxt", ["payeeName":payeeName]), payeeName): Actual text and expected text of test object 'Object Repository/Paybill/payBillsConfirmPayeeNameTxt' are matched.

2022-06-24 14:09:29 - [MESSAGE][PASSED] - Actual text and expected text of test object 'Object Repository/Paybill/payBillsConfirmPayeeNameTxt' are matched.

2022-06-24 14:09:29 - [TEST_STEP][PASSED] - verifyElementText(findTestObject("Paybill/payBillsConfirmPayeeAccountNoTxt", ["accNo":accNo]), accNo): Actual text and expected text of test object 'Object Repository/Paybill/payBillsConfirmPayeeAccountNoTxt' are matched.

2022-06-24 14:09:29 - [MESSAGE][PASSED] - Actual text and expected text of test object 'Object Repository/Paybill/payBillsConfirmPayeeAccountNoTxt' are matched.

2022-06-24 14:09:29 - [TEST_STEP][PASSED] - verifyElementText(findTestObject("Paybill/payBillsConfirmAmountTxt", ["amount":amount]), amount): Actual text and expected text of test object 'Object Repository/Paybill/payBillsConfirmAmountTxt' are matched.

2022-06-24 14:09:30 - [MESSAGE][PASSED] - Actual text and expected text of test object 'Object Repository/Paybill/payBillsConfirmAmountTxt' are matched.

2022-06-24 14:09:30 - [TEST_STEP][PASSED] - verifyElementExist(findTestObject("Paybill/payBillsConfirmDateTitleTxt"), 0): Element 'Object Repository/Paybill/payBillsConfirmDateTitleTxt' is exist

2022-06-24 14:09:30 - [MESSAGE][WARNING] - Timeout '0' is invalid. Using default page load timeout: '40'

2022-06-24 14:09:30 - [MESSAGE][PASSED] - Element 'Object Repository/Paybill/payBillsConfirmDateTitleTxt' is exist

2022-06-24 14:09:30 - [TEST_STEP][PASSED] - verifyElementText(findTestObject("Paybill/payBillsConfirmDateTxt", ["trxDate":trxDate]), trxDate): Actual text and expected text of test object 'Object Repository/Paybill/payBillsConfirmDateTxt' are matched.

2022-06-24 14:09:30 - [MESSAGE][PASSED] - Actual text and expected text of test object 'Object Repository/Paybill/payBillsConfirmDateTxt' are matched.

2022-06-24 14:09:30 - [TEST_STEP][PASSED] - verifyElementExist(findTestObject("Paybill/payBillsConfirmPayFromTxt"), 0): Element 'Object Repository/Paybill/payBillsConfirmPayFromTxt' is exist

2022-06-24 14:09:30 - [MESSAGE][WARNING] - Timeout '0' is invalid. Using default page load timeout: '40'

2022-06-24 14:09:30 - [MESSAGE][PASSED] - Element 'Object Repository/Paybill/payBillsConfirmPayFromTxt' is exist

2022-06-24 14:09:30 - [TEST_STEP][PASSED] - verifyElementText(findTestObject("Transfer/transferConfirmationFromAccTypeTxt", ["accType":accType]), accType): Actual text and expected text of test object 'Object Repository/Transfer/transferConfirmationFromAccTypeTxt' are matched.

2022-06-24 14:09:31 - [MESSAGE][PASSED] - Actual text and expected text of test object 'Object Repository/Transfer/transferConfirmationFromAccTypeTxt' are matched.

2022-06-24 14:09:31 - [TEST_STEP][PASSED] - verifyElementText(findTestObject("Transfer/transferConfirmationFromAccNoTxt", ["accNoFrom":accNoFrom]), accNoFrom): Actual text and expected text of test object 'Object Repository/Transfer/transferConfirmationFromAccNoTxt' are matched.

2022-06-24 14:09:31 - [MESSAGE][PASSED] - Actual text and expected text of test object 'Object Repository/Transfer/transferConfirmationFromAccNoTxt' are matched.

2022-06-24 14:09:31 - [TEST_STEP][PASSED] - verifyElementExist(findTestObject("Transfer/transferConfirmationFromAccBalanceTxt"), 0): Element 'Object Repository/Transfer/transferConfirmationFromAccBalanceTxt' is exist

2022-06-24 14:09:31 - [MESSAGE][WARNING] - Timeout '0' is invalid. Using default page load timeout: '40'

2022-06-24 14:09:31 - [MESSAGE][PASSED] - Element 'Object Repository/Transfer/transferConfirmationFromAccBalanceTxt' is exist

2022-06-24 14:09:31 - [TEST_STEP][PASSED] - accountBalance = getText(findTestObject("Transfer/transferConfirmationFromAccBalanceTxt"), 0): Text of element 'Object Repository/Transfer/transferConfirmationFromAccBalanceTxt' is: 'RM 2,172.09'

2022-06-24 14:09:31 - [MESSAGE][WARNING] - Timeout '0' is invalid. Using default page load timeout: '40'

2022-06-24 14:09:31 - [MESSAGE][PASSED] - Text of element 'Object Repository/Transfer/transferConfirmationFromAccBalanceTxt' is: 'RM 2,172.09'

2022-06-24 14:09:31 - [TEST_STEP][PASSED] - println(accountBalance): null

2022-06-24 14:09:31 - [TEST_STEP][PASSED] - waitForElementPresent(findTestObject("Main/mainPayNowBtn"), 5): Element 'Object Repository/Main/mainPayNowBtn' is present

2022-06-24 14:09:32 - [MESSAGE][PASSED] - Element 'Object Repository/Main/mainPayNowBtn' is present

2022-06-24 14:09:32 - [TEST_STEP][PASSED] - tap(findTestObject("Main/mainPayNowBtn"), 0): Tapped on element 'Object Repository/Main/mainPayNowBtn'

2022-06-24 14:09:32 - [MESSAGE][WARNING] - Timeout '0' is invalid. Using default page load timeout: '40'

2022-06-24 14:09:32 - [MESSAGE][PASSED] - Tapped on element 'Object Repository/Main/mainPayNowBtn'

2022-06-24 14:09:32 - [TEST_STEP][PASSED] - if (verifyElementVisible(findTestObject("Festive Season/festiveReturnAngpaoTACNoTxt"), 10, OPTIONAL)): Element 'Object Repository/Festive Season/festiveReturnAngpaoTACNoTxt' not found

2022-06-24 14:09:42 - [MESSAGE][WARNING] - Element 'Object Repository/Festive Season/festiveReturnAngpaoTACNoTxt' not found

2022-06-24 14:09:42 - [TEST_STEP][PASSED] - else: Tapped on element 'Object Repository/Main/mainS2UApproveBtn'

2022-06-24 14:09:42 - [TEST_STEP][PASSED] - delay(5): Delayed 5 second(s)

2022-06-24 14:09:47 - [MESSAGE][PASSED] - Delayed 5 second(s)

2022-06-24 14:09:47 - [TEST_STEP][PASSED] - verifyElementVisible(findTestObject("Main/mainS2UApproveBtn"), 10): Element 'Object Repository/Main/mainS2UApproveBtn' is visible

2022-06-24 14:09:47 - [MESSAGE][PASSED] - Element 'Object Repository/Main/mainS2UApproveBtn' is visible

2022-06-24 14:09:47 - [TEST_STEP][PASSED] - tap(findTestObject("Main/mainS2UApproveBtn"), 0): Tapped on element 'Object Repository/Main/mainS2UApproveBtn'

2022-06-24 14:09:47 - [MESSAGE][WARNING] - Timeout '0' is invalid. Using default page load timeout: '40'

2022-06-24 14:09:47 - [MESSAGE][PASSED] - Tapped on element 'Object Repository/Main/mainS2UApproveBtn'

2022-06-24 14:09:47 - [TEST_STEP][PASSED] - verifyElementExist(findTestObject("Festive Season/returnAngpaoStatusMessageTxt"), 0): Element 'Object Repository/Festive Season/returnAngpaoStatusMessageTxt' is exist

2022-06-24 14:09:47 - [MESSAGE][WARNING] - Timeout '0' is invalid. Using default page load timeout: '40'

2022-06-24 14:09:52 - [MESSAGE][PASSED] - Element 'Object Repository/Festive Season/returnAngpaoStatusMessageTxt' is exist

2022-06-24 14:09:52 - [TEST_STEP][PASSED] - message = getText(findTestObject("Festive Season/returnAngpaoStatusMessageTxt"), 10): Text of element 'Object Repository/Festive Season/returnAngpaoStatusMessageTxt' is: 'Payment successful'

2022-06-24 14:09:52 - [MESSAGE][PASSED] - Text of element 'Object Repository/Festive Season/returnAngpaoStatusMessageTxt' is: 'Payment successful'

2022-06-24 14:09:52 - [TEST_STEP][PASSED] - println(message): null

2022-06-24 14:09:52 - [TEST_STEP][PASSED] - assert message == successTransactionMessage: null

2022-06-24 14:09:52 - [TEST_STEP][PASSED] - delay(5): Delayed 5 second(s)

2022-06-24 14:09:57 - [MESSAGE][PASSED] - Delayed 5 second(s)

2022-06-24 14:09:57 - [TEST_STEP][PASSED] - verifyElementExist(findTestObject("Paybill/payBillsSummaryDateTimeTitleTxt"), 0): Element 'Object Repository/Paybill/payBillsSummaryDateTimeTitleTxt' is exist

2022-06-24 14:09:57 - [MESSAGE][WARNING] - Timeout '0' is invalid. Using default page load timeout: '40'

2022-06-24 14:09:57 - [MESSAGE][PASSED] - Element 'Object Repository/Paybill/payBillsSummaryDateTimeTitleTxt' is exist

2022-06-24 14:09:57 - [TEST_STEP][PASSED] - verifyElementExist(findTestObject("Duit Now/duitNowSummaryRefernceIDTitleTxt"), 0): Element 'Object Repository/Duit Now/duitNowSummaryRefernceIDTitleTxt' is exist

2022-06-24 14:09:57 - [MESSAGE][WARNING] - Timeout '0' is invalid. Using default page load timeout: '40'

2022-06-24 14:09:58 - [MESSAGE][PASSED] - Element 'Object Repository/Duit Now/duitNowSummaryRefernceIDTitleTxt' is exist

2022-06-24 14:09:58 - [TEST_STEP][PASSED] - verifyElementExist(findTestObject("Transfer/transferSummaryShareReceiptBtn"), 0): Element 'Object Repository/Transfer/transferSummaryShareReceiptBtn' is exist

2022-06-24 14:09:58 - [MESSAGE][WARNING] - Timeout '0' is invalid. Using default page load timeout: '40'

2022-06-24 14:09:58 - [MESSAGE][PASSED] - Element 'Object Repository/Transfer/transferSummaryShareReceiptBtn' is exist

2022-06-24 14:09:58 - [TEST_STEP][PASSED] - delay(5): Delayed 5 second(s)

2022-06-24 14:10:03 - [MESSAGE][PASSED] - Delayed 5 second(s)

2022-06-24 14:10:03 - [TEST_STEP][PASSED] - referenceID = getText(findTestObject("Send Request Money/requestMoneyPaySummaryRefIDTxt"), 0): Text of element 'Object Repository/Send Request Money/requestMoneyPaySummaryRefIDTxt' is: 'Reference ID'

2022-06-24 14:10:03 - [MESSAGE][WARNING] - Timeout '0' is invalid. Using default page load timeout: '40'

2022-06-24 14:10:03 - [MESSAGE][PASSED] - Text of element 'Object Repository/Send Request Money/requestMoneyPaySummaryRefIDTxt' is: 'Reference ID'

2022-06-24 14:10:03 - [TEST_STEP][PASSED] - println(referenceID): null

2022-06-24 14:10:03 - [TEST_STEP][PASSED] - test = dataFolder: null

2022-06-24 14:10:03 - [TEST_STEP][PASSED] - sheetName = "Sheet1": null

2022-06-24 14:10:03 - [TEST_STEP][PASSED] - file1 = new java.io.File(test): null

2022-06-24 14:10:03 - [TEST_STEP][PASSED] - assert file1.exists() == true: null

2022-06-24 14:10:03 - [TEST_STEP][PASSED] - woorkbook1 = getWorkbook(test): null

2022-06-24 14:10:04 - [TEST_STEP][PASSED] - sheet1 = getExcelSheet(woorkbook1, sheetName): null

2022-06-24 14:10:04 - [TEST_STEP][PASSED] - setValueToCellByIndex(sheet1, 4, 1, referenceID): null

2022-06-24 14:10:04 - [TEST_STEP][PASSED] - saveWorkbook(test, woorkbook1): null

2022-06-24 14:10:04 - [TEST_STEP][PASSED] - delay(3): Delayed 3 second(s)

2022-06-24 14:10:07 - [MESSAGE][PASSED] - Delayed 3 second(s)

2022-06-24 14:10:07 - [TEST_STEP][PASSED] - verifyElementVisible(findTestObject("Object Repository/Transfer/transferSummaryShareReceiptBtn"), 0): Element 'Object Repository/Transfer/transferSummaryShareReceiptBtn' is visible

2022-06-24 14:10:07 - [MESSAGE][WARNING] - Timeout '0' is invalid. Using default page load timeout: '40'

2022-06-24 14:10:07 - [MESSAGE][PASSED] - Element 'Object Repository/Transfer/transferSummaryShareReceiptBtn' is visible

2022-06-24 14:10:07 - [TEST_STEP][PASSED] - verifyElementVisible(findTestObject("Main/mainDoneBtn"), 0): Element 'Object Repository/Main/mainDoneBtn' is visible

2022-06-24 14:10:07 - [MESSAGE][WARNING] - Timeout '0' is invalid. Using default page load timeout: '40'

2022-06-24 14:10:07 - [MESSAGE][PASSED] - Element 'Object Repository/Main/mainDoneBtn' is visible

2022-06-24 14:10:07 - [TEST_STEP][PASSED] - takeScreenshot("/Users/a00139272/Desktop/Screenshot/payBillsInstant.png"): Screenshot is taken

2022-06-24 14:10:08 - [MESSAGE][PASSED] - Screenshot is taken
[[ATTACHMENT|/Users/a00139272/Desktop/Screenshot/payBillsInstant.png]]

2022-06-24 14:10:08 - [TEST_STEP][PASSED] - tap(findTestObject("Main/mainDoneBtn"), 0): Tapped on element 'Object Repository/Main/mainDoneBtn'

2022-06-24 14:10:08 - [MESSAGE][WARNING] - Timeout '0' is invalid. Using default page load timeout: '40'

2022-06-24 14:10:09 - [MESSAGE][PASSED] - Tapped on element 'Object Repository/Main/mainDoneBtn'

2022-06-24 14:10:09 - [TEST_STEP][PASSED] - delay(3): Delayed 3 second(s)

2022-06-24 14:10:12 - [MESSAGE][PASSED] - Delayed 3 second(s)]]></system-out>
         <system-err><![CDATA[]]></system-err>
      </testcase>
      <testcase name="Test Cases/PayBill/payBills_scheduleTransaction" time="134.417" classname="Test Cases/PayBill/payBills_scheduleTransaction" status="PASSED">
         <system-out><![CDATA[2022-06-24 14:10:12 - [TEST_CASE][PASSED] - Test Cases/PayBill/payBills_scheduleTransaction: Test Cases/PayBill/payBills_scheduleTransaction

2022-06-24 14:10:13 - [TEST_STEP][PASSED] - device_Height = getDeviceHeight(): Current device physical height is 2167

2022-06-24 14:10:13 - [MESSAGE][PASSED] - Current device physical height is 2167

2022-06-24 14:10:13 - [TEST_STEP][PASSED] - device_Width = getDeviceWidth(): Current device physical width is 1080

2022-06-24 14:10:13 - [MESSAGE][PASSED] - Current device physical width is 1080

2022-06-24 14:10:13 - [TEST_STEP][PASSED] - startX = device_Width / 3: null

2022-06-24 14:10:13 - [TEST_STEP][PASSED] - startY = device_Height * 0.97: null

2022-06-24 14:10:13 - [TEST_STEP][PASSED] - tap(findTestObject("Banking/m2uAccountPayBillsIconSelect"), 0): Tapped on element 'Object Repository/Banking/m2uAccountPayBillsIconSelect'

2022-06-24 14:10:13 - [MESSAGE][WARNING] - Timeout '0' is invalid. Using default page load timeout: '40'

2022-06-24 14:10:14 - [MESSAGE][PASSED] - Tapped on element 'Object Repository/Banking/m2uAccountPayBillsIconSelect'

2022-06-24 14:10:14 - [TEST_STEP][PASSED] - waitForElementPresent(findTestObject("Paybill/payBillsIconSelect"), 0): Element 'Object Repository/Paybill/payBillsIconSelect' is present

2022-06-24 14:10:14 - [MESSAGE][WARNING] - Timeout '0' is invalid. Using default page load timeout: '40'

2022-06-24 14:10:19 - [MESSAGE][PASSED] - Element 'Object Repository/Paybill/payBillsIconSelect' is present

2022-06-24 14:10:19 - [TEST_STEP][PASSED] - tap(findTestObject("Paybill/payBillsIconSelect"), 0): Tapped on element 'Object Repository/Paybill/payBillsIconSelect'

2022-06-24 14:10:19 - [MESSAGE][WARNING] - Timeout '0' is invalid. Using default page load timeout: '40'

2022-06-24 14:10:19 - [MESSAGE][PASSED] - Tapped on element 'Object Repository/Paybill/payBillsIconSelect'

2022-06-24 14:10:19 - [TEST_STEP][PASSED] - tap(findTestObject("Paybill/payBillSearchBillerInputField"), 0): Tapped on element 'Object Repository/Paybill/payBillSearchBillerInputField'

2022-06-24 14:10:19 - [MESSAGE][WARNING] - Timeout '0' is invalid. Using default page load timeout: '40'

2022-06-24 14:10:23 - [MESSAGE][PASSED] - Tapped on element 'Object Repository/Paybill/payBillSearchBillerInputField'

2022-06-24 14:10:23 - [TEST_STEP][PASSED] - setText(findTestObject("Paybill/payBillBillerNameInputField"), payeeName, 0): Text '21st Century' has been set to element 'Object Repository/Paybill/payBillBillerNameInputField'

2022-06-24 14:10:23 - [MESSAGE][WARNING] - Timeout '0' is invalid. Using default page load timeout: '40'

2022-06-24 14:10:25 - [MESSAGE][PASSED] - Text '21st Century' has been set to element 'Object Repository/Paybill/payBillBillerNameInputField'

2022-06-24 14:10:25 - [TEST_STEP][PASSED] - delay(3): Delayed 3 second(s)

2022-06-24 14:10:28 - [MESSAGE][PASSED] - Delayed 3 second(s)

2022-06-24 14:10:28 - [TEST_STEP][PASSED] - tap(findTestObject("Paybill/payBillBillerSelect", ["payeeName":payeeName]), 10): Tapped on element 'Object Repository/Paybill/payBillBillerSelect'

2022-06-24 14:10:28 - [MESSAGE][PASSED] - Tapped on element 'Object Repository/Paybill/payBillBillerSelect'

2022-06-24 14:10:28 - [TEST_STEP][PASSED] - tap(findTestObject("Paybill/payBillBillerSelect", ["payeeName":payeeName]), 10): Tapped on element 'Object Repository/Paybill/payBillBillerSelect'

2022-06-24 14:10:29 - [MESSAGE][PASSED] - Tapped on element 'Object Repository/Paybill/payBillBillerSelect'

2022-06-24 14:10:29 - [TEST_STEP][PASSED] - delay(3): Delayed 3 second(s)

2022-06-24 14:10:32 - [MESSAGE][PASSED] - Delayed 3 second(s)

2022-06-24 14:10:32 - [TEST_STEP][PASSED] - verifyElementText(findTestObject("Paybill/payBillsAccountPayeeNameTxt", ["payee":payeeName]), payeeName): Actual text and expected text of test object 'Object Repository/Paybill/payBillsAccountPayeeNameTxt' are matched.

2022-06-24 14:10:32 - [MESSAGE][PASSED] - Actual text and expected text of test object 'Object Repository/Paybill/payBillsAccountPayeeNameTxt' are matched.

2022-06-24 14:10:32 - [TEST_STEP][PASSED] - verifyElementExist(findTestObject("Paybill/payBillsAccountNumberTitleTxt"), 0): Element 'Object Repository/Paybill/payBillsAccountNumberTitleTxt' is exist

2022-06-24 14:10:32 - [MESSAGE][WARNING] - Timeout '0' is invalid. Using default page load timeout: '40'

2022-06-24 14:10:32 - [MESSAGE][PASSED] - Element 'Object Repository/Paybill/payBillsAccountNumberTitleTxt' is exist

2022-06-24 14:10:32 - [TEST_STEP][PASSED] - setText(findTestObject("Paybill/PayBillAccountNumberInputField"), AccountNo, 0): Text '12299292' has been set to element 'Object Repository/Paybill/PayBillAccountNumberInputField'

2022-06-24 14:10:32 - [MESSAGE][WARNING] - Timeout '0' is invalid. Using default page load timeout: '40'

2022-06-24 14:10:33 - [MESSAGE][PASSED] - Text '12299292' has been set to element 'Object Repository/Paybill/PayBillAccountNumberInputField'

2022-06-24 14:10:33 - [TEST_STEP][PASSED] - hideKeyboard(): Keyboard is hidden

2022-06-24 14:10:36 - [MESSAGE][PASSED] - Keyboard is hidden

2022-06-24 14:10:36 - [TEST_STEP][PASSED] - verifyElementText(findTestObject("Paybill/payBillsAccountNumberInputtedTxt", ["AccountNo":AccountNo]), AccountNo): Actual text and expected text of test object 'Object Repository/Paybill/payBillsAccountNumberInputtedTxt' are matched.

2022-06-24 14:10:36 - [MESSAGE][PASSED] - Actual text and expected text of test object 'Object Repository/Paybill/payBillsAccountNumberInputtedTxt' are matched.

2022-06-24 14:10:36 - [TEST_STEP][PASSED] - tap(findTestObject("Login Onboarding/loginExistingContinueBtn"), 0): Tapped on element 'Object Repository/Login Onboarding/loginExistingContinueBtn'

2022-06-24 14:10:36 - [MESSAGE][WARNING] - Timeout '0' is invalid. Using default page load timeout: '40'

2022-06-24 14:10:36 - [MESSAGE][PASSED] - Tapped on element 'Object Repository/Login Onboarding/loginExistingContinueBtn'

2022-06-24 14:10:36 - [TEST_STEP][PASSED] - delay(3): Delayed 3 second(s)

2022-06-24 14:10:39 - [MESSAGE][PASSED] - Delayed 3 second(s)

2022-06-24 14:10:39 - [TEST_STEP][PASSED] - verifyElementText(findTestObject("Paybill/payBillsAmountPayeeNameTxt", ["payee":payeeName]), payeeName): Actual text and expected text of test object 'Object Repository/Paybill/payBillsAmountPayeeNameTxt' are matched.

2022-06-24 14:10:40 - [MESSAGE][PASSED] - Actual text and expected text of test object 'Object Repository/Paybill/payBillsAmountPayeeNameTxt' are matched.

2022-06-24 14:10:40 - [TEST_STEP][PASSED] - verifyElementText(findTestObject("Paybill/payBillsAmountPayeeAccountNoTxt", ["accNo":accNo]), accNo): Actual text and expected text of test object 'Object Repository/Paybill/payBillsAmountPayeeAccountNoTxt' are matched.

2022-06-24 14:10:40 - [MESSAGE][PASSED] - Actual text and expected text of test object 'Object Repository/Paybill/payBillsAmountPayeeAccountNoTxt' are matched.

2022-06-24 14:10:40 - [TEST_STEP][PASSED] - verifyElementExist(findTestObject("Paybill/payBillsAmountInitialTxt"), 0): Element 'Object Repository/Paybill/payBillsAmountInitialTxt' is exist

2022-06-24 14:10:40 - [MESSAGE][WARNING] - Timeout '0' is invalid. Using default page load timeout: '40'

2022-06-24 14:10:40 - [MESSAGE][PASSED] - Element 'Object Repository/Paybill/payBillsAmountInitialTxt' is exist

2022-06-24 14:10:40 - [TEST_STEP][PASSED] - verifyElementExist(findTestObject("Paybill/payBillsAmountCurrencyTxt"), 0): Element 'Object Repository/Paybill/payBillsAmountCurrencyTxt' is exist

2022-06-24 14:10:40 - [MESSAGE][WARNING] - Timeout '0' is invalid. Using default page load timeout: '40'

2022-06-24 14:10:40 - [MESSAGE][PASSED] - Element 'Object Repository/Paybill/payBillsAmountCurrencyTxt' is exist

2022-06-24 14:10:40 - [TEST_STEP][PASSED] - verifyElementExist(findTestObject("Paybill/payBillsAmountEnterTitleTxt"), 0): Element 'Object Repository/Paybill/payBillsAmountEnterTitleTxt' is exist

2022-06-24 14:10:40 - [MESSAGE][WARNING] - Timeout '0' is invalid. Using default page load timeout: '40'

2022-06-24 14:10:41 - [MESSAGE][PASSED] - Element 'Object Repository/Paybill/payBillsAmountEnterTitleTxt' is exist

2022-06-24 14:10:41 - [TEST_STEP][PASSED] - tap(findTestObject("Login Onboarding/PIN5"), 0): Tapped on element 'Object Repository/Login Onboarding/PIN5'

2022-06-24 14:10:41 - [MESSAGE][WARNING] - Timeout '0' is invalid. Using default page load timeout: '40'

2022-06-24 14:10:41 - [MESSAGE][PASSED] - Tapped on element 'Object Repository/Login Onboarding/PIN5'

2022-06-24 14:10:41 - [TEST_STEP][PASSED] - tap(findTestObject("Login Onboarding/PIN0"), 0): Tapped on element 'Object Repository/Login Onboarding/PIN0'

2022-06-24 14:10:41 - [MESSAGE][WARNING] - Timeout '0' is invalid. Using default page load timeout: '40'

2022-06-24 14:10:41 - [MESSAGE][PASSED] - Tapped on element 'Object Repository/Login Onboarding/PIN0'

2022-06-24 14:10:41 - [TEST_STEP][PASSED] - tap(findTestObject("Login Onboarding/PIN0"), 0): Tapped on element 'Object Repository/Login Onboarding/PIN0'

2022-06-24 14:10:41 - [MESSAGE][WARNING] - Timeout '0' is invalid. Using default page load timeout: '40'

2022-06-24 14:10:41 - [MESSAGE][PASSED] - Tapped on element 'Object Repository/Login Onboarding/PIN0'

2022-06-24 14:10:41 - [TEST_STEP][PASSED] - tap(findTestObject("Login Onboarding/PIN0"), 0): Tapped on element 'Object Repository/Login Onboarding/PIN0'

2022-06-24 14:10:41 - [MESSAGE][WARNING] - Timeout '0' is invalid. Using default page load timeout: '40'

2022-06-24 14:10:42 - [MESSAGE][PASSED] - Tapped on element 'Object Repository/Login Onboarding/PIN0'

2022-06-24 14:10:42 - [TEST_STEP][PASSED] - delay(3): Delayed 3 second(s)

2022-06-24 14:10:45 - [MESSAGE][PASSED] - Delayed 3 second(s)

2022-06-24 14:10:45 - [TEST_STEP][PASSED] - verifyElementText(findTestObject("Paybill/payBillsAmountInputtedTxt", ["value":values]), values): Actual text and expected text of test object 'Object Repository/Paybill/payBillsAmountInputtedTxt' are matched.

2022-06-24 14:10:45 - [MESSAGE][PASSED] - Actual text and expected text of test object 'Object Repository/Paybill/payBillsAmountInputtedTxt' are matched.

2022-06-24 14:10:45 - [TEST_STEP][PASSED] - tap(findTestObject("Main/mainAmountTickBtn"), 0): Tapped on element 'Object Repository/Main/mainAmountTickBtn'

2022-06-24 14:10:45 - [MESSAGE][WARNING] - Timeout '0' is invalid. Using default page load timeout: '40'

2022-06-24 14:10:45 - [MESSAGE][PASSED] - Tapped on element 'Object Repository/Main/mainAmountTickBtn'

2022-06-24 14:10:45 - [TEST_STEP][PASSED] - delay(5): Delayed 5 second(s)

2022-06-24 14:10:50 - [MESSAGE][PASSED] - Delayed 5 second(s)

2022-06-24 14:10:50 - [TEST_STEP][PASSED] - tap(findTestObject("Main/mainDatePickerTodaySelect"), 0): Tapped on element 'Object Repository/Main/mainDatePickerTodaySelect'

2022-06-24 14:10:50 - [MESSAGE][WARNING] - Timeout '0' is invalid. Using default page load timeout: '40'

2022-06-24 14:10:51 - [MESSAGE][PASSED] - Tapped on element 'Object Repository/Main/mainDatePickerTodaySelect'

2022-06-24 14:10:51 - [TEST_STEP][PASSED] - tap(findTestObject("Main/mainCalenderPickerNextBtn"), 0): Tapped on element 'Object Repository/Main/mainCalenderPickerNextBtn'

2022-06-24 14:10:51 - [MESSAGE][WARNING] - Timeout '0' is invalid. Using default page load timeout: '40'

2022-06-24 14:10:52 - [MESSAGE][PASSED] - Tapped on element 'Object Repository/Main/mainCalenderPickerNextBtn'

2022-06-24 14:10:52 - [TEST_STEP][PASSED] - delay(3): Delayed 3 second(s)

2022-06-24 14:10:55 - [MESSAGE][PASSED] - Delayed 3 second(s)

2022-06-24 14:10:55 - [TEST_STEP][PASSED] - tap(findTestObject("Main/mainDatePicker1"), 0): Tapped on element 'Object Repository/Main/mainDatePicker1'

2022-06-24 14:10:55 - [MESSAGE][WARNING] - Timeout '0' is invalid. Using default page load timeout: '40'

2022-06-24 14:10:56 - [MESSAGE][PASSED] - Tapped on element 'Object Repository/Main/mainDatePicker1'

2022-06-24 14:10:56 - [TEST_STEP][PASSED] - tap(findTestObject("Main/mainCalenderPickerDoneBtn"), 0): Tapped on element 'Object Repository/Main/mainCalenderPickerDoneBtn'

2022-06-24 14:10:56 - [MESSAGE][WARNING] - Timeout '0' is invalid. Using default page load timeout: '40'

2022-06-24 14:10:56 - [MESSAGE][PASSED] - Tapped on element 'Object Repository/Main/mainCalenderPickerDoneBtn'

2022-06-24 14:10:56 - [TEST_STEP][PASSED] - delay(3): Delayed 3 second(s)

2022-06-24 14:10:59 - [MESSAGE][PASSED] - Delayed 3 second(s)

2022-06-24 14:10:59 - [TEST_STEP][PASSED] - verifyElementText(findTestObject("Paybill/payBillsConfirmPayeeNameTxt", ["payeeName":payeeName]), payeeName): Actual text and expected text of test object 'Object Repository/Paybill/payBillsConfirmPayeeNameTxt' are matched.

2022-06-24 14:10:59 - [MESSAGE][PASSED] - Actual text and expected text of test object 'Object Repository/Paybill/payBillsConfirmPayeeNameTxt' are matched.

2022-06-24 14:10:59 - [TEST_STEP][PASSED] - verifyElementText(findTestObject("Paybill/payBillsConfirmPayeeAccountNoTxt", ["accNo":accNo]), accNo): Actual text and expected text of test object 'Object Repository/Paybill/payBillsConfirmPayeeAccountNoTxt' are matched.

2022-06-24 14:11:00 - [MESSAGE][PASSED] - Actual text and expected text of test object 'Object Repository/Paybill/payBillsConfirmPayeeAccountNoTxt' are matched.

2022-06-24 14:11:00 - [TEST_STEP][PASSED] - verifyElementText(findTestObject("Paybill/payBillsConfirmAmountTxt", ["amount":amount]), amount): Actual text and expected text of test object 'Object Repository/Paybill/payBillsConfirmAmountTxt' are matched.

2022-06-24 14:11:00 - [MESSAGE][PASSED] - Actual text and expected text of test object 'Object Repository/Paybill/payBillsConfirmAmountTxt' are matched.

2022-06-24 14:11:00 - [TEST_STEP][PASSED] - verifyElementExist(findTestObject("Paybill/payBillsConfirmDateTitleTxt"), 0): Element 'Object Repository/Paybill/payBillsConfirmDateTitleTxt' is exist

2022-06-24 14:11:00 - [MESSAGE][WARNING] - Timeout '0' is invalid. Using default page load timeout: '40'

2022-06-24 14:11:00 - [MESSAGE][PASSED] - Element 'Object Repository/Paybill/payBillsConfirmDateTitleTxt' is exist

2022-06-24 14:11:00 - [TEST_STEP][PASSED] - verifyElementNotExist(findTestObject("Paybill/payBillsConfirmDateTxt", ["trxDate":trxDate]), 0): Element 'Object Repository/Paybill/payBillsConfirmDateTxt' not found

2022-06-24 14:11:00 - [MESSAGE][WARNING] - Timeout '0' is invalid. Using default page load timeout: '40'

2022-06-24 14:11:40 - [MESSAGE][PASSED] - Element 'Object Repository/Paybill/payBillsConfirmDateTxt' not found

2022-06-24 14:11:40 - [TEST_STEP][PASSED] - verifyElementExist(findTestObject("Paybill/payBillsConfirmPayFromTxt"), 0): Element 'Object Repository/Paybill/payBillsConfirmPayFromTxt' is exist

2022-06-24 14:11:40 - [MESSAGE][WARNING] - Timeout '0' is invalid. Using default page load timeout: '40'

2022-06-24 14:11:41 - [MESSAGE][PASSED] - Element 'Object Repository/Paybill/payBillsConfirmPayFromTxt' is exist

2022-06-24 14:11:41 - [TEST_STEP][PASSED] - verifyElementText(findTestObject("Transfer/transferConfirmationFromAccTypeTxt", ["accType":accType]), accType): Actual text and expected text of test object 'Object Repository/Transfer/transferConfirmationFromAccTypeTxt' are matched.

2022-06-24 14:11:41 - [MESSAGE][PASSED] - Actual text and expected text of test object 'Object Repository/Transfer/transferConfirmationFromAccTypeTxt' are matched.

2022-06-24 14:11:41 - [TEST_STEP][PASSED] - verifyElementText(findTestObject("Transfer/transferConfirmationFromAccNoTxt", ["accNoFrom":accNoFrom]), accNoFrom): Actual text and expected text of test object 'Object Repository/Transfer/transferConfirmationFromAccNoTxt' are matched.

2022-06-24 14:11:41 - [MESSAGE][PASSED] - Actual text and expected text of test object 'Object Repository/Transfer/transferConfirmationFromAccNoTxt' are matched.

2022-06-24 14:11:41 - [TEST_STEP][PASSED] - verifyElementExist(findTestObject("Transfer/transferConfirmationFromAccBalanceTxt"), 0): Element 'Object Repository/Transfer/transferConfirmationFromAccBalanceTxt' is exist

2022-06-24 14:11:41 - [MESSAGE][WARNING] - Timeout '0' is invalid. Using default page load timeout: '40'

2022-06-24 14:11:41 - [MESSAGE][PASSED] - Element 'Object Repository/Transfer/transferConfirmationFromAccBalanceTxt' is exist

2022-06-24 14:11:41 - [TEST_STEP][PASSED] - accountBalance = getText(findTestObject("Transfer/transferConfirmationFromAccBalanceTxt"), 0): Text of element 'Object Repository/Transfer/transferConfirmationFromAccBalanceTxt' is: 'RM 2,122.09'

2022-06-24 14:11:41 - [MESSAGE][WARNING] - Timeout '0' is invalid. Using default page load timeout: '40'

2022-06-24 14:11:42 - [MESSAGE][PASSED] - Text of element 'Object Repository/Transfer/transferConfirmationFromAccBalanceTxt' is: 'RM 2,122.09'

2022-06-24 14:11:42 - [TEST_STEP][PASSED] - println(accountBalance): null

2022-06-24 14:11:42 - [TEST_STEP][PASSED] - waitForElementPresent(findTestObject("Main/mainPayNowBtn"), 5): Element 'Object Repository/Main/mainPayNowBtn' is present

2022-06-24 14:11:42 - [MESSAGE][PASSED] - Element 'Object Repository/Main/mainPayNowBtn' is present

2022-06-24 14:11:42 - [TEST_STEP][PASSED] - tap(findTestObject("Main/mainPayNowBtn"), 0): Tapped on element 'Object Repository/Main/mainPayNowBtn'

2022-06-24 14:11:42 - [MESSAGE][WARNING] - Timeout '0' is invalid. Using default page load timeout: '40'

2022-06-24 14:11:42 - [MESSAGE][PASSED] - Tapped on element 'Object Repository/Main/mainPayNowBtn'

2022-06-24 14:11:42 - [TEST_STEP][PASSED] - if (verifyElementVisible(findTestObject("Festive Season/festiveReturnAngpaoTACNoTxt"), 10, OPTIONAL)): Element 'Object Repository/Festive Season/festiveReturnAngpaoTACNoTxt' not found

2022-06-24 14:11:52 - [MESSAGE][WARNING] - Element 'Object Repository/Festive Season/festiveReturnAngpaoTACNoTxt' not found

2022-06-24 14:11:52 - [TEST_STEP][PASSED] - else: Tapped on element 'Object Repository/Main/mainS2UApproveBtn'

2022-06-24 14:11:52 - [TEST_STEP][PASSED] - delay(5): Delayed 5 second(s)

2022-06-24 14:11:57 - [MESSAGE][PASSED] - Delayed 5 second(s)

2022-06-24 14:11:57 - [TEST_STEP][PASSED] - verifyElementVisible(findTestObject("Main/mainS2UApproveBtn"), 10): Element 'Object Repository/Main/mainS2UApproveBtn' is visible

2022-06-24 14:11:58 - [MESSAGE][PASSED] - Element 'Object Repository/Main/mainS2UApproveBtn' is visible

2022-06-24 14:11:58 - [TEST_STEP][PASSED] - tap(findTestObject("Main/mainS2UApproveBtn"), 0): Tapped on element 'Object Repository/Main/mainS2UApproveBtn'

2022-06-24 14:11:58 - [MESSAGE][WARNING] - Timeout '0' is invalid. Using default page load timeout: '40'

2022-06-24 14:11:58 - [MESSAGE][PASSED] - Tapped on element 'Object Repository/Main/mainS2UApproveBtn'

2022-06-24 14:11:58 - [TEST_STEP][PASSED] - delay(10): Delayed 10 second(s)

2022-06-24 14:12:08 - [MESSAGE][PASSED] - Delayed 10 second(s)

2022-06-24 14:12:08 - [TEST_STEP][PASSED] - verifyElementExist(findTestObject("Festive Season/returnAngpaoStatusMessageTxt"), 0): Element 'Object Repository/Festive Season/returnAngpaoStatusMessageTxt' is exist

2022-06-24 14:12:08 - [MESSAGE][WARNING] - Timeout '0' is invalid. Using default page load timeout: '40'

2022-06-24 14:12:08 - [MESSAGE][PASSED] - Element 'Object Repository/Festive Season/returnAngpaoStatusMessageTxt' is exist

2022-06-24 14:12:08 - [TEST_STEP][PASSED] - message = getText(findTestObject("Festive Season/returnAngpaoStatusMessageTxt"), 10): Text of element 'Object Repository/Festive Season/returnAngpaoStatusMessageTxt' is: 'Payment scheduled'

2022-06-24 14:12:08 - [MESSAGE][PASSED] - Text of element 'Object Repository/Festive Season/returnAngpaoStatusMessageTxt' is: 'Payment scheduled'

2022-06-24 14:12:08 - [TEST_STEP][PASSED] - println(message): null

2022-06-24 14:12:08 - [TEST_STEP][PASSED] - assert message == successTransactionMessage: null

2022-06-24 14:12:08 - [TEST_STEP][PASSED] - delay(5): Delayed 5 second(s)

2022-06-24 14:12:13 - [MESSAGE][PASSED] - Delayed 5 second(s)

2022-06-24 14:12:13 - [TEST_STEP][PASSED] - verifyElementExist(findTestObject("Paybill/payBillsSummaryDateTimeTitleTxt"), 0): Element 'Object Repository/Paybill/payBillsSummaryDateTimeTitleTxt' is exist

2022-06-24 14:12:13 - [MESSAGE][WARNING] - Timeout '0' is invalid. Using default page load timeout: '40'

2022-06-24 14:12:14 - [MESSAGE][PASSED] - Element 'Object Repository/Paybill/payBillsSummaryDateTimeTitleTxt' is exist

2022-06-24 14:12:14 - [TEST_STEP][PASSED] - verifyElementExist(findTestObject("Duit Now/duitNowSummaryRefernceIDTitleTxt"), 0): Element 'Object Repository/Duit Now/duitNowSummaryRefernceIDTitleTxt' is exist

2022-06-24 14:12:14 - [MESSAGE][WARNING] - Timeout '0' is invalid. Using default page load timeout: '40'

2022-06-24 14:12:14 - [MESSAGE][PASSED] - Element 'Object Repository/Duit Now/duitNowSummaryRefernceIDTitleTxt' is exist

2022-06-24 14:12:14 - [TEST_STEP][PASSED] - verifyElementExist(findTestObject("Transfer/transferSummaryShareReceiptBtn"), 0): Element 'Object Repository/Transfer/transferSummaryShareReceiptBtn' is exist

2022-06-24 14:12:14 - [MESSAGE][WARNING] - Timeout '0' is invalid. Using default page load timeout: '40'

2022-06-24 14:12:14 - [MESSAGE][PASSED] - Element 'Object Repository/Transfer/transferSummaryShareReceiptBtn' is exist

2022-06-24 14:12:14 - [TEST_STEP][PASSED] - delay(5): Delayed 5 second(s)

2022-06-24 14:12:19 - [MESSAGE][PASSED] - Delayed 5 second(s)

2022-06-24 14:12:19 - [TEST_STEP][PASSED] - referenceID = getText(findTestObject("Send Request Money/requestMoneyPaySummaryRefIDTxt"), 0): Text of element 'Object Repository/Send Request Money/requestMoneyPaySummaryRefIDTxt' is: 'Reference ID'

2022-06-24 14:12:19 - [MESSAGE][WARNING] - Timeout '0' is invalid. Using default page load timeout: '40'

2022-06-24 14:12:19 - [MESSAGE][PASSED] - Text of element 'Object Repository/Send Request Money/requestMoneyPaySummaryRefIDTxt' is: 'Reference ID'

2022-06-24 14:12:19 - [TEST_STEP][PASSED] - println(referenceID): null

2022-06-24 14:12:19 - [TEST_STEP][PASSED] - test = dataFolder: null

2022-06-24 14:12:19 - [TEST_STEP][PASSED] - sheetName = "Sheet1": null

2022-06-24 14:12:19 - [TEST_STEP][PASSED] - file1 = new java.io.File(test): null

2022-06-24 14:12:19 - [TEST_STEP][PASSED] - assert file1.exists() == true: null

2022-06-24 14:12:19 - [TEST_STEP][PASSED] - woorkbook1 = getWorkbook(test): null

2022-06-24 14:12:19 - [TEST_STEP][PASSED] - sheet1 = getExcelSheet(woorkbook1, sheetName): null

2022-06-24 14:12:19 - [TEST_STEP][PASSED] - setValueToCellByIndex(sheet1, 4, 1, referenceID): null

2022-06-24 14:12:19 - [TEST_STEP][PASSED] - saveWorkbook(test, woorkbook1): null

2022-06-24 14:12:19 - [TEST_STEP][PASSED] - delay(3): Delayed 3 second(s)

2022-06-24 14:12:22 - [MESSAGE][PASSED] - Delayed 3 second(s)

2022-06-24 14:12:22 - [TEST_STEP][PASSED] - takeScreenshot("/Users/a00139272/Desktop/Screenshot/payBillsSchedule.png"): Screenshot is taken

2022-06-24 14:12:23 - [MESSAGE][PASSED] - Screenshot is taken
[[ATTACHMENT|/Users/a00139272/Desktop/Screenshot/payBillsSchedule.png]]

2022-06-24 14:12:23 - [TEST_STEP][PASSED] - verifyElementVisible(findTestObject("Main/mainDoneBtn"), 0): Element 'Object Repository/Main/mainDoneBtn' is visible

2022-06-24 14:12:23 - [MESSAGE][WARNING] - Timeout '0' is invalid. Using default page load timeout: '40'

2022-06-24 14:12:23 - [MESSAGE][PASSED] - Element 'Object Repository/Main/mainDoneBtn' is visible

2022-06-24 14:12:23 - [TEST_STEP][PASSED] - tap(findTestObject("Main/mainDoneBtn"), 0): Tapped on element 'Object Repository/Main/mainDoneBtn'

2022-06-24 14:12:24 - [MESSAGE][WARNING] - Timeout '0' is invalid. Using default page load timeout: '40'

2022-06-24 14:12:24 - [MESSAGE][PASSED] - Tapped on element 'Object Repository/Main/mainDoneBtn'

2022-06-24 14:12:24 - [TEST_STEP][PASSED] - delay(3): Delayed 3 second(s)

2022-06-24 14:12:27 - [MESSAGE][PASSED] - Delayed 3 second(s)]]></system-out>
         <system-err><![CDATA[]]></system-err>
      </testcase>
      <testcase name="Test Cases/PayBill/payBills_addFavoriteTransaction" time="101.208" classname="Test Cases/PayBill/payBills_addFavoriteTransaction" status="PASSED">
         <system-out><![CDATA[2022-06-24 14:12:27 - [TEST_CASE][PASSED] - Test Cases/PayBill/payBills_addFavoriteTransaction: Test Cases/PayBill/payBills_addFavoriteTransaction

2022-06-24 14:12:27 - [TEST_STEP][PASSED] - delay(5): Delayed 5 second(s)

2022-06-24 14:12:32 - [MESSAGE][PASSED] - Delayed 5 second(s)

2022-06-24 14:12:32 - [TEST_STEP][PASSED] - device_Height = getDeviceHeight(): Current device physical height is 2167

2022-06-24 14:12:32 - [MESSAGE][PASSED] - Current device physical height is 2167

2022-06-24 14:12:32 - [TEST_STEP][PASSED] - device_Width = getDeviceWidth(): Current device physical width is 1080

2022-06-24 14:12:33 - [MESSAGE][PASSED] - Current device physical width is 1080

2022-06-24 14:12:33 - [TEST_STEP][PASSED] - startX = device_Width / 3: null

2022-06-24 14:12:33 - [TEST_STEP][PASSED] - startY = device_Height * 0.97: null

2022-06-24 14:12:33 - [TEST_STEP][PASSED] - tap(findTestObject("Banking/m2uAccountPayBillsIconSelect"), 0): Tapped on element 'Object Repository/Banking/m2uAccountPayBillsIconSelect'

2022-06-24 14:12:33 - [MESSAGE][WARNING] - Timeout '0' is invalid. Using default page load timeout: '40'

2022-06-24 14:12:33 - [MESSAGE][PASSED] - Tapped on element 'Object Repository/Banking/m2uAccountPayBillsIconSelect'

2022-06-24 14:12:33 - [TEST_STEP][PASSED] - waitForElementPresent(findTestObject("Paybill/payBillsIconSelect"), 0): Element 'Object Repository/Paybill/payBillsIconSelect' is present

2022-06-24 14:12:33 - [MESSAGE][WARNING] - Timeout '0' is invalid. Using default page load timeout: '40'

2022-06-24 14:12:38 - [MESSAGE][PASSED] - Element 'Object Repository/Paybill/payBillsIconSelect' is present

2022-06-24 14:12:38 - [TEST_STEP][PASSED] - tap(findTestObject("Paybill/payBillsIconSelect"), 0): Tapped on element 'Object Repository/Paybill/payBillsIconSelect'

2022-06-24 14:12:38 - [MESSAGE][WARNING] - Timeout '0' is invalid. Using default page load timeout: '40'

2022-06-24 14:12:38 - [MESSAGE][PASSED] - Tapped on element 'Object Repository/Paybill/payBillsIconSelect'

2022-06-24 14:12:38 - [TEST_STEP][PASSED] - tap(findTestObject("Paybill/payBillSearchBillerInputField"), 0): Tapped on element 'Object Repository/Paybill/payBillSearchBillerInputField'

2022-06-24 14:12:38 - [MESSAGE][WARNING] - Timeout '0' is invalid. Using default page load timeout: '40'

2022-06-24 14:12:42 - [MESSAGE][PASSED] - Tapped on element 'Object Repository/Paybill/payBillSearchBillerInputField'

2022-06-24 14:12:42 - [TEST_STEP][PASSED] - setText(findTestObject("Paybill/payBillBillerNameInputField"), payeeName, 0): Text '21st Century' has been set to element 'Object Repository/Paybill/payBillBillerNameInputField'

2022-06-24 14:12:42 - [MESSAGE][WARNING] - Timeout '0' is invalid. Using default page load timeout: '40'

2022-06-24 14:12:44 - [MESSAGE][PASSED] - Text '21st Century' has been set to element 'Object Repository/Paybill/payBillBillerNameInputField'

2022-06-24 14:12:44 - [TEST_STEP][PASSED] - delay(3): Delayed 3 second(s)

2022-06-24 14:12:47 - [MESSAGE][PASSED] - Delayed 3 second(s)

2022-06-24 14:12:47 - [TEST_STEP][PASSED] - tap(findTestObject("Paybill/payBillBillerSelect", ["payeeName":payeeName]), 10): Tapped on element 'Object Repository/Paybill/payBillBillerSelect'

2022-06-24 14:12:47 - [MESSAGE][PASSED] - Tapped on element 'Object Repository/Paybill/payBillBillerSelect'

2022-06-24 14:12:47 - [TEST_STEP][PASSED] - tap(findTestObject("Paybill/payBillBillerSelect", ["payeeName":payeeName]), 10): Tapped on element 'Object Repository/Paybill/payBillBillerSelect'

2022-06-24 14:12:48 - [MESSAGE][PASSED] - Tapped on element 'Object Repository/Paybill/payBillBillerSelect'

2022-06-24 14:12:48 - [TEST_STEP][PASSED] - delay(3): Delayed 3 second(s)

2022-06-24 14:12:51 - [MESSAGE][PASSED] - Delayed 3 second(s)

2022-06-24 14:12:51 - [TEST_STEP][PASSED] - verifyElementText(findTestObject("Paybill/payBillsAccountPayeeNameTxt", ["payee":payeeName]), payeeName): Actual text and expected text of test object 'Object Repository/Paybill/payBillsAccountPayeeNameTxt' are matched.

2022-06-24 14:12:51 - [MESSAGE][PASSED] - Actual text and expected text of test object 'Object Repository/Paybill/payBillsAccountPayeeNameTxt' are matched.

2022-06-24 14:12:51 - [TEST_STEP][PASSED] - verifyElementExist(findTestObject("Paybill/payBillsAccountNumberTitleTxt"), 0): Element 'Object Repository/Paybill/payBillsAccountNumberTitleTxt' is exist

2022-06-24 14:12:51 - [MESSAGE][WARNING] - Timeout '0' is invalid. Using default page load timeout: '40'

2022-06-24 14:12:51 - [MESSAGE][PASSED] - Element 'Object Repository/Paybill/payBillsAccountNumberTitleTxt' is exist

2022-06-24 14:12:51 - [TEST_STEP][PASSED] - setText(findTestObject("Paybill/PayBillAccountNumberInputField"), AccountNo, 0): Text '12299292' has been set to element 'Object Repository/Paybill/PayBillAccountNumberInputField'

2022-06-24 14:12:51 - [MESSAGE][WARNING] - Timeout '0' is invalid. Using default page load timeout: '40'

2022-06-24 14:12:52 - [MESSAGE][PASSED] - Text '12299292' has been set to element 'Object Repository/Paybill/PayBillAccountNumberInputField'

2022-06-24 14:12:52 - [TEST_STEP][PASSED] - hideKeyboard(): Keyboard is hidden

2022-06-24 14:12:55 - [MESSAGE][PASSED] - Keyboard is hidden

2022-06-24 14:12:55 - [TEST_STEP][PASSED] - verifyElementText(findTestObject("Paybill/payBillsAccountNumberInputtedTxt", ["AccountNo":AccountNo]), AccountNo): Actual text and expected text of test object 'Object Repository/Paybill/payBillsAccountNumberInputtedTxt' are matched.

2022-06-24 14:12:55 - [MESSAGE][PASSED] - Actual text and expected text of test object 'Object Repository/Paybill/payBillsAccountNumberInputtedTxt' are matched.

2022-06-24 14:12:55 - [TEST_STEP][PASSED] - tap(findTestObject("Login Onboarding/loginExistingContinueBtn"), 0): Tapped on element 'Object Repository/Login Onboarding/loginExistingContinueBtn'

2022-06-24 14:12:55 - [MESSAGE][WARNING] - Timeout '0' is invalid. Using default page load timeout: '40'

2022-06-24 14:12:55 - [MESSAGE][PASSED] - Tapped on element 'Object Repository/Login Onboarding/loginExistingContinueBtn'

2022-06-24 14:12:55 - [TEST_STEP][PASSED] - delay(3): Delayed 3 second(s)

2022-06-24 14:12:58 - [MESSAGE][PASSED] - Delayed 3 second(s)

2022-06-24 14:12:58 - [TEST_STEP][PASSED] - verifyElementText(findTestObject("Paybill/payBillsAmountPayeeNameTxt", ["payee":payeeName]), payeeName): Actual text and expected text of test object 'Object Repository/Paybill/payBillsAmountPayeeNameTxt' are matched.

2022-06-24 14:12:58 - [MESSAGE][PASSED] - Actual text and expected text of test object 'Object Repository/Paybill/payBillsAmountPayeeNameTxt' are matched.

2022-06-24 14:12:58 - [TEST_STEP][PASSED] - verifyElementText(findTestObject("Paybill/payBillsAmountPayeeAccountNoTxt", ["accNo":accNo]), accNo): Actual text and expected text of test object 'Object Repository/Paybill/payBillsAmountPayeeAccountNoTxt' are matched.

2022-06-24 14:12:59 - [MESSAGE][PASSED] - Actual text and expected text of test object 'Object Repository/Paybill/payBillsAmountPayeeAccountNoTxt' are matched.

2022-06-24 14:12:59 - [TEST_STEP][PASSED] - verifyElementExist(findTestObject("Paybill/payBillsAmountInitialTxt"), 0): Element 'Object Repository/Paybill/payBillsAmountInitialTxt' is exist

2022-06-24 14:12:59 - [MESSAGE][WARNING] - Timeout '0' is invalid. Using default page load timeout: '40'

2022-06-24 14:12:59 - [MESSAGE][PASSED] - Element 'Object Repository/Paybill/payBillsAmountInitialTxt' is exist

2022-06-24 14:12:59 - [TEST_STEP][PASSED] - verifyElementExist(findTestObject("Paybill/payBillsAmountCurrencyTxt"), 0): Element 'Object Repository/Paybill/payBillsAmountCurrencyTxt' is exist

2022-06-24 14:12:59 - [MESSAGE][WARNING] - Timeout '0' is invalid. Using default page load timeout: '40'

2022-06-24 14:12:59 - [MESSAGE][PASSED] - Element 'Object Repository/Paybill/payBillsAmountCurrencyTxt' is exist

2022-06-24 14:12:59 - [TEST_STEP][PASSED] - verifyElementExist(findTestObject("Paybill/payBillsAmountEnterTitleTxt"), 0): Element 'Object Repository/Paybill/payBillsAmountEnterTitleTxt' is exist

2022-06-24 14:12:59 - [MESSAGE][WARNING] - Timeout '0' is invalid. Using default page load timeout: '40'

2022-06-24 14:12:59 - [MESSAGE][PASSED] - Element 'Object Repository/Paybill/payBillsAmountEnterTitleTxt' is exist

2022-06-24 14:12:59 - [TEST_STEP][PASSED] - tap(findTestObject("Login Onboarding/PIN5"), 0): Tapped on element 'Object Repository/Login Onboarding/PIN5'

2022-06-24 14:12:59 - [MESSAGE][WARNING] - Timeout '0' is invalid. Using default page load timeout: '40'

2022-06-24 14:13:00 - [MESSAGE][PASSED] - Tapped on element 'Object Repository/Login Onboarding/PIN5'

2022-06-24 14:13:00 - [TEST_STEP][PASSED] - tap(findTestObject("Login Onboarding/PIN0"), 0): Tapped on element 'Object Repository/Login Onboarding/PIN0'

2022-06-24 14:13:00 - [MESSAGE][WARNING] - Timeout '0' is invalid. Using default page load timeout: '40'

2022-06-24 14:13:00 - [MESSAGE][PASSED] - Tapped on element 'Object Repository/Login Onboarding/PIN0'

2022-06-24 14:13:00 - [TEST_STEP][PASSED] - tap(findTestObject("Login Onboarding/PIN0"), 0): Tapped on element 'Object Repository/Login Onboarding/PIN0'

2022-06-24 14:13:00 - [MESSAGE][WARNING] - Timeout '0' is invalid. Using default page load timeout: '40'

2022-06-24 14:13:00 - [MESSAGE][PASSED] - Tapped on element 'Object Repository/Login Onboarding/PIN0'

2022-06-24 14:13:00 - [TEST_STEP][PASSED] - tap(findTestObject("Login Onboarding/PIN0"), 0): Tapped on element 'Object Repository/Login Onboarding/PIN0'

2022-06-24 14:13:00 - [MESSAGE][WARNING] - Timeout '0' is invalid. Using default page load timeout: '40'

2022-06-24 14:13:00 - [MESSAGE][PASSED] - Tapped on element 'Object Repository/Login Onboarding/PIN0'

2022-06-24 14:13:00 - [TEST_STEP][PASSED] - delay(3): Delayed 3 second(s)

2022-06-24 14:13:03 - [MESSAGE][PASSED] - Delayed 3 second(s)

2022-06-24 14:13:03 - [TEST_STEP][PASSED] - verifyElementText(findTestObject("Paybill/payBillsAmountInputtedTxt", ["value":values]), values): Actual text and expected text of test object 'Object Repository/Paybill/payBillsAmountInputtedTxt' are matched.

2022-06-24 14:13:04 - [MESSAGE][PASSED] - Actual text and expected text of test object 'Object Repository/Paybill/payBillsAmountInputtedTxt' are matched.

2022-06-24 14:13:04 - [TEST_STEP][PASSED] - tap(findTestObject("Main/mainAmountTickBtn"), 0): Tapped on element 'Object Repository/Main/mainAmountTickBtn'

2022-06-24 14:13:04 - [MESSAGE][WARNING] - Timeout '0' is invalid. Using default page load timeout: '40'

2022-06-24 14:13:04 - [MESSAGE][PASSED] - Tapped on element 'Object Repository/Main/mainAmountTickBtn'

2022-06-24 14:13:04 - [TEST_STEP][PASSED] - delay(5): Delayed 5 second(s)

2022-06-24 14:13:09 - [MESSAGE][PASSED] - Delayed 5 second(s)

2022-06-24 14:13:09 - [TEST_STEP][PASSED] - verifyElementText(findTestObject("Paybill/payBillsConfirmPayeeNameTxt", ["payeeName":payeeName]), payeeName): Actual text and expected text of test object 'Object Repository/Paybill/payBillsConfirmPayeeNameTxt' are matched.

2022-06-24 14:13:09 - [MESSAGE][PASSED] - Actual text and expected text of test object 'Object Repository/Paybill/payBillsConfirmPayeeNameTxt' are matched.

2022-06-24 14:13:09 - [TEST_STEP][PASSED] - verifyElementText(findTestObject("Paybill/payBillsConfirmPayeeAccountNoTxt", ["accNo":accNo]), accNo): Actual text and expected text of test object 'Object Repository/Paybill/payBillsConfirmPayeeAccountNoTxt' are matched.

2022-06-24 14:13:10 - [MESSAGE][PASSED] - Actual text and expected text of test object 'Object Repository/Paybill/payBillsConfirmPayeeAccountNoTxt' are matched.

2022-06-24 14:13:10 - [TEST_STEP][PASSED] - verifyElementText(findTestObject("Paybill/payBillsConfirmAmountTxt", ["amount":amount]), amount): Actual text and expected text of test object 'Object Repository/Paybill/payBillsConfirmAmountTxt' are matched.

2022-06-24 14:13:10 - [MESSAGE][PASSED] - Actual text and expected text of test object 'Object Repository/Paybill/payBillsConfirmAmountTxt' are matched.

2022-06-24 14:13:10 - [TEST_STEP][PASSED] - verifyElementExist(findTestObject("Paybill/payBillsConfirmDateTitleTxt"), 0): Element 'Object Repository/Paybill/payBillsConfirmDateTitleTxt' is exist

2022-06-24 14:13:10 - [MESSAGE][WARNING] - Timeout '0' is invalid. Using default page load timeout: '40'

2022-06-24 14:13:10 - [MESSAGE][PASSED] - Element 'Object Repository/Paybill/payBillsConfirmDateTitleTxt' is exist

2022-06-24 14:13:10 - [TEST_STEP][PASSED] - verifyElementText(findTestObject("Paybill/payBillsConfirmDateTxt", ["trxDate":trxDate]), trxDate): Actual text and expected text of test object 'Object Repository/Paybill/payBillsConfirmDateTxt' are matched.

2022-06-24 14:13:11 - [MESSAGE][PASSED] - Actual text and expected text of test object 'Object Repository/Paybill/payBillsConfirmDateTxt' are matched.

2022-06-24 14:13:11 - [TEST_STEP][PASSED] - verifyElementExist(findTestObject("Paybill/payBillsConfirmPayFromTxt"), 0): Element 'Object Repository/Paybill/payBillsConfirmPayFromTxt' is exist

2022-06-24 14:13:11 - [MESSAGE][WARNING] - Timeout '0' is invalid. Using default page load timeout: '40'

2022-06-24 14:13:11 - [MESSAGE][PASSED] - Element 'Object Repository/Paybill/payBillsConfirmPayFromTxt' is exist

2022-06-24 14:13:11 - [TEST_STEP][PASSED] - verifyElementText(findTestObject("Transfer/transferConfirmationFromAccTypeTxt", ["accType":accType]), accType): Actual text and expected text of test object 'Object Repository/Transfer/transferConfirmationFromAccTypeTxt' are matched.

2022-06-24 14:13:11 - [MESSAGE][PASSED] - Actual text and expected text of test object 'Object Repository/Transfer/transferConfirmationFromAccTypeTxt' are matched.

2022-06-24 14:13:11 - [TEST_STEP][PASSED] - verifyElementText(findTestObject("Transfer/transferConfirmationFromAccNoTxt", ["accNoFrom":accNoFrom]), accNoFrom): Actual text and expected text of test object 'Object Repository/Transfer/transferConfirmationFromAccNoTxt' are matched.

2022-06-24 14:13:11 - [MESSAGE][PASSED] - Actual text and expected text of test object 'Object Repository/Transfer/transferConfirmationFromAccNoTxt' are matched.

2022-06-24 14:13:11 - [TEST_STEP][PASSED] - verifyElementExist(findTestObject("Transfer/transferConfirmationFromAccBalanceTxt"), 0): Element 'Object Repository/Transfer/transferConfirmationFromAccBalanceTxt' is exist

2022-06-24 14:13:11 - [MESSAGE][WARNING] - Timeout '0' is invalid. Using default page load timeout: '40'

2022-06-24 14:13:12 - [MESSAGE][PASSED] - Element 'Object Repository/Transfer/transferConfirmationFromAccBalanceTxt' is exist

2022-06-24 14:13:12 - [TEST_STEP][PASSED] - accountBalance = getText(findTestObject("Transfer/transferConfirmationFromAccBalanceTxt"), 0): Text of element 'Object Repository/Transfer/transferConfirmationFromAccBalanceTxt' is: 'RM 2,122.09'

2022-06-24 14:13:12 - [MESSAGE][WARNING] - Timeout '0' is invalid. Using default page load timeout: '40'

2022-06-24 14:13:12 - [MESSAGE][PASSED] - Text of element 'Object Repository/Transfer/transferConfirmationFromAccBalanceTxt' is: 'RM 2,122.09'

2022-06-24 14:13:12 - [TEST_STEP][PASSED] - println(accountBalance): null

2022-06-24 14:13:12 - [TEST_STEP][PASSED] - waitForElementPresent(findTestObject("Main/mainPayNowBtn"), 5): Element 'Object Repository/Main/mainPayNowBtn' is present

2022-06-24 14:13:12 - [MESSAGE][PASSED] - Element 'Object Repository/Main/mainPayNowBtn' is present

2022-06-24 14:13:12 - [TEST_STEP][PASSED] - tap(findTestObject("Main/mainPayNowBtn"), 0): Tapped on element 'Object Repository/Main/mainPayNowBtn'

2022-06-24 14:13:12 - [MESSAGE][WARNING] - Timeout '0' is invalid. Using default page load timeout: '40'

2022-06-24 14:13:13 - [MESSAGE][PASSED] - Tapped on element 'Object Repository/Main/mainPayNowBtn'

2022-06-24 14:13:13 - [TEST_STEP][PASSED] - if (verifyElementVisible(findTestObject("Festive Season/festiveReturnAngpaoTACNoTxt"), 10, OPTIONAL)): Element 'Object Repository/Festive Season/festiveReturnAngpaoTACNoTxt' not found

2022-06-24 14:13:23 - [MESSAGE][WARNING] - Element 'Object Repository/Festive Season/festiveReturnAngpaoTACNoTxt' not found

2022-06-24 14:13:23 - [TEST_STEP][PASSED] - else: Delayed 5 second(s)

2022-06-24 14:13:23 - [TEST_STEP][PASSED] - delay(5): Delayed 5 second(s)

2022-06-24 14:13:28 - [MESSAGE][PASSED] - Delayed 5 second(s)

2022-06-24 14:13:28 - [TEST_STEP][PASSED] - verifyElementVisible(findTestObject("Main/mainS2UApproveBtn"), 10): Element 'Object Repository/Main/mainS2UApproveBtn' is visible

2022-06-24 14:13:28 - [MESSAGE][PASSED] - Element 'Object Repository/Main/mainS2UApproveBtn' is visible

2022-06-24 14:13:28 - [TEST_STEP][PASSED] - tap(findTestObject("Main/mainS2UApproveBtn"), 0): Tapped on element 'Object Repository/Main/mainS2UApproveBtn'

2022-06-24 14:13:28 - [MESSAGE][WARNING] - Timeout '0' is invalid. Using default page load timeout: '40'

2022-06-24 14:13:28 - [MESSAGE][PASSED] - Tapped on element 'Object Repository/Main/mainS2UApproveBtn'

2022-06-24 14:13:28 - [TEST_STEP][PASSED] - delay(5): Delayed 5 second(s)

2022-06-24 14:13:33 - [MESSAGE][PASSED] - Delayed 5 second(s)

2022-06-24 14:13:33 - [TEST_STEP][PASSED] - verifyElementExist(findTestObject("Festive Season/returnAngpaoStatusMessageTxt"), 0): Element 'Object Repository/Festive Season/returnAngpaoStatusMessageTxt' is exist

2022-06-24 14:13:33 - [MESSAGE][WARNING] - Timeout '0' is invalid. Using default page load timeout: '40'

2022-06-24 14:13:33 - [MESSAGE][PASSED] - Element 'Object Repository/Festive Season/returnAngpaoStatusMessageTxt' is exist

2022-06-24 14:13:33 - [TEST_STEP][PASSED] - message = getText(findTestObject("Festive Season/returnAngpaoStatusMessageTxt"), 10): Text of element 'Object Repository/Festive Season/returnAngpaoStatusMessageTxt' is: 'Payment successful'

2022-06-24 14:13:34 - [MESSAGE][PASSED] - Text of element 'Object Repository/Festive Season/returnAngpaoStatusMessageTxt' is: 'Payment successful'

2022-06-24 14:13:34 - [TEST_STEP][PASSED] - println(message): null

2022-06-24 14:13:34 - [TEST_STEP][PASSED] - assert message == successTransactionMessage: null

2022-06-24 14:13:34 - [TEST_STEP][PASSED] - delay(5): Delayed 5 second(s)

2022-06-24 14:13:39 - [MESSAGE][PASSED] - Delayed 5 second(s)

2022-06-24 14:13:39 - [TEST_STEP][PASSED] - verifyElementExist(findTestObject("Paybill/payBillsSummaryDateTimeTitleTxt"), 0): Element 'Object Repository/Paybill/payBillsSummaryDateTimeTitleTxt' is exist

2022-06-24 14:13:39 - [MESSAGE][WARNING] - Timeout '0' is invalid. Using default page load timeout: '40'

2022-06-24 14:13:40 - [MESSAGE][PASSED] - Element 'Object Repository/Paybill/payBillsSummaryDateTimeTitleTxt' is exist

2022-06-24 14:13:40 - [TEST_STEP][PASSED] - verifyElementExist(findTestObject("Duit Now/duitNowSummaryRefernceIDTitleTxt"), 0): Element 'Object Repository/Duit Now/duitNowSummaryRefernceIDTitleTxt' is exist

2022-06-24 14:13:40 - [MESSAGE][WARNING] - Timeout '0' is invalid. Using default page load timeout: '40'

2022-06-24 14:13:40 - [MESSAGE][PASSED] - Element 'Object Repository/Duit Now/duitNowSummaryRefernceIDTitleTxt' is exist

2022-06-24 14:13:40 - [TEST_STEP][PASSED] - verifyElementExist(findTestObject("Transfer/transferSummaryShareReceiptBtn"), 0): Element 'Object Repository/Transfer/transferSummaryShareReceiptBtn' is exist

2022-06-24 14:13:40 - [MESSAGE][WARNING] - Timeout '0' is invalid. Using default page load timeout: '40'

2022-06-24 14:13:40 - [MESSAGE][PASSED] - Element 'Object Repository/Transfer/transferSummaryShareReceiptBtn' is exist

2022-06-24 14:13:40 - [TEST_STEP][PASSED] - delay(5): Delayed 5 second(s)

2022-06-24 14:13:45 - [MESSAGE][PASSED] - Delayed 5 second(s)

2022-06-24 14:13:45 - [TEST_STEP][PASSED] - referenceID = getText(findTestObject("Send Request Money/requestMoneyPaySummaryRefIDTxt"), 0): Text of element 'Object Repository/Send Request Money/requestMoneyPaySummaryRefIDTxt' is: 'Reference ID'

2022-06-24 14:13:45 - [MESSAGE][WARNING] - Timeout '0' is invalid. Using default page load timeout: '40'

2022-06-24 14:13:45 - [MESSAGE][PASSED] - Text of element 'Object Repository/Send Request Money/requestMoneyPaySummaryRefIDTxt' is: 'Reference ID'

2022-06-24 14:13:45 - [TEST_STEP][PASSED] - println(referenceID): null

2022-06-24 14:13:45 - [TEST_STEP][PASSED] - test = dataFolder: null

2022-06-24 14:13:45 - [TEST_STEP][PASSED] - sheetName = "Sheet1": null

2022-06-24 14:13:45 - [TEST_STEP][PASSED] - file1 = new java.io.File(test): null

2022-06-24 14:13:45 - [TEST_STEP][PASSED] - assert file1.exists() == true: null

2022-06-24 14:13:45 - [TEST_STEP][PASSED] - woorkbook1 = getWorkbook(test): null

2022-06-24 14:13:45 - [TEST_STEP][PASSED] - sheet1 = getExcelSheet(woorkbook1, sheetName): null

2022-06-24 14:13:45 - [TEST_STEP][PASSED] - setValueToCellByIndex(sheet1, 4, 1, referenceID): null

2022-06-24 14:13:45 - [TEST_STEP][PASSED] - saveWorkbook(test, woorkbook1): null

2022-06-24 14:13:45 - [TEST_STEP][PASSED] - delay(2): Delayed 2 second(s)

2022-06-24 14:13:47 - [MESSAGE][PASSED] - Delayed 2 second(s)

2022-06-24 14:13:47 - [TEST_STEP][PASSED] - tap(findTestObject("Main/mainAddToFavBtn"), 0): Tapped on element 'Object Repository/Main/mainAddToFavBtn'

2022-06-24 14:13:47 - [MESSAGE][WARNING] - Timeout '0' is invalid. Using default page load timeout: '40'

2022-06-24 14:13:48 - [MESSAGE][PASSED] - Tapped on element 'Object Repository/Main/mainAddToFavBtn'

2022-06-24 14:13:48 - [TEST_STEP][PASSED] - delay(2): Delayed 2 second(s)

2022-06-24 14:13:50 - [MESSAGE][PASSED] - Delayed 2 second(s)

2022-06-24 14:13:50 - [TEST_STEP][PASSED] - tap(findTestObject("Main/mainAddToFavBtn"), 0): Tapped on element 'Object Repository/Main/mainAddToFavBtn'

2022-06-24 14:13:50 - [MESSAGE][WARNING] - Timeout '0' is invalid. Using default page load timeout: '40'

2022-06-24 14:13:50 - [MESSAGE][PASSED] - Tapped on element 'Object Repository/Main/mainAddToFavBtn'

2022-06-24 14:13:50 - [TEST_STEP][PASSED] - delay(2): Delayed 2 second(s)

2022-06-24 14:13:52 - [MESSAGE][PASSED] - Delayed 2 second(s)

2022-06-24 14:13:52 - [TEST_STEP][PASSED] - tap(findTestObject("Main/mainCloseFavPopUpBtn"), 0): Tapped on element 'Object Repository/Main/mainCloseFavPopUpBtn'

2022-06-24 14:13:52 - [MESSAGE][WARNING] - Timeout '0' is invalid. Using default page load timeout: '40'

2022-06-24 14:13:55 - [MESSAGE][PASSED] - Tapped on element 'Object Repository/Main/mainCloseFavPopUpBtn'

2022-06-24 14:13:55 - [TEST_STEP][PASSED] - delay(3): Delayed 3 second(s)

2022-06-24 14:13:58 - [MESSAGE][PASSED] - Delayed 3 second(s)

2022-06-24 14:13:58 - [TEST_STEP][PASSED] - verifyElementVisible(findTestObject("Main/mainDoneBtn"), 0): Element 'Object Repository/Main/mainDoneBtn' is visible

2022-06-24 14:13:58 - [MESSAGE][WARNING] - Timeout '0' is invalid. Using default page load timeout: '40'

2022-06-24 14:13:58 - [MESSAGE][PASSED] - Element 'Object Repository/Main/mainDoneBtn' is visible

2022-06-24 14:13:58 - [TEST_STEP][PASSED] - takeScreenshot("/Users/a00139272/Desktop/Screenshot/payBillsAddFav.png"): Screenshot is taken

2022-06-24 14:13:59 - [MESSAGE][PASSED] - Screenshot is taken
[[ATTACHMENT|/Users/a00139272/Desktop/Screenshot/payBillsAddFav.png]]

2022-06-24 14:13:59 - [TEST_STEP][PASSED] - tap(findTestObject("Main/mainDoneBtn"), 0): Tapped on element 'Object Repository/Main/mainDoneBtn'

2022-06-24 14:13:59 - [MESSAGE][WARNING] - Timeout '0' is invalid. Using default page load timeout: '40'

2022-06-24 14:14:00 - [MESSAGE][PASSED] - Tapped on element 'Object Repository/Main/mainDoneBtn'

2022-06-24 14:14:00 - [TEST_STEP][PASSED] - delay(5): Delayed 5 second(s)

2022-06-24 14:14:05 - [MESSAGE][PASSED] - Delayed 5 second(s)

2022-06-24 14:14:05 - [TEST_STEP][PASSED] - delay(3): Delayed 3 second(s)

2022-06-24 14:14:08 - [MESSAGE][PASSED] - Delayed 3 second(s)]]></system-out>
         <system-err><![CDATA[]]></system-err>
      </testcase>
      <testcase name="Test Cases/PayBill/payBills_favoriteTransaction" time="68.283" classname="Test Cases/PayBill/payBills_favoriteTransaction" status="PASSED">
         <system-out><![CDATA[2022-06-24 14:14:08 - [TEST_CASE][PASSED] - Test Cases/PayBill/payBills_favoriteTransaction: Test Cases/PayBill/payBills_favoriteTransaction

2022-06-24 14:14:08 - [TEST_STEP][PASSED] - device_Height = getDeviceHeight(): Current device physical height is 2167

2022-06-24 14:14:09 - [MESSAGE][PASSED] - Current device physical height is 2167

2022-06-24 14:14:09 - [TEST_STEP][PASSED] - device_Width = getDeviceWidth(): Current device physical width is 1080

2022-06-24 14:14:09 - [MESSAGE][PASSED] - Current device physical width is 1080

2022-06-24 14:14:09 - [TEST_STEP][PASSED] - startX = device_Width / 3: null

2022-06-24 14:14:09 - [TEST_STEP][PASSED] - startY = device_Height * 0.97: null

2022-06-24 14:14:09 - [TEST_STEP][PASSED] - tap(findTestObject("Banking/m2uAccountPayBillsIconSelect"), 0): Tapped on element 'Object Repository/Banking/m2uAccountPayBillsIconSelect'

2022-06-24 14:14:09 - [MESSAGE][WARNING] - Timeout '0' is invalid. Using default page load timeout: '40'

2022-06-24 14:14:09 - [MESSAGE][PASSED] - Tapped on element 'Object Repository/Banking/m2uAccountPayBillsIconSelect'

2022-06-24 14:14:09 - [TEST_STEP][PASSED] - verifyElementExist(findTestObject("Paybill/payBillsIconSelect"), 0): Element 'Object Repository/Paybill/payBillsIconSelect' is exist

2022-06-24 14:14:09 - [MESSAGE][WARNING] - Timeout '0' is invalid. Using default page load timeout: '40'

2022-06-24 14:14:18 - [MESSAGE][PASSED] - Element 'Object Repository/Paybill/payBillsIconSelect' is exist

2022-06-24 14:14:18 - [TEST_STEP][PASSED] - verifyElementText(findTestObject("Transfer/transferFavListAccNameTxt", ["accName":payeeName]), payeeName): Actual text and expected text of test object 'Object Repository/Transfer/transferFavListAccNameTxt' are matched.

2022-06-24 14:14:19 - [MESSAGE][PASSED] - Actual text and expected text of test object 'Object Repository/Transfer/transferFavListAccNameTxt' are matched.

2022-06-24 14:14:19 - [TEST_STEP][PASSED] - verifyElementText(findTestObject("Transfer/transferFavListAccNoTxt", ["accNo":AccountNo]), AccountNo): Actual text and expected text of test object 'Object Repository/Transfer/transferFavListAccNoTxt' are matched.

2022-06-24 14:14:19 - [MESSAGE][PASSED] - Actual text and expected text of test object 'Object Repository/Transfer/transferFavListAccNoTxt' are matched.

2022-06-24 14:14:19 - [TEST_STEP][PASSED] - verifyElementText(findTestObject("Transfer/transferFavListAccBankTxt", ["accBank":payeeName]), payeeName): Actual text and expected text of test object 'Object Repository/Transfer/transferFavListAccBankTxt' are matched.

2022-06-24 14:14:20 - [MESSAGE][PASSED] - Actual text and expected text of test object 'Object Repository/Transfer/transferFavListAccBankTxt' are matched.

2022-06-24 14:14:20 - [TEST_STEP][PASSED] - tap(findTestObject("Transfer/transferFavListAccNameTxt", ["accName":payeeName]), 0): Tapped on element 'Object Repository/Transfer/transferFavListAccNameTxt'

2022-06-24 14:14:20 - [MESSAGE][WARNING] - Timeout '0' is invalid. Using default page load timeout: '40'

2022-06-24 14:14:20 - [MESSAGE][PASSED] - Tapped on element 'Object Repository/Transfer/transferFavListAccNameTxt'

2022-06-24 14:14:20 - [TEST_STEP][PASSED] - delay(3): Delayed 3 second(s)

2022-06-24 14:14:23 - [MESSAGE][PASSED] - Delayed 3 second(s)

2022-06-24 14:14:23 - [TEST_STEP][PASSED] - verifyElementText(findTestObject("Paybill/payBillsAmountPayeeNameTxt", ["payee":payeeName]), payeeName): Actual text and expected text of test object 'Object Repository/Paybill/payBillsAmountPayeeNameTxt' are matched.

2022-06-24 14:14:24 - [MESSAGE][PASSED] - Actual text and expected text of test object 'Object Repository/Paybill/payBillsAmountPayeeNameTxt' are matched.

2022-06-24 14:14:24 - [TEST_STEP][PASSED] - verifyElementText(findTestObject("Paybill/payBillsAmountPayeeAccountNoTxt", ["accNo":accNo]), accNo): Actual text and expected text of test object 'Object Repository/Paybill/payBillsAmountPayeeAccountNoTxt' are matched.

2022-06-24 14:14:24 - [MESSAGE][PASSED] - Actual text and expected text of test object 'Object Repository/Paybill/payBillsAmountPayeeAccountNoTxt' are matched.

2022-06-24 14:14:24 - [TEST_STEP][PASSED] - verifyElementExist(findTestObject("Paybill/payBillsAmountInitialTxt"), 0): Element 'Object Repository/Paybill/payBillsAmountInitialTxt' is exist

2022-06-24 14:14:24 - [MESSAGE][WARNING] - Timeout '0' is invalid. Using default page load timeout: '40'

2022-06-24 14:14:24 - [MESSAGE][PASSED] - Element 'Object Repository/Paybill/payBillsAmountInitialTxt' is exist

2022-06-24 14:14:24 - [TEST_STEP][PASSED] - verifyElementExist(findTestObject("Paybill/payBillsAmountCurrencyTxt"), 0): Element 'Object Repository/Paybill/payBillsAmountCurrencyTxt' is exist

2022-06-24 14:14:24 - [MESSAGE][WARNING] - Timeout '0' is invalid. Using default page load timeout: '40'

2022-06-24 14:14:24 - [MESSAGE][PASSED] - Element 'Object Repository/Paybill/payBillsAmountCurrencyTxt' is exist

2022-06-24 14:14:24 - [TEST_STEP][PASSED] - verifyElementExist(findTestObject("Paybill/payBillsAmountEnterTitleTxt"), 0): Element 'Object Repository/Paybill/payBillsAmountEnterTitleTxt' is exist

2022-06-24 14:14:24 - [MESSAGE][WARNING] - Timeout '0' is invalid. Using default page load timeout: '40'

2022-06-24 14:14:24 - [MESSAGE][PASSED] - Element 'Object Repository/Paybill/payBillsAmountEnterTitleTxt' is exist

2022-06-24 14:14:24 - [TEST_STEP][PASSED] - tap(findTestObject("Login Onboarding/PIN5"), 0): Tapped on element 'Object Repository/Login Onboarding/PIN5'

2022-06-24 14:14:24 - [MESSAGE][WARNING] - Timeout '0' is invalid. Using default page load timeout: '40'

2022-06-24 14:14:25 - [MESSAGE][PASSED] - Tapped on element 'Object Repository/Login Onboarding/PIN5'

2022-06-24 14:14:25 - [TEST_STEP][PASSED] - tap(findTestObject("Login Onboarding/PIN0"), 0): Tapped on element 'Object Repository/Login Onboarding/PIN0'

2022-06-24 14:14:25 - [MESSAGE][WARNING] - Timeout '0' is invalid. Using default page load timeout: '40'

2022-06-24 14:14:25 - [MESSAGE][PASSED] - Tapped on element 'Object Repository/Login Onboarding/PIN0'

2022-06-24 14:14:25 - [TEST_STEP][PASSED] - tap(findTestObject("Login Onboarding/PIN0"), 0): Tapped on element 'Object Repository/Login Onboarding/PIN0'

2022-06-24 14:14:25 - [MESSAGE][WARNING] - Timeout '0' is invalid. Using default page load timeout: '40'

2022-06-24 14:14:25 - [MESSAGE][PASSED] - Tapped on element 'Object Repository/Login Onboarding/PIN0'

2022-06-24 14:14:25 - [TEST_STEP][PASSED] - tap(findTestObject("Login Onboarding/PIN0"), 0): Tapped on element 'Object Repository/Login Onboarding/PIN0'

2022-06-24 14:14:25 - [MESSAGE][WARNING] - Timeout '0' is invalid. Using default page load timeout: '40'

2022-06-24 14:14:25 - [MESSAGE][PASSED] - Tapped on element 'Object Repository/Login Onboarding/PIN0'

2022-06-24 14:14:25 - [TEST_STEP][PASSED] - delay(3): Delayed 3 second(s)

2022-06-24 14:14:28 - [MESSAGE][PASSED] - Delayed 3 second(s)

2022-06-24 14:14:28 - [TEST_STEP][PASSED] - verifyElementText(findTestObject("Paybill/payBillsAmountInputtedTxt", ["value":values]), values): Actual text and expected text of test object 'Object Repository/Paybill/payBillsAmountInputtedTxt' are matched.

2022-06-24 14:14:29 - [MESSAGE][PASSED] - Actual text and expected text of test object 'Object Repository/Paybill/payBillsAmountInputtedTxt' are matched.

2022-06-24 14:14:29 - [TEST_STEP][PASSED] - tap(findTestObject("Main/mainAmountTickBtn"), 0): Tapped on element 'Object Repository/Main/mainAmountTickBtn'

2022-06-24 14:14:29 - [MESSAGE][WARNING] - Timeout '0' is invalid. Using default page load timeout: '40'

2022-06-24 14:14:29 - [MESSAGE][PASSED] - Tapped on element 'Object Repository/Main/mainAmountTickBtn'

2022-06-24 14:14:29 - [TEST_STEP][PASSED] - delay(5): Delayed 5 second(s)

2022-06-24 14:14:34 - [MESSAGE][PASSED] - Delayed 5 second(s)

2022-06-24 14:14:34 - [TEST_STEP][PASSED] - verifyElementText(findTestObject("Paybill/payBillsConfirmPayeeNameTxt", ["payeeName":payeeName]), payeeName): Actual text and expected text of test object 'Object Repository/Paybill/payBillsConfirmPayeeNameTxt' are matched.

2022-06-24 14:14:34 - [MESSAGE][PASSED] - Actual text and expected text of test object 'Object Repository/Paybill/payBillsConfirmPayeeNameTxt' are matched.

2022-06-24 14:14:34 - [TEST_STEP][PASSED] - verifyElementText(findTestObject("Paybill/payBillsConfirmPayeeAccountNoTxt", ["accNo":accNo]), accNo): Actual text and expected text of test object 'Object Repository/Paybill/payBillsConfirmPayeeAccountNoTxt' are matched.

2022-06-24 14:14:35 - [MESSAGE][PASSED] - Actual text and expected text of test object 'Object Repository/Paybill/payBillsConfirmPayeeAccountNoTxt' are matched.

2022-06-24 14:14:35 - [TEST_STEP][PASSED] - verifyElementText(findTestObject("Paybill/payBillsConfirmAmountTxt", ["amount":amount]), amount): Actual text and expected text of test object 'Object Repository/Paybill/payBillsConfirmAmountTxt' are matched.

2022-06-24 14:14:35 - [MESSAGE][PASSED] - Actual text and expected text of test object 'Object Repository/Paybill/payBillsConfirmAmountTxt' are matched.

2022-06-24 14:14:35 - [TEST_STEP][PASSED] - verifyElementExist(findTestObject("Paybill/payBillsConfirmDateTitleTxt"), 0): Element 'Object Repository/Paybill/payBillsConfirmDateTitleTxt' is exist

2022-06-24 14:14:35 - [MESSAGE][WARNING] - Timeout '0' is invalid. Using default page load timeout: '40'

2022-06-24 14:14:35 - [MESSAGE][PASSED] - Element 'Object Repository/Paybill/payBillsConfirmDateTitleTxt' is exist

2022-06-24 14:14:35 - [TEST_STEP][PASSED] - verifyElementText(findTestObject("Paybill/payBillsConfirmDateTxt", ["trxDate":trxDate]), trxDate): Actual text and expected text of test object 'Object Repository/Paybill/payBillsConfirmDateTxt' are matched.

2022-06-24 14:14:35 - [MESSAGE][PASSED] - Actual text and expected text of test object 'Object Repository/Paybill/payBillsConfirmDateTxt' are matched.

2022-06-24 14:14:35 - [TEST_STEP][PASSED] - verifyElementExist(findTestObject("Paybill/payBillsConfirmPayFromTxt"), 0): Element 'Object Repository/Paybill/payBillsConfirmPayFromTxt' is exist

2022-06-24 14:14:35 - [MESSAGE][WARNING] - Timeout '0' is invalid. Using default page load timeout: '40'

2022-06-24 14:14:36 - [MESSAGE][PASSED] - Element 'Object Repository/Paybill/payBillsConfirmPayFromTxt' is exist

2022-06-24 14:14:36 - [TEST_STEP][PASSED] - verifyElementText(findTestObject("Transfer/transferConfirmationFromAccTypeTxt", ["accType":accType]), accType): Actual text and expected text of test object 'Object Repository/Transfer/transferConfirmationFromAccTypeTxt' are matched.

2022-06-24 14:14:36 - [MESSAGE][PASSED] - Actual text and expected text of test object 'Object Repository/Transfer/transferConfirmationFromAccTypeTxt' are matched.

2022-06-24 14:14:36 - [TEST_STEP][PASSED] - verifyElementText(findTestObject("Transfer/transferConfirmationFromAccNoTxt", ["accNoFrom":accNoFrom]), accNoFrom): Actual text and expected text of test object 'Object Repository/Transfer/transferConfirmationFromAccNoTxt' are matched.

2022-06-24 14:14:36 - [MESSAGE][PASSED] - Actual text and expected text of test object 'Object Repository/Transfer/transferConfirmationFromAccNoTxt' are matched.

2022-06-24 14:14:36 - [TEST_STEP][PASSED] - verifyElementExist(findTestObject("Transfer/transferConfirmationFromAccBalanceTxt"), 0): Element 'Object Repository/Transfer/transferConfirmationFromAccBalanceTxt' is exist

2022-06-24 14:14:36 - [MESSAGE][WARNING] - Timeout '0' is invalid. Using default page load timeout: '40'

2022-06-24 14:14:36 - [MESSAGE][PASSED] - Element 'Object Repository/Transfer/transferConfirmationFromAccBalanceTxt' is exist

2022-06-24 14:14:36 - [TEST_STEP][PASSED] - accountBalance = getText(findTestObject("Transfer/transferConfirmationFromAccBalanceTxt"), 0): Text of element 'Object Repository/Transfer/transferConfirmationFromAccBalanceTxt' is: 'RM 2,072.09'

2022-06-24 14:14:36 - [MESSAGE][WARNING] - Timeout '0' is invalid. Using default page load timeout: '40'

2022-06-24 14:14:37 - [MESSAGE][PASSED] - Text of element 'Object Repository/Transfer/transferConfirmationFromAccBalanceTxt' is: 'RM 2,072.09'

2022-06-24 14:14:37 - [TEST_STEP][PASSED] - println(accountBalance): null

2022-06-24 14:14:37 - [TEST_STEP][PASSED] - waitForElementPresent(findTestObject("Main/mainPayNowBtn"), 5): Element 'Object Repository/Main/mainPayNowBtn' is present

2022-06-24 14:14:37 - [MESSAGE][PASSED] - Element 'Object Repository/Main/mainPayNowBtn' is present

2022-06-24 14:14:37 - [TEST_STEP][PASSED] - tap(findTestObject("Main/mainPayNowBtn"), 0): Tapped on element 'Object Repository/Main/mainPayNowBtn'

2022-06-24 14:14:37 - [MESSAGE][WARNING] - Timeout '0' is invalid. Using default page load timeout: '40'

2022-06-24 14:14:37 - [MESSAGE][PASSED] - Tapped on element 'Object Repository/Main/mainPayNowBtn'

2022-06-24 14:14:37 - [TEST_STEP][PASSED] - if (verifyElementVisible(findTestObject("Festive Season/festiveReturnAngpaoTACNoTxt"), 10, OPTIONAL)): Element 'Object Repository/Main/mainS2UApproveBtn' not found

2022-06-24 14:14:47 - [MESSAGE][WARNING] - Element 'Object Repository/Festive Season/festiveReturnAngpaoTACNoTxt' not found

2022-06-24 14:14:57 - [MESSAGE][WARNING] - Element 'Object Repository/Main/mainS2UApproveBtn' not found

2022-06-24 14:14:57 - [TEST_STEP][PASSED] - verifyElementExist(findTestObject("Festive Season/returnAngpaoStatusMessageTxt"), 0): Element 'Object Repository/Festive Season/returnAngpaoStatusMessageTxt' is exist

2022-06-24 14:14:57 - [MESSAGE][WARNING] - Timeout '0' is invalid. Using default page load timeout: '40'

2022-06-24 14:14:57 - [MESSAGE][PASSED] - Element 'Object Repository/Festive Season/returnAngpaoStatusMessageTxt' is exist

2022-06-24 14:14:57 - [TEST_STEP][PASSED] - message = getText(findTestObject("Festive Season/returnAngpaoStatusMessageTxt"), 10): Text of element 'Object Repository/Festive Season/returnAngpaoStatusMessageTxt' is: 'Payment successful'

2022-06-24 14:14:58 - [MESSAGE][PASSED] - Text of element 'Object Repository/Festive Season/returnAngpaoStatusMessageTxt' is: 'Payment successful'

2022-06-24 14:14:58 - [TEST_STEP][PASSED] - println(message): null

2022-06-24 14:14:58 - [TEST_STEP][PASSED] - assert message == successTransactionMessage: null

2022-06-24 14:14:58 - [TEST_STEP][PASSED] - delay(5): Delayed 5 second(s)

2022-06-24 14:15:03 - [MESSAGE][PASSED] - Delayed 5 second(s)

2022-06-24 14:15:03 - [TEST_STEP][PASSED] - verifyElementExist(findTestObject("Paybill/payBillsSummaryDateTimeTitleTxt"), 0): Element 'Object Repository/Paybill/payBillsSummaryDateTimeTitleTxt' is exist

2022-06-24 14:15:03 - [MESSAGE][WARNING] - Timeout '0' is invalid. Using default page load timeout: '40'

2022-06-24 14:15:03 - [MESSAGE][PASSED] - Element 'Object Repository/Paybill/payBillsSummaryDateTimeTitleTxt' is exist

2022-06-24 14:15:03 - [TEST_STEP][PASSED] - verifyElementExist(findTestObject("Duit Now/duitNowSummaryRefernceIDTitleTxt"), 0): Element 'Object Repository/Duit Now/duitNowSummaryRefernceIDTitleTxt' is exist

2022-06-24 14:15:03 - [MESSAGE][WARNING] - Timeout '0' is invalid. Using default page load timeout: '40'

2022-06-24 14:15:03 - [MESSAGE][PASSED] - Element 'Object Repository/Duit Now/duitNowSummaryRefernceIDTitleTxt' is exist

2022-06-24 14:15:03 - [TEST_STEP][PASSED] - verifyElementExist(findTestObject("Transfer/transferSummaryShareReceiptBtn"), 0): Element 'Object Repository/Transfer/transferSummaryShareReceiptBtn' is exist

2022-06-24 14:15:03 - [MESSAGE][WARNING] - Timeout '0' is invalid. Using default page load timeout: '40'

2022-06-24 14:15:03 - [MESSAGE][PASSED] - Element 'Object Repository/Transfer/transferSummaryShareReceiptBtn' is exist

2022-06-24 14:15:03 - [TEST_STEP][PASSED] - delay(5): Delayed 5 second(s)

2022-06-24 14:15:08 - [MESSAGE][PASSED] - Delayed 5 second(s)

2022-06-24 14:15:08 - [TEST_STEP][PASSED] - referenceID = getText(findTestObject("Send Request Money/requestMoneyPaySummaryRefIDTxt"), 0): Text of element 'Object Repository/Send Request Money/requestMoneyPaySummaryRefIDTxt' is: 'Reference ID'

2022-06-24 14:15:08 - [MESSAGE][WARNING] - Timeout '0' is invalid. Using default page load timeout: '40'

2022-06-24 14:15:09 - [MESSAGE][PASSED] - Text of element 'Object Repository/Send Request Money/requestMoneyPaySummaryRefIDTxt' is: 'Reference ID'

2022-06-24 14:15:09 - [TEST_STEP][PASSED] - println(referenceID): null

2022-06-24 14:15:09 - [TEST_STEP][PASSED] - test = dataFolder: null

2022-06-24 14:15:09 - [TEST_STEP][PASSED] - sheetName = "Sheet1": null

2022-06-24 14:15:09 - [TEST_STEP][PASSED] - file1 = new java.io.File(test): null

2022-06-24 14:15:09 - [TEST_STEP][PASSED] - assert file1.exists() == true: null

2022-06-24 14:15:09 - [TEST_STEP][PASSED] - woorkbook1 = getWorkbook(test): null

2022-06-24 14:15:09 - [TEST_STEP][PASSED] - sheet1 = getExcelSheet(woorkbook1, sheetName): null

2022-06-24 14:15:09 - [TEST_STEP][PASSED] - setValueToCellByIndex(sheet1, 4, 1, referenceID): null

2022-06-24 14:15:09 - [TEST_STEP][PASSED] - saveWorkbook(test, woorkbook1): null

2022-06-24 14:15:09 - [TEST_STEP][PASSED] - delay(3): Delayed 3 second(s)

2022-06-24 14:15:12 - [MESSAGE][PASSED] - Delayed 3 second(s)

2022-06-24 14:15:12 - [TEST_STEP][PASSED] - verifyElementVisible(findTestObject("Main/mainDoneBtn"), 0): Element 'Object Repository/Main/mainDoneBtn' is visible

2022-06-24 14:15:12 - [MESSAGE][WARNING] - Timeout '0' is invalid. Using default page load timeout: '40'

2022-06-24 14:15:12 - [MESSAGE][PASSED] - Element 'Object Repository/Main/mainDoneBtn' is visible

2022-06-24 14:15:12 - [TEST_STEP][PASSED] - takeScreenshot("/Users/a00139272/Desktop/Screenshot/payBillsFav.png"): Screenshot is taken

2022-06-24 14:15:13 - [MESSAGE][PASSED] - Screenshot is taken
[[ATTACHMENT|/Users/a00139272/Desktop/Screenshot/payBillsFav.png]]

2022-06-24 14:15:13 - [TEST_STEP][PASSED] - tap(findTestObject("Main/mainDoneBtn"), 0): Tapped on element 'Object Repository/Main/mainDoneBtn'

2022-06-24 14:15:13 - [MESSAGE][WARNING] - Timeout '0' is invalid. Using default page load timeout: '40'

2022-06-24 14:15:13 - [MESSAGE][PASSED] - Tapped on element 'Object Repository/Main/mainDoneBtn'

2022-06-24 14:15:13 - [TEST_STEP][PASSED] - delay(3): Delayed 3 second(s)

2022-06-24 14:15:16 - [MESSAGE][PASSED] - Delayed 3 second(s)]]></system-out>
         <system-err><![CDATA[]]></system-err>
      </testcase>
      <testcase name="Test Cases/JomPay/jomPay_todayTransaction" time="81.639" classname="Test Cases/JomPay/jomPay_todayTransaction" status="PASSED">
         <system-out><![CDATA[2022-06-24 14:15:16 - [TEST_CASE][PASSED] - Test Cases/JomPay/jomPay_todayTransaction: Test Cases/JomPay/jomPay_todayTransaction

2022-06-24 14:15:17 - [TEST_STEP][PASSED] - device_Height = getDeviceHeight(): Current device physical height is 2167

2022-06-24 14:15:17 - [MESSAGE][PASSED] - Current device physical height is 2167

2022-06-24 14:15:17 - [TEST_STEP][PASSED] - device_Width = getDeviceWidth(): Current device physical width is 1080

2022-06-24 14:15:17 - [MESSAGE][PASSED] - Current device physical width is 1080

2022-06-24 14:15:17 - [TEST_STEP][PASSED] - startX = device_Width / 3: null

2022-06-24 14:15:17 - [TEST_STEP][PASSED] - startY = device_Height * 0.97: null

2022-06-24 14:15:17 - [TEST_STEP][PASSED] - verifyElementExist(findTestObject("Banking/m2uAccountPayBillsIconSelect"), 0): Element 'Object Repository/Banking/m2uAccountPayBillsIconSelect' is exist

2022-06-24 14:15:17 - [MESSAGE][WARNING] - Timeout '0' is invalid. Using default page load timeout: '40'

2022-06-24 14:15:18 - [MESSAGE][PASSED] - Element 'Object Repository/Banking/m2uAccountPayBillsIconSelect' is exist

2022-06-24 14:15:18 - [TEST_STEP][PASSED] - tap(findTestObject("Banking/m2uAccountPayBillsIconSelect"), 0): Tapped on element 'Object Repository/Banking/m2uAccountPayBillsIconSelect'

2022-06-24 14:15:18 - [MESSAGE][WARNING] - Timeout '0' is invalid. Using default page load timeout: '40'

2022-06-24 14:15:18 - [MESSAGE][PASSED] - Tapped on element 'Object Repository/Banking/m2uAccountPayBillsIconSelect'

2022-06-24 14:15:18 - [TEST_STEP][PASSED] - println("JOMPAY OFF US"): null

2022-06-24 14:15:18 - [TEST_STEP][PASSED] - verifyElementExist(findTestObject("JomPay/payBillsJomPayTopMenuSelect"), 0): Element 'Object Repository/JomPay/payBillsJomPayTopMenuSelect' is exist

2022-06-24 14:15:18 - [MESSAGE][WARNING] - Timeout '0' is invalid. Using default page load timeout: '40'

2022-06-24 14:15:23 - [MESSAGE][PASSED] - Element 'Object Repository/JomPay/payBillsJomPayTopMenuSelect' is exist

2022-06-24 14:15:23 - [TEST_STEP][PASSED] - tap(findTestObject("JomPay/payBillsJomPayTopMenuSelect"), 0): Tapped on element 'Object Repository/JomPay/payBillsJomPayTopMenuSelect'

2022-06-24 14:15:23 - [MESSAGE][WARNING] - Timeout '0' is invalid. Using default page load timeout: '40'

2022-06-24 14:15:24 - [MESSAGE][PASSED] - Tapped on element 'Object Repository/JomPay/payBillsJomPayTopMenuSelect'

2022-06-24 14:15:24 - [TEST_STEP][PASSED] - verifyElementExist(findTestObject("JomPay/jomPayIconSelect"), 0): Element 'Object Repository/JomPay/jomPayIconSelect' is exist

2022-06-24 14:15:24 - [MESSAGE][WARNING] - Timeout '0' is invalid. Using default page load timeout: '40'

2022-06-24 14:15:25 - [MESSAGE][PASSED] - Element 'Object Repository/JomPay/jomPayIconSelect' is exist

2022-06-24 14:15:25 - [TEST_STEP][PASSED] - tap(findTestObject("JomPay/jomPayIconSelect"), 0): Tapped on element 'Object Repository/JomPay/jomPayIconSelect'

2022-06-24 14:15:25 - [MESSAGE][WARNING] - Timeout '0' is invalid. Using default page load timeout: '40'

2022-06-24 14:15:25 - [MESSAGE][PASSED] - Tapped on element 'Object Repository/JomPay/jomPayIconSelect'

2022-06-24 14:15:25 - [TEST_STEP][PASSED] - delay(3): Delayed 3 second(s)

2022-06-24 14:15:28 - [MESSAGE][PASSED] - Delayed 3 second(s)

2022-06-24 14:15:28 - [TEST_STEP][PASSED] - verifyElementExist(findTestObject("Object Repository/JomPay/jomPayHeaderTxt"), 0): Element 'Object Repository/JomPay/jomPayHeaderTxt' is exist

2022-06-24 14:15:28 - [MESSAGE][WARNING] - Timeout '0' is invalid. Using default page load timeout: '40'

2022-06-24 14:15:29 - [MESSAGE][PASSED] - Element 'Object Repository/JomPay/jomPayHeaderTxt' is exist

2022-06-24 14:15:29 - [TEST_STEP][PASSED] - verifyElementExist(findTestObject("Object Repository/JomPay/jomPayBillerCodeTitleTxt"), 0): Element 'Object Repository/JomPay/jomPayBillerCodeTitleTxt' is exist

2022-06-24 14:15:29 - [MESSAGE][WARNING] - Timeout '0' is invalid. Using default page load timeout: '40'

2022-06-24 14:15:29 - [MESSAGE][PASSED] - Element 'Object Repository/JomPay/jomPayBillerCodeTitleTxt' is exist

2022-06-24 14:15:29 - [TEST_STEP][PASSED] - verifyElementExist(findTestObject("Object Repository/JomPay/jomPayReference1TitleTxt"), 0): Element 'Object Repository/JomPay/jomPayReference1TitleTxt' is exist

2022-06-24 14:15:29 - [MESSAGE][WARNING] - Timeout '0' is invalid. Using default page load timeout: '40'

2022-06-24 14:15:29 - [MESSAGE][PASSED] - Element 'Object Repository/JomPay/jomPayReference1TitleTxt' is exist

2022-06-24 14:15:29 - [TEST_STEP][PASSED] - verifyElementExist(findTestObject("Object Repository/JomPay/jomPayReference2TitleTxt"), 0): Element 'Object Repository/JomPay/jomPayReference2TitleTxt' is exist

2022-06-24 14:15:29 - [MESSAGE][WARNING] - Timeout '0' is invalid. Using default page load timeout: '40'

2022-06-24 14:15:29 - [MESSAGE][PASSED] - Element 'Object Repository/JomPay/jomPayReference2TitleTxt' is exist

2022-06-24 14:15:29 - [TEST_STEP][PASSED] - setText(findTestObject("JomPay/jomPayBillerInputField"), findTestData("TestData").getValue(8, 1), 0): Text '3657' has been set to element 'Object Repository/JomPay/jomPayBillerInputField'

2022-06-24 14:15:29 - [MESSAGE][WARNING] - Timeout '0' is invalid. Using default page load timeout: '40'

2022-06-24 14:15:30 - [MESSAGE][PASSED] - Text '3657' has been set to element 'Object Repository/JomPay/jomPayBillerInputField'

2022-06-24 14:15:30 - [TEST_STEP][PASSED] - setText(findTestObject("JomPay/jomPayBillerRefInputField"), findTestData("TestData").getValue(9, 1), 0): Text '568964' has been set to element 'Object Repository/JomPay/jomPayBillerRefInputField'

2022-06-24 14:15:30 - [MESSAGE][WARNING] - Timeout '0' is invalid. Using default page load timeout: '40'

2022-06-24 14:15:32 - [MESSAGE][PASSED] - Text '568964' has been set to element 'Object Repository/JomPay/jomPayBillerRefInputField'

2022-06-24 14:15:32 - [TEST_STEP][PASSED] - hideKeyboard(): Keyboard is hidden

2022-06-24 14:15:33 - [MESSAGE][PASSED] - Keyboard is hidden

2022-06-24 14:15:33 - [TEST_STEP][PASSED] - tap(findTestObject("Login Onboarding/loginExistingContinueBtn"), 0): Tapped on element 'Object Repository/Login Onboarding/loginExistingContinueBtn'

2022-06-24 14:15:33 - [MESSAGE][WARNING] - Timeout '0' is invalid. Using default page load timeout: '40'

2022-06-24 14:15:33 - [MESSAGE][PASSED] - Tapped on element 'Object Repository/Login Onboarding/loginExistingContinueBtn'

2022-06-24 14:15:33 - [TEST_STEP][PASSED] - verifyElementExist(findTestObject("JomPay/jomPayBillerCodeTxt", ["billerCode":findTestData("TestData").getValue(8, 1)]), 0): Element 'Object Repository/JomPay/jomPayBillerCodeTxt' is exist

2022-06-24 14:15:33 - [MESSAGE][WARNING] - Timeout '0' is invalid. Using default page load timeout: '40'

2022-06-24 14:15:37 - [MESSAGE][PASSED] - Element 'Object Repository/JomPay/jomPayBillerCodeTxt' is exist

2022-06-24 14:15:37 - [TEST_STEP][PASSED] - verifyElementExist(findTestObject("JomPay/jomPayBillerRefTxt", ["refNum":findTestData("TestData").getValue(9, 1)]), 0): Element 'Object Repository/JomPay/jomPayBillerRefTxt' is exist

2022-06-24 14:15:37 - [MESSAGE][WARNING] - Timeout '0' is invalid. Using default page load timeout: '40'

2022-06-24 14:15:37 - [MESSAGE][PASSED] - Element 'Object Repository/JomPay/jomPayBillerRefTxt' is exist

2022-06-24 14:15:37 - [TEST_STEP][PASSED] - verifyElementExist(findTestObject("Object Repository/JomPay/jomPayAmountEnterAmountTitleTxt"), 0): Element 'Object Repository/JomPay/jomPayAmountEnterAmountTitleTxt' is exist

2022-06-24 14:15:37 - [MESSAGE][WARNING] - Timeout '0' is invalid. Using default page load timeout: '40'

2022-06-24 14:15:38 - [MESSAGE][PASSED] - Element 'Object Repository/JomPay/jomPayAmountEnterAmountTitleTxt' is exist

2022-06-24 14:15:38 - [TEST_STEP][PASSED] - verifyElementExist(findTestObject("Object Repository/JomPay/jomPayAmountInitialTxt"), 0): Element 'Object Repository/JomPay/jomPayAmountInitialTxt' is exist

2022-06-24 14:15:38 - [MESSAGE][WARNING] - Timeout '0' is invalid. Using default page load timeout: '40'

2022-06-24 14:15:38 - [MESSAGE][PASSED] - Element 'Object Repository/JomPay/jomPayAmountInitialTxt' is exist

2022-06-24 14:15:38 - [TEST_STEP][PASSED] - verifyElementExist(findTestObject("Object Repository/JomPay/jomPayAmountEnterAmountTitleTxt"), 0): Element 'Object Repository/JomPay/jomPayAmountEnterAmountTitleTxt' is exist

2022-06-24 14:15:38 - [MESSAGE][WARNING] - Timeout '0' is invalid. Using default page load timeout: '40'

2022-06-24 14:15:38 - [MESSAGE][PASSED] - Element 'Object Repository/JomPay/jomPayAmountEnterAmountTitleTxt' is exist

2022-06-24 14:15:38 - [TEST_STEP][PASSED] - trxAmount = findTestData("TestData").getValue(3, 1): null

2022-06-24 14:15:38 - [TEST_STEP][PASSED] - length = trxAmount.length(): null

2022-06-24 14:15:38 - [TEST_STEP][PASSED] - delay(5): Delayed 5 second(s)

2022-06-24 14:15:43 - [MESSAGE][PASSED] - Delayed 5 second(s)

2022-06-24 14:15:43 - [TEST_STEP][PASSED] - tapAtPosition(startX, startY): Tapped at [360, 2,101]

2022-06-24 14:15:44 - [MESSAGE][PASSED] - Tapped at [360, 2,101]

2022-06-24 14:15:44 - [TEST_STEP][PASSED] - for ([i = 0, i < length, (i++)]): null

2022-06-24 14:15:44 - [TEST_STEP][PASSED] - if (trxAmount[i] == "0"): null

2022-06-24 14:15:44 - [TEST_STEP][PASSED] - if (trxAmount[i] == "1"): Tapped on element 'Object Repository/Login Onboarding/PIN1'

2022-06-24 14:15:44 - [TEST_STEP][PASSED] - tap(findTestObject("Login Onboarding/PIN1"), 0): Tapped on element 'Object Repository/Login Onboarding/PIN1'

2022-06-24 14:15:44 - [MESSAGE][WARNING] - Timeout '0' is invalid. Using default page load timeout: '40'

2022-06-24 14:15:44 - [MESSAGE][PASSED] - Tapped on element 'Object Repository/Login Onboarding/PIN1'

2022-06-24 14:15:44 - [TEST_STEP][PASSED] - if (trxAmount[i] == "2"): null

2022-06-24 14:15:44 - [TEST_STEP][PASSED] - if (trxAmount[i] == "3"): null

2022-06-24 14:15:44 - [TEST_STEP][PASSED] - if (trxAmount[i] == "4"): null

2022-06-24 14:15:44 - [TEST_STEP][PASSED] - if (trxAmount[i] == "5"): null

2022-06-24 14:15:44 - [TEST_STEP][PASSED] - if (trxAmount[i] == "6"): null

2022-06-24 14:15:44 - [TEST_STEP][PASSED] - if (trxAmount[i] == "7"): null

2022-06-24 14:15:44 - [TEST_STEP][PASSED] - if (trxAmount[i] == "8"): null

2022-06-24 14:15:44 - [TEST_STEP][PASSED] - if (trxAmount[i] == "9"): null

2022-06-24 14:15:44 - [TEST_STEP][PASSED] - if (trxAmount[i] == "0"): Tapped on element 'Object Repository/Login Onboarding/PIN0'

2022-06-24 14:15:44 - [TEST_STEP][PASSED] - tap(findTestObject("Login Onboarding/PIN0"), 0): Tapped on element 'Object Repository/Login Onboarding/PIN0'

2022-06-24 14:15:44 - [MESSAGE][WARNING] - Timeout '0' is invalid. Using default page load timeout: '40'

2022-06-24 14:15:44 - [MESSAGE][PASSED] - Tapped on element 'Object Repository/Login Onboarding/PIN0'

2022-06-24 14:15:44 - [TEST_STEP][PASSED] - if (trxAmount[i] == "1"): null

2022-06-24 14:15:44 - [TEST_STEP][PASSED] - if (trxAmount[i] == "2"): null

2022-06-24 14:15:44 - [TEST_STEP][PASSED] - if (trxAmount[i] == "3"): null

2022-06-24 14:15:44 - [TEST_STEP][PASSED] - if (trxAmount[i] == "4"): null

2022-06-24 14:15:44 - [TEST_STEP][PASSED] - if (trxAmount[i] == "5"): null

2022-06-24 14:15:44 - [TEST_STEP][PASSED] - if (trxAmount[i] == "6"): null

2022-06-24 14:15:44 - [TEST_STEP][PASSED] - if (trxAmount[i] == "7"): null

2022-06-24 14:15:44 - [TEST_STEP][PASSED] - if (trxAmount[i] == "8"): null

2022-06-24 14:15:44 - [TEST_STEP][PASSED] - if (trxAmount[i] == "9"): null

2022-06-24 14:15:44 - [TEST_STEP][PASSED] - if (trxAmount[i] == "0"): Tapped on element 'Object Repository/Login Onboarding/PIN0'

2022-06-24 14:15:44 - [TEST_STEP][PASSED] - tap(findTestObject("Login Onboarding/PIN0"), 0): Tapped on element 'Object Repository/Login Onboarding/PIN0'

2022-06-24 14:15:44 - [MESSAGE][WARNING] - Timeout '0' is invalid. Using default page load timeout: '40'

2022-06-24 14:15:44 - [MESSAGE][PASSED] - Tapped on element 'Object Repository/Login Onboarding/PIN0'

2022-06-24 14:15:44 - [TEST_STEP][PASSED] - if (trxAmount[i] == "1"): null

2022-06-24 14:15:44 - [TEST_STEP][PASSED] - if (trxAmount[i] == "2"): null

2022-06-24 14:15:44 - [TEST_STEP][PASSED] - if (trxAmount[i] == "3"): null

2022-06-24 14:15:44 - [TEST_STEP][PASSED] - if (trxAmount[i] == "4"): null

2022-06-24 14:15:44 - [TEST_STEP][PASSED] - if (trxAmount[i] == "5"): null

2022-06-24 14:15:44 - [TEST_STEP][PASSED] - if (trxAmount[i] == "6"): null

2022-06-24 14:15:44 - [TEST_STEP][PASSED] - if (trxAmount[i] == "7"): null

2022-06-24 14:15:44 - [TEST_STEP][PASSED] - if (trxAmount[i] == "8"): null

2022-06-24 14:15:44 - [TEST_STEP][PASSED] - if (trxAmount[i] == "9"): null

2022-06-24 14:15:44 - [TEST_STEP][PASSED] - delay(5): Delayed 5 second(s)

2022-06-24 14:15:49 - [MESSAGE][PASSED] - Delayed 5 second(s)

2022-06-24 14:15:49 - [TEST_STEP][PASSED] - tap(findTestObject("JomPay/jomPayAmountTickBtn"), 0): Tapped on element 'Object Repository/JomPay/jomPayAmountTickBtn'

2022-06-24 14:15:49 - [MESSAGE][WARNING] - Timeout '0' is invalid. Using default page load timeout: '40'

2022-06-24 14:15:50 - [MESSAGE][PASSED] - Tapped on element 'Object Repository/JomPay/jomPayAmountTickBtn'

2022-06-24 14:15:50 - [TEST_STEP][PASSED] - verifyElementExist(findTestObject("JomPay/jomPayConfirmationAmountTxt", ["amount":findTestData("TestData").getValue(4, 1)]), 0): Element 'Object Repository/JomPay/jomPayConfirmationAmountTxt' is exist

2022-06-24 14:15:50 - [MESSAGE][WARNING] - Timeout '0' is invalid. Using default page load timeout: '40'

2022-06-24 14:15:56 - [MESSAGE][PASSED] - Element 'Object Repository/JomPay/jomPayConfirmationAmountTxt' is exist

2022-06-24 14:15:56 - [TEST_STEP][PASSED] - verifyElementExist(findTestObject("Object Repository/JomPay/jomPayConfirmationBillerCodeTxt", ["billerCode":findTestData("TestData").getValue(8, 2)]), 0): Element 'Object Repository/JomPay/jomPayConfirmationBillerCodeTxt' is exist

2022-06-24 14:15:56 - [MESSAGE][WARNING] - Timeout '0' is invalid. Using default page load timeout: '40'

2022-06-24 14:15:57 - [MESSAGE][PASSED] - Element 'Object Repository/JomPay/jomPayConfirmationBillerCodeTxt' is exist

2022-06-24 14:15:57 - [TEST_STEP][PASSED] - verifyElementExist(findTestObject("JomPay/jomPayConfirmationBillerRefTxt", ["billRef":findTestData("TestData").getValue(10, 1)]), 0): Element 'Object Repository/JomPay/jomPayConfirmationBillerRefTxt' is exist

2022-06-24 14:15:57 - [MESSAGE][WARNING] - Timeout '0' is invalid. Using default page load timeout: '40'

2022-06-24 14:15:57 - [MESSAGE][PASSED] - Element 'Object Repository/JomPay/jomPayConfirmationBillerRefTxt' is exist

2022-06-24 14:15:57 - [TEST_STEP][PASSED] - verifyElementExist(findTestObject("Object Repository/JomPay/jomPayConfirmationDateTxt"), 0): Element 'Object Repository/JomPay/jomPayConfirmationDateTxt' is exist

2022-06-24 14:15:57 - [MESSAGE][WARNING] - Timeout '0' is invalid. Using default page load timeout: '40'

2022-06-24 14:15:58 - [MESSAGE][PASSED] - Element 'Object Repository/JomPay/jomPayConfirmationDateTxt' is exist

2022-06-24 14:15:58 - [TEST_STEP][PASSED] - verifyElementExist(findTestObject("Object Repository/JomPay/jomPayConfirmationDateTitleTxt"), 0): Element 'Object Repository/JomPay/jomPayConfirmationDateTitleTxt' is exist

2022-06-24 14:15:58 - [MESSAGE][WARNING] - Timeout '0' is invalid. Using default page load timeout: '40'

2022-06-24 14:15:58 - [MESSAGE][PASSED] - Element 'Object Repository/JomPay/jomPayConfirmationDateTitleTxt' is exist

2022-06-24 14:15:58 - [TEST_STEP][PASSED] - verifyElementExist(findTestObject("Object Repository/JomPay/jomPayConfirmationDeclarationTitleTxt"), 0): Element 'Object Repository/JomPay/jomPayConfirmationDeclarationTitleTxt' is exist

2022-06-24 14:15:58 - [MESSAGE][WARNING] - Timeout '0' is invalid. Using default page load timeout: '40'

2022-06-24 14:15:59 - [MESSAGE][PASSED] - Element 'Object Repository/JomPay/jomPayConfirmationDeclarationTitleTxt' is exist

2022-06-24 14:15:59 - [TEST_STEP][PASSED] - verifyElementExist(findTestObject("Object Repository/JomPay/jomPayConfirmationDeclarationNotesTxt"), 0): Element 'Object Repository/JomPay/jomPayConfirmationDeclarationNotesTxt' is exist

2022-06-24 14:15:59 - [MESSAGE][WARNING] - Timeout '0' is invalid. Using default page load timeout: '40'

2022-06-24 14:15:59 - [MESSAGE][PASSED] - Element 'Object Repository/JomPay/jomPayConfirmationDeclarationNotesTxt' is exist

2022-06-24 14:15:59 - [TEST_STEP][PASSED] - verifyElementExist(findTestObject("Object Repository/JomPay/jomPayConfirmationRef2TitleTxt"), 0): Element 'Object Repository/JomPay/jomPayConfirmationRef2TitleTxt' is exist

2022-06-24 14:15:59 - [MESSAGE][WARNING] - Timeout '0' is invalid. Using default page load timeout: '40'

2022-06-24 14:15:59 - [MESSAGE][PASSED] - Element 'Object Repository/JomPay/jomPayConfirmationRef2TitleTxt' is exist

2022-06-24 14:15:59 - [TEST_STEP][PASSED] - verifyElementExist(findTestObject("Object Repository/JomPay/jomPayConfirmationTnCTitleTxt"), 0): Element 'Object Repository/JomPay/jomPayConfirmationTnCTitleTxt' is exist

2022-06-24 14:15:59 - [MESSAGE][WARNING] - Timeout '0' is invalid. Using default page load timeout: '40'

2022-06-24 14:15:59 - [MESSAGE][PASSED] - Element 'Object Repository/JomPay/jomPayConfirmationTnCTitleTxt' is exist

2022-06-24 14:15:59 - [TEST_STEP][PASSED] - verifyElementText(findTestObject("Transfer/transferConfirmationFromAccTypeTxt", ["accType":findTestData("TestData").getValue(5, 1)]), findTestData("TestData").getValue(5, 1)): Actual text and expected text of test object 'Object Repository/Transfer/transferConfirmationFromAccTypeTxt' are matched.

2022-06-24 14:16:00 - [MESSAGE][PASSED] - Actual text and expected text of test object 'Object Repository/Transfer/transferConfirmationFromAccTypeTxt' are matched.

2022-06-24 14:16:00 - [TEST_STEP][PASSED] - verifyElementText(findTestObject("Transfer/transferConfirmationFromAccNoTxt", ["accNoFrom":findTestData("TestData").getValue(6, 1)]), findTestData("TestData").getValue(6, 1)): Actual text and expected text of test object 'Object Repository/Transfer/transferConfirmationFromAccNoTxt' are matched.

2022-06-24 14:16:00 - [MESSAGE][PASSED] - Actual text and expected text of test object 'Object Repository/Transfer/transferConfirmationFromAccNoTxt' are matched.

2022-06-24 14:16:00 - [TEST_STEP][PASSED] - verifyElementExist(findTestObject("Transfer/transferConfirmationFromAccBalanceTxt"), 0): Element 'Object Repository/Transfer/transferConfirmationFromAccBalanceTxt' is exist

2022-06-24 14:16:00 - [MESSAGE][WARNING] - Timeout '0' is invalid. Using default page load timeout: '40'

2022-06-24 14:16:00 - [MESSAGE][PASSED] - Element 'Object Repository/Transfer/transferConfirmationFromAccBalanceTxt' is exist

2022-06-24 14:16:00 - [TEST_STEP][PASSED] - accountBalance = getText(findTestObject("Transfer/transferConfirmationFromAccBalanceTxt"), 0): Text of element 'Object Repository/Transfer/transferConfirmationFromAccBalanceTxt' is: 'RM 2,022.09'

2022-06-24 14:16:00 - [MESSAGE][WARNING] - Timeout '0' is invalid. Using default page load timeout: '40'

2022-06-24 14:16:01 - [MESSAGE][PASSED] - Text of element 'Object Repository/Transfer/transferConfirmationFromAccBalanceTxt' is: 'RM 2,022.09'

2022-06-24 14:16:01 - [TEST_STEP][PASSED] - println(accountBalance): null

2022-06-24 14:16:01 - [TEST_STEP][PASSED] - verifyElementExist(findTestObject("Main/mainPayNowBtn"), 0): Element 'Object Repository/Main/mainPayNowBtn' is exist

2022-06-24 14:16:01 - [MESSAGE][WARNING] - Timeout '0' is invalid. Using default page load timeout: '40'

2022-06-24 14:16:01 - [MESSAGE][PASSED] - Element 'Object Repository/Main/mainPayNowBtn' is exist

2022-06-24 14:16:01 - [TEST_STEP][PASSED] - verifyElementExist(findTestObject("Main/mainPayNowBtn"), 0): Element 'Object Repository/Main/mainPayNowBtn' is exist

2022-06-24 14:16:01 - [MESSAGE][WARNING] - Timeout '0' is invalid. Using default page load timeout: '40'

2022-06-24 14:16:02 - [MESSAGE][PASSED] - Element 'Object Repository/Main/mainPayNowBtn' is exist

2022-06-24 14:16:02 - [TEST_STEP][PASSED] - tap(findTestObject("Main/mainPayNowBtn"), 0): Tapped on element 'Object Repository/Main/mainPayNowBtn'

2022-06-24 14:16:02 - [MESSAGE][WARNING] - Timeout '0' is invalid. Using default page load timeout: '40'

2022-06-24 14:16:02 - [MESSAGE][PASSED] - Tapped on element 'Object Repository/Main/mainPayNowBtn'

2022-06-24 14:16:02 - [TEST_STEP][PASSED] - delay(3): Delayed 3 second(s)

2022-06-24 14:16:05 - [MESSAGE][PASSED] - Delayed 3 second(s)

2022-06-24 14:16:05 - [TEST_STEP][PASSED] - if (verifyElementVisible(findTestObject("Festive Season/festiveReturnAngpaoTACNoTxt"), 10, OPTIONAL)): Element 'Object Repository/Festive Season/festiveReturnAngpaoTACNoTxt' not found

2022-06-24 14:16:15 - [MESSAGE][WARNING] - Element 'Object Repository/Festive Season/festiveReturnAngpaoTACNoTxt' not found

2022-06-24 14:16:15 - [TEST_STEP][PASSED] - else: Tapped on element 'Object Repository/Main/mainS2UApproveBtn'

2022-06-24 14:16:15 - [TEST_STEP][PASSED] - delay(5): Delayed 5 second(s)

2022-06-24 14:16:20 - [MESSAGE][PASSED] - Delayed 5 second(s)

2022-06-24 14:16:20 - [TEST_STEP][PASSED] - verifyElementVisible(findTestObject("Main/mainS2UApproveBtn"), 10): Element 'Object Repository/Main/mainS2UApproveBtn' is visible

2022-06-24 14:16:20 - [MESSAGE][PASSED] - Element 'Object Repository/Main/mainS2UApproveBtn' is visible

2022-06-24 14:16:20 - [TEST_STEP][PASSED] - tap(findTestObject("Main/mainS2UApproveBtn"), 0): Tapped on element 'Object Repository/Main/mainS2UApproveBtn'

2022-06-24 14:16:20 - [MESSAGE][WARNING] - Timeout '0' is invalid. Using default page load timeout: '40'

2022-06-24 14:16:21 - [MESSAGE][PASSED] - Tapped on element 'Object Repository/Main/mainS2UApproveBtn'

2022-06-24 14:16:21 - [TEST_STEP][PASSED] - delay(5): Delayed 5 second(s)

2022-06-24 14:16:26 - [MESSAGE][PASSED] - Delayed 5 second(s)

2022-06-24 14:16:26 - [TEST_STEP][PASSED] - verifyElementText(findTestObject("JomPay/jomPaySummarySuccesfulTxt"), findTestData("TestData").getValue(7, 1)): Actual text and expected text of test object 'Object Repository/JomPay/jomPaySummarySuccesfulTxt' are matched.

2022-06-24 14:16:28 - [MESSAGE][PASSED] - Actual text and expected text of test object 'Object Repository/JomPay/jomPaySummarySuccesfulTxt' are matched.

2022-06-24 14:16:28 - [TEST_STEP][PASSED] - verifyElementExist(findTestObject("Object Repository/JomPay/jomPaySummaryDateTimeTitleTxt"), 0): Element 'Object Repository/JomPay/jomPaySummaryDateTimeTitleTxt' is exist

2022-06-24 14:16:28 - [MESSAGE][WARNING] - Timeout '0' is invalid. Using default page load timeout: '40'

2022-06-24 14:16:28 - [MESSAGE][PASSED] - Element 'Object Repository/JomPay/jomPaySummaryDateTimeTitleTxt' is exist

2022-06-24 14:16:28 - [TEST_STEP][PASSED] - verifyElementExist(findTestObject("Duit Now/duitNowSummaryRefernceIDTitleTxt"), 0): Element 'Object Repository/Duit Now/duitNowSummaryRefernceIDTitleTxt' is exist

2022-06-24 14:16:28 - [MESSAGE][WARNING] - Timeout '0' is invalid. Using default page load timeout: '40'

2022-06-24 14:16:28 - [MESSAGE][PASSED] - Element 'Object Repository/Duit Now/duitNowSummaryRefernceIDTitleTxt' is exist

2022-06-24 14:16:28 - [TEST_STEP][PASSED] - verifyElementExist(findTestObject("Transfer/transferSummaryShareReceiptBtn"), 0): Element 'Object Repository/Transfer/transferSummaryShareReceiptBtn' is exist

2022-06-24 14:16:28 - [MESSAGE][WARNING] - Timeout '0' is invalid. Using default page load timeout: '40'

2022-06-24 14:16:28 - [MESSAGE][PASSED] - Element 'Object Repository/Transfer/transferSummaryShareReceiptBtn' is exist

2022-06-24 14:16:28 - [TEST_STEP][PASSED] - referenceID = getText(findTestObject("Send Request Money/requestMoneyPaySummaryRefIDTxt"), 0): Text of element 'Object Repository/Send Request Money/requestMoneyPaySummaryRefIDTxt' is: 'Reference ID'

2022-06-24 14:16:28 - [MESSAGE][WARNING] - Timeout '0' is invalid. Using default page load timeout: '40'

2022-06-24 14:16:28 - [MESSAGE][PASSED] - Text of element 'Object Repository/Send Request Money/requestMoneyPaySummaryRefIDTxt' is: 'Reference ID'

2022-06-24 14:16:28 - [TEST_STEP][PASSED] - println(referenceID): null

2022-06-24 14:16:28 - [TEST_STEP][PASSED] - test = dataFolder: null

2022-06-24 14:16:28 - [TEST_STEP][PASSED] - sheetName = "Sheet1": null

2022-06-24 14:16:28 - [TEST_STEP][PASSED] - file1 = new java.io.File(test): null

2022-06-24 14:16:28 - [TEST_STEP][PASSED] - assert file1.exists() == true: null

2022-06-24 14:16:28 - [TEST_STEP][PASSED] - woorkbook1 = getWorkbook(test): null

2022-06-24 14:16:28 - [TEST_STEP][PASSED] - sheet1 = getExcelSheet(woorkbook1, sheetName): null

2022-06-24 14:16:28 - [TEST_STEP][PASSED] - setValueToCellByIndex(sheet1, 4, 1, referenceID): null

2022-06-24 14:16:28 - [TEST_STEP][PASSED] - saveWorkbook(test, woorkbook1): null

2022-06-24 14:16:28 - [TEST_STEP][PASSED] - delay(3): Delayed 3 second(s)

2022-06-24 14:16:31 - [MESSAGE][PASSED] - Delayed 3 second(s)

2022-06-24 14:16:31 - [TEST_STEP][PASSED] - takeScreenshot("/Users/a00139272/Desktop/Screenshot/jomPayInstant.png"): Screenshot is taken

2022-06-24 14:16:33 - [MESSAGE][PASSED] - Screenshot is taken
[[ATTACHMENT|/Users/a00139272/Desktop/Screenshot/jomPayInstant.png]]

2022-06-24 14:16:33 - [TEST_STEP][PASSED] - verifyElementVisible(findTestObject("Main/mainDoneBtn"), 0): Element 'Object Repository/Main/mainDoneBtn' is visible

2022-06-24 14:16:33 - [MESSAGE][WARNING] - Timeout '0' is invalid. Using default page load timeout: '40'

2022-06-24 14:16:33 - [MESSAGE][PASSED] - Element 'Object Repository/Main/mainDoneBtn' is visible

2022-06-24 14:16:33 - [TEST_STEP][PASSED] - tap(findTestObject("Main/mainDoneBtn"), 0): Tapped on element 'Object Repository/Main/mainDoneBtn'

2022-06-24 14:16:33 - [MESSAGE][WARNING] - Timeout '0' is invalid. Using default page load timeout: '40'

2022-06-24 14:16:33 - [MESSAGE][PASSED] - Tapped on element 'Object Repository/Main/mainDoneBtn'

2022-06-24 14:16:33 - [TEST_STEP][PASSED] - delay(5): Delayed 5 second(s)

2022-06-24 14:16:38 - [MESSAGE][PASSED] - Delayed 5 second(s)]]></system-out>
         <system-err><![CDATA[]]></system-err>
      </testcase>
      <testcase name="Test Cases/JomPay/jomPay_scheduleTransaction" time="70.254" classname="Test Cases/JomPay/jomPay_scheduleTransaction" status="PASSED">
         <system-out><![CDATA[2022-06-24 14:16:38 - [TEST_CASE][PASSED] - Test Cases/JomPay/jomPay_scheduleTransaction: Test Cases/JomPay/jomPay_scheduleTransaction

2022-06-24 14:16:38 - [TEST_STEP][PASSED] - device_Height = getDeviceHeight(): Current device physical height is 2167

2022-06-24 14:16:39 - [MESSAGE][PASSED] - Current device physical height is 2167

2022-06-24 14:16:39 - [TEST_STEP][PASSED] - device_Width = getDeviceWidth(): Current device physical width is 1080

2022-06-24 14:16:39 - [MESSAGE][PASSED] - Current device physical width is 1080

2022-06-24 14:16:39 - [TEST_STEP][PASSED] - startX = device_Width / 3: null

2022-06-24 14:16:39 - [TEST_STEP][PASSED] - startY = device_Height * 0.97: null

2022-06-24 14:16:39 - [TEST_STEP][PASSED] - verifyElementExist(findTestObject("Banking/m2uAccountPayBillsIconSelect"), 0): Element 'Object Repository/Banking/m2uAccountPayBillsIconSelect' is exist

2022-06-24 14:16:39 - [MESSAGE][WARNING] - Timeout '0' is invalid. Using default page load timeout: '40'

2022-06-24 14:16:39 - [MESSAGE][PASSED] - Element 'Object Repository/Banking/m2uAccountPayBillsIconSelect' is exist

2022-06-24 14:16:39 - [TEST_STEP][PASSED] - tap(findTestObject("Banking/m2uAccountPayBillsIconSelect"), 0): Tapped on element 'Object Repository/Banking/m2uAccountPayBillsIconSelect'

2022-06-24 14:16:39 - [MESSAGE][WARNING] - Timeout '0' is invalid. Using default page load timeout: '40'

2022-06-24 14:16:40 - [MESSAGE][PASSED] - Tapped on element 'Object Repository/Banking/m2uAccountPayBillsIconSelect'

2022-06-24 14:16:40 - [TEST_STEP][PASSED] - println("JOMPAY Future Transaction"): null

2022-06-24 14:16:40 - [TEST_STEP][PASSED] - tap(findTestObject("JomPay/payBillsJomPayTopMenuSelect"), 30): Tapped on element 'Object Repository/JomPay/payBillsJomPayTopMenuSelect'

2022-06-24 14:16:46 - [MESSAGE][PASSED] - Tapped on element 'Object Repository/JomPay/payBillsJomPayTopMenuSelect'

2022-06-24 14:16:46 - [TEST_STEP][PASSED] - tap(findTestObject("JomPay/jomPayIconSelect"), 0): Tapped on element 'Object Repository/JomPay/jomPayIconSelect'

2022-06-24 14:16:46 - [MESSAGE][WARNING] - Timeout '0' is invalid. Using default page load timeout: '40'

2022-06-24 14:16:47 - [MESSAGE][PASSED] - Tapped on element 'Object Repository/JomPay/jomPayIconSelect'

2022-06-24 14:16:47 - [TEST_STEP][PASSED] - setText(findTestObject("JomPay/jomPayBillerInputField"), findTestData("TestData").getValue(8, 1), 0): Text '3657' has been set to element 'Object Repository/JomPay/jomPayBillerInputField'

2022-06-24 14:16:47 - [MESSAGE][WARNING] - Timeout '0' is invalid. Using default page load timeout: '40'

2022-06-24 14:16:49 - [MESSAGE][PASSED] - Text '3657' has been set to element 'Object Repository/JomPay/jomPayBillerInputField'

2022-06-24 14:16:49 - [TEST_STEP][PASSED] - setText(findTestObject("JomPay/jomPayBillerRefInputField"), findTestData("TestData").getValue(9, 1), 0): Text '568964' has been set to element 'Object Repository/JomPay/jomPayBillerRefInputField'

2022-06-24 14:16:49 - [MESSAGE][WARNING] - Timeout '0' is invalid. Using default page load timeout: '40'

2022-06-24 14:16:50 - [MESSAGE][PASSED] - Text '568964' has been set to element 'Object Repository/JomPay/jomPayBillerRefInputField'

2022-06-24 14:16:50 - [TEST_STEP][PASSED] - hideKeyboard(): Keyboard is hidden

2022-06-24 14:16:52 - [MESSAGE][PASSED] - Keyboard is hidden

2022-06-24 14:16:52 - [TEST_STEP][PASSED] - tap(findTestObject("Login Onboarding/loginExistingContinueBtn"), 0): Tapped on element 'Object Repository/Login Onboarding/loginExistingContinueBtn'

2022-06-24 14:16:52 - [MESSAGE][WARNING] - Timeout '0' is invalid. Using default page load timeout: '40'

2022-06-24 14:16:52 - [MESSAGE][PASSED] - Tapped on element 'Object Repository/Login Onboarding/loginExistingContinueBtn'

2022-06-24 14:16:52 - [TEST_STEP][PASSED] - tap(findTestObject("Login Onboarding/PIN1"), 0): Tapped on element 'Object Repository/Login Onboarding/PIN1'

2022-06-24 14:16:52 - [MESSAGE][WARNING] - Timeout '0' is invalid. Using default page load timeout: '40'

2022-06-24 14:16:55 - [MESSAGE][PASSED] - Tapped on element 'Object Repository/Login Onboarding/PIN1'

2022-06-24 14:16:55 - [TEST_STEP][PASSED] - tap(findTestObject("Login Onboarding/PIN0"), 0): Tapped on element 'Object Repository/Login Onboarding/PIN0'

2022-06-24 14:16:55 - [MESSAGE][WARNING] - Timeout '0' is invalid. Using default page load timeout: '40'

2022-06-24 14:16:56 - [MESSAGE][PASSED] - Tapped on element 'Object Repository/Login Onboarding/PIN0'

2022-06-24 14:16:56 - [TEST_STEP][PASSED] - tap(findTestObject("Login Onboarding/PIN0"), 0): Tapped on element 'Object Repository/Login Onboarding/PIN0'

2022-06-24 14:16:56 - [MESSAGE][WARNING] - Timeout '0' is invalid. Using default page load timeout: '40'

2022-06-24 14:16:56 - [MESSAGE][PASSED] - Tapped on element 'Object Repository/Login Onboarding/PIN0'

2022-06-24 14:16:56 - [TEST_STEP][PASSED] - tap(findTestObject("JomPay/jomPayAmountTickBtn"), 0): Tapped on element 'Object Repository/JomPay/jomPayAmountTickBtn'

2022-06-24 14:16:56 - [MESSAGE][WARNING] - Timeout '0' is invalid. Using default page load timeout: '40'

2022-06-24 14:16:56 - [MESSAGE][PASSED] - Tapped on element 'Object Repository/JomPay/jomPayAmountTickBtn'

2022-06-24 14:16:56 - [TEST_STEP][PASSED] - tap(findTestObject("Main/mainDatePickerTodaySelect"), 0): Tapped on element 'Object Repository/Main/mainDatePickerTodaySelect'

2022-06-24 14:16:56 - [MESSAGE][WARNING] - Timeout '0' is invalid. Using default page load timeout: '40'

2022-06-24 14:17:03 - [MESSAGE][PASSED] - Tapped on element 'Object Repository/Main/mainDatePickerTodaySelect'

2022-06-24 14:17:03 - [TEST_STEP][PASSED] - tap(findTestObject("Main/mainCalenderPickerNextBtn"), 0): Tapped on element 'Object Repository/Main/mainCalenderPickerNextBtn'

2022-06-24 14:17:03 - [MESSAGE][WARNING] - Timeout '0' is invalid. Using default page load timeout: '40'

2022-06-24 14:17:06 - [MESSAGE][PASSED] - Tapped on element 'Object Repository/Main/mainCalenderPickerNextBtn'

2022-06-24 14:17:06 - [TEST_STEP][PASSED] - delay(3): Delayed 3 second(s)

2022-06-24 14:17:09 - [MESSAGE][PASSED] - Delayed 3 second(s)

2022-06-24 14:17:09 - [TEST_STEP][PASSED] - tap(findTestObject("Main/mainDatePicker1"), 0): Tapped on element 'Object Repository/Main/mainDatePicker1'

2022-06-24 14:17:09 - [MESSAGE][WARNING] - Timeout '0' is invalid. Using default page load timeout: '40'

2022-06-24 14:17:09 - [MESSAGE][PASSED] - Tapped on element 'Object Repository/Main/mainDatePicker1'

2022-06-24 14:17:09 - [TEST_STEP][PASSED] - tap(findTestObject("Main/mainCalenderPickerDoneBtn"), 0): Tapped on element 'Object Repository/Main/mainCalenderPickerDoneBtn'

2022-06-24 14:17:09 - [MESSAGE][WARNING] - Timeout '0' is invalid. Using default page load timeout: '40'

2022-06-24 14:17:10 - [MESSAGE][PASSED] - Tapped on element 'Object Repository/Main/mainCalenderPickerDoneBtn'

2022-06-24 14:17:10 - [TEST_STEP][PASSED] - delay(3): Delayed 3 second(s)

2022-06-24 14:17:13 - [MESSAGE][PASSED] - Delayed 3 second(s)

2022-06-24 14:17:13 - [TEST_STEP][PASSED] - tap(findTestObject("Main/mainPayNowBtn"), 0): Tapped on element 'Object Repository/Main/mainPayNowBtn'

2022-06-24 14:17:13 - [MESSAGE][WARNING] - Timeout '0' is invalid. Using default page load timeout: '40'

2022-06-24 14:17:13 - [MESSAGE][PASSED] - Tapped on element 'Object Repository/Main/mainPayNowBtn'

2022-06-24 14:17:13 - [TEST_STEP][PASSED] - delay(5): Delayed 5 second(s)

2022-06-24 14:17:18 - [MESSAGE][PASSED] - Delayed 5 second(s)

2022-06-24 14:17:18 - [TEST_STEP][PASSED] - if (verifyElementVisible(findTestObject("Festive Season/festiveReturnAngpaoTACNoTxt"), 10, OPTIONAL)): Element 'Object Repository/Festive Season/festiveReturnAngpaoTACNoTxt' not found

2022-06-24 14:17:28 - [MESSAGE][WARNING] - Element 'Object Repository/Festive Season/festiveReturnAngpaoTACNoTxt' not found

2022-06-24 14:17:28 - [TEST_STEP][PASSED] - else: Tapped on element 'Object Repository/Main/mainS2UApproveBtn'

2022-06-24 14:17:28 - [TEST_STEP][PASSED] - delay(5): Delayed 5 second(s)

2022-06-24 14:17:33 - [MESSAGE][PASSED] - Delayed 5 second(s)

2022-06-24 14:17:33 - [TEST_STEP][PASSED] - verifyElementVisible(findTestObject("Main/mainS2UApproveBtn"), 10): Element 'Object Repository/Main/mainS2UApproveBtn' is visible

2022-06-24 14:17:33 - [MESSAGE][PASSED] - Element 'Object Repository/Main/mainS2UApproveBtn' is visible

2022-06-24 14:17:33 - [TEST_STEP][PASSED] - tap(findTestObject("Main/mainS2UApproveBtn"), 0): Tapped on element 'Object Repository/Main/mainS2UApproveBtn'

2022-06-24 14:17:33 - [MESSAGE][WARNING] - Timeout '0' is invalid. Using default page load timeout: '40'

2022-06-24 14:17:34 - [MESSAGE][PASSED] - Tapped on element 'Object Repository/Main/mainS2UApproveBtn'

2022-06-24 14:17:34 - [TEST_STEP][PASSED] - delay(3): Delayed 3 second(s)

2022-06-24 14:17:37 - [MESSAGE][PASSED] - Delayed 3 second(s)

2022-06-24 14:17:37 - [TEST_STEP][PASSED] - verifyElementText(findTestObject("JomPay/jomPaySummaryScheduledTxt"), findTestData("TestData").getValue(7, 2)): Actual text and expected text of test object 'Object Repository/JomPay/jomPaySummaryScheduledTxt' are matched.

2022-06-24 14:17:40 - [MESSAGE][PASSED] - Actual text and expected text of test object 'Object Repository/JomPay/jomPaySummaryScheduledTxt' are matched.

2022-06-24 14:17:40 - [TEST_STEP][PASSED] - takeScreenshot("/Users/a00139272/Desktop/Screenshot/jomPaySchedule.png"): Screenshot is taken

2022-06-24 14:17:42 - [MESSAGE][PASSED] - Screenshot is taken
[[ATTACHMENT|/Users/a00139272/Desktop/Screenshot/jomPaySchedule.png]]

2022-06-24 14:17:42 - [TEST_STEP][PASSED] - verifyElementVisible(findTestObject("Main/mainDoneBtn"), 0): Element 'Object Repository/Main/mainDoneBtn' is visible

2022-06-24 14:17:42 - [MESSAGE][WARNING] - Timeout '0' is invalid. Using default page load timeout: '40'

2022-06-24 14:17:43 - [MESSAGE][PASSED] - Element 'Object Repository/Main/mainDoneBtn' is visible

2022-06-24 14:17:43 - [TEST_STEP][PASSED] - tap(findTestObject("Main/mainDoneBtn"), 0): Tapped on element 'Object Repository/Main/mainDoneBtn'

2022-06-24 14:17:43 - [MESSAGE][WARNING] - Timeout '0' is invalid. Using default page load timeout: '40'

2022-06-24 14:17:43 - [MESSAGE][PASSED] - Tapped on element 'Object Repository/Main/mainDoneBtn'

2022-06-24 14:17:43 - [TEST_STEP][PASSED] - delay(5): Delayed 5 second(s)

2022-06-24 14:17:48 - [MESSAGE][PASSED] - Delayed 5 second(s)]]></system-out>
         <system-err><![CDATA[]]></system-err>
      </testcase>
      <testcase name="Test Cases/JomPay/JomPay Add Favorite" time="140.938" classname="Test Cases/JomPay/JomPay Add Favorite" status="PASSED">
         <system-out><![CDATA[2022-06-24 14:17:48 - [TEST_CASE][PASSED] - Test Cases/JomPay/JomPay Add Favorite: Test Cases/JomPay/JomPay Add Favorite

2022-06-24 14:17:48 - [TEST_STEP][PASSED] - delay(5): Delayed 5 second(s)

2022-06-24 14:17:53 - [MESSAGE][PASSED] - Delayed 5 second(s)

2022-06-24 14:17:53 - [TEST_STEP][PASSED] - device_Height = getDeviceHeight(): Current device physical height is 2167

2022-06-24 14:17:54 - [MESSAGE][PASSED] - Current device physical height is 2167

2022-06-24 14:17:54 - [TEST_STEP][PASSED] - device_Width = getDeviceWidth(): Current device physical width is 1080

2022-06-24 14:17:54 - [MESSAGE][PASSED] - Current device physical width is 1080

2022-06-24 14:17:54 - [TEST_STEP][PASSED] - startX = device_Width / 3: null

2022-06-24 14:17:54 - [TEST_STEP][PASSED] - startY = device_Height * 0.97: null

2022-06-24 14:17:54 - [TEST_STEP][PASSED] - delay(5): Delayed 5 second(s)

2022-06-24 14:17:59 - [MESSAGE][PASSED] - Delayed 5 second(s)

2022-06-24 14:17:59 - [TEST_STEP][PASSED] - tap(findTestObject("Banking/m2uAccountPayBillsIconSelect"), 0): Tapped on element 'Object Repository/Banking/m2uAccountPayBillsIconSelect'

2022-06-24 14:17:59 - [MESSAGE][WARNING] - Timeout '0' is invalid. Using default page load timeout: '40'

2022-06-24 14:18:23 - [MESSAGE][PASSED] - Tapped on element 'Object Repository/Banking/m2uAccountPayBillsIconSelect'

2022-06-24 14:18:23 - [TEST_STEP][PASSED] - if (verifyElementVisible(findTestObject("Paybill/payBillsEnterPasswordTxt"), 0, OPTIONAL)): Element 'Object Repository/Paybill/payBillsEnterPasswordTxt' not found

2022-06-24 14:18:23 - [MESSAGE][WARNING] - Timeout '0' is invalid. Using default page load timeout: '40'

2022-06-24 14:19:03 - [MESSAGE][WARNING] - Element 'Object Repository/Paybill/payBillsEnterPasswordTxt' not found

2022-06-24 14:19:03 - [TEST_STEP][PASSED] - tap(findTestObject("Banking/m2uAccountPayBillsIconSelect"), 40): Tapped on element 'Object Repository/Banking/m2uAccountPayBillsIconSelect'

2022-06-24 14:19:03 - [MESSAGE][PASSED] - Tapped on element 'Object Repository/Banking/m2uAccountPayBillsIconSelect'

2022-06-24 14:19:03 - [TEST_STEP][PASSED] - tap(findTestObject("JomPay/payBillsJomPayTopMenuSelect"), 0): Tapped on element 'Object Repository/JomPay/payBillsJomPayTopMenuSelect'

2022-06-24 14:19:03 - [MESSAGE][WARNING] - Timeout '0' is invalid. Using default page load timeout: '40'

2022-06-24 14:19:03 - [MESSAGE][PASSED] - Tapped on element 'Object Repository/JomPay/payBillsJomPayTopMenuSelect'

2022-06-24 14:19:03 - [TEST_STEP][PASSED] - tap(findTestObject("JomPay/jomPayIconSelect"), 0): Tapped on element 'Object Repository/JomPay/jomPayIconSelect'

2022-06-24 14:19:03 - [MESSAGE][WARNING] - Timeout '0' is invalid. Using default page load timeout: '40'

2022-06-24 14:19:05 - [MESSAGE][PASSED] - Tapped on element 'Object Repository/JomPay/jomPayIconSelect'

2022-06-24 14:19:05 - [TEST_STEP][PASSED] - setText(findTestObject("JomPay/jomPayBillerInputField"), findTestData("TestData").getValue(8, 1), 0): Text '3657' has been set to element 'Object Repository/JomPay/jomPayBillerInputField'

2022-06-24 14:19:05 - [MESSAGE][WARNING] - Timeout '0' is invalid. Using default page load timeout: '40'

2022-06-24 14:19:06 - [MESSAGE][PASSED] - Text '3657' has been set to element 'Object Repository/JomPay/jomPayBillerInputField'

2022-06-24 14:19:06 - [TEST_STEP][PASSED] - setText(findTestObject("JomPay/jomPayBillerRefInputField"), findTestData("TestData").getValue(9, 1), 0): Text '568964' has been set to element 'Object Repository/JomPay/jomPayBillerRefInputField'

2022-06-24 14:19:06 - [MESSAGE][WARNING] - Timeout '0' is invalid. Using default page load timeout: '40'

2022-06-24 14:19:08 - [MESSAGE][PASSED] - Text '568964' has been set to element 'Object Repository/JomPay/jomPayBillerRefInputField'

2022-06-24 14:19:08 - [TEST_STEP][PASSED] - hideKeyboard(): Keyboard is hidden

2022-06-24 14:19:09 - [MESSAGE][PASSED] - Keyboard is hidden

2022-06-24 14:19:09 - [TEST_STEP][PASSED] - tap(findTestObject("Login Onboarding/loginExistingContinueBtn"), 0): Tapped on element 'Object Repository/Login Onboarding/loginExistingContinueBtn'

2022-06-24 14:19:09 - [MESSAGE][WARNING] - Timeout '0' is invalid. Using default page load timeout: '40'

2022-06-24 14:19:10 - [MESSAGE][PASSED] - Tapped on element 'Object Repository/Login Onboarding/loginExistingContinueBtn'

2022-06-24 14:19:10 - [TEST_STEP][PASSED] - tap(findTestObject("Login Onboarding/PIN1"), 0): Tapped on element 'Object Repository/Login Onboarding/PIN1'

2022-06-24 14:19:10 - [MESSAGE][WARNING] - Timeout '0' is invalid. Using default page load timeout: '40'

2022-06-24 14:19:13 - [MESSAGE][PASSED] - Tapped on element 'Object Repository/Login Onboarding/PIN1'

2022-06-24 14:19:13 - [TEST_STEP][PASSED] - tap(findTestObject("Login Onboarding/PIN0"), 0): Tapped on element 'Object Repository/Login Onboarding/PIN0'

2022-06-24 14:19:13 - [MESSAGE][WARNING] - Timeout '0' is invalid. Using default page load timeout: '40'

2022-06-24 14:19:14 - [MESSAGE][PASSED] - Tapped on element 'Object Repository/Login Onboarding/PIN0'

2022-06-24 14:19:14 - [TEST_STEP][PASSED] - tap(findTestObject("Login Onboarding/PIN0"), 0): Tapped on element 'Object Repository/Login Onboarding/PIN0'

2022-06-24 14:19:14 - [MESSAGE][WARNING] - Timeout '0' is invalid. Using default page load timeout: '40'

2022-06-24 14:19:14 - [MESSAGE][PASSED] - Tapped on element 'Object Repository/Login Onboarding/PIN0'

2022-06-24 14:19:14 - [TEST_STEP][PASSED] - tap(findTestObject("JomPay/jomPayAmountTickBtn"), 0): Tapped on element 'Object Repository/JomPay/jomPayAmountTickBtn'

2022-06-24 14:19:14 - [MESSAGE][WARNING] - Timeout '0' is invalid. Using default page load timeout: '40'

2022-06-24 14:19:14 - [MESSAGE][PASSED] - Tapped on element 'Object Repository/JomPay/jomPayAmountTickBtn'

2022-06-24 14:19:14 - [TEST_STEP][PASSED] - delay(10): Delayed 10 second(s)

2022-06-24 14:19:24 - [MESSAGE][PASSED] - Delayed 10 second(s)

2022-06-24 14:19:24 - [TEST_STEP][PASSED] - verifyElementText(findTestObject("Transfer/transferConfirmationFromAccTypeTxt", ["accType":accType]), accType): Actual text and expected text of test object 'Object Repository/Transfer/transferConfirmationFromAccTypeTxt' are matched.

2022-06-24 14:19:25 - [MESSAGE][PASSED] - Actual text and expected text of test object 'Object Repository/Transfer/transferConfirmationFromAccTypeTxt' are matched.

2022-06-24 14:19:25 - [TEST_STEP][PASSED] - verifyElementText(findTestObject("Transfer/transferConfirmationFromAccNoTxt", ["accNoFrom":accNoFrom]), accNoFrom): Actual text and expected text of test object 'Object Repository/Transfer/transferConfirmationFromAccNoTxt' are matched.

2022-06-24 14:19:25 - [MESSAGE][PASSED] - Actual text and expected text of test object 'Object Repository/Transfer/transferConfirmationFromAccNoTxt' are matched.

2022-06-24 14:19:25 - [TEST_STEP][PASSED] - verifyElementExist(findTestObject("Main/mainPayNowBtn"), 0): Element 'Object Repository/Main/mainPayNowBtn' is exist

2022-06-24 14:19:25 - [MESSAGE][WARNING] - Timeout '0' is invalid. Using default page load timeout: '40'

2022-06-24 14:19:25 - [MESSAGE][PASSED] - Element 'Object Repository/Main/mainPayNowBtn' is exist

2022-06-24 14:19:25 - [TEST_STEP][PASSED] - tap(findTestObject("Main/mainPayNowBtn"), 0): Tapped on element 'Object Repository/Main/mainPayNowBtn'

2022-06-24 14:19:25 - [MESSAGE][WARNING] - Timeout '0' is invalid. Using default page load timeout: '40'

2022-06-24 14:19:26 - [MESSAGE][PASSED] - Tapped on element 'Object Repository/Main/mainPayNowBtn'

2022-06-24 14:19:26 - [TEST_STEP][PASSED] - delay(3): Delayed 3 second(s)

2022-06-24 14:19:29 - [MESSAGE][PASSED] - Delayed 3 second(s)

2022-06-24 14:19:29 - [TEST_STEP][PASSED] - if (verifyElementVisible(findTestObject("Festive Season/festiveReturnAngpaoTACNoTxt"), 10, OPTIONAL)): Element 'Object Repository/Festive Season/festiveReturnAngpaoTACNoTxt' not found

2022-06-24 14:19:39 - [MESSAGE][WARNING] - Element 'Object Repository/Festive Season/festiveReturnAngpaoTACNoTxt' not found

2022-06-24 14:19:39 - [TEST_STEP][PASSED] - else: Tapped on element 'Object Repository/Main/mainS2UApproveBtn'

2022-06-24 14:19:39 - [TEST_STEP][PASSED] - delay(5): Delayed 5 second(s)

2022-06-24 14:19:44 - [MESSAGE][PASSED] - Delayed 5 second(s)

2022-06-24 14:19:44 - [TEST_STEP][PASSED] - verifyElementVisible(findTestObject("Main/mainS2UApproveBtn"), 10): Element 'Object Repository/Main/mainS2UApproveBtn' is visible

2022-06-24 14:19:44 - [MESSAGE][PASSED] - Element 'Object Repository/Main/mainS2UApproveBtn' is visible

2022-06-24 14:19:44 - [TEST_STEP][PASSED] - tap(findTestObject("Main/mainS2UApproveBtn"), 0): Tapped on element 'Object Repository/Main/mainS2UApproveBtn'

2022-06-24 14:19:44 - [MESSAGE][WARNING] - Timeout '0' is invalid. Using default page load timeout: '40'

2022-06-24 14:19:44 - [MESSAGE][PASSED] - Tapped on element 'Object Repository/Main/mainS2UApproveBtn'

2022-06-24 14:19:44 - [TEST_STEP][PASSED] - delay(3): Delayed 3 second(s)

2022-06-24 14:19:47 - [MESSAGE][PASSED] - Delayed 3 second(s)

2022-06-24 14:19:47 - [TEST_STEP][PASSED] - verifyElementText(findTestObject("JomPay/jomPaySummarySuccesfulTxt"), findTestData("TestData").getValue(7, 1)): Actual text and expected text of test object 'Object Repository/JomPay/jomPaySummarySuccesfulTxt' are matched.

2022-06-24 14:19:49 - [MESSAGE][PASSED] - Actual text and expected text of test object 'Object Repository/JomPay/jomPaySummarySuccesfulTxt' are matched.

2022-06-24 14:19:49 - [TEST_STEP][PASSED] - tap(findTestObject("Main/mainAddToFavBtn"), 0): Tapped on element 'Object Repository/Main/mainAddToFavBtn'

2022-06-24 14:19:49 - [MESSAGE][WARNING] - Timeout '0' is invalid. Using default page load timeout: '40'

2022-06-24 14:19:50 - [MESSAGE][PASSED] - Tapped on element 'Object Repository/Main/mainAddToFavBtn'

2022-06-24 14:19:50 - [TEST_STEP][PASSED] - delay(5): Delayed 5 second(s)

2022-06-24 14:19:55 - [MESSAGE][PASSED] - Delayed 5 second(s)

2022-06-24 14:19:55 - [TEST_STEP][PASSED] - verifyElementVisible(findTestObject("Main/mainAddToFavBtn"), 0): Element 'Object Repository/Main/mainAddToFavBtn' is visible

2022-06-24 14:19:55 - [MESSAGE][WARNING] - Timeout '0' is invalid. Using default page load timeout: '40'

2022-06-24 14:19:55 - [MESSAGE][PASSED] - Element 'Object Repository/Main/mainAddToFavBtn' is visible

2022-06-24 14:19:55 - [TEST_STEP][PASSED] - tap(findTestObject("Main/mainAddToFavBtn"), 0): Tapped on element 'Object Repository/Main/mainAddToFavBtn'

2022-06-24 14:19:55 - [MESSAGE][WARNING] - Timeout '0' is invalid. Using default page load timeout: '40'

2022-06-24 14:19:55 - [MESSAGE][PASSED] - Tapped on element 'Object Repository/Main/mainAddToFavBtn'

2022-06-24 14:19:55 - [TEST_STEP][PASSED] - delay(2): Delayed 2 second(s)

2022-06-24 14:19:57 - [MESSAGE][PASSED] - Delayed 2 second(s)

2022-06-24 14:19:57 - [TEST_STEP][PASSED] - tap(findTestObject("Main/mainCloseFavPopUpBtn"), 0): Tapped on element 'Object Repository/Main/mainCloseFavPopUpBtn'

2022-06-24 14:19:57 - [MESSAGE][WARNING] - Timeout '0' is invalid. Using default page load timeout: '40'

2022-06-24 14:20:00 - [MESSAGE][PASSED] - Tapped on element 'Object Repository/Main/mainCloseFavPopUpBtn'

2022-06-24 14:20:00 - [TEST_STEP][PASSED] - delay(2): Delayed 2 second(s)

2022-06-24 14:20:02 - [MESSAGE][PASSED] - Delayed 2 second(s)

2022-06-24 14:20:02 - [TEST_STEP][PASSED] - takeScreenshot("/Users/a00139272/Desktop/Screenshot/jomPayAddFav.png"): Screenshot is taken

2022-06-24 14:20:04 - [MESSAGE][PASSED] - Screenshot is taken
[[ATTACHMENT|/Users/a00139272/Desktop/Screenshot/jomPayAddFav.png]]

2022-06-24 14:20:04 - [TEST_STEP][PASSED] - verifyElementVisible(findTestObject("Main/mainDoneBtn"), 0): Element 'Object Repository/Main/mainDoneBtn' is visible

2022-06-24 14:20:04 - [MESSAGE][WARNING] - Timeout '0' is invalid. Using default page load timeout: '40'

2022-06-24 14:20:04 - [MESSAGE][PASSED] - Element 'Object Repository/Main/mainDoneBtn' is visible

2022-06-24 14:20:04 - [TEST_STEP][PASSED] - tap(findTestObject("Main/mainDoneBtn"), 0): Tapped on element 'Object Repository/Main/mainDoneBtn'

2022-06-24 14:20:04 - [MESSAGE][WARNING] - Timeout '0' is invalid. Using default page load timeout: '40'

2022-06-24 14:20:04 - [MESSAGE][PASSED] - Tapped on element 'Object Repository/Main/mainDoneBtn'

2022-06-24 14:20:04 - [TEST_STEP][PASSED] - delay(5): Delayed 5 second(s)

2022-06-24 14:20:09 - [MESSAGE][PASSED] - Delayed 5 second(s)]]></system-out>
         <system-err><![CDATA[]]></system-err>
      </testcase>
      <testcase name="Test Cases/JomPay/JomPay Favorite Transaction" time="38.175" classname="Test Cases/JomPay/JomPay Favorite Transaction" status="PASSED">
         <system-out><![CDATA[2022-06-24 14:20:09 - [TEST_CASE][PASSED] - Test Cases/JomPay/JomPay Favorite Transaction: Test Cases/JomPay/JomPay Favorite Transaction

2022-06-24 14:20:09 - [TEST_STEP][PASSED] - device_Height = getDeviceHeight(): Current device physical height is 2167

2022-06-24 14:20:10 - [MESSAGE][PASSED] - Current device physical height is 2167

2022-06-24 14:20:10 - [TEST_STEP][PASSED] - device_Width = getDeviceWidth(): Current device physical width is 1080

2022-06-24 14:20:10 - [MESSAGE][PASSED] - Current device physical width is 1080

2022-06-24 14:20:10 - [TEST_STEP][PASSED] - startX = device_Width / 3: null

2022-06-24 14:20:10 - [TEST_STEP][PASSED] - startY = device_Height * 0.97: null

2022-06-24 14:20:10 - [TEST_STEP][PASSED] - delay(5): Delayed 5 second(s)

2022-06-24 14:20:15 - [MESSAGE][PASSED] - Delayed 5 second(s)

2022-06-24 14:20:15 - [TEST_STEP][PASSED] - tap(findTestObject("Banking/m2uAccountPayBillsIconSelect"), 0): Tapped on element 'Object Repository/Banking/m2uAccountPayBillsIconSelect'

2022-06-24 14:20:15 - [MESSAGE][WARNING] - Timeout '0' is invalid. Using default page load timeout: '40'

2022-06-24 14:20:15 - [MESSAGE][PASSED] - Tapped on element 'Object Repository/Banking/m2uAccountPayBillsIconSelect'

2022-06-24 14:20:15 - [TEST_STEP][PASSED] - println("JOMPAY Fav Transaction"): null

2022-06-24 14:20:15 - [TEST_STEP][PASSED] - tap(findTestObject("JomPay/payBillsJomPayTopMenuSelect"), 40): Tapped on element 'Object Repository/JomPay/payBillsJomPayTopMenuSelect'

2022-06-24 14:20:20 - [MESSAGE][PASSED] - Tapped on element 'Object Repository/JomPay/payBillsJomPayTopMenuSelect'

2022-06-24 14:20:20 - [TEST_STEP][PASSED] - tap(findTestObject("Main/mainFavBodySelect"), 0): Tapped on element 'Object Repository/Main/mainFavBodySelect'

2022-06-24 14:20:21 - [MESSAGE][WARNING] - Timeout '0' is invalid. Using default page load timeout: '40'

2022-06-24 14:20:22 - [MESSAGE][PASSED] - Tapped on element 'Object Repository/Main/mainFavBodySelect'

2022-06-24 14:20:22 - [TEST_STEP][PASSED] - tap(findTestObject("Login Onboarding/PIN1"), 0): Tapped on element 'Object Repository/Login Onboarding/PIN1'

2022-06-24 14:20:22 - [MESSAGE][WARNING] - Timeout '0' is invalid. Using default page load timeout: '40'

2022-06-24 14:20:24 - [MESSAGE][PASSED] - Tapped on element 'Object Repository/Login Onboarding/PIN1'

2022-06-24 14:20:24 - [TEST_STEP][PASSED] - tap(findTestObject("Login Onboarding/PIN0"), 0): Tapped on element 'Object Repository/Login Onboarding/PIN0'

2022-06-24 14:20:24 - [MESSAGE][WARNING] - Timeout '0' is invalid. Using default page load timeout: '40'

2022-06-24 14:20:24 - [MESSAGE][PASSED] - Tapped on element 'Object Repository/Login Onboarding/PIN0'

2022-06-24 14:20:24 - [TEST_STEP][PASSED] - tap(findTestObject("Login Onboarding/PIN0"), 0): Tapped on element 'Object Repository/Login Onboarding/PIN0'

2022-06-24 14:20:24 - [MESSAGE][WARNING] - Timeout '0' is invalid. Using default page load timeout: '40'

2022-06-24 14:20:25 - [MESSAGE][PASSED] - Tapped on element 'Object Repository/Login Onboarding/PIN0'

2022-06-24 14:20:25 - [TEST_STEP][PASSED] - tap(findTestObject("JomPay/jomPayAmountTickBtn"), 0): Tapped on element 'Object Repository/JomPay/jomPayAmountTickBtn'

2022-06-24 14:20:25 - [MESSAGE][WARNING] - Timeout '0' is invalid. Using default page load timeout: '40'

2022-06-24 14:20:25 - [MESSAGE][PASSED] - Tapped on element 'Object Repository/JomPay/jomPayAmountTickBtn'

2022-06-24 14:20:25 - [TEST_STEP][PASSED] - delay(5): Delayed 5 second(s)

2022-06-24 14:20:30 - [MESSAGE][PASSED] - Delayed 5 second(s)

2022-06-24 14:20:30 - [TEST_STEP][PASSED] - verifyElementText(findTestObject("Transfer/transferConfirmationFromAccTypeTxt", ["accType":accType]), accType): Actual text and expected text of test object 'Object Repository/Transfer/transferConfirmationFromAccTypeTxt' are matched.

2022-06-24 14:20:32 - [MESSAGE][PASSED] - Actual text and expected text of test object 'Object Repository/Transfer/transferConfirmationFromAccTypeTxt' are matched.

2022-06-24 14:20:32 - [TEST_STEP][PASSED] - verifyElementText(findTestObject("Transfer/transferConfirmationFromAccNoTxt", ["accNoFrom":accNoFrom]), accNoFrom): Actual text and expected text of test object 'Object Repository/Transfer/transferConfirmationFromAccNoTxt' are matched.

2022-06-24 14:20:32 - [MESSAGE][PASSED] - Actual text and expected text of test object 'Object Repository/Transfer/transferConfirmationFromAccNoTxt' are matched.

2022-06-24 14:20:32 - [TEST_STEP][PASSED] - verifyElementVisible(findTestObject("Main/mainPayNowBtn"), 0): Element 'Object Repository/Main/mainPayNowBtn' is visible

2022-06-24 14:20:32 - [MESSAGE][WARNING] - Timeout '0' is invalid. Using default page load timeout: '40'

2022-06-24 14:20:32 - [MESSAGE][PASSED] - Element 'Object Repository/Main/mainPayNowBtn' is visible

2022-06-24 14:20:32 - [TEST_STEP][PASSED] - tap(findTestObject("Main/mainPayNowBtn"), 0): Tapped on element 'Object Repository/Main/mainPayNowBtn'

2022-06-24 14:20:33 - [MESSAGE][WARNING] - Timeout '0' is invalid. Using default page load timeout: '40'

2022-06-24 14:20:33 - [MESSAGE][PASSED] - Tapped on element 'Object Repository/Main/mainPayNowBtn'

2022-06-24 14:20:33 - [TEST_STEP][PASSED] - delay(5): Delayed 5 second(s)

2022-06-24 14:20:38 - [MESSAGE][PASSED] - Delayed 5 second(s)

2022-06-24 14:20:38 - [TEST_STEP][PASSED] - verifyElementVisible(findTestObject("Object Repository/Transfer/transferSummaryShareReceiptBtn"), 0): Element 'Object Repository/Transfer/transferSummaryShareReceiptBtn' is visible

2022-06-24 14:20:38 - [MESSAGE][WARNING] - Timeout '0' is invalid. Using default page load timeout: '40'

2022-06-24 14:20:40 - [MESSAGE][PASSED] - Element 'Object Repository/Transfer/transferSummaryShareReceiptBtn' is visible

2022-06-24 14:20:40 - [TEST_STEP][PASSED] - verifyElementVisible(findTestObject("Main/mainDoneBtn"), 0): Element 'Object Repository/Main/mainDoneBtn' is visible

2022-06-24 14:20:40 - [MESSAGE][WARNING] - Timeout '0' is invalid. Using default page load timeout: '40'

2022-06-24 14:20:41 - [MESSAGE][PASSED] - Element 'Object Repository/Main/mainDoneBtn' is visible

2022-06-24 14:20:41 - [TEST_STEP][PASSED] - takeScreenshot("/Users/a00139272/Desktop/Screenshot/jomPayFav.png"): Screenshot is taken

2022-06-24 14:20:42 - [MESSAGE][PASSED] - Screenshot is taken
[[ATTACHMENT|/Users/a00139272/Desktop/Screenshot/jomPayFav.png]]

2022-06-24 14:20:42 - [TEST_STEP][PASSED] - tap(findTestObject("Main/mainDoneBtn"), 0): Tapped on element 'Object Repository/Main/mainDoneBtn'

2022-06-24 14:20:42 - [MESSAGE][WARNING] - Timeout '0' is invalid. Using default page load timeout: '40'

2022-06-24 14:20:42 - [MESSAGE][PASSED] - Tapped on element 'Object Repository/Main/mainDoneBtn'

2022-06-24 14:20:42 - [TEST_STEP][PASSED] - delay(5): Delayed 5 second(s)

2022-06-24 14:20:47 - [MESSAGE][PASSED] - Delayed 5 second(s)]]></system-out>
         <system-err><![CDATA[]]></system-err>
      </testcase>
      <testcase name="Test Cases/Zakat/zakat_zakatPayment" time="61.344" classname="Test Cases/Zakat/zakat_zakatPayment" status="PASSED">
         <system-out><![CDATA[2022-06-24 14:20:47 - [TEST_CASE][PASSED] - Test Cases/Zakat/zakat_zakatPayment: Test Cases/Zakat/zakat_zakatPayment

2022-06-24 14:20:48 - [TEST_STEP][PASSED] - device_Height = getDeviceHeight(): Current device physical height is 2167

2022-06-24 14:20:48 - [MESSAGE][PASSED] - Current device physical height is 2167

2022-06-24 14:20:48 - [TEST_STEP][PASSED] - device_Width = getDeviceWidth(): Current device physical width is 1080

2022-06-24 14:20:48 - [MESSAGE][PASSED] - Current device physical width is 1080

2022-06-24 14:20:48 - [TEST_STEP][PASSED] - startX = device_Width / 3: null

2022-06-24 14:20:48 - [TEST_STEP][PASSED] - startY = device_Height * 0.97: null

2022-06-24 14:20:48 - [TEST_STEP][PASSED] - tap(findTestObject("Banking/m2uAccountPayBillsIconSelect"), 0): Tapped on element 'Object Repository/Banking/m2uAccountPayBillsIconSelect'

2022-06-24 14:20:48 - [MESSAGE][WARNING] - Timeout '0' is invalid. Using default page load timeout: '40'

2022-06-24 14:20:48 - [MESSAGE][PASSED] - Tapped on element 'Object Repository/Banking/m2uAccountPayBillsIconSelect'

2022-06-24 14:20:48 - [TEST_STEP][PASSED] - tap(findTestObject("zakat/payBillZakatTopMenuSelect"), 40): Tapped on element 'Object Repository/zakat/payBillZakatTopMenuSelect'

2022-06-24 14:20:54 - [MESSAGE][PASSED] - Tapped on element 'Object Repository/zakat/payBillZakatTopMenuSelect'

2022-06-24 14:20:54 - [TEST_STEP][PASSED] - delay(2): Delayed 2 second(s)

2022-06-24 14:20:56 - [MESSAGE][PASSED] - Delayed 2 second(s)

2022-06-24 14:20:56 - [TEST_STEP][PASSED] - tap(findTestObject("zakat/zakatIconSelect"), 0): Tapped on element 'Object Repository/zakat/zakatIconSelect'

2022-06-24 14:20:56 - [MESSAGE][WARNING] - Timeout '0' is invalid. Using default page load timeout: '40'

2022-06-24 14:20:56 - [MESSAGE][PASSED] - Tapped on element 'Object Repository/zakat/zakatIconSelect'

2022-06-24 14:20:56 - [TEST_STEP][PASSED] - delay(2): Delayed 2 second(s)

2022-06-24 14:20:58 - [MESSAGE][PASSED] - Delayed 2 second(s)

2022-06-24 14:20:58 - [TEST_STEP][PASSED] - tap(findTestObject("zakat/zakatBodyDropdownSelectBoxx"), 0): Tapped on element 'Object Repository/zakat/zakatBodyDropdownSelectBoxx'

2022-06-24 14:20:58 - [MESSAGE][WARNING] - Timeout '0' is invalid. Using default page load timeout: '40'

2022-06-24 14:20:59 - [MESSAGE][PASSED] - Tapped on element 'Object Repository/zakat/zakatBodyDropdownSelectBoxx'

2022-06-24 14:20:59 - [TEST_STEP][PASSED] - tap(findTestObject("zakat/zakatBaitulmalPerlisDropdownSelect"), 0): Tapped on element 'Object Repository/zakat/zakatBaitulmalPerlisDropdownSelect'

2022-06-24 14:20:59 - [MESSAGE][WARNING] - Timeout '0' is invalid. Using default page load timeout: '40'

2022-06-24 14:21:00 - [MESSAGE][PASSED] - Tapped on element 'Object Repository/zakat/zakatBaitulmalPerlisDropdownSelect'

2022-06-24 14:21:00 - [TEST_STEP][PASSED] - tap(findTestObject("Main/mainCalenderPickerDoneBtn"), 0): Tapped on element 'Object Repository/Main/mainCalenderPickerDoneBtn'

2022-06-24 14:21:00 - [MESSAGE][WARNING] - Timeout '0' is invalid. Using default page load timeout: '40'

2022-06-24 14:21:00 - [MESSAGE][PASSED] - Tapped on element 'Object Repository/Main/mainCalenderPickerDoneBtn'

2022-06-24 14:21:00 - [TEST_STEP][PASSED] - delay(3): Delayed 3 second(s)

2022-06-24 14:21:03 - [MESSAGE][PASSED] - Delayed 3 second(s)

2022-06-24 14:21:03 - [TEST_STEP][PASSED] - tap(findTestObject("zakat/zakatTypeDropdownSelectBox"), 0): Tapped on element 'Object Repository/zakat/zakatTypeDropdownSelectBox'

2022-06-24 14:21:03 - [MESSAGE][WARNING] - Timeout '0' is invalid. Using default page load timeout: '40'

2022-06-24 14:21:03 - [MESSAGE][PASSED] - Tapped on element 'Object Repository/zakat/zakatTypeDropdownSelectBox'

2022-06-24 14:21:03 - [TEST_STEP][PASSED] - tap(findTestObject("zakat/zakatTypeZakatEmasDropdownSelect"), 0): Tapped on element 'Object Repository/zakat/zakatTypeZakatEmasDropdownSelect'

2022-06-24 14:21:03 - [MESSAGE][WARNING] - Timeout '0' is invalid. Using default page load timeout: '40'

2022-06-24 14:21:04 - [MESSAGE][PASSED] - Tapped on element 'Object Repository/zakat/zakatTypeZakatEmasDropdownSelect'

2022-06-24 14:21:04 - [TEST_STEP][PASSED] - tap(findTestObject("Main/mainCalenderPickerDoneBtn"), 0): Tapped on element 'Object Repository/Main/mainCalenderPickerDoneBtn'

2022-06-24 14:21:04 - [MESSAGE][WARNING] - Timeout '0' is invalid. Using default page load timeout: '40'

2022-06-24 14:21:04 - [MESSAGE][PASSED] - Tapped on element 'Object Repository/Main/mainCalenderPickerDoneBtn'

2022-06-24 14:21:04 - [TEST_STEP][PASSED] - tap(findTestObject("Login Onboarding/loginExistingContinueBtn"), 0): Tapped on element 'Object Repository/Login Onboarding/loginExistingContinueBtn'

2022-06-24 14:21:04 - [MESSAGE][WARNING] - Timeout '0' is invalid. Using default page load timeout: '40'

2022-06-24 14:21:05 - [MESSAGE][PASSED] - Tapped on element 'Object Repository/Login Onboarding/loginExistingContinueBtn'

2022-06-24 14:21:05 - [TEST_STEP][PASSED] - setText(findTestObject("zakat/zakatMobileNoInputField"), "181610161", 0): Text '181610161' has been set to element 'Object Repository/zakat/zakatMobileNoInputField'

2022-06-24 14:21:05 - [MESSAGE][WARNING] - Timeout '0' is invalid. Using default page load timeout: '40'

2022-06-24 14:21:07 - [MESSAGE][PASSED] - Text '181610161' has been set to element 'Object Repository/zakat/zakatMobileNoInputField'

2022-06-24 14:21:07 - [TEST_STEP][PASSED] - hideKeyboard(): Keyboard is hidden

2022-06-24 14:21:12 - [MESSAGE][PASSED] - Keyboard is hidden

2022-06-24 14:21:12 - [TEST_STEP][PASSED] - tap(findTestObject("Login Onboarding/loginExistingContinueBtn"), 0): Tapped on element 'Object Repository/Login Onboarding/loginExistingContinueBtn'

2022-06-24 14:21:12 - [MESSAGE][WARNING] - Timeout '0' is invalid. Using default page load timeout: '40'

2022-06-24 14:21:12 - [MESSAGE][PASSED] - Tapped on element 'Object Repository/Login Onboarding/loginExistingContinueBtn'

2022-06-24 14:21:12 - [TEST_STEP][PASSED] - tap(findTestObject("Login Onboarding/PIN1"), 0): Tapped on element 'Object Repository/Login Onboarding/PIN1'

2022-06-24 14:21:12 - [MESSAGE][WARNING] - Timeout '0' is invalid. Using default page load timeout: '40'

2022-06-24 14:21:14 - [MESSAGE][PASSED] - Tapped on element 'Object Repository/Login Onboarding/PIN1'

2022-06-24 14:21:14 - [TEST_STEP][PASSED] - tap(findTestObject("zakat/zakatAmountTickBtn"), 0): Tapped on element 'Object Repository/zakat/zakatAmountTickBtn'

2022-06-24 14:21:14 - [MESSAGE][WARNING] - Timeout '0' is invalid. Using default page load timeout: '40'

2022-06-24 14:21:14 - [MESSAGE][PASSED] - Tapped on element 'Object Repository/zakat/zakatAmountTickBtn'

2022-06-24 14:21:14 - [TEST_STEP][PASSED] - verifyElementText(findTestObject("Transfer/transferConfirmationFromAccTypeTxt", ["accType":accType]), accType): Actual text and expected text of test object 'Object Repository/Transfer/transferConfirmationFromAccTypeTxt' are matched.

2022-06-24 14:21:18 - [MESSAGE][PASSED] - Actual text and expected text of test object 'Object Repository/Transfer/transferConfirmationFromAccTypeTxt' are matched.

2022-06-24 14:21:18 - [TEST_STEP][PASSED] - verifyElementText(findTestObject("Transfer/transferConfirmationFromAccNoTxt", ["accNoFrom":accNoFrom]), accNoFrom): Actual text and expected text of test object 'Object Repository/Transfer/transferConfirmationFromAccNoTxt' are matched.

2022-06-24 14:21:18 - [MESSAGE][PASSED] - Actual text and expected text of test object 'Object Repository/Transfer/transferConfirmationFromAccNoTxt' are matched.

2022-06-24 14:21:18 - [TEST_STEP][PASSED] - verifyElementVisible(findTestObject("Main/mainPayNowBtn"), 0): Element 'Object Repository/Main/mainPayNowBtn' is visible

2022-06-24 14:21:18 - [MESSAGE][WARNING] - Timeout '0' is invalid. Using default page load timeout: '40'

2022-06-24 14:21:18 - [MESSAGE][PASSED] - Element 'Object Repository/Main/mainPayNowBtn' is visible

2022-06-24 14:21:18 - [TEST_STEP][PASSED] - tap(findTestObject("Main/mainPayNowBtn"), 0): Tapped on element 'Object Repository/Main/mainPayNowBtn'

2022-06-24 14:21:19 - [MESSAGE][WARNING] - Timeout '0' is invalid. Using default page load timeout: '40'

2022-06-24 14:21:19 - [MESSAGE][PASSED] - Tapped on element 'Object Repository/Main/mainPayNowBtn'

2022-06-24 14:21:19 - [TEST_STEP][PASSED] - delay(3): Delayed 3 second(s)

2022-06-24 14:21:22 - [MESSAGE][PASSED] - Delayed 3 second(s)

2022-06-24 14:21:22 - [TEST_STEP][PASSED] - if (verifyElementVisible(findTestObject("Festive Season/festiveReturnAngpaoTACNoTxt"), 10, OPTIONAL)): Element 'Object Repository/Festive Season/festiveReturnAngpaoTACNoTxt' not found

2022-06-24 14:21:32 - [MESSAGE][WARNING] - Element 'Object Repository/Festive Season/festiveReturnAngpaoTACNoTxt' not found

2022-06-24 14:21:32 - [TEST_STEP][PASSED] - else: Tapped on element 'Object Repository/Main/mainS2UApproveBtn'

2022-06-24 14:21:32 - [TEST_STEP][PASSED] - delay(5): Delayed 5 second(s)

2022-06-24 14:21:37 - [MESSAGE][PASSED] - Delayed 5 second(s)

2022-06-24 14:21:37 - [TEST_STEP][PASSED] - verifyElementVisible(findTestObject("Main/mainS2UApproveBtn"), 10): Element 'Object Repository/Main/mainS2UApproveBtn' is visible

2022-06-24 14:21:37 - [MESSAGE][PASSED] - Element 'Object Repository/Main/mainS2UApproveBtn' is visible

2022-06-24 14:21:37 - [TEST_STEP][PASSED] - tap(findTestObject("Main/mainS2UApproveBtn"), 0): Tapped on element 'Object Repository/Main/mainS2UApproveBtn'

2022-06-24 14:21:37 - [MESSAGE][WARNING] - Timeout '0' is invalid. Using default page load timeout: '40'

2022-06-24 14:21:37 - [MESSAGE][PASSED] - Tapped on element 'Object Repository/Main/mainS2UApproveBtn'

2022-06-24 14:21:37 - [TEST_STEP][PASSED] - delay(5): Delayed 5 second(s)

2022-06-24 14:21:42 - [MESSAGE][PASSED] - Delayed 5 second(s)

2022-06-24 14:21:42 - [TEST_STEP][PASSED] - takeScreenshot("/Users/a00139272/Desktop/Screenshot/zakatInstant.png"): Screenshot is taken

2022-06-24 14:21:43 - [MESSAGE][PASSED] - Screenshot is taken
[[ATTACHMENT|/Users/a00139272/Desktop/Screenshot/zakatInstant.png]]

2022-06-24 14:21:43 - [TEST_STEP][PASSED] - verifyElementVisible(findTestObject("Main/mainDoneBtn"), 0): Element 'Object Repository/Main/mainDoneBtn' is visible

2022-06-24 14:21:43 - [MESSAGE][WARNING] - Timeout '0' is invalid. Using default page load timeout: '40'

2022-06-24 14:21:43 - [MESSAGE][PASSED] - Element 'Object Repository/Main/mainDoneBtn' is visible

2022-06-24 14:21:43 - [TEST_STEP][PASSED] - tap(findTestObject("Main/mainDoneBtn"), 0): Tapped on element 'Object Repository/Main/mainDoneBtn'

2022-06-24 14:21:43 - [MESSAGE][WARNING] - Timeout '0' is invalid. Using default page load timeout: '40'

2022-06-24 14:21:44 - [MESSAGE][PASSED] - Tapped on element 'Object Repository/Main/mainDoneBtn'

2022-06-24 14:21:44 - [TEST_STEP][PASSED] - delay(5): Delayed 5 second(s)

2022-06-24 14:21:49 - [MESSAGE][PASSED] - Delayed 5 second(s)]]></system-out>
         <system-err><![CDATA[]]></system-err>
      </testcase>
      <testcase name="Test Cases/Zakat/zakat_zakatPaymentAddFavorite" time="72.858" classname="Test Cases/Zakat/zakat_zakatPaymentAddFavorite" status="PASSED">
         <system-out><![CDATA[2022-06-24 14:21:49 - [TEST_CASE][PASSED] - Test Cases/Zakat/zakat_zakatPaymentAddFavorite: Test Cases/Zakat/zakat_zakatPaymentAddFavorite

2022-06-24 14:21:49 - [TEST_STEP][PASSED] - device_Height = getDeviceHeight(): Current device physical height is 2167

2022-06-24 14:21:49 - [MESSAGE][PASSED] - Current device physical height is 2167

2022-06-24 14:21:49 - [TEST_STEP][PASSED] - device_Width = getDeviceWidth(): Current device physical width is 1080

2022-06-24 14:21:50 - [MESSAGE][PASSED] - Current device physical width is 1080

2022-06-24 14:21:50 - [TEST_STEP][PASSED] - startX = device_Width / 3: null

2022-06-24 14:21:50 - [TEST_STEP][PASSED] - startY = device_Height * 0.97: null

2022-06-24 14:21:50 - [TEST_STEP][PASSED] - tap(findTestObject("Banking/m2uAccountPayBillsIconSelect"), 0): Tapped on element 'Object Repository/Banking/m2uAccountPayBillsIconSelect'

2022-06-24 14:21:50 - [MESSAGE][WARNING] - Timeout '0' is invalid. Using default page load timeout: '40'

2022-06-24 14:21:50 - [MESSAGE][PASSED] - Tapped on element 'Object Repository/Banking/m2uAccountPayBillsIconSelect'

2022-06-24 14:21:50 - [TEST_STEP][PASSED] - tap(findTestObject("zakat/payBillZakatTopMenuSelect"), 40): Tapped on element 'Object Repository/zakat/payBillZakatTopMenuSelect'

2022-06-24 14:21:55 - [MESSAGE][PASSED] - Tapped on element 'Object Repository/zakat/payBillZakatTopMenuSelect'

2022-06-24 14:21:55 - [TEST_STEP][PASSED] - delay(2): Delayed 2 second(s)

2022-06-24 14:21:57 - [MESSAGE][PASSED] - Delayed 2 second(s)

2022-06-24 14:21:57 - [TEST_STEP][PASSED] - tap(findTestObject("zakat/zakatIconSelect"), 0): Tapped on element 'Object Repository/zakat/zakatIconSelect'

2022-06-24 14:21:57 - [MESSAGE][WARNING] - Timeout '0' is invalid. Using default page load timeout: '40'

2022-06-24 14:21:58 - [MESSAGE][PASSED] - Tapped on element 'Object Repository/zakat/zakatIconSelect'

2022-06-24 14:21:58 - [TEST_STEP][PASSED] - delay(2): Delayed 2 second(s)

2022-06-24 14:22:00 - [MESSAGE][PASSED] - Delayed 2 second(s)

2022-06-24 14:22:00 - [TEST_STEP][PASSED] - tap(findTestObject("zakat/zakatBodyDropdownSelectBoxx"), 0): Tapped on element 'Object Repository/zakat/zakatBodyDropdownSelectBoxx'

2022-06-24 14:22:00 - [MESSAGE][WARNING] - Timeout '0' is invalid. Using default page load timeout: '40'

2022-06-24 14:22:00 - [MESSAGE][PASSED] - Tapped on element 'Object Repository/zakat/zakatBodyDropdownSelectBoxx'

2022-06-24 14:22:00 - [TEST_STEP][PASSED] - tap(findTestObject("zakat/zakatBaitulmalPerlisDropdownSelect"), 0): Tapped on element 'Object Repository/zakat/zakatBaitulmalPerlisDropdownSelect'

2022-06-24 14:22:00 - [MESSAGE][WARNING] - Timeout '0' is invalid. Using default page load timeout: '40'

2022-06-24 14:22:02 - [MESSAGE][PASSED] - Tapped on element 'Object Repository/zakat/zakatBaitulmalPerlisDropdownSelect'

2022-06-24 14:22:02 - [TEST_STEP][PASSED] - tap(findTestObject("Main/mainCalenderPickerDoneBtn"), 0): Tapped on element 'Object Repository/Main/mainCalenderPickerDoneBtn'

2022-06-24 14:22:02 - [MESSAGE][WARNING] - Timeout '0' is invalid. Using default page load timeout: '40'

2022-06-24 14:22:02 - [MESSAGE][PASSED] - Tapped on element 'Object Repository/Main/mainCalenderPickerDoneBtn'

2022-06-24 14:22:02 - [TEST_STEP][PASSED] - delay(3): Delayed 3 second(s)

2022-06-24 14:22:05 - [MESSAGE][PASSED] - Delayed 3 second(s)

2022-06-24 14:22:05 - [TEST_STEP][PASSED] - tap(findTestObject("zakat/zakatTypeDropdownSelectBox"), 0): Tapped on element 'Object Repository/zakat/zakatTypeDropdownSelectBox'

2022-06-24 14:22:05 - [MESSAGE][WARNING] - Timeout '0' is invalid. Using default page load timeout: '40'

2022-06-24 14:22:05 - [MESSAGE][PASSED] - Tapped on element 'Object Repository/zakat/zakatTypeDropdownSelectBox'

2022-06-24 14:22:05 - [TEST_STEP][PASSED] - tap(findTestObject("zakat/zakatTypeZakatEmasDropdownSelect"), 0): Tapped on element 'Object Repository/zakat/zakatTypeZakatEmasDropdownSelect'

2022-06-24 14:22:05 - [MESSAGE][WARNING] - Timeout '0' is invalid. Using default page load timeout: '40'

2022-06-24 14:22:06 - [MESSAGE][PASSED] - Tapped on element 'Object Repository/zakat/zakatTypeZakatEmasDropdownSelect'

2022-06-24 14:22:06 - [TEST_STEP][PASSED] - tap(findTestObject("Main/mainCalenderPickerDoneBtn"), 0): Tapped on element 'Object Repository/Main/mainCalenderPickerDoneBtn'

2022-06-24 14:22:06 - [MESSAGE][WARNING] - Timeout '0' is invalid. Using default page load timeout: '40'

2022-06-24 14:22:06 - [MESSAGE][PASSED] - Tapped on element 'Object Repository/Main/mainCalenderPickerDoneBtn'

2022-06-24 14:22:06 - [TEST_STEP][PASSED] - tap(findTestObject("Login Onboarding/loginExistingContinueBtn"), 0): Tapped on element 'Object Repository/Login Onboarding/loginExistingContinueBtn'

2022-06-24 14:22:06 - [MESSAGE][WARNING] - Timeout '0' is invalid. Using default page load timeout: '40'

2022-06-24 14:22:07 - [MESSAGE][PASSED] - Tapped on element 'Object Repository/Login Onboarding/loginExistingContinueBtn'

2022-06-24 14:22:07 - [TEST_STEP][PASSED] - setText(findTestObject("zakat/zakatMobileNoInputField"), "181610161", 0): Text '181610161' has been set to element 'Object Repository/zakat/zakatMobileNoInputField'

2022-06-24 14:22:07 - [MESSAGE][WARNING] - Timeout '0' is invalid. Using default page load timeout: '40'

2022-06-24 14:22:09 - [MESSAGE][PASSED] - Text '181610161' has been set to element 'Object Repository/zakat/zakatMobileNoInputField'

2022-06-24 14:22:09 - [TEST_STEP][PASSED] - hideKeyboard(): Keyboard is hidden

2022-06-24 14:22:14 - [MESSAGE][PASSED] - Keyboard is hidden

2022-06-24 14:22:14 - [TEST_STEP][PASSED] - tap(findTestObject("Login Onboarding/loginExistingContinueBtn"), 0): Tapped on element 'Object Repository/Login Onboarding/loginExistingContinueBtn'

2022-06-24 14:22:14 - [MESSAGE][WARNING] - Timeout '0' is invalid. Using default page load timeout: '40'

2022-06-24 14:22:14 - [MESSAGE][PASSED] - Tapped on element 'Object Repository/Login Onboarding/loginExistingContinueBtn'

2022-06-24 14:22:14 - [TEST_STEP][PASSED] - tap(findTestObject("Login Onboarding/PIN1"), 0): Tapped on element 'Object Repository/Login Onboarding/PIN1'

2022-06-24 14:22:14 - [MESSAGE][WARNING] - Timeout '0' is invalid. Using default page load timeout: '40'

2022-06-24 14:22:16 - [MESSAGE][PASSED] - Tapped on element 'Object Repository/Login Onboarding/PIN1'

2022-06-24 14:22:16 - [TEST_STEP][PASSED] - tap(findTestObject("zakat/zakatAmountTickBtn"), 0): Tapped on element 'Object Repository/zakat/zakatAmountTickBtn'

2022-06-24 14:22:16 - [MESSAGE][WARNING] - Timeout '0' is invalid. Using default page load timeout: '40'

2022-06-24 14:22:16 - [MESSAGE][PASSED] - Tapped on element 'Object Repository/zakat/zakatAmountTickBtn'

2022-06-24 14:22:16 - [TEST_STEP][PASSED] - delay(5): Delayed 5 second(s)

2022-06-24 14:22:21 - [MESSAGE][PASSED] - Delayed 5 second(s)

2022-06-24 14:22:21 - [TEST_STEP][PASSED] - verifyElementText(findTestObject("Transfer/transferConfirmationFromAccTypeTxt", ["accType":accType]), accType): Actual text and expected text of test object 'Object Repository/Transfer/transferConfirmationFromAccTypeTxt' are matched.

2022-06-24 14:22:21 - [MESSAGE][PASSED] - Actual text and expected text of test object 'Object Repository/Transfer/transferConfirmationFromAccTypeTxt' are matched.

2022-06-24 14:22:21 - [TEST_STEP][PASSED] - verifyElementText(findTestObject("Transfer/transferConfirmationFromAccNoTxt", ["accNoFrom":accNoFrom]), accNoFrom): Actual text and expected text of test object 'Object Repository/Transfer/transferConfirmationFromAccNoTxt' are matched.

2022-06-24 14:22:21 - [MESSAGE][PASSED] - Actual text and expected text of test object 'Object Repository/Transfer/transferConfirmationFromAccNoTxt' are matched.

2022-06-24 14:22:21 - [TEST_STEP][PASSED] - verifyElementVisible(findTestObject("Main/mainPayNowBtn"), 0): Element 'Object Repository/Main/mainPayNowBtn' is visible

2022-06-24 14:22:21 - [MESSAGE][WARNING] - Timeout '0' is invalid. Using default page load timeout: '40'

2022-06-24 14:22:22 - [MESSAGE][PASSED] - Element 'Object Repository/Main/mainPayNowBtn' is visible

2022-06-24 14:22:22 - [TEST_STEP][PASSED] - tap(findTestObject("Main/mainPayNowBtn"), 0): Tapped on element 'Object Repository/Main/mainPayNowBtn'

2022-06-24 14:22:22 - [MESSAGE][WARNING] - Timeout '0' is invalid. Using default page load timeout: '40'

2022-06-24 14:22:22 - [MESSAGE][PASSED] - Tapped on element 'Object Repository/Main/mainPayNowBtn'

2022-06-24 14:22:22 - [TEST_STEP][PASSED] - delay(3): Delayed 3 second(s)

2022-06-24 14:22:25 - [MESSAGE][PASSED] - Delayed 3 second(s)

2022-06-24 14:22:25 - [TEST_STEP][PASSED] - if (verifyElementVisible(findTestObject("Festive Season/festiveReturnAngpaoTACNoTxt"), 10, OPTIONAL)): Element 'Object Repository/Festive Season/festiveReturnAngpaoTACNoTxt' not found

2022-06-24 14:22:35 - [MESSAGE][WARNING] - Element 'Object Repository/Festive Season/festiveReturnAngpaoTACNoTxt' not found

2022-06-24 14:22:35 - [TEST_STEP][PASSED] - else: Delayed 3 second(s)

2022-06-24 14:22:35 - [TEST_STEP][PASSED] - delay(5): Delayed 5 second(s)

2022-06-24 14:22:40 - [MESSAGE][PASSED] - Delayed 5 second(s)

2022-06-24 14:22:40 - [TEST_STEP][PASSED] - verifyElementVisible(findTestObject("Main/mainS2UApproveBtn"), 10): Element 'Object Repository/Main/mainS2UApproveBtn' is visible

2022-06-24 14:22:40 - [MESSAGE][PASSED] - Element 'Object Repository/Main/mainS2UApproveBtn' is visible

2022-06-24 14:22:40 - [TEST_STEP][PASSED] - tap(findTestObject("Main/mainS2UApproveBtn"), 0): Tapped on element 'Object Repository/Main/mainS2UApproveBtn'

2022-06-24 14:22:41 - [MESSAGE][WARNING] - Timeout '0' is invalid. Using default page load timeout: '40'

2022-06-24 14:22:41 - [MESSAGE][PASSED] - Tapped on element 'Object Repository/Main/mainS2UApproveBtn'

2022-06-24 14:22:41 - [TEST_STEP][PASSED] - delay(3): Delayed 3 second(s)

2022-06-24 14:22:44 - [MESSAGE][PASSED] - Delayed 3 second(s)

2022-06-24 14:22:44 - [TEST_STEP][PASSED] - waitForElementPresent(findTestObject("Main/mainAddToFavBtn"), 0): Element 'Object Repository/Main/mainAddToFavBtn' is present

2022-06-24 14:22:44 - [MESSAGE][WARNING] - Timeout '0' is invalid. Using default page load timeout: '40'

2022-06-24 14:22:46 - [MESSAGE][PASSED] - Element 'Object Repository/Main/mainAddToFavBtn' is present

2022-06-24 14:22:46 - [TEST_STEP][PASSED] - tap(findTestObject("Main/mainAddToFavBtn"), 0): Tapped on element 'Object Repository/Main/mainAddToFavBtn'

2022-06-24 14:22:46 - [MESSAGE][WARNING] - Timeout '0' is invalid. Using default page load timeout: '40'

2022-06-24 14:22:46 - [MESSAGE][PASSED] - Tapped on element 'Object Repository/Main/mainAddToFavBtn'

2022-06-24 14:22:46 - [TEST_STEP][PASSED] - delay(2): Delayed 2 second(s)

2022-06-24 14:22:48 - [MESSAGE][PASSED] - Delayed 2 second(s)

2022-06-24 14:22:48 - [TEST_STEP][PASSED] - waitForElementPresent(findTestObject("Main/mainAddToFavBtn"), 0): Element 'Object Repository/Main/mainAddToFavBtn' is present

2022-06-24 14:22:48 - [MESSAGE][WARNING] - Timeout '0' is invalid. Using default page load timeout: '40'

2022-06-24 14:22:48 - [MESSAGE][PASSED] - Element 'Object Repository/Main/mainAddToFavBtn' is present

2022-06-24 14:22:48 - [TEST_STEP][PASSED] - tap(findTestObject("Main/mainAddToFavBtn"), 0): Tapped on element 'Object Repository/Main/mainAddToFavBtn'

2022-06-24 14:22:48 - [MESSAGE][WARNING] - Timeout '0' is invalid. Using default page load timeout: '40'

2022-06-24 14:22:48 - [MESSAGE][PASSED] - Tapped on element 'Object Repository/Main/mainAddToFavBtn'

2022-06-24 14:22:48 - [TEST_STEP][PASSED] - delay(2): Delayed 2 second(s)

2022-06-24 14:22:50 - [MESSAGE][PASSED] - Delayed 2 second(s)

2022-06-24 14:22:50 - [TEST_STEP][PASSED] - tap(findTestObject("Main/mainCloseFavPopUpBtn"), 0): Tapped on element 'Object Repository/Main/mainCloseFavPopUpBtn'

2022-06-24 14:22:51 - [MESSAGE][WARNING] - Timeout '0' is invalid. Using default page load timeout: '40'

2022-06-24 14:22:53 - [MESSAGE][PASSED] - Tapped on element 'Object Repository/Main/mainCloseFavPopUpBtn'

2022-06-24 14:22:53 - [TEST_STEP][PASSED] - delay(2): Delayed 2 second(s)

2022-06-24 14:22:55 - [MESSAGE][PASSED] - Delayed 2 second(s)

2022-06-24 14:22:55 - [TEST_STEP][PASSED] - verifyElementVisible(findTestObject("Object Repository/Transfer/transferSummaryShareReceiptBtn"), 0): Element 'Object Repository/Transfer/transferSummaryShareReceiptBtn' is visible

2022-06-24 14:22:55 - [MESSAGE][WARNING] - Timeout '0' is invalid. Using default page load timeout: '40'

2022-06-24 14:22:55 - [MESSAGE][PASSED] - Element 'Object Repository/Transfer/transferSummaryShareReceiptBtn' is visible

2022-06-24 14:22:55 - [TEST_STEP][PASSED] - verifyElementVisible(findTestObject("Main/mainDoneBtn"), 0): Element 'Object Repository/Main/mainDoneBtn' is visible

2022-06-24 14:22:55 - [MESSAGE][WARNING] - Timeout '0' is invalid. Using default page load timeout: '40'

2022-06-24 14:22:55 - [MESSAGE][PASSED] - Element 'Object Repository/Main/mainDoneBtn' is visible

2022-06-24 14:22:55 - [TEST_STEP][PASSED] - takeScreenshot("/Users/a00139272/Desktop/Screenshot/zakatAddFav.png"): Screenshot is taken

2022-06-24 14:22:56 - [MESSAGE][PASSED] - Screenshot is taken
[[ATTACHMENT|/Users/a00139272/Desktop/Screenshot/zakatAddFav.png]]

2022-06-24 14:22:56 - [TEST_STEP][PASSED] - tap(findTestObject("Main/mainDoneBtn"), 0): Tapped on element 'Object Repository/Main/mainDoneBtn'

2022-06-24 14:22:56 - [MESSAGE][WARNING] - Timeout '0' is invalid. Using default page load timeout: '40'

2022-06-24 14:22:56 - [MESSAGE][PASSED] - Tapped on element 'Object Repository/Main/mainDoneBtn'

2022-06-24 14:22:56 - [TEST_STEP][PASSED] - delay(5): Delayed 5 second(s)

2022-06-24 14:23:01 - [MESSAGE][PASSED] - Delayed 5 second(s)]]></system-out>
         <system-err><![CDATA[]]></system-err>
      </testcase>
      <testcase name="Test Cases/Zakat/zakat_zakatPaymentFavoriteTransaction" time="41.313" classname="Test Cases/Zakat/zakat_zakatPaymentFavoriteTransaction" status="PASSED">
         <system-out><![CDATA[2022-06-24 14:23:01 - [TEST_CASE][PASSED] - Test Cases/Zakat/zakat_zakatPaymentFavoriteTransaction: Test Cases/Zakat/zakat_zakatPaymentFavoriteTransaction

2022-06-24 14:23:02 - [TEST_STEP][PASSED] - device_Height = getDeviceHeight(): Current device physical height is 2167

2022-06-24 14:23:02 - [MESSAGE][PASSED] - Current device physical height is 2167

2022-06-24 14:23:02 - [TEST_STEP][PASSED] - device_Width = getDeviceWidth(): Current device physical width is 1080

2022-06-24 14:23:03 - [MESSAGE][PASSED] - Current device physical width is 1080

2022-06-24 14:23:03 - [TEST_STEP][PASSED] - startX = device_Width / 3: null

2022-06-24 14:23:03 - [TEST_STEP][PASSED] - startY = device_Height * 0.97: null

2022-06-24 14:23:03 - [TEST_STEP][PASSED] - tap(findTestObject("Banking/m2uAccountPayBillsIconSelect"), 0): Tapped on element 'Object Repository/Banking/m2uAccountPayBillsIconSelect'

2022-06-24 14:23:03 - [MESSAGE][WARNING] - Timeout '0' is invalid. Using default page load timeout: '40'

2022-06-24 14:23:03 - [MESSAGE][PASSED] - Tapped on element 'Object Repository/Banking/m2uAccountPayBillsIconSelect'

2022-06-24 14:23:03 - [TEST_STEP][PASSED] - tap(findTestObject("zakat/payBillZakatTopMenuSelect"), 40): Tapped on element 'Object Repository/zakat/payBillZakatTopMenuSelect'

2022-06-24 14:23:09 - [MESSAGE][PASSED] - Tapped on element 'Object Repository/zakat/payBillZakatTopMenuSelect'

2022-06-24 14:23:09 - [TEST_STEP][PASSED] - delay(5): Delayed 5 second(s)

2022-06-24 14:23:14 - [MESSAGE][PASSED] - Delayed 5 second(s)

2022-06-24 14:23:14 - [TEST_STEP][PASSED] - waitForElementPresent(findTestObject("Main/mainFavBodySelect"), 0): Element 'Object Repository/Main/mainFavBodySelect' is present

2022-06-24 14:23:14 - [MESSAGE][WARNING] - Timeout '0' is invalid. Using default page load timeout: '40'

2022-06-24 14:23:14 - [MESSAGE][PASSED] - Element 'Object Repository/Main/mainFavBodySelect' is present

2022-06-24 14:23:14 - [TEST_STEP][PASSED] - tap(findTestObject("Main/mainFavBodySelect"), 0): Tapped on element 'Object Repository/Main/mainFavBodySelect'

2022-06-24 14:23:14 - [MESSAGE][WARNING] - Timeout '0' is invalid. Using default page load timeout: '40'

2022-06-24 14:23:14 - [MESSAGE][PASSED] - Tapped on element 'Object Repository/Main/mainFavBodySelect'

2022-06-24 14:23:14 - [TEST_STEP][PASSED] - delay(5): Delayed 5 second(s)

2022-06-24 14:23:19 - [MESSAGE][PASSED] - Delayed 5 second(s)

2022-06-24 14:23:19 - [TEST_STEP][PASSED] - waitForElementPresent(findTestObject("zakat/zakatTypeDropdownSelectBox"), 0): Element 'Object Repository/zakat/zakatTypeDropdownSelectBox' is present

2022-06-24 14:23:19 - [MESSAGE][WARNING] - Timeout '0' is invalid. Using default page load timeout: '40'

2022-06-24 14:23:19 - [MESSAGE][PASSED] - Element 'Object Repository/zakat/zakatTypeDropdownSelectBox' is present

2022-06-24 14:23:19 - [TEST_STEP][PASSED] - tap(findTestObject("zakat/zakatTypeDropdownSelectBox"), 0): Tapped on element 'Object Repository/zakat/zakatTypeDropdownSelectBox'

2022-06-24 14:23:19 - [MESSAGE][WARNING] - Timeout '0' is invalid. Using default page load timeout: '40'

2022-06-24 14:23:19 - [MESSAGE][PASSED] - Tapped on element 'Object Repository/zakat/zakatTypeDropdownSelectBox'

2022-06-24 14:23:19 - [TEST_STEP][PASSED] - tap(findTestObject("zakat/zakatTypeZakatEmasDropdownSelect"), 0): Tapped on element 'Object Repository/zakat/zakatTypeZakatEmasDropdownSelect'

2022-06-24 14:23:19 - [MESSAGE][WARNING] - Timeout '0' is invalid. Using default page load timeout: '40'

2022-06-24 14:23:20 - [MESSAGE][PASSED] - Tapped on element 'Object Repository/zakat/zakatTypeZakatEmasDropdownSelect'

2022-06-24 14:23:20 - [TEST_STEP][PASSED] - tap(findTestObject("Main/mainCalenderPickerDoneBtn"), 0): Tapped on element 'Object Repository/Main/mainCalenderPickerDoneBtn'

2022-06-24 14:23:20 - [MESSAGE][WARNING] - Timeout '0' is invalid. Using default page load timeout: '40'

2022-06-24 14:23:20 - [MESSAGE][PASSED] - Tapped on element 'Object Repository/Main/mainCalenderPickerDoneBtn'

2022-06-24 14:23:20 - [TEST_STEP][PASSED] - tap(findTestObject("Login Onboarding/loginExistingContinueBtn"), 0): Tapped on element 'Object Repository/Login Onboarding/loginExistingContinueBtn'

2022-06-24 14:23:20 - [MESSAGE][WARNING] - Timeout '0' is invalid. Using default page load timeout: '40'

2022-06-24 14:23:21 - [MESSAGE][PASSED] - Tapped on element 'Object Repository/Login Onboarding/loginExistingContinueBtn'

2022-06-24 14:23:21 - [TEST_STEP][PASSED] - tap(findTestObject("Login Onboarding/PIN1"), 0): Tapped on element 'Object Repository/Login Onboarding/PIN1'

2022-06-24 14:23:21 - [MESSAGE][WARNING] - Timeout '0' is invalid. Using default page load timeout: '40'

2022-06-24 14:23:23 - [MESSAGE][PASSED] - Tapped on element 'Object Repository/Login Onboarding/PIN1'

2022-06-24 14:23:23 - [TEST_STEP][PASSED] - tap(findTestObject("Login Onboarding/PIN0"), 0): Tapped on element 'Object Repository/Login Onboarding/PIN0'

2022-06-24 14:23:23 - [MESSAGE][WARNING] - Timeout '0' is invalid. Using default page load timeout: '40'

2022-06-24 14:23:23 - [MESSAGE][PASSED] - Tapped on element 'Object Repository/Login Onboarding/PIN0'

2022-06-24 14:23:23 - [TEST_STEP][PASSED] - tap(findTestObject("JomPay/jomPayAmountTickBtn"), 0): Tapped on element 'Object Repository/JomPay/jomPayAmountTickBtn'

2022-06-24 14:23:23 - [MESSAGE][WARNING] - Timeout '0' is invalid. Using default page load timeout: '40'

2022-06-24 14:23:23 - [MESSAGE][PASSED] - Tapped on element 'Object Repository/JomPay/jomPayAmountTickBtn'

2022-06-24 14:23:23 - [TEST_STEP][PASSED] - delay(5): Delayed 5 second(s)

2022-06-24 14:23:28 - [MESSAGE][PASSED] - Delayed 5 second(s)

2022-06-24 14:23:28 - [TEST_STEP][PASSED] - verifyElementText(findTestObject("Transfer/transferConfirmationFromAccTypeTxt", ["accType":accType]), accType): Actual text and expected text of test object 'Object Repository/Transfer/transferConfirmationFromAccTypeTxt' are matched.

2022-06-24 14:23:28 - [MESSAGE][PASSED] - Actual text and expected text of test object 'Object Repository/Transfer/transferConfirmationFromAccTypeTxt' are matched.

2022-06-24 14:23:28 - [TEST_STEP][PASSED] - verifyElementText(findTestObject("Transfer/transferConfirmationFromAccNoTxt", ["accNoFrom":accNoFrom]), accNoFrom): Actual text and expected text of test object 'Object Repository/Transfer/transferConfirmationFromAccNoTxt' are matched.

2022-06-24 14:23:28 - [MESSAGE][PASSED] - Actual text and expected text of test object 'Object Repository/Transfer/transferConfirmationFromAccNoTxt' are matched.

2022-06-24 14:23:28 - [TEST_STEP][PASSED] - verifyElementVisible(findTestObject("Main/mainPayNowBtn"), 0): Element 'Object Repository/Main/mainPayNowBtn' is visible

2022-06-24 14:23:28 - [MESSAGE][WARNING] - Timeout '0' is invalid. Using default page load timeout: '40'

2022-06-24 14:23:29 - [MESSAGE][PASSED] - Element 'Object Repository/Main/mainPayNowBtn' is visible

2022-06-24 14:23:29 - [TEST_STEP][PASSED] - tap(findTestObject("Main/mainPayNowBtn"), 0): Tapped on element 'Object Repository/Main/mainPayNowBtn'

2022-06-24 14:23:29 - [MESSAGE][WARNING] - Timeout '0' is invalid. Using default page load timeout: '40'

2022-06-24 14:23:29 - [MESSAGE][PASSED] - Tapped on element 'Object Repository/Main/mainPayNowBtn'

2022-06-24 14:23:29 - [TEST_STEP][PASSED] - delay(5): Delayed 5 second(s)

2022-06-24 14:23:34 - [MESSAGE][PASSED] - Delayed 5 second(s)

2022-06-24 14:23:34 - [TEST_STEP][PASSED] - verifyElementVisible(findTestObject("Object Repository/Transfer/transferSummaryShareReceiptBtn"), 0): Element 'Object Repository/Transfer/transferSummaryShareReceiptBtn' is visible

2022-06-24 14:23:34 - [MESSAGE][WARNING] - Timeout '0' is invalid. Using default page load timeout: '40'

2022-06-24 14:23:36 - [MESSAGE][PASSED] - Element 'Object Repository/Transfer/transferSummaryShareReceiptBtn' is visible

2022-06-24 14:23:36 - [TEST_STEP][PASSED] - verifyElementVisible(findTestObject("Main/mainDoneBtn"), 0): Element 'Object Repository/Main/mainDoneBtn' is visible

2022-06-24 14:23:36 - [MESSAGE][WARNING] - Timeout '0' is invalid. Using default page load timeout: '40'

2022-06-24 14:23:36 - [MESSAGE][PASSED] - Element 'Object Repository/Main/mainDoneBtn' is visible

2022-06-24 14:23:36 - [TEST_STEP][PASSED] - takeScreenshot("/Users/a00139272/Desktop/Screenshot/zakatFav.png"): Screenshot is taken

2022-06-24 14:23:38 - [MESSAGE][PASSED] - Screenshot is taken
[[ATTACHMENT|/Users/a00139272/Desktop/Screenshot/zakatFav.png]]

2022-06-24 14:23:38 - [TEST_STEP][PASSED] - tap(findTestObject("Main/mainDoneBtn"), 0): Tapped on element 'Object Repository/Main/mainDoneBtn'

2022-06-24 14:23:38 - [MESSAGE][WARNING] - Timeout '0' is invalid. Using default page load timeout: '40'

2022-06-24 14:23:38 - [MESSAGE][PASSED] - Tapped on element 'Object Repository/Main/mainDoneBtn'

2022-06-24 14:23:38 - [TEST_STEP][PASSED] - delay(5): Delayed 5 second(s)

2022-06-24 14:23:43 - [MESSAGE][PASSED] - Delayed 5 second(s)]]></system-out>
         <system-err><![CDATA[]]></system-err>
      </testcase>
      <system-out><![CDATA[2022-06-24 14:04:09 - [TEST_SUITE][PASSED] - Regress 1: Test Cases/Zakat/zakat_zakatPaymentFavoriteTransaction]]></system-out>
      <system-err><![CDATA[]]></system-err>
   </testsuite>
</testsuites>
