<?xml version="1.0" encoding="UTF-8"?>
<testsuites name="MAE Notification Creator" time="636.148" tests="1" failures="0" errors="0">
   <testsuite name="MAE Notification Creator" tests="1" failures="0" errors="0" time="636.148" skipped="0" timestamp="2022-01-27 14:11:46" hostname="a00139272 - localhost" id="Test Suites/MAE Notification Creator">
      <properties>
         <property name="deviceName" value="OPPO CPH2145 (Android 11)"/>
         <property name="devicePlatform" value=""/>
         <property name="logFolder" value="/Users/a00139272/git/MAEAutomation2/Reports/20220127_141136/MAE Notification Creator/20220127_141136"/>
         <property name="logFiles" value="/Users/a00139272/git/MAEAutomation2/Reports/20220127_141136/MAE Notification Creator/20220127_141136/execution0.log, /Users/a00139272/git/MAEAutomation2/Reports/20220127_141136/MAE Notification Creator/20220127_141136/appium.log"/>
         <property name="attachments" value=""/>
         <property name="hostName" value="a00139272 - localhost"/>
         <property name="os" value="Mac OS X 64bit"/>
         <property name="appiumServerStatus" value="{&quot;value&quot;:{&quot;build&quot;:{&quot;version&quot;:&quot;1.22.1&quot;}},&quot;sessionId&quot;:null,&quot;status&quot;:0}"/>
         <property name="katalonVersion" value="8.2.0.208"/>
         <property name="deviceOS" value="Android"/>
         <property name="appiumVersion" value="1.22.1"/>
         <property name="deviceModel" value="CPH2145"/>
         <property name="hostAddress" value="127.0.0.1"/>
         <property name="deviceManufacturer" value="OPPO"/>
         <property name="deviceId" value="954d9243"/>
         <property name="deviceName" value="OPPO CPH2145 (Android 11)"/>
         <property name="deviceOSVersion" value="11"/>
      </properties>
      <testcase name="Test Cases/Send Request Money/requestMoney" time="635.903" classname="Test Cases/Send Request Money/requestMoney" status="PASSED">
         <system-out><![CDATA[2022-01-27 14:11:46 - [TEST_CASE][PASSED] - Test Cases/Send Request Money/requestMoney: Test Cases/Send Request Money/requestMoney

2022-01-27 14:11:46 - [TEST_STEP][PASSED] - try: Tapped on element 'Object Repository/Send Request Money/requestMoneySummaryDoneBtn'

2022-01-27 14:11:46 - [TEST_STEP][PASSED] - setMobileDriverPreferencesProperty("appPackage", "com.maybank2u.life.sit"): null

2022-01-27 14:11:46 - [TEST_STEP][PASSED] - setMobileDriverPreferencesProperty("appActivity", "com.maybank2u.life.MainActivity"): null

2022-01-27 14:11:46 - [TEST_STEP][PASSED] - if (isApplicationOpened == false): Started app at: '/Users/a00139272/Katalon Studio/MAE/androidapp/app-sit-universal-release-copy.apk'

2022-01-27 14:11:46 - [TEST_STEP][PASSED] - startApplication(appPath, false): Started app at: '/Users/a00139272/Katalon Studio/MAE/androidapp/app-sit-universal-release-copy.apk'

2022-01-27 14:11:46 - [MESSAGE][INFO] - User set preference: ['appWaitActivity', '*']

2022-01-27 14:11:46 - [MESSAGE][INFO] - User set preference: ['deviceId', '954d9243']

2022-01-27 14:11:46 - [MESSAGE][INFO] - User set preference: ['appPackage', 'com.maybank2u.life.sit']

2022-01-27 14:11:46 - [MESSAGE][INFO] - User set preference: ['appActivity', 'com.maybank2u.life.MainActivity']

2022-01-27 14:11:48 - [MESSAGE][INFO] - Appium server started on port 51,174

2022-01-27 14:11:59 - [MESSAGE][PASSED] - Started app at: '/Users/a00139272/Katalon Studio/MAE/androidapp/app-sit-universal-release-copy.apk'

2022-01-27 14:11:59 - [TEST_STEP][PASSED] - delay(5): Delayed 5 second(s)

2022-01-27 14:12:04 - [MESSAGE][PASSED] - Delayed 5 second(s)

2022-01-27 14:12:04 - [TEST_STEP][PASSED] - tapAtPosition(355, 2147): Tapped at [355, 2,147]

2022-01-27 14:12:04 - [MESSAGE][PASSED] - Tapped at [355, 2,147]

2022-01-27 14:12:04 - [TEST_STEP][PASSED] - delay(8): Delayed 8 second(s)

2022-01-27 14:12:12 - [MESSAGE][PASSED] - Delayed 8 second(s)

2022-01-27 14:12:12 - [TEST_STEP][PASSED] - if (verifyElementVisible(findTestObject("Main/mainEnterPINMessage"), 0, OPTIONAL)): null

2022-01-27 14:12:12 - [MESSAGE][WARNING] - Timeout '0' is invalid. Using default page load timeout: '20'

2022-01-27 14:12:13 - [MESSAGE][PASSED] - Element 'Object Repository/Main/mainEnterPINMessage' is visible

2022-01-27 14:12:13 - [TEST_STEP][PASSED] - tap(findTestObject("Login Onboarding/PIN1"), 0): Tapped on element 'Object Repository/Login Onboarding/PIN1'

2022-01-27 14:12:13 - [MESSAGE][WARNING] - Timeout '0' is invalid. Using default page load timeout: '20'

2022-01-27 14:12:13 - [MESSAGE][PASSED] - Tapped on element 'Object Repository/Login Onboarding/PIN1'

2022-01-27 14:12:13 - [TEST_STEP][PASSED] - tap(findTestObject("Login Onboarding/PIN1"), 0): Tapped on element 'Object Repository/Login Onboarding/PIN1'

2022-01-27 14:12:13 - [MESSAGE][WARNING] - Timeout '0' is invalid. Using default page load timeout: '20'

2022-01-27 14:12:15 - [MESSAGE][PASSED] - Tapped on element 'Object Repository/Login Onboarding/PIN1'

2022-01-27 14:12:15 - [TEST_STEP][PASSED] - tap(findTestObject("Login Onboarding/PIN1"), 0): Tapped on element 'Object Repository/Login Onboarding/PIN1'

2022-01-27 14:12:15 - [MESSAGE][WARNING] - Timeout '0' is invalid. Using default page load timeout: '20'

2022-01-27 14:12:17 - [MESSAGE][PASSED] - Tapped on element 'Object Repository/Login Onboarding/PIN1'

2022-01-27 14:12:17 - [TEST_STEP][PASSED] - tap(findTestObject("Login Onboarding/PIN1"), 0): Tapped on element 'Object Repository/Login Onboarding/PIN1'

2022-01-27 14:12:17 - [MESSAGE][WARNING] - Timeout '0' is invalid. Using default page load timeout: '20'

2022-01-27 14:12:19 - [MESSAGE][PASSED] - Tapped on element 'Object Repository/Login Onboarding/PIN1'

2022-01-27 14:12:19 - [TEST_STEP][PASSED] - tap(findTestObject("Login Onboarding/PIN1"), 0): Tapped on element 'Object Repository/Login Onboarding/PIN1'

2022-01-27 14:12:19 - [MESSAGE][WARNING] - Timeout '0' is invalid. Using default page load timeout: '20'

2022-01-27 14:12:20 - [MESSAGE][PASSED] - Tapped on element 'Object Repository/Login Onboarding/PIN1'

2022-01-27 14:12:20 - [TEST_STEP][PASSED] - tap(findTestObject("Login Onboarding/PIN2"), 0): Tapped on element 'Object Repository/Login Onboarding/PIN2'

2022-01-27 14:12:20 - [MESSAGE][WARNING] - Timeout '0' is invalid. Using default page load timeout: '20'

2022-01-27 14:12:22 - [MESSAGE][PASSED] - Tapped on element 'Object Repository/Login Onboarding/PIN2'

2022-01-27 14:12:22 - [TEST_STEP][PASSED] - delay(2): Delayed 2 second(s)

2022-01-27 14:12:24 - [MESSAGE][PASSED] - Delayed 2 second(s)

2022-01-27 14:12:24 - [TEST_STEP][PASSED] - waitForElementPresent(findTestObject("Banking/m2uAccountTypeSelection", ["text":"MAE"]), 10): Element 'Object Repository/Banking/m2uAccountTypeSelection' is present

2022-01-27 14:12:26 - [MESSAGE][PASSED] - Element 'Object Repository/Banking/m2uAccountTypeSelection' is present

2022-01-27 14:12:26 - [TEST_STEP][PASSED] - tap(findTestObject("Banking/m2uAccountTypeSelection", ["text":"MAE"]), 10): Tapped on element 'Object Repository/Banking/m2uAccountTypeSelection'

2022-01-27 14:12:28 - [MESSAGE][PASSED] - Tapped on element 'Object Repository/Banking/m2uAccountTypeSelection'

2022-01-27 14:12:28 - [TEST_STEP][PASSED] - delay(3): Delayed 3 second(s)

2022-01-27 14:12:31 - [MESSAGE][PASSED] - Delayed 3 second(s)

2022-01-27 14:12:31 - [TEST_STEP][PASSED] - waitForElementPresent(findTestObject("Banking/m2uAccountSendReqIconSelect - Copy"), 10): Element 'Object Repository/Banking/m2uAccountSendReqIconSelect - Copy' is present

2022-01-27 14:12:31 - [MESSAGE][PASSED] - Element 'Object Repository/Banking/m2uAccountSendReqIconSelect - Copy' is present

2022-01-27 14:12:31 - [TEST_STEP][PASSED] - tap(findTestObject("Banking/m2uAccountSendReqIconSelect - Copy"), 0): Tapped on element 'Object Repository/Banking/m2uAccountSendReqIconSelect - Copy'

2022-01-27 14:12:31 - [MESSAGE][WARNING] - Timeout '0' is invalid. Using default page load timeout: '20'

2022-01-27 14:12:41 - [MESSAGE][PASSED] - Tapped on element 'Object Repository/Banking/m2uAccountSendReqIconSelect - Copy'

2022-01-27 14:12:41 - [TEST_STEP][PASSED] - verifyElementVisible(findTestObject("Send Request Money/requestMoneyIconSelect"), 10): Element 'Object Repository/Send Request Money/requestMoneyIconSelect' is visible

2022-01-27 14:13:32 - [MESSAGE][PASSED] - Element 'Object Repository/Send Request Money/requestMoneyIconSelect' is visible

2022-01-27 14:13:32 - [TEST_STEP][PASSED] - tap(findTestObject("Send Request Money/requestMoneyIconSelect"), 0): Tapped on element 'Object Repository/Send Request Money/requestMoneyIconSelect'

2022-01-27 14:13:32 - [MESSAGE][WARNING] - Timeout '0' is invalid. Using default page load timeout: '20'

2022-01-27 14:14:33 - [MESSAGE][PASSED] - Tapped on element 'Object Repository/Send Request Money/requestMoneyIconSelect'

2022-01-27 14:14:33 - [TEST_STEP][PASSED] - delay(5): Delayed 5 second(s)

2022-01-27 14:14:38 - [MESSAGE][PASSED] - Delayed 5 second(s)

2022-01-27 14:14:38 - [TEST_STEP][PASSED] - verifyElementVisible(findTestObject("Send Request Money/sendRequestContactSearchIconSelect"), 10): Element 'Object Repository/Send Request Money/sendRequestContactSearchIconSelect' is visible

2022-01-27 14:15:28 - [MESSAGE][PASSED] - Element 'Object Repository/Send Request Money/sendRequestContactSearchIconSelect' is visible

2022-01-27 14:15:28 - [TEST_STEP][PASSED] - tap(findTestObject("Send Request Money/sendRequestContactSearchIconSelect"), 0): Tapped on element 'Object Repository/Send Request Money/sendRequestContactSearchIconSelect'

2022-01-27 14:15:28 - [MESSAGE][WARNING] - Timeout '0' is invalid. Using default page load timeout: '20'

2022-01-27 14:16:29 - [MESSAGE][PASSED] - Tapped on element 'Object Repository/Send Request Money/sendRequestContactSearchIconSelect'

2022-01-27 14:16:29 - [TEST_STEP][PASSED] - delay(3): Delayed 3 second(s)

2022-01-27 14:16:32 - [MESSAGE][PASSED] - Delayed 3 second(s)

2022-01-27 14:16:32 - [TEST_STEP][PASSED] - setText(findTestObject("Send Request Money/requestMoneyContactInputField"), contactName, 0): Text 'MaeSend' has been set to element 'Object Repository/Send Request Money/requestMoneyContactInputField'

2022-01-27 14:16:32 - [MESSAGE][WARNING] - Timeout '0' is invalid. Using default page load timeout: '20'

2022-01-27 14:18:02 - [MESSAGE][PASSED] - Text 'MaeSend' has been set to element 'Object Repository/Send Request Money/requestMoneyContactInputField'

2022-01-27 14:18:02 - [TEST_STEP][PASSED] - delay(3): Delayed 3 second(s)

2022-01-27 14:18:05 - [MESSAGE][PASSED] - Delayed 3 second(s)

2022-01-27 14:18:05 - [TEST_STEP][PASSED] - hideKeyboard(): Keyboard is hidden

2022-01-27 14:18:08 - [MESSAGE][PASSED] - Keyboard is hidden

2022-01-27 14:18:08 - [TEST_STEP][PASSED] - delay(3): Delayed 3 second(s)

2022-01-27 14:18:11 - [MESSAGE][PASSED] - Delayed 3 second(s)

2022-01-27 14:18:11 - [TEST_STEP][PASSED] - verifyElementVisible(findTestObject("Send Request Money/requestMoneyContactSelect", ["contactName":contactName]), 0): Element 'Object Repository/Send Request Money/requestMoneyContactSelect' is visible

2022-01-27 14:18:11 - [MESSAGE][WARNING] - Timeout '0' is invalid. Using default page load timeout: '20'

2022-01-27 14:19:02 - [MESSAGE][PASSED] - Element 'Object Repository/Send Request Money/requestMoneyContactSelect' is visible

2022-01-27 14:19:02 - [TEST_STEP][PASSED] - tap(findTestObject("Send Request Money/requestMoneyContactSelect", ["contactName":contactName]), 0): Tapped on element 'Object Repository/Send Request Money/requestMoneyContactSelect'

2022-01-27 14:19:02 - [MESSAGE][WARNING] - Timeout '0' is invalid. Using default page load timeout: '20'

2022-01-27 14:20:02 - [MESSAGE][PASSED] - Tapped on element 'Object Repository/Send Request Money/requestMoneyContactSelect'

2022-01-27 14:20:02 - [TEST_STEP][PASSED] - tap(findTestObject("Send Request Money/requestMoneyContactSelect", ["contactName":contactName]), 0): Tapped on element 'Object Repository/Send Request Money/requestMoneyContactSelect'

2022-01-27 14:20:02 - [MESSAGE][WARNING] - Timeout '0' is invalid. Using default page load timeout: '20'

2022-01-27 14:21:03 - [MESSAGE][PASSED] - Tapped on element 'Object Repository/Send Request Money/requestMoneyContactSelect'

2022-01-27 14:21:03 - [TEST_STEP][PASSED] - delay(3): Delayed 3 second(s)

2022-01-27 14:21:06 - [MESSAGE][PASSED] - Delayed 3 second(s)

2022-01-27 14:21:06 - [TEST_STEP][PASSED] - tap(findTestObject("Send Request Money/requestMoneyContactAddBtn"), 0): Tapped on element 'Object Repository/Send Request Money/requestMoneyContactAddBtn'

2022-01-27 14:21:06 - [MESSAGE][WARNING] - Timeout '0' is invalid. Using default page load timeout: '20'

2022-01-27 14:21:58 - [MESSAGE][PASSED] - Tapped on element 'Object Repository/Send Request Money/requestMoneyContactAddBtn'

2022-01-27 14:21:58 - [TEST_STEP][PASSED] - delay(3): Delayed 3 second(s)

2022-01-27 14:22:01 - [MESSAGE][PASSED] - Delayed 3 second(s)

2022-01-27 14:22:01 - [TEST_STEP][PASSED] - tap(findTestObject("Login Onboarding/PIN4"), 0): Tapped on element 'Object Repository/Login Onboarding/PIN4'

2022-01-27 14:22:01 - [MESSAGE][WARNING] - Timeout '0' is invalid. Using default page load timeout: '20'

2022-01-27 14:22:02 - [MESSAGE][PASSED] - Tapped on element 'Object Repository/Login Onboarding/PIN4'

2022-01-27 14:22:02 - [TEST_STEP][PASSED] - delay(3): Delayed 3 second(s)

2022-01-27 14:22:05 - [MESSAGE][PASSED] - Delayed 3 second(s)

2022-01-27 14:22:05 - [TEST_STEP][PASSED] - tap(findTestObject("Main/mainAmountTickBtn"), 0): Tapped on element 'Object Repository/Main/mainAmountTickBtn'

2022-01-27 14:22:05 - [MESSAGE][WARNING] - Timeout '0' is invalid. Using default page load timeout: '20'

2022-01-27 14:22:05 - [MESSAGE][PASSED] - Tapped on element 'Object Repository/Main/mainAmountTickBtn'

2022-01-27 14:22:05 - [TEST_STEP][PASSED] - delay(3): Delayed 3 second(s)

2022-01-27 14:22:08 - [MESSAGE][PASSED] - Delayed 3 second(s)

2022-01-27 14:22:08 - [TEST_STEP][PASSED] - verifyElementText(findTestObject("Send Request Money/requestMoneyConfirmationContactNameTxt", ["contactName":contactName]), contactName): Actual text and expected text of test object 'Object Repository/Send Request Money/requestMoneyConfirmationContactNameTxt' are matched.

2022-01-27 14:22:08 - [MESSAGE][PASSED] - Actual text and expected text of test object 'Object Repository/Send Request Money/requestMoneyConfirmationContactNameTxt' are matched.

2022-01-27 14:22:08 - [TEST_STEP][PASSED] - verifyElementText(findTestObject("Send Request Money/requestMoneyConfirmationAmountBtn"), "RM 0.04"): Actual text and expected text of test object 'Object Repository/Send Request Money/requestMoneyConfirmationAmountBtn' are matched.

2022-01-27 14:22:08 - [MESSAGE][PASSED] - Actual text and expected text of test object 'Object Repository/Send Request Money/requestMoneyConfirmationAmountBtn' are matched.

2022-01-27 14:22:08 - [TEST_STEP][PASSED] - tap(findTestObject("Send Request Money/requestMoneyNotesSelect"), 0): Tapped on element 'Object Repository/Send Request Money/requestMoneyNotesSelect'

2022-01-27 14:22:08 - [MESSAGE][WARNING] - Timeout '0' is invalid. Using default page load timeout: '20'

2022-01-27 14:22:09 - [MESSAGE][PASSED] - Tapped on element 'Object Repository/Send Request Money/requestMoneyNotesSelect'

2022-01-27 14:22:09 - [TEST_STEP][PASSED] - setText(findTestObject("Send Request Money/requestMoneyNotesSelect"), "Send Request Test", 0): Text 'Send Request Test' has been set to element 'Object Repository/Send Request Money/requestMoneyNotesSelect'

2022-01-27 14:22:09 - [MESSAGE][WARNING] - Timeout '0' is invalid. Using default page load timeout: '20'

2022-01-27 14:22:11 - [MESSAGE][PASSED] - Text 'Send Request Test' has been set to element 'Object Repository/Send Request Money/requestMoneyNotesSelect'

2022-01-27 14:22:11 - [TEST_STEP][PASSED] - delay(3): Delayed 3 second(s)

2022-01-27 14:22:14 - [MESSAGE][PASSED] - Delayed 3 second(s)

2022-01-27 14:22:14 - [TEST_STEP][PASSED] - hideKeyboard(): Keyboard is hidden

2022-01-27 14:22:16 - [MESSAGE][PASSED] - Keyboard is hidden

2022-01-27 14:22:16 - [TEST_STEP][PASSED] - tap(findTestObject("Send Request Money/requestMoneyConfirmationSendRequestBtn"), 0): Tapped on element 'Object Repository/Send Request Money/requestMoneyConfirmationSendRequestBtn'

2022-01-27 14:22:16 - [MESSAGE][WARNING] - Timeout '0' is invalid. Using default page load timeout: '20'

2022-01-27 14:22:16 - [MESSAGE][PASSED] - Tapped on element 'Object Repository/Send Request Money/requestMoneyConfirmationSendRequestBtn'

2022-01-27 14:22:16 - [TEST_STEP][PASSED] - delay(5): Delayed 5 second(s)

2022-01-27 14:22:21 - [MESSAGE][PASSED] - Delayed 5 second(s)

2022-01-27 14:22:21 - [TEST_STEP][PASSED] - verifyElementText(findTestObject("Send Request Money/requestMoneySummaryNameTxt"), contactName): Actual text and expected text of test object 'Object Repository/Send Request Money/requestMoneySummaryNameTxt' are matched.

2022-01-27 14:22:21 - [MESSAGE][PASSED] - Actual text and expected text of test object 'Object Repository/Send Request Money/requestMoneySummaryNameTxt' are matched.

2022-01-27 14:22:21 - [TEST_STEP][PASSED] - verifyElementText(findTestObject("Send Request Money/requestMoneySummarySuccessMessageTxt"), "Request successful"): Actual text and expected text of test object 'Object Repository/Send Request Money/requestMoneySummarySuccessMessageTxt' are matched.

2022-01-27 14:22:21 - [MESSAGE][PASSED] - Actual text and expected text of test object 'Object Repository/Send Request Money/requestMoneySummarySuccessMessageTxt' are matched.

2022-01-27 14:22:21 - [TEST_STEP][PASSED] - verifyElementText(findTestObject("Send Request Money/requestMoneySummaryAmountTxt"), "RM 0.04"): Actual text and expected text of test object 'Object Repository/Send Request Money/requestMoneySummaryAmountTxt' are matched.

2022-01-27 14:22:21 - [MESSAGE][PASSED] - Actual text and expected text of test object 'Object Repository/Send Request Money/requestMoneySummaryAmountTxt' are matched.

2022-01-27 14:22:21 - [TEST_STEP][PASSED] - verifyElementVisible(findTestObject("Send Request Money/requestMoneySummaryDoneBtn"), 10): Element 'Object Repository/Send Request Money/requestMoneySummaryDoneBtn' is visible

2022-01-27 14:22:21 - [MESSAGE][PASSED] - Element 'Object Repository/Send Request Money/requestMoneySummaryDoneBtn' is visible

2022-01-27 14:22:21 - [TEST_STEP][PASSED] - tap(findTestObject("Send Request Money/requestMoneySummaryDoneBtn"), 0): Tapped on element 'Object Repository/Send Request Money/requestMoneySummaryDoneBtn'

2022-01-27 14:22:21 - [MESSAGE][WARNING] - Timeout '0' is invalid. Using default page load timeout: '20'

2022-01-27 14:22:22 - [MESSAGE][PASSED] - Tapped on element 'Object Repository/Send Request Money/requestMoneySummaryDoneBtn']]></system-out>
         <system-err><![CDATA[]]></system-err>
      </testcase>
      <system-out><![CDATA[2022-01-27 14:11:46 - [TEST_SUITE][PASSED] - MAE Notification Creator: Test Cases/Send Request Money/requestMoney]]></system-out>
      <system-err><![CDATA[]]></system-err>
   </testsuite>
</testsuites>
