<?xml version="1.0" encoding="UTF-8"?>
<testsuites name="Regress 2" time="667.374" tests="8" failures="0" errors="0">
   <testsuite name="Regress 2" tests="8" failures="0" errors="0" time="667.374" skipped="0" timestamp="2022-06-27 11:37:04" hostname="a00139272 - localhost" id="Test Suites/Regress 2">
      <properties>
         <property name="deviceName" value="Xiaomi 21061119AG (Android 11)"/>
         <property name="devicePlatform" value=""/>
         <property name="logFolder" value="/Users/a00139272/git/MAE-BAU-MY/Reports/20220627_113656/Regress 2/20220627_113656"/>
         <property name="logFiles" value="/Users/a00139272/git/MAE-BAU-MY/Reports/20220627_113656/Regress 2/20220627_113656/execution0.log, /Users/a00139272/git/MAE-BAU-MY/Reports/20220627_113656/Regress 2/20220627_113656/appium.log"/>
         <property name="attachments" value="/Users/a00139272/Desktop/Screenshot/KLIATicket.png, /Users/a00139272/Desktop/Screenshot/createTabung.png, /Users/a00139272/Desktop/Screenshot/fundTabung.png, /Users/a00139272/Desktop/Screenshot/withdrawTabung.png, /Users/a00139272/Desktop/Screenshot/enableTabung.png, /Users/a00139272/Desktop/Screenshot/disableTabung.png, /Users/a00139272/Desktop/Screenshot/renameTabung.png, /Users/a00139272/Desktop/Screenshot/removeTabung.png"/>
         <property name="hostName" value="a00139272 - localhost"/>
         <property name="os" value="Mac OS X 64bit"/>
         <property name="appiumServerStatus" value="{&quot;value&quot;:{&quot;build&quot;:{&quot;version&quot;:&quot;1.22.1&quot;}},&quot;sessionId&quot;:null,&quot;status&quot;:0}"/>
         <property name="katalonVersion" value="8.3.5.208"/>
         <property name="deviceOS" value="Android"/>
         <property name="appiumVersion" value="1.22.1"/>
         <property name="deviceModel" value="21061119AG"/>
         <property name="hostAddress" value="127.0.0.1"/>
         <property name="deviceManufacturer" value="Xiaomi"/>
         <property name="deviceId" value="002b9cc60508"/>
         <property name="deviceName" value="Xiaomi 21061119AG (Android 11)"/>
         <property name="deviceOSVersion" value="11"/>
      </properties>
      <testcase name="Test Cases/Others/ticketing_buyKLIATicket" time="178.959" classname="Test Cases/Others/ticketing_buyKLIATicket" status="PASSED">
         <system-out><![CDATA[2022-06-27 11:37:04 - [TEST_CASE][PASSED] - Test Cases/Others/ticketing_buyKLIATicket: Test Cases/Others/ticketing_buyKLIATicket

2022-06-27 11:37:04 - [TEST_STEP][PASSED] - setMobileDriverPreferencesProperty("appPackage", "com.maybank2u.life.sit"): null

2022-06-27 11:37:04 - [TEST_STEP][PASSED] - setMobileDriverPreferencesProperty("appActivity", "com.maybank2u.life.MainActivity"): null

2022-06-27 11:37:04 - [TEST_STEP][PASSED] - startApplication(appPath, false): Started app at: '/Users/a00139272/Katalon Studio/MAE/androidapp/app-dev-universal-release (1).apk'

2022-06-27 11:37:04 - [MESSAGE][INFO] - User set preference: ['appWaitActivity', '*']

2022-06-27 11:37:04 - [MESSAGE][INFO] - User set preference: ['deviceId', '002b9cc60508']

2022-06-27 11:37:04 - [MESSAGE][INFO] - User set preference: ['appPackage', 'com.maybank2u.life.sit']

2022-06-27 11:37:04 - [MESSAGE][INFO] - User set preference: ['appActivity', 'com.maybank2u.life.MainActivity']

2022-06-27 11:37:04 - [MESSAGE][INFO] - Detected NodeJS location: "/usr/local/Cellar/node/17.0.1/bin/node"

2022-06-27 11:37:06 - [MESSAGE][INFO] - Appium server started on port 56,836

2022-06-27 11:37:19 - [MESSAGE][PASSED] - Started app at: '/Users/a00139272/Katalon Studio/MAE/androidapp/app-dev-universal-release (1).apk'

2022-06-27 11:37:19 - [TEST_STEP][PASSED] - verifyElementExist(findTestObject("Object Repository/Dashboard/dashboardWalletTopSelect"), 0): Element 'Object Repository/Dashboard/dashboardWalletTopSelect' is exist

2022-06-27 11:37:19 - [MESSAGE][WARNING] - Timeout '0' is invalid. Using default page load timeout: '40'

2022-06-27 11:37:25 - [MESSAGE][PASSED] - Element 'Object Repository/Dashboard/dashboardWalletTopSelect' is exist

2022-06-27 11:37:25 - [TEST_STEP][PASSED] - verifyElementExist(findTestObject("Object Repository/Dashboard/dashboardQuickActionsTitleTxt"), 0): Element 'Object Repository/Dashboard/dashboardQuickActionsTitleTxt' is exist

2022-06-27 11:37:25 - [MESSAGE][WARNING] - Timeout '0' is invalid. Using default page load timeout: '40'

2022-06-27 11:37:26 - [MESSAGE][PASSED] - Element 'Object Repository/Dashboard/dashboardQuickActionsTitleTxt' is exist

2022-06-27 11:37:26 - [TEST_STEP][PASSED] - delay(5): Delayed 5 second(s)

2022-06-27 11:37:31 - [MESSAGE][PASSED] - Delayed 5 second(s)

2022-06-27 11:37:31 - [TEST_STEP][PASSED] - device_Height = getDeviceHeight(): Current device physical height is 2167

2022-06-27 11:37:31 - [MESSAGE][PASSED] - Current device physical height is 2167

2022-06-27 11:37:31 - [TEST_STEP][PASSED] - device_Width = getDeviceWidth(): Current device physical width is 1080

2022-06-27 11:37:31 - [MESSAGE][PASSED] - Current device physical width is 1080

2022-06-27 11:37:31 - [TEST_STEP][PASSED] - startX = device_Width / 3: null

2022-06-27 11:37:31 - [TEST_STEP][PASSED] - startY = device_Height * 0.97: null

2022-06-27 11:37:31 - [TEST_STEP][PASSED] - tapAtPosition(startX, startY): Tapped at [360, 2,101]

2022-06-27 11:37:31 - [MESSAGE][PASSED] - Tapped at [360, 2,101]

2022-06-27 11:37:31 - [TEST_STEP][PASSED] - if (verifyElementVisible(findTestObject("Main/mainEnterPINMessage"), 0, OPTIONAL)): null

2022-06-27 11:37:31 - [MESSAGE][WARNING] - Timeout '0' is invalid. Using default page load timeout: '40'

2022-06-27 11:37:33 - [MESSAGE][PASSED] - Element 'Object Repository/Main/mainEnterPINMessage' is visible

2022-06-27 11:37:33 - [TEST_STEP][PASSED] - tap(findTestObject("Login Onboarding/PIN1"), 0): Tapped on element 'Object Repository/Login Onboarding/PIN1'

2022-06-27 11:37:33 - [MESSAGE][WARNING] - Timeout '0' is invalid. Using default page load timeout: '40'

2022-06-27 11:37:33 - [MESSAGE][PASSED] - Tapped on element 'Object Repository/Login Onboarding/PIN1'

2022-06-27 11:37:33 - [TEST_STEP][PASSED] - tap(findTestObject("Login Onboarding/PIN1"), 0): Tapped on element 'Object Repository/Login Onboarding/PIN1'

2022-06-27 11:37:33 - [MESSAGE][WARNING] - Timeout '0' is invalid. Using default page load timeout: '40'

2022-06-27 11:37:35 - [MESSAGE][PASSED] - Tapped on element 'Object Repository/Login Onboarding/PIN1'

2022-06-27 11:37:35 - [TEST_STEP][PASSED] - tap(findTestObject("Login Onboarding/PIN1"), 0): Tapped on element 'Object Repository/Login Onboarding/PIN1'

2022-06-27 11:37:35 - [MESSAGE][WARNING] - Timeout '0' is invalid. Using default page load timeout: '40'

2022-06-27 11:37:37 - [MESSAGE][PASSED] - Tapped on element 'Object Repository/Login Onboarding/PIN1'

2022-06-27 11:37:37 - [TEST_STEP][PASSED] - tap(findTestObject("Login Onboarding/PIN1"), 0): Tapped on element 'Object Repository/Login Onboarding/PIN1'

2022-06-27 11:37:37 - [MESSAGE][WARNING] - Timeout '0' is invalid. Using default page load timeout: '40'

2022-06-27 11:37:39 - [MESSAGE][PASSED] - Tapped on element 'Object Repository/Login Onboarding/PIN1'

2022-06-27 11:37:39 - [TEST_STEP][PASSED] - tap(findTestObject("Login Onboarding/PIN1"), 0): Tapped on element 'Object Repository/Login Onboarding/PIN1'

2022-06-27 11:37:39 - [MESSAGE][WARNING] - Timeout '0' is invalid. Using default page load timeout: '40'

2022-06-27 11:37:41 - [MESSAGE][PASSED] - Tapped on element 'Object Repository/Login Onboarding/PIN1'

2022-06-27 11:37:41 - [TEST_STEP][PASSED] - tap(findTestObject("Login Onboarding/PIN2"), 0): Tapped on element 'Object Repository/Login Onboarding/PIN2'

2022-06-27 11:37:41 - [MESSAGE][WARNING] - Timeout '0' is invalid. Using default page load timeout: '40'

2022-06-27 11:37:42 - [MESSAGE][PASSED] - Tapped on element 'Object Repository/Login Onboarding/PIN2'

2022-06-27 11:37:42 - [TEST_STEP][PASSED] - delay(2): Delayed 2 second(s)

2022-06-27 11:37:44 - [MESSAGE][PASSED] - Delayed 2 second(s)

2022-06-27 11:37:44 - [TEST_STEP][PASSED] - waitForElementPresent(findTestObject("Banking/m2uAccountTypeSelection", ["text":"MAE"]), 0): Element 'Object Repository/Banking/m2uAccountTypeSelection' is present

2022-06-27 11:37:44 - [MESSAGE][WARNING] - Timeout '0' is invalid. Using default page load timeout: '40'

2022-06-27 11:37:52 - [MESSAGE][PASSED] - Element 'Object Repository/Banking/m2uAccountTypeSelection' is present

2022-06-27 11:37:52 - [TEST_STEP][PASSED] - tap(findTestObject("Banking/m2uAccountTypeSelection", ["text":"MAE"]), 0): Tapped on element 'Object Repository/Banking/m2uAccountTypeSelection'

2022-06-27 11:37:52 - [MESSAGE][WARNING] - Timeout '0' is invalid. Using default page load timeout: '40'

2022-06-27 11:37:52 - [MESSAGE][PASSED] - Tapped on element 'Object Repository/Banking/m2uAccountTypeSelection'

2022-06-27 11:37:52 - [TEST_STEP][PASSED] - delay(5): Delayed 5 second(s)

2022-06-27 11:37:57 - [MESSAGE][PASSED] - Delayed 5 second(s)

2022-06-27 11:37:57 - [TEST_STEP][PASSED] - waitForElementPresent(findTestObject("Banking/m2uAccountPayBillsIconSelect"), 0): Element 'Object Repository/Banking/m2uAccountPayBillsIconSelect' is present

2022-06-27 11:37:57 - [MESSAGE][WARNING] - Timeout '0' is invalid. Using default page load timeout: '40'

2022-06-27 11:37:58 - [MESSAGE][PASSED] - Element 'Object Repository/Banking/m2uAccountPayBillsIconSelect' is present

2022-06-27 11:37:58 - [TEST_STEP][PASSED] - if (getDeviceManufacturer() == "samsung"): Device manufacturer is: 'Xiaomi'

2022-06-27 11:37:58 - [MESSAGE][PASSED] - Device manufacturer is: 'Xiaomi'

2022-06-27 11:37:58 - [TEST_STEP][PASSED] - else: Swiped from 900,1,245 to 300,1,245

2022-06-27 11:37:58 - [TEST_STEP][PASSED] - swipe(900, 1245, 300, 1245): Swiped from 900,1,245 to 300,1,245

2022-06-27 11:37:59 - [MESSAGE][PASSED] - Swiped from 900,1,245 to 300,1,245

2022-06-27 11:37:59 - [TEST_STEP][PASSED] - waitForElementPresent(findTestObject("Banking/m2uAccountERLIconSelect"), 0): Element 'Object Repository/Banking/m2uAccountERLIconSelect' is present

2022-06-27 11:37:59 - [MESSAGE][WARNING] - Timeout '0' is invalid. Using default page load timeout: '40'

2022-06-27 11:37:59 - [MESSAGE][PASSED] - Element 'Object Repository/Banking/m2uAccountERLIconSelect' is present

2022-06-27 11:37:59 - [TEST_STEP][PASSED] - tap(findTestObject("Banking/m2uAccountERLIconSelect"), 0): Tapped on element 'Object Repository/Banking/m2uAccountERLIconSelect'

2022-06-27 11:37:59 - [MESSAGE][WARNING] - Timeout '0' is invalid. Using default page load timeout: '40'

2022-06-27 11:38:00 - [MESSAGE][PASSED] - Tapped on element 'Object Repository/Banking/m2uAccountERLIconSelect'

2022-06-27 11:38:00 - [TEST_STEP][PASSED] - delay(3, CONTINUE_ON_FAILURE): Delayed 3 second(s)

2022-06-27 11:38:03 - [MESSAGE][PASSED] - Delayed 3 second(s)

2022-06-27 11:38:03 - [TEST_STEP][PASSED] - waitForElementPresent(findTestObject("KLIA/kliaExpressBuyTicketBtn"), 0): Element 'Object Repository/KLIA/kliaExpressBuyTicketBtn' is present

2022-06-27 11:38:03 - [MESSAGE][WARNING] - Timeout '0' is invalid. Using default page load timeout: '40'

2022-06-27 11:38:04 - [MESSAGE][PASSED] - Element 'Object Repository/KLIA/kliaExpressBuyTicketBtn' is present

2022-06-27 11:38:04 - [TEST_STEP][PASSED] - tap(findTestObject("KLIA/kliaExpressBuyTicketBtn"), 0): Tapped on element 'Object Repository/KLIA/kliaExpressBuyTicketBtn'

2022-06-27 11:38:04 - [MESSAGE][WARNING] - Timeout '0' is invalid. Using default page load timeout: '40'

2022-06-27 11:38:04 - [MESSAGE][PASSED] - Tapped on element 'Object Repository/KLIA/kliaExpressBuyTicketBtn'

2022-06-27 11:38:04 - [TEST_STEP][PASSED] - waitForElementPresent(findTestObject("KLIA/kliaExpressFromDropdownSelect"), 0): Element 'Object Repository/KLIA/kliaExpressFromDropdownSelect' is present

2022-06-27 11:38:04 - [MESSAGE][WARNING] - Timeout '0' is invalid. Using default page load timeout: '40'

2022-06-27 11:38:06 - [MESSAGE][PASSED] - Element 'Object Repository/KLIA/kliaExpressFromDropdownSelect' is present

2022-06-27 11:38:06 - [TEST_STEP][PASSED] - tap(findTestObject("KLIA/kliaExpressFromDropdownSelect"), 0): Tapped on element 'Object Repository/KLIA/kliaExpressFromDropdownSelect'

2022-06-27 11:38:06 - [MESSAGE][WARNING] - Timeout '0' is invalid. Using default page load timeout: '40'

2022-06-27 11:38:06 - [MESSAGE][PASSED] - Tapped on element 'Object Repository/KLIA/kliaExpressFromDropdownSelect'

2022-06-27 11:38:06 - [TEST_STEP][PASSED] - waitForElementPresent(findTestObject("KLIA/kliaExpressFromDropdownSelectKLIA"), 0): Element 'Object Repository/KLIA/kliaExpressFromDropdownSelectKLIA' is present

2022-06-27 11:38:06 - [MESSAGE][WARNING] - Timeout '0' is invalid. Using default page load timeout: '40'

2022-06-27 11:38:07 - [MESSAGE][PASSED] - Element 'Object Repository/KLIA/kliaExpressFromDropdownSelectKLIA' is present

2022-06-27 11:38:07 - [TEST_STEP][PASSED] - tap(findTestObject("KLIA/kliaExpressFromDropdownSelectKLIA"), 0): Tapped on element 'Object Repository/KLIA/kliaExpressFromDropdownSelectKLIA'

2022-06-27 11:38:07 - [MESSAGE][WARNING] - Timeout '0' is invalid. Using default page load timeout: '40'

2022-06-27 11:38:07 - [MESSAGE][PASSED] - Tapped on element 'Object Repository/KLIA/kliaExpressFromDropdownSelectKLIA'

2022-06-27 11:38:07 - [TEST_STEP][PASSED] - waitForElementPresent(findTestObject("Main/mainCalenderPickerDoneBtn"), 0): Element 'Object Repository/Main/mainCalenderPickerDoneBtn' is present

2022-06-27 11:38:07 - [MESSAGE][WARNING] - Timeout '0' is invalid. Using default page load timeout: '40'

2022-06-27 11:38:08 - [MESSAGE][PASSED] - Element 'Object Repository/Main/mainCalenderPickerDoneBtn' is present

2022-06-27 11:38:08 - [TEST_STEP][PASSED] - tap(findTestObject("Main/mainCalenderPickerDoneBtn"), 10): Tapped on element 'Object Repository/Main/mainCalenderPickerDoneBtn'

2022-06-27 11:38:08 - [MESSAGE][PASSED] - Tapped on element 'Object Repository/Main/mainCalenderPickerDoneBtn'

2022-06-27 11:38:08 - [TEST_STEP][PASSED] - waitForElementPresent(findTestObject("KLIA/kliaExpressToDropdownSelect"), 0): Element 'Object Repository/KLIA/kliaExpressToDropdownSelect' is present

2022-06-27 11:38:08 - [MESSAGE][WARNING] - Timeout '0' is invalid. Using default page load timeout: '40'

2022-06-27 11:38:09 - [MESSAGE][PASSED] - Element 'Object Repository/KLIA/kliaExpressToDropdownSelect' is present

2022-06-27 11:38:09 - [TEST_STEP][PASSED] - tap(findTestObject("KLIA/kliaExpressToDropdownSelect"), 0): Tapped on element 'Object Repository/KLIA/kliaExpressToDropdownSelect'

2022-06-27 11:38:09 - [MESSAGE][WARNING] - Timeout '0' is invalid. Using default page load timeout: '40'

2022-06-27 11:38:09 - [MESSAGE][PASSED] - Tapped on element 'Object Repository/KLIA/kliaExpressToDropdownSelect'

2022-06-27 11:38:09 - [TEST_STEP][PASSED] - delay(3): Delayed 3 second(s)

2022-06-27 11:38:12 - [MESSAGE][PASSED] - Delayed 3 second(s)

2022-06-27 11:38:12 - [TEST_STEP][PASSED] - waitForElementPresent(findTestObject("KLIA/kliaExpressToDropdownSelectKLSentral"), 0): Element 'Object Repository/KLIA/kliaExpressToDropdownSelectKLSentral' is present

2022-06-27 11:38:12 - [MESSAGE][WARNING] - Timeout '0' is invalid. Using default page load timeout: '40'

2022-06-27 11:38:13 - [MESSAGE][PASSED] - Element 'Object Repository/KLIA/kliaExpressToDropdownSelectKLSentral' is present

2022-06-27 11:38:13 - [TEST_STEP][PASSED] - tap(findTestObject("KLIA/kliaExpressToDropdownSelectKLSentral"), 0): Tapped on element 'Object Repository/KLIA/kliaExpressToDropdownSelectKLSentral'

2022-06-27 11:38:13 - [MESSAGE][WARNING] - Timeout '0' is invalid. Using default page load timeout: '40'

2022-06-27 11:38:13 - [MESSAGE][PASSED] - Tapped on element 'Object Repository/KLIA/kliaExpressToDropdownSelectKLSentral'

2022-06-27 11:38:13 - [TEST_STEP][PASSED] - waitForElementPresent(findTestObject("Main/mainCalenderPickerDoneBtn"), 0): Element 'Object Repository/Main/mainCalenderPickerDoneBtn' is present

2022-06-27 11:38:13 - [MESSAGE][WARNING] - Timeout '0' is invalid. Using default page load timeout: '40'

2022-06-27 11:38:13 - [MESSAGE][PASSED] - Element 'Object Repository/Main/mainCalenderPickerDoneBtn' is present

2022-06-27 11:38:13 - [TEST_STEP][PASSED] - tap(findTestObject("Main/mainCalenderPickerDoneBtn"), 10): Tapped on element 'Object Repository/Main/mainCalenderPickerDoneBtn'

2022-06-27 11:38:13 - [MESSAGE][PASSED] - Tapped on element 'Object Repository/Main/mainCalenderPickerDoneBtn'

2022-06-27 11:38:13 - [TEST_STEP][PASSED] - waitForElementPresent(findTestObject("Login Onboarding/loginExistingContinueBtn"), 0): Element 'Object Repository/Login Onboarding/loginExistingContinueBtn' is present

2022-06-27 11:38:13 - [MESSAGE][WARNING] - Timeout '0' is invalid. Using default page load timeout: '40'

2022-06-27 11:38:14 - [MESSAGE][PASSED] - Element 'Object Repository/Login Onboarding/loginExistingContinueBtn' is present

2022-06-27 11:38:14 - [TEST_STEP][PASSED] - tap(findTestObject("Login Onboarding/loginExistingContinueBtn"), 0): Tapped on element 'Object Repository/Login Onboarding/loginExistingContinueBtn'

2022-06-27 11:38:14 - [MESSAGE][WARNING] - Timeout '0' is invalid. Using default page load timeout: '40'

2022-06-27 11:38:14 - [MESSAGE][PASSED] - Tapped on element 'Object Repository/Login Onboarding/loginExistingContinueBtn'

2022-06-27 11:38:14 - [TEST_STEP][PASSED] - waitForElementPresent(findTestObject("KLIA/kliaExpressEnterDateSelectField"), 0): Element 'Object Repository/KLIA/kliaExpressEnterDateSelectField' is present

2022-06-27 11:38:14 - [MESSAGE][WARNING] - Timeout '0' is invalid. Using default page load timeout: '40'

2022-06-27 11:38:16 - [MESSAGE][PASSED] - Element 'Object Repository/KLIA/kliaExpressEnterDateSelectField' is present

2022-06-27 11:38:16 - [TEST_STEP][PASSED] - tap(findTestObject("KLIA/kliaExpressEnterDateSelectField"), 10): Tapped on element 'Object Repository/KLIA/kliaExpressEnterDateSelectField'

2022-06-27 11:38:16 - [MESSAGE][PASSED] - Tapped on element 'Object Repository/KLIA/kliaExpressEnterDateSelectField'

2022-06-27 11:38:16 - [TEST_STEP][PASSED] - waitForElementPresent(findTestObject("Main/mainCalenderPickerNextBtn"), 0): Element 'Object Repository/Main/mainCalenderPickerNextBtn' is present

2022-06-27 11:38:16 - [MESSAGE][WARNING] - Timeout '0' is invalid. Using default page load timeout: '40'

2022-06-27 11:38:18 - [MESSAGE][PASSED] - Element 'Object Repository/Main/mainCalenderPickerNextBtn' is present

2022-06-27 11:38:18 - [TEST_STEP][PASSED] - tap(findTestObject("Main/mainCalenderPickerNextBtn"), 0): Tapped on element 'Object Repository/Main/mainCalenderPickerNextBtn'

2022-06-27 11:38:18 - [MESSAGE][WARNING] - Timeout '0' is invalid. Using default page load timeout: '40'

2022-06-27 11:38:18 - [MESSAGE][PASSED] - Tapped on element 'Object Repository/Main/mainCalenderPickerNextBtn'

2022-06-27 11:38:18 - [TEST_STEP][PASSED] - delay(3): Delayed 3 second(s)

2022-06-27 11:38:21 - [MESSAGE][PASSED] - Delayed 3 second(s)

2022-06-27 11:38:21 - [TEST_STEP][PASSED] - waitForElementPresent(findTestObject("Main/mainDatePicker1"), 0): Element 'Object Repository/Main/mainDatePicker1' is present

2022-06-27 11:38:21 - [MESSAGE][WARNING] - Timeout '0' is invalid. Using default page load timeout: '40'

2022-06-27 11:38:22 - [MESSAGE][PASSED] - Element 'Object Repository/Main/mainDatePicker1' is present

2022-06-27 11:38:22 - [TEST_STEP][PASSED] - tap(findTestObject("Main/mainDatePicker1"), 0): Tapped on element 'Object Repository/Main/mainDatePicker1'

2022-06-27 11:38:22 - [MESSAGE][WARNING] - Timeout '0' is invalid. Using default page load timeout: '40'

2022-06-27 11:38:22 - [MESSAGE][PASSED] - Tapped on element 'Object Repository/Main/mainDatePicker1'

2022-06-27 11:38:22 - [TEST_STEP][PASSED] - waitForElementPresent(findTestObject("Main/mainCalenderPickerDoneBtn"), 0): Element 'Object Repository/Main/mainCalenderPickerDoneBtn' is present

2022-06-27 11:38:22 - [MESSAGE][WARNING] - Timeout '0' is invalid. Using default page load timeout: '40'

2022-06-27 11:38:22 - [MESSAGE][PASSED] - Element 'Object Repository/Main/mainCalenderPickerDoneBtn' is present

2022-06-27 11:38:22 - [TEST_STEP][PASSED] - tap(findTestObject("Main/mainCalenderPickerDoneBtn"), 0): Tapped on element 'Object Repository/Main/mainCalenderPickerDoneBtn'

2022-06-27 11:38:23 - [MESSAGE][WARNING] - Timeout '0' is invalid. Using default page load timeout: '40'

2022-06-27 11:38:23 - [MESSAGE][PASSED] - Tapped on element 'Object Repository/Main/mainCalenderPickerDoneBtn'

2022-06-27 11:38:23 - [TEST_STEP][PASSED] - delay(3): Delayed 3 second(s)

2022-06-27 11:38:26 - [MESSAGE][PASSED] - Delayed 3 second(s)

2022-06-27 11:38:26 - [TEST_STEP][PASSED] - scrollToText("Return Trip", STOP_ON_FAILURE): Scrolling to text 'Return Trip' successfully

2022-06-27 11:38:29 - [MESSAGE][PASSED] - Scrolling to text 'Return Trip' successfully

2022-06-27 11:38:29 - [TEST_STEP][PASSED] - tap(findTestObject("KLIA/kliaExpressSingleTripSelect"), 0): Tapped on element 'Object Repository/KLIA/kliaExpressSingleTripSelect'

2022-06-27 11:38:29 - [MESSAGE][WARNING] - Timeout '0' is invalid. Using default page load timeout: '40'

2022-06-27 11:38:29 - [MESSAGE][PASSED] - Tapped on element 'Object Repository/KLIA/kliaExpressSingleTripSelect'

2022-06-27 11:38:29 - [TEST_STEP][PASSED] - tap(findTestObject("Login Onboarding/loginExistingContinueBtn"), 0): Tapped on element 'Object Repository/Login Onboarding/loginExistingContinueBtn'

2022-06-27 11:38:30 - [MESSAGE][WARNING] - Timeout '0' is invalid. Using default page load timeout: '40'

2022-06-27 11:38:30 - [MESSAGE][PASSED] - Tapped on element 'Object Repository/Login Onboarding/loginExistingContinueBtn'

2022-06-27 11:38:30 - [TEST_STEP][PASSED] - delay(3): Delayed 3 second(s)

2022-06-27 11:38:33 - [MESSAGE][PASSED] - Delayed 3 second(s)

2022-06-27 11:38:33 - [TEST_STEP][PASSED] - tap(findTestObject("Login Onboarding/loginExistingContinueBtn"), 0): Tapped on element 'Object Repository/Login Onboarding/loginExistingContinueBtn'

2022-06-27 11:38:33 - [MESSAGE][WARNING] - Timeout '0' is invalid. Using default page load timeout: '40'

2022-06-27 11:38:34 - [MESSAGE][PASSED] - Tapped on element 'Object Repository/Login Onboarding/loginExistingContinueBtn'

2022-06-27 11:38:34 - [TEST_STEP][PASSED] - if (verifyElementVisible(findTestObject("KLIA/ticketingEnterPasswordTxt"), 10, OPTIONAL)): null

2022-06-27 11:38:38 - [MESSAGE][PASSED] - Element 'Object Repository/KLIA/ticketingEnterPasswordTxt' is visible

2022-06-27 11:38:38 - [TEST_STEP][PASSED] - setText(findTestObject("KLIA/ticketingInputPaswordField"), Password, 0): Text 'pass1234' has been set to element 'Object Repository/KLIA/ticketingInputPaswordField'

2022-06-27 11:38:38 - [MESSAGE][WARNING] - Timeout '0' is invalid. Using default page load timeout: '40'

2022-06-27 11:38:39 - [MESSAGE][PASSED] - Text 'pass1234' has been set to element 'Object Repository/KLIA/ticketingInputPaswordField'

2022-06-27 11:38:39 - [TEST_STEP][PASSED] - hideKeyboard(): Keyboard is hidden

2022-06-27 11:38:44 - [MESSAGE][PASSED] - Keyboard is hidden

2022-06-27 11:38:44 - [TEST_STEP][PASSED] - tap(findTestObject("KLIA/ticketingKLIASignInContinueBtn"), 0): Tapped on element 'Object Repository/KLIA/ticketingKLIASignInContinueBtn'

2022-06-27 11:38:44 - [MESSAGE][WARNING] - Timeout '0' is invalid. Using default page load timeout: '40'

2022-06-27 11:38:44 - [MESSAGE][PASSED] - Tapped on element 'Object Repository/KLIA/ticketingKLIASignInContinueBtn'

2022-06-27 11:38:44 - [TEST_STEP][PASSED] - delay(10): Delayed 10 second(s)

2022-06-27 11:38:54 - [MESSAGE][PASSED] - Delayed 10 second(s)

2022-06-27 11:38:54 - [TEST_STEP][PASSED] - waitForElementPresent(findTestObject("KLIA/kliaExpressPayNowBtn"), 0): Element 'Object Repository/KLIA/kliaExpressPayNowBtn' is present

2022-06-27 11:38:54 - [MESSAGE][WARNING] - Timeout '0' is invalid. Using default page load timeout: '40'

2022-06-27 11:39:24 - [MESSAGE][PASSED] - Element 'Object Repository/KLIA/kliaExpressPayNowBtn' is present

2022-06-27 11:39:24 - [TEST_STEP][PASSED] - tap(findTestObject("KLIA/kliaExpressPayNowBtn"), 0): Tapped on element 'Object Repository/KLIA/kliaExpressPayNowBtn'

2022-06-27 11:39:24 - [MESSAGE][WARNING] - Timeout '0' is invalid. Using default page load timeout: '40'

2022-06-27 11:39:25 - [MESSAGE][PASSED] - Tapped on element 'Object Repository/KLIA/kliaExpressPayNowBtn'

2022-06-27 11:39:25 - [TEST_STEP][PASSED] - delay(2): Delayed 2 second(s)

2022-06-27 11:39:27 - [MESSAGE][PASSED] - Delayed 2 second(s)

2022-06-27 11:39:27 - [TEST_STEP][PASSED] - if (verifyElementVisible(findTestObject("Festive Season/festiveReturnAngpaoTACNoTxt"), 10, OPTIONAL)): Element 'Object Repository/Festive Season/festiveReturnAngpaoTACNoTxt' not found

2022-06-27 11:39:37 - [MESSAGE][WARNING] - Element 'Object Repository/Festive Season/festiveReturnAngpaoTACNoTxt' not found

2022-06-27 11:39:37 - [TEST_STEP][PASSED] - else: Tapped on element 'Object Repository/Main/mainS2UApproveBtn'

2022-06-27 11:39:37 - [TEST_STEP][PASSED] - delay(5): Delayed 5 second(s)

2022-06-27 11:39:42 - [MESSAGE][PASSED] - Delayed 5 second(s)

2022-06-27 11:39:42 - [TEST_STEP][PASSED] - verifyElementVisible(findTestObject("Main/mainS2UApproveBtn"), 10): Element 'Object Repository/Main/mainS2UApproveBtn' is visible

2022-06-27 11:39:42 - [MESSAGE][PASSED] - Element 'Object Repository/Main/mainS2UApproveBtn' is visible

2022-06-27 11:39:42 - [TEST_STEP][PASSED] - tap(findTestObject("Main/mainS2UApproveBtn"), 0): Tapped on element 'Object Repository/Main/mainS2UApproveBtn'

2022-06-27 11:39:42 - [MESSAGE][WARNING] - Timeout '0' is invalid. Using default page load timeout: '40'

2022-06-27 11:39:42 - [MESSAGE][PASSED] - Tapped on element 'Object Repository/Main/mainS2UApproveBtn'

2022-06-27 11:39:42 - [TEST_STEP][PASSED] - delay(2): Delayed 2 second(s)

2022-06-27 11:39:44 - [MESSAGE][PASSED] - Delayed 2 second(s)

2022-06-27 11:39:44 - [TEST_STEP][PASSED] - verifyElementVisible(findTestObject("Main/mainDoneBtn"), 0): Element 'Object Repository/Main/mainDoneBtn' is visible

2022-06-27 11:39:44 - [MESSAGE][WARNING] - Timeout '0' is invalid. Using default page load timeout: '40'

2022-06-27 11:39:57 - [MESSAGE][PASSED] - Element 'Object Repository/Main/mainDoneBtn' is visible

2022-06-27 11:39:57 - [TEST_STEP][PASSED] - takeScreenshot("/Users/a00139272/Desktop/Screenshot/KLIATicket.png"): Screenshot is taken

2022-06-27 11:39:57 - [MESSAGE][PASSED] - Screenshot is taken
[[ATTACHMENT|/Users/a00139272/Desktop/Screenshot/KLIATicket.png]]

2022-06-27 11:39:57 - [TEST_STEP][PASSED] - tap(findTestObject("Main/mainDoneBtn"), 0): Tapped on element 'Object Repository/Main/mainDoneBtn'

2022-06-27 11:39:57 - [MESSAGE][WARNING] - Timeout '0' is invalid. Using default page load timeout: '40'

2022-06-27 11:39:58 - [MESSAGE][PASSED] - Tapped on element 'Object Repository/Main/mainDoneBtn'

2022-06-27 11:39:58 - [TEST_STEP][PASSED] - delay(5): Delayed 5 second(s)

2022-06-27 11:40:03 - [MESSAGE][PASSED] - Delayed 5 second(s)]]></system-out>
         <system-err><![CDATA[]]></system-err>
      </testcase>
      <testcase name="Test Cases/Tabung/tabung_createTabungCreatorOnly" time="196.267" classname="Test Cases/Tabung/tabung_createTabungCreatorOnly" status="PASSED">
         <system-out><![CDATA[2022-06-27 11:40:03 - [TEST_CASE][PASSED] - Test Cases/Tabung/tabung_createTabungCreatorOnly: Test Cases/Tabung/tabung_createTabungCreatorOnly

2022-06-27 11:40:03 - [TEST_STEP][PASSED] - setMobileDriverPreferencesProperty("appPackage", "com.maybank2u.life.sit"): null

2022-06-27 11:40:03 - [TEST_STEP][PASSED] - setMobileDriverPreferencesProperty("appActivity", "com.maybank2u.life.MainActivity"): null

2022-06-27 11:40:03 - [TEST_STEP][PASSED] - startApplication(appPath, false): Started app at: '/Users/a00139272/Katalon Studio/MAE/androidapp/app-dev-universal-release (1).apk'

2022-06-27 11:40:03 - [MESSAGE][INFO] - User set preference: ['appWaitActivity', '*']

2022-06-27 11:40:03 - [MESSAGE][INFO] - User set preference: ['deviceId', '002b9cc60508']

2022-06-27 11:40:03 - [MESSAGE][INFO] - User set preference: ['appPackage', 'com.maybank2u.life.sit']

2022-06-27 11:40:03 - [MESSAGE][INFO] - User set preference: ['appActivity', 'com.maybank2u.life.MainActivity']

2022-06-27 11:40:12 - [MESSAGE][PASSED] - Started app at: '/Users/a00139272/Katalon Studio/MAE/androidapp/app-dev-universal-release (1).apk'

2022-06-27 11:40:12 - [TEST_STEP][PASSED] - verifyElementExist(findTestObject("Object Repository/Dashboard/dashboardWalletTopSelect"), 0): Element 'Object Repository/Dashboard/dashboardWalletTopSelect' is exist

2022-06-27 11:40:12 - [MESSAGE][WARNING] - Timeout '0' is invalid. Using default page load timeout: '40'

2022-06-27 11:40:17 - [MESSAGE][PASSED] - Element 'Object Repository/Dashboard/dashboardWalletTopSelect' is exist

2022-06-27 11:40:17 - [TEST_STEP][PASSED] - verifyElementExist(findTestObject("Object Repository/Dashboard/dashboardQuickActionsTitleTxt"), 0): Element 'Object Repository/Dashboard/dashboardQuickActionsTitleTxt' is exist

2022-06-27 11:40:17 - [MESSAGE][WARNING] - Timeout '0' is invalid. Using default page load timeout: '40'

2022-06-27 11:40:17 - [MESSAGE][PASSED] - Element 'Object Repository/Dashboard/dashboardQuickActionsTitleTxt' is exist

2022-06-27 11:40:17 - [TEST_STEP][PASSED] - delay(5): Delayed 5 second(s)

2022-06-27 11:40:22 - [MESSAGE][PASSED] - Delayed 5 second(s)

2022-06-27 11:40:22 - [TEST_STEP][PASSED] - device_Height = getDeviceHeight(): Current device physical height is 2167

2022-06-27 11:40:23 - [MESSAGE][PASSED] - Current device physical height is 2167

2022-06-27 11:40:23 - [TEST_STEP][PASSED] - device_Width = getDeviceWidth(): Current device physical width is 1080

2022-06-27 11:40:23 - [MESSAGE][PASSED] - Current device physical width is 1080

2022-06-27 11:40:23 - [TEST_STEP][PASSED] - startX = device_Width / 1.25: null

2022-06-27 11:40:23 - [TEST_STEP][PASSED] - startY = device_Height * 0.97: null

2022-06-27 11:40:23 - [TEST_STEP][PASSED] - tapAtPosition(startX, startY): Tapped at [864, 2,101]

2022-06-27 11:40:23 - [MESSAGE][PASSED] - Tapped at [864, 2,101]

2022-06-27 11:40:23 - [TEST_STEP][PASSED] - tap(findTestObject("Object Repository/Settings/new_settings_moreMainBtn"), 0): Tapped on element 'Object Repository/Settings/new_settings_moreMainBtn'

2022-06-27 11:40:23 - [MESSAGE][WARNING] - Timeout '0' is invalid. Using default page load timeout: '40'

2022-06-27 11:40:25 - [MESSAGE][PASSED] - Tapped on element 'Object Repository/Settings/new_settings_moreMainBtn'

2022-06-27 11:40:25 - [TEST_STEP][PASSED] - waitForElementPresent(findTestObject("Main/moreTabungIconSelect"), 0): Element 'Object Repository/Main/moreTabungIconSelect' is present

2022-06-27 11:40:25 - [MESSAGE][WARNING] - Timeout '0' is invalid. Using default page load timeout: '40'

2022-06-27 11:40:25 - [MESSAGE][PASSED] - Element 'Object Repository/Main/moreTabungIconSelect' is present

2022-06-27 11:40:25 - [TEST_STEP][PASSED] - tap(findTestObject("Main/moreTabungIconSelect"), 0): Tapped on element 'Object Repository/Main/moreTabungIconSelect'

2022-06-27 11:40:25 - [MESSAGE][WARNING] - Timeout '0' is invalid. Using default page load timeout: '40'

2022-06-27 11:40:26 - [MESSAGE][PASSED] - Tapped on element 'Object Repository/Main/moreTabungIconSelect'

2022-06-27 11:40:26 - [TEST_STEP][PASSED] - if (verifyElementVisible(findTestObject("Main/mainEnterPINMessage"), 0, OPTIONAL)): null

2022-06-27 11:40:26 - [MESSAGE][WARNING] - Timeout '0' is invalid. Using default page load timeout: '40'

2022-06-27 11:40:29 - [MESSAGE][PASSED] - Element 'Object Repository/Main/mainEnterPINMessage' is visible

2022-06-27 11:40:29 - [TEST_STEP][PASSED] - tap(findTestObject("Login Onboarding/PIN1"), 0): Tapped on element 'Object Repository/Login Onboarding/PIN1'

2022-06-27 11:40:29 - [MESSAGE][WARNING] - Timeout '0' is invalid. Using default page load timeout: '40'

2022-06-27 11:40:29 - [MESSAGE][PASSED] - Tapped on element 'Object Repository/Login Onboarding/PIN1'

2022-06-27 11:40:29 - [TEST_STEP][PASSED] - tap(findTestObject("Login Onboarding/PIN1"), 0): Tapped on element 'Object Repository/Login Onboarding/PIN1'

2022-06-27 11:40:29 - [MESSAGE][WARNING] - Timeout '0' is invalid. Using default page load timeout: '40'

2022-06-27 11:40:31 - [MESSAGE][PASSED] - Tapped on element 'Object Repository/Login Onboarding/PIN1'

2022-06-27 11:40:31 - [TEST_STEP][PASSED] - tap(findTestObject("Login Onboarding/PIN1"), 0): Tapped on element 'Object Repository/Login Onboarding/PIN1'

2022-06-27 11:40:31 - [MESSAGE][WARNING] - Timeout '0' is invalid. Using default page load timeout: '40'

2022-06-27 11:40:33 - [MESSAGE][PASSED] - Tapped on element 'Object Repository/Login Onboarding/PIN1'

2022-06-27 11:40:33 - [TEST_STEP][PASSED] - tap(findTestObject("Login Onboarding/PIN1"), 0): Tapped on element 'Object Repository/Login Onboarding/PIN1'

2022-06-27 11:40:33 - [MESSAGE][WARNING] - Timeout '0' is invalid. Using default page load timeout: '40'

2022-06-27 11:40:34 - [MESSAGE][PASSED] - Tapped on element 'Object Repository/Login Onboarding/PIN1'

2022-06-27 11:40:34 - [TEST_STEP][PASSED] - tap(findTestObject("Login Onboarding/PIN1"), 0): Tapped on element 'Object Repository/Login Onboarding/PIN1'

2022-06-27 11:40:34 - [MESSAGE][WARNING] - Timeout '0' is invalid. Using default page load timeout: '40'

2022-06-27 11:40:36 - [MESSAGE][PASSED] - Tapped on element 'Object Repository/Login Onboarding/PIN1'

2022-06-27 11:40:36 - [TEST_STEP][PASSED] - tap(findTestObject("Login Onboarding/PIN2"), 0): Tapped on element 'Object Repository/Login Onboarding/PIN2'

2022-06-27 11:40:36 - [MESSAGE][WARNING] - Timeout '0' is invalid. Using default page load timeout: '40'

2022-06-27 11:40:38 - [MESSAGE][PASSED] - Tapped on element 'Object Repository/Login Onboarding/PIN2'

2022-06-27 11:40:38 - [TEST_STEP][PASSED] - delay(2): Delayed 2 second(s)

2022-06-27 11:40:40 - [MESSAGE][PASSED] - Delayed 2 second(s)

2022-06-27 11:40:40 - [TEST_STEP][PASSED] - waitForElementPresent(findTestObject("Tabung/tabungCreateTabungBtn"), 0): Element 'Object Repository/Tabung/tabungCreateTabungBtn' is present

2022-06-27 11:40:40 - [MESSAGE][WARNING] - Timeout '0' is invalid. Using default page load timeout: '40'

2022-06-27 11:40:51 - [MESSAGE][PASSED] - Element 'Object Repository/Tabung/tabungCreateTabungBtn' is present

2022-06-27 11:40:51 - [TEST_STEP][PASSED] - tap(findTestObject("Tabung/tabungCreateTabungBtn"), 0): Tapped on element 'Object Repository/Tabung/tabungCreateTabungBtn'

2022-06-27 11:40:51 - [MESSAGE][WARNING] - Timeout '0' is invalid. Using default page load timeout: '40'

2022-06-27 11:40:51 - [MESSAGE][PASSED] - Tapped on element 'Object Repository/Tabung/tabungCreateTabungBtn'

2022-06-27 11:40:51 - [TEST_STEP][PASSED] - delay(2): Delayed 2 second(s)

2022-06-27 11:40:53 - [MESSAGE][PASSED] - Delayed 2 second(s)

2022-06-27 11:40:53 - [TEST_STEP][PASSED] - tap(findTestObject("Tabung/tabungCreateTravelSelect"), 0): Tapped on element 'Object Repository/Tabung/tabungCreateTravelSelect'

2022-06-27 11:40:53 - [MESSAGE][WARNING] - Timeout '0' is invalid. Using default page load timeout: '40'

2022-06-27 11:40:54 - [MESSAGE][PASSED] - Tapped on element 'Object Repository/Tabung/tabungCreateTravelSelect'

2022-06-27 11:40:54 - [TEST_STEP][PASSED] - setText(findTestObject("Tabung/tabungNameInputField"), tabungName, 0): Text 'Switzerland' has been set to element 'Object Repository/Tabung/tabungNameInputField'

2022-06-27 11:40:54 - [MESSAGE][WARNING] - Timeout '0' is invalid. Using default page load timeout: '40'

2022-06-27 11:40:57 - [MESSAGE][PASSED] - Text 'Switzerland' has been set to element 'Object Repository/Tabung/tabungNameInputField'

2022-06-27 11:40:57 - [TEST_STEP][PASSED] - hideKeyboard(): Keyboard is hidden

2022-06-27 11:40:58 - [MESSAGE][PASSED] - Keyboard is hidden

2022-06-27 11:40:58 - [TEST_STEP][PASSED] - tap(findTestObject("Login Onboarding/loginExistingContinueBtn"), 0): Tapped on element 'Object Repository/Login Onboarding/loginExistingContinueBtn'

2022-06-27 11:40:58 - [MESSAGE][WARNING] - Timeout '0' is invalid. Using default page load timeout: '40'

2022-06-27 11:40:58 - [MESSAGE][PASSED] - Tapped on element 'Object Repository/Login Onboarding/loginExistingContinueBtn'

2022-06-27 11:40:58 - [TEST_STEP][PASSED] - tap(findTestObject("Login Onboarding/PIN1"), 0): Tapped on element 'Object Repository/Login Onboarding/PIN1'

2022-06-27 11:40:58 - [MESSAGE][WARNING] - Timeout '0' is invalid. Using default page load timeout: '40'

2022-06-27 11:41:00 - [MESSAGE][PASSED] - Tapped on element 'Object Repository/Login Onboarding/PIN1'

2022-06-27 11:41:00 - [TEST_STEP][PASSED] - delay(2): Delayed 2 second(s)

2022-06-27 11:41:02 - [MESSAGE][PASSED] - Delayed 2 second(s)

2022-06-27 11:41:02 - [TEST_STEP][PASSED] - tap(findTestObject("Tabung/tabungAmountTickBtn"), 0): Tapped on element 'Object Repository/Tabung/tabungAmountTickBtn'

2022-06-27 11:41:02 - [MESSAGE][WARNING] - Timeout '0' is invalid. Using default page load timeout: '40'

2022-06-27 11:41:03 - [MESSAGE][PASSED] - Tapped on element 'Object Repository/Tabung/tabungAmountTickBtn'

2022-06-27 11:41:03 - [TEST_STEP][PASSED] - delay(2): Delayed 2 second(s)

2022-06-27 11:41:05 - [MESSAGE][PASSED] - Delayed 2 second(s)

2022-06-27 11:41:05 - [TEST_STEP][PASSED] - tap(findTestObject("Login Onboarding/PIN0"), 0): Tapped on element 'Object Repository/Login Onboarding/PIN0'

2022-06-27 11:41:05 - [MESSAGE][WARNING] - Timeout '0' is invalid. Using default page load timeout: '40'

2022-06-27 11:41:05 - [MESSAGE][PASSED] - Tapped on element 'Object Repository/Login Onboarding/PIN0'

2022-06-27 11:41:05 - [TEST_STEP][PASSED] - tap(findTestObject("Login Onboarding/PIN0"), 0): Tapped on element 'Object Repository/Login Onboarding/PIN0'

2022-06-27 11:41:05 - [MESSAGE][WARNING] - Timeout '0' is invalid. Using default page load timeout: '40'

2022-06-27 11:41:06 - [MESSAGE][PASSED] - Tapped on element 'Object Repository/Login Onboarding/PIN0'

2022-06-27 11:41:06 - [TEST_STEP][PASSED] - tap(findTestObject("Login Onboarding/PIN0"), 0): Tapped on element 'Object Repository/Login Onboarding/PIN0'

2022-06-27 11:41:06 - [MESSAGE][WARNING] - Timeout '0' is invalid. Using default page load timeout: '40'

2022-06-27 11:41:07 - [MESSAGE][PASSED] - Tapped on element 'Object Repository/Login Onboarding/PIN0'

2022-06-27 11:41:07 - [TEST_STEP][PASSED] - delay(2): Delayed 2 second(s)

2022-06-27 11:41:09 - [MESSAGE][PASSED] - Delayed 2 second(s)

2022-06-27 11:41:09 - [TEST_STEP][PASSED] - tap(findTestObject("Tabung/tabungCreateAmountTickBtn"), 0): Tapped on element 'Object Repository/Tabung/tabungCreateAmountTickBtn'

2022-06-27 11:41:09 - [MESSAGE][WARNING] - Timeout '0' is invalid. Using default page load timeout: '40'

2022-06-27 11:41:09 - [MESSAGE][PASSED] - Tapped on element 'Object Repository/Tabung/tabungCreateAmountTickBtn'

2022-06-27 11:41:09 - [TEST_STEP][PASSED] - tap(findTestObject("Tabung/tabungSelectStartDateField"), 0): Tapped on element 'Object Repository/Tabung/tabungSelectStartDateField'

2022-06-27 11:41:09 - [MESSAGE][WARNING] - Timeout '0' is invalid. Using default page load timeout: '40'

2022-06-27 11:41:11 - [MESSAGE][PASSED] - Tapped on element 'Object Repository/Tabung/tabungSelectStartDateField'

2022-06-27 11:41:11 - [TEST_STEP][PASSED] - tap(findTestObject("Tabung/tabungDatePickerSelect"), 0): Tapped on element 'Object Repository/Tabung/tabungDatePickerSelect'

2022-06-27 11:41:11 - [MESSAGE][WARNING] - Timeout '0' is invalid. Using default page load timeout: '40'

2022-06-27 11:41:13 - [MESSAGE][PASSED] - Tapped on element 'Object Repository/Tabung/tabungDatePickerSelect'

2022-06-27 11:41:13 - [TEST_STEP][PASSED] - tap(findTestObject("Main/mainCalenderPickerDoneBtn"), 0): Tapped on element 'Object Repository/Main/mainCalenderPickerDoneBtn'

2022-06-27 11:41:13 - [MESSAGE][WARNING] - Timeout '0' is invalid. Using default page load timeout: '40'

2022-06-27 11:41:13 - [MESSAGE][PASSED] - Tapped on element 'Object Repository/Main/mainCalenderPickerDoneBtn'

2022-06-27 11:41:13 - [TEST_STEP][PASSED] - delay(2): Delayed 2 second(s)

2022-06-27 11:41:15 - [MESSAGE][PASSED] - Delayed 2 second(s)

2022-06-27 11:41:15 - [TEST_STEP][PASSED] - tap(findTestObject("Tabung/tabungContinueBtn"), 0): Tapped on element 'Object Repository/Tabung/tabungContinueBtn'

2022-06-27 11:41:15 - [MESSAGE][WARNING] - Timeout '0' is invalid. Using default page load timeout: '40'

2022-06-27 11:41:15 - [MESSAGE][PASSED] - Tapped on element 'Object Repository/Tabung/tabungContinueBtn'

2022-06-27 11:41:15 - [TEST_STEP][PASSED] - tap(findTestObject("Tabung/tabungSelectEndDateField"), 0): Tapped on element 'Object Repository/Tabung/tabungSelectEndDateField'

2022-06-27 11:41:16 - [MESSAGE][WARNING] - Timeout '0' is invalid. Using default page load timeout: '40'

2022-06-27 11:41:17 - [MESSAGE][PASSED] - Tapped on element 'Object Repository/Tabung/tabungSelectEndDateField'

2022-06-27 11:41:17 - [TEST_STEP][PASSED] - tap(findTestObject("Tabung/tabungCalendarPickerNextBtn"), 0): Tapped on element 'Object Repository/Tabung/tabungCalendarPickerNextBtn'

2022-06-27 11:41:17 - [MESSAGE][WARNING] - Timeout '0' is invalid. Using default page load timeout: '40'

2022-06-27 11:41:19 - [MESSAGE][PASSED] - Tapped on element 'Object Repository/Tabung/tabungCalendarPickerNextBtn'

2022-06-27 11:41:19 - [TEST_STEP][PASSED] - tap(findTestObject("Tabung/tabungDatePickerSelect"), 0): Tapped on element 'Object Repository/Tabung/tabungDatePickerSelect'

2022-06-27 11:41:19 - [MESSAGE][WARNING] - Timeout '0' is invalid. Using default page load timeout: '40'

2022-06-27 11:41:20 - [MESSAGE][PASSED] - Tapped on element 'Object Repository/Tabung/tabungDatePickerSelect'

2022-06-27 11:41:20 - [TEST_STEP][PASSED] - tap(findTestObject("Main/mainCalenderPickerDoneBtn"), 0): Tapped on element 'Object Repository/Main/mainCalenderPickerDoneBtn'

2022-06-27 11:41:20 - [MESSAGE][WARNING] - Timeout '0' is invalid. Using default page load timeout: '40'

2022-06-27 11:41:21 - [MESSAGE][PASSED] - Tapped on element 'Object Repository/Main/mainCalenderPickerDoneBtn'

2022-06-27 11:41:21 - [TEST_STEP][PASSED] - delay(2): Delayed 2 second(s)

2022-06-27 11:41:23 - [MESSAGE][PASSED] - Delayed 2 second(s)

2022-06-27 11:41:23 - [TEST_STEP][PASSED] - tap(findTestObject("Tabung/tabungContinueBtn"), 0): Tapped on element 'Object Repository/Tabung/tabungContinueBtn'

2022-06-27 11:41:23 - [MESSAGE][WARNING] - Timeout '0' is invalid. Using default page load timeout: '40'

2022-06-27 11:41:23 - [MESSAGE][PASSED] - Tapped on element 'Object Repository/Tabung/tabungContinueBtn'

2022-06-27 11:41:23 - [TEST_STEP][PASSED] - if (verifyElementVisible(findTestObject("Tabung/tabungEnterPasswordTxt"), 0, OPTIONAL)): null

2022-06-27 11:41:23 - [MESSAGE][WARNING] - Timeout '0' is invalid. Using default page load timeout: '40'

2022-06-27 11:41:29 - [MESSAGE][PASSED] - Element 'Object Repository/Tabung/tabungEnterPasswordTxt' is visible

2022-06-27 11:41:29 - [TEST_STEP][PASSED] - setText(findTestObject("Tabung/tabungSignInInputPasswordField"), Password, 0): Text 'pass1234' has been set to element 'Object Repository/Tabung/tabungSignInInputPasswordField'

2022-06-27 11:41:29 - [MESSAGE][WARNING] - Timeout '0' is invalid. Using default page load timeout: '40'

2022-06-27 11:41:30 - [MESSAGE][PASSED] - Text 'pass1234' has been set to element 'Object Repository/Tabung/tabungSignInInputPasswordField'

2022-06-27 11:41:30 - [TEST_STEP][PASSED] - hideKeyboard(): Keyboard is hidden

2022-06-27 11:41:34 - [MESSAGE][PASSED] - Keyboard is hidden

2022-06-27 11:41:34 - [TEST_STEP][PASSED] - tap(findTestObject("Tabung/tabungSignInContinueBtn"), 0): Tapped on element 'Object Repository/Tabung/tabungSignInContinueBtn'

2022-06-27 11:41:34 - [MESSAGE][WARNING] - Timeout '0' is invalid. Using default page load timeout: '40'

2022-06-27 11:41:35 - [MESSAGE][PASSED] - Tapped on element 'Object Repository/Tabung/tabungSignInContinueBtn'

2022-06-27 11:41:35 - [TEST_STEP][PASSED] - delay(30): Delayed 30 second(s)

2022-06-27 11:42:05 - [MESSAGE][PASSED] - Delayed 30 second(s)

2022-06-27 11:42:05 - [TEST_STEP][PASSED] - verifyElementVisible(findTestObject("Tabung/tabungSelectAccountDropdownBox"), 0): Element 'Object Repository/Tabung/tabungSelectAccountDropdownBox' is visible

2022-06-27 11:42:05 - [MESSAGE][WARNING] - Timeout '0' is invalid. Using default page load timeout: '40'

2022-06-27 11:42:05 - [MESSAGE][PASSED] - Element 'Object Repository/Tabung/tabungSelectAccountDropdownBox' is visible

2022-06-27 11:42:05 - [TEST_STEP][PASSED] - tap(findTestObject("Tabung/tabungSelectAccountTxt"), 0): Tapped on element 'Object Repository/Tabung/tabungSelectAccountTxt'

2022-06-27 11:42:05 - [MESSAGE][WARNING] - Timeout '0' is invalid. Using default page load timeout: '40'

2022-06-27 11:42:06 - [MESSAGE][PASSED] - Tapped on element 'Object Repository/Tabung/tabungSelectAccountTxt'

2022-06-27 11:42:06 - [TEST_STEP][PASSED] - delay(5): Delayed 5 second(s)

2022-06-27 11:42:11 - [MESSAGE][PASSED] - Delayed 5 second(s)

2022-06-27 11:42:11 - [TEST_STEP][PASSED] - verifyElementVisible(findTestObject("Tabung/tabunCreateFirstAccountSelect"), 0): Element 'Object Repository/Tabung/tabunCreateFirstAccountSelect' is visible

2022-06-27 11:42:11 - [MESSAGE][WARNING] - Timeout '0' is invalid. Using default page load timeout: '40'

2022-06-27 11:42:11 - [MESSAGE][PASSED] - Element 'Object Repository/Tabung/tabunCreateFirstAccountSelect' is visible

2022-06-27 11:42:11 - [TEST_STEP][PASSED] - tap(findTestObject("Tabung/tabunCreateFirstAccountSelect"), 0): Tapped on element 'Object Repository/Tabung/tabunCreateFirstAccountSelect'

2022-06-27 11:42:11 - [MESSAGE][WARNING] - Timeout '0' is invalid. Using default page load timeout: '40'

2022-06-27 11:42:11 - [MESSAGE][PASSED] - Tapped on element 'Object Repository/Tabung/tabunCreateFirstAccountSelect'

2022-06-27 11:42:11 - [TEST_STEP][PASSED] - delay(5): Delayed 5 second(s)

2022-06-27 11:42:16 - [MESSAGE][PASSED] - Delayed 5 second(s)

2022-06-27 11:42:16 - [TEST_STEP][PASSED] - tap(findTestObject("Main/mainCalenderPickerDoneBtn"), 0): Tapped on element 'Object Repository/Main/mainCalenderPickerDoneBtn'

2022-06-27 11:42:16 - [MESSAGE][WARNING] - Timeout '0' is invalid. Using default page load timeout: '40'

2022-06-27 11:42:16 - [MESSAGE][PASSED] - Tapped on element 'Object Repository/Main/mainCalenderPickerDoneBtn'

2022-06-27 11:42:16 - [TEST_STEP][PASSED] - delay(4): Delayed 4 second(s)

2022-06-27 11:42:20 - [MESSAGE][PASSED] - Delayed 4 second(s)

2022-06-27 11:42:20 - [TEST_STEP][PASSED] - tap(findTestObject("Tabung/tabungContinueBtn"), 0): Tapped on element 'Object Repository/Tabung/tabungContinueBtn'

2022-06-27 11:42:21 - [MESSAGE][WARNING] - Timeout '0' is invalid. Using default page load timeout: '40'

2022-06-27 11:42:21 - [MESSAGE][PASSED] - Tapped on element 'Object Repository/Tabung/tabungContinueBtn'

2022-06-27 11:42:21 - [TEST_STEP][PASSED] - delay(5): Delayed 5 second(s)

2022-06-27 11:42:26 - [MESSAGE][PASSED] - Delayed 5 second(s)

2022-06-27 11:42:26 - [TEST_STEP][PASSED] - verifyElementVisible(findTestObject("Tabung/tabungConfirmationTxt"), 0): Element 'Object Repository/Tabung/tabungConfirmationTxt' is visible

2022-06-27 11:42:26 - [MESSAGE][WARNING] - Timeout '0' is invalid. Using default page load timeout: '40'

2022-06-27 11:42:27 - [MESSAGE][PASSED] - Element 'Object Repository/Tabung/tabungConfirmationTxt' is visible

2022-06-27 11:42:27 - [TEST_STEP][PASSED] - verifyElementVisible(findTestObject("Tabung/tabungAutoDeductionText"), 0): Element 'Object Repository/Tabung/tabungAutoDeductionText' is visible

2022-06-27 11:42:27 - [MESSAGE][WARNING] - Timeout '0' is invalid. Using default page load timeout: '40'

2022-06-27 11:42:27 - [MESSAGE][PASSED] - Element 'Object Repository/Tabung/tabungAutoDeductionText' is visible

2022-06-27 11:42:27 - [TEST_STEP][PASSED] - tap(findTestObject("Tabung/tabungConfirmationSelectFrequencyDropdown"), 0): Tapped on element 'Object Repository/Tabung/tabungConfirmationSelectFrequencyDropdown'

2022-06-27 11:42:27 - [MESSAGE][WARNING] - Timeout '0' is invalid. Using default page load timeout: '40'

2022-06-27 11:42:27 - [MESSAGE][PASSED] - Tapped on element 'Object Repository/Tabung/tabungConfirmationSelectFrequencyDropdown'

2022-06-27 11:42:27 - [TEST_STEP][PASSED] - delay(5): Delayed 5 second(s)

2022-06-27 11:42:32 - [MESSAGE][PASSED] - Delayed 5 second(s)

2022-06-27 11:42:32 - [TEST_STEP][PASSED] - tap(findTestObject("Tabung/tabungConfirmationFirstFreqDropdownSelect"), 0): Tapped on element 'Object Repository/Tabung/tabungConfirmationFirstFreqDropdownSelect'

2022-06-27 11:42:33 - [MESSAGE][WARNING] - Timeout '0' is invalid. Using default page load timeout: '40'

2022-06-27 11:42:33 - [MESSAGE][PASSED] - Tapped on element 'Object Repository/Tabung/tabungConfirmationFirstFreqDropdownSelect'

2022-06-27 11:42:33 - [TEST_STEP][PASSED] - delay(5): Delayed 5 second(s)

2022-06-27 11:42:38 - [MESSAGE][PASSED] - Delayed 5 second(s)

2022-06-27 11:42:38 - [TEST_STEP][PASSED] - tap(findTestObject("Main/mainCalenderPickerDoneBtn"), 0): Tapped on element 'Object Repository/Main/mainCalenderPickerDoneBtn'

2022-06-27 11:42:38 - [MESSAGE][WARNING] - Timeout '0' is invalid. Using default page load timeout: '40'

2022-06-27 11:42:38 - [MESSAGE][PASSED] - Tapped on element 'Object Repository/Main/mainCalenderPickerDoneBtn'

2022-06-27 11:42:38 - [TEST_STEP][PASSED] - delay(2): Delayed 2 second(s)

2022-06-27 11:42:40 - [MESSAGE][PASSED] - Delayed 2 second(s)

2022-06-27 11:42:40 - [TEST_STEP][PASSED] - tap(findTestObject("Tabung/tabungDisableESIRadioBtn"), 0): Tapped on element 'Object Repository/Tabung/tabungDisableESIRadioBtn'

2022-06-27 11:42:40 - [MESSAGE][WARNING] - Timeout '0' is invalid. Using default page load timeout: '40'

2022-06-27 11:42:40 - [MESSAGE][PASSED] - Tapped on element 'Object Repository/Tabung/tabungDisableESIRadioBtn'

2022-06-27 11:42:40 - [TEST_STEP][PASSED] - delay(2): Delayed 2 second(s)

2022-06-27 11:42:42 - [MESSAGE][PASSED] - Delayed 2 second(s)

2022-06-27 11:42:42 - [TEST_STEP][PASSED] - tap(findTestObject("Tabung/tabungConfirmationCreateTabungBtn"), 0): Tapped on element 'Object Repository/Tabung/tabungConfirmationCreateTabungBtn'

2022-06-27 11:42:42 - [MESSAGE][WARNING] - Timeout '0' is invalid. Using default page load timeout: '40'

2022-06-27 11:42:43 - [MESSAGE][PASSED] - Tapped on element 'Object Repository/Tabung/tabungConfirmationCreateTabungBtn'

2022-06-27 11:42:43 - [TEST_STEP][PASSED] - delay(3): Delayed 3 second(s)

2022-06-27 11:42:46 - [MESSAGE][PASSED] - Delayed 3 second(s)

2022-06-27 11:42:46 - [TEST_STEP][PASSED] - if (verifyElementVisible(findTestObject("Object Repository/Tabung/tabung_otpNumberPresentTxt"), 10, OPTIONAL)): Element 'Object Repository/Tabung/tabung_otpNumberPresentTxt' not found

2022-06-27 11:42:56 - [MESSAGE][WARNING] - Element 'Object Repository/Tabung/tabung_otpNumberPresentTxt' not found

2022-06-27 11:42:56 - [TEST_STEP][PASSED] - else: Delayed 10 second(s)

2022-06-27 11:42:56 - [TEST_STEP][PASSED] - verifyElementVisible(findTestObject("Main/mainS2UApproveBtn"), 0): Element 'Object Repository/Main/mainS2UApproveBtn' is visible

2022-06-27 11:42:56 - [MESSAGE][WARNING] - Timeout '0' is invalid. Using default page load timeout: '40'

2022-06-27 11:42:56 - [MESSAGE][PASSED] - Element 'Object Repository/Main/mainS2UApproveBtn' is visible

2022-06-27 11:42:56 - [TEST_STEP][PASSED] - tap(findTestObject("Main/mainS2UApproveBtn"), 0): Tapped on element 'Object Repository/Main/mainS2UApproveBtn'

2022-06-27 11:42:56 - [MESSAGE][WARNING] - Timeout '0' is invalid. Using default page load timeout: '40'

2022-06-27 11:42:56 - [MESSAGE][PASSED] - Tapped on element 'Object Repository/Main/mainS2UApproveBtn'

2022-06-27 11:42:56 - [TEST_STEP][PASSED] - delay(10): Delayed 10 second(s)

2022-06-27 11:43:06 - [MESSAGE][PASSED] - Delayed 10 second(s)

2022-06-27 11:43:06 - [TEST_STEP][PASSED] - verifyElementText(findTestObject("Tabung/tabungSummaryStatusTxt"), "Tabung created successfully."): Actual text and expected text of test object 'Object Repository/Tabung/tabungSummaryStatusTxt' are matched.

2022-06-27 11:43:06 - [MESSAGE][PASSED] - Actual text and expected text of test object 'Object Repository/Tabung/tabungSummaryStatusTxt' are matched.

2022-06-27 11:43:06 - [TEST_STEP][PASSED] - verifyElementVisible(findTestObject("Main/mainDoneBtn"), 0): Element 'Object Repository/Main/mainDoneBtn' is visible

2022-06-27 11:43:07 - [MESSAGE][WARNING] - Timeout '0' is invalid. Using default page load timeout: '40'

2022-06-27 11:43:07 - [MESSAGE][PASSED] - Element 'Object Repository/Main/mainDoneBtn' is visible

2022-06-27 11:43:07 - [TEST_STEP][PASSED] - takeScreenshot("/Users/a00139272/Desktop/Screenshot/createTabung.png"): Screenshot is taken

2022-06-27 11:43:08 - [MESSAGE][PASSED] - Screenshot is taken
[[ATTACHMENT|/Users/a00139272/Desktop/Screenshot/createTabung.png]]

2022-06-27 11:43:08 - [TEST_STEP][PASSED] - tap(findTestObject("Main/mainDoneBtn"), 0): Tapped on element 'Object Repository/Main/mainDoneBtn'

2022-06-27 11:43:08 - [MESSAGE][WARNING] - Timeout '0' is invalid. Using default page load timeout: '40'

2022-06-27 11:43:08 - [MESSAGE][PASSED] - Tapped on element 'Object Repository/Main/mainDoneBtn'

2022-06-27 11:43:08 - [TEST_STEP][PASSED] - delay(5): Delayed 5 second(s)

2022-06-27 11:43:13 - [MESSAGE][PASSED] - Delayed 5 second(s)

2022-06-27 11:43:13 - [TEST_STEP][PASSED] - verifyElementVisible(findTestObject("Tabung/tabungNameSelection", ["text":tabungName]), 0): Element 'Object Repository/Tabung/tabungNameSelection' is visible

2022-06-27 11:43:14 - [MESSAGE][WARNING] - Timeout '0' is invalid. Using default page load timeout: '40'

2022-06-27 11:43:14 - [MESSAGE][PASSED] - Element 'Object Repository/Tabung/tabungNameSelection' is visible

2022-06-27 11:43:14 - [TEST_STEP][PASSED] - delay(5): Delayed 5 second(s)

2022-06-27 11:43:19 - [MESSAGE][PASSED] - Delayed 5 second(s)]]></system-out>
         <system-err><![CDATA[]]></system-err>
      </testcase>
      <testcase name="Test Cases/Tabung/tabung_fundTabungCreatorOnly" time="70.943" classname="Test Cases/Tabung/tabung_fundTabungCreatorOnly" status="PASSED">
         <system-out><![CDATA[2022-06-27 11:43:19 - [TEST_CASE][PASSED] - Test Cases/Tabung/tabung_fundTabungCreatorOnly: Test Cases/Tabung/tabung_fundTabungCreatorOnly

2022-06-27 11:43:19 - [TEST_STEP][PASSED] - try: Delayed 5 second(s)

2022-06-27 11:43:19 - [TEST_STEP][PASSED] - if (verifyElementVisible(findTestObject("Main/mainEnterPINMessage"), 10, OPTIONAL)): Element 'Object Repository/Main/mainEnterPINMessage' not found

2022-06-27 11:43:30 - [MESSAGE][WARNING] - Element 'Object Repository/Main/mainEnterPINMessage' not found

2022-06-27 11:43:30 - [TEST_STEP][PASSED] - delay(5): Delayed 5 second(s)

2022-06-27 11:43:35 - [MESSAGE][PASSED] - Delayed 5 second(s)

2022-06-27 11:43:35 - [TEST_STEP][PASSED] - tap(findTestObject("Tabung/tabungNameSelection", ["text":tabungName]), 10): Tapped on element 'Object Repository/Tabung/tabungNameSelection'

2022-06-27 11:43:35 - [MESSAGE][PASSED] - Tapped on element 'Object Repository/Tabung/tabungNameSelection'

2022-06-27 11:43:35 - [TEST_STEP][PASSED] - tap(findTestObject("Tabung/tabungThreeDotsBtn"), 0): Tapped on element 'Object Repository/Tabung/tabungThreeDotsBtn'

2022-06-27 11:43:35 - [MESSAGE][WARNING] - Timeout '0' is invalid. Using default page load timeout: '40'

2022-06-27 11:43:38 - [MESSAGE][PASSED] - Tapped on element 'Object Repository/Tabung/tabungThreeDotsBtn'

2022-06-27 11:43:38 - [TEST_STEP][PASSED] - tap(findTestObject("Tabung/tabungThreeDotsFundBtn"), 0): Tapped on element 'Object Repository/Tabung/tabungThreeDotsFundBtn'

2022-06-27 11:43:38 - [MESSAGE][WARNING] - Timeout '0' is invalid. Using default page load timeout: '40'

2022-06-27 11:43:39 - [MESSAGE][PASSED] - Tapped on element 'Object Repository/Tabung/tabungThreeDotsFundBtn'

2022-06-27 11:43:39 - [TEST_STEP][PASSED] - delay(2): Delayed 2 second(s)

2022-06-27 11:43:41 - [MESSAGE][PASSED] - Delayed 2 second(s)

2022-06-27 11:43:41 - [TEST_STEP][PASSED] - tap(findTestObject("Login Onboarding/PIN2"), 0): Tapped on element 'Object Repository/Login Onboarding/PIN2'

2022-06-27 11:43:41 - [MESSAGE][WARNING] - Timeout '0' is invalid. Using default page load timeout: '40'

2022-06-27 11:43:42 - [MESSAGE][PASSED] - Tapped on element 'Object Repository/Login Onboarding/PIN2'

2022-06-27 11:43:42 - [TEST_STEP][PASSED] - delay(2): Delayed 2 second(s)

2022-06-27 11:43:44 - [MESSAGE][PASSED] - Delayed 2 second(s)

2022-06-27 11:43:44 - [TEST_STEP][PASSED] - tap(findTestObject("Tabung/tabungFundAmountTickBtn"), 0): Tapped on element 'Object Repository/Tabung/tabungFundAmountTickBtn'

2022-06-27 11:43:44 - [MESSAGE][WARNING] - Timeout '0' is invalid. Using default page load timeout: '40'

2022-06-27 11:43:44 - [MESSAGE][PASSED] - Tapped on element 'Object Repository/Tabung/tabungFundAmountTickBtn'

2022-06-27 11:43:44 - [TEST_STEP][PASSED] - delay(2): Delayed 2 second(s)

2022-06-27 11:43:46 - [MESSAGE][PASSED] - Delayed 2 second(s)

2022-06-27 11:43:46 - [TEST_STEP][PASSED] - if (verifyElementVisible(findTestObject("Tabung/tabungEnterPasswordTxt"), 10, OPTIONAL)): Element 'Object Repository/Tabung/tabungEnterPasswordTxt' not found

2022-06-27 11:43:56 - [MESSAGE][WARNING] - Element 'Object Repository/Tabung/tabungEnterPasswordTxt' not found

2022-06-27 11:43:56 - [TEST_STEP][PASSED] - tap(findTestObject("Tabung/tabungFundTabungBtn"), 0): Tapped on element 'Object Repository/Tabung/tabungFundTabungBtn'

2022-06-27 11:43:56 - [MESSAGE][WARNING] - Timeout '0' is invalid. Using default page load timeout: '40'

2022-06-27 11:43:57 - [MESSAGE][PASSED] - Tapped on element 'Object Repository/Tabung/tabungFundTabungBtn'

2022-06-27 11:43:57 - [TEST_STEP][PASSED] - if (verifyElementVisible(findTestObject("Object Repository/Festive Season/festiveReturnAngpaoTACNoTxt"), 10, OPTIONAL)): Element 'Object Repository/Festive Season/festiveReturnAngpaoTACNoTxt' not found

2022-06-27 11:44:07 - [MESSAGE][WARNING] - Element 'Object Repository/Festive Season/festiveReturnAngpaoTACNoTxt' not found

2022-06-27 11:44:07 - [TEST_STEP][PASSED] - else: Delayed 10 second(s)

2022-06-27 11:44:07 - [TEST_STEP][PASSED] - verifyElementVisible(findTestObject("Main/mainS2UApproveBtn"), 0): Element 'Object Repository/Main/mainS2UApproveBtn' is visible

2022-06-27 11:44:07 - [MESSAGE][WARNING] - Timeout '0' is invalid. Using default page load timeout: '40'

2022-06-27 11:44:07 - [MESSAGE][PASSED] - Element 'Object Repository/Main/mainS2UApproveBtn' is visible

2022-06-27 11:44:07 - [TEST_STEP][PASSED] - tap(findTestObject("Main/mainS2UApproveBtn"), 0): Tapped on element 'Object Repository/Main/mainS2UApproveBtn'

2022-06-27 11:44:07 - [MESSAGE][WARNING] - Timeout '0' is invalid. Using default page load timeout: '40'

2022-06-27 11:44:07 - [MESSAGE][PASSED] - Tapped on element 'Object Repository/Main/mainS2UApproveBtn'

2022-06-27 11:44:07 - [TEST_STEP][PASSED] - delay(10): Delayed 10 second(s)

2022-06-27 11:44:17 - [MESSAGE][PASSED] - Delayed 10 second(s)

2022-06-27 11:44:17 - [TEST_STEP][PASSED] - delay(3): Delayed 3 second(s)

2022-06-27 11:44:20 - [MESSAGE][PASSED] - Delayed 3 second(s)

2022-06-27 11:44:20 - [TEST_STEP][PASSED] - verifyElementText(findTestObject("Tabung/tabungFundSummaryTopupSuccesfullTxt"), "Topup Successful"): Actual text and expected text of test object 'Object Repository/Tabung/tabungFundSummaryTopupSuccesfullTxt' are matched.

2022-06-27 11:44:20 - [MESSAGE][PASSED] - Actual text and expected text of test object 'Object Repository/Tabung/tabungFundSummaryTopupSuccesfullTxt' are matched.

2022-06-27 11:44:20 - [TEST_STEP][PASSED] - delay(3): Delayed 3 second(s)

2022-06-27 11:44:23 - [MESSAGE][PASSED] - Delayed 3 second(s)

2022-06-27 11:44:23 - [TEST_STEP][PASSED] - takeScreenshot("/Users/a00139272/Desktop/Screenshot/fundTabung.png"): Screenshot is taken

2022-06-27 11:44:24 - [MESSAGE][PASSED] - Screenshot is taken
[[ATTACHMENT|/Users/a00139272/Desktop/Screenshot/fundTabung.png]]

2022-06-27 11:44:24 - [TEST_STEP][PASSED] - verifyElementExist(findTestObject("Main/mainDoneBtn"), 0): Element 'Object Repository/Main/mainDoneBtn' is exist

2022-06-27 11:44:24 - [MESSAGE][WARNING] - Timeout '0' is invalid. Using default page load timeout: '40'

2022-06-27 11:44:25 - [MESSAGE][PASSED] - Element 'Object Repository/Main/mainDoneBtn' is exist

2022-06-27 11:44:25 - [TEST_STEP][PASSED] - tap(findTestObject("Main/mainDoneBtn"), 0): Tapped on element 'Object Repository/Main/mainDoneBtn'

2022-06-27 11:44:25 - [MESSAGE][WARNING] - Timeout '0' is invalid. Using default page load timeout: '40'

2022-06-27 11:44:25 - [MESSAGE][PASSED] - Tapped on element 'Object Repository/Main/mainDoneBtn'

2022-06-27 11:44:25 - [TEST_STEP][PASSED] - delay(5): Delayed 5 second(s)

2022-06-27 11:44:30 - [MESSAGE][PASSED] - Delayed 5 second(s)]]></system-out>
         <system-err><![CDATA[]]></system-err>
      </testcase>
      <testcase name="Test Cases/Tabung/tabung_withdrawTabung" time="63.854" classname="Test Cases/Tabung/tabung_withdrawTabung" status="PASSED">
         <system-out><![CDATA[2022-06-27 11:44:30 - [TEST_CASE][PASSED] - Test Cases/Tabung/tabung_withdrawTabung: Test Cases/Tabung/tabung_withdrawTabung

2022-06-27 11:44:30 - [TEST_STEP][PASSED] - delay(5): Delayed 5 second(s)

2022-06-27 11:44:35 - [MESSAGE][PASSED] - Delayed 5 second(s)

2022-06-27 11:44:35 - [TEST_STEP][PASSED] - tap(findTestObject("Tabung/tabungThreeDotsBtn"), 0): Tapped on element 'Object Repository/Tabung/tabungThreeDotsBtn'

2022-06-27 11:44:35 - [MESSAGE][WARNING] - Timeout '0' is invalid. Using default page load timeout: '40'

2022-06-27 11:44:36 - [MESSAGE][PASSED] - Tapped on element 'Object Repository/Tabung/tabungThreeDotsBtn'

2022-06-27 11:44:36 - [TEST_STEP][PASSED] - delay(2): Delayed 2 second(s)

2022-06-27 11:44:38 - [MESSAGE][PASSED] - Delayed 2 second(s)

2022-06-27 11:44:38 - [TEST_STEP][PASSED] - tap(findTestObject("Tabung/tabungWithdrawFundBtn"), 0): Tapped on element 'Object Repository/Tabung/tabungWithdrawFundBtn'

2022-06-27 11:44:38 - [MESSAGE][WARNING] - Timeout '0' is invalid. Using default page load timeout: '40'

2022-06-27 11:44:38 - [MESSAGE][PASSED] - Tapped on element 'Object Repository/Tabung/tabungWithdrawFundBtn'

2022-06-27 11:44:38 - [TEST_STEP][PASSED] - delay(2): Delayed 2 second(s)

2022-06-27 11:44:40 - [MESSAGE][PASSED] - Delayed 2 second(s)

2022-06-27 11:44:40 - [TEST_STEP][PASSED] - tap(findTestObject("Tabung/tabungWithdrawConfirmBtn"), 0): Tapped on element 'Object Repository/Tabung/tabungWithdrawConfirmBtn'

2022-06-27 11:44:40 - [MESSAGE][WARNING] - Timeout '0' is invalid. Using default page load timeout: '40'

2022-06-27 11:44:41 - [MESSAGE][PASSED] - Tapped on element 'Object Repository/Tabung/tabungWithdrawConfirmBtn'

2022-06-27 11:44:41 - [TEST_STEP][PASSED] - delay(2): Delayed 2 second(s)

2022-06-27 11:44:43 - [MESSAGE][PASSED] - Delayed 2 second(s)

2022-06-27 11:44:43 - [TEST_STEP][PASSED] - tap(findTestObject("Login Onboarding/PIN1"), 0): Tapped on element 'Object Repository/Login Onboarding/PIN1'

2022-06-27 11:44:43 - [MESSAGE][WARNING] - Timeout '0' is invalid. Using default page load timeout: '40'

2022-06-27 11:44:43 - [MESSAGE][PASSED] - Tapped on element 'Object Repository/Login Onboarding/PIN1'

2022-06-27 11:44:43 - [TEST_STEP][PASSED] - delay(2): Delayed 2 second(s)

2022-06-27 11:44:45 - [MESSAGE][PASSED] - Delayed 2 second(s)

2022-06-27 11:44:45 - [TEST_STEP][PASSED] - tap(findTestObject("Tabung/tabungFundAmountTickBtn"), 0): Tapped on element 'Object Repository/Tabung/tabungFundAmountTickBtn'

2022-06-27 11:44:45 - [MESSAGE][WARNING] - Timeout '0' is invalid. Using default page load timeout: '40'

2022-06-27 11:44:45 - [MESSAGE][PASSED] - Tapped on element 'Object Repository/Tabung/tabungFundAmountTickBtn'

2022-06-27 11:44:45 - [TEST_STEP][PASSED] - delay(2): Delayed 2 second(s)

2022-06-27 11:44:47 - [MESSAGE][PASSED] - Delayed 2 second(s)

2022-06-27 11:44:47 - [TEST_STEP][PASSED] - if (verifyElementVisible(findTestObject("Tabung/tabungEnterPasswordTxt"), 10, OPTIONAL)): Element 'Object Repository/Tabung/tabungEnterPasswordTxt' not found

2022-06-27 11:44:57 - [MESSAGE][WARNING] - Element 'Object Repository/Tabung/tabungEnterPasswordTxt' not found

2022-06-27 11:44:57 - [TEST_STEP][PASSED] - tap(findTestObject("Tabung/tabungWithdrawFundBtn"), 0): Tapped on element 'Object Repository/Tabung/tabungWithdrawFundBtn'

2022-06-27 11:44:57 - [MESSAGE][WARNING] - Timeout '0' is invalid. Using default page load timeout: '40'

2022-06-27 11:44:58 - [MESSAGE][PASSED] - Tapped on element 'Object Repository/Tabung/tabungWithdrawFundBtn'

2022-06-27 11:44:58 - [TEST_STEP][PASSED] - delay(3): Delayed 3 second(s)

2022-06-27 11:45:01 - [MESSAGE][PASSED] - Delayed 3 second(s)

2022-06-27 11:45:01 - [TEST_STEP][PASSED] - if (verifyElementVisible(findTestObject("Object Repository/Festive Season/festiveReturnAngpaoTACNoTxt"), 10, OPTIONAL)): Element 'Object Repository/Festive Season/festiveReturnAngpaoTACNoTxt' not found

2022-06-27 11:45:11 - [MESSAGE][WARNING] - Element 'Object Repository/Festive Season/festiveReturnAngpaoTACNoTxt' not found

2022-06-27 11:45:11 - [TEST_STEP][PASSED] - else: Delayed 10 second(s)

2022-06-27 11:45:11 - [TEST_STEP][PASSED] - verifyElementVisible(findTestObject("Main/mainS2UApproveBtn"), 0): Element 'Object Repository/Main/mainS2UApproveBtn' is visible

2022-06-27 11:45:11 - [MESSAGE][WARNING] - Timeout '0' is invalid. Using default page load timeout: '40'

2022-06-27 11:45:11 - [MESSAGE][PASSED] - Element 'Object Repository/Main/mainS2UApproveBtn' is visible

2022-06-27 11:45:11 - [TEST_STEP][PASSED] - tap(findTestObject("Main/mainS2UApproveBtn"), 0): Tapped on element 'Object Repository/Main/mainS2UApproveBtn'

2022-06-27 11:45:11 - [MESSAGE][WARNING] - Timeout '0' is invalid. Using default page load timeout: '40'

2022-06-27 11:45:11 - [MESSAGE][PASSED] - Tapped on element 'Object Repository/Main/mainS2UApproveBtn'

2022-06-27 11:45:11 - [TEST_STEP][PASSED] - delay(10): Delayed 10 second(s)

2022-06-27 11:45:21 - [MESSAGE][PASSED] - Delayed 10 second(s)

2022-06-27 11:45:21 - [TEST_STEP][PASSED] - delay(3): Delayed 3 second(s)

2022-06-27 11:45:24 - [MESSAGE][PASSED] - Delayed 3 second(s)

2022-06-27 11:45:24 - [TEST_STEP][PASSED] - verifyElementVisible(findTestObject("Tabung/tabungWithdrawalSummarySuccessTxt"), 0): Element 'Object Repository/Tabung/tabungWithdrawalSummarySuccessTxt' is visible

2022-06-27 11:45:24 - [MESSAGE][WARNING] - Timeout '0' is invalid. Using default page load timeout: '40'

2022-06-27 11:45:24 - [MESSAGE][PASSED] - Element 'Object Repository/Tabung/tabungWithdrawalSummarySuccessTxt' is visible

2022-06-27 11:45:24 - [TEST_STEP][PASSED] - verifyElementText(findTestObject("Tabung/tabungWithdrawalSummarySuccessTxt"), "Withdrawal Successful"): Actual text and expected text of test object 'Object Repository/Tabung/tabungWithdrawalSummarySuccessTxt' are matched.

2022-06-27 11:45:25 - [MESSAGE][PASSED] - Actual text and expected text of test object 'Object Repository/Tabung/tabungWithdrawalSummarySuccessTxt' are matched.

2022-06-27 11:45:25 - [TEST_STEP][PASSED] - delay(3): Delayed 3 second(s)

2022-06-27 11:45:28 - [MESSAGE][PASSED] - Delayed 3 second(s)

2022-06-27 11:45:28 - [TEST_STEP][PASSED] - takeScreenshot("/Users/a00139272/Desktop/Screenshot/withdrawTabung.png"): Screenshot is taken

2022-06-27 11:45:28 - [MESSAGE][PASSED] - Screenshot is taken
[[ATTACHMENT|/Users/a00139272/Desktop/Screenshot/withdrawTabung.png]]

2022-06-27 11:45:28 - [TEST_STEP][PASSED] - verifyElementVisible(findTestObject("Main/mainDoneBtn"), 0): Element 'Object Repository/Main/mainDoneBtn' is visible

2022-06-27 11:45:28 - [MESSAGE][WARNING] - Timeout '0' is invalid. Using default page load timeout: '40'

2022-06-27 11:45:29 - [MESSAGE][PASSED] - Element 'Object Repository/Main/mainDoneBtn' is visible

2022-06-27 11:45:29 - [TEST_STEP][PASSED] - tap(findTestObject("Main/mainDoneBtn"), 0): Tapped on element 'Object Repository/Main/mainDoneBtn'

2022-06-27 11:45:29 - [MESSAGE][WARNING] - Timeout '0' is invalid. Using default page load timeout: '40'

2022-06-27 11:45:29 - [MESSAGE][PASSED] - Tapped on element 'Object Repository/Main/mainDoneBtn'

2022-06-27 11:45:29 - [TEST_STEP][PASSED] - delay(5): Delayed 5 second(s)

2022-06-27 11:45:34 - [MESSAGE][PASSED] - Delayed 5 second(s)]]></system-out>
         <system-err><![CDATA[]]></system-err>
      </testcase>
      <testcase name="Test Cases/Tabung/tabung_enableESITabung" time="44.52" classname="Test Cases/Tabung/tabung_enableESITabung" status="PASSED">
         <system-out><![CDATA[2022-06-27 11:45:34 - [TEST_CASE][PASSED] - Test Cases/Tabung/tabung_enableESITabung: Test Cases/Tabung/tabung_enableESITabung

2022-06-27 11:45:34 - [TEST_STEP][PASSED] - tap(findTestObject("Tabung/tabungNameSelection", ["text":"Switzerland"]), 10): Tapped on element 'Object Repository/Tabung/tabungNameSelection'

2022-06-27 11:45:34 - [MESSAGE][PASSED] - Tapped on element 'Object Repository/Tabung/tabungNameSelection'

2022-06-27 11:45:34 - [TEST_STEP][PASSED] - tap(findTestObject("Tabung/tabungViewMoreDetailsBtn"), 0): Tapped on element 'Object Repository/Tabung/tabungViewMoreDetailsBtn'

2022-06-27 11:45:34 - [MESSAGE][WARNING] - Timeout '0' is invalid. Using default page load timeout: '40'

2022-06-27 11:45:35 - [MESSAGE][PASSED] - Tapped on element 'Object Repository/Tabung/tabungViewMoreDetailsBtn'

2022-06-27 11:45:35 - [TEST_STEP][PASSED] - delay(2): Delayed 2 second(s)

2022-06-27 11:45:37 - [MESSAGE][PASSED] - Delayed 2 second(s)

2022-06-27 11:45:37 - [TEST_STEP][PASSED] - tap(findTestObject("Tabung/tabungESIOnToggle"), 0): Tapped on element 'Object Repository/Tabung/tabungESIOnToggle'

2022-06-27 11:45:37 - [MESSAGE][WARNING] - Timeout '0' is invalid. Using default page load timeout: '40'

2022-06-27 11:45:37 - [MESSAGE][PASSED] - Tapped on element 'Object Repository/Tabung/tabungESIOnToggle'

2022-06-27 11:45:37 - [TEST_STEP][PASSED] - delay(2): Delayed 2 second(s)

2022-06-27 11:45:39 - [MESSAGE][PASSED] - Delayed 2 second(s)

2022-06-27 11:45:39 - [TEST_STEP][PASSED] - if (verifyElementVisible(findTestObject("Tabung/tabungEnterPasswordTxt"), 10, OPTIONAL)): Element 'Object Repository/Tabung/tabungEnterPasswordTxt' not found

2022-06-27 11:45:49 - [MESSAGE][WARNING] - Element 'Object Repository/Tabung/tabungEnterPasswordTxt' not found

2022-06-27 11:45:49 - [TEST_STEP][PASSED] - tap(findTestObject("Tabung/tabungConfirmBtn"), 0): Tapped on element 'Object Repository/Tabung/tabungConfirmBtn'

2022-06-27 11:45:49 - [MESSAGE][WARNING] - Timeout '0' is invalid. Using default page load timeout: '40'

2022-06-27 11:45:50 - [MESSAGE][PASSED] - Tapped on element 'Object Repository/Tabung/tabungConfirmBtn'

2022-06-27 11:45:50 - [TEST_STEP][PASSED] - OTP = getText(findTestObject("Tabung/tabungOTPNumberTxt"), 0): Text of element 'Object Repository/Tabung/tabungOTPNumberTxt' is: 'Your Otp no. is 417102'

2022-06-27 11:45:50 - [MESSAGE][WARNING] - Timeout '0' is invalid. Using default page load timeout: '40'

2022-06-27 11:45:53 - [MESSAGE][PASSED] - Text of element 'Object Repository/Tabung/tabungOTPNumberTxt' is: 'Your Otp no. is 417102'

2022-06-27 11:45:53 - [TEST_STEP][PASSED] - for ([i = 16, i <= 21, (i++)]): null

2022-06-27 11:45:53 - [TEST_STEP][PASSED] - if (OTP[i] == "0"): null

2022-06-27 11:45:53 - [TEST_STEP][PASSED] - if (OTP[i] == "1"): null

2022-06-27 11:45:53 - [TEST_STEP][PASSED] - if (OTP[i] == "2"): null

2022-06-27 11:45:53 - [TEST_STEP][PASSED] - if (OTP[i] == "3"): null

2022-06-27 11:45:53 - [TEST_STEP][PASSED] - if (OTP[i] == "4"): Tapped on element 'Object Repository/Login Onboarding/PIN4'

2022-06-27 11:45:53 - [TEST_STEP][PASSED] - tap(findTestObject("Login Onboarding/PIN4"), 0): Tapped on element 'Object Repository/Login Onboarding/PIN4'

2022-06-27 11:45:53 - [MESSAGE][WARNING] - Timeout '0' is invalid. Using default page load timeout: '40'

2022-06-27 11:45:53 - [MESSAGE][PASSED] - Tapped on element 'Object Repository/Login Onboarding/PIN4'

2022-06-27 11:45:53 - [TEST_STEP][PASSED] - if (OTP[i] == "5"): null

2022-06-27 11:45:53 - [TEST_STEP][PASSED] - if (OTP[i] == "6"): null

2022-06-27 11:45:53 - [TEST_STEP][PASSED] - if (OTP[i] == "7"): null

2022-06-27 11:45:53 - [TEST_STEP][PASSED] - if (OTP[i] == "8"): null

2022-06-27 11:45:53 - [TEST_STEP][PASSED] - if (OTP[i] == "9"): null

2022-06-27 11:45:53 - [TEST_STEP][PASSED] - if (OTP[i] == "0"): null

2022-06-27 11:45:53 - [TEST_STEP][PASSED] - if (OTP[i] == "1"): Tapped on element 'Object Repository/Login Onboarding/PIN1'

2022-06-27 11:45:53 - [TEST_STEP][PASSED] - tap(findTestObject("Login Onboarding/PIN1"), 0): Tapped on element 'Object Repository/Login Onboarding/PIN1'

2022-06-27 11:45:53 - [MESSAGE][WARNING] - Timeout '0' is invalid. Using default page load timeout: '40'

2022-06-27 11:45:55 - [MESSAGE][PASSED] - Tapped on element 'Object Repository/Login Onboarding/PIN1'

2022-06-27 11:45:55 - [TEST_STEP][PASSED] - if (OTP[i] == "2"): null

2022-06-27 11:45:55 - [TEST_STEP][PASSED] - if (OTP[i] == "3"): null

2022-06-27 11:45:55 - [TEST_STEP][PASSED] - if (OTP[i] == "4"): null

2022-06-27 11:45:55 - [TEST_STEP][PASSED] - if (OTP[i] == "5"): null

2022-06-27 11:45:55 - [TEST_STEP][PASSED] - if (OTP[i] == "6"): null

2022-06-27 11:45:55 - [TEST_STEP][PASSED] - if (OTP[i] == "7"): null

2022-06-27 11:45:55 - [TEST_STEP][PASSED] - if (OTP[i] == "8"): null

2022-06-27 11:45:55 - [TEST_STEP][PASSED] - if (OTP[i] == "9"): null

2022-06-27 11:45:55 - [TEST_STEP][PASSED] - if (OTP[i] == "0"): null

2022-06-27 11:45:55 - [TEST_STEP][PASSED] - if (OTP[i] == "1"): null

2022-06-27 11:45:55 - [TEST_STEP][PASSED] - if (OTP[i] == "2"): null

2022-06-27 11:45:55 - [TEST_STEP][PASSED] - if (OTP[i] == "3"): null

2022-06-27 11:45:55 - [TEST_STEP][PASSED] - if (OTP[i] == "4"): null

2022-06-27 11:45:55 - [TEST_STEP][PASSED] - if (OTP[i] == "5"): null

2022-06-27 11:45:55 - [TEST_STEP][PASSED] - if (OTP[i] == "6"): null

2022-06-27 11:45:55 - [TEST_STEP][PASSED] - if (OTP[i] == "7"): Tapped on element 'Object Repository/Login Onboarding/PIN7'

2022-06-27 11:45:55 - [TEST_STEP][PASSED] - tap(findTestObject("Login Onboarding/PIN7"), 0): Tapped on element 'Object Repository/Login Onboarding/PIN7'

2022-06-27 11:45:55 - [MESSAGE][WARNING] - Timeout '0' is invalid. Using default page load timeout: '40'

2022-06-27 11:45:57 - [MESSAGE][PASSED] - Tapped on element 'Object Repository/Login Onboarding/PIN7'

2022-06-27 11:45:57 - [TEST_STEP][PASSED] - if (OTP[i] == "8"): null

2022-06-27 11:45:57 - [TEST_STEP][PASSED] - if (OTP[i] == "9"): null

2022-06-27 11:45:57 - [TEST_STEP][PASSED] - if (OTP[i] == "0"): null

2022-06-27 11:45:57 - [TEST_STEP][PASSED] - if (OTP[i] == "1"): Tapped on element 'Object Repository/Login Onboarding/PIN1'

2022-06-27 11:45:57 - [TEST_STEP][PASSED] - tap(findTestObject("Login Onboarding/PIN1"), 0): Tapped on element 'Object Repository/Login Onboarding/PIN1'

2022-06-27 11:45:57 - [MESSAGE][WARNING] - Timeout '0' is invalid. Using default page load timeout: '40'

2022-06-27 11:45:59 - [MESSAGE][PASSED] - Tapped on element 'Object Repository/Login Onboarding/PIN1'

2022-06-27 11:45:59 - [TEST_STEP][PASSED] - if (OTP[i] == "2"): null

2022-06-27 11:45:59 - [TEST_STEP][PASSED] - if (OTP[i] == "3"): null

2022-06-27 11:45:59 - [TEST_STEP][PASSED] - if (OTP[i] == "4"): null

2022-06-27 11:45:59 - [TEST_STEP][PASSED] - if (OTP[i] == "5"): null

2022-06-27 11:45:59 - [TEST_STEP][PASSED] - if (OTP[i] == "6"): null

2022-06-27 11:45:59 - [TEST_STEP][PASSED] - if (OTP[i] == "7"): null

2022-06-27 11:45:59 - [TEST_STEP][PASSED] - if (OTP[i] == "8"): null

2022-06-27 11:45:59 - [TEST_STEP][PASSED] - if (OTP[i] == "9"): null

2022-06-27 11:45:59 - [TEST_STEP][PASSED] - if (OTP[i] == "0"): Tapped on element 'Object Repository/Login Onboarding/PIN0'

2022-06-27 11:45:59 - [TEST_STEP][PASSED] - tap(findTestObject("Login Onboarding/PIN0"), 0): Tapped on element 'Object Repository/Login Onboarding/PIN0'

2022-06-27 11:45:59 - [MESSAGE][WARNING] - Timeout '0' is invalid. Using default page load timeout: '40'

2022-06-27 11:46:02 - [MESSAGE][PASSED] - Tapped on element 'Object Repository/Login Onboarding/PIN0'

2022-06-27 11:46:02 - [TEST_STEP][PASSED] - if (OTP[i] == "1"): null

2022-06-27 11:46:02 - [TEST_STEP][PASSED] - if (OTP[i] == "2"): null

2022-06-27 11:46:02 - [TEST_STEP][PASSED] - if (OTP[i] == "3"): null

2022-06-27 11:46:02 - [TEST_STEP][PASSED] - if (OTP[i] == "4"): null

2022-06-27 11:46:02 - [TEST_STEP][PASSED] - if (OTP[i] == "5"): null

2022-06-27 11:46:02 - [TEST_STEP][PASSED] - if (OTP[i] == "6"): null

2022-06-27 11:46:02 - [TEST_STEP][PASSED] - if (OTP[i] == "7"): null

2022-06-27 11:46:02 - [TEST_STEP][PASSED] - if (OTP[i] == "8"): null

2022-06-27 11:46:02 - [TEST_STEP][PASSED] - if (OTP[i] == "9"): null

2022-06-27 11:46:02 - [TEST_STEP][PASSED] - if (OTP[i] == "0"): null

2022-06-27 11:46:02 - [TEST_STEP][PASSED] - if (OTP[i] == "1"): null

2022-06-27 11:46:02 - [TEST_STEP][PASSED] - if (OTP[i] == "2"): Tapped on element 'Object Repository/Login Onboarding/PIN2'

2022-06-27 11:46:02 - [TEST_STEP][PASSED] - tap(findTestObject("Login Onboarding/PIN2"), 0): Tapped on element 'Object Repository/Login Onboarding/PIN2'

2022-06-27 11:46:02 - [MESSAGE][WARNING] - Timeout '0' is invalid. Using default page load timeout: '40'

2022-06-27 11:46:04 - [MESSAGE][PASSED] - Tapped on element 'Object Repository/Login Onboarding/PIN2'

2022-06-27 11:46:04 - [TEST_STEP][PASSED] - if (OTP[i] == "3"): null

2022-06-27 11:46:04 - [TEST_STEP][PASSED] - if (OTP[i] == "4"): null

2022-06-27 11:46:04 - [TEST_STEP][PASSED] - if (OTP[i] == "5"): null

2022-06-27 11:46:04 - [TEST_STEP][PASSED] - if (OTP[i] == "6"): null

2022-06-27 11:46:04 - [TEST_STEP][PASSED] - if (OTP[i] == "7"): null

2022-06-27 11:46:04 - [TEST_STEP][PASSED] - if (OTP[i] == "8"): null

2022-06-27 11:46:04 - [TEST_STEP][PASSED] - if (OTP[i] == "9"): null

2022-06-27 11:46:04 - [TEST_STEP][PASSED] - delay(3): Delayed 3 second(s)

2022-06-27 11:46:07 - [MESSAGE][PASSED] - Delayed 3 second(s)

2022-06-27 11:46:07 - [TEST_STEP][PASSED] - tap(findTestObject("Tabung/tabungTACTickBtn"), 0): Tapped on element 'Object Repository/Tabung/tabungTACTickBtn'

2022-06-27 11:46:07 - [MESSAGE][WARNING] - Timeout '0' is invalid. Using default page load timeout: '40'

2022-06-27 11:46:08 - [MESSAGE][PASSED] - Tapped on element 'Object Repository/Tabung/tabungTACTickBtn'

2022-06-27 11:46:08 - [TEST_STEP][PASSED] - delay(3): Delayed 3 second(s)

2022-06-27 11:46:11 - [MESSAGE][PASSED] - Delayed 3 second(s)

2022-06-27 11:46:11 - [TEST_STEP][PASSED] - verifyElementVisible(findTestObject("Tabung/tabungSummaryAutoDecuctSuccessEnableTxt"), 0): Element 'Object Repository/Tabung/tabungSummaryAutoDecuctSuccessEnableTxt' is visible

2022-06-27 11:46:11 - [MESSAGE][WARNING] - Timeout '0' is invalid. Using default page load timeout: '40'

2022-06-27 11:46:14 - [MESSAGE][PASSED] - Element 'Object Repository/Tabung/tabungSummaryAutoDecuctSuccessEnableTxt' is visible

2022-06-27 11:46:14 - [TEST_STEP][PASSED] - verifyElementText(findTestObject("Tabung/tabungSummaryAutoDecuctSuccessEnableTxt"), "Auto deduction successfully enabled."): Actual text and expected text of test object 'Object Repository/Tabung/tabungSummaryAutoDecuctSuccessEnableTxt' are matched.

2022-06-27 11:46:14 - [MESSAGE][PASSED] - Actual text and expected text of test object 'Object Repository/Tabung/tabungSummaryAutoDecuctSuccessEnableTxt' are matched.

2022-06-27 11:46:14 - [TEST_STEP][PASSED] - delay(3): Delayed 3 second(s)

2022-06-27 11:46:17 - [MESSAGE][PASSED] - Delayed 3 second(s)

2022-06-27 11:46:17 - [TEST_STEP][PASSED] - takeScreenshot("/Users/a00139272/Desktop/Screenshot/enableTabung.png"): Screenshot is taken

2022-06-27 11:46:18 - [MESSAGE][PASSED] - Screenshot is taken
[[ATTACHMENT|/Users/a00139272/Desktop/Screenshot/enableTabung.png]]

2022-06-27 11:46:18 - [TEST_STEP][PASSED] - verifyElementVisible(findTestObject("Main/mainDoneBtn"), 0): Element 'Object Repository/Main/mainDoneBtn' is visible

2022-06-27 11:46:18 - [MESSAGE][WARNING] - Timeout '0' is invalid. Using default page load timeout: '40'

2022-06-27 11:46:18 - [MESSAGE][PASSED] - Element 'Object Repository/Main/mainDoneBtn' is visible

2022-06-27 11:46:18 - [TEST_STEP][PASSED] - tap(findTestObject("Main/mainDoneBtn"), 0): Tapped on element 'Object Repository/Main/mainDoneBtn'

2022-06-27 11:46:18 - [MESSAGE][WARNING] - Timeout '0' is invalid. Using default page load timeout: '40'

2022-06-27 11:46:18 - [MESSAGE][PASSED] - Tapped on element 'Object Repository/Main/mainDoneBtn']]></system-out>
         <system-err><![CDATA[]]></system-err>
      </testcase>
      <testcase name="Test Cases/Tabung/tabung_disableESITabung" time="38.41" classname="Test Cases/Tabung/tabung_disableESITabung" status="PASSED">
         <system-out><![CDATA[2022-06-27 11:46:18 - [TEST_CASE][PASSED] - Test Cases/Tabung/tabung_disableESITabung: Test Cases/Tabung/tabung_disableESITabung

2022-06-27 11:46:19 - [TEST_STEP][PASSED] - tap(findTestObject("Tabung/tabungNameSelection", ["text":"Switzerland"]), 10): Tapped on element 'Object Repository/Tabung/tabungNameSelection'

2022-06-27 11:46:21 - [MESSAGE][PASSED] - Tapped on element 'Object Repository/Tabung/tabungNameSelection'

2022-06-27 11:46:21 - [TEST_STEP][PASSED] - tap(findTestObject("Tabung/tabungViewMoreDetailsBtn"), 0): Tapped on element 'Object Repository/Tabung/tabungViewMoreDetailsBtn'

2022-06-27 11:46:21 - [MESSAGE][WARNING] - Timeout '0' is invalid. Using default page load timeout: '40'

2022-06-27 11:46:21 - [MESSAGE][PASSED] - Tapped on element 'Object Repository/Tabung/tabungViewMoreDetailsBtn'

2022-06-27 11:46:21 - [TEST_STEP][PASSED] - delay(2): Delayed 2 second(s)

2022-06-27 11:46:23 - [MESSAGE][PASSED] - Delayed 2 second(s)

2022-06-27 11:46:23 - [TEST_STEP][PASSED] - tap(findTestObject("Tabung/tabungESIOffToggle"), 0): Tapped on element 'Object Repository/Tabung/tabungESIOffToggle'

2022-06-27 11:46:24 - [MESSAGE][WARNING] - Timeout '0' is invalid. Using default page load timeout: '40'

2022-06-27 11:46:24 - [MESSAGE][PASSED] - Tapped on element 'Object Repository/Tabung/tabungESIOffToggle'

2022-06-27 11:46:24 - [TEST_STEP][PASSED] - delay(2): Delayed 2 second(s)

2022-06-27 11:46:26 - [MESSAGE][PASSED] - Delayed 2 second(s)

2022-06-27 11:46:26 - [TEST_STEP][PASSED] - OTP1 = getText(findTestObject("Tabung/tabungOTPNumberTxt"), 0): Text of element 'Object Repository/Tabung/tabungOTPNumberTxt' is: 'Your Otp no. is 865960'

2022-06-27 11:46:26 - [MESSAGE][WARNING] - Timeout '0' is invalid. Using default page load timeout: '40'

2022-06-27 11:46:27 - [MESSAGE][PASSED] - Text of element 'Object Repository/Tabung/tabungOTPNumberTxt' is: 'Your Otp no. is 865960'

2022-06-27 11:46:27 - [TEST_STEP][PASSED] - for ([i = 16, i <= 21, (i++)]): null

2022-06-27 11:46:27 - [TEST_STEP][PASSED] - if (OTP1[i] == "0"): null

2022-06-27 11:46:27 - [TEST_STEP][PASSED] - if (OTP1[i] == "1"): null

2022-06-27 11:46:27 - [TEST_STEP][PASSED] - if (OTP1[i] == "2"): null

2022-06-27 11:46:27 - [TEST_STEP][PASSED] - if (OTP1[i] == "3"): null

2022-06-27 11:46:27 - [TEST_STEP][PASSED] - if (OTP1[i] == "4"): null

2022-06-27 11:46:27 - [TEST_STEP][PASSED] - if (OTP1[i] == "5"): null

2022-06-27 11:46:27 - [TEST_STEP][PASSED] - if (OTP1[i] == "6"): null

2022-06-27 11:46:27 - [TEST_STEP][PASSED] - if (OTP1[i] == "7"): null

2022-06-27 11:46:27 - [TEST_STEP][PASSED] - if (OTP1[i] == "8"): Tapped on element 'Object Repository/Login Onboarding/PIN8'

2022-06-27 11:46:27 - [TEST_STEP][PASSED] - tap(findTestObject("Login Onboarding/PIN8"), 0): Tapped on element 'Object Repository/Login Onboarding/PIN8'

2022-06-27 11:46:27 - [MESSAGE][WARNING] - Timeout '0' is invalid. Using default page load timeout: '40'

2022-06-27 11:46:27 - [MESSAGE][PASSED] - Tapped on element 'Object Repository/Login Onboarding/PIN8'

2022-06-27 11:46:27 - [TEST_STEP][PASSED] - if (OTP1[i] == "9"): null

2022-06-27 11:46:27 - [TEST_STEP][PASSED] - if (OTP1[i] == "0"): null

2022-06-27 11:46:27 - [TEST_STEP][PASSED] - if (OTP1[i] == "1"): null

2022-06-27 11:46:27 - [TEST_STEP][PASSED] - if (OTP1[i] == "2"): null

2022-06-27 11:46:27 - [TEST_STEP][PASSED] - if (OTP1[i] == "3"): null

2022-06-27 11:46:27 - [TEST_STEP][PASSED] - if (OTP1[i] == "4"): null

2022-06-27 11:46:27 - [TEST_STEP][PASSED] - if (OTP1[i] == "5"): null

2022-06-27 11:46:27 - [TEST_STEP][PASSED] - if (OTP1[i] == "6"): Tapped on element 'Object Repository/Login Onboarding/PIN6'

2022-06-27 11:46:27 - [TEST_STEP][PASSED] - tap(findTestObject("Login Onboarding/PIN6"), 0): Tapped on element 'Object Repository/Login Onboarding/PIN6'

2022-06-27 11:46:28 - [MESSAGE][WARNING] - Timeout '0' is invalid. Using default page load timeout: '40'

2022-06-27 11:46:30 - [MESSAGE][PASSED] - Tapped on element 'Object Repository/Login Onboarding/PIN6'

2022-06-27 11:46:30 - [TEST_STEP][PASSED] - if (OTP1[i] == "7"): null

2022-06-27 11:46:30 - [TEST_STEP][PASSED] - if (OTP1[i] == "8"): null

2022-06-27 11:46:30 - [TEST_STEP][PASSED] - if (OTP1[i] == "9"): null

2022-06-27 11:46:30 - [TEST_STEP][PASSED] - if (OTP1[i] == "0"): null

2022-06-27 11:46:30 - [TEST_STEP][PASSED] - if (OTP1[i] == "1"): null

2022-06-27 11:46:30 - [TEST_STEP][PASSED] - if (OTP1[i] == "2"): null

2022-06-27 11:46:30 - [TEST_STEP][PASSED] - if (OTP1[i] == "3"): null

2022-06-27 11:46:30 - [TEST_STEP][PASSED] - if (OTP1[i] == "4"): null

2022-06-27 11:46:30 - [TEST_STEP][PASSED] - if (OTP1[i] == "5"): Tapped on element 'Object Repository/Login Onboarding/PIN5'

2022-06-27 11:46:30 - [TEST_STEP][PASSED] - tap(findTestObject("Login Onboarding/PIN5"), 0): Tapped on element 'Object Repository/Login Onboarding/PIN5'

2022-06-27 11:46:30 - [MESSAGE][WARNING] - Timeout '0' is invalid. Using default page load timeout: '40'

2022-06-27 11:46:32 - [MESSAGE][PASSED] - Tapped on element 'Object Repository/Login Onboarding/PIN5'

2022-06-27 11:46:32 - [TEST_STEP][PASSED] - if (OTP1[i] == "6"): null

2022-06-27 11:46:32 - [TEST_STEP][PASSED] - if (OTP1[i] == "7"): null

2022-06-27 11:46:32 - [TEST_STEP][PASSED] - if (OTP1[i] == "8"): null

2022-06-27 11:46:32 - [TEST_STEP][PASSED] - if (OTP1[i] == "9"): null

2022-06-27 11:46:32 - [TEST_STEP][PASSED] - if (OTP1[i] == "0"): null

2022-06-27 11:46:32 - [TEST_STEP][PASSED] - if (OTP1[i] == "1"): null

2022-06-27 11:46:32 - [TEST_STEP][PASSED] - if (OTP1[i] == "2"): null

2022-06-27 11:46:32 - [TEST_STEP][PASSED] - if (OTP1[i] == "3"): null

2022-06-27 11:46:32 - [TEST_STEP][PASSED] - if (OTP1[i] == "4"): null

2022-06-27 11:46:32 - [TEST_STEP][PASSED] - if (OTP1[i] == "5"): null

2022-06-27 11:46:32 - [TEST_STEP][PASSED] - if (OTP1[i] == "6"): null

2022-06-27 11:46:32 - [TEST_STEP][PASSED] - if (OTP1[i] == "7"): null

2022-06-27 11:46:32 - [TEST_STEP][PASSED] - if (OTP1[i] == "8"): null

2022-06-27 11:46:32 - [TEST_STEP][PASSED] - if (OTP1[i] == "9"): Tapped on element 'Object Repository/Login Onboarding/PIN9'

2022-06-27 11:46:32 - [TEST_STEP][PASSED] - tap(findTestObject("Login Onboarding/PIN9"), 0): Tapped on element 'Object Repository/Login Onboarding/PIN9'

2022-06-27 11:46:32 - [MESSAGE][WARNING] - Timeout '0' is invalid. Using default page load timeout: '40'

2022-06-27 11:46:34 - [MESSAGE][PASSED] - Tapped on element 'Object Repository/Login Onboarding/PIN9'

2022-06-27 11:46:34 - [TEST_STEP][PASSED] - if (OTP1[i] == "0"): null

2022-06-27 11:46:34 - [TEST_STEP][PASSED] - if (OTP1[i] == "1"): null

2022-06-27 11:46:34 - [TEST_STEP][PASSED] - if (OTP1[i] == "2"): null

2022-06-27 11:46:34 - [TEST_STEP][PASSED] - if (OTP1[i] == "3"): null

2022-06-27 11:46:34 - [TEST_STEP][PASSED] - if (OTP1[i] == "4"): null

2022-06-27 11:46:34 - [TEST_STEP][PASSED] - if (OTP1[i] == "5"): null

2022-06-27 11:46:34 - [TEST_STEP][PASSED] - if (OTP1[i] == "6"): Tapped on element 'Object Repository/Login Onboarding/PIN6'

2022-06-27 11:46:34 - [TEST_STEP][PASSED] - tap(findTestObject("Login Onboarding/PIN6"), 0): Tapped on element 'Object Repository/Login Onboarding/PIN6'

2022-06-27 11:46:34 - [MESSAGE][WARNING] - Timeout '0' is invalid. Using default page load timeout: '40'

2022-06-27 11:46:36 - [MESSAGE][PASSED] - Tapped on element 'Object Repository/Login Onboarding/PIN6'

2022-06-27 11:46:36 - [TEST_STEP][PASSED] - if (OTP1[i] == "7"): null

2022-06-27 11:46:36 - [TEST_STEP][PASSED] - if (OTP1[i] == "8"): null

2022-06-27 11:46:36 - [TEST_STEP][PASSED] - if (OTP1[i] == "9"): null

2022-06-27 11:46:36 - [TEST_STEP][PASSED] - if (OTP1[i] == "0"): Tapped on element 'Object Repository/Login Onboarding/PIN0'

2022-06-27 11:46:36 - [TEST_STEP][PASSED] - tap(findTestObject("Login Onboarding/PIN0"), 0): Tapped on element 'Object Repository/Login Onboarding/PIN0'

2022-06-27 11:46:36 - [MESSAGE][WARNING] - Timeout '0' is invalid. Using default page load timeout: '40'

2022-06-27 11:46:38 - [MESSAGE][PASSED] - Tapped on element 'Object Repository/Login Onboarding/PIN0'

2022-06-27 11:46:38 - [TEST_STEP][PASSED] - if (OTP1[i] == "1"): null

2022-06-27 11:46:38 - [TEST_STEP][PASSED] - if (OTP1[i] == "2"): null

2022-06-27 11:46:38 - [TEST_STEP][PASSED] - if (OTP1[i] == "3"): null

2022-06-27 11:46:38 - [TEST_STEP][PASSED] - if (OTP1[i] == "4"): null

2022-06-27 11:46:38 - [TEST_STEP][PASSED] - if (OTP1[i] == "5"): null

2022-06-27 11:46:38 - [TEST_STEP][PASSED] - if (OTP1[i] == "6"): null

2022-06-27 11:46:38 - [TEST_STEP][PASSED] - if (OTP1[i] == "7"): null

2022-06-27 11:46:38 - [TEST_STEP][PASSED] - if (OTP1[i] == "8"): null

2022-06-27 11:46:38 - [TEST_STEP][PASSED] - if (OTP1[i] == "9"): null

2022-06-27 11:46:38 - [TEST_STEP][PASSED] - delay(3): Delayed 3 second(s)

2022-06-27 11:46:41 - [MESSAGE][PASSED] - Delayed 3 second(s)

2022-06-27 11:46:41 - [TEST_STEP][PASSED] - tap(findTestObject("Tabung/tabungTACTickBtn"), 0): Tapped on element 'Object Repository/Tabung/tabungTACTickBtn'

2022-06-27 11:46:41 - [MESSAGE][WARNING] - Timeout '0' is invalid. Using default page load timeout: '40'

2022-06-27 11:46:41 - [MESSAGE][PASSED] - Tapped on element 'Object Repository/Tabung/tabungTACTickBtn'

2022-06-27 11:46:41 - [TEST_STEP][PASSED] - verifyElementText(findTestObject("Tabung/tabungSummaryAutoDeductSuccessDisableTxt"), "Auto deduction successfully disabled."): Actual text and expected text of test object 'Object Repository/Tabung/tabungSummaryAutoDeductSuccessDisableTxt' are matched.

2022-06-27 11:46:47 - [MESSAGE][PASSED] - Actual text and expected text of test object 'Object Repository/Tabung/tabungSummaryAutoDeductSuccessDisableTxt' are matched.

2022-06-27 11:46:47 - [TEST_STEP][PASSED] - delay(3): Delayed 3 second(s)

2022-06-27 11:46:50 - [MESSAGE][PASSED] - Delayed 3 second(s)

2022-06-27 11:46:50 - [TEST_STEP][PASSED] - takeScreenshot("/Users/a00139272/Desktop/Screenshot/disableTabung.png"): Screenshot is taken

2022-06-27 11:46:51 - [MESSAGE][PASSED] - Screenshot is taken
[[ATTACHMENT|/Users/a00139272/Desktop/Screenshot/disableTabung.png]]

2022-06-27 11:46:51 - [TEST_STEP][PASSED] - verifyElementVisible(findTestObject("Main/mainDoneBtn"), 0): Element 'Object Repository/Main/mainDoneBtn' is visible

2022-06-27 11:46:51 - [MESSAGE][WARNING] - Timeout '0' is invalid. Using default page load timeout: '40'

2022-06-27 11:46:51 - [MESSAGE][PASSED] - Element 'Object Repository/Main/mainDoneBtn' is visible

2022-06-27 11:46:51 - [TEST_STEP][PASSED] - tap(findTestObject("Main/mainDoneBtn"), 0): Tapped on element 'Object Repository/Main/mainDoneBtn'

2022-06-27 11:46:51 - [MESSAGE][WARNING] - Timeout '0' is invalid. Using default page load timeout: '40'

2022-06-27 11:46:52 - [MESSAGE][PASSED] - Tapped on element 'Object Repository/Main/mainDoneBtn'

2022-06-27 11:46:52 - [TEST_STEP][PASSED] - delay(5): Delayed 5 second(s)

2022-06-27 11:46:57 - [MESSAGE][PASSED] - Delayed 5 second(s)]]></system-out>
         <system-err><![CDATA[]]></system-err>
      </testcase>
      <testcase name="Test Cases/Tabung/tabung_renameTabung" time="17.506" classname="Test Cases/Tabung/tabung_renameTabung" status="PASSED">
         <system-out><![CDATA[2022-06-27 11:46:57 - [TEST_CASE][PASSED] - Test Cases/Tabung/tabung_renameTabung: Test Cases/Tabung/tabung_renameTabung

2022-06-27 11:46:57 - [TEST_STEP][PASSED] - delay(2): Delayed 2 second(s)

2022-06-27 11:46:59 - [MESSAGE][PASSED] - Delayed 2 second(s)

2022-06-27 11:46:59 - [TEST_STEP][PASSED] - tap(findTestObject("Tabung/tabungThreeDotsBtn"), 0): Tapped on element 'Object Repository/Tabung/tabungThreeDotsBtn'

2022-06-27 11:46:59 - [MESSAGE][WARNING] - Timeout '0' is invalid. Using default page load timeout: '40'

2022-06-27 11:46:59 - [MESSAGE][PASSED] - Tapped on element 'Object Repository/Tabung/tabungThreeDotsBtn'

2022-06-27 11:46:59 - [TEST_STEP][PASSED] - tap(findTestObject("Tabung/tabungThreeDotsRenameBtn"), 0): Tapped on element 'Object Repository/Tabung/tabungThreeDotsRenameBtn'

2022-06-27 11:46:59 - [MESSAGE][WARNING] - Timeout '0' is invalid. Using default page load timeout: '40'

2022-06-27 11:47:02 - [MESSAGE][PASSED] - Tapped on element 'Object Repository/Tabung/tabungThreeDotsRenameBtn'

2022-06-27 11:47:02 - [TEST_STEP][PASSED] - delay(2): Delayed 2 second(s)

2022-06-27 11:47:04 - [MESSAGE][PASSED] - Delayed 2 second(s)

2022-06-27 11:47:04 - [TEST_STEP][PASSED] - clearText(findTestObject("Tabung/tabungRenameInputField"), 10): Element 'Object Repository/Tabung/tabungRenameInputField' text is cleared

2022-06-27 11:47:04 - [MESSAGE][PASSED] - Element 'Object Repository/Tabung/tabungRenameInputField' text is cleared

2022-06-27 11:47:04 - [TEST_STEP][PASSED] - setText(findTestObject("Tabung/tabungRenameInputField"), "Singapore", 0): Text 'Singapore' has been set to element 'Object Repository/Tabung/tabungRenameInputField'

2022-06-27 11:47:04 - [MESSAGE][WARNING] - Timeout '0' is invalid. Using default page load timeout: '40'

2022-06-27 11:47:05 - [MESSAGE][PASSED] - Text 'Singapore' has been set to element 'Object Repository/Tabung/tabungRenameInputField'

2022-06-27 11:47:05 - [TEST_STEP][PASSED] - hideKeyboard(): Keyboard is hidden

2022-06-27 11:47:07 - [MESSAGE][PASSED] - Keyboard is hidden

2022-06-27 11:47:07 - [TEST_STEP][PASSED] - verifyElementVisible(findTestObject("Tabung/tabungConfirmBtn"), 0): Element 'Object Repository/Tabung/tabungConfirmBtn' is visible

2022-06-27 11:47:07 - [MESSAGE][WARNING] - Timeout '0' is invalid. Using default page load timeout: '40'

2022-06-27 11:47:08 - [MESSAGE][PASSED] - Element 'Object Repository/Tabung/tabungConfirmBtn' is visible

2022-06-27 11:47:08 - [TEST_STEP][PASSED] - tap(findTestObject("Tabung/tabungConfirmBtn"), 0): Tapped on element 'Object Repository/Tabung/tabungConfirmBtn'

2022-06-27 11:47:08 - [MESSAGE][WARNING] - Timeout '0' is invalid. Using default page load timeout: '40'

2022-06-27 11:47:08 - [MESSAGE][PASSED] - Tapped on element 'Object Repository/Tabung/tabungConfirmBtn'

2022-06-27 11:47:08 - [TEST_STEP][PASSED] - delay(5): Delayed 5 second(s)

2022-06-27 11:47:13 - [MESSAGE][PASSED] - Delayed 5 second(s)

2022-06-27 11:47:13 - [TEST_STEP][PASSED] - takeScreenshot("/Users/a00139272/Desktop/Screenshot/renameTabung.png"): Screenshot is taken

2022-06-27 11:47:14 - [MESSAGE][PASSED] - Screenshot is taken
[[ATTACHMENT|/Users/a00139272/Desktop/Screenshot/renameTabung.png]]

2022-06-27 11:47:14 - [TEST_STEP][PASSED] - verifyElementVisible(findTestObject("Tabung/tabungNameSelection", ["text":"Singapore"]), 0): Element 'Object Repository/Tabung/tabungNameSelection' is visible

2022-06-27 11:47:14 - [MESSAGE][WARNING] - Timeout '0' is invalid. Using default page load timeout: '40'

2022-06-27 11:47:14 - [MESSAGE][PASSED] - Element 'Object Repository/Tabung/tabungNameSelection' is visible]]></system-out>
         <system-err><![CDATA[]]></system-err>
      </testcase>
      <testcase name="Test Cases/Tabung/tabung_removeTabung" time="56.678" classname="Test Cases/Tabung/tabung_removeTabung" status="PASSED">
         <system-out><![CDATA[2022-06-27 11:47:14 - [TEST_CASE][PASSED] - Test Cases/Tabung/tabung_removeTabung: Test Cases/Tabung/tabung_removeTabung

2022-06-27 11:47:14 - [TEST_STEP][PASSED] - tap(findTestObject("Tabung/tabungNameSelection", ["text":"Singapore"]), 10): Tapped on element 'Object Repository/Tabung/tabungNameSelection'

2022-06-27 11:47:15 - [MESSAGE][PASSED] - Tapped on element 'Object Repository/Tabung/tabungNameSelection'

2022-06-27 11:47:15 - [TEST_STEP][PASSED] - delay(2): Delayed 2 second(s)

2022-06-27 11:47:17 - [MESSAGE][PASSED] - Delayed 2 second(s)

2022-06-27 11:47:17 - [TEST_STEP][PASSED] - tap(findTestObject("Tabung/tabungThreeDotsBtn"), 0): Tapped on element 'Object Repository/Tabung/tabungThreeDotsBtn'

2022-06-27 11:47:17 - [MESSAGE][WARNING] - Timeout '0' is invalid. Using default page load timeout: '40'

2022-06-27 11:47:17 - [MESSAGE][PASSED] - Tapped on element 'Object Repository/Tabung/tabungThreeDotsBtn'

2022-06-27 11:47:17 - [TEST_STEP][PASSED] - delay(2): Delayed 2 second(s)

2022-06-27 11:47:19 - [MESSAGE][PASSED] - Delayed 2 second(s)

2022-06-27 11:47:19 - [TEST_STEP][PASSED] - tap(findTestObject("Tabung/tabungThreeDtosRemoveBtn"), 0): Tapped on element 'Object Repository/Tabung/tabungThreeDtosRemoveBtn'

2022-06-27 11:47:19 - [MESSAGE][WARNING] - Timeout '0' is invalid. Using default page load timeout: '40'

2022-06-27 11:47:20 - [MESSAGE][PASSED] - Tapped on element 'Object Repository/Tabung/tabungThreeDtosRemoveBtn'

2022-06-27 11:47:20 - [TEST_STEP][PASSED] - delay(2): Delayed 2 second(s)

2022-06-27 11:47:22 - [MESSAGE][PASSED] - Delayed 2 second(s)

2022-06-27 11:47:22 - [TEST_STEP][PASSED] - tap(findTestObject("Tabung/tabungRemoveConfirmBtn"), 0): Tapped on element 'Object Repository/Tabung/tabungRemoveConfirmBtn'

2022-06-27 11:47:22 - [MESSAGE][WARNING] - Timeout '0' is invalid. Using default page load timeout: '40'

2022-06-27 11:47:22 - [MESSAGE][PASSED] - Tapped on element 'Object Repository/Tabung/tabungRemoveConfirmBtn'

2022-06-27 11:47:22 - [TEST_STEP][PASSED] - delay(5): Delayed 5 second(s)

2022-06-27 11:47:27 - [MESSAGE][PASSED] - Delayed 5 second(s)

2022-06-27 11:47:27 - [TEST_STEP][PASSED] - tap(findTestObject("Tabung/tabungContinueBtn"), 0): Tapped on element 'Object Repository/Tabung/tabungContinueBtn'

2022-06-27 11:47:27 - [MESSAGE][WARNING] - Timeout '0' is invalid. Using default page load timeout: '40'

2022-06-27 11:47:28 - [MESSAGE][PASSED] - Tapped on element 'Object Repository/Tabung/tabungContinueBtn'

2022-06-27 11:47:28 - [TEST_STEP][PASSED] - delay(2): Delayed 2 second(s)

2022-06-27 11:47:30 - [MESSAGE][PASSED] - Delayed 2 second(s)

2022-06-27 11:47:30 - [TEST_STEP][PASSED] - if (verifyElementVisible(findTestObject("Tabung/tabungEnterPasswordTxt"), 10, OPTIONAL)): Element 'Object Repository/Tabung/tabungEnterPasswordTxt' not found

2022-06-27 11:47:40 - [MESSAGE][WARNING] - Element 'Object Repository/Tabung/tabungEnterPasswordTxt' not found

2022-06-27 11:47:40 - [TEST_STEP][PASSED] - tap(findTestObject("Tabung/tabungWithdrawFundBtn"), 0): Tapped on element 'Object Repository/Tabung/tabungWithdrawFundBtn'

2022-06-27 11:47:40 - [MESSAGE][WARNING] - Timeout '0' is invalid. Using default page load timeout: '40'

2022-06-27 11:47:40 - [MESSAGE][PASSED] - Tapped on element 'Object Repository/Tabung/tabungWithdrawFundBtn'

2022-06-27 11:47:40 - [TEST_STEP][PASSED] - delay(2): Delayed 2 second(s)

2022-06-27 11:47:42 - [MESSAGE][PASSED] - Delayed 2 second(s)

2022-06-27 11:47:42 - [TEST_STEP][PASSED] - if (verifyElementVisible(findTestObject("Object Repository/Festive Season/festiveReturnAngpaoTACNoTxt"), 10, OPTIONAL)): Element 'Object Repository/Festive Season/festiveReturnAngpaoTACNoTxt' not found

2022-06-27 11:47:52 - [MESSAGE][WARNING] - Element 'Object Repository/Festive Season/festiveReturnAngpaoTACNoTxt' not found

2022-06-27 11:47:52 - [TEST_STEP][PASSED] - else: Delayed 10 second(s)

2022-06-27 11:47:52 - [TEST_STEP][PASSED] - verifyElementVisible(findTestObject("Main/mainS2UApproveBtn"), 0): Element 'Object Repository/Main/mainS2UApproveBtn' is visible

2022-06-27 11:47:52 - [MESSAGE][WARNING] - Timeout '0' is invalid. Using default page load timeout: '40'

2022-06-27 11:47:52 - [MESSAGE][PASSED] - Element 'Object Repository/Main/mainS2UApproveBtn' is visible

2022-06-27 11:47:52 - [TEST_STEP][PASSED] - tap(findTestObject("Main/mainS2UApproveBtn"), 0): Tapped on element 'Object Repository/Main/mainS2UApproveBtn'

2022-06-27 11:47:52 - [MESSAGE][WARNING] - Timeout '0' is invalid. Using default page load timeout: '40'

2022-06-27 11:47:52 - [MESSAGE][PASSED] - Tapped on element 'Object Repository/Main/mainS2UApproveBtn'

2022-06-27 11:47:52 - [TEST_STEP][PASSED] - delay(10): Delayed 10 second(s)

2022-06-27 11:48:02 - [MESSAGE][PASSED] - Delayed 10 second(s)

2022-06-27 11:48:02 - [TEST_STEP][PASSED] - message = getText(findTestObject("Tabung/tabungRemoveSummaryTransferTxt"), 10): Text of element 'Object Repository/Tabung/tabungRemoveSummaryTransferTxt' is: 'You've successfully removed the Singapore Tabung. RM 0.01 has been transferred back into your account.'

2022-06-27 11:48:03 - [MESSAGE][PASSED] - Text of element 'Object Repository/Tabung/tabungRemoveSummaryTransferTxt' is: 'You've successfully removed the Singapore Tabung. RM 0.01 has been transferred back into your account.'

2022-06-27 11:48:03 - [TEST_STEP][PASSED] - delay(2): Delayed 2 second(s)

2022-06-27 11:48:05 - [MESSAGE][PASSED] - Delayed 2 second(s)

2022-06-27 11:48:05 - [TEST_STEP][PASSED] - verifyElementText(findTestObject("Tabung/tabungRemoveSummaryTransferTxt"), "You've successfully removed the Singapore Tabung. RM 0.01 has been transferred back into your account."): Actual text and expected text of test object 'Object Repository/Tabung/tabungRemoveSummaryTransferTxt' are matched.

2022-06-27 11:48:05 - [MESSAGE][PASSED] - Actual text and expected text of test object 'Object Repository/Tabung/tabungRemoveSummaryTransferTxt' are matched.

2022-06-27 11:48:05 - [TEST_STEP][PASSED] - takeScreenshot("/Users/a00139272/Desktop/Screenshot/removeTabung.png"): Screenshot is taken

2022-06-27 11:48:05 - [MESSAGE][PASSED] - Screenshot is taken
[[ATTACHMENT|/Users/a00139272/Desktop/Screenshot/removeTabung.png]]

2022-06-27 11:48:05 - [TEST_STEP][PASSED] - verifyElementVisible(findTestObject("Main/mainDoneBtn"), 0): Element 'Object Repository/Main/mainDoneBtn' is visible

2022-06-27 11:48:06 - [MESSAGE][WARNING] - Timeout '0' is invalid. Using default page load timeout: '40'

2022-06-27 11:48:06 - [MESSAGE][PASSED] - Element 'Object Repository/Main/mainDoneBtn' is visible

2022-06-27 11:48:06 - [TEST_STEP][PASSED] - tap(findTestObject("Main/mainDoneBtn"), 0): Tapped on element 'Object Repository/Main/mainDoneBtn'

2022-06-27 11:48:06 - [MESSAGE][WARNING] - Timeout '0' is invalid. Using default page load timeout: '40'

2022-06-27 11:48:06 - [MESSAGE][PASSED] - Tapped on element 'Object Repository/Main/mainDoneBtn'

2022-06-27 11:48:06 - [TEST_STEP][PASSED] - delay(5): Delayed 5 second(s)

2022-06-27 11:48:11 - [MESSAGE][PASSED] - Delayed 5 second(s)]]></system-out>
         <system-err><![CDATA[]]></system-err>
      </testcase>
      <system-out><![CDATA[2022-06-27 11:37:04 - [TEST_SUITE][PASSED] - Regress 2: Test Cases/Tabung/tabung_removeTabung]]></system-out>
      <system-err><![CDATA[]]></system-err>
   </testsuite>
</testsuites>
