<?xml version="1.0" encoding="UTF-8"?>
<testsuites name="Regress 5" time="3568.006" tests="10" failures="4" errors="0">
   <testsuite name="Regress 5" tests="10" failures="4" errors="0" time="3568.006" skipped="0" timestamp="2022-06-16 14:17:43" hostname="a00139272 - localhost" id="Test Suites/Regress 5">
      <properties>
         <property name="deviceName" value="Xiaomi 21061119AG (Android 11)"/>
         <property name="devicePlatform" value=""/>
         <property name="logFolder" value="/Users/a00139272/git/MAE-BAU-MY/Reports/20220616_141734/Regress 5/20220616_141734"/>
         <property name="logFiles" value="/Users/a00139272/git/MAE-BAU-MY/Reports/20220616_141734/Regress 5/20220616_141734/execution0.log, /Users/a00139272/git/MAE-BAU-MY/Reports/20220616_141734/Regress 5/20220616_141734/appium.log"/>
         <property name="attachments" value="/Users/a00139272/Desktop/Screenshot/asnbTransfer.png, /Users/a00139272/Desktop/Screenshot/instantThirdParty.png, /Users/a00139272/Desktop/Screenshot/thirdPartyFuture.png, /Users/a00139272/Desktop/Screenshot/thirdPartySetFav.png, /Users/a00139272/Desktop/Screenshot/thirdPartyFav.png, /Users/a00139272/git/MAEAutomation2/Duitnow/1.png, /Users/a00139272/git/MAEAutomation2/Duitnow/2.png, /Users/a00139272/git/MAEAutomation2/Duitnow/3.png, /Users/a00139272/git/MAEAutomation2/Duitnow/1.png, /Users/a00139272/Desktop/Screenshot/duitNowMobile.png, /Users/a00139272/Desktop/Screenshot/duitNowBReg.png, /Users/a00139272/Desktop/Screenshot/duitNowRecurring.png, /Users/a00139272/Desktop/Screenshot/duitNowAddFav.png, /Users/a00139272/Desktop/Screenshot/duitNowFav.png"/>
         <property name="hostName" value="a00139272 - localhost"/>
         <property name="os" value="Mac OS X 64bit"/>
         <property name="appiumServerStatus" value="{&quot;value&quot;:{&quot;build&quot;:{&quot;version&quot;:&quot;1.22.1&quot;}},&quot;sessionId&quot;:null,&quot;status&quot;:0}"/>
         <property name="katalonVersion" value="8.3.5.208"/>
         <property name="deviceOS" value="Android"/>
         <property name="appiumVersion" value="1.22.1"/>
         <property name="deviceModel" value="21061119AG"/>
         <property name="hostAddress" value="127.0.0.1"/>
         <property name="deviceManufacturer" value="Xiaomi"/>
         <property name="deviceId" value="002b9cc60508"/>
         <property name="deviceName" value="Xiaomi 21061119AG (Android 11)"/>
         <property name="deviceOSVersion" value="11"/>
      </properties>
      <testcase name="Test Cases/Transfer/asnb_asnbTransfer" time="614.277" classname="Test Cases/Transfer/asnb_asnbTransfer" status="FAILED">
         <failure type="FAILED" message="Test Cases/Transfer/asnb_asnbTransfer FAILED.
Reason:
com.kms.katalon.core.exception.StepFailedException: Element 'Object Repository/ASNB/transferASNBConfirmationProductNameTxt' not found
	at com.kms.katalon.core.keyword.internal.KeywordMain.stepFailed(KeywordMain.groovy:39)
	at com.kms.katalon.core.mobile.keyword.internal.MobileKeywordMain.stepFailed(MobileKeywordMain.groovy:40)
	at com.kms.katalon.core.mobile.keyword.builtin.VerifyElementTextKeyword$_verifyElementText_closure1.doCall(VerifyElementTextKeyword.groovy:49)
	at com.kms.katalon.core.mobile.keyword.builtin.VerifyElementTextKeyword$_verifyElementText_closure1.call(VerifyElementTextKeyword.groovy)
	at com.kms.katalon.core.mobile.keyword.internal.MobileKeywordMain.runKeyword(MobileKeywordMain.groovy:21)
	at com.kms.katalon.core.mobile.keyword.builtin.VerifyElementTextKeyword.verifyElementText(VerifyElementTextKeyword.groovy:62)
	at com.kms.katalon.core.mobile.keyword.builtin.VerifyElementTextKeyword.execute(VerifyElementTextKeyword.groovy:39)
	at com.kms.katalon.core.keyword.internal.KeywordExecutor.executeKeywordForPlatform(KeywordExecutor.groovy:74)
	at com.kms.katalon.core.mobile.keyword.MobileBuiltInKeywords.verifyElementText(MobileBuiltInKeywords.groovy:2901)
	at com.kms.katalon.core.mobile.keyword.MobileBuiltInKeywords$verifyElementText$9.call(Unknown Source)
	at asnb_asnbTransfer.run(asnb_asnbTransfer:215)
	at com.kms.katalon.core.main.ScriptEngine.run(ScriptEngine.java:194)
	at com.kms.katalon.core.main.ScriptEngine.runScriptAsRawText(ScriptEngine.java:119)
	at com.kms.katalon.core.main.TestCaseExecutor.runScript(TestCaseExecutor.java:445)
	at com.kms.katalon.core.main.TestCaseExecutor.doExecute(TestCaseExecutor.java:436)
	at com.kms.katalon.core.main.TestCaseExecutor.processExecutionPhase(TestCaseExecutor.java:415)
	at com.kms.katalon.core.main.TestCaseExecutor.accessMainPhase(TestCaseExecutor.java:407)
	at com.kms.katalon.core.main.TestCaseExecutor.execute(TestCaseExecutor.java:284)
	at com.kms.katalon.core.common.CommonExecutor.accessTestCaseMainPhase(CommonExecutor.java:65)
	at com.kms.katalon.core.main.TestSuiteExecutor.accessTestSuiteMainPhase(TestSuiteExecutor.java:144)
	at com.kms.katalon.core.main.TestSuiteExecutor.execute(TestSuiteExecutor.java:106)
	at com.kms.katalon.core.main.TestCaseMain.startTestSuite(TestCaseMain.java:185)
	at com.kms.katalon.core.main.TestCaseMain$startTestSuite$0.call(Unknown Source)
	at TempTestSuite1655360254384.run(TempTestSuite1655360254384.groovy:36)
"/>
         <system-out><![CDATA[2022-06-16 14:17:43 - [TEST_CASE][FAILED] - Test Cases/Transfer/asnb_asnbTransfer: Test Cases/Transfer/asnb_asnbTransfer FAILED.
Reason:
com.kms.katalon.core.exception.StepFailedException: Element 'Object Repository/ASNB/transferASNBConfirmationProductNameTxt' not found
	at com.kms.katalon.core.keyword.internal.KeywordMain.stepFailed(KeywordMain.groovy:39)
	at com.kms.katalon.core.mobile.keyword.internal.MobileKeywordMain.stepFailed(MobileKeywordMain.groovy:40)
	at com.kms.katalon.core.mobile.keyword.builtin.VerifyElementTextKeyword$_verifyElementText_closure1.doCall(VerifyElementTextKeyword.groovy:49)
	at com.kms.katalon.core.mobile.keyword.builtin.VerifyElementTextKeyword$_verifyElementText_closure1.call(VerifyElementTextKeyword.groovy)
	at com.kms.katalon.core.mobile.keyword.internal.MobileKeywordMain.runKeyword(MobileKeywordMain.groovy:21)
	at com.kms.katalon.core.mobile.keyword.builtin.VerifyElementTextKeyword.verifyElementText(VerifyElementTextKeyword.groovy:62)
	at com.kms.katalon.core.mobile.keyword.builtin.VerifyElementTextKeyword.execute(VerifyElementTextKeyword.groovy:39)
	at com.kms.katalon.core.keyword.internal.KeywordExecutor.executeKeywordForPlatform(KeywordExecutor.groovy:74)
	at com.kms.katalon.core.mobile.keyword.MobileBuiltInKeywords.verifyElementText(MobileBuiltInKeywords.groovy:2901)
	at com.kms.katalon.core.mobile.keyword.MobileBuiltInKeywords$verifyElementText$9.call(Unknown Source)
	at asnb_asnbTransfer.run(asnb_asnbTransfer:215)
	at com.kms.katalon.core.main.ScriptEngine.run(ScriptEngine.java:194)
	at com.kms.katalon.core.main.ScriptEngine.runScriptAsRawText(ScriptEngine.java:119)
	at com.kms.katalon.core.main.TestCaseExecutor.runScript(TestCaseExecutor.java:445)
	at com.kms.katalon.core.main.TestCaseExecutor.doExecute(TestCaseExecutor.java:436)
	at com.kms.katalon.core.main.TestCaseExecutor.processExecutionPhase(TestCaseExecutor.java:415)
	at com.kms.katalon.core.main.TestCaseExecutor.accessMainPhase(TestCaseExecutor.java:407)
	at com.kms.katalon.core.main.TestCaseExecutor.execute(TestCaseExecutor.java:284)
	at com.kms.katalon.core.common.CommonExecutor.accessTestCaseMainPhase(CommonExecutor.java:65)
	at com.kms.katalon.core.main.TestSuiteExecutor.accessTestSuiteMainPhase(TestSuiteExecutor.java:144)
	at com.kms.katalon.core.main.TestSuiteExecutor.execute(TestSuiteExecutor.java:106)
	at com.kms.katalon.core.main.TestCaseMain.startTestSuite(TestCaseMain.java:185)
	at com.kms.katalon.core.main.TestCaseMain$startTestSuite$0.call(Unknown Source)
	at TempTestSuite1655360254384.run(TempTestSuite1655360254384.groovy:36)


2022-06-16 14:17:44 - [TEST_STEP][PASSED] - setMobileDriverPreferencesProperty("appPackage", "com.maybank2u.life.uat"): null

2022-06-16 14:17:44 - [TEST_STEP][PASSED] - setMobileDriverPreferencesProperty("appActivity", "com.maybank2u.life.MainActivity"): null

2022-06-16 14:17:44 - [TEST_STEP][PASSED] - startApplication("/Users/a00139272/Katalon Studio/MAE/androidapp/app-sit-universal-release-copy.apk", false): Started app at: '/Users/a00139272/Katalon Studio/MAE/androidapp/app-sit-universal-release-copy.apk'

2022-06-16 14:17:44 - [MESSAGE][INFO] - User set preference: ['appWaitActivity', '*']

2022-06-16 14:17:44 - [MESSAGE][INFO] - User set preference: ['deviceId', '002b9cc60508']

2022-06-16 14:17:44 - [MESSAGE][INFO] - User set preference: ['appPackage', 'com.maybank2u.life.uat']

2022-06-16 14:17:44 - [MESSAGE][INFO] - User set preference: ['appActivity', 'com.maybank2u.life.MainActivity']

2022-06-16 14:17:44 - [MESSAGE][INFO] - Detected NodeJS location: "/usr/local/Cellar/node/17.0.1/bin/node"

2022-06-16 14:17:46 - [MESSAGE][INFO] - Appium server started on port 60,817

2022-06-16 14:17:59 - [MESSAGE][PASSED] - Started app at: '/Users/a00139272/Katalon Studio/MAE/androidapp/app-sit-universal-release-copy.apk'

2022-06-16 14:17:59 - [TEST_STEP][PASSED] - delay(5): Delayed 5 second(s)

2022-06-16 14:18:04 - [MESSAGE][PASSED] - Delayed 5 second(s)

2022-06-16 14:18:04 - [TEST_STEP][PASSED] - device_Height = getDeviceHeight(): Current device physical height is 2167

2022-06-16 14:18:05 - [MESSAGE][PASSED] - Current device physical height is 2167

2022-06-16 14:18:05 - [TEST_STEP][PASSED] - device_Width = getDeviceWidth(): Current device physical width is 1080

2022-06-16 14:18:05 - [MESSAGE][PASSED] - Current device physical width is 1080

2022-06-16 14:18:05 - [TEST_STEP][PASSED] - startX = device_Width / 3: null

2022-06-16 14:18:05 - [TEST_STEP][PASSED] - startY = device_Height * 0.97: null

2022-06-16 14:18:05 - [TEST_STEP][PASSED] - tapAtPosition(startX, startY): Tapped at [360, 2,101]

2022-06-16 14:18:05 - [MESSAGE][PASSED] - Tapped at [360, 2,101]

2022-06-16 14:18:05 - [TEST_STEP][PASSED] - if (verifyElementVisible(findTestObject("Main/mainEnterPINMessage"), 0, OPTIONAL)): null

2022-06-16 14:18:05 - [MESSAGE][WARNING] - Timeout '0' is invalid. Using default page load timeout: '40'

2022-06-16 14:18:06 - [MESSAGE][PASSED] - Element 'Object Repository/Main/mainEnterPINMessage' is visible

2022-06-16 14:18:06 - [TEST_STEP][PASSED] - tap(findTestObject("Login Onboarding/PIN1"), 0): Tapped on element 'Object Repository/Login Onboarding/PIN1'

2022-06-16 14:18:06 - [MESSAGE][WARNING] - Timeout '0' is invalid. Using default page load timeout: '40'

2022-06-16 14:18:07 - [MESSAGE][PASSED] - Tapped on element 'Object Repository/Login Onboarding/PIN1'

2022-06-16 14:18:07 - [TEST_STEP][PASSED] - tap(findTestObject("Login Onboarding/PIN1"), 0): Tapped on element 'Object Repository/Login Onboarding/PIN1'

2022-06-16 14:18:07 - [MESSAGE][WARNING] - Timeout '0' is invalid. Using default page load timeout: '40'

2022-06-16 14:18:08 - [MESSAGE][PASSED] - Tapped on element 'Object Repository/Login Onboarding/PIN1'

2022-06-16 14:18:08 - [TEST_STEP][PASSED] - tap(findTestObject("Login Onboarding/PIN1"), 0): Tapped on element 'Object Repository/Login Onboarding/PIN1'

2022-06-16 14:18:08 - [MESSAGE][WARNING] - Timeout '0' is invalid. Using default page load timeout: '40'

2022-06-16 14:18:10 - [MESSAGE][PASSED] - Tapped on element 'Object Repository/Login Onboarding/PIN1'

2022-06-16 14:18:10 - [TEST_STEP][PASSED] - tap(findTestObject("Login Onboarding/PIN1"), 0): Tapped on element 'Object Repository/Login Onboarding/PIN1'

2022-06-16 14:18:10 - [MESSAGE][WARNING] - Timeout '0' is invalid. Using default page load timeout: '40'

2022-06-16 14:18:12 - [MESSAGE][PASSED] - Tapped on element 'Object Repository/Login Onboarding/PIN1'

2022-06-16 14:18:12 - [TEST_STEP][PASSED] - tap(findTestObject("Login Onboarding/PIN1"), 0): Tapped on element 'Object Repository/Login Onboarding/PIN1'

2022-06-16 14:18:12 - [MESSAGE][WARNING] - Timeout '0' is invalid. Using default page load timeout: '40'

2022-06-16 14:18:14 - [MESSAGE][PASSED] - Tapped on element 'Object Repository/Login Onboarding/PIN1'

2022-06-16 14:18:14 - [TEST_STEP][PASSED] - tap(findTestObject("Login Onboarding/PIN2"), 0): Tapped on element 'Object Repository/Login Onboarding/PIN2'

2022-06-16 14:18:14 - [MESSAGE][WARNING] - Timeout '0' is invalid. Using default page load timeout: '40'

2022-06-16 14:18:16 - [MESSAGE][PASSED] - Tapped on element 'Object Repository/Login Onboarding/PIN2'

2022-06-16 14:18:16 - [TEST_STEP][PASSED] - delay(2): Delayed 2 second(s)

2022-06-16 14:18:18 - [MESSAGE][PASSED] - Delayed 2 second(s)

2022-06-16 14:18:18 - [TEST_STEP][PASSED] - verifyElementVisible(findTestObject("Banking/m2uAccountTypeSelection", ["text":"MAE"]), 10): Element 'Object Repository/Banking/m2uAccountTypeSelection' is visible

2022-06-16 14:18:25 - [MESSAGE][PASSED] - Element 'Object Repository/Banking/m2uAccountTypeSelection' is visible

2022-06-16 14:18:25 - [TEST_STEP][PASSED] - tap(findTestObject("Banking/m2uAccountTypeSelection", ["text":"MAE"]), 10): Tapped on element 'Object Repository/Banking/m2uAccountTypeSelection'

2022-06-16 14:18:25 - [MESSAGE][PASSED] - Tapped on element 'Object Repository/Banking/m2uAccountTypeSelection'

2022-06-16 14:18:25 - [TEST_STEP][PASSED] - delay(5): Delayed 5 second(s)

2022-06-16 14:18:30 - [MESSAGE][PASSED] - Delayed 5 second(s)

2022-06-16 14:18:30 - [TEST_STEP][PASSED] - tap(findTestObject("Banking/m2uAccountTransferIconSelect"), 0): Tapped on element 'Object Repository/Banking/m2uAccountTransferIconSelect'

2022-06-16 14:18:30 - [MESSAGE][WARNING] - Timeout '0' is invalid. Using default page load timeout: '40'

2022-06-16 14:18:30 - [MESSAGE][PASSED] - Tapped on element 'Object Repository/Banking/m2uAccountTransferIconSelect'

2022-06-16 14:18:30 - [TEST_STEP][PASSED] - delay(3): Delayed 3 second(s)

2022-06-16 14:18:33 - [MESSAGE][PASSED] - Delayed 3 second(s)

2022-06-16 14:18:33 - [TEST_STEP][PASSED] - if (verifyElementVisible(findTestObject("Tabung/tabungEnterPasswordTxt"), 0, OPTIONAL)): null

2022-06-16 14:18:34 - [MESSAGE][WARNING] - Timeout '0' is invalid. Using default page load timeout: '40'

2022-06-16 14:19:24 - [MESSAGE][PASSED] - Element 'Object Repository/Tabung/tabungEnterPasswordTxt' is visible

2022-06-16 14:19:24 - [TEST_STEP][PASSED] - setText(findTestObject("Tabung/tabungSignInInputPasswordField"), Password, 0): Text 'pass1234' has been set to element 'Object Repository/Tabung/tabungSignInInputPasswordField'

2022-06-16 14:19:24 - [MESSAGE][WARNING] - Timeout '0' is invalid. Using default page load timeout: '40'

2022-06-16 14:21:15 - [MESSAGE][PASSED] - Text 'pass1234' has been set to element 'Object Repository/Tabung/tabungSignInInputPasswordField'

2022-06-16 14:21:15 - [TEST_STEP][PASSED] - hideKeyboard(): Keyboard is hidden

2022-06-16 14:21:19 - [MESSAGE][PASSED] - Keyboard is hidden

2022-06-16 14:21:19 - [TEST_STEP][PASSED] - tap(findTestObject("Tabung/tabungSignInContinueBtn"), 0): Tapped on element 'Object Repository/Tabung/tabungSignInContinueBtn'

2022-06-16 14:21:19 - [MESSAGE][WARNING] - Timeout '0' is invalid. Using default page load timeout: '40'

2022-06-16 14:22:20 - [MESSAGE][PASSED] - Tapped on element 'Object Repository/Tabung/tabungSignInContinueBtn'

2022-06-16 14:22:20 - [TEST_STEP][PASSED] - delay(3): Delayed 3 second(s)

2022-06-16 14:22:23 - [MESSAGE][PASSED] - Delayed 3 second(s)

2022-06-16 14:22:23 - [TEST_STEP][PASSED] - tap(findTestObject("ASNB/transferASNBTopBtn"), 0): Tapped on element 'Object Repository/ASNB/transferASNBTopBtn'

2022-06-16 14:22:23 - [MESSAGE][WARNING] - Timeout '0' is invalid. Using default page load timeout: '40'

2022-06-16 14:23:24 - [MESSAGE][PASSED] - Tapped on element 'Object Repository/ASNB/transferASNBTopBtn'

2022-06-16 14:23:24 - [TEST_STEP][PASSED] - tap(findTestObject("ASNB/asnbTransferBtn"), 0): Tapped on element 'Object Repository/ASNB/asnbTransferBtn'

2022-06-16 14:23:24 - [MESSAGE][WARNING] - Timeout '0' is invalid. Using default page load timeout: '40'

2022-06-16 14:24:16 - [MESSAGE][PASSED] - Tapped on element 'Object Repository/ASNB/asnbTransferBtn'

2022-06-16 14:24:16 - [TEST_STEP][PASSED] - verifyElementExist(findTestObject("ASNB/transferASNBProductNameTitleTxt"), 0): Element 'Object Repository/ASNB/transferASNBProductNameTitleTxt' is exist

2022-06-16 14:24:16 - [MESSAGE][WARNING] - Timeout '0' is invalid. Using default page load timeout: '40'

2022-06-16 14:24:17 - [MESSAGE][PASSED] - Element 'Object Repository/ASNB/transferASNBProductNameTitleTxt' is exist

2022-06-16 14:24:17 - [TEST_STEP][PASSED] - verifyElementExist(findTestObject("ASNB/transferASNBProductNameSelectTxt", ["productName":productNameInitial]), 0): Element 'Object Repository/ASNB/transferASNBProductNameSelectTxt' is exist

2022-06-16 14:24:17 - [MESSAGE][WARNING] - Timeout '0' is invalid. Using default page load timeout: '40'

2022-06-16 14:24:17 - [MESSAGE][PASSED] - Element 'Object Repository/ASNB/transferASNBProductNameSelectTxt' is exist

2022-06-16 14:24:17 - [TEST_STEP][PASSED] - tap(findTestObject("ASNB/asnbSelectProductDropdown"), 0): Tapped on element 'Object Repository/ASNB/asnbSelectProductDropdown'

2022-06-16 14:24:17 - [MESSAGE][WARNING] - Timeout '0' is invalid. Using default page load timeout: '40'

2022-06-16 14:24:18 - [MESSAGE][PASSED] - Tapped on element 'Object Repository/ASNB/asnbSelectProductDropdown'

2022-06-16 14:24:18 - [TEST_STEP][PASSED] - verifyElementText(findTestObject("ASNB/asnbProductEquity3DropdownSelection", ["productType":productType]), productType): Actual text and expected text of test object 'Object Repository/ASNB/asnbProductEquity3DropdownSelection' are matched.

2022-06-16 14:24:19 - [MESSAGE][PASSED] - Actual text and expected text of test object 'Object Repository/ASNB/asnbProductEquity3DropdownSelection' are matched.

2022-06-16 14:24:19 - [TEST_STEP][PASSED] - tap(findTestObject("ASNB/asnbProductEquity3DropdownSelection", ["productType":productType]), 0): Tapped on element 'Object Repository/ASNB/asnbProductEquity3DropdownSelection'

2022-06-16 14:24:19 - [MESSAGE][WARNING] - Timeout '0' is invalid. Using default page load timeout: '40'

2022-06-16 14:24:19 - [MESSAGE][PASSED] - Tapped on element 'Object Repository/ASNB/asnbProductEquity3DropdownSelection'

2022-06-16 14:24:19 - [TEST_STEP][PASSED] - tap(findTestObject("Main/mainCalenderPickerDoneBtn"), 0): Tapped on element 'Object Repository/Main/mainCalenderPickerDoneBtn'

2022-06-16 14:24:19 - [MESSAGE][WARNING] - Timeout '0' is invalid. Using default page load timeout: '40'

2022-06-16 14:24:20 - [MESSAGE][PASSED] - Tapped on element 'Object Repository/Main/mainCalenderPickerDoneBtn'

2022-06-16 14:24:20 - [TEST_STEP][PASSED] - verifyElementText(findTestObject("ASNB/transferASNBProductNameSelectTxt", ["productName":productType]), productType): Actual text and expected text of test object 'Object Repository/ASNB/transferASNBProductNameSelectTxt' are matched.

2022-06-16 14:24:21 - [MESSAGE][PASSED] - Actual text and expected text of test object 'Object Repository/ASNB/transferASNBProductNameSelectTxt' are matched.

2022-06-16 14:24:21 - [TEST_STEP][PASSED] - verifyElementExist(findTestObject("ASNB/SelectASNBMember", ["idSelectType":productNameInitial]), 0): Element 'Object Repository/ASNB/SelectASNBMember' is exist

2022-06-16 14:24:21 - [MESSAGE][WARNING] - Timeout '0' is invalid. Using default page load timeout: '40'

2022-06-16 14:24:21 - [MESSAGE][PASSED] - Element 'Object Repository/ASNB/SelectASNBMember' is exist

2022-06-16 14:24:21 - [TEST_STEP][PASSED] - verifyElementExist(findTestObject("ASNB/transferASNBIDTypeTitleTxt"), 0): Element 'Object Repository/ASNB/transferASNBIDTypeTitleTxt' is exist

2022-06-16 14:24:21 - [MESSAGE][WARNING] - Timeout '0' is invalid. Using default page load timeout: '40'

2022-06-16 14:24:21 - [MESSAGE][PASSED] - Element 'Object Repository/ASNB/transferASNBIDTypeTitleTxt' is exist

2022-06-16 14:24:21 - [TEST_STEP][PASSED] - tap(findTestObject("Object Repository/ASNB/SelectASNBMember", ["idSelectType":productNameInitial]), 0): Tapped on element 'Object Repository/ASNB/SelectASNBMember'

2022-06-16 14:24:21 - [MESSAGE][WARNING] - Timeout '0' is invalid. Using default page load timeout: '40'

2022-06-16 14:24:22 - [MESSAGE][PASSED] - Tapped on element 'Object Repository/ASNB/SelectASNBMember'

2022-06-16 14:24:22 - [TEST_STEP][PASSED] - verifyElementText(findTestObject("ASNB/asnbIDTypeDropdown", ["idType":idType]), idType): Actual text and expected text of test object 'Object Repository/ASNB/asnbIDTypeDropdown' are matched.

2022-06-16 14:24:23 - [MESSAGE][PASSED] - Actual text and expected text of test object 'Object Repository/ASNB/asnbIDTypeDropdown' are matched.

2022-06-16 14:24:23 - [TEST_STEP][PASSED] - tap(findTestObject("ASNB/asnbIDTypeDropdown", ["idType":idType]), 0): Tapped on element 'Object Repository/ASNB/asnbIDTypeDropdown'

2022-06-16 14:24:23 - [MESSAGE][WARNING] - Timeout '0' is invalid. Using default page load timeout: '40'

2022-06-16 14:24:23 - [MESSAGE][PASSED] - Tapped on element 'Object Repository/ASNB/asnbIDTypeDropdown'

2022-06-16 14:24:23 - [TEST_STEP][PASSED] - tap(findTestObject("Main/mainCalenderPickerDoneBtn"), 0): Tapped on element 'Object Repository/Main/mainCalenderPickerDoneBtn'

2022-06-16 14:24:23 - [MESSAGE][WARNING] - Timeout '0' is invalid. Using default page load timeout: '40'

2022-06-16 14:24:23 - [MESSAGE][PASSED] - Tapped on element 'Object Repository/Main/mainCalenderPickerDoneBtn'

2022-06-16 14:24:23 - [TEST_STEP][PASSED] - verifyElementText(findTestObject("ASNB/SelectASNBMember", ["idSelectType":idType]), idType): Actual text and expected text of test object 'Object Repository/ASNB/SelectASNBMember' are matched.

2022-06-16 14:24:24 - [MESSAGE][PASSED] - Actual text and expected text of test object 'Object Repository/ASNB/SelectASNBMember' are matched.

2022-06-16 14:24:24 - [TEST_STEP][PASSED] - verifyElementExist(findTestObject("ASNB/transferASNBIDNumberTitleTxt"), 0): Element 'Object Repository/ASNB/transferASNBIDNumberTitleTxt' is exist

2022-06-16 14:24:24 - [MESSAGE][WARNING] - Timeout '0' is invalid. Using default page load timeout: '40'

2022-06-16 14:24:24 - [MESSAGE][PASSED] - Element 'Object Repository/ASNB/transferASNBIDNumberTitleTxt' is exist

2022-06-16 14:24:24 - [TEST_STEP][PASSED] - verifyElementExist(findTestObject("ASNB/transferASNBIDNumberPlaceholderTxt", ["id":idPlaceholder]), 0): Element 'Object Repository/ASNB/transferASNBIDNumberPlaceholderTxt' is exist

2022-06-16 14:24:24 - [MESSAGE][WARNING] - Timeout '0' is invalid. Using default page load timeout: '40'

2022-06-16 14:24:24 - [MESSAGE][PASSED] - Element 'Object Repository/ASNB/transferASNBIDNumberPlaceholderTxt' is exist

2022-06-16 14:24:24 - [TEST_STEP][PASSED] - setText(findTestObject("ASNB/asnbIDNumberInputField"), idNo, 0): Text '060225010993' has been set to element 'Object Repository/ASNB/asnbIDNumberInputField'

2022-06-16 14:24:24 - [MESSAGE][WARNING] - Timeout '0' is invalid. Using default page load timeout: '40'

2022-06-16 14:24:25 - [MESSAGE][PASSED] - Text '060225010993' has been set to element 'Object Repository/ASNB/asnbIDNumberInputField'

2022-06-16 14:24:25 - [TEST_STEP][PASSED] - hideKeyboard(): Keyboard is hidden

2022-06-16 14:24:26 - [MESSAGE][PASSED] - Keyboard is hidden

2022-06-16 14:24:26 - [TEST_STEP][PASSED] - verifyElementText(findTestObject("ASNB/transferASNBIDNumberPlaceholderTxt", ["id":idNo]), idNo): Actual text and expected text of test object 'Object Repository/ASNB/transferASNBIDNumberPlaceholderTxt' are matched.

2022-06-16 14:24:27 - [MESSAGE][PASSED] - Actual text and expected text of test object 'Object Repository/ASNB/transferASNBIDNumberPlaceholderTxt' are matched.

2022-06-16 14:24:27 - [TEST_STEP][PASSED] - verifyElementExist(findTestObject("ASNB/transferASNBMemberNumberTitleTxt"), 0): Element 'Object Repository/ASNB/transferASNBMemberNumberTitleTxt' is exist

2022-06-16 14:24:27 - [MESSAGE][WARNING] - Timeout '0' is invalid. Using default page load timeout: '40'

2022-06-16 14:24:27 - [MESSAGE][PASSED] - Element 'Object Repository/ASNB/transferASNBMemberNumberTitleTxt' is exist

2022-06-16 14:24:27 - [TEST_STEP][PASSED] - verifyElementExist(findTestObject("ASNB/transferASNBMemberNumberPlaceholderTxt", ["member":memberNoPlaceholder]), 0): Element 'Object Repository/ASNB/transferASNBMemberNumberPlaceholderTxt' is exist

2022-06-16 14:24:27 - [MESSAGE][WARNING] - Timeout '0' is invalid. Using default page load timeout: '40'

2022-06-16 14:24:27 - [MESSAGE][PASSED] - Element 'Object Repository/ASNB/transferASNBMemberNumberPlaceholderTxt' is exist

2022-06-16 14:24:27 - [TEST_STEP][PASSED] - setText(findTestObject("ASNB/asnbMembershipNoInputField"), asnbMemberNo, 0): Text '000010023320' has been set to element 'Object Repository/ASNB/asnbMembershipNoInputField'

2022-06-16 14:24:27 - [MESSAGE][WARNING] - Timeout '0' is invalid. Using default page load timeout: '40'

2022-06-16 14:24:29 - [MESSAGE][PASSED] - Text '000010023320' has been set to element 'Object Repository/ASNB/asnbMembershipNoInputField'

2022-06-16 14:24:29 - [TEST_STEP][PASSED] - hideKeyboard(): Keyboard is hidden

2022-06-16 14:24:29 - [MESSAGE][PASSED] - Keyboard is hidden

2022-06-16 14:24:29 - [TEST_STEP][PASSED] - verifyElementText(findTestObject("ASNB/transferASNBMemberNumberPlaceholderTxt", ["member":accNo]), accNo): Actual text and expected text of test object 'Object Repository/ASNB/transferASNBMemberNumberPlaceholderTxt' are matched.

2022-06-16 14:24:29 - [MESSAGE][PASSED] - Actual text and expected text of test object 'Object Repository/ASNB/transferASNBMemberNumberPlaceholderTxt' are matched.

2022-06-16 14:24:29 - [TEST_STEP][PASSED] - verifyElementExist(findTestObject("ASNB/transferASNBRelationshipTitleTxt"), 0): Element 'Object Repository/ASNB/transferASNBRelationshipTitleTxt' is exist

2022-06-16 14:24:30 - [MESSAGE][WARNING] - Timeout '0' is invalid. Using default page load timeout: '40'

2022-06-16 14:24:30 - [MESSAGE][PASSED] - Element 'Object Repository/ASNB/transferASNBRelationshipTitleTxt' is exist

2022-06-16 14:24:30 - [TEST_STEP][PASSED] - verifyElementExist(findTestObject("ASNB/transferASNBRelationshipSelectTxt", ["relationship":productNameInitial]), 0): Element 'Object Repository/ASNB/transferASNBRelationshipSelectTxt' is exist

2022-06-16 14:24:30 - [MESSAGE][WARNING] - Timeout '0' is invalid. Using default page load timeout: '40'

2022-06-16 14:24:30 - [MESSAGE][PASSED] - Element 'Object Repository/ASNB/transferASNBRelationshipSelectTxt' is exist

2022-06-16 14:24:30 - [TEST_STEP][PASSED] - tap(findTestObject("ASNB/asnbRelationshipDropdownSelection"), 0): Tapped on element 'Object Repository/ASNB/asnbRelationshipDropdownSelection'

2022-06-16 14:24:30 - [MESSAGE][WARNING] - Timeout '0' is invalid. Using default page load timeout: '40'

2022-06-16 14:24:30 - [MESSAGE][PASSED] - Tapped on element 'Object Repository/ASNB/asnbRelationshipDropdownSelection'

2022-06-16 14:24:30 - [TEST_STEP][PASSED] - verifyElementText(findTestObject("ASNB/asnbRelationParentDropdownSelection", ["relationships":relationship]), relationship): Actual text and expected text of test object 'Object Repository/ASNB/asnbRelationParentDropdownSelection' are matched.

2022-06-16 14:24:31 - [MESSAGE][PASSED] - Actual text and expected text of test object 'Object Repository/ASNB/asnbRelationParentDropdownSelection' are matched.

2022-06-16 14:24:31 - [TEST_STEP][PASSED] - tap(findTestObject("ASNB/asnbRelationParentDropdownSelection", ["relationships":relationship]), 0): Tapped on element 'Object Repository/ASNB/asnbRelationParentDropdownSelection'

2022-06-16 14:24:31 - [MESSAGE][WARNING] - Timeout '0' is invalid. Using default page load timeout: '40'

2022-06-16 14:24:31 - [MESSAGE][PASSED] - Tapped on element 'Object Repository/ASNB/asnbRelationParentDropdownSelection'

2022-06-16 14:24:31 - [TEST_STEP][PASSED] - tap(findTestObject("Main/mainCalenderPickerDoneBtn"), 0): Tapped on element 'Object Repository/Main/mainCalenderPickerDoneBtn'

2022-06-16 14:24:31 - [MESSAGE][WARNING] - Timeout '0' is invalid. Using default page load timeout: '40'

2022-06-16 14:24:32 - [MESSAGE][PASSED] - Tapped on element 'Object Repository/Main/mainCalenderPickerDoneBtn'

2022-06-16 14:24:32 - [TEST_STEP][PASSED] - verifyElementText(findTestObject("ASNB/transferASNBRelationshipSelectTxt", ["relationship":relationship]), relationship): Actual text and expected text of test object 'Object Repository/ASNB/transferASNBRelationshipSelectTxt' are matched.

2022-06-16 14:24:32 - [MESSAGE][PASSED] - Actual text and expected text of test object 'Object Repository/ASNB/transferASNBRelationshipSelectTxt' are matched.

2022-06-16 14:24:32 - [TEST_STEP][PASSED] - verifyElementExist(findTestObject("ASNB/transferASNBPurposeTitleTxt"), 0): Element 'Object Repository/ASNB/transferASNBPurposeTitleTxt' is exist

2022-06-16 14:24:32 - [MESSAGE][WARNING] - Timeout '0' is invalid. Using default page load timeout: '40'

2022-06-16 14:24:33 - [MESSAGE][PASSED] - Element 'Object Repository/ASNB/transferASNBPurposeTitleTxt' is exist

2022-06-16 14:24:33 - [TEST_STEP][PASSED] - verifyElementExist(findTestObject("ASNB/transferASNBPurposeSelectTxt", ["purpose":productNameInitial]), 0): Element 'Object Repository/ASNB/transferASNBPurposeSelectTxt' is exist

2022-06-16 14:24:33 - [MESSAGE][WARNING] - Timeout '0' is invalid. Using default page load timeout: '40'

2022-06-16 14:24:33 - [MESSAGE][PASSED] - Element 'Object Repository/ASNB/transferASNBPurposeSelectTxt' is exist

2022-06-16 14:24:33 - [TEST_STEP][PASSED] - tap(findTestObject("ASNB/asnbPurposeDropdownSelection"), 0): Tapped on element 'Object Repository/ASNB/asnbPurposeDropdownSelection'

2022-06-16 14:24:33 - [MESSAGE][WARNING] - Timeout '0' is invalid. Using default page load timeout: '40'

2022-06-16 14:24:34 - [MESSAGE][PASSED] - Tapped on element 'Object Repository/ASNB/asnbPurposeDropdownSelection'

2022-06-16 14:24:34 - [TEST_STEP][PASSED] - verifyElementText(findTestObject("ASNB/asnbPurposeSavingDropdownSelection", ["purposes":purpose]), purpose): Actual text and expected text of test object 'Object Repository/ASNB/asnbPurposeSavingDropdownSelection' are matched.

2022-06-16 14:24:35 - [MESSAGE][PASSED] - Actual text and expected text of test object 'Object Repository/ASNB/asnbPurposeSavingDropdownSelection' are matched.

2022-06-16 14:24:35 - [TEST_STEP][PASSED] - tap(findTestObject("ASNB/asnbPurposeSavingDropdownSelection", ["purposes":purpose]), 0): Tapped on element 'Object Repository/ASNB/asnbPurposeSavingDropdownSelection'

2022-06-16 14:24:35 - [MESSAGE][WARNING] - Timeout '0' is invalid. Using default page load timeout: '40'

2022-06-16 14:24:35 - [MESSAGE][PASSED] - Tapped on element 'Object Repository/ASNB/asnbPurposeSavingDropdownSelection'

2022-06-16 14:24:35 - [TEST_STEP][PASSED] - tap(findTestObject("Main/mainCalenderPickerDoneBtn"), 0): Tapped on element 'Object Repository/Main/mainCalenderPickerDoneBtn'

2022-06-16 14:24:35 - [MESSAGE][WARNING] - Timeout '0' is invalid. Using default page load timeout: '40'

2022-06-16 14:24:35 - [MESSAGE][PASSED] - Tapped on element 'Object Repository/Main/mainCalenderPickerDoneBtn'

2022-06-16 14:24:35 - [TEST_STEP][PASSED] - verifyElementText(findTestObject("ASNB/transferASNBPurposeSelectTxt", ["purpose":purpose]), purpose): Actual text and expected text of test object 'Object Repository/ASNB/transferASNBPurposeSelectTxt' are matched.

2022-06-16 14:24:36 - [MESSAGE][PASSED] - Actual text and expected text of test object 'Object Repository/ASNB/transferASNBPurposeSelectTxt' are matched.

2022-06-16 14:24:36 - [TEST_STEP][PASSED] - tap(findTestObject("ASNB/asnbContinueBtn"), 0): Tapped on element 'Object Repository/ASNB/asnbContinueBtn'

2022-06-16 14:24:36 - [MESSAGE][WARNING] - Timeout '0' is invalid. Using default page load timeout: '40'

2022-06-16 14:24:36 - [MESSAGE][PASSED] - Tapped on element 'Object Repository/ASNB/asnbContinueBtn'

2022-06-16 14:24:36 - [TEST_STEP][PASSED] - delay(2): Delayed 2 second(s)

2022-06-16 14:24:38 - [MESSAGE][PASSED] - Delayed 2 second(s)

2022-06-16 14:24:38 - [TEST_STEP][PASSED] - verifyElementText(findTestObject("ASNB/transferASNBAmountAccountNameTxt"), accName): Actual text and expected text of test object 'Object Repository/ASNB/transferASNBAmountAccountNameTxt' are matched.

2022-06-16 14:24:41 - [MESSAGE][PASSED] - Actual text and expected text of test object 'Object Repository/ASNB/transferASNBAmountAccountNameTxt' are matched.

2022-06-16 14:24:41 - [TEST_STEP][PASSED] - verifyElementText(findTestObject("ASNB/transferASNBAmountAccountNoTxt", ["accNo":accNo]), accNo): Actual text and expected text of test object 'Object Repository/ASNB/transferASNBAmountAccountNoTxt' are matched.

2022-06-16 14:24:41 - [MESSAGE][PASSED] - Actual text and expected text of test object 'Object Repository/ASNB/transferASNBAmountAccountNoTxt' are matched.

2022-06-16 14:24:41 - [TEST_STEP][PASSED] - verifyElementText(findTestObject("ASNB/transferASNBAmountAccountTypeTxt", ["accType":productType]), productType): Actual text and expected text of test object 'Object Repository/ASNB/transferASNBAmountAccountTypeTxt' are matched.

2022-06-16 14:24:41 - [MESSAGE][PASSED] - Actual text and expected text of test object 'Object Repository/ASNB/transferASNBAmountAccountTypeTxt' are matched.

2022-06-16 14:24:41 - [TEST_STEP][PASSED] - verifyElementExist(findTestObject("ASNB/transferASNBAmountCurrencyTxt"), 0): Element 'Object Repository/ASNB/transferASNBAmountCurrencyTxt' is exist

2022-06-16 14:24:41 - [MESSAGE][WARNING] - Timeout '0' is invalid. Using default page load timeout: '40'

2022-06-16 14:24:42 - [MESSAGE][PASSED] - Element 'Object Repository/ASNB/transferASNBAmountCurrencyTxt' is exist

2022-06-16 14:24:42 - [TEST_STEP][PASSED] - verifyElementExist(findTestObject("ASNB/transferASNBAmountEnterAmountTitleTxt"), 0): Element 'Object Repository/ASNB/transferASNBAmountEnterAmountTitleTxt' is exist

2022-06-16 14:24:42 - [MESSAGE][WARNING] - Timeout '0' is invalid. Using default page load timeout: '40'

2022-06-16 14:24:42 - [MESSAGE][PASSED] - Element 'Object Repository/ASNB/transferASNBAmountEnterAmountTitleTxt' is exist

2022-06-16 14:24:42 - [TEST_STEP][PASSED] - verifyElementExist(findTestObject("ASNB/transferASNBAmountValueTxt", ["value":initialValue]), 0): Element 'Object Repository/ASNB/transferASNBAmountValueTxt' is exist

2022-06-16 14:24:42 - [MESSAGE][WARNING] - Timeout '0' is invalid. Using default page load timeout: '40'

2022-06-16 14:24:42 - [MESSAGE][PASSED] - Element 'Object Repository/ASNB/transferASNBAmountValueTxt' is exist

2022-06-16 14:24:42 - [TEST_STEP][PASSED] - tap(findTestObject("Login Onboarding/PIN4"), 0): Tapped on element 'Object Repository/Login Onboarding/PIN4'

2022-06-16 14:24:42 - [MESSAGE][WARNING] - Timeout '0' is invalid. Using default page load timeout: '40'

2022-06-16 14:24:43 - [MESSAGE][PASSED] - Tapped on element 'Object Repository/Login Onboarding/PIN4'

2022-06-16 14:24:43 - [TEST_STEP][PASSED] - delay(2): Delayed 2 second(s)

2022-06-16 14:24:45 - [MESSAGE][PASSED] - Delayed 2 second(s)

2022-06-16 14:24:45 - [TEST_STEP][PASSED] - verifyElementText(findTestObject("ASNB/transferASNBAmountValueTxt", ["value":value]), value): Actual text and expected text of test object 'Object Repository/ASNB/transferASNBAmountValueTxt' are matched.

2022-06-16 14:24:45 - [MESSAGE][PASSED] - Actual text and expected text of test object 'Object Repository/ASNB/transferASNBAmountValueTxt' are matched.

2022-06-16 14:24:45 - [TEST_STEP][PASSED] - tap(findTestObject("ASNB/asnbAmountTickBtn"), 0): Tapped on element 'Object Repository/ASNB/asnbAmountTickBtn'

2022-06-16 14:24:45 - [MESSAGE][WARNING] - Timeout '0' is invalid. Using default page load timeout: '40'

2022-06-16 14:24:45 - [MESSAGE][PASSED] - Tapped on element 'Object Repository/ASNB/asnbAmountTickBtn'

2022-06-16 14:24:45 - [TEST_STEP][PASSED] - delay(2): Delayed 2 second(s)

2022-06-16 14:24:47 - [MESSAGE][PASSED] - Delayed 2 second(s)

2022-06-16 14:24:47 - [TEST_STEP][PASSED] - verifyElementText(findTestObject("ASNB/transferASNBConfirmationAccountNameTxt"), accName): Actual text and expected text of test object 'Object Repository/ASNB/transferASNBConfirmationAccountNameTxt' are matched.

2022-06-16 14:24:49 - [MESSAGE][PASSED] - Actual text and expected text of test object 'Object Repository/ASNB/transferASNBConfirmationAccountNameTxt' are matched.

2022-06-16 14:24:49 - [TEST_STEP][PASSED] - verifyElementText(findTestObject("ASNB/transferASNBConfirmationAccountNoTxt", ["accNoC":accNo]), accNo): Actual text and expected text of test object 'Object Repository/ASNB/transferASNBConfirmationAccountNoTxt' are matched.

2022-06-16 14:24:49 - [MESSAGE][PASSED] - Actual text and expected text of test object 'Object Repository/ASNB/transferASNBConfirmationAccountNoTxt' are matched.

2022-06-16 14:24:49 - [TEST_STEP][PASSED] - verifyElementText(findTestObject("ASNB/transferASNBConfirmationAmountTxt", ["amount":amount]), amount): Actual text and expected text of test object 'Object Repository/ASNB/transferASNBConfirmationAmountTxt' are matched.

2022-06-16 14:24:49 - [MESSAGE][PASSED] - Actual text and expected text of test object 'Object Repository/ASNB/transferASNBConfirmationAmountTxt' are matched.

2022-06-16 14:24:49 - [TEST_STEP][PASSED] - verifyElementExist(findTestObject("ASNB/transferASNBConfirmationDateTitleTxt"), 0): Element 'Object Repository/ASNB/transferASNBConfirmationDateTitleTxt' is exist

2022-06-16 14:24:49 - [MESSAGE][WARNING] - Timeout '0' is invalid. Using default page load timeout: '40'

2022-06-16 14:24:49 - [MESSAGE][PASSED] - Element 'Object Repository/ASNB/transferASNBConfirmationDateTitleTxt' is exist

2022-06-16 14:24:49 - [TEST_STEP][PASSED] - verifyElementExist(findTestObject("ASNB/transferASNBConfirmationProductNameTitleTxt"), 0): Element 'Object Repository/ASNB/transferASNBConfirmationProductNameTitleTxt' is exist

2022-06-16 14:24:49 - [MESSAGE][WARNING] - Timeout '0' is invalid. Using default page load timeout: '40'

2022-06-16 14:24:50 - [MESSAGE][PASSED] - Element 'Object Repository/ASNB/transferASNBConfirmationProductNameTitleTxt' is exist

2022-06-16 14:24:50 - [TEST_STEP][PASSED] - verifyElementExist(findTestObject("ASNB/transferASNBConfirmationPurposeTitleTxt"), 0): Element 'Object Repository/ASNB/transferASNBConfirmationPurposeTitleTxt' is exist

2022-06-16 14:24:50 - [MESSAGE][WARNING] - Timeout '0' is invalid. Using default page load timeout: '40'

2022-06-16 14:24:50 - [MESSAGE][PASSED] - Element 'Object Repository/ASNB/transferASNBConfirmationPurposeTitleTxt' is exist

2022-06-16 14:24:50 - [TEST_STEP][PASSED] - verifyElementExist(findTestObject("ASNB/transferASNBConfirmationRelationshipTitleTxt"), 0): Element 'Object Repository/ASNB/transferASNBConfirmationRelationshipTitleTxt' is exist

2022-06-16 14:24:50 - [MESSAGE][WARNING] - Timeout '0' is invalid. Using default page load timeout: '40'

2022-06-16 14:24:50 - [MESSAGE][PASSED] - Element 'Object Repository/ASNB/transferASNBConfirmationRelationshipTitleTxt' is exist

2022-06-16 14:24:50 - [TEST_STEP][PASSED] - verifyElementExist(findTestObject("ASNB/transferASNBConfirmationTransferTypeTitleTxt"), 0): Element 'Object Repository/ASNB/transferASNBConfirmationTransferTypeTitleTxt' is exist

2022-06-16 14:24:50 - [MESSAGE][WARNING] - Timeout '0' is invalid. Using default page load timeout: '40'

2022-06-16 14:24:50 - [MESSAGE][PASSED] - Element 'Object Repository/ASNB/transferASNBConfirmationTransferTypeTitleTxt' is exist

2022-06-16 14:24:50 - [TEST_STEP][PASSED] - verifyElementText(findTestObject("ASNB/transferASNBConfirmationTransferTypeTxt", ["transferType":transferType]), transferType): Actual text and expected text of test object 'Object Repository/ASNB/transferASNBConfirmationTransferTypeTxt' are matched.

2022-06-16 14:24:51 - [MESSAGE][PASSED] - Actual text and expected text of test object 'Object Repository/ASNB/transferASNBConfirmationTransferTypeTxt' are matched.

2022-06-16 14:24:51 - [TEST_STEP][PASSED] - verifyElementText(findTestObject("ASNB/transferASNBConfirmationRelationshipTxt", ["relationshipC":relationship]), relationship): Actual text and expected text of test object 'Object Repository/ASNB/transferASNBConfirmationRelationshipTxt' are matched.

2022-06-16 14:24:51 - [MESSAGE][PASSED] - Actual text and expected text of test object 'Object Repository/ASNB/transferASNBConfirmationRelationshipTxt' are matched.

2022-06-16 14:24:51 - [TEST_STEP][PASSED] - verifyElementText(findTestObject("ASNB/transferASNBConfirmationPurposeTxt", ["purposeC":purpose]), purpose): Actual text and expected text of test object 'Object Repository/ASNB/transferASNBConfirmationPurposeTxt' are matched.

2022-06-16 14:24:51 - [MESSAGE][PASSED] - Actual text and expected text of test object 'Object Repository/ASNB/transferASNBConfirmationPurposeTxt' are matched.

2022-06-16 14:24:51 - [TEST_STEP][FAILED] - verifyElementText(findTestObject("ASNB/transferASNBConfirmationProductNameTxt", ["productTypeC":productType]), productType): Element 'Object Repository/ASNB/transferASNBConfirmationProductNameTxt' not found

2022-06-16 14:25:31 - [MESSAGE][FAILED] - Element 'Object Repository/ASNB/transferASNBConfirmationProductNameTxt' not found

2022-06-16 14:25:31 - [TEST_STEP][FAILED] - verifyElementText(findTestObject("ASNB/transferASNBConfirmationDateTxt", ["date":date]), date): Element 'Object Repository/ASNB/transferASNBConfirmationDateTxt' not found

2022-06-16 14:26:11 - [MESSAGE][FAILED] - Element 'Object Repository/ASNB/transferASNBConfirmationDateTxt' not found

2022-06-16 14:26:11 - [TEST_STEP][PASSED] - device_Height_2 = getDeviceHeight(): Current device physical height is 2167

2022-06-16 14:26:11 - [MESSAGE][PASSED] - Current device physical height is 2167

2022-06-16 14:26:11 - [TEST_STEP][PASSED] - device_Width_2 = getDeviceWidth(): Current device physical width is 1080

2022-06-16 14:26:12 - [MESSAGE][PASSED] - Current device physical width is 1080

2022-06-16 14:26:12 - [TEST_STEP][PASSED] - startX_2 = device_Width_2 / 2: null

2022-06-16 14:26:12 - [TEST_STEP][PASSED] - endX_2 = startX_2: null

2022-06-16 14:26:12 - [TEST_STEP][PASSED] - startY_2 = device_Height_2 * 0.30: null

2022-06-16 14:26:12 - [TEST_STEP][PASSED] - endY_2 = device_Height_2 * 0.70: null

2022-06-16 14:26:12 - [TEST_STEP][PASSED] - swipe(startX_2, endY_2, endX_2, startY_2): Swiped from 540,1,516 to 540,650

2022-06-16 14:26:13 - [MESSAGE][PASSED] - Swiped from 540,1,516 to 540,650

2022-06-16 14:26:13 - [TEST_STEP][PASSED] - verifyElementExist(findTestObject("ASNB/transferASNBConfirmationNoteTitleTxt"), 0): Element 'Object Repository/ASNB/transferASNBConfirmationNoteTitleTxt' is exist

2022-06-16 14:26:13 - [MESSAGE][WARNING] - Timeout '0' is invalid. Using default page load timeout: '40'

2022-06-16 14:26:13 - [MESSAGE][PASSED] - Element 'Object Repository/ASNB/transferASNBConfirmationNoteTitleTxt' is exist

2022-06-16 14:26:13 - [TEST_STEP][PASSED] - verifyElementExist(findTestObject("ASNB/transferASNBConfirmationNote1Txt"), 0): Element 'Object Repository/ASNB/transferASNBConfirmationNote1Txt' is exist

2022-06-16 14:26:13 - [MESSAGE][WARNING] - Timeout '0' is invalid. Using default page load timeout: '40'

2022-06-16 14:26:13 - [MESSAGE][PASSED] - Element 'Object Repository/ASNB/transferASNBConfirmationNote1Txt' is exist

2022-06-16 14:26:13 - [TEST_STEP][PASSED] - verifyElementExist(findTestObject("ASNB/transferASNBConfirmationNote1ContentTxt"), 0): Element 'Object Repository/ASNB/transferASNBConfirmationNote1ContentTxt' is exist

2022-06-16 14:26:13 - [MESSAGE][WARNING] - Timeout '0' is invalid. Using default page load timeout: '40'

2022-06-16 14:26:14 - [MESSAGE][PASSED] - Element 'Object Repository/ASNB/transferASNBConfirmationNote1ContentTxt' is exist

2022-06-16 14:26:14 - [TEST_STEP][PASSED] - verifyElementExist(findTestObject("ASNB/transferASNBConfirmationNote2Txt"), 0): Element 'Object Repository/ASNB/transferASNBConfirmationNote2Txt' is exist

2022-06-16 14:26:14 - [MESSAGE][WARNING] - Timeout '0' is invalid. Using default page load timeout: '40'

2022-06-16 14:26:14 - [MESSAGE][PASSED] - Element 'Object Repository/ASNB/transferASNBConfirmationNote2Txt' is exist

2022-06-16 14:26:14 - [TEST_STEP][PASSED] - verifyElementExist(findTestObject("ASNB/transferASNBConfirmationNote2ContentTxt"), 0): Element 'Object Repository/ASNB/transferASNBConfirmationNote2ContentTxt' is exist

2022-06-16 14:26:14 - [MESSAGE][WARNING] - Timeout '0' is invalid. Using default page load timeout: '40'

2022-06-16 14:26:14 - [MESSAGE][PASSED] - Element 'Object Repository/ASNB/transferASNBConfirmationNote2ContentTxt' is exist

2022-06-16 14:26:14 - [TEST_STEP][PASSED] - verifyElementExist(findTestObject("ASNB/transferASNBConfirmationNote3Txt"), 0): Element 'Object Repository/ASNB/transferASNBConfirmationNote3Txt' is exist

2022-06-16 14:26:14 - [MESSAGE][WARNING] - Timeout '0' is invalid. Using default page load timeout: '40'

2022-06-16 14:26:14 - [MESSAGE][PASSED] - Element 'Object Repository/ASNB/transferASNBConfirmationNote3Txt' is exist

2022-06-16 14:26:14 - [TEST_STEP][PASSED] - verifyElementExist(findTestObject("ASNB/transferASNBConfirmationNote3ContentTxt"), 0): Element 'Object Repository/ASNB/transferASNBConfirmationNote3ContentTxt' is exist

2022-06-16 14:26:14 - [MESSAGE][WARNING] - Timeout '0' is invalid. Using default page load timeout: '40'

2022-06-16 14:26:14 - [MESSAGE][PASSED] - Element 'Object Repository/ASNB/transferASNBConfirmationNote3ContentTxt' is exist

2022-06-16 14:26:14 - [TEST_STEP][PASSED] - verifyElementText(findTestObject("Transfer/transferConfirmationFromAccTypeTxt", ["accType":accType]), accType): Actual text and expected text of test object 'Object Repository/Transfer/transferConfirmationFromAccTypeTxt' are matched.

2022-06-16 14:26:15 - [MESSAGE][PASSED] - Actual text and expected text of test object 'Object Repository/Transfer/transferConfirmationFromAccTypeTxt' are matched.

2022-06-16 14:26:15 - [TEST_STEP][PASSED] - verifyElementText(findTestObject("Transfer/transferConfirmationFromAccNoTxt", ["accNoFrom":accNoFrom]), accNoFrom): Actual text and expected text of test object 'Object Repository/Transfer/transferConfirmationFromAccNoTxt' are matched.

2022-06-16 14:26:15 - [MESSAGE][PASSED] - Actual text and expected text of test object 'Object Repository/Transfer/transferConfirmationFromAccNoTxt' are matched.

2022-06-16 14:26:15 - [TEST_STEP][PASSED] - verifyElementExist(findTestObject("Transfer/transferConfirmationFromAccBalanceTxt"), 0): Element 'Object Repository/Transfer/transferConfirmationFromAccBalanceTxt' is exist

2022-06-16 14:26:15 - [MESSAGE][WARNING] - Timeout '0' is invalid. Using default page load timeout: '40'

2022-06-16 14:26:15 - [MESSAGE][PASSED] - Element 'Object Repository/Transfer/transferConfirmationFromAccBalanceTxt' is exist

2022-06-16 14:26:15 - [TEST_STEP][PASSED] - accountBalance = getText(findTestObject("Transfer/transferConfirmationFromAccBalanceTxt"), 0): Text of element 'Object Repository/Transfer/transferConfirmationFromAccBalanceTxt' is: 'RM 635.09'

2022-06-16 14:26:15 - [MESSAGE][WARNING] - Timeout '0' is invalid. Using default page load timeout: '40'

2022-06-16 14:26:15 - [MESSAGE][PASSED] - Text of element 'Object Repository/Transfer/transferConfirmationFromAccBalanceTxt' is: 'RM 635.09'

2022-06-16 14:26:15 - [TEST_STEP][PASSED] - println(accountBalance): null

2022-06-16 14:26:15 - [TEST_STEP][PASSED] - tap(findTestObject("ASNB/asnbTransferNowBtn"), 0): Tapped on element 'Object Repository/ASNB/asnbTransferNowBtn'

2022-06-16 14:26:15 - [MESSAGE][WARNING] - Timeout '0' is invalid. Using default page load timeout: '40'

2022-06-16 14:26:16 - [MESSAGE][PASSED] - Tapped on element 'Object Repository/ASNB/asnbTransferNowBtn'

2022-06-16 14:26:16 - [TEST_STEP][PASSED] - if (verifyElementVisible(findTestObject("Main/mainTACNumberTxt"), 10, OPTIONAL)): Element 'Object Repository/Main/mainTACNumberTxt' not found

2022-06-16 14:26:26 - [MESSAGE][WARNING] - Element 'Object Repository/Main/mainTACNumberTxt' not found

2022-06-16 14:26:26 - [TEST_STEP][PASSED] - else: Tapped on element 'Object Repository/Main/mainS2UApproveBtn'

2022-06-16 14:26:26 - [TEST_STEP][PASSED] - delay(5): Delayed 5 second(s)

2022-06-16 14:26:31 - [MESSAGE][PASSED] - Delayed 5 second(s)

2022-06-16 14:26:31 - [TEST_STEP][PASSED] - verifyElementVisible(findTestObject("Main/mainS2UApproveBtn"), 10): Element 'Object Repository/Main/mainS2UApproveBtn' is visible

2022-06-16 14:26:31 - [MESSAGE][PASSED] - Element 'Object Repository/Main/mainS2UApproveBtn' is visible

2022-06-16 14:26:31 - [TEST_STEP][PASSED] - tap(findTestObject("Main/mainS2UApproveBtn"), 0): Tapped on element 'Object Repository/Main/mainS2UApproveBtn'

2022-06-16 14:26:31 - [MESSAGE][WARNING] - Timeout '0' is invalid. Using default page load timeout: '40'

2022-06-16 14:26:31 - [MESSAGE][PASSED] - Tapped on element 'Object Repository/Main/mainS2UApproveBtn'

2022-06-16 14:26:31 - [TEST_STEP][PASSED] - delay(10): Delayed 10 second(s)

2022-06-16 14:26:41 - [MESSAGE][PASSED] - Delayed 10 second(s)

2022-06-16 14:26:41 - [TEST_STEP][PASSED] - verifyElementExist(findTestObject("Festive Season/returnAngpaoStatusMessageTxt"), 0): Element 'Object Repository/Festive Season/returnAngpaoStatusMessageTxt' is exist

2022-06-16 14:26:41 - [MESSAGE][WARNING] - Timeout '0' is invalid. Using default page load timeout: '40'

2022-06-16 14:26:42 - [MESSAGE][PASSED] - Element 'Object Repository/Festive Season/returnAngpaoStatusMessageTxt' is exist

2022-06-16 14:26:42 - [TEST_STEP][PASSED] - message = getText(findTestObject("Festive Season/returnAngpaoStatusMessageTxt"), 10): Text of element 'Object Repository/Festive Season/returnAngpaoStatusMessageTxt' is: 'Transfer Successful'

2022-06-16 14:26:42 - [MESSAGE][PASSED] - Text of element 'Object Repository/Festive Season/returnAngpaoStatusMessageTxt' is: 'Transfer Successful'

2022-06-16 14:26:42 - [TEST_STEP][PASSED] - println(message): null

2022-06-16 14:26:42 - [TEST_STEP][PASSED] - assert message == successTransactionMessage: null

2022-06-16 14:26:42 - [TEST_STEP][PASSED] - delay(5): Delayed 5 second(s)

2022-06-16 14:26:47 - [MESSAGE][PASSED] - Delayed 5 second(s)

2022-06-16 14:26:47 - [TEST_STEP][PASSED] - verifyElementExist(findTestObject("Duit Now/duitNowSummaryDateTimeTitleTxt"), 0): Element 'Object Repository/Duit Now/duitNowSummaryDateTimeTitleTxt' is exist

2022-06-16 14:26:47 - [MESSAGE][WARNING] - Timeout '0' is invalid. Using default page load timeout: '40'

2022-06-16 14:26:47 - [MESSAGE][PASSED] - Element 'Object Repository/Duit Now/duitNowSummaryDateTimeTitleTxt' is exist

2022-06-16 14:26:47 - [TEST_STEP][PASSED] - verifyElementExist(findTestObject("Duit Now/duitNowSummaryRefernceIDTitleTxt"), 0): Element 'Object Repository/Duit Now/duitNowSummaryRefernceIDTitleTxt' is exist

2022-06-16 14:26:47 - [MESSAGE][WARNING] - Timeout '0' is invalid. Using default page load timeout: '40'

2022-06-16 14:26:47 - [MESSAGE][PASSED] - Element 'Object Repository/Duit Now/duitNowSummaryRefernceIDTitleTxt' is exist

2022-06-16 14:26:47 - [TEST_STEP][PASSED] - verifyElementExist(findTestObject("Transfer/transferSummaryShareReceiptBtn"), 0): Element 'Object Repository/Transfer/transferSummaryShareReceiptBtn' is exist

2022-06-16 14:26:47 - [MESSAGE][WARNING] - Timeout '0' is invalid. Using default page load timeout: '40'

2022-06-16 14:26:48 - [MESSAGE][PASSED] - Element 'Object Repository/Transfer/transferSummaryShareReceiptBtn' is exist

2022-06-16 14:26:48 - [TEST_STEP][PASSED] - delay(5): Delayed 5 second(s)

2022-06-16 14:26:53 - [MESSAGE][PASSED] - Delayed 5 second(s)

2022-06-16 14:26:53 - [TEST_STEP][PASSED] - referenceID = getText(findTestObject("Send Request Money/requestMoneyPaySummaryRefIDTxt"), 0): Text of element 'Object Repository/Send Request Money/requestMoneyPaySummaryRefIDTxt' is: '183477866M'

2022-06-16 14:26:53 - [MESSAGE][WARNING] - Timeout '0' is invalid. Using default page load timeout: '40'

2022-06-16 14:26:53 - [MESSAGE][PASSED] - Text of element 'Object Repository/Send Request Money/requestMoneyPaySummaryRefIDTxt' is: '183477866M'

2022-06-16 14:26:53 - [TEST_STEP][PASSED] - println(referenceID): null

2022-06-16 14:26:53 - [TEST_STEP][PASSED] - test = dataFolder: null

2022-06-16 14:26:53 - [TEST_STEP][PASSED] - sheetName = "Sheet1": null

2022-06-16 14:26:53 - [TEST_STEP][PASSED] - file1 = new java.io.File(test): null

2022-06-16 14:26:53 - [TEST_STEP][PASSED] - assert file1.exists() == true: null

2022-06-16 14:26:53 - [TEST_STEP][PASSED] - woorkbook1 = getWorkbook(test): null

2022-06-16 14:26:53 - [TEST_STEP][PASSED] - sheet1 = getExcelSheet(woorkbook1, sheetName): null

2022-06-16 14:26:53 - [TEST_STEP][PASSED] - setValueToCellByIndex(sheet1, 4, 1, referenceID): null

2022-06-16 14:26:53 - [TEST_STEP][PASSED] - saveWorkbook(test, woorkbook1): null

2022-06-16 14:26:53 - [TEST_STEP][PASSED] - delay(3): Delayed 3 second(s)

2022-06-16 14:26:56 - [MESSAGE][PASSED] - Delayed 3 second(s)

2022-06-16 14:26:56 - [TEST_STEP][PASSED] - verifyElementVisible(findTestObject("Main/mainDoneBtn"), 0): Element 'Object Repository/Main/mainDoneBtn' is visible

2022-06-16 14:26:56 - [MESSAGE][WARNING] - Timeout '0' is invalid. Using default page load timeout: '40'

2022-06-16 14:26:57 - [MESSAGE][PASSED] - Element 'Object Repository/Main/mainDoneBtn' is visible

2022-06-16 14:26:57 - [TEST_STEP][PASSED] - takeScreenshot("/Users/a00139272/Desktop/Screenshot/asnbTransfer.png"): Screenshot is taken

2022-06-16 14:26:57 - [MESSAGE][PASSED] - Screenshot is taken
[[ATTACHMENT|/Users/a00139272/Desktop/Screenshot/asnbTransfer.png]]

2022-06-16 14:26:57 - [TEST_STEP][PASSED] - tap(findTestObject("Main/mainDoneBtn"), 0): Tapped on element 'Object Repository/Main/mainDoneBtn'

2022-06-16 14:26:57 - [MESSAGE][WARNING] - Timeout '0' is invalid. Using default page load timeout: '40'

2022-06-16 14:26:57 - [MESSAGE][PASSED] - Tapped on element 'Object Repository/Main/mainDoneBtn'

2022-06-16 14:26:57 - [TEST_STEP][PASSED] - delay(5): Delayed 5 second(s)

2022-06-16 14:27:02 - [MESSAGE][PASSED] - Delayed 5 second(s)

2022-06-16 14:27:02 - [TEST_STEP][PASSED] - tap(findTestObject("Main/mainTopLeftBackButton"), 0): Tapped on element 'Object Repository/Main/mainTopLeftBackButton'

2022-06-16 14:27:02 - [MESSAGE][WARNING] - Timeout '0' is invalid. Using default page load timeout: '40'

2022-06-16 14:27:55 - [MESSAGE][PASSED] - Tapped on element 'Object Repository/Main/mainTopLeftBackButton'

2022-06-16 14:27:55 - [TEST_STEP][PASSED] - delay(3): Delayed 3 second(s)

2022-06-16 14:27:58 - [MESSAGE][PASSED] - Delayed 3 second(s)]]></system-out>
         <system-err><![CDATA[2022-06-16 14:17:43 - [TEST_CASE][FAILED] - Test Cases/Transfer/asnb_asnbTransfer: Test Cases/Transfer/asnb_asnbTransfer FAILED.
Reason:
com.kms.katalon.core.exception.StepFailedException: Element 'Object Repository/ASNB/transferASNBConfirmationProductNameTxt' not found
	at com.kms.katalon.core.keyword.internal.KeywordMain.stepFailed(KeywordMain.groovy:39)
	at com.kms.katalon.core.mobile.keyword.internal.MobileKeywordMain.stepFailed(MobileKeywordMain.groovy:40)
	at com.kms.katalon.core.mobile.keyword.builtin.VerifyElementTextKeyword$_verifyElementText_closure1.doCall(VerifyElementTextKeyword.groovy:49)
	at com.kms.katalon.core.mobile.keyword.builtin.VerifyElementTextKeyword$_verifyElementText_closure1.call(VerifyElementTextKeyword.groovy)
	at com.kms.katalon.core.mobile.keyword.internal.MobileKeywordMain.runKeyword(MobileKeywordMain.groovy:21)
	at com.kms.katalon.core.mobile.keyword.builtin.VerifyElementTextKeyword.verifyElementText(VerifyElementTextKeyword.groovy:62)
	at com.kms.katalon.core.mobile.keyword.builtin.VerifyElementTextKeyword.execute(VerifyElementTextKeyword.groovy:39)
	at com.kms.katalon.core.keyword.internal.KeywordExecutor.executeKeywordForPlatform(KeywordExecutor.groovy:74)
	at com.kms.katalon.core.mobile.keyword.MobileBuiltInKeywords.verifyElementText(MobileBuiltInKeywords.groovy:2901)
	at com.kms.katalon.core.mobile.keyword.MobileBuiltInKeywords$verifyElementText$9.call(Unknown Source)
	at asnb_asnbTransfer.run(asnb_asnbTransfer:215)
	at com.kms.katalon.core.main.ScriptEngine.run(ScriptEngine.java:194)
	at com.kms.katalon.core.main.ScriptEngine.runScriptAsRawText(ScriptEngine.java:119)
	at com.kms.katalon.core.main.TestCaseExecutor.runScript(TestCaseExecutor.java:445)
	at com.kms.katalon.core.main.TestCaseExecutor.doExecute(TestCaseExecutor.java:436)
	at com.kms.katalon.core.main.TestCaseExecutor.processExecutionPhase(TestCaseExecutor.java:415)
	at com.kms.katalon.core.main.TestCaseExecutor.accessMainPhase(TestCaseExecutor.java:407)
	at com.kms.katalon.core.main.TestCaseExecutor.execute(TestCaseExecutor.java:284)
	at com.kms.katalon.core.common.CommonExecutor.accessTestCaseMainPhase(CommonExecutor.java:65)
	at com.kms.katalon.core.main.TestSuiteExecutor.accessTestSuiteMainPhase(TestSuiteExecutor.java:144)
	at com.kms.katalon.core.main.TestSuiteExecutor.execute(TestSuiteExecutor.java:106)
	at com.kms.katalon.core.main.TestCaseMain.startTestSuite(TestCaseMain.java:185)
	at com.kms.katalon.core.main.TestCaseMain$startTestSuite$0.call(Unknown Source)
	at TempTestSuite1655360254384.run(TempTestSuite1655360254384.groovy:36)]]></system-err>
      </testcase>
      <testcase name="Test Cases/Transfer/transfer_thirdPartyToday" time="203.328" classname="Test Cases/Transfer/transfer_thirdPartyToday" status="PASSED">
         <system-out><![CDATA[2022-06-16 14:27:58 - [TEST_CASE][PASSED] - Test Cases/Transfer/transfer_thirdPartyToday: Test Cases/Transfer/transfer_thirdPartyToday

2022-06-16 14:27:58 - [TEST_STEP][PASSED] - delay(5): Delayed 5 second(s)

2022-06-16 14:28:03 - [MESSAGE][PASSED] - Delayed 5 second(s)

2022-06-16 14:28:03 - [TEST_STEP][PASSED] - device_Height = getDeviceHeight(): Current device physical height is 2167

2022-06-16 14:28:03 - [MESSAGE][PASSED] - Current device physical height is 2167

2022-06-16 14:28:03 - [TEST_STEP][PASSED] - device_Width = getDeviceWidth(): Current device physical width is 1080

2022-06-16 14:28:03 - [MESSAGE][PASSED] - Current device physical width is 1080

2022-06-16 14:28:03 - [TEST_STEP][PASSED] - startX = device_Width / 3: null

2022-06-16 14:28:03 - [TEST_STEP][PASSED] - startY = device_Height * 0.97: null

2022-06-16 14:28:03 - [TEST_STEP][PASSED] - verifyElementVisible(findTestObject("Banking/m2uAccountTransferIconSelect"), 0): Element 'Object Repository/Banking/m2uAccountTransferIconSelect' is visible

2022-06-16 14:28:03 - [MESSAGE][WARNING] - Timeout '0' is invalid. Using default page load timeout: '40'

2022-06-16 14:28:03 - [MESSAGE][PASSED] - Element 'Object Repository/Banking/m2uAccountTransferIconSelect' is visible

2022-06-16 14:28:03 - [TEST_STEP][PASSED] - tap(findTestObject("Banking/m2uAccountTransferIconSelect"), 0): Tapped on element 'Object Repository/Banking/m2uAccountTransferIconSelect'

2022-06-16 14:28:03 - [MESSAGE][WARNING] - Timeout '0' is invalid. Using default page load timeout: '40'

2022-06-16 14:28:04 - [MESSAGE][PASSED] - Tapped on element 'Object Repository/Banking/m2uAccountTransferIconSelect'

2022-06-16 14:28:04 - [TEST_STEP][PASSED] - tap(findTestObject("Banking/transferOthersTopMenuSelect"), 0): Tapped on element 'Object Repository/Banking/transferOthersTopMenuSelect'

2022-06-16 14:28:04 - [MESSAGE][WARNING] - Timeout '0' is invalid. Using default page load timeout: '40'

2022-06-16 14:29:04 - [MESSAGE][PASSED] - Tapped on element 'Object Repository/Banking/transferOthersTopMenuSelect'

2022-06-16 14:29:04 - [TEST_STEP][PASSED] - tap(findTestObject("Banking/transferBanksIconSelect"), 0): Tapped on element 'Object Repository/Banking/transferBanksIconSelect'

2022-06-16 14:29:05 - [MESSAGE][WARNING] - Timeout '0' is invalid. Using default page load timeout: '40'

2022-06-16 14:29:58 - [MESSAGE][PASSED] - Tapped on element 'Object Repository/Banking/transferBanksIconSelect'

2022-06-16 14:29:58 - [TEST_STEP][PASSED] - tap(findTestObject("Banking/transferToMaybankSelect"), 0): Tapped on element 'Object Repository/Banking/transferToMaybankSelect'

2022-06-16 14:29:58 - [MESSAGE][WARNING] - Timeout '0' is invalid. Using default page load timeout: '40'

2022-06-16 14:29:58 - [MESSAGE][PASSED] - Tapped on element 'Object Repository/Banking/transferToMaybankSelect'

2022-06-16 14:29:58 - [TEST_STEP][PASSED] - delay(3): Delayed 3 second(s)

2022-06-16 14:30:01 - [MESSAGE][PASSED] - Delayed 3 second(s)

2022-06-16 14:30:01 - [TEST_STEP][PASSED] - verifyElementExist(findTestObject("Banking/transferAccountNoInputField"), 0): Element 'Object Repository/Banking/transferAccountNoInputField' is exist

2022-06-16 14:30:01 - [MESSAGE][WARNING] - Timeout '0' is invalid. Using default page load timeout: '40'

2022-06-16 14:30:02 - [MESSAGE][PASSED] - Element 'Object Repository/Banking/transferAccountNoInputField' is exist

2022-06-16 14:30:02 - [TEST_STEP][PASSED] - setText(findTestObject("Banking/transferAccountNoInputField"), accountNum, 0): Text '514012082699' has been set to element 'Object Repository/Banking/transferAccountNoInputField'

2022-06-16 14:30:02 - [MESSAGE][WARNING] - Timeout '0' is invalid. Using default page load timeout: '40'

2022-06-16 14:30:03 - [MESSAGE][PASSED] - Text '514012082699' has been set to element 'Object Repository/Banking/transferAccountNoInputField'

2022-06-16 14:30:03 - [TEST_STEP][PASSED] - hideKeyboard(): Keyboard is hidden

2022-06-16 14:30:07 - [MESSAGE][PASSED] - Keyboard is hidden

2022-06-16 14:30:07 - [TEST_STEP][PASSED] - tap(findTestObject("Login Onboarding/loginExistingContinueBtn"), 0): Tapped on element 'Object Repository/Login Onboarding/loginExistingContinueBtn'

2022-06-16 14:30:08 - [MESSAGE][WARNING] - Timeout '0' is invalid. Using default page load timeout: '40'

2022-06-16 14:30:08 - [MESSAGE][PASSED] - Tapped on element 'Object Repository/Login Onboarding/loginExistingContinueBtn'

2022-06-16 14:30:08 - [TEST_STEP][PASSED] - verifyElementText(findTestObject("Transfer/transferAmounttAccNameTxt", ["accName":accName]), accName): Actual text and expected text of test object 'Object Repository/Transfer/transferAmounttAccNameTxt' are matched.

2022-06-16 14:30:11 - [MESSAGE][PASSED] - Actual text and expected text of test object 'Object Repository/Transfer/transferAmounttAccNameTxt' are matched.

2022-06-16 14:30:11 - [TEST_STEP][PASSED] - verifyElementText(findTestObject("Transfer/transferAmounttAccNoTxt", ["accNo":accNo]), accNo): Actual text and expected text of test object 'Object Repository/Transfer/transferAmounttAccNoTxt' are matched.

2022-06-16 14:30:12 - [MESSAGE][PASSED] - Actual text and expected text of test object 'Object Repository/Transfer/transferAmounttAccNoTxt' are matched.

2022-06-16 14:30:12 - [TEST_STEP][PASSED] - verifyElementText(findTestObject("Transfer/transferAmounttAccBankTxt", ["accBank":accBank]), accBank): Actual text and expected text of test object 'Object Repository/Transfer/transferAmounttAccBankTxt' are matched.

2022-06-16 14:30:12 - [MESSAGE][PASSED] - Actual text and expected text of test object 'Object Repository/Transfer/transferAmounttAccBankTxt' are matched.

2022-06-16 14:30:12 - [TEST_STEP][PASSED] - verifyElementExist(findTestObject("Transfer/transferAmountRMTxt"), 0): Element 'Object Repository/Transfer/transferAmountRMTxt' is exist

2022-06-16 14:30:12 - [MESSAGE][WARNING] - Timeout '0' is invalid. Using default page load timeout: '40'

2022-06-16 14:30:12 - [MESSAGE][PASSED] - Element 'Object Repository/Transfer/transferAmountRMTxt' is exist

2022-06-16 14:30:12 - [TEST_STEP][PASSED] - verifyElementExist(findTestObject("Transfer/transferAmountEnterAmountTitleTxt"), 0): Element 'Object Repository/Transfer/transferAmountEnterAmountTitleTxt' is exist

2022-06-16 14:30:12 - [MESSAGE][WARNING] - Timeout '0' is invalid. Using default page load timeout: '40'

2022-06-16 14:30:13 - [MESSAGE][PASSED] - Element 'Object Repository/Transfer/transferAmountEnterAmountTitleTxt' is exist

2022-06-16 14:30:13 - [TEST_STEP][PASSED] - verifyElementExist(findTestObject("Login Onboarding/PIN4"), 0): Element 'Object Repository/Login Onboarding/PIN4' is exist

2022-06-16 14:30:13 - [MESSAGE][WARNING] - Timeout '0' is invalid. Using default page load timeout: '40'

2022-06-16 14:30:13 - [MESSAGE][PASSED] - Element 'Object Repository/Login Onboarding/PIN4' is exist

2022-06-16 14:30:13 - [TEST_STEP][PASSED] - tap(findTestObject("Login Onboarding/PIN4"), 0): Tapped on element 'Object Repository/Login Onboarding/PIN4'

2022-06-16 14:30:13 - [MESSAGE][WARNING] - Timeout '0' is invalid. Using default page load timeout: '40'

2022-06-16 14:30:13 - [MESSAGE][PASSED] - Tapped on element 'Object Repository/Login Onboarding/PIN4'

2022-06-16 14:30:13 - [TEST_STEP][PASSED] - verifyElementText(findTestObject("Transfer/transferAmountInputValueTxt", ["value":checkValue]), checkValue): Actual text and expected text of test object 'Object Repository/Transfer/transferAmountInputValueTxt' are matched.

2022-06-16 14:30:14 - [MESSAGE][PASSED] - Actual text and expected text of test object 'Object Repository/Transfer/transferAmountInputValueTxt' are matched.

2022-06-16 14:30:14 - [TEST_STEP][PASSED] - delay(3): Delayed 3 second(s)

2022-06-16 14:30:17 - [MESSAGE][PASSED] - Delayed 3 second(s)

2022-06-16 14:30:17 - [TEST_STEP][PASSED] - tap(findTestObject("Login Onboarding/loginPinTickBtn"), 0): Tapped on element 'Object Repository/Login Onboarding/loginPinTickBtn'

2022-06-16 14:30:17 - [MESSAGE][WARNING] - Timeout '0' is invalid. Using default page load timeout: '40'

2022-06-16 14:30:17 - [MESSAGE][PASSED] - Tapped on element 'Object Repository/Login Onboarding/loginPinTickBtn'

2022-06-16 14:30:17 - [TEST_STEP][PASSED] - verifyElementText(findTestObject("Transfer/transferReferenceAccNameTxt", ["accName":accName]), accName): Actual text and expected text of test object 'Object Repository/Transfer/transferReferenceAccNameTxt' are matched.

2022-06-16 14:30:19 - [MESSAGE][PASSED] - Actual text and expected text of test object 'Object Repository/Transfer/transferReferenceAccNameTxt' are matched.

2022-06-16 14:30:19 - [TEST_STEP][PASSED] - verifyElementText(findTestObject("Transfer/transferReferenceAccNoTxt", ["accNo":accNo]), accNo): Actual text and expected text of test object 'Object Repository/Transfer/transferReferenceAccNoTxt' are matched.

2022-06-16 14:30:19 - [MESSAGE][PASSED] - Actual text and expected text of test object 'Object Repository/Transfer/transferReferenceAccNoTxt' are matched.

2022-06-16 14:30:19 - [TEST_STEP][PASSED] - verifyElementText(findTestObject("Transfer/transferReferenceAccBankTxt", ["accBank":accBank]), accBank): Actual text and expected text of test object 'Object Repository/Transfer/transferReferenceAccBankTxt' are matched.

2022-06-16 14:30:19 - [MESSAGE][PASSED] - Actual text and expected text of test object 'Object Repository/Transfer/transferReferenceAccBankTxt' are matched.

2022-06-16 14:30:19 - [TEST_STEP][PASSED] - verifyElementExist(findTestObject("Transfer/transferReferenceInputField"), 0): Element 'Object Repository/Transfer/transferReferenceInputField' is exist

2022-06-16 14:30:19 - [MESSAGE][WARNING] - Timeout '0' is invalid. Using default page load timeout: '40'

2022-06-16 14:30:19 - [MESSAGE][PASSED] - Element 'Object Repository/Transfer/transferReferenceInputField' is exist

2022-06-16 14:30:19 - [TEST_STEP][PASSED] - setText(findTestObject("Banking/transferReferenceInputField"), reference, 0): Text 'MBBTransfer' has been set to element 'Object Repository/Banking/transferReferenceInputField'

2022-06-16 14:30:19 - [MESSAGE][WARNING] - Timeout '0' is invalid. Using default page load timeout: '40'

2022-06-16 14:30:20 - [MESSAGE][PASSED] - Text 'MBBTransfer' has been set to element 'Object Repository/Banking/transferReferenceInputField'

2022-06-16 14:30:20 - [TEST_STEP][PASSED] - hideKeyboard(): Keyboard is hidden

2022-06-16 14:30:22 - [MESSAGE][PASSED] - Keyboard is hidden

2022-06-16 14:30:22 - [TEST_STEP][PASSED] - verifyElementText(findTestObject("Transfer/transferReferenceInputFieldAfter", ["reference":reference]), reference): Actual text and expected text of test object 'Object Repository/Transfer/transferReferenceInputFieldAfter' are matched.

2022-06-16 14:30:22 - [MESSAGE][PASSED] - Actual text and expected text of test object 'Object Repository/Transfer/transferReferenceInputFieldAfter' are matched.

2022-06-16 14:30:22 - [TEST_STEP][PASSED] - tap(findTestObject("Login Onboarding/loginExistingContinueBtn"), 0): Tapped on element 'Object Repository/Login Onboarding/loginExistingContinueBtn'

2022-06-16 14:30:22 - [MESSAGE][WARNING] - Timeout '0' is invalid. Using default page load timeout: '40'

2022-06-16 14:30:22 - [MESSAGE][PASSED] - Tapped on element 'Object Repository/Login Onboarding/loginExistingContinueBtn'

2022-06-16 14:30:22 - [TEST_STEP][PASSED] - verifyElementText(findTestObject("Transfer/transferConfirmationAccountNameTxt", ["accName":accName]), accName): Actual text and expected text of test object 'Object Repository/Transfer/transferConfirmationAccountNameTxt' are matched.

2022-06-16 14:30:23 - [MESSAGE][PASSED] - Actual text and expected text of test object 'Object Repository/Transfer/transferConfirmationAccountNameTxt' are matched.

2022-06-16 14:30:23 - [TEST_STEP][PASSED] - verifyElementText(findTestObject("Transfer/transferConfirmationAccountNoTxt", ["accNo":accNo]), accNo): Actual text and expected text of test object 'Object Repository/Transfer/transferConfirmationAccountNoTxt' are matched.

2022-06-16 14:30:23 - [MESSAGE][PASSED] - Actual text and expected text of test object 'Object Repository/Transfer/transferConfirmationAccountNoTxt' are matched.

2022-06-16 14:30:23 - [TEST_STEP][PASSED] - verifyElementText(findTestObject("Transfer/transferConfirmationAmountTxt", ["amount":amount]), amount): Actual text and expected text of test object 'Object Repository/Transfer/transferConfirmationAmountTxt' are matched.

2022-06-16 14:30:25 - [MESSAGE][PASSED] - Actual text and expected text of test object 'Object Repository/Transfer/transferConfirmationAmountTxt' are matched.

2022-06-16 14:30:25 - [TEST_STEP][PASSED] - verifyElementText(findTestObject("Transfer/transferConfirmationTransactionDateTxt"), "Today"): Actual text and expected text of test object 'Object Repository/Transfer/transferConfirmationTransactionDateTxt' are matched.

2022-06-16 14:30:25 - [MESSAGE][PASSED] - Actual text and expected text of test object 'Object Repository/Transfer/transferConfirmationTransactionDateTxt' are matched.

2022-06-16 14:30:25 - [TEST_STEP][PASSED] - verifyElementText(findTestObject("Transfer/transferConfirmationTransactionRecRefTxt", ["reference":reference]), reference): Actual text and expected text of test object 'Object Repository/Transfer/transferConfirmationTransactionRecRefTxt' are matched.

2022-06-16 14:30:26 - [MESSAGE][PASSED] - Actual text and expected text of test object 'Object Repository/Transfer/transferConfirmationTransactionRecRefTxt' are matched.

2022-06-16 14:30:26 - [TEST_STEP][PASSED] - verifyElementText(findTestObject("Transfer/transferConfirmationTransactionBankTxt", ["accBank":accBank]), accBank): Actual text and expected text of test object 'Object Repository/Transfer/transferConfirmationTransactionBankTxt' are matched.

2022-06-16 14:30:26 - [MESSAGE][PASSED] - Actual text and expected text of test object 'Object Repository/Transfer/transferConfirmationTransactionBankTxt' are matched.

2022-06-16 14:30:26 - [TEST_STEP][PASSED] - verifyElementText(findTestObject("Transfer/transferConfirmationOptionalGreyWordTxt"), "Optional"): Actual text and expected text of test object 'Object Repository/Transfer/transferConfirmationOptionalGreyWordTxt' are matched.

2022-06-16 14:30:26 - [MESSAGE][PASSED] - Actual text and expected text of test object 'Object Repository/Transfer/transferConfirmationOptionalGreyWordTxt' are matched.

2022-06-16 14:30:26 - [TEST_STEP][PASSED] - verifyElementExist(findTestObject("Transfer/transferConfirmationBankNameTitleTxt"), 0): Element 'Object Repository/Transfer/transferConfirmationBankNameTitleTxt' is exist

2022-06-16 14:30:26 - [MESSAGE][WARNING] - Timeout '0' is invalid. Using default page load timeout: '40'

2022-06-16 14:30:27 - [MESSAGE][PASSED] - Element 'Object Repository/Transfer/transferConfirmationBankNameTitleTxt' is exist

2022-06-16 14:30:27 - [TEST_STEP][PASSED] - verifyElementExist(findTestObject("Transfer/transferConfirmationDateTitleTxt"), 0): Element 'Object Repository/Transfer/transferConfirmationDateTitleTxt' is exist

2022-06-16 14:30:27 - [MESSAGE][WARNING] - Timeout '0' is invalid. Using default page load timeout: '40'

2022-06-16 14:30:27 - [MESSAGE][PASSED] - Element 'Object Repository/Transfer/transferConfirmationDateTitleTxt' is exist

2022-06-16 14:30:27 - [TEST_STEP][PASSED] - verifyElementExist(findTestObject("Transfer/transferConfirmationFTransferFromTitleTxt"), 0): Element 'Object Repository/Transfer/transferConfirmationFTransferFromTitleTxt' is exist

2022-06-16 14:30:27 - [MESSAGE][WARNING] - Timeout '0' is invalid. Using default page load timeout: '40'

2022-06-16 14:30:27 - [MESSAGE][PASSED] - Element 'Object Repository/Transfer/transferConfirmationFTransferFromTitleTxt' is exist

2022-06-16 14:30:27 - [TEST_STEP][PASSED] - verifyElementExist(findTestObject("Transfer/transferConfirmationRecRefTitleTxt"), 0): Element 'Object Repository/Transfer/transferConfirmationRecRefTitleTxt' is exist

2022-06-16 14:30:28 - [MESSAGE][WARNING] - Timeout '0' is invalid. Using default page load timeout: '40'

2022-06-16 14:30:28 - [MESSAGE][PASSED] - Element 'Object Repository/Transfer/transferConfirmationRecRefTitleTxt' is exist

2022-06-16 14:30:28 - [TEST_STEP][PASSED] - verifyElementExist(findTestObject("Transfer/transferConfirmationPaymentDetailsTitleTxt"), 0): Element 'Object Repository/Transfer/transferConfirmationPaymentDetailsTitleTxt' is exist

2022-06-16 14:30:28 - [MESSAGE][WARNING] - Timeout '0' is invalid. Using default page load timeout: '40'

2022-06-16 14:30:28 - [MESSAGE][PASSED] - Element 'Object Repository/Transfer/transferConfirmationPaymentDetailsTitleTxt' is exist

2022-06-16 14:30:28 - [TEST_STEP][PASSED] - verifyElementExist(findTestObject("Transfer/transferConfirmationNoteTitleTxt"), 0): Element 'Object Repository/Transfer/transferConfirmationNoteTitleTxt' is exist

2022-06-16 14:30:28 - [MESSAGE][WARNING] - Timeout '0' is invalid. Using default page load timeout: '40'

2022-06-16 14:30:28 - [MESSAGE][PASSED] - Element 'Object Repository/Transfer/transferConfirmationNoteTitleTxt' is exist

2022-06-16 14:30:28 - [TEST_STEP][PASSED] - verifyElementExist(findTestObject("Transfer/transferConfirmationNoteContentTxt"), 0): Element 'Object Repository/Transfer/transferConfirmationNoteContentTxt' is exist

2022-06-16 14:30:28 - [MESSAGE][WARNING] - Timeout '0' is invalid. Using default page load timeout: '40'

2022-06-16 14:30:28 - [MESSAGE][PASSED] - Element 'Object Repository/Transfer/transferConfirmationNoteContentTxt' is exist

2022-06-16 14:30:28 - [TEST_STEP][PASSED] - tap(findTestObject("Transfer/transferConfirmationOptionalGreyWordTxt"), 0): Tapped on element 'Object Repository/Transfer/transferConfirmationOptionalGreyWordTxt'

2022-06-16 14:30:28 - [MESSAGE][WARNING] - Timeout '0' is invalid. Using default page load timeout: '40'

2022-06-16 14:30:29 - [MESSAGE][PASSED] - Tapped on element 'Object Repository/Transfer/transferConfirmationOptionalGreyWordTxt'

2022-06-16 14:30:29 - [TEST_STEP][PASSED] - setText(findTestObject("Transfer/transferConfirmationDetailsInputField"), referenceC, 0): Text 'Test Transfer' has been set to element 'Object Repository/Transfer/transferConfirmationDetailsInputField'

2022-06-16 14:30:29 - [MESSAGE][WARNING] - Timeout '0' is invalid. Using default page load timeout: '40'

2022-06-16 14:30:31 - [MESSAGE][PASSED] - Text 'Test Transfer' has been set to element 'Object Repository/Transfer/transferConfirmationDetailsInputField'

2022-06-16 14:30:31 - [TEST_STEP][PASSED] - hideKeyboard(): Keyboard is hidden

2022-06-16 14:30:33 - [MESSAGE][PASSED] - Keyboard is hidden

2022-06-16 14:30:33 - [TEST_STEP][PASSED] - verifyElementText(findTestObject("Transfer/transferConfirmationOptionalGreyWordTxt"), referenceC): Actual text and expected text of test object 'Object Repository/Transfer/transferConfirmationOptionalGreyWordTxt' are matched.

2022-06-16 14:30:33 - [MESSAGE][PASSED] - Actual text and expected text of test object 'Object Repository/Transfer/transferConfirmationOptionalGreyWordTxt' are matched.

2022-06-16 14:30:33 - [TEST_STEP][PASSED] - device_Height_2 = getDeviceHeight(): Current device physical height is 2167

2022-06-16 14:30:33 - [MESSAGE][PASSED] - Current device physical height is 2167

2022-06-16 14:30:33 - [TEST_STEP][PASSED] - device_Width_2 = getDeviceWidth(): Current device physical width is 1080

2022-06-16 14:30:33 - [MESSAGE][PASSED] - Current device physical width is 1080

2022-06-16 14:30:33 - [TEST_STEP][PASSED] - startX_2 = device_Width_2 / 2: null

2022-06-16 14:30:33 - [TEST_STEP][PASSED] - endX_2 = startX_2: null

2022-06-16 14:30:33 - [TEST_STEP][PASSED] - startY_2 = device_Height_2 * 0.30: null

2022-06-16 14:30:33 - [TEST_STEP][PASSED] - endY_2 = device_Height_2 * 0.70: null

2022-06-16 14:30:33 - [TEST_STEP][PASSED] - swipe(startX_2, endY_2, endX_2, startY_2): Swiped from 540,1,516 to 540,650

2022-06-16 14:30:34 - [MESSAGE][PASSED] - Swiped from 540,1,516 to 540,650

2022-06-16 14:30:34 - [TEST_STEP][PASSED] - verifyElementText(findTestObject("Transfer/transferConfirmationFromAccTypeTxt", ["accType":accType]), accType): Actual text and expected text of test object 'Object Repository/Transfer/transferConfirmationFromAccTypeTxt' are matched.

2022-06-16 14:30:35 - [MESSAGE][PASSED] - Actual text and expected text of test object 'Object Repository/Transfer/transferConfirmationFromAccTypeTxt' are matched.

2022-06-16 14:30:35 - [TEST_STEP][PASSED] - verifyElementText(findTestObject("Transfer/transferConfirmationFromAccNoTxt", ["accNoFrom":accNoFrom]), accNoFrom): Actual text and expected text of test object 'Object Repository/Transfer/transferConfirmationFromAccNoTxt' are matched.

2022-06-16 14:30:35 - [MESSAGE][PASSED] - Actual text and expected text of test object 'Object Repository/Transfer/transferConfirmationFromAccNoTxt' are matched.

2022-06-16 14:30:35 - [TEST_STEP][PASSED] - verifyElementExist(findTestObject("Transfer/transferConfirmationFromAccBalanceTxt"), 0): Element 'Object Repository/Transfer/transferConfirmationFromAccBalanceTxt' is exist

2022-06-16 14:30:35 - [MESSAGE][WARNING] - Timeout '0' is invalid. Using default page load timeout: '40'

2022-06-16 14:30:35 - [MESSAGE][PASSED] - Element 'Object Repository/Transfer/transferConfirmationFromAccBalanceTxt' is exist

2022-06-16 14:30:35 - [TEST_STEP][PASSED] - accountBalance = getText(findTestObject("Transfer/transferConfirmationFromAccBalanceTxt"), 0): Text of element 'Object Repository/Transfer/transferConfirmationFromAccBalanceTxt' is: 'RM 631.09'

2022-06-16 14:30:35 - [MESSAGE][WARNING] - Timeout '0' is invalid. Using default page load timeout: '40'

2022-06-16 14:30:35 - [MESSAGE][PASSED] - Text of element 'Object Repository/Transfer/transferConfirmationFromAccBalanceTxt' is: 'RM 631.09'

2022-06-16 14:30:35 - [TEST_STEP][PASSED] - println(accountBalance): null

2022-06-16 14:30:35 - [TEST_STEP][PASSED] - tap(findTestObject("Main/mainTransferNowBtn"), 0): Tapped on element 'Object Repository/Main/mainTransferNowBtn'

2022-06-16 14:30:35 - [MESSAGE][WARNING] - Timeout '0' is invalid. Using default page load timeout: '40'

2022-06-16 14:30:36 - [MESSAGE][PASSED] - Tapped on element 'Object Repository/Main/mainTransferNowBtn'

2022-06-16 14:30:36 - [TEST_STEP][PASSED] - if (verifyElementVisible(findTestObject("Festive Season/seasonalGreetingAngpaoTACNoTxt"), 5, OPTIONAL)): Element 'Object Repository/Festive Season/seasonalGreetingAngpaoTACNoTxt' not found

2022-06-16 14:30:41 - [MESSAGE][WARNING] - Element 'Object Repository/Festive Season/seasonalGreetingAngpaoTACNoTxt' not found

2022-06-16 14:30:41 - [TEST_STEP][PASSED] - else: Tapped on element 'Object Repository/Main/mainS2UApproveBtn'

2022-06-16 14:30:41 - [TEST_STEP][PASSED] - delay(5): Delayed 5 second(s)

2022-06-16 14:30:46 - [MESSAGE][PASSED] - Delayed 5 second(s)

2022-06-16 14:30:46 - [TEST_STEP][PASSED] - verifyElementVisible(findTestObject("Main/mainS2UApproveBtn"), 0): Element 'Object Repository/Main/mainS2UApproveBtn' is visible

2022-06-16 14:30:46 - [MESSAGE][WARNING] - Timeout '0' is invalid. Using default page load timeout: '40'

2022-06-16 14:30:46 - [MESSAGE][PASSED] - Element 'Object Repository/Main/mainS2UApproveBtn' is visible

2022-06-16 14:30:46 - [TEST_STEP][PASSED] - tap(findTestObject("Main/mainS2UApproveBtn"), 0): Tapped on element 'Object Repository/Main/mainS2UApproveBtn'

2022-06-16 14:30:46 - [MESSAGE][WARNING] - Timeout '0' is invalid. Using default page load timeout: '40'

2022-06-16 14:30:46 - [MESSAGE][PASSED] - Tapped on element 'Object Repository/Main/mainS2UApproveBtn'

2022-06-16 14:30:46 - [TEST_STEP][PASSED] - delay(5): Delayed 5 second(s)

2022-06-16 14:30:51 - [MESSAGE][PASSED] - Delayed 5 second(s)

2022-06-16 14:30:51 - [TEST_STEP][PASSED] - verifyElementExist(findTestObject("Festive Season/returnAngpaoStatusMessageTxt"), 0): Element 'Object Repository/Festive Season/returnAngpaoStatusMessageTxt' is exist

2022-06-16 14:30:51 - [MESSAGE][WARNING] - Timeout '0' is invalid. Using default page load timeout: '40'

2022-06-16 14:30:51 - [MESSAGE][PASSED] - Element 'Object Repository/Festive Season/returnAngpaoStatusMessageTxt' is exist

2022-06-16 14:30:51 - [TEST_STEP][PASSED] - message = getText(findTestObject("Festive Season/returnAngpaoStatusMessageTxt"), 10): Text of element 'Object Repository/Festive Season/returnAngpaoStatusMessageTxt' is: 'Transfer successful'

2022-06-16 14:30:52 - [MESSAGE][PASSED] - Text of element 'Object Repository/Festive Season/returnAngpaoStatusMessageTxt' is: 'Transfer successful'

2022-06-16 14:30:52 - [TEST_STEP][PASSED] - println(message): null

2022-06-16 14:30:52 - [TEST_STEP][PASSED] - assert message == successTransactionMessage: null

2022-06-16 14:30:52 - [TEST_STEP][PASSED] - verifyElementExist(findTestObject("Transfer/transferSummaryDateTimeTitleTxt"), 0): Element 'Object Repository/Transfer/transferSummaryDateTimeTitleTxt' is exist

2022-06-16 14:30:52 - [MESSAGE][WARNING] - Timeout '0' is invalid. Using default page load timeout: '40'

2022-06-16 14:30:52 - [MESSAGE][PASSED] - Element 'Object Repository/Transfer/transferSummaryDateTimeTitleTxt' is exist

2022-06-16 14:30:52 - [TEST_STEP][PASSED] - verifyElementExist(findTestObject("Transfer/transferSummaryRefIDTitleTxt"), 0): Element 'Object Repository/Transfer/transferSummaryRefIDTitleTxt' is exist

2022-06-16 14:30:52 - [MESSAGE][WARNING] - Timeout '0' is invalid. Using default page load timeout: '40'

2022-06-16 14:30:52 - [MESSAGE][PASSED] - Element 'Object Repository/Transfer/transferSummaryRefIDTitleTxt' is exist

2022-06-16 14:30:52 - [TEST_STEP][PASSED] - verifyElementExist(findTestObject("Transfer/transferSummaryShareReceiptBtn"), 0): Element 'Object Repository/Transfer/transferSummaryShareReceiptBtn' is exist

2022-06-16 14:30:52 - [MESSAGE][WARNING] - Timeout '0' is invalid. Using default page load timeout: '40'

2022-06-16 14:30:52 - [MESSAGE][PASSED] - Element 'Object Repository/Transfer/transferSummaryShareReceiptBtn' is exist

2022-06-16 14:30:52 - [TEST_STEP][PASSED] - delay(5): Delayed 5 second(s)

2022-06-16 14:30:57 - [MESSAGE][PASSED] - Delayed 5 second(s)

2022-06-16 14:30:57 - [TEST_STEP][PASSED] - referenceID = getText(findTestObject("Send Request Money/requestMoneyPaySummaryRefIDTxt"), 0): Text of element 'Object Repository/Send Request Money/requestMoneyPaySummaryRefIDTxt' is: '183477931M'

2022-06-16 14:30:57 - [MESSAGE][WARNING] - Timeout '0' is invalid. Using default page load timeout: '40'

2022-06-16 14:30:57 - [MESSAGE][PASSED] - Text of element 'Object Repository/Send Request Money/requestMoneyPaySummaryRefIDTxt' is: '183477931M'

2022-06-16 14:30:57 - [TEST_STEP][PASSED] - println(referenceID): null

2022-06-16 14:30:57 - [TEST_STEP][PASSED] - test = dataFolder: null

2022-06-16 14:30:57 - [TEST_STEP][PASSED] - sheetName = "Sheet1": null

2022-06-16 14:30:57 - [TEST_STEP][PASSED] - file1 = new java.io.File(test): null

2022-06-16 14:30:57 - [TEST_STEP][PASSED] - assert file1.exists() == true: null

2022-06-16 14:30:57 - [TEST_STEP][PASSED] - woorkbook1 = getWorkbook(test): null

2022-06-16 14:30:57 - [TEST_STEP][PASSED] - sheet1 = getExcelSheet(woorkbook1, sheetName): null

2022-06-16 14:30:57 - [TEST_STEP][PASSED] - setValueToCellByIndex(sheet1, 3, 1, referenceID): null

2022-06-16 14:30:57 - [TEST_STEP][PASSED] - saveWorkbook(test, woorkbook1): null

2022-06-16 14:30:57 - [TEST_STEP][PASSED] - delay(3): Delayed 3 second(s)

2022-06-16 14:31:00 - [MESSAGE][PASSED] - Delayed 3 second(s)

2022-06-16 14:31:00 - [TEST_STEP][PASSED] - takeScreenshot("/Users/a00139272/Desktop/Screenshot/instantThirdParty.png"): Screenshot is taken

2022-06-16 14:31:01 - [MESSAGE][PASSED] - Screenshot is taken
[[ATTACHMENT|/Users/a00139272/Desktop/Screenshot/instantThirdParty.png]]

2022-06-16 14:31:01 - [TEST_STEP][PASSED] - verifyElementVisible(findTestObject("Main/mainDoneBtn"), 0): Element 'Object Repository/Main/mainDoneBtn' is visible

2022-06-16 14:31:01 - [MESSAGE][WARNING] - Timeout '0' is invalid. Using default page load timeout: '40'

2022-06-16 14:31:02 - [MESSAGE][PASSED] - Element 'Object Repository/Main/mainDoneBtn' is visible

2022-06-16 14:31:02 - [TEST_STEP][PASSED] - tap(findTestObject("Main/mainDoneBtn"), 0): Tapped on element 'Object Repository/Main/mainDoneBtn'

2022-06-16 14:31:02 - [MESSAGE][WARNING] - Timeout '0' is invalid. Using default page load timeout: '40'

2022-06-16 14:31:02 - [MESSAGE][PASSED] - Tapped on element 'Object Repository/Main/mainDoneBtn'

2022-06-16 14:31:02 - [TEST_STEP][PASSED] - delay(5): Delayed 5 second(s)

2022-06-16 14:31:07 - [MESSAGE][PASSED] - Delayed 5 second(s)

2022-06-16 14:31:07 - [TEST_STEP][PASSED] - tap(findTestObject("Main/mainTopLeftBackButton"), 0): Tapped on element 'Object Repository/Main/mainTopLeftBackButton'

2022-06-16 14:31:07 - [MESSAGE][WARNING] - Timeout '0' is invalid. Using default page load timeout: '40'

2022-06-16 14:31:07 - [MESSAGE][PASSED] - Tapped on element 'Object Repository/Main/mainTopLeftBackButton'

2022-06-16 14:31:07 - [TEST_STEP][PASSED] - verifyElementVisible(findTestObject("Banking/m2uAccountTypeSelection", ["text":"MAE"]), 0): Element 'Object Repository/Banking/m2uAccountTypeSelection' is visible

2022-06-16 14:31:07 - [MESSAGE][WARNING] - Timeout '0' is invalid. Using default page load timeout: '40'

2022-06-16 14:31:10 - [MESSAGE][PASSED] - Element 'Object Repository/Banking/m2uAccountTypeSelection' is visible

2022-06-16 14:31:10 - [TEST_STEP][PASSED] - tap(findTestObject("Banking/m2uAccountTypeSelection", ["text":"MAE"]), 10): Tapped on element 'Object Repository/Banking/m2uAccountTypeSelection'

2022-06-16 14:31:11 - [MESSAGE][PASSED] - Tapped on element 'Object Repository/Banking/m2uAccountTypeSelection'

2022-06-16 14:31:11 - [TEST_STEP][PASSED] - delay(5): Delayed 5 second(s)

2022-06-16 14:31:16 - [MESSAGE][PASSED] - Delayed 5 second(s)

2022-06-16 14:31:16 - [TEST_STEP][PASSED] - afterBalance = getText(findTestObject("Main/mainAccountsBalanceTxt"), 0): Text of element 'Object Repository/Main/mainAccountsBalanceTxt' is: 'RM 631.05'

2022-06-16 14:31:16 - [MESSAGE][WARNING] - Timeout '0' is invalid. Using default page load timeout: '40'

2022-06-16 14:31:16 - [MESSAGE][PASSED] - Text of element 'Object Repository/Main/mainAccountsBalanceTxt' is: 'RM 631.05'

2022-06-16 14:31:16 - [TEST_STEP][PASSED] - newAfterBalance = afterBalance.replaceAll("[^0-9.]", ""): null

2022-06-16 14:31:16 - [TEST_STEP][PASSED] - newAccountBalance = accountBalance.replaceAll("[^0-9.]", ""): null

2022-06-16 14:31:16 - [TEST_STEP][PASSED] - newAfterBalanceF = Float.parseFloat(newAfterBalance): null

2022-06-16 14:31:16 - [TEST_STEP][PASSED] - newAccountBalanceF = Float.parseFloat(newAccountBalance): null

2022-06-16 14:31:16 - [TEST_STEP][PASSED] - println(afterBalance): null

2022-06-16 14:31:16 - [TEST_STEP][PASSED] - println(accountBalance): null

2022-06-16 14:31:16 - [TEST_STEP][PASSED] - println(newAfterBalance): null

2022-06-16 14:31:16 - [TEST_STEP][PASSED] - println(newAccountBalance): null

2022-06-16 14:31:16 - [TEST_STEP][PASSED] - value_1 = checkValue: null

2022-06-16 14:31:16 - [TEST_STEP][PASSED] - value_2 = value_1.replaceAll("[^0-9.]", ""): null

2022-06-16 14:31:16 - [TEST_STEP][PASSED] - newValue = Float.parseFloat(value_2): null

2022-06-16 14:31:16 - [TEST_STEP][PASSED] - newBalance = newAccountBalanceF - newValue: null

2022-06-16 14:31:16 - [TEST_STEP][PASSED] - println(newBalance): null

2022-06-16 14:31:16 - [TEST_STEP][PASSED] - assert newBalance.round(2) == newAfterBalanceF: null

2022-06-16 14:31:16 - [TEST_STEP][PASSED] - delay(5): Delayed 5 second(s)

2022-06-16 14:31:21 - [MESSAGE][PASSED] - Delayed 5 second(s)]]></system-out>
         <system-err><![CDATA[]]></system-err>
      </testcase>
      <testcase name="Test Cases/Transfer/transfer_thirdPartyFuture" time="230.955" classname="Test Cases/Transfer/transfer_thirdPartyFuture" status="PASSED">
         <system-out><![CDATA[2022-06-16 14:31:21 - [TEST_CASE][PASSED] - Test Cases/Transfer/transfer_thirdPartyFuture: Test Cases/Transfer/transfer_thirdPartyFuture

2022-06-16 14:31:21 - [TEST_STEP][PASSED] - start = "Starts": null

2022-06-16 14:31:21 - [TEST_STEP][PASSED] - println(start): null

2022-06-16 14:31:21 - [TEST_STEP][PASSED] - delay(5): Delayed 5 second(s)

2022-06-16 14:31:26 - [MESSAGE][PASSED] - Delayed 5 second(s)

2022-06-16 14:31:26 - [TEST_STEP][PASSED] - verifyElementVisible(findTestObject("Banking/m2uAccountTransferIconSelect"), 0): Element 'Object Repository/Banking/m2uAccountTransferIconSelect' is visible

2022-06-16 14:31:26 - [MESSAGE][WARNING] - Timeout '0' is invalid. Using default page load timeout: '40'

2022-06-16 14:31:26 - [MESSAGE][PASSED] - Element 'Object Repository/Banking/m2uAccountTransferIconSelect' is visible

2022-06-16 14:31:26 - [TEST_STEP][PASSED] - tap(findTestObject("Banking/m2uAccountTransferIconSelect"), 0): Tapped on element 'Object Repository/Banking/m2uAccountTransferIconSelect'

2022-06-16 14:31:27 - [MESSAGE][WARNING] - Timeout '0' is invalid. Using default page load timeout: '40'

2022-06-16 14:31:27 - [MESSAGE][PASSED] - Tapped on element 'Object Repository/Banking/m2uAccountTransferIconSelect'

2022-06-16 14:31:27 - [TEST_STEP][PASSED] - delay(5): Delayed 5 second(s)

2022-06-16 14:31:32 - [MESSAGE][PASSED] - Delayed 5 second(s)

2022-06-16 14:31:32 - [TEST_STEP][PASSED] - tap(findTestObject("Banking/transferOthersTopMenuSelect"), 0): Tapped on element 'Object Repository/Banking/transferOthersTopMenuSelect'

2022-06-16 14:31:32 - [MESSAGE][WARNING] - Timeout '0' is invalid. Using default page load timeout: '40'

2022-06-16 14:32:33 - [MESSAGE][PASSED] - Tapped on element 'Object Repository/Banking/transferOthersTopMenuSelect'

2022-06-16 14:32:33 - [TEST_STEP][PASSED] - verifyElementVisible(findTestObject("Banking/transferBanksIconSelect"), 0): Element 'Object Repository/Banking/transferBanksIconSelect' is visible

2022-06-16 14:32:33 - [MESSAGE][WARNING] - Timeout '0' is invalid. Using default page load timeout: '40'

2022-06-16 14:33:24 - [MESSAGE][PASSED] - Element 'Object Repository/Banking/transferBanksIconSelect' is visible

2022-06-16 14:33:24 - [TEST_STEP][PASSED] - tap(findTestObject("Banking/transferBanksIconSelect"), 0): Tapped on element 'Object Repository/Banking/transferBanksIconSelect'

2022-06-16 14:33:24 - [MESSAGE][WARNING] - Timeout '0' is invalid. Using default page load timeout: '40'

2022-06-16 14:34:17 - [MESSAGE][PASSED] - Tapped on element 'Object Repository/Banking/transferBanksIconSelect'

2022-06-16 14:34:17 - [TEST_STEP][PASSED] - tap(findTestObject("Banking/transferToMaybankSelect"), 0): Tapped on element 'Object Repository/Banking/transferToMaybankSelect'

2022-06-16 14:34:17 - [MESSAGE][WARNING] - Timeout '0' is invalid. Using default page load timeout: '40'

2022-06-16 14:34:18 - [MESSAGE][PASSED] - Tapped on element 'Object Repository/Banking/transferToMaybankSelect'

2022-06-16 14:34:18 - [TEST_STEP][PASSED] - setText(findTestObject("Banking/transferAccountNoInputField"), "514012082699", 0): Text '514012082699' has been set to element 'Object Repository/Banking/transferAccountNoInputField'

2022-06-16 14:34:18 - [MESSAGE][WARNING] - Timeout '0' is invalid. Using default page load timeout: '40'

2022-06-16 14:34:20 - [MESSAGE][PASSED] - Text '514012082699' has been set to element 'Object Repository/Banking/transferAccountNoInputField'

2022-06-16 14:34:20 - [TEST_STEP][PASSED] - hideKeyboard(): Keyboard is hidden

2022-06-16 14:34:24 - [MESSAGE][PASSED] - Keyboard is hidden

2022-06-16 14:34:24 - [TEST_STEP][PASSED] - tap(findTestObject("Login Onboarding/loginExistingContinueBtn"), 0): Tapped on element 'Object Repository/Login Onboarding/loginExistingContinueBtn'

2022-06-16 14:34:24 - [MESSAGE][WARNING] - Timeout '0' is invalid. Using default page load timeout: '40'

2022-06-16 14:34:24 - [MESSAGE][PASSED] - Tapped on element 'Object Repository/Login Onboarding/loginExistingContinueBtn'

2022-06-16 14:34:24 - [TEST_STEP][PASSED] - tap(findTestObject("Login Onboarding/PIN4"), 0): Tapped on element 'Object Repository/Login Onboarding/PIN4'

2022-06-16 14:34:24 - [MESSAGE][WARNING] - Timeout '0' is invalid. Using default page load timeout: '40'

2022-06-16 14:34:28 - [MESSAGE][PASSED] - Tapped on element 'Object Repository/Login Onboarding/PIN4'

2022-06-16 14:34:28 - [TEST_STEP][PASSED] - delay(3): Delayed 3 second(s)

2022-06-16 14:34:31 - [MESSAGE][PASSED] - Delayed 3 second(s)

2022-06-16 14:34:31 - [TEST_STEP][PASSED] - tap(findTestObject("Login Onboarding/loginPinTickBtn"), 0): Tapped on element 'Object Repository/Login Onboarding/loginPinTickBtn'

2022-06-16 14:34:31 - [MESSAGE][WARNING] - Timeout '0' is invalid. Using default page load timeout: '40'

2022-06-16 14:34:31 - [MESSAGE][PASSED] - Tapped on element 'Object Repository/Login Onboarding/loginPinTickBtn'

2022-06-16 14:34:31 - [TEST_STEP][PASSED] - setText(findTestObject("Banking/transferReferenceInputField"), "AmountTranser", 0): Text 'AmountTranser' has been set to element 'Object Repository/Banking/transferReferenceInputField'

2022-06-16 14:34:31 - [MESSAGE][WARNING] - Timeout '0' is invalid. Using default page load timeout: '40'

2022-06-16 14:34:34 - [MESSAGE][PASSED] - Text 'AmountTranser' has been set to element 'Object Repository/Banking/transferReferenceInputField'

2022-06-16 14:34:34 - [TEST_STEP][PASSED] - hideKeyboard(): Keyboard is hidden

2022-06-16 14:34:35 - [MESSAGE][PASSED] - Keyboard is hidden

2022-06-16 14:34:35 - [TEST_STEP][PASSED] - tap(findTestObject("Login Onboarding/loginExistingContinueBtn"), 0): Tapped on element 'Object Repository/Login Onboarding/loginExistingContinueBtn'

2022-06-16 14:34:35 - [MESSAGE][WARNING] - Timeout '0' is invalid. Using default page load timeout: '40'

2022-06-16 14:34:36 - [MESSAGE][PASSED] - Tapped on element 'Object Repository/Login Onboarding/loginExistingContinueBtn'

2022-06-16 14:34:36 - [TEST_STEP][PASSED] - tap(findTestObject("Main/mainDatePickerTodaySelect"), 0): Tapped on element 'Object Repository/Main/mainDatePickerTodaySelect'

2022-06-16 14:34:36 - [MESSAGE][WARNING] - Timeout '0' is invalid. Using default page load timeout: '40'

2022-06-16 14:34:39 - [MESSAGE][PASSED] - Tapped on element 'Object Repository/Main/mainDatePickerTodaySelect'

2022-06-16 14:34:39 - [TEST_STEP][PASSED] - tap(findTestObject("Main/mainCalenderPickerNextBtn"), 0): Tapped on element 'Object Repository/Main/mainCalenderPickerNextBtn'

2022-06-16 14:34:39 - [MESSAGE][WARNING] - Timeout '0' is invalid. Using default page load timeout: '40'

2022-06-16 14:34:40 - [MESSAGE][PASSED] - Tapped on element 'Object Repository/Main/mainCalenderPickerNextBtn'

2022-06-16 14:34:40 - [TEST_STEP][PASSED] - delay(3): Delayed 3 second(s)

2022-06-16 14:34:43 - [MESSAGE][PASSED] - Delayed 3 second(s)

2022-06-16 14:34:43 - [TEST_STEP][PASSED] - tap(findTestObject("Main/mainDatePicker1"), 0): Tapped on element 'Object Repository/Main/mainDatePicker1'

2022-06-16 14:34:43 - [MESSAGE][WARNING] - Timeout '0' is invalid. Using default page load timeout: '40'

2022-06-16 14:34:44 - [MESSAGE][PASSED] - Tapped on element 'Object Repository/Main/mainDatePicker1'

2022-06-16 14:34:44 - [TEST_STEP][PASSED] - tap(findTestObject("Main/mainCalenderPickerDoneBtn"), 0): Tapped on element 'Object Repository/Main/mainCalenderPickerDoneBtn'

2022-06-16 14:34:44 - [MESSAGE][WARNING] - Timeout '0' is invalid. Using default page load timeout: '40'

2022-06-16 14:34:44 - [MESSAGE][PASSED] - Tapped on element 'Object Repository/Main/mainCalenderPickerDoneBtn'

2022-06-16 14:34:44 - [TEST_STEP][PASSED] - date = getText(findTestObject("Main/mainGetTransactionDateTxt"), 10): Text of element 'Object Repository/Main/mainGetTransactionDateTxt' is: '14 Jul 2022'

2022-06-16 14:34:45 - [MESSAGE][PASSED] - Text of element 'Object Repository/Main/mainGetTransactionDateTxt' is: '14 Jul 2022'

2022-06-16 14:34:45 - [TEST_STEP][PASSED] - println("Date is " + date): null

2022-06-16 14:34:45 - [TEST_STEP][PASSED] - tap(findTestObject("Main/mainTransferNowBtn"), 0): Tapped on element 'Object Repository/Main/mainTransferNowBtn'

2022-06-16 14:34:45 - [MESSAGE][WARNING] - Timeout '0' is invalid. Using default page load timeout: '40'

2022-06-16 14:34:45 - [MESSAGE][PASSED] - Tapped on element 'Object Repository/Main/mainTransferNowBtn'

2022-06-16 14:34:45 - [TEST_STEP][PASSED] - if (verifyElementVisible(findTestObject("Festive Season/seasonalGreetingAngpaoTACNoTxt"), 10, OPTIONAL)): Element 'Object Repository/Festive Season/seasonalGreetingAngpaoTACNoTxt' not found

2022-06-16 14:34:55 - [MESSAGE][WARNING] - Element 'Object Repository/Festive Season/seasonalGreetingAngpaoTACNoTxt' not found

2022-06-16 14:34:55 - [TEST_STEP][PASSED] - else: Tapped on element 'Object Repository/Main/mainS2UApproveBtn'

2022-06-16 14:34:55 - [TEST_STEP][PASSED] - delay(5): Delayed 5 second(s)

2022-06-16 14:35:00 - [MESSAGE][PASSED] - Delayed 5 second(s)

2022-06-16 14:35:00 - [TEST_STEP][PASSED] - verifyElementVisible(findTestObject("Main/mainS2UApproveBtn"), 3): Element 'Object Repository/Main/mainS2UApproveBtn' is visible

2022-06-16 14:35:00 - [MESSAGE][PASSED] - Element 'Object Repository/Main/mainS2UApproveBtn' is visible

2022-06-16 14:35:00 - [TEST_STEP][PASSED] - tap(findTestObject("Main/mainS2UApproveBtn"), 0): Tapped on element 'Object Repository/Main/mainS2UApproveBtn'

2022-06-16 14:35:00 - [MESSAGE][WARNING] - Timeout '0' is invalid. Using default page load timeout: '40'

2022-06-16 14:35:00 - [MESSAGE][PASSED] - Tapped on element 'Object Repository/Main/mainS2UApproveBtn'

2022-06-16 14:35:00 - [TEST_STEP][PASSED] - delay(2): Delayed 2 second(s)

2022-06-16 14:35:03 - [MESSAGE][PASSED] - Delayed 2 second(s)

2022-06-16 14:35:03 - [TEST_STEP][PASSED] - RefID = getText(findTestObject("Transfer/transferTransactionRefIDTxt"), 10): Text of element 'Object Repository/Transfer/transferTransactionRefIDTxt' is: 'Date & time'

2022-06-16 14:35:05 - [MESSAGE][PASSED] - Text of element 'Object Repository/Transfer/transferTransactionRefIDTxt' is: 'Date & time'

2022-06-16 14:35:05 - [TEST_STEP][PASSED] - println("Reference ID is" + RefID): null

2022-06-16 14:35:05 - [TEST_STEP][PASSED] - takeScreenshot("/Users/a00139272/Desktop/Screenshot/thirdPartyFuture.png"): Screenshot is taken

2022-06-16 14:35:06 - [MESSAGE][PASSED] - Screenshot is taken
[[ATTACHMENT|/Users/a00139272/Desktop/Screenshot/thirdPartyFuture.png]]

2022-06-16 14:35:06 - [TEST_STEP][PASSED] - verifyElementVisible(findTestObject("Main/mainDoneBtn"), 3): Element 'Object Repository/Main/mainDoneBtn' is visible

2022-06-16 14:35:07 - [MESSAGE][PASSED] - Element 'Object Repository/Main/mainDoneBtn' is visible

2022-06-16 14:35:07 - [TEST_STEP][PASSED] - tap(findTestObject("Main/mainDoneBtn"), 0): Tapped on element 'Object Repository/Main/mainDoneBtn'

2022-06-16 14:35:07 - [MESSAGE][WARNING] - Timeout '0' is invalid. Using default page load timeout: '40'

2022-06-16 14:35:07 - [MESSAGE][PASSED] - Tapped on element 'Object Repository/Main/mainDoneBtn'

2022-06-16 14:35:07 - [TEST_STEP][PASSED] - println("Payment Scheduled Test Case Completed"): null

2022-06-16 14:35:07 - [TEST_STEP][PASSED] - delay(5): Delayed 5 second(s)

2022-06-16 14:35:12 - [MESSAGE][PASSED] - Delayed 5 second(s)]]></system-out>
         <system-err><![CDATA[]]></system-err>
      </testcase>
      <testcase name="Test Cases/Transfer/transfer_thirdPartySetFav" time="196.079" classname="Test Cases/Transfer/transfer_thirdPartySetFav" status="PASSED">
         <system-out><![CDATA[2022-06-16 14:35:12 - [TEST_CASE][PASSED] - Test Cases/Transfer/transfer_thirdPartySetFav: Test Cases/Transfer/transfer_thirdPartySetFav

2022-06-16 14:35:12 - [TEST_STEP][PASSED] - delay(5): Delayed 5 second(s)

2022-06-16 14:35:17 - [MESSAGE][PASSED] - Delayed 5 second(s)

2022-06-16 14:35:17 - [TEST_STEP][PASSED] - device_Height = getDeviceHeight(): Current device physical height is 2167

2022-06-16 14:35:17 - [MESSAGE][PASSED] - Current device physical height is 2167

2022-06-16 14:35:17 - [TEST_STEP][PASSED] - device_Width = getDeviceWidth(): Current device physical width is 1080

2022-06-16 14:35:17 - [MESSAGE][PASSED] - Current device physical width is 1080

2022-06-16 14:35:17 - [TEST_STEP][PASSED] - startX = device_Width / 3: null

2022-06-16 14:35:17 - [TEST_STEP][PASSED] - startY = device_Height * 0.97: null

2022-06-16 14:35:17 - [TEST_STEP][PASSED] - verifyElementVisible(findTestObject("Banking/m2uAccountTransferIconSelect"), 0): Element 'Object Repository/Banking/m2uAccountTransferIconSelect' is visible

2022-06-16 14:35:17 - [MESSAGE][WARNING] - Timeout '0' is invalid. Using default page load timeout: '40'

2022-06-16 14:35:30 - [MESSAGE][PASSED] - Element 'Object Repository/Banking/m2uAccountTransferIconSelect' is visible

2022-06-16 14:35:30 - [TEST_STEP][PASSED] - tap(findTestObject("Banking/m2uAccountTransferIconSelect"), 0): Tapped on element 'Object Repository/Banking/m2uAccountTransferIconSelect'

2022-06-16 14:35:30 - [MESSAGE][WARNING] - Timeout '0' is invalid. Using default page load timeout: '40'

2022-06-16 14:35:31 - [MESSAGE][PASSED] - Tapped on element 'Object Repository/Banking/m2uAccountTransferIconSelect'

2022-06-16 14:35:31 - [TEST_STEP][PASSED] - delay(5): Delayed 5 second(s)

2022-06-16 14:35:36 - [MESSAGE][PASSED] - Delayed 5 second(s)

2022-06-16 14:35:36 - [TEST_STEP][PASSED] - tap(findTestObject("Banking/transferOthersTopMenuSelect"), 0): Tapped on element 'Object Repository/Banking/transferOthersTopMenuSelect'

2022-06-16 14:35:36 - [MESSAGE][WARNING] - Timeout '0' is invalid. Using default page load timeout: '40'

2022-06-16 14:36:36 - [MESSAGE][PASSED] - Tapped on element 'Object Repository/Banking/transferOthersTopMenuSelect'

2022-06-16 14:36:36 - [TEST_STEP][PASSED] - delay(3): Delayed 3 second(s)

2022-06-16 14:36:39 - [MESSAGE][PASSED] - Delayed 3 second(s)

2022-06-16 14:36:39 - [TEST_STEP][PASSED] - tap(findTestObject("Banking/transferBanksIconSelect"), 0): Tapped on element 'Object Repository/Banking/transferBanksIconSelect'

2022-06-16 14:36:39 - [MESSAGE][WARNING] - Timeout '0' is invalid. Using default page load timeout: '40'

2022-06-16 14:37:32 - [MESSAGE][PASSED] - Tapped on element 'Object Repository/Banking/transferBanksIconSelect'

2022-06-16 14:37:32 - [TEST_STEP][PASSED] - verifyElementVisible(findTestObject("Banking/transferToMaybankSelect"), 0): Element 'Object Repository/Banking/transferToMaybankSelect' is visible

2022-06-16 14:37:32 - [MESSAGE][WARNING] - Timeout '0' is invalid. Using default page load timeout: '40'

2022-06-16 14:37:33 - [MESSAGE][PASSED] - Element 'Object Repository/Banking/transferToMaybankSelect' is visible

2022-06-16 14:37:33 - [TEST_STEP][PASSED] - tap(findTestObject("Banking/transferToMaybankSelect"), 0): Tapped on element 'Object Repository/Banking/transferToMaybankSelect'

2022-06-16 14:37:33 - [MESSAGE][WARNING] - Timeout '0' is invalid. Using default page load timeout: '40'

2022-06-16 14:37:33 - [MESSAGE][PASSED] - Tapped on element 'Object Repository/Banking/transferToMaybankSelect'

2022-06-16 14:37:33 - [TEST_STEP][PASSED] - setText(findTestObject("Banking/transferAccountNoInputField"), accountNumFav, 0): Text '514012987769' has been set to element 'Object Repository/Banking/transferAccountNoInputField'

2022-06-16 14:37:33 - [MESSAGE][WARNING] - Timeout '0' is invalid. Using default page load timeout: '40'

2022-06-16 14:37:35 - [MESSAGE][PASSED] - Text '514012987769' has been set to element 'Object Repository/Banking/transferAccountNoInputField'

2022-06-16 14:37:35 - [TEST_STEP][PASSED] - hideKeyboard(): Keyboard is hidden

2022-06-16 14:37:39 - [MESSAGE][PASSED] - Keyboard is hidden

2022-06-16 14:37:40 - [TEST_STEP][PASSED] - tap(findTestObject("Login Onboarding/loginExistingContinueBtn"), 0): Tapped on element 'Object Repository/Login Onboarding/loginExistingContinueBtn'

2022-06-16 14:37:40 - [MESSAGE][WARNING] - Timeout '0' is invalid. Using default page load timeout: '40'

2022-06-16 14:37:40 - [MESSAGE][PASSED] - Tapped on element 'Object Repository/Login Onboarding/loginExistingContinueBtn'

2022-06-16 14:37:40 - [TEST_STEP][PASSED] - tap(findTestObject("Login Onboarding/PIN4"), 0): Tapped on element 'Object Repository/Login Onboarding/PIN4'

2022-06-16 14:37:40 - [MESSAGE][WARNING] - Timeout '0' is invalid. Using default page load timeout: '40'

2022-06-16 14:37:43 - [MESSAGE][PASSED] - Tapped on element 'Object Repository/Login Onboarding/PIN4'

2022-06-16 14:37:43 - [TEST_STEP][PASSED] - delay(3): Delayed 3 second(s)

2022-06-16 14:37:46 - [MESSAGE][PASSED] - Delayed 3 second(s)

2022-06-16 14:37:46 - [TEST_STEP][PASSED] - tap(findTestObject("Login Onboarding/loginPinTickBtn"), 0): Tapped on element 'Object Repository/Login Onboarding/loginPinTickBtn'

2022-06-16 14:37:46 - [MESSAGE][WARNING] - Timeout '0' is invalid. Using default page load timeout: '40'

2022-06-16 14:37:47 - [MESSAGE][PASSED] - Tapped on element 'Object Repository/Login Onboarding/loginPinTickBtn'

2022-06-16 14:37:47 - [TEST_STEP][PASSED] - setText(findTestObject("Banking/transferReferenceInputField"), "MBBTransfer", 0): Text 'MBBTransfer' has been set to element 'Object Repository/Banking/transferReferenceInputField'

2022-06-16 14:37:47 - [MESSAGE][WARNING] - Timeout '0' is invalid. Using default page load timeout: '40'

2022-06-16 14:37:49 - [MESSAGE][PASSED] - Text 'MBBTransfer' has been set to element 'Object Repository/Banking/transferReferenceInputField'

2022-06-16 14:37:49 - [TEST_STEP][PASSED] - hideKeyboard(): Keyboard is hidden

2022-06-16 14:37:51 - [MESSAGE][PASSED] - Keyboard is hidden

2022-06-16 14:37:51 - [TEST_STEP][PASSED] - tap(findTestObject("Login Onboarding/loginExistingContinueBtn"), 0): Tapped on element 'Object Repository/Login Onboarding/loginExistingContinueBtn'

2022-06-16 14:37:51 - [MESSAGE][WARNING] - Timeout '0' is invalid. Using default page load timeout: '40'

2022-06-16 14:37:51 - [MESSAGE][PASSED] - Tapped on element 'Object Repository/Login Onboarding/loginExistingContinueBtn'

2022-06-16 14:37:51 - [TEST_STEP][PASSED] - tap(findTestObject("Main/mainTransferNowBtn"), 0): Tapped on element 'Object Repository/Main/mainTransferNowBtn'

2022-06-16 14:37:51 - [MESSAGE][WARNING] - Timeout '0' is invalid. Using default page load timeout: '40'

2022-06-16 14:37:54 - [MESSAGE][PASSED] - Tapped on element 'Object Repository/Main/mainTransferNowBtn'

2022-06-16 14:37:54 - [TEST_STEP][PASSED] - if (verifyElementVisible(findTestObject("Festive Season/seasonalGreetingAngpaoTACNoTxt"), 5, OPTIONAL)): Element 'Object Repository/Festive Season/seasonalGreetingAngpaoTACNoTxt' not found

2022-06-16 14:37:59 - [MESSAGE][WARNING] - Element 'Object Repository/Festive Season/seasonalGreetingAngpaoTACNoTxt' not found

2022-06-16 14:37:59 - [TEST_STEP][PASSED] - else: Tapped on element 'Object Repository/Main/mainS2UApproveBtn'

2022-06-16 14:37:59 - [TEST_STEP][PASSED] - delay(3): Delayed 3 second(s)

2022-06-16 14:38:02 - [MESSAGE][PASSED] - Delayed 3 second(s)

2022-06-16 14:38:02 - [TEST_STEP][PASSED] - verifyElementVisible(findTestObject("Main/mainS2UApproveBtn"), 0): Element 'Object Repository/Main/mainS2UApproveBtn' is visible

2022-06-16 14:38:02 - [MESSAGE][WARNING] - Timeout '0' is invalid. Using default page load timeout: '40'

2022-06-16 14:38:02 - [MESSAGE][PASSED] - Element 'Object Repository/Main/mainS2UApproveBtn' is visible

2022-06-16 14:38:02 - [TEST_STEP][PASSED] - tap(findTestObject("Main/mainS2UApproveBtn"), 0): Tapped on element 'Object Repository/Main/mainS2UApproveBtn'

2022-06-16 14:38:02 - [MESSAGE][WARNING] - Timeout '0' is invalid. Using default page load timeout: '40'

2022-06-16 14:38:02 - [MESSAGE][PASSED] - Tapped on element 'Object Repository/Main/mainS2UApproveBtn'

2022-06-16 14:38:02 - [TEST_STEP][PASSED] - message = getText(findTestObject("Main/mainTransactionStatusMessageTxt"), 10): Text of element 'Object Repository/Main/mainTransactionStatusMessageTxt' is: 'Transfer successful'

2022-06-16 14:38:07 - [MESSAGE][PASSED] - Text of element 'Object Repository/Main/mainTransactionStatusMessageTxt' is: 'Transfer successful'

2022-06-16 14:38:07 - [TEST_STEP][PASSED] - println(message): null

2022-06-16 14:38:07 - [TEST_STEP][PASSED] - delay(5): Delayed 5 second(s)

2022-06-16 14:38:12 - [MESSAGE][PASSED] - Delayed 5 second(s)

2022-06-16 14:38:12 - [TEST_STEP][PASSED] - referenceID = getText(findTestObject("Send Request Money/requestMoneyPaySummaryRefIDTxt"), 0): Text of element 'Object Repository/Send Request Money/requestMoneyPaySummaryRefIDTxt' is: '183478044M'

2022-06-16 14:38:12 - [MESSAGE][WARNING] - Timeout '0' is invalid. Using default page load timeout: '40'

2022-06-16 14:38:13 - [MESSAGE][PASSED] - Text of element 'Object Repository/Send Request Money/requestMoneyPaySummaryRefIDTxt' is: '183478044M'

2022-06-16 14:38:13 - [TEST_STEP][PASSED] - println(referenceID): null

2022-06-16 14:38:13 - [TEST_STEP][PASSED] - test = dataFolder: null

2022-06-16 14:38:13 - [TEST_STEP][PASSED] - sheetName = "Sheet1": null

2022-06-16 14:38:13 - [TEST_STEP][PASSED] - file1 = new java.io.File(test): null

2022-06-16 14:38:13 - [TEST_STEP][PASSED] - assert file1.exists() == true: null

2022-06-16 14:38:13 - [TEST_STEP][PASSED] - woorkbook1 = getWorkbook(test): null

2022-06-16 14:38:13 - [TEST_STEP][PASSED] - sheet1 = getExcelSheet(woorkbook1, sheetName): null

2022-06-16 14:38:13 - [TEST_STEP][PASSED] - setValueToCellByIndex(sheet1, 3, 1, referenceID): null

2022-06-16 14:38:13 - [TEST_STEP][PASSED] - saveWorkbook(test, woorkbook1): null

2022-06-16 14:38:13 - [TEST_STEP][PASSED] - tap(findTestObject("Main/mainAddToFavBtn"), 0): Tapped on element 'Object Repository/Main/mainAddToFavBtn'

2022-06-16 14:38:13 - [MESSAGE][WARNING] - Timeout '0' is invalid. Using default page load timeout: '40'

2022-06-16 14:38:13 - [MESSAGE][PASSED] - Tapped on element 'Object Repository/Main/mainAddToFavBtn'

2022-06-16 14:38:13 - [TEST_STEP][PASSED] - delay(2): Delayed 2 second(s)

2022-06-16 14:38:15 - [MESSAGE][PASSED] - Delayed 2 second(s)

2022-06-16 14:38:15 - [TEST_STEP][PASSED] - tap(findTestObject("Main/mainAddToFavBtn"), 0): Tapped on element 'Object Repository/Main/mainAddToFavBtn'

2022-06-16 14:38:15 - [MESSAGE][WARNING] - Timeout '0' is invalid. Using default page load timeout: '40'

2022-06-16 14:38:15 - [MESSAGE][PASSED] - Tapped on element 'Object Repository/Main/mainAddToFavBtn'

2022-06-16 14:38:15 - [TEST_STEP][PASSED] - delay(2): Delayed 2 second(s)

2022-06-16 14:38:17 - [MESSAGE][PASSED] - Delayed 2 second(s)

2022-06-16 14:38:17 - [TEST_STEP][PASSED] - tap(findTestObject("Main/mainCloseFavPopUpBtn"), 0): Tapped on element 'Object Repository/Main/mainCloseFavPopUpBtn'

2022-06-16 14:38:17 - [MESSAGE][WARNING] - Timeout '0' is invalid. Using default page load timeout: '40'

2022-06-16 14:38:19 - [MESSAGE][PASSED] - Tapped on element 'Object Repository/Main/mainCloseFavPopUpBtn'

2022-06-16 14:38:19 - [TEST_STEP][PASSED] - delay(3): Delayed 3 second(s)

2022-06-16 14:38:22 - [MESSAGE][PASSED] - Delayed 3 second(s)

2022-06-16 14:38:22 - [TEST_STEP][PASSED] - takeScreenshot("/Users/a00139272/Desktop/Screenshot/thirdPartySetFav.png"): Screenshot is taken

2022-06-16 14:38:23 - [MESSAGE][PASSED] - Screenshot is taken
[[ATTACHMENT|/Users/a00139272/Desktop/Screenshot/thirdPartySetFav.png]]

2022-06-16 14:38:23 - [TEST_STEP][PASSED] - verifyElementVisible(findTestObject("Main/mainDoneBtn"), 0): Element 'Object Repository/Main/mainDoneBtn' is visible

2022-06-16 14:38:23 - [MESSAGE][WARNING] - Timeout '0' is invalid. Using default page load timeout: '40'

2022-06-16 14:38:23 - [MESSAGE][PASSED] - Element 'Object Repository/Main/mainDoneBtn' is visible

2022-06-16 14:38:23 - [TEST_STEP][PASSED] - tap(findTestObject("Main/mainDoneBtn"), 0): Tapped on element 'Object Repository/Main/mainDoneBtn'

2022-06-16 14:38:23 - [MESSAGE][WARNING] - Timeout '0' is invalid. Using default page load timeout: '40'

2022-06-16 14:38:23 - [MESSAGE][PASSED] - Tapped on element 'Object Repository/Main/mainDoneBtn'

2022-06-16 14:38:23 - [TEST_STEP][PASSED] - delay(5): Delayed 5 second(s)

2022-06-16 14:38:28 - [MESSAGE][PASSED] - Delayed 5 second(s)]]></system-out>
         <system-err><![CDATA[]]></system-err>
      </testcase>
      <testcase name="Test Cases/Transfer/transfer_thirdPartyFav" time="329.1" classname="Test Cases/Transfer/transfer_thirdPartyFav" status="FAILED">
         <failure type="FAILED" message="Test Cases/Transfer/transfer_thirdPartyFav FAILED.
Reason:
com.kms.katalon.core.exception.StepFailedException: Element 'Object Repository/Transfer/transferFavListAccNameTxt' not found
	at com.kms.katalon.core.keyword.internal.KeywordMain.stepFailed(KeywordMain.groovy:39)
	at com.kms.katalon.core.mobile.keyword.internal.MobileKeywordMain.stepFailed(MobileKeywordMain.groovy:40)
	at com.kms.katalon.core.mobile.keyword.builtin.VerifyElementTextKeyword$_verifyElementText_closure1.doCall(VerifyElementTextKeyword.groovy:49)
	at com.kms.katalon.core.mobile.keyword.builtin.VerifyElementTextKeyword$_verifyElementText_closure1.call(VerifyElementTextKeyword.groovy)
	at com.kms.katalon.core.mobile.keyword.internal.MobileKeywordMain.runKeyword(MobileKeywordMain.groovy:21)
	at com.kms.katalon.core.mobile.keyword.builtin.VerifyElementTextKeyword.verifyElementText(VerifyElementTextKeyword.groovy:62)
	at com.kms.katalon.core.mobile.keyword.builtin.VerifyElementTextKeyword.execute(VerifyElementTextKeyword.groovy:39)
	at com.kms.katalon.core.keyword.internal.KeywordExecutor.executeKeywordForPlatform(KeywordExecutor.groovy:74)
	at com.kms.katalon.core.mobile.keyword.MobileBuiltInKeywords.verifyElementText(MobileBuiltInKeywords.groovy:2901)
	at com.kms.katalon.core.mobile.keyword.MobileBuiltInKeywords$verifyElementText$9.call(Unknown Source)
	at transfer_thirdPartyFav.run(transfer_thirdPartyFav:91)
	at com.kms.katalon.core.main.ScriptEngine.run(ScriptEngine.java:194)
	at com.kms.katalon.core.main.ScriptEngine.runScriptAsRawText(ScriptEngine.java:119)
	at com.kms.katalon.core.main.TestCaseExecutor.runScript(TestCaseExecutor.java:445)
	at com.kms.katalon.core.main.TestCaseExecutor.doExecute(TestCaseExecutor.java:436)
	at com.kms.katalon.core.main.TestCaseExecutor.processExecutionPhase(TestCaseExecutor.java:415)
	at com.kms.katalon.core.main.TestCaseExecutor.accessMainPhase(TestCaseExecutor.java:407)
	at com.kms.katalon.core.main.TestCaseExecutor.execute(TestCaseExecutor.java:284)
	at com.kms.katalon.core.common.CommonExecutor.accessTestCaseMainPhase(CommonExecutor.java:65)
	at com.kms.katalon.core.main.TestSuiteExecutor.accessTestSuiteMainPhase(TestSuiteExecutor.java:144)
	at com.kms.katalon.core.main.TestSuiteExecutor.execute(TestSuiteExecutor.java:106)
	at com.kms.katalon.core.main.TestCaseMain.startTestSuite(TestCaseMain.java:185)
	at com.kms.katalon.core.main.TestCaseMain$startTestSuite$0.call(Unknown Source)
	at TempTestSuite1655360254384.run(TempTestSuite1655360254384.groovy:36)
"/>
         <system-out><![CDATA[2022-06-16 14:38:28 - [TEST_CASE][FAILED] - Test Cases/Transfer/transfer_thirdPartyFav: Test Cases/Transfer/transfer_thirdPartyFav FAILED.
Reason:
com.kms.katalon.core.exception.StepFailedException: Element 'Object Repository/Transfer/transferFavListAccNameTxt' not found
	at com.kms.katalon.core.keyword.internal.KeywordMain.stepFailed(KeywordMain.groovy:39)
	at com.kms.katalon.core.mobile.keyword.internal.MobileKeywordMain.stepFailed(MobileKeywordMain.groovy:40)
	at com.kms.katalon.core.mobile.keyword.builtin.VerifyElementTextKeyword$_verifyElementText_closure1.doCall(VerifyElementTextKeyword.groovy:49)
	at com.kms.katalon.core.mobile.keyword.builtin.VerifyElementTextKeyword$_verifyElementText_closure1.call(VerifyElementTextKeyword.groovy)
	at com.kms.katalon.core.mobile.keyword.internal.MobileKeywordMain.runKeyword(MobileKeywordMain.groovy:21)
	at com.kms.katalon.core.mobile.keyword.builtin.VerifyElementTextKeyword.verifyElementText(VerifyElementTextKeyword.groovy:62)
	at com.kms.katalon.core.mobile.keyword.builtin.VerifyElementTextKeyword.execute(VerifyElementTextKeyword.groovy:39)
	at com.kms.katalon.core.keyword.internal.KeywordExecutor.executeKeywordForPlatform(KeywordExecutor.groovy:74)
	at com.kms.katalon.core.mobile.keyword.MobileBuiltInKeywords.verifyElementText(MobileBuiltInKeywords.groovy:2901)
	at com.kms.katalon.core.mobile.keyword.MobileBuiltInKeywords$verifyElementText$9.call(Unknown Source)
	at transfer_thirdPartyFav.run(transfer_thirdPartyFav:91)
	at com.kms.katalon.core.main.ScriptEngine.run(ScriptEngine.java:194)
	at com.kms.katalon.core.main.ScriptEngine.runScriptAsRawText(ScriptEngine.java:119)
	at com.kms.katalon.core.main.TestCaseExecutor.runScript(TestCaseExecutor.java:445)
	at com.kms.katalon.core.main.TestCaseExecutor.doExecute(TestCaseExecutor.java:436)
	at com.kms.katalon.core.main.TestCaseExecutor.processExecutionPhase(TestCaseExecutor.java:415)
	at com.kms.katalon.core.main.TestCaseExecutor.accessMainPhase(TestCaseExecutor.java:407)
	at com.kms.katalon.core.main.TestCaseExecutor.execute(TestCaseExecutor.java:284)
	at com.kms.katalon.core.common.CommonExecutor.accessTestCaseMainPhase(CommonExecutor.java:65)
	at com.kms.katalon.core.main.TestSuiteExecutor.accessTestSuiteMainPhase(TestSuiteExecutor.java:144)
	at com.kms.katalon.core.main.TestSuiteExecutor.execute(TestSuiteExecutor.java:106)
	at com.kms.katalon.core.main.TestCaseMain.startTestSuite(TestCaseMain.java:185)
	at com.kms.katalon.core.main.TestCaseMain$startTestSuite$0.call(Unknown Source)
	at TempTestSuite1655360254384.run(TempTestSuite1655360254384.groovy:36)


2022-06-16 14:38:28 - [TEST_STEP][PASSED] - delay(5): Delayed 5 second(s)

2022-06-16 14:38:33 - [MESSAGE][PASSED] - Delayed 5 second(s)

2022-06-16 14:38:33 - [TEST_STEP][PASSED] - device_Height = getDeviceHeight(): Current device physical height is 2167

2022-06-16 14:38:33 - [MESSAGE][PASSED] - Current device physical height is 2167

2022-06-16 14:38:33 - [TEST_STEP][PASSED] - device_Width = getDeviceWidth(): Current device physical width is 1080

2022-06-16 14:38:33 - [MESSAGE][PASSED] - Current device physical width is 1080

2022-06-16 14:38:33 - [TEST_STEP][PASSED] - startX = device_Width / 3: null

2022-06-16 14:38:33 - [TEST_STEP][PASSED] - startY = device_Height * 0.97: null

2022-06-16 14:38:33 - [TEST_STEP][PASSED] - verifyElementVisible(findTestObject("Banking/m2uAccountTransferIconSelect"), 0): Element 'Object Repository/Banking/m2uAccountTransferIconSelect' is visible

2022-06-16 14:38:33 - [MESSAGE][WARNING] - Timeout '0' is invalid. Using default page load timeout: '40'

2022-06-16 14:38:34 - [MESSAGE][PASSED] - Element 'Object Repository/Banking/m2uAccountTransferIconSelect' is visible

2022-06-16 14:38:34 - [TEST_STEP][PASSED] - tap(findTestObject("Banking/m2uAccountTransferIconSelect"), 0): Tapped on element 'Object Repository/Banking/m2uAccountTransferIconSelect'

2022-06-16 14:38:34 - [MESSAGE][WARNING] - Timeout '0' is invalid. Using default page load timeout: '40'

2022-06-16 14:38:34 - [MESSAGE][PASSED] - Tapped on element 'Object Repository/Banking/m2uAccountTransferIconSelect'

2022-06-16 14:38:34 - [TEST_STEP][PASSED] - tap(findTestObject("Banking/transferOthersTopMenuSelect"), 0): Tapped on element 'Object Repository/Banking/transferOthersTopMenuSelect'

2022-06-16 14:38:34 - [MESSAGE][WARNING] - Timeout '0' is invalid. Using default page load timeout: '40'

2022-06-16 14:39:35 - [MESSAGE][PASSED] - Tapped on element 'Object Repository/Banking/transferOthersTopMenuSelect'

2022-06-16 14:39:35 - [TEST_STEP][PASSED] - delay(3): Delayed 3 second(s)

2022-06-16 14:39:38 - [MESSAGE][PASSED] - Delayed 3 second(s)

2022-06-16 14:39:38 - [TEST_STEP][FAILED] - verifyElementText(findTestObject("Transfer/transferFavListAccNameTxt", ["accName":accName]), accName): Element 'Object Repository/Transfer/transferFavListAccNameTxt' not found

2022-06-16 14:40:21 - [MESSAGE][FAILED] - Element 'Object Repository/Transfer/transferFavListAccNameTxt' not found

2022-06-16 14:40:21 - [TEST_STEP][PASSED] - verifyElementText(findTestObject("Transfer/transferFavListAccNoTxt", ["accNo":accNo]), accNo): Actual text and expected text of test object 'Object Repository/Transfer/transferFavListAccNoTxt' are matched.

2022-06-16 14:41:12 - [MESSAGE][PASSED] - Actual text and expected text of test object 'Object Repository/Transfer/transferFavListAccNoTxt' are matched.

2022-06-16 14:41:12 - [TEST_STEP][PASSED] - verifyElementText(findTestObject("Transfer/transferFavListAccBankTxt", ["accBank":accBank]), accBank): Actual text and expected text of test object 'Object Repository/Transfer/transferFavListAccBankTxt' are matched.

2022-06-16 14:42:02 - [MESSAGE][PASSED] - Actual text and expected text of test object 'Object Repository/Transfer/transferFavListAccBankTxt' are matched.

2022-06-16 14:42:02 - [TEST_STEP][PASSED] - tap(findTestObject("Transfer/transferFavListAccNameTxt", ["accName":accName]), 0): Tapped on element 'Object Repository/Transfer/transferFavListAccNameTxt'

2022-06-16 14:42:02 - [MESSAGE][WARNING] - Timeout '0' is invalid. Using default page load timeout: '40'

2022-06-16 14:42:54 - [MESSAGE][PASSED] - Tapped on element 'Object Repository/Transfer/transferFavListAccNameTxt'

2022-06-16 14:42:54 - [TEST_STEP][PASSED] - delay(3): Delayed 3 second(s)

2022-06-16 14:42:57 - [MESSAGE][PASSED] - Delayed 3 second(s)

2022-06-16 14:42:57 - [TEST_STEP][PASSED] - verifyElementText(findTestObject("Transfer/transferAmounttAccNameTxt", ["accName":accName]), accName): Actual text and expected text of test object 'Object Repository/Transfer/transferAmounttAccNameTxt' are matched.

2022-06-16 14:42:57 - [MESSAGE][PASSED] - Actual text and expected text of test object 'Object Repository/Transfer/transferAmounttAccNameTxt' are matched.

2022-06-16 14:42:57 - [TEST_STEP][PASSED] - verifyElementText(findTestObject("Transfer/transferAmounttAccNoTxt", ["accNo":accNo]), accNo): Actual text and expected text of test object 'Object Repository/Transfer/transferAmounttAccNoTxt' are matched.

2022-06-16 14:42:58 - [MESSAGE][PASSED] - Actual text and expected text of test object 'Object Repository/Transfer/transferAmounttAccNoTxt' are matched.

2022-06-16 14:42:58 - [TEST_STEP][PASSED] - verifyElementText(findTestObject("Transfer/transferAmounttAccBankTxt", ["accBank":accBank]), accBank): Actual text and expected text of test object 'Object Repository/Transfer/transferAmounttAccBankTxt' are matched.

2022-06-16 14:42:58 - [MESSAGE][PASSED] - Actual text and expected text of test object 'Object Repository/Transfer/transferAmounttAccBankTxt' are matched.

2022-06-16 14:42:58 - [TEST_STEP][PASSED] - verifyElementExist(findTestObject("Transfer/transferAmountRMTxt"), 0): Element 'Object Repository/Transfer/transferAmountRMTxt' is exist

2022-06-16 14:42:58 - [MESSAGE][WARNING] - Timeout '0' is invalid. Using default page load timeout: '40'

2022-06-16 14:42:58 - [MESSAGE][PASSED] - Element 'Object Repository/Transfer/transferAmountRMTxt' is exist

2022-06-16 14:42:58 - [TEST_STEP][PASSED] - verifyElementExist(findTestObject("Transfer/transferAmountEnterAmountTitleTxt"), 0): Element 'Object Repository/Transfer/transferAmountEnterAmountTitleTxt' is exist

2022-06-16 14:42:58 - [MESSAGE][WARNING] - Timeout '0' is invalid. Using default page load timeout: '40'

2022-06-16 14:42:58 - [MESSAGE][PASSED] - Element 'Object Repository/Transfer/transferAmountEnterAmountTitleTxt' is exist

2022-06-16 14:42:58 - [TEST_STEP][PASSED] - verifyElementExist(findTestObject("Login Onboarding/PIN4"), 0): Element 'Object Repository/Login Onboarding/PIN4' is exist

2022-06-16 14:42:58 - [MESSAGE][WARNING] - Timeout '0' is invalid. Using default page load timeout: '40'

2022-06-16 14:42:59 - [MESSAGE][PASSED] - Element 'Object Repository/Login Onboarding/PIN4' is exist

2022-06-16 14:42:59 - [TEST_STEP][PASSED] - tap(findTestObject("Login Onboarding/PIN4"), 0): Tapped on element 'Object Repository/Login Onboarding/PIN4'

2022-06-16 14:42:59 - [MESSAGE][WARNING] - Timeout '0' is invalid. Using default page load timeout: '40'

2022-06-16 14:42:59 - [MESSAGE][PASSED] - Tapped on element 'Object Repository/Login Onboarding/PIN4'

2022-06-16 14:42:59 - [TEST_STEP][PASSED] - verifyElementText(findTestObject("Transfer/transferAmountInputValueTxt", ["value":checkValue]), checkValue): Actual text and expected text of test object 'Object Repository/Transfer/transferAmountInputValueTxt' are matched.

2022-06-16 14:43:00 - [MESSAGE][PASSED] - Actual text and expected text of test object 'Object Repository/Transfer/transferAmountInputValueTxt' are matched.

2022-06-16 14:43:00 - [TEST_STEP][PASSED] - delay(3): Delayed 3 second(s)

2022-06-16 14:43:03 - [MESSAGE][PASSED] - Delayed 3 second(s)

2022-06-16 14:43:03 - [TEST_STEP][PASSED] - tap(findTestObject("Login Onboarding/loginPinTickBtn"), 0): Tapped on element 'Object Repository/Login Onboarding/loginPinTickBtn'

2022-06-16 14:43:03 - [MESSAGE][WARNING] - Timeout '0' is invalid. Using default page load timeout: '40'

2022-06-16 14:43:03 - [MESSAGE][PASSED] - Tapped on element 'Object Repository/Login Onboarding/loginPinTickBtn'

2022-06-16 14:43:03 - [TEST_STEP][PASSED] - verifyElementText(findTestObject("Transfer/transferReferenceAccNameTxt", ["accName":accName]), accName): Actual text and expected text of test object 'Object Repository/Transfer/transferReferenceAccNameTxt' are matched.

2022-06-16 14:43:05 - [MESSAGE][PASSED] - Actual text and expected text of test object 'Object Repository/Transfer/transferReferenceAccNameTxt' are matched.

2022-06-16 14:43:05 - [TEST_STEP][PASSED] - verifyElementText(findTestObject("Transfer/transferReferenceAccNoTxt", ["accNo":accNo]), accNo): Actual text and expected text of test object 'Object Repository/Transfer/transferReferenceAccNoTxt' are matched.

2022-06-16 14:43:05 - [MESSAGE][PASSED] - Actual text and expected text of test object 'Object Repository/Transfer/transferReferenceAccNoTxt' are matched.

2022-06-16 14:43:05 - [TEST_STEP][PASSED] - verifyElementText(findTestObject("Transfer/transferReferenceAccBankTxt", ["accBank":accBank]), accBank): Actual text and expected text of test object 'Object Repository/Transfer/transferReferenceAccBankTxt' are matched.

2022-06-16 14:43:05 - [MESSAGE][PASSED] - Actual text and expected text of test object 'Object Repository/Transfer/transferReferenceAccBankTxt' are matched.

2022-06-16 14:43:05 - [TEST_STEP][PASSED] - verifyElementExist(findTestObject("Transfer/transferReferenceInputField"), 0): Element 'Object Repository/Transfer/transferReferenceInputField' is exist

2022-06-16 14:43:05 - [MESSAGE][WARNING] - Timeout '0' is invalid. Using default page load timeout: '40'

2022-06-16 14:43:05 - [MESSAGE][PASSED] - Element 'Object Repository/Transfer/transferReferenceInputField' is exist

2022-06-16 14:43:05 - [TEST_STEP][PASSED] - setText(findTestObject("Banking/transferReferenceInputField"), reference, 0): Text 'MBBTransfer' has been set to element 'Object Repository/Banking/transferReferenceInputField'

2022-06-16 14:43:05 - [MESSAGE][WARNING] - Timeout '0' is invalid. Using default page load timeout: '40'

2022-06-16 14:43:06 - [MESSAGE][PASSED] - Text 'MBBTransfer' has been set to element 'Object Repository/Banking/transferReferenceInputField'

2022-06-16 14:43:06 - [TEST_STEP][PASSED] - hideKeyboard(): Keyboard is hidden

2022-06-16 14:43:08 - [MESSAGE][PASSED] - Keyboard is hidden

2022-06-16 14:43:08 - [TEST_STEP][PASSED] - verifyElementText(findTestObject("Transfer/transferReferenceInputFieldAfter", ["reference":reference]), reference): Actual text and expected text of test object 'Object Repository/Transfer/transferReferenceInputFieldAfter' are matched.

2022-06-16 14:43:08 - [MESSAGE][PASSED] - Actual text and expected text of test object 'Object Repository/Transfer/transferReferenceInputFieldAfter' are matched.

2022-06-16 14:43:08 - [TEST_STEP][PASSED] - tap(findTestObject("Login Onboarding/loginExistingContinueBtn"), 0): Tapped on element 'Object Repository/Login Onboarding/loginExistingContinueBtn'

2022-06-16 14:43:08 - [MESSAGE][WARNING] - Timeout '0' is invalid. Using default page load timeout: '40'

2022-06-16 14:43:08 - [MESSAGE][PASSED] - Tapped on element 'Object Repository/Login Onboarding/loginExistingContinueBtn'

2022-06-16 14:43:08 - [TEST_STEP][PASSED] - verifyElementText(findTestObject("Transfer/transferConfirmationAccountNameTxt", ["accName":accName]), accName): Actual text and expected text of test object 'Object Repository/Transfer/transferConfirmationAccountNameTxt' are matched.

2022-06-16 14:43:08 - [MESSAGE][PASSED] - Actual text and expected text of test object 'Object Repository/Transfer/transferConfirmationAccountNameTxt' are matched.

2022-06-16 14:43:08 - [TEST_STEP][PASSED] - verifyElementText(findTestObject("Transfer/transferConfirmationAccountNoTxt", ["accNo":accNo]), accNo): Actual text and expected text of test object 'Object Repository/Transfer/transferConfirmationAccountNoTxt' are matched.

2022-06-16 14:43:08 - [MESSAGE][PASSED] - Actual text and expected text of test object 'Object Repository/Transfer/transferConfirmationAccountNoTxt' are matched.

2022-06-16 14:43:08 - [TEST_STEP][PASSED] - verifyElementText(findTestObject("Transfer/transferConfirmationAmountTxt", ["amount":amount]), amount): Actual text and expected text of test object 'Object Repository/Transfer/transferConfirmationAmountTxt' are matched.

2022-06-16 14:43:11 - [MESSAGE][PASSED] - Actual text and expected text of test object 'Object Repository/Transfer/transferConfirmationAmountTxt' are matched.

2022-06-16 14:43:11 - [TEST_STEP][PASSED] - verifyElementText(findTestObject("Transfer/transferConfirmationTransactionDateTxt"), "Today"): Actual text and expected text of test object 'Object Repository/Transfer/transferConfirmationTransactionDateTxt' are matched.

2022-06-16 14:43:11 - [MESSAGE][PASSED] - Actual text and expected text of test object 'Object Repository/Transfer/transferConfirmationTransactionDateTxt' are matched.

2022-06-16 14:43:11 - [TEST_STEP][PASSED] - verifyElementText(findTestObject("Transfer/transferConfirmationTransactionRecRefTxt", ["reference":reference]), reference): Actual text and expected text of test object 'Object Repository/Transfer/transferConfirmationTransactionRecRefTxt' are matched.

2022-06-16 14:43:11 - [MESSAGE][PASSED] - Actual text and expected text of test object 'Object Repository/Transfer/transferConfirmationTransactionRecRefTxt' are matched.

2022-06-16 14:43:11 - [TEST_STEP][PASSED] - verifyElementText(findTestObject("Transfer/transferConfirmationTransactionBankTxt", ["accBank":accBank]), accBank): Actual text and expected text of test object 'Object Repository/Transfer/transferConfirmationTransactionBankTxt' are matched.

2022-06-16 14:43:12 - [MESSAGE][PASSED] - Actual text and expected text of test object 'Object Repository/Transfer/transferConfirmationTransactionBankTxt' are matched.

2022-06-16 14:43:12 - [TEST_STEP][PASSED] - verifyElementText(findTestObject("Transfer/transferConfirmationOptionalGreyWordTxt"), "Optional"): Actual text and expected text of test object 'Object Repository/Transfer/transferConfirmationOptionalGreyWordTxt' are matched.

2022-06-16 14:43:12 - [MESSAGE][PASSED] - Actual text and expected text of test object 'Object Repository/Transfer/transferConfirmationOptionalGreyWordTxt' are matched.

2022-06-16 14:43:12 - [TEST_STEP][PASSED] - verifyElementExist(findTestObject("Transfer/transferConfirmationBankNameTitleTxt"), 0): Element 'Object Repository/Transfer/transferConfirmationBankNameTitleTxt' is exist

2022-06-16 14:43:12 - [MESSAGE][WARNING] - Timeout '0' is invalid. Using default page load timeout: '40'

2022-06-16 14:43:12 - [MESSAGE][PASSED] - Element 'Object Repository/Transfer/transferConfirmationBankNameTitleTxt' is exist

2022-06-16 14:43:12 - [TEST_STEP][PASSED] - verifyElementExist(findTestObject("Transfer/transferConfirmationDateTitleTxt"), 0): Element 'Object Repository/Transfer/transferConfirmationDateTitleTxt' is exist

2022-06-16 14:43:12 - [MESSAGE][WARNING] - Timeout '0' is invalid. Using default page load timeout: '40'

2022-06-16 14:43:13 - [MESSAGE][PASSED] - Element 'Object Repository/Transfer/transferConfirmationDateTitleTxt' is exist

2022-06-16 14:43:13 - [TEST_STEP][PASSED] - verifyElementExist(findTestObject("Transfer/transferConfirmationFTransferFromTitleTxt"), 0): Element 'Object Repository/Transfer/transferConfirmationFTransferFromTitleTxt' is exist

2022-06-16 14:43:13 - [MESSAGE][WARNING] - Timeout '0' is invalid. Using default page load timeout: '40'

2022-06-16 14:43:13 - [MESSAGE][PASSED] - Element 'Object Repository/Transfer/transferConfirmationFTransferFromTitleTxt' is exist

2022-06-16 14:43:13 - [TEST_STEP][PASSED] - verifyElementExist(findTestObject("Transfer/transferConfirmationRecRefTitleTxt"), 0): Element 'Object Repository/Transfer/transferConfirmationRecRefTitleTxt' is exist

2022-06-16 14:43:13 - [MESSAGE][WARNING] - Timeout '0' is invalid. Using default page load timeout: '40'

2022-06-16 14:43:13 - [MESSAGE][PASSED] - Element 'Object Repository/Transfer/transferConfirmationRecRefTitleTxt' is exist

2022-06-16 14:43:13 - [TEST_STEP][PASSED] - verifyElementExist(findTestObject("Transfer/transferConfirmationPaymentDetailsTitleTxt"), 0): Element 'Object Repository/Transfer/transferConfirmationPaymentDetailsTitleTxt' is exist

2022-06-16 14:43:13 - [MESSAGE][WARNING] - Timeout '0' is invalid. Using default page load timeout: '40'

2022-06-16 14:43:13 - [MESSAGE][PASSED] - Element 'Object Repository/Transfer/transferConfirmationPaymentDetailsTitleTxt' is exist

2022-06-16 14:43:13 - [TEST_STEP][PASSED] - verifyElementExist(findTestObject("Transfer/transferConfirmationNoteTitleTxt"), 0): Element 'Object Repository/Transfer/transferConfirmationNoteTitleTxt' is exist

2022-06-16 14:43:13 - [MESSAGE][WARNING] - Timeout '0' is invalid. Using default page load timeout: '40'

2022-06-16 14:43:13 - [MESSAGE][PASSED] - Element 'Object Repository/Transfer/transferConfirmationNoteTitleTxt' is exist

2022-06-16 14:43:13 - [TEST_STEP][PASSED] - verifyElementExist(findTestObject("Transfer/transferConfirmationNoteContentTxt"), 0): Element 'Object Repository/Transfer/transferConfirmationNoteContentTxt' is exist

2022-06-16 14:43:13 - [MESSAGE][WARNING] - Timeout '0' is invalid. Using default page load timeout: '40'

2022-06-16 14:43:14 - [MESSAGE][PASSED] - Element 'Object Repository/Transfer/transferConfirmationNoteContentTxt' is exist

2022-06-16 14:43:14 - [TEST_STEP][PASSED] - tap(findTestObject("Transfer/transferConfirmationOptionalGreyWordTxt"), 0): Tapped on element 'Object Repository/Transfer/transferConfirmationOptionalGreyWordTxt'

2022-06-16 14:43:14 - [MESSAGE][WARNING] - Timeout '0' is invalid. Using default page load timeout: '40'

2022-06-16 14:43:14 - [MESSAGE][PASSED] - Tapped on element 'Object Repository/Transfer/transferConfirmationOptionalGreyWordTxt'

2022-06-16 14:43:14 - [TEST_STEP][PASSED] - setText(findTestObject("Transfer/transferConfirmationDetailsInputField"), referenceC, 0): Text 'Test Transfer' has been set to element 'Object Repository/Transfer/transferConfirmationDetailsInputField'

2022-06-16 14:43:14 - [MESSAGE][WARNING] - Timeout '0' is invalid. Using default page load timeout: '40'

2022-06-16 14:43:16 - [MESSAGE][PASSED] - Text 'Test Transfer' has been set to element 'Object Repository/Transfer/transferConfirmationDetailsInputField'

2022-06-16 14:43:16 - [TEST_STEP][PASSED] - hideKeyboard(): Keyboard is hidden

2022-06-16 14:43:18 - [MESSAGE][PASSED] - Keyboard is hidden

2022-06-16 14:43:18 - [TEST_STEP][PASSED] - verifyElementText(findTestObject("Transfer/transferConfirmationOptionalGreyWordTxt"), referenceC): Actual text and expected text of test object 'Object Repository/Transfer/transferConfirmationOptionalGreyWordTxt' are matched.

2022-06-16 14:43:18 - [MESSAGE][PASSED] - Actual text and expected text of test object 'Object Repository/Transfer/transferConfirmationOptionalGreyWordTxt' are matched.

2022-06-16 14:43:18 - [TEST_STEP][PASSED] - device_Height_2 = getDeviceHeight(): Current device physical height is 2167

2022-06-16 14:43:18 - [MESSAGE][PASSED] - Current device physical height is 2167

2022-06-16 14:43:18 - [TEST_STEP][PASSED] - device_Width_2 = getDeviceWidth(): Current device physical width is 1080

2022-06-16 14:43:18 - [MESSAGE][PASSED] - Current device physical width is 1080

2022-06-16 14:43:18 - [TEST_STEP][PASSED] - startX_2 = device_Width_2 / 2: null

2022-06-16 14:43:18 - [TEST_STEP][PASSED] - endX_2 = startX_2: null

2022-06-16 14:43:18 - [TEST_STEP][PASSED] - startY_2 = device_Height_2 * 0.30: null

2022-06-16 14:43:18 - [TEST_STEP][PASSED] - endY_2 = device_Height_2 * 0.70: null

2022-06-16 14:43:18 - [TEST_STEP][PASSED] - swipe(startX_2, endY_2, endX_2, startY_2): Swiped from 540,1,516 to 540,650

2022-06-16 14:43:19 - [MESSAGE][PASSED] - Swiped from 540,1,516 to 540,650

2022-06-16 14:43:19 - [TEST_STEP][PASSED] - verifyElementText(findTestObject("Transfer/transferConfirmationFromAccTypeTxt", ["accType":accType]), accType): Actual text and expected text of test object 'Object Repository/Transfer/transferConfirmationFromAccTypeTxt' are matched.

2022-06-16 14:43:20 - [MESSAGE][PASSED] - Actual text and expected text of test object 'Object Repository/Transfer/transferConfirmationFromAccTypeTxt' are matched.

2022-06-16 14:43:20 - [TEST_STEP][PASSED] - verifyElementText(findTestObject("Transfer/transferConfirmationFromAccNoTxt", ["accNoFrom":accNoFrom]), accNoFrom): Actual text and expected text of test object 'Object Repository/Transfer/transferConfirmationFromAccNoTxt' are matched.

2022-06-16 14:43:20 - [MESSAGE][PASSED] - Actual text and expected text of test object 'Object Repository/Transfer/transferConfirmationFromAccNoTxt' are matched.

2022-06-16 14:43:20 - [TEST_STEP][PASSED] - verifyElementExist(findTestObject("Transfer/transferConfirmationFromAccBalanceTxt"), 0): Element 'Object Repository/Transfer/transferConfirmationFromAccBalanceTxt' is exist

2022-06-16 14:43:20 - [MESSAGE][WARNING] - Timeout '0' is invalid. Using default page load timeout: '40'

2022-06-16 14:43:20 - [MESSAGE][PASSED] - Element 'Object Repository/Transfer/transferConfirmationFromAccBalanceTxt' is exist

2022-06-16 14:43:20 - [TEST_STEP][PASSED] - accountBalance = getText(findTestObject("Transfer/transferConfirmationFromAccBalanceTxt"), 0): Text of element 'Object Repository/Transfer/transferConfirmationFromAccBalanceTxt' is: 'RM 631.01'

2022-06-16 14:43:20 - [MESSAGE][WARNING] - Timeout '0' is invalid. Using default page load timeout: '40'

2022-06-16 14:43:20 - [MESSAGE][PASSED] - Text of element 'Object Repository/Transfer/transferConfirmationFromAccBalanceTxt' is: 'RM 631.01'

2022-06-16 14:43:20 - [TEST_STEP][PASSED] - println(accountBalance): null

2022-06-16 14:43:20 - [TEST_STEP][PASSED] - tap(findTestObject("Main/mainTransferNowBtn"), 0): Tapped on element 'Object Repository/Main/mainTransferNowBtn'

2022-06-16 14:43:20 - [MESSAGE][WARNING] - Timeout '0' is invalid. Using default page load timeout: '40'

2022-06-16 14:43:21 - [MESSAGE][PASSED] - Tapped on element 'Object Repository/Main/mainTransferNowBtn'

2022-06-16 14:43:21 - [TEST_STEP][PASSED] - delay(5): Delayed 5 second(s)

2022-06-16 14:43:26 - [MESSAGE][PASSED] - Delayed 5 second(s)

2022-06-16 14:43:26 - [TEST_STEP][PASSED] - verifyElementExist(findTestObject("Festive Season/returnAngpaoStatusMessageTxt"), 0): Element 'Object Repository/Festive Season/returnAngpaoStatusMessageTxt' is exist

2022-06-16 14:43:26 - [MESSAGE][WARNING] - Timeout '0' is invalid. Using default page load timeout: '40'

2022-06-16 14:43:26 - [MESSAGE][PASSED] - Element 'Object Repository/Festive Season/returnAngpaoStatusMessageTxt' is exist

2022-06-16 14:43:26 - [TEST_STEP][PASSED] - message = getText(findTestObject("Festive Season/returnAngpaoStatusMessageTxt"), 10): Text of element 'Object Repository/Festive Season/returnAngpaoStatusMessageTxt' is: 'Transfer successful'

2022-06-16 14:43:26 - [MESSAGE][PASSED] - Text of element 'Object Repository/Festive Season/returnAngpaoStatusMessageTxt' is: 'Transfer successful'

2022-06-16 14:43:26 - [TEST_STEP][PASSED] - println(message): null

2022-06-16 14:43:26 - [TEST_STEP][PASSED] - assert message == successTransactionMessage: null

2022-06-16 14:43:26 - [TEST_STEP][PASSED] - verifyElementExist(findTestObject("Transfer/transferSummaryDateTimeTitleTxt"), 0): Element 'Object Repository/Transfer/transferSummaryDateTimeTitleTxt' is exist

2022-06-16 14:43:26 - [MESSAGE][WARNING] - Timeout '0' is invalid. Using default page load timeout: '40'

2022-06-16 14:43:26 - [MESSAGE][PASSED] - Element 'Object Repository/Transfer/transferSummaryDateTimeTitleTxt' is exist

2022-06-16 14:43:26 - [TEST_STEP][PASSED] - verifyElementExist(findTestObject("Transfer/transferSummaryRefIDTitleTxt"), 0): Element 'Object Repository/Transfer/transferSummaryRefIDTitleTxt' is exist

2022-06-16 14:43:26 - [MESSAGE][WARNING] - Timeout '0' is invalid. Using default page load timeout: '40'

2022-06-16 14:43:26 - [MESSAGE][PASSED] - Element 'Object Repository/Transfer/transferSummaryRefIDTitleTxt' is exist

2022-06-16 14:43:26 - [TEST_STEP][PASSED] - verifyElementExist(findTestObject("Transfer/transferSummaryShareReceiptBtn"), 0): Element 'Object Repository/Transfer/transferSummaryShareReceiptBtn' is exist

2022-06-16 14:43:26 - [MESSAGE][WARNING] - Timeout '0' is invalid. Using default page load timeout: '40'

2022-06-16 14:43:26 - [MESSAGE][PASSED] - Element 'Object Repository/Transfer/transferSummaryShareReceiptBtn' is exist

2022-06-16 14:43:26 - [TEST_STEP][PASSED] - delay(5): Delayed 5 second(s)

2022-06-16 14:43:31 - [MESSAGE][PASSED] - Delayed 5 second(s)

2022-06-16 14:43:31 - [TEST_STEP][PASSED] - referenceID = getText(findTestObject("Send Request Money/requestMoneyPaySummaryRefIDTxt"), 0): Text of element 'Object Repository/Send Request Money/requestMoneyPaySummaryRefIDTxt' is: '183478089M'

2022-06-16 14:43:32 - [MESSAGE][WARNING] - Timeout '0' is invalid. Using default page load timeout: '40'

2022-06-16 14:43:32 - [MESSAGE][PASSED] - Text of element 'Object Repository/Send Request Money/requestMoneyPaySummaryRefIDTxt' is: '183478089M'

2022-06-16 14:43:32 - [TEST_STEP][PASSED] - println(referenceID): null

2022-06-16 14:43:32 - [TEST_STEP][PASSED] - test = dataFolder: null

2022-06-16 14:43:32 - [TEST_STEP][PASSED] - sheetName = "Sheet1": null

2022-06-16 14:43:32 - [TEST_STEP][PASSED] - file1 = new java.io.File(test): null

2022-06-16 14:43:32 - [TEST_STEP][PASSED] - assert file1.exists() == true: null

2022-06-16 14:43:32 - [TEST_STEP][PASSED] - woorkbook1 = getWorkbook(test): null

2022-06-16 14:43:32 - [TEST_STEP][PASSED] - sheet1 = getExcelSheet(woorkbook1, sheetName): null

2022-06-16 14:43:32 - [TEST_STEP][PASSED] - setValueToCellByIndex(sheet1, 3, 1, referenceID): null

2022-06-16 14:43:32 - [TEST_STEP][PASSED] - saveWorkbook(test, woorkbook1): null

2022-06-16 14:43:32 - [TEST_STEP][PASSED] - delay(3): Delayed 3 second(s)

2022-06-16 14:43:35 - [MESSAGE][PASSED] - Delayed 3 second(s)

2022-06-16 14:43:35 - [TEST_STEP][PASSED] - takeScreenshot("/Users/a00139272/Desktop/Screenshot/thirdPartyFav.png"): Screenshot is taken

2022-06-16 14:43:35 - [MESSAGE][PASSED] - Screenshot is taken
[[ATTACHMENT|/Users/a00139272/Desktop/Screenshot/thirdPartyFav.png]]

2022-06-16 14:43:35 - [TEST_STEP][PASSED] - verifyElementVisible(findTestObject("Main/mainDoneBtn"), 0): Element 'Object Repository/Main/mainDoneBtn' is visible

2022-06-16 14:43:35 - [MESSAGE][WARNING] - Timeout '0' is invalid. Using default page load timeout: '40'

2022-06-16 14:43:36 - [MESSAGE][PASSED] - Element 'Object Repository/Main/mainDoneBtn' is visible

2022-06-16 14:43:36 - [TEST_STEP][PASSED] - tap(findTestObject("Main/mainDoneBtn"), 0): Tapped on element 'Object Repository/Main/mainDoneBtn'

2022-06-16 14:43:36 - [MESSAGE][WARNING] - Timeout '0' is invalid. Using default page load timeout: '40'

2022-06-16 14:43:36 - [MESSAGE][PASSED] - Tapped on element 'Object Repository/Main/mainDoneBtn'

2022-06-16 14:43:36 - [TEST_STEP][PASSED] - delay(5): Delayed 5 second(s)

2022-06-16 14:43:41 - [MESSAGE][PASSED] - Delayed 5 second(s)

2022-06-16 14:43:41 - [TEST_STEP][PASSED] - tap(findTestObject("Main/mainTopLeftBackButton"), 0): Tapped on element 'Object Repository/Main/mainTopLeftBackButton'

2022-06-16 14:43:41 - [MESSAGE][WARNING] - Timeout '0' is invalid. Using default page load timeout: '40'

2022-06-16 14:43:41 - [MESSAGE][PASSED] - Tapped on element 'Object Repository/Main/mainTopLeftBackButton'

2022-06-16 14:43:41 - [TEST_STEP][PASSED] - delay(5): Delayed 5 second(s)

2022-06-16 14:43:46 - [MESSAGE][PASSED] - Delayed 5 second(s)

2022-06-16 14:43:46 - [TEST_STEP][PASSED] - verifyElementVisible(findTestObject("Banking/m2uAccountTypeSelection", ["text":accType]), 0): Element 'Object Repository/Banking/m2uAccountTypeSelection' is visible

2022-06-16 14:43:46 - [MESSAGE][WARNING] - Timeout '0' is invalid. Using default page load timeout: '40'

2022-06-16 14:43:46 - [MESSAGE][PASSED] - Element 'Object Repository/Banking/m2uAccountTypeSelection' is visible

2022-06-16 14:43:46 - [TEST_STEP][PASSED] - tap(findTestObject("Banking/m2uAccountTypeSelection", ["text":accType]), 10): Tapped on element 'Object Repository/Banking/m2uAccountTypeSelection'

2022-06-16 14:43:47 - [MESSAGE][PASSED] - Tapped on element 'Object Repository/Banking/m2uAccountTypeSelection'

2022-06-16 14:43:47 - [TEST_STEP][PASSED] - delay(5): Delayed 5 second(s)

2022-06-16 14:43:52 - [MESSAGE][PASSED] - Delayed 5 second(s)

2022-06-16 14:43:52 - [TEST_STEP][PASSED] - afterBalance = getText(findTestObject("Main/mainAccountsBalanceTxt"), 0): Text of element 'Object Repository/Main/mainAccountsBalanceTxt' is: 'RM 630.97'

2022-06-16 14:43:52 - [MESSAGE][WARNING] - Timeout '0' is invalid. Using default page load timeout: '40'

2022-06-16 14:43:52 - [MESSAGE][PASSED] - Text of element 'Object Repository/Main/mainAccountsBalanceTxt' is: 'RM 630.97'

2022-06-16 14:43:52 - [TEST_STEP][PASSED] - newAfterBalance = afterBalance.replaceAll("[^0-9.]", ""): null

2022-06-16 14:43:52 - [TEST_STEP][PASSED] - newAccountBalance = accountBalance.replaceAll("[^0-9.]", ""): null

2022-06-16 14:43:52 - [TEST_STEP][PASSED] - newAfterBalanceF = Float.parseFloat(newAfterBalance): null

2022-06-16 14:43:52 - [TEST_STEP][PASSED] - newAccountBalanceF = Float.parseFloat(newAccountBalance): null

2022-06-16 14:43:52 - [TEST_STEP][PASSED] - println(afterBalance): null

2022-06-16 14:43:52 - [TEST_STEP][PASSED] - println(accountBalance): null

2022-06-16 14:43:52 - [TEST_STEP][PASSED] - println(newAfterBalance): null

2022-06-16 14:43:52 - [TEST_STEP][PASSED] - println(newAccountBalance): null

2022-06-16 14:43:52 - [TEST_STEP][PASSED] - value_1 = checkValue: null

2022-06-16 14:43:52 - [TEST_STEP][PASSED] - value_2 = value_1.replaceAll("[^0-9.]", ""): null

2022-06-16 14:43:52 - [TEST_STEP][PASSED] - newValue = Float.parseFloat(value_2): null

2022-06-16 14:43:52 - [TEST_STEP][PASSED] - newBalance = newAccountBalanceF - newValue: null

2022-06-16 14:43:52 - [TEST_STEP][PASSED] - println(newBalance): null

2022-06-16 14:43:52 - [TEST_STEP][PASSED] - assert newBalance.round(2) == newAfterBalanceF: null

2022-06-16 14:43:52 - [TEST_STEP][PASSED] - delay(5): Delayed 5 second(s)

2022-06-16 14:43:57 - [MESSAGE][PASSED] - Delayed 5 second(s)]]></system-out>
         <system-err><![CDATA[2022-06-16 14:38:28 - [TEST_CASE][FAILED] - Test Cases/Transfer/transfer_thirdPartyFav: Test Cases/Transfer/transfer_thirdPartyFav FAILED.
Reason:
com.kms.katalon.core.exception.StepFailedException: Element 'Object Repository/Transfer/transferFavListAccNameTxt' not found
	at com.kms.katalon.core.keyword.internal.KeywordMain.stepFailed(KeywordMain.groovy:39)
	at com.kms.katalon.core.mobile.keyword.internal.MobileKeywordMain.stepFailed(MobileKeywordMain.groovy:40)
	at com.kms.katalon.core.mobile.keyword.builtin.VerifyElementTextKeyword$_verifyElementText_closure1.doCall(VerifyElementTextKeyword.groovy:49)
	at com.kms.katalon.core.mobile.keyword.builtin.VerifyElementTextKeyword$_verifyElementText_closure1.call(VerifyElementTextKeyword.groovy)
	at com.kms.katalon.core.mobile.keyword.internal.MobileKeywordMain.runKeyword(MobileKeywordMain.groovy:21)
	at com.kms.katalon.core.mobile.keyword.builtin.VerifyElementTextKeyword.verifyElementText(VerifyElementTextKeyword.groovy:62)
	at com.kms.katalon.core.mobile.keyword.builtin.VerifyElementTextKeyword.execute(VerifyElementTextKeyword.groovy:39)
	at com.kms.katalon.core.keyword.internal.KeywordExecutor.executeKeywordForPlatform(KeywordExecutor.groovy:74)
	at com.kms.katalon.core.mobile.keyword.MobileBuiltInKeywords.verifyElementText(MobileBuiltInKeywords.groovy:2901)
	at com.kms.katalon.core.mobile.keyword.MobileBuiltInKeywords$verifyElementText$9.call(Unknown Source)
	at transfer_thirdPartyFav.run(transfer_thirdPartyFav:91)
	at com.kms.katalon.core.main.ScriptEngine.run(ScriptEngine.java:194)
	at com.kms.katalon.core.main.ScriptEngine.runScriptAsRawText(ScriptEngine.java:119)
	at com.kms.katalon.core.main.TestCaseExecutor.runScript(TestCaseExecutor.java:445)
	at com.kms.katalon.core.main.TestCaseExecutor.doExecute(TestCaseExecutor.java:436)
	at com.kms.katalon.core.main.TestCaseExecutor.processExecutionPhase(TestCaseExecutor.java:415)
	at com.kms.katalon.core.main.TestCaseExecutor.accessMainPhase(TestCaseExecutor.java:407)
	at com.kms.katalon.core.main.TestCaseExecutor.execute(TestCaseExecutor.java:284)
	at com.kms.katalon.core.common.CommonExecutor.accessTestCaseMainPhase(CommonExecutor.java:65)
	at com.kms.katalon.core.main.TestSuiteExecutor.accessTestSuiteMainPhase(TestSuiteExecutor.java:144)
	at com.kms.katalon.core.main.TestSuiteExecutor.execute(TestSuiteExecutor.java:106)
	at com.kms.katalon.core.main.TestCaseMain.startTestSuite(TestCaseMain.java:185)
	at com.kms.katalon.core.main.TestCaseMain$startTestSuite$0.call(Unknown Source)
	at TempTestSuite1655360254384.run(TempTestSuite1655360254384.groovy:36)]]></system-err>
      </testcase>
      <testcase name="Test Cases/DuitNow/duitNow_mobileNumberTransaction" time="267.258" classname="Test Cases/DuitNow/duitNow_mobileNumberTransaction" status="PASSED">
         <system-out><![CDATA[2022-06-16 14:43:57 - [TEST_CASE][PASSED] - Test Cases/DuitNow/duitNow_mobileNumberTransaction: Test Cases/DuitNow/duitNow_mobileNumberTransaction

2022-06-16 14:43:57 - [TEST_STEP][PASSED] - delay(5): Delayed 5 second(s)

2022-06-16 14:44:02 - [MESSAGE][PASSED] - Delayed 5 second(s)

2022-06-16 14:44:02 - [TEST_STEP][PASSED] - device_Height = getDeviceHeight(): Current device physical height is 2167

2022-06-16 14:44:03 - [MESSAGE][PASSED] - Current device physical height is 2167

2022-06-16 14:44:03 - [TEST_STEP][PASSED] - device_Width = getDeviceWidth(): Current device physical width is 1080

2022-06-16 14:44:03 - [MESSAGE][PASSED] - Current device physical width is 1080

2022-06-16 14:44:03 - [TEST_STEP][PASSED] - startX = device_Width / 3: null

2022-06-16 14:44:03 - [TEST_STEP][PASSED] - startY = device_Height * 0.97: null

2022-06-16 14:44:03 - [TEST_STEP][PASSED] - delay(3): Delayed 3 second(s)

2022-06-16 14:44:06 - [MESSAGE][PASSED] - Delayed 3 second(s)

2022-06-16 14:44:06 - [TEST_STEP][PASSED] - verifyElementVisible(findTestObject("Banking/m2uAccountTransferIconSelect"), 0): Element 'Object Repository/Banking/m2uAccountTransferIconSelect' is visible

2022-06-16 14:44:06 - [MESSAGE][WARNING] - Timeout '0' is invalid. Using default page load timeout: '40'

2022-06-16 14:44:06 - [MESSAGE][PASSED] - Element 'Object Repository/Banking/m2uAccountTransferIconSelect' is visible

2022-06-16 14:44:06 - [TEST_STEP][PASSED] - tap(findTestObject("Banking/m2uAccountTransferIconSelect"), 0): Tapped on element 'Object Repository/Banking/m2uAccountTransferIconSelect'

2022-06-16 14:44:06 - [MESSAGE][WARNING] - Timeout '0' is invalid. Using default page load timeout: '40'

2022-06-16 14:44:06 - [MESSAGE][PASSED] - Tapped on element 'Object Repository/Banking/m2uAccountTransferIconSelect'

2022-06-16 14:44:06 - [TEST_STEP][PASSED] - verifyElementVisible(findTestObject("Banking/transferDuitNowTopMenuSelect"), 5): Element 'Object Repository/Banking/transferDuitNowTopMenuSelect' is visible

2022-06-16 14:44:57 - [MESSAGE][PASSED] - Element 'Object Repository/Banking/transferDuitNowTopMenuSelect' is visible

2022-06-16 14:44:57 - [TEST_STEP][PASSED] - tap(findTestObject("Banking/transferDuitNowTopMenuSelect"), 0): Tapped on element 'Object Repository/Banking/transferDuitNowTopMenuSelect'

2022-06-16 14:44:57 - [MESSAGE][WARNING] - Timeout '0' is invalid. Using default page load timeout: '40'

2022-06-16 14:45:58 - [MESSAGE][PASSED] - Tapped on element 'Object Repository/Banking/transferDuitNowTopMenuSelect'

2022-06-16 14:45:58 - [TEST_STEP][PASSED] - delay(3): Delayed 3 second(s)

2022-06-16 14:46:01 - [MESSAGE][PASSED] - Delayed 3 second(s)

2022-06-16 14:46:01 - [TEST_STEP][PASSED] - tap(findTestObject("Banking/duitNowOtherIconSelect"), 0): Tapped on element 'Object Repository/Banking/duitNowOtherIconSelect'

2022-06-16 14:46:01 - [MESSAGE][WARNING] - Timeout '0' is invalid. Using default page load timeout: '40'

2022-06-16 14:46:53 - [MESSAGE][PASSED] - Tapped on element 'Object Repository/Banking/duitNowOtherIconSelect'

2022-06-16 14:46:53 - [TEST_STEP][PASSED] - delay(3): Delayed 3 second(s)

2022-06-16 14:46:56 - [MESSAGE][PASSED] - Delayed 3 second(s)

2022-06-16 14:46:56 - [TEST_STEP][PASSED] - verifyElementExist(findTestObject("Banking/duitNowIDTypeDropdownSelect"), 0): Element 'Object Repository/Banking/duitNowIDTypeDropdownSelect' is exist

2022-06-16 14:46:56 - [MESSAGE][WARNING] - Timeout '0' is invalid. Using default page load timeout: '40'

2022-06-16 14:46:56 - [MESSAGE][PASSED] - Element 'Object Repository/Banking/duitNowIDTypeDropdownSelect' is exist

2022-06-16 14:46:56 - [TEST_STEP][PASSED] - tap(findTestObject("Banking/duitNowIDTypeDropdownSelect"), 0): Tapped on element 'Object Repository/Banking/duitNowIDTypeDropdownSelect'

2022-06-16 14:46:56 - [MESSAGE][WARNING] - Timeout '0' is invalid. Using default page load timeout: '40'

2022-06-16 14:46:56 - [MESSAGE][PASSED] - Tapped on element 'Object Repository/Banking/duitNowIDTypeDropdownSelect'

2022-06-16 14:46:56 - [TEST_STEP][PASSED] - delay(3): Delayed 3 second(s)

2022-06-16 14:46:59 - [MESSAGE][PASSED] - Delayed 3 second(s)

2022-06-16 14:46:59 - [TEST_STEP][PASSED] - verifyElementExist(findTestObject("Banking/duitNowBusinessRegIDTypeDropdown", ["proxy":proxy]), 0): Element 'Object Repository/Banking/duitNowBusinessRegIDTypeDropdown' is exist

2022-06-16 14:46:59 - [MESSAGE][WARNING] - Timeout '0' is invalid. Using default page load timeout: '40'

2022-06-16 14:46:59 - [MESSAGE][PASSED] - Element 'Object Repository/Banking/duitNowBusinessRegIDTypeDropdown' is exist

2022-06-16 14:46:59 - [TEST_STEP][PASSED] - tap(findTestObject("Banking/duitNowBusinessRegIDTypeDropdown", ["proxy":proxy]), 0): Tapped on element 'Object Repository/Banking/duitNowBusinessRegIDTypeDropdown'

2022-06-16 14:46:59 - [MESSAGE][WARNING] - Timeout '0' is invalid. Using default page load timeout: '40'

2022-06-16 14:46:59 - [MESSAGE][PASSED] - Tapped on element 'Object Repository/Banking/duitNowBusinessRegIDTypeDropdown'

2022-06-16 14:46:59 - [TEST_STEP][PASSED] - tap(findTestObject("Main/mainCalenderPickerDoneBtn"), 0): Tapped on element 'Object Repository/Main/mainCalenderPickerDoneBtn'

2022-06-16 14:46:59 - [MESSAGE][WARNING] - Timeout '0' is invalid. Using default page load timeout: '40'

2022-06-16 14:47:00 - [MESSAGE][PASSED] - Tapped on element 'Object Repository/Main/mainCalenderPickerDoneBtn'

2022-06-16 14:47:00 - [TEST_STEP][PASSED] - delay(3): Delayed 3 second(s)

2022-06-16 14:47:03 - [MESSAGE][PASSED] - Delayed 3 second(s)

2022-06-16 14:47:03 - [TEST_STEP][PASSED] - verifyElementExist(findTestObject("Banking/duitNowBusinessRegNoInputField", ["proxyPlaceholder":proxyPlaceholder]), 0): Element 'Object Repository/Banking/duitNowBusinessRegNoInputField' is exist

2022-06-16 14:47:03 - [MESSAGE][WARNING] - Timeout '0' is invalid. Using default page load timeout: '40'

2022-06-16 14:47:03 - [MESSAGE][PASSED] - Element 'Object Repository/Banking/duitNowBusinessRegNoInputField' is exist

2022-06-16 14:47:03 - [TEST_STEP][PASSED] - setText(findTestObject("Banking/duitNowBusinessRegNoInputField", ["proxyPlaceholder":proxyPlaceholder]), phoneNum, 0): Text '01122334455' has been set to element 'Object Repository/Banking/duitNowBusinessRegNoInputField'

2022-06-16 14:47:03 - [MESSAGE][WARNING] - Timeout '0' is invalid. Using default page load timeout: '40'

2022-06-16 14:47:03 - [MESSAGE][PASSED] - Text '01122334455' has been set to element 'Object Repository/Banking/duitNowBusinessRegNoInputField'

2022-06-16 14:47:03 - [TEST_STEP][PASSED] - hideKeyboard(): Keyboard is hidden

2022-06-16 14:47:04 - [MESSAGE][PASSED] - Keyboard is hidden

2022-06-16 14:47:04 - [TEST_STEP][PASSED] - tap(findTestObject("Login Onboarding/loginExistingContinueBtn"), 0): Tapped on element 'Object Repository/Login Onboarding/loginExistingContinueBtn'

2022-06-16 14:47:04 - [MESSAGE][WARNING] - Timeout '0' is invalid. Using default page load timeout: '40'

2022-06-16 14:47:04 - [MESSAGE][PASSED] - Tapped on element 'Object Repository/Login Onboarding/loginExistingContinueBtn'

2022-06-16 14:47:04 - [TEST_STEP][PASSED] - delay(3): Delayed 3 second(s)

2022-06-16 14:47:07 - [MESSAGE][PASSED] - Delayed 3 second(s)

2022-06-16 14:47:07 - [TEST_STEP][PASSED] - verifyElementText(findTestObject("Duit Now/duitNowAmountProxyNumberTxt", ["proxyNumber":proxyNumber]), proxyNumber): Actual text and expected text of test object 'Object Repository/Duit Now/duitNowAmountProxyNumberTxt' are matched.

2022-06-16 14:47:08 - [MESSAGE][PASSED] - Actual text and expected text of test object 'Object Repository/Duit Now/duitNowAmountProxyNumberTxt' are matched.

2022-06-16 14:47:08 - [TEST_STEP][PASSED] - receipientName = getText(findTestObject("Duit Now/duitNowAmountReceipientNameTxt2", ["recName":recName]), 0): Text of element 'Object Repository/Duit Now/duitNowAmountReceipientNameTxt2' is: 'CAPTAIN AMERICA'

2022-06-16 14:47:08 - [MESSAGE][WARNING] - Timeout '0' is invalid. Using default page load timeout: '40'

2022-06-16 14:47:08 - [MESSAGE][PASSED] - Text of element 'Object Repository/Duit Now/duitNowAmountReceipientNameTxt2' is: 'CAPTAIN AMERICA'

2022-06-16 14:47:08 - [TEST_STEP][PASSED] - recName_1 = recName: null

2022-06-16 14:47:08 - [TEST_STEP][PASSED] - recName_2 = recName2: null

2022-06-16 14:47:08 - [TEST_STEP][PASSED] - privName_1 = privName: null

2022-06-16 14:47:08 - [TEST_STEP][PASSED] - checker = verifyMatch(receipientName, $recName_1||$privName_1, true): Actual text 'CAPTAIN AMERICA' and expected text 'CAPTAIN AMERICA||XXXXXXX XXXXXXX' are matched  using regular expression

2022-06-16 14:47:08 - [MESSAGE][PASSED] - Actual text 'CAPTAIN AMERICA' and expected text 'CAPTAIN AMERICA||XXXXXXX XXXXXXX' are matched  using regular expression

2022-06-16 14:47:08 - [TEST_STEP][PASSED] - verifyElementText(findTestObject("Duit Now/duitNowAmountProxyTypeTxt", ["proxyType":proxyType]), proxyType): Actual text and expected text of test object 'Object Repository/Duit Now/duitNowAmountProxyTypeTxt' are matched.

2022-06-16 14:47:09 - [MESSAGE][PASSED] - Actual text and expected text of test object 'Object Repository/Duit Now/duitNowAmountProxyTypeTxt' are matched.

2022-06-16 14:47:09 - [TEST_STEP][PASSED] - verifyElementExist(findTestObject("Duit Now/duitNowAmountCurrencyTypeTxt"), 0): Element 'Object Repository/Duit Now/duitNowAmountCurrencyTypeTxt' is exist

2022-06-16 14:47:09 - [MESSAGE][WARNING] - Timeout '0' is invalid. Using default page load timeout: '40'

2022-06-16 14:47:09 - [MESSAGE][PASSED] - Element 'Object Repository/Duit Now/duitNowAmountCurrencyTypeTxt' is exist

2022-06-16 14:47:09 - [TEST_STEP][PASSED] - verifyElementExist(findTestObject("Duit Now/duitNowAmountEnterAmountTitleTxt"), 0): Element 'Object Repository/Duit Now/duitNowAmountEnterAmountTitleTxt' is exist

2022-06-16 14:47:09 - [MESSAGE][WARNING] - Timeout '0' is invalid. Using default page load timeout: '40'

2022-06-16 14:47:09 - [MESSAGE][PASSED] - Element 'Object Repository/Duit Now/duitNowAmountEnterAmountTitleTxt' is exist

2022-06-16 14:47:09 - [TEST_STEP][PASSED] - verifyElementExist(findTestObject("Duit Now/duitNowAmountInitialValueTxt"), 0): Element 'Object Repository/Duit Now/duitNowAmountInitialValueTxt' is exist

2022-06-16 14:47:09 - [MESSAGE][WARNING] - Timeout '0' is invalid. Using default page load timeout: '40'

2022-06-16 14:47:09 - [MESSAGE][PASSED] - Element 'Object Repository/Duit Now/duitNowAmountInitialValueTxt' is exist

2022-06-16 14:47:09 - [TEST_STEP][PASSED] - trxAmount = value: null

2022-06-16 14:47:09 - [TEST_STEP][PASSED] - length = trxAmount.length(): null

2022-06-16 14:47:09 - [TEST_STEP][PASSED] - delay(5): Delayed 5 second(s)

2022-06-16 14:47:14 - [MESSAGE][PASSED] - Delayed 5 second(s)

2022-06-16 14:47:14 - [TEST_STEP][PASSED] - tapAtPosition(startX, startY): Tapped at [360, 2,101]

2022-06-16 14:47:15 - [MESSAGE][PASSED] - Tapped at [360, 2,101]

2022-06-16 14:47:15 - [TEST_STEP][PASSED] - for ([i = 0, i < length, (i++)]): null

2022-06-16 14:47:15 - [TEST_STEP][PASSED] - if (trxAmount[i] == "0"): null

2022-06-16 14:47:15 - [TEST_STEP][PASSED] - if (trxAmount[i] == "1"): null

2022-06-16 14:47:15 - [TEST_STEP][PASSED] - if (trxAmount[i] == "2"): Tapped on element 'Object Repository/Login Onboarding/PIN2'

2022-06-16 14:47:15 - [TEST_STEP][PASSED] - tap(findTestObject("Login Onboarding/PIN2"), 0): Tapped on element 'Object Repository/Login Onboarding/PIN2'

2022-06-16 14:47:15 - [MESSAGE][WARNING] - Timeout '0' is invalid. Using default page load timeout: '40'

2022-06-16 14:47:15 - [MESSAGE][PASSED] - Tapped on element 'Object Repository/Login Onboarding/PIN2'

2022-06-16 14:47:15 - [TEST_STEP][PASSED] - if (trxAmount[i] == "3"): null

2022-06-16 14:47:15 - [TEST_STEP][PASSED] - if (trxAmount[i] == "4"): null

2022-06-16 14:47:15 - [TEST_STEP][PASSED] - if (trxAmount[i] == "5"): null

2022-06-16 14:47:15 - [TEST_STEP][PASSED] - if (trxAmount[i] == "6"): null

2022-06-16 14:47:15 - [TEST_STEP][PASSED] - if (trxAmount[i] == "7"): null

2022-06-16 14:47:15 - [TEST_STEP][PASSED] - if (trxAmount[i] == "8"): null

2022-06-16 14:47:15 - [TEST_STEP][PASSED] - if (trxAmount[i] == "9"): null

2022-06-16 14:47:15 - [TEST_STEP][PASSED] - if (trxAmount[i] == "0"): Tapped on element 'Object Repository/Login Onboarding/PIN0'

2022-06-16 14:47:15 - [TEST_STEP][PASSED] - tap(findTestObject("Login Onboarding/PIN0"), 0): Tapped on element 'Object Repository/Login Onboarding/PIN0'

2022-06-16 14:47:15 - [MESSAGE][WARNING] - Timeout '0' is invalid. Using default page load timeout: '40'

2022-06-16 14:47:16 - [MESSAGE][PASSED] - Tapped on element 'Object Repository/Login Onboarding/PIN0'

2022-06-16 14:47:16 - [TEST_STEP][PASSED] - if (trxAmount[i] == "1"): null

2022-06-16 14:47:16 - [TEST_STEP][PASSED] - if (trxAmount[i] == "2"): null

2022-06-16 14:47:16 - [TEST_STEP][PASSED] - if (trxAmount[i] == "3"): null

2022-06-16 14:47:16 - [TEST_STEP][PASSED] - if (trxAmount[i] == "4"): null

2022-06-16 14:47:16 - [TEST_STEP][PASSED] - if (trxAmount[i] == "5"): null

2022-06-16 14:47:16 - [TEST_STEP][PASSED] - if (trxAmount[i] == "6"): null

2022-06-16 14:47:16 - [TEST_STEP][PASSED] - if (trxAmount[i] == "7"): null

2022-06-16 14:47:16 - [TEST_STEP][PASSED] - if (trxAmount[i] == "8"): null

2022-06-16 14:47:16 - [TEST_STEP][PASSED] - if (trxAmount[i] == "9"): null

2022-06-16 14:47:16 - [TEST_STEP][PASSED] - if (trxAmount[i] == "0"): Tapped on element 'Object Repository/Login Onboarding/PIN0'

2022-06-16 14:47:16 - [TEST_STEP][PASSED] - tap(findTestObject("Login Onboarding/PIN0"), 0): Tapped on element 'Object Repository/Login Onboarding/PIN0'

2022-06-16 14:47:16 - [MESSAGE][WARNING] - Timeout '0' is invalid. Using default page load timeout: '40'

2022-06-16 14:47:17 - [MESSAGE][PASSED] - Tapped on element 'Object Repository/Login Onboarding/PIN0'

2022-06-16 14:47:17 - [TEST_STEP][PASSED] - if (trxAmount[i] == "1"): null

2022-06-16 14:47:17 - [TEST_STEP][PASSED] - if (trxAmount[i] == "2"): null

2022-06-16 14:47:17 - [TEST_STEP][PASSED] - if (trxAmount[i] == "3"): null

2022-06-16 14:47:17 - [TEST_STEP][PASSED] - if (trxAmount[i] == "4"): null

2022-06-16 14:47:17 - [TEST_STEP][PASSED] - if (trxAmount[i] == "5"): null

2022-06-16 14:47:17 - [TEST_STEP][PASSED] - if (trxAmount[i] == "6"): null

2022-06-16 14:47:17 - [TEST_STEP][PASSED] - if (trxAmount[i] == "7"): null

2022-06-16 14:47:17 - [TEST_STEP][PASSED] - if (trxAmount[i] == "8"): null

2022-06-16 14:47:17 - [TEST_STEP][PASSED] - if (trxAmount[i] == "9"): null

2022-06-16 14:47:17 - [TEST_STEP][PASSED] - delay(5): Delayed 5 second(s)

2022-06-16 14:47:22 - [MESSAGE][PASSED] - Delayed 5 second(s)

2022-06-16 14:47:22 - [TEST_STEP][PASSED] - verifyElementText(findTestObject("Duit Now/duitNowAmountValueTxt", ["value":checkValue]), checkValue): Actual text and expected text of test object 'Object Repository/Duit Now/duitNowAmountValueTxt' are matched.

2022-06-16 14:47:22 - [MESSAGE][PASSED] - Actual text and expected text of test object 'Object Repository/Duit Now/duitNowAmountValueTxt' are matched.

2022-06-16 14:47:22 - [TEST_STEP][PASSED] - verifyElementVisible(findTestObject("Login Onboarding/loginPinTickBtn"), 5): Element 'Object Repository/Login Onboarding/loginPinTickBtn' is visible

2022-06-16 14:47:23 - [MESSAGE][PASSED] - Element 'Object Repository/Login Onboarding/loginPinTickBtn' is visible

2022-06-16 14:47:23 - [TEST_STEP][PASSED] - tap(findTestObject("Login Onboarding/loginPinTickBtn"), 0): Tapped on element 'Object Repository/Login Onboarding/loginPinTickBtn'

2022-06-16 14:47:23 - [MESSAGE][WARNING] - Timeout '0' is invalid. Using default page load timeout: '40'

2022-06-16 14:47:23 - [MESSAGE][PASSED] - Tapped on element 'Object Repository/Login Onboarding/loginPinTickBtn'

2022-06-16 14:47:23 - [TEST_STEP][PASSED] - delay(3): Delayed 3 second(s)

2022-06-16 14:47:26 - [MESSAGE][PASSED] - Delayed 3 second(s)

2022-06-16 14:47:26 - [TEST_STEP][PASSED] - verifyElementText(findTestObject("Duit Now/duitNowReferenceProxyNumberTxt", ["proxyNumber":proxyNumber]), proxyNumber): Actual text and expected text of test object 'Object Repository/Duit Now/duitNowReferenceProxyNumberTxt' are matched.

2022-06-16 14:47:26 - [MESSAGE][PASSED] - Actual text and expected text of test object 'Object Repository/Duit Now/duitNowReferenceProxyNumberTxt' are matched.

2022-06-16 14:47:26 - [TEST_STEP][PASSED] - verifyElementText(findTestObject("Duit Now/duitNowReferenceProxyTypeTxt", ["proxyType":proxyType]), proxyType): Actual text and expected text of test object 'Object Repository/Duit Now/duitNowReferenceProxyTypeTxt' are matched.

2022-06-16 14:47:27 - [MESSAGE][PASSED] - Actual text and expected text of test object 'Object Repository/Duit Now/duitNowReferenceProxyTypeTxt' are matched.

2022-06-16 14:47:27 - [TEST_STEP][PASSED] - receipientName_2 = getText(findTestObject("Duit Now/duitNowReferenceReceipientNameTxt2", ["recName":recName]), 0): Text of element 'Object Repository/Duit Now/duitNowReferenceReceipientNameTxt2' is: 'CAPTAIN AMERICA'

2022-06-16 14:47:27 - [MESSAGE][WARNING] - Timeout '0' is invalid. Using default page load timeout: '40'

2022-06-16 14:47:27 - [MESSAGE][PASSED] - Text of element 'Object Repository/Duit Now/duitNowReferenceReceipientNameTxt2' is: 'CAPTAIN AMERICA'

2022-06-16 14:47:27 - [TEST_STEP][PASSED] - verifyMatch(receipientName_2, $recName_1||$privName_1, true): Actual text 'CAPTAIN AMERICA' and expected text 'CAPTAIN AMERICA||XXXXXXX XXXXXXX' are matched  using regular expression

2022-06-16 14:47:27 - [MESSAGE][PASSED] - Actual text 'CAPTAIN AMERICA' and expected text 'CAPTAIN AMERICA||XXXXXXX XXXXXXX' are matched  using regular expression

2022-06-16 14:47:27 - [TEST_STEP][PASSED] - verifyElementExist(findTestObject("Duit Now/duitNowReferenceEnterTitleTxt"), 0): Element 'Object Repository/Duit Now/duitNowReferenceEnterTitleTxt' is exist

2022-06-16 14:47:27 - [MESSAGE][WARNING] - Timeout '0' is invalid. Using default page load timeout: '40'

2022-06-16 14:47:27 - [MESSAGE][PASSED] - Element 'Object Repository/Duit Now/duitNowReferenceEnterTitleTxt' is exist

2022-06-16 14:47:27 - [TEST_STEP][PASSED] - setText(findTestObject("Banking/duitNowReferenceInputField"), reference, 0): Text 'DuitNowMobileTransf' has been set to element 'Object Repository/Banking/duitNowReferenceInputField'

2022-06-16 14:47:27 - [MESSAGE][WARNING] - Timeout '0' is invalid. Using default page load timeout: '40'

2022-06-16 14:47:28 - [MESSAGE][PASSED] - Text 'DuitNowMobileTransf' has been set to element 'Object Repository/Banking/duitNowReferenceInputField'

2022-06-16 14:47:28 - [TEST_STEP][PASSED] - hideKeyboard(): Keyboard is hidden

2022-06-16 14:47:29 - [MESSAGE][PASSED] - Keyboard is hidden

2022-06-16 14:47:29 - [TEST_STEP][PASSED] - verifyElementText(findTestObject("Duit Now/duitNowReferenceContentTxt", ["reference":reference]), reference): Actual text and expected text of test object 'Object Repository/Duit Now/duitNowReferenceContentTxt' are matched.

2022-06-16 14:47:29 - [MESSAGE][PASSED] - Actual text and expected text of test object 'Object Repository/Duit Now/duitNowReferenceContentTxt' are matched.

2022-06-16 14:47:29 - [TEST_STEP][PASSED] - tap(findTestObject("Login Onboarding/loginExistingContinueBtn"), 0): Tapped on element 'Object Repository/Login Onboarding/loginExistingContinueBtn'

2022-06-16 14:47:30 - [MESSAGE][WARNING] - Timeout '0' is invalid. Using default page load timeout: '40'

2022-06-16 14:47:30 - [MESSAGE][PASSED] - Tapped on element 'Object Repository/Login Onboarding/loginExistingContinueBtn'

2022-06-16 14:47:30 - [TEST_STEP][PASSED] - delay(3): Delayed 3 second(s)

2022-06-16 14:47:33 - [MESSAGE][PASSED] - Delayed 3 second(s)

2022-06-16 14:47:33 - [TEST_STEP][PASSED] - if (checker == true): Actual text 'CAPTAIN AMERICA' and expected text 'CAPTAIN AMERICA||XXXXXXX XXXXXXX' are matched  using regular expression

2022-06-16 14:47:33 - [TEST_STEP][PASSED] - receipientName_3 = getText(findTestObject("Duit Now/duitNowConfirmationReceipientNameTxt2", ["recName":recName2]), 0): Text of element 'Object Repository/Duit Now/duitNowConfirmationReceipientNameTxt2' is: 'CAPTAIN AMERICA'

2022-06-16 14:47:33 - [MESSAGE][WARNING] - Timeout '0' is invalid. Using default page load timeout: '40'

2022-06-16 14:47:33 - [MESSAGE][PASSED] - Text of element 'Object Repository/Duit Now/duitNowConfirmationReceipientNameTxt2' is: 'CAPTAIN AMERICA'

2022-06-16 14:47:33 - [TEST_STEP][PASSED] - verifyMatch(receipientName_3, $recName_2||$privName_1, true): Actual text 'CAPTAIN AMERICA' and expected text 'CAPTAIN AMERICA||XXXXXXX XXXXXXX' are matched  using regular expression

2022-06-16 14:47:33 - [MESSAGE][PASSED] - Actual text 'CAPTAIN AMERICA' and expected text 'CAPTAIN AMERICA||XXXXXXX XXXXXXX' are matched  using regular expression

2022-06-16 14:47:33 - [TEST_STEP][PASSED] - verifyElementText(findTestObject("Duit Now/duitNowConfirmationReceipientProxyNumTxt", ["proxyNumber":proxyNumber]), proxyNumber): Actual text and expected text of test object 'Object Repository/Duit Now/duitNowConfirmationReceipientProxyNumTxt' are matched.

2022-06-16 14:47:33 - [MESSAGE][PASSED] - Actual text and expected text of test object 'Object Repository/Duit Now/duitNowConfirmationReceipientProxyNumTxt' are matched.

2022-06-16 14:47:33 - [TEST_STEP][PASSED] - verifyElementText(findTestObject("Duit Now/duitNowConfirmationAmountTxt", ["amount":amount]), amount): Actual text and expected text of test object 'Object Repository/Duit Now/duitNowConfirmationAmountTxt' are matched.

2022-06-16 14:47:34 - [MESSAGE][PASSED] - Actual text and expected text of test object 'Object Repository/Duit Now/duitNowConfirmationAmountTxt' are matched.

2022-06-16 14:47:34 - [TEST_STEP][PASSED] - verifyElementExist(findTestObject("Duit Now/duitNowConfirmationDateTitleTxt"), 0): Element 'Object Repository/Duit Now/duitNowConfirmationDateTitleTxt' is exist

2022-06-16 14:47:34 - [MESSAGE][WARNING] - Timeout '0' is invalid. Using default page load timeout: '40'

2022-06-16 14:47:34 - [MESSAGE][PASSED] - Element 'Object Repository/Duit Now/duitNowConfirmationDateTitleTxt' is exist

2022-06-16 14:47:34 - [TEST_STEP][PASSED] - verifyElementExist(findTestObject("Duit Now/duitNowConfirmationIDTypeTitleTxt"), 0): Element 'Object Repository/Duit Now/duitNowConfirmationIDTypeTitleTxt' is exist

2022-06-16 14:47:34 - [MESSAGE][WARNING] - Timeout '0' is invalid. Using default page load timeout: '40'

2022-06-16 14:47:34 - [MESSAGE][PASSED] - Element 'Object Repository/Duit Now/duitNowConfirmationIDTypeTitleTxt' is exist

2022-06-16 14:47:34 - [TEST_STEP][PASSED] - verifyElementExist(findTestObject("Duit Now/duitNowConfirmationTransferTypeTitleTxt"), 0): Element 'Object Repository/Duit Now/duitNowConfirmationTransferTypeTitleTxt' is exist

2022-06-16 14:47:34 - [MESSAGE][WARNING] - Timeout '0' is invalid. Using default page load timeout: '40'

2022-06-16 14:47:34 - [MESSAGE][PASSED] - Element 'Object Repository/Duit Now/duitNowConfirmationTransferTypeTitleTxt' is exist

2022-06-16 14:47:34 - [TEST_STEP][PASSED] - verifyElementExist(findTestObject("Duit Now/duitNowConfirmationPaymentDetailsTitleTxt"), 0): Element 'Object Repository/Duit Now/duitNowConfirmationPaymentDetailsTitleTxt' is exist

2022-06-16 14:47:34 - [MESSAGE][WARNING] - Timeout '0' is invalid. Using default page load timeout: '40'

2022-06-16 14:47:35 - [MESSAGE][PASSED] - Element 'Object Repository/Duit Now/duitNowConfirmationPaymentDetailsTitleTxt' is exist

2022-06-16 14:47:35 - [TEST_STEP][PASSED] - verifyElementExist(findTestObject("Duit Now/duitNowConfirmationReferenceTitleTxt"), 0): Element 'Object Repository/Duit Now/duitNowConfirmationReferenceTitleTxt' is exist

2022-06-16 14:47:35 - [MESSAGE][WARNING] - Timeout '0' is invalid. Using default page load timeout: '40'

2022-06-16 14:47:35 - [MESSAGE][PASSED] - Element 'Object Repository/Duit Now/duitNowConfirmationReferenceTitleTxt' is exist

2022-06-16 14:47:35 - [TEST_STEP][PASSED] - verifyElementExist(findTestObject("Duit Now/duitNowConfirmationServiceFeeTitleTxt"), 0): Element 'Object Repository/Duit Now/duitNowConfirmationServiceFeeTitleTxt' is exist

2022-06-16 14:47:35 - [MESSAGE][WARNING] - Timeout '0' is invalid. Using default page load timeout: '40'

2022-06-16 14:47:35 - [MESSAGE][PASSED] - Element 'Object Repository/Duit Now/duitNowConfirmationServiceFeeTitleTxt' is exist

2022-06-16 14:47:35 - [TEST_STEP][PASSED] - verifyElementText(findTestObject("Duit Now/duitNowConfirmationIDTypeTxt", ["proxy":proxy]), proxy): Actual text and expected text of test object 'Object Repository/Duit Now/duitNowConfirmationIDTypeTxt' are matched.

2022-06-16 14:47:35 - [MESSAGE][PASSED] - Actual text and expected text of test object 'Object Repository/Duit Now/duitNowConfirmationIDTypeTxt' are matched.

2022-06-16 14:47:35 - [TEST_STEP][PASSED] - verifyElementText(findTestObject("Duit Now/duitNowConfirmationReceiveDateTxt"), "Today"): Actual text and expected text of test object 'Object Repository/Duit Now/duitNowConfirmationReceiveDateTxt' are matched.

2022-06-16 14:47:35 - [MESSAGE][PASSED] - Actual text and expected text of test object 'Object Repository/Duit Now/duitNowConfirmationReceiveDateTxt' are matched.

2022-06-16 14:47:35 - [TEST_STEP][PASSED] - verifyElementText(findTestObject("Duit Now/duitNowConfirmationReferenceTxt", ["reference":reference]), reference): Actual text and expected text of test object 'Object Repository/Duit Now/duitNowConfirmationReferenceTxt' are matched.

2022-06-16 14:47:36 - [MESSAGE][PASSED] - Actual text and expected text of test object 'Object Repository/Duit Now/duitNowConfirmationReferenceTxt' are matched.

2022-06-16 14:47:36 - [TEST_STEP][PASSED] - verifyElementText(findTestObject("Duit Now/duitNowConfirmationServiceFeeAmountTxt"), "RM 0.00"): Actual text and expected text of test object 'Object Repository/Duit Now/duitNowConfirmationServiceFeeAmountTxt' are matched.

2022-06-16 14:47:36 - [MESSAGE][PASSED] - Actual text and expected text of test object 'Object Repository/Duit Now/duitNowConfirmationServiceFeeAmountTxt' are matched.

2022-06-16 14:47:36 - [TEST_STEP][PASSED] - tap(findTestObject("Duit Now/duitNowConfirmationPaymentDetailsGreyWordTxt"), 0): Tapped on element 'Object Repository/Duit Now/duitNowConfirmationPaymentDetailsGreyWordTxt'

2022-06-16 14:47:36 - [MESSAGE][WARNING] - Timeout '0' is invalid. Using default page load timeout: '40'

2022-06-16 14:47:36 - [MESSAGE][PASSED] - Tapped on element 'Object Repository/Duit Now/duitNowConfirmationPaymentDetailsGreyWordTxt'

2022-06-16 14:47:36 - [TEST_STEP][PASSED] - setText(findTestObject("Duit Now/duitNowConfirmationPaymentDetailsGreyWordTxt"), details, 0): Text 'Test Mo' has been set to element 'Object Repository/Duit Now/duitNowConfirmationPaymentDetailsGreyWordTxt'

2022-06-16 14:47:36 - [MESSAGE][WARNING] - Timeout '0' is invalid. Using default page load timeout: '40'

2022-06-16 14:47:39 - [MESSAGE][PASSED] - Text 'Test Mo' has been set to element 'Object Repository/Duit Now/duitNowConfirmationPaymentDetailsGreyWordTxt'

2022-06-16 14:47:39 - [TEST_STEP][PASSED] - hideKeyboard(): Keyboard is hidden

2022-06-16 14:47:40 - [MESSAGE][PASSED] - Keyboard is hidden

2022-06-16 14:47:40 - [TEST_STEP][PASSED] - verifyElementText(findTestObject("Duit Now/duitNowConfirmationPaymentDetailsInputtedTxt", ["details":details]), details): Actual text and expected text of test object 'Object Repository/Duit Now/duitNowConfirmationPaymentDetailsInputtedTxt' are matched.

2022-06-16 14:47:41 - [MESSAGE][PASSED] - Actual text and expected text of test object 'Object Repository/Duit Now/duitNowConfirmationPaymentDetailsInputtedTxt' are matched.

2022-06-16 14:47:41 - [TEST_STEP][PASSED] - takeScreenshot("/Users/a00139272/git/MAEAutomation2/Duitnow/1.png"): Screenshot is taken

2022-06-16 14:47:41 - [MESSAGE][PASSED] - Screenshot is taken
[[ATTACHMENT|/Users/a00139272/git/MAEAutomation2/Duitnow/1.png]]

2022-06-16 14:47:41 - [TEST_STEP][PASSED] - device_Height_2 = getDeviceHeight(): Current device physical height is 2167

2022-06-16 14:47:41 - [MESSAGE][PASSED] - Current device physical height is 2167

2022-06-16 14:47:41 - [TEST_STEP][PASSED] - device_Width_2 = getDeviceWidth(): Current device physical width is 1080

2022-06-16 14:47:41 - [MESSAGE][PASSED] - Current device physical width is 1080

2022-06-16 14:47:41 - [TEST_STEP][PASSED] - startX_2 = device_Width_2 / 2: null

2022-06-16 14:47:41 - [TEST_STEP][PASSED] - endX_2 = startX_2: null

2022-06-16 14:47:41 - [TEST_STEP][PASSED] - startY_2 = device_Height_2 * 0.30: null

2022-06-16 14:47:41 - [TEST_STEP][PASSED] - endY_2 = device_Height_2 * 0.70: null

2022-06-16 14:47:41 - [TEST_STEP][PASSED] - swipe(startX_2, endY_2, endX_2, startY_2): Swiped from 540,1,516 to 540,650

2022-06-16 14:47:42 - [MESSAGE][PASSED] - Swiped from 540,1,516 to 540,650

2022-06-16 14:47:42 - [TEST_STEP][PASSED] - verifyElementExist(findTestObject("Transfer/transferConfirmationFTransferFromTitleTxt"), 0): Element 'Object Repository/Transfer/transferConfirmationFTransferFromTitleTxt' is exist

2022-06-16 14:47:42 - [MESSAGE][WARNING] - Timeout '0' is invalid. Using default page load timeout: '40'

2022-06-16 14:47:43 - [MESSAGE][PASSED] - Element 'Object Repository/Transfer/transferConfirmationFTransferFromTitleTxt' is exist

2022-06-16 14:47:43 - [TEST_STEP][PASSED] - verifyElementExist(findTestObject("Duit Now/duitNowConfirmationNoteTitleTxt"), 0): Element 'Object Repository/Duit Now/duitNowConfirmationNoteTitleTxt' is exist

2022-06-16 14:47:43 - [MESSAGE][WARNING] - Timeout '0' is invalid. Using default page load timeout: '40'

2022-06-16 14:47:43 - [MESSAGE][PASSED] - Element 'Object Repository/Duit Now/duitNowConfirmationNoteTitleTxt' is exist

2022-06-16 14:47:43 - [TEST_STEP][PASSED] - verifyElementExist(findTestObject("Duit Now/duitNowConfirmationDeclarationTitleTxt"), 0): Element 'Object Repository/Duit Now/duitNowConfirmationDeclarationTitleTxt' is exist

2022-06-16 14:47:43 - [MESSAGE][WARNING] - Timeout '0' is invalid. Using default page load timeout: '40'

2022-06-16 14:47:43 - [MESSAGE][PASSED] - Element 'Object Repository/Duit Now/duitNowConfirmationDeclarationTitleTxt' is exist

2022-06-16 14:47:43 - [TEST_STEP][PASSED] - verifyElementExist(findTestObject("Duit Now/duitNowConfirmationTnCTitleTxt"), 0): Element 'Object Repository/Duit Now/duitNowConfirmationTnCTitleTxt' is exist

2022-06-16 14:47:43 - [MESSAGE][WARNING] - Timeout '0' is invalid. Using default page load timeout: '40'

2022-06-16 14:47:43 - [MESSAGE][PASSED] - Element 'Object Repository/Duit Now/duitNowConfirmationTnCTitleTxt' is exist

2022-06-16 14:47:43 - [TEST_STEP][PASSED] - verifyElementExist(findTestObject("Duit Now/duitNowConfirmationNoteContentTxt"), 0): Element 'Object Repository/Duit Now/duitNowConfirmationNoteContentTxt' is exist

2022-06-16 14:47:43 - [MESSAGE][WARNING] - Timeout '0' is invalid. Using default page load timeout: '40'

2022-06-16 14:47:43 - [MESSAGE][PASSED] - Element 'Object Repository/Duit Now/duitNowConfirmationNoteContentTxt' is exist

2022-06-16 14:47:43 - [TEST_STEP][PASSED] - verifyElementExist(findTestObject("Duit Now/duitNowConfirmationDeclarationContentTxt"), 0): Element 'Object Repository/Duit Now/duitNowConfirmationDeclarationContentTxt' is exist

2022-06-16 14:47:43 - [MESSAGE][WARNING] - Timeout '0' is invalid. Using default page load timeout: '40'

2022-06-16 14:47:44 - [MESSAGE][PASSED] - Element 'Object Repository/Duit Now/duitNowConfirmationDeclarationContentTxt' is exist

2022-06-16 14:47:44 - [TEST_STEP][PASSED] - verifyElementText(findTestObject("Transfer/transferConfirmationFromAccTypeTxt", ["accType":accType]), accType): Actual text and expected text of test object 'Object Repository/Transfer/transferConfirmationFromAccTypeTxt' are matched.

2022-06-16 14:47:44 - [MESSAGE][PASSED] - Actual text and expected text of test object 'Object Repository/Transfer/transferConfirmationFromAccTypeTxt' are matched.

2022-06-16 14:47:44 - [TEST_STEP][PASSED] - verifyElementText(findTestObject("Transfer/transferConfirmationFromAccNoTxt", ["accNoFrom":accNoFrom]), accNoFrom): Actual text and expected text of test object 'Object Repository/Transfer/transferConfirmationFromAccNoTxt' are matched.

2022-06-16 14:47:44 - [MESSAGE][PASSED] - Actual text and expected text of test object 'Object Repository/Transfer/transferConfirmationFromAccNoTxt' are matched.

2022-06-16 14:47:44 - [TEST_STEP][PASSED] - verifyElementExist(findTestObject("Transfer/transferConfirmationFromAccBalanceTxt"), 0): Element 'Object Repository/Transfer/transferConfirmationFromAccBalanceTxt' is exist

2022-06-16 14:47:44 - [MESSAGE][WARNING] - Timeout '0' is invalid. Using default page load timeout: '40'

2022-06-16 14:47:44 - [MESSAGE][PASSED] - Element 'Object Repository/Transfer/transferConfirmationFromAccBalanceTxt' is exist

2022-06-16 14:47:44 - [TEST_STEP][PASSED] - accountBalance = getText(findTestObject("Transfer/transferConfirmationFromAccBalanceTxt"), 0): Text of element 'Object Repository/Transfer/transferConfirmationFromAccBalanceTxt' is: 'RM 630.97'

2022-06-16 14:47:44 - [MESSAGE][WARNING] - Timeout '0' is invalid. Using default page load timeout: '40'

2022-06-16 14:47:44 - [MESSAGE][PASSED] - Text of element 'Object Repository/Transfer/transferConfirmationFromAccBalanceTxt' is: 'RM 630.97'

2022-06-16 14:47:44 - [TEST_STEP][PASSED] - println(accountBalance): null

2022-06-16 14:47:44 - [TEST_STEP][PASSED] - tap(findTestObject("Main/mainTransferNowBtn"), 0): Tapped on element 'Object Repository/Main/mainTransferNowBtn'

2022-06-16 14:47:44 - [MESSAGE][WARNING] - Timeout '0' is invalid. Using default page load timeout: '40'

2022-06-16 14:47:44 - [MESSAGE][PASSED] - Tapped on element 'Object Repository/Main/mainTransferNowBtn'

2022-06-16 14:47:44 - [TEST_STEP][PASSED] - if (value <= limit): Tapped on element 'Object Repository/Main/mainS2UApproveBtn'

2022-06-16 14:47:44 - [TEST_STEP][PASSED] - if (verifyElementVisible(findTestObject("Festive Season/festiveReturnAngpaoTACNoTxt"), 10, OPTIONAL)): Element 'Object Repository/Festive Season/festiveReturnAngpaoTACNoTxt' not found

2022-06-16 14:47:54 - [MESSAGE][WARNING] - Element 'Object Repository/Festive Season/festiveReturnAngpaoTACNoTxt' not found

2022-06-16 14:47:54 - [TEST_STEP][PASSED] - else: Tapped on element 'Object Repository/Main/mainS2UApproveBtn'

2022-06-16 14:47:54 - [TEST_STEP][PASSED] - delay(3): Delayed 3 second(s)

2022-06-16 14:47:57 - [MESSAGE][PASSED] - Delayed 3 second(s)

2022-06-16 14:47:57 - [TEST_STEP][PASSED] - takeScreenshot("/Users/a00139272/git/MAEAutomation2/Duitnow/2.png"): Screenshot is taken

2022-06-16 14:47:58 - [MESSAGE][PASSED] - Screenshot is taken
[[ATTACHMENT|/Users/a00139272/git/MAEAutomation2/Duitnow/2.png]]

2022-06-16 14:47:58 - [TEST_STEP][PASSED] - verifyElementVisible(findTestObject("Main/mainS2UApproveBtn"), 10): Element 'Object Repository/Main/mainS2UApproveBtn' is visible

2022-06-16 14:47:58 - [MESSAGE][PASSED] - Element 'Object Repository/Main/mainS2UApproveBtn' is visible

2022-06-16 14:47:58 - [TEST_STEP][PASSED] - tap(findTestObject("Main/mainS2UApproveBtn"), 0): Tapped on element 'Object Repository/Main/mainS2UApproveBtn'

2022-06-16 14:47:58 - [MESSAGE][WARNING] - Timeout '0' is invalid. Using default page load timeout: '40'

2022-06-16 14:47:58 - [MESSAGE][PASSED] - Tapped on element 'Object Repository/Main/mainS2UApproveBtn'

2022-06-16 14:47:58 - [TEST_STEP][PASSED] - delay(3): Delayed 3 second(s)

2022-06-16 14:48:01 - [MESSAGE][PASSED] - Delayed 3 second(s)

2022-06-16 14:48:01 - [TEST_STEP][PASSED] - verifyElementExist(findTestObject("Festive Season/returnAngpaoStatusMessageTxt"), 0): Element 'Object Repository/Festive Season/returnAngpaoStatusMessageTxt' is exist

2022-06-16 14:48:02 - [MESSAGE][WARNING] - Timeout '0' is invalid. Using default page load timeout: '40'

2022-06-16 14:48:08 - [MESSAGE][PASSED] - Element 'Object Repository/Festive Season/returnAngpaoStatusMessageTxt' is exist

2022-06-16 14:48:08 - [TEST_STEP][PASSED] - takeScreenshot("/Users/a00139272/git/MAEAutomation2/Duitnow/3.png"): Screenshot is taken

2022-06-16 14:48:09 - [MESSAGE][PASSED] - Screenshot is taken
[[ATTACHMENT|/Users/a00139272/git/MAEAutomation2/Duitnow/3.png]]

2022-06-16 14:48:09 - [TEST_STEP][PASSED] - message = getText(findTestObject("Festive Season/returnAngpaoStatusMessageTxt"), 10): Text of element 'Object Repository/Festive Season/returnAngpaoStatusMessageTxt' is: 'Transfer successful'

2022-06-16 14:48:09 - [MESSAGE][PASSED] - Text of element 'Object Repository/Festive Season/returnAngpaoStatusMessageTxt' is: 'Transfer successful'

2022-06-16 14:48:09 - [TEST_STEP][PASSED] - println(message): null

2022-06-16 14:48:09 - [TEST_STEP][PASSED] - takeScreenshot("/Users/a00139272/git/MAEAutomation2/Duitnow/1.png"): Screenshot is taken

2022-06-16 14:48:10 - [MESSAGE][PASSED] - Screenshot is taken
[[ATTACHMENT|/Users/a00139272/git/MAEAutomation2/Duitnow/1.png]]

2022-06-16 14:48:10 - [TEST_STEP][PASSED] - assert message == successTransactionMessage: null

2022-06-16 14:48:10 - [TEST_STEP][PASSED] - delay(5): Delayed 5 second(s)

2022-06-16 14:48:15 - [MESSAGE][PASSED] - Delayed 5 second(s)

2022-06-16 14:48:15 - [TEST_STEP][PASSED] - if (value > limit): null

2022-06-16 14:48:15 - [TEST_STEP][PASSED] - else: Element 'Object Repository/Transfer/transferSummaryShareReceiptBtn' is exist

2022-06-16 14:48:15 - [TEST_STEP][PASSED] - verifyElementExist(findTestObject("Duit Now/duitNowSummaryDateTimeTitleTxt"), 0): Element 'Object Repository/Duit Now/duitNowSummaryDateTimeTitleTxt' is exist

2022-06-16 14:48:15 - [MESSAGE][WARNING] - Timeout '0' is invalid. Using default page load timeout: '40'

2022-06-16 14:48:15 - [MESSAGE][PASSED] - Element 'Object Repository/Duit Now/duitNowSummaryDateTimeTitleTxt' is exist

2022-06-16 14:48:15 - [TEST_STEP][PASSED] - verifyElementExist(findTestObject("Duit Now/duitNowSummaryRefernceIDTitleTxt"), 0): Element 'Object Repository/Duit Now/duitNowSummaryRefernceIDTitleTxt' is exist

2022-06-16 14:48:15 - [MESSAGE][WARNING] - Timeout '0' is invalid. Using default page load timeout: '40'

2022-06-16 14:48:15 - [MESSAGE][PASSED] - Element 'Object Repository/Duit Now/duitNowSummaryRefernceIDTitleTxt' is exist

2022-06-16 14:48:15 - [TEST_STEP][PASSED] - verifyElementExist(findTestObject("Transfer/transferSummaryShareReceiptBtn"), 0): Element 'Object Repository/Transfer/transferSummaryShareReceiptBtn' is exist

2022-06-16 14:48:15 - [MESSAGE][WARNING] - Timeout '0' is invalid. Using default page load timeout: '40'

2022-06-16 14:48:15 - [MESSAGE][PASSED] - Element 'Object Repository/Transfer/transferSummaryShareReceiptBtn' is exist

2022-06-16 14:48:15 - [TEST_STEP][PASSED] - delay(5): Delayed 5 second(s)

2022-06-16 14:48:20 - [MESSAGE][PASSED] - Delayed 5 second(s)

2022-06-16 14:48:20 - [TEST_STEP][PASSED] - referenceID = getText(findTestObject("Send Request Money/requestMoneyPaySummaryRefIDTxt"), 0): Text of element 'Object Repository/Send Request Money/requestMoneyPaySummaryRefIDTxt' is: '183478155M'

2022-06-16 14:48:20 - [MESSAGE][WARNING] - Timeout '0' is invalid. Using default page load timeout: '40'

2022-06-16 14:48:20 - [MESSAGE][PASSED] - Text of element 'Object Repository/Send Request Money/requestMoneyPaySummaryRefIDTxt' is: '183478155M'

2022-06-16 14:48:20 - [TEST_STEP][PASSED] - println(referenceID): null

2022-06-16 14:48:20 - [TEST_STEP][PASSED] - test = dataFolder: null

2022-06-16 14:48:20 - [TEST_STEP][PASSED] - sheetName = "Sheet1": null

2022-06-16 14:48:20 - [TEST_STEP][PASSED] - file1 = new java.io.File(test): null

2022-06-16 14:48:20 - [TEST_STEP][PASSED] - assert file1.exists() == true: null

2022-06-16 14:48:20 - [TEST_STEP][PASSED] - woorkbook1 = getWorkbook(test): null

2022-06-16 14:48:20 - [TEST_STEP][PASSED] - sheet1 = getExcelSheet(woorkbook1, sheetName): null

2022-06-16 14:48:20 - [TEST_STEP][PASSED] - setValueToCellByIndex(sheet1, 4, 1, referenceID): null

2022-06-16 14:48:20 - [TEST_STEP][PASSED] - saveWorkbook(test, woorkbook1): null

2022-06-16 14:48:20 - [TEST_STEP][PASSED] - delay(3): Delayed 3 second(s)

2022-06-16 14:48:23 - [MESSAGE][PASSED] - Delayed 3 second(s)

2022-06-16 14:48:23 - [TEST_STEP][PASSED] - takeScreenshot("/Users/a00139272/Desktop/Screenshot/duitNowMobile.png"): Screenshot is taken

2022-06-16 14:48:24 - [MESSAGE][PASSED] - Screenshot is taken
[[ATTACHMENT|/Users/a00139272/Desktop/Screenshot/duitNowMobile.png]]

2022-06-16 14:48:24 - [TEST_STEP][PASSED] - verifyElementVisible(findTestObject("Main/mainDoneBtn"), 0): Element 'Object Repository/Main/mainDoneBtn' is visible

2022-06-16 14:48:24 - [MESSAGE][WARNING] - Timeout '0' is invalid. Using default page load timeout: '40'

2022-06-16 14:48:24 - [MESSAGE][PASSED] - Element 'Object Repository/Main/mainDoneBtn' is visible

2022-06-16 14:48:24 - [TEST_STEP][PASSED] - tap(findTestObject("Main/mainDoneBtn"), 0): Tapped on element 'Object Repository/Main/mainDoneBtn'

2022-06-16 14:48:24 - [MESSAGE][WARNING] - Timeout '0' is invalid. Using default page load timeout: '40'

2022-06-16 14:48:24 - [MESSAGE][PASSED] - Tapped on element 'Object Repository/Main/mainDoneBtn']]></system-out>
         <system-err><![CDATA[]]></system-err>
      </testcase>
      <testcase name="Test Cases/DuitNow/duitNow_businessRegNumberTransaction" time="633.042" classname="Test Cases/DuitNow/duitNow_businessRegNumberTransaction" status="FAILED">
         <failure type="FAILED" message="Test Cases/DuitNow/duitNow_businessRegNumberTransaction FAILED.
Reason:
com.kms.katalon.core.exception.StepFailedException: Element 'Object Repository/Banking/m2uAccountTypeSelection' not found
	at com.kms.katalon.core.keyword.internal.KeywordMain.stepFailed(KeywordMain.groovy:39)
	at com.kms.katalon.core.mobile.keyword.internal.MobileKeywordMain.stepFailed(MobileKeywordMain.groovy:40)
	at com.kms.katalon.core.mobile.keyword.builtin.VerifyElementVisibleKeyword$_verifyElementVisible_closure1.doCall(VerifyElementVisibleKeyword.groovy:82)
	at com.kms.katalon.core.mobile.keyword.builtin.VerifyElementVisibleKeyword$_verifyElementVisible_closure1.call(VerifyElementVisibleKeyword.groovy)
	at com.kms.katalon.core.mobile.keyword.internal.MobileKeywordMain.runKeyword(MobileKeywordMain.groovy:21)
	at com.kms.katalon.core.mobile.keyword.builtin.VerifyElementVisibleKeyword.verifyElementVisible(VerifyElementVisibleKeyword.groovy:85)
	at com.kms.katalon.core.mobile.keyword.builtin.VerifyElementVisibleKeyword.execute(VerifyElementVisibleKeyword.groovy:64)
	at com.kms.katalon.core.keyword.internal.KeywordExecutor.executeKeywordForPlatform(KeywordExecutor.groovy:74)
	at com.kms.katalon.core.mobile.keyword.MobileBuiltInKeywords.verifyElementVisible(MobileBuiltInKeywords.groovy:2031)
	at com.kms.katalon.core.mobile.keyword.MobileBuiltInKeywords$verifyElementVisible$5.call(Unknown Source)
	at duitNow_businessRegNumberTransaction.run(duitNow_businessRegNumberTransaction:58)
	at com.kms.katalon.core.main.ScriptEngine.run(ScriptEngine.java:194)
	at com.kms.katalon.core.main.ScriptEngine.runScriptAsRawText(ScriptEngine.java:119)
	at com.kms.katalon.core.main.TestCaseExecutor.runScript(TestCaseExecutor.java:445)
	at com.kms.katalon.core.main.TestCaseExecutor.doExecute(TestCaseExecutor.java:436)
	at com.kms.katalon.core.main.TestCaseExecutor.processExecutionPhase(TestCaseExecutor.java:415)
	at com.kms.katalon.core.main.TestCaseExecutor.accessMainPhase(TestCaseExecutor.java:407)
	at com.kms.katalon.core.main.TestCaseExecutor.execute(TestCaseExecutor.java:284)
	at com.kms.katalon.core.common.CommonExecutor.accessTestCaseMainPhase(CommonExecutor.java:65)
	at com.kms.katalon.core.main.TestSuiteExecutor.accessTestSuiteMainPhase(TestSuiteExecutor.java:144)
	at com.kms.katalon.core.main.TestSuiteExecutor.execute(TestSuiteExecutor.java:106)
	at com.kms.katalon.core.main.TestCaseMain.startTestSuite(TestCaseMain.java:185)
	at com.kms.katalon.core.main.TestCaseMain$startTestSuite$0.call(Unknown Source)
	at TempTestSuite1655360254384.run(TempTestSuite1655360254384.groovy:36)
"/>
         <system-out><![CDATA[2022-06-16 14:48:24 - [TEST_CASE][FAILED] - Test Cases/DuitNow/duitNow_businessRegNumberTransaction: Test Cases/DuitNow/duitNow_businessRegNumberTransaction FAILED.
Reason:
com.kms.katalon.core.exception.StepFailedException: Element 'Object Repository/Banking/m2uAccountTypeSelection' not found
	at com.kms.katalon.core.keyword.internal.KeywordMain.stepFailed(KeywordMain.groovy:39)
	at com.kms.katalon.core.mobile.keyword.internal.MobileKeywordMain.stepFailed(MobileKeywordMain.groovy:40)
	at com.kms.katalon.core.mobile.keyword.builtin.VerifyElementVisibleKeyword$_verifyElementVisible_closure1.doCall(VerifyElementVisibleKeyword.groovy:82)
	at com.kms.katalon.core.mobile.keyword.builtin.VerifyElementVisibleKeyword$_verifyElementVisible_closure1.call(VerifyElementVisibleKeyword.groovy)
	at com.kms.katalon.core.mobile.keyword.internal.MobileKeywordMain.runKeyword(MobileKeywordMain.groovy:21)
	at com.kms.katalon.core.mobile.keyword.builtin.VerifyElementVisibleKeyword.verifyElementVisible(VerifyElementVisibleKeyword.groovy:85)
	at com.kms.katalon.core.mobile.keyword.builtin.VerifyElementVisibleKeyword.execute(VerifyElementVisibleKeyword.groovy:64)
	at com.kms.katalon.core.keyword.internal.KeywordExecutor.executeKeywordForPlatform(KeywordExecutor.groovy:74)
	at com.kms.katalon.core.mobile.keyword.MobileBuiltInKeywords.verifyElementVisible(MobileBuiltInKeywords.groovy:2031)
	at com.kms.katalon.core.mobile.keyword.MobileBuiltInKeywords$verifyElementVisible$5.call(Unknown Source)
	at duitNow_businessRegNumberTransaction.run(duitNow_businessRegNumberTransaction:58)
	at com.kms.katalon.core.main.ScriptEngine.run(ScriptEngine.java:194)
	at com.kms.katalon.core.main.ScriptEngine.runScriptAsRawText(ScriptEngine.java:119)
	at com.kms.katalon.core.main.TestCaseExecutor.runScript(TestCaseExecutor.java:445)
	at com.kms.katalon.core.main.TestCaseExecutor.doExecute(TestCaseExecutor.java:436)
	at com.kms.katalon.core.main.TestCaseExecutor.processExecutionPhase(TestCaseExecutor.java:415)
	at com.kms.katalon.core.main.TestCaseExecutor.accessMainPhase(TestCaseExecutor.java:407)
	at com.kms.katalon.core.main.TestCaseExecutor.execute(TestCaseExecutor.java:284)
	at com.kms.katalon.core.common.CommonExecutor.accessTestCaseMainPhase(CommonExecutor.java:65)
	at com.kms.katalon.core.main.TestSuiteExecutor.accessTestSuiteMainPhase(TestSuiteExecutor.java:144)
	at com.kms.katalon.core.main.TestSuiteExecutor.execute(TestSuiteExecutor.java:106)
	at com.kms.katalon.core.main.TestCaseMain.startTestSuite(TestCaseMain.java:185)
	at com.kms.katalon.core.main.TestCaseMain$startTestSuite$0.call(Unknown Source)
	at TempTestSuite1655360254384.run(TempTestSuite1655360254384.groovy:36)


2022-06-16 14:48:25 - [TEST_STEP][PASSED] - setMobileDriverPreferencesProperty("appPackage", "com.maybank2u.life.uat"): null

2022-06-16 14:48:25 - [TEST_STEP][PASSED] - setMobileDriverPreferencesProperty("appActivity", "com.maybank2u.life.MainActivity"): null

2022-06-16 14:48:25 - [TEST_STEP][PASSED] - if (isApplicationOpened == false): Started app at: '/Users/a00139272/Katalon Studio/MAE/androidapp/app-dev-universal-release (1).apk'

2022-06-16 14:48:25 - [TEST_STEP][PASSED] - startApplication(appPath, false): Started app at: '/Users/a00139272/Katalon Studio/MAE/androidapp/app-dev-universal-release (1).apk'

2022-06-16 14:48:25 - [MESSAGE][INFO] - User set preference: ['appWaitActivity', '*']

2022-06-16 14:48:25 - [MESSAGE][INFO] - User set preference: ['deviceId', '002b9cc60508']

2022-06-16 14:48:25 - [MESSAGE][INFO] - User set preference: ['appPackage', 'com.maybank2u.life.uat']

2022-06-16 14:48:25 - [MESSAGE][INFO] - User set preference: ['appActivity', 'com.maybank2u.life.MainActivity']

2022-06-16 14:48:36 - [MESSAGE][PASSED] - Started app at: '/Users/a00139272/Katalon Studio/MAE/androidapp/app-dev-universal-release (1).apk'

2022-06-16 14:48:36 - [TEST_STEP][PASSED] - delay(5): Delayed 5 second(s)

2022-06-16 14:48:41 - [MESSAGE][PASSED] - Delayed 5 second(s)

2022-06-16 14:48:41 - [TEST_STEP][PASSED] - device_Height = getDeviceHeight(): Current device physical height is 2167

2022-06-16 14:48:41 - [MESSAGE][PASSED] - Current device physical height is 2167

2022-06-16 14:48:41 - [TEST_STEP][PASSED] - device_Width = getDeviceWidth(): Current device physical width is 1080

2022-06-16 14:48:41 - [MESSAGE][PASSED] - Current device physical width is 1080

2022-06-16 14:48:41 - [TEST_STEP][PASSED] - startX = device_Width / 3: null

2022-06-16 14:48:41 - [TEST_STEP][PASSED] - startY = device_Height * 0.97: null

2022-06-16 14:48:41 - [TEST_STEP][PASSED] - tapAtPosition(startX, startY): Tapped at [360, 2,101]

2022-06-16 14:48:45 - [MESSAGE][PASSED] - Tapped at [360, 2,101]

2022-06-16 14:48:45 - [TEST_STEP][PASSED] - if (verifyElementVisible(findTestObject("Main/mainEnterPINMessage"), 0, OPTIONAL)): Element 'Object Repository/Main/mainEnterPINMessage' not found

2022-06-16 14:48:45 - [MESSAGE][WARNING] - Timeout '0' is invalid. Using default page load timeout: '40'

2022-06-16 14:49:25 - [MESSAGE][WARNING] - Element 'Object Repository/Main/mainEnterPINMessage' not found

2022-06-16 14:49:25 - [TEST_STEP][FAILED] - verifyElementVisible(findTestObject("Banking/m2uAccountTypeSelection", ["text":"MAE"]), 10): Element 'Object Repository/Banking/m2uAccountTypeSelection' not found

2022-06-16 14:49:35 - [MESSAGE][FAILED] - Element 'Object Repository/Banking/m2uAccountTypeSelection' not found

2022-06-16 14:49:35 - [TEST_STEP][PASSED] - tap(findTestObject("Banking/m2uAccountTypeSelection", ["text":"MAE"]), 10): Tapped on element 'Object Repository/Banking/m2uAccountTypeSelection'

2022-06-16 14:49:42 - [MESSAGE][PASSED] - Tapped on element 'Object Repository/Banking/m2uAccountTypeSelection'

2022-06-16 14:49:42 - [TEST_STEP][PASSED] - delay(3): Delayed 3 second(s)

2022-06-16 14:49:45 - [MESSAGE][PASSED] - Delayed 3 second(s)

2022-06-16 14:49:45 - [TEST_STEP][PASSED] - verifyElementVisible(findTestObject("Banking/m2uAccountTransferIconSelect"), 10): Element 'Object Repository/Banking/m2uAccountTransferIconSelect' is visible

2022-06-16 14:49:45 - [MESSAGE][PASSED] - Element 'Object Repository/Banking/m2uAccountTransferIconSelect' is visible

2022-06-16 14:49:45 - [TEST_STEP][PASSED] - tap(findTestObject("Banking/m2uAccountTransferIconSelect"), 0): Tapped on element 'Object Repository/Banking/m2uAccountTransferIconSelect'

2022-06-16 14:49:46 - [MESSAGE][WARNING] - Timeout '0' is invalid. Using default page load timeout: '40'

2022-06-16 14:49:46 - [MESSAGE][PASSED] - Tapped on element 'Object Repository/Banking/m2uAccountTransferIconSelect'

2022-06-16 14:49:46 - [TEST_STEP][PASSED] - if (verifyElementVisible(findTestObject("Tabung/tabungEnterPasswordTxt"), 0, OPTIONAL)): null

2022-06-16 14:49:46 - [MESSAGE][WARNING] - Timeout '0' is invalid. Using default page load timeout: '40'

2022-06-16 14:50:36 - [MESSAGE][PASSED] - Element 'Object Repository/Tabung/tabungEnterPasswordTxt' is visible

2022-06-16 14:50:36 - [TEST_STEP][PASSED] - setText(findTestObject("Tabung/tabungSignInInputPasswordField"), Password, 0): Text 'pass1234' has been set to element 'Object Repository/Tabung/tabungSignInInputPasswordField'

2022-06-16 14:50:36 - [MESSAGE][WARNING] - Timeout '0' is invalid. Using default page load timeout: '40'

2022-06-16 14:52:27 - [MESSAGE][PASSED] - Text 'pass1234' has been set to element 'Object Repository/Tabung/tabungSignInInputPasswordField'

2022-06-16 14:52:27 - [TEST_STEP][PASSED] - hideKeyboard(): Keyboard is hidden

2022-06-16 14:52:31 - [MESSAGE][PASSED] - Keyboard is hidden

2022-06-16 14:52:31 - [TEST_STEP][PASSED] - tap(findTestObject("Tabung/tabungSignInContinueBtn"), 0): Tapped on element 'Object Repository/Tabung/tabungSignInContinueBtn'

2022-06-16 14:52:31 - [MESSAGE][WARNING] - Timeout '0' is invalid. Using default page load timeout: '40'

2022-06-16 14:53:32 - [MESSAGE][PASSED] - Tapped on element 'Object Repository/Tabung/tabungSignInContinueBtn'

2022-06-16 14:53:32 - [TEST_STEP][PASSED] - verifyElementVisible(findTestObject("Banking/transferDuitNowTopMenuSelect"), 5): Element 'Object Repository/Banking/transferDuitNowTopMenuSelect' is visible

2022-06-16 14:54:22 - [MESSAGE][PASSED] - Element 'Object Repository/Banking/transferDuitNowTopMenuSelect' is visible

2022-06-16 14:54:22 - [TEST_STEP][PASSED] - tap(findTestObject("Banking/transferDuitNowTopMenuSelect"), 0): Tapped on element 'Object Repository/Banking/transferDuitNowTopMenuSelect'

2022-06-16 14:54:22 - [MESSAGE][WARNING] - Timeout '0' is invalid. Using default page load timeout: '40'

2022-06-16 14:55:23 - [MESSAGE][PASSED] - Tapped on element 'Object Repository/Banking/transferDuitNowTopMenuSelect'

2022-06-16 14:55:23 - [TEST_STEP][PASSED] - delay(3): Delayed 3 second(s)

2022-06-16 14:55:26 - [MESSAGE][PASSED] - Delayed 3 second(s)

2022-06-16 14:55:26 - [TEST_STEP][PASSED] - tap(findTestObject("Banking/duitNowOtherIconSelect"), 0): Tapped on element 'Object Repository/Banking/duitNowOtherIconSelect'

2022-06-16 14:55:26 - [MESSAGE][WARNING] - Timeout '0' is invalid. Using default page load timeout: '40'

2022-06-16 14:56:28 - [MESSAGE][PASSED] - Tapped on element 'Object Repository/Banking/duitNowOtherIconSelect'

2022-06-16 14:56:28 - [TEST_STEP][PASSED] - delay(5): Delayed 5 second(s)

2022-06-16 14:56:33 - [MESSAGE][PASSED] - Delayed 5 second(s)

2022-06-16 14:56:33 - [TEST_STEP][PASSED] - verifyElementExist(findTestObject("Banking/duitNowIDTypeDropdownSelect"), 0): Element 'Object Repository/Banking/duitNowIDTypeDropdownSelect' is exist

2022-06-16 14:56:33 - [MESSAGE][WARNING] - Timeout '0' is invalid. Using default page load timeout: '40'

2022-06-16 14:56:34 - [MESSAGE][PASSED] - Element 'Object Repository/Banking/duitNowIDTypeDropdownSelect' is exist

2022-06-16 14:56:34 - [TEST_STEP][PASSED] - tap(findTestObject("Banking/duitNowIDTypeDropdownSelect"), 0): Tapped on element 'Object Repository/Banking/duitNowIDTypeDropdownSelect'

2022-06-16 14:56:34 - [MESSAGE][WARNING] - Timeout '0' is invalid. Using default page load timeout: '40'

2022-06-16 14:56:34 - [MESSAGE][PASSED] - Tapped on element 'Object Repository/Banking/duitNowIDTypeDropdownSelect'

2022-06-16 14:56:34 - [TEST_STEP][PASSED] - if (proxyType): Scrolling to text 'Business Registration Number' successfully

2022-06-16 14:56:34 - [TEST_STEP][PASSED] - delay(3): Delayed 3 second(s)

2022-06-16 14:56:37 - [MESSAGE][PASSED] - Delayed 3 second(s)

2022-06-16 14:56:37 - [TEST_STEP][PASSED] - scrollToText(proxyType): Scrolling to text 'Business Registration Number' successfully

2022-06-16 14:56:40 - [MESSAGE][PASSED] - Scrolling to text 'Business Registration Number' successfully

2022-06-16 14:56:40 - [TEST_STEP][PASSED] - verifyElementExist(findTestObject("Banking/duitNowBusinessRegIDTypeDropdown", ["proxy":proxyType]), 0): Element 'Object Repository/Banking/duitNowBusinessRegIDTypeDropdown' is exist

2022-06-16 14:56:40 - [MESSAGE][WARNING] - Timeout '0' is invalid. Using default page load timeout: '40'

2022-06-16 14:56:40 - [MESSAGE][PASSED] - Element 'Object Repository/Banking/duitNowBusinessRegIDTypeDropdown' is exist

2022-06-16 14:56:40 - [TEST_STEP][PASSED] - tap(findTestObject("Banking/duitNowBusinessRegIDTypeDropdown", ["proxy":proxyType]), 0): Tapped on element 'Object Repository/Banking/duitNowBusinessRegIDTypeDropdown'

2022-06-16 14:56:40 - [MESSAGE][WARNING] - Timeout '0' is invalid. Using default page load timeout: '40'

2022-06-16 14:56:41 - [MESSAGE][PASSED] - Tapped on element 'Object Repository/Banking/duitNowBusinessRegIDTypeDropdown'

2022-06-16 14:56:41 - [TEST_STEP][PASSED] - tap(findTestObject("Main/mainCalenderPickerDoneBtn"), 0): Tapped on element 'Object Repository/Main/mainCalenderPickerDoneBtn'

2022-06-16 14:56:41 - [MESSAGE][WARNING] - Timeout '0' is invalid. Using default page load timeout: '40'

2022-06-16 14:56:41 - [MESSAGE][PASSED] - Tapped on element 'Object Repository/Main/mainCalenderPickerDoneBtn'

2022-06-16 14:56:41 - [TEST_STEP][PASSED] - delay(3): Delayed 3 second(s)

2022-06-16 14:56:44 - [MESSAGE][PASSED] - Delayed 3 second(s)

2022-06-16 14:56:44 - [TEST_STEP][PASSED] - verifyElementExist(findTestObject("Banking/duitNowBusinessRegNoInputField", ["proxyPlaceholder":proxyPlaceholder]), 0): Element 'Object Repository/Banking/duitNowBusinessRegNoInputField' is exist

2022-06-16 14:56:44 - [MESSAGE][WARNING] - Timeout '0' is invalid. Using default page load timeout: '40'

2022-06-16 14:56:44 - [MESSAGE][PASSED] - Element 'Object Repository/Banking/duitNowBusinessRegNoInputField' is exist

2022-06-16 14:56:44 - [TEST_STEP][PASSED] - setText(findTestObject("Banking/duitNowBusinessRegNoInputField", ["proxyPlaceholder":proxyPlaceholder]), proxyNumber, 0): Text 'aa9876543a' has been set to element 'Object Repository/Banking/duitNowBusinessRegNoInputField'

2022-06-16 14:56:44 - [MESSAGE][WARNING] - Timeout '0' is invalid. Using default page load timeout: '40'

2022-06-16 14:56:45 - [MESSAGE][PASSED] - Text 'aa9876543a' has been set to element 'Object Repository/Banking/duitNowBusinessRegNoInputField'

2022-06-16 14:56:45 - [TEST_STEP][PASSED] - hideKeyboard(): Keyboard is hidden

2022-06-16 14:56:47 - [MESSAGE][PASSED] - Keyboard is hidden

2022-06-16 14:56:47 - [TEST_STEP][PASSED] - if (proxy == "Passport Number"): null

2022-06-16 14:56:47 - [TEST_STEP][PASSED] - tap(findTestObject("Login Onboarding/loginExistingContinueBtn"), 0): Tapped on element 'Object Repository/Login Onboarding/loginExistingContinueBtn'

2022-06-16 14:56:47 - [MESSAGE][WARNING] - Timeout '0' is invalid. Using default page load timeout: '40'

2022-06-16 14:56:47 - [MESSAGE][PASSED] - Tapped on element 'Object Repository/Login Onboarding/loginExistingContinueBtn'

2022-06-16 14:56:47 - [TEST_STEP][PASSED] - delay(3): Delayed 3 second(s)

2022-06-16 14:56:50 - [MESSAGE][PASSED] - Delayed 3 second(s)

2022-06-16 14:56:50 - [TEST_STEP][PASSED] - verifyElementText(findTestObject("Duit Now/duitNowAmountProxyNumberTxt", ["proxyNumber":proxyNumber]), proxyNumber): Actual text and expected text of test object 'Object Repository/Duit Now/duitNowAmountProxyNumberTxt' are matched.

2022-06-16 14:56:51 - [MESSAGE][PASSED] - Actual text and expected text of test object 'Object Repository/Duit Now/duitNowAmountProxyNumberTxt' are matched.

2022-06-16 14:56:51 - [TEST_STEP][PASSED] - verifyElementText(findTestObject("Duit Now/duitNowAmountReceipientNameTxt", ["recName":recName]), recName): Actual text and expected text of test object 'Object Repository/Duit Now/duitNowAmountReceipientNameTxt' are matched.

2022-06-16 14:56:51 - [MESSAGE][PASSED] - Actual text and expected text of test object 'Object Repository/Duit Now/duitNowAmountReceipientNameTxt' are matched.

2022-06-16 14:56:51 - [TEST_STEP][PASSED] - verifyElementText(findTestObject("Duit Now/duitNowAmountProxyTypeTxt", ["proxyType":proxyType]), proxyType): Actual text and expected text of test object 'Object Repository/Duit Now/duitNowAmountProxyTypeTxt' are matched.

2022-06-16 14:56:51 - [MESSAGE][PASSED] - Actual text and expected text of test object 'Object Repository/Duit Now/duitNowAmountProxyTypeTxt' are matched.

2022-06-16 14:56:51 - [TEST_STEP][PASSED] - verifyElementExist(findTestObject("Duit Now/duitNowAmountCurrencyTypeTxt"), 0): Element 'Object Repository/Duit Now/duitNowAmountCurrencyTypeTxt' is exist

2022-06-16 14:56:51 - [MESSAGE][WARNING] - Timeout '0' is invalid. Using default page load timeout: '40'

2022-06-16 14:56:51 - [MESSAGE][PASSED] - Element 'Object Repository/Duit Now/duitNowAmountCurrencyTypeTxt' is exist

2022-06-16 14:56:51 - [TEST_STEP][PASSED] - verifyElementExist(findTestObject("Duit Now/duitNowAmountEnterAmountTitleTxt"), 0): Element 'Object Repository/Duit Now/duitNowAmountEnterAmountTitleTxt' is exist

2022-06-16 14:56:51 - [MESSAGE][WARNING] - Timeout '0' is invalid. Using default page load timeout: '40'

2022-06-16 14:56:52 - [MESSAGE][PASSED] - Element 'Object Repository/Duit Now/duitNowAmountEnterAmountTitleTxt' is exist

2022-06-16 14:56:52 - [TEST_STEP][PASSED] - verifyElementExist(findTestObject("Duit Now/duitNowAmountInitialValueTxt"), 0): Element 'Object Repository/Duit Now/duitNowAmountInitialValueTxt' is exist

2022-06-16 14:56:52 - [MESSAGE][WARNING] - Timeout '0' is invalid. Using default page load timeout: '40'

2022-06-16 14:56:52 - [MESSAGE][PASSED] - Element 'Object Repository/Duit Now/duitNowAmountInitialValueTxt' is exist

2022-06-16 14:56:52 - [TEST_STEP][PASSED] - tap(findTestObject("Login Onboarding/PIN4"), 0): Tapped on element 'Object Repository/Login Onboarding/PIN4'

2022-06-16 14:56:52 - [MESSAGE][WARNING] - Timeout '0' is invalid. Using default page load timeout: '40'

2022-06-16 14:56:52 - [MESSAGE][PASSED] - Tapped on element 'Object Repository/Login Onboarding/PIN4'

2022-06-16 14:56:52 - [TEST_STEP][PASSED] - delay(5): Delayed 5 second(s)

2022-06-16 14:56:57 - [MESSAGE][PASSED] - Delayed 5 second(s)

2022-06-16 14:56:57 - [TEST_STEP][PASSED] - verifyElementText(findTestObject("Duit Now/duitNowAmountValueTxt", ["value":"0.04"]), "0.04"): Actual text and expected text of test object 'Object Repository/Duit Now/duitNowAmountValueTxt' are matched.

2022-06-16 14:56:57 - [MESSAGE][PASSED] - Actual text and expected text of test object 'Object Repository/Duit Now/duitNowAmountValueTxt' are matched.

2022-06-16 14:56:57 - [TEST_STEP][PASSED] - verifyElementVisible(findTestObject("Login Onboarding/loginPinTickBtn"), 5): Element 'Object Repository/Login Onboarding/loginPinTickBtn' is visible

2022-06-16 14:56:58 - [MESSAGE][PASSED] - Element 'Object Repository/Login Onboarding/loginPinTickBtn' is visible

2022-06-16 14:56:58 - [TEST_STEP][PASSED] - tap(findTestObject("Login Onboarding/loginPinTickBtn"), 0): Tapped on element 'Object Repository/Login Onboarding/loginPinTickBtn'

2022-06-16 14:56:58 - [MESSAGE][WARNING] - Timeout '0' is invalid. Using default page load timeout: '40'

2022-06-16 14:56:58 - [MESSAGE][PASSED] - Tapped on element 'Object Repository/Login Onboarding/loginPinTickBtn'

2022-06-16 14:56:58 - [TEST_STEP][PASSED] - delay(3): Delayed 3 second(s)

2022-06-16 14:57:01 - [MESSAGE][PASSED] - Delayed 3 second(s)

2022-06-16 14:57:01 - [TEST_STEP][PASSED] - verifyElementText(findTestObject("Duit Now/duitNowReferenceProxyNumberTxt", ["proxyNumber":proxyNumber]), proxyNumber): Actual text and expected text of test object 'Object Repository/Duit Now/duitNowReferenceProxyNumberTxt' are matched.

2022-06-16 14:57:01 - [MESSAGE][PASSED] - Actual text and expected text of test object 'Object Repository/Duit Now/duitNowReferenceProxyNumberTxt' are matched.

2022-06-16 14:57:01 - [TEST_STEP][PASSED] - verifyElementText(findTestObject("Duit Now/duitNowReferenceProxyTypeTxt", ["proxyType":proxyType]), proxyType): Actual text and expected text of test object 'Object Repository/Duit Now/duitNowReferenceProxyTypeTxt' are matched.

2022-06-16 14:57:02 - [MESSAGE][PASSED] - Actual text and expected text of test object 'Object Repository/Duit Now/duitNowReferenceProxyTypeTxt' are matched.

2022-06-16 14:57:02 - [TEST_STEP][PASSED] - verifyElementText(findTestObject("Duit Now/duitNowReferenceReceipientNameTxt", ["recName":recName]), recName): Actual text and expected text of test object 'Object Repository/Duit Now/duitNowReferenceReceipientNameTxt' are matched.

2022-06-16 14:57:02 - [MESSAGE][PASSED] - Actual text and expected text of test object 'Object Repository/Duit Now/duitNowReferenceReceipientNameTxt' are matched.

2022-06-16 14:57:02 - [TEST_STEP][PASSED] - verifyElementExist(findTestObject("Duit Now/duitNowReferenceEnterTitleTxt"), 0): Element 'Object Repository/Duit Now/duitNowReferenceEnterTitleTxt' is exist

2022-06-16 14:57:02 - [MESSAGE][WARNING] - Timeout '0' is invalid. Using default page load timeout: '40'

2022-06-16 14:57:02 - [MESSAGE][PASSED] - Element 'Object Repository/Duit Now/duitNowReferenceEnterTitleTxt' is exist

2022-06-16 14:57:02 - [TEST_STEP][PASSED] - setText(findTestObject("Banking/duitNowReferenceInputField"), reference, 0): Text 'DuitNowBRegTransfer' has been set to element 'Object Repository/Banking/duitNowReferenceInputField'

2022-06-16 14:57:02 - [MESSAGE][WARNING] - Timeout '0' is invalid. Using default page load timeout: '40'

2022-06-16 14:57:03 - [MESSAGE][PASSED] - Text 'DuitNowBRegTransfer' has been set to element 'Object Repository/Banking/duitNowReferenceInputField'

2022-06-16 14:57:03 - [TEST_STEP][PASSED] - hideKeyboard(): Keyboard is hidden

2022-06-16 14:57:04 - [MESSAGE][PASSED] - Keyboard is hidden

2022-06-16 14:57:04 - [TEST_STEP][PASSED] - verifyElementText(findTestObject("Duit Now/duitNowReferenceContentTxt", ["reference":reference]), reference): Actual text and expected text of test object 'Object Repository/Duit Now/duitNowReferenceContentTxt' are matched.

2022-06-16 14:57:04 - [MESSAGE][PASSED] - Actual text and expected text of test object 'Object Repository/Duit Now/duitNowReferenceContentTxt' are matched.

2022-06-16 14:57:04 - [TEST_STEP][PASSED] - tap(findTestObject("Login Onboarding/loginExistingContinueBtn"), 0): Tapped on element 'Object Repository/Login Onboarding/loginExistingContinueBtn'

2022-06-16 14:57:05 - [MESSAGE][WARNING] - Timeout '0' is invalid. Using default page load timeout: '40'

2022-06-16 14:57:05 - [MESSAGE][PASSED] - Tapped on element 'Object Repository/Login Onboarding/loginExistingContinueBtn'

2022-06-16 14:57:05 - [TEST_STEP][PASSED] - verifyElementText(findTestObject("Duit Now/duitNowConfirmationReceipientNameTxt", ["recName":recName]), recName): Actual text and expected text of test object 'Object Repository/Duit Now/duitNowConfirmationReceipientNameTxt' are matched.

2022-06-16 14:57:05 - [MESSAGE][PASSED] - Actual text and expected text of test object 'Object Repository/Duit Now/duitNowConfirmationReceipientNameTxt' are matched.

2022-06-16 14:57:05 - [TEST_STEP][PASSED] - verifyElementText(findTestObject("Duit Now/duitNowConfirmationReceipientProxyNumTxt", ["proxyNumber":proxyNumber]), proxyNumber): Actual text and expected text of test object 'Object Repository/Duit Now/duitNowConfirmationReceipientProxyNumTxt' are matched.

2022-06-16 14:57:05 - [MESSAGE][PASSED] - Actual text and expected text of test object 'Object Repository/Duit Now/duitNowConfirmationReceipientProxyNumTxt' are matched.

2022-06-16 14:57:05 - [TEST_STEP][FAILED] - verifyElementText(findTestObject("Duit Now/duitNowConfirmationAmountTxt", ["amount":"0.04"]), "RM 0.04"): Element 'Object Repository/Duit Now/duitNowConfirmationAmountTxt' not found

2022-06-16 14:57:45 - [MESSAGE][FAILED] - Element 'Object Repository/Duit Now/duitNowConfirmationAmountTxt' not found

2022-06-16 14:57:45 - [TEST_STEP][PASSED] - verifyElementExist(findTestObject("Duit Now/duitNowConfirmationDateTitleTxt"), 0): Element 'Object Repository/Duit Now/duitNowConfirmationDateTitleTxt' is exist

2022-06-16 14:57:45 - [MESSAGE][WARNING] - Timeout '0' is invalid. Using default page load timeout: '40'

2022-06-16 14:57:45 - [MESSAGE][PASSED] - Element 'Object Repository/Duit Now/duitNowConfirmationDateTitleTxt' is exist

2022-06-16 14:57:45 - [TEST_STEP][PASSED] - verifyElementExist(findTestObject("Duit Now/duitNowConfirmationIDTypeTitleTxt"), 0): Element 'Object Repository/Duit Now/duitNowConfirmationIDTypeTitleTxt' is exist

2022-06-16 14:57:45 - [MESSAGE][WARNING] - Timeout '0' is invalid. Using default page load timeout: '40'

2022-06-16 14:57:45 - [MESSAGE][PASSED] - Element 'Object Repository/Duit Now/duitNowConfirmationIDTypeTitleTxt' is exist

2022-06-16 14:57:45 - [TEST_STEP][PASSED] - verifyElementExist(findTestObject("Duit Now/duitNowConfirmationTransferTypeTitleTxt"), 0): Element 'Object Repository/Duit Now/duitNowConfirmationTransferTypeTitleTxt' is exist

2022-06-16 14:57:45 - [MESSAGE][WARNING] - Timeout '0' is invalid. Using default page load timeout: '40'

2022-06-16 14:57:46 - [MESSAGE][PASSED] - Element 'Object Repository/Duit Now/duitNowConfirmationTransferTypeTitleTxt' is exist

2022-06-16 14:57:46 - [TEST_STEP][PASSED] - verifyElementExist(findTestObject("Duit Now/duitNowConfirmationPaymentDetailsTitleTxt"), 0): Element 'Object Repository/Duit Now/duitNowConfirmationPaymentDetailsTitleTxt' is exist

2022-06-16 14:57:46 - [MESSAGE][WARNING] - Timeout '0' is invalid. Using default page load timeout: '40'

2022-06-16 14:57:46 - [MESSAGE][PASSED] - Element 'Object Repository/Duit Now/duitNowConfirmationPaymentDetailsTitleTxt' is exist

2022-06-16 14:57:46 - [TEST_STEP][PASSED] - verifyElementExist(findTestObject("Duit Now/duitNowConfirmationReferenceTitleTxt"), 0): Element 'Object Repository/Duit Now/duitNowConfirmationReferenceTitleTxt' is exist

2022-06-16 14:57:46 - [MESSAGE][WARNING] - Timeout '0' is invalid. Using default page load timeout: '40'

2022-06-16 14:57:46 - [MESSAGE][PASSED] - Element 'Object Repository/Duit Now/duitNowConfirmationReferenceTitleTxt' is exist

2022-06-16 14:57:46 - [TEST_STEP][PASSED] - verifyElementExist(findTestObject("Duit Now/duitNowConfirmationServiceFeeTitleTxt"), 0): Element 'Object Repository/Duit Now/duitNowConfirmationServiceFeeTitleTxt' is exist

2022-06-16 14:57:46 - [MESSAGE][WARNING] - Timeout '0' is invalid. Using default page load timeout: '40'

2022-06-16 14:57:46 - [MESSAGE][PASSED] - Element 'Object Repository/Duit Now/duitNowConfirmationServiceFeeTitleTxt' is exist

2022-06-16 14:57:46 - [TEST_STEP][PASSED] - verifyElementText(findTestObject("Duit Now/duitNowConfirmationIDTypeTxt", ["proxy":proxy]), proxy): Actual text and expected text of test object 'Object Repository/Duit Now/duitNowConfirmationIDTypeTxt' are matched.

2022-06-16 14:57:46 - [MESSAGE][PASSED] - Actual text and expected text of test object 'Object Repository/Duit Now/duitNowConfirmationIDTypeTxt' are matched.

2022-06-16 14:57:46 - [TEST_STEP][PASSED] - verifyElementText(findTestObject("Duit Now/duitNowConfirmationReceiveDateTxt"), "Today"): Actual text and expected text of test object 'Object Repository/Duit Now/duitNowConfirmationReceiveDateTxt' are matched.

2022-06-16 14:57:47 - [MESSAGE][PASSED] - Actual text and expected text of test object 'Object Repository/Duit Now/duitNowConfirmationReceiveDateTxt' are matched.

2022-06-16 14:57:47 - [TEST_STEP][PASSED] - verifyElementText(findTestObject("Duit Now/duitNowConfirmationReferenceTxt", ["reference":reference]), reference): Actual text and expected text of test object 'Object Repository/Duit Now/duitNowConfirmationReferenceTxt' are matched.

2022-06-16 14:57:47 - [MESSAGE][PASSED] - Actual text and expected text of test object 'Object Repository/Duit Now/duitNowConfirmationReferenceTxt' are matched.

2022-06-16 14:57:47 - [TEST_STEP][PASSED] - verifyElementText(findTestObject("Duit Now/duitNowConfirmationServiceFeeAmountTxt"), "RM 0.00"): Actual text and expected text of test object 'Object Repository/Duit Now/duitNowConfirmationServiceFeeAmountTxt' are matched.

2022-06-16 14:57:48 - [MESSAGE][PASSED] - Actual text and expected text of test object 'Object Repository/Duit Now/duitNowConfirmationServiceFeeAmountTxt' are matched.

2022-06-16 14:57:48 - [TEST_STEP][PASSED] - tap(findTestObject("Duit Now/duitNowConfirmationPaymentDetailsGreyWordTxt"), 0): Tapped on element 'Object Repository/Duit Now/duitNowConfirmationPaymentDetailsGreyWordTxt'

2022-06-16 14:57:48 - [MESSAGE][WARNING] - Timeout '0' is invalid. Using default page load timeout: '40'

2022-06-16 14:57:48 - [MESSAGE][PASSED] - Tapped on element 'Object Repository/Duit Now/duitNowConfirmationPaymentDetailsGreyWordTxt'

2022-06-16 14:57:48 - [TEST_STEP][PASSED] - setText(findTestObject("Duit Now/duitNowConfirmationPaymentDetailsGreyWordTxt"), details, 0): Text 'Test B Reg' has been set to element 'Object Repository/Duit Now/duitNowConfirmationPaymentDetailsGreyWordTxt'

2022-06-16 14:57:48 - [MESSAGE][WARNING] - Timeout '0' is invalid. Using default page load timeout: '40'

2022-06-16 14:57:50 - [MESSAGE][PASSED] - Text 'Test B Reg' has been set to element 'Object Repository/Duit Now/duitNowConfirmationPaymentDetailsGreyWordTxt'

2022-06-16 14:57:50 - [TEST_STEP][PASSED] - hideKeyboard(): Keyboard is hidden

2022-06-16 14:57:52 - [MESSAGE][PASSED] - Keyboard is hidden

2022-06-16 14:57:52 - [TEST_STEP][PASSED] - verifyElementText(findTestObject("Duit Now/duitNowConfirmationPaymentDetailsInputtedTxt", ["details":details]), details): Actual text and expected text of test object 'Object Repository/Duit Now/duitNowConfirmationPaymentDetailsInputtedTxt' are matched.

2022-06-16 14:57:52 - [MESSAGE][PASSED] - Actual text and expected text of test object 'Object Repository/Duit Now/duitNowConfirmationPaymentDetailsInputtedTxt' are matched.

2022-06-16 14:57:52 - [TEST_STEP][PASSED] - device_Height_2 = getDeviceHeight(): Current device physical height is 2167

2022-06-16 14:57:52 - [MESSAGE][PASSED] - Current device physical height is 2167

2022-06-16 14:57:52 - [TEST_STEP][PASSED] - device_Width_2 = getDeviceWidth(): Current device physical width is 1080

2022-06-16 14:57:52 - [MESSAGE][PASSED] - Current device physical width is 1080

2022-06-16 14:57:52 - [TEST_STEP][PASSED] - startX_2 = device_Width_2 / 2: null

2022-06-16 14:57:52 - [TEST_STEP][PASSED] - endX_2 = startX_2: null

2022-06-16 14:57:52 - [TEST_STEP][PASSED] - startY_2 = device_Height_2 * 0.30: null

2022-06-16 14:57:52 - [TEST_STEP][PASSED] - endY_2 = device_Height_2 * 0.70: null

2022-06-16 14:57:52 - [TEST_STEP][PASSED] - swipe(startX_2, endY_2, endX_2, startY_2): Swiped from 540,1,516 to 540,650

2022-06-16 14:57:53 - [MESSAGE][PASSED] - Swiped from 540,1,516 to 540,650

2022-06-16 14:57:53 - [TEST_STEP][PASSED] - verifyElementExist(findTestObject("Transfer/transferConfirmationFTransferFromTitleTxt"), 0): Element 'Object Repository/Transfer/transferConfirmationFTransferFromTitleTxt' is exist

2022-06-16 14:57:53 - [MESSAGE][WARNING] - Timeout '0' is invalid. Using default page load timeout: '40'

2022-06-16 14:57:54 - [MESSAGE][PASSED] - Element 'Object Repository/Transfer/transferConfirmationFTransferFromTitleTxt' is exist

2022-06-16 14:57:54 - [TEST_STEP][PASSED] - verifyElementExist(findTestObject("Duit Now/duitNowConfirmationNoteTitleTxt"), 0): Element 'Object Repository/Duit Now/duitNowConfirmationNoteTitleTxt' is exist

2022-06-16 14:57:54 - [MESSAGE][WARNING] - Timeout '0' is invalid. Using default page load timeout: '40'

2022-06-16 14:57:54 - [MESSAGE][PASSED] - Element 'Object Repository/Duit Now/duitNowConfirmationNoteTitleTxt' is exist

2022-06-16 14:57:54 - [TEST_STEP][PASSED] - verifyElementExist(findTestObject("Duit Now/duitNowConfirmationDeclarationTitleTxt"), 0): Element 'Object Repository/Duit Now/duitNowConfirmationDeclarationTitleTxt' is exist

2022-06-16 14:57:54 - [MESSAGE][WARNING] - Timeout '0' is invalid. Using default page load timeout: '40'

2022-06-16 14:57:54 - [MESSAGE][PASSED] - Element 'Object Repository/Duit Now/duitNowConfirmationDeclarationTitleTxt' is exist

2022-06-16 14:57:54 - [TEST_STEP][PASSED] - verifyElementExist(findTestObject("Duit Now/duitNowConfirmationTnCTitleTxt"), 0): Element 'Object Repository/Duit Now/duitNowConfirmationTnCTitleTxt' is exist

2022-06-16 14:57:54 - [MESSAGE][WARNING] - Timeout '0' is invalid. Using default page load timeout: '40'

2022-06-16 14:57:54 - [MESSAGE][PASSED] - Element 'Object Repository/Duit Now/duitNowConfirmationTnCTitleTxt' is exist

2022-06-16 14:57:54 - [TEST_STEP][PASSED] - verifyElementExist(findTestObject("Duit Now/duitNowConfirmationNoteContentTxt"), 0): Element 'Object Repository/Duit Now/duitNowConfirmationNoteContentTxt' is exist

2022-06-16 14:57:54 - [MESSAGE][WARNING] - Timeout '0' is invalid. Using default page load timeout: '40'

2022-06-16 14:57:54 - [MESSAGE][PASSED] - Element 'Object Repository/Duit Now/duitNowConfirmationNoteContentTxt' is exist

2022-06-16 14:57:54 - [TEST_STEP][PASSED] - verifyElementExist(findTestObject("Duit Now/duitNowConfirmationDeclarationContentTxt"), 0): Element 'Object Repository/Duit Now/duitNowConfirmationDeclarationContentTxt' is exist

2022-06-16 14:57:54 - [MESSAGE][WARNING] - Timeout '0' is invalid. Using default page load timeout: '40'

2022-06-16 14:57:55 - [MESSAGE][PASSED] - Element 'Object Repository/Duit Now/duitNowConfirmationDeclarationContentTxt' is exist

2022-06-16 14:57:55 - [TEST_STEP][PASSED] - verifyElementText(findTestObject("Transfer/transferConfirmationFromAccTypeTxt", ["accType":accType]), accType): Actual text and expected text of test object 'Object Repository/Transfer/transferConfirmationFromAccTypeTxt' are matched.

2022-06-16 14:57:55 - [MESSAGE][PASSED] - Actual text and expected text of test object 'Object Repository/Transfer/transferConfirmationFromAccTypeTxt' are matched.

2022-06-16 14:57:55 - [TEST_STEP][PASSED] - verifyElementText(findTestObject("Transfer/transferConfirmationFromAccNoTxt", ["accNoFrom":accNoFrom]), accNoFrom): Actual text and expected text of test object 'Object Repository/Transfer/transferConfirmationFromAccNoTxt' are matched.

2022-06-16 14:57:55 - [MESSAGE][PASSED] - Actual text and expected text of test object 'Object Repository/Transfer/transferConfirmationFromAccNoTxt' are matched.

2022-06-16 14:57:55 - [TEST_STEP][PASSED] - verifyElementExist(findTestObject("Transfer/transferConfirmationFromAccBalanceTxt"), 0): Element 'Object Repository/Transfer/transferConfirmationFromAccBalanceTxt' is exist

2022-06-16 14:57:55 - [MESSAGE][WARNING] - Timeout '0' is invalid. Using default page load timeout: '40'

2022-06-16 14:57:55 - [MESSAGE][PASSED] - Element 'Object Repository/Transfer/transferConfirmationFromAccBalanceTxt' is exist

2022-06-16 14:57:55 - [TEST_STEP][PASSED] - accountBalance = getText(findTestObject("Transfer/transferConfirmationFromAccBalanceTxt"), 0): Text of element 'Object Repository/Transfer/transferConfirmationFromAccBalanceTxt' is: 'RM 628.47'

2022-06-16 14:57:55 - [MESSAGE][WARNING] - Timeout '0' is invalid. Using default page load timeout: '40'

2022-06-16 14:57:55 - [MESSAGE][PASSED] - Text of element 'Object Repository/Transfer/transferConfirmationFromAccBalanceTxt' is: 'RM 628.47'

2022-06-16 14:57:55 - [TEST_STEP][PASSED] - println(accountBalance): null

2022-06-16 14:57:55 - [TEST_STEP][PASSED] - tap(findTestObject("Main/mainTransferNowBtn"), 0): Tapped on element 'Object Repository/Main/mainTransferNowBtn'

2022-06-16 14:57:55 - [MESSAGE][WARNING] - Timeout '0' is invalid. Using default page load timeout: '40'

2022-06-16 14:57:56 - [MESSAGE][PASSED] - Tapped on element 'Object Repository/Main/mainTransferNowBtn'

2022-06-16 14:57:56 - [TEST_STEP][PASSED] - if (verifyElementVisible(findTestObject("Festive Season/festiveReturnAngpaoTACNoTxt"), 10, OPTIONAL)): Element 'Object Repository/Festive Season/festiveReturnAngpaoTACNoTxt' not found

2022-06-16 14:58:06 - [MESSAGE][WARNING] - Element 'Object Repository/Festive Season/festiveReturnAngpaoTACNoTxt' not found

2022-06-16 14:58:06 - [TEST_STEP][PASSED] - else: Tapped on element 'Object Repository/Main/mainS2UApproveBtn'

2022-06-16 14:58:06 - [TEST_STEP][PASSED] - delay(5): Delayed 5 second(s)

2022-06-16 14:58:11 - [MESSAGE][PASSED] - Delayed 5 second(s)

2022-06-16 14:58:11 - [TEST_STEP][PASSED] - verifyElementVisible(findTestObject("Main/mainS2UApproveBtn"), 10): Element 'Object Repository/Main/mainS2UApproveBtn' is visible

2022-06-16 14:58:11 - [MESSAGE][PASSED] - Element 'Object Repository/Main/mainS2UApproveBtn' is visible

2022-06-16 14:58:11 - [TEST_STEP][PASSED] - tap(findTestObject("Main/mainS2UApproveBtn"), 0): Tapped on element 'Object Repository/Main/mainS2UApproveBtn'

2022-06-16 14:58:11 - [MESSAGE][WARNING] - Timeout '0' is invalid. Using default page load timeout: '40'

2022-06-16 14:58:11 - [MESSAGE][PASSED] - Tapped on element 'Object Repository/Main/mainS2UApproveBtn'

2022-06-16 14:58:11 - [TEST_STEP][PASSED] - delay(10): Delayed 10 second(s)

2022-06-16 14:58:21 - [MESSAGE][PASSED] - Delayed 10 second(s)

2022-06-16 14:58:21 - [TEST_STEP][PASSED] - verifyElementExist(findTestObject("Festive Season/returnAngpaoStatusMessageTxt"), 0): Element 'Object Repository/Festive Season/returnAngpaoStatusMessageTxt' is exist

2022-06-16 14:58:21 - [MESSAGE][WARNING] - Timeout '0' is invalid. Using default page load timeout: '40'

2022-06-16 14:58:21 - [MESSAGE][PASSED] - Element 'Object Repository/Festive Season/returnAngpaoStatusMessageTxt' is exist

2022-06-16 14:58:21 - [TEST_STEP][PASSED] - message = getText(findTestObject("Festive Season/returnAngpaoStatusMessageTxt"), 10): Text of element 'Object Repository/Festive Season/returnAngpaoStatusMessageTxt' is: 'Transfer successful'

2022-06-16 14:58:21 - [MESSAGE][PASSED] - Text of element 'Object Repository/Festive Season/returnAngpaoStatusMessageTxt' is: 'Transfer successful'

2022-06-16 14:58:21 - [TEST_STEP][PASSED] - println(message): null

2022-06-16 14:58:21 - [TEST_STEP][PASSED] - assert message == successTransactionMessage: null

2022-06-16 14:58:21 - [TEST_STEP][PASSED] - delay(5): Delayed 5 second(s)

2022-06-16 14:58:26 - [MESSAGE][PASSED] - Delayed 5 second(s)

2022-06-16 14:58:26 - [TEST_STEP][PASSED] - verifyElementExist(findTestObject("Duit Now/duitNowSummaryDateTimeTitleTxt"), 0): Element 'Object Repository/Duit Now/duitNowSummaryDateTimeTitleTxt' is exist

2022-06-16 14:58:26 - [MESSAGE][WARNING] - Timeout '0' is invalid. Using default page load timeout: '40'

2022-06-16 14:58:26 - [MESSAGE][PASSED] - Element 'Object Repository/Duit Now/duitNowSummaryDateTimeTitleTxt' is exist

2022-06-16 14:58:26 - [TEST_STEP][PASSED] - verifyElementExist(findTestObject("Duit Now/duitNowSummaryRefernceIDTitleTxt"), 0): Element 'Object Repository/Duit Now/duitNowSummaryRefernceIDTitleTxt' is exist

2022-06-16 14:58:26 - [MESSAGE][WARNING] - Timeout '0' is invalid. Using default page load timeout: '40'

2022-06-16 14:58:27 - [MESSAGE][PASSED] - Element 'Object Repository/Duit Now/duitNowSummaryRefernceIDTitleTxt' is exist

2022-06-16 14:58:27 - [TEST_STEP][PASSED] - verifyElementExist(findTestObject("Transfer/transferSummaryShareReceiptBtn"), 0): Element 'Object Repository/Transfer/transferSummaryShareReceiptBtn' is exist

2022-06-16 14:58:27 - [MESSAGE][WARNING] - Timeout '0' is invalid. Using default page load timeout: '40'

2022-06-16 14:58:27 - [MESSAGE][PASSED] - Element 'Object Repository/Transfer/transferSummaryShareReceiptBtn' is exist

2022-06-16 14:58:27 - [TEST_STEP][PASSED] - delay(5): Delayed 5 second(s)

2022-06-16 14:58:32 - [MESSAGE][PASSED] - Delayed 5 second(s)

2022-06-16 14:58:32 - [TEST_STEP][PASSED] - referenceID = getText(findTestObject("Send Request Money/requestMoneyPaySummaryRefIDTxt"), 0): Text of element 'Object Repository/Send Request Money/requestMoneyPaySummaryRefIDTxt' is: '183478326M'

2022-06-16 14:58:32 - [MESSAGE][WARNING] - Timeout '0' is invalid. Using default page load timeout: '40'

2022-06-16 14:58:32 - [MESSAGE][PASSED] - Text of element 'Object Repository/Send Request Money/requestMoneyPaySummaryRefIDTxt' is: '183478326M'

2022-06-16 14:58:32 - [TEST_STEP][PASSED] - println(referenceID): null

2022-06-16 14:58:32 - [TEST_STEP][PASSED] - test = dataFolder: null

2022-06-16 14:58:32 - [TEST_STEP][PASSED] - sheetName = "Sheet1": null

2022-06-16 14:58:32 - [TEST_STEP][PASSED] - file1 = new java.io.File(test): null

2022-06-16 14:58:32 - [TEST_STEP][PASSED] - assert file1.exists() == true: null

2022-06-16 14:58:32 - [TEST_STEP][PASSED] - woorkbook1 = getWorkbook(test): null

2022-06-16 14:58:32 - [TEST_STEP][PASSED] - sheet1 = getExcelSheet(woorkbook1, sheetName): null

2022-06-16 14:58:32 - [TEST_STEP][PASSED] - setValueToCellByIndex(sheet1, 4, 1, referenceID): null

2022-06-16 14:58:32 - [TEST_STEP][PASSED] - saveWorkbook(test, woorkbook1): null

2022-06-16 14:58:32 - [TEST_STEP][PASSED] - delay(3): Delayed 3 second(s)

2022-06-16 14:58:35 - [MESSAGE][PASSED] - Delayed 3 second(s)

2022-06-16 14:58:35 - [TEST_STEP][PASSED] - takeScreenshot("/Users/a00139272/Desktop/Screenshot/duitNowBReg.png"): Screenshot is taken

2022-06-16 14:58:36 - [MESSAGE][PASSED] - Screenshot is taken
[[ATTACHMENT|/Users/a00139272/Desktop/Screenshot/duitNowBReg.png]]

2022-06-16 14:58:36 - [TEST_STEP][PASSED] - verifyElementVisible(findTestObject("Main/mainDoneBtn"), 0): Element 'Object Repository/Main/mainDoneBtn' is visible

2022-06-16 14:58:36 - [MESSAGE][WARNING] - Timeout '0' is invalid. Using default page load timeout: '40'

2022-06-16 14:58:36 - [MESSAGE][PASSED] - Element 'Object Repository/Main/mainDoneBtn' is visible

2022-06-16 14:58:36 - [TEST_STEP][PASSED] - tap(findTestObject("Main/mainDoneBtn"), 0): Tapped on element 'Object Repository/Main/mainDoneBtn'

2022-06-16 14:58:36 - [MESSAGE][WARNING] - Timeout '0' is invalid. Using default page load timeout: '40'

2022-06-16 14:58:36 - [MESSAGE][PASSED] - Tapped on element 'Object Repository/Main/mainDoneBtn'

2022-06-16 14:58:36 - [TEST_STEP][PASSED] - delay(5): Delayed 5 second(s)

2022-06-16 14:58:41 - [MESSAGE][PASSED] - Delayed 5 second(s)

2022-06-16 14:58:41 - [TEST_STEP][PASSED] - tap(findTestObject("Main/mainTopLeftBackButton"), 0): Tapped on element 'Object Repository/Main/mainTopLeftBackButton'

2022-06-16 14:58:41 - [MESSAGE][WARNING] - Timeout '0' is invalid. Using default page load timeout: '40'

2022-06-16 14:58:41 - [MESSAGE][PASSED] - Tapped on element 'Object Repository/Main/mainTopLeftBackButton'

2022-06-16 14:58:41 - [TEST_STEP][PASSED] - delay(5): Delayed 5 second(s)

2022-06-16 14:58:46 - [MESSAGE][PASSED] - Delayed 5 second(s)

2022-06-16 14:58:46 - [TEST_STEP][PASSED] - verifyElementVisible(findTestObject("Banking/m2uAccountTypeSelection", ["text":"MAE"]), 0): Element 'Object Repository/Banking/m2uAccountTypeSelection' is visible

2022-06-16 14:58:46 - [MESSAGE][WARNING] - Timeout '0' is invalid. Using default page load timeout: '40'

2022-06-16 14:58:47 - [MESSAGE][PASSED] - Element 'Object Repository/Banking/m2uAccountTypeSelection' is visible

2022-06-16 14:58:47 - [TEST_STEP][PASSED] - tap(findTestObject("Banking/m2uAccountTypeSelection", ["text":"MAE"]), 10): Tapped on element 'Object Repository/Banking/m2uAccountTypeSelection'

2022-06-16 14:58:47 - [MESSAGE][PASSED] - Tapped on element 'Object Repository/Banking/m2uAccountTypeSelection'

2022-06-16 14:58:47 - [TEST_STEP][PASSED] - delay(5): Delayed 5 second(s)

2022-06-16 14:58:52 - [MESSAGE][PASSED] - Delayed 5 second(s)

2022-06-16 14:58:52 - [TEST_STEP][PASSED] - afterBalance = getText(findTestObject("Main/mainAccountsBalanceTxt"), 0): Text of element 'Object Repository/Main/mainAccountsBalanceTxt' is: 'RM 628.43'

2022-06-16 14:58:52 - [MESSAGE][WARNING] - Timeout '0' is invalid. Using default page load timeout: '40'

2022-06-16 14:58:52 - [MESSAGE][PASSED] - Text of element 'Object Repository/Main/mainAccountsBalanceTxt' is: 'RM 628.43'

2022-06-16 14:58:52 - [TEST_STEP][PASSED] - newAfterBalance = afterBalance.replaceAll("[^0-9.]", ""): null

2022-06-16 14:58:52 - [TEST_STEP][PASSED] - newAccountBalance = accountBalance.replaceAll("[^0-9.]", ""): null

2022-06-16 14:58:52 - [TEST_STEP][PASSED] - newAfterBalanceF = Float.parseFloat(newAfterBalance): null

2022-06-16 14:58:52 - [TEST_STEP][PASSED] - newAccountBalanceF = Float.parseFloat(newAccountBalance): null

2022-06-16 14:58:52 - [TEST_STEP][PASSED] - println(afterBalance): null

2022-06-16 14:58:52 - [TEST_STEP][PASSED] - println(accountBalance): null

2022-06-16 14:58:52 - [TEST_STEP][PASSED] - println(newAfterBalance): null

2022-06-16 14:58:52 - [TEST_STEP][PASSED] - println(newAccountBalance): null

2022-06-16 14:58:52 - [TEST_STEP][PASSED] - newBalance = newAccountBalanceF - 0.04: null

2022-06-16 14:58:52 - [TEST_STEP][PASSED] - println(newBalance): null

2022-06-16 14:58:52 - [TEST_STEP][PASSED] - delay(5): Delayed 5 second(s)

2022-06-16 14:58:57 - [MESSAGE][PASSED] - Delayed 5 second(s)]]></system-out>
         <system-err><![CDATA[2022-06-16 14:48:24 - [TEST_CASE][FAILED] - Test Cases/DuitNow/duitNow_businessRegNumberTransaction: Test Cases/DuitNow/duitNow_businessRegNumberTransaction FAILED.
Reason:
com.kms.katalon.core.exception.StepFailedException: Element 'Object Repository/Banking/m2uAccountTypeSelection' not found
	at com.kms.katalon.core.keyword.internal.KeywordMain.stepFailed(KeywordMain.groovy:39)
	at com.kms.katalon.core.mobile.keyword.internal.MobileKeywordMain.stepFailed(MobileKeywordMain.groovy:40)
	at com.kms.katalon.core.mobile.keyword.builtin.VerifyElementVisibleKeyword$_verifyElementVisible_closure1.doCall(VerifyElementVisibleKeyword.groovy:82)
	at com.kms.katalon.core.mobile.keyword.builtin.VerifyElementVisibleKeyword$_verifyElementVisible_closure1.call(VerifyElementVisibleKeyword.groovy)
	at com.kms.katalon.core.mobile.keyword.internal.MobileKeywordMain.runKeyword(MobileKeywordMain.groovy:21)
	at com.kms.katalon.core.mobile.keyword.builtin.VerifyElementVisibleKeyword.verifyElementVisible(VerifyElementVisibleKeyword.groovy:85)
	at com.kms.katalon.core.mobile.keyword.builtin.VerifyElementVisibleKeyword.execute(VerifyElementVisibleKeyword.groovy:64)
	at com.kms.katalon.core.keyword.internal.KeywordExecutor.executeKeywordForPlatform(KeywordExecutor.groovy:74)
	at com.kms.katalon.core.mobile.keyword.MobileBuiltInKeywords.verifyElementVisible(MobileBuiltInKeywords.groovy:2031)
	at com.kms.katalon.core.mobile.keyword.MobileBuiltInKeywords$verifyElementVisible$5.call(Unknown Source)
	at duitNow_businessRegNumberTransaction.run(duitNow_businessRegNumberTransaction:58)
	at com.kms.katalon.core.main.ScriptEngine.run(ScriptEngine.java:194)
	at com.kms.katalon.core.main.ScriptEngine.runScriptAsRawText(ScriptEngine.java:119)
	at com.kms.katalon.core.main.TestCaseExecutor.runScript(TestCaseExecutor.java:445)
	at com.kms.katalon.core.main.TestCaseExecutor.doExecute(TestCaseExecutor.java:436)
	at com.kms.katalon.core.main.TestCaseExecutor.processExecutionPhase(TestCaseExecutor.java:415)
	at com.kms.katalon.core.main.TestCaseExecutor.accessMainPhase(TestCaseExecutor.java:407)
	at com.kms.katalon.core.main.TestCaseExecutor.execute(TestCaseExecutor.java:284)
	at com.kms.katalon.core.common.CommonExecutor.accessTestCaseMainPhase(CommonExecutor.java:65)
	at com.kms.katalon.core.main.TestSuiteExecutor.accessTestSuiteMainPhase(TestSuiteExecutor.java:144)
	at com.kms.katalon.core.main.TestSuiteExecutor.execute(TestSuiteExecutor.java:106)
	at com.kms.katalon.core.main.TestCaseMain.startTestSuite(TestCaseMain.java:185)
	at com.kms.katalon.core.main.TestCaseMain$startTestSuite$0.call(Unknown Source)
	at TempTestSuite1655360254384.run(TempTestSuite1655360254384.groovy:36)]]></system-err>
      </testcase>
      <testcase name="Test Cases/DuitNow/duitNow_recurringTransferTransaction" time="178.494" classname="Test Cases/DuitNow/duitNow_recurringTransferTransaction" status="PASSED">
         <system-out><![CDATA[2022-06-16 14:58:57 - [TEST_CASE][PASSED] - Test Cases/DuitNow/duitNow_recurringTransferTransaction: Test Cases/DuitNow/duitNow_recurringTransferTransaction

2022-06-16 14:58:58 - [TEST_STEP][PASSED] - delay(3): Delayed 3 second(s)

2022-06-16 14:59:01 - [MESSAGE][PASSED] - Delayed 3 second(s)

2022-06-16 14:59:01 - [TEST_STEP][PASSED] - tap(findTestObject("Banking/m2uAccountTransferIconSelect"), 0): Tapped on element 'Object Repository/Banking/m2uAccountTransferIconSelect'

2022-06-16 14:59:01 - [MESSAGE][WARNING] - Timeout '0' is invalid. Using default page load timeout: '40'

2022-06-16 14:59:11 - [MESSAGE][PASSED] - Tapped on element 'Object Repository/Banking/m2uAccountTransferIconSelect'

2022-06-16 14:59:11 - [TEST_STEP][PASSED] - tap(findTestObject("Banking/transferDuitNowTopMenuSelect"), 10): Tapped on element 'Object Repository/Banking/transferDuitNowTopMenuSelect'

2022-06-16 15:00:12 - [MESSAGE][PASSED] - Tapped on element 'Object Repository/Banking/transferDuitNowTopMenuSelect'

2022-06-16 15:00:12 - [TEST_STEP][PASSED] - tap(findTestObject("Banking/duitNowOtherIconSelect"), 10): Tapped on element 'Object Repository/Banking/duitNowOtherIconSelect'

2022-06-16 15:01:05 - [MESSAGE][PASSED] - Tapped on element 'Object Repository/Banking/duitNowOtherIconSelect'

2022-06-16 15:01:05 - [TEST_STEP][PASSED] - setText(findTestObject("Banking/duitNowMobileInputField"), "01122334455", 0): Text '01122334455' has been set to element 'Object Repository/Banking/duitNowMobileInputField'

2022-06-16 15:01:05 - [MESSAGE][WARNING] - Timeout '0' is invalid. Using default page load timeout: '40'

2022-06-16 15:01:05 - [MESSAGE][PASSED] - Text '01122334455' has been set to element 'Object Repository/Banking/duitNowMobileInputField'

2022-06-16 15:01:05 - [TEST_STEP][PASSED] - hideKeyboard(): Keyboard is hidden

2022-06-16 15:01:06 - [MESSAGE][PASSED] - Keyboard is hidden

2022-06-16 15:01:06 - [TEST_STEP][PASSED] - tap(findTestObject("Login Onboarding/loginExistingContinueBtn"), 0): Tapped on element 'Object Repository/Login Onboarding/loginExistingContinueBtn'

2022-06-16 15:01:06 - [MESSAGE][WARNING] - Timeout '0' is invalid. Using default page load timeout: '40'

2022-06-16 15:01:06 - [MESSAGE][PASSED] - Tapped on element 'Object Repository/Login Onboarding/loginExistingContinueBtn'

2022-06-16 15:01:06 - [TEST_STEP][PASSED] - tap(findTestObject("Login Onboarding/PIN4"), 0): Tapped on element 'Object Repository/Login Onboarding/PIN4'

2022-06-16 15:01:06 - [MESSAGE][WARNING] - Timeout '0' is invalid. Using default page load timeout: '40'

2022-06-16 15:01:09 - [MESSAGE][PASSED] - Tapped on element 'Object Repository/Login Onboarding/PIN4'

2022-06-16 15:01:09 - [TEST_STEP][PASSED] - delay(2): Delayed 2 second(s)

2022-06-16 15:01:11 - [MESSAGE][PASSED] - Delayed 2 second(s)

2022-06-16 15:01:11 - [TEST_STEP][PASSED] - tap(findTestObject("Login Onboarding/loginPinTickBtn"), 0): Tapped on element 'Object Repository/Login Onboarding/loginPinTickBtn'

2022-06-16 15:01:11 - [MESSAGE][WARNING] - Timeout '0' is invalid. Using default page load timeout: '40'

2022-06-16 15:01:12 - [MESSAGE][PASSED] - Tapped on element 'Object Repository/Login Onboarding/loginPinTickBtn'

2022-06-16 15:01:12 - [TEST_STEP][PASSED] - setText(findTestObject("Banking/duitNowReferenceInputField"), "DuitTransferTranser", 0): Text 'DuitTransferTranser' has been set to element 'Object Repository/Banking/duitNowReferenceInputField'

2022-06-16 15:01:12 - [MESSAGE][WARNING] - Timeout '0' is invalid. Using default page load timeout: '40'

2022-06-16 15:01:14 - [MESSAGE][PASSED] - Text 'DuitTransferTranser' has been set to element 'Object Repository/Banking/duitNowReferenceInputField'

2022-06-16 15:01:14 - [TEST_STEP][PASSED] - hideKeyboard(): Keyboard is hidden

2022-06-16 15:01:16 - [MESSAGE][PASSED] - Keyboard is hidden

2022-06-16 15:01:16 - [TEST_STEP][PASSED] - tap(findTestObject("Login Onboarding/loginExistingContinueBtn"), 0): Tapped on element 'Object Repository/Login Onboarding/loginExistingContinueBtn'

2022-06-16 15:01:16 - [MESSAGE][WARNING] - Timeout '0' is invalid. Using default page load timeout: '40'

2022-06-16 15:01:16 - [MESSAGE][PASSED] - Tapped on element 'Object Repository/Login Onboarding/loginExistingContinueBtn'

2022-06-16 15:01:16 - [TEST_STEP][PASSED] - tap(findTestObject("Banking/duitNowSummaryOneOffTxt"), 0): Tapped on element 'Object Repository/Banking/duitNowSummaryOneOffTxt'

2022-06-16 15:01:16 - [MESSAGE][WARNING] - Timeout '0' is invalid. Using default page load timeout: '40'

2022-06-16 15:01:19 - [MESSAGE][PASSED] - Tapped on element 'Object Repository/Banking/duitNowSummaryOneOffTxt'

2022-06-16 15:01:19 - [TEST_STEP][PASSED] - tap(findTestObject("Banking/duitNowRecurringDropdownSelection"), 0): Tapped on element 'Object Repository/Banking/duitNowRecurringDropdownSelection'

2022-06-16 15:01:19 - [MESSAGE][WARNING] - Timeout '0' is invalid. Using default page load timeout: '40'

2022-06-16 15:01:20 - [MESSAGE][PASSED] - Tapped on element 'Object Repository/Banking/duitNowRecurringDropdownSelection'

2022-06-16 15:01:20 - [TEST_STEP][PASSED] - tap(findTestObject("Main/mainCalenderPickerDoneBtn"), 0): Tapped on element 'Object Repository/Main/mainCalenderPickerDoneBtn'

2022-06-16 15:01:20 - [MESSAGE][WARNING] - Timeout '0' is invalid. Using default page load timeout: '40'

2022-06-16 15:01:21 - [MESSAGE][PASSED] - Tapped on element 'Object Repository/Main/mainCalenderPickerDoneBtn'

2022-06-16 15:01:21 - [TEST_STEP][PASSED] - delay(2): Delayed 2 second(s)

2022-06-16 15:01:23 - [MESSAGE][PASSED] - Delayed 2 second(s)

2022-06-16 15:01:23 - [TEST_STEP][PASSED] - tap(findTestObject("Main/mainTransferNowBtn"), 0): Tapped on element 'Object Repository/Main/mainTransferNowBtn'

2022-06-16 15:01:23 - [MESSAGE][WARNING] - Timeout '0' is invalid. Using default page load timeout: '40'

2022-06-16 15:01:23 - [MESSAGE][PASSED] - Tapped on element 'Object Repository/Main/mainTransferNowBtn'

2022-06-16 15:01:23 - [TEST_STEP][PASSED] - delay(2): Delayed 2 second(s)

2022-06-16 15:01:25 - [MESSAGE][PASSED] - Delayed 2 second(s)

2022-06-16 15:01:25 - [TEST_STEP][PASSED] - if (verifyElementVisible(findTestObject("Main/mainTACNumberTxt"), 10, OPTIONAL)): null

2022-06-16 15:01:27 - [MESSAGE][PASSED] - Element 'Object Repository/Main/mainTACNumberTxt' is visible

2022-06-16 15:01:27 - [TEST_STEP][PASSED] - OTP1 = getText(findTestObject("Transfer/duitNowTACNumber"), 0): Text of element 'Object Repository/Transfer/duitNowTACNumber' is: 'Your TAC no. is 281141'

2022-06-16 15:01:27 - [MESSAGE][WARNING] - Timeout '0' is invalid. Using default page load timeout: '40'

2022-06-16 15:01:28 - [MESSAGE][PASSED] - Text of element 'Object Repository/Transfer/duitNowTACNumber' is: 'Your TAC no. is 281141'

2022-06-16 15:01:28 - [TEST_STEP][PASSED] - for ([i = 16, i <= 21, (i++)]): null

2022-06-16 15:01:28 - [TEST_STEP][PASSED] - if (OTP1[i] == "0"): null

2022-06-16 15:01:28 - [TEST_STEP][PASSED] - if (OTP1[i] == "1"): null

2022-06-16 15:01:28 - [TEST_STEP][PASSED] - if (OTP1[i] == "2"): Tapped on element 'Object Repository/Login Onboarding/PIN2'

2022-06-16 15:01:28 - [TEST_STEP][PASSED] - tap(findTestObject("Login Onboarding/PIN2"), 0): Tapped on element 'Object Repository/Login Onboarding/PIN2'

2022-06-16 15:01:28 - [MESSAGE][WARNING] - Timeout '0' is invalid. Using default page load timeout: '40'

2022-06-16 15:01:28 - [MESSAGE][PASSED] - Tapped on element 'Object Repository/Login Onboarding/PIN2'

2022-06-16 15:01:28 - [TEST_STEP][PASSED] - if (OTP1[i] == "3"): null

2022-06-16 15:01:28 - [TEST_STEP][PASSED] - if (OTP1[i] == "4"): null

2022-06-16 15:01:28 - [TEST_STEP][PASSED] - if (OTP1[i] == "5"): null

2022-06-16 15:01:28 - [TEST_STEP][PASSED] - if (OTP1[i] == "6"): null

2022-06-16 15:01:28 - [TEST_STEP][PASSED] - if (OTP1[i] == "7"): null

2022-06-16 15:01:28 - [TEST_STEP][PASSED] - if (OTP1[i] == "8"): null

2022-06-16 15:01:28 - [TEST_STEP][PASSED] - if (OTP1[i] == "9"): null

2022-06-16 15:01:28 - [TEST_STEP][PASSED] - if (OTP1[i] == "0"): null

2022-06-16 15:01:28 - [TEST_STEP][PASSED] - if (OTP1[i] == "1"): null

2022-06-16 15:01:28 - [TEST_STEP][PASSED] - if (OTP1[i] == "2"): null

2022-06-16 15:01:28 - [TEST_STEP][PASSED] - if (OTP1[i] == "3"): null

2022-06-16 15:01:28 - [TEST_STEP][PASSED] - if (OTP1[i] == "4"): null

2022-06-16 15:01:28 - [TEST_STEP][PASSED] - if (OTP1[i] == "5"): null

2022-06-16 15:01:28 - [TEST_STEP][PASSED] - if (OTP1[i] == "6"): null

2022-06-16 15:01:28 - [TEST_STEP][PASSED] - if (OTP1[i] == "7"): null

2022-06-16 15:01:28 - [TEST_STEP][PASSED] - if (OTP1[i] == "8"): Tapped on element 'Object Repository/Login Onboarding/PIN8'

2022-06-16 15:01:28 - [TEST_STEP][PASSED] - tap(findTestObject("Login Onboarding/PIN8"), 0): Tapped on element 'Object Repository/Login Onboarding/PIN8'

2022-06-16 15:01:28 - [MESSAGE][WARNING] - Timeout '0' is invalid. Using default page load timeout: '40'

2022-06-16 15:01:30 - [MESSAGE][PASSED] - Tapped on element 'Object Repository/Login Onboarding/PIN8'

2022-06-16 15:01:30 - [TEST_STEP][PASSED] - if (OTP1[i] == "9"): null

2022-06-16 15:01:30 - [TEST_STEP][PASSED] - if (OTP1[i] == "0"): null

2022-06-16 15:01:30 - [TEST_STEP][PASSED] - if (OTP1[i] == "1"): Tapped on element 'Object Repository/Login Onboarding/PIN1'

2022-06-16 15:01:30 - [TEST_STEP][PASSED] - tap(findTestObject("Login Onboarding/PIN1"), 0): Tapped on element 'Object Repository/Login Onboarding/PIN1'

2022-06-16 15:01:30 - [MESSAGE][WARNING] - Timeout '0' is invalid. Using default page load timeout: '40'

2022-06-16 15:01:32 - [MESSAGE][PASSED] - Tapped on element 'Object Repository/Login Onboarding/PIN1'

2022-06-16 15:01:32 - [TEST_STEP][PASSED] - if (OTP1[i] == "2"): null

2022-06-16 15:01:32 - [TEST_STEP][PASSED] - if (OTP1[i] == "3"): null

2022-06-16 15:01:32 - [TEST_STEP][PASSED] - if (OTP1[i] == "4"): null

2022-06-16 15:01:32 - [TEST_STEP][PASSED] - if (OTP1[i] == "5"): null

2022-06-16 15:01:32 - [TEST_STEP][PASSED] - if (OTP1[i] == "6"): null

2022-06-16 15:01:32 - [TEST_STEP][PASSED] - if (OTP1[i] == "7"): null

2022-06-16 15:01:32 - [TEST_STEP][PASSED] - if (OTP1[i] == "8"): null

2022-06-16 15:01:32 - [TEST_STEP][PASSED] - if (OTP1[i] == "9"): null

2022-06-16 15:01:32 - [TEST_STEP][PASSED] - if (OTP1[i] == "0"): null

2022-06-16 15:01:32 - [TEST_STEP][PASSED] - if (OTP1[i] == "1"): Tapped on element 'Object Repository/Login Onboarding/PIN1'

2022-06-16 15:01:32 - [TEST_STEP][PASSED] - tap(findTestObject("Login Onboarding/PIN1"), 0): Tapped on element 'Object Repository/Login Onboarding/PIN1'

2022-06-16 15:01:32 - [MESSAGE][WARNING] - Timeout '0' is invalid. Using default page load timeout: '40'

2022-06-16 15:01:34 - [MESSAGE][PASSED] - Tapped on element 'Object Repository/Login Onboarding/PIN1'

2022-06-16 15:01:34 - [TEST_STEP][PASSED] - if (OTP1[i] == "2"): null

2022-06-16 15:01:34 - [TEST_STEP][PASSED] - if (OTP1[i] == "3"): null

2022-06-16 15:01:34 - [TEST_STEP][PASSED] - if (OTP1[i] == "4"): null

2022-06-16 15:01:34 - [TEST_STEP][PASSED] - if (OTP1[i] == "5"): null

2022-06-16 15:01:34 - [TEST_STEP][PASSED] - if (OTP1[i] == "6"): null

2022-06-16 15:01:34 - [TEST_STEP][PASSED] - if (OTP1[i] == "7"): null

2022-06-16 15:01:34 - [TEST_STEP][PASSED] - if (OTP1[i] == "8"): null

2022-06-16 15:01:34 - [TEST_STEP][PASSED] - if (OTP1[i] == "9"): null

2022-06-16 15:01:34 - [TEST_STEP][PASSED] - if (OTP1[i] == "0"): null

2022-06-16 15:01:34 - [TEST_STEP][PASSED] - if (OTP1[i] == "1"): null

2022-06-16 15:01:34 - [TEST_STEP][PASSED] - if (OTP1[i] == "2"): null

2022-06-16 15:01:34 - [TEST_STEP][PASSED] - if (OTP1[i] == "3"): null

2022-06-16 15:01:34 - [TEST_STEP][PASSED] - if (OTP1[i] == "4"): Tapped on element 'Object Repository/Login Onboarding/PIN4'

2022-06-16 15:01:34 - [TEST_STEP][PASSED] - tap(findTestObject("Login Onboarding/PIN4"), 0): Tapped on element 'Object Repository/Login Onboarding/PIN4'

2022-06-16 15:01:34 - [MESSAGE][WARNING] - Timeout '0' is invalid. Using default page load timeout: '40'

2022-06-16 15:01:36 - [MESSAGE][PASSED] - Tapped on element 'Object Repository/Login Onboarding/PIN4'

2022-06-16 15:01:36 - [TEST_STEP][PASSED] - if (OTP1[i] == "5"): null

2022-06-16 15:01:36 - [TEST_STEP][PASSED] - if (OTP1[i] == "6"): null

2022-06-16 15:01:36 - [TEST_STEP][PASSED] - if (OTP1[i] == "7"): null

2022-06-16 15:01:36 - [TEST_STEP][PASSED] - if (OTP1[i] == "8"): null

2022-06-16 15:01:36 - [TEST_STEP][PASSED] - if (OTP1[i] == "9"): null

2022-06-16 15:01:36 - [TEST_STEP][PASSED] - if (OTP1[i] == "0"): null

2022-06-16 15:01:36 - [TEST_STEP][PASSED] - if (OTP1[i] == "1"): Tapped on element 'Object Repository/Login Onboarding/PIN1'

2022-06-16 15:01:36 - [TEST_STEP][PASSED] - tap(findTestObject("Login Onboarding/PIN1"), 0): Tapped on element 'Object Repository/Login Onboarding/PIN1'

2022-06-16 15:01:36 - [MESSAGE][WARNING] - Timeout '0' is invalid. Using default page load timeout: '40'

2022-06-16 15:01:38 - [MESSAGE][PASSED] - Tapped on element 'Object Repository/Login Onboarding/PIN1'

2022-06-16 15:01:38 - [TEST_STEP][PASSED] - if (OTP1[i] == "2"): null

2022-06-16 15:01:38 - [TEST_STEP][PASSED] - if (OTP1[i] == "3"): null

2022-06-16 15:01:38 - [TEST_STEP][PASSED] - if (OTP1[i] == "4"): null

2022-06-16 15:01:38 - [TEST_STEP][PASSED] - if (OTP1[i] == "5"): null

2022-06-16 15:01:38 - [TEST_STEP][PASSED] - if (OTP1[i] == "6"): null

2022-06-16 15:01:38 - [TEST_STEP][PASSED] - if (OTP1[i] == "7"): null

2022-06-16 15:01:38 - [TEST_STEP][PASSED] - if (OTP1[i] == "8"): null

2022-06-16 15:01:38 - [TEST_STEP][PASSED] - if (OTP1[i] == "9"): null

2022-06-16 15:01:38 - [TEST_STEP][PASSED] - delay(3): Delayed 3 second(s)

2022-06-16 15:01:41 - [MESSAGE][PASSED] - Delayed 3 second(s)

2022-06-16 15:01:41 - [TEST_STEP][PASSED] - tap(findTestObject("Main/mainTACTickBtn"), 0): Tapped on element 'Object Repository/Main/mainTACTickBtn'

2022-06-16 15:01:41 - [MESSAGE][WARNING] - Timeout '0' is invalid. Using default page load timeout: '40'

2022-06-16 15:01:42 - [MESSAGE][PASSED] - Tapped on element 'Object Repository/Main/mainTACTickBtn'

2022-06-16 15:01:42 - [TEST_STEP][PASSED] - delay(5): Delayed 5 second(s)

2022-06-16 15:01:47 - [MESSAGE][PASSED] - Delayed 5 second(s)

2022-06-16 15:01:47 - [TEST_STEP][PASSED] - delay(3): Delayed 3 second(s)

2022-06-16 15:01:50 - [MESSAGE][PASSED] - Delayed 3 second(s)

2022-06-16 15:01:50 - [TEST_STEP][PASSED] - takeScreenshot("/Users/a00139272/Desktop/Screenshot/duitNowRecurring.png"): Screenshot is taken

2022-06-16 15:01:50 - [MESSAGE][PASSED] - Screenshot is taken
[[ATTACHMENT|/Users/a00139272/Desktop/Screenshot/duitNowRecurring.png]]

2022-06-16 15:01:50 - [TEST_STEP][PASSED] - verifyElementVisible(findTestObject("Main/mainDoneBtn"), 0): Element 'Object Repository/Main/mainDoneBtn' is visible

2022-06-16 15:01:51 - [MESSAGE][WARNING] - Timeout '0' is invalid. Using default page load timeout: '40'

2022-06-16 15:01:51 - [MESSAGE][PASSED] - Element 'Object Repository/Main/mainDoneBtn' is visible

2022-06-16 15:01:51 - [TEST_STEP][PASSED] - tap(findTestObject("Main/mainDoneBtn"), 0): Tapped on element 'Object Repository/Main/mainDoneBtn'

2022-06-16 15:01:51 - [MESSAGE][WARNING] - Timeout '0' is invalid. Using default page load timeout: '40'

2022-06-16 15:01:51 - [MESSAGE][PASSED] - Tapped on element 'Object Repository/Main/mainDoneBtn'

2022-06-16 15:01:51 - [TEST_STEP][PASSED] - delay(5): Delayed 5 second(s)

2022-06-16 15:01:56 - [MESSAGE][PASSED] - Delayed 5 second(s)]]></system-out>
         <system-err><![CDATA[]]></system-err>
      </testcase>
      <testcase name="Test Cases/DuitNow/duitNow_addFavoriteTransaction" time="206.136" classname="Test Cases/DuitNow/duitNow_addFavoriteTransaction" status="PASSED">
         <system-out><![CDATA[2022-06-16 15:01:56 - [TEST_CASE][PASSED] - Test Cases/DuitNow/duitNow_addFavoriteTransaction: Test Cases/DuitNow/duitNow_addFavoriteTransaction

2022-06-16 15:01:56 - [TEST_STEP][PASSED] - delay(3): Delayed 3 second(s)

2022-06-16 15:01:59 - [MESSAGE][PASSED] - Delayed 3 second(s)

2022-06-16 15:01:59 - [TEST_STEP][PASSED] - tap(findTestObject("Banking/m2uAccountTransferIconSelect"), 0): Tapped on element 'Object Repository/Banking/m2uAccountTransferIconSelect'

2022-06-16 15:01:59 - [MESSAGE][WARNING] - Timeout '0' is invalid. Using default page load timeout: '40'

2022-06-16 15:01:59 - [MESSAGE][PASSED] - Tapped on element 'Object Repository/Banking/m2uAccountTransferIconSelect'

2022-06-16 15:01:59 - [TEST_STEP][PASSED] - tap(findTestObject("Banking/transferDuitNowTopMenuSelect"), 10): Tapped on element 'Object Repository/Banking/transferDuitNowTopMenuSelect'

2022-06-16 15:03:00 - [MESSAGE][PASSED] - Tapped on element 'Object Repository/Banking/transferDuitNowTopMenuSelect'

2022-06-16 15:03:00 - [TEST_STEP][PASSED] - tap(findTestObject("Banking/duitNowOtherIconSelect"), 10): Tapped on element 'Object Repository/Banking/duitNowOtherIconSelect'

2022-06-16 15:03:52 - [MESSAGE][PASSED] - Tapped on element 'Object Repository/Banking/duitNowOtherIconSelect'

2022-06-16 15:03:52 - [TEST_STEP][PASSED] - tap(findTestObject("Banking/duitNowIDTypeDropdownSelect"), 0): Tapped on element 'Object Repository/Banking/duitNowIDTypeDropdownSelect'

2022-06-16 15:03:52 - [MESSAGE][WARNING] - Timeout '0' is invalid. Using default page load timeout: '40'

2022-06-16 15:03:53 - [MESSAGE][PASSED] - Tapped on element 'Object Repository/Banking/duitNowIDTypeDropdownSelect'

2022-06-16 15:03:53 - [TEST_STEP][PASSED] - scrollToText("Mobile Number", STOP_ON_FAILURE): Scrolling to text 'Mobile Number' successfully

2022-06-16 15:03:53 - [MESSAGE][PASSED] - Scrolling to text 'Mobile Number' successfully

2022-06-16 15:03:53 - [TEST_STEP][PASSED] - tap(findTestObject("Banking/duitNowBusinessRegIDTypeDropdown", ["proxy":"Mobile Number"]), 0): Tapped on element 'Object Repository/Banking/duitNowBusinessRegIDTypeDropdown'

2022-06-16 15:03:53 - [MESSAGE][WARNING] - Timeout '0' is invalid. Using default page load timeout: '40'

2022-06-16 15:03:53 - [MESSAGE][PASSED] - Tapped on element 'Object Repository/Banking/duitNowBusinessRegIDTypeDropdown'

2022-06-16 15:03:53 - [TEST_STEP][PASSED] - tap(findTestObject("Main/mainCalenderPickerDoneBtn"), 0): Tapped on element 'Object Repository/Main/mainCalenderPickerDoneBtn'

2022-06-16 15:03:53 - [MESSAGE][WARNING] - Timeout '0' is invalid. Using default page load timeout: '40'

2022-06-16 15:04:15 - [MESSAGE][PASSED] - Tapped on element 'Object Repository/Main/mainCalenderPickerDoneBtn'

2022-06-16 15:04:15 - [TEST_STEP][PASSED] - setText(findTestObject("Banking/duitNowBusinessRegNoInputField", ["proxyPlaceholder":""]), "01122334455", 0): Text '01122334455' has been set to element 'Object Repository/Banking/duitNowBusinessRegNoInputField'

2022-06-16 15:04:15 - [MESSAGE][WARNING] - Timeout '0' is invalid. Using default page load timeout: '40'

2022-06-16 15:04:16 - [MESSAGE][PASSED] - Text '01122334455' has been set to element 'Object Repository/Banking/duitNowBusinessRegNoInputField'

2022-06-16 15:04:16 - [TEST_STEP][PASSED] - hideKeyboard(): Keyboard is hidden

2022-06-16 15:04:16 - [MESSAGE][PASSED] - Keyboard is hidden

2022-06-16 15:04:16 - [TEST_STEP][PASSED] - tap(findTestObject("Login Onboarding/loginExistingContinueBtn"), 0): Tapped on element 'Object Repository/Login Onboarding/loginExistingContinueBtn'

2022-06-16 15:04:16 - [MESSAGE][WARNING] - Timeout '0' is invalid. Using default page load timeout: '40'

2022-06-16 15:04:17 - [MESSAGE][PASSED] - Tapped on element 'Object Repository/Login Onboarding/loginExistingContinueBtn'

2022-06-16 15:04:17 - [TEST_STEP][PASSED] - tap(findTestObject("Login Onboarding/PIN4"), 0): Tapped on element 'Object Repository/Login Onboarding/PIN4'

2022-06-16 15:04:17 - [MESSAGE][WARNING] - Timeout '0' is invalid. Using default page load timeout: '40'

2022-06-16 15:04:24 - [MESSAGE][PASSED] - Tapped on element 'Object Repository/Login Onboarding/PIN4'

2022-06-16 15:04:24 - [TEST_STEP][PASSED] - delay(2): Delayed 2 second(s)

2022-06-16 15:04:26 - [MESSAGE][PASSED] - Delayed 2 second(s)

2022-06-16 15:04:26 - [TEST_STEP][PASSED] - tap(findTestObject("Login Onboarding/loginPinTickBtn"), 0): Tapped on element 'Object Repository/Login Onboarding/loginPinTickBtn'

2022-06-16 15:04:27 - [MESSAGE][WARNING] - Timeout '0' is invalid. Using default page load timeout: '40'

2022-06-16 15:04:27 - [MESSAGE][PASSED] - Tapped on element 'Object Repository/Login Onboarding/loginPinTickBtn'

2022-06-16 15:04:27 - [TEST_STEP][PASSED] - setText(findTestObject("Banking/duitNowReferenceInputField"), "Duit 0n off Transer", 0): Text 'Duit 0n off Transer' has been set to element 'Object Repository/Banking/duitNowReferenceInputField'

2022-06-16 15:04:27 - [MESSAGE][WARNING] - Timeout '0' is invalid. Using default page load timeout: '40'

2022-06-16 15:04:29 - [MESSAGE][PASSED] - Text 'Duit 0n off Transer' has been set to element 'Object Repository/Banking/duitNowReferenceInputField'

2022-06-16 15:04:29 - [TEST_STEP][PASSED] - hideKeyboard(): Keyboard is hidden

2022-06-16 15:04:31 - [MESSAGE][PASSED] - Keyboard is hidden

2022-06-16 15:04:31 - [TEST_STEP][PASSED] - tap(findTestObject("Login Onboarding/loginExistingContinueBtn"), 0): Tapped on element 'Object Repository/Login Onboarding/loginExistingContinueBtn'

2022-06-16 15:04:31 - [MESSAGE][WARNING] - Timeout '0' is invalid. Using default page load timeout: '40'

2022-06-16 15:04:31 - [MESSAGE][PASSED] - Tapped on element 'Object Repository/Login Onboarding/loginExistingContinueBtn'

2022-06-16 15:04:31 - [TEST_STEP][PASSED] - tap(findTestObject("Banking/duitNowSummaryAmountTxt"), 0): Tapped on element 'Object Repository/Banking/duitNowSummaryAmountTxt'

2022-06-16 15:04:31 - [MESSAGE][WARNING] - Timeout '0' is invalid. Using default page load timeout: '40'

2022-06-16 15:04:33 - [MESSAGE][PASSED] - Tapped on element 'Object Repository/Banking/duitNowSummaryAmountTxt'

2022-06-16 15:04:33 - [TEST_STEP][PASSED] - tap(findTestObject("Login Onboarding/PIN1"), 0): Tapped on element 'Object Repository/Login Onboarding/PIN1'

2022-06-16 15:04:33 - [MESSAGE][WARNING] - Timeout '0' is invalid. Using default page load timeout: '40'

2022-06-16 15:04:35 - [MESSAGE][PASSED] - Tapped on element 'Object Repository/Login Onboarding/PIN1'

2022-06-16 15:04:35 - [TEST_STEP][PASSED] - tap(findTestObject("Login Onboarding/loginPinTickBtn"), 0): Tapped on element 'Object Repository/Login Onboarding/loginPinTickBtn'

2022-06-16 15:04:35 - [MESSAGE][WARNING] - Timeout '0' is invalid. Using default page load timeout: '40'

2022-06-16 15:04:36 - [MESSAGE][PASSED] - Tapped on element 'Object Repository/Login Onboarding/loginPinTickBtn'

2022-06-16 15:04:36 - [TEST_STEP][PASSED] - delay(2): Delayed 2 second(s)

2022-06-16 15:04:38 - [MESSAGE][PASSED] - Delayed 2 second(s)

2022-06-16 15:04:38 - [TEST_STEP][PASSED] - tap(findTestObject("Main/mainTransferNowBtn"), 0): Tapped on element 'Object Repository/Main/mainTransferNowBtn'

2022-06-16 15:04:38 - [MESSAGE][WARNING] - Timeout '0' is invalid. Using default page load timeout: '40'

2022-06-16 15:04:38 - [MESSAGE][PASSED] - Tapped on element 'Object Repository/Main/mainTransferNowBtn'

2022-06-16 15:04:38 - [TEST_STEP][PASSED] - delay(2): Delayed 2 second(s)

2022-06-16 15:04:40 - [MESSAGE][PASSED] - Delayed 2 second(s)

2022-06-16 15:04:40 - [TEST_STEP][PASSED] - if (verifyElementVisible(findTestObject("Main/mainTACNumberTxt"), 10, OPTIONAL)): Element 'Object Repository/Main/mainTACNumberTxt' not found

2022-06-16 15:04:50 - [MESSAGE][WARNING] - Element 'Object Repository/Main/mainTACNumberTxt' not found

2022-06-16 15:04:50 - [TEST_STEP][PASSED] - else: Tapped on element 'Object Repository/Main/mainS2UApproveBtn'

2022-06-16 15:04:50 - [TEST_STEP][PASSED] - delay(5): Delayed 5 second(s)

2022-06-16 15:04:55 - [MESSAGE][PASSED] - Delayed 5 second(s)

2022-06-16 15:04:55 - [TEST_STEP][PASSED] - verifyElementVisible(findTestObject("Main/mainS2UApproveBtn"), 0): Element 'Object Repository/Main/mainS2UApproveBtn' is visible

2022-06-16 15:04:55 - [MESSAGE][WARNING] - Timeout '0' is invalid. Using default page load timeout: '40'

2022-06-16 15:04:55 - [MESSAGE][PASSED] - Element 'Object Repository/Main/mainS2UApproveBtn' is visible

2022-06-16 15:04:55 - [TEST_STEP][PASSED] - tap(findTestObject("Main/mainS2UApproveBtn"), 0): Tapped on element 'Object Repository/Main/mainS2UApproveBtn'

2022-06-16 15:04:55 - [MESSAGE][WARNING] - Timeout '0' is invalid. Using default page load timeout: '40'

2022-06-16 15:04:55 - [MESSAGE][PASSED] - Tapped on element 'Object Repository/Main/mainS2UApproveBtn'

2022-06-16 15:04:55 - [TEST_STEP][PASSED] - delay(5): Delayed 5 second(s)

2022-06-16 15:05:00 - [MESSAGE][PASSED] - Delayed 5 second(s)

2022-06-16 15:05:00 - [TEST_STEP][PASSED] - Trasnferstatus1 = getText(findTestObject("Main/mainTransactionStatusMessageTxt"), 10): Text of element 'Object Repository/Main/mainTransactionStatusMessageTxt' is: 'Transfer successful'

2022-06-16 15:05:02 - [MESSAGE][PASSED] - Text of element 'Object Repository/Main/mainTransactionStatusMessageTxt' is: 'Transfer successful'

2022-06-16 15:05:02 - [TEST_STEP][PASSED] - println("Transaction Status" + Trasnferstatus1): null

2022-06-16 15:05:02 - [TEST_STEP][PASSED] - delay(2): Delayed 2 second(s)

2022-06-16 15:05:04 - [MESSAGE][PASSED] - Delayed 2 second(s)

2022-06-16 15:05:04 - [TEST_STEP][PASSED] - tap(findTestObject("Main/mainAddToFavBtn"), 0): Tapped on element 'Object Repository/Main/mainAddToFavBtn'

2022-06-16 15:05:04 - [MESSAGE][WARNING] - Timeout '0' is invalid. Using default page load timeout: '40'

2022-06-16 15:05:04 - [MESSAGE][PASSED] - Tapped on element 'Object Repository/Main/mainAddToFavBtn'

2022-06-16 15:05:04 - [TEST_STEP][PASSED] - delay(2): Delayed 2 second(s)

2022-06-16 15:05:06 - [MESSAGE][PASSED] - Delayed 2 second(s)

2022-06-16 15:05:06 - [TEST_STEP][PASSED] - tap(findTestObject("Main/mainAddToFavBtn"), 0): Tapped on element 'Object Repository/Main/mainAddToFavBtn'

2022-06-16 15:05:06 - [MESSAGE][WARNING] - Timeout '0' is invalid. Using default page load timeout: '40'

2022-06-16 15:05:07 - [MESSAGE][PASSED] - Tapped on element 'Object Repository/Main/mainAddToFavBtn'

2022-06-16 15:05:07 - [TEST_STEP][PASSED] - delay(2): Delayed 2 second(s)

2022-06-16 15:05:09 - [MESSAGE][PASSED] - Delayed 2 second(s)

2022-06-16 15:05:09 - [TEST_STEP][PASSED] - tap(findTestObject("Main/mainCloseFavPopUpBtn"), 0): Tapped on element 'Object Repository/Main/mainCloseFavPopUpBtn'

2022-06-16 15:05:09 - [MESSAGE][WARNING] - Timeout '0' is invalid. Using default page load timeout: '40'

2022-06-16 15:05:13 - [MESSAGE][PASSED] - Tapped on element 'Object Repository/Main/mainCloseFavPopUpBtn'

2022-06-16 15:05:13 - [TEST_STEP][PASSED] - delay(3): Delayed 3 second(s)

2022-06-16 15:05:16 - [MESSAGE][PASSED] - Delayed 3 second(s)

2022-06-16 15:05:16 - [TEST_STEP][PASSED] - takeScreenshot("/Users/a00139272/Desktop/Screenshot/duitNowAddFav.png"): Screenshot is taken

2022-06-16 15:05:17 - [MESSAGE][PASSED] - Screenshot is taken
[[ATTACHMENT|/Users/a00139272/Desktop/Screenshot/duitNowAddFav.png]]

2022-06-16 15:05:17 - [TEST_STEP][PASSED] - verifyElementVisible(findTestObject("Main/mainDoneBtn"), 0): Element 'Object Repository/Main/mainDoneBtn' is visible

2022-06-16 15:05:17 - [MESSAGE][WARNING] - Timeout '0' is invalid. Using default page load timeout: '40'

2022-06-16 15:05:17 - [MESSAGE][PASSED] - Element 'Object Repository/Main/mainDoneBtn' is visible

2022-06-16 15:05:17 - [TEST_STEP][PASSED] - tap(findTestObject("Main/mainDoneBtn"), 0): Tapped on element 'Object Repository/Main/mainDoneBtn'

2022-06-16 15:05:17 - [MESSAGE][WARNING] - Timeout '0' is invalid. Using default page load timeout: '40'

2022-06-16 15:05:17 - [MESSAGE][PASSED] - Tapped on element 'Object Repository/Main/mainDoneBtn'

2022-06-16 15:05:17 - [TEST_STEP][PASSED] - delay(5): Delayed 5 second(s)

2022-06-16 15:05:22 - [MESSAGE][PASSED] - Delayed 5 second(s)]]></system-out>
         <system-err><![CDATA[]]></system-err>
      </testcase>
      <testcase name="Test Cases/DuitNow/duitNow_mobileNumberFavTransaction" time="709.055" classname="Test Cases/DuitNow/duitNow_mobileNumberFavTransaction" status="FAILED">
         <failure type="FAILED" message="Test Cases/DuitNow/duitNow_mobileNumberFavTransaction FAILED.
Reason:
com.kms.katalon.core.exception.StepFailedException: Failed to check for element 'Object Repository/Dashboard/mainBottomMenuMaybank2uBtn' exist (Root cause: org.openqa.selenium.StaleElementReferenceException: Cached elements 'By.xpath: //*[@class = 'android.widget.TextView' and (@text = 'Maybank2u' or . = 'Maybank2u')]' do not exist in DOM anymore
For documentation on this error, please visit: https://www.seleniumhq.org/exceptions/stale_element_reference.html
Build info: version: '3.141.59', revision: 'e82be7d358', time: '2018-11-14T08:25:53'
System info: host: '00139272s-MacBook-Pro.local', ip: '2001:d08:e4:6521:80dd:b348:ad54:77%en0', os.name: 'Mac OS X', os.arch: 'x86_64', os.version: '10.16', java.version: '1.8.0_275'
Driver info: com.kms.katalon.core.appium.driver.SwipeableAndroidDriver
Capabilities {app: /Users/a00139272/Katalon St..., appActivity: com.maybank2u.life.MainActi..., appPackage: com.maybank2u.life.uat, appWaitActivity: *, autoGrantPermissions: true, automationName: uiautomator2, chromedriverPort: 60818, databaseEnabled: false, desired: {app: /Users/a00139272/Katalon St..., appActivity: com.maybank2u.life.MainActi..., appPackage: com.maybank2u.life.uat, appWaitActivity: *, autoGrantPermissions: true, automationName: uiautomator2, chromedriverPort: 60818, deviceId: 002b9cc60508, deviceName: Xiaomi 21061119AG (Android 11), fullReset: false, newCommandTimeout: 1800, noReset: true, platform: ANDROID, platformName: android, platformVersion: 11, systemPort: 61583, udid: 002b9cc60508}, deviceApiLevel: 30, deviceId: 002b9cc60508, deviceManufacturer: Xiaomi, deviceModel: 21061119AG, deviceName: 002b9cc60508, deviceScreenDensity: 440, deviceScreenSize: 1080x2400, deviceUDID: 002b9cc60508, fullReset: false, javascriptEnabled: true, locationContextEnabled: false, networkConnectionEnabled: true, newCommandTimeout: 1800, noReset: true, pixelRatio: 2.75, platform: ANDROID, platformName: Android, platformVersion: 11, statBarHeight: 103, systemPort: 61583, takesScreenshot: true, udid: 002b9cc60508, viewportRect: {height: 2064, left: 0, top: 103, width: 1080}, warnings: {}, webStorageEnabled: false}
Session ID: cbe901cf-2cb1-48a7-8742-28b48e0fa753
	at org.openqa.selenium.remote.http.W3CHttpResponseCodec.createException(W3CHttpResponseCodec.java:187)
	at org.openqa.selenium.remote.http.W3CHttpResponseCodec.decode(W3CHttpResponseCodec.java:122)
	at org.openqa.selenium.remote.http.W3CHttpResponseCodec.decode(W3CHttpResponseCodec.java:49)
	at org.openqa.selenium.remote.HttpCommandExecutor.execute(HttpCommandExecutor.java:158)
	at io.appium.java_client.remote.AppiumCommandExecutor.execute(AppiumCommandExecutor.java:239)
	at org.openqa.selenium.remote.RemoteWebDriver.execute(RemoteWebDriver.java:552)
	at io.appium.java_client.DefaultGenericMobileDriver.execute(DefaultGenericMobileDriver.java:42)
	at io.appium.java_client.AppiumDriver.execute(AppiumDriver.java:1)
	at io.appium.java_client.android.AndroidDriver.execute(AndroidDriver.java:1)
	at com.kms.katalon.core.appium.driver.SwipeableAndroidDriver.execute(SwipeableAndroidDriver.java:1)
	at org.openqa.selenium.remote.RemoteWebElement.execute(RemoteWebElement.java:285)
	at io.appium.java_client.DefaultGenericMobileElement.execute(DefaultGenericMobileElement.java:45)
	at io.appium.java_client.MobileElement.execute(MobileElement.java:1)
	at io.appium.java_client.android.AndroidElement.execute(AndroidElement.java:1)
	at org.openqa.selenium.remote.RemoteWebElement.getLocation(RemoteWebElement.java:337)
	at org.openqa.selenium.WebElement$getLocation.call(Unknown Source)
	at com.kms.katalon.core.mobile.keyword.internal.MobileAbstractKeyword.findElement(MobileAbstractKeyword.groovy:86)
	at com.kms.katalon.core.mobile.keyword.builtin.VerifyElementExistKeyword.access$1(VerifyElementExistKeyword.groovy)
	at com.kms.katalon.core.mobile.keyword.builtin.VerifyElementExistKeyword$_verifyElementExist_closure1.doCall(VerifyElementExistKeyword.groovy:72)
	at com.kms.katalon.core.mobile.keyword.builtin.VerifyElementExistKeyword$_verifyElementExist_closure1.call(VerifyElementExistKeyword.groovy)
	at com.kms.katalon.core.mobile.keyword.internal.MobileKeywordMain.runKeyword(MobileKeywordMain.groovy:21)
	at com.kms.katalon.core.mobile.keyword.builtin.VerifyElementExistKeyword.verifyElementExist(VerifyElementExistKeyword.groovy:80)
	at com.kms.katalon.core.mobile.keyword.builtin.VerifyElementExistKeyword.execute(VerifyElementExistKeyword.groovy:64)
	at com.kms.katalon.core.keyword.internal.KeywordExecutor.executeKeywordForPlatform(KeywordExecutor.groovy:74)
	at com.kms.katalon.core.mobile.keyword.MobileBuiltInKeywords.verifyElementExist(MobileBuiltInKeywords.groovy:1755)
	at com.kms.katalon.core.mobile.keyword.MobileBuiltInKeywords$verifyElementExist$8.call(Unknown Source)
	at duitNow_mobileNumberFavTransaction.run(duitNow_mobileNumberFavTransaction:38)
	at com.kms.katalon.core.main.ScriptEngine.run(ScriptEngine.java:194)
	at com.kms.katalon.core.main.ScriptEngine.runScriptAsRawText(ScriptEngine.java:119)
	at com.kms.katalon.core.main.TestCaseExecutor.runScript(TestCaseExecutor.java:445)
	at com.kms.katalon.core.main.TestCaseExecutor.doExecute(TestCaseExecutor.java:436)
	at com.kms.katalon.core.main.TestCaseExecutor.processExecutionPhase(TestCaseExecutor.java:415)
	at com.kms.katalon.core.main.TestCaseExecutor.accessMainPhase(TestCaseExecutor.java:407)
	at com.kms.katalon.core.main.TestCaseExecutor.execute(TestCaseExecutor.java:284)
	at com.kms.katalon.core.common.CommonExecutor.accessTestCaseMainPhase(CommonExecutor.java:65)
	at com.kms.katalon.core.main.TestSuiteExecutor.accessTestSuiteMainPhase(TestSuiteExecutor.java:144)
	at com.kms.katalon.core.main.TestSuiteExecutor.execute(TestSuiteExecutor.java:106)
	at com.kms.katalon.core.main.TestCaseMain.startTestSuite(TestCaseMain.java:185)
	at com.kms.katalon.core.main.TestCaseMain$startTestSuite$0.call(Unknown Source)
	at TempTestSuite1655360254384.run(TempTestSuite1655360254384.groovy:36)
)
	at com.kms.katalon.core.keyword.internal.KeywordMain.stepFailed(KeywordMain.groovy:39)
	at com.kms.katalon.core.mobile.keyword.internal.MobileKeywordMain.stepFailed(MobileKeywordMain.groovy:40)
	at com.kms.katalon.core.mobile.keyword.internal.MobileKeywordMain.runKeyword(MobileKeywordMain.groovy:23)
	at com.kms.katalon.core.mobile.keyword.builtin.VerifyElementExistKeyword.verifyElementExist(VerifyElementExistKeyword.groovy:80)
	at com.kms.katalon.core.mobile.keyword.builtin.VerifyElementExistKeyword.execute(VerifyElementExistKeyword.groovy:64)
	at com.kms.katalon.core.keyword.internal.KeywordExecutor.executeKeywordForPlatform(KeywordExecutor.groovy:74)
	at com.kms.katalon.core.mobile.keyword.MobileBuiltInKeywords.verifyElementExist(MobileBuiltInKeywords.groovy:1755)
	at com.kms.katalon.core.mobile.keyword.MobileBuiltInKeywords$verifyElementExist$8.call(Unknown Source)
	at duitNow_mobileNumberFavTransaction.run(duitNow_mobileNumberFavTransaction:38)
	at com.kms.katalon.core.main.ScriptEngine.run(ScriptEngine.java:194)
	at com.kms.katalon.core.main.ScriptEngine.runScriptAsRawText(ScriptEngine.java:119)
	at com.kms.katalon.core.main.TestCaseExecutor.runScript(TestCaseExecutor.java:445)
	at com.kms.katalon.core.main.TestCaseExecutor.doExecute(TestCaseExecutor.java:436)
	at com.kms.katalon.core.main.TestCaseExecutor.processExecutionPhase(TestCaseExecutor.java:415)
	at com.kms.katalon.core.main.TestCaseExecutor.accessMainPhase(TestCaseExecutor.java:407)
	at com.kms.katalon.core.main.TestCaseExecutor.execute(TestCaseExecutor.java:284)
	at com.kms.katalon.core.common.CommonExecutor.accessTestCaseMainPhase(CommonExecutor.java:65)
	at com.kms.katalon.core.main.TestSuiteExecutor.accessTestSuiteMainPhase(TestSuiteExecutor.java:144)
	at com.kms.katalon.core.main.TestSuiteExecutor.execute(TestSuiteExecutor.java:106)
	at com.kms.katalon.core.main.TestCaseMain.startTestSuite(TestCaseMain.java:185)
	at com.kms.katalon.core.main.TestCaseMain$startTestSuite$0.call(Unknown Source)
	at TempTestSuite1655360254384.run(TempTestSuite1655360254384.groovy:36)
Caused by: org.openqa.selenium.StaleElementReferenceException: Cached elements 'By.xpath: //*[@class = 'android.widget.TextView' and (@text = 'Maybank2u' or . = 'Maybank2u')]' do not exist in DOM anymore
For documentation on this error, please visit: https://www.seleniumhq.org/exceptions/stale_element_reference.html
Build info: version: '3.141.59', revision: 'e82be7d358', time: '2018-11-14T08:25:53'
System info: host: '00139272s-MacBook-Pro.local', ip: '2001:d08:e4:6521:80dd:b348:ad54:77%en0', os.name: 'Mac OS X', os.arch: 'x86_64', os.version: '10.16', java.version: '1.8.0_275'
Driver info: com.kms.katalon.core.appium.driver.SwipeableAndroidDriver
Capabilities {app: /Users/a00139272/Katalon St..., appActivity: com.maybank2u.life.MainActi..., appPackage: com.maybank2u.life.uat, appWaitActivity: *, autoGrantPermissions: true, automationName: uiautomator2, chromedriverPort: 60818, databaseEnabled: false, desired: {app: /Users/a00139272/Katalon St..., appActivity: com.maybank2u.life.MainActi..., appPackage: com.maybank2u.life.uat, appWaitActivity: *, autoGrantPermissions: true, automationName: uiautomator2, chromedriverPort: 60818, deviceId: 002b9cc60508, deviceName: Xiaomi 21061119AG (Android 11), fullReset: false, newCommandTimeout: 1800, noReset: true, platform: ANDROID, platformName: android, platformVersion: 11, systemPort: 61583, udid: 002b9cc60508}, deviceApiLevel: 30, deviceId: 002b9cc60508, deviceManufacturer: Xiaomi, deviceModel: 21061119AG, deviceName: 002b9cc60508, deviceScreenDensity: 440, deviceScreenSize: 1080x2400, deviceUDID: 002b9cc60508, fullReset: false, javascriptEnabled: true, locationContextEnabled: false, networkConnectionEnabled: true, newCommandTimeout: 1800, noReset: true, pixelRatio: 2.75, platform: ANDROID, platformName: Android, platformVersion: 11, statBarHeight: 103, systemPort: 61583, takesScreenshot: true, udid: 002b9cc60508, viewportRect: {height: 2064, left: 0, top: 103, width: 1080}, warnings: {}, webStorageEnabled: false}
Session ID: cbe901cf-2cb1-48a7-8742-28b48e0fa753
	at org.openqa.selenium.remote.http.W3CHttpResponseCodec.createException(W3CHttpResponseCodec.java:187)
	at org.openqa.selenium.remote.http.W3CHttpResponseCodec.decode(W3CHttpResponseCodec.java:122)
	at org.openqa.selenium.remote.http.W3CHttpResponseCodec.decode(W3CHttpResponseCodec.java:49)
	at org.openqa.selenium.remote.HttpCommandExecutor.execute(HttpCommandExecutor.java:158)
	at io.appium.java_client.remote.AppiumCommandExecutor.execute(AppiumCommandExecutor.java:239)
	at org.openqa.selenium.remote.RemoteWebDriver.execute(RemoteWebDriver.java:552)
	at io.appium.java_client.DefaultGenericMobileDriver.execute(DefaultGenericMobileDriver.java:42)
	at io.appium.java_client.AppiumDriver.execute(AppiumDriver.java:1)
	at io.appium.java_client.android.AndroidDriver.execute(AndroidDriver.java:1)
	at com.kms.katalon.core.appium.driver.SwipeableAndroidDriver.execute(SwipeableAndroidDriver.java:1)
	at org.openqa.selenium.remote.RemoteWebElement.execute(RemoteWebElement.java:285)
	at io.appium.java_client.DefaultGenericMobileElement.execute(DefaultGenericMobileElement.java:45)
	at io.appium.java_client.MobileElement.execute(MobileElement.java:1)
	at io.appium.java_client.android.AndroidElement.execute(AndroidElement.java:1)
	at org.openqa.selenium.remote.RemoteWebElement.getLocation(RemoteWebElement.java:337)
	at org.openqa.selenium.WebElement$getLocation.call(Unknown Source)
	at com.kms.katalon.core.mobile.keyword.internal.MobileAbstractKeyword.findElement(MobileAbstractKeyword.groovy:86)
	at com.kms.katalon.core.mobile.keyword.builtin.VerifyElementExistKeyword.access$1(VerifyElementExistKeyword.groovy)
	at com.kms.katalon.core.mobile.keyword.builtin.VerifyElementExistKeyword$_verifyElementExist_closure1.doCall(VerifyElementExistKeyword.groovy:72)
	at com.kms.katalon.core.mobile.keyword.builtin.VerifyElementExistKeyword$_verifyElementExist_closure1.call(VerifyElementExistKeyword.groovy)
	at com.kms.katalon.core.mobile.keyword.internal.MobileKeywordMain.runKeyword(MobileKeywordMain.groovy:21)
	... 19 more
"/>
         <system-out><![CDATA[2022-06-16 15:05:22 - [TEST_CASE][FAILED] - Test Cases/DuitNow/duitNow_mobileNumberFavTransaction: Test Cases/DuitNow/duitNow_mobileNumberFavTransaction FAILED.
Reason:
com.kms.katalon.core.exception.StepFailedException: Failed to check for element 'Object Repository/Dashboard/mainBottomMenuMaybank2uBtn' exist (Root cause: org.openqa.selenium.StaleElementReferenceException: Cached elements 'By.xpath: //*[@class = 'android.widget.TextView' and (@text = 'Maybank2u' or . = 'Maybank2u')]' do not exist in DOM anymore
For documentation on this error, please visit: https://www.seleniumhq.org/exceptions/stale_element_reference.html
Build info: version: '3.141.59', revision: 'e82be7d358', time: '2018-11-14T08:25:53'
System info: host: '00139272s-MacBook-Pro.local', ip: '2001:d08:e4:6521:80dd:b348:ad54:77%en0', os.name: 'Mac OS X', os.arch: 'x86_64', os.version: '10.16', java.version: '1.8.0_275'
Driver info: com.kms.katalon.core.appium.driver.SwipeableAndroidDriver
Capabilities {app: /Users/a00139272/Katalon St..., appActivity: com.maybank2u.life.MainActi..., appPackage: com.maybank2u.life.uat, appWaitActivity: *, autoGrantPermissions: true, automationName: uiautomator2, chromedriverPort: 60818, databaseEnabled: false, desired: {app: /Users/a00139272/Katalon St..., appActivity: com.maybank2u.life.MainActi..., appPackage: com.maybank2u.life.uat, appWaitActivity: *, autoGrantPermissions: true, automationName: uiautomator2, chromedriverPort: 60818, deviceId: 002b9cc60508, deviceName: Xiaomi 21061119AG (Android 11), fullReset: false, newCommandTimeout: 1800, noReset: true, platform: ANDROID, platformName: android, platformVersion: 11, systemPort: 61583, udid: 002b9cc60508}, deviceApiLevel: 30, deviceId: 002b9cc60508, deviceManufacturer: Xiaomi, deviceModel: 21061119AG, deviceName: 002b9cc60508, deviceScreenDensity: 440, deviceScreenSize: 1080x2400, deviceUDID: 002b9cc60508, fullReset: false, javascriptEnabled: true, locationContextEnabled: false, networkConnectionEnabled: true, newCommandTimeout: 1800, noReset: true, pixelRatio: 2.75, platform: ANDROID, platformName: Android, platformVersion: 11, statBarHeight: 103, systemPort: 61583, takesScreenshot: true, udid: 002b9cc60508, viewportRect: {height: 2064, left: 0, top: 103, width: 1080}, warnings: {}, webStorageEnabled: false}
Session ID: cbe901cf-2cb1-48a7-8742-28b48e0fa753
	at org.openqa.selenium.remote.http.W3CHttpResponseCodec.createException(W3CHttpResponseCodec.java:187)
	at org.openqa.selenium.remote.http.W3CHttpResponseCodec.decode(W3CHttpResponseCodec.java:122)
	at org.openqa.selenium.remote.http.W3CHttpResponseCodec.decode(W3CHttpResponseCodec.java:49)
	at org.openqa.selenium.remote.HttpCommandExecutor.execute(HttpCommandExecutor.java:158)
	at io.appium.java_client.remote.AppiumCommandExecutor.execute(AppiumCommandExecutor.java:239)
	at org.openqa.selenium.remote.RemoteWebDriver.execute(RemoteWebDriver.java:552)
	at io.appium.java_client.DefaultGenericMobileDriver.execute(DefaultGenericMobileDriver.java:42)
	at io.appium.java_client.AppiumDriver.execute(AppiumDriver.java:1)
	at io.appium.java_client.android.AndroidDriver.execute(AndroidDriver.java:1)
	at com.kms.katalon.core.appium.driver.SwipeableAndroidDriver.execute(SwipeableAndroidDriver.java:1)
	at org.openqa.selenium.remote.RemoteWebElement.execute(RemoteWebElement.java:285)
	at io.appium.java_client.DefaultGenericMobileElement.execute(DefaultGenericMobileElement.java:45)
	at io.appium.java_client.MobileElement.execute(MobileElement.java:1)
	at io.appium.java_client.android.AndroidElement.execute(AndroidElement.java:1)
	at org.openqa.selenium.remote.RemoteWebElement.getLocation(RemoteWebElement.java:337)
	at org.openqa.selenium.WebElement$getLocation.call(Unknown Source)
	at com.kms.katalon.core.mobile.keyword.internal.MobileAbstractKeyword.findElement(MobileAbstractKeyword.groovy:86)
	at com.kms.katalon.core.mobile.keyword.builtin.VerifyElementExistKeyword.access$1(VerifyElementExistKeyword.groovy)
	at com.kms.katalon.core.mobile.keyword.builtin.VerifyElementExistKeyword$_verifyElementExist_closure1.doCall(VerifyElementExistKeyword.groovy:72)
	at com.kms.katalon.core.mobile.keyword.builtin.VerifyElementExistKeyword$_verifyElementExist_closure1.call(VerifyElementExistKeyword.groovy)
	at com.kms.katalon.core.mobile.keyword.internal.MobileKeywordMain.runKeyword(MobileKeywordMain.groovy:21)
	at com.kms.katalon.core.mobile.keyword.builtin.VerifyElementExistKeyword.verifyElementExist(VerifyElementExistKeyword.groovy:80)
	at com.kms.katalon.core.mobile.keyword.builtin.VerifyElementExistKeyword.execute(VerifyElementExistKeyword.groovy:64)
	at com.kms.katalon.core.keyword.internal.KeywordExecutor.executeKeywordForPlatform(KeywordExecutor.groovy:74)
	at com.kms.katalon.core.mobile.keyword.MobileBuiltInKeywords.verifyElementExist(MobileBuiltInKeywords.groovy:1755)
	at com.kms.katalon.core.mobile.keyword.MobileBuiltInKeywords$verifyElementExist$8.call(Unknown Source)
	at duitNow_mobileNumberFavTransaction.run(duitNow_mobileNumberFavTransaction:38)
	at com.kms.katalon.core.main.ScriptEngine.run(ScriptEngine.java:194)
	at com.kms.katalon.core.main.ScriptEngine.runScriptAsRawText(ScriptEngine.java:119)
	at com.kms.katalon.core.main.TestCaseExecutor.runScript(TestCaseExecutor.java:445)
	at com.kms.katalon.core.main.TestCaseExecutor.doExecute(TestCaseExecutor.java:436)
	at com.kms.katalon.core.main.TestCaseExecutor.processExecutionPhase(TestCaseExecutor.java:415)
	at com.kms.katalon.core.main.TestCaseExecutor.accessMainPhase(TestCaseExecutor.java:407)
	at com.kms.katalon.core.main.TestCaseExecutor.execute(TestCaseExecutor.java:284)
	at com.kms.katalon.core.common.CommonExecutor.accessTestCaseMainPhase(CommonExecutor.java:65)
	at com.kms.katalon.core.main.TestSuiteExecutor.accessTestSuiteMainPhase(TestSuiteExecutor.java:144)
	at com.kms.katalon.core.main.TestSuiteExecutor.execute(TestSuiteExecutor.java:106)
	at com.kms.katalon.core.main.TestCaseMain.startTestSuite(TestCaseMain.java:185)
	at com.kms.katalon.core.main.TestCaseMain$startTestSuite$0.call(Unknown Source)
	at TempTestSuite1655360254384.run(TempTestSuite1655360254384.groovy:36)
)
	at com.kms.katalon.core.keyword.internal.KeywordMain.stepFailed(KeywordMain.groovy:39)
	at com.kms.katalon.core.mobile.keyword.internal.MobileKeywordMain.stepFailed(MobileKeywordMain.groovy:40)
	at com.kms.katalon.core.mobile.keyword.internal.MobileKeywordMain.runKeyword(MobileKeywordMain.groovy:23)
	at com.kms.katalon.core.mobile.keyword.builtin.VerifyElementExistKeyword.verifyElementExist(VerifyElementExistKeyword.groovy:80)
	at com.kms.katalon.core.mobile.keyword.builtin.VerifyElementExistKeyword.execute(VerifyElementExistKeyword.groovy:64)
	at com.kms.katalon.core.keyword.internal.KeywordExecutor.executeKeywordForPlatform(KeywordExecutor.groovy:74)
	at com.kms.katalon.core.mobile.keyword.MobileBuiltInKeywords.verifyElementExist(MobileBuiltInKeywords.groovy:1755)
	at com.kms.katalon.core.mobile.keyword.MobileBuiltInKeywords$verifyElementExist$8.call(Unknown Source)
	at duitNow_mobileNumberFavTransaction.run(duitNow_mobileNumberFavTransaction:38)
	at com.kms.katalon.core.main.ScriptEngine.run(ScriptEngine.java:194)
	at com.kms.katalon.core.main.ScriptEngine.runScriptAsRawText(ScriptEngine.java:119)
	at com.kms.katalon.core.main.TestCaseExecutor.runScript(TestCaseExecutor.java:445)
	at com.kms.katalon.core.main.TestCaseExecutor.doExecute(TestCaseExecutor.java:436)
	at com.kms.katalon.core.main.TestCaseExecutor.processExecutionPhase(TestCaseExecutor.java:415)
	at com.kms.katalon.core.main.TestCaseExecutor.accessMainPhase(TestCaseExecutor.java:407)
	at com.kms.katalon.core.main.TestCaseExecutor.execute(TestCaseExecutor.java:284)
	at com.kms.katalon.core.common.CommonExecutor.accessTestCaseMainPhase(CommonExecutor.java:65)
	at com.kms.katalon.core.main.TestSuiteExecutor.accessTestSuiteMainPhase(TestSuiteExecutor.java:144)
	at com.kms.katalon.core.main.TestSuiteExecutor.execute(TestSuiteExecutor.java:106)
	at com.kms.katalon.core.main.TestCaseMain.startTestSuite(TestCaseMain.java:185)
	at com.kms.katalon.core.main.TestCaseMain$startTestSuite$0.call(Unknown Source)
	at TempTestSuite1655360254384.run(TempTestSuite1655360254384.groovy:36)
Caused by: org.openqa.selenium.StaleElementReferenceException: Cached elements 'By.xpath: //*[@class = 'android.widget.TextView' and (@text = 'Maybank2u' or . = 'Maybank2u')]' do not exist in DOM anymore
For documentation on this error, please visit: https://www.seleniumhq.org/exceptions/stale_element_reference.html
Build info: version: '3.141.59', revision: 'e82be7d358', time: '2018-11-14T08:25:53'
System info: host: '00139272s-MacBook-Pro.local', ip: '2001:d08:e4:6521:80dd:b348:ad54:77%en0', os.name: 'Mac OS X', os.arch: 'x86_64', os.version: '10.16', java.version: '1.8.0_275'
Driver info: com.kms.katalon.core.appium.driver.SwipeableAndroidDriver
Capabilities {app: /Users/a00139272/Katalon St..., appActivity: com.maybank2u.life.MainActi..., appPackage: com.maybank2u.life.uat, appWaitActivity: *, autoGrantPermissions: true, automationName: uiautomator2, chromedriverPort: 60818, databaseEnabled: false, desired: {app: /Users/a00139272/Katalon St..., appActivity: com.maybank2u.life.MainActi..., appPackage: com.maybank2u.life.uat, appWaitActivity: *, autoGrantPermissions: true, automationName: uiautomator2, chromedriverPort: 60818, deviceId: 002b9cc60508, deviceName: Xiaomi 21061119AG (Android 11), fullReset: false, newCommandTimeout: 1800, noReset: true, platform: ANDROID, platformName: android, platformVersion: 11, systemPort: 61583, udid: 002b9cc60508}, deviceApiLevel: 30, deviceId: 002b9cc60508, deviceManufacturer: Xiaomi, deviceModel: 21061119AG, deviceName: 002b9cc60508, deviceScreenDensity: 440, deviceScreenSize: 1080x2400, deviceUDID: 002b9cc60508, fullReset: false, javascriptEnabled: true, locationContextEnabled: false, networkConnectionEnabled: true, newCommandTimeout: 1800, noReset: true, pixelRatio: 2.75, platform: ANDROID, platformName: Android, platformVersion: 11, statBarHeight: 103, systemPort: 61583, takesScreenshot: true, udid: 002b9cc60508, viewportRect: {height: 2064, left: 0, top: 103, width: 1080}, warnings: {}, webStorageEnabled: false}
Session ID: cbe901cf-2cb1-48a7-8742-28b48e0fa753
	at org.openqa.selenium.remote.http.W3CHttpResponseCodec.createException(W3CHttpResponseCodec.java:187)
	at org.openqa.selenium.remote.http.W3CHttpResponseCodec.decode(W3CHttpResponseCodec.java:122)
	at org.openqa.selenium.remote.http.W3CHttpResponseCodec.decode(W3CHttpResponseCodec.java:49)
	at org.openqa.selenium.remote.HttpCommandExecutor.execute(HttpCommandExecutor.java:158)
	at io.appium.java_client.remote.AppiumCommandExecutor.execute(AppiumCommandExecutor.java:239)
	at org.openqa.selenium.remote.RemoteWebDriver.execute(RemoteWebDriver.java:552)
	at io.appium.java_client.DefaultGenericMobileDriver.execute(DefaultGenericMobileDriver.java:42)
	at io.appium.java_client.AppiumDriver.execute(AppiumDriver.java:1)
	at io.appium.java_client.android.AndroidDriver.execute(AndroidDriver.java:1)
	at com.kms.katalon.core.appium.driver.SwipeableAndroidDriver.execute(SwipeableAndroidDriver.java:1)
	at org.openqa.selenium.remote.RemoteWebElement.execute(RemoteWebElement.java:285)
	at io.appium.java_client.DefaultGenericMobileElement.execute(DefaultGenericMobileElement.java:45)
	at io.appium.java_client.MobileElement.execute(MobileElement.java:1)
	at io.appium.java_client.android.AndroidElement.execute(AndroidElement.java:1)
	at org.openqa.selenium.remote.RemoteWebElement.getLocation(RemoteWebElement.java:337)
	at org.openqa.selenium.WebElement$getLocation.call(Unknown Source)
	at com.kms.katalon.core.mobile.keyword.internal.MobileAbstractKeyword.findElement(MobileAbstractKeyword.groovy:86)
	at com.kms.katalon.core.mobile.keyword.builtin.VerifyElementExistKeyword.access$1(VerifyElementExistKeyword.groovy)
	at com.kms.katalon.core.mobile.keyword.builtin.VerifyElementExistKeyword$_verifyElementExist_closure1.doCall(VerifyElementExistKeyword.groovy:72)
	at com.kms.katalon.core.mobile.keyword.builtin.VerifyElementExistKeyword$_verifyElementExist_closure1.call(VerifyElementExistKeyword.groovy)
	at com.kms.katalon.core.mobile.keyword.internal.MobileKeywordMain.runKeyword(MobileKeywordMain.groovy:21)
	... 19 more


2022-06-16 15:05:22 - [TEST_STEP][PASSED] - setMobileDriverPreferencesProperty("appPackage", "com.maybank2u.life.uat"): null

2022-06-16 15:05:22 - [TEST_STEP][PASSED] - setMobileDriverPreferencesProperty("appActivity", "com.maybank2u.life.MainActivity"): null

2022-06-16 15:05:22 - [TEST_STEP][PASSED] - if (isApplicationOpened == false): Started app at: '/Users/a00139272/Katalon Studio/MAE/androidapp/app-dev-universal-release (1).apk'

2022-06-16 15:05:22 - [TEST_STEP][PASSED] - startApplication(appPath, false): Started app at: '/Users/a00139272/Katalon Studio/MAE/androidapp/app-dev-universal-release (1).apk'

2022-06-16 15:05:22 - [MESSAGE][INFO] - User set preference: ['appWaitActivity', '*']

2022-06-16 15:05:22 - [MESSAGE][INFO] - User set preference: ['deviceId', '002b9cc60508']

2022-06-16 15:05:22 - [MESSAGE][INFO] - User set preference: ['appPackage', 'com.maybank2u.life.uat']

2022-06-16 15:05:22 - [MESSAGE][INFO] - User set preference: ['appActivity', 'com.maybank2u.life.MainActivity']

2022-06-16 15:05:31 - [MESSAGE][PASSED] - Started app at: '/Users/a00139272/Katalon Studio/MAE/androidapp/app-dev-universal-release (1).apk'

2022-06-16 15:05:31 - [TEST_STEP][PASSED] - delay(5): Delayed 5 second(s)

2022-06-16 15:05:36 - [MESSAGE][PASSED] - Delayed 5 second(s)

2022-06-16 15:05:36 - [TEST_STEP][PASSED] - verifyElementExist(findTestObject("Object Repository/Dashboard/dashboardWalletTopSelect"), 0): Element 'Object Repository/Dashboard/dashboardWalletTopSelect' is exist

2022-06-16 15:05:36 - [MESSAGE][WARNING] - Timeout '0' is invalid. Using default page load timeout: '40'

2022-06-16 15:05:38 - [MESSAGE][PASSED] - Element 'Object Repository/Dashboard/dashboardWalletTopSelect' is exist

2022-06-16 15:05:38 - [TEST_STEP][PASSED] - verifyElementExist(findTestObject("Object Repository/Dashboard/dashboardQuickActionsTitleTxt"), 0): Element 'Object Repository/Dashboard/dashboardQuickActionsTitleTxt' is exist

2022-06-16 15:05:38 - [MESSAGE][WARNING] - Timeout '0' is invalid. Using default page load timeout: '40'

2022-06-16 15:05:39 - [MESSAGE][PASSED] - Element 'Object Repository/Dashboard/dashboardQuickActionsTitleTxt' is exist

2022-06-16 15:05:39 - [TEST_STEP][PASSED] - verifyElementExist(findTestObject("Object Repository/Dashboard/dashboardSSLTitleTxt"), 0): Element 'Object Repository/Dashboard/dashboardSSLTitleTxt' is exist

2022-06-16 15:05:39 - [MESSAGE][WARNING] - Timeout '0' is invalid. Using default page load timeout: '40'

2022-06-16 15:05:39 - [MESSAGE][PASSED] - Element 'Object Repository/Dashboard/dashboardSSLTitleTxt' is exist

2022-06-16 15:05:39 - [TEST_STEP][FAILED] - verifyElementExist(findTestObject("Object Repository/Dashboard/mainBottomMenuMaybank2uBtn"), 0): Failed to check for element 'Object Repository/Dashboard/mainBottomMenuMaybank2uBtn' exist (Root cause: org.openqa.selenium.StaleElementReferenceException: Cached elements 'By.xpath: //*[@class = 'android.widget.TextView' and (@text = 'Maybank2u' or . = 'Maybank2u')]' do not exist in DOM anymore
For documentation on this error, please visit: https://www.seleniumhq.org/exceptions/stale_element_reference.html
Build info: version: '3.141.59', revision: 'e82be7d358', time: '2018-11-14T08:25:53'
System info: host: '00139272s-MacBook-Pro.local', ip: '2001:d08:e4:6521:80dd:b348:ad54:77%en0', os.name: 'Mac OS X', os.arch: 'x86_64', os.version: '10.16', java.version: '1.8.0_275'
Driver info: com.kms.katalon.core.appium.driver.SwipeableAndroidDriver
Capabilities {app: /Users/a00139272/Katalon St..., appActivity: com.maybank2u.life.MainActi..., appPackage: com.maybank2u.life.uat, appWaitActivity: *, autoGrantPermissions: true, automationName: uiautomator2, chromedriverPort: 60818, databaseEnabled: false, desired: {app: /Users/a00139272/Katalon St..., appActivity: com.maybank2u.life.MainActi..., appPackage: com.maybank2u.life.uat, appWaitActivity: *, autoGrantPermissions: true, automationName: uiautomator2, chromedriverPort: 60818, deviceId: 002b9cc60508, deviceName: Xiaomi 21061119AG (Android 11), fullReset: false, newCommandTimeout: 1800, noReset: true, platform: ANDROID, platformName: android, platformVersion: 11, systemPort: 61583, udid: 002b9cc60508}, deviceApiLevel: 30, deviceId: 002b9cc60508, deviceManufacturer: Xiaomi, deviceModel: 21061119AG, deviceName: 002b9cc60508, deviceScreenDensity: 440, deviceScreenSize: 1080x2400, deviceUDID: 002b9cc60508, fullReset: false, javascriptEnabled: true, locationContextEnabled: false, networkConnectionEnabled: true, newCommandTimeout: 1800, noReset: true, pixelRatio: 2.75, platform: ANDROID, platformName: Android, platformVersion: 11, statBarHeight: 103, systemPort: 61583, takesScreenshot: true, udid: 002b9cc60508, viewportRect: {height: 2064, left: 0, top: 103, width: 1080}, warnings: {}, webStorageEnabled: false}
Session ID: cbe901cf-2cb1-48a7-8742-28b48e0fa753
	at org.openqa.selenium.remote.http.W3CHttpResponseCodec.createException(W3CHttpResponseCodec.java:187)
	at org.openqa.selenium.remote.http.W3CHttpResponseCodec.decode(W3CHttpResponseCodec.java:122)
	at org.openqa.selenium.remote.http.W3CHttpResponseCodec.decode(W3CHttpResponseCodec.java:49)
	at org.openqa.selenium.remote.HttpCommandExecutor.execute(HttpCommandExecutor.java:158)
	at io.appium.java_client.remote.AppiumCommandExecutor.execute(AppiumCommandExecutor.java:239)
	at org.openqa.selenium.remote.RemoteWebDriver.execute(RemoteWebDriver.java:552)
	at io.appium.java_client.DefaultGenericMobileDriver.execute(DefaultGenericMobileDriver.java:42)
	at io.appium.java_client.AppiumDriver.execute(AppiumDriver.java:1)
	at io.appium.java_client.android.AndroidDriver.execute(AndroidDriver.java:1)
	at com.kms.katalon.core.appium.driver.SwipeableAndroidDriver.execute(SwipeableAndroidDriver.java:1)
	at org.openqa.selenium.remote.RemoteWebElement.execute(RemoteWebElement.java:285)
	at io.appium.java_client.DefaultGenericMobileElement.execute(DefaultGenericMobileElement.java:45)
	at io.appium.java_client.MobileElement.execute(MobileElement.java:1)
	at io.appium.java_client.android.AndroidElement.execute(AndroidElement.java:1)
	at org.openqa.selenium.remote.RemoteWebElement.getLocation(RemoteWebElement.java:337)
	at org.openqa.selenium.WebElement$getLocation.call(Unknown Source)
	at com.kms.katalon.core.mobile.keyword.internal.MobileAbstractKeyword.findElement(MobileAbstractKeyword.groovy:86)
	at com.kms.katalon.core.mobile.keyword.builtin.VerifyElementExistKeyword.access$1(VerifyElementExistKeyword.groovy)
	at com.kms.katalon.core.mobile.keyword.builtin.VerifyElementExistKeyword$_verifyElementExist_closure1.doCall(VerifyElementExistKeyword.groovy:72)
	at com.kms.katalon.core.mobile.keyword.builtin.VerifyElementExistKeyword$_verifyElementExist_closure1.call(VerifyElementExistKeyword.groovy)
	at com.kms.katalon.core.mobile.keyword.internal.MobileKeywordMain.runKeyword(MobileKeywordMain.groovy:21)
	at com.kms.katalon.core.mobile.keyword.builtin.VerifyElementExistKeyword.verifyElementExist(VerifyElementExistKeyword.groovy:80)
	at com.kms.katalon.core.mobile.keyword.builtin.VerifyElementExistKeyword.execute(VerifyElementExistKeyword.groovy:64)
	at com.kms.katalon.core.keyword.internal.KeywordExecutor.executeKeywordForPlatform(KeywordExecutor.groovy:74)
	at com.kms.katalon.core.mobile.keyword.MobileBuiltInKeywords.verifyElementExist(MobileBuiltInKeywords.groovy:1755)
	at com.kms.katalon.core.mobile.keyword.MobileBuiltInKeywords$verifyElementExist$8.call(Unknown Source)
	at duitNow_mobileNumberFavTransaction.run(duitNow_mobileNumberFavTransaction:38)
	at com.kms.katalon.core.main.ScriptEngine.run(ScriptEngine.java:194)
	at com.kms.katalon.core.main.ScriptEngine.runScriptAsRawText(ScriptEngine.java:119)
	at com.kms.katalon.core.main.TestCaseExecutor.runScript(TestCaseExecutor.java:445)
	at com.kms.katalon.core.main.TestCaseExecutor.doExecute(TestCaseExecutor.java:436)
	at com.kms.katalon.core.main.TestCaseExecutor.processExecutionPhase(TestCaseExecutor.java:415)
	at com.kms.katalon.core.main.TestCaseExecutor.accessMainPhase(TestCaseExecutor.java:407)
	at com.kms.katalon.core.main.TestCaseExecutor.execute(TestCaseExecutor.java:284)
	at com.kms.katalon.core.common.CommonExecutor.accessTestCaseMainPhase(CommonExecutor.java:65)
	at com.kms.katalon.core.main.TestSuiteExecutor.accessTestSuiteMainPhase(TestSuiteExecutor.java:144)
	at com.kms.katalon.core.main.TestSuiteExecutor.execute(TestSuiteExecutor.java:106)
	at com.kms.katalon.core.main.TestCaseMain.startTestSuite(TestCaseMain.java:185)
	at com.kms.katalon.core.main.TestCaseMain$startTestSuite$0.call(Unknown Source)
	at TempTestSuite1655360254384.run(TempTestSuite1655360254384.groovy:36)
)

2022-06-16 15:05:39 - [MESSAGE][WARNING] - Timeout '0' is invalid. Using default page load timeout: '40'

2022-06-16 15:05:48 - [MESSAGE][FAILED] - Failed to check for element 'Object Repository/Dashboard/mainBottomMenuMaybank2uBtn' exist (Root cause: org.openqa.selenium.StaleElementReferenceException: Cached elements 'By.xpath: //*[@class = 'android.widget.TextView' and (@text = 'Maybank2u' or . = 'Maybank2u')]' do not exist in DOM anymore
For documentation on this error, please visit: https://www.seleniumhq.org/exceptions/stale_element_reference.html
Build info: version: '3.141.59', revision: 'e82be7d358', time: '2018-11-14T08:25:53'
System info: host: '00139272s-MacBook-Pro.local', ip: '2001:d08:e4:6521:80dd:b348:ad54:77%en0', os.name: 'Mac OS X', os.arch: 'x86_64', os.version: '10.16', java.version: '1.8.0_275'
Driver info: com.kms.katalon.core.appium.driver.SwipeableAndroidDriver
Capabilities {app: /Users/a00139272/Katalon St..., appActivity: com.maybank2u.life.MainActi..., appPackage: com.maybank2u.life.uat, appWaitActivity: *, autoGrantPermissions: true, automationName: uiautomator2, chromedriverPort: 60818, databaseEnabled: false, desired: {app: /Users/a00139272/Katalon St..., appActivity: com.maybank2u.life.MainActi..., appPackage: com.maybank2u.life.uat, appWaitActivity: *, autoGrantPermissions: true, automationName: uiautomator2, chromedriverPort: 60818, deviceId: 002b9cc60508, deviceName: Xiaomi 21061119AG (Android 11), fullReset: false, newCommandTimeout: 1800, noReset: true, platform: ANDROID, platformName: android, platformVersion: 11, systemPort: 61583, udid: 002b9cc60508}, deviceApiLevel: 30, deviceId: 002b9cc60508, deviceManufacturer: Xiaomi, deviceModel: 21061119AG, deviceName: 002b9cc60508, deviceScreenDensity: 440, deviceScreenSize: 1080x2400, deviceUDID: 002b9cc60508, fullReset: false, javascriptEnabled: true, locationContextEnabled: false, networkConnectionEnabled: true, newCommandTimeout: 1800, noReset: true, pixelRatio: 2.75, platform: ANDROID, platformName: Android, platformVersion: 11, statBarHeight: 103, systemPort: 61583, takesScreenshot: true, udid: 002b9cc60508, viewportRect: {height: 2064, left: 0, top: 103, width: 1080}, warnings: {}, webStorageEnabled: false}
Session ID: cbe901cf-2cb1-48a7-8742-28b48e0fa753
	at org.openqa.selenium.remote.http.W3CHttpResponseCodec.createException(W3CHttpResponseCodec.java:187)
	at org.openqa.selenium.remote.http.W3CHttpResponseCodec.decode(W3CHttpResponseCodec.java:122)
	at org.openqa.selenium.remote.http.W3CHttpResponseCodec.decode(W3CHttpResponseCodec.java:49)
	at org.openqa.selenium.remote.HttpCommandExecutor.execute(HttpCommandExecutor.java:158)
	at io.appium.java_client.remote.AppiumCommandExecutor.execute(AppiumCommandExecutor.java:239)
	at org.openqa.selenium.remote.RemoteWebDriver.execute(RemoteWebDriver.java:552)
	at io.appium.java_client.DefaultGenericMobileDriver.execute(DefaultGenericMobileDriver.java:42)
	at io.appium.java_client.AppiumDriver.execute(AppiumDriver.java:1)
	at io.appium.java_client.android.AndroidDriver.execute(AndroidDriver.java:1)
	at com.kms.katalon.core.appium.driver.SwipeableAndroidDriver.execute(SwipeableAndroidDriver.java:1)
	at org.openqa.selenium.remote.RemoteWebElement.execute(RemoteWebElement.java:285)
	at io.appium.java_client.DefaultGenericMobileElement.execute(DefaultGenericMobileElement.java:45)
	at io.appium.java_client.MobileElement.execute(MobileElement.java:1)
	at io.appium.java_client.android.AndroidElement.execute(AndroidElement.java:1)
	at org.openqa.selenium.remote.RemoteWebElement.getLocation(RemoteWebElement.java:337)
	at org.openqa.selenium.WebElement$getLocation.call(Unknown Source)
	at com.kms.katalon.core.mobile.keyword.internal.MobileAbstractKeyword.findElement(MobileAbstractKeyword.groovy:86)
	at com.kms.katalon.core.mobile.keyword.builtin.VerifyElementExistKeyword.access$1(VerifyElementExistKeyword.groovy)
	at com.kms.katalon.core.mobile.keyword.builtin.VerifyElementExistKeyword$_verifyElementExist_closure1.doCall(VerifyElementExistKeyword.groovy:72)
	at com.kms.katalon.core.mobile.keyword.builtin.VerifyElementExistKeyword$_verifyElementExist_closure1.call(VerifyElementExistKeyword.groovy)
	at com.kms.katalon.core.mobile.keyword.internal.MobileKeywordMain.runKeyword(MobileKeywordMain.groovy:21)
	at com.kms.katalon.core.mobile.keyword.builtin.VerifyElementExistKeyword.verifyElementExist(VerifyElementExistKeyword.groovy:80)
	at com.kms.katalon.core.mobile.keyword.builtin.VerifyElementExistKeyword.execute(VerifyElementExistKeyword.groovy:64)
	at com.kms.katalon.core.keyword.internal.KeywordExecutor.executeKeywordForPlatform(KeywordExecutor.groovy:74)
	at com.kms.katalon.core.mobile.keyword.MobileBuiltInKeywords.verifyElementExist(MobileBuiltInKeywords.groovy:1755)
	at com.kms.katalon.core.mobile.keyword.MobileBuiltInKeywords$verifyElementExist$8.call(Unknown Source)
	at duitNow_mobileNumberFavTransaction.run(duitNow_mobileNumberFavTransaction:38)
	at com.kms.katalon.core.main.ScriptEngine.run(ScriptEngine.java:194)
	at com.kms.katalon.core.main.ScriptEngine.runScriptAsRawText(ScriptEngine.java:119)
	at com.kms.katalon.core.main.TestCaseExecutor.runScript(TestCaseExecutor.java:445)
	at com.kms.katalon.core.main.TestCaseExecutor.doExecute(TestCaseExecutor.java:436)
	at com.kms.katalon.core.main.TestCaseExecutor.processExecutionPhase(TestCaseExecutor.java:415)
	at com.kms.katalon.core.main.TestCaseExecutor.accessMainPhase(TestCaseExecutor.java:407)
	at com.kms.katalon.core.main.TestCaseExecutor.execute(TestCaseExecutor.java:284)
	at com.kms.katalon.core.common.CommonExecutor.accessTestCaseMainPhase(CommonExecutor.java:65)
	at com.kms.katalon.core.main.TestSuiteExecutor.accessTestSuiteMainPhase(TestSuiteExecutor.java:144)
	at com.kms.katalon.core.main.TestSuiteExecutor.execute(TestSuiteExecutor.java:106)
	at com.kms.katalon.core.main.TestCaseMain.startTestSuite(TestCaseMain.java:185)
	at com.kms.katalon.core.main.TestCaseMain$startTestSuite$0.call(Unknown Source)
	at TempTestSuite1655360254384.run(TempTestSuite1655360254384.groovy:36)
)

2022-06-16 15:05:48 - [TEST_STEP][PASSED] - device_Height = getDeviceHeight(): Current device physical height is 2167

2022-06-16 15:05:48 - [MESSAGE][PASSED] - Current device physical height is 2167

2022-06-16 15:05:48 - [TEST_STEP][PASSED] - device_Width = getDeviceWidth(): Current device physical width is 1080

2022-06-16 15:05:48 - [MESSAGE][PASSED] - Current device physical width is 1080

2022-06-16 15:05:48 - [TEST_STEP][PASSED] - startX = device_Width / 3: null

2022-06-16 15:05:48 - [TEST_STEP][PASSED] - startY = device_Height * 0.97: null

2022-06-16 15:05:48 - [TEST_STEP][FAILED] - tapAtPosition(startX, startY): Failed to tap at [360, 2,101] (Root cause: org.openqa.selenium.InvalidElementStateException: Tap at [x=360.0, y=2101.0] has failed
Build info: version: '3.141.59', revision: 'e82be7d358', time: '2018-11-14T08:25:53'
System info: host: '00139272s-MacBook-Pro.local', ip: '2001:d08:e4:6521:80dd:b348:ad54:77%en0', os.name: 'Mac OS X', os.arch: 'x86_64', os.version: '10.16', java.version: '1.8.0_275'
Driver info: com.kms.katalon.core.appium.driver.SwipeableAndroidDriver
Capabilities {app: /Users/a00139272/Katalon St..., appActivity: com.maybank2u.life.MainActi..., appPackage: com.maybank2u.life.uat, appWaitActivity: *, autoGrantPermissions: true, automationName: uiautomator2, chromedriverPort: 60818, databaseEnabled: false, desired: {app: /Users/a00139272/Katalon St..., appActivity: com.maybank2u.life.MainActi..., appPackage: com.maybank2u.life.uat, appWaitActivity: *, autoGrantPermissions: true, automationName: uiautomator2, chromedriverPort: 60818, deviceId: 002b9cc60508, deviceName: Xiaomi 21061119AG (Android 11), fullReset: false, newCommandTimeout: 1800, noReset: true, platform: ANDROID, platformName: android, platformVersion: 11, systemPort: 61583, udid: 002b9cc60508}, deviceApiLevel: 30, deviceId: 002b9cc60508, deviceManufacturer: Xiaomi, deviceModel: 21061119AG, deviceName: 002b9cc60508, deviceScreenDensity: 440, deviceScreenSize: 1080x2400, deviceUDID: 002b9cc60508, fullReset: false, javascriptEnabled: true, locationContextEnabled: false, networkConnectionEnabled: true, newCommandTimeout: 1800, noReset: true, pixelRatio: 2.75, platform: ANDROID, platformName: Android, platformVersion: 11, statBarHeight: 103, systemPort: 61583, takesScreenshot: true, udid: 002b9cc60508, viewportRect: {height: 2064, left: 0, top: 103, width: 1080}, warnings: {}, webStorageEnabled: false}
Session ID: cbe901cf-2cb1-48a7-8742-28b48e0fa753
	at org.openqa.selenium.remote.http.W3CHttpResponseCodec.createException(W3CHttpResponseCodec.java:187)
	at org.openqa.selenium.remote.http.W3CHttpResponseCodec.decode(W3CHttpResponseCodec.java:122)
	at org.openqa.selenium.remote.http.W3CHttpResponseCodec.decode(W3CHttpResponseCodec.java:49)
	at org.openqa.selenium.remote.HttpCommandExecutor.execute(HttpCommandExecutor.java:158)
	at io.appium.java_client.remote.AppiumCommandExecutor.execute(AppiumCommandExecutor.java:239)
	at org.openqa.selenium.remote.RemoteWebDriver.execute(RemoteWebDriver.java:552)
	at io.appium.java_client.DefaultGenericMobileDriver.execute(DefaultGenericMobileDriver.java:42)
	at io.appium.java_client.AppiumDriver.execute(AppiumDriver.java:1)
	at io.appium.java_client.android.AndroidDriver.execute(AndroidDriver.java:1)
	at com.kms.katalon.core.appium.driver.SwipeableAndroidDriver.execute(SwipeableAndroidDriver.java:1)
	at io.appium.java_client.PerformsTouchActions.performTouchAction(PerformsTouchActions.java:41)
	at io.appium.java_client.TouchAction.perform(TouchAction.java:187)
	at com.kms.katalon.core.mobile.helper.MobileElementCommonHelper.tapAtPosition(MobileElementCommonHelper.java:370)
	at com.kms.katalon.core.mobile.keyword.builtin.TapAtPositionKeyword$_tapAtPosition_closure1.doCall(TapAtPositionKeyword.groovy:70)
	at com.kms.katalon.core.mobile.keyword.builtin.TapAtPositionKeyword$_tapAtPosition_closure1.call(TapAtPositionKeyword.groovy)
	at com.kms.katalon.core.mobile.keyword.internal.MobileKeywordMain.runKeyword(MobileKeywordMain.groovy:21)
	at com.kms.katalon.core.mobile.keyword.builtin.TapAtPositionKeyword.tapAtPosition(TapAtPositionKeyword.groovy:72)
	at com.kms.katalon.core.mobile.keyword.builtin.TapAtPositionKeyword.execute(TapAtPositionKeyword.groovy:64)
	at com.kms.katalon.core.keyword.internal.KeywordExecutor.executeKeywordForPlatform(KeywordExecutor.groovy:74)
	at com.kms.katalon.core.mobile.keyword.MobileBuiltInKeywords.tapAtPosition(MobileBuiltInKeywords.groovy:2610)
	at com.kms.katalon.core.mobile.keyword.MobileBuiltInKeywords$tapAtPosition$2.call(Unknown Source)
	at duitNow_mobileNumberFavTransaction.run(duitNow_mobileNumberFavTransaction:48)
	at com.kms.katalon.core.main.ScriptEngine.run(ScriptEngine.java:194)
	at com.kms.katalon.core.main.ScriptEngine.runScriptAsRawText(ScriptEngine.java:119)
	at com.kms.katalon.core.main.TestCaseExecutor.runScript(TestCaseExecutor.java:445)
	at com.kms.katalon.core.main.TestCaseExecutor.doExecute(TestCaseExecutor.java:436)
	at com.kms.katalon.core.main.TestCaseExecutor.processExecutionPhase(TestCaseExecutor.java:415)
	at com.kms.katalon.core.main.TestCaseExecutor.accessMainPhase(TestCaseExecutor.java:407)
	at com.kms.katalon.core.main.TestCaseExecutor.execute(TestCaseExecutor.java:284)
	at com.kms.katalon.core.common.CommonExecutor.accessTestCaseMainPhase(CommonExecutor.java:65)
	at com.kms.katalon.core.main.TestSuiteExecutor.accessTestSuiteMainPhase(TestSuiteExecutor.java:144)
	at com.kms.katalon.core.main.TestSuiteExecutor.execute(TestSuiteExecutor.java:106)
	at com.kms.katalon.core.main.TestCaseMain.startTestSuite(TestCaseMain.java:185)
	at com.kms.katalon.core.main.TestCaseMain$startTestSuite$0.call(Unknown Source)
	at TempTestSuite1655360254384.run(TempTestSuite1655360254384.groovy:36)
)

2022-06-16 15:05:48 - [MESSAGE][FAILED] - Failed to tap at [360, 2,101] (Root cause: org.openqa.selenium.InvalidElementStateException: Tap at [x=360.0, y=2101.0] has failed
Build info: version: '3.141.59', revision: 'e82be7d358', time: '2018-11-14T08:25:53'
System info: host: '00139272s-MacBook-Pro.local', ip: '2001:d08:e4:6521:80dd:b348:ad54:77%en0', os.name: 'Mac OS X', os.arch: 'x86_64', os.version: '10.16', java.version: '1.8.0_275'
Driver info: com.kms.katalon.core.appium.driver.SwipeableAndroidDriver
Capabilities {app: /Users/a00139272/Katalon St..., appActivity: com.maybank2u.life.MainActi..., appPackage: com.maybank2u.life.uat, appWaitActivity: *, autoGrantPermissions: true, automationName: uiautomator2, chromedriverPort: 60818, databaseEnabled: false, desired: {app: /Users/a00139272/Katalon St..., appActivity: com.maybank2u.life.MainActi..., appPackage: com.maybank2u.life.uat, appWaitActivity: *, autoGrantPermissions: true, automationName: uiautomator2, chromedriverPort: 60818, deviceId: 002b9cc60508, deviceName: Xiaomi 21061119AG (Android 11), fullReset: false, newCommandTimeout: 1800, noReset: true, platform: ANDROID, platformName: android, platformVersion: 11, systemPort: 61583, udid: 002b9cc60508}, deviceApiLevel: 30, deviceId: 002b9cc60508, deviceManufacturer: Xiaomi, deviceModel: 21061119AG, deviceName: 002b9cc60508, deviceScreenDensity: 440, deviceScreenSize: 1080x2400, deviceUDID: 002b9cc60508, fullReset: false, javascriptEnabled: true, locationContextEnabled: false, networkConnectionEnabled: true, newCommandTimeout: 1800, noReset: true, pixelRatio: 2.75, platform: ANDROID, platformName: Android, platformVersion: 11, statBarHeight: 103, systemPort: 61583, takesScreenshot: true, udid: 002b9cc60508, viewportRect: {height: 2064, left: 0, top: 103, width: 1080}, warnings: {}, webStorageEnabled: false}
Session ID: cbe901cf-2cb1-48a7-8742-28b48e0fa753
	at org.openqa.selenium.remote.http.W3CHttpResponseCodec.createException(W3CHttpResponseCodec.java:187)
	at org.openqa.selenium.remote.http.W3CHttpResponseCodec.decode(W3CHttpResponseCodec.java:122)
	at org.openqa.selenium.remote.http.W3CHttpResponseCodec.decode(W3CHttpResponseCodec.java:49)
	at org.openqa.selenium.remote.HttpCommandExecutor.execute(HttpCommandExecutor.java:158)
	at io.appium.java_client.remote.AppiumCommandExecutor.execute(AppiumCommandExecutor.java:239)
	at org.openqa.selenium.remote.RemoteWebDriver.execute(RemoteWebDriver.java:552)
	at io.appium.java_client.DefaultGenericMobileDriver.execute(DefaultGenericMobileDriver.java:42)
	at io.appium.java_client.AppiumDriver.execute(AppiumDriver.java:1)
	at io.appium.java_client.android.AndroidDriver.execute(AndroidDriver.java:1)
	at com.kms.katalon.core.appium.driver.SwipeableAndroidDriver.execute(SwipeableAndroidDriver.java:1)
	at io.appium.java_client.PerformsTouchActions.performTouchAction(PerformsTouchActions.java:41)
	at io.appium.java_client.TouchAction.perform(TouchAction.java:187)
	at com.kms.katalon.core.mobile.helper.MobileElementCommonHelper.tapAtPosition(MobileElementCommonHelper.java:370)
	at com.kms.katalon.core.mobile.keyword.builtin.TapAtPositionKeyword$_tapAtPosition_closure1.doCall(TapAtPositionKeyword.groovy:70)
	at com.kms.katalon.core.mobile.keyword.builtin.TapAtPositionKeyword$_tapAtPosition_closure1.call(TapAtPositionKeyword.groovy)
	at com.kms.katalon.core.mobile.keyword.internal.MobileKeywordMain.runKeyword(MobileKeywordMain.groovy:21)
	at com.kms.katalon.core.mobile.keyword.builtin.TapAtPositionKeyword.tapAtPosition(TapAtPositionKeyword.groovy:72)
	at com.kms.katalon.core.mobile.keyword.builtin.TapAtPositionKeyword.execute(TapAtPositionKeyword.groovy:64)
	at com.kms.katalon.core.keyword.internal.KeywordExecutor.executeKeywordForPlatform(KeywordExecutor.groovy:74)
	at com.kms.katalon.core.mobile.keyword.MobileBuiltInKeywords.tapAtPosition(MobileBuiltInKeywords.groovy:2610)
	at com.kms.katalon.core.mobile.keyword.MobileBuiltInKeywords$tapAtPosition$2.call(Unknown Source)
	at duitNow_mobileNumberFavTransaction.run(duitNow_mobileNumberFavTransaction:48)
	at com.kms.katalon.core.main.ScriptEngine.run(ScriptEngine.java:194)
	at com.kms.katalon.core.main.ScriptEngine.runScriptAsRawText(ScriptEngine.java:119)
	at com.kms.katalon.core.main.TestCaseExecutor.runScript(TestCaseExecutor.java:445)
	at com.kms.katalon.core.main.TestCaseExecutor.doExecute(TestCaseExecutor.java:436)
	at com.kms.katalon.core.main.TestCaseExecutor.processExecutionPhase(TestCaseExecutor.java:415)
	at com.kms.katalon.core.main.TestCaseExecutor.accessMainPhase(TestCaseExecutor.java:407)
	at com.kms.katalon.core.main.TestCaseExecutor.execute(TestCaseExecutor.java:284)
	at com.kms.katalon.core.common.CommonExecutor.accessTestCaseMainPhase(CommonExecutor.java:65)
	at com.kms.katalon.core.main.TestSuiteExecutor.accessTestSuiteMainPhase(TestSuiteExecutor.java:144)
	at com.kms.katalon.core.main.TestSuiteExecutor.execute(TestSuiteExecutor.java:106)
	at com.kms.katalon.core.main.TestCaseMain.startTestSuite(TestCaseMain.java:185)
	at com.kms.katalon.core.main.TestCaseMain$startTestSuite$0.call(Unknown Source)
	at TempTestSuite1655360254384.run(TempTestSuite1655360254384.groovy:36)
)

2022-06-16 15:05:48 - [TEST_STEP][PASSED] - if (verifyElementVisible(findTestObject("Main/mainEnterPINMessage"), 0, OPTIONAL)): null

2022-06-16 15:05:48 - [MESSAGE][WARNING] - Timeout '0' is invalid. Using default page load timeout: '40'

2022-06-16 15:06:03 - [MESSAGE][PASSED] - Element 'Object Repository/Main/mainEnterPINMessage' is visible

2022-06-16 15:06:03 - [TEST_STEP][PASSED] - tap(findTestObject("Login Onboarding/PIN1"), 0): Tapped on element 'Object Repository/Login Onboarding/PIN1'

2022-06-16 15:06:03 - [MESSAGE][WARNING] - Timeout '0' is invalid. Using default page load timeout: '40'

2022-06-16 15:06:03 - [MESSAGE][PASSED] - Tapped on element 'Object Repository/Login Onboarding/PIN1'

2022-06-16 15:06:03 - [TEST_STEP][PASSED] - tap(findTestObject("Login Onboarding/PIN1"), 0): Tapped on element 'Object Repository/Login Onboarding/PIN1'

2022-06-16 15:06:03 - [MESSAGE][WARNING] - Timeout '0' is invalid. Using default page load timeout: '40'

2022-06-16 15:06:05 - [MESSAGE][PASSED] - Tapped on element 'Object Repository/Login Onboarding/PIN1'

2022-06-16 15:06:05 - [TEST_STEP][PASSED] - tap(findTestObject("Login Onboarding/PIN1"), 0): Tapped on element 'Object Repository/Login Onboarding/PIN1'

2022-06-16 15:06:05 - [MESSAGE][WARNING] - Timeout '0' is invalid. Using default page load timeout: '40'

2022-06-16 15:06:07 - [MESSAGE][PASSED] - Tapped on element 'Object Repository/Login Onboarding/PIN1'

2022-06-16 15:06:07 - [TEST_STEP][PASSED] - tap(findTestObject("Login Onboarding/PIN1"), 0): Tapped on element 'Object Repository/Login Onboarding/PIN1'

2022-06-16 15:06:07 - [MESSAGE][WARNING] - Timeout '0' is invalid. Using default page load timeout: '40'

2022-06-16 15:06:08 - [MESSAGE][PASSED] - Tapped on element 'Object Repository/Login Onboarding/PIN1'

2022-06-16 15:06:08 - [TEST_STEP][PASSED] - tap(findTestObject("Login Onboarding/PIN1"), 0): Tapped on element 'Object Repository/Login Onboarding/PIN1'

2022-06-16 15:06:08 - [MESSAGE][WARNING] - Timeout '0' is invalid. Using default page load timeout: '40'

2022-06-16 15:06:10 - [MESSAGE][PASSED] - Tapped on element 'Object Repository/Login Onboarding/PIN1'

2022-06-16 15:06:10 - [TEST_STEP][PASSED] - tap(findTestObject("Login Onboarding/PIN2"), 0): Tapped on element 'Object Repository/Login Onboarding/PIN2'

2022-06-16 15:06:10 - [MESSAGE][WARNING] - Timeout '0' is invalid. Using default page load timeout: '40'

2022-06-16 15:06:12 - [MESSAGE][PASSED] - Tapped on element 'Object Repository/Login Onboarding/PIN2'

2022-06-16 15:06:12 - [TEST_STEP][PASSED] - delay(2): Delayed 2 second(s)

2022-06-16 15:06:14 - [MESSAGE][PASSED] - Delayed 2 second(s)

2022-06-16 15:06:14 - [TEST_STEP][PASSED] - verifyElementVisible(findTestObject("Banking/m2uAccountTypeSelection", ["text":account]), 0): Element 'Object Repository/Banking/m2uAccountTypeSelection' is visible

2022-06-16 15:06:14 - [MESSAGE][WARNING] - Timeout '0' is invalid. Using default page load timeout: '40'

2022-06-16 15:06:42 - [MESSAGE][PASSED] - Element 'Object Repository/Banking/m2uAccountTypeSelection' is visible

2022-06-16 15:06:42 - [TEST_STEP][PASSED] - tap(findTestObject("Banking/m2uAccountTypeSelection", ["text":account]), 0): Tapped on element 'Object Repository/Banking/m2uAccountTypeSelection'

2022-06-16 15:06:42 - [MESSAGE][WARNING] - Timeout '0' is invalid. Using default page load timeout: '40'

2022-06-16 15:06:43 - [MESSAGE][PASSED] - Tapped on element 'Object Repository/Banking/m2uAccountTypeSelection'

2022-06-16 15:06:43 - [TEST_STEP][PASSED] - delay(3): Delayed 3 second(s)

2022-06-16 15:06:46 - [MESSAGE][PASSED] - Delayed 3 second(s)

2022-06-16 15:06:46 - [TEST_STEP][PASSED] - verifyElementVisible(findTestObject("Banking/m2uAccountTransferIconSelect"), 0): Element 'Object Repository/Banking/m2uAccountTransferIconSelect' is visible

2022-06-16 15:06:46 - [MESSAGE][WARNING] - Timeout '0' is invalid. Using default page load timeout: '40'

2022-06-16 15:06:50 - [MESSAGE][PASSED] - Element 'Object Repository/Banking/m2uAccountTransferIconSelect' is visible

2022-06-16 15:06:50 - [TEST_STEP][PASSED] - tap(findTestObject("Banking/m2uAccountTransferIconSelect"), 0): Tapped on element 'Object Repository/Banking/m2uAccountTransferIconSelect'

2022-06-16 15:06:50 - [MESSAGE][WARNING] - Timeout '0' is invalid. Using default page load timeout: '40'

2022-06-16 15:06:50 - [MESSAGE][PASSED] - Tapped on element 'Object Repository/Banking/m2uAccountTransferIconSelect'

2022-06-16 15:06:50 - [TEST_STEP][PASSED] - if (verifyElementVisible(findTestObject("Tabung/tabungEnterPasswordTxt"), 0, OPTIONAL)): null

2022-06-16 15:06:50 - [MESSAGE][WARNING] - Timeout '0' is invalid. Using default page load timeout: '40'

2022-06-16 15:07:41 - [MESSAGE][PASSED] - Element 'Object Repository/Tabung/tabungEnterPasswordTxt' is visible

2022-06-16 15:07:41 - [TEST_STEP][PASSED] - setText(findTestObject("Tabung/tabungSignInInputPasswordField"), Password, 0): Text 'pass1234' has been set to element 'Object Repository/Tabung/tabungSignInInputPasswordField'

2022-06-16 15:07:41 - [MESSAGE][WARNING] - Timeout '0' is invalid. Using default page load timeout: '40'

2022-06-16 15:09:31 - [MESSAGE][PASSED] - Text 'pass1234' has been set to element 'Object Repository/Tabung/tabungSignInInputPasswordField'

2022-06-16 15:09:31 - [TEST_STEP][PASSED] - hideKeyboard(): Keyboard is hidden

2022-06-16 15:09:36 - [MESSAGE][PASSED] - Keyboard is hidden

2022-06-16 15:09:36 - [TEST_STEP][PASSED] - tap(findTestObject("Tabung/tabungSignInContinueBtn"), 0): Tapped on element 'Object Repository/Tabung/tabungSignInContinueBtn'

2022-06-16 15:09:36 - [MESSAGE][WARNING] - Timeout '0' is invalid. Using default page load timeout: '40'

2022-06-16 15:10:36 - [MESSAGE][PASSED] - Tapped on element 'Object Repository/Tabung/tabungSignInContinueBtn'

2022-06-16 15:10:36 - [TEST_STEP][PASSED] - verifyElementVisible(findTestObject("Banking/transferDuitNowTopMenuSelect"), 5): Element 'Object Repository/Banking/transferDuitNowTopMenuSelect' is visible

2022-06-16 15:11:27 - [MESSAGE][PASSED] - Element 'Object Repository/Banking/transferDuitNowTopMenuSelect' is visible

2022-06-16 15:11:27 - [TEST_STEP][PASSED] - tap(findTestObject("Banking/transferDuitNowTopMenuSelect"), 10): Tapped on element 'Object Repository/Banking/transferDuitNowTopMenuSelect'

2022-06-16 15:12:27 - [MESSAGE][PASSED] - Tapped on element 'Object Repository/Banking/transferDuitNowTopMenuSelect'

2022-06-16 15:12:27 - [TEST_STEP][PASSED] - delay(3): Delayed 3 second(s)

2022-06-16 15:12:30 - [MESSAGE][PASSED] - Delayed 3 second(s)

2022-06-16 15:12:30 - [TEST_STEP][PASSED] - verifyElementText(findTestObject("Transfer/transferFavListAccNameTxt", ["accName":recName3]), recName3): Actual text and expected text of test object 'Object Repository/Transfer/transferFavListAccNameTxt' are matched.

2022-06-16 15:13:21 - [MESSAGE][PASSED] - Actual text and expected text of test object 'Object Repository/Transfer/transferFavListAccNameTxt' are matched.

2022-06-16 15:13:21 - [TEST_STEP][PASSED] - verifyElementText(findTestObject("Transfer/transferFavListAccNoTxt", ["accNo":proxyNumber]), proxyNumber): Actual text and expected text of test object 'Object Repository/Transfer/transferFavListAccNoTxt' are matched.

2022-06-16 15:14:12 - [MESSAGE][PASSED] - Actual text and expected text of test object 'Object Repository/Transfer/transferFavListAccNoTxt' are matched.

2022-06-16 15:14:12 - [TEST_STEP][PASSED] - verifyElementText(findTestObject("Transfer/transferFavListAccBankTxt", ["accBank":proxyType]), proxyType): Actual text and expected text of test object 'Object Repository/Transfer/transferFavListAccBankTxt' are matched.

2022-06-16 15:15:03 - [MESSAGE][PASSED] - Actual text and expected text of test object 'Object Repository/Transfer/transferFavListAccBankTxt' are matched.

2022-06-16 15:15:03 - [TEST_STEP][PASSED] - tap(findTestObject("Transfer/transferFavListAccNameTxt", ["accName":recName3]), 0): Tapped on element 'Object Repository/Transfer/transferFavListAccNameTxt'

2022-06-16 15:15:03 - [MESSAGE][WARNING] - Timeout '0' is invalid. Using default page load timeout: '40'

2022-06-16 15:15:57 - [MESSAGE][PASSED] - Tapped on element 'Object Repository/Transfer/transferFavListAccNameTxt'

2022-06-16 15:15:57 - [TEST_STEP][PASSED] - delay(3): Delayed 3 second(s)

2022-06-16 15:16:00 - [MESSAGE][PASSED] - Delayed 3 second(s)

2022-06-16 15:16:00 - [TEST_STEP][PASSED] - verifyElementText(findTestObject("Duit Now/duitNowAmountProxyNumberTxt", ["proxyNumber":proxyNumber]), proxyNumber): Actual text and expected text of test object 'Object Repository/Duit Now/duitNowAmountProxyNumberTxt' are matched.

2022-06-16 15:16:00 - [MESSAGE][PASSED] - Actual text and expected text of test object 'Object Repository/Duit Now/duitNowAmountProxyNumberTxt' are matched.

2022-06-16 15:16:00 - [TEST_STEP][PASSED] - receipientName = getText(findTestObject("Duit Now/duitNowAmountReceipientNameTxt", ["recName":recName]), 0): Text of element 'Object Repository/Duit Now/duitNowAmountReceipientNameTxt' is: 'CAPTAIN AMERICA'

2022-06-16 15:16:00 - [MESSAGE][WARNING] - Timeout '0' is invalid. Using default page load timeout: '40'

2022-06-16 15:16:01 - [MESSAGE][PASSED] - Text of element 'Object Repository/Duit Now/duitNowAmountReceipientNameTxt' is: 'CAPTAIN AMERICA'

2022-06-16 15:16:01 - [TEST_STEP][PASSED] - recName_1 = recName: null

2022-06-16 15:16:01 - [TEST_STEP][PASSED] - recName_2 = recName2: null

2022-06-16 15:16:01 - [TEST_STEP][PASSED] - privName_1 = privName: null

2022-06-16 15:16:01 - [TEST_STEP][PASSED] - checker = verifyMatch(receipientName, $recName_1||$privName_1, true): Actual text 'CAPTAIN AMERICA' and expected text 'CAPTAIN AMERICA||XXXXXXX XXXXXXXXX' are matched  using regular expression

2022-06-16 15:16:01 - [MESSAGE][PASSED] - Actual text 'CAPTAIN AMERICA' and expected text 'CAPTAIN AMERICA||XXXXXXX XXXXXXXXX' are matched  using regular expression

2022-06-16 15:16:01 - [TEST_STEP][PASSED] - verifyElementText(findTestObject("Duit Now/duitNowAmountProxyTypeTxt", ["proxyType":proxyType]), proxyType): Actual text and expected text of test object 'Object Repository/Duit Now/duitNowAmountProxyTypeTxt' are matched.

2022-06-16 15:16:01 - [MESSAGE][PASSED] - Actual text and expected text of test object 'Object Repository/Duit Now/duitNowAmountProxyTypeTxt' are matched.

2022-06-16 15:16:01 - [TEST_STEP][PASSED] - verifyElementExist(findTestObject("Duit Now/duitNowAmountCurrencyTypeTxt"), 0): Element 'Object Repository/Duit Now/duitNowAmountCurrencyTypeTxt' is exist

2022-06-16 15:16:01 - [MESSAGE][WARNING] - Timeout '0' is invalid. Using default page load timeout: '40'

2022-06-16 15:16:02 - [MESSAGE][PASSED] - Element 'Object Repository/Duit Now/duitNowAmountCurrencyTypeTxt' is exist

2022-06-16 15:16:02 - [TEST_STEP][PASSED] - verifyElementExist(findTestObject("Duit Now/duitNowAmountEnterAmountTitleTxt"), 0): Element 'Object Repository/Duit Now/duitNowAmountEnterAmountTitleTxt' is exist

2022-06-16 15:16:02 - [MESSAGE][WARNING] - Timeout '0' is invalid. Using default page load timeout: '40'

2022-06-16 15:16:02 - [MESSAGE][PASSED] - Element 'Object Repository/Duit Now/duitNowAmountEnterAmountTitleTxt' is exist

2022-06-16 15:16:02 - [TEST_STEP][PASSED] - verifyElementExist(findTestObject("Duit Now/duitNowAmountInitialValueTxt"), 0): Element 'Object Repository/Duit Now/duitNowAmountInitialValueTxt' is exist

2022-06-16 15:16:02 - [MESSAGE][WARNING] - Timeout '0' is invalid. Using default page load timeout: '40'

2022-06-16 15:16:02 - [MESSAGE][PASSED] - Element 'Object Repository/Duit Now/duitNowAmountInitialValueTxt' is exist

2022-06-16 15:16:02 - [TEST_STEP][PASSED] - trxAmount = value: null

2022-06-16 15:16:02 - [TEST_STEP][PASSED] - length = trxAmount.length(): null

2022-06-16 15:16:02 - [TEST_STEP][PASSED] - delay(5): Delayed 5 second(s)

2022-06-16 15:16:07 - [MESSAGE][PASSED] - Delayed 5 second(s)

2022-06-16 15:16:07 - [TEST_STEP][PASSED] - tapAtPosition(startX, startY): Tapped at [360, 2,101]

2022-06-16 15:16:07 - [MESSAGE][PASSED] - Tapped at [360, 2,101]

2022-06-16 15:16:07 - [TEST_STEP][PASSED] - for ([i = 0, i < length, (i++)]): null

2022-06-16 15:16:07 - [TEST_STEP][PASSED] - if (trxAmount[i] == "0"): null

2022-06-16 15:16:07 - [TEST_STEP][PASSED] - if (trxAmount[i] == "1"): null

2022-06-16 15:16:07 - [TEST_STEP][PASSED] - if (trxAmount[i] == "2"): Tapped on element 'Object Repository/Login Onboarding/PIN2'

2022-06-16 15:16:07 - [TEST_STEP][PASSED] - tap(findTestObject("Login Onboarding/PIN2"), 0): Tapped on element 'Object Repository/Login Onboarding/PIN2'

2022-06-16 15:16:07 - [MESSAGE][WARNING] - Timeout '0' is invalid. Using default page load timeout: '40'

2022-06-16 15:16:08 - [MESSAGE][PASSED] - Tapped on element 'Object Repository/Login Onboarding/PIN2'

2022-06-16 15:16:08 - [TEST_STEP][PASSED] - if (trxAmount[i] == "3"): null

2022-06-16 15:16:08 - [TEST_STEP][PASSED] - if (trxAmount[i] == "4"): null

2022-06-16 15:16:08 - [TEST_STEP][PASSED] - if (trxAmount[i] == "5"): null

2022-06-16 15:16:08 - [TEST_STEP][PASSED] - if (trxAmount[i] == "6"): null

2022-06-16 15:16:08 - [TEST_STEP][PASSED] - if (trxAmount[i] == "7"): null

2022-06-16 15:16:08 - [TEST_STEP][PASSED] - if (trxAmount[i] == "8"): null

2022-06-16 15:16:08 - [TEST_STEP][PASSED] - if (trxAmount[i] == "9"): null

2022-06-16 15:16:08 - [TEST_STEP][PASSED] - if (trxAmount[i] == "0"): Tapped on element 'Object Repository/Login Onboarding/PIN0'

2022-06-16 15:16:08 - [TEST_STEP][PASSED] - tap(findTestObject("Login Onboarding/PIN0"), 0): Tapped on element 'Object Repository/Login Onboarding/PIN0'

2022-06-16 15:16:08 - [MESSAGE][WARNING] - Timeout '0' is invalid. Using default page load timeout: '40'

2022-06-16 15:16:09 - [MESSAGE][PASSED] - Tapped on element 'Object Repository/Login Onboarding/PIN0'

2022-06-16 15:16:09 - [TEST_STEP][PASSED] - if (trxAmount[i] == "1"): null

2022-06-16 15:16:09 - [TEST_STEP][PASSED] - if (trxAmount[i] == "2"): null

2022-06-16 15:16:09 - [TEST_STEP][PASSED] - if (trxAmount[i] == "3"): null

2022-06-16 15:16:09 - [TEST_STEP][PASSED] - if (trxAmount[i] == "4"): null

2022-06-16 15:16:09 - [TEST_STEP][PASSED] - if (trxAmount[i] == "5"): null

2022-06-16 15:16:09 - [TEST_STEP][PASSED] - if (trxAmount[i] == "6"): null

2022-06-16 15:16:09 - [TEST_STEP][PASSED] - if (trxAmount[i] == "7"): null

2022-06-16 15:16:09 - [TEST_STEP][PASSED] - if (trxAmount[i] == "8"): null

2022-06-16 15:16:09 - [TEST_STEP][PASSED] - if (trxAmount[i] == "9"): null

2022-06-16 15:16:09 - [TEST_STEP][PASSED] - if (trxAmount[i] == "0"): Tapped on element 'Object Repository/Login Onboarding/PIN0'

2022-06-16 15:16:09 - [TEST_STEP][PASSED] - tap(findTestObject("Login Onboarding/PIN0"), 0): Tapped on element 'Object Repository/Login Onboarding/PIN0'

2022-06-16 15:16:09 - [MESSAGE][WARNING] - Timeout '0' is invalid. Using default page load timeout: '40'

2022-06-16 15:16:10 - [MESSAGE][PASSED] - Tapped on element 'Object Repository/Login Onboarding/PIN0'

2022-06-16 15:16:10 - [TEST_STEP][PASSED] - if (trxAmount[i] == "1"): null

2022-06-16 15:16:10 - [TEST_STEP][PASSED] - if (trxAmount[i] == "2"): null

2022-06-16 15:16:10 - [TEST_STEP][PASSED] - if (trxAmount[i] == "3"): null

2022-06-16 15:16:10 - [TEST_STEP][PASSED] - if (trxAmount[i] == "4"): null

2022-06-16 15:16:10 - [TEST_STEP][PASSED] - if (trxAmount[i] == "5"): null

2022-06-16 15:16:10 - [TEST_STEP][PASSED] - if (trxAmount[i] == "6"): null

2022-06-16 15:16:10 - [TEST_STEP][PASSED] - if (trxAmount[i] == "7"): null

2022-06-16 15:16:10 - [TEST_STEP][PASSED] - if (trxAmount[i] == "8"): null

2022-06-16 15:16:10 - [TEST_STEP][PASSED] - if (trxAmount[i] == "9"): null

2022-06-16 15:16:10 - [TEST_STEP][PASSED] - delay(5): Delayed 5 second(s)

2022-06-16 15:16:15 - [MESSAGE][PASSED] - Delayed 5 second(s)

2022-06-16 15:16:15 - [TEST_STEP][PASSED] - verifyElementText(findTestObject("Duit Now/duitNowAmountValueTxt", ["value":checkValue]), checkValue): Actual text and expected text of test object 'Object Repository/Duit Now/duitNowAmountValueTxt' are matched.

2022-06-16 15:16:15 - [MESSAGE][PASSED] - Actual text and expected text of test object 'Object Repository/Duit Now/duitNowAmountValueTxt' are matched.

2022-06-16 15:16:15 - [TEST_STEP][PASSED] - verifyElementVisible(findTestObject("Login Onboarding/loginPinTickBtn"), 5): Element 'Object Repository/Login Onboarding/loginPinTickBtn' is visible

2022-06-16 15:16:15 - [MESSAGE][PASSED] - Element 'Object Repository/Login Onboarding/loginPinTickBtn' is visible

2022-06-16 15:16:15 - [TEST_STEP][PASSED] - tap(findTestObject("Login Onboarding/loginPinTickBtn"), 0): Tapped on element 'Object Repository/Login Onboarding/loginPinTickBtn'

2022-06-16 15:16:15 - [MESSAGE][WARNING] - Timeout '0' is invalid. Using default page load timeout: '40'

2022-06-16 15:16:15 - [MESSAGE][PASSED] - Tapped on element 'Object Repository/Login Onboarding/loginPinTickBtn'

2022-06-16 15:16:15 - [TEST_STEP][PASSED] - delay(3): Delayed 3 second(s)

2022-06-16 15:16:18 - [MESSAGE][PASSED] - Delayed 3 second(s)

2022-06-16 15:16:18 - [TEST_STEP][PASSED] - verifyElementText(findTestObject("Duit Now/duitNowReferenceProxyNumberTxt", ["proxyNumber":proxyNumber]), proxyNumber): Actual text and expected text of test object 'Object Repository/Duit Now/duitNowReferenceProxyNumberTxt' are matched.

2022-06-16 15:16:19 - [MESSAGE][PASSED] - Actual text and expected text of test object 'Object Repository/Duit Now/duitNowReferenceProxyNumberTxt' are matched.

2022-06-16 15:16:19 - [TEST_STEP][PASSED] - verifyElementText(findTestObject("Duit Now/duitNowReferenceProxyTypeTxt", ["proxyType":proxyType]), proxyType): Actual text and expected text of test object 'Object Repository/Duit Now/duitNowReferenceProxyTypeTxt' are matched.

2022-06-16 15:16:19 - [MESSAGE][PASSED] - Actual text and expected text of test object 'Object Repository/Duit Now/duitNowReferenceProxyTypeTxt' are matched.

2022-06-16 15:16:19 - [TEST_STEP][PASSED] - receipientName_2 = getText(findTestObject("Duit Now/duitNowAmountReceipientNameTxt", ["recName":recName]), 0): Text of element 'Object Repository/Duit Now/duitNowAmountReceipientNameTxt' is: 'CAPTAIN AMERICA'

2022-06-16 15:16:19 - [MESSAGE][WARNING] - Timeout '0' is invalid. Using default page load timeout: '40'

2022-06-16 15:16:19 - [MESSAGE][PASSED] - Text of element 'Object Repository/Duit Now/duitNowAmountReceipientNameTxt' is: 'CAPTAIN AMERICA'

2022-06-16 15:16:19 - [TEST_STEP][PASSED] - verifyMatch(receipientName_2, $recName_1||$privName_1, true): Actual text 'CAPTAIN AMERICA' and expected text 'CAPTAIN AMERICA||XXXXXXX XXXXXXXXX' are matched  using regular expression

2022-06-16 15:16:19 - [MESSAGE][PASSED] - Actual text 'CAPTAIN AMERICA' and expected text 'CAPTAIN AMERICA||XXXXXXX XXXXXXXXX' are matched  using regular expression

2022-06-16 15:16:19 - [TEST_STEP][PASSED] - verifyElementExist(findTestObject("Duit Now/duitNowReferenceEnterTitleTxt"), 0): Element 'Object Repository/Duit Now/duitNowReferenceEnterTitleTxt' is exist

2022-06-16 15:16:19 - [MESSAGE][WARNING] - Timeout '0' is invalid. Using default page load timeout: '40'

2022-06-16 15:16:19 - [MESSAGE][PASSED] - Element 'Object Repository/Duit Now/duitNowReferenceEnterTitleTxt' is exist

2022-06-16 15:16:19 - [TEST_STEP][PASSED] - setText(findTestObject("Banking/duitNowReferenceInputField"), reference, 0): Text 'DuitNowMobileTransf' has been set to element 'Object Repository/Banking/duitNowReferenceInputField'

2022-06-16 15:16:19 - [MESSAGE][WARNING] - Timeout '0' is invalid. Using default page load timeout: '40'

2022-06-16 15:16:20 - [MESSAGE][PASSED] - Text 'DuitNowMobileTransf' has been set to element 'Object Repository/Banking/duitNowReferenceInputField'

2022-06-16 15:16:20 - [TEST_STEP][PASSED] - hideKeyboard(): Keyboard is hidden

2022-06-16 15:16:22 - [MESSAGE][PASSED] - Keyboard is hidden

2022-06-16 15:16:22 - [TEST_STEP][PASSED] - verifyElementText(findTestObject("Duit Now/duitNowReferenceContentTxt", ["reference":reference]), reference): Actual text and expected text of test object 'Object Repository/Duit Now/duitNowReferenceContentTxt' are matched.

2022-06-16 15:16:22 - [MESSAGE][PASSED] - Actual text and expected text of test object 'Object Repository/Duit Now/duitNowReferenceContentTxt' are matched.

2022-06-16 15:16:22 - [TEST_STEP][PASSED] - tap(findTestObject("Login Onboarding/loginExistingContinueBtn"), 0): Tapped on element 'Object Repository/Login Onboarding/loginExistingContinueBtn'

2022-06-16 15:16:22 - [MESSAGE][WARNING] - Timeout '0' is invalid. Using default page load timeout: '40'

2022-06-16 15:16:22 - [MESSAGE][PASSED] - Tapped on element 'Object Repository/Login Onboarding/loginExistingContinueBtn'

2022-06-16 15:16:22 - [TEST_STEP][PASSED] - delay(3): Delayed 3 second(s)

2022-06-16 15:16:25 - [MESSAGE][PASSED] - Delayed 3 second(s)

2022-06-16 15:16:25 - [TEST_STEP][PASSED] - if (checker == true): Actual text 'CAPTAIN AMERICA' and expected text 'CAPTAIN AMERICA||XXXXXXX XXXXXXXXX' are matched  using regular expression

2022-06-16 15:16:25 - [TEST_STEP][PASSED] - receipientName_3 = getText(findTestObject("Duit Now/duitNowConfirmationReceipientNameTxt2", ["recName":recName2]), 0): Text of element 'Object Repository/Duit Now/duitNowConfirmationReceipientNameTxt2' is: 'CAPTAIN AMERICA'

2022-06-16 15:16:25 - [MESSAGE][WARNING] - Timeout '0' is invalid. Using default page load timeout: '40'

2022-06-16 15:16:26 - [MESSAGE][PASSED] - Text of element 'Object Repository/Duit Now/duitNowConfirmationReceipientNameTxt2' is: 'CAPTAIN AMERICA'

2022-06-16 15:16:26 - [TEST_STEP][PASSED] - verifyMatch(receipientName_3, $recName_2||$privName_1, true): Actual text 'CAPTAIN AMERICA' and expected text 'CAPTAIN AMERICA||XXXXXXX XXXXXXXXX' are matched  using regular expression

2022-06-16 15:16:26 - [MESSAGE][PASSED] - Actual text 'CAPTAIN AMERICA' and expected text 'CAPTAIN AMERICA||XXXXXXX XXXXXXXXX' are matched  using regular expression

2022-06-16 15:16:26 - [TEST_STEP][PASSED] - verifyElementText(findTestObject("Duit Now/duitNowConfirmationReceipientProxyNumTxt", ["proxyNumber":proxyNumber]), proxyNumber): Actual text and expected text of test object 'Object Repository/Duit Now/duitNowConfirmationReceipientProxyNumTxt' are matched.

2022-06-16 15:16:26 - [MESSAGE][PASSED] - Actual text and expected text of test object 'Object Repository/Duit Now/duitNowConfirmationReceipientProxyNumTxt' are matched.

2022-06-16 15:16:26 - [TEST_STEP][PASSED] - verifyElementText(findTestObject("Duit Now/duitNowConfirmationAmountTxt", ["amount":amount]), amount): Actual text and expected text of test object 'Object Repository/Duit Now/duitNowConfirmationAmountTxt' are matched.

2022-06-16 15:16:26 - [MESSAGE][PASSED] - Actual text and expected text of test object 'Object Repository/Duit Now/duitNowConfirmationAmountTxt' are matched.

2022-06-16 15:16:26 - [TEST_STEP][PASSED] - verifyElementExist(findTestObject("Duit Now/duitNowConfirmationDateTitleTxt"), 0): Element 'Object Repository/Duit Now/duitNowConfirmationDateTitleTxt' is exist

2022-06-16 15:16:26 - [MESSAGE][WARNING] - Timeout '0' is invalid. Using default page load timeout: '40'

2022-06-16 15:16:26 - [MESSAGE][PASSED] - Element 'Object Repository/Duit Now/duitNowConfirmationDateTitleTxt' is exist

2022-06-16 15:16:26 - [TEST_STEP][PASSED] - verifyElementExist(findTestObject("Duit Now/duitNowConfirmationIDTypeTitleTxt"), 0): Element 'Object Repository/Duit Now/duitNowConfirmationIDTypeTitleTxt' is exist

2022-06-16 15:16:26 - [MESSAGE][WARNING] - Timeout '0' is invalid. Using default page load timeout: '40'

2022-06-16 15:16:26 - [MESSAGE][PASSED] - Element 'Object Repository/Duit Now/duitNowConfirmationIDTypeTitleTxt' is exist

2022-06-16 15:16:26 - [TEST_STEP][PASSED] - verifyElementExist(findTestObject("Duit Now/duitNowConfirmationTransferTypeTitleTxt"), 0): Element 'Object Repository/Duit Now/duitNowConfirmationTransferTypeTitleTxt' is exist

2022-06-16 15:16:26 - [MESSAGE][WARNING] - Timeout '0' is invalid. Using default page load timeout: '40'

2022-06-16 15:16:27 - [MESSAGE][PASSED] - Element 'Object Repository/Duit Now/duitNowConfirmationTransferTypeTitleTxt' is exist

2022-06-16 15:16:27 - [TEST_STEP][PASSED] - verifyElementExist(findTestObject("Duit Now/duitNowConfirmationPaymentDetailsTitleTxt"), 0): Element 'Object Repository/Duit Now/duitNowConfirmationPaymentDetailsTitleTxt' is exist

2022-06-16 15:16:27 - [MESSAGE][WARNING] - Timeout '0' is invalid. Using default page load timeout: '40'

2022-06-16 15:16:27 - [MESSAGE][PASSED] - Element 'Object Repository/Duit Now/duitNowConfirmationPaymentDetailsTitleTxt' is exist

2022-06-16 15:16:27 - [TEST_STEP][PASSED] - verifyElementExist(findTestObject("Duit Now/duitNowConfirmationReferenceTitleTxt"), 0): Element 'Object Repository/Duit Now/duitNowConfirmationReferenceTitleTxt' is exist

2022-06-16 15:16:27 - [MESSAGE][WARNING] - Timeout '0' is invalid. Using default page load timeout: '40'

2022-06-16 15:16:28 - [MESSAGE][PASSED] - Element 'Object Repository/Duit Now/duitNowConfirmationReferenceTitleTxt' is exist

2022-06-16 15:16:28 - [TEST_STEP][PASSED] - verifyElementExist(findTestObject("Duit Now/duitNowConfirmationServiceFeeTitleTxt"), 0): Element 'Object Repository/Duit Now/duitNowConfirmationServiceFeeTitleTxt' is exist

2022-06-16 15:16:28 - [MESSAGE][WARNING] - Timeout '0' is invalid. Using default page load timeout: '40'

2022-06-16 15:16:28 - [MESSAGE][PASSED] - Element 'Object Repository/Duit Now/duitNowConfirmationServiceFeeTitleTxt' is exist

2022-06-16 15:16:28 - [TEST_STEP][PASSED] - verifyElementText(findTestObject("Duit Now/duitNowConfirmationIDTypeTxt", ["proxy":proxy]), proxy): Actual text and expected text of test object 'Object Repository/Duit Now/duitNowConfirmationIDTypeTxt' are matched.

2022-06-16 15:16:28 - [MESSAGE][PASSED] - Actual text and expected text of test object 'Object Repository/Duit Now/duitNowConfirmationIDTypeTxt' are matched.

2022-06-16 15:16:28 - [TEST_STEP][PASSED] - verifyElementText(findTestObject("Duit Now/duitNowConfirmationReceiveDateTxt"), "Today"): Actual text and expected text of test object 'Object Repository/Duit Now/duitNowConfirmationReceiveDateTxt' are matched.

2022-06-16 15:16:28 - [MESSAGE][PASSED] - Actual text and expected text of test object 'Object Repository/Duit Now/duitNowConfirmationReceiveDateTxt' are matched.

2022-06-16 15:16:28 - [TEST_STEP][PASSED] - verifyElementText(findTestObject("Duit Now/duitNowConfirmationReferenceTxt", ["reference":reference]), reference): Actual text and expected text of test object 'Object Repository/Duit Now/duitNowConfirmationReferenceTxt' are matched.

2022-06-16 15:16:28 - [MESSAGE][PASSED] - Actual text and expected text of test object 'Object Repository/Duit Now/duitNowConfirmationReferenceTxt' are matched.

2022-06-16 15:16:28 - [TEST_STEP][PASSED] - verifyElementText(findTestObject("Duit Now/duitNowConfirmationServiceFeeAmountTxt"), "RM 0.00"): Actual text and expected text of test object 'Object Repository/Duit Now/duitNowConfirmationServiceFeeAmountTxt' are matched.

2022-06-16 15:16:29 - [MESSAGE][PASSED] - Actual text and expected text of test object 'Object Repository/Duit Now/duitNowConfirmationServiceFeeAmountTxt' are matched.

2022-06-16 15:16:29 - [TEST_STEP][PASSED] - tap(findTestObject("Duit Now/duitNowConfirmationPaymentDetailsGreyWordTxt"), 0): Tapped on element 'Object Repository/Duit Now/duitNowConfirmationPaymentDetailsGreyWordTxt'

2022-06-16 15:16:29 - [MESSAGE][WARNING] - Timeout '0' is invalid. Using default page load timeout: '40'

2022-06-16 15:16:29 - [MESSAGE][PASSED] - Tapped on element 'Object Repository/Duit Now/duitNowConfirmationPaymentDetailsGreyWordTxt'

2022-06-16 15:16:29 - [TEST_STEP][PASSED] - setText(findTestObject("Duit Now/duitNowConfirmationPaymentDetailsGreyWordTxt"), details, 0): Text 'Test Mo' has been set to element 'Object Repository/Duit Now/duitNowConfirmationPaymentDetailsGreyWordTxt'

2022-06-16 15:16:29 - [MESSAGE][WARNING] - Timeout '0' is invalid. Using default page load timeout: '40'

2022-06-16 15:16:31 - [MESSAGE][PASSED] - Text 'Test Mo' has been set to element 'Object Repository/Duit Now/duitNowConfirmationPaymentDetailsGreyWordTxt'

2022-06-16 15:16:31 - [TEST_STEP][PASSED] - hideKeyboard(): Keyboard is hidden

2022-06-16 15:16:33 - [MESSAGE][PASSED] - Keyboard is hidden

2022-06-16 15:16:33 - [TEST_STEP][PASSED] - verifyElementText(findTestObject("Duit Now/duitNowConfirmationPaymentDetailsInputtedTxt", ["details":details]), details): Actual text and expected text of test object 'Object Repository/Duit Now/duitNowConfirmationPaymentDetailsInputtedTxt' are matched.

2022-06-16 15:16:34 - [MESSAGE][PASSED] - Actual text and expected text of test object 'Object Repository/Duit Now/duitNowConfirmationPaymentDetailsInputtedTxt' are matched.

2022-06-16 15:16:34 - [TEST_STEP][PASSED] - device_Height_2 = getDeviceHeight(): Current device physical height is 2167

2022-06-16 15:16:34 - [MESSAGE][PASSED] - Current device physical height is 2167

2022-06-16 15:16:34 - [TEST_STEP][PASSED] - device_Width_2 = getDeviceWidth(): Current device physical width is 1080

2022-06-16 15:16:34 - [MESSAGE][PASSED] - Current device physical width is 1080

2022-06-16 15:16:34 - [TEST_STEP][PASSED] - startX_2 = device_Width_2 / 2: null

2022-06-16 15:16:34 - [TEST_STEP][PASSED] - endX_2 = startX_2: null

2022-06-16 15:16:34 - [TEST_STEP][PASSED] - startY_2 = device_Height_2 * 0.30: null

2022-06-16 15:16:34 - [TEST_STEP][PASSED] - endY_2 = device_Height_2 * 0.70: null

2022-06-16 15:16:34 - [TEST_STEP][PASSED] - swipe(startX_2, endY_2, endX_2, startY_2): Swiped from 540,1,516 to 540,650

2022-06-16 15:16:35 - [MESSAGE][PASSED] - Swiped from 540,1,516 to 540,650

2022-06-16 15:16:35 - [TEST_STEP][PASSED] - verifyElementExist(findTestObject("Transfer/transferConfirmationFTransferFromTitleTxt"), 0): Element 'Object Repository/Transfer/transferConfirmationFTransferFromTitleTxt' is exist

2022-06-16 15:16:35 - [MESSAGE][WARNING] - Timeout '0' is invalid. Using default page load timeout: '40'

2022-06-16 15:16:35 - [MESSAGE][PASSED] - Element 'Object Repository/Transfer/transferConfirmationFTransferFromTitleTxt' is exist

2022-06-16 15:16:35 - [TEST_STEP][PASSED] - verifyElementExist(findTestObject("Duit Now/duitNowConfirmationNoteTitleTxt"), 0): Element 'Object Repository/Duit Now/duitNowConfirmationNoteTitleTxt' is exist

2022-06-16 15:16:35 - [MESSAGE][WARNING] - Timeout '0' is invalid. Using default page load timeout: '40'

2022-06-16 15:16:35 - [MESSAGE][PASSED] - Element 'Object Repository/Duit Now/duitNowConfirmationNoteTitleTxt' is exist

2022-06-16 15:16:35 - [TEST_STEP][PASSED] - verifyElementExist(findTestObject("Duit Now/duitNowConfirmationDeclarationTitleTxt"), 0): Element 'Object Repository/Duit Now/duitNowConfirmationDeclarationTitleTxt' is exist

2022-06-16 15:16:35 - [MESSAGE][WARNING] - Timeout '0' is invalid. Using default page load timeout: '40'

2022-06-16 15:16:35 - [MESSAGE][PASSED] - Element 'Object Repository/Duit Now/duitNowConfirmationDeclarationTitleTxt' is exist

2022-06-16 15:16:35 - [TEST_STEP][PASSED] - verifyElementExist(findTestObject("Duit Now/duitNowConfirmationTnCTitleTxt"), 0): Element 'Object Repository/Duit Now/duitNowConfirmationTnCTitleTxt' is exist

2022-06-16 15:16:35 - [MESSAGE][WARNING] - Timeout '0' is invalid. Using default page load timeout: '40'

2022-06-16 15:16:36 - [MESSAGE][PASSED] - Element 'Object Repository/Duit Now/duitNowConfirmationTnCTitleTxt' is exist

2022-06-16 15:16:36 - [TEST_STEP][PASSED] - verifyElementExist(findTestObject("Duit Now/duitNowConfirmationNoteContentTxt"), 0): Element 'Object Repository/Duit Now/duitNowConfirmationNoteContentTxt' is exist

2022-06-16 15:16:36 - [MESSAGE][WARNING] - Timeout '0' is invalid. Using default page load timeout: '40'

2022-06-16 15:16:36 - [MESSAGE][PASSED] - Element 'Object Repository/Duit Now/duitNowConfirmationNoteContentTxt' is exist

2022-06-16 15:16:36 - [TEST_STEP][PASSED] - verifyElementExist(findTestObject("Duit Now/duitNowConfirmationDeclarationContentTxt"), 0): Element 'Object Repository/Duit Now/duitNowConfirmationDeclarationContentTxt' is exist

2022-06-16 15:16:36 - [MESSAGE][WARNING] - Timeout '0' is invalid. Using default page load timeout: '40'

2022-06-16 15:16:36 - [MESSAGE][PASSED] - Element 'Object Repository/Duit Now/duitNowConfirmationDeclarationContentTxt' is exist

2022-06-16 15:16:36 - [TEST_STEP][PASSED] - verifyElementText(findTestObject("Transfer/transferConfirmationFromAccTypeTxt", ["accType":accType]), accType): Actual text and expected text of test object 'Object Repository/Transfer/transferConfirmationFromAccTypeTxt' are matched.

2022-06-16 15:16:36 - [MESSAGE][PASSED] - Actual text and expected text of test object 'Object Repository/Transfer/transferConfirmationFromAccTypeTxt' are matched.

2022-06-16 15:16:36 - [TEST_STEP][PASSED] - verifyElementText(findTestObject("Transfer/transferConfirmationFromAccNoTxt", ["accNoFrom":accNoFrom]), accNoFrom): Actual text and expected text of test object 'Object Repository/Transfer/transferConfirmationFromAccNoTxt' are matched.

2022-06-16 15:16:36 - [MESSAGE][PASSED] - Actual text and expected text of test object 'Object Repository/Transfer/transferConfirmationFromAccNoTxt' are matched.

2022-06-16 15:16:36 - [TEST_STEP][PASSED] - verifyElementExist(findTestObject("Transfer/transferConfirmationFromAccBalanceTxt"), 0): Element 'Object Repository/Transfer/transferConfirmationFromAccBalanceTxt' is exist

2022-06-16 15:16:36 - [MESSAGE][WARNING] - Timeout '0' is invalid. Using default page load timeout: '40'

2022-06-16 15:16:37 - [MESSAGE][PASSED] - Element 'Object Repository/Transfer/transferConfirmationFromAccBalanceTxt' is exist

2022-06-16 15:16:37 - [TEST_STEP][PASSED] - accountBalance = getText(findTestObject("Transfer/transferConfirmationFromAccBalanceTxt"), 0): Text of element 'Object Repository/Transfer/transferConfirmationFromAccBalanceTxt' is: 'RM 627.52'

2022-06-16 15:16:37 - [MESSAGE][WARNING] - Timeout '0' is invalid. Using default page load timeout: '40'

2022-06-16 15:16:37 - [MESSAGE][PASSED] - Text of element 'Object Repository/Transfer/transferConfirmationFromAccBalanceTxt' is: 'RM 627.52'

2022-06-16 15:16:37 - [TEST_STEP][PASSED] - println(accountBalance): null

2022-06-16 15:16:37 - [TEST_STEP][PASSED] - tap(findTestObject("Main/mainTransferNowBtn"), 0): Tapped on element 'Object Repository/Main/mainTransferNowBtn'

2022-06-16 15:16:37 - [MESSAGE][WARNING] - Timeout '0' is invalid. Using default page load timeout: '40'

2022-06-16 15:16:37 - [MESSAGE][PASSED] - Tapped on element 'Object Repository/Main/mainTransferNowBtn'

2022-06-16 15:16:37 - [TEST_STEP][PASSED] - if (verifyElementVisible(findTestObject("Main/mainS2UApproveBtn"), 5, OPTIONAL)): Element 'Object Repository/Festive Season/festiveReturnAngpaoTACNoTxt' not found

2022-06-16 15:16:43 - [MESSAGE][WARNING] - Element 'Object Repository/Main/mainS2UApproveBtn' not found

2022-06-16 15:16:53 - [MESSAGE][WARNING] - Element 'Object Repository/Festive Season/festiveReturnAngpaoTACNoTxt' not found

2022-06-16 15:16:53 - [TEST_STEP][PASSED] - delay(3): Delayed 3 second(s)

2022-06-16 15:16:56 - [MESSAGE][PASSED] - Delayed 3 second(s)

2022-06-16 15:16:56 - [TEST_STEP][PASSED] - verifyElementExist(findTestObject("Festive Season/returnAngpaoStatusMessageTxt"), 0): Element 'Object Repository/Festive Season/returnAngpaoStatusMessageTxt' is exist

2022-06-16 15:16:56 - [MESSAGE][WARNING] - Timeout '0' is invalid. Using default page load timeout: '40'

2022-06-16 15:16:56 - [MESSAGE][PASSED] - Element 'Object Repository/Festive Season/returnAngpaoStatusMessageTxt' is exist

2022-06-16 15:16:56 - [TEST_STEP][PASSED] - message = getText(findTestObject("Festive Season/returnAngpaoStatusMessageTxt"), 10): Text of element 'Object Repository/Festive Season/returnAngpaoStatusMessageTxt' is: 'Transfer successful'

2022-06-16 15:16:56 - [MESSAGE][PASSED] - Text of element 'Object Repository/Festive Season/returnAngpaoStatusMessageTxt' is: 'Transfer successful'

2022-06-16 15:16:56 - [TEST_STEP][PASSED] - println(message): null

2022-06-16 15:16:56 - [TEST_STEP][PASSED] - assert message == successTransactionMessage: null

2022-06-16 15:16:56 - [TEST_STEP][PASSED] - delay(5): Delayed 5 second(s)

2022-06-16 15:17:01 - [MESSAGE][PASSED] - Delayed 5 second(s)

2022-06-16 15:17:01 - [TEST_STEP][PASSED] - if (value > limit): null

2022-06-16 15:17:01 - [TEST_STEP][PASSED] - else: Element 'Object Repository/Transfer/transferSummaryShareReceiptBtn' is exist

2022-06-16 15:17:01 - [TEST_STEP][PASSED] - verifyElementExist(findTestObject("Duit Now/duitNowSummaryDateTimeTitleTxt"), 0): Element 'Object Repository/Duit Now/duitNowSummaryDateTimeTitleTxt' is exist

2022-06-16 15:17:01 - [MESSAGE][WARNING] - Timeout '0' is invalid. Using default page load timeout: '40'

2022-06-16 15:17:01 - [MESSAGE][PASSED] - Element 'Object Repository/Duit Now/duitNowSummaryDateTimeTitleTxt' is exist

2022-06-16 15:17:01 - [TEST_STEP][PASSED] - verifyElementExist(findTestObject("Duit Now/duitNowSummaryRefernceIDTitleTxt"), 0): Element 'Object Repository/Duit Now/duitNowSummaryRefernceIDTitleTxt' is exist

2022-06-16 15:17:01 - [MESSAGE][WARNING] - Timeout '0' is invalid. Using default page load timeout: '40'

2022-06-16 15:17:02 - [MESSAGE][PASSED] - Element 'Object Repository/Duit Now/duitNowSummaryRefernceIDTitleTxt' is exist

2022-06-16 15:17:02 - [TEST_STEP][PASSED] - verifyElementExist(findTestObject("Transfer/transferSummaryShareReceiptBtn"), 0): Element 'Object Repository/Transfer/transferSummaryShareReceiptBtn' is exist

2022-06-16 15:17:02 - [MESSAGE][WARNING] - Timeout '0' is invalid. Using default page load timeout: '40'

2022-06-16 15:17:02 - [MESSAGE][PASSED] - Element 'Object Repository/Transfer/transferSummaryShareReceiptBtn' is exist

2022-06-16 15:17:02 - [TEST_STEP][PASSED] - delay(5): Delayed 5 second(s)

2022-06-16 15:17:07 - [MESSAGE][PASSED] - Delayed 5 second(s)

2022-06-16 15:17:07 - [TEST_STEP][PASSED] - referenceID = getText(findTestObject("Send Request Money/requestMoneyPaySummaryRefIDTxt"), 0): Text of element 'Object Repository/Send Request Money/requestMoneyPaySummaryRefIDTxt' is: '183478710M'

2022-06-16 15:17:07 - [MESSAGE][WARNING] - Timeout '0' is invalid. Using default page load timeout: '40'

2022-06-16 15:17:07 - [MESSAGE][PASSED] - Text of element 'Object Repository/Send Request Money/requestMoneyPaySummaryRefIDTxt' is: '183478710M'

2022-06-16 15:17:07 - [TEST_STEP][PASSED] - println(referenceID): null

2022-06-16 15:17:07 - [TEST_STEP][PASSED] - test = dataFolder: null

2022-06-16 15:17:07 - [TEST_STEP][PASSED] - sheetName = "Sheet1": null

2022-06-16 15:17:07 - [TEST_STEP][PASSED] - file1 = new java.io.File(test): null

2022-06-16 15:17:07 - [TEST_STEP][PASSED] - assert file1.exists() == true: null

2022-06-16 15:17:07 - [TEST_STEP][PASSED] - woorkbook1 = getWorkbook(test): null

2022-06-16 15:17:07 - [TEST_STEP][PASSED] - sheet1 = getExcelSheet(woorkbook1, sheetName): null

2022-06-16 15:17:07 - [TEST_STEP][PASSED] - setValueToCellByIndex(sheet1, 4, 1, referenceID): null

2022-06-16 15:17:07 - [TEST_STEP][PASSED] - saveWorkbook(test, woorkbook1): null

2022-06-16 15:17:07 - [TEST_STEP][PASSED] - delay(3): Delayed 3 second(s)

2022-06-16 15:17:10 - [MESSAGE][PASSED] - Delayed 3 second(s)

2022-06-16 15:17:10 - [TEST_STEP][PASSED] - takeScreenshot("/Users/a00139272/Desktop/Screenshot/duitNowFav.png"): Screenshot is taken

2022-06-16 15:17:11 - [MESSAGE][PASSED] - Screenshot is taken
[[ATTACHMENT|/Users/a00139272/Desktop/Screenshot/duitNowFav.png]]

2022-06-16 15:17:11 - [TEST_STEP][PASSED] - verifyElementVisible(findTestObject("Main/mainDoneBtn"), 0): Element 'Object Repository/Main/mainDoneBtn' is visible

2022-06-16 15:17:11 - [MESSAGE][WARNING] - Timeout '0' is invalid. Using default page load timeout: '40'

2022-06-16 15:17:11 - [MESSAGE][PASSED] - Element 'Object Repository/Main/mainDoneBtn' is visible

2022-06-16 15:17:11 - [TEST_STEP][PASSED] - tap(findTestObject("Main/mainDoneBtn"), 0): Tapped on element 'Object Repository/Main/mainDoneBtn'

2022-06-16 15:17:11 - [MESSAGE][WARNING] - Timeout '0' is invalid. Using default page load timeout: '40'

2022-06-16 15:17:11 - [MESSAGE][PASSED] - Tapped on element 'Object Repository/Main/mainDoneBtn']]></system-out>
         <system-err><![CDATA[2022-06-16 15:05:22 - [TEST_CASE][FAILED] - Test Cases/DuitNow/duitNow_mobileNumberFavTransaction: Test Cases/DuitNow/duitNow_mobileNumberFavTransaction FAILED.
Reason:
com.kms.katalon.core.exception.StepFailedException: Failed to check for element 'Object Repository/Dashboard/mainBottomMenuMaybank2uBtn' exist (Root cause: org.openqa.selenium.StaleElementReferenceException: Cached elements 'By.xpath: //*[@class = 'android.widget.TextView' and (@text = 'Maybank2u' or . = 'Maybank2u')]' do not exist in DOM anymore
For documentation on this error, please visit: https://www.seleniumhq.org/exceptions/stale_element_reference.html
Build info: version: '3.141.59', revision: 'e82be7d358', time: '2018-11-14T08:25:53'
System info: host: '00139272s-MacBook-Pro.local', ip: '2001:d08:e4:6521:80dd:b348:ad54:77%en0', os.name: 'Mac OS X', os.arch: 'x86_64', os.version: '10.16', java.version: '1.8.0_275'
Driver info: com.kms.katalon.core.appium.driver.SwipeableAndroidDriver
Capabilities {app: /Users/a00139272/Katalon St..., appActivity: com.maybank2u.life.MainActi..., appPackage: com.maybank2u.life.uat, appWaitActivity: *, autoGrantPermissions: true, automationName: uiautomator2, chromedriverPort: 60818, databaseEnabled: false, desired: {app: /Users/a00139272/Katalon St..., appActivity: com.maybank2u.life.MainActi..., appPackage: com.maybank2u.life.uat, appWaitActivity: *, autoGrantPermissions: true, automationName: uiautomator2, chromedriverPort: 60818, deviceId: 002b9cc60508, deviceName: Xiaomi 21061119AG (Android 11), fullReset: false, newCommandTimeout: 1800, noReset: true, platform: ANDROID, platformName: android, platformVersion: 11, systemPort: 61583, udid: 002b9cc60508}, deviceApiLevel: 30, deviceId: 002b9cc60508, deviceManufacturer: Xiaomi, deviceModel: 21061119AG, deviceName: 002b9cc60508, deviceScreenDensity: 440, deviceScreenSize: 1080x2400, deviceUDID: 002b9cc60508, fullReset: false, javascriptEnabled: true, locationContextEnabled: false, networkConnectionEnabled: true, newCommandTimeout: 1800, noReset: true, pixelRatio: 2.75, platform: ANDROID, platformName: Android, platformVersion: 11, statBarHeight: 103, systemPort: 61583, takesScreenshot: true, udid: 002b9cc60508, viewportRect: {height: 2064, left: 0, top: 103, width: 1080}, warnings: {}, webStorageEnabled: false}
Session ID: cbe901cf-2cb1-48a7-8742-28b48e0fa753
	at org.openqa.selenium.remote.http.W3CHttpResponseCodec.createException(W3CHttpResponseCodec.java:187)
	at org.openqa.selenium.remote.http.W3CHttpResponseCodec.decode(W3CHttpResponseCodec.java:122)
	at org.openqa.selenium.remote.http.W3CHttpResponseCodec.decode(W3CHttpResponseCodec.java:49)
	at org.openqa.selenium.remote.HttpCommandExecutor.execute(HttpCommandExecutor.java:158)
	at io.appium.java_client.remote.AppiumCommandExecutor.execute(AppiumCommandExecutor.java:239)
	at org.openqa.selenium.remote.RemoteWebDriver.execute(RemoteWebDriver.java:552)
	at io.appium.java_client.DefaultGenericMobileDriver.execute(DefaultGenericMobileDriver.java:42)
	at io.appium.java_client.AppiumDriver.execute(AppiumDriver.java:1)
	at io.appium.java_client.android.AndroidDriver.execute(AndroidDriver.java:1)
	at com.kms.katalon.core.appium.driver.SwipeableAndroidDriver.execute(SwipeableAndroidDriver.java:1)
	at org.openqa.selenium.remote.RemoteWebElement.execute(RemoteWebElement.java:285)
	at io.appium.java_client.DefaultGenericMobileElement.execute(DefaultGenericMobileElement.java:45)
	at io.appium.java_client.MobileElement.execute(MobileElement.java:1)
	at io.appium.java_client.android.AndroidElement.execute(AndroidElement.java:1)
	at org.openqa.selenium.remote.RemoteWebElement.getLocation(RemoteWebElement.java:337)
	at org.openqa.selenium.WebElement$getLocation.call(Unknown Source)
	at com.kms.katalon.core.mobile.keyword.internal.MobileAbstractKeyword.findElement(MobileAbstractKeyword.groovy:86)
	at com.kms.katalon.core.mobile.keyword.builtin.VerifyElementExistKeyword.access$1(VerifyElementExistKeyword.groovy)
	at com.kms.katalon.core.mobile.keyword.builtin.VerifyElementExistKeyword$_verifyElementExist_closure1.doCall(VerifyElementExistKeyword.groovy:72)
	at com.kms.katalon.core.mobile.keyword.builtin.VerifyElementExistKeyword$_verifyElementExist_closure1.call(VerifyElementExistKeyword.groovy)
	at com.kms.katalon.core.mobile.keyword.internal.MobileKeywordMain.runKeyword(MobileKeywordMain.groovy:21)
	at com.kms.katalon.core.mobile.keyword.builtin.VerifyElementExistKeyword.verifyElementExist(VerifyElementExistKeyword.groovy:80)
	at com.kms.katalon.core.mobile.keyword.builtin.VerifyElementExistKeyword.execute(VerifyElementExistKeyword.groovy:64)
	at com.kms.katalon.core.keyword.internal.KeywordExecutor.executeKeywordForPlatform(KeywordExecutor.groovy:74)
	at com.kms.katalon.core.mobile.keyword.MobileBuiltInKeywords.verifyElementExist(MobileBuiltInKeywords.groovy:1755)
	at com.kms.katalon.core.mobile.keyword.MobileBuiltInKeywords$verifyElementExist$8.call(Unknown Source)
	at duitNow_mobileNumberFavTransaction.run(duitNow_mobileNumberFavTransaction:38)
	at com.kms.katalon.core.main.ScriptEngine.run(ScriptEngine.java:194)
	at com.kms.katalon.core.main.ScriptEngine.runScriptAsRawText(ScriptEngine.java:119)
	at com.kms.katalon.core.main.TestCaseExecutor.runScript(TestCaseExecutor.java:445)
	at com.kms.katalon.core.main.TestCaseExecutor.doExecute(TestCaseExecutor.java:436)
	at com.kms.katalon.core.main.TestCaseExecutor.processExecutionPhase(TestCaseExecutor.java:415)
	at com.kms.katalon.core.main.TestCaseExecutor.accessMainPhase(TestCaseExecutor.java:407)
	at com.kms.katalon.core.main.TestCaseExecutor.execute(TestCaseExecutor.java:284)
	at com.kms.katalon.core.common.CommonExecutor.accessTestCaseMainPhase(CommonExecutor.java:65)
	at com.kms.katalon.core.main.TestSuiteExecutor.accessTestSuiteMainPhase(TestSuiteExecutor.java:144)
	at com.kms.katalon.core.main.TestSuiteExecutor.execute(TestSuiteExecutor.java:106)
	at com.kms.katalon.core.main.TestCaseMain.startTestSuite(TestCaseMain.java:185)
	at com.kms.katalon.core.main.TestCaseMain$startTestSuite$0.call(Unknown Source)
	at TempTestSuite1655360254384.run(TempTestSuite1655360254384.groovy:36)
)
	at com.kms.katalon.core.keyword.internal.KeywordMain.stepFailed(KeywordMain.groovy:39)
	at com.kms.katalon.core.mobile.keyword.internal.MobileKeywordMain.stepFailed(MobileKeywordMain.groovy:40)
	at com.kms.katalon.core.mobile.keyword.internal.MobileKeywordMain.runKeyword(MobileKeywordMain.groovy:23)
	at com.kms.katalon.core.mobile.keyword.builtin.VerifyElementExistKeyword.verifyElementExist(VerifyElementExistKeyword.groovy:80)
	at com.kms.katalon.core.mobile.keyword.builtin.VerifyElementExistKeyword.execute(VerifyElementExistKeyword.groovy:64)
	at com.kms.katalon.core.keyword.internal.KeywordExecutor.executeKeywordForPlatform(KeywordExecutor.groovy:74)
	at com.kms.katalon.core.mobile.keyword.MobileBuiltInKeywords.verifyElementExist(MobileBuiltInKeywords.groovy:1755)
	at com.kms.katalon.core.mobile.keyword.MobileBuiltInKeywords$verifyElementExist$8.call(Unknown Source)
	at duitNow_mobileNumberFavTransaction.run(duitNow_mobileNumberFavTransaction:38)
	at com.kms.katalon.core.main.ScriptEngine.run(ScriptEngine.java:194)
	at com.kms.katalon.core.main.ScriptEngine.runScriptAsRawText(ScriptEngine.java:119)
	at com.kms.katalon.core.main.TestCaseExecutor.runScript(TestCaseExecutor.java:445)
	at com.kms.katalon.core.main.TestCaseExecutor.doExecute(TestCaseExecutor.java:436)
	at com.kms.katalon.core.main.TestCaseExecutor.processExecutionPhase(TestCaseExecutor.java:415)
	at com.kms.katalon.core.main.TestCaseExecutor.accessMainPhase(TestCaseExecutor.java:407)
	at com.kms.katalon.core.main.TestCaseExecutor.execute(TestCaseExecutor.java:284)
	at com.kms.katalon.core.common.CommonExecutor.accessTestCaseMainPhase(CommonExecutor.java:65)
	at com.kms.katalon.core.main.TestSuiteExecutor.accessTestSuiteMainPhase(TestSuiteExecutor.java:144)
	at com.kms.katalon.core.main.TestSuiteExecutor.execute(TestSuiteExecutor.java:106)
	at com.kms.katalon.core.main.TestCaseMain.startTestSuite(TestCaseMain.java:185)
	at com.kms.katalon.core.main.TestCaseMain$startTestSuite$0.call(Unknown Source)
	at TempTestSuite1655360254384.run(TempTestSuite1655360254384.groovy:36)
Caused by: org.openqa.selenium.StaleElementReferenceException: Cached elements 'By.xpath: //*[@class = 'android.widget.TextView' and (@text = 'Maybank2u' or . = 'Maybank2u')]' do not exist in DOM anymore
For documentation on this error, please visit: https://www.seleniumhq.org/exceptions/stale_element_reference.html
Build info: version: '3.141.59', revision: 'e82be7d358', time: '2018-11-14T08:25:53'
System info: host: '00139272s-MacBook-Pro.local', ip: '2001:d08:e4:6521:80dd:b348:ad54:77%en0', os.name: 'Mac OS X', os.arch: 'x86_64', os.version: '10.16', java.version: '1.8.0_275'
Driver info: com.kms.katalon.core.appium.driver.SwipeableAndroidDriver
Capabilities {app: /Users/a00139272/Katalon St..., appActivity: com.maybank2u.life.MainActi..., appPackage: com.maybank2u.life.uat, appWaitActivity: *, autoGrantPermissions: true, automationName: uiautomator2, chromedriverPort: 60818, databaseEnabled: false, desired: {app: /Users/a00139272/Katalon St..., appActivity: com.maybank2u.life.MainActi..., appPackage: com.maybank2u.life.uat, appWaitActivity: *, autoGrantPermissions: true, automationName: uiautomator2, chromedriverPort: 60818, deviceId: 002b9cc60508, deviceName: Xiaomi 21061119AG (Android 11), fullReset: false, newCommandTimeout: 1800, noReset: true, platform: ANDROID, platformName: android, platformVersion: 11, systemPort: 61583, udid: 002b9cc60508}, deviceApiLevel: 30, deviceId: 002b9cc60508, deviceManufacturer: Xiaomi, deviceModel: 21061119AG, deviceName: 002b9cc60508, deviceScreenDensity: 440, deviceScreenSize: 1080x2400, deviceUDID: 002b9cc60508, fullReset: false, javascriptEnabled: true, locationContextEnabled: false, networkConnectionEnabled: true, newCommandTimeout: 1800, noReset: true, pixelRatio: 2.75, platform: ANDROID, platformName: Android, platformVersion: 11, statBarHeight: 103, systemPort: 61583, takesScreenshot: true, udid: 002b9cc60508, viewportRect: {height: 2064, left: 0, top: 103, width: 1080}, warnings: {}, webStorageEnabled: false}
Session ID: cbe901cf-2cb1-48a7-8742-28b48e0fa753
	at org.openqa.selenium.remote.http.W3CHttpResponseCodec.createException(W3CHttpResponseCodec.java:187)
	at org.openqa.selenium.remote.http.W3CHttpResponseCodec.decode(W3CHttpResponseCodec.java:122)
	at org.openqa.selenium.remote.http.W3CHttpResponseCodec.decode(W3CHttpResponseCodec.java:49)
	at org.openqa.selenium.remote.HttpCommandExecutor.execute(HttpCommandExecutor.java:158)
	at io.appium.java_client.remote.AppiumCommandExecutor.execute(AppiumCommandExecutor.java:239)
	at org.openqa.selenium.remote.RemoteWebDriver.execute(RemoteWebDriver.java:552)
	at io.appium.java_client.DefaultGenericMobileDriver.execute(DefaultGenericMobileDriver.java:42)
	at io.appium.java_client.AppiumDriver.execute(AppiumDriver.java:1)
	at io.appium.java_client.android.AndroidDriver.execute(AndroidDriver.java:1)
	at com.kms.katalon.core.appium.driver.SwipeableAndroidDriver.execute(SwipeableAndroidDriver.java:1)
	at org.openqa.selenium.remote.RemoteWebElement.execute(RemoteWebElement.java:285)
	at io.appium.java_client.DefaultGenericMobileElement.execute(DefaultGenericMobileElement.java:45)
	at io.appium.java_client.MobileElement.execute(MobileElement.java:1)
	at io.appium.java_client.android.AndroidElement.execute(AndroidElement.java:1)
	at org.openqa.selenium.remote.RemoteWebElement.getLocation(RemoteWebElement.java:337)
	at org.openqa.selenium.WebElement$getLocation.call(Unknown Source)
	at com.kms.katalon.core.mobile.keyword.internal.MobileAbstractKeyword.findElement(MobileAbstractKeyword.groovy:86)
	at com.kms.katalon.core.mobile.keyword.builtin.VerifyElementExistKeyword.access$1(VerifyElementExistKeyword.groovy)
	at com.kms.katalon.core.mobile.keyword.builtin.VerifyElementExistKeyword$_verifyElementExist_closure1.doCall(VerifyElementExistKeyword.groovy:72)
	at com.kms.katalon.core.mobile.keyword.builtin.VerifyElementExistKeyword$_verifyElementExist_closure1.call(VerifyElementExistKeyword.groovy)
	at com.kms.katalon.core.mobile.keyword.internal.MobileKeywordMain.runKeyword(MobileKeywordMain.groovy:21)
	... 19 more]]></system-err>
      </testcase>
      <system-out><![CDATA[2022-06-16 14:17:43 - [TEST_SUITE][FAILED] - Regress 5: Test Cases/Transfer/asnb_asnbTransfer FAILED.
Reason:
com.kms.katalon.core.exception.StepFailedException: Element 'Object Repository/ASNB/transferASNBConfirmationProductNameTxt' not found
	at com.kms.katalon.core.keyword.internal.KeywordMain.stepFailed(KeywordMain.groovy:39)
	at com.kms.katalon.core.mobile.keyword.internal.MobileKeywordMain.stepFailed(MobileKeywordMain.groovy:40)
	at com.kms.katalon.core.mobile.keyword.builtin.VerifyElementTextKeyword$_verifyElementText_closure1.doCall(VerifyElementTextKeyword.groovy:49)
	at com.kms.katalon.core.mobile.keyword.builtin.VerifyElementTextKeyword$_verifyElementText_closure1.call(VerifyElementTextKeyword.groovy)
	at com.kms.katalon.core.mobile.keyword.internal.MobileKeywordMain.runKeyword(MobileKeywordMain.groovy:21)
	at com.kms.katalon.core.mobile.keyword.builtin.VerifyElementTextKeyword.verifyElementText(VerifyElementTextKeyword.groovy:62)
	at com.kms.katalon.core.mobile.keyword.builtin.VerifyElementTextKeyword.execute(VerifyElementTextKeyword.groovy:39)
	at com.kms.katalon.core.keyword.internal.KeywordExecutor.executeKeywordForPlatform(KeywordExecutor.groovy:74)
	at com.kms.katalon.core.mobile.keyword.MobileBuiltInKeywords.verifyElementText(MobileBuiltInKeywords.groovy:2901)
	at com.kms.katalon.core.mobile.keyword.MobileBuiltInKeywords$verifyElementText$9.call(Unknown Source)
	at asnb_asnbTransfer.run(asnb_asnbTransfer:215)
	at com.kms.katalon.core.main.ScriptEngine.run(ScriptEngine.java:194)
	at com.kms.katalon.core.main.ScriptEngine.runScriptAsRawText(ScriptEngine.java:119)
	at com.kms.katalon.core.main.TestCaseExecutor.runScript(TestCaseExecutor.java:445)
	at com.kms.katalon.core.main.TestCaseExecutor.doExecute(TestCaseExecutor.java:436)
	at com.kms.katalon.core.main.TestCaseExecutor.processExecutionPhase(TestCaseExecutor.java:415)
	at com.kms.katalon.core.main.TestCaseExecutor.accessMainPhase(TestCaseExecutor.java:407)
	at com.kms.katalon.core.main.TestCaseExecutor.execute(TestCaseExecutor.java:284)
	at com.kms.katalon.core.common.CommonExecutor.accessTestCaseMainPhase(CommonExecutor.java:65)
	at com.kms.katalon.core.main.TestSuiteExecutor.accessTestSuiteMainPhase(TestSuiteExecutor.java:144)
	at com.kms.katalon.core.main.TestSuiteExecutor.execute(TestSuiteExecutor.java:106)
	at com.kms.katalon.core.main.TestCaseMain.startTestSuite(TestCaseMain.java:185)
	at com.kms.katalon.core.main.TestCaseMain$startTestSuite$0.call(Unknown Source)
	at TempTestSuite1655360254384.run(TempTestSuite1655360254384.groovy:36)]]></system-out>
      <system-err><![CDATA[2022-06-16 14:17:43 - [TEST_SUITE][FAILED] - Regress 5: Test Cases/Transfer/asnb_asnbTransfer FAILED.
Reason:
com.kms.katalon.core.exception.StepFailedException: Element 'Object Repository/ASNB/transferASNBConfirmationProductNameTxt' not found
	at com.kms.katalon.core.keyword.internal.KeywordMain.stepFailed(KeywordMain.groovy:39)
	at com.kms.katalon.core.mobile.keyword.internal.MobileKeywordMain.stepFailed(MobileKeywordMain.groovy:40)
	at com.kms.katalon.core.mobile.keyword.builtin.VerifyElementTextKeyword$_verifyElementText_closure1.doCall(VerifyElementTextKeyword.groovy:49)
	at com.kms.katalon.core.mobile.keyword.builtin.VerifyElementTextKeyword$_verifyElementText_closure1.call(VerifyElementTextKeyword.groovy)
	at com.kms.katalon.core.mobile.keyword.internal.MobileKeywordMain.runKeyword(MobileKeywordMain.groovy:21)
	at com.kms.katalon.core.mobile.keyword.builtin.VerifyElementTextKeyword.verifyElementText(VerifyElementTextKeyword.groovy:62)
	at com.kms.katalon.core.mobile.keyword.builtin.VerifyElementTextKeyword.execute(VerifyElementTextKeyword.groovy:39)
	at com.kms.katalon.core.keyword.internal.KeywordExecutor.executeKeywordForPlatform(KeywordExecutor.groovy:74)
	at com.kms.katalon.core.mobile.keyword.MobileBuiltInKeywords.verifyElementText(MobileBuiltInKeywords.groovy:2901)
	at com.kms.katalon.core.mobile.keyword.MobileBuiltInKeywords$verifyElementText$9.call(Unknown Source)
	at asnb_asnbTransfer.run(asnb_asnbTransfer:215)
	at com.kms.katalon.core.main.ScriptEngine.run(ScriptEngine.java:194)
	at com.kms.katalon.core.main.ScriptEngine.runScriptAsRawText(ScriptEngine.java:119)
	at com.kms.katalon.core.main.TestCaseExecutor.runScript(TestCaseExecutor.java:445)
	at com.kms.katalon.core.main.TestCaseExecutor.doExecute(TestCaseExecutor.java:436)
	at com.kms.katalon.core.main.TestCaseExecutor.processExecutionPhase(TestCaseExecutor.java:415)
	at com.kms.katalon.core.main.TestCaseExecutor.accessMainPhase(TestCaseExecutor.java:407)
	at com.kms.katalon.core.main.TestCaseExecutor.execute(TestCaseExecutor.java:284)
	at com.kms.katalon.core.common.CommonExecutor.accessTestCaseMainPhase(CommonExecutor.java:65)
	at com.kms.katalon.core.main.TestSuiteExecutor.accessTestSuiteMainPhase(TestSuiteExecutor.java:144)
	at com.kms.katalon.core.main.TestSuiteExecutor.execute(TestSuiteExecutor.java:106)
	at com.kms.katalon.core.main.TestCaseMain.startTestSuite(TestCaseMain.java:185)
	at com.kms.katalon.core.main.TestCaseMain$startTestSuite$0.call(Unknown Source)
	at TempTestSuite1655360254384.run(TempTestSuite1655360254384.groovy:36)]]></system-err>
   </testsuite>
</testsuites>
