<?xml version="1.0" encoding="UTF-8"?>
<testsuites name="Regress 3" time="2213.853" tests="6" failures="3" errors="0">
   <testsuite name="Regress 3" tests="6" failures="3" errors="0" time="2213.853" skipped="0" timestamp="2022-06-21 12:13:18" hostname="a00139272 - localhost" id="Test Suites/Regress 3">
      <properties>
         <property name="deviceName" value="Xiaomi 21061119AG (Android 11)"/>
         <property name="devicePlatform" value=""/>
         <property name="logFolder" value="/Users/a00139272/git/MAE-BAU-MY/Reports/20220621_121307/Regress 3/20220621_121308"/>
         <property name="logFiles" value="/Users/a00139272/git/MAE-BAU-MY/Reports/20220621_121307/Regress 3/20220621_121308/execution0.log, /Users/a00139272/git/MAE-BAU-MY/Reports/20220621_121307/Regress 3/20220621_121308/appium.log"/>
         <property name="attachments" value="/Users/a00139272/Desktop/Screenshot/instantIBFT.png, /Users/a00139272/Desktop/Screenshot/instantIBG.png, /Users/a00139272/Desktop/Screenshot/instantSchedule.png, /Users/a00139272/Desktop/Screenshot/instantIBGFav.png"/>
         <property name="hostName" value="a00139272 - localhost"/>
         <property name="os" value="Mac OS X 64bit"/>
         <property name="appiumServerStatus" value="{&quot;value&quot;:{&quot;build&quot;:{&quot;version&quot;:&quot;1.22.1&quot;}},&quot;sessionId&quot;:null,&quot;status&quot;:0}"/>
         <property name="katalonVersion" value="8.3.5.208"/>
         <property name="deviceOS" value="Android"/>
         <property name="appiumVersion" value="1.22.1"/>
         <property name="deviceModel" value="21061119AG"/>
         <property name="hostAddress" value="127.0.0.1"/>
         <property name="deviceManufacturer" value="Xiaomi"/>
         <property name="deviceId" value="002b9cc60508"/>
         <property name="deviceName" value="Xiaomi 21061119AG (Android 11)"/>
         <property name="deviceOSVersion" value="11"/>
      </properties>
      <testcase name="Test Cases/Transfer/transfer_instantTransferIBFT" time="555.585" classname="Test Cases/Transfer/transfer_instantTransferIBFT" status="PASSED">
         <system-out><![CDATA[2022-06-21 12:13:19 - [TEST_CASE][PASSED] - Test Cases/Transfer/transfer_instantTransferIBFT: Test Cases/Transfer/transfer_instantTransferIBFT

2022-06-21 12:13:19 - [TEST_STEP][PASSED] - setMobileDriverPreferencesProperty("appPackage", "com.maybank2u.life.sit"): null

2022-06-21 12:13:19 - [TEST_STEP][PASSED] - setMobileDriverPreferencesProperty("appActivity", "com.maybank2u.life.MainActivity"): null

2022-06-21 12:13:19 - [TEST_STEP][PASSED] - startApplication(appPath, false): Started app at: '/Users/a00139272/Katalon Studio/MAE/androidapp/app-dev-universal-release (1).apk'

2022-06-21 12:13:20 - [MESSAGE][INFO] - User set preference: ['appWaitActivity', '*']

2022-06-21 12:13:20 - [MESSAGE][INFO] - User set preference: ['deviceId', '002b9cc60508']

2022-06-21 12:13:20 - [MESSAGE][INFO] - User set preference: ['appPackage', 'com.maybank2u.life.sit']

2022-06-21 12:13:20 - [MESSAGE][INFO] - User set preference: ['appActivity', 'com.maybank2u.life.MainActivity']

2022-06-21 12:13:20 - [MESSAGE][INFO] - Detected NodeJS location: "/usr/local/Cellar/node/17.0.1/bin/node"

2022-06-21 12:13:21 - [MESSAGE][INFO] - Appium server started on port 57,443

2022-06-21 12:13:35 - [MESSAGE][PASSED] - Started app at: '/Users/a00139272/Katalon Studio/MAE/androidapp/app-dev-universal-release (1).apk'

2022-06-21 12:13:35 - [TEST_STEP][PASSED] - start = "Starts": null

2022-06-21 12:13:35 - [TEST_STEP][PASSED] - println(start): null

2022-06-21 12:13:35 - [TEST_STEP][PASSED] - delay(5): Delayed 5 second(s)

2022-06-21 12:13:40 - [MESSAGE][PASSED] - Delayed 5 second(s)

2022-06-21 12:13:40 - [TEST_STEP][PASSED] - device_Height = getDeviceHeight(): Current device physical height is 2167

2022-06-21 12:13:40 - [MESSAGE][PASSED] - Current device physical height is 2167

2022-06-21 12:13:40 - [TEST_STEP][PASSED] - device_Width = getDeviceWidth(): Current device physical width is 1080

2022-06-21 12:13:40 - [MESSAGE][PASSED] - Current device physical width is 1080

2022-06-21 12:13:40 - [TEST_STEP][PASSED] - startX = device_Width / 3: null

2022-06-21 12:13:40 - [TEST_STEP][PASSED] - startY = device_Height * 0.97: null

2022-06-21 12:13:40 - [TEST_STEP][PASSED] - tapAtPosition(startX, startY): Tapped at [360, 2,101]

2022-06-21 12:13:40 - [MESSAGE][PASSED] - Tapped at [360, 2,101]

2022-06-21 12:13:40 - [TEST_STEP][PASSED] - if (verifyElementVisible(findTestObject("Main/mainEnterPINMessage"), 0, OPTIONAL)): null

2022-06-21 12:13:40 - [MESSAGE][WARNING] - Timeout '0' is invalid. Using default page load timeout: '40'

2022-06-21 12:13:42 - [MESSAGE][PASSED] - Element 'Object Repository/Main/mainEnterPINMessage' is visible

2022-06-21 12:13:42 - [TEST_STEP][PASSED] - tap(findTestObject("Login Onboarding/PIN1"), 0): Tapped on element 'Object Repository/Login Onboarding/PIN1'

2022-06-21 12:13:42 - [MESSAGE][WARNING] - Timeout '0' is invalid. Using default page load timeout: '40'

2022-06-21 12:13:42 - [MESSAGE][PASSED] - Tapped on element 'Object Repository/Login Onboarding/PIN1'

2022-06-21 12:13:42 - [TEST_STEP][PASSED] - tap(findTestObject("Login Onboarding/PIN1"), 0): Tapped on element 'Object Repository/Login Onboarding/PIN1'

2022-06-21 12:13:42 - [MESSAGE][WARNING] - Timeout '0' is invalid. Using default page load timeout: '40'

2022-06-21 12:13:44 - [MESSAGE][PASSED] - Tapped on element 'Object Repository/Login Onboarding/PIN1'

2022-06-21 12:13:44 - [TEST_STEP][PASSED] - tap(findTestObject("Login Onboarding/PIN1"), 0): Tapped on element 'Object Repository/Login Onboarding/PIN1'

2022-06-21 12:13:44 - [MESSAGE][WARNING] - Timeout '0' is invalid. Using default page load timeout: '40'

2022-06-21 12:13:46 - [MESSAGE][PASSED] - Tapped on element 'Object Repository/Login Onboarding/PIN1'

2022-06-21 12:13:46 - [TEST_STEP][PASSED] - tap(findTestObject("Login Onboarding/PIN1"), 0): Tapped on element 'Object Repository/Login Onboarding/PIN1'

2022-06-21 12:13:46 - [MESSAGE][WARNING] - Timeout '0' is invalid. Using default page load timeout: '40'

2022-06-21 12:13:48 - [MESSAGE][PASSED] - Tapped on element 'Object Repository/Login Onboarding/PIN1'

2022-06-21 12:13:48 - [TEST_STEP][PASSED] - tap(findTestObject("Login Onboarding/PIN1"), 0): Tapped on element 'Object Repository/Login Onboarding/PIN1'

2022-06-21 12:13:48 - [MESSAGE][WARNING] - Timeout '0' is invalid. Using default page load timeout: '40'

2022-06-21 12:13:49 - [MESSAGE][PASSED] - Tapped on element 'Object Repository/Login Onboarding/PIN1'

2022-06-21 12:13:49 - [TEST_STEP][PASSED] - tap(findTestObject("Login Onboarding/PIN2"), 0): Tapped on element 'Object Repository/Login Onboarding/PIN2'

2022-06-21 12:13:49 - [MESSAGE][WARNING] - Timeout '0' is invalid. Using default page load timeout: '40'

2022-06-21 12:13:51 - [MESSAGE][PASSED] - Tapped on element 'Object Repository/Login Onboarding/PIN2'

2022-06-21 12:13:51 - [TEST_STEP][PASSED] - delay(2): Delayed 2 second(s)

2022-06-21 12:13:53 - [MESSAGE][PASSED] - Delayed 2 second(s)

2022-06-21 12:13:53 - [TEST_STEP][PASSED] - verifyElementVisible(findTestObject("Banking/m2uAccountTypeSelection", ["text":accType]), 10): Element 'Object Repository/Banking/m2uAccountTypeSelection' is visible

2022-06-21 12:13:59 - [MESSAGE][PASSED] - Element 'Object Repository/Banking/m2uAccountTypeSelection' is visible

2022-06-21 12:13:59 - [TEST_STEP][PASSED] - tap(findTestObject("Banking/m2uAccountTypeSelection", ["text":accType]), 10): Tapped on element 'Object Repository/Banking/m2uAccountTypeSelection'

2022-06-21 12:14:00 - [MESSAGE][PASSED] - Tapped on element 'Object Repository/Banking/m2uAccountTypeSelection'

2022-06-21 12:14:00 - [TEST_STEP][PASSED] - delay(5): Delayed 5 second(s)

2022-06-21 12:14:05 - [MESSAGE][PASSED] - Delayed 5 second(s)

2022-06-21 12:14:05 - [TEST_STEP][PASSED] - verifyElementVisible(findTestObject("Banking/m2uAccountTransferIconSelect"), 0): Element 'Object Repository/Banking/m2uAccountTransferIconSelect' is visible

2022-06-21 12:14:05 - [MESSAGE][WARNING] - Timeout '0' is invalid. Using default page load timeout: '40'

2022-06-21 12:14:10 - [MESSAGE][PASSED] - Element 'Object Repository/Banking/m2uAccountTransferIconSelect' is visible

2022-06-21 12:14:10 - [TEST_STEP][PASSED] - tap(findTestObject("Banking/m2uAccountTransferIconSelect"), 0): Tapped on element 'Object Repository/Banking/m2uAccountTransferIconSelect'

2022-06-21 12:14:10 - [MESSAGE][WARNING] - Timeout '0' is invalid. Using default page load timeout: '40'

2022-06-21 12:14:10 - [MESSAGE][PASSED] - Tapped on element 'Object Repository/Banking/m2uAccountTransferIconSelect'

2022-06-21 12:14:10 - [TEST_STEP][PASSED] - delay(5): Delayed 5 second(s)

2022-06-21 12:14:15 - [MESSAGE][PASSED] - Delayed 5 second(s)

2022-06-21 12:14:15 - [TEST_STEP][PASSED] - if (verifyElementVisible(findTestObject("Tabung/tabungEnterPasswordTxt"), 0, OPTIONAL)): null

2022-06-21 12:14:15 - [MESSAGE][WARNING] - Timeout '0' is invalid. Using default page load timeout: '40'

2022-06-21 12:15:06 - [MESSAGE][PASSED] - Element 'Object Repository/Tabung/tabungEnterPasswordTxt' is visible

2022-06-21 12:15:06 - [TEST_STEP][PASSED] - setText(findTestObject("Tabung/tabungSignInInputPasswordField"), Password, 0): Text 'pass1234' has been set to element 'Object Repository/Tabung/tabungSignInInputPasswordField'

2022-06-21 12:15:06 - [MESSAGE][WARNING] - Timeout '0' is invalid. Using default page load timeout: '40'

2022-06-21 12:16:57 - [MESSAGE][PASSED] - Text 'pass1234' has been set to element 'Object Repository/Tabung/tabungSignInInputPasswordField'

2022-06-21 12:16:57 - [TEST_STEP][PASSED] - hideKeyboard(): Keyboard is hidden

2022-06-21 12:17:02 - [MESSAGE][PASSED] - Keyboard is hidden

2022-06-21 12:17:02 - [TEST_STEP][PASSED] - tap(findTestObject("Tabung/tabungSignInContinueBtn"), 0): Tapped on element 'Object Repository/Tabung/tabungSignInContinueBtn'

2022-06-21 12:17:02 - [MESSAGE][WARNING] - Timeout '0' is invalid. Using default page load timeout: '40'

2022-06-21 12:18:02 - [MESSAGE][PASSED] - Tapped on element 'Object Repository/Tabung/tabungSignInContinueBtn'

2022-06-21 12:18:02 - [TEST_STEP][PASSED] - println("InterBank Test Case Started"): null

2022-06-21 12:18:02 - [TEST_STEP][PASSED] - verifyElementExist(findTestObject("Banking/transferOthersTopMenuSelect"), 0): Element 'Object Repository/Banking/transferOthersTopMenuSelect' is exist

2022-06-21 12:18:02 - [MESSAGE][WARNING] - Timeout '0' is invalid. Using default page load timeout: '40'

2022-06-21 12:18:33 - [MESSAGE][PASSED] - Element 'Object Repository/Banking/transferOthersTopMenuSelect' is exist

2022-06-21 12:18:33 - [TEST_STEP][PASSED] - tap(findTestObject("Banking/transferOthersTopMenuSelect"), 0): Tapped on element 'Object Repository/Banking/transferOthersTopMenuSelect'

2022-06-21 12:18:33 - [MESSAGE][WARNING] - Timeout '0' is invalid. Using default page load timeout: '40'

2022-06-21 12:19:34 - [MESSAGE][PASSED] - Tapped on element 'Object Repository/Banking/transferOthersTopMenuSelect'

2022-06-21 12:19:34 - [TEST_STEP][PASSED] - tap(findTestObject("Banking/transferBanksIconSelect"), 0): Tapped on element 'Object Repository/Banking/transferBanksIconSelect'

2022-06-21 12:19:34 - [MESSAGE][WARNING] - Timeout '0' is invalid. Using default page load timeout: '40'

2022-06-21 12:20:28 - [MESSAGE][PASSED] - Tapped on element 'Object Repository/Banking/transferBanksIconSelect'

2022-06-21 12:20:28 - [TEST_STEP][PASSED] - scrollToText(accBank, STOP_ON_FAILURE): Scrolling to text 'PUBLIC BANK' successfully

2022-06-21 12:20:39 - [MESSAGE][PASSED] - Scrolling to text 'PUBLIC BANK' successfully

2022-06-21 12:20:39 - [TEST_STEP][PASSED] - tap(findTestObject("Banking/transferBankSelection", ["text":accBank]), 10): Tapped on element 'Object Repository/Banking/transferBankSelection'

2022-06-21 12:20:39 - [MESSAGE][PASSED] - Tapped on element 'Object Repository/Banking/transferBankSelection'

2022-06-21 12:20:39 - [TEST_STEP][PASSED] - setText(findTestObject("Banking/transferAccountNoInputField"), accountNum, 0): Text '3099117112' has been set to element 'Object Repository/Banking/transferAccountNoInputField'

2022-06-21 12:20:39 - [MESSAGE][WARNING] - Timeout '0' is invalid. Using default page load timeout: '40'

2022-06-21 12:20:42 - [MESSAGE][PASSED] - Text '3099117112' has been set to element 'Object Repository/Banking/transferAccountNoInputField'

2022-06-21 12:20:42 - [TEST_STEP][PASSED] - hideKeyboard(): Keyboard is hidden

2022-06-21 12:20:46 - [MESSAGE][PASSED] - Keyboard is hidden

2022-06-21 12:20:46 - [TEST_STEP][PASSED] - tap(findTestObject("Login Onboarding/loginExistingContinueBtn"), 0): Tapped on element 'Object Repository/Login Onboarding/loginExistingContinueBtn'

2022-06-21 12:20:46 - [MESSAGE][WARNING] - Timeout '0' is invalid. Using default page load timeout: '40'

2022-06-21 12:20:47 - [MESSAGE][PASSED] - Tapped on element 'Object Repository/Login Onboarding/loginExistingContinueBtn'

2022-06-21 12:20:47 - [TEST_STEP][PASSED] - verifyElementText(findTestObject("Transfer/transferAmounttAccNoTxt", ["accNo":accNo]), accNo): Actual text and expected text of test object 'Object Repository/Transfer/transferAmounttAccNoTxt' are matched.

2022-06-21 12:20:48 - [MESSAGE][PASSED] - Actual text and expected text of test object 'Object Repository/Transfer/transferAmounttAccNoTxt' are matched.

2022-06-21 12:20:48 - [TEST_STEP][PASSED] - verifyElementText(findTestObject("Transfer/transferAmounttAccBankTxt", ["accBank":accBank]), accBank): Actual text and expected text of test object 'Object Repository/Transfer/transferAmounttAccBankTxt' are matched.

2022-06-21 12:20:48 - [MESSAGE][PASSED] - Actual text and expected text of test object 'Object Repository/Transfer/transferAmounttAccBankTxt' are matched.

2022-06-21 12:20:48 - [TEST_STEP][PASSED] - verifyElementExist(findTestObject("Transfer/transferAmountRMTxt"), 0): Element 'Object Repository/Transfer/transferAmountRMTxt' is exist

2022-06-21 12:20:48 - [MESSAGE][WARNING] - Timeout '0' is invalid. Using default page load timeout: '40'

2022-06-21 12:20:48 - [MESSAGE][PASSED] - Element 'Object Repository/Transfer/transferAmountRMTxt' is exist

2022-06-21 12:20:48 - [TEST_STEP][PASSED] - verifyElementExist(findTestObject("Duit Now/duitNowAmountInitialValueTxt"), 0): Element 'Object Repository/Duit Now/duitNowAmountInitialValueTxt' is exist

2022-06-21 12:20:48 - [MESSAGE][WARNING] - Timeout '0' is invalid. Using default page load timeout: '40'

2022-06-21 12:20:49 - [MESSAGE][PASSED] - Element 'Object Repository/Duit Now/duitNowAmountInitialValueTxt' is exist

2022-06-21 12:20:49 - [TEST_STEP][PASSED] - verifyElementExist(findTestObject("Transfer/transferAmountEnterAmountTitleTxt"), 0): Element 'Object Repository/Transfer/transferAmountEnterAmountTitleTxt' is exist

2022-06-21 12:20:49 - [MESSAGE][WARNING] - Timeout '0' is invalid. Using default page load timeout: '40'

2022-06-21 12:20:49 - [MESSAGE][PASSED] - Element 'Object Repository/Transfer/transferAmountEnterAmountTitleTxt' is exist

2022-06-21 12:20:49 - [TEST_STEP][PASSED] - trxAmount = value: null

2022-06-21 12:20:49 - [TEST_STEP][PASSED] - length = trxAmount.length(): null

2022-06-21 12:20:49 - [TEST_STEP][PASSED] - delay(3): Delayed 3 second(s)

2022-06-21 12:20:52 - [MESSAGE][PASSED] - Delayed 3 second(s)

2022-06-21 12:20:52 - [TEST_STEP][PASSED] - tapAtPosition(startX, startY): Tapped at [360, 2,101]

2022-06-21 12:20:52 - [MESSAGE][PASSED] - Tapped at [360, 2,101]

2022-06-21 12:20:52 - [TEST_STEP][PASSED] - for ([i = 0, i < length, (i++)]): null

2022-06-21 12:20:52 - [TEST_STEP][PASSED] - if (trxAmount[i] == "0"): null

2022-06-21 12:20:52 - [TEST_STEP][PASSED] - if (trxAmount[i] == "1"): null

2022-06-21 12:20:52 - [TEST_STEP][PASSED] - if (trxAmount[i] == "2"): null

2022-06-21 12:20:52 - [TEST_STEP][PASSED] - if (trxAmount[i] == "3"): Tapped on element 'Object Repository/Login Onboarding/PIN3'

2022-06-21 12:20:52 - [TEST_STEP][PASSED] - tap(findTestObject("Login Onboarding/PIN3"), 0): Tapped on element 'Object Repository/Login Onboarding/PIN3'

2022-06-21 12:20:52 - [MESSAGE][WARNING] - Timeout '0' is invalid. Using default page load timeout: '40'

2022-06-21 12:20:53 - [MESSAGE][PASSED] - Tapped on element 'Object Repository/Login Onboarding/PIN3'

2022-06-21 12:20:53 - [TEST_STEP][PASSED] - if (trxAmount[i] == "4"): null

2022-06-21 12:20:53 - [TEST_STEP][PASSED] - if (trxAmount[i] == "5"): null

2022-06-21 12:20:53 - [TEST_STEP][PASSED] - if (trxAmount[i] == "6"): null

2022-06-21 12:20:53 - [TEST_STEP][PASSED] - if (trxAmount[i] == "7"): null

2022-06-21 12:20:53 - [TEST_STEP][PASSED] - if (trxAmount[i] == "8"): null

2022-06-21 12:20:53 - [TEST_STEP][PASSED] - if (trxAmount[i] == "9"): null

2022-06-21 12:20:53 - [TEST_STEP][PASSED] - if (trxAmount[i] == "0"): Tapped on element 'Object Repository/Login Onboarding/PIN0'

2022-06-21 12:20:53 - [TEST_STEP][PASSED] - tap(findTestObject("Login Onboarding/PIN0"), 0): Tapped on element 'Object Repository/Login Onboarding/PIN0'

2022-06-21 12:20:53 - [MESSAGE][WARNING] - Timeout '0' is invalid. Using default page load timeout: '40'

2022-06-21 12:20:54 - [MESSAGE][PASSED] - Tapped on element 'Object Repository/Login Onboarding/PIN0'

2022-06-21 12:20:54 - [TEST_STEP][PASSED] - if (trxAmount[i] == "1"): null

2022-06-21 12:20:54 - [TEST_STEP][PASSED] - if (trxAmount[i] == "2"): null

2022-06-21 12:20:54 - [TEST_STEP][PASSED] - if (trxAmount[i] == "3"): null

2022-06-21 12:20:54 - [TEST_STEP][PASSED] - if (trxAmount[i] == "4"): null

2022-06-21 12:20:54 - [TEST_STEP][PASSED] - if (trxAmount[i] == "5"): null

2022-06-21 12:20:54 - [TEST_STEP][PASSED] - if (trxAmount[i] == "6"): null

2022-06-21 12:20:54 - [TEST_STEP][PASSED] - if (trxAmount[i] == "7"): null

2022-06-21 12:20:54 - [TEST_STEP][PASSED] - if (trxAmount[i] == "8"): null

2022-06-21 12:20:54 - [TEST_STEP][PASSED] - if (trxAmount[i] == "9"): null

2022-06-21 12:20:54 - [TEST_STEP][PASSED] - if (trxAmount[i] == "0"): Tapped on element 'Object Repository/Login Onboarding/PIN0'

2022-06-21 12:20:54 - [TEST_STEP][PASSED] - tap(findTestObject("Login Onboarding/PIN0"), 0): Tapped on element 'Object Repository/Login Onboarding/PIN0'

2022-06-21 12:20:54 - [MESSAGE][WARNING] - Timeout '0' is invalid. Using default page load timeout: '40'

2022-06-21 12:20:55 - [MESSAGE][PASSED] - Tapped on element 'Object Repository/Login Onboarding/PIN0'

2022-06-21 12:20:55 - [TEST_STEP][PASSED] - if (trxAmount[i] == "1"): null

2022-06-21 12:20:55 - [TEST_STEP][PASSED] - if (trxAmount[i] == "2"): null

2022-06-21 12:20:55 - [TEST_STEP][PASSED] - if (trxAmount[i] == "3"): null

2022-06-21 12:20:55 - [TEST_STEP][PASSED] - if (trxAmount[i] == "4"): null

2022-06-21 12:20:55 - [TEST_STEP][PASSED] - if (trxAmount[i] == "5"): null

2022-06-21 12:20:55 - [TEST_STEP][PASSED] - if (trxAmount[i] == "6"): null

2022-06-21 12:20:55 - [TEST_STEP][PASSED] - if (trxAmount[i] == "7"): null

2022-06-21 12:20:55 - [TEST_STEP][PASSED] - if (trxAmount[i] == "8"): null

2022-06-21 12:20:55 - [TEST_STEP][PASSED] - if (trxAmount[i] == "9"): null

2022-06-21 12:20:55 - [TEST_STEP][PASSED] - delay(3): Delayed 3 second(s)

2022-06-21 12:20:58 - [MESSAGE][PASSED] - Delayed 3 second(s)

2022-06-21 12:20:58 - [TEST_STEP][PASSED] - verifyElementText(findTestObject("Transfer/transferAmountInputValueTxt", ["value":checkValue]), checkValue): Actual text and expected text of test object 'Object Repository/Transfer/transferAmountInputValueTxt' are matched.

2022-06-21 12:20:58 - [MESSAGE][PASSED] - Actual text and expected text of test object 'Object Repository/Transfer/transferAmountInputValueTxt' are matched.

2022-06-21 12:20:58 - [TEST_STEP][PASSED] - delay(3): Delayed 3 second(s)

2022-06-21 12:21:01 - [MESSAGE][PASSED] - Delayed 3 second(s)

2022-06-21 12:21:01 - [TEST_STEP][PASSED] - tap(findTestObject("Login Onboarding/loginPinTickBtn"), 0): Tapped on element 'Object Repository/Login Onboarding/loginPinTickBtn'

2022-06-21 12:21:01 - [MESSAGE][WARNING] - Timeout '0' is invalid. Using default page load timeout: '40'

2022-06-21 12:21:02 - [MESSAGE][PASSED] - Tapped on element 'Object Repository/Login Onboarding/loginPinTickBtn'

2022-06-21 12:21:02 - [TEST_STEP][PASSED] - delay(3): Delayed 3 second(s)

2022-06-21 12:21:05 - [MESSAGE][PASSED] - Delayed 3 second(s)

2022-06-21 12:21:05 - [TEST_STEP][PASSED] - verifyElementText(findTestObject("Transfer/transferReferenceAccNoTxt", ["accNo":accNo]), accNo): Actual text and expected text of test object 'Object Repository/Transfer/transferReferenceAccNoTxt' are matched.

2022-06-21 12:21:05 - [MESSAGE][PASSED] - Actual text and expected text of test object 'Object Repository/Transfer/transferReferenceAccNoTxt' are matched.

2022-06-21 12:21:05 - [TEST_STEP][PASSED] - verifyElementText(findTestObject("Transfer/transferReferenceAccBankTxt", ["accBank":accBank]), accBank): Actual text and expected text of test object 'Object Repository/Transfer/transferReferenceAccBankTxt' are matched.

2022-06-21 12:21:05 - [MESSAGE][PASSED] - Actual text and expected text of test object 'Object Repository/Transfer/transferReferenceAccBankTxt' are matched.

2022-06-21 12:21:05 - [TEST_STEP][PASSED] - verifyElementExist(findTestObject("Transfer/transferReferenceInputField"), 0): Element 'Object Repository/Transfer/transferReferenceInputField' is exist

2022-06-21 12:21:05 - [MESSAGE][WARNING] - Timeout '0' is invalid. Using default page load timeout: '40'

2022-06-21 12:21:05 - [MESSAGE][PASSED] - Element 'Object Repository/Transfer/transferReferenceInputField' is exist

2022-06-21 12:21:05 - [TEST_STEP][PASSED] - setText(findTestObject("Banking/transferReferenceInputField"), reference, 0): Text 'IBFTInstantTransfer' has been set to element 'Object Repository/Banking/transferReferenceInputField'

2022-06-21 12:21:05 - [MESSAGE][WARNING] - Timeout '0' is invalid. Using default page load timeout: '40'

2022-06-21 12:21:06 - [MESSAGE][PASSED] - Text 'IBFTInstantTransfer' has been set to element 'Object Repository/Banking/transferReferenceInputField'

2022-06-21 12:21:06 - [TEST_STEP][PASSED] - hideKeyboard(): Keyboard is hidden

2022-06-21 12:21:08 - [MESSAGE][PASSED] - Keyboard is hidden

2022-06-21 12:21:08 - [TEST_STEP][PASSED] - verifyElementText(findTestObject("Transfer/transferReferenceInputFieldAfter", ["reference":reference]), reference): Actual text and expected text of test object 'Object Repository/Transfer/transferReferenceInputFieldAfter' are matched.

2022-06-21 12:21:08 - [MESSAGE][PASSED] - Actual text and expected text of test object 'Object Repository/Transfer/transferReferenceInputFieldAfter' are matched.

2022-06-21 12:21:08 - [TEST_STEP][PASSED] - tap(findTestObject("Login Onboarding/loginExistingContinueBtn"), 0): Tapped on element 'Object Repository/Login Onboarding/loginExistingContinueBtn'

2022-06-21 12:21:08 - [MESSAGE][WARNING] - Timeout '0' is invalid. Using default page load timeout: '40'

2022-06-21 12:21:08 - [MESSAGE][PASSED] - Tapped on element 'Object Repository/Login Onboarding/loginExistingContinueBtn'

2022-06-21 12:21:08 - [TEST_STEP][PASSED] - verifyElementText(findTestObject("Transfer/transferReferenceAccNoTxt", ["accNo":accNo]), accNo): Actual text and expected text of test object 'Object Repository/Transfer/transferReferenceAccNoTxt' are matched.

2022-06-21 12:21:08 - [MESSAGE][PASSED] - Actual text and expected text of test object 'Object Repository/Transfer/transferReferenceAccNoTxt' are matched.

2022-06-21 12:21:08 - [TEST_STEP][PASSED] - verifyElementText(findTestObject("Transfer/transferReferenceAccBankTxt", ["accBank":accBank]), accBank): Actual text and expected text of test object 'Object Repository/Transfer/transferReferenceAccBankTxt' are matched.

2022-06-21 12:21:08 - [MESSAGE][PASSED] - Actual text and expected text of test object 'Object Repository/Transfer/transferReferenceAccBankTxt' are matched.

2022-06-21 12:21:08 - [TEST_STEP][PASSED] - delay(3): Delayed 3 second(s)

2022-06-21 12:21:11 - [MESSAGE][PASSED] - Delayed 3 second(s)

2022-06-21 12:21:11 - [TEST_STEP][PASSED] - tap(findTestObject("Banking/transferTypeDropdownSelection"), 0): Tapped on element 'Object Repository/Banking/transferTypeDropdownSelection'

2022-06-21 12:21:12 - [MESSAGE][WARNING] - Timeout '0' is invalid. Using default page load timeout: '40'

2022-06-21 12:21:12 - [MESSAGE][PASSED] - Tapped on element 'Object Repository/Banking/transferTypeDropdownSelection'

2022-06-21 12:21:12 - [TEST_STEP][PASSED] - scrollToText("Fund Transfer", STOP_ON_FAILURE): Scrolling to text 'Fund Transfer' successfully

2022-06-21 12:21:16 - [MESSAGE][PASSED] - Scrolling to text 'Fund Transfer' successfully

2022-06-21 12:21:16 - [TEST_STEP][PASSED] - tap(findTestObject("Banking/tansferTypeFundDropdownSelection"), 0): Tapped on element 'Object Repository/Banking/tansferTypeFundDropdownSelection'

2022-06-21 12:21:16 - [MESSAGE][WARNING] - Timeout '0' is invalid. Using default page load timeout: '40'

2022-06-21 12:21:16 - [MESSAGE][PASSED] - Tapped on element 'Object Repository/Banking/tansferTypeFundDropdownSelection'

2022-06-21 12:21:16 - [TEST_STEP][PASSED] - tap(findTestObject("Banking/transferModeDropdownDoneBtn"), 0): Tapped on element 'Object Repository/Banking/transferModeDropdownDoneBtn'

2022-06-21 12:21:16 - [MESSAGE][WARNING] - Timeout '0' is invalid. Using default page load timeout: '40'

2022-06-21 12:21:16 - [MESSAGE][PASSED] - Tapped on element 'Object Repository/Banking/transferModeDropdownDoneBtn'

2022-06-21 12:21:16 - [TEST_STEP][PASSED] - delay(3): Delayed 3 second(s)

2022-06-21 12:21:19 - [MESSAGE][PASSED] - Delayed 3 second(s)

2022-06-21 12:21:19 - [TEST_STEP][PASSED] - verifyElementExist(findTestObject("Transfer/instantTransferModeDuitTxt", ["mode":initialMode]), 0): Element 'Object Repository/Transfer/instantTransferModeDuitTxt' is exist

2022-06-21 12:21:19 - [MESSAGE][WARNING] - Timeout '0' is invalid. Using default page load timeout: '40'

2022-06-21 12:21:19 - [MESSAGE][PASSED] - Element 'Object Repository/Transfer/instantTransferModeDuitTxt' is exist

2022-06-21 12:21:19 - [TEST_STEP][PASSED] - verifyElementExist(findTestObject("Transfer/instantTransferModeTitleTxt"), 0): Element 'Object Repository/Transfer/instantTransferModeTitleTxt' is exist

2022-06-21 12:21:19 - [MESSAGE][WARNING] - Timeout '0' is invalid. Using default page load timeout: '40'

2022-06-21 12:21:20 - [MESSAGE][PASSED] - Element 'Object Repository/Transfer/instantTransferModeTitleTxt' is exist

2022-06-21 12:21:20 - [TEST_STEP][PASSED] - verifyElementExist(findTestObject("Transfer/instantTransferTypeFundTxt"), 0): Element 'Object Repository/Transfer/instantTransferTypeFundTxt' is exist

2022-06-21 12:21:20 - [MESSAGE][WARNING] - Timeout '0' is invalid. Using default page load timeout: '40'

2022-06-21 12:21:20 - [MESSAGE][PASSED] - Element 'Object Repository/Transfer/instantTransferTypeFundTxt' is exist

2022-06-21 12:21:20 - [TEST_STEP][PASSED] - verifyElementExist(findTestObject("Transfer/instantTransferTypeTitleTxt"), 0): Element 'Object Repository/Transfer/instantTransferTypeTitleTxt' is exist

2022-06-21 12:21:20 - [MESSAGE][WARNING] - Timeout '0' is invalid. Using default page load timeout: '40'

2022-06-21 12:21:20 - [MESSAGE][PASSED] - Element 'Object Repository/Transfer/instantTransferTypeTitleTxt' is exist

2022-06-21 12:21:20 - [TEST_STEP][PASSED] - tap(findTestObject("Login Onboarding/loginExistingContinueBtn"), 0): Tapped on element 'Object Repository/Login Onboarding/loginExistingContinueBtn'

2022-06-21 12:21:20 - [MESSAGE][WARNING] - Timeout '0' is invalid. Using default page load timeout: '40'

2022-06-21 12:21:20 - [MESSAGE][PASSED] - Tapped on element 'Object Repository/Login Onboarding/loginExistingContinueBtn'

2022-06-21 12:21:20 - [TEST_STEP][PASSED] - verifyElementText(findTestObject("Transfer/transferConfirmationTransactionDateTxt"), trxDate): Actual text and expected text of test object 'Object Repository/Transfer/transferConfirmationTransactionDateTxt' are matched.

2022-06-21 12:21:26 - [MESSAGE][PASSED] - Actual text and expected text of test object 'Object Repository/Transfer/transferConfirmationTransactionDateTxt' are matched.

2022-06-21 12:21:26 - [TEST_STEP][PASSED] - verifyElementText(findTestObject("Transfer/transferConfirmationAccountNameTxt", ["accName":accName]), accName): Actual text and expected text of test object 'Object Repository/Transfer/transferConfirmationAccountNameTxt' are matched.

2022-06-21 12:21:27 - [MESSAGE][PASSED] - Actual text and expected text of test object 'Object Repository/Transfer/transferConfirmationAccountNameTxt' are matched.

2022-06-21 12:21:27 - [TEST_STEP][PASSED] - verifyElementText(findTestObject("Transfer/transferConfirmationAccountNoTxt", ["accNo":accNo]), accNo): Actual text and expected text of test object 'Object Repository/Transfer/transferConfirmationAccountNoTxt' are matched.

2022-06-21 12:21:27 - [MESSAGE][PASSED] - Actual text and expected text of test object 'Object Repository/Transfer/transferConfirmationAccountNoTxt' are matched.

2022-06-21 12:21:27 - [TEST_STEP][PASSED] - verifyElementText(findTestObject("Transfer/transferConfirmationAmountTxt", ["amount":amount]), amount): Actual text and expected text of test object 'Object Repository/Transfer/transferConfirmationAmountTxt' are matched.

2022-06-21 12:21:27 - [MESSAGE][PASSED] - Actual text and expected text of test object 'Object Repository/Transfer/transferConfirmationAmountTxt' are matched.

2022-06-21 12:21:27 - [TEST_STEP][PASSED] - verifyElementText(findTestObject("Transfer/transferConfirmationTransactionRecRefTxt", ["reference":reference]), reference): Actual text and expected text of test object 'Object Repository/Transfer/transferConfirmationTransactionRecRefTxt' are matched.

2022-06-21 12:21:28 - [MESSAGE][PASSED] - Actual text and expected text of test object 'Object Repository/Transfer/transferConfirmationTransactionRecRefTxt' are matched.

2022-06-21 12:21:28 - [TEST_STEP][PASSED] - verifyElementText(findTestObject("Transfer/transferConfirmationTransactionBankTxt", ["accBank":accBank]), accBank): Actual text and expected text of test object 'Object Repository/Transfer/transferConfirmationTransactionBankTxt' are matched.

2022-06-21 12:21:28 - [MESSAGE][PASSED] - Actual text and expected text of test object 'Object Repository/Transfer/transferConfirmationTransactionBankTxt' are matched.

2022-06-21 12:21:28 - [TEST_STEP][PASSED] - verifyElementText(findTestObject("Transfer/transferConfirmationOptionalGreyWordTxt"), "Optional"): Actual text and expected text of test object 'Object Repository/Transfer/transferConfirmationOptionalGreyWordTxt' are matched.

2022-06-21 12:21:28 - [MESSAGE][PASSED] - Actual text and expected text of test object 'Object Repository/Transfer/transferConfirmationOptionalGreyWordTxt' are matched.

2022-06-21 12:21:28 - [TEST_STEP][PASSED] - verifyElementText(findTestObject("Transfer/instantTransferConfirmationTransactionTypeTxt"), trxType): Actual text and expected text of test object 'Object Repository/Transfer/instantTransferConfirmationTransactionTypeTxt' are matched.

2022-06-21 12:21:28 - [MESSAGE][PASSED] - Actual text and expected text of test object 'Object Repository/Transfer/instantTransferConfirmationTransactionTypeTxt' are matched.

2022-06-21 12:21:28 - [TEST_STEP][PASSED] - verifyElementText(findTestObject("Transfer/instantTransferConfirmationTransactionModeTxt", ["modeC":initialMode]), initialMode): Actual text and expected text of test object 'Object Repository/Transfer/instantTransferConfirmationTransactionModeTxt' are matched.

2022-06-21 12:21:29 - [MESSAGE][PASSED] - Actual text and expected text of test object 'Object Repository/Transfer/instantTransferConfirmationTransactionModeTxt' are matched.

2022-06-21 12:21:29 - [TEST_STEP][PASSED] - verifyElementText(findTestObject("Transfer/instantTransferConfirmationTransactionServiceTxt"), "RM 0.00"): Actual text and expected text of test object 'Object Repository/Transfer/instantTransferConfirmationTransactionServiceTxt' are matched.

2022-06-21 12:21:29 - [MESSAGE][PASSED] - Actual text and expected text of test object 'Object Repository/Transfer/instantTransferConfirmationTransactionServiceTxt' are matched.

2022-06-21 12:21:29 - [TEST_STEP][PASSED] - verifyElementExist(findTestObject("Transfer/transferConfirmationBankNameTitleTxt"), 0): Element 'Object Repository/Transfer/transferConfirmationBankNameTitleTxt' is exist

2022-06-21 12:21:29 - [MESSAGE][WARNING] - Timeout '0' is invalid. Using default page load timeout: '40'

2022-06-21 12:21:29 - [MESSAGE][PASSED] - Element 'Object Repository/Transfer/transferConfirmationBankNameTitleTxt' is exist

2022-06-21 12:21:29 - [TEST_STEP][PASSED] - verifyElementExist(findTestObject("Transfer/transferConfirmationDateTitleTxt"), 0): Element 'Object Repository/Transfer/transferConfirmationDateTitleTxt' is exist

2022-06-21 12:21:29 - [MESSAGE][WARNING] - Timeout '0' is invalid. Using default page load timeout: '40'

2022-06-21 12:21:29 - [MESSAGE][PASSED] - Element 'Object Repository/Transfer/transferConfirmationDateTitleTxt' is exist

2022-06-21 12:21:29 - [TEST_STEP][PASSED] - verifyElementExist(findTestObject("Transfer/transferConfirmationRecRefTitleTxt"), 0): Element 'Object Repository/Transfer/transferConfirmationRecRefTitleTxt' is exist

2022-06-21 12:21:29 - [MESSAGE][WARNING] - Timeout '0' is invalid. Using default page load timeout: '40'

2022-06-21 12:21:30 - [MESSAGE][PASSED] - Element 'Object Repository/Transfer/transferConfirmationRecRefTitleTxt' is exist

2022-06-21 12:21:30 - [TEST_STEP][PASSED] - verifyElementExist(findTestObject("Transfer/transferConfirmationPaymentDetailsTitleTxt"), 0): Element 'Object Repository/Transfer/transferConfirmationPaymentDetailsTitleTxt' is exist

2022-06-21 12:21:30 - [MESSAGE][WARNING] - Timeout '0' is invalid. Using default page load timeout: '40'

2022-06-21 12:21:30 - [MESSAGE][PASSED] - Element 'Object Repository/Transfer/transferConfirmationPaymentDetailsTitleTxt' is exist

2022-06-21 12:21:30 - [TEST_STEP][PASSED] - verifyElementExist(findTestObject("Transfer/instantTransferConfirmationModeTitleTxt"), 0): Element 'Object Repository/Transfer/instantTransferConfirmationModeTitleTxt' is exist

2022-06-21 12:21:30 - [MESSAGE][WARNING] - Timeout '0' is invalid. Using default page load timeout: '40'

2022-06-21 12:21:30 - [MESSAGE][PASSED] - Element 'Object Repository/Transfer/instantTransferConfirmationModeTitleTxt' is exist

2022-06-21 12:21:30 - [TEST_STEP][PASSED] - verifyElementExist(findTestObject("Transfer/instantTransferConfirmationServiceFeeTitleTxt"), 0): Element 'Object Repository/Transfer/instantTransferConfirmationServiceFeeTitleTxt' is exist

2022-06-21 12:21:30 - [MESSAGE][WARNING] - Timeout '0' is invalid. Using default page load timeout: '40'

2022-06-21 12:21:30 - [MESSAGE][PASSED] - Element 'Object Repository/Transfer/instantTransferConfirmationServiceFeeTitleTxt' is exist

2022-06-21 12:21:30 - [TEST_STEP][PASSED] - verifyElementExist(findTestObject("Transfer/instantTransferConfirmationTypeTitleTxt"), 0): Element 'Object Repository/Transfer/instantTransferConfirmationTypeTitleTxt' is exist

2022-06-21 12:21:30 - [MESSAGE][WARNING] - Timeout '0' is invalid. Using default page load timeout: '40'

2022-06-21 12:21:30 - [MESSAGE][PASSED] - Element 'Object Repository/Transfer/instantTransferConfirmationTypeTitleTxt' is exist

2022-06-21 12:21:30 - [TEST_STEP][PASSED] - verifyElementExist(findTestObject("Transfer/transferConfirmationNoteTitleTxt"), 0): Element 'Object Repository/Transfer/transferConfirmationNoteTitleTxt' is exist

2022-06-21 12:21:30 - [MESSAGE][WARNING] - Timeout '0' is invalid. Using default page load timeout: '40'

2022-06-21 12:21:31 - [MESSAGE][PASSED] - Element 'Object Repository/Transfer/transferConfirmationNoteTitleTxt' is exist

2022-06-21 12:21:31 - [TEST_STEP][PASSED] - tap(findTestObject("Transfer/transferConfirmationOptionalGreyWordTxt"), 0): Tapped on element 'Object Repository/Transfer/transferConfirmationOptionalGreyWordTxt'

2022-06-21 12:21:31 - [MESSAGE][WARNING] - Timeout '0' is invalid. Using default page load timeout: '40'

2022-06-21 12:21:31 - [MESSAGE][PASSED] - Tapped on element 'Object Repository/Transfer/transferConfirmationOptionalGreyWordTxt'

2022-06-21 12:21:31 - [TEST_STEP][PASSED] - setText(findTestObject("Transfer/transferConfirmationDetailsInputField"), details, 0): Text 'Test' has been set to element 'Object Repository/Transfer/transferConfirmationDetailsInputField'

2022-06-21 12:21:31 - [MESSAGE][WARNING] - Timeout '0' is invalid. Using default page load timeout: '40'

2022-06-21 12:21:34 - [MESSAGE][PASSED] - Text 'Test' has been set to element 'Object Repository/Transfer/transferConfirmationDetailsInputField'

2022-06-21 12:21:34 - [TEST_STEP][PASSED] - hideKeyboard(): Keyboard is hidden

2022-06-21 12:21:35 - [MESSAGE][PASSED] - Keyboard is hidden

2022-06-21 12:21:35 - [TEST_STEP][PASSED] - verifyElementText(findTestObject("Transfer/transferConfirmationOptionalGreyWordTxt"), details): Actual text and expected text of test object 'Object Repository/Transfer/transferConfirmationOptionalGreyWordTxt' are matched.

2022-06-21 12:21:36 - [MESSAGE][PASSED] - Actual text and expected text of test object 'Object Repository/Transfer/transferConfirmationOptionalGreyWordTxt' are matched.

2022-06-21 12:21:36 - [TEST_STEP][PASSED] - device_Height_2 = getDeviceHeight(): Current device physical height is 2167

2022-06-21 12:21:36 - [MESSAGE][PASSED] - Current device physical height is 2167

2022-06-21 12:21:36 - [TEST_STEP][PASSED] - device_Width_2 = getDeviceWidth(): Current device physical width is 1080

2022-06-21 12:21:36 - [MESSAGE][PASSED] - Current device physical width is 1080

2022-06-21 12:21:36 - [TEST_STEP][PASSED] - startX_2 = device_Width_2 / 2: null

2022-06-21 12:21:36 - [TEST_STEP][PASSED] - endX_2 = startX_2: null

2022-06-21 12:21:36 - [TEST_STEP][PASSED] - startY_2 = device_Height_2 * 0.30: null

2022-06-21 12:21:36 - [TEST_STEP][PASSED] - endY_2 = device_Height_2 * 0.70: null

2022-06-21 12:21:36 - [TEST_STEP][PASSED] - swipe(startX_2, endY_2, endX_2, startY_2): Swiped from 540,1,516 to 540,650

2022-06-21 12:21:37 - [MESSAGE][PASSED] - Swiped from 540,1,516 to 540,650

2022-06-21 12:21:37 - [TEST_STEP][PASSED] - verifyElementExist(findTestObject("Transfer/instantTransferConfirmationNotes1Txt"), 0): Element 'Object Repository/Transfer/instantTransferConfirmationNotes1Txt' is exist

2022-06-21 12:21:37 - [MESSAGE][WARNING] - Timeout '0' is invalid. Using default page load timeout: '40'

2022-06-21 12:21:37 - [MESSAGE][PASSED] - Element 'Object Repository/Transfer/instantTransferConfirmationNotes1Txt' is exist

2022-06-21 12:21:37 - [TEST_STEP][PASSED] - verifyElementExist(findTestObject("Transfer/transferConfirmationFTransferFromTitleTxt"), 0): Element 'Object Repository/Transfer/transferConfirmationFTransferFromTitleTxt' is exist

2022-06-21 12:21:37 - [MESSAGE][WARNING] - Timeout '0' is invalid. Using default page load timeout: '40'

2022-06-21 12:21:37 - [MESSAGE][PASSED] - Element 'Object Repository/Transfer/transferConfirmationFTransferFromTitleTxt' is exist

2022-06-21 12:21:37 - [TEST_STEP][PASSED] - verifyElementExist(findTestObject("Transfer/instantTransferConfirmationNotes2Txt"), 0): Element 'Object Repository/Transfer/instantTransferConfirmationNotes2Txt' is exist

2022-06-21 12:21:37 - [MESSAGE][WARNING] - Timeout '0' is invalid. Using default page load timeout: '40'

2022-06-21 12:21:37 - [MESSAGE][PASSED] - Element 'Object Repository/Transfer/instantTransferConfirmationNotes2Txt' is exist

2022-06-21 12:21:37 - [TEST_STEP][PASSED] - verifyElementText(findTestObject("Transfer/transferConfirmationFromAccTypeTxt", ["accType":accType]), accType): Actual text and expected text of test object 'Object Repository/Transfer/transferConfirmationFromAccTypeTxt' are matched.

2022-06-21 12:21:38 - [MESSAGE][PASSED] - Actual text and expected text of test object 'Object Repository/Transfer/transferConfirmationFromAccTypeTxt' are matched.

2022-06-21 12:21:38 - [TEST_STEP][PASSED] - verifyElementText(findTestObject("Transfer/transferConfirmationFromAccNoTxt", ["accNoFrom":accNoFrom]), accNoFrom): Actual text and expected text of test object 'Object Repository/Transfer/transferConfirmationFromAccNoTxt' are matched.

2022-06-21 12:21:38 - [MESSAGE][PASSED] - Actual text and expected text of test object 'Object Repository/Transfer/transferConfirmationFromAccNoTxt' are matched.

2022-06-21 12:21:38 - [TEST_STEP][PASSED] - verifyElementExist(findTestObject("Transfer/transferConfirmationFromAccBalanceTxt"), 0): Element 'Object Repository/Transfer/transferConfirmationFromAccBalanceTxt' is exist

2022-06-21 12:21:38 - [MESSAGE][WARNING] - Timeout '0' is invalid. Using default page load timeout: '40'

2022-06-21 12:21:38 - [MESSAGE][PASSED] - Element 'Object Repository/Transfer/transferConfirmationFromAccBalanceTxt' is exist

2022-06-21 12:21:38 - [TEST_STEP][PASSED] - accountBalance = getText(findTestObject("Transfer/transferConfirmationFromAccBalanceTxt"), 0): Text of element 'Object Repository/Transfer/transferConfirmationFromAccBalanceTxt' is: 'RM 1,394.07'

2022-06-21 12:21:38 - [MESSAGE][WARNING] - Timeout '0' is invalid. Using default page load timeout: '40'

2022-06-21 12:21:38 - [MESSAGE][PASSED] - Text of element 'Object Repository/Transfer/transferConfirmationFromAccBalanceTxt' is: 'RM 1,394.07'

2022-06-21 12:21:38 - [TEST_STEP][PASSED] - println(accountBalance): null

2022-06-21 12:21:38 - [TEST_STEP][PASSED] - tap(findTestObject("Main/mainTransferNowBtn"), 0): Tapped on element 'Object Repository/Main/mainTransferNowBtn'

2022-06-21 12:21:38 - [MESSAGE][WARNING] - Timeout '0' is invalid. Using default page load timeout: '40'

2022-06-21 12:21:38 - [MESSAGE][PASSED] - Tapped on element 'Object Repository/Main/mainTransferNowBtn'

2022-06-21 12:21:38 - [TEST_STEP][PASSED] - if (value <= limit): Tapped on element 'Object Repository/Main/mainS2UApproveBtn'

2022-06-21 12:21:38 - [TEST_STEP][PASSED] - if (verifyElementVisible(findTestObject("Festive Season/seasonalGreetingAngpaoTACNoTxt"), 10, OPTIONAL)): Element 'Object Repository/Festive Season/seasonalGreetingAngpaoTACNoTxt' not found

2022-06-21 12:21:49 - [MESSAGE][WARNING] - Element 'Object Repository/Festive Season/seasonalGreetingAngpaoTACNoTxt' not found

2022-06-21 12:21:49 - [TEST_STEP][PASSED] - else: Tapped on element 'Object Repository/Main/mainS2UApproveBtn'

2022-06-21 12:21:49 - [TEST_STEP][PASSED] - delay(3): Delayed 3 second(s)

2022-06-21 12:21:52 - [MESSAGE][PASSED] - Delayed 3 second(s)

2022-06-21 12:21:52 - [TEST_STEP][PASSED] - verifyElementVisible(findTestObject("Main/mainS2UApproveBtn"), 0): Element 'Object Repository/Main/mainS2UApproveBtn' is visible

2022-06-21 12:21:52 - [MESSAGE][WARNING] - Timeout '0' is invalid. Using default page load timeout: '40'

2022-06-21 12:21:52 - [MESSAGE][PASSED] - Element 'Object Repository/Main/mainS2UApproveBtn' is visible

2022-06-21 12:21:52 - [TEST_STEP][PASSED] - tap(findTestObject("Main/mainS2UApproveBtn"), 0): Tapped on element 'Object Repository/Main/mainS2UApproveBtn'

2022-06-21 12:21:52 - [MESSAGE][WARNING] - Timeout '0' is invalid. Using default page load timeout: '40'

2022-06-21 12:21:52 - [MESSAGE][PASSED] - Tapped on element 'Object Repository/Main/mainS2UApproveBtn'

2022-06-21 12:21:52 - [TEST_STEP][PASSED] - delay(5): Delayed 5 second(s)

2022-06-21 12:21:57 - [MESSAGE][PASSED] - Delayed 5 second(s)

2022-06-21 12:21:57 - [TEST_STEP][PASSED] - verifyElementExist(findTestObject("Festive Season/returnAngpaoStatusMessageTxt"), 0): Element 'Object Repository/Festive Season/returnAngpaoStatusMessageTxt' is exist

2022-06-21 12:21:57 - [MESSAGE][WARNING] - Timeout '0' is invalid. Using default page load timeout: '40'

2022-06-21 12:21:57 - [MESSAGE][PASSED] - Element 'Object Repository/Festive Season/returnAngpaoStatusMessageTxt' is exist

2022-06-21 12:21:57 - [TEST_STEP][PASSED] - message = getText(findTestObject("Festive Season/returnAngpaoStatusMessageTxt"), 10): Text of element 'Object Repository/Festive Season/returnAngpaoStatusMessageTxt' is: 'Transfer successful'

2022-06-21 12:21:58 - [MESSAGE][PASSED] - Text of element 'Object Repository/Festive Season/returnAngpaoStatusMessageTxt' is: 'Transfer successful'

2022-06-21 12:21:58 - [TEST_STEP][PASSED] - println(message): null

2022-06-21 12:21:58 - [TEST_STEP][PASSED] - delay(5): Delayed 5 second(s)

2022-06-21 12:22:03 - [MESSAGE][PASSED] - Delayed 5 second(s)

2022-06-21 12:22:03 - [TEST_STEP][PASSED] - if (value > limit): null

2022-06-21 12:22:03 - [TEST_STEP][PASSED] - else: Element 'Object Repository/Transfer/transferSummaryShareReceiptBtn' is exist

2022-06-21 12:22:03 - [TEST_STEP][PASSED] - verifyElementExist(findTestObject("Transfer/transferSummaryDateTimeTitleTxt"), 0): Element 'Object Repository/Transfer/transferSummaryDateTimeTitleTxt' is exist

2022-06-21 12:22:03 - [MESSAGE][WARNING] - Timeout '0' is invalid. Using default page load timeout: '40'

2022-06-21 12:22:03 - [MESSAGE][PASSED] - Element 'Object Repository/Transfer/transferSummaryDateTimeTitleTxt' is exist

2022-06-21 12:22:03 - [TEST_STEP][PASSED] - verifyElementExist(findTestObject("Transfer/transferSummaryRefIDTitleTxt"), 0): Element 'Object Repository/Transfer/transferSummaryRefIDTitleTxt' is exist

2022-06-21 12:22:03 - [MESSAGE][WARNING] - Timeout '0' is invalid. Using default page load timeout: '40'

2022-06-21 12:22:03 - [MESSAGE][PASSED] - Element 'Object Repository/Transfer/transferSummaryRefIDTitleTxt' is exist

2022-06-21 12:22:03 - [TEST_STEP][PASSED] - verifyElementExist(findTestObject("Transfer/transferSummaryShareReceiptBtn"), 0): Element 'Object Repository/Transfer/transferSummaryShareReceiptBtn' is exist

2022-06-21 12:22:03 - [MESSAGE][WARNING] - Timeout '0' is invalid. Using default page load timeout: '40'

2022-06-21 12:22:03 - [MESSAGE][PASSED] - Element 'Object Repository/Transfer/transferSummaryShareReceiptBtn' is exist

2022-06-21 12:22:03 - [TEST_STEP][PASSED] - delay(5): Delayed 5 second(s)

2022-06-21 12:22:08 - [MESSAGE][PASSED] - Delayed 5 second(s)

2022-06-21 12:22:08 - [TEST_STEP][PASSED] - referenceID = getText(findTestObject("Send Request Money/requestMoneyPaySummaryRefIDTxt"), 0): Text of element 'Object Repository/Send Request Money/requestMoneyPaySummaryRefIDTxt' is: '181566125M'

2022-06-21 12:22:08 - [MESSAGE][WARNING] - Timeout '0' is invalid. Using default page load timeout: '40'

2022-06-21 12:22:08 - [MESSAGE][PASSED] - Text of element 'Object Repository/Send Request Money/requestMoneyPaySummaryRefIDTxt' is: '181566125M'

2022-06-21 12:22:08 - [TEST_STEP][PASSED] - println(referenceID): null

2022-06-21 12:22:08 - [TEST_STEP][PASSED] - test = dataFolder: null

2022-06-21 12:22:08 - [TEST_STEP][PASSED] - sheetName = "Sheet1": null

2022-06-21 12:22:08 - [TEST_STEP][PASSED] - file1 = new java.io.File(test): null

2022-06-21 12:22:08 - [TEST_STEP][PASSED] - assert file1.exists() == true: null

2022-06-21 12:22:08 - [TEST_STEP][PASSED] - woorkbook1 = getWorkbook(test): null

2022-06-21 12:22:09 - [TEST_STEP][PASSED] - sheet1 = getExcelSheet(woorkbook1, sheetName): null

2022-06-21 12:22:09 - [TEST_STEP][PASSED] - setValueToCellByIndex(sheet1, 3, 1, referenceID): null

2022-06-21 12:22:09 - [TEST_STEP][PASSED] - saveWorkbook(test, woorkbook1): null

2022-06-21 12:22:09 - [TEST_STEP][PASSED] - delay(3): Delayed 3 second(s)

2022-06-21 12:22:12 - [MESSAGE][PASSED] - Delayed 3 second(s)

2022-06-21 12:22:12 - [TEST_STEP][PASSED] - verifyElementVisible(findTestObject("Main/mainDoneBtn"), 0): Element 'Object Repository/Main/mainDoneBtn' is visible

2022-06-21 12:22:12 - [MESSAGE][WARNING] - Timeout '0' is invalid. Using default page load timeout: '40'

2022-06-21 12:22:12 - [MESSAGE][PASSED] - Element 'Object Repository/Main/mainDoneBtn' is visible

2022-06-21 12:22:12 - [TEST_STEP][PASSED] - takeScreenshot("/Users/a00139272/Desktop/Screenshot/instantIBFT.png"): Screenshot is taken

2022-06-21 12:22:13 - [MESSAGE][PASSED] - Screenshot is taken
[[ATTACHMENT|/Users/a00139272/Desktop/Screenshot/instantIBFT.png]]

2022-06-21 12:22:13 - [TEST_STEP][PASSED] - tap(findTestObject("Main/mainDoneBtn"), 0): Tapped on element 'Object Repository/Main/mainDoneBtn'

2022-06-21 12:22:13 - [MESSAGE][WARNING] - Timeout '0' is invalid. Using default page load timeout: '40'

2022-06-21 12:22:13 - [MESSAGE][PASSED] - Tapped on element 'Object Repository/Main/mainDoneBtn'

2022-06-21 12:22:13 - [TEST_STEP][PASSED] - if (value < limit): Delayed 5 second(s)

2022-06-21 12:22:13 - [TEST_STEP][PASSED] - delay(5): Delayed 5 second(s)

2022-06-21 12:22:18 - [MESSAGE][PASSED] - Delayed 5 second(s)

2022-06-21 12:22:18 - [TEST_STEP][PASSED] - tap(findTestObject("Main/mainTopLeftBackButton"), 0): Tapped on element 'Object Repository/Main/mainTopLeftBackButton'

2022-06-21 12:22:18 - [MESSAGE][WARNING] - Timeout '0' is invalid. Using default page load timeout: '40'

2022-06-21 12:22:18 - [MESSAGE][PASSED] - Tapped on element 'Object Repository/Main/mainTopLeftBackButton'

2022-06-21 12:22:18 - [TEST_STEP][PASSED] - delay(5): Delayed 5 second(s)

2022-06-21 12:22:23 - [MESSAGE][PASSED] - Delayed 5 second(s)

2022-06-21 12:22:23 - [TEST_STEP][PASSED] - verifyElementVisible(findTestObject("Banking/m2uAccountTypeSelection", ["text":accType]), 0): Element 'Object Repository/Banking/m2uAccountTypeSelection' is visible

2022-06-21 12:22:23 - [MESSAGE][WARNING] - Timeout '0' is invalid. Using default page load timeout: '40'

2022-06-21 12:22:23 - [MESSAGE][PASSED] - Element 'Object Repository/Banking/m2uAccountTypeSelection' is visible

2022-06-21 12:22:23 - [TEST_STEP][PASSED] - tap(findTestObject("Banking/m2uAccountTypeSelection", ["text":accType]), 10): Tapped on element 'Object Repository/Banking/m2uAccountTypeSelection'

2022-06-21 12:22:24 - [MESSAGE][PASSED] - Tapped on element 'Object Repository/Banking/m2uAccountTypeSelection'

2022-06-21 12:22:24 - [TEST_STEP][PASSED] - delay(5): Delayed 5 second(s)

2022-06-21 12:22:29 - [MESSAGE][PASSED] - Delayed 5 second(s)

2022-06-21 12:22:29 - [TEST_STEP][PASSED] - afterBalance = getText(findTestObject("Main/mainAccountsBalanceTxt"), 0): Text of element 'Object Repository/Main/mainAccountsBalanceTxt' is: 'RM 1,391.07'

2022-06-21 12:22:29 - [MESSAGE][WARNING] - Timeout '0' is invalid. Using default page load timeout: '40'

2022-06-21 12:22:29 - [MESSAGE][PASSED] - Text of element 'Object Repository/Main/mainAccountsBalanceTxt' is: 'RM 1,391.07'

2022-06-21 12:22:29 - [TEST_STEP][PASSED] - newAfterBalance = afterBalance.replaceAll("[^0-9.]", ""): null

2022-06-21 12:22:29 - [TEST_STEP][PASSED] - newAccountBalance = accountBalance.replaceAll("[^0-9.]", ""): null

2022-06-21 12:22:29 - [TEST_STEP][PASSED] - newAfterBalanceF = Float.parseFloat(newAfterBalance): null

2022-06-21 12:22:29 - [TEST_STEP][PASSED] - newAccountBalanceF = Float.parseFloat(newAccountBalance): null

2022-06-21 12:22:29 - [TEST_STEP][PASSED] - println(afterBalance): null

2022-06-21 12:22:29 - [TEST_STEP][PASSED] - println(accountBalance): null

2022-06-21 12:22:29 - [TEST_STEP][PASSED] - println(newAfterBalance): null

2022-06-21 12:22:29 - [TEST_STEP][PASSED] - println(newAccountBalance): null

2022-06-21 12:22:29 - [TEST_STEP][PASSED] - value_1 = checkValue: null

2022-06-21 12:22:29 - [TEST_STEP][PASSED] - value_2 = value_1.replaceAll("[^0-9.]", ""): null

2022-06-21 12:22:29 - [TEST_STEP][PASSED] - newValue = Float.parseFloat(value_2): null

2022-06-21 12:22:29 - [TEST_STEP][PASSED] - newBalance = newAccountBalanceF - newValue: null

2022-06-21 12:22:29 - [TEST_STEP][PASSED] - println(newBalance): null

2022-06-21 12:22:29 - [TEST_STEP][PASSED] - assert newBalance.round(2) == newAfterBalanceF: null

2022-06-21 12:22:29 - [TEST_STEP][PASSED] - delay(5): Delayed 5 second(s)

2022-06-21 12:22:34 - [MESSAGE][PASSED] - Delayed 5 second(s)]]></system-out>
         <system-err><![CDATA[]]></system-err>
      </testcase>
      <testcase name="Test Cases/Transfer/transfer_instantTransferIBG" time="327.552" classname="Test Cases/Transfer/transfer_instantTransferIBG" status="PASSED">
         <system-out><![CDATA[2022-06-21 12:22:34 - [TEST_CASE][PASSED] - Test Cases/Transfer/transfer_instantTransferIBG: Test Cases/Transfer/transfer_instantTransferIBG

2022-06-21 12:22:35 - [TEST_STEP][PASSED] - delay(5): Delayed 5 second(s)

2022-06-21 12:22:40 - [MESSAGE][PASSED] - Delayed 5 second(s)

2022-06-21 12:22:40 - [TEST_STEP][PASSED] - device_Height = getDeviceHeight(): Current device physical height is 2167

2022-06-21 12:22:40 - [MESSAGE][PASSED] - Current device physical height is 2167

2022-06-21 12:22:40 - [TEST_STEP][PASSED] - device_Width = getDeviceWidth(): Current device physical width is 1080

2022-06-21 12:22:40 - [MESSAGE][PASSED] - Current device physical width is 1080

2022-06-21 12:22:40 - [TEST_STEP][PASSED] - startX = device_Width / 3: null

2022-06-21 12:22:40 - [TEST_STEP][PASSED] - startY = device_Height * 0.97: null

2022-06-21 12:22:40 - [TEST_STEP][PASSED] - verifyElementVisible(findTestObject("Banking/m2uAccountTransferIconSelect"), 0): Element 'Object Repository/Banking/m2uAccountTransferIconSelect' is visible

2022-06-21 12:22:40 - [MESSAGE][WARNING] - Timeout '0' is invalid. Using default page load timeout: '40'

2022-06-21 12:22:40 - [MESSAGE][PASSED] - Element 'Object Repository/Banking/m2uAccountTransferIconSelect' is visible

2022-06-21 12:22:40 - [TEST_STEP][PASSED] - tap(findTestObject("Banking/m2uAccountTransferIconSelect"), 0): Tapped on element 'Object Repository/Banking/m2uAccountTransferIconSelect'

2022-06-21 12:22:40 - [MESSAGE][WARNING] - Timeout '0' is invalid. Using default page load timeout: '40'

2022-06-21 12:22:40 - [MESSAGE][PASSED] - Tapped on element 'Object Repository/Banking/m2uAccountTransferIconSelect'

2022-06-21 12:22:40 - [TEST_STEP][PASSED] - delay(5): Delayed 5 second(s)

2022-06-21 12:22:45 - [MESSAGE][PASSED] - Delayed 5 second(s)

2022-06-21 12:22:45 - [TEST_STEP][PASSED] - println("InterBank Test Case Started"): null

2022-06-21 12:22:45 - [TEST_STEP][PASSED] - verifyElementExist(findTestObject("Banking/transferOthersTopMenuSelect"), 0): Element 'Object Repository/Banking/transferOthersTopMenuSelect' is exist

2022-06-21 12:22:45 - [MESSAGE][WARNING] - Timeout '0' is invalid. Using default page load timeout: '40'

2022-06-21 12:23:16 - [MESSAGE][PASSED] - Element 'Object Repository/Banking/transferOthersTopMenuSelect' is exist

2022-06-21 12:23:16 - [TEST_STEP][PASSED] - tap(findTestObject("Banking/transferOthersTopMenuSelect"), 0): Tapped on element 'Object Repository/Banking/transferOthersTopMenuSelect'

2022-06-21 12:23:16 - [MESSAGE][WARNING] - Timeout '0' is invalid. Using default page load timeout: '40'

2022-06-21 12:24:16 - [MESSAGE][PASSED] - Tapped on element 'Object Repository/Banking/transferOthersTopMenuSelect'

2022-06-21 12:24:16 - [TEST_STEP][PASSED] - tap(findTestObject("Banking/transferBanksIconSelect"), 0): Tapped on element 'Object Repository/Banking/transferBanksIconSelect'

2022-06-21 12:24:16 - [MESSAGE][WARNING] - Timeout '0' is invalid. Using default page load timeout: '40'

2022-06-21 12:25:09 - [MESSAGE][PASSED] - Tapped on element 'Object Repository/Banking/transferBanksIconSelect'

2022-06-21 12:25:09 - [TEST_STEP][PASSED] - scrollToText("PUBLIC BANK", STOP_ON_FAILURE): Scrolling to text 'PUBLIC BANK' successfully

2022-06-21 12:25:26 - [MESSAGE][PASSED] - Scrolling to text 'PUBLIC BANK' successfully

2022-06-21 12:25:26 - [TEST_STEP][PASSED] - tap(findTestObject("Banking/transferBankSelection", ["text":accBank]), 10): Tapped on element 'Object Repository/Banking/transferBankSelection'

2022-06-21 12:25:26 - [MESSAGE][PASSED] - Tapped on element 'Object Repository/Banking/transferBankSelection'

2022-06-21 12:25:26 - [TEST_STEP][PASSED] - setText(findTestObject("Banking/transferAccountNoInputField"), accountNum, 0): Text '3099117112' has been set to element 'Object Repository/Banking/transferAccountNoInputField'

2022-06-21 12:25:26 - [MESSAGE][WARNING] - Timeout '0' is invalid. Using default page load timeout: '40'

2022-06-21 12:25:29 - [MESSAGE][PASSED] - Text '3099117112' has been set to element 'Object Repository/Banking/transferAccountNoInputField'

2022-06-21 12:25:29 - [TEST_STEP][PASSED] - hideKeyboard(): Keyboard is hidden

2022-06-21 12:25:33 - [MESSAGE][PASSED] - Keyboard is hidden

2022-06-21 12:25:33 - [TEST_STEP][PASSED] - tap(findTestObject("Login Onboarding/loginExistingContinueBtn"), 0): Tapped on element 'Object Repository/Login Onboarding/loginExistingContinueBtn'

2022-06-21 12:25:33 - [MESSAGE][WARNING] - Timeout '0' is invalid. Using default page load timeout: '40'

2022-06-21 12:25:33 - [MESSAGE][PASSED] - Tapped on element 'Object Repository/Login Onboarding/loginExistingContinueBtn'

2022-06-21 12:25:33 - [TEST_STEP][PASSED] - verifyElementText(findTestObject("Transfer/transferAmounttAccNoTxt", ["accNo":accNo]), accNo): Actual text and expected text of test object 'Object Repository/Transfer/transferAmounttAccNoTxt' are matched.

2022-06-21 12:25:34 - [MESSAGE][PASSED] - Actual text and expected text of test object 'Object Repository/Transfer/transferAmounttAccNoTxt' are matched.

2022-06-21 12:25:34 - [TEST_STEP][PASSED] - verifyElementText(findTestObject("Transfer/transferAmounttAccBankTxt", ["accBank":accBank]), accBank): Actual text and expected text of test object 'Object Repository/Transfer/transferAmounttAccBankTxt' are matched.

2022-06-21 12:25:34 - [MESSAGE][PASSED] - Actual text and expected text of test object 'Object Repository/Transfer/transferAmounttAccBankTxt' are matched.

2022-06-21 12:25:34 - [TEST_STEP][PASSED] - verifyElementExist(findTestObject("Transfer/transferAmountRMTxt"), 0): Element 'Object Repository/Transfer/transferAmountRMTxt' is exist

2022-06-21 12:25:34 - [MESSAGE][WARNING] - Timeout '0' is invalid. Using default page load timeout: '40'

2022-06-21 12:25:35 - [MESSAGE][PASSED] - Element 'Object Repository/Transfer/transferAmountRMTxt' is exist

2022-06-21 12:25:35 - [TEST_STEP][PASSED] - verifyElementExist(findTestObject("Duit Now/duitNowAmountInitialValueTxt"), 0): Element 'Object Repository/Duit Now/duitNowAmountInitialValueTxt' is exist

2022-06-21 12:25:35 - [MESSAGE][WARNING] - Timeout '0' is invalid. Using default page load timeout: '40'

2022-06-21 12:25:35 - [MESSAGE][PASSED] - Element 'Object Repository/Duit Now/duitNowAmountInitialValueTxt' is exist

2022-06-21 12:25:35 - [TEST_STEP][PASSED] - verifyElementExist(findTestObject("Transfer/transferAmountEnterAmountTitleTxt"), 0): Element 'Object Repository/Transfer/transferAmountEnterAmountTitleTxt' is exist

2022-06-21 12:25:35 - [MESSAGE][WARNING] - Timeout '0' is invalid. Using default page load timeout: '40'

2022-06-21 12:25:35 - [MESSAGE][PASSED] - Element 'Object Repository/Transfer/transferAmountEnterAmountTitleTxt' is exist

2022-06-21 12:25:35 - [TEST_STEP][PASSED] - trxAmount = value: null

2022-06-21 12:25:35 - [TEST_STEP][PASSED] - length = trxAmount.length(): null

2022-06-21 12:25:35 - [TEST_STEP][PASSED] - delay(5): Delayed 5 second(s)

2022-06-21 12:25:40 - [MESSAGE][PASSED] - Delayed 5 second(s)

2022-06-21 12:25:40 - [TEST_STEP][PASSED] - tapAtPosition(startX, startY): Tapped at [360, 2,101]

2022-06-21 12:25:40 - [MESSAGE][PASSED] - Tapped at [360, 2,101]

2022-06-21 12:25:40 - [TEST_STEP][PASSED] - for ([i = 0, i < length, (i++)]): null

2022-06-21 12:25:40 - [TEST_STEP][PASSED] - if (trxAmount[i] == "0"): null

2022-06-21 12:25:40 - [TEST_STEP][PASSED] - if (trxAmount[i] == "1"): null

2022-06-21 12:25:40 - [TEST_STEP][PASSED] - if (trxAmount[i] == "2"): Tapped on element 'Object Repository/Login Onboarding/PIN2'

2022-06-21 12:25:40 - [TEST_STEP][PASSED] - tap(findTestObject("Login Onboarding/PIN2"), 0): Tapped on element 'Object Repository/Login Onboarding/PIN2'

2022-06-21 12:25:40 - [MESSAGE][WARNING] - Timeout '0' is invalid. Using default page load timeout: '40'

2022-06-21 12:25:41 - [MESSAGE][PASSED] - Tapped on element 'Object Repository/Login Onboarding/PIN2'

2022-06-21 12:25:41 - [TEST_STEP][PASSED] - if (trxAmount[i] == "3"): null

2022-06-21 12:25:41 - [TEST_STEP][PASSED] - if (trxAmount[i] == "4"): null

2022-06-21 12:25:41 - [TEST_STEP][PASSED] - if (trxAmount[i] == "5"): null

2022-06-21 12:25:41 - [TEST_STEP][PASSED] - if (trxAmount[i] == "6"): null

2022-06-21 12:25:41 - [TEST_STEP][PASSED] - if (trxAmount[i] == "7"): null

2022-06-21 12:25:41 - [TEST_STEP][PASSED] - if (trxAmount[i] == "8"): null

2022-06-21 12:25:41 - [TEST_STEP][PASSED] - if (trxAmount[i] == "9"): null

2022-06-21 12:25:41 - [TEST_STEP][PASSED] - if (trxAmount[i] == "0"): Tapped on element 'Object Repository/Login Onboarding/PIN0'

2022-06-21 12:25:41 - [TEST_STEP][PASSED] - tap(findTestObject("Login Onboarding/PIN0"), 0): Tapped on element 'Object Repository/Login Onboarding/PIN0'

2022-06-21 12:25:41 - [MESSAGE][WARNING] - Timeout '0' is invalid. Using default page load timeout: '40'

2022-06-21 12:25:42 - [MESSAGE][PASSED] - Tapped on element 'Object Repository/Login Onboarding/PIN0'

2022-06-21 12:25:42 - [TEST_STEP][PASSED] - if (trxAmount[i] == "1"): null

2022-06-21 12:25:42 - [TEST_STEP][PASSED] - if (trxAmount[i] == "2"): null

2022-06-21 12:25:42 - [TEST_STEP][PASSED] - if (trxAmount[i] == "3"): null

2022-06-21 12:25:42 - [TEST_STEP][PASSED] - if (trxAmount[i] == "4"): null

2022-06-21 12:25:42 - [TEST_STEP][PASSED] - if (trxAmount[i] == "5"): null

2022-06-21 12:25:42 - [TEST_STEP][PASSED] - if (trxAmount[i] == "6"): null

2022-06-21 12:25:42 - [TEST_STEP][PASSED] - if (trxAmount[i] == "7"): null

2022-06-21 12:25:42 - [TEST_STEP][PASSED] - if (trxAmount[i] == "8"): null

2022-06-21 12:25:42 - [TEST_STEP][PASSED] - if (trxAmount[i] == "9"): null

2022-06-21 12:25:42 - [TEST_STEP][PASSED] - if (trxAmount[i] == "0"): Tapped on element 'Object Repository/Login Onboarding/PIN0'

2022-06-21 12:25:42 - [TEST_STEP][PASSED] - tap(findTestObject("Login Onboarding/PIN0"), 0): Tapped on element 'Object Repository/Login Onboarding/PIN0'

2022-06-21 12:25:42 - [MESSAGE][WARNING] - Timeout '0' is invalid. Using default page load timeout: '40'

2022-06-21 12:25:43 - [MESSAGE][PASSED] - Tapped on element 'Object Repository/Login Onboarding/PIN0'

2022-06-21 12:25:43 - [TEST_STEP][PASSED] - if (trxAmount[i] == "1"): null

2022-06-21 12:25:43 - [TEST_STEP][PASSED] - if (trxAmount[i] == "2"): null

2022-06-21 12:25:43 - [TEST_STEP][PASSED] - if (trxAmount[i] == "3"): null

2022-06-21 12:25:43 - [TEST_STEP][PASSED] - if (trxAmount[i] == "4"): null

2022-06-21 12:25:43 - [TEST_STEP][PASSED] - if (trxAmount[i] == "5"): null

2022-06-21 12:25:43 - [TEST_STEP][PASSED] - if (trxAmount[i] == "6"): null

2022-06-21 12:25:43 - [TEST_STEP][PASSED] - if (trxAmount[i] == "7"): null

2022-06-21 12:25:43 - [TEST_STEP][PASSED] - if (trxAmount[i] == "8"): null

2022-06-21 12:25:43 - [TEST_STEP][PASSED] - if (trxAmount[i] == "9"): null

2022-06-21 12:25:43 - [TEST_STEP][PASSED] - delay(3): Delayed 3 second(s)

2022-06-21 12:25:46 - [MESSAGE][PASSED] - Delayed 3 second(s)

2022-06-21 12:25:46 - [TEST_STEP][PASSED] - verifyElementText(findTestObject("Transfer/transferAmountInputValueTxt", ["value":checkValue]), checkValue): Actual text and expected text of test object 'Object Repository/Transfer/transferAmountInputValueTxt' are matched.

2022-06-21 12:25:46 - [MESSAGE][PASSED] - Actual text and expected text of test object 'Object Repository/Transfer/transferAmountInputValueTxt' are matched.

2022-06-21 12:25:46 - [TEST_STEP][PASSED] - delay(3): Delayed 3 second(s)

2022-06-21 12:25:49 - [MESSAGE][PASSED] - Delayed 3 second(s)

2022-06-21 12:25:49 - [TEST_STEP][PASSED] - tap(findTestObject("Login Onboarding/loginPinTickBtn"), 0): Tapped on element 'Object Repository/Login Onboarding/loginPinTickBtn'

2022-06-21 12:25:49 - [MESSAGE][WARNING] - Timeout '0' is invalid. Using default page load timeout: '40'

2022-06-21 12:25:49 - [MESSAGE][PASSED] - Tapped on element 'Object Repository/Login Onboarding/loginPinTickBtn'

2022-06-21 12:25:49 - [TEST_STEP][PASSED] - delay(3): Delayed 3 second(s)

2022-06-21 12:25:52 - [MESSAGE][PASSED] - Delayed 3 second(s)

2022-06-21 12:25:52 - [TEST_STEP][PASSED] - verifyElementText(findTestObject("Transfer/transferReferenceAccNoTxt", ["accNo":accNo]), accNo): Actual text and expected text of test object 'Object Repository/Transfer/transferReferenceAccNoTxt' are matched.

2022-06-21 12:25:52 - [MESSAGE][PASSED] - Actual text and expected text of test object 'Object Repository/Transfer/transferReferenceAccNoTxt' are matched.

2022-06-21 12:25:52 - [TEST_STEP][PASSED] - verifyElementText(findTestObject("Transfer/transferReferenceAccBankTxt", ["accBank":accBank]), accBank): Actual text and expected text of test object 'Object Repository/Transfer/transferReferenceAccBankTxt' are matched.

2022-06-21 12:25:53 - [MESSAGE][PASSED] - Actual text and expected text of test object 'Object Repository/Transfer/transferReferenceAccBankTxt' are matched.

2022-06-21 12:25:53 - [TEST_STEP][PASSED] - verifyElementExist(findTestObject("Transfer/transferReferenceInputField"), 0): Element 'Object Repository/Transfer/transferReferenceInputField' is exist

2022-06-21 12:25:53 - [MESSAGE][WARNING] - Timeout '0' is invalid. Using default page load timeout: '40'

2022-06-21 12:25:53 - [MESSAGE][PASSED] - Element 'Object Repository/Transfer/transferReferenceInputField' is exist

2022-06-21 12:25:53 - [TEST_STEP][PASSED] - setText(findTestObject("Banking/transferReferenceInputField"), reference, 0): Text 'IBGInstantTransfer' has been set to element 'Object Repository/Banking/transferReferenceInputField'

2022-06-21 12:25:53 - [MESSAGE][WARNING] - Timeout '0' is invalid. Using default page load timeout: '40'

2022-06-21 12:25:53 - [MESSAGE][PASSED] - Text 'IBGInstantTransfer' has been set to element 'Object Repository/Banking/transferReferenceInputField'

2022-06-21 12:25:53 - [TEST_STEP][PASSED] - hideKeyboard(): Keyboard is hidden

2022-06-21 12:25:55 - [MESSAGE][PASSED] - Keyboard is hidden

2022-06-21 12:25:55 - [TEST_STEP][PASSED] - verifyElementText(findTestObject("Transfer/transferReferenceInputFieldAfter", ["reference":reference]), reference): Actual text and expected text of test object 'Object Repository/Transfer/transferReferenceInputFieldAfter' are matched.

2022-06-21 12:25:55 - [MESSAGE][PASSED] - Actual text and expected text of test object 'Object Repository/Transfer/transferReferenceInputFieldAfter' are matched.

2022-06-21 12:25:55 - [TEST_STEP][PASSED] - tap(findTestObject("Login Onboarding/loginExistingContinueBtn"), 0): Tapped on element 'Object Repository/Login Onboarding/loginExistingContinueBtn'

2022-06-21 12:25:55 - [MESSAGE][WARNING] - Timeout '0' is invalid. Using default page load timeout: '40'

2022-06-21 12:25:56 - [MESSAGE][PASSED] - Tapped on element 'Object Repository/Login Onboarding/loginExistingContinueBtn'

2022-06-21 12:25:56 - [TEST_STEP][PASSED] - verifyElementText(findTestObject("Transfer/transferReferenceAccNoTxt", ["accNo":accNo]), accNo): Actual text and expected text of test object 'Object Repository/Transfer/transferReferenceAccNoTxt' are matched.

2022-06-21 12:25:56 - [MESSAGE][PASSED] - Actual text and expected text of test object 'Object Repository/Transfer/transferReferenceAccNoTxt' are matched.

2022-06-21 12:25:56 - [TEST_STEP][PASSED] - verifyElementText(findTestObject("Transfer/transferReferenceAccBankTxt", ["accBank":accBank]), accBank): Actual text and expected text of test object 'Object Repository/Transfer/transferReferenceAccBankTxt' are matched.

2022-06-21 12:25:56 - [MESSAGE][PASSED] - Actual text and expected text of test object 'Object Repository/Transfer/transferReferenceAccBankTxt' are matched.

2022-06-21 12:25:56 - [TEST_STEP][PASSED] - tap(findTestObject("Banking/transferTypeDropdownSelection"), 0): Tapped on element 'Object Repository/Banking/transferTypeDropdownSelection'

2022-06-21 12:25:56 - [MESSAGE][WARNING] - Timeout '0' is invalid. Using default page load timeout: '40'

2022-06-21 12:26:00 - [MESSAGE][PASSED] - Tapped on element 'Object Repository/Banking/transferTypeDropdownSelection'

2022-06-21 12:26:00 - [TEST_STEP][PASSED] - scrollToText("Fund Transfer", STOP_ON_FAILURE): Scrolling to text 'Fund Transfer' successfully

2022-06-21 12:26:03 - [MESSAGE][PASSED] - Scrolling to text 'Fund Transfer' successfully

2022-06-21 12:26:03 - [TEST_STEP][PASSED] - tap(findTestObject("Banking/tansferTypeFundDropdownSelection"), 0): Tapped on element 'Object Repository/Banking/tansferTypeFundDropdownSelection'

2022-06-21 12:26:03 - [MESSAGE][WARNING] - Timeout '0' is invalid. Using default page load timeout: '40'

2022-06-21 12:26:03 - [MESSAGE][PASSED] - Tapped on element 'Object Repository/Banking/tansferTypeFundDropdownSelection'

2022-06-21 12:26:03 - [TEST_STEP][PASSED] - tap(findTestObject("Banking/transferModeDropdownDoneBtn"), 0): Tapped on element 'Object Repository/Banking/transferModeDropdownDoneBtn'

2022-06-21 12:26:03 - [MESSAGE][WARNING] - Timeout '0' is invalid. Using default page load timeout: '40'

2022-06-21 12:26:04 - [MESSAGE][PASSED] - Tapped on element 'Object Repository/Banking/transferModeDropdownDoneBtn'

2022-06-21 12:26:04 - [TEST_STEP][PASSED] - delay(3): Delayed 3 second(s)

2022-06-21 12:26:07 - [MESSAGE][PASSED] - Delayed 3 second(s)

2022-06-21 12:26:07 - [TEST_STEP][PASSED] - verifyElementExist(findTestObject("Transfer/instantTransferModeDuitTxt", ["mode":initialMode]), 0): Element 'Object Repository/Transfer/instantTransferModeDuitTxt' is exist

2022-06-21 12:26:07 - [MESSAGE][WARNING] - Timeout '0' is invalid. Using default page load timeout: '40'

2022-06-21 12:26:07 - [MESSAGE][PASSED] - Element 'Object Repository/Transfer/instantTransferModeDuitTxt' is exist

2022-06-21 12:26:07 - [TEST_STEP][PASSED] - tap(findTestObject("Transfer/instantTransferModeDuitTxt", ["mode":initialMode]), 0): Tapped on element 'Object Repository/Transfer/instantTransferModeDuitTxt'

2022-06-21 12:26:07 - [MESSAGE][WARNING] - Timeout '0' is invalid. Using default page load timeout: '40'

2022-06-21 12:26:07 - [MESSAGE][PASSED] - Tapped on element 'Object Repository/Transfer/instantTransferModeDuitTxt'

2022-06-21 12:26:07 - [TEST_STEP][PASSED] - delay(3): Delayed 3 second(s)

2022-06-21 12:26:10 - [MESSAGE][PASSED] - Delayed 3 second(s)

2022-06-21 12:26:10 - [TEST_STEP][PASSED] - scrollToText(selectedMode, STOP_ON_FAILURE): Scrolling to text 'GIRO' successfully

2022-06-21 12:26:11 - [MESSAGE][PASSED] - Scrolling to text 'GIRO' successfully

2022-06-21 12:26:11 - [TEST_STEP][PASSED] - tap(findTestObject("Transfer/instantTransferModeDropdownSelect", ["modeS":selectedMode]), 0): Tapped on element 'Object Repository/Transfer/instantTransferModeDropdownSelect'

2022-06-21 12:26:11 - [MESSAGE][WARNING] - Timeout '0' is invalid. Using default page load timeout: '40'

2022-06-21 12:26:11 - [MESSAGE][PASSED] - Tapped on element 'Object Repository/Transfer/instantTransferModeDropdownSelect'

2022-06-21 12:26:11 - [TEST_STEP][PASSED] - delay(3): Delayed 3 second(s)

2022-06-21 12:26:14 - [MESSAGE][PASSED] - Delayed 3 second(s)

2022-06-21 12:26:14 - [TEST_STEP][PASSED] - tap(findTestObject("Banking/transferModeDropdownDoneBtn"), 0): Tapped on element 'Object Repository/Banking/transferModeDropdownDoneBtn'

2022-06-21 12:26:14 - [MESSAGE][WARNING] - Timeout '0' is invalid. Using default page load timeout: '40'

2022-06-21 12:26:14 - [MESSAGE][PASSED] - Tapped on element 'Object Repository/Banking/transferModeDropdownDoneBtn'

2022-06-21 12:26:14 - [TEST_STEP][PASSED] - delay(3): Delayed 3 second(s)

2022-06-21 12:26:17 - [MESSAGE][PASSED] - Delayed 3 second(s)

2022-06-21 12:26:17 - [TEST_STEP][PASSED] - verifyElementExist(findTestObject("Transfer/instantTransferModeDuitTxt", ["mode":selectedMode]), 0): Element 'Object Repository/Transfer/instantTransferModeDuitTxt' is exist

2022-06-21 12:26:17 - [MESSAGE][WARNING] - Timeout '0' is invalid. Using default page load timeout: '40'

2022-06-21 12:26:17 - [MESSAGE][PASSED] - Element 'Object Repository/Transfer/instantTransferModeDuitTxt' is exist

2022-06-21 12:26:17 - [TEST_STEP][PASSED] - verifyElementExist(findTestObject("Transfer/instantTransferModeTitleTxt"), 0): Element 'Object Repository/Transfer/instantTransferModeTitleTxt' is exist

2022-06-21 12:26:17 - [MESSAGE][WARNING] - Timeout '0' is invalid. Using default page load timeout: '40'

2022-06-21 12:26:17 - [MESSAGE][PASSED] - Element 'Object Repository/Transfer/instantTransferModeTitleTxt' is exist

2022-06-21 12:26:17 - [TEST_STEP][PASSED] - verifyElementExist(findTestObject("Transfer/instantTransferTypeFundTxt"), 0): Element 'Object Repository/Transfer/instantTransferTypeFundTxt' is exist

2022-06-21 12:26:17 - [MESSAGE][WARNING] - Timeout '0' is invalid. Using default page load timeout: '40'

2022-06-21 12:26:17 - [MESSAGE][PASSED] - Element 'Object Repository/Transfer/instantTransferTypeFundTxt' is exist

2022-06-21 12:26:17 - [TEST_STEP][PASSED] - verifyElementExist(findTestObject("Transfer/instantTransferTypeTitleTxt"), 0): Element 'Object Repository/Transfer/instantTransferTypeTitleTxt' is exist

2022-06-21 12:26:18 - [MESSAGE][WARNING] - Timeout '0' is invalid. Using default page load timeout: '40'

2022-06-21 12:26:18 - [MESSAGE][PASSED] - Element 'Object Repository/Transfer/instantTransferTypeTitleTxt' is exist

2022-06-21 12:26:18 - [TEST_STEP][PASSED] - tap(findTestObject("Login Onboarding/loginExistingContinueBtn"), 0): Tapped on element 'Object Repository/Login Onboarding/loginExistingContinueBtn'

2022-06-21 12:26:18 - [MESSAGE][WARNING] - Timeout '0' is invalid. Using default page load timeout: '40'

2022-06-21 12:26:18 - [MESSAGE][PASSED] - Tapped on element 'Object Repository/Login Onboarding/loginExistingContinueBtn'

2022-06-21 12:26:18 - [TEST_STEP][PASSED] - delay(5): Delayed 5 second(s)

2022-06-21 12:26:23 - [MESSAGE][PASSED] - Delayed 5 second(s)

2022-06-21 12:26:23 - [TEST_STEP][PASSED] - verifyElementText(findTestObject("Transfer/instantIBGNameAccountNoTxt", ["accNo":accNo]), accNo): Actual text and expected text of test object 'Object Repository/Transfer/instantIBGNameAccountNoTxt' are matched.

2022-06-21 12:26:23 - [MESSAGE][PASSED] - Actual text and expected text of test object 'Object Repository/Transfer/instantIBGNameAccountNoTxt' are matched.

2022-06-21 12:26:23 - [TEST_STEP][PASSED] - verifyElementText(findTestObject("Transfer/instantIBGNameAccountBankTxt", ["accBank":accBank]), accBank): Actual text and expected text of test object 'Object Repository/Transfer/instantIBGNameAccountBankTxt' are matched.

2022-06-21 12:26:23 - [MESSAGE][PASSED] - Actual text and expected text of test object 'Object Repository/Transfer/instantIBGNameAccountBankTxt' are matched.

2022-06-21 12:26:23 - [TEST_STEP][PASSED] - verifyElementExist(findTestObject("Transfer/instantIBGNameEnterNameTitleTxt"), 0): Element 'Object Repository/Transfer/instantIBGNameEnterNameTitleTxt' is exist

2022-06-21 12:26:23 - [MESSAGE][WARNING] - Timeout '0' is invalid. Using default page load timeout: '40'

2022-06-21 12:26:23 - [MESSAGE][PASSED] - Element 'Object Repository/Transfer/instantIBGNameEnterNameTitleTxt' is exist

2022-06-21 12:26:23 - [TEST_STEP][PASSED] - setText(findTestObject("Banking/transferReferenceInputField"), accName, 0): Text 'RANBEER SINGH' has been set to element 'Object Repository/Banking/transferReferenceInputField'

2022-06-21 12:26:23 - [MESSAGE][WARNING] - Timeout '0' is invalid. Using default page load timeout: '40'

2022-06-21 12:26:24 - [MESSAGE][PASSED] - Text 'RANBEER SINGH' has been set to element 'Object Repository/Banking/transferReferenceInputField'

2022-06-21 12:26:24 - [TEST_STEP][PASSED] - hideKeyboard(): Keyboard is hidden

2022-06-21 12:26:26 - [MESSAGE][PASSED] - Keyboard is hidden

2022-06-21 12:26:26 - [TEST_STEP][PASSED] - verifyElementText(findTestObject("Transfer/instantIBGNameInputtedNameTxt", ["accName":accName]), accName): Actual text and expected text of test object 'Object Repository/Transfer/instantIBGNameInputtedNameTxt' are matched.

2022-06-21 12:26:26 - [MESSAGE][PASSED] - Actual text and expected text of test object 'Object Repository/Transfer/instantIBGNameInputtedNameTxt' are matched.

2022-06-21 12:26:26 - [TEST_STEP][PASSED] - tap(findTestObject("Login Onboarding/loginExistingContinueBtn"), 0): Tapped on element 'Object Repository/Login Onboarding/loginExistingContinueBtn'

2022-06-21 12:26:26 - [MESSAGE][WARNING] - Timeout '0' is invalid. Using default page load timeout: '40'

2022-06-21 12:26:26 - [MESSAGE][PASSED] - Tapped on element 'Object Repository/Login Onboarding/loginExistingContinueBtn'

2022-06-21 12:26:26 - [TEST_STEP][PASSED] - delay(5): Delayed 5 second(s)

2022-06-21 12:26:31 - [MESSAGE][PASSED] - Delayed 5 second(s)

2022-06-21 12:26:31 - [TEST_STEP][PASSED] - verifyElementText(findTestObject("Transfer/transferConfirmationTransactionDateTxt"), trxDate): Actual text and expected text of test object 'Object Repository/Transfer/transferConfirmationTransactionDateTxt' are matched.

2022-06-21 12:26:32 - [MESSAGE][PASSED] - Actual text and expected text of test object 'Object Repository/Transfer/transferConfirmationTransactionDateTxt' are matched.

2022-06-21 12:26:32 - [TEST_STEP][PASSED] - verifyElementText(findTestObject("Transfer/transferConfirmationAccountNameTxt", ["accName":accName]), accName): Actual text and expected text of test object 'Object Repository/Transfer/transferConfirmationAccountNameTxt' are matched.

2022-06-21 12:26:32 - [MESSAGE][PASSED] - Actual text and expected text of test object 'Object Repository/Transfer/transferConfirmationAccountNameTxt' are matched.

2022-06-21 12:26:32 - [TEST_STEP][PASSED] - verifyElementText(findTestObject("Transfer/transferConfirmationAccountNoTxt", ["accNo":accNo]), accNo): Actual text and expected text of test object 'Object Repository/Transfer/transferConfirmationAccountNoTxt' are matched.

2022-06-21 12:26:32 - [MESSAGE][PASSED] - Actual text and expected text of test object 'Object Repository/Transfer/transferConfirmationAccountNoTxt' are matched.

2022-06-21 12:26:32 - [TEST_STEP][PASSED] - verifyElementText(findTestObject("Transfer/transferConfirmationAmountTxt", ["amount":amount]), amount): Actual text and expected text of test object 'Object Repository/Transfer/transferConfirmationAmountTxt' are matched.

2022-06-21 12:26:32 - [MESSAGE][PASSED] - Actual text and expected text of test object 'Object Repository/Transfer/transferConfirmationAmountTxt' are matched.

2022-06-21 12:26:32 - [TEST_STEP][PASSED] - verifyElementText(findTestObject("Transfer/transferConfirmationTransactionRecRefTxt", ["reference":reference]), reference): Actual text and expected text of test object 'Object Repository/Transfer/transferConfirmationTransactionRecRefTxt' are matched.

2022-06-21 12:26:33 - [MESSAGE][PASSED] - Actual text and expected text of test object 'Object Repository/Transfer/transferConfirmationTransactionRecRefTxt' are matched.

2022-06-21 12:26:33 - [TEST_STEP][PASSED] - verifyElementText(findTestObject("Transfer/transferConfirmationTransactionBankTxt", ["accBank":accBank]), accBank): Actual text and expected text of test object 'Object Repository/Transfer/transferConfirmationTransactionBankTxt' are matched.

2022-06-21 12:26:33 - [MESSAGE][PASSED] - Actual text and expected text of test object 'Object Repository/Transfer/transferConfirmationTransactionBankTxt' are matched.

2022-06-21 12:26:33 - [TEST_STEP][PASSED] - verifyElementText(findTestObject("Transfer/transferConfirmationOptionalGreyWordTxt"), "Optional"): Actual text and expected text of test object 'Object Repository/Transfer/transferConfirmationOptionalGreyWordTxt' are matched.

2022-06-21 12:26:33 - [MESSAGE][PASSED] - Actual text and expected text of test object 'Object Repository/Transfer/transferConfirmationOptionalGreyWordTxt' are matched.

2022-06-21 12:26:33 - [TEST_STEP][PASSED] - verifyElementText(findTestObject("Transfer/instantTransferConfirmationTransactionTypeTxt"), trxType): Actual text and expected text of test object 'Object Repository/Transfer/instantTransferConfirmationTransactionTypeTxt' are matched.

2022-06-21 12:26:33 - [MESSAGE][PASSED] - Actual text and expected text of test object 'Object Repository/Transfer/instantTransferConfirmationTransactionTypeTxt' are matched.

2022-06-21 12:26:33 - [TEST_STEP][PASSED] - verifyElementText(findTestObject("Transfer/instantTransferConfirmationTransactionModeTxt", ["modeC":selectedMode]), selectedMode): Actual text and expected text of test object 'Object Repository/Transfer/instantTransferConfirmationTransactionModeTxt' are matched.

2022-06-21 12:26:33 - [MESSAGE][PASSED] - Actual text and expected text of test object 'Object Repository/Transfer/instantTransferConfirmationTransactionModeTxt' are matched.

2022-06-21 12:26:33 - [TEST_STEP][PASSED] - verifyElementText(findTestObject("Transfer/instantTransferConfirmationTransactionServiceTxt"), "RM 0.00"): Actual text and expected text of test object 'Object Repository/Transfer/instantTransferConfirmationTransactionServiceTxt' are matched.

2022-06-21 12:26:34 - [MESSAGE][PASSED] - Actual text and expected text of test object 'Object Repository/Transfer/instantTransferConfirmationTransactionServiceTxt' are matched.

2022-06-21 12:26:34 - [TEST_STEP][PASSED] - verifyElementExist(findTestObject("Transfer/transferConfirmationBankNameTitleTxt"), 0): Element 'Object Repository/Transfer/transferConfirmationBankNameTitleTxt' is exist

2022-06-21 12:26:34 - [MESSAGE][WARNING] - Timeout '0' is invalid. Using default page load timeout: '40'

2022-06-21 12:26:34 - [MESSAGE][PASSED] - Element 'Object Repository/Transfer/transferConfirmationBankNameTitleTxt' is exist

2022-06-21 12:26:34 - [TEST_STEP][PASSED] - verifyElementExist(findTestObject("Transfer/transferConfirmationDateTitleTxt"), 0): Element 'Object Repository/Transfer/transferConfirmationDateTitleTxt' is exist

2022-06-21 12:26:34 - [MESSAGE][WARNING] - Timeout '0' is invalid. Using default page load timeout: '40'

2022-06-21 12:26:34 - [MESSAGE][PASSED] - Element 'Object Repository/Transfer/transferConfirmationDateTitleTxt' is exist

2022-06-21 12:26:34 - [TEST_STEP][PASSED] - verifyElementExist(findTestObject("Transfer/transferConfirmationRecRefTitleTxt"), 0): Element 'Object Repository/Transfer/transferConfirmationRecRefTitleTxt' is exist

2022-06-21 12:26:34 - [MESSAGE][WARNING] - Timeout '0' is invalid. Using default page load timeout: '40'

2022-06-21 12:26:34 - [MESSAGE][PASSED] - Element 'Object Repository/Transfer/transferConfirmationRecRefTitleTxt' is exist

2022-06-21 12:26:34 - [TEST_STEP][PASSED] - verifyElementExist(findTestObject("Transfer/transferConfirmationPaymentDetailsTitleTxt"), 0): Element 'Object Repository/Transfer/transferConfirmationPaymentDetailsTitleTxt' is exist

2022-06-21 12:26:34 - [MESSAGE][WARNING] - Timeout '0' is invalid. Using default page load timeout: '40'

2022-06-21 12:26:34 - [MESSAGE][PASSED] - Element 'Object Repository/Transfer/transferConfirmationPaymentDetailsTitleTxt' is exist

2022-06-21 12:26:34 - [TEST_STEP][PASSED] - verifyElementExist(findTestObject("Transfer/instantTransferConfirmationModeTitleTxt"), 0): Element 'Object Repository/Transfer/instantTransferConfirmationModeTitleTxt' is exist

2022-06-21 12:26:34 - [MESSAGE][WARNING] - Timeout '0' is invalid. Using default page load timeout: '40'

2022-06-21 12:26:35 - [MESSAGE][PASSED] - Element 'Object Repository/Transfer/instantTransferConfirmationModeTitleTxt' is exist

2022-06-21 12:26:35 - [TEST_STEP][PASSED] - verifyElementExist(findTestObject("Transfer/instantTransferConfirmationServiceFeeTitleTxt"), 0): Element 'Object Repository/Transfer/instantTransferConfirmationServiceFeeTitleTxt' is exist

2022-06-21 12:26:35 - [MESSAGE][WARNING] - Timeout '0' is invalid. Using default page load timeout: '40'

2022-06-21 12:26:35 - [MESSAGE][PASSED] - Element 'Object Repository/Transfer/instantTransferConfirmationServiceFeeTitleTxt' is exist

2022-06-21 12:26:35 - [TEST_STEP][PASSED] - verifyElementExist(findTestObject("Transfer/instantTransferConfirmationTypeTitleTxt"), 0): Element 'Object Repository/Transfer/instantTransferConfirmationTypeTitleTxt' is exist

2022-06-21 12:26:35 - [MESSAGE][WARNING] - Timeout '0' is invalid. Using default page load timeout: '40'

2022-06-21 12:26:35 - [MESSAGE][PASSED] - Element 'Object Repository/Transfer/instantTransferConfirmationTypeTitleTxt' is exist

2022-06-21 12:26:35 - [TEST_STEP][PASSED] - verifyElementExist(findTestObject("Transfer/transferConfirmationNoteTitleTxt"), 0): Element 'Object Repository/Transfer/transferConfirmationNoteTitleTxt' is exist

2022-06-21 12:26:35 - [MESSAGE][WARNING] - Timeout '0' is invalid. Using default page load timeout: '40'

2022-06-21 12:26:35 - [MESSAGE][PASSED] - Element 'Object Repository/Transfer/transferConfirmationNoteTitleTxt' is exist

2022-06-21 12:26:35 - [TEST_STEP][PASSED] - tap(findTestObject("Transfer/transferConfirmationOptionalGreyWordTxt"), 0): Tapped on element 'Object Repository/Transfer/transferConfirmationOptionalGreyWordTxt'

2022-06-21 12:26:35 - [MESSAGE][WARNING] - Timeout '0' is invalid. Using default page load timeout: '40'

2022-06-21 12:26:36 - [MESSAGE][PASSED] - Tapped on element 'Object Repository/Transfer/transferConfirmationOptionalGreyWordTxt'

2022-06-21 12:26:36 - [TEST_STEP][PASSED] - setText(findTestObject("Transfer/transferConfirmationDetailsInputField"), details, 0): Text 'Test' has been set to element 'Object Repository/Transfer/transferConfirmationDetailsInputField'

2022-06-21 12:26:36 - [MESSAGE][WARNING] - Timeout '0' is invalid. Using default page load timeout: '40'

2022-06-21 12:26:38 - [MESSAGE][PASSED] - Text 'Test' has been set to element 'Object Repository/Transfer/transferConfirmationDetailsInputField'

2022-06-21 12:26:38 - [TEST_STEP][PASSED] - hideKeyboard(): Keyboard is hidden

2022-06-21 12:26:40 - [MESSAGE][PASSED] - Keyboard is hidden

2022-06-21 12:26:40 - [TEST_STEP][PASSED] - verifyElementText(findTestObject("Transfer/transferConfirmationOptionalGreyWordTxt"), details): Actual text and expected text of test object 'Object Repository/Transfer/transferConfirmationOptionalGreyWordTxt' are matched.

2022-06-21 12:26:40 - [MESSAGE][PASSED] - Actual text and expected text of test object 'Object Repository/Transfer/transferConfirmationOptionalGreyWordTxt' are matched.

2022-06-21 12:26:40 - [TEST_STEP][PASSED] - device_Height_2 = getDeviceHeight(): Current device physical height is 2167

2022-06-21 12:26:40 - [MESSAGE][PASSED] - Current device physical height is 2167

2022-06-21 12:26:40 - [TEST_STEP][PASSED] - device_Width_2 = getDeviceWidth(): Current device physical width is 1080

2022-06-21 12:26:40 - [MESSAGE][PASSED] - Current device physical width is 1080

2022-06-21 12:26:40 - [TEST_STEP][PASSED] - startX_2 = device_Width_2 / 2: null

2022-06-21 12:26:40 - [TEST_STEP][PASSED] - endX_2 = startX_2: null

2022-06-21 12:26:40 - [TEST_STEP][PASSED] - startY_2 = device_Height_2 * 0.30: null

2022-06-21 12:26:40 - [TEST_STEP][PASSED] - endY_2 = device_Height_2 * 0.70: null

2022-06-21 12:26:40 - [TEST_STEP][PASSED] - swipe(startX_2, endY_2, endX_2, startY_2): Swiped from 540,1,516 to 540,650

2022-06-21 12:26:41 - [MESSAGE][PASSED] - Swiped from 540,1,516 to 540,650

2022-06-21 12:26:41 - [TEST_STEP][PASSED] - verifyElementExist(findTestObject("Transfer/instantTransferConfirmationNotes1Txt"), 0): Element 'Object Repository/Transfer/instantTransferConfirmationNotes1Txt' is exist

2022-06-21 12:26:41 - [MESSAGE][WARNING] - Timeout '0' is invalid. Using default page load timeout: '40'

2022-06-21 12:26:41 - [MESSAGE][PASSED] - Element 'Object Repository/Transfer/instantTransferConfirmationNotes1Txt' is exist

2022-06-21 12:26:41 - [TEST_STEP][PASSED] - verifyElementExist(findTestObject("Transfer/transferConfirmationFTransferFromTitleTxt"), 0): Element 'Object Repository/Transfer/transferConfirmationFTransferFromTitleTxt' is exist

2022-06-21 12:26:41 - [MESSAGE][WARNING] - Timeout '0' is invalid. Using default page load timeout: '40'

2022-06-21 12:26:42 - [MESSAGE][PASSED] - Element 'Object Repository/Transfer/transferConfirmationFTransferFromTitleTxt' is exist

2022-06-21 12:26:42 - [TEST_STEP][PASSED] - verifyElementExist(findTestObject("Transfer/instantTransferConfirmationNotes2Txt"), 0): Element 'Object Repository/Transfer/instantTransferConfirmationNotes2Txt' is exist

2022-06-21 12:26:42 - [MESSAGE][WARNING] - Timeout '0' is invalid. Using default page load timeout: '40'

2022-06-21 12:26:42 - [MESSAGE][PASSED] - Element 'Object Repository/Transfer/instantTransferConfirmationNotes2Txt' is exist

2022-06-21 12:26:42 - [TEST_STEP][PASSED] - verifyElementText(findTestObject("Transfer/transferConfirmationFromAccTypeTxt", ["accType":accType]), accType): Actual text and expected text of test object 'Object Repository/Transfer/transferConfirmationFromAccTypeTxt' are matched.

2022-06-21 12:26:42 - [MESSAGE][PASSED] - Actual text and expected text of test object 'Object Repository/Transfer/transferConfirmationFromAccTypeTxt' are matched.

2022-06-21 12:26:42 - [TEST_STEP][PASSED] - verifyElementText(findTestObject("Transfer/transferConfirmationFromAccNoTxt", ["accNoFrom":accNoFrom]), accNoFrom): Actual text and expected text of test object 'Object Repository/Transfer/transferConfirmationFromAccNoTxt' are matched.

2022-06-21 12:26:42 - [MESSAGE][PASSED] - Actual text and expected text of test object 'Object Repository/Transfer/transferConfirmationFromAccNoTxt' are matched.

2022-06-21 12:26:42 - [TEST_STEP][PASSED] - verifyElementExist(findTestObject("Transfer/transferConfirmationFromAccBalanceTxt"), 0): Element 'Object Repository/Transfer/transferConfirmationFromAccBalanceTxt' is exist

2022-06-21 12:26:42 - [MESSAGE][WARNING] - Timeout '0' is invalid. Using default page load timeout: '40'

2022-06-21 12:26:43 - [MESSAGE][PASSED] - Element 'Object Repository/Transfer/transferConfirmationFromAccBalanceTxt' is exist

2022-06-21 12:26:43 - [TEST_STEP][PASSED] - accountBalance = getText(findTestObject("Transfer/transferConfirmationFromAccBalanceTxt"), 0): Text of element 'Object Repository/Transfer/transferConfirmationFromAccBalanceTxt' is: 'RM 1,391.07'

2022-06-21 12:26:43 - [MESSAGE][WARNING] - Timeout '0' is invalid. Using default page load timeout: '40'

2022-06-21 12:26:43 - [MESSAGE][PASSED] - Text of element 'Object Repository/Transfer/transferConfirmationFromAccBalanceTxt' is: 'RM 1,391.07'

2022-06-21 12:26:43 - [TEST_STEP][PASSED] - println(accountBalance): null

2022-06-21 12:26:43 - [TEST_STEP][PASSED] - tap(findTestObject("Main/mainTransferNowBtn"), 0): Tapped on element 'Object Repository/Main/mainTransferNowBtn'

2022-06-21 12:26:43 - [MESSAGE][WARNING] - Timeout '0' is invalid. Using default page load timeout: '40'

2022-06-21 12:26:43 - [MESSAGE][PASSED] - Tapped on element 'Object Repository/Main/mainTransferNowBtn'

2022-06-21 12:26:43 - [TEST_STEP][PASSED] - if (value <= limit): Tapped on element 'Object Repository/Main/mainS2UApproveBtn'

2022-06-21 12:26:43 - [TEST_STEP][PASSED] - if (verifyElementVisible(findTestObject("Festive Season/seasonalGreetingAngpaoTACNoTxt"), 10, OPTIONAL)): Element 'Object Repository/Festive Season/seasonalGreetingAngpaoTACNoTxt' not found

2022-06-21 12:26:53 - [MESSAGE][WARNING] - Element 'Object Repository/Festive Season/seasonalGreetingAngpaoTACNoTxt' not found

2022-06-21 12:26:53 - [TEST_STEP][PASSED] - else: Tapped on element 'Object Repository/Main/mainS2UApproveBtn'

2022-06-21 12:26:53 - [TEST_STEP][PASSED] - delay(3): Delayed 3 second(s)

2022-06-21 12:26:56 - [MESSAGE][PASSED] - Delayed 3 second(s)

2022-06-21 12:26:56 - [TEST_STEP][PASSED] - verifyElementVisible(findTestObject("Main/mainS2UApproveBtn"), 0): Element 'Object Repository/Main/mainS2UApproveBtn' is visible

2022-06-21 12:26:56 - [MESSAGE][WARNING] - Timeout '0' is invalid. Using default page load timeout: '40'

2022-06-21 12:27:03 - [MESSAGE][PASSED] - Element 'Object Repository/Main/mainS2UApproveBtn' is visible

2022-06-21 12:27:03 - [TEST_STEP][PASSED] - tap(findTestObject("Main/mainS2UApproveBtn"), 0): Tapped on element 'Object Repository/Main/mainS2UApproveBtn'

2022-06-21 12:27:03 - [MESSAGE][WARNING] - Timeout '0' is invalid. Using default page load timeout: '40'

2022-06-21 12:27:03 - [MESSAGE][PASSED] - Tapped on element 'Object Repository/Main/mainS2UApproveBtn'

2022-06-21 12:27:03 - [TEST_STEP][PASSED] - delay(5): Delayed 5 second(s)

2022-06-21 12:27:08 - [MESSAGE][PASSED] - Delayed 5 second(s)

2022-06-21 12:27:08 - [TEST_STEP][PASSED] - verifyElementExist(findTestObject("Festive Season/returnAngpaoStatusMessageTxt"), 0): Element 'Object Repository/Festive Season/returnAngpaoStatusMessageTxt' is exist

2022-06-21 12:27:08 - [MESSAGE][WARNING] - Timeout '0' is invalid. Using default page load timeout: '40'

2022-06-21 12:27:25 - [MESSAGE][PASSED] - Element 'Object Repository/Festive Season/returnAngpaoStatusMessageTxt' is exist

2022-06-21 12:27:25 - [TEST_STEP][PASSED] - message = getText(findTestObject("Festive Season/returnAngpaoStatusMessageTxt"), 10): Text of element 'Object Repository/Festive Season/returnAngpaoStatusMessageTxt' is: 'Transfer accepted'

2022-06-21 12:27:26 - [MESSAGE][PASSED] - Text of element 'Object Repository/Festive Season/returnAngpaoStatusMessageTxt' is: 'Transfer accepted'

2022-06-21 12:27:26 - [TEST_STEP][PASSED] - println(message): null

2022-06-21 12:27:26 - [TEST_STEP][PASSED] - assert message == successTransactionMessage: null

2022-06-21 12:27:26 - [TEST_STEP][PASSED] - delay(5): Delayed 5 second(s)

2022-06-21 12:27:31 - [MESSAGE][PASSED] - Delayed 5 second(s)

2022-06-21 12:27:31 - [TEST_STEP][PASSED] - if (value > limit): null

2022-06-21 12:27:31 - [TEST_STEP][PASSED] - else: Element 'Object Repository/Transfer/transferSummaryShareReceiptBtn' is exist

2022-06-21 12:27:31 - [TEST_STEP][PASSED] - verifyElementExist(findTestObject("Transfer/transferSummaryDateTimeTitleTxt"), 0): Element 'Object Repository/Transfer/transferSummaryDateTimeTitleTxt' is exist

2022-06-21 12:27:31 - [MESSAGE][WARNING] - Timeout '0' is invalid. Using default page load timeout: '40'

2022-06-21 12:27:31 - [MESSAGE][PASSED] - Element 'Object Repository/Transfer/transferSummaryDateTimeTitleTxt' is exist

2022-06-21 12:27:31 - [TEST_STEP][PASSED] - verifyElementExist(findTestObject("Transfer/transferSummaryRefIDTitleTxt"), 0): Element 'Object Repository/Transfer/transferSummaryRefIDTitleTxt' is exist

2022-06-21 12:27:31 - [MESSAGE][WARNING] - Timeout '0' is invalid. Using default page load timeout: '40'

2022-06-21 12:27:31 - [MESSAGE][PASSED] - Element 'Object Repository/Transfer/transferSummaryRefIDTitleTxt' is exist

2022-06-21 12:27:31 - [TEST_STEP][PASSED] - verifyElementExist(findTestObject("Transfer/transferSummaryShareReceiptBtn"), 0): Element 'Object Repository/Transfer/transferSummaryShareReceiptBtn' is exist

2022-06-21 12:27:31 - [MESSAGE][WARNING] - Timeout '0' is invalid. Using default page load timeout: '40'

2022-06-21 12:27:31 - [MESSAGE][PASSED] - Element 'Object Repository/Transfer/transferSummaryShareReceiptBtn' is exist

2022-06-21 12:27:31 - [TEST_STEP][PASSED] - delay(5): Delayed 5 second(s)

2022-06-21 12:27:36 - [MESSAGE][PASSED] - Delayed 5 second(s)

2022-06-21 12:27:36 - [TEST_STEP][PASSED] - referenceID = getText(findTestObject("Send Request Money/requestMoneyPaySummaryRefIDTxt"), 0): Text of element 'Object Repository/Send Request Money/requestMoneyPaySummaryRefIDTxt' is: 'Reference ID'

2022-06-21 12:27:36 - [MESSAGE][WARNING] - Timeout '0' is invalid. Using default page load timeout: '40'

2022-06-21 12:27:36 - [MESSAGE][PASSED] - Text of element 'Object Repository/Send Request Money/requestMoneyPaySummaryRefIDTxt' is: 'Reference ID'

2022-06-21 12:27:36 - [TEST_STEP][PASSED] - println(referenceID): null

2022-06-21 12:27:36 - [TEST_STEP][PASSED] - test = dataFolder: null

2022-06-21 12:27:36 - [TEST_STEP][PASSED] - sheetName = "Sheet1": null

2022-06-21 12:27:36 - [TEST_STEP][PASSED] - file1 = new java.io.File(test): null

2022-06-21 12:27:36 - [TEST_STEP][PASSED] - assert file1.exists() == true: null

2022-06-21 12:27:36 - [TEST_STEP][PASSED] - woorkbook1 = getWorkbook(test): null

2022-06-21 12:27:36 - [TEST_STEP][PASSED] - sheet1 = getExcelSheet(woorkbook1, sheetName): null

2022-06-21 12:27:36 - [TEST_STEP][PASSED] - setValueToCellByIndex(sheet1, 3, 1, referenceID): null

2022-06-21 12:27:36 - [TEST_STEP][PASSED] - saveWorkbook(test, woorkbook1): null

2022-06-21 12:27:36 - [TEST_STEP][PASSED] - delay(3): Delayed 3 second(s)

2022-06-21 12:27:39 - [MESSAGE][PASSED] - Delayed 3 second(s)

2022-06-21 12:27:39 - [TEST_STEP][PASSED] - takeScreenshot("/Users/a00139272/Desktop/Screenshot/instantIBG.png"): Screenshot is taken

2022-06-21 12:27:40 - [MESSAGE][PASSED] - Screenshot is taken
[[ATTACHMENT|/Users/a00139272/Desktop/Screenshot/instantIBG.png]]

2022-06-21 12:27:40 - [TEST_STEP][PASSED] - verifyElementVisible(findTestObject("Main/mainDoneBtn"), 0): Element 'Object Repository/Main/mainDoneBtn' is visible

2022-06-21 12:27:40 - [MESSAGE][WARNING] - Timeout '0' is invalid. Using default page load timeout: '40'

2022-06-21 12:27:40 - [MESSAGE][PASSED] - Element 'Object Repository/Main/mainDoneBtn' is visible

2022-06-21 12:27:40 - [TEST_STEP][PASSED] - tap(findTestObject("Main/mainDoneBtn"), 0): Tapped on element 'Object Repository/Main/mainDoneBtn'

2022-06-21 12:27:40 - [MESSAGE][WARNING] - Timeout '0' is invalid. Using default page load timeout: '40'

2022-06-21 12:27:41 - [MESSAGE][PASSED] - Tapped on element 'Object Repository/Main/mainDoneBtn'

2022-06-21 12:27:41 - [TEST_STEP][PASSED] - if (value < limit): Delayed 5 second(s)

2022-06-21 12:27:41 - [TEST_STEP][PASSED] - delay(5): Delayed 5 second(s)

2022-06-21 12:27:46 - [MESSAGE][PASSED] - Delayed 5 second(s)

2022-06-21 12:27:46 - [TEST_STEP][PASSED] - tap(findTestObject("Main/mainTopLeftBackButton"), 0): Tapped on element 'Object Repository/Main/mainTopLeftBackButton'

2022-06-21 12:27:46 - [MESSAGE][WARNING] - Timeout '0' is invalid. Using default page load timeout: '40'

2022-06-21 12:27:46 - [MESSAGE][PASSED] - Tapped on element 'Object Repository/Main/mainTopLeftBackButton'

2022-06-21 12:27:46 - [TEST_STEP][PASSED] - delay(5): Delayed 5 second(s)

2022-06-21 12:27:51 - [MESSAGE][PASSED] - Delayed 5 second(s)

2022-06-21 12:27:51 - [TEST_STEP][PASSED] - verifyElementVisible(findTestObject("Banking/m2uAccountTypeSelection", ["text":accType]), 0): Element 'Object Repository/Banking/m2uAccountTypeSelection' is visible

2022-06-21 12:27:51 - [MESSAGE][WARNING] - Timeout '0' is invalid. Using default page load timeout: '40'

2022-06-21 12:27:51 - [MESSAGE][PASSED] - Element 'Object Repository/Banking/m2uAccountTypeSelection' is visible

2022-06-21 12:27:51 - [TEST_STEP][PASSED] - tap(findTestObject("Banking/m2uAccountTypeSelection", ["text":accType]), 10): Tapped on element 'Object Repository/Banking/m2uAccountTypeSelection'

2022-06-21 12:27:51 - [MESSAGE][PASSED] - Tapped on element 'Object Repository/Banking/m2uAccountTypeSelection'

2022-06-21 12:27:51 - [TEST_STEP][PASSED] - delay(5): Delayed 5 second(s)

2022-06-21 12:27:56 - [MESSAGE][PASSED] - Delayed 5 second(s)

2022-06-21 12:27:56 - [TEST_STEP][PASSED] - afterBalance = getText(findTestObject("Main/mainAccountsBalanceTxt"), 0): Text of element 'Object Repository/Main/mainAccountsBalanceTxt' is: 'RM 1,389.07'

2022-06-21 12:27:57 - [MESSAGE][WARNING] - Timeout '0' is invalid. Using default page load timeout: '40'

2022-06-21 12:27:57 - [MESSAGE][PASSED] - Text of element 'Object Repository/Main/mainAccountsBalanceTxt' is: 'RM 1,389.07'

2022-06-21 12:27:57 - [TEST_STEP][PASSED] - newAfterBalance = afterBalance.replaceAll("[^0-9.]", ""): null

2022-06-21 12:27:57 - [TEST_STEP][PASSED] - newAccountBalance = accountBalance.replaceAll("[^0-9.]", ""): null

2022-06-21 12:27:57 - [TEST_STEP][PASSED] - newAfterBalanceF = Float.parseFloat(newAfterBalance): null

2022-06-21 12:27:57 - [TEST_STEP][PASSED] - newAccountBalanceF = Float.parseFloat(newAccountBalance): null

2022-06-21 12:27:57 - [TEST_STEP][PASSED] - println(afterBalance): null

2022-06-21 12:27:57 - [TEST_STEP][PASSED] - println(accountBalance): null

2022-06-21 12:27:57 - [TEST_STEP][PASSED] - println(newAfterBalance): null

2022-06-21 12:27:57 - [TEST_STEP][PASSED] - println(newAccountBalance): null

2022-06-21 12:27:57 - [TEST_STEP][PASSED] - newBalance = newAccountBalanceF - 0.04: null

2022-06-21 12:27:57 - [TEST_STEP][PASSED] - println(newBalance): null

2022-06-21 12:27:57 - [TEST_STEP][PASSED] - delay(5): Delayed 5 second(s)

2022-06-21 12:28:02 - [MESSAGE][PASSED] - Delayed 5 second(s)]]></system-out>
         <system-err><![CDATA[]]></system-err>
      </testcase>
      <testcase name="Test Cases/Transfer/transfer_instantTransferSchedule" time="246.499" classname="Test Cases/Transfer/transfer_instantTransferSchedule" status="PASSED">
         <system-out><![CDATA[2022-06-21 12:28:02 - [TEST_CASE][PASSED] - Test Cases/Transfer/transfer_instantTransferSchedule: Test Cases/Transfer/transfer_instantTransferSchedule

2022-06-21 12:28:02 - [TEST_STEP][PASSED] - delay(5): Delayed 5 second(s)

2022-06-21 12:28:07 - [MESSAGE][PASSED] - Delayed 5 second(s)

2022-06-21 12:28:07 - [TEST_STEP][PASSED] - device_Height = getDeviceHeight(): Current device physical height is 2167

2022-06-21 12:28:07 - [MESSAGE][PASSED] - Current device physical height is 2167

2022-06-21 12:28:07 - [TEST_STEP][PASSED] - device_Width = getDeviceWidth(): Current device physical width is 1080

2022-06-21 12:28:07 - [MESSAGE][PASSED] - Current device physical width is 1080

2022-06-21 12:28:07 - [TEST_STEP][PASSED] - startX = device_Width / 3: null

2022-06-21 12:28:07 - [TEST_STEP][PASSED] - startY = device_Height * 0.97: null

2022-06-21 12:28:07 - [TEST_STEP][PASSED] - verifyElementVisible(findTestObject("Banking/m2uAccountTransferIconSelect"), 0): Element 'Object Repository/Banking/m2uAccountTransferIconSelect' is visible

2022-06-21 12:28:07 - [MESSAGE][WARNING] - Timeout '0' is invalid. Using default page load timeout: '40'

2022-06-21 12:28:07 - [MESSAGE][PASSED] - Element 'Object Repository/Banking/m2uAccountTransferIconSelect' is visible

2022-06-21 12:28:07 - [TEST_STEP][PASSED] - tap(findTestObject("Banking/m2uAccountTransferIconSelect"), 0): Tapped on element 'Object Repository/Banking/m2uAccountTransferIconSelect'

2022-06-21 12:28:07 - [MESSAGE][WARNING] - Timeout '0' is invalid. Using default page load timeout: '40'

2022-06-21 12:28:08 - [MESSAGE][PASSED] - Tapped on element 'Object Repository/Banking/m2uAccountTransferIconSelect'

2022-06-21 12:28:08 - [TEST_STEP][PASSED] - delay(5): Delayed 5 second(s)

2022-06-21 12:28:13 - [MESSAGE][PASSED] - Delayed 5 second(s)

2022-06-21 12:28:13 - [TEST_STEP][PASSED] - println("InterBank Test Case Started"): null

2022-06-21 12:28:13 - [TEST_STEP][PASSED] - tap(findTestObject("Banking/transferOthersTopMenuSelect"), 0): Tapped on element 'Object Repository/Banking/transferOthersTopMenuSelect'

2022-06-21 12:28:13 - [MESSAGE][WARNING] - Timeout '0' is invalid. Using default page load timeout: '40'

2022-06-21 12:29:14 - [MESSAGE][PASSED] - Tapped on element 'Object Repository/Banking/transferOthersTopMenuSelect'

2022-06-21 12:29:14 - [TEST_STEP][PASSED] - tap(findTestObject("Banking/transferBanksIconSelect"), 0): Tapped on element 'Object Repository/Banking/transferBanksIconSelect'

2022-06-21 12:29:14 - [MESSAGE][WARNING] - Timeout '0' is invalid. Using default page load timeout: '40'

2022-06-21 12:30:06 - [MESSAGE][PASSED] - Tapped on element 'Object Repository/Banking/transferBanksIconSelect'

2022-06-21 12:30:06 - [TEST_STEP][PASSED] - scrollToText("PUBLIC BANK", STOP_ON_FAILURE): Scrolling to text 'PUBLIC BANK' successfully

2022-06-21 12:30:18 - [MESSAGE][PASSED] - Scrolling to text 'PUBLIC BANK' successfully

2022-06-21 12:30:18 - [TEST_STEP][PASSED] - tap(findTestObject("Banking/transferBankSelection", ["text":"PUBLIC BANK"]), 10): Tapped on element 'Object Repository/Banking/transferBankSelection'

2022-06-21 12:30:18 - [MESSAGE][PASSED] - Tapped on element 'Object Repository/Banking/transferBankSelection'

2022-06-21 12:30:18 - [TEST_STEP][PASSED] - setText(findTestObject("Banking/transferAccountNoInputField"), accountNum, 0): Text '3099117112' has been set to element 'Object Repository/Banking/transferAccountNoInputField'

2022-06-21 12:30:18 - [MESSAGE][WARNING] - Timeout '0' is invalid. Using default page load timeout: '40'

2022-06-21 12:30:21 - [MESSAGE][PASSED] - Text '3099117112' has been set to element 'Object Repository/Banking/transferAccountNoInputField'

2022-06-21 12:30:21 - [TEST_STEP][PASSED] - hideKeyboard(): Keyboard is hidden

2022-06-21 12:30:24 - [MESSAGE][PASSED] - Keyboard is hidden

2022-06-21 12:30:24 - [TEST_STEP][PASSED] - tap(findTestObject("Login Onboarding/loginExistingContinueBtn"), 0): Tapped on element 'Object Repository/Login Onboarding/loginExistingContinueBtn'

2022-06-21 12:30:24 - [MESSAGE][WARNING] - Timeout '0' is invalid. Using default page load timeout: '40'

2022-06-21 12:30:25 - [MESSAGE][PASSED] - Tapped on element 'Object Repository/Login Onboarding/loginExistingContinueBtn'

2022-06-21 12:30:25 - [TEST_STEP][PASSED] - delay(5): Delayed 5 second(s)

2022-06-21 12:30:30 - [MESSAGE][PASSED] - Delayed 5 second(s)

2022-06-21 12:30:30 - [TEST_STEP][PASSED] - verifyElementText(findTestObject("Transfer/transferAmounttAccNoTxt", ["accNo":accNo]), accNo): Actual text and expected text of test object 'Object Repository/Transfer/transferAmounttAccNoTxt' are matched.

2022-06-21 12:30:30 - [MESSAGE][PASSED] - Actual text and expected text of test object 'Object Repository/Transfer/transferAmounttAccNoTxt' are matched.

2022-06-21 12:30:30 - [TEST_STEP][PASSED] - verifyElementText(findTestObject("Transfer/transferAmounttAccBankTxt", ["accBank":accBank]), accBank): Actual text and expected text of test object 'Object Repository/Transfer/transferAmounttAccBankTxt' are matched.

2022-06-21 12:30:30 - [MESSAGE][PASSED] - Actual text and expected text of test object 'Object Repository/Transfer/transferAmounttAccBankTxt' are matched.

2022-06-21 12:30:30 - [TEST_STEP][PASSED] - verifyElementExist(findTestObject("Transfer/transferAmountRMTxt"), 0): Element 'Object Repository/Transfer/transferAmountRMTxt' is exist

2022-06-21 12:30:30 - [MESSAGE][WARNING] - Timeout '0' is invalid. Using default page load timeout: '40'

2022-06-21 12:30:30 - [MESSAGE][PASSED] - Element 'Object Repository/Transfer/transferAmountRMTxt' is exist

2022-06-21 12:30:30 - [TEST_STEP][PASSED] - verifyElementExist(findTestObject("Transfer/transferAmountEnterAmountTitleTxt"), 0): Element 'Object Repository/Transfer/transferAmountEnterAmountTitleTxt' is exist

2022-06-21 12:30:30 - [MESSAGE][WARNING] - Timeout '0' is invalid. Using default page load timeout: '40'

2022-06-21 12:30:30 - [MESSAGE][PASSED] - Element 'Object Repository/Transfer/transferAmountEnterAmountTitleTxt' is exist

2022-06-21 12:30:30 - [TEST_STEP][PASSED] - verifyElementExist(findTestObject("Login Onboarding/PIN4"), 0): Element 'Object Repository/Login Onboarding/PIN4' is exist

2022-06-21 12:30:30 - [MESSAGE][WARNING] - Timeout '0' is invalid. Using default page load timeout: '40'

2022-06-21 12:30:31 - [MESSAGE][PASSED] - Element 'Object Repository/Login Onboarding/PIN4' is exist

2022-06-21 12:30:31 - [TEST_STEP][PASSED] - tap(findTestObject("Login Onboarding/PIN4"), 0): Tapped on element 'Object Repository/Login Onboarding/PIN4'

2022-06-21 12:30:31 - [MESSAGE][WARNING] - Timeout '0' is invalid. Using default page load timeout: '40'

2022-06-21 12:30:31 - [MESSAGE][PASSED] - Tapped on element 'Object Repository/Login Onboarding/PIN4'

2022-06-21 12:30:31 - [TEST_STEP][PASSED] - delay(3): Delayed 3 second(s)

2022-06-21 12:30:34 - [MESSAGE][PASSED] - Delayed 3 second(s)

2022-06-21 12:30:34 - [TEST_STEP][PASSED] - verifyElementText(findTestObject("Transfer/transferAmountInputValueTxt", ["value":"0.04"]), "0.04"): Actual text and expected text of test object 'Object Repository/Transfer/transferAmountInputValueTxt' are matched.

2022-06-21 12:30:34 - [MESSAGE][PASSED] - Actual text and expected text of test object 'Object Repository/Transfer/transferAmountInputValueTxt' are matched.

2022-06-21 12:30:34 - [TEST_STEP][PASSED] - delay(3): Delayed 3 second(s)

2022-06-21 12:30:37 - [MESSAGE][PASSED] - Delayed 3 second(s)

2022-06-21 12:30:37 - [TEST_STEP][PASSED] - tap(findTestObject("Login Onboarding/loginPinTickBtn"), 0): Tapped on element 'Object Repository/Login Onboarding/loginPinTickBtn'

2022-06-21 12:30:37 - [MESSAGE][WARNING] - Timeout '0' is invalid. Using default page load timeout: '40'

2022-06-21 12:30:37 - [MESSAGE][PASSED] - Tapped on element 'Object Repository/Login Onboarding/loginPinTickBtn'

2022-06-21 12:30:37 - [TEST_STEP][PASSED] - delay(3): Delayed 3 second(s)

2022-06-21 12:30:40 - [MESSAGE][PASSED] - Delayed 3 second(s)

2022-06-21 12:30:40 - [TEST_STEP][PASSED] - verifyElementText(findTestObject("Transfer/transferReferenceAccNoTxt", ["accNo":accNo]), accNo): Actual text and expected text of test object 'Object Repository/Transfer/transferReferenceAccNoTxt' are matched.

2022-06-21 12:30:41 - [MESSAGE][PASSED] - Actual text and expected text of test object 'Object Repository/Transfer/transferReferenceAccNoTxt' are matched.

2022-06-21 12:30:41 - [TEST_STEP][PASSED] - verifyElementText(findTestObject("Transfer/transferReferenceAccBankTxt", ["accBank":accBank]), accBank): Actual text and expected text of test object 'Object Repository/Transfer/transferReferenceAccBankTxt' are matched.

2022-06-21 12:30:41 - [MESSAGE][PASSED] - Actual text and expected text of test object 'Object Repository/Transfer/transferReferenceAccBankTxt' are matched.

2022-06-21 12:30:41 - [TEST_STEP][PASSED] - verifyElementExist(findTestObject("Transfer/transferReferenceInputField"), 0): Element 'Object Repository/Transfer/transferReferenceInputField' is exist

2022-06-21 12:30:41 - [MESSAGE][WARNING] - Timeout '0' is invalid. Using default page load timeout: '40'

2022-06-21 12:30:41 - [MESSAGE][PASSED] - Element 'Object Repository/Transfer/transferReferenceInputField' is exist

2022-06-21 12:30:41 - [TEST_STEP][PASSED] - setText(findTestObject("Banking/transferReferenceInputField"), "InstantTransferSched", 0): Text 'InstantTransferSched' has been set to element 'Object Repository/Banking/transferReferenceInputField'

2022-06-21 12:30:41 - [MESSAGE][WARNING] - Timeout '0' is invalid. Using default page load timeout: '40'

2022-06-21 12:30:42 - [MESSAGE][PASSED] - Text 'InstantTransferSched' has been set to element 'Object Repository/Banking/transferReferenceInputField'

2022-06-21 12:30:42 - [TEST_STEP][PASSED] - hideKeyboard(): Keyboard is hidden

2022-06-21 12:30:43 - [MESSAGE][PASSED] - Keyboard is hidden

2022-06-21 12:30:43 - [TEST_STEP][PASSED] - verifyElementText(findTestObject("Transfer/transferReferenceInputFieldAfter", ["reference":"InstantTransferSched"]), "InstantTransferSched"): Actual text and expected text of test object 'Object Repository/Transfer/transferReferenceInputFieldAfter' are matched.

2022-06-21 12:30:43 - [MESSAGE][PASSED] - Actual text and expected text of test object 'Object Repository/Transfer/transferReferenceInputFieldAfter' are matched.

2022-06-21 12:30:43 - [TEST_STEP][PASSED] - tap(findTestObject("Login Onboarding/loginExistingContinueBtn"), 0): Tapped on element 'Object Repository/Login Onboarding/loginExistingContinueBtn'

2022-06-21 12:30:43 - [MESSAGE][WARNING] - Timeout '0' is invalid. Using default page load timeout: '40'

2022-06-21 12:30:44 - [MESSAGE][PASSED] - Tapped on element 'Object Repository/Login Onboarding/loginExistingContinueBtn'

2022-06-21 12:30:44 - [TEST_STEP][PASSED] - verifyElementText(findTestObject("Transfer/transferReferenceAccNoTxt", ["accNo":accNo]), accNo): Actual text and expected text of test object 'Object Repository/Transfer/transferReferenceAccNoTxt' are matched.

2022-06-21 12:30:44 - [MESSAGE][PASSED] - Actual text and expected text of test object 'Object Repository/Transfer/transferReferenceAccNoTxt' are matched.

2022-06-21 12:30:44 - [TEST_STEP][PASSED] - verifyElementText(findTestObject("Transfer/transferReferenceAccBankTxt", ["accBank":accBank]), accBank): Actual text and expected text of test object 'Object Repository/Transfer/transferReferenceAccBankTxt' are matched.

2022-06-21 12:30:44 - [MESSAGE][PASSED] - Actual text and expected text of test object 'Object Repository/Transfer/transferReferenceAccBankTxt' are matched.

2022-06-21 12:30:44 - [TEST_STEP][PASSED] - tap(findTestObject("Banking/transferTypeDropdownSelection"), 0): Tapped on element 'Object Repository/Banking/transferTypeDropdownSelection'

2022-06-21 12:30:44 - [MESSAGE][WARNING] - Timeout '0' is invalid. Using default page load timeout: '40'

2022-06-21 12:30:48 - [MESSAGE][PASSED] - Tapped on element 'Object Repository/Banking/transferTypeDropdownSelection'

2022-06-21 12:30:48 - [TEST_STEP][PASSED] - scrollToText("Fund Transfer", STOP_ON_FAILURE): Scrolling to text 'Fund Transfer' successfully

2022-06-21 12:30:52 - [MESSAGE][PASSED] - Scrolling to text 'Fund Transfer' successfully

2022-06-21 12:30:52 - [TEST_STEP][PASSED] - tap(findTestObject("Banking/tansferTypeFundDropdownSelection"), 0): Tapped on element 'Object Repository/Banking/tansferTypeFundDropdownSelection'

2022-06-21 12:30:52 - [MESSAGE][WARNING] - Timeout '0' is invalid. Using default page load timeout: '40'

2022-06-21 12:30:52 - [MESSAGE][PASSED] - Tapped on element 'Object Repository/Banking/tansferTypeFundDropdownSelection'

2022-06-21 12:30:52 - [TEST_STEP][PASSED] - tap(findTestObject("Banking/transferModeDropdownDoneBtn"), 0): Tapped on element 'Object Repository/Banking/transferModeDropdownDoneBtn'

2022-06-21 12:30:52 - [MESSAGE][WARNING] - Timeout '0' is invalid. Using default page load timeout: '40'

2022-06-21 12:30:52 - [MESSAGE][PASSED] - Tapped on element 'Object Repository/Banking/transferModeDropdownDoneBtn'

2022-06-21 12:30:52 - [TEST_STEP][PASSED] - delay(3): Delayed 3 second(s)

2022-06-21 12:30:55 - [MESSAGE][PASSED] - Delayed 3 second(s)

2022-06-21 12:30:55 - [TEST_STEP][PASSED] - verifyElementExist(findTestObject("Transfer/instantTransferModeDuitTxt", ["mode":"DuitNow Transfer"]), 0): Element 'Object Repository/Transfer/instantTransferModeDuitTxt' is exist

2022-06-21 12:30:55 - [MESSAGE][WARNING] - Timeout '0' is invalid. Using default page load timeout: '40'

2022-06-21 12:30:55 - [MESSAGE][PASSED] - Element 'Object Repository/Transfer/instantTransferModeDuitTxt' is exist

2022-06-21 12:30:55 - [TEST_STEP][PASSED] - verifyElementExist(findTestObject("Transfer/instantTransferModeTitleTxt"), 0): Element 'Object Repository/Transfer/instantTransferModeTitleTxt' is exist

2022-06-21 12:30:55 - [MESSAGE][WARNING] - Timeout '0' is invalid. Using default page load timeout: '40'

2022-06-21 12:30:55 - [MESSAGE][PASSED] - Element 'Object Repository/Transfer/instantTransferModeTitleTxt' is exist

2022-06-21 12:30:55 - [TEST_STEP][PASSED] - verifyElementExist(findTestObject("Transfer/instantTransferTypeFundTxt"), 0): Element 'Object Repository/Transfer/instantTransferTypeFundTxt' is exist

2022-06-21 12:30:55 - [MESSAGE][WARNING] - Timeout '0' is invalid. Using default page load timeout: '40'

2022-06-21 12:30:56 - [MESSAGE][PASSED] - Element 'Object Repository/Transfer/instantTransferTypeFundTxt' is exist

2022-06-21 12:30:56 - [TEST_STEP][PASSED] - verifyElementExist(findTestObject("Transfer/instantTransferTypeTitleTxt"), 0): Element 'Object Repository/Transfer/instantTransferTypeTitleTxt' is exist

2022-06-21 12:30:56 - [MESSAGE][WARNING] - Timeout '0' is invalid. Using default page load timeout: '40'

2022-06-21 12:30:56 - [MESSAGE][PASSED] - Element 'Object Repository/Transfer/instantTransferTypeTitleTxt' is exist

2022-06-21 12:30:56 - [TEST_STEP][PASSED] - tap(findTestObject("Login Onboarding/loginExistingContinueBtn"), 0): Tapped on element 'Object Repository/Login Onboarding/loginExistingContinueBtn'

2022-06-21 12:30:56 - [MESSAGE][WARNING] - Timeout '0' is invalid. Using default page load timeout: '40'

2022-06-21 12:30:56 - [MESSAGE][PASSED] - Tapped on element 'Object Repository/Login Onboarding/loginExistingContinueBtn'

2022-06-21 12:30:56 - [TEST_STEP][PASSED] - verifyElementText(findTestObject("Transfer/transferConfirmationTransactionDateTxt"), "Today"): Actual text and expected text of test object 'Object Repository/Transfer/transferConfirmationTransactionDateTxt' are matched.

2022-06-21 12:31:02 - [MESSAGE][PASSED] - Actual text and expected text of test object 'Object Repository/Transfer/transferConfirmationTransactionDateTxt' are matched.

2022-06-21 12:31:02 - [TEST_STEP][PASSED] - tap(findTestObject("Transfer/transferConfirmationTransactionDateTxt"), 0): Tapped on element 'Object Repository/Transfer/transferConfirmationTransactionDateTxt'

2022-06-21 12:31:02 - [MESSAGE][WARNING] - Timeout '0' is invalid. Using default page load timeout: '40'

2022-06-21 12:31:02 - [MESSAGE][PASSED] - Tapped on element 'Object Repository/Transfer/transferConfirmationTransactionDateTxt'

2022-06-21 12:31:02 - [TEST_STEP][PASSED] - tap(findTestObject("Main/mainCalenderPickerNextBtn"), 0): Tapped on element 'Object Repository/Main/mainCalenderPickerNextBtn'

2022-06-21 12:31:02 - [MESSAGE][WARNING] - Timeout '0' is invalid. Using default page load timeout: '40'

2022-06-21 12:31:04 - [MESSAGE][PASSED] - Tapped on element 'Object Repository/Main/mainCalenderPickerNextBtn'

2022-06-21 12:31:04 - [TEST_STEP][PASSED] - delay(3): Delayed 3 second(s)

2022-06-21 12:31:07 - [MESSAGE][PASSED] - Delayed 3 second(s)

2022-06-21 12:31:07 - [TEST_STEP][PASSED] - tap(findTestObject("Main/mainDatePicker1"), 0): Tapped on element 'Object Repository/Main/mainDatePicker1'

2022-06-21 12:31:07 - [MESSAGE][WARNING] - Timeout '0' is invalid. Using default page load timeout: '40'

2022-06-21 12:31:07 - [MESSAGE][PASSED] - Tapped on element 'Object Repository/Main/mainDatePicker1'

2022-06-21 12:31:07 - [TEST_STEP][PASSED] - tap(findTestObject("Main/mainCalenderPickerDoneBtn"), 0): Tapped on element 'Object Repository/Main/mainCalenderPickerDoneBtn'

2022-06-21 12:31:07 - [MESSAGE][WARNING] - Timeout '0' is invalid. Using default page load timeout: '40'

2022-06-21 12:31:07 - [MESSAGE][PASSED] - Tapped on element 'Object Repository/Main/mainCalenderPickerDoneBtn'

2022-06-21 12:31:07 - [TEST_STEP][PASSED] - verifyElementText(findTestObject("Transfer/transferConfirmationAccountNameTxt", ["accName":accName]), accName): Actual text and expected text of test object 'Object Repository/Transfer/transferConfirmationAccountNameTxt' are matched.

2022-06-21 12:31:08 - [MESSAGE][PASSED] - Actual text and expected text of test object 'Object Repository/Transfer/transferConfirmationAccountNameTxt' are matched.

2022-06-21 12:31:08 - [TEST_STEP][PASSED] - verifyElementText(findTestObject("Transfer/transferConfirmationAccountNoTxt", ["accNo":accNo]), accNo): Actual text and expected text of test object 'Object Repository/Transfer/transferConfirmationAccountNoTxt' are matched.

2022-06-21 12:31:08 - [MESSAGE][PASSED] - Actual text and expected text of test object 'Object Repository/Transfer/transferConfirmationAccountNoTxt' are matched.

2022-06-21 12:31:08 - [TEST_STEP][PASSED] - verifyElementText(findTestObject("Transfer/transferConfirmationAmountTxt", ["amount":"RM 0.04"]), "RM 0.04"): Actual text and expected text of test object 'Object Repository/Transfer/transferConfirmationAmountTxt' are matched.

2022-06-21 12:31:08 - [MESSAGE][PASSED] - Actual text and expected text of test object 'Object Repository/Transfer/transferConfirmationAmountTxt' are matched.

2022-06-21 12:31:08 - [TEST_STEP][PASSED] - verifyElementText(findTestObject("Transfer/transferConfirmationTransactionRecRefTxt", ["reference":"InstantTransferSched"]), "InstantTransferSched"): Actual text and expected text of test object 'Object Repository/Transfer/transferConfirmationTransactionRecRefTxt' are matched.

2022-06-21 12:31:09 - [MESSAGE][PASSED] - Actual text and expected text of test object 'Object Repository/Transfer/transferConfirmationTransactionRecRefTxt' are matched.

2022-06-21 12:31:09 - [TEST_STEP][PASSED] - verifyElementText(findTestObject("Transfer/transferConfirmationTransactionBankTxt", ["accBank":accBank]), accBank): Actual text and expected text of test object 'Object Repository/Transfer/transferConfirmationTransactionBankTxt' are matched.

2022-06-21 12:31:09 - [MESSAGE][PASSED] - Actual text and expected text of test object 'Object Repository/Transfer/transferConfirmationTransactionBankTxt' are matched.

2022-06-21 12:31:09 - [TEST_STEP][PASSED] - verifyElementText(findTestObject("Transfer/transferConfirmationOptionalGreyWordTxt"), "Optional"): Actual text and expected text of test object 'Object Repository/Transfer/transferConfirmationOptionalGreyWordTxt' are matched.

2022-06-21 12:31:09 - [MESSAGE][PASSED] - Actual text and expected text of test object 'Object Repository/Transfer/transferConfirmationOptionalGreyWordTxt' are matched.

2022-06-21 12:31:09 - [TEST_STEP][PASSED] - verifyElementText(findTestObject("Transfer/instantTransferConfirmationTransactionTypeTxt"), "Fund Transfer"): Actual text and expected text of test object 'Object Repository/Transfer/instantTransferConfirmationTransactionTypeTxt' are matched.

2022-06-21 12:31:09 - [MESSAGE][PASSED] - Actual text and expected text of test object 'Object Repository/Transfer/instantTransferConfirmationTransactionTypeTxt' are matched.

2022-06-21 12:31:09 - [TEST_STEP][PASSED] - verifyElementText(findTestObject("Transfer/instantTransferConfirmationTransactionModeTxt", ["modeC":"DuitNow Transfer"]), "DuitNow Transfer"): Actual text and expected text of test object 'Object Repository/Transfer/instantTransferConfirmationTransactionModeTxt' are matched.

2022-06-21 12:31:10 - [MESSAGE][PASSED] - Actual text and expected text of test object 'Object Repository/Transfer/instantTransferConfirmationTransactionModeTxt' are matched.

2022-06-21 12:31:10 - [TEST_STEP][PASSED] - verifyElementText(findTestObject("Transfer/instantTransferConfirmationTransactionServiceTxt"), "RM 0.00"): Actual text and expected text of test object 'Object Repository/Transfer/instantTransferConfirmationTransactionServiceTxt' are matched.

2022-06-21 12:31:10 - [MESSAGE][PASSED] - Actual text and expected text of test object 'Object Repository/Transfer/instantTransferConfirmationTransactionServiceTxt' are matched.

2022-06-21 12:31:10 - [TEST_STEP][PASSED] - verifyElementExist(findTestObject("Transfer/transferConfirmationBankNameTitleTxt"), 0): Element 'Object Repository/Transfer/transferConfirmationBankNameTitleTxt' is exist

2022-06-21 12:31:10 - [MESSAGE][WARNING] - Timeout '0' is invalid. Using default page load timeout: '40'

2022-06-21 12:31:10 - [MESSAGE][PASSED] - Element 'Object Repository/Transfer/transferConfirmationBankNameTitleTxt' is exist

2022-06-21 12:31:10 - [TEST_STEP][PASSED] - verifyElementExist(findTestObject("Transfer/transferConfirmationDateTitleTxt"), 0): Element 'Object Repository/Transfer/transferConfirmationDateTitleTxt' is exist

2022-06-21 12:31:10 - [MESSAGE][WARNING] - Timeout '0' is invalid. Using default page load timeout: '40'

2022-06-21 12:31:10 - [MESSAGE][PASSED] - Element 'Object Repository/Transfer/transferConfirmationDateTitleTxt' is exist

2022-06-21 12:31:10 - [TEST_STEP][PASSED] - verifyElementExist(findTestObject("Transfer/transferConfirmationRecRefTitleTxt"), 0): Element 'Object Repository/Transfer/transferConfirmationRecRefTitleTxt' is exist

2022-06-21 12:31:10 - [MESSAGE][WARNING] - Timeout '0' is invalid. Using default page load timeout: '40'

2022-06-21 12:31:10 - [MESSAGE][PASSED] - Element 'Object Repository/Transfer/transferConfirmationRecRefTitleTxt' is exist

2022-06-21 12:31:10 - [TEST_STEP][PASSED] - verifyElementExist(findTestObject("Transfer/transferConfirmationPaymentDetailsTitleTxt"), 0): Element 'Object Repository/Transfer/transferConfirmationPaymentDetailsTitleTxt' is exist

2022-06-21 12:31:10 - [MESSAGE][WARNING] - Timeout '0' is invalid. Using default page load timeout: '40'

2022-06-21 12:31:10 - [MESSAGE][PASSED] - Element 'Object Repository/Transfer/transferConfirmationPaymentDetailsTitleTxt' is exist

2022-06-21 12:31:10 - [TEST_STEP][PASSED] - verifyElementExist(findTestObject("Transfer/instantTransferConfirmationModeTitleTxt"), 0): Element 'Object Repository/Transfer/instantTransferConfirmationModeTitleTxt' is exist

2022-06-21 12:31:11 - [MESSAGE][WARNING] - Timeout '0' is invalid. Using default page load timeout: '40'

2022-06-21 12:31:11 - [MESSAGE][PASSED] - Element 'Object Repository/Transfer/instantTransferConfirmationModeTitleTxt' is exist

2022-06-21 12:31:11 - [TEST_STEP][PASSED] - verifyElementExist(findTestObject("Transfer/instantTransferConfirmationServiceFeeTitleTxt"), 0): Element 'Object Repository/Transfer/instantTransferConfirmationServiceFeeTitleTxt' is exist

2022-06-21 12:31:11 - [MESSAGE][WARNING] - Timeout '0' is invalid. Using default page load timeout: '40'

2022-06-21 12:31:11 - [MESSAGE][PASSED] - Element 'Object Repository/Transfer/instantTransferConfirmationServiceFeeTitleTxt' is exist

2022-06-21 12:31:11 - [TEST_STEP][PASSED] - verifyElementExist(findTestObject("Transfer/instantTransferConfirmationTypeTitleTxt"), 0): Element 'Object Repository/Transfer/instantTransferConfirmationTypeTitleTxt' is exist

2022-06-21 12:31:11 - [MESSAGE][WARNING] - Timeout '0' is invalid. Using default page load timeout: '40'

2022-06-21 12:31:11 - [MESSAGE][PASSED] - Element 'Object Repository/Transfer/instantTransferConfirmationTypeTitleTxt' is exist

2022-06-21 12:31:11 - [TEST_STEP][PASSED] - verifyElementExist(findTestObject("Transfer/transferConfirmationNoteTitleTxt"), 0): Element 'Object Repository/Transfer/transferConfirmationNoteTitleTxt' is exist

2022-06-21 12:31:11 - [MESSAGE][WARNING] - Timeout '0' is invalid. Using default page load timeout: '40'

2022-06-21 12:31:11 - [MESSAGE][PASSED] - Element 'Object Repository/Transfer/transferConfirmationNoteTitleTxt' is exist

2022-06-21 12:31:11 - [TEST_STEP][PASSED] - tap(findTestObject("Transfer/transferConfirmationOptionalGreyWordTxt"), 0): Tapped on element 'Object Repository/Transfer/transferConfirmationOptionalGreyWordTxt'

2022-06-21 12:31:11 - [MESSAGE][WARNING] - Timeout '0' is invalid. Using default page load timeout: '40'

2022-06-21 12:31:12 - [MESSAGE][PASSED] - Tapped on element 'Object Repository/Transfer/transferConfirmationOptionalGreyWordTxt'

2022-06-21 12:31:12 - [TEST_STEP][PASSED] - setText(findTestObject("Transfer/transferConfirmationDetailsInputField"), "Test Fav", 0): Text 'Test Fav' has been set to element 'Object Repository/Transfer/transferConfirmationDetailsInputField'

2022-06-21 12:31:12 - [MESSAGE][WARNING] - Timeout '0' is invalid. Using default page load timeout: '40'

2022-06-21 12:31:14 - [MESSAGE][PASSED] - Text 'Test Fav' has been set to element 'Object Repository/Transfer/transferConfirmationDetailsInputField'

2022-06-21 12:31:14 - [TEST_STEP][PASSED] - hideKeyboard(): Keyboard is hidden

2022-06-21 12:31:16 - [MESSAGE][PASSED] - Keyboard is hidden

2022-06-21 12:31:16 - [TEST_STEP][PASSED] - verifyElementText(findTestObject("Transfer/transferConfirmationOptionalGreyWordTxt"), "Test Fav"): Actual text and expected text of test object 'Object Repository/Transfer/transferConfirmationOptionalGreyWordTxt' are matched.

2022-06-21 12:31:16 - [MESSAGE][PASSED] - Actual text and expected text of test object 'Object Repository/Transfer/transferConfirmationOptionalGreyWordTxt' are matched.

2022-06-21 12:31:16 - [TEST_STEP][PASSED] - device_Height_2 = getDeviceHeight(): Current device physical height is 2167

2022-06-21 12:31:16 - [MESSAGE][PASSED] - Current device physical height is 2167

2022-06-21 12:31:16 - [TEST_STEP][PASSED] - device_Width_2 = getDeviceWidth(): Current device physical width is 1080

2022-06-21 12:31:16 - [MESSAGE][PASSED] - Current device physical width is 1080

2022-06-21 12:31:16 - [TEST_STEP][PASSED] - startX_2 = device_Width_2 / 2: null

2022-06-21 12:31:16 - [TEST_STEP][PASSED] - endX_2 = startX_2: null

2022-06-21 12:31:16 - [TEST_STEP][PASSED] - startY_2 = device_Height_2 * 0.30: null

2022-06-21 12:31:16 - [TEST_STEP][PASSED] - endY_2 = device_Height_2 * 0.70: null

2022-06-21 12:31:16 - [TEST_STEP][PASSED] - swipe(startX_2, endY_2, endX_2, startY_2): Swiped from 540,1,516 to 540,650

2022-06-21 12:31:17 - [MESSAGE][PASSED] - Swiped from 540,1,516 to 540,650

2022-06-21 12:31:17 - [TEST_STEP][PASSED] - verifyElementExist(findTestObject("Transfer/instantTransferConfirmationNotes1Txt"), 0): Element 'Object Repository/Transfer/instantTransferConfirmationNotes1Txt' is exist

2022-06-21 12:31:17 - [MESSAGE][WARNING] - Timeout '0' is invalid. Using default page load timeout: '40'

2022-06-21 12:31:17 - [MESSAGE][PASSED] - Element 'Object Repository/Transfer/instantTransferConfirmationNotes1Txt' is exist

2022-06-21 12:31:17 - [TEST_STEP][PASSED] - verifyElementExist(findTestObject("Transfer/transferConfirmationFTransferFromTitleTxt"), 0): Element 'Object Repository/Transfer/transferConfirmationFTransferFromTitleTxt' is exist

2022-06-21 12:31:17 - [MESSAGE][WARNING] - Timeout '0' is invalid. Using default page load timeout: '40'

2022-06-21 12:31:18 - [MESSAGE][PASSED] - Element 'Object Repository/Transfer/transferConfirmationFTransferFromTitleTxt' is exist

2022-06-21 12:31:18 - [TEST_STEP][PASSED] - verifyElementExist(findTestObject("Transfer/instantTransferConfirmationNotes2Txt"), 0): Element 'Object Repository/Transfer/instantTransferConfirmationNotes2Txt' is exist

2022-06-21 12:31:18 - [MESSAGE][WARNING] - Timeout '0' is invalid. Using default page load timeout: '40'

2022-06-21 12:31:18 - [MESSAGE][PASSED] - Element 'Object Repository/Transfer/instantTransferConfirmationNotes2Txt' is exist

2022-06-21 12:31:18 - [TEST_STEP][PASSED] - verifyElementText(findTestObject("Transfer/transferConfirmationFromAccTypeTxt", ["accType":accType]), accType): Actual text and expected text of test object 'Object Repository/Transfer/transferConfirmationFromAccTypeTxt' are matched.

2022-06-21 12:31:18 - [MESSAGE][PASSED] - Actual text and expected text of test object 'Object Repository/Transfer/transferConfirmationFromAccTypeTxt' are matched.

2022-06-21 12:31:18 - [TEST_STEP][PASSED] - verifyElementText(findTestObject("Transfer/transferConfirmationFromAccNoTxt", ["accNoFrom":accNoFrom]), accNoFrom): Actual text and expected text of test object 'Object Repository/Transfer/transferConfirmationFromAccNoTxt' are matched.

2022-06-21 12:31:18 - [MESSAGE][PASSED] - Actual text and expected text of test object 'Object Repository/Transfer/transferConfirmationFromAccNoTxt' are matched.

2022-06-21 12:31:18 - [TEST_STEP][PASSED] - verifyElementExist(findTestObject("Transfer/transferConfirmationFromAccBalanceTxt"), 0): Element 'Object Repository/Transfer/transferConfirmationFromAccBalanceTxt' is exist

2022-06-21 12:31:18 - [MESSAGE][WARNING] - Timeout '0' is invalid. Using default page load timeout: '40'

2022-06-21 12:31:18 - [MESSAGE][PASSED] - Element 'Object Repository/Transfer/transferConfirmationFromAccBalanceTxt' is exist

2022-06-21 12:31:18 - [TEST_STEP][PASSED] - accountBalance = getText(findTestObject("Transfer/transferConfirmationFromAccBalanceTxt"), 0): Text of element 'Object Repository/Transfer/transferConfirmationFromAccBalanceTxt' is: 'RM 1,389.07'

2022-06-21 12:31:18 - [MESSAGE][WARNING] - Timeout '0' is invalid. Using default page load timeout: '40'

2022-06-21 12:31:18 - [MESSAGE][PASSED] - Text of element 'Object Repository/Transfer/transferConfirmationFromAccBalanceTxt' is: 'RM 1,389.07'

2022-06-21 12:31:18 - [TEST_STEP][PASSED] - println(accountBalance): null

2022-06-21 12:31:18 - [TEST_STEP][PASSED] - tap(findTestObject("Main/mainTransferNowBtn"), 0): Tapped on element 'Object Repository/Main/mainTransferNowBtn'

2022-06-21 12:31:19 - [MESSAGE][WARNING] - Timeout '0' is invalid. Using default page load timeout: '40'

2022-06-21 12:31:19 - [MESSAGE][PASSED] - Tapped on element 'Object Repository/Main/mainTransferNowBtn'

2022-06-21 12:31:19 - [TEST_STEP][PASSED] - if (verifyElementVisible(findTestObject("Festive Season/seasonalGreetingAngpaoTACNoTxt"), 10, OPTIONAL)): Element 'Object Repository/Festive Season/seasonalGreetingAngpaoTACNoTxt' not found

2022-06-21 12:31:29 - [MESSAGE][WARNING] - Element 'Object Repository/Festive Season/seasonalGreetingAngpaoTACNoTxt' not found

2022-06-21 12:31:29 - [TEST_STEP][PASSED] - else: Tapped on element 'Object Repository/Main/mainS2UApproveBtn'

2022-06-21 12:31:29 - [TEST_STEP][PASSED] - delay(3): Delayed 3 second(s)

2022-06-21 12:31:32 - [MESSAGE][PASSED] - Delayed 3 second(s)

2022-06-21 12:31:32 - [TEST_STEP][PASSED] - verifyElementVisible(findTestObject("Main/mainS2UApproveBtn"), 0): Element 'Object Repository/Main/mainS2UApproveBtn' is visible

2022-06-21 12:31:32 - [MESSAGE][WARNING] - Timeout '0' is invalid. Using default page load timeout: '40'

2022-06-21 12:31:32 - [MESSAGE][PASSED] - Element 'Object Repository/Main/mainS2UApproveBtn' is visible

2022-06-21 12:31:32 - [TEST_STEP][PASSED] - tap(findTestObject("Main/mainS2UApproveBtn"), 0): Tapped on element 'Object Repository/Main/mainS2UApproveBtn'

2022-06-21 12:31:32 - [MESSAGE][WARNING] - Timeout '0' is invalid. Using default page load timeout: '40'

2022-06-21 12:31:32 - [MESSAGE][PASSED] - Tapped on element 'Object Repository/Main/mainS2UApproveBtn'

2022-06-21 12:31:32 - [TEST_STEP][PASSED] - delay(5): Delayed 5 second(s)

2022-06-21 12:31:37 - [MESSAGE][PASSED] - Delayed 5 second(s)

2022-06-21 12:31:37 - [TEST_STEP][PASSED] - verifyElementExist(findTestObject("Festive Season/returnAngpaoStatusMessageTxt"), 0): Element 'Object Repository/Festive Season/returnAngpaoStatusMessageTxt' is exist

2022-06-21 12:31:37 - [MESSAGE][WARNING] - Timeout '0' is invalid. Using default page load timeout: '40'

2022-06-21 12:31:37 - [MESSAGE][PASSED] - Element 'Object Repository/Festive Season/returnAngpaoStatusMessageTxt' is exist

2022-06-21 12:31:37 - [TEST_STEP][PASSED] - message = getText(findTestObject("Festive Season/returnAngpaoStatusMessageTxt"), 10): Text of element 'Object Repository/Festive Season/returnAngpaoStatusMessageTxt' is: 'Transfer scheduled'

2022-06-21 12:31:37 - [MESSAGE][PASSED] - Text of element 'Object Repository/Festive Season/returnAngpaoStatusMessageTxt' is: 'Transfer scheduled'

2022-06-21 12:31:37 - [TEST_STEP][PASSED] - println(message): null

2022-06-21 12:31:37 - [TEST_STEP][PASSED] - assert message == successTransactionMessage: null

2022-06-21 12:31:37 - [TEST_STEP][PASSED] - verifyElementExist(findTestObject("Transfer/transferSummaryDateTimeTitleTxt"), 0): Element 'Object Repository/Transfer/transferSummaryDateTimeTitleTxt' is exist

2022-06-21 12:31:37 - [MESSAGE][WARNING] - Timeout '0' is invalid. Using default page load timeout: '40'

2022-06-21 12:31:38 - [MESSAGE][PASSED] - Element 'Object Repository/Transfer/transferSummaryDateTimeTitleTxt' is exist

2022-06-21 12:31:38 - [TEST_STEP][PASSED] - verifyElementExist(findTestObject("Transfer/transferSummaryRefIDTitleTxt"), 0): Element 'Object Repository/Transfer/transferSummaryRefIDTitleTxt' is exist

2022-06-21 12:31:38 - [MESSAGE][WARNING] - Timeout '0' is invalid. Using default page load timeout: '40'

2022-06-21 12:31:38 - [MESSAGE][PASSED] - Element 'Object Repository/Transfer/transferSummaryRefIDTitleTxt' is exist

2022-06-21 12:31:38 - [TEST_STEP][PASSED] - verifyElementExist(findTestObject("Transfer/transferSummaryShareReceiptBtn"), 0): Element 'Object Repository/Transfer/transferSummaryShareReceiptBtn' is exist

2022-06-21 12:31:38 - [MESSAGE][WARNING] - Timeout '0' is invalid. Using default page load timeout: '40'

2022-06-21 12:31:38 - [MESSAGE][PASSED] - Element 'Object Repository/Transfer/transferSummaryShareReceiptBtn' is exist

2022-06-21 12:31:38 - [TEST_STEP][PASSED] - delay(5): Delayed 5 second(s)

2022-06-21 12:31:43 - [MESSAGE][PASSED] - Delayed 5 second(s)

2022-06-21 12:31:43 - [TEST_STEP][PASSED] - referenceID = getText(findTestObject("Send Request Money/requestMoneyPaySummaryRefIDTxt"), 0): Text of element 'Object Repository/Send Request Money/requestMoneyPaySummaryRefIDTxt' is: '181566259M'

2022-06-21 12:31:43 - [MESSAGE][WARNING] - Timeout '0' is invalid. Using default page load timeout: '40'

2022-06-21 12:31:43 - [MESSAGE][PASSED] - Text of element 'Object Repository/Send Request Money/requestMoneyPaySummaryRefIDTxt' is: '181566259M'

2022-06-21 12:31:43 - [TEST_STEP][PASSED] - println(referenceID): null

2022-06-21 12:31:43 - [TEST_STEP][PASSED] - test = dataFolder: null

2022-06-21 12:31:43 - [TEST_STEP][PASSED] - sheetName = "Sheet1": null

2022-06-21 12:31:43 - [TEST_STEP][PASSED] - file1 = new java.io.File(test): null

2022-06-21 12:31:43 - [TEST_STEP][PASSED] - assert file1.exists() == true: null

2022-06-21 12:31:43 - [TEST_STEP][PASSED] - woorkbook1 = getWorkbook(test): null

2022-06-21 12:31:43 - [TEST_STEP][PASSED] - sheet1 = getExcelSheet(woorkbook1, sheetName): null

2022-06-21 12:31:43 - [TEST_STEP][PASSED] - setValueToCellByIndex(sheet1, 3, 1, referenceID): null

2022-06-21 12:31:43 - [TEST_STEP][PASSED] - saveWorkbook(test, woorkbook1): null

2022-06-21 12:31:43 - [TEST_STEP][PASSED] - delay(3): Delayed 3 second(s)

2022-06-21 12:31:46 - [MESSAGE][PASSED] - Delayed 3 second(s)

2022-06-21 12:31:46 - [TEST_STEP][PASSED] - takeScreenshot("/Users/a00139272/Desktop/Screenshot/instantSchedule.png"): Screenshot is taken

2022-06-21 12:31:47 - [MESSAGE][PASSED] - Screenshot is taken
[[ATTACHMENT|/Users/a00139272/Desktop/Screenshot/instantSchedule.png]]

2022-06-21 12:31:47 - [TEST_STEP][PASSED] - verifyElementVisible(findTestObject("Main/mainDoneBtn"), 0): Element 'Object Repository/Main/mainDoneBtn' is visible

2022-06-21 12:31:47 - [MESSAGE][WARNING] - Timeout '0' is invalid. Using default page load timeout: '40'

2022-06-21 12:31:47 - [MESSAGE][PASSED] - Element 'Object Repository/Main/mainDoneBtn' is visible

2022-06-21 12:31:47 - [TEST_STEP][PASSED] - tap(findTestObject("Main/mainDoneBtn"), 0): Tapped on element 'Object Repository/Main/mainDoneBtn'

2022-06-21 12:31:47 - [MESSAGE][WARNING] - Timeout '0' is invalid. Using default page load timeout: '40'

2022-06-21 12:31:47 - [MESSAGE][PASSED] - Tapped on element 'Object Repository/Main/mainDoneBtn'

2022-06-21 12:31:47 - [TEST_STEP][PASSED] - delay(5): Delayed 5 second(s)

2022-06-21 12:31:52 - [MESSAGE][PASSED] - Delayed 5 second(s)

2022-06-21 12:31:52 - [TEST_STEP][PASSED] - tap(findTestObject("Main/mainTopLeftBackButton"), 0): Tapped on element 'Object Repository/Main/mainTopLeftBackButton'

2022-06-21 12:31:52 - [MESSAGE][WARNING] - Timeout '0' is invalid. Using default page load timeout: '40'

2022-06-21 12:31:52 - [MESSAGE][PASSED] - Tapped on element 'Object Repository/Main/mainTopLeftBackButton'

2022-06-21 12:31:52 - [TEST_STEP][PASSED] - delay(5): Delayed 5 second(s)

2022-06-21 12:31:57 - [MESSAGE][PASSED] - Delayed 5 second(s)

2022-06-21 12:31:57 - [TEST_STEP][PASSED] - verifyElementVisible(findTestObject("Banking/m2uAccountTypeSelection", ["text":"MAE"]), 0): Element 'Object Repository/Banking/m2uAccountTypeSelection' is visible

2022-06-21 12:31:57 - [MESSAGE][WARNING] - Timeout '0' is invalid. Using default page load timeout: '40'

2022-06-21 12:31:58 - [MESSAGE][PASSED] - Element 'Object Repository/Banking/m2uAccountTypeSelection' is visible

2022-06-21 12:31:58 - [TEST_STEP][PASSED] - tap(findTestObject("Banking/m2uAccountTypeSelection", ["text":"MAE"]), 10): Tapped on element 'Object Repository/Banking/m2uAccountTypeSelection'

2022-06-21 12:31:58 - [MESSAGE][PASSED] - Tapped on element 'Object Repository/Banking/m2uAccountTypeSelection'

2022-06-21 12:31:58 - [TEST_STEP][PASSED] - delay(5): Delayed 5 second(s)

2022-06-21 12:32:03 - [MESSAGE][PASSED] - Delayed 5 second(s)

2022-06-21 12:32:03 - [TEST_STEP][PASSED] - afterBalance = getText(findTestObject("Main/mainAccountsBalanceTxt"), 0): Text of element 'Object Repository/Main/mainAccountsBalanceTxt' is: 'RM 1,389.07'

2022-06-21 12:32:03 - [MESSAGE][WARNING] - Timeout '0' is invalid. Using default page load timeout: '40'

2022-06-21 12:32:03 - [MESSAGE][PASSED] - Text of element 'Object Repository/Main/mainAccountsBalanceTxt' is: 'RM 1,389.07'

2022-06-21 12:32:03 - [TEST_STEP][PASSED] - newAfterBalance = afterBalance.replaceAll("[^0-9.]", ""): null

2022-06-21 12:32:03 - [TEST_STEP][PASSED] - newAccountBalance = accountBalance.replaceAll("[^0-9.]", ""): null

2022-06-21 12:32:03 - [TEST_STEP][PASSED] - newAfterBalanceF = Float.parseFloat(newAfterBalance): null

2022-06-21 12:32:03 - [TEST_STEP][PASSED] - newAccountBalanceF = Float.parseFloat(newAccountBalance): null

2022-06-21 12:32:03 - [TEST_STEP][PASSED] - println(afterBalance): null

2022-06-21 12:32:03 - [TEST_STEP][PASSED] - println(accountBalance): null

2022-06-21 12:32:03 - [TEST_STEP][PASSED] - println(newAfterBalance): null

2022-06-21 12:32:03 - [TEST_STEP][PASSED] - println(newAccountBalance): null

2022-06-21 12:32:03 - [TEST_STEP][PASSED] - newBalance = newAccountBalanceF - 0.04: null

2022-06-21 12:32:03 - [TEST_STEP][PASSED] - println(newBalance): null

2022-06-21 12:32:03 - [TEST_STEP][PASSED] - delay(5): Delayed 5 second(s)

2022-06-21 12:32:08 - [MESSAGE][PASSED] - Delayed 5 second(s)]]></system-out>
         <system-err><![CDATA[]]></system-err>
      </testcase>
      <testcase name="Test Cases/Transfer/transfer_instantTransferSetFav" time="191.821" classname="Test Cases/Transfer/transfer_instantTransferSetFav" status="FAILED">
         <failure type="FAILED" message="Test Cases/Transfer/transfer_instantTransferSetFav FAILED.
Reason:
com.kms.katalon.core.exception.StepFailedException: Unable to scroll to text 'PUBLIC BANK' (Root cause: org.openqa.selenium.NoSuchElementException: An element could not be located on the page using the given search parameters.
For documentation on this error, please visit: https://www.seleniumhq.org/exceptions/no_such_element.html
Build info: version: '3.141.59', revision: 'e82be7d358', time: '2018-11-14T08:25:53'
System info: host: '00139272s-MacBook-Pro.local', ip: '2001:e68:6167:4601:85f6:f1eb:65d1:8553%en0', os.name: 'Mac OS X', os.arch: 'x86_64', os.version: '10.16', java.version: '1.8.0_275'
Driver info: com.kms.katalon.core.appium.driver.SwipeableAndroidDriver
Capabilities {app: /Users/a00139272/Katalon St..., appActivity: com.maybank2u.life.MainActi..., appPackage: com.maybank2u.life.sit, appWaitActivity: *, autoGrantPermissions: true, automationName: uiautomator2, chromedriverPort: 57444, databaseEnabled: false, desired: {app: /Users/a00139272/Katalon St..., appActivity: com.maybank2u.life.MainActi..., appPackage: com.maybank2u.life.sit, appWaitActivity: *, autoGrantPermissions: true, automationName: uiautomator2, chromedriverPort: 57444, deviceId: 002b9cc60508, deviceName: Xiaomi 21061119AG (Android 11), fullReset: false, newCommandTimeout: 1800, noReset: true, platform: ANDROID, platformName: android, platformVersion: 11, systemPort: 57442, udid: 002b9cc60508}, deviceApiLevel: 30, deviceId: 002b9cc60508, deviceManufacturer: Xiaomi, deviceModel: 21061119AG, deviceName: 002b9cc60508, deviceScreenDensity: 440, deviceScreenSize: 1080x2400, deviceUDID: 002b9cc60508, fullReset: false, javascriptEnabled: true, locationContextEnabled: false, networkConnectionEnabled: true, newCommandTimeout: 1800, noReset: true, pixelRatio: 2.75, platform: ANDROID, platformName: Android, platformVersion: 11, statBarHeight: 103, systemPort: 57442, takesScreenshot: true, udid: 002b9cc60508, viewportRect: {height: 2064, left: 0, top: 103, width: 1080}, warnings: {}, webStorageEnabled: false}
Session ID: 97632def-2432-4199-ae87-a221ef5de28d
*** Element info: {Using=-android uiautomator, value=new UiScrollable(new UiSelector().scrollable(true).instance(0)).scrollIntoView(new UiSelector().textContains(&quot;PUBLIC BANK&quot;))}
	at org.openqa.selenium.remote.http.W3CHttpResponseCodec.createException(W3CHttpResponseCodec.java:187)
	at org.openqa.selenium.remote.http.W3CHttpResponseCodec.decode(W3CHttpResponseCodec.java:122)
	at org.openqa.selenium.remote.http.W3CHttpResponseCodec.decode(W3CHttpResponseCodec.java:49)
	at org.openqa.selenium.remote.HttpCommandExecutor.execute(HttpCommandExecutor.java:158)
	at io.appium.java_client.remote.AppiumCommandExecutor.execute(AppiumCommandExecutor.java:239)
	at org.openqa.selenium.remote.RemoteWebDriver.execute(RemoteWebDriver.java:552)
	at io.appium.java_client.DefaultGenericMobileDriver.execute(DefaultGenericMobileDriver.java:42)
	at io.appium.java_client.AppiumDriver.execute(AppiumDriver.java:1)
	at io.appium.java_client.android.AndroidDriver.execute(AndroidDriver.java:1)
	at com.kms.katalon.core.appium.driver.SwipeableAndroidDriver.execute(SwipeableAndroidDriver.java:1)
	at org.openqa.selenium.remote.RemoteWebDriver.findElement(RemoteWebDriver.java:323)
	at io.appium.java_client.DefaultGenericMobileDriver.findElement(DefaultGenericMobileDriver.java:62)
	at io.appium.java_client.AppiumDriver.findElement(AppiumDriver.java:1)
	at io.appium.java_client.android.AndroidDriver.findElement(AndroidDriver.java:1)
	at com.kms.katalon.core.appium.driver.SwipeableAndroidDriver.findElement(SwipeableAndroidDriver.java:1)
	at io.appium.java_client.FindsByAndroidUIAutomator.findElementByAndroidUIAutomator(FindsByAndroidUIAutomator.java:38)
	at io.appium.java_client.FindsByAndroidUIAutomator$findElementByAndroidUIAutomator.call(Unknown Source)
	at com.kms.katalon.core.mobile.keyword.builtin.ScrollToTextKeyword$_scrollToText_closure1.doCall(ScrollToTextKeyword.groovy:62)
	at com.kms.katalon.core.mobile.keyword.builtin.ScrollToTextKeyword$_scrollToText_closure1.doCall(ScrollToTextKeyword.groovy)
	at com.kms.katalon.core.mobile.keyword.internal.MobileKeywordMain.runKeyword(MobileKeywordMain.groovy:21)
	at com.kms.katalon.core.mobile.keyword.internal.MobileKeywordMain$runKeyword.call(Unknown Source)
	at com.kms.katalon.core.mobile.keyword.builtin.ScrollToTextKeyword.scrollToText(ScrollToTextKeyword.groovy:85)
	at com.kms.katalon.core.mobile.keyword.builtin.ScrollToTextKeyword.execute(ScrollToTextKeyword.groovy:41)
	at com.kms.katalon.core.keyword.internal.KeywordExecutor.executeKeywordForPlatform(KeywordExecutor.groovy:74)
	at com.kms.katalon.core.mobile.keyword.MobileBuiltInKeywords.scrollToText(MobileBuiltInKeywords.groovy:1987)
	at com.kms.katalon.core.mobile.keyword.MobileBuiltInKeywords$scrollToText$9.call(Unknown Source)
	at transfer_instantTransferSetFav.run(transfer_instantTransferSetFav:91)
	at com.kms.katalon.core.main.ScriptEngine.run(ScriptEngine.java:194)
	at com.kms.katalon.core.main.ScriptEngine.runScriptAsRawText(ScriptEngine.java:119)
	at com.kms.katalon.core.main.TestCaseExecutor.runScript(TestCaseExecutor.java:445)
	at com.kms.katalon.core.main.TestCaseExecutor.doExecute(TestCaseExecutor.java:436)
	at com.kms.katalon.core.main.TestCaseExecutor.processExecutionPhase(TestCaseExecutor.java:415)
	at com.kms.katalon.core.main.TestCaseExecutor.accessMainPhase(TestCaseExecutor.java:407)
	at com.kms.katalon.core.main.TestCaseExecutor.execute(TestCaseExecutor.java:284)
	at com.kms.katalon.core.common.CommonExecutor.accessTestCaseMainPhase(CommonExecutor.java:65)
	at com.kms.katalon.core.main.TestSuiteExecutor.accessTestSuiteMainPhase(TestSuiteExecutor.java:144)
	at com.kms.katalon.core.main.TestSuiteExecutor.execute(TestSuiteExecutor.java:106)
	at com.kms.katalon.core.main.TestCaseMain.startTestSuite(TestCaseMain.java:185)
	at com.kms.katalon.core.main.TestCaseMain$startTestSuite$0.call(Unknown Source)
	at TempTestSuite1655784788947.run(TempTestSuite1655784788947.groovy:36)
)
	at com.kms.katalon.core.keyword.internal.KeywordMain.stepFailed(KeywordMain.groovy:50)
	at com.kms.katalon.core.mobile.keyword.internal.MobileKeywordMain.stepFailed(MobileKeywordMain.groovy:40)
	at com.kms.katalon.core.mobile.keyword.internal.MobileKeywordMain.runKeyword(MobileKeywordMain.groovy:23)
	at com.kms.katalon.core.mobile.keyword.internal.MobileKeywordMain$runKeyword.call(Unknown Source)
	at com.kms.katalon.core.mobile.keyword.builtin.ScrollToTextKeyword.scrollToText(ScrollToTextKeyword.groovy:85)
	at com.kms.katalon.core.mobile.keyword.builtin.ScrollToTextKeyword.execute(ScrollToTextKeyword.groovy:41)
	at com.kms.katalon.core.keyword.internal.KeywordExecutor.executeKeywordForPlatform(KeywordExecutor.groovy:74)
	at com.kms.katalon.core.mobile.keyword.MobileBuiltInKeywords.scrollToText(MobileBuiltInKeywords.groovy:1987)
	at com.kms.katalon.core.mobile.keyword.MobileBuiltInKeywords$scrollToText$9.call(Unknown Source)
	at transfer_instantTransferSetFav.run(transfer_instantTransferSetFav:91)
	at com.kms.katalon.core.main.ScriptEngine.run(ScriptEngine.java:194)
	at com.kms.katalon.core.main.ScriptEngine.runScriptAsRawText(ScriptEngine.java:119)
	at com.kms.katalon.core.main.TestCaseExecutor.runScript(TestCaseExecutor.java:445)
	at com.kms.katalon.core.main.TestCaseExecutor.doExecute(TestCaseExecutor.java:436)
	at com.kms.katalon.core.main.TestCaseExecutor.processExecutionPhase(TestCaseExecutor.java:415)
	at com.kms.katalon.core.main.TestCaseExecutor.accessMainPhase(TestCaseExecutor.java:407)
	at com.kms.katalon.core.main.TestCaseExecutor.execute(TestCaseExecutor.java:284)
	at com.kms.katalon.core.common.CommonExecutor.accessTestCaseMainPhase(CommonExecutor.java:65)
	at com.kms.katalon.core.main.TestSuiteExecutor.accessTestSuiteMainPhase(TestSuiteExecutor.java:144)
	at com.kms.katalon.core.main.TestSuiteExecutor.execute(TestSuiteExecutor.java:106)
	at com.kms.katalon.core.main.TestCaseMain.startTestSuite(TestCaseMain.java:185)
	at com.kms.katalon.core.main.TestCaseMain$startTestSuite$0.call(Unknown Source)
	at TempTestSuite1655784788947.run(TempTestSuite1655784788947.groovy:36)
Caused by: org.openqa.selenium.NoSuchElementException: An element could not be located on the page using the given search parameters.
For documentation on this error, please visit: https://www.seleniumhq.org/exceptions/no_such_element.html
Build info: version: '3.141.59', revision: 'e82be7d358', time: '2018-11-14T08:25:53'
System info: host: '00139272s-MacBook-Pro.local', ip: '2001:e68:6167:4601:85f6:f1eb:65d1:8553%en0', os.name: 'Mac OS X', os.arch: 'x86_64', os.version: '10.16', java.version: '1.8.0_275'
Driver info: com.kms.katalon.core.appium.driver.SwipeableAndroidDriver
Capabilities {app: /Users/a00139272/Katalon St..., appActivity: com.maybank2u.life.MainActi..., appPackage: com.maybank2u.life.sit, appWaitActivity: *, autoGrantPermissions: true, automationName: uiautomator2, chromedriverPort: 57444, databaseEnabled: false, desired: {app: /Users/a00139272/Katalon St..., appActivity: com.maybank2u.life.MainActi..., appPackage: com.maybank2u.life.sit, appWaitActivity: *, autoGrantPermissions: true, automationName: uiautomator2, chromedriverPort: 57444, deviceId: 002b9cc60508, deviceName: Xiaomi 21061119AG (Android 11), fullReset: false, newCommandTimeout: 1800, noReset: true, platform: ANDROID, platformName: android, platformVersion: 11, systemPort: 57442, udid: 002b9cc60508}, deviceApiLevel: 30, deviceId: 002b9cc60508, deviceManufacturer: Xiaomi, deviceModel: 21061119AG, deviceName: 002b9cc60508, deviceScreenDensity: 440, deviceScreenSize: 1080x2400, deviceUDID: 002b9cc60508, fullReset: false, javascriptEnabled: true, locationContextEnabled: false, networkConnectionEnabled: true, newCommandTimeout: 1800, noReset: true, pixelRatio: 2.75, platform: ANDROID, platformName: Android, platformVersion: 11, statBarHeight: 103, systemPort: 57442, takesScreenshot: true, udid: 002b9cc60508, viewportRect: {height: 2064, left: 0, top: 103, width: 1080}, warnings: {}, webStorageEnabled: false}
Session ID: 97632def-2432-4199-ae87-a221ef5de28d
*** Element info: {Using=-android uiautomator, value=new UiScrollable(new UiSelector().scrollable(true).instance(0)).scrollIntoView(new UiSelector().textContains(&quot;PUBLIC BANK&quot;))}
	at org.openqa.selenium.remote.http.W3CHttpResponseCodec.createException(W3CHttpResponseCodec.java:187)
	at org.openqa.selenium.remote.http.W3CHttpResponseCodec.decode(W3CHttpResponseCodec.java:122)
	at org.openqa.selenium.remote.http.W3CHttpResponseCodec.decode(W3CHttpResponseCodec.java:49)
	at org.openqa.selenium.remote.HttpCommandExecutor.execute(HttpCommandExecutor.java:158)
	at io.appium.java_client.remote.AppiumCommandExecutor.execute(AppiumCommandExecutor.java:239)
	at org.openqa.selenium.remote.RemoteWebDriver.execute(RemoteWebDriver.java:552)
	at io.appium.java_client.DefaultGenericMobileDriver.execute(DefaultGenericMobileDriver.java:42)
	at io.appium.java_client.AppiumDriver.execute(AppiumDriver.java:1)
	at io.appium.java_client.android.AndroidDriver.execute(AndroidDriver.java:1)
	at com.kms.katalon.core.appium.driver.SwipeableAndroidDriver.execute(SwipeableAndroidDriver.java:1)
	at org.openqa.selenium.remote.RemoteWebDriver.findElement(RemoteWebDriver.java:323)
	at io.appium.java_client.DefaultGenericMobileDriver.findElement(DefaultGenericMobileDriver.java:62)
	at io.appium.java_client.AppiumDriver.findElement(AppiumDriver.java:1)
	at io.appium.java_client.android.AndroidDriver.findElement(AndroidDriver.java:1)
	at com.kms.katalon.core.appium.driver.SwipeableAndroidDriver.findElement(SwipeableAndroidDriver.java:1)
	at io.appium.java_client.FindsByAndroidUIAutomator.findElementByAndroidUIAutomator(FindsByAndroidUIAutomator.java:38)
	at io.appium.java_client.FindsByAndroidUIAutomator$findElementByAndroidUIAutomator.call(Unknown Source)
	at com.kms.katalon.core.mobile.keyword.builtin.ScrollToTextKeyword$_scrollToText_closure1.doCall(ScrollToTextKeyword.groovy:62)
	at com.kms.katalon.core.mobile.keyword.builtin.ScrollToTextKeyword$_scrollToText_closure1.doCall(ScrollToTextKeyword.groovy)
	at com.kms.katalon.core.mobile.keyword.internal.MobileKeywordMain.runKeyword(MobileKeywordMain.groovy:21)
	... 20 more
"/>
         <system-out><![CDATA[2022-06-21 12:32:08 - [TEST_CASE][FAILED] - Test Cases/Transfer/transfer_instantTransferSetFav: Test Cases/Transfer/transfer_instantTransferSetFav FAILED.
Reason:
com.kms.katalon.core.exception.StepFailedException: Unable to scroll to text 'PUBLIC BANK' (Root cause: org.openqa.selenium.NoSuchElementException: An element could not be located on the page using the given search parameters.
For documentation on this error, please visit: https://www.seleniumhq.org/exceptions/no_such_element.html
Build info: version: '3.141.59', revision: 'e82be7d358', time: '2018-11-14T08:25:53'
System info: host: '00139272s-MacBook-Pro.local', ip: '2001:e68:6167:4601:85f6:f1eb:65d1:8553%en0', os.name: 'Mac OS X', os.arch: 'x86_64', os.version: '10.16', java.version: '1.8.0_275'
Driver info: com.kms.katalon.core.appium.driver.SwipeableAndroidDriver
Capabilities {app: /Users/a00139272/Katalon St..., appActivity: com.maybank2u.life.MainActi..., appPackage: com.maybank2u.life.sit, appWaitActivity: *, autoGrantPermissions: true, automationName: uiautomator2, chromedriverPort: 57444, databaseEnabled: false, desired: {app: /Users/a00139272/Katalon St..., appActivity: com.maybank2u.life.MainActi..., appPackage: com.maybank2u.life.sit, appWaitActivity: *, autoGrantPermissions: true, automationName: uiautomator2, chromedriverPort: 57444, deviceId: 002b9cc60508, deviceName: Xiaomi 21061119AG (Android 11), fullReset: false, newCommandTimeout: 1800, noReset: true, platform: ANDROID, platformName: android, platformVersion: 11, systemPort: 57442, udid: 002b9cc60508}, deviceApiLevel: 30, deviceId: 002b9cc60508, deviceManufacturer: Xiaomi, deviceModel: 21061119AG, deviceName: 002b9cc60508, deviceScreenDensity: 440, deviceScreenSize: 1080x2400, deviceUDID: 002b9cc60508, fullReset: false, javascriptEnabled: true, locationContextEnabled: false, networkConnectionEnabled: true, newCommandTimeout: 1800, noReset: true, pixelRatio: 2.75, platform: ANDROID, platformName: Android, platformVersion: 11, statBarHeight: 103, systemPort: 57442, takesScreenshot: true, udid: 002b9cc60508, viewportRect: {height: 2064, left: 0, top: 103, width: 1080}, warnings: {}, webStorageEnabled: false}
Session ID: 97632def-2432-4199-ae87-a221ef5de28d
*** Element info: {Using=-android uiautomator, value=new UiScrollable(new UiSelector().scrollable(true).instance(0)).scrollIntoView(new UiSelector().textContains("PUBLIC BANK"))}
	at org.openqa.selenium.remote.http.W3CHttpResponseCodec.createException(W3CHttpResponseCodec.java:187)
	at org.openqa.selenium.remote.http.W3CHttpResponseCodec.decode(W3CHttpResponseCodec.java:122)
	at org.openqa.selenium.remote.http.W3CHttpResponseCodec.decode(W3CHttpResponseCodec.java:49)
	at org.openqa.selenium.remote.HttpCommandExecutor.execute(HttpCommandExecutor.java:158)
	at io.appium.java_client.remote.AppiumCommandExecutor.execute(AppiumCommandExecutor.java:239)
	at org.openqa.selenium.remote.RemoteWebDriver.execute(RemoteWebDriver.java:552)
	at io.appium.java_client.DefaultGenericMobileDriver.execute(DefaultGenericMobileDriver.java:42)
	at io.appium.java_client.AppiumDriver.execute(AppiumDriver.java:1)
	at io.appium.java_client.android.AndroidDriver.execute(AndroidDriver.java:1)
	at com.kms.katalon.core.appium.driver.SwipeableAndroidDriver.execute(SwipeableAndroidDriver.java:1)
	at org.openqa.selenium.remote.RemoteWebDriver.findElement(RemoteWebDriver.java:323)
	at io.appium.java_client.DefaultGenericMobileDriver.findElement(DefaultGenericMobileDriver.java:62)
	at io.appium.java_client.AppiumDriver.findElement(AppiumDriver.java:1)
	at io.appium.java_client.android.AndroidDriver.findElement(AndroidDriver.java:1)
	at com.kms.katalon.core.appium.driver.SwipeableAndroidDriver.findElement(SwipeableAndroidDriver.java:1)
	at io.appium.java_client.FindsByAndroidUIAutomator.findElementByAndroidUIAutomator(FindsByAndroidUIAutomator.java:38)
	at io.appium.java_client.FindsByAndroidUIAutomator$findElementByAndroidUIAutomator.call(Unknown Source)
	at com.kms.katalon.core.mobile.keyword.builtin.ScrollToTextKeyword$_scrollToText_closure1.doCall(ScrollToTextKeyword.groovy:62)
	at com.kms.katalon.core.mobile.keyword.builtin.ScrollToTextKeyword$_scrollToText_closure1.doCall(ScrollToTextKeyword.groovy)
	at com.kms.katalon.core.mobile.keyword.internal.MobileKeywordMain.runKeyword(MobileKeywordMain.groovy:21)
	at com.kms.katalon.core.mobile.keyword.internal.MobileKeywordMain$runKeyword.call(Unknown Source)
	at com.kms.katalon.core.mobile.keyword.builtin.ScrollToTextKeyword.scrollToText(ScrollToTextKeyword.groovy:85)
	at com.kms.katalon.core.mobile.keyword.builtin.ScrollToTextKeyword.execute(ScrollToTextKeyword.groovy:41)
	at com.kms.katalon.core.keyword.internal.KeywordExecutor.executeKeywordForPlatform(KeywordExecutor.groovy:74)
	at com.kms.katalon.core.mobile.keyword.MobileBuiltInKeywords.scrollToText(MobileBuiltInKeywords.groovy:1987)
	at com.kms.katalon.core.mobile.keyword.MobileBuiltInKeywords$scrollToText$9.call(Unknown Source)
	at transfer_instantTransferSetFav.run(transfer_instantTransferSetFav:91)
	at com.kms.katalon.core.main.ScriptEngine.run(ScriptEngine.java:194)
	at com.kms.katalon.core.main.ScriptEngine.runScriptAsRawText(ScriptEngine.java:119)
	at com.kms.katalon.core.main.TestCaseExecutor.runScript(TestCaseExecutor.java:445)
	at com.kms.katalon.core.main.TestCaseExecutor.doExecute(TestCaseExecutor.java:436)
	at com.kms.katalon.core.main.TestCaseExecutor.processExecutionPhase(TestCaseExecutor.java:415)
	at com.kms.katalon.core.main.TestCaseExecutor.accessMainPhase(TestCaseExecutor.java:407)
	at com.kms.katalon.core.main.TestCaseExecutor.execute(TestCaseExecutor.java:284)
	at com.kms.katalon.core.common.CommonExecutor.accessTestCaseMainPhase(CommonExecutor.java:65)
	at com.kms.katalon.core.main.TestSuiteExecutor.accessTestSuiteMainPhase(TestSuiteExecutor.java:144)
	at com.kms.katalon.core.main.TestSuiteExecutor.execute(TestSuiteExecutor.java:106)
	at com.kms.katalon.core.main.TestCaseMain.startTestSuite(TestCaseMain.java:185)
	at com.kms.katalon.core.main.TestCaseMain$startTestSuite$0.call(Unknown Source)
	at TempTestSuite1655784788947.run(TempTestSuite1655784788947.groovy:36)
)
	at com.kms.katalon.core.keyword.internal.KeywordMain.stepFailed(KeywordMain.groovy:50)
	at com.kms.katalon.core.mobile.keyword.internal.MobileKeywordMain.stepFailed(MobileKeywordMain.groovy:40)
	at com.kms.katalon.core.mobile.keyword.internal.MobileKeywordMain.runKeyword(MobileKeywordMain.groovy:23)
	at com.kms.katalon.core.mobile.keyword.internal.MobileKeywordMain$runKeyword.call(Unknown Source)
	at com.kms.katalon.core.mobile.keyword.builtin.ScrollToTextKeyword.scrollToText(ScrollToTextKeyword.groovy:85)
	at com.kms.katalon.core.mobile.keyword.builtin.ScrollToTextKeyword.execute(ScrollToTextKeyword.groovy:41)
	at com.kms.katalon.core.keyword.internal.KeywordExecutor.executeKeywordForPlatform(KeywordExecutor.groovy:74)
	at com.kms.katalon.core.mobile.keyword.MobileBuiltInKeywords.scrollToText(MobileBuiltInKeywords.groovy:1987)
	at com.kms.katalon.core.mobile.keyword.MobileBuiltInKeywords$scrollToText$9.call(Unknown Source)
	at transfer_instantTransferSetFav.run(transfer_instantTransferSetFav:91)
	at com.kms.katalon.core.main.ScriptEngine.run(ScriptEngine.java:194)
	at com.kms.katalon.core.main.ScriptEngine.runScriptAsRawText(ScriptEngine.java:119)
	at com.kms.katalon.core.main.TestCaseExecutor.runScript(TestCaseExecutor.java:445)
	at com.kms.katalon.core.main.TestCaseExecutor.doExecute(TestCaseExecutor.java:436)
	at com.kms.katalon.core.main.TestCaseExecutor.processExecutionPhase(TestCaseExecutor.java:415)
	at com.kms.katalon.core.main.TestCaseExecutor.accessMainPhase(TestCaseExecutor.java:407)
	at com.kms.katalon.core.main.TestCaseExecutor.execute(TestCaseExecutor.java:284)
	at com.kms.katalon.core.common.CommonExecutor.accessTestCaseMainPhase(CommonExecutor.java:65)
	at com.kms.katalon.core.main.TestSuiteExecutor.accessTestSuiteMainPhase(TestSuiteExecutor.java:144)
	at com.kms.katalon.core.main.TestSuiteExecutor.execute(TestSuiteExecutor.java:106)
	at com.kms.katalon.core.main.TestCaseMain.startTestSuite(TestCaseMain.java:185)
	at com.kms.katalon.core.main.TestCaseMain$startTestSuite$0.call(Unknown Source)
	at TempTestSuite1655784788947.run(TempTestSuite1655784788947.groovy:36)
Caused by: org.openqa.selenium.NoSuchElementException: An element could not be located on the page using the given search parameters.
For documentation on this error, please visit: https://www.seleniumhq.org/exceptions/no_such_element.html
Build info: version: '3.141.59', revision: 'e82be7d358', time: '2018-11-14T08:25:53'
System info: host: '00139272s-MacBook-Pro.local', ip: '2001:e68:6167:4601:85f6:f1eb:65d1:8553%en0', os.name: 'Mac OS X', os.arch: 'x86_64', os.version: '10.16', java.version: '1.8.0_275'
Driver info: com.kms.katalon.core.appium.driver.SwipeableAndroidDriver
Capabilities {app: /Users/a00139272/Katalon St..., appActivity: com.maybank2u.life.MainActi..., appPackage: com.maybank2u.life.sit, appWaitActivity: *, autoGrantPermissions: true, automationName: uiautomator2, chromedriverPort: 57444, databaseEnabled: false, desired: {app: /Users/a00139272/Katalon St..., appActivity: com.maybank2u.life.MainActi..., appPackage: com.maybank2u.life.sit, appWaitActivity: *, autoGrantPermissions: true, automationName: uiautomator2, chromedriverPort: 57444, deviceId: 002b9cc60508, deviceName: Xiaomi 21061119AG (Android 11), fullReset: false, newCommandTimeout: 1800, noReset: true, platform: ANDROID, platformName: android, platformVersion: 11, systemPort: 57442, udid: 002b9cc60508}, deviceApiLevel: 30, deviceId: 002b9cc60508, deviceManufacturer: Xiaomi, deviceModel: 21061119AG, deviceName: 002b9cc60508, deviceScreenDensity: 440, deviceScreenSize: 1080x2400, deviceUDID: 002b9cc60508, fullReset: false, javascriptEnabled: true, locationContextEnabled: false, networkConnectionEnabled: true, newCommandTimeout: 1800, noReset: true, pixelRatio: 2.75, platform: ANDROID, platformName: Android, platformVersion: 11, statBarHeight: 103, systemPort: 57442, takesScreenshot: true, udid: 002b9cc60508, viewportRect: {height: 2064, left: 0, top: 103, width: 1080}, warnings: {}, webStorageEnabled: false}
Session ID: 97632def-2432-4199-ae87-a221ef5de28d
*** Element info: {Using=-android uiautomator, value=new UiScrollable(new UiSelector().scrollable(true).instance(0)).scrollIntoView(new UiSelector().textContains("PUBLIC BANK"))}
	at org.openqa.selenium.remote.http.W3CHttpResponseCodec.createException(W3CHttpResponseCodec.java:187)
	at org.openqa.selenium.remote.http.W3CHttpResponseCodec.decode(W3CHttpResponseCodec.java:122)
	at org.openqa.selenium.remote.http.W3CHttpResponseCodec.decode(W3CHttpResponseCodec.java:49)
	at org.openqa.selenium.remote.HttpCommandExecutor.execute(HttpCommandExecutor.java:158)
	at io.appium.java_client.remote.AppiumCommandExecutor.execute(AppiumCommandExecutor.java:239)
	at org.openqa.selenium.remote.RemoteWebDriver.execute(RemoteWebDriver.java:552)
	at io.appium.java_client.DefaultGenericMobileDriver.execute(DefaultGenericMobileDriver.java:42)
	at io.appium.java_client.AppiumDriver.execute(AppiumDriver.java:1)
	at io.appium.java_client.android.AndroidDriver.execute(AndroidDriver.java:1)
	at com.kms.katalon.core.appium.driver.SwipeableAndroidDriver.execute(SwipeableAndroidDriver.java:1)
	at org.openqa.selenium.remote.RemoteWebDriver.findElement(RemoteWebDriver.java:323)
	at io.appium.java_client.DefaultGenericMobileDriver.findElement(DefaultGenericMobileDriver.java:62)
	at io.appium.java_client.AppiumDriver.findElement(AppiumDriver.java:1)
	at io.appium.java_client.android.AndroidDriver.findElement(AndroidDriver.java:1)
	at com.kms.katalon.core.appium.driver.SwipeableAndroidDriver.findElement(SwipeableAndroidDriver.java:1)
	at io.appium.java_client.FindsByAndroidUIAutomator.findElementByAndroidUIAutomator(FindsByAndroidUIAutomator.java:38)
	at io.appium.java_client.FindsByAndroidUIAutomator$findElementByAndroidUIAutomator.call(Unknown Source)
	at com.kms.katalon.core.mobile.keyword.builtin.ScrollToTextKeyword$_scrollToText_closure1.doCall(ScrollToTextKeyword.groovy:62)
	at com.kms.katalon.core.mobile.keyword.builtin.ScrollToTextKeyword$_scrollToText_closure1.doCall(ScrollToTextKeyword.groovy)
	at com.kms.katalon.core.mobile.keyword.internal.MobileKeywordMain.runKeyword(MobileKeywordMain.groovy:21)
	... 20 more


2022-06-21 12:32:08 - [TEST_STEP][PASSED] - delay(5): Delayed 5 second(s)

2022-06-21 12:32:13 - [MESSAGE][PASSED] - Delayed 5 second(s)

2022-06-21 12:32:13 - [TEST_STEP][PASSED] - device_Height = getDeviceHeight(): Current device physical height is 2167

2022-06-21 12:32:13 - [MESSAGE][PASSED] - Current device physical height is 2167

2022-06-21 12:32:13 - [TEST_STEP][PASSED] - device_Width = getDeviceWidth(): Current device physical width is 1080

2022-06-21 12:32:14 - [MESSAGE][PASSED] - Current device physical width is 1080

2022-06-21 12:32:14 - [TEST_STEP][PASSED] - startX = device_Width / 3: null

2022-06-21 12:32:14 - [TEST_STEP][PASSED] - startY = device_Height * 0.97: null

2022-06-21 12:32:14 - [TEST_STEP][PASSED] - verifyElementVisible(findTestObject("Banking/m2uAccountTransferIconSelect"), 0): Element 'Object Repository/Banking/m2uAccountTransferIconSelect' is visible

2022-06-21 12:32:14 - [MESSAGE][WARNING] - Timeout '0' is invalid. Using default page load timeout: '40'

2022-06-21 12:32:14 - [MESSAGE][PASSED] - Element 'Object Repository/Banking/m2uAccountTransferIconSelect' is visible

2022-06-21 12:32:14 - [TEST_STEP][PASSED] - tap(findTestObject("Banking/m2uAccountTransferIconSelect"), 0): Tapped on element 'Object Repository/Banking/m2uAccountTransferIconSelect'

2022-06-21 12:32:14 - [MESSAGE][WARNING] - Timeout '0' is invalid. Using default page load timeout: '40'

2022-06-21 12:32:14 - [MESSAGE][PASSED] - Tapped on element 'Object Repository/Banking/m2uAccountTransferIconSelect'

2022-06-21 12:32:14 - [TEST_STEP][PASSED] - delay(5): Delayed 5 second(s)

2022-06-21 12:32:19 - [MESSAGE][PASSED] - Delayed 5 second(s)

2022-06-21 12:32:19 - [TEST_STEP][PASSED] - println("InterBank Test Case Started"): null

2022-06-21 12:32:19 - [TEST_STEP][PASSED] - tap(findTestObject("Banking/transferOthersTopMenuSelect"), 0): Tapped on element 'Object Repository/Banking/transferOthersTopMenuSelect'

2022-06-21 12:32:19 - [MESSAGE][WARNING] - Timeout '0' is invalid. Using default page load timeout: '40'

2022-06-21 12:33:20 - [MESSAGE][PASSED] - Tapped on element 'Object Repository/Banking/transferOthersTopMenuSelect'

2022-06-21 12:33:20 - [TEST_STEP][PASSED] - tap(findTestObject("Banking/transferBanksIconSelect"), 0): Tapped on element 'Object Repository/Banking/transferBanksIconSelect'

2022-06-21 12:33:20 - [MESSAGE][WARNING] - Timeout '0' is invalid. Using default page load timeout: '40'

2022-06-21 12:34:13 - [MESSAGE][PASSED] - Tapped on element 'Object Repository/Banking/transferBanksIconSelect'

2022-06-21 12:34:13 - [TEST_STEP][FAILED] - scrollToText("PUBLIC BANK", STOP_ON_FAILURE): Unable to scroll to text 'PUBLIC BANK' (Root cause: org.openqa.selenium.NoSuchElementException: An element could not be located on the page using the given search parameters.
For documentation on this error, please visit: https://www.seleniumhq.org/exceptions/no_such_element.html
Build info: version: '3.141.59', revision: 'e82be7d358', time: '2018-11-14T08:25:53'
System info: host: '00139272s-MacBook-Pro.local', ip: '2001:e68:6167:4601:85f6:f1eb:65d1:8553%en0', os.name: 'Mac OS X', os.arch: 'x86_64', os.version: '10.16', java.version: '1.8.0_275'
Driver info: com.kms.katalon.core.appium.driver.SwipeableAndroidDriver
Capabilities {app: /Users/a00139272/Katalon St..., appActivity: com.maybank2u.life.MainActi..., appPackage: com.maybank2u.life.sit, appWaitActivity: *, autoGrantPermissions: true, automationName: uiautomator2, chromedriverPort: 57444, databaseEnabled: false, desired: {app: /Users/a00139272/Katalon St..., appActivity: com.maybank2u.life.MainActi..., appPackage: com.maybank2u.life.sit, appWaitActivity: *, autoGrantPermissions: true, automationName: uiautomator2, chromedriverPort: 57444, deviceId: 002b9cc60508, deviceName: Xiaomi 21061119AG (Android 11), fullReset: false, newCommandTimeout: 1800, noReset: true, platform: ANDROID, platformName: android, platformVersion: 11, systemPort: 57442, udid: 002b9cc60508}, deviceApiLevel: 30, deviceId: 002b9cc60508, deviceManufacturer: Xiaomi, deviceModel: 21061119AG, deviceName: 002b9cc60508, deviceScreenDensity: 440, deviceScreenSize: 1080x2400, deviceUDID: 002b9cc60508, fullReset: false, javascriptEnabled: true, locationContextEnabled: false, networkConnectionEnabled: true, newCommandTimeout: 1800, noReset: true, pixelRatio: 2.75, platform: ANDROID, platformName: Android, platformVersion: 11, statBarHeight: 103, systemPort: 57442, takesScreenshot: true, udid: 002b9cc60508, viewportRect: {height: 2064, left: 0, top: 103, width: 1080}, warnings: {}, webStorageEnabled: false}
Session ID: 97632def-2432-4199-ae87-a221ef5de28d
*** Element info: {Using=-android uiautomator, value=new UiScrollable(new UiSelector().scrollable(true).instance(0)).scrollIntoView(new UiSelector().textContains("PUBLIC BANK"))}
	at org.openqa.selenium.remote.http.W3CHttpResponseCodec.createException(W3CHttpResponseCodec.java:187)
	at org.openqa.selenium.remote.http.W3CHttpResponseCodec.decode(W3CHttpResponseCodec.java:122)
	at org.openqa.selenium.remote.http.W3CHttpResponseCodec.decode(W3CHttpResponseCodec.java:49)
	at org.openqa.selenium.remote.HttpCommandExecutor.execute(HttpCommandExecutor.java:158)
	at io.appium.java_client.remote.AppiumCommandExecutor.execute(AppiumCommandExecutor.java:239)
	at org.openqa.selenium.remote.RemoteWebDriver.execute(RemoteWebDriver.java:552)
	at io.appium.java_client.DefaultGenericMobileDriver.execute(DefaultGenericMobileDriver.java:42)
	at io.appium.java_client.AppiumDriver.execute(AppiumDriver.java:1)
	at io.appium.java_client.android.AndroidDriver.execute(AndroidDriver.java:1)
	at com.kms.katalon.core.appium.driver.SwipeableAndroidDriver.execute(SwipeableAndroidDriver.java:1)
	at org.openqa.selenium.remote.RemoteWebDriver.findElement(RemoteWebDriver.java:323)
	at io.appium.java_client.DefaultGenericMobileDriver.findElement(DefaultGenericMobileDriver.java:62)
	at io.appium.java_client.AppiumDriver.findElement(AppiumDriver.java:1)
	at io.appium.java_client.android.AndroidDriver.findElement(AndroidDriver.java:1)
	at com.kms.katalon.core.appium.driver.SwipeableAndroidDriver.findElement(SwipeableAndroidDriver.java:1)
	at io.appium.java_client.FindsByAndroidUIAutomator.findElementByAndroidUIAutomator(FindsByAndroidUIAutomator.java:38)
	at io.appium.java_client.FindsByAndroidUIAutomator$findElementByAndroidUIAutomator.call(Unknown Source)
	at com.kms.katalon.core.mobile.keyword.builtin.ScrollToTextKeyword$_scrollToText_closure1.doCall(ScrollToTextKeyword.groovy:62)
	at com.kms.katalon.core.mobile.keyword.builtin.ScrollToTextKeyword$_scrollToText_closure1.doCall(ScrollToTextKeyword.groovy)
	at com.kms.katalon.core.mobile.keyword.internal.MobileKeywordMain.runKeyword(MobileKeywordMain.groovy:21)
	at com.kms.katalon.core.mobile.keyword.internal.MobileKeywordMain$runKeyword.call(Unknown Source)
	at com.kms.katalon.core.mobile.keyword.builtin.ScrollToTextKeyword.scrollToText(ScrollToTextKeyword.groovy:85)
	at com.kms.katalon.core.mobile.keyword.builtin.ScrollToTextKeyword.execute(ScrollToTextKeyword.groovy:41)
	at com.kms.katalon.core.keyword.internal.KeywordExecutor.executeKeywordForPlatform(KeywordExecutor.groovy:74)
	at com.kms.katalon.core.mobile.keyword.MobileBuiltInKeywords.scrollToText(MobileBuiltInKeywords.groovy:1987)
	at com.kms.katalon.core.mobile.keyword.MobileBuiltInKeywords$scrollToText$9.call(Unknown Source)
	at transfer_instantTransferSetFav.run(transfer_instantTransferSetFav:91)
	at com.kms.katalon.core.main.ScriptEngine.run(ScriptEngine.java:194)
	at com.kms.katalon.core.main.ScriptEngine.runScriptAsRawText(ScriptEngine.java:119)
	at com.kms.katalon.core.main.TestCaseExecutor.runScript(TestCaseExecutor.java:445)
	at com.kms.katalon.core.main.TestCaseExecutor.doExecute(TestCaseExecutor.java:436)
	at com.kms.katalon.core.main.TestCaseExecutor.processExecutionPhase(TestCaseExecutor.java:415)
	at com.kms.katalon.core.main.TestCaseExecutor.accessMainPhase(TestCaseExecutor.java:407)
	at com.kms.katalon.core.main.TestCaseExecutor.execute(TestCaseExecutor.java:284)
	at com.kms.katalon.core.common.CommonExecutor.accessTestCaseMainPhase(CommonExecutor.java:65)
	at com.kms.katalon.core.main.TestSuiteExecutor.accessTestSuiteMainPhase(TestSuiteExecutor.java:144)
	at com.kms.katalon.core.main.TestSuiteExecutor.execute(TestSuiteExecutor.java:106)
	at com.kms.katalon.core.main.TestCaseMain.startTestSuite(TestCaseMain.java:185)
	at com.kms.katalon.core.main.TestCaseMain$startTestSuite$0.call(Unknown Source)
	at TempTestSuite1655784788947.run(TempTestSuite1655784788947.groovy:36)
)

2022-06-21 12:35:20 - [MESSAGE][FAILED] - Unable to scroll to text 'PUBLIC BANK' (Root cause: org.openqa.selenium.NoSuchElementException: An element could not be located on the page using the given search parameters.
For documentation on this error, please visit: https://www.seleniumhq.org/exceptions/no_such_element.html
Build info: version: '3.141.59', revision: 'e82be7d358', time: '2018-11-14T08:25:53'
System info: host: '00139272s-MacBook-Pro.local', ip: '2001:e68:6167:4601:85f6:f1eb:65d1:8553%en0', os.name: 'Mac OS X', os.arch: 'x86_64', os.version: '10.16', java.version: '1.8.0_275'
Driver info: com.kms.katalon.core.appium.driver.SwipeableAndroidDriver
Capabilities {app: /Users/a00139272/Katalon St..., appActivity: com.maybank2u.life.MainActi..., appPackage: com.maybank2u.life.sit, appWaitActivity: *, autoGrantPermissions: true, automationName: uiautomator2, chromedriverPort: 57444, databaseEnabled: false, desired: {app: /Users/a00139272/Katalon St..., appActivity: com.maybank2u.life.MainActi..., appPackage: com.maybank2u.life.sit, appWaitActivity: *, autoGrantPermissions: true, automationName: uiautomator2, chromedriverPort: 57444, deviceId: 002b9cc60508, deviceName: Xiaomi 21061119AG (Android 11), fullReset: false, newCommandTimeout: 1800, noReset: true, platform: ANDROID, platformName: android, platformVersion: 11, systemPort: 57442, udid: 002b9cc60508}, deviceApiLevel: 30, deviceId: 002b9cc60508, deviceManufacturer: Xiaomi, deviceModel: 21061119AG, deviceName: 002b9cc60508, deviceScreenDensity: 440, deviceScreenSize: 1080x2400, deviceUDID: 002b9cc60508, fullReset: false, javascriptEnabled: true, locationContextEnabled: false, networkConnectionEnabled: true, newCommandTimeout: 1800, noReset: true, pixelRatio: 2.75, platform: ANDROID, platformName: Android, platformVersion: 11, statBarHeight: 103, systemPort: 57442, takesScreenshot: true, udid: 002b9cc60508, viewportRect: {height: 2064, left: 0, top: 103, width: 1080}, warnings: {}, webStorageEnabled: false}
Session ID: 97632def-2432-4199-ae87-a221ef5de28d
*** Element info: {Using=-android uiautomator, value=new UiScrollable(new UiSelector().scrollable(true).instance(0)).scrollIntoView(new UiSelector().textContains("PUBLIC BANK"))}
	at org.openqa.selenium.remote.http.W3CHttpResponseCodec.createException(W3CHttpResponseCodec.java:187)
	at org.openqa.selenium.remote.http.W3CHttpResponseCodec.decode(W3CHttpResponseCodec.java:122)
	at org.openqa.selenium.remote.http.W3CHttpResponseCodec.decode(W3CHttpResponseCodec.java:49)
	at org.openqa.selenium.remote.HttpCommandExecutor.execute(HttpCommandExecutor.java:158)
	at io.appium.java_client.remote.AppiumCommandExecutor.execute(AppiumCommandExecutor.java:239)
	at org.openqa.selenium.remote.RemoteWebDriver.execute(RemoteWebDriver.java:552)
	at io.appium.java_client.DefaultGenericMobileDriver.execute(DefaultGenericMobileDriver.java:42)
	at io.appium.java_client.AppiumDriver.execute(AppiumDriver.java:1)
	at io.appium.java_client.android.AndroidDriver.execute(AndroidDriver.java:1)
	at com.kms.katalon.core.appium.driver.SwipeableAndroidDriver.execute(SwipeableAndroidDriver.java:1)
	at org.openqa.selenium.remote.RemoteWebDriver.findElement(RemoteWebDriver.java:323)
	at io.appium.java_client.DefaultGenericMobileDriver.findElement(DefaultGenericMobileDriver.java:62)
	at io.appium.java_client.AppiumDriver.findElement(AppiumDriver.java:1)
	at io.appium.java_client.android.AndroidDriver.findElement(AndroidDriver.java:1)
	at com.kms.katalon.core.appium.driver.SwipeableAndroidDriver.findElement(SwipeableAndroidDriver.java:1)
	at io.appium.java_client.FindsByAndroidUIAutomator.findElementByAndroidUIAutomator(FindsByAndroidUIAutomator.java:38)
	at io.appium.java_client.FindsByAndroidUIAutomator$findElementByAndroidUIAutomator.call(Unknown Source)
	at com.kms.katalon.core.mobile.keyword.builtin.ScrollToTextKeyword$_scrollToText_closure1.doCall(ScrollToTextKeyword.groovy:62)
	at com.kms.katalon.core.mobile.keyword.builtin.ScrollToTextKeyword$_scrollToText_closure1.doCall(ScrollToTextKeyword.groovy)
	at com.kms.katalon.core.mobile.keyword.internal.MobileKeywordMain.runKeyword(MobileKeywordMain.groovy:21)
	at com.kms.katalon.core.mobile.keyword.internal.MobileKeywordMain$runKeyword.call(Unknown Source)
	at com.kms.katalon.core.mobile.keyword.builtin.ScrollToTextKeyword.scrollToText(ScrollToTextKeyword.groovy:85)
	at com.kms.katalon.core.mobile.keyword.builtin.ScrollToTextKeyword.execute(ScrollToTextKeyword.groovy:41)
	at com.kms.katalon.core.keyword.internal.KeywordExecutor.executeKeywordForPlatform(KeywordExecutor.groovy:74)
	at com.kms.katalon.core.mobile.keyword.MobileBuiltInKeywords.scrollToText(MobileBuiltInKeywords.groovy:1987)
	at com.kms.katalon.core.mobile.keyword.MobileBuiltInKeywords$scrollToText$9.call(Unknown Source)
	at transfer_instantTransferSetFav.run(transfer_instantTransferSetFav:91)
	at com.kms.katalon.core.main.ScriptEngine.run(ScriptEngine.java:194)
	at com.kms.katalon.core.main.ScriptEngine.runScriptAsRawText(ScriptEngine.java:119)
	at com.kms.katalon.core.main.TestCaseExecutor.runScript(TestCaseExecutor.java:445)
	at com.kms.katalon.core.main.TestCaseExecutor.doExecute(TestCaseExecutor.java:436)
	at com.kms.katalon.core.main.TestCaseExecutor.processExecutionPhase(TestCaseExecutor.java:415)
	at com.kms.katalon.core.main.TestCaseExecutor.accessMainPhase(TestCaseExecutor.java:407)
	at com.kms.katalon.core.main.TestCaseExecutor.execute(TestCaseExecutor.java:284)
	at com.kms.katalon.core.common.CommonExecutor.accessTestCaseMainPhase(CommonExecutor.java:65)
	at com.kms.katalon.core.main.TestSuiteExecutor.accessTestSuiteMainPhase(TestSuiteExecutor.java:144)
	at com.kms.katalon.core.main.TestSuiteExecutor.execute(TestSuiteExecutor.java:106)
	at com.kms.katalon.core.main.TestCaseMain.startTestSuite(TestCaseMain.java:185)
	at com.kms.katalon.core.main.TestCaseMain$startTestSuite$0.call(Unknown Source)
	at TempTestSuite1655784788947.run(TempTestSuite1655784788947.groovy:36)
)]]></system-out>
         <system-err><![CDATA[2022-06-21 12:32:08 - [TEST_CASE][FAILED] - Test Cases/Transfer/transfer_instantTransferSetFav: Test Cases/Transfer/transfer_instantTransferSetFav FAILED.
Reason:
com.kms.katalon.core.exception.StepFailedException: Unable to scroll to text 'PUBLIC BANK' (Root cause: org.openqa.selenium.NoSuchElementException: An element could not be located on the page using the given search parameters.
For documentation on this error, please visit: https://www.seleniumhq.org/exceptions/no_such_element.html
Build info: version: '3.141.59', revision: 'e82be7d358', time: '2018-11-14T08:25:53'
System info: host: '00139272s-MacBook-Pro.local', ip: '2001:e68:6167:4601:85f6:f1eb:65d1:8553%en0', os.name: 'Mac OS X', os.arch: 'x86_64', os.version: '10.16', java.version: '1.8.0_275'
Driver info: com.kms.katalon.core.appium.driver.SwipeableAndroidDriver
Capabilities {app: /Users/a00139272/Katalon St..., appActivity: com.maybank2u.life.MainActi..., appPackage: com.maybank2u.life.sit, appWaitActivity: *, autoGrantPermissions: true, automationName: uiautomator2, chromedriverPort: 57444, databaseEnabled: false, desired: {app: /Users/a00139272/Katalon St..., appActivity: com.maybank2u.life.MainActi..., appPackage: com.maybank2u.life.sit, appWaitActivity: *, autoGrantPermissions: true, automationName: uiautomator2, chromedriverPort: 57444, deviceId: 002b9cc60508, deviceName: Xiaomi 21061119AG (Android 11), fullReset: false, newCommandTimeout: 1800, noReset: true, platform: ANDROID, platformName: android, platformVersion: 11, systemPort: 57442, udid: 002b9cc60508}, deviceApiLevel: 30, deviceId: 002b9cc60508, deviceManufacturer: Xiaomi, deviceModel: 21061119AG, deviceName: 002b9cc60508, deviceScreenDensity: 440, deviceScreenSize: 1080x2400, deviceUDID: 002b9cc60508, fullReset: false, javascriptEnabled: true, locationContextEnabled: false, networkConnectionEnabled: true, newCommandTimeout: 1800, noReset: true, pixelRatio: 2.75, platform: ANDROID, platformName: Android, platformVersion: 11, statBarHeight: 103, systemPort: 57442, takesScreenshot: true, udid: 002b9cc60508, viewportRect: {height: 2064, left: 0, top: 103, width: 1080}, warnings: {}, webStorageEnabled: false}
Session ID: 97632def-2432-4199-ae87-a221ef5de28d
*** Element info: {Using=-android uiautomator, value=new UiScrollable(new UiSelector().scrollable(true).instance(0)).scrollIntoView(new UiSelector().textContains("PUBLIC BANK"))}
	at org.openqa.selenium.remote.http.W3CHttpResponseCodec.createException(W3CHttpResponseCodec.java:187)
	at org.openqa.selenium.remote.http.W3CHttpResponseCodec.decode(W3CHttpResponseCodec.java:122)
	at org.openqa.selenium.remote.http.W3CHttpResponseCodec.decode(W3CHttpResponseCodec.java:49)
	at org.openqa.selenium.remote.HttpCommandExecutor.execute(HttpCommandExecutor.java:158)
	at io.appium.java_client.remote.AppiumCommandExecutor.execute(AppiumCommandExecutor.java:239)
	at org.openqa.selenium.remote.RemoteWebDriver.execute(RemoteWebDriver.java:552)
	at io.appium.java_client.DefaultGenericMobileDriver.execute(DefaultGenericMobileDriver.java:42)
	at io.appium.java_client.AppiumDriver.execute(AppiumDriver.java:1)
	at io.appium.java_client.android.AndroidDriver.execute(AndroidDriver.java:1)
	at com.kms.katalon.core.appium.driver.SwipeableAndroidDriver.execute(SwipeableAndroidDriver.java:1)
	at org.openqa.selenium.remote.RemoteWebDriver.findElement(RemoteWebDriver.java:323)
	at io.appium.java_client.DefaultGenericMobileDriver.findElement(DefaultGenericMobileDriver.java:62)
	at io.appium.java_client.AppiumDriver.findElement(AppiumDriver.java:1)
	at io.appium.java_client.android.AndroidDriver.findElement(AndroidDriver.java:1)
	at com.kms.katalon.core.appium.driver.SwipeableAndroidDriver.findElement(SwipeableAndroidDriver.java:1)
	at io.appium.java_client.FindsByAndroidUIAutomator.findElementByAndroidUIAutomator(FindsByAndroidUIAutomator.java:38)
	at io.appium.java_client.FindsByAndroidUIAutomator$findElementByAndroidUIAutomator.call(Unknown Source)
	at com.kms.katalon.core.mobile.keyword.builtin.ScrollToTextKeyword$_scrollToText_closure1.doCall(ScrollToTextKeyword.groovy:62)
	at com.kms.katalon.core.mobile.keyword.builtin.ScrollToTextKeyword$_scrollToText_closure1.doCall(ScrollToTextKeyword.groovy)
	at com.kms.katalon.core.mobile.keyword.internal.MobileKeywordMain.runKeyword(MobileKeywordMain.groovy:21)
	at com.kms.katalon.core.mobile.keyword.internal.MobileKeywordMain$runKeyword.call(Unknown Source)
	at com.kms.katalon.core.mobile.keyword.builtin.ScrollToTextKeyword.scrollToText(ScrollToTextKeyword.groovy:85)
	at com.kms.katalon.core.mobile.keyword.builtin.ScrollToTextKeyword.execute(ScrollToTextKeyword.groovy:41)
	at com.kms.katalon.core.keyword.internal.KeywordExecutor.executeKeywordForPlatform(KeywordExecutor.groovy:74)
	at com.kms.katalon.core.mobile.keyword.MobileBuiltInKeywords.scrollToText(MobileBuiltInKeywords.groovy:1987)
	at com.kms.katalon.core.mobile.keyword.MobileBuiltInKeywords$scrollToText$9.call(Unknown Source)
	at transfer_instantTransferSetFav.run(transfer_instantTransferSetFav:91)
	at com.kms.katalon.core.main.ScriptEngine.run(ScriptEngine.java:194)
	at com.kms.katalon.core.main.ScriptEngine.runScriptAsRawText(ScriptEngine.java:119)
	at com.kms.katalon.core.main.TestCaseExecutor.runScript(TestCaseExecutor.java:445)
	at com.kms.katalon.core.main.TestCaseExecutor.doExecute(TestCaseExecutor.java:436)
	at com.kms.katalon.core.main.TestCaseExecutor.processExecutionPhase(TestCaseExecutor.java:415)
	at com.kms.katalon.core.main.TestCaseExecutor.accessMainPhase(TestCaseExecutor.java:407)
	at com.kms.katalon.core.main.TestCaseExecutor.execute(TestCaseExecutor.java:284)
	at com.kms.katalon.core.common.CommonExecutor.accessTestCaseMainPhase(CommonExecutor.java:65)
	at com.kms.katalon.core.main.TestSuiteExecutor.accessTestSuiteMainPhase(TestSuiteExecutor.java:144)
	at com.kms.katalon.core.main.TestSuiteExecutor.execute(TestSuiteExecutor.java:106)
	at com.kms.katalon.core.main.TestCaseMain.startTestSuite(TestCaseMain.java:185)
	at com.kms.katalon.core.main.TestCaseMain$startTestSuite$0.call(Unknown Source)
	at TempTestSuite1655784788947.run(TempTestSuite1655784788947.groovy:36)
)
	at com.kms.katalon.core.keyword.internal.KeywordMain.stepFailed(KeywordMain.groovy:50)
	at com.kms.katalon.core.mobile.keyword.internal.MobileKeywordMain.stepFailed(MobileKeywordMain.groovy:40)
	at com.kms.katalon.core.mobile.keyword.internal.MobileKeywordMain.runKeyword(MobileKeywordMain.groovy:23)
	at com.kms.katalon.core.mobile.keyword.internal.MobileKeywordMain$runKeyword.call(Unknown Source)
	at com.kms.katalon.core.mobile.keyword.builtin.ScrollToTextKeyword.scrollToText(ScrollToTextKeyword.groovy:85)
	at com.kms.katalon.core.mobile.keyword.builtin.ScrollToTextKeyword.execute(ScrollToTextKeyword.groovy:41)
	at com.kms.katalon.core.keyword.internal.KeywordExecutor.executeKeywordForPlatform(KeywordExecutor.groovy:74)
	at com.kms.katalon.core.mobile.keyword.MobileBuiltInKeywords.scrollToText(MobileBuiltInKeywords.groovy:1987)
	at com.kms.katalon.core.mobile.keyword.MobileBuiltInKeywords$scrollToText$9.call(Unknown Source)
	at transfer_instantTransferSetFav.run(transfer_instantTransferSetFav:91)
	at com.kms.katalon.core.main.ScriptEngine.run(ScriptEngine.java:194)
	at com.kms.katalon.core.main.ScriptEngine.runScriptAsRawText(ScriptEngine.java:119)
	at com.kms.katalon.core.main.TestCaseExecutor.runScript(TestCaseExecutor.java:445)
	at com.kms.katalon.core.main.TestCaseExecutor.doExecute(TestCaseExecutor.java:436)
	at com.kms.katalon.core.main.TestCaseExecutor.processExecutionPhase(TestCaseExecutor.java:415)
	at com.kms.katalon.core.main.TestCaseExecutor.accessMainPhase(TestCaseExecutor.java:407)
	at com.kms.katalon.core.main.TestCaseExecutor.execute(TestCaseExecutor.java:284)
	at com.kms.katalon.core.common.CommonExecutor.accessTestCaseMainPhase(CommonExecutor.java:65)
	at com.kms.katalon.core.main.TestSuiteExecutor.accessTestSuiteMainPhase(TestSuiteExecutor.java:144)
	at com.kms.katalon.core.main.TestSuiteExecutor.execute(TestSuiteExecutor.java:106)
	at com.kms.katalon.core.main.TestCaseMain.startTestSuite(TestCaseMain.java:185)
	at com.kms.katalon.core.main.TestCaseMain$startTestSuite$0.call(Unknown Source)
	at TempTestSuite1655784788947.run(TempTestSuite1655784788947.groovy:36)
Caused by: org.openqa.selenium.NoSuchElementException: An element could not be located on the page using the given search parameters.
For documentation on this error, please visit: https://www.seleniumhq.org/exceptions/no_such_element.html
Build info: version: '3.141.59', revision: 'e82be7d358', time: '2018-11-14T08:25:53'
System info: host: '00139272s-MacBook-Pro.local', ip: '2001:e68:6167:4601:85f6:f1eb:65d1:8553%en0', os.name: 'Mac OS X', os.arch: 'x86_64', os.version: '10.16', java.version: '1.8.0_275'
Driver info: com.kms.katalon.core.appium.driver.SwipeableAndroidDriver
Capabilities {app: /Users/a00139272/Katalon St..., appActivity: com.maybank2u.life.MainActi..., appPackage: com.maybank2u.life.sit, appWaitActivity: *, autoGrantPermissions: true, automationName: uiautomator2, chromedriverPort: 57444, databaseEnabled: false, desired: {app: /Users/a00139272/Katalon St..., appActivity: com.maybank2u.life.MainActi..., appPackage: com.maybank2u.life.sit, appWaitActivity: *, autoGrantPermissions: true, automationName: uiautomator2, chromedriverPort: 57444, deviceId: 002b9cc60508, deviceName: Xiaomi 21061119AG (Android 11), fullReset: false, newCommandTimeout: 1800, noReset: true, platform: ANDROID, platformName: android, platformVersion: 11, systemPort: 57442, udid: 002b9cc60508}, deviceApiLevel: 30, deviceId: 002b9cc60508, deviceManufacturer: Xiaomi, deviceModel: 21061119AG, deviceName: 002b9cc60508, deviceScreenDensity: 440, deviceScreenSize: 1080x2400, deviceUDID: 002b9cc60508, fullReset: false, javascriptEnabled: true, locationContextEnabled: false, networkConnectionEnabled: true, newCommandTimeout: 1800, noReset: true, pixelRatio: 2.75, platform: ANDROID, platformName: Android, platformVersion: 11, statBarHeight: 103, systemPort: 57442, takesScreenshot: true, udid: 002b9cc60508, viewportRect: {height: 2064, left: 0, top: 103, width: 1080}, warnings: {}, webStorageEnabled: false}
Session ID: 97632def-2432-4199-ae87-a221ef5de28d
*** Element info: {Using=-android uiautomator, value=new UiScrollable(new UiSelector().scrollable(true).instance(0)).scrollIntoView(new UiSelector().textContains("PUBLIC BANK"))}
	at org.openqa.selenium.remote.http.W3CHttpResponseCodec.createException(W3CHttpResponseCodec.java:187)
	at org.openqa.selenium.remote.http.W3CHttpResponseCodec.decode(W3CHttpResponseCodec.java:122)
	at org.openqa.selenium.remote.http.W3CHttpResponseCodec.decode(W3CHttpResponseCodec.java:49)
	at org.openqa.selenium.remote.HttpCommandExecutor.execute(HttpCommandExecutor.java:158)
	at io.appium.java_client.remote.AppiumCommandExecutor.execute(AppiumCommandExecutor.java:239)
	at org.openqa.selenium.remote.RemoteWebDriver.execute(RemoteWebDriver.java:552)
	at io.appium.java_client.DefaultGenericMobileDriver.execute(DefaultGenericMobileDriver.java:42)
	at io.appium.java_client.AppiumDriver.execute(AppiumDriver.java:1)
	at io.appium.java_client.android.AndroidDriver.execute(AndroidDriver.java:1)
	at com.kms.katalon.core.appium.driver.SwipeableAndroidDriver.execute(SwipeableAndroidDriver.java:1)
	at org.openqa.selenium.remote.RemoteWebDriver.findElement(RemoteWebDriver.java:323)
	at io.appium.java_client.DefaultGenericMobileDriver.findElement(DefaultGenericMobileDriver.java:62)
	at io.appium.java_client.AppiumDriver.findElement(AppiumDriver.java:1)
	at io.appium.java_client.android.AndroidDriver.findElement(AndroidDriver.java:1)
	at com.kms.katalon.core.appium.driver.SwipeableAndroidDriver.findElement(SwipeableAndroidDriver.java:1)
	at io.appium.java_client.FindsByAndroidUIAutomator.findElementByAndroidUIAutomator(FindsByAndroidUIAutomator.java:38)
	at io.appium.java_client.FindsByAndroidUIAutomator$findElementByAndroidUIAutomator.call(Unknown Source)
	at com.kms.katalon.core.mobile.keyword.builtin.ScrollToTextKeyword$_scrollToText_closure1.doCall(ScrollToTextKeyword.groovy:62)
	at com.kms.katalon.core.mobile.keyword.builtin.ScrollToTextKeyword$_scrollToText_closure1.doCall(ScrollToTextKeyword.groovy)
	at com.kms.katalon.core.mobile.keyword.internal.MobileKeywordMain.runKeyword(MobileKeywordMain.groovy:21)
	... 20 more]]></system-err>
      </testcase>
      <testcase name="Test Cases/Transfer/transfer_instantIBFTFav" time="377.955" classname="Test Cases/Transfer/transfer_instantIBFTFav" status="FAILED">
         <failure type="FAILED" message="Test Cases/Transfer/transfer_instantIBFTFav FAILED.
Reason:
com.kms.katalon.core.exception.StepFailedException: Element 'Object Repository/Transfer/transferConfirmationTransactionRecRefTxt' not found
	at com.kms.katalon.core.keyword.internal.KeywordMain.stepFailed(KeywordMain.groovy:39)
	at com.kms.katalon.core.mobile.keyword.internal.MobileKeywordMain.stepFailed(MobileKeywordMain.groovy:40)
	at com.kms.katalon.core.mobile.keyword.builtin.VerifyElementTextKeyword$_verifyElementText_closure1.doCall(VerifyElementTextKeyword.groovy:49)
	at com.kms.katalon.core.mobile.keyword.builtin.VerifyElementTextKeyword$_verifyElementText_closure1.call(VerifyElementTextKeyword.groovy)
	at com.kms.katalon.core.mobile.keyword.internal.MobileKeywordMain.runKeyword(MobileKeywordMain.groovy:21)
	at com.kms.katalon.core.mobile.keyword.builtin.VerifyElementTextKeyword.verifyElementText(VerifyElementTextKeyword.groovy:62)
	at com.kms.katalon.core.mobile.keyword.builtin.VerifyElementTextKeyword.execute(VerifyElementTextKeyword.groovy:39)
	at com.kms.katalon.core.keyword.internal.KeywordExecutor.executeKeywordForPlatform(KeywordExecutor.groovy:74)
	at com.kms.katalon.core.mobile.keyword.MobileBuiltInKeywords.verifyElementText(MobileBuiltInKeywords.groovy:2901)
	at com.kms.katalon.core.mobile.keyword.MobileBuiltInKeywords$verifyElementText$10.call(Unknown Source)
	at transfer_instantIBFTFav.run(transfer_instantIBFTFav:211)
	at com.kms.katalon.core.main.ScriptEngine.run(ScriptEngine.java:194)
	at com.kms.katalon.core.main.ScriptEngine.runScriptAsRawText(ScriptEngine.java:119)
	at com.kms.katalon.core.main.TestCaseExecutor.runScript(TestCaseExecutor.java:445)
	at com.kms.katalon.core.main.TestCaseExecutor.doExecute(TestCaseExecutor.java:436)
	at com.kms.katalon.core.main.TestCaseExecutor.processExecutionPhase(TestCaseExecutor.java:415)
	at com.kms.katalon.core.main.TestCaseExecutor.accessMainPhase(TestCaseExecutor.java:407)
	at com.kms.katalon.core.main.TestCaseExecutor.execute(TestCaseExecutor.java:284)
	at com.kms.katalon.core.common.CommonExecutor.accessTestCaseMainPhase(CommonExecutor.java:65)
	at com.kms.katalon.core.main.TestSuiteExecutor.accessTestSuiteMainPhase(TestSuiteExecutor.java:144)
	at com.kms.katalon.core.main.TestSuiteExecutor.execute(TestSuiteExecutor.java:106)
	at com.kms.katalon.core.main.TestCaseMain.startTestSuite(TestCaseMain.java:185)
	at com.kms.katalon.core.main.TestCaseMain$startTestSuite$0.call(Unknown Source)
	at TempTestSuite1655784788947.run(TempTestSuite1655784788947.groovy:36)
"/>
         <system-out><![CDATA[2022-06-21 12:35:20 - [TEST_CASE][FAILED] - Test Cases/Transfer/transfer_instantIBFTFav: Test Cases/Transfer/transfer_instantIBFTFav FAILED.
Reason:
com.kms.katalon.core.exception.StepFailedException: Element 'Object Repository/Transfer/transferConfirmationTransactionRecRefTxt' not found
	at com.kms.katalon.core.keyword.internal.KeywordMain.stepFailed(KeywordMain.groovy:39)
	at com.kms.katalon.core.mobile.keyword.internal.MobileKeywordMain.stepFailed(MobileKeywordMain.groovy:40)
	at com.kms.katalon.core.mobile.keyword.builtin.VerifyElementTextKeyword$_verifyElementText_closure1.doCall(VerifyElementTextKeyword.groovy:49)
	at com.kms.katalon.core.mobile.keyword.builtin.VerifyElementTextKeyword$_verifyElementText_closure1.call(VerifyElementTextKeyword.groovy)
	at com.kms.katalon.core.mobile.keyword.internal.MobileKeywordMain.runKeyword(MobileKeywordMain.groovy:21)
	at com.kms.katalon.core.mobile.keyword.builtin.VerifyElementTextKeyword.verifyElementText(VerifyElementTextKeyword.groovy:62)
	at com.kms.katalon.core.mobile.keyword.builtin.VerifyElementTextKeyword.execute(VerifyElementTextKeyword.groovy:39)
	at com.kms.katalon.core.keyword.internal.KeywordExecutor.executeKeywordForPlatform(KeywordExecutor.groovy:74)
	at com.kms.katalon.core.mobile.keyword.MobileBuiltInKeywords.verifyElementText(MobileBuiltInKeywords.groovy:2901)
	at com.kms.katalon.core.mobile.keyword.MobileBuiltInKeywords$verifyElementText$10.call(Unknown Source)
	at transfer_instantIBFTFav.run(transfer_instantIBFTFav:211)
	at com.kms.katalon.core.main.ScriptEngine.run(ScriptEngine.java:194)
	at com.kms.katalon.core.main.ScriptEngine.runScriptAsRawText(ScriptEngine.java:119)
	at com.kms.katalon.core.main.TestCaseExecutor.runScript(TestCaseExecutor.java:445)
	at com.kms.katalon.core.main.TestCaseExecutor.doExecute(TestCaseExecutor.java:436)
	at com.kms.katalon.core.main.TestCaseExecutor.processExecutionPhase(TestCaseExecutor.java:415)
	at com.kms.katalon.core.main.TestCaseExecutor.accessMainPhase(TestCaseExecutor.java:407)
	at com.kms.katalon.core.main.TestCaseExecutor.execute(TestCaseExecutor.java:284)
	at com.kms.katalon.core.common.CommonExecutor.accessTestCaseMainPhase(CommonExecutor.java:65)
	at com.kms.katalon.core.main.TestSuiteExecutor.accessTestSuiteMainPhase(TestSuiteExecutor.java:144)
	at com.kms.katalon.core.main.TestSuiteExecutor.execute(TestSuiteExecutor.java:106)
	at com.kms.katalon.core.main.TestCaseMain.startTestSuite(TestCaseMain.java:185)
	at com.kms.katalon.core.main.TestCaseMain$startTestSuite$0.call(Unknown Source)
	at TempTestSuite1655784788947.run(TempTestSuite1655784788947.groovy:36)


2022-06-21 12:35:20 - [TEST_STEP][PASSED] - device_Height = getDeviceHeight(): Current device physical height is 2167

2022-06-21 12:35:21 - [MESSAGE][PASSED] - Current device physical height is 2167

2022-06-21 12:35:21 - [TEST_STEP][PASSED] - device_Width = getDeviceWidth(): Current device physical width is 1080

2022-06-21 12:35:21 - [MESSAGE][PASSED] - Current device physical width is 1080

2022-06-21 12:35:21 - [TEST_STEP][PASSED] - startX = device_Width / 3: null

2022-06-21 12:35:21 - [TEST_STEP][PASSED] - startY = device_Height * 0.97: null

2022-06-21 12:35:21 - [TEST_STEP][PASSED] - delay(5): Delayed 5 second(s)

2022-06-21 12:35:26 - [MESSAGE][PASSED] - Delayed 5 second(s)

2022-06-21 12:35:26 - [TEST_STEP][PASSED] - verifyElementVisible(findTestObject("Banking/m2uAccountTransferIconSelect"), 0): Element 'Object Repository/Banking/m2uAccountTransferIconSelect' is visible

2022-06-21 12:35:26 - [MESSAGE][WARNING] - Timeout '0' is invalid. Using default page load timeout: '40'

2022-06-21 12:35:29 - [MESSAGE][PASSED] - Element 'Object Repository/Banking/m2uAccountTransferIconSelect' is visible

2022-06-21 12:35:29 - [TEST_STEP][PASSED] - tap(findTestObject("Banking/m2uAccountTransferIconSelect"), 0): Tapped on element 'Object Repository/Banking/m2uAccountTransferIconSelect'

2022-06-21 12:35:29 - [MESSAGE][WARNING] - Timeout '0' is invalid. Using default page load timeout: '40'

2022-06-21 12:35:29 - [MESSAGE][PASSED] - Tapped on element 'Object Repository/Banking/m2uAccountTransferIconSelect'

2022-06-21 12:35:29 - [TEST_STEP][PASSED] - tap(findTestObject("Banking/transferOthersTopMenuSelect"), 0): Tapped on element 'Object Repository/Banking/transferOthersTopMenuSelect'

2022-06-21 12:35:29 - [MESSAGE][WARNING] - Timeout '0' is invalid. Using default page load timeout: '40'

2022-06-21 12:36:30 - [MESSAGE][PASSED] - Tapped on element 'Object Repository/Banking/transferOthersTopMenuSelect'

2022-06-21 12:36:30 - [TEST_STEP][PASSED] - delay(3): Delayed 3 second(s)

2022-06-21 12:36:33 - [MESSAGE][PASSED] - Delayed 3 second(s)

2022-06-21 12:36:33 - [TEST_STEP][PASSED] - verifyElementText(findTestObject("Transfer/transferFavListAccNameTxt", ["accName":accName]), accName): Actual text and expected text of test object 'Object Repository/Transfer/transferFavListAccNameTxt' are matched.

2022-06-21 12:37:24 - [MESSAGE][PASSED] - Actual text and expected text of test object 'Object Repository/Transfer/transferFavListAccNameTxt' are matched.

2022-06-21 12:37:24 - [TEST_STEP][PASSED] - verifyElementText(findTestObject("Transfer/transferFavListAccNoTxt", ["accNo":accNo]), accNo): Actual text and expected text of test object 'Object Repository/Transfer/transferFavListAccNoTxt' are matched.

2022-06-21 12:38:14 - [MESSAGE][PASSED] - Actual text and expected text of test object 'Object Repository/Transfer/transferFavListAccNoTxt' are matched.

2022-06-21 12:38:14 - [TEST_STEP][PASSED] - verifyElementText(findTestObject("Transfer/transferFavListAccBankTxt", ["accBank":accBank]), accBank): Actual text and expected text of test object 'Object Repository/Transfer/transferFavListAccBankTxt' are matched.

2022-06-21 12:39:04 - [MESSAGE][PASSED] - Actual text and expected text of test object 'Object Repository/Transfer/transferFavListAccBankTxt' are matched.

2022-06-21 12:39:04 - [TEST_STEP][PASSED] - tap(findTestObject("Transfer/transferFavListAccNameTxt", ["accName":accName]), 0): Tapped on element 'Object Repository/Transfer/transferFavListAccNameTxt'

2022-06-21 12:39:05 - [MESSAGE][WARNING] - Timeout '0' is invalid. Using default page load timeout: '40'

2022-06-21 12:39:56 - [MESSAGE][PASSED] - Tapped on element 'Object Repository/Transfer/transferFavListAccNameTxt'

2022-06-21 12:39:56 - [TEST_STEP][PASSED] - delay(3): Delayed 3 second(s)

2022-06-21 12:39:59 - [MESSAGE][PASSED] - Delayed 3 second(s)

2022-06-21 12:39:59 - [TEST_STEP][PASSED] - verifyElementText(findTestObject("Transfer/transferAmounttAccNameTxt", ["accName":accName]), accName): Actual text and expected text of test object 'Object Repository/Transfer/transferAmounttAccNameTxt' are matched.

2022-06-21 12:39:59 - [MESSAGE][PASSED] - Actual text and expected text of test object 'Object Repository/Transfer/transferAmounttAccNameTxt' are matched.

2022-06-21 12:40:00 - [TEST_STEP][PASSED] - verifyElementText(findTestObject("Transfer/transferAmounttAccNoTxt", ["accNo":accNo]), accNo): Actual text and expected text of test object 'Object Repository/Transfer/transferAmounttAccNoTxt' are matched.

2022-06-21 12:40:00 - [MESSAGE][PASSED] - Actual text and expected text of test object 'Object Repository/Transfer/transferAmounttAccNoTxt' are matched.

2022-06-21 12:40:00 - [TEST_STEP][PASSED] - verifyElementText(findTestObject("Transfer/transferAmounttAccBankTxt", ["accBank":accBank]), accBank): Actual text and expected text of test object 'Object Repository/Transfer/transferAmounttAccBankTxt' are matched.

2022-06-21 12:40:00 - [MESSAGE][PASSED] - Actual text and expected text of test object 'Object Repository/Transfer/transferAmounttAccBankTxt' are matched.

2022-06-21 12:40:00 - [TEST_STEP][PASSED] - verifyElementExist(findTestObject("Transfer/transferAmountRMTxt"), 0): Element 'Object Repository/Transfer/transferAmountRMTxt' is exist

2022-06-21 12:40:00 - [MESSAGE][WARNING] - Timeout '0' is invalid. Using default page load timeout: '40'

2022-06-21 12:40:00 - [MESSAGE][PASSED] - Element 'Object Repository/Transfer/transferAmountRMTxt' is exist

2022-06-21 12:40:00 - [TEST_STEP][PASSED] - verifyElementExist(findTestObject("Transfer/transferAmountEnterAmountTitleTxt"), 0): Element 'Object Repository/Transfer/transferAmountEnterAmountTitleTxt' is exist

2022-06-21 12:40:00 - [MESSAGE][WARNING] - Timeout '0' is invalid. Using default page load timeout: '40'

2022-06-21 12:40:00 - [MESSAGE][PASSED] - Element 'Object Repository/Transfer/transferAmountEnterAmountTitleTxt' is exist

2022-06-21 12:40:00 - [TEST_STEP][PASSED] - trxAmount = value: null

2022-06-21 12:40:00 - [TEST_STEP][PASSED] - length = trxAmount.length(): null

2022-06-21 12:40:00 - [TEST_STEP][PASSED] - delay(5): Delayed 5 second(s)

2022-06-21 12:40:05 - [MESSAGE][PASSED] - Delayed 5 second(s)

2022-06-21 12:40:05 - [TEST_STEP][PASSED] - tapAtPosition(startX, startY): Tapped at [360, 2,101]

2022-06-21 12:40:06 - [MESSAGE][PASSED] - Tapped at [360, 2,101]

2022-06-21 12:40:06 - [TEST_STEP][PASSED] - for ([i = 0, i < length, (i++)]): null

2022-06-21 12:40:06 - [TEST_STEP][PASSED] - if (trxAmount[i] == "0"): null

2022-06-21 12:40:06 - [TEST_STEP][PASSED] - if (trxAmount[i] == "1"): null

2022-06-21 12:40:06 - [TEST_STEP][PASSED] - if (trxAmount[i] == "2"): null

2022-06-21 12:40:06 - [TEST_STEP][PASSED] - if (trxAmount[i] == "3"): Tapped on element 'Object Repository/Login Onboarding/PIN3'

2022-06-21 12:40:06 - [TEST_STEP][PASSED] - tap(findTestObject("Login Onboarding/PIN3"), 0): Tapped on element 'Object Repository/Login Onboarding/PIN3'

2022-06-21 12:40:06 - [MESSAGE][WARNING] - Timeout '0' is invalid. Using default page load timeout: '40'

2022-06-21 12:40:06 - [MESSAGE][PASSED] - Tapped on element 'Object Repository/Login Onboarding/PIN3'

2022-06-21 12:40:06 - [TEST_STEP][PASSED] - if (trxAmount[i] == "4"): null

2022-06-21 12:40:06 - [TEST_STEP][PASSED] - if (trxAmount[i] == "5"): null

2022-06-21 12:40:06 - [TEST_STEP][PASSED] - if (trxAmount[i] == "6"): null

2022-06-21 12:40:06 - [TEST_STEP][PASSED] - if (trxAmount[i] == "7"): null

2022-06-21 12:40:06 - [TEST_STEP][PASSED] - if (trxAmount[i] == "8"): null

2022-06-21 12:40:06 - [TEST_STEP][PASSED] - if (trxAmount[i] == "9"): null

2022-06-21 12:40:06 - [TEST_STEP][PASSED] - if (trxAmount[i] == "0"): Tapped on element 'Object Repository/Login Onboarding/PIN0'

2022-06-21 12:40:06 - [TEST_STEP][PASSED] - tap(findTestObject("Login Onboarding/PIN0"), 0): Tapped on element 'Object Repository/Login Onboarding/PIN0'

2022-06-21 12:40:06 - [MESSAGE][WARNING] - Timeout '0' is invalid. Using default page load timeout: '40'

2022-06-21 12:40:07 - [MESSAGE][PASSED] - Tapped on element 'Object Repository/Login Onboarding/PIN0'

2022-06-21 12:40:07 - [TEST_STEP][PASSED] - if (trxAmount[i] == "1"): null

2022-06-21 12:40:07 - [TEST_STEP][PASSED] - if (trxAmount[i] == "2"): null

2022-06-21 12:40:07 - [TEST_STEP][PASSED] - if (trxAmount[i] == "3"): null

2022-06-21 12:40:07 - [TEST_STEP][PASSED] - if (trxAmount[i] == "4"): null

2022-06-21 12:40:07 - [TEST_STEP][PASSED] - if (trxAmount[i] == "5"): null

2022-06-21 12:40:07 - [TEST_STEP][PASSED] - if (trxAmount[i] == "6"): null

2022-06-21 12:40:07 - [TEST_STEP][PASSED] - if (trxAmount[i] == "7"): null

2022-06-21 12:40:07 - [TEST_STEP][PASSED] - if (trxAmount[i] == "8"): null

2022-06-21 12:40:07 - [TEST_STEP][PASSED] - if (trxAmount[i] == "9"): null

2022-06-21 12:40:07 - [TEST_STEP][PASSED] - if (trxAmount[i] == "0"): Tapped on element 'Object Repository/Login Onboarding/PIN0'

2022-06-21 12:40:07 - [TEST_STEP][PASSED] - tap(findTestObject("Login Onboarding/PIN0"), 0): Tapped on element 'Object Repository/Login Onboarding/PIN0'

2022-06-21 12:40:07 - [MESSAGE][WARNING] - Timeout '0' is invalid. Using default page load timeout: '40'

2022-06-21 12:40:08 - [MESSAGE][PASSED] - Tapped on element 'Object Repository/Login Onboarding/PIN0'

2022-06-21 12:40:08 - [TEST_STEP][PASSED] - if (trxAmount[i] == "1"): null

2022-06-21 12:40:08 - [TEST_STEP][PASSED] - if (trxAmount[i] == "2"): null

2022-06-21 12:40:08 - [TEST_STEP][PASSED] - if (trxAmount[i] == "3"): null

2022-06-21 12:40:08 - [TEST_STEP][PASSED] - if (trxAmount[i] == "4"): null

2022-06-21 12:40:08 - [TEST_STEP][PASSED] - if (trxAmount[i] == "5"): null

2022-06-21 12:40:08 - [TEST_STEP][PASSED] - if (trxAmount[i] == "6"): null

2022-06-21 12:40:08 - [TEST_STEP][PASSED] - if (trxAmount[i] == "7"): null

2022-06-21 12:40:08 - [TEST_STEP][PASSED] - if (trxAmount[i] == "8"): null

2022-06-21 12:40:08 - [TEST_STEP][PASSED] - if (trxAmount[i] == "9"): null

2022-06-21 12:40:08 - [TEST_STEP][PASSED] - delay(3): Delayed 3 second(s)

2022-06-21 12:40:11 - [MESSAGE][PASSED] - Delayed 3 second(s)

2022-06-21 12:40:11 - [TEST_STEP][PASSED] - verifyElementText(findTestObject("Transfer/transferAmountInputValueTxt", ["value":checkValue]), checkValue): Actual text and expected text of test object 'Object Repository/Transfer/transferAmountInputValueTxt' are matched.

2022-06-21 12:40:11 - [MESSAGE][PASSED] - Actual text and expected text of test object 'Object Repository/Transfer/transferAmountInputValueTxt' are matched.

2022-06-21 12:40:11 - [TEST_STEP][PASSED] - delay(3): Delayed 3 second(s)

2022-06-21 12:40:14 - [MESSAGE][PASSED] - Delayed 3 second(s)

2022-06-21 12:40:14 - [TEST_STEP][PASSED] - tap(findTestObject("Login Onboarding/loginPinTickBtn"), 0): Tapped on element 'Object Repository/Login Onboarding/loginPinTickBtn'

2022-06-21 12:40:14 - [MESSAGE][WARNING] - Timeout '0' is invalid. Using default page load timeout: '40'

2022-06-21 12:40:15 - [MESSAGE][PASSED] - Tapped on element 'Object Repository/Login Onboarding/loginPinTickBtn'

2022-06-21 12:40:15 - [TEST_STEP][PASSED] - delay(3): Delayed 3 second(s)

2022-06-21 12:40:18 - [MESSAGE][PASSED] - Delayed 3 second(s)

2022-06-21 12:40:18 - [TEST_STEP][PASSED] - verifyElementText(findTestObject("Transfer/transferReferenceAccNameTxt", ["accName":accName]), accName): Actual text and expected text of test object 'Object Repository/Transfer/transferReferenceAccNameTxt' are matched.

2022-06-21 12:40:18 - [MESSAGE][PASSED] - Actual text and expected text of test object 'Object Repository/Transfer/transferReferenceAccNameTxt' are matched.

2022-06-21 12:40:18 - [TEST_STEP][PASSED] - verifyElementText(findTestObject("Transfer/transferReferenceAccNoTxt", ["accNo":accNo]), accNo): Actual text and expected text of test object 'Object Repository/Transfer/transferReferenceAccNoTxt' are matched.

2022-06-21 12:40:18 - [MESSAGE][PASSED] - Actual text and expected text of test object 'Object Repository/Transfer/transferReferenceAccNoTxt' are matched.

2022-06-21 12:40:18 - [TEST_STEP][PASSED] - verifyElementText(findTestObject("Transfer/transferReferenceAccBankTxt", ["accBank":accBank]), accBank): Actual text and expected text of test object 'Object Repository/Transfer/transferReferenceAccBankTxt' are matched.

2022-06-21 12:40:18 - [MESSAGE][PASSED] - Actual text and expected text of test object 'Object Repository/Transfer/transferReferenceAccBankTxt' are matched.

2022-06-21 12:40:18 - [TEST_STEP][PASSED] - verifyElementExist(findTestObject("Transfer/transferReferenceInputField"), 0): Element 'Object Repository/Transfer/transferReferenceInputField' is exist

2022-06-21 12:40:18 - [MESSAGE][WARNING] - Timeout '0' is invalid. Using default page load timeout: '40'

2022-06-21 12:40:18 - [MESSAGE][PASSED] - Element 'Object Repository/Transfer/transferReferenceInputField' is exist

2022-06-21 12:40:18 - [TEST_STEP][PASSED] - setText(findTestObject("Banking/transferReferenceInputField"), reference, 0): Text 'IBFTInstantFav' has been set to element 'Object Repository/Banking/transferReferenceInputField'

2022-06-21 12:40:18 - [MESSAGE][WARNING] - Timeout '0' is invalid. Using default page load timeout: '40'

2022-06-21 12:40:19 - [MESSAGE][PASSED] - Text 'IBFTInstantFav' has been set to element 'Object Repository/Banking/transferReferenceInputField'

2022-06-21 12:40:19 - [TEST_STEP][PASSED] - hideKeyboard(): Keyboard is hidden

2022-06-21 12:40:21 - [MESSAGE][PASSED] - Keyboard is hidden

2022-06-21 12:40:21 - [TEST_STEP][PASSED] - verifyElementText(findTestObject("Transfer/transferReferenceInputFieldAfter", ["reference":reference]), reference): Actual text and expected text of test object 'Object Repository/Transfer/transferReferenceInputFieldAfter' are matched.

2022-06-21 12:40:21 - [MESSAGE][PASSED] - Actual text and expected text of test object 'Object Repository/Transfer/transferReferenceInputFieldAfter' are matched.

2022-06-21 12:40:21 - [TEST_STEP][PASSED] - tap(findTestObject("Login Onboarding/loginExistingContinueBtn"), 0): Tapped on element 'Object Repository/Login Onboarding/loginExistingContinueBtn'

2022-06-21 12:40:21 - [MESSAGE][WARNING] - Timeout '0' is invalid. Using default page load timeout: '40'

2022-06-21 12:40:22 - [MESSAGE][PASSED] - Tapped on element 'Object Repository/Login Onboarding/loginExistingContinueBtn'

2022-06-21 12:40:22 - [TEST_STEP][PASSED] - verifyElementText(findTestObject("Transfer/transferReferenceAccNameTxt", ["accName":accName]), accName): Actual text and expected text of test object 'Object Repository/Transfer/transferReferenceAccNameTxt' are matched.

2022-06-21 12:40:22 - [MESSAGE][PASSED] - Actual text and expected text of test object 'Object Repository/Transfer/transferReferenceAccNameTxt' are matched.

2022-06-21 12:40:22 - [TEST_STEP][PASSED] - verifyElementText(findTestObject("Transfer/transferReferenceAccNoTxt", ["accNo":accNo]), accNo): Actual text and expected text of test object 'Object Repository/Transfer/transferReferenceAccNoTxt' are matched.

2022-06-21 12:40:22 - [MESSAGE][PASSED] - Actual text and expected text of test object 'Object Repository/Transfer/transferReferenceAccNoTxt' are matched.

2022-06-21 12:40:22 - [TEST_STEP][PASSED] - verifyElementText(findTestObject("Transfer/transferReferenceAccBankTxt", ["accBank":accBank]), accBank): Actual text and expected text of test object 'Object Repository/Transfer/transferReferenceAccBankTxt' are matched.

2022-06-21 12:40:22 - [MESSAGE][PASSED] - Actual text and expected text of test object 'Object Repository/Transfer/transferReferenceAccBankTxt' are matched.

2022-06-21 12:40:22 - [TEST_STEP][PASSED] - verifyElementExist(findTestObject("Transfer/instantTransferModeDuitTxt", ["mode":initialMode]), 0): Element 'Object Repository/Transfer/instantTransferModeDuitTxt' is exist

2022-06-21 12:40:22 - [MESSAGE][WARNING] - Timeout '0' is invalid. Using default page load timeout: '40'

2022-06-21 12:40:30 - [MESSAGE][PASSED] - Element 'Object Repository/Transfer/instantTransferModeDuitTxt' is exist

2022-06-21 12:40:30 - [TEST_STEP][PASSED] - verifyElementExist(findTestObject("Transfer/instantTransferModeTitleTxt"), 0): Element 'Object Repository/Transfer/instantTransferModeTitleTxt' is exist

2022-06-21 12:40:30 - [MESSAGE][WARNING] - Timeout '0' is invalid. Using default page load timeout: '40'

2022-06-21 12:40:30 - [MESSAGE][PASSED] - Element 'Object Repository/Transfer/instantTransferModeTitleTxt' is exist

2022-06-21 12:40:30 - [TEST_STEP][PASSED] - verifyElementExist(findTestObject("Transfer/instantTransferTypeFundTxt"), 0): Element 'Object Repository/Transfer/instantTransferTypeFundTxt' is exist

2022-06-21 12:40:30 - [MESSAGE][WARNING] - Timeout '0' is invalid. Using default page load timeout: '40'

2022-06-21 12:40:31 - [MESSAGE][PASSED] - Element 'Object Repository/Transfer/instantTransferTypeFundTxt' is exist

2022-06-21 12:40:31 - [TEST_STEP][PASSED] - verifyElementExist(findTestObject("Transfer/instantTransferTypeTitleTxt"), 0): Element 'Object Repository/Transfer/instantTransferTypeTitleTxt' is exist

2022-06-21 12:40:31 - [MESSAGE][WARNING] - Timeout '0' is invalid. Using default page load timeout: '40'

2022-06-21 12:40:31 - [MESSAGE][PASSED] - Element 'Object Repository/Transfer/instantTransferTypeTitleTxt' is exist

2022-06-21 12:40:31 - [TEST_STEP][PASSED] - tap(findTestObject("Login Onboarding/loginExistingContinueBtn"), 0): Tapped on element 'Object Repository/Login Onboarding/loginExistingContinueBtn'

2022-06-21 12:40:31 - [MESSAGE][WARNING] - Timeout '0' is invalid. Using default page load timeout: '40'

2022-06-21 12:40:31 - [MESSAGE][PASSED] - Tapped on element 'Object Repository/Login Onboarding/loginExistingContinueBtn'

2022-06-21 12:40:31 - [TEST_STEP][PASSED] - verifyElementText(findTestObject("Transfer/transferConfirmationTransactionDateTxt"), trxDate): Actual text and expected text of test object 'Object Repository/Transfer/transferConfirmationTransactionDateTxt' are matched.

2022-06-21 12:40:37 - [MESSAGE][PASSED] - Actual text and expected text of test object 'Object Repository/Transfer/transferConfirmationTransactionDateTxt' are matched.

2022-06-21 12:40:37 - [TEST_STEP][PASSED] - verifyElementText(findTestObject("Transfer/transferConfirmationAccountNameTxt", ["accName":accName]), accName): Actual text and expected text of test object 'Object Repository/Transfer/transferConfirmationAccountNameTxt' are matched.

2022-06-21 12:40:37 - [MESSAGE][PASSED] - Actual text and expected text of test object 'Object Repository/Transfer/transferConfirmationAccountNameTxt' are matched.

2022-06-21 12:40:37 - [TEST_STEP][PASSED] - verifyElementText(findTestObject("Transfer/transferConfirmationAccountNoTxt", ["accNo":accNo]), accNo): Actual text and expected text of test object 'Object Repository/Transfer/transferConfirmationAccountNoTxt' are matched.

2022-06-21 12:40:37 - [MESSAGE][PASSED] - Actual text and expected text of test object 'Object Repository/Transfer/transferConfirmationAccountNoTxt' are matched.

2022-06-21 12:40:37 - [TEST_STEP][PASSED] - verifyElementText(findTestObject("Transfer/transferConfirmationAmountTxt", ["amount":amount]), amount): Actual text and expected text of test object 'Object Repository/Transfer/transferConfirmationAmountTxt' are matched.

2022-06-21 12:40:37 - [MESSAGE][PASSED] - Actual text and expected text of test object 'Object Repository/Transfer/transferConfirmationAmountTxt' are matched.

2022-06-21 12:40:37 - [TEST_STEP][FAILED] - verifyElementText(findTestObject("Transfer/transferConfirmationTransactionRecRefTxt", ["referenceC":reference]), reference): Element 'Object Repository/Transfer/transferConfirmationTransactionRecRefTxt' not found

2022-06-21 12:41:17 - [MESSAGE][FAILED] - Element 'Object Repository/Transfer/transferConfirmationTransactionRecRefTxt' not found

2022-06-21 12:41:17 - [TEST_STEP][PASSED] - verifyElementText(findTestObject("Transfer/transferConfirmationTransactionBankTxt", ["accBank":accBank]), accBank): Actual text and expected text of test object 'Object Repository/Transfer/transferConfirmationTransactionBankTxt' are matched.

2022-06-21 12:41:18 - [MESSAGE][PASSED] - Actual text and expected text of test object 'Object Repository/Transfer/transferConfirmationTransactionBankTxt' are matched.

2022-06-21 12:41:18 - [TEST_STEP][PASSED] - verifyElementText(findTestObject("Transfer/transferConfirmationOptionalGreyWordTxt"), "Optional"): Actual text and expected text of test object 'Object Repository/Transfer/transferConfirmationOptionalGreyWordTxt' are matched.

2022-06-21 12:41:18 - [MESSAGE][PASSED] - Actual text and expected text of test object 'Object Repository/Transfer/transferConfirmationOptionalGreyWordTxt' are matched.

2022-06-21 12:41:18 - [TEST_STEP][PASSED] - verifyElementText(findTestObject("Transfer/instantTransferConfirmationTransactionTypeTxt"), trxType): Actual text and expected text of test object 'Object Repository/Transfer/instantTransferConfirmationTransactionTypeTxt' are matched.

2022-06-21 12:41:18 - [MESSAGE][PASSED] - Actual text and expected text of test object 'Object Repository/Transfer/instantTransferConfirmationTransactionTypeTxt' are matched.

2022-06-21 12:41:18 - [TEST_STEP][PASSED] - verifyElementText(findTestObject("Transfer/instantTransferConfirmationTransactionModeTxt", ["modeC":initialMode]), initialMode): Actual text and expected text of test object 'Object Repository/Transfer/instantTransferConfirmationTransactionModeTxt' are matched.

2022-06-21 12:41:18 - [MESSAGE][PASSED] - Actual text and expected text of test object 'Object Repository/Transfer/instantTransferConfirmationTransactionModeTxt' are matched.

2022-06-21 12:41:18 - [TEST_STEP][PASSED] - verifyElementText(findTestObject("Transfer/instantTransferConfirmationTransactionServiceTxt"), "RM 0.00"): Actual text and expected text of test object 'Object Repository/Transfer/instantTransferConfirmationTransactionServiceTxt' are matched.

2022-06-21 12:41:18 - [MESSAGE][PASSED] - Actual text and expected text of test object 'Object Repository/Transfer/instantTransferConfirmationTransactionServiceTxt' are matched.

2022-06-21 12:41:18 - [TEST_STEP][PASSED] - verifyElementExist(findTestObject("Transfer/transferConfirmationBankNameTitleTxt"), 0): Element 'Object Repository/Transfer/transferConfirmationBankNameTitleTxt' is exist

2022-06-21 12:41:18 - [MESSAGE][WARNING] - Timeout '0' is invalid. Using default page load timeout: '40'

2022-06-21 12:41:19 - [MESSAGE][PASSED] - Element 'Object Repository/Transfer/transferConfirmationBankNameTitleTxt' is exist

2022-06-21 12:41:19 - [TEST_STEP][PASSED] - verifyElementExist(findTestObject("Transfer/transferConfirmationDateTitleTxt"), 0): Element 'Object Repository/Transfer/transferConfirmationDateTitleTxt' is exist

2022-06-21 12:41:19 - [MESSAGE][WARNING] - Timeout '0' is invalid. Using default page load timeout: '40'

2022-06-21 12:41:19 - [MESSAGE][PASSED] - Element 'Object Repository/Transfer/transferConfirmationDateTitleTxt' is exist

2022-06-21 12:41:19 - [TEST_STEP][PASSED] - verifyElementExist(findTestObject("Transfer/transferConfirmationRecRefTitleTxt"), 0): Element 'Object Repository/Transfer/transferConfirmationRecRefTitleTxt' is exist

2022-06-21 12:41:19 - [MESSAGE][WARNING] - Timeout '0' is invalid. Using default page load timeout: '40'

2022-06-21 12:41:19 - [MESSAGE][PASSED] - Element 'Object Repository/Transfer/transferConfirmationRecRefTitleTxt' is exist

2022-06-21 12:41:19 - [TEST_STEP][PASSED] - verifyElementExist(findTestObject("Transfer/transferConfirmationPaymentDetailsTitleTxt"), 0): Element 'Object Repository/Transfer/transferConfirmationPaymentDetailsTitleTxt' is exist

2022-06-21 12:41:19 - [MESSAGE][WARNING] - Timeout '0' is invalid. Using default page load timeout: '40'

2022-06-21 12:41:19 - [MESSAGE][PASSED] - Element 'Object Repository/Transfer/transferConfirmationPaymentDetailsTitleTxt' is exist

2022-06-21 12:41:19 - [TEST_STEP][PASSED] - verifyElementExist(findTestObject("Transfer/instantTransferConfirmationModeTitleTxt"), 0): Element 'Object Repository/Transfer/instantTransferConfirmationModeTitleTxt' is exist

2022-06-21 12:41:19 - [MESSAGE][WARNING] - Timeout '0' is invalid. Using default page load timeout: '40'

2022-06-21 12:41:19 - [MESSAGE][PASSED] - Element 'Object Repository/Transfer/instantTransferConfirmationModeTitleTxt' is exist

2022-06-21 12:41:19 - [TEST_STEP][PASSED] - verifyElementExist(findTestObject("Transfer/instantTransferConfirmationServiceFeeTitleTxt"), 0): Element 'Object Repository/Transfer/instantTransferConfirmationServiceFeeTitleTxt' is exist

2022-06-21 12:41:19 - [MESSAGE][WARNING] - Timeout '0' is invalid. Using default page load timeout: '40'

2022-06-21 12:41:20 - [MESSAGE][PASSED] - Element 'Object Repository/Transfer/instantTransferConfirmationServiceFeeTitleTxt' is exist

2022-06-21 12:41:20 - [TEST_STEP][PASSED] - verifyElementExist(findTestObject("Transfer/instantTransferConfirmationTypeTitleTxt"), 0): Element 'Object Repository/Transfer/instantTransferConfirmationTypeTitleTxt' is exist

2022-06-21 12:41:20 - [MESSAGE][WARNING] - Timeout '0' is invalid. Using default page load timeout: '40'

2022-06-21 12:41:20 - [MESSAGE][PASSED] - Element 'Object Repository/Transfer/instantTransferConfirmationTypeTitleTxt' is exist

2022-06-21 12:41:20 - [TEST_STEP][PASSED] - verifyElementExist(findTestObject("Transfer/transferConfirmationNoteTitleTxt"), 0): Element 'Object Repository/Transfer/transferConfirmationNoteTitleTxt' is exist

2022-06-21 12:41:20 - [MESSAGE][WARNING] - Timeout '0' is invalid. Using default page load timeout: '40'

2022-06-21 12:41:20 - [MESSAGE][PASSED] - Element 'Object Repository/Transfer/transferConfirmationNoteTitleTxt' is exist

2022-06-21 12:41:20 - [TEST_STEP][PASSED] - tap(findTestObject("Transfer/transferConfirmationOptionalGreyWordTxt"), 0): Tapped on element 'Object Repository/Transfer/transferConfirmationOptionalGreyWordTxt'

2022-06-21 12:41:20 - [MESSAGE][WARNING] - Timeout '0' is invalid. Using default page load timeout: '40'

2022-06-21 12:41:20 - [MESSAGE][PASSED] - Tapped on element 'Object Repository/Transfer/transferConfirmationOptionalGreyWordTxt'

2022-06-21 12:41:20 - [TEST_STEP][PASSED] - setText(findTestObject("Transfer/transferConfirmationDetailsInputField"), details, 0): Text 'Test Fav' has been set to element 'Object Repository/Transfer/transferConfirmationDetailsInputField'

2022-06-21 12:41:20 - [MESSAGE][WARNING] - Timeout '0' is invalid. Using default page load timeout: '40'

2022-06-21 12:41:23 - [MESSAGE][PASSED] - Text 'Test Fav' has been set to element 'Object Repository/Transfer/transferConfirmationDetailsInputField'

2022-06-21 12:41:23 - [TEST_STEP][PASSED] - hideKeyboard(): Keyboard is hidden

2022-06-21 12:41:24 - [MESSAGE][PASSED] - Keyboard is hidden

2022-06-21 12:41:24 - [TEST_STEP][PASSED] - verifyElementText(findTestObject("Transfer/transferConfirmationOptionalGreyWordTxt"), details): Actual text and expected text of test object 'Object Repository/Transfer/transferConfirmationOptionalGreyWordTxt' are matched.

2022-06-21 12:41:25 - [MESSAGE][PASSED] - Actual text and expected text of test object 'Object Repository/Transfer/transferConfirmationOptionalGreyWordTxt' are matched.

2022-06-21 12:41:25 - [TEST_STEP][PASSED] - device_Height_2 = getDeviceHeight(): Current device physical height is 2167

2022-06-21 12:41:25 - [MESSAGE][PASSED] - Current device physical height is 2167

2022-06-21 12:41:25 - [TEST_STEP][PASSED] - device_Width_2 = getDeviceWidth(): Current device physical width is 1080

2022-06-21 12:41:25 - [MESSAGE][PASSED] - Current device physical width is 1080

2022-06-21 12:41:25 - [TEST_STEP][PASSED] - startX_2 = device_Width_2 / 2: null

2022-06-21 12:41:25 - [TEST_STEP][PASSED] - endX_2 = startX_2: null

2022-06-21 12:41:25 - [TEST_STEP][PASSED] - startY_2 = device_Height_2 * 0.30: null

2022-06-21 12:41:25 - [TEST_STEP][PASSED] - endY_2 = device_Height_2 * 0.70: null

2022-06-21 12:41:25 - [TEST_STEP][PASSED] - swipe(startX_2, endY_2, endX_2, startY_2): Swiped from 540,1,516 to 540,650

2022-06-21 12:41:26 - [MESSAGE][PASSED] - Swiped from 540,1,516 to 540,650

2022-06-21 12:41:26 - [TEST_STEP][PASSED] - verifyElementExist(findTestObject("Transfer/instantTransferConfirmationNotes1Txt"), 0): Element 'Object Repository/Transfer/instantTransferConfirmationNotes1Txt' is exist

2022-06-21 12:41:26 - [MESSAGE][WARNING] - Timeout '0' is invalid. Using default page load timeout: '40'

2022-06-21 12:41:26 - [MESSAGE][PASSED] - Element 'Object Repository/Transfer/instantTransferConfirmationNotes1Txt' is exist

2022-06-21 12:41:26 - [TEST_STEP][PASSED] - verifyElementExist(findTestObject("Transfer/transferConfirmationFTransferFromTitleTxt"), 0): Element 'Object Repository/Transfer/transferConfirmationFTransferFromTitleTxt' is exist

2022-06-21 12:41:26 - [MESSAGE][WARNING] - Timeout '0' is invalid. Using default page load timeout: '40'

2022-06-21 12:41:26 - [MESSAGE][PASSED] - Element 'Object Repository/Transfer/transferConfirmationFTransferFromTitleTxt' is exist

2022-06-21 12:41:26 - [TEST_STEP][PASSED] - verifyElementExist(findTestObject("Transfer/instantTransferConfirmationNotes2Txt"), 0): Element 'Object Repository/Transfer/instantTransferConfirmationNotes2Txt' is exist

2022-06-21 12:41:26 - [MESSAGE][WARNING] - Timeout '0' is invalid. Using default page load timeout: '40'

2022-06-21 12:41:26 - [MESSAGE][PASSED] - Element 'Object Repository/Transfer/instantTransferConfirmationNotes2Txt' is exist

2022-06-21 12:41:26 - [TEST_STEP][PASSED] - verifyElementText(findTestObject("Transfer/transferConfirmationFromAccTypeTxt", ["accType":accType]), accType): Actual text and expected text of test object 'Object Repository/Transfer/transferConfirmationFromAccTypeTxt' are matched.

2022-06-21 12:41:27 - [MESSAGE][PASSED] - Actual text and expected text of test object 'Object Repository/Transfer/transferConfirmationFromAccTypeTxt' are matched.

2022-06-21 12:41:27 - [TEST_STEP][PASSED] - verifyElementText(findTestObject("Transfer/transferConfirmationFromAccNoTxt", ["accNoFrom":accNoFrom]), accNoFrom): Actual text and expected text of test object 'Object Repository/Transfer/transferConfirmationFromAccNoTxt' are matched.

2022-06-21 12:41:27 - [MESSAGE][PASSED] - Actual text and expected text of test object 'Object Repository/Transfer/transferConfirmationFromAccNoTxt' are matched.

2022-06-21 12:41:27 - [TEST_STEP][PASSED] - verifyElementExist(findTestObject("Transfer/transferConfirmationFromAccBalanceTxt"), 0): Element 'Object Repository/Transfer/transferConfirmationFromAccBalanceTxt' is exist

2022-06-21 12:41:27 - [MESSAGE][WARNING] - Timeout '0' is invalid. Using default page load timeout: '40'

2022-06-21 12:41:27 - [MESSAGE][PASSED] - Element 'Object Repository/Transfer/transferConfirmationFromAccBalanceTxt' is exist

2022-06-21 12:41:27 - [TEST_STEP][PASSED] - accountBalance = getText(findTestObject("Transfer/transferConfirmationFromAccBalanceTxt"), 0): Text of element 'Object Repository/Transfer/transferConfirmationFromAccBalanceTxt' is: 'RM 1,389.07'

2022-06-21 12:41:27 - [MESSAGE][WARNING] - Timeout '0' is invalid. Using default page load timeout: '40'

2022-06-21 12:41:27 - [MESSAGE][PASSED] - Text of element 'Object Repository/Transfer/transferConfirmationFromAccBalanceTxt' is: 'RM 1,389.07'

2022-06-21 12:41:27 - [TEST_STEP][PASSED] - println(accountBalance): null

2022-06-21 12:41:27 - [TEST_STEP][PASSED] - tap(findTestObject("Main/mainTransferNowBtn"), 0): Tapped on element 'Object Repository/Main/mainTransferNowBtn'

2022-06-21 12:41:27 - [MESSAGE][WARNING] - Timeout '0' is invalid. Using default page load timeout: '40'

2022-06-21 12:41:27 - [MESSAGE][PASSED] - Tapped on element 'Object Repository/Main/mainTransferNowBtn'

2022-06-21 12:41:27 - [TEST_STEP][PASSED] - delay(10): Delayed 10 second(s)

2022-06-21 12:41:37 - [MESSAGE][PASSED] - Delayed 10 second(s)

2022-06-21 12:41:37 - [TEST_STEP][PASSED] - verifyElementExist(findTestObject("Festive Season/returnAngpaoStatusMessageTxt"), 0): Element 'Object Repository/Festive Season/returnAngpaoStatusMessageTxt' is exist

2022-06-21 12:41:38 - [MESSAGE][WARNING] - Timeout '0' is invalid. Using default page load timeout: '40'

2022-06-21 12:41:38 - [MESSAGE][PASSED] - Element 'Object Repository/Festive Season/returnAngpaoStatusMessageTxt' is exist

2022-06-21 12:41:38 - [TEST_STEP][PASSED] - message = getText(findTestObject("Festive Season/returnAngpaoStatusMessageTxt"), 10): Text of element 'Object Repository/Festive Season/returnAngpaoStatusMessageTxt' is: 'Transfer mode'

2022-06-21 12:41:38 - [MESSAGE][PASSED] - Text of element 'Object Repository/Festive Season/returnAngpaoStatusMessageTxt' is: 'Transfer mode'

2022-06-21 12:41:38 - [TEST_STEP][PASSED] - println(message): null

2022-06-21 12:41:38 - [TEST_STEP][FAILED] - assert message == successTransactionMessage: Test Cases/Transfer/transfer_instantIBFTFav FAILED.
Reason:
Assertion failed: 

assert message == successTransactionMessage
       |       |  |
       |       |  Transfer successful
       |       false
       Transfer mode

	at transfer_instantIBFTFav.run(transfer_instantIBFTFav:289)
	at com.kms.katalon.core.main.ScriptEngine.run(ScriptEngine.java:194)
	at com.kms.katalon.core.main.ScriptEngine.runScriptAsRawText(ScriptEngine.java:119)
	at com.kms.katalon.core.main.TestCaseExecutor.runScript(TestCaseExecutor.java:445)
	at com.kms.katalon.core.main.TestCaseExecutor.doExecute(TestCaseExecutor.java:436)
	at com.kms.katalon.core.main.TestCaseExecutor.processExecutionPhase(TestCaseExecutor.java:415)
	at com.kms.katalon.core.main.TestCaseExecutor.accessMainPhase(TestCaseExecutor.java:407)
	at com.kms.katalon.core.main.TestCaseExecutor.execute(TestCaseExecutor.java:284)
	at com.kms.katalon.core.common.CommonExecutor.accessTestCaseMainPhase(CommonExecutor.java:65)
	at com.kms.katalon.core.main.TestSuiteExecutor.accessTestSuiteMainPhase(TestSuiteExecutor.java:144)
	at com.kms.katalon.core.main.TestSuiteExecutor.execute(TestSuiteExecutor.java:106)
	at com.kms.katalon.core.main.TestCaseMain.startTestSuite(TestCaseMain.java:185)
	at com.kms.katalon.core.main.TestCaseMain$startTestSuite$0.call(Unknown Source)
	at TempTestSuite1655784788947.run(TempTestSuite1655784788947.groovy:36)


2022-06-21 12:41:38 - [MESSAGE][FAILED] - Test Cases/Transfer/transfer_instantIBFTFav FAILED.
Reason:
Assertion failed: 

assert message == successTransactionMessage
       |       |  |
       |       |  Transfer successful
       |       false
       Transfer mode

	at transfer_instantIBFTFav.run(transfer_instantIBFTFav:289)
	at com.kms.katalon.core.main.ScriptEngine.run(ScriptEngine.java:194)
	at com.kms.katalon.core.main.ScriptEngine.runScriptAsRawText(ScriptEngine.java:119)
	at com.kms.katalon.core.main.TestCaseExecutor.runScript(TestCaseExecutor.java:445)
	at com.kms.katalon.core.main.TestCaseExecutor.doExecute(TestCaseExecutor.java:436)
	at com.kms.katalon.core.main.TestCaseExecutor.processExecutionPhase(TestCaseExecutor.java:415)
	at com.kms.katalon.core.main.TestCaseExecutor.accessMainPhase(TestCaseExecutor.java:407)
	at com.kms.katalon.core.main.TestCaseExecutor.execute(TestCaseExecutor.java:284)
	at com.kms.katalon.core.common.CommonExecutor.accessTestCaseMainPhase(CommonExecutor.java:65)
	at com.kms.katalon.core.main.TestSuiteExecutor.accessTestSuiteMainPhase(TestSuiteExecutor.java:144)
	at com.kms.katalon.core.main.TestSuiteExecutor.execute(TestSuiteExecutor.java:106)
	at com.kms.katalon.core.main.TestCaseMain.startTestSuite(TestCaseMain.java:185)
	at com.kms.katalon.core.main.TestCaseMain$startTestSuite$0.call(Unknown Source)
	at TempTestSuite1655784788947.run(TempTestSuite1655784788947.groovy:36)]]></system-out>
         <system-err><![CDATA[2022-06-21 12:35:20 - [TEST_CASE][FAILED] - Test Cases/Transfer/transfer_instantIBFTFav: Test Cases/Transfer/transfer_instantIBFTFav FAILED.
Reason:
com.kms.katalon.core.exception.StepFailedException: Element 'Object Repository/Transfer/transferConfirmationTransactionRecRefTxt' not found
	at com.kms.katalon.core.keyword.internal.KeywordMain.stepFailed(KeywordMain.groovy:39)
	at com.kms.katalon.core.mobile.keyword.internal.MobileKeywordMain.stepFailed(MobileKeywordMain.groovy:40)
	at com.kms.katalon.core.mobile.keyword.builtin.VerifyElementTextKeyword$_verifyElementText_closure1.doCall(VerifyElementTextKeyword.groovy:49)
	at com.kms.katalon.core.mobile.keyword.builtin.VerifyElementTextKeyword$_verifyElementText_closure1.call(VerifyElementTextKeyword.groovy)
	at com.kms.katalon.core.mobile.keyword.internal.MobileKeywordMain.runKeyword(MobileKeywordMain.groovy:21)
	at com.kms.katalon.core.mobile.keyword.builtin.VerifyElementTextKeyword.verifyElementText(VerifyElementTextKeyword.groovy:62)
	at com.kms.katalon.core.mobile.keyword.builtin.VerifyElementTextKeyword.execute(VerifyElementTextKeyword.groovy:39)
	at com.kms.katalon.core.keyword.internal.KeywordExecutor.executeKeywordForPlatform(KeywordExecutor.groovy:74)
	at com.kms.katalon.core.mobile.keyword.MobileBuiltInKeywords.verifyElementText(MobileBuiltInKeywords.groovy:2901)
	at com.kms.katalon.core.mobile.keyword.MobileBuiltInKeywords$verifyElementText$10.call(Unknown Source)
	at transfer_instantIBFTFav.run(transfer_instantIBFTFav:211)
	at com.kms.katalon.core.main.ScriptEngine.run(ScriptEngine.java:194)
	at com.kms.katalon.core.main.ScriptEngine.runScriptAsRawText(ScriptEngine.java:119)
	at com.kms.katalon.core.main.TestCaseExecutor.runScript(TestCaseExecutor.java:445)
	at com.kms.katalon.core.main.TestCaseExecutor.doExecute(TestCaseExecutor.java:436)
	at com.kms.katalon.core.main.TestCaseExecutor.processExecutionPhase(TestCaseExecutor.java:415)
	at com.kms.katalon.core.main.TestCaseExecutor.accessMainPhase(TestCaseExecutor.java:407)
	at com.kms.katalon.core.main.TestCaseExecutor.execute(TestCaseExecutor.java:284)
	at com.kms.katalon.core.common.CommonExecutor.accessTestCaseMainPhase(CommonExecutor.java:65)
	at com.kms.katalon.core.main.TestSuiteExecutor.accessTestSuiteMainPhase(TestSuiteExecutor.java:144)
	at com.kms.katalon.core.main.TestSuiteExecutor.execute(TestSuiteExecutor.java:106)
	at com.kms.katalon.core.main.TestCaseMain.startTestSuite(TestCaseMain.java:185)
	at com.kms.katalon.core.main.TestCaseMain$startTestSuite$0.call(Unknown Source)
	at TempTestSuite1655784788947.run(TempTestSuite1655784788947.groovy:36)]]></system-err>
      </testcase>
      <testcase name="Test Cases/Transfer/transfer_instantIBGFav" time="514.162" classname="Test Cases/Transfer/transfer_instantIBGFav" status="FAILED">
         <failure type="FAILED" message="Test Cases/Transfer/transfer_instantIBGFav FAILED.
Reason:
com.kms.katalon.core.exception.StepFailedException: Element 'Object Repository/Main/mainS2UApproveBtn' not found
	at com.kms.katalon.core.keyword.internal.KeywordMain.stepFailed(KeywordMain.groovy:39)
	at com.kms.katalon.core.mobile.keyword.internal.MobileKeywordMain.stepFailed(MobileKeywordMain.groovy:40)
	at com.kms.katalon.core.mobile.keyword.builtin.VerifyElementVisibleKeyword$_verifyElementVisible_closure1.doCall(VerifyElementVisibleKeyword.groovy:82)
	at com.kms.katalon.core.mobile.keyword.builtin.VerifyElementVisibleKeyword$_verifyElementVisible_closure1.call(VerifyElementVisibleKeyword.groovy)
	at com.kms.katalon.core.mobile.keyword.internal.MobileKeywordMain.runKeyword(MobileKeywordMain.groovy:21)
	at com.kms.katalon.core.mobile.keyword.builtin.VerifyElementVisibleKeyword.verifyElementVisible(VerifyElementVisibleKeyword.groovy:85)
	at com.kms.katalon.core.mobile.keyword.builtin.VerifyElementVisibleKeyword.execute(VerifyElementVisibleKeyword.groovy:64)
	at com.kms.katalon.core.keyword.internal.KeywordExecutor.executeKeywordForPlatform(KeywordExecutor.groovy:74)
	at com.kms.katalon.core.mobile.keyword.MobileBuiltInKeywords.verifyElementVisible(MobileBuiltInKeywords.groovy:2031)
	at com.kms.katalon.core.mobile.keyword.MobileBuiltInKeywords$verifyElementVisible$5.call(Unknown Source)
	at transfer_instantIBGFav.run(transfer_instantIBGFav:355)
	at com.kms.katalon.core.main.ScriptEngine.run(ScriptEngine.java:194)
	at com.kms.katalon.core.main.ScriptEngine.runScriptAsRawText(ScriptEngine.java:119)
	at com.kms.katalon.core.main.TestCaseExecutor.runScript(TestCaseExecutor.java:445)
	at com.kms.katalon.core.main.TestCaseExecutor.doExecute(TestCaseExecutor.java:436)
	at com.kms.katalon.core.main.TestCaseExecutor.processExecutionPhase(TestCaseExecutor.java:415)
	at com.kms.katalon.core.main.TestCaseExecutor.accessMainPhase(TestCaseExecutor.java:407)
	at com.kms.katalon.core.main.TestCaseExecutor.execute(TestCaseExecutor.java:284)
	at com.kms.katalon.core.common.CommonExecutor.accessTestCaseMainPhase(CommonExecutor.java:65)
	at com.kms.katalon.core.main.TestSuiteExecutor.accessTestSuiteMainPhase(TestSuiteExecutor.java:144)
	at com.kms.katalon.core.main.TestSuiteExecutor.execute(TestSuiteExecutor.java:106)
	at com.kms.katalon.core.main.TestCaseMain.startTestSuite(TestCaseMain.java:185)
	at com.kms.katalon.core.main.TestCaseMain$startTestSuite$0.call(Unknown Source)
	at TempTestSuite1655784788947.run(TempTestSuite1655784788947.groovy:36)
"/>
         <system-out><![CDATA[2022-06-21 12:41:38 - [TEST_CASE][FAILED] - Test Cases/Transfer/transfer_instantIBGFav: Test Cases/Transfer/transfer_instantIBGFav FAILED.
Reason:
com.kms.katalon.core.exception.StepFailedException: Element 'Object Repository/Main/mainS2UApproveBtn' not found
	at com.kms.katalon.core.keyword.internal.KeywordMain.stepFailed(KeywordMain.groovy:39)
	at com.kms.katalon.core.mobile.keyword.internal.MobileKeywordMain.stepFailed(MobileKeywordMain.groovy:40)
	at com.kms.katalon.core.mobile.keyword.builtin.VerifyElementVisibleKeyword$_verifyElementVisible_closure1.doCall(VerifyElementVisibleKeyword.groovy:82)
	at com.kms.katalon.core.mobile.keyword.builtin.VerifyElementVisibleKeyword$_verifyElementVisible_closure1.call(VerifyElementVisibleKeyword.groovy)
	at com.kms.katalon.core.mobile.keyword.internal.MobileKeywordMain.runKeyword(MobileKeywordMain.groovy:21)
	at com.kms.katalon.core.mobile.keyword.builtin.VerifyElementVisibleKeyword.verifyElementVisible(VerifyElementVisibleKeyword.groovy:85)
	at com.kms.katalon.core.mobile.keyword.builtin.VerifyElementVisibleKeyword.execute(VerifyElementVisibleKeyword.groovy:64)
	at com.kms.katalon.core.keyword.internal.KeywordExecutor.executeKeywordForPlatform(KeywordExecutor.groovy:74)
	at com.kms.katalon.core.mobile.keyword.MobileBuiltInKeywords.verifyElementVisible(MobileBuiltInKeywords.groovy:2031)
	at com.kms.katalon.core.mobile.keyword.MobileBuiltInKeywords$verifyElementVisible$5.call(Unknown Source)
	at transfer_instantIBGFav.run(transfer_instantIBGFav:355)
	at com.kms.katalon.core.main.ScriptEngine.run(ScriptEngine.java:194)
	at com.kms.katalon.core.main.ScriptEngine.runScriptAsRawText(ScriptEngine.java:119)
	at com.kms.katalon.core.main.TestCaseExecutor.runScript(TestCaseExecutor.java:445)
	at com.kms.katalon.core.main.TestCaseExecutor.doExecute(TestCaseExecutor.java:436)
	at com.kms.katalon.core.main.TestCaseExecutor.processExecutionPhase(TestCaseExecutor.java:415)
	at com.kms.katalon.core.main.TestCaseExecutor.accessMainPhase(TestCaseExecutor.java:407)
	at com.kms.katalon.core.main.TestCaseExecutor.execute(TestCaseExecutor.java:284)
	at com.kms.katalon.core.common.CommonExecutor.accessTestCaseMainPhase(CommonExecutor.java:65)
	at com.kms.katalon.core.main.TestSuiteExecutor.accessTestSuiteMainPhase(TestSuiteExecutor.java:144)
	at com.kms.katalon.core.main.TestSuiteExecutor.execute(TestSuiteExecutor.java:106)
	at com.kms.katalon.core.main.TestCaseMain.startTestSuite(TestCaseMain.java:185)
	at com.kms.katalon.core.main.TestCaseMain$startTestSuite$0.call(Unknown Source)
	at TempTestSuite1655784788947.run(TempTestSuite1655784788947.groovy:36)


2022-06-21 12:41:38 - [TEST_STEP][PASSED] - delay(5): Delayed 5 second(s)

2022-06-21 12:41:43 - [MESSAGE][PASSED] - Delayed 5 second(s)

2022-06-21 12:41:43 - [TEST_STEP][PASSED] - device_Height = getDeviceHeight(): Current device physical height is 2167

2022-06-21 12:41:43 - [MESSAGE][PASSED] - Current device physical height is 2167

2022-06-21 12:41:43 - [TEST_STEP][PASSED] - device_Width = getDeviceWidth(): Current device physical width is 1080

2022-06-21 12:41:44 - [MESSAGE][PASSED] - Current device physical width is 1080

2022-06-21 12:41:44 - [TEST_STEP][PASSED] - startX = device_Width / 3: null

2022-06-21 12:41:44 - [TEST_STEP][PASSED] - startY = device_Height * 0.97: null

2022-06-21 12:41:44 - [TEST_STEP][PASSED] - verifyElementVisible(findTestObject("Banking/m2uAccountTransferIconSelect"), 0): Element 'Object Repository/Banking/m2uAccountTransferIconSelect' is visible

2022-06-21 12:41:44 - [MESSAGE][WARNING] - Timeout '0' is invalid. Using default page load timeout: '40'

2022-06-21 12:41:52 - [MESSAGE][PASSED] - Element 'Object Repository/Banking/m2uAccountTransferIconSelect' is visible

2022-06-21 12:41:52 - [TEST_STEP][PASSED] - tap(findTestObject("Banking/m2uAccountTransferIconSelect"), 0): Tapped on element 'Object Repository/Banking/m2uAccountTransferIconSelect'

2022-06-21 12:41:52 - [MESSAGE][WARNING] - Timeout '0' is invalid. Using default page load timeout: '40'

2022-06-21 12:41:52 - [MESSAGE][PASSED] - Tapped on element 'Object Repository/Banking/m2uAccountTransferIconSelect'

2022-06-21 12:41:52 - [TEST_STEP][PASSED] - delay(5): Delayed 5 second(s)

2022-06-21 12:41:57 - [MESSAGE][PASSED] - Delayed 5 second(s)

2022-06-21 12:41:57 - [TEST_STEP][PASSED] - tap(findTestObject("Banking/transferOthersTopMenuSelect"), 0): Tapped on element 'Object Repository/Banking/transferOthersTopMenuSelect'

2022-06-21 12:41:57 - [MESSAGE][WARNING] - Timeout '0' is invalid. Using default page load timeout: '40'

2022-06-21 12:42:58 - [MESSAGE][PASSED] - Tapped on element 'Object Repository/Banking/transferOthersTopMenuSelect'

2022-06-21 12:42:58 - [TEST_STEP][PASSED] - delay(3): Delayed 3 second(s)

2022-06-21 12:43:01 - [MESSAGE][PASSED] - Delayed 3 second(s)

2022-06-21 12:43:01 - [TEST_STEP][PASSED] - verifyElementText(findTestObject("Transfer/transferFavListAccNameTxt", ["accName":accName]), accName): Actual text and expected text of test object 'Object Repository/Transfer/transferFavListAccNameTxt' are matched.

2022-06-21 12:44:24 - [MESSAGE][PASSED] - Actual text and expected text of test object 'Object Repository/Transfer/transferFavListAccNameTxt' are matched.

2022-06-21 12:44:24 - [TEST_STEP][PASSED] - verifyElementText(findTestObject("Transfer/transferFavListAccNoTxt", ["accNo":accNo]), accNo): Actual text and expected text of test object 'Object Repository/Transfer/transferFavListAccNoTxt' are matched.

2022-06-21 12:45:15 - [MESSAGE][PASSED] - Actual text and expected text of test object 'Object Repository/Transfer/transferFavListAccNoTxt' are matched.

2022-06-21 12:45:15 - [TEST_STEP][PASSED] - verifyElementText(findTestObject("Transfer/transferFavListAccBankTxt", ["accBank":accBank]), accBank): Actual text and expected text of test object 'Object Repository/Transfer/transferFavListAccBankTxt' are matched.

2022-06-21 12:46:05 - [MESSAGE][PASSED] - Actual text and expected text of test object 'Object Repository/Transfer/transferFavListAccBankTxt' are matched.

2022-06-21 12:46:05 - [TEST_STEP][PASSED] - tap(findTestObject("Transfer/transferFavListAccNameTxt", ["accName":accName]), 0): Tapped on element 'Object Repository/Transfer/transferFavListAccNameTxt'

2022-06-21 12:46:05 - [MESSAGE][WARNING] - Timeout '0' is invalid. Using default page load timeout: '40'

2022-06-21 12:46:57 - [MESSAGE][PASSED] - Tapped on element 'Object Repository/Transfer/transferFavListAccNameTxt'

2022-06-21 12:46:57 - [TEST_STEP][PASSED] - delay(3): Delayed 3 second(s)

2022-06-21 12:47:00 - [MESSAGE][PASSED] - Delayed 3 second(s)

2022-06-21 12:47:00 - [TEST_STEP][PASSED] - verifyElementText(findTestObject("Transfer/transferAmounttAccNameTxt", ["accName":accName]), accName): Actual text and expected text of test object 'Object Repository/Transfer/transferAmounttAccNameTxt' are matched.

2022-06-21 12:47:00 - [MESSAGE][PASSED] - Actual text and expected text of test object 'Object Repository/Transfer/transferAmounttAccNameTxt' are matched.

2022-06-21 12:47:00 - [TEST_STEP][PASSED] - verifyElementText(findTestObject("Transfer/transferAmounttAccNoTxt", ["accNo":accNo]), accNo): Actual text and expected text of test object 'Object Repository/Transfer/transferAmounttAccNoTxt' are matched.

2022-06-21 12:47:00 - [MESSAGE][PASSED] - Actual text and expected text of test object 'Object Repository/Transfer/transferAmounttAccNoTxt' are matched.

2022-06-21 12:47:00 - [TEST_STEP][PASSED] - verifyElementText(findTestObject("Transfer/transferAmounttAccBankTxt", ["accBank":accBank]), accBank): Actual text and expected text of test object 'Object Repository/Transfer/transferAmounttAccBankTxt' are matched.

2022-06-21 12:47:00 - [MESSAGE][PASSED] - Actual text and expected text of test object 'Object Repository/Transfer/transferAmounttAccBankTxt' are matched.

2022-06-21 12:47:00 - [TEST_STEP][PASSED] - verifyElementExist(findTestObject("Transfer/transferAmountRMTxt"), 0): Element 'Object Repository/Transfer/transferAmountRMTxt' is exist

2022-06-21 12:47:00 - [MESSAGE][WARNING] - Timeout '0' is invalid. Using default page load timeout: '40'

2022-06-21 12:47:00 - [MESSAGE][PASSED] - Element 'Object Repository/Transfer/transferAmountRMTxt' is exist

2022-06-21 12:47:00 - [TEST_STEP][PASSED] - verifyElementExist(findTestObject("Transfer/transferAmountEnterAmountTitleTxt"), 0): Element 'Object Repository/Transfer/transferAmountEnterAmountTitleTxt' is exist

2022-06-21 12:47:01 - [MESSAGE][WARNING] - Timeout '0' is invalid. Using default page load timeout: '40'

2022-06-21 12:47:01 - [MESSAGE][PASSED] - Element 'Object Repository/Transfer/transferAmountEnterAmountTitleTxt' is exist

2022-06-21 12:47:01 - [TEST_STEP][PASSED] - trxAmount = value: null

2022-06-21 12:47:01 - [TEST_STEP][PASSED] - length = trxAmount.length(): null

2022-06-21 12:47:01 - [TEST_STEP][PASSED] - delay(5): Delayed 5 second(s)

2022-06-21 12:47:06 - [MESSAGE][PASSED] - Delayed 5 second(s)

2022-06-21 12:47:06 - [TEST_STEP][PASSED] - tapAtPosition(startX, startY): Tapped at [360, 2,101]

2022-06-21 12:47:06 - [MESSAGE][PASSED] - Tapped at [360, 2,101]

2022-06-21 12:47:06 - [TEST_STEP][PASSED] - for ([i = 0, i < length, (i++)]): null

2022-06-21 12:47:06 - [TEST_STEP][PASSED] - if (trxAmount[i] == "0"): null

2022-06-21 12:47:06 - [TEST_STEP][PASSED] - if (trxAmount[i] == "1"): null

2022-06-21 12:47:06 - [TEST_STEP][PASSED] - if (trxAmount[i] == "2"): Tapped on element 'Object Repository/Login Onboarding/PIN2'

2022-06-21 12:47:06 - [TEST_STEP][PASSED] - tap(findTestObject("Login Onboarding/PIN2"), 0): Tapped on element 'Object Repository/Login Onboarding/PIN2'

2022-06-21 12:47:06 - [MESSAGE][WARNING] - Timeout '0' is invalid. Using default page load timeout: '40'

2022-06-21 12:47:07 - [MESSAGE][PASSED] - Tapped on element 'Object Repository/Login Onboarding/PIN2'

2022-06-21 12:47:07 - [TEST_STEP][PASSED] - if (trxAmount[i] == "3"): null

2022-06-21 12:47:07 - [TEST_STEP][PASSED] - if (trxAmount[i] == "4"): null

2022-06-21 12:47:07 - [TEST_STEP][PASSED] - if (trxAmount[i] == "5"): null

2022-06-21 12:47:07 - [TEST_STEP][PASSED] - if (trxAmount[i] == "6"): null

2022-06-21 12:47:07 - [TEST_STEP][PASSED] - if (trxAmount[i] == "7"): null

2022-06-21 12:47:07 - [TEST_STEP][PASSED] - if (trxAmount[i] == "8"): null

2022-06-21 12:47:07 - [TEST_STEP][PASSED] - if (trxAmount[i] == "9"): null

2022-06-21 12:47:07 - [TEST_STEP][PASSED] - if (trxAmount[i] == "0"): Tapped on element 'Object Repository/Login Onboarding/PIN0'

2022-06-21 12:47:07 - [TEST_STEP][PASSED] - tap(findTestObject("Login Onboarding/PIN0"), 0): Tapped on element 'Object Repository/Login Onboarding/PIN0'

2022-06-21 12:47:07 - [MESSAGE][WARNING] - Timeout '0' is invalid. Using default page load timeout: '40'

2022-06-21 12:47:08 - [MESSAGE][PASSED] - Tapped on element 'Object Repository/Login Onboarding/PIN0'

2022-06-21 12:47:08 - [TEST_STEP][PASSED] - if (trxAmount[i] == "1"): null

2022-06-21 12:47:08 - [TEST_STEP][PASSED] - if (trxAmount[i] == "2"): null

2022-06-21 12:47:08 - [TEST_STEP][PASSED] - if (trxAmount[i] == "3"): null

2022-06-21 12:47:08 - [TEST_STEP][PASSED] - if (trxAmount[i] == "4"): null

2022-06-21 12:47:08 - [TEST_STEP][PASSED] - if (trxAmount[i] == "5"): null

2022-06-21 12:47:08 - [TEST_STEP][PASSED] - if (trxAmount[i] == "6"): null

2022-06-21 12:47:08 - [TEST_STEP][PASSED] - if (trxAmount[i] == "7"): null

2022-06-21 12:47:08 - [TEST_STEP][PASSED] - if (trxAmount[i] == "8"): null

2022-06-21 12:47:08 - [TEST_STEP][PASSED] - if (trxAmount[i] == "9"): null

2022-06-21 12:47:08 - [TEST_STEP][PASSED] - if (trxAmount[i] == "0"): Tapped on element 'Object Repository/Login Onboarding/PIN0'

2022-06-21 12:47:08 - [TEST_STEP][PASSED] - tap(findTestObject("Login Onboarding/PIN0"), 0): Tapped on element 'Object Repository/Login Onboarding/PIN0'

2022-06-21 12:47:08 - [MESSAGE][WARNING] - Timeout '0' is invalid. Using default page load timeout: '40'

2022-06-21 12:47:08 - [MESSAGE][PASSED] - Tapped on element 'Object Repository/Login Onboarding/PIN0'

2022-06-21 12:47:08 - [TEST_STEP][PASSED] - if (trxAmount[i] == "1"): null

2022-06-21 12:47:08 - [TEST_STEP][PASSED] - if (trxAmount[i] == "2"): null

2022-06-21 12:47:08 - [TEST_STEP][PASSED] - if (trxAmount[i] == "3"): null

2022-06-21 12:47:08 - [TEST_STEP][PASSED] - if (trxAmount[i] == "4"): null

2022-06-21 12:47:08 - [TEST_STEP][PASSED] - if (trxAmount[i] == "5"): null

2022-06-21 12:47:08 - [TEST_STEP][PASSED] - if (trxAmount[i] == "6"): null

2022-06-21 12:47:08 - [TEST_STEP][PASSED] - if (trxAmount[i] == "7"): null

2022-06-21 12:47:08 - [TEST_STEP][PASSED] - if (trxAmount[i] == "8"): null

2022-06-21 12:47:08 - [TEST_STEP][PASSED] - if (trxAmount[i] == "9"): null

2022-06-21 12:47:08 - [TEST_STEP][PASSED] - delay(3): Delayed 3 second(s)

2022-06-21 12:47:11 - [MESSAGE][PASSED] - Delayed 3 second(s)

2022-06-21 12:47:11 - [TEST_STEP][PASSED] - verifyElementText(findTestObject("Transfer/transferAmountInputValueTxt", ["value":checkValue]), checkValue): Actual text and expected text of test object 'Object Repository/Transfer/transferAmountInputValueTxt' are matched.

2022-06-21 12:47:12 - [MESSAGE][PASSED] - Actual text and expected text of test object 'Object Repository/Transfer/transferAmountInputValueTxt' are matched.

2022-06-21 12:47:12 - [TEST_STEP][PASSED] - delay(3): Delayed 3 second(s)

2022-06-21 12:47:15 - [MESSAGE][PASSED] - Delayed 3 second(s)

2022-06-21 12:47:15 - [TEST_STEP][PASSED] - tap(findTestObject("Login Onboarding/loginPinTickBtn"), 0): Tapped on element 'Object Repository/Login Onboarding/loginPinTickBtn'

2022-06-21 12:47:15 - [MESSAGE][WARNING] - Timeout '0' is invalid. Using default page load timeout: '40'

2022-06-21 12:47:15 - [MESSAGE][PASSED] - Tapped on element 'Object Repository/Login Onboarding/loginPinTickBtn'

2022-06-21 12:47:15 - [TEST_STEP][PASSED] - delay(3): Delayed 3 second(s)

2022-06-21 12:47:18 - [MESSAGE][PASSED] - Delayed 3 second(s)

2022-06-21 12:47:18 - [TEST_STEP][PASSED] - verifyElementText(findTestObject("Transfer/transferReferenceAccNameTxt", ["accName":accName]), accName): Actual text and expected text of test object 'Object Repository/Transfer/transferReferenceAccNameTxt' are matched.

2022-06-21 12:47:18 - [MESSAGE][PASSED] - Actual text and expected text of test object 'Object Repository/Transfer/transferReferenceAccNameTxt' are matched.

2022-06-21 12:47:18 - [TEST_STEP][PASSED] - verifyElementText(findTestObject("Transfer/transferReferenceAccNoTxt", ["accNo":accNo]), accNo): Actual text and expected text of test object 'Object Repository/Transfer/transferReferenceAccNoTxt' are matched.

2022-06-21 12:47:18 - [MESSAGE][PASSED] - Actual text and expected text of test object 'Object Repository/Transfer/transferReferenceAccNoTxt' are matched.

2022-06-21 12:47:18 - [TEST_STEP][PASSED] - verifyElementText(findTestObject("Transfer/transferReferenceAccBankTxt", ["accBank":accBank]), accBank): Actual text and expected text of test object 'Object Repository/Transfer/transferReferenceAccBankTxt' are matched.

2022-06-21 12:47:18 - [MESSAGE][PASSED] - Actual text and expected text of test object 'Object Repository/Transfer/transferReferenceAccBankTxt' are matched.

2022-06-21 12:47:18 - [TEST_STEP][PASSED] - verifyElementExist(findTestObject("Transfer/transferReferenceInputField"), 0): Element 'Object Repository/Transfer/transferReferenceInputField' is exist

2022-06-21 12:47:18 - [MESSAGE][WARNING] - Timeout '0' is invalid. Using default page load timeout: '40'

2022-06-21 12:47:19 - [MESSAGE][PASSED] - Element 'Object Repository/Transfer/transferReferenceInputField' is exist

2022-06-21 12:47:19 - [TEST_STEP][PASSED] - setText(findTestObject("Banking/transferReferenceInputField"), reference, 0): Text 'IBGInstantFav' has been set to element 'Object Repository/Banking/transferReferenceInputField'

2022-06-21 12:47:19 - [MESSAGE][WARNING] - Timeout '0' is invalid. Using default page load timeout: '40'

2022-06-21 12:47:19 - [MESSAGE][PASSED] - Text 'IBGInstantFav' has been set to element 'Object Repository/Banking/transferReferenceInputField'

2022-06-21 12:47:19 - [TEST_STEP][PASSED] - hideKeyboard(): Keyboard is hidden

2022-06-21 12:47:21 - [MESSAGE][PASSED] - Keyboard is hidden

2022-06-21 12:47:21 - [TEST_STEP][PASSED] - verifyElementText(findTestObject("Transfer/transferReferenceInputFieldAfter", ["reference":reference]), reference): Actual text and expected text of test object 'Object Repository/Transfer/transferReferenceInputFieldAfter' are matched.

2022-06-21 12:47:21 - [MESSAGE][PASSED] - Actual text and expected text of test object 'Object Repository/Transfer/transferReferenceInputFieldAfter' are matched.

2022-06-21 12:47:21 - [TEST_STEP][PASSED] - tap(findTestObject("Login Onboarding/loginExistingContinueBtn"), 0): Tapped on element 'Object Repository/Login Onboarding/loginExistingContinueBtn'

2022-06-21 12:47:21 - [MESSAGE][WARNING] - Timeout '0' is invalid. Using default page load timeout: '40'

2022-06-21 12:47:21 - [MESSAGE][PASSED] - Tapped on element 'Object Repository/Login Onboarding/loginExistingContinueBtn'

2022-06-21 12:47:21 - [TEST_STEP][PASSED] - verifyElementText(findTestObject("Transfer/transferReferenceAccNameTxt", ["accName":accName]), accName): Actual text and expected text of test object 'Object Repository/Transfer/transferReferenceAccNameTxt' are matched.

2022-06-21 12:47:22 - [MESSAGE][PASSED] - Actual text and expected text of test object 'Object Repository/Transfer/transferReferenceAccNameTxt' are matched.

2022-06-21 12:47:22 - [TEST_STEP][PASSED] - verifyElementText(findTestObject("Transfer/transferReferenceAccNoTxt", ["accNo":accNo]), accNo): Actual text and expected text of test object 'Object Repository/Transfer/transferReferenceAccNoTxt' are matched.

2022-06-21 12:47:22 - [MESSAGE][PASSED] - Actual text and expected text of test object 'Object Repository/Transfer/transferReferenceAccNoTxt' are matched.

2022-06-21 12:47:22 - [TEST_STEP][PASSED] - verifyElementText(findTestObject("Transfer/transferReferenceAccBankTxt", ["accBank":accBank]), accBank): Actual text and expected text of test object 'Object Repository/Transfer/transferReferenceAccBankTxt' are matched.

2022-06-21 12:47:22 - [MESSAGE][PASSED] - Actual text and expected text of test object 'Object Repository/Transfer/transferReferenceAccBankTxt' are matched.

2022-06-21 12:47:22 - [TEST_STEP][PASSED] - delay(3): Delayed 3 second(s)

2022-06-21 12:47:25 - [MESSAGE][PASSED] - Delayed 3 second(s)

2022-06-21 12:47:25 - [TEST_STEP][PASSED] - verifyElementExist(findTestObject("Transfer/instantTransferModeDuitTxt", ["mode":initialMode]), 0): Element 'Object Repository/Transfer/instantTransferModeDuitTxt' is exist

2022-06-21 12:47:25 - [MESSAGE][WARNING] - Timeout '0' is invalid. Using default page load timeout: '40'

2022-06-21 12:47:26 - [MESSAGE][PASSED] - Element 'Object Repository/Transfer/instantTransferModeDuitTxt' is exist

2022-06-21 12:47:26 - [TEST_STEP][PASSED] - tap(findTestObject("Transfer/instantTransferModeDuitTxt", ["mode":initialMode]), 0): Tapped on element 'Object Repository/Transfer/instantTransferModeDuitTxt'

2022-06-21 12:47:26 - [MESSAGE][WARNING] - Timeout '0' is invalid. Using default page load timeout: '40'

2022-06-21 12:47:26 - [MESSAGE][PASSED] - Tapped on element 'Object Repository/Transfer/instantTransferModeDuitTxt'

2022-06-21 12:47:26 - [TEST_STEP][PASSED] - delay(3): Delayed 3 second(s)

2022-06-21 12:47:29 - [MESSAGE][PASSED] - Delayed 3 second(s)

2022-06-21 12:47:29 - [TEST_STEP][PASSED] - scrollToText(selectedMode, STOP_ON_FAILURE): Scrolling to text 'GIRO' successfully

2022-06-21 12:47:29 - [MESSAGE][PASSED] - Scrolling to text 'GIRO' successfully

2022-06-21 12:47:29 - [TEST_STEP][PASSED] - tap(findTestObject("Transfer/instantTransferModeDropdownSelect", ["modeS":selectedMode]), 0): Tapped on element 'Object Repository/Transfer/instantTransferModeDropdownSelect'

2022-06-21 12:47:29 - [MESSAGE][WARNING] - Timeout '0' is invalid. Using default page load timeout: '40'

2022-06-21 12:47:30 - [MESSAGE][PASSED] - Tapped on element 'Object Repository/Transfer/instantTransferModeDropdownSelect'

2022-06-21 12:47:30 - [TEST_STEP][PASSED] - delay(3): Delayed 3 second(s)

2022-06-21 12:47:33 - [MESSAGE][PASSED] - Delayed 3 second(s)

2022-06-21 12:47:33 - [TEST_STEP][PASSED] - tap(findTestObject("Banking/transferModeDropdownDoneBtn"), 0): Tapped on element 'Object Repository/Banking/transferModeDropdownDoneBtn'

2022-06-21 12:47:33 - [MESSAGE][WARNING] - Timeout '0' is invalid. Using default page load timeout: '40'

2022-06-21 12:47:33 - [MESSAGE][PASSED] - Tapped on element 'Object Repository/Banking/transferModeDropdownDoneBtn'

2022-06-21 12:47:33 - [TEST_STEP][PASSED] - delay(3): Delayed 3 second(s)

2022-06-21 12:47:36 - [MESSAGE][PASSED] - Delayed 3 second(s)

2022-06-21 12:47:36 - [TEST_STEP][PASSED] - verifyElementExist(findTestObject("Transfer/instantTransferModeDuitTxt", ["mode":selectedMode]), 0): Element 'Object Repository/Transfer/instantTransferModeDuitTxt' is exist

2022-06-21 12:47:36 - [MESSAGE][WARNING] - Timeout '0' is invalid. Using default page load timeout: '40'

2022-06-21 12:47:36 - [MESSAGE][PASSED] - Element 'Object Repository/Transfer/instantTransferModeDuitTxt' is exist

2022-06-21 12:47:36 - [TEST_STEP][PASSED] - verifyElementExist(findTestObject("Transfer/instantTransferModeTitleTxt"), 0): Element 'Object Repository/Transfer/instantTransferModeTitleTxt' is exist

2022-06-21 12:47:36 - [MESSAGE][WARNING] - Timeout '0' is invalid. Using default page load timeout: '40'

2022-06-21 12:47:36 - [MESSAGE][PASSED] - Element 'Object Repository/Transfer/instantTransferModeTitleTxt' is exist

2022-06-21 12:47:36 - [TEST_STEP][PASSED] - verifyElementExist(findTestObject("Transfer/instantTransferTypeFundTxt"), 0): Element 'Object Repository/Transfer/instantTransferTypeFundTxt' is exist

2022-06-21 12:47:36 - [MESSAGE][WARNING] - Timeout '0' is invalid. Using default page load timeout: '40'

2022-06-21 12:47:36 - [MESSAGE][PASSED] - Element 'Object Repository/Transfer/instantTransferTypeFundTxt' is exist

2022-06-21 12:47:36 - [TEST_STEP][PASSED] - verifyElementExist(findTestObject("Transfer/instantTransferTypeTitleTxt"), 0): Element 'Object Repository/Transfer/instantTransferTypeTitleTxt' is exist

2022-06-21 12:47:36 - [MESSAGE][WARNING] - Timeout '0' is invalid. Using default page load timeout: '40'

2022-06-21 12:47:36 - [MESSAGE][PASSED] - Element 'Object Repository/Transfer/instantTransferTypeTitleTxt' is exist

2022-06-21 12:47:36 - [TEST_STEP][PASSED] - tap(findTestObject("Login Onboarding/loginExistingContinueBtn"), 0): Tapped on element 'Object Repository/Login Onboarding/loginExistingContinueBtn'

2022-06-21 12:47:36 - [MESSAGE][WARNING] - Timeout '0' is invalid. Using default page load timeout: '40'

2022-06-21 12:47:36 - [MESSAGE][PASSED] - Tapped on element 'Object Repository/Login Onboarding/loginExistingContinueBtn'

2022-06-21 12:47:36 - [TEST_STEP][PASSED] - verifyElementText(findTestObject("Transfer/transferConfirmationTransactionDateTxt"), trxDate): Actual text and expected text of test object 'Object Repository/Transfer/transferConfirmationTransactionDateTxt' are matched.

2022-06-21 12:47:41 - [MESSAGE][PASSED] - Actual text and expected text of test object 'Object Repository/Transfer/transferConfirmationTransactionDateTxt' are matched.

2022-06-21 12:47:41 - [TEST_STEP][PASSED] - verifyElementText(findTestObject("Transfer/transferConfirmationAccountNameTxt", ["accName":accName]), accName): Actual text and expected text of test object 'Object Repository/Transfer/transferConfirmationAccountNameTxt' are matched.

2022-06-21 12:47:41 - [MESSAGE][PASSED] - Actual text and expected text of test object 'Object Repository/Transfer/transferConfirmationAccountNameTxt' are matched.

2022-06-21 12:47:41 - [TEST_STEP][PASSED] - verifyElementText(findTestObject("Transfer/transferConfirmationAccountNoTxt", ["accNo":accNo]), accNo): Actual text and expected text of test object 'Object Repository/Transfer/transferConfirmationAccountNoTxt' are matched.

2022-06-21 12:47:42 - [MESSAGE][PASSED] - Actual text and expected text of test object 'Object Repository/Transfer/transferConfirmationAccountNoTxt' are matched.

2022-06-21 12:47:42 - [TEST_STEP][PASSED] - verifyElementText(findTestObject("Transfer/transferConfirmationAmountTxt", ["amount":amount]), amount): Actual text and expected text of test object 'Object Repository/Transfer/transferConfirmationAmountTxt' are matched.

2022-06-21 12:47:42 - [MESSAGE][PASSED] - Actual text and expected text of test object 'Object Repository/Transfer/transferConfirmationAmountTxt' are matched.

2022-06-21 12:47:42 - [TEST_STEP][PASSED] - verifyElementText(findTestObject("Transfer/transferConfirmationTransactionRecRefTxt", ["reference":reference]), reference): Actual text and expected text of test object 'Object Repository/Transfer/transferConfirmationTransactionRecRefTxt' are matched.

2022-06-21 12:47:42 - [MESSAGE][PASSED] - Actual text and expected text of test object 'Object Repository/Transfer/transferConfirmationTransactionRecRefTxt' are matched.

2022-06-21 12:47:42 - [TEST_STEP][PASSED] - verifyElementText(findTestObject("Transfer/transferConfirmationTransactionBankTxt", ["accBank":accBank]), accBank): Actual text and expected text of test object 'Object Repository/Transfer/transferConfirmationTransactionBankTxt' are matched.

2022-06-21 12:47:42 - [MESSAGE][PASSED] - Actual text and expected text of test object 'Object Repository/Transfer/transferConfirmationTransactionBankTxt' are matched.

2022-06-21 12:47:42 - [TEST_STEP][PASSED] - verifyElementText(findTestObject("Transfer/transferConfirmationOptionalGreyWordTxt"), "Optional"): Actual text and expected text of test object 'Object Repository/Transfer/transferConfirmationOptionalGreyWordTxt' are matched.

2022-06-21 12:47:43 - [MESSAGE][PASSED] - Actual text and expected text of test object 'Object Repository/Transfer/transferConfirmationOptionalGreyWordTxt' are matched.

2022-06-21 12:47:43 - [TEST_STEP][PASSED] - verifyElementText(findTestObject("Transfer/instantTransferConfirmationTransactionTypeTxt"), "Fund Transfer"): Actual text and expected text of test object 'Object Repository/Transfer/instantTransferConfirmationTransactionTypeTxt' are matched.

2022-06-21 12:47:43 - [MESSAGE][PASSED] - Actual text and expected text of test object 'Object Repository/Transfer/instantTransferConfirmationTransactionTypeTxt' are matched.

2022-06-21 12:47:43 - [TEST_STEP][PASSED] - verifyElementText(findTestObject("Transfer/instantTransferConfirmationTransactionModeTxt", ["modeC":selectedMode]), selectedMode): Actual text and expected text of test object 'Object Repository/Transfer/instantTransferConfirmationTransactionModeTxt' are matched.

2022-06-21 12:47:43 - [MESSAGE][PASSED] - Actual text and expected text of test object 'Object Repository/Transfer/instantTransferConfirmationTransactionModeTxt' are matched.

2022-06-21 12:47:43 - [TEST_STEP][PASSED] - verifyElementText(findTestObject("Transfer/instantTransferConfirmationTransactionServiceTxt"), "RM 0.00"): Actual text and expected text of test object 'Object Repository/Transfer/instantTransferConfirmationTransactionServiceTxt' are matched.

2022-06-21 12:47:43 - [MESSAGE][PASSED] - Actual text and expected text of test object 'Object Repository/Transfer/instantTransferConfirmationTransactionServiceTxt' are matched.

2022-06-21 12:47:43 - [TEST_STEP][PASSED] - verifyElementExist(findTestObject("Transfer/transferConfirmationBankNameTitleTxt"), 0): Element 'Object Repository/Transfer/transferConfirmationBankNameTitleTxt' is exist

2022-06-21 12:47:43 - [MESSAGE][WARNING] - Timeout '0' is invalid. Using default page load timeout: '40'

2022-06-21 12:47:43 - [MESSAGE][PASSED] - Element 'Object Repository/Transfer/transferConfirmationBankNameTitleTxt' is exist

2022-06-21 12:47:43 - [TEST_STEP][PASSED] - verifyElementExist(findTestObject("Transfer/transferConfirmationDateTitleTxt"), 0): Element 'Object Repository/Transfer/transferConfirmationDateTitleTxt' is exist

2022-06-21 12:47:43 - [MESSAGE][WARNING] - Timeout '0' is invalid. Using default page load timeout: '40'

2022-06-21 12:47:44 - [MESSAGE][PASSED] - Element 'Object Repository/Transfer/transferConfirmationDateTitleTxt' is exist

2022-06-21 12:47:44 - [TEST_STEP][PASSED] - verifyElementExist(findTestObject("Transfer/transferConfirmationRecRefTitleTxt"), 0): Element 'Object Repository/Transfer/transferConfirmationRecRefTitleTxt' is exist

2022-06-21 12:47:44 - [MESSAGE][WARNING] - Timeout '0' is invalid. Using default page load timeout: '40'

2022-06-21 12:47:44 - [MESSAGE][PASSED] - Element 'Object Repository/Transfer/transferConfirmationRecRefTitleTxt' is exist

2022-06-21 12:47:44 - [TEST_STEP][PASSED] - verifyElementExist(findTestObject("Transfer/transferConfirmationPaymentDetailsTitleTxt"), 0): Element 'Object Repository/Transfer/transferConfirmationPaymentDetailsTitleTxt' is exist

2022-06-21 12:47:44 - [MESSAGE][WARNING] - Timeout '0' is invalid. Using default page load timeout: '40'

2022-06-21 12:47:44 - [MESSAGE][PASSED] - Element 'Object Repository/Transfer/transferConfirmationPaymentDetailsTitleTxt' is exist

2022-06-21 12:47:44 - [TEST_STEP][PASSED] - verifyElementExist(findTestObject("Transfer/instantTransferConfirmationModeTitleTxt"), 0): Element 'Object Repository/Transfer/instantTransferConfirmationModeTitleTxt' is exist

2022-06-21 12:47:44 - [MESSAGE][WARNING] - Timeout '0' is invalid. Using default page load timeout: '40'

2022-06-21 12:47:44 - [MESSAGE][PASSED] - Element 'Object Repository/Transfer/instantTransferConfirmationModeTitleTxt' is exist

2022-06-21 12:47:44 - [TEST_STEP][PASSED] - verifyElementExist(findTestObject("Transfer/instantTransferConfirmationServiceFeeTitleTxt"), 0): Element 'Object Repository/Transfer/instantTransferConfirmationServiceFeeTitleTxt' is exist

2022-06-21 12:47:44 - [MESSAGE][WARNING] - Timeout '0' is invalid. Using default page load timeout: '40'

2022-06-21 12:47:44 - [MESSAGE][PASSED] - Element 'Object Repository/Transfer/instantTransferConfirmationServiceFeeTitleTxt' is exist

2022-06-21 12:47:44 - [TEST_STEP][PASSED] - verifyElementExist(findTestObject("Transfer/instantTransferConfirmationTypeTitleTxt"), 0): Element 'Object Repository/Transfer/instantTransferConfirmationTypeTitleTxt' is exist

2022-06-21 12:47:44 - [MESSAGE][WARNING] - Timeout '0' is invalid. Using default page load timeout: '40'

2022-06-21 12:47:45 - [MESSAGE][PASSED] - Element 'Object Repository/Transfer/instantTransferConfirmationTypeTitleTxt' is exist

2022-06-21 12:47:45 - [TEST_STEP][PASSED] - verifyElementExist(findTestObject("Transfer/transferConfirmationNoteTitleTxt"), 0): Element 'Object Repository/Transfer/transferConfirmationNoteTitleTxt' is exist

2022-06-21 12:47:45 - [MESSAGE][WARNING] - Timeout '0' is invalid. Using default page load timeout: '40'

2022-06-21 12:47:45 - [MESSAGE][PASSED] - Element 'Object Repository/Transfer/transferConfirmationNoteTitleTxt' is exist

2022-06-21 12:47:45 - [TEST_STEP][PASSED] - tap(findTestObject("Transfer/transferConfirmationOptionalGreyWordTxt"), 0): Tapped on element 'Object Repository/Transfer/transferConfirmationOptionalGreyWordTxt'

2022-06-21 12:47:45 - [MESSAGE][WARNING] - Timeout '0' is invalid. Using default page load timeout: '40'

2022-06-21 12:47:45 - [MESSAGE][PASSED] - Tapped on element 'Object Repository/Transfer/transferConfirmationOptionalGreyWordTxt'

2022-06-21 12:47:45 - [TEST_STEP][PASSED] - setText(findTestObject("Transfer/transferConfirmationDetailsInputField"), "Test Fav", 0): Text 'Test Fav' has been set to element 'Object Repository/Transfer/transferConfirmationDetailsInputField'

2022-06-21 12:47:45 - [MESSAGE][WARNING] - Timeout '0' is invalid. Using default page load timeout: '40'

2022-06-21 12:47:47 - [MESSAGE][PASSED] - Text 'Test Fav' has been set to element 'Object Repository/Transfer/transferConfirmationDetailsInputField'

2022-06-21 12:47:47 - [TEST_STEP][PASSED] - hideKeyboard(): Keyboard is hidden

2022-06-21 12:47:49 - [MESSAGE][PASSED] - Keyboard is hidden

2022-06-21 12:47:49 - [TEST_STEP][PASSED] - verifyElementText(findTestObject("Transfer/transferConfirmationOptionalGreyWordTxt"), "Test Fav"): Actual text and expected text of test object 'Object Repository/Transfer/transferConfirmationOptionalGreyWordTxt' are matched.

2022-06-21 12:47:49 - [MESSAGE][PASSED] - Actual text and expected text of test object 'Object Repository/Transfer/transferConfirmationOptionalGreyWordTxt' are matched.

2022-06-21 12:47:49 - [TEST_STEP][PASSED] - device_Height_2 = getDeviceHeight(): Current device physical height is 2167

2022-06-21 12:47:49 - [MESSAGE][PASSED] - Current device physical height is 2167

2022-06-21 12:47:49 - [TEST_STEP][PASSED] - device_Width_2 = getDeviceWidth(): Current device physical width is 1080

2022-06-21 12:47:49 - [MESSAGE][PASSED] - Current device physical width is 1080

2022-06-21 12:47:49 - [TEST_STEP][PASSED] - startX_2 = device_Width_2 / 2: null

2022-06-21 12:47:49 - [TEST_STEP][PASSED] - endX_2 = startX_2: null

2022-06-21 12:47:49 - [TEST_STEP][PASSED] - startY_2 = device_Height_2 * 0.30: null

2022-06-21 12:47:49 - [TEST_STEP][PASSED] - endY_2 = device_Height_2 * 0.70: null

2022-06-21 12:47:49 - [TEST_STEP][PASSED] - swipe(startX_2, endY_2, endX_2, startY_2): Swiped from 540,1,516 to 540,650

2022-06-21 12:47:50 - [MESSAGE][PASSED] - Swiped from 540,1,516 to 540,650

2022-06-21 12:47:50 - [TEST_STEP][PASSED] - verifyElementExist(findTestObject("Transfer/instantTransferConfirmationNotes1Txt"), 0): Element 'Object Repository/Transfer/instantTransferConfirmationNotes1Txt' is exist

2022-06-21 12:47:51 - [MESSAGE][WARNING] - Timeout '0' is invalid. Using default page load timeout: '40'

2022-06-21 12:47:51 - [MESSAGE][PASSED] - Element 'Object Repository/Transfer/instantTransferConfirmationNotes1Txt' is exist

2022-06-21 12:47:51 - [TEST_STEP][PASSED] - verifyElementExist(findTestObject("Transfer/transferConfirmationFTransferFromTitleTxt"), 0): Element 'Object Repository/Transfer/transferConfirmationFTransferFromTitleTxt' is exist

2022-06-21 12:47:51 - [MESSAGE][WARNING] - Timeout '0' is invalid. Using default page load timeout: '40'

2022-06-21 12:47:51 - [MESSAGE][PASSED] - Element 'Object Repository/Transfer/transferConfirmationFTransferFromTitleTxt' is exist

2022-06-21 12:47:51 - [TEST_STEP][PASSED] - verifyElementExist(findTestObject("Transfer/instantTransferConfirmationNotes2Txt"), 0): Element 'Object Repository/Transfer/instantTransferConfirmationNotes2Txt' is exist

2022-06-21 12:47:51 - [MESSAGE][WARNING] - Timeout '0' is invalid. Using default page load timeout: '40'

2022-06-21 12:47:51 - [MESSAGE][PASSED] - Element 'Object Repository/Transfer/instantTransferConfirmationNotes2Txt' is exist

2022-06-21 12:47:51 - [TEST_STEP][PASSED] - verifyElementText(findTestObject("Transfer/transferConfirmationFromAccTypeTxt", ["accType":accType]), accType): Actual text and expected text of test object 'Object Repository/Transfer/transferConfirmationFromAccTypeTxt' are matched.

2022-06-21 12:47:51 - [MESSAGE][PASSED] - Actual text and expected text of test object 'Object Repository/Transfer/transferConfirmationFromAccTypeTxt' are matched.

2022-06-21 12:47:51 - [TEST_STEP][PASSED] - verifyElementText(findTestObject("Transfer/transferConfirmationFromAccNoTxt", ["accNoFrom":accNoFrom]), accNoFrom): Actual text and expected text of test object 'Object Repository/Transfer/transferConfirmationFromAccNoTxt' are matched.

2022-06-21 12:47:51 - [MESSAGE][PASSED] - Actual text and expected text of test object 'Object Repository/Transfer/transferConfirmationFromAccNoTxt' are matched.

2022-06-21 12:47:51 - [TEST_STEP][PASSED] - verifyElementExist(findTestObject("Transfer/transferConfirmationFromAccBalanceTxt"), 0): Element 'Object Repository/Transfer/transferConfirmationFromAccBalanceTxt' is exist

2022-06-21 12:47:52 - [MESSAGE][WARNING] - Timeout '0' is invalid. Using default page load timeout: '40'

2022-06-21 12:47:52 - [MESSAGE][PASSED] - Element 'Object Repository/Transfer/transferConfirmationFromAccBalanceTxt' is exist

2022-06-21 12:47:52 - [TEST_STEP][PASSED] - accountBalance = getText(findTestObject("Transfer/transferConfirmationFromAccBalanceTxt"), 0): Text of element 'Object Repository/Transfer/transferConfirmationFromAccBalanceTxt' is: 'RM 1,386.07'

2022-06-21 12:47:52 - [MESSAGE][WARNING] - Timeout '0' is invalid. Using default page load timeout: '40'

2022-06-21 12:47:52 - [MESSAGE][PASSED] - Text of element 'Object Repository/Transfer/transferConfirmationFromAccBalanceTxt' is: 'RM 1,386.07'

2022-06-21 12:47:52 - [TEST_STEP][PASSED] - println(accountBalance): null

2022-06-21 12:47:52 - [TEST_STEP][PASSED] - tap(findTestObject("Main/mainTransferNowBtn"), 0): Tapped on element 'Object Repository/Main/mainTransferNowBtn'

2022-06-21 12:47:52 - [MESSAGE][WARNING] - Timeout '0' is invalid. Using default page load timeout: '40'

2022-06-21 12:47:52 - [MESSAGE][PASSED] - Tapped on element 'Object Repository/Main/mainTransferNowBtn'

2022-06-21 12:47:52 - [TEST_STEP][PASSED] - if (verifyElementVisible(findTestObject("Festive Season/seasonalGreetingAngpaoTACNoTxt"), 10, OPTIONAL)): Element 'Object Repository/Festive Season/seasonalGreetingAngpaoTACNoTxt' not found

2022-06-21 12:48:02 - [MESSAGE][WARNING] - Element 'Object Repository/Festive Season/seasonalGreetingAngpaoTACNoTxt' not found

2022-06-21 12:48:02 - [TEST_STEP][FAILED] - else: null

2022-06-21 12:48:02 - [TEST_STEP][PASSED] - delay(3): Delayed 3 second(s)

2022-06-21 12:48:05 - [MESSAGE][PASSED] - Delayed 3 second(s)

2022-06-21 12:48:05 - [TEST_STEP][FAILED] - verifyElementVisible(findTestObject("Main/mainS2UApproveBtn"), 0): Element 'Object Repository/Main/mainS2UApproveBtn' not found

2022-06-21 12:48:05 - [MESSAGE][WARNING] - Timeout '0' is invalid. Using default page load timeout: '40'

2022-06-21 12:48:45 - [MESSAGE][FAILED] - Element 'Object Repository/Main/mainS2UApproveBtn' not found

2022-06-21 12:48:45 - [TEST_STEP][FAILED] - tap(findTestObject("Main/mainS2UApproveBtn"), 0): Object Object Repository/Main/mainS2UApproveBtn not found

2022-06-21 12:48:45 - [MESSAGE][WARNING] - Timeout '0' is invalid. Using default page load timeout: '40'

2022-06-21 12:49:25 - [MESSAGE][FAILED] - Object Object Repository/Main/mainS2UApproveBtn not found

2022-06-21 12:49:25 - [TEST_STEP][PASSED] - delay(10): Delayed 10 second(s)

2022-06-21 12:49:35 - [MESSAGE][PASSED] - Delayed 10 second(s)

2022-06-21 12:49:35 - [TEST_STEP][PASSED] - verifyElementExist(findTestObject("Festive Season/returnAngpaoStatusMessageTxt"), 0): Element 'Object Repository/Festive Season/returnAngpaoStatusMessageTxt' is exist

2022-06-21 12:49:35 - [MESSAGE][WARNING] - Timeout '0' is invalid. Using default page load timeout: '40'

2022-06-21 12:49:35 - [MESSAGE][PASSED] - Element 'Object Repository/Festive Season/returnAngpaoStatusMessageTxt' is exist

2022-06-21 12:49:35 - [TEST_STEP][PASSED] - message = getText(findTestObject("Festive Season/returnAngpaoStatusMessageTxt"), 10): Text of element 'Object Repository/Festive Season/returnAngpaoStatusMessageTxt' is: 'Transfer accepted'

2022-06-21 12:49:36 - [MESSAGE][PASSED] - Text of element 'Object Repository/Festive Season/returnAngpaoStatusMessageTxt' is: 'Transfer accepted'

2022-06-21 12:49:36 - [TEST_STEP][PASSED] - println(message): null

2022-06-21 12:49:36 - [TEST_STEP][PASSED] - assert message == successTransactionMessage: null

2022-06-21 12:49:36 - [TEST_STEP][PASSED] - delay(5): Delayed 5 second(s)

2022-06-21 12:49:41 - [MESSAGE][PASSED] - Delayed 5 second(s)

2022-06-21 12:49:41 - [TEST_STEP][PASSED] - if (value > limit): null

2022-06-21 12:49:41 - [TEST_STEP][PASSED] - else: Element 'Object Repository/Transfer/transferSummaryShareReceiptBtn' is exist

2022-06-21 12:49:41 - [TEST_STEP][PASSED] - verifyElementExist(findTestObject("Transfer/transferSummaryDateTimeTitleTxt"), 0): Element 'Object Repository/Transfer/transferSummaryDateTimeTitleTxt' is exist

2022-06-21 12:49:41 - [MESSAGE][WARNING] - Timeout '0' is invalid. Using default page load timeout: '40'

2022-06-21 12:49:41 - [MESSAGE][PASSED] - Element 'Object Repository/Transfer/transferSummaryDateTimeTitleTxt' is exist

2022-06-21 12:49:41 - [TEST_STEP][PASSED] - verifyElementExist(findTestObject("Transfer/transferSummaryRefIDTitleTxt"), 0): Element 'Object Repository/Transfer/transferSummaryRefIDTitleTxt' is exist

2022-06-21 12:49:41 - [MESSAGE][WARNING] - Timeout '0' is invalid. Using default page load timeout: '40'

2022-06-21 12:49:41 - [MESSAGE][PASSED] - Element 'Object Repository/Transfer/transferSummaryRefIDTitleTxt' is exist

2022-06-21 12:49:41 - [TEST_STEP][PASSED] - verifyElementExist(findTestObject("Transfer/transferSummaryShareReceiptBtn"), 0): Element 'Object Repository/Transfer/transferSummaryShareReceiptBtn' is exist

2022-06-21 12:49:41 - [MESSAGE][WARNING] - Timeout '0' is invalid. Using default page load timeout: '40'

2022-06-21 12:49:41 - [MESSAGE][PASSED] - Element 'Object Repository/Transfer/transferSummaryShareReceiptBtn' is exist

2022-06-21 12:49:41 - [TEST_STEP][PASSED] - delay(5): Delayed 5 second(s)

2022-06-21 12:49:46 - [MESSAGE][PASSED] - Delayed 5 second(s)

2022-06-21 12:49:46 - [TEST_STEP][PASSED] - referenceID = getText(findTestObject("Send Request Money/requestMoneyPaySummaryRefIDTxt"), 0): Text of element 'Object Repository/Send Request Money/requestMoneyPaySummaryRefIDTxt' is: 'Reference ID'

2022-06-21 12:49:46 - [MESSAGE][WARNING] - Timeout '0' is invalid. Using default page load timeout: '40'

2022-06-21 12:49:46 - [MESSAGE][PASSED] - Text of element 'Object Repository/Send Request Money/requestMoneyPaySummaryRefIDTxt' is: 'Reference ID'

2022-06-21 12:49:46 - [TEST_STEP][PASSED] - println(referenceID): null

2022-06-21 12:49:46 - [TEST_STEP][PASSED] - test = dataFolder: null

2022-06-21 12:49:46 - [TEST_STEP][PASSED] - sheetName = "Sheet1": null

2022-06-21 12:49:46 - [TEST_STEP][PASSED] - file1 = new java.io.File(test): null

2022-06-21 12:49:46 - [TEST_STEP][PASSED] - assert file1.exists() == true: null

2022-06-21 12:49:46 - [TEST_STEP][PASSED] - woorkbook1 = getWorkbook(test): null

2022-06-21 12:49:46 - [TEST_STEP][PASSED] - sheet1 = getExcelSheet(woorkbook1, sheetName): null

2022-06-21 12:49:46 - [TEST_STEP][PASSED] - setValueToCellByIndex(sheet1, 3, 1, referenceID): null

2022-06-21 12:49:46 - [TEST_STEP][PASSED] - saveWorkbook(test, woorkbook1): null

2022-06-21 12:49:46 - [TEST_STEP][PASSED] - delay(3): Delayed 3 second(s)

2022-06-21 12:49:49 - [MESSAGE][PASSED] - Delayed 3 second(s)

2022-06-21 12:49:49 - [TEST_STEP][PASSED] - takeScreenshot("/Users/a00139272/Desktop/Screenshot/instantIBGFav.png"): Screenshot is taken

2022-06-21 12:49:50 - [MESSAGE][PASSED] - Screenshot is taken
[[ATTACHMENT|/Users/a00139272/Desktop/Screenshot/instantIBGFav.png]]

2022-06-21 12:49:50 - [TEST_STEP][PASSED] - verifyElementVisible(findTestObject("Main/mainDoneBtn"), 0): Element 'Object Repository/Main/mainDoneBtn' is visible

2022-06-21 12:49:50 - [MESSAGE][WARNING] - Timeout '0' is invalid. Using default page load timeout: '40'

2022-06-21 12:49:50 - [MESSAGE][PASSED] - Element 'Object Repository/Main/mainDoneBtn' is visible

2022-06-21 12:49:50 - [TEST_STEP][PASSED] - tap(findTestObject("Main/mainDoneBtn"), 0): Tapped on element 'Object Repository/Main/mainDoneBtn'

2022-06-21 12:49:50 - [MESSAGE][WARNING] - Timeout '0' is invalid. Using default page load timeout: '40'

2022-06-21 12:49:51 - [MESSAGE][PASSED] - Tapped on element 'Object Repository/Main/mainDoneBtn'

2022-06-21 12:49:51 - [TEST_STEP][PASSED] - if (value < limit): Delayed 5 second(s)

2022-06-21 12:49:51 - [TEST_STEP][PASSED] - delay(5): Delayed 5 second(s)

2022-06-21 12:49:56 - [MESSAGE][PASSED] - Delayed 5 second(s)

2022-06-21 12:49:56 - [TEST_STEP][PASSED] - tap(findTestObject("Main/mainTopLeftBackButton"), 0): Tapped on element 'Object Repository/Main/mainTopLeftBackButton'

2022-06-21 12:49:56 - [MESSAGE][WARNING] - Timeout '0' is invalid. Using default page load timeout: '40'

2022-06-21 12:49:56 - [MESSAGE][PASSED] - Tapped on element 'Object Repository/Main/mainTopLeftBackButton'

2022-06-21 12:49:56 - [TEST_STEP][PASSED] - delay(5): Delayed 5 second(s)

2022-06-21 12:50:01 - [MESSAGE][PASSED] - Delayed 5 second(s)

2022-06-21 12:50:01 - [TEST_STEP][PASSED] - verifyElementVisible(findTestObject("Banking/m2uAccountTypeSelection", ["text":accType]), 10): Element 'Object Repository/Banking/m2uAccountTypeSelection' is visible

2022-06-21 12:50:02 - [MESSAGE][PASSED] - Element 'Object Repository/Banking/m2uAccountTypeSelection' is visible

2022-06-21 12:50:02 - [TEST_STEP][PASSED] - tap(findTestObject("Banking/m2uAccountTypeSelection", ["text":accType]), 10): Tapped on element 'Object Repository/Banking/m2uAccountTypeSelection'

2022-06-21 12:50:02 - [MESSAGE][PASSED] - Tapped on element 'Object Repository/Banking/m2uAccountTypeSelection'

2022-06-21 12:50:02 - [TEST_STEP][PASSED] - delay(5): Delayed 5 second(s)

2022-06-21 12:50:07 - [MESSAGE][PASSED] - Delayed 5 second(s)

2022-06-21 12:50:07 - [TEST_STEP][PASSED] - afterBalance = getText(findTestObject("Main/mainAccountsBalanceTxt"), 0): Text of element 'Object Repository/Main/mainAccountsBalanceTxt' is: 'RM 1,384.07'

2022-06-21 12:50:07 - [MESSAGE][WARNING] - Timeout '0' is invalid. Using default page load timeout: '40'

2022-06-21 12:50:07 - [MESSAGE][PASSED] - Text of element 'Object Repository/Main/mainAccountsBalanceTxt' is: 'RM 1,384.07'

2022-06-21 12:50:07 - [TEST_STEP][PASSED] - newAfterBalance = afterBalance.replaceAll("[^0-9.]", ""): null

2022-06-21 12:50:07 - [TEST_STEP][PASSED] - newAccountBalance = accountBalance.replaceAll("[^0-9.]", ""): null

2022-06-21 12:50:07 - [TEST_STEP][PASSED] - newAfterBalanceF = Float.parseFloat(newAfterBalance): null

2022-06-21 12:50:07 - [TEST_STEP][PASSED] - newAccountBalanceF = Float.parseFloat(newAccountBalance): null

2022-06-21 12:50:07 - [TEST_STEP][PASSED] - println(afterBalance): null

2022-06-21 12:50:07 - [TEST_STEP][PASSED] - println(accountBalance): null

2022-06-21 12:50:07 - [TEST_STEP][PASSED] - println(newAfterBalance): null

2022-06-21 12:50:07 - [TEST_STEP][PASSED] - println(newAccountBalance): null

2022-06-21 12:50:07 - [TEST_STEP][PASSED] - newBalance = newAccountBalanceF - 0.04: null

2022-06-21 12:50:07 - [TEST_STEP][PASSED] - println(newBalance): null

2022-06-21 12:50:07 - [TEST_STEP][PASSED] - delay(5): Delayed 5 second(s)

2022-06-21 12:50:12 - [MESSAGE][PASSED] - Delayed 5 second(s)]]></system-out>
         <system-err><![CDATA[2022-06-21 12:41:38 - [TEST_CASE][FAILED] - Test Cases/Transfer/transfer_instantIBGFav: Test Cases/Transfer/transfer_instantIBGFav FAILED.
Reason:
com.kms.katalon.core.exception.StepFailedException: Element 'Object Repository/Main/mainS2UApproveBtn' not found
	at com.kms.katalon.core.keyword.internal.KeywordMain.stepFailed(KeywordMain.groovy:39)
	at com.kms.katalon.core.mobile.keyword.internal.MobileKeywordMain.stepFailed(MobileKeywordMain.groovy:40)
	at com.kms.katalon.core.mobile.keyword.builtin.VerifyElementVisibleKeyword$_verifyElementVisible_closure1.doCall(VerifyElementVisibleKeyword.groovy:82)
	at com.kms.katalon.core.mobile.keyword.builtin.VerifyElementVisibleKeyword$_verifyElementVisible_closure1.call(VerifyElementVisibleKeyword.groovy)
	at com.kms.katalon.core.mobile.keyword.internal.MobileKeywordMain.runKeyword(MobileKeywordMain.groovy:21)
	at com.kms.katalon.core.mobile.keyword.builtin.VerifyElementVisibleKeyword.verifyElementVisible(VerifyElementVisibleKeyword.groovy:85)
	at com.kms.katalon.core.mobile.keyword.builtin.VerifyElementVisibleKeyword.execute(VerifyElementVisibleKeyword.groovy:64)
	at com.kms.katalon.core.keyword.internal.KeywordExecutor.executeKeywordForPlatform(KeywordExecutor.groovy:74)
	at com.kms.katalon.core.mobile.keyword.MobileBuiltInKeywords.verifyElementVisible(MobileBuiltInKeywords.groovy:2031)
	at com.kms.katalon.core.mobile.keyword.MobileBuiltInKeywords$verifyElementVisible$5.call(Unknown Source)
	at transfer_instantIBGFav.run(transfer_instantIBGFav:355)
	at com.kms.katalon.core.main.ScriptEngine.run(ScriptEngine.java:194)
	at com.kms.katalon.core.main.ScriptEngine.runScriptAsRawText(ScriptEngine.java:119)
	at com.kms.katalon.core.main.TestCaseExecutor.runScript(TestCaseExecutor.java:445)
	at com.kms.katalon.core.main.TestCaseExecutor.doExecute(TestCaseExecutor.java:436)
	at com.kms.katalon.core.main.TestCaseExecutor.processExecutionPhase(TestCaseExecutor.java:415)
	at com.kms.katalon.core.main.TestCaseExecutor.accessMainPhase(TestCaseExecutor.java:407)
	at com.kms.katalon.core.main.TestCaseExecutor.execute(TestCaseExecutor.java:284)
	at com.kms.katalon.core.common.CommonExecutor.accessTestCaseMainPhase(CommonExecutor.java:65)
	at com.kms.katalon.core.main.TestSuiteExecutor.accessTestSuiteMainPhase(TestSuiteExecutor.java:144)
	at com.kms.katalon.core.main.TestSuiteExecutor.execute(TestSuiteExecutor.java:106)
	at com.kms.katalon.core.main.TestCaseMain.startTestSuite(TestCaseMain.java:185)
	at com.kms.katalon.core.main.TestCaseMain$startTestSuite$0.call(Unknown Source)
	at TempTestSuite1655784788947.run(TempTestSuite1655784788947.groovy:36)]]></system-err>
      </testcase>
      <system-out><![CDATA[2022-06-21 12:13:18 - [TEST_SUITE][FAILED] - Regress 3: Test Cases/Transfer/transfer_instantTransferSetFav FAILED.
Reason:
com.kms.katalon.core.exception.StepFailedException: Unable to scroll to text 'PUBLIC BANK' (Root cause: org.openqa.selenium.NoSuchElementException: An element could not be located on the page using the given search parameters.
For documentation on this error, please visit: https://www.seleniumhq.org/exceptions/no_such_element.html
Build info: version: '3.141.59', revision: 'e82be7d358', time: '2018-11-14T08:25:53'
System info: host: '00139272s-MacBook-Pro.local', ip: '2001:e68:6167:4601:85f6:f1eb:65d1:8553%en0', os.name: 'Mac OS X', os.arch: 'x86_64', os.version: '10.16', java.version: '1.8.0_275'
Driver info: com.kms.katalon.core.appium.driver.SwipeableAndroidDriver
Capabilities {app: /Users/a00139272/Katalon St..., appActivity: com.maybank2u.life.MainActi..., appPackage: com.maybank2u.life.sit, appWaitActivity: *, autoGrantPermissions: true, automationName: uiautomator2, chromedriverPort: 57444, databaseEnabled: false, desired: {app: /Users/a00139272/Katalon St..., appActivity: com.maybank2u.life.MainActi..., appPackage: com.maybank2u.life.sit, appWaitActivity: *, autoGrantPermissions: true, automationName: uiautomator2, chromedriverPort: 57444, deviceId: 002b9cc60508, deviceName: Xiaomi 21061119AG (Android 11), fullReset: false, newCommandTimeout: 1800, noReset: true, platform: ANDROID, platformName: android, platformVersion: 11, systemPort: 57442, udid: 002b9cc60508}, deviceApiLevel: 30, deviceId: 002b9cc60508, deviceManufacturer: Xiaomi, deviceModel: 21061119AG, deviceName: 002b9cc60508, deviceScreenDensity: 440, deviceScreenSize: 1080x2400, deviceUDID: 002b9cc60508, fullReset: false, javascriptEnabled: true, locationContextEnabled: false, networkConnectionEnabled: true, newCommandTimeout: 1800, noReset: true, pixelRatio: 2.75, platform: ANDROID, platformName: Android, platformVersion: 11, statBarHeight: 103, systemPort: 57442, takesScreenshot: true, udid: 002b9cc60508, viewportRect: {height: 2064, left: 0, top: 103, width: 1080}, warnings: {}, webStorageEnabled: false}
Session ID: 97632def-2432-4199-ae87-a221ef5de28d
*** Element info: {Using=-android uiautomator, value=new UiScrollable(new UiSelector().scrollable(true).instance(0)).scrollIntoView(new UiSelector().textContains("PUBLIC BANK"))}
	at org.openqa.selenium.remote.http.W3CHttpResponseCodec.createException(W3CHttpResponseCodec.java:187)
	at org.openqa.selenium.remote.http.W3CHttpResponseCodec.decode(W3CHttpResponseCodec.java:122)
	at org.openqa.selenium.remote.http.W3CHttpResponseCodec.decode(W3CHttpResponseCodec.java:49)
	at org.openqa.selenium.remote.HttpCommandExecutor.execute(HttpCommandExecutor.java:158)
	at io.appium.java_client.remote.AppiumCommandExecutor.execute(AppiumCommandExecutor.java:239)
	at org.openqa.selenium.remote.RemoteWebDriver.execute(RemoteWebDriver.java:552)
	at io.appium.java_client.DefaultGenericMobileDriver.execute(DefaultGenericMobileDriver.java:42)
	at io.appium.java_client.AppiumDriver.execute(AppiumDriver.java:1)
	at io.appium.java_client.android.AndroidDriver.execute(AndroidDriver.java:1)
	at com.kms.katalon.core.appium.driver.SwipeableAndroidDriver.execute(SwipeableAndroidDriver.java:1)
	at org.openqa.selenium.remote.RemoteWebDriver.findElement(RemoteWebDriver.java:323)
	at io.appium.java_client.DefaultGenericMobileDriver.findElement(DefaultGenericMobileDriver.java:62)
	at io.appium.java_client.AppiumDriver.findElement(AppiumDriver.java:1)
	at io.appium.java_client.android.AndroidDriver.findElement(AndroidDriver.java:1)
	at com.kms.katalon.core.appium.driver.SwipeableAndroidDriver.findElement(SwipeableAndroidDriver.java:1)
	at io.appium.java_client.FindsByAndroidUIAutomator.findElementByAndroidUIAutomator(FindsByAndroidUIAutomator.java:38)
	at io.appium.java_client.FindsByAndroidUIAutomator$findElementByAndroidUIAutomator.call(Unknown Source)
	at com.kms.katalon.core.mobile.keyword.builtin.ScrollToTextKeyword$_scrollToText_closure1.doCall(ScrollToTextKeyword.groovy:62)
	at com.kms.katalon.core.mobile.keyword.builtin.ScrollToTextKeyword$_scrollToText_closure1.doCall(ScrollToTextKeyword.groovy)
	at com.kms.katalon.core.mobile.keyword.internal.MobileKeywordMain.runKeyword(MobileKeywordMain.groovy:21)
	at com.kms.katalon.core.mobile.keyword.internal.MobileKeywordMain$runKeyword.call(Unknown Source)
	at com.kms.katalon.core.mobile.keyword.builtin.ScrollToTextKeyword.scrollToText(ScrollToTextKeyword.groovy:85)
	at com.kms.katalon.core.mobile.keyword.builtin.ScrollToTextKeyword.execute(ScrollToTextKeyword.groovy:41)
	at com.kms.katalon.core.keyword.internal.KeywordExecutor.executeKeywordForPlatform(KeywordExecutor.groovy:74)
	at com.kms.katalon.core.mobile.keyword.MobileBuiltInKeywords.scrollToText(MobileBuiltInKeywords.groovy:1987)
	at com.kms.katalon.core.mobile.keyword.MobileBuiltInKeywords$scrollToText$9.call(Unknown Source)
	at transfer_instantTransferSetFav.run(transfer_instantTransferSetFav:91)
	at com.kms.katalon.core.main.ScriptEngine.run(ScriptEngine.java:194)
	at com.kms.katalon.core.main.ScriptEngine.runScriptAsRawText(ScriptEngine.java:119)
	at com.kms.katalon.core.main.TestCaseExecutor.runScript(TestCaseExecutor.java:445)
	at com.kms.katalon.core.main.TestCaseExecutor.doExecute(TestCaseExecutor.java:436)
	at com.kms.katalon.core.main.TestCaseExecutor.processExecutionPhase(TestCaseExecutor.java:415)
	at com.kms.katalon.core.main.TestCaseExecutor.accessMainPhase(TestCaseExecutor.java:407)
	at com.kms.katalon.core.main.TestCaseExecutor.execute(TestCaseExecutor.java:284)
	at com.kms.katalon.core.common.CommonExecutor.accessTestCaseMainPhase(CommonExecutor.java:65)
	at com.kms.katalon.core.main.TestSuiteExecutor.accessTestSuiteMainPhase(TestSuiteExecutor.java:144)
	at com.kms.katalon.core.main.TestSuiteExecutor.execute(TestSuiteExecutor.java:106)
	at com.kms.katalon.core.main.TestCaseMain.startTestSuite(TestCaseMain.java:185)
	at com.kms.katalon.core.main.TestCaseMain$startTestSuite$0.call(Unknown Source)
	at TempTestSuite1655784788947.run(TempTestSuite1655784788947.groovy:36)
)
	at com.kms.katalon.core.keyword.internal.KeywordMain.stepFailed(KeywordMain.groovy:50)
	at com.kms.katalon.core.mobile.keyword.internal.MobileKeywordMain.stepFailed(MobileKeywordMain.groovy:40)
	at com.kms.katalon.core.mobile.keyword.internal.MobileKeywordMain.runKeyword(MobileKeywordMain.groovy:23)
	at com.kms.katalon.core.mobile.keyword.internal.MobileKeywordMain$runKeyword.call(Unknown Source)
	at com.kms.katalon.core.mobile.keyword.builtin.ScrollToTextKeyword.scrollToText(ScrollToTextKeyword.groovy:85)
	at com.kms.katalon.core.mobile.keyword.builtin.ScrollToTextKeyword.execute(ScrollToTextKeyword.groovy:41)
	at com.kms.katalon.core.keyword.internal.KeywordExecutor.executeKeywordForPlatform(KeywordExecutor.groovy:74)
	at com.kms.katalon.core.mobile.keyword.MobileBuiltInKeywords.scrollToText(MobileBuiltInKeywords.groovy:1987)
	at com.kms.katalon.core.mobile.keyword.MobileBuiltInKeywords$scrollToText$9.call(Unknown Source)
	at transfer_instantTransferSetFav.run(transfer_instantTransferSetFav:91)
	at com.kms.katalon.core.main.ScriptEngine.run(ScriptEngine.java:194)
	at com.kms.katalon.core.main.ScriptEngine.runScriptAsRawText(ScriptEngine.java:119)
	at com.kms.katalon.core.main.TestCaseExecutor.runScript(TestCaseExecutor.java:445)
	at com.kms.katalon.core.main.TestCaseExecutor.doExecute(TestCaseExecutor.java:436)
	at com.kms.katalon.core.main.TestCaseExecutor.processExecutionPhase(TestCaseExecutor.java:415)
	at com.kms.katalon.core.main.TestCaseExecutor.accessMainPhase(TestCaseExecutor.java:407)
	at com.kms.katalon.core.main.TestCaseExecutor.execute(TestCaseExecutor.java:284)
	at com.kms.katalon.core.common.CommonExecutor.accessTestCaseMainPhase(CommonExecutor.java:65)
	at com.kms.katalon.core.main.TestSuiteExecutor.accessTestSuiteMainPhase(TestSuiteExecutor.java:144)
	at com.kms.katalon.core.main.TestSuiteExecutor.execute(TestSuiteExecutor.java:106)
	at com.kms.katalon.core.main.TestCaseMain.startTestSuite(TestCaseMain.java:185)
	at com.kms.katalon.core.main.TestCaseMain$startTestSuite$0.call(Unknown Source)
	at TempTestSuite1655784788947.run(TempTestSuite1655784788947.groovy:36)
Caused by: org.openqa.selenium.NoSuchElementException: An element could not be located on the page using the given search parameters.
For documentation on this error, please visit: https://www.seleniumhq.org/exceptions/no_such_element.html
Build info: version: '3.141.59', revision: 'e82be7d358', time: '2018-11-14T08:25:53'
System info: host: '00139272s-MacBook-Pro.local', ip: '2001:e68:6167:4601:85f6:f1eb:65d1:8553%en0', os.name: 'Mac OS X', os.arch: 'x86_64', os.version: '10.16', java.version: '1.8.0_275'
Driver info: com.kms.katalon.core.appium.driver.SwipeableAndroidDriver
Capabilities {app: /Users/a00139272/Katalon St..., appActivity: com.maybank2u.life.MainActi..., appPackage: com.maybank2u.life.sit, appWaitActivity: *, autoGrantPermissions: true, automationName: uiautomator2, chromedriverPort: 57444, databaseEnabled: false, desired: {app: /Users/a00139272/Katalon St..., appActivity: com.maybank2u.life.MainActi..., appPackage: com.maybank2u.life.sit, appWaitActivity: *, autoGrantPermissions: true, automationName: uiautomator2, chromedriverPort: 57444, deviceId: 002b9cc60508, deviceName: Xiaomi 21061119AG (Android 11), fullReset: false, newCommandTimeout: 1800, noReset: true, platform: ANDROID, platformName: android, platformVersion: 11, systemPort: 57442, udid: 002b9cc60508}, deviceApiLevel: 30, deviceId: 002b9cc60508, deviceManufacturer: Xiaomi, deviceModel: 21061119AG, deviceName: 002b9cc60508, deviceScreenDensity: 440, deviceScreenSize: 1080x2400, deviceUDID: 002b9cc60508, fullReset: false, javascriptEnabled: true, locationContextEnabled: false, networkConnectionEnabled: true, newCommandTimeout: 1800, noReset: true, pixelRatio: 2.75, platform: ANDROID, platformName: Android, platformVersion: 11, statBarHeight: 103, systemPort: 57442, takesScreenshot: true, udid: 002b9cc60508, viewportRect: {height: 2064, left: 0, top: 103, width: 1080}, warnings: {}, webStorageEnabled: false}
Session ID: 97632def-2432-4199-ae87-a221ef5de28d
*** Element info: {Using=-android uiautomator, value=new UiScrollable(new UiSelector().scrollable(true).instance(0)).scrollIntoView(new UiSelector().textContains("PUBLIC BANK"))}
	at org.openqa.selenium.remote.http.W3CHttpResponseCodec.createException(W3CHttpResponseCodec.java:187)
	at org.openqa.selenium.remote.http.W3CHttpResponseCodec.decode(W3CHttpResponseCodec.java:122)
	at org.openqa.selenium.remote.http.W3CHttpResponseCodec.decode(W3CHttpResponseCodec.java:49)
	at org.openqa.selenium.remote.HttpCommandExecutor.execute(HttpCommandExecutor.java:158)
	at io.appium.java_client.remote.AppiumCommandExecutor.execute(AppiumCommandExecutor.java:239)
	at org.openqa.selenium.remote.RemoteWebDriver.execute(RemoteWebDriver.java:552)
	at io.appium.java_client.DefaultGenericMobileDriver.execute(DefaultGenericMobileDriver.java:42)
	at io.appium.java_client.AppiumDriver.execute(AppiumDriver.java:1)
	at io.appium.java_client.android.AndroidDriver.execute(AndroidDriver.java:1)
	at com.kms.katalon.core.appium.driver.SwipeableAndroidDriver.execute(SwipeableAndroidDriver.java:1)
	at org.openqa.selenium.remote.RemoteWebDriver.findElement(RemoteWebDriver.java:323)
	at io.appium.java_client.DefaultGenericMobileDriver.findElement(DefaultGenericMobileDriver.java:62)
	at io.appium.java_client.AppiumDriver.findElement(AppiumDriver.java:1)
	at io.appium.java_client.android.AndroidDriver.findElement(AndroidDriver.java:1)
	at com.kms.katalon.core.appium.driver.SwipeableAndroidDriver.findElement(SwipeableAndroidDriver.java:1)
	at io.appium.java_client.FindsByAndroidUIAutomator.findElementByAndroidUIAutomator(FindsByAndroidUIAutomator.java:38)
	at io.appium.java_client.FindsByAndroidUIAutomator$findElementByAndroidUIAutomator.call(Unknown Source)
	at com.kms.katalon.core.mobile.keyword.builtin.ScrollToTextKeyword$_scrollToText_closure1.doCall(ScrollToTextKeyword.groovy:62)
	at com.kms.katalon.core.mobile.keyword.builtin.ScrollToTextKeyword$_scrollToText_closure1.doCall(ScrollToTextKeyword.groovy)
	at com.kms.katalon.core.mobile.keyword.internal.MobileKeywordMain.runKeyword(MobileKeywordMain.groovy:21)
	... 20 more]]></system-out>
      <system-err><![CDATA[2022-06-21 12:13:18 - [TEST_SUITE][FAILED] - Regress 3: Test Cases/Transfer/transfer_instantTransferSetFav FAILED.
Reason:
com.kms.katalon.core.exception.StepFailedException: Unable to scroll to text 'PUBLIC BANK' (Root cause: org.openqa.selenium.NoSuchElementException: An element could not be located on the page using the given search parameters.
For documentation on this error, please visit: https://www.seleniumhq.org/exceptions/no_such_element.html
Build info: version: '3.141.59', revision: 'e82be7d358', time: '2018-11-14T08:25:53'
System info: host: '00139272s-MacBook-Pro.local', ip: '2001:e68:6167:4601:85f6:f1eb:65d1:8553%en0', os.name: 'Mac OS X', os.arch: 'x86_64', os.version: '10.16', java.version: '1.8.0_275'
Driver info: com.kms.katalon.core.appium.driver.SwipeableAndroidDriver
Capabilities {app: /Users/a00139272/Katalon St..., appActivity: com.maybank2u.life.MainActi..., appPackage: com.maybank2u.life.sit, appWaitActivity: *, autoGrantPermissions: true, automationName: uiautomator2, chromedriverPort: 57444, databaseEnabled: false, desired: {app: /Users/a00139272/Katalon St..., appActivity: com.maybank2u.life.MainActi..., appPackage: com.maybank2u.life.sit, appWaitActivity: *, autoGrantPermissions: true, automationName: uiautomator2, chromedriverPort: 57444, deviceId: 002b9cc60508, deviceName: Xiaomi 21061119AG (Android 11), fullReset: false, newCommandTimeout: 1800, noReset: true, platform: ANDROID, platformName: android, platformVersion: 11, systemPort: 57442, udid: 002b9cc60508}, deviceApiLevel: 30, deviceId: 002b9cc60508, deviceManufacturer: Xiaomi, deviceModel: 21061119AG, deviceName: 002b9cc60508, deviceScreenDensity: 440, deviceScreenSize: 1080x2400, deviceUDID: 002b9cc60508, fullReset: false, javascriptEnabled: true, locationContextEnabled: false, networkConnectionEnabled: true, newCommandTimeout: 1800, noReset: true, pixelRatio: 2.75, platform: ANDROID, platformName: Android, platformVersion: 11, statBarHeight: 103, systemPort: 57442, takesScreenshot: true, udid: 002b9cc60508, viewportRect: {height: 2064, left: 0, top: 103, width: 1080}, warnings: {}, webStorageEnabled: false}
Session ID: 97632def-2432-4199-ae87-a221ef5de28d
*** Element info: {Using=-android uiautomator, value=new UiScrollable(new UiSelector().scrollable(true).instance(0)).scrollIntoView(new UiSelector().textContains("PUBLIC BANK"))}
	at org.openqa.selenium.remote.http.W3CHttpResponseCodec.createException(W3CHttpResponseCodec.java:187)
	at org.openqa.selenium.remote.http.W3CHttpResponseCodec.decode(W3CHttpResponseCodec.java:122)
	at org.openqa.selenium.remote.http.W3CHttpResponseCodec.decode(W3CHttpResponseCodec.java:49)
	at org.openqa.selenium.remote.HttpCommandExecutor.execute(HttpCommandExecutor.java:158)
	at io.appium.java_client.remote.AppiumCommandExecutor.execute(AppiumCommandExecutor.java:239)
	at org.openqa.selenium.remote.RemoteWebDriver.execute(RemoteWebDriver.java:552)
	at io.appium.java_client.DefaultGenericMobileDriver.execute(DefaultGenericMobileDriver.java:42)
	at io.appium.java_client.AppiumDriver.execute(AppiumDriver.java:1)
	at io.appium.java_client.android.AndroidDriver.execute(AndroidDriver.java:1)
	at com.kms.katalon.core.appium.driver.SwipeableAndroidDriver.execute(SwipeableAndroidDriver.java:1)
	at org.openqa.selenium.remote.RemoteWebDriver.findElement(RemoteWebDriver.java:323)
	at io.appium.java_client.DefaultGenericMobileDriver.findElement(DefaultGenericMobileDriver.java:62)
	at io.appium.java_client.AppiumDriver.findElement(AppiumDriver.java:1)
	at io.appium.java_client.android.AndroidDriver.findElement(AndroidDriver.java:1)
	at com.kms.katalon.core.appium.driver.SwipeableAndroidDriver.findElement(SwipeableAndroidDriver.java:1)
	at io.appium.java_client.FindsByAndroidUIAutomator.findElementByAndroidUIAutomator(FindsByAndroidUIAutomator.java:38)
	at io.appium.java_client.FindsByAndroidUIAutomator$findElementByAndroidUIAutomator.call(Unknown Source)
	at com.kms.katalon.core.mobile.keyword.builtin.ScrollToTextKeyword$_scrollToText_closure1.doCall(ScrollToTextKeyword.groovy:62)
	at com.kms.katalon.core.mobile.keyword.builtin.ScrollToTextKeyword$_scrollToText_closure1.doCall(ScrollToTextKeyword.groovy)
	at com.kms.katalon.core.mobile.keyword.internal.MobileKeywordMain.runKeyword(MobileKeywordMain.groovy:21)
	at com.kms.katalon.core.mobile.keyword.internal.MobileKeywordMain$runKeyword.call(Unknown Source)
	at com.kms.katalon.core.mobile.keyword.builtin.ScrollToTextKeyword.scrollToText(ScrollToTextKeyword.groovy:85)
	at com.kms.katalon.core.mobile.keyword.builtin.ScrollToTextKeyword.execute(ScrollToTextKeyword.groovy:41)
	at com.kms.katalon.core.keyword.internal.KeywordExecutor.executeKeywordForPlatform(KeywordExecutor.groovy:74)
	at com.kms.katalon.core.mobile.keyword.MobileBuiltInKeywords.scrollToText(MobileBuiltInKeywords.groovy:1987)
	at com.kms.katalon.core.mobile.keyword.MobileBuiltInKeywords$scrollToText$9.call(Unknown Source)
	at transfer_instantTransferSetFav.run(transfer_instantTransferSetFav:91)
	at com.kms.katalon.core.main.ScriptEngine.run(ScriptEngine.java:194)
	at com.kms.katalon.core.main.ScriptEngine.runScriptAsRawText(ScriptEngine.java:119)
	at com.kms.katalon.core.main.TestCaseExecutor.runScript(TestCaseExecutor.java:445)
	at com.kms.katalon.core.main.TestCaseExecutor.doExecute(TestCaseExecutor.java:436)
	at com.kms.katalon.core.main.TestCaseExecutor.processExecutionPhase(TestCaseExecutor.java:415)
	at com.kms.katalon.core.main.TestCaseExecutor.accessMainPhase(TestCaseExecutor.java:407)
	at com.kms.katalon.core.main.TestCaseExecutor.execute(TestCaseExecutor.java:284)
	at com.kms.katalon.core.common.CommonExecutor.accessTestCaseMainPhase(CommonExecutor.java:65)
	at com.kms.katalon.core.main.TestSuiteExecutor.accessTestSuiteMainPhase(TestSuiteExecutor.java:144)
	at com.kms.katalon.core.main.TestSuiteExecutor.execute(TestSuiteExecutor.java:106)
	at com.kms.katalon.core.main.TestCaseMain.startTestSuite(TestCaseMain.java:185)
	at com.kms.katalon.core.main.TestCaseMain$startTestSuite$0.call(Unknown Source)
	at TempTestSuite1655784788947.run(TempTestSuite1655784788947.groovy:36)
)
	at com.kms.katalon.core.keyword.internal.KeywordMain.stepFailed(KeywordMain.groovy:50)
	at com.kms.katalon.core.mobile.keyword.internal.MobileKeywordMain.stepFailed(MobileKeywordMain.groovy:40)
	at com.kms.katalon.core.mobile.keyword.internal.MobileKeywordMain.runKeyword(MobileKeywordMain.groovy:23)
	at com.kms.katalon.core.mobile.keyword.internal.MobileKeywordMain$runKeyword.call(Unknown Source)
	at com.kms.katalon.core.mobile.keyword.builtin.ScrollToTextKeyword.scrollToText(ScrollToTextKeyword.groovy:85)
	at com.kms.katalon.core.mobile.keyword.builtin.ScrollToTextKeyword.execute(ScrollToTextKeyword.groovy:41)
	at com.kms.katalon.core.keyword.internal.KeywordExecutor.executeKeywordForPlatform(KeywordExecutor.groovy:74)
	at com.kms.katalon.core.mobile.keyword.MobileBuiltInKeywords.scrollToText(MobileBuiltInKeywords.groovy:1987)
	at com.kms.katalon.core.mobile.keyword.MobileBuiltInKeywords$scrollToText$9.call(Unknown Source)
	at transfer_instantTransferSetFav.run(transfer_instantTransferSetFav:91)
	at com.kms.katalon.core.main.ScriptEngine.run(ScriptEngine.java:194)
	at com.kms.katalon.core.main.ScriptEngine.runScriptAsRawText(ScriptEngine.java:119)
	at com.kms.katalon.core.main.TestCaseExecutor.runScript(TestCaseExecutor.java:445)
	at com.kms.katalon.core.main.TestCaseExecutor.doExecute(TestCaseExecutor.java:436)
	at com.kms.katalon.core.main.TestCaseExecutor.processExecutionPhase(TestCaseExecutor.java:415)
	at com.kms.katalon.core.main.TestCaseExecutor.accessMainPhase(TestCaseExecutor.java:407)
	at com.kms.katalon.core.main.TestCaseExecutor.execute(TestCaseExecutor.java:284)
	at com.kms.katalon.core.common.CommonExecutor.accessTestCaseMainPhase(CommonExecutor.java:65)
	at com.kms.katalon.core.main.TestSuiteExecutor.accessTestSuiteMainPhase(TestSuiteExecutor.java:144)
	at com.kms.katalon.core.main.TestSuiteExecutor.execute(TestSuiteExecutor.java:106)
	at com.kms.katalon.core.main.TestCaseMain.startTestSuite(TestCaseMain.java:185)
	at com.kms.katalon.core.main.TestCaseMain$startTestSuite$0.call(Unknown Source)
	at TempTestSuite1655784788947.run(TempTestSuite1655784788947.groovy:36)
Caused by: org.openqa.selenium.NoSuchElementException: An element could not be located on the page using the given search parameters.
For documentation on this error, please visit: https://www.seleniumhq.org/exceptions/no_such_element.html
Build info: version: '3.141.59', revision: 'e82be7d358', time: '2018-11-14T08:25:53'
System info: host: '00139272s-MacBook-Pro.local', ip: '2001:e68:6167:4601:85f6:f1eb:65d1:8553%en0', os.name: 'Mac OS X', os.arch: 'x86_64', os.version: '10.16', java.version: '1.8.0_275'
Driver info: com.kms.katalon.core.appium.driver.SwipeableAndroidDriver
Capabilities {app: /Users/a00139272/Katalon St..., appActivity: com.maybank2u.life.MainActi..., appPackage: com.maybank2u.life.sit, appWaitActivity: *, autoGrantPermissions: true, automationName: uiautomator2, chromedriverPort: 57444, databaseEnabled: false, desired: {app: /Users/a00139272/Katalon St..., appActivity: com.maybank2u.life.MainActi..., appPackage: com.maybank2u.life.sit, appWaitActivity: *, autoGrantPermissions: true, automationName: uiautomator2, chromedriverPort: 57444, deviceId: 002b9cc60508, deviceName: Xiaomi 21061119AG (Android 11), fullReset: false, newCommandTimeout: 1800, noReset: true, platform: ANDROID, platformName: android, platformVersion: 11, systemPort: 57442, udid: 002b9cc60508}, deviceApiLevel: 30, deviceId: 002b9cc60508, deviceManufacturer: Xiaomi, deviceModel: 21061119AG, deviceName: 002b9cc60508, deviceScreenDensity: 440, deviceScreenSize: 1080x2400, deviceUDID: 002b9cc60508, fullReset: false, javascriptEnabled: true, locationContextEnabled: false, networkConnectionEnabled: true, newCommandTimeout: 1800, noReset: true, pixelRatio: 2.75, platform: ANDROID, platformName: Android, platformVersion: 11, statBarHeight: 103, systemPort: 57442, takesScreenshot: true, udid: 002b9cc60508, viewportRect: {height: 2064, left: 0, top: 103, width: 1080}, warnings: {}, webStorageEnabled: false}
Session ID: 97632def-2432-4199-ae87-a221ef5de28d
*** Element info: {Using=-android uiautomator, value=new UiScrollable(new UiSelector().scrollable(true).instance(0)).scrollIntoView(new UiSelector().textContains("PUBLIC BANK"))}
	at org.openqa.selenium.remote.http.W3CHttpResponseCodec.createException(W3CHttpResponseCodec.java:187)
	at org.openqa.selenium.remote.http.W3CHttpResponseCodec.decode(W3CHttpResponseCodec.java:122)
	at org.openqa.selenium.remote.http.W3CHttpResponseCodec.decode(W3CHttpResponseCodec.java:49)
	at org.openqa.selenium.remote.HttpCommandExecutor.execute(HttpCommandExecutor.java:158)
	at io.appium.java_client.remote.AppiumCommandExecutor.execute(AppiumCommandExecutor.java:239)
	at org.openqa.selenium.remote.RemoteWebDriver.execute(RemoteWebDriver.java:552)
	at io.appium.java_client.DefaultGenericMobileDriver.execute(DefaultGenericMobileDriver.java:42)
	at io.appium.java_client.AppiumDriver.execute(AppiumDriver.java:1)
	at io.appium.java_client.android.AndroidDriver.execute(AndroidDriver.java:1)
	at com.kms.katalon.core.appium.driver.SwipeableAndroidDriver.execute(SwipeableAndroidDriver.java:1)
	at org.openqa.selenium.remote.RemoteWebDriver.findElement(RemoteWebDriver.java:323)
	at io.appium.java_client.DefaultGenericMobileDriver.findElement(DefaultGenericMobileDriver.java:62)
	at io.appium.java_client.AppiumDriver.findElement(AppiumDriver.java:1)
	at io.appium.java_client.android.AndroidDriver.findElement(AndroidDriver.java:1)
	at com.kms.katalon.core.appium.driver.SwipeableAndroidDriver.findElement(SwipeableAndroidDriver.java:1)
	at io.appium.java_client.FindsByAndroidUIAutomator.findElementByAndroidUIAutomator(FindsByAndroidUIAutomator.java:38)
	at io.appium.java_client.FindsByAndroidUIAutomator$findElementByAndroidUIAutomator.call(Unknown Source)
	at com.kms.katalon.core.mobile.keyword.builtin.ScrollToTextKeyword$_scrollToText_closure1.doCall(ScrollToTextKeyword.groovy:62)
	at com.kms.katalon.core.mobile.keyword.builtin.ScrollToTextKeyword$_scrollToText_closure1.doCall(ScrollToTextKeyword.groovy)
	at com.kms.katalon.core.mobile.keyword.internal.MobileKeywordMain.runKeyword(MobileKeywordMain.groovy:21)
	... 20 more]]></system-err>
   </testsuite>
</testsuites>
