<?xml version="1.0" encoding="UTF-8"?>
<testsuites name="CICS BAU" time="129.372" tests="1" failures="0" errors="0">
   <testsuite name="CICS BAU" tests="1" failures="0" errors="0" time="129.372" skipped="0" timestamp="2022-02-15 15:36:14" hostname="a00139272 - 192.168.0.189" id="Test Suites/CICS BAU">
      <properties>
         <property name="deviceName" value="samsung SM-G965F (Android 10)"/>
         <property name="devicePlatform" value=""/>
         <property name="logFolder" value="/Users/a00139272/Katalon Studio/MAEAutomation2/Reports/20220215_153604/CICS BAU/20220215_153604"/>
         <property name="logFiles" value="/Users/a00139272/Katalon Studio/MAEAutomation2/Reports/20220215_153604/CICS BAU/20220215_153604/execution0.log, /Users/a00139272/Katalon Studio/MAEAutomation2/Reports/20220215_153604/CICS BAU/20220215_153604/appium.log"/>
         <property name="attachments" value="/Users/a00139272/Katalon Studio/Screenshot/s2/Withdraw/Screenshot 1.png, /Users/a00139272/Katalon Studio/Screenshot/s2/Withdraw/Screenshot 1.png, /Users/a00139272/Katalon Studio/Screenshot/s2/Withdraw/Screenshot 2.png, /Users/a00139272/Katalon Studio/Screenshot/s2/Withdraw/Screenshot 2.png, /Users/a00139272/Katalon Studio/Screenshot/s2/Withdraw/Screenshot 2.png, /Users/a00139272/Katalon Studio/Screenshot/s2/Withdraw/Screenshot 2.png, /Users/a00139272/Katalon Studio/Screenshot/s2/Withdraw/Screenshot 3.png, /Users/a00139272/Katalon Studio/Screenshot/s2/Withdraw/Screenshot 3.png, /Users/a00139272/Katalon Studio/Screenshot/s2/Withdraw/Screenshot 4.png, /Users/a00139272/Katalon Studio/Screenshot/s2/Withdraw/Screenshot 4.png, /Users/a00139272/Katalon Studio/Screenshot/s2/Withdraw/Screenshot 5.png, /Users/a00139272/Katalon Studio/Screenshot/s2/Withdraw/Screenshot 5.png, /Users/a00139272/Katalon Studio/Screenshot/s2/Withdraw/Screenshot 6.png, /Users/a00139272/Katalon Studio/Screenshot/s2/Withdraw/Screenshot 6.png, /Users/a00139272/Katalon Studio/Screenshot/s2/Withdraw/Screenshot 7.png, /Users/a00139272/Katalon Studio/Screenshot/s2/Withdraw/Screenshot 7.png, /Users/a00139272/Katalon Studio/Screenshot/s2/Withdraw/Screenshot 8.png, /Users/a00139272/Katalon Studio/Screenshot/s2/Withdraw/Screenshot 8.png, /Users/a00139272/Katalon Studio/Screenshot/s2/Withdraw/Screenshot 9.png, /Users/a00139272/Katalon Studio/Screenshot/s2/Withdraw/Screenshot 9.png, /Users/a00139272/Katalon Studio/Screenshot/s2/Withdraw/Screenshot 10.png, /Users/a00139272/Katalon Studio/Screenshot/s2/Withdraw/Screenshot 10.png"/>
         <property name="hostName" value="a00139272 - 192.168.0.189"/>
         <property name="os" value="Mac OS X 64bit"/>
         <property name="appiumServerStatus" value="{&quot;value&quot;:{&quot;build&quot;:{&quot;version&quot;:&quot;1.22.1&quot;}},&quot;sessionId&quot;:null,&quot;status&quot;:0}"/>
         <property name="katalonVersion" value="8.2.0.208"/>
         <property name="deviceOS" value="Android"/>
         <property name="appiumVersion" value="1.22.1"/>
         <property name="deviceModel" value="SM-G965F"/>
         <property name="hostAddress" value="192.168.0.189"/>
         <property name="deviceManufacturer" value="samsung"/>
         <property name="deviceId" value="2252c030550d7ece"/>
         <property name="deviceName" value="samsung SM-G965F (Android 10)"/>
         <property name="deviceOSVersion" value="10"/>
      </properties>
      <testcase name="Test Cases/Tabung/tabung_withdrawTabung" time="129.174" classname="Test Cases/Tabung/tabung_withdrawTabung" status="PASSED">
         <system-out><![CDATA[2022-02-15 15:36:15 - [TEST_CASE][PASSED] - Test Cases/Tabung/tabung_withdrawTabung: Test Cases/Tabung/tabung_withdrawTabung

2022-02-15 15:36:15 - [TEST_STEP][PASSED] - startApplication("/Users/a00139272/Katalon Studio/MAE/androidapp/app-sit-universal-release-copy.apk", false): Started app at: '/Users/a00139272/Katalon Studio/MAE/androidapp/app-sit-universal-release-copy.apk'

2022-02-15 15:36:15 - [MESSAGE][INFO] - User set preference: ['appWaitActivity', '*']

2022-02-15 15:36:15 - [MESSAGE][INFO] - User set preference: ['deviceId', '2252c030550d7ece']

2022-02-15 15:36:17 - [MESSAGE][INFO] - Appium server started on port 61,943

2022-02-15 15:36:28 - [MESSAGE][PASSED] - Started app at: '/Users/a00139272/Katalon Studio/MAE/androidapp/app-sit-universal-release-copy.apk'

2022-02-15 15:36:28 - [TEST_STEP][PASSED] - setMobileDriverPreferencesProperty("appPackage", "com.maybank2u.life.sit"): null

2022-02-15 15:36:28 - [TEST_STEP][PASSED] - setMobileDriverPreferencesProperty("appActivity", "com.maybank2u.life.sit.MainActivity"): null

2022-02-15 15:36:28 - [TEST_STEP][PASSED] - delay(3): Delayed 3 second(s)

2022-02-15 15:36:31 - [MESSAGE][PASSED] - Delayed 3 second(s)

2022-02-15 15:36:31 - [TEST_STEP][PASSED] - takeScreenshot("/Users/a00139272/Katalon Studio/Screenshot/s2/Withdraw/Screenshot 1.png"): Screenshot is taken

2022-02-15 15:36:33 - [MESSAGE][PASSED] - Screenshot is taken
[[ATTACHMENT|/Users/a00139272/Katalon Studio/Screenshot/s2/Withdraw/Screenshot 1.png]]

2022-02-15 15:36:33 - [MESSAGE][PASSED] - Screenshot is taken
[[ATTACHMENT|/Users/a00139272/Katalon Studio/Screenshot/s2/Withdraw/Screenshot 1.png]]

2022-02-15 15:36:33 - [TEST_STEP][PASSED] - if (getDeviceManufacturer() == "samsung"): null

2022-02-15 15:36:33 - [MESSAGE][PASSED] - Device manufacturer is: 'samsung'

2022-02-15 15:36:33 - [TEST_STEP][PASSED] - tapAtPosition(1250, 2667): Tapped at [1,250, 2,667]

2022-02-15 15:36:33 - [MESSAGE][PASSED] - Tapped at [1,250, 2,667]

2022-02-15 15:36:33 - [TEST_STEP][PASSED] - tapAtPosition(1250, 2667): Tapped at [1,250, 2,667]

2022-02-15 15:36:35 - [MESSAGE][PASSED] - Tapped at [1,250, 2,667]

2022-02-15 15:36:35 - [TEST_STEP][PASSED] - waitForElementPresent(findTestObject("Tabung/moreTabungIconSelect"), 0): Element 'Object Repository/Tabung/moreTabungIconSelect' is present

2022-02-15 15:36:35 - [MESSAGE][WARNING] - Timeout '0' is invalid. Using default page load timeout: '20'

2022-02-15 15:36:36 - [MESSAGE][PASSED] - Element 'Object Repository/Tabung/moreTabungIconSelect' is present

2022-02-15 15:36:36 - [TEST_STEP][PASSED] - takeScreenshot("/Users/a00139272/Katalon Studio/Screenshot/s2/Withdraw/Screenshot 2.png"): Screenshot is taken

2022-02-15 15:36:37 - [MESSAGE][PASSED] - Screenshot is taken
[[ATTACHMENT|/Users/a00139272/Katalon Studio/Screenshot/s2/Withdraw/Screenshot 2.png]]

2022-02-15 15:36:37 - [MESSAGE][PASSED] - Screenshot is taken
[[ATTACHMENT|/Users/a00139272/Katalon Studio/Screenshot/s2/Withdraw/Screenshot 2.png]]

2022-02-15 15:36:37 - [TEST_STEP][PASSED] - tap(findTestObject("Tabung/moreTabungIconSelect"), 0): Tapped on element 'Object Repository/Tabung/moreTabungIconSelect'

2022-02-15 15:36:37 - [MESSAGE][WARNING] - Timeout '0' is invalid. Using default page load timeout: '20'

2022-02-15 15:36:39 - [MESSAGE][PASSED] - Tapped on element 'Object Repository/Tabung/moreTabungIconSelect'

2022-02-15 15:36:39 - [TEST_STEP][PASSED] - if (verifyElementVisible(findTestObject("Main/mainEnterPINMessage"), 0, OPTIONAL)): null

2022-02-15 15:36:39 - [MESSAGE][WARNING] - Timeout '0' is invalid. Using default page load timeout: '20'

2022-02-15 15:36:40 - [MESSAGE][PASSED] - Element 'Object Repository/Main/mainEnterPINMessage' is visible

2022-02-15 15:36:40 - [TEST_STEP][PASSED] - tap(findTestObject("Login Onboarding/PIN1"), 0): Tapped on element 'Object Repository/Login Onboarding/PIN1'

2022-02-15 15:36:40 - [MESSAGE][WARNING] - Timeout '0' is invalid. Using default page load timeout: '20'

2022-02-15 15:36:40 - [MESSAGE][PASSED] - Tapped on element 'Object Repository/Login Onboarding/PIN1'

2022-02-15 15:36:40 - [TEST_STEP][PASSED] - tap(findTestObject("Login Onboarding/PIN1"), 0): Tapped on element 'Object Repository/Login Onboarding/PIN1'

2022-02-15 15:36:40 - [MESSAGE][WARNING] - Timeout '0' is invalid. Using default page load timeout: '20'

2022-02-15 15:36:42 - [MESSAGE][PASSED] - Tapped on element 'Object Repository/Login Onboarding/PIN1'

2022-02-15 15:36:42 - [TEST_STEP][PASSED] - tap(findTestObject("Login Onboarding/PIN1"), 0): Tapped on element 'Object Repository/Login Onboarding/PIN1'

2022-02-15 15:36:42 - [MESSAGE][WARNING] - Timeout '0' is invalid. Using default page load timeout: '20'

2022-02-15 15:36:44 - [MESSAGE][PASSED] - Tapped on element 'Object Repository/Login Onboarding/PIN1'

2022-02-15 15:36:44 - [TEST_STEP][PASSED] - tap(findTestObject("Login Onboarding/PIN1"), 0): Tapped on element 'Object Repository/Login Onboarding/PIN1'

2022-02-15 15:36:44 - [MESSAGE][WARNING] - Timeout '0' is invalid. Using default page load timeout: '20'

2022-02-15 15:36:46 - [MESSAGE][PASSED] - Tapped on element 'Object Repository/Login Onboarding/PIN1'

2022-02-15 15:36:46 - [TEST_STEP][PASSED] - tap(findTestObject("Login Onboarding/PIN1"), 0): Tapped on element 'Object Repository/Login Onboarding/PIN1'

2022-02-15 15:36:46 - [MESSAGE][WARNING] - Timeout '0' is invalid. Using default page load timeout: '20'

2022-02-15 15:36:48 - [MESSAGE][PASSED] - Tapped on element 'Object Repository/Login Onboarding/PIN1'

2022-02-15 15:36:48 - [TEST_STEP][PASSED] - tap(findTestObject("Login Onboarding/PIN2"), 0): Tapped on element 'Object Repository/Login Onboarding/PIN2'

2022-02-15 15:36:48 - [MESSAGE][WARNING] - Timeout '0' is invalid. Using default page load timeout: '20'

2022-02-15 15:36:50 - [MESSAGE][PASSED] - Tapped on element 'Object Repository/Login Onboarding/PIN2'

2022-02-15 15:36:50 - [TEST_STEP][PASSED] - delay(2): Delayed 2 second(s)

2022-02-15 15:36:52 - [MESSAGE][PASSED] - Delayed 2 second(s)

2022-02-15 15:36:52 - [TEST_STEP][PASSED] - delay(2): Delayed 2 second(s)

2022-02-15 15:36:54 - [MESSAGE][PASSED] - Delayed 2 second(s)

2022-02-15 15:36:54 - [TEST_STEP][PASSED] - takeScreenshot("/Users/a00139272/Katalon Studio/Screenshot/s2/Withdraw/Screenshot 2.png"): Screenshot is taken

2022-02-15 15:36:54 - [MESSAGE][PASSED] - Screenshot is taken
[[ATTACHMENT|/Users/a00139272/Katalon Studio/Screenshot/s2/Withdraw/Screenshot 2.png]]

2022-02-15 15:36:54 - [MESSAGE][PASSED] - Screenshot is taken
[[ATTACHMENT|/Users/a00139272/Katalon Studio/Screenshot/s2/Withdraw/Screenshot 2.png]]

2022-02-15 15:36:54 - [TEST_STEP][PASSED] - tap(findTestObject("Tabung/tabungNameSelection", ["text":"Test Brazil"]), 10): Tapped on element 'Object Repository/Tabung/tabungNameSelection'

2022-02-15 15:36:58 - [MESSAGE][PASSED] - Tapped on element 'Object Repository/Tabung/tabungNameSelection'

2022-02-15 15:36:58 - [TEST_STEP][PASSED] - delay(5): Delayed 5 second(s)

2022-02-15 15:37:03 - [MESSAGE][PASSED] - Delayed 5 second(s)

2022-02-15 15:37:03 - [TEST_STEP][PASSED] - takeScreenshot("/Users/a00139272/Katalon Studio/Screenshot/s2/Withdraw/Screenshot 3.png"): Screenshot is taken

2022-02-15 15:37:04 - [MESSAGE][PASSED] - Screenshot is taken
[[ATTACHMENT|/Users/a00139272/Katalon Studio/Screenshot/s2/Withdraw/Screenshot 3.png]]

2022-02-15 15:37:04 - [MESSAGE][PASSED] - Screenshot is taken
[[ATTACHMENT|/Users/a00139272/Katalon Studio/Screenshot/s2/Withdraw/Screenshot 3.png]]

2022-02-15 15:37:04 - [TEST_STEP][PASSED] - tap(findTestObject("Tabung/tabungThreeDotsBtn"), 0): Tapped on element 'Object Repository/Tabung/tabungThreeDotsBtn'

2022-02-15 15:37:04 - [MESSAGE][WARNING] - Timeout '0' is invalid. Using default page load timeout: '20'

2022-02-15 15:37:05 - [MESSAGE][PASSED] - Tapped on element 'Object Repository/Tabung/tabungThreeDotsBtn'

2022-02-15 15:37:05 - [TEST_STEP][PASSED] - delay(2): Delayed 2 second(s)

2022-02-15 15:37:07 - [MESSAGE][PASSED] - Delayed 2 second(s)

2022-02-15 15:37:07 - [TEST_STEP][PASSED] - takeScreenshot("/Users/a00139272/Katalon Studio/Screenshot/s2/Withdraw/Screenshot 4.png"): Screenshot is taken

2022-02-15 15:37:08 - [MESSAGE][PASSED] - Screenshot is taken
[[ATTACHMENT|/Users/a00139272/Katalon Studio/Screenshot/s2/Withdraw/Screenshot 4.png]]

2022-02-15 15:37:08 - [MESSAGE][PASSED] - Screenshot is taken
[[ATTACHMENT|/Users/a00139272/Katalon Studio/Screenshot/s2/Withdraw/Screenshot 4.png]]

2022-02-15 15:37:08 - [TEST_STEP][PASSED] - tap(findTestObject("Tabung/tabungWithdrawFundBtn"), 0): Tapped on element 'Object Repository/Tabung/tabungWithdrawFundBtn'

2022-02-15 15:37:08 - [MESSAGE][WARNING] - Timeout '0' is invalid. Using default page load timeout: '20'

2022-02-15 15:37:08 - [MESSAGE][PASSED] - Tapped on element 'Object Repository/Tabung/tabungWithdrawFundBtn'

2022-02-15 15:37:08 - [TEST_STEP][PASSED] - delay(2): Delayed 2 second(s)

2022-02-15 15:37:10 - [MESSAGE][PASSED] - Delayed 2 second(s)

2022-02-15 15:37:10 - [TEST_STEP][PASSED] - takeScreenshot("/Users/a00139272/Katalon Studio/Screenshot/s2/Withdraw/Screenshot 5.png"): Screenshot is taken

2022-02-15 15:37:11 - [MESSAGE][PASSED] - Screenshot is taken
[[ATTACHMENT|/Users/a00139272/Katalon Studio/Screenshot/s2/Withdraw/Screenshot 5.png]]

2022-02-15 15:37:11 - [MESSAGE][PASSED] - Screenshot is taken
[[ATTACHMENT|/Users/a00139272/Katalon Studio/Screenshot/s2/Withdraw/Screenshot 5.png]]

2022-02-15 15:37:11 - [TEST_STEP][PASSED] - tap(findTestObject("Tabung/tabungWithdrawConfirmBtn"), 0): Tapped on element 'Object Repository/Tabung/tabungWithdrawConfirmBtn'

2022-02-15 15:37:11 - [MESSAGE][WARNING] - Timeout '0' is invalid. Using default page load timeout: '20'

2022-02-15 15:37:12 - [MESSAGE][PASSED] - Tapped on element 'Object Repository/Tabung/tabungWithdrawConfirmBtn'

2022-02-15 15:37:12 - [TEST_STEP][PASSED] - delay(2): Delayed 2 second(s)

2022-02-15 15:37:14 - [MESSAGE][PASSED] - Delayed 2 second(s)

2022-02-15 15:37:14 - [TEST_STEP][PASSED] - tap(findTestObject("Login Onboarding/PIN1"), 0): Tapped on element 'Object Repository/Login Onboarding/PIN1'

2022-02-15 15:37:14 - [MESSAGE][WARNING] - Timeout '0' is invalid. Using default page load timeout: '20'

2022-02-15 15:37:14 - [MESSAGE][PASSED] - Tapped on element 'Object Repository/Login Onboarding/PIN1'

2022-02-15 15:37:14 - [TEST_STEP][PASSED] - delay(2): Delayed 2 second(s)

2022-02-15 15:37:16 - [MESSAGE][PASSED] - Delayed 2 second(s)

2022-02-15 15:37:16 - [TEST_STEP][PASSED] - takeScreenshot("/Users/a00139272/Katalon Studio/Screenshot/s2/Withdraw/Screenshot 6.png"): Screenshot is taken

2022-02-15 15:37:17 - [MESSAGE][PASSED] - Screenshot is taken
[[ATTACHMENT|/Users/a00139272/Katalon Studio/Screenshot/s2/Withdraw/Screenshot 6.png]]

2022-02-15 15:37:17 - [MESSAGE][PASSED] - Screenshot is taken
[[ATTACHMENT|/Users/a00139272/Katalon Studio/Screenshot/s2/Withdraw/Screenshot 6.png]]

2022-02-15 15:37:17 - [TEST_STEP][PASSED] - tap(findTestObject("Tabung/tabungFundAmountTickBtn"), 0): Tapped on element 'Object Repository/Tabung/tabungFundAmountTickBtn'

2022-02-15 15:37:17 - [MESSAGE][WARNING] - Timeout '0' is invalid. Using default page load timeout: '20'

2022-02-15 15:37:18 - [MESSAGE][PASSED] - Tapped on element 'Object Repository/Tabung/tabungFundAmountTickBtn'

2022-02-15 15:37:18 - [TEST_STEP][PASSED] - delay(2): Delayed 2 second(s)

2022-02-15 15:37:20 - [MESSAGE][PASSED] - Delayed 2 second(s)

2022-02-15 15:37:20 - [TEST_STEP][PASSED] - if (verifyElementVisible(findTestObject("Tabung/tabungEnterPasswordTxt"), 0, OPTIONAL)): null

2022-02-15 15:37:20 - [MESSAGE][WARNING] - Timeout '0' is invalid. Using default page load timeout: '20'

2022-02-15 15:37:22 - [MESSAGE][PASSED] - Element 'Object Repository/Tabung/tabungEnterPasswordTxt' is visible

2022-02-15 15:37:22 - [TEST_STEP][PASSED] - setText(findTestObject("Tabung/tabungSignInInputPasswordField"), Password, 0): Text 'Sanjay@49' has been set to element 'Object Repository/Tabung/tabungSignInInputPasswordField'

2022-02-15 15:37:22 - [MESSAGE][WARNING] - Timeout '0' is invalid. Using default page load timeout: '20'

2022-02-15 15:37:22 - [MESSAGE][PASSED] - Text 'Sanjay@49' has been set to element 'Object Repository/Tabung/tabungSignInInputPasswordField'

2022-02-15 15:37:22 - [TEST_STEP][PASSED] - hideKeyboard(): Keyboard is hidden

2022-02-15 15:37:24 - [MESSAGE][PASSED] - Keyboard is hidden

2022-02-15 15:37:24 - [TEST_STEP][PASSED] - tap(findTestObject("Tabung/tabungSignInContinueBtn"), 0): Tapped on element 'Object Repository/Tabung/tabungSignInContinueBtn'

2022-02-15 15:37:24 - [MESSAGE][WARNING] - Timeout '0' is invalid. Using default page load timeout: '20'

2022-02-15 15:37:24 - [MESSAGE][PASSED] - Tapped on element 'Object Repository/Tabung/tabungSignInContinueBtn'

2022-02-15 15:37:24 - [TEST_STEP][PASSED] - delay(15): Delayed 15 second(s)

2022-02-15 15:37:39 - [MESSAGE][PASSED] - Delayed 15 second(s)

2022-02-15 15:37:39 - [TEST_STEP][PASSED] - takeScreenshot("/Users/a00139272/Katalon Studio/Screenshot/s2/Withdraw/Screenshot 7.png"): Screenshot is taken

2022-02-15 15:37:40 - [MESSAGE][PASSED] - Screenshot is taken
[[ATTACHMENT|/Users/a00139272/Katalon Studio/Screenshot/s2/Withdraw/Screenshot 7.png]]

2022-02-15 15:37:40 - [MESSAGE][PASSED] - Screenshot is taken
[[ATTACHMENT|/Users/a00139272/Katalon Studio/Screenshot/s2/Withdraw/Screenshot 7.png]]

2022-02-15 15:37:40 - [TEST_STEP][PASSED] - tap(findTestObject("Tabung/tabungWithdrawFundBtn"), 0): Tapped on element 'Object Repository/Tabung/tabungWithdrawFundBtn'

2022-02-15 15:37:40 - [MESSAGE][WARNING] - Timeout '0' is invalid. Using default page load timeout: '20'

2022-02-15 15:37:40 - [MESSAGE][PASSED] - Tapped on element 'Object Repository/Tabung/tabungWithdrawFundBtn'

2022-02-15 15:37:40 - [TEST_STEP][PASSED] - delay(3): Delayed 3 second(s)

2022-02-15 15:37:43 - [MESSAGE][PASSED] - Delayed 3 second(s)

2022-02-15 15:37:43 - [TEST_STEP][PASSED] - if (verifyElementVisible(findTestObject("Object Repository/Festive Season/festiveReturnAngpaoTACNoTxt"), 0, OPTIONAL)): null

2022-02-15 15:37:43 - [MESSAGE][WARNING] - Timeout '0' is invalid. Using default page load timeout: '20'

2022-02-15 15:37:45 - [MESSAGE][PASSED] - Element 'Object Repository/Festive Season/festiveReturnAngpaoTACNoTxt' is visible

2022-02-15 15:37:45 - [TEST_STEP][PASSED] - OTP = getText(findTestObject("Object Repository/Festive Season/festiveReturnAngpaoTACNoTxt"), 0): Text of element 'Object Repository/Festive Season/festiveReturnAngpaoTACNoTxt' is: 'Your TAC no. is 636902'

2022-02-15 15:37:45 - [MESSAGE][WARNING] - Timeout '0' is invalid. Using default page load timeout: '20'

2022-02-15 15:37:46 - [MESSAGE][PASSED] - Text of element 'Object Repository/Festive Season/festiveReturnAngpaoTACNoTxt' is: 'Your TAC no. is 636902'

2022-02-15 15:37:46 - [TEST_STEP][PASSED] - takeScreenshot("/Users/a00139272/Katalon Studio/Screenshot/s2/Withdraw/Screenshot 8.png"): Screenshot is taken

2022-02-15 15:37:47 - [MESSAGE][PASSED] - Screenshot is taken
[[ATTACHMENT|/Users/a00139272/Katalon Studio/Screenshot/s2/Withdraw/Screenshot 8.png]]

2022-02-15 15:37:47 - [MESSAGE][PASSED] - Screenshot is taken
[[ATTACHMENT|/Users/a00139272/Katalon Studio/Screenshot/s2/Withdraw/Screenshot 8.png]]

2022-02-15 15:37:47 - [TEST_STEP][PASSED] - delay(2): Delayed 2 second(s)

2022-02-15 15:37:49 - [MESSAGE][PASSED] - Delayed 2 second(s)

2022-02-15 15:37:49 - [TEST_STEP][PASSED] - for ([i = 16, i <= 21, (i++)]): null

2022-02-15 15:37:49 - [TEST_STEP][PASSED] - if (OTP[i] == "0"): null

2022-02-15 15:37:49 - [TEST_STEP][PASSED] - if (OTP[i] == "1"): null

2022-02-15 15:37:49 - [TEST_STEP][PASSED] - if (OTP[i] == "2"): null

2022-02-15 15:37:49 - [TEST_STEP][PASSED] - if (OTP[i] == "3"): null

2022-02-15 15:37:49 - [TEST_STEP][PASSED] - if (OTP[i] == "4"): null

2022-02-15 15:37:49 - [TEST_STEP][PASSED] - if (OTP[i] == "5"): null

2022-02-15 15:37:49 - [TEST_STEP][PASSED] - if (OTP[i] == "6"): Tapped on element 'Object Repository/Login Onboarding/PIN6'

2022-02-15 15:37:49 - [TEST_STEP][PASSED] - tap(findTestObject("Login Onboarding/PIN6"), 0): Tapped on element 'Object Repository/Login Onboarding/PIN6'

2022-02-15 15:37:49 - [MESSAGE][WARNING] - Timeout '0' is invalid. Using default page load timeout: '20'

2022-02-15 15:37:49 - [MESSAGE][PASSED] - Tapped on element 'Object Repository/Login Onboarding/PIN6'

2022-02-15 15:37:49 - [TEST_STEP][PASSED] - if (OTP[i] == "7"): null

2022-02-15 15:37:49 - [TEST_STEP][PASSED] - if (OTP[i] == "8"): null

2022-02-15 15:37:49 - [TEST_STEP][PASSED] - if (OTP[i] == "9"): null

2022-02-15 15:37:49 - [TEST_STEP][PASSED] - if (OTP[i] == "0"): null

2022-02-15 15:37:49 - [TEST_STEP][PASSED] - if (OTP[i] == "1"): null

2022-02-15 15:37:49 - [TEST_STEP][PASSED] - if (OTP[i] == "2"): null

2022-02-15 15:37:49 - [TEST_STEP][PASSED] - if (OTP[i] == "3"): Tapped on element 'Object Repository/Login Onboarding/PIN3'

2022-02-15 15:37:49 - [TEST_STEP][PASSED] - tap(findTestObject("Login Onboarding/PIN3"), 0): Tapped on element 'Object Repository/Login Onboarding/PIN3'

2022-02-15 15:37:49 - [MESSAGE][WARNING] - Timeout '0' is invalid. Using default page load timeout: '20'

2022-02-15 15:37:53 - [MESSAGE][PASSED] - Tapped on element 'Object Repository/Login Onboarding/PIN3'

2022-02-15 15:37:53 - [TEST_STEP][PASSED] - if (OTP[i] == "4"): null

2022-02-15 15:37:53 - [TEST_STEP][PASSED] - if (OTP[i] == "5"): null

2022-02-15 15:37:53 - [TEST_STEP][PASSED] - if (OTP[i] == "6"): null

2022-02-15 15:37:53 - [TEST_STEP][PASSED] - if (OTP[i] == "7"): null

2022-02-15 15:37:53 - [TEST_STEP][PASSED] - if (OTP[i] == "8"): null

2022-02-15 15:37:53 - [TEST_STEP][PASSED] - if (OTP[i] == "9"): null

2022-02-15 15:37:53 - [TEST_STEP][PASSED] - if (OTP[i] == "0"): null

2022-02-15 15:37:53 - [TEST_STEP][PASSED] - if (OTP[i] == "1"): null

2022-02-15 15:37:53 - [TEST_STEP][PASSED] - if (OTP[i] == "2"): null

2022-02-15 15:37:53 - [TEST_STEP][PASSED] - if (OTP[i] == "3"): null

2022-02-15 15:37:53 - [TEST_STEP][PASSED] - if (OTP[i] == "4"): null

2022-02-15 15:37:53 - [TEST_STEP][PASSED] - if (OTP[i] == "5"): null

2022-02-15 15:37:53 - [TEST_STEP][PASSED] - if (OTP[i] == "6"): Tapped on element 'Object Repository/Login Onboarding/PIN6'

2022-02-15 15:37:53 - [TEST_STEP][PASSED] - tap(findTestObject("Login Onboarding/PIN6"), 0): Tapped on element 'Object Repository/Login Onboarding/PIN6'

2022-02-15 15:37:53 - [MESSAGE][WARNING] - Timeout '0' is invalid. Using default page load timeout: '20'

2022-02-15 15:37:54 - [MESSAGE][PASSED] - Tapped on element 'Object Repository/Login Onboarding/PIN6'

2022-02-15 15:37:54 - [TEST_STEP][PASSED] - if (OTP[i] == "7"): null

2022-02-15 15:37:54 - [TEST_STEP][PASSED] - if (OTP[i] == "8"): null

2022-02-15 15:37:54 - [TEST_STEP][PASSED] - if (OTP[i] == "9"): null

2022-02-15 15:37:54 - [TEST_STEP][PASSED] - if (OTP[i] == "0"): null

2022-02-15 15:37:54 - [TEST_STEP][PASSED] - if (OTP[i] == "1"): null

2022-02-15 15:37:54 - [TEST_STEP][PASSED] - if (OTP[i] == "2"): null

2022-02-15 15:37:54 - [TEST_STEP][PASSED] - if (OTP[i] == "3"): null

2022-02-15 15:37:54 - [TEST_STEP][PASSED] - if (OTP[i] == "4"): null

2022-02-15 15:37:54 - [TEST_STEP][PASSED] - if (OTP[i] == "5"): null

2022-02-15 15:37:54 - [TEST_STEP][PASSED] - if (OTP[i] == "6"): null

2022-02-15 15:37:54 - [TEST_STEP][PASSED] - if (OTP[i] == "7"): null

2022-02-15 15:37:54 - [TEST_STEP][PASSED] - if (OTP[i] == "8"): null

2022-02-15 15:37:54 - [TEST_STEP][PASSED] - if (OTP[i] == "9"): Tapped on element 'Object Repository/Login Onboarding/PIN9'

2022-02-15 15:37:54 - [TEST_STEP][PASSED] - tap(findTestObject("Login Onboarding/PIN9"), 0): Tapped on element 'Object Repository/Login Onboarding/PIN9'

2022-02-15 15:37:54 - [MESSAGE][WARNING] - Timeout '0' is invalid. Using default page load timeout: '20'

2022-02-15 15:37:56 - [MESSAGE][PASSED] - Tapped on element 'Object Repository/Login Onboarding/PIN9'

2022-02-15 15:37:56 - [TEST_STEP][PASSED] - if (OTP[i] == "0"): Tapped on element 'Object Repository/Login Onboarding/PIN0'

2022-02-15 15:37:56 - [TEST_STEP][PASSED] - tap(findTestObject("Login Onboarding/PIN0"), 0): Tapped on element 'Object Repository/Login Onboarding/PIN0'

2022-02-15 15:37:56 - [MESSAGE][WARNING] - Timeout '0' is invalid. Using default page load timeout: '20'

2022-02-15 15:38:01 - [MESSAGE][PASSED] - Tapped on element 'Object Repository/Login Onboarding/PIN0'

2022-02-15 15:38:01 - [TEST_STEP][PASSED] - if (OTP[i] == "1"): null

2022-02-15 15:38:01 - [TEST_STEP][PASSED] - if (OTP[i] == "2"): null

2022-02-15 15:38:01 - [TEST_STEP][PASSED] - if (OTP[i] == "3"): null

2022-02-15 15:38:01 - [TEST_STEP][PASSED] - if (OTP[i] == "4"): null

2022-02-15 15:38:01 - [TEST_STEP][PASSED] - if (OTP[i] == "5"): null

2022-02-15 15:38:01 - [TEST_STEP][PASSED] - if (OTP[i] == "6"): null

2022-02-15 15:38:01 - [TEST_STEP][PASSED] - if (OTP[i] == "7"): null

2022-02-15 15:38:01 - [TEST_STEP][PASSED] - if (OTP[i] == "8"): null

2022-02-15 15:38:01 - [TEST_STEP][PASSED] - if (OTP[i] == "9"): null

2022-02-15 15:38:01 - [TEST_STEP][PASSED] - if (OTP[i] == "0"): null

2022-02-15 15:38:01 - [TEST_STEP][PASSED] - if (OTP[i] == "1"): null

2022-02-15 15:38:01 - [TEST_STEP][PASSED] - if (OTP[i] == "2"): Tapped on element 'Object Repository/Login Onboarding/PIN2'

2022-02-15 15:38:01 - [TEST_STEP][PASSED] - tap(findTestObject("Login Onboarding/PIN2"), 0): Tapped on element 'Object Repository/Login Onboarding/PIN2'

2022-02-15 15:38:01 - [MESSAGE][WARNING] - Timeout '0' is invalid. Using default page load timeout: '20'

2022-02-15 15:38:01 - [MESSAGE][PASSED] - Tapped on element 'Object Repository/Login Onboarding/PIN2'

2022-02-15 15:38:01 - [TEST_STEP][PASSED] - if (OTP[i] == "3"): null

2022-02-15 15:38:01 - [TEST_STEP][PASSED] - if (OTP[i] == "4"): null

2022-02-15 15:38:01 - [TEST_STEP][PASSED] - if (OTP[i] == "5"): null

2022-02-15 15:38:01 - [TEST_STEP][PASSED] - if (OTP[i] == "6"): null

2022-02-15 15:38:01 - [TEST_STEP][PASSED] - if (OTP[i] == "7"): null

2022-02-15 15:38:01 - [TEST_STEP][PASSED] - if (OTP[i] == "8"): null

2022-02-15 15:38:01 - [TEST_STEP][PASSED] - if (OTP[i] == "9"): null

2022-02-15 15:38:01 - [TEST_STEP][PASSED] - delay(3): Delayed 3 second(s)

2022-02-15 15:38:04 - [MESSAGE][PASSED] - Delayed 3 second(s)

2022-02-15 15:38:04 - [TEST_STEP][PASSED] - tap(findTestObject("Festive Season/festiveReturnAngpaoTickBtn"), 0): Tapped on element 'Object Repository/Festive Season/festiveReturnAngpaoTickBtn'

2022-02-15 15:38:04 - [MESSAGE][WARNING] - Timeout '0' is invalid. Using default page load timeout: '20'

2022-02-15 15:38:05 - [MESSAGE][PASSED] - Tapped on element 'Object Repository/Festive Season/festiveReturnAngpaoTickBtn'

2022-02-15 15:38:05 - [TEST_STEP][PASSED] - delay(3): Delayed 3 second(s)

2022-02-15 15:38:08 - [MESSAGE][PASSED] - Delayed 3 second(s)

2022-02-15 15:38:08 - [TEST_STEP][PASSED] - verifyElementVisible(findTestObject("Tabung/tabungWithdrawalSummarySuccessTxt"), 0): Element 'Object Repository/Tabung/tabungWithdrawalSummarySuccessTxt' is visible

2022-02-15 15:38:08 - [MESSAGE][WARNING] - Timeout '0' is invalid. Using default page load timeout: '20'

2022-02-15 15:38:13 - [MESSAGE][PASSED] - Element 'Object Repository/Tabung/tabungWithdrawalSummarySuccessTxt' is visible

2022-02-15 15:38:13 - [TEST_STEP][PASSED] - verifyElementText(findTestObject("Tabung/tabungWithdrawalSummarySuccessTxt"), "Withdrawal Successful"): Actual text and expected text of test object 'Object Repository/Tabung/tabungWithdrawalSummarySuccessTxt' are matched.

2022-02-15 15:38:14 - [MESSAGE][PASSED] - Actual text and expected text of test object 'Object Repository/Tabung/tabungWithdrawalSummarySuccessTxt' are matched.

2022-02-15 15:38:14 - [TEST_STEP][PASSED] - delay(3): Delayed 3 second(s)

2022-02-15 15:38:17 - [MESSAGE][PASSED] - Delayed 3 second(s)

2022-02-15 15:38:17 - [TEST_STEP][PASSED] - takeScreenshot("/Users/a00139272/Katalon Studio/Screenshot/s2/Withdraw/Screenshot 9.png"): Screenshot is taken

2022-02-15 15:38:17 - [MESSAGE][PASSED] - Screenshot is taken
[[ATTACHMENT|/Users/a00139272/Katalon Studio/Screenshot/s2/Withdraw/Screenshot 9.png]]

2022-02-15 15:38:17 - [MESSAGE][PASSED] - Screenshot is taken
[[ATTACHMENT|/Users/a00139272/Katalon Studio/Screenshot/s2/Withdraw/Screenshot 9.png]]

2022-02-15 15:38:17 - [TEST_STEP][PASSED] - verifyElementVisible(findTestObject("Main/mainDoneBtn"), 0): Element 'Object Repository/Main/mainDoneBtn' is visible

2022-02-15 15:38:17 - [MESSAGE][WARNING] - Timeout '0' is invalid. Using default page load timeout: '20'

2022-02-15 15:38:18 - [MESSAGE][PASSED] - Element 'Object Repository/Main/mainDoneBtn' is visible

2022-02-15 15:38:18 - [TEST_STEP][PASSED] - tap(findTestObject("Main/mainDoneBtn"), 0): Tapped on element 'Object Repository/Main/mainDoneBtn'

2022-02-15 15:38:18 - [MESSAGE][WARNING] - Timeout '0' is invalid. Using default page load timeout: '20'

2022-02-15 15:38:18 - [MESSAGE][PASSED] - Tapped on element 'Object Repository/Main/mainDoneBtn'

2022-02-15 15:38:18 - [TEST_STEP][PASSED] - delay(5): Delayed 5 second(s)

2022-02-15 15:38:23 - [MESSAGE][PASSED] - Delayed 5 second(s)

2022-02-15 15:38:23 - [TEST_STEP][PASSED] - takeScreenshot("/Users/a00139272/Katalon Studio/Screenshot/s2/Withdraw/Screenshot 10.png"): Screenshot is taken

2022-02-15 15:38:24 - [MESSAGE][PASSED] - Screenshot is taken
[[ATTACHMENT|/Users/a00139272/Katalon Studio/Screenshot/s2/Withdraw/Screenshot 10.png]]

2022-02-15 15:38:24 - [MESSAGE][PASSED] - Screenshot is taken
[[ATTACHMENT|/Users/a00139272/Katalon Studio/Screenshot/s2/Withdraw/Screenshot 10.png]]]]></system-out>
         <system-err><![CDATA[]]></system-err>
      </testcase>
      <system-out><![CDATA[2022-02-15 15:36:14 - [TEST_SUITE][PASSED] - CICS BAU: Test Cases/Tabung/tabung_withdrawTabung]]></system-out>
      <system-err><![CDATA[]]></system-err>
   </testsuite>
</testsuites>
