<?xml version="1.0" encoding="UTF-8"?>
<testsuites name="Regress 1" time="433.825" tests="3" failures="0" errors="0">
   <testsuite name="Regress 1" tests="3" failures="0" errors="0" time="433.825" skipped="0" timestamp="2022-06-16 10:29:07" hostname="a00139272 - localhost" id="Test Suites/Regress 1">
      <properties>
         <property name="deviceName" value="Xiaomi 21061119AG (Android 11)"/>
         <property name="devicePlatform" value=""/>
         <property name="logFolder" value="/Users/a00139272/git/MAE-BAU-MY/Reports/20220616_102858/Regress 1/20220616_102858"/>
         <property name="logFiles" value="/Users/a00139272/git/MAE-BAU-MY/Reports/20220616_102858/Regress 1/20220616_102858/execution0.log, /Users/a00139272/git/MAE-BAU-MY/Reports/20220616_102858/Regress 1/20220616_102858/appium.log"/>
         <property name="attachments" value="/Users/a00139272/Desktop/Screenshot/payBillsInstant.png, /Users/a00139272/Desktop/Screenshot/jomPayInstant.png, /Users/a00139272/Desktop/Screenshot/jomPayAddFav.png"/>
         <property name="hostName" value="a00139272 - localhost"/>
         <property name="os" value="Mac OS X 64bit"/>
         <property name="appiumServerStatus" value="{&quot;value&quot;:{&quot;build&quot;:{&quot;version&quot;:&quot;1.22.1&quot;}},&quot;sessionId&quot;:null,&quot;status&quot;:0}"/>
         <property name="katalonVersion" value="8.3.5.208"/>
         <property name="deviceOS" value="Android"/>
         <property name="appiumVersion" value="1.22.1"/>
         <property name="deviceModel" value="21061119AG"/>
         <property name="hostAddress" value="127.0.0.1"/>
         <property name="deviceManufacturer" value="Xiaomi"/>
         <property name="deviceId" value="002b9cc60508"/>
         <property name="deviceName" value="Xiaomi 21061119AG (Android 11)"/>
         <property name="deviceOSVersion" value="11"/>
      </properties>
      <testcase name="Test Cases/PayBill/payBills_todayTransaction" time="201.549" classname="Test Cases/PayBill/payBills_todayTransaction" status="PASSED">
         <system-out><![CDATA[2022-06-16 10:29:07 - [TEST_CASE][PASSED] - Test Cases/PayBill/payBills_todayTransaction: Test Cases/PayBill/payBills_todayTransaction

2022-06-16 10:29:08 - [TEST_STEP][PASSED] - setMobileDriverPreferencesProperty("appPackage", "com.maybank2u.life.uat"): null

2022-06-16 10:29:08 - [TEST_STEP][PASSED] - setMobileDriverPreferencesProperty("appActivity", "com.maybank2u.life.MainActivity"): null

2022-06-16 10:29:08 - [TEST_STEP][PASSED] - startApplication(appPath, false): Started app at: '/Users/a00139272/Katalon Studio/MAE/androidapp/app-dev-universal-release (1).apk'

2022-06-16 10:29:08 - [MESSAGE][INFO] - User set preference: ['appWaitActivity', '*']

2022-06-16 10:29:08 - [MESSAGE][INFO] - User set preference: ['deviceId', '002b9cc60508']

2022-06-16 10:29:08 - [MESSAGE][INFO] - User set preference: ['appPackage', 'com.maybank2u.life.uat']

2022-06-16 10:29:08 - [MESSAGE][INFO] - User set preference: ['appActivity', 'com.maybank2u.life.MainActivity']

2022-06-16 10:29:08 - [MESSAGE][INFO] - Detected NodeJS location: "/usr/local/Cellar/node/17.0.1/bin/node"

2022-06-16 10:29:09 - [MESSAGE][INFO] - Appium server started on port 58,396

2022-06-16 10:29:23 - [MESSAGE][PASSED] - Started app at: '/Users/a00139272/Katalon Studio/MAE/androidapp/app-dev-universal-release (1).apk'

2022-06-16 10:29:23 - [TEST_STEP][PASSED] - verifyElementExist(findTestObject("Object Repository/Dashboard/dashboardWalletTopSelect"), 0): Element 'Object Repository/Dashboard/dashboardWalletTopSelect' is exist

2022-06-16 10:29:23 - [MESSAGE][WARNING] - Timeout '0' is invalid. Using default page load timeout: '40'

2022-06-16 10:29:27 - [MESSAGE][PASSED] - Element 'Object Repository/Dashboard/dashboardWalletTopSelect' is exist

2022-06-16 10:29:27 - [TEST_STEP][PASSED] - verifyElementExist(findTestObject("Object Repository/Dashboard/dashboardQuickActionsTitleTxt"), 0): Element 'Object Repository/Dashboard/dashboardQuickActionsTitleTxt' is exist

2022-06-16 10:29:27 - [MESSAGE][WARNING] - Timeout '0' is invalid. Using default page load timeout: '40'

2022-06-16 10:29:28 - [MESSAGE][PASSED] - Element 'Object Repository/Dashboard/dashboardQuickActionsTitleTxt' is exist

2022-06-16 10:29:28 - [TEST_STEP][PASSED] - verifyElementExist(findTestObject("Object Repository/Dashboard/dashboardSSLTitleTxt"), 0): Element 'Object Repository/Dashboard/dashboardSSLTitleTxt' is exist

2022-06-16 10:29:28 - [MESSAGE][WARNING] - Timeout '0' is invalid. Using default page load timeout: '40'

2022-06-16 10:29:28 - [MESSAGE][PASSED] - Element 'Object Repository/Dashboard/dashboardSSLTitleTxt' is exist

2022-06-16 10:29:28 - [TEST_STEP][PASSED] - verifyElementExist(findTestObject("Object Repository/Dashboard/mainBottomMenuMaybank2uBtn"), 0): Element 'Object Repository/Dashboard/mainBottomMenuMaybank2uBtn' is exist

2022-06-16 10:29:28 - [MESSAGE][WARNING] - Timeout '0' is invalid. Using default page load timeout: '40'

2022-06-16 10:30:08 - [MESSAGE][PASSED] - Element 'Object Repository/Dashboard/mainBottomMenuMaybank2uBtn' is exist

2022-06-16 10:30:08 - [TEST_STEP][PASSED] - delay(5): Delayed 5 second(s)

2022-06-16 10:30:13 - [MESSAGE][PASSED] - Delayed 5 second(s)

2022-06-16 10:30:13 - [TEST_STEP][PASSED] - device_Height = getDeviceHeight(): Current device physical height is 2167

2022-06-16 10:30:13 - [MESSAGE][PASSED] - Current device physical height is 2167

2022-06-16 10:30:13 - [TEST_STEP][PASSED] - device_Width = getDeviceWidth(): Current device physical width is 1080

2022-06-16 10:30:14 - [MESSAGE][PASSED] - Current device physical width is 1080

2022-06-16 10:30:14 - [TEST_STEP][PASSED] - startX = device_Width / 3: null

2022-06-16 10:30:14 - [TEST_STEP][PASSED] - startY = device_Height * 0.97: null

2022-06-16 10:30:14 - [TEST_STEP][PASSED] - tapAtPosition(startX, startY): Tapped at [360, 2,101]

2022-06-16 10:30:14 - [MESSAGE][PASSED] - Tapped at [360, 2,101]

2022-06-16 10:30:14 - [TEST_STEP][PASSED] - if (verifyElementVisible(findTestObject("Main/mainEnterPINMessage"), 0, OPTIONAL)): null

2022-06-16 10:30:14 - [MESSAGE][WARNING] - Timeout '0' is invalid. Using default page load timeout: '40'

2022-06-16 10:30:15 - [MESSAGE][PASSED] - Element 'Object Repository/Main/mainEnterPINMessage' is visible

2022-06-16 10:30:15 - [TEST_STEP][PASSED] - tap(findTestObject("Login Onboarding/PIN1"), 0): Tapped on element 'Object Repository/Login Onboarding/PIN1'

2022-06-16 10:30:15 - [MESSAGE][WARNING] - Timeout '0' is invalid. Using default page load timeout: '40'

2022-06-16 10:30:15 - [MESSAGE][PASSED] - Tapped on element 'Object Repository/Login Onboarding/PIN1'

2022-06-16 10:30:15 - [TEST_STEP][PASSED] - tap(findTestObject("Login Onboarding/PIN1"), 0): Tapped on element 'Object Repository/Login Onboarding/PIN1'

2022-06-16 10:30:15 - [MESSAGE][WARNING] - Timeout '0' is invalid. Using default page load timeout: '40'

2022-06-16 10:30:17 - [MESSAGE][PASSED] - Tapped on element 'Object Repository/Login Onboarding/PIN1'

2022-06-16 10:30:17 - [TEST_STEP][PASSED] - tap(findTestObject("Login Onboarding/PIN1"), 0): Tapped on element 'Object Repository/Login Onboarding/PIN1'

2022-06-16 10:30:17 - [MESSAGE][WARNING] - Timeout '0' is invalid. Using default page load timeout: '40'

2022-06-16 10:30:19 - [MESSAGE][PASSED] - Tapped on element 'Object Repository/Login Onboarding/PIN1'

2022-06-16 10:30:19 - [TEST_STEP][PASSED] - tap(findTestObject("Login Onboarding/PIN1"), 0): Tapped on element 'Object Repository/Login Onboarding/PIN1'

2022-06-16 10:30:19 - [MESSAGE][WARNING] - Timeout '0' is invalid. Using default page load timeout: '40'

2022-06-16 10:30:21 - [MESSAGE][PASSED] - Tapped on element 'Object Repository/Login Onboarding/PIN1'

2022-06-16 10:30:21 - [TEST_STEP][PASSED] - tap(findTestObject("Login Onboarding/PIN1"), 0): Tapped on element 'Object Repository/Login Onboarding/PIN1'

2022-06-16 10:30:21 - [MESSAGE][WARNING] - Timeout '0' is invalid. Using default page load timeout: '40'

2022-06-16 10:30:23 - [MESSAGE][PASSED] - Tapped on element 'Object Repository/Login Onboarding/PIN1'

2022-06-16 10:30:23 - [TEST_STEP][PASSED] - tap(findTestObject("Login Onboarding/PIN2"), 0): Tapped on element 'Object Repository/Login Onboarding/PIN2'

2022-06-16 10:30:23 - [MESSAGE][WARNING] - Timeout '0' is invalid. Using default page load timeout: '40'

2022-06-16 10:30:24 - [MESSAGE][PASSED] - Tapped on element 'Object Repository/Login Onboarding/PIN2'

2022-06-16 10:30:24 - [TEST_STEP][PASSED] - delay(2): Delayed 2 second(s)

2022-06-16 10:30:26 - [MESSAGE][PASSED] - Delayed 2 second(s)

2022-06-16 10:30:26 - [TEST_STEP][PASSED] - tap(findTestObject("Banking/m2uAccountTypeSelection", ["text":accType]), 10): Tapped on element 'Object Repository/Banking/m2uAccountTypeSelection'

2022-06-16 10:30:34 - [MESSAGE][PASSED] - Tapped on element 'Object Repository/Banking/m2uAccountTypeSelection'

2022-06-16 10:30:34 - [TEST_STEP][PASSED] - tap(findTestObject("Banking/m2uAccountPayBillsIconSelect"), 0): Tapped on element 'Object Repository/Banking/m2uAccountPayBillsIconSelect'

2022-06-16 10:30:34 - [MESSAGE][WARNING] - Timeout '0' is invalid. Using default page load timeout: '40'

2022-06-16 10:30:38 - [MESSAGE][PASSED] - Tapped on element 'Object Repository/Banking/m2uAccountPayBillsIconSelect'

2022-06-16 10:30:38 - [TEST_STEP][PASSED] - if (verifyElementVisible(findTestObject("Login Onboarding/loginEnterPasswordMessage"), 0, OPTIONAL)): null

2022-06-16 10:30:38 - [MESSAGE][WARNING] - Timeout '0' is invalid. Using default page load timeout: '40'

2022-06-16 10:30:42 - [MESSAGE][PASSED] - Element 'Object Repository/Login Onboarding/loginEnterPasswordMessage' is visible

2022-06-16 10:30:42 - [TEST_STEP][PASSED] - setText(findTestObject("Login Onboarding/loginPasswordInputField"), Password, 0): Text 'pass1234' has been set to element 'Object Repository/Login Onboarding/loginPasswordInputField'

2022-06-16 10:30:42 - [MESSAGE][WARNING] - Timeout '0' is invalid. Using default page load timeout: '40'

2022-06-16 10:30:43 - [MESSAGE][PASSED] - Text 'pass1234' has been set to element 'Object Repository/Login Onboarding/loginPasswordInputField'

2022-06-16 10:30:43 - [TEST_STEP][PASSED] - hideKeyboard(): Keyboard is hidden

2022-06-16 10:30:48 - [MESSAGE][PASSED] - Keyboard is hidden

2022-06-16 10:30:48 - [TEST_STEP][PASSED] - tap(findTestObject("Login Onboarding/loginExistingContinueBtn"), 0): Tapped on element 'Object Repository/Login Onboarding/loginExistingContinueBtn'

2022-06-16 10:30:48 - [MESSAGE][WARNING] - Timeout '0' is invalid. Using default page load timeout: '40'

2022-06-16 10:30:48 - [MESSAGE][PASSED] - Tapped on element 'Object Repository/Login Onboarding/loginExistingContinueBtn'

2022-06-16 10:30:48 - [TEST_STEP][PASSED] - verifyElementExist(findTestObject("Paybill/payBillsIconSelect"), 40): Element 'Object Repository/Paybill/payBillsIconSelect' is exist

2022-06-16 10:31:16 - [MESSAGE][PASSED] - Element 'Object Repository/Paybill/payBillsIconSelect' is exist

2022-06-16 10:31:16 - [TEST_STEP][PASSED] - tap(findTestObject("Paybill/payBillsIconSelect"), 0): Tapped on element 'Object Repository/Paybill/payBillsIconSelect'

2022-06-16 10:31:16 - [MESSAGE][WARNING] - Timeout '0' is invalid. Using default page load timeout: '40'

2022-06-16 10:31:16 - [MESSAGE][PASSED] - Tapped on element 'Object Repository/Paybill/payBillsIconSelect'

2022-06-16 10:31:16 - [TEST_STEP][PASSED] - tap(findTestObject("Paybill/payBillSearchBillerInputField"), 0): Tapped on element 'Object Repository/Paybill/payBillSearchBillerInputField'

2022-06-16 10:31:16 - [MESSAGE][WARNING] - Timeout '0' is invalid. Using default page load timeout: '40'

2022-06-16 10:31:20 - [MESSAGE][PASSED] - Tapped on element 'Object Repository/Paybill/payBillSearchBillerInputField'

2022-06-16 10:31:20 - [TEST_STEP][PASSED] - setText(findTestObject("Paybill/payBillBillerNameInputField"), payeeName, 0): Text '21st Century' has been set to element 'Object Repository/Paybill/payBillBillerNameInputField'

2022-06-16 10:31:20 - [MESSAGE][WARNING] - Timeout '0' is invalid. Using default page load timeout: '40'

2022-06-16 10:31:22 - [MESSAGE][PASSED] - Text '21st Century' has been set to element 'Object Repository/Paybill/payBillBillerNameInputField'

2022-06-16 10:31:22 - [TEST_STEP][PASSED] - delay(3): Delayed 3 second(s)

2022-06-16 10:31:25 - [MESSAGE][PASSED] - Delayed 3 second(s)

2022-06-16 10:31:25 - [TEST_STEP][PASSED] - tap(findTestObject("Paybill/payBillBillerSelect", ["payeeName":payeeName]), 10): Tapped on element 'Object Repository/Paybill/payBillBillerSelect'

2022-06-16 10:31:25 - [MESSAGE][PASSED] - Tapped on element 'Object Repository/Paybill/payBillBillerSelect'

2022-06-16 10:31:25 - [TEST_STEP][PASSED] - tap(findTestObject("Paybill/payBillBillerSelect", ["payeeName":payeeName]), 10): Tapped on element 'Object Repository/Paybill/payBillBillerSelect'

2022-06-16 10:31:26 - [MESSAGE][PASSED] - Tapped on element 'Object Repository/Paybill/payBillBillerSelect'

2022-06-16 10:31:26 - [TEST_STEP][PASSED] - delay(3): Delayed 3 second(s)

2022-06-16 10:31:29 - [MESSAGE][PASSED] - Delayed 3 second(s)

2022-06-16 10:31:29 - [TEST_STEP][PASSED] - verifyElementText(findTestObject("Paybill/payBillsAccountPayeeNameTxt", ["payee":payeeName]), payeeName): Actual text and expected text of test object 'Object Repository/Paybill/payBillsAccountPayeeNameTxt' are matched.

2022-06-16 10:31:29 - [MESSAGE][PASSED] - Actual text and expected text of test object 'Object Repository/Paybill/payBillsAccountPayeeNameTxt' are matched.

2022-06-16 10:31:29 - [TEST_STEP][PASSED] - verifyElementExist(findTestObject("Paybill/payBillsAccountNumberTitleTxt"), 0): Element 'Object Repository/Paybill/payBillsAccountNumberTitleTxt' is exist

2022-06-16 10:31:30 - [MESSAGE][WARNING] - Timeout '0' is invalid. Using default page load timeout: '40'

2022-06-16 10:31:30 - [MESSAGE][PASSED] - Element 'Object Repository/Paybill/payBillsAccountNumberTitleTxt' is exist

2022-06-16 10:31:30 - [TEST_STEP][PASSED] - setText(findTestObject("Paybill/PayBillAccountNumberInputField"), AccountNo, 0): Text '12299292' has been set to element 'Object Repository/Paybill/PayBillAccountNumberInputField'

2022-06-16 10:31:30 - [MESSAGE][WARNING] - Timeout '0' is invalid. Using default page load timeout: '40'

2022-06-16 10:31:31 - [MESSAGE][PASSED] - Text '12299292' has been set to element 'Object Repository/Paybill/PayBillAccountNumberInputField'

2022-06-16 10:31:31 - [TEST_STEP][PASSED] - hideKeyboard(): Keyboard is hidden

2022-06-16 10:31:32 - [MESSAGE][PASSED] - Keyboard is hidden

2022-06-16 10:31:32 - [TEST_STEP][PASSED] - verifyElementText(findTestObject("Paybill/payBillsAccountNumberInputtedTxt", ["AccountNo":AccountNo]), AccountNo): Actual text and expected text of test object 'Object Repository/Paybill/payBillsAccountNumberInputtedTxt' are matched.

2022-06-16 10:31:32 - [MESSAGE][PASSED] - Actual text and expected text of test object 'Object Repository/Paybill/payBillsAccountNumberInputtedTxt' are matched.

2022-06-16 10:31:32 - [TEST_STEP][PASSED] - tap(findTestObject("Login Onboarding/loginExistingContinueBtn"), 0): Tapped on element 'Object Repository/Login Onboarding/loginExistingContinueBtn'

2022-06-16 10:31:32 - [MESSAGE][WARNING] - Timeout '0' is invalid. Using default page load timeout: '40'

2022-06-16 10:31:33 - [MESSAGE][PASSED] - Tapped on element 'Object Repository/Login Onboarding/loginExistingContinueBtn'

2022-06-16 10:31:33 - [TEST_STEP][PASSED] - delay(3): Delayed 3 second(s)

2022-06-16 10:31:36 - [MESSAGE][PASSED] - Delayed 3 second(s)

2022-06-16 10:31:36 - [TEST_STEP][PASSED] - verifyElementText(findTestObject("Paybill/payBillsAmountPayeeNameTxt", ["payee":payeeName]), payeeName): Actual text and expected text of test object 'Object Repository/Paybill/payBillsAmountPayeeNameTxt' are matched.

2022-06-16 10:31:36 - [MESSAGE][PASSED] - Actual text and expected text of test object 'Object Repository/Paybill/payBillsAmountPayeeNameTxt' are matched.

2022-06-16 10:31:36 - [TEST_STEP][PASSED] - verifyElementText(findTestObject("Paybill/payBillsAmountPayeeAccountNoTxt", ["accNo":accNo]), accNo): Actual text and expected text of test object 'Object Repository/Paybill/payBillsAmountPayeeAccountNoTxt' are matched.

2022-06-16 10:31:36 - [MESSAGE][PASSED] - Actual text and expected text of test object 'Object Repository/Paybill/payBillsAmountPayeeAccountNoTxt' are matched.

2022-06-16 10:31:36 - [TEST_STEP][PASSED] - verifyElementExist(findTestObject("Paybill/payBillsAmountInitialTxt"), 0): Element 'Object Repository/Paybill/payBillsAmountInitialTxt' is exist

2022-06-16 10:31:36 - [MESSAGE][WARNING] - Timeout '0' is invalid. Using default page load timeout: '40'

2022-06-16 10:31:36 - [MESSAGE][PASSED] - Element 'Object Repository/Paybill/payBillsAmountInitialTxt' is exist

2022-06-16 10:31:36 - [TEST_STEP][PASSED] - verifyElementExist(findTestObject("Paybill/payBillsAmountCurrencyTxt"), 0): Element 'Object Repository/Paybill/payBillsAmountCurrencyTxt' is exist

2022-06-16 10:31:36 - [MESSAGE][WARNING] - Timeout '0' is invalid. Using default page load timeout: '40'

2022-06-16 10:31:37 - [MESSAGE][PASSED] - Element 'Object Repository/Paybill/payBillsAmountCurrencyTxt' is exist

2022-06-16 10:31:37 - [TEST_STEP][PASSED] - verifyElementExist(findTestObject("Paybill/payBillsAmountEnterTitleTxt"), 0): Element 'Object Repository/Paybill/payBillsAmountEnterTitleTxt' is exist

2022-06-16 10:31:37 - [MESSAGE][WARNING] - Timeout '0' is invalid. Using default page load timeout: '40'

2022-06-16 10:31:37 - [MESSAGE][PASSED] - Element 'Object Repository/Paybill/payBillsAmountEnterTitleTxt' is exist

2022-06-16 10:31:37 - [TEST_STEP][PASSED] - tap(findTestObject("Login Onboarding/PIN5"), 0): Tapped on element 'Object Repository/Login Onboarding/PIN5'

2022-06-16 10:31:37 - [MESSAGE][WARNING] - Timeout '0' is invalid. Using default page load timeout: '40'

2022-06-16 10:31:37 - [MESSAGE][PASSED] - Tapped on element 'Object Repository/Login Onboarding/PIN5'

2022-06-16 10:31:37 - [TEST_STEP][PASSED] - tap(findTestObject("Login Onboarding/PIN0"), 0): Tapped on element 'Object Repository/Login Onboarding/PIN0'

2022-06-16 10:31:37 - [MESSAGE][WARNING] - Timeout '0' is invalid. Using default page load timeout: '40'

2022-06-16 10:31:37 - [MESSAGE][PASSED] - Tapped on element 'Object Repository/Login Onboarding/PIN0'

2022-06-16 10:31:37 - [TEST_STEP][PASSED] - tap(findTestObject("Login Onboarding/PIN0"), 0): Tapped on element 'Object Repository/Login Onboarding/PIN0'

2022-06-16 10:31:37 - [MESSAGE][WARNING] - Timeout '0' is invalid. Using default page load timeout: '40'

2022-06-16 10:31:37 - [MESSAGE][PASSED] - Tapped on element 'Object Repository/Login Onboarding/PIN0'

2022-06-16 10:31:37 - [TEST_STEP][PASSED] - tap(findTestObject("Login Onboarding/PIN0"), 0): Tapped on element 'Object Repository/Login Onboarding/PIN0'

2022-06-16 10:31:38 - [MESSAGE][WARNING] - Timeout '0' is invalid. Using default page load timeout: '40'

2022-06-16 10:31:38 - [MESSAGE][PASSED] - Tapped on element 'Object Repository/Login Onboarding/PIN0'

2022-06-16 10:31:38 - [TEST_STEP][PASSED] - delay(3): Delayed 3 second(s)

2022-06-16 10:31:41 - [MESSAGE][PASSED] - Delayed 3 second(s)

2022-06-16 10:31:41 - [TEST_STEP][PASSED] - verifyElementText(findTestObject("Paybill/payBillsAmountInputtedTxt", ["value":values]), values): Actual text and expected text of test object 'Object Repository/Paybill/payBillsAmountInputtedTxt' are matched.

2022-06-16 10:31:41 - [MESSAGE][PASSED] - Actual text and expected text of test object 'Object Repository/Paybill/payBillsAmountInputtedTxt' are matched.

2022-06-16 10:31:41 - [TEST_STEP][PASSED] - tap(findTestObject("Main/mainAmountTickBtn"), 0): Tapped on element 'Object Repository/Main/mainAmountTickBtn'

2022-06-16 10:31:41 - [MESSAGE][WARNING] - Timeout '0' is invalid. Using default page load timeout: '40'

2022-06-16 10:31:41 - [MESSAGE][PASSED] - Tapped on element 'Object Repository/Main/mainAmountTickBtn'

2022-06-16 10:31:41 - [TEST_STEP][PASSED] - delay(5): Delayed 5 second(s)

2022-06-16 10:31:46 - [MESSAGE][PASSED] - Delayed 5 second(s)

2022-06-16 10:31:46 - [TEST_STEP][PASSED] - verifyElementText(findTestObject("Paybill/payBillsConfirmPayeeNameTxt", ["payeeName":payeeName]), payeeName): Actual text and expected text of test object 'Object Repository/Paybill/payBillsConfirmPayeeNameTxt' are matched.

2022-06-16 10:31:47 - [MESSAGE][PASSED] - Actual text and expected text of test object 'Object Repository/Paybill/payBillsConfirmPayeeNameTxt' are matched.

2022-06-16 10:31:47 - [TEST_STEP][PASSED] - verifyElementText(findTestObject("Paybill/payBillsConfirmPayeeAccountNoTxt", ["accNo":accNo]), accNo): Actual text and expected text of test object 'Object Repository/Paybill/payBillsConfirmPayeeAccountNoTxt' are matched.

2022-06-16 10:31:47 - [MESSAGE][PASSED] - Actual text and expected text of test object 'Object Repository/Paybill/payBillsConfirmPayeeAccountNoTxt' are matched.

2022-06-16 10:31:47 - [TEST_STEP][PASSED] - verifyElementText(findTestObject("Paybill/payBillsConfirmAmountTxt", ["amount":amount]), amount): Actual text and expected text of test object 'Object Repository/Paybill/payBillsConfirmAmountTxt' are matched.

2022-06-16 10:31:47 - [MESSAGE][PASSED] - Actual text and expected text of test object 'Object Repository/Paybill/payBillsConfirmAmountTxt' are matched.

2022-06-16 10:31:47 - [TEST_STEP][PASSED] - verifyElementExist(findTestObject("Paybill/payBillsConfirmDateTitleTxt"), 0): Element 'Object Repository/Paybill/payBillsConfirmDateTitleTxt' is exist

2022-06-16 10:31:47 - [MESSAGE][WARNING] - Timeout '0' is invalid. Using default page load timeout: '40'

2022-06-16 10:31:47 - [MESSAGE][PASSED] - Element 'Object Repository/Paybill/payBillsConfirmDateTitleTxt' is exist

2022-06-16 10:31:47 - [TEST_STEP][PASSED] - verifyElementText(findTestObject("Paybill/payBillsConfirmDateTxt", ["trxDate":trxDate]), trxDate): Actual text and expected text of test object 'Object Repository/Paybill/payBillsConfirmDateTxt' are matched.

2022-06-16 10:31:48 - [MESSAGE][PASSED] - Actual text and expected text of test object 'Object Repository/Paybill/payBillsConfirmDateTxt' are matched.

2022-06-16 10:31:48 - [TEST_STEP][PASSED] - verifyElementExist(findTestObject("Paybill/payBillsConfirmPayFromTxt"), 0): Element 'Object Repository/Paybill/payBillsConfirmPayFromTxt' is exist

2022-06-16 10:31:48 - [MESSAGE][WARNING] - Timeout '0' is invalid. Using default page load timeout: '40'

2022-06-16 10:31:48 - [MESSAGE][PASSED] - Element 'Object Repository/Paybill/payBillsConfirmPayFromTxt' is exist

2022-06-16 10:31:48 - [TEST_STEP][PASSED] - verifyElementText(findTestObject("Transfer/transferConfirmationFromAccTypeTxt", ["accType":accType]), accType): Actual text and expected text of test object 'Object Repository/Transfer/transferConfirmationFromAccTypeTxt' are matched.

2022-06-16 10:31:48 - [MESSAGE][PASSED] - Actual text and expected text of test object 'Object Repository/Transfer/transferConfirmationFromAccTypeTxt' are matched.

2022-06-16 10:31:48 - [TEST_STEP][PASSED] - verifyElementText(findTestObject("Transfer/transferConfirmationFromAccNoTxt", ["accNoFrom":accNoFrom]), accNoFrom): Actual text and expected text of test object 'Object Repository/Transfer/transferConfirmationFromAccNoTxt' are matched.

2022-06-16 10:31:48 - [MESSAGE][PASSED] - Actual text and expected text of test object 'Object Repository/Transfer/transferConfirmationFromAccNoTxt' are matched.

2022-06-16 10:31:48 - [TEST_STEP][PASSED] - verifyElementExist(findTestObject("Transfer/transferConfirmationFromAccBalanceTxt"), 0): Element 'Object Repository/Transfer/transferConfirmationFromAccBalanceTxt' is exist

2022-06-16 10:31:48 - [MESSAGE][WARNING] - Timeout '0' is invalid. Using default page load timeout: '40'

2022-06-16 10:31:48 - [MESSAGE][PASSED] - Element 'Object Repository/Transfer/transferConfirmationFromAccBalanceTxt' is exist

2022-06-16 10:31:48 - [TEST_STEP][PASSED] - accountBalance = getText(findTestObject("Transfer/transferConfirmationFromAccBalanceTxt"), 0): Text of element 'Object Repository/Transfer/transferConfirmationFromAccBalanceTxt' is: 'RM 692.22'

2022-06-16 10:31:48 - [MESSAGE][WARNING] - Timeout '0' is invalid. Using default page load timeout: '40'

2022-06-16 10:31:49 - [MESSAGE][PASSED] - Text of element 'Object Repository/Transfer/transferConfirmationFromAccBalanceTxt' is: 'RM 692.22'

2022-06-16 10:31:49 - [TEST_STEP][PASSED] - println(accountBalance): null

2022-06-16 10:31:49 - [TEST_STEP][PASSED] - waitForElementPresent(findTestObject("Main/mainPayNowBtn"), 5): Element 'Object Repository/Main/mainPayNowBtn' is present

2022-06-16 10:31:49 - [MESSAGE][PASSED] - Element 'Object Repository/Main/mainPayNowBtn' is present

2022-06-16 10:31:49 - [TEST_STEP][PASSED] - tap(findTestObject("Main/mainPayNowBtn"), 0): Tapped on element 'Object Repository/Main/mainPayNowBtn'

2022-06-16 10:31:49 - [MESSAGE][WARNING] - Timeout '0' is invalid. Using default page load timeout: '40'

2022-06-16 10:31:49 - [MESSAGE][PASSED] - Tapped on element 'Object Repository/Main/mainPayNowBtn'

2022-06-16 10:31:49 - [TEST_STEP][PASSED] - if (verifyElementVisible(findTestObject("Festive Season/festiveReturnAngpaoTACNoTxt"), 10, OPTIONAL)): Element 'Object Repository/Festive Season/festiveReturnAngpaoTACNoTxt' not found

2022-06-16 10:31:59 - [MESSAGE][WARNING] - Element 'Object Repository/Festive Season/festiveReturnAngpaoTACNoTxt' not found

2022-06-16 10:31:59 - [TEST_STEP][PASSED] - else: Tapped on element 'Object Repository/Main/mainS2UApproveBtn'

2022-06-16 10:31:59 - [TEST_STEP][PASSED] - delay(5): Delayed 5 second(s)

2022-06-16 10:32:04 - [MESSAGE][PASSED] - Delayed 5 second(s)

2022-06-16 10:32:04 - [TEST_STEP][PASSED] - verifyElementVisible(findTestObject("Main/mainS2UApproveBtn"), 10): Element 'Object Repository/Main/mainS2UApproveBtn' is visible

2022-06-16 10:32:04 - [MESSAGE][PASSED] - Element 'Object Repository/Main/mainS2UApproveBtn' is visible

2022-06-16 10:32:04 - [TEST_STEP][PASSED] - tap(findTestObject("Main/mainS2UApproveBtn"), 0): Tapped on element 'Object Repository/Main/mainS2UApproveBtn'

2022-06-16 10:32:04 - [MESSAGE][WARNING] - Timeout '0' is invalid. Using default page load timeout: '40'

2022-06-16 10:32:04 - [MESSAGE][PASSED] - Tapped on element 'Object Repository/Main/mainS2UApproveBtn'

2022-06-16 10:32:04 - [TEST_STEP][PASSED] - verifyElementExist(findTestObject("Festive Season/returnAngpaoStatusMessageTxt"), 0): Element 'Object Repository/Festive Season/returnAngpaoStatusMessageTxt' is exist

2022-06-16 10:32:05 - [MESSAGE][WARNING] - Timeout '0' is invalid. Using default page load timeout: '40'

2022-06-16 10:32:10 - [MESSAGE][PASSED] - Element 'Object Repository/Festive Season/returnAngpaoStatusMessageTxt' is exist

2022-06-16 10:32:10 - [TEST_STEP][PASSED] - message = getText(findTestObject("Festive Season/returnAngpaoStatusMessageTxt"), 10): Text of element 'Object Repository/Festive Season/returnAngpaoStatusMessageTxt' is: 'Payment successful'

2022-06-16 10:32:10 - [MESSAGE][PASSED] - Text of element 'Object Repository/Festive Season/returnAngpaoStatusMessageTxt' is: 'Payment successful'

2022-06-16 10:32:10 - [TEST_STEP][PASSED] - println(message): null

2022-06-16 10:32:10 - [TEST_STEP][PASSED] - assert message == successTransactionMessage: null

2022-06-16 10:32:10 - [TEST_STEP][PASSED] - delay(5): Delayed 5 second(s)

2022-06-16 10:32:15 - [MESSAGE][PASSED] - Delayed 5 second(s)

2022-06-16 10:32:15 - [TEST_STEP][PASSED] - verifyElementExist(findTestObject("Paybill/payBillsSummaryDateTimeTitleTxt"), 0): Element 'Object Repository/Paybill/payBillsSummaryDateTimeTitleTxt' is exist

2022-06-16 10:32:15 - [MESSAGE][WARNING] - Timeout '0' is invalid. Using default page load timeout: '40'

2022-06-16 10:32:16 - [MESSAGE][PASSED] - Element 'Object Repository/Paybill/payBillsSummaryDateTimeTitleTxt' is exist

2022-06-16 10:32:16 - [TEST_STEP][PASSED] - verifyElementExist(findTestObject("Duit Now/duitNowSummaryRefernceIDTitleTxt"), 0): Element 'Object Repository/Duit Now/duitNowSummaryRefernceIDTitleTxt' is exist

2022-06-16 10:32:16 - [MESSAGE][WARNING] - Timeout '0' is invalid. Using default page load timeout: '40'

2022-06-16 10:32:16 - [MESSAGE][PASSED] - Element 'Object Repository/Duit Now/duitNowSummaryRefernceIDTitleTxt' is exist

2022-06-16 10:32:16 - [TEST_STEP][PASSED] - verifyElementExist(findTestObject("Transfer/transferSummaryShareReceiptBtn"), 0): Element 'Object Repository/Transfer/transferSummaryShareReceiptBtn' is exist

2022-06-16 10:32:16 - [MESSAGE][WARNING] - Timeout '0' is invalid. Using default page load timeout: '40'

2022-06-16 10:32:16 - [MESSAGE][PASSED] - Element 'Object Repository/Transfer/transferSummaryShareReceiptBtn' is exist

2022-06-16 10:32:16 - [TEST_STEP][PASSED] - delay(5): Delayed 5 second(s)

2022-06-16 10:32:21 - [MESSAGE][PASSED] - Delayed 5 second(s)

2022-06-16 10:32:21 - [TEST_STEP][PASSED] - referenceID = getText(findTestObject("Send Request Money/requestMoneyPaySummaryRefIDTxt"), 0): Text of element 'Object Repository/Send Request Money/requestMoneyPaySummaryRefIDTxt' is: 'Reference ID'

2022-06-16 10:32:21 - [MESSAGE][WARNING] - Timeout '0' is invalid. Using default page load timeout: '40'

2022-06-16 10:32:21 - [MESSAGE][PASSED] - Text of element 'Object Repository/Send Request Money/requestMoneyPaySummaryRefIDTxt' is: 'Reference ID'

2022-06-16 10:32:21 - [TEST_STEP][PASSED] - println(referenceID): null

2022-06-16 10:32:21 - [TEST_STEP][PASSED] - test = dataFolder: null

2022-06-16 10:32:21 - [TEST_STEP][PASSED] - sheetName = "Sheet1": null

2022-06-16 10:32:21 - [TEST_STEP][PASSED] - file1 = new java.io.File(test): null

2022-06-16 10:32:21 - [TEST_STEP][PASSED] - assert file1.exists() == true: null

2022-06-16 10:32:21 - [TEST_STEP][PASSED] - woorkbook1 = getWorkbook(test): null

2022-06-16 10:32:22 - [TEST_STEP][PASSED] - sheet1 = getExcelSheet(woorkbook1, sheetName): null

2022-06-16 10:32:22 - [TEST_STEP][PASSED] - setValueToCellByIndex(sheet1, 4, 1, referenceID): null

2022-06-16 10:32:22 - [TEST_STEP][PASSED] - saveWorkbook(test, woorkbook1): null

2022-06-16 10:32:22 - [TEST_STEP][PASSED] - delay(3): Delayed 3 second(s)

2022-06-16 10:32:25 - [MESSAGE][PASSED] - Delayed 3 second(s)

2022-06-16 10:32:25 - [TEST_STEP][PASSED] - verifyElementVisible(findTestObject("Main/mainDoneBtn"), 0): Element 'Object Repository/Main/mainDoneBtn' is visible

2022-06-16 10:32:25 - [MESSAGE][WARNING] - Timeout '0' is invalid. Using default page load timeout: '40'

2022-06-16 10:32:25 - [MESSAGE][PASSED] - Element 'Object Repository/Main/mainDoneBtn' is visible

2022-06-16 10:32:25 - [TEST_STEP][PASSED] - takeScreenshot("/Users/a00139272/Desktop/Screenshot/payBillsInstant.png"): Screenshot is taken

2022-06-16 10:32:26 - [MESSAGE][PASSED] - Screenshot is taken
[[ATTACHMENT|/Users/a00139272/Desktop/Screenshot/payBillsInstant.png]]

2022-06-16 10:32:26 - [TEST_STEP][PASSED] - tap(findTestObject("Main/mainDoneBtn"), 0): Tapped on element 'Object Repository/Main/mainDoneBtn'

2022-06-16 10:32:26 - [MESSAGE][WARNING] - Timeout '0' is invalid. Using default page load timeout: '40'

2022-06-16 10:32:26 - [MESSAGE][PASSED] - Tapped on element 'Object Repository/Main/mainDoneBtn'

2022-06-16 10:32:26 - [TEST_STEP][PASSED] - delay(3): Delayed 3 second(s)

2022-06-16 10:32:29 - [MESSAGE][PASSED] - Delayed 3 second(s)]]></system-out>
         <system-err><![CDATA[]]></system-err>
      </testcase>
      <testcase name="Test Cases/JomPay/jomPay_todayTransaction" time="114.411" classname="Test Cases/JomPay/jomPay_todayTransaction" status="PASSED">
         <system-out><![CDATA[2022-06-16 10:32:29 - [TEST_CASE][PASSED] - Test Cases/JomPay/jomPay_todayTransaction: Test Cases/JomPay/jomPay_todayTransaction

2022-06-16 10:32:29 - [TEST_STEP][PASSED] - device_Height = getDeviceHeight(): Current device physical height is 2167

2022-06-16 10:32:29 - [MESSAGE][PASSED] - Current device physical height is 2167

2022-06-16 10:32:29 - [TEST_STEP][PASSED] - device_Width = getDeviceWidth(): Current device physical width is 1080

2022-06-16 10:32:29 - [MESSAGE][PASSED] - Current device physical width is 1080

2022-06-16 10:32:29 - [TEST_STEP][PASSED] - startX = device_Width / 3: null

2022-06-16 10:32:29 - [TEST_STEP][PASSED] - startY = device_Height * 0.97: null

2022-06-16 10:32:29 - [TEST_STEP][PASSED] - verifyElementExist(findTestObject("Banking/m2uAccountPayBillsIconSelect"), 0): Element 'Object Repository/Banking/m2uAccountPayBillsIconSelect' is exist

2022-06-16 10:32:29 - [MESSAGE][WARNING] - Timeout '0' is invalid. Using default page load timeout: '40'

2022-06-16 10:32:30 - [MESSAGE][PASSED] - Element 'Object Repository/Banking/m2uAccountPayBillsIconSelect' is exist

2022-06-16 10:32:30 - [TEST_STEP][PASSED] - tap(findTestObject("Banking/m2uAccountPayBillsIconSelect"), 0): Tapped on element 'Object Repository/Banking/m2uAccountPayBillsIconSelect'

2022-06-16 10:32:30 - [MESSAGE][WARNING] - Timeout '0' is invalid. Using default page load timeout: '40'

2022-06-16 10:32:30 - [MESSAGE][PASSED] - Tapped on element 'Object Repository/Banking/m2uAccountPayBillsIconSelect'

2022-06-16 10:32:30 - [TEST_STEP][PASSED] - println("JOMPAY OFF US"): null

2022-06-16 10:32:30 - [TEST_STEP][PASSED] - verifyElementExist(findTestObject("JomPay/payBillsJomPayTopMenuSelect"), 0): Element 'Object Repository/JomPay/payBillsJomPayTopMenuSelect' is exist

2022-06-16 10:32:30 - [MESSAGE][WARNING] - Timeout '0' is invalid. Using default page load timeout: '40'

2022-06-16 10:32:36 - [MESSAGE][PASSED] - Element 'Object Repository/JomPay/payBillsJomPayTopMenuSelect' is exist

2022-06-16 10:32:36 - [TEST_STEP][PASSED] - tap(findTestObject("JomPay/payBillsJomPayTopMenuSelect"), 0): Tapped on element 'Object Repository/JomPay/payBillsJomPayTopMenuSelect'

2022-06-16 10:32:36 - [MESSAGE][WARNING] - Timeout '0' is invalid. Using default page load timeout: '40'

2022-06-16 10:32:36 - [MESSAGE][PASSED] - Tapped on element 'Object Repository/JomPay/payBillsJomPayTopMenuSelect'

2022-06-16 10:32:36 - [TEST_STEP][PASSED] - verifyElementExist(findTestObject("JomPay/jomPayIconSelect"), 0): Element 'Object Repository/JomPay/jomPayIconSelect' is exist

2022-06-16 10:32:36 - [MESSAGE][WARNING] - Timeout '0' is invalid. Using default page load timeout: '40'

2022-06-16 10:32:38 - [MESSAGE][PASSED] - Element 'Object Repository/JomPay/jomPayIconSelect' is exist

2022-06-16 10:32:38 - [TEST_STEP][PASSED] - tap(findTestObject("JomPay/jomPayIconSelect"), 0): Tapped on element 'Object Repository/JomPay/jomPayIconSelect'

2022-06-16 10:32:38 - [MESSAGE][WARNING] - Timeout '0' is invalid. Using default page load timeout: '40'

2022-06-16 10:32:38 - [MESSAGE][PASSED] - Tapped on element 'Object Repository/JomPay/jomPayIconSelect'

2022-06-16 10:32:38 - [TEST_STEP][PASSED] - delay(3): Delayed 3 second(s)

2022-06-16 10:32:41 - [MESSAGE][PASSED] - Delayed 3 second(s)

2022-06-16 10:32:41 - [TEST_STEP][PASSED] - verifyElementExist(findTestObject("Object Repository/JomPay/jomPayHeaderTxt"), 0): Element 'Object Repository/JomPay/jomPayHeaderTxt' is exist

2022-06-16 10:32:41 - [MESSAGE][WARNING] - Timeout '0' is invalid. Using default page load timeout: '40'

2022-06-16 10:32:41 - [MESSAGE][PASSED] - Element 'Object Repository/JomPay/jomPayHeaderTxt' is exist

2022-06-16 10:32:41 - [TEST_STEP][PASSED] - verifyElementExist(findTestObject("Object Repository/JomPay/jomPayBillerCodeTitleTxt"), 0): Element 'Object Repository/JomPay/jomPayBillerCodeTitleTxt' is exist

2022-06-16 10:32:41 - [MESSAGE][WARNING] - Timeout '0' is invalid. Using default page load timeout: '40'

2022-06-16 10:32:42 - [MESSAGE][PASSED] - Element 'Object Repository/JomPay/jomPayBillerCodeTitleTxt' is exist

2022-06-16 10:32:42 - [TEST_STEP][PASSED] - verifyElementExist(findTestObject("Object Repository/JomPay/jomPayReference1TitleTxt"), 0): Element 'Object Repository/JomPay/jomPayReference1TitleTxt' is exist

2022-06-16 10:32:42 - [MESSAGE][WARNING] - Timeout '0' is invalid. Using default page load timeout: '40'

2022-06-16 10:32:42 - [MESSAGE][PASSED] - Element 'Object Repository/JomPay/jomPayReference1TitleTxt' is exist

2022-06-16 10:32:42 - [TEST_STEP][PASSED] - verifyElementExist(findTestObject("Object Repository/JomPay/jomPayReference2TitleTxt"), 0): Element 'Object Repository/JomPay/jomPayReference2TitleTxt' is exist

2022-06-16 10:32:42 - [MESSAGE][WARNING] - Timeout '0' is invalid. Using default page load timeout: '40'

2022-06-16 10:32:42 - [MESSAGE][PASSED] - Element 'Object Repository/JomPay/jomPayReference2TitleTxt' is exist

2022-06-16 10:32:42 - [TEST_STEP][PASSED] - setText(findTestObject("JomPay/jomPayBillerInputField"), findTestData("TestData").getValue(8, 1), 0): Text '3657' has been set to element 'Object Repository/JomPay/jomPayBillerInputField'

2022-06-16 10:32:42 - [MESSAGE][WARNING] - Timeout '0' is invalid. Using default page load timeout: '40'

2022-06-16 10:32:43 - [MESSAGE][PASSED] - Text '3657' has been set to element 'Object Repository/JomPay/jomPayBillerInputField'

2022-06-16 10:32:43 - [TEST_STEP][PASSED] - setText(findTestObject("JomPay/jomPayBillerRefInputField"), findTestData("TestData").getValue(9, 1), 0): Text '568964' has been set to element 'Object Repository/JomPay/jomPayBillerRefInputField'

2022-06-16 10:32:43 - [MESSAGE][WARNING] - Timeout '0' is invalid. Using default page load timeout: '40'

2022-06-16 10:32:44 - [MESSAGE][PASSED] - Text '568964' has been set to element 'Object Repository/JomPay/jomPayBillerRefInputField'

2022-06-16 10:32:44 - [TEST_STEP][PASSED] - hideKeyboard(): Keyboard is hidden

2022-06-16 10:32:45 - [MESSAGE][PASSED] - Keyboard is hidden

2022-06-16 10:32:45 - [TEST_STEP][PASSED] - tap(findTestObject("Login Onboarding/loginExistingContinueBtn"), 0): Tapped on element 'Object Repository/Login Onboarding/loginExistingContinueBtn'

2022-06-16 10:32:45 - [MESSAGE][WARNING] - Timeout '0' is invalid. Using default page load timeout: '40'

2022-06-16 10:32:46 - [MESSAGE][PASSED] - Tapped on element 'Object Repository/Login Onboarding/loginExistingContinueBtn'

2022-06-16 10:32:46 - [TEST_STEP][PASSED] - verifyElementExist(findTestObject("JomPay/jomPayBillerCodeTxt", ["billerCode":findTestData("TestData").getValue(8, 1)]), 0): Element 'Object Repository/JomPay/jomPayBillerCodeTxt' is exist

2022-06-16 10:32:46 - [MESSAGE][WARNING] - Timeout '0' is invalid. Using default page load timeout: '40'

2022-06-16 10:32:50 - [MESSAGE][PASSED] - Element 'Object Repository/JomPay/jomPayBillerCodeTxt' is exist

2022-06-16 10:32:50 - [TEST_STEP][PASSED] - verifyElementExist(findTestObject("JomPay/jomPayBillerRefTxt", ["refNum":findTestData("TestData").getValue(9, 1)]), 0): Element 'Object Repository/JomPay/jomPayBillerRefTxt' is exist

2022-06-16 10:32:50 - [MESSAGE][WARNING] - Timeout '0' is invalid. Using default page load timeout: '40'

2022-06-16 10:32:50 - [MESSAGE][PASSED] - Element 'Object Repository/JomPay/jomPayBillerRefTxt' is exist

2022-06-16 10:32:50 - [TEST_STEP][PASSED] - verifyElementExist(findTestObject("Object Repository/JomPay/jomPayAmountEnterAmountTitleTxt"), 0): Element 'Object Repository/JomPay/jomPayAmountEnterAmountTitleTxt' is exist

2022-06-16 10:32:50 - [MESSAGE][WARNING] - Timeout '0' is invalid. Using default page load timeout: '40'

2022-06-16 10:32:50 - [MESSAGE][PASSED] - Element 'Object Repository/JomPay/jomPayAmountEnterAmountTitleTxt' is exist

2022-06-16 10:32:50 - [TEST_STEP][PASSED] - verifyElementExist(findTestObject("Object Repository/JomPay/jomPayAmountInitialTxt"), 0): Element 'Object Repository/JomPay/jomPayAmountInitialTxt' is exist

2022-06-16 10:32:50 - [MESSAGE][WARNING] - Timeout '0' is invalid. Using default page load timeout: '40'

2022-06-16 10:32:51 - [MESSAGE][PASSED] - Element 'Object Repository/JomPay/jomPayAmountInitialTxt' is exist

2022-06-16 10:32:51 - [TEST_STEP][PASSED] - verifyElementExist(findTestObject("Object Repository/JomPay/jomPayAmountEnterAmountTitleTxt"), 0): Element 'Object Repository/JomPay/jomPayAmountEnterAmountTitleTxt' is exist

2022-06-16 10:32:51 - [MESSAGE][WARNING] - Timeout '0' is invalid. Using default page load timeout: '40'

2022-06-16 10:32:51 - [MESSAGE][PASSED] - Element 'Object Repository/JomPay/jomPayAmountEnterAmountTitleTxt' is exist

2022-06-16 10:32:51 - [TEST_STEP][PASSED] - trxAmount = findTestData("TestData").getValue(3, 1): null

2022-06-16 10:32:51 - [TEST_STEP][PASSED] - length = trxAmount.length(): null

2022-06-16 10:32:51 - [TEST_STEP][PASSED] - delay(5): Delayed 5 second(s)

2022-06-16 10:32:56 - [MESSAGE][PASSED] - Delayed 5 second(s)

2022-06-16 10:32:56 - [TEST_STEP][PASSED] - tapAtPosition(startX, startY): Tapped at [360, 2,101]

2022-06-16 10:32:56 - [MESSAGE][PASSED] - Tapped at [360, 2,101]

2022-06-16 10:32:56 - [TEST_STEP][PASSED] - for ([i = 0, i < length, (i++)]): null

2022-06-16 10:32:56 - [TEST_STEP][PASSED] - if (trxAmount[i] == "0"): null

2022-06-16 10:32:56 - [TEST_STEP][PASSED] - if (trxAmount[i] == "1"): Tapped on element 'Object Repository/Login Onboarding/PIN1'

2022-06-16 10:32:56 - [TEST_STEP][PASSED] - tap(findTestObject("Login Onboarding/PIN1"), 0): Tapped on element 'Object Repository/Login Onboarding/PIN1'

2022-06-16 10:32:56 - [MESSAGE][WARNING] - Timeout '0' is invalid. Using default page load timeout: '40'

2022-06-16 10:32:56 - [MESSAGE][PASSED] - Tapped on element 'Object Repository/Login Onboarding/PIN1'

2022-06-16 10:32:56 - [TEST_STEP][PASSED] - if (trxAmount[i] == "2"): null

2022-06-16 10:32:56 - [TEST_STEP][PASSED] - if (trxAmount[i] == "3"): null

2022-06-16 10:32:56 - [TEST_STEP][PASSED] - if (trxAmount[i] == "4"): null

2022-06-16 10:32:56 - [TEST_STEP][PASSED] - if (trxAmount[i] == "5"): null

2022-06-16 10:32:56 - [TEST_STEP][PASSED] - if (trxAmount[i] == "6"): null

2022-06-16 10:32:56 - [TEST_STEP][PASSED] - if (trxAmount[i] == "7"): null

2022-06-16 10:32:56 - [TEST_STEP][PASSED] - if (trxAmount[i] == "8"): null

2022-06-16 10:32:56 - [TEST_STEP][PASSED] - if (trxAmount[i] == "9"): null

2022-06-16 10:32:56 - [TEST_STEP][PASSED] - if (trxAmount[i] == "0"): Tapped on element 'Object Repository/Login Onboarding/PIN0'

2022-06-16 10:32:56 - [TEST_STEP][PASSED] - tap(findTestObject("Login Onboarding/PIN0"), 0): Tapped on element 'Object Repository/Login Onboarding/PIN0'

2022-06-16 10:32:56 - [MESSAGE][WARNING] - Timeout '0' is invalid. Using default page load timeout: '40'

2022-06-16 10:32:57 - [MESSAGE][PASSED] - Tapped on element 'Object Repository/Login Onboarding/PIN0'

2022-06-16 10:32:57 - [TEST_STEP][PASSED] - if (trxAmount[i] == "1"): null

2022-06-16 10:32:57 - [TEST_STEP][PASSED] - if (trxAmount[i] == "2"): null

2022-06-16 10:32:57 - [TEST_STEP][PASSED] - if (trxAmount[i] == "3"): null

2022-06-16 10:32:57 - [TEST_STEP][PASSED] - if (trxAmount[i] == "4"): null

2022-06-16 10:32:57 - [TEST_STEP][PASSED] - if (trxAmount[i] == "5"): null

2022-06-16 10:32:57 - [TEST_STEP][PASSED] - if (trxAmount[i] == "6"): null

2022-06-16 10:32:57 - [TEST_STEP][PASSED] - if (trxAmount[i] == "7"): null

2022-06-16 10:32:57 - [TEST_STEP][PASSED] - if (trxAmount[i] == "8"): null

2022-06-16 10:32:57 - [TEST_STEP][PASSED] - if (trxAmount[i] == "9"): null

2022-06-16 10:32:57 - [TEST_STEP][PASSED] - if (trxAmount[i] == "0"): Tapped on element 'Object Repository/Login Onboarding/PIN0'

2022-06-16 10:32:57 - [TEST_STEP][PASSED] - tap(findTestObject("Login Onboarding/PIN0"), 0): Tapped on element 'Object Repository/Login Onboarding/PIN0'

2022-06-16 10:32:57 - [MESSAGE][WARNING] - Timeout '0' is invalid. Using default page load timeout: '40'

2022-06-16 10:32:57 - [MESSAGE][PASSED] - Tapped on element 'Object Repository/Login Onboarding/PIN0'

2022-06-16 10:32:57 - [TEST_STEP][PASSED] - if (trxAmount[i] == "1"): null

2022-06-16 10:32:57 - [TEST_STEP][PASSED] - if (trxAmount[i] == "2"): null

2022-06-16 10:32:57 - [TEST_STEP][PASSED] - if (trxAmount[i] == "3"): null

2022-06-16 10:32:57 - [TEST_STEP][PASSED] - if (trxAmount[i] == "4"): null

2022-06-16 10:32:57 - [TEST_STEP][PASSED] - if (trxAmount[i] == "5"): null

2022-06-16 10:32:57 - [TEST_STEP][PASSED] - if (trxAmount[i] == "6"): null

2022-06-16 10:32:57 - [TEST_STEP][PASSED] - if (trxAmount[i] == "7"): null

2022-06-16 10:32:57 - [TEST_STEP][PASSED] - if (trxAmount[i] == "8"): null

2022-06-16 10:32:57 - [TEST_STEP][PASSED] - if (trxAmount[i] == "9"): null

2022-06-16 10:32:57 - [TEST_STEP][PASSED] - delay(5): Delayed 5 second(s)

2022-06-16 10:33:02 - [MESSAGE][PASSED] - Delayed 5 second(s)

2022-06-16 10:33:02 - [TEST_STEP][PASSED] - tap(findTestObject("JomPay/jomPayAmountTickBtn"), 0): Tapped on element 'Object Repository/JomPay/jomPayAmountTickBtn'

2022-06-16 10:33:02 - [MESSAGE][WARNING] - Timeout '0' is invalid. Using default page load timeout: '40'

2022-06-16 10:33:02 - [MESSAGE][PASSED] - Tapped on element 'Object Repository/JomPay/jomPayAmountTickBtn'

2022-06-16 10:33:02 - [TEST_STEP][PASSED] - verifyElementExist(findTestObject("JomPay/jomPayConfirmationAmountTxt", ["amount":findTestData("TestData").getValue(4, 1)]), 0): Element 'Object Repository/JomPay/jomPayConfirmationAmountTxt' is exist

2022-06-16 10:33:02 - [MESSAGE][WARNING] - Timeout '0' is invalid. Using default page load timeout: '40'

2022-06-16 10:33:13 - [MESSAGE][PASSED] - Element 'Object Repository/JomPay/jomPayConfirmationAmountTxt' is exist

2022-06-16 10:33:13 - [TEST_STEP][PASSED] - verifyElementExist(findTestObject("Object Repository/JomPay/jomPayConfirmationBillerCodeTxt", ["billerCode":findTestData("TestData").getValue(8, 2)]), 0): Element 'Object Repository/JomPay/jomPayConfirmationBillerCodeTxt' is exist

2022-06-16 10:33:13 - [MESSAGE][WARNING] - Timeout '0' is invalid. Using default page load timeout: '40'

2022-06-16 10:33:13 - [MESSAGE][PASSED] - Element 'Object Repository/JomPay/jomPayConfirmationBillerCodeTxt' is exist

2022-06-16 10:33:13 - [TEST_STEP][PASSED] - verifyElementExist(findTestObject("JomPay/jomPayConfirmationBillerRefTxt", ["billRef":findTestData("TestData").getValue(10, 1)]), 0): Element 'Object Repository/JomPay/jomPayConfirmationBillerRefTxt' is exist

2022-06-16 10:33:13 - [MESSAGE][WARNING] - Timeout '0' is invalid. Using default page load timeout: '40'

2022-06-16 10:33:13 - [MESSAGE][PASSED] - Element 'Object Repository/JomPay/jomPayConfirmationBillerRefTxt' is exist

2022-06-16 10:33:13 - [TEST_STEP][PASSED] - verifyElementExist(findTestObject("Object Repository/JomPay/jomPayConfirmationDateTxt"), 0): Element 'Object Repository/JomPay/jomPayConfirmationDateTxt' is exist

2022-06-16 10:33:13 - [MESSAGE][WARNING] - Timeout '0' is invalid. Using default page load timeout: '40'

2022-06-16 10:33:13 - [MESSAGE][PASSED] - Element 'Object Repository/JomPay/jomPayConfirmationDateTxt' is exist

2022-06-16 10:33:13 - [TEST_STEP][PASSED] - verifyElementExist(findTestObject("Object Repository/JomPay/jomPayConfirmationDateTitleTxt"), 0): Element 'Object Repository/JomPay/jomPayConfirmationDateTitleTxt' is exist

2022-06-16 10:33:13 - [MESSAGE][WARNING] - Timeout '0' is invalid. Using default page load timeout: '40'

2022-06-16 10:33:14 - [MESSAGE][PASSED] - Element 'Object Repository/JomPay/jomPayConfirmationDateTitleTxt' is exist

2022-06-16 10:33:14 - [TEST_STEP][PASSED] - verifyElementExist(findTestObject("Object Repository/JomPay/jomPayConfirmationDeclarationTitleTxt"), 0): Element 'Object Repository/JomPay/jomPayConfirmationDeclarationTitleTxt' is exist

2022-06-16 10:33:14 - [MESSAGE][WARNING] - Timeout '0' is invalid. Using default page load timeout: '40'

2022-06-16 10:33:14 - [MESSAGE][PASSED] - Element 'Object Repository/JomPay/jomPayConfirmationDeclarationTitleTxt' is exist

2022-06-16 10:33:14 - [TEST_STEP][PASSED] - verifyElementExist(findTestObject("Object Repository/JomPay/jomPayConfirmationDeclarationNotesTxt"), 0): Element 'Object Repository/JomPay/jomPayConfirmationDeclarationNotesTxt' is exist

2022-06-16 10:33:14 - [MESSAGE][WARNING] - Timeout '0' is invalid. Using default page load timeout: '40'

2022-06-16 10:33:14 - [MESSAGE][PASSED] - Element 'Object Repository/JomPay/jomPayConfirmationDeclarationNotesTxt' is exist

2022-06-16 10:33:14 - [TEST_STEP][PASSED] - verifyElementExist(findTestObject("Object Repository/JomPay/jomPayConfirmationRef2TitleTxt"), 0): Element 'Object Repository/JomPay/jomPayConfirmationRef2TitleTxt' is exist

2022-06-16 10:33:14 - [MESSAGE][WARNING] - Timeout '0' is invalid. Using default page load timeout: '40'

2022-06-16 10:33:15 - [MESSAGE][PASSED] - Element 'Object Repository/JomPay/jomPayConfirmationRef2TitleTxt' is exist

2022-06-16 10:33:15 - [TEST_STEP][PASSED] - verifyElementExist(findTestObject("Object Repository/JomPay/jomPayConfirmationTnCTitleTxt"), 0): Element 'Object Repository/JomPay/jomPayConfirmationTnCTitleTxt' is exist

2022-06-16 10:33:15 - [MESSAGE][WARNING] - Timeout '0' is invalid. Using default page load timeout: '40'

2022-06-16 10:33:15 - [MESSAGE][PASSED] - Element 'Object Repository/JomPay/jomPayConfirmationTnCTitleTxt' is exist

2022-06-16 10:33:15 - [TEST_STEP][PASSED] - verifyElementText(findTestObject("Transfer/transferConfirmationFromAccTypeTxt", ["accType":findTestData("TestData").getValue(5, 1)]), findTestData("TestData").getValue(5, 1)): Actual text and expected text of test object 'Object Repository/Transfer/transferConfirmationFromAccTypeTxt' are matched.

2022-06-16 10:33:16 - [MESSAGE][PASSED] - Actual text and expected text of test object 'Object Repository/Transfer/transferConfirmationFromAccTypeTxt' are matched.

2022-06-16 10:33:16 - [TEST_STEP][PASSED] - verifyElementText(findTestObject("Transfer/transferConfirmationFromAccNoTxt", ["accNoFrom":findTestData("TestData").getValue(6, 1)]), findTestData("TestData").getValue(6, 1)): Actual text and expected text of test object 'Object Repository/Transfer/transferConfirmationFromAccNoTxt' are matched.

2022-06-16 10:33:17 - [MESSAGE][PASSED] - Actual text and expected text of test object 'Object Repository/Transfer/transferConfirmationFromAccNoTxt' are matched.

2022-06-16 10:33:17 - [TEST_STEP][PASSED] - verifyElementExist(findTestObject("Transfer/transferConfirmationFromAccBalanceTxt"), 0): Element 'Object Repository/Transfer/transferConfirmationFromAccBalanceTxt' is exist

2022-06-16 10:33:17 - [MESSAGE][WARNING] - Timeout '0' is invalid. Using default page load timeout: '40'

2022-06-16 10:33:17 - [MESSAGE][PASSED] - Element 'Object Repository/Transfer/transferConfirmationFromAccBalanceTxt' is exist

2022-06-16 10:33:17 - [TEST_STEP][PASSED] - accountBalance = getText(findTestObject("Transfer/transferConfirmationFromAccBalanceTxt"), 0): Text of element 'Object Repository/Transfer/transferConfirmationFromAccBalanceTxt' is: 'RM 642.22'

2022-06-16 10:33:17 - [MESSAGE][WARNING] - Timeout '0' is invalid. Using default page load timeout: '40'

2022-06-16 10:33:17 - [MESSAGE][PASSED] - Text of element 'Object Repository/Transfer/transferConfirmationFromAccBalanceTxt' is: 'RM 642.22'

2022-06-16 10:33:17 - [TEST_STEP][PASSED] - println(accountBalance): null

2022-06-16 10:33:17 - [TEST_STEP][PASSED] - verifyElementExist(findTestObject("Main/mainPayNowBtn"), 0): Element 'Object Repository/Main/mainPayNowBtn' is exist

2022-06-16 10:33:17 - [MESSAGE][WARNING] - Timeout '0' is invalid. Using default page load timeout: '40'

2022-06-16 10:33:18 - [MESSAGE][PASSED] - Element 'Object Repository/Main/mainPayNowBtn' is exist

2022-06-16 10:33:18 - [TEST_STEP][PASSED] - verifyElementExist(findTestObject("Main/mainPayNowBtn"), 0): Element 'Object Repository/Main/mainPayNowBtn' is exist

2022-06-16 10:33:18 - [MESSAGE][WARNING] - Timeout '0' is invalid. Using default page load timeout: '40'

2022-06-16 10:33:18 - [MESSAGE][PASSED] - Element 'Object Repository/Main/mainPayNowBtn' is exist

2022-06-16 10:33:18 - [TEST_STEP][PASSED] - tap(findTestObject("Main/mainPayNowBtn"), 0): Tapped on element 'Object Repository/Main/mainPayNowBtn'

2022-06-16 10:33:18 - [MESSAGE][WARNING] - Timeout '0' is invalid. Using default page load timeout: '40'

2022-06-16 10:33:18 - [MESSAGE][PASSED] - Tapped on element 'Object Repository/Main/mainPayNowBtn'

2022-06-16 10:33:18 - [TEST_STEP][PASSED] - delay(3): Delayed 3 second(s)

2022-06-16 10:33:21 - [MESSAGE][PASSED] - Delayed 3 second(s)

2022-06-16 10:33:21 - [TEST_STEP][PASSED] - if (verifyElementVisible(findTestObject("Festive Season/festiveReturnAngpaoTACNoTxt"), 0, OPTIONAL)): Element 'Object Repository/Festive Season/festiveReturnAngpaoTACNoTxt' not found

2022-06-16 10:33:21 - [MESSAGE][WARNING] - Timeout '0' is invalid. Using default page load timeout: '40'

2022-06-16 10:34:02 - [MESSAGE][WARNING] - Element 'Object Repository/Festive Season/festiveReturnAngpaoTACNoTxt' not found

2022-06-16 10:34:02 - [TEST_STEP][PASSED] - else: Tapped on element 'Object Repository/Main/mainS2UApproveBtn'

2022-06-16 10:34:02 - [TEST_STEP][PASSED] - delay(5): Delayed 5 second(s)

2022-06-16 10:34:07 - [MESSAGE][PASSED] - Delayed 5 second(s)

2022-06-16 10:34:07 - [TEST_STEP][PASSED] - verifyElementVisible(findTestObject("Main/mainS2UApproveBtn"), 10): Element 'Object Repository/Main/mainS2UApproveBtn' is visible

2022-06-16 10:34:07 - [MESSAGE][PASSED] - Element 'Object Repository/Main/mainS2UApproveBtn' is visible

2022-06-16 10:34:07 - [TEST_STEP][PASSED] - tap(findTestObject("Main/mainS2UApproveBtn"), 0): Tapped on element 'Object Repository/Main/mainS2UApproveBtn'

2022-06-16 10:34:07 - [MESSAGE][WARNING] - Timeout '0' is invalid. Using default page load timeout: '40'

2022-06-16 10:34:07 - [MESSAGE][PASSED] - Tapped on element 'Object Repository/Main/mainS2UApproveBtn'

2022-06-16 10:34:07 - [TEST_STEP][PASSED] - delay(5): Delayed 5 second(s)

2022-06-16 10:34:12 - [MESSAGE][PASSED] - Delayed 5 second(s)

2022-06-16 10:34:12 - [TEST_STEP][PASSED] - verifyElementText(findTestObject("JomPay/jomPaySummarySuccesfulTxt"), findTestData("TestData").getValue(7, 1)): Actual text and expected text of test object 'Object Repository/JomPay/jomPaySummarySuccesfulTxt' are matched.

2022-06-16 10:34:13 - [MESSAGE][PASSED] - Actual text and expected text of test object 'Object Repository/JomPay/jomPaySummarySuccesfulTxt' are matched.

2022-06-16 10:34:13 - [TEST_STEP][PASSED] - verifyElementExist(findTestObject("Duit Now/duitNowSummaryDateTimeTitleTxt"), 0): Element 'Object Repository/Duit Now/duitNowSummaryDateTimeTitleTxt' is exist

2022-06-16 10:34:13 - [MESSAGE][WARNING] - Timeout '0' is invalid. Using default page load timeout: '40'

2022-06-16 10:34:13 - [MESSAGE][PASSED] - Element 'Object Repository/Duit Now/duitNowSummaryDateTimeTitleTxt' is exist

2022-06-16 10:34:13 - [TEST_STEP][PASSED] - verifyElementExist(findTestObject("Duit Now/duitNowSummaryRefernceIDTitleTxt"), 0): Element 'Object Repository/Duit Now/duitNowSummaryRefernceIDTitleTxt' is exist

2022-06-16 10:34:13 - [MESSAGE][WARNING] - Timeout '0' is invalid. Using default page load timeout: '40'

2022-06-16 10:34:13 - [MESSAGE][PASSED] - Element 'Object Repository/Duit Now/duitNowSummaryRefernceIDTitleTxt' is exist

2022-06-16 10:34:13 - [TEST_STEP][PASSED] - verifyElementExist(findTestObject("Transfer/transferSummaryShareReceiptBtn"), 0): Element 'Object Repository/Transfer/transferSummaryShareReceiptBtn' is exist

2022-06-16 10:34:13 - [MESSAGE][WARNING] - Timeout '0' is invalid. Using default page load timeout: '40'

2022-06-16 10:34:13 - [MESSAGE][PASSED] - Element 'Object Repository/Transfer/transferSummaryShareReceiptBtn' is exist

2022-06-16 10:34:13 - [TEST_STEP][PASSED] - referenceID = getText(findTestObject("Send Request Money/requestMoneyPaySummaryRefIDTxt"), 0): Text of element 'Object Repository/Send Request Money/requestMoneyPaySummaryRefIDTxt' is: 'Reference ID'

2022-06-16 10:34:13 - [MESSAGE][WARNING] - Timeout '0' is invalid. Using default page load timeout: '40'

2022-06-16 10:34:13 - [MESSAGE][PASSED] - Text of element 'Object Repository/Send Request Money/requestMoneyPaySummaryRefIDTxt' is: 'Reference ID'

2022-06-16 10:34:13 - [TEST_STEP][PASSED] - println(referenceID): null

2022-06-16 10:34:13 - [TEST_STEP][PASSED] - test = dataFolder: null

2022-06-16 10:34:13 - [TEST_STEP][PASSED] - sheetName = "Sheet1": null

2022-06-16 10:34:13 - [TEST_STEP][PASSED] - file1 = new java.io.File(test): null

2022-06-16 10:34:13 - [TEST_STEP][PASSED] - assert file1.exists() == true: null

2022-06-16 10:34:13 - [TEST_STEP][PASSED] - woorkbook1 = getWorkbook(test): null

2022-06-16 10:34:13 - [TEST_STEP][PASSED] - sheet1 = getExcelSheet(woorkbook1, sheetName): null

2022-06-16 10:34:13 - [TEST_STEP][PASSED] - setValueToCellByIndex(sheet1, 4, 1, referenceID): null

2022-06-16 10:34:13 - [TEST_STEP][PASSED] - saveWorkbook(test, woorkbook1): null

2022-06-16 10:34:13 - [TEST_STEP][PASSED] - delay(3): Delayed 3 second(s)

2022-06-16 10:34:16 - [MESSAGE][PASSED] - Delayed 3 second(s)

2022-06-16 10:34:16 - [TEST_STEP][PASSED] - takeScreenshot("/Users/a00139272/Desktop/Screenshot/jomPayInstant.png"): Screenshot is taken

2022-06-16 10:34:17 - [MESSAGE][PASSED] - Screenshot is taken
[[ATTACHMENT|/Users/a00139272/Desktop/Screenshot/jomPayInstant.png]]

2022-06-16 10:34:17 - [TEST_STEP][PASSED] - verifyElementVisible(findTestObject("Main/mainDoneBtn"), 0): Element 'Object Repository/Main/mainDoneBtn' is visible

2022-06-16 10:34:17 - [MESSAGE][WARNING] - Timeout '0' is invalid. Using default page load timeout: '40'

2022-06-16 10:34:18 - [MESSAGE][PASSED] - Element 'Object Repository/Main/mainDoneBtn' is visible

2022-06-16 10:34:18 - [TEST_STEP][PASSED] - tap(findTestObject("Main/mainDoneBtn"), 0): Tapped on element 'Object Repository/Main/mainDoneBtn'

2022-06-16 10:34:18 - [MESSAGE][WARNING] - Timeout '0' is invalid. Using default page load timeout: '40'

2022-06-16 10:34:18 - [MESSAGE][PASSED] - Tapped on element 'Object Repository/Main/mainDoneBtn'

2022-06-16 10:34:18 - [TEST_STEP][PASSED] - delay(5): Delayed 5 second(s)

2022-06-16 10:34:23 - [MESSAGE][PASSED] - Delayed 5 second(s)]]></system-out>
         <system-err><![CDATA[]]></system-err>
      </testcase>
      <testcase name="Test Cases/JomPay/JomPay Add Favorite" time="117.633" classname="Test Cases/JomPay/JomPay Add Favorite" status="PASSED">
         <system-out><![CDATA[2022-06-16 10:34:23 - [TEST_CASE][PASSED] - Test Cases/JomPay/JomPay Add Favorite: Test Cases/JomPay/JomPay Add Favorite

2022-06-16 10:34:23 - [TEST_STEP][PASSED] - device_Height = getDeviceHeight(): Current device physical height is 2167

2022-06-16 10:34:24 - [MESSAGE][PASSED] - Current device physical height is 2167

2022-06-16 10:34:24 - [TEST_STEP][PASSED] - device_Width = getDeviceWidth(): Current device physical width is 1080

2022-06-16 10:34:24 - [MESSAGE][PASSED] - Current device physical width is 1080

2022-06-16 10:34:24 - [TEST_STEP][PASSED] - startX = device_Width / 3: null

2022-06-16 10:34:24 - [TEST_STEP][PASSED] - startY = device_Height * 0.97: null

2022-06-16 10:34:24 - [TEST_STEP][PASSED] - delay(5): Delayed 5 second(s)

2022-06-16 10:34:29 - [MESSAGE][PASSED] - Delayed 5 second(s)

2022-06-16 10:34:29 - [TEST_STEP][PASSED] - tap(findTestObject("Banking/m2uAccountPayBillsIconSelect"), 0): Tapped on element 'Object Repository/Banking/m2uAccountPayBillsIconSelect'

2022-06-16 10:34:29 - [MESSAGE][WARNING] - Timeout '0' is invalid. Using default page load timeout: '40'

2022-06-16 10:34:29 - [MESSAGE][PASSED] - Tapped on element 'Object Repository/Banking/m2uAccountPayBillsIconSelect'

2022-06-16 10:34:29 - [TEST_STEP][PASSED] - tap(findTestObject("Banking/m2uAccountPayBillsIconSelect"), 30): Tapped on element 'Object Repository/Banking/m2uAccountPayBillsIconSelect'

2022-06-16 10:34:41 - [MESSAGE][PASSED] - Tapped on element 'Object Repository/Banking/m2uAccountPayBillsIconSelect'

2022-06-16 10:34:41 - [TEST_STEP][PASSED] - tap(findTestObject("JomPay/payBillsJomPayTopMenuSelect"), 0): Tapped on element 'Object Repository/JomPay/payBillsJomPayTopMenuSelect'

2022-06-16 10:34:41 - [MESSAGE][WARNING] - Timeout '0' is invalid. Using default page load timeout: '40'

2022-06-16 10:34:42 - [MESSAGE][PASSED] - Tapped on element 'Object Repository/JomPay/payBillsJomPayTopMenuSelect'

2022-06-16 10:34:42 - [TEST_STEP][PASSED] - tap(findTestObject("JomPay/jomPayIconSelect"), 0): Tapped on element 'Object Repository/JomPay/jomPayIconSelect'

2022-06-16 10:34:42 - [MESSAGE][WARNING] - Timeout '0' is invalid. Using default page load timeout: '40'

2022-06-16 10:34:43 - [MESSAGE][PASSED] - Tapped on element 'Object Repository/JomPay/jomPayIconSelect'

2022-06-16 10:34:43 - [TEST_STEP][PASSED] - setText(findTestObject("JomPay/jomPayBillerInputField"), findTestData("TestData").getValue(8, 1), 0): Text '3657' has been set to element 'Object Repository/JomPay/jomPayBillerInputField'

2022-06-16 10:34:43 - [MESSAGE][WARNING] - Timeout '0' is invalid. Using default page load timeout: '40'

2022-06-16 10:34:45 - [MESSAGE][PASSED] - Text '3657' has been set to element 'Object Repository/JomPay/jomPayBillerInputField'

2022-06-16 10:34:45 - [TEST_STEP][PASSED] - setText(findTestObject("JomPay/jomPayBillerRefInputField"), findTestData("TestData").getValue(9, 1), 0): Text '568964' has been set to element 'Object Repository/JomPay/jomPayBillerRefInputField'

2022-06-16 10:34:45 - [MESSAGE][WARNING] - Timeout '0' is invalid. Using default page load timeout: '40'

2022-06-16 10:34:46 - [MESSAGE][PASSED] - Text '568964' has been set to element 'Object Repository/JomPay/jomPayBillerRefInputField'

2022-06-16 10:34:46 - [TEST_STEP][PASSED] - hideKeyboard(): Keyboard is hidden

2022-06-16 10:34:47 - [MESSAGE][PASSED] - Keyboard is hidden

2022-06-16 10:34:47 - [TEST_STEP][PASSED] - tap(findTestObject("Login Onboarding/loginExistingContinueBtn"), 0): Tapped on element 'Object Repository/Login Onboarding/loginExistingContinueBtn'

2022-06-16 10:34:47 - [MESSAGE][WARNING] - Timeout '0' is invalid. Using default page load timeout: '40'

2022-06-16 10:34:47 - [MESSAGE][PASSED] - Tapped on element 'Object Repository/Login Onboarding/loginExistingContinueBtn'

2022-06-16 10:34:47 - [TEST_STEP][PASSED] - tap(findTestObject("Login Onboarding/PIN1"), 0): Tapped on element 'Object Repository/Login Onboarding/PIN1'

2022-06-16 10:34:47 - [MESSAGE][WARNING] - Timeout '0' is invalid. Using default page load timeout: '40'

2022-06-16 10:34:54 - [MESSAGE][PASSED] - Tapped on element 'Object Repository/Login Onboarding/PIN1'

2022-06-16 10:34:54 - [TEST_STEP][PASSED] - tap(findTestObject("Login Onboarding/PIN0"), 0): Tapped on element 'Object Repository/Login Onboarding/PIN0'

2022-06-16 10:34:54 - [MESSAGE][WARNING] - Timeout '0' is invalid. Using default page load timeout: '40'

2022-06-16 10:34:54 - [MESSAGE][PASSED] - Tapped on element 'Object Repository/Login Onboarding/PIN0'

2022-06-16 10:34:54 - [TEST_STEP][PASSED] - tap(findTestObject("Login Onboarding/PIN0"), 0): Tapped on element 'Object Repository/Login Onboarding/PIN0'

2022-06-16 10:34:54 - [MESSAGE][WARNING] - Timeout '0' is invalid. Using default page load timeout: '40'

2022-06-16 10:34:54 - [MESSAGE][PASSED] - Tapped on element 'Object Repository/Login Onboarding/PIN0'

2022-06-16 10:34:54 - [TEST_STEP][PASSED] - tap(findTestObject("JomPay/jomPayAmountTickBtn"), 0): Tapped on element 'Object Repository/JomPay/jomPayAmountTickBtn'

2022-06-16 10:34:54 - [MESSAGE][WARNING] - Timeout '0' is invalid. Using default page load timeout: '40'

2022-06-16 10:34:54 - [MESSAGE][PASSED] - Tapped on element 'Object Repository/JomPay/jomPayAmountTickBtn'

2022-06-16 10:34:54 - [TEST_STEP][PASSED] - delay(10): Delayed 10 second(s)

2022-06-16 10:35:04 - [MESSAGE][PASSED] - Delayed 10 second(s)

2022-06-16 10:35:04 - [TEST_STEP][PASSED] - tap(findTestObject("Main/mainPayNowBtn"), 0): Tapped on element 'Object Repository/Main/mainPayNowBtn'

2022-06-16 10:35:04 - [MESSAGE][WARNING] - Timeout '0' is invalid. Using default page load timeout: '40'

2022-06-16 10:35:05 - [MESSAGE][PASSED] - Tapped on element 'Object Repository/Main/mainPayNowBtn'

2022-06-16 10:35:05 - [TEST_STEP][PASSED] - delay(3): Delayed 3 second(s)

2022-06-16 10:35:08 - [MESSAGE][PASSED] - Delayed 3 second(s)

2022-06-16 10:35:08 - [TEST_STEP][PASSED] - if (verifyElementVisible(findTestObject("Festive Season/festiveReturnAngpaoTACNoTxt"), 0, OPTIONAL)): Element 'Object Repository/Festive Season/festiveReturnAngpaoTACNoTxt' not found

2022-06-16 10:35:08 - [MESSAGE][WARNING] - Timeout '0' is invalid. Using default page load timeout: '40'

2022-06-16 10:35:48 - [MESSAGE][WARNING] - Element 'Object Repository/Festive Season/festiveReturnAngpaoTACNoTxt' not found

2022-06-16 10:35:48 - [TEST_STEP][PASSED] - else: Tapped on element 'Object Repository/Main/mainS2UApproveBtn'

2022-06-16 10:35:48 - [TEST_STEP][PASSED] - delay(5): Delayed 5 second(s)

2022-06-16 10:35:53 - [MESSAGE][PASSED] - Delayed 5 second(s)

2022-06-16 10:35:53 - [TEST_STEP][PASSED] - verifyElementVisible(findTestObject("Main/mainS2UApproveBtn"), 10): Element 'Object Repository/Main/mainS2UApproveBtn' is visible

2022-06-16 10:35:53 - [MESSAGE][PASSED] - Element 'Object Repository/Main/mainS2UApproveBtn' is visible

2022-06-16 10:35:53 - [TEST_STEP][PASSED] - tap(findTestObject("Main/mainS2UApproveBtn"), 0): Tapped on element 'Object Repository/Main/mainS2UApproveBtn'

2022-06-16 10:35:53 - [MESSAGE][WARNING] - Timeout '0' is invalid. Using default page load timeout: '40'

2022-06-16 10:35:53 - [MESSAGE][PASSED] - Tapped on element 'Object Repository/Main/mainS2UApproveBtn'

2022-06-16 10:35:53 - [TEST_STEP][PASSED] - delay(3): Delayed 3 second(s)

2022-06-16 10:35:56 - [MESSAGE][PASSED] - Delayed 3 second(s)

2022-06-16 10:35:56 - [TEST_STEP][PASSED] - verifyElementText(findTestObject("JomPay/jomPaySummarySuccesfulTxt"), findTestData("TestData").getValue(7, 1)): Actual text and expected text of test object 'Object Repository/JomPay/jomPaySummarySuccesfulTxt' are matched.

2022-06-16 10:36:02 - [MESSAGE][PASSED] - Actual text and expected text of test object 'Object Repository/JomPay/jomPaySummarySuccesfulTxt' are matched.

2022-06-16 10:36:02 - [TEST_STEP][PASSED] - tap(findTestObject("Main/mainAddToFavBtn"), 0): Tapped on element 'Object Repository/Main/mainAddToFavBtn'

2022-06-16 10:36:02 - [MESSAGE][WARNING] - Timeout '0' is invalid. Using default page load timeout: '40'

2022-06-16 10:36:02 - [MESSAGE][PASSED] - Tapped on element 'Object Repository/Main/mainAddToFavBtn'

2022-06-16 10:36:02 - [TEST_STEP][PASSED] - delay(5): Delayed 5 second(s)

2022-06-16 10:36:07 - [MESSAGE][PASSED] - Delayed 5 second(s)

2022-06-16 10:36:07 - [TEST_STEP][PASSED] - tap(findTestObject("Main/mainAddToFavBtn"), 0): Tapped on element 'Object Repository/Main/mainAddToFavBtn'

2022-06-16 10:36:07 - [MESSAGE][WARNING] - Timeout '0' is invalid. Using default page load timeout: '40'

2022-06-16 10:36:08 - [MESSAGE][PASSED] - Tapped on element 'Object Repository/Main/mainAddToFavBtn'

2022-06-16 10:36:08 - [TEST_STEP][PASSED] - delay(2): Delayed 2 second(s)

2022-06-16 10:36:10 - [MESSAGE][PASSED] - Delayed 2 second(s)

2022-06-16 10:36:10 - [TEST_STEP][PASSED] - tap(findTestObject("Main/mainCloseFavPopUpBtn"), 0): Tapped on element 'Object Repository/Main/mainCloseFavPopUpBtn'

2022-06-16 10:36:10 - [MESSAGE][WARNING] - Timeout '0' is invalid. Using default page load timeout: '40'

2022-06-16 10:36:13 - [MESSAGE][PASSED] - Tapped on element 'Object Repository/Main/mainCloseFavPopUpBtn'

2022-06-16 10:36:13 - [TEST_STEP][PASSED] - delay(2): Delayed 2 second(s)

2022-06-16 10:36:15 - [MESSAGE][PASSED] - Delayed 2 second(s)

2022-06-16 10:36:15 - [TEST_STEP][PASSED] - takeScreenshot("/Users/a00139272/Desktop/Screenshot/jomPayAddFav.png"): Screenshot is taken

2022-06-16 10:36:15 - [MESSAGE][PASSED] - Screenshot is taken
[[ATTACHMENT|/Users/a00139272/Desktop/Screenshot/jomPayAddFav.png]]

2022-06-16 10:36:16 - [TEST_STEP][PASSED] - verifyElementVisible(findTestObject("Main/mainDoneBtn"), 0): Element 'Object Repository/Main/mainDoneBtn' is visible

2022-06-16 10:36:16 - [MESSAGE][WARNING] - Timeout '0' is invalid. Using default page load timeout: '40'

2022-06-16 10:36:16 - [MESSAGE][PASSED] - Element 'Object Repository/Main/mainDoneBtn' is visible

2022-06-16 10:36:16 - [TEST_STEP][PASSED] - tap(findTestObject("Main/mainDoneBtn"), 0): Tapped on element 'Object Repository/Main/mainDoneBtn'

2022-06-16 10:36:16 - [MESSAGE][WARNING] - Timeout '0' is invalid. Using default page load timeout: '40'

2022-06-16 10:36:16 - [MESSAGE][PASSED] - Tapped on element 'Object Repository/Main/mainDoneBtn'

2022-06-16 10:36:16 - [TEST_STEP][PASSED] - delay(5): Delayed 5 second(s)

2022-06-16 10:36:21 - [MESSAGE][PASSED] - Delayed 5 second(s)]]></system-out>
         <system-err><![CDATA[]]></system-err>
      </testcase>
      <system-out><![CDATA[2022-06-16 10:29:07 - [TEST_SUITE][PASSED] - Regress 1: Test Cases/JomPay/JomPay Add Favorite]]></system-out>
      <system-err><![CDATA[]]></system-err>
   </testsuite>
</testsuites>
