<?xml version="1.0" encoding="UTF-8"?>
<testsuites name="Regress 2" time="608.618" tests="7" failures="0" errors="0">
   <testsuite name="Regress 2" tests="7" failures="0" errors="0" time="608.618" skipped="0" timestamp="2022-06-15 18:23:44" hostname="a00139272 - localhost" id="Test Suites/Regress 2">
      <properties>
         <property name="deviceName" value="Xiaomi 21061119AG (Android 11)"/>
         <property name="devicePlatform" value=""/>
         <property name="logFolder" value="/Users/a00139272/git/MAE-BAU-MY/Reports/20220615_182335/Regress 2/20220615_182335"/>
         <property name="logFiles" value="/Users/a00139272/git/MAE-BAU-MY/Reports/20220615_182335/Regress 2/20220615_182335/execution0.log, /Users/a00139272/git/MAE-BAU-MY/Reports/20220615_182335/Regress 2/20220615_182335/appium.log"/>
         <property name="attachments" value="/Users/a00139272/Desktop/Screenshot/createTabung.png, /Users/a00139272/Desktop/Screenshot/fundTabung.png, /Users/a00139272/Desktop/Screenshot/withdrawTabung.png, /Users/a00139272/Desktop/Screenshot/enableTabung.png, /Users/a00139272/Desktop/Screenshot/disableTabung.png, /Users/a00139272/Desktop/Screenshot/renameTabung.png, /Users/a00139272/Desktop/Screenshot/removeTabung.png"/>
         <property name="hostName" value="a00139272 - localhost"/>
         <property name="os" value="Mac OS X 64bit"/>
         <property name="appiumServerStatus" value="{&quot;value&quot;:{&quot;build&quot;:{&quot;version&quot;:&quot;1.22.1&quot;}},&quot;sessionId&quot;:null,&quot;status&quot;:0}"/>
         <property name="katalonVersion" value="8.3.5.208"/>
         <property name="deviceOS" value="Android"/>
         <property name="appiumVersion" value="1.22.1"/>
         <property name="deviceModel" value="21061119AG"/>
         <property name="hostAddress" value="127.0.0.1"/>
         <property name="deviceManufacturer" value="Xiaomi"/>
         <property name="deviceId" value="002b9cc60508"/>
         <property name="deviceName" value="Xiaomi 21061119AG (Android 11)"/>
         <property name="deviceOSVersion" value="11"/>
      </properties>
      <testcase name="Test Cases/Tabung/tabung_createTabungCreatorOnly" time="207.86" classname="Test Cases/Tabung/tabung_createTabungCreatorOnly" status="PASSED">
         <system-out><![CDATA[2022-06-15 18:23:44 - [TEST_CASE][PASSED] - Test Cases/Tabung/tabung_createTabungCreatorOnly: Test Cases/Tabung/tabung_createTabungCreatorOnly

2022-06-15 18:23:45 - [TEST_STEP][PASSED] - setMobileDriverPreferencesProperty("appPackage", "com.maybank2u.life.uat"): null

2022-06-15 18:23:45 - [TEST_STEP][PASSED] - setMobileDriverPreferencesProperty("appActivity", "com.maybank2u.life.MainActivity"): null

2022-06-15 18:23:45 - [TEST_STEP][PASSED] - startApplication(appPath, false): Started app at: '/Users/a00139272/Katalon Studio/MAE/androidapp/app-dev-universal-release (1).apk'

2022-06-15 18:23:45 - [MESSAGE][INFO] - User set preference: ['appWaitActivity', '*']

2022-06-15 18:23:45 - [MESSAGE][INFO] - User set preference: ['deviceId', '002b9cc60508']

2022-06-15 18:23:45 - [MESSAGE][INFO] - User set preference: ['appPackage', 'com.maybank2u.life.uat']

2022-06-15 18:23:45 - [MESSAGE][INFO] - User set preference: ['appActivity', 'com.maybank2u.life.MainActivity']

2022-06-15 18:23:45 - [MESSAGE][INFO] - Detected NodeJS location: "/usr/local/Cellar/node/17.0.1/bin/node"

2022-06-15 18:23:46 - [MESSAGE][INFO] - Appium server started on port 62,973

2022-06-15 18:24:01 - [MESSAGE][PASSED] - Started app at: '/Users/a00139272/Katalon Studio/MAE/androidapp/app-dev-universal-release (1).apk'

2022-06-15 18:24:01 - [TEST_STEP][PASSED] - verifyElementExist(findTestObject("Object Repository/Dashboard/dashboardWalletTopSelect"), 0): Element 'Object Repository/Dashboard/dashboardWalletTopSelect' is exist

2022-06-15 18:24:01 - [MESSAGE][WARNING] - Timeout '0' is invalid. Using default page load timeout: '40'

2022-06-15 18:24:05 - [MESSAGE][PASSED] - Element 'Object Repository/Dashboard/dashboardWalletTopSelect' is exist

2022-06-15 18:24:05 - [TEST_STEP][PASSED] - verifyElementExist(findTestObject("Object Repository/Dashboard/dashboardQuickActionsTitleTxt"), 0): Element 'Object Repository/Dashboard/dashboardQuickActionsTitleTxt' is exist

2022-06-15 18:24:05 - [MESSAGE][WARNING] - Timeout '0' is invalid. Using default page load timeout: '40'

2022-06-15 18:24:05 - [MESSAGE][PASSED] - Element 'Object Repository/Dashboard/dashboardQuickActionsTitleTxt' is exist

2022-06-15 18:24:05 - [TEST_STEP][PASSED] - delay(5): Delayed 5 second(s)

2022-06-15 18:24:10 - [MESSAGE][PASSED] - Delayed 5 second(s)

2022-06-15 18:24:10 - [TEST_STEP][PASSED] - device_Height = getDeviceHeight(): Current device physical height is 2167

2022-06-15 18:24:10 - [MESSAGE][PASSED] - Current device physical height is 2167

2022-06-15 18:24:10 - [TEST_STEP][PASSED] - device_Width = getDeviceWidth(): Current device physical width is 1080

2022-06-15 18:24:10 - [MESSAGE][PASSED] - Current device physical width is 1080

2022-06-15 18:24:10 - [TEST_STEP][PASSED] - startX = device_Width / 1.25: null

2022-06-15 18:24:10 - [TEST_STEP][PASSED] - startY = device_Height * 0.97: null

2022-06-15 18:24:10 - [TEST_STEP][PASSED] - tapAtPosition(startX, startY): Tapped at [864, 2,101]

2022-06-15 18:24:10 - [MESSAGE][PASSED] - Tapped at [864, 2,101]

2022-06-15 18:24:10 - [TEST_STEP][PASSED] - tap(findTestObject("Object Repository/Settings/new_settings_moreMainBtn"), 0): Tapped on element 'Object Repository/Settings/new_settings_moreMainBtn'

2022-06-15 18:24:10 - [MESSAGE][WARNING] - Timeout '0' is invalid. Using default page load timeout: '40'

2022-06-15 18:24:13 - [MESSAGE][PASSED] - Tapped on element 'Object Repository/Settings/new_settings_moreMainBtn'

2022-06-15 18:24:13 - [TEST_STEP][PASSED] - waitForElementPresent(findTestObject("Main/moreTabungIconSelect"), 0): Element 'Object Repository/Main/moreTabungIconSelect' is present

2022-06-15 18:24:13 - [MESSAGE][WARNING] - Timeout '0' is invalid. Using default page load timeout: '40'

2022-06-15 18:24:13 - [MESSAGE][PASSED] - Element 'Object Repository/Main/moreTabungIconSelect' is present

2022-06-15 18:24:13 - [TEST_STEP][PASSED] - tap(findTestObject("Main/moreTabungIconSelect"), 0): Tapped on element 'Object Repository/Main/moreTabungIconSelect'

2022-06-15 18:24:13 - [MESSAGE][WARNING] - Timeout '0' is invalid. Using default page load timeout: '40'

2022-06-15 18:24:14 - [MESSAGE][PASSED] - Tapped on element 'Object Repository/Main/moreTabungIconSelect'

2022-06-15 18:24:14 - [TEST_STEP][PASSED] - if (verifyElementVisible(findTestObject("Main/mainEnterPINMessage"), 0, OPTIONAL)): null

2022-06-15 18:24:14 - [MESSAGE][WARNING] - Timeout '0' is invalid. Using default page load timeout: '40'

2022-06-15 18:24:16 - [MESSAGE][PASSED] - Element 'Object Repository/Main/mainEnterPINMessage' is visible

2022-06-15 18:24:16 - [TEST_STEP][PASSED] - tap(findTestObject("Login Onboarding/PIN1"), 0): Tapped on element 'Object Repository/Login Onboarding/PIN1'

2022-06-15 18:24:16 - [MESSAGE][WARNING] - Timeout '0' is invalid. Using default page load timeout: '40'

2022-06-15 18:24:16 - [MESSAGE][PASSED] - Tapped on element 'Object Repository/Login Onboarding/PIN1'

2022-06-15 18:24:16 - [TEST_STEP][PASSED] - tap(findTestObject("Login Onboarding/PIN1"), 0): Tapped on element 'Object Repository/Login Onboarding/PIN1'

2022-06-15 18:24:16 - [MESSAGE][WARNING] - Timeout '0' is invalid. Using default page load timeout: '40'

2022-06-15 18:24:18 - [MESSAGE][PASSED] - Tapped on element 'Object Repository/Login Onboarding/PIN1'

2022-06-15 18:24:18 - [TEST_STEP][PASSED] - tap(findTestObject("Login Onboarding/PIN1"), 0): Tapped on element 'Object Repository/Login Onboarding/PIN1'

2022-06-15 18:24:18 - [MESSAGE][WARNING] - Timeout '0' is invalid. Using default page load timeout: '40'

2022-06-15 18:24:20 - [MESSAGE][PASSED] - Tapped on element 'Object Repository/Login Onboarding/PIN1'

2022-06-15 18:24:20 - [TEST_STEP][PASSED] - tap(findTestObject("Login Onboarding/PIN1"), 0): Tapped on element 'Object Repository/Login Onboarding/PIN1'

2022-06-15 18:24:20 - [MESSAGE][WARNING] - Timeout '0' is invalid. Using default page load timeout: '40'

2022-06-15 18:24:22 - [MESSAGE][PASSED] - Tapped on element 'Object Repository/Login Onboarding/PIN1'

2022-06-15 18:24:22 - [TEST_STEP][PASSED] - tap(findTestObject("Login Onboarding/PIN1"), 0): Tapped on element 'Object Repository/Login Onboarding/PIN1'

2022-06-15 18:24:22 - [MESSAGE][WARNING] - Timeout '0' is invalid. Using default page load timeout: '40'

2022-06-15 18:24:24 - [MESSAGE][PASSED] - Tapped on element 'Object Repository/Login Onboarding/PIN1'

2022-06-15 18:24:24 - [TEST_STEP][PASSED] - tap(findTestObject("Login Onboarding/PIN2"), 0): Tapped on element 'Object Repository/Login Onboarding/PIN2'

2022-06-15 18:24:24 - [MESSAGE][WARNING] - Timeout '0' is invalid. Using default page load timeout: '40'

2022-06-15 18:24:25 - [MESSAGE][PASSED] - Tapped on element 'Object Repository/Login Onboarding/PIN2'

2022-06-15 18:24:25 - [TEST_STEP][PASSED] - delay(2): Delayed 2 second(s)

2022-06-15 18:24:27 - [MESSAGE][PASSED] - Delayed 2 second(s)

2022-06-15 18:24:27 - [TEST_STEP][PASSED] - waitForElementPresent(findTestObject("Tabung/tabungCreateTabungBtn"), 0): Element 'Object Repository/Tabung/tabungCreateTabungBtn' is present

2022-06-15 18:24:27 - [MESSAGE][WARNING] - Timeout '0' is invalid. Using default page load timeout: '40'

2022-06-15 18:24:40 - [MESSAGE][PASSED] - Element 'Object Repository/Tabung/tabungCreateTabungBtn' is present

2022-06-15 18:24:40 - [TEST_STEP][PASSED] - tap(findTestObject("Tabung/tabungCreateTabungBtn"), 0): Tapped on element 'Object Repository/Tabung/tabungCreateTabungBtn'

2022-06-15 18:24:40 - [MESSAGE][WARNING] - Timeout '0' is invalid. Using default page load timeout: '40'

2022-06-15 18:24:40 - [MESSAGE][PASSED] - Tapped on element 'Object Repository/Tabung/tabungCreateTabungBtn'

2022-06-15 18:24:40 - [TEST_STEP][PASSED] - delay(2): Delayed 2 second(s)

2022-06-15 18:24:42 - [MESSAGE][PASSED] - Delayed 2 second(s)

2022-06-15 18:24:42 - [TEST_STEP][PASSED] - tap(findTestObject("Tabung/tabungCreateTravelSelect"), 0): Tapped on element 'Object Repository/Tabung/tabungCreateTravelSelect'

2022-06-15 18:24:43 - [MESSAGE][WARNING] - Timeout '0' is invalid. Using default page load timeout: '40'

2022-06-15 18:24:43 - [MESSAGE][PASSED] - Tapped on element 'Object Repository/Tabung/tabungCreateTravelSelect'

2022-06-15 18:24:43 - [TEST_STEP][PASSED] - setText(findTestObject("Tabung/tabungNameInputField"), tabungName, 0): Text 'Switzerland' has been set to element 'Object Repository/Tabung/tabungNameInputField'

2022-06-15 18:24:43 - [MESSAGE][WARNING] - Timeout '0' is invalid. Using default page load timeout: '40'

2022-06-15 18:24:47 - [MESSAGE][PASSED] - Text 'Switzerland' has been set to element 'Object Repository/Tabung/tabungNameInputField'

2022-06-15 18:24:47 - [TEST_STEP][PASSED] - hideKeyboard(): Keyboard is hidden

2022-06-15 18:24:48 - [MESSAGE][PASSED] - Keyboard is hidden

2022-06-15 18:24:48 - [TEST_STEP][PASSED] - tap(findTestObject("Login Onboarding/loginExistingContinueBtn"), 0): Tapped on element 'Object Repository/Login Onboarding/loginExistingContinueBtn'

2022-06-15 18:24:48 - [MESSAGE][WARNING] - Timeout '0' is invalid. Using default page load timeout: '40'

2022-06-15 18:24:48 - [MESSAGE][PASSED] - Tapped on element 'Object Repository/Login Onboarding/loginExistingContinueBtn'

2022-06-15 18:24:48 - [TEST_STEP][PASSED] - tap(findTestObject("Login Onboarding/PIN1"), 0): Tapped on element 'Object Repository/Login Onboarding/PIN1'

2022-06-15 18:24:48 - [MESSAGE][WARNING] - Timeout '0' is invalid. Using default page load timeout: '40'

2022-06-15 18:24:50 - [MESSAGE][PASSED] - Tapped on element 'Object Repository/Login Onboarding/PIN1'

2022-06-15 18:24:50 - [TEST_STEP][PASSED] - delay(2): Delayed 2 second(s)

2022-06-15 18:24:52 - [MESSAGE][PASSED] - Delayed 2 second(s)

2022-06-15 18:24:52 - [TEST_STEP][PASSED] - tap(findTestObject("Tabung/tabungAmountTickBtn"), 0): Tapped on element 'Object Repository/Tabung/tabungAmountTickBtn'

2022-06-15 18:24:52 - [MESSAGE][WARNING] - Timeout '0' is invalid. Using default page load timeout: '40'

2022-06-15 18:24:52 - [MESSAGE][PASSED] - Tapped on element 'Object Repository/Tabung/tabungAmountTickBtn'

2022-06-15 18:24:52 - [TEST_STEP][PASSED] - delay(2): Delayed 2 second(s)

2022-06-15 18:24:54 - [MESSAGE][PASSED] - Delayed 2 second(s)

2022-06-15 18:24:54 - [TEST_STEP][PASSED] - tap(findTestObject("Login Onboarding/PIN0"), 0): Tapped on element 'Object Repository/Login Onboarding/PIN0'

2022-06-15 18:24:54 - [MESSAGE][WARNING] - Timeout '0' is invalid. Using default page load timeout: '40'

2022-06-15 18:24:55 - [MESSAGE][PASSED] - Tapped on element 'Object Repository/Login Onboarding/PIN0'

2022-06-15 18:24:55 - [TEST_STEP][PASSED] - tap(findTestObject("Login Onboarding/PIN0"), 0): Tapped on element 'Object Repository/Login Onboarding/PIN0'

2022-06-15 18:24:55 - [MESSAGE][WARNING] - Timeout '0' is invalid. Using default page load timeout: '40'

2022-06-15 18:24:55 - [MESSAGE][PASSED] - Tapped on element 'Object Repository/Login Onboarding/PIN0'

2022-06-15 18:24:55 - [TEST_STEP][PASSED] - tap(findTestObject("Login Onboarding/PIN0"), 0): Tapped on element 'Object Repository/Login Onboarding/PIN0'

2022-06-15 18:24:55 - [MESSAGE][WARNING] - Timeout '0' is invalid. Using default page load timeout: '40'

2022-06-15 18:24:56 - [MESSAGE][PASSED] - Tapped on element 'Object Repository/Login Onboarding/PIN0'

2022-06-15 18:24:56 - [TEST_STEP][PASSED] - delay(2): Delayed 2 second(s)

2022-06-15 18:24:58 - [MESSAGE][PASSED] - Delayed 2 second(s)

2022-06-15 18:24:58 - [TEST_STEP][PASSED] - tap(findTestObject("Tabung/tabungCreateAmountTickBtn"), 0): Tapped on element 'Object Repository/Tabung/tabungCreateAmountTickBtn'

2022-06-15 18:24:58 - [MESSAGE][WARNING] - Timeout '0' is invalid. Using default page load timeout: '40'

2022-06-15 18:24:59 - [MESSAGE][PASSED] - Tapped on element 'Object Repository/Tabung/tabungCreateAmountTickBtn'

2022-06-15 18:24:59 - [TEST_STEP][PASSED] - tap(findTestObject("Tabung/tabungSelectStartDateField"), 0): Tapped on element 'Object Repository/Tabung/tabungSelectStartDateField'

2022-06-15 18:24:59 - [MESSAGE][WARNING] - Timeout '0' is invalid. Using default page load timeout: '40'

2022-06-15 18:25:01 - [MESSAGE][PASSED] - Tapped on element 'Object Repository/Tabung/tabungSelectStartDateField'

2022-06-15 18:25:01 - [TEST_STEP][PASSED] - tap(findTestObject("Tabung/tabungDatePickerSelect"), 0): Tapped on element 'Object Repository/Tabung/tabungDatePickerSelect'

2022-06-15 18:25:01 - [MESSAGE][WARNING] - Timeout '0' is invalid. Using default page load timeout: '40'

2022-06-15 18:25:03 - [MESSAGE][PASSED] - Tapped on element 'Object Repository/Tabung/tabungDatePickerSelect'

2022-06-15 18:25:03 - [TEST_STEP][PASSED] - tap(findTestObject("Main/mainCalenderPickerDoneBtn"), 0): Tapped on element 'Object Repository/Main/mainCalenderPickerDoneBtn'

2022-06-15 18:25:03 - [MESSAGE][WARNING] - Timeout '0' is invalid. Using default page load timeout: '40'

2022-06-15 18:25:03 - [MESSAGE][PASSED] - Tapped on element 'Object Repository/Main/mainCalenderPickerDoneBtn'

2022-06-15 18:25:03 - [TEST_STEP][PASSED] - delay(2): Delayed 2 second(s)

2022-06-15 18:25:05 - [MESSAGE][PASSED] - Delayed 2 second(s)

2022-06-15 18:25:05 - [TEST_STEP][PASSED] - tap(findTestObject("Tabung/tabungContinueBtn"), 0): Tapped on element 'Object Repository/Tabung/tabungContinueBtn'

2022-06-15 18:25:05 - [MESSAGE][WARNING] - Timeout '0' is invalid. Using default page load timeout: '40'

2022-06-15 18:25:05 - [MESSAGE][PASSED] - Tapped on element 'Object Repository/Tabung/tabungContinueBtn'

2022-06-15 18:25:05 - [TEST_STEP][PASSED] - tap(findTestObject("Tabung/tabungSelectEndDateField"), 0): Tapped on element 'Object Repository/Tabung/tabungSelectEndDateField'

2022-06-15 18:25:05 - [MESSAGE][WARNING] - Timeout '0' is invalid. Using default page load timeout: '40'

2022-06-15 18:25:07 - [MESSAGE][PASSED] - Tapped on element 'Object Repository/Tabung/tabungSelectEndDateField'

2022-06-15 18:25:07 - [TEST_STEP][PASSED] - tap(findTestObject("Tabung/tabungCalendarPickerNextBtn"), 0): Tapped on element 'Object Repository/Tabung/tabungCalendarPickerNextBtn'

2022-06-15 18:25:07 - [MESSAGE][WARNING] - Timeout '0' is invalid. Using default page load timeout: '40'

2022-06-15 18:25:09 - [MESSAGE][PASSED] - Tapped on element 'Object Repository/Tabung/tabungCalendarPickerNextBtn'

2022-06-15 18:25:09 - [TEST_STEP][PASSED] - tap(findTestObject("Tabung/tabungDatePickerSelect"), 0): Tapped on element 'Object Repository/Tabung/tabungDatePickerSelect'

2022-06-15 18:25:09 - [MESSAGE][WARNING] - Timeout '0' is invalid. Using default page load timeout: '40'

2022-06-15 18:25:10 - [MESSAGE][PASSED] - Tapped on element 'Object Repository/Tabung/tabungDatePickerSelect'

2022-06-15 18:25:10 - [TEST_STEP][PASSED] - tap(findTestObject("Main/mainCalenderPickerDoneBtn"), 0): Tapped on element 'Object Repository/Main/mainCalenderPickerDoneBtn'

2022-06-15 18:25:10 - [MESSAGE][WARNING] - Timeout '0' is invalid. Using default page load timeout: '40'

2022-06-15 18:25:10 - [MESSAGE][PASSED] - Tapped on element 'Object Repository/Main/mainCalenderPickerDoneBtn'

2022-06-15 18:25:10 - [TEST_STEP][PASSED] - delay(2): Delayed 2 second(s)

2022-06-15 18:25:12 - [MESSAGE][PASSED] - Delayed 2 second(s)

2022-06-15 18:25:12 - [TEST_STEP][PASSED] - tap(findTestObject("Tabung/tabungContinueBtn"), 0): Tapped on element 'Object Repository/Tabung/tabungContinueBtn'

2022-06-15 18:25:12 - [MESSAGE][WARNING] - Timeout '0' is invalid. Using default page load timeout: '40'

2022-06-15 18:25:13 - [MESSAGE][PASSED] - Tapped on element 'Object Repository/Tabung/tabungContinueBtn'

2022-06-15 18:25:13 - [TEST_STEP][PASSED] - if (verifyElementVisible(findTestObject("Tabung/tabungEnterPasswordTxt"), 0, OPTIONAL)): null

2022-06-15 18:25:13 - [MESSAGE][WARNING] - Timeout '0' is invalid. Using default page load timeout: '40'

2022-06-15 18:25:18 - [MESSAGE][PASSED] - Element 'Object Repository/Tabung/tabungEnterPasswordTxt' is visible

2022-06-15 18:25:18 - [TEST_STEP][PASSED] - setText(findTestObject("Tabung/tabungSignInInputPasswordField"), Password, 0): Text 'pass1234' has been set to element 'Object Repository/Tabung/tabungSignInInputPasswordField'

2022-06-15 18:25:18 - [MESSAGE][WARNING] - Timeout '0' is invalid. Using default page load timeout: '40'

2022-06-15 18:25:20 - [MESSAGE][PASSED] - Text 'pass1234' has been set to element 'Object Repository/Tabung/tabungSignInInputPasswordField'

2022-06-15 18:25:20 - [TEST_STEP][PASSED] - hideKeyboard(): Keyboard is hidden

2022-06-15 18:25:25 - [MESSAGE][PASSED] - Keyboard is hidden

2022-06-15 18:25:25 - [TEST_STEP][PASSED] - tap(findTestObject("Tabung/tabungSignInContinueBtn"), 0): Tapped on element 'Object Repository/Tabung/tabungSignInContinueBtn'

2022-06-15 18:25:25 - [MESSAGE][WARNING] - Timeout '0' is invalid. Using default page load timeout: '40'

2022-06-15 18:25:25 - [MESSAGE][PASSED] - Tapped on element 'Object Repository/Tabung/tabungSignInContinueBtn'

2022-06-15 18:25:25 - [TEST_STEP][PASSED] - delay(30): Delayed 30 second(s)

2022-06-15 18:25:55 - [MESSAGE][PASSED] - Delayed 30 second(s)

2022-06-15 18:25:55 - [TEST_STEP][PASSED] - verifyElementVisible(findTestObject("Tabung/tabungSelectAccountDropdownBox"), 0): Element 'Object Repository/Tabung/tabungSelectAccountDropdownBox' is visible

2022-06-15 18:25:55 - [MESSAGE][WARNING] - Timeout '0' is invalid. Using default page load timeout: '40'

2022-06-15 18:25:55 - [MESSAGE][PASSED] - Element 'Object Repository/Tabung/tabungSelectAccountDropdownBox' is visible

2022-06-15 18:25:55 - [TEST_STEP][PASSED] - tap(findTestObject("Tabung/tabungSelectAccountTxt"), 0): Tapped on element 'Object Repository/Tabung/tabungSelectAccountTxt'

2022-06-15 18:25:55 - [MESSAGE][WARNING] - Timeout '0' is invalid. Using default page load timeout: '40'

2022-06-15 18:25:56 - [MESSAGE][PASSED] - Tapped on element 'Object Repository/Tabung/tabungSelectAccountTxt'

2022-06-15 18:25:56 - [TEST_STEP][PASSED] - delay(5): Delayed 5 second(s)

2022-06-15 18:26:01 - [MESSAGE][PASSED] - Delayed 5 second(s)

2022-06-15 18:26:01 - [TEST_STEP][PASSED] - verifyElementVisible(findTestObject("Tabung/tabunCreateFirstAccountSelect"), 0): Element 'Object Repository/Tabung/tabunCreateFirstAccountSelect' is visible

2022-06-15 18:26:01 - [MESSAGE][WARNING] - Timeout '0' is invalid. Using default page load timeout: '40'

2022-06-15 18:26:01 - [MESSAGE][PASSED] - Element 'Object Repository/Tabung/tabunCreateFirstAccountSelect' is visible

2022-06-15 18:26:01 - [TEST_STEP][PASSED] - tap(findTestObject("Tabung/tabunCreateFirstAccountSelect"), 0): Tapped on element 'Object Repository/Tabung/tabunCreateFirstAccountSelect'

2022-06-15 18:26:01 - [MESSAGE][WARNING] - Timeout '0' is invalid. Using default page load timeout: '40'

2022-06-15 18:26:01 - [MESSAGE][PASSED] - Tapped on element 'Object Repository/Tabung/tabunCreateFirstAccountSelect'

2022-06-15 18:26:01 - [TEST_STEP][PASSED] - delay(5): Delayed 5 second(s)

2022-06-15 18:26:06 - [MESSAGE][PASSED] - Delayed 5 second(s)

2022-06-15 18:26:06 - [TEST_STEP][PASSED] - tap(findTestObject("Main/mainCalenderPickerDoneBtn"), 0): Tapped on element 'Object Repository/Main/mainCalenderPickerDoneBtn'

2022-06-15 18:26:06 - [MESSAGE][WARNING] - Timeout '0' is invalid. Using default page load timeout: '40'

2022-06-15 18:26:08 - [MESSAGE][PASSED] - Tapped on element 'Object Repository/Main/mainCalenderPickerDoneBtn'

2022-06-15 18:26:08 - [TEST_STEP][PASSED] - delay(4): Delayed 4 second(s)

2022-06-15 18:26:12 - [MESSAGE][PASSED] - Delayed 4 second(s)

2022-06-15 18:26:12 - [TEST_STEP][PASSED] - tap(findTestObject("Tabung/tabungContinueBtn"), 0): Tapped on element 'Object Repository/Tabung/tabungContinueBtn'

2022-06-15 18:26:12 - [MESSAGE][WARNING] - Timeout '0' is invalid. Using default page load timeout: '40'

2022-06-15 18:26:13 - [MESSAGE][PASSED] - Tapped on element 'Object Repository/Tabung/tabungContinueBtn'

2022-06-15 18:26:13 - [TEST_STEP][PASSED] - delay(5): Delayed 5 second(s)

2022-06-15 18:26:19 - [MESSAGE][PASSED] - Delayed 5 second(s)

2022-06-15 18:26:19 - [TEST_STEP][PASSED] - verifyElementVisible(findTestObject("Tabung/tabungConfirmationTxt"), 0): Element 'Object Repository/Tabung/tabungConfirmationTxt' is visible

2022-06-15 18:26:19 - [MESSAGE][WARNING] - Timeout '0' is invalid. Using default page load timeout: '40'

2022-06-15 18:26:19 - [MESSAGE][PASSED] - Element 'Object Repository/Tabung/tabungConfirmationTxt' is visible

2022-06-15 18:26:19 - [TEST_STEP][PASSED] - verifyElementVisible(findTestObject("Tabung/tabungAutoDeductionText"), 0): Element 'Object Repository/Tabung/tabungAutoDeductionText' is visible

2022-06-15 18:26:19 - [MESSAGE][WARNING] - Timeout '0' is invalid. Using default page load timeout: '40'

2022-06-15 18:26:19 - [MESSAGE][PASSED] - Element 'Object Repository/Tabung/tabungAutoDeductionText' is visible

2022-06-15 18:26:19 - [TEST_STEP][PASSED] - tap(findTestObject("Tabung/tabungConfirmationSelectFrequencyDropdown"), 0): Tapped on element 'Object Repository/Tabung/tabungConfirmationSelectFrequencyDropdown'

2022-06-15 18:26:19 - [MESSAGE][WARNING] - Timeout '0' is invalid. Using default page load timeout: '40'

2022-06-15 18:26:20 - [MESSAGE][PASSED] - Tapped on element 'Object Repository/Tabung/tabungConfirmationSelectFrequencyDropdown'

2022-06-15 18:26:20 - [TEST_STEP][PASSED] - delay(5): Delayed 5 second(s)

2022-06-15 18:26:25 - [MESSAGE][PASSED] - Delayed 5 second(s)

2022-06-15 18:26:25 - [TEST_STEP][PASSED] - tap(findTestObject("Tabung/tabungConfirmationFirstFreqDropdownSelect"), 0): Tapped on element 'Object Repository/Tabung/tabungConfirmationFirstFreqDropdownSelect'

2022-06-15 18:26:25 - [MESSAGE][WARNING] - Timeout '0' is invalid. Using default page load timeout: '40'

2022-06-15 18:26:25 - [MESSAGE][PASSED] - Tapped on element 'Object Repository/Tabung/tabungConfirmationFirstFreqDropdownSelect'

2022-06-15 18:26:25 - [TEST_STEP][PASSED] - delay(5): Delayed 5 second(s)

2022-06-15 18:26:30 - [MESSAGE][PASSED] - Delayed 5 second(s)

2022-06-15 18:26:30 - [TEST_STEP][PASSED] - tap(findTestObject("Main/mainCalenderPickerDoneBtn"), 0): Tapped on element 'Object Repository/Main/mainCalenderPickerDoneBtn'

2022-06-15 18:26:30 - [MESSAGE][WARNING] - Timeout '0' is invalid. Using default page load timeout: '40'

2022-06-15 18:26:30 - [MESSAGE][PASSED] - Tapped on element 'Object Repository/Main/mainCalenderPickerDoneBtn'

2022-06-15 18:26:30 - [TEST_STEP][PASSED] - delay(2): Delayed 2 second(s)

2022-06-15 18:26:32 - [MESSAGE][PASSED] - Delayed 2 second(s)

2022-06-15 18:26:32 - [TEST_STEP][PASSED] - tap(findTestObject("Tabung/tabungDisableESIRadioBtn"), 0): Tapped on element 'Object Repository/Tabung/tabungDisableESIRadioBtn'

2022-06-15 18:26:32 - [MESSAGE][WARNING] - Timeout '0' is invalid. Using default page load timeout: '40'

2022-06-15 18:26:33 - [MESSAGE][PASSED] - Tapped on element 'Object Repository/Tabung/tabungDisableESIRadioBtn'

2022-06-15 18:26:33 - [TEST_STEP][PASSED] - delay(2): Delayed 2 second(s)

2022-06-15 18:26:35 - [MESSAGE][PASSED] - Delayed 2 second(s)

2022-06-15 18:26:35 - [TEST_STEP][PASSED] - tap(findTestObject("Tabung/tabungConfirmationCreateTabungBtn"), 0): Tapped on element 'Object Repository/Tabung/tabungConfirmationCreateTabungBtn'

2022-06-15 18:26:35 - [MESSAGE][WARNING] - Timeout '0' is invalid. Using default page load timeout: '40'

2022-06-15 18:26:35 - [MESSAGE][PASSED] - Tapped on element 'Object Repository/Tabung/tabungConfirmationCreateTabungBtn'

2022-06-15 18:26:35 - [TEST_STEP][PASSED] - delay(3): Delayed 3 second(s)

2022-06-15 18:26:38 - [MESSAGE][PASSED] - Delayed 3 second(s)

2022-06-15 18:26:38 - [TEST_STEP][PASSED] - if (verifyElementVisible(findTestObject("Object Repository/Tabung/tabung_otpNumberPresentTxt"), 10, OPTIONAL)): Element 'Object Repository/Tabung/tabung_otpNumberPresentTxt' not found

2022-06-15 18:26:48 - [MESSAGE][WARNING] - Element 'Object Repository/Tabung/tabung_otpNumberPresentTxt' not found

2022-06-15 18:26:48 - [TEST_STEP][PASSED] - else: Delayed 10 second(s)

2022-06-15 18:26:48 - [TEST_STEP][PASSED] - verifyElementVisible(findTestObject("Main/mainS2UApproveBtn"), 0): Element 'Object Repository/Main/mainS2UApproveBtn' is visible

2022-06-15 18:26:48 - [MESSAGE][WARNING] - Timeout '0' is invalid. Using default page load timeout: '40'

2022-06-15 18:26:48 - [MESSAGE][PASSED] - Element 'Object Repository/Main/mainS2UApproveBtn' is visible

2022-06-15 18:26:48 - [TEST_STEP][PASSED] - tap(findTestObject("Main/mainS2UApproveBtn"), 0): Tapped on element 'Object Repository/Main/mainS2UApproveBtn'

2022-06-15 18:26:48 - [MESSAGE][WARNING] - Timeout '0' is invalid. Using default page load timeout: '40'

2022-06-15 18:26:49 - [MESSAGE][PASSED] - Tapped on element 'Object Repository/Main/mainS2UApproveBtn'

2022-06-15 18:26:49 - [TEST_STEP][PASSED] - delay(10): Delayed 10 second(s)

2022-06-15 18:26:59 - [MESSAGE][PASSED] - Delayed 10 second(s)

2022-06-15 18:26:59 - [TEST_STEP][PASSED] - verifyElementText(findTestObject("Tabung/tabungSummaryStatusTxt"), "Tabung created successfully."): Actual text and expected text of test object 'Object Repository/Tabung/tabungSummaryStatusTxt' are matched.

2022-06-15 18:26:59 - [MESSAGE][PASSED] - Actual text and expected text of test object 'Object Repository/Tabung/tabungSummaryStatusTxt' are matched.

2022-06-15 18:26:59 - [TEST_STEP][PASSED] - verifyElementVisible(findTestObject("Main/mainDoneBtn"), 0): Element 'Object Repository/Main/mainDoneBtn' is visible

2022-06-15 18:26:59 - [MESSAGE][WARNING] - Timeout '0' is invalid. Using default page load timeout: '40'

2022-06-15 18:26:59 - [MESSAGE][PASSED] - Element 'Object Repository/Main/mainDoneBtn' is visible

2022-06-15 18:26:59 - [TEST_STEP][PASSED] - takeScreenshot("/Users/a00139272/Desktop/Screenshot/createTabung.png"): Screenshot is taken

2022-06-15 18:27:00 - [MESSAGE][PASSED] - Screenshot is taken
[[ATTACHMENT|/Users/a00139272/Desktop/Screenshot/createTabung.png]]

2022-06-15 18:27:00 - [TEST_STEP][PASSED] - tap(findTestObject("Main/mainDoneBtn"), 0): Tapped on element 'Object Repository/Main/mainDoneBtn'

2022-06-15 18:27:00 - [MESSAGE][WARNING] - Timeout '0' is invalid. Using default page load timeout: '40'

2022-06-15 18:27:02 - [MESSAGE][PASSED] - Tapped on element 'Object Repository/Main/mainDoneBtn'

2022-06-15 18:27:02 - [TEST_STEP][PASSED] - delay(5): Delayed 5 second(s)

2022-06-15 18:27:07 - [MESSAGE][PASSED] - Delayed 5 second(s)

2022-06-15 18:27:07 - [TEST_STEP][PASSED] - verifyElementVisible(findTestObject("Tabung/tabungNameSelection", ["text":tabungName]), 10): Element 'Object Repository/Tabung/tabungNameSelection' is visible

2022-06-15 18:27:07 - [MESSAGE][PASSED] - Element 'Object Repository/Tabung/tabungNameSelection' is visible

2022-06-15 18:27:07 - [TEST_STEP][PASSED] - delay(5): Delayed 5 second(s)

2022-06-15 18:27:12 - [MESSAGE][PASSED] - Delayed 5 second(s)]]></system-out>
         <system-err><![CDATA[]]></system-err>
      </testcase>
      <testcase name="Test Cases/Tabung/tabung_fundTabungCreatorOnly" time="115.705" classname="Test Cases/Tabung/tabung_fundTabungCreatorOnly" status="PASSED">
         <system-out><![CDATA[2022-06-15 18:27:12 - [TEST_CASE][PASSED] - Test Cases/Tabung/tabung_fundTabungCreatorOnly: Test Cases/Tabung/tabung_fundTabungCreatorOnly

2022-06-15 18:27:13 - [TEST_STEP][PASSED] - try: Delayed 5 second(s)

2022-06-15 18:27:13 - [TEST_STEP][PASSED] - if (verifyElementVisible(findTestObject("Main/mainEnterPINMessage"), 10, OPTIONAL)): Element 'Object Repository/Main/mainEnterPINMessage' not found

2022-06-15 18:27:23 - [MESSAGE][WARNING] - Element 'Object Repository/Main/mainEnterPINMessage' not found

2022-06-15 18:27:23 - [TEST_STEP][PASSED] - delay(5): Delayed 5 second(s)

2022-06-15 18:27:28 - [MESSAGE][PASSED] - Delayed 5 second(s)

2022-06-15 18:27:28 - [TEST_STEP][PASSED] - tap(findTestObject("Tabung/tabungNameSelection", ["text":tabungName]), 10): Tapped on element 'Object Repository/Tabung/tabungNameSelection'

2022-06-15 18:27:28 - [MESSAGE][PASSED] - Tapped on element 'Object Repository/Tabung/tabungNameSelection'

2022-06-15 18:27:28 - [TEST_STEP][PASSED] - tap(findTestObject("Tabung/tabungThreeDotsBtn"), 0): Tapped on element 'Object Repository/Tabung/tabungThreeDotsBtn'

2022-06-15 18:27:28 - [MESSAGE][WARNING] - Timeout '0' is invalid. Using default page load timeout: '40'

2022-06-15 18:27:31 - [MESSAGE][PASSED] - Tapped on element 'Object Repository/Tabung/tabungThreeDotsBtn'

2022-06-15 18:27:31 - [TEST_STEP][PASSED] - tap(findTestObject("Tabung/tabungThreeDotsFundBtn"), 0): Tapped on element 'Object Repository/Tabung/tabungThreeDotsFundBtn'

2022-06-15 18:27:31 - [MESSAGE][WARNING] - Timeout '0' is invalid. Using default page load timeout: '40'

2022-06-15 18:27:32 - [MESSAGE][PASSED] - Tapped on element 'Object Repository/Tabung/tabungThreeDotsFundBtn'

2022-06-15 18:27:32 - [TEST_STEP][PASSED] - delay(2): Delayed 2 second(s)

2022-06-15 18:27:34 - [MESSAGE][PASSED] - Delayed 2 second(s)

2022-06-15 18:27:34 - [TEST_STEP][PASSED] - tap(findTestObject("Login Onboarding/PIN2"), 0): Tapped on element 'Object Repository/Login Onboarding/PIN2'

2022-06-15 18:27:34 - [MESSAGE][WARNING] - Timeout '0' is invalid. Using default page load timeout: '40'

2022-06-15 18:27:35 - [MESSAGE][PASSED] - Tapped on element 'Object Repository/Login Onboarding/PIN2'

2022-06-15 18:27:35 - [TEST_STEP][PASSED] - delay(2): Delayed 2 second(s)

2022-06-15 18:27:37 - [MESSAGE][PASSED] - Delayed 2 second(s)

2022-06-15 18:27:37 - [TEST_STEP][PASSED] - tap(findTestObject("Tabung/tabungFundAmountTickBtn"), 0): Tapped on element 'Object Repository/Tabung/tabungFundAmountTickBtn'

2022-06-15 18:27:37 - [MESSAGE][WARNING] - Timeout '0' is invalid. Using default page load timeout: '40'

2022-06-15 18:27:37 - [MESSAGE][PASSED] - Tapped on element 'Object Repository/Tabung/tabungFundAmountTickBtn'

2022-06-15 18:27:37 - [TEST_STEP][PASSED] - delay(2): Delayed 2 second(s)

2022-06-15 18:27:39 - [MESSAGE][PASSED] - Delayed 2 second(s)

2022-06-15 18:27:39 - [TEST_STEP][PASSED] - if (verifyElementVisible(findTestObject("Tabung/tabungEnterPasswordTxt"), 10, OPTIONAL)): Element 'Object Repository/Tabung/tabungEnterPasswordTxt' not found

2022-06-15 18:27:49 - [MESSAGE][WARNING] - Element 'Object Repository/Tabung/tabungEnterPasswordTxt' not found

2022-06-15 18:27:49 - [TEST_STEP][PASSED] - delay(15): Delayed 15 second(s)

2022-06-15 18:28:04 - [MESSAGE][PASSED] - Delayed 15 second(s)

2022-06-15 18:28:04 - [TEST_STEP][PASSED] - tap(findTestObject("Tabung/tabungFundTabungBtn"), 0): Tapped on element 'Object Repository/Tabung/tabungFundTabungBtn'

2022-06-15 18:28:04 - [MESSAGE][WARNING] - Timeout '0' is invalid. Using default page load timeout: '40'

2022-06-15 18:28:05 - [MESSAGE][PASSED] - Tapped on element 'Object Repository/Tabung/tabungFundTabungBtn'

2022-06-15 18:28:05 - [TEST_STEP][PASSED] - if (verifyElementVisible(findTestObject("Object Repository/Festive Season/festiveReturnAngpaoTACNoTxt"), 0, OPTIONAL)): Element 'Object Repository/Festive Season/festiveReturnAngpaoTACNoTxt' not found

2022-06-15 18:28:05 - [MESSAGE][WARNING] - Timeout '0' is invalid. Using default page load timeout: '40'

2022-06-15 18:28:45 - [MESSAGE][WARNING] - Element 'Object Repository/Festive Season/festiveReturnAngpaoTACNoTxt' not found

2022-06-15 18:28:45 - [TEST_STEP][PASSED] - else: Delayed 10 second(s)

2022-06-15 18:28:45 - [TEST_STEP][PASSED] - verifyElementVisible(findTestObject("Main/mainS2UApproveBtn"), 0): Element 'Object Repository/Main/mainS2UApproveBtn' is visible

2022-06-15 18:28:45 - [MESSAGE][WARNING] - Timeout '0' is invalid. Using default page load timeout: '40'

2022-06-15 18:28:45 - [MESSAGE][PASSED] - Element 'Object Repository/Main/mainS2UApproveBtn' is visible

2022-06-15 18:28:45 - [TEST_STEP][PASSED] - tap(findTestObject("Main/mainS2UApproveBtn"), 0): Tapped on element 'Object Repository/Main/mainS2UApproveBtn'

2022-06-15 18:28:45 - [MESSAGE][WARNING] - Timeout '0' is invalid. Using default page load timeout: '40'

2022-06-15 18:28:45 - [MESSAGE][PASSED] - Tapped on element 'Object Repository/Main/mainS2UApproveBtn'

2022-06-15 18:28:45 - [TEST_STEP][PASSED] - delay(10): Delayed 10 second(s)

2022-06-15 18:28:55 - [MESSAGE][PASSED] - Delayed 10 second(s)

2022-06-15 18:28:55 - [TEST_STEP][PASSED] - delay(3): Delayed 3 second(s)

2022-06-15 18:28:58 - [MESSAGE][PASSED] - Delayed 3 second(s)

2022-06-15 18:28:58 - [TEST_STEP][PASSED] - verifyElementText(findTestObject("Tabung/tabungFundSummaryTopupSuccesfullTxt"), "Topup Successful"): Actual text and expected text of test object 'Object Repository/Tabung/tabungFundSummaryTopupSuccesfullTxt' are matched.

2022-06-15 18:28:59 - [MESSAGE][PASSED] - Actual text and expected text of test object 'Object Repository/Tabung/tabungFundSummaryTopupSuccesfullTxt' are matched.

2022-06-15 18:28:59 - [TEST_STEP][PASSED] - delay(3): Delayed 3 second(s)

2022-06-15 18:29:02 - [MESSAGE][PASSED] - Delayed 3 second(s)

2022-06-15 18:29:02 - [TEST_STEP][PASSED] - takeScreenshot("/Users/a00139272/Desktop/Screenshot/fundTabung.png"): Screenshot is taken

2022-06-15 18:29:03 - [MESSAGE][PASSED] - Screenshot is taken
[[ATTACHMENT|/Users/a00139272/Desktop/Screenshot/fundTabung.png]]

2022-06-15 18:29:03 - [TEST_STEP][PASSED] - verifyElementExist(findTestObject("Main/mainDoneBtn"), 0): Element 'Object Repository/Main/mainDoneBtn' is exist

2022-06-15 18:29:03 - [MESSAGE][WARNING] - Timeout '0' is invalid. Using default page load timeout: '40'

2022-06-15 18:29:03 - [MESSAGE][PASSED] - Element 'Object Repository/Main/mainDoneBtn' is exist

2022-06-15 18:29:03 - [TEST_STEP][PASSED] - tap(findTestObject("Main/mainDoneBtn"), 0): Tapped on element 'Object Repository/Main/mainDoneBtn'

2022-06-15 18:29:03 - [MESSAGE][WARNING] - Timeout '0' is invalid. Using default page load timeout: '40'

2022-06-15 18:29:03 - [MESSAGE][PASSED] - Tapped on element 'Object Repository/Main/mainDoneBtn'

2022-06-15 18:29:03 - [TEST_STEP][PASSED] - delay(5): Delayed 5 second(s)

2022-06-15 18:29:08 - [MESSAGE][PASSED] - Delayed 5 second(s)]]></system-out>
         <system-err><![CDATA[]]></system-err>
      </testcase>
      <testcase name="Test Cases/Tabung/tabung_withdrawTabung" time="75.488" classname="Test Cases/Tabung/tabung_withdrawTabung" status="PASSED">
         <system-out><![CDATA[2022-06-15 18:29:08 - [TEST_CASE][PASSED] - Test Cases/Tabung/tabung_withdrawTabung: Test Cases/Tabung/tabung_withdrawTabung

2022-06-15 18:29:08 - [TEST_STEP][PASSED] - delay(5): Delayed 5 second(s)

2022-06-15 18:29:13 - [MESSAGE][PASSED] - Delayed 5 second(s)

2022-06-15 18:29:13 - [TEST_STEP][PASSED] - tap(findTestObject("Tabung/tabungThreeDotsBtn"), 0): Tapped on element 'Object Repository/Tabung/tabungThreeDotsBtn'

2022-06-15 18:29:13 - [MESSAGE][WARNING] - Timeout '0' is invalid. Using default page load timeout: '40'

2022-06-15 18:29:15 - [MESSAGE][PASSED] - Tapped on element 'Object Repository/Tabung/tabungThreeDotsBtn'

2022-06-15 18:29:15 - [TEST_STEP][PASSED] - delay(2): Delayed 2 second(s)

2022-06-15 18:29:17 - [MESSAGE][PASSED] - Delayed 2 second(s)

2022-06-15 18:29:17 - [TEST_STEP][PASSED] - tap(findTestObject("Tabung/tabungWithdrawFundBtn"), 0): Tapped on element 'Object Repository/Tabung/tabungWithdrawFundBtn'

2022-06-15 18:29:17 - [MESSAGE][WARNING] - Timeout '0' is invalid. Using default page load timeout: '40'

2022-06-15 18:29:17 - [MESSAGE][PASSED] - Tapped on element 'Object Repository/Tabung/tabungWithdrawFundBtn'

2022-06-15 18:29:17 - [TEST_STEP][PASSED] - delay(2): Delayed 2 second(s)

2022-06-15 18:29:19 - [MESSAGE][PASSED] - Delayed 2 second(s)

2022-06-15 18:29:19 - [TEST_STEP][PASSED] - tap(findTestObject("Tabung/tabungWithdrawConfirmBtn"), 0): Tapped on element 'Object Repository/Tabung/tabungWithdrawConfirmBtn'

2022-06-15 18:29:19 - [MESSAGE][WARNING] - Timeout '0' is invalid. Using default page load timeout: '40'

2022-06-15 18:29:19 - [MESSAGE][PASSED] - Tapped on element 'Object Repository/Tabung/tabungWithdrawConfirmBtn'

2022-06-15 18:29:19 - [TEST_STEP][PASSED] - delay(2): Delayed 2 second(s)

2022-06-15 18:29:21 - [MESSAGE][PASSED] - Delayed 2 second(s)

2022-06-15 18:29:21 - [TEST_STEP][PASSED] - tap(findTestObject("Login Onboarding/PIN1"), 0): Tapped on element 'Object Repository/Login Onboarding/PIN1'

2022-06-15 18:29:22 - [MESSAGE][WARNING] - Timeout '0' is invalid. Using default page load timeout: '40'

2022-06-15 18:29:22 - [MESSAGE][PASSED] - Tapped on element 'Object Repository/Login Onboarding/PIN1'

2022-06-15 18:29:22 - [TEST_STEP][PASSED] - delay(2): Delayed 2 second(s)

2022-06-15 18:29:24 - [MESSAGE][PASSED] - Delayed 2 second(s)

2022-06-15 18:29:24 - [TEST_STEP][PASSED] - tap(findTestObject("Tabung/tabungFundAmountTickBtn"), 0): Tapped on element 'Object Repository/Tabung/tabungFundAmountTickBtn'

2022-06-15 18:29:24 - [MESSAGE][WARNING] - Timeout '0' is invalid. Using default page load timeout: '40'

2022-06-15 18:29:24 - [MESSAGE][PASSED] - Tapped on element 'Object Repository/Tabung/tabungFundAmountTickBtn'

2022-06-15 18:29:24 - [TEST_STEP][PASSED] - delay(2): Delayed 2 second(s)

2022-06-15 18:29:26 - [MESSAGE][PASSED] - Delayed 2 second(s)

2022-06-15 18:29:26 - [TEST_STEP][PASSED] - if (verifyElementVisible(findTestObject("Tabung/tabungEnterPasswordTxt"), 10, OPTIONAL)): Element 'Object Repository/Tabung/tabungEnterPasswordTxt' not found

2022-06-15 18:29:36 - [MESSAGE][WARNING] - Element 'Object Repository/Tabung/tabungEnterPasswordTxt' not found

2022-06-15 18:29:36 - [TEST_STEP][PASSED] - delay(10): Delayed 10 second(s)

2022-06-15 18:29:46 - [MESSAGE][PASSED] - Delayed 10 second(s)

2022-06-15 18:29:46 - [TEST_STEP][PASSED] - tap(findTestObject("Tabung/tabungWithdrawFundBtn"), 0): Tapped on element 'Object Repository/Tabung/tabungWithdrawFundBtn'

2022-06-15 18:29:46 - [MESSAGE][WARNING] - Timeout '0' is invalid. Using default page load timeout: '40'

2022-06-15 18:29:47 - [MESSAGE][PASSED] - Tapped on element 'Object Repository/Tabung/tabungWithdrawFundBtn'

2022-06-15 18:29:47 - [TEST_STEP][PASSED] - delay(3): Delayed 3 second(s)

2022-06-15 18:29:50 - [MESSAGE][PASSED] - Delayed 3 second(s)

2022-06-15 18:29:50 - [TEST_STEP][PASSED] - if (verifyElementVisible(findTestObject("Object Repository/Festive Season/festiveReturnAngpaoTACNoTxt"), 10, OPTIONAL)): Element 'Object Repository/Festive Season/festiveReturnAngpaoTACNoTxt' not found

2022-06-15 18:30:00 - [MESSAGE][WARNING] - Element 'Object Repository/Festive Season/festiveReturnAngpaoTACNoTxt' not found

2022-06-15 18:30:00 - [TEST_STEP][PASSED] - else: Delayed 10 second(s)

2022-06-15 18:30:00 - [TEST_STEP][PASSED] - verifyElementVisible(findTestObject("Main/mainS2UApproveBtn"), 0): Element 'Object Repository/Main/mainS2UApproveBtn' is visible

2022-06-15 18:30:00 - [MESSAGE][WARNING] - Timeout '0' is invalid. Using default page load timeout: '40'

2022-06-15 18:30:00 - [MESSAGE][PASSED] - Element 'Object Repository/Main/mainS2UApproveBtn' is visible

2022-06-15 18:30:00 - [TEST_STEP][PASSED] - tap(findTestObject("Main/mainS2UApproveBtn"), 0): Tapped on element 'Object Repository/Main/mainS2UApproveBtn'

2022-06-15 18:30:00 - [MESSAGE][WARNING] - Timeout '0' is invalid. Using default page load timeout: '40'

2022-06-15 18:30:00 - [MESSAGE][PASSED] - Tapped on element 'Object Repository/Main/mainS2UApproveBtn'

2022-06-15 18:30:00 - [TEST_STEP][PASSED] - delay(10): Delayed 10 second(s)

2022-06-15 18:30:10 - [MESSAGE][PASSED] - Delayed 10 second(s)

2022-06-15 18:30:10 - [TEST_STEP][PASSED] - delay(3): Delayed 3 second(s)

2022-06-15 18:30:13 - [MESSAGE][PASSED] - Delayed 3 second(s)

2022-06-15 18:30:13 - [TEST_STEP][PASSED] - verifyElementVisible(findTestObject("Tabung/tabungWithdrawalSummarySuccessTxt"), 0): Element 'Object Repository/Tabung/tabungWithdrawalSummarySuccessTxt' is visible

2022-06-15 18:30:13 - [MESSAGE][WARNING] - Timeout '0' is invalid. Using default page load timeout: '40'

2022-06-15 18:30:14 - [MESSAGE][PASSED] - Element 'Object Repository/Tabung/tabungWithdrawalSummarySuccessTxt' is visible

2022-06-15 18:30:14 - [TEST_STEP][PASSED] - verifyElementText(findTestObject("Tabung/tabungWithdrawalSummarySuccessTxt"), "Withdrawal Successful"): Actual text and expected text of test object 'Object Repository/Tabung/tabungWithdrawalSummarySuccessTxt' are matched.

2022-06-15 18:30:14 - [MESSAGE][PASSED] - Actual text and expected text of test object 'Object Repository/Tabung/tabungWithdrawalSummarySuccessTxt' are matched.

2022-06-15 18:30:14 - [TEST_STEP][PASSED] - delay(3): Delayed 3 second(s)

2022-06-15 18:30:17 - [MESSAGE][PASSED] - Delayed 3 second(s)

2022-06-15 18:30:17 - [TEST_STEP][PASSED] - takeScreenshot("/Users/a00139272/Desktop/Screenshot/withdrawTabung.png"): Screenshot is taken

2022-06-15 18:30:18 - [MESSAGE][PASSED] - Screenshot is taken
[[ATTACHMENT|/Users/a00139272/Desktop/Screenshot/withdrawTabung.png]]

2022-06-15 18:30:18 - [TEST_STEP][PASSED] - verifyElementVisible(findTestObject("Main/mainDoneBtn"), 0): Element 'Object Repository/Main/mainDoneBtn' is visible

2022-06-15 18:30:18 - [MESSAGE][WARNING] - Timeout '0' is invalid. Using default page load timeout: '40'

2022-06-15 18:30:18 - [MESSAGE][PASSED] - Element 'Object Repository/Main/mainDoneBtn' is visible

2022-06-15 18:30:18 - [TEST_STEP][PASSED] - tap(findTestObject("Main/mainDoneBtn"), 0): Tapped on element 'Object Repository/Main/mainDoneBtn'

2022-06-15 18:30:18 - [MESSAGE][WARNING] - Timeout '0' is invalid. Using default page load timeout: '40'

2022-06-15 18:30:18 - [MESSAGE][PASSED] - Tapped on element 'Object Repository/Main/mainDoneBtn'

2022-06-15 18:30:18 - [TEST_STEP][PASSED] - delay(5): Delayed 5 second(s)

2022-06-15 18:30:23 - [MESSAGE][PASSED] - Delayed 5 second(s)]]></system-out>
         <system-err><![CDATA[]]></system-err>
      </testcase>
      <testcase name="Test Cases/Tabung/tabung_enableESITabung" time="53.54" classname="Test Cases/Tabung/tabung_enableESITabung" status="PASSED">
         <system-out><![CDATA[2022-06-15 18:30:23 - [TEST_CASE][PASSED] - Test Cases/Tabung/tabung_enableESITabung: Test Cases/Tabung/tabung_enableESITabung

2022-06-15 18:30:24 - [TEST_STEP][PASSED] - tap(findTestObject("Tabung/tabungNameSelection", ["text":"Switzerland"]), 10): Tapped on element 'Object Repository/Tabung/tabungNameSelection'

2022-06-15 18:30:24 - [MESSAGE][PASSED] - Tapped on element 'Object Repository/Tabung/tabungNameSelection'

2022-06-15 18:30:24 - [TEST_STEP][PASSED] - tap(findTestObject("Tabung/tabungViewMoreDetailsBtn"), 0): Tapped on element 'Object Repository/Tabung/tabungViewMoreDetailsBtn'

2022-06-15 18:30:24 - [MESSAGE][WARNING] - Timeout '0' is invalid. Using default page load timeout: '40'

2022-06-15 18:30:25 - [MESSAGE][PASSED] - Tapped on element 'Object Repository/Tabung/tabungViewMoreDetailsBtn'

2022-06-15 18:30:25 - [TEST_STEP][PASSED] - delay(2): Delayed 2 second(s)

2022-06-15 18:30:27 - [MESSAGE][PASSED] - Delayed 2 second(s)

2022-06-15 18:30:27 - [TEST_STEP][PASSED] - tap(findTestObject("Tabung/tabungESIOnToggle"), 0): Tapped on element 'Object Repository/Tabung/tabungESIOnToggle'

2022-06-15 18:30:27 - [MESSAGE][WARNING] - Timeout '0' is invalid. Using default page load timeout: '40'

2022-06-15 18:30:27 - [MESSAGE][PASSED] - Tapped on element 'Object Repository/Tabung/tabungESIOnToggle'

2022-06-15 18:30:27 - [TEST_STEP][PASSED] - delay(2): Delayed 2 second(s)

2022-06-15 18:30:29 - [MESSAGE][PASSED] - Delayed 2 second(s)

2022-06-15 18:30:29 - [TEST_STEP][PASSED] - if (verifyElementVisible(findTestObject("Tabung/tabungEnterPasswordTxt"), 10, OPTIONAL)): Element 'Object Repository/Tabung/tabungEnterPasswordTxt' not found

2022-06-15 18:30:39 - [MESSAGE][WARNING] - Element 'Object Repository/Tabung/tabungEnterPasswordTxt' not found

2022-06-15 18:30:39 - [TEST_STEP][PASSED] - delay(10): Delayed 10 second(s)

2022-06-15 18:30:49 - [MESSAGE][PASSED] - Delayed 10 second(s)

2022-06-15 18:30:49 - [TEST_STEP][PASSED] - tap(findTestObject("Tabung/tabungConfirmBtn"), 0): Tapped on element 'Object Repository/Tabung/tabungConfirmBtn'

2022-06-15 18:30:49 - [MESSAGE][WARNING] - Timeout '0' is invalid. Using default page load timeout: '40'

2022-06-15 18:30:50 - [MESSAGE][PASSED] - Tapped on element 'Object Repository/Tabung/tabungConfirmBtn'

2022-06-15 18:30:50 - [TEST_STEP][PASSED] - OTP = getText(findTestObject("Tabung/tabungOTPNumberTxt"), 0): Text of element 'Object Repository/Tabung/tabungOTPNumberTxt' is: 'Your Otp no. is 997645'

2022-06-15 18:30:50 - [MESSAGE][WARNING] - Timeout '0' is invalid. Using default page load timeout: '40'

2022-06-15 18:30:52 - [MESSAGE][PASSED] - Text of element 'Object Repository/Tabung/tabungOTPNumberTxt' is: 'Your Otp no. is 997645'

2022-06-15 18:30:52 - [TEST_STEP][PASSED] - for ([i = 16, i <= 21, (i++)]): null

2022-06-15 18:30:52 - [TEST_STEP][PASSED] - if (OTP[i] == "0"): null

2022-06-15 18:30:52 - [TEST_STEP][PASSED] - if (OTP[i] == "1"): null

2022-06-15 18:30:52 - [TEST_STEP][PASSED] - if (OTP[i] == "2"): null

2022-06-15 18:30:52 - [TEST_STEP][PASSED] - if (OTP[i] == "3"): null

2022-06-15 18:30:52 - [TEST_STEP][PASSED] - if (OTP[i] == "4"): null

2022-06-15 18:30:52 - [TEST_STEP][PASSED] - if (OTP[i] == "5"): null

2022-06-15 18:30:52 - [TEST_STEP][PASSED] - if (OTP[i] == "6"): null

2022-06-15 18:30:52 - [TEST_STEP][PASSED] - if (OTP[i] == "7"): null

2022-06-15 18:30:52 - [TEST_STEP][PASSED] - if (OTP[i] == "8"): null

2022-06-15 18:30:52 - [TEST_STEP][PASSED] - if (OTP[i] == "9"): Tapped on element 'Object Repository/Login Onboarding/PIN9'

2022-06-15 18:30:52 - [TEST_STEP][PASSED] - tap(findTestObject("Login Onboarding/PIN9"), 0): Tapped on element 'Object Repository/Login Onboarding/PIN9'

2022-06-15 18:30:52 - [MESSAGE][WARNING] - Timeout '0' is invalid. Using default page load timeout: '40'

2022-06-15 18:30:53 - [MESSAGE][PASSED] - Tapped on element 'Object Repository/Login Onboarding/PIN9'

2022-06-15 18:30:53 - [TEST_STEP][PASSED] - if (OTP[i] == "0"): null

2022-06-15 18:30:53 - [TEST_STEP][PASSED] - if (OTP[i] == "1"): null

2022-06-15 18:30:53 - [TEST_STEP][PASSED] - if (OTP[i] == "2"): null

2022-06-15 18:30:53 - [TEST_STEP][PASSED] - if (OTP[i] == "3"): null

2022-06-15 18:30:53 - [TEST_STEP][PASSED] - if (OTP[i] == "4"): null

2022-06-15 18:30:53 - [TEST_STEP][PASSED] - if (OTP[i] == "5"): null

2022-06-15 18:30:53 - [TEST_STEP][PASSED] - if (OTP[i] == "6"): null

2022-06-15 18:30:53 - [TEST_STEP][PASSED] - if (OTP[i] == "7"): null

2022-06-15 18:30:53 - [TEST_STEP][PASSED] - if (OTP[i] == "8"): null

2022-06-15 18:30:53 - [TEST_STEP][PASSED] - if (OTP[i] == "9"): Tapped on element 'Object Repository/Login Onboarding/PIN9'

2022-06-15 18:30:53 - [TEST_STEP][PASSED] - tap(findTestObject("Login Onboarding/PIN9"), 0): Tapped on element 'Object Repository/Login Onboarding/PIN9'

2022-06-15 18:30:53 - [MESSAGE][WARNING] - Timeout '0' is invalid. Using default page load timeout: '40'

2022-06-15 18:30:55 - [MESSAGE][PASSED] - Tapped on element 'Object Repository/Login Onboarding/PIN9'

2022-06-15 18:30:55 - [TEST_STEP][PASSED] - if (OTP[i] == "0"): null

2022-06-15 18:30:55 - [TEST_STEP][PASSED] - if (OTP[i] == "1"): null

2022-06-15 18:30:55 - [TEST_STEP][PASSED] - if (OTP[i] == "2"): null

2022-06-15 18:30:55 - [TEST_STEP][PASSED] - if (OTP[i] == "3"): null

2022-06-15 18:30:55 - [TEST_STEP][PASSED] - if (OTP[i] == "4"): null

2022-06-15 18:30:55 - [TEST_STEP][PASSED] - if (OTP[i] == "5"): null

2022-06-15 18:30:55 - [TEST_STEP][PASSED] - if (OTP[i] == "6"): null

2022-06-15 18:30:55 - [TEST_STEP][PASSED] - if (OTP[i] == "7"): Tapped on element 'Object Repository/Login Onboarding/PIN7'

2022-06-15 18:30:55 - [TEST_STEP][PASSED] - tap(findTestObject("Login Onboarding/PIN7"), 0): Tapped on element 'Object Repository/Login Onboarding/PIN7'

2022-06-15 18:30:55 - [MESSAGE][WARNING] - Timeout '0' is invalid. Using default page load timeout: '40'

2022-06-15 18:30:57 - [MESSAGE][PASSED] - Tapped on element 'Object Repository/Login Onboarding/PIN7'

2022-06-15 18:30:57 - [TEST_STEP][PASSED] - if (OTP[i] == "8"): null

2022-06-15 18:30:57 - [TEST_STEP][PASSED] - if (OTP[i] == "9"): null

2022-06-15 18:30:57 - [TEST_STEP][PASSED] - if (OTP[i] == "0"): null

2022-06-15 18:30:57 - [TEST_STEP][PASSED] - if (OTP[i] == "1"): null

2022-06-15 18:30:57 - [TEST_STEP][PASSED] - if (OTP[i] == "2"): null

2022-06-15 18:30:57 - [TEST_STEP][PASSED] - if (OTP[i] == "3"): null

2022-06-15 18:30:57 - [TEST_STEP][PASSED] - if (OTP[i] == "4"): null

2022-06-15 18:30:57 - [TEST_STEP][PASSED] - if (OTP[i] == "5"): null

2022-06-15 18:30:57 - [TEST_STEP][PASSED] - if (OTP[i] == "6"): Tapped on element 'Object Repository/Login Onboarding/PIN6'

2022-06-15 18:30:57 - [TEST_STEP][PASSED] - tap(findTestObject("Login Onboarding/PIN6"), 0): Tapped on element 'Object Repository/Login Onboarding/PIN6'

2022-06-15 18:30:57 - [MESSAGE][WARNING] - Timeout '0' is invalid. Using default page load timeout: '40'

2022-06-15 18:30:59 - [MESSAGE][PASSED] - Tapped on element 'Object Repository/Login Onboarding/PIN6'

2022-06-15 18:30:59 - [TEST_STEP][PASSED] - if (OTP[i] == "7"): null

2022-06-15 18:30:59 - [TEST_STEP][PASSED] - if (OTP[i] == "8"): null

2022-06-15 18:30:59 - [TEST_STEP][PASSED] - if (OTP[i] == "9"): null

2022-06-15 18:30:59 - [TEST_STEP][PASSED] - if (OTP[i] == "0"): null

2022-06-15 18:30:59 - [TEST_STEP][PASSED] - if (OTP[i] == "1"): null

2022-06-15 18:30:59 - [TEST_STEP][PASSED] - if (OTP[i] == "2"): null

2022-06-15 18:30:59 - [TEST_STEP][PASSED] - if (OTP[i] == "3"): null

2022-06-15 18:30:59 - [TEST_STEP][PASSED] - if (OTP[i] == "4"): Tapped on element 'Object Repository/Login Onboarding/PIN4'

2022-06-15 18:30:59 - [TEST_STEP][PASSED] - tap(findTestObject("Login Onboarding/PIN4"), 0): Tapped on element 'Object Repository/Login Onboarding/PIN4'

2022-06-15 18:30:59 - [MESSAGE][WARNING] - Timeout '0' is invalid. Using default page load timeout: '40'

2022-06-15 18:31:01 - [MESSAGE][PASSED] - Tapped on element 'Object Repository/Login Onboarding/PIN4'

2022-06-15 18:31:01 - [TEST_STEP][PASSED] - if (OTP[i] == "5"): null

2022-06-15 18:31:01 - [TEST_STEP][PASSED] - if (OTP[i] == "6"): null

2022-06-15 18:31:01 - [TEST_STEP][PASSED] - if (OTP[i] == "7"): null

2022-06-15 18:31:01 - [TEST_STEP][PASSED] - if (OTP[i] == "8"): null

2022-06-15 18:31:01 - [TEST_STEP][PASSED] - if (OTP[i] == "9"): null

2022-06-15 18:31:01 - [TEST_STEP][PASSED] - if (OTP[i] == "0"): null

2022-06-15 18:31:01 - [TEST_STEP][PASSED] - if (OTP[i] == "1"): null

2022-06-15 18:31:01 - [TEST_STEP][PASSED] - if (OTP[i] == "2"): null

2022-06-15 18:31:01 - [TEST_STEP][PASSED] - if (OTP[i] == "3"): null

2022-06-15 18:31:01 - [TEST_STEP][PASSED] - if (OTP[i] == "4"): null

2022-06-15 18:31:01 - [TEST_STEP][PASSED] - if (OTP[i] == "5"): Tapped on element 'Object Repository/Login Onboarding/PIN5'

2022-06-15 18:31:01 - [TEST_STEP][PASSED] - tap(findTestObject("Login Onboarding/PIN5"), 0): Tapped on element 'Object Repository/Login Onboarding/PIN5'

2022-06-15 18:31:01 - [MESSAGE][WARNING] - Timeout '0' is invalid. Using default page load timeout: '40'

2022-06-15 18:31:04 - [MESSAGE][PASSED] - Tapped on element 'Object Repository/Login Onboarding/PIN5'

2022-06-15 18:31:04 - [TEST_STEP][PASSED] - if (OTP[i] == "6"): null

2022-06-15 18:31:04 - [TEST_STEP][PASSED] - if (OTP[i] == "7"): null

2022-06-15 18:31:04 - [TEST_STEP][PASSED] - if (OTP[i] == "8"): null

2022-06-15 18:31:04 - [TEST_STEP][PASSED] - if (OTP[i] == "9"): null

2022-06-15 18:31:04 - [TEST_STEP][PASSED] - delay(3): Delayed 3 second(s)

2022-06-15 18:31:07 - [MESSAGE][PASSED] - Delayed 3 second(s)

2022-06-15 18:31:07 - [TEST_STEP][PASSED] - tap(findTestObject("Tabung/tabungTACTickBtn"), 0): Tapped on element 'Object Repository/Tabung/tabungTACTickBtn'

2022-06-15 18:31:07 - [MESSAGE][WARNING] - Timeout '0' is invalid. Using default page load timeout: '40'

2022-06-15 18:31:07 - [MESSAGE][PASSED] - Tapped on element 'Object Repository/Tabung/tabungTACTickBtn'

2022-06-15 18:31:07 - [TEST_STEP][PASSED] - delay(3): Delayed 3 second(s)

2022-06-15 18:31:10 - [MESSAGE][PASSED] - Delayed 3 second(s)

2022-06-15 18:31:10 - [TEST_STEP][PASSED] - verifyElementVisible(findTestObject("Tabung/tabungSummaryAutoDecuctSuccessEnableTxt"), 0): Element 'Object Repository/Tabung/tabungSummaryAutoDecuctSuccessEnableTxt' is visible

2022-06-15 18:31:10 - [MESSAGE][WARNING] - Timeout '0' is invalid. Using default page load timeout: '40'

2022-06-15 18:31:13 - [MESSAGE][PASSED] - Element 'Object Repository/Tabung/tabungSummaryAutoDecuctSuccessEnableTxt' is visible

2022-06-15 18:31:13 - [TEST_STEP][PASSED] - verifyElementText(findTestObject("Tabung/tabungSummaryAutoDecuctSuccessEnableTxt"), "Auto deduction successfully enabled."): Actual text and expected text of test object 'Object Repository/Tabung/tabungSummaryAutoDecuctSuccessEnableTxt' are matched.

2022-06-15 18:31:13 - [MESSAGE][PASSED] - Actual text and expected text of test object 'Object Repository/Tabung/tabungSummaryAutoDecuctSuccessEnableTxt' are matched.

2022-06-15 18:31:13 - [TEST_STEP][PASSED] - delay(3): Delayed 3 second(s)

2022-06-15 18:31:16 - [MESSAGE][PASSED] - Delayed 3 second(s)

2022-06-15 18:31:16 - [TEST_STEP][PASSED] - takeScreenshot("/Users/a00139272/Desktop/Screenshot/enableTabung.png"): Screenshot is taken

2022-06-15 18:31:17 - [MESSAGE][PASSED] - Screenshot is taken
[[ATTACHMENT|/Users/a00139272/Desktop/Screenshot/enableTabung.png]]

2022-06-15 18:31:17 - [TEST_STEP][PASSED] - verifyElementVisible(findTestObject("Main/mainDoneBtn"), 0): Element 'Object Repository/Main/mainDoneBtn' is visible

2022-06-15 18:31:17 - [MESSAGE][WARNING] - Timeout '0' is invalid. Using default page load timeout: '40'

2022-06-15 18:31:17 - [MESSAGE][PASSED] - Element 'Object Repository/Main/mainDoneBtn' is visible

2022-06-15 18:31:17 - [TEST_STEP][PASSED] - tap(findTestObject("Main/mainDoneBtn"), 0): Tapped on element 'Object Repository/Main/mainDoneBtn'

2022-06-15 18:31:17 - [MESSAGE][WARNING] - Timeout '0' is invalid. Using default page load timeout: '40'

2022-06-15 18:31:17 - [MESSAGE][PASSED] - Tapped on element 'Object Repository/Main/mainDoneBtn']]></system-out>
         <system-err><![CDATA[]]></system-err>
      </testcase>
      <testcase name="Test Cases/Tabung/tabung_disableESITabung" time="37.07" classname="Test Cases/Tabung/tabung_disableESITabung" status="PASSED">
         <system-out><![CDATA[2022-06-15 18:31:17 - [TEST_CASE][PASSED] - Test Cases/Tabung/tabung_disableESITabung: Test Cases/Tabung/tabung_disableESITabung

2022-06-15 18:31:17 - [TEST_STEP][PASSED] - tap(findTestObject("Tabung/tabungNameSelection", ["text":"Switzerland"]), 10): Tapped on element 'Object Repository/Tabung/tabungNameSelection'

2022-06-15 18:31:19 - [MESSAGE][PASSED] - Tapped on element 'Object Repository/Tabung/tabungNameSelection'

2022-06-15 18:31:19 - [TEST_STEP][PASSED] - tap(findTestObject("Tabung/tabungViewMoreDetailsBtn"), 0): Tapped on element 'Object Repository/Tabung/tabungViewMoreDetailsBtn'

2022-06-15 18:31:19 - [MESSAGE][WARNING] - Timeout '0' is invalid. Using default page load timeout: '40'

2022-06-15 18:31:20 - [MESSAGE][PASSED] - Tapped on element 'Object Repository/Tabung/tabungViewMoreDetailsBtn'

2022-06-15 18:31:20 - [TEST_STEP][PASSED] - delay(2): Delayed 2 second(s)

2022-06-15 18:31:22 - [MESSAGE][PASSED] - Delayed 2 second(s)

2022-06-15 18:31:22 - [TEST_STEP][PASSED] - tap(findTestObject("Tabung/tabungESIOffToggle"), 0): Tapped on element 'Object Repository/Tabung/tabungESIOffToggle'

2022-06-15 18:31:22 - [MESSAGE][WARNING] - Timeout '0' is invalid. Using default page load timeout: '40'

2022-06-15 18:31:22 - [MESSAGE][PASSED] - Tapped on element 'Object Repository/Tabung/tabungESIOffToggle'

2022-06-15 18:31:22 - [TEST_STEP][PASSED] - delay(2): Delayed 2 second(s)

2022-06-15 18:31:24 - [MESSAGE][PASSED] - Delayed 2 second(s)

2022-06-15 18:31:24 - [TEST_STEP][PASSED] - OTP1 = getText(findTestObject("Tabung/tabungOTPNumberTxt"), 0): Text of element 'Object Repository/Tabung/tabungOTPNumberTxt' is: 'Your Otp no. is 751684'

2022-06-15 18:31:24 - [MESSAGE][WARNING] - Timeout '0' is invalid. Using default page load timeout: '40'

2022-06-15 18:31:25 - [MESSAGE][PASSED] - Text of element 'Object Repository/Tabung/tabungOTPNumberTxt' is: 'Your Otp no. is 751684'

2022-06-15 18:31:25 - [TEST_STEP][PASSED] - for ([i = 16, i <= 21, (i++)]): null

2022-06-15 18:31:25 - [TEST_STEP][PASSED] - if (OTP1[i] == "0"): null

2022-06-15 18:31:25 - [TEST_STEP][PASSED] - if (OTP1[i] == "1"): null

2022-06-15 18:31:25 - [TEST_STEP][PASSED] - if (OTP1[i] == "2"): null

2022-06-15 18:31:25 - [TEST_STEP][PASSED] - if (OTP1[i] == "3"): null

2022-06-15 18:31:25 - [TEST_STEP][PASSED] - if (OTP1[i] == "4"): null

2022-06-15 18:31:25 - [TEST_STEP][PASSED] - if (OTP1[i] == "5"): null

2022-06-15 18:31:25 - [TEST_STEP][PASSED] - if (OTP1[i] == "6"): null

2022-06-15 18:31:25 - [TEST_STEP][PASSED] - if (OTP1[i] == "7"): Tapped on element 'Object Repository/Login Onboarding/PIN7'

2022-06-15 18:31:25 - [TEST_STEP][PASSED] - tap(findTestObject("Login Onboarding/PIN7"), 0): Tapped on element 'Object Repository/Login Onboarding/PIN7'

2022-06-15 18:31:25 - [MESSAGE][WARNING] - Timeout '0' is invalid. Using default page load timeout: '40'

2022-06-15 18:31:26 - [MESSAGE][PASSED] - Tapped on element 'Object Repository/Login Onboarding/PIN7'

2022-06-15 18:31:26 - [TEST_STEP][PASSED] - if (OTP1[i] == "8"): null

2022-06-15 18:31:26 - [TEST_STEP][PASSED] - if (OTP1[i] == "9"): null

2022-06-15 18:31:26 - [TEST_STEP][PASSED] - if (OTP1[i] == "0"): null

2022-06-15 18:31:26 - [TEST_STEP][PASSED] - if (OTP1[i] == "1"): null

2022-06-15 18:31:26 - [TEST_STEP][PASSED] - if (OTP1[i] == "2"): null

2022-06-15 18:31:26 - [TEST_STEP][PASSED] - if (OTP1[i] == "3"): null

2022-06-15 18:31:26 - [TEST_STEP][PASSED] - if (OTP1[i] == "4"): null

2022-06-15 18:31:26 - [TEST_STEP][PASSED] - if (OTP1[i] == "5"): Tapped on element 'Object Repository/Login Onboarding/PIN5'

2022-06-15 18:31:26 - [TEST_STEP][PASSED] - tap(findTestObject("Login Onboarding/PIN5"), 0): Tapped on element 'Object Repository/Login Onboarding/PIN5'

2022-06-15 18:31:26 - [MESSAGE][WARNING] - Timeout '0' is invalid. Using default page load timeout: '40'

2022-06-15 18:31:28 - [MESSAGE][PASSED] - Tapped on element 'Object Repository/Login Onboarding/PIN5'

2022-06-15 18:31:28 - [TEST_STEP][PASSED] - if (OTP1[i] == "6"): null

2022-06-15 18:31:28 - [TEST_STEP][PASSED] - if (OTP1[i] == "7"): null

2022-06-15 18:31:28 - [TEST_STEP][PASSED] - if (OTP1[i] == "8"): null

2022-06-15 18:31:28 - [TEST_STEP][PASSED] - if (OTP1[i] == "9"): null

2022-06-15 18:31:28 - [TEST_STEP][PASSED] - if (OTP1[i] == "0"): null

2022-06-15 18:31:28 - [TEST_STEP][PASSED] - if (OTP1[i] == "1"): Tapped on element 'Object Repository/Login Onboarding/PIN1'

2022-06-15 18:31:28 - [TEST_STEP][PASSED] - tap(findTestObject("Login Onboarding/PIN1"), 0): Tapped on element 'Object Repository/Login Onboarding/PIN1'

2022-06-15 18:31:28 - [MESSAGE][WARNING] - Timeout '0' is invalid. Using default page load timeout: '40'

2022-06-15 18:31:30 - [MESSAGE][PASSED] - Tapped on element 'Object Repository/Login Onboarding/PIN1'

2022-06-15 18:31:30 - [TEST_STEP][PASSED] - if (OTP1[i] == "2"): null

2022-06-15 18:31:30 - [TEST_STEP][PASSED] - if (OTP1[i] == "3"): null

2022-06-15 18:31:30 - [TEST_STEP][PASSED] - if (OTP1[i] == "4"): null

2022-06-15 18:31:30 - [TEST_STEP][PASSED] - if (OTP1[i] == "5"): null

2022-06-15 18:31:30 - [TEST_STEP][PASSED] - if (OTP1[i] == "6"): null

2022-06-15 18:31:30 - [TEST_STEP][PASSED] - if (OTP1[i] == "7"): null

2022-06-15 18:31:30 - [TEST_STEP][PASSED] - if (OTP1[i] == "8"): null

2022-06-15 18:31:30 - [TEST_STEP][PASSED] - if (OTP1[i] == "9"): null

2022-06-15 18:31:30 - [TEST_STEP][PASSED] - if (OTP1[i] == "0"): null

2022-06-15 18:31:30 - [TEST_STEP][PASSED] - if (OTP1[i] == "1"): null

2022-06-15 18:31:30 - [TEST_STEP][PASSED] - if (OTP1[i] == "2"): null

2022-06-15 18:31:30 - [TEST_STEP][PASSED] - if (OTP1[i] == "3"): null

2022-06-15 18:31:30 - [TEST_STEP][PASSED] - if (OTP1[i] == "4"): null

2022-06-15 18:31:30 - [TEST_STEP][PASSED] - if (OTP1[i] == "5"): null

2022-06-15 18:31:30 - [TEST_STEP][PASSED] - if (OTP1[i] == "6"): Tapped on element 'Object Repository/Login Onboarding/PIN6'

2022-06-15 18:31:30 - [TEST_STEP][PASSED] - tap(findTestObject("Login Onboarding/PIN6"), 0): Tapped on element 'Object Repository/Login Onboarding/PIN6'

2022-06-15 18:31:30 - [MESSAGE][WARNING] - Timeout '0' is invalid. Using default page load timeout: '40'

2022-06-15 18:31:32 - [MESSAGE][PASSED] - Tapped on element 'Object Repository/Login Onboarding/PIN6'

2022-06-15 18:31:32 - [TEST_STEP][PASSED] - if (OTP1[i] == "7"): null

2022-06-15 18:31:32 - [TEST_STEP][PASSED] - if (OTP1[i] == "8"): null

2022-06-15 18:31:32 - [TEST_STEP][PASSED] - if (OTP1[i] == "9"): null

2022-06-15 18:31:32 - [TEST_STEP][PASSED] - if (OTP1[i] == "0"): null

2022-06-15 18:31:32 - [TEST_STEP][PASSED] - if (OTP1[i] == "1"): null

2022-06-15 18:31:32 - [TEST_STEP][PASSED] - if (OTP1[i] == "2"): null

2022-06-15 18:31:32 - [TEST_STEP][PASSED] - if (OTP1[i] == "3"): null

2022-06-15 18:31:32 - [TEST_STEP][PASSED] - if (OTP1[i] == "4"): null

2022-06-15 18:31:32 - [TEST_STEP][PASSED] - if (OTP1[i] == "5"): null

2022-06-15 18:31:32 - [TEST_STEP][PASSED] - if (OTP1[i] == "6"): null

2022-06-15 18:31:32 - [TEST_STEP][PASSED] - if (OTP1[i] == "7"): null

2022-06-15 18:31:32 - [TEST_STEP][PASSED] - if (OTP1[i] == "8"): Tapped on element 'Object Repository/Login Onboarding/PIN8'

2022-06-15 18:31:32 - [TEST_STEP][PASSED] - tap(findTestObject("Login Onboarding/PIN8"), 0): Tapped on element 'Object Repository/Login Onboarding/PIN8'

2022-06-15 18:31:32 - [MESSAGE][WARNING] - Timeout '0' is invalid. Using default page load timeout: '40'

2022-06-15 18:31:34 - [MESSAGE][PASSED] - Tapped on element 'Object Repository/Login Onboarding/PIN8'

2022-06-15 18:31:34 - [TEST_STEP][PASSED] - if (OTP1[i] == "9"): null

2022-06-15 18:31:34 - [TEST_STEP][PASSED] - if (OTP1[i] == "0"): null

2022-06-15 18:31:34 - [TEST_STEP][PASSED] - if (OTP1[i] == "1"): null

2022-06-15 18:31:34 - [TEST_STEP][PASSED] - if (OTP1[i] == "2"): null

2022-06-15 18:31:34 - [TEST_STEP][PASSED] - if (OTP1[i] == "3"): null

2022-06-15 18:31:34 - [TEST_STEP][PASSED] - if (OTP1[i] == "4"): Tapped on element 'Object Repository/Login Onboarding/PIN4'

2022-06-15 18:31:34 - [TEST_STEP][PASSED] - tap(findTestObject("Login Onboarding/PIN4"), 0): Tapped on element 'Object Repository/Login Onboarding/PIN4'

2022-06-15 18:31:34 - [MESSAGE][WARNING] - Timeout '0' is invalid. Using default page load timeout: '40'

2022-06-15 18:31:36 - [MESSAGE][PASSED] - Tapped on element 'Object Repository/Login Onboarding/PIN4'

2022-06-15 18:31:36 - [TEST_STEP][PASSED] - if (OTP1[i] == "5"): null

2022-06-15 18:31:36 - [TEST_STEP][PASSED] - if (OTP1[i] == "6"): null

2022-06-15 18:31:36 - [TEST_STEP][PASSED] - if (OTP1[i] == "7"): null

2022-06-15 18:31:36 - [TEST_STEP][PASSED] - if (OTP1[i] == "8"): null

2022-06-15 18:31:36 - [TEST_STEP][PASSED] - if (OTP1[i] == "9"): null

2022-06-15 18:31:36 - [TEST_STEP][PASSED] - delay(3): Delayed 3 second(s)

2022-06-15 18:31:39 - [MESSAGE][PASSED] - Delayed 3 second(s)

2022-06-15 18:31:39 - [TEST_STEP][PASSED] - tap(findTestObject("Tabung/tabungTACTickBtn"), 0): Tapped on element 'Object Repository/Tabung/tabungTACTickBtn'

2022-06-15 18:31:39 - [MESSAGE][WARNING] - Timeout '0' is invalid. Using default page load timeout: '40'

2022-06-15 18:31:39 - [MESSAGE][PASSED] - Tapped on element 'Object Repository/Tabung/tabungTACTickBtn'

2022-06-15 18:31:39 - [TEST_STEP][PASSED] - verifyElementText(findTestObject("Tabung/tabungSummaryAutoDeductSuccessDisableTxt"), "Auto deduction successfully disabled."): Actual text and expected text of test object 'Object Repository/Tabung/tabungSummaryAutoDeductSuccessDisableTxt' are matched.

2022-06-15 18:31:45 - [MESSAGE][PASSED] - Actual text and expected text of test object 'Object Repository/Tabung/tabungSummaryAutoDeductSuccessDisableTxt' are matched.

2022-06-15 18:31:45 - [TEST_STEP][PASSED] - delay(3): Delayed 3 second(s)

2022-06-15 18:31:48 - [MESSAGE][PASSED] - Delayed 3 second(s)

2022-06-15 18:31:48 - [TEST_STEP][PASSED] - takeScreenshot("/Users/a00139272/Desktop/Screenshot/disableTabung.png"): Screenshot is taken

2022-06-15 18:31:48 - [MESSAGE][PASSED] - Screenshot is taken
[[ATTACHMENT|/Users/a00139272/Desktop/Screenshot/disableTabung.png]]

2022-06-15 18:31:48 - [TEST_STEP][PASSED] - verifyElementVisible(findTestObject("Main/mainDoneBtn"), 0): Element 'Object Repository/Main/mainDoneBtn' is visible

2022-06-15 18:31:48 - [MESSAGE][WARNING] - Timeout '0' is invalid. Using default page load timeout: '40'

2022-06-15 18:31:49 - [MESSAGE][PASSED] - Element 'Object Repository/Main/mainDoneBtn' is visible

2022-06-15 18:31:49 - [TEST_STEP][PASSED] - tap(findTestObject("Main/mainDoneBtn"), 0): Tapped on element 'Object Repository/Main/mainDoneBtn'

2022-06-15 18:31:49 - [MESSAGE][WARNING] - Timeout '0' is invalid. Using default page load timeout: '40'

2022-06-15 18:31:49 - [MESSAGE][PASSED] - Tapped on element 'Object Repository/Main/mainDoneBtn'

2022-06-15 18:31:49 - [TEST_STEP][PASSED] - delay(5): Delayed 5 second(s)

2022-06-15 18:31:54 - [MESSAGE][PASSED] - Delayed 5 second(s)]]></system-out>
         <system-err><![CDATA[]]></system-err>
      </testcase>
      <testcase name="Test Cases/Tabung/tabung_renameTabung" time="16.55" classname="Test Cases/Tabung/tabung_renameTabung" status="PASSED">
         <system-out><![CDATA[2022-06-15 18:31:54 - [TEST_CASE][PASSED] - Test Cases/Tabung/tabung_renameTabung: Test Cases/Tabung/tabung_renameTabung

2022-06-15 18:31:54 - [TEST_STEP][PASSED] - delay(2): Delayed 2 second(s)

2022-06-15 18:31:56 - [MESSAGE][PASSED] - Delayed 2 second(s)

2022-06-15 18:31:56 - [TEST_STEP][PASSED] - tap(findTestObject("Tabung/tabungThreeDotsBtn"), 0): Tapped on element 'Object Repository/Tabung/tabungThreeDotsBtn'

2022-06-15 18:31:56 - [MESSAGE][WARNING] - Timeout '0' is invalid. Using default page load timeout: '40'

2022-06-15 18:31:57 - [MESSAGE][PASSED] - Tapped on element 'Object Repository/Tabung/tabungThreeDotsBtn'

2022-06-15 18:31:57 - [TEST_STEP][PASSED] - tap(findTestObject("Tabung/tabungThreeDotsRenameBtn"), 0): Tapped on element 'Object Repository/Tabung/tabungThreeDotsRenameBtn'

2022-06-15 18:31:57 - [MESSAGE][WARNING] - Timeout '0' is invalid. Using default page load timeout: '40'

2022-06-15 18:31:58 - [MESSAGE][PASSED] - Tapped on element 'Object Repository/Tabung/tabungThreeDotsRenameBtn'

2022-06-15 18:31:58 - [TEST_STEP][PASSED] - delay(2): Delayed 2 second(s)

2022-06-15 18:32:00 - [MESSAGE][PASSED] - Delayed 2 second(s)

2022-06-15 18:32:00 - [TEST_STEP][PASSED] - clearText(findTestObject("Tabung/tabungRenameInputField"), 10): Element 'Object Repository/Tabung/tabungRenameInputField' text is cleared

2022-06-15 18:32:00 - [MESSAGE][PASSED] - Element 'Object Repository/Tabung/tabungRenameInputField' text is cleared

2022-06-15 18:32:00 - [TEST_STEP][PASSED] - setText(findTestObject("Tabung/tabungRenameInputField"), "Singapore", 0): Text 'Singapore' has been set to element 'Object Repository/Tabung/tabungRenameInputField'

2022-06-15 18:32:00 - [MESSAGE][WARNING] - Timeout '0' is invalid. Using default page load timeout: '40'

2022-06-15 18:32:02 - [MESSAGE][PASSED] - Text 'Singapore' has been set to element 'Object Repository/Tabung/tabungRenameInputField'

2022-06-15 18:32:02 - [TEST_STEP][PASSED] - hideKeyboard(): Keyboard is hidden

2022-06-15 18:32:04 - [MESSAGE][PASSED] - Keyboard is hidden

2022-06-15 18:32:04 - [TEST_STEP][PASSED] - verifyElementVisible(findTestObject("Tabung/tabungConfirmBtn"), 0): Element 'Object Repository/Tabung/tabungConfirmBtn' is visible

2022-06-15 18:32:04 - [MESSAGE][WARNING] - Timeout '0' is invalid. Using default page load timeout: '40'

2022-06-15 18:32:05 - [MESSAGE][PASSED] - Element 'Object Repository/Tabung/tabungConfirmBtn' is visible

2022-06-15 18:32:05 - [TEST_STEP][PASSED] - tap(findTestObject("Tabung/tabungConfirmBtn"), 0): Tapped on element 'Object Repository/Tabung/tabungConfirmBtn'

2022-06-15 18:32:05 - [MESSAGE][WARNING] - Timeout '0' is invalid. Using default page load timeout: '40'

2022-06-15 18:32:05 - [MESSAGE][PASSED] - Tapped on element 'Object Repository/Tabung/tabungConfirmBtn'

2022-06-15 18:32:05 - [TEST_STEP][PASSED] - delay(5): Delayed 5 second(s)

2022-06-15 18:32:10 - [MESSAGE][PASSED] - Delayed 5 second(s)

2022-06-15 18:32:10 - [TEST_STEP][PASSED] - takeScreenshot("/Users/a00139272/Desktop/Screenshot/renameTabung.png"): Screenshot is taken

2022-06-15 18:32:11 - [MESSAGE][PASSED] - Screenshot is taken
[[ATTACHMENT|/Users/a00139272/Desktop/Screenshot/renameTabung.png]]]]></system-out>
         <system-err><![CDATA[]]></system-err>
      </testcase>
      <testcase name="Test Cases/Tabung/tabung_removeTabung" time="102.166" classname="Test Cases/Tabung/tabung_removeTabung" status="PASSED">
         <system-out><![CDATA[2022-06-15 18:32:11 - [TEST_CASE][PASSED] - Test Cases/Tabung/tabung_removeTabung: Test Cases/Tabung/tabung_removeTabung

2022-06-15 18:32:11 - [TEST_STEP][PASSED] - tap(findTestObject("Tabung/tabungNameSelection", ["text":"Singapore"]), 10): Tapped on element 'Object Repository/Tabung/tabungNameSelection'

2022-06-15 18:32:11 - [MESSAGE][PASSED] - Tapped on element 'Object Repository/Tabung/tabungNameSelection'

2022-06-15 18:32:11 - [TEST_STEP][PASSED] - delay(2): Delayed 2 second(s)

2022-06-15 18:32:13 - [MESSAGE][PASSED] - Delayed 2 second(s)

2022-06-15 18:32:13 - [TEST_STEP][PASSED] - tap(findTestObject("Tabung/tabungThreeDotsBtn"), 0): Tapped on element 'Object Repository/Tabung/tabungThreeDotsBtn'

2022-06-15 18:32:13 - [MESSAGE][WARNING] - Timeout '0' is invalid. Using default page load timeout: '40'

2022-06-15 18:32:14 - [MESSAGE][PASSED] - Tapped on element 'Object Repository/Tabung/tabungThreeDotsBtn'

2022-06-15 18:32:14 - [TEST_STEP][PASSED] - delay(2): Delayed 2 second(s)

2022-06-15 18:32:16 - [MESSAGE][PASSED] - Delayed 2 second(s)

2022-06-15 18:32:16 - [TEST_STEP][PASSED] - tap(findTestObject("Tabung/tabungThreeDtosRemoveBtn"), 0): Tapped on element 'Object Repository/Tabung/tabungThreeDtosRemoveBtn'

2022-06-15 18:32:16 - [MESSAGE][WARNING] - Timeout '0' is invalid. Using default page load timeout: '40'

2022-06-15 18:32:16 - [MESSAGE][PASSED] - Tapped on element 'Object Repository/Tabung/tabungThreeDtosRemoveBtn'

2022-06-15 18:32:16 - [TEST_STEP][PASSED] - delay(2): Delayed 2 second(s)

2022-06-15 18:32:18 - [MESSAGE][PASSED] - Delayed 2 second(s)

2022-06-15 18:32:18 - [TEST_STEP][PASSED] - tap(findTestObject("Tabung/tabungRemoveConfirmBtn"), 0): Tapped on element 'Object Repository/Tabung/tabungRemoveConfirmBtn'

2022-06-15 18:32:18 - [MESSAGE][WARNING] - Timeout '0' is invalid. Using default page load timeout: '40'

2022-06-15 18:32:18 - [MESSAGE][PASSED] - Tapped on element 'Object Repository/Tabung/tabungRemoveConfirmBtn'

2022-06-15 18:32:18 - [TEST_STEP][PASSED] - delay(5): Delayed 5 second(s)

2022-06-15 18:32:23 - [MESSAGE][PASSED] - Delayed 5 second(s)

2022-06-15 18:32:23 - [TEST_STEP][PASSED] - tap(findTestObject("Tabung/tabungContinueBtn"), 0): Tapped on element 'Object Repository/Tabung/tabungContinueBtn'

2022-06-15 18:32:23 - [MESSAGE][WARNING] - Timeout '0' is invalid. Using default page load timeout: '40'

2022-06-15 18:32:24 - [MESSAGE][PASSED] - Tapped on element 'Object Repository/Tabung/tabungContinueBtn'

2022-06-15 18:32:24 - [TEST_STEP][PASSED] - delay(2): Delayed 2 second(s)

2022-06-15 18:32:26 - [MESSAGE][PASSED] - Delayed 2 second(s)

2022-06-15 18:32:26 - [TEST_STEP][PASSED] - if (verifyElementVisible(findTestObject("Tabung/tabungEnterPasswordTxt"), 0, OPTIONAL)): Element 'Object Repository/Tabung/tabungEnterPasswordTxt' not found

2022-06-15 18:32:26 - [MESSAGE][WARNING] - Timeout '0' is invalid. Using default page load timeout: '40'

2022-06-15 18:33:06 - [MESSAGE][WARNING] - Element 'Object Repository/Tabung/tabungEnterPasswordTxt' not found

2022-06-15 18:33:06 - [TEST_STEP][PASSED] - delay(15): Delayed 15 second(s)

2022-06-15 18:33:21 - [MESSAGE][PASSED] - Delayed 15 second(s)

2022-06-15 18:33:21 - [TEST_STEP][PASSED] - tap(findTestObject("Tabung/tabungWithdrawFundBtn"), 0): Tapped on element 'Object Repository/Tabung/tabungWithdrawFundBtn'

2022-06-15 18:33:21 - [MESSAGE][WARNING] - Timeout '0' is invalid. Using default page load timeout: '40'

2022-06-15 18:33:21 - [MESSAGE][PASSED] - Tapped on element 'Object Repository/Tabung/tabungWithdrawFundBtn'

2022-06-15 18:33:21 - [TEST_STEP][PASSED] - delay(2): Delayed 2 second(s)

2022-06-15 18:33:23 - [MESSAGE][PASSED] - Delayed 2 second(s)

2022-06-15 18:33:23 - [TEST_STEP][PASSED] - if (verifyElementVisible(findTestObject("Object Repository/Festive Season/festiveReturnAngpaoTACNoTxt"), 10, OPTIONAL)): Element 'Object Repository/Festive Season/festiveReturnAngpaoTACNoTxt' not found

2022-06-15 18:33:33 - [MESSAGE][WARNING] - Element 'Object Repository/Festive Season/festiveReturnAngpaoTACNoTxt' not found

2022-06-15 18:33:33 - [TEST_STEP][PASSED] - else: Delayed 10 second(s)

2022-06-15 18:33:33 - [TEST_STEP][PASSED] - verifyElementVisible(findTestObject("Main/mainS2UApproveBtn"), 0): Element 'Object Repository/Main/mainS2UApproveBtn' is visible

2022-06-15 18:33:33 - [MESSAGE][WARNING] - Timeout '0' is invalid. Using default page load timeout: '40'

2022-06-15 18:33:33 - [MESSAGE][PASSED] - Element 'Object Repository/Main/mainS2UApproveBtn' is visible

2022-06-15 18:33:33 - [TEST_STEP][PASSED] - tap(findTestObject("Main/mainS2UApproveBtn"), 0): Tapped on element 'Object Repository/Main/mainS2UApproveBtn'

2022-06-15 18:33:33 - [MESSAGE][WARNING] - Timeout '0' is invalid. Using default page load timeout: '40'

2022-06-15 18:33:34 - [MESSAGE][PASSED] - Tapped on element 'Object Repository/Main/mainS2UApproveBtn'

2022-06-15 18:33:34 - [TEST_STEP][PASSED] - delay(10): Delayed 10 second(s)

2022-06-15 18:33:44 - [MESSAGE][PASSED] - Delayed 10 second(s)

2022-06-15 18:33:44 - [TEST_STEP][PASSED] - message = getText(findTestObject("Tabung/tabungRemoveSummaryTransferTxt"), 10): Text of element 'Object Repository/Tabung/tabungRemoveSummaryTransferTxt' is: 'You've successfully removed the Singapore Tabung. RM 0.01 has been transferred back into your account.'

2022-06-15 18:33:44 - [MESSAGE][PASSED] - Text of element 'Object Repository/Tabung/tabungRemoveSummaryTransferTxt' is: 'You've successfully removed the Singapore Tabung. RM 0.01 has been transferred back into your account.'

2022-06-15 18:33:44 - [TEST_STEP][PASSED] - delay(2): Delayed 2 second(s)

2022-06-15 18:33:46 - [MESSAGE][PASSED] - Delayed 2 second(s)

2022-06-15 18:33:46 - [TEST_STEP][PASSED] - verifyElementText(findTestObject("Tabung/tabungRemoveSummaryTransferTxt"), "You've successfully removed the Singapore Tabung. RM 0.01 has been transferred back into your account."): Actual text and expected text of test object 'Object Repository/Tabung/tabungRemoveSummaryTransferTxt' are matched.

2022-06-15 18:33:46 - [MESSAGE][PASSED] - Actual text and expected text of test object 'Object Repository/Tabung/tabungRemoveSummaryTransferTxt' are matched.

2022-06-15 18:33:46 - [TEST_STEP][PASSED] - takeScreenshot("/Users/a00139272/Desktop/Screenshot/removeTabung.png"): Screenshot is taken

2022-06-15 18:33:47 - [MESSAGE][PASSED] - Screenshot is taken
[[ATTACHMENT|/Users/a00139272/Desktop/Screenshot/removeTabung.png]]

2022-06-15 18:33:47 - [TEST_STEP][PASSED] - verifyElementVisible(findTestObject("Main/mainDoneBtn"), 0): Element 'Object Repository/Main/mainDoneBtn' is visible

2022-06-15 18:33:47 - [MESSAGE][WARNING] - Timeout '0' is invalid. Using default page load timeout: '40'

2022-06-15 18:33:47 - [MESSAGE][PASSED] - Element 'Object Repository/Main/mainDoneBtn' is visible

2022-06-15 18:33:47 - [TEST_STEP][PASSED] - tap(findTestObject("Main/mainDoneBtn"), 0): Tapped on element 'Object Repository/Main/mainDoneBtn'

2022-06-15 18:33:47 - [MESSAGE][WARNING] - Timeout '0' is invalid. Using default page load timeout: '40'

2022-06-15 18:33:48 - [MESSAGE][PASSED] - Tapped on element 'Object Repository/Main/mainDoneBtn'

2022-06-15 18:33:48 - [TEST_STEP][PASSED] - delay(5): Delayed 5 second(s)

2022-06-15 18:33:53 - [MESSAGE][PASSED] - Delayed 5 second(s)]]></system-out>
         <system-err><![CDATA[]]></system-err>
      </testcase>
      <system-out><![CDATA[2022-06-15 18:23:44 - [TEST_SUITE][PASSED] - Regress 2: Test Cases/Tabung/tabung_removeTabung]]></system-out>
      <system-err><![CDATA[]]></system-err>
   </testsuite>
</testsuites>
