<?xml version="1.0" encoding="UTF-8"?>
<testsuites name="Regress 1" time="1884.428" tests="13" failures="5" errors="0">
   <testsuite name="Regress 1" tests="13" failures="5" errors="0" time="1884.428" skipped="0" timestamp="2022-06-21 09:12:34" hostname="a00139272 - 192.168.0.176" id="Test Suites/Regress 1">
      <properties>
         <property name="deviceName" value="Xiaomi 21061119AG (Android 11)"/>
         <property name="devicePlatform" value=""/>
         <property name="logFolder" value="/Users/a00139272/git/MAE-BAU-MY/Reports/20220621_091224/Regress 1/20220621_091224"/>
         <property name="logFiles" value="/Users/a00139272/git/MAE-BAU-MY/Reports/20220621_091224/Regress 1/20220621_091224/execution0.log, /Users/a00139272/git/MAE-BAU-MY/Reports/20220621_091224/Regress 1/20220621_091224/appium.log"/>
         <property name="attachments" value="/Users/a00139272/Desktop/Screenshot/Onboard.png, /Users/a00139272/Desktop/Screenshot/s2u.png, /Users/a00139272/Desktop/Screenshot/payBillsInstant.png, /Users/a00139272/Desktop/Screenshot/payBillsSchedule.png, /Users/a00139272/Desktop/Screenshot/payBillsAddFav.png, /Users/a00139272/Desktop/Screenshot/payBillsFav.png, /Users/a00139272/Desktop/Screenshot/jomPayInstant.png, /Users/a00139272/Desktop/Screenshot/jomPaySchedule.png, /Users/a00139272/Desktop/Screenshot/jomPayAddFav.png, /Users/a00139272/Desktop/Screenshot/jomPayFav.png, /Users/a00139272/Desktop/Screenshot/zakatInstant.png, /Users/a00139272/Desktop/Screenshot/zakatAddFav.png, /Users/a00139272/Desktop/Screenshot/zakatFav.png"/>
         <property name="hostName" value="a00139272 - 192.168.0.176"/>
         <property name="os" value="Mac OS X 64bit"/>
         <property name="appiumServerStatus" value="{&quot;value&quot;:{&quot;build&quot;:{&quot;version&quot;:&quot;1.22.1&quot;}},&quot;sessionId&quot;:null,&quot;status&quot;:0}"/>
         <property name="katalonVersion" value="8.3.5.208"/>
         <property name="deviceOS" value="Android"/>
         <property name="appiumVersion" value="1.22.1"/>
         <property name="deviceModel" value="21061119AG"/>
         <property name="hostAddress" value="192.168.0.176"/>
         <property name="deviceManufacturer" value="Xiaomi"/>
         <property name="deviceId" value="002b9cc60508"/>
         <property name="deviceName" value="Xiaomi 21061119AG (Android 11)"/>
         <property name="deviceOSVersion" value="11"/>
      </properties>
      <testcase name="Test Cases/Login Onboard/onboard_onboardIntoMAE" time="214.996" classname="Test Cases/Login Onboard/onboard_onboardIntoMAE" status="PASSED">
         <system-out><![CDATA[2022-06-21 09:12:35 - [TEST_CASE][PASSED] - Test Cases/Login Onboard/onboard_onboardIntoMAE: Test Cases/Login Onboard/onboard_onboardIntoMAE

2022-06-21 09:12:35 - [TEST_STEP][PASSED] - setMobileDriverPreferencesProperty("appPackage", "com.maybank2u.life.sit"): null

2022-06-21 09:12:35 - [TEST_STEP][PASSED] - setMobileDriverPreferencesProperty("appActivity", "com.maybank2u.life.MainActivity"): null

2022-06-21 09:12:35 - [TEST_STEP][PASSED] - startApplication(appPath, false): Started app at: '/Users/a00139272/Katalon Studio/MAE/androidapp/app-dev-universal-release (1).apk'

2022-06-21 09:12:35 - [MESSAGE][INFO] - User set preference: ['appWaitActivity', '*']

2022-06-21 09:12:35 - [MESSAGE][INFO] - User set preference: ['deviceId', '002b9cc60508']

2022-06-21 09:12:35 - [MESSAGE][INFO] - User set preference: ['appPackage', 'com.maybank2u.life.sit']

2022-06-21 09:12:35 - [MESSAGE][INFO] - User set preference: ['appActivity', 'com.maybank2u.life.MainActivity']

2022-06-21 09:12:35 - [MESSAGE][INFO] - Detected NodeJS location: "/usr/local/Cellar/node/17.0.1/bin/node"

2022-06-21 09:12:36 - [MESSAGE][INFO] - Appium server started on port 50,021

2022-06-21 09:12:49 - [MESSAGE][PASSED] - Started app at: '/Users/a00139272/Katalon Studio/MAE/androidapp/app-dev-universal-release (1).apk'

2022-06-21 09:12:49 - [TEST_STEP][PASSED] - if (verifyElementVisible(findTestObject("Login Onboarding/onboardWelcomeSkipBtn"), 0, OPTIONAL)): null

2022-06-21 09:12:49 - [MESSAGE][WARNING] - Timeout '0' is invalid. Using default page load timeout: '40'

2022-06-21 09:12:54 - [MESSAGE][PASSED] - Element 'Object Repository/Login Onboarding/onboardWelcomeSkipBtn' is visible

2022-06-21 09:12:54 - [TEST_STEP][PASSED] - waitForElementPresent(findTestObject("Login Onboarding/onboardWelcomeSkipBtn"), 3000): Element 'Object Repository/Login Onboarding/onboardWelcomeSkipBtn' is present

2022-06-21 09:12:54 - [MESSAGE][PASSED] - Element 'Object Repository/Login Onboarding/onboardWelcomeSkipBtn' is present

2022-06-21 09:12:54 - [TEST_STEP][PASSED] - tap(findTestObject("Login Onboarding/onboardWelcomeSkipBtn"), 0): Tapped on element 'Object Repository/Login Onboarding/onboardWelcomeSkipBtn'

2022-06-21 09:12:54 - [MESSAGE][WARNING] - Timeout '0' is invalid. Using default page load timeout: '40'

2022-06-21 09:12:54 - [MESSAGE][PASSED] - Tapped on element 'Object Repository/Login Onboarding/onboardWelcomeSkipBtn'

2022-06-21 09:12:54 - [TEST_STEP][PASSED] - tap(findTestObject("Login Onboarding/onboardTNCAgreeBtn"), 0): Tapped on element 'Object Repository/Login Onboarding/onboardTNCAgreeBtn'

2022-06-21 09:12:54 - [MESSAGE][WARNING] - Timeout '0' is invalid. Using default page load timeout: '40'

2022-06-21 09:12:55 - [MESSAGE][PASSED] - Tapped on element 'Object Repository/Login Onboarding/onboardTNCAgreeBtn'

2022-06-21 09:12:55 - [TEST_STEP][PASSED] - tap(findTestObject("Dashboard/dashboardSetUpWalletIcon"), 0): Tapped on element 'Object Repository/Dashboard/dashboardSetUpWalletIcon'

2022-06-21 09:12:55 - [MESSAGE][WARNING] - Timeout '0' is invalid. Using default page load timeout: '40'

2022-06-21 09:13:12 - [MESSAGE][PASSED] - Tapped on element 'Object Repository/Dashboard/dashboardSetUpWalletIcon'

2022-06-21 09:13:12 - [TEST_STEP][PASSED] - tap(findTestObject("Login Onboarding/getStartedExistingUserBtn"), 0): Tapped on element 'Object Repository/Login Onboarding/getStartedExistingUserBtn'

2022-06-21 09:13:12 - [MESSAGE][WARNING] - Timeout '0' is invalid. Using default page load timeout: '40'

2022-06-21 09:13:14 - [MESSAGE][PASSED] - Tapped on element 'Object Repository/Login Onboarding/getStartedExistingUserBtn'

2022-06-21 09:13:14 - [TEST_STEP][PASSED] - setText(findTestObject("Login Onboarding/loginExistingUsernameInputField"), Username, 0): Text 'kachu89' has been set to element 'Object Repository/Login Onboarding/loginExistingUsernameInputField'

2022-06-21 09:13:14 - [MESSAGE][WARNING] - Timeout '0' is invalid. Using default page load timeout: '40'

2022-06-21 09:13:17 - [MESSAGE][PASSED] - Text 'kachu89' has been set to element 'Object Repository/Login Onboarding/loginExistingUsernameInputField'

2022-06-21 09:13:17 - [TEST_STEP][PASSED] - hideKeyboard(): Keyboard is hidden

2022-06-21 09:13:19 - [MESSAGE][PASSED] - Keyboard is hidden

2022-06-21 09:13:19 - [TEST_STEP][PASSED] - tap(findTestObject("Login Onboarding/loginExistingContinueBtn"), 0): Tapped on element 'Object Repository/Login Onboarding/loginExistingContinueBtn'

2022-06-21 09:13:19 - [MESSAGE][WARNING] - Timeout '0' is invalid. Using default page load timeout: '40'

2022-06-21 09:13:19 - [MESSAGE][PASSED] - Tapped on element 'Object Repository/Login Onboarding/loginExistingContinueBtn'

2022-06-21 09:13:19 - [TEST_STEP][PASSED] - waitForElementPresent(findTestObject("Login Onboarding/loginExistingMineConfirmationBtn"), 50): Element 'Object Repository/Login Onboarding/loginExistingMineConfirmationBtn' is present

2022-06-21 09:13:22 - [MESSAGE][PASSED] - Element 'Object Repository/Login Onboarding/loginExistingMineConfirmationBtn' is present

2022-06-21 09:13:22 - [TEST_STEP][PASSED] - tap(findTestObject("Login Onboarding/loginExistingMineConfirmationBtn"), 0): Tapped on element 'Object Repository/Login Onboarding/loginExistingMineConfirmationBtn'

2022-06-21 09:13:22 - [MESSAGE][WARNING] - Timeout '0' is invalid. Using default page load timeout: '40'

2022-06-21 09:13:22 - [MESSAGE][PASSED] - Tapped on element 'Object Repository/Login Onboarding/loginExistingMineConfirmationBtn'

2022-06-21 09:13:22 - [TEST_STEP][PASSED] - setText(findTestObject("Login Onboarding/loginPasswordInputField"), Password, 0): Text 'pass1234' has been set to element 'Object Repository/Login Onboarding/loginPasswordInputField'

2022-06-21 09:13:22 - [MESSAGE][WARNING] - Timeout '0' is invalid. Using default page load timeout: '40'

2022-06-21 09:13:25 - [MESSAGE][PASSED] - Text 'pass1234' has been set to element 'Object Repository/Login Onboarding/loginPasswordInputField'

2022-06-21 09:13:25 - [TEST_STEP][PASSED] - hideKeyboard(): Keyboard is hidden

2022-06-21 09:13:30 - [MESSAGE][PASSED] - Keyboard is hidden

2022-06-21 09:13:30 - [TEST_STEP][PASSED] - tap(findTestObject("Login Onboarding/loginExistingContinueBtn"), 0): Tapped on element 'Object Repository/Login Onboarding/loginExistingContinueBtn'

2022-06-21 09:13:30 - [MESSAGE][WARNING] - Timeout '0' is invalid. Using default page load timeout: '40'

2022-06-21 09:13:30 - [MESSAGE][PASSED] - Tapped on element 'Object Repository/Login Onboarding/loginExistingContinueBtn'

2022-06-21 09:13:30 - [TEST_STEP][PASSED] - if (verifyElementVisible(findTestObject("Login Onboarding/Proceed"), 3, OPTIONAL)): Element 'Object Repository/Login Onboarding/Proceed' not found

2022-06-21 09:13:33 - [MESSAGE][WARNING] - Element 'Object Repository/Login Onboarding/Proceed' not found

2022-06-21 09:13:33 - [TEST_STEP][PASSED] - else: null

2022-06-21 09:13:33 - [TEST_STEP][PASSED] - tap(findTestObject("Login Onboarding/PIN1"), 0): Tapped on element 'Object Repository/Login Onboarding/PIN1'

2022-06-21 09:13:33 - [MESSAGE][WARNING] - Timeout '0' is invalid. Using default page load timeout: '40'

2022-06-21 09:14:13 - [MESSAGE][PASSED] - Tapped on element 'Object Repository/Login Onboarding/PIN1'

2022-06-21 09:14:13 - [TEST_STEP][PASSED] - tap(findTestObject("Login Onboarding/PIN1"), 0): Tapped on element 'Object Repository/Login Onboarding/PIN1'

2022-06-21 09:14:13 - [MESSAGE][WARNING] - Timeout '0' is invalid. Using default page load timeout: '40'

2022-06-21 09:14:15 - [MESSAGE][PASSED] - Tapped on element 'Object Repository/Login Onboarding/PIN1'

2022-06-21 09:14:15 - [TEST_STEP][PASSED] - tap(findTestObject("Login Onboarding/PIN1"), 0): Tapped on element 'Object Repository/Login Onboarding/PIN1'

2022-06-21 09:14:15 - [MESSAGE][WARNING] - Timeout '0' is invalid. Using default page load timeout: '40'

2022-06-21 09:14:17 - [MESSAGE][PASSED] - Tapped on element 'Object Repository/Login Onboarding/PIN1'

2022-06-21 09:14:17 - [TEST_STEP][PASSED] - tap(findTestObject("Login Onboarding/PIN1"), 0): Tapped on element 'Object Repository/Login Onboarding/PIN1'

2022-06-21 09:14:17 - [MESSAGE][WARNING] - Timeout '0' is invalid. Using default page load timeout: '40'

2022-06-21 09:14:19 - [MESSAGE][PASSED] - Tapped on element 'Object Repository/Login Onboarding/PIN1'

2022-06-21 09:14:19 - [TEST_STEP][PASSED] - tap(findTestObject("Login Onboarding/PIN1"), 0): Tapped on element 'Object Repository/Login Onboarding/PIN1'

2022-06-21 09:14:19 - [MESSAGE][WARNING] - Timeout '0' is invalid. Using default page load timeout: '40'

2022-06-21 09:14:21 - [MESSAGE][PASSED] - Tapped on element 'Object Repository/Login Onboarding/PIN1'

2022-06-21 09:14:21 - [TEST_STEP][PASSED] - tap(findTestObject("Login Onboarding/PIN2"), 0): Tapped on element 'Object Repository/Login Onboarding/PIN2'

2022-06-21 09:14:21 - [MESSAGE][WARNING] - Timeout '0' is invalid. Using default page load timeout: '40'

2022-06-21 09:14:23 - [MESSAGE][PASSED] - Tapped on element 'Object Repository/Login Onboarding/PIN2'

2022-06-21 09:14:23 - [TEST_STEP][PASSED] - tap(findTestObject("Login Onboarding/loginPinTickBtn"), 0): Tapped on element 'Object Repository/Login Onboarding/loginPinTickBtn'

2022-06-21 09:14:23 - [MESSAGE][WARNING] - Timeout '0' is invalid. Using default page load timeout: '40'

2022-06-21 09:14:25 - [MESSAGE][PASSED] - Tapped on element 'Object Repository/Login Onboarding/loginPinTickBtn'

2022-06-21 09:14:25 - [TEST_STEP][PASSED] - delay(2): Delayed 2 second(s)

2022-06-21 09:14:27 - [MESSAGE][PASSED] - Delayed 2 second(s)

2022-06-21 09:14:27 - [TEST_STEP][PASSED] - tap(findTestObject("Login Onboarding/PIN1"), 0): Tapped on element 'Object Repository/Login Onboarding/PIN1'

2022-06-21 09:14:27 - [MESSAGE][WARNING] - Timeout '0' is invalid. Using default page load timeout: '40'

2022-06-21 09:14:27 - [MESSAGE][PASSED] - Tapped on element 'Object Repository/Login Onboarding/PIN1'

2022-06-21 09:14:27 - [TEST_STEP][PASSED] - tap(findTestObject("Login Onboarding/PIN1"), 0): Tapped on element 'Object Repository/Login Onboarding/PIN1'

2022-06-21 09:14:27 - [MESSAGE][WARNING] - Timeout '0' is invalid. Using default page load timeout: '40'

2022-06-21 09:14:29 - [MESSAGE][PASSED] - Tapped on element 'Object Repository/Login Onboarding/PIN1'

2022-06-21 09:14:29 - [TEST_STEP][PASSED] - tap(findTestObject("Login Onboarding/PIN1"), 0): Tapped on element 'Object Repository/Login Onboarding/PIN1'

2022-06-21 09:14:29 - [MESSAGE][WARNING] - Timeout '0' is invalid. Using default page load timeout: '40'

2022-06-21 09:14:31 - [MESSAGE][PASSED] - Tapped on element 'Object Repository/Login Onboarding/PIN1'

2022-06-21 09:14:31 - [TEST_STEP][PASSED] - tap(findTestObject("Login Onboarding/PIN1"), 0): Tapped on element 'Object Repository/Login Onboarding/PIN1'

2022-06-21 09:14:31 - [MESSAGE][WARNING] - Timeout '0' is invalid. Using default page load timeout: '40'

2022-06-21 09:14:33 - [MESSAGE][PASSED] - Tapped on element 'Object Repository/Login Onboarding/PIN1'

2022-06-21 09:14:33 - [TEST_STEP][PASSED] - tap(findTestObject("Login Onboarding/PIN1"), 0): Tapped on element 'Object Repository/Login Onboarding/PIN1'

2022-06-21 09:14:33 - [MESSAGE][WARNING] - Timeout '0' is invalid. Using default page load timeout: '40'

2022-06-21 09:14:35 - [MESSAGE][PASSED] - Tapped on element 'Object Repository/Login Onboarding/PIN1'

2022-06-21 09:14:35 - [TEST_STEP][PASSED] - tap(findTestObject("Login Onboarding/PIN2"), 0): Tapped on element 'Object Repository/Login Onboarding/PIN2'

2022-06-21 09:14:35 - [MESSAGE][WARNING] - Timeout '0' is invalid. Using default page load timeout: '40'

2022-06-21 09:14:37 - [MESSAGE][PASSED] - Tapped on element 'Object Repository/Login Onboarding/PIN2'

2022-06-21 09:14:37 - [TEST_STEP][PASSED] - delay(2): Delayed 2 second(s)

2022-06-21 09:14:39 - [MESSAGE][PASSED] - Delayed 2 second(s)

2022-06-21 09:14:39 - [TEST_STEP][PASSED] - tap(findTestObject("Login Onboarding/loginPinTickBtn"), 0): Tapped on element 'Object Repository/Login Onboarding/loginPinTickBtn'

2022-06-21 09:14:39 - [MESSAGE][WARNING] - Timeout '0' is invalid. Using default page load timeout: '40'

2022-06-21 09:14:39 - [MESSAGE][PASSED] - Tapped on element 'Object Repository/Login Onboarding/loginPinTickBtn'

2022-06-21 09:14:39 - [TEST_STEP][PASSED] - tap(findTestObject("Login Onboarding/loginTouchIDSetUpLaterBtn"), 0): Tapped on element 'Object Repository/Login Onboarding/loginTouchIDSetUpLaterBtn'

2022-06-21 09:14:39 - [MESSAGE][WARNING] - Timeout '0' is invalid. Using default page load timeout: '40'

2022-06-21 09:14:41 - [MESSAGE][PASSED] - Tapped on element 'Object Repository/Login Onboarding/loginTouchIDSetUpLaterBtn'

2022-06-21 09:14:41 - [TEST_STEP][PASSED] - tap(findTestObject("Login Onboarding/loginVerifyNumberYesProceedBtn"), 0): Tapped on element 'Object Repository/Login Onboarding/loginVerifyNumberYesProceedBtn'

2022-06-21 09:14:41 - [MESSAGE][WARNING] - Timeout '0' is invalid. Using default page load timeout: '40'

2022-06-21 09:14:42 - [MESSAGE][PASSED] - Tapped on element 'Object Repository/Login Onboarding/loginVerifyNumberYesProceedBtn'

2022-06-21 09:14:42 - [TEST_STEP][PASSED] - OTP = getText(findTestObject("Login Onboarding/secureGetOTPTxt"), 0): Text of element 'Object Repository/Login Onboarding/secureGetOTPTxt' is: 'Your OTP no. is 677637'

2022-06-21 09:14:42 - [MESSAGE][WARNING] - Timeout '0' is invalid. Using default page load timeout: '40'

2022-06-21 09:14:52 - [MESSAGE][PASSED] - Text of element 'Object Repository/Login Onboarding/secureGetOTPTxt' is: 'Your OTP no. is 677637'

2022-06-21 09:14:52 - [TEST_STEP][PASSED] - for ([i = 16, i <= 21, (i++)]): null

2022-06-21 09:14:52 - [TEST_STEP][PASSED] - if (OTP[i] == "0"): null

2022-06-21 09:14:52 - [TEST_STEP][PASSED] - if (OTP[i] == "1"): null

2022-06-21 09:14:52 - [TEST_STEP][PASSED] - if (OTP[i] == "2"): null

2022-06-21 09:14:52 - [TEST_STEP][PASSED] - if (OTP[i] == "3"): null

2022-06-21 09:14:52 - [TEST_STEP][PASSED] - if (OTP[i] == "4"): null

2022-06-21 09:14:52 - [TEST_STEP][PASSED] - if (OTP[i] == "5"): null

2022-06-21 09:14:52 - [TEST_STEP][PASSED] - if (OTP[i] == "6"): Tapped on element 'Object Repository/Login Onboarding/PIN6'

2022-06-21 09:14:52 - [TEST_STEP][PASSED] - tap(findTestObject("Login Onboarding/PIN6"), 0): Tapped on element 'Object Repository/Login Onboarding/PIN6'

2022-06-21 09:14:52 - [MESSAGE][WARNING] - Timeout '0' is invalid. Using default page load timeout: '40'

2022-06-21 09:14:52 - [MESSAGE][PASSED] - Tapped on element 'Object Repository/Login Onboarding/PIN6'

2022-06-21 09:14:52 - [TEST_STEP][PASSED] - if (OTP[i] == "7"): null

2022-06-21 09:14:52 - [TEST_STEP][PASSED] - if (OTP[i] == "8"): null

2022-06-21 09:14:52 - [TEST_STEP][PASSED] - if (OTP[i] == "9"): null

2022-06-21 09:14:52 - [TEST_STEP][PASSED] - if (OTP[i] == "0"): null

2022-06-21 09:14:52 - [TEST_STEP][PASSED] - if (OTP[i] == "1"): null

2022-06-21 09:14:52 - [TEST_STEP][PASSED] - if (OTP[i] == "2"): null

2022-06-21 09:14:52 - [TEST_STEP][PASSED] - if (OTP[i] == "3"): null

2022-06-21 09:14:52 - [TEST_STEP][PASSED] - if (OTP[i] == "4"): null

2022-06-21 09:14:52 - [TEST_STEP][PASSED] - if (OTP[i] == "5"): null

2022-06-21 09:14:52 - [TEST_STEP][PASSED] - if (OTP[i] == "6"): null

2022-06-21 09:14:52 - [TEST_STEP][PASSED] - if (OTP[i] == "7"): Tapped on element 'Object Repository/Login Onboarding/PIN7'

2022-06-21 09:14:52 - [TEST_STEP][PASSED] - tap(findTestObject("Login Onboarding/PIN7"), 0): Tapped on element 'Object Repository/Login Onboarding/PIN7'

2022-06-21 09:14:52 - [MESSAGE][WARNING] - Timeout '0' is invalid. Using default page load timeout: '40'

2022-06-21 09:14:54 - [MESSAGE][PASSED] - Tapped on element 'Object Repository/Login Onboarding/PIN7'

2022-06-21 09:14:54 - [TEST_STEP][PASSED] - if (OTP[i] == "8"): null

2022-06-21 09:14:54 - [TEST_STEP][PASSED] - if (OTP[i] == "9"): null

2022-06-21 09:14:54 - [TEST_STEP][PASSED] - if (OTP[i] == "0"): null

2022-06-21 09:14:54 - [TEST_STEP][PASSED] - if (OTP[i] == "1"): null

2022-06-21 09:14:54 - [TEST_STEP][PASSED] - if (OTP[i] == "2"): null

2022-06-21 09:14:54 - [TEST_STEP][PASSED] - if (OTP[i] == "3"): null

2022-06-21 09:14:54 - [TEST_STEP][PASSED] - if (OTP[i] == "4"): null

2022-06-21 09:14:54 - [TEST_STEP][PASSED] - if (OTP[i] == "5"): null

2022-06-21 09:14:54 - [TEST_STEP][PASSED] - if (OTP[i] == "6"): null

2022-06-21 09:14:54 - [TEST_STEP][PASSED] - if (OTP[i] == "7"): Tapped on element 'Object Repository/Login Onboarding/PIN7'

2022-06-21 09:14:54 - [TEST_STEP][PASSED] - tap(findTestObject("Login Onboarding/PIN7"), 0): Tapped on element 'Object Repository/Login Onboarding/PIN7'

2022-06-21 09:14:54 - [MESSAGE][WARNING] - Timeout '0' is invalid. Using default page load timeout: '40'

2022-06-21 09:14:56 - [MESSAGE][PASSED] - Tapped on element 'Object Repository/Login Onboarding/PIN7'

2022-06-21 09:14:56 - [TEST_STEP][PASSED] - if (OTP[i] == "8"): null

2022-06-21 09:14:56 - [TEST_STEP][PASSED] - if (OTP[i] == "9"): null

2022-06-21 09:14:56 - [TEST_STEP][PASSED] - if (OTP[i] == "0"): null

2022-06-21 09:14:56 - [TEST_STEP][PASSED] - if (OTP[i] == "1"): null

2022-06-21 09:14:56 - [TEST_STEP][PASSED] - if (OTP[i] == "2"): null

2022-06-21 09:14:56 - [TEST_STEP][PASSED] - if (OTP[i] == "3"): null

2022-06-21 09:14:56 - [TEST_STEP][PASSED] - if (OTP[i] == "4"): null

2022-06-21 09:14:56 - [TEST_STEP][PASSED] - if (OTP[i] == "5"): null

2022-06-21 09:14:56 - [TEST_STEP][PASSED] - if (OTP[i] == "6"): Tapped on element 'Object Repository/Login Onboarding/PIN6'

2022-06-21 09:14:56 - [TEST_STEP][PASSED] - tap(findTestObject("Login Onboarding/PIN6"), 0): Tapped on element 'Object Repository/Login Onboarding/PIN6'

2022-06-21 09:14:56 - [MESSAGE][WARNING] - Timeout '0' is invalid. Using default page load timeout: '40'

2022-06-21 09:14:58 - [MESSAGE][PASSED] - Tapped on element 'Object Repository/Login Onboarding/PIN6'

2022-06-21 09:14:58 - [TEST_STEP][PASSED] - if (OTP[i] == "7"): null

2022-06-21 09:14:58 - [TEST_STEP][PASSED] - if (OTP[i] == "8"): null

2022-06-21 09:14:58 - [TEST_STEP][PASSED] - if (OTP[i] == "9"): null

2022-06-21 09:14:58 - [TEST_STEP][PASSED] - if (OTP[i] == "0"): null

2022-06-21 09:14:58 - [TEST_STEP][PASSED] - if (OTP[i] == "1"): null

2022-06-21 09:14:58 - [TEST_STEP][PASSED] - if (OTP[i] == "2"): null

2022-06-21 09:14:58 - [TEST_STEP][PASSED] - if (OTP[i] == "3"): Tapped on element 'Object Repository/Login Onboarding/PIN3'

2022-06-21 09:14:58 - [TEST_STEP][PASSED] - tap(findTestObject("Login Onboarding/PIN3"), 0): Tapped on element 'Object Repository/Login Onboarding/PIN3'

2022-06-21 09:14:58 - [MESSAGE][WARNING] - Timeout '0' is invalid. Using default page load timeout: '40'

2022-06-21 09:15:00 - [MESSAGE][PASSED] - Tapped on element 'Object Repository/Login Onboarding/PIN3'

2022-06-21 09:15:00 - [TEST_STEP][PASSED] - if (OTP[i] == "4"): null

2022-06-21 09:15:00 - [TEST_STEP][PASSED] - if (OTP[i] == "5"): null

2022-06-21 09:15:00 - [TEST_STEP][PASSED] - if (OTP[i] == "6"): null

2022-06-21 09:15:00 - [TEST_STEP][PASSED] - if (OTP[i] == "7"): null

2022-06-21 09:15:00 - [TEST_STEP][PASSED] - if (OTP[i] == "8"): null

2022-06-21 09:15:00 - [TEST_STEP][PASSED] - if (OTP[i] == "9"): null

2022-06-21 09:15:00 - [TEST_STEP][PASSED] - if (OTP[i] == "0"): null

2022-06-21 09:15:00 - [TEST_STEP][PASSED] - if (OTP[i] == "1"): null

2022-06-21 09:15:00 - [TEST_STEP][PASSED] - if (OTP[i] == "2"): null

2022-06-21 09:15:00 - [TEST_STEP][PASSED] - if (OTP[i] == "3"): null

2022-06-21 09:15:00 - [TEST_STEP][PASSED] - if (OTP[i] == "4"): null

2022-06-21 09:15:00 - [TEST_STEP][PASSED] - if (OTP[i] == "5"): null

2022-06-21 09:15:00 - [TEST_STEP][PASSED] - if (OTP[i] == "6"): null

2022-06-21 09:15:00 - [TEST_STEP][PASSED] - if (OTP[i] == "7"): Tapped on element 'Object Repository/Login Onboarding/PIN7'

2022-06-21 09:15:00 - [TEST_STEP][PASSED] - tap(findTestObject("Login Onboarding/PIN7"), 0): Tapped on element 'Object Repository/Login Onboarding/PIN7'

2022-06-21 09:15:00 - [MESSAGE][WARNING] - Timeout '0' is invalid. Using default page load timeout: '40'

2022-06-21 09:15:02 - [MESSAGE][PASSED] - Tapped on element 'Object Repository/Login Onboarding/PIN7'

2022-06-21 09:15:02 - [TEST_STEP][PASSED] - if (OTP[i] == "8"): null

2022-06-21 09:15:02 - [TEST_STEP][PASSED] - if (OTP[i] == "9"): null

2022-06-21 09:15:02 - [TEST_STEP][PASSED] - delay(3): Delayed 3 second(s)

2022-06-21 09:15:05 - [MESSAGE][PASSED] - Delayed 3 second(s)

2022-06-21 09:15:05 - [TEST_STEP][PASSED] - tap(findTestObject("Login Onboarding/TickOTP"), 0): Tapped on element 'Object Repository/Login Onboarding/TickOTP'

2022-06-21 09:15:05 - [MESSAGE][WARNING] - Timeout '0' is invalid. Using default page load timeout: '40'

2022-06-21 09:15:06 - [MESSAGE][PASSED] - Tapped on element 'Object Repository/Login Onboarding/TickOTP'

2022-06-21 09:15:06 - [TEST_STEP][PASSED] - waitForElementPresent(findTestObject("Login Onboarding/onboardNameInputField"), 30): Element 'Object Repository/Login Onboarding/onboardNameInputField' is present

2022-06-21 09:15:33 - [MESSAGE][PASSED] - Element 'Object Repository/Login Onboarding/onboardNameInputField' is present

2022-06-21 09:15:33 - [TEST_STEP][PASSED] - setText(findTestObject("Login Onboarding/onboardNameInputField"), "kachu", 0): Text 'kachu' has been set to element 'Object Repository/Login Onboarding/onboardNameInputField'

2022-06-21 09:15:33 - [MESSAGE][WARNING] - Timeout '0' is invalid. Using default page load timeout: '40'

2022-06-21 09:15:34 - [MESSAGE][PASSED] - Text 'kachu' has been set to element 'Object Repository/Login Onboarding/onboardNameInputField'

2022-06-21 09:15:34 - [TEST_STEP][PASSED] - hideKeyboard(): Keyboard is hidden

2022-06-21 09:15:35 - [MESSAGE][PASSED] - Keyboard is hidden

2022-06-21 09:15:35 - [TEST_STEP][PASSED] - delay(2): Delayed 2 second(s)

2022-06-21 09:15:37 - [MESSAGE][PASSED] - Delayed 2 second(s)

2022-06-21 09:15:37 - [TEST_STEP][PASSED] - tap(findTestObject("Login Onboarding/loginExistingContinueBtn"), 0): Tapped on element 'Object Repository/Login Onboarding/loginExistingContinueBtn'

2022-06-21 09:15:37 - [MESSAGE][WARNING] - Timeout '0' is invalid. Using default page load timeout: '40'

2022-06-21 09:15:38 - [MESSAGE][PASSED] - Tapped on element 'Object Repository/Login Onboarding/loginExistingContinueBtn'

2022-06-21 09:15:38 - [TEST_STEP][PASSED] - delay(2): Delayed 2 second(s)

2022-06-21 09:15:40 - [MESSAGE][PASSED] - Delayed 2 second(s)

2022-06-21 09:15:40 - [TEST_STEP][PASSED] - driver = getDriver(): null

2022-06-21 09:15:40 - [TEST_STEP][PASSED] - tap(findTestObject("Login Onboarding/loginExistingContinueBtn"), 0): Tapped on element 'Object Repository/Login Onboarding/loginExistingContinueBtn'

2022-06-21 09:15:40 - [MESSAGE][WARNING] - Timeout '0' is invalid. Using default page load timeout: '40'

2022-06-21 09:15:43 - [MESSAGE][PASSED] - Tapped on element 'Object Repository/Login Onboarding/loginExistingContinueBtn'

2022-06-21 09:15:43 - [TEST_STEP][PASSED] - tap(findTestObject("Login Onboarding/onboardReferSkipBtn"), 0): Tapped on element 'Object Repository/Login Onboarding/onboardReferSkipBtn'

2022-06-21 09:15:43 - [MESSAGE][WARNING] - Timeout '0' is invalid. Using default page load timeout: '40'

2022-06-21 09:16:01 - [MESSAGE][PASSED] - Tapped on element 'Object Repository/Login Onboarding/onboardReferSkipBtn'

2022-06-21 09:16:01 - [TEST_STEP][PASSED] - delay(2): Delayed 2 second(s)

2022-06-21 09:16:03 - [MESSAGE][PASSED] - Delayed 2 second(s)

2022-06-21 09:16:03 - [TEST_STEP][PASSED] - takeScreenshot("/Users/a00139272/Desktop/Screenshot/Onboard.png"): Screenshot is taken

2022-06-21 09:16:04 - [MESSAGE][PASSED] - Screenshot is taken
[[ATTACHMENT|/Users/a00139272/Desktop/Screenshot/Onboard.png]]

2022-06-21 09:16:04 - [TEST_STEP][PASSED] - tap(findTestObject("Main/mainDoneBtn"), 0): Tapped on element 'Object Repository/Main/mainDoneBtn'

2022-06-21 09:16:04 - [MESSAGE][WARNING] - Timeout '0' is invalid. Using default page load timeout: '40'

2022-06-21 09:16:05 - [MESSAGE][PASSED] - Tapped on element 'Object Repository/Main/mainDoneBtn'

2022-06-21 09:16:05 - [TEST_STEP][PASSED] - delay(5): Delayed 5 second(s)

2022-06-21 09:16:10 - [MESSAGE][PASSED] - Delayed 5 second(s)]]></system-out>
         <system-err><![CDATA[]]></system-err>
      </testcase>
      <testcase name="Test Cases/Settings/settings_secure2uRegistration" time="103.631" classname="Test Cases/Settings/settings_secure2uRegistration" status="PASSED">
         <system-out><![CDATA[2022-06-21 09:16:10 - [TEST_CASE][PASSED] - Test Cases/Settings/settings_secure2uRegistration: Test Cases/Settings/settings_secure2uRegistration

2022-06-21 09:16:10 - [TEST_STEP][PASSED] - setMobileDriverPreferencesProperty("appPackage", "com.maybank2u.life.sit"): null

2022-06-21 09:16:10 - [TEST_STEP][PASSED] - setMobileDriverPreferencesProperty("appActivity", "com.maybank2u.life.MainActivity"): null

2022-06-21 09:16:10 - [TEST_STEP][PASSED] - startApplication(appPath, false): Started app at: '/Users/a00139272/Katalon Studio/MAE/androidapp/app-dev-universal-release (1).apk'

2022-06-21 09:16:10 - [MESSAGE][INFO] - User set preference: ['appWaitActivity', '*']

2022-06-21 09:16:10 - [MESSAGE][INFO] - User set preference: ['deviceId', '002b9cc60508']

2022-06-21 09:16:10 - [MESSAGE][INFO] - User set preference: ['appPackage', 'com.maybank2u.life.sit']

2022-06-21 09:16:10 - [MESSAGE][INFO] - User set preference: ['appActivity', 'com.maybank2u.life.MainActivity']

2022-06-21 09:16:18 - [MESSAGE][PASSED] - Started app at: '/Users/a00139272/Katalon Studio/MAE/androidapp/app-dev-universal-release (1).apk'

2022-06-21 09:16:18 - [TEST_STEP][PASSED] - delay(3): Delayed 3 second(s)

2022-06-21 09:16:21 - [MESSAGE][PASSED] - Delayed 3 second(s)

2022-06-21 09:16:21 - [TEST_STEP][PASSED] - device_Height = getDeviceHeight(): Current device physical height is 2167

2022-06-21 09:16:22 - [MESSAGE][PASSED] - Current device physical height is 2167

2022-06-21 09:16:22 - [TEST_STEP][PASSED] - device_Width = getDeviceWidth(): Current device physical width is 1080

2022-06-21 09:16:22 - [MESSAGE][PASSED] - Current device physical width is 1080

2022-06-21 09:16:22 - [TEST_STEP][PASSED] - startX = device_Width / 1.25: null

2022-06-21 09:16:22 - [TEST_STEP][PASSED] - startY = device_Height * 0.97: null

2022-06-21 09:16:22 - [TEST_STEP][PASSED] - tapAtPosition(startX, startY): Tapped at [864, 2,101]

2022-06-21 09:16:24 - [MESSAGE][PASSED] - Tapped at [864, 2,101]

2022-06-21 09:16:24 - [TEST_STEP][PASSED] - tap(findTestObject("Main/mainSettingsBtn"), 0): Tapped on element 'Object Repository/Main/mainSettingsBtn'

2022-06-21 09:16:24 - [MESSAGE][WARNING] - Timeout '0' is invalid. Using default page load timeout: '40'

2022-06-21 09:16:25 - [MESSAGE][PASSED] - Tapped on element 'Object Repository/Main/mainSettingsBtn'

2022-06-21 09:16:25 - [TEST_STEP][PASSED] - tap(findTestObject("Settings/settingsMaybank2UBtn"), 0): Tapped on element 'Object Repository/Settings/settingsMaybank2UBtn'

2022-06-21 09:16:25 - [MESSAGE][WARNING] - Timeout '0' is invalid. Using default page load timeout: '40'

2022-06-21 09:16:27 - [MESSAGE][PASSED] - Tapped on element 'Object Repository/Settings/settingsMaybank2UBtn'

2022-06-21 09:16:27 - [TEST_STEP][PASSED] - if (verifyElementVisible(findTestObject("Login Onboarding/loginEnterPasswordMessage"), 0, OPTIONAL)): null

2022-06-21 09:16:27 - [MESSAGE][WARNING] - Timeout '0' is invalid. Using default page load timeout: '40'

2022-06-21 09:16:31 - [MESSAGE][PASSED] - Element 'Object Repository/Login Onboarding/loginEnterPasswordMessage' is visible

2022-06-21 09:16:31 - [TEST_STEP][PASSED] - setText(findTestObject("Login Onboarding/loginPasswordInputField"), Password, 0): Text 'pass1234' has been set to element 'Object Repository/Login Onboarding/loginPasswordInputField'

2022-06-21 09:16:31 - [MESSAGE][WARNING] - Timeout '0' is invalid. Using default page load timeout: '40'

2022-06-21 09:16:33 - [MESSAGE][PASSED] - Text 'pass1234' has been set to element 'Object Repository/Login Onboarding/loginPasswordInputField'

2022-06-21 09:16:33 - [TEST_STEP][PASSED] - hideKeyboard(): Keyboard is hidden

2022-06-21 09:16:37 - [MESSAGE][PASSED] - Keyboard is hidden

2022-06-21 09:16:37 - [TEST_STEP][PASSED] - tap(findTestObject("Login Onboarding/loginExistingContinueBtn"), 0): Tapped on element 'Object Repository/Login Onboarding/loginExistingContinueBtn'

2022-06-21 09:16:37 - [MESSAGE][WARNING] - Timeout '0' is invalid. Using default page load timeout: '40'

2022-06-21 09:16:38 - [MESSAGE][PASSED] - Tapped on element 'Object Repository/Login Onboarding/loginExistingContinueBtn'

2022-06-21 09:16:38 - [TEST_STEP][PASSED] - delay(5): Delayed 5 second(s)

2022-06-21 09:16:43 - [MESSAGE][PASSED] - Delayed 5 second(s)

2022-06-21 09:16:43 - [TEST_STEP][PASSED] - verifyElementExist(findTestObject("Settings/settingS2UToggle"), 0): Element 'Object Repository/Settings/settingS2UToggle' is exist

2022-06-21 09:16:43 - [MESSAGE][WARNING] - Timeout '0' is invalid. Using default page load timeout: '40'

2022-06-21 09:17:09 - [MESSAGE][PASSED] - Element 'Object Repository/Settings/settingS2UToggle' is exist

2022-06-21 09:17:09 - [TEST_STEP][PASSED] - tap(findTestObject("Settings/settingS2UToggle"), 0): Tapped on element 'Object Repository/Settings/settingS2UToggle'

2022-06-21 09:17:09 - [MESSAGE][WARNING] - Timeout '0' is invalid. Using default page load timeout: '40'

2022-06-21 09:17:09 - [MESSAGE][PASSED] - Tapped on element 'Object Repository/Settings/settingS2UToggle'

2022-06-21 09:17:09 - [TEST_STEP][PASSED] - tap(findTestObject("Banking/s2UActivateNowBtn"), 0): Tapped on element 'Object Repository/Banking/s2UActivateNowBtn'

2022-06-21 09:17:09 - [MESSAGE][WARNING] - Timeout '0' is invalid. Using default page load timeout: '40'

2022-06-21 09:17:12 - [MESSAGE][PASSED] - Tapped on element 'Object Repository/Banking/s2UActivateNowBtn'

2022-06-21 09:17:12 - [TEST_STEP][PASSED] - tap(findTestObject("Banking/s2UConfirmBtn"), 0): Tapped on element 'Object Repository/Banking/s2UConfirmBtn'

2022-06-21 09:17:12 - [MESSAGE][WARNING] - Timeout '0' is invalid. Using default page load timeout: '40'

2022-06-21 09:17:14 - [MESSAGE][PASSED] - Tapped on element 'Object Repository/Banking/s2UConfirmBtn'

2022-06-21 09:17:14 - [TEST_STEP][PASSED] - OTP = getText(findTestObject("Login Onboarding/secureGetOTPTxt"), 0): Text of element 'Object Repository/Login Onboarding/secureGetOTPTxt' is: 'Your OTP no. is 330559'

2022-06-21 09:17:14 - [MESSAGE][WARNING] - Timeout '0' is invalid. Using default page load timeout: '40'

2022-06-21 09:17:19 - [MESSAGE][PASSED] - Text of element 'Object Repository/Login Onboarding/secureGetOTPTxt' is: 'Your OTP no. is 330559'

2022-06-21 09:17:19 - [TEST_STEP][PASSED] - for ([i = 16, i <= 21, (i++)]): Tapped on element 'Object Repository/Login Onboarding/PIN9'

2022-06-21 09:17:19 - [TEST_STEP][PASSED] - if (OTP[i] == "0"): null

2022-06-21 09:17:19 - [TEST_STEP][PASSED] - if (OTP[i] == "1"): null

2022-06-21 09:17:19 - [TEST_STEP][PASSED] - if (OTP[i] == "2"): null

2022-06-21 09:17:19 - [TEST_STEP][PASSED] - if (OTP[i] == "3"): Tapped on element 'Object Repository/Login Onboarding/PIN3'

2022-06-21 09:17:19 - [TEST_STEP][PASSED] - tap(findTestObject("Login Onboarding/PIN3"), 0): Tapped on element 'Object Repository/Login Onboarding/PIN3'

2022-06-21 09:17:19 - [MESSAGE][WARNING] - Timeout '0' is invalid. Using default page load timeout: '40'

2022-06-21 09:17:19 - [MESSAGE][PASSED] - Tapped on element 'Object Repository/Login Onboarding/PIN3'

2022-06-21 09:17:19 - [TEST_STEP][PASSED] - if (OTP[i] == "4"): null

2022-06-21 09:17:19 - [TEST_STEP][PASSED] - if (OTP[i] == "5"): null

2022-06-21 09:17:19 - [TEST_STEP][PASSED] - if (OTP[i] == "6"): null

2022-06-21 09:17:19 - [TEST_STEP][PASSED] - if (OTP[i] == "7"): null

2022-06-21 09:17:19 - [TEST_STEP][PASSED] - if (OTP[i] == "8"): null

2022-06-21 09:17:19 - [TEST_STEP][PASSED] - if (OTP[i] == "9"): null

2022-06-21 09:17:19 - [TEST_STEP][PASSED] - if (OTP[i] == "0"): null

2022-06-21 09:17:19 - [TEST_STEP][PASSED] - if (OTP[i] == "1"): null

2022-06-21 09:17:19 - [TEST_STEP][PASSED] - if (OTP[i] == "2"): null

2022-06-21 09:17:19 - [TEST_STEP][PASSED] - if (OTP[i] == "3"): Tapped on element 'Object Repository/Login Onboarding/PIN3'

2022-06-21 09:17:19 - [TEST_STEP][PASSED] - tap(findTestObject("Login Onboarding/PIN3"), 0): Tapped on element 'Object Repository/Login Onboarding/PIN3'

2022-06-21 09:17:19 - [MESSAGE][WARNING] - Timeout '0' is invalid. Using default page load timeout: '40'

2022-06-21 09:17:22 - [MESSAGE][PASSED] - Tapped on element 'Object Repository/Login Onboarding/PIN3'

2022-06-21 09:17:22 - [TEST_STEP][PASSED] - if (OTP[i] == "4"): null

2022-06-21 09:17:22 - [TEST_STEP][PASSED] - if (OTP[i] == "5"): null

2022-06-21 09:17:22 - [TEST_STEP][PASSED] - if (OTP[i] == "6"): null

2022-06-21 09:17:22 - [TEST_STEP][PASSED] - if (OTP[i] == "7"): null

2022-06-21 09:17:22 - [TEST_STEP][PASSED] - if (OTP[i] == "8"): null

2022-06-21 09:17:22 - [TEST_STEP][PASSED] - if (OTP[i] == "9"): null

2022-06-21 09:17:22 - [TEST_STEP][PASSED] - if (OTP[i] == "0"): Tapped on element 'Object Repository/Login Onboarding/PIN0'

2022-06-21 09:17:22 - [TEST_STEP][PASSED] - tap(findTestObject("Login Onboarding/PIN0"), 0): Tapped on element 'Object Repository/Login Onboarding/PIN0'

2022-06-21 09:17:22 - [MESSAGE][WARNING] - Timeout '0' is invalid. Using default page load timeout: '40'

2022-06-21 09:17:24 - [MESSAGE][PASSED] - Tapped on element 'Object Repository/Login Onboarding/PIN0'

2022-06-21 09:17:24 - [TEST_STEP][PASSED] - if (OTP[i] == "1"): null

2022-06-21 09:17:24 - [TEST_STEP][PASSED] - if (OTP[i] == "2"): null

2022-06-21 09:17:24 - [TEST_STEP][PASSED] - if (OTP[i] == "3"): null

2022-06-21 09:17:24 - [TEST_STEP][PASSED] - if (OTP[i] == "4"): null

2022-06-21 09:17:24 - [TEST_STEP][PASSED] - if (OTP[i] == "5"): null

2022-06-21 09:17:24 - [TEST_STEP][PASSED] - if (OTP[i] == "6"): null

2022-06-21 09:17:24 - [TEST_STEP][PASSED] - if (OTP[i] == "7"): null

2022-06-21 09:17:24 - [TEST_STEP][PASSED] - if (OTP[i] == "8"): null

2022-06-21 09:17:24 - [TEST_STEP][PASSED] - if (OTP[i] == "9"): null

2022-06-21 09:17:24 - [TEST_STEP][PASSED] - if (OTP[i] == "0"): null

2022-06-21 09:17:24 - [TEST_STEP][PASSED] - if (OTP[i] == "1"): null

2022-06-21 09:17:24 - [TEST_STEP][PASSED] - if (OTP[i] == "2"): null

2022-06-21 09:17:24 - [TEST_STEP][PASSED] - if (OTP[i] == "3"): null

2022-06-21 09:17:24 - [TEST_STEP][PASSED] - if (OTP[i] == "4"): null

2022-06-21 09:17:24 - [TEST_STEP][PASSED] - if (OTP[i] == "5"): Tapped on element 'Object Repository/Login Onboarding/PIN5'

2022-06-21 09:17:24 - [TEST_STEP][PASSED] - tap(findTestObject("Login Onboarding/PIN5"), 0): Tapped on element 'Object Repository/Login Onboarding/PIN5'

2022-06-21 09:17:24 - [MESSAGE][WARNING] - Timeout '0' is invalid. Using default page load timeout: '40'

2022-06-21 09:17:26 - [MESSAGE][PASSED] - Tapped on element 'Object Repository/Login Onboarding/PIN5'

2022-06-21 09:17:26 - [TEST_STEP][PASSED] - if (OTP[i] == "6"): null

2022-06-21 09:17:26 - [TEST_STEP][PASSED] - if (OTP[i] == "7"): null

2022-06-21 09:17:26 - [TEST_STEP][PASSED] - if (OTP[i] == "8"): null

2022-06-21 09:17:26 - [TEST_STEP][PASSED] - if (OTP[i] == "9"): null

2022-06-21 09:17:26 - [TEST_STEP][PASSED] - if (OTP[i] == "0"): null

2022-06-21 09:17:26 - [TEST_STEP][PASSED] - if (OTP[i] == "1"): null

2022-06-21 09:17:26 - [TEST_STEP][PASSED] - if (OTP[i] == "2"): null

2022-06-21 09:17:26 - [TEST_STEP][PASSED] - if (OTP[i] == "3"): null

2022-06-21 09:17:26 - [TEST_STEP][PASSED] - if (OTP[i] == "4"): null

2022-06-21 09:17:26 - [TEST_STEP][PASSED] - if (OTP[i] == "5"): Tapped on element 'Object Repository/Login Onboarding/PIN5'

2022-06-21 09:17:26 - [TEST_STEP][PASSED] - tap(findTestObject("Login Onboarding/PIN5"), 0): Tapped on element 'Object Repository/Login Onboarding/PIN5'

2022-06-21 09:17:26 - [MESSAGE][WARNING] - Timeout '0' is invalid. Using default page load timeout: '40'

2022-06-21 09:17:28 - [MESSAGE][PASSED] - Tapped on element 'Object Repository/Login Onboarding/PIN5'

2022-06-21 09:17:28 - [TEST_STEP][PASSED] - if (OTP[i] == "6"): null

2022-06-21 09:17:28 - [TEST_STEP][PASSED] - if (OTP[i] == "7"): null

2022-06-21 09:17:28 - [TEST_STEP][PASSED] - if (OTP[i] == "8"): null

2022-06-21 09:17:28 - [TEST_STEP][PASSED] - if (OTP[i] == "9"): null

2022-06-21 09:17:28 - [TEST_STEP][PASSED] - if (OTP[i] == "0"): null

2022-06-21 09:17:28 - [TEST_STEP][PASSED] - if (OTP[i] == "1"): null

2022-06-21 09:17:28 - [TEST_STEP][PASSED] - if (OTP[i] == "2"): null

2022-06-21 09:17:28 - [TEST_STEP][PASSED] - if (OTP[i] == "3"): null

2022-06-21 09:17:28 - [TEST_STEP][PASSED] - if (OTP[i] == "4"): null

2022-06-21 09:17:28 - [TEST_STEP][PASSED] - if (OTP[i] == "5"): null

2022-06-21 09:17:28 - [TEST_STEP][PASSED] - if (OTP[i] == "6"): null

2022-06-21 09:17:28 - [TEST_STEP][PASSED] - if (OTP[i] == "7"): null

2022-06-21 09:17:28 - [TEST_STEP][PASSED] - if (OTP[i] == "8"): null

2022-06-21 09:17:28 - [TEST_STEP][PASSED] - if (OTP[i] == "9"): Tapped on element 'Object Repository/Login Onboarding/PIN9'

2022-06-21 09:17:28 - [TEST_STEP][PASSED] - tap(findTestObject("Login Onboarding/PIN9"), 0): Tapped on element 'Object Repository/Login Onboarding/PIN9'

2022-06-21 09:17:28 - [MESSAGE][WARNING] - Timeout '0' is invalid. Using default page load timeout: '40'

2022-06-21 09:17:30 - [MESSAGE][PASSED] - Tapped on element 'Object Repository/Login Onboarding/PIN9'

2022-06-21 09:17:30 - [TEST_STEP][PASSED] - delay(3): Delayed 3 second(s)

2022-06-21 09:17:33 - [MESSAGE][PASSED] - Delayed 3 second(s)

2022-06-21 09:17:33 - [TEST_STEP][PASSED] - tap(findTestObject("Login Onboarding/TickOTP"), 0): Tapped on element 'Object Repository/Login Onboarding/TickOTP'

2022-06-21 09:17:34 - [MESSAGE][WARNING] - Timeout '0' is invalid. Using default page load timeout: '40'

2022-06-21 09:17:34 - [MESSAGE][PASSED] - Tapped on element 'Object Repository/Login Onboarding/TickOTP'

2022-06-21 09:17:34 - [TEST_STEP][PASSED] - setText(findTestObject("Banking/s2UIDNumberInputField"), S2U_ID, 0): Text '680912085142' has been set to element 'Object Repository/Banking/s2UIDNumberInputField'

2022-06-21 09:17:34 - [MESSAGE][WARNING] - Timeout '0' is invalid. Using default page load timeout: '40'

2022-06-21 09:17:42 - [MESSAGE][PASSED] - Text '680912085142' has been set to element 'Object Repository/Banking/s2UIDNumberInputField'

2022-06-21 09:17:42 - [TEST_STEP][PASSED] - hideKeyboard(): Keyboard is hidden

2022-06-21 09:17:44 - [MESSAGE][PASSED] - Keyboard is hidden

2022-06-21 09:17:44 - [TEST_STEP][PASSED] - tap(findTestObject("Login Onboarding/loginExistingContinueBtn"), 0): Tapped on element 'Object Repository/Login Onboarding/loginExistingContinueBtn'

2022-06-21 09:17:44 - [MESSAGE][WARNING] - Timeout '0' is invalid. Using default page load timeout: '40'

2022-06-21 09:17:44 - [MESSAGE][PASSED] - Tapped on element 'Object Repository/Login Onboarding/loginExistingContinueBtn'

2022-06-21 09:17:44 - [TEST_STEP][PASSED] - delay(3): Delayed 3 second(s)

2022-06-21 09:17:47 - [MESSAGE][PASSED] - Delayed 3 second(s)

2022-06-21 09:17:47 - [TEST_STEP][PASSED] - hideKeyboard(): Keyboard is hidden

2022-06-21 09:17:48 - [MESSAGE][PASSED] - Keyboard is hidden

2022-06-21 09:17:48 - [TEST_STEP][PASSED] - takeScreenshot("/Users/a00139272/Desktop/Screenshot/s2u.png"): Screenshot is taken

2022-06-21 09:17:49 - [MESSAGE][PASSED] - Screenshot is taken
[[ATTACHMENT|/Users/a00139272/Desktop/Screenshot/s2u.png]]

2022-06-21 09:17:49 - [TEST_STEP][PASSED] - tap(findTestObject("Login Onboarding/loginExistingContinueBtn"), 0): Tapped on element 'Object Repository/Login Onboarding/loginExistingContinueBtn'

2022-06-21 09:17:49 - [MESSAGE][WARNING] - Timeout '0' is invalid. Using default page load timeout: '40'

2022-06-21 09:17:50 - [MESSAGE][PASSED] - Tapped on element 'Object Repository/Login Onboarding/loginExistingContinueBtn'

2022-06-21 09:17:50 - [TEST_STEP][PASSED] - delay(3): Delayed 3 second(s)

2022-06-21 09:17:53 - [MESSAGE][PASSED] - Delayed 3 second(s)]]></system-out>
         <system-err><![CDATA[]]></system-err>
      </testcase>
      <testcase name="Test Cases/PayBill/payBills_todayTransaction" time="144.348" classname="Test Cases/PayBill/payBills_todayTransaction" status="PASSED">
         <system-out><![CDATA[2022-06-21 09:17:53 - [TEST_CASE][PASSED] - Test Cases/PayBill/payBills_todayTransaction: Test Cases/PayBill/payBills_todayTransaction

2022-06-21 09:17:53 - [TEST_STEP][PASSED] - delay(5): Delayed 5 second(s)

2022-06-21 09:17:58 - [MESSAGE][PASSED] - Delayed 5 second(s)

2022-06-21 09:17:58 - [TEST_STEP][PASSED] - device_Height = getDeviceHeight(): Current device physical height is 2167

2022-06-21 09:17:59 - [MESSAGE][PASSED] - Current device physical height is 2167

2022-06-21 09:17:59 - [TEST_STEP][PASSED] - device_Width = getDeviceWidth(): Current device physical width is 1080

2022-06-21 09:17:59 - [MESSAGE][PASSED] - Current device physical width is 1080

2022-06-21 09:17:59 - [TEST_STEP][PASSED] - startX = device_Width / 3: null

2022-06-21 09:17:59 - [TEST_STEP][PASSED] - startY = device_Height * 0.97: null

2022-06-21 09:17:59 - [TEST_STEP][PASSED] - tap(findTestObject("Banking/m2uAccountPayBillsIconSelect"), 0): Tapped on element 'Object Repository/Banking/m2uAccountPayBillsIconSelect'

2022-06-21 09:17:59 - [MESSAGE][WARNING] - Timeout '0' is invalid. Using default page load timeout: '40'

2022-06-21 09:18:20 - [MESSAGE][PASSED] - Tapped on element 'Object Repository/Banking/m2uAccountPayBillsIconSelect'

2022-06-21 09:18:20 - [TEST_STEP][PASSED] - if (verifyElementVisible(findTestObject("Login Onboarding/loginEnterPasswordMessage"), 0, OPTIONAL)): Element 'Object Repository/Login Onboarding/loginEnterPasswordMessage' not found

2022-06-21 09:18:20 - [MESSAGE][WARNING] - Timeout '0' is invalid. Using default page load timeout: '40'

2022-06-21 09:19:01 - [MESSAGE][WARNING] - Element 'Object Repository/Login Onboarding/loginEnterPasswordMessage' not found

2022-06-21 09:19:01 - [TEST_STEP][PASSED] - verifyElementExist(findTestObject("Paybill/payBillsIconSelect"), 40): Element 'Object Repository/Paybill/payBillsIconSelect' is exist

2022-06-21 09:19:02 - [MESSAGE][PASSED] - Element 'Object Repository/Paybill/payBillsIconSelect' is exist

2022-06-21 09:19:02 - [TEST_STEP][PASSED] - tap(findTestObject("Paybill/payBillsIconSelect"), 0): Tapped on element 'Object Repository/Paybill/payBillsIconSelect'

2022-06-21 09:19:02 - [MESSAGE][WARNING] - Timeout '0' is invalid. Using default page load timeout: '40'

2022-06-21 09:19:02 - [MESSAGE][PASSED] - Tapped on element 'Object Repository/Paybill/payBillsIconSelect'

2022-06-21 09:19:02 - [TEST_STEP][PASSED] - tap(findTestObject("Paybill/payBillSearchBillerInputField"), 0): Tapped on element 'Object Repository/Paybill/payBillSearchBillerInputField'

2022-06-21 09:19:02 - [MESSAGE][WARNING] - Timeout '0' is invalid. Using default page load timeout: '40'

2022-06-21 09:19:06 - [MESSAGE][PASSED] - Tapped on element 'Object Repository/Paybill/payBillSearchBillerInputField'

2022-06-21 09:19:06 - [TEST_STEP][PASSED] - setText(findTestObject("Paybill/payBillBillerNameInputField"), payeeName, 0): Text '21st Century' has been set to element 'Object Repository/Paybill/payBillBillerNameInputField'

2022-06-21 09:19:06 - [MESSAGE][WARNING] - Timeout '0' is invalid. Using default page load timeout: '40'

2022-06-21 09:19:08 - [MESSAGE][PASSED] - Text '21st Century' has been set to element 'Object Repository/Paybill/payBillBillerNameInputField'

2022-06-21 09:19:08 - [TEST_STEP][PASSED] - delay(3): Delayed 3 second(s)

2022-06-21 09:19:11 - [MESSAGE][PASSED] - Delayed 3 second(s)

2022-06-21 09:19:11 - [TEST_STEP][PASSED] - tap(findTestObject("Paybill/payBillBillerSelect", ["payeeName":payeeName]), 10): Tapped on element 'Object Repository/Paybill/payBillBillerSelect'

2022-06-21 09:19:11 - [MESSAGE][PASSED] - Tapped on element 'Object Repository/Paybill/payBillBillerSelect'

2022-06-21 09:19:11 - [TEST_STEP][PASSED] - tap(findTestObject("Paybill/payBillBillerSelect", ["payeeName":payeeName]), 10): Tapped on element 'Object Repository/Paybill/payBillBillerSelect'

2022-06-21 09:19:12 - [MESSAGE][PASSED] - Tapped on element 'Object Repository/Paybill/payBillBillerSelect'

2022-06-21 09:19:12 - [TEST_STEP][PASSED] - delay(3): Delayed 3 second(s)

2022-06-21 09:19:15 - [MESSAGE][PASSED] - Delayed 3 second(s)

2022-06-21 09:19:15 - [TEST_STEP][PASSED] - verifyElementText(findTestObject("Paybill/payBillsAccountPayeeNameTxt", ["payee":payeeName]), payeeName): Actual text and expected text of test object 'Object Repository/Paybill/payBillsAccountPayeeNameTxt' are matched.

2022-06-21 09:19:15 - [MESSAGE][PASSED] - Actual text and expected text of test object 'Object Repository/Paybill/payBillsAccountPayeeNameTxt' are matched.

2022-06-21 09:19:15 - [TEST_STEP][PASSED] - verifyElementExist(findTestObject("Paybill/payBillsAccountNumberTitleTxt"), 0): Element 'Object Repository/Paybill/payBillsAccountNumberTitleTxt' is exist

2022-06-21 09:19:16 - [MESSAGE][WARNING] - Timeout '0' is invalid. Using default page load timeout: '40'

2022-06-21 09:19:16 - [MESSAGE][PASSED] - Element 'Object Repository/Paybill/payBillsAccountNumberTitleTxt' is exist

2022-06-21 09:19:16 - [TEST_STEP][PASSED] - setText(findTestObject("Paybill/PayBillAccountNumberInputField"), AccountNo, 0): Text '12299292' has been set to element 'Object Repository/Paybill/PayBillAccountNumberInputField'

2022-06-21 09:19:16 - [MESSAGE][WARNING] - Timeout '0' is invalid. Using default page load timeout: '40'

2022-06-21 09:19:17 - [MESSAGE][PASSED] - Text '12299292' has been set to element 'Object Repository/Paybill/PayBillAccountNumberInputField'

2022-06-21 09:19:17 - [TEST_STEP][PASSED] - hideKeyboard(): Keyboard is hidden

2022-06-21 09:19:19 - [MESSAGE][PASSED] - Keyboard is hidden

2022-06-21 09:19:19 - [TEST_STEP][PASSED] - verifyElementText(findTestObject("Paybill/payBillsAccountNumberInputtedTxt", ["AccountNo":AccountNo]), AccountNo): Actual text and expected text of test object 'Object Repository/Paybill/payBillsAccountNumberInputtedTxt' are matched.

2022-06-21 09:19:20 - [MESSAGE][PASSED] - Actual text and expected text of test object 'Object Repository/Paybill/payBillsAccountNumberInputtedTxt' are matched.

2022-06-21 09:19:20 - [TEST_STEP][PASSED] - tap(findTestObject("Login Onboarding/loginExistingContinueBtn"), 0): Tapped on element 'Object Repository/Login Onboarding/loginExistingContinueBtn'

2022-06-21 09:19:20 - [MESSAGE][WARNING] - Timeout '0' is invalid. Using default page load timeout: '40'

2022-06-21 09:19:20 - [MESSAGE][PASSED] - Tapped on element 'Object Repository/Login Onboarding/loginExistingContinueBtn'

2022-06-21 09:19:20 - [TEST_STEP][PASSED] - delay(3): Delayed 3 second(s)

2022-06-21 09:19:23 - [MESSAGE][PASSED] - Delayed 3 second(s)

2022-06-21 09:19:23 - [TEST_STEP][PASSED] - verifyElementText(findTestObject("Paybill/payBillsAmountPayeeNameTxt", ["payee":payeeName]), payeeName): Actual text and expected text of test object 'Object Repository/Paybill/payBillsAmountPayeeNameTxt' are matched.

2022-06-21 09:19:24 - [MESSAGE][PASSED] - Actual text and expected text of test object 'Object Repository/Paybill/payBillsAmountPayeeNameTxt' are matched.

2022-06-21 09:19:24 - [TEST_STEP][PASSED] - verifyElementText(findTestObject("Paybill/payBillsAmountPayeeAccountNoTxt", ["accNo":accNo]), accNo): Actual text and expected text of test object 'Object Repository/Paybill/payBillsAmountPayeeAccountNoTxt' are matched.

2022-06-21 09:19:24 - [MESSAGE][PASSED] - Actual text and expected text of test object 'Object Repository/Paybill/payBillsAmountPayeeAccountNoTxt' are matched.

2022-06-21 09:19:24 - [TEST_STEP][PASSED] - verifyElementExist(findTestObject("Paybill/payBillsAmountInitialTxt"), 0): Element 'Object Repository/Paybill/payBillsAmountInitialTxt' is exist

2022-06-21 09:19:24 - [MESSAGE][WARNING] - Timeout '0' is invalid. Using default page load timeout: '40'

2022-06-21 09:19:24 - [MESSAGE][PASSED] - Element 'Object Repository/Paybill/payBillsAmountInitialTxt' is exist

2022-06-21 09:19:24 - [TEST_STEP][PASSED] - verifyElementExist(findTestObject("Paybill/payBillsAmountCurrencyTxt"), 0): Element 'Object Repository/Paybill/payBillsAmountCurrencyTxt' is exist

2022-06-21 09:19:24 - [MESSAGE][WARNING] - Timeout '0' is invalid. Using default page load timeout: '40'

2022-06-21 09:19:24 - [MESSAGE][PASSED] - Element 'Object Repository/Paybill/payBillsAmountCurrencyTxt' is exist

2022-06-21 09:19:24 - [TEST_STEP][PASSED] - verifyElementExist(findTestObject("Paybill/payBillsAmountEnterTitleTxt"), 0): Element 'Object Repository/Paybill/payBillsAmountEnterTitleTxt' is exist

2022-06-21 09:19:24 - [MESSAGE][WARNING] - Timeout '0' is invalid. Using default page load timeout: '40'

2022-06-21 09:19:25 - [MESSAGE][PASSED] - Element 'Object Repository/Paybill/payBillsAmountEnterTitleTxt' is exist

2022-06-21 09:19:25 - [TEST_STEP][PASSED] - tap(findTestObject("Login Onboarding/PIN5"), 0): Tapped on element 'Object Repository/Login Onboarding/PIN5'

2022-06-21 09:19:25 - [MESSAGE][WARNING] - Timeout '0' is invalid. Using default page load timeout: '40'

2022-06-21 09:19:25 - [MESSAGE][PASSED] - Tapped on element 'Object Repository/Login Onboarding/PIN5'

2022-06-21 09:19:25 - [TEST_STEP][PASSED] - tap(findTestObject("Login Onboarding/PIN0"), 0): Tapped on element 'Object Repository/Login Onboarding/PIN0'

2022-06-21 09:19:25 - [MESSAGE][WARNING] - Timeout '0' is invalid. Using default page load timeout: '40'

2022-06-21 09:19:25 - [MESSAGE][PASSED] - Tapped on element 'Object Repository/Login Onboarding/PIN0'

2022-06-21 09:19:25 - [TEST_STEP][PASSED] - tap(findTestObject("Login Onboarding/PIN0"), 0): Tapped on element 'Object Repository/Login Onboarding/PIN0'

2022-06-21 09:19:25 - [MESSAGE][WARNING] - Timeout '0' is invalid. Using default page load timeout: '40'

2022-06-21 09:19:25 - [MESSAGE][PASSED] - Tapped on element 'Object Repository/Login Onboarding/PIN0'

2022-06-21 09:19:25 - [TEST_STEP][PASSED] - tap(findTestObject("Login Onboarding/PIN0"), 0): Tapped on element 'Object Repository/Login Onboarding/PIN0'

2022-06-21 09:19:25 - [MESSAGE][WARNING] - Timeout '0' is invalid. Using default page load timeout: '40'

2022-06-21 09:19:26 - [MESSAGE][PASSED] - Tapped on element 'Object Repository/Login Onboarding/PIN0'

2022-06-21 09:19:26 - [TEST_STEP][PASSED] - delay(3): Delayed 3 second(s)

2022-06-21 09:19:29 - [MESSAGE][PASSED] - Delayed 3 second(s)

2022-06-21 09:19:29 - [TEST_STEP][PASSED] - verifyElementText(findTestObject("Paybill/payBillsAmountInputtedTxt", ["value":values]), values): Actual text and expected text of test object 'Object Repository/Paybill/payBillsAmountInputtedTxt' are matched.

2022-06-21 09:19:29 - [MESSAGE][PASSED] - Actual text and expected text of test object 'Object Repository/Paybill/payBillsAmountInputtedTxt' are matched.

2022-06-21 09:19:29 - [TEST_STEP][PASSED] - tap(findTestObject("Main/mainAmountTickBtn"), 0): Tapped on element 'Object Repository/Main/mainAmountTickBtn'

2022-06-21 09:19:29 - [MESSAGE][WARNING] - Timeout '0' is invalid. Using default page load timeout: '40'

2022-06-21 09:19:29 - [MESSAGE][PASSED] - Tapped on element 'Object Repository/Main/mainAmountTickBtn'

2022-06-21 09:19:29 - [TEST_STEP][PASSED] - delay(5): Delayed 5 second(s)

2022-06-21 09:19:34 - [MESSAGE][PASSED] - Delayed 5 second(s)

2022-06-21 09:19:34 - [TEST_STEP][PASSED] - verifyElementText(findTestObject("Paybill/payBillsConfirmPayeeNameTxt", ["payeeName":payeeName]), payeeName): Actual text and expected text of test object 'Object Repository/Paybill/payBillsConfirmPayeeNameTxt' are matched.

2022-06-21 09:19:34 - [MESSAGE][PASSED] - Actual text and expected text of test object 'Object Repository/Paybill/payBillsConfirmPayeeNameTxt' are matched.

2022-06-21 09:19:34 - [TEST_STEP][PASSED] - verifyElementText(findTestObject("Paybill/payBillsConfirmPayeeAccountNoTxt", ["accNo":accNo]), accNo): Actual text and expected text of test object 'Object Repository/Paybill/payBillsConfirmPayeeAccountNoTxt' are matched.

2022-06-21 09:19:35 - [MESSAGE][PASSED] - Actual text and expected text of test object 'Object Repository/Paybill/payBillsConfirmPayeeAccountNoTxt' are matched.

2022-06-21 09:19:35 - [TEST_STEP][PASSED] - verifyElementText(findTestObject("Paybill/payBillsConfirmAmountTxt", ["amount":amount]), amount): Actual text and expected text of test object 'Object Repository/Paybill/payBillsConfirmAmountTxt' are matched.

2022-06-21 09:19:35 - [MESSAGE][PASSED] - Actual text and expected text of test object 'Object Repository/Paybill/payBillsConfirmAmountTxt' are matched.

2022-06-21 09:19:35 - [TEST_STEP][PASSED] - verifyElementExist(findTestObject("Paybill/payBillsConfirmDateTitleTxt"), 0): Element 'Object Repository/Paybill/payBillsConfirmDateTitleTxt' is exist

2022-06-21 09:19:35 - [MESSAGE][WARNING] - Timeout '0' is invalid. Using default page load timeout: '40'

2022-06-21 09:19:35 - [MESSAGE][PASSED] - Element 'Object Repository/Paybill/payBillsConfirmDateTitleTxt' is exist

2022-06-21 09:19:35 - [TEST_STEP][PASSED] - verifyElementText(findTestObject("Paybill/payBillsConfirmDateTxt", ["trxDate":trxDate]), trxDate): Actual text and expected text of test object 'Object Repository/Paybill/payBillsConfirmDateTxt' are matched.

2022-06-21 09:19:35 - [MESSAGE][PASSED] - Actual text and expected text of test object 'Object Repository/Paybill/payBillsConfirmDateTxt' are matched.

2022-06-21 09:19:35 - [TEST_STEP][PASSED] - verifyElementExist(findTestObject("Paybill/payBillsConfirmPayFromTxt"), 0): Element 'Object Repository/Paybill/payBillsConfirmPayFromTxt' is exist

2022-06-21 09:19:35 - [MESSAGE][WARNING] - Timeout '0' is invalid. Using default page load timeout: '40'

2022-06-21 09:19:36 - [MESSAGE][PASSED] - Element 'Object Repository/Paybill/payBillsConfirmPayFromTxt' is exist

2022-06-21 09:19:36 - [TEST_STEP][PASSED] - verifyElementText(findTestObject("Transfer/transferConfirmationFromAccTypeTxt", ["accType":accType]), accType): Actual text and expected text of test object 'Object Repository/Transfer/transferConfirmationFromAccTypeTxt' are matched.

2022-06-21 09:19:37 - [MESSAGE][PASSED] - Actual text and expected text of test object 'Object Repository/Transfer/transferConfirmationFromAccTypeTxt' are matched.

2022-06-21 09:19:37 - [TEST_STEP][PASSED] - verifyElementText(findTestObject("Transfer/transferConfirmationFromAccNoTxt", ["accNoFrom":accNoFrom]), accNoFrom): Actual text and expected text of test object 'Object Repository/Transfer/transferConfirmationFromAccNoTxt' are matched.

2022-06-21 09:19:37 - [MESSAGE][PASSED] - Actual text and expected text of test object 'Object Repository/Transfer/transferConfirmationFromAccNoTxt' are matched.

2022-06-21 09:19:37 - [TEST_STEP][PASSED] - verifyElementExist(findTestObject("Transfer/transferConfirmationFromAccBalanceTxt"), 0): Element 'Object Repository/Transfer/transferConfirmationFromAccBalanceTxt' is exist

2022-06-21 09:19:37 - [MESSAGE][WARNING] - Timeout '0' is invalid. Using default page load timeout: '40'

2022-06-21 09:19:37 - [MESSAGE][PASSED] - Element 'Object Repository/Transfer/transferConfirmationFromAccBalanceTxt' is exist

2022-06-21 09:19:37 - [TEST_STEP][PASSED] - accountBalance = getText(findTestObject("Transfer/transferConfirmationFromAccBalanceTxt"), 0): Text of element 'Object Repository/Transfer/transferConfirmationFromAccBalanceTxt' is: 'RM 1,856.00'

2022-06-21 09:19:37 - [MESSAGE][WARNING] - Timeout '0' is invalid. Using default page load timeout: '40'

2022-06-21 09:19:37 - [MESSAGE][PASSED] - Text of element 'Object Repository/Transfer/transferConfirmationFromAccBalanceTxt' is: 'RM 1,856.00'

2022-06-21 09:19:37 - [TEST_STEP][PASSED] - println(accountBalance): null

2022-06-21 09:19:37 - [TEST_STEP][PASSED] - waitForElementPresent(findTestObject("Main/mainPayNowBtn"), 5): Element 'Object Repository/Main/mainPayNowBtn' is present

2022-06-21 09:19:38 - [MESSAGE][PASSED] - Element 'Object Repository/Main/mainPayNowBtn' is present

2022-06-21 09:19:38 - [TEST_STEP][PASSED] - tap(findTestObject("Main/mainPayNowBtn"), 0): Tapped on element 'Object Repository/Main/mainPayNowBtn'

2022-06-21 09:19:38 - [MESSAGE][WARNING] - Timeout '0' is invalid. Using default page load timeout: '40'

2022-06-21 09:19:38 - [MESSAGE][PASSED] - Tapped on element 'Object Repository/Main/mainPayNowBtn'

2022-06-21 09:19:38 - [TEST_STEP][PASSED] - if (verifyElementVisible(findTestObject("Festive Season/festiveReturnAngpaoTACNoTxt"), 10, OPTIONAL)): Element 'Object Repository/Festive Season/festiveReturnAngpaoTACNoTxt' not found

2022-06-21 09:19:48 - [MESSAGE][WARNING] - Element 'Object Repository/Festive Season/festiveReturnAngpaoTACNoTxt' not found

2022-06-21 09:19:48 - [TEST_STEP][PASSED] - else: Tapped on element 'Object Repository/Main/mainS2UApproveBtn'

2022-06-21 09:19:48 - [TEST_STEP][PASSED] - delay(5): Delayed 5 second(s)

2022-06-21 09:19:53 - [MESSAGE][PASSED] - Delayed 5 second(s)

2022-06-21 09:19:53 - [TEST_STEP][PASSED] - verifyElementVisible(findTestObject("Main/mainS2UApproveBtn"), 10): Element 'Object Repository/Main/mainS2UApproveBtn' is visible

2022-06-21 09:19:53 - [MESSAGE][PASSED] - Element 'Object Repository/Main/mainS2UApproveBtn' is visible

2022-06-21 09:19:53 - [TEST_STEP][PASSED] - tap(findTestObject("Main/mainS2UApproveBtn"), 0): Tapped on element 'Object Repository/Main/mainS2UApproveBtn'

2022-06-21 09:19:53 - [MESSAGE][WARNING] - Timeout '0' is invalid. Using default page load timeout: '40'

2022-06-21 09:19:53 - [MESSAGE][PASSED] - Tapped on element 'Object Repository/Main/mainS2UApproveBtn'

2022-06-21 09:19:53 - [TEST_STEP][PASSED] - verifyElementExist(findTestObject("Festive Season/returnAngpaoStatusMessageTxt"), 0): Element 'Object Repository/Festive Season/returnAngpaoStatusMessageTxt' is exist

2022-06-21 09:19:53 - [MESSAGE][WARNING] - Timeout '0' is invalid. Using default page load timeout: '40'

2022-06-21 09:19:58 - [MESSAGE][PASSED] - Element 'Object Repository/Festive Season/returnAngpaoStatusMessageTxt' is exist

2022-06-21 09:19:58 - [TEST_STEP][PASSED] - message = getText(findTestObject("Festive Season/returnAngpaoStatusMessageTxt"), 10): Text of element 'Object Repository/Festive Season/returnAngpaoStatusMessageTxt' is: 'Payment successful'

2022-06-21 09:19:58 - [MESSAGE][PASSED] - Text of element 'Object Repository/Festive Season/returnAngpaoStatusMessageTxt' is: 'Payment successful'

2022-06-21 09:19:58 - [TEST_STEP][PASSED] - println(message): null

2022-06-21 09:19:58 - [TEST_STEP][PASSED] - assert message == successTransactionMessage: null

2022-06-21 09:19:58 - [TEST_STEP][PASSED] - delay(5): Delayed 5 second(s)

2022-06-21 09:20:03 - [MESSAGE][PASSED] - Delayed 5 second(s)

2022-06-21 09:20:03 - [TEST_STEP][PASSED] - verifyElementExist(findTestObject("Paybill/payBillsSummaryDateTimeTitleTxt"), 0): Element 'Object Repository/Paybill/payBillsSummaryDateTimeTitleTxt' is exist

2022-06-21 09:20:03 - [MESSAGE][WARNING] - Timeout '0' is invalid. Using default page load timeout: '40'

2022-06-21 09:20:04 - [MESSAGE][PASSED] - Element 'Object Repository/Paybill/payBillsSummaryDateTimeTitleTxt' is exist

2022-06-21 09:20:04 - [TEST_STEP][PASSED] - verifyElementExist(findTestObject("Duit Now/duitNowSummaryRefernceIDTitleTxt"), 0): Element 'Object Repository/Duit Now/duitNowSummaryRefernceIDTitleTxt' is exist

2022-06-21 09:20:04 - [MESSAGE][WARNING] - Timeout '0' is invalid. Using default page load timeout: '40'

2022-06-21 09:20:04 - [MESSAGE][PASSED] - Element 'Object Repository/Duit Now/duitNowSummaryRefernceIDTitleTxt' is exist

2022-06-21 09:20:04 - [TEST_STEP][PASSED] - verifyElementExist(findTestObject("Transfer/transferSummaryShareReceiptBtn"), 0): Element 'Object Repository/Transfer/transferSummaryShareReceiptBtn' is exist

2022-06-21 09:20:04 - [MESSAGE][WARNING] - Timeout '0' is invalid. Using default page load timeout: '40'

2022-06-21 09:20:04 - [MESSAGE][PASSED] - Element 'Object Repository/Transfer/transferSummaryShareReceiptBtn' is exist

2022-06-21 09:20:04 - [TEST_STEP][PASSED] - delay(5): Delayed 5 second(s)

2022-06-21 09:20:09 - [MESSAGE][PASSED] - Delayed 5 second(s)

2022-06-21 09:20:09 - [TEST_STEP][PASSED] - referenceID = getText(findTestObject("Send Request Money/requestMoneyPaySummaryRefIDTxt"), 0): Text of element 'Object Repository/Send Request Money/requestMoneyPaySummaryRefIDTxt' is: 'Reference ID'

2022-06-21 09:20:09 - [MESSAGE][WARNING] - Timeout '0' is invalid. Using default page load timeout: '40'

2022-06-21 09:20:09 - [MESSAGE][PASSED] - Text of element 'Object Repository/Send Request Money/requestMoneyPaySummaryRefIDTxt' is: 'Reference ID'

2022-06-21 09:20:09 - [TEST_STEP][PASSED] - println(referenceID): null

2022-06-21 09:20:09 - [TEST_STEP][PASSED] - test = dataFolder: null

2022-06-21 09:20:09 - [TEST_STEP][PASSED] - sheetName = "Sheet1": null

2022-06-21 09:20:09 - [TEST_STEP][PASSED] - file1 = new java.io.File(test): null

2022-06-21 09:20:09 - [TEST_STEP][PASSED] - assert file1.exists() == true: null

2022-06-21 09:20:09 - [TEST_STEP][PASSED] - woorkbook1 = getWorkbook(test): null

2022-06-21 09:20:10 - [TEST_STEP][PASSED] - sheet1 = getExcelSheet(woorkbook1, sheetName): null

2022-06-21 09:20:10 - [TEST_STEP][PASSED] - setValueToCellByIndex(sheet1, 4, 1, referenceID): null

2022-06-21 09:20:10 - [TEST_STEP][PASSED] - saveWorkbook(test, woorkbook1): null

2022-06-21 09:20:10 - [TEST_STEP][PASSED] - delay(3): Delayed 3 second(s)

2022-06-21 09:20:13 - [MESSAGE][PASSED] - Delayed 3 second(s)

2022-06-21 09:20:13 - [TEST_STEP][PASSED] - verifyElementVisible(findTestObject("Main/mainDoneBtn"), 0): Element 'Object Repository/Main/mainDoneBtn' is visible

2022-06-21 09:20:13 - [MESSAGE][WARNING] - Timeout '0' is invalid. Using default page load timeout: '40'

2022-06-21 09:20:13 - [MESSAGE][PASSED] - Element 'Object Repository/Main/mainDoneBtn' is visible

2022-06-21 09:20:13 - [TEST_STEP][PASSED] - takeScreenshot("/Users/a00139272/Desktop/Screenshot/payBillsInstant.png"): Screenshot is taken

2022-06-21 09:20:14 - [MESSAGE][PASSED] - Screenshot is taken
[[ATTACHMENT|/Users/a00139272/Desktop/Screenshot/payBillsInstant.png]]

2022-06-21 09:20:14 - [TEST_STEP][PASSED] - tap(findTestObject("Main/mainDoneBtn"), 0): Tapped on element 'Object Repository/Main/mainDoneBtn'

2022-06-21 09:20:14 - [MESSAGE][WARNING] - Timeout '0' is invalid. Using default page load timeout: '40'

2022-06-21 09:20:15 - [MESSAGE][PASSED] - Tapped on element 'Object Repository/Main/mainDoneBtn'

2022-06-21 09:20:15 - [TEST_STEP][PASSED] - delay(3): Delayed 3 second(s)

2022-06-21 09:20:18 - [MESSAGE][PASSED] - Delayed 3 second(s)]]></system-out>
         <system-err><![CDATA[]]></system-err>
      </testcase>
      <testcase name="Test Cases/PayBill/payBills_scheduleTransaction" time="224.015" classname="Test Cases/PayBill/payBills_scheduleTransaction" status="FAILED">
         <failure type="FAILED" message="Test Cases/PayBill/payBills_scheduleTransaction FAILED.
Reason:
com.kms.katalon.core.exception.StepFailedException: Element 'Object Repository/Main/mainS2UApproveBtn' not found
	at com.kms.katalon.core.keyword.internal.KeywordMain.stepFailed(KeywordMain.groovy:39)
	at com.kms.katalon.core.mobile.keyword.internal.MobileKeywordMain.stepFailed(MobileKeywordMain.groovy:40)
	at com.kms.katalon.core.mobile.keyword.builtin.VerifyElementVisibleKeyword$_verifyElementVisible_closure1.doCall(VerifyElementVisibleKeyword.groovy:82)
	at com.kms.katalon.core.mobile.keyword.builtin.VerifyElementVisibleKeyword$_verifyElementVisible_closure1.call(VerifyElementVisibleKeyword.groovy)
	at com.kms.katalon.core.mobile.keyword.internal.MobileKeywordMain.runKeyword(MobileKeywordMain.groovy:21)
	at com.kms.katalon.core.mobile.keyword.builtin.VerifyElementVisibleKeyword.verifyElementVisible(VerifyElementVisibleKeyword.groovy:85)
	at com.kms.katalon.core.mobile.keyword.builtin.VerifyElementVisibleKeyword.execute(VerifyElementVisibleKeyword.groovy:64)
	at com.kms.katalon.core.keyword.internal.KeywordExecutor.executeKeywordForPlatform(KeywordExecutor.groovy:74)
	at com.kms.katalon.core.mobile.keyword.MobileBuiltInKeywords.verifyElementVisible(MobileBuiltInKeywords.groovy:2031)
	at com.kms.katalon.core.mobile.keyword.MobileBuiltInKeywords$verifyElementVisible$12.call(Unknown Source)
	at payBills_scheduleTransaction.run(payBills_scheduleTransaction:203)
	at com.kms.katalon.core.main.ScriptEngine.run(ScriptEngine.java:194)
	at com.kms.katalon.core.main.ScriptEngine.runScriptAsRawText(ScriptEngine.java:119)
	at com.kms.katalon.core.main.TestCaseExecutor.runScript(TestCaseExecutor.java:445)
	at com.kms.katalon.core.main.TestCaseExecutor.doExecute(TestCaseExecutor.java:436)
	at com.kms.katalon.core.main.TestCaseExecutor.processExecutionPhase(TestCaseExecutor.java:415)
	at com.kms.katalon.core.main.TestCaseExecutor.accessMainPhase(TestCaseExecutor.java:407)
	at com.kms.katalon.core.main.TestCaseExecutor.execute(TestCaseExecutor.java:284)
	at com.kms.katalon.core.common.CommonExecutor.accessTestCaseMainPhase(CommonExecutor.java:65)
	at com.kms.katalon.core.main.TestSuiteExecutor.accessTestSuiteMainPhase(TestSuiteExecutor.java:144)
	at com.kms.katalon.core.main.TestSuiteExecutor.execute(TestSuiteExecutor.java:106)
	at com.kms.katalon.core.main.TestCaseMain.startTestSuite(TestCaseMain.java:185)
	at com.kms.katalon.core.main.TestCaseMain$startTestSuite$0.call(Unknown Source)
	at TempTestSuite1655773944408.run(TempTestSuite1655773944408.groovy:36)
"/>
         <system-out><![CDATA[2022-06-21 09:20:18 - [TEST_CASE][FAILED] - Test Cases/PayBill/payBills_scheduleTransaction: Test Cases/PayBill/payBills_scheduleTransaction FAILED.
Reason:
com.kms.katalon.core.exception.StepFailedException: Element 'Object Repository/Main/mainS2UApproveBtn' not found
	at com.kms.katalon.core.keyword.internal.KeywordMain.stepFailed(KeywordMain.groovy:39)
	at com.kms.katalon.core.mobile.keyword.internal.MobileKeywordMain.stepFailed(MobileKeywordMain.groovy:40)
	at com.kms.katalon.core.mobile.keyword.builtin.VerifyElementVisibleKeyword$_verifyElementVisible_closure1.doCall(VerifyElementVisibleKeyword.groovy:82)
	at com.kms.katalon.core.mobile.keyword.builtin.VerifyElementVisibleKeyword$_verifyElementVisible_closure1.call(VerifyElementVisibleKeyword.groovy)
	at com.kms.katalon.core.mobile.keyword.internal.MobileKeywordMain.runKeyword(MobileKeywordMain.groovy:21)
	at com.kms.katalon.core.mobile.keyword.builtin.VerifyElementVisibleKeyword.verifyElementVisible(VerifyElementVisibleKeyword.groovy:85)
	at com.kms.katalon.core.mobile.keyword.builtin.VerifyElementVisibleKeyword.execute(VerifyElementVisibleKeyword.groovy:64)
	at com.kms.katalon.core.keyword.internal.KeywordExecutor.executeKeywordForPlatform(KeywordExecutor.groovy:74)
	at com.kms.katalon.core.mobile.keyword.MobileBuiltInKeywords.verifyElementVisible(MobileBuiltInKeywords.groovy:2031)
	at com.kms.katalon.core.mobile.keyword.MobileBuiltInKeywords$verifyElementVisible$12.call(Unknown Source)
	at payBills_scheduleTransaction.run(payBills_scheduleTransaction:203)
	at com.kms.katalon.core.main.ScriptEngine.run(ScriptEngine.java:194)
	at com.kms.katalon.core.main.ScriptEngine.runScriptAsRawText(ScriptEngine.java:119)
	at com.kms.katalon.core.main.TestCaseExecutor.runScript(TestCaseExecutor.java:445)
	at com.kms.katalon.core.main.TestCaseExecutor.doExecute(TestCaseExecutor.java:436)
	at com.kms.katalon.core.main.TestCaseExecutor.processExecutionPhase(TestCaseExecutor.java:415)
	at com.kms.katalon.core.main.TestCaseExecutor.accessMainPhase(TestCaseExecutor.java:407)
	at com.kms.katalon.core.main.TestCaseExecutor.execute(TestCaseExecutor.java:284)
	at com.kms.katalon.core.common.CommonExecutor.accessTestCaseMainPhase(CommonExecutor.java:65)
	at com.kms.katalon.core.main.TestSuiteExecutor.accessTestSuiteMainPhase(TestSuiteExecutor.java:144)
	at com.kms.katalon.core.main.TestSuiteExecutor.execute(TestSuiteExecutor.java:106)
	at com.kms.katalon.core.main.TestCaseMain.startTestSuite(TestCaseMain.java:185)
	at com.kms.katalon.core.main.TestCaseMain$startTestSuite$0.call(Unknown Source)
	at TempTestSuite1655773944408.run(TempTestSuite1655773944408.groovy:36)


2022-06-21 09:20:18 - [TEST_STEP][PASSED] - device_Height = getDeviceHeight(): Current device physical height is 2167

2022-06-21 09:20:18 - [MESSAGE][PASSED] - Current device physical height is 2167

2022-06-21 09:20:18 - [TEST_STEP][PASSED] - device_Width = getDeviceWidth(): Current device physical width is 1080

2022-06-21 09:20:19 - [MESSAGE][PASSED] - Current device physical width is 1080

2022-06-21 09:20:19 - [TEST_STEP][PASSED] - startX = device_Width / 3: null

2022-06-21 09:20:19 - [TEST_STEP][PASSED] - startY = device_Height * 0.97: null

2022-06-21 09:20:19 - [TEST_STEP][PASSED] - tap(findTestObject("Banking/m2uAccountPayBillsIconSelect"), 0): Tapped on element 'Object Repository/Banking/m2uAccountPayBillsIconSelect'

2022-06-21 09:20:19 - [MESSAGE][WARNING] - Timeout '0' is invalid. Using default page load timeout: '40'

2022-06-21 09:20:19 - [MESSAGE][PASSED] - Tapped on element 'Object Repository/Banking/m2uAccountPayBillsIconSelect'

2022-06-21 09:20:19 - [TEST_STEP][PASSED] - waitForElementPresent(findTestObject("Paybill/payBillsIconSelect"), 0): Element 'Object Repository/Paybill/payBillsIconSelect' is present

2022-06-21 09:20:19 - [MESSAGE][WARNING] - Timeout '0' is invalid. Using default page load timeout: '40'

2022-06-21 09:20:24 - [MESSAGE][PASSED] - Element 'Object Repository/Paybill/payBillsIconSelect' is present

2022-06-21 09:20:24 - [TEST_STEP][PASSED] - tap(findTestObject("Paybill/payBillsIconSelect"), 0): Tapped on element 'Object Repository/Paybill/payBillsIconSelect'

2022-06-21 09:20:25 - [MESSAGE][WARNING] - Timeout '0' is invalid. Using default page load timeout: '40'

2022-06-21 09:20:25 - [MESSAGE][PASSED] - Tapped on element 'Object Repository/Paybill/payBillsIconSelect'

2022-06-21 09:20:25 - [TEST_STEP][PASSED] - tap(findTestObject("Paybill/payBillSearchBillerInputField"), 0): Tapped on element 'Object Repository/Paybill/payBillSearchBillerInputField'

2022-06-21 09:20:25 - [MESSAGE][WARNING] - Timeout '0' is invalid. Using default page load timeout: '40'

2022-06-21 09:20:28 - [MESSAGE][PASSED] - Tapped on element 'Object Repository/Paybill/payBillSearchBillerInputField'

2022-06-21 09:20:28 - [TEST_STEP][PASSED] - setText(findTestObject("Paybill/payBillBillerNameInputField"), payeeName, 0): Text '21st Century' has been set to element 'Object Repository/Paybill/payBillBillerNameInputField'

2022-06-21 09:20:28 - [MESSAGE][WARNING] - Timeout '0' is invalid. Using default page load timeout: '40'

2022-06-21 09:20:30 - [MESSAGE][PASSED] - Text '21st Century' has been set to element 'Object Repository/Paybill/payBillBillerNameInputField'

2022-06-21 09:20:30 - [TEST_STEP][PASSED] - delay(3): Delayed 3 second(s)

2022-06-21 09:20:33 - [MESSAGE][PASSED] - Delayed 3 second(s)

2022-06-21 09:20:33 - [TEST_STEP][PASSED] - tap(findTestObject("Paybill/payBillBillerSelect", ["payeeName":payeeName]), 10): Tapped on element 'Object Repository/Paybill/payBillBillerSelect'

2022-06-21 09:20:33 - [MESSAGE][PASSED] - Tapped on element 'Object Repository/Paybill/payBillBillerSelect'

2022-06-21 09:20:33 - [TEST_STEP][PASSED] - tap(findTestObject("Paybill/payBillBillerSelect", ["payeeName":payeeName]), 10): Tapped on element 'Object Repository/Paybill/payBillBillerSelect'

2022-06-21 09:20:34 - [MESSAGE][PASSED] - Tapped on element 'Object Repository/Paybill/payBillBillerSelect'

2022-06-21 09:20:34 - [TEST_STEP][PASSED] - delay(3): Delayed 3 second(s)

2022-06-21 09:20:37 - [MESSAGE][PASSED] - Delayed 3 second(s)

2022-06-21 09:20:37 - [TEST_STEP][PASSED] - verifyElementText(findTestObject("Paybill/payBillsAccountPayeeNameTxt", ["payee":payeeName]), payeeName): Actual text and expected text of test object 'Object Repository/Paybill/payBillsAccountPayeeNameTxt' are matched.

2022-06-21 09:20:37 - [MESSAGE][PASSED] - Actual text and expected text of test object 'Object Repository/Paybill/payBillsAccountPayeeNameTxt' are matched.

2022-06-21 09:20:37 - [TEST_STEP][PASSED] - verifyElementExist(findTestObject("Paybill/payBillsAccountNumberTitleTxt"), 0): Element 'Object Repository/Paybill/payBillsAccountNumberTitleTxt' is exist

2022-06-21 09:20:37 - [MESSAGE][WARNING] - Timeout '0' is invalid. Using default page load timeout: '40'

2022-06-21 09:20:37 - [MESSAGE][PASSED] - Element 'Object Repository/Paybill/payBillsAccountNumberTitleTxt' is exist

2022-06-21 09:20:37 - [TEST_STEP][PASSED] - setText(findTestObject("Paybill/PayBillAccountNumberInputField"), AccountNo, 0): Text '12299292' has been set to element 'Object Repository/Paybill/PayBillAccountNumberInputField'

2022-06-21 09:20:37 - [MESSAGE][WARNING] - Timeout '0' is invalid. Using default page load timeout: '40'

2022-06-21 09:20:38 - [MESSAGE][PASSED] - Text '12299292' has been set to element 'Object Repository/Paybill/PayBillAccountNumberInputField'

2022-06-21 09:20:38 - [TEST_STEP][PASSED] - hideKeyboard(): Keyboard is hidden

2022-06-21 09:20:41 - [MESSAGE][PASSED] - Keyboard is hidden

2022-06-21 09:20:41 - [TEST_STEP][PASSED] - verifyElementText(findTestObject("Paybill/payBillsAccountNumberInputtedTxt", ["AccountNo":AccountNo]), AccountNo): Actual text and expected text of test object 'Object Repository/Paybill/payBillsAccountNumberInputtedTxt' are matched.

2022-06-21 09:20:41 - [MESSAGE][PASSED] - Actual text and expected text of test object 'Object Repository/Paybill/payBillsAccountNumberInputtedTxt' are matched.

2022-06-21 09:20:41 - [TEST_STEP][PASSED] - tap(findTestObject("Login Onboarding/loginExistingContinueBtn"), 0): Tapped on element 'Object Repository/Login Onboarding/loginExistingContinueBtn'

2022-06-21 09:20:41 - [MESSAGE][WARNING] - Timeout '0' is invalid. Using default page load timeout: '40'

2022-06-21 09:20:41 - [MESSAGE][PASSED] - Tapped on element 'Object Repository/Login Onboarding/loginExistingContinueBtn'

2022-06-21 09:20:41 - [TEST_STEP][PASSED] - delay(3): Delayed 3 second(s)

2022-06-21 09:20:44 - [MESSAGE][PASSED] - Delayed 3 second(s)

2022-06-21 09:20:44 - [TEST_STEP][PASSED] - verifyElementText(findTestObject("Paybill/payBillsAmountPayeeNameTxt", ["payee":payeeName]), payeeName): Actual text and expected text of test object 'Object Repository/Paybill/payBillsAmountPayeeNameTxt' are matched.

2022-06-21 09:20:44 - [MESSAGE][PASSED] - Actual text and expected text of test object 'Object Repository/Paybill/payBillsAmountPayeeNameTxt' are matched.

2022-06-21 09:20:44 - [TEST_STEP][PASSED] - verifyElementText(findTestObject("Paybill/payBillsAmountPayeeAccountNoTxt", ["accNo":accNo]), accNo): Actual text and expected text of test object 'Object Repository/Paybill/payBillsAmountPayeeAccountNoTxt' are matched.

2022-06-21 09:20:45 - [MESSAGE][PASSED] - Actual text and expected text of test object 'Object Repository/Paybill/payBillsAmountPayeeAccountNoTxt' are matched.

2022-06-21 09:20:45 - [TEST_STEP][PASSED] - verifyElementExist(findTestObject("Paybill/payBillsAmountInitialTxt"), 0): Element 'Object Repository/Paybill/payBillsAmountInitialTxt' is exist

2022-06-21 09:20:45 - [MESSAGE][WARNING] - Timeout '0' is invalid. Using default page load timeout: '40'

2022-06-21 09:20:45 - [MESSAGE][PASSED] - Element 'Object Repository/Paybill/payBillsAmountInitialTxt' is exist

2022-06-21 09:20:45 - [TEST_STEP][PASSED] - verifyElementExist(findTestObject("Paybill/payBillsAmountCurrencyTxt"), 0): Element 'Object Repository/Paybill/payBillsAmountCurrencyTxt' is exist

2022-06-21 09:20:45 - [MESSAGE][WARNING] - Timeout '0' is invalid. Using default page load timeout: '40'

2022-06-21 09:20:45 - [MESSAGE][PASSED] - Element 'Object Repository/Paybill/payBillsAmountCurrencyTxt' is exist

2022-06-21 09:20:45 - [TEST_STEP][PASSED] - verifyElementExist(findTestObject("Paybill/payBillsAmountEnterTitleTxt"), 0): Element 'Object Repository/Paybill/payBillsAmountEnterTitleTxt' is exist

2022-06-21 09:20:45 - [MESSAGE][WARNING] - Timeout '0' is invalid. Using default page load timeout: '40'

2022-06-21 09:20:45 - [MESSAGE][PASSED] - Element 'Object Repository/Paybill/payBillsAmountEnterTitleTxt' is exist

2022-06-21 09:20:45 - [TEST_STEP][PASSED] - tap(findTestObject("Login Onboarding/PIN5"), 0): Tapped on element 'Object Repository/Login Onboarding/PIN5'

2022-06-21 09:20:45 - [MESSAGE][WARNING] - Timeout '0' is invalid. Using default page load timeout: '40'

2022-06-21 09:20:46 - [MESSAGE][PASSED] - Tapped on element 'Object Repository/Login Onboarding/PIN5'

2022-06-21 09:20:46 - [TEST_STEP][PASSED] - tap(findTestObject("Login Onboarding/PIN0"), 0): Tapped on element 'Object Repository/Login Onboarding/PIN0'

2022-06-21 09:20:46 - [MESSAGE][WARNING] - Timeout '0' is invalid. Using default page load timeout: '40'

2022-06-21 09:20:46 - [MESSAGE][PASSED] - Tapped on element 'Object Repository/Login Onboarding/PIN0'

2022-06-21 09:20:46 - [TEST_STEP][PASSED] - tap(findTestObject("Login Onboarding/PIN0"), 0): Tapped on element 'Object Repository/Login Onboarding/PIN0'

2022-06-21 09:20:46 - [MESSAGE][WARNING] - Timeout '0' is invalid. Using default page load timeout: '40'

2022-06-21 09:20:46 - [MESSAGE][PASSED] - Tapped on element 'Object Repository/Login Onboarding/PIN0'

2022-06-21 09:20:46 - [TEST_STEP][PASSED] - tap(findTestObject("Login Onboarding/PIN0"), 0): Tapped on element 'Object Repository/Login Onboarding/PIN0'

2022-06-21 09:20:46 - [MESSAGE][WARNING] - Timeout '0' is invalid. Using default page load timeout: '40'

2022-06-21 09:20:46 - [MESSAGE][PASSED] - Tapped on element 'Object Repository/Login Onboarding/PIN0'

2022-06-21 09:20:46 - [TEST_STEP][PASSED] - delay(3): Delayed 3 second(s)

2022-06-21 09:20:49 - [MESSAGE][PASSED] - Delayed 3 second(s)

2022-06-21 09:20:49 - [TEST_STEP][PASSED] - verifyElementText(findTestObject("Paybill/payBillsAmountInputtedTxt", ["value":values]), values): Actual text and expected text of test object 'Object Repository/Paybill/payBillsAmountInputtedTxt' are matched.

2022-06-21 09:20:50 - [MESSAGE][PASSED] - Actual text and expected text of test object 'Object Repository/Paybill/payBillsAmountInputtedTxt' are matched.

2022-06-21 09:20:50 - [TEST_STEP][PASSED] - tap(findTestObject("Main/mainAmountTickBtn"), 0): Tapped on element 'Object Repository/Main/mainAmountTickBtn'

2022-06-21 09:20:50 - [MESSAGE][WARNING] - Timeout '0' is invalid. Using default page load timeout: '40'

2022-06-21 09:20:50 - [MESSAGE][PASSED] - Tapped on element 'Object Repository/Main/mainAmountTickBtn'

2022-06-21 09:20:50 - [TEST_STEP][PASSED] - delay(5): Delayed 5 second(s)

2022-06-21 09:20:55 - [MESSAGE][PASSED] - Delayed 5 second(s)

2022-06-21 09:20:55 - [TEST_STEP][PASSED] - tap(findTestObject("Main/mainDatePickerTodaySelect"), 0): Tapped on element 'Object Repository/Main/mainDatePickerTodaySelect'

2022-06-21 09:20:55 - [MESSAGE][WARNING] - Timeout '0' is invalid. Using default page load timeout: '40'

2022-06-21 09:20:56 - [MESSAGE][PASSED] - Tapped on element 'Object Repository/Main/mainDatePickerTodaySelect'

2022-06-21 09:20:56 - [TEST_STEP][PASSED] - tap(findTestObject("Main/mainCalenderPickerNextBtn"), 0): Tapped on element 'Object Repository/Main/mainCalenderPickerNextBtn'

2022-06-21 09:20:56 - [MESSAGE][WARNING] - Timeout '0' is invalid. Using default page load timeout: '40'

2022-06-21 09:20:57 - [MESSAGE][PASSED] - Tapped on element 'Object Repository/Main/mainCalenderPickerNextBtn'

2022-06-21 09:20:57 - [TEST_STEP][PASSED] - delay(3): Delayed 3 second(s)

2022-06-21 09:21:00 - [MESSAGE][PASSED] - Delayed 3 second(s)

2022-06-21 09:21:00 - [TEST_STEP][PASSED] - tap(findTestObject("Main/mainDatePicker1"), 0): Tapped on element 'Object Repository/Main/mainDatePicker1'

2022-06-21 09:21:00 - [MESSAGE][WARNING] - Timeout '0' is invalid. Using default page load timeout: '40'

2022-06-21 09:21:01 - [MESSAGE][PASSED] - Tapped on element 'Object Repository/Main/mainDatePicker1'

2022-06-21 09:21:01 - [TEST_STEP][PASSED] - tap(findTestObject("Main/mainCalenderPickerDoneBtn"), 0): Tapped on element 'Object Repository/Main/mainCalenderPickerDoneBtn'

2022-06-21 09:21:01 - [MESSAGE][WARNING] - Timeout '0' is invalid. Using default page load timeout: '40'

2022-06-21 09:21:02 - [MESSAGE][PASSED] - Tapped on element 'Object Repository/Main/mainCalenderPickerDoneBtn'

2022-06-21 09:21:02 - [TEST_STEP][PASSED] - delay(3): Delayed 3 second(s)

2022-06-21 09:21:05 - [MESSAGE][PASSED] - Delayed 3 second(s)

2022-06-21 09:21:05 - [TEST_STEP][PASSED] - verifyElementText(findTestObject("Paybill/payBillsConfirmPayeeNameTxt", ["payeeName":payeeName]), payeeName): Actual text and expected text of test object 'Object Repository/Paybill/payBillsConfirmPayeeNameTxt' are matched.

2022-06-21 09:21:05 - [MESSAGE][PASSED] - Actual text and expected text of test object 'Object Repository/Paybill/payBillsConfirmPayeeNameTxt' are matched.

2022-06-21 09:21:05 - [TEST_STEP][PASSED] - verifyElementText(findTestObject("Paybill/payBillsConfirmPayeeAccountNoTxt", ["accNo":accNo]), accNo): Actual text and expected text of test object 'Object Repository/Paybill/payBillsConfirmPayeeAccountNoTxt' are matched.

2022-06-21 09:21:05 - [MESSAGE][PASSED] - Actual text and expected text of test object 'Object Repository/Paybill/payBillsConfirmPayeeAccountNoTxt' are matched.

2022-06-21 09:21:05 - [TEST_STEP][PASSED] - verifyElementText(findTestObject("Paybill/payBillsConfirmAmountTxt", ["amount":amount]), amount): Actual text and expected text of test object 'Object Repository/Paybill/payBillsConfirmAmountTxt' are matched.

2022-06-21 09:21:06 - [MESSAGE][PASSED] - Actual text and expected text of test object 'Object Repository/Paybill/payBillsConfirmAmountTxt' are matched.

2022-06-21 09:21:06 - [TEST_STEP][PASSED] - verifyElementExist(findTestObject("Paybill/payBillsConfirmDateTitleTxt"), 0): Element 'Object Repository/Paybill/payBillsConfirmDateTitleTxt' is exist

2022-06-21 09:21:06 - [MESSAGE][WARNING] - Timeout '0' is invalid. Using default page load timeout: '40'

2022-06-21 09:21:06 - [MESSAGE][PASSED] - Element 'Object Repository/Paybill/payBillsConfirmDateTitleTxt' is exist

2022-06-21 09:21:06 - [TEST_STEP][PASSED] - verifyElementNotExist(findTestObject("Paybill/payBillsConfirmDateTxt", ["trxDate":trxDate]), 0): Element 'Object Repository/Paybill/payBillsConfirmDateTxt' not found

2022-06-21 09:21:06 - [MESSAGE][WARNING] - Timeout '0' is invalid. Using default page load timeout: '40'

2022-06-21 09:21:46 - [MESSAGE][PASSED] - Element 'Object Repository/Paybill/payBillsConfirmDateTxt' not found

2022-06-21 09:21:46 - [TEST_STEP][PASSED] - verifyElementExist(findTestObject("Paybill/payBillsConfirmPayFromTxt"), 0): Element 'Object Repository/Paybill/payBillsConfirmPayFromTxt' is exist

2022-06-21 09:21:46 - [MESSAGE][WARNING] - Timeout '0' is invalid. Using default page load timeout: '40'

2022-06-21 09:21:46 - [MESSAGE][PASSED] - Element 'Object Repository/Paybill/payBillsConfirmPayFromTxt' is exist

2022-06-21 09:21:46 - [TEST_STEP][PASSED] - verifyElementText(findTestObject("Transfer/transferConfirmationFromAccTypeTxt", ["accType":accType]), accType): Actual text and expected text of test object 'Object Repository/Transfer/transferConfirmationFromAccTypeTxt' are matched.

2022-06-21 09:21:46 - [MESSAGE][PASSED] - Actual text and expected text of test object 'Object Repository/Transfer/transferConfirmationFromAccTypeTxt' are matched.

2022-06-21 09:21:46 - [TEST_STEP][PASSED] - verifyElementText(findTestObject("Transfer/transferConfirmationFromAccNoTxt", ["accNoFrom":accNoFrom]), accNoFrom): Actual text and expected text of test object 'Object Repository/Transfer/transferConfirmationFromAccNoTxt' are matched.

2022-06-21 09:21:47 - [MESSAGE][PASSED] - Actual text and expected text of test object 'Object Repository/Transfer/transferConfirmationFromAccNoTxt' are matched.

2022-06-21 09:21:47 - [TEST_STEP][PASSED] - verifyElementExist(findTestObject("Transfer/transferConfirmationFromAccBalanceTxt"), 0): Element 'Object Repository/Transfer/transferConfirmationFromAccBalanceTxt' is exist

2022-06-21 09:21:47 - [MESSAGE][WARNING] - Timeout '0' is invalid. Using default page load timeout: '40'

2022-06-21 09:21:47 - [MESSAGE][PASSED] - Element 'Object Repository/Transfer/transferConfirmationFromAccBalanceTxt' is exist

2022-06-21 09:21:47 - [TEST_STEP][PASSED] - accountBalance = getText(findTestObject("Transfer/transferConfirmationFromAccBalanceTxt"), 0): Text of element 'Object Repository/Transfer/transferConfirmationFromAccBalanceTxt' is: 'RM 1,806.00'

2022-06-21 09:21:47 - [MESSAGE][WARNING] - Timeout '0' is invalid. Using default page load timeout: '40'

2022-06-21 09:21:47 - [MESSAGE][PASSED] - Text of element 'Object Repository/Transfer/transferConfirmationFromAccBalanceTxt' is: 'RM 1,806.00'

2022-06-21 09:21:47 - [TEST_STEP][PASSED] - println(accountBalance): null

2022-06-21 09:21:47 - [TEST_STEP][PASSED] - waitForElementPresent(findTestObject("Main/mainPayNowBtn"), 5): Element 'Object Repository/Main/mainPayNowBtn' is present

2022-06-21 09:21:47 - [MESSAGE][PASSED] - Element 'Object Repository/Main/mainPayNowBtn' is present

2022-06-21 09:21:47 - [TEST_STEP][PASSED] - tap(findTestObject("Main/mainPayNowBtn"), 0): Tapped on element 'Object Repository/Main/mainPayNowBtn'

2022-06-21 09:21:47 - [MESSAGE][WARNING] - Timeout '0' is invalid. Using default page load timeout: '40'

2022-06-21 09:21:48 - [MESSAGE][PASSED] - Tapped on element 'Object Repository/Main/mainPayNowBtn'

2022-06-21 09:21:48 - [TEST_STEP][PASSED] - if (verifyElementVisible(findTestObject("Festive Season/festiveReturnAngpaoTACNoTxt"), 10, OPTIONAL)): Element 'Object Repository/Festive Season/festiveReturnAngpaoTACNoTxt' not found

2022-06-21 09:21:58 - [MESSAGE][WARNING] - Element 'Object Repository/Festive Season/festiveReturnAngpaoTACNoTxt' not found

2022-06-21 09:21:58 - [TEST_STEP][FAILED] - else: null

2022-06-21 09:21:58 - [TEST_STEP][PASSED] - delay(5): Delayed 5 second(s)

2022-06-21 09:22:03 - [MESSAGE][PASSED] - Delayed 5 second(s)

2022-06-21 09:22:03 - [TEST_STEP][FAILED] - verifyElementVisible(findTestObject("Main/mainS2UApproveBtn"), 10): Element 'Object Repository/Main/mainS2UApproveBtn' not found

2022-06-21 09:22:13 - [MESSAGE][FAILED] - Element 'Object Repository/Main/mainS2UApproveBtn' not found

2022-06-21 09:22:13 - [TEST_STEP][FAILED] - tap(findTestObject("Main/mainS2UApproveBtn"), 0): Object Object Repository/Main/mainS2UApproveBtn not found

2022-06-21 09:22:13 - [MESSAGE][WARNING] - Timeout '0' is invalid. Using default page load timeout: '40'

2022-06-21 09:22:53 - [MESSAGE][FAILED] - Object Object Repository/Main/mainS2UApproveBtn not found

2022-06-21 09:22:53 - [TEST_STEP][PASSED] - delay(10): Delayed 10 second(s)

2022-06-21 09:23:03 - [MESSAGE][PASSED] - Delayed 10 second(s)

2022-06-21 09:23:03 - [TEST_STEP][PASSED] - verifyElementExist(findTestObject("Festive Season/returnAngpaoStatusMessageTxt"), 0): Element 'Object Repository/Festive Season/returnAngpaoStatusMessageTxt' is exist

2022-06-21 09:23:03 - [MESSAGE][WARNING] - Timeout '0' is invalid. Using default page load timeout: '40'

2022-06-21 09:23:03 - [MESSAGE][PASSED] - Element 'Object Repository/Festive Season/returnAngpaoStatusMessageTxt' is exist

2022-06-21 09:23:03 - [TEST_STEP][PASSED] - message = getText(findTestObject("Festive Season/returnAngpaoStatusMessageTxt"), 10): Text of element 'Object Repository/Festive Season/returnAngpaoStatusMessageTxt' is: 'Payment scheduled'

2022-06-21 09:23:03 - [MESSAGE][PASSED] - Text of element 'Object Repository/Festive Season/returnAngpaoStatusMessageTxt' is: 'Payment scheduled'

2022-06-21 09:23:03 - [TEST_STEP][PASSED] - println(message): null

2022-06-21 09:23:03 - [TEST_STEP][PASSED] - assert message == successTransactionMessage: null

2022-06-21 09:23:03 - [TEST_STEP][PASSED] - delay(5): Delayed 5 second(s)

2022-06-21 09:23:08 - [MESSAGE][PASSED] - Delayed 5 second(s)

2022-06-21 09:23:08 - [TEST_STEP][PASSED] - verifyElementExist(findTestObject("Paybill/payBillsSummaryDateTimeTitleTxt"), 0): Element 'Object Repository/Paybill/payBillsSummaryDateTimeTitleTxt' is exist

2022-06-21 09:23:08 - [MESSAGE][WARNING] - Timeout '0' is invalid. Using default page load timeout: '40'

2022-06-21 09:23:09 - [MESSAGE][PASSED] - Element 'Object Repository/Paybill/payBillsSummaryDateTimeTitleTxt' is exist

2022-06-21 09:23:09 - [TEST_STEP][PASSED] - verifyElementExist(findTestObject("Duit Now/duitNowSummaryRefernceIDTitleTxt"), 0): Element 'Object Repository/Duit Now/duitNowSummaryRefernceIDTitleTxt' is exist

2022-06-21 09:23:09 - [MESSAGE][WARNING] - Timeout '0' is invalid. Using default page load timeout: '40'

2022-06-21 09:23:09 - [MESSAGE][PASSED] - Element 'Object Repository/Duit Now/duitNowSummaryRefernceIDTitleTxt' is exist

2022-06-21 09:23:09 - [TEST_STEP][FAILED] - verifyElementExist(findTestObject("Transfer/transferSummaryShareReceiptBtn"), 0): Element 'Object Repository/Transfer/transferSummaryShareReceiptBtn' not found

2022-06-21 09:23:09 - [MESSAGE][WARNING] - Timeout '0' is invalid. Using default page load timeout: '40'

2022-06-21 09:23:49 - [MESSAGE][FAILED] - Element 'Object Repository/Transfer/transferSummaryShareReceiptBtn' not found

2022-06-21 09:23:49 - [TEST_STEP][PASSED] - delay(5): Delayed 5 second(s)

2022-06-21 09:23:54 - [MESSAGE][PASSED] - Delayed 5 second(s)

2022-06-21 09:23:54 - [TEST_STEP][PASSED] - referenceID = getText(findTestObject("Send Request Money/requestMoneyPaySummaryRefIDTxt"), 0): Text of element 'Object Repository/Send Request Money/requestMoneyPaySummaryRefIDTxt' is: 'Reference ID'

2022-06-21 09:23:54 - [MESSAGE][WARNING] - Timeout '0' is invalid. Using default page load timeout: '40'

2022-06-21 09:23:54 - [MESSAGE][PASSED] - Text of element 'Object Repository/Send Request Money/requestMoneyPaySummaryRefIDTxt' is: 'Reference ID'

2022-06-21 09:23:54 - [TEST_STEP][PASSED] - println(referenceID): null

2022-06-21 09:23:54 - [TEST_STEP][PASSED] - test = dataFolder: null

2022-06-21 09:23:54 - [TEST_STEP][PASSED] - sheetName = "Sheet1": null

2022-06-21 09:23:54 - [TEST_STEP][PASSED] - file1 = new java.io.File(test): null

2022-06-21 09:23:54 - [TEST_STEP][PASSED] - assert file1.exists() == true: null

2022-06-21 09:23:54 - [TEST_STEP][PASSED] - woorkbook1 = getWorkbook(test): null

2022-06-21 09:23:54 - [TEST_STEP][PASSED] - sheet1 = getExcelSheet(woorkbook1, sheetName): null

2022-06-21 09:23:54 - [TEST_STEP][PASSED] - setValueToCellByIndex(sheet1, 4, 1, referenceID): null

2022-06-21 09:23:54 - [TEST_STEP][PASSED] - saveWorkbook(test, woorkbook1): null

2022-06-21 09:23:54 - [TEST_STEP][PASSED] - delay(3): Delayed 3 second(s)

2022-06-21 09:23:57 - [MESSAGE][PASSED] - Delayed 3 second(s)

2022-06-21 09:23:57 - [TEST_STEP][PASSED] - takeScreenshot("/Users/a00139272/Desktop/Screenshot/payBillsSchedule.png"): Screenshot is taken

2022-06-21 09:23:58 - [MESSAGE][PASSED] - Screenshot is taken
[[ATTACHMENT|/Users/a00139272/Desktop/Screenshot/payBillsSchedule.png]]

2022-06-21 09:23:58 - [TEST_STEP][PASSED] - verifyElementVisible(findTestObject("Main/mainDoneBtn"), 0): Element 'Object Repository/Main/mainDoneBtn' is visible

2022-06-21 09:23:58 - [MESSAGE][WARNING] - Timeout '0' is invalid. Using default page load timeout: '40'

2022-06-21 09:23:58 - [MESSAGE][PASSED] - Element 'Object Repository/Main/mainDoneBtn' is visible

2022-06-21 09:23:58 - [TEST_STEP][PASSED] - tap(findTestObject("Main/mainDoneBtn"), 0): Tapped on element 'Object Repository/Main/mainDoneBtn'

2022-06-21 09:23:58 - [MESSAGE][WARNING] - Timeout '0' is invalid. Using default page load timeout: '40'

2022-06-21 09:23:59 - [MESSAGE][PASSED] - Tapped on element 'Object Repository/Main/mainDoneBtn'

2022-06-21 09:23:59 - [TEST_STEP][PASSED] - delay(3): Delayed 3 second(s)

2022-06-21 09:24:02 - [MESSAGE][PASSED] - Delayed 3 second(s)]]></system-out>
         <system-err><![CDATA[2022-06-21 09:20:18 - [TEST_CASE][FAILED] - Test Cases/PayBill/payBills_scheduleTransaction: Test Cases/PayBill/payBills_scheduleTransaction FAILED.
Reason:
com.kms.katalon.core.exception.StepFailedException: Element 'Object Repository/Main/mainS2UApproveBtn' not found
	at com.kms.katalon.core.keyword.internal.KeywordMain.stepFailed(KeywordMain.groovy:39)
	at com.kms.katalon.core.mobile.keyword.internal.MobileKeywordMain.stepFailed(MobileKeywordMain.groovy:40)
	at com.kms.katalon.core.mobile.keyword.builtin.VerifyElementVisibleKeyword$_verifyElementVisible_closure1.doCall(VerifyElementVisibleKeyword.groovy:82)
	at com.kms.katalon.core.mobile.keyword.builtin.VerifyElementVisibleKeyword$_verifyElementVisible_closure1.call(VerifyElementVisibleKeyword.groovy)
	at com.kms.katalon.core.mobile.keyword.internal.MobileKeywordMain.runKeyword(MobileKeywordMain.groovy:21)
	at com.kms.katalon.core.mobile.keyword.builtin.VerifyElementVisibleKeyword.verifyElementVisible(VerifyElementVisibleKeyword.groovy:85)
	at com.kms.katalon.core.mobile.keyword.builtin.VerifyElementVisibleKeyword.execute(VerifyElementVisibleKeyword.groovy:64)
	at com.kms.katalon.core.keyword.internal.KeywordExecutor.executeKeywordForPlatform(KeywordExecutor.groovy:74)
	at com.kms.katalon.core.mobile.keyword.MobileBuiltInKeywords.verifyElementVisible(MobileBuiltInKeywords.groovy:2031)
	at com.kms.katalon.core.mobile.keyword.MobileBuiltInKeywords$verifyElementVisible$12.call(Unknown Source)
	at payBills_scheduleTransaction.run(payBills_scheduleTransaction:203)
	at com.kms.katalon.core.main.ScriptEngine.run(ScriptEngine.java:194)
	at com.kms.katalon.core.main.ScriptEngine.runScriptAsRawText(ScriptEngine.java:119)
	at com.kms.katalon.core.main.TestCaseExecutor.runScript(TestCaseExecutor.java:445)
	at com.kms.katalon.core.main.TestCaseExecutor.doExecute(TestCaseExecutor.java:436)
	at com.kms.katalon.core.main.TestCaseExecutor.processExecutionPhase(TestCaseExecutor.java:415)
	at com.kms.katalon.core.main.TestCaseExecutor.accessMainPhase(TestCaseExecutor.java:407)
	at com.kms.katalon.core.main.TestCaseExecutor.execute(TestCaseExecutor.java:284)
	at com.kms.katalon.core.common.CommonExecutor.accessTestCaseMainPhase(CommonExecutor.java:65)
	at com.kms.katalon.core.main.TestSuiteExecutor.accessTestSuiteMainPhase(TestSuiteExecutor.java:144)
	at com.kms.katalon.core.main.TestSuiteExecutor.execute(TestSuiteExecutor.java:106)
	at com.kms.katalon.core.main.TestCaseMain.startTestSuite(TestCaseMain.java:185)
	at com.kms.katalon.core.main.TestCaseMain$startTestSuite$0.call(Unknown Source)
	at TempTestSuite1655773944408.run(TempTestSuite1655773944408.groovy:36)]]></system-err>
      </testcase>
      <testcase name="Test Cases/PayBill/payBills_addFavoriteTransaction" time="102.889" classname="Test Cases/PayBill/payBills_addFavoriteTransaction" status="PASSED">
         <system-out><![CDATA[2022-06-21 09:24:02 - [TEST_CASE][PASSED] - Test Cases/PayBill/payBills_addFavoriteTransaction: Test Cases/PayBill/payBills_addFavoriteTransaction

2022-06-21 09:24:02 - [TEST_STEP][PASSED] - delay(5): Delayed 5 second(s)

2022-06-21 09:24:07 - [MESSAGE][PASSED] - Delayed 5 second(s)

2022-06-21 09:24:07 - [TEST_STEP][PASSED] - device_Height = getDeviceHeight(): Current device physical height is 2167

2022-06-21 09:24:07 - [MESSAGE][PASSED] - Current device physical height is 2167

2022-06-21 09:24:07 - [TEST_STEP][PASSED] - device_Width = getDeviceWidth(): Current device physical width is 1080

2022-06-21 09:24:08 - [MESSAGE][PASSED] - Current device physical width is 1080

2022-06-21 09:24:08 - [TEST_STEP][PASSED] - startX = device_Width / 3: null

2022-06-21 09:24:08 - [TEST_STEP][PASSED] - startY = device_Height * 0.97: null

2022-06-21 09:24:08 - [TEST_STEP][PASSED] - tap(findTestObject("Banking/m2uAccountPayBillsIconSelect"), 0): Tapped on element 'Object Repository/Banking/m2uAccountPayBillsIconSelect'

2022-06-21 09:24:08 - [MESSAGE][WARNING] - Timeout '0' is invalid. Using default page load timeout: '40'

2022-06-21 09:24:08 - [MESSAGE][PASSED] - Tapped on element 'Object Repository/Banking/m2uAccountPayBillsIconSelect'

2022-06-21 09:24:08 - [TEST_STEP][PASSED] - waitForElementPresent(findTestObject("Paybill/payBillsIconSelect"), 0): Element 'Object Repository/Paybill/payBillsIconSelect' is present

2022-06-21 09:24:08 - [MESSAGE][WARNING] - Timeout '0' is invalid. Using default page load timeout: '40'

2022-06-21 09:24:13 - [MESSAGE][PASSED] - Element 'Object Repository/Paybill/payBillsIconSelect' is present

2022-06-21 09:24:13 - [TEST_STEP][PASSED] - tap(findTestObject("Paybill/payBillsIconSelect"), 0): Tapped on element 'Object Repository/Paybill/payBillsIconSelect'

2022-06-21 09:24:13 - [MESSAGE][WARNING] - Timeout '0' is invalid. Using default page load timeout: '40'

2022-06-21 09:24:13 - [MESSAGE][PASSED] - Tapped on element 'Object Repository/Paybill/payBillsIconSelect'

2022-06-21 09:24:13 - [TEST_STEP][PASSED] - tap(findTestObject("Paybill/payBillSearchBillerInputField"), 0): Tapped on element 'Object Repository/Paybill/payBillSearchBillerInputField'

2022-06-21 09:24:13 - [MESSAGE][WARNING] - Timeout '0' is invalid. Using default page load timeout: '40'

2022-06-21 09:24:17 - [MESSAGE][PASSED] - Tapped on element 'Object Repository/Paybill/payBillSearchBillerInputField'

2022-06-21 09:24:17 - [TEST_STEP][PASSED] - setText(findTestObject("Paybill/payBillBillerNameInputField"), payeeName, 0): Text '21st Century' has been set to element 'Object Repository/Paybill/payBillBillerNameInputField'

2022-06-21 09:24:17 - [MESSAGE][WARNING] - Timeout '0' is invalid. Using default page load timeout: '40'

2022-06-21 09:24:19 - [MESSAGE][PASSED] - Text '21st Century' has been set to element 'Object Repository/Paybill/payBillBillerNameInputField'

2022-06-21 09:24:19 - [TEST_STEP][PASSED] - delay(3): Delayed 3 second(s)

2022-06-21 09:24:22 - [MESSAGE][PASSED] - Delayed 3 second(s)

2022-06-21 09:24:22 - [TEST_STEP][PASSED] - tap(findTestObject("Paybill/payBillBillerSelect", ["payeeName":payeeName]), 10): Tapped on element 'Object Repository/Paybill/payBillBillerSelect'

2022-06-21 09:24:22 - [MESSAGE][PASSED] - Tapped on element 'Object Repository/Paybill/payBillBillerSelect'

2022-06-21 09:24:22 - [TEST_STEP][PASSED] - tap(findTestObject("Paybill/payBillBillerSelect", ["payeeName":payeeName]), 10): Tapped on element 'Object Repository/Paybill/payBillBillerSelect'

2022-06-21 09:24:23 - [MESSAGE][PASSED] - Tapped on element 'Object Repository/Paybill/payBillBillerSelect'

2022-06-21 09:24:23 - [TEST_STEP][PASSED] - delay(3): Delayed 3 second(s)

2022-06-21 09:24:26 - [MESSAGE][PASSED] - Delayed 3 second(s)

2022-06-21 09:24:26 - [TEST_STEP][PASSED] - verifyElementText(findTestObject("Paybill/payBillsAccountPayeeNameTxt", ["payee":payeeName]), payeeName): Actual text and expected text of test object 'Object Repository/Paybill/payBillsAccountPayeeNameTxt' are matched.

2022-06-21 09:24:26 - [MESSAGE][PASSED] - Actual text and expected text of test object 'Object Repository/Paybill/payBillsAccountPayeeNameTxt' are matched.

2022-06-21 09:24:26 - [TEST_STEP][PASSED] - verifyElementExist(findTestObject("Paybill/payBillsAccountNumberTitleTxt"), 0): Element 'Object Repository/Paybill/payBillsAccountNumberTitleTxt' is exist

2022-06-21 09:24:26 - [MESSAGE][WARNING] - Timeout '0' is invalid. Using default page load timeout: '40'

2022-06-21 09:24:26 - [MESSAGE][PASSED] - Element 'Object Repository/Paybill/payBillsAccountNumberTitleTxt' is exist

2022-06-21 09:24:26 - [TEST_STEP][PASSED] - setText(findTestObject("Paybill/PayBillAccountNumberInputField"), AccountNo, 0): Text '12299292' has been set to element 'Object Repository/Paybill/PayBillAccountNumberInputField'

2022-06-21 09:24:27 - [MESSAGE][WARNING] - Timeout '0' is invalid. Using default page load timeout: '40'

2022-06-21 09:24:27 - [MESSAGE][PASSED] - Text '12299292' has been set to element 'Object Repository/Paybill/PayBillAccountNumberInputField'

2022-06-21 09:24:27 - [TEST_STEP][PASSED] - hideKeyboard(): Keyboard is hidden

2022-06-21 09:24:30 - [MESSAGE][PASSED] - Keyboard is hidden

2022-06-21 09:24:30 - [TEST_STEP][PASSED] - verifyElementText(findTestObject("Paybill/payBillsAccountNumberInputtedTxt", ["AccountNo":AccountNo]), AccountNo): Actual text and expected text of test object 'Object Repository/Paybill/payBillsAccountNumberInputtedTxt' are matched.

2022-06-21 09:24:30 - [MESSAGE][PASSED] - Actual text and expected text of test object 'Object Repository/Paybill/payBillsAccountNumberInputtedTxt' are matched.

2022-06-21 09:24:30 - [TEST_STEP][PASSED] - tap(findTestObject("Login Onboarding/loginExistingContinueBtn"), 0): Tapped on element 'Object Repository/Login Onboarding/loginExistingContinueBtn'

2022-06-21 09:24:30 - [MESSAGE][WARNING] - Timeout '0' is invalid. Using default page load timeout: '40'

2022-06-21 09:24:30 - [MESSAGE][PASSED] - Tapped on element 'Object Repository/Login Onboarding/loginExistingContinueBtn'

2022-06-21 09:24:30 - [TEST_STEP][PASSED] - delay(3): Delayed 3 second(s)

2022-06-21 09:24:33 - [MESSAGE][PASSED] - Delayed 3 second(s)

2022-06-21 09:24:33 - [TEST_STEP][PASSED] - verifyElementText(findTestObject("Paybill/payBillsAmountPayeeNameTxt", ["payee":payeeName]), payeeName): Actual text and expected text of test object 'Object Repository/Paybill/payBillsAmountPayeeNameTxt' are matched.

2022-06-21 09:24:34 - [MESSAGE][PASSED] - Actual text and expected text of test object 'Object Repository/Paybill/payBillsAmountPayeeNameTxt' are matched.

2022-06-21 09:24:34 - [TEST_STEP][PASSED] - verifyElementText(findTestObject("Paybill/payBillsAmountPayeeAccountNoTxt", ["accNo":accNo]), accNo): Actual text and expected text of test object 'Object Repository/Paybill/payBillsAmountPayeeAccountNoTxt' are matched.

2022-06-21 09:24:34 - [MESSAGE][PASSED] - Actual text and expected text of test object 'Object Repository/Paybill/payBillsAmountPayeeAccountNoTxt' are matched.

2022-06-21 09:24:34 - [TEST_STEP][PASSED] - verifyElementExist(findTestObject("Paybill/payBillsAmountInitialTxt"), 0): Element 'Object Repository/Paybill/payBillsAmountInitialTxt' is exist

2022-06-21 09:24:34 - [MESSAGE][WARNING] - Timeout '0' is invalid. Using default page load timeout: '40'

2022-06-21 09:24:34 - [MESSAGE][PASSED] - Element 'Object Repository/Paybill/payBillsAmountInitialTxt' is exist

2022-06-21 09:24:34 - [TEST_STEP][PASSED] - verifyElementExist(findTestObject("Paybill/payBillsAmountCurrencyTxt"), 0): Element 'Object Repository/Paybill/payBillsAmountCurrencyTxt' is exist

2022-06-21 09:24:34 - [MESSAGE][WARNING] - Timeout '0' is invalid. Using default page load timeout: '40'

2022-06-21 09:24:34 - [MESSAGE][PASSED] - Element 'Object Repository/Paybill/payBillsAmountCurrencyTxt' is exist

2022-06-21 09:24:34 - [TEST_STEP][PASSED] - verifyElementExist(findTestObject("Paybill/payBillsAmountEnterTitleTxt"), 0): Element 'Object Repository/Paybill/payBillsAmountEnterTitleTxt' is exist

2022-06-21 09:24:34 - [MESSAGE][WARNING] - Timeout '0' is invalid. Using default page load timeout: '40'

2022-06-21 09:24:35 - [MESSAGE][PASSED] - Element 'Object Repository/Paybill/payBillsAmountEnterTitleTxt' is exist

2022-06-21 09:24:35 - [TEST_STEP][PASSED] - tap(findTestObject("Login Onboarding/PIN5"), 0): Tapped on element 'Object Repository/Login Onboarding/PIN5'

2022-06-21 09:24:35 - [MESSAGE][WARNING] - Timeout '0' is invalid. Using default page load timeout: '40'

2022-06-21 09:24:35 - [MESSAGE][PASSED] - Tapped on element 'Object Repository/Login Onboarding/PIN5'

2022-06-21 09:24:35 - [TEST_STEP][PASSED] - tap(findTestObject("Login Onboarding/PIN0"), 0): Tapped on element 'Object Repository/Login Onboarding/PIN0'

2022-06-21 09:24:35 - [MESSAGE][WARNING] - Timeout '0' is invalid. Using default page load timeout: '40'

2022-06-21 09:24:35 - [MESSAGE][PASSED] - Tapped on element 'Object Repository/Login Onboarding/PIN0'

2022-06-21 09:24:35 - [TEST_STEP][PASSED] - tap(findTestObject("Login Onboarding/PIN0"), 0): Tapped on element 'Object Repository/Login Onboarding/PIN0'

2022-06-21 09:24:35 - [MESSAGE][WARNING] - Timeout '0' is invalid. Using default page load timeout: '40'

2022-06-21 09:24:35 - [MESSAGE][PASSED] - Tapped on element 'Object Repository/Login Onboarding/PIN0'

2022-06-21 09:24:35 - [TEST_STEP][PASSED] - tap(findTestObject("Login Onboarding/PIN0"), 0): Tapped on element 'Object Repository/Login Onboarding/PIN0'

2022-06-21 09:24:36 - [MESSAGE][WARNING] - Timeout '0' is invalid. Using default page load timeout: '40'

2022-06-21 09:24:36 - [MESSAGE][PASSED] - Tapped on element 'Object Repository/Login Onboarding/PIN0'

2022-06-21 09:24:36 - [TEST_STEP][PASSED] - delay(3): Delayed 3 second(s)

2022-06-21 09:24:39 - [MESSAGE][PASSED] - Delayed 3 second(s)

2022-06-21 09:24:39 - [TEST_STEP][PASSED] - verifyElementText(findTestObject("Paybill/payBillsAmountInputtedTxt", ["value":values]), values): Actual text and expected text of test object 'Object Repository/Paybill/payBillsAmountInputtedTxt' are matched.

2022-06-21 09:24:39 - [MESSAGE][PASSED] - Actual text and expected text of test object 'Object Repository/Paybill/payBillsAmountInputtedTxt' are matched.

2022-06-21 09:24:39 - [TEST_STEP][PASSED] - tap(findTestObject("Main/mainAmountTickBtn"), 0): Tapped on element 'Object Repository/Main/mainAmountTickBtn'

2022-06-21 09:24:39 - [MESSAGE][WARNING] - Timeout '0' is invalid. Using default page load timeout: '40'

2022-06-21 09:24:39 - [MESSAGE][PASSED] - Tapped on element 'Object Repository/Main/mainAmountTickBtn'

2022-06-21 09:24:39 - [TEST_STEP][PASSED] - delay(5): Delayed 5 second(s)

2022-06-21 09:24:44 - [MESSAGE][PASSED] - Delayed 5 second(s)

2022-06-21 09:24:44 - [TEST_STEP][PASSED] - verifyElementText(findTestObject("Paybill/payBillsConfirmPayeeNameTxt", ["payeeName":payeeName]), payeeName): Actual text and expected text of test object 'Object Repository/Paybill/payBillsConfirmPayeeNameTxt' are matched.

2022-06-21 09:24:45 - [MESSAGE][PASSED] - Actual text and expected text of test object 'Object Repository/Paybill/payBillsConfirmPayeeNameTxt' are matched.

2022-06-21 09:24:45 - [TEST_STEP][PASSED] - verifyElementText(findTestObject("Paybill/payBillsConfirmPayeeAccountNoTxt", ["accNo":accNo]), accNo): Actual text and expected text of test object 'Object Repository/Paybill/payBillsConfirmPayeeAccountNoTxt' are matched.

2022-06-21 09:24:46 - [MESSAGE][PASSED] - Actual text and expected text of test object 'Object Repository/Paybill/payBillsConfirmPayeeAccountNoTxt' are matched.

2022-06-21 09:24:46 - [TEST_STEP][PASSED] - verifyElementText(findTestObject("Paybill/payBillsConfirmAmountTxt", ["amount":amount]), amount): Actual text and expected text of test object 'Object Repository/Paybill/payBillsConfirmAmountTxt' are matched.

2022-06-21 09:24:46 - [MESSAGE][PASSED] - Actual text and expected text of test object 'Object Repository/Paybill/payBillsConfirmAmountTxt' are matched.

2022-06-21 09:24:46 - [TEST_STEP][PASSED] - verifyElementExist(findTestObject("Paybill/payBillsConfirmDateTitleTxt"), 0): Element 'Object Repository/Paybill/payBillsConfirmDateTitleTxt' is exist

2022-06-21 09:24:46 - [MESSAGE][WARNING] - Timeout '0' is invalid. Using default page load timeout: '40'

2022-06-21 09:24:46 - [MESSAGE][PASSED] - Element 'Object Repository/Paybill/payBillsConfirmDateTitleTxt' is exist

2022-06-21 09:24:46 - [TEST_STEP][PASSED] - verifyElementText(findTestObject("Paybill/payBillsConfirmDateTxt", ["trxDate":trxDate]), trxDate): Actual text and expected text of test object 'Object Repository/Paybill/payBillsConfirmDateTxt' are matched.

2022-06-21 09:24:46 - [MESSAGE][PASSED] - Actual text and expected text of test object 'Object Repository/Paybill/payBillsConfirmDateTxt' are matched.

2022-06-21 09:24:46 - [TEST_STEP][PASSED] - verifyElementExist(findTestObject("Paybill/payBillsConfirmPayFromTxt"), 0): Element 'Object Repository/Paybill/payBillsConfirmPayFromTxt' is exist

2022-06-21 09:24:46 - [MESSAGE][WARNING] - Timeout '0' is invalid. Using default page load timeout: '40'

2022-06-21 09:24:47 - [MESSAGE][PASSED] - Element 'Object Repository/Paybill/payBillsConfirmPayFromTxt' is exist

2022-06-21 09:24:47 - [TEST_STEP][PASSED] - verifyElementText(findTestObject("Transfer/transferConfirmationFromAccTypeTxt", ["accType":accType]), accType): Actual text and expected text of test object 'Object Repository/Transfer/transferConfirmationFromAccTypeTxt' are matched.

2022-06-21 09:24:47 - [MESSAGE][PASSED] - Actual text and expected text of test object 'Object Repository/Transfer/transferConfirmationFromAccTypeTxt' are matched.

2022-06-21 09:24:47 - [TEST_STEP][PASSED] - verifyElementText(findTestObject("Transfer/transferConfirmationFromAccNoTxt", ["accNoFrom":accNoFrom]), accNoFrom): Actual text and expected text of test object 'Object Repository/Transfer/transferConfirmationFromAccNoTxt' are matched.

2022-06-21 09:24:47 - [MESSAGE][PASSED] - Actual text and expected text of test object 'Object Repository/Transfer/transferConfirmationFromAccNoTxt' are matched.

2022-06-21 09:24:47 - [TEST_STEP][PASSED] - verifyElementExist(findTestObject("Transfer/transferConfirmationFromAccBalanceTxt"), 0): Element 'Object Repository/Transfer/transferConfirmationFromAccBalanceTxt' is exist

2022-06-21 09:24:47 - [MESSAGE][WARNING] - Timeout '0' is invalid. Using default page load timeout: '40'

2022-06-21 09:24:47 - [MESSAGE][PASSED] - Element 'Object Repository/Transfer/transferConfirmationFromAccBalanceTxt' is exist

2022-06-21 09:24:47 - [TEST_STEP][PASSED] - accountBalance = getText(findTestObject("Transfer/transferConfirmationFromAccBalanceTxt"), 0): Text of element 'Object Repository/Transfer/transferConfirmationFromAccBalanceTxt' is: 'RM 1,806.00'

2022-06-21 09:24:47 - [MESSAGE][WARNING] - Timeout '0' is invalid. Using default page load timeout: '40'

2022-06-21 09:24:48 - [MESSAGE][PASSED] - Text of element 'Object Repository/Transfer/transferConfirmationFromAccBalanceTxt' is: 'RM 1,806.00'

2022-06-21 09:24:48 - [TEST_STEP][PASSED] - println(accountBalance): null

2022-06-21 09:24:48 - [TEST_STEP][PASSED] - waitForElementPresent(findTestObject("Main/mainPayNowBtn"), 5): Element 'Object Repository/Main/mainPayNowBtn' is present

2022-06-21 09:24:48 - [MESSAGE][PASSED] - Element 'Object Repository/Main/mainPayNowBtn' is present

2022-06-21 09:24:48 - [TEST_STEP][PASSED] - tap(findTestObject("Main/mainPayNowBtn"), 0): Tapped on element 'Object Repository/Main/mainPayNowBtn'

2022-06-21 09:24:48 - [MESSAGE][WARNING] - Timeout '0' is invalid. Using default page load timeout: '40'

2022-06-21 09:24:48 - [MESSAGE][PASSED] - Tapped on element 'Object Repository/Main/mainPayNowBtn'

2022-06-21 09:24:48 - [TEST_STEP][PASSED] - if (verifyElementVisible(findTestObject("Festive Season/festiveReturnAngpaoTACNoTxt"), 10, OPTIONAL)): Element 'Object Repository/Festive Season/festiveReturnAngpaoTACNoTxt' not found

2022-06-21 09:24:58 - [MESSAGE][WARNING] - Element 'Object Repository/Festive Season/festiveReturnAngpaoTACNoTxt' not found

2022-06-21 09:24:58 - [TEST_STEP][PASSED] - else: Delayed 5 second(s)

2022-06-21 09:24:58 - [TEST_STEP][PASSED] - delay(5): Delayed 5 second(s)

2022-06-21 09:25:03 - [MESSAGE][PASSED] - Delayed 5 second(s)

2022-06-21 09:25:03 - [TEST_STEP][PASSED] - verifyElementVisible(findTestObject("Main/mainS2UApproveBtn"), 10): Element 'Object Repository/Main/mainS2UApproveBtn' is visible

2022-06-21 09:25:04 - [MESSAGE][PASSED] - Element 'Object Repository/Main/mainS2UApproveBtn' is visible

2022-06-21 09:25:04 - [TEST_STEP][PASSED] - tap(findTestObject("Main/mainS2UApproveBtn"), 0): Tapped on element 'Object Repository/Main/mainS2UApproveBtn'

2022-06-21 09:25:04 - [MESSAGE][WARNING] - Timeout '0' is invalid. Using default page load timeout: '40'

2022-06-21 09:25:04 - [MESSAGE][PASSED] - Tapped on element 'Object Repository/Main/mainS2UApproveBtn'

2022-06-21 09:25:04 - [TEST_STEP][PASSED] - delay(5): Delayed 5 second(s)

2022-06-21 09:25:09 - [MESSAGE][PASSED] - Delayed 5 second(s)

2022-06-21 09:25:09 - [TEST_STEP][PASSED] - verifyElementExist(findTestObject("Festive Season/returnAngpaoStatusMessageTxt"), 0): Element 'Object Repository/Festive Season/returnAngpaoStatusMessageTxt' is exist

2022-06-21 09:25:09 - [MESSAGE][WARNING] - Timeout '0' is invalid. Using default page load timeout: '40'

2022-06-21 09:25:10 - [MESSAGE][PASSED] - Element 'Object Repository/Festive Season/returnAngpaoStatusMessageTxt' is exist

2022-06-21 09:25:10 - [TEST_STEP][PASSED] - message = getText(findTestObject("Festive Season/returnAngpaoStatusMessageTxt"), 10): Text of element 'Object Repository/Festive Season/returnAngpaoStatusMessageTxt' is: 'Payment successful'

2022-06-21 09:25:11 - [MESSAGE][PASSED] - Text of element 'Object Repository/Festive Season/returnAngpaoStatusMessageTxt' is: 'Payment successful'

2022-06-21 09:25:11 - [TEST_STEP][PASSED] - println(message): null

2022-06-21 09:25:11 - [TEST_STEP][PASSED] - assert message == successTransactionMessage: null

2022-06-21 09:25:11 - [TEST_STEP][PASSED] - delay(5): Delayed 5 second(s)

2022-06-21 09:25:16 - [MESSAGE][PASSED] - Delayed 5 second(s)

2022-06-21 09:25:16 - [TEST_STEP][PASSED] - verifyElementExist(findTestObject("Paybill/payBillsSummaryDateTimeTitleTxt"), 0): Element 'Object Repository/Paybill/payBillsSummaryDateTimeTitleTxt' is exist

2022-06-21 09:25:16 - [MESSAGE][WARNING] - Timeout '0' is invalid. Using default page load timeout: '40'

2022-06-21 09:25:16 - [MESSAGE][PASSED] - Element 'Object Repository/Paybill/payBillsSummaryDateTimeTitleTxt' is exist

2022-06-21 09:25:16 - [TEST_STEP][PASSED] - verifyElementExist(findTestObject("Duit Now/duitNowSummaryRefernceIDTitleTxt"), 0): Element 'Object Repository/Duit Now/duitNowSummaryRefernceIDTitleTxt' is exist

2022-06-21 09:25:16 - [MESSAGE][WARNING] - Timeout '0' is invalid. Using default page load timeout: '40'

2022-06-21 09:25:16 - [MESSAGE][PASSED] - Element 'Object Repository/Duit Now/duitNowSummaryRefernceIDTitleTxt' is exist

2022-06-21 09:25:16 - [TEST_STEP][PASSED] - verifyElementExist(findTestObject("Transfer/transferSummaryShareReceiptBtn"), 0): Element 'Object Repository/Transfer/transferSummaryShareReceiptBtn' is exist

2022-06-21 09:25:16 - [MESSAGE][WARNING] - Timeout '0' is invalid. Using default page load timeout: '40'

2022-06-21 09:25:16 - [MESSAGE][PASSED] - Element 'Object Repository/Transfer/transferSummaryShareReceiptBtn' is exist

2022-06-21 09:25:16 - [TEST_STEP][PASSED] - delay(5): Delayed 5 second(s)

2022-06-21 09:25:21 - [MESSAGE][PASSED] - Delayed 5 second(s)

2022-06-21 09:25:21 - [TEST_STEP][PASSED] - referenceID = getText(findTestObject("Send Request Money/requestMoneyPaySummaryRefIDTxt"), 0): Text of element 'Object Repository/Send Request Money/requestMoneyPaySummaryRefIDTxt' is: 'Reference ID'

2022-06-21 09:25:21 - [MESSAGE][WARNING] - Timeout '0' is invalid. Using default page load timeout: '40'

2022-06-21 09:25:21 - [MESSAGE][PASSED] - Text of element 'Object Repository/Send Request Money/requestMoneyPaySummaryRefIDTxt' is: 'Reference ID'

2022-06-21 09:25:21 - [TEST_STEP][PASSED] - println(referenceID): null

2022-06-21 09:25:21 - [TEST_STEP][PASSED] - test = dataFolder: null

2022-06-21 09:25:21 - [TEST_STEP][PASSED] - sheetName = "Sheet1": null

2022-06-21 09:25:21 - [TEST_STEP][PASSED] - file1 = new java.io.File(test): null

2022-06-21 09:25:21 - [TEST_STEP][PASSED] - assert file1.exists() == true: null

2022-06-21 09:25:21 - [TEST_STEP][PASSED] - woorkbook1 = getWorkbook(test): null

2022-06-21 09:25:21 - [TEST_STEP][PASSED] - sheet1 = getExcelSheet(woorkbook1, sheetName): null

2022-06-21 09:25:21 - [TEST_STEP][PASSED] - setValueToCellByIndex(sheet1, 4, 1, referenceID): null

2022-06-21 09:25:21 - [TEST_STEP][PASSED] - saveWorkbook(test, woorkbook1): null

2022-06-21 09:25:21 - [TEST_STEP][PASSED] - delay(2): Delayed 2 second(s)

2022-06-21 09:25:23 - [MESSAGE][PASSED] - Delayed 2 second(s)

2022-06-21 09:25:23 - [TEST_STEP][PASSED] - tap(findTestObject("Main/mainAddToFavBtn"), 0): Tapped on element 'Object Repository/Main/mainAddToFavBtn'

2022-06-21 09:25:24 - [MESSAGE][WARNING] - Timeout '0' is invalid. Using default page load timeout: '40'

2022-06-21 09:25:24 - [MESSAGE][PASSED] - Tapped on element 'Object Repository/Main/mainAddToFavBtn'

2022-06-21 09:25:24 - [TEST_STEP][PASSED] - delay(2): Delayed 2 second(s)

2022-06-21 09:25:26 - [MESSAGE][PASSED] - Delayed 2 second(s)

2022-06-21 09:25:26 - [TEST_STEP][PASSED] - tap(findTestObject("Main/mainAddToFavBtn"), 0): Tapped on element 'Object Repository/Main/mainAddToFavBtn'

2022-06-21 09:25:26 - [MESSAGE][WARNING] - Timeout '0' is invalid. Using default page load timeout: '40'

2022-06-21 09:25:26 - [MESSAGE][PASSED] - Tapped on element 'Object Repository/Main/mainAddToFavBtn'

2022-06-21 09:25:26 - [TEST_STEP][PASSED] - delay(2): Delayed 2 second(s)

2022-06-21 09:25:28 - [MESSAGE][PASSED] - Delayed 2 second(s)

2022-06-21 09:25:28 - [TEST_STEP][PASSED] - tap(findTestObject("Main/mainCloseFavPopUpBtn"), 0): Tapped on element 'Object Repository/Main/mainCloseFavPopUpBtn'

2022-06-21 09:25:28 - [MESSAGE][WARNING] - Timeout '0' is invalid. Using default page load timeout: '40'

2022-06-21 09:25:32 - [MESSAGE][PASSED] - Tapped on element 'Object Repository/Main/mainCloseFavPopUpBtn'

2022-06-21 09:25:32 - [TEST_STEP][PASSED] - delay(3): Delayed 3 second(s)

2022-06-21 09:25:35 - [MESSAGE][PASSED] - Delayed 3 second(s)

2022-06-21 09:25:35 - [TEST_STEP][PASSED] - verifyElementVisible(findTestObject("Main/mainDoneBtn"), 0): Element 'Object Repository/Main/mainDoneBtn' is visible

2022-06-21 09:25:35 - [MESSAGE][WARNING] - Timeout '0' is invalid. Using default page load timeout: '40'

2022-06-21 09:25:35 - [MESSAGE][PASSED] - Element 'Object Repository/Main/mainDoneBtn' is visible

2022-06-21 09:25:35 - [TEST_STEP][PASSED] - takeScreenshot("/Users/a00139272/Desktop/Screenshot/payBillsAddFav.png"): Screenshot is taken

2022-06-21 09:25:36 - [MESSAGE][PASSED] - Screenshot is taken
[[ATTACHMENT|/Users/a00139272/Desktop/Screenshot/payBillsAddFav.png]]

2022-06-21 09:25:36 - [TEST_STEP][PASSED] - tap(findTestObject("Main/mainDoneBtn"), 0): Tapped on element 'Object Repository/Main/mainDoneBtn'

2022-06-21 09:25:36 - [MESSAGE][WARNING] - Timeout '0' is invalid. Using default page load timeout: '40'

2022-06-21 09:25:36 - [MESSAGE][PASSED] - Tapped on element 'Object Repository/Main/mainDoneBtn'

2022-06-21 09:25:36 - [TEST_STEP][PASSED] - delay(5): Delayed 5 second(s)

2022-06-21 09:25:41 - [MESSAGE][PASSED] - Delayed 5 second(s)

2022-06-21 09:25:41 - [TEST_STEP][PASSED] - delay(3): Delayed 3 second(s)

2022-06-21 09:25:44 - [MESSAGE][PASSED] - Delayed 3 second(s)]]></system-out>
         <system-err><![CDATA[]]></system-err>
      </testcase>
      <testcase name="Test Cases/PayBill/payBills_favoriteTransaction" time="190.91" classname="Test Cases/PayBill/payBills_favoriteTransaction" status="FAILED">
         <failure type="FAILED" message="Test Cases/PayBill/payBills_favoriteTransaction FAILED.
Reason:
com.kms.katalon.core.exception.StepFailedException: Element 'Object Repository/Transfer/transferConfirmationFromAccTypeTxt' not found
	at com.kms.katalon.core.keyword.internal.KeywordMain.stepFailed(KeywordMain.groovy:39)
	at com.kms.katalon.core.mobile.keyword.internal.MobileKeywordMain.stepFailed(MobileKeywordMain.groovy:40)
	at com.kms.katalon.core.mobile.keyword.builtin.VerifyElementTextKeyword$_verifyElementText_closure1.doCall(VerifyElementTextKeyword.groovy:49)
	at com.kms.katalon.core.mobile.keyword.builtin.VerifyElementTextKeyword$_verifyElementText_closure1.call(VerifyElementTextKeyword.groovy)
	at com.kms.katalon.core.mobile.keyword.internal.MobileKeywordMain.runKeyword(MobileKeywordMain.groovy:21)
	at com.kms.katalon.core.mobile.keyword.builtin.VerifyElementTextKeyword.verifyElementText(VerifyElementTextKeyword.groovy:62)
	at com.kms.katalon.core.mobile.keyword.builtin.VerifyElementTextKeyword.execute(VerifyElementTextKeyword.groovy:39)
	at com.kms.katalon.core.keyword.internal.KeywordExecutor.executeKeywordForPlatform(KeywordExecutor.groovy:74)
	at com.kms.katalon.core.mobile.keyword.MobileBuiltInKeywords.verifyElementText(MobileBuiltInKeywords.groovy:2901)
	at com.kms.katalon.core.mobile.keyword.MobileBuiltInKeywords$verifyElementText$11.call(Unknown Source)
	at payBills_favoriteTransaction.run(payBills_favoriteTransaction:111)
	at com.kms.katalon.core.main.ScriptEngine.run(ScriptEngine.java:194)
	at com.kms.katalon.core.main.ScriptEngine.runScriptAsRawText(ScriptEngine.java:119)
	at com.kms.katalon.core.main.TestCaseExecutor.runScript(TestCaseExecutor.java:445)
	at com.kms.katalon.core.main.TestCaseExecutor.doExecute(TestCaseExecutor.java:436)
	at com.kms.katalon.core.main.TestCaseExecutor.processExecutionPhase(TestCaseExecutor.java:415)
	at com.kms.katalon.core.main.TestCaseExecutor.accessMainPhase(TestCaseExecutor.java:407)
	at com.kms.katalon.core.main.TestCaseExecutor.execute(TestCaseExecutor.java:284)
	at com.kms.katalon.core.common.CommonExecutor.accessTestCaseMainPhase(CommonExecutor.java:65)
	at com.kms.katalon.core.main.TestSuiteExecutor.accessTestSuiteMainPhase(TestSuiteExecutor.java:144)
	at com.kms.katalon.core.main.TestSuiteExecutor.execute(TestSuiteExecutor.java:106)
	at com.kms.katalon.core.main.TestCaseMain.startTestSuite(TestCaseMain.java:185)
	at com.kms.katalon.core.main.TestCaseMain$startTestSuite$0.call(Unknown Source)
	at TempTestSuite1655773944408.run(TempTestSuite1655773944408.groovy:36)
"/>
         <system-out><![CDATA[2022-06-21 09:25:44 - [TEST_CASE][FAILED] - Test Cases/PayBill/payBills_favoriteTransaction: Test Cases/PayBill/payBills_favoriteTransaction FAILED.
Reason:
com.kms.katalon.core.exception.StepFailedException: Element 'Object Repository/Transfer/transferConfirmationFromAccTypeTxt' not found
	at com.kms.katalon.core.keyword.internal.KeywordMain.stepFailed(KeywordMain.groovy:39)
	at com.kms.katalon.core.mobile.keyword.internal.MobileKeywordMain.stepFailed(MobileKeywordMain.groovy:40)
	at com.kms.katalon.core.mobile.keyword.builtin.VerifyElementTextKeyword$_verifyElementText_closure1.doCall(VerifyElementTextKeyword.groovy:49)
	at com.kms.katalon.core.mobile.keyword.builtin.VerifyElementTextKeyword$_verifyElementText_closure1.call(VerifyElementTextKeyword.groovy)
	at com.kms.katalon.core.mobile.keyword.internal.MobileKeywordMain.runKeyword(MobileKeywordMain.groovy:21)
	at com.kms.katalon.core.mobile.keyword.builtin.VerifyElementTextKeyword.verifyElementText(VerifyElementTextKeyword.groovy:62)
	at com.kms.katalon.core.mobile.keyword.builtin.VerifyElementTextKeyword.execute(VerifyElementTextKeyword.groovy:39)
	at com.kms.katalon.core.keyword.internal.KeywordExecutor.executeKeywordForPlatform(KeywordExecutor.groovy:74)
	at com.kms.katalon.core.mobile.keyword.MobileBuiltInKeywords.verifyElementText(MobileBuiltInKeywords.groovy:2901)
	at com.kms.katalon.core.mobile.keyword.MobileBuiltInKeywords$verifyElementText$11.call(Unknown Source)
	at payBills_favoriteTransaction.run(payBills_favoriteTransaction:111)
	at com.kms.katalon.core.main.ScriptEngine.run(ScriptEngine.java:194)
	at com.kms.katalon.core.main.ScriptEngine.runScriptAsRawText(ScriptEngine.java:119)
	at com.kms.katalon.core.main.TestCaseExecutor.runScript(TestCaseExecutor.java:445)
	at com.kms.katalon.core.main.TestCaseExecutor.doExecute(TestCaseExecutor.java:436)
	at com.kms.katalon.core.main.TestCaseExecutor.processExecutionPhase(TestCaseExecutor.java:415)
	at com.kms.katalon.core.main.TestCaseExecutor.accessMainPhase(TestCaseExecutor.java:407)
	at com.kms.katalon.core.main.TestCaseExecutor.execute(TestCaseExecutor.java:284)
	at com.kms.katalon.core.common.CommonExecutor.accessTestCaseMainPhase(CommonExecutor.java:65)
	at com.kms.katalon.core.main.TestSuiteExecutor.accessTestSuiteMainPhase(TestSuiteExecutor.java:144)
	at com.kms.katalon.core.main.TestSuiteExecutor.execute(TestSuiteExecutor.java:106)
	at com.kms.katalon.core.main.TestCaseMain.startTestSuite(TestCaseMain.java:185)
	at com.kms.katalon.core.main.TestCaseMain$startTestSuite$0.call(Unknown Source)
	at TempTestSuite1655773944408.run(TempTestSuite1655773944408.groovy:36)


2022-06-21 09:25:45 - [TEST_STEP][PASSED] - device_Height = getDeviceHeight(): Current device physical height is 2167

2022-06-21 09:25:45 - [MESSAGE][PASSED] - Current device physical height is 2167

2022-06-21 09:25:45 - [TEST_STEP][PASSED] - device_Width = getDeviceWidth(): Current device physical width is 1080

2022-06-21 09:25:46 - [MESSAGE][PASSED] - Current device physical width is 1080

2022-06-21 09:25:46 - [TEST_STEP][PASSED] - startX = device_Width / 3: null

2022-06-21 09:25:46 - [TEST_STEP][PASSED] - startY = device_Height * 0.97: null

2022-06-21 09:25:46 - [TEST_STEP][PASSED] - tap(findTestObject("Banking/m2uAccountPayBillsIconSelect"), 0): Tapped on element 'Object Repository/Banking/m2uAccountPayBillsIconSelect'

2022-06-21 09:25:46 - [MESSAGE][WARNING] - Timeout '0' is invalid. Using default page load timeout: '40'

2022-06-21 09:25:46 - [MESSAGE][PASSED] - Tapped on element 'Object Repository/Banking/m2uAccountPayBillsIconSelect'

2022-06-21 09:25:46 - [TEST_STEP][PASSED] - verifyElementExist(findTestObject("Paybill/payBillsIconSelect"), 0): Element 'Object Repository/Paybill/payBillsIconSelect' is exist

2022-06-21 09:25:46 - [MESSAGE][WARNING] - Timeout '0' is invalid. Using default page load timeout: '40'

2022-06-21 09:26:16 - [MESSAGE][PASSED] - Element 'Object Repository/Paybill/payBillsIconSelect' is exist

2022-06-21 09:26:16 - [TEST_STEP][PASSED] - verifyElementText(findTestObject("Transfer/transferFavListAccNameTxt", ["accName":payeeName]), payeeName): Actual text and expected text of test object 'Object Repository/Transfer/transferFavListAccNameTxt' are matched.

2022-06-21 09:26:16 - [MESSAGE][PASSED] - Actual text and expected text of test object 'Object Repository/Transfer/transferFavListAccNameTxt' are matched.

2022-06-21 09:26:16 - [TEST_STEP][PASSED] - verifyElementText(findTestObject("Transfer/transferFavListAccNoTxt", ["accNo":AccountNo]), AccountNo): Actual text and expected text of test object 'Object Repository/Transfer/transferFavListAccNoTxt' are matched.

2022-06-21 09:26:17 - [MESSAGE][PASSED] - Actual text and expected text of test object 'Object Repository/Transfer/transferFavListAccNoTxt' are matched.

2022-06-21 09:26:17 - [TEST_STEP][PASSED] - verifyElementText(findTestObject("Transfer/transferFavListAccBankTxt", ["accBank":payeeName]), payeeName): Actual text and expected text of test object 'Object Repository/Transfer/transferFavListAccBankTxt' are matched.

2022-06-21 09:26:17 - [MESSAGE][PASSED] - Actual text and expected text of test object 'Object Repository/Transfer/transferFavListAccBankTxt' are matched.

2022-06-21 09:26:17 - [TEST_STEP][PASSED] - tap(findTestObject("Transfer/transferFavListAccNameTxt", ["accName":payeeName]), 0): Tapped on element 'Object Repository/Transfer/transferFavListAccNameTxt'

2022-06-21 09:26:17 - [MESSAGE][WARNING] - Timeout '0' is invalid. Using default page load timeout: '40'

2022-06-21 09:26:17 - [MESSAGE][PASSED] - Tapped on element 'Object Repository/Transfer/transferFavListAccNameTxt'

2022-06-21 09:26:17 - [TEST_STEP][PASSED] - delay(3): Delayed 3 second(s)

2022-06-21 09:26:20 - [MESSAGE][PASSED] - Delayed 3 second(s)

2022-06-21 09:26:20 - [TEST_STEP][PASSED] - verifyElementText(findTestObject("Paybill/payBillsAmountPayeeNameTxt", ["payee":payeeName]), payeeName): Actual text and expected text of test object 'Object Repository/Paybill/payBillsAmountPayeeNameTxt' are matched.

2022-06-21 09:26:21 - [MESSAGE][PASSED] - Actual text and expected text of test object 'Object Repository/Paybill/payBillsAmountPayeeNameTxt' are matched.

2022-06-21 09:26:21 - [TEST_STEP][PASSED] - verifyElementText(findTestObject("Paybill/payBillsAmountPayeeAccountNoTxt", ["accNo":accNo]), accNo): Actual text and expected text of test object 'Object Repository/Paybill/payBillsAmountPayeeAccountNoTxt' are matched.

2022-06-21 09:26:21 - [MESSAGE][PASSED] - Actual text and expected text of test object 'Object Repository/Paybill/payBillsAmountPayeeAccountNoTxt' are matched.

2022-06-21 09:26:21 - [TEST_STEP][PASSED] - verifyElementExist(findTestObject("Paybill/payBillsAmountInitialTxt"), 0): Element 'Object Repository/Paybill/payBillsAmountInitialTxt' is exist

2022-06-21 09:26:21 - [MESSAGE][WARNING] - Timeout '0' is invalid. Using default page load timeout: '40'

2022-06-21 09:26:21 - [MESSAGE][PASSED] - Element 'Object Repository/Paybill/payBillsAmountInitialTxt' is exist

2022-06-21 09:26:21 - [TEST_STEP][PASSED] - verifyElementExist(findTestObject("Paybill/payBillsAmountCurrencyTxt"), 0): Element 'Object Repository/Paybill/payBillsAmountCurrencyTxt' is exist

2022-06-21 09:26:21 - [MESSAGE][WARNING] - Timeout '0' is invalid. Using default page load timeout: '40'

2022-06-21 09:26:22 - [MESSAGE][PASSED] - Element 'Object Repository/Paybill/payBillsAmountCurrencyTxt' is exist

2022-06-21 09:26:22 - [TEST_STEP][PASSED] - verifyElementExist(findTestObject("Paybill/payBillsAmountEnterTitleTxt"), 0): Element 'Object Repository/Paybill/payBillsAmountEnterTitleTxt' is exist

2022-06-21 09:26:22 - [MESSAGE][WARNING] - Timeout '0' is invalid. Using default page load timeout: '40'

2022-06-21 09:26:22 - [MESSAGE][PASSED] - Element 'Object Repository/Paybill/payBillsAmountEnterTitleTxt' is exist

2022-06-21 09:26:22 - [TEST_STEP][PASSED] - tap(findTestObject("Login Onboarding/PIN5"), 0): Tapped on element 'Object Repository/Login Onboarding/PIN5'

2022-06-21 09:26:22 - [MESSAGE][WARNING] - Timeout '0' is invalid. Using default page load timeout: '40'

2022-06-21 09:26:22 - [MESSAGE][PASSED] - Tapped on element 'Object Repository/Login Onboarding/PIN5'

2022-06-21 09:26:22 - [TEST_STEP][PASSED] - tap(findTestObject("Login Onboarding/PIN0"), 0): Tapped on element 'Object Repository/Login Onboarding/PIN0'

2022-06-21 09:26:22 - [MESSAGE][WARNING] - Timeout '0' is invalid. Using default page load timeout: '40'

2022-06-21 09:26:22 - [MESSAGE][PASSED] - Tapped on element 'Object Repository/Login Onboarding/PIN0'

2022-06-21 09:26:22 - [TEST_STEP][PASSED] - tap(findTestObject("Login Onboarding/PIN0"), 0): Tapped on element 'Object Repository/Login Onboarding/PIN0'

2022-06-21 09:26:22 - [MESSAGE][WARNING] - Timeout '0' is invalid. Using default page load timeout: '40'

2022-06-21 09:26:23 - [MESSAGE][PASSED] - Tapped on element 'Object Repository/Login Onboarding/PIN0'

2022-06-21 09:26:23 - [TEST_STEP][PASSED] - tap(findTestObject("Login Onboarding/PIN0"), 0): Tapped on element 'Object Repository/Login Onboarding/PIN0'

2022-06-21 09:26:23 - [MESSAGE][WARNING] - Timeout '0' is invalid. Using default page load timeout: '40'

2022-06-21 09:26:23 - [MESSAGE][PASSED] - Tapped on element 'Object Repository/Login Onboarding/PIN0'

2022-06-21 09:26:23 - [TEST_STEP][PASSED] - delay(3): Delayed 3 second(s)

2022-06-21 09:26:26 - [MESSAGE][PASSED] - Delayed 3 second(s)

2022-06-21 09:26:26 - [TEST_STEP][PASSED] - verifyElementText(findTestObject("Paybill/payBillsAmountInputtedTxt", ["value":values]), values): Actual text and expected text of test object 'Object Repository/Paybill/payBillsAmountInputtedTxt' are matched.

2022-06-21 09:26:26 - [MESSAGE][PASSED] - Actual text and expected text of test object 'Object Repository/Paybill/payBillsAmountInputtedTxt' are matched.

2022-06-21 09:26:26 - [TEST_STEP][PASSED] - tap(findTestObject("Main/mainAmountTickBtn"), 0): Tapped on element 'Object Repository/Main/mainAmountTickBtn'

2022-06-21 09:26:26 - [MESSAGE][WARNING] - Timeout '0' is invalid. Using default page load timeout: '40'

2022-06-21 09:26:26 - [MESSAGE][PASSED] - Tapped on element 'Object Repository/Main/mainAmountTickBtn'

2022-06-21 09:26:26 - [TEST_STEP][PASSED] - delay(5): Delayed 5 second(s)

2022-06-21 09:26:31 - [MESSAGE][PASSED] - Delayed 5 second(s)

2022-06-21 09:26:32 - [TEST_STEP][PASSED] - verifyElementText(findTestObject("Paybill/payBillsConfirmPayeeNameTxt", ["payeeName":payeeName]), payeeName): Actual text and expected text of test object 'Object Repository/Paybill/payBillsConfirmPayeeNameTxt' are matched.

2022-06-21 09:26:32 - [MESSAGE][PASSED] - Actual text and expected text of test object 'Object Repository/Paybill/payBillsConfirmPayeeNameTxt' are matched.

2022-06-21 09:26:32 - [TEST_STEP][PASSED] - verifyElementText(findTestObject("Paybill/payBillsConfirmPayeeAccountNoTxt", ["accNo":accNo]), accNo): Actual text and expected text of test object 'Object Repository/Paybill/payBillsConfirmPayeeAccountNoTxt' are matched.

2022-06-21 09:26:32 - [MESSAGE][PASSED] - Actual text and expected text of test object 'Object Repository/Paybill/payBillsConfirmPayeeAccountNoTxt' are matched.

2022-06-21 09:26:32 - [TEST_STEP][PASSED] - verifyElementText(findTestObject("Paybill/payBillsConfirmAmountTxt", ["amount":amount]), amount): Actual text and expected text of test object 'Object Repository/Paybill/payBillsConfirmAmountTxt' are matched.

2022-06-21 09:26:37 - [MESSAGE][PASSED] - Actual text and expected text of test object 'Object Repository/Paybill/payBillsConfirmAmountTxt' are matched.

2022-06-21 09:26:37 - [TEST_STEP][PASSED] - verifyElementExist(findTestObject("Paybill/payBillsConfirmDateTitleTxt"), 0): Element 'Object Repository/Paybill/payBillsConfirmDateTitleTxt' is exist

2022-06-21 09:26:37 - [MESSAGE][WARNING] - Timeout '0' is invalid. Using default page load timeout: '40'

2022-06-21 09:26:37 - [MESSAGE][PASSED] - Element 'Object Repository/Paybill/payBillsConfirmDateTitleTxt' is exist

2022-06-21 09:26:37 - [TEST_STEP][PASSED] - verifyElementText(findTestObject("Paybill/payBillsConfirmDateTxt", ["trxDate":trxDate]), trxDate): Actual text and expected text of test object 'Object Repository/Paybill/payBillsConfirmDateTxt' are matched.

2022-06-21 09:26:37 - [MESSAGE][PASSED] - Actual text and expected text of test object 'Object Repository/Paybill/payBillsConfirmDateTxt' are matched.

2022-06-21 09:26:37 - [TEST_STEP][PASSED] - verifyElementExist(findTestObject("Paybill/payBillsConfirmPayFromTxt"), 0): Element 'Object Repository/Paybill/payBillsConfirmPayFromTxt' is exist

2022-06-21 09:26:37 - [MESSAGE][WARNING] - Timeout '0' is invalid. Using default page load timeout: '40'

2022-06-21 09:26:37 - [MESSAGE][PASSED] - Element 'Object Repository/Paybill/payBillsConfirmPayFromTxt' is exist

2022-06-21 09:26:37 - [TEST_STEP][FAILED] - verifyElementText(findTestObject("Transfer/transferConfirmationFromAccTypeTxt", ["accType":accType]), accType): Element 'Object Repository/Transfer/transferConfirmationFromAccTypeTxt' not found

2022-06-21 09:27:17 - [MESSAGE][FAILED] - Element 'Object Repository/Transfer/transferConfirmationFromAccTypeTxt' not found

2022-06-21 09:27:17 - [TEST_STEP][FAILED] - verifyElementText(findTestObject("Transfer/transferConfirmationFromAccNoTxt", ["accNoFrom":accNoFrom]), accNoFrom): Element 'Object Repository/Transfer/transferConfirmationFromAccNoTxt' not found

2022-06-21 09:27:58 - [MESSAGE][FAILED] - Element 'Object Repository/Transfer/transferConfirmationFromAccNoTxt' not found

2022-06-21 09:27:58 - [TEST_STEP][PASSED] - verifyElementExist(findTestObject("Transfer/transferConfirmationFromAccBalanceTxt"), 0): Element 'Object Repository/Transfer/transferConfirmationFromAccBalanceTxt' is exist

2022-06-21 09:27:58 - [MESSAGE][WARNING] - Timeout '0' is invalid. Using default page load timeout: '40'

2022-06-21 09:28:15 - [MESSAGE][PASSED] - Element 'Object Repository/Transfer/transferConfirmationFromAccBalanceTxt' is exist

2022-06-21 09:28:15 - [TEST_STEP][PASSED] - accountBalance = getText(findTestObject("Transfer/transferConfirmationFromAccBalanceTxt"), 0): Text of element 'Object Repository/Transfer/transferConfirmationFromAccBalanceTxt' is: 'RM 1,756.00'

2022-06-21 09:28:15 - [MESSAGE][WARNING] - Timeout '0' is invalid. Using default page load timeout: '40'

2022-06-21 09:28:16 - [MESSAGE][PASSED] - Text of element 'Object Repository/Transfer/transferConfirmationFromAccBalanceTxt' is: 'RM 1,756.00'

2022-06-21 09:28:16 - [TEST_STEP][PASSED] - println(accountBalance): null

2022-06-21 09:28:16 - [TEST_STEP][PASSED] - waitForElementPresent(findTestObject("Main/mainPayNowBtn"), 5): Element 'Object Repository/Main/mainPayNowBtn' is present

2022-06-21 09:28:16 - [MESSAGE][PASSED] - Element 'Object Repository/Main/mainPayNowBtn' is present

2022-06-21 09:28:16 - [TEST_STEP][PASSED] - tap(findTestObject("Main/mainPayNowBtn"), 0): Tapped on element 'Object Repository/Main/mainPayNowBtn'

2022-06-21 09:28:16 - [MESSAGE][WARNING] - Timeout '0' is invalid. Using default page load timeout: '40'

2022-06-21 09:28:16 - [MESSAGE][PASSED] - Tapped on element 'Object Repository/Main/mainPayNowBtn'

2022-06-21 09:28:16 - [TEST_STEP][PASSED] - if (verifyElementVisible(findTestObject("Festive Season/festiveReturnAngpaoTACNoTxt"), 10, OPTIONAL)): Element 'Object Repository/Main/mainS2UApproveBtn' not found

2022-06-21 09:28:26 - [MESSAGE][WARNING] - Element 'Object Repository/Festive Season/festiveReturnAngpaoTACNoTxt' not found

2022-06-21 09:28:37 - [MESSAGE][WARNING] - Element 'Object Repository/Main/mainS2UApproveBtn' not found

2022-06-21 09:28:37 - [TEST_STEP][PASSED] - verifyElementExist(findTestObject("Festive Season/returnAngpaoStatusMessageTxt"), 0): Element 'Object Repository/Festive Season/returnAngpaoStatusMessageTxt' is exist

2022-06-21 09:28:37 - [MESSAGE][WARNING] - Timeout '0' is invalid. Using default page load timeout: '40'

2022-06-21 09:28:37 - [MESSAGE][PASSED] - Element 'Object Repository/Festive Season/returnAngpaoStatusMessageTxt' is exist

2022-06-21 09:28:37 - [TEST_STEP][PASSED] - message = getText(findTestObject("Festive Season/returnAngpaoStatusMessageTxt"), 10): Text of element 'Object Repository/Festive Season/returnAngpaoStatusMessageTxt' is: 'Payment successful'

2022-06-21 09:28:37 - [MESSAGE][PASSED] - Text of element 'Object Repository/Festive Season/returnAngpaoStatusMessageTxt' is: 'Payment successful'

2022-06-21 09:28:37 - [TEST_STEP][PASSED] - println(message): null

2022-06-21 09:28:37 - [TEST_STEP][PASSED] - assert message == successTransactionMessage: null

2022-06-21 09:28:37 - [TEST_STEP][PASSED] - delay(5): Delayed 5 second(s)

2022-06-21 09:28:42 - [MESSAGE][PASSED] - Delayed 5 second(s)

2022-06-21 09:28:42 - [TEST_STEP][PASSED] - verifyElementExist(findTestObject("Paybill/payBillsSummaryDateTimeTitleTxt"), 0): Element 'Object Repository/Paybill/payBillsSummaryDateTimeTitleTxt' is exist

2022-06-21 09:28:42 - [MESSAGE][WARNING] - Timeout '0' is invalid. Using default page load timeout: '40'

2022-06-21 09:28:42 - [MESSAGE][PASSED] - Element 'Object Repository/Paybill/payBillsSummaryDateTimeTitleTxt' is exist

2022-06-21 09:28:42 - [TEST_STEP][PASSED] - verifyElementExist(findTestObject("Duit Now/duitNowSummaryRefernceIDTitleTxt"), 0): Element 'Object Repository/Duit Now/duitNowSummaryRefernceIDTitleTxt' is exist

2022-06-21 09:28:42 - [MESSAGE][WARNING] - Timeout '0' is invalid. Using default page load timeout: '40'

2022-06-21 09:28:42 - [MESSAGE][PASSED] - Element 'Object Repository/Duit Now/duitNowSummaryRefernceIDTitleTxt' is exist

2022-06-21 09:28:42 - [TEST_STEP][PASSED] - verifyElementExist(findTestObject("Transfer/transferSummaryShareReceiptBtn"), 0): Element 'Object Repository/Transfer/transferSummaryShareReceiptBtn' is exist

2022-06-21 09:28:42 - [MESSAGE][WARNING] - Timeout '0' is invalid. Using default page load timeout: '40'

2022-06-21 09:28:42 - [MESSAGE][PASSED] - Element 'Object Repository/Transfer/transferSummaryShareReceiptBtn' is exist

2022-06-21 09:28:42 - [TEST_STEP][PASSED] - delay(5): Delayed 5 second(s)

2022-06-21 09:28:47 - [MESSAGE][PASSED] - Delayed 5 second(s)

2022-06-21 09:28:47 - [TEST_STEP][PASSED] - referenceID = getText(findTestObject("Send Request Money/requestMoneyPaySummaryRefIDTxt"), 0): Text of element 'Object Repository/Send Request Money/requestMoneyPaySummaryRefIDTxt' is: 'Reference ID'

2022-06-21 09:28:47 - [MESSAGE][WARNING] - Timeout '0' is invalid. Using default page load timeout: '40'

2022-06-21 09:28:48 - [MESSAGE][PASSED] - Text of element 'Object Repository/Send Request Money/requestMoneyPaySummaryRefIDTxt' is: 'Reference ID'

2022-06-21 09:28:48 - [TEST_STEP][PASSED] - println(referenceID): null

2022-06-21 09:28:48 - [TEST_STEP][PASSED] - test = dataFolder: null

2022-06-21 09:28:48 - [TEST_STEP][PASSED] - sheetName = "Sheet1": null

2022-06-21 09:28:48 - [TEST_STEP][PASSED] - file1 = new java.io.File(test): null

2022-06-21 09:28:48 - [TEST_STEP][PASSED] - assert file1.exists() == true: null

2022-06-21 09:28:48 - [TEST_STEP][PASSED] - woorkbook1 = getWorkbook(test): null

2022-06-21 09:28:48 - [TEST_STEP][PASSED] - sheet1 = getExcelSheet(woorkbook1, sheetName): null

2022-06-21 09:28:48 - [TEST_STEP][PASSED] - setValueToCellByIndex(sheet1, 4, 1, referenceID): null

2022-06-21 09:28:48 - [TEST_STEP][PASSED] - saveWorkbook(test, woorkbook1): null

2022-06-21 09:28:48 - [TEST_STEP][PASSED] - delay(3): Delayed 3 second(s)

2022-06-21 09:28:51 - [MESSAGE][PASSED] - Delayed 3 second(s)

2022-06-21 09:28:51 - [TEST_STEP][PASSED] - verifyElementVisible(findTestObject("Main/mainDoneBtn"), 0): Element 'Object Repository/Main/mainDoneBtn' is visible

2022-06-21 09:28:51 - [MESSAGE][WARNING] - Timeout '0' is invalid. Using default page load timeout: '40'

2022-06-21 09:28:51 - [MESSAGE][PASSED] - Element 'Object Repository/Main/mainDoneBtn' is visible

2022-06-21 09:28:51 - [TEST_STEP][PASSED] - takeScreenshot("/Users/a00139272/Desktop/Screenshot/payBillsFav.png"): Screenshot is taken

2022-06-21 09:28:52 - [MESSAGE][PASSED] - Screenshot is taken
[[ATTACHMENT|/Users/a00139272/Desktop/Screenshot/payBillsFav.png]]

2022-06-21 09:28:52 - [TEST_STEP][PASSED] - tap(findTestObject("Main/mainDoneBtn"), 0): Tapped on element 'Object Repository/Main/mainDoneBtn'

2022-06-21 09:28:52 - [MESSAGE][WARNING] - Timeout '0' is invalid. Using default page load timeout: '40'

2022-06-21 09:28:52 - [MESSAGE][PASSED] - Tapped on element 'Object Repository/Main/mainDoneBtn'

2022-06-21 09:28:52 - [TEST_STEP][PASSED] - delay(3): Delayed 3 second(s)

2022-06-21 09:28:55 - [MESSAGE][PASSED] - Delayed 3 second(s)]]></system-out>
         <system-err><![CDATA[2022-06-21 09:25:44 - [TEST_CASE][FAILED] - Test Cases/PayBill/payBills_favoriteTransaction: Test Cases/PayBill/payBills_favoriteTransaction FAILED.
Reason:
com.kms.katalon.core.exception.StepFailedException: Element 'Object Repository/Transfer/transferConfirmationFromAccTypeTxt' not found
	at com.kms.katalon.core.keyword.internal.KeywordMain.stepFailed(KeywordMain.groovy:39)
	at com.kms.katalon.core.mobile.keyword.internal.MobileKeywordMain.stepFailed(MobileKeywordMain.groovy:40)
	at com.kms.katalon.core.mobile.keyword.builtin.VerifyElementTextKeyword$_verifyElementText_closure1.doCall(VerifyElementTextKeyword.groovy:49)
	at com.kms.katalon.core.mobile.keyword.builtin.VerifyElementTextKeyword$_verifyElementText_closure1.call(VerifyElementTextKeyword.groovy)
	at com.kms.katalon.core.mobile.keyword.internal.MobileKeywordMain.runKeyword(MobileKeywordMain.groovy:21)
	at com.kms.katalon.core.mobile.keyword.builtin.VerifyElementTextKeyword.verifyElementText(VerifyElementTextKeyword.groovy:62)
	at com.kms.katalon.core.mobile.keyword.builtin.VerifyElementTextKeyword.execute(VerifyElementTextKeyword.groovy:39)
	at com.kms.katalon.core.keyword.internal.KeywordExecutor.executeKeywordForPlatform(KeywordExecutor.groovy:74)
	at com.kms.katalon.core.mobile.keyword.MobileBuiltInKeywords.verifyElementText(MobileBuiltInKeywords.groovy:2901)
	at com.kms.katalon.core.mobile.keyword.MobileBuiltInKeywords$verifyElementText$11.call(Unknown Source)
	at payBills_favoriteTransaction.run(payBills_favoriteTransaction:111)
	at com.kms.katalon.core.main.ScriptEngine.run(ScriptEngine.java:194)
	at com.kms.katalon.core.main.ScriptEngine.runScriptAsRawText(ScriptEngine.java:119)
	at com.kms.katalon.core.main.TestCaseExecutor.runScript(TestCaseExecutor.java:445)
	at com.kms.katalon.core.main.TestCaseExecutor.doExecute(TestCaseExecutor.java:436)
	at com.kms.katalon.core.main.TestCaseExecutor.processExecutionPhase(TestCaseExecutor.java:415)
	at com.kms.katalon.core.main.TestCaseExecutor.accessMainPhase(TestCaseExecutor.java:407)
	at com.kms.katalon.core.main.TestCaseExecutor.execute(TestCaseExecutor.java:284)
	at com.kms.katalon.core.common.CommonExecutor.accessTestCaseMainPhase(CommonExecutor.java:65)
	at com.kms.katalon.core.main.TestSuiteExecutor.accessTestSuiteMainPhase(TestSuiteExecutor.java:144)
	at com.kms.katalon.core.main.TestSuiteExecutor.execute(TestSuiteExecutor.java:106)
	at com.kms.katalon.core.main.TestCaseMain.startTestSuite(TestCaseMain.java:185)
	at com.kms.katalon.core.main.TestCaseMain$startTestSuite$0.call(Unknown Source)
	at TempTestSuite1655773944408.run(TempTestSuite1655773944408.groovy:36)]]></system-err>
      </testcase>
      <testcase name="Test Cases/JomPay/jomPay_todayTransaction" time="151.601" classname="Test Cases/JomPay/jomPay_todayTransaction" status="FAILED">
         <failure type="FAILED" message="Test Cases/JomPay/jomPay_todayTransaction FAILED.
Reason:
com.kms.katalon.core.exception.StepFailedException: Element 'Object Repository/Main/mainS2UApproveBtn' not found
	at com.kms.katalon.core.keyword.internal.KeywordMain.stepFailed(KeywordMain.groovy:39)
	at com.kms.katalon.core.mobile.keyword.internal.MobileKeywordMain.stepFailed(MobileKeywordMain.groovy:40)
	at com.kms.katalon.core.mobile.keyword.builtin.VerifyElementVisibleKeyword$_verifyElementVisible_closure1.doCall(VerifyElementVisibleKeyword.groovy:82)
	at com.kms.katalon.core.mobile.keyword.builtin.VerifyElementVisibleKeyword$_verifyElementVisible_closure1.call(VerifyElementVisibleKeyword.groovy)
	at com.kms.katalon.core.mobile.keyword.internal.MobileKeywordMain.runKeyword(MobileKeywordMain.groovy:21)
	at com.kms.katalon.core.mobile.keyword.builtin.VerifyElementVisibleKeyword.verifyElementVisible(VerifyElementVisibleKeyword.groovy:85)
	at com.kms.katalon.core.mobile.keyword.builtin.VerifyElementVisibleKeyword.execute(VerifyElementVisibleKeyword.groovy:64)
	at com.kms.katalon.core.keyword.internal.KeywordExecutor.executeKeywordForPlatform(KeywordExecutor.groovy:74)
	at com.kms.katalon.core.mobile.keyword.MobileBuiltInKeywords.verifyElementVisible(MobileBuiltInKeywords.groovy:2031)
	at com.kms.katalon.core.mobile.keyword.MobileBuiltInKeywords$verifyElementVisible$12.call(Unknown Source)
	at jomPay_todayTransaction.run(jomPay_todayTransaction:269)
	at com.kms.katalon.core.main.ScriptEngine.run(ScriptEngine.java:194)
	at com.kms.katalon.core.main.ScriptEngine.runScriptAsRawText(ScriptEngine.java:119)
	at com.kms.katalon.core.main.TestCaseExecutor.runScript(TestCaseExecutor.java:445)
	at com.kms.katalon.core.main.TestCaseExecutor.doExecute(TestCaseExecutor.java:436)
	at com.kms.katalon.core.main.TestCaseExecutor.processExecutionPhase(TestCaseExecutor.java:415)
	at com.kms.katalon.core.main.TestCaseExecutor.accessMainPhase(TestCaseExecutor.java:407)
	at com.kms.katalon.core.main.TestCaseExecutor.execute(TestCaseExecutor.java:284)
	at com.kms.katalon.core.common.CommonExecutor.accessTestCaseMainPhase(CommonExecutor.java:65)
	at com.kms.katalon.core.main.TestSuiteExecutor.accessTestSuiteMainPhase(TestSuiteExecutor.java:144)
	at com.kms.katalon.core.main.TestSuiteExecutor.execute(TestSuiteExecutor.java:106)
	at com.kms.katalon.core.main.TestCaseMain.startTestSuite(TestCaseMain.java:185)
	at com.kms.katalon.core.main.TestCaseMain$startTestSuite$0.call(Unknown Source)
	at TempTestSuite1655773944408.run(TempTestSuite1655773944408.groovy:36)
"/>
         <system-out><![CDATA[2022-06-21 09:28:55 - [TEST_CASE][FAILED] - Test Cases/JomPay/jomPay_todayTransaction: Test Cases/JomPay/jomPay_todayTransaction FAILED.
Reason:
com.kms.katalon.core.exception.StepFailedException: Element 'Object Repository/Main/mainS2UApproveBtn' not found
	at com.kms.katalon.core.keyword.internal.KeywordMain.stepFailed(KeywordMain.groovy:39)
	at com.kms.katalon.core.mobile.keyword.internal.MobileKeywordMain.stepFailed(MobileKeywordMain.groovy:40)
	at com.kms.katalon.core.mobile.keyword.builtin.VerifyElementVisibleKeyword$_verifyElementVisible_closure1.doCall(VerifyElementVisibleKeyword.groovy:82)
	at com.kms.katalon.core.mobile.keyword.builtin.VerifyElementVisibleKeyword$_verifyElementVisible_closure1.call(VerifyElementVisibleKeyword.groovy)
	at com.kms.katalon.core.mobile.keyword.internal.MobileKeywordMain.runKeyword(MobileKeywordMain.groovy:21)
	at com.kms.katalon.core.mobile.keyword.builtin.VerifyElementVisibleKeyword.verifyElementVisible(VerifyElementVisibleKeyword.groovy:85)
	at com.kms.katalon.core.mobile.keyword.builtin.VerifyElementVisibleKeyword.execute(VerifyElementVisibleKeyword.groovy:64)
	at com.kms.katalon.core.keyword.internal.KeywordExecutor.executeKeywordForPlatform(KeywordExecutor.groovy:74)
	at com.kms.katalon.core.mobile.keyword.MobileBuiltInKeywords.verifyElementVisible(MobileBuiltInKeywords.groovy:2031)
	at com.kms.katalon.core.mobile.keyword.MobileBuiltInKeywords$verifyElementVisible$12.call(Unknown Source)
	at jomPay_todayTransaction.run(jomPay_todayTransaction:269)
	at com.kms.katalon.core.main.ScriptEngine.run(ScriptEngine.java:194)
	at com.kms.katalon.core.main.ScriptEngine.runScriptAsRawText(ScriptEngine.java:119)
	at com.kms.katalon.core.main.TestCaseExecutor.runScript(TestCaseExecutor.java:445)
	at com.kms.katalon.core.main.TestCaseExecutor.doExecute(TestCaseExecutor.java:436)
	at com.kms.katalon.core.main.TestCaseExecutor.processExecutionPhase(TestCaseExecutor.java:415)
	at com.kms.katalon.core.main.TestCaseExecutor.accessMainPhase(TestCaseExecutor.java:407)
	at com.kms.katalon.core.main.TestCaseExecutor.execute(TestCaseExecutor.java:284)
	at com.kms.katalon.core.common.CommonExecutor.accessTestCaseMainPhase(CommonExecutor.java:65)
	at com.kms.katalon.core.main.TestSuiteExecutor.accessTestSuiteMainPhase(TestSuiteExecutor.java:144)
	at com.kms.katalon.core.main.TestSuiteExecutor.execute(TestSuiteExecutor.java:106)
	at com.kms.katalon.core.main.TestCaseMain.startTestSuite(TestCaseMain.java:185)
	at com.kms.katalon.core.main.TestCaseMain$startTestSuite$0.call(Unknown Source)
	at TempTestSuite1655773944408.run(TempTestSuite1655773944408.groovy:36)


2022-06-21 09:28:56 - [TEST_STEP][PASSED] - device_Height = getDeviceHeight(): Current device physical height is 2167

2022-06-21 09:28:56 - [MESSAGE][PASSED] - Current device physical height is 2167

2022-06-21 09:28:56 - [TEST_STEP][PASSED] - device_Width = getDeviceWidth(): Current device physical width is 1080

2022-06-21 09:28:57 - [MESSAGE][PASSED] - Current device physical width is 1080

2022-06-21 09:28:57 - [TEST_STEP][PASSED] - startX = device_Width / 3: null

2022-06-21 09:28:57 - [TEST_STEP][PASSED] - startY = device_Height * 0.97: null

2022-06-21 09:28:57 - [TEST_STEP][PASSED] - verifyElementExist(findTestObject("Banking/m2uAccountPayBillsIconSelect"), 0): Element 'Object Repository/Banking/m2uAccountPayBillsIconSelect' is exist

2022-06-21 09:28:57 - [MESSAGE][WARNING] - Timeout '0' is invalid. Using default page load timeout: '40'

2022-06-21 09:28:57 - [MESSAGE][PASSED] - Element 'Object Repository/Banking/m2uAccountPayBillsIconSelect' is exist

2022-06-21 09:28:57 - [TEST_STEP][PASSED] - tap(findTestObject("Banking/m2uAccountPayBillsIconSelect"), 0): Tapped on element 'Object Repository/Banking/m2uAccountPayBillsIconSelect'

2022-06-21 09:28:57 - [MESSAGE][WARNING] - Timeout '0' is invalid. Using default page load timeout: '40'

2022-06-21 09:28:57 - [MESSAGE][PASSED] - Tapped on element 'Object Repository/Banking/m2uAccountPayBillsIconSelect'

2022-06-21 09:28:57 - [TEST_STEP][PASSED] - println("JOMPAY OFF US"): null

2022-06-21 09:28:57 - [TEST_STEP][PASSED] - verifyElementExist(findTestObject("JomPay/payBillsJomPayTopMenuSelect"), 0): Element 'Object Repository/JomPay/payBillsJomPayTopMenuSelect' is exist

2022-06-21 09:28:57 - [MESSAGE][WARNING] - Timeout '0' is invalid. Using default page load timeout: '40'

2022-06-21 09:29:14 - [MESSAGE][PASSED] - Element 'Object Repository/JomPay/payBillsJomPayTopMenuSelect' is exist

2022-06-21 09:29:14 - [TEST_STEP][PASSED] - tap(findTestObject("JomPay/payBillsJomPayTopMenuSelect"), 0): Tapped on element 'Object Repository/JomPay/payBillsJomPayTopMenuSelect'

2022-06-21 09:29:14 - [MESSAGE][WARNING] - Timeout '0' is invalid. Using default page load timeout: '40'

2022-06-21 09:29:14 - [MESSAGE][PASSED] - Tapped on element 'Object Repository/JomPay/payBillsJomPayTopMenuSelect'

2022-06-21 09:29:14 - [TEST_STEP][PASSED] - verifyElementExist(findTestObject("JomPay/jomPayIconSelect"), 0): Element 'Object Repository/JomPay/jomPayIconSelect' is exist

2022-06-21 09:29:14 - [MESSAGE][WARNING] - Timeout '0' is invalid. Using default page load timeout: '40'

2022-06-21 09:29:16 - [MESSAGE][PASSED] - Element 'Object Repository/JomPay/jomPayIconSelect' is exist

2022-06-21 09:29:16 - [TEST_STEP][PASSED] - tap(findTestObject("JomPay/jomPayIconSelect"), 0): Tapped on element 'Object Repository/JomPay/jomPayIconSelect'

2022-06-21 09:29:16 - [MESSAGE][WARNING] - Timeout '0' is invalid. Using default page load timeout: '40'

2022-06-21 09:29:16 - [MESSAGE][PASSED] - Tapped on element 'Object Repository/JomPay/jomPayIconSelect'

2022-06-21 09:29:16 - [TEST_STEP][PASSED] - delay(3): Delayed 3 second(s)

2022-06-21 09:29:19 - [MESSAGE][PASSED] - Delayed 3 second(s)

2022-06-21 09:29:19 - [TEST_STEP][PASSED] - verifyElementExist(findTestObject("Object Repository/JomPay/jomPayHeaderTxt"), 0): Element 'Object Repository/JomPay/jomPayHeaderTxt' is exist

2022-06-21 09:29:19 - [MESSAGE][WARNING] - Timeout '0' is invalid. Using default page load timeout: '40'

2022-06-21 09:29:19 - [MESSAGE][PASSED] - Element 'Object Repository/JomPay/jomPayHeaderTxt' is exist

2022-06-21 09:29:19 - [TEST_STEP][PASSED] - verifyElementExist(findTestObject("Object Repository/JomPay/jomPayBillerCodeTitleTxt"), 0): Element 'Object Repository/JomPay/jomPayBillerCodeTitleTxt' is exist

2022-06-21 09:29:19 - [MESSAGE][WARNING] - Timeout '0' is invalid. Using default page load timeout: '40'

2022-06-21 09:29:20 - [MESSAGE][PASSED] - Element 'Object Repository/JomPay/jomPayBillerCodeTitleTxt' is exist

2022-06-21 09:29:20 - [TEST_STEP][PASSED] - verifyElementExist(findTestObject("Object Repository/JomPay/jomPayReference1TitleTxt"), 0): Element 'Object Repository/JomPay/jomPayReference1TitleTxt' is exist

2022-06-21 09:29:20 - [MESSAGE][WARNING] - Timeout '0' is invalid. Using default page load timeout: '40'

2022-06-21 09:29:20 - [MESSAGE][PASSED] - Element 'Object Repository/JomPay/jomPayReference1TitleTxt' is exist

2022-06-21 09:29:20 - [TEST_STEP][PASSED] - verifyElementExist(findTestObject("Object Repository/JomPay/jomPayReference2TitleTxt"), 0): Element 'Object Repository/JomPay/jomPayReference2TitleTxt' is exist

2022-06-21 09:29:20 - [MESSAGE][WARNING] - Timeout '0' is invalid. Using default page load timeout: '40'

2022-06-21 09:29:20 - [MESSAGE][PASSED] - Element 'Object Repository/JomPay/jomPayReference2TitleTxt' is exist

2022-06-21 09:29:20 - [TEST_STEP][PASSED] - setText(findTestObject("JomPay/jomPayBillerInputField"), findTestData("TestData").getValue(8, 1), 0): Text '3657' has been set to element 'Object Repository/JomPay/jomPayBillerInputField'

2022-06-21 09:29:20 - [MESSAGE][WARNING] - Timeout '0' is invalid. Using default page load timeout: '40'

2022-06-21 09:29:21 - [MESSAGE][PASSED] - Text '3657' has been set to element 'Object Repository/JomPay/jomPayBillerInputField'

2022-06-21 09:29:21 - [TEST_STEP][PASSED] - setText(findTestObject("JomPay/jomPayBillerRefInputField"), findTestData("TestData").getValue(9, 1), 0): Text '568964' has been set to element 'Object Repository/JomPay/jomPayBillerRefInputField'

2022-06-21 09:29:21 - [MESSAGE][WARNING] - Timeout '0' is invalid. Using default page load timeout: '40'

2022-06-21 09:29:22 - [MESSAGE][PASSED] - Text '568964' has been set to element 'Object Repository/JomPay/jomPayBillerRefInputField'

2022-06-21 09:29:22 - [TEST_STEP][PASSED] - hideKeyboard(): Keyboard is hidden

2022-06-21 09:29:23 - [MESSAGE][PASSED] - Keyboard is hidden

2022-06-21 09:29:23 - [TEST_STEP][PASSED] - tap(findTestObject("Login Onboarding/loginExistingContinueBtn"), 0): Tapped on element 'Object Repository/Login Onboarding/loginExistingContinueBtn'

2022-06-21 09:29:23 - [MESSAGE][WARNING] - Timeout '0' is invalid. Using default page load timeout: '40'

2022-06-21 09:29:24 - [MESSAGE][PASSED] - Tapped on element 'Object Repository/Login Onboarding/loginExistingContinueBtn'

2022-06-21 09:29:24 - [TEST_STEP][PASSED] - verifyElementExist(findTestObject("JomPay/jomPayBillerCodeTxt", ["billerCode":findTestData("TestData").getValue(8, 1)]), 0): Element 'Object Repository/JomPay/jomPayBillerCodeTxt' is exist

2022-06-21 09:29:24 - [MESSAGE][WARNING] - Timeout '0' is invalid. Using default page load timeout: '40'

2022-06-21 09:29:28 - [MESSAGE][PASSED] - Element 'Object Repository/JomPay/jomPayBillerCodeTxt' is exist

2022-06-21 09:29:28 - [TEST_STEP][PASSED] - verifyElementExist(findTestObject("JomPay/jomPayBillerRefTxt", ["refNum":findTestData("TestData").getValue(9, 1)]), 0): Element 'Object Repository/JomPay/jomPayBillerRefTxt' is exist

2022-06-21 09:29:28 - [MESSAGE][WARNING] - Timeout '0' is invalid. Using default page load timeout: '40'

2022-06-21 09:29:28 - [MESSAGE][PASSED] - Element 'Object Repository/JomPay/jomPayBillerRefTxt' is exist

2022-06-21 09:29:28 - [TEST_STEP][PASSED] - verifyElementExist(findTestObject("Object Repository/JomPay/jomPayAmountEnterAmountTitleTxt"), 0): Element 'Object Repository/JomPay/jomPayAmountEnterAmountTitleTxt' is exist

2022-06-21 09:29:28 - [MESSAGE][WARNING] - Timeout '0' is invalid. Using default page load timeout: '40'

2022-06-21 09:29:28 - [MESSAGE][PASSED] - Element 'Object Repository/JomPay/jomPayAmountEnterAmountTitleTxt' is exist

2022-06-21 09:29:28 - [TEST_STEP][PASSED] - verifyElementExist(findTestObject("Object Repository/JomPay/jomPayAmountInitialTxt"), 0): Element 'Object Repository/JomPay/jomPayAmountInitialTxt' is exist

2022-06-21 09:29:28 - [MESSAGE][WARNING] - Timeout '0' is invalid. Using default page load timeout: '40'

2022-06-21 09:29:28 - [MESSAGE][PASSED] - Element 'Object Repository/JomPay/jomPayAmountInitialTxt' is exist

2022-06-21 09:29:28 - [TEST_STEP][PASSED] - verifyElementExist(findTestObject("Object Repository/JomPay/jomPayAmountEnterAmountTitleTxt"), 0): Element 'Object Repository/JomPay/jomPayAmountEnterAmountTitleTxt' is exist

2022-06-21 09:29:28 - [MESSAGE][WARNING] - Timeout '0' is invalid. Using default page load timeout: '40'

2022-06-21 09:29:28 - [MESSAGE][PASSED] - Element 'Object Repository/JomPay/jomPayAmountEnterAmountTitleTxt' is exist

2022-06-21 09:29:28 - [TEST_STEP][PASSED] - trxAmount = findTestData("TestData").getValue(3, 1): null

2022-06-21 09:29:28 - [TEST_STEP][PASSED] - length = trxAmount.length(): null

2022-06-21 09:29:28 - [TEST_STEP][PASSED] - delay(5): Delayed 5 second(s)

2022-06-21 09:29:33 - [MESSAGE][PASSED] - Delayed 5 second(s)

2022-06-21 09:29:33 - [TEST_STEP][PASSED] - tapAtPosition(startX, startY): Tapped at [360, 2,101]

2022-06-21 09:29:34 - [MESSAGE][PASSED] - Tapped at [360, 2,101]

2022-06-21 09:29:34 - [TEST_STEP][PASSED] - for ([i = 0, i < length, (i++)]): null

2022-06-21 09:29:34 - [TEST_STEP][PASSED] - if (trxAmount[i] == "0"): null

2022-06-21 09:29:34 - [TEST_STEP][PASSED] - if (trxAmount[i] == "1"): Tapped on element 'Object Repository/Login Onboarding/PIN1'

2022-06-21 09:29:34 - [TEST_STEP][PASSED] - tap(findTestObject("Login Onboarding/PIN1"), 0): Tapped on element 'Object Repository/Login Onboarding/PIN1'

2022-06-21 09:29:34 - [MESSAGE][WARNING] - Timeout '0' is invalid. Using default page load timeout: '40'

2022-06-21 09:29:34 - [MESSAGE][PASSED] - Tapped on element 'Object Repository/Login Onboarding/PIN1'

2022-06-21 09:29:34 - [TEST_STEP][PASSED] - if (trxAmount[i] == "2"): null

2022-06-21 09:29:34 - [TEST_STEP][PASSED] - if (trxAmount[i] == "3"): null

2022-06-21 09:29:34 - [TEST_STEP][PASSED] - if (trxAmount[i] == "4"): null

2022-06-21 09:29:34 - [TEST_STEP][PASSED] - if (trxAmount[i] == "5"): null

2022-06-21 09:29:34 - [TEST_STEP][PASSED] - if (trxAmount[i] == "6"): null

2022-06-21 09:29:34 - [TEST_STEP][PASSED] - if (trxAmount[i] == "7"): null

2022-06-21 09:29:34 - [TEST_STEP][PASSED] - if (trxAmount[i] == "8"): null

2022-06-21 09:29:34 - [TEST_STEP][PASSED] - if (trxAmount[i] == "9"): null

2022-06-21 09:29:34 - [TEST_STEP][PASSED] - if (trxAmount[i] == "0"): Tapped on element 'Object Repository/Login Onboarding/PIN0'

2022-06-21 09:29:34 - [TEST_STEP][PASSED] - tap(findTestObject("Login Onboarding/PIN0"), 0): Tapped on element 'Object Repository/Login Onboarding/PIN0'

2022-06-21 09:29:34 - [MESSAGE][WARNING] - Timeout '0' is invalid. Using default page load timeout: '40'

2022-06-21 09:29:34 - [MESSAGE][PASSED] - Tapped on element 'Object Repository/Login Onboarding/PIN0'

2022-06-21 09:29:34 - [TEST_STEP][PASSED] - if (trxAmount[i] == "1"): null

2022-06-21 09:29:34 - [TEST_STEP][PASSED] - if (trxAmount[i] == "2"): null

2022-06-21 09:29:34 - [TEST_STEP][PASSED] - if (trxAmount[i] == "3"): null

2022-06-21 09:29:34 - [TEST_STEP][PASSED] - if (trxAmount[i] == "4"): null

2022-06-21 09:29:34 - [TEST_STEP][PASSED] - if (trxAmount[i] == "5"): null

2022-06-21 09:29:34 - [TEST_STEP][PASSED] - if (trxAmount[i] == "6"): null

2022-06-21 09:29:34 - [TEST_STEP][PASSED] - if (trxAmount[i] == "7"): null

2022-06-21 09:29:34 - [TEST_STEP][PASSED] - if (trxAmount[i] == "8"): null

2022-06-21 09:29:34 - [TEST_STEP][PASSED] - if (trxAmount[i] == "9"): null

2022-06-21 09:29:34 - [TEST_STEP][PASSED] - if (trxAmount[i] == "0"): Tapped on element 'Object Repository/Login Onboarding/PIN0'

2022-06-21 09:29:34 - [TEST_STEP][PASSED] - tap(findTestObject("Login Onboarding/PIN0"), 0): Tapped on element 'Object Repository/Login Onboarding/PIN0'

2022-06-21 09:29:34 - [MESSAGE][WARNING] - Timeout '0' is invalid. Using default page load timeout: '40'

2022-06-21 09:29:35 - [MESSAGE][PASSED] - Tapped on element 'Object Repository/Login Onboarding/PIN0'

2022-06-21 09:29:35 - [TEST_STEP][PASSED] - if (trxAmount[i] == "1"): null

2022-06-21 09:29:35 - [TEST_STEP][PASSED] - if (trxAmount[i] == "2"): null

2022-06-21 09:29:35 - [TEST_STEP][PASSED] - if (trxAmount[i] == "3"): null

2022-06-21 09:29:35 - [TEST_STEP][PASSED] - if (trxAmount[i] == "4"): null

2022-06-21 09:29:35 - [TEST_STEP][PASSED] - if (trxAmount[i] == "5"): null

2022-06-21 09:29:35 - [TEST_STEP][PASSED] - if (trxAmount[i] == "6"): null

2022-06-21 09:29:35 - [TEST_STEP][PASSED] - if (trxAmount[i] == "7"): null

2022-06-21 09:29:35 - [TEST_STEP][PASSED] - if (trxAmount[i] == "8"): null

2022-06-21 09:29:35 - [TEST_STEP][PASSED] - if (trxAmount[i] == "9"): null

2022-06-21 09:29:35 - [TEST_STEP][PASSED] - delay(5): Delayed 5 second(s)

2022-06-21 09:29:40 - [MESSAGE][PASSED] - Delayed 5 second(s)

2022-06-21 09:29:40 - [TEST_STEP][PASSED] - tap(findTestObject("JomPay/jomPayAmountTickBtn"), 0): Tapped on element 'Object Repository/JomPay/jomPayAmountTickBtn'

2022-06-21 09:29:40 - [MESSAGE][WARNING] - Timeout '0' is invalid. Using default page load timeout: '40'

2022-06-21 09:29:40 - [MESSAGE][PASSED] - Tapped on element 'Object Repository/JomPay/jomPayAmountTickBtn'

2022-06-21 09:29:40 - [TEST_STEP][PASSED] - verifyElementExist(findTestObject("JomPay/jomPayConfirmationAmountTxt", ["amount":findTestData("TestData").getValue(4, 1)]), 0): Element 'Object Repository/JomPay/jomPayConfirmationAmountTxt' is exist

2022-06-21 09:29:40 - [MESSAGE][WARNING] - Timeout '0' is invalid. Using default page load timeout: '40'

2022-06-21 09:29:47 - [MESSAGE][PASSED] - Element 'Object Repository/JomPay/jomPayConfirmationAmountTxt' is exist

2022-06-21 09:29:47 - [TEST_STEP][PASSED] - verifyElementExist(findTestObject("Object Repository/JomPay/jomPayConfirmationBillerCodeTxt", ["billerCode":findTestData("TestData").getValue(8, 2)]), 0): Element 'Object Repository/JomPay/jomPayConfirmationBillerCodeTxt' is exist

2022-06-21 09:29:47 - [MESSAGE][WARNING] - Timeout '0' is invalid. Using default page load timeout: '40'

2022-06-21 09:29:47 - [MESSAGE][PASSED] - Element 'Object Repository/JomPay/jomPayConfirmationBillerCodeTxt' is exist

2022-06-21 09:29:47 - [TEST_STEP][PASSED] - verifyElementExist(findTestObject("JomPay/jomPayConfirmationBillerRefTxt", ["billRef":findTestData("TestData").getValue(10, 1)]), 0): Element 'Object Repository/JomPay/jomPayConfirmationBillerRefTxt' is exist

2022-06-21 09:29:47 - [MESSAGE][WARNING] - Timeout '0' is invalid. Using default page load timeout: '40'

2022-06-21 09:29:47 - [MESSAGE][PASSED] - Element 'Object Repository/JomPay/jomPayConfirmationBillerRefTxt' is exist

2022-06-21 09:29:47 - [TEST_STEP][PASSED] - verifyElementExist(findTestObject("Object Repository/JomPay/jomPayConfirmationDateTxt"), 0): Element 'Object Repository/JomPay/jomPayConfirmationDateTxt' is exist

2022-06-21 09:29:47 - [MESSAGE][WARNING] - Timeout '0' is invalid. Using default page load timeout: '40'

2022-06-21 09:29:48 - [MESSAGE][PASSED] - Element 'Object Repository/JomPay/jomPayConfirmationDateTxt' is exist

2022-06-21 09:29:48 - [TEST_STEP][PASSED] - verifyElementExist(findTestObject("Object Repository/JomPay/jomPayConfirmationDateTitleTxt"), 0): Element 'Object Repository/JomPay/jomPayConfirmationDateTitleTxt' is exist

2022-06-21 09:29:48 - [MESSAGE][WARNING] - Timeout '0' is invalid. Using default page load timeout: '40'

2022-06-21 09:29:48 - [MESSAGE][PASSED] - Element 'Object Repository/JomPay/jomPayConfirmationDateTitleTxt' is exist

2022-06-21 09:29:48 - [TEST_STEP][PASSED] - verifyElementExist(findTestObject("Object Repository/JomPay/jomPayConfirmationDeclarationTitleTxt"), 0): Element 'Object Repository/JomPay/jomPayConfirmationDeclarationTitleTxt' is exist

2022-06-21 09:29:48 - [MESSAGE][WARNING] - Timeout '0' is invalid. Using default page load timeout: '40'

2022-06-21 09:29:48 - [MESSAGE][PASSED] - Element 'Object Repository/JomPay/jomPayConfirmationDeclarationTitleTxt' is exist

2022-06-21 09:29:48 - [TEST_STEP][PASSED] - verifyElementExist(findTestObject("Object Repository/JomPay/jomPayConfirmationDeclarationNotesTxt"), 0): Element 'Object Repository/JomPay/jomPayConfirmationDeclarationNotesTxt' is exist

2022-06-21 09:29:48 - [MESSAGE][WARNING] - Timeout '0' is invalid. Using default page load timeout: '40'

2022-06-21 09:29:48 - [MESSAGE][PASSED] - Element 'Object Repository/JomPay/jomPayConfirmationDeclarationNotesTxt' is exist

2022-06-21 09:29:48 - [TEST_STEP][PASSED] - verifyElementExist(findTestObject("Object Repository/JomPay/jomPayConfirmationRef2TitleTxt"), 0): Element 'Object Repository/JomPay/jomPayConfirmationRef2TitleTxt' is exist

2022-06-21 09:29:48 - [MESSAGE][WARNING] - Timeout '0' is invalid. Using default page load timeout: '40'

2022-06-21 09:29:48 - [MESSAGE][PASSED] - Element 'Object Repository/JomPay/jomPayConfirmationRef2TitleTxt' is exist

2022-06-21 09:29:48 - [TEST_STEP][PASSED] - verifyElementExist(findTestObject("Object Repository/JomPay/jomPayConfirmationTnCTitleTxt"), 0): Element 'Object Repository/JomPay/jomPayConfirmationTnCTitleTxt' is exist

2022-06-21 09:29:48 - [MESSAGE][WARNING] - Timeout '0' is invalid. Using default page load timeout: '40'

2022-06-21 09:29:49 - [MESSAGE][PASSED] - Element 'Object Repository/JomPay/jomPayConfirmationTnCTitleTxt' is exist

2022-06-21 09:29:49 - [TEST_STEP][PASSED] - verifyElementText(findTestObject("Transfer/transferConfirmationFromAccTypeTxt", ["accType":findTestData("TestData").getValue(5, 1)]), findTestData("TestData").getValue(5, 1)): Actual text and expected text of test object 'Object Repository/Transfer/transferConfirmationFromAccTypeTxt' are matched.

2022-06-21 09:29:50 - [MESSAGE][PASSED] - Actual text and expected text of test object 'Object Repository/Transfer/transferConfirmationFromAccTypeTxt' are matched.

2022-06-21 09:29:50 - [TEST_STEP][PASSED] - verifyElementText(findTestObject("Transfer/transferConfirmationFromAccNoTxt", ["accNoFrom":findTestData("TestData").getValue(6, 1)]), findTestData("TestData").getValue(6, 1)): Actual text and expected text of test object 'Object Repository/Transfer/transferConfirmationFromAccNoTxt' are matched.

2022-06-21 09:29:51 - [MESSAGE][PASSED] - Actual text and expected text of test object 'Object Repository/Transfer/transferConfirmationFromAccNoTxt' are matched.

2022-06-21 09:29:51 - [TEST_STEP][PASSED] - verifyElementExist(findTestObject("Transfer/transferConfirmationFromAccBalanceTxt"), 0): Element 'Object Repository/Transfer/transferConfirmationFromAccBalanceTxt' is exist

2022-06-21 09:29:51 - [MESSAGE][WARNING] - Timeout '0' is invalid. Using default page load timeout: '40'

2022-06-21 09:29:51 - [MESSAGE][PASSED] - Element 'Object Repository/Transfer/transferConfirmationFromAccBalanceTxt' is exist

2022-06-21 09:29:51 - [TEST_STEP][PASSED] - accountBalance = getText(findTestObject("Transfer/transferConfirmationFromAccBalanceTxt"), 0): Text of element 'Object Repository/Transfer/transferConfirmationFromAccBalanceTxt' is: 'RM 1,706.00'

2022-06-21 09:29:51 - [MESSAGE][WARNING] - Timeout '0' is invalid. Using default page load timeout: '40'

2022-06-21 09:29:51 - [MESSAGE][PASSED] - Text of element 'Object Repository/Transfer/transferConfirmationFromAccBalanceTxt' is: 'RM 1,706.00'

2022-06-21 09:29:51 - [TEST_STEP][PASSED] - println(accountBalance): null

2022-06-21 09:29:51 - [TEST_STEP][PASSED] - verifyElementExist(findTestObject("Main/mainPayNowBtn"), 0): Element 'Object Repository/Main/mainPayNowBtn' is exist

2022-06-21 09:29:51 - [MESSAGE][WARNING] - Timeout '0' is invalid. Using default page load timeout: '40'

2022-06-21 09:29:51 - [MESSAGE][PASSED] - Element 'Object Repository/Main/mainPayNowBtn' is exist

2022-06-21 09:29:51 - [TEST_STEP][PASSED] - verifyElementExist(findTestObject("Main/mainPayNowBtn"), 0): Element 'Object Repository/Main/mainPayNowBtn' is exist

2022-06-21 09:29:51 - [MESSAGE][WARNING] - Timeout '0' is invalid. Using default page load timeout: '40'

2022-06-21 09:29:52 - [MESSAGE][PASSED] - Element 'Object Repository/Main/mainPayNowBtn' is exist

2022-06-21 09:29:52 - [TEST_STEP][PASSED] - tap(findTestObject("Main/mainPayNowBtn"), 0): Tapped on element 'Object Repository/Main/mainPayNowBtn'

2022-06-21 09:29:52 - [MESSAGE][WARNING] - Timeout '0' is invalid. Using default page load timeout: '40'

2022-06-21 09:29:52 - [MESSAGE][PASSED] - Tapped on element 'Object Repository/Main/mainPayNowBtn'

2022-06-21 09:29:52 - [TEST_STEP][PASSED] - delay(3): Delayed 3 second(s)

2022-06-21 09:29:55 - [MESSAGE][PASSED] - Delayed 3 second(s)

2022-06-21 09:29:55 - [TEST_STEP][PASSED] - if (verifyElementVisible(findTestObject("Festive Season/festiveReturnAngpaoTACNoTxt"), 10, OPTIONAL)): Element 'Object Repository/Festive Season/festiveReturnAngpaoTACNoTxt' not found

2022-06-21 09:30:05 - [MESSAGE][WARNING] - Element 'Object Repository/Festive Season/festiveReturnAngpaoTACNoTxt' not found

2022-06-21 09:30:05 - [TEST_STEP][FAILED] - else: null

2022-06-21 09:30:05 - [TEST_STEP][PASSED] - delay(5): Delayed 5 second(s)

2022-06-21 09:30:10 - [MESSAGE][PASSED] - Delayed 5 second(s)

2022-06-21 09:30:10 - [TEST_STEP][FAILED] - verifyElementVisible(findTestObject("Main/mainS2UApproveBtn"), 10): Element 'Object Repository/Main/mainS2UApproveBtn' not found

2022-06-21 09:30:20 - [MESSAGE][FAILED] - Element 'Object Repository/Main/mainS2UApproveBtn' not found

2022-06-21 09:30:20 - [TEST_STEP][PASSED] - tap(findTestObject("Main/mainS2UApproveBtn"), 0): Tapped on element 'Object Repository/Main/mainS2UApproveBtn'

2022-06-21 09:30:20 - [MESSAGE][WARNING] - Timeout '0' is invalid. Using default page load timeout: '40'

2022-06-21 09:30:31 - [MESSAGE][PASSED] - Tapped on element 'Object Repository/Main/mainS2UApproveBtn'

2022-06-21 09:30:31 - [TEST_STEP][PASSED] - delay(5): Delayed 5 second(s)

2022-06-21 09:30:36 - [MESSAGE][PASSED] - Delayed 5 second(s)

2022-06-21 09:30:36 - [TEST_STEP][PASSED] - verifyElementText(findTestObject("JomPay/jomPaySummarySuccesfulTxt"), findTestData("TestData").getValue(7, 1)): Actual text and expected text of test object 'Object Repository/JomPay/jomPaySummarySuccesfulTxt' are matched.

2022-06-21 09:31:16 - [MESSAGE][PASSED] - Actual text and expected text of test object 'Object Repository/JomPay/jomPaySummarySuccesfulTxt' are matched.

2022-06-21 09:31:16 - [TEST_STEP][PASSED] - verifyElementExist(findTestObject("Object Repository/JomPay/jomPaySummaryDateTimeTitleTxt"), 0): Element 'Object Repository/JomPay/jomPaySummaryDateTimeTitleTxt' is exist

2022-06-21 09:31:16 - [MESSAGE][WARNING] - Timeout '0' is invalid. Using default page load timeout: '40'

2022-06-21 09:31:16 - [MESSAGE][PASSED] - Element 'Object Repository/JomPay/jomPaySummaryDateTimeTitleTxt' is exist

2022-06-21 09:31:16 - [TEST_STEP][PASSED] - verifyElementExist(findTestObject("Duit Now/duitNowSummaryRefernceIDTitleTxt"), 0): Element 'Object Repository/Duit Now/duitNowSummaryRefernceIDTitleTxt' is exist

2022-06-21 09:31:16 - [MESSAGE][WARNING] - Timeout '0' is invalid. Using default page load timeout: '40'

2022-06-21 09:31:16 - [MESSAGE][PASSED] - Element 'Object Repository/Duit Now/duitNowSummaryRefernceIDTitleTxt' is exist

2022-06-21 09:31:16 - [TEST_STEP][PASSED] - verifyElementExist(findTestObject("Transfer/transferSummaryShareReceiptBtn"), 0): Element 'Object Repository/Transfer/transferSummaryShareReceiptBtn' is exist

2022-06-21 09:31:16 - [MESSAGE][WARNING] - Timeout '0' is invalid. Using default page load timeout: '40'

2022-06-21 09:31:17 - [MESSAGE][PASSED] - Element 'Object Repository/Transfer/transferSummaryShareReceiptBtn' is exist

2022-06-21 09:31:17 - [TEST_STEP][PASSED] - referenceID = getText(findTestObject("Send Request Money/requestMoneyPaySummaryRefIDTxt"), 0): Text of element 'Object Repository/Send Request Money/requestMoneyPaySummaryRefIDTxt' is: 'Reference ID'

2022-06-21 09:31:17 - [MESSAGE][WARNING] - Timeout '0' is invalid. Using default page load timeout: '40'

2022-06-21 09:31:17 - [MESSAGE][PASSED] - Text of element 'Object Repository/Send Request Money/requestMoneyPaySummaryRefIDTxt' is: 'Reference ID'

2022-06-21 09:31:17 - [TEST_STEP][PASSED] - println(referenceID): null

2022-06-21 09:31:17 - [TEST_STEP][PASSED] - test = dataFolder: null

2022-06-21 09:31:17 - [TEST_STEP][PASSED] - sheetName = "Sheet1": null

2022-06-21 09:31:17 - [TEST_STEP][PASSED] - file1 = new java.io.File(test): null

2022-06-21 09:31:17 - [TEST_STEP][PASSED] - assert file1.exists() == true: null

2022-06-21 09:31:17 - [TEST_STEP][PASSED] - woorkbook1 = getWorkbook(test): null

2022-06-21 09:31:17 - [TEST_STEP][PASSED] - sheet1 = getExcelSheet(woorkbook1, sheetName): null

2022-06-21 09:31:17 - [TEST_STEP][PASSED] - setValueToCellByIndex(sheet1, 4, 1, referenceID): null

2022-06-21 09:31:17 - [TEST_STEP][PASSED] - saveWorkbook(test, woorkbook1): null

2022-06-21 09:31:17 - [TEST_STEP][PASSED] - delay(3): Delayed 3 second(s)

2022-06-21 09:31:20 - [MESSAGE][PASSED] - Delayed 3 second(s)

2022-06-21 09:31:20 - [TEST_STEP][PASSED] - takeScreenshot("/Users/a00139272/Desktop/Screenshot/jomPayInstant.png"): Screenshot is taken

2022-06-21 09:31:21 - [MESSAGE][PASSED] - Screenshot is taken
[[ATTACHMENT|/Users/a00139272/Desktop/Screenshot/jomPayInstant.png]]

2022-06-21 09:31:21 - [TEST_STEP][PASSED] - verifyElementVisible(findTestObject("Main/mainDoneBtn"), 0): Element 'Object Repository/Main/mainDoneBtn' is visible

2022-06-21 09:31:21 - [MESSAGE][WARNING] - Timeout '0' is invalid. Using default page load timeout: '40'

2022-06-21 09:31:22 - [MESSAGE][PASSED] - Element 'Object Repository/Main/mainDoneBtn' is visible

2022-06-21 09:31:22 - [TEST_STEP][PASSED] - tap(findTestObject("Main/mainDoneBtn"), 0): Tapped on element 'Object Repository/Main/mainDoneBtn'

2022-06-21 09:31:22 - [MESSAGE][WARNING] - Timeout '0' is invalid. Using default page load timeout: '40'

2022-06-21 09:31:22 - [MESSAGE][PASSED] - Tapped on element 'Object Repository/Main/mainDoneBtn'

2022-06-21 09:31:22 - [TEST_STEP][PASSED] - delay(5): Delayed 5 second(s)

2022-06-21 09:31:27 - [MESSAGE][PASSED] - Delayed 5 second(s)]]></system-out>
         <system-err><![CDATA[2022-06-21 09:28:55 - [TEST_CASE][FAILED] - Test Cases/JomPay/jomPay_todayTransaction: Test Cases/JomPay/jomPay_todayTransaction FAILED.
Reason:
com.kms.katalon.core.exception.StepFailedException: Element 'Object Repository/Main/mainS2UApproveBtn' not found
	at com.kms.katalon.core.keyword.internal.KeywordMain.stepFailed(KeywordMain.groovy:39)
	at com.kms.katalon.core.mobile.keyword.internal.MobileKeywordMain.stepFailed(MobileKeywordMain.groovy:40)
	at com.kms.katalon.core.mobile.keyword.builtin.VerifyElementVisibleKeyword$_verifyElementVisible_closure1.doCall(VerifyElementVisibleKeyword.groovy:82)
	at com.kms.katalon.core.mobile.keyword.builtin.VerifyElementVisibleKeyword$_verifyElementVisible_closure1.call(VerifyElementVisibleKeyword.groovy)
	at com.kms.katalon.core.mobile.keyword.internal.MobileKeywordMain.runKeyword(MobileKeywordMain.groovy:21)
	at com.kms.katalon.core.mobile.keyword.builtin.VerifyElementVisibleKeyword.verifyElementVisible(VerifyElementVisibleKeyword.groovy:85)
	at com.kms.katalon.core.mobile.keyword.builtin.VerifyElementVisibleKeyword.execute(VerifyElementVisibleKeyword.groovy:64)
	at com.kms.katalon.core.keyword.internal.KeywordExecutor.executeKeywordForPlatform(KeywordExecutor.groovy:74)
	at com.kms.katalon.core.mobile.keyword.MobileBuiltInKeywords.verifyElementVisible(MobileBuiltInKeywords.groovy:2031)
	at com.kms.katalon.core.mobile.keyword.MobileBuiltInKeywords$verifyElementVisible$12.call(Unknown Source)
	at jomPay_todayTransaction.run(jomPay_todayTransaction:269)
	at com.kms.katalon.core.main.ScriptEngine.run(ScriptEngine.java:194)
	at com.kms.katalon.core.main.ScriptEngine.runScriptAsRawText(ScriptEngine.java:119)
	at com.kms.katalon.core.main.TestCaseExecutor.runScript(TestCaseExecutor.java:445)
	at com.kms.katalon.core.main.TestCaseExecutor.doExecute(TestCaseExecutor.java:436)
	at com.kms.katalon.core.main.TestCaseExecutor.processExecutionPhase(TestCaseExecutor.java:415)
	at com.kms.katalon.core.main.TestCaseExecutor.accessMainPhase(TestCaseExecutor.java:407)
	at com.kms.katalon.core.main.TestCaseExecutor.execute(TestCaseExecutor.java:284)
	at com.kms.katalon.core.common.CommonExecutor.accessTestCaseMainPhase(CommonExecutor.java:65)
	at com.kms.katalon.core.main.TestSuiteExecutor.accessTestSuiteMainPhase(TestSuiteExecutor.java:144)
	at com.kms.katalon.core.main.TestSuiteExecutor.execute(TestSuiteExecutor.java:106)
	at com.kms.katalon.core.main.TestCaseMain.startTestSuite(TestCaseMain.java:185)
	at com.kms.katalon.core.main.TestCaseMain$startTestSuite$0.call(Unknown Source)
	at TempTestSuite1655773944408.run(TempTestSuite1655773944408.groovy:36)]]></system-err>
      </testcase>
      <testcase name="Test Cases/JomPay/jomPay_scheduleTransaction" time="250.763" classname="Test Cases/JomPay/jomPay_scheduleTransaction" status="FAILED">
         <failure type="FAILED" message="Test Cases/JomPay/jomPay_scheduleTransaction FAILED.
Reason:
com.kms.katalon.core.exception.StepFailedException: Element 'Object Repository/Main/mainS2UApproveBtn' not found
	at com.kms.katalon.core.keyword.internal.KeywordMain.stepFailed(KeywordMain.groovy:39)
	at com.kms.katalon.core.mobile.keyword.internal.MobileKeywordMain.stepFailed(MobileKeywordMain.groovy:40)
	at com.kms.katalon.core.mobile.keyword.builtin.VerifyElementVisibleKeyword$_verifyElementVisible_closure1.doCall(VerifyElementVisibleKeyword.groovy:82)
	at com.kms.katalon.core.mobile.keyword.builtin.VerifyElementVisibleKeyword$_verifyElementVisible_closure1.call(VerifyElementVisibleKeyword.groovy)
	at com.kms.katalon.core.mobile.keyword.internal.MobileKeywordMain.runKeyword(MobileKeywordMain.groovy:21)
	at com.kms.katalon.core.mobile.keyword.builtin.VerifyElementVisibleKeyword.verifyElementVisible(VerifyElementVisibleKeyword.groovy:85)
	at com.kms.katalon.core.mobile.keyword.builtin.VerifyElementVisibleKeyword.execute(VerifyElementVisibleKeyword.groovy:64)
	at com.kms.katalon.core.keyword.internal.KeywordExecutor.executeKeywordForPlatform(KeywordExecutor.groovy:74)
	at com.kms.katalon.core.mobile.keyword.MobileBuiltInKeywords.verifyElementVisible(MobileBuiltInKeywords.groovy:2031)
	at com.kms.katalon.core.mobile.keyword.MobileBuiltInKeywords$verifyElementVisible$12.call(Unknown Source)
	at jomPay_scheduleTransaction.run(jomPay_scheduleTransaction:172)
	at com.kms.katalon.core.main.ScriptEngine.run(ScriptEngine.java:194)
	at com.kms.katalon.core.main.ScriptEngine.runScriptAsRawText(ScriptEngine.java:119)
	at com.kms.katalon.core.main.TestCaseExecutor.runScript(TestCaseExecutor.java:445)
	at com.kms.katalon.core.main.TestCaseExecutor.doExecute(TestCaseExecutor.java:436)
	at com.kms.katalon.core.main.TestCaseExecutor.processExecutionPhase(TestCaseExecutor.java:415)
	at com.kms.katalon.core.main.TestCaseExecutor.accessMainPhase(TestCaseExecutor.java:407)
	at com.kms.katalon.core.main.TestCaseExecutor.execute(TestCaseExecutor.java:284)
	at com.kms.katalon.core.common.CommonExecutor.accessTestCaseMainPhase(CommonExecutor.java:65)
	at com.kms.katalon.core.main.TestSuiteExecutor.accessTestSuiteMainPhase(TestSuiteExecutor.java:144)
	at com.kms.katalon.core.main.TestSuiteExecutor.execute(TestSuiteExecutor.java:106)
	at com.kms.katalon.core.main.TestCaseMain.startTestSuite(TestCaseMain.java:185)
	at com.kms.katalon.core.main.TestCaseMain$startTestSuite$0.call(Unknown Source)
	at TempTestSuite1655773944408.run(TempTestSuite1655773944408.groovy:36)
"/>
         <system-out><![CDATA[2022-06-21 09:31:27 - [TEST_CASE][FAILED] - Test Cases/JomPay/jomPay_scheduleTransaction: Test Cases/JomPay/jomPay_scheduleTransaction FAILED.
Reason:
com.kms.katalon.core.exception.StepFailedException: Element 'Object Repository/Main/mainS2UApproveBtn' not found
	at com.kms.katalon.core.keyword.internal.KeywordMain.stepFailed(KeywordMain.groovy:39)
	at com.kms.katalon.core.mobile.keyword.internal.MobileKeywordMain.stepFailed(MobileKeywordMain.groovy:40)
	at com.kms.katalon.core.mobile.keyword.builtin.VerifyElementVisibleKeyword$_verifyElementVisible_closure1.doCall(VerifyElementVisibleKeyword.groovy:82)
	at com.kms.katalon.core.mobile.keyword.builtin.VerifyElementVisibleKeyword$_verifyElementVisible_closure1.call(VerifyElementVisibleKeyword.groovy)
	at com.kms.katalon.core.mobile.keyword.internal.MobileKeywordMain.runKeyword(MobileKeywordMain.groovy:21)
	at com.kms.katalon.core.mobile.keyword.builtin.VerifyElementVisibleKeyword.verifyElementVisible(VerifyElementVisibleKeyword.groovy:85)
	at com.kms.katalon.core.mobile.keyword.builtin.VerifyElementVisibleKeyword.execute(VerifyElementVisibleKeyword.groovy:64)
	at com.kms.katalon.core.keyword.internal.KeywordExecutor.executeKeywordForPlatform(KeywordExecutor.groovy:74)
	at com.kms.katalon.core.mobile.keyword.MobileBuiltInKeywords.verifyElementVisible(MobileBuiltInKeywords.groovy:2031)
	at com.kms.katalon.core.mobile.keyword.MobileBuiltInKeywords$verifyElementVisible$12.call(Unknown Source)
	at jomPay_scheduleTransaction.run(jomPay_scheduleTransaction:172)
	at com.kms.katalon.core.main.ScriptEngine.run(ScriptEngine.java:194)
	at com.kms.katalon.core.main.ScriptEngine.runScriptAsRawText(ScriptEngine.java:119)
	at com.kms.katalon.core.main.TestCaseExecutor.runScript(TestCaseExecutor.java:445)
	at com.kms.katalon.core.main.TestCaseExecutor.doExecute(TestCaseExecutor.java:436)
	at com.kms.katalon.core.main.TestCaseExecutor.processExecutionPhase(TestCaseExecutor.java:415)
	at com.kms.katalon.core.main.TestCaseExecutor.accessMainPhase(TestCaseExecutor.java:407)
	at com.kms.katalon.core.main.TestCaseExecutor.execute(TestCaseExecutor.java:284)
	at com.kms.katalon.core.common.CommonExecutor.accessTestCaseMainPhase(CommonExecutor.java:65)
	at com.kms.katalon.core.main.TestSuiteExecutor.accessTestSuiteMainPhase(TestSuiteExecutor.java:144)
	at com.kms.katalon.core.main.TestSuiteExecutor.execute(TestSuiteExecutor.java:106)
	at com.kms.katalon.core.main.TestCaseMain.startTestSuite(TestCaseMain.java:185)
	at com.kms.katalon.core.main.TestCaseMain$startTestSuite$0.call(Unknown Source)
	at TempTestSuite1655773944408.run(TempTestSuite1655773944408.groovy:36)


2022-06-21 09:31:27 - [TEST_STEP][PASSED] - device_Height = getDeviceHeight(): Current device physical height is 2167

2022-06-21 09:31:28 - [MESSAGE][PASSED] - Current device physical height is 2167

2022-06-21 09:31:28 - [TEST_STEP][PASSED] - device_Width = getDeviceWidth(): Current device physical width is 1080

2022-06-21 09:31:28 - [MESSAGE][PASSED] - Current device physical width is 1080

2022-06-21 09:31:28 - [TEST_STEP][PASSED] - startX = device_Width / 3: null

2022-06-21 09:31:28 - [TEST_STEP][PASSED] - startY = device_Height * 0.97: null

2022-06-21 09:31:28 - [TEST_STEP][PASSED] - verifyElementExist(findTestObject("Banking/m2uAccountPayBillsIconSelect"), 0): Element 'Object Repository/Banking/m2uAccountPayBillsIconSelect' is exist

2022-06-21 09:31:28 - [MESSAGE][WARNING] - Timeout '0' is invalid. Using default page load timeout: '40'

2022-06-21 09:31:28 - [MESSAGE][PASSED] - Element 'Object Repository/Banking/m2uAccountPayBillsIconSelect' is exist

2022-06-21 09:31:28 - [TEST_STEP][PASSED] - tap(findTestObject("Banking/m2uAccountPayBillsIconSelect"), 0): Tapped on element 'Object Repository/Banking/m2uAccountPayBillsIconSelect'

2022-06-21 09:31:28 - [MESSAGE][WARNING] - Timeout '0' is invalid. Using default page load timeout: '40'

2022-06-21 09:31:29 - [MESSAGE][PASSED] - Tapped on element 'Object Repository/Banking/m2uAccountPayBillsIconSelect'

2022-06-21 09:31:29 - [TEST_STEP][PASSED] - println("JOMPAY Future Transaction"): null

2022-06-21 09:31:29 - [TEST_STEP][PASSED] - tap(findTestObject("JomPay/payBillsJomPayTopMenuSelect"), 30): Tapped on element 'Object Repository/JomPay/payBillsJomPayTopMenuSelect'

2022-06-21 09:31:43 - [MESSAGE][PASSED] - Tapped on element 'Object Repository/JomPay/payBillsJomPayTopMenuSelect'

2022-06-21 09:31:43 - [TEST_STEP][PASSED] - tap(findTestObject("JomPay/jomPayIconSelect"), 0): Tapped on element 'Object Repository/JomPay/jomPayIconSelect'

2022-06-21 09:31:43 - [MESSAGE][WARNING] - Timeout '0' is invalid. Using default page load timeout: '40'

2022-06-21 09:31:45 - [MESSAGE][PASSED] - Tapped on element 'Object Repository/JomPay/jomPayIconSelect'

2022-06-21 09:31:45 - [TEST_STEP][PASSED] - setText(findTestObject("JomPay/jomPayBillerInputField"), findTestData("TestData").getValue(8, 1), 0): Text '3657' has been set to element 'Object Repository/JomPay/jomPayBillerInputField'

2022-06-21 09:31:45 - [MESSAGE][WARNING] - Timeout '0' is invalid. Using default page load timeout: '40'

2022-06-21 09:31:46 - [MESSAGE][PASSED] - Text '3657' has been set to element 'Object Repository/JomPay/jomPayBillerInputField'

2022-06-21 09:31:46 - [TEST_STEP][PASSED] - setText(findTestObject("JomPay/jomPayBillerRefInputField"), findTestData("TestData").getValue(9, 1), 0): Text '568964' has been set to element 'Object Repository/JomPay/jomPayBillerRefInputField'

2022-06-21 09:31:46 - [MESSAGE][WARNING] - Timeout '0' is invalid. Using default page load timeout: '40'

2022-06-21 09:31:48 - [MESSAGE][PASSED] - Text '568964' has been set to element 'Object Repository/JomPay/jomPayBillerRefInputField'

2022-06-21 09:31:48 - [TEST_STEP][PASSED] - hideKeyboard(): Keyboard is hidden

2022-06-21 09:31:49 - [MESSAGE][PASSED] - Keyboard is hidden

2022-06-21 09:31:49 - [TEST_STEP][PASSED] - tap(findTestObject("Login Onboarding/loginExistingContinueBtn"), 0): Tapped on element 'Object Repository/Login Onboarding/loginExistingContinueBtn'

2022-06-21 09:31:49 - [MESSAGE][WARNING] - Timeout '0' is invalid. Using default page load timeout: '40'

2022-06-21 09:31:49 - [MESSAGE][PASSED] - Tapped on element 'Object Repository/Login Onboarding/loginExistingContinueBtn'

2022-06-21 09:31:49 - [TEST_STEP][PASSED] - tap(findTestObject("Login Onboarding/PIN1"), 0): Tapped on element 'Object Repository/Login Onboarding/PIN1'

2022-06-21 09:31:49 - [MESSAGE][WARNING] - Timeout '0' is invalid. Using default page load timeout: '40'

2022-06-21 09:31:54 - [MESSAGE][PASSED] - Tapped on element 'Object Repository/Login Onboarding/PIN1'

2022-06-21 09:31:54 - [TEST_STEP][PASSED] - tap(findTestObject("Login Onboarding/PIN0"), 0): Tapped on element 'Object Repository/Login Onboarding/PIN0'

2022-06-21 09:31:54 - [MESSAGE][WARNING] - Timeout '0' is invalid. Using default page load timeout: '40'

2022-06-21 09:31:54 - [MESSAGE][PASSED] - Tapped on element 'Object Repository/Login Onboarding/PIN0'

2022-06-21 09:31:54 - [TEST_STEP][PASSED] - tap(findTestObject("Login Onboarding/PIN0"), 0): Tapped on element 'Object Repository/Login Onboarding/PIN0'

2022-06-21 09:31:54 - [MESSAGE][WARNING] - Timeout '0' is invalid. Using default page load timeout: '40'

2022-06-21 09:31:55 - [MESSAGE][PASSED] - Tapped on element 'Object Repository/Login Onboarding/PIN0'

2022-06-21 09:31:55 - [TEST_STEP][PASSED] - tap(findTestObject("JomPay/jomPayAmountTickBtn"), 0): Tapped on element 'Object Repository/JomPay/jomPayAmountTickBtn'

2022-06-21 09:31:55 - [MESSAGE][WARNING] - Timeout '0' is invalid. Using default page load timeout: '40'

2022-06-21 09:31:55 - [MESSAGE][PASSED] - Tapped on element 'Object Repository/JomPay/jomPayAmountTickBtn'

2022-06-21 09:31:55 - [TEST_STEP][PASSED] - tap(findTestObject("Main/mainDatePickerTodaySelect"), 0): Tapped on element 'Object Repository/Main/mainDatePickerTodaySelect'

2022-06-21 09:31:55 - [MESSAGE][WARNING] - Timeout '0' is invalid. Using default page load timeout: '40'

2022-06-21 09:32:09 - [MESSAGE][PASSED] - Tapped on element 'Object Repository/Main/mainDatePickerTodaySelect'

2022-06-21 09:32:09 - [TEST_STEP][PASSED] - tap(findTestObject("Main/mainCalenderPickerNextBtn"), 0): Tapped on element 'Object Repository/Main/mainCalenderPickerNextBtn'

2022-06-21 09:32:09 - [MESSAGE][WARNING] - Timeout '0' is invalid. Using default page load timeout: '40'

2022-06-21 09:32:11 - [MESSAGE][PASSED] - Tapped on element 'Object Repository/Main/mainCalenderPickerNextBtn'

2022-06-21 09:32:11 - [TEST_STEP][PASSED] - delay(3): Delayed 3 second(s)

2022-06-21 09:32:14 - [MESSAGE][PASSED] - Delayed 3 second(s)

2022-06-21 09:32:14 - [TEST_STEP][PASSED] - tap(findTestObject("Main/mainDatePicker1"), 0): Tapped on element 'Object Repository/Main/mainDatePicker1'

2022-06-21 09:32:14 - [MESSAGE][WARNING] - Timeout '0' is invalid. Using default page load timeout: '40'

2022-06-21 09:32:14 - [MESSAGE][PASSED] - Tapped on element 'Object Repository/Main/mainDatePicker1'

2022-06-21 09:32:14 - [TEST_STEP][PASSED] - tap(findTestObject("Main/mainCalenderPickerDoneBtn"), 0): Tapped on element 'Object Repository/Main/mainCalenderPickerDoneBtn'

2022-06-21 09:32:14 - [MESSAGE][WARNING] - Timeout '0' is invalid. Using default page load timeout: '40'

2022-06-21 09:32:15 - [MESSAGE][PASSED] - Tapped on element 'Object Repository/Main/mainCalenderPickerDoneBtn'

2022-06-21 09:32:15 - [TEST_STEP][PASSED] - delay(3): Delayed 3 second(s)

2022-06-21 09:32:18 - [MESSAGE][PASSED] - Delayed 3 second(s)

2022-06-21 09:32:18 - [TEST_STEP][PASSED] - tap(findTestObject("Main/mainPayNowBtn"), 0): Tapped on element 'Object Repository/Main/mainPayNowBtn'

2022-06-21 09:32:18 - [MESSAGE][WARNING] - Timeout '0' is invalid. Using default page load timeout: '40'

2022-06-21 09:32:18 - [MESSAGE][PASSED] - Tapped on element 'Object Repository/Main/mainPayNowBtn'

2022-06-21 09:32:18 - [TEST_STEP][PASSED] - delay(5): Delayed 5 second(s)

2022-06-21 09:32:23 - [MESSAGE][PASSED] - Delayed 5 second(s)

2022-06-21 09:32:23 - [TEST_STEP][PASSED] - if (verifyElementVisible(findTestObject("Festive Season/festiveReturnAngpaoTACNoTxt"), 10, OPTIONAL)): Element 'Object Repository/Festive Season/festiveReturnAngpaoTACNoTxt' not found

2022-06-21 09:32:33 - [MESSAGE][WARNING] - Element 'Object Repository/Festive Season/festiveReturnAngpaoTACNoTxt' not found

2022-06-21 09:32:33 - [TEST_STEP][FAILED] - else: null

2022-06-21 09:32:33 - [TEST_STEP][PASSED] - delay(5): Delayed 5 second(s)

2022-06-21 09:32:38 - [MESSAGE][PASSED] - Delayed 5 second(s)

2022-06-21 09:32:38 - [TEST_STEP][FAILED] - verifyElementVisible(findTestObject("Main/mainS2UApproveBtn"), 10): Element 'Object Repository/Main/mainS2UApproveBtn' not found

2022-06-21 09:32:48 - [MESSAGE][FAILED] - Element 'Object Repository/Main/mainS2UApproveBtn' not found

2022-06-21 09:32:48 - [TEST_STEP][FAILED] - tap(findTestObject("Main/mainS2UApproveBtn"), 0): Object Object Repository/Main/mainS2UApproveBtn not found

2022-06-21 09:32:48 - [MESSAGE][WARNING] - Timeout '0' is invalid. Using default page load timeout: '40'

2022-06-21 09:33:28 - [MESSAGE][FAILED] - Object Object Repository/Main/mainS2UApproveBtn not found

2022-06-21 09:33:28 - [TEST_STEP][PASSED] - delay(3): Delayed 3 second(s)

2022-06-21 09:33:31 - [MESSAGE][PASSED] - Delayed 3 second(s)

2022-06-21 09:33:31 - [TEST_STEP][FAILED] - verifyElementText(findTestObject("JomPay/jomPaySummaryScheduledTxt"), findTestData("TestData").getValue(7, 2)): Element 'Object Repository/JomPay/jomPaySummaryScheduledTxt' not found

2022-06-21 09:34:11 - [MESSAGE][FAILED] - Element 'Object Repository/JomPay/jomPaySummaryScheduledTxt' not found

2022-06-21 09:34:11 - [TEST_STEP][PASSED] - takeScreenshot("/Users/a00139272/Desktop/Screenshot/jomPaySchedule.png"): Screenshot is taken

2022-06-21 09:34:13 - [MESSAGE][PASSED] - Screenshot is taken
[[ATTACHMENT|/Users/a00139272/Desktop/Screenshot/jomPaySchedule.png]]

2022-06-21 09:34:13 - [TEST_STEP][FAILED] - verifyElementVisible(findTestObject("Main/mainDoneBtn"), 0): Element 'Object Repository/Main/mainDoneBtn' not found

2022-06-21 09:34:13 - [MESSAGE][WARNING] - Timeout '0' is invalid. Using default page load timeout: '40'

2022-06-21 09:34:53 - [MESSAGE][FAILED] - Element 'Object Repository/Main/mainDoneBtn' not found

2022-06-21 09:34:53 - [TEST_STEP][FAILED] - tap(findTestObject("Main/mainDoneBtn"), 0): Object Object Repository/Main/mainDoneBtn not found

2022-06-21 09:34:53 - [MESSAGE][WARNING] - Timeout '0' is invalid. Using default page load timeout: '40'

2022-06-21 09:35:33 - [MESSAGE][FAILED] - Object Object Repository/Main/mainDoneBtn not found

2022-06-21 09:35:33 - [TEST_STEP][PASSED] - delay(5): Delayed 5 second(s)

2022-06-21 09:35:38 - [MESSAGE][PASSED] - Delayed 5 second(s)]]></system-out>
         <system-err><![CDATA[2022-06-21 09:31:27 - [TEST_CASE][FAILED] - Test Cases/JomPay/jomPay_scheduleTransaction: Test Cases/JomPay/jomPay_scheduleTransaction FAILED.
Reason:
com.kms.katalon.core.exception.StepFailedException: Element 'Object Repository/Main/mainS2UApproveBtn' not found
	at com.kms.katalon.core.keyword.internal.KeywordMain.stepFailed(KeywordMain.groovy:39)
	at com.kms.katalon.core.mobile.keyword.internal.MobileKeywordMain.stepFailed(MobileKeywordMain.groovy:40)
	at com.kms.katalon.core.mobile.keyword.builtin.VerifyElementVisibleKeyword$_verifyElementVisible_closure1.doCall(VerifyElementVisibleKeyword.groovy:82)
	at com.kms.katalon.core.mobile.keyword.builtin.VerifyElementVisibleKeyword$_verifyElementVisible_closure1.call(VerifyElementVisibleKeyword.groovy)
	at com.kms.katalon.core.mobile.keyword.internal.MobileKeywordMain.runKeyword(MobileKeywordMain.groovy:21)
	at com.kms.katalon.core.mobile.keyword.builtin.VerifyElementVisibleKeyword.verifyElementVisible(VerifyElementVisibleKeyword.groovy:85)
	at com.kms.katalon.core.mobile.keyword.builtin.VerifyElementVisibleKeyword.execute(VerifyElementVisibleKeyword.groovy:64)
	at com.kms.katalon.core.keyword.internal.KeywordExecutor.executeKeywordForPlatform(KeywordExecutor.groovy:74)
	at com.kms.katalon.core.mobile.keyword.MobileBuiltInKeywords.verifyElementVisible(MobileBuiltInKeywords.groovy:2031)
	at com.kms.katalon.core.mobile.keyword.MobileBuiltInKeywords$verifyElementVisible$12.call(Unknown Source)
	at jomPay_scheduleTransaction.run(jomPay_scheduleTransaction:172)
	at com.kms.katalon.core.main.ScriptEngine.run(ScriptEngine.java:194)
	at com.kms.katalon.core.main.ScriptEngine.runScriptAsRawText(ScriptEngine.java:119)
	at com.kms.katalon.core.main.TestCaseExecutor.runScript(TestCaseExecutor.java:445)
	at com.kms.katalon.core.main.TestCaseExecutor.doExecute(TestCaseExecutor.java:436)
	at com.kms.katalon.core.main.TestCaseExecutor.processExecutionPhase(TestCaseExecutor.java:415)
	at com.kms.katalon.core.main.TestCaseExecutor.accessMainPhase(TestCaseExecutor.java:407)
	at com.kms.katalon.core.main.TestCaseExecutor.execute(TestCaseExecutor.java:284)
	at com.kms.katalon.core.common.CommonExecutor.accessTestCaseMainPhase(CommonExecutor.java:65)
	at com.kms.katalon.core.main.TestSuiteExecutor.accessTestSuiteMainPhase(TestSuiteExecutor.java:144)
	at com.kms.katalon.core.main.TestSuiteExecutor.execute(TestSuiteExecutor.java:106)
	at com.kms.katalon.core.main.TestCaseMain.startTestSuite(TestCaseMain.java:185)
	at com.kms.katalon.core.main.TestCaseMain$startTestSuite$0.call(Unknown Source)
	at TempTestSuite1655773944408.run(TempTestSuite1655773944408.groovy:36)]]></system-err>
      </testcase>
      <testcase name="Test Cases/JomPay/JomPay Add Favorite" time="197.87" classname="Test Cases/JomPay/JomPay Add Favorite" status="FAILED">
         <failure type="FAILED" message="Test Cases/JomPay/JomPay Add Favorite FAILED.
Reason:
com.kms.katalon.core.exception.StepFailedException: Object Object Repository/Paybill/payBillsPasswordInputField not found
	at com.kms.katalon.core.keyword.internal.KeywordMain.stepFailed(KeywordMain.groovy:39)
	at com.kms.katalon.core.mobile.keyword.internal.MobileKeywordMain.stepFailed(MobileKeywordMain.groovy:40)
	at com.kms.katalon.core.mobile.keyword.builtin.SetTextKeyword$_setText_closure1.doCall(SetTextKeyword.groovy:76)
	at com.kms.katalon.core.mobile.keyword.builtin.SetTextKeyword$_setText_closure1.call(SetTextKeyword.groovy)
	at com.kms.katalon.core.mobile.keyword.internal.MobileKeywordMain.runKeyword(MobileKeywordMain.groovy:21)
	at com.kms.katalon.core.mobile.keyword.builtin.SetTextKeyword.setText(SetTextKeyword.groovy:83)
	at com.kms.katalon.core.mobile.keyword.builtin.SetTextKeyword.execute(SetTextKeyword.groovy:66)
	at com.kms.katalon.core.keyword.internal.KeywordExecutor.executeKeywordForPlatform(KeywordExecutor.groovy:74)
	at com.kms.katalon.core.mobile.keyword.MobileBuiltInKeywords.setText(MobileBuiltInKeywords.groovy:1307)
	at com.kms.katalon.core.mobile.keyword.MobileBuiltInKeywords$setText$3.call(Unknown Source)
	at JomPay Add Favorite.run(JomPay Add Favorite:72)
	at com.kms.katalon.core.main.ScriptEngine.run(ScriptEngine.java:194)
	at com.kms.katalon.core.main.ScriptEngine.runScriptAsRawText(ScriptEngine.java:119)
	at com.kms.katalon.core.main.TestCaseExecutor.runScript(TestCaseExecutor.java:445)
	at com.kms.katalon.core.main.TestCaseExecutor.doExecute(TestCaseExecutor.java:436)
	at com.kms.katalon.core.main.TestCaseExecutor.processExecutionPhase(TestCaseExecutor.java:415)
	at com.kms.katalon.core.main.TestCaseExecutor.accessMainPhase(TestCaseExecutor.java:407)
	at com.kms.katalon.core.main.TestCaseExecutor.execute(TestCaseExecutor.java:284)
	at com.kms.katalon.core.common.CommonExecutor.accessTestCaseMainPhase(CommonExecutor.java:65)
	at com.kms.katalon.core.main.TestSuiteExecutor.accessTestSuiteMainPhase(TestSuiteExecutor.java:144)
	at com.kms.katalon.core.main.TestSuiteExecutor.execute(TestSuiteExecutor.java:106)
	at com.kms.katalon.core.main.TestCaseMain.startTestSuite(TestCaseMain.java:185)
	at com.kms.katalon.core.main.TestCaseMain$startTestSuite$0.call(Unknown Source)
	at TempTestSuite1655773944408.run(TempTestSuite1655773944408.groovy:36)
"/>
         <system-out><![CDATA[2022-06-21 09:35:38 - [TEST_CASE][FAILED] - Test Cases/JomPay/JomPay Add Favorite: Test Cases/JomPay/JomPay Add Favorite FAILED.
Reason:
com.kms.katalon.core.exception.StepFailedException: Object Object Repository/Paybill/payBillsPasswordInputField not found
	at com.kms.katalon.core.keyword.internal.KeywordMain.stepFailed(KeywordMain.groovy:39)
	at com.kms.katalon.core.mobile.keyword.internal.MobileKeywordMain.stepFailed(MobileKeywordMain.groovy:40)
	at com.kms.katalon.core.mobile.keyword.builtin.SetTextKeyword$_setText_closure1.doCall(SetTextKeyword.groovy:76)
	at com.kms.katalon.core.mobile.keyword.builtin.SetTextKeyword$_setText_closure1.call(SetTextKeyword.groovy)
	at com.kms.katalon.core.mobile.keyword.internal.MobileKeywordMain.runKeyword(MobileKeywordMain.groovy:21)
	at com.kms.katalon.core.mobile.keyword.builtin.SetTextKeyword.setText(SetTextKeyword.groovy:83)
	at com.kms.katalon.core.mobile.keyword.builtin.SetTextKeyword.execute(SetTextKeyword.groovy:66)
	at com.kms.katalon.core.keyword.internal.KeywordExecutor.executeKeywordForPlatform(KeywordExecutor.groovy:74)
	at com.kms.katalon.core.mobile.keyword.MobileBuiltInKeywords.setText(MobileBuiltInKeywords.groovy:1307)
	at com.kms.katalon.core.mobile.keyword.MobileBuiltInKeywords$setText$3.call(Unknown Source)
	at JomPay Add Favorite.run(JomPay Add Favorite:72)
	at com.kms.katalon.core.main.ScriptEngine.run(ScriptEngine.java:194)
	at com.kms.katalon.core.main.ScriptEngine.runScriptAsRawText(ScriptEngine.java:119)
	at com.kms.katalon.core.main.TestCaseExecutor.runScript(TestCaseExecutor.java:445)
	at com.kms.katalon.core.main.TestCaseExecutor.doExecute(TestCaseExecutor.java:436)
	at com.kms.katalon.core.main.TestCaseExecutor.processExecutionPhase(TestCaseExecutor.java:415)
	at com.kms.katalon.core.main.TestCaseExecutor.accessMainPhase(TestCaseExecutor.java:407)
	at com.kms.katalon.core.main.TestCaseExecutor.execute(TestCaseExecutor.java:284)
	at com.kms.katalon.core.common.CommonExecutor.accessTestCaseMainPhase(CommonExecutor.java:65)
	at com.kms.katalon.core.main.TestSuiteExecutor.accessTestSuiteMainPhase(TestSuiteExecutor.java:144)
	at com.kms.katalon.core.main.TestSuiteExecutor.execute(TestSuiteExecutor.java:106)
	at com.kms.katalon.core.main.TestCaseMain.startTestSuite(TestCaseMain.java:185)
	at com.kms.katalon.core.main.TestCaseMain$startTestSuite$0.call(Unknown Source)
	at TempTestSuite1655773944408.run(TempTestSuite1655773944408.groovy:36)


2022-06-21 09:35:38 - [TEST_STEP][PASSED] - delay(5): Delayed 5 second(s)

2022-06-21 09:35:43 - [MESSAGE][PASSED] - Delayed 5 second(s)

2022-06-21 09:35:43 - [TEST_STEP][PASSED] - device_Height = getDeviceHeight(): Current device physical height is 2167

2022-06-21 09:35:45 - [MESSAGE][PASSED] - Current device physical height is 2167

2022-06-21 09:35:45 - [TEST_STEP][PASSED] - device_Width = getDeviceWidth(): Current device physical width is 1080

2022-06-21 09:35:45 - [MESSAGE][PASSED] - Current device physical width is 1080

2022-06-21 09:35:45 - [TEST_STEP][PASSED] - startX = device_Width / 3: null

2022-06-21 09:35:45 - [TEST_STEP][PASSED] - startY = device_Height * 0.97: null

2022-06-21 09:35:45 - [TEST_STEP][PASSED] - delay(5): Delayed 5 second(s)

2022-06-21 09:35:50 - [MESSAGE][PASSED] - Delayed 5 second(s)

2022-06-21 09:35:50 - [TEST_STEP][PASSED] - tap(findTestObject("Banking/m2uAccountPayBillsIconSelect"), 0): Tapped on element 'Object Repository/Banking/m2uAccountPayBillsIconSelect'

2022-06-21 09:35:50 - [MESSAGE][WARNING] - Timeout '0' is invalid. Using default page load timeout: '40'

2022-06-21 09:36:20 - [MESSAGE][PASSED] - Tapped on element 'Object Repository/Banking/m2uAccountPayBillsIconSelect'

2022-06-21 09:36:20 - [TEST_STEP][PASSED] - if (verifyElementVisible(findTestObject("Paybill/payBillsEnterPasswordTxt"), 0, OPTIONAL)): null

2022-06-21 09:36:20 - [MESSAGE][WARNING] - Timeout '0' is invalid. Using default page load timeout: '40'

2022-06-21 09:36:26 - [MESSAGE][PASSED] - Element 'Object Repository/Paybill/payBillsEnterPasswordTxt' is visible

2022-06-21 09:36:26 - [TEST_STEP][FAILED] - setText(findTestObject("Paybill/payBillsPasswordInputField"), findTestData("TestData").getValue(2, 1), 0): Object Object Repository/Paybill/payBillsPasswordInputField not found

2022-06-21 09:36:26 - [MESSAGE][WARNING] - Timeout '0' is invalid. Using default page load timeout: '40'

2022-06-21 09:37:06 - [MESSAGE][FAILED] - Object Object Repository/Paybill/payBillsPasswordInputField not found

2022-06-21 09:37:06 - [TEST_STEP][PASSED] - hideKeyboard(): Keyboard is hidden

2022-06-21 09:37:07 - [MESSAGE][PASSED] - Keyboard is hidden

2022-06-21 09:37:07 - [TEST_STEP][FAILED] - tap(findTestObject("Paybill/payBillsSignInContinueBtn"), 0): Object Object Repository/Paybill/payBillsSignInContinueBtn not found

2022-06-21 09:37:07 - [MESSAGE][WARNING] - Timeout '0' is invalid. Using default page load timeout: '40'

2022-06-21 09:37:47 - [MESSAGE][FAILED] - Object Object Repository/Paybill/payBillsSignInContinueBtn not found

2022-06-21 09:37:47 - [TEST_STEP][PASSED] - tap(findTestObject("Banking/m2uAccountPayBillsIconSelect"), 40): Tapped on element 'Object Repository/Banking/m2uAccountPayBillsIconSelect'

2022-06-21 09:37:50 - [MESSAGE][PASSED] - Tapped on element 'Object Repository/Banking/m2uAccountPayBillsIconSelect'

2022-06-21 09:37:50 - [TEST_STEP][PASSED] - tap(findTestObject("JomPay/payBillsJomPayTopMenuSelect"), 0): Tapped on element 'Object Repository/JomPay/payBillsJomPayTopMenuSelect'

2022-06-21 09:37:50 - [MESSAGE][WARNING] - Timeout '0' is invalid. Using default page load timeout: '40'

2022-06-21 09:37:51 - [MESSAGE][PASSED] - Tapped on element 'Object Repository/JomPay/payBillsJomPayTopMenuSelect'

2022-06-21 09:37:51 - [TEST_STEP][PASSED] - tap(findTestObject("JomPay/jomPayIconSelect"), 0): Tapped on element 'Object Repository/JomPay/jomPayIconSelect'

2022-06-21 09:37:51 - [MESSAGE][WARNING] - Timeout '0' is invalid. Using default page load timeout: '40'

2022-06-21 09:37:52 - [MESSAGE][PASSED] - Tapped on element 'Object Repository/JomPay/jomPayIconSelect'

2022-06-21 09:37:52 - [TEST_STEP][PASSED] - setText(findTestObject("JomPay/jomPayBillerInputField"), findTestData("TestData").getValue(8, 1), 0): Text '3657' has been set to element 'Object Repository/JomPay/jomPayBillerInputField'

2022-06-21 09:37:52 - [MESSAGE][WARNING] - Timeout '0' is invalid. Using default page load timeout: '40'

2022-06-21 09:37:54 - [MESSAGE][PASSED] - Text '3657' has been set to element 'Object Repository/JomPay/jomPayBillerInputField'

2022-06-21 09:37:54 - [TEST_STEP][PASSED] - setText(findTestObject("JomPay/jomPayBillerRefInputField"), findTestData("TestData").getValue(9, 1), 0): Text '568964' has been set to element 'Object Repository/JomPay/jomPayBillerRefInputField'

2022-06-21 09:37:54 - [MESSAGE][WARNING] - Timeout '0' is invalid. Using default page load timeout: '40'

2022-06-21 09:37:55 - [MESSAGE][PASSED] - Text '568964' has been set to element 'Object Repository/JomPay/jomPayBillerRefInputField'

2022-06-21 09:37:55 - [TEST_STEP][PASSED] - hideKeyboard(): Keyboard is hidden

2022-06-21 09:37:56 - [MESSAGE][PASSED] - Keyboard is hidden

2022-06-21 09:37:56 - [TEST_STEP][PASSED] - tap(findTestObject("Login Onboarding/loginExistingContinueBtn"), 0): Tapped on element 'Object Repository/Login Onboarding/loginExistingContinueBtn'

2022-06-21 09:37:56 - [MESSAGE][WARNING] - Timeout '0' is invalid. Using default page load timeout: '40'

2022-06-21 09:37:56 - [MESSAGE][PASSED] - Tapped on element 'Object Repository/Login Onboarding/loginExistingContinueBtn'

2022-06-21 09:37:56 - [TEST_STEP][PASSED] - tap(findTestObject("Login Onboarding/PIN1"), 0): Tapped on element 'Object Repository/Login Onboarding/PIN1'

2022-06-21 09:37:56 - [MESSAGE][WARNING] - Timeout '0' is invalid. Using default page load timeout: '40'

2022-06-21 09:38:02 - [MESSAGE][PASSED] - Tapped on element 'Object Repository/Login Onboarding/PIN1'

2022-06-21 09:38:02 - [TEST_STEP][PASSED] - tap(findTestObject("Login Onboarding/PIN0"), 0): Tapped on element 'Object Repository/Login Onboarding/PIN0'

2022-06-21 09:38:02 - [MESSAGE][WARNING] - Timeout '0' is invalid. Using default page load timeout: '40'

2022-06-21 09:38:02 - [MESSAGE][PASSED] - Tapped on element 'Object Repository/Login Onboarding/PIN0'

2022-06-21 09:38:02 - [TEST_STEP][PASSED] - tap(findTestObject("Login Onboarding/PIN0"), 0): Tapped on element 'Object Repository/Login Onboarding/PIN0'

2022-06-21 09:38:02 - [MESSAGE][WARNING] - Timeout '0' is invalid. Using default page load timeout: '40'

2022-06-21 09:38:02 - [MESSAGE][PASSED] - Tapped on element 'Object Repository/Login Onboarding/PIN0'

2022-06-21 09:38:02 - [TEST_STEP][PASSED] - tap(findTestObject("JomPay/jomPayAmountTickBtn"), 0): Tapped on element 'Object Repository/JomPay/jomPayAmountTickBtn'

2022-06-21 09:38:02 - [MESSAGE][WARNING] - Timeout '0' is invalid. Using default page load timeout: '40'

2022-06-21 09:38:02 - [MESSAGE][PASSED] - Tapped on element 'Object Repository/JomPay/jomPayAmountTickBtn'

2022-06-21 09:38:02 - [TEST_STEP][PASSED] - delay(10): Delayed 10 second(s)

2022-06-21 09:38:12 - [MESSAGE][PASSED] - Delayed 10 second(s)

2022-06-21 09:38:12 - [TEST_STEP][PASSED] - verifyElementText(findTestObject("Transfer/transferConfirmationFromAccTypeTxt", ["accType":accType]), accType): Actual text and expected text of test object 'Object Repository/Transfer/transferConfirmationFromAccTypeTxt' are matched.

2022-06-21 09:38:12 - [MESSAGE][PASSED] - Actual text and expected text of test object 'Object Repository/Transfer/transferConfirmationFromAccTypeTxt' are matched.

2022-06-21 09:38:12 - [TEST_STEP][PASSED] - verifyElementText(findTestObject("Transfer/transferConfirmationFromAccNoTxt", ["accNoFrom":accNoFrom]), accNoFrom): Actual text and expected text of test object 'Object Repository/Transfer/transferConfirmationFromAccNoTxt' are matched.

2022-06-21 09:38:13 - [MESSAGE][PASSED] - Actual text and expected text of test object 'Object Repository/Transfer/transferConfirmationFromAccNoTxt' are matched.

2022-06-21 09:38:13 - [TEST_STEP][PASSED] - verifyElementExist(findTestObject("Main/mainPayNowBtn"), 0): Element 'Object Repository/Main/mainPayNowBtn' is exist

2022-06-21 09:38:13 - [MESSAGE][WARNING] - Timeout '0' is invalid. Using default page load timeout: '40'

2022-06-21 09:38:13 - [MESSAGE][PASSED] - Element 'Object Repository/Main/mainPayNowBtn' is exist

2022-06-21 09:38:13 - [TEST_STEP][PASSED] - tap(findTestObject("Main/mainPayNowBtn"), 0): Tapped on element 'Object Repository/Main/mainPayNowBtn'

2022-06-21 09:38:13 - [MESSAGE][WARNING] - Timeout '0' is invalid. Using default page load timeout: '40'

2022-06-21 09:38:13 - [MESSAGE][PASSED] - Tapped on element 'Object Repository/Main/mainPayNowBtn'

2022-06-21 09:38:13 - [TEST_STEP][PASSED] - delay(3): Delayed 3 second(s)

2022-06-21 09:38:16 - [MESSAGE][PASSED] - Delayed 3 second(s)

2022-06-21 09:38:16 - [TEST_STEP][PASSED] - if (verifyElementVisible(findTestObject("Festive Season/festiveReturnAngpaoTACNoTxt"), 10, OPTIONAL)): Element 'Object Repository/Festive Season/festiveReturnAngpaoTACNoTxt' not found

2022-06-21 09:38:26 - [MESSAGE][WARNING] - Element 'Object Repository/Festive Season/festiveReturnAngpaoTACNoTxt' not found

2022-06-21 09:38:26 - [TEST_STEP][PASSED] - else: Tapped on element 'Object Repository/Main/mainS2UApproveBtn'

2022-06-21 09:38:26 - [TEST_STEP][PASSED] - delay(5): Delayed 5 second(s)

2022-06-21 09:38:31 - [MESSAGE][PASSED] - Delayed 5 second(s)

2022-06-21 09:38:31 - [TEST_STEP][PASSED] - verifyElementVisible(findTestObject("Main/mainS2UApproveBtn"), 10): Element 'Object Repository/Main/mainS2UApproveBtn' is visible

2022-06-21 09:38:31 - [MESSAGE][PASSED] - Element 'Object Repository/Main/mainS2UApproveBtn' is visible

2022-06-21 09:38:31 - [TEST_STEP][PASSED] - tap(findTestObject("Main/mainS2UApproveBtn"), 0): Tapped on element 'Object Repository/Main/mainS2UApproveBtn'

2022-06-21 09:38:31 - [MESSAGE][WARNING] - Timeout '0' is invalid. Using default page load timeout: '40'

2022-06-21 09:38:31 - [MESSAGE][PASSED] - Tapped on element 'Object Repository/Main/mainS2UApproveBtn'

2022-06-21 09:38:31 - [TEST_STEP][PASSED] - delay(3): Delayed 3 second(s)

2022-06-21 09:38:34 - [MESSAGE][PASSED] - Delayed 3 second(s)

2022-06-21 09:38:34 - [TEST_STEP][PASSED] - verifyElementText(findTestObject("JomPay/jomPaySummarySuccesfulTxt"), findTestData("TestData").getValue(7, 1)): Actual text and expected text of test object 'Object Repository/JomPay/jomPaySummarySuccesfulTxt' are matched.

2022-06-21 09:38:36 - [MESSAGE][PASSED] - Actual text and expected text of test object 'Object Repository/JomPay/jomPaySummarySuccesfulTxt' are matched.

2022-06-21 09:38:36 - [TEST_STEP][PASSED] - tap(findTestObject("Main/mainAddToFavBtn"), 0): Tapped on element 'Object Repository/Main/mainAddToFavBtn'

2022-06-21 09:38:36 - [MESSAGE][WARNING] - Timeout '0' is invalid. Using default page load timeout: '40'

2022-06-21 09:38:37 - [MESSAGE][PASSED] - Tapped on element 'Object Repository/Main/mainAddToFavBtn'

2022-06-21 09:38:37 - [TEST_STEP][PASSED] - delay(5): Delayed 5 second(s)

2022-06-21 09:38:42 - [MESSAGE][PASSED] - Delayed 5 second(s)

2022-06-21 09:38:42 - [TEST_STEP][PASSED] - verifyElementVisible(findTestObject("Main/mainAddToFavBtn"), 0): Element 'Object Repository/Main/mainAddToFavBtn' is visible

2022-06-21 09:38:42 - [MESSAGE][WARNING] - Timeout '0' is invalid. Using default page load timeout: '40'

2022-06-21 09:38:42 - [MESSAGE][PASSED] - Element 'Object Repository/Main/mainAddToFavBtn' is visible

2022-06-21 09:38:42 - [TEST_STEP][PASSED] - tap(findTestObject("Main/mainAddToFavBtn"), 0): Tapped on element 'Object Repository/Main/mainAddToFavBtn'

2022-06-21 09:38:42 - [MESSAGE][WARNING] - Timeout '0' is invalid. Using default page load timeout: '40'

2022-06-21 09:38:42 - [MESSAGE][PASSED] - Tapped on element 'Object Repository/Main/mainAddToFavBtn'

2022-06-21 09:38:42 - [TEST_STEP][PASSED] - delay(2): Delayed 2 second(s)

2022-06-21 09:38:44 - [MESSAGE][PASSED] - Delayed 2 second(s)

2022-06-21 09:38:44 - [TEST_STEP][PASSED] - tap(findTestObject("Main/mainCloseFavPopUpBtn"), 0): Tapped on element 'Object Repository/Main/mainCloseFavPopUpBtn'

2022-06-21 09:38:44 - [MESSAGE][WARNING] - Timeout '0' is invalid. Using default page load timeout: '40'

2022-06-21 09:38:48 - [MESSAGE][PASSED] - Tapped on element 'Object Repository/Main/mainCloseFavPopUpBtn'

2022-06-21 09:38:48 - [TEST_STEP][PASSED] - delay(2): Delayed 2 second(s)

2022-06-21 09:38:50 - [MESSAGE][PASSED] - Delayed 2 second(s)

2022-06-21 09:38:50 - [TEST_STEP][PASSED] - takeScreenshot("/Users/a00139272/Desktop/Screenshot/jomPayAddFav.png"): Screenshot is taken

2022-06-21 09:38:50 - [MESSAGE][PASSED] - Screenshot is taken
[[ATTACHMENT|/Users/a00139272/Desktop/Screenshot/jomPayAddFav.png]]

2022-06-21 09:38:50 - [TEST_STEP][PASSED] - verifyElementVisible(findTestObject("Main/mainDoneBtn"), 0): Element 'Object Repository/Main/mainDoneBtn' is visible

2022-06-21 09:38:50 - [MESSAGE][WARNING] - Timeout '0' is invalid. Using default page load timeout: '40'

2022-06-21 09:38:50 - [MESSAGE][PASSED] - Element 'Object Repository/Main/mainDoneBtn' is visible

2022-06-21 09:38:50 - [TEST_STEP][PASSED] - tap(findTestObject("Main/mainDoneBtn"), 0): Tapped on element 'Object Repository/Main/mainDoneBtn'

2022-06-21 09:38:50 - [MESSAGE][WARNING] - Timeout '0' is invalid. Using default page load timeout: '40'

2022-06-21 09:38:51 - [MESSAGE][PASSED] - Tapped on element 'Object Repository/Main/mainDoneBtn'

2022-06-21 09:38:51 - [TEST_STEP][PASSED] - delay(5): Delayed 5 second(s)

2022-06-21 09:38:56 - [MESSAGE][PASSED] - Delayed 5 second(s)]]></system-out>
         <system-err><![CDATA[2022-06-21 09:35:38 - [TEST_CASE][FAILED] - Test Cases/JomPay/JomPay Add Favorite: Test Cases/JomPay/JomPay Add Favorite FAILED.
Reason:
com.kms.katalon.core.exception.StepFailedException: Object Object Repository/Paybill/payBillsPasswordInputField not found
	at com.kms.katalon.core.keyword.internal.KeywordMain.stepFailed(KeywordMain.groovy:39)
	at com.kms.katalon.core.mobile.keyword.internal.MobileKeywordMain.stepFailed(MobileKeywordMain.groovy:40)
	at com.kms.katalon.core.mobile.keyword.builtin.SetTextKeyword$_setText_closure1.doCall(SetTextKeyword.groovy:76)
	at com.kms.katalon.core.mobile.keyword.builtin.SetTextKeyword$_setText_closure1.call(SetTextKeyword.groovy)
	at com.kms.katalon.core.mobile.keyword.internal.MobileKeywordMain.runKeyword(MobileKeywordMain.groovy:21)
	at com.kms.katalon.core.mobile.keyword.builtin.SetTextKeyword.setText(SetTextKeyword.groovy:83)
	at com.kms.katalon.core.mobile.keyword.builtin.SetTextKeyword.execute(SetTextKeyword.groovy:66)
	at com.kms.katalon.core.keyword.internal.KeywordExecutor.executeKeywordForPlatform(KeywordExecutor.groovy:74)
	at com.kms.katalon.core.mobile.keyword.MobileBuiltInKeywords.setText(MobileBuiltInKeywords.groovy:1307)
	at com.kms.katalon.core.mobile.keyword.MobileBuiltInKeywords$setText$3.call(Unknown Source)
	at JomPay Add Favorite.run(JomPay Add Favorite:72)
	at com.kms.katalon.core.main.ScriptEngine.run(ScriptEngine.java:194)
	at com.kms.katalon.core.main.ScriptEngine.runScriptAsRawText(ScriptEngine.java:119)
	at com.kms.katalon.core.main.TestCaseExecutor.runScript(TestCaseExecutor.java:445)
	at com.kms.katalon.core.main.TestCaseExecutor.doExecute(TestCaseExecutor.java:436)
	at com.kms.katalon.core.main.TestCaseExecutor.processExecutionPhase(TestCaseExecutor.java:415)
	at com.kms.katalon.core.main.TestCaseExecutor.accessMainPhase(TestCaseExecutor.java:407)
	at com.kms.katalon.core.main.TestCaseExecutor.execute(TestCaseExecutor.java:284)
	at com.kms.katalon.core.common.CommonExecutor.accessTestCaseMainPhase(CommonExecutor.java:65)
	at com.kms.katalon.core.main.TestSuiteExecutor.accessTestSuiteMainPhase(TestSuiteExecutor.java:144)
	at com.kms.katalon.core.main.TestSuiteExecutor.execute(TestSuiteExecutor.java:106)
	at com.kms.katalon.core.main.TestCaseMain.startTestSuite(TestCaseMain.java:185)
	at com.kms.katalon.core.main.TestCaseMain$startTestSuite$0.call(Unknown Source)
	at TempTestSuite1655773944408.run(TempTestSuite1655773944408.groovy:36)]]></system-err>
      </testcase>
      <testcase name="Test Cases/JomPay/JomPay Favorite Transaction" time="36.316" classname="Test Cases/JomPay/JomPay Favorite Transaction" status="PASSED">
         <system-out><![CDATA[2022-06-21 09:38:56 - [TEST_CASE][PASSED] - Test Cases/JomPay/JomPay Favorite Transaction: Test Cases/JomPay/JomPay Favorite Transaction

2022-06-21 09:38:56 - [TEST_STEP][PASSED] - device_Height = getDeviceHeight(): Current device physical height is 2167

2022-06-21 09:38:56 - [MESSAGE][PASSED] - Current device physical height is 2167

2022-06-21 09:38:56 - [TEST_STEP][PASSED] - device_Width = getDeviceWidth(): Current device physical width is 1080

2022-06-21 09:38:56 - [MESSAGE][PASSED] - Current device physical width is 1080

2022-06-21 09:38:56 - [TEST_STEP][PASSED] - startX = device_Width / 3: null

2022-06-21 09:38:56 - [TEST_STEP][PASSED] - startY = device_Height * 0.97: null

2022-06-21 09:38:56 - [TEST_STEP][PASSED] - delay(5): Delayed 5 second(s)

2022-06-21 09:39:01 - [MESSAGE][PASSED] - Delayed 5 second(s)

2022-06-21 09:39:01 - [TEST_STEP][PASSED] - tap(findTestObject("Banking/m2uAccountPayBillsIconSelect"), 0): Tapped on element 'Object Repository/Banking/m2uAccountPayBillsIconSelect'

2022-06-21 09:39:01 - [MESSAGE][WARNING] - Timeout '0' is invalid. Using default page load timeout: '40'

2022-06-21 09:39:02 - [MESSAGE][PASSED] - Tapped on element 'Object Repository/Banking/m2uAccountPayBillsIconSelect'

2022-06-21 09:39:02 - [TEST_STEP][PASSED] - println("JOMPAY Fav Transaction"): null

2022-06-21 09:39:02 - [TEST_STEP][PASSED] - tap(findTestObject("JomPay/payBillsJomPayTopMenuSelect"), 40): Tapped on element 'Object Repository/JomPay/payBillsJomPayTopMenuSelect'

2022-06-21 09:39:07 - [MESSAGE][PASSED] - Tapped on element 'Object Repository/JomPay/payBillsJomPayTopMenuSelect'

2022-06-21 09:39:07 - [TEST_STEP][PASSED] - tap(findTestObject("Main/mainFavBodySelect"), 0): Tapped on element 'Object Repository/Main/mainFavBodySelect'

2022-06-21 09:39:07 - [MESSAGE][WARNING] - Timeout '0' is invalid. Using default page load timeout: '40'

2022-06-21 09:39:09 - [MESSAGE][PASSED] - Tapped on element 'Object Repository/Main/mainFavBodySelect'

2022-06-21 09:39:09 - [TEST_STEP][PASSED] - tap(findTestObject("Login Onboarding/PIN1"), 0): Tapped on element 'Object Repository/Login Onboarding/PIN1'

2022-06-21 09:39:09 - [MESSAGE][WARNING] - Timeout '0' is invalid. Using default page load timeout: '40'

2022-06-21 09:39:10 - [MESSAGE][PASSED] - Tapped on element 'Object Repository/Login Onboarding/PIN1'

2022-06-21 09:39:10 - [TEST_STEP][PASSED] - tap(findTestObject("Login Onboarding/PIN0"), 0): Tapped on element 'Object Repository/Login Onboarding/PIN0'

2022-06-21 09:39:10 - [MESSAGE][WARNING] - Timeout '0' is invalid. Using default page load timeout: '40'

2022-06-21 09:39:11 - [MESSAGE][PASSED] - Tapped on element 'Object Repository/Login Onboarding/PIN0'

2022-06-21 09:39:11 - [TEST_STEP][PASSED] - tap(findTestObject("Login Onboarding/PIN0"), 0): Tapped on element 'Object Repository/Login Onboarding/PIN0'

2022-06-21 09:39:11 - [MESSAGE][WARNING] - Timeout '0' is invalid. Using default page load timeout: '40'

2022-06-21 09:39:11 - [MESSAGE][PASSED] - Tapped on element 'Object Repository/Login Onboarding/PIN0'

2022-06-21 09:39:11 - [TEST_STEP][PASSED] - tap(findTestObject("JomPay/jomPayAmountTickBtn"), 0): Tapped on element 'Object Repository/JomPay/jomPayAmountTickBtn'

2022-06-21 09:39:11 - [MESSAGE][WARNING] - Timeout '0' is invalid. Using default page load timeout: '40'

2022-06-21 09:39:11 - [MESSAGE][PASSED] - Tapped on element 'Object Repository/JomPay/jomPayAmountTickBtn'

2022-06-21 09:39:11 - [TEST_STEP][PASSED] - delay(5): Delayed 5 second(s)

2022-06-21 09:39:16 - [MESSAGE][PASSED] - Delayed 5 second(s)

2022-06-21 09:39:16 - [TEST_STEP][PASSED] - verifyElementText(findTestObject("Transfer/transferConfirmationFromAccTypeTxt", ["accType":accType]), accType): Actual text and expected text of test object 'Object Repository/Transfer/transferConfirmationFromAccTypeTxt' are matched.

2022-06-21 09:39:19 - [MESSAGE][PASSED] - Actual text and expected text of test object 'Object Repository/Transfer/transferConfirmationFromAccTypeTxt' are matched.

2022-06-21 09:39:19 - [TEST_STEP][PASSED] - verifyElementText(findTestObject("Transfer/transferConfirmationFromAccNoTxt", ["accNoFrom":accNoFrom]), accNoFrom): Actual text and expected text of test object 'Object Repository/Transfer/transferConfirmationFromAccNoTxt' are matched.

2022-06-21 09:39:19 - [MESSAGE][PASSED] - Actual text and expected text of test object 'Object Repository/Transfer/transferConfirmationFromAccNoTxt' are matched.

2022-06-21 09:39:19 - [TEST_STEP][PASSED] - verifyElementVisible(findTestObject("Main/mainPayNowBtn"), 0): Element 'Object Repository/Main/mainPayNowBtn' is visible

2022-06-21 09:39:19 - [MESSAGE][WARNING] - Timeout '0' is invalid. Using default page load timeout: '40'

2022-06-21 09:39:19 - [MESSAGE][PASSED] - Element 'Object Repository/Main/mainPayNowBtn' is visible

2022-06-21 09:39:19 - [TEST_STEP][PASSED] - tap(findTestObject("Main/mainPayNowBtn"), 0): Tapped on element 'Object Repository/Main/mainPayNowBtn'

2022-06-21 09:39:19 - [MESSAGE][WARNING] - Timeout '0' is invalid. Using default page load timeout: '40'

2022-06-21 09:39:19 - [MESSAGE][PASSED] - Tapped on element 'Object Repository/Main/mainPayNowBtn'

2022-06-21 09:39:19 - [TEST_STEP][PASSED] - delay(5): Delayed 5 second(s)

2022-06-21 09:39:24 - [MESSAGE][PASSED] - Delayed 5 second(s)

2022-06-21 09:39:24 - [TEST_STEP][PASSED] - verifyElementVisible(findTestObject("Main/mainDoneBtn"), 0): Element 'Object Repository/Main/mainDoneBtn' is visible

2022-06-21 09:39:24 - [MESSAGE][WARNING] - Timeout '0' is invalid. Using default page load timeout: '40'

2022-06-21 09:39:26 - [MESSAGE][PASSED] - Element 'Object Repository/Main/mainDoneBtn' is visible

2022-06-21 09:39:26 - [TEST_STEP][PASSED] - takeScreenshot("/Users/a00139272/Desktop/Screenshot/jomPayFav.png"): Screenshot is taken

2022-06-21 09:39:27 - [MESSAGE][PASSED] - Screenshot is taken
[[ATTACHMENT|/Users/a00139272/Desktop/Screenshot/jomPayFav.png]]

2022-06-21 09:39:27 - [TEST_STEP][PASSED] - tap(findTestObject("Main/mainDoneBtn"), 0): Tapped on element 'Object Repository/Main/mainDoneBtn'

2022-06-21 09:39:27 - [MESSAGE][WARNING] - Timeout '0' is invalid. Using default page load timeout: '40'

2022-06-21 09:39:27 - [MESSAGE][PASSED] - Tapped on element 'Object Repository/Main/mainDoneBtn'

2022-06-21 09:39:27 - [TEST_STEP][PASSED] - delay(5): Delayed 5 second(s)

2022-06-21 09:39:32 - [MESSAGE][PASSED] - Delayed 5 second(s)]]></system-out>
         <system-err><![CDATA[]]></system-err>
      </testcase>
      <testcase name="Test Cases/Zakat/zakat_zakatPayment" time="64.303" classname="Test Cases/Zakat/zakat_zakatPayment" status="PASSED">
         <system-out><![CDATA[2022-06-21 09:39:32 - [TEST_CASE][PASSED] - Test Cases/Zakat/zakat_zakatPayment: Test Cases/Zakat/zakat_zakatPayment

2022-06-21 09:39:32 - [TEST_STEP][PASSED] - device_Height = getDeviceHeight(): Current device physical height is 2167

2022-06-21 09:39:32 - [MESSAGE][PASSED] - Current device physical height is 2167

2022-06-21 09:39:32 - [TEST_STEP][PASSED] - device_Width = getDeviceWidth(): Current device physical width is 1080

2022-06-21 09:39:32 - [MESSAGE][PASSED] - Current device physical width is 1080

2022-06-21 09:39:32 - [TEST_STEP][PASSED] - startX = device_Width / 3: null

2022-06-21 09:39:32 - [TEST_STEP][PASSED] - startY = device_Height * 0.97: null

2022-06-21 09:39:32 - [TEST_STEP][PASSED] - tap(findTestObject("Banking/m2uAccountPayBillsIconSelect"), 0): Tapped on element 'Object Repository/Banking/m2uAccountPayBillsIconSelect'

2022-06-21 09:39:32 - [MESSAGE][WARNING] - Timeout '0' is invalid. Using default page load timeout: '40'

2022-06-21 09:39:37 - [MESSAGE][PASSED] - Tapped on element 'Object Repository/Banking/m2uAccountPayBillsIconSelect'

2022-06-21 09:39:37 - [TEST_STEP][PASSED] - tap(findTestObject("zakat/payBillZakatTopMenuSelect"), 40): Tapped on element 'Object Repository/zakat/payBillZakatTopMenuSelect'

2022-06-21 09:39:42 - [MESSAGE][PASSED] - Tapped on element 'Object Repository/zakat/payBillZakatTopMenuSelect'

2022-06-21 09:39:42 - [TEST_STEP][PASSED] - delay(2): Delayed 2 second(s)

2022-06-21 09:39:44 - [MESSAGE][PASSED] - Delayed 2 second(s)

2022-06-21 09:39:44 - [TEST_STEP][PASSED] - tap(findTestObject("zakat/zakatIconSelect"), 0): Tapped on element 'Object Repository/zakat/zakatIconSelect'

2022-06-21 09:39:44 - [MESSAGE][WARNING] - Timeout '0' is invalid. Using default page load timeout: '40'

2022-06-21 09:39:44 - [MESSAGE][PASSED] - Tapped on element 'Object Repository/zakat/zakatIconSelect'

2022-06-21 09:39:44 - [TEST_STEP][PASSED] - delay(2): Delayed 2 second(s)

2022-06-21 09:39:46 - [MESSAGE][PASSED] - Delayed 2 second(s)

2022-06-21 09:39:46 - [TEST_STEP][PASSED] - tap(findTestObject("zakat/zakatBodyDropdownSelectBoxx"), 0): Tapped on element 'Object Repository/zakat/zakatBodyDropdownSelectBoxx'

2022-06-21 09:39:46 - [MESSAGE][WARNING] - Timeout '0' is invalid. Using default page load timeout: '40'

2022-06-21 09:39:47 - [MESSAGE][PASSED] - Tapped on element 'Object Repository/zakat/zakatBodyDropdownSelectBoxx'

2022-06-21 09:39:47 - [TEST_STEP][PASSED] - tap(findTestObject("zakat/zakatBaitulmalPerlisDropdownSelect"), 0): Tapped on element 'Object Repository/zakat/zakatBaitulmalPerlisDropdownSelect'

2022-06-21 09:39:47 - [MESSAGE][WARNING] - Timeout '0' is invalid. Using default page load timeout: '40'

2022-06-21 09:39:47 - [MESSAGE][PASSED] - Tapped on element 'Object Repository/zakat/zakatBaitulmalPerlisDropdownSelect'

2022-06-21 09:39:47 - [TEST_STEP][PASSED] - tap(findTestObject("Main/mainCalenderPickerDoneBtn"), 0): Tapped on element 'Object Repository/Main/mainCalenderPickerDoneBtn'

2022-06-21 09:39:47 - [MESSAGE][WARNING] - Timeout '0' is invalid. Using default page load timeout: '40'

2022-06-21 09:39:48 - [MESSAGE][PASSED] - Tapped on element 'Object Repository/Main/mainCalenderPickerDoneBtn'

2022-06-21 09:39:48 - [TEST_STEP][PASSED] - delay(3): Delayed 3 second(s)

2022-06-21 09:39:51 - [MESSAGE][PASSED] - Delayed 3 second(s)

2022-06-21 09:39:51 - [TEST_STEP][PASSED] - tap(findTestObject("zakat/zakatTypeDropdownSelectBox"), 0): Tapped on element 'Object Repository/zakat/zakatTypeDropdownSelectBox'

2022-06-21 09:39:51 - [MESSAGE][WARNING] - Timeout '0' is invalid. Using default page load timeout: '40'

2022-06-21 09:39:51 - [MESSAGE][PASSED] - Tapped on element 'Object Repository/zakat/zakatTypeDropdownSelectBox'

2022-06-21 09:39:51 - [TEST_STEP][PASSED] - tap(findTestObject("zakat/zakatTypeZakatEmasDropdownSelect"), 0): Tapped on element 'Object Repository/zakat/zakatTypeZakatEmasDropdownSelect'

2022-06-21 09:39:51 - [MESSAGE][WARNING] - Timeout '0' is invalid. Using default page load timeout: '40'

2022-06-21 09:39:52 - [MESSAGE][PASSED] - Tapped on element 'Object Repository/zakat/zakatTypeZakatEmasDropdownSelect'

2022-06-21 09:39:52 - [TEST_STEP][PASSED] - tap(findTestObject("Main/mainCalenderPickerDoneBtn"), 0): Tapped on element 'Object Repository/Main/mainCalenderPickerDoneBtn'

2022-06-21 09:39:52 - [MESSAGE][WARNING] - Timeout '0' is invalid. Using default page load timeout: '40'

2022-06-21 09:39:52 - [MESSAGE][PASSED] - Tapped on element 'Object Repository/Main/mainCalenderPickerDoneBtn'

2022-06-21 09:39:52 - [TEST_STEP][PASSED] - tap(findTestObject("Login Onboarding/loginExistingContinueBtn"), 0): Tapped on element 'Object Repository/Login Onboarding/loginExistingContinueBtn'

2022-06-21 09:39:52 - [MESSAGE][WARNING] - Timeout '0' is invalid. Using default page load timeout: '40'

2022-06-21 09:39:53 - [MESSAGE][PASSED] - Tapped on element 'Object Repository/Login Onboarding/loginExistingContinueBtn'

2022-06-21 09:39:53 - [TEST_STEP][PASSED] - setText(findTestObject("zakat/zakatMobileNoInputField"), "181610161", 0): Text '181610161' has been set to element 'Object Repository/zakat/zakatMobileNoInputField'

2022-06-21 09:39:53 - [MESSAGE][WARNING] - Timeout '0' is invalid. Using default page load timeout: '40'

2022-06-21 09:39:55 - [MESSAGE][PASSED] - Text '181610161' has been set to element 'Object Repository/zakat/zakatMobileNoInputField'

2022-06-21 09:39:55 - [TEST_STEP][PASSED] - hideKeyboard(): Keyboard is hidden

2022-06-21 09:39:59 - [MESSAGE][PASSED] - Keyboard is hidden

2022-06-21 09:39:59 - [TEST_STEP][PASSED] - tap(findTestObject("Login Onboarding/loginExistingContinueBtn"), 0): Tapped on element 'Object Repository/Login Onboarding/loginExistingContinueBtn'

2022-06-21 09:39:59 - [MESSAGE][WARNING] - Timeout '0' is invalid. Using default page load timeout: '40'

2022-06-21 09:40:00 - [MESSAGE][PASSED] - Tapped on element 'Object Repository/Login Onboarding/loginExistingContinueBtn'

2022-06-21 09:40:00 - [TEST_STEP][PASSED] - tap(findTestObject("Login Onboarding/PIN1"), 0): Tapped on element 'Object Repository/Login Onboarding/PIN1'

2022-06-21 09:40:00 - [MESSAGE][WARNING] - Timeout '0' is invalid. Using default page load timeout: '40'

2022-06-21 09:40:01 - [MESSAGE][PASSED] - Tapped on element 'Object Repository/Login Onboarding/PIN1'

2022-06-21 09:40:01 - [TEST_STEP][PASSED] - tap(findTestObject("zakat/zakatAmountTickBtn"), 0): Tapped on element 'Object Repository/zakat/zakatAmountTickBtn'

2022-06-21 09:40:01 - [MESSAGE][WARNING] - Timeout '0' is invalid. Using default page load timeout: '40'

2022-06-21 09:40:02 - [MESSAGE][PASSED] - Tapped on element 'Object Repository/zakat/zakatAmountTickBtn'

2022-06-21 09:40:02 - [TEST_STEP][PASSED] - verifyElementText(findTestObject("Transfer/transferConfirmationFromAccTypeTxt", ["accType":accType]), accType): Actual text and expected text of test object 'Object Repository/Transfer/transferConfirmationFromAccTypeTxt' are matched.

2022-06-21 09:40:06 - [MESSAGE][PASSED] - Actual text and expected text of test object 'Object Repository/Transfer/transferConfirmationFromAccTypeTxt' are matched.

2022-06-21 09:40:06 - [TEST_STEP][PASSED] - verifyElementText(findTestObject("Transfer/transferConfirmationFromAccNoTxt", ["accNoFrom":accNoFrom]), accNoFrom): Actual text and expected text of test object 'Object Repository/Transfer/transferConfirmationFromAccNoTxt' are matched.

2022-06-21 09:40:06 - [MESSAGE][PASSED] - Actual text and expected text of test object 'Object Repository/Transfer/transferConfirmationFromAccNoTxt' are matched.

2022-06-21 09:40:06 - [TEST_STEP][PASSED] - verifyElementVisible(findTestObject("Main/mainPayNowBtn"), 0): Element 'Object Repository/Main/mainPayNowBtn' is visible

2022-06-21 09:40:06 - [MESSAGE][WARNING] - Timeout '0' is invalid. Using default page load timeout: '40'

2022-06-21 09:40:07 - [MESSAGE][PASSED] - Element 'Object Repository/Main/mainPayNowBtn' is visible

2022-06-21 09:40:07 - [TEST_STEP][PASSED] - tap(findTestObject("Main/mainPayNowBtn"), 0): Tapped on element 'Object Repository/Main/mainPayNowBtn'

2022-06-21 09:40:07 - [MESSAGE][WARNING] - Timeout '0' is invalid. Using default page load timeout: '40'

2022-06-21 09:40:07 - [MESSAGE][PASSED] - Tapped on element 'Object Repository/Main/mainPayNowBtn'

2022-06-21 09:40:07 - [TEST_STEP][PASSED] - delay(3): Delayed 3 second(s)

2022-06-21 09:40:10 - [MESSAGE][PASSED] - Delayed 3 second(s)

2022-06-21 09:40:10 - [TEST_STEP][PASSED] - if (verifyElementVisible(findTestObject("Festive Season/festiveReturnAngpaoTACNoTxt"), 10, OPTIONAL)): Element 'Object Repository/Festive Season/festiveReturnAngpaoTACNoTxt' not found

2022-06-21 09:40:20 - [MESSAGE][WARNING] - Element 'Object Repository/Festive Season/festiveReturnAngpaoTACNoTxt' not found

2022-06-21 09:40:20 - [TEST_STEP][PASSED] - else: Tapped on element 'Object Repository/Main/mainS2UApproveBtn'

2022-06-21 09:40:20 - [TEST_STEP][PASSED] - delay(5): Delayed 5 second(s)

2022-06-21 09:40:25 - [MESSAGE][PASSED] - Delayed 5 second(s)

2022-06-21 09:40:25 - [TEST_STEP][PASSED] - verifyElementVisible(findTestObject("Main/mainS2UApproveBtn"), 10): Element 'Object Repository/Main/mainS2UApproveBtn' is visible

2022-06-21 09:40:25 - [MESSAGE][PASSED] - Element 'Object Repository/Main/mainS2UApproveBtn' is visible

2022-06-21 09:40:25 - [TEST_STEP][PASSED] - tap(findTestObject("Main/mainS2UApproveBtn"), 0): Tapped on element 'Object Repository/Main/mainS2UApproveBtn'

2022-06-21 09:40:25 - [MESSAGE][WARNING] - Timeout '0' is invalid. Using default page load timeout: '40'

2022-06-21 09:40:25 - [MESSAGE][PASSED] - Tapped on element 'Object Repository/Main/mainS2UApproveBtn'

2022-06-21 09:40:25 - [TEST_STEP][PASSED] - delay(5): Delayed 5 second(s)

2022-06-21 09:40:30 - [MESSAGE][PASSED] - Delayed 5 second(s)

2022-06-21 09:40:30 - [TEST_STEP][PASSED] - takeScreenshot("/Users/a00139272/Desktop/Screenshot/zakatInstant.png"): Screenshot is taken

2022-06-21 09:40:31 - [MESSAGE][PASSED] - Screenshot is taken
[[ATTACHMENT|/Users/a00139272/Desktop/Screenshot/zakatInstant.png]]

2022-06-21 09:40:31 - [TEST_STEP][PASSED] - verifyElementVisible(findTestObject("Main/mainDoneBtn"), 0): Element 'Object Repository/Main/mainDoneBtn' is visible

2022-06-21 09:40:31 - [MESSAGE][WARNING] - Timeout '0' is invalid. Using default page load timeout: '40'

2022-06-21 09:40:31 - [MESSAGE][PASSED] - Element 'Object Repository/Main/mainDoneBtn' is visible

2022-06-21 09:40:31 - [TEST_STEP][PASSED] - tap(findTestObject("Main/mainDoneBtn"), 0): Tapped on element 'Object Repository/Main/mainDoneBtn'

2022-06-21 09:40:31 - [MESSAGE][WARNING] - Timeout '0' is invalid. Using default page load timeout: '40'

2022-06-21 09:40:31 - [MESSAGE][PASSED] - Tapped on element 'Object Repository/Main/mainDoneBtn'

2022-06-21 09:40:31 - [TEST_STEP][PASSED] - delay(5): Delayed 5 second(s)

2022-06-21 09:40:36 - [MESSAGE][PASSED] - Delayed 5 second(s)]]></system-out>
         <system-err><![CDATA[]]></system-err>
      </testcase>
      <testcase name="Test Cases/Zakat/zakat_zakatPaymentAddFavorite" time="74.946" classname="Test Cases/Zakat/zakat_zakatPaymentAddFavorite" status="PASSED">
         <system-out><![CDATA[2022-06-21 09:40:36 - [TEST_CASE][PASSED] - Test Cases/Zakat/zakat_zakatPaymentAddFavorite: Test Cases/Zakat/zakat_zakatPaymentAddFavorite

2022-06-21 09:40:36 - [TEST_STEP][PASSED] - device_Height = getDeviceHeight(): Current device physical height is 2167

2022-06-21 09:40:37 - [MESSAGE][PASSED] - Current device physical height is 2167

2022-06-21 09:40:37 - [TEST_STEP][PASSED] - device_Width = getDeviceWidth(): Current device physical width is 1080

2022-06-21 09:40:37 - [MESSAGE][PASSED] - Current device physical width is 1080

2022-06-21 09:40:37 - [TEST_STEP][PASSED] - startX = device_Width / 3: null

2022-06-21 09:40:37 - [TEST_STEP][PASSED] - startY = device_Height * 0.97: null

2022-06-21 09:40:37 - [TEST_STEP][PASSED] - tap(findTestObject("Banking/m2uAccountPayBillsIconSelect"), 0): Tapped on element 'Object Repository/Banking/m2uAccountPayBillsIconSelect'

2022-06-21 09:40:37 - [MESSAGE][WARNING] - Timeout '0' is invalid. Using default page load timeout: '40'

2022-06-21 09:40:37 - [MESSAGE][PASSED] - Tapped on element 'Object Repository/Banking/m2uAccountPayBillsIconSelect'

2022-06-21 09:40:37 - [TEST_STEP][PASSED] - tap(findTestObject("zakat/payBillZakatTopMenuSelect"), 40): Tapped on element 'Object Repository/zakat/payBillZakatTopMenuSelect'

2022-06-21 09:40:43 - [MESSAGE][PASSED] - Tapped on element 'Object Repository/zakat/payBillZakatTopMenuSelect'

2022-06-21 09:40:43 - [TEST_STEP][PASSED] - delay(2): Delayed 2 second(s)

2022-06-21 09:40:45 - [MESSAGE][PASSED] - Delayed 2 second(s)

2022-06-21 09:40:45 - [TEST_STEP][PASSED] - tap(findTestObject("zakat/zakatIconSelect"), 0): Tapped on element 'Object Repository/zakat/zakatIconSelect'

2022-06-21 09:40:45 - [MESSAGE][WARNING] - Timeout '0' is invalid. Using default page load timeout: '40'

2022-06-21 09:40:46 - [MESSAGE][PASSED] - Tapped on element 'Object Repository/zakat/zakatIconSelect'

2022-06-21 09:40:46 - [TEST_STEP][PASSED] - delay(2): Delayed 2 second(s)

2022-06-21 09:40:48 - [MESSAGE][PASSED] - Delayed 2 second(s)

2022-06-21 09:40:48 - [TEST_STEP][PASSED] - tap(findTestObject("zakat/zakatBodyDropdownSelectBoxx"), 0): Tapped on element 'Object Repository/zakat/zakatBodyDropdownSelectBoxx'

2022-06-21 09:40:48 - [MESSAGE][WARNING] - Timeout '0' is invalid. Using default page load timeout: '40'

2022-06-21 09:40:48 - [MESSAGE][PASSED] - Tapped on element 'Object Repository/zakat/zakatBodyDropdownSelectBoxx'

2022-06-21 09:40:48 - [TEST_STEP][PASSED] - tap(findTestObject("zakat/zakatBaitulmalPerlisDropdownSelect"), 0): Tapped on element 'Object Repository/zakat/zakatBaitulmalPerlisDropdownSelect'

2022-06-21 09:40:48 - [MESSAGE][WARNING] - Timeout '0' is invalid. Using default page load timeout: '40'

2022-06-21 09:40:49 - [MESSAGE][PASSED] - Tapped on element 'Object Repository/zakat/zakatBaitulmalPerlisDropdownSelect'

2022-06-21 09:40:49 - [TEST_STEP][PASSED] - tap(findTestObject("Main/mainCalenderPickerDoneBtn"), 0): Tapped on element 'Object Repository/Main/mainCalenderPickerDoneBtn'

2022-06-21 09:40:49 - [MESSAGE][WARNING] - Timeout '0' is invalid. Using default page load timeout: '40'

2022-06-21 09:40:49 - [MESSAGE][PASSED] - Tapped on element 'Object Repository/Main/mainCalenderPickerDoneBtn'

2022-06-21 09:40:49 - [TEST_STEP][PASSED] - delay(3): Delayed 3 second(s)

2022-06-21 09:40:52 - [MESSAGE][PASSED] - Delayed 3 second(s)

2022-06-21 09:40:52 - [TEST_STEP][PASSED] - tap(findTestObject("zakat/zakatTypeDropdownSelectBox"), 0): Tapped on element 'Object Repository/zakat/zakatTypeDropdownSelectBox'

2022-06-21 09:40:52 - [MESSAGE][WARNING] - Timeout '0' is invalid. Using default page load timeout: '40'

2022-06-21 09:40:52 - [MESSAGE][PASSED] - Tapped on element 'Object Repository/zakat/zakatTypeDropdownSelectBox'

2022-06-21 09:40:52 - [TEST_STEP][PASSED] - tap(findTestObject("zakat/zakatTypeZakatEmasDropdownSelect"), 0): Tapped on element 'Object Repository/zakat/zakatTypeZakatEmasDropdownSelect'

2022-06-21 09:40:52 - [MESSAGE][WARNING] - Timeout '0' is invalid. Using default page load timeout: '40'

2022-06-21 09:40:53 - [MESSAGE][PASSED] - Tapped on element 'Object Repository/zakat/zakatTypeZakatEmasDropdownSelect'

2022-06-21 09:40:53 - [TEST_STEP][PASSED] - tap(findTestObject("Main/mainCalenderPickerDoneBtn"), 0): Tapped on element 'Object Repository/Main/mainCalenderPickerDoneBtn'

2022-06-21 09:40:53 - [MESSAGE][WARNING] - Timeout '0' is invalid. Using default page load timeout: '40'

2022-06-21 09:40:53 - [MESSAGE][PASSED] - Tapped on element 'Object Repository/Main/mainCalenderPickerDoneBtn'

2022-06-21 09:40:53 - [TEST_STEP][PASSED] - tap(findTestObject("Login Onboarding/loginExistingContinueBtn"), 0): Tapped on element 'Object Repository/Login Onboarding/loginExistingContinueBtn'

2022-06-21 09:40:53 - [MESSAGE][WARNING] - Timeout '0' is invalid. Using default page load timeout: '40'

2022-06-21 09:40:54 - [MESSAGE][PASSED] - Tapped on element 'Object Repository/Login Onboarding/loginExistingContinueBtn'

2022-06-21 09:40:54 - [TEST_STEP][PASSED] - setText(findTestObject("zakat/zakatMobileNoInputField"), "181610161", 0): Text '181610161' has been set to element 'Object Repository/zakat/zakatMobileNoInputField'

2022-06-21 09:40:54 - [MESSAGE][WARNING] - Timeout '0' is invalid. Using default page load timeout: '40'

2022-06-21 09:40:57 - [MESSAGE][PASSED] - Text '181610161' has been set to element 'Object Repository/zakat/zakatMobileNoInputField'

2022-06-21 09:40:57 - [TEST_STEP][PASSED] - hideKeyboard(): Keyboard is hidden

2022-06-21 09:41:01 - [MESSAGE][PASSED] - Keyboard is hidden

2022-06-21 09:41:01 - [TEST_STEP][PASSED] - tap(findTestObject("Login Onboarding/loginExistingContinueBtn"), 0): Tapped on element 'Object Repository/Login Onboarding/loginExistingContinueBtn'

2022-06-21 09:41:01 - [MESSAGE][WARNING] - Timeout '0' is invalid. Using default page load timeout: '40'

2022-06-21 09:41:01 - [MESSAGE][PASSED] - Tapped on element 'Object Repository/Login Onboarding/loginExistingContinueBtn'

2022-06-21 09:41:01 - [TEST_STEP][PASSED] - tap(findTestObject("Login Onboarding/PIN1"), 0): Tapped on element 'Object Repository/Login Onboarding/PIN1'

2022-06-21 09:41:01 - [MESSAGE][WARNING] - Timeout '0' is invalid. Using default page load timeout: '40'

2022-06-21 09:41:02 - [MESSAGE][PASSED] - Tapped on element 'Object Repository/Login Onboarding/PIN1'

2022-06-21 09:41:02 - [TEST_STEP][PASSED] - tap(findTestObject("zakat/zakatAmountTickBtn"), 0): Tapped on element 'Object Repository/zakat/zakatAmountTickBtn'

2022-06-21 09:41:02 - [MESSAGE][WARNING] - Timeout '0' is invalid. Using default page load timeout: '40'

2022-06-21 09:41:03 - [MESSAGE][PASSED] - Tapped on element 'Object Repository/zakat/zakatAmountTickBtn'

2022-06-21 09:41:03 - [TEST_STEP][PASSED] - delay(5): Delayed 5 second(s)

2022-06-21 09:41:08 - [MESSAGE][PASSED] - Delayed 5 second(s)

2022-06-21 09:41:08 - [TEST_STEP][PASSED] - verifyElementText(findTestObject("Transfer/transferConfirmationFromAccTypeTxt", ["accType":accType]), accType): Actual text and expected text of test object 'Object Repository/Transfer/transferConfirmationFromAccTypeTxt' are matched.

2022-06-21 09:41:08 - [MESSAGE][PASSED] - Actual text and expected text of test object 'Object Repository/Transfer/transferConfirmationFromAccTypeTxt' are matched.

2022-06-21 09:41:08 - [TEST_STEP][PASSED] - verifyElementText(findTestObject("Transfer/transferConfirmationFromAccNoTxt", ["accNoFrom":accNoFrom]), accNoFrom): Actual text and expected text of test object 'Object Repository/Transfer/transferConfirmationFromAccNoTxt' are matched.

2022-06-21 09:41:09 - [MESSAGE][PASSED] - Actual text and expected text of test object 'Object Repository/Transfer/transferConfirmationFromAccNoTxt' are matched.

2022-06-21 09:41:09 - [TEST_STEP][PASSED] - verifyElementVisible(findTestObject("Main/mainPayNowBtn"), 0): Element 'Object Repository/Main/mainPayNowBtn' is visible

2022-06-21 09:41:09 - [MESSAGE][WARNING] - Timeout '0' is invalid. Using default page load timeout: '40'

2022-06-21 09:41:09 - [MESSAGE][PASSED] - Element 'Object Repository/Main/mainPayNowBtn' is visible

2022-06-21 09:41:09 - [TEST_STEP][PASSED] - tap(findTestObject("Main/mainPayNowBtn"), 0): Tapped on element 'Object Repository/Main/mainPayNowBtn'

2022-06-21 09:41:09 - [MESSAGE][WARNING] - Timeout '0' is invalid. Using default page load timeout: '40'

2022-06-21 09:41:09 - [MESSAGE][PASSED] - Tapped on element 'Object Repository/Main/mainPayNowBtn'

2022-06-21 09:41:09 - [TEST_STEP][PASSED] - delay(3): Delayed 3 second(s)

2022-06-21 09:41:12 - [MESSAGE][PASSED] - Delayed 3 second(s)

2022-06-21 09:41:12 - [TEST_STEP][PASSED] - if (verifyElementVisible(findTestObject("Festive Season/festiveReturnAngpaoTACNoTxt"), 10, OPTIONAL)): Element 'Object Repository/Festive Season/festiveReturnAngpaoTACNoTxt' not found

2022-06-21 09:41:22 - [MESSAGE][WARNING] - Element 'Object Repository/Festive Season/festiveReturnAngpaoTACNoTxt' not found

2022-06-21 09:41:22 - [TEST_STEP][PASSED] - else: Tapped on element 'Object Repository/Main/mainS2UApproveBtn'

2022-06-21 09:41:22 - [TEST_STEP][PASSED] - delay(5): Delayed 5 second(s)

2022-06-21 09:41:28 - [MESSAGE][PASSED] - Delayed 5 second(s)

2022-06-21 09:41:28 - [TEST_STEP][PASSED] - verifyElementVisible(findTestObject("Main/mainS2UApproveBtn"), 10): Element 'Object Repository/Main/mainS2UApproveBtn' is visible

2022-06-21 09:41:28 - [MESSAGE][PASSED] - Element 'Object Repository/Main/mainS2UApproveBtn' is visible

2022-06-21 09:41:28 - [TEST_STEP][PASSED] - tap(findTestObject("Main/mainS2UApproveBtn"), 0): Tapped on element 'Object Repository/Main/mainS2UApproveBtn'

2022-06-21 09:41:28 - [MESSAGE][WARNING] - Timeout '0' is invalid. Using default page load timeout: '40'

2022-06-21 09:41:28 - [MESSAGE][PASSED] - Tapped on element 'Object Repository/Main/mainS2UApproveBtn'

2022-06-21 09:41:28 - [TEST_STEP][PASSED] - delay(3): Delayed 3 second(s)

2022-06-21 09:41:31 - [MESSAGE][PASSED] - Delayed 3 second(s)

2022-06-21 09:41:31 - [TEST_STEP][PASSED] - tap(findTestObject("Main/mainAddToFavBtn"), 0): Tapped on element 'Object Repository/Main/mainAddToFavBtn'

2022-06-21 09:41:31 - [MESSAGE][WARNING] - Timeout '0' is invalid. Using default page load timeout: '40'

2022-06-21 09:41:32 - [MESSAGE][PASSED] - Tapped on element 'Object Repository/Main/mainAddToFavBtn'

2022-06-21 09:41:32 - [TEST_STEP][PASSED] - delay(2): Delayed 2 second(s)

2022-06-21 09:41:34 - [MESSAGE][PASSED] - Delayed 2 second(s)

2022-06-21 09:41:34 - [TEST_STEP][PASSED] - tap(findTestObject("Main/mainAddToFavBtn"), 0): Tapped on element 'Object Repository/Main/mainAddToFavBtn'

2022-06-21 09:41:34 - [MESSAGE][WARNING] - Timeout '0' is invalid. Using default page load timeout: '40'

2022-06-21 09:41:34 - [MESSAGE][PASSED] - Tapped on element 'Object Repository/Main/mainAddToFavBtn'

2022-06-21 09:41:34 - [TEST_STEP][PASSED] - delay(2): Delayed 2 second(s)

2022-06-21 09:41:36 - [MESSAGE][PASSED] - Delayed 2 second(s)

2022-06-21 09:41:36 - [TEST_STEP][PASSED] - tap(findTestObject("Main/mainCloseFavPopUpBtn"), 0): Tapped on element 'Object Repository/Main/mainCloseFavPopUpBtn'

2022-06-21 09:41:36 - [MESSAGE][WARNING] - Timeout '0' is invalid. Using default page load timeout: '40'

2022-06-21 09:41:43 - [MESSAGE][PASSED] - Tapped on element 'Object Repository/Main/mainCloseFavPopUpBtn'

2022-06-21 09:41:43 - [TEST_STEP][PASSED] - delay(2): Delayed 2 second(s)

2022-06-21 09:41:45 - [MESSAGE][PASSED] - Delayed 2 second(s)

2022-06-21 09:41:45 - [TEST_STEP][PASSED] - verifyElementVisible(findTestObject("Main/mainDoneBtn"), 0): Element 'Object Repository/Main/mainDoneBtn' is visible

2022-06-21 09:41:45 - [MESSAGE][WARNING] - Timeout '0' is invalid. Using default page load timeout: '40'

2022-06-21 09:41:45 - [MESSAGE][PASSED] - Element 'Object Repository/Main/mainDoneBtn' is visible

2022-06-21 09:41:45 - [TEST_STEP][PASSED] - takeScreenshot("/Users/a00139272/Desktop/Screenshot/zakatAddFav.png"): Screenshot is taken

2022-06-21 09:41:46 - [MESSAGE][PASSED] - Screenshot is taken
[[ATTACHMENT|/Users/a00139272/Desktop/Screenshot/zakatAddFav.png]]

2022-06-21 09:41:46 - [TEST_STEP][PASSED] - tap(findTestObject("Main/mainDoneBtn"), 0): Tapped on element 'Object Repository/Main/mainDoneBtn'

2022-06-21 09:41:46 - [MESSAGE][WARNING] - Timeout '0' is invalid. Using default page load timeout: '40'

2022-06-21 09:41:46 - [MESSAGE][PASSED] - Tapped on element 'Object Repository/Main/mainDoneBtn'

2022-06-21 09:41:46 - [TEST_STEP][PASSED] - delay(5): Delayed 5 second(s)

2022-06-21 09:41:51 - [MESSAGE][PASSED] - Delayed 5 second(s)]]></system-out>
         <system-err><![CDATA[]]></system-err>
      </testcase>
      <testcase name="Test Cases/Zakat/zakat_zakatPaymentFavoriteTransaction" time="127.586" classname="Test Cases/Zakat/zakat_zakatPaymentFavoriteTransaction" status="PASSED">
         <system-out><![CDATA[2022-06-21 09:41:51 - [TEST_CASE][PASSED] - Test Cases/Zakat/zakat_zakatPaymentFavoriteTransaction: Test Cases/Zakat/zakat_zakatPaymentFavoriteTransaction

2022-06-21 09:41:51 - [TEST_STEP][PASSED] - device_Height = getDeviceHeight(): Current device physical height is 2167

2022-06-21 09:41:51 - [MESSAGE][PASSED] - Current device physical height is 2167

2022-06-21 09:41:51 - [TEST_STEP][PASSED] - device_Width = getDeviceWidth(): Current device physical width is 1080

2022-06-21 09:41:52 - [MESSAGE][PASSED] - Current device physical width is 1080

2022-06-21 09:41:52 - [TEST_STEP][PASSED] - startX = device_Width / 3: null

2022-06-21 09:41:52 - [TEST_STEP][PASSED] - startY = device_Height * 0.97: null

2022-06-21 09:41:52 - [TEST_STEP][PASSED] - tap(findTestObject("Banking/m2uAccountPayBillsIconSelect"), 0): Tapped on element 'Object Repository/Banking/m2uAccountPayBillsIconSelect'

2022-06-21 09:41:52 - [MESSAGE][WARNING] - Timeout '0' is invalid. Using default page load timeout: '40'

2022-06-21 09:41:52 - [MESSAGE][PASSED] - Tapped on element 'Object Repository/Banking/m2uAccountPayBillsIconSelect'

2022-06-21 09:41:52 - [TEST_STEP][PASSED] - tap(findTestObject("zakat/payBillZakatTopMenuSelect"), 40): Tapped on element 'Object Repository/zakat/payBillZakatTopMenuSelect'

2022-06-21 09:41:57 - [MESSAGE][PASSED] - Tapped on element 'Object Repository/zakat/payBillZakatTopMenuSelect'

2022-06-21 09:41:57 - [TEST_STEP][PASSED] - delay(5): Delayed 5 second(s)

2022-06-21 09:42:02 - [MESSAGE][PASSED] - Delayed 5 second(s)

2022-06-21 09:42:02 - [TEST_STEP][PASSED] - waitForElementPresent(findTestObject("Main/mainFavBodySelect"), 0): Object Object Repository/Main/mainFavBodySelect not found

2022-06-21 09:42:03 - [MESSAGE][WARNING] - Timeout '0' is invalid. Using default page load timeout: '40'

2022-06-21 09:42:44 - [MESSAGE][WARNING] - Object Object Repository/Main/mainFavBodySelect not found

2022-06-21 09:42:44 - [TEST_STEP][PASSED] - tap(findTestObject("Main/mainFavBodySelect"), 0): Tapped on element 'Object Repository/Main/mainFavBodySelect'

2022-06-21 09:42:45 - [MESSAGE][WARNING] - Timeout '0' is invalid. Using default page load timeout: '40'

2022-06-21 09:43:23 - [MESSAGE][PASSED] - Tapped on element 'Object Repository/Main/mainFavBodySelect'

2022-06-21 09:43:23 - [TEST_STEP][PASSED] - delay(5): Delayed 5 second(s)

2022-06-21 09:43:28 - [MESSAGE][PASSED] - Delayed 5 second(s)

2022-06-21 09:43:28 - [TEST_STEP][PASSED] - waitForElementPresent(findTestObject("zakat/zakatTypeDropdownSelectBox"), 0): Element 'Object Repository/zakat/zakatTypeDropdownSelectBox' is present

2022-06-21 09:43:28 - [MESSAGE][WARNING] - Timeout '0' is invalid. Using default page load timeout: '40'

2022-06-21 09:43:36 - [MESSAGE][PASSED] - Element 'Object Repository/zakat/zakatTypeDropdownSelectBox' is present

2022-06-21 09:43:36 - [TEST_STEP][PASSED] - tap(findTestObject("zakat/zakatTypeDropdownSelectBox"), 0): Tapped on element 'Object Repository/zakat/zakatTypeDropdownSelectBox'

2022-06-21 09:43:36 - [MESSAGE][WARNING] - Timeout '0' is invalid. Using default page load timeout: '40'

2022-06-21 09:43:36 - [MESSAGE][PASSED] - Tapped on element 'Object Repository/zakat/zakatTypeDropdownSelectBox'

2022-06-21 09:43:36 - [TEST_STEP][PASSED] - tap(findTestObject("zakat/zakatTypeZakatEmasDropdownSelect"), 0): Tapped on element 'Object Repository/zakat/zakatTypeZakatEmasDropdownSelect'

2022-06-21 09:43:36 - [MESSAGE][WARNING] - Timeout '0' is invalid. Using default page load timeout: '40'

2022-06-21 09:43:37 - [MESSAGE][PASSED] - Tapped on element 'Object Repository/zakat/zakatTypeZakatEmasDropdownSelect'

2022-06-21 09:43:37 - [TEST_STEP][PASSED] - tap(findTestObject("Main/mainCalenderPickerDoneBtn"), 0): Tapped on element 'Object Repository/Main/mainCalenderPickerDoneBtn'

2022-06-21 09:43:37 - [MESSAGE][WARNING] - Timeout '0' is invalid. Using default page load timeout: '40'

2022-06-21 09:43:38 - [MESSAGE][PASSED] - Tapped on element 'Object Repository/Main/mainCalenderPickerDoneBtn'

2022-06-21 09:43:38 - [TEST_STEP][PASSED] - tap(findTestObject("Login Onboarding/loginExistingContinueBtn"), 0): Tapped on element 'Object Repository/Login Onboarding/loginExistingContinueBtn'

2022-06-21 09:43:38 - [MESSAGE][WARNING] - Timeout '0' is invalid. Using default page load timeout: '40'

2022-06-21 09:43:38 - [MESSAGE][PASSED] - Tapped on element 'Object Repository/Login Onboarding/loginExistingContinueBtn'

2022-06-21 09:43:38 - [TEST_STEP][PASSED] - tap(findTestObject("Login Onboarding/PIN1"), 0): Tapped on element 'Object Repository/Login Onboarding/PIN1'

2022-06-21 09:43:38 - [MESSAGE][WARNING] - Timeout '0' is invalid. Using default page load timeout: '40'

2022-06-21 09:43:40 - [MESSAGE][PASSED] - Tapped on element 'Object Repository/Login Onboarding/PIN1'

2022-06-21 09:43:40 - [TEST_STEP][PASSED] - tap(findTestObject("Login Onboarding/PIN0"), 0): Tapped on element 'Object Repository/Login Onboarding/PIN0'

2022-06-21 09:43:40 - [MESSAGE][WARNING] - Timeout '0' is invalid. Using default page load timeout: '40'

2022-06-21 09:43:40 - [MESSAGE][PASSED] - Tapped on element 'Object Repository/Login Onboarding/PIN0'

2022-06-21 09:43:40 - [TEST_STEP][PASSED] - tap(findTestObject("JomPay/jomPayAmountTickBtn"), 0): Tapped on element 'Object Repository/JomPay/jomPayAmountTickBtn'

2022-06-21 09:43:40 - [MESSAGE][WARNING] - Timeout '0' is invalid. Using default page load timeout: '40'

2022-06-21 09:43:40 - [MESSAGE][PASSED] - Tapped on element 'Object Repository/JomPay/jomPayAmountTickBtn'

2022-06-21 09:43:40 - [TEST_STEP][PASSED] - delay(5): Delayed 5 second(s)

2022-06-21 09:43:45 - [MESSAGE][PASSED] - Delayed 5 second(s)

2022-06-21 09:43:45 - [TEST_STEP][PASSED] - verifyElementText(findTestObject("Transfer/transferConfirmationFromAccTypeTxt", ["accType":accType]), accType): Actual text and expected text of test object 'Object Repository/Transfer/transferConfirmationFromAccTypeTxt' are matched.

2022-06-21 09:43:46 - [MESSAGE][PASSED] - Actual text and expected text of test object 'Object Repository/Transfer/transferConfirmationFromAccTypeTxt' are matched.

2022-06-21 09:43:46 - [TEST_STEP][PASSED] - verifyElementText(findTestObject("Transfer/transferConfirmationFromAccNoTxt", ["accNoFrom":accNoFrom]), accNoFrom): Actual text and expected text of test object 'Object Repository/Transfer/transferConfirmationFromAccNoTxt' are matched.

2022-06-21 09:43:46 - [MESSAGE][PASSED] - Actual text and expected text of test object 'Object Repository/Transfer/transferConfirmationFromAccNoTxt' are matched.

2022-06-21 09:43:46 - [TEST_STEP][PASSED] - verifyElementVisible(findTestObject("Main/mainPayNowBtn"), 0): Element 'Object Repository/Main/mainPayNowBtn' is visible

2022-06-21 09:43:46 - [MESSAGE][WARNING] - Timeout '0' is invalid. Using default page load timeout: '40'

2022-06-21 09:43:46 - [MESSAGE][PASSED] - Element 'Object Repository/Main/mainPayNowBtn' is visible

2022-06-21 09:43:46 - [TEST_STEP][PASSED] - tap(findTestObject("Main/mainPayNowBtn"), 0): Tapped on element 'Object Repository/Main/mainPayNowBtn'

2022-06-21 09:43:46 - [MESSAGE][WARNING] - Timeout '0' is invalid. Using default page load timeout: '40'

2022-06-21 09:43:47 - [MESSAGE][PASSED] - Tapped on element 'Object Repository/Main/mainPayNowBtn'

2022-06-21 09:43:47 - [TEST_STEP][PASSED] - delay(5): Delayed 5 second(s)

2022-06-21 09:43:52 - [MESSAGE][PASSED] - Delayed 5 second(s)

2022-06-21 09:43:52 - [TEST_STEP][PASSED] - verifyElementVisible(findTestObject("Main/mainDoneBtn"), 0): Element 'Object Repository/Main/mainDoneBtn' is visible

2022-06-21 09:43:52 - [MESSAGE][WARNING] - Timeout '0' is invalid. Using default page load timeout: '40'

2022-06-21 09:43:53 - [MESSAGE][PASSED] - Element 'Object Repository/Main/mainDoneBtn' is visible

2022-06-21 09:43:53 - [TEST_STEP][PASSED] - takeScreenshot("/Users/a00139272/Desktop/Screenshot/zakatFav.png"): Screenshot is taken

2022-06-21 09:43:54 - [MESSAGE][PASSED] - Screenshot is taken
[[ATTACHMENT|/Users/a00139272/Desktop/Screenshot/zakatFav.png]]

2022-06-21 09:43:54 - [TEST_STEP][PASSED] - tap(findTestObject("Main/mainDoneBtn"), 0): Tapped on element 'Object Repository/Main/mainDoneBtn'

2022-06-21 09:43:54 - [MESSAGE][WARNING] - Timeout '0' is invalid. Using default page load timeout: '40'

2022-06-21 09:43:54 - [MESSAGE][PASSED] - Tapped on element 'Object Repository/Main/mainDoneBtn'

2022-06-21 09:43:54 - [TEST_STEP][PASSED] - delay(5): Delayed 5 second(s)

2022-06-21 09:43:59 - [MESSAGE][PASSED] - Delayed 5 second(s)]]></system-out>
         <system-err><![CDATA[]]></system-err>
      </testcase>
      <system-out><![CDATA[2022-06-21 09:12:34 - [TEST_SUITE][FAILED] - Regress 1: Test Cases/PayBill/payBills_scheduleTransaction FAILED.
Reason:
com.kms.katalon.core.exception.StepFailedException: Element 'Object Repository/Main/mainS2UApproveBtn' not found
	at com.kms.katalon.core.keyword.internal.KeywordMain.stepFailed(KeywordMain.groovy:39)
	at com.kms.katalon.core.mobile.keyword.internal.MobileKeywordMain.stepFailed(MobileKeywordMain.groovy:40)
	at com.kms.katalon.core.mobile.keyword.builtin.VerifyElementVisibleKeyword$_verifyElementVisible_closure1.doCall(VerifyElementVisibleKeyword.groovy:82)
	at com.kms.katalon.core.mobile.keyword.builtin.VerifyElementVisibleKeyword$_verifyElementVisible_closure1.call(VerifyElementVisibleKeyword.groovy)
	at com.kms.katalon.core.mobile.keyword.internal.MobileKeywordMain.runKeyword(MobileKeywordMain.groovy:21)
	at com.kms.katalon.core.mobile.keyword.builtin.VerifyElementVisibleKeyword.verifyElementVisible(VerifyElementVisibleKeyword.groovy:85)
	at com.kms.katalon.core.mobile.keyword.builtin.VerifyElementVisibleKeyword.execute(VerifyElementVisibleKeyword.groovy:64)
	at com.kms.katalon.core.keyword.internal.KeywordExecutor.executeKeywordForPlatform(KeywordExecutor.groovy:74)
	at com.kms.katalon.core.mobile.keyword.MobileBuiltInKeywords.verifyElementVisible(MobileBuiltInKeywords.groovy:2031)
	at com.kms.katalon.core.mobile.keyword.MobileBuiltInKeywords$verifyElementVisible$12.call(Unknown Source)
	at payBills_scheduleTransaction.run(payBills_scheduleTransaction:203)
	at com.kms.katalon.core.main.ScriptEngine.run(ScriptEngine.java:194)
	at com.kms.katalon.core.main.ScriptEngine.runScriptAsRawText(ScriptEngine.java:119)
	at com.kms.katalon.core.main.TestCaseExecutor.runScript(TestCaseExecutor.java:445)
	at com.kms.katalon.core.main.TestCaseExecutor.doExecute(TestCaseExecutor.java:436)
	at com.kms.katalon.core.main.TestCaseExecutor.processExecutionPhase(TestCaseExecutor.java:415)
	at com.kms.katalon.core.main.TestCaseExecutor.accessMainPhase(TestCaseExecutor.java:407)
	at com.kms.katalon.core.main.TestCaseExecutor.execute(TestCaseExecutor.java:284)
	at com.kms.katalon.core.common.CommonExecutor.accessTestCaseMainPhase(CommonExecutor.java:65)
	at com.kms.katalon.core.main.TestSuiteExecutor.accessTestSuiteMainPhase(TestSuiteExecutor.java:144)
	at com.kms.katalon.core.main.TestSuiteExecutor.execute(TestSuiteExecutor.java:106)
	at com.kms.katalon.core.main.TestCaseMain.startTestSuite(TestCaseMain.java:185)
	at com.kms.katalon.core.main.TestCaseMain$startTestSuite$0.call(Unknown Source)
	at TempTestSuite1655773944408.run(TempTestSuite1655773944408.groovy:36)]]></system-out>
      <system-err><![CDATA[2022-06-21 09:12:34 - [TEST_SUITE][FAILED] - Regress 1: Test Cases/PayBill/payBills_scheduleTransaction FAILED.
Reason:
com.kms.katalon.core.exception.StepFailedException: Element 'Object Repository/Main/mainS2UApproveBtn' not found
	at com.kms.katalon.core.keyword.internal.KeywordMain.stepFailed(KeywordMain.groovy:39)
	at com.kms.katalon.core.mobile.keyword.internal.MobileKeywordMain.stepFailed(MobileKeywordMain.groovy:40)
	at com.kms.katalon.core.mobile.keyword.builtin.VerifyElementVisibleKeyword$_verifyElementVisible_closure1.doCall(VerifyElementVisibleKeyword.groovy:82)
	at com.kms.katalon.core.mobile.keyword.builtin.VerifyElementVisibleKeyword$_verifyElementVisible_closure1.call(VerifyElementVisibleKeyword.groovy)
	at com.kms.katalon.core.mobile.keyword.internal.MobileKeywordMain.runKeyword(MobileKeywordMain.groovy:21)
	at com.kms.katalon.core.mobile.keyword.builtin.VerifyElementVisibleKeyword.verifyElementVisible(VerifyElementVisibleKeyword.groovy:85)
	at com.kms.katalon.core.mobile.keyword.builtin.VerifyElementVisibleKeyword.execute(VerifyElementVisibleKeyword.groovy:64)
	at com.kms.katalon.core.keyword.internal.KeywordExecutor.executeKeywordForPlatform(KeywordExecutor.groovy:74)
	at com.kms.katalon.core.mobile.keyword.MobileBuiltInKeywords.verifyElementVisible(MobileBuiltInKeywords.groovy:2031)
	at com.kms.katalon.core.mobile.keyword.MobileBuiltInKeywords$verifyElementVisible$12.call(Unknown Source)
	at payBills_scheduleTransaction.run(payBills_scheduleTransaction:203)
	at com.kms.katalon.core.main.ScriptEngine.run(ScriptEngine.java:194)
	at com.kms.katalon.core.main.ScriptEngine.runScriptAsRawText(ScriptEngine.java:119)
	at com.kms.katalon.core.main.TestCaseExecutor.runScript(TestCaseExecutor.java:445)
	at com.kms.katalon.core.main.TestCaseExecutor.doExecute(TestCaseExecutor.java:436)
	at com.kms.katalon.core.main.TestCaseExecutor.processExecutionPhase(TestCaseExecutor.java:415)
	at com.kms.katalon.core.main.TestCaseExecutor.accessMainPhase(TestCaseExecutor.java:407)
	at com.kms.katalon.core.main.TestCaseExecutor.execute(TestCaseExecutor.java:284)
	at com.kms.katalon.core.common.CommonExecutor.accessTestCaseMainPhase(CommonExecutor.java:65)
	at com.kms.katalon.core.main.TestSuiteExecutor.accessTestSuiteMainPhase(TestSuiteExecutor.java:144)
	at com.kms.katalon.core.main.TestSuiteExecutor.execute(TestSuiteExecutor.java:106)
	at com.kms.katalon.core.main.TestCaseMain.startTestSuite(TestCaseMain.java:185)
	at com.kms.katalon.core.main.TestCaseMain$startTestSuite$0.call(Unknown Source)
	at TempTestSuite1655773944408.run(TempTestSuite1655773944408.groovy:36)]]></system-err>
   </testsuite>
</testsuites>
