<?xml version="1.0" encoding="UTF-8"?>
<testsuites name="Regress 3" time="2276.853" tests="6" failures="3" errors="0">
   <testsuite name="Regress 3" tests="6" failures="3" errors="0" time="2276.853" skipped="0" timestamp="2022-06-23 11:16:48" hostname="a00139272 - 192.168.0.176" id="Test Suites/Regress 3">
      <properties>
         <property name="deviceName" value="Xiaomi 21061119AG (Android 11)"/>
         <property name="devicePlatform" value=""/>
         <property name="logFolder" value="/Users/a00139272/git/MAE-BAU-MY/Reports/20220623_111637/Regress 3/20220623_111638"/>
         <property name="logFiles" value="/Users/a00139272/git/MAE-BAU-MY/Reports/20220623_111637/Regress 3/20220623_111638/execution0.log, /Users/a00139272/git/MAE-BAU-MY/Reports/20220623_111637/Regress 3/20220623_111638/appium.log"/>
         <property name="attachments" value="/Users/a00139272/Desktop/Screenshot/instantIBFT.png, /Users/a00139272/Desktop/Screenshot/instantSchedule.png, /Users/a00139272/Desktop/Screenshot/instantSetFav.png, /Users/a00139272/Desktop/Screenshot/instantIBFTFav.png"/>
         <property name="hostName" value="a00139272 - 192.168.0.176"/>
         <property name="os" value="Mac OS X 64bit"/>
         <property name="appiumServerStatus" value="{&quot;value&quot;:{&quot;build&quot;:{&quot;version&quot;:&quot;1.22.1&quot;}},&quot;sessionId&quot;:null,&quot;status&quot;:0}"/>
         <property name="katalonVersion" value="8.3.5.208"/>
         <property name="deviceOS" value="Android"/>
         <property name="appiumVersion" value="1.22.1"/>
         <property name="deviceModel" value="21061119AG"/>
         <property name="hostAddress" value="192.168.0.176"/>
         <property name="deviceManufacturer" value="Xiaomi"/>
         <property name="deviceId" value="002b9cc60508"/>
         <property name="deviceName" value="Xiaomi 21061119AG (Android 11)"/>
         <property name="deviceOSVersion" value="11"/>
      </properties>
      <testcase name="Test Cases/Transfer/transfer_instantTransferIBFT" time="709.001" classname="Test Cases/Transfer/transfer_instantTransferIBFT" status="FAILED">
         <failure type="FAILED" message="Test Cases/Transfer/transfer_instantTransferIBFT FAILED.
Reason:
com.kms.katalon.core.exception.StepFailedException: Element 'Object Repository/Main/mainS2UApproveBtn' not found
	at com.kms.katalon.core.keyword.internal.KeywordMain.stepFailed(KeywordMain.groovy:39)
	at com.kms.katalon.core.mobile.keyword.internal.MobileKeywordMain.stepFailed(MobileKeywordMain.groovy:40)
	at com.kms.katalon.core.mobile.keyword.builtin.VerifyElementVisibleKeyword$_verifyElementVisible_closure1.doCall(VerifyElementVisibleKeyword.groovy:82)
	at com.kms.katalon.core.mobile.keyword.builtin.VerifyElementVisibleKeyword$_verifyElementVisible_closure1.call(VerifyElementVisibleKeyword.groovy)
	at com.kms.katalon.core.mobile.keyword.internal.MobileKeywordMain.runKeyword(MobileKeywordMain.groovy:21)
	at com.kms.katalon.core.mobile.keyword.builtin.VerifyElementVisibleKeyword.verifyElementVisible(VerifyElementVisibleKeyword.groovy:85)
	at com.kms.katalon.core.mobile.keyword.builtin.VerifyElementVisibleKeyword.execute(VerifyElementVisibleKeyword.groovy:64)
	at com.kms.katalon.core.keyword.internal.KeywordExecutor.executeKeywordForPlatform(KeywordExecutor.groovy:74)
	at com.kms.katalon.core.mobile.keyword.MobileBuiltInKeywords.verifyElementVisible(MobileBuiltInKeywords.groovy:2031)
	at com.kms.katalon.core.mobile.keyword.MobileBuiltInKeywords$verifyElementVisible$5.call(Unknown Source)
	at transfer_instantTransferIBFT.run(transfer_instantTransferIBFT:349)
	at com.kms.katalon.core.main.ScriptEngine.run(ScriptEngine.java:194)
	at com.kms.katalon.core.main.ScriptEngine.runScriptAsRawText(ScriptEngine.java:119)
	at com.kms.katalon.core.main.TestCaseExecutor.runScript(TestCaseExecutor.java:445)
	at com.kms.katalon.core.main.TestCaseExecutor.doExecute(TestCaseExecutor.java:436)
	at com.kms.katalon.core.main.TestCaseExecutor.processExecutionPhase(TestCaseExecutor.java:415)
	at com.kms.katalon.core.main.TestCaseExecutor.accessMainPhase(TestCaseExecutor.java:407)
	at com.kms.katalon.core.main.TestCaseExecutor.execute(TestCaseExecutor.java:284)
	at com.kms.katalon.core.common.CommonExecutor.accessTestCaseMainPhase(CommonExecutor.java:65)
	at com.kms.katalon.core.main.TestSuiteExecutor.accessTestSuiteMainPhase(TestSuiteExecutor.java:144)
	at com.kms.katalon.core.main.TestSuiteExecutor.execute(TestSuiteExecutor.java:106)
	at com.kms.katalon.core.main.TestCaseMain.startTestSuite(TestCaseMain.java:185)
	at com.kms.katalon.core.main.TestCaseMain$startTestSuite$0.call(Unknown Source)
	at TempTestSuite1655954198973.run(TempTestSuite1655954198973.groovy:36)
"/>
         <system-out><![CDATA[2022-06-23 11:16:48 - [TEST_CASE][FAILED] - Test Cases/Transfer/transfer_instantTransferIBFT: Test Cases/Transfer/transfer_instantTransferIBFT FAILED.
Reason:
com.kms.katalon.core.exception.StepFailedException: Element 'Object Repository/Main/mainS2UApproveBtn' not found
	at com.kms.katalon.core.keyword.internal.KeywordMain.stepFailed(KeywordMain.groovy:39)
	at com.kms.katalon.core.mobile.keyword.internal.MobileKeywordMain.stepFailed(MobileKeywordMain.groovy:40)
	at com.kms.katalon.core.mobile.keyword.builtin.VerifyElementVisibleKeyword$_verifyElementVisible_closure1.doCall(VerifyElementVisibleKeyword.groovy:82)
	at com.kms.katalon.core.mobile.keyword.builtin.VerifyElementVisibleKeyword$_verifyElementVisible_closure1.call(VerifyElementVisibleKeyword.groovy)
	at com.kms.katalon.core.mobile.keyword.internal.MobileKeywordMain.runKeyword(MobileKeywordMain.groovy:21)
	at com.kms.katalon.core.mobile.keyword.builtin.VerifyElementVisibleKeyword.verifyElementVisible(VerifyElementVisibleKeyword.groovy:85)
	at com.kms.katalon.core.mobile.keyword.builtin.VerifyElementVisibleKeyword.execute(VerifyElementVisibleKeyword.groovy:64)
	at com.kms.katalon.core.keyword.internal.KeywordExecutor.executeKeywordForPlatform(KeywordExecutor.groovy:74)
	at com.kms.katalon.core.mobile.keyword.MobileBuiltInKeywords.verifyElementVisible(MobileBuiltInKeywords.groovy:2031)
	at com.kms.katalon.core.mobile.keyword.MobileBuiltInKeywords$verifyElementVisible$5.call(Unknown Source)
	at transfer_instantTransferIBFT.run(transfer_instantTransferIBFT:349)
	at com.kms.katalon.core.main.ScriptEngine.run(ScriptEngine.java:194)
	at com.kms.katalon.core.main.ScriptEngine.runScriptAsRawText(ScriptEngine.java:119)
	at com.kms.katalon.core.main.TestCaseExecutor.runScript(TestCaseExecutor.java:445)
	at com.kms.katalon.core.main.TestCaseExecutor.doExecute(TestCaseExecutor.java:436)
	at com.kms.katalon.core.main.TestCaseExecutor.processExecutionPhase(TestCaseExecutor.java:415)
	at com.kms.katalon.core.main.TestCaseExecutor.accessMainPhase(TestCaseExecutor.java:407)
	at com.kms.katalon.core.main.TestCaseExecutor.execute(TestCaseExecutor.java:284)
	at com.kms.katalon.core.common.CommonExecutor.accessTestCaseMainPhase(CommonExecutor.java:65)
	at com.kms.katalon.core.main.TestSuiteExecutor.accessTestSuiteMainPhase(TestSuiteExecutor.java:144)
	at com.kms.katalon.core.main.TestSuiteExecutor.execute(TestSuiteExecutor.java:106)
	at com.kms.katalon.core.main.TestCaseMain.startTestSuite(TestCaseMain.java:185)
	at com.kms.katalon.core.main.TestCaseMain$startTestSuite$0.call(Unknown Source)
	at TempTestSuite1655954198973.run(TempTestSuite1655954198973.groovy:36)


2022-06-23 11:16:49 - [TEST_STEP][PASSED] - setMobileDriverPreferencesProperty("appPackage", "com.maybank2u.life.sit"): null

2022-06-23 11:16:49 - [TEST_STEP][PASSED] - setMobileDriverPreferencesProperty("appActivity", "com.maybank2u.life.MainActivity"): null

2022-06-23 11:16:49 - [TEST_STEP][PASSED] - startApplication(appPath, false): Started app at: '/Users/a00139272/Katalon Studio/MAE/androidapp/app-dev-universal-release (1).apk'

2022-06-23 11:16:49 - [MESSAGE][INFO] - User set preference: ['appWaitActivity', '*']

2022-06-23 11:16:49 - [MESSAGE][INFO] - User set preference: ['deviceId', '002b9cc60508']

2022-06-23 11:16:49 - [MESSAGE][INFO] - User set preference: ['appPackage', 'com.maybank2u.life.sit']

2022-06-23 11:16:49 - [MESSAGE][INFO] - User set preference: ['appActivity', 'com.maybank2u.life.MainActivity']

2022-06-23 11:16:49 - [MESSAGE][INFO] - Detected NodeJS location: "/usr/local/Cellar/node/17.0.1/bin/node"

2022-06-23 11:16:51 - [MESSAGE][INFO] - Appium server started on port 56,737

2022-06-23 11:17:04 - [MESSAGE][PASSED] - Started app at: '/Users/a00139272/Katalon Studio/MAE/androidapp/app-dev-universal-release (1).apk'

2022-06-23 11:17:04 - [TEST_STEP][PASSED] - start = "Starts": null

2022-06-23 11:17:04 - [TEST_STEP][PASSED] - println(start): null

2022-06-23 11:17:04 - [TEST_STEP][PASSED] - delay(5): Delayed 5 second(s)

2022-06-23 11:17:09 - [MESSAGE][PASSED] - Delayed 5 second(s)

2022-06-23 11:17:09 - [TEST_STEP][PASSED] - device_Height = getDeviceHeight(): Current device physical height is 2167

2022-06-23 11:17:10 - [MESSAGE][PASSED] - Current device physical height is 2167

2022-06-23 11:17:10 - [TEST_STEP][PASSED] - device_Width = getDeviceWidth(): Current device physical width is 1080

2022-06-23 11:17:10 - [MESSAGE][PASSED] - Current device physical width is 1080

2022-06-23 11:17:10 - [TEST_STEP][PASSED] - startX = device_Width / 3: null

2022-06-23 11:17:10 - [TEST_STEP][PASSED] - startY = device_Height * 0.97: null

2022-06-23 11:17:10 - [TEST_STEP][PASSED] - tapAtPosition(startX, startY): Tapped at [360, 2,101]

2022-06-23 11:17:10 - [MESSAGE][PASSED] - Tapped at [360, 2,101]

2022-06-23 11:17:10 - [TEST_STEP][PASSED] - if (verifyElementVisible(findTestObject("Main/mainEnterPINMessage"), 0, OPTIONAL)): null

2022-06-23 11:17:10 - [MESSAGE][WARNING] - Timeout '0' is invalid. Using default page load timeout: '40'

2022-06-23 11:17:12 - [MESSAGE][PASSED] - Element 'Object Repository/Main/mainEnterPINMessage' is visible

2022-06-23 11:17:12 - [TEST_STEP][PASSED] - tap(findTestObject("Login Onboarding/PIN1"), 0): Tapped on element 'Object Repository/Login Onboarding/PIN1'

2022-06-23 11:17:13 - [MESSAGE][WARNING] - Timeout '0' is invalid. Using default page load timeout: '40'

2022-06-23 11:17:13 - [MESSAGE][PASSED] - Tapped on element 'Object Repository/Login Onboarding/PIN1'

2022-06-23 11:17:13 - [TEST_STEP][PASSED] - tap(findTestObject("Login Onboarding/PIN1"), 0): Tapped on element 'Object Repository/Login Onboarding/PIN1'

2022-06-23 11:17:13 - [MESSAGE][WARNING] - Timeout '0' is invalid. Using default page load timeout: '40'

2022-06-23 11:17:15 - [MESSAGE][PASSED] - Tapped on element 'Object Repository/Login Onboarding/PIN1'

2022-06-23 11:17:15 - [TEST_STEP][PASSED] - tap(findTestObject("Login Onboarding/PIN1"), 0): Tapped on element 'Object Repository/Login Onboarding/PIN1'

2022-06-23 11:17:15 - [MESSAGE][WARNING] - Timeout '0' is invalid. Using default page load timeout: '40'

2022-06-23 11:17:17 - [MESSAGE][PASSED] - Tapped on element 'Object Repository/Login Onboarding/PIN1'

2022-06-23 11:17:17 - [TEST_STEP][PASSED] - tap(findTestObject("Login Onboarding/PIN1"), 0): Tapped on element 'Object Repository/Login Onboarding/PIN1'

2022-06-23 11:17:17 - [MESSAGE][WARNING] - Timeout '0' is invalid. Using default page load timeout: '40'

2022-06-23 11:17:19 - [MESSAGE][PASSED] - Tapped on element 'Object Repository/Login Onboarding/PIN1'

2022-06-23 11:17:19 - [TEST_STEP][PASSED] - tap(findTestObject("Login Onboarding/PIN1"), 0): Tapped on element 'Object Repository/Login Onboarding/PIN1'

2022-06-23 11:17:19 - [MESSAGE][WARNING] - Timeout '0' is invalid. Using default page load timeout: '40'

2022-06-23 11:17:20 - [MESSAGE][PASSED] - Tapped on element 'Object Repository/Login Onboarding/PIN1'

2022-06-23 11:17:20 - [TEST_STEP][PASSED] - tap(findTestObject("Login Onboarding/PIN2"), 0): Tapped on element 'Object Repository/Login Onboarding/PIN2'

2022-06-23 11:17:20 - [MESSAGE][WARNING] - Timeout '0' is invalid. Using default page load timeout: '40'

2022-06-23 11:17:22 - [MESSAGE][PASSED] - Tapped on element 'Object Repository/Login Onboarding/PIN2'

2022-06-23 11:17:22 - [TEST_STEP][PASSED] - delay(2): Delayed 2 second(s)

2022-06-23 11:17:24 - [MESSAGE][PASSED] - Delayed 2 second(s)

2022-06-23 11:17:24 - [TEST_STEP][PASSED] - verifyElementVisible(findTestObject("Banking/m2uAccountTypeSelection", ["text":accType]), 0): Element 'Object Repository/Banking/m2uAccountTypeSelection' is visible

2022-06-23 11:17:24 - [MESSAGE][WARNING] - Timeout '0' is invalid. Using default page load timeout: '40'

2022-06-23 11:17:33 - [MESSAGE][PASSED] - Element 'Object Repository/Banking/m2uAccountTypeSelection' is visible

2022-06-23 11:17:33 - [TEST_STEP][PASSED] - tap(findTestObject("Banking/m2uAccountTypeSelection", ["text":accType]), 0): Tapped on element 'Object Repository/Banking/m2uAccountTypeSelection'

2022-06-23 11:17:33 - [MESSAGE][WARNING] - Timeout '0' is invalid. Using default page load timeout: '40'

2022-06-23 11:17:33 - [MESSAGE][PASSED] - Tapped on element 'Object Repository/Banking/m2uAccountTypeSelection'

2022-06-23 11:17:33 - [TEST_STEP][PASSED] - delay(5): Delayed 5 second(s)

2022-06-23 11:17:38 - [MESSAGE][PASSED] - Delayed 5 second(s)

2022-06-23 11:17:38 - [TEST_STEP][PASSED] - verifyElementVisible(findTestObject("Banking/m2uAccountTransferIconSelect"), 0): Element 'Object Repository/Banking/m2uAccountTransferIconSelect' is visible

2022-06-23 11:17:38 - [MESSAGE][WARNING] - Timeout '0' is invalid. Using default page load timeout: '40'

2022-06-23 11:17:39 - [MESSAGE][PASSED] - Element 'Object Repository/Banking/m2uAccountTransferIconSelect' is visible

2022-06-23 11:17:39 - [TEST_STEP][PASSED] - tap(findTestObject("Banking/m2uAccountTransferIconSelect"), 0): Tapped on element 'Object Repository/Banking/m2uAccountTransferIconSelect'

2022-06-23 11:17:39 - [MESSAGE][WARNING] - Timeout '0' is invalid. Using default page load timeout: '40'

2022-06-23 11:17:39 - [MESSAGE][PASSED] - Tapped on element 'Object Repository/Banking/m2uAccountTransferIconSelect'

2022-06-23 11:17:39 - [TEST_STEP][PASSED] - delay(5): Delayed 5 second(s)

2022-06-23 11:17:44 - [MESSAGE][PASSED] - Delayed 5 second(s)

2022-06-23 11:17:44 - [TEST_STEP][PASSED] - if (verifyElementVisible(findTestObject("Tabung/tabungEnterPasswordTxt"), 0, OPTIONAL)): null

2022-06-23 11:17:44 - [MESSAGE][WARNING] - Timeout '0' is invalid. Using default page load timeout: '40'

2022-06-23 11:18:35 - [MESSAGE][PASSED] - Element 'Object Repository/Tabung/tabungEnterPasswordTxt' is visible

2022-06-23 11:18:35 - [TEST_STEP][PASSED] - setText(findTestObject("Tabung/tabungSignInInputPasswordField"), Password, 0): Text 'pass1234' has been set to element 'Object Repository/Tabung/tabungSignInInputPasswordField'

2022-06-23 11:18:35 - [MESSAGE][WARNING] - Timeout '0' is invalid. Using default page load timeout: '40'

2022-06-23 11:20:25 - [MESSAGE][PASSED] - Text 'pass1234' has been set to element 'Object Repository/Tabung/tabungSignInInputPasswordField'

2022-06-23 11:20:25 - [TEST_STEP][PASSED] - hideKeyboard(): Keyboard is hidden

2022-06-23 11:20:31 - [MESSAGE][PASSED] - Keyboard is hidden

2022-06-23 11:20:31 - [TEST_STEP][PASSED] - tap(findTestObject("Tabung/tabungSignInContinueBtn"), 0): Tapped on element 'Object Repository/Tabung/tabungSignInContinueBtn'

2022-06-23 11:20:31 - [MESSAGE][WARNING] - Timeout '0' is invalid. Using default page load timeout: '40'

2022-06-23 11:21:31 - [MESSAGE][PASSED] - Tapped on element 'Object Repository/Tabung/tabungSignInContinueBtn'

2022-06-23 11:21:31 - [TEST_STEP][PASSED] - println("InterBank Test Case Started"): null

2022-06-23 11:21:31 - [TEST_STEP][PASSED] - verifyElementExist(findTestObject("Banking/transferOthersTopMenuSelect"), 0): Element 'Object Repository/Banking/transferOthersTopMenuSelect' is exist

2022-06-23 11:21:31 - [MESSAGE][WARNING] - Timeout '0' is invalid. Using default page load timeout: '40'

2022-06-23 11:22:02 - [MESSAGE][PASSED] - Element 'Object Repository/Banking/transferOthersTopMenuSelect' is exist

2022-06-23 11:22:02 - [TEST_STEP][PASSED] - tap(findTestObject("Banking/transferOthersTopMenuSelect"), 0): Tapped on element 'Object Repository/Banking/transferOthersTopMenuSelect'

2022-06-23 11:22:02 - [MESSAGE][WARNING] - Timeout '0' is invalid. Using default page load timeout: '40'

2022-06-23 11:23:03 - [MESSAGE][PASSED] - Tapped on element 'Object Repository/Banking/transferOthersTopMenuSelect'

2022-06-23 11:23:03 - [TEST_STEP][PASSED] - tap(findTestObject("Banking/transferBanksIconSelect"), 0): Tapped on element 'Object Repository/Banking/transferBanksIconSelect'

2022-06-23 11:23:03 - [MESSAGE][WARNING] - Timeout '0' is invalid. Using default page load timeout: '40'

2022-06-23 11:23:56 - [MESSAGE][PASSED] - Tapped on element 'Object Repository/Banking/transferBanksIconSelect'

2022-06-23 11:23:56 - [TEST_STEP][PASSED] - scrollToText(accBank, STOP_ON_FAILURE): Scrolling to text 'PUBLIC BANK' successfully

2022-06-23 11:24:09 - [MESSAGE][PASSED] - Scrolling to text 'PUBLIC BANK' successfully

2022-06-23 11:24:09 - [TEST_STEP][PASSED] - tap(findTestObject("Banking/transferBankSelection", ["text":accBank]), 10): Tapped on element 'Object Repository/Banking/transferBankSelection'

2022-06-23 11:24:10 - [MESSAGE][PASSED] - Tapped on element 'Object Repository/Banking/transferBankSelection'

2022-06-23 11:24:10 - [TEST_STEP][PASSED] - setText(findTestObject("Banking/transferAccountNoInputField"), accountNum, 0): Text '3099117112' has been set to element 'Object Repository/Banking/transferAccountNoInputField'

2022-06-23 11:24:10 - [MESSAGE][WARNING] - Timeout '0' is invalid. Using default page load timeout: '40'

2022-06-23 11:24:13 - [MESSAGE][PASSED] - Text '3099117112' has been set to element 'Object Repository/Banking/transferAccountNoInputField'

2022-06-23 11:24:13 - [TEST_STEP][PASSED] - hideKeyboard(): Keyboard is hidden

2022-06-23 11:24:19 - [MESSAGE][PASSED] - Keyboard is hidden

2022-06-23 11:24:19 - [TEST_STEP][PASSED] - tap(findTestObject("Login Onboarding/loginExistingContinueBtn"), 0): Tapped on element 'Object Repository/Login Onboarding/loginExistingContinueBtn'

2022-06-23 11:24:19 - [MESSAGE][WARNING] - Timeout '0' is invalid. Using default page load timeout: '40'

2022-06-23 11:24:19 - [MESSAGE][PASSED] - Tapped on element 'Object Repository/Login Onboarding/loginExistingContinueBtn'

2022-06-23 11:24:19 - [TEST_STEP][PASSED] - verifyElementText(findTestObject("Transfer/transferAmounttAccNoTxt", ["accNo":accNo]), accNo): Actual text and expected text of test object 'Object Repository/Transfer/transferAmounttAccNoTxt' are matched.

2022-06-23 11:24:20 - [MESSAGE][PASSED] - Actual text and expected text of test object 'Object Repository/Transfer/transferAmounttAccNoTxt' are matched.

2022-06-23 11:24:20 - [TEST_STEP][PASSED] - verifyElementText(findTestObject("Transfer/transferAmounttAccBankTxt", ["accBank":accBank]), accBank): Actual text and expected text of test object 'Object Repository/Transfer/transferAmounttAccBankTxt' are matched.

2022-06-23 11:24:21 - [MESSAGE][PASSED] - Actual text and expected text of test object 'Object Repository/Transfer/transferAmounttAccBankTxt' are matched.

2022-06-23 11:24:21 - [TEST_STEP][PASSED] - verifyElementExist(findTestObject("Transfer/transferAmountRMTxt"), 0): Element 'Object Repository/Transfer/transferAmountRMTxt' is exist

2022-06-23 11:24:21 - [MESSAGE][WARNING] - Timeout '0' is invalid. Using default page load timeout: '40'

2022-06-23 11:24:21 - [MESSAGE][PASSED] - Element 'Object Repository/Transfer/transferAmountRMTxt' is exist

2022-06-23 11:24:21 - [TEST_STEP][PASSED] - verifyElementExist(findTestObject("Duit Now/duitNowAmountInitialValueTxt"), 0): Element 'Object Repository/Duit Now/duitNowAmountInitialValueTxt' is exist

2022-06-23 11:24:21 - [MESSAGE][WARNING] - Timeout '0' is invalid. Using default page load timeout: '40'

2022-06-23 11:24:21 - [MESSAGE][PASSED] - Element 'Object Repository/Duit Now/duitNowAmountInitialValueTxt' is exist

2022-06-23 11:24:21 - [TEST_STEP][PASSED] - verifyElementExist(findTestObject("Transfer/transferAmountEnterAmountTitleTxt"), 0): Element 'Object Repository/Transfer/transferAmountEnterAmountTitleTxt' is exist

2022-06-23 11:24:21 - [MESSAGE][WARNING] - Timeout '0' is invalid. Using default page load timeout: '40'

2022-06-23 11:24:22 - [MESSAGE][PASSED] - Element 'Object Repository/Transfer/transferAmountEnterAmountTitleTxt' is exist

2022-06-23 11:24:22 - [TEST_STEP][PASSED] - trxAmount = value: null

2022-06-23 11:24:22 - [TEST_STEP][PASSED] - length = trxAmount.length(): null

2022-06-23 11:24:22 - [TEST_STEP][PASSED] - delay(3): Delayed 3 second(s)

2022-06-23 11:24:25 - [MESSAGE][PASSED] - Delayed 3 second(s)

2022-06-23 11:24:25 - [TEST_STEP][PASSED] - tapAtPosition(startX, startY): Tapped at [360, 2,101]

2022-06-23 11:24:25 - [MESSAGE][PASSED] - Tapped at [360, 2,101]

2022-06-23 11:24:25 - [TEST_STEP][PASSED] - for ([i = 0, i < length, (i++)]): null

2022-06-23 11:24:25 - [TEST_STEP][PASSED] - if (trxAmount[i] == "0"): null

2022-06-23 11:24:25 - [TEST_STEP][PASSED] - if (trxAmount[i] == "1"): null

2022-06-23 11:24:25 - [TEST_STEP][PASSED] - if (trxAmount[i] == "2"): null

2022-06-23 11:24:25 - [TEST_STEP][PASSED] - if (trxAmount[i] == "3"): Tapped on element 'Object Repository/Login Onboarding/PIN3'

2022-06-23 11:24:25 - [TEST_STEP][PASSED] - tap(findTestObject("Login Onboarding/PIN3"), 0): Tapped on element 'Object Repository/Login Onboarding/PIN3'

2022-06-23 11:24:25 - [MESSAGE][WARNING] - Timeout '0' is invalid. Using default page load timeout: '40'

2022-06-23 11:24:26 - [MESSAGE][PASSED] - Tapped on element 'Object Repository/Login Onboarding/PIN3'

2022-06-23 11:24:26 - [TEST_STEP][PASSED] - if (trxAmount[i] == "4"): null

2022-06-23 11:24:26 - [TEST_STEP][PASSED] - if (trxAmount[i] == "5"): null

2022-06-23 11:24:26 - [TEST_STEP][PASSED] - if (trxAmount[i] == "6"): null

2022-06-23 11:24:26 - [TEST_STEP][PASSED] - if (trxAmount[i] == "7"): null

2022-06-23 11:24:26 - [TEST_STEP][PASSED] - if (trxAmount[i] == "8"): null

2022-06-23 11:24:26 - [TEST_STEP][PASSED] - if (trxAmount[i] == "9"): null

2022-06-23 11:24:26 - [TEST_STEP][PASSED] - if (trxAmount[i] == "0"): Tapped on element 'Object Repository/Login Onboarding/PIN0'

2022-06-23 11:24:26 - [TEST_STEP][PASSED] - tap(findTestObject("Login Onboarding/PIN0"), 0): Tapped on element 'Object Repository/Login Onboarding/PIN0'

2022-06-23 11:24:26 - [MESSAGE][WARNING] - Timeout '0' is invalid. Using default page load timeout: '40'

2022-06-23 11:24:27 - [MESSAGE][PASSED] - Tapped on element 'Object Repository/Login Onboarding/PIN0'

2022-06-23 11:24:27 - [TEST_STEP][PASSED] - if (trxAmount[i] == "1"): null

2022-06-23 11:24:27 - [TEST_STEP][PASSED] - if (trxAmount[i] == "2"): null

2022-06-23 11:24:27 - [TEST_STEP][PASSED] - if (trxAmount[i] == "3"): null

2022-06-23 11:24:27 - [TEST_STEP][PASSED] - if (trxAmount[i] == "4"): null

2022-06-23 11:24:27 - [TEST_STEP][PASSED] - if (trxAmount[i] == "5"): null

2022-06-23 11:24:27 - [TEST_STEP][PASSED] - if (trxAmount[i] == "6"): null

2022-06-23 11:24:27 - [TEST_STEP][PASSED] - if (trxAmount[i] == "7"): null

2022-06-23 11:24:27 - [TEST_STEP][PASSED] - if (trxAmount[i] == "8"): null

2022-06-23 11:24:27 - [TEST_STEP][PASSED] - if (trxAmount[i] == "9"): null

2022-06-23 11:24:27 - [TEST_STEP][PASSED] - if (trxAmount[i] == "0"): Tapped on element 'Object Repository/Login Onboarding/PIN0'

2022-06-23 11:24:27 - [TEST_STEP][PASSED] - tap(findTestObject("Login Onboarding/PIN0"), 0): Tapped on element 'Object Repository/Login Onboarding/PIN0'

2022-06-23 11:24:27 - [MESSAGE][WARNING] - Timeout '0' is invalid. Using default page load timeout: '40'

2022-06-23 11:24:28 - [MESSAGE][PASSED] - Tapped on element 'Object Repository/Login Onboarding/PIN0'

2022-06-23 11:24:28 - [TEST_STEP][PASSED] - if (trxAmount[i] == "1"): null

2022-06-23 11:24:28 - [TEST_STEP][PASSED] - if (trxAmount[i] == "2"): null

2022-06-23 11:24:28 - [TEST_STEP][PASSED] - if (trxAmount[i] == "3"): null

2022-06-23 11:24:28 - [TEST_STEP][PASSED] - if (trxAmount[i] == "4"): null

2022-06-23 11:24:28 - [TEST_STEP][PASSED] - if (trxAmount[i] == "5"): null

2022-06-23 11:24:28 - [TEST_STEP][PASSED] - if (trxAmount[i] == "6"): null

2022-06-23 11:24:28 - [TEST_STEP][PASSED] - if (trxAmount[i] == "7"): null

2022-06-23 11:24:28 - [TEST_STEP][PASSED] - if (trxAmount[i] == "8"): null

2022-06-23 11:24:28 - [TEST_STEP][PASSED] - if (trxAmount[i] == "9"): null

2022-06-23 11:24:28 - [TEST_STEP][PASSED] - delay(3): Delayed 3 second(s)

2022-06-23 11:24:31 - [MESSAGE][PASSED] - Delayed 3 second(s)

2022-06-23 11:24:31 - [TEST_STEP][PASSED] - verifyElementText(findTestObject("Transfer/transferAmountInputValueTxt", ["value":checkValue]), checkValue): Actual text and expected text of test object 'Object Repository/Transfer/transferAmountInputValueTxt' are matched.

2022-06-23 11:24:31 - [MESSAGE][PASSED] - Actual text and expected text of test object 'Object Repository/Transfer/transferAmountInputValueTxt' are matched.

2022-06-23 11:24:31 - [TEST_STEP][PASSED] - delay(3): Delayed 3 second(s)

2022-06-23 11:24:34 - [MESSAGE][PASSED] - Delayed 3 second(s)

2022-06-23 11:24:34 - [TEST_STEP][PASSED] - tap(findTestObject("Login Onboarding/loginPinTickBtn"), 0): Tapped on element 'Object Repository/Login Onboarding/loginPinTickBtn'

2022-06-23 11:24:34 - [MESSAGE][WARNING] - Timeout '0' is invalid. Using default page load timeout: '40'

2022-06-23 11:24:34 - [MESSAGE][PASSED] - Tapped on element 'Object Repository/Login Onboarding/loginPinTickBtn'

2022-06-23 11:24:34 - [TEST_STEP][PASSED] - delay(3): Delayed 3 second(s)

2022-06-23 11:24:37 - [MESSAGE][PASSED] - Delayed 3 second(s)

2022-06-23 11:24:37 - [TEST_STEP][PASSED] - verifyElementText(findTestObject("Transfer/transferReferenceAccNoTxt", ["accNo":accNo]), accNo): Actual text and expected text of test object 'Object Repository/Transfer/transferReferenceAccNoTxt' are matched.

2022-06-23 11:24:38 - [MESSAGE][PASSED] - Actual text and expected text of test object 'Object Repository/Transfer/transferReferenceAccNoTxt' are matched.

2022-06-23 11:24:38 - [TEST_STEP][PASSED] - verifyElementText(findTestObject("Transfer/transferReferenceAccBankTxt", ["accBank":accBank]), accBank): Actual text and expected text of test object 'Object Repository/Transfer/transferReferenceAccBankTxt' are matched.

2022-06-23 11:24:38 - [MESSAGE][PASSED] - Actual text and expected text of test object 'Object Repository/Transfer/transferReferenceAccBankTxt' are matched.

2022-06-23 11:24:38 - [TEST_STEP][PASSED] - verifyElementExist(findTestObject("Transfer/transferReferenceInputField"), 0): Element 'Object Repository/Transfer/transferReferenceInputField' is exist

2022-06-23 11:24:38 - [MESSAGE][WARNING] - Timeout '0' is invalid. Using default page load timeout: '40'

2022-06-23 11:24:38 - [MESSAGE][PASSED] - Element 'Object Repository/Transfer/transferReferenceInputField' is exist

2022-06-23 11:24:38 - [TEST_STEP][PASSED] - setText(findTestObject("Banking/transferReferenceInputField"), reference, 0): Text 'IBFTInstantTransfer' has been set to element 'Object Repository/Banking/transferReferenceInputField'

2022-06-23 11:24:38 - [MESSAGE][WARNING] - Timeout '0' is invalid. Using default page load timeout: '40'

2022-06-23 11:24:39 - [MESSAGE][PASSED] - Text 'IBFTInstantTransfer' has been set to element 'Object Repository/Banking/transferReferenceInputField'

2022-06-23 11:24:39 - [TEST_STEP][PASSED] - hideKeyboard(): Keyboard is hidden

2022-06-23 11:24:41 - [MESSAGE][PASSED] - Keyboard is hidden

2022-06-23 11:24:41 - [TEST_STEP][PASSED] - verifyElementText(findTestObject("Transfer/transferReferenceInputFieldAfter", ["reference":reference]), reference): Actual text and expected text of test object 'Object Repository/Transfer/transferReferenceInputFieldAfter' are matched.

2022-06-23 11:24:41 - [MESSAGE][PASSED] - Actual text and expected text of test object 'Object Repository/Transfer/transferReferenceInputFieldAfter' are matched.

2022-06-23 11:24:41 - [TEST_STEP][PASSED] - tap(findTestObject("Login Onboarding/loginExistingContinueBtn"), 0): Tapped on element 'Object Repository/Login Onboarding/loginExistingContinueBtn'

2022-06-23 11:24:41 - [MESSAGE][WARNING] - Timeout '0' is invalid. Using default page load timeout: '40'

2022-06-23 11:24:42 - [MESSAGE][PASSED] - Tapped on element 'Object Repository/Login Onboarding/loginExistingContinueBtn'

2022-06-23 11:24:42 - [TEST_STEP][PASSED] - verifyElementText(findTestObject("Transfer/transferReferenceAccNoTxt", ["accNo":accNo]), accNo): Actual text and expected text of test object 'Object Repository/Transfer/transferReferenceAccNoTxt' are matched.

2022-06-23 11:24:42 - [MESSAGE][PASSED] - Actual text and expected text of test object 'Object Repository/Transfer/transferReferenceAccNoTxt' are matched.

2022-06-23 11:24:42 - [TEST_STEP][PASSED] - verifyElementText(findTestObject("Transfer/transferReferenceAccBankTxt", ["accBank":accBank]), accBank): Actual text and expected text of test object 'Object Repository/Transfer/transferReferenceAccBankTxt' are matched.

2022-06-23 11:24:42 - [MESSAGE][PASSED] - Actual text and expected text of test object 'Object Repository/Transfer/transferReferenceAccBankTxt' are matched.

2022-06-23 11:24:42 - [TEST_STEP][PASSED] - delay(3): Delayed 3 second(s)

2022-06-23 11:24:45 - [MESSAGE][PASSED] - Delayed 3 second(s)

2022-06-23 11:24:45 - [TEST_STEP][PASSED] - tap(findTestObject("Banking/transferTypeDropdownSelection"), 0): Tapped on element 'Object Repository/Banking/transferTypeDropdownSelection'

2022-06-23 11:24:45 - [MESSAGE][WARNING] - Timeout '0' is invalid. Using default page load timeout: '40'

2022-06-23 11:24:49 - [MESSAGE][PASSED] - Tapped on element 'Object Repository/Banking/transferTypeDropdownSelection'

2022-06-23 11:24:49 - [TEST_STEP][PASSED] - scrollToText("Fund Transfer", STOP_ON_FAILURE): Scrolling to text 'Fund Transfer' successfully

2022-06-23 11:24:53 - [MESSAGE][PASSED] - Scrolling to text 'Fund Transfer' successfully

2022-06-23 11:24:53 - [TEST_STEP][PASSED] - tap(findTestObject("Banking/tansferTypeFundDropdownSelection"), 0): Tapped on element 'Object Repository/Banking/tansferTypeFundDropdownSelection'

2022-06-23 11:24:53 - [MESSAGE][WARNING] - Timeout '0' is invalid. Using default page load timeout: '40'

2022-06-23 11:24:53 - [MESSAGE][PASSED] - Tapped on element 'Object Repository/Banking/tansferTypeFundDropdownSelection'

2022-06-23 11:24:53 - [TEST_STEP][PASSED] - tap(findTestObject("Banking/transferModeDropdownDoneBtn"), 0): Tapped on element 'Object Repository/Banking/transferModeDropdownDoneBtn'

2022-06-23 11:24:53 - [MESSAGE][WARNING] - Timeout '0' is invalid. Using default page load timeout: '40'

2022-06-23 11:24:53 - [MESSAGE][PASSED] - Tapped on element 'Object Repository/Banking/transferModeDropdownDoneBtn'

2022-06-23 11:24:53 - [TEST_STEP][PASSED] - delay(3): Delayed 3 second(s)

2022-06-23 11:24:56 - [MESSAGE][PASSED] - Delayed 3 second(s)

2022-06-23 11:24:56 - [TEST_STEP][PASSED] - verifyElementExist(findTestObject("Transfer/instantTransferModeDuitTxt", ["mode":initialMode]), 0): Element 'Object Repository/Transfer/instantTransferModeDuitTxt' is exist

2022-06-23 11:24:56 - [MESSAGE][WARNING] - Timeout '0' is invalid. Using default page load timeout: '40'

2022-06-23 11:24:56 - [MESSAGE][PASSED] - Element 'Object Repository/Transfer/instantTransferModeDuitTxt' is exist

2022-06-23 11:24:56 - [TEST_STEP][PASSED] - verifyElementExist(findTestObject("Transfer/instantTransferModeTitleTxt"), 0): Element 'Object Repository/Transfer/instantTransferModeTitleTxt' is exist

2022-06-23 11:24:56 - [MESSAGE][WARNING] - Timeout '0' is invalid. Using default page load timeout: '40'

2022-06-23 11:24:57 - [MESSAGE][PASSED] - Element 'Object Repository/Transfer/instantTransferModeTitleTxt' is exist

2022-06-23 11:24:57 - [TEST_STEP][PASSED] - verifyElementExist(findTestObject("Transfer/instantTransferTypeFundTxt"), 0): Element 'Object Repository/Transfer/instantTransferTypeFundTxt' is exist

2022-06-23 11:24:57 - [MESSAGE][WARNING] - Timeout '0' is invalid. Using default page load timeout: '40'

2022-06-23 11:24:57 - [MESSAGE][PASSED] - Element 'Object Repository/Transfer/instantTransferTypeFundTxt' is exist

2022-06-23 11:24:57 - [TEST_STEP][PASSED] - verifyElementExist(findTestObject("Transfer/instantTransferTypeTitleTxt"), 0): Element 'Object Repository/Transfer/instantTransferTypeTitleTxt' is exist

2022-06-23 11:24:57 - [MESSAGE][WARNING] - Timeout '0' is invalid. Using default page load timeout: '40'

2022-06-23 11:24:57 - [MESSAGE][PASSED] - Element 'Object Repository/Transfer/instantTransferTypeTitleTxt' is exist

2022-06-23 11:24:57 - [TEST_STEP][PASSED] - tap(findTestObject("Login Onboarding/loginExistingContinueBtn"), 0): Tapped on element 'Object Repository/Login Onboarding/loginExistingContinueBtn'

2022-06-23 11:24:57 - [MESSAGE][WARNING] - Timeout '0' is invalid. Using default page load timeout: '40'

2022-06-23 11:24:57 - [MESSAGE][PASSED] - Tapped on element 'Object Repository/Login Onboarding/loginExistingContinueBtn'

2022-06-23 11:24:57 - [TEST_STEP][PASSED] - verifyElementText(findTestObject("Transfer/transferConfirmationTransactionDateTxt"), trxDate): Actual text and expected text of test object 'Object Repository/Transfer/transferConfirmationTransactionDateTxt' are matched.

2022-06-23 11:25:08 - [MESSAGE][PASSED] - Actual text and expected text of test object 'Object Repository/Transfer/transferConfirmationTransactionDateTxt' are matched.

2022-06-23 11:25:08 - [TEST_STEP][PASSED] - verifyElementText(findTestObject("Transfer/transferConfirmationAccountNameTxt", ["accName":accName]), accName): Actual text and expected text of test object 'Object Repository/Transfer/transferConfirmationAccountNameTxt' are matched.

2022-06-23 11:25:08 - [MESSAGE][PASSED] - Actual text and expected text of test object 'Object Repository/Transfer/transferConfirmationAccountNameTxt' are matched.

2022-06-23 11:25:08 - [TEST_STEP][PASSED] - verifyElementText(findTestObject("Transfer/transferConfirmationAccountNoTxt", ["accNo":accNo]), accNo): Actual text and expected text of test object 'Object Repository/Transfer/transferConfirmationAccountNoTxt' are matched.

2022-06-23 11:25:08 - [MESSAGE][PASSED] - Actual text and expected text of test object 'Object Repository/Transfer/transferConfirmationAccountNoTxt' are matched.

2022-06-23 11:25:08 - [TEST_STEP][PASSED] - verifyElementText(findTestObject("Transfer/transferConfirmationAmountTxt", ["amount":amount]), amount): Actual text and expected text of test object 'Object Repository/Transfer/transferConfirmationAmountTxt' are matched.

2022-06-23 11:25:09 - [MESSAGE][PASSED] - Actual text and expected text of test object 'Object Repository/Transfer/transferConfirmationAmountTxt' are matched.

2022-06-23 11:25:09 - [TEST_STEP][PASSED] - verifyElementText(findTestObject("Transfer/transferConfirmationTransactionRecRefTxt", ["reference":reference]), reference): Actual text and expected text of test object 'Object Repository/Transfer/transferConfirmationTransactionRecRefTxt' are matched.

2022-06-23 11:25:10 - [MESSAGE][PASSED] - Actual text and expected text of test object 'Object Repository/Transfer/transferConfirmationTransactionRecRefTxt' are matched.

2022-06-23 11:25:10 - [TEST_STEP][PASSED] - verifyElementText(findTestObject("Transfer/transferConfirmationTransactionBankTxt", ["accBank":accBank]), accBank): Actual text and expected text of test object 'Object Repository/Transfer/transferConfirmationTransactionBankTxt' are matched.

2022-06-23 11:25:10 - [MESSAGE][PASSED] - Actual text and expected text of test object 'Object Repository/Transfer/transferConfirmationTransactionBankTxt' are matched.

2022-06-23 11:25:10 - [TEST_STEP][PASSED] - verifyElementText(findTestObject("Transfer/transferConfirmationOptionalGreyWordTxt"), "Optional"): Actual text and expected text of test object 'Object Repository/Transfer/transferConfirmationOptionalGreyWordTxt' are matched.

2022-06-23 11:25:10 - [MESSAGE][PASSED] - Actual text and expected text of test object 'Object Repository/Transfer/transferConfirmationOptionalGreyWordTxt' are matched.

2022-06-23 11:25:10 - [TEST_STEP][PASSED] - verifyElementText(findTestObject("Transfer/instantTransferConfirmationTransactionTypeTxt"), trxType): Actual text and expected text of test object 'Object Repository/Transfer/instantTransferConfirmationTransactionTypeTxt' are matched.

2022-06-23 11:25:10 - [MESSAGE][PASSED] - Actual text and expected text of test object 'Object Repository/Transfer/instantTransferConfirmationTransactionTypeTxt' are matched.

2022-06-23 11:25:10 - [TEST_STEP][PASSED] - verifyElementText(findTestObject("Transfer/instantTransferConfirmationTransactionModeTxt", ["modeC":initialMode]), initialMode): Actual text and expected text of test object 'Object Repository/Transfer/instantTransferConfirmationTransactionModeTxt' are matched.

2022-06-23 11:25:11 - [MESSAGE][PASSED] - Actual text and expected text of test object 'Object Repository/Transfer/instantTransferConfirmationTransactionModeTxt' are matched.

2022-06-23 11:25:11 - [TEST_STEP][PASSED] - verifyElementText(findTestObject("Transfer/instantTransferConfirmationTransactionServiceTxt"), "RM 0.00"): Actual text and expected text of test object 'Object Repository/Transfer/instantTransferConfirmationTransactionServiceTxt' are matched.

2022-06-23 11:25:11 - [MESSAGE][PASSED] - Actual text and expected text of test object 'Object Repository/Transfer/instantTransferConfirmationTransactionServiceTxt' are matched.

2022-06-23 11:25:11 - [TEST_STEP][PASSED] - verifyElementExist(findTestObject("Transfer/transferConfirmationBankNameTitleTxt"), 0): Element 'Object Repository/Transfer/transferConfirmationBankNameTitleTxt' is exist

2022-06-23 11:25:11 - [MESSAGE][WARNING] - Timeout '0' is invalid. Using default page load timeout: '40'

2022-06-23 11:25:11 - [MESSAGE][PASSED] - Element 'Object Repository/Transfer/transferConfirmationBankNameTitleTxt' is exist

2022-06-23 11:25:11 - [TEST_STEP][PASSED] - verifyElementExist(findTestObject("Transfer/transferConfirmationDateTitleTxt"), 0): Element 'Object Repository/Transfer/transferConfirmationDateTitleTxt' is exist

2022-06-23 11:25:11 - [MESSAGE][WARNING] - Timeout '0' is invalid. Using default page load timeout: '40'

2022-06-23 11:25:11 - [MESSAGE][PASSED] - Element 'Object Repository/Transfer/transferConfirmationDateTitleTxt' is exist

2022-06-23 11:25:11 - [TEST_STEP][PASSED] - verifyElementExist(findTestObject("Transfer/transferConfirmationRecRefTitleTxt"), 0): Element 'Object Repository/Transfer/transferConfirmationRecRefTitleTxt' is exist

2022-06-23 11:25:12 - [MESSAGE][WARNING] - Timeout '0' is invalid. Using default page load timeout: '40'

2022-06-23 11:25:12 - [MESSAGE][PASSED] - Element 'Object Repository/Transfer/transferConfirmationRecRefTitleTxt' is exist

2022-06-23 11:25:12 - [TEST_STEP][PASSED] - verifyElementExist(findTestObject("Transfer/transferConfirmationPaymentDetailsTitleTxt"), 0): Element 'Object Repository/Transfer/transferConfirmationPaymentDetailsTitleTxt' is exist

2022-06-23 11:25:12 - [MESSAGE][WARNING] - Timeout '0' is invalid. Using default page load timeout: '40'

2022-06-23 11:25:12 - [MESSAGE][PASSED] - Element 'Object Repository/Transfer/transferConfirmationPaymentDetailsTitleTxt' is exist

2022-06-23 11:25:12 - [TEST_STEP][PASSED] - verifyElementExist(findTestObject("Transfer/instantTransferConfirmationModeTitleTxt"), 0): Element 'Object Repository/Transfer/instantTransferConfirmationModeTitleTxt' is exist

2022-06-23 11:25:12 - [MESSAGE][WARNING] - Timeout '0' is invalid. Using default page load timeout: '40'

2022-06-23 11:25:12 - [MESSAGE][PASSED] - Element 'Object Repository/Transfer/instantTransferConfirmationModeTitleTxt' is exist

2022-06-23 11:25:12 - [TEST_STEP][PASSED] - verifyElementExist(findTestObject("Transfer/instantTransferConfirmationServiceFeeTitleTxt"), 0): Element 'Object Repository/Transfer/instantTransferConfirmationServiceFeeTitleTxt' is exist

2022-06-23 11:25:12 - [MESSAGE][WARNING] - Timeout '0' is invalid. Using default page load timeout: '40'

2022-06-23 11:25:13 - [MESSAGE][PASSED] - Element 'Object Repository/Transfer/instantTransferConfirmationServiceFeeTitleTxt' is exist

2022-06-23 11:25:13 - [TEST_STEP][PASSED] - verifyElementExist(findTestObject("Transfer/instantTransferConfirmationTypeTitleTxt"), 0): Element 'Object Repository/Transfer/instantTransferConfirmationTypeTitleTxt' is exist

2022-06-23 11:25:13 - [MESSAGE][WARNING] - Timeout '0' is invalid. Using default page load timeout: '40'

2022-06-23 11:25:13 - [MESSAGE][PASSED] - Element 'Object Repository/Transfer/instantTransferConfirmationTypeTitleTxt' is exist

2022-06-23 11:25:13 - [TEST_STEP][PASSED] - verifyElementExist(findTestObject("Transfer/transferConfirmationNoteTitleTxt"), 0): Element 'Object Repository/Transfer/transferConfirmationNoteTitleTxt' is exist

2022-06-23 11:25:13 - [MESSAGE][WARNING] - Timeout '0' is invalid. Using default page load timeout: '40'

2022-06-23 11:25:13 - [MESSAGE][PASSED] - Element 'Object Repository/Transfer/transferConfirmationNoteTitleTxt' is exist

2022-06-23 11:25:13 - [TEST_STEP][PASSED] - tap(findTestObject("Transfer/transferConfirmationOptionalGreyWordTxt"), 0): Tapped on element 'Object Repository/Transfer/transferConfirmationOptionalGreyWordTxt'

2022-06-23 11:25:13 - [MESSAGE][WARNING] - Timeout '0' is invalid. Using default page load timeout: '40'

2022-06-23 11:25:14 - [MESSAGE][PASSED] - Tapped on element 'Object Repository/Transfer/transferConfirmationOptionalGreyWordTxt'

2022-06-23 11:25:14 - [TEST_STEP][PASSED] - setText(findTestObject("Transfer/transferConfirmationDetailsInputField"), details, 0): Text 'Test' has been set to element 'Object Repository/Transfer/transferConfirmationDetailsInputField'

2022-06-23 11:25:14 - [MESSAGE][WARNING] - Timeout '0' is invalid. Using default page load timeout: '40'

2022-06-23 11:25:16 - [MESSAGE][PASSED] - Text 'Test' has been set to element 'Object Repository/Transfer/transferConfirmationDetailsInputField'

2022-06-23 11:25:16 - [TEST_STEP][PASSED] - hideKeyboard(): Keyboard is hidden

2022-06-23 11:25:19 - [MESSAGE][PASSED] - Keyboard is hidden

2022-06-23 11:25:19 - [TEST_STEP][PASSED] - verifyElementText(findTestObject("Transfer/transferConfirmationOptionalGreyWordTxt"), details): Actual text and expected text of test object 'Object Repository/Transfer/transferConfirmationOptionalGreyWordTxt' are matched.

2022-06-23 11:25:19 - [MESSAGE][PASSED] - Actual text and expected text of test object 'Object Repository/Transfer/transferConfirmationOptionalGreyWordTxt' are matched.

2022-06-23 11:25:19 - [TEST_STEP][PASSED] - device_Height_2 = getDeviceHeight(): Current device physical height is 2167

2022-06-23 11:25:19 - [MESSAGE][PASSED] - Current device physical height is 2167

2022-06-23 11:25:19 - [TEST_STEP][PASSED] - device_Width_2 = getDeviceWidth(): Current device physical width is 1080

2022-06-23 11:25:20 - [MESSAGE][PASSED] - Current device physical width is 1080

2022-06-23 11:25:20 - [TEST_STEP][PASSED] - startX_2 = device_Width_2 / 2: null

2022-06-23 11:25:20 - [TEST_STEP][PASSED] - endX_2 = startX_2: null

2022-06-23 11:25:20 - [TEST_STEP][PASSED] - startY_2 = device_Height_2 * 0.30: null

2022-06-23 11:25:20 - [TEST_STEP][PASSED] - endY_2 = device_Height_2 * 0.70: null

2022-06-23 11:25:20 - [TEST_STEP][PASSED] - swipe(startX_2, endY_2, endX_2, startY_2): Swiped from 540,1,516 to 540,650

2022-06-23 11:25:21 - [MESSAGE][PASSED] - Swiped from 540,1,516 to 540,650

2022-06-23 11:25:21 - [TEST_STEP][PASSED] - verifyElementExist(findTestObject("Transfer/instantTransferConfirmationNotes1Txt"), 0): Element 'Object Repository/Transfer/instantTransferConfirmationNotes1Txt' is exist

2022-06-23 11:25:21 - [MESSAGE][WARNING] - Timeout '0' is invalid. Using default page load timeout: '40'

2022-06-23 11:25:22 - [MESSAGE][PASSED] - Element 'Object Repository/Transfer/instantTransferConfirmationNotes1Txt' is exist

2022-06-23 11:25:22 - [TEST_STEP][PASSED] - verifyElementExist(findTestObject("Transfer/transferConfirmationFTransferFromTitleTxt"), 0): Element 'Object Repository/Transfer/transferConfirmationFTransferFromTitleTxt' is exist

2022-06-23 11:25:22 - [MESSAGE][WARNING] - Timeout '0' is invalid. Using default page load timeout: '40'

2022-06-23 11:25:22 - [MESSAGE][PASSED] - Element 'Object Repository/Transfer/transferConfirmationFTransferFromTitleTxt' is exist

2022-06-23 11:25:22 - [TEST_STEP][PASSED] - verifyElementExist(findTestObject("Transfer/instantTransferConfirmationNotes2Txt"), 0): Element 'Object Repository/Transfer/instantTransferConfirmationNotes2Txt' is exist

2022-06-23 11:25:22 - [MESSAGE][WARNING] - Timeout '0' is invalid. Using default page load timeout: '40'

2022-06-23 11:25:22 - [MESSAGE][PASSED] - Element 'Object Repository/Transfer/instantTransferConfirmationNotes2Txt' is exist

2022-06-23 11:25:22 - [TEST_STEP][PASSED] - verifyElementText(findTestObject("Transfer/transferConfirmationFromAccTypeTxt", ["accType":accType]), accType): Actual text and expected text of test object 'Object Repository/Transfer/transferConfirmationFromAccTypeTxt' are matched.

2022-06-23 11:25:23 - [MESSAGE][PASSED] - Actual text and expected text of test object 'Object Repository/Transfer/transferConfirmationFromAccTypeTxt' are matched.

2022-06-23 11:25:23 - [TEST_STEP][PASSED] - verifyElementText(findTestObject("Transfer/transferConfirmationFromAccNoTxt", ["accNoFrom":accNoFrom]), accNoFrom): Actual text and expected text of test object 'Object Repository/Transfer/transferConfirmationFromAccNoTxt' are matched.

2022-06-23 11:25:23 - [MESSAGE][PASSED] - Actual text and expected text of test object 'Object Repository/Transfer/transferConfirmationFromAccNoTxt' are matched.

2022-06-23 11:25:23 - [TEST_STEP][PASSED] - verifyElementExist(findTestObject("Transfer/transferConfirmationFromAccBalanceTxt"), 0): Element 'Object Repository/Transfer/transferConfirmationFromAccBalanceTxt' is exist

2022-06-23 11:25:23 - [MESSAGE][WARNING] - Timeout '0' is invalid. Using default page load timeout: '40'

2022-06-23 11:25:23 - [MESSAGE][PASSED] - Element 'Object Repository/Transfer/transferConfirmationFromAccBalanceTxt' is exist

2022-06-23 11:25:23 - [TEST_STEP][PASSED] - accountBalance = getText(findTestObject("Transfer/transferConfirmationFromAccBalanceTxt"), 0): Text of element 'Object Repository/Transfer/transferConfirmationFromAccBalanceTxt' is: 'RM 2,412.88'

2022-06-23 11:25:23 - [MESSAGE][WARNING] - Timeout '0' is invalid. Using default page load timeout: '40'

2022-06-23 11:25:24 - [MESSAGE][PASSED] - Text of element 'Object Repository/Transfer/transferConfirmationFromAccBalanceTxt' is: 'RM 2,412.88'

2022-06-23 11:25:24 - [TEST_STEP][PASSED] - println(accountBalance): null

2022-06-23 11:25:24 - [TEST_STEP][PASSED] - tap(findTestObject("Main/mainTransferNowBtn"), 0): Tapped on element 'Object Repository/Main/mainTransferNowBtn'

2022-06-23 11:25:24 - [MESSAGE][WARNING] - Timeout '0' is invalid. Using default page load timeout: '40'

2022-06-23 11:25:24 - [MESSAGE][PASSED] - Tapped on element 'Object Repository/Main/mainTransferNowBtn'

2022-06-23 11:25:24 - [TEST_STEP][FAILED] - if (value <= limit): null

2022-06-23 11:25:24 - [TEST_STEP][PASSED] - if (verifyElementVisible(findTestObject("Festive Season/seasonalGreetingAngpaoTACNoTxt"), 10, OPTIONAL)): Element 'Object Repository/Festive Season/seasonalGreetingAngpaoTACNoTxt' not found

2022-06-23 11:25:34 - [MESSAGE][WARNING] - Element 'Object Repository/Festive Season/seasonalGreetingAngpaoTACNoTxt' not found

2022-06-23 11:25:34 - [TEST_STEP][FAILED] - else: null

2022-06-23 11:25:34 - [TEST_STEP][PASSED] - delay(3): Delayed 3 second(s)

2022-06-23 11:25:37 - [MESSAGE][PASSED] - Delayed 3 second(s)

2022-06-23 11:25:37 - [TEST_STEP][FAILED] - verifyElementVisible(findTestObject("Main/mainS2UApproveBtn"), 0): Element 'Object Repository/Main/mainS2UApproveBtn' not found

2022-06-23 11:25:37 - [MESSAGE][WARNING] - Timeout '0' is invalid. Using default page load timeout: '40'

2022-06-23 11:26:17 - [MESSAGE][FAILED] - Element 'Object Repository/Main/mainS2UApproveBtn' not found

2022-06-23 11:26:17 - [TEST_STEP][FAILED] - tap(findTestObject("Main/mainS2UApproveBtn"), 0): Object Object Repository/Main/mainS2UApproveBtn not found

2022-06-23 11:26:17 - [MESSAGE][WARNING] - Timeout '0' is invalid. Using default page load timeout: '40'

2022-06-23 11:26:57 - [MESSAGE][FAILED] - Object Object Repository/Main/mainS2UApproveBtn not found

2022-06-23 11:26:57 - [TEST_STEP][PASSED] - delay(5): Delayed 5 second(s)

2022-06-23 11:27:02 - [MESSAGE][PASSED] - Delayed 5 second(s)

2022-06-23 11:27:02 - [TEST_STEP][PASSED] - verifyElementExist(findTestObject("Festive Season/returnAngpaoStatusMessageTxt"), 0): Element 'Object Repository/Festive Season/returnAngpaoStatusMessageTxt' is exist

2022-06-23 11:27:02 - [MESSAGE][WARNING] - Timeout '0' is invalid. Using default page load timeout: '40'

2022-06-23 11:27:02 - [MESSAGE][PASSED] - Element 'Object Repository/Festive Season/returnAngpaoStatusMessageTxt' is exist

2022-06-23 11:27:02 - [TEST_STEP][PASSED] - message = getText(findTestObject("Festive Season/returnAngpaoStatusMessageTxt"), 10): Text of element 'Object Repository/Festive Season/returnAngpaoStatusMessageTxt' is: 'Transfer successful'

2022-06-23 11:27:02 - [MESSAGE][PASSED] - Text of element 'Object Repository/Festive Season/returnAngpaoStatusMessageTxt' is: 'Transfer successful'

2022-06-23 11:27:02 - [TEST_STEP][PASSED] - println(message): null

2022-06-23 11:27:02 - [TEST_STEP][PASSED] - delay(5): Delayed 5 second(s)

2022-06-23 11:27:07 - [MESSAGE][PASSED] - Delayed 5 second(s)

2022-06-23 11:27:07 - [TEST_STEP][PASSED] - if (value > limit): null

2022-06-23 11:27:07 - [TEST_STEP][PASSED] - else: Element 'Object Repository/Transfer/transferSummaryShareReceiptBtn' is exist

2022-06-23 11:27:07 - [TEST_STEP][PASSED] - verifyElementExist(findTestObject("Transfer/transferSummaryDateTimeTitleTxt"), 0): Element 'Object Repository/Transfer/transferSummaryDateTimeTitleTxt' is exist

2022-06-23 11:27:08 - [MESSAGE][WARNING] - Timeout '0' is invalid. Using default page load timeout: '40'

2022-06-23 11:27:08 - [MESSAGE][PASSED] - Element 'Object Repository/Transfer/transferSummaryDateTimeTitleTxt' is exist

2022-06-23 11:27:08 - [TEST_STEP][PASSED] - verifyElementExist(findTestObject("Transfer/transferSummaryRefIDTitleTxt"), 0): Element 'Object Repository/Transfer/transferSummaryRefIDTitleTxt' is exist

2022-06-23 11:27:08 - [MESSAGE][WARNING] - Timeout '0' is invalid. Using default page load timeout: '40'

2022-06-23 11:27:08 - [MESSAGE][PASSED] - Element 'Object Repository/Transfer/transferSummaryRefIDTitleTxt' is exist

2022-06-23 11:27:08 - [TEST_STEP][PASSED] - verifyElementExist(findTestObject("Transfer/transferSummaryShareReceiptBtn"), 0): Element 'Object Repository/Transfer/transferSummaryShareReceiptBtn' is exist

2022-06-23 11:27:08 - [MESSAGE][WARNING] - Timeout '0' is invalid. Using default page load timeout: '40'

2022-06-23 11:27:08 - [MESSAGE][PASSED] - Element 'Object Repository/Transfer/transferSummaryShareReceiptBtn' is exist

2022-06-23 11:27:08 - [TEST_STEP][PASSED] - delay(5): Delayed 5 second(s)

2022-06-23 11:27:13 - [MESSAGE][PASSED] - Delayed 5 second(s)

2022-06-23 11:27:13 - [TEST_STEP][PASSED] - referenceID = getText(findTestObject("Send Request Money/requestMoneyPaySummaryRefIDTxt"), 0): Text of element 'Object Repository/Send Request Money/requestMoneyPaySummaryRefIDTxt' is: '181582237M'

2022-06-23 11:27:13 - [MESSAGE][WARNING] - Timeout '0' is invalid. Using default page load timeout: '40'

2022-06-23 11:27:13 - [MESSAGE][PASSED] - Text of element 'Object Repository/Send Request Money/requestMoneyPaySummaryRefIDTxt' is: '181582237M'

2022-06-23 11:27:13 - [TEST_STEP][PASSED] - println(referenceID): null

2022-06-23 11:27:13 - [TEST_STEP][PASSED] - test = dataFolder: null

2022-06-23 11:27:13 - [TEST_STEP][PASSED] - sheetName = "Sheet1": null

2022-06-23 11:27:13 - [TEST_STEP][PASSED] - file1 = new java.io.File(test): null

2022-06-23 11:27:13 - [TEST_STEP][PASSED] - assert file1.exists() == true: null

2022-06-23 11:27:13 - [TEST_STEP][PASSED] - woorkbook1 = getWorkbook(test): null

2022-06-23 11:27:14 - [TEST_STEP][PASSED] - sheet1 = getExcelSheet(woorkbook1, sheetName): null

2022-06-23 11:27:14 - [TEST_STEP][PASSED] - setValueToCellByIndex(sheet1, 3, 1, referenceID): null

2022-06-23 11:27:14 - [TEST_STEP][PASSED] - saveWorkbook(test, woorkbook1): null

2022-06-23 11:27:14 - [TEST_STEP][PASSED] - delay(3): Delayed 3 second(s)

2022-06-23 11:27:17 - [MESSAGE][PASSED] - Delayed 3 second(s)

2022-06-23 11:27:17 - [TEST_STEP][PASSED] - verifyElementVisible(findTestObject("Main/mainDoneBtn"), 0): Element 'Object Repository/Main/mainDoneBtn' is visible

2022-06-23 11:27:17 - [MESSAGE][WARNING] - Timeout '0' is invalid. Using default page load timeout: '40'

2022-06-23 11:27:17 - [MESSAGE][PASSED] - Element 'Object Repository/Main/mainDoneBtn' is visible

2022-06-23 11:27:17 - [TEST_STEP][PASSED] - takeScreenshot("/Users/a00139272/Desktop/Screenshot/instantIBFT.png"): Screenshot is taken

2022-06-23 11:27:18 - [MESSAGE][PASSED] - Screenshot is taken
[[ATTACHMENT|/Users/a00139272/Desktop/Screenshot/instantIBFT.png]]

2022-06-23 11:27:18 - [TEST_STEP][PASSED] - tap(findTestObject("Main/mainDoneBtn"), 0): Tapped on element 'Object Repository/Main/mainDoneBtn'

2022-06-23 11:27:18 - [MESSAGE][WARNING] - Timeout '0' is invalid. Using default page load timeout: '40'

2022-06-23 11:27:19 - [MESSAGE][PASSED] - Tapped on element 'Object Repository/Main/mainDoneBtn'

2022-06-23 11:27:19 - [TEST_STEP][FAILED] - if (value < limit): null

2022-06-23 11:27:19 - [TEST_STEP][PASSED] - delay(5): Delayed 5 second(s)

2022-06-23 11:27:24 - [MESSAGE][PASSED] - Delayed 5 second(s)

2022-06-23 11:27:24 - [TEST_STEP][PASSED] - tap(findTestObject("Main/mainTopLeftBackButton"), 0): Tapped on element 'Object Repository/Main/mainTopLeftBackButton'

2022-06-23 11:27:24 - [MESSAGE][WARNING] - Timeout '0' is invalid. Using default page load timeout: '40'

2022-06-23 11:27:24 - [MESSAGE][PASSED] - Tapped on element 'Object Repository/Main/mainTopLeftBackButton'

2022-06-23 11:27:24 - [TEST_STEP][PASSED] - delay(5): Delayed 5 second(s)

2022-06-23 11:27:29 - [MESSAGE][PASSED] - Delayed 5 second(s)

2022-06-23 11:27:29 - [TEST_STEP][FAILED] - verifyElementVisible(findTestObject("Banking/m2uAccountTypeSelection", ["text":accType]), 0): Element 'Object Repository/Banking/m2uAccountTypeSelection' not found

2022-06-23 11:27:29 - [MESSAGE][WARNING] - Timeout '0' is invalid. Using default page load timeout: '40'

2022-06-23 11:28:12 - [MESSAGE][FAILED] - Element 'Object Repository/Banking/m2uAccountTypeSelection' not found

2022-06-23 11:28:12 - [TEST_STEP][FAILED] - tap(findTestObject("Banking/m2uAccountTypeSelection", ["text":accType]), 10): Object Object Repository/Banking/m2uAccountTypeSelection not found

2022-06-23 11:28:22 - [MESSAGE][FAILED] - Object Object Repository/Banking/m2uAccountTypeSelection not found

2022-06-23 11:28:22 - [TEST_STEP][PASSED] - delay(5): Delayed 5 second(s)

2022-06-23 11:28:27 - [MESSAGE][PASSED] - Delayed 5 second(s)

2022-06-23 11:28:27 - [TEST_STEP][PASSED] - afterBalance = getText(findTestObject("Main/mainAccountsBalanceTxt"), 0): Text of element 'Object Repository/Main/mainAccountsBalanceTxt' is: 'RM 2,409.88'

2022-06-23 11:28:27 - [MESSAGE][WARNING] - Timeout '0' is invalid. Using default page load timeout: '40'

2022-06-23 11:28:32 - [MESSAGE][PASSED] - Text of element 'Object Repository/Main/mainAccountsBalanceTxt' is: 'RM 2,409.88'

2022-06-23 11:28:32 - [TEST_STEP][PASSED] - newAfterBalance = afterBalance.replaceAll("[^0-9.]", ""): null

2022-06-23 11:28:32 - [TEST_STEP][PASSED] - newAccountBalance = accountBalance.replaceAll("[^0-9.]", ""): null

2022-06-23 11:28:32 - [TEST_STEP][PASSED] - newAfterBalanceF = Float.parseFloat(newAfterBalance): null

2022-06-23 11:28:32 - [TEST_STEP][PASSED] - newAccountBalanceF = Float.parseFloat(newAccountBalance): null

2022-06-23 11:28:32 - [TEST_STEP][PASSED] - println(afterBalance): null

2022-06-23 11:28:32 - [TEST_STEP][PASSED] - println(accountBalance): null

2022-06-23 11:28:32 - [TEST_STEP][PASSED] - println(newAfterBalance): null

2022-06-23 11:28:32 - [TEST_STEP][PASSED] - println(newAccountBalance): null

2022-06-23 11:28:32 - [TEST_STEP][PASSED] - value_1 = checkValue: null

2022-06-23 11:28:32 - [TEST_STEP][PASSED] - value_2 = value_1.replaceAll("[^0-9.]", ""): null

2022-06-23 11:28:32 - [TEST_STEP][PASSED] - newValue = Float.parseFloat(value_2): null

2022-06-23 11:28:32 - [TEST_STEP][PASSED] - newBalance = newAccountBalanceF - newValue: null

2022-06-23 11:28:32 - [TEST_STEP][PASSED] - println(newBalance): null

2022-06-23 11:28:32 - [TEST_STEP][PASSED] - assert newBalance.round(2) == newAfterBalanceF: null

2022-06-23 11:28:32 - [TEST_STEP][PASSED] - delay(5): Delayed 5 second(s)

2022-06-23 11:28:37 - [MESSAGE][PASSED] - Delayed 5 second(s)]]></system-out>
         <system-err><![CDATA[2022-06-23 11:16:48 - [TEST_CASE][FAILED] - Test Cases/Transfer/transfer_instantTransferIBFT: Test Cases/Transfer/transfer_instantTransferIBFT FAILED.
Reason:
com.kms.katalon.core.exception.StepFailedException: Element 'Object Repository/Main/mainS2UApproveBtn' not found
	at com.kms.katalon.core.keyword.internal.KeywordMain.stepFailed(KeywordMain.groovy:39)
	at com.kms.katalon.core.mobile.keyword.internal.MobileKeywordMain.stepFailed(MobileKeywordMain.groovy:40)
	at com.kms.katalon.core.mobile.keyword.builtin.VerifyElementVisibleKeyword$_verifyElementVisible_closure1.doCall(VerifyElementVisibleKeyword.groovy:82)
	at com.kms.katalon.core.mobile.keyword.builtin.VerifyElementVisibleKeyword$_verifyElementVisible_closure1.call(VerifyElementVisibleKeyword.groovy)
	at com.kms.katalon.core.mobile.keyword.internal.MobileKeywordMain.runKeyword(MobileKeywordMain.groovy:21)
	at com.kms.katalon.core.mobile.keyword.builtin.VerifyElementVisibleKeyword.verifyElementVisible(VerifyElementVisibleKeyword.groovy:85)
	at com.kms.katalon.core.mobile.keyword.builtin.VerifyElementVisibleKeyword.execute(VerifyElementVisibleKeyword.groovy:64)
	at com.kms.katalon.core.keyword.internal.KeywordExecutor.executeKeywordForPlatform(KeywordExecutor.groovy:74)
	at com.kms.katalon.core.mobile.keyword.MobileBuiltInKeywords.verifyElementVisible(MobileBuiltInKeywords.groovy:2031)
	at com.kms.katalon.core.mobile.keyword.MobileBuiltInKeywords$verifyElementVisible$5.call(Unknown Source)
	at transfer_instantTransferIBFT.run(transfer_instantTransferIBFT:349)
	at com.kms.katalon.core.main.ScriptEngine.run(ScriptEngine.java:194)
	at com.kms.katalon.core.main.ScriptEngine.runScriptAsRawText(ScriptEngine.java:119)
	at com.kms.katalon.core.main.TestCaseExecutor.runScript(TestCaseExecutor.java:445)
	at com.kms.katalon.core.main.TestCaseExecutor.doExecute(TestCaseExecutor.java:436)
	at com.kms.katalon.core.main.TestCaseExecutor.processExecutionPhase(TestCaseExecutor.java:415)
	at com.kms.katalon.core.main.TestCaseExecutor.accessMainPhase(TestCaseExecutor.java:407)
	at com.kms.katalon.core.main.TestCaseExecutor.execute(TestCaseExecutor.java:284)
	at com.kms.katalon.core.common.CommonExecutor.accessTestCaseMainPhase(CommonExecutor.java:65)
	at com.kms.katalon.core.main.TestSuiteExecutor.accessTestSuiteMainPhase(TestSuiteExecutor.java:144)
	at com.kms.katalon.core.main.TestSuiteExecutor.execute(TestSuiteExecutor.java:106)
	at com.kms.katalon.core.main.TestCaseMain.startTestSuite(TestCaseMain.java:185)
	at com.kms.katalon.core.main.TestCaseMain$startTestSuite$0.call(Unknown Source)
	at TempTestSuite1655954198973.run(TempTestSuite1655954198973.groovy:36)]]></system-err>
      </testcase>
      <testcase name="Test Cases/Transfer/transfer_instantTransferIBG" time="325.919" classname="Test Cases/Transfer/transfer_instantTransferIBG" status="FAILED">
         <failure type="FAILED" message="Test Cases/Transfer/transfer_instantTransferIBG FAILED.
Reason:
com.kms.katalon.core.exception.StepFailedException: Object Object Repository/Main/mainOTPTickBtn not found
	at com.kms.katalon.core.keyword.internal.KeywordMain.stepFailed(KeywordMain.groovy:39)
	at com.kms.katalon.core.mobile.keyword.internal.MobileKeywordMain.stepFailed(MobileKeywordMain.groovy:40)
	at com.kms.katalon.core.mobile.keyword.builtin.TapKeyword$_tap_closure1.doCall(TapKeyword.groovy:79)
	at com.kms.katalon.core.mobile.keyword.builtin.TapKeyword$_tap_closure1.call(TapKeyword.groovy)
	at com.kms.katalon.core.mobile.keyword.internal.MobileKeywordMain.runKeyword(MobileKeywordMain.groovy:21)
	at com.kms.katalon.core.mobile.keyword.builtin.TapKeyword.tap(TapKeyword.groovy:84)
	at com.kms.katalon.core.mobile.keyword.builtin.TapKeyword.execute(TapKeyword.groovy:68)
	at com.kms.katalon.core.keyword.internal.KeywordExecutor.executeKeywordForPlatform(KeywordExecutor.groovy:74)
	at com.kms.katalon.core.mobile.keyword.MobileBuiltInKeywords.tap(MobileBuiltInKeywords.groovy:1490)
	at com.kms.katalon.core.mobile.keyword.MobileBuiltInKeywords$tap$4.call(Unknown Source)
	at transfer_instantTransferIBG.run(transfer_instantTransferIBG:377)
	at com.kms.katalon.core.main.ScriptEngine.run(ScriptEngine.java:194)
	at com.kms.katalon.core.main.ScriptEngine.runScriptAsRawText(ScriptEngine.java:119)
	at com.kms.katalon.core.main.TestCaseExecutor.runScript(TestCaseExecutor.java:445)
	at com.kms.katalon.core.main.TestCaseExecutor.doExecute(TestCaseExecutor.java:436)
	at com.kms.katalon.core.main.TestCaseExecutor.processExecutionPhase(TestCaseExecutor.java:415)
	at com.kms.katalon.core.main.TestCaseExecutor.accessMainPhase(TestCaseExecutor.java:407)
	at com.kms.katalon.core.main.TestCaseExecutor.execute(TestCaseExecutor.java:284)
	at com.kms.katalon.core.common.CommonExecutor.accessTestCaseMainPhase(CommonExecutor.java:65)
	at com.kms.katalon.core.main.TestSuiteExecutor.accessTestSuiteMainPhase(TestSuiteExecutor.java:144)
	at com.kms.katalon.core.main.TestSuiteExecutor.execute(TestSuiteExecutor.java:106)
	at com.kms.katalon.core.main.TestCaseMain.startTestSuite(TestCaseMain.java:185)
	at com.kms.katalon.core.main.TestCaseMain$startTestSuite$0.call(Unknown Source)
	at TempTestSuite1655954198973.run(TempTestSuite1655954198973.groovy:36)
"/>
         <system-out><![CDATA[2022-06-23 11:28:37 - [TEST_CASE][FAILED] - Test Cases/Transfer/transfer_instantTransferIBG: Test Cases/Transfer/transfer_instantTransferIBG FAILED.
Reason:
com.kms.katalon.core.exception.StepFailedException: Object Object Repository/Main/mainOTPTickBtn not found
	at com.kms.katalon.core.keyword.internal.KeywordMain.stepFailed(KeywordMain.groovy:39)
	at com.kms.katalon.core.mobile.keyword.internal.MobileKeywordMain.stepFailed(MobileKeywordMain.groovy:40)
	at com.kms.katalon.core.mobile.keyword.builtin.TapKeyword$_tap_closure1.doCall(TapKeyword.groovy:79)
	at com.kms.katalon.core.mobile.keyword.builtin.TapKeyword$_tap_closure1.call(TapKeyword.groovy)
	at com.kms.katalon.core.mobile.keyword.internal.MobileKeywordMain.runKeyword(MobileKeywordMain.groovy:21)
	at com.kms.katalon.core.mobile.keyword.builtin.TapKeyword.tap(TapKeyword.groovy:84)
	at com.kms.katalon.core.mobile.keyword.builtin.TapKeyword.execute(TapKeyword.groovy:68)
	at com.kms.katalon.core.keyword.internal.KeywordExecutor.executeKeywordForPlatform(KeywordExecutor.groovy:74)
	at com.kms.katalon.core.mobile.keyword.MobileBuiltInKeywords.tap(MobileBuiltInKeywords.groovy:1490)
	at com.kms.katalon.core.mobile.keyword.MobileBuiltInKeywords$tap$4.call(Unknown Source)
	at transfer_instantTransferIBG.run(transfer_instantTransferIBG:377)
	at com.kms.katalon.core.main.ScriptEngine.run(ScriptEngine.java:194)
	at com.kms.katalon.core.main.ScriptEngine.runScriptAsRawText(ScriptEngine.java:119)
	at com.kms.katalon.core.main.TestCaseExecutor.runScript(TestCaseExecutor.java:445)
	at com.kms.katalon.core.main.TestCaseExecutor.doExecute(TestCaseExecutor.java:436)
	at com.kms.katalon.core.main.TestCaseExecutor.processExecutionPhase(TestCaseExecutor.java:415)
	at com.kms.katalon.core.main.TestCaseExecutor.accessMainPhase(TestCaseExecutor.java:407)
	at com.kms.katalon.core.main.TestCaseExecutor.execute(TestCaseExecutor.java:284)
	at com.kms.katalon.core.common.CommonExecutor.accessTestCaseMainPhase(CommonExecutor.java:65)
	at com.kms.katalon.core.main.TestSuiteExecutor.accessTestSuiteMainPhase(TestSuiteExecutor.java:144)
	at com.kms.katalon.core.main.TestSuiteExecutor.execute(TestSuiteExecutor.java:106)
	at com.kms.katalon.core.main.TestCaseMain.startTestSuite(TestCaseMain.java:185)
	at com.kms.katalon.core.main.TestCaseMain$startTestSuite$0.call(Unknown Source)
	at TempTestSuite1655954198973.run(TempTestSuite1655954198973.groovy:36)


2022-06-23 11:28:38 - [TEST_STEP][PASSED] - delay(5): Delayed 5 second(s)

2022-06-23 11:28:43 - [MESSAGE][PASSED] - Delayed 5 second(s)

2022-06-23 11:28:43 - [TEST_STEP][PASSED] - device_Height = getDeviceHeight(): Current device physical height is 2167

2022-06-23 11:28:43 - [MESSAGE][PASSED] - Current device physical height is 2167

2022-06-23 11:28:43 - [TEST_STEP][PASSED] - device_Width = getDeviceWidth(): Current device physical width is 1080

2022-06-23 11:28:43 - [MESSAGE][PASSED] - Current device physical width is 1080

2022-06-23 11:28:43 - [TEST_STEP][PASSED] - startX = device_Width / 3: null

2022-06-23 11:28:43 - [TEST_STEP][PASSED] - startY = device_Height * 0.97: null

2022-06-23 11:28:43 - [TEST_STEP][PASSED] - verifyElementVisible(findTestObject("Banking/m2uAccountTransferIconSelect"), 0): Element 'Object Repository/Banking/m2uAccountTransferIconSelect' is visible

2022-06-23 11:28:43 - [MESSAGE][WARNING] - Timeout '0' is invalid. Using default page load timeout: '40'

2022-06-23 11:28:44 - [MESSAGE][PASSED] - Element 'Object Repository/Banking/m2uAccountTransferIconSelect' is visible

2022-06-23 11:28:44 - [TEST_STEP][PASSED] - tap(findTestObject("Banking/m2uAccountTransferIconSelect"), 0): Tapped on element 'Object Repository/Banking/m2uAccountTransferIconSelect'

2022-06-23 11:28:44 - [MESSAGE][WARNING] - Timeout '0' is invalid. Using default page load timeout: '40'

2022-06-23 11:28:44 - [MESSAGE][PASSED] - Tapped on element 'Object Repository/Banking/m2uAccountTransferIconSelect'

2022-06-23 11:28:44 - [TEST_STEP][PASSED] - delay(5): Delayed 5 second(s)

2022-06-23 11:28:49 - [MESSAGE][PASSED] - Delayed 5 second(s)

2022-06-23 11:28:49 - [TEST_STEP][PASSED] - println("InterBank Test Case Started"): null

2022-06-23 11:28:49 - [TEST_STEP][PASSED] - verifyElementExist(findTestObject("Banking/transferOthersTopMenuSelect"), 0): Element 'Object Repository/Banking/transferOthersTopMenuSelect' is exist

2022-06-23 11:28:49 - [MESSAGE][WARNING] - Timeout '0' is invalid. Using default page load timeout: '40'

2022-06-23 11:29:20 - [MESSAGE][PASSED] - Element 'Object Repository/Banking/transferOthersTopMenuSelect' is exist

2022-06-23 11:29:20 - [TEST_STEP][PASSED] - tap(findTestObject("Banking/transferOthersTopMenuSelect"), 0): Tapped on element 'Object Repository/Banking/transferOthersTopMenuSelect'

2022-06-23 11:29:20 - [MESSAGE][WARNING] - Timeout '0' is invalid. Using default page load timeout: '40'

2022-06-23 11:30:21 - [MESSAGE][PASSED] - Tapped on element 'Object Repository/Banking/transferOthersTopMenuSelect'

2022-06-23 11:30:21 - [TEST_STEP][PASSED] - tap(findTestObject("Banking/transferBanksIconSelect"), 0): Tapped on element 'Object Repository/Banking/transferBanksIconSelect'

2022-06-23 11:30:21 - [MESSAGE][WARNING] - Timeout '0' is invalid. Using default page load timeout: '40'

2022-06-23 11:31:14 - [MESSAGE][PASSED] - Tapped on element 'Object Repository/Banking/transferBanksIconSelect'

2022-06-23 11:31:14 - [TEST_STEP][PASSED] - scrollToText("PUBLIC BANK", STOP_ON_FAILURE): Scrolling to text 'PUBLIC BANK' successfully

2022-06-23 11:31:26 - [MESSAGE][PASSED] - Scrolling to text 'PUBLIC BANK' successfully

2022-06-23 11:31:26 - [TEST_STEP][PASSED] - tap(findTestObject("Banking/transferBankSelection", ["text":accBank]), 10): Tapped on element 'Object Repository/Banking/transferBankSelection'

2022-06-23 11:31:26 - [MESSAGE][PASSED] - Tapped on element 'Object Repository/Banking/transferBankSelection'

2022-06-23 11:31:26 - [TEST_STEP][PASSED] - setText(findTestObject("Banking/transferAccountNoInputField"), accountNum, 0): Text '3099117112' has been set to element 'Object Repository/Banking/transferAccountNoInputField'

2022-06-23 11:31:26 - [MESSAGE][WARNING] - Timeout '0' is invalid. Using default page load timeout: '40'

2022-06-23 11:31:29 - [MESSAGE][PASSED] - Text '3099117112' has been set to element 'Object Repository/Banking/transferAccountNoInputField'

2022-06-23 11:31:29 - [TEST_STEP][PASSED] - hideKeyboard(): Keyboard is hidden

2022-06-23 11:31:33 - [MESSAGE][PASSED] - Keyboard is hidden

2022-06-23 11:31:33 - [TEST_STEP][PASSED] - tap(findTestObject("Login Onboarding/loginExistingContinueBtn"), 0): Tapped on element 'Object Repository/Login Onboarding/loginExistingContinueBtn'

2022-06-23 11:31:33 - [MESSAGE][WARNING] - Timeout '0' is invalid. Using default page load timeout: '40'

2022-06-23 11:31:34 - [MESSAGE][PASSED] - Tapped on element 'Object Repository/Login Onboarding/loginExistingContinueBtn'

2022-06-23 11:31:34 - [TEST_STEP][PASSED] - verifyElementText(findTestObject("Transfer/transferAmounttAccNoTxt", ["accNo":accNo]), accNo): Actual text and expected text of test object 'Object Repository/Transfer/transferAmounttAccNoTxt' are matched.

2022-06-23 11:31:35 - [MESSAGE][PASSED] - Actual text and expected text of test object 'Object Repository/Transfer/transferAmounttAccNoTxt' are matched.

2022-06-23 11:31:35 - [TEST_STEP][PASSED] - verifyElementText(findTestObject("Transfer/transferAmounttAccBankTxt", ["accBank":accBank]), accBank): Actual text and expected text of test object 'Object Repository/Transfer/transferAmounttAccBankTxt' are matched.

2022-06-23 11:31:35 - [MESSAGE][PASSED] - Actual text and expected text of test object 'Object Repository/Transfer/transferAmounttAccBankTxt' are matched.

2022-06-23 11:31:35 - [TEST_STEP][PASSED] - verifyElementExist(findTestObject("Transfer/transferAmountRMTxt"), 0): Element 'Object Repository/Transfer/transferAmountRMTxt' is exist

2022-06-23 11:31:35 - [MESSAGE][WARNING] - Timeout '0' is invalid. Using default page load timeout: '40'

2022-06-23 11:31:35 - [MESSAGE][PASSED] - Element 'Object Repository/Transfer/transferAmountRMTxt' is exist

2022-06-23 11:31:35 - [TEST_STEP][PASSED] - verifyElementExist(findTestObject("Duit Now/duitNowAmountInitialValueTxt"), 0): Element 'Object Repository/Duit Now/duitNowAmountInitialValueTxt' is exist

2022-06-23 11:31:36 - [MESSAGE][WARNING] - Timeout '0' is invalid. Using default page load timeout: '40'

2022-06-23 11:31:36 - [MESSAGE][PASSED] - Element 'Object Repository/Duit Now/duitNowAmountInitialValueTxt' is exist

2022-06-23 11:31:36 - [TEST_STEP][PASSED] - verifyElementExist(findTestObject("Transfer/transferAmountEnterAmountTitleTxt"), 0): Element 'Object Repository/Transfer/transferAmountEnterAmountTitleTxt' is exist

2022-06-23 11:31:36 - [MESSAGE][WARNING] - Timeout '0' is invalid. Using default page load timeout: '40'

2022-06-23 11:31:36 - [MESSAGE][PASSED] - Element 'Object Repository/Transfer/transferAmountEnterAmountTitleTxt' is exist

2022-06-23 11:31:36 - [TEST_STEP][PASSED] - trxAmount = value: null

2022-06-23 11:31:36 - [TEST_STEP][PASSED] - length = trxAmount.length(): null

2022-06-23 11:31:36 - [TEST_STEP][PASSED] - delay(5): Delayed 5 second(s)

2022-06-23 11:31:41 - [MESSAGE][PASSED] - Delayed 5 second(s)

2022-06-23 11:31:41 - [TEST_STEP][PASSED] - tapAtPosition(startX, startY): Tapped at [360, 2,101]

2022-06-23 11:31:41 - [MESSAGE][PASSED] - Tapped at [360, 2,101]

2022-06-23 11:31:41 - [TEST_STEP][PASSED] - for ([i = 0, i < length, (i++)]): null

2022-06-23 11:31:41 - [TEST_STEP][PASSED] - if (trxAmount[i] == "0"): null

2022-06-23 11:31:41 - [TEST_STEP][PASSED] - if (trxAmount[i] == "1"): null

2022-06-23 11:31:41 - [TEST_STEP][PASSED] - if (trxAmount[i] == "2"): Tapped on element 'Object Repository/Login Onboarding/PIN2'

2022-06-23 11:31:41 - [TEST_STEP][PASSED] - tap(findTestObject("Login Onboarding/PIN2"), 0): Tapped on element 'Object Repository/Login Onboarding/PIN2'

2022-06-23 11:31:41 - [MESSAGE][WARNING] - Timeout '0' is invalid. Using default page load timeout: '40'

2022-06-23 11:31:42 - [MESSAGE][PASSED] - Tapped on element 'Object Repository/Login Onboarding/PIN2'

2022-06-23 11:31:42 - [TEST_STEP][PASSED] - if (trxAmount[i] == "3"): null

2022-06-23 11:31:42 - [TEST_STEP][PASSED] - if (trxAmount[i] == "4"): null

2022-06-23 11:31:42 - [TEST_STEP][PASSED] - if (trxAmount[i] == "5"): null

2022-06-23 11:31:42 - [TEST_STEP][PASSED] - if (trxAmount[i] == "6"): null

2022-06-23 11:31:42 - [TEST_STEP][PASSED] - if (trxAmount[i] == "7"): null

2022-06-23 11:31:42 - [TEST_STEP][PASSED] - if (trxAmount[i] == "8"): null

2022-06-23 11:31:42 - [TEST_STEP][PASSED] - if (trxAmount[i] == "9"): null

2022-06-23 11:31:42 - [TEST_STEP][PASSED] - if (trxAmount[i] == "0"): Tapped on element 'Object Repository/Login Onboarding/PIN0'

2022-06-23 11:31:42 - [TEST_STEP][PASSED] - tap(findTestObject("Login Onboarding/PIN0"), 0): Tapped on element 'Object Repository/Login Onboarding/PIN0'

2022-06-23 11:31:42 - [MESSAGE][WARNING] - Timeout '0' is invalid. Using default page load timeout: '40'

2022-06-23 11:31:43 - [MESSAGE][PASSED] - Tapped on element 'Object Repository/Login Onboarding/PIN0'

2022-06-23 11:31:43 - [TEST_STEP][PASSED] - if (trxAmount[i] == "1"): null

2022-06-23 11:31:43 - [TEST_STEP][PASSED] - if (trxAmount[i] == "2"): null

2022-06-23 11:31:43 - [TEST_STEP][PASSED] - if (trxAmount[i] == "3"): null

2022-06-23 11:31:43 - [TEST_STEP][PASSED] - if (trxAmount[i] == "4"): null

2022-06-23 11:31:43 - [TEST_STEP][PASSED] - if (trxAmount[i] == "5"): null

2022-06-23 11:31:43 - [TEST_STEP][PASSED] - if (trxAmount[i] == "6"): null

2022-06-23 11:31:43 - [TEST_STEP][PASSED] - if (trxAmount[i] == "7"): null

2022-06-23 11:31:43 - [TEST_STEP][PASSED] - if (trxAmount[i] == "8"): null

2022-06-23 11:31:43 - [TEST_STEP][PASSED] - if (trxAmount[i] == "9"): null

2022-06-23 11:31:43 - [TEST_STEP][PASSED] - if (trxAmount[i] == "0"): Tapped on element 'Object Repository/Login Onboarding/PIN0'

2022-06-23 11:31:43 - [TEST_STEP][PASSED] - tap(findTestObject("Login Onboarding/PIN0"), 0): Tapped on element 'Object Repository/Login Onboarding/PIN0'

2022-06-23 11:31:43 - [MESSAGE][WARNING] - Timeout '0' is invalid. Using default page load timeout: '40'

2022-06-23 11:31:44 - [MESSAGE][PASSED] - Tapped on element 'Object Repository/Login Onboarding/PIN0'

2022-06-23 11:31:44 - [TEST_STEP][PASSED] - if (trxAmount[i] == "1"): null

2022-06-23 11:31:44 - [TEST_STEP][PASSED] - if (trxAmount[i] == "2"): null

2022-06-23 11:31:44 - [TEST_STEP][PASSED] - if (trxAmount[i] == "3"): null

2022-06-23 11:31:44 - [TEST_STEP][PASSED] - if (trxAmount[i] == "4"): null

2022-06-23 11:31:44 - [TEST_STEP][PASSED] - if (trxAmount[i] == "5"): null

2022-06-23 11:31:44 - [TEST_STEP][PASSED] - if (trxAmount[i] == "6"): null

2022-06-23 11:31:44 - [TEST_STEP][PASSED] - if (trxAmount[i] == "7"): null

2022-06-23 11:31:44 - [TEST_STEP][PASSED] - if (trxAmount[i] == "8"): null

2022-06-23 11:31:44 - [TEST_STEP][PASSED] - if (trxAmount[i] == "9"): null

2022-06-23 11:31:44 - [TEST_STEP][PASSED] - delay(3): Delayed 3 second(s)

2022-06-23 11:31:47 - [MESSAGE][PASSED] - Delayed 3 second(s)

2022-06-23 11:31:47 - [TEST_STEP][PASSED] - verifyElementText(findTestObject("Transfer/transferAmountInputValueTxt", ["value":checkValue]), checkValue): Actual text and expected text of test object 'Object Repository/Transfer/transferAmountInputValueTxt' are matched.

2022-06-23 11:31:47 - [MESSAGE][PASSED] - Actual text and expected text of test object 'Object Repository/Transfer/transferAmountInputValueTxt' are matched.

2022-06-23 11:31:47 - [TEST_STEP][PASSED] - delay(3): Delayed 3 second(s)

2022-06-23 11:31:50 - [MESSAGE][PASSED] - Delayed 3 second(s)

2022-06-23 11:31:50 - [TEST_STEP][PASSED] - tap(findTestObject("Login Onboarding/loginPinTickBtn"), 0): Tapped on element 'Object Repository/Login Onboarding/loginPinTickBtn'

2022-06-23 11:31:51 - [MESSAGE][WARNING] - Timeout '0' is invalid. Using default page load timeout: '40'

2022-06-23 11:31:51 - [MESSAGE][PASSED] - Tapped on element 'Object Repository/Login Onboarding/loginPinTickBtn'

2022-06-23 11:31:51 - [TEST_STEP][PASSED] - delay(3): Delayed 3 second(s)

2022-06-23 11:31:54 - [MESSAGE][PASSED] - Delayed 3 second(s)

2022-06-23 11:31:54 - [TEST_STEP][PASSED] - verifyElementText(findTestObject("Transfer/transferReferenceAccNoTxt", ["accNo":accNo]), accNo): Actual text and expected text of test object 'Object Repository/Transfer/transferReferenceAccNoTxt' are matched.

2022-06-23 11:31:54 - [MESSAGE][PASSED] - Actual text and expected text of test object 'Object Repository/Transfer/transferReferenceAccNoTxt' are matched.

2022-06-23 11:31:54 - [TEST_STEP][PASSED] - verifyElementText(findTestObject("Transfer/transferReferenceAccBankTxt", ["accBank":accBank]), accBank): Actual text and expected text of test object 'Object Repository/Transfer/transferReferenceAccBankTxt' are matched.

2022-06-23 11:31:54 - [MESSAGE][PASSED] - Actual text and expected text of test object 'Object Repository/Transfer/transferReferenceAccBankTxt' are matched.

2022-06-23 11:31:54 - [TEST_STEP][PASSED] - verifyElementExist(findTestObject("Transfer/transferReferenceInputField"), 0): Element 'Object Repository/Transfer/transferReferenceInputField' is exist

2022-06-23 11:31:54 - [MESSAGE][WARNING] - Timeout '0' is invalid. Using default page load timeout: '40'

2022-06-23 11:31:54 - [MESSAGE][PASSED] - Element 'Object Repository/Transfer/transferReferenceInputField' is exist

2022-06-23 11:31:54 - [TEST_STEP][PASSED] - setText(findTestObject("Banking/transferReferenceInputField"), reference, 0): Text 'IBGInstantTransfer' has been set to element 'Object Repository/Banking/transferReferenceInputField'

2022-06-23 11:31:54 - [MESSAGE][WARNING] - Timeout '0' is invalid. Using default page load timeout: '40'

2022-06-23 11:31:55 - [MESSAGE][PASSED] - Text 'IBGInstantTransfer' has been set to element 'Object Repository/Banking/transferReferenceInputField'

2022-06-23 11:31:55 - [TEST_STEP][PASSED] - hideKeyboard(): Keyboard is hidden

2022-06-23 11:31:57 - [MESSAGE][PASSED] - Keyboard is hidden

2022-06-23 11:31:57 - [TEST_STEP][PASSED] - verifyElementText(findTestObject("Transfer/transferReferenceInputFieldAfter", ["reference":reference]), reference): Actual text and expected text of test object 'Object Repository/Transfer/transferReferenceInputFieldAfter' are matched.

2022-06-23 11:31:58 - [MESSAGE][PASSED] - Actual text and expected text of test object 'Object Repository/Transfer/transferReferenceInputFieldAfter' are matched.

2022-06-23 11:31:58 - [TEST_STEP][PASSED] - tap(findTestObject("Login Onboarding/loginExistingContinueBtn"), 0): Tapped on element 'Object Repository/Login Onboarding/loginExistingContinueBtn'

2022-06-23 11:31:58 - [MESSAGE][WARNING] - Timeout '0' is invalid. Using default page load timeout: '40'

2022-06-23 11:31:58 - [MESSAGE][PASSED] - Tapped on element 'Object Repository/Login Onboarding/loginExistingContinueBtn'

2022-06-23 11:31:58 - [TEST_STEP][PASSED] - verifyElementText(findTestObject("Transfer/transferReferenceAccNoTxt", ["accNo":accNo]), accNo): Actual text and expected text of test object 'Object Repository/Transfer/transferReferenceAccNoTxt' are matched.

2022-06-23 11:31:58 - [MESSAGE][PASSED] - Actual text and expected text of test object 'Object Repository/Transfer/transferReferenceAccNoTxt' are matched.

2022-06-23 11:31:58 - [TEST_STEP][PASSED] - verifyElementText(findTestObject("Transfer/transferReferenceAccBankTxt", ["accBank":accBank]), accBank): Actual text and expected text of test object 'Object Repository/Transfer/transferReferenceAccBankTxt' are matched.

2022-06-23 11:31:58 - [MESSAGE][PASSED] - Actual text and expected text of test object 'Object Repository/Transfer/transferReferenceAccBankTxt' are matched.

2022-06-23 11:31:58 - [TEST_STEP][PASSED] - tap(findTestObject("Banking/transferTypeDropdownSelection"), 0): Tapped on element 'Object Repository/Banking/transferTypeDropdownSelection'

2022-06-23 11:31:58 - [MESSAGE][WARNING] - Timeout '0' is invalid. Using default page load timeout: '40'

2022-06-23 11:32:02 - [MESSAGE][PASSED] - Tapped on element 'Object Repository/Banking/transferTypeDropdownSelection'

2022-06-23 11:32:02 - [TEST_STEP][PASSED] - scrollToText("Fund Transfer", STOP_ON_FAILURE): Scrolling to text 'Fund Transfer' successfully

2022-06-23 11:32:06 - [MESSAGE][PASSED] - Scrolling to text 'Fund Transfer' successfully

2022-06-23 11:32:06 - [TEST_STEP][PASSED] - tap(findTestObject("Banking/tansferTypeFundDropdownSelection"), 0): Tapped on element 'Object Repository/Banking/tansferTypeFundDropdownSelection'

2022-06-23 11:32:06 - [MESSAGE][WARNING] - Timeout '0' is invalid. Using default page load timeout: '40'

2022-06-23 11:32:06 - [MESSAGE][PASSED] - Tapped on element 'Object Repository/Banking/tansferTypeFundDropdownSelection'

2022-06-23 11:32:06 - [TEST_STEP][PASSED] - tap(findTestObject("Banking/transferModeDropdownDoneBtn"), 0): Tapped on element 'Object Repository/Banking/transferModeDropdownDoneBtn'

2022-06-23 11:32:06 - [MESSAGE][WARNING] - Timeout '0' is invalid. Using default page load timeout: '40'

2022-06-23 11:32:06 - [MESSAGE][PASSED] - Tapped on element 'Object Repository/Banking/transferModeDropdownDoneBtn'

2022-06-23 11:32:06 - [TEST_STEP][PASSED] - delay(3): Delayed 3 second(s)

2022-06-23 11:32:09 - [MESSAGE][PASSED] - Delayed 3 second(s)

2022-06-23 11:32:09 - [TEST_STEP][PASSED] - verifyElementExist(findTestObject("Transfer/instantTransferModeDuitTxt", ["mode":initialMode]), 0): Element 'Object Repository/Transfer/instantTransferModeDuitTxt' is exist

2022-06-23 11:32:09 - [MESSAGE][WARNING] - Timeout '0' is invalid. Using default page load timeout: '40'

2022-06-23 11:32:10 - [MESSAGE][PASSED] - Element 'Object Repository/Transfer/instantTransferModeDuitTxt' is exist

2022-06-23 11:32:10 - [TEST_STEP][PASSED] - tap(findTestObject("Transfer/instantTransferModeDuitTxt", ["mode":initialMode]), 0): Tapped on element 'Object Repository/Transfer/instantTransferModeDuitTxt'

2022-06-23 11:32:10 - [MESSAGE][WARNING] - Timeout '0' is invalid. Using default page load timeout: '40'

2022-06-23 11:32:10 - [MESSAGE][PASSED] - Tapped on element 'Object Repository/Transfer/instantTransferModeDuitTxt'

2022-06-23 11:32:10 - [TEST_STEP][PASSED] - delay(3): Delayed 3 second(s)

2022-06-23 11:32:13 - [MESSAGE][PASSED] - Delayed 3 second(s)

2022-06-23 11:32:13 - [TEST_STEP][PASSED] - scrollToText(selectedMode, STOP_ON_FAILURE): Scrolling to text 'GIRO' successfully

2022-06-23 11:32:14 - [MESSAGE][PASSED] - Scrolling to text 'GIRO' successfully

2022-06-23 11:32:14 - [TEST_STEP][PASSED] - tap(findTestObject("Transfer/instantTransferModeDropdownSelect", ["modeS":selectedMode]), 0): Tapped on element 'Object Repository/Transfer/instantTransferModeDropdownSelect'

2022-06-23 11:32:14 - [MESSAGE][WARNING] - Timeout '0' is invalid. Using default page load timeout: '40'

2022-06-23 11:32:14 - [MESSAGE][PASSED] - Tapped on element 'Object Repository/Transfer/instantTransferModeDropdownSelect'

2022-06-23 11:32:14 - [TEST_STEP][PASSED] - delay(3): Delayed 3 second(s)

2022-06-23 11:32:17 - [MESSAGE][PASSED] - Delayed 3 second(s)

2022-06-23 11:32:17 - [TEST_STEP][PASSED] - tap(findTestObject("Banking/transferModeDropdownDoneBtn"), 0): Tapped on element 'Object Repository/Banking/transferModeDropdownDoneBtn'

2022-06-23 11:32:17 - [MESSAGE][WARNING] - Timeout '0' is invalid. Using default page load timeout: '40'

2022-06-23 11:32:17 - [MESSAGE][PASSED] - Tapped on element 'Object Repository/Banking/transferModeDropdownDoneBtn'

2022-06-23 11:32:17 - [TEST_STEP][PASSED] - delay(3): Delayed 3 second(s)

2022-06-23 11:32:20 - [MESSAGE][PASSED] - Delayed 3 second(s)

2022-06-23 11:32:20 - [TEST_STEP][PASSED] - verifyElementExist(findTestObject("Transfer/instantTransferModeDuitTxt", ["mode":selectedMode]), 0): Element 'Object Repository/Transfer/instantTransferModeDuitTxt' is exist

2022-06-23 11:32:20 - [MESSAGE][WARNING] - Timeout '0' is invalid. Using default page load timeout: '40'

2022-06-23 11:32:20 - [MESSAGE][PASSED] - Element 'Object Repository/Transfer/instantTransferModeDuitTxt' is exist

2022-06-23 11:32:20 - [TEST_STEP][PASSED] - verifyElementExist(findTestObject("Transfer/instantTransferModeTitleTxt"), 0): Element 'Object Repository/Transfer/instantTransferModeTitleTxt' is exist

2022-06-23 11:32:20 - [MESSAGE][WARNING] - Timeout '0' is invalid. Using default page load timeout: '40'

2022-06-23 11:32:21 - [MESSAGE][PASSED] - Element 'Object Repository/Transfer/instantTransferModeTitleTxt' is exist

2022-06-23 11:32:21 - [TEST_STEP][PASSED] - verifyElementExist(findTestObject("Transfer/instantTransferTypeFundTxt"), 0): Element 'Object Repository/Transfer/instantTransferTypeFundTxt' is exist

2022-06-23 11:32:21 - [MESSAGE][WARNING] - Timeout '0' is invalid. Using default page load timeout: '40'

2022-06-23 11:32:21 - [MESSAGE][PASSED] - Element 'Object Repository/Transfer/instantTransferTypeFundTxt' is exist

2022-06-23 11:32:21 - [TEST_STEP][PASSED] - verifyElementExist(findTestObject("Transfer/instantTransferTypeTitleTxt"), 0): Element 'Object Repository/Transfer/instantTransferTypeTitleTxt' is exist

2022-06-23 11:32:21 - [MESSAGE][WARNING] - Timeout '0' is invalid. Using default page load timeout: '40'

2022-06-23 11:32:21 - [MESSAGE][PASSED] - Element 'Object Repository/Transfer/instantTransferTypeTitleTxt' is exist

2022-06-23 11:32:21 - [TEST_STEP][PASSED] - tap(findTestObject("Login Onboarding/loginExistingContinueBtn"), 0): Tapped on element 'Object Repository/Login Onboarding/loginExistingContinueBtn'

2022-06-23 11:32:21 - [MESSAGE][WARNING] - Timeout '0' is invalid. Using default page load timeout: '40'

2022-06-23 11:32:21 - [MESSAGE][PASSED] - Tapped on element 'Object Repository/Login Onboarding/loginExistingContinueBtn'

2022-06-23 11:32:21 - [TEST_STEP][PASSED] - delay(5): Delayed 5 second(s)

2022-06-23 11:32:26 - [MESSAGE][PASSED] - Delayed 5 second(s)

2022-06-23 11:32:26 - [TEST_STEP][PASSED] - verifyElementText(findTestObject("Transfer/instantIBGNameAccountNoTxt", ["accNo":accNo]), accNo): Actual text and expected text of test object 'Object Repository/Transfer/instantIBGNameAccountNoTxt' are matched.

2022-06-23 11:32:26 - [MESSAGE][PASSED] - Actual text and expected text of test object 'Object Repository/Transfer/instantIBGNameAccountNoTxt' are matched.

2022-06-23 11:32:26 - [TEST_STEP][PASSED] - verifyElementText(findTestObject("Transfer/instantIBGNameAccountBankTxt", ["accBank":accBank]), accBank): Actual text and expected text of test object 'Object Repository/Transfer/instantIBGNameAccountBankTxt' are matched.

2022-06-23 11:32:26 - [MESSAGE][PASSED] - Actual text and expected text of test object 'Object Repository/Transfer/instantIBGNameAccountBankTxt' are matched.

2022-06-23 11:32:26 - [TEST_STEP][PASSED] - verifyElementExist(findTestObject("Transfer/instantIBGNameEnterNameTitleTxt"), 0): Element 'Object Repository/Transfer/instantIBGNameEnterNameTitleTxt' is exist

2022-06-23 11:32:27 - [MESSAGE][WARNING] - Timeout '0' is invalid. Using default page load timeout: '40'

2022-06-23 11:32:27 - [MESSAGE][PASSED] - Element 'Object Repository/Transfer/instantIBGNameEnterNameTitleTxt' is exist

2022-06-23 11:32:27 - [TEST_STEP][PASSED] - setText(findTestObject("Banking/transferReferenceInputField"), accName, 0): Text 'RANBEER SINGH' has been set to element 'Object Repository/Banking/transferReferenceInputField'

2022-06-23 11:32:27 - [MESSAGE][WARNING] - Timeout '0' is invalid. Using default page load timeout: '40'

2022-06-23 11:32:27 - [MESSAGE][PASSED] - Text 'RANBEER SINGH' has been set to element 'Object Repository/Banking/transferReferenceInputField'

2022-06-23 11:32:27 - [TEST_STEP][PASSED] - hideKeyboard(): Keyboard is hidden

2022-06-23 11:32:30 - [MESSAGE][PASSED] - Keyboard is hidden

2022-06-23 11:32:30 - [TEST_STEP][PASSED] - verifyElementText(findTestObject("Transfer/instantIBGNameInputtedNameTxt", ["accName":accName]), accName): Actual text and expected text of test object 'Object Repository/Transfer/instantIBGNameInputtedNameTxt' are matched.

2022-06-23 11:32:30 - [MESSAGE][PASSED] - Actual text and expected text of test object 'Object Repository/Transfer/instantIBGNameInputtedNameTxt' are matched.

2022-06-23 11:32:30 - [TEST_STEP][PASSED] - tap(findTestObject("Login Onboarding/loginExistingContinueBtn"), 0): Tapped on element 'Object Repository/Login Onboarding/loginExistingContinueBtn'

2022-06-23 11:32:30 - [MESSAGE][WARNING] - Timeout '0' is invalid. Using default page load timeout: '40'

2022-06-23 11:32:30 - [MESSAGE][PASSED] - Tapped on element 'Object Repository/Login Onboarding/loginExistingContinueBtn'

2022-06-23 11:32:30 - [TEST_STEP][PASSED] - delay(5): Delayed 5 second(s)

2022-06-23 11:32:35 - [MESSAGE][PASSED] - Delayed 5 second(s)

2022-06-23 11:32:35 - [TEST_STEP][PASSED] - verifyElementText(findTestObject("Transfer/transferConfirmationTransactionDateTxt"), trxDate): Actual text and expected text of test object 'Object Repository/Transfer/transferConfirmationTransactionDateTxt' are matched.

2022-06-23 11:32:36 - [MESSAGE][PASSED] - Actual text and expected text of test object 'Object Repository/Transfer/transferConfirmationTransactionDateTxt' are matched.

2022-06-23 11:32:36 - [TEST_STEP][PASSED] - verifyElementText(findTestObject("Transfer/transferConfirmationAccountNameTxt", ["accName":accName]), accName): Actual text and expected text of test object 'Object Repository/Transfer/transferConfirmationAccountNameTxt' are matched.

2022-06-23 11:32:36 - [MESSAGE][PASSED] - Actual text and expected text of test object 'Object Repository/Transfer/transferConfirmationAccountNameTxt' are matched.

2022-06-23 11:32:36 - [TEST_STEP][PASSED] - verifyElementText(findTestObject("Transfer/transferConfirmationAccountNoTxt", ["accNo":accNo]), accNo): Actual text and expected text of test object 'Object Repository/Transfer/transferConfirmationAccountNoTxt' are matched.

2022-06-23 11:32:36 - [MESSAGE][PASSED] - Actual text and expected text of test object 'Object Repository/Transfer/transferConfirmationAccountNoTxt' are matched.

2022-06-23 11:32:36 - [TEST_STEP][PASSED] - verifyElementText(findTestObject("Transfer/transferConfirmationAmountTxt", ["amount":amount]), amount): Actual text and expected text of test object 'Object Repository/Transfer/transferConfirmationAmountTxt' are matched.

2022-06-23 11:32:36 - [MESSAGE][PASSED] - Actual text and expected text of test object 'Object Repository/Transfer/transferConfirmationAmountTxt' are matched.

2022-06-23 11:32:36 - [TEST_STEP][PASSED] - verifyElementText(findTestObject("Transfer/transferConfirmationTransactionRecRefTxt", ["reference":reference]), reference): Actual text and expected text of test object 'Object Repository/Transfer/transferConfirmationTransactionRecRefTxt' are matched.

2022-06-23 11:32:37 - [MESSAGE][PASSED] - Actual text and expected text of test object 'Object Repository/Transfer/transferConfirmationTransactionRecRefTxt' are matched.

2022-06-23 11:32:37 - [TEST_STEP][PASSED] - verifyElementText(findTestObject("Transfer/transferConfirmationTransactionBankTxt", ["accBank":accBank]), accBank): Actual text and expected text of test object 'Object Repository/Transfer/transferConfirmationTransactionBankTxt' are matched.

2022-06-23 11:32:37 - [MESSAGE][PASSED] - Actual text and expected text of test object 'Object Repository/Transfer/transferConfirmationTransactionBankTxt' are matched.

2022-06-23 11:32:37 - [TEST_STEP][PASSED] - verifyElementText(findTestObject("Transfer/transferConfirmationOptionalGreyWordTxt"), "Optional"): Actual text and expected text of test object 'Object Repository/Transfer/transferConfirmationOptionalGreyWordTxt' are matched.

2022-06-23 11:32:37 - [MESSAGE][PASSED] - Actual text and expected text of test object 'Object Repository/Transfer/transferConfirmationOptionalGreyWordTxt' are matched.

2022-06-23 11:32:37 - [TEST_STEP][PASSED] - verifyElementText(findTestObject("Transfer/instantTransferConfirmationTransactionTypeTxt"), trxType): Actual text and expected text of test object 'Object Repository/Transfer/instantTransferConfirmationTransactionTypeTxt' are matched.

2022-06-23 11:32:37 - [MESSAGE][PASSED] - Actual text and expected text of test object 'Object Repository/Transfer/instantTransferConfirmationTransactionTypeTxt' are matched.

2022-06-23 11:32:37 - [TEST_STEP][PASSED] - verifyElementText(findTestObject("Transfer/instantTransferConfirmationTransactionModeTxt", ["modeC":selectedMode]), selectedMode): Actual text and expected text of test object 'Object Repository/Transfer/instantTransferConfirmationTransactionModeTxt' are matched.

2022-06-23 11:32:38 - [MESSAGE][PASSED] - Actual text and expected text of test object 'Object Repository/Transfer/instantTransferConfirmationTransactionModeTxt' are matched.

2022-06-23 11:32:38 - [TEST_STEP][PASSED] - verifyElementText(findTestObject("Transfer/instantTransferConfirmationTransactionServiceTxt"), "RM 0.00"): Actual text and expected text of test object 'Object Repository/Transfer/instantTransferConfirmationTransactionServiceTxt' are matched.

2022-06-23 11:32:38 - [MESSAGE][PASSED] - Actual text and expected text of test object 'Object Repository/Transfer/instantTransferConfirmationTransactionServiceTxt' are matched.

2022-06-23 11:32:38 - [TEST_STEP][PASSED] - verifyElementExist(findTestObject("Transfer/transferConfirmationBankNameTitleTxt"), 0): Element 'Object Repository/Transfer/transferConfirmationBankNameTitleTxt' is exist

2022-06-23 11:32:38 - [MESSAGE][WARNING] - Timeout '0' is invalid. Using default page load timeout: '40'

2022-06-23 11:32:38 - [MESSAGE][PASSED] - Element 'Object Repository/Transfer/transferConfirmationBankNameTitleTxt' is exist

2022-06-23 11:32:38 - [TEST_STEP][PASSED] - verifyElementExist(findTestObject("Transfer/transferConfirmationDateTitleTxt"), 0): Element 'Object Repository/Transfer/transferConfirmationDateTitleTxt' is exist

2022-06-23 11:32:38 - [MESSAGE][WARNING] - Timeout '0' is invalid. Using default page load timeout: '40'

2022-06-23 11:32:38 - [MESSAGE][PASSED] - Element 'Object Repository/Transfer/transferConfirmationDateTitleTxt' is exist

2022-06-23 11:32:38 - [TEST_STEP][PASSED] - verifyElementExist(findTestObject("Transfer/transferConfirmationRecRefTitleTxt"), 0): Element 'Object Repository/Transfer/transferConfirmationRecRefTitleTxt' is exist

2022-06-23 11:32:38 - [MESSAGE][WARNING] - Timeout '0' is invalid. Using default page load timeout: '40'

2022-06-23 11:32:39 - [MESSAGE][PASSED] - Element 'Object Repository/Transfer/transferConfirmationRecRefTitleTxt' is exist

2022-06-23 11:32:39 - [TEST_STEP][PASSED] - verifyElementExist(findTestObject("Transfer/transferConfirmationPaymentDetailsTitleTxt"), 0): Element 'Object Repository/Transfer/transferConfirmationPaymentDetailsTitleTxt' is exist

2022-06-23 11:32:39 - [MESSAGE][WARNING] - Timeout '0' is invalid. Using default page load timeout: '40'

2022-06-23 11:32:39 - [MESSAGE][PASSED] - Element 'Object Repository/Transfer/transferConfirmationPaymentDetailsTitleTxt' is exist

2022-06-23 11:32:39 - [TEST_STEP][PASSED] - verifyElementExist(findTestObject("Transfer/instantTransferConfirmationModeTitleTxt"), 0): Element 'Object Repository/Transfer/instantTransferConfirmationModeTitleTxt' is exist

2022-06-23 11:32:39 - [MESSAGE][WARNING] - Timeout '0' is invalid. Using default page load timeout: '40'

2022-06-23 11:32:39 - [MESSAGE][PASSED] - Element 'Object Repository/Transfer/instantTransferConfirmationModeTitleTxt' is exist

2022-06-23 11:32:39 - [TEST_STEP][PASSED] - verifyElementExist(findTestObject("Transfer/instantTransferConfirmationServiceFeeTitleTxt"), 0): Element 'Object Repository/Transfer/instantTransferConfirmationServiceFeeTitleTxt' is exist

2022-06-23 11:32:39 - [MESSAGE][WARNING] - Timeout '0' is invalid. Using default page load timeout: '40'

2022-06-23 11:32:39 - [MESSAGE][PASSED] - Element 'Object Repository/Transfer/instantTransferConfirmationServiceFeeTitleTxt' is exist

2022-06-23 11:32:39 - [TEST_STEP][PASSED] - verifyElementExist(findTestObject("Transfer/instantTransferConfirmationTypeTitleTxt"), 0): Element 'Object Repository/Transfer/instantTransferConfirmationTypeTitleTxt' is exist

2022-06-23 11:32:39 - [MESSAGE][WARNING] - Timeout '0' is invalid. Using default page load timeout: '40'

2022-06-23 11:32:39 - [MESSAGE][PASSED] - Element 'Object Repository/Transfer/instantTransferConfirmationTypeTitleTxt' is exist

2022-06-23 11:32:39 - [TEST_STEP][PASSED] - verifyElementExist(findTestObject("Transfer/transferConfirmationNoteTitleTxt"), 0): Element 'Object Repository/Transfer/transferConfirmationNoteTitleTxt' is exist

2022-06-23 11:32:39 - [MESSAGE][WARNING] - Timeout '0' is invalid. Using default page load timeout: '40'

2022-06-23 11:32:39 - [MESSAGE][PASSED] - Element 'Object Repository/Transfer/transferConfirmationNoteTitleTxt' is exist

2022-06-23 11:32:39 - [TEST_STEP][PASSED] - tap(findTestObject("Transfer/transferConfirmationOptionalGreyWordTxt"), 0): Tapped on element 'Object Repository/Transfer/transferConfirmationOptionalGreyWordTxt'

2022-06-23 11:32:39 - [MESSAGE][WARNING] - Timeout '0' is invalid. Using default page load timeout: '40'

2022-06-23 11:32:41 - [MESSAGE][PASSED] - Tapped on element 'Object Repository/Transfer/transferConfirmationOptionalGreyWordTxt'

2022-06-23 11:32:41 - [TEST_STEP][PASSED] - setText(findTestObject("Transfer/transferConfirmationDetailsInputField"), details, 0): Text 'Test' has been set to element 'Object Repository/Transfer/transferConfirmationDetailsInputField'

2022-06-23 11:32:41 - [MESSAGE][WARNING] - Timeout '0' is invalid. Using default page load timeout: '40'

2022-06-23 11:32:42 - [MESSAGE][PASSED] - Text 'Test' has been set to element 'Object Repository/Transfer/transferConfirmationDetailsInputField'

2022-06-23 11:32:42 - [TEST_STEP][PASSED] - hideKeyboard(): Keyboard is hidden

2022-06-23 11:32:46 - [MESSAGE][PASSED] - Keyboard is hidden

2022-06-23 11:32:46 - [TEST_STEP][PASSED] - verifyElementText(findTestObject("Transfer/transferConfirmationOptionalGreyWordTxt"), details): Actual text and expected text of test object 'Object Repository/Transfer/transferConfirmationOptionalGreyWordTxt' are matched.

2022-06-23 11:32:46 - [MESSAGE][PASSED] - Actual text and expected text of test object 'Object Repository/Transfer/transferConfirmationOptionalGreyWordTxt' are matched.

2022-06-23 11:32:46 - [TEST_STEP][PASSED] - device_Height_2 = getDeviceHeight(): Current device physical height is 2167

2022-06-23 11:32:46 - [MESSAGE][PASSED] - Current device physical height is 2167

2022-06-23 11:32:46 - [TEST_STEP][PASSED] - device_Width_2 = getDeviceWidth(): Current device physical width is 1080

2022-06-23 11:32:47 - [MESSAGE][PASSED] - Current device physical width is 1080

2022-06-23 11:32:47 - [TEST_STEP][PASSED] - startX_2 = device_Width_2 / 2: null

2022-06-23 11:32:47 - [TEST_STEP][PASSED] - endX_2 = startX_2: null

2022-06-23 11:32:47 - [TEST_STEP][PASSED] - startY_2 = device_Height_2 * 0.30: null

2022-06-23 11:32:47 - [TEST_STEP][PASSED] - endY_2 = device_Height_2 * 0.70: null

2022-06-23 11:32:47 - [TEST_STEP][PASSED] - swipe(startX_2, endY_2, endX_2, startY_2): Swiped from 540,1,516 to 540,650

2022-06-23 11:32:48 - [MESSAGE][PASSED] - Swiped from 540,1,516 to 540,650

2022-06-23 11:32:48 - [TEST_STEP][PASSED] - verifyElementExist(findTestObject("Transfer/instantTransferConfirmationNotes1Txt"), 0): Element 'Object Repository/Transfer/instantTransferConfirmationNotes1Txt' is exist

2022-06-23 11:32:48 - [MESSAGE][WARNING] - Timeout '0' is invalid. Using default page load timeout: '40'

2022-06-23 11:32:48 - [MESSAGE][PASSED] - Element 'Object Repository/Transfer/instantTransferConfirmationNotes1Txt' is exist

2022-06-23 11:32:48 - [TEST_STEP][PASSED] - verifyElementExist(findTestObject("Transfer/transferConfirmationFTransferFromTitleTxt"), 0): Element 'Object Repository/Transfer/transferConfirmationFTransferFromTitleTxt' is exist

2022-06-23 11:32:48 - [MESSAGE][WARNING] - Timeout '0' is invalid. Using default page load timeout: '40'

2022-06-23 11:32:48 - [MESSAGE][PASSED] - Element 'Object Repository/Transfer/transferConfirmationFTransferFromTitleTxt' is exist

2022-06-23 11:32:48 - [TEST_STEP][PASSED] - verifyElementExist(findTestObject("Transfer/instantTransferConfirmationNotes2Txt"), 0): Element 'Object Repository/Transfer/instantTransferConfirmationNotes2Txt' is exist

2022-06-23 11:32:48 - [MESSAGE][WARNING] - Timeout '0' is invalid. Using default page load timeout: '40'

2022-06-23 11:32:49 - [MESSAGE][PASSED] - Element 'Object Repository/Transfer/instantTransferConfirmationNotes2Txt' is exist

2022-06-23 11:32:49 - [TEST_STEP][PASSED] - verifyElementText(findTestObject("Transfer/transferConfirmationFromAccTypeTxt", ["accType":accType]), accType): Actual text and expected text of test object 'Object Repository/Transfer/transferConfirmationFromAccTypeTxt' are matched.

2022-06-23 11:32:49 - [MESSAGE][PASSED] - Actual text and expected text of test object 'Object Repository/Transfer/transferConfirmationFromAccTypeTxt' are matched.

2022-06-23 11:32:49 - [TEST_STEP][PASSED] - verifyElementText(findTestObject("Transfer/transferConfirmationFromAccNoTxt", ["accNoFrom":accNoFrom]), accNoFrom): Actual text and expected text of test object 'Object Repository/Transfer/transferConfirmationFromAccNoTxt' are matched.

2022-06-23 11:32:49 - [MESSAGE][PASSED] - Actual text and expected text of test object 'Object Repository/Transfer/transferConfirmationFromAccNoTxt' are matched.

2022-06-23 11:32:49 - [TEST_STEP][PASSED] - verifyElementExist(findTestObject("Transfer/transferConfirmationFromAccBalanceTxt"), 0): Element 'Object Repository/Transfer/transferConfirmationFromAccBalanceTxt' is exist

2022-06-23 11:32:49 - [MESSAGE][WARNING] - Timeout '0' is invalid. Using default page load timeout: '40'

2022-06-23 11:32:49 - [MESSAGE][PASSED] - Element 'Object Repository/Transfer/transferConfirmationFromAccBalanceTxt' is exist

2022-06-23 11:32:49 - [TEST_STEP][PASSED] - accountBalance = getText(findTestObject("Transfer/transferConfirmationFromAccBalanceTxt"), 0): Text of element 'Object Repository/Transfer/transferConfirmationFromAccBalanceTxt' is: 'RM 2,409.88'

2022-06-23 11:32:49 - [MESSAGE][WARNING] - Timeout '0' is invalid. Using default page load timeout: '40'

2022-06-23 11:32:49 - [MESSAGE][PASSED] - Text of element 'Object Repository/Transfer/transferConfirmationFromAccBalanceTxt' is: 'RM 2,409.88'

2022-06-23 11:32:49 - [TEST_STEP][PASSED] - println(accountBalance): null

2022-06-23 11:32:49 - [TEST_STEP][PASSED] - tap(findTestObject("Main/mainTransferNowBtn"), 0): Tapped on element 'Object Repository/Main/mainTransferNowBtn'

2022-06-23 11:32:49 - [MESSAGE][WARNING] - Timeout '0' is invalid. Using default page load timeout: '40'

2022-06-23 11:32:50 - [MESSAGE][PASSED] - Tapped on element 'Object Repository/Main/mainTransferNowBtn'

2022-06-23 11:32:50 - [TEST_STEP][PASSED] - if (value <= limit): null

2022-06-23 11:32:50 - [TEST_STEP][PASSED] - if (verifyElementVisible(findTestObject("Festive Season/seasonalGreetingAngpaoTACNoTxt"), 10, OPTIONAL)): null

2022-06-23 11:32:54 - [MESSAGE][PASSED] - Element 'Object Repository/Festive Season/seasonalGreetingAngpaoTACNoTxt' is visible

2022-06-23 11:32:54 - [TEST_STEP][PASSED] - OTP = getText(findTestObject("Festive Season/seasonalGreetingAngpaoTACNoTxt"), 10): Text of element 'Object Repository/Festive Season/seasonalGreetingAngpaoTACNoTxt' is: 'Your TAC no. is 536223'

2022-06-23 11:32:54 - [MESSAGE][PASSED] - Text of element 'Object Repository/Festive Season/seasonalGreetingAngpaoTACNoTxt' is: 'Your TAC no. is 536223'

2022-06-23 11:32:54 - [TEST_STEP][PASSED] - delay(5): Delayed 5 second(s)

2022-06-23 11:32:59 - [MESSAGE][PASSED] - Delayed 5 second(s)

2022-06-23 11:32:59 - [TEST_STEP][PASSED] - tapAtPosition(startX, startY): Tapped at [360, 2,101]

2022-06-23 11:33:00 - [MESSAGE][PASSED] - Tapped at [360, 2,101]

2022-06-23 11:33:00 - [TEST_STEP][PASSED] - for ([i = 16, i <= 21, (i++)]): null

2022-06-23 11:33:00 - [TEST_STEP][PASSED] - if (OTP[i] == "0"): null

2022-06-23 11:33:00 - [TEST_STEP][PASSED] - if (OTP[i] == "1"): null

2022-06-23 11:33:00 - [TEST_STEP][PASSED] - if (OTP[i] == "2"): null

2022-06-23 11:33:00 - [TEST_STEP][PASSED] - if (OTP[i] == "3"): null

2022-06-23 11:33:00 - [TEST_STEP][PASSED] - if (OTP[i] == "4"): null

2022-06-23 11:33:00 - [TEST_STEP][PASSED] - if (OTP[i] == "5"): Tapped on element 'Object Repository/Login Onboarding/PIN5'

2022-06-23 11:33:00 - [TEST_STEP][PASSED] - tap(findTestObject("Login Onboarding/PIN5"), 0): Tapped on element 'Object Repository/Login Onboarding/PIN5'

2022-06-23 11:33:00 - [MESSAGE][WARNING] - Timeout '0' is invalid. Using default page load timeout: '40'

2022-06-23 11:33:00 - [MESSAGE][PASSED] - Tapped on element 'Object Repository/Login Onboarding/PIN5'

2022-06-23 11:33:00 - [TEST_STEP][PASSED] - if (OTP[i] == "6"): null

2022-06-23 11:33:00 - [TEST_STEP][PASSED] - if (OTP[i] == "7"): null

2022-06-23 11:33:00 - [TEST_STEP][PASSED] - if (OTP[i] == "8"): null

2022-06-23 11:33:00 - [TEST_STEP][PASSED] - if (OTP[i] == "9"): null

2022-06-23 11:33:00 - [TEST_STEP][PASSED] - if (OTP[i] == "0"): null

2022-06-23 11:33:00 - [TEST_STEP][PASSED] - if (OTP[i] == "1"): null

2022-06-23 11:33:00 - [TEST_STEP][PASSED] - if (OTP[i] == "2"): null

2022-06-23 11:33:00 - [TEST_STEP][PASSED] - if (OTP[i] == "3"): Tapped on element 'Object Repository/Login Onboarding/PIN3'

2022-06-23 11:33:00 - [TEST_STEP][PASSED] - tap(findTestObject("Login Onboarding/PIN3"), 0): Tapped on element 'Object Repository/Login Onboarding/PIN3'

2022-06-23 11:33:00 - [MESSAGE][WARNING] - Timeout '0' is invalid. Using default page load timeout: '40'

2022-06-23 11:33:02 - [MESSAGE][PASSED] - Tapped on element 'Object Repository/Login Onboarding/PIN3'

2022-06-23 11:33:02 - [TEST_STEP][PASSED] - if (OTP[i] == "4"): null

2022-06-23 11:33:02 - [TEST_STEP][PASSED] - if (OTP[i] == "5"): null

2022-06-23 11:33:02 - [TEST_STEP][PASSED] - if (OTP[i] == "6"): null

2022-06-23 11:33:02 - [TEST_STEP][PASSED] - if (OTP[i] == "7"): null

2022-06-23 11:33:02 - [TEST_STEP][PASSED] - if (OTP[i] == "8"): null

2022-06-23 11:33:02 - [TEST_STEP][PASSED] - if (OTP[i] == "9"): null

2022-06-23 11:33:02 - [TEST_STEP][PASSED] - if (OTP[i] == "0"): null

2022-06-23 11:33:02 - [TEST_STEP][PASSED] - if (OTP[i] == "1"): null

2022-06-23 11:33:02 - [TEST_STEP][PASSED] - if (OTP[i] == "2"): null

2022-06-23 11:33:02 - [TEST_STEP][PASSED] - if (OTP[i] == "3"): null

2022-06-23 11:33:02 - [TEST_STEP][PASSED] - if (OTP[i] == "4"): null

2022-06-23 11:33:02 - [TEST_STEP][PASSED] - if (OTP[i] == "5"): null

2022-06-23 11:33:02 - [TEST_STEP][PASSED] - if (OTP[i] == "6"): Tapped on element 'Object Repository/Login Onboarding/PIN6'

2022-06-23 11:33:02 - [TEST_STEP][PASSED] - tap(findTestObject("Login Onboarding/PIN6"), 0): Tapped on element 'Object Repository/Login Onboarding/PIN6'

2022-06-23 11:33:02 - [MESSAGE][WARNING] - Timeout '0' is invalid. Using default page load timeout: '40'

2022-06-23 11:33:04 - [MESSAGE][PASSED] - Tapped on element 'Object Repository/Login Onboarding/PIN6'

2022-06-23 11:33:04 - [TEST_STEP][PASSED] - if (OTP[i] == "7"): null

2022-06-23 11:33:04 - [TEST_STEP][PASSED] - if (OTP[i] == "8"): null

2022-06-23 11:33:04 - [TEST_STEP][PASSED] - if (OTP[i] == "9"): null

2022-06-23 11:33:04 - [TEST_STEP][PASSED] - if (OTP[i] == "0"): null

2022-06-23 11:33:04 - [TEST_STEP][PASSED] - if (OTP[i] == "1"): null

2022-06-23 11:33:04 - [TEST_STEP][PASSED] - if (OTP[i] == "2"): Tapped on element 'Object Repository/Login Onboarding/PIN2'

2022-06-23 11:33:04 - [TEST_STEP][PASSED] - tap(findTestObject("Login Onboarding/PIN2"), 0): Tapped on element 'Object Repository/Login Onboarding/PIN2'

2022-06-23 11:33:04 - [MESSAGE][WARNING] - Timeout '0' is invalid. Using default page load timeout: '40'

2022-06-23 11:33:06 - [MESSAGE][PASSED] - Tapped on element 'Object Repository/Login Onboarding/PIN2'

2022-06-23 11:33:06 - [TEST_STEP][PASSED] - if (OTP[i] == "3"): null

2022-06-23 11:33:06 - [TEST_STEP][PASSED] - if (OTP[i] == "4"): null

2022-06-23 11:33:06 - [TEST_STEP][PASSED] - if (OTP[i] == "5"): null

2022-06-23 11:33:06 - [TEST_STEP][PASSED] - if (OTP[i] == "6"): null

2022-06-23 11:33:06 - [TEST_STEP][PASSED] - if (OTP[i] == "7"): null

2022-06-23 11:33:06 - [TEST_STEP][PASSED] - if (OTP[i] == "8"): null

2022-06-23 11:33:06 - [TEST_STEP][PASSED] - if (OTP[i] == "9"): null

2022-06-23 11:33:06 - [TEST_STEP][PASSED] - if (OTP[i] == "0"): null

2022-06-23 11:33:06 - [TEST_STEP][PASSED] - if (OTP[i] == "1"): null

2022-06-23 11:33:06 - [TEST_STEP][PASSED] - if (OTP[i] == "2"): Tapped on element 'Object Repository/Login Onboarding/PIN2'

2022-06-23 11:33:06 - [TEST_STEP][PASSED] - tap(findTestObject("Login Onboarding/PIN2"), 0): Tapped on element 'Object Repository/Login Onboarding/PIN2'

2022-06-23 11:33:06 - [MESSAGE][WARNING] - Timeout '0' is invalid. Using default page load timeout: '40'

2022-06-23 11:33:08 - [MESSAGE][PASSED] - Tapped on element 'Object Repository/Login Onboarding/PIN2'

2022-06-23 11:33:08 - [TEST_STEP][PASSED] - if (OTP[i] == "3"): null

2022-06-23 11:33:08 - [TEST_STEP][PASSED] - if (OTP[i] == "4"): null

2022-06-23 11:33:08 - [TEST_STEP][PASSED] - if (OTP[i] == "5"): null

2022-06-23 11:33:08 - [TEST_STEP][PASSED] - if (OTP[i] == "6"): null

2022-06-23 11:33:08 - [TEST_STEP][PASSED] - if (OTP[i] == "7"): null

2022-06-23 11:33:08 - [TEST_STEP][PASSED] - if (OTP[i] == "8"): null

2022-06-23 11:33:08 - [TEST_STEP][PASSED] - if (OTP[i] == "9"): null

2022-06-23 11:33:08 - [TEST_STEP][PASSED] - if (OTP[i] == "0"): null

2022-06-23 11:33:08 - [TEST_STEP][PASSED] - if (OTP[i] == "1"): null

2022-06-23 11:33:08 - [TEST_STEP][PASSED] - if (OTP[i] == "2"): null

2022-06-23 11:33:08 - [TEST_STEP][PASSED] - if (OTP[i] == "3"): Tapped on element 'Object Repository/Login Onboarding/PIN3'

2022-06-23 11:33:08 - [TEST_STEP][PASSED] - tap(findTestObject("Login Onboarding/PIN3"), 0): Tapped on element 'Object Repository/Login Onboarding/PIN3'

2022-06-23 11:33:08 - [MESSAGE][WARNING] - Timeout '0' is invalid. Using default page load timeout: '40'

2022-06-23 11:33:10 - [MESSAGE][PASSED] - Tapped on element 'Object Repository/Login Onboarding/PIN3'

2022-06-23 11:33:10 - [TEST_STEP][PASSED] - if (OTP[i] == "4"): null

2022-06-23 11:33:10 - [TEST_STEP][PASSED] - if (OTP[i] == "5"): null

2022-06-23 11:33:10 - [TEST_STEP][PASSED] - if (OTP[i] == "6"): null

2022-06-23 11:33:10 - [TEST_STEP][PASSED] - if (OTP[i] == "7"): null

2022-06-23 11:33:10 - [TEST_STEP][PASSED] - if (OTP[i] == "8"): null

2022-06-23 11:33:10 - [TEST_STEP][PASSED] - if (OTP[i] == "9"): null

2022-06-23 11:33:10 - [TEST_STEP][PASSED] - delay(3): Delayed 3 second(s)

2022-06-23 11:33:13 - [MESSAGE][PASSED] - Delayed 3 second(s)

2022-06-23 11:33:13 - [TEST_STEP][FAILED] - tap(findTestObject("Main/mainOTPTickBtn"), 0): Object Object Repository/Main/mainOTPTickBtn not found

2022-06-23 11:33:13 - [MESSAGE][WARNING] - Timeout '0' is invalid. Using default page load timeout: '40'

2022-06-23 11:33:53 - [MESSAGE][FAILED] - Object Object Repository/Main/mainOTPTickBtn not found

2022-06-23 11:33:53 - [TEST_STEP][PASSED] - delay(5): Delayed 5 second(s)

2022-06-23 11:33:58 - [MESSAGE][PASSED] - Delayed 5 second(s)

2022-06-23 11:33:58 - [TEST_STEP][PASSED] - verifyElementExist(findTestObject("Festive Season/returnAngpaoStatusMessageTxt"), 0): Element 'Object Repository/Festive Season/returnAngpaoStatusMessageTxt' is exist

2022-06-23 11:33:58 - [MESSAGE][WARNING] - Timeout '0' is invalid. Using default page load timeout: '40'

2022-06-23 11:34:03 - [MESSAGE][PASSED] - Element 'Object Repository/Festive Season/returnAngpaoStatusMessageTxt' is exist

2022-06-23 11:34:03 - [TEST_STEP][PASSED] - message = getText(findTestObject("Festive Season/returnAngpaoStatusMessageTxt"), 10): Text of element 'Object Repository/Festive Season/returnAngpaoStatusMessageTxt' is: 'Transfer failed'

2022-06-23 11:34:03 - [MESSAGE][PASSED] - Text of element 'Object Repository/Festive Season/returnAngpaoStatusMessageTxt' is: 'Transfer failed'

2022-06-23 11:34:03 - [TEST_STEP][PASSED] - println(message): null

2022-06-23 11:34:03 - [TEST_STEP][FAILED] - assert message == successTransactionMessage: Test Cases/Transfer/transfer_instantTransferIBG FAILED.
Reason:
Assertion failed: 

assert message == successTransactionMessage
       |       |  |
       |       |  Transfer accepted
       |       false
       Transfer failed

	at transfer_instantTransferIBG.run(transfer_instantTransferIBG:396)
	at com.kms.katalon.core.main.ScriptEngine.run(ScriptEngine.java:194)
	at com.kms.katalon.core.main.ScriptEngine.runScriptAsRawText(ScriptEngine.java:119)
	at com.kms.katalon.core.main.TestCaseExecutor.runScript(TestCaseExecutor.java:445)
	at com.kms.katalon.core.main.TestCaseExecutor.doExecute(TestCaseExecutor.java:436)
	at com.kms.katalon.core.main.TestCaseExecutor.processExecutionPhase(TestCaseExecutor.java:415)
	at com.kms.katalon.core.main.TestCaseExecutor.accessMainPhase(TestCaseExecutor.java:407)
	at com.kms.katalon.core.main.TestCaseExecutor.execute(TestCaseExecutor.java:284)
	at com.kms.katalon.core.common.CommonExecutor.accessTestCaseMainPhase(CommonExecutor.java:65)
	at com.kms.katalon.core.main.TestSuiteExecutor.accessTestSuiteMainPhase(TestSuiteExecutor.java:144)
	at com.kms.katalon.core.main.TestSuiteExecutor.execute(TestSuiteExecutor.java:106)
	at com.kms.katalon.core.main.TestCaseMain.startTestSuite(TestCaseMain.java:185)
	at com.kms.katalon.core.main.TestCaseMain$startTestSuite$0.call(Unknown Source)
	at TempTestSuite1655954198973.run(TempTestSuite1655954198973.groovy:36)


2022-06-23 11:34:03 - [MESSAGE][FAILED] - Test Cases/Transfer/transfer_instantTransferIBG FAILED.
Reason:
Assertion failed: 

assert message == successTransactionMessage
       |       |  |
       |       |  Transfer accepted
       |       false
       Transfer failed

	at transfer_instantTransferIBG.run(transfer_instantTransferIBG:396)
	at com.kms.katalon.core.main.ScriptEngine.run(ScriptEngine.java:194)
	at com.kms.katalon.core.main.ScriptEngine.runScriptAsRawText(ScriptEngine.java:119)
	at com.kms.katalon.core.main.TestCaseExecutor.runScript(TestCaseExecutor.java:445)
	at com.kms.katalon.core.main.TestCaseExecutor.doExecute(TestCaseExecutor.java:436)
	at com.kms.katalon.core.main.TestCaseExecutor.processExecutionPhase(TestCaseExecutor.java:415)
	at com.kms.katalon.core.main.TestCaseExecutor.accessMainPhase(TestCaseExecutor.java:407)
	at com.kms.katalon.core.main.TestCaseExecutor.execute(TestCaseExecutor.java:284)
	at com.kms.katalon.core.common.CommonExecutor.accessTestCaseMainPhase(CommonExecutor.java:65)
	at com.kms.katalon.core.main.TestSuiteExecutor.accessTestSuiteMainPhase(TestSuiteExecutor.java:144)
	at com.kms.katalon.core.main.TestSuiteExecutor.execute(TestSuiteExecutor.java:106)
	at com.kms.katalon.core.main.TestCaseMain.startTestSuite(TestCaseMain.java:185)
	at com.kms.katalon.core.main.TestCaseMain$startTestSuite$0.call(Unknown Source)
	at TempTestSuite1655954198973.run(TempTestSuite1655954198973.groovy:36)]]></system-out>
         <system-err><![CDATA[2022-06-23 11:28:37 - [TEST_CASE][FAILED] - Test Cases/Transfer/transfer_instantTransferIBG: Test Cases/Transfer/transfer_instantTransferIBG FAILED.
Reason:
com.kms.katalon.core.exception.StepFailedException: Object Object Repository/Main/mainOTPTickBtn not found
	at com.kms.katalon.core.keyword.internal.KeywordMain.stepFailed(KeywordMain.groovy:39)
	at com.kms.katalon.core.mobile.keyword.internal.MobileKeywordMain.stepFailed(MobileKeywordMain.groovy:40)
	at com.kms.katalon.core.mobile.keyword.builtin.TapKeyword$_tap_closure1.doCall(TapKeyword.groovy:79)
	at com.kms.katalon.core.mobile.keyword.builtin.TapKeyword$_tap_closure1.call(TapKeyword.groovy)
	at com.kms.katalon.core.mobile.keyword.internal.MobileKeywordMain.runKeyword(MobileKeywordMain.groovy:21)
	at com.kms.katalon.core.mobile.keyword.builtin.TapKeyword.tap(TapKeyword.groovy:84)
	at com.kms.katalon.core.mobile.keyword.builtin.TapKeyword.execute(TapKeyword.groovy:68)
	at com.kms.katalon.core.keyword.internal.KeywordExecutor.executeKeywordForPlatform(KeywordExecutor.groovy:74)
	at com.kms.katalon.core.mobile.keyword.MobileBuiltInKeywords.tap(MobileBuiltInKeywords.groovy:1490)
	at com.kms.katalon.core.mobile.keyword.MobileBuiltInKeywords$tap$4.call(Unknown Source)
	at transfer_instantTransferIBG.run(transfer_instantTransferIBG:377)
	at com.kms.katalon.core.main.ScriptEngine.run(ScriptEngine.java:194)
	at com.kms.katalon.core.main.ScriptEngine.runScriptAsRawText(ScriptEngine.java:119)
	at com.kms.katalon.core.main.TestCaseExecutor.runScript(TestCaseExecutor.java:445)
	at com.kms.katalon.core.main.TestCaseExecutor.doExecute(TestCaseExecutor.java:436)
	at com.kms.katalon.core.main.TestCaseExecutor.processExecutionPhase(TestCaseExecutor.java:415)
	at com.kms.katalon.core.main.TestCaseExecutor.accessMainPhase(TestCaseExecutor.java:407)
	at com.kms.katalon.core.main.TestCaseExecutor.execute(TestCaseExecutor.java:284)
	at com.kms.katalon.core.common.CommonExecutor.accessTestCaseMainPhase(CommonExecutor.java:65)
	at com.kms.katalon.core.main.TestSuiteExecutor.accessTestSuiteMainPhase(TestSuiteExecutor.java:144)
	at com.kms.katalon.core.main.TestSuiteExecutor.execute(TestSuiteExecutor.java:106)
	at com.kms.katalon.core.main.TestCaseMain.startTestSuite(TestCaseMain.java:185)
	at com.kms.katalon.core.main.TestCaseMain$startTestSuite$0.call(Unknown Source)
	at TempTestSuite1655954198973.run(TempTestSuite1655954198973.groovy:36)]]></system-err>
      </testcase>
      <testcase name="Test Cases/Transfer/transfer_instantTransferSchedule" time="270.673" classname="Test Cases/Transfer/transfer_instantTransferSchedule" status="PASSED">
         <system-out><![CDATA[2022-06-23 11:34:03 - [TEST_CASE][PASSED] - Test Cases/Transfer/transfer_instantTransferSchedule: Test Cases/Transfer/transfer_instantTransferSchedule

2022-06-23 11:34:04 - [TEST_STEP][PASSED] - delay(5): Delayed 5 second(s)

2022-06-23 11:34:09 - [MESSAGE][PASSED] - Delayed 5 second(s)

2022-06-23 11:34:09 - [TEST_STEP][PASSED] - device_Height = getDeviceHeight(): Current device physical height is 2167

2022-06-23 11:34:09 - [MESSAGE][PASSED] - Current device physical height is 2167

2022-06-23 11:34:09 - [TEST_STEP][PASSED] - device_Width = getDeviceWidth(): Current device physical width is 1080

2022-06-23 11:34:09 - [MESSAGE][PASSED] - Current device physical width is 1080

2022-06-23 11:34:09 - [TEST_STEP][PASSED] - startX = device_Width / 3: null

2022-06-23 11:34:09 - [TEST_STEP][PASSED] - startY = device_Height * 0.97: null

2022-06-23 11:34:09 - [TEST_STEP][PASSED] - verifyElementVisible(findTestObject("Banking/m2uAccountTransferIconSelect"), 0): Element 'Object Repository/Banking/m2uAccountTransferIconSelect' is visible

2022-06-23 11:34:09 - [MESSAGE][WARNING] - Timeout '0' is invalid. Using default page load timeout: '40'

2022-06-23 11:34:16 - [MESSAGE][PASSED] - Element 'Object Repository/Banking/m2uAccountTransferIconSelect' is visible

2022-06-23 11:34:16 - [TEST_STEP][PASSED] - tap(findTestObject("Banking/m2uAccountTransferIconSelect"), 0): Tapped on element 'Object Repository/Banking/m2uAccountTransferIconSelect'

2022-06-23 11:34:16 - [MESSAGE][WARNING] - Timeout '0' is invalid. Using default page load timeout: '40'

2022-06-23 11:34:16 - [MESSAGE][PASSED] - Tapped on element 'Object Repository/Banking/m2uAccountTransferIconSelect'

2022-06-23 11:34:16 - [TEST_STEP][PASSED] - delay(5): Delayed 5 second(s)

2022-06-23 11:34:21 - [MESSAGE][PASSED] - Delayed 5 second(s)

2022-06-23 11:34:21 - [TEST_STEP][PASSED] - println("InterBank Test Case Started"): null

2022-06-23 11:34:21 - [TEST_STEP][PASSED] - tap(findTestObject("Banking/transferOthersTopMenuSelect"), 0): Tapped on element 'Object Repository/Banking/transferOthersTopMenuSelect'

2022-06-23 11:34:21 - [MESSAGE][WARNING] - Timeout '0' is invalid. Using default page load timeout: '40'

2022-06-23 11:35:22 - [MESSAGE][PASSED] - Tapped on element 'Object Repository/Banking/transferOthersTopMenuSelect'

2022-06-23 11:35:22 - [TEST_STEP][PASSED] - tap(findTestObject("Banking/transferBanksIconSelect"), 0): Tapped on element 'Object Repository/Banking/transferBanksIconSelect'

2022-06-23 11:35:22 - [MESSAGE][WARNING] - Timeout '0' is invalid. Using default page load timeout: '40'

2022-06-23 11:36:15 - [MESSAGE][PASSED] - Tapped on element 'Object Repository/Banking/transferBanksIconSelect'

2022-06-23 11:36:15 - [TEST_STEP][PASSED] - scrollToText("PUBLIC BANK", STOP_ON_FAILURE): Scrolling to text 'PUBLIC BANK' successfully

2022-06-23 11:36:27 - [MESSAGE][PASSED] - Scrolling to text 'PUBLIC BANK' successfully

2022-06-23 11:36:27 - [TEST_STEP][PASSED] - tap(findTestObject("Banking/transferBankSelection", ["text":"PUBLIC BANK"]), 10): Tapped on element 'Object Repository/Banking/transferBankSelection'

2022-06-23 11:36:27 - [MESSAGE][PASSED] - Tapped on element 'Object Repository/Banking/transferBankSelection'

2022-06-23 11:36:27 - [TEST_STEP][PASSED] - setText(findTestObject("Banking/transferAccountNoInputField"), accountNum, 0): Text '3099117112' has been set to element 'Object Repository/Banking/transferAccountNoInputField'

2022-06-23 11:36:27 - [MESSAGE][WARNING] - Timeout '0' is invalid. Using default page load timeout: '40'

2022-06-23 11:36:30 - [MESSAGE][PASSED] - Text '3099117112' has been set to element 'Object Repository/Banking/transferAccountNoInputField'

2022-06-23 11:36:30 - [TEST_STEP][PASSED] - hideKeyboard(): Keyboard is hidden

2022-06-23 11:36:34 - [MESSAGE][PASSED] - Keyboard is hidden

2022-06-23 11:36:34 - [TEST_STEP][PASSED] - tap(findTestObject("Login Onboarding/loginExistingContinueBtn"), 0): Tapped on element 'Object Repository/Login Onboarding/loginExistingContinueBtn'

2022-06-23 11:36:35 - [MESSAGE][WARNING] - Timeout '0' is invalid. Using default page load timeout: '40'

2022-06-23 11:36:35 - [MESSAGE][PASSED] - Tapped on element 'Object Repository/Login Onboarding/loginExistingContinueBtn'

2022-06-23 11:36:35 - [TEST_STEP][PASSED] - delay(5): Delayed 5 second(s)

2022-06-23 11:36:40 - [MESSAGE][PASSED] - Delayed 5 second(s)

2022-06-23 11:36:40 - [TEST_STEP][PASSED] - verifyElementText(findTestObject("Transfer/transferAmounttAccNoTxt", ["accNo":accNo]), accNo): Actual text and expected text of test object 'Object Repository/Transfer/transferAmounttAccNoTxt' are matched.

2022-06-23 11:36:40 - [MESSAGE][PASSED] - Actual text and expected text of test object 'Object Repository/Transfer/transferAmounttAccNoTxt' are matched.

2022-06-23 11:36:40 - [TEST_STEP][PASSED] - verifyElementText(findTestObject("Transfer/transferAmounttAccBankTxt", ["accBank":accBank]), accBank): Actual text and expected text of test object 'Object Repository/Transfer/transferAmounttAccBankTxt' are matched.

2022-06-23 11:36:40 - [MESSAGE][PASSED] - Actual text and expected text of test object 'Object Repository/Transfer/transferAmounttAccBankTxt' are matched.

2022-06-23 11:36:40 - [TEST_STEP][PASSED] - verifyElementExist(findTestObject("Transfer/transferAmountRMTxt"), 0): Element 'Object Repository/Transfer/transferAmountRMTxt' is exist

2022-06-23 11:36:40 - [MESSAGE][WARNING] - Timeout '0' is invalid. Using default page load timeout: '40'

2022-06-23 11:36:40 - [MESSAGE][PASSED] - Element 'Object Repository/Transfer/transferAmountRMTxt' is exist

2022-06-23 11:36:40 - [TEST_STEP][PASSED] - verifyElementExist(findTestObject("Transfer/transferAmountEnterAmountTitleTxt"), 0): Element 'Object Repository/Transfer/transferAmountEnterAmountTitleTxt' is exist

2022-06-23 11:36:40 - [MESSAGE][WARNING] - Timeout '0' is invalid. Using default page load timeout: '40'

2022-06-23 11:36:40 - [MESSAGE][PASSED] - Element 'Object Repository/Transfer/transferAmountEnterAmountTitleTxt' is exist

2022-06-23 11:36:40 - [TEST_STEP][PASSED] - verifyElementExist(findTestObject("Login Onboarding/PIN4"), 0): Element 'Object Repository/Login Onboarding/PIN4' is exist

2022-06-23 11:36:40 - [MESSAGE][WARNING] - Timeout '0' is invalid. Using default page load timeout: '40'

2022-06-23 11:36:41 - [MESSAGE][PASSED] - Element 'Object Repository/Login Onboarding/PIN4' is exist

2022-06-23 11:36:41 - [TEST_STEP][PASSED] - tap(findTestObject("Login Onboarding/PIN4"), 0): Tapped on element 'Object Repository/Login Onboarding/PIN4'

2022-06-23 11:36:41 - [MESSAGE][WARNING] - Timeout '0' is invalid. Using default page load timeout: '40'

2022-06-23 11:36:41 - [MESSAGE][PASSED] - Tapped on element 'Object Repository/Login Onboarding/PIN4'

2022-06-23 11:36:41 - [TEST_STEP][PASSED] - delay(3): Delayed 3 second(s)

2022-06-23 11:36:44 - [MESSAGE][PASSED] - Delayed 3 second(s)

2022-06-23 11:36:44 - [TEST_STEP][PASSED] - verifyElementText(findTestObject("Transfer/transferAmountInputValueTxt", ["value":"0.04"]), "0.04"): Actual text and expected text of test object 'Object Repository/Transfer/transferAmountInputValueTxt' are matched.

2022-06-23 11:36:44 - [MESSAGE][PASSED] - Actual text and expected text of test object 'Object Repository/Transfer/transferAmountInputValueTxt' are matched.

2022-06-23 11:36:44 - [TEST_STEP][PASSED] - delay(3): Delayed 3 second(s)

2022-06-23 11:36:47 - [MESSAGE][PASSED] - Delayed 3 second(s)

2022-06-23 11:36:47 - [TEST_STEP][PASSED] - tap(findTestObject("Login Onboarding/loginPinTickBtn"), 0): Tapped on element 'Object Repository/Login Onboarding/loginPinTickBtn'

2022-06-23 11:36:47 - [MESSAGE][WARNING] - Timeout '0' is invalid. Using default page load timeout: '40'

2022-06-23 11:36:47 - [MESSAGE][PASSED] - Tapped on element 'Object Repository/Login Onboarding/loginPinTickBtn'

2022-06-23 11:36:47 - [TEST_STEP][PASSED] - delay(3): Delayed 3 second(s)

2022-06-23 11:36:50 - [MESSAGE][PASSED] - Delayed 3 second(s)

2022-06-23 11:36:50 - [TEST_STEP][PASSED] - verifyElementText(findTestObject("Transfer/transferReferenceAccNoTxt", ["accNo":accNo]), accNo): Actual text and expected text of test object 'Object Repository/Transfer/transferReferenceAccNoTxt' are matched.

2022-06-23 11:36:50 - [MESSAGE][PASSED] - Actual text and expected text of test object 'Object Repository/Transfer/transferReferenceAccNoTxt' are matched.

2022-06-23 11:36:50 - [TEST_STEP][PASSED] - verifyElementText(findTestObject("Transfer/transferReferenceAccBankTxt", ["accBank":accBank]), accBank): Actual text and expected text of test object 'Object Repository/Transfer/transferReferenceAccBankTxt' are matched.

2022-06-23 11:36:51 - [MESSAGE][PASSED] - Actual text and expected text of test object 'Object Repository/Transfer/transferReferenceAccBankTxt' are matched.

2022-06-23 11:36:51 - [TEST_STEP][PASSED] - verifyElementExist(findTestObject("Transfer/transferReferenceInputField"), 0): Element 'Object Repository/Transfer/transferReferenceInputField' is exist

2022-06-23 11:36:51 - [MESSAGE][WARNING] - Timeout '0' is invalid. Using default page load timeout: '40'

2022-06-23 11:36:51 - [MESSAGE][PASSED] - Element 'Object Repository/Transfer/transferReferenceInputField' is exist

2022-06-23 11:36:51 - [TEST_STEP][PASSED] - setText(findTestObject("Banking/transferReferenceInputField"), "InstantTransferSched", 0): Text 'InstantTransferSched' has been set to element 'Object Repository/Banking/transferReferenceInputField'

2022-06-23 11:36:51 - [MESSAGE][WARNING] - Timeout '0' is invalid. Using default page load timeout: '40'

2022-06-23 11:36:52 - [MESSAGE][PASSED] - Text 'InstantTransferSched' has been set to element 'Object Repository/Banking/transferReferenceInputField'

2022-06-23 11:36:52 - [TEST_STEP][PASSED] - hideKeyboard(): Keyboard is hidden

2022-06-23 11:36:53 - [MESSAGE][PASSED] - Keyboard is hidden

2022-06-23 11:36:53 - [TEST_STEP][PASSED] - verifyElementText(findTestObject("Transfer/transferReferenceInputFieldAfter", ["reference":"InstantTransferSched"]), "InstantTransferSched"): Actual text and expected text of test object 'Object Repository/Transfer/transferReferenceInputFieldAfter' are matched.

2022-06-23 11:36:54 - [MESSAGE][PASSED] - Actual text and expected text of test object 'Object Repository/Transfer/transferReferenceInputFieldAfter' are matched.

2022-06-23 11:36:54 - [TEST_STEP][PASSED] - tap(findTestObject("Login Onboarding/loginExistingContinueBtn"), 0): Tapped on element 'Object Repository/Login Onboarding/loginExistingContinueBtn'

2022-06-23 11:36:54 - [MESSAGE][WARNING] - Timeout '0' is invalid. Using default page load timeout: '40'

2022-06-23 11:36:54 - [MESSAGE][PASSED] - Tapped on element 'Object Repository/Login Onboarding/loginExistingContinueBtn'

2022-06-23 11:36:54 - [TEST_STEP][PASSED] - verifyElementText(findTestObject("Transfer/transferReferenceAccNoTxt", ["accNo":accNo]), accNo): Actual text and expected text of test object 'Object Repository/Transfer/transferReferenceAccNoTxt' are matched.

2022-06-23 11:36:54 - [MESSAGE][PASSED] - Actual text and expected text of test object 'Object Repository/Transfer/transferReferenceAccNoTxt' are matched.

2022-06-23 11:36:54 - [TEST_STEP][PASSED] - verifyElementText(findTestObject("Transfer/transferReferenceAccBankTxt", ["accBank":accBank]), accBank): Actual text and expected text of test object 'Object Repository/Transfer/transferReferenceAccBankTxt' are matched.

2022-06-23 11:36:54 - [MESSAGE][PASSED] - Actual text and expected text of test object 'Object Repository/Transfer/transferReferenceAccBankTxt' are matched.

2022-06-23 11:36:54 - [TEST_STEP][PASSED] - tap(findTestObject("Banking/transferTypeDropdownSelection"), 0): Tapped on element 'Object Repository/Banking/transferTypeDropdownSelection'

2022-06-23 11:36:54 - [MESSAGE][WARNING] - Timeout '0' is invalid. Using default page load timeout: '40'

2022-06-23 11:36:59 - [MESSAGE][PASSED] - Tapped on element 'Object Repository/Banking/transferTypeDropdownSelection'

2022-06-23 11:36:59 - [TEST_STEP][PASSED] - scrollToText("Fund Transfer", STOP_ON_FAILURE): Scrolling to text 'Fund Transfer' successfully

2022-06-23 11:37:14 - [MESSAGE][PASSED] - Scrolling to text 'Fund Transfer' successfully

2022-06-23 11:37:14 - [TEST_STEP][PASSED] - tap(findTestObject("Banking/tansferTypeFundDropdownSelection"), 0): Tapped on element 'Object Repository/Banking/tansferTypeFundDropdownSelection'

2022-06-23 11:37:14 - [MESSAGE][WARNING] - Timeout '0' is invalid. Using default page load timeout: '40'

2022-06-23 11:37:14 - [MESSAGE][PASSED] - Tapped on element 'Object Repository/Banking/tansferTypeFundDropdownSelection'

2022-06-23 11:37:14 - [TEST_STEP][PASSED] - tap(findTestObject("Banking/transferModeDropdownDoneBtn"), 0): Tapped on element 'Object Repository/Banking/transferModeDropdownDoneBtn'

2022-06-23 11:37:14 - [MESSAGE][WARNING] - Timeout '0' is invalid. Using default page load timeout: '40'

2022-06-23 11:37:14 - [MESSAGE][PASSED] - Tapped on element 'Object Repository/Banking/transferModeDropdownDoneBtn'

2022-06-23 11:37:14 - [TEST_STEP][PASSED] - delay(3): Delayed 3 second(s)

2022-06-23 11:37:17 - [MESSAGE][PASSED] - Delayed 3 second(s)

2022-06-23 11:37:17 - [TEST_STEP][PASSED] - verifyElementExist(findTestObject("Transfer/instantTransferModeDuitTxt", ["mode":"DuitNow Transfer"]), 0): Element 'Object Repository/Transfer/instantTransferModeDuitTxt' is exist

2022-06-23 11:37:17 - [MESSAGE][WARNING] - Timeout '0' is invalid. Using default page load timeout: '40'

2022-06-23 11:37:17 - [MESSAGE][PASSED] - Element 'Object Repository/Transfer/instantTransferModeDuitTxt' is exist

2022-06-23 11:37:17 - [TEST_STEP][PASSED] - verifyElementExist(findTestObject("Transfer/instantTransferModeTitleTxt"), 0): Element 'Object Repository/Transfer/instantTransferModeTitleTxt' is exist

2022-06-23 11:37:17 - [MESSAGE][WARNING] - Timeout '0' is invalid. Using default page load timeout: '40'

2022-06-23 11:37:17 - [MESSAGE][PASSED] - Element 'Object Repository/Transfer/instantTransferModeTitleTxt' is exist

2022-06-23 11:37:17 - [TEST_STEP][PASSED] - verifyElementExist(findTestObject("Transfer/instantTransferTypeFundTxt"), 0): Element 'Object Repository/Transfer/instantTransferTypeFundTxt' is exist

2022-06-23 11:37:17 - [MESSAGE][WARNING] - Timeout '0' is invalid. Using default page load timeout: '40'

2022-06-23 11:37:18 - [MESSAGE][PASSED] - Element 'Object Repository/Transfer/instantTransferTypeFundTxt' is exist

2022-06-23 11:37:18 - [TEST_STEP][PASSED] - verifyElementExist(findTestObject("Transfer/instantTransferTypeTitleTxt"), 0): Element 'Object Repository/Transfer/instantTransferTypeTitleTxt' is exist

2022-06-23 11:37:18 - [MESSAGE][WARNING] - Timeout '0' is invalid. Using default page load timeout: '40'

2022-06-23 11:37:18 - [MESSAGE][PASSED] - Element 'Object Repository/Transfer/instantTransferTypeTitleTxt' is exist

2022-06-23 11:37:18 - [TEST_STEP][PASSED] - tap(findTestObject("Login Onboarding/loginExistingContinueBtn"), 0): Tapped on element 'Object Repository/Login Onboarding/loginExistingContinueBtn'

2022-06-23 11:37:18 - [MESSAGE][WARNING] - Timeout '0' is invalid. Using default page load timeout: '40'

2022-06-23 11:37:18 - [MESSAGE][PASSED] - Tapped on element 'Object Repository/Login Onboarding/loginExistingContinueBtn'

2022-06-23 11:37:18 - [TEST_STEP][PASSED] - verifyElementText(findTestObject("Transfer/transferConfirmationTransactionDateTxt"), "Today"): Actual text and expected text of test object 'Object Repository/Transfer/transferConfirmationTransactionDateTxt' are matched.

2022-06-23 11:37:25 - [MESSAGE][PASSED] - Actual text and expected text of test object 'Object Repository/Transfer/transferConfirmationTransactionDateTxt' are matched.

2022-06-23 11:37:25 - [TEST_STEP][PASSED] - tap(findTestObject("Transfer/transferConfirmationTransactionDateTxt"), 0): Tapped on element 'Object Repository/Transfer/transferConfirmationTransactionDateTxt'

2022-06-23 11:37:25 - [MESSAGE][WARNING] - Timeout '0' is invalid. Using default page load timeout: '40'

2022-06-23 11:37:25 - [MESSAGE][PASSED] - Tapped on element 'Object Repository/Transfer/transferConfirmationTransactionDateTxt'

2022-06-23 11:37:25 - [TEST_STEP][PASSED] - tap(findTestObject("Main/mainCalenderPickerNextBtn"), 0): Tapped on element 'Object Repository/Main/mainCalenderPickerNextBtn'

2022-06-23 11:37:25 - [MESSAGE][WARNING] - Timeout '0' is invalid. Using default page load timeout: '40'

2022-06-23 11:37:26 - [MESSAGE][PASSED] - Tapped on element 'Object Repository/Main/mainCalenderPickerNextBtn'

2022-06-23 11:37:26 - [TEST_STEP][PASSED] - delay(3): Delayed 3 second(s)

2022-06-23 11:37:29 - [MESSAGE][PASSED] - Delayed 3 second(s)

2022-06-23 11:37:29 - [TEST_STEP][PASSED] - tap(findTestObject("Main/mainDatePicker1"), 0): Tapped on element 'Object Repository/Main/mainDatePicker1'

2022-06-23 11:37:30 - [MESSAGE][WARNING] - Timeout '0' is invalid. Using default page load timeout: '40'

2022-06-23 11:37:30 - [MESSAGE][PASSED] - Tapped on element 'Object Repository/Main/mainDatePicker1'

2022-06-23 11:37:30 - [TEST_STEP][PASSED] - tap(findTestObject("Main/mainCalenderPickerDoneBtn"), 0): Tapped on element 'Object Repository/Main/mainCalenderPickerDoneBtn'

2022-06-23 11:37:30 - [MESSAGE][WARNING] - Timeout '0' is invalid. Using default page load timeout: '40'

2022-06-23 11:37:30 - [MESSAGE][PASSED] - Tapped on element 'Object Repository/Main/mainCalenderPickerDoneBtn'

2022-06-23 11:37:30 - [TEST_STEP][PASSED] - verifyElementText(findTestObject("Transfer/transferConfirmationAccountNameTxt", ["accName":accName]), accName): Actual text and expected text of test object 'Object Repository/Transfer/transferConfirmationAccountNameTxt' are matched.

2022-06-23 11:37:31 - [MESSAGE][PASSED] - Actual text and expected text of test object 'Object Repository/Transfer/transferConfirmationAccountNameTxt' are matched.

2022-06-23 11:37:31 - [TEST_STEP][PASSED] - verifyElementText(findTestObject("Transfer/transferConfirmationAccountNoTxt", ["accNo":accNo]), accNo): Actual text and expected text of test object 'Object Repository/Transfer/transferConfirmationAccountNoTxt' are matched.

2022-06-23 11:37:31 - [MESSAGE][PASSED] - Actual text and expected text of test object 'Object Repository/Transfer/transferConfirmationAccountNoTxt' are matched.

2022-06-23 11:37:31 - [TEST_STEP][PASSED] - verifyElementText(findTestObject("Transfer/transferConfirmationAmountTxt", ["amount":"RM 0.04"]), "RM 0.04"): Actual text and expected text of test object 'Object Repository/Transfer/transferConfirmationAmountTxt' are matched.

2022-06-23 11:37:31 - [MESSAGE][PASSED] - Actual text and expected text of test object 'Object Repository/Transfer/transferConfirmationAmountTxt' are matched.

2022-06-23 11:37:31 - [TEST_STEP][PASSED] - verifyElementText(findTestObject("Transfer/transferConfirmationTransactionRecRefTxt", ["reference":"InstantTransferSched"]), "InstantTransferSched"): Actual text and expected text of test object 'Object Repository/Transfer/transferConfirmationTransactionRecRefTxt' are matched.

2022-06-23 11:37:32 - [MESSAGE][PASSED] - Actual text and expected text of test object 'Object Repository/Transfer/transferConfirmationTransactionRecRefTxt' are matched.

2022-06-23 11:37:32 - [TEST_STEP][PASSED] - verifyElementText(findTestObject("Transfer/transferConfirmationTransactionBankTxt", ["accBank":accBank]), accBank): Actual text and expected text of test object 'Object Repository/Transfer/transferConfirmationTransactionBankTxt' are matched.

2022-06-23 11:37:32 - [MESSAGE][PASSED] - Actual text and expected text of test object 'Object Repository/Transfer/transferConfirmationTransactionBankTxt' are matched.

2022-06-23 11:37:32 - [TEST_STEP][PASSED] - verifyElementText(findTestObject("Transfer/transferConfirmationOptionalGreyWordTxt"), "Optional"): Actual text and expected text of test object 'Object Repository/Transfer/transferConfirmationOptionalGreyWordTxt' are matched.

2022-06-23 11:37:32 - [MESSAGE][PASSED] - Actual text and expected text of test object 'Object Repository/Transfer/transferConfirmationOptionalGreyWordTxt' are matched.

2022-06-23 11:37:32 - [TEST_STEP][PASSED] - verifyElementText(findTestObject("Transfer/instantTransferConfirmationTransactionTypeTxt"), "Fund Transfer"): Actual text and expected text of test object 'Object Repository/Transfer/instantTransferConfirmationTransactionTypeTxt' are matched.

2022-06-23 11:37:32 - [MESSAGE][PASSED] - Actual text and expected text of test object 'Object Repository/Transfer/instantTransferConfirmationTransactionTypeTxt' are matched.

2022-06-23 11:37:32 - [TEST_STEP][PASSED] - verifyElementText(findTestObject("Transfer/instantTransferConfirmationTransactionModeTxt", ["modeC":"DuitNow Transfer"]), "DuitNow Transfer"): Actual text and expected text of test object 'Object Repository/Transfer/instantTransferConfirmationTransactionModeTxt' are matched.

2022-06-23 11:37:32 - [MESSAGE][PASSED] - Actual text and expected text of test object 'Object Repository/Transfer/instantTransferConfirmationTransactionModeTxt' are matched.

2022-06-23 11:37:32 - [TEST_STEP][PASSED] - verifyElementText(findTestObject("Transfer/instantTransferConfirmationTransactionServiceTxt"), "RM 0.00"): Actual text and expected text of test object 'Object Repository/Transfer/instantTransferConfirmationTransactionServiceTxt' are matched.

2022-06-23 11:37:33 - [MESSAGE][PASSED] - Actual text and expected text of test object 'Object Repository/Transfer/instantTransferConfirmationTransactionServiceTxt' are matched.

2022-06-23 11:37:33 - [TEST_STEP][PASSED] - verifyElementExist(findTestObject("Transfer/transferConfirmationBankNameTitleTxt"), 0): Element 'Object Repository/Transfer/transferConfirmationBankNameTitleTxt' is exist

2022-06-23 11:37:33 - [MESSAGE][WARNING] - Timeout '0' is invalid. Using default page load timeout: '40'

2022-06-23 11:37:33 - [MESSAGE][PASSED] - Element 'Object Repository/Transfer/transferConfirmationBankNameTitleTxt' is exist

2022-06-23 11:37:33 - [TEST_STEP][PASSED] - verifyElementExist(findTestObject("Transfer/transferConfirmationDateTitleTxt"), 0): Element 'Object Repository/Transfer/transferConfirmationDateTitleTxt' is exist

2022-06-23 11:37:33 - [MESSAGE][WARNING] - Timeout '0' is invalid. Using default page load timeout: '40'

2022-06-23 11:37:33 - [MESSAGE][PASSED] - Element 'Object Repository/Transfer/transferConfirmationDateTitleTxt' is exist

2022-06-23 11:37:33 - [TEST_STEP][PASSED] - verifyElementExist(findTestObject("Transfer/transferConfirmationRecRefTitleTxt"), 0): Element 'Object Repository/Transfer/transferConfirmationRecRefTitleTxt' is exist

2022-06-23 11:37:33 - [MESSAGE][WARNING] - Timeout '0' is invalid. Using default page load timeout: '40'

2022-06-23 11:37:33 - [MESSAGE][PASSED] - Element 'Object Repository/Transfer/transferConfirmationRecRefTitleTxt' is exist

2022-06-23 11:37:33 - [TEST_STEP][PASSED] - verifyElementExist(findTestObject("Transfer/transferConfirmationPaymentDetailsTitleTxt"), 0): Element 'Object Repository/Transfer/transferConfirmationPaymentDetailsTitleTxt' is exist

2022-06-23 11:37:33 - [MESSAGE][WARNING] - Timeout '0' is invalid. Using default page load timeout: '40'

2022-06-23 11:37:33 - [MESSAGE][PASSED] - Element 'Object Repository/Transfer/transferConfirmationPaymentDetailsTitleTxt' is exist

2022-06-23 11:37:33 - [TEST_STEP][PASSED] - verifyElementExist(findTestObject("Transfer/instantTransferConfirmationModeTitleTxt"), 0): Element 'Object Repository/Transfer/instantTransferConfirmationModeTitleTxt' is exist

2022-06-23 11:37:33 - [MESSAGE][WARNING] - Timeout '0' is invalid. Using default page load timeout: '40'

2022-06-23 11:37:33 - [MESSAGE][PASSED] - Element 'Object Repository/Transfer/instantTransferConfirmationModeTitleTxt' is exist

2022-06-23 11:37:33 - [TEST_STEP][PASSED] - verifyElementExist(findTestObject("Transfer/instantTransferConfirmationServiceFeeTitleTxt"), 0): Element 'Object Repository/Transfer/instantTransferConfirmationServiceFeeTitleTxt' is exist

2022-06-23 11:37:33 - [MESSAGE][WARNING] - Timeout '0' is invalid. Using default page load timeout: '40'

2022-06-23 11:37:34 - [MESSAGE][PASSED] - Element 'Object Repository/Transfer/instantTransferConfirmationServiceFeeTitleTxt' is exist

2022-06-23 11:37:34 - [TEST_STEP][PASSED] - verifyElementExist(findTestObject("Transfer/instantTransferConfirmationTypeTitleTxt"), 0): Element 'Object Repository/Transfer/instantTransferConfirmationTypeTitleTxt' is exist

2022-06-23 11:37:34 - [MESSAGE][WARNING] - Timeout '0' is invalid. Using default page load timeout: '40'

2022-06-23 11:37:34 - [MESSAGE][PASSED] - Element 'Object Repository/Transfer/instantTransferConfirmationTypeTitleTxt' is exist

2022-06-23 11:37:34 - [TEST_STEP][PASSED] - verifyElementExist(findTestObject("Transfer/transferConfirmationNoteTitleTxt"), 0): Element 'Object Repository/Transfer/transferConfirmationNoteTitleTxt' is exist

2022-06-23 11:37:34 - [MESSAGE][WARNING] - Timeout '0' is invalid. Using default page load timeout: '40'

2022-06-23 11:37:34 - [MESSAGE][PASSED] - Element 'Object Repository/Transfer/transferConfirmationNoteTitleTxt' is exist

2022-06-23 11:37:34 - [TEST_STEP][PASSED] - tap(findTestObject("Transfer/transferConfirmationOptionalGreyWordTxt"), 0): Tapped on element 'Object Repository/Transfer/transferConfirmationOptionalGreyWordTxt'

2022-06-23 11:37:34 - [MESSAGE][WARNING] - Timeout '0' is invalid. Using default page load timeout: '40'

2022-06-23 11:37:34 - [MESSAGE][PASSED] - Tapped on element 'Object Repository/Transfer/transferConfirmationOptionalGreyWordTxt'

2022-06-23 11:37:34 - [TEST_STEP][PASSED] - setText(findTestObject("Transfer/transferConfirmationDetailsInputField"), "Test Fav", 0): Text 'Test Fav' has been set to element 'Object Repository/Transfer/transferConfirmationDetailsInputField'

2022-06-23 11:37:34 - [MESSAGE][WARNING] - Timeout '0' is invalid. Using default page load timeout: '40'

2022-06-23 11:37:37 - [MESSAGE][PASSED] - Text 'Test Fav' has been set to element 'Object Repository/Transfer/transferConfirmationDetailsInputField'

2022-06-23 11:37:37 - [TEST_STEP][PASSED] - hideKeyboard(): Keyboard is hidden

2022-06-23 11:37:39 - [MESSAGE][PASSED] - Keyboard is hidden

2022-06-23 11:37:39 - [TEST_STEP][PASSED] - verifyElementText(findTestObject("Transfer/transferConfirmationOptionalGreyWordTxt"), "Test Fav"): Actual text and expected text of test object 'Object Repository/Transfer/transferConfirmationOptionalGreyWordTxt' are matched.

2022-06-23 11:37:39 - [MESSAGE][PASSED] - Actual text and expected text of test object 'Object Repository/Transfer/transferConfirmationOptionalGreyWordTxt' are matched.

2022-06-23 11:37:39 - [TEST_STEP][PASSED] - device_Height_2 = getDeviceHeight(): Current device physical height is 2167

2022-06-23 11:37:39 - [MESSAGE][PASSED] - Current device physical height is 2167

2022-06-23 11:37:39 - [TEST_STEP][PASSED] - device_Width_2 = getDeviceWidth(): Current device physical width is 1080

2022-06-23 11:37:40 - [MESSAGE][PASSED] - Current device physical width is 1080

2022-06-23 11:37:40 - [TEST_STEP][PASSED] - startX_2 = device_Width_2 / 2: null

2022-06-23 11:37:40 - [TEST_STEP][PASSED] - endX_2 = startX_2: null

2022-06-23 11:37:40 - [TEST_STEP][PASSED] - startY_2 = device_Height_2 * 0.30: null

2022-06-23 11:37:40 - [TEST_STEP][PASSED] - endY_2 = device_Height_2 * 0.70: null

2022-06-23 11:37:40 - [TEST_STEP][PASSED] - swipe(startX_2, endY_2, endX_2, startY_2): Swiped from 540,1,516 to 540,650

2022-06-23 11:37:41 - [MESSAGE][PASSED] - Swiped from 540,1,516 to 540,650

2022-06-23 11:37:41 - [TEST_STEP][PASSED] - verifyElementExist(findTestObject("Transfer/instantTransferConfirmationNotes1Txt"), 0): Element 'Object Repository/Transfer/instantTransferConfirmationNotes1Txt' is exist

2022-06-23 11:37:41 - [MESSAGE][WARNING] - Timeout '0' is invalid. Using default page load timeout: '40'

2022-06-23 11:37:41 - [MESSAGE][PASSED] - Element 'Object Repository/Transfer/instantTransferConfirmationNotes1Txt' is exist

2022-06-23 11:37:41 - [TEST_STEP][PASSED] - verifyElementExist(findTestObject("Transfer/transferConfirmationFTransferFromTitleTxt"), 0): Element 'Object Repository/Transfer/transferConfirmationFTransferFromTitleTxt' is exist

2022-06-23 11:37:41 - [MESSAGE][WARNING] - Timeout '0' is invalid. Using default page load timeout: '40'

2022-06-23 11:37:41 - [MESSAGE][PASSED] - Element 'Object Repository/Transfer/transferConfirmationFTransferFromTitleTxt' is exist

2022-06-23 11:37:41 - [TEST_STEP][PASSED] - verifyElementExist(findTestObject("Transfer/instantTransferConfirmationNotes2Txt"), 0): Element 'Object Repository/Transfer/instantTransferConfirmationNotes2Txt' is exist

2022-06-23 11:37:41 - [MESSAGE][WARNING] - Timeout '0' is invalid. Using default page load timeout: '40'

2022-06-23 11:37:42 - [MESSAGE][PASSED] - Element 'Object Repository/Transfer/instantTransferConfirmationNotes2Txt' is exist

2022-06-23 11:37:42 - [TEST_STEP][PASSED] - verifyElementText(findTestObject("Transfer/transferConfirmationFromAccTypeTxt", ["accType":accType]), accType): Actual text and expected text of test object 'Object Repository/Transfer/transferConfirmationFromAccTypeTxt' are matched.

2022-06-23 11:37:42 - [MESSAGE][PASSED] - Actual text and expected text of test object 'Object Repository/Transfer/transferConfirmationFromAccTypeTxt' are matched.

2022-06-23 11:37:42 - [TEST_STEP][PASSED] - verifyElementText(findTestObject("Transfer/transferConfirmationFromAccNoTxt", ["accNoFrom":accNoFrom]), accNoFrom): Actual text and expected text of test object 'Object Repository/Transfer/transferConfirmationFromAccNoTxt' are matched.

2022-06-23 11:37:42 - [MESSAGE][PASSED] - Actual text and expected text of test object 'Object Repository/Transfer/transferConfirmationFromAccNoTxt' are matched.

2022-06-23 11:37:42 - [TEST_STEP][PASSED] - verifyElementExist(findTestObject("Transfer/transferConfirmationFromAccBalanceTxt"), 0): Element 'Object Repository/Transfer/transferConfirmationFromAccBalanceTxt' is exist

2022-06-23 11:37:42 - [MESSAGE][WARNING] - Timeout '0' is invalid. Using default page load timeout: '40'

2022-06-23 11:37:42 - [MESSAGE][PASSED] - Element 'Object Repository/Transfer/transferConfirmationFromAccBalanceTxt' is exist

2022-06-23 11:37:42 - [TEST_STEP][PASSED] - accountBalance = getText(findTestObject("Transfer/transferConfirmationFromAccBalanceTxt"), 0): Text of element 'Object Repository/Transfer/transferConfirmationFromAccBalanceTxt' is: 'RM 2,409.88'

2022-06-23 11:37:42 - [MESSAGE][WARNING] - Timeout '0' is invalid. Using default page load timeout: '40'

2022-06-23 11:37:42 - [MESSAGE][PASSED] - Text of element 'Object Repository/Transfer/transferConfirmationFromAccBalanceTxt' is: 'RM 2,409.88'

2022-06-23 11:37:42 - [TEST_STEP][PASSED] - println(accountBalance): null

2022-06-23 11:37:42 - [TEST_STEP][PASSED] - tap(findTestObject("Main/mainTransferNowBtn"), 0): Tapped on element 'Object Repository/Main/mainTransferNowBtn'

2022-06-23 11:37:42 - [MESSAGE][WARNING] - Timeout '0' is invalid. Using default page load timeout: '40'

2022-06-23 11:37:43 - [MESSAGE][PASSED] - Tapped on element 'Object Repository/Main/mainTransferNowBtn'

2022-06-23 11:37:43 - [TEST_STEP][PASSED] - if (verifyElementVisible(findTestObject("Festive Season/seasonalGreetingAngpaoTACNoTxt"), 10, OPTIONAL)): Element 'Object Repository/Festive Season/seasonalGreetingAngpaoTACNoTxt' not found

2022-06-23 11:37:53 - [MESSAGE][WARNING] - Element 'Object Repository/Festive Season/seasonalGreetingAngpaoTACNoTxt' not found

2022-06-23 11:37:53 - [TEST_STEP][PASSED] - else: Tapped on element 'Object Repository/Main/mainS2UApproveBtn'

2022-06-23 11:37:53 - [TEST_STEP][PASSED] - delay(3): Delayed 3 second(s)

2022-06-23 11:37:56 - [MESSAGE][PASSED] - Delayed 3 second(s)

2022-06-23 11:37:56 - [TEST_STEP][PASSED] - verifyElementVisible(findTestObject("Main/mainS2UApproveBtn"), 0): Element 'Object Repository/Main/mainS2UApproveBtn' is visible

2022-06-23 11:37:56 - [MESSAGE][WARNING] - Timeout '0' is invalid. Using default page load timeout: '40'

2022-06-23 11:37:56 - [MESSAGE][PASSED] - Element 'Object Repository/Main/mainS2UApproveBtn' is visible

2022-06-23 11:37:56 - [TEST_STEP][PASSED] - tap(findTestObject("Main/mainS2UApproveBtn"), 0): Tapped on element 'Object Repository/Main/mainS2UApproveBtn'

2022-06-23 11:37:56 - [MESSAGE][WARNING] - Timeout '0' is invalid. Using default page load timeout: '40'

2022-06-23 11:37:56 - [MESSAGE][PASSED] - Tapped on element 'Object Repository/Main/mainS2UApproveBtn'

2022-06-23 11:37:56 - [TEST_STEP][PASSED] - delay(5): Delayed 5 second(s)

2022-06-23 11:38:01 - [MESSAGE][PASSED] - Delayed 5 second(s)

2022-06-23 11:38:01 - [TEST_STEP][PASSED] - verifyElementExist(findTestObject("Festive Season/returnAngpaoStatusMessageTxt"), 0): Element 'Object Repository/Festive Season/returnAngpaoStatusMessageTxt' is exist

2022-06-23 11:38:01 - [MESSAGE][WARNING] - Timeout '0' is invalid. Using default page load timeout: '40'

2022-06-23 11:38:02 - [MESSAGE][PASSED] - Element 'Object Repository/Festive Season/returnAngpaoStatusMessageTxt' is exist

2022-06-23 11:38:02 - [TEST_STEP][PASSED] - message = getText(findTestObject("Festive Season/returnAngpaoStatusMessageTxt"), 10): Text of element 'Object Repository/Festive Season/returnAngpaoStatusMessageTxt' is: 'Transfer scheduled'

2022-06-23 11:38:02 - [MESSAGE][PASSED] - Text of element 'Object Repository/Festive Season/returnAngpaoStatusMessageTxt' is: 'Transfer scheduled'

2022-06-23 11:38:02 - [TEST_STEP][PASSED] - println(message): null

2022-06-23 11:38:02 - [TEST_STEP][PASSED] - assert message == successTransactionMessage: null

2022-06-23 11:38:02 - [TEST_STEP][PASSED] - verifyElementExist(findTestObject("Transfer/transferSummaryDateTimeTitleTxt"), 0): Element 'Object Repository/Transfer/transferSummaryDateTimeTitleTxt' is exist

2022-06-23 11:38:02 - [MESSAGE][WARNING] - Timeout '0' is invalid. Using default page load timeout: '40'

2022-06-23 11:38:02 - [MESSAGE][PASSED] - Element 'Object Repository/Transfer/transferSummaryDateTimeTitleTxt' is exist

2022-06-23 11:38:02 - [TEST_STEP][PASSED] - verifyElementExist(findTestObject("Transfer/transferSummaryRefIDTitleTxt"), 0): Element 'Object Repository/Transfer/transferSummaryRefIDTitleTxt' is exist

2022-06-23 11:38:02 - [MESSAGE][WARNING] - Timeout '0' is invalid. Using default page load timeout: '40'

2022-06-23 11:38:02 - [MESSAGE][PASSED] - Element 'Object Repository/Transfer/transferSummaryRefIDTitleTxt' is exist

2022-06-23 11:38:02 - [TEST_STEP][PASSED] - verifyElementExist(findTestObject("Transfer/transferSummaryShareReceiptBtn"), 0): Element 'Object Repository/Transfer/transferSummaryShareReceiptBtn' is exist

2022-06-23 11:38:02 - [MESSAGE][WARNING] - Timeout '0' is invalid. Using default page load timeout: '40'

2022-06-23 11:38:02 - [MESSAGE][PASSED] - Element 'Object Repository/Transfer/transferSummaryShareReceiptBtn' is exist

2022-06-23 11:38:02 - [TEST_STEP][PASSED] - delay(5): Delayed 5 second(s)

2022-06-23 11:38:07 - [MESSAGE][PASSED] - Delayed 5 second(s)

2022-06-23 11:38:07 - [TEST_STEP][PASSED] - referenceID = getText(findTestObject("Send Request Money/requestMoneyPaySummaryRefIDTxt"), 0): Text of element 'Object Repository/Send Request Money/requestMoneyPaySummaryRefIDTxt' is: '181582442M'

2022-06-23 11:38:07 - [MESSAGE][WARNING] - Timeout '0' is invalid. Using default page load timeout: '40'

2022-06-23 11:38:07 - [MESSAGE][PASSED] - Text of element 'Object Repository/Send Request Money/requestMoneyPaySummaryRefIDTxt' is: '181582442M'

2022-06-23 11:38:07 - [TEST_STEP][PASSED] - println(referenceID): null

2022-06-23 11:38:07 - [TEST_STEP][PASSED] - test = dataFolder: null

2022-06-23 11:38:07 - [TEST_STEP][PASSED] - sheetName = "Sheet1": null

2022-06-23 11:38:07 - [TEST_STEP][PASSED] - file1 = new java.io.File(test): null

2022-06-23 11:38:07 - [TEST_STEP][PASSED] - assert file1.exists() == true: null

2022-06-23 11:38:07 - [TEST_STEP][PASSED] - woorkbook1 = getWorkbook(test): null

2022-06-23 11:38:07 - [TEST_STEP][PASSED] - sheet1 = getExcelSheet(woorkbook1, sheetName): null

2022-06-23 11:38:07 - [TEST_STEP][PASSED] - setValueToCellByIndex(sheet1, 3, 1, referenceID): null

2022-06-23 11:38:07 - [TEST_STEP][PASSED] - saveWorkbook(test, woorkbook1): null

2022-06-23 11:38:07 - [TEST_STEP][PASSED] - delay(3): Delayed 3 second(s)

2022-06-23 11:38:10 - [MESSAGE][PASSED] - Delayed 3 second(s)

2022-06-23 11:38:10 - [TEST_STEP][PASSED] - takeScreenshot("/Users/a00139272/Desktop/Screenshot/instantSchedule.png"): Screenshot is taken

2022-06-23 11:38:12 - [MESSAGE][PASSED] - Screenshot is taken
[[ATTACHMENT|/Users/a00139272/Desktop/Screenshot/instantSchedule.png]]

2022-06-23 11:38:12 - [TEST_STEP][PASSED] - verifyElementVisible(findTestObject("Main/mainDoneBtn"), 0): Element 'Object Repository/Main/mainDoneBtn' is visible

2022-06-23 11:38:12 - [MESSAGE][WARNING] - Timeout '0' is invalid. Using default page load timeout: '40'

2022-06-23 11:38:12 - [MESSAGE][PASSED] - Element 'Object Repository/Main/mainDoneBtn' is visible

2022-06-23 11:38:12 - [TEST_STEP][PASSED] - tap(findTestObject("Main/mainDoneBtn"), 0): Tapped on element 'Object Repository/Main/mainDoneBtn'

2022-06-23 11:38:12 - [MESSAGE][WARNING] - Timeout '0' is invalid. Using default page load timeout: '40'

2022-06-23 11:38:12 - [MESSAGE][PASSED] - Tapped on element 'Object Repository/Main/mainDoneBtn'

2022-06-23 11:38:12 - [TEST_STEP][PASSED] - delay(5): Delayed 5 second(s)

2022-06-23 11:38:17 - [MESSAGE][PASSED] - Delayed 5 second(s)

2022-06-23 11:38:17 - [TEST_STEP][PASSED] - tap(findTestObject("Main/mainTopLeftBackButton"), 0): Tapped on element 'Object Repository/Main/mainTopLeftBackButton'

2022-06-23 11:38:17 - [MESSAGE][WARNING] - Timeout '0' is invalid. Using default page load timeout: '40'

2022-06-23 11:38:18 - [MESSAGE][PASSED] - Tapped on element 'Object Repository/Main/mainTopLeftBackButton'

2022-06-23 11:38:18 - [TEST_STEP][PASSED] - delay(5): Delayed 5 second(s)

2022-06-23 11:38:23 - [MESSAGE][PASSED] - Delayed 5 second(s)

2022-06-23 11:38:23 - [TEST_STEP][PASSED] - verifyElementVisible(findTestObject("Banking/m2uAccountTypeSelection", ["text":"MAE"]), 0): Element 'Object Repository/Banking/m2uAccountTypeSelection' is visible

2022-06-23 11:38:23 - [MESSAGE][WARNING] - Timeout '0' is invalid. Using default page load timeout: '40'

2022-06-23 11:38:23 - [MESSAGE][PASSED] - Element 'Object Repository/Banking/m2uAccountTypeSelection' is visible

2022-06-23 11:38:23 - [TEST_STEP][PASSED] - tap(findTestObject("Banking/m2uAccountTypeSelection", ["text":"MAE"]), 10): Tapped on element 'Object Repository/Banking/m2uAccountTypeSelection'

2022-06-23 11:38:24 - [MESSAGE][PASSED] - Tapped on element 'Object Repository/Banking/m2uAccountTypeSelection'

2022-06-23 11:38:24 - [TEST_STEP][PASSED] - delay(5): Delayed 5 second(s)

2022-06-23 11:38:29 - [MESSAGE][PASSED] - Delayed 5 second(s)

2022-06-23 11:38:29 - [TEST_STEP][PASSED] - afterBalance = getText(findTestObject("Main/mainAccountsBalanceTxt"), 0): Text of element 'Object Repository/Main/mainAccountsBalanceTxt' is: 'RM 2,409.88'

2022-06-23 11:38:29 - [MESSAGE][WARNING] - Timeout '0' is invalid. Using default page load timeout: '40'

2022-06-23 11:38:29 - [MESSAGE][PASSED] - Text of element 'Object Repository/Main/mainAccountsBalanceTxt' is: 'RM 2,409.88'

2022-06-23 11:38:29 - [TEST_STEP][PASSED] - newAfterBalance = afterBalance.replaceAll("[^0-9.]", ""): null

2022-06-23 11:38:29 - [TEST_STEP][PASSED] - newAccountBalance = accountBalance.replaceAll("[^0-9.]", ""): null

2022-06-23 11:38:29 - [TEST_STEP][PASSED] - newAfterBalanceF = Float.parseFloat(newAfterBalance): null

2022-06-23 11:38:29 - [TEST_STEP][PASSED] - newAccountBalanceF = Float.parseFloat(newAccountBalance): null

2022-06-23 11:38:29 - [TEST_STEP][PASSED] - println(afterBalance): null

2022-06-23 11:38:29 - [TEST_STEP][PASSED] - println(accountBalance): null

2022-06-23 11:38:29 - [TEST_STEP][PASSED] - println(newAfterBalance): null

2022-06-23 11:38:29 - [TEST_STEP][PASSED] - println(newAccountBalance): null

2022-06-23 11:38:29 - [TEST_STEP][PASSED] - newBalance = newAccountBalanceF - 0.04: null

2022-06-23 11:38:29 - [TEST_STEP][PASSED] - println(newBalance): null

2022-06-23 11:38:29 - [TEST_STEP][PASSED] - delay(5): Delayed 5 second(s)

2022-06-23 11:38:34 - [MESSAGE][PASSED] - Delayed 5 second(s)]]></system-out>
         <system-err><![CDATA[]]></system-err>
      </testcase>
      <testcase name="Test Cases/Transfer/transfer_instantTransferSetFav" time="205.824" classname="Test Cases/Transfer/transfer_instantTransferSetFav" status="PASSED">
         <system-out><![CDATA[2022-06-23 11:38:34 - [TEST_CASE][PASSED] - Test Cases/Transfer/transfer_instantTransferSetFav: Test Cases/Transfer/transfer_instantTransferSetFav

2022-06-23 11:38:34 - [TEST_STEP][PASSED] - delay(5): Delayed 5 second(s)

2022-06-23 11:38:39 - [MESSAGE][PASSED] - Delayed 5 second(s)

2022-06-23 11:38:39 - [TEST_STEP][PASSED] - device_Height = getDeviceHeight(): Current device physical height is 2167

2022-06-23 11:38:39 - [MESSAGE][PASSED] - Current device physical height is 2167

2022-06-23 11:38:39 - [TEST_STEP][PASSED] - device_Width = getDeviceWidth(): Current device physical width is 1080

2022-06-23 11:38:40 - [MESSAGE][PASSED] - Current device physical width is 1080

2022-06-23 11:38:40 - [TEST_STEP][PASSED] - startX = device_Width / 3: null

2022-06-23 11:38:40 - [TEST_STEP][PASSED] - startY = device_Height * 0.97: null

2022-06-23 11:38:40 - [TEST_STEP][PASSED] - verifyElementVisible(findTestObject("Banking/m2uAccountTransferIconSelect"), 0): Element 'Object Repository/Banking/m2uAccountTransferIconSelect' is visible

2022-06-23 11:38:40 - [MESSAGE][WARNING] - Timeout '0' is invalid. Using default page load timeout: '40'

2022-06-23 11:38:40 - [MESSAGE][PASSED] - Element 'Object Repository/Banking/m2uAccountTransferIconSelect' is visible

2022-06-23 11:38:40 - [TEST_STEP][PASSED] - tap(findTestObject("Banking/m2uAccountTransferIconSelect"), 0): Tapped on element 'Object Repository/Banking/m2uAccountTransferIconSelect'

2022-06-23 11:38:40 - [MESSAGE][WARNING] - Timeout '0' is invalid. Using default page load timeout: '40'

2022-06-23 11:38:40 - [MESSAGE][PASSED] - Tapped on element 'Object Repository/Banking/m2uAccountTransferIconSelect'

2022-06-23 11:38:40 - [TEST_STEP][PASSED] - delay(5): Delayed 5 second(s)

2022-06-23 11:38:45 - [MESSAGE][PASSED] - Delayed 5 second(s)

2022-06-23 11:38:45 - [TEST_STEP][PASSED] - println("InterBank Test Case Started"): null

2022-06-23 11:38:45 - [TEST_STEP][PASSED] - tap(findTestObject("Banking/transferOthersTopMenuSelect"), 0): Tapped on element 'Object Repository/Banking/transferOthersTopMenuSelect'

2022-06-23 11:38:45 - [MESSAGE][WARNING] - Timeout '0' is invalid. Using default page load timeout: '40'

2022-06-23 11:39:46 - [MESSAGE][PASSED] - Tapped on element 'Object Repository/Banking/transferOthersTopMenuSelect'

2022-06-23 11:39:46 - [TEST_STEP][PASSED] - tap(findTestObject("Banking/transferBanksIconSelect"), 0): Tapped on element 'Object Repository/Banking/transferBanksIconSelect'

2022-06-23 11:39:46 - [MESSAGE][WARNING] - Timeout '0' is invalid. Using default page load timeout: '40'

2022-06-23 11:40:39 - [MESSAGE][PASSED] - Tapped on element 'Object Repository/Banking/transferBanksIconSelect'

2022-06-23 11:40:39 - [TEST_STEP][PASSED] - scrollToText("PUBLIC BANK", STOP_ON_FAILURE): Scrolling to text 'PUBLIC BANK' successfully

2022-06-23 11:40:51 - [MESSAGE][PASSED] - Scrolling to text 'PUBLIC BANK' successfully

2022-06-23 11:40:51 - [TEST_STEP][PASSED] - tap(findTestObject("Banking/transferBankSelection", ["text":"PUBLIC BANK"]), 10): Tapped on element 'Object Repository/Banking/transferBankSelection'

2022-06-23 11:40:52 - [MESSAGE][PASSED] - Tapped on element 'Object Repository/Banking/transferBankSelection'

2022-06-23 11:40:52 - [TEST_STEP][PASSED] - setText(findTestObject("Banking/transferAccountNoInputField"), accountNum, 0): Text '3099117112' has been set to element 'Object Repository/Banking/transferAccountNoInputField'

2022-06-23 11:40:52 - [MESSAGE][WARNING] - Timeout '0' is invalid. Using default page load timeout: '40'

2022-06-23 11:40:54 - [MESSAGE][PASSED] - Text '3099117112' has been set to element 'Object Repository/Banking/transferAccountNoInputField'

2022-06-23 11:40:54 - [TEST_STEP][PASSED] - hideKeyboard(): Keyboard is hidden

2022-06-23 11:40:58 - [MESSAGE][PASSED] - Keyboard is hidden

2022-06-23 11:40:58 - [TEST_STEP][PASSED] - tap(findTestObject("Login Onboarding/loginExistingContinueBtn"), 0): Tapped on element 'Object Repository/Login Onboarding/loginExistingContinueBtn'

2022-06-23 11:40:58 - [MESSAGE][WARNING] - Timeout '0' is invalid. Using default page load timeout: '40'

2022-06-23 11:40:58 - [MESSAGE][PASSED] - Tapped on element 'Object Repository/Login Onboarding/loginExistingContinueBtn'

2022-06-23 11:40:58 - [TEST_STEP][PASSED] - tap(findTestObject("Login Onboarding/PIN4"), 0): Tapped on element 'Object Repository/Login Onboarding/PIN4'

2022-06-23 11:40:58 - [MESSAGE][WARNING] - Timeout '0' is invalid. Using default page load timeout: '40'

2022-06-23 11:40:59 - [MESSAGE][PASSED] - Tapped on element 'Object Repository/Login Onboarding/PIN4'

2022-06-23 11:40:59 - [TEST_STEP][PASSED] - delay(3): Delayed 3 second(s)

2022-06-23 11:41:02 - [MESSAGE][PASSED] - Delayed 3 second(s)

2022-06-23 11:41:02 - [TEST_STEP][PASSED] - tap(findTestObject("Login Onboarding/loginPinTickBtn"), 0): Tapped on element 'Object Repository/Login Onboarding/loginPinTickBtn'

2022-06-23 11:41:02 - [MESSAGE][WARNING] - Timeout '0' is invalid. Using default page load timeout: '40'

2022-06-23 11:41:03 - [MESSAGE][PASSED] - Tapped on element 'Object Repository/Login Onboarding/loginPinTickBtn'

2022-06-23 11:41:03 - [TEST_STEP][PASSED] - setText(findTestObject("Banking/transferReferenceInputField"), "AmountTransfer", 0): Text 'AmountTransfer' has been set to element 'Object Repository/Banking/transferReferenceInputField'

2022-06-23 11:41:03 - [MESSAGE][WARNING] - Timeout '0' is invalid. Using default page load timeout: '40'

2022-06-23 11:41:05 - [MESSAGE][PASSED] - Text 'AmountTransfer' has been set to element 'Object Repository/Banking/transferReferenceInputField'

2022-06-23 11:41:05 - [TEST_STEP][PASSED] - hideKeyboard(): Keyboard is hidden

2022-06-23 11:41:07 - [MESSAGE][PASSED] - Keyboard is hidden

2022-06-23 11:41:07 - [TEST_STEP][PASSED] - tap(findTestObject("Login Onboarding/loginExistingContinueBtn"), 0): Tapped on element 'Object Repository/Login Onboarding/loginExistingContinueBtn'

2022-06-23 11:41:07 - [MESSAGE][WARNING] - Timeout '0' is invalid. Using default page load timeout: '40'

2022-06-23 11:41:07 - [MESSAGE][PASSED] - Tapped on element 'Object Repository/Login Onboarding/loginExistingContinueBtn'

2022-06-23 11:41:07 - [TEST_STEP][PASSED] - delay(5): Delayed 5 second(s)

2022-06-23 11:41:12 - [MESSAGE][PASSED] - Delayed 5 second(s)

2022-06-23 11:41:12 - [TEST_STEP][PASSED] - tap(findTestObject("Banking/transferTypeDropdownSelection"), 0): Tapped on element 'Object Repository/Banking/transferTypeDropdownSelection'

2022-06-23 11:41:12 - [MESSAGE][WARNING] - Timeout '0' is invalid. Using default page load timeout: '40'

2022-06-23 11:41:12 - [MESSAGE][PASSED] - Tapped on element 'Object Repository/Banking/transferTypeDropdownSelection'

2022-06-23 11:41:12 - [TEST_STEP][PASSED] - scrollToText("Fund Transfer", STOP_ON_FAILURE): Scrolling to text 'Fund Transfer' successfully

2022-06-23 11:41:16 - [MESSAGE][PASSED] - Scrolling to text 'Fund Transfer' successfully

2022-06-23 11:41:16 - [TEST_STEP][PASSED] - tap(findTestObject("Banking/tansferTypeFundDropdownSelection"), 0): Tapped on element 'Object Repository/Banking/tansferTypeFundDropdownSelection'

2022-06-23 11:41:16 - [MESSAGE][WARNING] - Timeout '0' is invalid. Using default page load timeout: '40'

2022-06-23 11:41:16 - [MESSAGE][PASSED] - Tapped on element 'Object Repository/Banking/tansferTypeFundDropdownSelection'

2022-06-23 11:41:16 - [TEST_STEP][PASSED] - tap(findTestObject("Banking/transferModeDropdownDoneBtn"), 0): Tapped on element 'Object Repository/Banking/transferModeDropdownDoneBtn'

2022-06-23 11:41:16 - [MESSAGE][WARNING] - Timeout '0' is invalid. Using default page load timeout: '40'

2022-06-23 11:41:16 - [MESSAGE][PASSED] - Tapped on element 'Object Repository/Banking/transferModeDropdownDoneBtn'

2022-06-23 11:41:16 - [TEST_STEP][PASSED] - tap(findTestObject("Login Onboarding/loginExistingContinueBtn"), 0): Tapped on element 'Object Repository/Login Onboarding/loginExistingContinueBtn'

2022-06-23 11:41:16 - [MESSAGE][WARNING] - Timeout '0' is invalid. Using default page load timeout: '40'

2022-06-23 11:41:17 - [MESSAGE][PASSED] - Tapped on element 'Object Repository/Login Onboarding/loginExistingContinueBtn'

2022-06-23 11:41:17 - [TEST_STEP][PASSED] - delay(5): Delayed 5 second(s)

2022-06-23 11:41:22 - [MESSAGE][PASSED] - Delayed 5 second(s)

2022-06-23 11:41:22 - [TEST_STEP][PASSED] - verifyElementVisible(findTestObject("Main/mainTransferNowBtn"), 0): Element 'Object Repository/Main/mainTransferNowBtn' is visible

2022-06-23 11:41:22 - [MESSAGE][WARNING] - Timeout '0' is invalid. Using default page load timeout: '40'

2022-06-23 11:41:23 - [MESSAGE][PASSED] - Element 'Object Repository/Main/mainTransferNowBtn' is visible

2022-06-23 11:41:23 - [TEST_STEP][PASSED] - tap(findTestObject("Main/mainTransferNowBtn"), 0): Tapped on element 'Object Repository/Main/mainTransferNowBtn'

2022-06-23 11:41:23 - [MESSAGE][WARNING] - Timeout '0' is invalid. Using default page load timeout: '40'

2022-06-23 11:41:23 - [MESSAGE][PASSED] - Tapped on element 'Object Repository/Main/mainTransferNowBtn'

2022-06-23 11:41:23 - [TEST_STEP][PASSED] - if (verifyElementVisible(findTestObject("Festive Season/seasonalGreetingAngpaoTACNoTxt"), 5, OPTIONAL)): Element 'Object Repository/Festive Season/seasonalGreetingAngpaoTACNoTxt' not found

2022-06-23 11:41:28 - [MESSAGE][WARNING] - Element 'Object Repository/Festive Season/seasonalGreetingAngpaoTACNoTxt' not found

2022-06-23 11:41:28 - [TEST_STEP][PASSED] - else: Tapped on element 'Object Repository/Main/mainS2UApproveBtn'

2022-06-23 11:41:28 - [TEST_STEP][PASSED] - delay(5): Delayed 5 second(s)

2022-06-23 11:41:33 - [MESSAGE][PASSED] - Delayed 5 second(s)

2022-06-23 11:41:33 - [TEST_STEP][PASSED] - verifyElementVisible(findTestObject("Main/mainS2UApproveBtn"), 3): Element 'Object Repository/Main/mainS2UApproveBtn' is visible

2022-06-23 11:41:33 - [MESSAGE][PASSED] - Element 'Object Repository/Main/mainS2UApproveBtn' is visible

2022-06-23 11:41:33 - [TEST_STEP][PASSED] - tap(findTestObject("Main/mainS2UApproveBtn"), 0): Tapped on element 'Object Repository/Main/mainS2UApproveBtn'

2022-06-23 11:41:33 - [MESSAGE][WARNING] - Timeout '0' is invalid. Using default page load timeout: '40'

2022-06-23 11:41:34 - [MESSAGE][PASSED] - Tapped on element 'Object Repository/Main/mainS2UApproveBtn'

2022-06-23 11:41:34 - [TEST_STEP][PASSED] - println("Interbank Test Case Completed"): null

2022-06-23 11:41:34 - [TEST_STEP][PASSED] - delay(5): Delayed 5 second(s)

2022-06-23 11:41:39 - [MESSAGE][PASSED] - Delayed 5 second(s)

2022-06-23 11:41:39 - [TEST_STEP][PASSED] - referenceID = getText(findTestObject("Send Request Money/requestMoneyPaySummaryRefIDTxt"), 0): Text of element 'Object Repository/Send Request Money/requestMoneyPaySummaryRefIDTxt' is: '181582556M'

2022-06-23 11:41:39 - [MESSAGE][WARNING] - Timeout '0' is invalid. Using default page load timeout: '40'

2022-06-23 11:41:41 - [MESSAGE][PASSED] - Text of element 'Object Repository/Send Request Money/requestMoneyPaySummaryRefIDTxt' is: '181582556M'

2022-06-23 11:41:41 - [TEST_STEP][PASSED] - println(referenceID): null

2022-06-23 11:41:41 - [TEST_STEP][PASSED] - test = dataFolder: null

2022-06-23 11:41:41 - [TEST_STEP][PASSED] - sheetName = "Sheet1": null

2022-06-23 11:41:41 - [TEST_STEP][PASSED] - file1 = new java.io.File(test): null

2022-06-23 11:41:41 - [TEST_STEP][PASSED] - assert file1.exists() == true: null

2022-06-23 11:41:41 - [TEST_STEP][PASSED] - woorkbook1 = getWorkbook(test): null

2022-06-23 11:41:41 - [TEST_STEP][PASSED] - sheet1 = getExcelSheet(woorkbook1, sheetName): null

2022-06-23 11:41:41 - [TEST_STEP][PASSED] - setValueToCellByIndex(sheet1, 2, 1, referenceID): null

2022-06-23 11:41:41 - [TEST_STEP][PASSED] - saveWorkbook(test, woorkbook1): null

2022-06-23 11:41:41 - [TEST_STEP][PASSED] - delay(3): Delayed 3 second(s)

2022-06-23 11:41:44 - [MESSAGE][PASSED] - Delayed 3 second(s)

2022-06-23 11:41:44 - [TEST_STEP][PASSED] - tap(findTestObject("Main/mainAddToFavBtn"), 0): Tapped on element 'Object Repository/Main/mainAddToFavBtn'

2022-06-23 11:41:44 - [MESSAGE][WARNING] - Timeout '0' is invalid. Using default page load timeout: '40'

2022-06-23 11:41:45 - [MESSAGE][PASSED] - Tapped on element 'Object Repository/Main/mainAddToFavBtn'

2022-06-23 11:41:45 - [TEST_STEP][PASSED] - delay(2): Delayed 2 second(s)

2022-06-23 11:41:47 - [MESSAGE][PASSED] - Delayed 2 second(s)

2022-06-23 11:41:47 - [TEST_STEP][PASSED] - tap(findTestObject("Main/mainAddToFavBtn"), 0): Tapped on element 'Object Repository/Main/mainAddToFavBtn'

2022-06-23 11:41:47 - [MESSAGE][WARNING] - Timeout '0' is invalid. Using default page load timeout: '40'

2022-06-23 11:41:47 - [MESSAGE][PASSED] - Tapped on element 'Object Repository/Main/mainAddToFavBtn'

2022-06-23 11:41:47 - [TEST_STEP][PASSED] - delay(2): Delayed 2 second(s)

2022-06-23 11:41:49 - [MESSAGE][PASSED] - Delayed 2 second(s)

2022-06-23 11:41:49 - [TEST_STEP][PASSED] - tap(findTestObject("Main/mainCloseFavPopUpBtn"), 0): Tapped on element 'Object Repository/Main/mainCloseFavPopUpBtn'

2022-06-23 11:41:49 - [MESSAGE][WARNING] - Timeout '0' is invalid. Using default page load timeout: '40'

2022-06-23 11:41:51 - [MESSAGE][PASSED] - Tapped on element 'Object Repository/Main/mainCloseFavPopUpBtn'

2022-06-23 11:41:51 - [TEST_STEP][PASSED] - delay(3): Delayed 3 second(s)

2022-06-23 11:41:54 - [MESSAGE][PASSED] - Delayed 3 second(s)

2022-06-23 11:41:54 - [TEST_STEP][PASSED] - takeScreenshot("/Users/a00139272/Desktop/Screenshot/instantSetFav.png"): Screenshot is taken

2022-06-23 11:41:54 - [MESSAGE][PASSED] - Screenshot is taken
[[ATTACHMENT|/Users/a00139272/Desktop/Screenshot/instantSetFav.png]]

2022-06-23 11:41:54 - [TEST_STEP][PASSED] - verifyElementVisible(findTestObject("Main/mainDoneBtn"), 3): Element 'Object Repository/Main/mainDoneBtn' is visible

2022-06-23 11:41:55 - [MESSAGE][PASSED] - Element 'Object Repository/Main/mainDoneBtn' is visible

2022-06-23 11:41:55 - [TEST_STEP][PASSED] - tap(findTestObject("Main/mainDoneBtn"), 0): Tapped on element 'Object Repository/Main/mainDoneBtn'

2022-06-23 11:41:55 - [MESSAGE][WARNING] - Timeout '0' is invalid. Using default page load timeout: '40'

2022-06-23 11:41:55 - [MESSAGE][PASSED] - Tapped on element 'Object Repository/Main/mainDoneBtn'

2022-06-23 11:41:55 - [TEST_STEP][PASSED] - delay(5): Delayed 5 second(s)

2022-06-23 11:42:00 - [MESSAGE][PASSED] - Delayed 5 second(s)]]></system-out>
         <system-err><![CDATA[]]></system-err>
      </testcase>
      <testcase name="Test Cases/Transfer/transfer_instantIBFTFav" time="383.858" classname="Test Cases/Transfer/transfer_instantIBFTFav" status="PASSED">
         <system-out><![CDATA[2022-06-23 11:42:00 - [TEST_CASE][PASSED] - Test Cases/Transfer/transfer_instantIBFTFav: Test Cases/Transfer/transfer_instantIBFTFav

2022-06-23 11:42:00 - [TEST_STEP][PASSED] - device_Height = getDeviceHeight(): Current device physical height is 2167

2022-06-23 11:42:00 - [MESSAGE][PASSED] - Current device physical height is 2167

2022-06-23 11:42:00 - [TEST_STEP][PASSED] - device_Width = getDeviceWidth(): Current device physical width is 1080

2022-06-23 11:42:01 - [MESSAGE][PASSED] - Current device physical width is 1080

2022-06-23 11:42:01 - [TEST_STEP][PASSED] - startX = device_Width / 3: null

2022-06-23 11:42:01 - [TEST_STEP][PASSED] - startY = device_Height * 0.97: null

2022-06-23 11:42:01 - [TEST_STEP][PASSED] - delay(5): Delayed 5 second(s)

2022-06-23 11:42:06 - [MESSAGE][PASSED] - Delayed 5 second(s)

2022-06-23 11:42:06 - [TEST_STEP][PASSED] - verifyElementVisible(findTestObject("Banking/m2uAccountTransferIconSelect"), 0): Element 'Object Repository/Banking/m2uAccountTransferIconSelect' is visible

2022-06-23 11:42:06 - [MESSAGE][WARNING] - Timeout '0' is invalid. Using default page load timeout: '40'

2022-06-23 11:42:06 - [MESSAGE][PASSED] - Element 'Object Repository/Banking/m2uAccountTransferIconSelect' is visible

2022-06-23 11:42:06 - [TEST_STEP][PASSED] - tap(findTestObject("Banking/m2uAccountTransferIconSelect"), 0): Tapped on element 'Object Repository/Banking/m2uAccountTransferIconSelect'

2022-06-23 11:42:06 - [MESSAGE][WARNING] - Timeout '0' is invalid. Using default page load timeout: '40'

2022-06-23 11:42:06 - [MESSAGE][PASSED] - Tapped on element 'Object Repository/Banking/m2uAccountTransferIconSelect'

2022-06-23 11:42:06 - [TEST_STEP][PASSED] - tap(findTestObject("Banking/transferOthersTopMenuSelect"), 0): Tapped on element 'Object Repository/Banking/transferOthersTopMenuSelect'

2022-06-23 11:42:06 - [MESSAGE][WARNING] - Timeout '0' is invalid. Using default page load timeout: '40'

2022-06-23 11:43:07 - [MESSAGE][PASSED] - Tapped on element 'Object Repository/Banking/transferOthersTopMenuSelect'

2022-06-23 11:43:07 - [TEST_STEP][PASSED] - delay(3): Delayed 3 second(s)

2022-06-23 11:43:10 - [MESSAGE][PASSED] - Delayed 3 second(s)

2022-06-23 11:43:10 - [TEST_STEP][PASSED] - verifyElementText(findTestObject("Transfer/transferFavListAccNameTxt", ["accName":accName]), accName): Actual text and expected text of test object 'Object Repository/Transfer/transferFavListAccNameTxt' are matched.

2022-06-23 11:44:11 - [MESSAGE][PASSED] - Actual text and expected text of test object 'Object Repository/Transfer/transferFavListAccNameTxt' are matched.

2022-06-23 11:44:11 - [TEST_STEP][PASSED] - verifyElementText(findTestObject("Transfer/transferFavListAccNoTxt", ["accNo":accNo]), accNo): Actual text and expected text of test object 'Object Repository/Transfer/transferFavListAccNoTxt' are matched.

2022-06-23 11:45:02 - [MESSAGE][PASSED] - Actual text and expected text of test object 'Object Repository/Transfer/transferFavListAccNoTxt' are matched.

2022-06-23 11:45:02 - [TEST_STEP][PASSED] - verifyElementText(findTestObject("Transfer/transferFavListAccBankTxt", ["accBank":accBank]), accBank): Actual text and expected text of test object 'Object Repository/Transfer/transferFavListAccBankTxt' are matched.

2022-06-23 11:45:52 - [MESSAGE][PASSED] - Actual text and expected text of test object 'Object Repository/Transfer/transferFavListAccBankTxt' are matched.

2022-06-23 11:45:52 - [TEST_STEP][PASSED] - tap(findTestObject("Transfer/transferFavListAccNameTxt", ["accName":accName]), 0): Tapped on element 'Object Repository/Transfer/transferFavListAccNameTxt'

2022-06-23 11:45:52 - [MESSAGE][WARNING] - Timeout '0' is invalid. Using default page load timeout: '40'

2022-06-23 11:46:44 - [MESSAGE][PASSED] - Tapped on element 'Object Repository/Transfer/transferFavListAccNameTxt'

2022-06-23 11:46:44 - [TEST_STEP][PASSED] - delay(3): Delayed 3 second(s)

2022-06-23 11:46:47 - [MESSAGE][PASSED] - Delayed 3 second(s)

2022-06-23 11:46:47 - [TEST_STEP][PASSED] - verifyElementText(findTestObject("Transfer/transferAmounttAccNameTxt", ["accName":accName]), accName): Actual text and expected text of test object 'Object Repository/Transfer/transferAmounttAccNameTxt' are matched.

2022-06-23 11:46:47 - [MESSAGE][PASSED] - Actual text and expected text of test object 'Object Repository/Transfer/transferAmounttAccNameTxt' are matched.

2022-06-23 11:46:47 - [TEST_STEP][PASSED] - verifyElementText(findTestObject("Transfer/transferAmounttAccNoTxt", ["accNo":accNo]), accNo): Actual text and expected text of test object 'Object Repository/Transfer/transferAmounttAccNoTxt' are matched.

2022-06-23 11:46:47 - [MESSAGE][PASSED] - Actual text and expected text of test object 'Object Repository/Transfer/transferAmounttAccNoTxt' are matched.

2022-06-23 11:46:47 - [TEST_STEP][PASSED] - verifyElementText(findTestObject("Transfer/transferAmounttAccBankTxt", ["accBank":accBank]), accBank): Actual text and expected text of test object 'Object Repository/Transfer/transferAmounttAccBankTxt' are matched.

2022-06-23 11:46:47 - [MESSAGE][PASSED] - Actual text and expected text of test object 'Object Repository/Transfer/transferAmounttAccBankTxt' are matched.

2022-06-23 11:46:47 - [TEST_STEP][PASSED] - verifyElementExist(findTestObject("Transfer/transferAmountRMTxt"), 0): Element 'Object Repository/Transfer/transferAmountRMTxt' is exist

2022-06-23 11:46:47 - [MESSAGE][WARNING] - Timeout '0' is invalid. Using default page load timeout: '40'

2022-06-23 11:46:48 - [MESSAGE][PASSED] - Element 'Object Repository/Transfer/transferAmountRMTxt' is exist

2022-06-23 11:46:48 - [TEST_STEP][PASSED] - verifyElementExist(findTestObject("Transfer/transferAmountEnterAmountTitleTxt"), 0): Element 'Object Repository/Transfer/transferAmountEnterAmountTitleTxt' is exist

2022-06-23 11:46:48 - [MESSAGE][WARNING] - Timeout '0' is invalid. Using default page load timeout: '40'

2022-06-23 11:46:48 - [MESSAGE][PASSED] - Element 'Object Repository/Transfer/transferAmountEnterAmountTitleTxt' is exist

2022-06-23 11:46:48 - [TEST_STEP][PASSED] - trxAmount = value: null

2022-06-23 11:46:48 - [TEST_STEP][PASSED] - length = trxAmount.length(): null

2022-06-23 11:46:48 - [TEST_STEP][PASSED] - delay(5): Delayed 5 second(s)

2022-06-23 11:46:53 - [MESSAGE][PASSED] - Delayed 5 second(s)

2022-06-23 11:46:53 - [TEST_STEP][PASSED] - tapAtPosition(startX, startY): Tapped at [360, 2,101]

2022-06-23 11:46:53 - [MESSAGE][PASSED] - Tapped at [360, 2,101]

2022-06-23 11:46:53 - [TEST_STEP][PASSED] - for ([i = 0, i < length, (i++)]): null

2022-06-23 11:46:53 - [TEST_STEP][PASSED] - if (trxAmount[i] == "0"): null

2022-06-23 11:46:53 - [TEST_STEP][PASSED] - if (trxAmount[i] == "1"): null

2022-06-23 11:46:53 - [TEST_STEP][PASSED] - if (trxAmount[i] == "2"): null

2022-06-23 11:46:53 - [TEST_STEP][PASSED] - if (trxAmount[i] == "3"): Tapped on element 'Object Repository/Login Onboarding/PIN3'

2022-06-23 11:46:53 - [TEST_STEP][PASSED] - tap(findTestObject("Login Onboarding/PIN3"), 0): Tapped on element 'Object Repository/Login Onboarding/PIN3'

2022-06-23 11:46:53 - [MESSAGE][WARNING] - Timeout '0' is invalid. Using default page load timeout: '40'

2022-06-23 11:46:54 - [MESSAGE][PASSED] - Tapped on element 'Object Repository/Login Onboarding/PIN3'

2022-06-23 11:46:54 - [TEST_STEP][PASSED] - if (trxAmount[i] == "4"): null

2022-06-23 11:46:54 - [TEST_STEP][PASSED] - if (trxAmount[i] == "5"): null

2022-06-23 11:46:54 - [TEST_STEP][PASSED] - if (trxAmount[i] == "6"): null

2022-06-23 11:46:54 - [TEST_STEP][PASSED] - if (trxAmount[i] == "7"): null

2022-06-23 11:46:54 - [TEST_STEP][PASSED] - if (trxAmount[i] == "8"): null

2022-06-23 11:46:54 - [TEST_STEP][PASSED] - if (trxAmount[i] == "9"): null

2022-06-23 11:46:54 - [TEST_STEP][PASSED] - if (trxAmount[i] == "0"): Tapped on element 'Object Repository/Login Onboarding/PIN0'

2022-06-23 11:46:54 - [TEST_STEP][PASSED] - tap(findTestObject("Login Onboarding/PIN0"), 0): Tapped on element 'Object Repository/Login Onboarding/PIN0'

2022-06-23 11:46:54 - [MESSAGE][WARNING] - Timeout '0' is invalid. Using default page load timeout: '40'

2022-06-23 11:46:54 - [MESSAGE][PASSED] - Tapped on element 'Object Repository/Login Onboarding/PIN0'

2022-06-23 11:46:54 - [TEST_STEP][PASSED] - if (trxAmount[i] == "1"): null

2022-06-23 11:46:54 - [TEST_STEP][PASSED] - if (trxAmount[i] == "2"): null

2022-06-23 11:46:54 - [TEST_STEP][PASSED] - if (trxAmount[i] == "3"): null

2022-06-23 11:46:54 - [TEST_STEP][PASSED] - if (trxAmount[i] == "4"): null

2022-06-23 11:46:54 - [TEST_STEP][PASSED] - if (trxAmount[i] == "5"): null

2022-06-23 11:46:54 - [TEST_STEP][PASSED] - if (trxAmount[i] == "6"): null

2022-06-23 11:46:54 - [TEST_STEP][PASSED] - if (trxAmount[i] == "7"): null

2022-06-23 11:46:54 - [TEST_STEP][PASSED] - if (trxAmount[i] == "8"): null

2022-06-23 11:46:54 - [TEST_STEP][PASSED] - if (trxAmount[i] == "9"): null

2022-06-23 11:46:54 - [TEST_STEP][PASSED] - if (trxAmount[i] == "0"): Tapped on element 'Object Repository/Login Onboarding/PIN0'

2022-06-23 11:46:54 - [TEST_STEP][PASSED] - tap(findTestObject("Login Onboarding/PIN0"), 0): Tapped on element 'Object Repository/Login Onboarding/PIN0'

2022-06-23 11:46:55 - [MESSAGE][WARNING] - Timeout '0' is invalid. Using default page load timeout: '40'

2022-06-23 11:46:55 - [MESSAGE][PASSED] - Tapped on element 'Object Repository/Login Onboarding/PIN0'

2022-06-23 11:46:55 - [TEST_STEP][PASSED] - if (trxAmount[i] == "1"): null

2022-06-23 11:46:55 - [TEST_STEP][PASSED] - if (trxAmount[i] == "2"): null

2022-06-23 11:46:55 - [TEST_STEP][PASSED] - if (trxAmount[i] == "3"): null

2022-06-23 11:46:55 - [TEST_STEP][PASSED] - if (trxAmount[i] == "4"): null

2022-06-23 11:46:55 - [TEST_STEP][PASSED] - if (trxAmount[i] == "5"): null

2022-06-23 11:46:55 - [TEST_STEP][PASSED] - if (trxAmount[i] == "6"): null

2022-06-23 11:46:55 - [TEST_STEP][PASSED] - if (trxAmount[i] == "7"): null

2022-06-23 11:46:55 - [TEST_STEP][PASSED] - if (trxAmount[i] == "8"): null

2022-06-23 11:46:55 - [TEST_STEP][PASSED] - if (trxAmount[i] == "9"): null

2022-06-23 11:46:55 - [TEST_STEP][PASSED] - delay(3): Delayed 3 second(s)

2022-06-23 11:46:58 - [MESSAGE][PASSED] - Delayed 3 second(s)

2022-06-23 11:46:58 - [TEST_STEP][PASSED] - verifyElementText(findTestObject("Transfer/transferAmountInputValueTxt", ["value":checkValue]), checkValue): Actual text and expected text of test object 'Object Repository/Transfer/transferAmountInputValueTxt' are matched.

2022-06-23 11:46:59 - [MESSAGE][PASSED] - Actual text and expected text of test object 'Object Repository/Transfer/transferAmountInputValueTxt' are matched.

2022-06-23 11:46:59 - [TEST_STEP][PASSED] - delay(3): Delayed 3 second(s)

2022-06-23 11:47:02 - [MESSAGE][PASSED] - Delayed 3 second(s)

2022-06-23 11:47:02 - [TEST_STEP][PASSED] - tap(findTestObject("Login Onboarding/loginPinTickBtn"), 0): Tapped on element 'Object Repository/Login Onboarding/loginPinTickBtn'

2022-06-23 11:47:02 - [MESSAGE][WARNING] - Timeout '0' is invalid. Using default page load timeout: '40'

2022-06-23 11:47:02 - [MESSAGE][PASSED] - Tapped on element 'Object Repository/Login Onboarding/loginPinTickBtn'

2022-06-23 11:47:02 - [TEST_STEP][PASSED] - delay(3): Delayed 3 second(s)

2022-06-23 11:47:05 - [MESSAGE][PASSED] - Delayed 3 second(s)

2022-06-23 11:47:05 - [TEST_STEP][PASSED] - verifyElementText(findTestObject("Transfer/transferReferenceAccNameTxt", ["accName":accName]), accName): Actual text and expected text of test object 'Object Repository/Transfer/transferReferenceAccNameTxt' are matched.

2022-06-23 11:47:05 - [MESSAGE][PASSED] - Actual text and expected text of test object 'Object Repository/Transfer/transferReferenceAccNameTxt' are matched.

2022-06-23 11:47:05 - [TEST_STEP][PASSED] - verifyElementText(findTestObject("Transfer/transferReferenceAccNoTxt", ["accNo":accNo]), accNo): Actual text and expected text of test object 'Object Repository/Transfer/transferReferenceAccNoTxt' are matched.

2022-06-23 11:47:05 - [MESSAGE][PASSED] - Actual text and expected text of test object 'Object Repository/Transfer/transferReferenceAccNoTxt' are matched.

2022-06-23 11:47:05 - [TEST_STEP][PASSED] - verifyElementText(findTestObject("Transfer/transferReferenceAccBankTxt", ["accBank":accBank]), accBank): Actual text and expected text of test object 'Object Repository/Transfer/transferReferenceAccBankTxt' are matched.

2022-06-23 11:47:05 - [MESSAGE][PASSED] - Actual text and expected text of test object 'Object Repository/Transfer/transferReferenceAccBankTxt' are matched.

2022-06-23 11:47:05 - [TEST_STEP][PASSED] - verifyElementExist(findTestObject("Transfer/transferReferenceInputField"), 0): Element 'Object Repository/Transfer/transferReferenceInputField' is exist

2022-06-23 11:47:05 - [MESSAGE][WARNING] - Timeout '0' is invalid. Using default page load timeout: '40'

2022-06-23 11:47:06 - [MESSAGE][PASSED] - Element 'Object Repository/Transfer/transferReferenceInputField' is exist

2022-06-23 11:47:06 - [TEST_STEP][PASSED] - setText(findTestObject("Banking/transferReferenceInputField"), reference, 0): Text 'IBFTInstantFav' has been set to element 'Object Repository/Banking/transferReferenceInputField'

2022-06-23 11:47:06 - [MESSAGE][WARNING] - Timeout '0' is invalid. Using default page load timeout: '40'

2022-06-23 11:47:06 - [MESSAGE][PASSED] - Text 'IBFTInstantFav' has been set to element 'Object Repository/Banking/transferReferenceInputField'

2022-06-23 11:47:06 - [TEST_STEP][PASSED] - hideKeyboard(): Keyboard is hidden

2022-06-23 11:47:09 - [MESSAGE][PASSED] - Keyboard is hidden

2022-06-23 11:47:09 - [TEST_STEP][PASSED] - verifyElementText(findTestObject("Transfer/transferReferenceInputFieldAfter", ["reference":reference]), reference): Actual text and expected text of test object 'Object Repository/Transfer/transferReferenceInputFieldAfter' are matched.

2022-06-23 11:47:09 - [MESSAGE][PASSED] - Actual text and expected text of test object 'Object Repository/Transfer/transferReferenceInputFieldAfter' are matched.

2022-06-23 11:47:09 - [TEST_STEP][PASSED] - tap(findTestObject("Login Onboarding/loginExistingContinueBtn"), 0): Tapped on element 'Object Repository/Login Onboarding/loginExistingContinueBtn'

2022-06-23 11:47:09 - [MESSAGE][WARNING] - Timeout '0' is invalid. Using default page load timeout: '40'

2022-06-23 11:47:09 - [MESSAGE][PASSED] - Tapped on element 'Object Repository/Login Onboarding/loginExistingContinueBtn'

2022-06-23 11:47:09 - [TEST_STEP][PASSED] - verifyElementText(findTestObject("Transfer/transferReferenceAccNameTxt", ["accName":accName]), accName): Actual text and expected text of test object 'Object Repository/Transfer/transferReferenceAccNameTxt' are matched.

2022-06-23 11:47:09 - [MESSAGE][PASSED] - Actual text and expected text of test object 'Object Repository/Transfer/transferReferenceAccNameTxt' are matched.

2022-06-23 11:47:09 - [TEST_STEP][PASSED] - verifyElementText(findTestObject("Transfer/transferReferenceAccNoTxt", ["accNo":accNo]), accNo): Actual text and expected text of test object 'Object Repository/Transfer/transferReferenceAccNoTxt' are matched.

2022-06-23 11:47:09 - [MESSAGE][PASSED] - Actual text and expected text of test object 'Object Repository/Transfer/transferReferenceAccNoTxt' are matched.

2022-06-23 11:47:09 - [TEST_STEP][PASSED] - verifyElementText(findTestObject("Transfer/transferReferenceAccBankTxt", ["accBank":accBank]), accBank): Actual text and expected text of test object 'Object Repository/Transfer/transferReferenceAccBankTxt' are matched.

2022-06-23 11:47:10 - [MESSAGE][PASSED] - Actual text and expected text of test object 'Object Repository/Transfer/transferReferenceAccBankTxt' are matched.

2022-06-23 11:47:10 - [TEST_STEP][PASSED] - verifyElementExist(findTestObject("Transfer/instantTransferModeDuitTxt", ["mode":initialMode]), 0): Element 'Object Repository/Transfer/instantTransferModeDuitTxt' is exist

2022-06-23 11:47:10 - [MESSAGE][WARNING] - Timeout '0' is invalid. Using default page load timeout: '40'

2022-06-23 11:47:13 - [MESSAGE][PASSED] - Element 'Object Repository/Transfer/instantTransferModeDuitTxt' is exist

2022-06-23 11:47:13 - [TEST_STEP][PASSED] - verifyElementExist(findTestObject("Transfer/instantTransferModeTitleTxt"), 0): Element 'Object Repository/Transfer/instantTransferModeTitleTxt' is exist

2022-06-23 11:47:13 - [MESSAGE][WARNING] - Timeout '0' is invalid. Using default page load timeout: '40'

2022-06-23 11:47:14 - [MESSAGE][PASSED] - Element 'Object Repository/Transfer/instantTransferModeTitleTxt' is exist

2022-06-23 11:47:14 - [TEST_STEP][PASSED] - verifyElementExist(findTestObject("Transfer/instantTransferTypeFundTxt"), 0): Element 'Object Repository/Transfer/instantTransferTypeFundTxt' is exist

2022-06-23 11:47:14 - [MESSAGE][WARNING] - Timeout '0' is invalid. Using default page load timeout: '40'

2022-06-23 11:47:14 - [MESSAGE][PASSED] - Element 'Object Repository/Transfer/instantTransferTypeFundTxt' is exist

2022-06-23 11:47:14 - [TEST_STEP][PASSED] - verifyElementExist(findTestObject("Transfer/instantTransferTypeTitleTxt"), 0): Element 'Object Repository/Transfer/instantTransferTypeTitleTxt' is exist

2022-06-23 11:47:14 - [MESSAGE][WARNING] - Timeout '0' is invalid. Using default page load timeout: '40'

2022-06-23 11:47:14 - [MESSAGE][PASSED] - Element 'Object Repository/Transfer/instantTransferTypeTitleTxt' is exist

2022-06-23 11:47:14 - [TEST_STEP][PASSED] - tap(findTestObject("Login Onboarding/loginExistingContinueBtn"), 0): Tapped on element 'Object Repository/Login Onboarding/loginExistingContinueBtn'

2022-06-23 11:47:14 - [MESSAGE][WARNING] - Timeout '0' is invalid. Using default page load timeout: '40'

2022-06-23 11:47:14 - [MESSAGE][PASSED] - Tapped on element 'Object Repository/Login Onboarding/loginExistingContinueBtn'

2022-06-23 11:47:14 - [TEST_STEP][PASSED] - verifyElementText(findTestObject("Transfer/transferConfirmationTransactionDateTxt"), trxDate): Actual text and expected text of test object 'Object Repository/Transfer/transferConfirmationTransactionDateTxt' are matched.

2022-06-23 11:47:19 - [MESSAGE][PASSED] - Actual text and expected text of test object 'Object Repository/Transfer/transferConfirmationTransactionDateTxt' are matched.

2022-06-23 11:47:19 - [TEST_STEP][PASSED] - verifyElementText(findTestObject("Transfer/transferConfirmationAccountNameTxt", ["accName":accName]), accName): Actual text and expected text of test object 'Object Repository/Transfer/transferConfirmationAccountNameTxt' are matched.

2022-06-23 11:47:19 - [MESSAGE][PASSED] - Actual text and expected text of test object 'Object Repository/Transfer/transferConfirmationAccountNameTxt' are matched.

2022-06-23 11:47:19 - [TEST_STEP][PASSED] - verifyElementText(findTestObject("Transfer/transferConfirmationAccountNoTxt", ["accNo":accNo]), accNo): Actual text and expected text of test object 'Object Repository/Transfer/transferConfirmationAccountNoTxt' are matched.

2022-06-23 11:47:20 - [MESSAGE][PASSED] - Actual text and expected text of test object 'Object Repository/Transfer/transferConfirmationAccountNoTxt' are matched.

2022-06-23 11:47:20 - [TEST_STEP][PASSED] - verifyElementText(findTestObject("Transfer/transferConfirmationAmountTxt", ["amount":amount]), amount): Actual text and expected text of test object 'Object Repository/Transfer/transferConfirmationAmountTxt' are matched.

2022-06-23 11:47:20 - [MESSAGE][PASSED] - Actual text and expected text of test object 'Object Repository/Transfer/transferConfirmationAmountTxt' are matched.

2022-06-23 11:47:20 - [TEST_STEP][PASSED] - verifyElementText(findTestObject("Transfer/transferConfirmationTransactionRecRefTxt", ["reference":reference]), reference): Actual text and expected text of test object 'Object Repository/Transfer/transferConfirmationTransactionRecRefTxt' are matched.

2022-06-23 11:47:20 - [MESSAGE][PASSED] - Actual text and expected text of test object 'Object Repository/Transfer/transferConfirmationTransactionRecRefTxt' are matched.

2022-06-23 11:47:20 - [TEST_STEP][PASSED] - verifyElementText(findTestObject("Transfer/transferConfirmationTransactionBankTxt", ["accBank":accBank]), accBank): Actual text and expected text of test object 'Object Repository/Transfer/transferConfirmationTransactionBankTxt' are matched.

2022-06-23 11:47:20 - [MESSAGE][PASSED] - Actual text and expected text of test object 'Object Repository/Transfer/transferConfirmationTransactionBankTxt' are matched.

2022-06-23 11:47:20 - [TEST_STEP][PASSED] - verifyElementText(findTestObject("Transfer/transferConfirmationOptionalGreyWordTxt"), "Optional"): Actual text and expected text of test object 'Object Repository/Transfer/transferConfirmationOptionalGreyWordTxt' are matched.

2022-06-23 11:47:20 - [MESSAGE][PASSED] - Actual text and expected text of test object 'Object Repository/Transfer/transferConfirmationOptionalGreyWordTxt' are matched.

2022-06-23 11:47:20 - [TEST_STEP][PASSED] - verifyElementText(findTestObject("Transfer/instantTransferConfirmationTransactionTypeTxt"), trxType): Actual text and expected text of test object 'Object Repository/Transfer/instantTransferConfirmationTransactionTypeTxt' are matched.

2022-06-23 11:47:20 - [MESSAGE][PASSED] - Actual text and expected text of test object 'Object Repository/Transfer/instantTransferConfirmationTransactionTypeTxt' are matched.

2022-06-23 11:47:20 - [TEST_STEP][PASSED] - verifyElementText(findTestObject("Transfer/instantTransferConfirmationTransactionModeTxt", ["modeC":initialMode]), initialMode): Actual text and expected text of test object 'Object Repository/Transfer/instantTransferConfirmationTransactionModeTxt' are matched.

2022-06-23 11:47:21 - [MESSAGE][PASSED] - Actual text and expected text of test object 'Object Repository/Transfer/instantTransferConfirmationTransactionModeTxt' are matched.

2022-06-23 11:47:21 - [TEST_STEP][PASSED] - verifyElementText(findTestObject("Transfer/instantTransferConfirmationTransactionServiceTxt"), "RM 0.00"): Actual text and expected text of test object 'Object Repository/Transfer/instantTransferConfirmationTransactionServiceTxt' are matched.

2022-06-23 11:47:21 - [MESSAGE][PASSED] - Actual text and expected text of test object 'Object Repository/Transfer/instantTransferConfirmationTransactionServiceTxt' are matched.

2022-06-23 11:47:21 - [TEST_STEP][PASSED] - verifyElementExist(findTestObject("Transfer/transferConfirmationBankNameTitleTxt"), 0): Element 'Object Repository/Transfer/transferConfirmationBankNameTitleTxt' is exist

2022-06-23 11:47:21 - [MESSAGE][WARNING] - Timeout '0' is invalid. Using default page load timeout: '40'

2022-06-23 11:47:21 - [MESSAGE][PASSED] - Element 'Object Repository/Transfer/transferConfirmationBankNameTitleTxt' is exist

2022-06-23 11:47:21 - [TEST_STEP][PASSED] - verifyElementExist(findTestObject("Transfer/transferConfirmationDateTitleTxt"), 0): Element 'Object Repository/Transfer/transferConfirmationDateTitleTxt' is exist

2022-06-23 11:47:21 - [MESSAGE][WARNING] - Timeout '0' is invalid. Using default page load timeout: '40'

2022-06-23 11:47:21 - [MESSAGE][PASSED] - Element 'Object Repository/Transfer/transferConfirmationDateTitleTxt' is exist

2022-06-23 11:47:21 - [TEST_STEP][PASSED] - verifyElementExist(findTestObject("Transfer/transferConfirmationRecRefTitleTxt"), 0): Element 'Object Repository/Transfer/transferConfirmationRecRefTitleTxt' is exist

2022-06-23 11:47:21 - [MESSAGE][WARNING] - Timeout '0' is invalid. Using default page load timeout: '40'

2022-06-23 11:47:21 - [MESSAGE][PASSED] - Element 'Object Repository/Transfer/transferConfirmationRecRefTitleTxt' is exist

2022-06-23 11:47:21 - [TEST_STEP][PASSED] - verifyElementExist(findTestObject("Transfer/transferConfirmationPaymentDetailsTitleTxt"), 0): Element 'Object Repository/Transfer/transferConfirmationPaymentDetailsTitleTxt' is exist

2022-06-23 11:47:21 - [MESSAGE][WARNING] - Timeout '0' is invalid. Using default page load timeout: '40'

2022-06-23 11:47:22 - [MESSAGE][PASSED] - Element 'Object Repository/Transfer/transferConfirmationPaymentDetailsTitleTxt' is exist

2022-06-23 11:47:22 - [TEST_STEP][PASSED] - verifyElementExist(findTestObject("Transfer/instantTransferConfirmationModeTitleTxt"), 0): Element 'Object Repository/Transfer/instantTransferConfirmationModeTitleTxt' is exist

2022-06-23 11:47:22 - [MESSAGE][WARNING] - Timeout '0' is invalid. Using default page load timeout: '40'

2022-06-23 11:47:22 - [MESSAGE][PASSED] - Element 'Object Repository/Transfer/instantTransferConfirmationModeTitleTxt' is exist

2022-06-23 11:47:22 - [TEST_STEP][PASSED] - verifyElementExist(findTestObject("Transfer/instantTransferConfirmationServiceFeeTitleTxt"), 0): Element 'Object Repository/Transfer/instantTransferConfirmationServiceFeeTitleTxt' is exist

2022-06-23 11:47:22 - [MESSAGE][WARNING] - Timeout '0' is invalid. Using default page load timeout: '40'

2022-06-23 11:47:22 - [MESSAGE][PASSED] - Element 'Object Repository/Transfer/instantTransferConfirmationServiceFeeTitleTxt' is exist

2022-06-23 11:47:22 - [TEST_STEP][PASSED] - verifyElementExist(findTestObject("Transfer/instantTransferConfirmationTypeTitleTxt"), 0): Element 'Object Repository/Transfer/instantTransferConfirmationTypeTitleTxt' is exist

2022-06-23 11:47:22 - [MESSAGE][WARNING] - Timeout '0' is invalid. Using default page load timeout: '40'

2022-06-23 11:47:22 - [MESSAGE][PASSED] - Element 'Object Repository/Transfer/instantTransferConfirmationTypeTitleTxt' is exist

2022-06-23 11:47:22 - [TEST_STEP][PASSED] - verifyElementExist(findTestObject("Transfer/transferConfirmationNoteTitleTxt"), 0): Element 'Object Repository/Transfer/transferConfirmationNoteTitleTxt' is exist

2022-06-23 11:47:22 - [MESSAGE][WARNING] - Timeout '0' is invalid. Using default page load timeout: '40'

2022-06-23 11:47:22 - [MESSAGE][PASSED] - Element 'Object Repository/Transfer/transferConfirmationNoteTitleTxt' is exist

2022-06-23 11:47:22 - [TEST_STEP][PASSED] - tap(findTestObject("Transfer/transferConfirmationOptionalGreyWordTxt"), 0): Tapped on element 'Object Repository/Transfer/transferConfirmationOptionalGreyWordTxt'

2022-06-23 11:47:22 - [MESSAGE][WARNING] - Timeout '0' is invalid. Using default page load timeout: '40'

2022-06-23 11:47:23 - [MESSAGE][PASSED] - Tapped on element 'Object Repository/Transfer/transferConfirmationOptionalGreyWordTxt'

2022-06-23 11:47:23 - [TEST_STEP][PASSED] - setText(findTestObject("Transfer/transferConfirmationDetailsInputField"), details, 0): Text 'Test Fav' has been set to element 'Object Repository/Transfer/transferConfirmationDetailsInputField'

2022-06-23 11:47:23 - [MESSAGE][WARNING] - Timeout '0' is invalid. Using default page load timeout: '40'

2022-06-23 11:47:25 - [MESSAGE][PASSED] - Text 'Test Fav' has been set to element 'Object Repository/Transfer/transferConfirmationDetailsInputField'

2022-06-23 11:47:25 - [TEST_STEP][PASSED] - hideKeyboard(): Keyboard is hidden

2022-06-23 11:47:27 - [MESSAGE][PASSED] - Keyboard is hidden

2022-06-23 11:47:27 - [TEST_STEP][PASSED] - verifyElementText(findTestObject("Transfer/transferConfirmationOptionalGreyWordTxt"), details): Actual text and expected text of test object 'Object Repository/Transfer/transferConfirmationOptionalGreyWordTxt' are matched.

2022-06-23 11:47:27 - [MESSAGE][PASSED] - Actual text and expected text of test object 'Object Repository/Transfer/transferConfirmationOptionalGreyWordTxt' are matched.

2022-06-23 11:47:27 - [TEST_STEP][PASSED] - device_Height_2 = getDeviceHeight(): Current device physical height is 2167

2022-06-23 11:47:27 - [MESSAGE][PASSED] - Current device physical height is 2167

2022-06-23 11:47:27 - [TEST_STEP][PASSED] - device_Width_2 = getDeviceWidth(): Current device physical width is 1080

2022-06-23 11:47:28 - [MESSAGE][PASSED] - Current device physical width is 1080

2022-06-23 11:47:28 - [TEST_STEP][PASSED] - startX_2 = device_Width_2 / 2: null

2022-06-23 11:47:28 - [TEST_STEP][PASSED] - endX_2 = startX_2: null

2022-06-23 11:47:28 - [TEST_STEP][PASSED] - startY_2 = device_Height_2 * 0.30: null

2022-06-23 11:47:28 - [TEST_STEP][PASSED] - endY_2 = device_Height_2 * 0.70: null

2022-06-23 11:47:28 - [TEST_STEP][PASSED] - swipe(startX_2, endY_2, endX_2, startY_2): Swiped from 540,1,516 to 540,650

2022-06-23 11:47:29 - [MESSAGE][PASSED] - Swiped from 540,1,516 to 540,650

2022-06-23 11:47:29 - [TEST_STEP][PASSED] - verifyElementExist(findTestObject("Transfer/instantTransferConfirmationNotes1Txt"), 0): Element 'Object Repository/Transfer/instantTransferConfirmationNotes1Txt' is exist

2022-06-23 11:47:29 - [MESSAGE][WARNING] - Timeout '0' is invalid. Using default page load timeout: '40'

2022-06-23 11:47:29 - [MESSAGE][PASSED] - Element 'Object Repository/Transfer/instantTransferConfirmationNotes1Txt' is exist

2022-06-23 11:47:29 - [TEST_STEP][PASSED] - verifyElementExist(findTestObject("Transfer/transferConfirmationFTransferFromTitleTxt"), 0): Element 'Object Repository/Transfer/transferConfirmationFTransferFromTitleTxt' is exist

2022-06-23 11:47:29 - [MESSAGE][WARNING] - Timeout '0' is invalid. Using default page load timeout: '40'

2022-06-23 11:47:29 - [MESSAGE][PASSED] - Element 'Object Repository/Transfer/transferConfirmationFTransferFromTitleTxt' is exist

2022-06-23 11:47:29 - [TEST_STEP][PASSED] - verifyElementExist(findTestObject("Transfer/instantTransferConfirmationNotes2Txt"), 0): Element 'Object Repository/Transfer/instantTransferConfirmationNotes2Txt' is exist

2022-06-23 11:47:29 - [MESSAGE][WARNING] - Timeout '0' is invalid. Using default page load timeout: '40'

2022-06-23 11:47:30 - [MESSAGE][PASSED] - Element 'Object Repository/Transfer/instantTransferConfirmationNotes2Txt' is exist

2022-06-23 11:47:30 - [TEST_STEP][PASSED] - verifyElementText(findTestObject("Transfer/transferConfirmationFromAccTypeTxt", ["accType":accType]), accType): Actual text and expected text of test object 'Object Repository/Transfer/transferConfirmationFromAccTypeTxt' are matched.

2022-06-23 11:47:30 - [MESSAGE][PASSED] - Actual text and expected text of test object 'Object Repository/Transfer/transferConfirmationFromAccTypeTxt' are matched.

2022-06-23 11:47:30 - [TEST_STEP][PASSED] - verifyElementText(findTestObject("Transfer/transferConfirmationFromAccNoTxt", ["accNoFrom":accNoFrom]), accNoFrom): Actual text and expected text of test object 'Object Repository/Transfer/transferConfirmationFromAccNoTxt' are matched.

2022-06-23 11:47:30 - [MESSAGE][PASSED] - Actual text and expected text of test object 'Object Repository/Transfer/transferConfirmationFromAccNoTxt' are matched.

2022-06-23 11:47:30 - [TEST_STEP][PASSED] - verifyElementExist(findTestObject("Transfer/transferConfirmationFromAccBalanceTxt"), 0): Element 'Object Repository/Transfer/transferConfirmationFromAccBalanceTxt' is exist

2022-06-23 11:47:30 - [MESSAGE][WARNING] - Timeout '0' is invalid. Using default page load timeout: '40'

2022-06-23 11:47:30 - [MESSAGE][PASSED] - Element 'Object Repository/Transfer/transferConfirmationFromAccBalanceTxt' is exist

2022-06-23 11:47:30 - [TEST_STEP][PASSED] - accountBalance = getText(findTestObject("Transfer/transferConfirmationFromAccBalanceTxt"), 0): Text of element 'Object Repository/Transfer/transferConfirmationFromAccBalanceTxt' is: 'RM 2,409.84'

2022-06-23 11:47:30 - [MESSAGE][WARNING] - Timeout '0' is invalid. Using default page load timeout: '40'

2022-06-23 11:47:30 - [MESSAGE][PASSED] - Text of element 'Object Repository/Transfer/transferConfirmationFromAccBalanceTxt' is: 'RM 2,409.84'

2022-06-23 11:47:30 - [TEST_STEP][PASSED] - println(accountBalance): null

2022-06-23 11:47:30 - [TEST_STEP][PASSED] - tap(findTestObject("Main/mainTransferNowBtn"), 0): Tapped on element 'Object Repository/Main/mainTransferNowBtn'

2022-06-23 11:47:31 - [MESSAGE][WARNING] - Timeout '0' is invalid. Using default page load timeout: '40'

2022-06-23 11:47:31 - [MESSAGE][PASSED] - Tapped on element 'Object Repository/Main/mainTransferNowBtn'

2022-06-23 11:47:31 - [TEST_STEP][PASSED] - delay(10): Delayed 10 second(s)

2022-06-23 11:47:41 - [MESSAGE][PASSED] - Delayed 10 second(s)

2022-06-23 11:47:41 - [TEST_STEP][PASSED] - verifyElementVisible(findTestObject("Festive Season/returnAngpaoStatusMessageTxt"), 0): Element 'Object Repository/Festive Season/returnAngpaoStatusMessageTxt' is visible

2022-06-23 11:47:41 - [MESSAGE][WARNING] - Timeout '0' is invalid. Using default page load timeout: '40'

2022-06-23 11:47:41 - [MESSAGE][PASSED] - Element 'Object Repository/Festive Season/returnAngpaoStatusMessageTxt' is visible

2022-06-23 11:47:41 - [TEST_STEP][PASSED] - delay(5): Delayed 5 second(s)

2022-06-23 11:47:46 - [MESSAGE][PASSED] - Delayed 5 second(s)

2022-06-23 11:47:46 - [TEST_STEP][PASSED] - message = getText(findTestObject("Festive Season/returnAngpaoStatusMessageTxt"), 0): Text of element 'Object Repository/Festive Season/returnAngpaoStatusMessageTxt' is: 'Transfer successful'

2022-06-23 11:47:46 - [MESSAGE][WARNING] - Timeout '0' is invalid. Using default page load timeout: '40'

2022-06-23 11:47:46 - [MESSAGE][PASSED] - Text of element 'Object Repository/Festive Season/returnAngpaoStatusMessageTxt' is: 'Transfer successful'

2022-06-23 11:47:46 - [TEST_STEP][PASSED] - println(message): null

2022-06-23 11:47:46 - [TEST_STEP][PASSED] - assert message == successTransactionMessage: null

2022-06-23 11:47:46 - [TEST_STEP][PASSED] - delay(5): Delayed 5 second(s)

2022-06-23 11:47:51 - [MESSAGE][PASSED] - Delayed 5 second(s)

2022-06-23 11:47:51 - [TEST_STEP][PASSED] - if (value > limit): null

2022-06-23 11:47:51 - [TEST_STEP][PASSED] - else: Element 'Object Repository/Transfer/transferSummaryShareReceiptBtn' is exist

2022-06-23 11:47:51 - [TEST_STEP][PASSED] - verifyElementExist(findTestObject("Transfer/transferSummaryDateTimeTitleTxt"), 0): Element 'Object Repository/Transfer/transferSummaryDateTimeTitleTxt' is exist

2022-06-23 11:47:51 - [MESSAGE][WARNING] - Timeout '0' is invalid. Using default page load timeout: '40'

2022-06-23 11:47:51 - [MESSAGE][PASSED] - Element 'Object Repository/Transfer/transferSummaryDateTimeTitleTxt' is exist

2022-06-23 11:47:51 - [TEST_STEP][PASSED] - verifyElementExist(findTestObject("Transfer/transferSummaryRefIDTitleTxt"), 0): Element 'Object Repository/Transfer/transferSummaryRefIDTitleTxt' is exist

2022-06-23 11:47:51 - [MESSAGE][WARNING] - Timeout '0' is invalid. Using default page load timeout: '40'

2022-06-23 11:47:52 - [MESSAGE][PASSED] - Element 'Object Repository/Transfer/transferSummaryRefIDTitleTxt' is exist

2022-06-23 11:47:52 - [TEST_STEP][PASSED] - verifyElementExist(findTestObject("Transfer/transferSummaryShareReceiptBtn"), 0): Element 'Object Repository/Transfer/transferSummaryShareReceiptBtn' is exist

2022-06-23 11:47:52 - [MESSAGE][WARNING] - Timeout '0' is invalid. Using default page load timeout: '40'

2022-06-23 11:47:53 - [MESSAGE][PASSED] - Element 'Object Repository/Transfer/transferSummaryShareReceiptBtn' is exist

2022-06-23 11:47:53 - [TEST_STEP][PASSED] - delay(5): Delayed 5 second(s)

2022-06-23 11:47:58 - [MESSAGE][PASSED] - Delayed 5 second(s)

2022-06-23 11:47:58 - [TEST_STEP][PASSED] - referenceID = getText(findTestObject("Send Request Money/requestMoneyPaySummaryRefIDTxt"), 0): Text of element 'Object Repository/Send Request Money/requestMoneyPaySummaryRefIDTxt' is: '181582629M'

2022-06-23 11:47:58 - [MESSAGE][WARNING] - Timeout '0' is invalid. Using default page load timeout: '40'

2022-06-23 11:47:58 - [MESSAGE][PASSED] - Text of element 'Object Repository/Send Request Money/requestMoneyPaySummaryRefIDTxt' is: '181582629M'

2022-06-23 11:47:58 - [TEST_STEP][PASSED] - println(referenceID): null

2022-06-23 11:47:58 - [TEST_STEP][PASSED] - test = dataFolder: null

2022-06-23 11:47:58 - [TEST_STEP][PASSED] - sheetName = "Sheet1": null

2022-06-23 11:47:58 - [TEST_STEP][PASSED] - file1 = new java.io.File(test): null

2022-06-23 11:47:58 - [TEST_STEP][PASSED] - assert file1.exists() == true: null

2022-06-23 11:47:58 - [TEST_STEP][PASSED] - woorkbook1 = getWorkbook(test): null

2022-06-23 11:47:58 - [TEST_STEP][PASSED] - sheet1 = getExcelSheet(woorkbook1, sheetName): null

2022-06-23 11:47:58 - [TEST_STEP][PASSED] - setValueToCellByIndex(sheet1, 3, 1, referenceID): null

2022-06-23 11:47:58 - [TEST_STEP][PASSED] - saveWorkbook(test, woorkbook1): null

2022-06-23 11:47:58 - [TEST_STEP][PASSED] - delay(3): Delayed 3 second(s)

2022-06-23 11:48:01 - [MESSAGE][PASSED] - Delayed 3 second(s)

2022-06-23 11:48:01 - [TEST_STEP][PASSED] - verifyElementVisible(findTestObject("Main/mainDoneBtn"), 0): Element 'Object Repository/Main/mainDoneBtn' is visible

2022-06-23 11:48:01 - [MESSAGE][WARNING] - Timeout '0' is invalid. Using default page load timeout: '40'

2022-06-23 11:48:02 - [MESSAGE][PASSED] - Element 'Object Repository/Main/mainDoneBtn' is visible

2022-06-23 11:48:02 - [TEST_STEP][PASSED] - takeScreenshot("/Users/a00139272/Desktop/Screenshot/instantIBFTFav.png"): Screenshot is taken

2022-06-23 11:48:02 - [MESSAGE][PASSED] - Screenshot is taken
[[ATTACHMENT|/Users/a00139272/Desktop/Screenshot/instantIBFTFav.png]]

2022-06-23 11:48:02 - [TEST_STEP][PASSED] - tap(findTestObject("Main/mainDoneBtn"), 0): Tapped on element 'Object Repository/Main/mainDoneBtn'

2022-06-23 11:48:02 - [MESSAGE][WARNING] - Timeout '0' is invalid. Using default page load timeout: '40'

2022-06-23 11:48:03 - [MESSAGE][PASSED] - Tapped on element 'Object Repository/Main/mainDoneBtn'

2022-06-23 11:48:03 - [TEST_STEP][PASSED] - if (value < limit): Delayed 5 second(s)

2022-06-23 11:48:03 - [TEST_STEP][PASSED] - delay(5): Delayed 5 second(s)

2022-06-23 11:48:08 - [MESSAGE][PASSED] - Delayed 5 second(s)

2022-06-23 11:48:08 - [TEST_STEP][PASSED] - tap(findTestObject("Main/mainTopLeftBackButton"), 0): Tapped on element 'Object Repository/Main/mainTopLeftBackButton'

2022-06-23 11:48:08 - [MESSAGE][WARNING] - Timeout '0' is invalid. Using default page load timeout: '40'

2022-06-23 11:48:08 - [MESSAGE][PASSED] - Tapped on element 'Object Repository/Main/mainTopLeftBackButton'

2022-06-23 11:48:08 - [TEST_STEP][PASSED] - delay(5): Delayed 5 second(s)

2022-06-23 11:48:13 - [MESSAGE][PASSED] - Delayed 5 second(s)

2022-06-23 11:48:13 - [TEST_STEP][PASSED] - verifyElementVisible(findTestObject("Banking/m2uAccountTypeSelection", ["text":accType]), 10): Element 'Object Repository/Banking/m2uAccountTypeSelection' is visible

2022-06-23 11:48:13 - [MESSAGE][PASSED] - Element 'Object Repository/Banking/m2uAccountTypeSelection' is visible

2022-06-23 11:48:13 - [TEST_STEP][PASSED] - tap(findTestObject("Banking/m2uAccountTypeSelection", ["text":accType]), 10): Tapped on element 'Object Repository/Banking/m2uAccountTypeSelection'

2022-06-23 11:48:13 - [MESSAGE][PASSED] - Tapped on element 'Object Repository/Banking/m2uAccountTypeSelection'

2022-06-23 11:48:13 - [TEST_STEP][PASSED] - delay(5): Delayed 5 second(s)

2022-06-23 11:48:18 - [MESSAGE][PASSED] - Delayed 5 second(s)

2022-06-23 11:48:18 - [TEST_STEP][PASSED] - afterBalance = getText(findTestObject("Main/mainAccountsBalanceTxt"), 0): Text of element 'Object Repository/Main/mainAccountsBalanceTxt' is: 'RM 2,406.84'

2022-06-23 11:48:18 - [MESSAGE][WARNING] - Timeout '0' is invalid. Using default page load timeout: '40'

2022-06-23 11:48:19 - [MESSAGE][PASSED] - Text of element 'Object Repository/Main/mainAccountsBalanceTxt' is: 'RM 2,406.84'

2022-06-23 11:48:19 - [TEST_STEP][PASSED] - newAfterBalance = afterBalance.replaceAll("[^0-9.]", ""): null

2022-06-23 11:48:19 - [TEST_STEP][PASSED] - newAccountBalance = accountBalance.replaceAll("[^0-9.]", ""): null

2022-06-23 11:48:19 - [TEST_STEP][PASSED] - newAfterBalanceF = Float.parseFloat(newAfterBalance): null

2022-06-23 11:48:19 - [TEST_STEP][PASSED] - newAccountBalanceF = Float.parseFloat(newAccountBalance): null

2022-06-23 11:48:19 - [TEST_STEP][PASSED] - println(afterBalance): null

2022-06-23 11:48:19 - [TEST_STEP][PASSED] - println(accountBalance): null

2022-06-23 11:48:19 - [TEST_STEP][PASSED] - println(newAfterBalance): null

2022-06-23 11:48:19 - [TEST_STEP][PASSED] - println(newAccountBalance): null

2022-06-23 11:48:19 - [TEST_STEP][PASSED] - value_1 = checkValue: null

2022-06-23 11:48:19 - [TEST_STEP][PASSED] - value_2 = value_1.replaceAll("[^0-9.]", ""): null

2022-06-23 11:48:19 - [TEST_STEP][PASSED] - newValue = Float.parseFloat(value_2): null

2022-06-23 11:48:19 - [TEST_STEP][PASSED] - newBalance = newAccountBalanceF - newValue: null

2022-06-23 11:48:19 - [TEST_STEP][PASSED] - println(newBalance): null

2022-06-23 11:48:19 - [TEST_STEP][PASSED] - assert newBalance.round(2) == newAfterBalanceF: null

2022-06-23 11:48:19 - [TEST_STEP][PASSED] - delay(5): Delayed 5 second(s)

2022-06-23 11:48:24 - [MESSAGE][PASSED] - Delayed 5 second(s)]]></system-out>
         <system-err><![CDATA[]]></system-err>
      </testcase>
      <testcase name="Test Cases/Transfer/transfer_instantIBGFav" time="381.312" classname="Test Cases/Transfer/transfer_instantIBGFav" status="FAILED">
         <failure type="FAILED" message="Test Cases/Transfer/transfer_instantIBGFav FAILED.
Reason:
Assertion failed: 

assert message == successTransactionMessage
       |       |  |
       |       |  Transfer accepted
       |       false
       Transfer failed

	at transfer_instantIBGFav.run(transfer_instantIBGFav:368)
	at com.kms.katalon.core.main.ScriptEngine.run(ScriptEngine.java:194)
	at com.kms.katalon.core.main.ScriptEngine.runScriptAsRawText(ScriptEngine.java:119)
	at com.kms.katalon.core.main.TestCaseExecutor.runScript(TestCaseExecutor.java:445)
	at com.kms.katalon.core.main.TestCaseExecutor.doExecute(TestCaseExecutor.java:436)
	at com.kms.katalon.core.main.TestCaseExecutor.processExecutionPhase(TestCaseExecutor.java:415)
	at com.kms.katalon.core.main.TestCaseExecutor.accessMainPhase(TestCaseExecutor.java:407)
	at com.kms.katalon.core.main.TestCaseExecutor.execute(TestCaseExecutor.java:284)
	at com.kms.katalon.core.common.CommonExecutor.accessTestCaseMainPhase(CommonExecutor.java:65)
	at com.kms.katalon.core.main.TestSuiteExecutor.accessTestSuiteMainPhase(TestSuiteExecutor.java:144)
	at com.kms.katalon.core.main.TestSuiteExecutor.execute(TestSuiteExecutor.java:106)
	at com.kms.katalon.core.main.TestCaseMain.startTestSuite(TestCaseMain.java:185)
	at com.kms.katalon.core.main.TestCaseMain$startTestSuite$0.call(Unknown Source)
	at TempTestSuite1655954198973.run(TempTestSuite1655954198973.groovy:36)
"/>
         <system-out><![CDATA[2022-06-23 11:48:24 - [TEST_CASE][FAILED] - Test Cases/Transfer/transfer_instantIBGFav: Test Cases/Transfer/transfer_instantIBGFav FAILED.
Reason:
Assertion failed: 

assert message == successTransactionMessage
       |       |  |
       |       |  Transfer accepted
       |       false
       Transfer failed

	at transfer_instantIBGFav.run(transfer_instantIBGFav:368)
	at com.kms.katalon.core.main.ScriptEngine.run(ScriptEngine.java:194)
	at com.kms.katalon.core.main.ScriptEngine.runScriptAsRawText(ScriptEngine.java:119)
	at com.kms.katalon.core.main.TestCaseExecutor.runScript(TestCaseExecutor.java:445)
	at com.kms.katalon.core.main.TestCaseExecutor.doExecute(TestCaseExecutor.java:436)
	at com.kms.katalon.core.main.TestCaseExecutor.processExecutionPhase(TestCaseExecutor.java:415)
	at com.kms.katalon.core.main.TestCaseExecutor.accessMainPhase(TestCaseExecutor.java:407)
	at com.kms.katalon.core.main.TestCaseExecutor.execute(TestCaseExecutor.java:284)
	at com.kms.katalon.core.common.CommonExecutor.accessTestCaseMainPhase(CommonExecutor.java:65)
	at com.kms.katalon.core.main.TestSuiteExecutor.accessTestSuiteMainPhase(TestSuiteExecutor.java:144)
	at com.kms.katalon.core.main.TestSuiteExecutor.execute(TestSuiteExecutor.java:106)
	at com.kms.katalon.core.main.TestCaseMain.startTestSuite(TestCaseMain.java:185)
	at com.kms.katalon.core.main.TestCaseMain$startTestSuite$0.call(Unknown Source)
	at TempTestSuite1655954198973.run(TempTestSuite1655954198973.groovy:36)


2022-06-23 11:48:24 - [TEST_STEP][PASSED] - delay(5): Delayed 5 second(s)

2022-06-23 11:48:29 - [MESSAGE][PASSED] - Delayed 5 second(s)

2022-06-23 11:48:29 - [TEST_STEP][PASSED] - device_Height = getDeviceHeight(): Current device physical height is 2167

2022-06-23 11:48:29 - [MESSAGE][PASSED] - Current device physical height is 2167

2022-06-23 11:48:29 - [TEST_STEP][PASSED] - device_Width = getDeviceWidth(): Current device physical width is 1080

2022-06-23 11:48:29 - [MESSAGE][PASSED] - Current device physical width is 1080

2022-06-23 11:48:29 - [TEST_STEP][PASSED] - startX = device_Width / 3: null

2022-06-23 11:48:29 - [TEST_STEP][PASSED] - startY = device_Height * 0.97: null

2022-06-23 11:48:29 - [TEST_STEP][PASSED] - verifyElementVisible(findTestObject("Banking/m2uAccountTransferIconSelect"), 0): Element 'Object Repository/Banking/m2uAccountTransferIconSelect' is visible

2022-06-23 11:48:30 - [MESSAGE][WARNING] - Timeout '0' is invalid. Using default page load timeout: '40'

2022-06-23 11:48:30 - [MESSAGE][PASSED] - Element 'Object Repository/Banking/m2uAccountTransferIconSelect' is visible

2022-06-23 11:48:30 - [TEST_STEP][PASSED] - tap(findTestObject("Banking/m2uAccountTransferIconSelect"), 0): Tapped on element 'Object Repository/Banking/m2uAccountTransferIconSelect'

2022-06-23 11:48:30 - [MESSAGE][WARNING] - Timeout '0' is invalid. Using default page load timeout: '40'

2022-06-23 11:48:30 - [MESSAGE][PASSED] - Tapped on element 'Object Repository/Banking/m2uAccountTransferIconSelect'

2022-06-23 11:48:30 - [TEST_STEP][PASSED] - delay(5): Delayed 5 second(s)

2022-06-23 11:48:35 - [MESSAGE][PASSED] - Delayed 5 second(s)

2022-06-23 11:48:35 - [TEST_STEP][PASSED] - tap(findTestObject("Banking/transferOthersTopMenuSelect"), 0): Tapped on element 'Object Repository/Banking/transferOthersTopMenuSelect'

2022-06-23 11:48:35 - [MESSAGE][WARNING] - Timeout '0' is invalid. Using default page load timeout: '40'

2022-06-23 11:49:36 - [MESSAGE][PASSED] - Tapped on element 'Object Repository/Banking/transferOthersTopMenuSelect'

2022-06-23 11:49:36 - [TEST_STEP][PASSED] - delay(3): Delayed 3 second(s)

2022-06-23 11:49:39 - [MESSAGE][PASSED] - Delayed 3 second(s)

2022-06-23 11:49:39 - [TEST_STEP][PASSED] - verifyElementText(findTestObject("Transfer/transferFavListAccNameTxt", ["accName":accName]), accName): Actual text and expected text of test object 'Object Repository/Transfer/transferFavListAccNameTxt' are matched.

2022-06-23 11:50:40 - [MESSAGE][PASSED] - Actual text and expected text of test object 'Object Repository/Transfer/transferFavListAccNameTxt' are matched.

2022-06-23 11:50:40 - [TEST_STEP][PASSED] - verifyElementText(findTestObject("Transfer/transferFavListAccNoTxt", ["accNo":accNo]), accNo): Actual text and expected text of test object 'Object Repository/Transfer/transferFavListAccNoTxt' are matched.

2022-06-23 11:51:30 - [MESSAGE][PASSED] - Actual text and expected text of test object 'Object Repository/Transfer/transferFavListAccNoTxt' are matched.

2022-06-23 11:51:30 - [TEST_STEP][PASSED] - verifyElementText(findTestObject("Transfer/transferFavListAccBankTxt", ["accBank":accBank]), accBank): Actual text and expected text of test object 'Object Repository/Transfer/transferFavListAccBankTxt' are matched.

2022-06-23 11:52:21 - [MESSAGE][PASSED] - Actual text and expected text of test object 'Object Repository/Transfer/transferFavListAccBankTxt' are matched.

2022-06-23 11:52:21 - [TEST_STEP][PASSED] - tap(findTestObject("Transfer/transferFavListAccNameTxt", ["accName":accName]), 0): Tapped on element 'Object Repository/Transfer/transferFavListAccNameTxt'

2022-06-23 11:52:21 - [MESSAGE][WARNING] - Timeout '0' is invalid. Using default page load timeout: '40'

2022-06-23 11:53:13 - [MESSAGE][PASSED] - Tapped on element 'Object Repository/Transfer/transferFavListAccNameTxt'

2022-06-23 11:53:13 - [TEST_STEP][PASSED] - delay(3): Delayed 3 second(s)

2022-06-23 11:53:16 - [MESSAGE][PASSED] - Delayed 3 second(s)

2022-06-23 11:53:16 - [TEST_STEP][PASSED] - verifyElementText(findTestObject("Transfer/transferAmounttAccNameTxt", ["accName":accName]), accName): Actual text and expected text of test object 'Object Repository/Transfer/transferAmounttAccNameTxt' are matched.

2022-06-23 11:53:16 - [MESSAGE][PASSED] - Actual text and expected text of test object 'Object Repository/Transfer/transferAmounttAccNameTxt' are matched.

2022-06-23 11:53:16 - [TEST_STEP][PASSED] - verifyElementText(findTestObject("Transfer/transferAmounttAccNoTxt", ["accNo":accNo]), accNo): Actual text and expected text of test object 'Object Repository/Transfer/transferAmounttAccNoTxt' are matched.

2022-06-23 11:53:16 - [MESSAGE][PASSED] - Actual text and expected text of test object 'Object Repository/Transfer/transferAmounttAccNoTxt' are matched.

2022-06-23 11:53:16 - [TEST_STEP][PASSED] - verifyElementText(findTestObject("Transfer/transferAmounttAccBankTxt", ["accBank":accBank]), accBank): Actual text and expected text of test object 'Object Repository/Transfer/transferAmounttAccBankTxt' are matched.

2022-06-23 11:53:16 - [MESSAGE][PASSED] - Actual text and expected text of test object 'Object Repository/Transfer/transferAmounttAccBankTxt' are matched.

2022-06-23 11:53:16 - [TEST_STEP][PASSED] - verifyElementExist(findTestObject("Transfer/transferAmountRMTxt"), 0): Element 'Object Repository/Transfer/transferAmountRMTxt' is exist

2022-06-23 11:53:16 - [MESSAGE][WARNING] - Timeout '0' is invalid. Using default page load timeout: '40'

2022-06-23 11:53:16 - [MESSAGE][PASSED] - Element 'Object Repository/Transfer/transferAmountRMTxt' is exist

2022-06-23 11:53:16 - [TEST_STEP][PASSED] - verifyElementExist(findTestObject("Transfer/transferAmountEnterAmountTitleTxt"), 0): Element 'Object Repository/Transfer/transferAmountEnterAmountTitleTxt' is exist

2022-06-23 11:53:16 - [MESSAGE][WARNING] - Timeout '0' is invalid. Using default page load timeout: '40'

2022-06-23 11:53:17 - [MESSAGE][PASSED] - Element 'Object Repository/Transfer/transferAmountEnterAmountTitleTxt' is exist

2022-06-23 11:53:17 - [TEST_STEP][PASSED] - trxAmount = value: null

2022-06-23 11:53:17 - [TEST_STEP][PASSED] - length = trxAmount.length(): null

2022-06-23 11:53:17 - [TEST_STEP][PASSED] - delay(5): Delayed 5 second(s)

2022-06-23 11:53:22 - [MESSAGE][PASSED] - Delayed 5 second(s)

2022-06-23 11:53:22 - [TEST_STEP][PASSED] - tapAtPosition(startX, startY): Tapped at [360, 2,101]

2022-06-23 11:53:22 - [MESSAGE][PASSED] - Tapped at [360, 2,101]

2022-06-23 11:53:22 - [TEST_STEP][PASSED] - for ([i = 0, i < length, (i++)]): null

2022-06-23 11:53:22 - [TEST_STEP][PASSED] - if (trxAmount[i] == "0"): null

2022-06-23 11:53:22 - [TEST_STEP][PASSED] - if (trxAmount[i] == "1"): null

2022-06-23 11:53:22 - [TEST_STEP][PASSED] - if (trxAmount[i] == "2"): Tapped on element 'Object Repository/Login Onboarding/PIN2'

2022-06-23 11:53:22 - [TEST_STEP][PASSED] - tap(findTestObject("Login Onboarding/PIN2"), 0): Tapped on element 'Object Repository/Login Onboarding/PIN2'

2022-06-23 11:53:22 - [MESSAGE][WARNING] - Timeout '0' is invalid. Using default page load timeout: '40'

2022-06-23 11:53:22 - [MESSAGE][PASSED] - Tapped on element 'Object Repository/Login Onboarding/PIN2'

2022-06-23 11:53:22 - [TEST_STEP][PASSED] - if (trxAmount[i] == "3"): null

2022-06-23 11:53:22 - [TEST_STEP][PASSED] - if (trxAmount[i] == "4"): null

2022-06-23 11:53:22 - [TEST_STEP][PASSED] - if (trxAmount[i] == "5"): null

2022-06-23 11:53:22 - [TEST_STEP][PASSED] - if (trxAmount[i] == "6"): null

2022-06-23 11:53:22 - [TEST_STEP][PASSED] - if (trxAmount[i] == "7"): null

2022-06-23 11:53:22 - [TEST_STEP][PASSED] - if (trxAmount[i] == "8"): null

2022-06-23 11:53:22 - [TEST_STEP][PASSED] - if (trxAmount[i] == "9"): null

2022-06-23 11:53:22 - [TEST_STEP][PASSED] - if (trxAmount[i] == "0"): Tapped on element 'Object Repository/Login Onboarding/PIN0'

2022-06-23 11:53:22 - [TEST_STEP][PASSED] - tap(findTestObject("Login Onboarding/PIN0"), 0): Tapped on element 'Object Repository/Login Onboarding/PIN0'

2022-06-23 11:53:23 - [MESSAGE][WARNING] - Timeout '0' is invalid. Using default page load timeout: '40'

2022-06-23 11:53:23 - [MESSAGE][PASSED] - Tapped on element 'Object Repository/Login Onboarding/PIN0'

2022-06-23 11:53:23 - [TEST_STEP][PASSED] - if (trxAmount[i] == "1"): null

2022-06-23 11:53:23 - [TEST_STEP][PASSED] - if (trxAmount[i] == "2"): null

2022-06-23 11:53:23 - [TEST_STEP][PASSED] - if (trxAmount[i] == "3"): null

2022-06-23 11:53:23 - [TEST_STEP][PASSED] - if (trxAmount[i] == "4"): null

2022-06-23 11:53:23 - [TEST_STEP][PASSED] - if (trxAmount[i] == "5"): null

2022-06-23 11:53:23 - [TEST_STEP][PASSED] - if (trxAmount[i] == "6"): null

2022-06-23 11:53:23 - [TEST_STEP][PASSED] - if (trxAmount[i] == "7"): null

2022-06-23 11:53:23 - [TEST_STEP][PASSED] - if (trxAmount[i] == "8"): null

2022-06-23 11:53:23 - [TEST_STEP][PASSED] - if (trxAmount[i] == "9"): null

2022-06-23 11:53:23 - [TEST_STEP][PASSED] - if (trxAmount[i] == "0"): Tapped on element 'Object Repository/Login Onboarding/PIN0'

2022-06-23 11:53:23 - [TEST_STEP][PASSED] - tap(findTestObject("Login Onboarding/PIN0"), 0): Tapped on element 'Object Repository/Login Onboarding/PIN0'

2022-06-23 11:53:23 - [MESSAGE][WARNING] - Timeout '0' is invalid. Using default page load timeout: '40'

2022-06-23 11:53:24 - [MESSAGE][PASSED] - Tapped on element 'Object Repository/Login Onboarding/PIN0'

2022-06-23 11:53:24 - [TEST_STEP][PASSED] - if (trxAmount[i] == "1"): null

2022-06-23 11:53:24 - [TEST_STEP][PASSED] - if (trxAmount[i] == "2"): null

2022-06-23 11:53:24 - [TEST_STEP][PASSED] - if (trxAmount[i] == "3"): null

2022-06-23 11:53:24 - [TEST_STEP][PASSED] - if (trxAmount[i] == "4"): null

2022-06-23 11:53:24 - [TEST_STEP][PASSED] - if (trxAmount[i] == "5"): null

2022-06-23 11:53:24 - [TEST_STEP][PASSED] - if (trxAmount[i] == "6"): null

2022-06-23 11:53:24 - [TEST_STEP][PASSED] - if (trxAmount[i] == "7"): null

2022-06-23 11:53:24 - [TEST_STEP][PASSED] - if (trxAmount[i] == "8"): null

2022-06-23 11:53:24 - [TEST_STEP][PASSED] - if (trxAmount[i] == "9"): null

2022-06-23 11:53:24 - [TEST_STEP][PASSED] - delay(3): Delayed 3 second(s)

2022-06-23 11:53:27 - [MESSAGE][PASSED] - Delayed 3 second(s)

2022-06-23 11:53:27 - [TEST_STEP][PASSED] - verifyElementText(findTestObject("Transfer/transferAmountInputValueTxt", ["value":checkValue]), checkValue): Actual text and expected text of test object 'Object Repository/Transfer/transferAmountInputValueTxt' are matched.

2022-06-23 11:53:27 - [MESSAGE][PASSED] - Actual text and expected text of test object 'Object Repository/Transfer/transferAmountInputValueTxt' are matched.

2022-06-23 11:53:27 - [TEST_STEP][PASSED] - delay(3): Delayed 3 second(s)

2022-06-23 11:53:30 - [MESSAGE][PASSED] - Delayed 3 second(s)

2022-06-23 11:53:30 - [TEST_STEP][PASSED] - tap(findTestObject("Login Onboarding/loginPinTickBtn"), 0): Tapped on element 'Object Repository/Login Onboarding/loginPinTickBtn'

2022-06-23 11:53:30 - [MESSAGE][WARNING] - Timeout '0' is invalid. Using default page load timeout: '40'

2022-06-23 11:53:31 - [MESSAGE][PASSED] - Tapped on element 'Object Repository/Login Onboarding/loginPinTickBtn'

2022-06-23 11:53:31 - [TEST_STEP][PASSED] - delay(3): Delayed 3 second(s)

2022-06-23 11:53:34 - [MESSAGE][PASSED] - Delayed 3 second(s)

2022-06-23 11:53:34 - [TEST_STEP][PASSED] - verifyElementText(findTestObject("Transfer/transferReferenceAccNameTxt", ["accName":accName]), accName): Actual text and expected text of test object 'Object Repository/Transfer/transferReferenceAccNameTxt' are matched.

2022-06-23 11:53:34 - [MESSAGE][PASSED] - Actual text and expected text of test object 'Object Repository/Transfer/transferReferenceAccNameTxt' are matched.

2022-06-23 11:53:34 - [TEST_STEP][PASSED] - verifyElementText(findTestObject("Transfer/transferReferenceAccNoTxt", ["accNo":accNo]), accNo): Actual text and expected text of test object 'Object Repository/Transfer/transferReferenceAccNoTxt' are matched.

2022-06-23 11:53:34 - [MESSAGE][PASSED] - Actual text and expected text of test object 'Object Repository/Transfer/transferReferenceAccNoTxt' are matched.

2022-06-23 11:53:34 - [TEST_STEP][PASSED] - verifyElementText(findTestObject("Transfer/transferReferenceAccBankTxt", ["accBank":accBank]), accBank): Actual text and expected text of test object 'Object Repository/Transfer/transferReferenceAccBankTxt' are matched.

2022-06-23 11:53:34 - [MESSAGE][PASSED] - Actual text and expected text of test object 'Object Repository/Transfer/transferReferenceAccBankTxt' are matched.

2022-06-23 11:53:34 - [TEST_STEP][PASSED] - verifyElementExist(findTestObject("Transfer/transferReferenceInputField"), 0): Element 'Object Repository/Transfer/transferReferenceInputField' is exist

2022-06-23 11:53:34 - [MESSAGE][WARNING] - Timeout '0' is invalid. Using default page load timeout: '40'

2022-06-23 11:53:34 - [MESSAGE][PASSED] - Element 'Object Repository/Transfer/transferReferenceInputField' is exist

2022-06-23 11:53:34 - [TEST_STEP][PASSED] - setText(findTestObject("Banking/transferReferenceInputField"), reference, 0): Text 'IBGInstantFav' has been set to element 'Object Repository/Banking/transferReferenceInputField'

2022-06-23 11:53:34 - [MESSAGE][WARNING] - Timeout '0' is invalid. Using default page load timeout: '40'

2022-06-23 11:53:35 - [MESSAGE][PASSED] - Text 'IBGInstantFav' has been set to element 'Object Repository/Banking/transferReferenceInputField'

2022-06-23 11:53:35 - [TEST_STEP][PASSED] - hideKeyboard(): Keyboard is hidden

2022-06-23 11:53:37 - [MESSAGE][PASSED] - Keyboard is hidden

2022-06-23 11:53:37 - [TEST_STEP][PASSED] - verifyElementText(findTestObject("Transfer/transferReferenceInputFieldAfter", ["reference":reference]), reference): Actual text and expected text of test object 'Object Repository/Transfer/transferReferenceInputFieldAfter' are matched.

2022-06-23 11:53:37 - [MESSAGE][PASSED] - Actual text and expected text of test object 'Object Repository/Transfer/transferReferenceInputFieldAfter' are matched.

2022-06-23 11:53:37 - [TEST_STEP][PASSED] - tap(findTestObject("Login Onboarding/loginExistingContinueBtn"), 0): Tapped on element 'Object Repository/Login Onboarding/loginExistingContinueBtn'

2022-06-23 11:53:38 - [MESSAGE][WARNING] - Timeout '0' is invalid. Using default page load timeout: '40'

2022-06-23 11:53:38 - [MESSAGE][PASSED] - Tapped on element 'Object Repository/Login Onboarding/loginExistingContinueBtn'

2022-06-23 11:53:38 - [TEST_STEP][PASSED] - verifyElementText(findTestObject("Transfer/transferReferenceAccNameTxt", ["accName":accName]), accName): Actual text and expected text of test object 'Object Repository/Transfer/transferReferenceAccNameTxt' are matched.

2022-06-23 11:53:38 - [MESSAGE][PASSED] - Actual text and expected text of test object 'Object Repository/Transfer/transferReferenceAccNameTxt' are matched.

2022-06-23 11:53:38 - [TEST_STEP][PASSED] - verifyElementText(findTestObject("Transfer/transferReferenceAccNoTxt", ["accNo":accNo]), accNo): Actual text and expected text of test object 'Object Repository/Transfer/transferReferenceAccNoTxt' are matched.

2022-06-23 11:53:38 - [MESSAGE][PASSED] - Actual text and expected text of test object 'Object Repository/Transfer/transferReferenceAccNoTxt' are matched.

2022-06-23 11:53:38 - [TEST_STEP][PASSED] - verifyElementText(findTestObject("Transfer/transferReferenceAccBankTxt", ["accBank":accBank]), accBank): Actual text and expected text of test object 'Object Repository/Transfer/transferReferenceAccBankTxt' are matched.

2022-06-23 11:53:38 - [MESSAGE][PASSED] - Actual text and expected text of test object 'Object Repository/Transfer/transferReferenceAccBankTxt' are matched.

2022-06-23 11:53:38 - [TEST_STEP][PASSED] - delay(3): Delayed 3 second(s)

2022-06-23 11:53:41 - [MESSAGE][PASSED] - Delayed 3 second(s)

2022-06-23 11:53:41 - [TEST_STEP][PASSED] - verifyElementExist(findTestObject("Transfer/instantTransferModeDuitTxt", ["mode":initialMode]), 0): Element 'Object Repository/Transfer/instantTransferModeDuitTxt' is exist

2022-06-23 11:53:41 - [MESSAGE][WARNING] - Timeout '0' is invalid. Using default page load timeout: '40'

2022-06-23 11:53:46 - [MESSAGE][PASSED] - Element 'Object Repository/Transfer/instantTransferModeDuitTxt' is exist

2022-06-23 11:53:46 - [TEST_STEP][PASSED] - tap(findTestObject("Transfer/instantTransferModeDuitTxt", ["mode":initialMode]), 0): Tapped on element 'Object Repository/Transfer/instantTransferModeDuitTxt'

2022-06-23 11:53:46 - [MESSAGE][WARNING] - Timeout '0' is invalid. Using default page load timeout: '40'

2022-06-23 11:53:47 - [MESSAGE][PASSED] - Tapped on element 'Object Repository/Transfer/instantTransferModeDuitTxt'

2022-06-23 11:53:47 - [TEST_STEP][PASSED] - delay(3): Delayed 3 second(s)

2022-06-23 11:53:50 - [MESSAGE][PASSED] - Delayed 3 second(s)

2022-06-23 11:53:50 - [TEST_STEP][PASSED] - scrollToText(selectedMode, STOP_ON_FAILURE): Scrolling to text 'GIRO' successfully

2022-06-23 11:53:51 - [MESSAGE][PASSED] - Scrolling to text 'GIRO' successfully

2022-06-23 11:53:51 - [TEST_STEP][PASSED] - tap(findTestObject("Transfer/instantTransferModeDropdownSelect", ["modeS":selectedMode]), 0): Tapped on element 'Object Repository/Transfer/instantTransferModeDropdownSelect'

2022-06-23 11:53:51 - [MESSAGE][WARNING] - Timeout '0' is invalid. Using default page load timeout: '40'

2022-06-23 11:53:51 - [MESSAGE][PASSED] - Tapped on element 'Object Repository/Transfer/instantTransferModeDropdownSelect'

2022-06-23 11:53:51 - [TEST_STEP][PASSED] - delay(3): Delayed 3 second(s)

2022-06-23 11:53:54 - [MESSAGE][PASSED] - Delayed 3 second(s)

2022-06-23 11:53:54 - [TEST_STEP][PASSED] - tap(findTestObject("Banking/transferModeDropdownDoneBtn"), 0): Tapped on element 'Object Repository/Banking/transferModeDropdownDoneBtn'

2022-06-23 11:53:54 - [MESSAGE][WARNING] - Timeout '0' is invalid. Using default page load timeout: '40'

2022-06-23 11:53:54 - [MESSAGE][PASSED] - Tapped on element 'Object Repository/Banking/transferModeDropdownDoneBtn'

2022-06-23 11:53:54 - [TEST_STEP][PASSED] - delay(3): Delayed 3 second(s)

2022-06-23 11:53:57 - [MESSAGE][PASSED] - Delayed 3 second(s)

2022-06-23 11:53:57 - [TEST_STEP][PASSED] - verifyElementExist(findTestObject("Transfer/instantTransferModeDuitTxt", ["mode":selectedMode]), 0): Element 'Object Repository/Transfer/instantTransferModeDuitTxt' is exist

2022-06-23 11:53:57 - [MESSAGE][WARNING] - Timeout '0' is invalid. Using default page load timeout: '40'

2022-06-23 11:53:57 - [MESSAGE][PASSED] - Element 'Object Repository/Transfer/instantTransferModeDuitTxt' is exist

2022-06-23 11:53:57 - [TEST_STEP][PASSED] - verifyElementExist(findTestObject("Transfer/instantTransferModeTitleTxt"), 0): Element 'Object Repository/Transfer/instantTransferModeTitleTxt' is exist

2022-06-23 11:53:57 - [MESSAGE][WARNING] - Timeout '0' is invalid. Using default page load timeout: '40'

2022-06-23 11:53:57 - [MESSAGE][PASSED] - Element 'Object Repository/Transfer/instantTransferModeTitleTxt' is exist

2022-06-23 11:53:57 - [TEST_STEP][PASSED] - verifyElementExist(findTestObject("Transfer/instantTransferTypeFundTxt"), 0): Element 'Object Repository/Transfer/instantTransferTypeFundTxt' is exist

2022-06-23 11:53:57 - [MESSAGE][WARNING] - Timeout '0' is invalid. Using default page load timeout: '40'

2022-06-23 11:53:57 - [MESSAGE][PASSED] - Element 'Object Repository/Transfer/instantTransferTypeFundTxt' is exist

2022-06-23 11:53:57 - [TEST_STEP][PASSED] - verifyElementExist(findTestObject("Transfer/instantTransferTypeTitleTxt"), 0): Element 'Object Repository/Transfer/instantTransferTypeTitleTxt' is exist

2022-06-23 11:53:57 - [MESSAGE][WARNING] - Timeout '0' is invalid. Using default page load timeout: '40'

2022-06-23 11:53:58 - [MESSAGE][PASSED] - Element 'Object Repository/Transfer/instantTransferTypeTitleTxt' is exist

2022-06-23 11:53:58 - [TEST_STEP][PASSED] - tap(findTestObject("Login Onboarding/loginExistingContinueBtn"), 0): Tapped on element 'Object Repository/Login Onboarding/loginExistingContinueBtn'

2022-06-23 11:53:58 - [MESSAGE][WARNING] - Timeout '0' is invalid. Using default page load timeout: '40'

2022-06-23 11:53:58 - [MESSAGE][PASSED] - Tapped on element 'Object Repository/Login Onboarding/loginExistingContinueBtn'

2022-06-23 11:53:58 - [TEST_STEP][PASSED] - verifyElementText(findTestObject("Transfer/transferConfirmationTransactionDateTxt"), trxDate): Actual text and expected text of test object 'Object Repository/Transfer/transferConfirmationTransactionDateTxt' are matched.

2022-06-23 11:54:03 - [MESSAGE][PASSED] - Actual text and expected text of test object 'Object Repository/Transfer/transferConfirmationTransactionDateTxt' are matched.

2022-06-23 11:54:03 - [TEST_STEP][PASSED] - verifyElementText(findTestObject("Transfer/transferConfirmationAccountNameTxt", ["accName":accName]), accName): Actual text and expected text of test object 'Object Repository/Transfer/transferConfirmationAccountNameTxt' are matched.

2022-06-23 11:54:03 - [MESSAGE][PASSED] - Actual text and expected text of test object 'Object Repository/Transfer/transferConfirmationAccountNameTxt' are matched.

2022-06-23 11:54:03 - [TEST_STEP][PASSED] - verifyElementText(findTestObject("Transfer/transferConfirmationAccountNoTxt", ["accNo":accNo]), accNo): Actual text and expected text of test object 'Object Repository/Transfer/transferConfirmationAccountNoTxt' are matched.

2022-06-23 11:54:03 - [MESSAGE][PASSED] - Actual text and expected text of test object 'Object Repository/Transfer/transferConfirmationAccountNoTxt' are matched.

2022-06-23 11:54:03 - [TEST_STEP][PASSED] - verifyElementText(findTestObject("Transfer/transferConfirmationAmountTxt", ["amount":amount]), amount): Actual text and expected text of test object 'Object Repository/Transfer/transferConfirmationAmountTxt' are matched.

2022-06-23 11:54:04 - [MESSAGE][PASSED] - Actual text and expected text of test object 'Object Repository/Transfer/transferConfirmationAmountTxt' are matched.

2022-06-23 11:54:04 - [TEST_STEP][PASSED] - verifyElementText(findTestObject("Transfer/transferConfirmationTransactionRecRefTxt", ["reference":reference]), reference): Actual text and expected text of test object 'Object Repository/Transfer/transferConfirmationTransactionRecRefTxt' are matched.

2022-06-23 11:54:04 - [MESSAGE][PASSED] - Actual text and expected text of test object 'Object Repository/Transfer/transferConfirmationTransactionRecRefTxt' are matched.

2022-06-23 11:54:04 - [TEST_STEP][PASSED] - verifyElementText(findTestObject("Transfer/transferConfirmationTransactionBankTxt", ["accBank":accBank]), accBank): Actual text and expected text of test object 'Object Repository/Transfer/transferConfirmationTransactionBankTxt' are matched.

2022-06-23 11:54:04 - [MESSAGE][PASSED] - Actual text and expected text of test object 'Object Repository/Transfer/transferConfirmationTransactionBankTxt' are matched.

2022-06-23 11:54:04 - [TEST_STEP][PASSED] - verifyElementText(findTestObject("Transfer/transferConfirmationOptionalGreyWordTxt"), "Optional"): Actual text and expected text of test object 'Object Repository/Transfer/transferConfirmationOptionalGreyWordTxt' are matched.

2022-06-23 11:54:04 - [MESSAGE][PASSED] - Actual text and expected text of test object 'Object Repository/Transfer/transferConfirmationOptionalGreyWordTxt' are matched.

2022-06-23 11:54:04 - [TEST_STEP][PASSED] - verifyElementText(findTestObject("Transfer/instantTransferConfirmationTransactionTypeTxt"), "Fund Transfer"): Actual text and expected text of test object 'Object Repository/Transfer/instantTransferConfirmationTransactionTypeTxt' are matched.

2022-06-23 11:54:04 - [MESSAGE][PASSED] - Actual text and expected text of test object 'Object Repository/Transfer/instantTransferConfirmationTransactionTypeTxt' are matched.

2022-06-23 11:54:04 - [TEST_STEP][PASSED] - verifyElementText(findTestObject("Transfer/instantTransferConfirmationTransactionModeTxt", ["modeC":selectedMode]), selectedMode): Actual text and expected text of test object 'Object Repository/Transfer/instantTransferConfirmationTransactionModeTxt' are matched.

2022-06-23 11:54:05 - [MESSAGE][PASSED] - Actual text and expected text of test object 'Object Repository/Transfer/instantTransferConfirmationTransactionModeTxt' are matched.

2022-06-23 11:54:05 - [TEST_STEP][PASSED] - verifyElementText(findTestObject("Transfer/instantTransferConfirmationTransactionServiceTxt"), "RM 0.00"): Actual text and expected text of test object 'Object Repository/Transfer/instantTransferConfirmationTransactionServiceTxt' are matched.

2022-06-23 11:54:05 - [MESSAGE][PASSED] - Actual text and expected text of test object 'Object Repository/Transfer/instantTransferConfirmationTransactionServiceTxt' are matched.

2022-06-23 11:54:05 - [TEST_STEP][PASSED] - verifyElementExist(findTestObject("Transfer/transferConfirmationBankNameTitleTxt"), 0): Element 'Object Repository/Transfer/transferConfirmationBankNameTitleTxt' is exist

2022-06-23 11:54:05 - [MESSAGE][WARNING] - Timeout '0' is invalid. Using default page load timeout: '40'

2022-06-23 11:54:05 - [MESSAGE][PASSED] - Element 'Object Repository/Transfer/transferConfirmationBankNameTitleTxt' is exist

2022-06-23 11:54:05 - [TEST_STEP][PASSED] - verifyElementExist(findTestObject("Transfer/transferConfirmationDateTitleTxt"), 0): Element 'Object Repository/Transfer/transferConfirmationDateTitleTxt' is exist

2022-06-23 11:54:05 - [MESSAGE][WARNING] - Timeout '0' is invalid. Using default page load timeout: '40'

2022-06-23 11:54:05 - [MESSAGE][PASSED] - Element 'Object Repository/Transfer/transferConfirmationDateTitleTxt' is exist

2022-06-23 11:54:05 - [TEST_STEP][PASSED] - verifyElementExist(findTestObject("Transfer/transferConfirmationRecRefTitleTxt"), 0): Element 'Object Repository/Transfer/transferConfirmationRecRefTitleTxt' is exist

2022-06-23 11:54:05 - [MESSAGE][WARNING] - Timeout '0' is invalid. Using default page load timeout: '40'

2022-06-23 11:54:05 - [MESSAGE][PASSED] - Element 'Object Repository/Transfer/transferConfirmationRecRefTitleTxt' is exist

2022-06-23 11:54:05 - [TEST_STEP][PASSED] - verifyElementExist(findTestObject("Transfer/transferConfirmationPaymentDetailsTitleTxt"), 0): Element 'Object Repository/Transfer/transferConfirmationPaymentDetailsTitleTxt' is exist

2022-06-23 11:54:05 - [MESSAGE][WARNING] - Timeout '0' is invalid. Using default page load timeout: '40'

2022-06-23 11:54:06 - [MESSAGE][PASSED] - Element 'Object Repository/Transfer/transferConfirmationPaymentDetailsTitleTxt' is exist

2022-06-23 11:54:06 - [TEST_STEP][PASSED] - verifyElementExist(findTestObject("Transfer/instantTransferConfirmationModeTitleTxt"), 0): Element 'Object Repository/Transfer/instantTransferConfirmationModeTitleTxt' is exist

2022-06-23 11:54:06 - [MESSAGE][WARNING] - Timeout '0' is invalid. Using default page load timeout: '40'

2022-06-23 11:54:06 - [MESSAGE][PASSED] - Element 'Object Repository/Transfer/instantTransferConfirmationModeTitleTxt' is exist

2022-06-23 11:54:06 - [TEST_STEP][PASSED] - verifyElementExist(findTestObject("Transfer/instantTransferConfirmationServiceFeeTitleTxt"), 0): Element 'Object Repository/Transfer/instantTransferConfirmationServiceFeeTitleTxt' is exist

2022-06-23 11:54:06 - [MESSAGE][WARNING] - Timeout '0' is invalid. Using default page load timeout: '40'

2022-06-23 11:54:06 - [MESSAGE][PASSED] - Element 'Object Repository/Transfer/instantTransferConfirmationServiceFeeTitleTxt' is exist

2022-06-23 11:54:06 - [TEST_STEP][PASSED] - verifyElementExist(findTestObject("Transfer/instantTransferConfirmationTypeTitleTxt"), 0): Element 'Object Repository/Transfer/instantTransferConfirmationTypeTitleTxt' is exist

2022-06-23 11:54:06 - [MESSAGE][WARNING] - Timeout '0' is invalid. Using default page load timeout: '40'

2022-06-23 11:54:06 - [MESSAGE][PASSED] - Element 'Object Repository/Transfer/instantTransferConfirmationTypeTitleTxt' is exist

2022-06-23 11:54:06 - [TEST_STEP][PASSED] - verifyElementExist(findTestObject("Transfer/transferConfirmationNoteTitleTxt"), 0): Element 'Object Repository/Transfer/transferConfirmationNoteTitleTxt' is exist

2022-06-23 11:54:06 - [MESSAGE][WARNING] - Timeout '0' is invalid. Using default page load timeout: '40'

2022-06-23 11:54:06 - [MESSAGE][PASSED] - Element 'Object Repository/Transfer/transferConfirmationNoteTitleTxt' is exist

2022-06-23 11:54:06 - [TEST_STEP][PASSED] - tap(findTestObject("Transfer/transferConfirmationOptionalGreyWordTxt"), 0): Tapped on element 'Object Repository/Transfer/transferConfirmationOptionalGreyWordTxt'

2022-06-23 11:54:06 - [MESSAGE][WARNING] - Timeout '0' is invalid. Using default page load timeout: '40'

2022-06-23 11:54:07 - [MESSAGE][PASSED] - Tapped on element 'Object Repository/Transfer/transferConfirmationOptionalGreyWordTxt'

2022-06-23 11:54:07 - [TEST_STEP][PASSED] - setText(findTestObject("Transfer/transferConfirmationDetailsInputField"), "Test Fav", 0): Text 'Test Fav' has been set to element 'Object Repository/Transfer/transferConfirmationDetailsInputField'

2022-06-23 11:54:07 - [MESSAGE][WARNING] - Timeout '0' is invalid. Using default page load timeout: '40'

2022-06-23 11:54:09 - [MESSAGE][PASSED] - Text 'Test Fav' has been set to element 'Object Repository/Transfer/transferConfirmationDetailsInputField'

2022-06-23 11:54:09 - [TEST_STEP][PASSED] - hideKeyboard(): Keyboard is hidden

2022-06-23 11:54:11 - [MESSAGE][PASSED] - Keyboard is hidden

2022-06-23 11:54:11 - [TEST_STEP][PASSED] - verifyElementText(findTestObject("Transfer/transferConfirmationOptionalGreyWordTxt"), "Test Fav"): Actual text and expected text of test object 'Object Repository/Transfer/transferConfirmationOptionalGreyWordTxt' are matched.

2022-06-23 11:54:11 - [MESSAGE][PASSED] - Actual text and expected text of test object 'Object Repository/Transfer/transferConfirmationOptionalGreyWordTxt' are matched.

2022-06-23 11:54:11 - [TEST_STEP][PASSED] - device_Height_2 = getDeviceHeight(): Current device physical height is 2167

2022-06-23 11:54:11 - [MESSAGE][PASSED] - Current device physical height is 2167

2022-06-23 11:54:11 - [TEST_STEP][PASSED] - device_Width_2 = getDeviceWidth(): Current device physical width is 1080

2022-06-23 11:54:12 - [MESSAGE][PASSED] - Current device physical width is 1080

2022-06-23 11:54:12 - [TEST_STEP][PASSED] - startX_2 = device_Width_2 / 2: null

2022-06-23 11:54:12 - [TEST_STEP][PASSED] - endX_2 = startX_2: null

2022-06-23 11:54:12 - [TEST_STEP][PASSED] - startY_2 = device_Height_2 * 0.30: null

2022-06-23 11:54:12 - [TEST_STEP][PASSED] - endY_2 = device_Height_2 * 0.70: null

2022-06-23 11:54:12 - [TEST_STEP][PASSED] - swipe(startX_2, endY_2, endX_2, startY_2): Swiped from 540,1,516 to 540,650

2022-06-23 11:54:13 - [MESSAGE][PASSED] - Swiped from 540,1,516 to 540,650

2022-06-23 11:54:13 - [TEST_STEP][PASSED] - verifyElementExist(findTestObject("Transfer/instantTransferConfirmationNotes1Txt"), 0): Element 'Object Repository/Transfer/instantTransferConfirmationNotes1Txt' is exist

2022-06-23 11:54:13 - [MESSAGE][WARNING] - Timeout '0' is invalid. Using default page load timeout: '40'

2022-06-23 11:54:13 - [MESSAGE][PASSED] - Element 'Object Repository/Transfer/instantTransferConfirmationNotes1Txt' is exist

2022-06-23 11:54:13 - [TEST_STEP][PASSED] - verifyElementExist(findTestObject("Transfer/transferConfirmationFTransferFromTitleTxt"), 0): Element 'Object Repository/Transfer/transferConfirmationFTransferFromTitleTxt' is exist

2022-06-23 11:54:13 - [MESSAGE][WARNING] - Timeout '0' is invalid. Using default page load timeout: '40'

2022-06-23 11:54:13 - [MESSAGE][PASSED] - Element 'Object Repository/Transfer/transferConfirmationFTransferFromTitleTxt' is exist

2022-06-23 11:54:13 - [TEST_STEP][PASSED] - verifyElementExist(findTestObject("Transfer/instantTransferConfirmationNotes2Txt"), 0): Element 'Object Repository/Transfer/instantTransferConfirmationNotes2Txt' is exist

2022-06-23 11:54:13 - [MESSAGE][WARNING] - Timeout '0' is invalid. Using default page load timeout: '40'

2022-06-23 11:54:13 - [MESSAGE][PASSED] - Element 'Object Repository/Transfer/instantTransferConfirmationNotes2Txt' is exist

2022-06-23 11:54:13 - [TEST_STEP][PASSED] - verifyElementText(findTestObject("Transfer/transferConfirmationFromAccTypeTxt", ["accType":accType]), accType): Actual text and expected text of test object 'Object Repository/Transfer/transferConfirmationFromAccTypeTxt' are matched.

2022-06-23 11:54:14 - [MESSAGE][PASSED] - Actual text and expected text of test object 'Object Repository/Transfer/transferConfirmationFromAccTypeTxt' are matched.

2022-06-23 11:54:14 - [TEST_STEP][PASSED] - verifyElementText(findTestObject("Transfer/transferConfirmationFromAccNoTxt", ["accNoFrom":accNoFrom]), accNoFrom): Actual text and expected text of test object 'Object Repository/Transfer/transferConfirmationFromAccNoTxt' are matched.

2022-06-23 11:54:14 - [MESSAGE][PASSED] - Actual text and expected text of test object 'Object Repository/Transfer/transferConfirmationFromAccNoTxt' are matched.

2022-06-23 11:54:14 - [TEST_STEP][PASSED] - verifyElementExist(findTestObject("Transfer/transferConfirmationFromAccBalanceTxt"), 0): Element 'Object Repository/Transfer/transferConfirmationFromAccBalanceTxt' is exist

2022-06-23 11:54:14 - [MESSAGE][WARNING] - Timeout '0' is invalid. Using default page load timeout: '40'

2022-06-23 11:54:14 - [MESSAGE][PASSED] - Element 'Object Repository/Transfer/transferConfirmationFromAccBalanceTxt' is exist

2022-06-23 11:54:14 - [TEST_STEP][PASSED] - accountBalance = getText(findTestObject("Transfer/transferConfirmationFromAccBalanceTxt"), 0): Text of element 'Object Repository/Transfer/transferConfirmationFromAccBalanceTxt' is: 'RM 2,406.84'

2022-06-23 11:54:14 - [MESSAGE][WARNING] - Timeout '0' is invalid. Using default page load timeout: '40'

2022-06-23 11:54:14 - [MESSAGE][PASSED] - Text of element 'Object Repository/Transfer/transferConfirmationFromAccBalanceTxt' is: 'RM 2,406.84'

2022-06-23 11:54:14 - [TEST_STEP][PASSED] - println(accountBalance): null

2022-06-23 11:54:14 - [TEST_STEP][PASSED] - tap(findTestObject("Main/mainTransferNowBtn"), 0): Tapped on element 'Object Repository/Main/mainTransferNowBtn'

2022-06-23 11:54:14 - [MESSAGE][WARNING] - Timeout '0' is invalid. Using default page load timeout: '40'

2022-06-23 11:54:15 - [MESSAGE][PASSED] - Tapped on element 'Object Repository/Main/mainTransferNowBtn'

2022-06-23 11:54:15 - [TEST_STEP][PASSED] - if (verifyElementVisible(findTestObject("Festive Season/seasonalGreetingAngpaoTACNoTxt"), 10, OPTIONAL)): Element 'Object Repository/Main/mainS2UApproveBtn' not found

2022-06-23 11:54:25 - [MESSAGE][WARNING] - Element 'Object Repository/Festive Season/seasonalGreetingAngpaoTACNoTxt' not found

2022-06-23 11:54:35 - [MESSAGE][WARNING] - Element 'Object Repository/Main/mainS2UApproveBtn' not found

2022-06-23 11:54:35 - [TEST_STEP][PASSED] - delay(10): Delayed 10 second(s)

2022-06-23 11:54:45 - [MESSAGE][PASSED] - Delayed 10 second(s)

2022-06-23 11:54:45 - [TEST_STEP][PASSED] - verifyElementExist(findTestObject("Festive Season/returnAngpaoStatusMessageTxt"), 0): Element 'Object Repository/Festive Season/returnAngpaoStatusMessageTxt' is exist

2022-06-23 11:54:45 - [MESSAGE][WARNING] - Timeout '0' is invalid. Using default page load timeout: '40'

2022-06-23 11:54:45 - [MESSAGE][PASSED] - Element 'Object Repository/Festive Season/returnAngpaoStatusMessageTxt' is exist

2022-06-23 11:54:45 - [TEST_STEP][PASSED] - message = getText(findTestObject("Festive Season/returnAngpaoStatusMessageTxt"), 0): Text of element 'Object Repository/Festive Season/returnAngpaoStatusMessageTxt' is: 'Transfer failed'

2022-06-23 11:54:45 - [MESSAGE][WARNING] - Timeout '0' is invalid. Using default page load timeout: '40'

2022-06-23 11:54:45 - [MESSAGE][PASSED] - Text of element 'Object Repository/Festive Season/returnAngpaoStatusMessageTxt' is: 'Transfer failed'

2022-06-23 11:54:45 - [TEST_STEP][PASSED] - println(message): null

2022-06-23 11:54:45 - [TEST_STEP][FAILED] - assert message == successTransactionMessage: Test Cases/Transfer/transfer_instantIBGFav FAILED.
Reason:
Assertion failed: 

assert message == successTransactionMessage
       |       |  |
       |       |  Transfer accepted
       |       false
       Transfer failed

	at transfer_instantIBGFav.run(transfer_instantIBGFav:368)
	at com.kms.katalon.core.main.ScriptEngine.run(ScriptEngine.java:194)
	at com.kms.katalon.core.main.ScriptEngine.runScriptAsRawText(ScriptEngine.java:119)
	at com.kms.katalon.core.main.TestCaseExecutor.runScript(TestCaseExecutor.java:445)
	at com.kms.katalon.core.main.TestCaseExecutor.doExecute(TestCaseExecutor.java:436)
	at com.kms.katalon.core.main.TestCaseExecutor.processExecutionPhase(TestCaseExecutor.java:415)
	at com.kms.katalon.core.main.TestCaseExecutor.accessMainPhase(TestCaseExecutor.java:407)
	at com.kms.katalon.core.main.TestCaseExecutor.execute(TestCaseExecutor.java:284)
	at com.kms.katalon.core.common.CommonExecutor.accessTestCaseMainPhase(CommonExecutor.java:65)
	at com.kms.katalon.core.main.TestSuiteExecutor.accessTestSuiteMainPhase(TestSuiteExecutor.java:144)
	at com.kms.katalon.core.main.TestSuiteExecutor.execute(TestSuiteExecutor.java:106)
	at com.kms.katalon.core.main.TestCaseMain.startTestSuite(TestCaseMain.java:185)
	at com.kms.katalon.core.main.TestCaseMain$startTestSuite$0.call(Unknown Source)
	at TempTestSuite1655954198973.run(TempTestSuite1655954198973.groovy:36)


2022-06-23 11:54:45 - [MESSAGE][FAILED] - Test Cases/Transfer/transfer_instantIBGFav FAILED.
Reason:
Assertion failed: 

assert message == successTransactionMessage
       |       |  |
       |       |  Transfer accepted
       |       false
       Transfer failed

	at transfer_instantIBGFav.run(transfer_instantIBGFav:368)
	at com.kms.katalon.core.main.ScriptEngine.run(ScriptEngine.java:194)
	at com.kms.katalon.core.main.ScriptEngine.runScriptAsRawText(ScriptEngine.java:119)
	at com.kms.katalon.core.main.TestCaseExecutor.runScript(TestCaseExecutor.java:445)
	at com.kms.katalon.core.main.TestCaseExecutor.doExecute(TestCaseExecutor.java:436)
	at com.kms.katalon.core.main.TestCaseExecutor.processExecutionPhase(TestCaseExecutor.java:415)
	at com.kms.katalon.core.main.TestCaseExecutor.accessMainPhase(TestCaseExecutor.java:407)
	at com.kms.katalon.core.main.TestCaseExecutor.execute(TestCaseExecutor.java:284)
	at com.kms.katalon.core.common.CommonExecutor.accessTestCaseMainPhase(CommonExecutor.java:65)
	at com.kms.katalon.core.main.TestSuiteExecutor.accessTestSuiteMainPhase(TestSuiteExecutor.java:144)
	at com.kms.katalon.core.main.TestSuiteExecutor.execute(TestSuiteExecutor.java:106)
	at com.kms.katalon.core.main.TestCaseMain.startTestSuite(TestCaseMain.java:185)
	at com.kms.katalon.core.main.TestCaseMain$startTestSuite$0.call(Unknown Source)
	at TempTestSuite1655954198973.run(TempTestSuite1655954198973.groovy:36)]]></system-out>
         <system-err><![CDATA[2022-06-23 11:48:24 - [TEST_CASE][FAILED] - Test Cases/Transfer/transfer_instantIBGFav: Test Cases/Transfer/transfer_instantIBGFav FAILED.
Reason:
Assertion failed: 

assert message == successTransactionMessage
       |       |  |
       |       |  Transfer accepted
       |       false
       Transfer failed

	at transfer_instantIBGFav.run(transfer_instantIBGFav:368)
	at com.kms.katalon.core.main.ScriptEngine.run(ScriptEngine.java:194)
	at com.kms.katalon.core.main.ScriptEngine.runScriptAsRawText(ScriptEngine.java:119)
	at com.kms.katalon.core.main.TestCaseExecutor.runScript(TestCaseExecutor.java:445)
	at com.kms.katalon.core.main.TestCaseExecutor.doExecute(TestCaseExecutor.java:436)
	at com.kms.katalon.core.main.TestCaseExecutor.processExecutionPhase(TestCaseExecutor.java:415)
	at com.kms.katalon.core.main.TestCaseExecutor.accessMainPhase(TestCaseExecutor.java:407)
	at com.kms.katalon.core.main.TestCaseExecutor.execute(TestCaseExecutor.java:284)
	at com.kms.katalon.core.common.CommonExecutor.accessTestCaseMainPhase(CommonExecutor.java:65)
	at com.kms.katalon.core.main.TestSuiteExecutor.accessTestSuiteMainPhase(TestSuiteExecutor.java:144)
	at com.kms.katalon.core.main.TestSuiteExecutor.execute(TestSuiteExecutor.java:106)
	at com.kms.katalon.core.main.TestCaseMain.startTestSuite(TestCaseMain.java:185)
	at com.kms.katalon.core.main.TestCaseMain$startTestSuite$0.call(Unknown Source)
	at TempTestSuite1655954198973.run(TempTestSuite1655954198973.groovy:36)]]></system-err>
      </testcase>
      <system-out><![CDATA[2022-06-23 11:16:48 - [TEST_SUITE][FAILED] - Regress 3: Test Cases/Transfer/transfer_instantTransferIBFT FAILED.
Reason:
com.kms.katalon.core.exception.StepFailedException: Element 'Object Repository/Main/mainS2UApproveBtn' not found
	at com.kms.katalon.core.keyword.internal.KeywordMain.stepFailed(KeywordMain.groovy:39)
	at com.kms.katalon.core.mobile.keyword.internal.MobileKeywordMain.stepFailed(MobileKeywordMain.groovy:40)
	at com.kms.katalon.core.mobile.keyword.builtin.VerifyElementVisibleKeyword$_verifyElementVisible_closure1.doCall(VerifyElementVisibleKeyword.groovy:82)
	at com.kms.katalon.core.mobile.keyword.builtin.VerifyElementVisibleKeyword$_verifyElementVisible_closure1.call(VerifyElementVisibleKeyword.groovy)
	at com.kms.katalon.core.mobile.keyword.internal.MobileKeywordMain.runKeyword(MobileKeywordMain.groovy:21)
	at com.kms.katalon.core.mobile.keyword.builtin.VerifyElementVisibleKeyword.verifyElementVisible(VerifyElementVisibleKeyword.groovy:85)
	at com.kms.katalon.core.mobile.keyword.builtin.VerifyElementVisibleKeyword.execute(VerifyElementVisibleKeyword.groovy:64)
	at com.kms.katalon.core.keyword.internal.KeywordExecutor.executeKeywordForPlatform(KeywordExecutor.groovy:74)
	at com.kms.katalon.core.mobile.keyword.MobileBuiltInKeywords.verifyElementVisible(MobileBuiltInKeywords.groovy:2031)
	at com.kms.katalon.core.mobile.keyword.MobileBuiltInKeywords$verifyElementVisible$5.call(Unknown Source)
	at transfer_instantTransferIBFT.run(transfer_instantTransferIBFT:349)
	at com.kms.katalon.core.main.ScriptEngine.run(ScriptEngine.java:194)
	at com.kms.katalon.core.main.ScriptEngine.runScriptAsRawText(ScriptEngine.java:119)
	at com.kms.katalon.core.main.TestCaseExecutor.runScript(TestCaseExecutor.java:445)
	at com.kms.katalon.core.main.TestCaseExecutor.doExecute(TestCaseExecutor.java:436)
	at com.kms.katalon.core.main.TestCaseExecutor.processExecutionPhase(TestCaseExecutor.java:415)
	at com.kms.katalon.core.main.TestCaseExecutor.accessMainPhase(TestCaseExecutor.java:407)
	at com.kms.katalon.core.main.TestCaseExecutor.execute(TestCaseExecutor.java:284)
	at com.kms.katalon.core.common.CommonExecutor.accessTestCaseMainPhase(CommonExecutor.java:65)
	at com.kms.katalon.core.main.TestSuiteExecutor.accessTestSuiteMainPhase(TestSuiteExecutor.java:144)
	at com.kms.katalon.core.main.TestSuiteExecutor.execute(TestSuiteExecutor.java:106)
	at com.kms.katalon.core.main.TestCaseMain.startTestSuite(TestCaseMain.java:185)
	at com.kms.katalon.core.main.TestCaseMain$startTestSuite$0.call(Unknown Source)
	at TempTestSuite1655954198973.run(TempTestSuite1655954198973.groovy:36)]]></system-out>
      <system-err><![CDATA[2022-06-23 11:16:48 - [TEST_SUITE][FAILED] - Regress 3: Test Cases/Transfer/transfer_instantTransferIBFT FAILED.
Reason:
com.kms.katalon.core.exception.StepFailedException: Element 'Object Repository/Main/mainS2UApproveBtn' not found
	at com.kms.katalon.core.keyword.internal.KeywordMain.stepFailed(KeywordMain.groovy:39)
	at com.kms.katalon.core.mobile.keyword.internal.MobileKeywordMain.stepFailed(MobileKeywordMain.groovy:40)
	at com.kms.katalon.core.mobile.keyword.builtin.VerifyElementVisibleKeyword$_verifyElementVisible_closure1.doCall(VerifyElementVisibleKeyword.groovy:82)
	at com.kms.katalon.core.mobile.keyword.builtin.VerifyElementVisibleKeyword$_verifyElementVisible_closure1.call(VerifyElementVisibleKeyword.groovy)
	at com.kms.katalon.core.mobile.keyword.internal.MobileKeywordMain.runKeyword(MobileKeywordMain.groovy:21)
	at com.kms.katalon.core.mobile.keyword.builtin.VerifyElementVisibleKeyword.verifyElementVisible(VerifyElementVisibleKeyword.groovy:85)
	at com.kms.katalon.core.mobile.keyword.builtin.VerifyElementVisibleKeyword.execute(VerifyElementVisibleKeyword.groovy:64)
	at com.kms.katalon.core.keyword.internal.KeywordExecutor.executeKeywordForPlatform(KeywordExecutor.groovy:74)
	at com.kms.katalon.core.mobile.keyword.MobileBuiltInKeywords.verifyElementVisible(MobileBuiltInKeywords.groovy:2031)
	at com.kms.katalon.core.mobile.keyword.MobileBuiltInKeywords$verifyElementVisible$5.call(Unknown Source)
	at transfer_instantTransferIBFT.run(transfer_instantTransferIBFT:349)
	at com.kms.katalon.core.main.ScriptEngine.run(ScriptEngine.java:194)
	at com.kms.katalon.core.main.ScriptEngine.runScriptAsRawText(ScriptEngine.java:119)
	at com.kms.katalon.core.main.TestCaseExecutor.runScript(TestCaseExecutor.java:445)
	at com.kms.katalon.core.main.TestCaseExecutor.doExecute(TestCaseExecutor.java:436)
	at com.kms.katalon.core.main.TestCaseExecutor.processExecutionPhase(TestCaseExecutor.java:415)
	at com.kms.katalon.core.main.TestCaseExecutor.accessMainPhase(TestCaseExecutor.java:407)
	at com.kms.katalon.core.main.TestCaseExecutor.execute(TestCaseExecutor.java:284)
	at com.kms.katalon.core.common.CommonExecutor.accessTestCaseMainPhase(CommonExecutor.java:65)
	at com.kms.katalon.core.main.TestSuiteExecutor.accessTestSuiteMainPhase(TestSuiteExecutor.java:144)
	at com.kms.katalon.core.main.TestSuiteExecutor.execute(TestSuiteExecutor.java:106)
	at com.kms.katalon.core.main.TestCaseMain.startTestSuite(TestCaseMain.java:185)
	at com.kms.katalon.core.main.TestCaseMain$startTestSuite$0.call(Unknown Source)
	at TempTestSuite1655954198973.run(TempTestSuite1655954198973.groovy:36)]]></system-err>
   </testsuite>
</testsuites>
