<?xml version="1.0" encoding="UTF-8"?>
<testsuites name="MAE Notification Creator" time="53.722" tests="0" failures="0" errors="0">
   <testsuite name="MAE Notification Creator" tests="0" failures="0" errors="0" time="53.722" skipped="0" timestamp="2022-02-07 15:23:09" hostname="a00139272 - 192.168.0.189" id="Test Suites/MAE Notification Creator">
      <properties>
         <property name="deviceName" value="samsung SM-G965F (Android 10)"/>
         <property name="devicePlatform" value=""/>
         <property name="logFolder" value="/Users/a00139272/git/MAEAutomation2/Reports/20220207_152259/MAE Notification Creator/20220207_152259"/>
         <property name="logFiles" value="/Users/a00139272/git/MAEAutomation2/Reports/20220207_152259/MAE Notification Creator/20220207_152259/execution0.log, /Users/a00139272/git/MAEAutomation2/Reports/20220207_152259/MAE Notification Creator/20220207_152259/appium.log"/>
         <property name="attachments" value=""/>
         <property name="hostName" value="a00139272 - 192.168.0.189"/>
         <property name="os" value="Mac OS X 64bit"/>
         <property name="katalonVersion" value="8.2.0.208"/>
         <property name="deviceOS" value="Android"/>
         <property name="deviceModel" value="SM-G965F"/>
         <property name="hostAddress" value="192.168.0.189"/>
         <property name="deviceManufacturer" value="samsung"/>
         <property name="deviceId" value="2252c030550d7ece"/>
         <property name="deviceName" value="samsung SM-G965F (Android 10)"/>
         <property name="deviceOSVersion" value="10"/>
      </properties>
      <system-out><![CDATA[2022-02-07 15:23:09 - [TEST_SUITE][PASSED] - MAE Notification Creator: null]]></system-out>
      <system-err><![CDATA[]]></system-err>
   </testsuite>
</testsuites>
