<?xml version="1.0" encoding="UTF-8"?>
<testsuites name="Regress 1" time="1092.267" tests="11" failures="0" errors="0">
   <testsuite name="Regress 1" tests="11" failures="0" errors="0" time="1092.267" skipped="0" timestamp="2022-02-14 11:36:35" hostname="a00139272 - 192.168.0.189" id="Test Suites/Regress 1">
      <properties>
         <property name="deviceName" value="samsung SM-G965F (Android 10)"/>
         <property name="devicePlatform" value=""/>
         <property name="logFolder" value="/Users/a00139272/Katalon Studio/MAEAutomation2/Reports/20220214_113624/Regress 1/20220214_113625"/>
         <property name="logFiles" value="/Users/a00139272/Katalon Studio/MAEAutomation2/Reports/20220214_113624/Regress 1/20220214_113625/execution0.log, /Users/a00139272/Katalon Studio/MAEAutomation2/Reports/20220214_113624/Regress 1/20220214_113625/appium.log"/>
         <property name="attachments" value=""/>
         <property name="hostName" value="a00139272 - 192.168.0.189"/>
         <property name="os" value="Mac OS X 64bit"/>
         <property name="appiumServerStatus" value="{&quot;value&quot;:{&quot;build&quot;:{&quot;version&quot;:&quot;1.22.1&quot;}},&quot;sessionId&quot;:null,&quot;status&quot;:0}"/>
         <property name="katalonVersion" value="8.2.0.208"/>
         <property name="deviceOS" value="Android"/>
         <property name="appiumVersion" value="1.22.1"/>
         <property name="deviceModel" value="SM-G965F"/>
         <property name="hostAddress" value="192.168.0.189"/>
         <property name="deviceManufacturer" value="samsung"/>
         <property name="deviceId" value="2252c030550d7ece"/>
         <property name="deviceName" value="samsung SM-G965F (Android 10)"/>
         <property name="deviceOSVersion" value="10"/>
      </properties>
      <testcase name="Test Cases/Login Onboard/onboard_onboardIntoMAE" time="194.039" classname="Test Cases/Login Onboard/onboard_onboardIntoMAE" status="PASSED">
         <system-out><![CDATA[2022-02-14 11:36:36 - [TEST_CASE][PASSED] - Test Cases/Login Onboard/onboard_onboardIntoMAE: Test Cases/Login Onboard/onboard_onboardIntoMAE

2022-02-14 11:36:36 - [TEST_STEP][PASSED] - startApplication(appPath, false): Started app at: '/Users/a00139272/Katalon Studio/MAE/androidapp/app-sit-universal-release-copy.apk'

2022-02-14 11:36:36 - [MESSAGE][INFO] - User set preference: ['appWaitActivity', '*']

2022-02-14 11:36:36 - [MESSAGE][INFO] - User set preference: ['deviceId', '2252c030550d7ece']

2022-02-14 11:36:38 - [MESSAGE][INFO] - Appium server started on port 49,410

2022-02-14 11:38:11 - [MESSAGE][PASSED] - Started app at: '/Users/a00139272/Katalon Studio/MAE/androidapp/app-sit-universal-release-copy.apk'

2022-02-14 11:38:11 - [TEST_STEP][PASSED] - setMobileDriverPreferencesProperty("appPackage", "com.maybank2u.life.dev"): null

2022-02-14 11:38:11 - [TEST_STEP][PASSED] - setMobileDriverPreferencesProperty("appActivity", "com.maybank2u.life.MainActivity"): null

2022-02-14 11:38:11 - [TEST_STEP][PASSED] - if (verifyElementVisible(findTestObject("Login Onboarding/onboardWelcomeSkipBtn"), 0, OPTIONAL)): null

2022-02-14 11:38:11 - [MESSAGE][WARNING] - Timeout '0' is invalid. Using default page load timeout: '20'

2022-02-14 11:38:14 - [MESSAGE][PASSED] - Element 'Object Repository/Login Onboarding/onboardWelcomeSkipBtn' is visible

2022-02-14 11:38:14 - [TEST_STEP][PASSED] - waitForElementPresent(findTestObject("Login Onboarding/onboardWelcomeSkipBtn"), 3000): Element 'Object Repository/Login Onboarding/onboardWelcomeSkipBtn' is present

2022-02-14 11:38:14 - [MESSAGE][PASSED] - Element 'Object Repository/Login Onboarding/onboardWelcomeSkipBtn' is present

2022-02-14 11:38:14 - [TEST_STEP][PASSED] - tap(findTestObject("Login Onboarding/onboardWelcomeSkipBtn"), 0): Tapped on element 'Object Repository/Login Onboarding/onboardWelcomeSkipBtn'

2022-02-14 11:38:14 - [MESSAGE][WARNING] - Timeout '0' is invalid. Using default page load timeout: '20'

2022-02-14 11:38:14 - [MESSAGE][PASSED] - Tapped on element 'Object Repository/Login Onboarding/onboardWelcomeSkipBtn'

2022-02-14 11:38:14 - [TEST_STEP][PASSED] - tap(findTestObject("Login Onboarding/onboardTNCAgreeBtn"), 0): Tapped on element 'Object Repository/Login Onboarding/onboardTNCAgreeBtn'

2022-02-14 11:38:14 - [MESSAGE][WARNING] - Timeout '0' is invalid. Using default page load timeout: '20'

2022-02-14 11:38:16 - [MESSAGE][PASSED] - Tapped on element 'Object Repository/Login Onboarding/onboardTNCAgreeBtn'

2022-02-14 11:38:16 - [TEST_STEP][PASSED] - tap(findTestObject("Dashboard/dashboardSetUpWalletIcon"), 0): Tapped on element 'Object Repository/Dashboard/dashboardSetUpWalletIcon'

2022-02-14 11:38:16 - [MESSAGE][WARNING] - Timeout '0' is invalid. Using default page load timeout: '20'

2022-02-14 11:38:21 - [MESSAGE][PASSED] - Tapped on element 'Object Repository/Dashboard/dashboardSetUpWalletIcon'

2022-02-14 11:38:21 - [TEST_STEP][PASSED] - tap(findTestObject("Login Onboarding/getStartedExistingUserBtn"), 0): Tapped on element 'Object Repository/Login Onboarding/getStartedExistingUserBtn'

2022-02-14 11:38:21 - [MESSAGE][WARNING] - Timeout '0' is invalid. Using default page load timeout: '20'

2022-02-14 11:38:23 - [MESSAGE][PASSED] - Tapped on element 'Object Repository/Login Onboarding/getStartedExistingUserBtn'

2022-02-14 11:38:23 - [TEST_STEP][PASSED] - setText(findTestObject("Login Onboarding/loginExistingUsernameInputField"), Username, 0): Text 'sanjayntb' has been set to element 'Object Repository/Login Onboarding/loginExistingUsernameInputField'

2022-02-14 11:38:23 - [MESSAGE][WARNING] - Timeout '0' is invalid. Using default page load timeout: '20'

2022-02-14 11:38:24 - [MESSAGE][PASSED] - Text 'sanjayntb' has been set to element 'Object Repository/Login Onboarding/loginExistingUsernameInputField'

2022-02-14 11:38:24 - [TEST_STEP][PASSED] - hideKeyboard(): Keyboard is hidden

2022-02-14 11:38:27 - [MESSAGE][PASSED] - Keyboard is hidden

2022-02-14 11:38:27 - [TEST_STEP][PASSED] - tap(findTestObject("Login Onboarding/loginExistingContinueBtn"), 0): Tapped on element 'Object Repository/Login Onboarding/loginExistingContinueBtn'

2022-02-14 11:38:27 - [MESSAGE][WARNING] - Timeout '0' is invalid. Using default page load timeout: '20'

2022-02-14 11:38:28 - [MESSAGE][PASSED] - Tapped on element 'Object Repository/Login Onboarding/loginExistingContinueBtn'

2022-02-14 11:38:28 - [TEST_STEP][PASSED] - waitForElementPresent(findTestObject("Login Onboarding/loginExistingMineConfirmationBtn"), 50): Element 'Object Repository/Login Onboarding/loginExistingMineConfirmationBtn' is present

2022-02-14 11:38:29 - [MESSAGE][PASSED] - Element 'Object Repository/Login Onboarding/loginExistingMineConfirmationBtn' is present

2022-02-14 11:38:29 - [TEST_STEP][PASSED] - tap(findTestObject("Login Onboarding/loginExistingMineConfirmationBtn"), 0): Tapped on element 'Object Repository/Login Onboarding/loginExistingMineConfirmationBtn'

2022-02-14 11:38:29 - [MESSAGE][WARNING] - Timeout '0' is invalid. Using default page load timeout: '20'

2022-02-14 11:38:30 - [MESSAGE][PASSED] - Tapped on element 'Object Repository/Login Onboarding/loginExistingMineConfirmationBtn'

2022-02-14 11:38:30 - [TEST_STEP][PASSED] - setText(findTestObject("Login Onboarding/loginPasswordInputField"), Password, 0): Text 'Sanjay@49' has been set to element 'Object Repository/Login Onboarding/loginPasswordInputField'

2022-02-14 11:38:30 - [MESSAGE][WARNING] - Timeout '0' is invalid. Using default page load timeout: '20'

2022-02-14 11:38:32 - [MESSAGE][PASSED] - Text 'Sanjay@49' has been set to element 'Object Repository/Login Onboarding/loginPasswordInputField'

2022-02-14 11:38:32 - [TEST_STEP][PASSED] - hideKeyboard(): Keyboard is hidden

2022-02-14 11:38:33 - [MESSAGE][PASSED] - Keyboard is hidden

2022-02-14 11:38:33 - [TEST_STEP][PASSED] - tap(findTestObject("Login Onboarding/loginExistingContinueBtn"), 0): Tapped on element 'Object Repository/Login Onboarding/loginExistingContinueBtn'

2022-02-14 11:38:33 - [MESSAGE][WARNING] - Timeout '0' is invalid. Using default page load timeout: '20'

2022-02-14 11:38:34 - [MESSAGE][PASSED] - Tapped on element 'Object Repository/Login Onboarding/loginExistingContinueBtn'

2022-02-14 11:38:34 - [TEST_STEP][PASSED] - if (verifyElementVisible(findTestObject("Login Onboarding/Proceed"), 3, OPTIONAL)): Element 'Object Repository/Login Onboarding/Proceed' not found

2022-02-14 11:38:37 - [MESSAGE][WARNING] - Element 'Object Repository/Login Onboarding/Proceed' not found

2022-02-14 11:38:37 - [TEST_STEP][PASSED] - else: null

2022-02-14 11:38:37 - [TEST_STEP][PASSED] - tap(findTestObject("Login Onboarding/PIN1"), 0): Tapped on element 'Object Repository/Login Onboarding/PIN1'

2022-02-14 11:38:37 - [MESSAGE][WARNING] - Timeout '0' is invalid. Using default page load timeout: '20'

2022-02-14 11:38:37 - [MESSAGE][PASSED] - Tapped on element 'Object Repository/Login Onboarding/PIN1'

2022-02-14 11:38:37 - [TEST_STEP][PASSED] - tap(findTestObject("Login Onboarding/PIN1"), 0): Tapped on element 'Object Repository/Login Onboarding/PIN1'

2022-02-14 11:38:37 - [MESSAGE][WARNING] - Timeout '0' is invalid. Using default page load timeout: '20'

2022-02-14 11:38:39 - [MESSAGE][PASSED] - Tapped on element 'Object Repository/Login Onboarding/PIN1'

2022-02-14 11:38:39 - [TEST_STEP][PASSED] - tap(findTestObject("Login Onboarding/PIN1"), 0): Tapped on element 'Object Repository/Login Onboarding/PIN1'

2022-02-14 11:38:39 - [MESSAGE][WARNING] - Timeout '0' is invalid. Using default page load timeout: '20'

2022-02-14 11:38:41 - [MESSAGE][PASSED] - Tapped on element 'Object Repository/Login Onboarding/PIN1'

2022-02-14 11:38:41 - [TEST_STEP][PASSED] - tap(findTestObject("Login Onboarding/PIN1"), 0): Tapped on element 'Object Repository/Login Onboarding/PIN1'

2022-02-14 11:38:41 - [MESSAGE][WARNING] - Timeout '0' is invalid. Using default page load timeout: '20'

2022-02-14 11:38:43 - [MESSAGE][PASSED] - Tapped on element 'Object Repository/Login Onboarding/PIN1'

2022-02-14 11:38:43 - [TEST_STEP][PASSED] - tap(findTestObject("Login Onboarding/PIN1"), 0): Tapped on element 'Object Repository/Login Onboarding/PIN1'

2022-02-14 11:38:43 - [MESSAGE][WARNING] - Timeout '0' is invalid. Using default page load timeout: '20'

2022-02-14 11:38:45 - [MESSAGE][PASSED] - Tapped on element 'Object Repository/Login Onboarding/PIN1'

2022-02-14 11:38:45 - [TEST_STEP][PASSED] - tap(findTestObject("Login Onboarding/PIN2"), 0): Tapped on element 'Object Repository/Login Onboarding/PIN2'

2022-02-14 11:38:45 - [MESSAGE][WARNING] - Timeout '0' is invalid. Using default page load timeout: '20'

2022-02-14 11:38:47 - [MESSAGE][PASSED] - Tapped on element 'Object Repository/Login Onboarding/PIN2'

2022-02-14 11:38:47 - [TEST_STEP][PASSED] - tap(findTestObject("Login Onboarding/loginPinTickBtn"), 0): Tapped on element 'Object Repository/Login Onboarding/loginPinTickBtn'

2022-02-14 11:38:47 - [MESSAGE][WARNING] - Timeout '0' is invalid. Using default page load timeout: '20'

2022-02-14 11:38:49 - [MESSAGE][PASSED] - Tapped on element 'Object Repository/Login Onboarding/loginPinTickBtn'

2022-02-14 11:38:49 - [TEST_STEP][PASSED] - delay(2): Delayed 2 second(s)

2022-02-14 11:38:51 - [MESSAGE][PASSED] - Delayed 2 second(s)

2022-02-14 11:38:51 - [TEST_STEP][PASSED] - tap(findTestObject("Login Onboarding/PIN1"), 0): Tapped on element 'Object Repository/Login Onboarding/PIN1'

2022-02-14 11:38:51 - [MESSAGE][WARNING] - Timeout '0' is invalid. Using default page load timeout: '20'

2022-02-14 11:38:52 - [MESSAGE][PASSED] - Tapped on element 'Object Repository/Login Onboarding/PIN1'

2022-02-14 11:38:52 - [TEST_STEP][PASSED] - tap(findTestObject("Login Onboarding/PIN1"), 0): Tapped on element 'Object Repository/Login Onboarding/PIN1'

2022-02-14 11:38:52 - [MESSAGE][WARNING] - Timeout '0' is invalid. Using default page load timeout: '20'

2022-02-14 11:38:53 - [MESSAGE][PASSED] - Tapped on element 'Object Repository/Login Onboarding/PIN1'

2022-02-14 11:38:53 - [TEST_STEP][PASSED] - tap(findTestObject("Login Onboarding/PIN1"), 0): Tapped on element 'Object Repository/Login Onboarding/PIN1'

2022-02-14 11:38:53 - [MESSAGE][WARNING] - Timeout '0' is invalid. Using default page load timeout: '20'

2022-02-14 11:38:56 - [MESSAGE][PASSED] - Tapped on element 'Object Repository/Login Onboarding/PIN1'

2022-02-14 11:38:56 - [TEST_STEP][PASSED] - tap(findTestObject("Login Onboarding/PIN1"), 0): Tapped on element 'Object Repository/Login Onboarding/PIN1'

2022-02-14 11:38:56 - [MESSAGE][WARNING] - Timeout '0' is invalid. Using default page load timeout: '20'

2022-02-14 11:38:58 - [MESSAGE][PASSED] - Tapped on element 'Object Repository/Login Onboarding/PIN1'

2022-02-14 11:38:58 - [TEST_STEP][PASSED] - tap(findTestObject("Login Onboarding/PIN1"), 0): Tapped on element 'Object Repository/Login Onboarding/PIN1'

2022-02-14 11:38:58 - [MESSAGE][WARNING] - Timeout '0' is invalid. Using default page load timeout: '20'

2022-02-14 11:38:59 - [MESSAGE][PASSED] - Tapped on element 'Object Repository/Login Onboarding/PIN1'

2022-02-14 11:38:59 - [TEST_STEP][PASSED] - tap(findTestObject("Login Onboarding/PIN2"), 0): Tapped on element 'Object Repository/Login Onboarding/PIN2'

2022-02-14 11:39:00 - [MESSAGE][WARNING] - Timeout '0' is invalid. Using default page load timeout: '20'

2022-02-14 11:39:01 - [MESSAGE][PASSED] - Tapped on element 'Object Repository/Login Onboarding/PIN2'

2022-02-14 11:39:01 - [TEST_STEP][PASSED] - delay(2): Delayed 2 second(s)

2022-02-14 11:39:03 - [MESSAGE][PASSED] - Delayed 2 second(s)

2022-02-14 11:39:03 - [TEST_STEP][PASSED] - tap(findTestObject("Login Onboarding/loginPinTickBtn"), 0): Tapped on element 'Object Repository/Login Onboarding/loginPinTickBtn'

2022-02-14 11:39:03 - [MESSAGE][WARNING] - Timeout '0' is invalid. Using default page load timeout: '20'

2022-02-14 11:39:04 - [MESSAGE][PASSED] - Tapped on element 'Object Repository/Login Onboarding/loginPinTickBtn'

2022-02-14 11:39:04 - [TEST_STEP][PASSED] - tap(findTestObject("Login Onboarding/loginTouchIDSetUpLaterBtn"), 0): Tapped on element 'Object Repository/Login Onboarding/loginTouchIDSetUpLaterBtn'

2022-02-14 11:39:04 - [MESSAGE][WARNING] - Timeout '0' is invalid. Using default page load timeout: '20'

2022-02-14 11:39:06 - [MESSAGE][PASSED] - Tapped on element 'Object Repository/Login Onboarding/loginTouchIDSetUpLaterBtn'

2022-02-14 11:39:06 - [TEST_STEP][PASSED] - tap(findTestObject("Login Onboarding/loginVerifyNumberYesProceedBtn"), 0): Tapped on element 'Object Repository/Login Onboarding/loginVerifyNumberYesProceedBtn'

2022-02-14 11:39:06 - [MESSAGE][WARNING] - Timeout '0' is invalid. Using default page load timeout: '20'

2022-02-14 11:39:07 - [MESSAGE][PASSED] - Tapped on element 'Object Repository/Login Onboarding/loginVerifyNumberYesProceedBtn'

2022-02-14 11:39:07 - [TEST_STEP][PASSED] - OTP = getText(findTestObject("Login Onboarding/secureGetOTPTxt"), 0): Text of element 'Object Repository/Login Onboarding/secureGetOTPTxt' is: 'Your OTP no. is 296415'

2022-02-14 11:39:07 - [MESSAGE][WARNING] - Timeout '0' is invalid. Using default page load timeout: '20'

2022-02-14 11:39:10 - [MESSAGE][PASSED] - Text of element 'Object Repository/Login Onboarding/secureGetOTPTxt' is: 'Your OTP no. is 296415'

2022-02-14 11:39:10 - [TEST_STEP][PASSED] - for ([i = 16, i <= 21, (i++)]): null

2022-02-14 11:39:10 - [TEST_STEP][PASSED] - if (OTP[i] == "0"): null

2022-02-14 11:39:10 - [TEST_STEP][PASSED] - if (OTP[i] == "1"): null

2022-02-14 11:39:10 - [TEST_STEP][PASSED] - if (OTP[i] == "2"): Tapped on element 'Object Repository/Login Onboarding/PIN2'

2022-02-14 11:39:10 - [TEST_STEP][PASSED] - tap(findTestObject("Login Onboarding/PIN2"), 0): Tapped on element 'Object Repository/Login Onboarding/PIN2'

2022-02-14 11:39:10 - [MESSAGE][WARNING] - Timeout '0' is invalid. Using default page load timeout: '20'

2022-02-14 11:39:12 - [MESSAGE][PASSED] - Tapped on element 'Object Repository/Login Onboarding/PIN2'

2022-02-14 11:39:12 - [TEST_STEP][PASSED] - if (OTP[i] == "3"): null

2022-02-14 11:39:12 - [TEST_STEP][PASSED] - if (OTP[i] == "4"): null

2022-02-14 11:39:12 - [TEST_STEP][PASSED] - if (OTP[i] == "5"): null

2022-02-14 11:39:12 - [TEST_STEP][PASSED] - if (OTP[i] == "6"): null

2022-02-14 11:39:12 - [TEST_STEP][PASSED] - if (OTP[i] == "7"): null

2022-02-14 11:39:12 - [TEST_STEP][PASSED] - if (OTP[i] == "8"): null

2022-02-14 11:39:12 - [TEST_STEP][PASSED] - if (OTP[i] == "9"): null

2022-02-14 11:39:12 - [TEST_STEP][PASSED] - if (OTP[i] == "0"): null

2022-02-14 11:39:12 - [TEST_STEP][PASSED] - if (OTP[i] == "1"): null

2022-02-14 11:39:12 - [TEST_STEP][PASSED] - if (OTP[i] == "2"): null

2022-02-14 11:39:12 - [TEST_STEP][PASSED] - if (OTP[i] == "3"): null

2022-02-14 11:39:12 - [TEST_STEP][PASSED] - if (OTP[i] == "4"): null

2022-02-14 11:39:12 - [TEST_STEP][PASSED] - if (OTP[i] == "5"): null

2022-02-14 11:39:12 - [TEST_STEP][PASSED] - if (OTP[i] == "6"): null

2022-02-14 11:39:12 - [TEST_STEP][PASSED] - if (OTP[i] == "7"): null

2022-02-14 11:39:12 - [TEST_STEP][PASSED] - if (OTP[i] == "8"): null

2022-02-14 11:39:12 - [TEST_STEP][PASSED] - if (OTP[i] == "9"): Tapped on element 'Object Repository/Login Onboarding/PIN9'

2022-02-14 11:39:12 - [TEST_STEP][PASSED] - tap(findTestObject("Login Onboarding/PIN9"), 0): Tapped on element 'Object Repository/Login Onboarding/PIN9'

2022-02-14 11:39:12 - [MESSAGE][WARNING] - Timeout '0' is invalid. Using default page load timeout: '20'

2022-02-14 11:39:14 - [MESSAGE][PASSED] - Tapped on element 'Object Repository/Login Onboarding/PIN9'

2022-02-14 11:39:14 - [TEST_STEP][PASSED] - if (OTP[i] == "0"): null

2022-02-14 11:39:14 - [TEST_STEP][PASSED] - if (OTP[i] == "1"): null

2022-02-14 11:39:14 - [TEST_STEP][PASSED] - if (OTP[i] == "2"): null

2022-02-14 11:39:14 - [TEST_STEP][PASSED] - if (OTP[i] == "3"): null

2022-02-14 11:39:14 - [TEST_STEP][PASSED] - if (OTP[i] == "4"): null

2022-02-14 11:39:14 - [TEST_STEP][PASSED] - if (OTP[i] == "5"): null

2022-02-14 11:39:14 - [TEST_STEP][PASSED] - if (OTP[i] == "6"): Tapped on element 'Object Repository/Login Onboarding/PIN6'

2022-02-14 11:39:14 - [TEST_STEP][PASSED] - tap(findTestObject("Login Onboarding/PIN6"), 0): Tapped on element 'Object Repository/Login Onboarding/PIN6'

2022-02-14 11:39:14 - [MESSAGE][WARNING] - Timeout '0' is invalid. Using default page load timeout: '20'

2022-02-14 11:39:16 - [MESSAGE][PASSED] - Tapped on element 'Object Repository/Login Onboarding/PIN6'

2022-02-14 11:39:16 - [TEST_STEP][PASSED] - if (OTP[i] == "7"): null

2022-02-14 11:39:16 - [TEST_STEP][PASSED] - if (OTP[i] == "8"): null

2022-02-14 11:39:16 - [TEST_STEP][PASSED] - if (OTP[i] == "9"): null

2022-02-14 11:39:16 - [TEST_STEP][PASSED] - if (OTP[i] == "0"): null

2022-02-14 11:39:16 - [TEST_STEP][PASSED] - if (OTP[i] == "1"): null

2022-02-14 11:39:16 - [TEST_STEP][PASSED] - if (OTP[i] == "2"): null

2022-02-14 11:39:16 - [TEST_STEP][PASSED] - if (OTP[i] == "3"): null

2022-02-14 11:39:16 - [TEST_STEP][PASSED] - if (OTP[i] == "4"): Tapped on element 'Object Repository/Login Onboarding/PIN4'

2022-02-14 11:39:16 - [TEST_STEP][PASSED] - tap(findTestObject("Login Onboarding/PIN4"), 0): Tapped on element 'Object Repository/Login Onboarding/PIN4'

2022-02-14 11:39:16 - [MESSAGE][WARNING] - Timeout '0' is invalid. Using default page load timeout: '20'

2022-02-14 11:39:17 - [MESSAGE][PASSED] - Tapped on element 'Object Repository/Login Onboarding/PIN4'

2022-02-14 11:39:17 - [TEST_STEP][PASSED] - if (OTP[i] == "5"): null

2022-02-14 11:39:17 - [TEST_STEP][PASSED] - if (OTP[i] == "6"): null

2022-02-14 11:39:17 - [TEST_STEP][PASSED] - if (OTP[i] == "7"): null

2022-02-14 11:39:17 - [TEST_STEP][PASSED] - if (OTP[i] == "8"): null

2022-02-14 11:39:17 - [TEST_STEP][PASSED] - if (OTP[i] == "9"): null

2022-02-14 11:39:17 - [TEST_STEP][PASSED] - if (OTP[i] == "0"): null

2022-02-14 11:39:17 - [TEST_STEP][PASSED] - if (OTP[i] == "1"): Tapped on element 'Object Repository/Login Onboarding/PIN1'

2022-02-14 11:39:17 - [TEST_STEP][PASSED] - tap(findTestObject("Login Onboarding/PIN1"), 0): Tapped on element 'Object Repository/Login Onboarding/PIN1'

2022-02-14 11:39:17 - [MESSAGE][WARNING] - Timeout '0' is invalid. Using default page load timeout: '20'

2022-02-14 11:39:19 - [MESSAGE][PASSED] - Tapped on element 'Object Repository/Login Onboarding/PIN1'

2022-02-14 11:39:19 - [TEST_STEP][PASSED] - if (OTP[i] == "2"): null

2022-02-14 11:39:19 - [TEST_STEP][PASSED] - if (OTP[i] == "3"): null

2022-02-14 11:39:19 - [TEST_STEP][PASSED] - if (OTP[i] == "4"): null

2022-02-14 11:39:19 - [TEST_STEP][PASSED] - if (OTP[i] == "5"): null

2022-02-14 11:39:19 - [TEST_STEP][PASSED] - if (OTP[i] == "6"): null

2022-02-14 11:39:19 - [TEST_STEP][PASSED] - if (OTP[i] == "7"): null

2022-02-14 11:39:19 - [TEST_STEP][PASSED] - if (OTP[i] == "8"): null

2022-02-14 11:39:19 - [TEST_STEP][PASSED] - if (OTP[i] == "9"): null

2022-02-14 11:39:19 - [TEST_STEP][PASSED] - if (OTP[i] == "0"): null

2022-02-14 11:39:19 - [TEST_STEP][PASSED] - if (OTP[i] == "1"): null

2022-02-14 11:39:19 - [TEST_STEP][PASSED] - if (OTP[i] == "2"): null

2022-02-14 11:39:19 - [TEST_STEP][PASSED] - if (OTP[i] == "3"): null

2022-02-14 11:39:19 - [TEST_STEP][PASSED] - if (OTP[i] == "4"): null

2022-02-14 11:39:19 - [TEST_STEP][PASSED] - if (OTP[i] == "5"): Tapped on element 'Object Repository/Login Onboarding/PIN5'

2022-02-14 11:39:19 - [TEST_STEP][PASSED] - tap(findTestObject("Login Onboarding/PIN5"), 0): Tapped on element 'Object Repository/Login Onboarding/PIN5'

2022-02-14 11:39:19 - [MESSAGE][WARNING] - Timeout '0' is invalid. Using default page load timeout: '20'

2022-02-14 11:39:21 - [MESSAGE][PASSED] - Tapped on element 'Object Repository/Login Onboarding/PIN5'

2022-02-14 11:39:21 - [TEST_STEP][PASSED] - if (OTP[i] == "6"): null

2022-02-14 11:39:21 - [TEST_STEP][PASSED] - if (OTP[i] == "7"): null

2022-02-14 11:39:21 - [TEST_STEP][PASSED] - if (OTP[i] == "8"): null

2022-02-14 11:39:21 - [TEST_STEP][PASSED] - if (OTP[i] == "9"): null

2022-02-14 11:39:21 - [TEST_STEP][PASSED] - delay(3): Delayed 3 second(s)

2022-02-14 11:39:24 - [MESSAGE][PASSED] - Delayed 3 second(s)

2022-02-14 11:39:24 - [TEST_STEP][PASSED] - tap(findTestObject("Login Onboarding/TickOTP"), 0): Tapped on element 'Object Repository/Login Onboarding/TickOTP'

2022-02-14 11:39:24 - [MESSAGE][WARNING] - Timeout '0' is invalid. Using default page load timeout: '20'

2022-02-14 11:39:25 - [MESSAGE][PASSED] - Tapped on element 'Object Repository/Login Onboarding/TickOTP'

2022-02-14 11:39:25 - [TEST_STEP][PASSED] - setText(findTestObject("Login Onboarding/onboardNameInputField"), "Amir", 0): Text 'Amir' has been set to element 'Object Repository/Login Onboarding/onboardNameInputField'

2022-02-14 11:39:25 - [MESSAGE][WARNING] - Timeout '0' is invalid. Using default page load timeout: '20'

2022-02-14 11:39:30 - [MESSAGE][PASSED] - Text 'Amir' has been set to element 'Object Repository/Login Onboarding/onboardNameInputField'

2022-02-14 11:39:30 - [TEST_STEP][PASSED] - hideKeyboard(): Keyboard is hidden

2022-02-14 11:39:30 - [MESSAGE][PASSED] - Keyboard is hidden

2022-02-14 11:39:30 - [TEST_STEP][PASSED] - delay(2): Delayed 2 second(s)

2022-02-14 11:39:32 - [MESSAGE][PASSED] - Delayed 2 second(s)

2022-02-14 11:39:32 - [TEST_STEP][PASSED] - tap(findTestObject("Login Onboarding/loginExistingContinueBtn"), 0): Tapped on element 'Object Repository/Login Onboarding/loginExistingContinueBtn'

2022-02-14 11:39:32 - [MESSAGE][WARNING] - Timeout '0' is invalid. Using default page load timeout: '20'

2022-02-14 11:39:33 - [MESSAGE][PASSED] - Tapped on element 'Object Repository/Login Onboarding/loginExistingContinueBtn'

2022-02-14 11:39:33 - [TEST_STEP][PASSED] - delay(2): Delayed 2 second(s)

2022-02-14 11:39:35 - [MESSAGE][PASSED] - Delayed 2 second(s)

2022-02-14 11:39:35 - [TEST_STEP][PASSED] - driver = getDriver(): null

2022-02-14 11:39:35 - [TEST_STEP][PASSED] - tap(findTestObject("Login Onboarding/loginExistingContinueBtn"), 0): Tapped on element 'Object Repository/Login Onboarding/loginExistingContinueBtn'

2022-02-14 11:39:35 - [MESSAGE][WARNING] - Timeout '0' is invalid. Using default page load timeout: '20'

2022-02-14 11:39:35 - [MESSAGE][PASSED] - Tapped on element 'Object Repository/Login Onboarding/loginExistingContinueBtn'

2022-02-14 11:39:35 - [TEST_STEP][PASSED] - tap(findTestObject("Login Onboarding/onboardReferSkipBtn"), 0): Tapped on element 'Object Repository/Login Onboarding/onboardReferSkipBtn'

2022-02-14 11:39:35 - [MESSAGE][WARNING] - Timeout '0' is invalid. Using default page load timeout: '20'

2022-02-14 11:39:42 - [MESSAGE][PASSED] - Tapped on element 'Object Repository/Login Onboarding/onboardReferSkipBtn'

2022-02-14 11:39:42 - [TEST_STEP][PASSED] - delay(2): Delayed 2 second(s)

2022-02-14 11:39:44 - [MESSAGE][PASSED] - Delayed 2 second(s)

2022-02-14 11:39:44 - [TEST_STEP][PASSED] - tap(findTestObject("Main/mainDoneBtn"), 0): Tapped on element 'Object Repository/Main/mainDoneBtn'

2022-02-14 11:39:44 - [MESSAGE][WARNING] - Timeout '0' is invalid. Using default page load timeout: '20'

2022-02-14 11:39:45 - [MESSAGE][PASSED] - Tapped on element 'Object Repository/Main/mainDoneBtn'

2022-02-14 11:39:45 - [TEST_STEP][PASSED] - delay(5): Delayed 5 second(s)

2022-02-14 11:39:50 - [MESSAGE][PASSED] - Delayed 5 second(s)]]></system-out>
         <system-err><![CDATA[]]></system-err>
      </testcase>
      <testcase name="Test Cases/Settings/settings_secure2uRegistration" time="69.557" classname="Test Cases/Settings/settings_secure2uRegistration" status="PASSED">
         <system-out><![CDATA[2022-02-14 11:39:50 - [TEST_CASE][PASSED] - Test Cases/Settings/settings_secure2uRegistration: Test Cases/Settings/settings_secure2uRegistration

2022-02-14 11:39:50 - [TEST_STEP][PASSED] - delay(3): Delayed 3 second(s)

2022-02-14 11:39:53 - [MESSAGE][PASSED] - Delayed 3 second(s)

2022-02-14 11:39:53 - [TEST_STEP][PASSED] - if (getDeviceManufacturer() == "samsung"): null

2022-02-14 11:39:53 - [MESSAGE][PASSED] - Device manufacturer is: 'samsung'

2022-02-14 11:39:53 - [TEST_STEP][PASSED] - tapAtPosition(1307, 2710): Tapped at [1,307, 2,710]

2022-02-14 11:39:53 - [MESSAGE][PASSED] - Tapped at [1,307, 2,710]

2022-02-14 11:39:53 - [TEST_STEP][PASSED] - tap(findTestObject("Main/mainSettingsBtn"), 0): Tapped on element 'Object Repository/Main/mainSettingsBtn'

2022-02-14 11:39:53 - [MESSAGE][WARNING] - Timeout '0' is invalid. Using default page load timeout: '20'

2022-02-14 11:39:56 - [MESSAGE][PASSED] - Tapped on element 'Object Repository/Main/mainSettingsBtn'

2022-02-14 11:39:56 - [TEST_STEP][PASSED] - tap(findTestObject("Settings/settingsMaybank2UBtn"), 0): Tapped on element 'Object Repository/Settings/settingsMaybank2UBtn'

2022-02-14 11:39:56 - [MESSAGE][WARNING] - Timeout '0' is invalid. Using default page load timeout: '20'

2022-02-14 11:39:57 - [MESSAGE][PASSED] - Tapped on element 'Object Repository/Settings/settingsMaybank2UBtn'

2022-02-14 11:39:57 - [TEST_STEP][PASSED] - if (verifyElementVisible(findTestObject("Login Onboarding/loginEnterPasswordMessage"), 0, OPTIONAL)): Element 'Object Repository/Login Onboarding/loginEnterPasswordMessage' not found

2022-02-14 11:39:57 - [MESSAGE][WARNING] - Timeout '0' is invalid. Using default page load timeout: '20'

2022-02-14 11:40:18 - [MESSAGE][WARNING] - Element 'Object Repository/Login Onboarding/loginEnterPasswordMessage' not found

2022-02-14 11:40:18 - [TEST_STEP][PASSED] - tap(findTestObject("Settings/settingS2UToggle"), 0): Tapped on element 'Object Repository/Settings/settingS2UToggle'

2022-02-14 11:40:18 - [MESSAGE][WARNING] - Timeout '0' is invalid. Using default page load timeout: '20'

2022-02-14 11:40:18 - [MESSAGE][PASSED] - Tapped on element 'Object Repository/Settings/settingS2UToggle'

2022-02-14 11:40:18 - [TEST_STEP][PASSED] - tap(findTestObject("Banking/s2UActivateNowBtn"), 0): Tapped on element 'Object Repository/Banking/s2UActivateNowBtn'

2022-02-14 11:40:18 - [MESSAGE][WARNING] - Timeout '0' is invalid. Using default page load timeout: '20'

2022-02-14 11:40:19 - [MESSAGE][PASSED] - Tapped on element 'Object Repository/Banking/s2UActivateNowBtn'

2022-02-14 11:40:19 - [TEST_STEP][PASSED] - tap(findTestObject("Banking/s2UConfirmBtn"), 0): Tapped on element 'Object Repository/Banking/s2UConfirmBtn'

2022-02-14 11:40:19 - [MESSAGE][WARNING] - Timeout '0' is invalid. Using default page load timeout: '20'

2022-02-14 11:40:21 - [MESSAGE][PASSED] - Tapped on element 'Object Repository/Banking/s2UConfirmBtn'

2022-02-14 11:40:21 - [TEST_STEP][PASSED] - OTP = getText(findTestObject("Login Onboarding/secureGetOTPTxt"), 0): Text of element 'Object Repository/Login Onboarding/secureGetOTPTxt' is: 'Your OTP no. is 877217'

2022-02-14 11:40:21 - [MESSAGE][WARNING] - Timeout '0' is invalid. Using default page load timeout: '20'

2022-02-14 11:40:26 - [MESSAGE][PASSED] - Text of element 'Object Repository/Login Onboarding/secureGetOTPTxt' is: 'Your OTP no. is 877217'

2022-02-14 11:40:26 - [TEST_STEP][PASSED] - for ([i = 16, i <= 21, (i++)]): null

2022-02-14 11:40:26 - [TEST_STEP][PASSED] - if (OTP[i] == "0"): null

2022-02-14 11:40:26 - [TEST_STEP][PASSED] - if (OTP[i] == "1"): null

2022-02-14 11:40:26 - [TEST_STEP][PASSED] - if (OTP[i] == "2"): null

2022-02-14 11:40:26 - [TEST_STEP][PASSED] - if (OTP[i] == "3"): null

2022-02-14 11:40:26 - [TEST_STEP][PASSED] - if (OTP[i] == "4"): null

2022-02-14 11:40:26 - [TEST_STEP][PASSED] - if (OTP[i] == "5"): null

2022-02-14 11:40:26 - [TEST_STEP][PASSED] - if (OTP[i] == "6"): null

2022-02-14 11:40:26 - [TEST_STEP][PASSED] - if (OTP[i] == "7"): null

2022-02-14 11:40:26 - [TEST_STEP][PASSED] - if (OTP[i] == "8"): Tapped on element 'Object Repository/Login Onboarding/PIN8'

2022-02-14 11:40:26 - [TEST_STEP][PASSED] - tap(findTestObject("Login Onboarding/PIN8"), 0): Tapped on element 'Object Repository/Login Onboarding/PIN8'

2022-02-14 11:40:26 - [MESSAGE][WARNING] - Timeout '0' is invalid. Using default page load timeout: '20'

2022-02-14 11:40:28 - [MESSAGE][PASSED] - Tapped on element 'Object Repository/Login Onboarding/PIN8'

2022-02-14 11:40:28 - [TEST_STEP][PASSED] - if (OTP[i] == "9"): null

2022-02-14 11:40:28 - [TEST_STEP][PASSED] - if (OTP[i] == "0"): null

2022-02-14 11:40:28 - [TEST_STEP][PASSED] - if (OTP[i] == "1"): null

2022-02-14 11:40:28 - [TEST_STEP][PASSED] - if (OTP[i] == "2"): null

2022-02-14 11:40:28 - [TEST_STEP][PASSED] - if (OTP[i] == "3"): null

2022-02-14 11:40:28 - [TEST_STEP][PASSED] - if (OTP[i] == "4"): null

2022-02-14 11:40:28 - [TEST_STEP][PASSED] - if (OTP[i] == "5"): null

2022-02-14 11:40:28 - [TEST_STEP][PASSED] - if (OTP[i] == "6"): null

2022-02-14 11:40:28 - [TEST_STEP][PASSED] - if (OTP[i] == "7"): Tapped on element 'Object Repository/Login Onboarding/PIN7'

2022-02-14 11:40:28 - [TEST_STEP][PASSED] - tap(findTestObject("Login Onboarding/PIN7"), 0): Tapped on element 'Object Repository/Login Onboarding/PIN7'

2022-02-14 11:40:28 - [MESSAGE][WARNING] - Timeout '0' is invalid. Using default page load timeout: '20'

2022-02-14 11:40:30 - [MESSAGE][PASSED] - Tapped on element 'Object Repository/Login Onboarding/PIN7'

2022-02-14 11:40:30 - [TEST_STEP][PASSED] - if (OTP[i] == "8"): null

2022-02-14 11:40:30 - [TEST_STEP][PASSED] - if (OTP[i] == "9"): null

2022-02-14 11:40:30 - [TEST_STEP][PASSED] - if (OTP[i] == "0"): null

2022-02-14 11:40:30 - [TEST_STEP][PASSED] - if (OTP[i] == "1"): null

2022-02-14 11:40:30 - [TEST_STEP][PASSED] - if (OTP[i] == "2"): null

2022-02-14 11:40:30 - [TEST_STEP][PASSED] - if (OTP[i] == "3"): null

2022-02-14 11:40:30 - [TEST_STEP][PASSED] - if (OTP[i] == "4"): null

2022-02-14 11:40:30 - [TEST_STEP][PASSED] - if (OTP[i] == "5"): null

2022-02-14 11:40:30 - [TEST_STEP][PASSED] - if (OTP[i] == "6"): null

2022-02-14 11:40:30 - [TEST_STEP][PASSED] - if (OTP[i] == "7"): Tapped on element 'Object Repository/Login Onboarding/PIN7'

2022-02-14 11:40:30 - [TEST_STEP][PASSED] - tap(findTestObject("Login Onboarding/PIN7"), 0): Tapped on element 'Object Repository/Login Onboarding/PIN7'

2022-02-14 11:40:30 - [MESSAGE][WARNING] - Timeout '0' is invalid. Using default page load timeout: '20'

2022-02-14 11:40:31 - [MESSAGE][PASSED] - Tapped on element 'Object Repository/Login Onboarding/PIN7'

2022-02-14 11:40:31 - [TEST_STEP][PASSED] - if (OTP[i] == "8"): null

2022-02-14 11:40:31 - [TEST_STEP][PASSED] - if (OTP[i] == "9"): null

2022-02-14 11:40:31 - [TEST_STEP][PASSED] - if (OTP[i] == "0"): null

2022-02-14 11:40:31 - [TEST_STEP][PASSED] - if (OTP[i] == "1"): null

2022-02-14 11:40:31 - [TEST_STEP][PASSED] - if (OTP[i] == "2"): Tapped on element 'Object Repository/Login Onboarding/PIN2'

2022-02-14 11:40:31 - [TEST_STEP][PASSED] - tap(findTestObject("Login Onboarding/PIN2"), 0): Tapped on element 'Object Repository/Login Onboarding/PIN2'

2022-02-14 11:40:31 - [MESSAGE][WARNING] - Timeout '0' is invalid. Using default page load timeout: '20'

2022-02-14 11:40:33 - [MESSAGE][PASSED] - Tapped on element 'Object Repository/Login Onboarding/PIN2'

2022-02-14 11:40:33 - [TEST_STEP][PASSED] - if (OTP[i] == "3"): null

2022-02-14 11:40:33 - [TEST_STEP][PASSED] - if (OTP[i] == "4"): null

2022-02-14 11:40:33 - [TEST_STEP][PASSED] - if (OTP[i] == "5"): null

2022-02-14 11:40:33 - [TEST_STEP][PASSED] - if (OTP[i] == "6"): null

2022-02-14 11:40:33 - [TEST_STEP][PASSED] - if (OTP[i] == "7"): null

2022-02-14 11:40:33 - [TEST_STEP][PASSED] - if (OTP[i] == "8"): null

2022-02-14 11:40:33 - [TEST_STEP][PASSED] - if (OTP[i] == "9"): null

2022-02-14 11:40:33 - [TEST_STEP][PASSED] - if (OTP[i] == "0"): null

2022-02-14 11:40:33 - [TEST_STEP][PASSED] - if (OTP[i] == "1"): Tapped on element 'Object Repository/Login Onboarding/PIN1'

2022-02-14 11:40:33 - [TEST_STEP][PASSED] - tap(findTestObject("Login Onboarding/PIN1"), 0): Tapped on element 'Object Repository/Login Onboarding/PIN1'

2022-02-14 11:40:33 - [MESSAGE][WARNING] - Timeout '0' is invalid. Using default page load timeout: '20'

2022-02-14 11:40:35 - [MESSAGE][PASSED] - Tapped on element 'Object Repository/Login Onboarding/PIN1'

2022-02-14 11:40:35 - [TEST_STEP][PASSED] - if (OTP[i] == "2"): null

2022-02-14 11:40:35 - [TEST_STEP][PASSED] - if (OTP[i] == "3"): null

2022-02-14 11:40:35 - [TEST_STEP][PASSED] - if (OTP[i] == "4"): null

2022-02-14 11:40:35 - [TEST_STEP][PASSED] - if (OTP[i] == "5"): null

2022-02-14 11:40:35 - [TEST_STEP][PASSED] - if (OTP[i] == "6"): null

2022-02-14 11:40:35 - [TEST_STEP][PASSED] - if (OTP[i] == "7"): null

2022-02-14 11:40:35 - [TEST_STEP][PASSED] - if (OTP[i] == "8"): null

2022-02-14 11:40:35 - [TEST_STEP][PASSED] - if (OTP[i] == "9"): null

2022-02-14 11:40:35 - [TEST_STEP][PASSED] - if (OTP[i] == "0"): null

2022-02-14 11:40:35 - [TEST_STEP][PASSED] - if (OTP[i] == "1"): null

2022-02-14 11:40:35 - [TEST_STEP][PASSED] - if (OTP[i] == "2"): null

2022-02-14 11:40:35 - [TEST_STEP][PASSED] - if (OTP[i] == "3"): null

2022-02-14 11:40:35 - [TEST_STEP][PASSED] - if (OTP[i] == "4"): null

2022-02-14 11:40:35 - [TEST_STEP][PASSED] - if (OTP[i] == "5"): null

2022-02-14 11:40:35 - [TEST_STEP][PASSED] - if (OTP[i] == "6"): null

2022-02-14 11:40:35 - [TEST_STEP][PASSED] - if (OTP[i] == "7"): Tapped on element 'Object Repository/Login Onboarding/PIN7'

2022-02-14 11:40:35 - [TEST_STEP][PASSED] - tap(findTestObject("Login Onboarding/PIN7"), 0): Tapped on element 'Object Repository/Login Onboarding/PIN7'

2022-02-14 11:40:35 - [MESSAGE][WARNING] - Timeout '0' is invalid. Using default page load timeout: '20'

2022-02-14 11:40:37 - [MESSAGE][PASSED] - Tapped on element 'Object Repository/Login Onboarding/PIN7'

2022-02-14 11:40:37 - [TEST_STEP][PASSED] - if (OTP[i] == "8"): null

2022-02-14 11:40:37 - [TEST_STEP][PASSED] - if (OTP[i] == "9"): null

2022-02-14 11:40:37 - [TEST_STEP][PASSED] - delay(3): Delayed 3 second(s)

2022-02-14 11:40:40 - [MESSAGE][PASSED] - Delayed 3 second(s)

2022-02-14 11:40:40 - [TEST_STEP][PASSED] - tap(findTestObject("Login Onboarding/TickOTP"), 0): Tapped on element 'Object Repository/Login Onboarding/TickOTP'

2022-02-14 11:40:40 - [MESSAGE][WARNING] - Timeout '0' is invalid. Using default page load timeout: '20'

2022-02-14 11:40:41 - [MESSAGE][PASSED] - Tapped on element 'Object Repository/Login Onboarding/TickOTP'

2022-02-14 11:40:41 - [TEST_STEP][PASSED] - setText(findTestObject("Banking/s2UIDNumberInputField"), S2U_ID, 0): Text '900505508965' has been set to element 'Object Repository/Banking/s2UIDNumberInputField'

2022-02-14 11:40:41 - [MESSAGE][WARNING] - Timeout '0' is invalid. Using default page load timeout: '20'

2022-02-14 11:40:45 - [MESSAGE][PASSED] - Text '900505508965' has been set to element 'Object Repository/Banking/s2UIDNumberInputField'

2022-02-14 11:40:45 - [TEST_STEP][PASSED] - hideKeyboard(): Keyboard is hidden

2022-02-14 11:40:47 - [MESSAGE][PASSED] - Keyboard is hidden

2022-02-14 11:40:47 - [TEST_STEP][PASSED] - tap(findTestObject("Login Onboarding/loginExistingContinueBtn"), 0): Tapped on element 'Object Repository/Login Onboarding/loginExistingContinueBtn'

2022-02-14 11:40:47 - [MESSAGE][WARNING] - Timeout '0' is invalid. Using default page load timeout: '20'

2022-02-14 11:40:47 - [MESSAGE][PASSED] - Tapped on element 'Object Repository/Login Onboarding/loginExistingContinueBtn'

2022-02-14 11:40:47 - [TEST_STEP][PASSED] - delay(3): Delayed 3 second(s)

2022-02-14 11:40:50 - [MESSAGE][PASSED] - Delayed 3 second(s)

2022-02-14 11:40:50 - [TEST_STEP][PASSED] - hideKeyboard(): Keyboard is hidden

2022-02-14 11:40:51 - [MESSAGE][PASSED] - Keyboard is hidden

2022-02-14 11:40:51 - [TEST_STEP][PASSED] - tap(findTestObject("Login Onboarding/loginExistingContinueBtn"), 0): Tapped on element 'Object Repository/Login Onboarding/loginExistingContinueBtn'

2022-02-14 11:40:51 - [MESSAGE][WARNING] - Timeout '0' is invalid. Using default page load timeout: '20'

2022-02-14 11:40:52 - [MESSAGE][PASSED] - Tapped on element 'Object Repository/Login Onboarding/loginExistingContinueBtn'

2022-02-14 11:40:52 - [TEST_STEP][PASSED] - delay(3): Delayed 3 second(s)

2022-02-14 11:40:55 - [MESSAGE][PASSED] - Delayed 3 second(s)

2022-02-14 11:40:55 - [TEST_STEP][PASSED] - tap(findTestObject("Login Onboarding/loginExistingContinueBtn"), 0): Tapped on element 'Object Repository/Login Onboarding/loginExistingContinueBtn'

2022-02-14 11:40:55 - [MESSAGE][WARNING] - Timeout '0' is invalid. Using default page load timeout: '20'

2022-02-14 11:40:56 - [MESSAGE][PASSED] - Tapped on element 'Object Repository/Login Onboarding/loginExistingContinueBtn'

2022-02-14 11:40:56 - [TEST_STEP][PASSED] - delay(3): Delayed 3 second(s)

2022-02-14 11:40:59 - [MESSAGE][PASSED] - Delayed 3 second(s)]]></system-out>
         <system-err><![CDATA[]]></system-err>
      </testcase>
      <testcase name="Test Cases/PayBill/payBills_todayTransaction" time="115.682" classname="Test Cases/PayBill/payBills_todayTransaction" status="PASSED">
         <system-out><![CDATA[2022-02-14 11:40:59 - [TEST_CASE][PASSED] - Test Cases/PayBill/payBills_todayTransaction: Test Cases/PayBill/payBills_todayTransaction

2022-02-14 11:40:59 - [TEST_STEP][PASSED] - delay(5): Delayed 5 second(s)

2022-02-14 11:41:04 - [MESSAGE][PASSED] - Delayed 5 second(s)

2022-02-14 11:41:04 - [TEST_STEP][PASSED] - if (getDeviceManufacturer() == "samsung"): null

2022-02-14 11:41:04 - [MESSAGE][PASSED] - Device manufacturer is: 'samsung'

2022-02-14 11:41:04 - [TEST_STEP][PASSED] - tapAtPosition(470, 2694): Tapped at [470, 2,694]

2022-02-14 11:41:05 - [MESSAGE][PASSED] - Tapped at [470, 2,694]

2022-02-14 11:41:05 - [TEST_STEP][PASSED] - if (verifyElementVisible(findTestObject("Main/mainEnterPINMessage"), 0, OPTIONAL)): Element 'Object Repository/Main/mainEnterPINMessage' not found

2022-02-14 11:41:05 - [MESSAGE][WARNING] - Timeout '0' is invalid. Using default page load timeout: '20'

2022-02-14 11:41:26 - [MESSAGE][WARNING] - Element 'Object Repository/Main/mainEnterPINMessage' not found

2022-02-14 11:41:26 - [TEST_STEP][PASSED] - tap(findTestObject("Banking/m2uAccountTypeSelection", ["text":"MAE"]), 10): Tapped on element 'Object Repository/Banking/m2uAccountTypeSelection'

2022-02-14 11:41:29 - [MESSAGE][PASSED] - Tapped on element 'Object Repository/Banking/m2uAccountTypeSelection'

2022-02-14 11:41:29 - [TEST_STEP][PASSED] - tap(findTestObject("Banking/m2uAccountPayBillsIconSelect"), 0): Tapped on element 'Object Repository/Banking/m2uAccountPayBillsIconSelect'

2022-02-14 11:41:29 - [MESSAGE][WARNING] - Timeout '0' is invalid. Using default page load timeout: '20'

2022-02-14 11:41:31 - [MESSAGE][PASSED] - Tapped on element 'Object Repository/Banking/m2uAccountPayBillsIconSelect'

2022-02-14 11:41:31 - [TEST_STEP][PASSED] - if (verifyElementVisible(findTestObject("Login Onboarding/loginEnterPasswordMessage"), 0, OPTIONAL)): Element 'Object Repository/Login Onboarding/loginEnterPasswordMessage' not found

2022-02-14 11:41:31 - [MESSAGE][WARNING] - Timeout '0' is invalid. Using default page load timeout: '20'

2022-02-14 11:41:51 - [MESSAGE][WARNING] - Element 'Object Repository/Login Onboarding/loginEnterPasswordMessage' not found

2022-02-14 11:41:51 - [TEST_STEP][PASSED] - waitForElementPresent(findTestObject("Paybill/payBillsIconSelect"), 0): Element 'Object Repository/Paybill/payBillsIconSelect' is present

2022-02-14 11:41:51 - [MESSAGE][WARNING] - Timeout '0' is invalid. Using default page load timeout: '20'

2022-02-14 11:41:51 - [MESSAGE][PASSED] - Element 'Object Repository/Paybill/payBillsIconSelect' is present

2022-02-14 11:41:51 - [TEST_STEP][PASSED] - tap(findTestObject("Paybill/payBillsIconSelect"), 0): Tapped on element 'Object Repository/Paybill/payBillsIconSelect'

2022-02-14 11:41:51 - [MESSAGE][WARNING] - Timeout '0' is invalid. Using default page load timeout: '20'

2022-02-14 11:41:52 - [MESSAGE][PASSED] - Tapped on element 'Object Repository/Paybill/payBillsIconSelect'

2022-02-14 11:41:52 - [TEST_STEP][PASSED] - tap(findTestObject("Paybill/payBillSearchBillerInputField"), 0): Tapped on element 'Object Repository/Paybill/payBillSearchBillerInputField'

2022-02-14 11:41:52 - [MESSAGE][WARNING] - Timeout '0' is invalid. Using default page load timeout: '20'

2022-02-14 11:41:56 - [MESSAGE][PASSED] - Tapped on element 'Object Repository/Paybill/payBillSearchBillerInputField'

2022-02-14 11:41:56 - [TEST_STEP][PASSED] - setText(findTestObject("Paybill/payBillBillerNameInputField"), "Maxis", 0): Text 'Maxis' has been set to element 'Object Repository/Paybill/payBillBillerNameInputField'

2022-02-14 11:41:56 - [MESSAGE][WARNING] - Timeout '0' is invalid. Using default page load timeout: '20'

2022-02-14 11:41:58 - [MESSAGE][PASSED] - Text 'Maxis' has been set to element 'Object Repository/Paybill/payBillBillerNameInputField'

2022-02-14 11:41:58 - [TEST_STEP][PASSED] - delay(3): Delayed 3 second(s)

2022-02-14 11:42:01 - [MESSAGE][PASSED] - Delayed 3 second(s)

2022-02-14 11:42:01 - [TEST_STEP][PASSED] - tap(findTestObject("Paybill/payBillBillerSelect", ["text":"Maxis Mobile Sdn Bhd"]), 10): Tapped on element 'Object Repository/Paybill/payBillBillerSelect'

2022-02-14 11:42:01 - [MESSAGE][PASSED] - Tapped on element 'Object Repository/Paybill/payBillBillerSelect'

2022-02-14 11:42:01 - [TEST_STEP][PASSED] - tap(findTestObject("Paybill/payBillBillerSelect", ["text":"Maxis Mobile Sdn Bhd"]), 10): Tapped on element 'Object Repository/Paybill/payBillBillerSelect'

2022-02-14 11:42:02 - [MESSAGE][PASSED] - Tapped on element 'Object Repository/Paybill/payBillBillerSelect'

2022-02-14 11:42:02 - [TEST_STEP][PASSED] - setText(findTestObject("Paybill/PayBillAccountNumberInputField"), AccountNo, 0): Text '1544054651' has been set to element 'Object Repository/Paybill/PayBillAccountNumberInputField'

2022-02-14 11:42:02 - [MESSAGE][WARNING] - Timeout '0' is invalid. Using default page load timeout: '20'

2022-02-14 11:42:05 - [MESSAGE][PASSED] - Text '1544054651' has been set to element 'Object Repository/Paybill/PayBillAccountNumberInputField'

2022-02-14 11:42:05 - [TEST_STEP][PASSED] - hideKeyboard(): Keyboard is hidden

2022-02-14 11:42:06 - [MESSAGE][PASSED] - Keyboard is hidden

2022-02-14 11:42:06 - [TEST_STEP][PASSED] - tap(findTestObject("Login Onboarding/loginExistingContinueBtn"), 0): Tapped on element 'Object Repository/Login Onboarding/loginExistingContinueBtn'

2022-02-14 11:42:06 - [MESSAGE][WARNING] - Timeout '0' is invalid. Using default page load timeout: '20'

2022-02-14 11:42:06 - [MESSAGE][PASSED] - Tapped on element 'Object Repository/Login Onboarding/loginExistingContinueBtn'

2022-02-14 11:42:06 - [TEST_STEP][PASSED] - tap(findTestObject("Login Onboarding/PIN1"), 0): Tapped on element 'Object Repository/Login Onboarding/PIN1'

2022-02-14 11:42:06 - [MESSAGE][WARNING] - Timeout '0' is invalid. Using default page load timeout: '20'

2022-02-14 11:42:08 - [MESSAGE][PASSED] - Tapped on element 'Object Repository/Login Onboarding/PIN1'

2022-02-14 11:42:08 - [TEST_STEP][PASSED] - tap(findTestObject("Login Onboarding/PIN4"), 0): Tapped on element 'Object Repository/Login Onboarding/PIN4'

2022-02-14 11:42:08 - [MESSAGE][WARNING] - Timeout '0' is invalid. Using default page load timeout: '20'

2022-02-14 11:42:09 - [MESSAGE][PASSED] - Tapped on element 'Object Repository/Login Onboarding/PIN4'

2022-02-14 11:42:09 - [TEST_STEP][PASSED] - delay(3): Delayed 3 second(s)

2022-02-14 11:42:12 - [MESSAGE][PASSED] - Delayed 3 second(s)

2022-02-14 11:42:12 - [TEST_STEP][PASSED] - tap(findTestObject("Main/mainAmountTickBtn"), 0): Tapped on element 'Object Repository/Main/mainAmountTickBtn'

2022-02-14 11:42:12 - [MESSAGE][WARNING] - Timeout '0' is invalid. Using default page load timeout: '20'

2022-02-14 11:42:12 - [MESSAGE][PASSED] - Tapped on element 'Object Repository/Main/mainAmountTickBtn'

2022-02-14 11:42:12 - [TEST_STEP][PASSED] - delay(5): Delayed 5 second(s)

2022-02-14 11:42:17 - [MESSAGE][PASSED] - Delayed 5 second(s)

2022-02-14 11:42:17 - [TEST_STEP][PASSED] - waitForElementPresent(findTestObject("Main/mainPayNowBtn"), 5): Element 'Object Repository/Main/mainPayNowBtn' is present

2022-02-14 11:42:18 - [MESSAGE][PASSED] - Element 'Object Repository/Main/mainPayNowBtn' is present

2022-02-14 11:42:18 - [TEST_STEP][PASSED] - tap(findTestObject("Main/mainPayNowBtn"), 0): Tapped on element 'Object Repository/Main/mainPayNowBtn'

2022-02-14 11:42:18 - [MESSAGE][WARNING] - Timeout '0' is invalid. Using default page load timeout: '20'

2022-02-14 11:42:18 - [MESSAGE][PASSED] - Tapped on element 'Object Repository/Main/mainPayNowBtn'

2022-02-14 11:42:18 - [TEST_STEP][PASSED] - if (verifyElementVisible(findTestObject("Festive Season/festiveReturnAngpaoTACNoTxt"), 0, OPTIONAL)): Element 'Object Repository/Festive Season/festiveReturnAngpaoTACNoTxt' not found

2022-02-14 11:42:18 - [MESSAGE][WARNING] - Timeout '0' is invalid. Using default page load timeout: '20'

2022-02-14 11:42:38 - [MESSAGE][WARNING] - Element 'Object Repository/Festive Season/festiveReturnAngpaoTACNoTxt' not found

2022-02-14 11:42:38 - [TEST_STEP][PASSED] - else: Tapped on element 'Object Repository/Main/mainS2UApproveBtn'

2022-02-14 11:42:38 - [TEST_STEP][PASSED] - delay(5): Delayed 5 second(s)

2022-02-14 11:42:43 - [MESSAGE][PASSED] - Delayed 5 second(s)

2022-02-14 11:42:43 - [TEST_STEP][PASSED] - verifyElementVisible(findTestObject("Main/mainS2UApproveBtn"), 10): Element 'Object Repository/Main/mainS2UApproveBtn' is visible

2022-02-14 11:42:43 - [MESSAGE][PASSED] - Element 'Object Repository/Main/mainS2UApproveBtn' is visible

2022-02-14 11:42:43 - [TEST_STEP][PASSED] - tap(findTestObject("Main/mainS2UApproveBtn"), 0): Tapped on element 'Object Repository/Main/mainS2UApproveBtn'

2022-02-14 11:42:43 - [MESSAGE][WARNING] - Timeout '0' is invalid. Using default page load timeout: '20'

2022-02-14 11:42:44 - [MESSAGE][PASSED] - Tapped on element 'Object Repository/Main/mainS2UApproveBtn'

2022-02-14 11:42:44 - [TEST_STEP][PASSED] - message = getText(findTestObject("Main/mainTransactionStatusMessageTxt"), 10): Text of element 'Object Repository/Main/mainTransactionStatusMessageTxt' is: 'Payment successful'

2022-02-14 11:42:49 - [MESSAGE][PASSED] - Text of element 'Object Repository/Main/mainTransactionStatusMessageTxt' is: 'Payment successful'

2022-02-14 11:42:49 - [TEST_STEP][PASSED] - println(message): null

2022-02-14 11:42:49 - [TEST_STEP][PASSED] - verifyElementVisible(findTestObject("Main/mainDoneBtn"), 0): Element 'Object Repository/Main/mainDoneBtn' is visible

2022-02-14 11:42:49 - [MESSAGE][WARNING] - Timeout '0' is invalid. Using default page load timeout: '20'

2022-02-14 11:42:49 - [MESSAGE][PASSED] - Element 'Object Repository/Main/mainDoneBtn' is visible

2022-02-14 11:42:49 - [TEST_STEP][PASSED] - tap(findTestObject("Main/mainDoneBtn"), 0): Tapped on element 'Object Repository/Main/mainDoneBtn'

2022-02-14 11:42:49 - [MESSAGE][WARNING] - Timeout '0' is invalid. Using default page load timeout: '20'

2022-02-14 11:42:50 - [MESSAGE][PASSED] - Tapped on element 'Object Repository/Main/mainDoneBtn'

2022-02-14 11:42:50 - [TEST_STEP][PASSED] - delay(5): Delayed 5 second(s)

2022-02-14 11:42:55 - [MESSAGE][PASSED] - Delayed 5 second(s)]]></system-out>
         <system-err><![CDATA[]]></system-err>
      </testcase>
      <testcase name="Test Cases/PayBill/payBills_scheduleTransaction" time="78.45" classname="Test Cases/PayBill/payBills_scheduleTransaction" status="PASSED">
         <system-out><![CDATA[2022-02-14 11:42:55 - [TEST_CASE][PASSED] - Test Cases/PayBill/payBills_scheduleTransaction: Test Cases/PayBill/payBills_scheduleTransaction

2022-02-14 11:42:55 - [TEST_STEP][PASSED] - tap(findTestObject("Banking/m2uAccountPayBillsIconSelect"), 0): Tapped on element 'Object Repository/Banking/m2uAccountPayBillsIconSelect'

2022-02-14 11:42:55 - [MESSAGE][WARNING] - Timeout '0' is invalid. Using default page load timeout: '20'

2022-02-14 11:42:57 - [MESSAGE][PASSED] - Tapped on element 'Object Repository/Banking/m2uAccountPayBillsIconSelect'

2022-02-14 11:42:57 - [TEST_STEP][PASSED] - tap(findTestObject("Paybill/payBillsIconSelect"), 0): Tapped on element 'Object Repository/Paybill/payBillsIconSelect'

2022-02-14 11:42:57 - [MESSAGE][WARNING] - Timeout '0' is invalid. Using default page load timeout: '20'

2022-02-14 11:43:00 - [MESSAGE][PASSED] - Tapped on element 'Object Repository/Paybill/payBillsIconSelect'

2022-02-14 11:43:00 - [TEST_STEP][PASSED] - tap(findTestObject("Paybill/payBillSearchBillerInputField"), 0): Tapped on element 'Object Repository/Paybill/payBillSearchBillerInputField'

2022-02-14 11:43:00 - [MESSAGE][WARNING] - Timeout '0' is invalid. Using default page load timeout: '20'

2022-02-14 11:43:03 - [MESSAGE][PASSED] - Tapped on element 'Object Repository/Paybill/payBillSearchBillerInputField'

2022-02-14 11:43:03 - [TEST_STEP][PASSED] - setText(findTestObject("Paybill/payBillBillerNameInputField"), "Maxis", 0): Text 'Maxis' has been set to element 'Object Repository/Paybill/payBillBillerNameInputField'

2022-02-14 11:43:03 - [MESSAGE][WARNING] - Timeout '0' is invalid. Using default page load timeout: '20'

2022-02-14 11:43:05 - [MESSAGE][PASSED] - Text 'Maxis' has been set to element 'Object Repository/Paybill/payBillBillerNameInputField'

2022-02-14 11:43:05 - [TEST_STEP][PASSED] - hideKeyboard(): Keyboard is hidden

2022-02-14 11:43:06 - [MESSAGE][PASSED] - Keyboard is hidden

2022-02-14 11:43:06 - [TEST_STEP][PASSED] - delay(3): Delayed 3 second(s)

2022-02-14 11:43:09 - [MESSAGE][PASSED] - Delayed 3 second(s)

2022-02-14 11:43:09 - [TEST_STEP][PASSED] - tap(findTestObject("Paybill/payBillBillerSelect", ["text":"Maxis Mobile Sdn Bhd"]), 10): Tapped on element 'Object Repository/Paybill/payBillBillerSelect'

2022-02-14 11:43:10 - [MESSAGE][PASSED] - Tapped on element 'Object Repository/Paybill/payBillBillerSelect'

2022-02-14 11:43:10 - [TEST_STEP][PASSED] - tap(findTestObject("Paybill/payBillBillerSelect", ["text":"Maxis Mobile Sdn Bhd"]), 10): Tapped on element 'Object Repository/Paybill/payBillBillerSelect'

2022-02-14 11:43:11 - [MESSAGE][PASSED] - Tapped on element 'Object Repository/Paybill/payBillBillerSelect'

2022-02-14 11:43:11 - [TEST_STEP][PASSED] - setText(findTestObject("Paybill/PayBillAccountNumberInputField"), "1544054651", 0): Text '1544054651' has been set to element 'Object Repository/Paybill/PayBillAccountNumberInputField'

2022-02-14 11:43:11 - [MESSAGE][WARNING] - Timeout '0' is invalid. Using default page load timeout: '20'

2022-02-14 11:43:13 - [MESSAGE][PASSED] - Text '1544054651' has been set to element 'Object Repository/Paybill/PayBillAccountNumberInputField'

2022-02-14 11:43:13 - [TEST_STEP][PASSED] - hideKeyboard(): Keyboard is hidden

2022-02-14 11:43:14 - [MESSAGE][PASSED] - Keyboard is hidden

2022-02-14 11:43:14 - [TEST_STEP][PASSED] - tap(findTestObject("Login Onboarding/loginExistingContinueBtn"), 0): Tapped on element 'Object Repository/Login Onboarding/loginExistingContinueBtn'

2022-02-14 11:43:14 - [MESSAGE][WARNING] - Timeout '0' is invalid. Using default page load timeout: '20'

2022-02-14 11:43:14 - [MESSAGE][PASSED] - Tapped on element 'Object Repository/Login Onboarding/loginExistingContinueBtn'

2022-02-14 11:43:14 - [TEST_STEP][PASSED] - tap(findTestObject("Login Onboarding/PIN1"), 0): Tapped on element 'Object Repository/Login Onboarding/PIN1'

2022-02-14 11:43:14 - [MESSAGE][WARNING] - Timeout '0' is invalid. Using default page load timeout: '20'

2022-02-14 11:43:16 - [MESSAGE][PASSED] - Tapped on element 'Object Repository/Login Onboarding/PIN1'

2022-02-14 11:43:16 - [TEST_STEP][PASSED] - tap(findTestObject("Login Onboarding/PIN4"), 0): Tapped on element 'Object Repository/Login Onboarding/PIN4'

2022-02-14 11:43:16 - [MESSAGE][WARNING] - Timeout '0' is invalid. Using default page load timeout: '20'

2022-02-14 11:43:17 - [MESSAGE][PASSED] - Tapped on element 'Object Repository/Login Onboarding/PIN4'

2022-02-14 11:43:17 - [TEST_STEP][PASSED] - delay(3): Delayed 3 second(s)

2022-02-14 11:43:20 - [MESSAGE][PASSED] - Delayed 3 second(s)

2022-02-14 11:43:20 - [TEST_STEP][PASSED] - tap(findTestObject("Main/mainAmountTickBtn"), 0): Tapped on element 'Object Repository/Main/mainAmountTickBtn'

2022-02-14 11:43:20 - [MESSAGE][WARNING] - Timeout '0' is invalid. Using default page load timeout: '20'

2022-02-14 11:43:21 - [MESSAGE][PASSED] - Tapped on element 'Object Repository/Main/mainAmountTickBtn'

2022-02-14 11:43:21 - [TEST_STEP][PASSED] - tap(findTestObject("Main/mainDatePickerTodaySelect"), 0): Tapped on element 'Object Repository/Main/mainDatePickerTodaySelect'

2022-02-14 11:43:21 - [MESSAGE][WARNING] - Timeout '0' is invalid. Using default page load timeout: '20'

2022-02-14 11:43:24 - [MESSAGE][PASSED] - Tapped on element 'Object Repository/Main/mainDatePickerTodaySelect'

2022-02-14 11:43:24 - [TEST_STEP][PASSED] - tap(findTestObject("Main/mainCalenderPickerNextBtn"), 0): Tapped on element 'Object Repository/Main/mainCalenderPickerNextBtn'

2022-02-14 11:43:24 - [MESSAGE][WARNING] - Timeout '0' is invalid. Using default page load timeout: '20'

2022-02-14 11:43:26 - [MESSAGE][PASSED] - Tapped on element 'Object Repository/Main/mainCalenderPickerNextBtn'

2022-02-14 11:43:26 - [TEST_STEP][PASSED] - delay(3): Delayed 3 second(s)

2022-02-14 11:43:29 - [MESSAGE][PASSED] - Delayed 3 second(s)

2022-02-14 11:43:29 - [TEST_STEP][PASSED] - tap(findTestObject("Main/mainDatePicker1"), 0): Tapped on element 'Object Repository/Main/mainDatePicker1'

2022-02-14 11:43:29 - [MESSAGE][WARNING] - Timeout '0' is invalid. Using default page load timeout: '20'

2022-02-14 11:43:30 - [MESSAGE][PASSED] - Tapped on element 'Object Repository/Main/mainDatePicker1'

2022-02-14 11:43:30 - [TEST_STEP][PASSED] - tap(findTestObject("Main/mainCalenderPickerDoneBtn"), 0): Tapped on element 'Object Repository/Main/mainCalenderPickerDoneBtn'

2022-02-14 11:43:30 - [MESSAGE][WARNING] - Timeout '0' is invalid. Using default page load timeout: '20'

2022-02-14 11:43:31 - [MESSAGE][PASSED] - Tapped on element 'Object Repository/Main/mainCalenderPickerDoneBtn'

2022-02-14 11:43:31 - [TEST_STEP][PASSED] - date = getText(findTestObject("Main/mainGetTransactionDateTxt"), 10): Text of element 'Object Repository/Main/mainGetTransactionDateTxt' is: '03 Mar 2022'

2022-02-14 11:43:32 - [MESSAGE][PASSED] - Text of element 'Object Repository/Main/mainGetTransactionDateTxt' is: '03 Mar 2022'

2022-02-14 11:43:32 - [TEST_STEP][PASSED] - println("Date is " + date): null

2022-02-14 11:43:32 - [TEST_STEP][PASSED] - tap(findTestObject("Main/mainPayNowBtn"), 0): Tapped on element 'Object Repository/Main/mainPayNowBtn'

2022-02-14 11:43:32 - [MESSAGE][WARNING] - Timeout '0' is invalid. Using default page load timeout: '20'

2022-02-14 11:43:33 - [MESSAGE][PASSED] - Tapped on element 'Object Repository/Main/mainPayNowBtn'

2022-02-14 11:43:33 - [TEST_STEP][PASSED] - if (verifyElementVisible(findTestObject("Festive Season/festiveReturnAngpaoTACNoTxt"), 0, OPTIONAL)): Element 'Object Repository/Festive Season/festiveReturnAngpaoTACNoTxt' not found

2022-02-14 11:43:33 - [MESSAGE][WARNING] - Timeout '0' is invalid. Using default page load timeout: '20'

2022-02-14 11:43:53 - [MESSAGE][WARNING] - Element 'Object Repository/Festive Season/festiveReturnAngpaoTACNoTxt' not found

2022-02-14 11:43:53 - [TEST_STEP][PASSED] - else: Tapped on element 'Object Repository/Main/mainS2UApproveBtn'

2022-02-14 11:43:53 - [TEST_STEP][PASSED] - delay(5): Delayed 5 second(s)

2022-02-14 11:43:58 - [MESSAGE][PASSED] - Delayed 5 second(s)

2022-02-14 11:43:58 - [TEST_STEP][PASSED] - verifyElementVisible(findTestObject("Main/mainS2UApproveBtn"), 10): Element 'Object Repository/Main/mainS2UApproveBtn' is visible

2022-02-14 11:43:58 - [MESSAGE][PASSED] - Element 'Object Repository/Main/mainS2UApproveBtn' is visible

2022-02-14 11:43:58 - [TEST_STEP][PASSED] - tap(findTestObject("Main/mainS2UApproveBtn"), 0): Tapped on element 'Object Repository/Main/mainS2UApproveBtn'

2022-02-14 11:43:58 - [MESSAGE][WARNING] - Timeout '0' is invalid. Using default page load timeout: '20'

2022-02-14 11:43:58 - [MESSAGE][PASSED] - Tapped on element 'Object Repository/Main/mainS2UApproveBtn'

2022-02-14 11:43:58 - [TEST_STEP][PASSED] - verifyElementVisible(findTestObject("Main/mainDoneBtn"), 0): Element 'Object Repository/Main/mainDoneBtn' is visible

2022-02-14 11:43:58 - [MESSAGE][WARNING] - Timeout '0' is invalid. Using default page load timeout: '20'

2022-02-14 11:44:03 - [MESSAGE][PASSED] - Element 'Object Repository/Main/mainDoneBtn' is visible

2022-02-14 11:44:03 - [TEST_STEP][PASSED] - tap(findTestObject("Main/mainDoneBtn"), 0): Tapped on element 'Object Repository/Main/mainDoneBtn'

2022-02-14 11:44:03 - [MESSAGE][WARNING] - Timeout '0' is invalid. Using default page load timeout: '20'

2022-02-14 11:44:03 - [MESSAGE][PASSED] - Tapped on element 'Object Repository/Main/mainDoneBtn'

2022-02-14 11:44:03 - [TEST_STEP][PASSED] - delay(10): Delayed 10 second(s)

2022-02-14 11:44:13 - [MESSAGE][PASSED] - Delayed 10 second(s)]]></system-out>
         <system-err><![CDATA[]]></system-err>
      </testcase>
      <testcase name="Test Cases/JomPay/jomPay_todayTransaction" time="145.389" classname="Test Cases/JomPay/jomPay_todayTransaction" status="PASSED">
         <system-out><![CDATA[2022-02-14 11:44:13 - [TEST_CASE][PASSED] - Test Cases/JomPay/jomPay_todayTransaction: Test Cases/JomPay/jomPay_todayTransaction

2022-02-14 11:44:14 - [TEST_STEP][PASSED] - delay(30): Delayed 30 second(s)

2022-02-14 11:44:44 - [MESSAGE][PASSED] - Delayed 30 second(s)

2022-02-14 11:44:44 - [TEST_STEP][PASSED] - tap(findTestObject("Banking/m2uAccountPayBillsIconSelect"), 0): Tapped on element 'Object Repository/Banking/m2uAccountPayBillsIconSelect'

2022-02-14 11:44:44 - [MESSAGE][WARNING] - Timeout '0' is invalid. Using default page load timeout: '20'

2022-02-14 11:44:57 - [MESSAGE][PASSED] - Tapped on element 'Object Repository/Banking/m2uAccountPayBillsIconSelect'

2022-02-14 11:44:57 - [TEST_STEP][PASSED] - delay(10): Delayed 10 second(s)

2022-02-14 11:45:07 - [MESSAGE][PASSED] - Delayed 10 second(s)

2022-02-14 11:45:07 - [TEST_STEP][PASSED] - println("JOMPAY OFF US"): null

2022-02-14 11:45:07 - [TEST_STEP][PASSED] - tap(findTestObject("JomPay/payBillsJomPayTopMenuSelect"), 0): Tapped on element 'Object Repository/JomPay/payBillsJomPayTopMenuSelect'

2022-02-14 11:45:07 - [MESSAGE][WARNING] - Timeout '0' is invalid. Using default page load timeout: '20'

2022-02-14 11:45:07 - [MESSAGE][PASSED] - Tapped on element 'Object Repository/JomPay/payBillsJomPayTopMenuSelect'

2022-02-14 11:45:07 - [TEST_STEP][PASSED] - tap(findTestObject("JomPay/jomPayIconSelect"), 0): Tapped on element 'Object Repository/JomPay/jomPayIconSelect'

2022-02-14 11:45:07 - [MESSAGE][WARNING] - Timeout '0' is invalid. Using default page load timeout: '20'

2022-02-14 11:45:08 - [MESSAGE][PASSED] - Tapped on element 'Object Repository/JomPay/jomPayIconSelect'

2022-02-14 11:45:08 - [TEST_STEP][PASSED] - setText(findTestObject("JomPay/jomPayBillerInputField"), "1123", 0): Text '1123' has been set to element 'Object Repository/JomPay/jomPayBillerInputField'

2022-02-14 11:45:08 - [MESSAGE][WARNING] - Timeout '0' is invalid. Using default page load timeout: '20'

2022-02-14 11:45:11 - [MESSAGE][PASSED] - Text '1123' has been set to element 'Object Repository/JomPay/jomPayBillerInputField'

2022-02-14 11:45:11 - [TEST_STEP][PASSED] - setText(findTestObject("JomPay/jomPayBillerRefInputField"), "568964", 0): Text '568964' has been set to element 'Object Repository/JomPay/jomPayBillerRefInputField'

2022-02-14 11:45:11 - [MESSAGE][WARNING] - Timeout '0' is invalid. Using default page load timeout: '20'

2022-02-14 11:45:12 - [MESSAGE][PASSED] - Text '568964' has been set to element 'Object Repository/JomPay/jomPayBillerRefInputField'

2022-02-14 11:45:12 - [TEST_STEP][PASSED] - hideKeyboard(): Keyboard is hidden

2022-02-14 11:45:13 - [MESSAGE][PASSED] - Keyboard is hidden

2022-02-14 11:45:13 - [TEST_STEP][PASSED] - tap(findTestObject("Login Onboarding/loginExistingContinueBtn"), 0): Tapped on element 'Object Repository/Login Onboarding/loginExistingContinueBtn'

2022-02-14 11:45:13 - [MESSAGE][WARNING] - Timeout '0' is invalid. Using default page load timeout: '20'

2022-02-14 11:45:14 - [MESSAGE][PASSED] - Tapped on element 'Object Repository/Login Onboarding/loginExistingContinueBtn'

2022-02-14 11:45:14 - [TEST_STEP][PASSED] - tap(findTestObject("Login Onboarding/PIN1"), 0): Tapped on element 'Object Repository/Login Onboarding/PIN1'

2022-02-14 11:45:14 - [MESSAGE][WARNING] - Timeout '0' is invalid. Using default page load timeout: '20'

2022-02-14 11:45:17 - [MESSAGE][PASSED] - Tapped on element 'Object Repository/Login Onboarding/PIN1'

2022-02-14 11:45:17 - [TEST_STEP][PASSED] - tap(findTestObject("Login Onboarding/PIN0"), 0): Tapped on element 'Object Repository/Login Onboarding/PIN0'

2022-02-14 11:45:17 - [MESSAGE][WARNING] - Timeout '0' is invalid. Using default page load timeout: '20'

2022-02-14 11:45:18 - [MESSAGE][PASSED] - Tapped on element 'Object Repository/Login Onboarding/PIN0'

2022-02-14 11:45:18 - [TEST_STEP][PASSED] - tap(findTestObject("Login Onboarding/PIN0"), 0): Tapped on element 'Object Repository/Login Onboarding/PIN0'

2022-02-14 11:45:18 - [MESSAGE][WARNING] - Timeout '0' is invalid. Using default page load timeout: '20'

2022-02-14 11:45:18 - [MESSAGE][PASSED] - Tapped on element 'Object Repository/Login Onboarding/PIN0'

2022-02-14 11:45:18 - [TEST_STEP][PASSED] - delay(5): Delayed 5 second(s)

2022-02-14 11:45:23 - [MESSAGE][PASSED] - Delayed 5 second(s)

2022-02-14 11:45:23 - [TEST_STEP][PASSED] - tap(findTestObject("JomPay/jomPayAmountTickBtn"), 0): Tapped on element 'Object Repository/JomPay/jomPayAmountTickBtn'

2022-02-14 11:45:23 - [MESSAGE][WARNING] - Timeout '0' is invalid. Using default page load timeout: '20'

2022-02-14 11:45:24 - [MESSAGE][PASSED] - Tapped on element 'Object Repository/JomPay/jomPayAmountTickBtn'

2022-02-14 11:45:24 - [TEST_STEP][PASSED] - delay(5): Delayed 5 second(s)

2022-02-14 11:45:29 - [MESSAGE][PASSED] - Delayed 5 second(s)

2022-02-14 11:45:29 - [TEST_STEP][PASSED] - tap(findTestObject("Main/mainPayNowBtn"), 0): Tapped on element 'Object Repository/Main/mainPayNowBtn'

2022-02-14 11:45:29 - [MESSAGE][WARNING] - Timeout '0' is invalid. Using default page load timeout: '20'

2022-02-14 11:45:30 - [MESSAGE][PASSED] - Tapped on element 'Object Repository/Main/mainPayNowBtn'

2022-02-14 11:45:30 - [TEST_STEP][PASSED] - delay(3): Delayed 3 second(s)

2022-02-14 11:45:33 - [MESSAGE][PASSED] - Delayed 3 second(s)

2022-02-14 11:45:33 - [TEST_STEP][PASSED] - if (verifyElementVisible(findTestObject("Festive Season/festiveReturnAngpaoTACNoTxt"), 0, OPTIONAL)): Element 'Object Repository/Festive Season/festiveReturnAngpaoTACNoTxt' not found

2022-02-14 11:45:33 - [MESSAGE][WARNING] - Timeout '0' is invalid. Using default page load timeout: '20'

2022-02-14 11:45:53 - [MESSAGE][WARNING] - Element 'Object Repository/Festive Season/festiveReturnAngpaoTACNoTxt' not found

2022-02-14 11:45:53 - [TEST_STEP][PASSED] - else: Tapped on element 'Object Repository/Main/mainS2UApproveBtn'

2022-02-14 11:45:53 - [TEST_STEP][PASSED] - delay(5): Delayed 5 second(s)

2022-02-14 11:45:58 - [MESSAGE][PASSED] - Delayed 5 second(s)

2022-02-14 11:45:58 - [TEST_STEP][PASSED] - verifyElementVisible(findTestObject("Main/mainS2UApproveBtn"), 10): Element 'Object Repository/Main/mainS2UApproveBtn' is visible

2022-02-14 11:45:59 - [MESSAGE][PASSED] - Element 'Object Repository/Main/mainS2UApproveBtn' is visible

2022-02-14 11:45:59 - [TEST_STEP][PASSED] - tap(findTestObject("Main/mainS2UApproveBtn"), 0): Tapped on element 'Object Repository/Main/mainS2UApproveBtn'

2022-02-14 11:45:59 - [MESSAGE][WARNING] - Timeout '0' is invalid. Using default page load timeout: '20'

2022-02-14 11:45:59 - [MESSAGE][PASSED] - Tapped on element 'Object Repository/Main/mainS2UApproveBtn'

2022-02-14 11:45:59 - [TEST_STEP][PASSED] - delay(5): Delayed 5 second(s)

2022-02-14 11:46:04 - [MESSAGE][PASSED] - Delayed 5 second(s)

2022-02-14 11:46:04 - [TEST_STEP][PASSED] - verifyElementText(findTestObject("JomPay/jomPaySummarySuccesfulTxt"), "Payment successful"): Actual text and expected text of test object 'Object Repository/JomPay/jomPaySummarySuccesfulTxt' are matched.

2022-02-14 11:46:08 - [MESSAGE][PASSED] - Actual text and expected text of test object 'Object Repository/JomPay/jomPaySummarySuccesfulTxt' are matched.

2022-02-14 11:46:08 - [TEST_STEP][PASSED] - verifyElementVisible(findTestObject("Main/mainDoneBtn"), 0): Element 'Object Repository/Main/mainDoneBtn' is visible

2022-02-14 11:46:08 - [MESSAGE][WARNING] - Timeout '0' is invalid. Using default page load timeout: '20'

2022-02-14 11:46:08 - [MESSAGE][PASSED] - Element 'Object Repository/Main/mainDoneBtn' is visible

2022-02-14 11:46:08 - [TEST_STEP][PASSED] - tap(findTestObject("Main/mainDoneBtn"), 0): Tapped on element 'Object Repository/Main/mainDoneBtn'

2022-02-14 11:46:08 - [MESSAGE][WARNING] - Timeout '0' is invalid. Using default page load timeout: '20'

2022-02-14 11:46:09 - [MESSAGE][PASSED] - Tapped on element 'Object Repository/Main/mainDoneBtn'

2022-02-14 11:46:09 - [TEST_STEP][PASSED] - delay(30): Delayed 30 second(s)

2022-02-14 11:46:39 - [MESSAGE][PASSED] - Delayed 30 second(s)]]></system-out>
         <system-err><![CDATA[]]></system-err>
      </testcase>
      <testcase name="Test Cases/JomPay/jomPay_scheduleTransaction" time="127.805" classname="Test Cases/JomPay/jomPay_scheduleTransaction" status="PASSED">
         <system-out><![CDATA[2022-02-14 11:46:39 - [TEST_CASE][PASSED] - Test Cases/JomPay/jomPay_scheduleTransaction: Test Cases/JomPay/jomPay_scheduleTransaction

2022-02-14 11:46:39 - [TEST_STEP][PASSED] - delay(10): Delayed 10 second(s)

2022-02-14 11:46:49 - [MESSAGE][PASSED] - Delayed 10 second(s)

2022-02-14 11:46:49 - [TEST_STEP][PASSED] - if (verifyElementVisible(findTestObject("Main/mainEnterPINMessage"), 0, OPTIONAL)): Element 'Object Repository/Main/mainEnterPINMessage' not found

2022-02-14 11:46:49 - [MESSAGE][WARNING] - Timeout '0' is invalid. Using default page load timeout: '20'

2022-02-14 11:47:09 - [MESSAGE][WARNING] - Element 'Object Repository/Main/mainEnterPINMessage' not found

2022-02-14 11:47:09 - [TEST_STEP][PASSED] - tap(findTestObject("Banking/m2uAccountPayBillsIconSelect"), 0): Tapped on element 'Object Repository/Banking/m2uAccountPayBillsIconSelect'

2022-02-14 11:47:09 - [MESSAGE][WARNING] - Timeout '0' is invalid. Using default page load timeout: '20'

2022-02-14 11:47:11 - [MESSAGE][PASSED] - Tapped on element 'Object Repository/Banking/m2uAccountPayBillsIconSelect'

2022-02-14 11:47:11 - [TEST_STEP][PASSED] - if (verifyElementVisible(findTestObject("Paybill/payBillsEnterPasswordTxt"), 0, OPTIONAL)): Element 'Object Repository/Paybill/payBillsEnterPasswordTxt' not found

2022-02-14 11:47:11 - [MESSAGE][WARNING] - Timeout '0' is invalid. Using default page load timeout: '20'

2022-02-14 11:47:32 - [MESSAGE][WARNING] - Element 'Object Repository/Paybill/payBillsEnterPasswordTxt' not found

2022-02-14 11:47:32 - [TEST_STEP][PASSED] - println("JOMPAY Future Transaction"): null

2022-02-14 11:47:32 - [TEST_STEP][PASSED] - tap(findTestObject("JomPay/payBillsJomPayTopMenuSelect"), 0): Tapped on element 'Object Repository/JomPay/payBillsJomPayTopMenuSelect'

2022-02-14 11:47:32 - [MESSAGE][WARNING] - Timeout '0' is invalid. Using default page load timeout: '20'

2022-02-14 11:47:32 - [MESSAGE][PASSED] - Tapped on element 'Object Repository/JomPay/payBillsJomPayTopMenuSelect'

2022-02-14 11:47:32 - [TEST_STEP][PASSED] - tap(findTestObject("JomPay/jomPayIconSelect"), 0): Tapped on element 'Object Repository/JomPay/jomPayIconSelect'

2022-02-14 11:47:32 - [MESSAGE][WARNING] - Timeout '0' is invalid. Using default page load timeout: '20'

2022-02-14 11:47:33 - [MESSAGE][PASSED] - Tapped on element 'Object Repository/JomPay/jomPayIconSelect'

2022-02-14 11:47:33 - [TEST_STEP][PASSED] - setText(findTestObject("JomPay/jomPayBillerInputField"), "9639", 0): Text '9639' has been set to element 'Object Repository/JomPay/jomPayBillerInputField'

2022-02-14 11:47:33 - [MESSAGE][WARNING] - Timeout '0' is invalid. Using default page load timeout: '20'

2022-02-14 11:47:35 - [MESSAGE][PASSED] - Text '9639' has been set to element 'Object Repository/JomPay/jomPayBillerInputField'

2022-02-14 11:47:35 - [TEST_STEP][PASSED] - setText(findTestObject("JomPay/jomPayBillerRefInputField"), "0816101607", 0): Text '0816101607' has been set to element 'Object Repository/JomPay/jomPayBillerRefInputField'

2022-02-14 11:47:35 - [MESSAGE][WARNING] - Timeout '0' is invalid. Using default page load timeout: '20'

2022-02-14 11:47:37 - [MESSAGE][PASSED] - Text '0816101607' has been set to element 'Object Repository/JomPay/jomPayBillerRefInputField'

2022-02-14 11:47:37 - [TEST_STEP][PASSED] - hideKeyboard(): Keyboard is hidden

2022-02-14 11:47:38 - [MESSAGE][PASSED] - Keyboard is hidden

2022-02-14 11:47:38 - [TEST_STEP][PASSED] - tap(findTestObject("Login Onboarding/loginExistingContinueBtn"), 0): Tapped on element 'Object Repository/Login Onboarding/loginExistingContinueBtn'

2022-02-14 11:47:38 - [MESSAGE][WARNING] - Timeout '0' is invalid. Using default page load timeout: '20'

2022-02-14 11:47:39 - [MESSAGE][PASSED] - Tapped on element 'Object Repository/Login Onboarding/loginExistingContinueBtn'

2022-02-14 11:47:39 - [TEST_STEP][PASSED] - tap(findTestObject("Login Onboarding/PIN1"), 0): Tapped on element 'Object Repository/Login Onboarding/PIN1'

2022-02-14 11:47:39 - [MESSAGE][WARNING] - Timeout '0' is invalid. Using default page load timeout: '20'

2022-02-14 11:47:42 - [MESSAGE][PASSED] - Tapped on element 'Object Repository/Login Onboarding/PIN1'

2022-02-14 11:47:42 - [TEST_STEP][PASSED] - tap(findTestObject("Login Onboarding/PIN0"), 0): Tapped on element 'Object Repository/Login Onboarding/PIN0'

2022-02-14 11:47:42 - [MESSAGE][WARNING] - Timeout '0' is invalid. Using default page load timeout: '20'

2022-02-14 11:47:43 - [MESSAGE][PASSED] - Tapped on element 'Object Repository/Login Onboarding/PIN0'

2022-02-14 11:47:43 - [TEST_STEP][PASSED] - tap(findTestObject("Login Onboarding/PIN0"), 0): Tapped on element 'Object Repository/Login Onboarding/PIN0'

2022-02-14 11:47:43 - [MESSAGE][WARNING] - Timeout '0' is invalid. Using default page load timeout: '20'

2022-02-14 11:47:43 - [MESSAGE][PASSED] - Tapped on element 'Object Repository/Login Onboarding/PIN0'

2022-02-14 11:47:43 - [TEST_STEP][PASSED] - tap(findTestObject("JomPay/jomPayAmountTickBtn"), 0): Tapped on element 'Object Repository/JomPay/jomPayAmountTickBtn'

2022-02-14 11:47:43 - [MESSAGE][WARNING] - Timeout '0' is invalid. Using default page load timeout: '20'

2022-02-14 11:47:44 - [MESSAGE][PASSED] - Tapped on element 'Object Repository/JomPay/jomPayAmountTickBtn'

2022-02-14 11:47:44 - [TEST_STEP][PASSED] - tap(findTestObject("Main/mainDatePickerTodaySelect"), 0): Tapped on element 'Object Repository/Main/mainDatePickerTodaySelect'

2022-02-14 11:47:44 - [MESSAGE][WARNING] - Timeout '0' is invalid. Using default page load timeout: '20'

2022-02-14 11:47:50 - [MESSAGE][PASSED] - Tapped on element 'Object Repository/Main/mainDatePickerTodaySelect'

2022-02-14 11:47:50 - [TEST_STEP][PASSED] - tap(findTestObject("Main/mainCalenderPickerNextBtn"), 0): Tapped on element 'Object Repository/Main/mainCalenderPickerNextBtn'

2022-02-14 11:47:50 - [MESSAGE][WARNING] - Timeout '0' is invalid. Using default page load timeout: '20'

2022-02-14 11:47:52 - [MESSAGE][PASSED] - Tapped on element 'Object Repository/Main/mainCalenderPickerNextBtn'

2022-02-14 11:47:52 - [TEST_STEP][PASSED] - delay(3): Delayed 3 second(s)

2022-02-14 11:47:55 - [MESSAGE][PASSED] - Delayed 3 second(s)

2022-02-14 11:47:55 - [TEST_STEP][PASSED] - tap(findTestObject("Main/mainDatePicker1"), 0): Tapped on element 'Object Repository/Main/mainDatePicker1'

2022-02-14 11:47:55 - [MESSAGE][WARNING] - Timeout '0' is invalid. Using default page load timeout: '20'

2022-02-14 11:47:56 - [MESSAGE][PASSED] - Tapped on element 'Object Repository/Main/mainDatePicker1'

2022-02-14 11:47:56 - [TEST_STEP][PASSED] - tap(findTestObject("Main/mainCalenderPickerDoneBtn"), 0): Tapped on element 'Object Repository/Main/mainCalenderPickerDoneBtn'

2022-02-14 11:47:56 - [MESSAGE][WARNING] - Timeout '0' is invalid. Using default page load timeout: '20'

2022-02-14 11:47:57 - [MESSAGE][PASSED] - Tapped on element 'Object Repository/Main/mainCalenderPickerDoneBtn'

2022-02-14 11:47:57 - [TEST_STEP][PASSED] - delay(3): Delayed 3 second(s)

2022-02-14 11:48:00 - [MESSAGE][PASSED] - Delayed 3 second(s)

2022-02-14 11:48:00 - [TEST_STEP][PASSED] - tap(findTestObject("Main/mainPayNowBtn"), 0): Tapped on element 'Object Repository/Main/mainPayNowBtn'

2022-02-14 11:48:00 - [MESSAGE][WARNING] - Timeout '0' is invalid. Using default page load timeout: '20'

2022-02-14 11:48:00 - [MESSAGE][PASSED] - Tapped on element 'Object Repository/Main/mainPayNowBtn'

2022-02-14 11:48:00 - [TEST_STEP][PASSED] - delay(5): Delayed 5 second(s)

2022-02-14 11:48:05 - [MESSAGE][PASSED] - Delayed 5 second(s)

2022-02-14 11:48:05 - [TEST_STEP][PASSED] - if (verifyElementVisible(findTestObject("Festive Season/festiveReturnAngpaoTACNoTxt"), 0, OPTIONAL)): Element 'Object Repository/Festive Season/festiveReturnAngpaoTACNoTxt' not found

2022-02-14 11:48:05 - [MESSAGE][WARNING] - Timeout '0' is invalid. Using default page load timeout: '20'

2022-02-14 11:48:25 - [MESSAGE][WARNING] - Element 'Object Repository/Festive Season/festiveReturnAngpaoTACNoTxt' not found

2022-02-14 11:48:25 - [TEST_STEP][PASSED] - else: Tapped on element 'Object Repository/Main/mainS2UApproveBtn'

2022-02-14 11:48:25 - [TEST_STEP][PASSED] - delay(5): Delayed 5 second(s)

2022-02-14 11:48:30 - [MESSAGE][PASSED] - Delayed 5 second(s)

2022-02-14 11:48:30 - [TEST_STEP][PASSED] - verifyElementVisible(findTestObject("Main/mainS2UApproveBtn"), 10): Element 'Object Repository/Main/mainS2UApproveBtn' is visible

2022-02-14 11:48:30 - [MESSAGE][PASSED] - Element 'Object Repository/Main/mainS2UApproveBtn' is visible

2022-02-14 11:48:30 - [TEST_STEP][PASSED] - tap(findTestObject("Main/mainS2UApproveBtn"), 0): Tapped on element 'Object Repository/Main/mainS2UApproveBtn'

2022-02-14 11:48:31 - [MESSAGE][WARNING] - Timeout '0' is invalid. Using default page load timeout: '20'

2022-02-14 11:48:31 - [MESSAGE][PASSED] - Tapped on element 'Object Repository/Main/mainS2UApproveBtn'

2022-02-14 11:48:31 - [TEST_STEP][PASSED] - delay(3): Delayed 3 second(s)

2022-02-14 11:48:34 - [MESSAGE][PASSED] - Delayed 3 second(s)

2022-02-14 11:48:34 - [TEST_STEP][PASSED] - verifyElementText(findTestObject("JomPay/jomPaySummaryScheduledTxt"), "Payment scheduled"): Actual text and expected text of test object 'Object Repository/JomPay/jomPaySummaryScheduledTxt' are matched.

2022-02-14 11:48:36 - [MESSAGE][PASSED] - Actual text and expected text of test object 'Object Repository/JomPay/jomPaySummaryScheduledTxt' are matched.

2022-02-14 11:48:36 - [TEST_STEP][PASSED] - verifyElementVisible(findTestObject("Main/mainDoneBtn"), 0): Element 'Object Repository/Main/mainDoneBtn' is visible

2022-02-14 11:48:36 - [MESSAGE][WARNING] - Timeout '0' is invalid. Using default page load timeout: '20'

2022-02-14 11:48:36 - [MESSAGE][PASSED] - Element 'Object Repository/Main/mainDoneBtn' is visible

2022-02-14 11:48:36 - [TEST_STEP][PASSED] - tap(findTestObject("Main/mainDoneBtn"), 0): Tapped on element 'Object Repository/Main/mainDoneBtn'

2022-02-14 11:48:36 - [MESSAGE][WARNING] - Timeout '0' is invalid. Using default page load timeout: '20'

2022-02-14 11:48:36 - [MESSAGE][PASSED] - Tapped on element 'Object Repository/Main/mainDoneBtn'

2022-02-14 11:48:36 - [TEST_STEP][PASSED] - delay(10): Delayed 10 second(s)

2022-02-14 11:48:47 - [MESSAGE][PASSED] - Delayed 10 second(s)]]></system-out>
         <system-err><![CDATA[]]></system-err>
      </testcase>
      <testcase name="Test Cases/JomPay/JomPay Add Favorite" time="90.737" classname="Test Cases/JomPay/JomPay Add Favorite" status="PASSED">
         <system-out><![CDATA[2022-02-14 11:48:47 - [TEST_CASE][PASSED] - Test Cases/JomPay/JomPay Add Favorite: Test Cases/JomPay/JomPay Add Favorite

2022-02-14 11:48:47 - [TEST_STEP][PASSED] - delay(5): Delayed 5 second(s)

2022-02-14 11:48:52 - [MESSAGE][PASSED] - Delayed 5 second(s)

2022-02-14 11:48:52 - [TEST_STEP][PASSED] - tap(findTestObject("Banking/m2uAccountPayBillsIconSelect"), 0): Tapped on element 'Object Repository/Banking/m2uAccountPayBillsIconSelect'

2022-02-14 11:48:52 - [MESSAGE][WARNING] - Timeout '0' is invalid. Using default page load timeout: '20'

2022-02-14 11:48:54 - [MESSAGE][PASSED] - Tapped on element 'Object Repository/Banking/m2uAccountPayBillsIconSelect'

2022-02-14 11:48:54 - [TEST_STEP][PASSED] - delay(10): Delayed 10 second(s)

2022-02-14 11:49:04 - [MESSAGE][PASSED] - Delayed 10 second(s)

2022-02-14 11:49:04 - [TEST_STEP][PASSED] - tap(findTestObject("JomPay/payBillsJomPayTopMenuSelect"), 0): Tapped on element 'Object Repository/JomPay/payBillsJomPayTopMenuSelect'

2022-02-14 11:49:04 - [MESSAGE][WARNING] - Timeout '0' is invalid. Using default page load timeout: '20'

2022-02-14 11:49:04 - [MESSAGE][PASSED] - Tapped on element 'Object Repository/JomPay/payBillsJomPayTopMenuSelect'

2022-02-14 11:49:04 - [TEST_STEP][PASSED] - tap(findTestObject("JomPay/jomPayIconSelect"), 0): Tapped on element 'Object Repository/JomPay/jomPayIconSelect'

2022-02-14 11:49:04 - [MESSAGE][WARNING] - Timeout '0' is invalid. Using default page load timeout: '20'

2022-02-14 11:49:05 - [MESSAGE][PASSED] - Tapped on element 'Object Repository/JomPay/jomPayIconSelect'

2022-02-14 11:49:05 - [TEST_STEP][PASSED] - setText(findTestObject("JomPay/jomPayBillerInputField"), "9639", 0): Text '9639' has been set to element 'Object Repository/JomPay/jomPayBillerInputField'

2022-02-14 11:49:05 - [MESSAGE][WARNING] - Timeout '0' is invalid. Using default page load timeout: '20'

2022-02-14 11:49:08 - [MESSAGE][PASSED] - Text '9639' has been set to element 'Object Repository/JomPay/jomPayBillerInputField'

2022-02-14 11:49:08 - [TEST_STEP][PASSED] - println("JOMPAY ON US"): null

2022-02-14 11:49:08 - [TEST_STEP][PASSED] - setText(findTestObject("JomPay/jomPayBillerRefInputField"), "0816101607", 0): Text '0816101607' has been set to element 'Object Repository/JomPay/jomPayBillerRefInputField'

2022-02-14 11:49:08 - [MESSAGE][WARNING] - Timeout '0' is invalid. Using default page load timeout: '20'

2022-02-14 11:49:09 - [MESSAGE][PASSED] - Text '0816101607' has been set to element 'Object Repository/JomPay/jomPayBillerRefInputField'

2022-02-14 11:49:09 - [TEST_STEP][PASSED] - hideKeyboard(): Keyboard is hidden

2022-02-14 11:49:10 - [MESSAGE][PASSED] - Keyboard is hidden

2022-02-14 11:49:10 - [TEST_STEP][PASSED] - tap(findTestObject("Login Onboarding/loginExistingContinueBtn"), 0): Tapped on element 'Object Repository/Login Onboarding/loginExistingContinueBtn'

2022-02-14 11:49:10 - [MESSAGE][WARNING] - Timeout '0' is invalid. Using default page load timeout: '20'

2022-02-14 11:49:11 - [MESSAGE][PASSED] - Tapped on element 'Object Repository/Login Onboarding/loginExistingContinueBtn'

2022-02-14 11:49:11 - [TEST_STEP][PASSED] - tap(findTestObject("Login Onboarding/PIN1"), 0): Tapped on element 'Object Repository/Login Onboarding/PIN1'

2022-02-14 11:49:11 - [MESSAGE][WARNING] - Timeout '0' is invalid. Using default page load timeout: '20'

2022-02-14 11:49:14 - [MESSAGE][PASSED] - Tapped on element 'Object Repository/Login Onboarding/PIN1'

2022-02-14 11:49:14 - [TEST_STEP][PASSED] - tap(findTestObject("Login Onboarding/PIN0"), 0): Tapped on element 'Object Repository/Login Onboarding/PIN0'

2022-02-14 11:49:14 - [MESSAGE][WARNING] - Timeout '0' is invalid. Using default page load timeout: '20'

2022-02-14 11:49:15 - [MESSAGE][PASSED] - Tapped on element 'Object Repository/Login Onboarding/PIN0'

2022-02-14 11:49:15 - [TEST_STEP][PASSED] - tap(findTestObject("Login Onboarding/PIN0"), 0): Tapped on element 'Object Repository/Login Onboarding/PIN0'

2022-02-14 11:49:15 - [MESSAGE][WARNING] - Timeout '0' is invalid. Using default page load timeout: '20'

2022-02-14 11:49:15 - [MESSAGE][PASSED] - Tapped on element 'Object Repository/Login Onboarding/PIN0'

2022-02-14 11:49:15 - [TEST_STEP][PASSED] - tap(findTestObject("JomPay/jomPayAmountTickBtn"), 0): Tapped on element 'Object Repository/JomPay/jomPayAmountTickBtn'

2022-02-14 11:49:15 - [MESSAGE][WARNING] - Timeout '0' is invalid. Using default page load timeout: '20'

2022-02-14 11:49:15 - [MESSAGE][PASSED] - Tapped on element 'Object Repository/JomPay/jomPayAmountTickBtn'

2022-02-14 11:49:15 - [TEST_STEP][PASSED] - delay(10): Delayed 10 second(s)

2022-02-14 11:49:25 - [MESSAGE][PASSED] - Delayed 10 second(s)

2022-02-14 11:49:25 - [TEST_STEP][PASSED] - tap(findTestObject("Main/mainPayNowBtn"), 0): Tapped on element 'Object Repository/Main/mainPayNowBtn'

2022-02-14 11:49:25 - [MESSAGE][WARNING] - Timeout '0' is invalid. Using default page load timeout: '20'

2022-02-14 11:49:26 - [MESSAGE][PASSED] - Tapped on element 'Object Repository/Main/mainPayNowBtn'

2022-02-14 11:49:26 - [TEST_STEP][PASSED] - delay(3): Delayed 3 second(s)

2022-02-14 11:49:29 - [MESSAGE][PASSED] - Delayed 3 second(s)

2022-02-14 11:49:29 - [TEST_STEP][PASSED] - if (verifyElementVisible(findTestObject("Festive Season/festiveReturnAngpaoTACNoTxt"), 0, OPTIONAL)): Element 'Object Repository/Festive Season/festiveReturnAngpaoTACNoTxt' not found

2022-02-14 11:49:29 - [MESSAGE][WARNING] - Timeout '0' is invalid. Using default page load timeout: '20'

2022-02-14 11:49:49 - [MESSAGE][WARNING] - Element 'Object Repository/Festive Season/festiveReturnAngpaoTACNoTxt' not found

2022-02-14 11:49:49 - [TEST_STEP][PASSED] - else: Tapped on element 'Object Repository/Main/mainS2UApproveBtn'

2022-02-14 11:49:49 - [TEST_STEP][PASSED] - delay(5): Delayed 5 second(s)

2022-02-14 11:49:54 - [MESSAGE][PASSED] - Delayed 5 second(s)

2022-02-14 11:49:54 - [TEST_STEP][PASSED] - verifyElementVisible(findTestObject("Main/mainS2UApproveBtn"), 10): Element 'Object Repository/Main/mainS2UApproveBtn' is visible

2022-02-14 11:49:54 - [MESSAGE][PASSED] - Element 'Object Repository/Main/mainS2UApproveBtn' is visible

2022-02-14 11:49:54 - [TEST_STEP][PASSED] - tap(findTestObject("Main/mainS2UApproveBtn"), 0): Tapped on element 'Object Repository/Main/mainS2UApproveBtn'

2022-02-14 11:49:54 - [MESSAGE][WARNING] - Timeout '0' is invalid. Using default page load timeout: '20'

2022-02-14 11:49:56 - [MESSAGE][PASSED] - Tapped on element 'Object Repository/Main/mainS2UApproveBtn'

2022-02-14 11:49:56 - [TEST_STEP][PASSED] - delay(3): Delayed 3 second(s)

2022-02-14 11:49:59 - [MESSAGE][PASSED] - Delayed 3 second(s)

2022-02-14 11:49:59 - [TEST_STEP][PASSED] - verifyElementText(findTestObject("JomPay/jomPaySummarySuccesfulTxt"), "Payment successful"): Actual text and expected text of test object 'Object Repository/JomPay/jomPaySummarySuccesfulTxt' are matched.

2022-02-14 11:49:59 - [MESSAGE][PASSED] - Actual text and expected text of test object 'Object Repository/JomPay/jomPaySummarySuccesfulTxt' are matched.

2022-02-14 11:49:59 - [TEST_STEP][PASSED] - tap(findTestObject("Main/mainAddToFavBtn"), 0): Tapped on element 'Object Repository/Main/mainAddToFavBtn'

2022-02-14 11:49:59 - [MESSAGE][WARNING] - Timeout '0' is invalid. Using default page load timeout: '20'

2022-02-14 11:50:00 - [MESSAGE][PASSED] - Tapped on element 'Object Repository/Main/mainAddToFavBtn'

2022-02-14 11:50:00 - [TEST_STEP][PASSED] - delay(5): Delayed 5 second(s)

2022-02-14 11:50:05 - [MESSAGE][PASSED] - Delayed 5 second(s)

2022-02-14 11:50:05 - [TEST_STEP][PASSED] - tap(findTestObject("Main/mainAddToFavBtn"), 0): Tapped on element 'Object Repository/Main/mainAddToFavBtn'

2022-02-14 11:50:05 - [MESSAGE][WARNING] - Timeout '0' is invalid. Using default page load timeout: '20'

2022-02-14 11:50:05 - [MESSAGE][PASSED] - Tapped on element 'Object Repository/Main/mainAddToFavBtn'

2022-02-14 11:50:05 - [TEST_STEP][PASSED] - delay(2): Delayed 2 second(s)

2022-02-14 11:50:07 - [MESSAGE][PASSED] - Delayed 2 second(s)

2022-02-14 11:50:07 - [TEST_STEP][PASSED] - tap(findTestObject("Main/mainCloseFavPopUpBtn"), 0): Tapped on element 'Object Repository/Main/mainCloseFavPopUpBtn'

2022-02-14 11:50:07 - [MESSAGE][WARNING] - Timeout '0' is invalid. Using default page load timeout: '20'

2022-02-14 11:50:10 - [MESSAGE][PASSED] - Tapped on element 'Object Repository/Main/mainCloseFavPopUpBtn'

2022-02-14 11:50:10 - [TEST_STEP][PASSED] - delay(2): Delayed 2 second(s)

2022-02-14 11:50:12 - [MESSAGE][PASSED] - Delayed 2 second(s)

2022-02-14 11:50:12 - [TEST_STEP][PASSED] - verifyElementVisible(findTestObject("Main/mainDoneBtn"), 0): Element 'Object Repository/Main/mainDoneBtn' is visible

2022-02-14 11:50:12 - [MESSAGE][WARNING] - Timeout '0' is invalid. Using default page load timeout: '20'

2022-02-14 11:50:12 - [MESSAGE][PASSED] - Element 'Object Repository/Main/mainDoneBtn' is visible

2022-02-14 11:50:12 - [TEST_STEP][PASSED] - tap(findTestObject("Main/mainDoneBtn"), 0): Tapped on element 'Object Repository/Main/mainDoneBtn'

2022-02-14 11:50:12 - [MESSAGE][WARNING] - Timeout '0' is invalid. Using default page load timeout: '20'

2022-02-14 11:50:12 - [MESSAGE][PASSED] - Tapped on element 'Object Repository/Main/mainDoneBtn'

2022-02-14 11:50:12 - [TEST_STEP][PASSED] - delay(5): Delayed 5 second(s)

2022-02-14 11:50:17 - [MESSAGE][PASSED] - Delayed 5 second(s)]]></system-out>
         <system-err><![CDATA[]]></system-err>
      </testcase>
      <testcase name="Test Cases/JomPay/JomPay Favorite Transaction" time="50.873" classname="Test Cases/JomPay/JomPay Favorite Transaction" status="PASSED">
         <system-out><![CDATA[2022-02-14 11:50:17 - [TEST_CASE][PASSED] - Test Cases/JomPay/JomPay Favorite Transaction: Test Cases/JomPay/JomPay Favorite Transaction

2022-02-14 11:50:17 - [TEST_STEP][PASSED] - delay(5): Delayed 5 second(s)

2022-02-14 11:50:22 - [MESSAGE][PASSED] - Delayed 5 second(s)

2022-02-14 11:50:22 - [TEST_STEP][PASSED] - tap(findTestObject("Banking/m2uAccountPayBillsIconSelect"), 0): Tapped on element 'Object Repository/Banking/m2uAccountPayBillsIconSelect'

2022-02-14 11:50:22 - [MESSAGE][WARNING] - Timeout '0' is invalid. Using default page load timeout: '20'

2022-02-14 11:50:25 - [MESSAGE][PASSED] - Tapped on element 'Object Repository/Banking/m2uAccountPayBillsIconSelect'

2022-02-14 11:50:25 - [TEST_STEP][PASSED] - if (verifyElementVisible(findTestObject("Paybill/payBillsEnterPasswordTxt"), 0, OPTIONAL)): Element 'Object Repository/Paybill/payBillsEnterPasswordTxt' not found

2022-02-14 11:50:25 - [MESSAGE][WARNING] - Timeout '0' is invalid. Using default page load timeout: '20'

2022-02-14 11:50:45 - [MESSAGE][WARNING] - Element 'Object Repository/Paybill/payBillsEnterPasswordTxt' not found

2022-02-14 11:50:45 - [TEST_STEP][PASSED] - println("JOMPAY Fav Transaction"): null

2022-02-14 11:50:45 - [TEST_STEP][PASSED] - tap(findTestObject("JomPay/payBillsJomPayTopMenuSelect"), 0): Tapped on element 'Object Repository/JomPay/payBillsJomPayTopMenuSelect'

2022-02-14 11:50:45 - [MESSAGE][WARNING] - Timeout '0' is invalid. Using default page load timeout: '20'

2022-02-14 11:50:46 - [MESSAGE][PASSED] - Tapped on element 'Object Repository/JomPay/payBillsJomPayTopMenuSelect'

2022-02-14 11:50:46 - [TEST_STEP][PASSED] - tap(findTestObject("Main/mainFavBodySelect"), 0): Tapped on element 'Object Repository/Main/mainFavBodySelect'

2022-02-14 11:50:46 - [MESSAGE][WARNING] - Timeout '0' is invalid. Using default page load timeout: '20'

2022-02-14 11:50:46 - [MESSAGE][PASSED] - Tapped on element 'Object Repository/Main/mainFavBodySelect'

2022-02-14 11:50:46 - [TEST_STEP][PASSED] - tap(findTestObject("Login Onboarding/PIN1"), 0): Tapped on element 'Object Repository/Login Onboarding/PIN1'

2022-02-14 11:50:46 - [MESSAGE][WARNING] - Timeout '0' is invalid. Using default page load timeout: '20'

2022-02-14 11:50:48 - [MESSAGE][PASSED] - Tapped on element 'Object Repository/Login Onboarding/PIN1'

2022-02-14 11:50:48 - [TEST_STEP][PASSED] - tap(findTestObject("Login Onboarding/PIN0"), 0): Tapped on element 'Object Repository/Login Onboarding/PIN0'

2022-02-14 11:50:48 - [MESSAGE][WARNING] - Timeout '0' is invalid. Using default page load timeout: '20'

2022-02-14 11:50:48 - [MESSAGE][PASSED] - Tapped on element 'Object Repository/Login Onboarding/PIN0'

2022-02-14 11:50:48 - [TEST_STEP][PASSED] - tap(findTestObject("Login Onboarding/PIN0"), 0): Tapped on element 'Object Repository/Login Onboarding/PIN0'

2022-02-14 11:50:48 - [MESSAGE][WARNING] - Timeout '0' is invalid. Using default page load timeout: '20'

2022-02-14 11:50:49 - [MESSAGE][PASSED] - Tapped on element 'Object Repository/Login Onboarding/PIN0'

2022-02-14 11:50:49 - [TEST_STEP][PASSED] - tap(findTestObject("JomPay/jomPayAmountTickBtn"), 0): Tapped on element 'Object Repository/JomPay/jomPayAmountTickBtn'

2022-02-14 11:50:49 - [MESSAGE][WARNING] - Timeout '0' is invalid. Using default page load timeout: '20'

2022-02-14 11:50:50 - [MESSAGE][PASSED] - Tapped on element 'Object Repository/JomPay/jomPayAmountTickBtn'

2022-02-14 11:50:50 - [TEST_STEP][PASSED] - delay(5): Delayed 5 second(s)

2022-02-14 11:50:55 - [MESSAGE][PASSED] - Delayed 5 second(s)

2022-02-14 11:50:55 - [TEST_STEP][PASSED] - tap(findTestObject("Main/mainPayNowBtn"), 0): Tapped on element 'Object Repository/Main/mainPayNowBtn'

2022-02-14 11:50:55 - [MESSAGE][WARNING] - Timeout '0' is invalid. Using default page load timeout: '20'

2022-02-14 11:50:56 - [MESSAGE][PASSED] - Tapped on element 'Object Repository/Main/mainPayNowBtn'

2022-02-14 11:50:56 - [TEST_STEP][PASSED] - verifyElementVisible(findTestObject("Main/mainDoneBtn"), 0): Element 'Object Repository/Main/mainDoneBtn' is visible

2022-02-14 11:50:56 - [MESSAGE][WARNING] - Timeout '0' is invalid. Using default page load timeout: '20'

2022-02-14 11:51:03 - [MESSAGE][PASSED] - Element 'Object Repository/Main/mainDoneBtn' is visible

2022-02-14 11:51:03 - [TEST_STEP][PASSED] - tap(findTestObject("Main/mainDoneBtn"), 0): Tapped on element 'Object Repository/Main/mainDoneBtn'

2022-02-14 11:51:03 - [MESSAGE][WARNING] - Timeout '0' is invalid. Using default page load timeout: '20'

2022-02-14 11:51:03 - [MESSAGE][PASSED] - Tapped on element 'Object Repository/Main/mainDoneBtn'

2022-02-14 11:51:03 - [TEST_STEP][PASSED] - delay(5): Delayed 5 second(s)

2022-02-14 11:51:08 - [MESSAGE][PASSED] - Delayed 5 second(s)]]></system-out>
         <system-err><![CDATA[]]></system-err>
      </testcase>
      <testcase name="Test Cases/Zakat/zakat_zakatPayment" time="109.859" classname="Test Cases/Zakat/zakat_zakatPayment" status="PASSED">
         <system-out><![CDATA[2022-02-14 11:51:08 - [TEST_CASE][PASSED] - Test Cases/Zakat/zakat_zakatPayment: Test Cases/Zakat/zakat_zakatPayment

2022-02-14 11:51:08 - [TEST_STEP][PASSED] - delay(5): Delayed 5 second(s)

2022-02-14 11:51:13 - [MESSAGE][PASSED] - Delayed 5 second(s)

2022-02-14 11:51:13 - [TEST_STEP][PASSED] - if (verifyElementVisible(findTestObject("Main/mainEnterPINMessage"), 0, OPTIONAL)): Element 'Object Repository/Main/mainEnterPINMessage' not found

2022-02-14 11:51:13 - [MESSAGE][WARNING] - Timeout '0' is invalid. Using default page load timeout: '20'

2022-02-14 11:51:33 - [MESSAGE][WARNING] - Element 'Object Repository/Main/mainEnterPINMessage' not found

2022-02-14 11:51:33 - [TEST_STEP][PASSED] - tap(findTestObject("Banking/m2uAccountPayBillsIconSelect"), 0): Tapped on element 'Object Repository/Banking/m2uAccountPayBillsIconSelect'

2022-02-14 11:51:33 - [MESSAGE][WARNING] - Timeout '0' is invalid. Using default page load timeout: '20'

2022-02-14 11:51:36 - [MESSAGE][PASSED] - Tapped on element 'Object Repository/Banking/m2uAccountPayBillsIconSelect'

2022-02-14 11:51:36 - [TEST_STEP][PASSED] - if (verifyElementVisible(findTestObject("Paybill/payBillsEnterPasswordTxt"), 0, OPTIONAL)): Element 'Object Repository/Paybill/payBillsEnterPasswordTxt' not found

2022-02-14 11:51:36 - [MESSAGE][WARNING] - Timeout '0' is invalid. Using default page load timeout: '20'

2022-02-14 11:51:56 - [MESSAGE][WARNING] - Element 'Object Repository/Paybill/payBillsEnterPasswordTxt' not found

2022-02-14 11:51:56 - [TEST_STEP][PASSED] - tap(findTestObject("zakat/payBillZakatTopMenuSelect"), 0): Tapped on element 'Object Repository/zakat/payBillZakatTopMenuSelect'

2022-02-14 11:51:56 - [MESSAGE][WARNING] - Timeout '0' is invalid. Using default page load timeout: '20'

2022-02-14 11:51:57 - [MESSAGE][PASSED] - Tapped on element 'Object Repository/zakat/payBillZakatTopMenuSelect'

2022-02-14 11:51:57 - [TEST_STEP][PASSED] - delay(2): Delayed 2 second(s)

2022-02-14 11:51:59 - [MESSAGE][PASSED] - Delayed 2 second(s)

2022-02-14 11:51:59 - [TEST_STEP][PASSED] - tap(findTestObject("zakat/zakatIconSelect"), 0): Tapped on element 'Object Repository/zakat/zakatIconSelect'

2022-02-14 11:51:59 - [MESSAGE][WARNING] - Timeout '0' is invalid. Using default page load timeout: '20'

2022-02-14 11:52:00 - [MESSAGE][PASSED] - Tapped on element 'Object Repository/zakat/zakatIconSelect'

2022-02-14 11:52:00 - [TEST_STEP][PASSED] - delay(2): Delayed 2 second(s)

2022-02-14 11:52:02 - [MESSAGE][PASSED] - Delayed 2 second(s)

2022-02-14 11:52:02 - [TEST_STEP][PASSED] - tap(findTestObject("zakat/zakatBodyDropdownSelectBoxx"), 0): Tapped on element 'Object Repository/zakat/zakatBodyDropdownSelectBoxx'

2022-02-14 11:52:02 - [MESSAGE][WARNING] - Timeout '0' is invalid. Using default page load timeout: '20'

2022-02-14 11:52:02 - [MESSAGE][PASSED] - Tapped on element 'Object Repository/zakat/zakatBodyDropdownSelectBoxx'

2022-02-14 11:52:02 - [TEST_STEP][PASSED] - tap(findTestObject("zakat/zakatBaitulmalPerlisDropdownSelect"), 0): Tapped on element 'Object Repository/zakat/zakatBaitulmalPerlisDropdownSelect'

2022-02-14 11:52:02 - [MESSAGE][WARNING] - Timeout '0' is invalid. Using default page load timeout: '20'

2022-02-14 11:52:04 - [MESSAGE][PASSED] - Tapped on element 'Object Repository/zakat/zakatBaitulmalPerlisDropdownSelect'

2022-02-14 11:52:04 - [TEST_STEP][PASSED] - tap(findTestObject("Main/mainCalenderPickerDoneBtn"), 0): Tapped on element 'Object Repository/Main/mainCalenderPickerDoneBtn'

2022-02-14 11:52:04 - [MESSAGE][WARNING] - Timeout '0' is invalid. Using default page load timeout: '20'

2022-02-14 11:52:04 - [MESSAGE][PASSED] - Tapped on element 'Object Repository/Main/mainCalenderPickerDoneBtn'

2022-02-14 11:52:04 - [TEST_STEP][PASSED] - delay(3): Delayed 3 second(s)

2022-02-14 11:52:07 - [MESSAGE][PASSED] - Delayed 3 second(s)

2022-02-14 11:52:07 - [TEST_STEP][PASSED] - tap(findTestObject("zakat/zakatTypeDropdownSelectBox"), 0): Tapped on element 'Object Repository/zakat/zakatTypeDropdownSelectBox'

2022-02-14 11:52:07 - [MESSAGE][WARNING] - Timeout '0' is invalid. Using default page load timeout: '20'

2022-02-14 11:52:07 - [MESSAGE][PASSED] - Tapped on element 'Object Repository/zakat/zakatTypeDropdownSelectBox'

2022-02-14 11:52:07 - [TEST_STEP][PASSED] - tap(findTestObject("zakat/zakatTypeZakatEmasDropdownSelect"), 0): Tapped on element 'Object Repository/zakat/zakatTypeZakatEmasDropdownSelect'

2022-02-14 11:52:07 - [MESSAGE][WARNING] - Timeout '0' is invalid. Using default page load timeout: '20'

2022-02-14 11:52:09 - [MESSAGE][PASSED] - Tapped on element 'Object Repository/zakat/zakatTypeZakatEmasDropdownSelect'

2022-02-14 11:52:09 - [TEST_STEP][PASSED] - tap(findTestObject("Main/mainCalenderPickerDoneBtn"), 0): Tapped on element 'Object Repository/Main/mainCalenderPickerDoneBtn'

2022-02-14 11:52:09 - [MESSAGE][WARNING] - Timeout '0' is invalid. Using default page load timeout: '20'

2022-02-14 11:52:09 - [MESSAGE][PASSED] - Tapped on element 'Object Repository/Main/mainCalenderPickerDoneBtn'

2022-02-14 11:52:09 - [TEST_STEP][PASSED] - tap(findTestObject("Login Onboarding/loginExistingContinueBtn"), 0): Tapped on element 'Object Repository/Login Onboarding/loginExistingContinueBtn'

2022-02-14 11:52:09 - [MESSAGE][WARNING] - Timeout '0' is invalid. Using default page load timeout: '20'

2022-02-14 11:52:10 - [MESSAGE][PASSED] - Tapped on element 'Object Repository/Login Onboarding/loginExistingContinueBtn'

2022-02-14 11:52:10 - [TEST_STEP][PASSED] - setText(findTestObject("zakat/zakatMobileNoInputField"), "181610161", 0): Text '181610161' has been set to element 'Object Repository/zakat/zakatMobileNoInputField'

2022-02-14 11:52:10 - [MESSAGE][WARNING] - Timeout '0' is invalid. Using default page load timeout: '20'

2022-02-14 11:52:12 - [MESSAGE][PASSED] - Text '181610161' has been set to element 'Object Repository/zakat/zakatMobileNoInputField'

2022-02-14 11:52:12 - [TEST_STEP][PASSED] - hideKeyboard(): Keyboard is hidden

2022-02-14 11:52:13 - [MESSAGE][PASSED] - Keyboard is hidden

2022-02-14 11:52:13 - [TEST_STEP][PASSED] - tap(findTestObject("Login Onboarding/loginExistingContinueBtn"), 0): Tapped on element 'Object Repository/Login Onboarding/loginExistingContinueBtn'

2022-02-14 11:52:13 - [MESSAGE][WARNING] - Timeout '0' is invalid. Using default page load timeout: '20'

2022-02-14 11:52:14 - [MESSAGE][PASSED] - Tapped on element 'Object Repository/Login Onboarding/loginExistingContinueBtn'

2022-02-14 11:52:14 - [TEST_STEP][PASSED] - tap(findTestObject("Login Onboarding/PIN1"), 0): Tapped on element 'Object Repository/Login Onboarding/PIN1'

2022-02-14 11:52:14 - [MESSAGE][WARNING] - Timeout '0' is invalid. Using default page load timeout: '20'

2022-02-14 11:52:15 - [MESSAGE][PASSED] - Tapped on element 'Object Repository/Login Onboarding/PIN1'

2022-02-14 11:52:15 - [TEST_STEP][PASSED] - tap(findTestObject("zakat/zakatAmountTickBtn"), 0): Tapped on element 'Object Repository/zakat/zakatAmountTickBtn'

2022-02-14 11:52:15 - [MESSAGE][WARNING] - Timeout '0' is invalid. Using default page load timeout: '20'

2022-02-14 11:52:17 - [MESSAGE][PASSED] - Tapped on element 'Object Repository/zakat/zakatAmountTickBtn'

2022-02-14 11:52:17 - [TEST_STEP][PASSED] - tap(findTestObject("Main/mainPayNowBtn"), 0): Tapped on element 'Object Repository/Main/mainPayNowBtn'

2022-02-14 11:52:17 - [MESSAGE][WARNING] - Timeout '0' is invalid. Using default page load timeout: '20'

2022-02-14 11:52:18 - [MESSAGE][PASSED] - Tapped on element 'Object Repository/Main/mainPayNowBtn'

2022-02-14 11:52:18 - [TEST_STEP][PASSED] - delay(3): Delayed 3 second(s)

2022-02-14 11:52:21 - [MESSAGE][PASSED] - Delayed 3 second(s)

2022-02-14 11:52:21 - [TEST_STEP][PASSED] - if (verifyElementVisible(findTestObject("Festive Season/festiveReturnAngpaoTACNoTxt"), 0, OPTIONAL)): Element 'Object Repository/Festive Season/festiveReturnAngpaoTACNoTxt' not found

2022-02-14 11:52:21 - [MESSAGE][WARNING] - Timeout '0' is invalid. Using default page load timeout: '20'

2022-02-14 11:52:41 - [MESSAGE][WARNING] - Element 'Object Repository/Festive Season/festiveReturnAngpaoTACNoTxt' not found

2022-02-14 11:52:41 - [TEST_STEP][PASSED] - else: Tapped on element 'Object Repository/Main/mainS2UApproveBtn'

2022-02-14 11:52:41 - [TEST_STEP][PASSED] - delay(5): Delayed 5 second(s)

2022-02-14 11:52:46 - [MESSAGE][PASSED] - Delayed 5 second(s)

2022-02-14 11:52:46 - [TEST_STEP][PASSED] - verifyElementVisible(findTestObject("Main/mainS2UApproveBtn"), 10): Element 'Object Repository/Main/mainS2UApproveBtn' is visible

2022-02-14 11:52:46 - [MESSAGE][PASSED] - Element 'Object Repository/Main/mainS2UApproveBtn' is visible

2022-02-14 11:52:46 - [TEST_STEP][PASSED] - tap(findTestObject("Main/mainS2UApproveBtn"), 0): Tapped on element 'Object Repository/Main/mainS2UApproveBtn'

2022-02-14 11:52:46 - [MESSAGE][WARNING] - Timeout '0' is invalid. Using default page load timeout: '20'

2022-02-14 11:52:47 - [MESSAGE][PASSED] - Tapped on element 'Object Repository/Main/mainS2UApproveBtn'

2022-02-14 11:52:47 - [TEST_STEP][PASSED] - delay(5): Delayed 5 second(s)

2022-02-14 11:52:52 - [MESSAGE][PASSED] - Delayed 5 second(s)

2022-02-14 11:52:52 - [TEST_STEP][PASSED] - verifyElementVisible(findTestObject("Main/mainDoneBtn"), 0): Element 'Object Repository/Main/mainDoneBtn' is visible

2022-02-14 11:52:52 - [MESSAGE][WARNING] - Timeout '0' is invalid. Using default page load timeout: '20'

2022-02-14 11:52:53 - [MESSAGE][PASSED] - Element 'Object Repository/Main/mainDoneBtn' is visible

2022-02-14 11:52:53 - [TEST_STEP][PASSED] - tap(findTestObject("Main/mainDoneBtn"), 0): Tapped on element 'Object Repository/Main/mainDoneBtn'

2022-02-14 11:52:53 - [MESSAGE][WARNING] - Timeout '0' is invalid. Using default page load timeout: '20'

2022-02-14 11:52:53 - [MESSAGE][PASSED] - Tapped on element 'Object Repository/Main/mainDoneBtn'

2022-02-14 11:52:53 - [TEST_STEP][PASSED] - delay(5): Delayed 5 second(s)

2022-02-14 11:52:58 - [MESSAGE][PASSED] - Delayed 5 second(s)]]></system-out>
         <system-err><![CDATA[]]></system-err>
      </testcase>
      <testcase name="Test Cases/Zakat/zakat_zakatPaymentAddFavorite" time="75.993" classname="Test Cases/Zakat/zakat_zakatPaymentAddFavorite" status="PASSED">
         <system-out><![CDATA[2022-02-14 11:52:58 - [TEST_CASE][PASSED] - Test Cases/Zakat/zakat_zakatPaymentAddFavorite: Test Cases/Zakat/zakat_zakatPaymentAddFavorite

2022-02-14 11:52:58 - [TEST_STEP][PASSED] - tap(findTestObject("Banking/m2uAccountPayBillsIconSelect"), 0): Tapped on element 'Object Repository/Banking/m2uAccountPayBillsIconSelect'

2022-02-14 11:52:58 - [MESSAGE][WARNING] - Timeout '0' is invalid. Using default page load timeout: '20'

2022-02-14 11:53:00 - [MESSAGE][PASSED] - Tapped on element 'Object Repository/Banking/m2uAccountPayBillsIconSelect'

2022-02-14 11:53:00 - [TEST_STEP][PASSED] - tap(findTestObject("zakat/payBillZakatTopMenuSelect"), 0): Tapped on element 'Object Repository/zakat/payBillZakatTopMenuSelect'

2022-02-14 11:53:00 - [MESSAGE][WARNING] - Timeout '0' is invalid. Using default page load timeout: '20'

2022-02-14 11:53:04 - [MESSAGE][PASSED] - Tapped on element 'Object Repository/zakat/payBillZakatTopMenuSelect'

2022-02-14 11:53:04 - [TEST_STEP][PASSED] - delay(2): Delayed 2 second(s)

2022-02-14 11:53:06 - [MESSAGE][PASSED] - Delayed 2 second(s)

2022-02-14 11:53:06 - [TEST_STEP][PASSED] - tap(findTestObject("zakat/zakatIconSelect"), 0): Tapped on element 'Object Repository/zakat/zakatIconSelect'

2022-02-14 11:53:06 - [MESSAGE][WARNING] - Timeout '0' is invalid. Using default page load timeout: '20'

2022-02-14 11:53:08 - [MESSAGE][PASSED] - Tapped on element 'Object Repository/zakat/zakatIconSelect'

2022-02-14 11:53:08 - [TEST_STEP][PASSED] - delay(2): Delayed 2 second(s)

2022-02-14 11:53:10 - [MESSAGE][PASSED] - Delayed 2 second(s)

2022-02-14 11:53:10 - [TEST_STEP][PASSED] - tap(findTestObject("zakat/zakatBodyDropdownSelectBoxx"), 0): Tapped on element 'Object Repository/zakat/zakatBodyDropdownSelectBoxx'

2022-02-14 11:53:10 - [MESSAGE][WARNING] - Timeout '0' is invalid. Using default page load timeout: '20'

2022-02-14 11:53:10 - [MESSAGE][PASSED] - Tapped on element 'Object Repository/zakat/zakatBodyDropdownSelectBoxx'

2022-02-14 11:53:10 - [TEST_STEP][PASSED] - tap(findTestObject("zakat/zakatBaitulmalPerlisDropdownSelect"), 0): Tapped on element 'Object Repository/zakat/zakatBaitulmalPerlisDropdownSelect'

2022-02-14 11:53:10 - [MESSAGE][WARNING] - Timeout '0' is invalid. Using default page load timeout: '20'

2022-02-14 11:53:11 - [MESSAGE][PASSED] - Tapped on element 'Object Repository/zakat/zakatBaitulmalPerlisDropdownSelect'

2022-02-14 11:53:11 - [TEST_STEP][PASSED] - tap(findTestObject("Main/mainCalenderPickerDoneBtn"), 0): Tapped on element 'Object Repository/Main/mainCalenderPickerDoneBtn'

2022-02-14 11:53:11 - [MESSAGE][WARNING] - Timeout '0' is invalid. Using default page load timeout: '20'

2022-02-14 11:53:12 - [MESSAGE][PASSED] - Tapped on element 'Object Repository/Main/mainCalenderPickerDoneBtn'

2022-02-14 11:53:12 - [TEST_STEP][PASSED] - delay(3): Delayed 3 second(s)

2022-02-14 11:53:15 - [MESSAGE][PASSED] - Delayed 3 second(s)

2022-02-14 11:53:15 - [TEST_STEP][PASSED] - tap(findTestObject("zakat/zakatTypeDropdownSelectBox"), 0): Tapped on element 'Object Repository/zakat/zakatTypeDropdownSelectBox'

2022-02-14 11:53:15 - [MESSAGE][WARNING] - Timeout '0' is invalid. Using default page load timeout: '20'

2022-02-14 11:53:15 - [MESSAGE][PASSED] - Tapped on element 'Object Repository/zakat/zakatTypeDropdownSelectBox'

2022-02-14 11:53:15 - [TEST_STEP][PASSED] - tap(findTestObject("zakat/zakatTypeZakatEmasDropdownSelect"), 0): Tapped on element 'Object Repository/zakat/zakatTypeZakatEmasDropdownSelect'

2022-02-14 11:53:15 - [MESSAGE][WARNING] - Timeout '0' is invalid. Using default page load timeout: '20'

2022-02-14 11:53:16 - [MESSAGE][PASSED] - Tapped on element 'Object Repository/zakat/zakatTypeZakatEmasDropdownSelect'

2022-02-14 11:53:16 - [TEST_STEP][PASSED] - tap(findTestObject("Main/mainCalenderPickerDoneBtn"), 0): Tapped on element 'Object Repository/Main/mainCalenderPickerDoneBtn'

2022-02-14 11:53:16 - [MESSAGE][WARNING] - Timeout '0' is invalid. Using default page load timeout: '20'

2022-02-14 11:53:17 - [MESSAGE][PASSED] - Tapped on element 'Object Repository/Main/mainCalenderPickerDoneBtn'

2022-02-14 11:53:17 - [TEST_STEP][PASSED] - tap(findTestObject("Login Onboarding/loginExistingContinueBtn"), 0): Tapped on element 'Object Repository/Login Onboarding/loginExistingContinueBtn'

2022-02-14 11:53:17 - [MESSAGE][WARNING] - Timeout '0' is invalid. Using default page load timeout: '20'

2022-02-14 11:53:18 - [MESSAGE][PASSED] - Tapped on element 'Object Repository/Login Onboarding/loginExistingContinueBtn'

2022-02-14 11:53:18 - [TEST_STEP][PASSED] - setText(findTestObject("zakat/zakatMobileNoInputField"), "181610161", 0): Text '181610161' has been set to element 'Object Repository/zakat/zakatMobileNoInputField'

2022-02-14 11:53:18 - [MESSAGE][WARNING] - Timeout '0' is invalid. Using default page load timeout: '20'

2022-02-14 11:53:20 - [MESSAGE][PASSED] - Text '181610161' has been set to element 'Object Repository/zakat/zakatMobileNoInputField'

2022-02-14 11:53:20 - [TEST_STEP][PASSED] - hideKeyboard(): Keyboard is hidden

2022-02-14 11:53:21 - [MESSAGE][PASSED] - Keyboard is hidden

2022-02-14 11:53:21 - [TEST_STEP][PASSED] - tap(findTestObject("Login Onboarding/loginExistingContinueBtn"), 0): Tapped on element 'Object Repository/Login Onboarding/loginExistingContinueBtn'

2022-02-14 11:53:21 - [MESSAGE][WARNING] - Timeout '0' is invalid. Using default page load timeout: '20'

2022-02-14 11:53:22 - [MESSAGE][PASSED] - Tapped on element 'Object Repository/Login Onboarding/loginExistingContinueBtn'

2022-02-14 11:53:22 - [TEST_STEP][PASSED] - tap(findTestObject("Login Onboarding/PIN1"), 0): Tapped on element 'Object Repository/Login Onboarding/PIN1'

2022-02-14 11:53:22 - [MESSAGE][WARNING] - Timeout '0' is invalid. Using default page load timeout: '20'

2022-02-14 11:53:23 - [MESSAGE][PASSED] - Tapped on element 'Object Repository/Login Onboarding/PIN1'

2022-02-14 11:53:23 - [TEST_STEP][PASSED] - tap(findTestObject("zakat/zakatAmountTickBtn"), 0): Tapped on element 'Object Repository/zakat/zakatAmountTickBtn'

2022-02-14 11:53:23 - [MESSAGE][WARNING] - Timeout '0' is invalid. Using default page load timeout: '20'

2022-02-14 11:53:24 - [MESSAGE][PASSED] - Tapped on element 'Object Repository/zakat/zakatAmountTickBtn'

2022-02-14 11:53:24 - [TEST_STEP][PASSED] - tap(findTestObject("Main/mainPayNowBtn"), 0): Tapped on element 'Object Repository/Main/mainPayNowBtn'

2022-02-14 11:53:24 - [MESSAGE][WARNING] - Timeout '0' is invalid. Using default page load timeout: '20'

2022-02-14 11:53:26 - [MESSAGE][PASSED] - Tapped on element 'Object Repository/Main/mainPayNowBtn'

2022-02-14 11:53:26 - [TEST_STEP][PASSED] - delay(3): Delayed 3 second(s)

2022-02-14 11:53:29 - [MESSAGE][PASSED] - Delayed 3 second(s)

2022-02-14 11:53:29 - [TEST_STEP][PASSED] - if (verifyElementVisible(findTestObject("Festive Season/festiveReturnAngpaoTACNoTxt"), 0, OPTIONAL)): Element 'Object Repository/Festive Season/festiveReturnAngpaoTACNoTxt' not found

2022-02-14 11:53:29 - [MESSAGE][WARNING] - Timeout '0' is invalid. Using default page load timeout: '20'

2022-02-14 11:53:49 - [MESSAGE][WARNING] - Element 'Object Repository/Festive Season/festiveReturnAngpaoTACNoTxt' not found

2022-02-14 11:53:49 - [TEST_STEP][PASSED] - else: Tapped on element 'Object Repository/Main/mainS2UApproveBtn'

2022-02-14 11:53:49 - [TEST_STEP][PASSED] - delay(5): Delayed 5 second(s)

2022-02-14 11:53:54 - [MESSAGE][PASSED] - Delayed 5 second(s)

2022-02-14 11:53:54 - [TEST_STEP][PASSED] - verifyElementVisible(findTestObject("Main/mainS2UApproveBtn"), 10): Element 'Object Repository/Main/mainS2UApproveBtn' is visible

2022-02-14 11:53:55 - [MESSAGE][PASSED] - Element 'Object Repository/Main/mainS2UApproveBtn' is visible

2022-02-14 11:53:55 - [TEST_STEP][PASSED] - tap(findTestObject("Main/mainS2UApproveBtn"), 0): Tapped on element 'Object Repository/Main/mainS2UApproveBtn'

2022-02-14 11:53:55 - [MESSAGE][WARNING] - Timeout '0' is invalid. Using default page load timeout: '20'

2022-02-14 11:53:55 - [MESSAGE][PASSED] - Tapped on element 'Object Repository/Main/mainS2UApproveBtn'

2022-02-14 11:53:55 - [TEST_STEP][PASSED] - delay(3): Delayed 3 second(s)

2022-02-14 11:53:58 - [MESSAGE][PASSED] - Delayed 3 second(s)

2022-02-14 11:53:58 - [TEST_STEP][PASSED] - tap(findTestObject("Main/mainAddToFavBtn"), 0): Tapped on element 'Object Repository/Main/mainAddToFavBtn'

2022-02-14 11:53:59 - [MESSAGE][WARNING] - Timeout '0' is invalid. Using default page load timeout: '20'

2022-02-14 11:54:00 - [MESSAGE][PASSED] - Tapped on element 'Object Repository/Main/mainAddToFavBtn'

2022-02-14 11:54:00 - [TEST_STEP][PASSED] - delay(2): Delayed 2 second(s)

2022-02-14 11:54:02 - [MESSAGE][PASSED] - Delayed 2 second(s)

2022-02-14 11:54:02 - [TEST_STEP][PASSED] - tap(findTestObject("Main/mainAddToFavBtn"), 0): Tapped on element 'Object Repository/Main/mainAddToFavBtn'

2022-02-14 11:54:02 - [MESSAGE][WARNING] - Timeout '0' is invalid. Using default page load timeout: '20'

2022-02-14 11:54:02 - [MESSAGE][PASSED] - Tapped on element 'Object Repository/Main/mainAddToFavBtn'

2022-02-14 11:54:02 - [TEST_STEP][PASSED] - delay(2): Delayed 2 second(s)

2022-02-14 11:54:04 - [MESSAGE][PASSED] - Delayed 2 second(s)

2022-02-14 11:54:04 - [TEST_STEP][PASSED] - tap(findTestObject("Main/mainCloseFavPopUpBtn"), 0): Tapped on element 'Object Repository/Main/mainCloseFavPopUpBtn'

2022-02-14 11:54:04 - [MESSAGE][WARNING] - Timeout '0' is invalid. Using default page load timeout: '20'

2022-02-14 11:54:06 - [MESSAGE][PASSED] - Tapped on element 'Object Repository/Main/mainCloseFavPopUpBtn'

2022-02-14 11:54:06 - [TEST_STEP][PASSED] - delay(2): Delayed 2 second(s)

2022-02-14 11:54:08 - [MESSAGE][PASSED] - Delayed 2 second(s)

2022-02-14 11:54:08 - [TEST_STEP][PASSED] - verifyElementVisible(findTestObject("Main/mainDoneBtn"), 0): Element 'Object Repository/Main/mainDoneBtn' is visible

2022-02-14 11:54:08 - [MESSAGE][WARNING] - Timeout '0' is invalid. Using default page load timeout: '20'

2022-02-14 11:54:09 - [MESSAGE][PASSED] - Element 'Object Repository/Main/mainDoneBtn' is visible

2022-02-14 11:54:09 - [TEST_STEP][PASSED] - tap(findTestObject("Main/mainDoneBtn"), 0): Tapped on element 'Object Repository/Main/mainDoneBtn'

2022-02-14 11:54:09 - [MESSAGE][WARNING] - Timeout '0' is invalid. Using default page load timeout: '20'

2022-02-14 11:54:09 - [MESSAGE][PASSED] - Tapped on element 'Object Repository/Main/mainDoneBtn'

2022-02-14 11:54:09 - [TEST_STEP][PASSED] - delay(5): Delayed 5 second(s)

2022-02-14 11:54:14 - [MESSAGE][PASSED] - Delayed 5 second(s)]]></system-out>
         <system-err><![CDATA[]]></system-err>
      </testcase>
      <testcase name="Test Cases/Zakat/zakat_zakatPaymentFavoriteTransaction" time="33.62" classname="Test Cases/Zakat/zakat_zakatPaymentFavoriteTransaction" status="PASSED">
         <system-out><![CDATA[2022-02-14 11:54:14 - [TEST_CASE][PASSED] - Test Cases/Zakat/zakat_zakatPaymentFavoriteTransaction: Test Cases/Zakat/zakat_zakatPaymentFavoriteTransaction

2022-02-14 11:54:14 - [TEST_STEP][PASSED] - tap(findTestObject("Banking/m2uAccountPayBillsIconSelect"), 0): Tapped on element 'Object Repository/Banking/m2uAccountPayBillsIconSelect'

2022-02-14 11:54:14 - [MESSAGE][WARNING] - Timeout '0' is invalid. Using default page load timeout: '20'

2022-02-14 11:54:16 - [MESSAGE][PASSED] - Tapped on element 'Object Repository/Banking/m2uAccountPayBillsIconSelect'

2022-02-14 11:54:16 - [TEST_STEP][PASSED] - tap(findTestObject("zakat/payBillZakatTopMenuSelect"), 0): Tapped on element 'Object Repository/zakat/payBillZakatTopMenuSelect'

2022-02-14 11:54:16 - [MESSAGE][WARNING] - Timeout '0' is invalid. Using default page load timeout: '20'

2022-02-14 11:54:19 - [MESSAGE][PASSED] - Tapped on element 'Object Repository/zakat/payBillZakatTopMenuSelect'

2022-02-14 11:54:19 - [TEST_STEP][PASSED] - tap(findTestObject("Main/mainFavBodySelect"), 0): Tapped on element 'Object Repository/Main/mainFavBodySelect'

2022-02-14 11:54:19 - [MESSAGE][WARNING] - Timeout '0' is invalid. Using default page load timeout: '20'

2022-02-14 11:54:21 - [MESSAGE][PASSED] - Tapped on element 'Object Repository/Main/mainFavBodySelect'

2022-02-14 11:54:21 - [TEST_STEP][PASSED] - delay(5): Delayed 5 second(s)

2022-02-14 11:54:26 - [MESSAGE][PASSED] - Delayed 5 second(s)

2022-02-14 11:54:26 - [TEST_STEP][PASSED] - tap(findTestObject("zakat/zakatTypeDropdownSelectBox"), 0): Tapped on element 'Object Repository/zakat/zakatTypeDropdownSelectBox'

2022-02-14 11:54:26 - [MESSAGE][WARNING] - Timeout '0' is invalid. Using default page load timeout: '20'

2022-02-14 11:54:27 - [MESSAGE][PASSED] - Tapped on element 'Object Repository/zakat/zakatTypeDropdownSelectBox'

2022-02-14 11:54:27 - [TEST_STEP][PASSED] - tap(findTestObject("zakat/zakatTypeZakatEmasDropdownSelect"), 0): Tapped on element 'Object Repository/zakat/zakatTypeZakatEmasDropdownSelect'

2022-02-14 11:54:27 - [MESSAGE][WARNING] - Timeout '0' is invalid. Using default page load timeout: '20'

2022-02-14 11:54:28 - [MESSAGE][PASSED] - Tapped on element 'Object Repository/zakat/zakatTypeZakatEmasDropdownSelect'

2022-02-14 11:54:28 - [TEST_STEP][PASSED] - tap(findTestObject("Main/mainCalenderPickerDoneBtn"), 0): Tapped on element 'Object Repository/Main/mainCalenderPickerDoneBtn'

2022-02-14 11:54:28 - [MESSAGE][WARNING] - Timeout '0' is invalid. Using default page load timeout: '20'

2022-02-14 11:54:29 - [MESSAGE][PASSED] - Tapped on element 'Object Repository/Main/mainCalenderPickerDoneBtn'

2022-02-14 11:54:29 - [TEST_STEP][PASSED] - tap(findTestObject("Login Onboarding/loginExistingContinueBtn"), 0): Tapped on element 'Object Repository/Login Onboarding/loginExistingContinueBtn'

2022-02-14 11:54:29 - [MESSAGE][WARNING] - Timeout '0' is invalid. Using default page load timeout: '20'

2022-02-14 11:54:30 - [MESSAGE][PASSED] - Tapped on element 'Object Repository/Login Onboarding/loginExistingContinueBtn'

2022-02-14 11:54:30 - [TEST_STEP][PASSED] - tap(findTestObject("Login Onboarding/PIN1"), 0): Tapped on element 'Object Repository/Login Onboarding/PIN1'

2022-02-14 11:54:30 - [MESSAGE][WARNING] - Timeout '0' is invalid. Using default page load timeout: '20'

2022-02-14 11:54:32 - [MESSAGE][PASSED] - Tapped on element 'Object Repository/Login Onboarding/PIN1'

2022-02-14 11:54:32 - [TEST_STEP][PASSED] - tap(findTestObject("Login Onboarding/PIN0"), 0): Tapped on element 'Object Repository/Login Onboarding/PIN0'

2022-02-14 11:54:32 - [MESSAGE][WARNING] - Timeout '0' is invalid. Using default page load timeout: '20'

2022-02-14 11:54:32 - [MESSAGE][PASSED] - Tapped on element 'Object Repository/Login Onboarding/PIN0'

2022-02-14 11:54:32 - [TEST_STEP][PASSED] - tap(findTestObject("JomPay/jomPayAmountTickBtn"), 0): Tapped on element 'Object Repository/JomPay/jomPayAmountTickBtn'

2022-02-14 11:54:32 - [MESSAGE][WARNING] - Timeout '0' is invalid. Using default page load timeout: '20'

2022-02-14 11:54:33 - [MESSAGE][PASSED] - Tapped on element 'Object Repository/JomPay/jomPayAmountTickBtn'

2022-02-14 11:54:33 - [TEST_STEP][PASSED] - verifyElementVisible(findTestObject("Main/mainPayNowBtn"), 0): Element 'Object Repository/Main/mainPayNowBtn' is visible

2022-02-14 11:54:33 - [MESSAGE][WARNING] - Timeout '0' is invalid. Using default page load timeout: '20'

2022-02-14 11:54:35 - [MESSAGE][PASSED] - Element 'Object Repository/Main/mainPayNowBtn' is visible

2022-02-14 11:54:35 - [TEST_STEP][PASSED] - tap(findTestObject("Main/mainPayNowBtn"), 0): Tapped on element 'Object Repository/Main/mainPayNowBtn'

2022-02-14 11:54:35 - [MESSAGE][WARNING] - Timeout '0' is invalid. Using default page load timeout: '20'

2022-02-14 11:54:37 - [MESSAGE][PASSED] - Tapped on element 'Object Repository/Main/mainPayNowBtn'

2022-02-14 11:54:37 - [TEST_STEP][PASSED] - delay(5): Delayed 5 second(s)

2022-02-14 11:54:42 - [MESSAGE][PASSED] - Delayed 5 second(s)

2022-02-14 11:54:42 - [TEST_STEP][PASSED] - verifyElementVisible(findTestObject("Main/mainDoneBtn"), 0): Element 'Object Repository/Main/mainDoneBtn' is visible

2022-02-14 11:54:42 - [MESSAGE][WARNING] - Timeout '0' is invalid. Using default page load timeout: '20'

2022-02-14 11:54:42 - [MESSAGE][PASSED] - Element 'Object Repository/Main/mainDoneBtn' is visible

2022-02-14 11:54:42 - [TEST_STEP][PASSED] - tap(findTestObject("Main/mainDoneBtn"), 0): Tapped on element 'Object Repository/Main/mainDoneBtn'

2022-02-14 11:54:42 - [MESSAGE][WARNING] - Timeout '0' is invalid. Using default page load timeout: '20'

2022-02-14 11:54:43 - [MESSAGE][PASSED] - Tapped on element 'Object Repository/Main/mainDoneBtn'

2022-02-14 11:54:43 - [TEST_STEP][PASSED] - delay(5): Delayed 5 second(s)

2022-02-14 11:54:48 - [MESSAGE][PASSED] - Delayed 5 second(s)]]></system-out>
         <system-err><![CDATA[]]></system-err>
      </testcase>
      <system-out><![CDATA[2022-02-14 11:36:35 - [TEST_SUITE][PASSED] - Regress 1: Test Cases/Zakat/zakat_zakatPaymentFavoriteTransaction]]></system-out>
      <system-err><![CDATA[]]></system-err>
   </testsuite>
</testsuites>
