<?xml version="1.0" encoding="UTF-8"?>
<testsuites name="Regress 3" time="2164.475" tests="6" failures="4" errors="0">
   <testsuite name="Regress 3" tests="6" failures="4" errors="0" time="2164.475" skipped="0" timestamp="2022-06-27 12:23:26" hostname="a00139272 - localhost" id="Test Suites/Regress 3">
      <properties>
         <property name="deviceName" value="Xiaomi 21061119AG (Android 11)"/>
         <property name="devicePlatform" value=""/>
         <property name="logFolder" value="/Users/a00139272/git/MAE-BAU-MY/Reports/20220627_122318/Regress 3/20220627_122318"/>
         <property name="logFiles" value="/Users/a00139272/git/MAE-BAU-MY/Reports/20220627_122318/Regress 3/20220627_122318/execution0.log, /Users/a00139272/git/MAE-BAU-MY/Reports/20220627_122318/Regress 3/20220627_122318/appium.log"/>
         <property name="attachments" value="/Users/a00139272/Desktop/Screenshot/instantSchedule.png, /Users/a00139272/Desktop/Screenshot/instantSetFav.png"/>
         <property name="hostName" value="a00139272 - localhost"/>
         <property name="os" value="Mac OS X 64bit"/>
         <property name="appiumServerStatus" value="{&quot;value&quot;:{&quot;build&quot;:{&quot;version&quot;:&quot;1.22.1&quot;}},&quot;sessionId&quot;:null,&quot;status&quot;:0}"/>
         <property name="katalonVersion" value="8.3.5.208"/>
         <property name="deviceOS" value="Android"/>
         <property name="appiumVersion" value="1.22.1"/>
         <property name="deviceModel" value="21061119AG"/>
         <property name="hostAddress" value="127.0.0.1"/>
         <property name="deviceManufacturer" value="Xiaomi"/>
         <property name="deviceId" value="002b9cc60508"/>
         <property name="deviceName" value="Xiaomi 21061119AG (Android 11)"/>
         <property name="deviceOSVersion" value="11"/>
      </properties>
      <testcase name="Test Cases/Transfer/transfer_instantTransferIBFT" time="604.45" classname="Test Cases/Transfer/transfer_instantTransferIBFT" status="FAILED">
         <failure type="FAILED" message="Test Cases/Transfer/transfer_instantTransferIBFT FAILED.
Reason:
com.kms.katalon.core.exception.StepFailedException: Object Object Repository/others/maeTopupAmountTickBtn not found
	at com.kms.katalon.core.keyword.internal.KeywordMain.stepFailed(KeywordMain.groovy:39)
	at com.kms.katalon.core.mobile.keyword.internal.MobileKeywordMain.stepFailed(MobileKeywordMain.groovy:40)
	at com.kms.katalon.core.mobile.keyword.builtin.TapKeyword$_tap_closure1.doCall(TapKeyword.groovy:79)
	at com.kms.katalon.core.mobile.keyword.builtin.TapKeyword$_tap_closure1.call(TapKeyword.groovy)
	at com.kms.katalon.core.mobile.keyword.internal.MobileKeywordMain.runKeyword(MobileKeywordMain.groovy:21)
	at com.kms.katalon.core.mobile.keyword.builtin.TapKeyword.tap(TapKeyword.groovy:84)
	at com.kms.katalon.core.mobile.keyword.builtin.TapKeyword.execute(TapKeyword.groovy:68)
	at com.kms.katalon.core.keyword.internal.KeywordExecutor.executeKeywordForPlatform(KeywordExecutor.groovy:74)
	at com.kms.katalon.core.mobile.keyword.MobileBuiltInKeywords.tap(MobileBuiltInKeywords.groovy:1490)
	at com.kms.katalon.core.mobile.keyword.MobileBuiltInKeywords$tap$4.call(Unknown Source)
	at transfer_instantTransferIBFT.run(transfer_instantTransferIBFT:345)
	at com.kms.katalon.core.main.ScriptEngine.run(ScriptEngine.java:194)
	at com.kms.katalon.core.main.ScriptEngine.runScriptAsRawText(ScriptEngine.java:119)
	at com.kms.katalon.core.main.TestCaseExecutor.runScript(TestCaseExecutor.java:445)
	at com.kms.katalon.core.main.TestCaseExecutor.doExecute(TestCaseExecutor.java:436)
	at com.kms.katalon.core.main.TestCaseExecutor.processExecutionPhase(TestCaseExecutor.java:415)
	at com.kms.katalon.core.main.TestCaseExecutor.accessMainPhase(TestCaseExecutor.java:407)
	at com.kms.katalon.core.main.TestCaseExecutor.execute(TestCaseExecutor.java:284)
	at com.kms.katalon.core.common.CommonExecutor.accessTestCaseMainPhase(CommonExecutor.java:65)
	at com.kms.katalon.core.main.TestSuiteExecutor.accessTestSuiteMainPhase(TestSuiteExecutor.java:144)
	at com.kms.katalon.core.main.TestSuiteExecutor.execute(TestSuiteExecutor.java:106)
	at com.kms.katalon.core.main.TestCaseMain.startTestSuite(TestCaseMain.java:185)
	at com.kms.katalon.core.main.TestCaseMain$startTestSuite$0.call(Unknown Source)
	at TempTestSuite1656303798210.run(TempTestSuite1656303798210.groovy:36)
"/>
         <system-out><![CDATA[2022-06-27 12:23:26 - [TEST_CASE][FAILED] - Test Cases/Transfer/transfer_instantTransferIBFT: Test Cases/Transfer/transfer_instantTransferIBFT FAILED.
Reason:
com.kms.katalon.core.exception.StepFailedException: Object Object Repository/others/maeTopupAmountTickBtn not found
	at com.kms.katalon.core.keyword.internal.KeywordMain.stepFailed(KeywordMain.groovy:39)
	at com.kms.katalon.core.mobile.keyword.internal.MobileKeywordMain.stepFailed(MobileKeywordMain.groovy:40)
	at com.kms.katalon.core.mobile.keyword.builtin.TapKeyword$_tap_closure1.doCall(TapKeyword.groovy:79)
	at com.kms.katalon.core.mobile.keyword.builtin.TapKeyword$_tap_closure1.call(TapKeyword.groovy)
	at com.kms.katalon.core.mobile.keyword.internal.MobileKeywordMain.runKeyword(MobileKeywordMain.groovy:21)
	at com.kms.katalon.core.mobile.keyword.builtin.TapKeyword.tap(TapKeyword.groovy:84)
	at com.kms.katalon.core.mobile.keyword.builtin.TapKeyword.execute(TapKeyword.groovy:68)
	at com.kms.katalon.core.keyword.internal.KeywordExecutor.executeKeywordForPlatform(KeywordExecutor.groovy:74)
	at com.kms.katalon.core.mobile.keyword.MobileBuiltInKeywords.tap(MobileBuiltInKeywords.groovy:1490)
	at com.kms.katalon.core.mobile.keyword.MobileBuiltInKeywords$tap$4.call(Unknown Source)
	at transfer_instantTransferIBFT.run(transfer_instantTransferIBFT:345)
	at com.kms.katalon.core.main.ScriptEngine.run(ScriptEngine.java:194)
	at com.kms.katalon.core.main.ScriptEngine.runScriptAsRawText(ScriptEngine.java:119)
	at com.kms.katalon.core.main.TestCaseExecutor.runScript(TestCaseExecutor.java:445)
	at com.kms.katalon.core.main.TestCaseExecutor.doExecute(TestCaseExecutor.java:436)
	at com.kms.katalon.core.main.TestCaseExecutor.processExecutionPhase(TestCaseExecutor.java:415)
	at com.kms.katalon.core.main.TestCaseExecutor.accessMainPhase(TestCaseExecutor.java:407)
	at com.kms.katalon.core.main.TestCaseExecutor.execute(TestCaseExecutor.java:284)
	at com.kms.katalon.core.common.CommonExecutor.accessTestCaseMainPhase(CommonExecutor.java:65)
	at com.kms.katalon.core.main.TestSuiteExecutor.accessTestSuiteMainPhase(TestSuiteExecutor.java:144)
	at com.kms.katalon.core.main.TestSuiteExecutor.execute(TestSuiteExecutor.java:106)
	at com.kms.katalon.core.main.TestCaseMain.startTestSuite(TestCaseMain.java:185)
	at com.kms.katalon.core.main.TestCaseMain$startTestSuite$0.call(Unknown Source)
	at TempTestSuite1656303798210.run(TempTestSuite1656303798210.groovy:36)


2022-06-27 12:23:27 - [TEST_STEP][PASSED] - setMobileDriverPreferencesProperty("appPackage", "com.maybank2u.life.sit"): null

2022-06-27 12:23:27 - [TEST_STEP][PASSED] - setMobileDriverPreferencesProperty("appActivity", "com.maybank2u.life.MainActivity"): null

2022-06-27 12:23:27 - [TEST_STEP][PASSED] - startApplication(appPath, false): Started app at: '/Users/a00139272/Katalon Studio/MAE/androidapp/app-dev-universal-release (1).apk'

2022-06-27 12:23:27 - [MESSAGE][INFO] - User set preference: ['appWaitActivity', '*']

2022-06-27 12:23:27 - [MESSAGE][INFO] - User set preference: ['deviceId', '002b9cc60508']

2022-06-27 12:23:27 - [MESSAGE][INFO] - User set preference: ['appPackage', 'com.maybank2u.life.sit']

2022-06-27 12:23:27 - [MESSAGE][INFO] - User set preference: ['appActivity', 'com.maybank2u.life.MainActivity']

2022-06-27 12:23:27 - [MESSAGE][INFO] - Detected NodeJS location: "/usr/local/Cellar/node/17.0.1/bin/node"

2022-06-27 12:23:29 - [MESSAGE][INFO] - Appium server started on port 57,789

2022-06-27 12:23:43 - [MESSAGE][PASSED] - Started app at: '/Users/a00139272/Katalon Studio/MAE/androidapp/app-dev-universal-release (1).apk'

2022-06-27 12:23:43 - [TEST_STEP][PASSED] - start = "Starts": null

2022-06-27 12:23:43 - [TEST_STEP][PASSED] - println(start): null

2022-06-27 12:23:43 - [TEST_STEP][PASSED] - delay(5): Delayed 5 second(s)

2022-06-27 12:23:48 - [MESSAGE][PASSED] - Delayed 5 second(s)

2022-06-27 12:23:48 - [TEST_STEP][PASSED] - device_Height = getDeviceHeight(): Current device physical height is 2167

2022-06-27 12:23:48 - [MESSAGE][PASSED] - Current device physical height is 2167

2022-06-27 12:23:48 - [TEST_STEP][PASSED] - device_Width = getDeviceWidth(): Current device physical width is 1080

2022-06-27 12:23:48 - [MESSAGE][PASSED] - Current device physical width is 1080

2022-06-27 12:23:48 - [TEST_STEP][PASSED] - startX = device_Width / 3: null

2022-06-27 12:23:48 - [TEST_STEP][PASSED] - startY = device_Height * 0.97: null

2022-06-27 12:23:48 - [TEST_STEP][PASSED] - tapAtPosition(startX, startY): Tapped at [360, 2,101]

2022-06-27 12:23:48 - [MESSAGE][PASSED] - Tapped at [360, 2,101]

2022-06-27 12:23:48 - [TEST_STEP][PASSED] - if (verifyElementVisible(findTestObject("Main/mainEnterPINMessage"), 0, OPTIONAL)): null

2022-06-27 12:23:48 - [MESSAGE][WARNING] - Timeout '0' is invalid. Using default page load timeout: '40'

2022-06-27 12:23:50 - [MESSAGE][PASSED] - Element 'Object Repository/Main/mainEnterPINMessage' is visible

2022-06-27 12:23:50 - [TEST_STEP][PASSED] - tap(findTestObject("Login Onboarding/PIN1"), 0): Tapped on element 'Object Repository/Login Onboarding/PIN1'

2022-06-27 12:23:50 - [MESSAGE][WARNING] - Timeout '0' is invalid. Using default page load timeout: '40'

2022-06-27 12:23:50 - [MESSAGE][PASSED] - Tapped on element 'Object Repository/Login Onboarding/PIN1'

2022-06-27 12:23:50 - [TEST_STEP][PASSED] - tap(findTestObject("Login Onboarding/PIN1"), 0): Tapped on element 'Object Repository/Login Onboarding/PIN1'

2022-06-27 12:23:50 - [MESSAGE][WARNING] - Timeout '0' is invalid. Using default page load timeout: '40'

2022-06-27 12:23:52 - [MESSAGE][PASSED] - Tapped on element 'Object Repository/Login Onboarding/PIN1'

2022-06-27 12:23:52 - [TEST_STEP][PASSED] - tap(findTestObject("Login Onboarding/PIN1"), 0): Tapped on element 'Object Repository/Login Onboarding/PIN1'

2022-06-27 12:23:52 - [MESSAGE][WARNING] - Timeout '0' is invalid. Using default page load timeout: '40'

2022-06-27 12:23:54 - [MESSAGE][PASSED] - Tapped on element 'Object Repository/Login Onboarding/PIN1'

2022-06-27 12:23:54 - [TEST_STEP][PASSED] - tap(findTestObject("Login Onboarding/PIN1"), 0): Tapped on element 'Object Repository/Login Onboarding/PIN1'

2022-06-27 12:23:54 - [MESSAGE][WARNING] - Timeout '0' is invalid. Using default page load timeout: '40'

2022-06-27 12:23:56 - [MESSAGE][PASSED] - Tapped on element 'Object Repository/Login Onboarding/PIN1'

2022-06-27 12:23:56 - [TEST_STEP][PASSED] - tap(findTestObject("Login Onboarding/PIN1"), 0): Tapped on element 'Object Repository/Login Onboarding/PIN1'

2022-06-27 12:23:56 - [MESSAGE][WARNING] - Timeout '0' is invalid. Using default page load timeout: '40'

2022-06-27 12:23:58 - [MESSAGE][PASSED] - Tapped on element 'Object Repository/Login Onboarding/PIN1'

2022-06-27 12:23:58 - [TEST_STEP][PASSED] - tap(findTestObject("Login Onboarding/PIN2"), 0): Tapped on element 'Object Repository/Login Onboarding/PIN2'

2022-06-27 12:23:58 - [MESSAGE][WARNING] - Timeout '0' is invalid. Using default page load timeout: '40'

2022-06-27 12:24:00 - [MESSAGE][PASSED] - Tapped on element 'Object Repository/Login Onboarding/PIN2'

2022-06-27 12:24:00 - [TEST_STEP][PASSED] - delay(2): Delayed 2 second(s)

2022-06-27 12:24:02 - [MESSAGE][PASSED] - Delayed 2 second(s)

2022-06-27 12:24:02 - [TEST_STEP][PASSED] - verifyElementVisible(findTestObject("Banking/m2uAccountTypeSelection", ["text":accType]), 0): Element 'Object Repository/Banking/m2uAccountTypeSelection' is visible

2022-06-27 12:24:02 - [MESSAGE][WARNING] - Timeout '0' is invalid. Using default page load timeout: '40'

2022-06-27 12:24:16 - [MESSAGE][PASSED] - Element 'Object Repository/Banking/m2uAccountTypeSelection' is visible

2022-06-27 12:24:16 - [TEST_STEP][PASSED] - tap(findTestObject("Banking/m2uAccountTypeSelection", ["text":accType]), 0): Tapped on element 'Object Repository/Banking/m2uAccountTypeSelection'

2022-06-27 12:24:16 - [MESSAGE][WARNING] - Timeout '0' is invalid. Using default page load timeout: '40'

2022-06-27 12:24:16 - [MESSAGE][PASSED] - Tapped on element 'Object Repository/Banking/m2uAccountTypeSelection'

2022-06-27 12:24:16 - [TEST_STEP][PASSED] - delay(5): Delayed 5 second(s)

2022-06-27 12:24:21 - [MESSAGE][PASSED] - Delayed 5 second(s)

2022-06-27 12:24:21 - [TEST_STEP][PASSED] - verifyElementVisible(findTestObject("Banking/m2uAccountTransferIconSelect"), 0): Element 'Object Repository/Banking/m2uAccountTransferIconSelect' is visible

2022-06-27 12:24:21 - [MESSAGE][WARNING] - Timeout '0' is invalid. Using default page load timeout: '40'

2022-06-27 12:24:22 - [MESSAGE][PASSED] - Element 'Object Repository/Banking/m2uAccountTransferIconSelect' is visible

2022-06-27 12:24:22 - [TEST_STEP][PASSED] - tap(findTestObject("Banking/m2uAccountTransferIconSelect"), 0): Tapped on element 'Object Repository/Banking/m2uAccountTransferIconSelect'

2022-06-27 12:24:22 - [MESSAGE][WARNING] - Timeout '0' is invalid. Using default page load timeout: '40'

2022-06-27 12:24:22 - [MESSAGE][PASSED] - Tapped on element 'Object Repository/Banking/m2uAccountTransferIconSelect'

2022-06-27 12:24:22 - [TEST_STEP][PASSED] - delay(5): Delayed 5 second(s)

2022-06-27 12:24:27 - [MESSAGE][PASSED] - Delayed 5 second(s)

2022-06-27 12:24:27 - [TEST_STEP][PASSED] - if (verifyElementVisible(findTestObject("Tabung/tabungEnterPasswordTxt"), 0, OPTIONAL)): null

2022-06-27 12:24:27 - [MESSAGE][WARNING] - Timeout '0' is invalid. Using default page load timeout: '40'

2022-06-27 12:25:18 - [MESSAGE][PASSED] - Element 'Object Repository/Tabung/tabungEnterPasswordTxt' is visible

2022-06-27 12:25:18 - [TEST_STEP][PASSED] - setText(findTestObject("Tabung/tabungSignInInputPasswordField"), Password, 0): Text 'pass1234' has been set to element 'Object Repository/Tabung/tabungSignInInputPasswordField'

2022-06-27 12:25:18 - [MESSAGE][WARNING] - Timeout '0' is invalid. Using default page load timeout: '40'

2022-06-27 12:27:09 - [MESSAGE][PASSED] - Text 'pass1234' has been set to element 'Object Repository/Tabung/tabungSignInInputPasswordField'

2022-06-27 12:27:09 - [TEST_STEP][PASSED] - hideKeyboard(): Keyboard is hidden

2022-06-27 12:27:13 - [MESSAGE][PASSED] - Keyboard is hidden

2022-06-27 12:27:13 - [TEST_STEP][PASSED] - tap(findTestObject("Tabung/tabungSignInContinueBtn"), 0): Tapped on element 'Object Repository/Tabung/tabungSignInContinueBtn'

2022-06-27 12:27:13 - [MESSAGE][WARNING] - Timeout '0' is invalid. Using default page load timeout: '40'

2022-06-27 12:28:14 - [MESSAGE][PASSED] - Tapped on element 'Object Repository/Tabung/tabungSignInContinueBtn'

2022-06-27 12:28:14 - [TEST_STEP][PASSED] - println("InterBank Test Case Started"): null

2022-06-27 12:28:14 - [TEST_STEP][PASSED] - verifyElementExist(findTestObject("Banking/transferOthersTopMenuSelect"), 0): Element 'Object Repository/Banking/transferOthersTopMenuSelect' is exist

2022-06-27 12:28:14 - [MESSAGE][WARNING] - Timeout '0' is invalid. Using default page load timeout: '40'

2022-06-27 12:28:45 - [MESSAGE][PASSED] - Element 'Object Repository/Banking/transferOthersTopMenuSelect' is exist

2022-06-27 12:28:45 - [TEST_STEP][PASSED] - tap(findTestObject("Banking/transferOthersTopMenuSelect"), 0): Tapped on element 'Object Repository/Banking/transferOthersTopMenuSelect'

2022-06-27 12:28:45 - [MESSAGE][WARNING] - Timeout '0' is invalid. Using default page load timeout: '40'

2022-06-27 12:29:46 - [MESSAGE][PASSED] - Tapped on element 'Object Repository/Banking/transferOthersTopMenuSelect'

2022-06-27 12:29:46 - [TEST_STEP][PASSED] - tap(findTestObject("Banking/transferBanksIconSelect"), 0): Tapped on element 'Object Repository/Banking/transferBanksIconSelect'

2022-06-27 12:29:46 - [MESSAGE][WARNING] - Timeout '0' is invalid. Using default page load timeout: '40'

2022-06-27 12:30:39 - [MESSAGE][PASSED] - Tapped on element 'Object Repository/Banking/transferBanksIconSelect'

2022-06-27 12:30:39 - [TEST_STEP][PASSED] - scrollToText(accBank, STOP_ON_FAILURE): Scrolling to text 'PUBLIC BANK' successfully

2022-06-27 12:30:51 - [MESSAGE][PASSED] - Scrolling to text 'PUBLIC BANK' successfully

2022-06-27 12:30:51 - [TEST_STEP][PASSED] - tap(findTestObject("Banking/transferBankSelection", ["text":accBank]), 10): Tapped on element 'Object Repository/Banking/transferBankSelection'

2022-06-27 12:30:51 - [MESSAGE][PASSED] - Tapped on element 'Object Repository/Banking/transferBankSelection'

2022-06-27 12:30:51 - [TEST_STEP][PASSED] - setText(findTestObject("Banking/transferAccountNoInputField"), accountNum, 0): Text '3099117112' has been set to element 'Object Repository/Banking/transferAccountNoInputField'

2022-06-27 12:30:51 - [MESSAGE][WARNING] - Timeout '0' is invalid. Using default page load timeout: '40'

2022-06-27 12:30:54 - [MESSAGE][PASSED] - Text '3099117112' has been set to element 'Object Repository/Banking/transferAccountNoInputField'

2022-06-27 12:30:54 - [TEST_STEP][PASSED] - hideKeyboard(): Keyboard is hidden

2022-06-27 12:30:58 - [MESSAGE][PASSED] - Keyboard is hidden

2022-06-27 12:30:58 - [TEST_STEP][PASSED] - tap(findTestObject("Login Onboarding/loginExistingContinueBtn"), 0): Tapped on element 'Object Repository/Login Onboarding/loginExistingContinueBtn'

2022-06-27 12:30:58 - [MESSAGE][WARNING] - Timeout '0' is invalid. Using default page load timeout: '40'

2022-06-27 12:30:58 - [MESSAGE][PASSED] - Tapped on element 'Object Repository/Login Onboarding/loginExistingContinueBtn'

2022-06-27 12:30:58 - [TEST_STEP][PASSED] - verifyElementText(findTestObject("Transfer/transferAmounttAccNoTxt", ["accNo":accNo]), accNo): Actual text and expected text of test object 'Object Repository/Transfer/transferAmounttAccNoTxt' are matched.

2022-06-27 12:31:00 - [MESSAGE][PASSED] - Actual text and expected text of test object 'Object Repository/Transfer/transferAmounttAccNoTxt' are matched.

2022-06-27 12:31:00 - [TEST_STEP][PASSED] - verifyElementText(findTestObject("Transfer/transferAmounttAccBankTxt", ["accBank":accBank]), accBank): Actual text and expected text of test object 'Object Repository/Transfer/transferAmounttAccBankTxt' are matched.

2022-06-27 12:31:00 - [MESSAGE][PASSED] - Actual text and expected text of test object 'Object Repository/Transfer/transferAmounttAccBankTxt' are matched.

2022-06-27 12:31:00 - [TEST_STEP][PASSED] - verifyElementExist(findTestObject("Transfer/transferAmountRMTxt"), 0): Element 'Object Repository/Transfer/transferAmountRMTxt' is exist

2022-06-27 12:31:00 - [MESSAGE][WARNING] - Timeout '0' is invalid. Using default page load timeout: '40'

2022-06-27 12:31:01 - [MESSAGE][PASSED] - Element 'Object Repository/Transfer/transferAmountRMTxt' is exist

2022-06-27 12:31:01 - [TEST_STEP][PASSED] - verifyElementExist(findTestObject("Duit Now/duitNowAmountInitialValueTxt"), 0): Element 'Object Repository/Duit Now/duitNowAmountInitialValueTxt' is exist

2022-06-27 12:31:01 - [MESSAGE][WARNING] - Timeout '0' is invalid. Using default page load timeout: '40'

2022-06-27 12:31:01 - [MESSAGE][PASSED] - Element 'Object Repository/Duit Now/duitNowAmountInitialValueTxt' is exist

2022-06-27 12:31:01 - [TEST_STEP][PASSED] - verifyElementExist(findTestObject("Transfer/transferAmountEnterAmountTitleTxt"), 0): Element 'Object Repository/Transfer/transferAmountEnterAmountTitleTxt' is exist

2022-06-27 12:31:01 - [MESSAGE][WARNING] - Timeout '0' is invalid. Using default page load timeout: '40'

2022-06-27 12:31:02 - [MESSAGE][PASSED] - Element 'Object Repository/Transfer/transferAmountEnterAmountTitleTxt' is exist

2022-06-27 12:31:02 - [TEST_STEP][PASSED] - trxAmount = value: null

2022-06-27 12:31:02 - [TEST_STEP][PASSED] - length = trxAmount.length(): null

2022-06-27 12:31:02 - [TEST_STEP][PASSED] - delay(3): Delayed 3 second(s)

2022-06-27 12:31:05 - [MESSAGE][PASSED] - Delayed 3 second(s)

2022-06-27 12:31:05 - [TEST_STEP][PASSED] - tapAtPosition(startX, startY): Tapped at [360, 2,101]

2022-06-27 12:31:05 - [MESSAGE][PASSED] - Tapped at [360, 2,101]

2022-06-27 12:31:05 - [TEST_STEP][PASSED] - for ([i = 0, i < length, (i++)]): null

2022-06-27 12:31:05 - [TEST_STEP][PASSED] - if (trxAmount[i] == "0"): null

2022-06-27 12:31:05 - [TEST_STEP][PASSED] - if (trxAmount[i] == "1"): null

2022-06-27 12:31:05 - [TEST_STEP][PASSED] - if (trxAmount[i] == "2"): null

2022-06-27 12:31:05 - [TEST_STEP][PASSED] - if (trxAmount[i] == "3"): Tapped on element 'Object Repository/Login Onboarding/PIN3'

2022-06-27 12:31:05 - [TEST_STEP][PASSED] - tap(findTestObject("Login Onboarding/PIN3"), 0): Tapped on element 'Object Repository/Login Onboarding/PIN3'

2022-06-27 12:31:05 - [MESSAGE][WARNING] - Timeout '0' is invalid. Using default page load timeout: '40'

2022-06-27 12:31:06 - [MESSAGE][PASSED] - Tapped on element 'Object Repository/Login Onboarding/PIN3'

2022-06-27 12:31:06 - [TEST_STEP][PASSED] - if (trxAmount[i] == "4"): null

2022-06-27 12:31:06 - [TEST_STEP][PASSED] - if (trxAmount[i] == "5"): null

2022-06-27 12:31:06 - [TEST_STEP][PASSED] - if (trxAmount[i] == "6"): null

2022-06-27 12:31:06 - [TEST_STEP][PASSED] - if (trxAmount[i] == "7"): null

2022-06-27 12:31:06 - [TEST_STEP][PASSED] - if (trxAmount[i] == "8"): null

2022-06-27 12:31:06 - [TEST_STEP][PASSED] - if (trxAmount[i] == "9"): null

2022-06-27 12:31:06 - [TEST_STEP][PASSED] - if (trxAmount[i] == "0"): Tapped on element 'Object Repository/Login Onboarding/PIN0'

2022-06-27 12:31:06 - [TEST_STEP][PASSED] - tap(findTestObject("Login Onboarding/PIN0"), 0): Tapped on element 'Object Repository/Login Onboarding/PIN0'

2022-06-27 12:31:06 - [MESSAGE][WARNING] - Timeout '0' is invalid. Using default page load timeout: '40'

2022-06-27 12:31:07 - [MESSAGE][PASSED] - Tapped on element 'Object Repository/Login Onboarding/PIN0'

2022-06-27 12:31:07 - [TEST_STEP][PASSED] - if (trxAmount[i] == "1"): null

2022-06-27 12:31:07 - [TEST_STEP][PASSED] - if (trxAmount[i] == "2"): null

2022-06-27 12:31:07 - [TEST_STEP][PASSED] - if (trxAmount[i] == "3"): null

2022-06-27 12:31:07 - [TEST_STEP][PASSED] - if (trxAmount[i] == "4"): null

2022-06-27 12:31:07 - [TEST_STEP][PASSED] - if (trxAmount[i] == "5"): null

2022-06-27 12:31:07 - [TEST_STEP][PASSED] - if (trxAmount[i] == "6"): null

2022-06-27 12:31:07 - [TEST_STEP][PASSED] - if (trxAmount[i] == "7"): null

2022-06-27 12:31:07 - [TEST_STEP][PASSED] - if (trxAmount[i] == "8"): null

2022-06-27 12:31:07 - [TEST_STEP][PASSED] - if (trxAmount[i] == "9"): null

2022-06-27 12:31:07 - [TEST_STEP][PASSED] - if (trxAmount[i] == "0"): Tapped on element 'Object Repository/Login Onboarding/PIN0'

2022-06-27 12:31:07 - [TEST_STEP][PASSED] - tap(findTestObject("Login Onboarding/PIN0"), 0): Tapped on element 'Object Repository/Login Onboarding/PIN0'

2022-06-27 12:31:07 - [MESSAGE][WARNING] - Timeout '0' is invalid. Using default page load timeout: '40'

2022-06-27 12:31:07 - [MESSAGE][PASSED] - Tapped on element 'Object Repository/Login Onboarding/PIN0'

2022-06-27 12:31:07 - [TEST_STEP][PASSED] - if (trxAmount[i] == "1"): null

2022-06-27 12:31:07 - [TEST_STEP][PASSED] - if (trxAmount[i] == "2"): null

2022-06-27 12:31:07 - [TEST_STEP][PASSED] - if (trxAmount[i] == "3"): null

2022-06-27 12:31:07 - [TEST_STEP][PASSED] - if (trxAmount[i] == "4"): null

2022-06-27 12:31:07 - [TEST_STEP][PASSED] - if (trxAmount[i] == "5"): null

2022-06-27 12:31:07 - [TEST_STEP][PASSED] - if (trxAmount[i] == "6"): null

2022-06-27 12:31:07 - [TEST_STEP][PASSED] - if (trxAmount[i] == "7"): null

2022-06-27 12:31:07 - [TEST_STEP][PASSED] - if (trxAmount[i] == "8"): null

2022-06-27 12:31:07 - [TEST_STEP][PASSED] - if (trxAmount[i] == "9"): null

2022-06-27 12:31:07 - [TEST_STEP][PASSED] - delay(3): Delayed 3 second(s)

2022-06-27 12:31:10 - [MESSAGE][PASSED] - Delayed 3 second(s)

2022-06-27 12:31:10 - [TEST_STEP][PASSED] - verifyElementText(findTestObject("Transfer/transferAmountInputValueTxt", ["value":checkValue]), checkValue): Actual text and expected text of test object 'Object Repository/Transfer/transferAmountInputValueTxt' are matched.

2022-06-27 12:31:11 - [MESSAGE][PASSED] - Actual text and expected text of test object 'Object Repository/Transfer/transferAmountInputValueTxt' are matched.

2022-06-27 12:31:11 - [TEST_STEP][PASSED] - delay(3): Delayed 3 second(s)

2022-06-27 12:31:14 - [MESSAGE][PASSED] - Delayed 3 second(s)

2022-06-27 12:31:14 - [TEST_STEP][PASSED] - tap(findTestObject("Login Onboarding/loginPinTickBtn"), 0): Tapped on element 'Object Repository/Login Onboarding/loginPinTickBtn'

2022-06-27 12:31:14 - [MESSAGE][WARNING] - Timeout '0' is invalid. Using default page load timeout: '40'

2022-06-27 12:31:14 - [MESSAGE][PASSED] - Tapped on element 'Object Repository/Login Onboarding/loginPinTickBtn'

2022-06-27 12:31:14 - [TEST_STEP][PASSED] - delay(3): Delayed 3 second(s)

2022-06-27 12:31:17 - [MESSAGE][PASSED] - Delayed 3 second(s)

2022-06-27 12:31:17 - [TEST_STEP][PASSED] - verifyElementText(findTestObject("Transfer/transferReferenceAccNoTxt", ["accNo":accNo]), accNo): Actual text and expected text of test object 'Object Repository/Transfer/transferReferenceAccNoTxt' are matched.

2022-06-27 12:31:17 - [MESSAGE][PASSED] - Actual text and expected text of test object 'Object Repository/Transfer/transferReferenceAccNoTxt' are matched.

2022-06-27 12:31:17 - [TEST_STEP][PASSED] - verifyElementText(findTestObject("Transfer/transferReferenceAccBankTxt", ["accBank":accBank]), accBank): Actual text and expected text of test object 'Object Repository/Transfer/transferReferenceAccBankTxt' are matched.

2022-06-27 12:31:18 - [MESSAGE][PASSED] - Actual text and expected text of test object 'Object Repository/Transfer/transferReferenceAccBankTxt' are matched.

2022-06-27 12:31:18 - [TEST_STEP][PASSED] - verifyElementExist(findTestObject("Transfer/transferReferenceInputField"), 0): Element 'Object Repository/Transfer/transferReferenceInputField' is exist

2022-06-27 12:31:18 - [MESSAGE][WARNING] - Timeout '0' is invalid. Using default page load timeout: '40'

2022-06-27 12:31:18 - [MESSAGE][PASSED] - Element 'Object Repository/Transfer/transferReferenceInputField' is exist

2022-06-27 12:31:18 - [TEST_STEP][PASSED] - setText(findTestObject("Banking/transferReferenceInputField"), reference, 0): Text 'IBFTInstantTransfer' has been set to element 'Object Repository/Banking/transferReferenceInputField'

2022-06-27 12:31:18 - [MESSAGE][WARNING] - Timeout '0' is invalid. Using default page load timeout: '40'

2022-06-27 12:31:19 - [MESSAGE][PASSED] - Text 'IBFTInstantTransfer' has been set to element 'Object Repository/Banking/transferReferenceInputField'

2022-06-27 12:31:19 - [TEST_STEP][PASSED] - hideKeyboard(): Keyboard is hidden

2022-06-27 12:31:21 - [MESSAGE][PASSED] - Keyboard is hidden

2022-06-27 12:31:21 - [TEST_STEP][PASSED] - verifyElementText(findTestObject("Transfer/transferReferenceInputFieldAfter", ["reference":reference]), reference): Actual text and expected text of test object 'Object Repository/Transfer/transferReferenceInputFieldAfter' are matched.

2022-06-27 12:31:21 - [MESSAGE][PASSED] - Actual text and expected text of test object 'Object Repository/Transfer/transferReferenceInputFieldAfter' are matched.

2022-06-27 12:31:21 - [TEST_STEP][PASSED] - tap(findTestObject("Login Onboarding/loginExistingContinueBtn"), 0): Tapped on element 'Object Repository/Login Onboarding/loginExistingContinueBtn'

2022-06-27 12:31:21 - [MESSAGE][WARNING] - Timeout '0' is invalid. Using default page load timeout: '40'

2022-06-27 12:31:21 - [MESSAGE][PASSED] - Tapped on element 'Object Repository/Login Onboarding/loginExistingContinueBtn'

2022-06-27 12:31:21 - [TEST_STEP][PASSED] - verifyElementText(findTestObject("Transfer/transferReferenceAccNoTxt", ["accNo":accNo]), accNo): Actual text and expected text of test object 'Object Repository/Transfer/transferReferenceAccNoTxt' are matched.

2022-06-27 12:31:21 - [MESSAGE][PASSED] - Actual text and expected text of test object 'Object Repository/Transfer/transferReferenceAccNoTxt' are matched.

2022-06-27 12:31:21 - [TEST_STEP][PASSED] - verifyElementText(findTestObject("Transfer/transferReferenceAccBankTxt", ["accBank":accBank]), accBank): Actual text and expected text of test object 'Object Repository/Transfer/transferReferenceAccBankTxt' are matched.

2022-06-27 12:31:21 - [MESSAGE][PASSED] - Actual text and expected text of test object 'Object Repository/Transfer/transferReferenceAccBankTxt' are matched.

2022-06-27 12:31:21 - [TEST_STEP][PASSED] - delay(3): Delayed 3 second(s)

2022-06-27 12:31:24 - [MESSAGE][PASSED] - Delayed 3 second(s)

2022-06-27 12:31:24 - [TEST_STEP][PASSED] - tap(findTestObject("Banking/transferTypeDropdownSelection"), 0): Tapped on element 'Object Repository/Banking/transferTypeDropdownSelection'

2022-06-27 12:31:24 - [MESSAGE][WARNING] - Timeout '0' is invalid. Using default page load timeout: '40'

2022-06-27 12:31:25 - [MESSAGE][PASSED] - Tapped on element 'Object Repository/Banking/transferTypeDropdownSelection'

2022-06-27 12:31:25 - [TEST_STEP][PASSED] - scrollToText("Fund Transfer", STOP_ON_FAILURE): Scrolling to text 'Fund Transfer' successfully

2022-06-27 12:31:29 - [MESSAGE][PASSED] - Scrolling to text 'Fund Transfer' successfully

2022-06-27 12:31:29 - [TEST_STEP][PASSED] - tap(findTestObject("Banking/tansferTypeFundDropdownSelection"), 0): Tapped on element 'Object Repository/Banking/tansferTypeFundDropdownSelection'

2022-06-27 12:31:29 - [MESSAGE][WARNING] - Timeout '0' is invalid. Using default page load timeout: '40'

2022-06-27 12:31:29 - [MESSAGE][PASSED] - Tapped on element 'Object Repository/Banking/tansferTypeFundDropdownSelection'

2022-06-27 12:31:29 - [TEST_STEP][PASSED] - tap(findTestObject("Banking/transferModeDropdownDoneBtn"), 0): Tapped on element 'Object Repository/Banking/transferModeDropdownDoneBtn'

2022-06-27 12:31:29 - [MESSAGE][WARNING] - Timeout '0' is invalid. Using default page load timeout: '40'

2022-06-27 12:31:29 - [MESSAGE][PASSED] - Tapped on element 'Object Repository/Banking/transferModeDropdownDoneBtn'

2022-06-27 12:31:29 - [TEST_STEP][PASSED] - delay(3): Delayed 3 second(s)

2022-06-27 12:31:32 - [MESSAGE][PASSED] - Delayed 3 second(s)

2022-06-27 12:31:32 - [TEST_STEP][PASSED] - verifyElementExist(findTestObject("Transfer/instantTransferModeDuitTxt", ["mode":initialMode]), 0): Element 'Object Repository/Transfer/instantTransferModeDuitTxt' is exist

2022-06-27 12:31:32 - [MESSAGE][WARNING] - Timeout '0' is invalid. Using default page load timeout: '40'

2022-06-27 12:31:33 - [MESSAGE][PASSED] - Element 'Object Repository/Transfer/instantTransferModeDuitTxt' is exist

2022-06-27 12:31:33 - [TEST_STEP][PASSED] - verifyElementExist(findTestObject("Transfer/instantTransferModeTitleTxt"), 0): Element 'Object Repository/Transfer/instantTransferModeTitleTxt' is exist

2022-06-27 12:31:33 - [MESSAGE][WARNING] - Timeout '0' is invalid. Using default page load timeout: '40'

2022-06-27 12:31:33 - [MESSAGE][PASSED] - Element 'Object Repository/Transfer/instantTransferModeTitleTxt' is exist

2022-06-27 12:31:33 - [TEST_STEP][PASSED] - verifyElementExist(findTestObject("Transfer/instantTransferTypeFundTxt"), 0): Element 'Object Repository/Transfer/instantTransferTypeFundTxt' is exist

2022-06-27 12:31:33 - [MESSAGE][WARNING] - Timeout '0' is invalid. Using default page load timeout: '40'

2022-06-27 12:31:33 - [MESSAGE][PASSED] - Element 'Object Repository/Transfer/instantTransferTypeFundTxt' is exist

2022-06-27 12:31:33 - [TEST_STEP][PASSED] - verifyElementExist(findTestObject("Transfer/instantTransferTypeTitleTxt"), 0): Element 'Object Repository/Transfer/instantTransferTypeTitleTxt' is exist

2022-06-27 12:31:33 - [MESSAGE][WARNING] - Timeout '0' is invalid. Using default page load timeout: '40'

2022-06-27 12:31:33 - [MESSAGE][PASSED] - Element 'Object Repository/Transfer/instantTransferTypeTitleTxt' is exist

2022-06-27 12:31:33 - [TEST_STEP][PASSED] - tap(findTestObject("Login Onboarding/loginExistingContinueBtn"), 0): Tapped on element 'Object Repository/Login Onboarding/loginExistingContinueBtn'

2022-06-27 12:31:33 - [MESSAGE][WARNING] - Timeout '0' is invalid. Using default page load timeout: '40'

2022-06-27 12:31:34 - [MESSAGE][PASSED] - Tapped on element 'Object Repository/Login Onboarding/loginExistingContinueBtn'

2022-06-27 12:31:34 - [TEST_STEP][PASSED] - verifyElementText(findTestObject("Transfer/transferConfirmationTransactionDateTxt"), trxDate): Actual text and expected text of test object 'Object Repository/Transfer/transferConfirmationTransactionDateTxt' are matched.

2022-06-27 12:31:40 - [MESSAGE][PASSED] - Actual text and expected text of test object 'Object Repository/Transfer/transferConfirmationTransactionDateTxt' are matched.

2022-06-27 12:31:40 - [TEST_STEP][PASSED] - verifyElementText(findTestObject("Transfer/transferConfirmationAccountNameTxt", ["accName":accName]), accName): Actual text and expected text of test object 'Object Repository/Transfer/transferConfirmationAccountNameTxt' are matched.

2022-06-27 12:31:40 - [MESSAGE][PASSED] - Actual text and expected text of test object 'Object Repository/Transfer/transferConfirmationAccountNameTxt' are matched.

2022-06-27 12:31:40 - [TEST_STEP][PASSED] - verifyElementText(findTestObject("Transfer/transferConfirmationAccountNoTxt", ["accNo":accNo]), accNo): Actual text and expected text of test object 'Object Repository/Transfer/transferConfirmationAccountNoTxt' are matched.

2022-06-27 12:31:41 - [MESSAGE][PASSED] - Actual text and expected text of test object 'Object Repository/Transfer/transferConfirmationAccountNoTxt' are matched.

2022-06-27 12:31:41 - [TEST_STEP][PASSED] - verifyElementText(findTestObject("Transfer/transferConfirmationAmountTxt", ["amount":amount]), amount): Actual text and expected text of test object 'Object Repository/Transfer/transferConfirmationAmountTxt' are matched.

2022-06-27 12:31:41 - [MESSAGE][PASSED] - Actual text and expected text of test object 'Object Repository/Transfer/transferConfirmationAmountTxt' are matched.

2022-06-27 12:31:41 - [TEST_STEP][PASSED] - verifyElementText(findTestObject("Transfer/transferConfirmationTransactionRecRefTxt", ["reference":reference]), reference): Actual text and expected text of test object 'Object Repository/Transfer/transferConfirmationTransactionRecRefTxt' are matched.

2022-06-27 12:31:41 - [MESSAGE][PASSED] - Actual text and expected text of test object 'Object Repository/Transfer/transferConfirmationTransactionRecRefTxt' are matched.

2022-06-27 12:31:41 - [TEST_STEP][PASSED] - verifyElementText(findTestObject("Transfer/transferConfirmationTransactionBankTxt", ["accBank":accBank]), accBank): Actual text and expected text of test object 'Object Repository/Transfer/transferConfirmationTransactionBankTxt' are matched.

2022-06-27 12:31:42 - [MESSAGE][PASSED] - Actual text and expected text of test object 'Object Repository/Transfer/transferConfirmationTransactionBankTxt' are matched.

2022-06-27 12:31:42 - [TEST_STEP][PASSED] - verifyElementText(findTestObject("Transfer/transferConfirmationOptionalGreyWordTxt"), "Optional"): Actual text and expected text of test object 'Object Repository/Transfer/transferConfirmationOptionalGreyWordTxt' are matched.

2022-06-27 12:31:42 - [MESSAGE][PASSED] - Actual text and expected text of test object 'Object Repository/Transfer/transferConfirmationOptionalGreyWordTxt' are matched.

2022-06-27 12:31:42 - [TEST_STEP][PASSED] - verifyElementText(findTestObject("Transfer/instantTransferConfirmationTransactionTypeTxt"), trxType): Actual text and expected text of test object 'Object Repository/Transfer/instantTransferConfirmationTransactionTypeTxt' are matched.

2022-06-27 12:31:42 - [MESSAGE][PASSED] - Actual text and expected text of test object 'Object Repository/Transfer/instantTransferConfirmationTransactionTypeTxt' are matched.

2022-06-27 12:31:42 - [TEST_STEP][PASSED] - verifyElementText(findTestObject("Transfer/instantTransferConfirmationTransactionModeTxt", ["modeC":initialMode]), initialMode): Actual text and expected text of test object 'Object Repository/Transfer/instantTransferConfirmationTransactionModeTxt' are matched.

2022-06-27 12:31:43 - [MESSAGE][PASSED] - Actual text and expected text of test object 'Object Repository/Transfer/instantTransferConfirmationTransactionModeTxt' are matched.

2022-06-27 12:31:43 - [TEST_STEP][PASSED] - verifyElementText(findTestObject("Transfer/instantTransferConfirmationTransactionServiceTxt"), "RM 0.00"): Actual text and expected text of test object 'Object Repository/Transfer/instantTransferConfirmationTransactionServiceTxt' are matched.

2022-06-27 12:31:43 - [MESSAGE][PASSED] - Actual text and expected text of test object 'Object Repository/Transfer/instantTransferConfirmationTransactionServiceTxt' are matched.

2022-06-27 12:31:43 - [TEST_STEP][PASSED] - verifyElementExist(findTestObject("Transfer/transferConfirmationBankNameTitleTxt"), 0): Element 'Object Repository/Transfer/transferConfirmationBankNameTitleTxt' is exist

2022-06-27 12:31:43 - [MESSAGE][WARNING] - Timeout '0' is invalid. Using default page load timeout: '40'

2022-06-27 12:31:43 - [MESSAGE][PASSED] - Element 'Object Repository/Transfer/transferConfirmationBankNameTitleTxt' is exist

2022-06-27 12:31:43 - [TEST_STEP][PASSED] - verifyElementExist(findTestObject("Transfer/transferConfirmationDateTitleTxt"), 0): Element 'Object Repository/Transfer/transferConfirmationDateTitleTxt' is exist

2022-06-27 12:31:43 - [MESSAGE][WARNING] - Timeout '0' is invalid. Using default page load timeout: '40'

2022-06-27 12:31:44 - [MESSAGE][PASSED] - Element 'Object Repository/Transfer/transferConfirmationDateTitleTxt' is exist

2022-06-27 12:31:44 - [TEST_STEP][PASSED] - verifyElementExist(findTestObject("Transfer/transferConfirmationRecRefTitleTxt"), 0): Element 'Object Repository/Transfer/transferConfirmationRecRefTitleTxt' is exist

2022-06-27 12:31:44 - [MESSAGE][WARNING] - Timeout '0' is invalid. Using default page load timeout: '40'

2022-06-27 12:31:44 - [MESSAGE][PASSED] - Element 'Object Repository/Transfer/transferConfirmationRecRefTitleTxt' is exist

2022-06-27 12:31:44 - [TEST_STEP][PASSED] - verifyElementExist(findTestObject("Transfer/transferConfirmationPaymentDetailsTitleTxt"), 0): Element 'Object Repository/Transfer/transferConfirmationPaymentDetailsTitleTxt' is exist

2022-06-27 12:31:44 - [MESSAGE][WARNING] - Timeout '0' is invalid. Using default page load timeout: '40'

2022-06-27 12:31:44 - [MESSAGE][PASSED] - Element 'Object Repository/Transfer/transferConfirmationPaymentDetailsTitleTxt' is exist

2022-06-27 12:31:44 - [TEST_STEP][PASSED] - verifyElementExist(findTestObject("Transfer/instantTransferConfirmationModeTitleTxt"), 0): Element 'Object Repository/Transfer/instantTransferConfirmationModeTitleTxt' is exist

2022-06-27 12:31:44 - [MESSAGE][WARNING] - Timeout '0' is invalid. Using default page load timeout: '40'

2022-06-27 12:31:45 - [MESSAGE][PASSED] - Element 'Object Repository/Transfer/instantTransferConfirmationModeTitleTxt' is exist

2022-06-27 12:31:45 - [TEST_STEP][PASSED] - verifyElementExist(findTestObject("Transfer/instantTransferConfirmationServiceFeeTitleTxt"), 0): Element 'Object Repository/Transfer/instantTransferConfirmationServiceFeeTitleTxt' is exist

2022-06-27 12:31:45 - [MESSAGE][WARNING] - Timeout '0' is invalid. Using default page load timeout: '40'

2022-06-27 12:31:45 - [MESSAGE][PASSED] - Element 'Object Repository/Transfer/instantTransferConfirmationServiceFeeTitleTxt' is exist

2022-06-27 12:31:45 - [TEST_STEP][PASSED] - verifyElementExist(findTestObject("Transfer/instantTransferConfirmationTypeTitleTxt"), 0): Element 'Object Repository/Transfer/instantTransferConfirmationTypeTitleTxt' is exist

2022-06-27 12:31:45 - [MESSAGE][WARNING] - Timeout '0' is invalid. Using default page load timeout: '40'

2022-06-27 12:31:45 - [MESSAGE][PASSED] - Element 'Object Repository/Transfer/instantTransferConfirmationTypeTitleTxt' is exist

2022-06-27 12:31:45 - [TEST_STEP][PASSED] - verifyElementExist(findTestObject("Transfer/transferConfirmationNoteTitleTxt"), 0): Element 'Object Repository/Transfer/transferConfirmationNoteTitleTxt' is exist

2022-06-27 12:31:45 - [MESSAGE][WARNING] - Timeout '0' is invalid. Using default page load timeout: '40'

2022-06-27 12:31:45 - [MESSAGE][PASSED] - Element 'Object Repository/Transfer/transferConfirmationNoteTitleTxt' is exist

2022-06-27 12:31:45 - [TEST_STEP][PASSED] - tap(findTestObject("Transfer/transferConfirmationOptionalGreyWordTxt"), 0): Tapped on element 'Object Repository/Transfer/transferConfirmationOptionalGreyWordTxt'

2022-06-27 12:31:45 - [MESSAGE][WARNING] - Timeout '0' is invalid. Using default page load timeout: '40'

2022-06-27 12:31:46 - [MESSAGE][PASSED] - Tapped on element 'Object Repository/Transfer/transferConfirmationOptionalGreyWordTxt'

2022-06-27 12:31:46 - [TEST_STEP][PASSED] - setText(findTestObject("Transfer/transferConfirmationDetailsInputField"), details, 0): Text 'Test' has been set to element 'Object Repository/Transfer/transferConfirmationDetailsInputField'

2022-06-27 12:31:46 - [MESSAGE][WARNING] - Timeout '0' is invalid. Using default page load timeout: '40'

2022-06-27 12:31:48 - [MESSAGE][PASSED] - Text 'Test' has been set to element 'Object Repository/Transfer/transferConfirmationDetailsInputField'

2022-06-27 12:31:48 - [TEST_STEP][PASSED] - hideKeyboard(): Keyboard is hidden

2022-06-27 12:31:51 - [MESSAGE][PASSED] - Keyboard is hidden

2022-06-27 12:31:51 - [TEST_STEP][PASSED] - verifyElementText(findTestObject("Transfer/transferConfirmationOptionalGreyWordTxt"), details): Actual text and expected text of test object 'Object Repository/Transfer/transferConfirmationOptionalGreyWordTxt' are matched.

2022-06-27 12:31:52 - [MESSAGE][PASSED] - Actual text and expected text of test object 'Object Repository/Transfer/transferConfirmationOptionalGreyWordTxt' are matched.

2022-06-27 12:31:52 - [TEST_STEP][PASSED] - device_Height_2 = getDeviceHeight(): Current device physical height is 2167

2022-06-27 12:31:52 - [MESSAGE][PASSED] - Current device physical height is 2167

2022-06-27 12:31:52 - [TEST_STEP][PASSED] - device_Width_2 = getDeviceWidth(): Current device physical width is 1080

2022-06-27 12:31:52 - [MESSAGE][PASSED] - Current device physical width is 1080

2022-06-27 12:31:52 - [TEST_STEP][PASSED] - startX_2 = device_Width_2 / 2: null

2022-06-27 12:31:52 - [TEST_STEP][PASSED] - endX_2 = startX_2: null

2022-06-27 12:31:52 - [TEST_STEP][PASSED] - startY_2 = device_Height_2 * 0.30: null

2022-06-27 12:31:52 - [TEST_STEP][PASSED] - endY_2 = device_Height_2 * 0.70: null

2022-06-27 12:31:52 - [TEST_STEP][PASSED] - swipe(startX_2, endY_2, endX_2, startY_2): Swiped from 540,1,516 to 540,650

2022-06-27 12:31:53 - [MESSAGE][PASSED] - Swiped from 540,1,516 to 540,650

2022-06-27 12:31:53 - [TEST_STEP][PASSED] - verifyElementExist(findTestObject("Transfer/instantTransferConfirmationNotes1Txt"), 0): Element 'Object Repository/Transfer/instantTransferConfirmationNotes1Txt' is exist

2022-06-27 12:31:53 - [MESSAGE][WARNING] - Timeout '0' is invalid. Using default page load timeout: '40'

2022-06-27 12:31:54 - [MESSAGE][PASSED] - Element 'Object Repository/Transfer/instantTransferConfirmationNotes1Txt' is exist

2022-06-27 12:31:54 - [TEST_STEP][PASSED] - verifyElementExist(findTestObject("Transfer/transferConfirmationFTransferFromTitleTxt"), 0): Element 'Object Repository/Transfer/transferConfirmationFTransferFromTitleTxt' is exist

2022-06-27 12:31:54 - [MESSAGE][WARNING] - Timeout '0' is invalid. Using default page load timeout: '40'

2022-06-27 12:31:54 - [MESSAGE][PASSED] - Element 'Object Repository/Transfer/transferConfirmationFTransferFromTitleTxt' is exist

2022-06-27 12:31:54 - [TEST_STEP][PASSED] - verifyElementExist(findTestObject("Transfer/instantTransferConfirmationNotes2Txt"), 0): Element 'Object Repository/Transfer/instantTransferConfirmationNotes2Txt' is exist

2022-06-27 12:31:54 - [MESSAGE][WARNING] - Timeout '0' is invalid. Using default page load timeout: '40'

2022-06-27 12:31:54 - [MESSAGE][PASSED] - Element 'Object Repository/Transfer/instantTransferConfirmationNotes2Txt' is exist

2022-06-27 12:31:54 - [TEST_STEP][PASSED] - verifyElementText(findTestObject("Transfer/transferConfirmationFromAccTypeTxt", ["accType":accType]), accType): Actual text and expected text of test object 'Object Repository/Transfer/transferConfirmationFromAccTypeTxt' are matched.

2022-06-27 12:31:55 - [MESSAGE][PASSED] - Actual text and expected text of test object 'Object Repository/Transfer/transferConfirmationFromAccTypeTxt' are matched.

2022-06-27 12:31:55 - [TEST_STEP][PASSED] - verifyElementText(findTestObject("Transfer/transferConfirmationFromAccNoTxt", ["accNoFrom":accNoFrom]), accNoFrom): Actual text and expected text of test object 'Object Repository/Transfer/transferConfirmationFromAccNoTxt' are matched.

2022-06-27 12:31:55 - [MESSAGE][PASSED] - Actual text and expected text of test object 'Object Repository/Transfer/transferConfirmationFromAccNoTxt' are matched.

2022-06-27 12:31:55 - [TEST_STEP][PASSED] - verifyElementExist(findTestObject("Transfer/transferConfirmationFromAccBalanceTxt"), 0): Element 'Object Repository/Transfer/transferConfirmationFromAccBalanceTxt' is exist

2022-06-27 12:31:55 - [MESSAGE][WARNING] - Timeout '0' is invalid. Using default page load timeout: '40'

2022-06-27 12:31:55 - [MESSAGE][PASSED] - Element 'Object Repository/Transfer/transferConfirmationFromAccBalanceTxt' is exist

2022-06-27 12:31:55 - [TEST_STEP][PASSED] - accountBalance = getText(findTestObject("Transfer/transferConfirmationFromAccBalanceTxt"), 0): Text of element 'Object Repository/Transfer/transferConfirmationFromAccBalanceTxt' is: 'RM 1,944.94'

2022-06-27 12:31:55 - [MESSAGE][WARNING] - Timeout '0' is invalid. Using default page load timeout: '40'

2022-06-27 12:31:56 - [MESSAGE][PASSED] - Text of element 'Object Repository/Transfer/transferConfirmationFromAccBalanceTxt' is: 'RM 1,944.94'

2022-06-27 12:31:56 - [TEST_STEP][PASSED] - println(accountBalance): null

2022-06-27 12:31:56 - [TEST_STEP][PASSED] - tap(findTestObject("Main/mainTransferNowBtn"), 0): Tapped on element 'Object Repository/Main/mainTransferNowBtn'

2022-06-27 12:31:56 - [MESSAGE][WARNING] - Timeout '0' is invalid. Using default page load timeout: '40'

2022-06-27 12:31:56 - [MESSAGE][PASSED] - Tapped on element 'Object Repository/Main/mainTransferNowBtn'

2022-06-27 12:31:56 - [TEST_STEP][PASSED] - if (value <= limit): null

2022-06-27 12:31:56 - [TEST_STEP][PASSED] - if (verifyElementVisible(findTestObject("Festive Season/seasonalGreetingAngpaoTACNoTxt"), 10, OPTIONAL)): null

2022-06-27 12:31:59 - [MESSAGE][PASSED] - Element 'Object Repository/Festive Season/seasonalGreetingAngpaoTACNoTxt' is visible

2022-06-27 12:31:59 - [TEST_STEP][PASSED] - OTP = getText(findTestObject("Festive Season/seasonalGreetingAngpaoTACNoTxt"), 10): Text of element 'Object Repository/Festive Season/seasonalGreetingAngpaoTACNoTxt' is: 'Your TAC no. is 618344'

2022-06-27 12:32:00 - [MESSAGE][PASSED] - Text of element 'Object Repository/Festive Season/seasonalGreetingAngpaoTACNoTxt' is: 'Your TAC no. is 618344'

2022-06-27 12:32:00 - [TEST_STEP][PASSED] - delay(5): Delayed 5 second(s)

2022-06-27 12:32:05 - [MESSAGE][PASSED] - Delayed 5 second(s)

2022-06-27 12:32:05 - [TEST_STEP][PASSED] - tapAtPosition(startX, startY): Tapped at [360, 2,101]

2022-06-27 12:32:06 - [MESSAGE][PASSED] - Tapped at [360, 2,101]

2022-06-27 12:32:06 - [TEST_STEP][PASSED] - for ([i = 16, i <= 21, (i++)]): null

2022-06-27 12:32:06 - [TEST_STEP][PASSED] - if (OTP[i] == "0"): null

2022-06-27 12:32:06 - [TEST_STEP][PASSED] - if (OTP[i] == "1"): null

2022-06-27 12:32:06 - [TEST_STEP][PASSED] - if (OTP[i] == "2"): null

2022-06-27 12:32:06 - [TEST_STEP][PASSED] - if (OTP[i] == "3"): null

2022-06-27 12:32:06 - [TEST_STEP][PASSED] - if (OTP[i] == "4"): null

2022-06-27 12:32:06 - [TEST_STEP][PASSED] - if (OTP[i] == "5"): null

2022-06-27 12:32:06 - [TEST_STEP][PASSED] - if (OTP[i] == "6"): Tapped on element 'Object Repository/Login Onboarding/PIN6'

2022-06-27 12:32:06 - [TEST_STEP][PASSED] - tap(findTestObject("Login Onboarding/PIN6"), 0): Tapped on element 'Object Repository/Login Onboarding/PIN6'

2022-06-27 12:32:06 - [MESSAGE][WARNING] - Timeout '0' is invalid. Using default page load timeout: '40'

2022-06-27 12:32:06 - [MESSAGE][PASSED] - Tapped on element 'Object Repository/Login Onboarding/PIN6'

2022-06-27 12:32:06 - [TEST_STEP][PASSED] - if (OTP[i] == "7"): null

2022-06-27 12:32:06 - [TEST_STEP][PASSED] - if (OTP[i] == "8"): null

2022-06-27 12:32:06 - [TEST_STEP][PASSED] - if (OTP[i] == "9"): null

2022-06-27 12:32:06 - [TEST_STEP][PASSED] - if (OTP[i] == "0"): null

2022-06-27 12:32:06 - [TEST_STEP][PASSED] - if (OTP[i] == "1"): Tapped on element 'Object Repository/Login Onboarding/PIN1'

2022-06-27 12:32:06 - [TEST_STEP][PASSED] - tap(findTestObject("Login Onboarding/PIN1"), 0): Tapped on element 'Object Repository/Login Onboarding/PIN1'

2022-06-27 12:32:06 - [MESSAGE][WARNING] - Timeout '0' is invalid. Using default page load timeout: '40'

2022-06-27 12:32:08 - [MESSAGE][PASSED] - Tapped on element 'Object Repository/Login Onboarding/PIN1'

2022-06-27 12:32:08 - [TEST_STEP][PASSED] - if (OTP[i] == "2"): null

2022-06-27 12:32:08 - [TEST_STEP][PASSED] - if (OTP[i] == "3"): null

2022-06-27 12:32:08 - [TEST_STEP][PASSED] - if (OTP[i] == "4"): null

2022-06-27 12:32:08 - [TEST_STEP][PASSED] - if (OTP[i] == "5"): null

2022-06-27 12:32:08 - [TEST_STEP][PASSED] - if (OTP[i] == "6"): null

2022-06-27 12:32:08 - [TEST_STEP][PASSED] - if (OTP[i] == "7"): null

2022-06-27 12:32:08 - [TEST_STEP][PASSED] - if (OTP[i] == "8"): null

2022-06-27 12:32:08 - [TEST_STEP][PASSED] - if (OTP[i] == "9"): null

2022-06-27 12:32:08 - [TEST_STEP][PASSED] - if (OTP[i] == "0"): null

2022-06-27 12:32:08 - [TEST_STEP][PASSED] - if (OTP[i] == "1"): null

2022-06-27 12:32:08 - [TEST_STEP][PASSED] - if (OTP[i] == "2"): null

2022-06-27 12:32:08 - [TEST_STEP][PASSED] - if (OTP[i] == "3"): null

2022-06-27 12:32:08 - [TEST_STEP][PASSED] - if (OTP[i] == "4"): null

2022-06-27 12:32:08 - [TEST_STEP][PASSED] - if (OTP[i] == "5"): null

2022-06-27 12:32:08 - [TEST_STEP][PASSED] - if (OTP[i] == "6"): null

2022-06-27 12:32:08 - [TEST_STEP][PASSED] - if (OTP[i] == "7"): null

2022-06-27 12:32:08 - [TEST_STEP][PASSED] - if (OTP[i] == "8"): Tapped on element 'Object Repository/Login Onboarding/PIN8'

2022-06-27 12:32:08 - [TEST_STEP][PASSED] - tap(findTestObject("Login Onboarding/PIN8"), 0): Tapped on element 'Object Repository/Login Onboarding/PIN8'

2022-06-27 12:32:08 - [MESSAGE][WARNING] - Timeout '0' is invalid. Using default page load timeout: '40'

2022-06-27 12:32:10 - [MESSAGE][PASSED] - Tapped on element 'Object Repository/Login Onboarding/PIN8'

2022-06-27 12:32:10 - [TEST_STEP][PASSED] - if (OTP[i] == "9"): null

2022-06-27 12:32:10 - [TEST_STEP][PASSED] - if (OTP[i] == "0"): null

2022-06-27 12:32:10 - [TEST_STEP][PASSED] - if (OTP[i] == "1"): null

2022-06-27 12:32:10 - [TEST_STEP][PASSED] - if (OTP[i] == "2"): null

2022-06-27 12:32:10 - [TEST_STEP][PASSED] - if (OTP[i] == "3"): Tapped on element 'Object Repository/Login Onboarding/PIN3'

2022-06-27 12:32:10 - [TEST_STEP][PASSED] - tap(findTestObject("Login Onboarding/PIN3"), 0): Tapped on element 'Object Repository/Login Onboarding/PIN3'

2022-06-27 12:32:10 - [MESSAGE][WARNING] - Timeout '0' is invalid. Using default page load timeout: '40'

2022-06-27 12:32:12 - [MESSAGE][PASSED] - Tapped on element 'Object Repository/Login Onboarding/PIN3'

2022-06-27 12:32:12 - [TEST_STEP][PASSED] - if (OTP[i] == "4"): null

2022-06-27 12:32:12 - [TEST_STEP][PASSED] - if (OTP[i] == "5"): null

2022-06-27 12:32:12 - [TEST_STEP][PASSED] - if (OTP[i] == "6"): null

2022-06-27 12:32:12 - [TEST_STEP][PASSED] - if (OTP[i] == "7"): null

2022-06-27 12:32:12 - [TEST_STEP][PASSED] - if (OTP[i] == "8"): null

2022-06-27 12:32:12 - [TEST_STEP][PASSED] - if (OTP[i] == "9"): null

2022-06-27 12:32:12 - [TEST_STEP][PASSED] - if (OTP[i] == "0"): null

2022-06-27 12:32:12 - [TEST_STEP][PASSED] - if (OTP[i] == "1"): null

2022-06-27 12:32:12 - [TEST_STEP][PASSED] - if (OTP[i] == "2"): null

2022-06-27 12:32:12 - [TEST_STEP][PASSED] - if (OTP[i] == "3"): null

2022-06-27 12:32:12 - [TEST_STEP][PASSED] - if (OTP[i] == "4"): Tapped on element 'Object Repository/Login Onboarding/PIN4'

2022-06-27 12:32:12 - [TEST_STEP][PASSED] - tap(findTestObject("Login Onboarding/PIN4"), 0): Tapped on element 'Object Repository/Login Onboarding/PIN4'

2022-06-27 12:32:12 - [MESSAGE][WARNING] - Timeout '0' is invalid. Using default page load timeout: '40'

2022-06-27 12:32:14 - [MESSAGE][PASSED] - Tapped on element 'Object Repository/Login Onboarding/PIN4'

2022-06-27 12:32:14 - [TEST_STEP][PASSED] - if (OTP[i] == "5"): null

2022-06-27 12:32:14 - [TEST_STEP][PASSED] - if (OTP[i] == "6"): null

2022-06-27 12:32:14 - [TEST_STEP][PASSED] - if (OTP[i] == "7"): null

2022-06-27 12:32:14 - [TEST_STEP][PASSED] - if (OTP[i] == "8"): null

2022-06-27 12:32:14 - [TEST_STEP][PASSED] - if (OTP[i] == "9"): null

2022-06-27 12:32:14 - [TEST_STEP][PASSED] - if (OTP[i] == "0"): null

2022-06-27 12:32:14 - [TEST_STEP][PASSED] - if (OTP[i] == "1"): null

2022-06-27 12:32:14 - [TEST_STEP][PASSED] - if (OTP[i] == "2"): null

2022-06-27 12:32:14 - [TEST_STEP][PASSED] - if (OTP[i] == "3"): null

2022-06-27 12:32:14 - [TEST_STEP][PASSED] - if (OTP[i] == "4"): Tapped on element 'Object Repository/Login Onboarding/PIN4'

2022-06-27 12:32:14 - [TEST_STEP][PASSED] - tap(findTestObject("Login Onboarding/PIN4"), 0): Tapped on element 'Object Repository/Login Onboarding/PIN4'

2022-06-27 12:32:14 - [MESSAGE][WARNING] - Timeout '0' is invalid. Using default page load timeout: '40'

2022-06-27 12:32:16 - [MESSAGE][PASSED] - Tapped on element 'Object Repository/Login Onboarding/PIN4'

2022-06-27 12:32:16 - [TEST_STEP][PASSED] - if (OTP[i] == "5"): null

2022-06-27 12:32:16 - [TEST_STEP][PASSED] - if (OTP[i] == "6"): null

2022-06-27 12:32:16 - [TEST_STEP][PASSED] - if (OTP[i] == "7"): null

2022-06-27 12:32:16 - [TEST_STEP][PASSED] - if (OTP[i] == "8"): null

2022-06-27 12:32:16 - [TEST_STEP][PASSED] - if (OTP[i] == "9"): null

2022-06-27 12:32:16 - [TEST_STEP][PASSED] - delay(3): Delayed 3 second(s)

2022-06-27 12:32:19 - [MESSAGE][PASSED] - Delayed 3 second(s)

2022-06-27 12:32:19 - [TEST_STEP][FAILED] - tap(findTestObject("others/maeTopupAmountTickBtn"), 0): Object Object Repository/others/maeTopupAmountTickBtn not found

2022-06-27 12:32:19 - [MESSAGE][WARNING] - Timeout '0' is invalid. Using default page load timeout: '40'

2022-06-27 12:32:59 - [MESSAGE][FAILED] - Object Object Repository/others/maeTopupAmountTickBtn not found

2022-06-27 12:32:59 - [TEST_STEP][PASSED] - delay(5): Delayed 5 second(s)

2022-06-27 12:33:04 - [MESSAGE][PASSED] - Delayed 5 second(s)

2022-06-27 12:33:04 - [TEST_STEP][PASSED] - verifyElementExist(findTestObject("Festive Season/returnAngpaoStatusMessageTxt"), 0): Element 'Object Repository/Festive Season/returnAngpaoStatusMessageTxt' is exist

2022-06-27 12:33:04 - [MESSAGE][WARNING] - Timeout '0' is invalid. Using default page load timeout: '40'

2022-06-27 12:33:30 - [MESSAGE][PASSED] - Element 'Object Repository/Festive Season/returnAngpaoStatusMessageTxt' is exist

2022-06-27 12:33:30 - [TEST_STEP][PASSED] - message = getText(findTestObject("Festive Season/returnAngpaoStatusMessageTxt"), 10): Text of element 'Object Repository/Festive Season/returnAngpaoStatusMessageTxt' is: 'Transfer accepted'

2022-06-27 12:33:30 - [MESSAGE][PASSED] - Text of element 'Object Repository/Festive Season/returnAngpaoStatusMessageTxt' is: 'Transfer accepted'

2022-06-27 12:33:30 - [TEST_STEP][PASSED] - println(message): null

2022-06-27 12:33:30 - [TEST_STEP][FAILED] - assert message == successTransactionMessage: Test Cases/Transfer/transfer_instantTransferIBFT FAILED.
Reason:
Assertion failed: 

assert message == successTransactionMessage
       |       |  |
       |       |  Transfer successful
       |       false
       Transfer accepted

	at transfer_instantTransferIBFT.run(transfer_instantTransferIBFT:363)
	at com.kms.katalon.core.main.ScriptEngine.run(ScriptEngine.java:194)
	at com.kms.katalon.core.main.ScriptEngine.runScriptAsRawText(ScriptEngine.java:119)
	at com.kms.katalon.core.main.TestCaseExecutor.runScript(TestCaseExecutor.java:445)
	at com.kms.katalon.core.main.TestCaseExecutor.doExecute(TestCaseExecutor.java:436)
	at com.kms.katalon.core.main.TestCaseExecutor.processExecutionPhase(TestCaseExecutor.java:415)
	at com.kms.katalon.core.main.TestCaseExecutor.accessMainPhase(TestCaseExecutor.java:407)
	at com.kms.katalon.core.main.TestCaseExecutor.execute(TestCaseExecutor.java:284)
	at com.kms.katalon.core.common.CommonExecutor.accessTestCaseMainPhase(CommonExecutor.java:65)
	at com.kms.katalon.core.main.TestSuiteExecutor.accessTestSuiteMainPhase(TestSuiteExecutor.java:144)
	at com.kms.katalon.core.main.TestSuiteExecutor.execute(TestSuiteExecutor.java:106)
	at com.kms.katalon.core.main.TestCaseMain.startTestSuite(TestCaseMain.java:185)
	at com.kms.katalon.core.main.TestCaseMain$startTestSuite$0.call(Unknown Source)
	at TempTestSuite1656303798210.run(TempTestSuite1656303798210.groovy:36)


2022-06-27 12:33:30 - [MESSAGE][FAILED] - Test Cases/Transfer/transfer_instantTransferIBFT FAILED.
Reason:
Assertion failed: 

assert message == successTransactionMessage
       |       |  |
       |       |  Transfer successful
       |       false
       Transfer accepted

	at transfer_instantTransferIBFT.run(transfer_instantTransferIBFT:363)
	at com.kms.katalon.core.main.ScriptEngine.run(ScriptEngine.java:194)
	at com.kms.katalon.core.main.ScriptEngine.runScriptAsRawText(ScriptEngine.java:119)
	at com.kms.katalon.core.main.TestCaseExecutor.runScript(TestCaseExecutor.java:445)
	at com.kms.katalon.core.main.TestCaseExecutor.doExecute(TestCaseExecutor.java:436)
	at com.kms.katalon.core.main.TestCaseExecutor.processExecutionPhase(TestCaseExecutor.java:415)
	at com.kms.katalon.core.main.TestCaseExecutor.accessMainPhase(TestCaseExecutor.java:407)
	at com.kms.katalon.core.main.TestCaseExecutor.execute(TestCaseExecutor.java:284)
	at com.kms.katalon.core.common.CommonExecutor.accessTestCaseMainPhase(CommonExecutor.java:65)
	at com.kms.katalon.core.main.TestSuiteExecutor.accessTestSuiteMainPhase(TestSuiteExecutor.java:144)
	at com.kms.katalon.core.main.TestSuiteExecutor.execute(TestSuiteExecutor.java:106)
	at com.kms.katalon.core.main.TestCaseMain.startTestSuite(TestCaseMain.java:185)
	at com.kms.katalon.core.main.TestCaseMain$startTestSuite$0.call(Unknown Source)
	at TempTestSuite1656303798210.run(TempTestSuite1656303798210.groovy:36)]]></system-out>
         <system-err><![CDATA[2022-06-27 12:23:26 - [TEST_CASE][FAILED] - Test Cases/Transfer/transfer_instantTransferIBFT: Test Cases/Transfer/transfer_instantTransferIBFT FAILED.
Reason:
com.kms.katalon.core.exception.StepFailedException: Object Object Repository/others/maeTopupAmountTickBtn not found
	at com.kms.katalon.core.keyword.internal.KeywordMain.stepFailed(KeywordMain.groovy:39)
	at com.kms.katalon.core.mobile.keyword.internal.MobileKeywordMain.stepFailed(MobileKeywordMain.groovy:40)
	at com.kms.katalon.core.mobile.keyword.builtin.TapKeyword$_tap_closure1.doCall(TapKeyword.groovy:79)
	at com.kms.katalon.core.mobile.keyword.builtin.TapKeyword$_tap_closure1.call(TapKeyword.groovy)
	at com.kms.katalon.core.mobile.keyword.internal.MobileKeywordMain.runKeyword(MobileKeywordMain.groovy:21)
	at com.kms.katalon.core.mobile.keyword.builtin.TapKeyword.tap(TapKeyword.groovy:84)
	at com.kms.katalon.core.mobile.keyword.builtin.TapKeyword.execute(TapKeyword.groovy:68)
	at com.kms.katalon.core.keyword.internal.KeywordExecutor.executeKeywordForPlatform(KeywordExecutor.groovy:74)
	at com.kms.katalon.core.mobile.keyword.MobileBuiltInKeywords.tap(MobileBuiltInKeywords.groovy:1490)
	at com.kms.katalon.core.mobile.keyword.MobileBuiltInKeywords$tap$4.call(Unknown Source)
	at transfer_instantTransferIBFT.run(transfer_instantTransferIBFT:345)
	at com.kms.katalon.core.main.ScriptEngine.run(ScriptEngine.java:194)
	at com.kms.katalon.core.main.ScriptEngine.runScriptAsRawText(ScriptEngine.java:119)
	at com.kms.katalon.core.main.TestCaseExecutor.runScript(TestCaseExecutor.java:445)
	at com.kms.katalon.core.main.TestCaseExecutor.doExecute(TestCaseExecutor.java:436)
	at com.kms.katalon.core.main.TestCaseExecutor.processExecutionPhase(TestCaseExecutor.java:415)
	at com.kms.katalon.core.main.TestCaseExecutor.accessMainPhase(TestCaseExecutor.java:407)
	at com.kms.katalon.core.main.TestCaseExecutor.execute(TestCaseExecutor.java:284)
	at com.kms.katalon.core.common.CommonExecutor.accessTestCaseMainPhase(CommonExecutor.java:65)
	at com.kms.katalon.core.main.TestSuiteExecutor.accessTestSuiteMainPhase(TestSuiteExecutor.java:144)
	at com.kms.katalon.core.main.TestSuiteExecutor.execute(TestSuiteExecutor.java:106)
	at com.kms.katalon.core.main.TestCaseMain.startTestSuite(TestCaseMain.java:185)
	at com.kms.katalon.core.main.TestCaseMain$startTestSuite$0.call(Unknown Source)
	at TempTestSuite1656303798210.run(TempTestSuite1656303798210.groovy:36)]]></system-err>
      </testcase>
      <testcase name="Test Cases/Transfer/transfer_instantTransferIBG" time="361.431" classname="Test Cases/Transfer/transfer_instantTransferIBG" status="FAILED">
         <failure type="FAILED" message="Test Cases/Transfer/transfer_instantTransferIBG FAILED.
Reason:
com.kms.katalon.core.exception.StepFailedException: Object Object Repository/others/maeTopupAmountTickBtn not found
	at com.kms.katalon.core.keyword.internal.KeywordMain.stepFailed(KeywordMain.groovy:39)
	at com.kms.katalon.core.mobile.keyword.internal.MobileKeywordMain.stepFailed(MobileKeywordMain.groovy:40)
	at com.kms.katalon.core.mobile.keyword.builtin.TapKeyword$_tap_closure1.doCall(TapKeyword.groovy:79)
	at com.kms.katalon.core.mobile.keyword.builtin.TapKeyword$_tap_closure1.call(TapKeyword.groovy)
	at com.kms.katalon.core.mobile.keyword.internal.MobileKeywordMain.runKeyword(MobileKeywordMain.groovy:21)
	at com.kms.katalon.core.mobile.keyword.builtin.TapKeyword.tap(TapKeyword.groovy:84)
	at com.kms.katalon.core.mobile.keyword.builtin.TapKeyword.execute(TapKeyword.groovy:68)
	at com.kms.katalon.core.keyword.internal.KeywordExecutor.executeKeywordForPlatform(KeywordExecutor.groovy:74)
	at com.kms.katalon.core.mobile.keyword.MobileBuiltInKeywords.tap(MobileBuiltInKeywords.groovy:1490)
	at com.kms.katalon.core.mobile.keyword.MobileBuiltInKeywords$tap$4.call(Unknown Source)
	at transfer_instantTransferIBG.run(transfer_instantTransferIBG:377)
	at com.kms.katalon.core.main.ScriptEngine.run(ScriptEngine.java:194)
	at com.kms.katalon.core.main.ScriptEngine.runScriptAsRawText(ScriptEngine.java:119)
	at com.kms.katalon.core.main.TestCaseExecutor.runScript(TestCaseExecutor.java:445)
	at com.kms.katalon.core.main.TestCaseExecutor.doExecute(TestCaseExecutor.java:436)
	at com.kms.katalon.core.main.TestCaseExecutor.processExecutionPhase(TestCaseExecutor.java:415)
	at com.kms.katalon.core.main.TestCaseExecutor.accessMainPhase(TestCaseExecutor.java:407)
	at com.kms.katalon.core.main.TestCaseExecutor.execute(TestCaseExecutor.java:284)
	at com.kms.katalon.core.common.CommonExecutor.accessTestCaseMainPhase(CommonExecutor.java:65)
	at com.kms.katalon.core.main.TestSuiteExecutor.accessTestSuiteMainPhase(TestSuiteExecutor.java:144)
	at com.kms.katalon.core.main.TestSuiteExecutor.execute(TestSuiteExecutor.java:106)
	at com.kms.katalon.core.main.TestCaseMain.startTestSuite(TestCaseMain.java:185)
	at com.kms.katalon.core.main.TestCaseMain$startTestSuite$0.call(Unknown Source)
	at TempTestSuite1656303798210.run(TempTestSuite1656303798210.groovy:36)
"/>
         <system-out><![CDATA[2022-06-27 12:33:30 - [TEST_CASE][FAILED] - Test Cases/Transfer/transfer_instantTransferIBG: Test Cases/Transfer/transfer_instantTransferIBG FAILED.
Reason:
com.kms.katalon.core.exception.StepFailedException: Object Object Repository/others/maeTopupAmountTickBtn not found
	at com.kms.katalon.core.keyword.internal.KeywordMain.stepFailed(KeywordMain.groovy:39)
	at com.kms.katalon.core.mobile.keyword.internal.MobileKeywordMain.stepFailed(MobileKeywordMain.groovy:40)
	at com.kms.katalon.core.mobile.keyword.builtin.TapKeyword$_tap_closure1.doCall(TapKeyword.groovy:79)
	at com.kms.katalon.core.mobile.keyword.builtin.TapKeyword$_tap_closure1.call(TapKeyword.groovy)
	at com.kms.katalon.core.mobile.keyword.internal.MobileKeywordMain.runKeyword(MobileKeywordMain.groovy:21)
	at com.kms.katalon.core.mobile.keyword.builtin.TapKeyword.tap(TapKeyword.groovy:84)
	at com.kms.katalon.core.mobile.keyword.builtin.TapKeyword.execute(TapKeyword.groovy:68)
	at com.kms.katalon.core.keyword.internal.KeywordExecutor.executeKeywordForPlatform(KeywordExecutor.groovy:74)
	at com.kms.katalon.core.mobile.keyword.MobileBuiltInKeywords.tap(MobileBuiltInKeywords.groovy:1490)
	at com.kms.katalon.core.mobile.keyword.MobileBuiltInKeywords$tap$4.call(Unknown Source)
	at transfer_instantTransferIBG.run(transfer_instantTransferIBG:377)
	at com.kms.katalon.core.main.ScriptEngine.run(ScriptEngine.java:194)
	at com.kms.katalon.core.main.ScriptEngine.runScriptAsRawText(ScriptEngine.java:119)
	at com.kms.katalon.core.main.TestCaseExecutor.runScript(TestCaseExecutor.java:445)
	at com.kms.katalon.core.main.TestCaseExecutor.doExecute(TestCaseExecutor.java:436)
	at com.kms.katalon.core.main.TestCaseExecutor.processExecutionPhase(TestCaseExecutor.java:415)
	at com.kms.katalon.core.main.TestCaseExecutor.accessMainPhase(TestCaseExecutor.java:407)
	at com.kms.katalon.core.main.TestCaseExecutor.execute(TestCaseExecutor.java:284)
	at com.kms.katalon.core.common.CommonExecutor.accessTestCaseMainPhase(CommonExecutor.java:65)
	at com.kms.katalon.core.main.TestSuiteExecutor.accessTestSuiteMainPhase(TestSuiteExecutor.java:144)
	at com.kms.katalon.core.main.TestSuiteExecutor.execute(TestSuiteExecutor.java:106)
	at com.kms.katalon.core.main.TestCaseMain.startTestSuite(TestCaseMain.java:185)
	at com.kms.katalon.core.main.TestCaseMain$startTestSuite$0.call(Unknown Source)
	at TempTestSuite1656303798210.run(TempTestSuite1656303798210.groovy:36)


2022-06-27 12:33:31 - [TEST_STEP][PASSED] - delay(5): Delayed 5 second(s)

2022-06-27 12:33:36 - [MESSAGE][PASSED] - Delayed 5 second(s)

2022-06-27 12:33:36 - [TEST_STEP][PASSED] - device_Height = getDeviceHeight(): Current device physical height is 2167

2022-06-27 12:33:36 - [MESSAGE][PASSED] - Current device physical height is 2167

2022-06-27 12:33:36 - [TEST_STEP][PASSED] - device_Width = getDeviceWidth(): Current device physical width is 1080

2022-06-27 12:33:36 - [MESSAGE][PASSED] - Current device physical width is 1080

2022-06-27 12:33:36 - [TEST_STEP][PASSED] - startX = device_Width / 3: null

2022-06-27 12:33:36 - [TEST_STEP][PASSED] - startY = device_Height * 0.97: null

2022-06-27 12:33:36 - [TEST_STEP][PASSED] - verifyElementVisible(findTestObject("Banking/m2uAccountTransferIconSelect"), 0): Element 'Object Repository/Banking/m2uAccountTransferIconSelect' is visible

2022-06-27 12:33:36 - [MESSAGE][WARNING] - Timeout '0' is invalid. Using default page load timeout: '40'

2022-06-27 12:33:37 - [MESSAGE][PASSED] - Element 'Object Repository/Banking/m2uAccountTransferIconSelect' is visible

2022-06-27 12:33:37 - [TEST_STEP][PASSED] - tap(findTestObject("Banking/m2uAccountTransferIconSelect"), 0): Tapped on element 'Object Repository/Banking/m2uAccountTransferIconSelect'

2022-06-27 12:33:37 - [MESSAGE][WARNING] - Timeout '0' is invalid. Using default page load timeout: '40'

2022-06-27 12:33:47 - [MESSAGE][PASSED] - Tapped on element 'Object Repository/Banking/m2uAccountTransferIconSelect'

2022-06-27 12:33:47 - [TEST_STEP][PASSED] - delay(5): Delayed 5 second(s)

2022-06-27 12:33:52 - [MESSAGE][PASSED] - Delayed 5 second(s)

2022-06-27 12:33:52 - [TEST_STEP][PASSED] - println("InterBank Test Case Started"): null

2022-06-27 12:33:52 - [TEST_STEP][PASSED] - verifyElementExist(findTestObject("Banking/transferOthersTopMenuSelect"), 0): Element 'Object Repository/Banking/transferOthersTopMenuSelect' is exist

2022-06-27 12:33:52 - [MESSAGE][WARNING] - Timeout '0' is invalid. Using default page load timeout: '40'

2022-06-27 12:34:23 - [MESSAGE][PASSED] - Element 'Object Repository/Banking/transferOthersTopMenuSelect' is exist

2022-06-27 12:34:23 - [TEST_STEP][PASSED] - tap(findTestObject("Banking/transferOthersTopMenuSelect"), 0): Tapped on element 'Object Repository/Banking/transferOthersTopMenuSelect'

2022-06-27 12:34:23 - [MESSAGE][WARNING] - Timeout '0' is invalid. Using default page load timeout: '40'

2022-06-27 12:35:24 - [MESSAGE][PASSED] - Tapped on element 'Object Repository/Banking/transferOthersTopMenuSelect'

2022-06-27 12:35:24 - [TEST_STEP][PASSED] - tap(findTestObject("Banking/transferBanksIconSelect"), 0): Tapped on element 'Object Repository/Banking/transferBanksIconSelect'

2022-06-27 12:35:24 - [MESSAGE][WARNING] - Timeout '0' is invalid. Using default page load timeout: '40'

2022-06-27 12:36:17 - [MESSAGE][PASSED] - Tapped on element 'Object Repository/Banking/transferBanksIconSelect'

2022-06-27 12:36:17 - [TEST_STEP][PASSED] - scrollToText("PUBLIC BANK", STOP_ON_FAILURE): Scrolling to text 'PUBLIC BANK' successfully

2022-06-27 12:36:29 - [MESSAGE][PASSED] - Scrolling to text 'PUBLIC BANK' successfully

2022-06-27 12:36:29 - [TEST_STEP][PASSED] - tap(findTestObject("Banking/transferBankSelection", ["text":accBank]), 10): Tapped on element 'Object Repository/Banking/transferBankSelection'

2022-06-27 12:36:30 - [MESSAGE][PASSED] - Tapped on element 'Object Repository/Banking/transferBankSelection'

2022-06-27 12:36:30 - [TEST_STEP][PASSED] - setText(findTestObject("Banking/transferAccountNoInputField"), accountNum, 0): Text '3099117112' has been set to element 'Object Repository/Banking/transferAccountNoInputField'

2022-06-27 12:36:30 - [MESSAGE][WARNING] - Timeout '0' is invalid. Using default page load timeout: '40'

2022-06-27 12:36:32 - [MESSAGE][PASSED] - Text '3099117112' has been set to element 'Object Repository/Banking/transferAccountNoInputField'

2022-06-27 12:36:32 - [TEST_STEP][PASSED] - hideKeyboard(): Keyboard is hidden

2022-06-27 12:36:37 - [MESSAGE][PASSED] - Keyboard is hidden

2022-06-27 12:36:37 - [TEST_STEP][PASSED] - tap(findTestObject("Login Onboarding/loginExistingContinueBtn"), 0): Tapped on element 'Object Repository/Login Onboarding/loginExistingContinueBtn'

2022-06-27 12:36:37 - [MESSAGE][WARNING] - Timeout '0' is invalid. Using default page load timeout: '40'

2022-06-27 12:36:37 - [MESSAGE][PASSED] - Tapped on element 'Object Repository/Login Onboarding/loginExistingContinueBtn'

2022-06-27 12:36:37 - [TEST_STEP][PASSED] - verifyElementText(findTestObject("Transfer/transferAmounttAccNoTxt", ["accNo":accNo]), accNo): Actual text and expected text of test object 'Object Repository/Transfer/transferAmounttAccNoTxt' are matched.

2022-06-27 12:36:39 - [MESSAGE][PASSED] - Actual text and expected text of test object 'Object Repository/Transfer/transferAmounttAccNoTxt' are matched.

2022-06-27 12:36:39 - [TEST_STEP][PASSED] - verifyElementText(findTestObject("Transfer/transferAmounttAccBankTxt", ["accBank":accBank]), accBank): Actual text and expected text of test object 'Object Repository/Transfer/transferAmounttAccBankTxt' are matched.

2022-06-27 12:36:39 - [MESSAGE][PASSED] - Actual text and expected text of test object 'Object Repository/Transfer/transferAmounttAccBankTxt' are matched.

2022-06-27 12:36:39 - [TEST_STEP][PASSED] - verifyElementExist(findTestObject("Transfer/transferAmountRMTxt"), 0): Element 'Object Repository/Transfer/transferAmountRMTxt' is exist

2022-06-27 12:36:39 - [MESSAGE][WARNING] - Timeout '0' is invalid. Using default page load timeout: '40'

2022-06-27 12:36:39 - [MESSAGE][PASSED] - Element 'Object Repository/Transfer/transferAmountRMTxt' is exist

2022-06-27 12:36:39 - [TEST_STEP][PASSED] - verifyElementExist(findTestObject("Duit Now/duitNowAmountInitialValueTxt"), 0): Element 'Object Repository/Duit Now/duitNowAmountInitialValueTxt' is exist

2022-06-27 12:36:39 - [MESSAGE][WARNING] - Timeout '0' is invalid. Using default page load timeout: '40'

2022-06-27 12:36:40 - [MESSAGE][PASSED] - Element 'Object Repository/Duit Now/duitNowAmountInitialValueTxt' is exist

2022-06-27 12:36:40 - [TEST_STEP][PASSED] - verifyElementExist(findTestObject("Transfer/transferAmountEnterAmountTitleTxt"), 0): Element 'Object Repository/Transfer/transferAmountEnterAmountTitleTxt' is exist

2022-06-27 12:36:40 - [MESSAGE][WARNING] - Timeout '0' is invalid. Using default page load timeout: '40'

2022-06-27 12:36:40 - [MESSAGE][PASSED] - Element 'Object Repository/Transfer/transferAmountEnterAmountTitleTxt' is exist

2022-06-27 12:36:40 - [TEST_STEP][PASSED] - trxAmount = value: null

2022-06-27 12:36:40 - [TEST_STEP][PASSED] - length = trxAmount.length(): null

2022-06-27 12:36:40 - [TEST_STEP][PASSED] - delay(5): Delayed 5 second(s)

2022-06-27 12:36:45 - [MESSAGE][PASSED] - Delayed 5 second(s)

2022-06-27 12:36:45 - [TEST_STEP][PASSED] - tapAtPosition(startX, startY): Tapped at [360, 2,101]

2022-06-27 12:36:45 - [MESSAGE][PASSED] - Tapped at [360, 2,101]

2022-06-27 12:36:45 - [TEST_STEP][PASSED] - for ([i = 0, i < length, (i++)]): null

2022-06-27 12:36:45 - [TEST_STEP][PASSED] - if (trxAmount[i] == "0"): null

2022-06-27 12:36:45 - [TEST_STEP][PASSED] - if (trxAmount[i] == "1"): null

2022-06-27 12:36:45 - [TEST_STEP][PASSED] - if (trxAmount[i] == "2"): Tapped on element 'Object Repository/Login Onboarding/PIN2'

2022-06-27 12:36:45 - [TEST_STEP][PASSED] - tap(findTestObject("Login Onboarding/PIN2"), 0): Tapped on element 'Object Repository/Login Onboarding/PIN2'

2022-06-27 12:36:45 - [MESSAGE][WARNING] - Timeout '0' is invalid. Using default page load timeout: '40'

2022-06-27 12:36:46 - [MESSAGE][PASSED] - Tapped on element 'Object Repository/Login Onboarding/PIN2'

2022-06-27 12:36:46 - [TEST_STEP][PASSED] - if (trxAmount[i] == "3"): null

2022-06-27 12:36:46 - [TEST_STEP][PASSED] - if (trxAmount[i] == "4"): null

2022-06-27 12:36:46 - [TEST_STEP][PASSED] - if (trxAmount[i] == "5"): null

2022-06-27 12:36:46 - [TEST_STEP][PASSED] - if (trxAmount[i] == "6"): null

2022-06-27 12:36:46 - [TEST_STEP][PASSED] - if (trxAmount[i] == "7"): null

2022-06-27 12:36:46 - [TEST_STEP][PASSED] - if (trxAmount[i] == "8"): null

2022-06-27 12:36:46 - [TEST_STEP][PASSED] - if (trxAmount[i] == "9"): null

2022-06-27 12:36:46 - [TEST_STEP][PASSED] - if (trxAmount[i] == "0"): Tapped on element 'Object Repository/Login Onboarding/PIN0'

2022-06-27 12:36:46 - [TEST_STEP][PASSED] - tap(findTestObject("Login Onboarding/PIN0"), 0): Tapped on element 'Object Repository/Login Onboarding/PIN0'

2022-06-27 12:36:46 - [MESSAGE][WARNING] - Timeout '0' is invalid. Using default page load timeout: '40'

2022-06-27 12:36:47 - [MESSAGE][PASSED] - Tapped on element 'Object Repository/Login Onboarding/PIN0'

2022-06-27 12:36:47 - [TEST_STEP][PASSED] - if (trxAmount[i] == "1"): null

2022-06-27 12:36:47 - [TEST_STEP][PASSED] - if (trxAmount[i] == "2"): null

2022-06-27 12:36:47 - [TEST_STEP][PASSED] - if (trxAmount[i] == "3"): null

2022-06-27 12:36:47 - [TEST_STEP][PASSED] - if (trxAmount[i] == "4"): null

2022-06-27 12:36:47 - [TEST_STEP][PASSED] - if (trxAmount[i] == "5"): null

2022-06-27 12:36:47 - [TEST_STEP][PASSED] - if (trxAmount[i] == "6"): null

2022-06-27 12:36:47 - [TEST_STEP][PASSED] - if (trxAmount[i] == "7"): null

2022-06-27 12:36:47 - [TEST_STEP][PASSED] - if (trxAmount[i] == "8"): null

2022-06-27 12:36:47 - [TEST_STEP][PASSED] - if (trxAmount[i] == "9"): null

2022-06-27 12:36:47 - [TEST_STEP][PASSED] - if (trxAmount[i] == "0"): Tapped on element 'Object Repository/Login Onboarding/PIN0'

2022-06-27 12:36:47 - [TEST_STEP][PASSED] - tap(findTestObject("Login Onboarding/PIN0"), 0): Tapped on element 'Object Repository/Login Onboarding/PIN0'

2022-06-27 12:36:47 - [MESSAGE][WARNING] - Timeout '0' is invalid. Using default page load timeout: '40'

2022-06-27 12:36:48 - [MESSAGE][PASSED] - Tapped on element 'Object Repository/Login Onboarding/PIN0'

2022-06-27 12:36:48 - [TEST_STEP][PASSED] - if (trxAmount[i] == "1"): null

2022-06-27 12:36:48 - [TEST_STEP][PASSED] - if (trxAmount[i] == "2"): null

2022-06-27 12:36:48 - [TEST_STEP][PASSED] - if (trxAmount[i] == "3"): null

2022-06-27 12:36:48 - [TEST_STEP][PASSED] - if (trxAmount[i] == "4"): null

2022-06-27 12:36:48 - [TEST_STEP][PASSED] - if (trxAmount[i] == "5"): null

2022-06-27 12:36:48 - [TEST_STEP][PASSED] - if (trxAmount[i] == "6"): null

2022-06-27 12:36:48 - [TEST_STEP][PASSED] - if (trxAmount[i] == "7"): null

2022-06-27 12:36:48 - [TEST_STEP][PASSED] - if (trxAmount[i] == "8"): null

2022-06-27 12:36:48 - [TEST_STEP][PASSED] - if (trxAmount[i] == "9"): null

2022-06-27 12:36:48 - [TEST_STEP][PASSED] - delay(3): Delayed 3 second(s)

2022-06-27 12:36:51 - [MESSAGE][PASSED] - Delayed 3 second(s)

2022-06-27 12:36:51 - [TEST_STEP][PASSED] - verifyElementText(findTestObject("Transfer/transferAmountInputValueTxt", ["value":checkValue]), checkValue): Actual text and expected text of test object 'Object Repository/Transfer/transferAmountInputValueTxt' are matched.

2022-06-27 12:36:52 - [MESSAGE][PASSED] - Actual text and expected text of test object 'Object Repository/Transfer/transferAmountInputValueTxt' are matched.

2022-06-27 12:36:52 - [TEST_STEP][PASSED] - delay(3): Delayed 3 second(s)

2022-06-27 12:36:55 - [MESSAGE][PASSED] - Delayed 3 second(s)

2022-06-27 12:36:55 - [TEST_STEP][PASSED] - tap(findTestObject("Login Onboarding/loginPinTickBtn"), 0): Tapped on element 'Object Repository/Login Onboarding/loginPinTickBtn'

2022-06-27 12:36:55 - [MESSAGE][WARNING] - Timeout '0' is invalid. Using default page load timeout: '40'

2022-06-27 12:36:55 - [MESSAGE][PASSED] - Tapped on element 'Object Repository/Login Onboarding/loginPinTickBtn'

2022-06-27 12:36:55 - [TEST_STEP][PASSED] - delay(3): Delayed 3 second(s)

2022-06-27 12:36:58 - [MESSAGE][PASSED] - Delayed 3 second(s)

2022-06-27 12:36:58 - [TEST_STEP][PASSED] - verifyElementText(findTestObject("Transfer/transferReferenceAccNoTxt", ["accNo":accNo]), accNo): Actual text and expected text of test object 'Object Repository/Transfer/transferReferenceAccNoTxt' are matched.

2022-06-27 12:36:58 - [MESSAGE][PASSED] - Actual text and expected text of test object 'Object Repository/Transfer/transferReferenceAccNoTxt' are matched.

2022-06-27 12:36:58 - [TEST_STEP][PASSED] - verifyElementText(findTestObject("Transfer/transferReferenceAccBankTxt", ["accBank":accBank]), accBank): Actual text and expected text of test object 'Object Repository/Transfer/transferReferenceAccBankTxt' are matched.

2022-06-27 12:36:58 - [MESSAGE][PASSED] - Actual text and expected text of test object 'Object Repository/Transfer/transferReferenceAccBankTxt' are matched.

2022-06-27 12:36:58 - [TEST_STEP][PASSED] - verifyElementExist(findTestObject("Transfer/transferReferenceInputField"), 0): Element 'Object Repository/Transfer/transferReferenceInputField' is exist

2022-06-27 12:36:58 - [MESSAGE][WARNING] - Timeout '0' is invalid. Using default page load timeout: '40'

2022-06-27 12:36:59 - [MESSAGE][PASSED] - Element 'Object Repository/Transfer/transferReferenceInputField' is exist

2022-06-27 12:36:59 - [TEST_STEP][PASSED] - setText(findTestObject("Banking/transferReferenceInputField"), reference, 0): Text 'IBGInstantTransfer' has been set to element 'Object Repository/Banking/transferReferenceInputField'

2022-06-27 12:36:59 - [MESSAGE][WARNING] - Timeout '0' is invalid. Using default page load timeout: '40'

2022-06-27 12:36:59 - [MESSAGE][PASSED] - Text 'IBGInstantTransfer' has been set to element 'Object Repository/Banking/transferReferenceInputField'

2022-06-27 12:36:59 - [TEST_STEP][PASSED] - hideKeyboard(): Keyboard is hidden

2022-06-27 12:37:02 - [MESSAGE][PASSED] - Keyboard is hidden

2022-06-27 12:37:02 - [TEST_STEP][PASSED] - verifyElementText(findTestObject("Transfer/transferReferenceInputFieldAfter", ["reference":reference]), reference): Actual text and expected text of test object 'Object Repository/Transfer/transferReferenceInputFieldAfter' are matched.

2022-06-27 12:37:02 - [MESSAGE][PASSED] - Actual text and expected text of test object 'Object Repository/Transfer/transferReferenceInputFieldAfter' are matched.

2022-06-27 12:37:02 - [TEST_STEP][PASSED] - tap(findTestObject("Login Onboarding/loginExistingContinueBtn"), 0): Tapped on element 'Object Repository/Login Onboarding/loginExistingContinueBtn'

2022-06-27 12:37:02 - [MESSAGE][WARNING] - Timeout '0' is invalid. Using default page load timeout: '40'

2022-06-27 12:37:02 - [MESSAGE][PASSED] - Tapped on element 'Object Repository/Login Onboarding/loginExistingContinueBtn'

2022-06-27 12:37:02 - [TEST_STEP][PASSED] - verifyElementText(findTestObject("Transfer/transferReferenceAccNoTxt", ["accNo":accNo]), accNo): Actual text and expected text of test object 'Object Repository/Transfer/transferReferenceAccNoTxt' are matched.

2022-06-27 12:37:02 - [MESSAGE][PASSED] - Actual text and expected text of test object 'Object Repository/Transfer/transferReferenceAccNoTxt' are matched.

2022-06-27 12:37:02 - [TEST_STEP][PASSED] - verifyElementText(findTestObject("Transfer/transferReferenceAccBankTxt", ["accBank":accBank]), accBank): Actual text and expected text of test object 'Object Repository/Transfer/transferReferenceAccBankTxt' are matched.

2022-06-27 12:37:02 - [MESSAGE][PASSED] - Actual text and expected text of test object 'Object Repository/Transfer/transferReferenceAccBankTxt' are matched.

2022-06-27 12:37:02 - [TEST_STEP][PASSED] - tap(findTestObject("Banking/transferTypeDropdownSelection"), 0): Tapped on element 'Object Repository/Banking/transferTypeDropdownSelection'

2022-06-27 12:37:02 - [MESSAGE][WARNING] - Timeout '0' is invalid. Using default page load timeout: '40'

2022-06-27 12:37:06 - [MESSAGE][PASSED] - Tapped on element 'Object Repository/Banking/transferTypeDropdownSelection'

2022-06-27 12:37:06 - [TEST_STEP][PASSED] - scrollToText("Fund Transfer", STOP_ON_FAILURE): Scrolling to text 'Fund Transfer' successfully

2022-06-27 12:37:09 - [MESSAGE][PASSED] - Scrolling to text 'Fund Transfer' successfully

2022-06-27 12:37:09 - [TEST_STEP][PASSED] - tap(findTestObject("Banking/tansferTypeFundDropdownSelection"), 0): Tapped on element 'Object Repository/Banking/tansferTypeFundDropdownSelection'

2022-06-27 12:37:09 - [MESSAGE][WARNING] - Timeout '0' is invalid. Using default page load timeout: '40'

2022-06-27 12:37:09 - [MESSAGE][PASSED] - Tapped on element 'Object Repository/Banking/tansferTypeFundDropdownSelection'

2022-06-27 12:37:09 - [TEST_STEP][PASSED] - tap(findTestObject("Banking/transferModeDropdownDoneBtn"), 0): Tapped on element 'Object Repository/Banking/transferModeDropdownDoneBtn'

2022-06-27 12:37:09 - [MESSAGE][WARNING] - Timeout '0' is invalid. Using default page load timeout: '40'

2022-06-27 12:37:10 - [MESSAGE][PASSED] - Tapped on element 'Object Repository/Banking/transferModeDropdownDoneBtn'

2022-06-27 12:37:10 - [TEST_STEP][PASSED] - delay(3): Delayed 3 second(s)

2022-06-27 12:37:13 - [MESSAGE][PASSED] - Delayed 3 second(s)

2022-06-27 12:37:13 - [TEST_STEP][PASSED] - verifyElementExist(findTestObject("Transfer/instantTransferModeDuitTxt", ["mode":initialMode]), 0): Element 'Object Repository/Transfer/instantTransferModeDuitTxt' is exist

2022-06-27 12:37:13 - [MESSAGE][WARNING] - Timeout '0' is invalid. Using default page load timeout: '40'

2022-06-27 12:37:13 - [MESSAGE][PASSED] - Element 'Object Repository/Transfer/instantTransferModeDuitTxt' is exist

2022-06-27 12:37:13 - [TEST_STEP][PASSED] - tap(findTestObject("Transfer/instantTransferModeDuitTxt", ["mode":initialMode]), 0): Tapped on element 'Object Repository/Transfer/instantTransferModeDuitTxt'

2022-06-27 12:37:13 - [MESSAGE][WARNING] - Timeout '0' is invalid. Using default page load timeout: '40'

2022-06-27 12:37:13 - [MESSAGE][PASSED] - Tapped on element 'Object Repository/Transfer/instantTransferModeDuitTxt'

2022-06-27 12:37:13 - [TEST_STEP][PASSED] - delay(3): Delayed 3 second(s)

2022-06-27 12:37:16 - [MESSAGE][PASSED] - Delayed 3 second(s)

2022-06-27 12:37:16 - [TEST_STEP][PASSED] - scrollToText(selectedMode, STOP_ON_FAILURE): Scrolling to text 'GIRO' successfully

2022-06-27 12:37:17 - [MESSAGE][PASSED] - Scrolling to text 'GIRO' successfully

2022-06-27 12:37:17 - [TEST_STEP][PASSED] - tap(findTestObject("Transfer/instantTransferModeDropdownSelect", ["modeS":selectedMode]), 0): Tapped on element 'Object Repository/Transfer/instantTransferModeDropdownSelect'

2022-06-27 12:37:17 - [MESSAGE][WARNING] - Timeout '0' is invalid. Using default page load timeout: '40'

2022-06-27 12:37:17 - [MESSAGE][PASSED] - Tapped on element 'Object Repository/Transfer/instantTransferModeDropdownSelect'

2022-06-27 12:37:17 - [TEST_STEP][PASSED] - delay(3): Delayed 3 second(s)

2022-06-27 12:37:20 - [MESSAGE][PASSED] - Delayed 3 second(s)

2022-06-27 12:37:20 - [TEST_STEP][PASSED] - tap(findTestObject("Banking/transferModeDropdownDoneBtn"), 0): Tapped on element 'Object Repository/Banking/transferModeDropdownDoneBtn'

2022-06-27 12:37:20 - [MESSAGE][WARNING] - Timeout '0' is invalid. Using default page load timeout: '40'

2022-06-27 12:37:20 - [MESSAGE][PASSED] - Tapped on element 'Object Repository/Banking/transferModeDropdownDoneBtn'

2022-06-27 12:37:20 - [TEST_STEP][PASSED] - delay(3): Delayed 3 second(s)

2022-06-27 12:37:23 - [MESSAGE][PASSED] - Delayed 3 second(s)

2022-06-27 12:37:23 - [TEST_STEP][PASSED] - verifyElementExist(findTestObject("Transfer/instantTransferModeDuitTxt", ["mode":selectedMode]), 0): Element 'Object Repository/Transfer/instantTransferModeDuitTxt' is exist

2022-06-27 12:37:23 - [MESSAGE][WARNING] - Timeout '0' is invalid. Using default page load timeout: '40'

2022-06-27 12:37:24 - [MESSAGE][PASSED] - Element 'Object Repository/Transfer/instantTransferModeDuitTxt' is exist

2022-06-27 12:37:24 - [TEST_STEP][PASSED] - verifyElementExist(findTestObject("Transfer/instantTransferModeTitleTxt"), 0): Element 'Object Repository/Transfer/instantTransferModeTitleTxt' is exist

2022-06-27 12:37:24 - [MESSAGE][WARNING] - Timeout '0' is invalid. Using default page load timeout: '40'

2022-06-27 12:37:24 - [MESSAGE][PASSED] - Element 'Object Repository/Transfer/instantTransferModeTitleTxt' is exist

2022-06-27 12:37:24 - [TEST_STEP][PASSED] - verifyElementExist(findTestObject("Transfer/instantTransferTypeFundTxt"), 0): Element 'Object Repository/Transfer/instantTransferTypeFundTxt' is exist

2022-06-27 12:37:24 - [MESSAGE][WARNING] - Timeout '0' is invalid. Using default page load timeout: '40'

2022-06-27 12:37:24 - [MESSAGE][PASSED] - Element 'Object Repository/Transfer/instantTransferTypeFundTxt' is exist

2022-06-27 12:37:24 - [TEST_STEP][PASSED] - verifyElementExist(findTestObject("Transfer/instantTransferTypeTitleTxt"), 0): Element 'Object Repository/Transfer/instantTransferTypeTitleTxt' is exist

2022-06-27 12:37:24 - [MESSAGE][WARNING] - Timeout '0' is invalid. Using default page load timeout: '40'

2022-06-27 12:37:24 - [MESSAGE][PASSED] - Element 'Object Repository/Transfer/instantTransferTypeTitleTxt' is exist

2022-06-27 12:37:24 - [TEST_STEP][PASSED] - tap(findTestObject("Login Onboarding/loginExistingContinueBtn"), 0): Tapped on element 'Object Repository/Login Onboarding/loginExistingContinueBtn'

2022-06-27 12:37:24 - [MESSAGE][WARNING] - Timeout '0' is invalid. Using default page load timeout: '40'

2022-06-27 12:37:24 - [MESSAGE][PASSED] - Tapped on element 'Object Repository/Login Onboarding/loginExistingContinueBtn'

2022-06-27 12:37:24 - [TEST_STEP][PASSED] - delay(5): Delayed 5 second(s)

2022-06-27 12:37:29 - [MESSAGE][PASSED] - Delayed 5 second(s)

2022-06-27 12:37:29 - [TEST_STEP][PASSED] - verifyElementText(findTestObject("Transfer/instantIBGNameAccountNoTxt", ["accNo":accNo]), accNo): Actual text and expected text of test object 'Object Repository/Transfer/instantIBGNameAccountNoTxt' are matched.

2022-06-27 12:37:30 - [MESSAGE][PASSED] - Actual text and expected text of test object 'Object Repository/Transfer/instantIBGNameAccountNoTxt' are matched.

2022-06-27 12:37:30 - [TEST_STEP][PASSED] - verifyElementText(findTestObject("Transfer/instantIBGNameAccountBankTxt", ["accBank":accBank]), accBank): Actual text and expected text of test object 'Object Repository/Transfer/instantIBGNameAccountBankTxt' are matched.

2022-06-27 12:37:30 - [MESSAGE][PASSED] - Actual text and expected text of test object 'Object Repository/Transfer/instantIBGNameAccountBankTxt' are matched.

2022-06-27 12:37:30 - [TEST_STEP][PASSED] - verifyElementExist(findTestObject("Transfer/instantIBGNameEnterNameTitleTxt"), 0): Element 'Object Repository/Transfer/instantIBGNameEnterNameTitleTxt' is exist

2022-06-27 12:37:30 - [MESSAGE][WARNING] - Timeout '0' is invalid. Using default page load timeout: '40'

2022-06-27 12:37:30 - [MESSAGE][PASSED] - Element 'Object Repository/Transfer/instantIBGNameEnterNameTitleTxt' is exist

2022-06-27 12:37:30 - [TEST_STEP][PASSED] - setText(findTestObject("Banking/transferReferenceInputField"), accName, 0): Text 'RANBEER SINGH' has been set to element 'Object Repository/Banking/transferReferenceInputField'

2022-06-27 12:37:30 - [MESSAGE][WARNING] - Timeout '0' is invalid. Using default page load timeout: '40'

2022-06-27 12:37:31 - [MESSAGE][PASSED] - Text 'RANBEER SINGH' has been set to element 'Object Repository/Banking/transferReferenceInputField'

2022-06-27 12:37:31 - [TEST_STEP][PASSED] - hideKeyboard(): Keyboard is hidden

2022-06-27 12:37:33 - [MESSAGE][PASSED] - Keyboard is hidden

2022-06-27 12:37:33 - [TEST_STEP][PASSED] - verifyElementText(findTestObject("Transfer/instantIBGNameInputtedNameTxt", ["accName":accName]), accName): Actual text and expected text of test object 'Object Repository/Transfer/instantIBGNameInputtedNameTxt' are matched.

2022-06-27 12:37:33 - [MESSAGE][PASSED] - Actual text and expected text of test object 'Object Repository/Transfer/instantIBGNameInputtedNameTxt' are matched.

2022-06-27 12:37:33 - [TEST_STEP][PASSED] - tap(findTestObject("Login Onboarding/loginExistingContinueBtn"), 0): Tapped on element 'Object Repository/Login Onboarding/loginExistingContinueBtn'

2022-06-27 12:37:33 - [MESSAGE][WARNING] - Timeout '0' is invalid. Using default page load timeout: '40'

2022-06-27 12:37:34 - [MESSAGE][PASSED] - Tapped on element 'Object Repository/Login Onboarding/loginExistingContinueBtn'

2022-06-27 12:37:34 - [TEST_STEP][PASSED] - delay(5): Delayed 5 second(s)

2022-06-27 12:37:39 - [MESSAGE][PASSED] - Delayed 5 second(s)

2022-06-27 12:37:39 - [TEST_STEP][PASSED] - verifyElementText(findTestObject("Transfer/transferConfirmationTransactionDateTxt"), trxDate): Actual text and expected text of test object 'Object Repository/Transfer/transferConfirmationTransactionDateTxt' are matched.

2022-06-27 12:37:39 - [MESSAGE][PASSED] - Actual text and expected text of test object 'Object Repository/Transfer/transferConfirmationTransactionDateTxt' are matched.

2022-06-27 12:37:39 - [TEST_STEP][PASSED] - verifyElementText(findTestObject("Transfer/transferConfirmationAccountNameTxt", ["accName":accName]), accName): Actual text and expected text of test object 'Object Repository/Transfer/transferConfirmationAccountNameTxt' are matched.

2022-06-27 12:37:39 - [MESSAGE][PASSED] - Actual text and expected text of test object 'Object Repository/Transfer/transferConfirmationAccountNameTxt' are matched.

2022-06-27 12:37:39 - [TEST_STEP][PASSED] - verifyElementText(findTestObject("Transfer/transferConfirmationAccountNoTxt", ["accNo":accNo]), accNo): Actual text and expected text of test object 'Object Repository/Transfer/transferConfirmationAccountNoTxt' are matched.

2022-06-27 12:37:40 - [MESSAGE][PASSED] - Actual text and expected text of test object 'Object Repository/Transfer/transferConfirmationAccountNoTxt' are matched.

2022-06-27 12:37:40 - [TEST_STEP][PASSED] - verifyElementText(findTestObject("Transfer/transferConfirmationAmountTxt", ["amount":amount]), amount): Actual text and expected text of test object 'Object Repository/Transfer/transferConfirmationAmountTxt' are matched.

2022-06-27 12:37:41 - [MESSAGE][PASSED] - Actual text and expected text of test object 'Object Repository/Transfer/transferConfirmationAmountTxt' are matched.

2022-06-27 12:37:41 - [TEST_STEP][PASSED] - verifyElementText(findTestObject("Transfer/transferConfirmationTransactionRecRefTxt", ["reference":reference]), reference): Actual text and expected text of test object 'Object Repository/Transfer/transferConfirmationTransactionRecRefTxt' are matched.

2022-06-27 12:37:41 - [MESSAGE][PASSED] - Actual text and expected text of test object 'Object Repository/Transfer/transferConfirmationTransactionRecRefTxt' are matched.

2022-06-27 12:37:41 - [TEST_STEP][PASSED] - verifyElementText(findTestObject("Transfer/transferConfirmationTransactionBankTxt", ["accBank":accBank]), accBank): Actual text and expected text of test object 'Object Repository/Transfer/transferConfirmationTransactionBankTxt' are matched.

2022-06-27 12:37:41 - [MESSAGE][PASSED] - Actual text and expected text of test object 'Object Repository/Transfer/transferConfirmationTransactionBankTxt' are matched.

2022-06-27 12:37:41 - [TEST_STEP][PASSED] - verifyElementText(findTestObject("Transfer/transferConfirmationOptionalGreyWordTxt"), "Optional"): Actual text and expected text of test object 'Object Repository/Transfer/transferConfirmationOptionalGreyWordTxt' are matched.

2022-06-27 12:37:41 - [MESSAGE][PASSED] - Actual text and expected text of test object 'Object Repository/Transfer/transferConfirmationOptionalGreyWordTxt' are matched.

2022-06-27 12:37:41 - [TEST_STEP][PASSED] - verifyElementText(findTestObject("Transfer/instantTransferConfirmationTransactionTypeTxt"), trxType): Actual text and expected text of test object 'Object Repository/Transfer/instantTransferConfirmationTransactionTypeTxt' are matched.

2022-06-27 12:37:42 - [MESSAGE][PASSED] - Actual text and expected text of test object 'Object Repository/Transfer/instantTransferConfirmationTransactionTypeTxt' are matched.

2022-06-27 12:37:42 - [TEST_STEP][PASSED] - verifyElementText(findTestObject("Transfer/instantTransferConfirmationTransactionModeTxt", ["modeC":selectedMode]), selectedMode): Actual text and expected text of test object 'Object Repository/Transfer/instantTransferConfirmationTransactionModeTxt' are matched.

2022-06-27 12:37:42 - [MESSAGE][PASSED] - Actual text and expected text of test object 'Object Repository/Transfer/instantTransferConfirmationTransactionModeTxt' are matched.

2022-06-27 12:37:42 - [TEST_STEP][PASSED] - verifyElementText(findTestObject("Transfer/instantTransferConfirmationTransactionServiceTxt"), "RM 0.00"): Actual text and expected text of test object 'Object Repository/Transfer/instantTransferConfirmationTransactionServiceTxt' are matched.

2022-06-27 12:37:42 - [MESSAGE][PASSED] - Actual text and expected text of test object 'Object Repository/Transfer/instantTransferConfirmationTransactionServiceTxt' are matched.

2022-06-27 12:37:42 - [TEST_STEP][PASSED] - verifyElementExist(findTestObject("Transfer/transferConfirmationBankNameTitleTxt"), 0): Element 'Object Repository/Transfer/transferConfirmationBankNameTitleTxt' is exist

2022-06-27 12:37:42 - [MESSAGE][WARNING] - Timeout '0' is invalid. Using default page load timeout: '40'

2022-06-27 12:37:43 - [MESSAGE][PASSED] - Element 'Object Repository/Transfer/transferConfirmationBankNameTitleTxt' is exist

2022-06-27 12:37:43 - [TEST_STEP][PASSED] - verifyElementExist(findTestObject("Transfer/transferConfirmationDateTitleTxt"), 0): Element 'Object Repository/Transfer/transferConfirmationDateTitleTxt' is exist

2022-06-27 12:37:43 - [MESSAGE][WARNING] - Timeout '0' is invalid. Using default page load timeout: '40'

2022-06-27 12:37:43 - [MESSAGE][PASSED] - Element 'Object Repository/Transfer/transferConfirmationDateTitleTxt' is exist

2022-06-27 12:37:43 - [TEST_STEP][PASSED] - verifyElementExist(findTestObject("Transfer/transferConfirmationRecRefTitleTxt"), 0): Element 'Object Repository/Transfer/transferConfirmationRecRefTitleTxt' is exist

2022-06-27 12:37:43 - [MESSAGE][WARNING] - Timeout '0' is invalid. Using default page load timeout: '40'

2022-06-27 12:37:43 - [MESSAGE][PASSED] - Element 'Object Repository/Transfer/transferConfirmationRecRefTitleTxt' is exist

2022-06-27 12:37:43 - [TEST_STEP][PASSED] - verifyElementExist(findTestObject("Transfer/transferConfirmationPaymentDetailsTitleTxt"), 0): Element 'Object Repository/Transfer/transferConfirmationPaymentDetailsTitleTxt' is exist

2022-06-27 12:37:43 - [MESSAGE][WARNING] - Timeout '0' is invalid. Using default page load timeout: '40'

2022-06-27 12:37:44 - [MESSAGE][PASSED] - Element 'Object Repository/Transfer/transferConfirmationPaymentDetailsTitleTxt' is exist

2022-06-27 12:37:44 - [TEST_STEP][PASSED] - verifyElementExist(findTestObject("Transfer/instantTransferConfirmationModeTitleTxt"), 0): Element 'Object Repository/Transfer/instantTransferConfirmationModeTitleTxt' is exist

2022-06-27 12:37:44 - [MESSAGE][WARNING] - Timeout '0' is invalid. Using default page load timeout: '40'

2022-06-27 12:37:44 - [MESSAGE][PASSED] - Element 'Object Repository/Transfer/instantTransferConfirmationModeTitleTxt' is exist

2022-06-27 12:37:44 - [TEST_STEP][PASSED] - verifyElementExist(findTestObject("Transfer/instantTransferConfirmationServiceFeeTitleTxt"), 0): Element 'Object Repository/Transfer/instantTransferConfirmationServiceFeeTitleTxt' is exist

2022-06-27 12:37:44 - [MESSAGE][WARNING] - Timeout '0' is invalid. Using default page load timeout: '40'

2022-06-27 12:37:44 - [MESSAGE][PASSED] - Element 'Object Repository/Transfer/instantTransferConfirmationServiceFeeTitleTxt' is exist

2022-06-27 12:37:44 - [TEST_STEP][PASSED] - verifyElementExist(findTestObject("Transfer/instantTransferConfirmationTypeTitleTxt"), 0): Element 'Object Repository/Transfer/instantTransferConfirmationTypeTitleTxt' is exist

2022-06-27 12:37:44 - [MESSAGE][WARNING] - Timeout '0' is invalid. Using default page load timeout: '40'

2022-06-27 12:37:44 - [MESSAGE][PASSED] - Element 'Object Repository/Transfer/instantTransferConfirmationTypeTitleTxt' is exist

2022-06-27 12:37:44 - [TEST_STEP][PASSED] - verifyElementExist(findTestObject("Transfer/transferConfirmationNoteTitleTxt"), 0): Element 'Object Repository/Transfer/transferConfirmationNoteTitleTxt' is exist

2022-06-27 12:37:44 - [MESSAGE][WARNING] - Timeout '0' is invalid. Using default page load timeout: '40'

2022-06-27 12:37:45 - [MESSAGE][PASSED] - Element 'Object Repository/Transfer/transferConfirmationNoteTitleTxt' is exist

2022-06-27 12:37:45 - [TEST_STEP][PASSED] - tap(findTestObject("Transfer/transferConfirmationOptionalGreyWordTxt"), 0): Tapped on element 'Object Repository/Transfer/transferConfirmationOptionalGreyWordTxt'

2022-06-27 12:37:45 - [MESSAGE][WARNING] - Timeout '0' is invalid. Using default page load timeout: '40'

2022-06-27 12:37:45 - [MESSAGE][PASSED] - Tapped on element 'Object Repository/Transfer/transferConfirmationOptionalGreyWordTxt'

2022-06-27 12:37:45 - [TEST_STEP][PASSED] - setText(findTestObject("Transfer/transferConfirmationDetailsInputField"), details, 0): Text 'Test' has been set to element 'Object Repository/Transfer/transferConfirmationDetailsInputField'

2022-06-27 12:37:45 - [MESSAGE][WARNING] - Timeout '0' is invalid. Using default page load timeout: '40'

2022-06-27 12:37:48 - [MESSAGE][PASSED] - Text 'Test' has been set to element 'Object Repository/Transfer/transferConfirmationDetailsInputField'

2022-06-27 12:37:48 - [TEST_STEP][PASSED] - hideKeyboard(): Keyboard is hidden

2022-06-27 12:37:50 - [MESSAGE][PASSED] - Keyboard is hidden

2022-06-27 12:37:50 - [TEST_STEP][PASSED] - verifyElementText(findTestObject("Transfer/transferConfirmationOptionalGreyWordTxt"), details): Actual text and expected text of test object 'Object Repository/Transfer/transferConfirmationOptionalGreyWordTxt' are matched.

2022-06-27 12:37:50 - [MESSAGE][PASSED] - Actual text and expected text of test object 'Object Repository/Transfer/transferConfirmationOptionalGreyWordTxt' are matched.

2022-06-27 12:37:50 - [TEST_STEP][PASSED] - device_Height_2 = getDeviceHeight(): Current device physical height is 2167

2022-06-27 12:37:50 - [MESSAGE][PASSED] - Current device physical height is 2167

2022-06-27 12:37:50 - [TEST_STEP][PASSED] - device_Width_2 = getDeviceWidth(): Current device physical width is 1080

2022-06-27 12:37:50 - [MESSAGE][PASSED] - Current device physical width is 1080

2022-06-27 12:37:50 - [TEST_STEP][PASSED] - startX_2 = device_Width_2 / 2: null

2022-06-27 12:37:50 - [TEST_STEP][PASSED] - endX_2 = startX_2: null

2022-06-27 12:37:50 - [TEST_STEP][PASSED] - startY_2 = device_Height_2 * 0.30: null

2022-06-27 12:37:50 - [TEST_STEP][PASSED] - endY_2 = device_Height_2 * 0.70: null

2022-06-27 12:37:50 - [TEST_STEP][PASSED] - swipe(startX_2, endY_2, endX_2, startY_2): Swiped from 540,1,516 to 540,650

2022-06-27 12:37:51 - [MESSAGE][PASSED] - Swiped from 540,1,516 to 540,650

2022-06-27 12:37:51 - [TEST_STEP][PASSED] - verifyElementExist(findTestObject("Transfer/instantTransferConfirmationNotes1Txt"), 0): Element 'Object Repository/Transfer/instantTransferConfirmationNotes1Txt' is exist

2022-06-27 12:37:51 - [MESSAGE][WARNING] - Timeout '0' is invalid. Using default page load timeout: '40'

2022-06-27 12:37:52 - [MESSAGE][PASSED] - Element 'Object Repository/Transfer/instantTransferConfirmationNotes1Txt' is exist

2022-06-27 12:37:52 - [TEST_STEP][PASSED] - verifyElementExist(findTestObject("Transfer/transferConfirmationFTransferFromTitleTxt"), 0): Element 'Object Repository/Transfer/transferConfirmationFTransferFromTitleTxt' is exist

2022-06-27 12:37:52 - [MESSAGE][WARNING] - Timeout '0' is invalid. Using default page load timeout: '40'

2022-06-27 12:37:52 - [MESSAGE][PASSED] - Element 'Object Repository/Transfer/transferConfirmationFTransferFromTitleTxt' is exist

2022-06-27 12:37:52 - [TEST_STEP][PASSED] - verifyElementExist(findTestObject("Transfer/instantTransferConfirmationNotes2Txt"), 0): Element 'Object Repository/Transfer/instantTransferConfirmationNotes2Txt' is exist

2022-06-27 12:37:52 - [MESSAGE][WARNING] - Timeout '0' is invalid. Using default page load timeout: '40'

2022-06-27 12:37:52 - [MESSAGE][PASSED] - Element 'Object Repository/Transfer/instantTransferConfirmationNotes2Txt' is exist

2022-06-27 12:37:52 - [TEST_STEP][PASSED] - verifyElementText(findTestObject("Transfer/transferConfirmationFromAccTypeTxt", ["accType":accType]), accType): Actual text and expected text of test object 'Object Repository/Transfer/transferConfirmationFromAccTypeTxt' are matched.

2022-06-27 12:37:53 - [MESSAGE][PASSED] - Actual text and expected text of test object 'Object Repository/Transfer/transferConfirmationFromAccTypeTxt' are matched.

2022-06-27 12:37:53 - [TEST_STEP][PASSED] - verifyElementText(findTestObject("Transfer/transferConfirmationFromAccNoTxt", ["accNoFrom":accNoFrom]), accNoFrom): Actual text and expected text of test object 'Object Repository/Transfer/transferConfirmationFromAccNoTxt' are matched.

2022-06-27 12:37:53 - [MESSAGE][PASSED] - Actual text and expected text of test object 'Object Repository/Transfer/transferConfirmationFromAccNoTxt' are matched.

2022-06-27 12:37:53 - [TEST_STEP][PASSED] - verifyElementExist(findTestObject("Transfer/transferConfirmationFromAccBalanceTxt"), 0): Element 'Object Repository/Transfer/transferConfirmationFromAccBalanceTxt' is exist

2022-06-27 12:37:53 - [MESSAGE][WARNING] - Timeout '0' is invalid. Using default page load timeout: '40'

2022-06-27 12:37:53 - [MESSAGE][PASSED] - Element 'Object Repository/Transfer/transferConfirmationFromAccBalanceTxt' is exist

2022-06-27 12:37:53 - [TEST_STEP][PASSED] - accountBalance = getText(findTestObject("Transfer/transferConfirmationFromAccBalanceTxt"), 0): Text of element 'Object Repository/Transfer/transferConfirmationFromAccBalanceTxt' is: 'RM 1,941.94'

2022-06-27 12:37:53 - [MESSAGE][WARNING] - Timeout '0' is invalid. Using default page load timeout: '40'

2022-06-27 12:37:54 - [MESSAGE][PASSED] - Text of element 'Object Repository/Transfer/transferConfirmationFromAccBalanceTxt' is: 'RM 1,941.94'

2022-06-27 12:37:54 - [TEST_STEP][PASSED] - println(accountBalance): null

2022-06-27 12:37:54 - [TEST_STEP][PASSED] - tap(findTestObject("Main/mainTransferNowBtn"), 0): Tapped on element 'Object Repository/Main/mainTransferNowBtn'

2022-06-27 12:37:54 - [MESSAGE][WARNING] - Timeout '0' is invalid. Using default page load timeout: '40'

2022-06-27 12:37:54 - [MESSAGE][PASSED] - Tapped on element 'Object Repository/Main/mainTransferNowBtn'

2022-06-27 12:37:54 - [TEST_STEP][PASSED] - if (value <= limit): null

2022-06-27 12:37:54 - [TEST_STEP][PASSED] - if (verifyElementVisible(findTestObject("Festive Season/seasonalGreetingAngpaoTACNoTxt"), 10, OPTIONAL)): null

2022-06-27 12:37:58 - [MESSAGE][PASSED] - Element 'Object Repository/Festive Season/seasonalGreetingAngpaoTACNoTxt' is visible

2022-06-27 12:37:58 - [TEST_STEP][PASSED] - OTP = getText(findTestObject("Festive Season/seasonalGreetingAngpaoTACNoTxt"), 10): Text of element 'Object Repository/Festive Season/seasonalGreetingAngpaoTACNoTxt' is: 'Your TAC no. is 115256'

2022-06-27 12:37:59 - [MESSAGE][PASSED] - Text of element 'Object Repository/Festive Season/seasonalGreetingAngpaoTACNoTxt' is: 'Your TAC no. is 115256'

2022-06-27 12:37:59 - [TEST_STEP][PASSED] - delay(5): Delayed 5 second(s)

2022-06-27 12:38:04 - [MESSAGE][PASSED] - Delayed 5 second(s)

2022-06-27 12:38:04 - [TEST_STEP][PASSED] - tapAtPosition(startX, startY): Tapped at [360, 2,101]

2022-06-27 12:38:04 - [MESSAGE][PASSED] - Tapped at [360, 2,101]

2022-06-27 12:38:04 - [TEST_STEP][PASSED] - for ([i = 16, i <= 21, (i++)]): null

2022-06-27 12:38:04 - [TEST_STEP][PASSED] - if (OTP[i] == "0"): null

2022-06-27 12:38:04 - [TEST_STEP][PASSED] - if (OTP[i] == "1"): Tapped on element 'Object Repository/Login Onboarding/PIN1'

2022-06-27 12:38:04 - [TEST_STEP][PASSED] - tap(findTestObject("Login Onboarding/PIN1"), 0): Tapped on element 'Object Repository/Login Onboarding/PIN1'

2022-06-27 12:38:04 - [MESSAGE][WARNING] - Timeout '0' is invalid. Using default page load timeout: '40'

2022-06-27 12:38:05 - [MESSAGE][PASSED] - Tapped on element 'Object Repository/Login Onboarding/PIN1'

2022-06-27 12:38:05 - [TEST_STEP][PASSED] - if (OTP[i] == "2"): null

2022-06-27 12:38:05 - [TEST_STEP][PASSED] - if (OTP[i] == "3"): null

2022-06-27 12:38:05 - [TEST_STEP][PASSED] - if (OTP[i] == "4"): null

2022-06-27 12:38:05 - [TEST_STEP][PASSED] - if (OTP[i] == "5"): null

2022-06-27 12:38:05 - [TEST_STEP][PASSED] - if (OTP[i] == "6"): null

2022-06-27 12:38:05 - [TEST_STEP][PASSED] - if (OTP[i] == "7"): null

2022-06-27 12:38:05 - [TEST_STEP][PASSED] - if (OTP[i] == "8"): null

2022-06-27 12:38:05 - [TEST_STEP][PASSED] - if (OTP[i] == "9"): null

2022-06-27 12:38:05 - [TEST_STEP][PASSED] - if (OTP[i] == "0"): null

2022-06-27 12:38:05 - [TEST_STEP][PASSED] - if (OTP[i] == "1"): Tapped on element 'Object Repository/Login Onboarding/PIN1'

2022-06-27 12:38:05 - [TEST_STEP][PASSED] - tap(findTestObject("Login Onboarding/PIN1"), 0): Tapped on element 'Object Repository/Login Onboarding/PIN1'

2022-06-27 12:38:05 - [MESSAGE][WARNING] - Timeout '0' is invalid. Using default page load timeout: '40'

2022-06-27 12:38:07 - [MESSAGE][PASSED] - Tapped on element 'Object Repository/Login Onboarding/PIN1'

2022-06-27 12:38:07 - [TEST_STEP][PASSED] - if (OTP[i] == "2"): null

2022-06-27 12:38:07 - [TEST_STEP][PASSED] - if (OTP[i] == "3"): null

2022-06-27 12:38:07 - [TEST_STEP][PASSED] - if (OTP[i] == "4"): null

2022-06-27 12:38:07 - [TEST_STEP][PASSED] - if (OTP[i] == "5"): null

2022-06-27 12:38:07 - [TEST_STEP][PASSED] - if (OTP[i] == "6"): null

2022-06-27 12:38:07 - [TEST_STEP][PASSED] - if (OTP[i] == "7"): null

2022-06-27 12:38:07 - [TEST_STEP][PASSED] - if (OTP[i] == "8"): null

2022-06-27 12:38:07 - [TEST_STEP][PASSED] - if (OTP[i] == "9"): null

2022-06-27 12:38:07 - [TEST_STEP][PASSED] - if (OTP[i] == "0"): null

2022-06-27 12:38:07 - [TEST_STEP][PASSED] - if (OTP[i] == "1"): null

2022-06-27 12:38:07 - [TEST_STEP][PASSED] - if (OTP[i] == "2"): null

2022-06-27 12:38:07 - [TEST_STEP][PASSED] - if (OTP[i] == "3"): null

2022-06-27 12:38:07 - [TEST_STEP][PASSED] - if (OTP[i] == "4"): null

2022-06-27 12:38:07 - [TEST_STEP][PASSED] - if (OTP[i] == "5"): Tapped on element 'Object Repository/Login Onboarding/PIN5'

2022-06-27 12:38:07 - [TEST_STEP][PASSED] - tap(findTestObject("Login Onboarding/PIN5"), 0): Tapped on element 'Object Repository/Login Onboarding/PIN5'

2022-06-27 12:38:07 - [MESSAGE][WARNING] - Timeout '0' is invalid. Using default page load timeout: '40'

2022-06-27 12:38:09 - [MESSAGE][PASSED] - Tapped on element 'Object Repository/Login Onboarding/PIN5'

2022-06-27 12:38:09 - [TEST_STEP][PASSED] - if (OTP[i] == "6"): null

2022-06-27 12:38:09 - [TEST_STEP][PASSED] - if (OTP[i] == "7"): null

2022-06-27 12:38:09 - [TEST_STEP][PASSED] - if (OTP[i] == "8"): null

2022-06-27 12:38:09 - [TEST_STEP][PASSED] - if (OTP[i] == "9"): null

2022-06-27 12:38:09 - [TEST_STEP][PASSED] - if (OTP[i] == "0"): null

2022-06-27 12:38:09 - [TEST_STEP][PASSED] - if (OTP[i] == "1"): null

2022-06-27 12:38:09 - [TEST_STEP][PASSED] - if (OTP[i] == "2"): Tapped on element 'Object Repository/Login Onboarding/PIN2'

2022-06-27 12:38:09 - [TEST_STEP][PASSED] - tap(findTestObject("Login Onboarding/PIN2"), 0): Tapped on element 'Object Repository/Login Onboarding/PIN2'

2022-06-27 12:38:09 - [MESSAGE][WARNING] - Timeout '0' is invalid. Using default page load timeout: '40'

2022-06-27 12:38:12 - [MESSAGE][PASSED] - Tapped on element 'Object Repository/Login Onboarding/PIN2'

2022-06-27 12:38:12 - [TEST_STEP][PASSED] - if (OTP[i] == "3"): null

2022-06-27 12:38:12 - [TEST_STEP][PASSED] - if (OTP[i] == "4"): null

2022-06-27 12:38:12 - [TEST_STEP][PASSED] - if (OTP[i] == "5"): null

2022-06-27 12:38:12 - [TEST_STEP][PASSED] - if (OTP[i] == "6"): null

2022-06-27 12:38:12 - [TEST_STEP][PASSED] - if (OTP[i] == "7"): null

2022-06-27 12:38:12 - [TEST_STEP][PASSED] - if (OTP[i] == "8"): null

2022-06-27 12:38:12 - [TEST_STEP][PASSED] - if (OTP[i] == "9"): null

2022-06-27 12:38:12 - [TEST_STEP][PASSED] - if (OTP[i] == "0"): null

2022-06-27 12:38:12 - [TEST_STEP][PASSED] - if (OTP[i] == "1"): null

2022-06-27 12:38:12 - [TEST_STEP][PASSED] - if (OTP[i] == "2"): null

2022-06-27 12:38:12 - [TEST_STEP][PASSED] - if (OTP[i] == "3"): null

2022-06-27 12:38:12 - [TEST_STEP][PASSED] - if (OTP[i] == "4"): null

2022-06-27 12:38:12 - [TEST_STEP][PASSED] - if (OTP[i] == "5"): Tapped on element 'Object Repository/Login Onboarding/PIN5'

2022-06-27 12:38:12 - [TEST_STEP][PASSED] - tap(findTestObject("Login Onboarding/PIN5"), 0): Tapped on element 'Object Repository/Login Onboarding/PIN5'

2022-06-27 12:38:12 - [MESSAGE][WARNING] - Timeout '0' is invalid. Using default page load timeout: '40'

2022-06-27 12:38:14 - [MESSAGE][PASSED] - Tapped on element 'Object Repository/Login Onboarding/PIN5'

2022-06-27 12:38:14 - [TEST_STEP][PASSED] - if (OTP[i] == "6"): null

2022-06-27 12:38:14 - [TEST_STEP][PASSED] - if (OTP[i] == "7"): null

2022-06-27 12:38:14 - [TEST_STEP][PASSED] - if (OTP[i] == "8"): null

2022-06-27 12:38:14 - [TEST_STEP][PASSED] - if (OTP[i] == "9"): null

2022-06-27 12:38:14 - [TEST_STEP][PASSED] - if (OTP[i] == "0"): null

2022-06-27 12:38:14 - [TEST_STEP][PASSED] - if (OTP[i] == "1"): null

2022-06-27 12:38:14 - [TEST_STEP][PASSED] - if (OTP[i] == "2"): null

2022-06-27 12:38:14 - [TEST_STEP][PASSED] - if (OTP[i] == "3"): null

2022-06-27 12:38:14 - [TEST_STEP][PASSED] - if (OTP[i] == "4"): null

2022-06-27 12:38:14 - [TEST_STEP][PASSED] - if (OTP[i] == "5"): null

2022-06-27 12:38:14 - [TEST_STEP][PASSED] - if (OTP[i] == "6"): Tapped on element 'Object Repository/Login Onboarding/PIN6'

2022-06-27 12:38:14 - [TEST_STEP][PASSED] - tap(findTestObject("Login Onboarding/PIN6"), 0): Tapped on element 'Object Repository/Login Onboarding/PIN6'

2022-06-27 12:38:14 - [MESSAGE][WARNING] - Timeout '0' is invalid. Using default page load timeout: '40'

2022-06-27 12:38:16 - [MESSAGE][PASSED] - Tapped on element 'Object Repository/Login Onboarding/PIN6'

2022-06-27 12:38:16 - [TEST_STEP][PASSED] - if (OTP[i] == "7"): null

2022-06-27 12:38:16 - [TEST_STEP][PASSED] - if (OTP[i] == "8"): null

2022-06-27 12:38:16 - [TEST_STEP][PASSED] - if (OTP[i] == "9"): null

2022-06-27 12:38:16 - [TEST_STEP][PASSED] - delay(3): Delayed 3 second(s)

2022-06-27 12:38:19 - [MESSAGE][PASSED] - Delayed 3 second(s)

2022-06-27 12:38:19 - [TEST_STEP][FAILED] - tap(findTestObject("others/maeTopupAmountTickBtn"), 0): Object Object Repository/others/maeTopupAmountTickBtn not found

2022-06-27 12:38:19 - [MESSAGE][WARNING] - Timeout '0' is invalid. Using default page load timeout: '40'

2022-06-27 12:38:59 - [MESSAGE][FAILED] - Object Object Repository/others/maeTopupAmountTickBtn not found

2022-06-27 12:38:59 - [TEST_STEP][PASSED] - delay(5): Delayed 5 second(s)

2022-06-27 12:39:04 - [MESSAGE][PASSED] - Delayed 5 second(s)

2022-06-27 12:39:04 - [TEST_STEP][PASSED] - verifyElementExist(findTestObject("Festive Season/returnAngpaoStatusMessageTxt"), 0): Element 'Object Repository/Festive Season/returnAngpaoStatusMessageTxt' is exist

2022-06-27 12:39:04 - [MESSAGE][WARNING] - Timeout '0' is invalid. Using default page load timeout: '40'

2022-06-27 12:39:32 - [MESSAGE][PASSED] - Element 'Object Repository/Festive Season/returnAngpaoStatusMessageTxt' is exist

2022-06-27 12:39:32 - [TEST_STEP][PASSED] - message = getText(findTestObject("Festive Season/returnAngpaoStatusMessageTxt"), 10): Text of element 'Object Repository/Festive Season/returnAngpaoStatusMessageTxt' is: 'Transfer failed'

2022-06-27 12:39:32 - [MESSAGE][PASSED] - Text of element 'Object Repository/Festive Season/returnAngpaoStatusMessageTxt' is: 'Transfer failed'

2022-06-27 12:39:32 - [TEST_STEP][PASSED] - println(message): null

2022-06-27 12:39:32 - [TEST_STEP][FAILED] - assert message == successTransactionMessage: Test Cases/Transfer/transfer_instantTransferIBG FAILED.
Reason:
Assertion failed: 

assert message == successTransactionMessage
       |       |  |
       |       |  Transfer accepted
       |       false
       Transfer failed

	at transfer_instantTransferIBG.run(transfer_instantTransferIBG:396)
	at com.kms.katalon.core.main.ScriptEngine.run(ScriptEngine.java:194)
	at com.kms.katalon.core.main.ScriptEngine.runScriptAsRawText(ScriptEngine.java:119)
	at com.kms.katalon.core.main.TestCaseExecutor.runScript(TestCaseExecutor.java:445)
	at com.kms.katalon.core.main.TestCaseExecutor.doExecute(TestCaseExecutor.java:436)
	at com.kms.katalon.core.main.TestCaseExecutor.processExecutionPhase(TestCaseExecutor.java:415)
	at com.kms.katalon.core.main.TestCaseExecutor.accessMainPhase(TestCaseExecutor.java:407)
	at com.kms.katalon.core.main.TestCaseExecutor.execute(TestCaseExecutor.java:284)
	at com.kms.katalon.core.common.CommonExecutor.accessTestCaseMainPhase(CommonExecutor.java:65)
	at com.kms.katalon.core.main.TestSuiteExecutor.accessTestSuiteMainPhase(TestSuiteExecutor.java:144)
	at com.kms.katalon.core.main.TestSuiteExecutor.execute(TestSuiteExecutor.java:106)
	at com.kms.katalon.core.main.TestCaseMain.startTestSuite(TestCaseMain.java:185)
	at com.kms.katalon.core.main.TestCaseMain$startTestSuite$0.call(Unknown Source)
	at TempTestSuite1656303798210.run(TempTestSuite1656303798210.groovy:36)


2022-06-27 12:39:32 - [MESSAGE][FAILED] - Test Cases/Transfer/transfer_instantTransferIBG FAILED.
Reason:
Assertion failed: 

assert message == successTransactionMessage
       |       |  |
       |       |  Transfer accepted
       |       false
       Transfer failed

	at transfer_instantTransferIBG.run(transfer_instantTransferIBG:396)
	at com.kms.katalon.core.main.ScriptEngine.run(ScriptEngine.java:194)
	at com.kms.katalon.core.main.ScriptEngine.runScriptAsRawText(ScriptEngine.java:119)
	at com.kms.katalon.core.main.TestCaseExecutor.runScript(TestCaseExecutor.java:445)
	at com.kms.katalon.core.main.TestCaseExecutor.doExecute(TestCaseExecutor.java:436)
	at com.kms.katalon.core.main.TestCaseExecutor.processExecutionPhase(TestCaseExecutor.java:415)
	at com.kms.katalon.core.main.TestCaseExecutor.accessMainPhase(TestCaseExecutor.java:407)
	at com.kms.katalon.core.main.TestCaseExecutor.execute(TestCaseExecutor.java:284)
	at com.kms.katalon.core.common.CommonExecutor.accessTestCaseMainPhase(CommonExecutor.java:65)
	at com.kms.katalon.core.main.TestSuiteExecutor.accessTestSuiteMainPhase(TestSuiteExecutor.java:144)
	at com.kms.katalon.core.main.TestSuiteExecutor.execute(TestSuiteExecutor.java:106)
	at com.kms.katalon.core.main.TestCaseMain.startTestSuite(TestCaseMain.java:185)
	at com.kms.katalon.core.main.TestCaseMain$startTestSuite$0.call(Unknown Source)
	at TempTestSuite1656303798210.run(TempTestSuite1656303798210.groovy:36)]]></system-out>
         <system-err><![CDATA[2022-06-27 12:33:30 - [TEST_CASE][FAILED] - Test Cases/Transfer/transfer_instantTransferIBG: Test Cases/Transfer/transfer_instantTransferIBG FAILED.
Reason:
com.kms.katalon.core.exception.StepFailedException: Object Object Repository/others/maeTopupAmountTickBtn not found
	at com.kms.katalon.core.keyword.internal.KeywordMain.stepFailed(KeywordMain.groovy:39)
	at com.kms.katalon.core.mobile.keyword.internal.MobileKeywordMain.stepFailed(MobileKeywordMain.groovy:40)
	at com.kms.katalon.core.mobile.keyword.builtin.TapKeyword$_tap_closure1.doCall(TapKeyword.groovy:79)
	at com.kms.katalon.core.mobile.keyword.builtin.TapKeyword$_tap_closure1.call(TapKeyword.groovy)
	at com.kms.katalon.core.mobile.keyword.internal.MobileKeywordMain.runKeyword(MobileKeywordMain.groovy:21)
	at com.kms.katalon.core.mobile.keyword.builtin.TapKeyword.tap(TapKeyword.groovy:84)
	at com.kms.katalon.core.mobile.keyword.builtin.TapKeyword.execute(TapKeyword.groovy:68)
	at com.kms.katalon.core.keyword.internal.KeywordExecutor.executeKeywordForPlatform(KeywordExecutor.groovy:74)
	at com.kms.katalon.core.mobile.keyword.MobileBuiltInKeywords.tap(MobileBuiltInKeywords.groovy:1490)
	at com.kms.katalon.core.mobile.keyword.MobileBuiltInKeywords$tap$4.call(Unknown Source)
	at transfer_instantTransferIBG.run(transfer_instantTransferIBG:377)
	at com.kms.katalon.core.main.ScriptEngine.run(ScriptEngine.java:194)
	at com.kms.katalon.core.main.ScriptEngine.runScriptAsRawText(ScriptEngine.java:119)
	at com.kms.katalon.core.main.TestCaseExecutor.runScript(TestCaseExecutor.java:445)
	at com.kms.katalon.core.main.TestCaseExecutor.doExecute(TestCaseExecutor.java:436)
	at com.kms.katalon.core.main.TestCaseExecutor.processExecutionPhase(TestCaseExecutor.java:415)
	at com.kms.katalon.core.main.TestCaseExecutor.accessMainPhase(TestCaseExecutor.java:407)
	at com.kms.katalon.core.main.TestCaseExecutor.execute(TestCaseExecutor.java:284)
	at com.kms.katalon.core.common.CommonExecutor.accessTestCaseMainPhase(CommonExecutor.java:65)
	at com.kms.katalon.core.main.TestSuiteExecutor.accessTestSuiteMainPhase(TestSuiteExecutor.java:144)
	at com.kms.katalon.core.main.TestSuiteExecutor.execute(TestSuiteExecutor.java:106)
	at com.kms.katalon.core.main.TestCaseMain.startTestSuite(TestCaseMain.java:185)
	at com.kms.katalon.core.main.TestCaseMain$startTestSuite$0.call(Unknown Source)
	at TempTestSuite1656303798210.run(TempTestSuite1656303798210.groovy:36)]]></system-err>
      </testcase>
      <testcase name="Test Cases/Transfer/transfer_instantTransferSchedule" time="267.751" classname="Test Cases/Transfer/transfer_instantTransferSchedule" status="PASSED">
         <system-out><![CDATA[2022-06-27 12:39:32 - [TEST_CASE][PASSED] - Test Cases/Transfer/transfer_instantTransferSchedule: Test Cases/Transfer/transfer_instantTransferSchedule

2022-06-27 12:39:32 - [TEST_STEP][PASSED] - delay(5): Delayed 5 second(s)

2022-06-27 12:39:37 - [MESSAGE][PASSED] - Delayed 5 second(s)

2022-06-27 12:39:37 - [TEST_STEP][PASSED] - device_Height = getDeviceHeight(): Current device physical height is 2167

2022-06-27 12:39:37 - [MESSAGE][PASSED] - Current device physical height is 2167

2022-06-27 12:39:37 - [TEST_STEP][PASSED] - device_Width = getDeviceWidth(): Current device physical width is 1080

2022-06-27 12:39:37 - [MESSAGE][PASSED] - Current device physical width is 1080

2022-06-27 12:39:37 - [TEST_STEP][PASSED] - startX = device_Width / 3: null

2022-06-27 12:39:37 - [TEST_STEP][PASSED] - startY = device_Height * 0.97: null

2022-06-27 12:39:37 - [TEST_STEP][PASSED] - verifyElementVisible(findTestObject("Banking/m2uAccountTransferIconSelect"), 0): Element 'Object Repository/Banking/m2uAccountTransferIconSelect' is visible

2022-06-27 12:39:37 - [MESSAGE][WARNING] - Timeout '0' is invalid. Using default page load timeout: '40'

2022-06-27 12:39:40 - [MESSAGE][PASSED] - Element 'Object Repository/Banking/m2uAccountTransferIconSelect' is visible

2022-06-27 12:39:40 - [TEST_STEP][PASSED] - tap(findTestObject("Banking/m2uAccountTransferIconSelect"), 0): Tapped on element 'Object Repository/Banking/m2uAccountTransferIconSelect'

2022-06-27 12:39:40 - [MESSAGE][WARNING] - Timeout '0' is invalid. Using default page load timeout: '40'

2022-06-27 12:39:40 - [MESSAGE][PASSED] - Tapped on element 'Object Repository/Banking/m2uAccountTransferIconSelect'

2022-06-27 12:39:40 - [TEST_STEP][PASSED] - delay(5): Delayed 5 second(s)

2022-06-27 12:39:45 - [MESSAGE][PASSED] - Delayed 5 second(s)

2022-06-27 12:39:45 - [TEST_STEP][PASSED] - println("InterBank Test Case Started"): null

2022-06-27 12:39:45 - [TEST_STEP][PASSED] - tap(findTestObject("Banking/transferOthersTopMenuSelect"), 0): Tapped on element 'Object Repository/Banking/transferOthersTopMenuSelect'

2022-06-27 12:39:45 - [MESSAGE][WARNING] - Timeout '0' is invalid. Using default page load timeout: '40'

2022-06-27 12:40:46 - [MESSAGE][PASSED] - Tapped on element 'Object Repository/Banking/transferOthersTopMenuSelect'

2022-06-27 12:40:46 - [TEST_STEP][PASSED] - tap(findTestObject("Banking/transferBanksIconSelect"), 0): Tapped on element 'Object Repository/Banking/transferBanksIconSelect'

2022-06-27 12:40:46 - [MESSAGE][WARNING] - Timeout '0' is invalid. Using default page load timeout: '40'

2022-06-27 12:41:39 - [MESSAGE][PASSED] - Tapped on element 'Object Repository/Banking/transferBanksIconSelect'

2022-06-27 12:41:39 - [TEST_STEP][PASSED] - scrollToText("PUBLIC BANK", STOP_ON_FAILURE): Scrolling to text 'PUBLIC BANK' successfully

2022-06-27 12:41:51 - [MESSAGE][PASSED] - Scrolling to text 'PUBLIC BANK' successfully

2022-06-27 12:41:51 - [TEST_STEP][PASSED] - tap(findTestObject("Banking/transferBankSelection", ["text":"PUBLIC BANK"]), 10): Tapped on element 'Object Repository/Banking/transferBankSelection'

2022-06-27 12:41:52 - [MESSAGE][PASSED] - Tapped on element 'Object Repository/Banking/transferBankSelection'

2022-06-27 12:41:52 - [TEST_STEP][PASSED] - setText(findTestObject("Banking/transferAccountNoInputField"), accountNum, 0): Text '3099117112' has been set to element 'Object Repository/Banking/transferAccountNoInputField'

2022-06-27 12:41:52 - [MESSAGE][WARNING] - Timeout '0' is invalid. Using default page load timeout: '40'

2022-06-27 12:41:54 - [MESSAGE][PASSED] - Text '3099117112' has been set to element 'Object Repository/Banking/transferAccountNoInputField'

2022-06-27 12:41:54 - [TEST_STEP][PASSED] - hideKeyboard(): Keyboard is hidden

2022-06-27 12:41:58 - [MESSAGE][PASSED] - Keyboard is hidden

2022-06-27 12:41:58 - [TEST_STEP][PASSED] - tap(findTestObject("Login Onboarding/loginExistingContinueBtn"), 0): Tapped on element 'Object Repository/Login Onboarding/loginExistingContinueBtn'

2022-06-27 12:41:58 - [MESSAGE][WARNING] - Timeout '0' is invalid. Using default page load timeout: '40'

2022-06-27 12:41:59 - [MESSAGE][PASSED] - Tapped on element 'Object Repository/Login Onboarding/loginExistingContinueBtn'

2022-06-27 12:41:59 - [TEST_STEP][PASSED] - delay(5): Delayed 5 second(s)

2022-06-27 12:42:04 - [MESSAGE][PASSED] - Delayed 5 second(s)

2022-06-27 12:42:04 - [TEST_STEP][PASSED] - verifyElementText(findTestObject("Transfer/transferAmounttAccNoTxt", ["accNo":accNo]), accNo): Actual text and expected text of test object 'Object Repository/Transfer/transferAmounttAccNoTxt' are matched.

2022-06-27 12:42:04 - [MESSAGE][PASSED] - Actual text and expected text of test object 'Object Repository/Transfer/transferAmounttAccNoTxt' are matched.

2022-06-27 12:42:04 - [TEST_STEP][PASSED] - verifyElementText(findTestObject("Transfer/transferAmounttAccBankTxt", ["accBank":accBank]), accBank): Actual text and expected text of test object 'Object Repository/Transfer/transferAmounttAccBankTxt' are matched.

2022-06-27 12:42:04 - [MESSAGE][PASSED] - Actual text and expected text of test object 'Object Repository/Transfer/transferAmounttAccBankTxt' are matched.

2022-06-27 12:42:04 - [TEST_STEP][PASSED] - verifyElementExist(findTestObject("Transfer/transferAmountRMTxt"), 0): Element 'Object Repository/Transfer/transferAmountRMTxt' is exist

2022-06-27 12:42:04 - [MESSAGE][WARNING] - Timeout '0' is invalid. Using default page load timeout: '40'

2022-06-27 12:42:05 - [MESSAGE][PASSED] - Element 'Object Repository/Transfer/transferAmountRMTxt' is exist

2022-06-27 12:42:05 - [TEST_STEP][PASSED] - verifyElementExist(findTestObject("Transfer/transferAmountEnterAmountTitleTxt"), 0): Element 'Object Repository/Transfer/transferAmountEnterAmountTitleTxt' is exist

2022-06-27 12:42:05 - [MESSAGE][WARNING] - Timeout '0' is invalid. Using default page load timeout: '40'

2022-06-27 12:42:05 - [MESSAGE][PASSED] - Element 'Object Repository/Transfer/transferAmountEnterAmountTitleTxt' is exist

2022-06-27 12:42:05 - [TEST_STEP][PASSED] - verifyElementExist(findTestObject("Login Onboarding/PIN4"), 0): Element 'Object Repository/Login Onboarding/PIN4' is exist

2022-06-27 12:42:05 - [MESSAGE][WARNING] - Timeout '0' is invalid. Using default page load timeout: '40'

2022-06-27 12:42:05 - [MESSAGE][PASSED] - Element 'Object Repository/Login Onboarding/PIN4' is exist

2022-06-27 12:42:05 - [TEST_STEP][PASSED] - tap(findTestObject("Login Onboarding/PIN4"), 0): Tapped on element 'Object Repository/Login Onboarding/PIN4'

2022-06-27 12:42:05 - [MESSAGE][WARNING] - Timeout '0' is invalid. Using default page load timeout: '40'

2022-06-27 12:42:05 - [MESSAGE][PASSED] - Tapped on element 'Object Repository/Login Onboarding/PIN4'

2022-06-27 12:42:05 - [TEST_STEP][PASSED] - delay(3): Delayed 3 second(s)

2022-06-27 12:42:08 - [MESSAGE][PASSED] - Delayed 3 second(s)

2022-06-27 12:42:08 - [TEST_STEP][PASSED] - verifyElementText(findTestObject("Transfer/transferAmountInputValueTxt", ["value":"0.04"]), "0.04"): Actual text and expected text of test object 'Object Repository/Transfer/transferAmountInputValueTxt' are matched.

2022-06-27 12:42:09 - [MESSAGE][PASSED] - Actual text and expected text of test object 'Object Repository/Transfer/transferAmountInputValueTxt' are matched.

2022-06-27 12:42:09 - [TEST_STEP][PASSED] - delay(3): Delayed 3 second(s)

2022-06-27 12:42:12 - [MESSAGE][PASSED] - Delayed 3 second(s)

2022-06-27 12:42:12 - [TEST_STEP][PASSED] - tap(findTestObject("Login Onboarding/loginPinTickBtn"), 0): Tapped on element 'Object Repository/Login Onboarding/loginPinTickBtn'

2022-06-27 12:42:12 - [MESSAGE][WARNING] - Timeout '0' is invalid. Using default page load timeout: '40'

2022-06-27 12:42:12 - [MESSAGE][PASSED] - Tapped on element 'Object Repository/Login Onboarding/loginPinTickBtn'

2022-06-27 12:42:12 - [TEST_STEP][PASSED] - delay(3): Delayed 3 second(s)

2022-06-27 12:42:15 - [MESSAGE][PASSED] - Delayed 3 second(s)

2022-06-27 12:42:15 - [TEST_STEP][PASSED] - verifyElementText(findTestObject("Transfer/transferReferenceAccNoTxt", ["accNo":accNo]), accNo): Actual text and expected text of test object 'Object Repository/Transfer/transferReferenceAccNoTxt' are matched.

2022-06-27 12:42:15 - [MESSAGE][PASSED] - Actual text and expected text of test object 'Object Repository/Transfer/transferReferenceAccNoTxt' are matched.

2022-06-27 12:42:15 - [TEST_STEP][PASSED] - verifyElementText(findTestObject("Transfer/transferReferenceAccBankTxt", ["accBank":accBank]), accBank): Actual text and expected text of test object 'Object Repository/Transfer/transferReferenceAccBankTxt' are matched.

2022-06-27 12:42:15 - [MESSAGE][PASSED] - Actual text and expected text of test object 'Object Repository/Transfer/transferReferenceAccBankTxt' are matched.

2022-06-27 12:42:15 - [TEST_STEP][PASSED] - verifyElementExist(findTestObject("Transfer/transferReferenceInputField"), 0): Element 'Object Repository/Transfer/transferReferenceInputField' is exist

2022-06-27 12:42:15 - [MESSAGE][WARNING] - Timeout '0' is invalid. Using default page load timeout: '40'

2022-06-27 12:42:16 - [MESSAGE][PASSED] - Element 'Object Repository/Transfer/transferReferenceInputField' is exist

2022-06-27 12:42:16 - [TEST_STEP][PASSED] - setText(findTestObject("Banking/transferReferenceInputField"), "InstantTransferSched", 0): Text 'InstantTransferSched' has been set to element 'Object Repository/Banking/transferReferenceInputField'

2022-06-27 12:42:16 - [MESSAGE][WARNING] - Timeout '0' is invalid. Using default page load timeout: '40'

2022-06-27 12:42:16 - [MESSAGE][PASSED] - Text 'InstantTransferSched' has been set to element 'Object Repository/Banking/transferReferenceInputField'

2022-06-27 12:42:16 - [TEST_STEP][PASSED] - hideKeyboard(): Keyboard is hidden

2022-06-27 12:42:18 - [MESSAGE][PASSED] - Keyboard is hidden

2022-06-27 12:42:18 - [TEST_STEP][PASSED] - verifyElementText(findTestObject("Transfer/transferReferenceInputFieldAfter", ["reference":"InstantTransferSched"]), "InstantTransferSched"): Actual text and expected text of test object 'Object Repository/Transfer/transferReferenceInputFieldAfter' are matched.

2022-06-27 12:42:19 - [MESSAGE][PASSED] - Actual text and expected text of test object 'Object Repository/Transfer/transferReferenceInputFieldAfter' are matched.

2022-06-27 12:42:19 - [TEST_STEP][PASSED] - tap(findTestObject("Login Onboarding/loginExistingContinueBtn"), 0): Tapped on element 'Object Repository/Login Onboarding/loginExistingContinueBtn'

2022-06-27 12:42:19 - [MESSAGE][WARNING] - Timeout '0' is invalid. Using default page load timeout: '40'

2022-06-27 12:42:19 - [MESSAGE][PASSED] - Tapped on element 'Object Repository/Login Onboarding/loginExistingContinueBtn'

2022-06-27 12:42:19 - [TEST_STEP][PASSED] - verifyElementText(findTestObject("Transfer/transferReferenceAccNoTxt", ["accNo":accNo]), accNo): Actual text and expected text of test object 'Object Repository/Transfer/transferReferenceAccNoTxt' are matched.

2022-06-27 12:42:19 - [MESSAGE][PASSED] - Actual text and expected text of test object 'Object Repository/Transfer/transferReferenceAccNoTxt' are matched.

2022-06-27 12:42:19 - [TEST_STEP][PASSED] - verifyElementText(findTestObject("Transfer/transferReferenceAccBankTxt", ["accBank":accBank]), accBank): Actual text and expected text of test object 'Object Repository/Transfer/transferReferenceAccBankTxt' are matched.

2022-06-27 12:42:19 - [MESSAGE][PASSED] - Actual text and expected text of test object 'Object Repository/Transfer/transferReferenceAccBankTxt' are matched.

2022-06-27 12:42:19 - [TEST_STEP][PASSED] - tap(findTestObject("Banking/transferTypeDropdownSelection"), 0): Tapped on element 'Object Repository/Banking/transferTypeDropdownSelection'

2022-06-27 12:42:19 - [MESSAGE][WARNING] - Timeout '0' is invalid. Using default page load timeout: '40'

2022-06-27 12:42:23 - [MESSAGE][PASSED] - Tapped on element 'Object Repository/Banking/transferTypeDropdownSelection'

2022-06-27 12:42:23 - [TEST_STEP][PASSED] - scrollToText("Fund Transfer", STOP_ON_FAILURE): Scrolling to text 'Fund Transfer' successfully

2022-06-27 12:42:26 - [MESSAGE][PASSED] - Scrolling to text 'Fund Transfer' successfully

2022-06-27 12:42:26 - [TEST_STEP][PASSED] - tap(findTestObject("Banking/tansferTypeFundDropdownSelection"), 0): Tapped on element 'Object Repository/Banking/tansferTypeFundDropdownSelection'

2022-06-27 12:42:26 - [MESSAGE][WARNING] - Timeout '0' is invalid. Using default page load timeout: '40'

2022-06-27 12:42:26 - [MESSAGE][PASSED] - Tapped on element 'Object Repository/Banking/tansferTypeFundDropdownSelection'

2022-06-27 12:42:26 - [TEST_STEP][PASSED] - tap(findTestObject("Banking/transferModeDropdownDoneBtn"), 0): Tapped on element 'Object Repository/Banking/transferModeDropdownDoneBtn'

2022-06-27 12:42:26 - [MESSAGE][WARNING] - Timeout '0' is invalid. Using default page load timeout: '40'

2022-06-27 12:42:27 - [MESSAGE][PASSED] - Tapped on element 'Object Repository/Banking/transferModeDropdownDoneBtn'

2022-06-27 12:42:27 - [TEST_STEP][PASSED] - delay(3): Delayed 3 second(s)

2022-06-27 12:42:30 - [MESSAGE][PASSED] - Delayed 3 second(s)

2022-06-27 12:42:30 - [TEST_STEP][PASSED] - verifyElementExist(findTestObject("Transfer/instantTransferModeDuitTxt", ["mode":"DuitNow Transfer"]), 0): Element 'Object Repository/Transfer/instantTransferModeDuitTxt' is exist

2022-06-27 12:42:30 - [MESSAGE][WARNING] - Timeout '0' is invalid. Using default page load timeout: '40'

2022-06-27 12:42:30 - [MESSAGE][PASSED] - Element 'Object Repository/Transfer/instantTransferModeDuitTxt' is exist

2022-06-27 12:42:30 - [TEST_STEP][PASSED] - verifyElementExist(findTestObject("Transfer/instantTransferModeTitleTxt"), 0): Element 'Object Repository/Transfer/instantTransferModeTitleTxt' is exist

2022-06-27 12:42:30 - [MESSAGE][WARNING] - Timeout '0' is invalid. Using default page load timeout: '40'

2022-06-27 12:42:30 - [MESSAGE][PASSED] - Element 'Object Repository/Transfer/instantTransferModeTitleTxt' is exist

2022-06-27 12:42:30 - [TEST_STEP][PASSED] - verifyElementExist(findTestObject("Transfer/instantTransferTypeFundTxt"), 0): Element 'Object Repository/Transfer/instantTransferTypeFundTxt' is exist

2022-06-27 12:42:30 - [MESSAGE][WARNING] - Timeout '0' is invalid. Using default page load timeout: '40'

2022-06-27 12:42:30 - [MESSAGE][PASSED] - Element 'Object Repository/Transfer/instantTransferTypeFundTxt' is exist

2022-06-27 12:42:30 - [TEST_STEP][PASSED] - verifyElementExist(findTestObject("Transfer/instantTransferTypeTitleTxt"), 0): Element 'Object Repository/Transfer/instantTransferTypeTitleTxt' is exist

2022-06-27 12:42:30 - [MESSAGE][WARNING] - Timeout '0' is invalid. Using default page load timeout: '40'

2022-06-27 12:42:30 - [MESSAGE][PASSED] - Element 'Object Repository/Transfer/instantTransferTypeTitleTxt' is exist

2022-06-27 12:42:30 - [TEST_STEP][PASSED] - tap(findTestObject("Login Onboarding/loginExistingContinueBtn"), 0): Tapped on element 'Object Repository/Login Onboarding/loginExistingContinueBtn'

2022-06-27 12:42:30 - [MESSAGE][WARNING] - Timeout '0' is invalid. Using default page load timeout: '40'

2022-06-27 12:42:31 - [MESSAGE][PASSED] - Tapped on element 'Object Repository/Login Onboarding/loginExistingContinueBtn'

2022-06-27 12:42:31 - [TEST_STEP][PASSED] - verifyElementText(findTestObject("Transfer/transferConfirmationTransactionDateTxt"), "Today"): Actual text and expected text of test object 'Object Repository/Transfer/transferConfirmationTransactionDateTxt' are matched.

2022-06-27 12:42:37 - [MESSAGE][PASSED] - Actual text and expected text of test object 'Object Repository/Transfer/transferConfirmationTransactionDateTxt' are matched.

2022-06-27 12:42:37 - [TEST_STEP][PASSED] - tap(findTestObject("Transfer/transferConfirmationTransactionDateTxt"), 0): Tapped on element 'Object Repository/Transfer/transferConfirmationTransactionDateTxt'

2022-06-27 12:42:37 - [MESSAGE][WARNING] - Timeout '0' is invalid. Using default page load timeout: '40'

2022-06-27 12:42:37 - [MESSAGE][PASSED] - Tapped on element 'Object Repository/Transfer/transferConfirmationTransactionDateTxt'

2022-06-27 12:42:37 - [TEST_STEP][PASSED] - tap(findTestObject("Main/mainCalenderPickerNextBtn"), 0): Tapped on element 'Object Repository/Main/mainCalenderPickerNextBtn'

2022-06-27 12:42:37 - [MESSAGE][WARNING] - Timeout '0' is invalid. Using default page load timeout: '40'

2022-06-27 12:42:39 - [MESSAGE][PASSED] - Tapped on element 'Object Repository/Main/mainCalenderPickerNextBtn'

2022-06-27 12:42:39 - [TEST_STEP][PASSED] - delay(3): Delayed 3 second(s)

2022-06-27 12:42:42 - [MESSAGE][PASSED] - Delayed 3 second(s)

2022-06-27 12:42:42 - [TEST_STEP][PASSED] - tap(findTestObject("Main/mainDatePicker1"), 0): Tapped on element 'Object Repository/Main/mainDatePicker1'

2022-06-27 12:42:42 - [MESSAGE][WARNING] - Timeout '0' is invalid. Using default page load timeout: '40'

2022-06-27 12:42:43 - [MESSAGE][PASSED] - Tapped on element 'Object Repository/Main/mainDatePicker1'

2022-06-27 12:42:43 - [TEST_STEP][PASSED] - tap(findTestObject("Main/mainCalenderPickerDoneBtn"), 0): Tapped on element 'Object Repository/Main/mainCalenderPickerDoneBtn'

2022-06-27 12:42:43 - [MESSAGE][WARNING] - Timeout '0' is invalid. Using default page load timeout: '40'

2022-06-27 12:42:43 - [MESSAGE][PASSED] - Tapped on element 'Object Repository/Main/mainCalenderPickerDoneBtn'

2022-06-27 12:42:43 - [TEST_STEP][PASSED] - verifyElementText(findTestObject("Transfer/transferConfirmationAccountNameTxt", ["accName":accName]), accName): Actual text and expected text of test object 'Object Repository/Transfer/transferConfirmationAccountNameTxt' are matched.

2022-06-27 12:42:44 - [MESSAGE][PASSED] - Actual text and expected text of test object 'Object Repository/Transfer/transferConfirmationAccountNameTxt' are matched.

2022-06-27 12:42:44 - [TEST_STEP][PASSED] - verifyElementText(findTestObject("Transfer/transferConfirmationAccountNoTxt", ["accNo":accNo]), accNo): Actual text and expected text of test object 'Object Repository/Transfer/transferConfirmationAccountNoTxt' are matched.

2022-06-27 12:42:44 - [MESSAGE][PASSED] - Actual text and expected text of test object 'Object Repository/Transfer/transferConfirmationAccountNoTxt' are matched.

2022-06-27 12:42:44 - [TEST_STEP][PASSED] - verifyElementText(findTestObject("Transfer/transferConfirmationAmountTxt", ["amount":"RM 0.04"]), "RM 0.04"): Actual text and expected text of test object 'Object Repository/Transfer/transferConfirmationAmountTxt' are matched.

2022-06-27 12:42:44 - [MESSAGE][PASSED] - Actual text and expected text of test object 'Object Repository/Transfer/transferConfirmationAmountTxt' are matched.

2022-06-27 12:42:44 - [TEST_STEP][PASSED] - verifyElementText(findTestObject("Transfer/transferConfirmationTransactionRecRefTxt", ["reference":"InstantTransferSched"]), "InstantTransferSched"): Actual text and expected text of test object 'Object Repository/Transfer/transferConfirmationTransactionRecRefTxt' are matched.

2022-06-27 12:42:45 - [MESSAGE][PASSED] - Actual text and expected text of test object 'Object Repository/Transfer/transferConfirmationTransactionRecRefTxt' are matched.

2022-06-27 12:42:45 - [TEST_STEP][PASSED] - verifyElementText(findTestObject("Transfer/transferConfirmationTransactionBankTxt", ["accBank":accBank]), accBank): Actual text and expected text of test object 'Object Repository/Transfer/transferConfirmationTransactionBankTxt' are matched.

2022-06-27 12:42:45 - [MESSAGE][PASSED] - Actual text and expected text of test object 'Object Repository/Transfer/transferConfirmationTransactionBankTxt' are matched.

2022-06-27 12:42:45 - [TEST_STEP][PASSED] - verifyElementText(findTestObject("Transfer/transferConfirmationOptionalGreyWordTxt"), "Optional"): Actual text and expected text of test object 'Object Repository/Transfer/transferConfirmationOptionalGreyWordTxt' are matched.

2022-06-27 12:42:45 - [MESSAGE][PASSED] - Actual text and expected text of test object 'Object Repository/Transfer/transferConfirmationOptionalGreyWordTxt' are matched.

2022-06-27 12:42:45 - [TEST_STEP][PASSED] - verifyElementText(findTestObject("Transfer/instantTransferConfirmationTransactionTypeTxt"), "Fund Transfer"): Actual text and expected text of test object 'Object Repository/Transfer/instantTransferConfirmationTransactionTypeTxt' are matched.

2022-06-27 12:42:46 - [MESSAGE][PASSED] - Actual text and expected text of test object 'Object Repository/Transfer/instantTransferConfirmationTransactionTypeTxt' are matched.

2022-06-27 12:42:46 - [TEST_STEP][PASSED] - verifyElementText(findTestObject("Transfer/instantTransferConfirmationTransactionModeTxt", ["modeC":"DuitNow Transfer"]), "DuitNow Transfer"): Actual text and expected text of test object 'Object Repository/Transfer/instantTransferConfirmationTransactionModeTxt' are matched.

2022-06-27 12:42:46 - [MESSAGE][PASSED] - Actual text and expected text of test object 'Object Repository/Transfer/instantTransferConfirmationTransactionModeTxt' are matched.

2022-06-27 12:42:46 - [TEST_STEP][PASSED] - verifyElementText(findTestObject("Transfer/instantTransferConfirmationTransactionServiceTxt"), "RM 0.00"): Actual text and expected text of test object 'Object Repository/Transfer/instantTransferConfirmationTransactionServiceTxt' are matched.

2022-06-27 12:42:46 - [MESSAGE][PASSED] - Actual text and expected text of test object 'Object Repository/Transfer/instantTransferConfirmationTransactionServiceTxt' are matched.

2022-06-27 12:42:46 - [TEST_STEP][PASSED] - verifyElementExist(findTestObject("Transfer/transferConfirmationBankNameTitleTxt"), 0): Element 'Object Repository/Transfer/transferConfirmationBankNameTitleTxt' is exist

2022-06-27 12:42:46 - [MESSAGE][WARNING] - Timeout '0' is invalid. Using default page load timeout: '40'

2022-06-27 12:42:47 - [MESSAGE][PASSED] - Element 'Object Repository/Transfer/transferConfirmationBankNameTitleTxt' is exist

2022-06-27 12:42:47 - [TEST_STEP][PASSED] - verifyElementExist(findTestObject("Transfer/transferConfirmationDateTitleTxt"), 0): Element 'Object Repository/Transfer/transferConfirmationDateTitleTxt' is exist

2022-06-27 12:42:47 - [MESSAGE][WARNING] - Timeout '0' is invalid. Using default page load timeout: '40'

2022-06-27 12:42:47 - [MESSAGE][PASSED] - Element 'Object Repository/Transfer/transferConfirmationDateTitleTxt' is exist

2022-06-27 12:42:47 - [TEST_STEP][PASSED] - verifyElementExist(findTestObject("Transfer/transferConfirmationRecRefTitleTxt"), 0): Element 'Object Repository/Transfer/transferConfirmationRecRefTitleTxt' is exist

2022-06-27 12:42:47 - [MESSAGE][WARNING] - Timeout '0' is invalid. Using default page load timeout: '40'

2022-06-27 12:42:47 - [MESSAGE][PASSED] - Element 'Object Repository/Transfer/transferConfirmationRecRefTitleTxt' is exist

2022-06-27 12:42:47 - [TEST_STEP][PASSED] - verifyElementExist(findTestObject("Transfer/transferConfirmationPaymentDetailsTitleTxt"), 0): Element 'Object Repository/Transfer/transferConfirmationPaymentDetailsTitleTxt' is exist

2022-06-27 12:42:47 - [MESSAGE][WARNING] - Timeout '0' is invalid. Using default page load timeout: '40'

2022-06-27 12:42:48 - [MESSAGE][PASSED] - Element 'Object Repository/Transfer/transferConfirmationPaymentDetailsTitleTxt' is exist

2022-06-27 12:42:48 - [TEST_STEP][PASSED] - verifyElementExist(findTestObject("Transfer/instantTransferConfirmationModeTitleTxt"), 0): Element 'Object Repository/Transfer/instantTransferConfirmationModeTitleTxt' is exist

2022-06-27 12:42:48 - [MESSAGE][WARNING] - Timeout '0' is invalid. Using default page load timeout: '40'

2022-06-27 12:42:48 - [MESSAGE][PASSED] - Element 'Object Repository/Transfer/instantTransferConfirmationModeTitleTxt' is exist

2022-06-27 12:42:48 - [TEST_STEP][PASSED] - verifyElementExist(findTestObject("Transfer/instantTransferConfirmationServiceFeeTitleTxt"), 0): Element 'Object Repository/Transfer/instantTransferConfirmationServiceFeeTitleTxt' is exist

2022-06-27 12:42:48 - [MESSAGE][WARNING] - Timeout '0' is invalid. Using default page load timeout: '40'

2022-06-27 12:42:48 - [MESSAGE][PASSED] - Element 'Object Repository/Transfer/instantTransferConfirmationServiceFeeTitleTxt' is exist

2022-06-27 12:42:48 - [TEST_STEP][PASSED] - verifyElementExist(findTestObject("Transfer/instantTransferConfirmationTypeTitleTxt"), 0): Element 'Object Repository/Transfer/instantTransferConfirmationTypeTitleTxt' is exist

2022-06-27 12:42:48 - [MESSAGE][WARNING] - Timeout '0' is invalid. Using default page load timeout: '40'

2022-06-27 12:42:48 - [MESSAGE][PASSED] - Element 'Object Repository/Transfer/instantTransferConfirmationTypeTitleTxt' is exist

2022-06-27 12:42:48 - [TEST_STEP][PASSED] - verifyElementExist(findTestObject("Transfer/transferConfirmationNoteTitleTxt"), 0): Element 'Object Repository/Transfer/transferConfirmationNoteTitleTxt' is exist

2022-06-27 12:42:48 - [MESSAGE][WARNING] - Timeout '0' is invalid. Using default page load timeout: '40'

2022-06-27 12:42:49 - [MESSAGE][PASSED] - Element 'Object Repository/Transfer/transferConfirmationNoteTitleTxt' is exist

2022-06-27 12:42:49 - [TEST_STEP][PASSED] - tap(findTestObject("Transfer/transferConfirmationOptionalGreyWordTxt"), 0): Tapped on element 'Object Repository/Transfer/transferConfirmationOptionalGreyWordTxt'

2022-06-27 12:42:49 - [MESSAGE][WARNING] - Timeout '0' is invalid. Using default page load timeout: '40'

2022-06-27 12:42:49 - [MESSAGE][PASSED] - Tapped on element 'Object Repository/Transfer/transferConfirmationOptionalGreyWordTxt'

2022-06-27 12:42:49 - [TEST_STEP][PASSED] - setText(findTestObject("Transfer/transferConfirmationDetailsInputField"), "Test Fav", 0): Text 'Test Fav' has been set to element 'Object Repository/Transfer/transferConfirmationDetailsInputField'

2022-06-27 12:42:49 - [MESSAGE][WARNING] - Timeout '0' is invalid. Using default page load timeout: '40'

2022-06-27 12:42:52 - [MESSAGE][PASSED] - Text 'Test Fav' has been set to element 'Object Repository/Transfer/transferConfirmationDetailsInputField'

2022-06-27 12:42:52 - [TEST_STEP][PASSED] - hideKeyboard(): Keyboard is hidden

2022-06-27 12:42:54 - [MESSAGE][PASSED] - Keyboard is hidden

2022-06-27 12:42:54 - [TEST_STEP][PASSED] - verifyElementText(findTestObject("Transfer/transferConfirmationOptionalGreyWordTxt"), "Test Fav"): Actual text and expected text of test object 'Object Repository/Transfer/transferConfirmationOptionalGreyWordTxt' are matched.

2022-06-27 12:42:54 - [MESSAGE][PASSED] - Actual text and expected text of test object 'Object Repository/Transfer/transferConfirmationOptionalGreyWordTxt' are matched.

2022-06-27 12:42:54 - [TEST_STEP][PASSED] - device_Height_2 = getDeviceHeight(): Current device physical height is 2167

2022-06-27 12:42:54 - [MESSAGE][PASSED] - Current device physical height is 2167

2022-06-27 12:42:54 - [TEST_STEP][PASSED] - device_Width_2 = getDeviceWidth(): Current device physical width is 1080

2022-06-27 12:42:54 - [MESSAGE][PASSED] - Current device physical width is 1080

2022-06-27 12:42:54 - [TEST_STEP][PASSED] - startX_2 = device_Width_2 / 2: null

2022-06-27 12:42:54 - [TEST_STEP][PASSED] - endX_2 = startX_2: null

2022-06-27 12:42:54 - [TEST_STEP][PASSED] - startY_2 = device_Height_2 * 0.30: null

2022-06-27 12:42:54 - [TEST_STEP][PASSED] - endY_2 = device_Height_2 * 0.70: null

2022-06-27 12:42:54 - [TEST_STEP][PASSED] - swipe(startX_2, endY_2, endX_2, startY_2): Swiped from 540,1,516 to 540,650

2022-06-27 12:42:56 - [MESSAGE][PASSED] - Swiped from 540,1,516 to 540,650

2022-06-27 12:42:56 - [TEST_STEP][PASSED] - verifyElementExist(findTestObject("Transfer/instantTransferConfirmationNotes1Txt"), 0): Element 'Object Repository/Transfer/instantTransferConfirmationNotes1Txt' is exist

2022-06-27 12:42:56 - [MESSAGE][WARNING] - Timeout '0' is invalid. Using default page load timeout: '40'

2022-06-27 12:42:56 - [MESSAGE][PASSED] - Element 'Object Repository/Transfer/instantTransferConfirmationNotes1Txt' is exist

2022-06-27 12:42:56 - [TEST_STEP][PASSED] - verifyElementExist(findTestObject("Transfer/transferConfirmationFTransferFromTitleTxt"), 0): Element 'Object Repository/Transfer/transferConfirmationFTransferFromTitleTxt' is exist

2022-06-27 12:42:56 - [MESSAGE][WARNING] - Timeout '0' is invalid. Using default page load timeout: '40'

2022-06-27 12:42:56 - [MESSAGE][PASSED] - Element 'Object Repository/Transfer/transferConfirmationFTransferFromTitleTxt' is exist

2022-06-27 12:42:56 - [TEST_STEP][PASSED] - verifyElementExist(findTestObject("Transfer/instantTransferConfirmationNotes2Txt"), 0): Element 'Object Repository/Transfer/instantTransferConfirmationNotes2Txt' is exist

2022-06-27 12:42:56 - [MESSAGE][WARNING] - Timeout '0' is invalid. Using default page load timeout: '40'

2022-06-27 12:42:56 - [MESSAGE][PASSED] - Element 'Object Repository/Transfer/instantTransferConfirmationNotes2Txt' is exist

2022-06-27 12:42:56 - [TEST_STEP][PASSED] - verifyElementText(findTestObject("Transfer/transferConfirmationFromAccTypeTxt", ["accType":accType]), accType): Actual text and expected text of test object 'Object Repository/Transfer/transferConfirmationFromAccTypeTxt' are matched.

2022-06-27 12:42:57 - [MESSAGE][PASSED] - Actual text and expected text of test object 'Object Repository/Transfer/transferConfirmationFromAccTypeTxt' are matched.

2022-06-27 12:42:57 - [TEST_STEP][PASSED] - verifyElementText(findTestObject("Transfer/transferConfirmationFromAccNoTxt", ["accNoFrom":accNoFrom]), accNoFrom): Actual text and expected text of test object 'Object Repository/Transfer/transferConfirmationFromAccNoTxt' are matched.

2022-06-27 12:42:57 - [MESSAGE][PASSED] - Actual text and expected text of test object 'Object Repository/Transfer/transferConfirmationFromAccNoTxt' are matched.

2022-06-27 12:42:57 - [TEST_STEP][PASSED] - verifyElementExist(findTestObject("Transfer/transferConfirmationFromAccBalanceTxt"), 0): Element 'Object Repository/Transfer/transferConfirmationFromAccBalanceTxt' is exist

2022-06-27 12:42:57 - [MESSAGE][WARNING] - Timeout '0' is invalid. Using default page load timeout: '40'

2022-06-27 12:42:57 - [MESSAGE][PASSED] - Element 'Object Repository/Transfer/transferConfirmationFromAccBalanceTxt' is exist

2022-06-27 12:42:57 - [TEST_STEP][PASSED] - accountBalance = getText(findTestObject("Transfer/transferConfirmationFromAccBalanceTxt"), 0): Text of element 'Object Repository/Transfer/transferConfirmationFromAccBalanceTxt' is: 'RM 1,941.94'

2022-06-27 12:42:57 - [MESSAGE][WARNING] - Timeout '0' is invalid. Using default page load timeout: '40'

2022-06-27 12:42:58 - [MESSAGE][PASSED] - Text of element 'Object Repository/Transfer/transferConfirmationFromAccBalanceTxt' is: 'RM 1,941.94'

2022-06-27 12:42:58 - [TEST_STEP][PASSED] - println(accountBalance): null

2022-06-27 12:42:58 - [TEST_STEP][PASSED] - tap(findTestObject("Main/mainTransferNowBtn"), 0): Tapped on element 'Object Repository/Main/mainTransferNowBtn'

2022-06-27 12:42:58 - [MESSAGE][WARNING] - Timeout '0' is invalid. Using default page load timeout: '40'

2022-06-27 12:42:58 - [MESSAGE][PASSED] - Tapped on element 'Object Repository/Main/mainTransferNowBtn'

2022-06-27 12:42:58 - [TEST_STEP][PASSED] - if (verifyElementVisible(findTestObject("Festive Season/seasonalGreetingAngpaoTACNoTxt"), 10, OPTIONAL)): null

2022-06-27 12:43:02 - [MESSAGE][PASSED] - Element 'Object Repository/Festive Season/seasonalGreetingAngpaoTACNoTxt' is visible

2022-06-27 12:43:02 - [TEST_STEP][PASSED] - OTP = getText(findTestObject("Festive Season/seasonalGreetingAngpaoTACNoTxt"), 10): Text of element 'Object Repository/Festive Season/seasonalGreetingAngpaoTACNoTxt' is: 'Your TAC no. is 526982'

2022-06-27 12:43:02 - [MESSAGE][PASSED] - Text of element 'Object Repository/Festive Season/seasonalGreetingAngpaoTACNoTxt' is: 'Your TAC no. is 526982'

2022-06-27 12:43:02 - [TEST_STEP][PASSED] - delay(5): Delayed 5 second(s)

2022-06-27 12:43:07 - [MESSAGE][PASSED] - Delayed 5 second(s)

2022-06-27 12:43:07 - [TEST_STEP][PASSED] - tapAtPosition(startX, startY): Tapped at [360, 2,101]

2022-06-27 12:43:08 - [MESSAGE][PASSED] - Tapped at [360, 2,101]

2022-06-27 12:43:08 - [TEST_STEP][PASSED] - for ([i = 16, i <= 21, (i++)]): null

2022-06-27 12:43:08 - [TEST_STEP][PASSED] - if (OTP[i] == "0"): null

2022-06-27 12:43:08 - [TEST_STEP][PASSED] - if (OTP[i] == "1"): null

2022-06-27 12:43:08 - [TEST_STEP][PASSED] - if (OTP[i] == "2"): null

2022-06-27 12:43:08 - [TEST_STEP][PASSED] - if (OTP[i] == "3"): null

2022-06-27 12:43:08 - [TEST_STEP][PASSED] - if (OTP[i] == "4"): null

2022-06-27 12:43:08 - [TEST_STEP][PASSED] - if (OTP[i] == "5"): Tapped on element 'Object Repository/Login Onboarding/PIN5'

2022-06-27 12:43:08 - [TEST_STEP][PASSED] - tap(findTestObject("Login Onboarding/PIN5"), 0): Tapped on element 'Object Repository/Login Onboarding/PIN5'

2022-06-27 12:43:08 - [MESSAGE][WARNING] - Timeout '0' is invalid. Using default page load timeout: '40'

2022-06-27 12:43:09 - [MESSAGE][PASSED] - Tapped on element 'Object Repository/Login Onboarding/PIN5'

2022-06-27 12:43:09 - [TEST_STEP][PASSED] - if (OTP[i] == "6"): null

2022-06-27 12:43:09 - [TEST_STEP][PASSED] - if (OTP[i] == "7"): null

2022-06-27 12:43:09 - [TEST_STEP][PASSED] - if (OTP[i] == "8"): null

2022-06-27 12:43:09 - [TEST_STEP][PASSED] - if (OTP[i] == "9"): null

2022-06-27 12:43:09 - [TEST_STEP][PASSED] - if (OTP[i] == "0"): null

2022-06-27 12:43:09 - [TEST_STEP][PASSED] - if (OTP[i] == "1"): null

2022-06-27 12:43:09 - [TEST_STEP][PASSED] - if (OTP[i] == "2"): Tapped on element 'Object Repository/Login Onboarding/PIN2'

2022-06-27 12:43:09 - [TEST_STEP][PASSED] - tap(findTestObject("Login Onboarding/PIN2"), 0): Tapped on element 'Object Repository/Login Onboarding/PIN2'

2022-06-27 12:43:09 - [MESSAGE][WARNING] - Timeout '0' is invalid. Using default page load timeout: '40'

2022-06-27 12:43:10 - [MESSAGE][PASSED] - Tapped on element 'Object Repository/Login Onboarding/PIN2'

2022-06-27 12:43:10 - [TEST_STEP][PASSED] - if (OTP[i] == "3"): null

2022-06-27 12:43:10 - [TEST_STEP][PASSED] - if (OTP[i] == "4"): null

2022-06-27 12:43:10 - [TEST_STEP][PASSED] - if (OTP[i] == "5"): null

2022-06-27 12:43:10 - [TEST_STEP][PASSED] - if (OTP[i] == "6"): null

2022-06-27 12:43:10 - [TEST_STEP][PASSED] - if (OTP[i] == "7"): null

2022-06-27 12:43:10 - [TEST_STEP][PASSED] - if (OTP[i] == "8"): null

2022-06-27 12:43:10 - [TEST_STEP][PASSED] - if (OTP[i] == "9"): null

2022-06-27 12:43:10 - [TEST_STEP][PASSED] - if (OTP[i] == "0"): null

2022-06-27 12:43:10 - [TEST_STEP][PASSED] - if (OTP[i] == "1"): null

2022-06-27 12:43:10 - [TEST_STEP][PASSED] - if (OTP[i] == "2"): null

2022-06-27 12:43:10 - [TEST_STEP][PASSED] - if (OTP[i] == "3"): null

2022-06-27 12:43:10 - [TEST_STEP][PASSED] - if (OTP[i] == "4"): null

2022-06-27 12:43:10 - [TEST_STEP][PASSED] - if (OTP[i] == "5"): null

2022-06-27 12:43:10 - [TEST_STEP][PASSED] - if (OTP[i] == "6"): Tapped on element 'Object Repository/Login Onboarding/PIN6'

2022-06-27 12:43:10 - [TEST_STEP][PASSED] - tap(findTestObject("Login Onboarding/PIN6"), 0): Tapped on element 'Object Repository/Login Onboarding/PIN6'

2022-06-27 12:43:10 - [MESSAGE][WARNING] - Timeout '0' is invalid. Using default page load timeout: '40'

2022-06-27 12:43:12 - [MESSAGE][PASSED] - Tapped on element 'Object Repository/Login Onboarding/PIN6'

2022-06-27 12:43:12 - [TEST_STEP][PASSED] - if (OTP[i] == "7"): null

2022-06-27 12:43:12 - [TEST_STEP][PASSED] - if (OTP[i] == "8"): null

2022-06-27 12:43:12 - [TEST_STEP][PASSED] - if (OTP[i] == "9"): null

2022-06-27 12:43:12 - [TEST_STEP][PASSED] - if (OTP[i] == "0"): null

2022-06-27 12:43:12 - [TEST_STEP][PASSED] - if (OTP[i] == "1"): null

2022-06-27 12:43:12 - [TEST_STEP][PASSED] - if (OTP[i] == "2"): null

2022-06-27 12:43:12 - [TEST_STEP][PASSED] - if (OTP[i] == "3"): null

2022-06-27 12:43:12 - [TEST_STEP][PASSED] - if (OTP[i] == "4"): null

2022-06-27 12:43:12 - [TEST_STEP][PASSED] - if (OTP[i] == "5"): null

2022-06-27 12:43:12 - [TEST_STEP][PASSED] - if (OTP[i] == "6"): null

2022-06-27 12:43:12 - [TEST_STEP][PASSED] - if (OTP[i] == "7"): null

2022-06-27 12:43:12 - [TEST_STEP][PASSED] - if (OTP[i] == "8"): null

2022-06-27 12:43:12 - [TEST_STEP][PASSED] - if (OTP[i] == "9"): Tapped on element 'Object Repository/Login Onboarding/PIN9'

2022-06-27 12:43:12 - [TEST_STEP][PASSED] - tap(findTestObject("Login Onboarding/PIN9"), 0): Tapped on element 'Object Repository/Login Onboarding/PIN9'

2022-06-27 12:43:12 - [MESSAGE][WARNING] - Timeout '0' is invalid. Using default page load timeout: '40'

2022-06-27 12:43:14 - [MESSAGE][PASSED] - Tapped on element 'Object Repository/Login Onboarding/PIN9'

2022-06-27 12:43:14 - [TEST_STEP][PASSED] - if (OTP[i] == "0"): null

2022-06-27 12:43:14 - [TEST_STEP][PASSED] - if (OTP[i] == "1"): null

2022-06-27 12:43:14 - [TEST_STEP][PASSED] - if (OTP[i] == "2"): null

2022-06-27 12:43:14 - [TEST_STEP][PASSED] - if (OTP[i] == "3"): null

2022-06-27 12:43:14 - [TEST_STEP][PASSED] - if (OTP[i] == "4"): null

2022-06-27 12:43:14 - [TEST_STEP][PASSED] - if (OTP[i] == "5"): null

2022-06-27 12:43:14 - [TEST_STEP][PASSED] - if (OTP[i] == "6"): null

2022-06-27 12:43:14 - [TEST_STEP][PASSED] - if (OTP[i] == "7"): null

2022-06-27 12:43:14 - [TEST_STEP][PASSED] - if (OTP[i] == "8"): Tapped on element 'Object Repository/Login Onboarding/PIN8'

2022-06-27 12:43:14 - [TEST_STEP][PASSED] - tap(findTestObject("Login Onboarding/PIN8"), 0): Tapped on element 'Object Repository/Login Onboarding/PIN8'

2022-06-27 12:43:15 - [MESSAGE][WARNING] - Timeout '0' is invalid. Using default page load timeout: '40'

2022-06-27 12:43:16 - [MESSAGE][PASSED] - Tapped on element 'Object Repository/Login Onboarding/PIN8'

2022-06-27 12:43:16 - [TEST_STEP][PASSED] - if (OTP[i] == "9"): null

2022-06-27 12:43:16 - [TEST_STEP][PASSED] - if (OTP[i] == "0"): null

2022-06-27 12:43:16 - [TEST_STEP][PASSED] - if (OTP[i] == "1"): null

2022-06-27 12:43:16 - [TEST_STEP][PASSED] - if (OTP[i] == "2"): Tapped on element 'Object Repository/Login Onboarding/PIN2'

2022-06-27 12:43:16 - [TEST_STEP][PASSED] - tap(findTestObject("Login Onboarding/PIN2"), 0): Tapped on element 'Object Repository/Login Onboarding/PIN2'

2022-06-27 12:43:16 - [MESSAGE][WARNING] - Timeout '0' is invalid. Using default page load timeout: '40'

2022-06-27 12:43:18 - [MESSAGE][PASSED] - Tapped on element 'Object Repository/Login Onboarding/PIN2'

2022-06-27 12:43:19 - [TEST_STEP][PASSED] - if (OTP[i] == "3"): null

2022-06-27 12:43:19 - [TEST_STEP][PASSED] - if (OTP[i] == "4"): null

2022-06-27 12:43:19 - [TEST_STEP][PASSED] - if (OTP[i] == "5"): null

2022-06-27 12:43:19 - [TEST_STEP][PASSED] - if (OTP[i] == "6"): null

2022-06-27 12:43:19 - [TEST_STEP][PASSED] - if (OTP[i] == "7"): null

2022-06-27 12:43:19 - [TEST_STEP][PASSED] - if (OTP[i] == "8"): null

2022-06-27 12:43:19 - [TEST_STEP][PASSED] - if (OTP[i] == "9"): null

2022-06-27 12:43:19 - [TEST_STEP][PASSED] - delay(3): Delayed 3 second(s)

2022-06-27 12:43:22 - [MESSAGE][PASSED] - Delayed 3 second(s)

2022-06-27 12:43:22 - [TEST_STEP][PASSED] - tap(findTestObject("Festive Season/festiveSendGreetingAngpaoTACTickBtn"), 0): Tapped on element 'Object Repository/Festive Season/festiveSendGreetingAngpaoTACTickBtn'

2022-06-27 12:43:22 - [MESSAGE][WARNING] - Timeout '0' is invalid. Using default page load timeout: '40'

2022-06-27 12:43:22 - [MESSAGE][PASSED] - Tapped on element 'Object Repository/Festive Season/festiveSendGreetingAngpaoTACTickBtn'

2022-06-27 12:43:22 - [TEST_STEP][PASSED] - delay(5): Delayed 5 second(s)

2022-06-27 12:43:27 - [MESSAGE][PASSED] - Delayed 5 second(s)

2022-06-27 12:43:27 - [TEST_STEP][PASSED] - verifyElementExist(findTestObject("Festive Season/returnAngpaoStatusMessageTxt"), 0): Element 'Object Repository/Festive Season/returnAngpaoStatusMessageTxt' is exist

2022-06-27 12:43:27 - [MESSAGE][WARNING] - Timeout '0' is invalid. Using default page load timeout: '40'

2022-06-27 12:43:28 - [MESSAGE][PASSED] - Element 'Object Repository/Festive Season/returnAngpaoStatusMessageTxt' is exist

2022-06-27 12:43:28 - [TEST_STEP][PASSED] - message = getText(findTestObject("Festive Season/returnAngpaoStatusMessageTxt"), 10): Text of element 'Object Repository/Festive Season/returnAngpaoStatusMessageTxt' is: 'Transfer scheduled'

2022-06-27 12:43:28 - [MESSAGE][PASSED] - Text of element 'Object Repository/Festive Season/returnAngpaoStatusMessageTxt' is: 'Transfer scheduled'

2022-06-27 12:43:28 - [TEST_STEP][PASSED] - println(message): null

2022-06-27 12:43:28 - [TEST_STEP][PASSED] - assert message == successTransactionMessage: null

2022-06-27 12:43:28 - [TEST_STEP][PASSED] - verifyElementExist(findTestObject("Transfer/transferSummaryDateTimeTitleTxt"), 0): Element 'Object Repository/Transfer/transferSummaryDateTimeTitleTxt' is exist

2022-06-27 12:43:28 - [MESSAGE][WARNING] - Timeout '0' is invalid. Using default page load timeout: '40'

2022-06-27 12:43:28 - [MESSAGE][PASSED] - Element 'Object Repository/Transfer/transferSummaryDateTimeTitleTxt' is exist

2022-06-27 12:43:28 - [TEST_STEP][PASSED] - verifyElementExist(findTestObject("Transfer/transferSummaryRefIDTitleTxt"), 0): Element 'Object Repository/Transfer/transferSummaryRefIDTitleTxt' is exist

2022-06-27 12:43:28 - [MESSAGE][WARNING] - Timeout '0' is invalid. Using default page load timeout: '40'

2022-06-27 12:43:28 - [MESSAGE][PASSED] - Element 'Object Repository/Transfer/transferSummaryRefIDTitleTxt' is exist

2022-06-27 12:43:28 - [TEST_STEP][PASSED] - verifyElementExist(findTestObject("Transfer/transferSummaryShareReceiptBtn"), 0): Element 'Object Repository/Transfer/transferSummaryShareReceiptBtn' is exist

2022-06-27 12:43:28 - [MESSAGE][WARNING] - Timeout '0' is invalid. Using default page load timeout: '40'

2022-06-27 12:43:28 - [MESSAGE][PASSED] - Element 'Object Repository/Transfer/transferSummaryShareReceiptBtn' is exist

2022-06-27 12:43:28 - [TEST_STEP][PASSED] - delay(5): Delayed 5 second(s)

2022-06-27 12:43:33 - [MESSAGE][PASSED] - Delayed 5 second(s)

2022-06-27 12:43:33 - [TEST_STEP][PASSED] - referenceID = getText(findTestObject("Send Request Money/requestMoneyPaySummaryRefIDTxt"), 0): Text of element 'Object Repository/Send Request Money/requestMoneyPaySummaryRefIDTxt' is: '181598909M'

2022-06-27 12:43:33 - [MESSAGE][WARNING] - Timeout '0' is invalid. Using default page load timeout: '40'

2022-06-27 12:43:33 - [MESSAGE][PASSED] - Text of element 'Object Repository/Send Request Money/requestMoneyPaySummaryRefIDTxt' is: '181598909M'

2022-06-27 12:43:33 - [TEST_STEP][PASSED] - println(referenceID): null

2022-06-27 12:43:33 - [TEST_STEP][PASSED] - test = dataFolder: null

2022-06-27 12:43:33 - [TEST_STEP][PASSED] - sheetName = "Sheet1": null

2022-06-27 12:43:33 - [TEST_STEP][PASSED] - file1 = new java.io.File(test): null

2022-06-27 12:43:33 - [TEST_STEP][PASSED] - assert file1.exists() == true: null

2022-06-27 12:43:34 - [TEST_STEP][PASSED] - woorkbook1 = getWorkbook(test): null

2022-06-27 12:43:34 - [TEST_STEP][PASSED] - sheet1 = getExcelSheet(woorkbook1, sheetName): null

2022-06-27 12:43:34 - [TEST_STEP][PASSED] - setValueToCellByIndex(sheet1, 3, 1, referenceID): null

2022-06-27 12:43:34 - [TEST_STEP][PASSED] - saveWorkbook(test, woorkbook1): null

2022-06-27 12:43:34 - [TEST_STEP][PASSED] - delay(3): Delayed 3 second(s)

2022-06-27 12:43:37 - [MESSAGE][PASSED] - Delayed 3 second(s)

2022-06-27 12:43:37 - [TEST_STEP][PASSED] - takeScreenshot("/Users/a00139272/Desktop/Screenshot/instantSchedule.png"): Screenshot is taken

2022-06-27 12:43:38 - [MESSAGE][PASSED] - Screenshot is taken
[[ATTACHMENT|/Users/a00139272/Desktop/Screenshot/instantSchedule.png]]

2022-06-27 12:43:38 - [TEST_STEP][PASSED] - verifyElementVisible(findTestObject("Main/mainDoneBtn"), 0): Element 'Object Repository/Main/mainDoneBtn' is visible

2022-06-27 12:43:38 - [MESSAGE][WARNING] - Timeout '0' is invalid. Using default page load timeout: '40'

2022-06-27 12:43:38 - [MESSAGE][PASSED] - Element 'Object Repository/Main/mainDoneBtn' is visible

2022-06-27 12:43:38 - [TEST_STEP][PASSED] - tap(findTestObject("Main/mainDoneBtn"), 0): Tapped on element 'Object Repository/Main/mainDoneBtn'

2022-06-27 12:43:38 - [MESSAGE][WARNING] - Timeout '0' is invalid. Using default page load timeout: '40'

2022-06-27 12:43:38 - [MESSAGE][PASSED] - Tapped on element 'Object Repository/Main/mainDoneBtn'

2022-06-27 12:43:38 - [TEST_STEP][PASSED] - delay(5): Delayed 5 second(s)

2022-06-27 12:43:43 - [MESSAGE][PASSED] - Delayed 5 second(s)

2022-06-27 12:43:43 - [TEST_STEP][PASSED] - tap(findTestObject("Main/mainTopLeftBackButton"), 0): Tapped on element 'Object Repository/Main/mainTopLeftBackButton'

2022-06-27 12:43:43 - [MESSAGE][WARNING] - Timeout '0' is invalid. Using default page load timeout: '40'

2022-06-27 12:43:44 - [MESSAGE][PASSED] - Tapped on element 'Object Repository/Main/mainTopLeftBackButton'

2022-06-27 12:43:44 - [TEST_STEP][PASSED] - delay(5): Delayed 5 second(s)

2022-06-27 12:43:49 - [MESSAGE][PASSED] - Delayed 5 second(s)

2022-06-27 12:43:49 - [TEST_STEP][PASSED] - verifyElementVisible(findTestObject("Banking/m2uAccountTypeSelection", ["text":"MAE"]), 0): Element 'Object Repository/Banking/m2uAccountTypeSelection' is visible

2022-06-27 12:43:49 - [MESSAGE][WARNING] - Timeout '0' is invalid. Using default page load timeout: '40'

2022-06-27 12:43:49 - [MESSAGE][PASSED] - Element 'Object Repository/Banking/m2uAccountTypeSelection' is visible

2022-06-27 12:43:49 - [TEST_STEP][PASSED] - tap(findTestObject("Banking/m2uAccountTypeSelection", ["text":"MAE"]), 10): Tapped on element 'Object Repository/Banking/m2uAccountTypeSelection'

2022-06-27 12:43:49 - [MESSAGE][PASSED] - Tapped on element 'Object Repository/Banking/m2uAccountTypeSelection'

2022-06-27 12:43:49 - [TEST_STEP][PASSED] - delay(5): Delayed 5 second(s)

2022-06-27 12:43:54 - [MESSAGE][PASSED] - Delayed 5 second(s)

2022-06-27 12:43:54 - [TEST_STEP][PASSED] - afterBalance = getText(findTestObject("Main/mainAccountsBalanceTxt"), 0): Text of element 'Object Repository/Main/mainAccountsBalanceTxt' is: 'RM 1,941.94'

2022-06-27 12:43:54 - [MESSAGE][WARNING] - Timeout '0' is invalid. Using default page load timeout: '40'

2022-06-27 12:43:55 - [MESSAGE][PASSED] - Text of element 'Object Repository/Main/mainAccountsBalanceTxt' is: 'RM 1,941.94'

2022-06-27 12:43:55 - [TEST_STEP][PASSED] - newAfterBalance = afterBalance.replaceAll("[^0-9.]", ""): null

2022-06-27 12:43:55 - [TEST_STEP][PASSED] - newAccountBalance = accountBalance.replaceAll("[^0-9.]", ""): null

2022-06-27 12:43:55 - [TEST_STEP][PASSED] - newAfterBalanceF = Float.parseFloat(newAfterBalance): null

2022-06-27 12:43:55 - [TEST_STEP][PASSED] - newAccountBalanceF = Float.parseFloat(newAccountBalance): null

2022-06-27 12:43:55 - [TEST_STEP][PASSED] - println(afterBalance): null

2022-06-27 12:43:55 - [TEST_STEP][PASSED] - println(accountBalance): null

2022-06-27 12:43:55 - [TEST_STEP][PASSED] - println(newAfterBalance): null

2022-06-27 12:43:55 - [TEST_STEP][PASSED] - println(newAccountBalance): null

2022-06-27 12:43:55 - [TEST_STEP][PASSED] - newBalance = newAccountBalanceF - 0.04: null

2022-06-27 12:43:55 - [TEST_STEP][PASSED] - println(newBalance): null

2022-06-27 12:43:55 - [TEST_STEP][PASSED] - delay(5): Delayed 5 second(s)

2022-06-27 12:44:00 - [MESSAGE][PASSED] - Delayed 5 second(s)]]></system-out>
         <system-err><![CDATA[]]></system-err>
      </testcase>
      <testcase name="Test Cases/Transfer/transfer_instantTransferSetFav" time="225.304" classname="Test Cases/Transfer/transfer_instantTransferSetFav" status="PASSED">
         <system-out><![CDATA[2022-06-27 12:44:00 - [TEST_CASE][PASSED] - Test Cases/Transfer/transfer_instantTransferSetFav: Test Cases/Transfer/transfer_instantTransferSetFav

2022-06-27 12:44:00 - [TEST_STEP][PASSED] - delay(5): Delayed 5 second(s)

2022-06-27 12:44:05 - [MESSAGE][PASSED] - Delayed 5 second(s)

2022-06-27 12:44:05 - [TEST_STEP][PASSED] - device_Height = getDeviceHeight(): Current device physical height is 2167

2022-06-27 12:44:05 - [MESSAGE][PASSED] - Current device physical height is 2167

2022-06-27 12:44:05 - [TEST_STEP][PASSED] - device_Width = getDeviceWidth(): Current device physical width is 1080

2022-06-27 12:44:05 - [MESSAGE][PASSED] - Current device physical width is 1080

2022-06-27 12:44:05 - [TEST_STEP][PASSED] - startX = device_Width / 3: null

2022-06-27 12:44:05 - [TEST_STEP][PASSED] - startY = device_Height * 0.97: null

2022-06-27 12:44:05 - [TEST_STEP][PASSED] - verifyElementVisible(findTestObject("Banking/m2uAccountTransferIconSelect"), 0): Element 'Object Repository/Banking/m2uAccountTransferIconSelect' is visible

2022-06-27 12:44:05 - [MESSAGE][WARNING] - Timeout '0' is invalid. Using default page load timeout: '40'

2022-06-27 12:44:05 - [MESSAGE][PASSED] - Element 'Object Repository/Banking/m2uAccountTransferIconSelect' is visible

2022-06-27 12:44:05 - [TEST_STEP][PASSED] - tap(findTestObject("Banking/m2uAccountTransferIconSelect"), 0): Tapped on element 'Object Repository/Banking/m2uAccountTransferIconSelect'

2022-06-27 12:44:05 - [MESSAGE][WARNING] - Timeout '0' is invalid. Using default page load timeout: '40'

2022-06-27 12:44:06 - [MESSAGE][PASSED] - Tapped on element 'Object Repository/Banking/m2uAccountTransferIconSelect'

2022-06-27 12:44:06 - [TEST_STEP][PASSED] - delay(5): Delayed 5 second(s)

2022-06-27 12:44:11 - [MESSAGE][PASSED] - Delayed 5 second(s)

2022-06-27 12:44:11 - [TEST_STEP][PASSED] - println("InterBank Test Case Started"): null

2022-06-27 12:44:11 - [TEST_STEP][PASSED] - tap(findTestObject("Banking/transferOthersTopMenuSelect"), 0): Tapped on element 'Object Repository/Banking/transferOthersTopMenuSelect'

2022-06-27 12:44:11 - [MESSAGE][WARNING] - Timeout '0' is invalid. Using default page load timeout: '40'

2022-06-27 12:45:12 - [MESSAGE][PASSED] - Tapped on element 'Object Repository/Banking/transferOthersTopMenuSelect'

2022-06-27 12:45:12 - [TEST_STEP][PASSED] - tap(findTestObject("Banking/transferBanksIconSelect"), 0): Tapped on element 'Object Repository/Banking/transferBanksIconSelect'

2022-06-27 12:45:12 - [MESSAGE][WARNING] - Timeout '0' is invalid. Using default page load timeout: '40'

2022-06-27 12:46:05 - [MESSAGE][PASSED] - Tapped on element 'Object Repository/Banking/transferBanksIconSelect'

2022-06-27 12:46:05 - [TEST_STEP][PASSED] - scrollToText("PUBLIC BANK", STOP_ON_FAILURE): Scrolling to text 'PUBLIC BANK' successfully

2022-06-27 12:46:17 - [MESSAGE][PASSED] - Scrolling to text 'PUBLIC BANK' successfully

2022-06-27 12:46:17 - [TEST_STEP][PASSED] - tap(findTestObject("Banking/transferBankSelection", ["text":"PUBLIC BANK"]), 10): Tapped on element 'Object Repository/Banking/transferBankSelection'

2022-06-27 12:46:17 - [MESSAGE][PASSED] - Tapped on element 'Object Repository/Banking/transferBankSelection'

2022-06-27 12:46:17 - [TEST_STEP][PASSED] - setText(findTestObject("Banking/transferAccountNoInputField"), accountNum, 0): Text '3099117112' has been set to element 'Object Repository/Banking/transferAccountNoInputField'

2022-06-27 12:46:17 - [MESSAGE][WARNING] - Timeout '0' is invalid. Using default page load timeout: '40'

2022-06-27 12:46:20 - [MESSAGE][PASSED] - Text '3099117112' has been set to element 'Object Repository/Banking/transferAccountNoInputField'

2022-06-27 12:46:20 - [TEST_STEP][PASSED] - hideKeyboard(): Keyboard is hidden

2022-06-27 12:46:25 - [MESSAGE][PASSED] - Keyboard is hidden

2022-06-27 12:46:25 - [TEST_STEP][PASSED] - tap(findTestObject("Login Onboarding/loginExistingContinueBtn"), 0): Tapped on element 'Object Repository/Login Onboarding/loginExistingContinueBtn'

2022-06-27 12:46:25 - [MESSAGE][WARNING] - Timeout '0' is invalid. Using default page load timeout: '40'

2022-06-27 12:46:25 - [MESSAGE][PASSED] - Tapped on element 'Object Repository/Login Onboarding/loginExistingContinueBtn'

2022-06-27 12:46:25 - [TEST_STEP][PASSED] - tap(findTestObject("Login Onboarding/PIN4"), 0): Tapped on element 'Object Repository/Login Onboarding/PIN4'

2022-06-27 12:46:25 - [MESSAGE][WARNING] - Timeout '0' is invalid. Using default page load timeout: '40'

2022-06-27 12:46:27 - [MESSAGE][PASSED] - Tapped on element 'Object Repository/Login Onboarding/PIN4'

2022-06-27 12:46:27 - [TEST_STEP][PASSED] - delay(3): Delayed 3 second(s)

2022-06-27 12:46:30 - [MESSAGE][PASSED] - Delayed 3 second(s)

2022-06-27 12:46:30 - [TEST_STEP][PASSED] - tap(findTestObject("Login Onboarding/loginPinTickBtn"), 0): Tapped on element 'Object Repository/Login Onboarding/loginPinTickBtn'

2022-06-27 12:46:30 - [MESSAGE][WARNING] - Timeout '0' is invalid. Using default page load timeout: '40'

2022-06-27 12:46:30 - [MESSAGE][PASSED] - Tapped on element 'Object Repository/Login Onboarding/loginPinTickBtn'

2022-06-27 12:46:30 - [TEST_STEP][PASSED] - setText(findTestObject("Banking/transferReferenceInputField"), "AmountTransfer", 0): Text 'AmountTransfer' has been set to element 'Object Repository/Banking/transferReferenceInputField'

2022-06-27 12:46:30 - [MESSAGE][WARNING] - Timeout '0' is invalid. Using default page load timeout: '40'

2022-06-27 12:46:32 - [MESSAGE][PASSED] - Text 'AmountTransfer' has been set to element 'Object Repository/Banking/transferReferenceInputField'

2022-06-27 12:46:32 - [TEST_STEP][PASSED] - hideKeyboard(): Keyboard is hidden

2022-06-27 12:46:34 - [MESSAGE][PASSED] - Keyboard is hidden

2022-06-27 12:46:34 - [TEST_STEP][PASSED] - tap(findTestObject("Login Onboarding/loginExistingContinueBtn"), 0): Tapped on element 'Object Repository/Login Onboarding/loginExistingContinueBtn'

2022-06-27 12:46:34 - [MESSAGE][WARNING] - Timeout '0' is invalid. Using default page load timeout: '40'

2022-06-27 12:46:35 - [MESSAGE][PASSED] - Tapped on element 'Object Repository/Login Onboarding/loginExistingContinueBtn'

2022-06-27 12:46:35 - [TEST_STEP][PASSED] - delay(5): Delayed 5 second(s)

2022-06-27 12:46:40 - [MESSAGE][PASSED] - Delayed 5 second(s)

2022-06-27 12:46:40 - [TEST_STEP][PASSED] - tap(findTestObject("Banking/transferTypeDropdownSelection"), 0): Tapped on element 'Object Repository/Banking/transferTypeDropdownSelection'

2022-06-27 12:46:40 - [MESSAGE][WARNING] - Timeout '0' is invalid. Using default page load timeout: '40'

2022-06-27 12:46:40 - [MESSAGE][PASSED] - Tapped on element 'Object Repository/Banking/transferTypeDropdownSelection'

2022-06-27 12:46:40 - [TEST_STEP][PASSED] - scrollToText("Fund Transfer", STOP_ON_FAILURE): Scrolling to text 'Fund Transfer' successfully

2022-06-27 12:46:43 - [MESSAGE][PASSED] - Scrolling to text 'Fund Transfer' successfully

2022-06-27 12:46:43 - [TEST_STEP][PASSED] - tap(findTestObject("Banking/tansferTypeFundDropdownSelection"), 0): Tapped on element 'Object Repository/Banking/tansferTypeFundDropdownSelection'

2022-06-27 12:46:43 - [MESSAGE][WARNING] - Timeout '0' is invalid. Using default page load timeout: '40'

2022-06-27 12:46:44 - [MESSAGE][PASSED] - Tapped on element 'Object Repository/Banking/tansferTypeFundDropdownSelection'

2022-06-27 12:46:44 - [TEST_STEP][PASSED] - tap(findTestObject("Banking/transferModeDropdownDoneBtn"), 0): Tapped on element 'Object Repository/Banking/transferModeDropdownDoneBtn'

2022-06-27 12:46:44 - [MESSAGE][WARNING] - Timeout '0' is invalid. Using default page load timeout: '40'

2022-06-27 12:46:44 - [MESSAGE][PASSED] - Tapped on element 'Object Repository/Banking/transferModeDropdownDoneBtn'

2022-06-27 12:46:44 - [TEST_STEP][PASSED] - tap(findTestObject("Login Onboarding/loginExistingContinueBtn"), 0): Tapped on element 'Object Repository/Login Onboarding/loginExistingContinueBtn'

2022-06-27 12:46:44 - [MESSAGE][WARNING] - Timeout '0' is invalid. Using default page load timeout: '40'

2022-06-27 12:46:45 - [MESSAGE][PASSED] - Tapped on element 'Object Repository/Login Onboarding/loginExistingContinueBtn'

2022-06-27 12:46:45 - [TEST_STEP][PASSED] - delay(5): Delayed 5 second(s)

2022-06-27 12:46:50 - [MESSAGE][PASSED] - Delayed 5 second(s)

2022-06-27 12:46:50 - [TEST_STEP][PASSED] - verifyElementVisible(findTestObject("Main/mainTransferNowBtn"), 0): Element 'Object Repository/Main/mainTransferNowBtn' is visible

2022-06-27 12:46:50 - [MESSAGE][WARNING] - Timeout '0' is invalid. Using default page load timeout: '40'

2022-06-27 12:46:51 - [MESSAGE][PASSED] - Element 'Object Repository/Main/mainTransferNowBtn' is visible

2022-06-27 12:46:51 - [TEST_STEP][PASSED] - tap(findTestObject("Main/mainTransferNowBtn"), 0): Tapped on element 'Object Repository/Main/mainTransferNowBtn'

2022-06-27 12:46:51 - [MESSAGE][WARNING] - Timeout '0' is invalid. Using default page load timeout: '40'

2022-06-27 12:46:51 - [MESSAGE][PASSED] - Tapped on element 'Object Repository/Main/mainTransferNowBtn'

2022-06-27 12:46:51 - [TEST_STEP][PASSED] - if (verifyElementVisible(findTestObject("Festive Season/seasonalGreetingAngpaoTACNoTxt"), 5, OPTIONAL)): null

2022-06-27 12:46:55 - [MESSAGE][PASSED] - Element 'Object Repository/Festive Season/seasonalGreetingAngpaoTACNoTxt' is visible

2022-06-27 12:46:55 - [TEST_STEP][PASSED] - OTP = getText(findTestObject("Festive Season/seasonalGreetingAngpaoTACNoTxt"), 5): Text of element 'Object Repository/Festive Season/seasonalGreetingAngpaoTACNoTxt' is: 'Your TAC no. is 415937'

2022-06-27 12:46:56 - [MESSAGE][PASSED] - Text of element 'Object Repository/Festive Season/seasonalGreetingAngpaoTACNoTxt' is: 'Your TAC no. is 415937'

2022-06-27 12:46:56 - [TEST_STEP][PASSED] - for ([i = 16, i <= 21, (i++)]): null

2022-06-27 12:46:56 - [TEST_STEP][PASSED] - if (OTP[i] == "0"): null

2022-06-27 12:46:56 - [TEST_STEP][PASSED] - if (OTP[i] == "1"): null

2022-06-27 12:46:56 - [TEST_STEP][PASSED] - if (OTP[i] == "2"): null

2022-06-27 12:46:56 - [TEST_STEP][PASSED] - if (OTP[i] == "3"): null

2022-06-27 12:46:56 - [TEST_STEP][PASSED] - if (OTP[i] == "4"): Tapped on element 'Object Repository/Login Onboarding/PIN4'

2022-06-27 12:46:56 - [TEST_STEP][PASSED] - tap(findTestObject("Login Onboarding/PIN4"), 0): Tapped on element 'Object Repository/Login Onboarding/PIN4'

2022-06-27 12:46:56 - [MESSAGE][WARNING] - Timeout '0' is invalid. Using default page load timeout: '40'

2022-06-27 12:46:56 - [MESSAGE][PASSED] - Tapped on element 'Object Repository/Login Onboarding/PIN4'

2022-06-27 12:46:56 - [TEST_STEP][PASSED] - if (OTP[i] == "5"): null

2022-06-27 12:46:56 - [TEST_STEP][PASSED] - if (OTP[i] == "6"): null

2022-06-27 12:46:56 - [TEST_STEP][PASSED] - if (OTP[i] == "7"): null

2022-06-27 12:46:56 - [TEST_STEP][PASSED] - if (OTP[i] == "8"): null

2022-06-27 12:46:56 - [TEST_STEP][PASSED] - if (OTP[i] == "9"): null

2022-06-27 12:46:56 - [TEST_STEP][PASSED] - if (OTP[i] == "0"): null

2022-06-27 12:46:56 - [TEST_STEP][PASSED] - if (OTP[i] == "1"): Tapped on element 'Object Repository/Login Onboarding/PIN1'

2022-06-27 12:46:56 - [TEST_STEP][PASSED] - tap(findTestObject("Login Onboarding/PIN1"), 0): Tapped on element 'Object Repository/Login Onboarding/PIN1'

2022-06-27 12:46:56 - [MESSAGE][WARNING] - Timeout '0' is invalid. Using default page load timeout: '40'

2022-06-27 12:46:58 - [MESSAGE][PASSED] - Tapped on element 'Object Repository/Login Onboarding/PIN1'

2022-06-27 12:46:58 - [TEST_STEP][PASSED] - if (OTP[i] == "2"): null

2022-06-27 12:46:58 - [TEST_STEP][PASSED] - if (OTP[i] == "3"): null

2022-06-27 12:46:58 - [TEST_STEP][PASSED] - if (OTP[i] == "4"): null

2022-06-27 12:46:58 - [TEST_STEP][PASSED] - if (OTP[i] == "5"): null

2022-06-27 12:46:58 - [TEST_STEP][PASSED] - if (OTP[i] == "6"): null

2022-06-27 12:46:58 - [TEST_STEP][PASSED] - if (OTP[i] == "7"): null

2022-06-27 12:46:58 - [TEST_STEP][PASSED] - if (OTP[i] == "8"): null

2022-06-27 12:46:58 - [TEST_STEP][PASSED] - if (OTP[i] == "9"): null

2022-06-27 12:46:58 - [TEST_STEP][PASSED] - if (OTP[i] == "0"): null

2022-06-27 12:46:58 - [TEST_STEP][PASSED] - if (OTP[i] == "1"): null

2022-06-27 12:46:58 - [TEST_STEP][PASSED] - if (OTP[i] == "2"): null

2022-06-27 12:46:58 - [TEST_STEP][PASSED] - if (OTP[i] == "3"): null

2022-06-27 12:46:58 - [TEST_STEP][PASSED] - if (OTP[i] == "4"): null

2022-06-27 12:46:58 - [TEST_STEP][PASSED] - if (OTP[i] == "5"): Tapped on element 'Object Repository/Login Onboarding/PIN5'

2022-06-27 12:46:58 - [TEST_STEP][PASSED] - tap(findTestObject("Login Onboarding/PIN5"), 0): Tapped on element 'Object Repository/Login Onboarding/PIN5'

2022-06-27 12:46:58 - [MESSAGE][WARNING] - Timeout '0' is invalid. Using default page load timeout: '40'

2022-06-27 12:47:02 - [MESSAGE][PASSED] - Tapped on element 'Object Repository/Login Onboarding/PIN5'

2022-06-27 12:47:02 - [TEST_STEP][PASSED] - if (OTP[i] == "6"): null

2022-06-27 12:47:02 - [TEST_STEP][PASSED] - if (OTP[i] == "7"): null

2022-06-27 12:47:02 - [TEST_STEP][PASSED] - if (OTP[i] == "8"): null

2022-06-27 12:47:02 - [TEST_STEP][PASSED] - if (OTP[i] == "9"): null

2022-06-27 12:47:02 - [TEST_STEP][PASSED] - if (OTP[i] == "0"): null

2022-06-27 12:47:02 - [TEST_STEP][PASSED] - if (OTP[i] == "1"): null

2022-06-27 12:47:02 - [TEST_STEP][PASSED] - if (OTP[i] == "2"): null

2022-06-27 12:47:02 - [TEST_STEP][PASSED] - if (OTP[i] == "3"): null

2022-06-27 12:47:02 - [TEST_STEP][PASSED] - if (OTP[i] == "4"): null

2022-06-27 12:47:02 - [TEST_STEP][PASSED] - if (OTP[i] == "5"): null

2022-06-27 12:47:02 - [TEST_STEP][PASSED] - if (OTP[i] == "6"): null

2022-06-27 12:47:02 - [TEST_STEP][PASSED] - if (OTP[i] == "7"): null

2022-06-27 12:47:02 - [TEST_STEP][PASSED] - if (OTP[i] == "8"): null

2022-06-27 12:47:02 - [TEST_STEP][PASSED] - if (OTP[i] == "9"): Tapped on element 'Object Repository/Login Onboarding/PIN9'

2022-06-27 12:47:02 - [TEST_STEP][PASSED] - tap(findTestObject("Login Onboarding/PIN9"), 0): Tapped on element 'Object Repository/Login Onboarding/PIN9'

2022-06-27 12:47:02 - [MESSAGE][WARNING] - Timeout '0' is invalid. Using default page load timeout: '40'

2022-06-27 12:47:04 - [MESSAGE][PASSED] - Tapped on element 'Object Repository/Login Onboarding/PIN9'

2022-06-27 12:47:04 - [TEST_STEP][PASSED] - if (OTP[i] == "0"): null

2022-06-27 12:47:04 - [TEST_STEP][PASSED] - if (OTP[i] == "1"): null

2022-06-27 12:47:04 - [TEST_STEP][PASSED] - if (OTP[i] == "2"): null

2022-06-27 12:47:04 - [TEST_STEP][PASSED] - if (OTP[i] == "3"): Tapped on element 'Object Repository/Login Onboarding/PIN3'

2022-06-27 12:47:04 - [TEST_STEP][PASSED] - tap(findTestObject("Login Onboarding/PIN3"), 0): Tapped on element 'Object Repository/Login Onboarding/PIN3'

2022-06-27 12:47:04 - [MESSAGE][WARNING] - Timeout '0' is invalid. Using default page load timeout: '40'

2022-06-27 12:47:06 - [MESSAGE][PASSED] - Tapped on element 'Object Repository/Login Onboarding/PIN3'

2022-06-27 12:47:06 - [TEST_STEP][PASSED] - if (OTP[i] == "4"): null

2022-06-27 12:47:06 - [TEST_STEP][PASSED] - if (OTP[i] == "5"): null

2022-06-27 12:47:06 - [TEST_STEP][PASSED] - if (OTP[i] == "6"): null

2022-06-27 12:47:06 - [TEST_STEP][PASSED] - if (OTP[i] == "7"): null

2022-06-27 12:47:06 - [TEST_STEP][PASSED] - if (OTP[i] == "8"): null

2022-06-27 12:47:06 - [TEST_STEP][PASSED] - if (OTP[i] == "9"): null

2022-06-27 12:47:06 - [TEST_STEP][PASSED] - if (OTP[i] == "0"): null

2022-06-27 12:47:06 - [TEST_STEP][PASSED] - if (OTP[i] == "1"): null

2022-06-27 12:47:06 - [TEST_STEP][PASSED] - if (OTP[i] == "2"): null

2022-06-27 12:47:06 - [TEST_STEP][PASSED] - if (OTP[i] == "3"): null

2022-06-27 12:47:06 - [TEST_STEP][PASSED] - if (OTP[i] == "4"): null

2022-06-27 12:47:06 - [TEST_STEP][PASSED] - if (OTP[i] == "5"): null

2022-06-27 12:47:06 - [TEST_STEP][PASSED] - if (OTP[i] == "6"): null

2022-06-27 12:47:06 - [TEST_STEP][PASSED] - if (OTP[i] == "7"): Tapped on element 'Object Repository/Login Onboarding/PIN7'

2022-06-27 12:47:06 - [TEST_STEP][PASSED] - tap(findTestObject("Login Onboarding/PIN7"), 0): Tapped on element 'Object Repository/Login Onboarding/PIN7'

2022-06-27 12:47:06 - [MESSAGE][WARNING] - Timeout '0' is invalid. Using default page load timeout: '40'

2022-06-27 12:47:08 - [MESSAGE][PASSED] - Tapped on element 'Object Repository/Login Onboarding/PIN7'

2022-06-27 12:47:08 - [TEST_STEP][PASSED] - if (OTP[i] == "8"): null

2022-06-27 12:47:08 - [TEST_STEP][PASSED] - if (OTP[i] == "9"): null

2022-06-27 12:47:08 - [TEST_STEP][PASSED] - delay(3): Delayed 3 second(s)

2022-06-27 12:47:11 - [MESSAGE][PASSED] - Delayed 3 second(s)

2022-06-27 12:47:11 - [TEST_STEP][PASSED] - tap(findTestObject("Festive Season/festiveSendGreetingAngpaoTACTickBtn"), 0): Tapped on element 'Object Repository/Festive Season/festiveSendGreetingAngpaoTACTickBtn'

2022-06-27 12:47:11 - [MESSAGE][WARNING] - Timeout '0' is invalid. Using default page load timeout: '40'

2022-06-27 12:47:11 - [MESSAGE][PASSED] - Tapped on element 'Object Repository/Festive Season/festiveSendGreetingAngpaoTACTickBtn'

2022-06-27 12:47:11 - [TEST_STEP][PASSED] - println("Interbank Test Case Completed"): null

2022-06-27 12:47:11 - [TEST_STEP][PASSED] - delay(5): Delayed 5 second(s)

2022-06-27 12:47:16 - [MESSAGE][PASSED] - Delayed 5 second(s)

2022-06-27 12:47:16 - [TEST_STEP][PASSED] - referenceID = getText(findTestObject("Send Request Money/requestMoneyPaySummaryRefIDTxt"), 0): Text of element 'Object Repository/Send Request Money/requestMoneyPaySummaryRefIDTxt' is: '181598927M'

2022-06-27 12:47:16 - [MESSAGE][WARNING] - Timeout '0' is invalid. Using default page load timeout: '40'

2022-06-27 12:47:27 - [MESSAGE][PASSED] - Text of element 'Object Repository/Send Request Money/requestMoneyPaySummaryRefIDTxt' is: '181598927M'

2022-06-27 12:47:27 - [TEST_STEP][PASSED] - println(referenceID): null

2022-06-27 12:47:27 - [TEST_STEP][PASSED] - test = dataFolder: null

2022-06-27 12:47:27 - [TEST_STEP][PASSED] - sheetName = "Sheet1": null

2022-06-27 12:47:27 - [TEST_STEP][PASSED] - file1 = new java.io.File(test): null

2022-06-27 12:47:27 - [TEST_STEP][PASSED] - assert file1.exists() == true: null

2022-06-27 12:47:27 - [TEST_STEP][PASSED] - woorkbook1 = getWorkbook(test): null

2022-06-27 12:47:27 - [TEST_STEP][PASSED] - sheet1 = getExcelSheet(woorkbook1, sheetName): null

2022-06-27 12:47:27 - [TEST_STEP][PASSED] - setValueToCellByIndex(sheet1, 2, 1, referenceID): null

2022-06-27 12:47:27 - [TEST_STEP][PASSED] - saveWorkbook(test, woorkbook1): null

2022-06-27 12:47:27 - [TEST_STEP][PASSED] - delay(3): Delayed 3 second(s)

2022-06-27 12:47:30 - [MESSAGE][PASSED] - Delayed 3 second(s)

2022-06-27 12:47:30 - [TEST_STEP][PASSED] - tap(findTestObject("Main/mainAddToFavBtn"), 0): Tapped on element 'Object Repository/Main/mainAddToFavBtn'

2022-06-27 12:47:30 - [MESSAGE][WARNING] - Timeout '0' is invalid. Using default page load timeout: '40'

2022-06-27 12:47:30 - [MESSAGE][PASSED] - Tapped on element 'Object Repository/Main/mainAddToFavBtn'

2022-06-27 12:47:30 - [TEST_STEP][PASSED] - delay(2): Delayed 2 second(s)

2022-06-27 12:47:32 - [MESSAGE][PASSED] - Delayed 2 second(s)

2022-06-27 12:47:32 - [TEST_STEP][PASSED] - tap(findTestObject("Main/mainAddToFavBtn"), 0): Tapped on element 'Object Repository/Main/mainAddToFavBtn'

2022-06-27 12:47:32 - [MESSAGE][WARNING] - Timeout '0' is invalid. Using default page load timeout: '40'

2022-06-27 12:47:32 - [MESSAGE][PASSED] - Tapped on element 'Object Repository/Main/mainAddToFavBtn'

2022-06-27 12:47:32 - [TEST_STEP][PASSED] - delay(2): Delayed 2 second(s)

2022-06-27 12:47:34 - [MESSAGE][PASSED] - Delayed 2 second(s)

2022-06-27 12:47:34 - [TEST_STEP][PASSED] - tap(findTestObject("Main/mainCloseFavPopUpBtn"), 0): Tapped on element 'Object Repository/Main/mainCloseFavPopUpBtn'

2022-06-27 12:47:34 - [MESSAGE][WARNING] - Timeout '0' is invalid. Using default page load timeout: '40'

2022-06-27 12:47:36 - [MESSAGE][PASSED] - Tapped on element 'Object Repository/Main/mainCloseFavPopUpBtn'

2022-06-27 12:47:36 - [TEST_STEP][PASSED] - delay(3): Delayed 3 second(s)

2022-06-27 12:47:39 - [MESSAGE][PASSED] - Delayed 3 second(s)

2022-06-27 12:47:39 - [TEST_STEP][PASSED] - takeScreenshot("/Users/a00139272/Desktop/Screenshot/instantSetFav.png"): Screenshot is taken

2022-06-27 12:47:39 - [MESSAGE][PASSED] - Screenshot is taken
[[ATTACHMENT|/Users/a00139272/Desktop/Screenshot/instantSetFav.png]]

2022-06-27 12:47:39 - [TEST_STEP][PASSED] - verifyElementVisible(findTestObject("Main/mainDoneBtn"), 3): Element 'Object Repository/Main/mainDoneBtn' is visible

2022-06-27 12:47:40 - [MESSAGE][PASSED] - Element 'Object Repository/Main/mainDoneBtn' is visible

2022-06-27 12:47:40 - [TEST_STEP][PASSED] - tap(findTestObject("Main/mainDoneBtn"), 0): Tapped on element 'Object Repository/Main/mainDoneBtn'

2022-06-27 12:47:40 - [MESSAGE][WARNING] - Timeout '0' is invalid. Using default page load timeout: '40'

2022-06-27 12:47:40 - [MESSAGE][PASSED] - Tapped on element 'Object Repository/Main/mainDoneBtn'

2022-06-27 12:47:40 - [TEST_STEP][PASSED] - delay(5): Delayed 5 second(s)

2022-06-27 12:47:45 - [MESSAGE][PASSED] - Delayed 5 second(s)]]></system-out>
         <system-err><![CDATA[]]></system-err>
      </testcase>
      <testcase name="Test Cases/Transfer/transfer_instantIBFTFav" time="358.935" classname="Test Cases/Transfer/transfer_instantIBFTFav" status="FAILED">
         <failure type="FAILED" message="Test Cases/Transfer/transfer_instantIBFTFav FAILED.
Reason:
Assertion failed: 

assert message == successTransactionMessage
       |       |  |
       |       |  Transfer successful
       |       false
       Transfer accepted

	at transfer_instantIBFTFav.run(transfer_instantIBFTFav:291)
	at com.kms.katalon.core.main.ScriptEngine.run(ScriptEngine.java:194)
	at com.kms.katalon.core.main.ScriptEngine.runScriptAsRawText(ScriptEngine.java:119)
	at com.kms.katalon.core.main.TestCaseExecutor.runScript(TestCaseExecutor.java:445)
	at com.kms.katalon.core.main.TestCaseExecutor.doExecute(TestCaseExecutor.java:436)
	at com.kms.katalon.core.main.TestCaseExecutor.processExecutionPhase(TestCaseExecutor.java:415)
	at com.kms.katalon.core.main.TestCaseExecutor.accessMainPhase(TestCaseExecutor.java:407)
	at com.kms.katalon.core.main.TestCaseExecutor.execute(TestCaseExecutor.java:284)
	at com.kms.katalon.core.common.CommonExecutor.accessTestCaseMainPhase(CommonExecutor.java:65)
	at com.kms.katalon.core.main.TestSuiteExecutor.accessTestSuiteMainPhase(TestSuiteExecutor.java:144)
	at com.kms.katalon.core.main.TestSuiteExecutor.execute(TestSuiteExecutor.java:106)
	at com.kms.katalon.core.main.TestCaseMain.startTestSuite(TestCaseMain.java:185)
	at com.kms.katalon.core.main.TestCaseMain$startTestSuite$0.call(Unknown Source)
	at TempTestSuite1656303798210.run(TempTestSuite1656303798210.groovy:36)
"/>
         <system-out><![CDATA[2022-06-27 12:47:45 - [TEST_CASE][FAILED] - Test Cases/Transfer/transfer_instantIBFTFav: Test Cases/Transfer/transfer_instantIBFTFav FAILED.
Reason:
Assertion failed: 

assert message == successTransactionMessage
       |       |  |
       |       |  Transfer successful
       |       false
       Transfer accepted

	at transfer_instantIBFTFav.run(transfer_instantIBFTFav:291)
	at com.kms.katalon.core.main.ScriptEngine.run(ScriptEngine.java:194)
	at com.kms.katalon.core.main.ScriptEngine.runScriptAsRawText(ScriptEngine.java:119)
	at com.kms.katalon.core.main.TestCaseExecutor.runScript(TestCaseExecutor.java:445)
	at com.kms.katalon.core.main.TestCaseExecutor.doExecute(TestCaseExecutor.java:436)
	at com.kms.katalon.core.main.TestCaseExecutor.processExecutionPhase(TestCaseExecutor.java:415)
	at com.kms.katalon.core.main.TestCaseExecutor.accessMainPhase(TestCaseExecutor.java:407)
	at com.kms.katalon.core.main.TestCaseExecutor.execute(TestCaseExecutor.java:284)
	at com.kms.katalon.core.common.CommonExecutor.accessTestCaseMainPhase(CommonExecutor.java:65)
	at com.kms.katalon.core.main.TestSuiteExecutor.accessTestSuiteMainPhase(TestSuiteExecutor.java:144)
	at com.kms.katalon.core.main.TestSuiteExecutor.execute(TestSuiteExecutor.java:106)
	at com.kms.katalon.core.main.TestCaseMain.startTestSuite(TestCaseMain.java:185)
	at com.kms.katalon.core.main.TestCaseMain$startTestSuite$0.call(Unknown Source)
	at TempTestSuite1656303798210.run(TempTestSuite1656303798210.groovy:36)


2022-06-27 12:47:45 - [TEST_STEP][PASSED] - device_Height = getDeviceHeight(): Current device physical height is 2167

2022-06-27 12:47:45 - [MESSAGE][PASSED] - Current device physical height is 2167

2022-06-27 12:47:45 - [TEST_STEP][PASSED] - device_Width = getDeviceWidth(): Current device physical width is 1080

2022-06-27 12:47:46 - [MESSAGE][PASSED] - Current device physical width is 1080

2022-06-27 12:47:46 - [TEST_STEP][PASSED] - startX = device_Width / 3: null

2022-06-27 12:47:46 - [TEST_STEP][PASSED] - startY = device_Height * 0.97: null

2022-06-27 12:47:46 - [TEST_STEP][PASSED] - delay(5): Delayed 5 second(s)

2022-06-27 12:47:51 - [MESSAGE][PASSED] - Delayed 5 second(s)

2022-06-27 12:47:51 - [TEST_STEP][PASSED] - verifyElementVisible(findTestObject("Banking/m2uAccountTransferIconSelect"), 0): Element 'Object Repository/Banking/m2uAccountTransferIconSelect' is visible

2022-06-27 12:47:51 - [MESSAGE][WARNING] - Timeout '0' is invalid. Using default page load timeout: '40'

2022-06-27 12:47:51 - [MESSAGE][PASSED] - Element 'Object Repository/Banking/m2uAccountTransferIconSelect' is visible

2022-06-27 12:47:51 - [TEST_STEP][PASSED] - tap(findTestObject("Banking/m2uAccountTransferIconSelect"), 0): Tapped on element 'Object Repository/Banking/m2uAccountTransferIconSelect'

2022-06-27 12:47:51 - [MESSAGE][WARNING] - Timeout '0' is invalid. Using default page load timeout: '40'

2022-06-27 12:47:51 - [MESSAGE][PASSED] - Tapped on element 'Object Repository/Banking/m2uAccountTransferIconSelect'

2022-06-27 12:47:51 - [TEST_STEP][PASSED] - tap(findTestObject("Banking/transferOthersTopMenuSelect"), 0): Tapped on element 'Object Repository/Banking/transferOthersTopMenuSelect'

2022-06-27 12:47:51 - [MESSAGE][WARNING] - Timeout '0' is invalid. Using default page load timeout: '40'

2022-06-27 12:49:18 - [MESSAGE][PASSED] - Tapped on element 'Object Repository/Banking/transferOthersTopMenuSelect'

2022-06-27 12:49:18 - [TEST_STEP][PASSED] - delay(3): Delayed 3 second(s)

2022-06-27 12:49:21 - [MESSAGE][PASSED] - Delayed 3 second(s)

2022-06-27 12:49:21 - [TEST_STEP][PASSED] - verifyElementText(findTestObject("Transfer/transferFavListAccNameTxt", ["accName":accName]), accName): Actual text and expected text of test object 'Object Repository/Transfer/transferFavListAccNameTxt' are matched.

2022-06-27 12:50:04 - [MESSAGE][PASSED] - Actual text and expected text of test object 'Object Repository/Transfer/transferFavListAccNameTxt' are matched.

2022-06-27 12:50:04 - [TEST_STEP][PASSED] - verifyElementText(findTestObject("Transfer/transferFavListAccNoTxt", ["accNo":accNo]), accNo): Actual text and expected text of test object 'Object Repository/Transfer/transferFavListAccNoTxt' are matched.

2022-06-27 12:50:54 - [MESSAGE][PASSED] - Actual text and expected text of test object 'Object Repository/Transfer/transferFavListAccNoTxt' are matched.

2022-06-27 12:50:54 - [TEST_STEP][PASSED] - verifyElementText(findTestObject("Transfer/transferFavListAccBankTxt", ["accBank":accBank]), accBank): Actual text and expected text of test object 'Object Repository/Transfer/transferFavListAccBankTxt' are matched.

2022-06-27 12:51:45 - [MESSAGE][PASSED] - Actual text and expected text of test object 'Object Repository/Transfer/transferFavListAccBankTxt' are matched.

2022-06-27 12:51:45 - [TEST_STEP][PASSED] - tap(findTestObject("Transfer/transferFavListAccNameTxt", ["accName":accName]), 0): Tapped on element 'Object Repository/Transfer/transferFavListAccNameTxt'

2022-06-27 12:51:45 - [MESSAGE][WARNING] - Timeout '0' is invalid. Using default page load timeout: '40'

2022-06-27 12:52:36 - [MESSAGE][PASSED] - Tapped on element 'Object Repository/Transfer/transferFavListAccNameTxt'

2022-06-27 12:52:36 - [TEST_STEP][PASSED] - delay(3): Delayed 3 second(s)

2022-06-27 12:52:39 - [MESSAGE][PASSED] - Delayed 3 second(s)

2022-06-27 12:52:39 - [TEST_STEP][PASSED] - verifyElementText(findTestObject("Transfer/transferAmounttAccNameTxt", ["accName":accName]), accName): Actual text and expected text of test object 'Object Repository/Transfer/transferAmounttAccNameTxt' are matched.

2022-06-27 12:52:40 - [MESSAGE][PASSED] - Actual text and expected text of test object 'Object Repository/Transfer/transferAmounttAccNameTxt' are matched.

2022-06-27 12:52:40 - [TEST_STEP][PASSED] - verifyElementText(findTestObject("Transfer/transferAmounttAccNoTxt", ["accNo":accNo]), accNo): Actual text and expected text of test object 'Object Repository/Transfer/transferAmounttAccNoTxt' are matched.

2022-06-27 12:52:41 - [MESSAGE][PASSED] - Actual text and expected text of test object 'Object Repository/Transfer/transferAmounttAccNoTxt' are matched.

2022-06-27 12:52:41 - [TEST_STEP][PASSED] - verifyElementText(findTestObject("Transfer/transferAmounttAccBankTxt", ["accBank":accBank]), accBank): Actual text and expected text of test object 'Object Repository/Transfer/transferAmounttAccBankTxt' are matched.

2022-06-27 12:52:41 - [MESSAGE][PASSED] - Actual text and expected text of test object 'Object Repository/Transfer/transferAmounttAccBankTxt' are matched.

2022-06-27 12:52:41 - [TEST_STEP][PASSED] - verifyElementExist(findTestObject("Transfer/transferAmountRMTxt"), 0): Element 'Object Repository/Transfer/transferAmountRMTxt' is exist

2022-06-27 12:52:41 - [MESSAGE][WARNING] - Timeout '0' is invalid. Using default page load timeout: '40'

2022-06-27 12:52:41 - [MESSAGE][PASSED] - Element 'Object Repository/Transfer/transferAmountRMTxt' is exist

2022-06-27 12:52:41 - [TEST_STEP][PASSED] - verifyElementExist(findTestObject("Transfer/transferAmountEnterAmountTitleTxt"), 0): Element 'Object Repository/Transfer/transferAmountEnterAmountTitleTxt' is exist

2022-06-27 12:52:41 - [MESSAGE][WARNING] - Timeout '0' is invalid. Using default page load timeout: '40'

2022-06-27 12:52:41 - [MESSAGE][PASSED] - Element 'Object Repository/Transfer/transferAmountEnterAmountTitleTxt' is exist

2022-06-27 12:52:41 - [TEST_STEP][PASSED] - trxAmount = value: null

2022-06-27 12:52:41 - [TEST_STEP][PASSED] - length = trxAmount.length(): null

2022-06-27 12:52:41 - [TEST_STEP][PASSED] - delay(5): Delayed 5 second(s)

2022-06-27 12:52:46 - [MESSAGE][PASSED] - Delayed 5 second(s)

2022-06-27 12:52:46 - [TEST_STEP][PASSED] - tapAtPosition(startX, startY): Tapped at [360, 2,101]

2022-06-27 12:52:47 - [MESSAGE][PASSED] - Tapped at [360, 2,101]

2022-06-27 12:52:47 - [TEST_STEP][PASSED] - for ([i = 0, i < length, (i++)]): null

2022-06-27 12:52:47 - [TEST_STEP][PASSED] - if (trxAmount[i] == "0"): null

2022-06-27 12:52:47 - [TEST_STEP][PASSED] - if (trxAmount[i] == "1"): null

2022-06-27 12:52:47 - [TEST_STEP][PASSED] - if (trxAmount[i] == "2"): null

2022-06-27 12:52:47 - [TEST_STEP][PASSED] - if (trxAmount[i] == "3"): Tapped on element 'Object Repository/Login Onboarding/PIN3'

2022-06-27 12:52:47 - [TEST_STEP][PASSED] - tap(findTestObject("Login Onboarding/PIN3"), 0): Tapped on element 'Object Repository/Login Onboarding/PIN3'

2022-06-27 12:52:47 - [MESSAGE][WARNING] - Timeout '0' is invalid. Using default page load timeout: '40'

2022-06-27 12:52:47 - [MESSAGE][PASSED] - Tapped on element 'Object Repository/Login Onboarding/PIN3'

2022-06-27 12:52:47 - [TEST_STEP][PASSED] - if (trxAmount[i] == "4"): null

2022-06-27 12:52:47 - [TEST_STEP][PASSED] - if (trxAmount[i] == "5"): null

2022-06-27 12:52:47 - [TEST_STEP][PASSED] - if (trxAmount[i] == "6"): null

2022-06-27 12:52:47 - [TEST_STEP][PASSED] - if (trxAmount[i] == "7"): null

2022-06-27 12:52:47 - [TEST_STEP][PASSED] - if (trxAmount[i] == "8"): null

2022-06-27 12:52:47 - [TEST_STEP][PASSED] - if (trxAmount[i] == "9"): null

2022-06-27 12:52:47 - [TEST_STEP][PASSED] - if (trxAmount[i] == "0"): Tapped on element 'Object Repository/Login Onboarding/PIN0'

2022-06-27 12:52:47 - [TEST_STEP][PASSED] - tap(findTestObject("Login Onboarding/PIN0"), 0): Tapped on element 'Object Repository/Login Onboarding/PIN0'

2022-06-27 12:52:47 - [MESSAGE][WARNING] - Timeout '0' is invalid. Using default page load timeout: '40'

2022-06-27 12:52:48 - [MESSAGE][PASSED] - Tapped on element 'Object Repository/Login Onboarding/PIN0'

2022-06-27 12:52:48 - [TEST_STEP][PASSED] - if (trxAmount[i] == "1"): null

2022-06-27 12:52:48 - [TEST_STEP][PASSED] - if (trxAmount[i] == "2"): null

2022-06-27 12:52:48 - [TEST_STEP][PASSED] - if (trxAmount[i] == "3"): null

2022-06-27 12:52:48 - [TEST_STEP][PASSED] - if (trxAmount[i] == "4"): null

2022-06-27 12:52:48 - [TEST_STEP][PASSED] - if (trxAmount[i] == "5"): null

2022-06-27 12:52:48 - [TEST_STEP][PASSED] - if (trxAmount[i] == "6"): null

2022-06-27 12:52:48 - [TEST_STEP][PASSED] - if (trxAmount[i] == "7"): null

2022-06-27 12:52:48 - [TEST_STEP][PASSED] - if (trxAmount[i] == "8"): null

2022-06-27 12:52:48 - [TEST_STEP][PASSED] - if (trxAmount[i] == "9"): null

2022-06-27 12:52:48 - [TEST_STEP][PASSED] - if (trxAmount[i] == "0"): Tapped on element 'Object Repository/Login Onboarding/PIN0'

2022-06-27 12:52:48 - [TEST_STEP][PASSED] - tap(findTestObject("Login Onboarding/PIN0"), 0): Tapped on element 'Object Repository/Login Onboarding/PIN0'

2022-06-27 12:52:48 - [MESSAGE][WARNING] - Timeout '0' is invalid. Using default page load timeout: '40'

2022-06-27 12:52:49 - [MESSAGE][PASSED] - Tapped on element 'Object Repository/Login Onboarding/PIN0'

2022-06-27 12:52:49 - [TEST_STEP][PASSED] - if (trxAmount[i] == "1"): null

2022-06-27 12:52:49 - [TEST_STEP][PASSED] - if (trxAmount[i] == "2"): null

2022-06-27 12:52:49 - [TEST_STEP][PASSED] - if (trxAmount[i] == "3"): null

2022-06-27 12:52:49 - [TEST_STEP][PASSED] - if (trxAmount[i] == "4"): null

2022-06-27 12:52:49 - [TEST_STEP][PASSED] - if (trxAmount[i] == "5"): null

2022-06-27 12:52:49 - [TEST_STEP][PASSED] - if (trxAmount[i] == "6"): null

2022-06-27 12:52:49 - [TEST_STEP][PASSED] - if (trxAmount[i] == "7"): null

2022-06-27 12:52:49 - [TEST_STEP][PASSED] - if (trxAmount[i] == "8"): null

2022-06-27 12:52:49 - [TEST_STEP][PASSED] - if (trxAmount[i] == "9"): null

2022-06-27 12:52:49 - [TEST_STEP][PASSED] - delay(3): Delayed 3 second(s)

2022-06-27 12:52:52 - [MESSAGE][PASSED] - Delayed 3 second(s)

2022-06-27 12:52:52 - [TEST_STEP][PASSED] - verifyElementText(findTestObject("Transfer/transferAmountInputValueTxt", ["value":checkValue]), checkValue): Actual text and expected text of test object 'Object Repository/Transfer/transferAmountInputValueTxt' are matched.

2022-06-27 12:52:53 - [MESSAGE][PASSED] - Actual text and expected text of test object 'Object Repository/Transfer/transferAmountInputValueTxt' are matched.

2022-06-27 12:52:53 - [TEST_STEP][PASSED] - delay(3): Delayed 3 second(s)

2022-06-27 12:52:56 - [MESSAGE][PASSED] - Delayed 3 second(s)

2022-06-27 12:52:56 - [TEST_STEP][PASSED] - tap(findTestObject("Login Onboarding/loginPinTickBtn"), 0): Tapped on element 'Object Repository/Login Onboarding/loginPinTickBtn'

2022-06-27 12:52:56 - [MESSAGE][WARNING] - Timeout '0' is invalid. Using default page load timeout: '40'

2022-06-27 12:52:56 - [MESSAGE][PASSED] - Tapped on element 'Object Repository/Login Onboarding/loginPinTickBtn'

2022-06-27 12:52:56 - [TEST_STEP][PASSED] - delay(3): Delayed 3 second(s)

2022-06-27 12:52:59 - [MESSAGE][PASSED] - Delayed 3 second(s)

2022-06-27 12:52:59 - [TEST_STEP][PASSED] - verifyElementText(findTestObject("Transfer/transferReferenceAccNameTxt", ["accName":accName]), accName): Actual text and expected text of test object 'Object Repository/Transfer/transferReferenceAccNameTxt' are matched.

2022-06-27 12:52:59 - [MESSAGE][PASSED] - Actual text and expected text of test object 'Object Repository/Transfer/transferReferenceAccNameTxt' are matched.

2022-06-27 12:52:59 - [TEST_STEP][PASSED] - verifyElementText(findTestObject("Transfer/transferReferenceAccNoTxt", ["accNo":accNo]), accNo): Actual text and expected text of test object 'Object Repository/Transfer/transferReferenceAccNoTxt' are matched.

2022-06-27 12:52:59 - [MESSAGE][PASSED] - Actual text and expected text of test object 'Object Repository/Transfer/transferReferenceAccNoTxt' are matched.

2022-06-27 12:52:59 - [TEST_STEP][PASSED] - verifyElementText(findTestObject("Transfer/transferReferenceAccBankTxt", ["accBank":accBank]), accBank): Actual text and expected text of test object 'Object Repository/Transfer/transferReferenceAccBankTxt' are matched.

2022-06-27 12:53:00 - [MESSAGE][PASSED] - Actual text and expected text of test object 'Object Repository/Transfer/transferReferenceAccBankTxt' are matched.

2022-06-27 12:53:00 - [TEST_STEP][PASSED] - verifyElementExist(findTestObject("Transfer/transferReferenceInputField"), 0): Element 'Object Repository/Transfer/transferReferenceInputField' is exist

2022-06-27 12:53:00 - [MESSAGE][WARNING] - Timeout '0' is invalid. Using default page load timeout: '40'

2022-06-27 12:53:00 - [MESSAGE][PASSED] - Element 'Object Repository/Transfer/transferReferenceInputField' is exist

2022-06-27 12:53:00 - [TEST_STEP][PASSED] - setText(findTestObject("Banking/transferReferenceInputField"), reference, 0): Text 'IBFTInstantFav' has been set to element 'Object Repository/Banking/transferReferenceInputField'

2022-06-27 12:53:00 - [MESSAGE][WARNING] - Timeout '0' is invalid. Using default page load timeout: '40'

2022-06-27 12:53:01 - [MESSAGE][PASSED] - Text 'IBFTInstantFav' has been set to element 'Object Repository/Banking/transferReferenceInputField'

2022-06-27 12:53:01 - [TEST_STEP][PASSED] - hideKeyboard(): Keyboard is hidden

2022-06-27 12:53:03 - [MESSAGE][PASSED] - Keyboard is hidden

2022-06-27 12:53:03 - [TEST_STEP][PASSED] - verifyElementText(findTestObject("Transfer/transferReferenceInputFieldAfter", ["reference":reference]), reference): Actual text and expected text of test object 'Object Repository/Transfer/transferReferenceInputFieldAfter' are matched.

2022-06-27 12:53:03 - [MESSAGE][PASSED] - Actual text and expected text of test object 'Object Repository/Transfer/transferReferenceInputFieldAfter' are matched.

2022-06-27 12:53:03 - [TEST_STEP][PASSED] - tap(findTestObject("Login Onboarding/loginExistingContinueBtn"), 0): Tapped on element 'Object Repository/Login Onboarding/loginExistingContinueBtn'

2022-06-27 12:53:03 - [MESSAGE][WARNING] - Timeout '0' is invalid. Using default page load timeout: '40'

2022-06-27 12:53:04 - [MESSAGE][PASSED] - Tapped on element 'Object Repository/Login Onboarding/loginExistingContinueBtn'

2022-06-27 12:53:04 - [TEST_STEP][PASSED] - verifyElementText(findTestObject("Transfer/transferReferenceAccNameTxt", ["accName":accName]), accName): Actual text and expected text of test object 'Object Repository/Transfer/transferReferenceAccNameTxt' are matched.

2022-06-27 12:53:04 - [MESSAGE][PASSED] - Actual text and expected text of test object 'Object Repository/Transfer/transferReferenceAccNameTxt' are matched.

2022-06-27 12:53:04 - [TEST_STEP][PASSED] - verifyElementText(findTestObject("Transfer/transferReferenceAccNoTxt", ["accNo":accNo]), accNo): Actual text and expected text of test object 'Object Repository/Transfer/transferReferenceAccNoTxt' are matched.

2022-06-27 12:53:04 - [MESSAGE][PASSED] - Actual text and expected text of test object 'Object Repository/Transfer/transferReferenceAccNoTxt' are matched.

2022-06-27 12:53:04 - [TEST_STEP][PASSED] - verifyElementText(findTestObject("Transfer/transferReferenceAccBankTxt", ["accBank":accBank]), accBank): Actual text and expected text of test object 'Object Repository/Transfer/transferReferenceAccBankTxt' are matched.

2022-06-27 12:53:04 - [MESSAGE][PASSED] - Actual text and expected text of test object 'Object Repository/Transfer/transferReferenceAccBankTxt' are matched.

2022-06-27 12:53:04 - [TEST_STEP][PASSED] - verifyElementExist(findTestObject("Transfer/instantTransferModeDuitTxt", ["mode":initialMode]), 0): Element 'Object Repository/Transfer/instantTransferModeDuitTxt' is exist

2022-06-27 12:53:04 - [MESSAGE][WARNING] - Timeout '0' is invalid. Using default page load timeout: '40'

2022-06-27 12:53:07 - [MESSAGE][PASSED] - Element 'Object Repository/Transfer/instantTransferModeDuitTxt' is exist

2022-06-27 12:53:07 - [TEST_STEP][PASSED] - verifyElementExist(findTestObject("Transfer/instantTransferModeTitleTxt"), 0): Element 'Object Repository/Transfer/instantTransferModeTitleTxt' is exist

2022-06-27 12:53:07 - [MESSAGE][WARNING] - Timeout '0' is invalid. Using default page load timeout: '40'

2022-06-27 12:53:07 - [MESSAGE][PASSED] - Element 'Object Repository/Transfer/instantTransferModeTitleTxt' is exist

2022-06-27 12:53:07 - [TEST_STEP][PASSED] - verifyElementExist(findTestObject("Transfer/instantTransferTypeFundTxt"), 0): Element 'Object Repository/Transfer/instantTransferTypeFundTxt' is exist

2022-06-27 12:53:07 - [MESSAGE][WARNING] - Timeout '0' is invalid. Using default page load timeout: '40'

2022-06-27 12:53:07 - [MESSAGE][PASSED] - Element 'Object Repository/Transfer/instantTransferTypeFundTxt' is exist

2022-06-27 12:53:07 - [TEST_STEP][PASSED] - verifyElementExist(findTestObject("Transfer/instantTransferTypeTitleTxt"), 0): Element 'Object Repository/Transfer/instantTransferTypeTitleTxt' is exist

2022-06-27 12:53:07 - [MESSAGE][WARNING] - Timeout '0' is invalid. Using default page load timeout: '40'

2022-06-27 12:53:07 - [MESSAGE][PASSED] - Element 'Object Repository/Transfer/instantTransferTypeTitleTxt' is exist

2022-06-27 12:53:07 - [TEST_STEP][PASSED] - tap(findTestObject("Login Onboarding/loginExistingContinueBtn"), 0): Tapped on element 'Object Repository/Login Onboarding/loginExistingContinueBtn'

2022-06-27 12:53:07 - [MESSAGE][WARNING] - Timeout '0' is invalid. Using default page load timeout: '40'

2022-06-27 12:53:08 - [MESSAGE][PASSED] - Tapped on element 'Object Repository/Login Onboarding/loginExistingContinueBtn'

2022-06-27 12:53:08 - [TEST_STEP][PASSED] - verifyElementText(findTestObject("Transfer/transferConfirmationTransactionDateTxt"), trxDate): Actual text and expected text of test object 'Object Repository/Transfer/transferConfirmationTransactionDateTxt' are matched.

2022-06-27 12:53:13 - [MESSAGE][PASSED] - Actual text and expected text of test object 'Object Repository/Transfer/transferConfirmationTransactionDateTxt' are matched.

2022-06-27 12:53:13 - [TEST_STEP][PASSED] - verifyElementText(findTestObject("Transfer/transferConfirmationAccountNameTxt", ["accName":accName]), accName): Actual text and expected text of test object 'Object Repository/Transfer/transferConfirmationAccountNameTxt' are matched.

2022-06-27 12:53:14 - [MESSAGE][PASSED] - Actual text and expected text of test object 'Object Repository/Transfer/transferConfirmationAccountNameTxt' are matched.

2022-06-27 12:53:14 - [TEST_STEP][PASSED] - verifyElementText(findTestObject("Transfer/transferConfirmationAccountNoTxt", ["accNo":accNo]), accNo): Actual text and expected text of test object 'Object Repository/Transfer/transferConfirmationAccountNoTxt' are matched.

2022-06-27 12:53:14 - [MESSAGE][PASSED] - Actual text and expected text of test object 'Object Repository/Transfer/transferConfirmationAccountNoTxt' are matched.

2022-06-27 12:53:14 - [TEST_STEP][PASSED] - verifyElementText(findTestObject("Transfer/transferConfirmationAmountTxt", ["amount":amount]), amount): Actual text and expected text of test object 'Object Repository/Transfer/transferConfirmationAmountTxt' are matched.

2022-06-27 12:53:14 - [MESSAGE][PASSED] - Actual text and expected text of test object 'Object Repository/Transfer/transferConfirmationAmountTxt' are matched.

2022-06-27 12:53:14 - [TEST_STEP][PASSED] - verifyElementText(findTestObject("Transfer/transferConfirmationTransactionRecRefTxt", ["reference":reference]), reference): Actual text and expected text of test object 'Object Repository/Transfer/transferConfirmationTransactionRecRefTxt' are matched.

2022-06-27 12:53:15 - [MESSAGE][PASSED] - Actual text and expected text of test object 'Object Repository/Transfer/transferConfirmationTransactionRecRefTxt' are matched.

2022-06-27 12:53:15 - [TEST_STEP][PASSED] - verifyElementText(findTestObject("Transfer/transferConfirmationTransactionBankTxt", ["accBank":accBank]), accBank): Actual text and expected text of test object 'Object Repository/Transfer/transferConfirmationTransactionBankTxt' are matched.

2022-06-27 12:53:15 - [MESSAGE][PASSED] - Actual text and expected text of test object 'Object Repository/Transfer/transferConfirmationTransactionBankTxt' are matched.

2022-06-27 12:53:15 - [TEST_STEP][PASSED] - verifyElementText(findTestObject("Transfer/transferConfirmationOptionalGreyWordTxt"), "Optional"): Actual text and expected text of test object 'Object Repository/Transfer/transferConfirmationOptionalGreyWordTxt' are matched.

2022-06-27 12:53:15 - [MESSAGE][PASSED] - Actual text and expected text of test object 'Object Repository/Transfer/transferConfirmationOptionalGreyWordTxt' are matched.

2022-06-27 12:53:15 - [TEST_STEP][PASSED] - verifyElementText(findTestObject("Transfer/instantTransferConfirmationTransactionTypeTxt"), trxType): Actual text and expected text of test object 'Object Repository/Transfer/instantTransferConfirmationTransactionTypeTxt' are matched.

2022-06-27 12:53:15 - [MESSAGE][PASSED] - Actual text and expected text of test object 'Object Repository/Transfer/instantTransferConfirmationTransactionTypeTxt' are matched.

2022-06-27 12:53:15 - [TEST_STEP][PASSED] - verifyElementText(findTestObject("Transfer/instantTransferConfirmationTransactionModeTxt", ["modeC":initialMode]), initialMode): Actual text and expected text of test object 'Object Repository/Transfer/instantTransferConfirmationTransactionModeTxt' are matched.

2022-06-27 12:53:16 - [MESSAGE][PASSED] - Actual text and expected text of test object 'Object Repository/Transfer/instantTransferConfirmationTransactionModeTxt' are matched.

2022-06-27 12:53:16 - [TEST_STEP][PASSED] - verifyElementText(findTestObject("Transfer/instantTransferConfirmationTransactionServiceTxt"), "RM 0.00"): Actual text and expected text of test object 'Object Repository/Transfer/instantTransferConfirmationTransactionServiceTxt' are matched.

2022-06-27 12:53:16 - [MESSAGE][PASSED] - Actual text and expected text of test object 'Object Repository/Transfer/instantTransferConfirmationTransactionServiceTxt' are matched.

2022-06-27 12:53:16 - [TEST_STEP][PASSED] - verifyElementExist(findTestObject("Transfer/transferConfirmationBankNameTitleTxt"), 0): Element 'Object Repository/Transfer/transferConfirmationBankNameTitleTxt' is exist

2022-06-27 12:53:16 - [MESSAGE][WARNING] - Timeout '0' is invalid. Using default page load timeout: '40'

2022-06-27 12:53:16 - [MESSAGE][PASSED] - Element 'Object Repository/Transfer/transferConfirmationBankNameTitleTxt' is exist

2022-06-27 12:53:16 - [TEST_STEP][PASSED] - verifyElementExist(findTestObject("Transfer/transferConfirmationDateTitleTxt"), 0): Element 'Object Repository/Transfer/transferConfirmationDateTitleTxt' is exist

2022-06-27 12:53:16 - [MESSAGE][WARNING] - Timeout '0' is invalid. Using default page load timeout: '40'

2022-06-27 12:53:17 - [MESSAGE][PASSED] - Element 'Object Repository/Transfer/transferConfirmationDateTitleTxt' is exist

2022-06-27 12:53:17 - [TEST_STEP][PASSED] - verifyElementExist(findTestObject("Transfer/transferConfirmationRecRefTitleTxt"), 0): Element 'Object Repository/Transfer/transferConfirmationRecRefTitleTxt' is exist

2022-06-27 12:53:17 - [MESSAGE][WARNING] - Timeout '0' is invalid. Using default page load timeout: '40'

2022-06-27 12:53:17 - [MESSAGE][PASSED] - Element 'Object Repository/Transfer/transferConfirmationRecRefTitleTxt' is exist

2022-06-27 12:53:17 - [TEST_STEP][PASSED] - verifyElementExist(findTestObject("Transfer/transferConfirmationPaymentDetailsTitleTxt"), 0): Element 'Object Repository/Transfer/transferConfirmationPaymentDetailsTitleTxt' is exist

2022-06-27 12:53:17 - [MESSAGE][WARNING] - Timeout '0' is invalid. Using default page load timeout: '40'

2022-06-27 12:53:17 - [MESSAGE][PASSED] - Element 'Object Repository/Transfer/transferConfirmationPaymentDetailsTitleTxt' is exist

2022-06-27 12:53:17 - [TEST_STEP][PASSED] - verifyElementExist(findTestObject("Transfer/instantTransferConfirmationModeTitleTxt"), 0): Element 'Object Repository/Transfer/instantTransferConfirmationModeTitleTxt' is exist

2022-06-27 12:53:17 - [MESSAGE][WARNING] - Timeout '0' is invalid. Using default page load timeout: '40'

2022-06-27 12:53:17 - [MESSAGE][PASSED] - Element 'Object Repository/Transfer/instantTransferConfirmationModeTitleTxt' is exist

2022-06-27 12:53:17 - [TEST_STEP][PASSED] - verifyElementExist(findTestObject("Transfer/instantTransferConfirmationServiceFeeTitleTxt"), 0): Element 'Object Repository/Transfer/instantTransferConfirmationServiceFeeTitleTxt' is exist

2022-06-27 12:53:17 - [MESSAGE][WARNING] - Timeout '0' is invalid. Using default page load timeout: '40'

2022-06-27 12:53:18 - [MESSAGE][PASSED] - Element 'Object Repository/Transfer/instantTransferConfirmationServiceFeeTitleTxt' is exist

2022-06-27 12:53:18 - [TEST_STEP][PASSED] - verifyElementExist(findTestObject("Transfer/instantTransferConfirmationTypeTitleTxt"), 0): Element 'Object Repository/Transfer/instantTransferConfirmationTypeTitleTxt' is exist

2022-06-27 12:53:18 - [MESSAGE][WARNING] - Timeout '0' is invalid. Using default page load timeout: '40'

2022-06-27 12:53:18 - [MESSAGE][PASSED] - Element 'Object Repository/Transfer/instantTransferConfirmationTypeTitleTxt' is exist

2022-06-27 12:53:18 - [TEST_STEP][PASSED] - verifyElementExist(findTestObject("Transfer/transferConfirmationNoteTitleTxt"), 0): Element 'Object Repository/Transfer/transferConfirmationNoteTitleTxt' is exist

2022-06-27 12:53:18 - [MESSAGE][WARNING] - Timeout '0' is invalid. Using default page load timeout: '40'

2022-06-27 12:53:18 - [MESSAGE][PASSED] - Element 'Object Repository/Transfer/transferConfirmationNoteTitleTxt' is exist

2022-06-27 12:53:18 - [TEST_STEP][PASSED] - tap(findTestObject("Transfer/transferConfirmationOptionalGreyWordTxt"), 0): Tapped on element 'Object Repository/Transfer/transferConfirmationOptionalGreyWordTxt'

2022-06-27 12:53:18 - [MESSAGE][WARNING] - Timeout '0' is invalid. Using default page load timeout: '40'

2022-06-27 12:53:19 - [MESSAGE][PASSED] - Tapped on element 'Object Repository/Transfer/transferConfirmationOptionalGreyWordTxt'

2022-06-27 12:53:19 - [TEST_STEP][PASSED] - setText(findTestObject("Transfer/transferConfirmationDetailsInputField"), details, 0): Text 'Test Fav' has been set to element 'Object Repository/Transfer/transferConfirmationDetailsInputField'

2022-06-27 12:53:19 - [MESSAGE][WARNING] - Timeout '0' is invalid. Using default page load timeout: '40'

2022-06-27 12:53:21 - [MESSAGE][PASSED] - Text 'Test Fav' has been set to element 'Object Repository/Transfer/transferConfirmationDetailsInputField'

2022-06-27 12:53:21 - [TEST_STEP][PASSED] - hideKeyboard(): Keyboard is hidden

2022-06-27 12:53:23 - [MESSAGE][PASSED] - Keyboard is hidden

2022-06-27 12:53:23 - [TEST_STEP][PASSED] - verifyElementText(findTestObject("Transfer/transferConfirmationOptionalGreyWordTxt"), details): Actual text and expected text of test object 'Object Repository/Transfer/transferConfirmationOptionalGreyWordTxt' are matched.

2022-06-27 12:53:23 - [MESSAGE][PASSED] - Actual text and expected text of test object 'Object Repository/Transfer/transferConfirmationOptionalGreyWordTxt' are matched.

2022-06-27 12:53:23 - [TEST_STEP][PASSED] - device_Height_2 = getDeviceHeight(): Current device physical height is 2167

2022-06-27 12:53:24 - [MESSAGE][PASSED] - Current device physical height is 2167

2022-06-27 12:53:24 - [TEST_STEP][PASSED] - device_Width_2 = getDeviceWidth(): Current device physical width is 1080

2022-06-27 12:53:24 - [MESSAGE][PASSED] - Current device physical width is 1080

2022-06-27 12:53:24 - [TEST_STEP][PASSED] - startX_2 = device_Width_2 / 2: null

2022-06-27 12:53:24 - [TEST_STEP][PASSED] - endX_2 = startX_2: null

2022-06-27 12:53:24 - [TEST_STEP][PASSED] - startY_2 = device_Height_2 * 0.30: null

2022-06-27 12:53:24 - [TEST_STEP][PASSED] - endY_2 = device_Height_2 * 0.70: null

2022-06-27 12:53:24 - [TEST_STEP][PASSED] - swipe(startX_2, endY_2, endX_2, startY_2): Swiped from 540,1,516 to 540,650

2022-06-27 12:53:25 - [MESSAGE][PASSED] - Swiped from 540,1,516 to 540,650

2022-06-27 12:53:25 - [TEST_STEP][PASSED] - verifyElementExist(findTestObject("Transfer/instantTransferConfirmationNotes1Txt"), 0): Element 'Object Repository/Transfer/instantTransferConfirmationNotes1Txt' is exist

2022-06-27 12:53:25 - [MESSAGE][WARNING] - Timeout '0' is invalid. Using default page load timeout: '40'

2022-06-27 12:53:25 - [MESSAGE][PASSED] - Element 'Object Repository/Transfer/instantTransferConfirmationNotes1Txt' is exist

2022-06-27 12:53:25 - [TEST_STEP][PASSED] - verifyElementExist(findTestObject("Transfer/transferConfirmationFTransferFromTitleTxt"), 0): Element 'Object Repository/Transfer/transferConfirmationFTransferFromTitleTxt' is exist

2022-06-27 12:53:25 - [MESSAGE][WARNING] - Timeout '0' is invalid. Using default page load timeout: '40'

2022-06-27 12:53:25 - [MESSAGE][PASSED] - Element 'Object Repository/Transfer/transferConfirmationFTransferFromTitleTxt' is exist

2022-06-27 12:53:25 - [TEST_STEP][PASSED] - verifyElementExist(findTestObject("Transfer/instantTransferConfirmationNotes2Txt"), 0): Element 'Object Repository/Transfer/instantTransferConfirmationNotes2Txt' is exist

2022-06-27 12:53:25 - [MESSAGE][WARNING] - Timeout '0' is invalid. Using default page load timeout: '40'

2022-06-27 12:53:26 - [MESSAGE][PASSED] - Element 'Object Repository/Transfer/instantTransferConfirmationNotes2Txt' is exist

2022-06-27 12:53:26 - [TEST_STEP][PASSED] - verifyElementText(findTestObject("Transfer/transferConfirmationFromAccTypeTxt", ["accType":accType]), accType): Actual text and expected text of test object 'Object Repository/Transfer/transferConfirmationFromAccTypeTxt' are matched.

2022-06-27 12:53:26 - [MESSAGE][PASSED] - Actual text and expected text of test object 'Object Repository/Transfer/transferConfirmationFromAccTypeTxt' are matched.

2022-06-27 12:53:26 - [TEST_STEP][PASSED] - verifyElementText(findTestObject("Transfer/transferConfirmationFromAccNoTxt", ["accNoFrom":accNoFrom]), accNoFrom): Actual text and expected text of test object 'Object Repository/Transfer/transferConfirmationFromAccNoTxt' are matched.

2022-06-27 12:53:26 - [MESSAGE][PASSED] - Actual text and expected text of test object 'Object Repository/Transfer/transferConfirmationFromAccNoTxt' are matched.

2022-06-27 12:53:26 - [TEST_STEP][PASSED] - verifyElementExist(findTestObject("Transfer/transferConfirmationFromAccBalanceTxt"), 0): Element 'Object Repository/Transfer/transferConfirmationFromAccBalanceTxt' is exist

2022-06-27 12:53:26 - [MESSAGE][WARNING] - Timeout '0' is invalid. Using default page load timeout: '40'

2022-06-27 12:53:27 - [MESSAGE][PASSED] - Element 'Object Repository/Transfer/transferConfirmationFromAccBalanceTxt' is exist

2022-06-27 12:53:27 - [TEST_STEP][PASSED] - accountBalance = getText(findTestObject("Transfer/transferConfirmationFromAccBalanceTxt"), 0): Text of element 'Object Repository/Transfer/transferConfirmationFromAccBalanceTxt' is: 'RM 1,941.90'

2022-06-27 12:53:27 - [MESSAGE][WARNING] - Timeout '0' is invalid. Using default page load timeout: '40'

2022-06-27 12:53:27 - [MESSAGE][PASSED] - Text of element 'Object Repository/Transfer/transferConfirmationFromAccBalanceTxt' is: 'RM 1,941.90'

2022-06-27 12:53:27 - [TEST_STEP][PASSED] - println(accountBalance): null

2022-06-27 12:53:27 - [TEST_STEP][PASSED] - tap(findTestObject("Main/mainTransferNowBtn"), 0): Tapped on element 'Object Repository/Main/mainTransferNowBtn'

2022-06-27 12:53:27 - [MESSAGE][WARNING] - Timeout '0' is invalid. Using default page load timeout: '40'

2022-06-27 12:53:27 - [MESSAGE][PASSED] - Tapped on element 'Object Repository/Main/mainTransferNowBtn'

2022-06-27 12:53:27 - [TEST_STEP][PASSED] - delay(10): Delayed 10 second(s)

2022-06-27 12:53:37 - [MESSAGE][PASSED] - Delayed 10 second(s)

2022-06-27 12:53:37 - [TEST_STEP][PASSED] - verifyElementVisible(findTestObject("Festive Season/returnAngpaoStatusMessageTxt"), 0): Element 'Object Repository/Festive Season/returnAngpaoStatusMessageTxt' is visible

2022-06-27 12:53:37 - [MESSAGE][WARNING] - Timeout '0' is invalid. Using default page load timeout: '40'

2022-06-27 12:53:37 - [MESSAGE][PASSED] - Element 'Object Repository/Festive Season/returnAngpaoStatusMessageTxt' is visible

2022-06-27 12:53:37 - [TEST_STEP][PASSED] - delay(5): Delayed 5 second(s)

2022-06-27 12:53:42 - [MESSAGE][PASSED] - Delayed 5 second(s)

2022-06-27 12:53:42 - [TEST_STEP][PASSED] - message = getText(findTestObject("Festive Season/returnAngpaoStatusMessageTxt"), 0): Text of element 'Object Repository/Festive Season/returnAngpaoStatusMessageTxt' is: 'Transfer accepted'

2022-06-27 12:53:42 - [MESSAGE][WARNING] - Timeout '0' is invalid. Using default page load timeout: '40'

2022-06-27 12:53:44 - [MESSAGE][PASSED] - Text of element 'Object Repository/Festive Season/returnAngpaoStatusMessageTxt' is: 'Transfer accepted'

2022-06-27 12:53:44 - [TEST_STEP][PASSED] - println(message): null

2022-06-27 12:53:44 - [TEST_STEP][FAILED] - assert message == successTransactionMessage: Test Cases/Transfer/transfer_instantIBFTFav FAILED.
Reason:
Assertion failed: 

assert message == successTransactionMessage
       |       |  |
       |       |  Transfer successful
       |       false
       Transfer accepted

	at transfer_instantIBFTFav.run(transfer_instantIBFTFav:291)
	at com.kms.katalon.core.main.ScriptEngine.run(ScriptEngine.java:194)
	at com.kms.katalon.core.main.ScriptEngine.runScriptAsRawText(ScriptEngine.java:119)
	at com.kms.katalon.core.main.TestCaseExecutor.runScript(TestCaseExecutor.java:445)
	at com.kms.katalon.core.main.TestCaseExecutor.doExecute(TestCaseExecutor.java:436)
	at com.kms.katalon.core.main.TestCaseExecutor.processExecutionPhase(TestCaseExecutor.java:415)
	at com.kms.katalon.core.main.TestCaseExecutor.accessMainPhase(TestCaseExecutor.java:407)
	at com.kms.katalon.core.main.TestCaseExecutor.execute(TestCaseExecutor.java:284)
	at com.kms.katalon.core.common.CommonExecutor.accessTestCaseMainPhase(CommonExecutor.java:65)
	at com.kms.katalon.core.main.TestSuiteExecutor.accessTestSuiteMainPhase(TestSuiteExecutor.java:144)
	at com.kms.katalon.core.main.TestSuiteExecutor.execute(TestSuiteExecutor.java:106)
	at com.kms.katalon.core.main.TestCaseMain.startTestSuite(TestCaseMain.java:185)
	at com.kms.katalon.core.main.TestCaseMain$startTestSuite$0.call(Unknown Source)
	at TempTestSuite1656303798210.run(TempTestSuite1656303798210.groovy:36)


2022-06-27 12:53:44 - [MESSAGE][FAILED] - Test Cases/Transfer/transfer_instantIBFTFav FAILED.
Reason:
Assertion failed: 

assert message == successTransactionMessage
       |       |  |
       |       |  Transfer successful
       |       false
       Transfer accepted

	at transfer_instantIBFTFav.run(transfer_instantIBFTFav:291)
	at com.kms.katalon.core.main.ScriptEngine.run(ScriptEngine.java:194)
	at com.kms.katalon.core.main.ScriptEngine.runScriptAsRawText(ScriptEngine.java:119)
	at com.kms.katalon.core.main.TestCaseExecutor.runScript(TestCaseExecutor.java:445)
	at com.kms.katalon.core.main.TestCaseExecutor.doExecute(TestCaseExecutor.java:436)
	at com.kms.katalon.core.main.TestCaseExecutor.processExecutionPhase(TestCaseExecutor.java:415)
	at com.kms.katalon.core.main.TestCaseExecutor.accessMainPhase(TestCaseExecutor.java:407)
	at com.kms.katalon.core.main.TestCaseExecutor.execute(TestCaseExecutor.java:284)
	at com.kms.katalon.core.common.CommonExecutor.accessTestCaseMainPhase(CommonExecutor.java:65)
	at com.kms.katalon.core.main.TestSuiteExecutor.accessTestSuiteMainPhase(TestSuiteExecutor.java:144)
	at com.kms.katalon.core.main.TestSuiteExecutor.execute(TestSuiteExecutor.java:106)
	at com.kms.katalon.core.main.TestCaseMain.startTestSuite(TestCaseMain.java:185)
	at com.kms.katalon.core.main.TestCaseMain$startTestSuite$0.call(Unknown Source)
	at TempTestSuite1656303798210.run(TempTestSuite1656303798210.groovy:36)]]></system-out>
         <system-err><![CDATA[2022-06-27 12:47:45 - [TEST_CASE][FAILED] - Test Cases/Transfer/transfer_instantIBFTFav: Test Cases/Transfer/transfer_instantIBFTFav FAILED.
Reason:
Assertion failed: 

assert message == successTransactionMessage
       |       |  |
       |       |  Transfer successful
       |       false
       Transfer accepted

	at transfer_instantIBFTFav.run(transfer_instantIBFTFav:291)
	at com.kms.katalon.core.main.ScriptEngine.run(ScriptEngine.java:194)
	at com.kms.katalon.core.main.ScriptEngine.runScriptAsRawText(ScriptEngine.java:119)
	at com.kms.katalon.core.main.TestCaseExecutor.runScript(TestCaseExecutor.java:445)
	at com.kms.katalon.core.main.TestCaseExecutor.doExecute(TestCaseExecutor.java:436)
	at com.kms.katalon.core.main.TestCaseExecutor.processExecutionPhase(TestCaseExecutor.java:415)
	at com.kms.katalon.core.main.TestCaseExecutor.accessMainPhase(TestCaseExecutor.java:407)
	at com.kms.katalon.core.main.TestCaseExecutor.execute(TestCaseExecutor.java:284)
	at com.kms.katalon.core.common.CommonExecutor.accessTestCaseMainPhase(CommonExecutor.java:65)
	at com.kms.katalon.core.main.TestSuiteExecutor.accessTestSuiteMainPhase(TestSuiteExecutor.java:144)
	at com.kms.katalon.core.main.TestSuiteExecutor.execute(TestSuiteExecutor.java:106)
	at com.kms.katalon.core.main.TestCaseMain.startTestSuite(TestCaseMain.java:185)
	at com.kms.katalon.core.main.TestCaseMain$startTestSuite$0.call(Unknown Source)
	at TempTestSuite1656303798210.run(TempTestSuite1656303798210.groovy:36)]]></system-err>
      </testcase>
      <testcase name="Test Cases/Transfer/transfer_instantIBGFav" time="346.374" classname="Test Cases/Transfer/transfer_instantIBGFav" status="FAILED">
         <failure type="FAILED" message="Test Cases/Transfer/transfer_instantIBGFav FAILED.
Reason:
com.kms.katalon.core.exception.StepFailedException: Element 'Object Repository/Transfer/transferFavListAccNameTxt' not found
	at com.kms.katalon.core.keyword.internal.KeywordMain.stepFailed(KeywordMain.groovy:39)
	at com.kms.katalon.core.mobile.keyword.internal.MobileKeywordMain.stepFailed(MobileKeywordMain.groovy:40)
	at com.kms.katalon.core.mobile.keyword.builtin.VerifyElementTextKeyword$_verifyElementText_closure1.doCall(VerifyElementTextKeyword.groovy:49)
	at com.kms.katalon.core.mobile.keyword.builtin.VerifyElementTextKeyword$_verifyElementText_closure1.call(VerifyElementTextKeyword.groovy)
	at com.kms.katalon.core.mobile.keyword.internal.MobileKeywordMain.runKeyword(MobileKeywordMain.groovy:21)
	at com.kms.katalon.core.mobile.keyword.builtin.VerifyElementTextKeyword.verifyElementText(VerifyElementTextKeyword.groovy:62)
	at com.kms.katalon.core.mobile.keyword.builtin.VerifyElementTextKeyword.execute(VerifyElementTextKeyword.groovy:39)
	at com.kms.katalon.core.keyword.internal.KeywordExecutor.executeKeywordForPlatform(KeywordExecutor.groovy:74)
	at com.kms.katalon.core.mobile.keyword.MobileBuiltInKeywords.verifyElementText(MobileBuiltInKeywords.groovy:2901)
	at com.kms.katalon.core.mobile.keyword.MobileBuiltInKeywords$verifyElementText$10.call(Unknown Source)
	at transfer_instantIBGFav.run(transfer_instantIBGFav:91)
	at com.kms.katalon.core.main.ScriptEngine.run(ScriptEngine.java:194)
	at com.kms.katalon.core.main.ScriptEngine.runScriptAsRawText(ScriptEngine.java:119)
	at com.kms.katalon.core.main.TestCaseExecutor.runScript(TestCaseExecutor.java:445)
	at com.kms.katalon.core.main.TestCaseExecutor.doExecute(TestCaseExecutor.java:436)
	at com.kms.katalon.core.main.TestCaseExecutor.processExecutionPhase(TestCaseExecutor.java:415)
	at com.kms.katalon.core.main.TestCaseExecutor.accessMainPhase(TestCaseExecutor.java:407)
	at com.kms.katalon.core.main.TestCaseExecutor.execute(TestCaseExecutor.java:284)
	at com.kms.katalon.core.common.CommonExecutor.accessTestCaseMainPhase(CommonExecutor.java:65)
	at com.kms.katalon.core.main.TestSuiteExecutor.accessTestSuiteMainPhase(TestSuiteExecutor.java:144)
	at com.kms.katalon.core.main.TestSuiteExecutor.execute(TestSuiteExecutor.java:106)
	at com.kms.katalon.core.main.TestCaseMain.startTestSuite(TestCaseMain.java:185)
	at com.kms.katalon.core.main.TestCaseMain$startTestSuite$0.call(Unknown Source)
	at TempTestSuite1656303798210.run(TempTestSuite1656303798210.groovy:36)
"/>
         <system-out><![CDATA[2022-06-27 12:53:44 - [TEST_CASE][FAILED] - Test Cases/Transfer/transfer_instantIBGFav: Test Cases/Transfer/transfer_instantIBGFav FAILED.
Reason:
com.kms.katalon.core.exception.StepFailedException: Element 'Object Repository/Transfer/transferFavListAccNameTxt' not found
	at com.kms.katalon.core.keyword.internal.KeywordMain.stepFailed(KeywordMain.groovy:39)
	at com.kms.katalon.core.mobile.keyword.internal.MobileKeywordMain.stepFailed(MobileKeywordMain.groovy:40)
	at com.kms.katalon.core.mobile.keyword.builtin.VerifyElementTextKeyword$_verifyElementText_closure1.doCall(VerifyElementTextKeyword.groovy:49)
	at com.kms.katalon.core.mobile.keyword.builtin.VerifyElementTextKeyword$_verifyElementText_closure1.call(VerifyElementTextKeyword.groovy)
	at com.kms.katalon.core.mobile.keyword.internal.MobileKeywordMain.runKeyword(MobileKeywordMain.groovy:21)
	at com.kms.katalon.core.mobile.keyword.builtin.VerifyElementTextKeyword.verifyElementText(VerifyElementTextKeyword.groovy:62)
	at com.kms.katalon.core.mobile.keyword.builtin.VerifyElementTextKeyword.execute(VerifyElementTextKeyword.groovy:39)
	at com.kms.katalon.core.keyword.internal.KeywordExecutor.executeKeywordForPlatform(KeywordExecutor.groovy:74)
	at com.kms.katalon.core.mobile.keyword.MobileBuiltInKeywords.verifyElementText(MobileBuiltInKeywords.groovy:2901)
	at com.kms.katalon.core.mobile.keyword.MobileBuiltInKeywords$verifyElementText$10.call(Unknown Source)
	at transfer_instantIBGFav.run(transfer_instantIBGFav:91)
	at com.kms.katalon.core.main.ScriptEngine.run(ScriptEngine.java:194)
	at com.kms.katalon.core.main.ScriptEngine.runScriptAsRawText(ScriptEngine.java:119)
	at com.kms.katalon.core.main.TestCaseExecutor.runScript(TestCaseExecutor.java:445)
	at com.kms.katalon.core.main.TestCaseExecutor.doExecute(TestCaseExecutor.java:436)
	at com.kms.katalon.core.main.TestCaseExecutor.processExecutionPhase(TestCaseExecutor.java:415)
	at com.kms.katalon.core.main.TestCaseExecutor.accessMainPhase(TestCaseExecutor.java:407)
	at com.kms.katalon.core.main.TestCaseExecutor.execute(TestCaseExecutor.java:284)
	at com.kms.katalon.core.common.CommonExecutor.accessTestCaseMainPhase(CommonExecutor.java:65)
	at com.kms.katalon.core.main.TestSuiteExecutor.accessTestSuiteMainPhase(TestSuiteExecutor.java:144)
	at com.kms.katalon.core.main.TestSuiteExecutor.execute(TestSuiteExecutor.java:106)
	at com.kms.katalon.core.main.TestCaseMain.startTestSuite(TestCaseMain.java:185)
	at com.kms.katalon.core.main.TestCaseMain$startTestSuite$0.call(Unknown Source)
	at TempTestSuite1656303798210.run(TempTestSuite1656303798210.groovy:36)


2022-06-27 12:53:44 - [TEST_STEP][PASSED] - delay(5): Delayed 5 second(s)

2022-06-27 12:53:49 - [MESSAGE][PASSED] - Delayed 5 second(s)

2022-06-27 12:53:49 - [TEST_STEP][PASSED] - device_Height = getDeviceHeight(): Current device physical height is 2167

2022-06-27 12:53:49 - [MESSAGE][PASSED] - Current device physical height is 2167

2022-06-27 12:53:49 - [TEST_STEP][PASSED] - device_Width = getDeviceWidth(): Current device physical width is 1080

2022-06-27 12:53:49 - [MESSAGE][PASSED] - Current device physical width is 1080

2022-06-27 12:53:49 - [TEST_STEP][PASSED] - startX = device_Width / 3: null

2022-06-27 12:53:49 - [TEST_STEP][PASSED] - startY = device_Height * 0.97: null

2022-06-27 12:53:49 - [TEST_STEP][PASSED] - verifyElementVisible(findTestObject("Banking/m2uAccountTransferIconSelect"), 0): Element 'Object Repository/Banking/m2uAccountTransferIconSelect' is visible

2022-06-27 12:53:49 - [MESSAGE][WARNING] - Timeout '0' is invalid. Using default page load timeout: '40'

2022-06-27 12:53:50 - [MESSAGE][PASSED] - Element 'Object Repository/Banking/m2uAccountTransferIconSelect' is visible

2022-06-27 12:53:50 - [TEST_STEP][PASSED] - tap(findTestObject("Banking/m2uAccountTransferIconSelect"), 0): Tapped on element 'Object Repository/Banking/m2uAccountTransferIconSelect'

2022-06-27 12:53:50 - [MESSAGE][WARNING] - Timeout '0' is invalid. Using default page load timeout: '40'

2022-06-27 12:53:50 - [MESSAGE][PASSED] - Tapped on element 'Object Repository/Banking/m2uAccountTransferIconSelect'

2022-06-27 12:53:50 - [TEST_STEP][PASSED] - delay(5): Delayed 5 second(s)

2022-06-27 12:53:55 - [MESSAGE][PASSED] - Delayed 5 second(s)

2022-06-27 12:53:55 - [TEST_STEP][PASSED] - tap(findTestObject("Banking/transferOthersTopMenuSelect"), 0): Tapped on element 'Object Repository/Banking/transferOthersTopMenuSelect'

2022-06-27 12:53:55 - [MESSAGE][WARNING] - Timeout '0' is invalid. Using default page load timeout: '40'

2022-06-27 12:54:56 - [MESSAGE][PASSED] - Tapped on element 'Object Repository/Banking/transferOthersTopMenuSelect'

2022-06-27 12:54:56 - [TEST_STEP][PASSED] - delay(3): Delayed 3 second(s)

2022-06-27 12:54:59 - [MESSAGE][PASSED] - Delayed 3 second(s)

2022-06-27 12:54:59 - [TEST_STEP][FAILED] - verifyElementText(findTestObject("Transfer/transferFavListAccNameTxt", ["accName":accName]), accName): Element 'Object Repository/Transfer/transferFavListAccNameTxt' not found

2022-06-27 12:55:43 - [MESSAGE][FAILED] - Element 'Object Repository/Transfer/transferFavListAccNameTxt' not found

2022-06-27 12:55:43 - [TEST_STEP][FAILED] - verifyElementText(findTestObject("Transfer/transferFavListAccNoTxt", ["accNo":accNo]), accNo): Element 'Object Repository/Transfer/transferFavListAccNoTxt' not found

2022-06-27 12:56:26 - [MESSAGE][FAILED] - Element 'Object Repository/Transfer/transferFavListAccNoTxt' not found

2022-06-27 12:56:26 - [TEST_STEP][FAILED] - verifyElementText(findTestObject("Transfer/transferFavListAccBankTxt", ["accBank":accBank]), accBank): Verify element text of test object 'Object Repository/Transfer/transferFavListAccBankTxt' FAILED. (Root cause: org.openqa.selenium.StaleElementReferenceException: androidx.test.uiautomator.StaleObjectException
For documentation on this error, please visit: https://www.seleniumhq.org/exceptions/stale_element_reference.html
Build info: version: '3.141.59', revision: 'e82be7d358', time: '2018-11-14T08:25:53'
System info: host: '00139272s-MacBook-Pro.local', ip: '2001:d08:e4:5180:7ca8:5d1e:1150:6526%en0', os.name: 'Mac OS X', os.arch: 'x86_64', os.version: '10.16', java.version: '1.8.0_275'
Driver info: com.kms.katalon.core.appium.driver.SwipeableAndroidDriver
Capabilities {app: /Users/a00139272/Katalon St..., appActivity: com.maybank2u.life.MainActi..., appPackage: com.maybank2u.life.sit, appWaitActivity: *, autoGrantPermissions: true, automationName: uiautomator2, chromedriverPort: 57790, databaseEnabled: false, desired: {app: /Users/a00139272/Katalon St..., appActivity: com.maybank2u.life.MainActi..., appPackage: com.maybank2u.life.sit, appWaitActivity: *, autoGrantPermissions: true, automationName: uiautomator2, chromedriverPort: 57790, deviceId: 002b9cc60508, deviceName: Xiaomi 21061119AG (Android 11), fullReset: false, newCommandTimeout: 1800, noReset: true, platform: ANDROID, platformName: android, platformVersion: 11, systemPort: 57788, udid: 002b9cc60508}, deviceApiLevel: 30, deviceId: 002b9cc60508, deviceManufacturer: Xiaomi, deviceModel: 21061119AG, deviceName: 002b9cc60508, deviceScreenDensity: 440, deviceScreenSize: 1080x2400, deviceUDID: 002b9cc60508, fullReset: false, javascriptEnabled: true, locationContextEnabled: false, networkConnectionEnabled: true, newCommandTimeout: 1800, noReset: true, pixelRatio: 2.75, platform: ANDROID, platformName: Android, platformVersion: 11, statBarHeight: 103, systemPort: 57788, takesScreenshot: true, udid: 002b9cc60508, viewportRect: {height: 2064, left: 0, top: 103, width: 1080}, warnings: {}, webStorageEnabled: false}
Session ID: 10d35624-a923-436d-b717-ee55423b7472
	at org.openqa.selenium.remote.http.W3CHttpResponseCodec.createException(W3CHttpResponseCodec.java:187)
	at org.openqa.selenium.remote.http.W3CHttpResponseCodec.decode(W3CHttpResponseCodec.java:122)
	at org.openqa.selenium.remote.http.W3CHttpResponseCodec.decode(W3CHttpResponseCodec.java:49)
	at org.openqa.selenium.remote.HttpCommandExecutor.execute(HttpCommandExecutor.java:158)
	at io.appium.java_client.remote.AppiumCommandExecutor.execute(AppiumCommandExecutor.java:239)
	at org.openqa.selenium.remote.RemoteWebDriver.execute(RemoteWebDriver.java:552)
	at io.appium.java_client.DefaultGenericMobileDriver.execute(DefaultGenericMobileDriver.java:42)
	at io.appium.java_client.AppiumDriver.execute(AppiumDriver.java:1)
	at io.appium.java_client.android.AndroidDriver.execute(AndroidDriver.java:1)
	at com.kms.katalon.core.appium.driver.SwipeableAndroidDriver.execute(SwipeableAndroidDriver.java:1)
	at org.openqa.selenium.remote.RemoteWebElement.execute(RemoteWebElement.java:285)
	at io.appium.java_client.DefaultGenericMobileElement.execute(DefaultGenericMobileElement.java:45)
	at io.appium.java_client.MobileElement.execute(MobileElement.java:1)
	at io.appium.java_client.android.AndroidElement.execute(AndroidElement.java:1)
	at org.openqa.selenium.remote.RemoteWebElement.getLocation(RemoteWebElement.java:337)
	at org.openqa.selenium.WebElement$getLocation.call(Unknown Source)
	at com.kms.katalon.core.mobile.keyword.internal.MobileAbstractKeyword.findElement(MobileAbstractKeyword.groovy:86)
	at com.kms.katalon.core.mobile.keyword.builtin.VerifyElementTextKeyword.access$1(VerifyElementTextKeyword.groovy)
	at com.kms.katalon.core.mobile.keyword.builtin.VerifyElementTextKeyword$_verifyElementText_closure1.doCall(VerifyElementTextKeyword.groovy:47)
	at com.kms.katalon.core.mobile.keyword.builtin.VerifyElementTextKeyword$_verifyElementText_closure1.call(VerifyElementTextKeyword.groovy)
	at com.kms.katalon.core.mobile.keyword.internal.MobileKeywordMain.runKeyword(MobileKeywordMain.groovy:21)
	at com.kms.katalon.core.mobile.keyword.builtin.VerifyElementTextKeyword.verifyElementText(VerifyElementTextKeyword.groovy:62)
	at com.kms.katalon.core.mobile.keyword.builtin.VerifyElementTextKeyword.execute(VerifyElementTextKeyword.groovy:39)
	at com.kms.katalon.core.keyword.internal.KeywordExecutor.executeKeywordForPlatform(KeywordExecutor.groovy:74)
	at com.kms.katalon.core.mobile.keyword.MobileBuiltInKeywords.verifyElementText(MobileBuiltInKeywords.groovy:2901)
	at com.kms.katalon.core.mobile.keyword.MobileBuiltInKeywords$verifyElementText$10.call(Unknown Source)
	at transfer_instantIBGFav.run(transfer_instantIBGFav:95)
	at com.kms.katalon.core.main.ScriptEngine.run(ScriptEngine.java:194)
	at com.kms.katalon.core.main.ScriptEngine.runScriptAsRawText(ScriptEngine.java:119)
	at com.kms.katalon.core.main.TestCaseExecutor.runScript(TestCaseExecutor.java:445)
	at com.kms.katalon.core.main.TestCaseExecutor.doExecute(TestCaseExecutor.java:436)
	at com.kms.katalon.core.main.TestCaseExecutor.processExecutionPhase(TestCaseExecutor.java:415)
	at com.kms.katalon.core.main.TestCaseExecutor.accessMainPhase(TestCaseExecutor.java:407)
	at com.kms.katalon.core.main.TestCaseExecutor.execute(TestCaseExecutor.java:284)
	at com.kms.katalon.core.common.CommonExecutor.accessTestCaseMainPhase(CommonExecutor.java:65)
	at com.kms.katalon.core.main.TestSuiteExecutor.accessTestSuiteMainPhase(TestSuiteExecutor.java:144)
	at com.kms.katalon.core.main.TestSuiteExecutor.execute(TestSuiteExecutor.java:106)
	at com.kms.katalon.core.main.TestCaseMain.startTestSuite(TestCaseMain.java:185)
	at com.kms.katalon.core.main.TestCaseMain$startTestSuite$0.call(Unknown Source)
	at TempTestSuite1656303798210.run(TempTestSuite1656303798210.groovy:36)
)

2022-06-27 12:57:07 - [MESSAGE][FAILED] - Verify element text of test object 'Object Repository/Transfer/transferFavListAccBankTxt' FAILED. (Root cause: org.openqa.selenium.StaleElementReferenceException: androidx.test.uiautomator.StaleObjectException
For documentation on this error, please visit: https://www.seleniumhq.org/exceptions/stale_element_reference.html
Build info: version: '3.141.59', revision: 'e82be7d358', time: '2018-11-14T08:25:53'
System info: host: '00139272s-MacBook-Pro.local', ip: '2001:d08:e4:5180:7ca8:5d1e:1150:6526%en0', os.name: 'Mac OS X', os.arch: 'x86_64', os.version: '10.16', java.version: '1.8.0_275'
Driver info: com.kms.katalon.core.appium.driver.SwipeableAndroidDriver
Capabilities {app: /Users/a00139272/Katalon St..., appActivity: com.maybank2u.life.MainActi..., appPackage: com.maybank2u.life.sit, appWaitActivity: *, autoGrantPermissions: true, automationName: uiautomator2, chromedriverPort: 57790, databaseEnabled: false, desired: {app: /Users/a00139272/Katalon St..., appActivity: com.maybank2u.life.MainActi..., appPackage: com.maybank2u.life.sit, appWaitActivity: *, autoGrantPermissions: true, automationName: uiautomator2, chromedriverPort: 57790, deviceId: 002b9cc60508, deviceName: Xiaomi 21061119AG (Android 11), fullReset: false, newCommandTimeout: 1800, noReset: true, platform: ANDROID, platformName: android, platformVersion: 11, systemPort: 57788, udid: 002b9cc60508}, deviceApiLevel: 30, deviceId: 002b9cc60508, deviceManufacturer: Xiaomi, deviceModel: 21061119AG, deviceName: 002b9cc60508, deviceScreenDensity: 440, deviceScreenSize: 1080x2400, deviceUDID: 002b9cc60508, fullReset: false, javascriptEnabled: true, locationContextEnabled: false, networkConnectionEnabled: true, newCommandTimeout: 1800, noReset: true, pixelRatio: 2.75, platform: ANDROID, platformName: Android, platformVersion: 11, statBarHeight: 103, systemPort: 57788, takesScreenshot: true, udid: 002b9cc60508, viewportRect: {height: 2064, left: 0, top: 103, width: 1080}, warnings: {}, webStorageEnabled: false}
Session ID: 10d35624-a923-436d-b717-ee55423b7472
	at org.openqa.selenium.remote.http.W3CHttpResponseCodec.createException(W3CHttpResponseCodec.java:187)
	at org.openqa.selenium.remote.http.W3CHttpResponseCodec.decode(W3CHttpResponseCodec.java:122)
	at org.openqa.selenium.remote.http.W3CHttpResponseCodec.decode(W3CHttpResponseCodec.java:49)
	at org.openqa.selenium.remote.HttpCommandExecutor.execute(HttpCommandExecutor.java:158)
	at io.appium.java_client.remote.AppiumCommandExecutor.execute(AppiumCommandExecutor.java:239)
	at org.openqa.selenium.remote.RemoteWebDriver.execute(RemoteWebDriver.java:552)
	at io.appium.java_client.DefaultGenericMobileDriver.execute(DefaultGenericMobileDriver.java:42)
	at io.appium.java_client.AppiumDriver.execute(AppiumDriver.java:1)
	at io.appium.java_client.android.AndroidDriver.execute(AndroidDriver.java:1)
	at com.kms.katalon.core.appium.driver.SwipeableAndroidDriver.execute(SwipeableAndroidDriver.java:1)
	at org.openqa.selenium.remote.RemoteWebElement.execute(RemoteWebElement.java:285)
	at io.appium.java_client.DefaultGenericMobileElement.execute(DefaultGenericMobileElement.java:45)
	at io.appium.java_client.MobileElement.execute(MobileElement.java:1)
	at io.appium.java_client.android.AndroidElement.execute(AndroidElement.java:1)
	at org.openqa.selenium.remote.RemoteWebElement.getLocation(RemoteWebElement.java:337)
	at org.openqa.selenium.WebElement$getLocation.call(Unknown Source)
	at com.kms.katalon.core.mobile.keyword.internal.MobileAbstractKeyword.findElement(MobileAbstractKeyword.groovy:86)
	at com.kms.katalon.core.mobile.keyword.builtin.VerifyElementTextKeyword.access$1(VerifyElementTextKeyword.groovy)
	at com.kms.katalon.core.mobile.keyword.builtin.VerifyElementTextKeyword$_verifyElementText_closure1.doCall(VerifyElementTextKeyword.groovy:47)
	at com.kms.katalon.core.mobile.keyword.builtin.VerifyElementTextKeyword$_verifyElementText_closure1.call(VerifyElementTextKeyword.groovy)
	at com.kms.katalon.core.mobile.keyword.internal.MobileKeywordMain.runKeyword(MobileKeywordMain.groovy:21)
	at com.kms.katalon.core.mobile.keyword.builtin.VerifyElementTextKeyword.verifyElementText(VerifyElementTextKeyword.groovy:62)
	at com.kms.katalon.core.mobile.keyword.builtin.VerifyElementTextKeyword.execute(VerifyElementTextKeyword.groovy:39)
	at com.kms.katalon.core.keyword.internal.KeywordExecutor.executeKeywordForPlatform(KeywordExecutor.groovy:74)
	at com.kms.katalon.core.mobile.keyword.MobileBuiltInKeywords.verifyElementText(MobileBuiltInKeywords.groovy:2901)
	at com.kms.katalon.core.mobile.keyword.MobileBuiltInKeywords$verifyElementText$10.call(Unknown Source)
	at transfer_instantIBGFav.run(transfer_instantIBGFav:95)
	at com.kms.katalon.core.main.ScriptEngine.run(ScriptEngine.java:194)
	at com.kms.katalon.core.main.ScriptEngine.runScriptAsRawText(ScriptEngine.java:119)
	at com.kms.katalon.core.main.TestCaseExecutor.runScript(TestCaseExecutor.java:445)
	at com.kms.katalon.core.main.TestCaseExecutor.doExecute(TestCaseExecutor.java:436)
	at com.kms.katalon.core.main.TestCaseExecutor.processExecutionPhase(TestCaseExecutor.java:415)
	at com.kms.katalon.core.main.TestCaseExecutor.accessMainPhase(TestCaseExecutor.java:407)
	at com.kms.katalon.core.main.TestCaseExecutor.execute(TestCaseExecutor.java:284)
	at com.kms.katalon.core.common.CommonExecutor.accessTestCaseMainPhase(CommonExecutor.java:65)
	at com.kms.katalon.core.main.TestSuiteExecutor.accessTestSuiteMainPhase(TestSuiteExecutor.java:144)
	at com.kms.katalon.core.main.TestSuiteExecutor.execute(TestSuiteExecutor.java:106)
	at com.kms.katalon.core.main.TestCaseMain.startTestSuite(TestCaseMain.java:185)
	at com.kms.katalon.core.main.TestCaseMain$startTestSuite$0.call(Unknown Source)
	at TempTestSuite1656303798210.run(TempTestSuite1656303798210.groovy:36)
)

2022-06-27 12:57:07 - [TEST_STEP][PASSED] - tap(findTestObject("Transfer/transferFavListAccNameTxt", ["accName":accName]), 0): Tapped on element 'Object Repository/Transfer/transferFavListAccNameTxt'

2022-06-27 12:57:07 - [MESSAGE][WARNING] - Timeout '0' is invalid. Using default page load timeout: '40'

2022-06-27 12:57:59 - [MESSAGE][PASSED] - Tapped on element 'Object Repository/Transfer/transferFavListAccNameTxt'

2022-06-27 12:57:59 - [TEST_STEP][PASSED] - delay(3): Delayed 3 second(s)

2022-06-27 12:58:02 - [MESSAGE][PASSED] - Delayed 3 second(s)

2022-06-27 12:58:02 - [TEST_STEP][PASSED] - verifyElementText(findTestObject("Transfer/transferAmounttAccNameTxt", ["accName":accName]), accName): Actual text and expected text of test object 'Object Repository/Transfer/transferAmounttAccNameTxt' are matched.

2022-06-27 12:58:02 - [MESSAGE][PASSED] - Actual text and expected text of test object 'Object Repository/Transfer/transferAmounttAccNameTxt' are matched.

2022-06-27 12:58:02 - [TEST_STEP][PASSED] - verifyElementText(findTestObject("Transfer/transferAmounttAccNoTxt", ["accNo":accNo]), accNo): Actual text and expected text of test object 'Object Repository/Transfer/transferAmounttAccNoTxt' are matched.

2022-06-27 12:58:03 - [MESSAGE][PASSED] - Actual text and expected text of test object 'Object Repository/Transfer/transferAmounttAccNoTxt' are matched.

2022-06-27 12:58:03 - [TEST_STEP][PASSED] - verifyElementText(findTestObject("Transfer/transferAmounttAccBankTxt", ["accBank":accBank]), accBank): Actual text and expected text of test object 'Object Repository/Transfer/transferAmounttAccBankTxt' are matched.

2022-06-27 12:58:03 - [MESSAGE][PASSED] - Actual text and expected text of test object 'Object Repository/Transfer/transferAmounttAccBankTxt' are matched.

2022-06-27 12:58:03 - [TEST_STEP][PASSED] - verifyElementExist(findTestObject("Transfer/transferAmountRMTxt"), 0): Element 'Object Repository/Transfer/transferAmountRMTxt' is exist

2022-06-27 12:58:03 - [MESSAGE][WARNING] - Timeout '0' is invalid. Using default page load timeout: '40'

2022-06-27 12:58:03 - [MESSAGE][PASSED] - Element 'Object Repository/Transfer/transferAmountRMTxt' is exist

2022-06-27 12:58:03 - [TEST_STEP][PASSED] - verifyElementExist(findTestObject("Transfer/transferAmountEnterAmountTitleTxt"), 0): Element 'Object Repository/Transfer/transferAmountEnterAmountTitleTxt' is exist

2022-06-27 12:58:03 - [MESSAGE][WARNING] - Timeout '0' is invalid. Using default page load timeout: '40'

2022-06-27 12:58:04 - [MESSAGE][PASSED] - Element 'Object Repository/Transfer/transferAmountEnterAmountTitleTxt' is exist

2022-06-27 12:58:04 - [TEST_STEP][PASSED] - trxAmount = value: null

2022-06-27 12:58:04 - [TEST_STEP][PASSED] - length = trxAmount.length(): null

2022-06-27 12:58:04 - [TEST_STEP][PASSED] - delay(5): Delayed 5 second(s)

2022-06-27 12:58:09 - [MESSAGE][PASSED] - Delayed 5 second(s)

2022-06-27 12:58:09 - [TEST_STEP][PASSED] - tapAtPosition(startX, startY): Tapped at [360, 2,101]

2022-06-27 12:58:09 - [MESSAGE][PASSED] - Tapped at [360, 2,101]

2022-06-27 12:58:09 - [TEST_STEP][PASSED] - for ([i = 0, i < length, (i++)]): null

2022-06-27 12:58:09 - [TEST_STEP][PASSED] - if (trxAmount[i] == "0"): null

2022-06-27 12:58:09 - [TEST_STEP][PASSED] - if (trxAmount[i] == "1"): null

2022-06-27 12:58:09 - [TEST_STEP][PASSED] - if (trxAmount[i] == "2"): Tapped on element 'Object Repository/Login Onboarding/PIN2'

2022-06-27 12:58:09 - [TEST_STEP][PASSED] - tap(findTestObject("Login Onboarding/PIN2"), 0): Tapped on element 'Object Repository/Login Onboarding/PIN2'

2022-06-27 12:58:09 - [MESSAGE][WARNING] - Timeout '0' is invalid. Using default page load timeout: '40'

2022-06-27 12:58:10 - [MESSAGE][PASSED] - Tapped on element 'Object Repository/Login Onboarding/PIN2'

2022-06-27 12:58:10 - [TEST_STEP][PASSED] - if (trxAmount[i] == "3"): null

2022-06-27 12:58:10 - [TEST_STEP][PASSED] - if (trxAmount[i] == "4"): null

2022-06-27 12:58:10 - [TEST_STEP][PASSED] - if (trxAmount[i] == "5"): null

2022-06-27 12:58:10 - [TEST_STEP][PASSED] - if (trxAmount[i] == "6"): null

2022-06-27 12:58:10 - [TEST_STEP][PASSED] - if (trxAmount[i] == "7"): null

2022-06-27 12:58:10 - [TEST_STEP][PASSED] - if (trxAmount[i] == "8"): null

2022-06-27 12:58:10 - [TEST_STEP][PASSED] - if (trxAmount[i] == "9"): null

2022-06-27 12:58:10 - [TEST_STEP][PASSED] - if (trxAmount[i] == "0"): Tapped on element 'Object Repository/Login Onboarding/PIN0'

2022-06-27 12:58:10 - [TEST_STEP][PASSED] - tap(findTestObject("Login Onboarding/PIN0"), 0): Tapped on element 'Object Repository/Login Onboarding/PIN0'

2022-06-27 12:58:10 - [MESSAGE][WARNING] - Timeout '0' is invalid. Using default page load timeout: '40'

2022-06-27 12:58:11 - [MESSAGE][PASSED] - Tapped on element 'Object Repository/Login Onboarding/PIN0'

2022-06-27 12:58:11 - [TEST_STEP][PASSED] - if (trxAmount[i] == "1"): null

2022-06-27 12:58:11 - [TEST_STEP][PASSED] - if (trxAmount[i] == "2"): null

2022-06-27 12:58:11 - [TEST_STEP][PASSED] - if (trxAmount[i] == "3"): null

2022-06-27 12:58:11 - [TEST_STEP][PASSED] - if (trxAmount[i] == "4"): null

2022-06-27 12:58:11 - [TEST_STEP][PASSED] - if (trxAmount[i] == "5"): null

2022-06-27 12:58:11 - [TEST_STEP][PASSED] - if (trxAmount[i] == "6"): null

2022-06-27 12:58:11 - [TEST_STEP][PASSED] - if (trxAmount[i] == "7"): null

2022-06-27 12:58:11 - [TEST_STEP][PASSED] - if (trxAmount[i] == "8"): null

2022-06-27 12:58:11 - [TEST_STEP][PASSED] - if (trxAmount[i] == "9"): null

2022-06-27 12:58:11 - [TEST_STEP][PASSED] - if (trxAmount[i] == "0"): Tapped on element 'Object Repository/Login Onboarding/PIN0'

2022-06-27 12:58:11 - [TEST_STEP][PASSED] - tap(findTestObject("Login Onboarding/PIN0"), 0): Tapped on element 'Object Repository/Login Onboarding/PIN0'

2022-06-27 12:58:11 - [MESSAGE][WARNING] - Timeout '0' is invalid. Using default page load timeout: '40'

2022-06-27 12:58:11 - [MESSAGE][PASSED] - Tapped on element 'Object Repository/Login Onboarding/PIN0'

2022-06-27 12:58:12 - [TEST_STEP][PASSED] - if (trxAmount[i] == "1"): null

2022-06-27 12:58:12 - [TEST_STEP][PASSED] - if (trxAmount[i] == "2"): null

2022-06-27 12:58:12 - [TEST_STEP][PASSED] - if (trxAmount[i] == "3"): null

2022-06-27 12:58:12 - [TEST_STEP][PASSED] - if (trxAmount[i] == "4"): null

2022-06-27 12:58:12 - [TEST_STEP][PASSED] - if (trxAmount[i] == "5"): null

2022-06-27 12:58:12 - [TEST_STEP][PASSED] - if (trxAmount[i] == "6"): null

2022-06-27 12:58:12 - [TEST_STEP][PASSED] - if (trxAmount[i] == "7"): null

2022-06-27 12:58:12 - [TEST_STEP][PASSED] - if (trxAmount[i] == "8"): null

2022-06-27 12:58:12 - [TEST_STEP][PASSED] - if (trxAmount[i] == "9"): null

2022-06-27 12:58:12 - [TEST_STEP][PASSED] - delay(3): Delayed 3 second(s)

2022-06-27 12:58:15 - [MESSAGE][PASSED] - Delayed 3 second(s)

2022-06-27 12:58:15 - [TEST_STEP][PASSED] - verifyElementText(findTestObject("Transfer/transferAmountInputValueTxt", ["value":checkValue]), checkValue): Actual text and expected text of test object 'Object Repository/Transfer/transferAmountInputValueTxt' are matched.

2022-06-27 12:58:15 - [MESSAGE][PASSED] - Actual text and expected text of test object 'Object Repository/Transfer/transferAmountInputValueTxt' are matched.

2022-06-27 12:58:15 - [TEST_STEP][PASSED] - delay(3): Delayed 3 second(s)

2022-06-27 12:58:18 - [MESSAGE][PASSED] - Delayed 3 second(s)

2022-06-27 12:58:18 - [TEST_STEP][PASSED] - tap(findTestObject("Login Onboarding/loginPinTickBtn"), 0): Tapped on element 'Object Repository/Login Onboarding/loginPinTickBtn'

2022-06-27 12:58:18 - [MESSAGE][WARNING] - Timeout '0' is invalid. Using default page load timeout: '40'

2022-06-27 12:58:18 - [MESSAGE][PASSED] - Tapped on element 'Object Repository/Login Onboarding/loginPinTickBtn'

2022-06-27 12:58:18 - [TEST_STEP][PASSED] - delay(3): Delayed 3 second(s)

2022-06-27 12:58:21 - [MESSAGE][PASSED] - Delayed 3 second(s)

2022-06-27 12:58:21 - [TEST_STEP][PASSED] - verifyElementText(findTestObject("Transfer/transferReferenceAccNameTxt", ["accName":accName]), accName): Actual text and expected text of test object 'Object Repository/Transfer/transferReferenceAccNameTxt' are matched.

2022-06-27 12:58:21 - [MESSAGE][PASSED] - Actual text and expected text of test object 'Object Repository/Transfer/transferReferenceAccNameTxt' are matched.

2022-06-27 12:58:21 - [TEST_STEP][PASSED] - verifyElementText(findTestObject("Transfer/transferReferenceAccNoTxt", ["accNo":accNo]), accNo): Actual text and expected text of test object 'Object Repository/Transfer/transferReferenceAccNoTxt' are matched.

2022-06-27 12:58:22 - [MESSAGE][PASSED] - Actual text and expected text of test object 'Object Repository/Transfer/transferReferenceAccNoTxt' are matched.

2022-06-27 12:58:22 - [TEST_STEP][PASSED] - verifyElementText(findTestObject("Transfer/transferReferenceAccBankTxt", ["accBank":accBank]), accBank): Actual text and expected text of test object 'Object Repository/Transfer/transferReferenceAccBankTxt' are matched.

2022-06-27 12:58:22 - [MESSAGE][PASSED] - Actual text and expected text of test object 'Object Repository/Transfer/transferReferenceAccBankTxt' are matched.

2022-06-27 12:58:22 - [TEST_STEP][PASSED] - verifyElementExist(findTestObject("Transfer/transferReferenceInputField"), 0): Element 'Object Repository/Transfer/transferReferenceInputField' is exist

2022-06-27 12:58:22 - [MESSAGE][WARNING] - Timeout '0' is invalid. Using default page load timeout: '40'

2022-06-27 12:58:22 - [MESSAGE][PASSED] - Element 'Object Repository/Transfer/transferReferenceInputField' is exist

2022-06-27 12:58:22 - [TEST_STEP][PASSED] - setText(findTestObject("Banking/transferReferenceInputField"), reference, 0): Text 'IBGInstantFav' has been set to element 'Object Repository/Banking/transferReferenceInputField'

2022-06-27 12:58:22 - [MESSAGE][WARNING] - Timeout '0' is invalid. Using default page load timeout: '40'

2022-06-27 12:58:23 - [MESSAGE][PASSED] - Text 'IBGInstantFav' has been set to element 'Object Repository/Banking/transferReferenceInputField'

2022-06-27 12:58:23 - [TEST_STEP][PASSED] - hideKeyboard(): Keyboard is hidden

2022-06-27 12:58:25 - [MESSAGE][PASSED] - Keyboard is hidden

2022-06-27 12:58:25 - [TEST_STEP][PASSED] - verifyElementText(findTestObject("Transfer/transferReferenceInputFieldAfter", ["reference":reference]), reference): Actual text and expected text of test object 'Object Repository/Transfer/transferReferenceInputFieldAfter' are matched.

2022-06-27 12:58:25 - [MESSAGE][PASSED] - Actual text and expected text of test object 'Object Repository/Transfer/transferReferenceInputFieldAfter' are matched.

2022-06-27 12:58:25 - [TEST_STEP][PASSED] - tap(findTestObject("Login Onboarding/loginExistingContinueBtn"), 0): Tapped on element 'Object Repository/Login Onboarding/loginExistingContinueBtn'

2022-06-27 12:58:25 - [MESSAGE][WARNING] - Timeout '0' is invalid. Using default page load timeout: '40'

2022-06-27 12:58:25 - [MESSAGE][PASSED] - Tapped on element 'Object Repository/Login Onboarding/loginExistingContinueBtn'

2022-06-27 12:58:25 - [TEST_STEP][PASSED] - verifyElementText(findTestObject("Transfer/transferReferenceAccNameTxt", ["accName":accName]), accName): Actual text and expected text of test object 'Object Repository/Transfer/transferReferenceAccNameTxt' are matched.

2022-06-27 12:58:25 - [MESSAGE][PASSED] - Actual text and expected text of test object 'Object Repository/Transfer/transferReferenceAccNameTxt' are matched.

2022-06-27 12:58:25 - [TEST_STEP][PASSED] - verifyElementText(findTestObject("Transfer/transferReferenceAccNoTxt", ["accNo":accNo]), accNo): Actual text and expected text of test object 'Object Repository/Transfer/transferReferenceAccNoTxt' are matched.

2022-06-27 12:58:26 - [MESSAGE][PASSED] - Actual text and expected text of test object 'Object Repository/Transfer/transferReferenceAccNoTxt' are matched.

2022-06-27 12:58:26 - [TEST_STEP][PASSED] - verifyElementText(findTestObject("Transfer/transferReferenceAccBankTxt", ["accBank":accBank]), accBank): Actual text and expected text of test object 'Object Repository/Transfer/transferReferenceAccBankTxt' are matched.

2022-06-27 12:58:26 - [MESSAGE][PASSED] - Actual text and expected text of test object 'Object Repository/Transfer/transferReferenceAccBankTxt' are matched.

2022-06-27 12:58:26 - [TEST_STEP][PASSED] - delay(3): Delayed 3 second(s)

2022-06-27 12:58:29 - [MESSAGE][PASSED] - Delayed 3 second(s)

2022-06-27 12:58:29 - [TEST_STEP][PASSED] - verifyElementExist(findTestObject("Transfer/instantTransferModeDuitTxt", ["mode":initialMode]), 0): Element 'Object Repository/Transfer/instantTransferModeDuitTxt' is exist

2022-06-27 12:58:29 - [MESSAGE][WARNING] - Timeout '0' is invalid. Using default page load timeout: '40'

2022-06-27 12:58:30 - [MESSAGE][PASSED] - Element 'Object Repository/Transfer/instantTransferModeDuitTxt' is exist

2022-06-27 12:58:30 - [TEST_STEP][PASSED] - tap(findTestObject("Transfer/instantTransferModeDuitTxt", ["mode":initialMode]), 0): Tapped on element 'Object Repository/Transfer/instantTransferModeDuitTxt'

2022-06-27 12:58:30 - [MESSAGE][WARNING] - Timeout '0' is invalid. Using default page load timeout: '40'

2022-06-27 12:58:30 - [MESSAGE][PASSED] - Tapped on element 'Object Repository/Transfer/instantTransferModeDuitTxt'

2022-06-27 12:58:30 - [TEST_STEP][PASSED] - delay(3): Delayed 3 second(s)

2022-06-27 12:58:33 - [MESSAGE][PASSED] - Delayed 3 second(s)

2022-06-27 12:58:33 - [TEST_STEP][PASSED] - scrollToText(selectedMode, STOP_ON_FAILURE): Scrolling to text 'GIRO' successfully

2022-06-27 12:58:34 - [MESSAGE][PASSED] - Scrolling to text 'GIRO' successfully

2022-06-27 12:58:34 - [TEST_STEP][PASSED] - tap(findTestObject("Transfer/instantTransferModeDropdownSelect", ["modeS":selectedMode]), 0): Tapped on element 'Object Repository/Transfer/instantTransferModeDropdownSelect'

2022-06-27 12:58:34 - [MESSAGE][WARNING] - Timeout '0' is invalid. Using default page load timeout: '40'

2022-06-27 12:58:34 - [MESSAGE][PASSED] - Tapped on element 'Object Repository/Transfer/instantTransferModeDropdownSelect'

2022-06-27 12:58:34 - [TEST_STEP][PASSED] - delay(3): Delayed 3 second(s)

2022-06-27 12:58:37 - [MESSAGE][PASSED] - Delayed 3 second(s)

2022-06-27 12:58:37 - [TEST_STEP][PASSED] - tap(findTestObject("Banking/transferModeDropdownDoneBtn"), 0): Tapped on element 'Object Repository/Banking/transferModeDropdownDoneBtn'

2022-06-27 12:58:37 - [MESSAGE][WARNING] - Timeout '0' is invalid. Using default page load timeout: '40'

2022-06-27 12:58:37 - [MESSAGE][PASSED] - Tapped on element 'Object Repository/Banking/transferModeDropdownDoneBtn'

2022-06-27 12:58:37 - [TEST_STEP][PASSED] - delay(3): Delayed 3 second(s)

2022-06-27 12:58:40 - [MESSAGE][PASSED] - Delayed 3 second(s)

2022-06-27 12:58:40 - [TEST_STEP][PASSED] - verifyElementExist(findTestObject("Transfer/instantTransferModeDuitTxt", ["mode":selectedMode]), 0): Element 'Object Repository/Transfer/instantTransferModeDuitTxt' is exist

2022-06-27 12:58:40 - [MESSAGE][WARNING] - Timeout '0' is invalid. Using default page load timeout: '40'

2022-06-27 12:58:40 - [MESSAGE][PASSED] - Element 'Object Repository/Transfer/instantTransferModeDuitTxt' is exist

2022-06-27 12:58:40 - [TEST_STEP][PASSED] - verifyElementExist(findTestObject("Transfer/instantTransferModeTitleTxt"), 0): Element 'Object Repository/Transfer/instantTransferModeTitleTxt' is exist

2022-06-27 12:58:40 - [MESSAGE][WARNING] - Timeout '0' is invalid. Using default page load timeout: '40'

2022-06-27 12:58:40 - [MESSAGE][PASSED] - Element 'Object Repository/Transfer/instantTransferModeTitleTxt' is exist

2022-06-27 12:58:40 - [TEST_STEP][PASSED] - verifyElementExist(findTestObject("Transfer/instantTransferTypeFundTxt"), 0): Element 'Object Repository/Transfer/instantTransferTypeFundTxt' is exist

2022-06-27 12:58:41 - [MESSAGE][WARNING] - Timeout '0' is invalid. Using default page load timeout: '40'

2022-06-27 12:58:41 - [MESSAGE][PASSED] - Element 'Object Repository/Transfer/instantTransferTypeFundTxt' is exist

2022-06-27 12:58:41 - [TEST_STEP][PASSED] - verifyElementExist(findTestObject("Transfer/instantTransferTypeTitleTxt"), 0): Element 'Object Repository/Transfer/instantTransferTypeTitleTxt' is exist

2022-06-27 12:58:41 - [MESSAGE][WARNING] - Timeout '0' is invalid. Using default page load timeout: '40'

2022-06-27 12:58:41 - [MESSAGE][PASSED] - Element 'Object Repository/Transfer/instantTransferTypeTitleTxt' is exist

2022-06-27 12:58:41 - [TEST_STEP][PASSED] - tap(findTestObject("Login Onboarding/loginExistingContinueBtn"), 0): Tapped on element 'Object Repository/Login Onboarding/loginExistingContinueBtn'

2022-06-27 12:58:41 - [MESSAGE][WARNING] - Timeout '0' is invalid. Using default page load timeout: '40'

2022-06-27 12:58:41 - [MESSAGE][PASSED] - Tapped on element 'Object Repository/Login Onboarding/loginExistingContinueBtn'

2022-06-27 12:58:41 - [TEST_STEP][PASSED] - verifyElementText(findTestObject("Transfer/transferConfirmationTransactionDateTxt"), trxDate): Actual text and expected text of test object 'Object Repository/Transfer/transferConfirmationTransactionDateTxt' are matched.

2022-06-27 12:58:46 - [MESSAGE][PASSED] - Actual text and expected text of test object 'Object Repository/Transfer/transferConfirmationTransactionDateTxt' are matched.

2022-06-27 12:58:46 - [TEST_STEP][PASSED] - verifyElementText(findTestObject("Transfer/transferConfirmationAccountNameTxt", ["accName":accName]), accName): Actual text and expected text of test object 'Object Repository/Transfer/transferConfirmationAccountNameTxt' are matched.

2022-06-27 12:58:46 - [MESSAGE][PASSED] - Actual text and expected text of test object 'Object Repository/Transfer/transferConfirmationAccountNameTxt' are matched.

2022-06-27 12:58:46 - [TEST_STEP][PASSED] - verifyElementText(findTestObject("Transfer/transferConfirmationAccountNoTxt", ["accNo":accNo]), accNo): Actual text and expected text of test object 'Object Repository/Transfer/transferConfirmationAccountNoTxt' are matched.

2022-06-27 12:58:46 - [MESSAGE][PASSED] - Actual text and expected text of test object 'Object Repository/Transfer/transferConfirmationAccountNoTxt' are matched.

2022-06-27 12:58:46 - [TEST_STEP][PASSED] - verifyElementText(findTestObject("Transfer/transferConfirmationAmountTxt", ["amount":amount]), amount): Actual text and expected text of test object 'Object Repository/Transfer/transferConfirmationAmountTxt' are matched.

2022-06-27 12:58:47 - [MESSAGE][PASSED] - Actual text and expected text of test object 'Object Repository/Transfer/transferConfirmationAmountTxt' are matched.

2022-06-27 12:58:47 - [TEST_STEP][PASSED] - verifyElementText(findTestObject("Transfer/transferConfirmationTransactionRecRefTxt", ["reference":reference]), reference): Actual text and expected text of test object 'Object Repository/Transfer/transferConfirmationTransactionRecRefTxt' are matched.

2022-06-27 12:58:47 - [MESSAGE][PASSED] - Actual text and expected text of test object 'Object Repository/Transfer/transferConfirmationTransactionRecRefTxt' are matched.

2022-06-27 12:58:47 - [TEST_STEP][PASSED] - verifyElementText(findTestObject("Transfer/transferConfirmationTransactionBankTxt", ["accBank":accBank]), accBank): Actual text and expected text of test object 'Object Repository/Transfer/transferConfirmationTransactionBankTxt' are matched.

2022-06-27 12:58:47 - [MESSAGE][PASSED] - Actual text and expected text of test object 'Object Repository/Transfer/transferConfirmationTransactionBankTxt' are matched.

2022-06-27 12:58:47 - [TEST_STEP][PASSED] - verifyElementText(findTestObject("Transfer/transferConfirmationOptionalGreyWordTxt"), "Optional"): Actual text and expected text of test object 'Object Repository/Transfer/transferConfirmationOptionalGreyWordTxt' are matched.

2022-06-27 12:58:47 - [MESSAGE][PASSED] - Actual text and expected text of test object 'Object Repository/Transfer/transferConfirmationOptionalGreyWordTxt' are matched.

2022-06-27 12:58:47 - [TEST_STEP][PASSED] - verifyElementText(findTestObject("Transfer/instantTransferConfirmationTransactionTypeTxt"), "Fund Transfer"): Actual text and expected text of test object 'Object Repository/Transfer/instantTransferConfirmationTransactionTypeTxt' are matched.

2022-06-27 12:58:48 - [MESSAGE][PASSED] - Actual text and expected text of test object 'Object Repository/Transfer/instantTransferConfirmationTransactionTypeTxt' are matched.

2022-06-27 12:58:48 - [TEST_STEP][PASSED] - verifyElementText(findTestObject("Transfer/instantTransferConfirmationTransactionModeTxt", ["modeC":selectedMode]), selectedMode): Actual text and expected text of test object 'Object Repository/Transfer/instantTransferConfirmationTransactionModeTxt' are matched.

2022-06-27 12:58:48 - [MESSAGE][PASSED] - Actual text and expected text of test object 'Object Repository/Transfer/instantTransferConfirmationTransactionModeTxt' are matched.

2022-06-27 12:58:48 - [TEST_STEP][PASSED] - verifyElementText(findTestObject("Transfer/instantTransferConfirmationTransactionServiceTxt"), "RM 0.00"): Actual text and expected text of test object 'Object Repository/Transfer/instantTransferConfirmationTransactionServiceTxt' are matched.

2022-06-27 12:58:48 - [MESSAGE][PASSED] - Actual text and expected text of test object 'Object Repository/Transfer/instantTransferConfirmationTransactionServiceTxt' are matched.

2022-06-27 12:58:48 - [TEST_STEP][PASSED] - verifyElementExist(findTestObject("Transfer/transferConfirmationBankNameTitleTxt"), 0): Element 'Object Repository/Transfer/transferConfirmationBankNameTitleTxt' is exist

2022-06-27 12:58:48 - [MESSAGE][WARNING] - Timeout '0' is invalid. Using default page load timeout: '40'

2022-06-27 12:58:48 - [MESSAGE][PASSED] - Element 'Object Repository/Transfer/transferConfirmationBankNameTitleTxt' is exist

2022-06-27 12:58:48 - [TEST_STEP][PASSED] - verifyElementExist(findTestObject("Transfer/transferConfirmationDateTitleTxt"), 0): Element 'Object Repository/Transfer/transferConfirmationDateTitleTxt' is exist

2022-06-27 12:58:48 - [MESSAGE][WARNING] - Timeout '0' is invalid. Using default page load timeout: '40'

2022-06-27 12:58:49 - [MESSAGE][PASSED] - Element 'Object Repository/Transfer/transferConfirmationDateTitleTxt' is exist

2022-06-27 12:58:49 - [TEST_STEP][PASSED] - verifyElementExist(findTestObject("Transfer/transferConfirmationRecRefTitleTxt"), 0): Element 'Object Repository/Transfer/transferConfirmationRecRefTitleTxt' is exist

2022-06-27 12:58:49 - [MESSAGE][WARNING] - Timeout '0' is invalid. Using default page load timeout: '40'

2022-06-27 12:58:49 - [MESSAGE][PASSED] - Element 'Object Repository/Transfer/transferConfirmationRecRefTitleTxt' is exist

2022-06-27 12:58:49 - [TEST_STEP][PASSED] - verifyElementExist(findTestObject("Transfer/transferConfirmationPaymentDetailsTitleTxt"), 0): Element 'Object Repository/Transfer/transferConfirmationPaymentDetailsTitleTxt' is exist

2022-06-27 12:58:49 - [MESSAGE][WARNING] - Timeout '0' is invalid. Using default page load timeout: '40'

2022-06-27 12:58:49 - [MESSAGE][PASSED] - Element 'Object Repository/Transfer/transferConfirmationPaymentDetailsTitleTxt' is exist

2022-06-27 12:58:49 - [TEST_STEP][PASSED] - verifyElementExist(findTestObject("Transfer/instantTransferConfirmationModeTitleTxt"), 0): Element 'Object Repository/Transfer/instantTransferConfirmationModeTitleTxt' is exist

2022-06-27 12:58:49 - [MESSAGE][WARNING] - Timeout '0' is invalid. Using default page load timeout: '40'

2022-06-27 12:58:50 - [MESSAGE][PASSED] - Element 'Object Repository/Transfer/instantTransferConfirmationModeTitleTxt' is exist

2022-06-27 12:58:50 - [TEST_STEP][PASSED] - verifyElementExist(findTestObject("Transfer/instantTransferConfirmationServiceFeeTitleTxt"), 0): Element 'Object Repository/Transfer/instantTransferConfirmationServiceFeeTitleTxt' is exist

2022-06-27 12:58:50 - [MESSAGE][WARNING] - Timeout '0' is invalid. Using default page load timeout: '40'

2022-06-27 12:58:50 - [MESSAGE][PASSED] - Element 'Object Repository/Transfer/instantTransferConfirmationServiceFeeTitleTxt' is exist

2022-06-27 12:58:50 - [TEST_STEP][PASSED] - verifyElementExist(findTestObject("Transfer/instantTransferConfirmationTypeTitleTxt"), 0): Element 'Object Repository/Transfer/instantTransferConfirmationTypeTitleTxt' is exist

2022-06-27 12:58:50 - [MESSAGE][WARNING] - Timeout '0' is invalid. Using default page load timeout: '40'

2022-06-27 12:58:50 - [MESSAGE][PASSED] - Element 'Object Repository/Transfer/instantTransferConfirmationTypeTitleTxt' is exist

2022-06-27 12:58:50 - [TEST_STEP][PASSED] - verifyElementExist(findTestObject("Transfer/transferConfirmationNoteTitleTxt"), 0): Element 'Object Repository/Transfer/transferConfirmationNoteTitleTxt' is exist

2022-06-27 12:58:50 - [MESSAGE][WARNING] - Timeout '0' is invalid. Using default page load timeout: '40'

2022-06-27 12:58:50 - [MESSAGE][PASSED] - Element 'Object Repository/Transfer/transferConfirmationNoteTitleTxt' is exist

2022-06-27 12:58:50 - [TEST_STEP][PASSED] - tap(findTestObject("Transfer/transferConfirmationOptionalGreyWordTxt"), 0): Tapped on element 'Object Repository/Transfer/transferConfirmationOptionalGreyWordTxt'

2022-06-27 12:58:50 - [MESSAGE][WARNING] - Timeout '0' is invalid. Using default page load timeout: '40'

2022-06-27 12:58:51 - [MESSAGE][PASSED] - Tapped on element 'Object Repository/Transfer/transferConfirmationOptionalGreyWordTxt'

2022-06-27 12:58:51 - [TEST_STEP][PASSED] - setText(findTestObject("Transfer/transferConfirmationDetailsInputField"), "Test Fav", 0): Text 'Test Fav' has been set to element 'Object Repository/Transfer/transferConfirmationDetailsInputField'

2022-06-27 12:58:51 - [MESSAGE][WARNING] - Timeout '0' is invalid. Using default page load timeout: '40'

2022-06-27 12:58:53 - [MESSAGE][PASSED] - Text 'Test Fav' has been set to element 'Object Repository/Transfer/transferConfirmationDetailsInputField'

2022-06-27 12:58:53 - [TEST_STEP][PASSED] - hideKeyboard(): Keyboard is hidden

2022-06-27 12:58:55 - [MESSAGE][PASSED] - Keyboard is hidden

2022-06-27 12:58:55 - [TEST_STEP][PASSED] - verifyElementText(findTestObject("Transfer/transferConfirmationOptionalGreyWordTxt"), "Test Fav"): Actual text and expected text of test object 'Object Repository/Transfer/transferConfirmationOptionalGreyWordTxt' are matched.

2022-06-27 12:58:56 - [MESSAGE][PASSED] - Actual text and expected text of test object 'Object Repository/Transfer/transferConfirmationOptionalGreyWordTxt' are matched.

2022-06-27 12:58:56 - [TEST_STEP][PASSED] - device_Height_2 = getDeviceHeight(): Current device physical height is 2167

2022-06-27 12:58:56 - [MESSAGE][PASSED] - Current device physical height is 2167

2022-06-27 12:58:56 - [TEST_STEP][PASSED] - device_Width_2 = getDeviceWidth(): Current device physical width is 1080

2022-06-27 12:58:56 - [MESSAGE][PASSED] - Current device physical width is 1080

2022-06-27 12:58:56 - [TEST_STEP][PASSED] - startX_2 = device_Width_2 / 2: null

2022-06-27 12:58:56 - [TEST_STEP][PASSED] - endX_2 = startX_2: null

2022-06-27 12:58:56 - [TEST_STEP][PASSED] - startY_2 = device_Height_2 * 0.30: null

2022-06-27 12:58:56 - [TEST_STEP][PASSED] - endY_2 = device_Height_2 * 0.70: null

2022-06-27 12:58:56 - [TEST_STEP][PASSED] - swipe(startX_2, endY_2, endX_2, startY_2): Swiped from 540,1,516 to 540,650

2022-06-27 12:58:57 - [MESSAGE][PASSED] - Swiped from 540,1,516 to 540,650

2022-06-27 12:58:57 - [TEST_STEP][PASSED] - verifyElementExist(findTestObject("Transfer/instantTransferConfirmationNotes1Txt"), 0): Element 'Object Repository/Transfer/instantTransferConfirmationNotes1Txt' is exist

2022-06-27 12:58:57 - [MESSAGE][WARNING] - Timeout '0' is invalid. Using default page load timeout: '40'

2022-06-27 12:58:57 - [MESSAGE][PASSED] - Element 'Object Repository/Transfer/instantTransferConfirmationNotes1Txt' is exist

2022-06-27 12:58:57 - [TEST_STEP][PASSED] - verifyElementExist(findTestObject("Transfer/transferConfirmationFTransferFromTitleTxt"), 0): Element 'Object Repository/Transfer/transferConfirmationFTransferFromTitleTxt' is exist

2022-06-27 12:58:57 - [MESSAGE][WARNING] - Timeout '0' is invalid. Using default page load timeout: '40'

2022-06-27 12:58:58 - [MESSAGE][PASSED] - Element 'Object Repository/Transfer/transferConfirmationFTransferFromTitleTxt' is exist

2022-06-27 12:58:58 - [TEST_STEP][PASSED] - verifyElementExist(findTestObject("Transfer/instantTransferConfirmationNotes2Txt"), 0): Element 'Object Repository/Transfer/instantTransferConfirmationNotes2Txt' is exist

2022-06-27 12:58:58 - [MESSAGE][WARNING] - Timeout '0' is invalid. Using default page load timeout: '40'

2022-06-27 12:58:58 - [MESSAGE][PASSED] - Element 'Object Repository/Transfer/instantTransferConfirmationNotes2Txt' is exist

2022-06-27 12:58:58 - [TEST_STEP][PASSED] - verifyElementText(findTestObject("Transfer/transferConfirmationFromAccTypeTxt", ["accType":accType]), accType): Actual text and expected text of test object 'Object Repository/Transfer/transferConfirmationFromAccTypeTxt' are matched.

2022-06-27 12:58:58 - [MESSAGE][PASSED] - Actual text and expected text of test object 'Object Repository/Transfer/transferConfirmationFromAccTypeTxt' are matched.

2022-06-27 12:58:58 - [TEST_STEP][PASSED] - verifyElementText(findTestObject("Transfer/transferConfirmationFromAccNoTxt", ["accNoFrom":accNoFrom]), accNoFrom): Actual text and expected text of test object 'Object Repository/Transfer/transferConfirmationFromAccNoTxt' are matched.

2022-06-27 12:58:59 - [MESSAGE][PASSED] - Actual text and expected text of test object 'Object Repository/Transfer/transferConfirmationFromAccNoTxt' are matched.

2022-06-27 12:58:59 - [TEST_STEP][PASSED] - verifyElementExist(findTestObject("Transfer/transferConfirmationFromAccBalanceTxt"), 0): Element 'Object Repository/Transfer/transferConfirmationFromAccBalanceTxt' is exist

2022-06-27 12:58:59 - [MESSAGE][WARNING] - Timeout '0' is invalid. Using default page load timeout: '40'

2022-06-27 12:58:59 - [MESSAGE][PASSED] - Element 'Object Repository/Transfer/transferConfirmationFromAccBalanceTxt' is exist

2022-06-27 12:58:59 - [TEST_STEP][PASSED] - accountBalance = getText(findTestObject("Transfer/transferConfirmationFromAccBalanceTxt"), 0): Text of element 'Object Repository/Transfer/transferConfirmationFromAccBalanceTxt' is: 'RM 1,938.90'

2022-06-27 12:58:59 - [MESSAGE][WARNING] - Timeout '0' is invalid. Using default page load timeout: '40'

2022-06-27 12:58:59 - [MESSAGE][PASSED] - Text of element 'Object Repository/Transfer/transferConfirmationFromAccBalanceTxt' is: 'RM 1,938.90'

2022-06-27 12:58:59 - [TEST_STEP][PASSED] - println(accountBalance): null

2022-06-27 12:58:59 - [TEST_STEP][PASSED] - tap(findTestObject("Main/mainTransferNowBtn"), 0): Tapped on element 'Object Repository/Main/mainTransferNowBtn'

2022-06-27 12:58:59 - [MESSAGE][WARNING] - Timeout '0' is invalid. Using default page load timeout: '40'

2022-06-27 12:59:00 - [MESSAGE][PASSED] - Tapped on element 'Object Repository/Main/mainTransferNowBtn'

2022-06-27 12:59:00 - [TEST_STEP][PASSED] - if (verifyElementVisible(findTestObject("Festive Season/seasonalGreetingAngpaoTACNoTxt"), 10, OPTIONAL)): Element 'Object Repository/Main/mainS2UApproveBtn' not found

2022-06-27 12:59:10 - [MESSAGE][WARNING] - Element 'Object Repository/Festive Season/seasonalGreetingAngpaoTACNoTxt' not found

2022-06-27 12:59:20 - [MESSAGE][WARNING] - Element 'Object Repository/Main/mainS2UApproveBtn' not found

2022-06-27 12:59:20 - [TEST_STEP][PASSED] - delay(10): Delayed 10 second(s)

2022-06-27 12:59:30 - [MESSAGE][PASSED] - Delayed 10 second(s)

2022-06-27 12:59:30 - [TEST_STEP][PASSED] - verifyElementExist(findTestObject("Festive Season/returnAngpaoStatusMessageTxt"), 0): Element 'Object Repository/Festive Season/returnAngpaoStatusMessageTxt' is exist

2022-06-27 12:59:30 - [MESSAGE][WARNING] - Timeout '0' is invalid. Using default page load timeout: '40'

2022-06-27 12:59:30 - [MESSAGE][PASSED] - Element 'Object Repository/Festive Season/returnAngpaoStatusMessageTxt' is exist

2022-06-27 12:59:30 - [TEST_STEP][PASSED] - message = getText(findTestObject("Festive Season/returnAngpaoStatusMessageTxt"), 0): Text of element 'Object Repository/Festive Season/returnAngpaoStatusMessageTxt' is: 'Transfer failed'

2022-06-27 12:59:30 - [MESSAGE][WARNING] - Timeout '0' is invalid. Using default page load timeout: '40'

2022-06-27 12:59:30 - [MESSAGE][PASSED] - Text of element 'Object Repository/Festive Season/returnAngpaoStatusMessageTxt' is: 'Transfer failed'

2022-06-27 12:59:30 - [TEST_STEP][PASSED] - println(message): null

2022-06-27 12:59:30 - [TEST_STEP][FAILED] - assert message == successTransactionMessage: Test Cases/Transfer/transfer_instantIBGFav FAILED.
Reason:
Assertion failed: 

assert message == successTransactionMessage
       |       |  |
       |       |  Transfer accepted
       |       false
       Transfer failed

	at transfer_instantIBGFav.run(transfer_instantIBGFav:368)
	at com.kms.katalon.core.main.ScriptEngine.run(ScriptEngine.java:194)
	at com.kms.katalon.core.main.ScriptEngine.runScriptAsRawText(ScriptEngine.java:119)
	at com.kms.katalon.core.main.TestCaseExecutor.runScript(TestCaseExecutor.java:445)
	at com.kms.katalon.core.main.TestCaseExecutor.doExecute(TestCaseExecutor.java:436)
	at com.kms.katalon.core.main.TestCaseExecutor.processExecutionPhase(TestCaseExecutor.java:415)
	at com.kms.katalon.core.main.TestCaseExecutor.accessMainPhase(TestCaseExecutor.java:407)
	at com.kms.katalon.core.main.TestCaseExecutor.execute(TestCaseExecutor.java:284)
	at com.kms.katalon.core.common.CommonExecutor.accessTestCaseMainPhase(CommonExecutor.java:65)
	at com.kms.katalon.core.main.TestSuiteExecutor.accessTestSuiteMainPhase(TestSuiteExecutor.java:144)
	at com.kms.katalon.core.main.TestSuiteExecutor.execute(TestSuiteExecutor.java:106)
	at com.kms.katalon.core.main.TestCaseMain.startTestSuite(TestCaseMain.java:185)
	at com.kms.katalon.core.main.TestCaseMain$startTestSuite$0.call(Unknown Source)
	at TempTestSuite1656303798210.run(TempTestSuite1656303798210.groovy:36)


2022-06-27 12:59:30 - [MESSAGE][FAILED] - Test Cases/Transfer/transfer_instantIBGFav FAILED.
Reason:
Assertion failed: 

assert message == successTransactionMessage
       |       |  |
       |       |  Transfer accepted
       |       false
       Transfer failed

	at transfer_instantIBGFav.run(transfer_instantIBGFav:368)
	at com.kms.katalon.core.main.ScriptEngine.run(ScriptEngine.java:194)
	at com.kms.katalon.core.main.ScriptEngine.runScriptAsRawText(ScriptEngine.java:119)
	at com.kms.katalon.core.main.TestCaseExecutor.runScript(TestCaseExecutor.java:445)
	at com.kms.katalon.core.main.TestCaseExecutor.doExecute(TestCaseExecutor.java:436)
	at com.kms.katalon.core.main.TestCaseExecutor.processExecutionPhase(TestCaseExecutor.java:415)
	at com.kms.katalon.core.main.TestCaseExecutor.accessMainPhase(TestCaseExecutor.java:407)
	at com.kms.katalon.core.main.TestCaseExecutor.execute(TestCaseExecutor.java:284)
	at com.kms.katalon.core.common.CommonExecutor.accessTestCaseMainPhase(CommonExecutor.java:65)
	at com.kms.katalon.core.main.TestSuiteExecutor.accessTestSuiteMainPhase(TestSuiteExecutor.java:144)
	at com.kms.katalon.core.main.TestSuiteExecutor.execute(TestSuiteExecutor.java:106)
	at com.kms.katalon.core.main.TestCaseMain.startTestSuite(TestCaseMain.java:185)
	at com.kms.katalon.core.main.TestCaseMain$startTestSuite$0.call(Unknown Source)
	at TempTestSuite1656303798210.run(TempTestSuite1656303798210.groovy:36)]]></system-out>
         <system-err><![CDATA[2022-06-27 12:53:44 - [TEST_CASE][FAILED] - Test Cases/Transfer/transfer_instantIBGFav: Test Cases/Transfer/transfer_instantIBGFav FAILED.
Reason:
com.kms.katalon.core.exception.StepFailedException: Element 'Object Repository/Transfer/transferFavListAccNameTxt' not found
	at com.kms.katalon.core.keyword.internal.KeywordMain.stepFailed(KeywordMain.groovy:39)
	at com.kms.katalon.core.mobile.keyword.internal.MobileKeywordMain.stepFailed(MobileKeywordMain.groovy:40)
	at com.kms.katalon.core.mobile.keyword.builtin.VerifyElementTextKeyword$_verifyElementText_closure1.doCall(VerifyElementTextKeyword.groovy:49)
	at com.kms.katalon.core.mobile.keyword.builtin.VerifyElementTextKeyword$_verifyElementText_closure1.call(VerifyElementTextKeyword.groovy)
	at com.kms.katalon.core.mobile.keyword.internal.MobileKeywordMain.runKeyword(MobileKeywordMain.groovy:21)
	at com.kms.katalon.core.mobile.keyword.builtin.VerifyElementTextKeyword.verifyElementText(VerifyElementTextKeyword.groovy:62)
	at com.kms.katalon.core.mobile.keyword.builtin.VerifyElementTextKeyword.execute(VerifyElementTextKeyword.groovy:39)
	at com.kms.katalon.core.keyword.internal.KeywordExecutor.executeKeywordForPlatform(KeywordExecutor.groovy:74)
	at com.kms.katalon.core.mobile.keyword.MobileBuiltInKeywords.verifyElementText(MobileBuiltInKeywords.groovy:2901)
	at com.kms.katalon.core.mobile.keyword.MobileBuiltInKeywords$verifyElementText$10.call(Unknown Source)
	at transfer_instantIBGFav.run(transfer_instantIBGFav:91)
	at com.kms.katalon.core.main.ScriptEngine.run(ScriptEngine.java:194)
	at com.kms.katalon.core.main.ScriptEngine.runScriptAsRawText(ScriptEngine.java:119)
	at com.kms.katalon.core.main.TestCaseExecutor.runScript(TestCaseExecutor.java:445)
	at com.kms.katalon.core.main.TestCaseExecutor.doExecute(TestCaseExecutor.java:436)
	at com.kms.katalon.core.main.TestCaseExecutor.processExecutionPhase(TestCaseExecutor.java:415)
	at com.kms.katalon.core.main.TestCaseExecutor.accessMainPhase(TestCaseExecutor.java:407)
	at com.kms.katalon.core.main.TestCaseExecutor.execute(TestCaseExecutor.java:284)
	at com.kms.katalon.core.common.CommonExecutor.accessTestCaseMainPhase(CommonExecutor.java:65)
	at com.kms.katalon.core.main.TestSuiteExecutor.accessTestSuiteMainPhase(TestSuiteExecutor.java:144)
	at com.kms.katalon.core.main.TestSuiteExecutor.execute(TestSuiteExecutor.java:106)
	at com.kms.katalon.core.main.TestCaseMain.startTestSuite(TestCaseMain.java:185)
	at com.kms.katalon.core.main.TestCaseMain$startTestSuite$0.call(Unknown Source)
	at TempTestSuite1656303798210.run(TempTestSuite1656303798210.groovy:36)]]></system-err>
      </testcase>
      <system-out><![CDATA[2022-06-27 12:23:26 - [TEST_SUITE][FAILED] - Regress 3: Test Cases/Transfer/transfer_instantTransferIBFT FAILED.
Reason:
com.kms.katalon.core.exception.StepFailedException: Object Object Repository/others/maeTopupAmountTickBtn not found
	at com.kms.katalon.core.keyword.internal.KeywordMain.stepFailed(KeywordMain.groovy:39)
	at com.kms.katalon.core.mobile.keyword.internal.MobileKeywordMain.stepFailed(MobileKeywordMain.groovy:40)
	at com.kms.katalon.core.mobile.keyword.builtin.TapKeyword$_tap_closure1.doCall(TapKeyword.groovy:79)
	at com.kms.katalon.core.mobile.keyword.builtin.TapKeyword$_tap_closure1.call(TapKeyword.groovy)
	at com.kms.katalon.core.mobile.keyword.internal.MobileKeywordMain.runKeyword(MobileKeywordMain.groovy:21)
	at com.kms.katalon.core.mobile.keyword.builtin.TapKeyword.tap(TapKeyword.groovy:84)
	at com.kms.katalon.core.mobile.keyword.builtin.TapKeyword.execute(TapKeyword.groovy:68)
	at com.kms.katalon.core.keyword.internal.KeywordExecutor.executeKeywordForPlatform(KeywordExecutor.groovy:74)
	at com.kms.katalon.core.mobile.keyword.MobileBuiltInKeywords.tap(MobileBuiltInKeywords.groovy:1490)
	at com.kms.katalon.core.mobile.keyword.MobileBuiltInKeywords$tap$4.call(Unknown Source)
	at transfer_instantTransferIBFT.run(transfer_instantTransferIBFT:345)
	at com.kms.katalon.core.main.ScriptEngine.run(ScriptEngine.java:194)
	at com.kms.katalon.core.main.ScriptEngine.runScriptAsRawText(ScriptEngine.java:119)
	at com.kms.katalon.core.main.TestCaseExecutor.runScript(TestCaseExecutor.java:445)
	at com.kms.katalon.core.main.TestCaseExecutor.doExecute(TestCaseExecutor.java:436)
	at com.kms.katalon.core.main.TestCaseExecutor.processExecutionPhase(TestCaseExecutor.java:415)
	at com.kms.katalon.core.main.TestCaseExecutor.accessMainPhase(TestCaseExecutor.java:407)
	at com.kms.katalon.core.main.TestCaseExecutor.execute(TestCaseExecutor.java:284)
	at com.kms.katalon.core.common.CommonExecutor.accessTestCaseMainPhase(CommonExecutor.java:65)
	at com.kms.katalon.core.main.TestSuiteExecutor.accessTestSuiteMainPhase(TestSuiteExecutor.java:144)
	at com.kms.katalon.core.main.TestSuiteExecutor.execute(TestSuiteExecutor.java:106)
	at com.kms.katalon.core.main.TestCaseMain.startTestSuite(TestCaseMain.java:185)
	at com.kms.katalon.core.main.TestCaseMain$startTestSuite$0.call(Unknown Source)
	at TempTestSuite1656303798210.run(TempTestSuite1656303798210.groovy:36)]]></system-out>
      <system-err><![CDATA[2022-06-27 12:23:26 - [TEST_SUITE][FAILED] - Regress 3: Test Cases/Transfer/transfer_instantTransferIBFT FAILED.
Reason:
com.kms.katalon.core.exception.StepFailedException: Object Object Repository/others/maeTopupAmountTickBtn not found
	at com.kms.katalon.core.keyword.internal.KeywordMain.stepFailed(KeywordMain.groovy:39)
	at com.kms.katalon.core.mobile.keyword.internal.MobileKeywordMain.stepFailed(MobileKeywordMain.groovy:40)
	at com.kms.katalon.core.mobile.keyword.builtin.TapKeyword$_tap_closure1.doCall(TapKeyword.groovy:79)
	at com.kms.katalon.core.mobile.keyword.builtin.TapKeyword$_tap_closure1.call(TapKeyword.groovy)
	at com.kms.katalon.core.mobile.keyword.internal.MobileKeywordMain.runKeyword(MobileKeywordMain.groovy:21)
	at com.kms.katalon.core.mobile.keyword.builtin.TapKeyword.tap(TapKeyword.groovy:84)
	at com.kms.katalon.core.mobile.keyword.builtin.TapKeyword.execute(TapKeyword.groovy:68)
	at com.kms.katalon.core.keyword.internal.KeywordExecutor.executeKeywordForPlatform(KeywordExecutor.groovy:74)
	at com.kms.katalon.core.mobile.keyword.MobileBuiltInKeywords.tap(MobileBuiltInKeywords.groovy:1490)
	at com.kms.katalon.core.mobile.keyword.MobileBuiltInKeywords$tap$4.call(Unknown Source)
	at transfer_instantTransferIBFT.run(transfer_instantTransferIBFT:345)
	at com.kms.katalon.core.main.ScriptEngine.run(ScriptEngine.java:194)
	at com.kms.katalon.core.main.ScriptEngine.runScriptAsRawText(ScriptEngine.java:119)
	at com.kms.katalon.core.main.TestCaseExecutor.runScript(TestCaseExecutor.java:445)
	at com.kms.katalon.core.main.TestCaseExecutor.doExecute(TestCaseExecutor.java:436)
	at com.kms.katalon.core.main.TestCaseExecutor.processExecutionPhase(TestCaseExecutor.java:415)
	at com.kms.katalon.core.main.TestCaseExecutor.accessMainPhase(TestCaseExecutor.java:407)
	at com.kms.katalon.core.main.TestCaseExecutor.execute(TestCaseExecutor.java:284)
	at com.kms.katalon.core.common.CommonExecutor.accessTestCaseMainPhase(CommonExecutor.java:65)
	at com.kms.katalon.core.main.TestSuiteExecutor.accessTestSuiteMainPhase(TestSuiteExecutor.java:144)
	at com.kms.katalon.core.main.TestSuiteExecutor.execute(TestSuiteExecutor.java:106)
	at com.kms.katalon.core.main.TestCaseMain.startTestSuite(TestCaseMain.java:185)
	at com.kms.katalon.core.main.TestCaseMain$startTestSuite$0.call(Unknown Source)
	at TempTestSuite1656303798210.run(TempTestSuite1656303798210.groovy:36)]]></system-err>
   </testsuite>
</testsuites>
